{
    "Plan": {
        "Node Type": "Aggregate",
        "Strategy": "Plain",
        "Partial Mode": "Finalize",
        "Parallel Aware": false,
        "Startup Cost": 442071.03,
        "Total Cost": 442071.04,
        "Plan Rows": 1,
        "Plan Width": 8,
        "Actual Startup Time": 2136.859,
        "Actual Total Time": 2189.108,
        "Actual Rows": 1,
        "Actual Loops": 1,
        "Output": [
            "count(*)"
        ],
        "Plans": [
            {
                "Node Type": "Gather",
                "Parent Relationship": "Outer",
                "Parallel Aware": false,
                "Startup Cost": 442070.41,
                "Total Cost": 442071.02,
                "Plan Rows": 6,
                "Plan Width": 8,
                "Actual Startup Time": 2129.503,
                "Actual Total Time": 2189.096,
                "Actual Rows": 7,
                "Actual Loops": 1,
                "Output": [
                    "(PARTIAL count(*))"
                ],
                "Workers Planned": 6,
                "Workers Launched": 6,
                "Single Copy": false,
                "Plans": [
                    {
                        "Node Type": "Aggregate",
                        "Strategy": "Plain",
                        "Partial Mode": "Partial",
                        "Parent Relationship": "Outer",
                        "Parallel Aware": false,
                        "Startup Cost": 441070.41,
                        "Total Cost": 441070.42,
                        "Plan Rows": 1,
                        "Plan Width": 8,
                        "Actual Startup Time": 2118.385,
                        "Actual Total Time": 2118.499,
                        "Actual Rows": 1,
                        "Actual Loops": 7,
                        "Output": [
                            "PARTIAL count(*)"
                        ],
                        "Workers": [
                            {
                                "Worker Number": 0,
                                "Actual Startup Time": 2115.627,
                                "Actual Total Time": 2115.634,
                                "Actual Rows": 1,
                                "Actual Loops": 1
                            },
                            {
                                "Worker Number": 1,
                                "Actual Startup Time": 2115.944,
                                "Actual Total Time": 2115.949,
                                "Actual Rows": 1,
                                "Actual Loops": 1
                            },
                            {
                                "Worker Number": 2,
                                "Actual Startup Time": 2116.555,
                                "Actual Total Time": 2116.562,
                                "Actual Rows": 1,
                                "Actual Loops": 1
                            },
                            {
                                "Worker Number": 3,
                                "Actual Startup Time": 2118.328,
                                "Actual Total Time": 2118.334,
                                "Actual Rows": 1,
                                "Actual Loops": 1
                            },
                            {
                                "Worker Number": 4,
                                "Actual Startup Time": 2117.016,
                                "Actual Total Time": 2117.021,
                                "Actual Rows": 1,
                                "Actual Loops": 1
                            },
                            {
                                "Worker Number": 5,
                                "Actual Startup Time": 2116.76,
                                "Actual Total Time": 2116.766,
                                "Actual Rows": 1,
                                "Actual Loops": 1
                            }
                        ],
                        "Plans": [
                            {
                                "Node Type": "Hash Join",
                                "Parent Relationship": "Outer",
                                "Parallel Aware": true,
                                "Join Type": "Inner",
                                "Startup Cost": 83875.87,
                                "Total Cost": 436489.04,
                                "Plan Rows": 1832547,
                                "Plan Width": 0,
                                "Actual Startup Time": 322.3,
                                "Actual Total Time": 2050.045,
                                "Actual Rows": 1506964,
                                "Actual Loops": 7,
                                "Inner Unique": false,
                                "Hash Cond": "(ci.movie_id = t.id)",
                                "Workers": [
                                    {
                                        "Worker Number": 0,
                                        "Actual Startup Time": 319.762,
                                        "Actual Total Time": 2052.734,
                                        "Actual Rows": 1554586,
                                        "Actual Loops": 1
                                    },
                                    {
                                        "Worker Number": 1,
                                        "Actual Startup Time": 320.141,
                                        "Actual Total Time": 2049.853,
                                        "Actual Rows": 1658050,
                                        "Actual Loops": 1
                                    },
                                    {
                                        "Worker Number": 2,
                                        "Actual Startup Time": 320.77,
                                        "Actual Total Time": 2044.596,
                                        "Actual Rows": 1106063,
                                        "Actual Loops": 1
                                    },
                                    {
                                        "Worker Number": 3,
                                        "Actual Startup Time": 320.8,
                                        "Actual Total Time": 2046.212,
                                        "Actual Rows": 1107868,
                                        "Actual Loops": 1
                                    },
                                    {
                                        "Worker Number": 4,
                                        "Actual Startup Time": 321.158,
                                        "Actual Total Time": 2050.97,
                                        "Actual Rows": 1638640,
                                        "Actual Loops": 1
                                    },
                                    {
                                        "Worker Number": 5,
                                        "Actual Startup Time": 320.919,
                                        "Actual Total Time": 2052.433,
                                        "Actual Rows": 1581766,
                                        "Actual Loops": 1
                                    }
                                ],
                                "Plans": [
                                    {
                                        "Node Type": "Seq Scan",
                                        "Parent Relationship": "Outer",
                                        "Parallel Aware": true,
                                        "Relation Name": "cast_info",
                                        "Schema": "public",
                                        "Alias": "ci",
                                        "Startup Cost": 0.0,
                                        "Total Cost": 328213.62,
                                        "Plan Rows": 5284849,
                                        "Plan Width": 4,
                                        "Actual Startup Time": 0.038,
                                        "Actual Total Time": 744.84,
                                        "Actual Rows": 4515030,
                                        "Actual Loops": 7,
                                        "Output": [
                                            "ci.id",
                                            "ci.person_id",
                                            "ci.movie_id",
                                            "ci.person_role_id",
                                            "ci.note",
                                            "ci.nr_order",
                                            "ci.role_id"
                                        ],
                                        "Filter": "(ci.role_id < 10)",
                                        "Rows Removed by Filter": 662734,
                                        "Workers": [
                                            {
                                                "Worker Number": 0,
                                                "Actual Startup Time": 0.037,
                                                "Actual Total Time": 742.788,
                                                "Actual Rows": 4695672,
                                                "Actual Loops": 1
                                            },
                                            {
                                                "Worker Number": 1,
                                                "Actual Startup Time": 0.045,
                                                "Actual Total Time": 751.378,
                                                "Actual Rows": 4976661,
                                                "Actual Loops": 1
                                            },
                                            {
                                                "Worker Number": 2,
                                                "Actual Startup Time": 0.044,
                                                "Actual Total Time": 765.927,
                                                "Actual Rows": 3297936,
                                                "Actual Loops": 1
                                            },
                                            {
                                                "Worker Number": 3,
                                                "Actual Startup Time": 0.05,
                                                "Actual Total Time": 767.472,
                                                "Actual Rows": 3282599,
                                                "Actual Loops": 1
                                            },
                                            {
                                                "Worker Number": 4,
                                                "Actual Startup Time": 0.038,
                                                "Actual Total Time": 752.056,
                                                "Actual Rows": 4924943,
                                                "Actual Loops": 1
                                            },
                                            {
                                                "Worker Number": 5,
                                                "Actual Startup Time": 0.039,
                                                "Actual Total Time": 743.251,
                                                "Actual Rows": 4705204,
                                                "Actual Loops": 1
                                            }
                                        ]
                                    },
                                    {
                                        "Node Type": "Hash",
                                        "Parent Relationship": "Inner",
                                        "Parallel Aware": true,
                                        "Startup Cost": 81136.16,
                                        "Total Cost": 81136.16,
                                        "Plan Rows": 219177,
                                        "Plan Width": 8,
                                        "Actual Startup Time": 318.998,
                                        "Actual Total Time": 319.11,
                                        "Actual Rows": 79844,
                                        "Actual Loops": 7,
                                        "Output": [
                                            "t.id",
                                            "mc.movie_id"
                                        ],
                                        "Hash Buckets": 1048576,
                                        "Original Hash Buckets": 1048576,
                                        "Hash Batches": 1,
                                        "Original Hash Batches": 1,
                                        "Peak Memory Usage": 30112,
                                        "Workers": [
                                            {
                                                "Worker Number": 0,
                                                "Actual Startup Time": 319.067,
                                                "Actual Total Time": 319.072,
                                                "Actual Rows": 82263,
                                                "Actual Loops": 1
                                            },
                                            {
                                                "Worker Number": 1,
                                                "Actual Startup Time": 319.41,
                                                "Actual Total Time": 319.413,
                                                "Actual Rows": 85636,
                                                "Actual Loops": 1
                                            },
                                            {
                                                "Worker Number": 2,
                                                "Actual Startup Time": 319.903,
                                                "Actual Total Time": 319.907,
                                                "Actual Rows": 61984,
                                                "Actual Loops": 1
                                            },
                                            {
                                                "Worker Number": 3,
                                                "Actual Startup Time": 320.055,
                                                "Actual Total Time": 320.059,
                                                "Actual Rows": 61332,
                                                "Actual Loops": 1
                                            },
                                            {
                                                "Worker Number": 4,
                                                "Actual Startup Time": 320.449,
                                                "Actual Total Time": 320.452,
                                                "Actual Rows": 85792,
                                                "Actual Loops": 1
                                            },
                                            {
                                                "Worker Number": 5,
                                                "Actual Startup Time": 320.144,
                                                "Actual Total Time": 320.148,
                                                "Actual Rows": 82138,
                                                "Actual Loops": 1
                                            }
                                        ],
                                        "Plans": [
                                            {
                                                "Node Type": "Hash Join",
                                                "Parent Relationship": "Outer",
                                                "Parallel Aware": true,
                                                "Join Type": "Inner",
                                                "Startup Cost": 34949.93,
                                                "Total Cost": 81136.16,
                                                "Plan Rows": 219177,
                                                "Plan Width": 8,
                                                "Actual Startup Time": 104.808,
                                                "Actual Total Time": 260.718,
                                                "Actual Rows": 79844,
                                                "Actual Loops": 7,
                                                "Output": [
                                                    "t.id",
                                                    "mc.movie_id"
                                                ],
                                                "Inner Unique": false,
                                                "Hash Cond": "(t.id = mc.movie_id)",
                                                "Workers": [
                                                    {
                                                        "Worker Number": 0,
                                                        "Actual Startup Time": 104.797,
                                                        "Actual Total Time": 261.52,
                                                        "Actual Rows": 82263,
                                                        "Actual Loops": 1
                                                    },
                                                    {
                                                        "Worker Number": 1,
                                                        "Actual Startup Time": 104.768,
                                                        "Actual Total Time": 260.694,
                                                        "Actual Rows": 85636,
                                                        "Actual Loops": 1
                                                    },
                                                    {
                                                        "Worker Number": 2,
                                                        "Actual Startup Time": 104.793,
                                                        "Actual Total Time": 261.959,
                                                        "Actual Rows": 61984,
                                                        "Actual Loops": 1
                                                    },
                                                    {
                                                        "Worker Number": 3,
                                                        "Actual Startup Time": 104.841,
                                                        "Actual Total Time": 261.249,
                                                        "Actual Rows": 61332,
                                                        "Actual Loops": 1
                                                    },
                                                    {
                                                        "Worker Number": 4,
                                                        "Actual Startup Time": 104.773,
                                                        "Actual Total Time": 260.185,
                                                        "Actual Rows": 85792,
                                                        "Actual Loops": 1
                                                    },
                                                    {
                                                        "Worker Number": 5,
                                                        "Actual Startup Time": 104.783,
                                                        "Actual Total Time": 260.696,
                                                        "Actual Rows": 82138,
                                                        "Actual Loops": 1
                                                    }
                                                ],
                                                "Plans": [
                                                    {
                                                        "Node Type": "Seq Scan",
                                                        "Parent Relationship": "Outer",
                                                        "Parallel Aware": true,
                                                        "Relation Name": "title",
                                                        "Schema": "public",
                                                        "Alias": "t",
                                                        "Startup Cost": 0.0,
                                                        "Total Cost": 42318.81,
                                                        "Plan Rows": 632080,
                                                        "Plan Width": 4,
                                                        "Actual Startup Time": 0.023,
                                                        "Actual Total Time": 55.692,
                                                        "Actual Rows": 361187,
                                                        "Actual Loops": 7,
                                                        "Output": [
                                                            "t.id",
                                                            "t.title",
                                                            "t.imdb_index",
                                                            "t.kind_id",
                                                            "t.production_year",
                                                            "t.imdb_id",
                                                            "t.phonetic_code",
                                                            "t.episode_of_id",
                                                            "t.season_nr",
                                                            "t.episode_nr",
                                                            "t.series_years",
                                                            "t.md5sum"
                                                        ],
                                                        "Workers": [
                                                            {
                                                                "Worker Number": 0,
                                                                "Actual Startup Time": 0.025,
                                                                "Actual Total Time": 57.265,
                                                                "Actual Rows": 373602,
                                                                "Actual Loops": 1
                                                            },
                                                            {
                                                                "Worker Number": 1,
                                                                "Actual Startup Time": 0.021,
                                                                "Actual Total Time": 57.18,
                                                                "Actual Rows": 385715,
                                                                "Actual Loops": 1
                                                            },
                                                            {
                                                                "Worker Number": 2,
                                                                "Actual Startup Time": 0.031,
                                                                "Actual Total Time": 59.548,
                                                                "Actual Rows": 279314,
                                                                "Actual Loops": 1
                                                            },
                                                            {
                                                                "Worker Number": 3,
                                                                "Actual Startup Time": 0.031,
                                                                "Actual Total Time": 59.602,
                                                                "Actual Rows": 275841,
                                                                "Actual Loops": 1
                                                            },
                                                            {
                                                                "Worker Number": 4,
                                                                "Actual Startup Time": 0.024,
                                                                "Actual Total Time": 56.965,
                                                                "Actual Rows": 385775,
                                                                "Actual Loops": 1
                                                            },
                                                            {
                                                                "Worker Number": 5,
                                                                "Actual Startup Time": 0.026,
                                                                "Actual Total Time": 57.382,
                                                                "Actual Rows": 371499,
                                                                "Actual Loops": 1
                                                            }
                                                        ]
                                                    },
                                                    {
                                                        "Node Type": "Hash",
                                                        "Parent Relationship": "Inner",
                                                        "Parallel Aware": true,
                                                        "Startup Cost": 31414.82,
                                                        "Total Cost": 31414.82,
                                                        "Plan Rows": 282809,
                                                        "Plan Width": 4,
                                                        "Actual Startup Time": 103.341,
                                                        "Actual Total Time": 103.342,
                                                        "Actual Rows": 79844,
                                                        "Actual Loops": 7,
                                                        "Output": [
                                                            "mc.movie_id"
                                                        ],
                                                        "Hash Buckets": 1048576,
                                                        "Original Hash Buckets": 1048576,
                                                        "Hash Batches": 1,
                                                        "Original Hash Batches": 1,
                                                        "Peak Memory Usage": 30176,
                                                        "Workers": [
                                                            {
                                                                "Worker Number": 0,
                                                                "Actual Startup Time": 104.669,
                                                                "Actual Total Time": 104.67,
                                                                "Actual Rows": 82396,
                                                                "Actual Loops": 1
                                                            },
                                                            {
                                                                "Worker Number": 1,
                                                                "Actual Startup Time": 104.636,
                                                                "Actual Total Time": 104.637,
                                                                "Actual Rows": 85360,
                                                                "Actual Loops": 1
                                                            },
                                                            {
                                                                "Worker Number": 2,
                                                                "Actual Startup Time": 104.684,
                                                                "Actual Total Time": 104.686,
                                                                "Actual Rows": 58427,
                                                                "Actual Loops": 1
                                                            },
                                                            {
                                                                "Worker Number": 3,
                                                                "Actual Startup Time": 104.686,
                                                                "Actual Total Time": 104.687,
                                                                "Actual Rows": 58510,
                                                                "Actual Loops": 1
                                                            },
                                                            {
                                                                "Worker Number": 4,
                                                                "Actual Startup Time": 104.623,
                                                                "Actual Total Time": 104.624,
                                                                "Actual Rows": 85914,
                                                                "Actual Loops": 1
                                                            },
                                                            {
                                                                "Worker Number": 5,
                                                                "Actual Startup Time": 104.636,
                                                                "Actual Total Time": 104.638,
                                                                "Actual Rows": 82163,
                                                                "Actual Loops": 1
                                                            }
                                                        ],
                                                        "Plans": [
                                                            {
                                                                "Node Type": "Seq Scan",
                                                                "Parent Relationship": "Outer",
                                                                "Parallel Aware": true,
                                                                "Relation Name": "movie_companies",
                                                                "Schema": "public",
                                                                "Alias": "mc",
                                                                "Startup Cost": 0.0,
                                                                "Total Cost": 31414.82,
                                                                "Plan Rows": 282809,
                                                                "Plan Width": 4,
                                                                "Actual Startup Time": 41.099,
                                                                "Actual Total Time": 65.869,
                                                                "Actual Rows": 79844,
                                                                "Actual Loops": 7,
                                                                "Output": [
                                                                    "mc.movie_id"
                                                                ],
                                                                "Filter": "((mc.company_id < 21923) AND (mc.company_type_id > 1))",
                                                                "Rows Removed by Filter": 292888,
                                                                "Workers": [
                                                                    {
                                                                        "Worker Number": 0,
                                                                        "Actual Startup Time": 41.103,
                                                                        "Actual Total Time": 66.172,
                                                                        "Actual Rows": 82396,
                                                                        "Actual Loops": 1
                                                                    },
                                                                    {
                                                                        "Worker Number": 1,
                                                                        "Actual Startup Time": 41.104,
                                                                        "Actual Total Time": 65.357,
                                                                        "Actual Rows": 85360,
                                                                        "Actual Loops": 1
                                                                    },
                                                                    {
                                                                        "Worker Number": 2,
                                                                        "Actual Startup Time": 41.072,
                                                                        "Actual Total Time": 67.236,
                                                                        "Actual Rows": 58427,
                                                                        "Actual Loops": 1
                                                                    },
                                                                    {
                                                                        "Worker Number": 3,
                                                                        "Actual Startup Time": 41.12,
                                                                        "Actual Total Time": 67.274,
                                                                        "Actual Rows": 58510,
                                                                        "Actual Loops": 1
                                                                    },
                                                                    {
                                                                        "Worker Number": 4,
                                                                        "Actual Startup Time": 41.082,
                                                                        "Actual Total Time": 65.68,
                                                                        "Actual Rows": 85914,
                                                                        "Actual Loops": 1
                                                                    },
                                                                    {
                                                                        "Worker Number": 5,
                                                                        "Actual Startup Time": 41.071,
                                                                        "Actual Total Time": 65.68,
                                                                        "Actual Rows": 82163,
                                                                        "Actual Loops": 1
                                                                    }
                                                                ]
                                                            }
                                                        ]
                                                    }
                                                ]
                                            }
                                        ]
                                    }
                                ]
                            }
                        ]
                    }
                ]
            }
        ]
    },
    "Planning Time": 1.587,
    "Triggers": [],
    "Execution Time": 2189.211
}