[
  {
    "Plan": {
      "Node Type": "Aggregate",
      "Strategy": "Plain",
      "Partial Mode": "Finalize",
      "Parallel Aware": false,
      "Startup Cost": 335192.82,
      "Total Cost": 335192.83,
      "Plan Rows": 1,
      "Plan Width": 8,
      "Actual Startup Time": 658.773,
      "Actual Total Time": 712.624,
      "Actual Rows": 1,
      "Actual Loops": 1,
      "Plans": [
        {
          "Node Type": "Gather",
          "Parent Relationship": "Outer",
          "Parallel Aware": false,
          "Startup Cost": 335192.2,
          "Total Cost": 335192.81,
          "Plan Rows": 6,
          "Plan Width": 8,
          "Actual Startup Time": 658.666,
          "Actual Total Time": 712.615,
          "Actual Rows": 7,
          "Actual Loops": 1,
          "Workers Planned": 6,
          "Workers Launched": 6,
          "Single Copy": false,
          "Plans": [
            {
              "Node Type": "Aggregate",
              "Strategy": "Plain",
              "Partial Mode": "Partial",
              "Parent Relationship": "Outer",
              "Parallel Aware": false,
              "Startup Cost": 334192.2,
              "Total Cost": 334192.21,
              "Plan Rows": 1,
              "Plan Width": 8,
              "Actual Startup Time": 648.715,
              "Actual Total Time": 648.716,
              "Actual Rows": 1,
              "Actual Loops": 7,
              "Plans": [
                {
                  "Node Type": "Seq Scan",
                  "Parent Relationship": "Outer",
                  "Parallel Aware": true,
                  "Relation Name": "cast_info",
                  "Alias": "ci",
                  "Startup Cost": 0.0,
                  "Total Cost": 328162.03,
                  "Plan Rows": 2412069,
                  "Plan Width": 0,
                  "Actual Startup Time": 238.527,
                  "Actual Total Time": 564.897,
                  "Actual Rows": 2059050,
                  "Actual Loops": 7,
                  "Filter": "(person_id > 2219467)",
                  "Rows Removed by Filter": 3118713
                }
              ]
            }
          ]
        }
      ]
    },
    "Planning Time": 0.222,
    "Triggers": [],
    "Execution Time": 712.697
  }
]