[
  {
    "Plan": {
      "Node Type": "Aggregate",
      "Strategy": "Plain",
      "Partial Mode": "Finalize",
      "Parallel Aware": false,
      "Startup Cost": 44887.05,
      "Total Cost": 44887.06,
      "Plan Rows": 1,
      "Plan Width": 8,
      "Actual Startup Time": 110.067,
      "Actual Total Time": 117.512,
      "Actual Rows": 1,
      "Actual Loops": 1,
      "Plans": [
        {
          "Node Type": "Gather",
          "Parent Relationship": "Outer",
          "Parallel Aware": false,
          "Startup Cost": 44886.74,
          "Total Cost": 44887.05,
          "Plan Rows": 3,
          "Plan Width": 8,
          "Actual Startup Time": 109.951,
          "Actual Total Time": 117.505,
          "Actual Rows": 4,
          "Actual Loops": 1,
          "Workers Planned": 3,
          "Workers Launched": 3,
          "Single Copy": false,
          "Plans": [
            {
              "Node Type": "Aggregate",
              "Strategy": "Plain",
              "Partial Mode": "Partial",
              "Parent Relationship": "Outer",
              "Parallel Aware": false,
              "Startup Cost": 43886.74,
              "Total Cost": 43886.75,
              "Plan Rows": 1,
              "Plan Width": 8,
              "Actual Startup Time": 107.038,
              "Actual Total Time": 107.039,
              "Actual Rows": 1,
              "Actual Loops": 4,
              "Plans": [
                {
                  "Node Type": "Seq Scan",
                  "Parent Relationship": "Outer",
                  "Parallel Aware": true,
                  "Relation Name": "movie_keyword",
                  "Alias": "mk",
                  "Startup Cost": 0.0,
                  "Total Cost": 42695.65,
                  "Plan Rows": 476433,
                  "Plan Width": 0,
                  "Actual Startup Time": 0.018,
                  "Actual Total Time": 90.843,
                  "Actual Rows": 367738,
                  "Actual Loops": 4,
                  "Filter": "(keyword_id < 2102)",
                  "Rows Removed by Filter": 763244
                }
              ]
            }
          ]
        }
      ]
    },
    "Planning Time": 0.085,
    "Triggers": [],
    "Execution Time": 117.54
  }
]