{
  "Plan": {
    "Node Type": "Aggregate",
    "Strategy": "Plain",
    "Partial Mode": "Finalize",
    "Parallel Aware": false,
    "Startup Cost": 475175.68,
    "Total Cost": 475175.69,
    "Plan Rows": 1,
    "Plan Width": 8,
    "Actual Startup Time": 2118.259,
    "Actual Total Time": 2143.364,
    "Actual Rows": 1,
    "Actual Loops": 1,
    "Plans": [
      {
        "Node Type": "Gather",
        "Parent Relationship": "Outer",
        "Parallel Aware": false,
        "Startup Cost": 475175.57,
        "Total Cost": 475175.68,
        "Plan Rows": 1,
        "Plan Width": 8,
        "Actual Startup Time": 2112.319,
        "Actual Total Time": 2143.353,
        "Actual Rows": 2,
        "Actual Loops": 1,
        "Workers Planned": 1,
        "Workers Launched": 1,
        "Single Copy": false,
        "Plans": [
          {
            "Node Type": "Aggregate",
            "Strategy": "Plain",
            "Partial Mode": "Partial",
            "Parent Relationship": "Outer",
            "Parallel Aware": false,
            "Startup Cost": 474175.57,
            "Total Cost": 474175.58,
            "Plan Rows": 1,
            "Plan Width": 8,
            "Actual Startup Time": 2100.687,
            "Actual Total Time": 2100.691,
            "Actual Rows": 1,
            "Actual Loops": 2,
            "Plans": [
              {
                "Node Type": "Hash Join",
                "Parent Relationship": "Outer",
                "Parallel Aware": true,
                "Join Type": "Inner",
                "Startup Cost": 171430.96,
                "Total Cost": 469706.72,
                "Plan Rows": 1787539,
                "Plan Width": 0,
                "Actual Startup Time": 770.317,
                "Actual Total Time": 2007.965,
                "Actual Rows": 2219560,
                "Actual Loops": 2,
                "Inner Unique": true,
                "Hash Cond": "(ci.movie_id = t.id)",
                "Plans": [
                  {
                    "Node Type": "Bitmap Heap Scan",
                    "Parent Relationship": "Outer",
                    "Parallel Aware": true,
                    "Relation Name": "cast_info",
                    "Alias": "ci",
                    "Startup Cost": 101970.26,
                    "Total Cost": 395553.72,
                    "Plan Rows": 1787539,
                    "Plan Width": 4,
                    "Actual Startup Time": 239.332,
                    "Actual Total Time": 572.789,
                    "Actual Rows": 2219560,
                    "Actual Loops": 2,
                    "Recheck Cond": "(person_id > 3250944)",
                    "Rows Removed by Index Recheck": 0,
                    "Filter": "(role_id > 1)",
                    "Rows Removed by Filter": 0,
                    "Exact Heap Blocks": 31316,
                    "Lossy Heap Blocks": 0,
                    "Plans": [
                      {
                        "Node Type": "Bitmap Index Scan",
                        "Parent Relationship": "Outer",
                        "Parallel Aware": false,
                        "Index Name": "person_id_cast_info",
                        "Startup Cost": 0.0,
                        "Total Cost": 101210.55,
                        "Plan Rows": 4634932,
                        "Plan Width": 0,
                        "Actual Startup Time": 228.065,
                        "Actual Total Time": 228.066,
                        "Actual Rows": 4439121,
                        "Actual Loops": 1,
                        "Index Cond": "(person_id > 3250944)"
                      }
                    ]
                  },
                  {
                    "Node Type": "Hash",
                    "Parent Relationship": "Inner",
                    "Parallel Aware": true,
                    "Startup Cost": 50870.31,
                    "Total Cost": 50870.31,
                    "Plan Rows": 1487231,
                    "Plan Width": 4,
                    "Actual Startup Time": 508.921,
                    "Actual Total Time": 508.922,
                    "Actual Rows": 1264156,
                    "Actual Loops": 2,
                    "Hash Buckets": 4194304,
                    "Original Hash Buckets": 4194304,
                    "Hash Batches": 1,
                    "Original Hash Batches": 1,
                    "Peak Memory Usage": 131712,
                    "Plans": [
                      {
                        "Node Type": "Seq Scan",
                        "Parent Relationship": "Outer",
                        "Parallel Aware": true,
                        "Relation Name": "title",
                        "Alias": "t",
                        "Startup Cost": 0.0,
                        "Total Cost": 50870.31,
                        "Plan Rows": 1487231,
                        "Plan Width": 4,
                        "Actual Startup Time": 0.025,
                        "Actual Total Time": 150.922,
                        "Actual Rows": 1264156,
                        "Actual Loops": 2
                      }
                    ]
                  }
                ]
              }
            ]
          }
        ]
      }
    ]
  },
  "Planning Time": 0.497,
  "Triggers": [],
  "Execution Time": 2143.442
}