[
  {
    "Plan": {
      "Node Type": "Aggregate",
      "Strategy": "Plain",
      "Partial Mode": "Finalize",
      "Parallel Aware": false,
      "Startup Cost": 382614.55,
      "Total Cost": 382614.56,
      "Plan Rows": 1,
      "Plan Width": 8,
      "Actual Startup Time": 1316.587,
      "Actual Total Time": 1369.097,
      "Actual Rows": 1,
      "Actual Loops": 1,
      "Plans": [
        {
          "Node Type": "Gather",
          "Parent Relationship": "Outer",
          "Parallel Aware": false,
          "Startup Cost": 382613.92,
          "Total Cost": 382614.53,
          "Plan Rows": 6,
          "Plan Width": 8,
          "Actual Startup Time": 1310.178,
          "Actual Total Time": 1369.085,
          "Actual Rows": 7,
          "Actual Loops": 1,
          "Workers Planned": 6,
          "Workers Launched": 6,
          "Single Copy": false,
          "Plans": [
            {
              "Node Type": "Aggregate",
              "Strategy": "Plain",
              "Partial Mode": "Partial",
              "Parent Relationship": "Outer",
              "Parallel Aware": false,
              "Startup Cost": 381613.92,
              "Total Cost": 381613.93,
              "Plan Rows": 1,
              "Plan Width": 8,
              "Actual Startup Time": 1297.647,
              "Actual Total Time": 1297.65,
              "Actual Rows": 1,
              "Actual Loops": 7,
              "Plans": [
                {
                  "Node Type": "Hash Join",
                  "Parent Relationship": "Outer",
                  "Parallel Aware": true,
                  "Join Type": "Inner",
                  "Startup Cost": 48100.0,
                  "Total Cost": 379831.57,
                  "Plan Rows": 712942,
                  "Plan Width": 0,
                  "Actual Startup Time": 192.767,
                  "Actual Total Time": 1263.383,
                  "Actual Rows": 653205,
                  "Actual Loops": 7,
                  "Inner Unique": true,
                  "Hash Cond": "(ci.movie_id = t.id)",
                  "Plans": [
                    {
                      "Node Type": "Seq Scan",
                      "Parent Relationship": "Outer",
                      "Parallel Aware": true,
                      "Relation Name": "cast_info",
                      "Alias": "ci",
                      "Startup Cost": 0.0,
                      "Total Cost": 328211.39,
                      "Plan Rows": 1341017,
                      "Plan Width": 4,
                      "Actual Startup Time": 0.039,
                      "Actual Total Time": 614.358,
                      "Actual Rows": 1166801,
                      "Actual Loops": 7,
                      "Filter": "(person_id < 798531)",
                      "Rows Removed by Filter": 4010963
                    },
                    {
                      "Node Type": "Hash",
                      "Parent Relationship": "Inner",
                      "Parallel Aware": true,
                      "Startup Cost": 43899.32,
                      "Total Cost": 43899.32,
                      "Plan Rows": 336054,
                      "Plan Width": 4,
                      "Actual Startup Time": 188.741,
                      "Actual Total Time": 188.742,
                      "Actual Rows": 192613,
                      "Actual Loops": 7,
                      "Hash Buckets": 2097152,
                      "Original Hash Buckets": 2097152,
                      "Hash Batches": 1,
                      "Original Hash Batches": 1,
                      "Peak Memory Usage": 69248,
                      "Plans": [
                        {
                          "Node Type": "Seq Scan",
                          "Parent Relationship": "Outer",
                          "Parallel Aware": true,
                          "Relation Name": "title",
                          "Alias": "t",
                          "Startup Cost": 0.0,
                          "Total Cost": 43899.32,
                          "Plan Rows": 336054,
                          "Plan Width": 4,
                          "Actual Startup Time": 0.047,
                          "Actual Total Time": 86.179,
                          "Actual Rows": 192613,
                          "Actual Loops": 7,
                          "Filter": "(production_year < 2005)",
                          "Rows Removed by Filter": 168574
                        }
                      ]
                    }
                  ]
                }
              ]
            }
          ]
        }
      ]
    },
    "Planning Time": 0.233,
    "Triggers": [],
    "Execution Time": 1369.141
  }
]