[
  {
    "Plan": {
      "Node Type": "Aggregate",
      "Strategy": "Plain",
      "Partial Mode": "Finalize",
      "Parallel Aware": false,
      "Startup Cost": 173520.67,
      "Total Cost": 173520.68,
      "Plan Rows": 1,
      "Plan Width": 8,
      "Actual Startup Time": 124.895,
      "Actual Total Time": 145.294,
      "Actual Rows": 1,
      "Actual Loops": 1,
      "Plans": [
        {
          "Node Type": "Gather",
          "Parent Relationship": "Outer",
          "Parallel Aware": false,
          "Startup Cost": 173520.25,
          "Total Cost": 173520.66,
          "Plan Rows": 4,
          "Plan Width": 8,
          "Actual Startup Time": 124.782,
          "Actual Total Time": 145.286,
          "Actual Rows": 5,
          "Actual Loops": 1,
          "Workers Planned": 4,
          "Workers Launched": 4,
          "Single Copy": false,
          "Plans": [
            {
              "Node Type": "Aggregate",
              "Strategy": "Plain",
              "Partial Mode": "Partial",
              "Parent Relationship": "Outer",
              "Parallel Aware": false,
              "Startup Cost": 172520.25,
              "Total Cost": 172520.26,
              "Plan Rows": 1,
              "Plan Width": 8,
              "Actual Startup Time": 115.027,
              "Actual Total Time": 115.029,
              "Actual Rows": 1,
              "Actual Loops": 5,
              "Plans": [
                {
                  "Node Type": "Nested Loop",
                  "Parent Relationship": "Outer",
                  "Parallel Aware": false,
                  "Join Type": "Inner",
                  "Startup Cost": 0.43,
                  "Total Cost": 172518.46,
                  "Plan Rows": 715,
                  "Plan Width": 0,
                  "Actual Startup Time": 58.334,
                  "Actual Total Time": 114.895,
                  "Actual Rows": 1097,
                  "Actual Loops": 5,
                  "Inner Unique": false,
                  "Plans": [
                    {
                      "Node Type": "Seq Scan",
                      "Parent Relationship": "Outer",
                      "Parallel Aware": true,
                      "Relation Name": "title",
                      "Alias": "t",
                      "Startup Cost": 0.0,
                      "Total Cost": 45479.1,
                      "Plan Rows": 1177,
                      "Plan Width": 4,
                      "Actual Startup Time": 57.2,
                      "Actual Total Time": 83.8,
                      "Actual Rows": 903,
                      "Actual Loops": 5,
                      "Filter": "((kind_id = 1) AND (production_year = 1984))",
                      "Rows Removed by Filter": 504760
                    },
                    {
                      "Node Type": "Index Scan",
                      "Parent Relationship": "Inner",
                      "Parallel Aware": false,
                      "Scan Direction": "Forward",
                      "Index Name": "movie_id_movie_info",
                      "Relation Name": "movie_info",
                      "Alias": "mi",
                      "Startup Cost": 0.43,
                      "Total Cost": 107.89,
                      "Plan Rows": 4,
                      "Plan Width": 4,
                      "Actual Startup Time": 0.034,
                      "Actual Total Time": 0.034,
                      "Actual Rows": 1,
                      "Actual Loops": 4514,
                      "Index Cond": "(movie_id = t.id)",
                      "Rows Removed by Index Recheck": 0,
                      "Filter": "(info_type_id = 3)",
                      "Rows Removed by Filter": 11
                    }
                  ]
                }
              ]
            }
          ]
        }
      ]
    },
    "Planning Time": 0.646,
    "Triggers": [],
    "Execution Time": 145.371
  }
]