{
  "Plan": {
    "Node Type": "Aggregate",
    "Strategy": "Plain",
    "Partial Mode": "Finalize",
    "Parallel Aware": false,
    "Startup Cost": 411190.81,
    "Total Cost": 411190.82,
    "Plan Rows": 1,
    "Plan Width": 8,
    "Actual Startup Time": 814.732,
    "Actual Total Time": 833.294,
    "Actual Rows": 1,
    "Actual Loops": 1,
    "Plans": [
      {
        "Node Type": "Gather",
        "Parent Relationship": "Outer",
        "Parallel Aware": false,
        "Startup Cost": 411190.7,
        "Total Cost": 411190.81,
        "Plan Rows": 1,
        "Plan Width": 8,
        "Actual Startup Time": 811.853,
        "Actual Total Time": 833.276,
        "Actual Rows": 2,
        "Actual Loops": 1,
        "Workers Planned": 1,
        "Workers Launched": 1,
        "Single Copy": false,
        "Plans": [
          {
            "Node Type": "Aggregate",
            "Strategy": "Plain",
            "Partial Mode": "Partial",
            "Parent Relationship": "Outer",
            "Parallel Aware": false,
            "Startup Cost": 410190.7,
            "Total Cost": 410190.71,
            "Plan Rows": 1,
            "Plan Width": 8,
            "Actual Startup Time": 807.018,
            "Actual Total Time": 807.025,
            "Actual Rows": 1,
            "Actual Loops": 2,
            "Plans": [
              {
                "Node Type": "Hash Join",
                "Parent Relationship": "Outer",
                "Parallel Aware": true,
                "Join Type": "Inner",
                "Startup Cost": 128496.06,
                "Total Cost": 409593.74,
                "Plan Rows": 238784,
                "Plan Width": 0,
                "Actual Startup Time": 606.883,
                "Actual Total Time": 799.667,
                "Actual Rows": 137044,
                "Actual Loops": 2,
                "Inner Unique": true,
                "Hash Cond": "(ci.movie_id = t.id)",
                "Plans": [
                  {
                    "Node Type": "Bitmap Heap Scan",
                    "Parent Relationship": "Outer",
                    "Parallel Aware": true,
                    "Relation Name": "cast_info",
                    "Alias": "ci",
                    "Startup Cost": 66617.76,
                    "Total Cost": 346116.98,
                    "Plan Rows": 608935,
                    "Plan Width": 4,
                    "Actual Startup Time": 259.176,
                    "Actual Total Time": 328.605,
                    "Actual Rows": 318661,
                    "Actual Loops": 2,
                    "Recheck Cond": "(person_id < 300818)",
                    "Rows Removed by Index Recheck": 0,
                    "Filter": "(role_id > 3)",
                    "Rows Removed by Filter": 1234658,
                    "Exact Heap Blocks": 20630,
                    "Lossy Heap Blocks": 0,
                    "Plans": [
                      {
                        "Node Type": "Bitmap Index Scan",
                        "Parent Relationship": "Outer",
                        "Parallel Aware": false,
                        "Index Name": "person_id_cast_info",
                        "Startup Cost": 0.0,
                        "Total Cost": 66358.96,
                        "Plan Rows": 3038719,
                        "Plan Width": 0,
                        "Actual Startup Time": 102.673,
                        "Actual Total Time": 102.674,
                        "Actual Rows": 3106637,
                        "Actual Loops": 1,
                        "Index Cond": "(person_id < 300818)"
                      }
                    ]
                  },
                  {
                    "Node Type": "Hash",
                    "Parent Relationship": "Inner",
                    "Parallel Aware": true,
                    "Startup Cost": 54588.39,
                    "Total Cost": 54588.39,
                    "Plan Rows": 583193,
                    "Plan Width": 4,
                    "Actual Startup Time": 338.878,
                    "Actual Total Time": 338.879,
                    "Actual Rows": 492524,
                    "Actual Loops": 2,
                    "Hash Buckets": 1048576,
                    "Original Hash Buckets": 1048576,
                    "Hash Batches": 1,
                    "Original Hash Batches": 1,
                    "Peak Memory Usage": 46752,
                    "Plans": [
                      {
                        "Node Type": "Seq Scan",
                        "Parent Relationship": "Outer",
                        "Parallel Aware": true,
                        "Relation Name": "title",
                        "Alias": "t",
                        "Startup Cost": 0.0,
                        "Total Cost": 54588.39,
                        "Plan Rows": 583193,
                        "Plan Width": 4,
                        "Actual Startup Time": 0.025,
                        "Actual Total Time": 179.522,
                        "Actual Rows": 492524,
                        "Actual Loops": 2,
                        "Filter": "(kind_id < 7)",
                        "Rows Removed by Filter": 771632
                      }
                    ]
                  }
                ]
              }
            ]
          }
        ]
      }
    ]
  },
  "Planning Time": 0.722,
  "Triggers": [],
  "Execution Time": 833.408
}