[
    {
        "Bao": {
            "Bao prediction": "NaN",
            "Bao recommended hint": "(no hint)"
        }
    },
    {
        "Plan": {
            "Node Type": "Aggregate",
            "Strategy": "Plain",
            "Partial Mode": "Finalize",
            "Parallel Aware": false,
            "Startup Cost": 96478.26,
            "Total Cost": 96478.27,
            "Plan Rows": 1,
            "Plan Width": 8,
            "Actual Startup Time": 558.91,
            "Actual Total Time": 573.585,
            "Actual Rows": 1,
            "Actual Loops": 1,
            "Output": [
                "count(*)"
            ],
            "Plans": [
                {
                    "Node Type": "Gather",
                    "Parent Relationship": "Outer",
                    "Parallel Aware": false,
                    "Startup Cost": 96477.95,
                    "Total Cost": 96478.26,
                    "Plan Rows": 3,
                    "Plan Width": 8,
                    "Actual Startup Time": 551.907,
                    "Actual Total Time": 573.575,
                    "Actual Rows": 4,
                    "Actual Loops": 1,
                    "Output": [
                        "(PARTIAL count(*))"
                    ],
                    "Workers Planned": 3,
                    "Workers Launched": 3,
                    "Single Copy": false,
                    "Plans": [
                        {
                            "Node Type": "Aggregate",
                            "Strategy": "Plain",
                            "Partial Mode": "Partial",
                            "Parent Relationship": "Outer",
                            "Parallel Aware": false,
                            "Startup Cost": 95477.95,
                            "Total Cost": 95477.96,
                            "Plan Rows": 1,
                            "Plan Width": 8,
                            "Actual Startup Time": 540.634,
                            "Actual Total Time": 540.638,
                            "Actual Rows": 1,
                            "Actual Loops": 4,
                            "Output": [
                                "PARTIAL count(*)"
                            ],
                            "Workers": [
                                {
                                    "Worker Number": 0,
                                    "Actual Startup Time": 537.848,
                                    "Actual Total Time": 537.85,
                                    "Actual Rows": 1,
                                    "Actual Loops": 1
                                },
                                {
                                    "Worker Number": 1,
                                    "Actual Startup Time": 536.668,
                                    "Actual Total Time": 536.671,
                                    "Actual Rows": 1,
                                    "Actual Loops": 1
                                },
                                {
                                    "Worker Number": 2,
                                    "Actual Startup Time": 536.799,
                                    "Actual Total Time": 536.802,
                                    "Actual Rows": 1,
                                    "Actual Loops": 1
                                }
                            ],
                            "Plans": [
                                {
                                    "Node Type": "Hash Join",
                                    "Parent Relationship": "Outer",
                                    "Parallel Aware": true,
                                    "Join Type": "Inner",
                                    "Startup Cost": 49115.06,
                                    "Total Cost": 94062.29,
                                    "Plan Rows": 566262,
                                    "Plan Width": 0,
                                    "Actual Startup Time": 286.091,
                                    "Actual Total Time": 520.921,
                                    "Actual Rows": 381372,
                                    "Actual Loops": 4,
                                    "Inner Unique": true,
                                    "Hash Cond": "(mk.movie_id = t.id)",
                                    "Workers": [
                                        {
                                            "Worker Number": 0,
                                            "Actual Startup Time": 282.489,
                                            "Actual Total Time": 517.341,
                                            "Actual Rows": 295827,
                                            "Actual Loops": 1
                                        },
                                        {
                                            "Worker Number": 1,
                                            "Actual Startup Time": 282.425,
                                            "Actual Total Time": 517.499,
                                            "Actual Rows": 450242,
                                            "Actual Loops": 1
                                        },
                                        {
                                            "Worker Number": 2,
                                            "Actual Startup Time": 282.497,
                                            "Actual Total Time": 516.33,
                                            "Actual Rows": 295203,
                                            "Actual Loops": 1
                                        }
                                    ],
                                    "Plans": [
                                        {
                                            "Node Type": "Seq Scan",
                                            "Parent Relationship": "Outer",
                                            "Parallel Aware": true,
                                            "Relation Name": "movie_keyword",
                                            "Schema": "public",
                                            "Alias": "mk",
                                            "Startup Cost": 0.0,
                                            "Total Cost": 42695.65,
                                            "Plan Rows": 857745,
                                            "Plan Width": 4,
                                            "Actual Startup Time": 0.014,
                                            "Actual Total Time": 119.899,
                                            "Actual Rows": 669465,
                                            "Actual Loops": 4,
                                            "Output": [
                                                "mk.id",
                                                "mk.movie_id",
                                                "mk.keyword_id"
                                            ],
                                            "Filter": "(mk.keyword_id < 7508)",
                                            "Rows Removed by Filter": 461518,
                                            "Workers": [
                                                {
                                                    "Worker Number": 0,
                                                    "Actual Startup Time": 0.016,
                                                    "Actual Total Time": 123.316,
                                                    "Actual Rows": 516687,
                                                    "Actual Loops": 1
                                                },
                                                {
                                                    "Worker Number": 1,
                                                    "Actual Startup Time": 0.015,
                                                    "Actual Total Time": 119.616,
                                                    "Actual Rows": 789983,
                                                    "Actual Loops": 1
                                                },
                                                {
                                                    "Worker Number": 2,
                                                    "Actual Startup Time": 0.018,
                                                    "Actual Total Time": 123.218,
                                                    "Actual Rows": 516416,
                                                    "Actual Loops": 1
                                                }
                                            ]
                                        },
                                        {
                                            "Node Type": "Hash",
                                            "Parent Relationship": "Inner",
                                            "Parallel Aware": true,
                                            "Startup Cost": 43899.01,
                                            "Total Cost": 43899.01,
                                            "Plan Rows": 417284,
                                            "Plan Width": 4,
                                            "Actual Startup Time": 278.044,
                                            "Actual Total Time": 278.045,
                                            "Actual Rows": 418385,
                                            "Actual Loops": 4,
                                            "Output": [
                                                "t.id"
                                            ],
                                            "Hash Buckets": 2097152,
                                            "Original Hash Buckets": 2097152,
                                            "Hash Batches": 1,
                                            "Original Hash Batches": 1,
                                            "Peak Memory Usage": 81920,
                                            "Workers": [
                                                {
                                                    "Worker Number": 0,
                                                    "Actual Startup Time": 281.74,
                                                    "Actual Total Time": 281.741,
                                                    "Actual Rows": 335896,
                                                    "Actual Loops": 1
                                                },
                                                {
                                                    "Worker Number": 1,
                                                    "Actual Startup Time": 281.643,
                                                    "Actual Total Time": 281.645,
                                                    "Actual Rows": 431389,
                                                    "Actual Loops": 1
                                                },
                                                {
                                                    "Worker Number": 2,
                                                    "Actual Startup Time": 281.767,
                                                    "Actual Total Time": 281.768,
                                                    "Actual Rows": 332757,
                                                    "Actual Loops": 1
                                                }
                                            ],
                                            "Plans": [
                                                {
                                                    "Node Type": "Seq Scan",
                                                    "Parent Relationship": "Outer",
                                                    "Parallel Aware": true,
                                                    "Relation Name": "title",
                                                    "Schema": "public",
                                                    "Alias": "t",
                                                    "Startup Cost": 0.0,
                                                    "Total Cost": 43899.01,
                                                    "Plan Rows": 417284,
                                                    "Plan Width": 4,
                                                    "Actual Startup Time": 0.045,
                                                    "Actual Total Time": 116.305,
                                                    "Actual Rows": 418385,
                                                    "Actual Loops": 4,
                                                    "Output": [
                                                        "t.id"
                                                    ],
                                                    "Filter": "(t.production_year > 1993)",
                                                    "Rows Removed by Filter": 213693,
                                                    "Workers": [
                                                        {
                                                            "Worker Number": 0,
                                                            "Actual Startup Time": 0.047,
                                                            "Actual Total Time": 124.542,
                                                            "Actual Rows": 335896,
                                                            "Actual Loops": 1
                                                        },
                                                        {
                                                            "Worker Number": 1,
                                                            "Actual Startup Time": 0.057,
                                                            "Actual Total Time": 113.356,
                                                            "Actual Rows": 431389,
                                                            "Actual Loops": 1
                                                        },
                                                        {
                                                            "Worker Number": 2,
                                                            "Actual Startup Time": 0.06,
                                                            "Actual Total Time": 123.688,
                                                            "Actual Rows": 332757,
                                                            "Actual Loops": 1
                                                        }
                                                    ]
                                                }
                                            ]
                                        }
                                    ]
                                }
                            ]
                        }
                    ]
                }
            ]
        },
        "Planning Time": 199.973,
        "Triggers": [],
        "Execution Time": 573.682
    }
]