[
  {
    "Plan": {
      "Node Type": "Aggregate",
      "Strategy": "Plain",
      "Partial Mode": "Finalize",
      "Parallel Aware": false,
      "Startup Cost": 218726.68,
      "Total Cost": 218726.69,
      "Plan Rows": 1,
      "Plan Width": 8,
      "Actual Startup Time": 201.157,
      "Actual Total Time": 214.133,
      "Actual Rows": 1,
      "Actual Loops": 1,
      "Plans": [
        {
          "Node Type": "Gather",
          "Parent Relationship": "Outer",
          "Parallel Aware": false,
          "Startup Cost": 218726.15,
          "Total Cost": 218726.66,
          "Plan Rows": 5,
          "Plan Width": 8,
          "Actual Startup Time": 195.151,
          "Actual Total Time": 214.122,
          "Actual Rows": 6,
          "Actual Loops": 1,
          "Workers Planned": 5,
          "Workers Launched": 5,
          "Single Copy": false,
          "Plans": [
            {
              "Node Type": "Aggregate",
              "Strategy": "Plain",
              "Partial Mode": "Partial",
              "Parent Relationship": "Outer",
              "Parallel Aware": false,
              "Startup Cost": 217726.15,
              "Total Cost": 217726.16,
              "Plan Rows": 1,
              "Plan Width": 8,
              "Actual Startup Time": 184.186,
              "Actual Total Time": 184.191,
              "Actual Rows": 1,
              "Actual Loops": 6,
              "Plans": [
                {
                  "Node Type": "Hash Join",
                  "Parent Relationship": "Outer",
                  "Parallel Aware": true,
                  "Join Type": "Inner",
                  "Startup Cost": 53055.1,
                  "Total Cost": 217687.76,
                  "Plan Rows": 15358,
                  "Plan Width": 0,
                  "Actual Startup Time": 154.641,
                  "Actual Total Time": 181.386,
                  "Actual Rows": 50688,
                  "Actual Loops": 6,
                  "Inner Unique": true,
                  "Hash Cond": "(mi.movie_id = t.id)",
                  "Plans": [
                    {
                      "Node Type": "Bitmap Heap Scan",
                      "Parent Relationship": "Outer",
                      "Parallel Aware": true,
                      "Relation Name": "movie_info",
                      "Alias": "mi",
                      "Startup Cost": 5618.66,
                      "Total Cost": 170088.58,
                      "Plan Rows": 61993,
                      "Plan Width": 4,
                      "Actual Startup Time": 15.622,
                      "Actual Total Time": 29.679,
                      "Actual Rows": 51131,
                      "Actual Loops": 6,
                      "Recheck Cond": "(info_type_id > 105)",
                      "Rows Removed by Index Recheck": 0,
                      "Exact Heap Blocks": 947,
                      "Lossy Heap Blocks": 0,
                      "Plans": [
                        {
                          "Node Type": "Bitmap Index Scan",
                          "Parent Relationship": "Outer",
                          "Parallel Aware": false,
                          "Index Name": "info_type_id_movie_info",
                          "Startup Cost": 0.0,
                          "Total Cost": 5541.16,
                          "Plan Rows": 309964,
                          "Plan Width": 0,
                          "Actual Startup Time": 14.433,
                          "Actual Total Time": 14.434,
                          "Actual Rows": 306788,
                          "Actual Loops": 1,
                          "Index Cond": "(info_type_id > 105)"
                        }
                      ]
                    },
                    {
                      "Node Type": "Hash",
                      "Parent Relationship": "Inner",
                      "Parallel Aware": true,
                      "Startup Cost": 45479.1,
                      "Total Cost": 45479.1,
                      "Plan Rows": 156588,
                      "Plan Width": 4,
                      "Actual Startup Time": 135.394,
                      "Actual Total Time": 135.396,
                      "Actual Rows": 105715,
                      "Actual Loops": 6,
                      "Hash Buckets": 1048576,
                      "Original Hash Buckets": 1048576,
                      "Hash Batches": 1,
                      "Original Hash Batches": 1,
                      "Peak Memory Usage": 33088,
                      "Plans": [
                        {
                          "Node Type": "Seq Scan",
                          "Parent Relationship": "Outer",
                          "Parallel Aware": true,
                          "Relation Name": "title",
                          "Alias": "t",
                          "Startup Cost": 0.0,
                          "Total Cost": 45479.1,
                          "Plan Rows": 156588,
                          "Plan Width": 4,
                          "Actual Startup Time": 47.479,
                          "Actual Total Time": 89.866,
                          "Actual Rows": 105715,
                          "Actual Loops": 6,
                          "Filter": "((production_year < 2013) AND (kind_id = 1))",
                          "Rows Removed by Filter": 315670
                        }
                      ]
                    }
                  ]
                }
              ]
            }
          ]
        }
      ]
    },
    "Planning Time": 0.686,
    "Triggers": [],
    "Execution Time": 214.224
  }
]