[
  {
    "Plan": {
      "Node Type": "Aggregate",
      "Strategy": "Plain",
      "Partial Mode": "Finalize",
      "Parallel Aware": false,
      "Startup Cost": 33474.42,
      "Total Cost": 33474.43,
      "Plan Rows": 1,
      "Plan Width": 8,
      "Actual Startup Time": 166.573,
      "Actual Total Time": 201.25,
      "Actual Rows": 1,
      "Actual Loops": 1,
      "Plans": [
        {
          "Node Type": "Gather",
          "Parent Relationship": "Outer",
          "Parallel Aware": false,
          "Startup Cost": 33474.21,
          "Total Cost": 33474.42,
          "Plan Rows": 2,
          "Plan Width": 8,
          "Actual Startup Time": 166.2,
          "Actual Total Time": 201.233,
          "Actual Rows": 3,
          "Actual Loops": 1,
          "Workers Planned": 2,
          "Workers Launched": 2,
          "Single Copy": false,
          "Plans": [
            {
              "Node Type": "Aggregate",
              "Strategy": "Plain",
              "Partial Mode": "Partial",
              "Parent Relationship": "Outer",
              "Parallel Aware": false,
              "Startup Cost": 32474.21,
              "Total Cost": 32474.22,
              "Plan Rows": 1,
              "Plan Width": 8,
              "Actual Startup Time": 158.347,
              "Actual Total Time": 158.349,
              "Actual Rows": 1,
              "Actual Loops": 3,
              "Plans": [
                {
                  "Node Type": "Nested Loop",
                  "Parent Relationship": "Outer",
                  "Parallel Aware": false,
                  "Join Type": "Inner",
                  "Startup Cost": 113.16,
                  "Total Cost": 32468.07,
                  "Plan Rows": 2457,
                  "Plan Width": 0,
                  "Actual Startup Time": 5.405,
                  "Actual Total Time": 157.75,
                  "Actual Rows": 3950,
                  "Actual Loops": 3,
                  "Inner Unique": false,
                  "Plans": [
                    {
                      "Node Type": "Nested Loop",
                      "Parent Relationship": "Outer",
                      "Parallel Aware": false,
                      "Join Type": "Inner",
                      "Startup Cost": 112.6,
                      "Total Cost": 28221.56,
                      "Plan Rows": 2136,
                      "Plan Width": 8,
                      "Actual Startup Time": 1.086,
                      "Actual Total Time": 20.24,
                      "Actual Rows": 1559,
                      "Actual Loops": 3,
                      "Inner Unique": true,
                      "Plans": [
                        {
                          "Node Type": "Bitmap Heap Scan",
                          "Parent Relationship": "Outer",
                          "Parallel Aware": true,
                          "Relation Name": "movie_keyword",
                          "Alias": "mk",
                          "Startup Cost": 112.17,
                          "Total Cost": 12637.41,
                          "Plan Rows": 2136,
                          "Plan Width": 4,
                          "Actual Startup Time": 0.901,
                          "Actual Total Time": 6.689,
                          "Actual Rows": 1559,
                          "Actual Loops": 3,
                          "Recheck Cond": "(keyword_id = 2849)",
                          "Rows Removed by Index Recheck": 0,
                          "Exact Heap Blocks": 2404,
                          "Lossy Heap Blocks": 0,
                          "Plans": [
                            {
                              "Node Type": "Bitmap Index Scan",
                              "Parent Relationship": "Outer",
                              "Parallel Aware": false,
                              "Index Name": "keyword_id_movie_keyword",
                              "Startup Cost": 0.0,
                              "Total Cost": 110.89,
                              "Plan Rows": 5127,
                              "Plan Width": 0,
                              "Actual Startup Time": 1.692,
                              "Actual Total Time": 1.692,
                              "Actual Rows": 4676,
                              "Actual Loops": 1,
                              "Index Cond": "(keyword_id = 2849)"
                            }
                          ]
                        },
                        {
                          "Node Type": "Index Only Scan",
                          "Parent Relationship": "Inner",
                          "Parallel Aware": false,
                          "Scan Direction": "Forward",
                          "Index Name": "title_pkey",
                          "Relation Name": "title",
                          "Alias": "t",
                          "Startup Cost": 0.43,
                          "Total Cost": 7.3,
                          "Plan Rows": 1,
                          "Plan Width": 4,
                          "Actual Startup Time": 0.008,
                          "Actual Total Time": 0.008,
                          "Actual Rows": 1,
                          "Actual Loops": 4676,
                          "Index Cond": "(id = mk.movie_id)",
                          "Rows Removed by Index Recheck": 0,
                          "Heap Fetches": 4676
                        }
                      ]
                    },
                    {
                      "Node Type": "Index Scan",
                      "Parent Relationship": "Inner",
                      "Parallel Aware": false,
                      "Scan Direction": "Forward",
                      "Index Name": "movie_id_cast_info",
                      "Relation Name": "cast_info",
                      "Alias": "ci",
                      "Startup Cost": 0.56,
                      "Total Cost": 1.96,
                      "Plan Rows": 3,
                      "Plan Width": 4,
                      "Actual Startup Time": 0.073,
                      "Actual Total Time": 0.087,
                      "Actual Rows": 3,
                      "Actual Loops": 4676,
                      "Index Cond": "(movie_id = t.id)",
                      "Rows Removed by Index Recheck": 0,
                      "Filter": "((person_id > 3251997) AND (role_id > 1))",
                      "Rows Removed by Filter": 23
                    }
                  ]
                }
              ]
            }
          ]
        }
      ]
    },
    "Planning Time": 0.647,
    "Triggers": [],
    "Execution Time": 201.322
  }
]