[
    {
        "Bao": {
            "Bao prediction": "NaN",
            "Bao recommended hint": "(no hint)"
        }
    },
    {
        "Plan": {
            "Node Type": "Aggregate",
            "Strategy": "Plain",
            "Partial Mode": "Finalize",
            "Parallel Aware": false,
            "Startup Cost": 348066.93,
            "Total Cost": 348066.94,
            "Plan Rows": 1,
            "Plan Width": 8,
            "Actual Startup Time": 442.909,
            "Actual Total Time": 461.014,
            "Actual Rows": 1,
            "Actual Loops": 1,
            "Output": [
                "count(*)"
            ],
            "Plans": [
                {
                    "Node Type": "Gather",
                    "Parent Relationship": "Outer",
                    "Parallel Aware": false,
                    "Startup Cost": 348066.31,
                    "Total Cost": 348066.92,
                    "Plan Rows": 6,
                    "Plan Width": 8,
                    "Actual Startup Time": 442.834,
                    "Actual Total Time": 461.005,
                    "Actual Rows": 7,
                    "Actual Loops": 1,
                    "Output": [
                        "(PARTIAL count(*))"
                    ],
                    "Workers Planned": 6,
                    "Workers Launched": 6,
                    "Single Copy": false,
                    "Plans": [
                        {
                            "Node Type": "Aggregate",
                            "Strategy": "Plain",
                            "Partial Mode": "Partial",
                            "Parent Relationship": "Outer",
                            "Parallel Aware": false,
                            "Startup Cost": 347066.31,
                            "Total Cost": 347066.32,
                            "Plan Rows": 1,
                            "Plan Width": 8,
                            "Actual Startup Time": 432.589,
                            "Actual Total Time": 432.59,
                            "Actual Rows": 1,
                            "Actual Loops": 7,
                            "Output": [
                                "PARTIAL count(*)"
                            ],
                            "Workers": [
                                {
                                    "Worker Number": 0,
                                    "Actual Startup Time": 430.397,
                                    "Actual Total Time": 430.398,
                                    "Actual Rows": 1,
                                    "Actual Loops": 1
                                },
                                {
                                    "Worker Number": 1,
                                    "Actual Startup Time": 430.487,
                                    "Actual Total Time": 430.489,
                                    "Actual Rows": 1,
                                    "Actual Loops": 1
                                },
                                {
                                    "Worker Number": 2,
                                    "Actual Startup Time": 430.876,
                                    "Actual Total Time": 430.878,
                                    "Actual Rows": 1,
                                    "Actual Loops": 1
                                },
                                {
                                    "Worker Number": 3,
                                    "Actual Startup Time": 430.92,
                                    "Actual Total Time": 430.922,
                                    "Actual Rows": 1,
                                    "Actual Loops": 1
                                },
                                {
                                    "Worker Number": 4,
                                    "Actual Startup Time": 431.513,
                                    "Actual Total Time": 431.514,
                                    "Actual Rows": 1,
                                    "Actual Loops": 1
                                },
                                {
                                    "Worker Number": 5,
                                    "Actual Startup Time": 431.664,
                                    "Actual Total Time": 431.665,
                                    "Actual Rows": 1,
                                    "Actual Loops": 1
                                }
                            ],
                            "Plans": [
                                {
                                    "Node Type": "Index Scan",
                                    "Parent Relationship": "Outer",
                                    "Parallel Aware": true,
                                    "Scan Direction": "Forward",
                                    "Index Name": "role_id_cast_info",
                                    "Relation Name": "cast_info",
                                    "Schema": "public",
                                    "Alias": "ci",
                                    "Startup Cost": 0.56,
                                    "Total Cost": 342814.42,
                                    "Plan Rows": 1700753,
                                    "Plan Width": 0,
                                    "Actual Startup Time": 187.176,
                                    "Actual Total Time": 387.922,
                                    "Actual Rows": 1039708,
                                    "Actual Loops": 7,
                                    "Output": [
                                        "id",
                                        "person_id",
                                        "movie_id",
                                        "person_role_id",
                                        "note",
                                        "nr_order",
                                        "role_id"
                                    ],
                                    "Index Cond": "(ci.role_id = 1)",
                                    "Rows Removed by Index Recheck": 0,
                                    "Filter": "(ci.person_id > 723704)",
                                    "Rows Removed by Filter": 770390,
                                    "Workers": [
                                        {
                                            "Worker Number": 0,
                                            "Actual Startup Time": 184.959,
                                            "Actual Total Time": 386.016,
                                            "Actual Rows": 1040520,
                                            "Actual Loops": 1
                                        },
                                        {
                                            "Worker Number": 1,
                                            "Actual Startup Time": 185.116,
                                            "Actual Total Time": 386.139,
                                            "Actual Rows": 1040520,
                                            "Actual Loops": 1
                                        },
                                        {
                                            "Worker Number": 2,
                                            "Actual Startup Time": 185.486,
                                            "Actual Total Time": 385.932,
                                            "Actual Rows": 1021020,
                                            "Actual Loops": 1
                                        },
                                        {
                                            "Worker Number": 3,
                                            "Actual Startup Time": 185.513,
                                            "Actual Total Time": 385.644,
                                            "Actual Rows": 1029601,
                                            "Actual Loops": 1
                                        },
                                        {
                                            "Worker Number": 4,
                                            "Actual Startup Time": 186.123,
                                            "Actual Total Time": 387.083,
                                            "Actual Rows": 1042081,
                                            "Actual Loops": 1
                                        },
                                        {
                                            "Worker Number": 5,
                                            "Actual Startup Time": 186.23,
                                            "Actual Total Time": 386.135,
                                            "Actual Rows": 1024530,
                                            "Actual Loops": 1
                                        }
                                    ]
                                }
                            ]
                        }
                    ]
                }
            ]
        },
        "Planning Time": 225.106,
        "Triggers": [],
        "Execution Time": 461.115
    }
]