{
  "Plan": {
    "Node Type": "Aggregate",
    "Strategy": "Plain",
    "Partial Mode": "Finalize",
    "Parallel Aware": false,
    "Startup Cost": 96703.77,
    "Total Cost": 96703.78,
    "Plan Rows": 1,
    "Plan Width": 8,
    "Actual Startup Time": 340.711,
    "Actual Total Time": 353.577,
    "Actual Rows": 1,
    "Actual Loops": 1,
    "Plans": [
      {
        "Node Type": "Gather",
        "Parent Relationship": "Outer",
        "Parallel Aware": false,
        "Startup Cost": 96703.66,
        "Total Cost": 96703.77,
        "Plan Rows": 1,
        "Plan Width": 8,
        "Actual Startup Time": 340.452,
        "Actual Total Time": 353.569,
        "Actual Rows": 2,
        "Actual Loops": 1,
        "Workers Planned": 1,
        "Workers Launched": 1,
        "Single Copy": false,
        "Plans": [
          {
            "Node Type": "Aggregate",
            "Strategy": "Plain",
            "Partial Mode": "Partial",
            "Parent Relationship": "Outer",
            "Parallel Aware": false,
            "Startup Cost": 95703.66,
            "Total Cost": 95703.67,
            "Plan Rows": 1,
            "Plan Width": 8,
            "Actual Startup Time": 335.089,
            "Actual Total Time": 335.092,
            "Actual Rows": 1,
            "Actual Loops": 2,
            "Plans": [
              {
                "Node Type": "Hash Join",
                "Parent Relationship": "Outer",
                "Parallel Aware": true,
                "Join Type": "Inner",
                "Startup Cost": 54972.59,
                "Total Cost": 95650.46,
                "Plan Rows": 21281,
                "Plan Width": 0,
                "Actual Startup Time": 140.535,
                "Actual Total Time": 334.22,
                "Actual Rows": 17694,
                "Actual Loops": 2,
                "Inner Unique": true,
                "Hash Cond": "(mc.movie_id = t.id)",
                "Plans": [
                  {
                    "Node Type": "Seq Scan",
                    "Parent Relationship": "Outer",
                    "Parallel Aware": true,
                    "Relation Name": "movie_companies",
                    "Alias": "mc",
                    "Startup Cost": 0.0,
                    "Total Cost": 37974.77,
                    "Plan Rows": 1029751,
                    "Plan Width": 4,
                    "Actual Startup Time": 0.013,
                    "Actual Total Time": 112.084,
                    "Actual Rows": 868258,
                    "Actual Loops": 2,
                    "Filter": "(company_id < 23448)",
                    "Rows Removed by Filter": 436306
                  },
                  {
                    "Node Type": "Hash",
                    "Parent Relationship": "Inner",
                    "Parallel Aware": true,
                    "Startup Cost": 54588.39,
                    "Total Cost": 54588.39,
                    "Plan Rows": 30736,
                    "Plan Width": 4,
                    "Actual Startup Time": 139.121,
                    "Actual Total Time": 139.122,
                    "Actual Rows": 29295,
                    "Actual Loops": 2,
                    "Hash Buckets": 65536,
                    "Original Hash Buckets": 65536,
                    "Hash Batches": 1,
                    "Original Hash Batches": 1,
                    "Peak Memory Usage": 2848,
                    "Plans": [
                      {
                        "Node Type": "Seq Scan",
                        "Parent Relationship": "Outer",
                        "Parallel Aware": true,
                        "Relation Name": "title",
                        "Alias": "t",
                        "Startup Cost": 0.0,
                        "Total Cost": 54588.39,
                        "Plan Rows": 30736,
                        "Plan Width": 4,
                        "Actual Startup Time": 0.078,
                        "Actual Total Time": 130.319,
                        "Actual Rows": 29295,
                        "Actual Loops": 2,
                        "Filter": "(production_year = 2001)",
                        "Rows Removed by Filter": 1234861
                      }
                    ]
                  }
                ]
              }
            ]
          }
        ]
      }
    ]
  },
  "Planning Time": 0.446,
  "Triggers": [],
  "Execution Time": 353.65
}