[
  {
    "Plan": {
      "Node Type": "Aggregate",
      "Strategy": "Plain",
      "Partial Mode": "Finalize",
      "Parallel Aware": false,
      "Startup Cost": 44955.28,
      "Total Cost": 44955.29,
      "Plan Rows": 1,
      "Plan Width": 8,
      "Actual Startup Time": 139.159,
      "Actual Total Time": 147.188,
      "Actual Rows": 1,
      "Actual Loops": 1,
      "Plans": [
        {
          "Node Type": "Gather",
          "Parent Relationship": "Outer",
          "Parallel Aware": false,
          "Startup Cost": 44954.97,
          "Total Cost": 44955.28,
          "Plan Rows": 3,
          "Plan Width": 8,
          "Actual Startup Time": 139.065,
          "Actual Total Time": 147.177,
          "Actual Rows": 4,
          "Actual Loops": 1,
          "Workers Planned": 3,
          "Workers Launched": 3,
          "Single Copy": false,
          "Plans": [
            {
              "Node Type": "Aggregate",
              "Strategy": "Plain",
              "Partial Mode": "Partial",
              "Parent Relationship": "Outer",
              "Parallel Aware": false,
              "Startup Cost": 43954.97,
              "Total Cost": 43954.98,
              "Plan Rows": 1,
              "Plan Width": 8,
              "Actual Startup Time": 130.669,
              "Actual Total Time": 130.669,
              "Actual Rows": 1,
              "Actual Loops": 4,
              "Plans": [
                {
                  "Node Type": "Seq Scan",
                  "Parent Relationship": "Outer",
                  "Parallel Aware": true,
                  "Relation Name": "movie_keyword",
                  "Alias": "mk",
                  "Startup Cost": 0.0,
                  "Total Cost": 42695.65,
                  "Plan Rows": 503725,
                  "Plan Width": 0,
                  "Actual Startup Time": 1.211,
                  "Actual Total Time": 110.708,
                  "Actual Rows": 388100,
                  "Actual Loops": 4,
                  "Filter": "(keyword_id > 10155)",
                  "Rows Removed by Filter": 742883
                }
              ]
            }
          ]
        }
      ]
    },
    "Planning Time": 0.126,
    "Triggers": [],
    "Execution Time": 147.237
  }
]