[
  {
    "Plan": {
      "Node Type": "Aggregate",
      "Strategy": "Plain",
      "Partial Mode": "Finalize",
      "Parallel Aware": false,
      "Startup Cost": 46487.09,
      "Total Cost": 46487.1,
      "Plan Rows": 1,
      "Plan Width": 8,
      "Actual Startup Time": 87.916,
      "Actual Total Time": 100.457,
      "Actual Rows": 1,
      "Actual Loops": 1,
      "Plans": [
        {
          "Node Type": "Gather",
          "Parent Relationship": "Outer",
          "Parallel Aware": false,
          "Startup Cost": 46486.67,
          "Total Cost": 46487.08,
          "Plan Rows": 4,
          "Plan Width": 8,
          "Actual Startup Time": 87.718,
          "Actual Total Time": 100.444,
          "Actual Rows": 5,
          "Actual Loops": 1,
          "Workers Planned": 4,
          "Workers Launched": 4,
          "Single Copy": false,
          "Plans": [
            {
              "Node Type": "Aggregate",
              "Strategy": "Plain",
              "Partial Mode": "Partial",
              "Parent Relationship": "Outer",
              "Parallel Aware": false,
              "Startup Cost": 45486.67,
              "Total Cost": 45486.68,
              "Plan Rows": 1,
              "Plan Width": 8,
              "Actual Startup Time": 82.32,
              "Actual Total Time": 82.322,
              "Actual Rows": 1,
              "Actual Loops": 5,
              "Plans": [
                {
                  "Node Type": "Seq Scan",
                  "Parent Relationship": "Outer",
                  "Parallel Aware": true,
                  "Relation Name": "title",
                  "Alias": "t",
                  "Startup Cost": 0.0,
                  "Total Cost": 45479.59,
                  "Plan Rows": 2834,
                  "Plan Width": 0,
                  "Actual Startup Time": 0.049,
                  "Actual Total Time": 82.064,
                  "Actual Rows": 2109,
                  "Actual Loops": 5,
                  "Filter": "((kind_id > 1) AND (production_year = 1979))",
                  "Rows Removed by Filter": 503554
                }
              ]
            }
          ]
        }
      ]
    },
    "Planning Time": 0.133,
    "Triggers": [],
    "Execution Time": 100.509
  }
]