[
  {
    "Plan": {
      "Node Type": "Aggregate",
      "Strategy": "Plain",
      "Partial Mode": "Finalize",
      "Parallel Aware": false,
      "Startup Cost": 93239.88,
      "Total Cost": 93239.89,
      "Plan Rows": 1,
      "Plan Width": 8,
      "Actual Startup Time": 342.311,
      "Actual Total Time": 360.205,
      "Actual Rows": 1,
      "Actual Loops": 1,
      "Plans": [
        {
          "Node Type": "Gather",
          "Parent Relationship": "Outer",
          "Parallel Aware": false,
          "Startup Cost": 93239.56,
          "Total Cost": 93239.87,
          "Plan Rows": 3,
          "Plan Width": 8,
          "Actual Startup Time": 340.499,
          "Actual Total Time": 360.174,
          "Actual Rows": 4,
          "Actual Loops": 1,
          "Workers Planned": 3,
          "Workers Launched": 3,
          "Single Copy": false,
          "Plans": [
            {
              "Node Type": "Aggregate",
              "Strategy": "Plain",
              "Partial Mode": "Partial",
              "Parent Relationship": "Outer",
              "Parallel Aware": false,
              "Startup Cost": 92239.56,
              "Total Cost": 92239.57,
              "Plan Rows": 1,
              "Plan Width": 8,
              "Actual Startup Time": 336.82,
              "Actual Total Time": 336.823,
              "Actual Rows": 1,
              "Actual Loops": 4,
              "Plans": [
                {
                  "Node Type": "Hash Join",
                  "Parent Relationship": "Outer",
                  "Parallel Aware": true,
                  "Join Type": "Inner",
                  "Startup Cost": 46506.15,
                  "Total Cost": 91905.07,
                  "Plan Rows": 133797,
                  "Plan Width": 0,
                  "Actual Startup Time": 160.5,
                  "Actual Total Time": 322.514,
                  "Actual Rows": 364508,
                  "Actual Loops": 4,
                  "Inner Unique": true,
                  "Hash Cond": "(mk.movie_id = t.id)",
                  "Plans": [
                    {
                      "Node Type": "Seq Scan",
                      "Parent Relationship": "Outer",
                      "Parallel Aware": true,
                      "Relation Name": "movie_keyword",
                      "Alias": "mk",
                      "Startup Cost": 0.0,
                      "Total Cost": 42695.65,
                      "Plan Rows": 1029815,
                      "Plan Width": 4,
                      "Actual Startup Time": 0.027,
                      "Actual Total Time": 103.977,
                      "Actual Rows": 798712,
                      "Actual Loops": 4,
                      "Filter": "(keyword_id < 12956)",
                      "Rows Removed by Filter": 332270
                    },
                    {
                      "Node Type": "Hash",
                      "Parent Relationship": "Inner",
                      "Parallel Aware": true,
                      "Startup Cost": 45479.59,
                      "Total Cost": 45479.59,
                      "Plan Rows": 82125,
                      "Plan Width": 4,
                      "Actual Startup Time": 124.397,
                      "Actual Total Time": 124.398,
                      "Actual Rows": 102880,
                      "Actual Loops": 4,
                      "Hash Buckets": 524288,
                      "Original Hash Buckets": 524288,
                      "Hash Batches": 1,
                      "Original Hash Batches": 1,
                      "Peak Memory Usage": 20256,
                      "Plans": [
                        {
                          "Node Type": "Seq Scan",
                          "Parent Relationship": "Outer",
                          "Parallel Aware": true,
                          "Relation Name": "title",
                          "Alias": "t",
                          "Startup Cost": 0.0,
                          "Total Cost": 45479.59,
                          "Plan Rows": 82125,
                          "Plan Width": 4,
                          "Actual Startup Time": 49.965,
                          "Actual Total Time": 91.785,
                          "Actual Rows": 102880,
                          "Actual Loops": 4,
                          "Filter": "((production_year < 2004) AND (kind_id = 1))",
                          "Rows Removed by Filter": 529198
                        }
                      ]
                    }
                  ]
                }
              ]
            }
          ]
        }
      ]
    },
    "Planning Time": 0.231,
    "Triggers": [],
    "Execution Time": 360.237
  }
]