[
  {
    "Plan": {
      "Node Type": "Aggregate",
      "Strategy": "Plain",
      "Partial Mode": "Finalize",
      "Parallel Aware": false,
      "Startup Cost": 80402.62,
      "Total Cost": 80402.63,
      "Plan Rows": 1,
      "Plan Width": 8,
      "Actual Startup Time": 158.59,
      "Actual Total Time": 173.126,
      "Actual Rows": 1,
      "Actual Loops": 1,
      "Plans": [
        {
          "Node Type": "Gather",
          "Parent Relationship": "Outer",
          "Parallel Aware": false,
          "Startup Cost": 80402.3,
          "Total Cost": 80402.61,
          "Plan Rows": 3,
          "Plan Width": 8,
          "Actual Startup Time": 158.33,
          "Actual Total Time": 173.117,
          "Actual Rows": 4,
          "Actual Loops": 1,
          "Workers Planned": 3,
          "Workers Launched": 3,
          "Single Copy": false,
          "Plans": [
            {
              "Node Type": "Aggregate",
              "Strategy": "Plain",
              "Partial Mode": "Partial",
              "Parent Relationship": "Outer",
              "Parallel Aware": false,
              "Startup Cost": 79402.3,
              "Total Cost": 79402.31,
              "Plan Rows": 1,
              "Plan Width": 8,
              "Actual Startup Time": 148.422,
              "Actual Total Time": 148.426,
              "Actual Rows": 1,
              "Actual Loops": 4,
              "Plans": [
                {
                  "Node Type": "Nested Loop",
                  "Parent Relationship": "Outer",
                  "Parallel Aware": false,
                  "Join Type": "Inner",
                  "Startup Cost": 38764.59,
                  "Total Cost": 79395.95,
                  "Plan Rows": 2542,
                  "Plan Width": 0,
                  "Actual Startup Time": 75.08,
                  "Actual Total Time": 148.386,
                  "Actual Rows": 373,
                  "Actual Loops": 4,
                  "Inner Unique": false,
                  "Join Filter": "(t.id = mi.movie_id)",
                  "Rows Removed by Join Filter": 0,
                  "Plans": [
                    {
                      "Node Type": "Hash Join",
                      "Parent Relationship": "Outer",
                      "Parallel Aware": true,
                      "Join Type": "Inner",
                      "Startup Cost": 38764.16,
                      "Total Cost": 68917.5,
                      "Plan Rows": 4776,
                      "Plan Width": 8,
                      "Actual Startup Time": 73.412,
                      "Actual Total Time": 132.471,
                      "Actual Rows": 499,
                      "Actual Loops": 4,
                      "Inner Unique": true,
                      "Hash Cond": "(mc.movie_id = t.id)",
                      "Plans": [
                        {
                          "Node Type": "Seq Scan",
                          "Parent Relationship": "Outer",
                          "Parallel Aware": true,
                          "Relation Name": "movie_companies",
                          "Alias": "mc",
                          "Startup Cost": 0.0,
                          "Total Cost": 29310.68,
                          "Plan Rows": 321015,
                          "Plan Width": 4,
                          "Actual Startup Time": 0.021,
                          "Actual Total Time": 60.25,
                          "Actual Rows": 248710,
                          "Actual Loops": 4,
                          "Filter": "(company_id < 4625)",
                          "Rows Removed by Filter": 403572
                        },
                        {
                          "Node Type": "Hash",
                          "Parent Relationship": "Inner",
                          "Parallel Aware": true,
                          "Startup Cost": 38646.6,
                          "Total Cost": 38646.6,
                          "Plan Rows": 9405,
                          "Plan Width": 4,
                          "Actual Startup Time": 51.672,
                          "Actual Total Time": 51.673,
                          "Actual Rows": 2878,
                          "Actual Loops": 4,
                          "Hash Buckets": 65536,
                          "Original Hash Buckets": 65536,
                          "Hash Batches": 1,
                          "Original Hash Batches": 1,
                          "Peak Memory Usage": 1024,
                          "Plans": [
                            {
                              "Node Type": "Bitmap Heap Scan",
                              "Parent Relationship": "Outer",
                              "Parallel Aware": true,
                              "Relation Name": "title",
                              "Alias": "t",
                              "Startup Cost": 2190.34,
                              "Total Cost": 38646.6,
                              "Plan Rows": 9405,
                              "Plan Width": 4,
                              "Actual Startup Time": 14.133,
                              "Actual Total Time": 49.931,
                              "Actual Rows": 2878,
                              "Actual Loops": 4,
                              "Recheck Cond": "(kind_id = 4)",
                              "Rows Removed by Index Recheck": 0,
                              "Filter": "(production_year < 1994)",
                              "Rows Removed by Filter": 26680,
                              "Exact Heap Blocks": 8461,
                              "Lossy Heap Blocks": 0,
                              "Plans": [
                                {
                                  "Node Type": "Bitmap Index Scan",
                                  "Parent Relationship": "Outer",
                                  "Parallel Aware": false,
                                  "Index Name": "kind_id_title",
                                  "Startup Cost": 0.0,
                                  "Total Cost": 2180.94,
                                  "Plan Rows": 122201,
                                  "Plan Width": 0,
                                  "Actual Startup Time": 16.303,
                                  "Actual Total Time": 16.303,
                                  "Actual Rows": 118234,
                                  "Actual Loops": 1,
                                  "Index Cond": "(kind_id = 4)"
                                }
                              ]
                            }
                          ]
                        }
                      ]
                    },
                    {
                      "Node Type": "Index Scan",
                      "Parent Relationship": "Inner",
                      "Parallel Aware": false,
                      "Scan Direction": "Forward",
                      "Index Name": "movie_id_movie_info",
                      "Relation Name": "movie_info",
                      "Alias": "mi",
                      "Startup Cost": 0.43,
                      "Total Cost": 2.14,
                      "Plan Rows": 4,
                      "Plan Width": 4,
                      "Actual Startup Time": 0.025,
                      "Actual Total Time": 0.031,
                      "Actual Rows": 1,
                      "Actual Loops": 1995,
                      "Index Cond": "(movie_id = mc.movie_id)",
                      "Rows Removed by Index Recheck": 0,
                      "Filter": "(info_type_id = 7)",
                      "Rows Removed by Filter": 14
                    }
                  ]
                }
              ]
            }
          ]
        }
      ]
    },
    "Planning Time": 1.648,
    "Triggers": [],
    "Execution Time": 173.233
  }
]