[
  {
    "Plan": {
      "Node Type": "Aggregate",
      "Strategy": "Plain",
      "Partial Mode": "Finalize",
      "Parallel Aware": false,
      "Startup Cost": 44876.91,
      "Total Cost": 44876.92,
      "Plan Rows": 1,
      "Plan Width": 8,
      "Actual Startup Time": 147.551,
      "Actual Total Time": 157.877,
      "Actual Rows": 1,
      "Actual Loops": 1,
      "Plans": [
        {
          "Node Type": "Gather",
          "Parent Relationship": "Outer",
          "Parallel Aware": false,
          "Startup Cost": 44876.59,
          "Total Cost": 44876.9,
          "Plan Rows": 3,
          "Plan Width": 8,
          "Actual Startup Time": 147.257,
          "Actual Total Time": 157.867,
          "Actual Rows": 4,
          "Actual Loops": 1,
          "Workers Planned": 3,
          "Workers Launched": 3,
          "Single Copy": false,
          "Plans": [
            {
              "Node Type": "Aggregate",
              "Strategy": "Plain",
              "Partial Mode": "Partial",
              "Parent Relationship": "Outer",
              "Parallel Aware": false,
              "Startup Cost": 43876.59,
              "Total Cost": 43876.6,
              "Plan Rows": 1,
              "Plan Width": 8,
              "Actual Startup Time": 141.053,
              "Actual Total Time": 141.054,
              "Actual Rows": 1,
              "Actual Loops": 4,
              "Plans": [
                {
                  "Node Type": "Seq Scan",
                  "Parent Relationship": "Outer",
                  "Parallel Aware": true,
                  "Relation Name": "movie_keyword",
                  "Alias": "mk",
                  "Startup Cost": 0.0,
                  "Total Cost": 42695.65,
                  "Plan Rows": 472374,
                  "Plan Width": 0,
                  "Actual Startup Time": 0.044,
                  "Actual Total Time": 121.852,
                  "Actual Rows": 370115,
                  "Actual Loops": 4,
                  "Filter": "(keyword_id < 2110)",
                  "Rows Removed by Filter": 760868
                }
              ]
            }
          ]
        }
      ]
    },
    "Planning Time": 0.181,
    "Triggers": [],
    "Execution Time": 157.932
  }
]