[
    {
        "Bao": {
            "Bao prediction": 514.462,
            "Bao recommended hint": "(no hint)"
        }
    },
    {
        "Plan": {
            "Node Type": "Aggregate",
            "Strategy": "Plain",
            "Partial Mode": "Finalize",
            "Parallel Aware": false,
            "Startup Cost": 340497.1,
            "Total Cost": 340497.11,
            "Plan Rows": 1,
            "Plan Width": 8,
            "Actual Startup Time": 992.704,
            "Actual Total Time": 1026.458,
            "Actual Rows": 1,
            "Actual Loops": 1,
            "Output": [
                "count(*)"
            ],
            "Plans": [
                {
                    "Node Type": "Gather",
                    "Parent Relationship": "Outer",
                    "Parallel Aware": false,
                    "Startup Cost": 340496.48,
                    "Total Cost": 340497.09,
                    "Plan Rows": 6,
                    "Plan Width": 8,
                    "Actual Startup Time": 992.602,
                    "Actual Total Time": 1026.449,
                    "Actual Rows": 7,
                    "Actual Loops": 1,
                    "Output": [
                        "(PARTIAL count(*))"
                    ],
                    "Workers Planned": 6,
                    "Workers Launched": 6,
                    "Single Copy": false,
                    "Plans": [
                        {
                            "Node Type": "Aggregate",
                            "Strategy": "Plain",
                            "Partial Mode": "Partial",
                            "Parent Relationship": "Outer",
                            "Parallel Aware": false,
                            "Startup Cost": 339496.48,
                            "Total Cost": 339496.49,
                            "Plan Rows": 1,
                            "Plan Width": 8,
                            "Actual Startup Time": 983.382,
                            "Actual Total Time": 983.383,
                            "Actual Rows": 1,
                            "Actual Loops": 7,
                            "Output": [
                                "PARTIAL count(*)"
                            ],
                            "Workers": [
                                {
                                    "Worker Number": 0,
                                    "Actual Startup Time": 981.409,
                                    "Actual Total Time": 981.41,
                                    "Actual Rows": 1,
                                    "Actual Loops": 1
                                },
                                {
                                    "Worker Number": 1,
                                    "Actual Startup Time": 981.597,
                                    "Actual Total Time": 981.598,
                                    "Actual Rows": 1,
                                    "Actual Loops": 1
                                },
                                {
                                    "Worker Number": 2,
                                    "Actual Startup Time": 981.6,
                                    "Actual Total Time": 981.6,
                                    "Actual Rows": 1,
                                    "Actual Loops": 1
                                },
                                {
                                    "Worker Number": 3,
                                    "Actual Startup Time": 982.215,
                                    "Actual Total Time": 982.216,
                                    "Actual Rows": 1,
                                    "Actual Loops": 1
                                },
                                {
                                    "Worker Number": 4,
                                    "Actual Startup Time": 982.383,
                                    "Actual Total Time": 982.383,
                                    "Actual Rows": 1,
                                    "Actual Loops": 1
                                },
                                {
                                    "Worker Number": 5,
                                    "Actual Startup Time": 982.711,
                                    "Actual Total Time": 982.712,
                                    "Actual Rows": 1,
                                    "Actual Loops": 1
                                }
                            ],
                            "Plans": [
                                {
                                    "Node Type": "Seq Scan",
                                    "Parent Relationship": "Outer",
                                    "Parallel Aware": true,
                                    "Relation Name": "cast_info",
                                    "Schema": "public",
                                    "Alias": "ci",
                                    "Startup Cost": 0.0,
                                    "Total Cost": 328213.62,
                                    "Plan Rows": 4513144,
                                    "Plan Width": 0,
                                    "Actual Startup Time": 125.89,
                                    "Actual Total Time": 755.569,
                                    "Actual Rows": 3859073,
                                    "Actual Loops": 7,
                                    "Output": [
                                        "id",
                                        "person_id",
                                        "movie_id",
                                        "person_role_id",
                                        "note",
                                        "nr_order",
                                        "role_id"
                                    ],
                                    "Filter": "(ci.person_id > 908286)",
                                    "Rows Removed by Filter": 1318690,
                                    "Workers": [
                                        {
                                            "Worker Number": 0,
                                            "Actual Startup Time": 123.945,
                                            "Actual Total Time": 759.682,
                                            "Actual Rows": 3369342,
                                            "Actual Loops": 1
                                        },
                                        {
                                            "Worker Number": 1,
                                            "Actual Startup Time": 124.09,
                                            "Actual Total Time": 757.887,
                                            "Actual Rows": 3401186,
                                            "Actual Loops": 1
                                        },
                                        {
                                            "Worker Number": 2,
                                            "Actual Startup Time": 124.098,
                                            "Actual Total Time": 757.61,
                                            "Actual Rows": 3402164,
                                            "Actual Loops": 1
                                        },
                                        {
                                            "Worker Number": 3,
                                            "Actual Startup Time": 124.728,
                                            "Actual Total Time": 759.493,
                                            "Actual Rows": 3387039,
                                            "Actual Loops": 1
                                        },
                                        {
                                            "Worker Number": 4,
                                            "Actual Startup Time": 124.884,
                                            "Actual Total Time": 759.738,
                                            "Actual Rows": 3385345,
                                            "Actual Loops": 1
                                        },
                                        {
                                            "Worker Number": 5,
                                            "Actual Startup Time": 125.221,
                                            "Actual Total Time": 759.367,
                                            "Actual Rows": 3392399,
                                            "Actual Loops": 1
                                        }
                                    ]
                                }
                            ]
                        }
                    ]
                }
            ]
        },
        "Planning Time": 491.353,
        "Triggers": [],
        "Execution Time": 1026.543
    }
]