[
  {
    "Plan": {
      "Node Type": "Aggregate",
      "Strategy": "Plain",
      "Partial Mode": "Finalize",
      "Parallel Aware": false,
      "Startup Cost": 249735.76,
      "Total Cost": 249735.77,
      "Plan Rows": 1,
      "Plan Width": 8,
      "Actual Startup Time": 1080.315,
      "Actual Total Time": 1123.189,
      "Actual Rows": 1,
      "Actual Loops": 1,
      "Plans": [
        {
          "Node Type": "Gather",
          "Parent Relationship": "Outer",
          "Parallel Aware": false,
          "Startup Cost": 249735.24,
          "Total Cost": 249735.75,
          "Plan Rows": 5,
          "Plan Width": 8,
          "Actual Startup Time": 1074.805,
          "Actual Total Time": 1123.173,
          "Actual Rows": 6,
          "Actual Loops": 1,
          "Workers Planned": 5,
          "Workers Launched": 5,
          "Single Copy": false,
          "Plans": [
            {
              "Node Type": "Aggregate",
              "Strategy": "Plain",
              "Partial Mode": "Partial",
              "Parent Relationship": "Outer",
              "Parallel Aware": false,
              "Startup Cost": 248735.24,
              "Total Cost": 248735.25,
              "Plan Rows": 1,
              "Plan Width": 8,
              "Actual Startup Time": 1064.002,
              "Actual Total Time": 1064.005,
              "Actual Rows": 1,
              "Actual Loops": 6,
              "Plans": [
                {
                  "Node Type": "Hash Join",
                  "Parent Relationship": "Outer",
                  "Parallel Aware": true,
                  "Join Type": "Inner",
                  "Startup Cost": 47511.77,
                  "Total Cost": 246833.54,
                  "Plan Rows": 760679,
                  "Plan Width": 0,
                  "Actual Startup Time": 142.701,
                  "Actual Total Time": 1002.859,
                  "Actual Rows": 1373824,
                  "Actual Loops": 6,
                  "Inner Unique": true,
                  "Hash Cond": "(mi.movie_id = t.id)",
                  "Plans": [
                    {
                      "Node Type": "Seq Scan",
                      "Parent Relationship": "Outer",
                      "Parallel Aware": true,
                      "Relation Name": "movie_info",
                      "Alias": "mi",
                      "Startup Cost": 0.0,
                      "Total Cost": 191560.33,
                      "Plan Rows": 2956733,
                      "Plan Width": 4,
                      "Actual Startup Time": 0.027,
                      "Actual Total Time": 306.135,
                      "Actual Rows": 2472620,
                      "Actual Loops": 6
                    },
                    {
                      "Node Type": "Hash",
                      "Parent Relationship": "Inner",
                      "Parallel Aware": true,
                      "Startup Cost": 45479.1,
                      "Total Cost": 45479.1,
                      "Plan Rows": 162614,
                      "Plan Width": 4,
                      "Actual Startup Time": 137.417,
                      "Actual Total Time": 137.418,
                      "Actual Rows": 114342,
                      "Actual Loops": 6,
                      "Hash Buckets": 1048576,
                      "Original Hash Buckets": 1048576,
                      "Hash Batches": 1,
                      "Original Hash Batches": 1,
                      "Peak Memory Usage": 35136,
                      "Plans": [
                        {
                          "Node Type": "Seq Scan",
                          "Parent Relationship": "Outer",
                          "Parallel Aware": true,
                          "Relation Name": "title",
                          "Alias": "t",
                          "Startup Cost": 0.0,
                          "Total Cost": 45479.1,
                          "Plan Rows": 162614,
                          "Plan Width": 4,
                          "Actual Startup Time": 0.043,
                          "Actual Total Time": 85.912,
                          "Actual Rows": 114342,
                          "Actual Loops": 6,
                          "Filter": "((kind_id < 4) AND (production_year < 2010))",
                          "Rows Removed by Filter": 307043
                        }
                      ]
                    }
                  ]
                }
              ]
            }
          ]
        }
      ]
    },
    "Planning Time": 0.63,
    "Triggers": [],
    "Execution Time": 1123.279
  }
]