[
  {
    "Plan": {
      "Node Type": "Aggregate",
      "Strategy": "Plain",
      "Partial Mode": "Finalize",
      "Parallel Aware": false,
      "Startup Cost": 365052.06,
      "Total Cost": 365052.07,
      "Plan Rows": 1,
      "Plan Width": 8,
      "Actual Startup Time": 1224.638,
      "Actual Total Time": 1280.587,
      "Actual Rows": 1,
      "Actual Loops": 1,
      "Plans": [
        {
          "Node Type": "Gather",
          "Parent Relationship": "Outer",
          "Parallel Aware": false,
          "Startup Cost": 365051.54,
          "Total Cost": 365052.05,
          "Plan Rows": 5,
          "Plan Width": 8,
          "Actual Startup Time": 1220.082,
          "Actual Total Time": 1280.576,
          "Actual Rows": 6,
          "Actual Loops": 1,
          "Workers Planned": 5,
          "Workers Launched": 5,
          "Single Copy": false,
          "Plans": [
            {
              "Node Type": "Aggregate",
              "Strategy": "Plain",
              "Partial Mode": "Partial",
              "Parent Relationship": "Outer",
              "Parallel Aware": false,
              "Startup Cost": 364051.54,
              "Total Cost": 364051.55,
              "Plan Rows": 1,
              "Plan Width": 8,
              "Actual Startup Time": 1210.16,
              "Actual Total Time": 1210.238,
              "Actual Rows": 1,
              "Actual Loops": 6,
              "Plans": [
                {
                  "Node Type": "Hash Join",
                  "Parent Relationship": "Outer",
                  "Parallel Aware": true,
                  "Join Type": "Inner",
                  "Startup Cost": 156845.26,
                  "Total Cost": 361614.58,
                  "Plan Rows": 974781,
                  "Plan Width": 0,
                  "Actual Startup Time": 464.785,
                  "Actual Total Time": 1173.575,
                  "Actual Rows": 841659,
                  "Actual Loops": 6,
                  "Inner Unique": false,
                  "Hash Cond": "(mi.movie_id = t.id)",
                  "Plans": [
                    {
                      "Node Type": "Seq Scan",
                      "Parent Relationship": "Outer",
                      "Parallel Aware": true,
                      "Relation Name": "movie_info",
                      "Alias": "mi",
                      "Startup Cost": 0.0,
                      "Total Cost": 191685.19,
                      "Plan Rows": 2969219,
                      "Plan Width": 4,
                      "Actual Startup Time": 0.04,
                      "Actual Total Time": 293.399,
                      "Actual Rows": 2472620,
                      "Actual Loops": 6
                    },
                    {
                      "Node Type": "Hash",
                      "Parent Relationship": "Inner",
                      "Parallel Aware": true,
                      "Startup Cost": 154770.08,
                      "Total Cost": 154770.08,
                      "Plan Rows": 166014,
                      "Plan Width": 8,
                      "Actual Startup Time": 460.858,
                      "Actual Total Time": 460.934,
                      "Actual Rows": 69654,
                      "Actual Loops": 6,
                      "Hash Buckets": 1048576,
                      "Original Hash Buckets": 1048576,
                      "Hash Batches": 1,
                      "Original Hash Batches": 1,
                      "Peak Memory Usage": 24672,
                      "Plans": [
                        {
                          "Node Type": "Hash Join",
                          "Parent Relationship": "Outer",
                          "Parallel Aware": true,
                          "Join Type": "Inner",
                          "Startup Cost": 45735.91,
                          "Total Cost": 154770.08,
                          "Plan Rows": 166014,
                          "Plan Width": 8,
                          "Actual Startup Time": 136.415,
                          "Actual Total Time": 426.622,
                          "Actual Rows": 69654,
                          "Actual Loops": 6,
                          "Inner Unique": true,
                          "Hash Cond": "(ci.movie_id = t.id)",
                          "Plans": [
                            {
                              "Node Type": "Index Scan",
                              "Parent Relationship": "Outer",
                              "Parallel Aware": true,
                              "Scan Direction": "Forward",
                              "Index Name": "role_id_cast_info",
                              "Relation Name": "cast_info",
                              "Alias": "ci",
                              "Startup Cost": 0.56,
                              "Total Cost": 107159.34,
                              "Plan Rows": 714439,
                              "Plan Width": 4,
                              "Actual Startup Time": 0.203,
                              "Actual Total Time": 150.749,
                              "Actual Rows": 624164,
                              "Actual Loops": 6,
                              "Index Cond": "(role_id = 3)",
                              "Rows Removed by Index Recheck": 0,
                              "Filter": "(person_id > 327235)",
                              "Rows Removed by Filter": 43842
                            },
                            {
                              "Node Type": "Hash",
                              "Parent Relationship": "Inner",
                              "Parallel Aware": true,
                              "Startup Cost": 43899.32,
                              "Total Cost": 43899.32,
                              "Plan Rows": 146882,
                              "Plan Width": 4,
                              "Actual Startup Time": 133.959,
                              "Actual Total Time": 133.961,
                              "Actual Rows": 100568,
                              "Actual Loops": 6,
                              "Hash Buckets": 1048576,
                              "Original Hash Buckets": 1048576,
                              "Hash Batches": 1,
                              "Original Hash Batches": 1,
                              "Peak Memory Usage": 31904,
                              "Plans": [
                                {
                                  "Node Type": "Seq Scan",
                                  "Parent Relationship": "Outer",
                                  "Parallel Aware": true,
                                  "Relation Name": "title",
                                  "Alias": "t",
                                  "Startup Cost": 0.0,
                                  "Total Cost": 43899.32,
                                  "Plan Rows": 146882,
                                  "Plan Width": 4,
                                  "Actual Startup Time": 0.052,
                                  "Actual Total Time": 83.126,
                                  "Actual Rows": 100568,
                                  "Actual Loops": 6,
                                  "Filter": "(production_year < 1986)",
                                  "Rows Removed by Filter": 320817
                                }
                              ]
                            }
                          ]
                        }
                      ]
                    }
                  ]
                }
              ]
            }
          ]
        }
      ]
    },
    "Planning Time": 1.446,
    "Triggers": [],
    "Execution Time": 1280.697
  }
]