[
  {
    "Plan": {
      "Node Type": "Aggregate",
      "Strategy": "Plain",
      "Partial Mode": "Finalize",
      "Parallel Aware": false,
      "Startup Cost": 368509.71,
      "Total Cost": 368509.72,
      "Plan Rows": 1,
      "Plan Width": 8,
      "Actual Startup Time": 1286.049,
      "Actual Total Time": 1338.102,
      "Actual Rows": 1,
      "Actual Loops": 1,
      "Plans": [
        {
          "Node Type": "Gather",
          "Parent Relationship": "Outer",
          "Parallel Aware": false,
          "Startup Cost": 368509.19,
          "Total Cost": 368509.7,
          "Plan Rows": 5,
          "Plan Width": 8,
          "Actual Startup Time": 1276.608,
          "Actual Total Time": 1338.089,
          "Actual Rows": 6,
          "Actual Loops": 1,
          "Workers Planned": 5,
          "Workers Launched": 5,
          "Single Copy": false,
          "Plans": [
            {
              "Node Type": "Aggregate",
              "Strategy": "Plain",
              "Partial Mode": "Partial",
              "Parent Relationship": "Outer",
              "Parallel Aware": false,
              "Startup Cost": 367509.19,
              "Total Cost": 367509.2,
              "Plan Rows": 1,
              "Plan Width": 8,
              "Actual Startup Time": 1265.527,
              "Actual Total Time": 1265.61,
              "Actual Rows": 1,
              "Actual Loops": 6,
              "Plans": [
                {
                  "Node Type": "Hash Join",
                  "Parent Relationship": "Outer",
                  "Parallel Aware": true,
                  "Join Type": "Inner",
                  "Startup Cost": 160292.95,
                  "Total Cost": 364971.32,
                  "Plan Rows": 1015147,
                  "Plan Width": 0,
                  "Actual Startup Time": 460.854,
                  "Actual Total Time": 1229.054,
                  "Actual Rows": 841659,
                  "Actual Loops": 6,
                  "Inner Unique": false,
                  "Hash Cond": "(mi.movie_id = t.id)",
                  "Plans": [
                    {
                      "Node Type": "Seq Scan",
                      "Parent Relationship": "Outer",
                      "Parallel Aware": true,
                      "Relation Name": "movie_info",
                      "Alias": "mi",
                      "Startup Cost": 0.0,
                      "Total Cost": 191560.33,
                      "Plan Rows": 2956733,
                      "Plan Width": 4,
                      "Actual Startup Time": 0.027,
                      "Actual Total Time": 313.269,
                      "Actual Rows": 2472620,
                      "Actual Loops": 6
                    },
                    {
                      "Node Type": "Hash",
                      "Parent Relationship": "Inner",
                      "Parallel Aware": true,
                      "Startup Cost": 158122.82,
                      "Total Cost": 158122.82,
                      "Plan Rows": 173610,
                      "Plan Width": 8,
                      "Actual Startup Time": 457.179,
                      "Actual Total Time": 457.26,
                      "Actual Rows": 69654,
                      "Actual Loops": 6,
                      "Hash Buckets": 1048576,
                      "Original Hash Buckets": 1048576,
                      "Hash Batches": 1,
                      "Original Hash Batches": 1,
                      "Peak Memory Usage": 24672,
                      "Plans": [
                        {
                          "Node Type": "Hash Join",
                          "Parent Relationship": "Outer",
                          "Parallel Aware": true,
                          "Join Type": "Inner",
                          "Startup Cost": 45764.39,
                          "Total Cost": 158122.82,
                          "Plan Rows": 173610,
                          "Plan Width": 8,
                          "Actual Startup Time": 136.815,
                          "Actual Total Time": 424.264,
                          "Actual Rows": 69654,
                          "Actual Loops": 6,
                          "Inner Unique": true,
                          "Hash Cond": "(ci.movie_id = t.id)",
                          "Plans": [
                            {
                              "Node Type": "Index Scan",
                              "Parent Relationship": "Outer",
                              "Parallel Aware": true,
                              "Scan Direction": "Forward",
                              "Index Name": "role_id_cast_info",
                              "Relation Name": "cast_info",
                              "Alias": "ci",
                              "Startup Cost": 0.56,
                              "Total Cost": 110428.26,
                              "Plan Rows": 735519,
                              "Plan Width": 4,
                              "Actual Startup Time": 0.207,
                              "Actual Total Time": 141.932,
                              "Actual Rows": 624164,
                              "Actual Loops": 6,
                              "Index Cond": "(role_id = 3)",
                              "Rows Removed by Index Recheck": 0,
                              "Filter": "(person_id > 327235)",
                              "Rows Removed by Filter": 43842
                            },
                            {
                              "Node Type": "Hash",
                              "Parent Relationship": "Inner",
                              "Parallel Aware": true,
                              "Startup Cost": 43898.92,
                              "Total Cost": 43898.92,
                              "Plan Rows": 149193,
                              "Plan Width": 4,
                              "Actual Startup Time": 134.425,
                              "Actual Total Time": 134.427,
                              "Actual Rows": 100568,
                              "Actual Loops": 6,
                              "Hash Buckets": 1048576,
                              "Original Hash Buckets": 1048576,
                              "Hash Batches": 1,
                              "Original Hash Batches": 1,
                              "Peak Memory Usage": 31872,
                              "Plans": [
                                {
                                  "Node Type": "Seq Scan",
                                  "Parent Relationship": "Outer",
                                  "Parallel Aware": true,
                                  "Relation Name": "title",
                                  "Alias": "t",
                                  "Startup Cost": 0.0,
                                  "Total Cost": 43898.92,
                                  "Plan Rows": 149193,
                                  "Plan Width": 4,
                                  "Actual Startup Time": 0.042,
                                  "Actual Total Time": 83.173,
                                  "Actual Rows": 100568,
                                  "Actual Loops": 6,
                                  "Filter": "(production_year < 1986)",
                                  "Rows Removed by Filter": 320817
                                }
                              ]
                            }
                          ]
                        }
                      ]
                    }
                  ]
                }
              ]
            }
          ]
        }
      ]
    },
    "Planning Time": 1.362,
    "Triggers": [],
    "Execution Time": 1338.215
  }
]