[
  {
    "Plan": {
      "Node Type": "Aggregate",
      "Strategy": "Plain",
      "Partial Mode": "Finalize",
      "Parallel Aware": false,
      "Startup Cost": 331128.69,
      "Total Cost": 331128.7,
      "Plan Rows": 1,
      "Plan Width": 8,
      "Actual Startup Time": 593.845,
      "Actual Total Time": 649.542,
      "Actual Rows": 1,
      "Actual Loops": 1,
      "Plans": [
        {
          "Node Type": "Gather",
          "Parent Relationship": "Outer",
          "Parallel Aware": false,
          "Startup Cost": 331128.07,
          "Total Cost": 331128.67,
          "Plan Rows": 6,
          "Plan Width": 8,
          "Actual Startup Time": 593.721,
          "Actual Total Time": 649.53,
          "Actual Rows": 7,
          "Actual Loops": 1,
          "Workers Planned": 6,
          "Workers Launched": 6,
          "Single Copy": false,
          "Plans": [
            {
              "Node Type": "Aggregate",
              "Strategy": "Plain",
              "Partial Mode": "Partial",
              "Parent Relationship": "Outer",
              "Parallel Aware": false,
              "Startup Cost": 330128.07,
              "Total Cost": 330128.08,
              "Plan Rows": 1,
              "Plan Width": 8,
              "Actual Startup Time": 583.268,
              "Actual Total Time": 583.269,
              "Actual Rows": 1,
              "Actual Loops": 7,
              "Plans": [
                {
                  "Node Type": "Seq Scan",
                  "Parent Relationship": "Outer",
                  "Parallel Aware": true,
                  "Relation Name": "cast_info",
                  "Alias": "ci",
                  "Startup Cost": 0.0,
                  "Total Cost": 328162.03,
                  "Plan Rows": 786416,
                  "Plan Width": 0,
                  "Actual Startup Time": 0.05,
                  "Actual Total Time": 548.686,
                  "Actual Rows": 693593,
                  "Actual Loops": 7,
                  "Filter": "(person_id < 471573)",
                  "Rows Removed by Filter": 4484170
                }
              ]
            }
          ]
        }
      ]
    },
    "Planning Time": 0.201,
    "Triggers": [],
    "Execution Time": 649.615
  }
]