{
  "Plan": {
    "Node Type": "Aggregate",
    "Strategy": "Plain",
    "Partial Mode": "Finalize",
    "Parallel Aware": false,
    "Startup Cost": 389441.03,
    "Total Cost": 389441.04,
    "Plan Rows": 1,
    "Plan Width": 8,
    "Actual Startup Time": 967.609,
    "Actual Total Time": 981.568,
    "Actual Rows": 1,
    "Actual Loops": 1,
    "Plans": [
      {
        "Node Type": "Gather",
        "Parent Relationship": "Outer",
        "Parallel Aware": false,
        "Startup Cost": 389440.91,
        "Total Cost": 389441.02,
        "Plan Rows": 1,
        "Plan Width": 8,
        "Actual Startup Time": 964.819,
        "Actual Total Time": 981.562,
        "Actual Rows": 2,
        "Actual Loops": 1,
        "Workers Planned": 1,
        "Workers Launched": 1,
        "Single Copy": false,
        "Plans": [
          {
            "Node Type": "Aggregate",
            "Strategy": "Plain",
            "Partial Mode": "Partial",
            "Parent Relationship": "Outer",
            "Parallel Aware": false,
            "Startup Cost": 388440.91,
            "Total Cost": 388440.92,
            "Plan Rows": 1,
            "Plan Width": 8,
            "Actual Startup Time": 956.983,
            "Actual Total Time": 956.986,
            "Actual Rows": 1,
            "Actual Loops": 2,
            "Plans": [
              {
                "Node Type": "Hash Join",
                "Parent Relationship": "Outer",
                "Parallel Aware": true,
                "Join Type": "Inner",
                "Startup Cost": 114759.05,
                "Total Cost": 386159.24,
                "Plan Rows": 912668,
                "Plan Width": 0,
                "Actual Startup Time": 469.777,
                "Actual Total Time": 924.463,
                "Actual Rows": 765772,
                "Actual Loops": 2,
                "Inner Unique": true,
                "Hash Cond": "(ci.movie_id = t.id)",
                "Plans": [
                  {
                    "Node Type": "Bitmap Heap Scan",
                    "Parent Relationship": "Outer",
                    "Parallel Aware": true,
                    "Relation Name": "cast_info",
                    "Alias": "ci",
                    "Startup Cost": 46457.15,
                    "Total Cost": 314609.6,
                    "Plan Rows": 1237236,
                    "Plan Width": 4,
                    "Actual Startup Time": 69.515,
                    "Actual Total Time": 179.766,
                    "Actual Rows": 1009004,
                    "Actual Loops": 2,
                    "Recheck Cond": "(person_id > 3665488)",
                    "Rows Removed by Index Recheck": 0,
                    "Exact Heap Blocks": 15307,
                    "Lossy Heap Blocks": 0,
                    "Plans": [
                      {
                        "Node Type": "Bitmap Index Scan",
                        "Parent Relationship": "Outer",
                        "Parallel Aware": false,
                        "Index Name": "person_id_cast_info",
                        "Startup Cost": 0.0,
                        "Total Cost": 45931.32,
                        "Plan Rows": 2103301,
                        "Plan Width": 0,
                        "Actual Startup Time": 64.82,
                        "Actual Total Time": 64.82,
                        "Actual Rows": 2018007,
                        "Actual Loops": 1,
                        "Index Cond": "(person_id > 3665488)"
                      }
                    ]
                  },
                  {
                    "Node Type": "Hash",
                    "Parent Relationship": "Inner",
                    "Parallel Aware": true,
                    "Startup Cost": 54588.39,
                    "Total Cost": 54588.39,
                    "Plan Rows": 1097081,
                    "Plan Width": 4,
                    "Actual Startup Time": 385.93,
                    "Actual Total Time": 385.931,
                    "Actual Rows": 932744,
                    "Actual Loops": 2,
                    "Hash Buckets": 2097152,
                    "Original Hash Buckets": 2097152,
                    "Hash Batches": 1,
                    "Original Hash Batches": 1,
                    "Peak Memory Usage": 89376,
                    "Plans": [
                      {
                        "Node Type": "Seq Scan",
                        "Parent Relationship": "Outer",
                        "Parallel Aware": true,
                        "Relation Name": "title",
                        "Alias": "t",
                        "Startup Cost": 0.0,
                        "Total Cost": 54588.39,
                        "Plan Rows": 1097081,
                        "Plan Width": 4,
                        "Actual Startup Time": 0.027,
                        "Actual Total Time": 160.28,
                        "Actual Rows": 932744,
                        "Actual Loops": 2,
                        "Filter": "(kind_id > 1)",
                        "Rows Removed by Filter": 331412
                      }
                    ]
                  }
                ]
              }
            ]
          }
        ]
      }
    ]
  },
  "Planning Time": 0.616,
  "Triggers": [],
  "Execution Time": 981.654
}