[
  {
    "Plan": {
      "Node Type": "Aggregate",
      "Strategy": "Plain",
      "Partial Mode": "Finalize",
      "Parallel Aware": false,
      "Startup Cost": 251352.42,
      "Total Cost": 251352.43,
      "Plan Rows": 1,
      "Plan Width": 8,
      "Actual Startup Time": 787.388,
      "Actual Total Time": 831.744,
      "Actual Rows": 1,
      "Actual Loops": 1,
      "Plans": [
        {
          "Node Type": "Gather",
          "Parent Relationship": "Outer",
          "Parallel Aware": false,
          "Startup Cost": 251351.9,
          "Total Cost": 251352.41,
          "Plan Rows": 5,
          "Plan Width": 8,
          "Actual Startup Time": 784.006,
          "Actual Total Time": 831.735,
          "Actual Rows": 6,
          "Actual Loops": 1,
          "Workers Planned": 5,
          "Workers Launched": 5,
          "Single Copy": false,
          "Plans": [
            {
              "Node Type": "Aggregate",
              "Strategy": "Plain",
              "Partial Mode": "Partial",
              "Parent Relationship": "Outer",
              "Parallel Aware": false,
              "Startup Cost": 250351.9,
              "Total Cost": 250351.91,
              "Plan Rows": 1,
              "Plan Width": 8,
              "Actual Startup Time": 774.883,
              "Actual Total Time": 774.886,
              "Actual Rows": 1,
              "Actual Loops": 6,
              "Plans": [
                {
                  "Node Type": "Hash Join",
                  "Parent Relationship": "Outer",
                  "Parallel Aware": true,
                  "Join Type": "Inner",
                  "Startup Cost": 47386.86,
                  "Total Cost": 249630.98,
                  "Plan Rows": 288365,
                  "Plan Width": 0,
                  "Actual Startup Time": 144.482,
                  "Actual Total Time": 749.149,
                  "Actual Rows": 475238,
                  "Actual Loops": 6,
                  "Inner Unique": true,
                  "Hash Cond": "(mi.movie_id = t.id)",
                  "Plans": [
                    {
                      "Node Type": "Seq Scan",
                      "Parent Relationship": "Outer",
                      "Parallel Aware": true,
                      "Relation Name": "movie_info",
                      "Alias": "mi",
                      "Startup Cost": 0.0,
                      "Total Cost": 199108.24,
                      "Plan Rows": 1194621,
                      "Plan Width": 4,
                      "Actual Startup Time": 0.035,
                      "Actual Total Time": 374.021,
                      "Actual Rows": 980827,
                      "Actual Loops": 6,
                      "Filter": "(info_type_id < 7)",
                      "Rows Removed by Filter": 1491793
                    },
                    {
                      "Node Type": "Hash",
                      "Parent Relationship": "Inner",
                      "Parallel Aware": true,
                      "Startup Cost": 45479.59,
                      "Total Cost": 45479.59,
                      "Plan Rows": 152582,
                      "Plan Width": 4,
                      "Actual Startup Time": 127.147,
                      "Actual Total Time": 127.148,
                      "Actual Rows": 88077,
                      "Actual Loops": 6,
                      "Hash Buckets": 1048576,
                      "Original Hash Buckets": 1048576,
                      "Hash Batches": 1,
                      "Original Hash Batches": 1,
                      "Peak Memory Usage": 28992,
                      "Plans": [
                        {
                          "Node Type": "Seq Scan",
                          "Parent Relationship": "Outer",
                          "Parallel Aware": true,
                          "Relation Name": "title",
                          "Alias": "t",
                          "Startup Cost": 0.0,
                          "Total Cost": 45479.59,
                          "Plan Rows": 152582,
                          "Plan Width": 4,
                          "Actual Startup Time": 43.434,
                          "Actual Total Time": 89.641,
                          "Actual Rows": 88077,
                          "Actual Loops": 6,
                          "Filter": "((production_year > 1934) AND (kind_id = 1))",
                          "Rows Removed by Filter": 333308
                        }
                      ]
                    }
                  ]
                }
              ]
            }
          ]
        }
      ]
    },
    "Planning Time": 0.451,
    "Triggers": [],
    "Execution Time": 831.797
  }
]