[
  {
    "Plan": {
      "Node Type": "Aggregate",
      "Strategy": "Plain",
      "Partial Mode": "Finalize",
      "Parallel Aware": false,
      "Startup Cost": 81157.43,
      "Total Cost": 81157.44,
      "Plan Rows": 1,
      "Plan Width": 8,
      "Actual Startup Time": 282.995,
      "Actual Total Time": 297.963,
      "Actual Rows": 1,
      "Actual Loops": 1,
      "Plans": [
        {
          "Node Type": "Gather",
          "Parent Relationship": "Outer",
          "Parallel Aware": false,
          "Startup Cost": 81157.01,
          "Total Cost": 81157.42,
          "Plan Rows": 4,
          "Plan Width": 8,
          "Actual Startup Time": 279.713,
          "Actual Total Time": 297.952,
          "Actual Rows": 5,
          "Actual Loops": 1,
          "Workers Planned": 4,
          "Workers Launched": 4,
          "Single Copy": false,
          "Plans": [
            {
              "Node Type": "Aggregate",
              "Strategy": "Plain",
              "Partial Mode": "Partial",
              "Parent Relationship": "Outer",
              "Parallel Aware": false,
              "Startup Cost": 80157.01,
              "Total Cost": 80157.02,
              "Plan Rows": 1,
              "Plan Width": 8,
              "Actual Startup Time": 270.278,
              "Actual Total Time": 270.28,
              "Actual Rows": 1,
              "Actual Loops": 5,
              "Plans": [
                {
                  "Node Type": "Hash Join",
                  "Parent Relationship": "Outer",
                  "Parallel Aware": true,
                  "Join Type": "Inner",
                  "Startup Cost": 33823.01,
                  "Total Cost": 79783.74,
                  "Plan Rows": 149307,
                  "Plan Width": 0,
                  "Actual Startup Time": 105.937,
                  "Actual Total Time": 266.725,
                  "Actual Rows": 77346,
                  "Actual Loops": 5,
                  "Inner Unique": false,
                  "Hash Cond": "(t.id = mc.movie_id)",
                  "Plans": [
                    {
                      "Node Type": "Seq Scan",
                      "Parent Relationship": "Outer",
                      "Parallel Aware": true,
                      "Relation Name": "title",
                      "Alias": "t",
                      "Startup Cost": 0.0,
                      "Total Cost": 42318.73,
                      "Plan Rows": 632073,
                      "Plan Width": 4,
                      "Actual Startup Time": 0.01,
                      "Actual Total Time": 62.11,
                      "Actual Rows": 505662,
                      "Actual Loops": 5
                    },
                    {
                      "Node Type": "Hash",
                      "Parent Relationship": "Inner",
                      "Parallel Aware": true,
                      "Startup Cost": 31414.82,
                      "Total Cost": 31414.82,
                      "Plan Rows": 192655,
                      "Plan Width": 4,
                      "Actual Startup Time": 101.619,
                      "Actual Total Time": 101.62,
                      "Actual Rows": 77346,
                      "Actual Loops": 5,
                      "Hash Buckets": 1048576,
                      "Original Hash Buckets": 1048576,
                      "Hash Batches": 1,
                      "Original Hash Batches": 1,
                      "Peak Memory Usage": 23392,
                      "Plans": [
                        {
                          "Node Type": "Seq Scan",
                          "Parent Relationship": "Outer",
                          "Parallel Aware": true,
                          "Relation Name": "movie_companies",
                          "Alias": "mc",
                          "Startup Cost": 0.0,
                          "Total Cost": 31414.82,
                          "Plan Rows": 192655,
                          "Plan Width": 4,
                          "Actual Startup Time": 46.121,
                          "Actual Total Time": 72.451,
                          "Actual Rows": 77346,
                          "Actual Loops": 5,
                          "Filter": "((company_id < 9969) AND (company_type_id > 1))",
                          "Rows Removed by Filter": 444480
                        }
                      ]
                    }
                  ]
                }
              ]
            }
          ]
        }
      ]
    },
    "Planning Time": 0.662,
    "Triggers": [],
    "Execution Time": 298.039
  }
]