[
  {
    "Plan": {
      "Node Type": "Aggregate",
      "Strategy": "Plain",
      "Partial Mode": "Finalize",
      "Parallel Aware": false,
      "Startup Cost": 209011.09,
      "Total Cost": 209011.1,
      "Plan Rows": 1,
      "Plan Width": 8,
      "Actual Startup Time": 124.213,
      "Actual Total Time": 140.37,
      "Actual Rows": 1,
      "Actual Loops": 1,
      "Plans": [
        {
          "Node Type": "Gather",
          "Parent Relationship": "Outer",
          "Parallel Aware": false,
          "Startup Cost": 209010.67,
          "Total Cost": 209011.08,
          "Plan Rows": 4,
          "Plan Width": 8,
          "Actual Startup Time": 123.934,
          "Actual Total Time": 140.358,
          "Actual Rows": 5,
          "Actual Loops": 1,
          "Workers Planned": 4,
          "Workers Launched": 4,
          "Single Copy": false,
          "Plans": [
            {
              "Node Type": "Aggregate",
              "Strategy": "Plain",
              "Partial Mode": "Partial",
              "Parent Relationship": "Outer",
              "Parallel Aware": false,
              "Startup Cost": 208010.67,
              "Total Cost": 208010.68,
              "Plan Rows": 1,
              "Plan Width": 8,
              "Actual Startup Time": 115.689,
              "Actual Total Time": 115.691,
              "Actual Rows": 1,
              "Actual Loops": 5,
              "Plans": [
                {
                  "Node Type": "Nested Loop",
                  "Parent Relationship": "Outer",
                  "Parallel Aware": false,
                  "Join Type": "Inner",
                  "Startup Cost": 0.43,
                  "Total Cost": 207984.16,
                  "Plan Rows": 10604,
                  "Plan Width": 0,
                  "Actual Startup Time": 0.416,
                  "Actual Total Time": 114.951,
                  "Actual Rows": 7058,
                  "Actual Loops": 5,
                  "Inner Unique": false,
                  "Plans": [
                    {
                      "Node Type": "Seq Scan",
                      "Parent Relationship": "Outer",
                      "Parallel Aware": true,
                      "Relation Name": "title",
                      "Alias": "t",
                      "Startup Cost": 0.0,
                      "Total Cost": 45479.59,
                      "Plan Rows": 1806,
                      "Plan Width": 4,
                      "Actual Startup Time": 0.225,
                      "Actual Total Time": 84.955,
                      "Actual Rows": 1041,
                      "Actual Loops": 5,
                      "Filter": "((kind_id > 1) AND (production_year = 1955))",
                      "Rows Removed by Filter": 504621
                    },
                    {
                      "Node Type": "Index Only Scan",
                      "Parent Relationship": "Inner",
                      "Parallel Aware": false,
                      "Scan Direction": "Forward",
                      "Index Name": "movie_id_movie_info",
                      "Relation Name": "movie_info",
                      "Alias": "mi",
                      "Startup Cost": 0.43,
                      "Total Cost": 89.57,
                      "Plan Rows": 41,
                      "Plan Width": 4,
                      "Actual Startup Time": 0.012,
                      "Actual Total Time": 0.027,
                      "Actual Rows": 7,
                      "Actual Loops": 5206,
                      "Index Cond": "(movie_id = t.id)",
                      "Rows Removed by Index Recheck": 0,
                      "Heap Fetches": 35292
                    }
                  ]
                }
              ]
            }
          ]
        }
      ]
    },
    "Planning Time": 0.323,
    "Triggers": [],
    "Execution Time": 140.419
  }
]