[
  {
    "Plan": {
      "Node Type": "Aggregate",
      "Strategy": "Plain",
      "Partial Mode": "Finalize",
      "Parallel Aware": false,
      "Startup Cost": 78210.77,
      "Total Cost": 78210.78,
      "Plan Rows": 1,
      "Plan Width": 8,
      "Actual Startup Time": 339.601,
      "Actual Total Time": 356.83,
      "Actual Rows": 1,
      "Actual Loops": 1,
      "Plans": [
        {
          "Node Type": "Gather",
          "Parent Relationship": "Outer",
          "Parallel Aware": false,
          "Startup Cost": 78210.45,
          "Total Cost": 78210.76,
          "Plan Rows": 3,
          "Plan Width": 8,
          "Actual Startup Time": 335.19,
          "Actual Total Time": 356.818,
          "Actual Rows": 4,
          "Actual Loops": 1,
          "Workers Planned": 3,
          "Workers Launched": 3,
          "Single Copy": false,
          "Plans": [
            {
              "Node Type": "Aggregate",
              "Strategy": "Plain",
              "Partial Mode": "Partial",
              "Parent Relationship": "Outer",
              "Parallel Aware": false,
              "Startup Cost": 77210.45,
              "Total Cost": 77210.46,
              "Plan Rows": 1,
              "Plan Width": 8,
              "Actual Startup Time": 330.984,
              "Actual Total Time": 330.987,
              "Actual Rows": 1,
              "Actual Loops": 4,
              "Plans": [
                {
                  "Node Type": "Hash Join",
                  "Parent Relationship": "Outer",
                  "Parallel Aware": true,
                  "Join Type": "Inner",
                  "Startup Cost": 46928.39,
                  "Total Cost": 77066.04,
                  "Plan Rows": 57765,
                  "Plan Width": 0,
                  "Actual Startup Time": 184.175,
                  "Actual Total Time": 326.484,
                  "Actual Rows": 81516,
                  "Actual Loops": 4,
                  "Inner Unique": true,
                  "Hash Cond": "(mc.movie_id = t.id)",
                  "Plans": [
                    {
                      "Node Type": "Seq Scan",
                      "Parent Relationship": "Outer",
                      "Parallel Aware": true,
                      "Relation Name": "movie_companies",
                      "Alias": "mc",
                      "Startup Cost": 0.0,
                      "Total Cost": 29310.68,
                      "Plan Rows": 315036,
                      "Plan Width": 4,
                      "Actual Startup Time": 0.012,
                      "Actual Total Time": 77.255,
                      "Actual Rows": 244360,
                      "Actual Loops": 4,
                      "Filter": "(company_id < 4330)",
                      "Rows Removed by Filter": 407923
                    },
                    {
                      "Node Type": "Hash",
                      "Parent Relationship": "Inner",
                      "Parallel Aware": true,
                      "Startup Cost": 45479.59,
                      "Total Cost": 45479.59,
                      "Plan Rows": 115904,
                      "Plan Width": 4,
                      "Actual Startup Time": 182.193,
                      "Actual Total Time": 182.194,
                      "Actual Rows": 139373,
                      "Actual Loops": 4,
                      "Hash Buckets": 1048576,
                      "Original Hash Buckets": 524288,
                      "Hash Batches": 1,
                      "Original Hash Batches": 1,
                      "Peak Memory Usage": 34144,
                      "Plans": [
                        {
                          "Node Type": "Seq Scan",
                          "Parent Relationship": "Outer",
                          "Parallel Aware": true,
                          "Relation Name": "title",
                          "Alias": "t",
                          "Startup Cost": 0.0,
                          "Total Cost": 45479.59,
                          "Plan Rows": 115904,
                          "Plan Width": 4,
                          "Actual Startup Time": 0.028,
                          "Actual Total Time": 110.73,
                          "Actual Rows": 139373,
                          "Actual Loops": 4,
                          "Filter": "((kind_id < 7) AND (production_year < 2003))",
                          "Rows Removed by Filter": 492705
                        }
                      ]
                    }
                  ]
                }
              ]
            }
          ]
        }
      ]
    },
    "Planning Time": 0.337,
    "Triggers": [],
    "Execution Time": 356.874
  }
]