[
  {
    "Plan": {
      "Node Type": "Aggregate",
      "Strategy": "Plain",
      "Partial Mode": "Finalize",
      "Parallel Aware": false,
      "Startup Cost": 330654.19,
      "Total Cost": 330654.2,
      "Plan Rows": 1,
      "Plan Width": 8,
      "Actual Startup Time": 594.982,
      "Actual Total Time": 651.628,
      "Actual Rows": 1,
      "Actual Loops": 1,
      "Plans": [
        {
          "Node Type": "Gather",
          "Parent Relationship": "Outer",
          "Parallel Aware": false,
          "Startup Cost": 330653.57,
          "Total Cost": 330654.18,
          "Plan Rows": 6,
          "Plan Width": 8,
          "Actual Startup Time": 594.791,
          "Actual Total Time": 651.615,
          "Actual Rows": 7,
          "Actual Loops": 1,
          "Workers Planned": 6,
          "Workers Launched": 6,
          "Single Copy": false,
          "Plans": [
            {
              "Node Type": "Aggregate",
              "Strategy": "Plain",
              "Partial Mode": "Partial",
              "Parent Relationship": "Outer",
              "Parallel Aware": false,
              "Startup Cost": 329653.57,
              "Total Cost": 329653.58,
              "Plan Rows": 1,
              "Plan Width": 8,
              "Actual Startup Time": 584.662,
              "Actual Total Time": 584.663,
              "Actual Rows": 1,
              "Actual Loops": 7,
              "Plans": [
                {
                  "Node Type": "Seq Scan",
                  "Parent Relationship": "Outer",
                  "Parallel Aware": true,
                  "Relation Name": "cast_info",
                  "Alias": "ci",
                  "Startup Cost": 0.0,
                  "Total Cost": 328211.39,
                  "Plan Rows": 576871,
                  "Plan Width": 0,
                  "Actual Startup Time": 435.632,
                  "Actual Total Time": 560.226,
                  "Actual Rows": 485879,
                  "Actual Loops": 7,
                  "Filter": "(person_id > 3438478)",
                  "Rows Removed by Filter": 4691884
                }
              ]
            }
          ]
        }
      ]
    },
    "Planning Time": 0.107,
    "Triggers": [],
    "Execution Time": 651.674
  }
]