[
  {
    "Plan": {
      "Node Type": "Aggregate",
      "Strategy": "Plain",
      "Partial Mode": "Finalize",
      "Parallel Aware": false,
      "Startup Cost": 585291.24,
      "Total Cost": 585291.25,
      "Plan Rows": 1,
      "Plan Width": 8,
      "Actual Startup Time": 2550.249,
      "Actual Total Time": 2641.2,
      "Actual Rows": 1,
      "Actual Loops": 1,
      "Plans": [
        {
          "Node Type": "Gather",
          "Parent Relationship": "Outer",
          "Parallel Aware": false,
          "Startup Cost": 585290.61,
          "Total Cost": 585291.22,
          "Plan Rows": 6,
          "Plan Width": 8,
          "Actual Startup Time": 2510.629,
          "Actual Total Time": 2641.175,
          "Actual Rows": 7,
          "Actual Loops": 1,
          "Workers Planned": 6,
          "Workers Launched": 6,
          "Single Copy": false,
          "Plans": [
            {
              "Node Type": "Aggregate",
              "Strategy": "Plain",
              "Partial Mode": "Partial",
              "Parent Relationship": "Outer",
              "Parallel Aware": false,
              "Startup Cost": 584290.61,
              "Total Cost": 584290.62,
              "Plan Rows": 1,
              "Plan Width": 8,
              "Actual Startup Time": 2483.728,
              "Actual Total Time": 2483.925,
              "Actual Rows": 1,
              "Actual Loops": 7,
              "Plans": [
                {
                  "Node Type": "Hash Join",
                  "Parent Relationship": "Outer",
                  "Parallel Aware": true,
                  "Join Type": "Inner",
                  "Startup Cost": 243194.43,
                  "Total Cost": 581542.6,
                  "Plan Rows": 1099205,
                  "Plan Width": 0,
                  "Actual Startup Time": 903.668,
                  "Actual Total Time": 2419.369,
                  "Actual Rows": 1149752,
                  "Actual Loops": 7,
                  "Inner Unique": false,
                  "Hash Cond": "(ci.movie_id = t.id)",
                  "Plans": [
                    {
                      "Node Type": "Seq Scan",
                      "Parent Relationship": "Outer",
                      "Parallel Aware": true,
                      "Relation Name": "cast_info",
                      "Alias": "ci",
                      "Startup Cost": 0.0,
                      "Total Cost": 328211.39,
                      "Plan Rows": 2116898,
                      "Plan Width": 4,
                      "Actual Startup Time": 0.052,
                      "Actual Total Time": 803.359,
                      "Actual Rows": 1810098,
                      "Actual Loops": 7,
                      "Filter": "(role_id = 1)",
                      "Rows Removed by Filter": 3367665
                    },
                    {
                      "Node Type": "Hash",
                      "Parent Relationship": "Inner",
                      "Parallel Aware": true,
                      "Startup Cost": 239912.21,
                      "Total Cost": 239912.21,
                      "Plan Rows": 262578,
                      "Plan Width": 8,
                      "Actual Startup Time": 898.041,
                      "Actual Total Time": 898.234,
                      "Actual Rows": 189337,
                      "Actual Loops": 7,
                      "Hash Buckets": 2097152,
                      "Original Hash Buckets": 2097152,
                      "Hash Batches": 1,
                      "Original Hash Batches": 1,
                      "Peak Memory Usage": 68320,
                      "Plans": [
                        {
                          "Node Type": "Hash Join",
                          "Parent Relationship": "Outer",
                          "Parallel Aware": true,
                          "Join Type": "Inner",
                          "Startup Cost": 73947.71,
                          "Total Cost": 239912.21,
                          "Plan Rows": 262578,
                          "Plan Width": 8,
                          "Actual Startup Time": 579.72,
                          "Actual Total Time": 734.873,
                          "Actual Rows": 189337,
                          "Actual Loops": 7,
                          "Inner Unique": true,
                          "Hash Cond": "(mi.movie_id = t.id)",
                          "Plans": [
                            {
                              "Node Type": "Bitmap Heap Scan",
                              "Parent Relationship": "Outer",
                              "Parallel Aware": true,
                              "Relation Name": "movie_info",
                              "Alias": "mi",
                              "Startup Cost": 23727.33,
                              "Total Cost": 189002.56,
                              "Plan Rows": 262578,
                              "Plan Width": 4,
                              "Actual Startup Time": 42.214,
                              "Actual Total Time": 77.004,
                              "Actual Rows": 189337,
                              "Actual Loops": 7,
                              "Recheck Cond": "(info_type_id = 8)",
                              "Rows Removed by Index Recheck": 0,
                              "Exact Heap Blocks": 1415,
                              "Lossy Heap Blocks": 0,
                              "Plans": [
                                {
                                  "Node Type": "Bitmap Index Scan",
                                  "Parent Relationship": "Outer",
                                  "Parallel Aware": false,
                                  "Index Name": "info_type_id_movie_info",
                                  "Startup Cost": 0.0,
                                  "Total Cost": 23399.11,
                                  "Plan Rows": 1312890,
                                  "Plan Width": 0,
                                  "Actual Startup Time": 40.737,
                                  "Actual Total Time": 40.739,
                                  "Actual Rows": 1325361,
                                  "Actual Loops": 1,
                                  "Index Cond": "(info_type_id = 8)"
                                }
                              ]
                            },
                            {
                              "Node Type": "Hash",
                              "Parent Relationship": "Inner",
                              "Parallel Aware": true,
                              "Startup Cost": 42319.06,
                              "Total Cost": 42319.06,
                              "Plan Rows": 632106,
                              "Plan Width": 4,
                              "Actual Startup Time": 530.545,
                              "Actual Total Time": 530.547,
                              "Actual Rows": 361187,
                              "Actual Loops": 7,
                              "Hash Buckets": 4194304,
                              "Original Hash Buckets": 4194304,
                              "Hash Batches": 1,
                              "Original Hash Batches": 1,
                              "Peak Memory Usage": 131776,
                              "Plans": [
                                {
                                  "Node Type": "Seq Scan",
                                  "Parent Relationship": "Outer",
                                  "Parallel Aware": true,
                                  "Relation Name": "title",
                                  "Alias": "t",
                                  "Startup Cost": 0.0,
                                  "Total Cost": 42319.06,
                                  "Plan Rows": 632106,
                                  "Plan Width": 4,
                                  "Actual Startup Time": 0.058,
                                  "Actual Total Time": 119.825,
                                  "Actual Rows": 361187,
                                  "Actual Loops": 7
                                }
                              ]
                            }
                          ]
                        }
                      ]
                    }
                  ]
                }
              ]
            }
          ]
        }
      ]
    },
    "Planning Time": 0.624,
    "Triggers": [],
    "Execution Time": 2641.285
  }
]