[
  {
    "Plan": {
      "Node Type": "Aggregate",
      "Strategy": "Plain",
      "Partial Mode": "Finalize",
      "Parallel Aware": false,
      "Startup Cost": 342930.96,
      "Total Cost": 342930.97,
      "Plan Rows": 1,
      "Plan Width": 8,
      "Actual Startup Time": 876.878,
      "Actual Total Time": 921.129,
      "Actual Rows": 1,
      "Actual Loops": 1,
      "Plans": [
        {
          "Node Type": "Gather",
          "Parent Relationship": "Outer",
          "Parallel Aware": false,
          "Startup Cost": 342930.34,
          "Total Cost": 342930.95,
          "Plan Rows": 6,
          "Plan Width": 8,
          "Actual Startup Time": 876.693,
          "Actual Total Time": 921.119,
          "Actual Rows": 7,
          "Actual Loops": 1,
          "Workers Planned": 6,
          "Workers Launched": 6,
          "Single Copy": false,
          "Plans": [
            {
              "Node Type": "Aggregate",
              "Strategy": "Plain",
              "Partial Mode": "Partial",
              "Parent Relationship": "Outer",
              "Parallel Aware": false,
              "Startup Cost": 341930.34,
              "Total Cost": 341930.35,
              "Plan Rows": 1,
              "Plan Width": 8,
              "Actual Startup Time": 869.136,
              "Actual Total Time": 869.137,
              "Actual Rows": 1,
              "Actual Loops": 7,
              "Plans": [
                {
                  "Node Type": "Seq Scan",
                  "Parent Relationship": "Outer",
                  "Parallel Aware": true,
                  "Relation Name": "cast_info",
                  "Alias": "ci",
                  "Startup Cost": 0.0,
                  "Total Cost": 328211.39,
                  "Plan Rows": 5487579,
                  "Plan Width": 0,
                  "Actual Startup Time": 0.047,
                  "Actual Total Time": 644.601,
                  "Actual Rows": 4713293,
                  "Actual Loops": 7,
                  "Filter": "(person_id < 3463358)",
                  "Rows Removed by Filter": 464470
                }
              ]
            }
          ]
        }
      ]
    },
    "Planning Time": 0.082,
    "Triggers": [],
    "Execution Time": 921.17
  }
]