[
  {
    "Plan": {
      "Node Type": "Aggregate",
      "Strategy": "Plain",
      "Partial Mode": "Finalize",
      "Parallel Aware": false,
      "Startup Cost": 389172.94,
      "Total Cost": 389172.95,
      "Plan Rows": 1,
      "Plan Width": 8,
      "Actual Startup Time": 1464.807,
      "Actual Total Time": 1526.182,
      "Actual Rows": 1,
      "Actual Loops": 1,
      "Plans": [
        {
          "Node Type": "Gather",
          "Parent Relationship": "Outer",
          "Parallel Aware": false,
          "Startup Cost": 389172.31,
          "Total Cost": 389172.92,
          "Plan Rows": 6,
          "Plan Width": 8,
          "Actual Startup Time": 1463.064,
          "Actual Total Time": 1526.169,
          "Actual Rows": 7,
          "Actual Loops": 1,
          "Workers Planned": 6,
          "Workers Launched": 6,
          "Single Copy": false,
          "Plans": [
            {
              "Node Type": "Aggregate",
              "Strategy": "Plain",
              "Partial Mode": "Partial",
              "Parent Relationship": "Outer",
              "Parallel Aware": false,
              "Startup Cost": 388172.31,
              "Total Cost": 388172.32,
              "Plan Rows": 1,
              "Plan Width": 8,
              "Actual Startup Time": 1455.657,
              "Actual Total Time": 1455.66,
              "Actual Rows": 1,
              "Actual Loops": 7,
              "Plans": [
                {
                  "Node Type": "Hash Join",
                  "Parent Relationship": "Outer",
                  "Parallel Aware": true,
                  "Join Type": "Inner",
                  "Startup Cost": 44616.0,
                  "Total Cost": 386952.16,
                  "Plan Rows": 488061,
                  "Plan Width": 0,
                  "Actual Startup Time": 130.038,
                  "Actual Total Time": 1432.977,
                  "Actual Rows": 443814,
                  "Actual Loops": 7,
                  "Inner Unique": true,
                  "Hash Cond": "(ci.movie_id = t.id)",
                  "Plans": [
                    {
                      "Node Type": "Seq Scan",
                      "Parent Relationship": "Outer",
                      "Parallel Aware": true,
                      "Relation Name": "cast_info",
                      "Alias": "ci",
                      "Startup Cost": 0.0,
                      "Total Cost": 328211.39,
                      "Plan Rows": 5380857,
                      "Plan Width": 4,
                      "Actual Startup Time": 43.459,
                      "Actual Total Time": 662.226,
                      "Actual Rows": 4588468,
                      "Actual Loops": 7,
                      "Filter": "(person_id > 396456)",
                      "Rows Removed by Filter": 589295
                    },
                    {
                      "Node Type": "Hash",
                      "Parent Relationship": "Inner",
                      "Parallel Aware": true,
                      "Startup Cost": 43899.32,
                      "Total Cost": 43899.32,
                      "Plan Rows": 57334,
                      "Plan Width": 4,
                      "Actual Startup Time": 85.265,
                      "Actual Total Time": 85.266,
                      "Actual Rows": 33093,
                      "Actual Loops": 7,
                      "Hash Buckets": 262144,
                      "Original Hash Buckets": 262144,
                      "Hash Batches": 1,
                      "Original Hash Batches": 1,
                      "Peak Memory Usage": 11200,
                      "Plans": [
                        {
                          "Node Type": "Seq Scan",
                          "Parent Relationship": "Outer",
                          "Parallel Aware": true,
                          "Relation Name": "title",
                          "Alias": "t",
                          "Startup Cost": 0.0,
                          "Total Cost": 43899.32,
                          "Plan Rows": 57334,
                          "Plan Width": 4,
                          "Actual Startup Time": 0.037,
                          "Actual Total Time": 71.504,
                          "Actual Rows": 33093,
                          "Actual Loops": 7,
                          "Filter": "(production_year > 2011)",
                          "Rows Removed by Filter": 328095
                        }
                      ]
                    }
                  ]
                }
              ]
            }
          ]
        }
      ]
    },
    "Planning Time": 0.274,
    "Triggers": [],
    "Execution Time": 1526.237
  }
]