[
  {
    "Plan": {
      "Node Type": "Aggregate",
      "Strategy": "Plain",
      "Partial Mode": "Finalize",
      "Parallel Aware": false,
      "Startup Cost": 440312.32,
      "Total Cost": 440312.33,
      "Plan Rows": 1,
      "Plan Width": 8,
      "Actual Startup Time": 2842.921,
      "Actual Total Time": 2890.558,
      "Actual Rows": 1,
      "Actual Loops": 1,
      "Plans": [
        {
          "Node Type": "Gather",
          "Parent Relationship": "Outer",
          "Parallel Aware": false,
          "Startup Cost": 440312.0,
          "Total Cost": 440312.31,
          "Plan Rows": 3,
          "Plan Width": 8,
          "Actual Startup Time": 2815.759,
          "Actual Total Time": 2890.546,
          "Actual Rows": 4,
          "Actual Loops": 1,
          "Workers Planned": 3,
          "Workers Launched": 3,
          "Single Copy": false,
          "Plans": [
            {
              "Node Type": "Aggregate",
              "Strategy": "Plain",
              "Partial Mode": "Partial",
              "Parent Relationship": "Outer",
              "Parallel Aware": false,
              "Startup Cost": 439312.0,
              "Total Cost": 439312.01,
              "Plan Rows": 1,
              "Plan Width": 8,
              "Actual Startup Time": 2802.805,
              "Actual Total Time": 2805.709,
              "Actual Rows": 1,
              "Actual Loops": 4,
              "Plans": [
                {
                  "Node Type": "Hash Join",
                  "Parent Relationship": "Outer",
                  "Parallel Aware": true,
                  "Join Type": "Inner",
                  "Startup Cost": 390594.73,
                  "Total Cost": 436793.53,
                  "Plan Rows": 1007387,
                  "Plan Width": 0,
                  "Actual Startup Time": 1865.54,
                  "Actual Total Time": 2568.885,
                  "Actual Rows": 5492742,
                  "Actual Loops": 4,
                  "Inner Unique": false,
                  "Hash Cond": "(mk.movie_id = t.id)",
                  "Plans": [
                    {
                      "Node Type": "Seq Scan",
                      "Parent Relationship": "Outer",
                      "Parallel Aware": true,
                      "Relation Name": "movie_keyword",
                      "Alias": "mk",
                      "Startup Cost": 0.0,
                      "Total Cost": 39047.32,
                      "Plan Rows": 1459332,
                      "Plan Width": 4,
                      "Actual Startup Time": 0.028,
                      "Actual Total Time": 95.94,
                      "Actual Rows": 1130982,
                      "Actual Loops": 4
                    },
                    {
                      "Node Type": "Hash",
                      "Parent Relationship": "Inner",
                      "Parallel Aware": true,
                      "Startup Cost": 386958.7,
                      "Total Cost": 386958.7,
                      "Plan Rows": 290883,
                      "Plan Width": 8,
                      "Actual Startup Time": 1857.536,
                      "Actual Total Time": 1860.437,
                      "Actual Rows": 958144,
                      "Actual Loops": 4,
                      "Hash Buckets": 4194304,
                      "Original Hash Buckets": 2097152,
                      "Hash Batches": 1,
                      "Original Hash Batches": 1,
                      "Peak Memory Usage": 199136,
                      "Plans": [
                        {
                          "Node Type": "Hash Join",
                          "Parent Relationship": "Outer",
                          "Parallel Aware": true,
                          "Join Type": "Inner",
                          "Startup Cost": 50856.56,
                          "Total Cost": 386958.7,
                          "Plan Rows": 290883,
                          "Plan Width": 8,
                          "Actual Startup Time": 353.498,
                          "Actual Total Time": 1445.304,
                          "Actual Rows": 958144,
                          "Actual Loops": 4,
                          "Inner Unique": true,
                          "Hash Cond": "(ci.movie_id = t.id)",
                          "Plans": [
                            {
                              "Node Type": "Index Scan",
                              "Parent Relationship": "Outer",
                              "Parallel Aware": true,
                              "Scan Direction": "Forward",
                              "Index Name": "role_id_cast_info",
                              "Relation Name": "cast_info",
                              "Alias": "ci",
                              "Startup Cost": 0.56,
                              "Total Cost": 335235.55,
                              "Plan Rows": 330346,
                              "Plan Width": 4,
                              "Actual Startup Time": 0.312,
                              "Actual Total Time": 562.761,
                              "Actual Rows": 1067115,
                              "Actual Loops": 4,
                              "Index Cond": "(role_id < 2)",
                              "Rows Removed by Index Recheck": 0,
                              "Filter": "(person_id < 571298)",
                              "Rows Removed by Filter": 2100557
                            },
                            {
                              "Node Type": "Hash",
                              "Parent Relationship": "Inner",
                              "Parallel Aware": true,
                              "Startup Cost": 43898.92,
                              "Total Cost": 43898.92,
                              "Plan Rows": 556566,
                              "Plan Width": 4,
                              "Actual Startup Time": 346.365,
                              "Actual Total Time": 346.366,
                              "Actual Rows": 553704,
                              "Actual Loops": 4,
                              "Hash Buckets": 4194304,
                              "Original Hash Buckets": 4194304,
                              "Hash Batches": 1,
                              "Original Hash Batches": 1,
                              "Peak Memory Usage": 119488,
                              "Plans": [
                                {
                                  "Node Type": "Seq Scan",
                                  "Parent Relationship": "Outer",
                                  "Parallel Aware": true,
                                  "Relation Name": "title",
                                  "Alias": "t",
                                  "Startup Cost": 0.0,
                                  "Total Cost": 43898.92,
                                  "Plan Rows": 556566,
                                  "Plan Width": 4,
                                  "Actual Startup Time": 0.054,
                                  "Actual Total Time": 120.071,
                                  "Actual Rows": 553704,
                                  "Actual Loops": 4,
                                  "Filter": "(production_year > 1959)",
                                  "Rows Removed by Filter": 78374
                                }
                              ]
                            }
                          ]
                        }
                      ]
                    }
                  ]
                }
              ]
            }
          ]
        }
      ]
    },
    "Planning Time": 1.348,
    "Triggers": [],
    "Execution Time": 2890.65
  }
]