[
  {
    "Plan": {
      "Node Type": "Aggregate",
      "Strategy": "Plain",
      "Partial Mode": "Finalize",
      "Parallel Aware": false,
      "Startup Cost": 32717.24,
      "Total Cost": 32717.25,
      "Plan Rows": 1,
      "Plan Width": 8,
      "Actual Startup Time": 79.628,
      "Actual Total Time": 86.567,
      "Actual Rows": 1,
      "Actual Loops": 1,
      "Plans": [
        {
          "Node Type": "Gather",
          "Parent Relationship": "Outer",
          "Parallel Aware": false,
          "Startup Cost": 32716.92,
          "Total Cost": 32717.23,
          "Plan Rows": 3,
          "Plan Width": 8,
          "Actual Startup Time": 79.45,
          "Actual Total Time": 86.558,
          "Actual Rows": 4,
          "Actual Loops": 1,
          "Workers Planned": 3,
          "Workers Launched": 3,
          "Single Copy": false,
          "Plans": [
            {
              "Node Type": "Aggregate",
              "Strategy": "Plain",
              "Partial Mode": "Partial",
              "Parent Relationship": "Outer",
              "Parallel Aware": false,
              "Startup Cost": 31716.92,
              "Total Cost": 31716.93,
              "Plan Rows": 1,
              "Plan Width": 8,
              "Actual Startup Time": 74.303,
              "Actual Total Time": 74.304,
              "Actual Rows": 1,
              "Actual Loops": 4,
              "Plans": [
                {
                  "Node Type": "Seq Scan",
                  "Parent Relationship": "Outer",
                  "Parallel Aware": true,
                  "Relation Name": "movie_companies",
                  "Alias": "mc",
                  "Startup Cost": 0.0,
                  "Total Cost": 31414.82,
                  "Plan Rows": 120840,
                  "Plan Width": 0,
                  "Actual Startup Time": 0.026,
                  "Actual Total Time": 67.074,
                  "Actual Rows": 134332,
                  "Actual Loops": 4,
                  "Filter": "((company_id < 1583) AND (company_type_id = 1))",
                  "Rows Removed by Filter": 517950
                }
              ]
            }
          ]
        }
      ]
    },
    "Planning Time": 0.226,
    "Triggers": [],
    "Execution Time": 86.621
  }
]