{
  "Plan": {
    "Node Type": "Aggregate",
    "Strategy": "Plain",
    "Partial Mode": "Finalize",
    "Parallel Aware": false,
    "Startup Cost": 322521.05,
    "Total Cost": 322521.06,
    "Plan Rows": 1,
    "Plan Width": 8,
    "Actual Startup Time": 897.441,
    "Actual Total Time": 921.918,
    "Actual Rows": 1,
    "Actual Loops": 1,
    "Plans": [
      {
        "Node Type": "Gather",
        "Parent Relationship": "Outer",
        "Parallel Aware": false,
        "Startup Cost": 322520.94,
        "Total Cost": 322521.05,
        "Plan Rows": 1,
        "Plan Width": 8,
        "Actual Startup Time": 896.773,
        "Actual Total Time": 921.908,
        "Actual Rows": 2,
        "Actual Loops": 1,
        "Workers Planned": 1,
        "Workers Launched": 1,
        "Single Copy": false,
        "Plans": [
          {
            "Node Type": "Aggregate",
            "Strategy": "Plain",
            "Partial Mode": "Partial",
            "Parent Relationship": "Outer",
            "Parallel Aware": false,
            "Startup Cost": 321520.94,
            "Total Cost": 321520.95,
            "Plan Rows": 1,
            "Plan Width": 8,
            "Actual Startup Time": 893.03,
            "Actual Total Time": 893.034,
            "Actual Rows": 1,
            "Actual Loops": 2,
            "Plans": [
              {
                "Node Type": "Nested Loop",
                "Parent Relationship": "Outer",
                "Parallel Aware": false,
                "Join Type": "Inner",
                "Startup Cost": 54323.49,
                "Total Cost": 320503.48,
                "Plan Rows": 406982,
                "Plan Width": 0,
                "Actual Startup Time": 121.035,
                "Actual Total Time": 884.939,
                "Actual Rows": 175522,
                "Actual Loops": 2,
                "Inner Unique": false,
                "Plans": [
                  {
                    "Node Type": "Merge Join",
                    "Parent Relationship": "Outer",
                    "Parallel Aware": false,
                    "Join Type": "Inner",
                    "Startup Cost": 54323.05,
                    "Total Cost": 165366.93,
                    "Plan Rows": 69602,
                    "Plan Width": 8,
                    "Actual Startup Time": 120.983,
                    "Actual Total Time": 763.413,
                    "Actual Rows": 22046,
                    "Actual Loops": 2,
                    "Inner Unique": false,
                    "Merge Cond": "(t.id = mc.movie_id)",
                    "Plans": [
                      {
                        "Node Type": "Index Scan",
                        "Parent Relationship": "Outer",
                        "Parallel Aware": true,
                        "Scan Direction": "Forward",
                        "Index Name": "title_pkey",
                        "Relation Name": "title",
                        "Alias": "t",
                        "Startup Cost": 0.43,
                        "Total Cost": 107365.5,
                        "Plan Rows": 796173,
                        "Plan Width": 4,
                        "Actual Startup Time": 0.069,
                        "Actual Total Time": 596.743,
                        "Actual Rows": 663888,
                        "Actual Loops": 2,
                        "Filter": "((production_year < 2012) AND (kind_id = 7))",
                        "Rows Removed by Filter": 599270
                      },
                      {
                        "Node Type": "Sort",
                        "Parent Relationship": "Inner",
                        "Parallel Aware": false,
                        "Startup Cost": 54320.42,
                        "Total Cost": 54872.98,
                        "Plan Rows": 221024,
                        "Plan Width": 4,
                        "Actual Startup Time": 120.849,
                        "Actual Total Time": 126.73,
                        "Actual Rows": 102927,
                        "Actual Loops": 2,
                        "Sort Key": [
                          "mc.movie_id"
                        ],
                        "Sort Method": "quicksort",
                        "Sort Space Used": 7897,
                        "Sort Space Type": "Memory",
                        "Workers": [
                          {
                            "Worker Number": 0,
                            "Sort Method": "quicksort",
                            "Sort Space Used": 7897,
                            "Sort Space Type": "Memory"
                          }
                        ],
                        "Plans": [
                          {
                            "Node Type": "Bitmap Heap Scan",
                            "Parent Relationship": "Outer",
                            "Parallel Aware": false,
                            "Relation Name": "movie_companies",
                            "Alias": "mc",
                            "Startup Cost": 9380.56,
                            "Total Cost": 34700.3,
                            "Plan Rows": 221024,
                            "Plan Width": 4,
                            "Actual Startup Time": 75.429,
                            "Actual Total Time": 102.756,
                            "Actual Rows": 102927,
                            "Actual Loops": 2,
                            "Recheck Cond": "(company_id < 312)",
                            "Rows Removed by Index Recheck": 0,
                            "Filter": "(company_type_id > 1)",
                            "Rows Removed by Filter": 328363,
                            "Exact Heap Blocks": 18131,
                            "Lossy Heap Blocks": 0,
                            "Plans": [
                              {
                                "Node Type": "Bitmap Index Scan",
                                "Parent Relationship": "Outer",
                                "Parallel Aware": false,
                                "Index Name": "company_id_movie_companies",
                                "Startup Cost": 0.0,
                                "Total Cost": 9325.3,
                                "Plan Rows": 435316,
                                "Plan Width": 0,
                                "Actual Startup Time": 26.862,
                                "Actual Total Time": 26.863,
                                "Actual Rows": 431290,
                                "Actual Loops": 2,
                                "Index Cond": "(company_id < 312)"
                              }
                            ]
                          }
                        ]
                      }
                    ]
                  },
                  {
                    "Node Type": "Index Only Scan",
                    "Parent Relationship": "Inner",
                    "Parallel Aware": false,
                    "Scan Direction": "Forward",
                    "Index Name": "movie_id_movie_info",
                    "Relation Name": "movie_info",
                    "Alias": "mi",
                    "Startup Cost": 0.43,
                    "Total Cost": 1.81,
                    "Plan Rows": 42,
                    "Plan Width": 4,
                    "Actual Startup Time": 0.002,
                    "Actual Total Time": 0.005,
                    "Actual Rows": 8,
                    "Actual Loops": 44093,
                    "Index Cond": "(movie_id = t.id)",
                    "Rows Removed by Index Recheck": 0,
                    "Heap Fetches": 351043
                  }
                ]
              }
            ]
          }
        ]
      }
    ]
  },
  "Planning Time": 0.649,
  "Triggers": [],
  "Execution Time": 922.001
}