[
  {
    "Plan": {
      "Node Type": "Aggregate",
      "Strategy": "Plain",
      "Partial Mode": "Finalize",
      "Parallel Aware": false,
      "Startup Cost": 60943.76,
      "Total Cost": 60943.77,
      "Plan Rows": 1,
      "Plan Width": 8,
      "Actual Startup Time": 83.547,
      "Actual Total Time": 93.162,
      "Actual Rows": 1,
      "Actual Loops": 1,
      "Plans": [
        {
          "Node Type": "Gather",
          "Parent Relationship": "Outer",
          "Parallel Aware": false,
          "Startup Cost": 60943.44,
          "Total Cost": 60943.75,
          "Plan Rows": 3,
          "Plan Width": 8,
          "Actual Startup Time": 83.222,
          "Actual Total Time": 93.153,
          "Actual Rows": 4,
          "Actual Loops": 1,
          "Workers Planned": 3,
          "Workers Launched": 3,
          "Single Copy": false,
          "Plans": [
            {
              "Node Type": "Aggregate",
              "Strategy": "Plain",
              "Partial Mode": "Partial",
              "Parent Relationship": "Outer",
              "Parallel Aware": false,
              "Startup Cost": 59943.44,
              "Total Cost": 59943.45,
              "Plan Rows": 1,
              "Plan Width": 8,
              "Actual Startup Time": 73.829,
              "Actual Total Time": 73.831,
              "Actual Rows": 1,
              "Actual Loops": 4,
              "Plans": [
                {
                  "Node Type": "Nested Loop",
                  "Parent Relationship": "Outer",
                  "Parallel Aware": false,
                  "Join Type": "Inner",
                  "Startup Cost": 429.9,
                  "Total Cost": 59943.39,
                  "Plan Rows": 23,
                  "Plan Width": 0,
                  "Actual Startup Time": 18.131,
                  "Actual Total Time": 73.803,
                  "Actual Rows": 135,
                  "Actual Loops": 4,
                  "Inner Unique": false,
                  "Join Filter": "(t.id = mc.movie_id)",
                  "Rows Removed by Join Filter": 0,
                  "Plans": [
                    {
                      "Node Type": "Nested Loop",
                      "Parent Relationship": "Outer",
                      "Parallel Aware": false,
                      "Join Type": "Inner",
                      "Startup Cost": 429.47,
                      "Total Cost": 59812.71,
                      "Plan Rows": 22,
                      "Plan Width": 8,
                      "Actual Startup Time": 17.996,
                      "Actual Total Time": 72.865,
                      "Actual Rows": 25,
                      "Actual Loops": 4,
                      "Inner Unique": true,
                      "Plans": [
                        {
                          "Node Type": "Bitmap Heap Scan",
                          "Parent Relationship": "Outer",
                          "Parallel Aware": true,
                          "Relation Name": "movie_keyword",
                          "Alias": "mk",
                          "Startup Cost": 429.04,
                          "Total Cost": 24904.74,
                          "Plan Rows": 6518,
                          "Plan Width": 4,
                          "Actual Startup Time": 7.656,
                          "Actual Total Time": 26.669,
                          "Actual Rows": 4882,
                          "Actual Loops": 4,
                          "Recheck Cond": "(keyword_id = 137)",
                          "Rows Removed by Index Recheck": 0,
                          "Exact Heap Blocks": 6738,
                          "Lossy Heap Blocks": 0,
                          "Plans": [
                            {
                              "Node Type": "Bitmap Index Scan",
                              "Parent Relationship": "Outer",
                              "Parallel Aware": false,
                              "Index Name": "keyword_id_movie_keyword",
                              "Startup Cost": 0.0,
                              "Total Cost": 423.99,
                              "Plan Rows": 20207,
                              "Plan Width": 0,
                              "Actual Startup Time": 11.129,
                              "Actual Total Time": 11.129,
                              "Actual Rows": 19528,
                              "Actual Loops": 1,
                              "Index Cond": "(keyword_id = 137)"
                            }
                          ]
                        },
                        {
                          "Node Type": "Index Scan",
                          "Parent Relationship": "Inner",
                          "Parallel Aware": false,
                          "Scan Direction": "Forward",
                          "Index Name": "title_pkey",
                          "Relation Name": "title",
                          "Alias": "t",
                          "Startup Cost": 0.43,
                          "Total Cost": 5.36,
                          "Plan Rows": 1,
                          "Plan Width": 4,
                          "Actual Startup Time": 0.009,
                          "Actual Total Time": 0.009,
                          "Actual Rows": 0,
                          "Actual Loops": 19528,
                          "Index Cond": "(id = mk.movie_id)",
                          "Rows Removed by Index Recheck": 0,
                          "Filter": "(production_year = 1956)",
                          "Rows Removed by Filter": 1
                        }
                      ]
                    },
                    {
                      "Node Type": "Index Only Scan",
                      "Parent Relationship": "Inner",
                      "Parallel Aware": false,
                      "Scan Direction": "Forward",
                      "Index Name": "movie_id_movie_companies",
                      "Relation Name": "movie_companies",
                      "Alias": "mc",
                      "Startup Cost": 0.43,
                      "Total Cost": 5.88,
                      "Plan Rows": 5,
                      "Plan Width": 4,
                      "Actual Startup Time": 0.027,
                      "Actual Total Time": 0.035,
                      "Actual Rows": 5,
                      "Actual Loops": 100,
                      "Index Cond": "(movie_id = mk.movie_id)",
                      "Rows Removed by Index Recheck": 0,
                      "Heap Fetches": 539
                    }
                  ]
                }
              ]
            }
          ]
        }
      ]
    },
    "Planning Time": 1.438,
    "Triggers": [],
    "Execution Time": 93.273
  }
]