[
  {
    "Plan": {
      "Node Type": "Aggregate",
      "Strategy": "Plain",
      "Partial Mode": "Finalize",
      "Parallel Aware": false,
      "Startup Cost": 46607.22,
      "Total Cost": 46607.23,
      "Plan Rows": 1,
      "Plan Width": 8,
      "Actual Startup Time": 179.748,
      "Actual Total Time": 190.469,
      "Actual Rows": 1,
      "Actual Loops": 1,
      "Plans": [
        {
          "Node Type": "Gather",
          "Parent Relationship": "Outer",
          "Parallel Aware": false,
          "Startup Cost": 46606.91,
          "Total Cost": 46607.22,
          "Plan Rows": 3,
          "Plan Width": 8,
          "Actual Startup Time": 179.446,
          "Actual Total Time": 190.459,
          "Actual Rows": 4,
          "Actual Loops": 1,
          "Workers Planned": 3,
          "Workers Launched": 3,
          "Single Copy": false,
          "Plans": [
            {
              "Node Type": "Aggregate",
              "Strategy": "Plain",
              "Partial Mode": "Partial",
              "Parent Relationship": "Outer",
              "Parallel Aware": false,
              "Startup Cost": 45606.91,
              "Total Cost": 45606.92,
              "Plan Rows": 1,
              "Plan Width": 8,
              "Actual Startup Time": 173.426,
              "Actual Total Time": 173.428,
              "Actual Rows": 1,
              "Actual Loops": 4,
              "Plans": [
                {
                  "Node Type": "Seq Scan",
                  "Parent Relationship": "Outer",
                  "Parallel Aware": true,
                  "Relation Name": "movie_keyword",
                  "Alias": "mk",
                  "Startup Cost": 0.0,
                  "Total Cost": 42695.65,
                  "Plan Rows": 1164501,
                  "Plan Width": 0,
                  "Actual Startup Time": 0.047,
                  "Actual Total Time": 129.42,
                  "Actual Rows": 905643,
                  "Actual Loops": 4,
                  "Filter": "(keyword_id < 20485)",
                  "Rows Removed by Filter": 225340
                }
              ]
            }
          ]
        }
      ]
    },
    "Planning Time": 0.184,
    "Triggers": [],
    "Execution Time": 190.523
  }
]