[
    {
        "Bao": {
            "Bao prediction": "NaN",
            "Bao recommended hint": "(no hint)"
        }
    },
    {
        "Plan": {
            "Node Type": "Aggregate",
            "Strategy": "Plain",
            "Partial Mode": "Finalize",
            "Parallel Aware": false,
            "Startup Cost": 32859.03,
            "Total Cost": 32859.04,
            "Plan Rows": 1,
            "Plan Width": 8,
            "Actual Startup Time": 72.825,
            "Actual Total Time": 76.689,
            "Actual Rows": 1,
            "Actual Loops": 1,
            "Output": [
                "count(*)"
            ],
            "Plans": [
                {
                    "Node Type": "Gather",
                    "Parent Relationship": "Outer",
                    "Parallel Aware": false,
                    "Startup Cost": 32858.71,
                    "Total Cost": 32859.02,
                    "Plan Rows": 3,
                    "Plan Width": 8,
                    "Actual Startup Time": 72.727,
                    "Actual Total Time": 76.683,
                    "Actual Rows": 4,
                    "Actual Loops": 1,
                    "Output": [
                        "(PARTIAL count(*))"
                    ],
                    "Workers Planned": 3,
                    "Workers Launched": 3,
                    "Single Copy": false,
                    "Plans": [
                        {
                            "Node Type": "Aggregate",
                            "Strategy": "Plain",
                            "Partial Mode": "Partial",
                            "Parent Relationship": "Outer",
                            "Parallel Aware": false,
                            "Startup Cost": 31858.71,
                            "Total Cost": 31858.72,
                            "Plan Rows": 1,
                            "Plan Width": 8,
                            "Actual Startup Time": 66.526,
                            "Actual Total Time": 66.527,
                            "Actual Rows": 1,
                            "Actual Loops": 4,
                            "Output": [
                                "PARTIAL count(*)"
                            ],
                            "Workers": [
                                {
                                    "Worker Number": 0,
                                    "Actual Startup Time": 68.197,
                                    "Actual Total Time": 68.198,
                                    "Actual Rows": 1,
                                    "Actual Loops": 1
                                },
                                {
                                    "Worker Number": 1,
                                    "Actual Startup Time": 62.581,
                                    "Actual Total Time": 62.582,
                                    "Actual Rows": 1,
                                    "Actual Loops": 1
                                },
                                {
                                    "Worker Number": 2,
                                    "Actual Startup Time": 62.904,
                                    "Actual Total Time": 62.905,
                                    "Actual Rows": 1,
                                    "Actual Loops": 1
                                }
                            ],
                            "Plans": [
                                {
                                    "Node Type": "Seq Scan",
                                    "Parent Relationship": "Outer",
                                    "Parallel Aware": true,
                                    "Relation Name": "movie_companies",
                                    "Schema": "public",
                                    "Alias": "mc",
                                    "Startup Cost": 0.0,
                                    "Total Cost": 31414.82,
                                    "Plan Rows": 177557,
                                    "Plan Width": 0,
                                    "Actual Startup Time": 11.301,
                                    "Actual Total Time": 62.929,
                                    "Actual Rows": 66598,
                                    "Actual Loops": 4,
                                    "Output": [
                                        "id",
                                        "movie_id",
                                        "company_id",
                                        "company_type_id",
                                        "note"
                                    ],
                                    "Filter": "((mc.company_id > 13581) AND (mc.company_type_id = 1))",
                                    "Rows Removed by Filter": 585685,
                                    "Workers": [
                                        {
                                            "Worker Number": 0,
                                            "Actual Startup Time": 12.959,
                                            "Actual Total Time": 64.567,
                                            "Actual Rows": 86031,
                                            "Actual Loops": 1
                                        },
                                        {
                                            "Worker Number": 1,
                                            "Actual Startup Time": 7.371,
                                            "Actual Total Time": 59.252,
                                            "Actual Rows": 38344,
                                            "Actual Loops": 1
                                        },
                                        {
                                            "Worker Number": 2,
                                            "Actual Startup Time": 7.696,
                                            "Actual Total Time": 59.548,
                                            "Actual Rows": 41805,
                                            "Actual Loops": 1
                                        }
                                    ]
                                }
                            ]
                        }
                    ]
                }
            ]
        },
        "Planning Time": 199.747,
        "Triggers": [],
        "Execution Time": 76.742
    }
]