[
  {
    "Plan": {
      "Node Type": "Aggregate",
      "Strategy": "Plain",
      "Partial Mode": "Simple",
      "Parallel Aware": false,
      "Startup Cost": 25616.89,
      "Total Cost": 25616.9,
      "Plan Rows": 1,
      "Plan Width": 8,
      "Actual Startup Time": 33.077,
      "Actual Total Time": 33.078,
      "Actual Rows": 1,
      "Actual Loops": 1,
      "Plans": [
        {
          "Node Type": "Bitmap Heap Scan",
          "Parent Relationship": "Outer",
          "Parallel Aware": false,
          "Relation Name": "movie_keyword",
          "Alias": "mk",
          "Startup Cost": 466.37,
          "Total Cost": 25562.07,
          "Plan Rows": 21928,
          "Plan Width": 0,
          "Actual Startup Time": 7.037,
          "Actual Total Time": 27.088,
          "Actual Rows": 20191,
          "Actual Loops": 1,
          "Recheck Cond": "(keyword_id > 117204)",
          "Rows Removed by Index Recheck": 0,
          "Exact Heap Blocks": 6121,
          "Lossy Heap Blocks": 0,
          "Plans": [
            {
              "Node Type": "Bitmap Index Scan",
              "Parent Relationship": "Outer",
              "Parallel Aware": false,
              "Index Name": "keyword_id_movie_keyword",
              "Startup Cost": 0.0,
              "Total Cost": 460.89,
              "Plan Rows": 21928,
              "Plan Width": 0,
              "Actual Startup Time": 4.27,
              "Actual Total Time": 4.27,
              "Actual Rows": 20191,
              "Actual Loops": 1,
              "Index Cond": "(keyword_id > 117204)"
            }
          ]
        }
      ]
    },
    "Planning Time": 0.219,
    "Triggers": [],
    "Execution Time": 33.132
  }
]