[
  {
    "Plan": {
      "Node Type": "Aggregate",
      "Strategy": "Plain",
      "Partial Mode": "Finalize",
      "Parallel Aware": false,
      "Startup Cost": 46493.25,
      "Total Cost": 46493.26,
      "Plan Rows": 1,
      "Plan Width": 8,
      "Actual Startup Time": 91.337,
      "Actual Total Time": 103.291,
      "Actual Rows": 1,
      "Actual Loops": 1,
      "Plans": [
        {
          "Node Type": "Gather",
          "Parent Relationship": "Outer",
          "Parallel Aware": false,
          "Startup Cost": 46492.83,
          "Total Cost": 46493.24,
          "Plan Rows": 4,
          "Plan Width": 8,
          "Actual Startup Time": 91.219,
          "Actual Total Time": 103.284,
          "Actual Rows": 5,
          "Actual Loops": 1,
          "Workers Planned": 4,
          "Workers Launched": 4,
          "Single Copy": false,
          "Plans": [
            {
              "Node Type": "Aggregate",
              "Strategy": "Plain",
              "Partial Mode": "Partial",
              "Parent Relationship": "Outer",
              "Parallel Aware": false,
              "Startup Cost": 45492.83,
              "Total Cost": 45492.84,
              "Plan Rows": 1,
              "Plan Width": 8,
              "Actual Startup Time": 83.759,
              "Actual Total Time": 83.76,
              "Actual Rows": 1,
              "Actual Loops": 5,
              "Plans": [
                {
                  "Node Type": "Seq Scan",
                  "Parent Relationship": "Outer",
                  "Parallel Aware": true,
                  "Relation Name": "title",
                  "Alias": "t",
                  "Startup Cost": 0.0,
                  "Total Cost": 45479.1,
                  "Plan Rows": 5494,
                  "Plan Width": 0,
                  "Actual Startup Time": 0.057,
                  "Actual Total Time": 83.157,
                  "Actual Rows": 4920,
                  "Actual Loops": 5,
                  "Filter": "((kind_id = 7) AND (production_year = 1995))",
                  "Rows Removed by Filter": 500742
                }
              ]
            }
          ]
        }
      ]
    },
    "Planning Time": 0.228,
    "Triggers": [],
    "Execution Time": 103.357
  }
]