{
  "Plan": {
    "Node Type": "Aggregate",
    "Strategy": "Plain",
    "Partial Mode": "Finalize",
    "Parallel Aware": false,
    "Startup Cost": 350064.69,
    "Total Cost": 350064.7,
    "Plan Rows": 1,
    "Plan Width": 8,
    "Actual Startup Time": 1750.184,
    "Actual Total Time": 1792.535,
    "Actual Rows": 1,
    "Actual Loops": 1,
    "Plans": [
      {
        "Node Type": "Gather",
        "Parent Relationship": "Outer",
        "Parallel Aware": false,
        "Startup Cost": 350064.58,
        "Total Cost": 350064.69,
        "Plan Rows": 1,
        "Plan Width": 8,
        "Actual Startup Time": 1749.627,
        "Actual Total Time": 1792.524,
        "Actual Rows": 2,
        "Actual Loops": 1,
        "Workers Planned": 1,
        "Workers Launched": 1,
        "Single Copy": false,
        "Plans": [
          {
            "Node Type": "Aggregate",
            "Strategy": "Plain",
            "Partial Mode": "Partial",
            "Parent Relationship": "Outer",
            "Parallel Aware": false,
            "Startup Cost": 349064.58,
            "Total Cost": 349064.59,
            "Plan Rows": 1,
            "Plan Width": 8,
            "Actual Startup Time": 1744.127,
            "Actual Total Time": 1744.13,
            "Actual Rows": 1,
            "Actual Loops": 2,
            "Plans": [
              {
                "Node Type": "Hash Join",
                "Parent Relationship": "Outer",
                "Parallel Aware": true,
                "Join Type": "Inner",
                "Startup Cost": 55911.84,
                "Total Cost": 347638.71,
                "Plan Rows": 570348,
                "Plan Width": 0,
                "Actual Startup Time": 158.639,
                "Actual Total Time": 1702.881,
                "Actual Rows": 1018018,
                "Actual Loops": 2,
                "Inner Unique": true,
                "Hash Cond": "(mi.movie_id = t.id)",
                "Plans": [
                  {
                    "Node Type": "Seq Scan",
                    "Parent Relationship": "Outer",
                    "Parallel Aware": true,
                    "Relation Name": "movie_info",
                    "Alias": "mi",
                    "Startup Cost": 0.0,
                    "Total Cost": 270696.42,
                    "Plan Rows": 8011587,
                    "Plan Width": 4,
                    "Actual Startup Time": 0.009,
                    "Actual Total Time": 759.304,
                    "Actual Rows": 6860170,
                    "Actual Loops": 2,
                    "Filter": "(info_type_id < 64)",
                    "Rows Removed by Filter": 557690
                  },
                  {
                    "Node Type": "Hash",
                    "Parent Relationship": "Inner",
                    "Parallel Aware": true,
                    "Startup Cost": 54588.39,
                    "Total Cost": 54588.39,
                    "Plan Rows": 105876,
                    "Plan Width": 4,
                    "Actual Startup Time": 153.701,
                    "Actual Total Time": 153.702,
                    "Actual Rows": 93895,
                    "Actual Loops": 2,
                    "Hash Buckets": 262144,
                    "Original Hash Buckets": 262144,
                    "Hash Batches": 1,
                    "Original Hash Batches": 1,
                    "Peak Memory Usage": 9440,
                    "Plans": [
                      {
                        "Node Type": "Seq Scan",
                        "Parent Relationship": "Outer",
                        "Parallel Aware": true,
                        "Relation Name": "title",
                        "Alias": "t",
                        "Startup Cost": 0.0,
                        "Total Cost": 54588.39,
                        "Plan Rows": 105876,
                        "Plan Width": 4,
                        "Actual Startup Time": 0.073,
                        "Actual Total Time": 132.379,
                        "Actual Rows": 93895,
                        "Actual Loops": 2,
                        "Filter": "(production_year < 1954)",
                        "Rows Removed by Filter": 1170261
                      }
                    ]
                  }
                ]
              }
            ]
          }
        ]
      }
    ]
  },
  "Planning Time": 0.435,
  "Triggers": [],
  "Execution Time": 1792.614
}