[
  {
    "Plan": {
      "Node Type": "Aggregate",
      "Strategy": "Plain",
      "Partial Mode": "Finalize",
      "Parallel Aware": false,
      "Startup Cost": 439736.74,
      "Total Cost": 439736.75,
      "Plan Rows": 1,
      "Plan Width": 8,
      "Actual Startup Time": 2152.376,
      "Actual Total Time": 2223.307,
      "Actual Rows": 1,
      "Actual Loops": 1,
      "Plans": [
        {
          "Node Type": "Gather",
          "Parent Relationship": "Outer",
          "Parallel Aware": false,
          "Startup Cost": 439736.11,
          "Total Cost": 439736.72,
          "Plan Rows": 6,
          "Plan Width": 8,
          "Actual Startup Time": 2134.214,
          "Actual Total Time": 2223.283,
          "Actual Rows": 7,
          "Actual Loops": 1,
          "Workers Planned": 6,
          "Workers Launched": 6,
          "Single Copy": false,
          "Plans": [
            {
              "Node Type": "Aggregate",
              "Strategy": "Plain",
              "Partial Mode": "Partial",
              "Parent Relationship": "Outer",
              "Parallel Aware": false,
              "Startup Cost": 438736.11,
              "Total Cost": 438736.12,
              "Plan Rows": 1,
              "Plan Width": 8,
              "Actual Startup Time": 2116.904,
              "Actual Total Time": 2116.909,
              "Actual Rows": 1,
              "Actual Loops": 7,
              "Plans": [
                {
                  "Node Type": "Hash Join",
                  "Parent Relationship": "Outer",
                  "Parallel Aware": true,
                  "Join Type": "Inner",
                  "Startup Cost": 70613.14,
                  "Total Cost": 434767.8,
                  "Plan Rows": 1587324,
                  "Plan Width": 0,
                  "Actual Startup Time": 574.707,
                  "Actual Total Time": 1984.785,
                  "Actual Rows": 2888743,
                  "Actual Loops": 7,
                  "Inner Unique": false,
                  "Hash Cond": "(ci.movie_id = t.id)",
                  "Plans": [
                    {
                      "Node Type": "Seq Scan",
                      "Parent Relationship": "Outer",
                      "Parallel Aware": true,
                      "Relation Name": "cast_info",
                      "Alias": "ci",
                      "Startup Cost": 0.0,
                      "Total Cost": 343257.03,
                      "Plan Rows": 3809009,
                      "Plan Width": 4,
                      "Actual Startup Time": 216.647,
                      "Actual Total Time": 725.215,
                      "Actual Rows": 3173860,
                      "Actual Loops": 7,
                      "Filter": "((person_id < 3798770) AND (role_id > 1))",
                      "Rows Removed by Filter": 2003903
                    },
                    {
                      "Node Type": "Hash",
                      "Parent Relationship": "Inner",
                      "Parallel Aware": true,
                      "Startup Cost": 65125.58,
                      "Total Cost": 65125.58,
                      "Plan Rows": 439005,
                      "Plan Width": 8,
                      "Actual Startup Time": 353.165,
                      "Actual Total Time": 353.168,
                      "Actual Rows": 148630,
                      "Actual Loops": 7,
                      "Hash Buckets": 2097152,
                      "Original Hash Buckets": 2097152,
                      "Hash Batches": 1,
                      "Original Hash Batches": 1,
                      "Peak Memory Usage": 57216,
                      "Plans": [
                        {
                          "Node Type": "Hash Join",
                          "Parent Relationship": "Outer",
                          "Parallel Aware": true,
                          "Join Type": "Inner",
                          "Startup Cost": 49931.02,
                          "Total Cost": 65125.58,
                          "Plan Rows": 439005,
                          "Plan Width": 8,
                          "Actual Startup Time": 223.407,
                          "Actual Total Time": 300.038,
                          "Actual Rows": 148630,
                          "Actual Loops": 7,
                          "Inner Unique": true,
                          "Hash Cond": "(mi_idx.movie_id = t.id)",
                          "Plans": [
                            {
                              "Node Type": "Seq Scan",
                              "Parent Relationship": "Outer",
                              "Parallel Aware": true,
                              "Relation Name": "movie_info_idx",
                              "Alias": "mi_idx",
                              "Startup Cost": 0.0,
                              "Total Cost": 13685.15,
                              "Plan Rows": 575015,
                              "Plan Width": 4,
                              "Actual Startup Time": 0.025,
                              "Actual Total Time": 20.163,
                              "Actual Rows": 197148,
                              "Actual Loops": 7
                            },
                            {
                              "Node Type": "Hash",
                              "Parent Relationship": "Inner",
                              "Parallel Aware": true,
                              "Startup Cost": 43898.92,
                              "Total Cost": 43898.92,
                              "Plan Rows": 482568,
                              "Plan Width": 4,
                              "Actual Startup Time": 220.775,
                              "Actual Total Time": 220.776,
                              "Actual Rows": 274004,
                              "Actual Loops": 7,
                              "Hash Buckets": 2097152,
                              "Original Hash Buckets": 2097152,
                              "Hash Batches": 1,
                              "Original Hash Batches": 1,
                              "Peak Memory Usage": 91552,
                              "Plans": [
                                {
                                  "Node Type": "Seq Scan",
                                  "Parent Relationship": "Outer",
                                  "Parallel Aware": true,
                                  "Relation Name": "title",
                                  "Alias": "t",
                                  "Startup Cost": 0.0,
                                  "Total Cost": 43898.92,
                                  "Plan Rows": 482568,
                                  "Plan Width": 4,
                                  "Actual Startup Time": 0.044,
                                  "Actual Total Time": 84.104,
                                  "Actual Rows": 274004,
                                  "Actual Loops": 7,
                                  "Filter": "(production_year > 1981)",
                                  "Rows Removed by Filter": 87183
                                }
                              ]
                            }
                          ]
                        }
                      ]
                    }
                  ]
                }
              ]
            }
          ]
        }
      ]
    },
    "Planning Time": 1.26,
    "Triggers": [],
    "Execution Time": 2223.408
  }
]