[
  {
    "Plan": {
      "Node Type": "Aggregate",
      "Strategy": "Plain",
      "Partial Mode": "Finalize",
      "Parallel Aware": false,
      "Startup Cost": 94152.61,
      "Total Cost": 94152.62,
      "Plan Rows": 1,
      "Plan Width": 8,
      "Actual Startup Time": 376.383,
      "Actual Total Time": 392.697,
      "Actual Rows": 1,
      "Actual Loops": 1,
      "Plans": [
        {
          "Node Type": "Gather",
          "Parent Relationship": "Outer",
          "Parallel Aware": false,
          "Startup Cost": 94152.29,
          "Total Cost": 94152.6,
          "Plan Rows": 3,
          "Plan Width": 8,
          "Actual Startup Time": 371.86,
          "Actual Total Time": 392.675,
          "Actual Rows": 4,
          "Actual Loops": 1,
          "Workers Planned": 3,
          "Workers Launched": 3,
          "Single Copy": false,
          "Plans": [
            {
              "Node Type": "Aggregate",
              "Strategy": "Plain",
              "Partial Mode": "Partial",
              "Parent Relationship": "Outer",
              "Parallel Aware": false,
              "Startup Cost": 93152.29,
              "Total Cost": 93152.3,
              "Plan Rows": 1,
              "Plan Width": 8,
              "Actual Startup Time": 359.734,
              "Actual Total Time": 359.737,
              "Actual Rows": 1,
              "Actual Loops": 4,
              "Plans": [
                {
                  "Node Type": "Hash Join",
                  "Parent Relationship": "Outer",
                  "Parallel Aware": true,
                  "Join Type": "Inner",
                  "Startup Cost": 48971.7,
                  "Total Cost": 92712.35,
                  "Plan Rows": 175977,
                  "Plan Width": 0,
                  "Actual Startup Time": 223.142,
                  "Actual Total Time": 358.186,
                  "Actual Rows": 37760,
                  "Actual Loops": 4,
                  "Inner Unique": true,
                  "Hash Cond": "(mk.movie_id = t.id)",
                  "Plans": [
                    {
                      "Node Type": "Seq Scan",
                      "Parent Relationship": "Outer",
                      "Parallel Aware": true,
                      "Relation Name": "movie_keyword",
                      "Alias": "mk",
                      "Startup Cost": 0.0,
                      "Total Cost": 42695.65,
                      "Plan Rows": 398095,
                      "Plan Width": 4,
                      "Actual Startup Time": 0.984,
                      "Actual Total Time": 91.557,
                      "Actual Rows": 310317,
                      "Actual Loops": 4,
                      "Filter": "(keyword_id > 14569)",
                      "Rows Removed by Filter": 820666
                    },
                    {
                      "Node Type": "Hash",
                      "Parent Relationship": "Inner",
                      "Parallel Aware": true,
                      "Startup Cost": 45479.1,
                      "Total Cost": 45479.1,
                      "Plan Rows": 279408,
                      "Plan Width": 4,
                      "Actual Startup Time": 214.169,
                      "Actual Total Time": 214.17,
                      "Actual Rows": 303272,
                      "Actual Loops": 4,
                      "Hash Buckets": 2097152,
                      "Original Hash Buckets": 2097152,
                      "Hash Batches": 1,
                      "Original Hash Batches": 1,
                      "Peak Memory Usage": 63904,
                      "Plans": [
                        {
                          "Node Type": "Seq Scan",
                          "Parent Relationship": "Outer",
                          "Parallel Aware": true,
                          "Relation Name": "title",
                          "Alias": "t",
                          "Startup Cost": 0.0,
                          "Total Cost": 45479.1,
                          "Plan Rows": 279408,
                          "Plan Width": 4,
                          "Actual Startup Time": 0.048,
                          "Actual Total Time": 103.636,
                          "Actual Rows": 303272,
                          "Actual Loops": 4,
                          "Filter": "((production_year > 1986) AND (kind_id = 7))",
                          "Rows Removed by Filter": 328806
                        }
                      ]
                    }
                  ]
                }
              ]
            }
          ]
        }
      ]
    },
    "Planning Time": 0.573,
    "Triggers": [],
    "Execution Time": 392.762
  }
]