{
  "Plan": {
    "Node Type": "Aggregate",
    "Strategy": "Plain",
    "Partial Mode": "Finalize",
    "Parallel Aware": false,
    "Startup Cost": 127148.51,
    "Total Cost": 127148.52,
    "Plan Rows": 1,
    "Plan Width": 8,
    "Actual Startup Time": 683.949,
    "Actual Total Time": 697.073,
    "Actual Rows": 1,
    "Actual Loops": 1,
    "Plans": [
      {
        "Node Type": "Gather",
        "Parent Relationship": "Outer",
        "Parallel Aware": false,
        "Startup Cost": 127148.4,
        "Total Cost": 127148.51,
        "Plan Rows": 1,
        "Plan Width": 8,
        "Actual Startup Time": 681.38,
        "Actual Total Time": 697.067,
        "Actual Rows": 2,
        "Actual Loops": 1,
        "Workers Planned": 1,
        "Workers Launched": 1,
        "Single Copy": false,
        "Plans": [
          {
            "Node Type": "Aggregate",
            "Strategy": "Plain",
            "Partial Mode": "Partial",
            "Parent Relationship": "Outer",
            "Parallel Aware": false,
            "Startup Cost": 126148.4,
            "Total Cost": 126148.41,
            "Plan Rows": 1,
            "Plan Width": 8,
            "Actual Startup Time": 675.689,
            "Actual Total Time": 675.692,
            "Actual Rows": 1,
            "Actual Loops": 2,
            "Plans": [
              {
                "Node Type": "Hash Join",
                "Parent Relationship": "Outer",
                "Parallel Aware": true,
                "Join Type": "Inner",
                "Startup Cost": 65517.12,
                "Total Cost": 123567.96,
                "Plan Rows": 1032174,
                "Plan Width": 0,
                "Actual Startup Time": 307.07,
                "Actual Total Time": 666.977,
                "Actual Rows": 218030,
                "Actual Loops": 2,
                "Inner Unique": true,
                "Hash Cond": "(mk.movie_id = t.id)",
                "Plans": [
                  {
                    "Node Type": "Seq Scan",
                    "Parent Relationship": "Outer",
                    "Parallel Aware": true,
                    "Relation Name": "movie_keyword",
                    "Alias": "mk",
                    "Startup Cost": 0.0,
                    "Total Cost": 51065.35,
                    "Plan Rows": 2661135,
                    "Plan Width": 4,
                    "Actual Startup Time": 0.013,
                    "Actual Total Time": 148.451,
                    "Actual Rows": 2261965,
                    "Actual Loops": 2
                  },
                  {
                    "Node Type": "Hash",
                    "Parent Relationship": "Inner",
                    "Parallel Aware": true,
                    "Startup Cost": 58306.47,
                    "Total Cost": 58306.47,
                    "Plan Rows": 576852,
                    "Plan Width": 4,
                    "Actual Startup Time": 301.793,
                    "Actual Total Time": 301.794,
                    "Actual Rows": 537246,
                    "Actual Loops": 2,
                    "Hash Buckets": 2097152,
                    "Original Hash Buckets": 1048576,
                    "Hash Batches": 1,
                    "Original Hash Batches": 1,
                    "Peak Memory Usage": 66656,
                    "Plans": [
                      {
                        "Node Type": "Seq Scan",
                        "Parent Relationship": "Outer",
                        "Parallel Aware": true,
                        "Relation Name": "title",
                        "Alias": "t",
                        "Startup Cost": 0.0,
                        "Total Cost": 58306.47,
                        "Plan Rows": 576852,
                        "Plan Width": 4,
                        "Actual Startup Time": 0.025,
                        "Actual Total Time": 160.307,
                        "Actual Rows": 537246,
                        "Actual Loops": 2,
                        "Filter": "((production_year > 1995) AND (kind_id = 7))",
                        "Rows Removed by Filter": 726910
                      }
                    ]
                  }
                ]
              }
            ]
          }
        ]
      }
    ]
  },
  "Planning Time": 0.343,
  "Triggers": [],
  "Execution Time": 697.113
}