[
  {
    "Plan": {
      "Node Type": "Aggregate",
      "Strategy": "Plain",
      "Partial Mode": "Finalize",
      "Parallel Aware": false,
      "Startup Cost": 44871.16,
      "Total Cost": 44871.17,
      "Plan Rows": 1,
      "Plan Width": 8,
      "Actual Startup Time": 148.387,
      "Actual Total Time": 159.85,
      "Actual Rows": 1,
      "Actual Loops": 1,
      "Plans": [
        {
          "Node Type": "Gather",
          "Parent Relationship": "Outer",
          "Parallel Aware": false,
          "Startup Cost": 44870.84,
          "Total Cost": 44871.15,
          "Plan Rows": 3,
          "Plan Width": 8,
          "Actual Startup Time": 148.262,
          "Actual Total Time": 159.841,
          "Actual Rows": 4,
          "Actual Loops": 1,
          "Workers Planned": 3,
          "Workers Launched": 3,
          "Single Copy": false,
          "Plans": [
            {
              "Node Type": "Aggregate",
              "Strategy": "Plain",
              "Partial Mode": "Partial",
              "Parent Relationship": "Outer",
              "Parallel Aware": false,
              "Startup Cost": 43870.84,
              "Total Cost": 43870.85,
              "Plan Rows": 1,
              "Plan Width": 8,
              "Actual Startup Time": 144.194,
              "Actual Total Time": 144.196,
              "Actual Rows": 1,
              "Actual Loops": 4,
              "Plans": [
                {
                  "Node Type": "Seq Scan",
                  "Parent Relationship": "Outer",
                  "Parallel Aware": true,
                  "Relation Name": "movie_keyword",
                  "Alias": "mk",
                  "Startup Cost": 0.0,
                  "Total Cost": 42695.65,
                  "Plan Rows": 470074,
                  "Plan Width": 0,
                  "Actual Startup Time": 0.029,
                  "Actual Total Time": 123.222,
                  "Actual Rows": 364116,
                  "Actual Loops": 4,
                  "Filter": "(keyword_id < 2053)",
                  "Rows Removed by Filter": 766867
                }
              ]
            }
          ]
        }
      ]
    },
    "Planning Time": 0.097,
    "Triggers": [],
    "Execution Time": 159.885
  }
]