[
    {
        "Bao": {
            "Bao prediction": "NaN",
            "Bao recommended hint": "(no hint)"
        }
    },
    {
        "Plan": {
            "Node Type": "Aggregate",
            "Strategy": "Plain",
            "Partial Mode": "Finalize",
            "Parallel Aware": false,
            "Startup Cost": 319581.72,
            "Total Cost": 319581.73,
            "Plan Rows": 1,
            "Plan Width": 8,
            "Actual Startup Time": 158.199,
            "Actual Total Time": 165.734,
            "Actual Rows": 1,
            "Actual Loops": 1,
            "Output": [
                "count(*)"
            ],
            "Plans": [
                {
                    "Node Type": "Gather",
                    "Parent Relationship": "Outer",
                    "Parallel Aware": false,
                    "Startup Cost": 319581.2,
                    "Total Cost": 319581.71,
                    "Plan Rows": 5,
                    "Plan Width": 8,
                    "Actual Startup Time": 156.381,
                    "Actual Total Time": 165.726,
                    "Actual Rows": 6,
                    "Actual Loops": 1,
                    "Output": [
                        "(PARTIAL count(*))"
                    ],
                    "Workers Planned": 5,
                    "Workers Launched": 5,
                    "Single Copy": false,
                    "Plans": [
                        {
                            "Node Type": "Aggregate",
                            "Strategy": "Plain",
                            "Partial Mode": "Partial",
                            "Parent Relationship": "Outer",
                            "Parallel Aware": false,
                            "Startup Cost": 318581.2,
                            "Total Cost": 318581.21,
                            "Plan Rows": 1,
                            "Plan Width": 8,
                            "Actual Startup Time": 145.943,
                            "Actual Total Time": 145.946,
                            "Actual Rows": 1,
                            "Actual Loops": 6,
                            "Output": [
                                "PARTIAL count(*)"
                            ],
                            "Workers": [
                                {
                                    "Worker Number": 0,
                                    "Actual Startup Time": 142.971,
                                    "Actual Total Time": 142.975,
                                    "Actual Rows": 1,
                                    "Actual Loops": 1
                                },
                                {
                                    "Worker Number": 1,
                                    "Actual Startup Time": 143.745,
                                    "Actual Total Time": 143.747,
                                    "Actual Rows": 1,
                                    "Actual Loops": 1
                                },
                                {
                                    "Worker Number": 2,
                                    "Actual Startup Time": 144.011,
                                    "Actual Total Time": 144.014,
                                    "Actual Rows": 1,
                                    "Actual Loops": 1
                                },
                                {
                                    "Worker Number": 3,
                                    "Actual Startup Time": 144.626,
                                    "Actual Total Time": 144.629,
                                    "Actual Rows": 1,
                                    "Actual Loops": 1
                                },
                                {
                                    "Worker Number": 4,
                                    "Actual Startup Time": 144.621,
                                    "Actual Total Time": 144.625,
                                    "Actual Rows": 1,
                                    "Actual Loops": 1
                                }
                            ],
                            "Plans": [
                                {
                                    "Node Type": "Hash Join",
                                    "Parent Relationship": "Outer",
                                    "Parallel Aware": true,
                                    "Join Type": "Inner",
                                    "Startup Cost": 51775.67,
                                    "Total Cost": 318573.33,
                                    "Plan Rows": 3150,
                                    "Plan Width": 0,
                                    "Actual Startup Time": 121.139,
                                    "Actual Total Time": 145.575,
                                    "Actual Rows": 5413,
                                    "Actual Loops": 6,
                                    "Inner Unique": true,
                                    "Hash Cond": "(ci.movie_id = t.id)",
                                    "Workers": [
                                        {
                                            "Worker Number": 0,
                                            "Actual Startup Time": 118.271,
                                            "Actual Total Time": 142.632,
                                            "Actual Rows": 4231,
                                            "Actual Loops": 1
                                        },
                                        {
                                            "Worker Number": 1,
                                            "Actual Startup Time": 118.876,
                                            "Actual Total Time": 143.394,
                                            "Actual Rows": 7186,
                                            "Actual Loops": 1
                                        },
                                        {
                                            "Worker Number": 2,
                                            "Actual Startup Time": 119.379,
                                            "Actual Total Time": 143.601,
                                            "Actual Rows": 5672,
                                            "Actual Loops": 1
                                        },
                                        {
                                            "Worker Number": 3,
                                            "Actual Startup Time": 119.62,
                                            "Actual Total Time": 144.221,
                                            "Actual Rows": 5104,
                                            "Actual Loops": 1
                                        },
                                        {
                                            "Worker Number": 4,
                                            "Actual Startup Time": 119.83,
                                            "Actual Total Time": 144.284,
                                            "Actual Rows": 4558,
                                            "Actual Loops": 1
                                        }
                                    ],
                                    "Plans": [
                                        {
                                            "Node Type": "Bitmap Heap Scan",
                                            "Parent Relationship": "Outer",
                                            "Parallel Aware": true,
                                            "Relation Name": "cast_info",
                                            "Schema": "public",
                                            "Alias": "ci",
                                            "Startup Cost": 6724.86,
                                            "Total Cost": 273465.8,
                                            "Plan Rows": 21606,
                                            "Plan Width": 4,
                                            "Actual Startup Time": 18.098,
                                            "Actual Total Time": 30.906,
                                            "Actual Rows": 38621,
                                            "Actual Loops": 6,
                                            "Output": [
                                                "ci.id",
                                                "ci.person_id",
                                                "ci.movie_id",
                                                "ci.person_role_id",
                                                "ci.note",
                                                "ci.nr_order",
                                                "ci.role_id"
                                            ],
                                            "Recheck Cond": "(ci.person_id < 35967)",
                                            "Rows Removed by Index Recheck": 0,
                                            "Filter": "(ci.role_id < 2)",
                                            "Rows Removed by Filter": 12976,
                                            "Exact Heap Blocks": 732,
                                            "Lossy Heap Blocks": 0,
                                            "Workers": [
                                                {
                                                    "Worker Number": 0,
                                                    "Actual Startup Time": 18.19,
                                                    "Actual Total Time": 30.872,
                                                    "Actual Rows": 31853,
                                                    "Actual Loops": 1
                                                },
                                                {
                                                    "Worker Number": 1,
                                                    "Actual Startup Time": 17.982,
                                                    "Actual Total Time": 30.499,
                                                    "Actual Rows": 51959,
                                                    "Actual Loops": 1
                                                },
                                                {
                                                    "Worker Number": 2,
                                                    "Actual Startup Time": 18.165,
                                                    "Actual Total Time": 31.202,
                                                    "Actual Rows": 38024,
                                                    "Actual Loops": 1
                                                },
                                                {
                                                    "Worker Number": 3,
                                                    "Actual Startup Time": 18.141,
                                                    "Actual Total Time": 31.343,
                                                    "Actual Rows": 34179,
                                                    "Actual Loops": 1
                                                },
                                                {
                                                    "Worker Number": 4,
                                                    "Actual Startup Time": 18.124,
                                                    "Actual Total Time": 30.739,
                                                    "Actual Rows": 33890,
                                                    "Actual Loops": 1
                                                }
                                            ],
                                            "Plans": [
                                                {
                                                    "Node Type": "Bitmap Index Scan",
                                                    "Parent Relationship": "Outer",
                                                    "Parallel Aware": false,
                                                    "Index Name": "person_id_cast_info",
                                                    "Startup Cost": 0.0,
                                                    "Total Cost": 6697.86,
                                                    "Plan Rows": 306839,
                                                    "Plan Width": 0,
                                                    "Actual Startup Time": 17.532,
                                                    "Actual Total Time": 17.533,
                                                    "Actual Rows": 309584,
                                                    "Actual Loops": 1,
                                                    "Index Cond": "(ci.person_id < 35967)",
                                                    "Workers": [
                                                        {
                                                            "Worker Number": 1,
                                                            "Actual Startup Time": 17.532,
                                                            "Actual Total Time": 17.533,
                                                            "Actual Rows": 309584,
                                                            "Actual Loops": 1
                                                        }
                                                    ]
                                                }
                                            ]
                                        },
                                        {
                                            "Node Type": "Hash",
                                            "Parent Relationship": "Inner",
                                            "Parallel Aware": true,
                                            "Startup Cost": 43899.01,
                                            "Total Cost": 43899.01,
                                            "Plan Rows": 92144,
                                            "Plan Width": 4,
                                            "Actual Startup Time": 101.401,
                                            "Actual Total Time": 101.402,
                                            "Actual Rows": 61072,
                                            "Actual Loops": 6,
                                            "Output": [
                                                "t.id"
                                            ],
                                            "Hash Buckets": 524288,
                                            "Original Hash Buckets": 524288,
                                            "Hash Batches": 1,
                                            "Original Hash Batches": 1,
                                            "Peak Memory Usage": 18592,
                                            "Workers": [
                                                {
                                                    "Worker Number": 0,
                                                    "Actual Startup Time": 99.597,
                                                    "Actual Total Time": 99.599,
                                                    "Actual Rows": 41843,
                                                    "Actual Loops": 1
                                                },
                                                {
                                                    "Worker Number": 1,
                                                    "Actual Startup Time": 100.369,
                                                    "Actual Total Time": 100.37,
                                                    "Actual Rows": 57405,
                                                    "Actual Loops": 1
                                                },
                                                {
                                                    "Worker Number": 2,
                                                    "Actual Startup Time": 100.602,
                                                    "Actual Total Time": 100.603,
                                                    "Actual Rows": 63153,
                                                    "Actual Loops": 1
                                                },
                                                {
                                                    "Worker Number": 3,
                                                    "Actual Startup Time": 100.895,
                                                    "Actual Total Time": 100.896,
                                                    "Actual Rows": 44274,
                                                    "Actual Loops": 1
                                                },
                                                {
                                                    "Worker Number": 4,
                                                    "Actual Startup Time": 101.179,
                                                    "Actual Total Time": 101.18,
                                                    "Actual Rows": 59060,
                                                    "Actual Loops": 1
                                                }
                                            ],
                                            "Plans": [
                                                {
                                                    "Node Type": "Seq Scan",
                                                    "Parent Relationship": "Outer",
                                                    "Parallel Aware": true,
                                                    "Relation Name": "title",
                                                    "Schema": "public",
                                                    "Alias": "t",
                                                    "Startup Cost": 0.0,
                                                    "Total Cost": 43899.01,
                                                    "Plan Rows": 92144,
                                                    "Plan Width": 4,
                                                    "Actual Startup Time": 0.047,
                                                    "Actual Total Time": 75.984,
                                                    "Actual Rows": 61072,
                                                    "Actual Loops": 6,
                                                    "Output": [
                                                        "t.id"
                                                    ],
                                                    "Filter": "(t.production_year < 1970)",
                                                    "Rows Removed by Filter": 360314,
                                                    "Workers": [
                                                        {
                                                            "Worker Number": 0,
                                                            "Actual Startup Time": 0.074,
                                                            "Actual Total Time": 75.073,
                                                            "Actual Rows": 41843,
                                                            "Actual Loops": 1
                                                        },
                                                        {
                                                            "Worker Number": 1,
                                                            "Actual Startup Time": 0.044,
                                                            "Actual Total Time": 76.553,
                                                            "Actual Rows": 57405,
                                                            "Actual Loops": 1
                                                        },
                                                        {
                                                            "Worker Number": 2,
                                                            "Actual Startup Time": 0.04,
                                                            "Actual Total Time": 75.817,
                                                            "Actual Rows": 63153,
                                                            "Actual Loops": 1
                                                        },
                                                        {
                                                            "Worker Number": 3,
                                                            "Actual Startup Time": 0.055,
                                                            "Actual Total Time": 77.278,
                                                            "Actual Rows": 44274,
                                                            "Actual Loops": 1
                                                        },
                                                        {
                                                            "Worker Number": 4,
                                                            "Actual Startup Time": 0.054,
                                                            "Actual Total Time": 75.577,
                                                            "Actual Rows": 59060,
                                                            "Actual Loops": 1
                                                        }
                                                    ]
                                                }
                                            ]
                                        }
                                    ]
                                }
                            ]
                        }
                    ]
                }
            ]
        },
        "Planning Time": 185.078,
        "Triggers": [],
        "Execution Time": 165.854
    }
]