[
  {
    "Plan": {
      "Node Type": "Aggregate",
      "Strategy": "Plain",
      "Partial Mode": "Finalize",
      "Parallel Aware": false,
      "Startup Cost": 34780.24,
      "Total Cost": 34780.25,
      "Plan Rows": 1,
      "Plan Width": 8,
      "Actual Startup Time": 114.603,
      "Actual Total Time": 122.31,
      "Actual Rows": 1,
      "Actual Loops": 1,
      "Plans": [
        {
          "Node Type": "Gather",
          "Parent Relationship": "Outer",
          "Parallel Aware": false,
          "Startup Cost": 34779.92,
          "Total Cost": 34780.23,
          "Plan Rows": 3,
          "Plan Width": 8,
          "Actual Startup Time": 114.299,
          "Actual Total Time": 122.301,
          "Actual Rows": 4,
          "Actual Loops": 1,
          "Workers Planned": 3,
          "Workers Launched": 3,
          "Single Copy": false,
          "Plans": [
            {
              "Node Type": "Aggregate",
              "Strategy": "Plain",
              "Partial Mode": "Partial",
              "Parent Relationship": "Outer",
              "Parallel Aware": false,
              "Startup Cost": 33779.92,
              "Total Cost": 33779.93,
              "Plan Rows": 1,
              "Plan Width": 8,
              "Actual Startup Time": 107.801,
              "Actual Total Time": 107.803,
              "Actual Rows": 1,
              "Actual Loops": 4,
              "Plans": [
                {
                  "Node Type": "Bitmap Heap Scan",
                  "Parent Relationship": "Outer",
                  "Parallel Aware": true,
                  "Relation Name": "movie_keyword",
                  "Alias": "mk",
                  "Startup Cost": 7594.15,
                  "Total Cost": 33491.29,
                  "Plan Rows": 115451,
                  "Plan Width": 0,
                  "Actual Startup Time": 38.404,
                  "Actual Total Time": 102.71,
                  "Actual Rows": 86795,
                  "Actual Loops": 4,
                  "Recheck Cond": "(keyword_id > 47936)",
                  "Rows Removed by Index Recheck": 0,
                  "Exact Heap Blocks": 10099,
                  "Lossy Heap Blocks": 0,
                  "Plans": [
                    {
                      "Node Type": "Bitmap Index Scan",
                      "Parent Relationship": "Outer",
                      "Parallel Aware": false,
                      "Index Name": "keyword_id_movie_keyword",
                      "Startup Cost": 0.0,
                      "Total Cost": 7504.68,
                      "Plan Rows": 357899,
                      "Plan Width": 0,
                      "Actual Startup Time": 40.722,
                      "Actual Total Time": 40.723,
                      "Actual Rows": 347180,
                      "Actual Loops": 1,
                      "Index Cond": "(keyword_id > 47936)"
                    }
                  ]
                }
              ]
            }
          ]
        }
      ]
    },
    "Planning Time": 0.198,
    "Triggers": [],
    "Execution Time": 122.391
  }
]