[
  {
    "Plan": {
      "Node Type": "Aggregate",
      "Strategy": "Plain",
      "Partial Mode": "Finalize",
      "Parallel Aware": false,
      "Startup Cost": 345313.87,
      "Total Cost": 345313.88,
      "Plan Rows": 1,
      "Plan Width": 8,
      "Actual Startup Time": 417.923,
      "Actual Total Time": 440.832,
      "Actual Rows": 1,
      "Actual Loops": 1,
      "Plans": [
        {
          "Node Type": "Gather",
          "Parent Relationship": "Outer",
          "Parallel Aware": false,
          "Startup Cost": 345313.25,
          "Total Cost": 345313.86,
          "Plan Rows": 6,
          "Plan Width": 8,
          "Actual Startup Time": 417.802,
          "Actual Total Time": 440.825,
          "Actual Rows": 7,
          "Actual Loops": 1,
          "Workers Planned": 6,
          "Workers Launched": 6,
          "Single Copy": false,
          "Plans": [
            {
              "Node Type": "Aggregate",
              "Strategy": "Plain",
              "Partial Mode": "Partial",
              "Parent Relationship": "Outer",
              "Parallel Aware": false,
              "Startup Cost": 344313.25,
              "Total Cost": 344313.26,
              "Plan Rows": 1,
              "Plan Width": 8,
              "Actual Startup Time": 409.206,
              "Actual Total Time": 409.209,
              "Actual Rows": 1,
              "Actual Loops": 7,
              "Plans": [
                {
                  "Node Type": "Index Scan",
                  "Parent Relationship": "Outer",
                  "Parallel Aware": true,
                  "Scan Direction": "Forward",
                  "Index Name": "role_id_cast_info",
                  "Relation Name": "cast_info",
                  "Alias": "ci",
                  "Startup Cost": 0.56,
                  "Total Cost": 341155.22,
                  "Plan Rows": 1263212,
                  "Plan Width": 0,
                  "Actual Startup Time": 328.4,
                  "Actual Total Time": 393.594,
                  "Actual Rows": 290921,
                  "Actual Loops": 7,
                  "Index Cond": "(role_id = 1)",
                  "Rows Removed by Index Recheck": 0,
                  "Filter": "(person_id > 1454509)",
                  "Rows Removed by Filter": 1519177
                }
              ]
            }
          ]
        }
      ]
    },
    "Planning Time": 0.13,
    "Triggers": [],
    "Execution Time": 440.867
  }
]