[
    {
        "Bao": {
            "Bao prediction": "NaN",
            "Bao recommended hint": "(no hint)"
        }
    },
    {
        "Plan": {
            "Node Type": "Aggregate",
            "Strategy": "Plain",
            "Partial Mode": "Finalize",
            "Parallel Aware": false,
            "Startup Cost": 118496.78,
            "Total Cost": 118496.79,
            "Plan Rows": 1,
            "Plan Width": 8,
            "Actual Startup Time": 431.273,
            "Actual Total Time": 439.942,
            "Actual Rows": 1,
            "Actual Loops": 1,
            "Output": [
                "count(*)"
            ],
            "Plans": [
                {
                    "Node Type": "Gather",
                    "Parent Relationship": "Outer",
                    "Parallel Aware": false,
                    "Startup Cost": 118496.47,
                    "Total Cost": 118496.78,
                    "Plan Rows": 3,
                    "Plan Width": 8,
                    "Actual Startup Time": 429.047,
                    "Actual Total Time": 439.933,
                    "Actual Rows": 4,
                    "Actual Loops": 1,
                    "Output": [
                        "(PARTIAL count(*))"
                    ],
                    "Workers Planned": 3,
                    "Workers Launched": 3,
                    "Single Copy": false,
                    "Plans": [
                        {
                            "Node Type": "Aggregate",
                            "Strategy": "Plain",
                            "Partial Mode": "Partial",
                            "Parent Relationship": "Outer",
                            "Parallel Aware": false,
                            "Startup Cost": 117496.47,
                            "Total Cost": 117496.48,
                            "Plan Rows": 1,
                            "Plan Width": 8,
                            "Actual Startup Time": 419.944,
                            "Actual Total Time": 420.232,
                            "Actual Rows": 1,
                            "Actual Loops": 4,
                            "Output": [
                                "PARTIAL count(*)"
                            ],
                            "Workers": [
                                {
                                    "Worker Number": 0,
                                    "Actual Startup Time": 416.692,
                                    "Actual Total Time": 416.698,
                                    "Actual Rows": 1,
                                    "Actual Loops": 1
                                },
                                {
                                    "Worker Number": 1,
                                    "Actual Startup Time": 416.827,
                                    "Actual Total Time": 416.833,
                                    "Actual Rows": 1,
                                    "Actual Loops": 1
                                },
                                {
                                    "Worker Number": 2,
                                    "Actual Startup Time": 417.576,
                                    "Actual Total Time": 417.582,
                                    "Actual Rows": 1,
                                    "Actual Loops": 1
                                }
                            ],
                            "Plans": [
                                {
                                    "Node Type": "Hash Join",
                                    "Parent Relationship": "Outer",
                                    "Parallel Aware": true,
                                    "Join Type": "Inner",
                                    "Startup Cost": 90040.67,
                                    "Total Cost": 117466.29,
                                    "Plan Rows": 12071,
                                    "Plan Width": 0,
                                    "Actual Startup Time": 337.092,
                                    "Actual Total Time": 415.742,
                                    "Actual Rows": 92212,
                                    "Actual Loops": 4,
                                    "Inner Unique": false,
                                    "Hash Cond": "(mk.movie_id = t.id)",
                                    "Workers": [
                                        {
                                            "Worker Number": 0,
                                            "Actual Startup Time": 333.993,
                                            "Actual Total Time": 412.277,
                                            "Actual Rows": 84002,
                                            "Actual Loops": 1
                                        },
                                        {
                                            "Worker Number": 1,
                                            "Actual Startup Time": 334.133,
                                            "Actual Total Time": 412.451,
                                            "Actual Rows": 83281,
                                            "Actual Loops": 1
                                        },
                                        {
                                            "Worker Number": 2,
                                            "Actual Startup Time": 334.298,
                                            "Actual Total Time": 413.243,
                                            "Actual Rows": 83669,
                                            "Actual Loops": 1
                                        }
                                    ],
                                    "Plans": [
                                        {
                                            "Node Type": "Bitmap Heap Scan",
                                            "Parent Relationship": "Outer",
                                            "Parallel Aware": true,
                                            "Relation Name": "movie_keyword",
                                            "Schema": "public",
                                            "Alias": "mk",
                                            "Startup Cost": 11905.24,
                                            "Total Cost": 38621.88,
                                            "Plan Rows": 181012,
                                            "Plan Width": 4,
                                            "Actual Startup Time": 33.864,
                                            "Actual Total Time": 82.623,
                                            "Actual Rows": 138978,
                                            "Actual Loops": 4,
                                            "Output": [
                                                "mk.id",
                                                "mk.movie_id",
                                                "mk.keyword_id"
                                            ],
                                            "Recheck Cond": "(mk.keyword_id > 33044)",
                                            "Rows Removed by Index Recheck": 0,
                                            "Exact Heap Blocks": 8008,
                                            "Lossy Heap Blocks": 0,
                                            "Workers": [
                                                {
                                                    "Worker Number": 0,
                                                    "Actual Startup Time": 33.711,
                                                    "Actual Total Time": 83.99,
                                                    "Actual Rows": 121306,
                                                    "Actual Loops": 1
                                                },
                                                {
                                                    "Worker Number": 1,
                                                    "Actual Startup Time": 34.029,
                                                    "Actual Total Time": 84.572,
                                                    "Actual Rows": 120065,
                                                    "Actual Loops": 1
                                                },
                                                {
                                                    "Worker Number": 2,
                                                    "Actual Startup Time": 33.818,
                                                    "Actual Total Time": 84.051,
                                                    "Actual Rows": 122793,
                                                    "Actual Loops": 1
                                                }
                                            ],
                                            "Plans": [
                                                {
                                                    "Node Type": "Bitmap Index Scan",
                                                    "Parent Relationship": "Outer",
                                                    "Parallel Aware": false,
                                                    "Index Name": "keyword_id_movie_keyword",
                                                    "Startup Cost": 0.0,
                                                    "Total Cost": 11764.95,
                                                    "Plan Rows": 561136,
                                                    "Plan Width": 0,
                                                    "Actual Startup Time": 30.535,
                                                    "Actual Total Time": 30.536,
                                                    "Actual Rows": 555910,
                                                    "Actual Loops": 1,
                                                    "Index Cond": "(mk.keyword_id > 33044)"
                                                }
                                            ]
                                        },
                                        {
                                            "Node Type": "Hash",
                                            "Parent Relationship": "Inner",
                                            "Parallel Aware": true,
                                            "Startup Cost": 77608.54,
                                            "Total Cost": 77608.54,
                                            "Plan Rows": 42151,
                                            "Plan Width": 8,
                                            "Actual Startup Time": 299.97,
                                            "Actual Total Time": 300.256,
                                            "Actual Rows": 86480,
                                            "Actual Loops": 4,
                                            "Output": [
                                                "t.id",
                                                "mc.movie_id"
                                            ],
                                            "Hash Buckets": 524288,
                                            "Original Hash Buckets": 262144,
                                            "Hash Batches": 1,
                                            "Original Hash Batches": 1,
                                            "Peak Memory Usage": 19712,
                                            "Workers": [
                                                {
                                                    "Worker Number": 0,
                                                    "Actual Startup Time": 297.544,
                                                    "Actual Total Time": 297.548,
                                                    "Actual Rows": 83360,
                                                    "Actual Loops": 1
                                                },
                                                {
                                                    "Worker Number": 1,
                                                    "Actual Startup Time": 297.685,
                                                    "Actual Total Time": 297.689,
                                                    "Actual Rows": 83233,
                                                    "Actual Loops": 1
                                                },
                                                {
                                                    "Worker Number": 2,
                                                    "Actual Startup Time": 297.718,
                                                    "Actual Total Time": 297.722,
                                                    "Actual Rows": 85290,
                                                    "Actual Loops": 1
                                                }
                                            ],
                                            "Plans": [
                                                {
                                                    "Node Type": "Hash Join",
                                                    "Parent Relationship": "Outer",
                                                    "Parallel Aware": true,
                                                    "Join Type": "Inner",
                                                    "Startup Cost": 31173.01,
                                                    "Total Cost": 77608.54,
                                                    "Plan Rows": 42151,
                                                    "Plan Width": 8,
                                                    "Actual Startup Time": 104.107,
                                                    "Actual Total Time": 273.895,
                                                    "Actual Rows": 86480,
                                                    "Actual Loops": 4,
                                                    "Output": [
                                                        "t.id",
                                                        "mc.movie_id"
                                                    ],
                                                    "Inner Unique": false,
                                                    "Hash Cond": "(t.id = mc.movie_id)",
                                                    "Workers": [
                                                        {
                                                            "Worker Number": 0,
                                                            "Actual Startup Time": 101.1,
                                                            "Actual Total Time": 271.171,
                                                            "Actual Rows": 83360,
                                                            "Actual Loops": 1
                                                        },
                                                        {
                                                            "Worker Number": 1,
                                                            "Actual Startup Time": 97.838,
                                                            "Actual Total Time": 271.716,
                                                            "Actual Rows": 83233,
                                                            "Actual Loops": 1
                                                        },
                                                        {
                                                            "Worker Number": 2,
                                                            "Actual Startup Time": 116.0,
                                                            "Actual Total Time": 271.945,
                                                            "Actual Rows": 85290,
                                                            "Actual Loops": 1
                                                        }
                                                    ],
                                                    "Plans": [
                                                        {
                                                            "Node Type": "Seq Scan",
                                                            "Parent Relationship": "Outer",
                                                            "Parallel Aware": true,
                                                            "Relation Name": "title",
                                                            "Schema": "public",
                                                            "Alias": "t",
                                                            "Startup Cost": 0.0,
                                                            "Total Cost": 43899.01,
                                                            "Plan Rows": 480111,
                                                            "Plan Width": 4,
                                                            "Actual Startup Time": 0.01,
                                                            "Actual Total Time": 83.094,
                                                            "Actual Rows": 480712,
                                                            "Actual Loops": 4,
                                                            "Output": [
                                                                "t.id",
                                                                "t.title",
                                                                "t.imdb_index",
                                                                "t.kind_id",
                                                                "t.production_year",
                                                                "t.imdb_id",
                                                                "t.phonetic_code",
                                                                "t.episode_of_id",
                                                                "t.season_nr",
                                                                "t.episode_nr",
                                                                "t.series_years",
                                                                "t.md5sum"
                                                            ],
                                                            "Filter": "(t.production_year < 2010)",
                                                            "Rows Removed by Filter": 151366,
                                                            "Workers": [
                                                                {
                                                                    "Worker Number": 0,
                                                                    "Actual Startup Time": 0.013,
                                                                    "Actual Total Time": 84.711,
                                                                    "Actual Rows": 459442,
                                                                    "Actual Loops": 1
                                                                },
                                                                {
                                                                    "Worker Number": 1,
                                                                    "Actual Startup Time": 0.012,
                                                                    "Actual Total Time": 84.932,
                                                                    "Actual Rows": 459209,
                                                                    "Actual Loops": 1
                                                                },
                                                                {
                                                                    "Worker Number": 2,
                                                                    "Actual Startup Time": 0.009,
                                                                    "Actual Total Time": 85.735,
                                                                    "Actual Rows": 468819,
                                                                    "Actual Loops": 1
                                                                }
                                                            ]
                                                        },
                                                        {
                                                            "Node Type": "Hash",
                                                            "Parent Relationship": "Inner",
                                                            "Parallel Aware": true,
                                                            "Startup Cost": 30277.96,
                                                            "Total Cost": 30277.96,
                                                            "Plan Rows": 71604,
                                                            "Plan Width": 4,
                                                            "Actual Startup Time": 91.137,
                                                            "Actual Total Time": 91.138,
                                                            "Actual Rows": 110114,
                                                            "Actual Loops": 4,
                                                            "Output": [
                                                                "mc.movie_id"
                                                            ],
                                                            "Hash Buckets": 524288,
                                                            "Original Hash Buckets": 262144,
                                                            "Hash Batches": 1,
                                                            "Original Hash Batches": 1,
                                                            "Peak Memory Usage": 23424,
                                                            "Workers": [
                                                                {
                                                                    "Worker Number": 0,
                                                                    "Actual Startup Time": 89.007,
                                                                    "Actual Total Time": 89.008,
                                                                    "Actual Rows": 85054,
                                                                    "Actual Loops": 1
                                                                },
                                                                {
                                                                    "Worker Number": 1,
                                                                    "Actual Startup Time": 89.184,
                                                                    "Actual Total Time": 89.186,
                                                                    "Actual Rows": 86943,
                                                                    "Actual Loops": 1
                                                                },
                                                                {
                                                                    "Worker Number": 2,
                                                                    "Actual Startup Time": 89.35,
                                                                    "Actual Total Time": 89.351,
                                                                    "Actual Rows": 85724,
                                                                    "Actual Loops": 1
                                                                }
                                                            ],
                                                            "Plans": [
                                                                {
                                                                    "Node Type": "Bitmap Heap Scan",
                                                                    "Parent Relationship": "Outer",
                                                                    "Parallel Aware": true,
                                                                    "Relation Name": "movie_companies",
                                                                    "Schema": "public",
                                                                    "Alias": "mc",
                                                                    "Startup Cost": 9381.28,
                                                                    "Total Cost": 30277.96,
                                                                    "Plan Rows": 71604,
                                                                    "Plan Width": 4,
                                                                    "Actual Startup Time": 22.023,
                                                                    "Actual Total Time": 57.956,
                                                                    "Actual Rows": 110114,
                                                                    "Actual Loops": 4,
                                                                    "Output": [
                                                                        "mc.movie_id"
                                                                    ],
                                                                    "Recheck Cond": "(mc.company_id > 78219)",
                                                                    "Rows Removed by Index Recheck": 0,
                                                                    "Filter": "(mc.company_type_id > 1)",
                                                                    "Rows Removed by Filter": 0,
                                                                    "Exact Heap Blocks": 3008,
                                                                    "Lossy Heap Blocks": 0,
                                                                    "Workers": [
                                                                        {
                                                                            "Worker Number": 0,
                                                                            "Actual Startup Time": 20.033,
                                                                            "Actual Total Time": 57.219,
                                                                            "Actual Rows": 85054,
                                                                            "Actual Loops": 1
                                                                        },
                                                                        {
                                                                            "Worker Number": 1,
                                                                            "Actual Startup Time": 20.076,
                                                                            "Actual Total Time": 57.444,
                                                                            "Actual Rows": 86943,
                                                                            "Actual Loops": 1
                                                                        },
                                                                        {
                                                                            "Worker Number": 2,
                                                                            "Actual Startup Time": 20.242,
                                                                            "Actual Total Time": 57.578,
                                                                            "Actual Rows": 85724,
                                                                            "Actual Loops": 1
                                                                        }
                                                                    ],
                                                                    "Plans": [
                                                                        {
                                                                            "Node Type": "Bitmap Index Scan",
                                                                            "Parent Relationship": "Outer",
                                                                            "Parallel Aware": false,
                                                                            "Index Name": "company_id_movie_companies",
                                                                            "Startup Cost": 0.0,
                                                                            "Total Cost": 9325.79,
                                                                            "Plan Rows": 435381,
                                                                            "Plan Width": 0,
                                                                            "Actual Startup Time": 26.883,
                                                                            "Actual Total Time": 26.883,
                                                                            "Actual Rows": 440455,
                                                                            "Actual Loops": 1,
                                                                            "Index Cond": "(mc.company_id > 78219)"
                                                                        }
                                                                    ]
                                                                }
                                                            ]
                                                        }
                                                    ]
                                                }
                                            ]
                                        }
                                    ]
                                }
                            ]
                        }
                    ]
                }
            ]
        },
        "Planning Time": 195.565,
        "Triggers": [],
        "Execution Time": 440.066
    }
]