{
    "Plan": {
        "Node Type": "Aggregate",
        "Strategy": "Plain",
        "Partial Mode": "Finalize",
        "Parallel Aware": false,
        "Startup Cost": 200115.8,
        "Total Cost": 200115.81,
        "Plan Rows": 1,
        "Plan Width": 8,
        "Actual Startup Time": 691.798,
        "Actual Total Time": 719.525,
        "Actual Rows": 1,
        "Actual Loops": 1,
        "Output": [
            "count(*)"
        ],
        "Plans": [
            {
                "Node Type": "Gather",
                "Parent Relationship": "Outer",
                "Parallel Aware": false,
                "Startup Cost": 200115.28,
                "Total Cost": 200115.79,
                "Plan Rows": 5,
                "Plan Width": 8,
                "Actual Startup Time": 685.594,
                "Actual Total Time": 719.514,
                "Actual Rows": 6,
                "Actual Loops": 1,
                "Output": [
                    "(PARTIAL count(*))"
                ],
                "Workers Planned": 5,
                "Workers Launched": 5,
                "Single Copy": false,
                "Plans": [
                    {
                        "Node Type": "Aggregate",
                        "Strategy": "Plain",
                        "Partial Mode": "Partial",
                        "Parent Relationship": "Outer",
                        "Parallel Aware": false,
                        "Startup Cost": 199115.28,
                        "Total Cost": 199115.29,
                        "Plan Rows": 1,
                        "Plan Width": 8,
                        "Actual Startup Time": 674.264,
                        "Actual Total Time": 674.346,
                        "Actual Rows": 1,
                        "Actual Loops": 6,
                        "Output": [
                            "PARTIAL count(*)"
                        ],
                        "Workers": [
                            {
                                "Worker Number": 0,
                                "Actual Startup Time": 672.154,
                                "Actual Total Time": 672.16,
                                "Actual Rows": 1,
                                "Actual Loops": 1
                            },
                            {
                                "Worker Number": 1,
                                "Actual Startup Time": 671.806,
                                "Actual Total Time": 671.812,
                                "Actual Rows": 1,
                                "Actual Loops": 1
                            },
                            {
                                "Worker Number": 2,
                                "Actual Startup Time": 672.279,
                                "Actual Total Time": 672.291,
                                "Actual Rows": 1,
                                "Actual Loops": 1
                            },
                            {
                                "Worker Number": 3,
                                "Actual Startup Time": 672.359,
                                "Actual Total Time": 672.365,
                                "Actual Rows": 1,
                                "Actual Loops": 1
                            },
                            {
                                "Worker Number": 4,
                                "Actual Startup Time": 672.41,
                                "Actual Total Time": 672.414,
                                "Actual Rows": 1,
                                "Actual Loops": 1
                            }
                        ],
                        "Plans": [
                            {
                                "Node Type": "Hash Join",
                                "Parent Relationship": "Outer",
                                "Parallel Aware": true,
                                "Join Type": "Inner",
                                "Startup Cost": 81408.28,
                                "Total Cost": 198639.85,
                                "Plan Rows": 190170,
                                "Plan Width": 0,
                                "Actual Startup Time": 304.001,
                                "Actual Total Time": 659.124,
                                "Actual Rows": 303178,
                                "Actual Loops": 6,
                                "Inner Unique": false,
                                "Hash Cond": "(ci.movie_id = t.id)",
                                "Workers": [
                                    {
                                        "Worker Number": 0,
                                        "Actual Startup Time": 301.404,
                                        "Actual Total Time": 656.2,
                                        "Actual Rows": 229757,
                                        "Actual Loops": 1
                                    },
                                    {
                                        "Worker Number": 1,
                                        "Actual Startup Time": 301.78,
                                        "Actual Total Time": 656.108,
                                        "Actual Rows": 227066,
                                        "Actual Loops": 1
                                    },
                                    {
                                        "Worker Number": 2,
                                        "Actual Startup Time": 302.089,
                                        "Actual Total Time": 657.863,
                                        "Actual Rows": 321005,
                                        "Actual Loops": 1
                                    },
                                    {
                                        "Worker Number": 3,
                                        "Actual Startup Time": 302.264,
                                        "Actual Total Time": 657.829,
                                        "Actual Rows": 323986,
                                        "Actual Loops": 1
                                    },
                                    {
                                        "Worker Number": 4,
                                        "Actual Startup Time": 302.182,
                                        "Actual Total Time": 657.836,
                                        "Actual Rows": 326975,
                                        "Actual Loops": 1
                                    }
                                ],
                                "Plans": [
                                    {
                                        "Node Type": "Index Scan",
                                        "Parent Relationship": "Outer",
                                        "Parallel Aware": true,
                                        "Scan Direction": "Forward",
                                        "Index Name": "role_id_cast_info",
                                        "Relation Name": "cast_info",
                                        "Schema": "public",
                                        "Alias": "ci",
                                        "Startup Cost": 0.56,
                                        "Total Cost": 113575.53,
                                        "Plan Rows": 848315,
                                        "Plan Width": 4,
                                        "Actual Startup Time": 0.198,
                                        "Actual Total Time": 165.121,
                                        "Actual Rows": 720503,
                                        "Actual Loops": 6,
                                        "Output": [
                                            "ci.id",
                                            "ci.person_id",
                                            "ci.movie_id",
                                            "ci.person_role_id",
                                            "ci.note",
                                            "ci.nr_order",
                                            "ci.role_id"
                                        ],
                                        "Index Cond": "(ci.role_id = 10)",
                                        "Rows Removed by Index Recheck": 0,
                                        "Workers": [
                                            {
                                                "Worker Number": 0,
                                                "Actual Startup Time": 0.212,
                                                "Actual Total Time": 173.278,
                                                "Actual Rows": 545625,
                                                "Actual Loops": 1
                                            },
                                            {
                                                "Worker Number": 1,
                                                "Actual Startup Time": 0.281,
                                                "Actual Total Time": 171.839,
                                                "Actual Rows": 551607,
                                                "Actual Loops": 1
                                            },
                                            {
                                                "Worker Number": 2,
                                                "Actual Startup Time": 0.133,
                                                "Actual Total Time": 169.872,
                                                "Actual Rows": 766760,
                                                "Actual Loops": 1
                                            },
                                            {
                                                "Worker Number": 3,
                                                "Actual Startup Time": 0.271,
                                                "Actual Total Time": 166.186,
                                                "Actual Rows": 756618,
                                                "Actual Loops": 1
                                            },
                                            {
                                                "Worker Number": 4,
                                                "Actual Startup Time": 0.23,
                                                "Actual Total Time": 166.934,
                                                "Actual Rows": 767543,
                                                "Actual Loops": 1
                                            }
                                        ]
                                    },
                                    {
                                        "Node Type": "Hash",
                                        "Parent Relationship": "Inner",
                                        "Parallel Aware": true,
                                        "Startup Cost": 79636.52,
                                        "Total Cost": 79636.52,
                                        "Plan Rows": 141696,
                                        "Plan Width": 8,
                                        "Actual Startup Time": 300.174,
                                        "Actual Total Time": 300.253,
                                        "Actual Rows": 59264,
                                        "Actual Loops": 6,
                                        "Output": [
                                            "t.id",
                                            "mc.movie_id"
                                        ],
                                        "Hash Buckets": 1048576,
                                        "Original Hash Buckets": 1048576,
                                        "Hash Batches": 1,
                                        "Original Hash Batches": 1,
                                        "Peak Memory Usage": 22176,
                                        "Workers": [
                                            {
                                                "Worker Number": 0,
                                                "Actual Startup Time": 300.793,
                                                "Actual Total Time": 300.797,
                                                "Actual Rows": 45804,
                                                "Actual Loops": 1
                                            },
                                            {
                                                "Worker Number": 1,
                                                "Actual Startup Time": 300.904,
                                                "Actual Total Time": 300.908,
                                                "Actual Rows": 47462,
                                                "Actual Loops": 1
                                            },
                                            {
                                                "Worker Number": 2,
                                                "Actual Startup Time": 301.459,
                                                "Actual Total Time": 301.463,
                                                "Actual Rows": 61120,
                                                "Actual Loops": 1
                                            },
                                            {
                                                "Worker Number": 3,
                                                "Actual Startup Time": 301.479,
                                                "Actual Total Time": 301.483,
                                                "Actual Rows": 60201,
                                                "Actual Loops": 1
                                            },
                                            {
                                                "Worker Number": 4,
                                                "Actual Startup Time": 301.492,
                                                "Actual Total Time": 301.495,
                                                "Actual Rows": 61972,
                                                "Actual Loops": 1
                                            }
                                        ],
                                        "Plans": [
                                            {
                                                "Node Type": "Hash Join",
                                                "Parent Relationship": "Outer",
                                                "Parallel Aware": true,
                                                "Join Type": "Inner",
                                                "Startup Cost": 33700.23,
                                                "Total Cost": 79636.52,
                                                "Plan Rows": 141696,
                                                "Plan Width": 8,
                                                "Actual Startup Time": 101.869,
                                                "Actual Total Time": 270.725,
                                                "Actual Rows": 59264,
                                                "Actual Loops": 6,
                                                "Output": [
                                                    "t.id",
                                                    "mc.movie_id"
                                                ],
                                                "Inner Unique": false,
                                                "Hash Cond": "(t.id = mc.movie_id)",
                                                "Workers": [
                                                    {
                                                        "Worker Number": 0,
                                                        "Actual Startup Time": 101.908,
                                                        "Actual Total Time": 269.998,
                                                        "Actual Rows": 45804,
                                                        "Actual Loops": 1
                                                    },
                                                    {
                                                        "Worker Number": 1,
                                                        "Actual Startup Time": 101.841,
                                                        "Actual Total Time": 272.755,
                                                        "Actual Rows": 47462,
                                                        "Actual Loops": 1
                                                    },
                                                    {
                                                        "Worker Number": 2,
                                                        "Actual Startup Time": 101.881,
                                                        "Actual Total Time": 270.959,
                                                        "Actual Rows": 61120,
                                                        "Actual Loops": 1
                                                    },
                                                    {
                                                        "Worker Number": 3,
                                                        "Actual Startup Time": 101.836,
                                                        "Actual Total Time": 270.303,
                                                        "Actual Rows": 60201,
                                                        "Actual Loops": 1
                                                    },
                                                    {
                                                        "Worker Number": 4,
                                                        "Actual Startup Time": 101.822,
                                                        "Actual Total Time": 271.717,
                                                        "Actual Rows": 61972,
                                                        "Actual Loops": 1
                                                    }
                                                ],
                                                "Plans": [
                                                    {
                                                        "Node Type": "Seq Scan",
                                                        "Parent Relationship": "Outer",
                                                        "Parallel Aware": true,
                                                        "Relation Name": "title",
                                                        "Schema": "public",
                                                        "Alias": "t",
                                                        "Startup Cost": 0.0,
                                                        "Total Cost": 42318.81,
                                                        "Plan Rows": 632080,
                                                        "Plan Width": 4,
                                                        "Actual Startup Time": 0.026,
                                                        "Actual Total Time": 66.512,
                                                        "Actual Rows": 421385,
                                                        "Actual Loops": 6,
                                                        "Output": [
                                                            "t.id",
                                                            "t.title",
                                                            "t.imdb_index",
                                                            "t.kind_id",
                                                            "t.production_year",
                                                            "t.imdb_id",
                                                            "t.phonetic_code",
                                                            "t.episode_of_id",
                                                            "t.season_nr",
                                                            "t.episode_nr",
                                                            "t.series_years",
                                                            "t.md5sum"
                                                        ],
                                                        "Workers": [
                                                            {
                                                                "Worker Number": 0,
                                                                "Actual Startup Time": 0.049,
                                                                "Actual Total Time": 70.083,
                                                                "Actual Rows": 325497,
                                                                "Actual Loops": 1
                                                            },
                                                            {
                                                                "Worker Number": 1,
                                                                "Actual Startup Time": 0.026,
                                                                "Actual Total Time": 72.285,
                                                                "Actual Rows": 336088,
                                                                "Actual Loops": 1
                                                            },
                                                            {
                                                                "Worker Number": 2,
                                                                "Actual Startup Time": 0.033,
                                                                "Actual Total Time": 68.522,
                                                                "Actual Rows": 434400,
                                                                "Actual Loops": 1
                                                            },
                                                            {
                                                                "Worker Number": 3,
                                                                "Actual Startup Time": 0.019,
                                                                "Actual Total Time": 68.071,
                                                                "Actual Rows": 429464,
                                                                "Actual Loops": 1
                                                            },
                                                            {
                                                                "Worker Number": 4,
                                                                "Actual Startup Time": 0.022,
                                                                "Actual Total Time": 68.84,
                                                                "Actual Rows": 439746,
                                                                "Actual Loops": 1
                                                            }
                                                        ]
                                                    },
                                                    {
                                                        "Node Type": "Hash",
                                                        "Parent Relationship": "Inner",
                                                        "Parallel Aware": true,
                                                        "Startup Cost": 31414.82,
                                                        "Total Cost": 31414.82,
                                                        "Plan Rows": 182833,
                                                        "Plan Width": 4,
                                                        "Actual Startup Time": 99.974,
                                                        "Actual Total Time": 99.975,
                                                        "Actual Rows": 59264,
                                                        "Actual Loops": 6,
                                                        "Output": [
                                                            "mc.movie_id"
                                                        ],
                                                        "Hash Buckets": 1048576,
                                                        "Original Hash Buckets": 1048576,
                                                        "Hash Batches": 1,
                                                        "Original Hash Batches": 1,
                                                        "Peak Memory Usage": 22240,
                                                        "Workers": [
                                                            {
                                                                "Worker Number": 0,
                                                                "Actual Startup Time": 101.663,
                                                                "Actual Total Time": 101.664,
                                                                "Actual Rows": 44312,
                                                                "Actual Loops": 1
                                                            },
                                                            {
                                                                "Worker Number": 1,
                                                                "Actual Startup Time": 101.622,
                                                                "Actual Total Time": 101.623,
                                                                "Actual Rows": 43360,
                                                                "Actual Loops": 1
                                                            },
                                                            {
                                                                "Worker Number": 2,
                                                                "Actual Startup Time": 101.77,
                                                                "Actual Total Time": 101.771,
                                                                "Actual Rows": 64050,
                                                                "Actual Loops": 1
                                                            },
                                                            {
                                                                "Worker Number": 3,
                                                                "Actual Startup Time": 101.619,
                                                                "Actual Total Time": 101.62,
                                                                "Actual Rows": 63478,
                                                                "Actual Loops": 1
                                                            },
                                                            {
                                                                "Worker Number": 4,
                                                                "Actual Startup Time": 101.625,
                                                                "Actual Total Time": 101.626,
                                                                "Actual Rows": 63308,
                                                                "Actual Loops": 1
                                                            }
                                                        ],
                                                        "Plans": [
                                                            {
                                                                "Node Type": "Seq Scan",
                                                                "Parent Relationship": "Outer",
                                                                "Parallel Aware": true,
                                                                "Relation Name": "movie_companies",
                                                                "Schema": "public",
                                                                "Alias": "mc",
                                                                "Startup Cost": 0.0,
                                                                "Total Cost": 31414.82,
                                                                "Plan Rows": 182833,
                                                                "Plan Width": 4,
                                                                "Actual Startup Time": 42.802,
                                                                "Actual Total Time": 68.57,
                                                                "Actual Rows": 59264,
                                                                "Actual Loops": 6,
                                                                "Output": [
                                                                    "mc.movie_id"
                                                                ],
                                                                "Filter": "((mc.company_id < 7851) AND (mc.company_type_id = 2))",
                                                                "Rows Removed by Filter": 375591,
                                                                "Workers": [
                                                                    {
                                                                        "Worker Number": 0,
                                                                        "Actual Startup Time": 42.8,
                                                                        "Actual Total Time": 69.651,
                                                                        "Actual Rows": 44312,
                                                                        "Actual Loops": 1
                                                                    },
                                                                    {
                                                                        "Worker Number": 1,
                                                                        "Actual Startup Time": 42.786,
                                                                        "Actual Total Time": 69.329,
                                                                        "Actual Rows": 43360,
                                                                        "Actual Loops": 1
                                                                    },
                                                                    {
                                                                        "Worker Number": 2,
                                                                        "Actual Startup Time": 42.817,
                                                                        "Actual Total Time": 68.675,
                                                                        "Actual Rows": 64050,
                                                                        "Actual Loops": 1
                                                                    },
                                                                    {
                                                                        "Worker Number": 3,
                                                                        "Actual Startup Time": 42.775,
                                                                        "Actual Total Time": 68.496,
                                                                        "Actual Rows": 63478,
                                                                        "Actual Loops": 1
                                                                    },
                                                                    {
                                                                        "Worker Number": 4,
                                                                        "Actual Startup Time": 42.793,
                                                                        "Actual Total Time": 68.668,
                                                                        "Actual Rows": 63308,
                                                                        "Actual Loops": 1
                                                                    }
                                                                ]
                                                            }
                                                        ]
                                                    }
                                                ]
                                            }
                                        ]
                                    }
                                ]
                            }
                        ]
                    }
                ]
            }
        ]
    },
    "Planning Time": 1.57,
    "Triggers": [],
    "Execution Time": 719.623
}