[
    {
        "Bao": {
            "Bao prediction": 329.681,
            "Bao recommended hint": "SET enable_mergejoin TO off; SET enable_indexscan TO off; "
        }
    },
    {
        "Plan": {
            "Node Type": "Aggregate",
            "Strategy": "Plain",
            "Partial Mode": "Finalize",
            "Parallel Aware": false,
            "Startup Cost": 67838.34,
            "Total Cost": 67838.35,
            "Plan Rows": 1,
            "Plan Width": 64,
            "Actual Startup Time": 281.93,
            "Actual Total Time": 304.952,
            "Actual Rows": 1,
            "Actual Loops": 1,
            "Output": [
                "min((kt.kind)::text)",
                "min(t.title)"
            ],
            "Plans": [
                {
                    "Node Type": "Gather",
                    "Parent Relationship": "Outer",
                    "Parallel Aware": false,
                    "Startup Cost": 67837.91,
                    "Total Cost": 67838.32,
                    "Plan Rows": 4,
                    "Plan Width": 64,
                    "Actual Startup Time": 281.405,
                    "Actual Total Time": 304.938,
                    "Actual Rows": 5,
                    "Actual Loops": 1,
                    "Output": [
                        "(PARTIAL min((kt.kind)::text))",
                        "(PARTIAL min(t.title))"
                    ],
                    "Workers Planned": 4,
                    "Workers Launched": 4,
                    "Single Copy": false,
                    "Plans": [
                        {
                            "Node Type": "Aggregate",
                            "Strategy": "Plain",
                            "Partial Mode": "Partial",
                            "Parent Relationship": "Outer",
                            "Parallel Aware": false,
                            "Startup Cost": 66837.91,
                            "Total Cost": 66837.92,
                            "Plan Rows": 1,
                            "Plan Width": 64,
                            "Actual Startup Time": 267.78,
                            "Actual Total Time": 267.796,
                            "Actual Rows": 1,
                            "Actual Loops": 5,
                            "Output": [
                                "PARTIAL min((kt.kind)::text)",
                                "PARTIAL min(t.title)"
                            ],
                            "Workers": [
                                {
                                    "Worker Number": 0,
                                    "Actual Startup Time": 264.7,
                                    "Actual Total Time": 264.718,
                                    "Actual Rows": 1,
                                    "Actual Loops": 1
                                },
                                {
                                    "Worker Number": 1,
                                    "Actual Startup Time": 264.804,
                                    "Actual Total Time": 264.818,
                                    "Actual Rows": 1,
                                    "Actual Loops": 1
                                },
                                {
                                    "Worker Number": 2,
                                    "Actual Startup Time": 264.773,
                                    "Actual Total Time": 264.783,
                                    "Actual Rows": 1,
                                    "Actual Loops": 1
                                },
                                {
                                    "Worker Number": 3,
                                    "Actual Startup Time": 265.413,
                                    "Actual Total Time": 265.429,
                                    "Actual Rows": 1,
                                    "Actual Loops": 1
                                }
                            ],
                            "Plans": [
                                {
                                    "Node Type": "Nested Loop",
                                    "Parent Relationship": "Outer",
                                    "Parallel Aware": false,
                                    "Join Type": "Inner",
                                    "Startup Cost": 3242.01,
                                    "Total Cost": 66837.91,
                                    "Plan Rows": 1,
                                    "Plan Width": 27,
                                    "Actual Startup Time": 237.096,
                                    "Actual Total Time": 267.708,
                                    "Actual Rows": 126,
                                    "Actual Loops": 5,
                                    "Output": [
                                        "kt.kind",
                                        "t.title"
                                    ],
                                    "Inner Unique": true,
                                    "Workers": [
                                        {
                                            "Worker Number": 0,
                                            "Actual Startup Time": 232.097,
                                            "Actual Total Time": 264.33,
                                            "Actual Rows": 612,
                                            "Actual Loops": 1
                                        },
                                        {
                                            "Worker Number": 1,
                                            "Actual Startup Time": 237.968,
                                            "Actual Total Time": 264.802,
                                            "Actual Rows": 6,
                                            "Actual Loops": 1
                                        },
                                        {
                                            "Worker Number": 2,
                                            "Actual Startup Time": 264.769,
                                            "Actual Total Time": 264.779,
                                            "Actual Rows": 0,
                                            "Actual Loops": 1
                                        },
                                        {
                                            "Worker Number": 3,
                                            "Actual Startup Time": 265.405,
                                            "Actual Total Time": 265.421,
                                            "Actual Rows": 0,
                                            "Actual Loops": 1
                                        }
                                    ],
                                    "Plans": [
                                        {
                                            "Node Type": "Nested Loop",
                                            "Parent Relationship": "Outer",
                                            "Parallel Aware": false,
                                            "Join Type": "Inner",
                                            "Startup Cost": 3241.59,
                                            "Total Cost": 66833.47,
                                            "Plan Rows": 1,
                                            "Plan Width": 31,
                                            "Actual Startup Time": 237.065,
                                            "Actual Total Time": 266.533,
                                            "Actual Rows": 126,
                                            "Actual Loops": 5,
                                            "Output": [
                                                "mk.keyword_id",
                                                "t.title",
                                                "kt.kind"
                                            ],
                                            "Inner Unique": true,
                                            "Join Filter": "(mc.company_type_id = ct.id)",
                                            "Rows Removed by Join Filter": 123,
                                            "Workers": [
                                                {
                                                    "Worker Number": 0,
                                                    "Actual Startup Time": 232.035,
                                                    "Actual Total Time": 258.795,
                                                    "Actual Rows": 612,
                                                    "Actual Loops": 1
                                                },
                                                {
                                                    "Worker Number": 1,
                                                    "Actual Startup Time": 237.926,
                                                    "Actual Total Time": 264.717,
                                                    "Actual Rows": 6,
                                                    "Actual Loops": 1
                                                },
                                                {
                                                    "Worker Number": 2,
                                                    "Actual Startup Time": 264.767,
                                                    "Actual Total Time": 264.777,
                                                    "Actual Rows": 0,
                                                    "Actual Loops": 1
                                                },
                                                {
                                                    "Worker Number": 3,
                                                    "Actual Startup Time": 265.405,
                                                    "Actual Total Time": 265.419,
                                                    "Actual Rows": 0,
                                                    "Actual Loops": 1
                                                }
                                            ],
                                            "Plans": [
                                                {
                                                    "Node Type": "Nested Loop",
                                                    "Parent Relationship": "Outer",
                                                    "Parallel Aware": false,
                                                    "Join Type": "Inner",
                                                    "Startup Cost": 3241.59,
                                                    "Total Cost": 66832.38,
                                                    "Plan Rows": 1,
                                                    "Plan Width": 35,
                                                    "Actual Startup Time": 237.051,
                                                    "Actual Total Time": 265.997,
                                                    "Actual Rows": 126,
                                                    "Actual Loops": 5,
                                                    "Output": [
                                                        "mc.company_type_id",
                                                        "mk.keyword_id",
                                                        "t.title",
                                                        "kt.kind"
                                                    ],
                                                    "Inner Unique": true,
                                                    "Workers": [
                                                        {
                                                            "Worker Number": 0,
                                                            "Actual Startup Time": 231.994,
                                                            "Actual Total Time": 256.205,
                                                            "Actual Rows": 612,
                                                            "Actual Loops": 1
                                                        },
                                                        {
                                                            "Worker Number": 1,
                                                            "Actual Startup Time": 237.904,
                                                            "Actual Total Time": 264.679,
                                                            "Actual Rows": 6,
                                                            "Actual Loops": 1
                                                        },
                                                        {
                                                            "Worker Number": 2,
                                                            "Actual Startup Time": 264.767,
                                                            "Actual Total Time": 264.776,
                                                            "Actual Rows": 0,
                                                            "Actual Loops": 1
                                                        },
                                                        {
                                                            "Worker Number": 3,
                                                            "Actual Startup Time": 265.404,
                                                            "Actual Total Time": 265.418,
                                                            "Actual Rows": 0,
                                                            "Actual Loops": 1
                                                        }
                                                    ],
                                                    "Plans": [
                                                        {
                                                            "Node Type": "Nested Loop",
                                                            "Parent Relationship": "Outer",
                                                            "Parallel Aware": false,
                                                            "Join Type": "Inner",
                                                            "Startup Cost": 3241.16,
                                                            "Total Cost": 66827.93,
                                                            "Plan Rows": 1,
                                                            "Plan Width": 39,
                                                            "Actual Startup Time": 237.011,
                                                            "Actual Total Time": 265.033,
                                                            "Actual Rows": 126,
                                                            "Actual Loops": 5,
                                                            "Output": [
                                                                "mc.company_id",
                                                                "mc.company_type_id",
                                                                "mk.keyword_id",
                                                                "t.title",
                                                                "kt.kind"
                                                            ],
                                                            "Inner Unique": false,
                                                            "Join Filter": "(t.id = mc.movie_id)",
                                                            "Rows Removed by Join Filter": 0,
                                                            "Workers": [
                                                                {
                                                                    "Worker Number": 0,
                                                                    "Actual Startup Time": 231.919,
                                                                    "Actual Total Time": 251.625,
                                                                    "Actual Rows": 612,
                                                                    "Actual Loops": 1
                                                                },
                                                                {
                                                                    "Worker Number": 1,
                                                                    "Actual Startup Time": 237.823,
                                                                    "Actual Total Time": 264.551,
                                                                    "Actual Rows": 6,
                                                                    "Actual Loops": 1
                                                                },
                                                                {
                                                                    "Worker Number": 2,
                                                                    "Actual Startup Time": 264.766,
                                                                    "Actual Total Time": 264.775,
                                                                    "Actual Rows": 0,
                                                                    "Actual Loops": 1
                                                                },
                                                                {
                                                                    "Worker Number": 3,
                                                                    "Actual Startup Time": 265.403,
                                                                    "Actual Total Time": 265.417,
                                                                    "Actual Rows": 0,
                                                                    "Actual Loops": 1
                                                                }
                                                            ],
                                                            "Plans": [
                                                                {
                                                                    "Node Type": "Nested Loop",
                                                                    "Parent Relationship": "Outer",
                                                                    "Parallel Aware": false,
                                                                    "Join Type": "Inner",
                                                                    "Startup Cost": 3240.68,
                                                                    "Total Cost": 66823.33,
                                                                    "Plan Rows": 1,
                                                                    "Plan Width": 47,
                                                                    "Actual Startup Time": 236.968,
                                                                    "Actual Total Time": 264.052,
                                                                    "Actual Rows": 125,
                                                                    "Actual Loops": 5,
                                                                    "Output": [
                                                                        "cc.movie_id",
                                                                        "mi.movie_id",
                                                                        "mk.movie_id",
                                                                        "mk.keyword_id",
                                                                        "t.title",
                                                                        "t.id",
                                                                        "kt.kind"
                                                                    ],
                                                                    "Inner Unique": false,
                                                                    "Workers": [
                                                                        {
                                                                            "Worker Number": 0,
                                                                            "Actual Startup Time": 231.841,
                                                                            "Actual Total Time": 246.967,
                                                                            "Actual Rows": 612,
                                                                            "Actual Loops": 1
                                                                        },
                                                                        {
                                                                            "Worker Number": 1,
                                                                            "Actual Startup Time": 237.753,
                                                                            "Actual Total Time": 264.448,
                                                                            "Actual Rows": 3,
                                                                            "Actual Loops": 1
                                                                        },
                                                                        {
                                                                            "Worker Number": 2,
                                                                            "Actual Startup Time": 264.765,
                                                                            "Actual Total Time": 264.773,
                                                                            "Actual Rows": 0,
                                                                            "Actual Loops": 1
                                                                        },
                                                                        {
                                                                            "Worker Number": 3,
                                                                            "Actual Startup Time": 265.401,
                                                                            "Actual Total Time": 265.413,
                                                                            "Actual Rows": 0,
                                                                            "Actual Loops": 1
                                                                        }
                                                                    ],
                                                                    "Plans": [
                                                                        {
                                                                            "Node Type": "Hash Join",
                                                                            "Parent Relationship": "Outer",
                                                                            "Parallel Aware": false,
                                                                            "Join Type": "Inner",
                                                                            "Startup Cost": 3239.84,
                                                                            "Total Cost": 66817.46,
                                                                            "Plan Rows": 1,
                                                                            "Plan Width": 39,
                                                                            "Actual Startup Time": 236.902,
                                                                            "Actual Total Time": 263.915,
                                                                            "Actual Rows": 1,
                                                                            "Actual Loops": 5,
                                                                            "Output": [
                                                                                "cc.movie_id",
                                                                                "mi.movie_id",
                                                                                "t.title",
                                                                                "t.id",
                                                                                "kt.kind"
                                                                            ],
                                                                            "Inner Unique": true,
                                                                            "Hash Cond": "(mi.info_type_id = it1.id)",
                                                                            "Workers": [
                                                                                {
                                                                                    "Worker Number": 0,
                                                                                    "Actual Startup Time": 231.732,
                                                                                    "Actual Total Time": 246.513,
                                                                                    "Actual Rows": 4,
                                                                                    "Actual Loops": 1
                                                                                },
                                                                                {
                                                                                    "Worker Number": 1,
                                                                                    "Actual Startup Time": 237.645,
                                                                                    "Actual Total Time": 264.336,
                                                                                    "Actual Rows": 1,
                                                                                    "Actual Loops": 1
                                                                                },
                                                                                {
                                                                                    "Worker Number": 2,
                                                                                    "Actual Startup Time": 264.764,
                                                                                    "Actual Total Time": 264.771,
                                                                                    "Actual Rows": 0,
                                                                                    "Actual Loops": 1
                                                                                },
                                                                                {
                                                                                    "Worker Number": 3,
                                                                                    "Actual Startup Time": 265.399,
                                                                                    "Actual Total Time": 265.41,
                                                                                    "Actual Rows": 0,
                                                                                    "Actual Loops": 1
                                                                                }
                                                                            ],
                                                                            "Plans": [
                                                                                {
                                                                                    "Node Type": "Nested Loop",
                                                                                    "Parent Relationship": "Outer",
                                                                                    "Parallel Aware": false,
                                                                                    "Join Type": "Inner",
                                                                                    "Startup Cost": 3237.42,
                                                                                    "Total Cost": 66815.02,
                                                                                    "Plan Rows": 3,
                                                                                    "Plan Width": 43,
                                                                                    "Actual Startup Time": 236.456,
                                                                                    "Actual Total Time": 263.466,
                                                                                    "Actual Rows": 1,
                                                                                    "Actual Loops": 5,
                                                                                    "Output": [
                                                                                        "cc.movie_id",
                                                                                        "mi.movie_id",
                                                                                        "mi.info_type_id",
                                                                                        "t.title",
                                                                                        "t.id",
                                                                                        "kt.kind"
                                                                                    ],
                                                                                    "Inner Unique": false,
                                                                                    "Workers": [
                                                                                        {
                                                                                            "Worker Number": 0,
                                                                                            "Actual Startup Time": 231.19,
                                                                                            "Actual Total Time": 245.966,
                                                                                            "Actual Rows": 4,
                                                                                            "Actual Loops": 1
                                                                                        },
                                                                                        {
                                                                                            "Worker Number": 1,
                                                                                            "Actual Startup Time": 237.115,
                                                                                            "Actual Total Time": 263.805,
                                                                                            "Actual Rows": 1,
                                                                                            "Actual Loops": 1
                                                                                        },
                                                                                        {
                                                                                            "Worker Number": 2,
                                                                                            "Actual Startup Time": 264.221,
                                                                                            "Actual Total Time": 264.226,
                                                                                            "Actual Rows": 0,
                                                                                            "Actual Loops": 1
                                                                                        },
                                                                                        {
                                                                                            "Worker Number": 3,
                                                                                            "Actual Startup Time": 264.981,
                                                                                            "Actual Total Time": 264.989,
                                                                                            "Actual Rows": 0,
                                                                                            "Actual Loops": 1
                                                                                        }
                                                                                    ],
                                                                                    "Plans": [
                                                                                        {
                                                                                            "Node Type": "Hash Join",
                                                                                            "Parent Relationship": "Outer",
                                                                                            "Parallel Aware": false,
                                                                                            "Join Type": "Inner",
                                                                                            "Startup Cost": 3236.54,
                                                                                            "Total Cost": 48769.21,
                                                                                            "Plan Rows": 3164,
                                                                                            "Plan Width": 35,
                                                                                            "Actual Startup Time": 139.751,
                                                                                            "Actual Total Time": 187.519,
                                                                                            "Actual Rows": 634,
                                                                                            "Actual Loops": 5,
                                                                                            "Output": [
                                                                                                "cc.movie_id",
                                                                                                "t.title",
                                                                                                "t.id",
                                                                                                "kt.kind"
                                                                                            ],
                                                                                            "Inner Unique": true,
                                                                                            "Hash Cond": "(t.kind_id = kt.id)",
                                                                                            "Workers": [
                                                                                                {
                                                                                                    "Worker Number": 0,
                                                                                                    "Actual Startup Time": 136.484,
                                                                                                    "Actual Total Time": 180.336,
                                                                                                    "Actual Rows": 451,
                                                                                                    "Actual Loops": 1
                                                                                                },
                                                                                                {
                                                                                                    "Worker Number": 1,
                                                                                                    "Actual Startup Time": 136.513,
                                                                                                    "Actual Total Time": 185.39,
                                                                                                    "Actual Rows": 816,
                                                                                                    "Actual Loops": 1
                                                                                                },
                                                                                                {
                                                                                                    "Worker Number": 2,
                                                                                                    "Actual Startup Time": 136.446,
                                                                                                    "Actual Total Time": 186.036,
                                                                                                    "Actual Rows": 804,
                                                                                                    "Actual Loops": 1
                                                                                                },
                                                                                                {
                                                                                                    "Worker Number": 3,
                                                                                                    "Actual Startup Time": 137.668,
                                                                                                    "Actual Total Time": 186.955,
                                                                                                    "Actual Rows": 559,
                                                                                                    "Actual Loops": 1
                                                                                                }
                                                                                            ],
                                                                                            "Plans": [
                                                                                                {
                                                                                                    "Node Type": "Hash Join",
                                                                                                    "Parent Relationship": "Outer",
                                                                                                    "Parallel Aware": false,
                                                                                                    "Join Type": "Inner",
                                                                                                    "Startup Cost": 3235.39,
                                                                                                    "Total Cost": 48744.72,
                                                                                                    "Plan Rows": 5538,
                                                                                                    "Plan Width": 29,
                                                                                                    "Actual Startup Time": 45.137,
                                                                                                    "Actual Total Time": 187.061,
                                                                                                    "Actual Rows": 860,
                                                                                                    "Actual Loops": 5,
                                                                                                    "Output": [
                                                                                                        "cc.movie_id",
                                                                                                        "t.title",
                                                                                                        "t.kind_id",
                                                                                                        "t.id"
                                                                                                    ],
                                                                                                    "Inner Unique": false,
                                                                                                    "Hash Cond": "(t.id = cc.movie_id)",
                                                                                                    "Workers": [
                                                                                                        {
                                                                                                            "Worker Number": 0,
                                                                                                            "Actual Startup Time": 46.423,
                                                                                                            "Actual Total Time": 179.911,
                                                                                                            "Actual Rows": 613,
                                                                                                            "Actual Loops": 1
                                                                                                        },
                                                                                                        {
                                                                                                            "Worker Number": 1,
                                                                                                            "Actual Startup Time": 40.172,
                                                                                                            "Actual Total Time": 184.912,
                                                                                                            "Actual Rows": 1129,
                                                                                                            "Actual Loops": 1
                                                                                                        },
                                                                                                        {
                                                                                                            "Worker Number": 2,
                                                                                                            "Actual Startup Time": 40.782,
                                                                                                            "Actual Total Time": 185.567,
                                                                                                            "Actual Rows": 1105,
                                                                                                            "Actual Loops": 1
                                                                                                        },
                                                                                                        {
                                                                                                            "Worker Number": 3,
                                                                                                            "Actual Startup Time": 46.332,
                                                                                                            "Actual Total Time": 186.508,
                                                                                                            "Actual Rows": 737,
                                                                                                            "Actual Loops": 1
                                                                                                        }
                                                                                                    ],
                                                                                                    "Plans": [
                                                                                                        {
                                                                                                            "Node Type": "Seq Scan",
                                                                                                            "Parent Relationship": "Outer",
                                                                                                            "Parallel Aware": true,
                                                                                                            "Relation Name": "title",
                                                                                                            "Schema": "public",
                                                                                                            "Alias": "t",
                                                                                                            "Startup Cost": 0.0,
                                                                                                            "Total Cost": 43899.32,
                                                                                                            "Plan Rows": 414571,
                                                                                                            "Plan Width": 25,
                                                                                                            "Actual Startup Time": 0.066,
                                                                                                            "Actual Total Time": 97.18,
                                                                                                            "Actual Rows": 328703,
                                                                                                            "Actual Loops": 5,
                                                                                                            "Output": [
                                                                                                                "t.id",
                                                                                                                "t.title",
                                                                                                                "t.imdb_index",
                                                                                                                "t.kind_id",
                                                                                                                "t.production_year",
                                                                                                                "t.imdb_id",
                                                                                                                "t.phonetic_code",
                                                                                                                "t.episode_of_id",
                                                                                                                "t.season_nr",
                                                                                                                "t.episode_nr",
                                                                                                                "t.series_years",
                                                                                                                "t.md5sum"
                                                                                                            ],
                                                                                                            "Filter": "(t.production_year > 1994)",
                                                                                                            "Rows Removed by Filter": 176960,
                                                                                                            "Workers": [
                                                                                                                {
                                                                                                                    "Worker Number": 0,
                                                                                                                    "Actual Startup Time": 0.077,
                                                                                                                    "Actual Total Time": 89.7,
                                                                                                                    "Actual Rows": 248728,
                                                                                                                    "Actual Loops": 1
                                                                                                                },
                                                                                                                {
                                                                                                                    "Worker Number": 1,
                                                                                                                    "Actual Startup Time": 0.088,
                                                                                                                    "Actual Total Time": 98.811,
                                                                                                                    "Actual Rows": 429555,
                                                                                                                    "Actual Loops": 1
                                                                                                                },
                                                                                                                {
                                                                                                                    "Worker Number": 2,
                                                                                                                    "Actual Startup Time": 0.074,
                                                                                                                    "Actual Total Time": 98.846,
                                                                                                                    "Actual Rows": 428983,
                                                                                                                    "Actual Loops": 1
                                                                                                                },
                                                                                                                {
                                                                                                                    "Worker Number": 3,
                                                                                                                    "Actual Startup Time": 0.061,
                                                                                                                    "Actual Total Time": 94.94,
                                                                                                                    "Actual Rows": 267212,
                                                                                                                    "Actual Loops": 1
                                                                                                                }
                                                                                                            ]
                                                                                                        },
                                                                                                        {
                                                                                                            "Node Type": "Hash",
                                                                                                            "Parent Relationship": "Inner",
                                                                                                            "Parallel Aware": false,
                                                                                                            "Startup Cost": 2813.24,
                                                                                                            "Total Cost": 2813.24,
                                                                                                            "Plan Rows": 33772,
                                                                                                            "Plan Width": 4,
                                                                                                            "Actual Startup Time": 43.913,
                                                                                                            "Actual Total Time": 43.916,
                                                                                                            "Actual Rows": 24592,
                                                                                                            "Actual Loops": 5,
                                                                                                            "Output": [
                                                                                                                "cc.movie_id"
                                                                                                            ],
                                                                                                            "Hash Buckets": 65536,
                                                                                                            "Original Hash Buckets": 65536,
                                                                                                            "Hash Batches": 1,
                                                                                                            "Original Hash Batches": 1,
                                                                                                            "Peak Memory Usage": 1377,
                                                                                                            "Workers": [
                                                                                                                {
                                                                                                                    "Worker Number": 0,
                                                                                                                    "Actual Startup Time": 45.56,
                                                                                                                    "Actual Total Time": 45.564,
                                                                                                                    "Actual Rows": 24592,
                                                                                                                    "Actual Loops": 1
                                                                                                                },
                                                                                                                {
                                                                                                                    "Worker Number": 1,
                                                                                                                    "Actual Startup Time": 39.098,
                                                                                                                    "Actual Total Time": 39.101,
                                                                                                                    "Actual Rows": 24592,
                                                                                                                    "Actual Loops": 1
                                                                                                                },
                                                                                                                {
                                                                                                                    "Worker Number": 2,
                                                                                                                    "Actual Startup Time": 39.071,
                                                                                                                    "Actual Total Time": 39.074,
                                                                                                                    "Actual Rows": 24592,
                                                                                                                    "Actual Loops": 1
                                                                                                                },
                                                                                                                {
                                                                                                                    "Worker Number": 3,
                                                                                                                    "Actual Startup Time": 44.895,
                                                                                                                    "Actual Total Time": 44.898,
                                                                                                                    "Actual Rows": 24592,
                                                                                                                    "Actual Loops": 1
                                                                                                                }
                                                                                                            ],
                                                                                                            "Plans": [
                                                                                                                {
                                                                                                                    "Node Type": "Hash Join",
                                                                                                                    "Parent Relationship": "Outer",
                                                                                                                    "Parallel Aware": false,
                                                                                                                    "Join Type": "Inner",
                                                                                                                    "Startup Cost": 1.06,
                                                                                                                    "Total Cost": 2813.24,
                                                                                                                    "Plan Rows": 33772,
                                                                                                                    "Plan Width": 4,
                                                                                                                    "Actual Startup Time": 0.172,
                                                                                                                    "Actual Total Time": 37.548,
                                                                                                                    "Actual Rows": 24592,
                                                                                                                    "Actual Loops": 5,
                                                                                                                    "Output": [
                                                                                                                        "cc.movie_id"
                                                                                                                    ],
                                                                                                                    "Inner Unique": true,
                                                                                                                    "Hash Cond": "(cc.status_id = cct1.id)",
                                                                                                                    "Workers": [
                                                                                                                        {
                                                                                                                            "Worker Number": 0,
                                                                                                                            "Actual Startup Time": 0.172,
                                                                                                                            "Actual Total Time": 38.819,
                                                                                                                            "Actual Rows": 24592,
                                                                                                                            "Actual Loops": 1
                                                                                                                        },
                                                                                                                        {
                                                                                                                            "Worker Number": 1,
                                                                                                                            "Actual Startup Time": 0.181,
                                                                                                                            "Actual Total Time": 33.39,
                                                                                                                            "Actual Rows": 24592,
                                                                                                                            "Actual Loops": 1
                                                                                                                        },
                                                                                                                        {
                                                                                                                            "Worker Number": 2,
                                                                                                                            "Actual Startup Time": 0.173,
                                                                                                                            "Actual Total Time": 33.321,
                                                                                                                            "Actual Rows": 24592,
                                                                                                                            "Actual Loops": 1
                                                                                                                        },
                                                                                                                        {
                                                                                                                            "Worker Number": 3,
                                                                                                                            "Actual Startup Time": 0.189,
                                                                                                                            "Actual Total Time": 38.392,
                                                                                                                            "Actual Rows": 24592,
                                                                                                                            "Actual Loops": 1
                                                                                                                        }
                                                                                                                    ],
                                                                                                                    "Plans": [
                                                                                                                        {
                                                                                                                            "Node Type": "Seq Scan",
                                                                                                                            "Parent Relationship": "Outer",
                                                                                                                            "Parallel Aware": false,
                                                                                                                            "Relation Name": "complete_cast",
                                                                                                                            "Schema": "public",
                                                                                                                            "Alias": "cc",
                                                                                                                            "Startup Cost": 0.0,
                                                                                                                            "Total Cost": 2081.86,
                                                                                                                            "Plan Rows": 135086,
                                                                                                                            "Plan Width": 8,
                                                                                                                            "Actual Startup Time": 0.053,
                                                                                                                            "Actual Total Time": 17.875,
                                                                                                                            "Actual Rows": 135086,
                                                                                                                            "Actual Loops": 5,
                                                                                                                            "Output": [
                                                                                                                                "cc.id",
                                                                                                                                "cc.movie_id",
                                                                                                                                "cc.subject_id",
                                                                                                                                "cc.status_id"
                                                                                                                            ],
                                                                                                                            "Workers": [
                                                                                                                                {
                                                                                                                                    "Worker Number": 0,
                                                                                                                                    "Actual Startup Time": 0.054,
                                                                                                                                    "Actual Total Time": 18.139,
                                                                                                                                    "Actual Rows": 135086,
                                                                                                                                    "Actual Loops": 1
                                                                                                                                },
                                                                                                                                {
                                                                                                                                    "Worker Number": 1,
                                                                                                                                    "Actual Startup Time": 0.057,
                                                                                                                                    "Actual Total Time": 16.024,
                                                                                                                                    "Actual Rows": 135086,
                                                                                                                                    "Actual Loops": 1
                                                                                                                                },
                                                                                                                                {
                                                                                                                                    "Worker Number": 2,
                                                                                                                                    "Actual Startup Time": 0.056,
                                                                                                                                    "Actual Total Time": 15.739,
                                                                                                                                    "Actual Rows": 135086,
                                                                                                                                    "Actual Loops": 1
                                                                                                                                },
                                                                                                                                {
                                                                                                                                    "Worker Number": 3,
                                                                                                                                    "Actual Startup Time": 0.064,
                                                                                                                                    "Actual Total Time": 18.246,
                                                                                                                                    "Actual Rows": 135086,
                                                                                                                                    "Actual Loops": 1
                                                                                                                                }
                                                                                                                            ]
                                                                                                                        },
                                                                                                                        {
                                                                                                                            "Node Type": "Hash",
                                                                                                                            "Parent Relationship": "Inner",
                                                                                                                            "Parallel Aware": false,
                                                                                                                            "Startup Cost": 1.05,
                                                                                                                            "Total Cost": 1.05,
                                                                                                                            "Plan Rows": 1,
                                                                                                                            "Plan Width": 4,
                                                                                                                            "Actual Startup Time": 0.064,
                                                                                                                            "Actual Total Time": 0.065,
                                                                                                                            "Actual Rows": 1,
                                                                                                                            "Actual Loops": 5,
                                                                                                                            "Output": [
                                                                                                                                "cct1.id"
                                                                                                                            ],
                                                                                                                            "Hash Buckets": 1024,
                                                                                                                            "Original Hash Buckets": 1024,
                                                                                                                            "Hash Batches": 1,
                                                                                                                            "Original Hash Batches": 1,
                                                                                                                            "Peak Memory Usage": 9,
                                                                                                                            "Workers": [
                                                                                                                                {
                                                                                                                                    "Worker Number": 0,
                                                                                                                                    "Actual Startup Time": 0.072,
                                                                                                                                    "Actual Total Time": 0.073,
                                                                                                                                    "Actual Rows": 1,
                                                                                                                                    "Actual Loops": 1
                                                                                                                                },
                                                                                                                                {
                                                                                                                                    "Worker Number": 1,
                                                                                                                                    "Actual Startup Time": 0.072,
                                                                                                                                    "Actual Total Time": 0.073,
                                                                                                                                    "Actual Rows": 1,
                                                                                                                                    "Actual Loops": 1
                                                                                                                                },
                                                                                                                                {
                                                                                                                                    "Worker Number": 2,
                                                                                                                                    "Actual Startup Time": 0.072,
                                                                                                                                    "Actual Total Time": 0.072,
                                                                                                                                    "Actual Rows": 1,
                                                                                                                                    "Actual Loops": 1
                                                                                                                                },
                                                                                                                                {
                                                                                                                                    "Worker Number": 3,
                                                                                                                                    "Actual Startup Time": 0.079,
                                                                                                                                    "Actual Total Time": 0.08,
                                                                                                                                    "Actual Rows": 1,
                                                                                                                                    "Actual Loops": 1
                                                                                                                                }
                                                                                                                            ],
                                                                                                                            "Plans": [
                                                                                                                                {
                                                                                                                                    "Node Type": "Seq Scan",
                                                                                                                                    "Parent Relationship": "Outer",
                                                                                                                                    "Parallel Aware": false,
                                                                                                                                    "Relation Name": "comp_cast_type",
                                                                                                                                    "Schema": "public",
                                                                                                                                    "Alias": "cct1",
                                                                                                                                    "Startup Cost": 0.0,
                                                                                                                                    "Total Cost": 1.05,
                                                                                                                                    "Plan Rows": 1,
                                                                                                                                    "Plan Width": 4,
                                                                                                                                    "Actual Startup Time": 0.047,
                                                                                                                                    "Actual Total Time": 0.049,
                                                                                                                                    "Actual Rows": 1,
                                                                                                                                    "Actual Loops": 5,
                                                                                                                                    "Output": [
                                                                                                                                        "cct1.id"
                                                                                                                                    ],
                                                                                                                                    "Filter": "((cct1.kind)::text = 'complete+verified'::text)",
                                                                                                                                    "Rows Removed by Filter": 3,
                                                                                                                                    "Workers": [
                                                                                                                                        {
                                                                                                                                            "Worker Number": 0,
                                                                                                                                            "Actual Startup Time": 0.054,
                                                                                                                                            "Actual Total Time": 0.055,
                                                                                                                                            "Actual Rows": 1,
                                                                                                                                            "Actual Loops": 1
                                                                                                                                        },
                                                                                                                                        {
                                                                                                                                            "Worker Number": 1,
                                                                                                                                            "Actual Startup Time": 0.054,
                                                                                                                                            "Actual Total Time": 0.055,
                                                                                                                                            "Actual Rows": 1,
                                                                                                                                            "Actual Loops": 1
                                                                                                                                        },
                                                                                                                                        {
                                                                                                                                            "Worker Number": 2,
                                                                                                                                            "Actual Startup Time": 0.053,
                                                                                                                                            "Actual Total Time": 0.055,
                                                                                                                                            "Actual Rows": 1,
                                                                                                                                            "Actual Loops": 1
                                                                                                                                        },
                                                                                                                                        {
                                                                                                                                            "Worker Number": 3,
                                                                                                                                            "Actual Startup Time": 0.061,
                                                                                                                                            "Actual Total Time": 0.062,
                                                                                                                                            "Actual Rows": 1,
                                                                                                                                            "Actual Loops": 1
                                                                                                                                        }
                                                                                                                                    ]
                                                                                                                                }
                                                                                                                            ]
                                                                                                                        }
                                                                                                                    ]
                                                                                                                }
                                                                                                            ]
                                                                                                        }
                                                                                                    ]
                                                                                                },
                                                                                                {
                                                                                                    "Node Type": "Hash",
                                                                                                    "Parent Relationship": "Inner",
                                                                                                    "Parallel Aware": false,
                                                                                                    "Startup Cost": 1.1,
                                                                                                    "Total Cost": 1.1,
                                                                                                    "Plan Rows": 4,
                                                                                                    "Plan Width": 14,
                                                                                                    "Actual Startup Time": 0.063,
                                                                                                    "Actual Total Time": 0.064,
                                                                                                    "Actual Rows": 4,
                                                                                                    "Actual Loops": 5,
                                                                                                    "Output": [
                                                                                                        "kt.kind",
                                                                                                        "kt.id"
                                                                                                    ],
                                                                                                    "Hash Buckets": 1024,
                                                                                                    "Original Hash Buckets": 1024,
                                                                                                    "Hash Batches": 1,
                                                                                                    "Original Hash Batches": 1,
                                                                                                    "Peak Memory Usage": 9,
                                                                                                    "Workers": [
                                                                                                        {
                                                                                                            "Worker Number": 0,
                                                                                                            "Actual Startup Time": 0.073,
                                                                                                            "Actual Total Time": 0.074,
                                                                                                            "Actual Rows": 4,
                                                                                                            "Actual Loops": 1
                                                                                                        },
                                                                                                        {
                                                                                                            "Worker Number": 1,
                                                                                                            "Actual Startup Time": 0.072,
                                                                                                            "Actual Total Time": 0.073,
                                                                                                            "Actual Rows": 4,
                                                                                                            "Actual Loops": 1
                                                                                                        },
                                                                                                        {
                                                                                                            "Worker Number": 2,
                                                                                                            "Actual Startup Time": 0.073,
                                                                                                            "Actual Total Time": 0.074,
                                                                                                            "Actual Rows": 4,
                                                                                                            "Actual Loops": 1
                                                                                                        },
                                                                                                        {
                                                                                                            "Worker Number": 3,
                                                                                                            "Actual Startup Time": 0.056,
                                                                                                            "Actual Total Time": 0.059,
                                                                                                            "Actual Rows": 4,
                                                                                                            "Actual Loops": 1
                                                                                                        }
                                                                                                    ],
                                                                                                    "Plans": [
                                                                                                        {
                                                                                                            "Node Type": "Seq Scan",
                                                                                                            "Parent Relationship": "Outer",
                                                                                                            "Parallel Aware": false,
                                                                                                            "Relation Name": "kind_type",
                                                                                                            "Schema": "public",
                                                                                                            "Alias": "kt",
                                                                                                            "Startup Cost": 0.0,
                                                                                                            "Total Cost": 1.1,
                                                                                                            "Plan Rows": 4,
                                                                                                            "Plan Width": 14,
                                                                                                            "Actual Startup Time": 0.041,
                                                                                                            "Actual Total Time": 0.048,
                                                                                                            "Actual Rows": 4,
                                                                                                            "Actual Loops": 5,
                                                                                                            "Output": [
                                                                                                                "kt.kind",
                                                                                                                "kt.id"
                                                                                                            ],
                                                                                                            "Filter": "((kt.kind)::text = ANY ('{movie,\"tv movie\",\"video movie\",\"video game\"}'::text[]))",
                                                                                                            "Rows Removed by Filter": 3,
                                                                                                            "Workers": [
                                                                                                                {
                                                                                                                    "Worker Number": 0,
                                                                                                                    "Actual Startup Time": 0.05,
                                                                                                                    "Actual Total Time": 0.057,
                                                                                                                    "Actual Rows": 4,
                                                                                                                    "Actual Loops": 1
                                                                                                                },
                                                                                                                {
                                                                                                                    "Worker Number": 1,
                                                                                                                    "Actual Startup Time": 0.05,
                                                                                                                    "Actual Total Time": 0.057,
                                                                                                                    "Actual Rows": 4,
                                                                                                                    "Actual Loops": 1
                                                                                                                },
                                                                                                                {
                                                                                                                    "Worker Number": 2,
                                                                                                                    "Actual Startup Time": 0.05,
                                                                                                                    "Actual Total Time": 0.057,
                                                                                                                    "Actual Rows": 4,
                                                                                                                    "Actual Loops": 1
                                                                                                                },
                                                                                                                {
                                                                                                                    "Worker Number": 3,
                                                                                                                    "Actual Startup Time": 0.039,
                                                                                                                    "Actual Total Time": 0.047,
                                                                                                                    "Actual Rows": 4,
                                                                                                                    "Actual Loops": 1
                                                                                                                }
                                                                                                            ]
                                                                                                        }
                                                                                                    ]
                                                                                                }
                                                                                            ]
                                                                                        },
                                                                                        {
                                                                                            "Node Type": "Bitmap Heap Scan",
                                                                                            "Parent Relationship": "Inner",
                                                                                            "Parallel Aware": false,
                                                                                            "Relation Name": "movie_info",
                                                                                            "Schema": "public",
                                                                                            "Alias": "mi",
                                                                                            "Startup Cost": 0.87,
                                                                                            "Total Cost": 5.69,
                                                                                            "Plan Rows": 1,
                                                                                            "Plan Width": 8,
                                                                                            "Actual Startup Time": 0.117,
                                                                                            "Actual Total Time": 0.117,
                                                                                            "Actual Rows": 0,
                                                                                            "Actual Loops": 3172,
                                                                                            "Output": [
                                                                                                "mi.id",
                                                                                                "mi.movie_id",
                                                                                                "mi.info_type_id",
                                                                                                "mi.info",
                                                                                                "mi.note"
                                                                                            ],
                                                                                            "Recheck Cond": "(mi.movie_id = t.id)",
                                                                                            "Rows Removed by Index Recheck": 0,
                                                                                            "Filter": "((mi.info IS NOT NULL) AND (mi.note ~~ '%internet%'::text) AND ((mi.info ~~ 'USA:% 199%'::text) OR (mi.info ~~ 'USA:% 200%'::text)))",
                                                                                            "Rows Removed by Filter": 146,
                                                                                            "Exact Heap Blocks": 10448,
                                                                                            "Lossy Heap Blocks": 0,
                                                                                            "Workers": [
                                                                                                {
                                                                                                    "Worker Number": 0,
                                                                                                    "Actual Startup Time": 0.142,
                                                                                                    "Actual Total Time": 0.142,
                                                                                                    "Actual Rows": 0,
                                                                                                    "Actual Loops": 451
                                                                                                },
                                                                                                {
                                                                                                    "Worker Number": 1,
                                                                                                    "Actual Startup Time": 0.094,
                                                                                                    "Actual Total Time": 0.094,
                                                                                                    "Actual Rows": 0,
                                                                                                    "Actual Loops": 816
                                                                                                },
                                                                                                {
                                                                                                    "Worker Number": 2,
                                                                                                    "Actual Startup Time": 0.095,
                                                                                                    "Actual Total Time": 0.095,
                                                                                                    "Actual Rows": 0,
                                                                                                    "Actual Loops": 804
                                                                                                },
                                                                                                {
                                                                                                    "Worker Number": 3,
                                                                                                    "Actual Startup Time": 0.136,
                                                                                                    "Actual Total Time": 0.136,
                                                                                                    "Actual Rows": 0,
                                                                                                    "Actual Loops": 559
                                                                                                }
                                                                                            ],
                                                                                            "Plans": [
                                                                                                {
                                                                                                    "Node Type": "Bitmap Index Scan",
                                                                                                    "Parent Relationship": "Outer",
                                                                                                    "Parallel Aware": false,
                                                                                                    "Index Name": "movie_id_movie_info",
                                                                                                    "Startup Cost": 0.0,
                                                                                                    "Total Cost": 0.87,
                                                                                                    "Plan Rows": 41,
                                                                                                    "Plan Width": 0,
                                                                                                    "Actual Startup Time": 0.02,
                                                                                                    "Actual Total Time": 0.02,
                                                                                                    "Actual Rows": 146,
                                                                                                    "Actual Loops": 3172,
                                                                                                    "Index Cond": "(mi.movie_id = t.id)",
                                                                                                    "Workers": [
                                                                                                        {
                                                                                                            "Worker Number": 0,
                                                                                                            "Actual Startup Time": 0.025,
                                                                                                            "Actual Total Time": 0.025,
                                                                                                            "Actual Rows": 154,
                                                                                                            "Actual Loops": 451
                                                                                                        },
                                                                                                        {
                                                                                                            "Worker Number": 1,
                                                                                                            "Actual Startup Time": 0.017,
                                                                                                            "Actual Total Time": 0.017,
                                                                                                            "Actual Rows": 146,
                                                                                                            "Actual Loops": 816
                                                                                                        },
                                                                                                        {
                                                                                                            "Worker Number": 2,
                                                                                                            "Actual Startup Time": 0.017,
                                                                                                            "Actual Total Time": 0.017,
                                                                                                            "Actual Rows": 143,
                                                                                                            "Actual Loops": 804
                                                                                                        },
                                                                                                        {
                                                                                                            "Worker Number": 3,
                                                                                                            "Actual Startup Time": 0.024,
                                                                                                            "Actual Total Time": 0.024,
                                                                                                            "Actual Rows": 147,
                                                                                                            "Actual Loops": 559
                                                                                                        }
                                                                                                    ]
                                                                                                }
                                                                                            ]
                                                                                        }
                                                                                    ]
                                                                                },
                                                                                {
                                                                                    "Node Type": "Hash",
                                                                                    "Parent Relationship": "Inner",
                                                                                    "Parallel Aware": false,
                                                                                    "Startup Cost": 2.41,
                                                                                    "Total Cost": 2.41,
                                                                                    "Plan Rows": 1,
                                                                                    "Plan Width": 4,
                                                                                    "Actual Startup Time": 0.114,
                                                                                    "Actual Total Time": 0.115,
                                                                                    "Actual Rows": 1,
                                                                                    "Actual Loops": 5,
                                                                                    "Output": [
                                                                                        "it1.id"
                                                                                    ],
                                                                                    "Hash Buckets": 1024,
                                                                                    "Original Hash Buckets": 1024,
                                                                                    "Hash Batches": 1,
                                                                                    "Original Hash Batches": 1,
                                                                                    "Peak Memory Usage": 9,
                                                                                    "Workers": [
                                                                                        {
                                                                                            "Worker Number": 0,
                                                                                            "Actual Startup Time": 0.139,
                                                                                            "Actual Total Time": 0.139,
                                                                                            "Actual Rows": 1,
                                                                                            "Actual Loops": 1
                                                                                        },
                                                                                        {
                                                                                            "Worker Number": 1,
                                                                                            "Actual Startup Time": 0.128,
                                                                                            "Actual Total Time": 0.129,
                                                                                            "Actual Rows": 1,
                                                                                            "Actual Loops": 1
                                                                                        },
                                                                                        {
                                                                                            "Worker Number": 2,
                                                                                            "Actual Startup Time": 0.138,
                                                                                            "Actual Total Time": 0.138,
                                                                                            "Actual Rows": 1,
                                                                                            "Actual Loops": 1
                                                                                        },
                                                                                        {
                                                                                            "Worker Number": 3,
                                                                                            "Actual Startup Time": 0.093,
                                                                                            "Actual Total Time": 0.094,
                                                                                            "Actual Rows": 1,
                                                                                            "Actual Loops": 1
                                                                                        }
                                                                                    ],
                                                                                    "Plans": [
                                                                                        {
                                                                                            "Node Type": "Seq Scan",
                                                                                            "Parent Relationship": "Outer",
                                                                                            "Parallel Aware": false,
                                                                                            "Relation Name": "info_type",
                                                                                            "Schema": "public",
                                                                                            "Alias": "it1",
                                                                                            "Startup Cost": 0.0,
                                                                                            "Total Cost": 2.41,
                                                                                            "Plan Rows": 1,
                                                                                            "Plan Width": 4,
                                                                                            "Actual Startup Time": 0.068,
                                                                                            "Actual Total Time": 0.091,
                                                                                            "Actual Rows": 1,
                                                                                            "Actual Loops": 5,
                                                                                            "Output": [
                                                                                                "it1.id"
                                                                                            ],
                                                                                            "Filter": "((it1.info)::text = 'release dates'::text)",
                                                                                            "Rows Removed by Filter": 112,
                                                                                            "Workers": [
                                                                                                {
                                                                                                    "Worker Number": 0,
                                                                                                    "Actual Startup Time": 0.093,
                                                                                                    "Actual Total Time": 0.113,
                                                                                                    "Actual Rows": 1,
                                                                                                    "Actual Loops": 1
                                                                                                },
                                                                                                {
                                                                                                    "Worker Number": 1,
                                                                                                    "Actual Startup Time": 0.082,
                                                                                                    "Actual Total Time": 0.102,
                                                                                                    "Actual Rows": 1,
                                                                                                    "Actual Loops": 1
                                                                                                },
                                                                                                {
                                                                                                    "Worker Number": 2,
                                                                                                    "Actual Startup Time": 0.072,
                                                                                                    "Actual Total Time": 0.112,
                                                                                                    "Actual Rows": 1,
                                                                                                    "Actual Loops": 1
                                                                                                },
                                                                                                {
                                                                                                    "Worker Number": 3,
                                                                                                    "Actual Startup Time": 0.058,
                                                                                                    "Actual Total Time": 0.072,
                                                                                                    "Actual Rows": 1,
                                                                                                    "Actual Loops": 1
                                                                                                }
                                                                                            ]
                                                                                        }
                                                                                    ]
                                                                                }
                                                                            ]
                                                                        },
                                                                        {
                                                                            "Node Type": "Bitmap Heap Scan",
                                                                            "Parent Relationship": "Inner",
                                                                            "Parallel Aware": false,
                                                                            "Relation Name": "movie_keyword",
                                                                            "Schema": "public",
                                                                            "Alias": "mk",
                                                                            "Startup Cost": 0.84,
                                                                            "Total Cost": 5.42,
                                                                            "Plan Rows": 46,
                                                                            "Plan Width": 8,
                                                                            "Actual Startup Time": 0.062,
                                                                            "Actual Total Time": 0.082,
                                                                            "Actual Rows": 104,
                                                                            "Actual Loops": 6,
                                                                            "Output": [
                                                                                "mk.id",
                                                                                "mk.movie_id",
                                                                                "mk.keyword_id"
                                                                            ],
                                                                            "Recheck Cond": "(mk.movie_id = t.id)",
                                                                            "Rows Removed by Index Recheck": 0,
                                                                            "Exact Heap Blocks": 1,
                                                                            "Lossy Heap Blocks": 0,
                                                                            "Workers": [
                                                                                {
                                                                                    "Worker Number": 0,
                                                                                    "Actual Startup Time": 0.041,
                                                                                    "Actual Total Time": 0.07,
                                                                                    "Actual Rows": 153,
                                                                                    "Actual Loops": 4
                                                                                },
                                                                                {
                                                                                    "Worker Number": 1,
                                                                                    "Actual Startup Time": 0.102,
                                                                                    "Actual Total Time": 0.103,
                                                                                    "Actual Rows": 3,
                                                                                    "Actual Loops": 1
                                                                                }
                                                                            ],
                                                                            "Plans": [
                                                                                {
                                                                                    "Node Type": "Bitmap Index Scan",
                                                                                    "Parent Relationship": "Outer",
                                                                                    "Parallel Aware": false,
                                                                                    "Index Name": "movie_id_movie_keyword",
                                                                                    "Startup Cost": 0.0,
                                                                                    "Total Cost": 0.83,
                                                                                    "Plan Rows": 46,
                                                                                    "Plan Width": 0,
                                                                                    "Actual Startup Time": 0.048,
                                                                                    "Actual Total Time": 0.048,
                                                                                    "Actual Rows": 104,
                                                                                    "Actual Loops": 6,
                                                                                    "Index Cond": "(mk.movie_id = t.id)",
                                                                                    "Workers": [
                                                                                        {
                                                                                            "Worker Number": 0,
                                                                                            "Actual Startup Time": 0.028,
                                                                                            "Actual Total Time": 0.028,
                                                                                            "Actual Rows": 153,
                                                                                            "Actual Loops": 4
                                                                                        },
                                                                                        {
                                                                                            "Worker Number": 1,
                                                                                            "Actual Startup Time": 0.087,
                                                                                            "Actual Total Time": 0.088,
                                                                                            "Actual Rows": 3,
                                                                                            "Actual Loops": 1
                                                                                        }
                                                                                    ]
                                                                                }
                                                                            ]
                                                                        }
                                                                    ]
                                                                },
                                                                {
                                                                    "Node Type": "Bitmap Heap Scan",
                                                                    "Parent Relationship": "Inner",
                                                                    "Parallel Aware": false,
                                                                    "Relation Name": "movie_companies",
                                                                    "Schema": "public",
                                                                    "Alias": "mc",
                                                                    "Startup Cost": 0.48,
                                                                    "Total Cost": 4.54,
                                                                    "Plan Rows": 5,
                                                                    "Plan Width": 12,
                                                                    "Actual Startup Time": 0.005,
                                                                    "Actual Total Time": 0.005,
                                                                    "Actual Rows": 1,
                                                                    "Actual Loops": 625,
                                                                    "Output": [
                                                                        "mc.id",
                                                                        "mc.movie_id",
                                                                        "mc.company_id",
                                                                        "mc.company_type_id",
                                                                        "mc.note"
                                                                    ],
                                                                    "Recheck Cond": "(mc.movie_id = mk.movie_id)",
                                                                    "Rows Removed by Index Recheck": 0,
                                                                    "Exact Heap Blocks": 10,
                                                                    "Lossy Heap Blocks": 0,
                                                                    "Workers": [
                                                                        {
                                                                            "Worker Number": 0,
                                                                            "Actual Startup Time": 0.004,
                                                                            "Actual Total Time": 0.005,
                                                                            "Actual Rows": 1,
                                                                            "Actual Loops": 612
                                                                        },
                                                                        {
                                                                            "Worker Number": 1,
                                                                            "Actual Startup Time": 0.024,
                                                                            "Actual Total Time": 0.03,
                                                                            "Actual Rows": 2,
                                                                            "Actual Loops": 3
                                                                        }
                                                                    ],
                                                                    "Plans": [
                                                                        {
                                                                            "Node Type": "Bitmap Index Scan",
                                                                            "Parent Relationship": "Outer",
                                                                            "Parallel Aware": false,
                                                                            "Index Name": "movie_id_movie_companies",
                                                                            "Startup Cost": 0.0,
                                                                            "Total Cost": 0.48,
                                                                            "Plan Rows": 5,
                                                                            "Plan Width": 0,
                                                                            "Actual Startup Time": 0.003,
                                                                            "Actual Total Time": 0.003,
                                                                            "Actual Rows": 1,
                                                                            "Actual Loops": 625,
                                                                            "Index Cond": "(mc.movie_id = mk.movie_id)",
                                                                            "Workers": [
                                                                                {
                                                                                    "Worker Number": 0,
                                                                                    "Actual Startup Time": 0.003,
                                                                                    "Actual Total Time": 0.003,
                                                                                    "Actual Rows": 1,
                                                                                    "Actual Loops": 612
                                                                                },
                                                                                {
                                                                                    "Worker Number": 1,
                                                                                    "Actual Startup Time": 0.015,
                                                                                    "Actual Total Time": 0.016,
                                                                                    "Actual Rows": 2,
                                                                                    "Actual Loops": 3
                                                                                }
                                                                            ]
                                                                        }
                                                                    ]
                                                                }
                                                            ]
                                                        },
                                                        {
                                                            "Node Type": "Bitmap Heap Scan",
                                                            "Parent Relationship": "Inner",
                                                            "Parallel Aware": false,
                                                            "Relation Name": "company_name",
                                                            "Schema": "public",
                                                            "Alias": "cn",
                                                            "Startup Cost": 0.43,
                                                            "Total Cost": 4.44,
                                                            "Plan Rows": 1,
                                                            "Plan Width": 4,
                                                            "Actual Startup Time": 0.005,
                                                            "Actual Total Time": 0.005,
                                                            "Actual Rows": 1,
                                                            "Actual Loops": 628,
                                                            "Output": [
                                                                "cn.id",
                                                                "cn.name",
                                                                "cn.country_code",
                                                                "cn.imdb_id",
                                                                "cn.name_pcode_nf",
                                                                "cn.name_pcode_sf",
                                                                "cn.md5sum"
                                                            ],
                                                            "Recheck Cond": "(cn.id = mc.company_id)",
                                                            "Rows Removed by Index Recheck": 0,
                                                            "Filter": "((cn.country_code)::text = '[us]'::text)",
                                                            "Rows Removed by Filter": 0,
                                                            "Exact Heap Blocks": 10,
                                                            "Lossy Heap Blocks": 0,
                                                            "Workers": [
                                                                {
                                                                    "Worker Number": 0,
                                                                    "Actual Startup Time": 0.005,
                                                                    "Actual Total Time": 0.005,
                                                                    "Actual Rows": 1,
                                                                    "Actual Loops": 612
                                                                },
                                                                {
                                                                    "Worker Number": 1,
                                                                    "Actual Startup Time": 0.018,
                                                                    "Actual Total Time": 0.018,
                                                                    "Actual Rows": 1,
                                                                    "Actual Loops": 6
                                                                }
                                                            ],
                                                            "Plans": [
                                                                {
                                                                    "Node Type": "Bitmap Index Scan",
                                                                    "Parent Relationship": "Outer",
                                                                    "Parallel Aware": false,
                                                                    "Index Name": "company_name_pkey",
                                                                    "Startup Cost": 0.0,
                                                                    "Total Cost": 0.43,
                                                                    "Plan Rows": 1,
                                                                    "Plan Width": 0,
                                                                    "Actual Startup Time": 0.003,
                                                                    "Actual Total Time": 0.003,
                                                                    "Actual Rows": 1,
                                                                    "Actual Loops": 628,
                                                                    "Index Cond": "(cn.id = mc.company_id)",
                                                                    "Workers": [
                                                                        {
                                                                            "Worker Number": 0,
                                                                            "Actual Startup Time": 0.003,
                                                                            "Actual Total Time": 0.003,
                                                                            "Actual Rows": 1,
                                                                            "Actual Loops": 612
                                                                        },
                                                                        {
                                                                            "Worker Number": 1,
                                                                            "Actual Startup Time": 0.013,
                                                                            "Actual Total Time": 0.013,
                                                                            "Actual Rows": 1,
                                                                            "Actual Loops": 6
                                                                        }
                                                                    ]
                                                                }
                                                            ]
                                                        }
                                                    ]
                                                },
                                                {
                                                    "Node Type": "Seq Scan",
                                                    "Parent Relationship": "Inner",
                                                    "Parallel Aware": false,
                                                    "Relation Name": "company_type",
                                                    "Schema": "public",
                                                    "Alias": "ct",
                                                    "Startup Cost": 0.0,
                                                    "Total Cost": 1.04,
                                                    "Plan Rows": 4,
                                                    "Plan Width": 4,
                                                    "Actual Startup Time": 0.001,
                                                    "Actual Total Time": 0.001,
                                                    "Actual Rows": 2,
                                                    "Actual Loops": 628,
                                                    "Output": [
                                                        "ct.id",
                                                        "ct.kind"
                                                    ],
                                                    "Workers": [
                                                        {
                                                            "Worker Number": 0,
                                                            "Actual Startup Time": 0.001,
                                                            "Actual Total Time": 0.001,
                                                            "Actual Rows": 2,
                                                            "Actual Loops": 612
                                                        },
                                                        {
                                                            "Worker Number": 1,
                                                            "Actual Startup Time": 0.004,
                                                            "Actual Total Time": 0.004,
                                                            "Actual Rows": 2,
                                                            "Actual Loops": 6
                                                        }
                                                    ]
                                                }
                                            ]
                                        },
                                        {
                                            "Node Type": "Bitmap Heap Scan",
                                            "Parent Relationship": "Inner",
                                            "Parallel Aware": false,
                                            "Relation Name": "keyword",
                                            "Schema": "public",
                                            "Alias": "k",
                                            "Startup Cost": 0.43,
                                            "Total Cost": 4.44,
                                            "Plan Rows": 1,
                                            "Plan Width": 4,
                                            "Actual Startup Time": 0.006,
                                            "Actual Total Time": 0.006,
                                            "Actual Rows": 1,
                                            "Actual Loops": 628,
                                            "Output": [
                                                "k.id",
                                                "k.keyword",
                                                "k.phonetic_code"
                                            ],
                                            "Recheck Cond": "(k.id = mk.keyword_id)",
                                            "Rows Removed by Index Recheck": 0,
                                            "Exact Heap Blocks": 10,
                                            "Lossy Heap Blocks": 0,
                                            "Workers": [
                                                {
                                                    "Worker Number": 0,
                                                    "Actual Startup Time": 0.006,
                                                    "Actual Total Time": 0.006,
                                                    "Actual Rows": 1,
                                                    "Actual Loops": 612
                                                },
                                                {
                                                    "Worker Number": 1,
                                                    "Actual Startup Time": 0.011,
                                                    "Actual Total Time": 0.011,
                                                    "Actual Rows": 1,
                                                    "Actual Loops": 6
                                                }
                                            ],
                                            "Plans": [
                                                {
                                                    "Node Type": "Bitmap Index Scan",
                                                    "Parent Relationship": "Outer",
                                                    "Parallel Aware": false,
                                                    "Index Name": "keyword_pkey",
                                                    "Startup Cost": 0.0,
                                                    "Total Cost": 0.43,
                                                    "Plan Rows": 1,
                                                    "Plan Width": 0,
                                                    "Actual Startup Time": 0.004,
                                                    "Actual Total Time": 0.004,
                                                    "Actual Rows": 1,
                                                    "Actual Loops": 628,
                                                    "Index Cond": "(k.id = mk.keyword_id)",
                                                    "Workers": [
                                                        {
                                                            "Worker Number": 0,
                                                            "Actual Startup Time": 0.004,
                                                            "Actual Total Time": 0.004,
                                                            "Actual Rows": 1,
                                                            "Actual Loops": 612
                                                        },
                                                        {
                                                            "Worker Number": 1,
                                                            "Actual Startup Time": 0.007,
                                                            "Actual Total Time": 0.007,
                                                            "Actual Rows": 1,
                                                            "Actual Loops": 6
                                                        }
                                                    ]
                                                }
                                            ]
                                        }
                                    ]
                                }
                            ]
                        }
                    ]
                }
            ]
        },
        "Planning Time": 587.748,
        "Triggers": [],
        "Execution Time": 306.198
    }
]