[
    {
        "Bao": {
            "Bao prediction": "NaN",
            "Bao recommended hint": "(no hint)"
        }
    },
    {
        "Plan": {
            "Node Type": "Aggregate",
            "Strategy": "Plain",
            "Partial Mode": "Finalize",
            "Parallel Aware": false,
            "Startup Cost": 32978.45,
            "Total Cost": 32978.46,
            "Plan Rows": 1,
            "Plan Width": 8,
            "Actual Startup Time": 98.167,
            "Actual Total Time": 104.742,
            "Actual Rows": 1,
            "Actual Loops": 1,
            "Output": [
                "count(*)"
            ],
            "Plans": [
                {
                    "Node Type": "Gather",
                    "Parent Relationship": "Outer",
                    "Parallel Aware": false,
                    "Startup Cost": 32978.13,
                    "Total Cost": 32978.44,
                    "Plan Rows": 3,
                    "Plan Width": 8,
                    "Actual Startup Time": 98.092,
                    "Actual Total Time": 104.733,
                    "Actual Rows": 4,
                    "Actual Loops": 1,
                    "Output": [
                        "(PARTIAL count(*))"
                    ],
                    "Workers Planned": 3,
                    "Workers Launched": 3,
                    "Single Copy": false,
                    "Plans": [
                        {
                            "Node Type": "Aggregate",
                            "Strategy": "Plain",
                            "Partial Mode": "Partial",
                            "Parent Relationship": "Outer",
                            "Parallel Aware": false,
                            "Startup Cost": 31978.13,
                            "Total Cost": 31978.14,
                            "Plan Rows": 1,
                            "Plan Width": 8,
                            "Actual Startup Time": 89.246,
                            "Actual Total Time": 89.247,
                            "Actual Rows": 1,
                            "Actual Loops": 4,
                            "Output": [
                                "PARTIAL count(*)"
                            ],
                            "Workers": [
                                {
                                    "Worker Number": 0,
                                    "Actual Startup Time": 86.297,
                                    "Actual Total Time": 86.298,
                                    "Actual Rows": 1,
                                    "Actual Loops": 1
                                },
                                {
                                    "Worker Number": 1,
                                    "Actual Startup Time": 86.299,
                                    "Actual Total Time": 86.3,
                                    "Actual Rows": 1,
                                    "Actual Loops": 1
                                },
                                {
                                    "Worker Number": 2,
                                    "Actual Startup Time": 86.8,
                                    "Actual Total Time": 86.801,
                                    "Actual Rows": 1,
                                    "Actual Loops": 1
                                }
                            ],
                            "Plans": [
                                {
                                    "Node Type": "Seq Scan",
                                    "Parent Relationship": "Outer",
                                    "Parallel Aware": true,
                                    "Relation Name": "movie_companies",
                                    "Schema": "public",
                                    "Alias": "mc",
                                    "Startup Cost": 0.0,
                                    "Total Cost": 31414.82,
                                    "Plan Rows": 225326,
                                    "Plan Width": 0,
                                    "Actual Startup Time": 16.687,
                                    "Actual Total Time": 82.419,
                                    "Actual Rows": 120783,
                                    "Actual Loops": 4,
                                    "Output": [
                                        "id",
                                        "movie_id",
                                        "company_id",
                                        "company_type_id",
                                        "note"
                                    ],
                                    "Filter": "((mc.company_id > 10265) AND (mc.company_type_id = 1))",
                                    "Rows Removed by Filter": 531499,
                                    "Workers": [
                                        {
                                            "Worker Number": 0,
                                            "Actual Startup Time": 13.799,
                                            "Actual Total Time": 79.671,
                                            "Actual Rows": 116949,
                                            "Actual Loops": 1
                                        },
                                        {
                                            "Worker Number": 1,
                                            "Actual Startup Time": 13.732,
                                            "Actual Total Time": 79.64,
                                            "Actual Rows": 119891,
                                            "Actual Loops": 1
                                        },
                                        {
                                            "Worker Number": 2,
                                            "Actual Startup Time": 14.236,
                                            "Actual Total Time": 80.769,
                                            "Actual Rows": 117332,
                                            "Actual Loops": 1
                                        }
                                    ]
                                }
                            ]
                        }
                    ]
                }
            ]
        },
        "Planning Time": 285.359,
        "Triggers": [],
        "Execution Time": 104.841
    }
]