[
  {
    "Plan": {
      "Node Type": "Aggregate",
      "Strategy": "Plain",
      "Partial Mode": "Simple",
      "Parallel Aware": false,
      "Startup Cost": 3021.31,
      "Total Cost": 3021.32,
      "Plan Rows": 1,
      "Plan Width": 8,
      "Actual Startup Time": 4.285,
      "Actual Total Time": 4.289,
      "Actual Rows": 1,
      "Actual Loops": 1,
      "Plans": [
        {
          "Node Type": "Nested Loop",
          "Parent Relationship": "Outer",
          "Parallel Aware": false,
          "Join Type": "Inner",
          "Startup Cost": 7.21,
          "Total Cost": 3021.31,
          "Plan Rows": 1,
          "Plan Width": 0,
          "Actual Startup Time": 3.853,
          "Actual Total Time": 4.279,
          "Actual Rows": 2,
          "Actual Loops": 1,
          "Inner Unique": false,
          "Plans": [
            {
              "Node Type": "Nested Loop",
              "Parent Relationship": "Outer",
              "Parallel Aware": false,
              "Join Type": "Inner",
              "Startup Cost": 6.78,
              "Total Cost": 3007.21,
              "Plan Rows": 1,
              "Plan Width": 8,
              "Actual Startup Time": 1.89,
              "Actual Total Time": 4.203,
              "Actual Rows": 2,
              "Actual Loops": 1,
              "Inner Unique": true,
              "Plans": [
                {
                  "Node Type": "Bitmap Heap Scan",
                  "Parent Relationship": "Outer",
                  "Parallel Aware": false,
                  "Relation Name": "movie_keyword",
                  "Alias": "mk",
                  "Startup Cost": 6.35,
                  "Total Cost": 922.98,
                  "Plan Rows": 248,
                  "Plan Width": 4,
                  "Actual Startup Time": 0.322,
                  "Actual Total Time": 1.215,
                  "Actual Rows": 263,
                  "Actual Loops": 1,
                  "Recheck Cond": "(keyword_id = 6974)",
                  "Rows Removed by Index Recheck": 0,
                  "Exact Heap Blocks": 255,
                  "Lossy Heap Blocks": 0,
                  "Plans": [
                    {
                      "Node Type": "Bitmap Index Scan",
                      "Parent Relationship": "Outer",
                      "Parallel Aware": false,
                      "Index Name": "keyword_id_movie_keyword",
                      "Startup Cost": 0.0,
                      "Total Cost": 6.29,
                      "Plan Rows": 248,
                      "Plan Width": 0,
                      "Actual Startup Time": 0.227,
                      "Actual Total Time": 0.228,
                      "Actual Rows": 263,
                      "Actual Loops": 1,
                      "Index Cond": "(keyword_id = 6974)"
                    }
                  ]
                },
                {
                  "Node Type": "Index Scan",
                  "Parent Relationship": "Inner",
                  "Parallel Aware": false,
                  "Scan Direction": "Forward",
                  "Index Name": "title_pkey",
                  "Relation Name": "title",
                  "Alias": "t",
                  "Startup Cost": 0.43,
                  "Total Cost": 8.4,
                  "Plan Rows": 1,
                  "Plan Width": 4,
                  "Actual Startup Time": 0.011,
                  "Actual Total Time": 0.011,
                  "Actual Rows": 0,
                  "Actual Loops": 263,
                  "Index Cond": "(id = mk.movie_id)",
                  "Rows Removed by Index Recheck": 0,
                  "Filter": "((kind_id < 7) AND (production_year = 1972))",
                  "Rows Removed by Filter": 1
                }
              ]
            },
            {
              "Node Type": "Index Scan",
              "Parent Relationship": "Inner",
              "Parallel Aware": false,
              "Scan Direction": "Forward",
              "Index Name": "movie_id_movie_companies",
              "Relation Name": "movie_companies",
              "Alias": "mc",
              "Startup Cost": 0.43,
              "Total Cost": 14.09,
              "Plan Rows": 1,
              "Plan Width": 4,
              "Actual Startup Time": 0.033,
              "Actual Total Time": 0.035,
              "Actual Rows": 1,
              "Actual Loops": 2,
              "Index Cond": "(movie_id = t.id)",
              "Rows Removed by Index Recheck": 0,
              "Filter": "((company_id > 105009) AND (company_type_id > 1))",
              "Rows Removed by Filter": 9
            }
          ]
        }
      ]
    },
    "Planning Time": 1.49,
    "Triggers": [],
    "Execution Time": 4.385
  }
]