{
  "Plan": {
    "Node Type": "Aggregate",
    "Strategy": "Plain",
    "Partial Mode": "Finalize",
    "Parallel Aware": false,
    "Startup Cost": 664676.56,
    "Total Cost": 664676.57,
    "Plan Rows": 1,
    "Plan Width": 8,
    "Actual Startup Time": 6517.95,
    "Actual Total Time": 6553.23,
    "Actual Rows": 1,
    "Actual Loops": 1,
    "Plans": [
      {
        "Node Type": "Gather",
        "Parent Relationship": "Outer",
        "Parallel Aware": false,
        "Startup Cost": 664676.45,
        "Total Cost": 664676.56,
        "Plan Rows": 1,
        "Plan Width": 8,
        "Actual Startup Time": 6512.438,
        "Actual Total Time": 6553.222,
        "Actual Rows": 2,
        "Actual Loops": 1,
        "Workers Planned": 1,
        "Workers Launched": 1,
        "Single Copy": false,
        "Plans": [
          {
            "Node Type": "Aggregate",
            "Strategy": "Plain",
            "Partial Mode": "Partial",
            "Parent Relationship": "Outer",
            "Parallel Aware": false,
            "Startup Cost": 663676.45,
            "Total Cost": 663676.46,
            "Plan Rows": 1,
            "Plan Width": 8,
            "Actual Startup Time": 6499.541,
            "Actual Total Time": 6499.546,
            "Actual Rows": 1,
            "Actual Loops": 2,
            "Plans": [
              {
                "Node Type": "Hash Join",
                "Parent Relationship": "Outer",
                "Parallel Aware": true,
                "Join Type": "Inner",
                "Startup Cost": 301300.62,
                "Total Cost": 658093.07,
                "Plan Rows": 2233351,
                "Plan Width": 0,
                "Actual Startup Time": 1467.565,
                "Actual Total Time": 6071.838,
                "Actual Rows": 10352944,
                "Actual Loops": 2,
                "Inner Unique": false,
                "Hash Cond": "(t.id = mc.movie_id)",
                "Plans": [
                  {
                    "Node Type": "Hash Join",
                    "Parent Relationship": "Outer",
                    "Parallel Aware": true,
                    "Join Type": "Inner",
                    "Startup Cost": 247978.03,
                    "Total Cost": 578107.13,
                    "Plan Rows": 2164158,
                    "Plan Width": 8,
                    "Actual Startup Time": 947.849,
                    "Actual Total Time": 3331.128,
                    "Actual Rows": 4025706,
                    "Actual Loops": 2,
                    "Inner Unique": true,
                    "Hash Cond": "(ci.movie_id = t.id)",
                    "Plans": [
                      {
                        "Node Type": "Bitmap Heap Scan",
                        "Parent Relationship": "Outer",
                        "Parallel Aware": true,
                        "Relation Name": "cast_info",
                        "Alias": "ci",
                        "Startup Cost": 178517.33,
                        "Total Cost": 502965.5,
                        "Plan Rows": 2164158,
                        "Plan Width": 4,
                        "Actual Startup Time": 401.882,
                        "Actual Total Time": 982.667,
                        "Actual Rows": 4025706,
                        "Actual Loops": 2,
                        "Recheck Cond": "(person_id > 2875375)",
                        "Rows Removed by Index Recheck": 0,
                        "Filter": "(role_id > 2)",
                        "Rows Removed by Filter": 0,
                        "Exact Heap Blocks": 47683,
                        "Lossy Heap Blocks": 0,
                        "Plans": [
                          {
                            "Node Type": "Bitmap Index Scan",
                            "Parent Relationship": "Outer",
                            "Parallel Aware": false,
                            "Index Name": "person_id_cast_info",
                            "Startup Cost": 0.0,
                            "Total Cost": 177597.56,
                            "Plan Rows": 8132933,
                            "Plan Width": 0,
                            "Actual Startup Time": 376.02,
                            "Actual Total Time": 376.02,
                            "Actual Rows": 8051412,
                            "Actual Loops": 1,
                            "Index Cond": "(person_id > 2875375)"
                          }
                        ]
                      },
                      {
                        "Node Type": "Hash",
                        "Parent Relationship": "Inner",
                        "Parallel Aware": true,
                        "Startup Cost": 50870.31,
                        "Total Cost": 50870.31,
                        "Plan Rows": 1487231,
                        "Plan Width": 4,
                        "Actual Startup Time": 530.885,
                        "Actual Total Time": 530.886,
                        "Actual Rows": 1264156,
                        "Actual Loops": 2,
                        "Hash Buckets": 4194304,
                        "Original Hash Buckets": 4194304,
                        "Hash Batches": 1,
                        "Original Hash Batches": 1,
                        "Peak Memory Usage": 131712,
                        "Plans": [
                          {
                            "Node Type": "Seq Scan",
                            "Parent Relationship": "Outer",
                            "Parallel Aware": true,
                            "Relation Name": "title",
                            "Alias": "t",
                            "Startup Cost": 0.0,
                            "Total Cost": 50870.31,
                            "Plan Rows": 1487231,
                            "Plan Width": 4,
                            "Actual Startup Time": 0.021,
                            "Actual Total Time": 167.873,
                            "Actual Rows": 1264156,
                            "Actual Loops": 2
                          }
                        ]
                      }
                    ]
                  },
                  {
                    "Node Type": "Hash",
                    "Parent Relationship": "Inner",
                    "Parallel Aware": true,
                    "Startup Cost": 34137.82,
                    "Total Cost": 34137.82,
                    "Plan Rows": 1534782,
                    "Plan Width": 4,
                    "Actual Startup Time": 497.072,
                    "Actual Total Time": 497.073,
                    "Actual Rows": 1304564,
                    "Actual Loops": 2,
                    "Hash Buckets": 4194304,
                    "Original Hash Buckets": 4194304,
                    "Hash Batches": 1,
                    "Original Hash Batches": 1,
                    "Peak Memory Usage": 134880,
                    "Plans": [
                      {
                        "Node Type": "Seq Scan",
                        "Parent Relationship": "Outer",
                        "Parallel Aware": true,
                        "Relation Name": "movie_companies",
                        "Alias": "mc",
                        "Startup Cost": 0.0,
                        "Total Cost": 34137.82,
                        "Plan Rows": 1534782,
                        "Plan Width": 4,
                        "Actual Startup Time": 0.04,
                        "Actual Total Time": 158.502,
                        "Actual Rows": 1304564,
                        "Actual Loops": 2
                      }
                    ]
                  }
                ]
              }
            ]
          }
        ]
      }
    ]
  },
  "Planning Time": 1.038,
  "Triggers": [],
  "Execution Time": 6553.386
}