[
  {
    "Plan": {
      "Node Type": "Aggregate",
      "Strategy": "Plain",
      "Partial Mode": "Finalize",
      "Parallel Aware": false,
      "Startup Cost": 113525.77,
      "Total Cost": 113525.78,
      "Plan Rows": 1,
      "Plan Width": 8,
      "Actual Startup Time": 805.558,
      "Actual Total Time": 819.909,
      "Actual Rows": 1,
      "Actual Loops": 1,
      "Plans": [
        {
          "Node Type": "Gather",
          "Parent Relationship": "Outer",
          "Parallel Aware": false,
          "Startup Cost": 113525.56,
          "Total Cost": 113525.77,
          "Plan Rows": 2,
          "Plan Width": 8,
          "Actual Startup Time": 798.713,
          "Actual Total Time": 819.902,
          "Actual Rows": 3,
          "Actual Loops": 1,
          "Workers Planned": 2,
          "Workers Launched": 2,
          "Single Copy": false,
          "Plans": [
            {
              "Node Type": "Aggregate",
              "Strategy": "Plain",
              "Partial Mode": "Partial",
              "Parent Relationship": "Outer",
              "Parallel Aware": false,
              "Startup Cost": 112525.56,
              "Total Cost": 112525.57,
              "Plan Rows": 1,
              "Plan Width": 8,
              "Actual Startup Time": 789.974,
              "Actual Total Time": 789.98,
              "Actual Rows": 1,
              "Actual Loops": 3,
              "Plans": [
                {
                  "Node Type": "Hash Join",
                  "Parent Relationship": "Outer",
                  "Parallel Aware": true,
                  "Join Type": "Inner",
                  "Startup Cost": 95919.8,
                  "Total Cost": 112191.85,
                  "Plan Rows": 133484,
                  "Plan Width": 0,
                  "Actual Startup Time": 647.395,
                  "Actual Total Time": 770.891,
                  "Actual Rows": 482320,
                  "Actual Loops": 3,
                  "Inner Unique": false,
                  "Hash Cond": "(mi_idx.movie_id = t.id)",
                  "Plans": [
                    {
                      "Node Type": "Seq Scan",
                      "Parent Relationship": "Outer",
                      "Parallel Aware": true,
                      "Relation Name": "movie_info_idx",
                      "Alias": "mi_idx",
                      "Startup Cost": 0.0,
                      "Total Cost": 13685.15,
                      "Plan Rows": 575015,
                      "Plan Width": 4,
                      "Actual Startup Time": 0.025,
                      "Actual Total Time": 34.33,
                      "Actual Rows": 460012,
                      "Actual Loops": 3
                    },
                    {
                      "Node Type": "Hash",
                      "Parent Relationship": "Inner",
                      "Parallel Aware": true,
                      "Startup Cost": 93553.19,
                      "Total Cost": 93553.19,
                      "Plan Rows": 189329,
                      "Plan Width": 8,
                      "Actual Startup Time": 641.126,
                      "Actual Total Time": 641.131,
                      "Actual Rows": 226838,
                      "Actual Loops": 3,
                      "Hash Buckets": 1048576,
                      "Original Hash Buckets": 1048576,
                      "Hash Batches": 1,
                      "Original Hash Batches": 1,
                      "Peak Memory Usage": 34880,
                      "Plans": [
                        {
                          "Node Type": "Hash Join",
                          "Parent Relationship": "Outer",
                          "Parallel Aware": true,
                          "Join Type": "Inner",
                          "Startup Cost": 65593.78,
                          "Total Cost": 93553.19,
                          "Plan Rows": 189329,
                          "Plan Width": 8,
                          "Actual Startup Time": 427.793,
                          "Actual Total Time": 581.693,
                          "Actual Rows": 226838,
                          "Actual Loops": 3,
                          "Inner Unique": true,
                          "Hash Cond": "(mk.movie_id = t.id)",
                          "Plans": [
                            {
                              "Node Type": "Bitmap Heap Scan",
                              "Parent Relationship": "Outer",
                              "Parallel Aware": true,
                              "Relation Name": "movie_keyword",
                              "Alias": "mk",
                              "Startup Cost": 15240.54,
                              "Total Cost": 42591.57,
                              "Plan Rows": 231763,
                              "Plan Width": 4,
                              "Actual Startup Time": 94.542,
                              "Actual Total Time": 163.9,
                              "Actual Rows": 241923,
                              "Actual Loops": 3,
                              "Recheck Cond": "(keyword_id < 648)",
                              "Rows Removed by Index Recheck": 0,
                              "Exact Heap Blocks": 8402,
                              "Lossy Heap Blocks": 0,
                              "Plans": [
                                {
                                  "Node Type": "Bitmap Index Scan",
                                  "Parent Relationship": "Outer",
                                  "Parallel Aware": false,
                                  "Index Name": "keyword_id_movie_keyword",
                                  "Startup Cost": 0.0,
                                  "Total Cost": 15060.92,
                                  "Plan Rows": 718465,
                                  "Plan Width": 0,
                                  "Actual Startup Time": 90.832,
                                  "Actual Total Time": 90.832,
                                  "Actual Rows": 725769,
                                  "Actual Loops": 1,
                                  "Index Cond": "(keyword_id < 648)"
                                }
                              ]
                            },
                            {
                              "Node Type": "Hash",
                              "Parent Relationship": "Inner",
                              "Parallel Aware": true,
                              "Startup Cost": 43898.92,
                              "Total Cost": 43898.92,
                              "Plan Rows": 516346,
                              "Plan Width": 4,
                              "Actual Startup Time": 327.424,
                              "Actual Total Time": 327.424,
                              "Actual Rows": 688184,
                              "Actual Loops": 3,
                              "Hash Buckets": 2097152,
                              "Original Hash Buckets": 2097152,
                              "Hash Batches": 1,
                              "Original Hash Batches": 1,
                              "Peak Memory Usage": 97184,
                              "Plans": [
                                {
                                  "Node Type": "Seq Scan",
                                  "Parent Relationship": "Outer",
                                  "Parallel Aware": true,
                                  "Relation Name": "title",
                                  "Alias": "t",
                                  "Startup Cost": 0.0,
                                  "Total Cost": 43898.92,
                                  "Plan Rows": 516346,
                                  "Plan Width": 4,
                                  "Actual Startup Time": 0.046,
                                  "Actual Total Time": 136.2,
                                  "Actual Rows": 688184,
                                  "Actual Loops": 3,
                                  "Filter": "(production_year < 2011)",
                                  "Rows Removed by Filter": 154587
                                }
                              ]
                            }
                          ]
                        }
                      ]
                    }
                  ]
                }
              ]
            }
          ]
        }
      ]
    },
    "Planning Time": 1.364,
    "Triggers": [],
    "Execution Time": 820.018
  }
]