{
  "Plan": {
    "Node Type": "Aggregate",
    "Strategy": "Plain",
    "Partial Mode": "Finalize",
    "Parallel Aware": false,
    "Startup Cost": 178948.02,
    "Total Cost": 178948.03,
    "Plan Rows": 1,
    "Plan Width": 8,
    "Actual Startup Time": 925.649,
    "Actual Total Time": 943.653,
    "Actual Rows": 1,
    "Actual Loops": 1,
    "Plans": [
      {
        "Node Type": "Gather",
        "Parent Relationship": "Outer",
        "Parallel Aware": false,
        "Startup Cost": 178947.91,
        "Total Cost": 178948.02,
        "Plan Rows": 1,
        "Plan Width": 8,
        "Actual Startup Time": 922.231,
        "Actual Total Time": 943.647,
        "Actual Rows": 2,
        "Actual Loops": 1,
        "Workers Planned": 1,
        "Workers Launched": 1,
        "Single Copy": false,
        "Plans": [
          {
            "Node Type": "Aggregate",
            "Strategy": "Plain",
            "Partial Mode": "Partial",
            "Parent Relationship": "Outer",
            "Parallel Aware": false,
            "Startup Cost": 177947.91,
            "Total Cost": 177947.92,
            "Plan Rows": 1,
            "Plan Width": 8,
            "Actual Startup Time": 909.925,
            "Actual Total Time": 909.929,
            "Actual Rows": 1,
            "Actual Loops": 2,
            "Plans": [
              {
                "Node Type": "Hash Join",
                "Parent Relationship": "Outer",
                "Parallel Aware": false,
                "Join Type": "Inner",
                "Startup Cost": 70521.64,
                "Total Cost": 177947.8,
                "Plan Rows": 42,
                "Plan Width": 0,
                "Actual Startup Time": 744.532,
                "Actual Total Time": 909.923,
                "Actual Rows": 0,
                "Actual Loops": 2,
                "Inner Unique": false,
                "Hash Cond": "(t.id = ci.movie_id)",
                "Plans": [
                  {
                    "Node Type": "Hash Join",
                    "Parent Relationship": "Outer",
                    "Parallel Aware": true,
                    "Join Type": "Inner",
                    "Startup Cost": 69460.7,
                    "Total Cost": 129918.68,
                    "Plan Rows": 1043728,
                    "Plan Width": 8,
                    "Actual Startup Time": 528.97,
                    "Actual Total Time": 866.412,
                    "Actual Rows": 890356,
                    "Actual Loops": 2,
                    "Inner Unique": true,
                    "Hash Cond": "(mk.movie_id = t.id)",
                    "Plans": [
                      {
                        "Node Type": "Seq Scan",
                        "Parent Relationship": "Outer",
                        "Parallel Aware": true,
                        "Relation Name": "movie_keyword",
                        "Alias": "mk",
                        "Startup Cost": 0.0,
                        "Total Cost": 57718.19,
                        "Plan Rows": 1043728,
                        "Plan Width": 4,
                        "Actual Startup Time": 0.674,
                        "Actual Total Time": 169.579,
                        "Actual Rows": 890356,
                        "Actual Loops": 2,
                        "Filter": "(keyword_id > 7776)",
                        "Rows Removed by Filter": 1371609
                      },
                      {
                        "Node Type": "Hash",
                        "Parent Relationship": "Inner",
                        "Parallel Aware": true,
                        "Startup Cost": 50870.31,
                        "Total Cost": 50870.31,
                        "Plan Rows": 1487231,
                        "Plan Width": 4,
                        "Actual Startup Time": 507.515,
                        "Actual Total Time": 507.516,
                        "Actual Rows": 1264156,
                        "Actual Loops": 2,
                        "Hash Buckets": 4194304,
                        "Original Hash Buckets": 4194304,
                        "Hash Batches": 1,
                        "Original Hash Batches": 1,
                        "Peak Memory Usage": 131712,
                        "Plans": [
                          {
                            "Node Type": "Seq Scan",
                            "Parent Relationship": "Outer",
                            "Parallel Aware": true,
                            "Relation Name": "title",
                            "Alias": "t",
                            "Startup Cost": 0.0,
                            "Total Cost": 50870.31,
                            "Plan Rows": 1487231,
                            "Plan Width": 4,
                            "Actual Startup Time": 0.024,
                            "Actual Total Time": 145.274,
                            "Actual Rows": 1264156,
                            "Actual Loops": 2
                          }
                        ]
                      }
                    ]
                  },
                  {
                    "Node Type": "Hash",
                    "Parent Relationship": "Inner",
                    "Parallel Aware": false,
                    "Startup Cost": 1059.67,
                    "Total Cost": 1059.67,
                    "Plan Rows": 102,
                    "Plan Width": 4,
                    "Actual Startup Time": 0.234,
                    "Actual Total Time": 0.234,
                    "Actual Rows": 1,
                    "Actual Loops": 2,
                    "Hash Buckets": 1024,
                    "Original Hash Buckets": 1024,
                    "Hash Batches": 1,
                    "Original Hash Batches": 1,
                    "Peak Memory Usage": 9,
                    "Plans": [
                      {
                        "Node Type": "Index Scan",
                        "Parent Relationship": "Outer",
                        "Parallel Aware": false,
                        "Scan Direction": "Forward",
                        "Index Name": "person_id_cast_info",
                        "Relation Name": "cast_info",
                        "Alias": "ci",
                        "Startup Cost": 0.56,
                        "Total Cost": 1059.67,
                        "Plan Rows": 102,
                        "Plan Width": 4,
                        "Actual Startup Time": 0.221,
                        "Actual Total Time": 0.224,
                        "Actual Rows": 1,
                        "Actual Loops": 2,
                        "Index Cond": "(person_id = 3472599)",
                        "Rows Removed by Index Recheck": 0,
                        "Filter": "(role_id > 7)",
                        "Rows Removed by Filter": 0
                      }
                    ]
                  }
                ]
              }
            ]
          }
        ]
      }
    ]
  },
  "Planning Time": 0.948,
  "Triggers": [],
  "Execution Time": 943.741
}