[
  {
    "Plan": {
      "Node Type": "Aggregate",
      "Strategy": "Plain",
      "Partial Mode": "Finalize",
      "Parallel Aware": false,
      "Startup Cost": 44880.26,
      "Total Cost": 44880.27,
      "Plan Rows": 1,
      "Plan Width": 8,
      "Actual Startup Time": 135.855,
      "Actual Total Time": 146.633,
      "Actual Rows": 1,
      "Actual Loops": 1,
      "Plans": [
        {
          "Node Type": "Gather",
          "Parent Relationship": "Outer",
          "Parallel Aware": false,
          "Startup Cost": 44879.94,
          "Total Cost": 44880.25,
          "Plan Rows": 3,
          "Plan Width": 8,
          "Actual Startup Time": 135.661,
          "Actual Total Time": 146.58,
          "Actual Rows": 4,
          "Actual Loops": 1,
          "Workers Planned": 3,
          "Workers Launched": 3,
          "Single Copy": false,
          "Plans": [
            {
              "Node Type": "Aggregate",
              "Strategy": "Plain",
              "Partial Mode": "Partial",
              "Parent Relationship": "Outer",
              "Parallel Aware": false,
              "Startup Cost": 43879.94,
              "Total Cost": 43879.95,
              "Plan Rows": 1,
              "Plan Width": 8,
              "Actual Startup Time": 126.675,
              "Actual Total Time": 126.676,
              "Actual Rows": 1,
              "Actual Loops": 4,
              "Plans": [
                {
                  "Node Type": "Seq Scan",
                  "Parent Relationship": "Outer",
                  "Parallel Aware": true,
                  "Relation Name": "movie_keyword",
                  "Alias": "mk",
                  "Startup Cost": 0.0,
                  "Total Cost": 42695.65,
                  "Plan Rows": 473715,
                  "Plan Width": 0,
                  "Actual Startup Time": 1.846,
                  "Actual Total Time": 108.915,
                  "Actual Rows": 365311,
                  "Actual Loops": 4,
                  "Filter": "(keyword_id > 11360)",
                  "Rows Removed by Filter": 765672
                }
              ]
            }
          ]
        }
      ]
    },
    "Planning Time": 0.199,
    "Triggers": [],
    "Execution Time": 146.691
  }
]