[
  {
    "Plan": {
      "Node Type": "Aggregate",
      "Strategy": "Plain",
      "Partial Mode": "Finalize",
      "Parallel Aware": false,
      "Startup Cost": 31344.21,
      "Total Cost": 31344.22,
      "Plan Rows": 1,
      "Plan Width": 8,
      "Actual Startup Time": 123.887,
      "Actual Total Time": 134.224,
      "Actual Rows": 1,
      "Actual Loops": 1,
      "Plans": [
        {
          "Node Type": "Gather",
          "Parent Relationship": "Outer",
          "Parallel Aware": false,
          "Startup Cost": 31343.9,
          "Total Cost": 31344.21,
          "Plan Rows": 3,
          "Plan Width": 8,
          "Actual Startup Time": 123.69,
          "Actual Total Time": 134.207,
          "Actual Rows": 4,
          "Actual Loops": 1,
          "Workers Planned": 3,
          "Workers Launched": 3,
          "Single Copy": false,
          "Plans": [
            {
              "Node Type": "Aggregate",
              "Strategy": "Plain",
              "Partial Mode": "Partial",
              "Parent Relationship": "Outer",
              "Parallel Aware": false,
              "Startup Cost": 30343.9,
              "Total Cost": 30343.91,
              "Plan Rows": 1,
              "Plan Width": 8,
              "Actual Startup Time": 115.659,
              "Actual Total Time": 115.661,
              "Actual Rows": 1,
              "Actual Loops": 4,
              "Plans": [
                {
                  "Node Type": "Seq Scan",
                  "Parent Relationship": "Outer",
                  "Parallel Aware": true,
                  "Relation Name": "movie_companies",
                  "Alias": "mc",
                  "Startup Cost": 0.0,
                  "Total Cost": 29310.68,
                  "Plan Rows": 413286,
                  "Plan Width": 0,
                  "Actual Startup Time": 0.039,
                  "Actual Total Time": 94.489,
                  "Actual Rows": 323473,
                  "Actual Loops": 4,
                  "Filter": "(company_id < 11264)",
                  "Rows Removed by Filter": 328809
                }
              ]
            }
          ]
        }
      ]
    },
    "Planning Time": 0.201,
    "Triggers": [],
    "Execution Time": 134.283
  }
]