[
  {
    "Plan": {
      "Node Type": "Aggregate",
      "Strategy": "Plain",
      "Partial Mode": "Finalize",
      "Parallel Aware": false,
      "Startup Cost": 234721.5,
      "Total Cost": 234721.51,
      "Plan Rows": 1,
      "Plan Width": 8,
      "Actual Startup Time": 296.893,
      "Actual Total Time": 312.693,
      "Actual Rows": 1,
      "Actual Loops": 1,
      "Plans": [
        {
          "Node Type": "Gather",
          "Parent Relationship": "Outer",
          "Parallel Aware": false,
          "Startup Cost": 234720.88,
          "Total Cost": 234721.49,
          "Plan Rows": 6,
          "Plan Width": 8,
          "Actual Startup Time": 296.823,
          "Actual Total Time": 312.685,
          "Actual Rows": 7,
          "Actual Loops": 1,
          "Workers Planned": 6,
          "Workers Launched": 6,
          "Single Copy": false,
          "Plans": [
            {
              "Node Type": "Aggregate",
              "Strategy": "Plain",
              "Partial Mode": "Partial",
              "Parent Relationship": "Outer",
              "Parallel Aware": false,
              "Startup Cost": 233720.88,
              "Total Cost": 233720.89,
              "Plan Rows": 1,
              "Plan Width": 8,
              "Actual Startup Time": 286.326,
              "Actual Total Time": 286.327,
              "Actual Rows": 1,
              "Actual Loops": 7,
              "Plans": [
                {
                  "Node Type": "Index Scan",
                  "Parent Relationship": "Outer",
                  "Parallel Aware": true,
                  "Scan Direction": "Forward",
                  "Index Name": "role_id_cast_info",
                  "Relation Name": "cast_info",
                  "Alias": "ci",
                  "Startup Cost": 0.56,
                  "Total Cost": 230750.01,
                  "Plan Rows": 1188348,
                  "Plan Width": 0,
                  "Actual Startup Time": 0.307,
                  "Actual Total Time": 260.827,
                  "Actual Rows": 562442,
                  "Actual Loops": 7,
                  "Index Cond": "(role_id > 5)",
                  "Rows Removed by Index Recheck": 0,
                  "Filter": "(person_id < 3048263)",
                  "Rows Removed by Filter": 649888
                }
              ]
            }
          ]
        }
      ]
    },
    "Planning Time": 0.26,
    "Triggers": [],
    "Execution Time": 312.767
  }
]