[
    {
        "Bao": {
            "Bao prediction": "NaN",
            "Bao recommended hint": "(no hint)"
        }
    },
    {
        "Plan": {
            "Node Type": "Aggregate",
            "Strategy": "Plain",
            "Partial Mode": "Finalize",
            "Parallel Aware": false,
            "Startup Cost": 33081.14,
            "Total Cost": 33081.15,
            "Plan Rows": 1,
            "Plan Width": 8,
            "Actual Startup Time": 86.309,
            "Actual Total Time": 90.889,
            "Actual Rows": 1,
            "Actual Loops": 1,
            "Output": [
                "count(*)"
            ],
            "Plans": [
                {
                    "Node Type": "Gather",
                    "Parent Relationship": "Outer",
                    "Parallel Aware": false,
                    "Startup Cost": 33080.83,
                    "Total Cost": 33081.14,
                    "Plan Rows": 3,
                    "Plan Width": 8,
                    "Actual Startup Time": 86.186,
                    "Actual Total Time": 90.883,
                    "Actual Rows": 4,
                    "Actual Loops": 1,
                    "Output": [
                        "(PARTIAL count(*))"
                    ],
                    "Workers Planned": 3,
                    "Workers Launched": 3,
                    "Single Copy": false,
                    "Plans": [
                        {
                            "Node Type": "Aggregate",
                            "Strategy": "Plain",
                            "Partial Mode": "Partial",
                            "Parent Relationship": "Outer",
                            "Parallel Aware": false,
                            "Startup Cost": 32080.83,
                            "Total Cost": 32080.84,
                            "Plan Rows": 1,
                            "Plan Width": 8,
                            "Actual Startup Time": 77.885,
                            "Actual Total Time": 77.886,
                            "Actual Rows": 1,
                            "Actual Loops": 4,
                            "Output": [
                                "PARTIAL count(*)"
                            ],
                            "Workers": [
                                {
                                    "Worker Number": 0,
                                    "Actual Startup Time": 74.728,
                                    "Actual Total Time": 74.729,
                                    "Actual Rows": 1,
                                    "Actual Loops": 1
                                },
                                {
                                    "Worker Number": 1,
                                    "Actual Startup Time": 75.217,
                                    "Actual Total Time": 75.219,
                                    "Actual Rows": 1,
                                    "Actual Loops": 1
                                },
                                {
                                    "Worker Number": 2,
                                    "Actual Startup Time": 75.663,
                                    "Actual Total Time": 75.665,
                                    "Actual Rows": 1,
                                    "Actual Loops": 1
                                }
                            ],
                            "Plans": [
                                {
                                    "Node Type": "Seq Scan",
                                    "Parent Relationship": "Outer",
                                    "Parallel Aware": true,
                                    "Relation Name": "movie_companies",
                                    "Schema": "public",
                                    "Alias": "mc",
                                    "Startup Cost": 0.0,
                                    "Total Cost": 31414.82,
                                    "Plan Rows": 266403,
                                    "Plan Width": 0,
                                    "Actual Startup Time": 42.198,
                                    "Actual Total Time": 72.418,
                                    "Actual Rows": 129934,
                                    "Actual Loops": 4,
                                    "Output": [
                                        "id",
                                        "movie_id",
                                        "company_id",
                                        "company_type_id",
                                        "note"
                                    ],
                                    "Filter": "((mc.company_id < 16987) AND (mc.company_type_id > 1))",
                                    "Rows Removed by Filter": 522348,
                                    "Workers": [
                                        {
                                            "Worker Number": 0,
                                            "Actual Startup Time": 39.04,
                                            "Actual Total Time": 69.503,
                                            "Actual Rows": 121383,
                                            "Actual Loops": 1
                                        },
                                        {
                                            "Worker Number": 1,
                                            "Actual Startup Time": 39.534,
                                            "Actual Total Time": 69.925,
                                            "Actual Rows": 123649,
                                            "Actual Loops": 1
                                        },
                                        {
                                            "Worker Number": 2,
                                            "Actual Startup Time": 39.975,
                                            "Actual Total Time": 70.457,
                                            "Actual Rows": 124086,
                                            "Actual Loops": 1
                                        }
                                    ]
                                }
                            ]
                        }
                    ]
                }
            ]
        },
        "Planning Time": 233.269,
        "Triggers": [],
        "Execution Time": 90.933
    }
]