[
  {
    "Plan": {
      "Node Type": "Aggregate",
      "Strategy": "Plain",
      "Partial Mode": "Simple",
      "Parallel Aware": false,
      "Startup Cost": 3006.85,
      "Total Cost": 3006.86,
      "Plan Rows": 1,
      "Plan Width": 8,
      "Actual Startup Time": 1.705,
      "Actual Total Time": 1.708,
      "Actual Rows": 1,
      "Actual Loops": 1,
      "Plans": [
        {
          "Node Type": "Nested Loop",
          "Parent Relationship": "Outer",
          "Parallel Aware": false,
          "Join Type": "Inner",
          "Startup Cost": 6.78,
          "Total Cost": 3006.58,
          "Plan Rows": 105,
          "Plan Width": 0,
          "Actual Startup Time": 1.14,
          "Actual Total Time": 1.696,
          "Actual Rows": 3,
          "Actual Loops": 1,
          "Inner Unique": true,
          "Plans": [
            {
              "Node Type": "Bitmap Heap Scan",
              "Parent Relationship": "Outer",
              "Parallel Aware": false,
              "Relation Name": "movie_keyword",
              "Alias": "mk",
              "Startup Cost": 6.35,
              "Total Cost": 922.98,
              "Plan Rows": 248,
              "Plan Width": 4,
              "Actual Startup Time": 0.793,
              "Actual Total Time": 0.993,
              "Actual Rows": 5,
              "Actual Loops": 1,
              "Recheck Cond": "(keyword_id = 4172)",
              "Rows Removed by Index Recheck": 0,
              "Exact Heap Blocks": 5,
              "Lossy Heap Blocks": 0,
              "Plans": [
                {
                  "Node Type": "Bitmap Index Scan",
                  "Parent Relationship": "Outer",
                  "Parallel Aware": false,
                  "Index Name": "keyword_id_movie_keyword",
                  "Startup Cost": 0.0,
                  "Total Cost": 6.29,
                  "Plan Rows": 248,
                  "Plan Width": 0,
                  "Actual Startup Time": 0.751,
                  "Actual Total Time": 0.752,
                  "Actual Rows": 5,
                  "Actual Loops": 1,
                  "Index Cond": "(keyword_id = 4172)"
                }
              ]
            },
            {
              "Node Type": "Index Scan",
              "Parent Relationship": "Inner",
              "Parallel Aware": false,
              "Scan Direction": "Forward",
              "Index Name": "title_pkey",
              "Relation Name": "title",
              "Alias": "t",
              "Startup Cost": 0.43,
              "Total Cost": 8.4,
              "Plan Rows": 1,
              "Plan Width": 4,
              "Actual Startup Time": 0.135,
              "Actual Total Time": 0.135,
              "Actual Rows": 1,
              "Actual Loops": 5,
              "Index Cond": "(id = mk.movie_id)",
              "Rows Removed by Index Recheck": 0,
              "Filter": "(production_year < 2001)",
              "Rows Removed by Filter": 0
            }
          ]
        }
      ]
    },
    "Planning Time": 3.609,
    "Triggers": [],
    "Execution Time": 2.024
  }
]