[
  {
    "Plan": {
      "Node Type": "Aggregate",
      "Strategy": "Plain",
      "Partial Mode": "Finalize",
      "Parallel Aware": false,
      "Startup Cost": 39634.26,
      "Total Cost": 39634.27,
      "Plan Rows": 1,
      "Plan Width": 8,
      "Actual Startup Time": 136.86,
      "Actual Total Time": 145.378,
      "Actual Rows": 1,
      "Actual Loops": 1,
      "Plans": [
        {
          "Node Type": "Gather",
          "Parent Relationship": "Outer",
          "Parallel Aware": false,
          "Startup Cost": 39633.94,
          "Total Cost": 39634.25,
          "Plan Rows": 3,
          "Plan Width": 8,
          "Actual Startup Time": 136.511,
          "Actual Total Time": 145.369,
          "Actual Rows": 4,
          "Actual Loops": 1,
          "Workers Planned": 3,
          "Workers Launched": 3,
          "Single Copy": false,
          "Plans": [
            {
              "Node Type": "Aggregate",
              "Strategy": "Plain",
              "Partial Mode": "Partial",
              "Parent Relationship": "Outer",
              "Parallel Aware": false,
              "Startup Cost": 38633.94,
              "Total Cost": 38633.95,
              "Plan Rows": 1,
              "Plan Width": 8,
              "Actual Startup Time": 129.065,
              "Actual Total Time": 129.067,
              "Actual Rows": 1,
              "Actual Loops": 4,
              "Plans": [
                {
                  "Node Type": "Bitmap Heap Scan",
                  "Parent Relationship": "Outer",
                  "Parallel Aware": true,
                  "Relation Name": "movie_keyword",
                  "Alias": "mk",
                  "Startup Cost": 11546.43,
                  "Total Cost": 38195.02,
                  "Plan Rows": 175567,
                  "Plan Width": 0,
                  "Actual Startup Time": 51.176,
                  "Actual Total Time": 121.532,
                  "Actual Rows": 131850,
                  "Actual Loops": 4,
                  "Recheck Cond": "(keyword_id > 34483)",
                  "Rows Removed by Index Recheck": 0,
                  "Exact Heap Blocks": 10310,
                  "Lossy Heap Blocks": 0,
                  "Plans": [
                    {
                      "Node Type": "Bitmap Index Scan",
                      "Parent Relationship": "Outer",
                      "Parallel Aware": false,
                      "Index Name": "keyword_id_movie_keyword",
                      "Startup Cost": 0.0,
                      "Total Cost": 11410.37,
                      "Plan Rows": 544258,
                      "Plan Width": 0,
                      "Actual Startup Time": 54.286,
                      "Actual Total Time": 54.287,
                      "Actual Rows": 527400,
                      "Actual Loops": 1,
                      "Index Cond": "(keyword_id > 34483)"
                    }
                  ]
                }
              ]
            }
          ]
        }
      ]
    },
    "Planning Time": 0.205,
    "Triggers": [],
    "Execution Time": 145.456
  }
]