[
  {
    "Plan": {
      "Node Type": "Aggregate",
      "Strategy": "Plain",
      "Partial Mode": "Finalize",
      "Parallel Aware": false,
      "Startup Cost": 411267.89,
      "Total Cost": 411267.9,
      "Plan Rows": 1,
      "Plan Width": 8,
      "Actual Startup Time": 2232.93,
      "Actual Total Time": 2291.98,
      "Actual Rows": 1,
      "Actual Loops": 1,
      "Plans": [
        {
          "Node Type": "Gather",
          "Parent Relationship": "Outer",
          "Parallel Aware": false,
          "Startup Cost": 411267.27,
          "Total Cost": 411267.88,
          "Plan Rows": 6,
          "Plan Width": 8,
          "Actual Startup Time": 2223.892,
          "Actual Total Time": 2291.969,
          "Actual Rows": 7,
          "Actual Loops": 1,
          "Workers Planned": 6,
          "Workers Launched": 6,
          "Single Copy": false,
          "Plans": [
            {
              "Node Type": "Aggregate",
              "Strategy": "Plain",
              "Partial Mode": "Partial",
              "Parent Relationship": "Outer",
              "Parallel Aware": false,
              "Startup Cost": 410267.27,
              "Total Cost": 410267.28,
              "Plan Rows": 1,
              "Plan Width": 8,
              "Actual Startup Time": 2208.068,
              "Actual Total Time": 2208.072,
              "Actual Rows": 1,
              "Actual Loops": 7,
              "Plans": [
                {
                  "Node Type": "Hash Join",
                  "Parent Relationship": "Outer",
                  "Parallel Aware": true,
                  "Join Type": "Inner",
                  "Startup Cost": 49198.0,
                  "Total Cost": 404753.94,
                  "Plan Rows": 2205332,
                  "Plan Width": 0,
                  "Actual Startup Time": 183.521,
                  "Actual Total Time": 2117.237,
                  "Actual Rows": 2077542,
                  "Actual Loops": 7,
                  "Inner Unique": true,
                  "Hash Cond": "(ci.movie_id = t.id)",
                  "Plans": [
                    {
                      "Node Type": "Seq Scan",
                      "Parent Relationship": "Outer",
                      "Parallel Aware": true,
                      "Relation Name": "cast_info",
                      "Alias": "ci",
                      "Startup Cost": 0.0,
                      "Total Cost": 343257.03,
                      "Plan Rows": 4685290,
                      "Plan Width": 4,
                      "Actual Startup Time": 5.228,
                      "Actual Total Time": 717.729,
                      "Actual Rows": 4021560,
                      "Actual Loops": 7,
                      "Filter": "((person_id > 47653) AND (role_id < 7))",
                      "Rows Removed by Filter": 1156203
                    },
                    {
                      "Node Type": "Hash",
                      "Parent Relationship": "Inner",
                      "Parallel Aware": true,
                      "Startup Cost": 45479.1,
                      "Total Cost": 45479.1,
                      "Plan Rows": 297512,
                      "Plan Width": 4,
                      "Actual Startup Time": 173.399,
                      "Actual Total Time": 173.4,
                      "Actual Rows": 185426,
                      "Actual Loops": 7,
                      "Hash Buckets": 2097152,
                      "Original Hash Buckets": 2097152,
                      "Hash Batches": 1,
                      "Original Hash Batches": 1,
                      "Peak Memory Usage": 67328,
                      "Plans": [
                        {
                          "Node Type": "Seq Scan",
                          "Parent Relationship": "Outer",
                          "Parallel Aware": true,
                          "Relation Name": "title",
                          "Alias": "t",
                          "Startup Cost": 0.0,
                          "Total Cost": 45479.1,
                          "Plan Rows": 297512,
                          "Plan Width": 4,
                          "Actual Startup Time": 0.042,
                          "Actual Total Time": 79.447,
                          "Actual Rows": 185426,
                          "Actual Loops": 7,
                          "Filter": "((kind_id > 1) AND (production_year > 1995))",
                          "Rows Removed by Filter": 175762
                        }
                      ]
                    }
                  ]
                }
              ]
            }
          ]
        }
      ]
    },
    "Planning Time": 0.687,
    "Triggers": [],
    "Execution Time": 2292.065
  }
]