[
  {
    "Plan": {
      "Node Type": "Aggregate",
      "Strategy": "Plain",
      "Partial Mode": "Finalize",
      "Parallel Aware": false,
      "Startup Cost": 304099.97,
      "Total Cost": 304099.98,
      "Plan Rows": 1,
      "Plan Width": 8,
      "Actual Startup Time": 5201.81,
      "Actual Total Time": 5251.931,
      "Actual Rows": 1,
      "Actual Loops": 1,
      "Plans": [
        {
          "Node Type": "Gather",
          "Parent Relationship": "Outer",
          "Parallel Aware": false,
          "Startup Cost": 304099.45,
          "Total Cost": 304099.96,
          "Plan Rows": 5,
          "Plan Width": 8,
          "Actual Startup Time": 5175.551,
          "Actual Total Time": 5251.919,
          "Actual Rows": 6,
          "Actual Loops": 1,
          "Workers Planned": 5,
          "Workers Launched": 5,
          "Single Copy": false,
          "Plans": [
            {
              "Node Type": "Aggregate",
              "Strategy": "Plain",
              "Partial Mode": "Partial",
              "Parent Relationship": "Outer",
              "Parallel Aware": false,
              "Startup Cost": 303099.45,
              "Total Cost": 303099.46,
              "Plan Rows": 1,
              "Plan Width": 8,
              "Actual Startup Time": 5161.946,
              "Actual Total Time": 5161.952,
              "Actual Rows": 1,
              "Actual Loops": 6,
              "Plans": [
                {
                  "Node Type": "Hash Join",
                  "Parent Relationship": "Outer",
                  "Parallel Aware": true,
                  "Join Type": "Inner",
                  "Startup Cost": 93959.59,
                  "Total Cost": 300265.01,
                  "Plan Rows": 1133776,
                  "Plan Width": 0,
                  "Actual Startup Time": 529.473,
                  "Actual Total Time": 3678.22,
                  "Actual Rows": 33428258,
                  "Actual Loops": 6,
                  "Inner Unique": false,
                  "Hash Cond": "(mi.movie_id = t.id)",
                  "Plans": [
                    {
                      "Node Type": "Seq Scan",
                      "Parent Relationship": "Outer",
                      "Parallel Aware": true,
                      "Relation Name": "movie_info",
                      "Alias": "mi",
                      "Startup Cost": 0.0,
                      "Total Cost": 191560.33,
                      "Plan Rows": 2956733,
                      "Plan Width": 4,
                      "Actual Startup Time": 0.031,
                      "Actual Total Time": 298.867,
                      "Actual Rows": 2472620,
                      "Actual Loops": 6
                    },
                    {
                      "Node Type": "Hash",
                      "Parent Relationship": "Inner",
                      "Parallel Aware": true,
                      "Startup Cost": 90050.37,
                      "Total Cost": 90050.37,
                      "Plan Rows": 312738,
                      "Plan Width": 8,
                      "Actual Startup Time": 512.135,
                      "Actual Total Time": 512.14,
                      "Actual Rows": 452323,
                      "Actual Loops": 6,
                      "Hash Buckets": 4194304,
                      "Original Hash Buckets": 1048576,
                      "Hash Batches": 1,
                      "Original Hash Batches": 1,
                      "Peak Memory Usage": 163616,
                      "Plans": [
                        {
                          "Node Type": "Hash Join",
                          "Parent Relationship": "Outer",
                          "Parallel Aware": true,
                          "Join Type": "Inner",
                          "Startup Cost": 47172.29,
                          "Total Cost": 90050.37,
                          "Plan Rows": 312738,
                          "Plan Width": 8,
                          "Actual Startup Time": 161.024,
                          "Actual Total Time": 318.921,
                          "Actual Rows": 452323,
                          "Actual Loops": 6,
                          "Inner Unique": true,
                          "Hash Cond": "(mk.movie_id = t.id)",
                          "Plans": [
                            {
                              "Node Type": "Seq Scan",
                              "Parent Relationship": "Outer",
                              "Parallel Aware": true,
                              "Relation Name": "movie_keyword",
                              "Alias": "mk",
                              "Startup Cost": 0.0,
                              "Total Cost": 39047.32,
                              "Plan Rows": 1459332,
                              "Plan Width": 4,
                              "Actual Startup Time": 0.024,
                              "Actual Total Time": 69.336,
                              "Actual Rows": 753988,
                              "Actual Loops": 6
                            },
                            {
                              "Node Type": "Hash",
                              "Parent Relationship": "Inner",
                              "Parallel Aware": true,
                              "Startup Cost": 45479.1,
                              "Total Cost": 45479.1,
                              "Plan Rows": 135455,
                              "Plan Width": 4,
                              "Actual Startup Time": 131.371,
                              "Actual Total Time": 131.373,
                              "Actual Rows": 92886,
                              "Actual Loops": 6,
                              "Hash Buckets": 1048576,
                              "Original Hash Buckets": 1048576,
                              "Hash Batches": 1,
                              "Original Hash Batches": 1,
                              "Peak Memory Usage": 30080,
                              "Plans": [
                                {
                                  "Node Type": "Seq Scan",
                                  "Parent Relationship": "Outer",
                                  "Parallel Aware": true,
                                  "Relation Name": "title",
                                  "Alias": "t",
                                  "Startup Cost": 0.0,
                                  "Total Cost": 45479.1,
                                  "Plan Rows": 135455,
                                  "Plan Width": 4,
                                  "Actual Startup Time": 55.335,
                                  "Actual Total Time": 88.484,
                                  "Actual Rows": 92886,
                                  "Actual Loops": 6,
                                  "Filter": "((production_year < 2011) AND (kind_id = 1))",
                                  "Rows Removed by Filter": 328499
                                }
                              ]
                            }
                          ]
                        }
                      ]
                    }
                  ]
                }
              ]
            }
          ]
        }
      ]
    },
    "Planning Time": 1.4,
    "Triggers": [],
    "Execution Time": 5252.072
  }
]