[
    {
        "Bao": {
            "Bao prediction": "NaN",
            "Bao recommended hint": "(no hint)"
        }
    },
    {
        "Plan": {
            "Node Type": "Aggregate",
            "Strategy": "Plain",
            "Partial Mode": "Finalize",
            "Parallel Aware": false,
            "Startup Cost": 344037.37,
            "Total Cost": 344037.38,
            "Plan Rows": 1,
            "Plan Width": 8,
            "Actual Startup Time": 860.212,
            "Actual Total Time": 912.451,
            "Actual Rows": 1,
            "Actual Loops": 1,
            "Output": [
                "count(*)"
            ],
            "Plans": [
                {
                    "Node Type": "Gather",
                    "Parent Relationship": "Outer",
                    "Parallel Aware": false,
                    "Startup Cost": 344036.74,
                    "Total Cost": 344037.35,
                    "Plan Rows": 6,
                    "Plan Width": 8,
                    "Actual Startup Time": 860.103,
                    "Actual Total Time": 912.442,
                    "Actual Rows": 7,
                    "Actual Loops": 1,
                    "Output": [
                        "(PARTIAL count(*))"
                    ],
                    "Workers Planned": 6,
                    "Workers Launched": 6,
                    "Single Copy": false,
                    "Plans": [
                        {
                            "Node Type": "Aggregate",
                            "Strategy": "Plain",
                            "Partial Mode": "Partial",
                            "Parent Relationship": "Outer",
                            "Parallel Aware": false,
                            "Startup Cost": 343036.74,
                            "Total Cost": 343036.75,
                            "Plan Rows": 1,
                            "Plan Width": 8,
                            "Actual Startup Time": 850.638,
                            "Actual Total Time": 850.639,
                            "Actual Rows": 1,
                            "Actual Loops": 7,
                            "Output": [
                                "PARTIAL count(*)"
                            ],
                            "Workers": [
                                {
                                    "Worker Number": 0,
                                    "Actual Startup Time": 848.365,
                                    "Actual Total Time": 848.366,
                                    "Actual Rows": 1,
                                    "Actual Loops": 1
                                },
                                {
                                    "Worker Number": 1,
                                    "Actual Startup Time": 848.638,
                                    "Actual Total Time": 848.639,
                                    "Actual Rows": 1,
                                    "Actual Loops": 1
                                },
                                {
                                    "Worker Number": 2,
                                    "Actual Startup Time": 848.728,
                                    "Actual Total Time": 848.729,
                                    "Actual Rows": 1,
                                    "Actual Loops": 1
                                },
                                {
                                    "Worker Number": 3,
                                    "Actual Startup Time": 849.465,
                                    "Actual Total Time": 849.467,
                                    "Actual Rows": 1,
                                    "Actual Loops": 1
                                },
                                {
                                    "Worker Number": 4,
                                    "Actual Startup Time": 849.708,
                                    "Actual Total Time": 849.709,
                                    "Actual Rows": 1,
                                    "Actual Loops": 1
                                },
                                {
                                    "Worker Number": 5,
                                    "Actual Startup Time": 849.771,
                                    "Actual Total Time": 849.773,
                                    "Actual Rows": 1,
                                    "Actual Loops": 1
                                }
                            ],
                            "Plans": [
                                {
                                    "Node Type": "Seq Scan",
                                    "Parent Relationship": "Outer",
                                    "Parallel Aware": true,
                                    "Relation Name": "cast_info",
                                    "Schema": "public",
                                    "Alias": "ci",
                                    "Startup Cost": 0.0,
                                    "Total Cost": 328213.62,
                                    "Plan Rows": 5929250,
                                    "Plan Width": 0,
                                    "Actual Startup Time": 0.058,
                                    "Actual Total Time": 614.467,
                                    "Actual Rows": 5072470,
                                    "Actual Loops": 7,
                                    "Output": [
                                        "id",
                                        "person_id",
                                        "movie_id",
                                        "person_role_id",
                                        "note",
                                        "nr_order",
                                        "role_id"
                                    ],
                                    "Filter": "(ci.person_id < 3920731)",
                                    "Rows Removed by Filter": 105293,
                                    "Workers": [
                                        {
                                            "Worker Number": 0,
                                            "Actual Startup Time": 0.061,
                                            "Actual Total Time": 614.25,
                                            "Actual Rows": 3521586,
                                            "Actual Loops": 1
                                        },
                                        {
                                            "Worker Number": 1,
                                            "Actual Startup Time": 0.063,
                                            "Actual Total Time": 616.503,
                                            "Actual Rows": 3490446,
                                            "Actual Loops": 1
                                        },
                                        {
                                            "Worker Number": 2,
                                            "Actual Startup Time": 0.075,
                                            "Actual Total Time": 622.471,
                                            "Actual Rows": 5435325,
                                            "Actual Loops": 1
                                        },
                                        {
                                            "Worker Number": 3,
                                            "Actual Startup Time": 0.061,
                                            "Actual Total Time": 624.013,
                                            "Actual Rows": 5461146,
                                            "Actual Loops": 1
                                        },
                                        {
                                            "Worker Number": 4,
                                            "Actual Startup Time": 0.062,
                                            "Actual Total Time": 623.959,
                                            "Actual Rows": 5463985,
                                            "Actual Loops": 1
                                        },
                                        {
                                            "Worker Number": 5,
                                            "Actual Startup Time": 0.071,
                                            "Actual Total Time": 623.8,
                                            "Actual Rows": 5431941,
                                            "Actual Loops": 1
                                        }
                                    ]
                                }
                            ]
                        }
                    ]
                }
            ]
        },
        "Planning Time": 175.363,
        "Triggers": [],
        "Execution Time": 912.498
    }
]