[
  {
    "Plan": {
      "Node Type": "Aggregate",
      "Strategy": "Plain",
      "Partial Mode": "Simple",
      "Parallel Aware": false,
      "Startup Cost": 126347.06,
      "Total Cost": 126347.07,
      "Plan Rows": 1,
      "Plan Width": 96,
      "Actual Startup Time": 1088.795,
      "Actual Total Time": 1126.474,
      "Actual Rows": 1,
      "Actual Loops": 1,
      "Plans": [
        {
          "Node Type": "Gather",
          "Parent Relationship": "Outer",
          "Parallel Aware": false,
          "Startup Cost": 120848.62,
          "Total Cost": 126347.05,
          "Plan Rows": 1,
          "Plan Width": 48,
          "Actual Startup Time": 1058.178,
          "Actual Total Time": 1126.419,
          "Actual Rows": 14,
          "Actual Loops": 1,
          "Workers Planned": 1,
          "Workers Launched": 1,
          "Single Copy": false,
          "Plans": [
            {
              "Node Type": "Hash Join",
              "Parent Relationship": "Outer",
              "Parallel Aware": false,
              "Join Type": "Inner",
              "Startup Cost": 119848.62,
              "Total Cost": 125346.95,
              "Plan Rows": 1,
              "Plan Width": 48,
              "Actual Startup Time": 1042.598,
              "Actual Total Time": 1080.414,
              "Actual Rows": 7,
              "Actual Loops": 2,
              "Inner Unique": true,
              "Hash Cond": "(mc.company_type_id = ct.id)",
              "Plans": [
                {
                  "Node Type": "Hash Join",
                  "Parent Relationship": "Outer",
                  "Parallel Aware": true,
                  "Join Type": "Inner",
                  "Startup Cost": 119847.56,
                  "Total Cost": 125345.89,
                  "Plan Rows": 1,
                  "Plan Width": 52,
                  "Actual Startup Time": 1041.907,
                  "Actual Total Time": 1079.716,
                  "Actual Rows": 7,
                  "Actual Loops": 2,
                  "Inner Unique": false,
                  "Hash Cond": "(cn.id = mc.company_id)",
                  "Plans": [
                    {
                      "Node Type": "Seq Scan",
                      "Parent Relationship": "Outer",
                      "Parallel Aware": true,
                      "Relation Name": "company_name",
                      "Alias": "cn",
                      "Startup Cost": 0.0,
                      "Total Cost": 5414.09,
                      "Plan Rows": 22462,
                      "Plan Width": 23,
                      "Actual Startup Time": 0.03,
                      "Actual Total Time": 44.529,
                      "Actual Rows": 24151,
                      "Actual Loops": 2,
                      "Filter": "(((country_code)::text <> '[pl]'::text) AND ((name ~~ '%Film%'::text) OR (name ~~ '%Warner%'::text)))",
                      "Rows Removed by Filter": 93348
                    },
                    {
                      "Node Type": "Hash",
                      "Parent Relationship": "Inner",
                      "Parallel Aware": true,
                      "Startup Cost": 119847.54,
                      "Total Cost": 119847.54,
                      "Plan Rows": 1,
                      "Plan Width": 37,
                      "Actual Startup Time": 1032.03,
                      "Actual Total Time": 1032.063,
                      "Actual Rows": 10,
                      "Actual Loops": 2,
                      "Hash Buckets": 1024,
                      "Original Hash Buckets": 1024,
                      "Hash Batches": 1,
                      "Original Hash Batches": 1,
                      "Peak Memory Usage": 40,
                      "Plans": [
                        {
                          "Node Type": "Hash Join",
                          "Parent Relationship": "Outer",
                          "Parallel Aware": true,
                          "Join Type": "Inner",
                          "Startup Cost": 76969.3,
                          "Total Cost": 119847.54,
                          "Plan Rows": 1,
                          "Plan Width": 37,
                          "Actual Startup Time": 824.222,
                          "Actual Total Time": 1031.979,
                          "Actual Rows": 10,
                          "Actual Loops": 2,
                          "Inner Unique": false,
                          "Hash Cond": "(mk.movie_id = ml.movie_id)",
                          "Plans": [
                            {
                              "Node Type": "Hash Join",
                              "Parent Relationship": "Outer",
                              "Parallel Aware": false,
                              "Join Type": "Inner",
                              "Startup Cost": 2626.14,
                              "Total Cost": 45504.33,
                              "Plan Rows": 11,
                              "Plan Width": 4,
                              "Actual Startup Time": 16.186,
                              "Actual Total Time": 436.921,
                              "Actual Rows": 5272,
                              "Actual Loops": 2,
                              "Inner Unique": true,
                              "Hash Cond": "(mk.keyword_id = k.id)",
                              "Plans": [
                                {
                                  "Node Type": "Seq Scan",
                                  "Parent Relationship": "Outer",
                                  "Parallel Aware": true,
                                  "Relation Name": "movie_keyword",
                                  "Alias": "mk",
                                  "Startup Cost": 0.0,
                                  "Total Cost": 39047.32,
                                  "Plan Rows": 1459332,
                                  "Plan Width": 8,
                                  "Actual Startup Time": 0.035,
                                  "Actual Total Time": 269.205,
                                  "Actual Rows": 2261965,
                                  "Actual Loops": 2
                                },
                                {
                                  "Node Type": "Hash",
                                  "Parent Relationship": "Inner",
                                  "Parallel Aware": false,
                                  "Startup Cost": 2626.12,
                                  "Total Cost": 2626.12,
                                  "Plan Rows": 1,
                                  "Plan Width": 4,
                                  "Actual Startup Time": 15.701,
                                  "Actual Total Time": 15.703,
                                  "Actual Rows": 1,
                                  "Actual Loops": 2,
                                  "Hash Buckets": 1024,
                                  "Original Hash Buckets": 1024,
                                  "Hash Batches": 1,
                                  "Original Hash Batches": 1,
                                  "Peak Memory Usage": 9,
                                  "Plans": [
                                    {
                                      "Node Type": "Seq Scan",
                                      "Parent Relationship": "Outer",
                                      "Parallel Aware": false,
                                      "Relation Name": "keyword",
                                      "Alias": "k",
                                      "Startup Cost": 0.0,
                                      "Total Cost": 2626.12,
                                      "Plan Rows": 1,
                                      "Plan Width": 4,
                                      "Actual Startup Time": 0.801,
                                      "Actual Total Time": 15.692,
                                      "Actual Rows": 1,
                                      "Actual Loops": 2,
                                      "Filter": "(keyword = 'sequel'::text)",
                                      "Rows Removed by Filter": 134169
                                    }
                                  ]
                                }
                              ]
                            },
                            {
                              "Node Type": "Hash",
                              "Parent Relationship": "Inner",
                              "Parallel Aware": true,
                              "Startup Cost": 74343.15,
                              "Total Cost": 74343.15,
                              "Plan Rows": 1,
                              "Plan Width": 49,
                              "Actual Startup Time": 594.193,
                              "Actual Total Time": 594.21,
                              "Actual Rows": 10,
                              "Actual Loops": 2,
                              "Hash Buckets": 1024,
                              "Original Hash Buckets": 1024,
                              "Hash Batches": 1,
                              "Original Hash Batches": 1,
                              "Peak Memory Usage": 40,
                              "Plans": [
                                {
                                  "Node Type": "Hash Join",
                                  "Parent Relationship": "Outer",
                                  "Parallel Aware": false,
                                  "Join Type": "Inner",
                                  "Startup Cost": 46061.27,
                                  "Total Cost": 74343.15,
                                  "Plan Rows": 1,
                                  "Plan Width": 49,
                                  "Actual Startup Time": 534.245,
                                  "Actual Total Time": 594.129,
                                  "Actual Rows": 10,
                                  "Actual Loops": 2,
                                  "Inner Unique": false,
                                  "Hash Cond": "(t.id = ml.movie_id)",
                                  "Plans": [
                                    {
                                      "Node Type": "Hash Join",
                                      "Parent Relationship": "Outer",
                                      "Parallel Aware": true,
                                      "Join Type": "Inner",
                                      "Startup Cost": 45478.96,
                                      "Total Cost": 73760.79,
                                      "Plan Rows": 1,
                                      "Plan Width": 33,
                                      "Actual Startup Time": 398.176,
                                      "Actual Total Time": 581.278,
                                      "Actual Rows": 11,
                                      "Actual Loops": 2,
                                      "Inner Unique": true,
                                      "Hash Cond": "(mc.movie_id = t.id)",
                                      "Plans": [
                                        {
                                          "Node Type": "Seq Scan",
                                          "Parent Relationship": "Outer",
                                          "Parallel Aware": true,
                                          "Relation Name": "movie_companies",
                                          "Alias": "mc",
                                          "Startup Cost": 0.0,
                                          "Total Cost": 27206.55,
                                          "Plan Rows": 409633,
                                          "Plan Width": 12,
                                          "Actual Startup Time": 0.02,
                                          "Actual Total Time": 189.399,
                                          "Actual Rows": 635994,
                                          "Actual Loops": 2,
                                          "Filter": "(note IS NULL)",
                                          "Rows Removed by Filter": 668570
                                        },
                                        {
                                          "Node Type": "Hash",
                                          "Parent Relationship": "Inner",
                                          "Parallel Aware": true,
                                          "Startup Cost": 45478.94,
                                          "Total Cost": 45478.94,
                                          "Plan Rows": 1,
                                          "Plan Width": 21,
                                          "Actual Startup Time": 355.922,
                                          "Actual Total Time": 355.923,
                                          "Actual Rows": 18,
                                          "Actual Loops": 2,
                                          "Hash Buckets": 1024,
                                          "Original Hash Buckets": 1024,
                                          "Hash Batches": 1,
                                          "Original Hash Batches": 1,
                                          "Peak Memory Usage": 72,
                                          "Plans": [
                                            {
                                              "Node Type": "Seq Scan",
                                              "Parent Relationship": "Outer",
                                              "Parallel Aware": true,
                                              "Relation Name": "title",
                                              "Alias": "t",
                                              "Startup Cost": 0.0,
                                              "Total Cost": 45478.94,
                                              "Plan Rows": 1,
                                              "Plan Width": 21,
                                              "Actual Startup Time": 32.353,
                                              "Actual Total Time": 355.81,
                                              "Actual Rows": 18,
                                              "Actual Loops": 2,
                                              "Filter": "((title ~~ '%Money%'::text) AND (production_year = 1998))",
                                              "Rows Removed by Filter": 1264138
                                            }
                                          ]
                                        }
                                      ]
                                    },
                                    {
                                      "Node Type": "Hash",
                                      "Parent Relationship": "Inner",
                                      "Parallel Aware": false,
                                      "Startup Cost": 561.48,
                                      "Total Cost": 561.48,
                                      "Plan Rows": 1666,
                                      "Plan Width": 16,
                                      "Actual Startup Time": 12.785,
                                      "Actual Total Time": 12.791,
                                      "Actual Rows": 1158,
                                      "Actual Loops": 2,
                                      "Hash Buckets": 2048,
                                      "Original Hash Buckets": 2048,
                                      "Hash Batches": 1,
                                      "Original Hash Batches": 1,
                                      "Peak Memory Usage": 66,
                                      "Plans": [
                                        {
                                          "Node Type": "Hash Join",
                                          "Parent Relationship": "Outer",
                                          "Parallel Aware": false,
                                          "Join Type": "Inner",
                                          "Startup Cost": 1.24,
                                          "Total Cost": 561.48,
                                          "Plan Rows": 1666,
                                          "Plan Width": 16,
                                          "Actual Startup Time": 0.201,
                                          "Actual Total Time": 12.346,
                                          "Actual Rows": 1158,
                                          "Actual Loops": 2,
                                          "Inner Unique": true,
                                          "Hash Cond": "(ml.link_type_id = lt.id)",
                                          "Plans": [
                                            {
                                              "Node Type": "Seq Scan",
                                              "Parent Relationship": "Outer",
                                              "Parallel Aware": false,
                                              "Relation Name": "movie_link",
                                              "Alias": "ml",
                                              "Startup Cost": 0.0,
                                              "Total Cost": 462.97,
                                              "Plan Rows": 29997,
                                              "Plan Width": 8,
                                              "Actual Startup Time": 0.062,
                                              "Actual Total Time": 7.925,
                                              "Actual Rows": 29997,
                                              "Actual Loops": 2
                                            },
                                            {
                                              "Node Type": "Hash",
                                              "Parent Relationship": "Inner",
                                              "Parallel Aware": false,
                                              "Startup Cost": 1.23,
                                              "Total Cost": 1.23,
                                              "Plan Rows": 1,
                                              "Plan Width": 16,
                                              "Actual Startup Time": 0.063,
                                              "Actual Total Time": 0.064,
                                              "Actual Rows": 1,
                                              "Actual Loops": 2,
                                              "Hash Buckets": 1024,
                                              "Original Hash Buckets": 1024,
                                              "Hash Batches": 1,
                                              "Original Hash Batches": 1,
                                              "Peak Memory Usage": 9,
                                              "Plans": [
                                                {
                                                  "Node Type": "Seq Scan",
                                                  "Parent Relationship": "Outer",
                                                  "Parallel Aware": false,
                                                  "Relation Name": "link_type",
                                                  "Alias": "lt",
                                                  "Startup Cost": 0.0,
                                                  "Total Cost": 1.23,
                                                  "Plan Rows": 1,
                                                  "Plan Width": 16,
                                                  "Actual Startup Time": 0.045,
                                                  "Actual Total Time": 0.051,
                                                  "Actual Rows": 1,
                                                  "Actual Loops": 2,
                                                  "Filter": "((link)::text ~~ '%follows%'::text)",
                                                  "Rows Removed by Filter": 17
                                                }
                                              ]
                                            }
                                          ]
                                        }
                                      ]
                                    }
                                  ]
                                }
                              ]
                            }
                          ]
                        }
                      ]
                    }
                  ]
                },
                {
                  "Node Type": "Hash",
                  "Parent Relationship": "Inner",
                  "Parallel Aware": false,
                  "Startup Cost": 1.05,
                  "Total Cost": 1.05,
                  "Plan Rows": 1,
                  "Plan Width": 4,
                  "Actual Startup Time": 0.075,
                  "Actual Total Time": 0.078,
                  "Actual Rows": 1,
                  "Actual Loops": 2,
                  "Hash Buckets": 1024,
                  "Original Hash Buckets": 1024,
                  "Hash Batches": 1,
                  "Original Hash Batches": 1,
                  "Peak Memory Usage": 9,
                  "Plans": [
                    {
                      "Node Type": "Seq Scan",
                      "Parent Relationship": "Outer",
                      "Parallel Aware": false,
                      "Relation Name": "company_type",
                      "Alias": "ct",
                      "Startup Cost": 0.0,
                      "Total Cost": 1.05,
                      "Plan Rows": 1,
                      "Plan Width": 4,
                      "Actual Startup Time": 0.053,
                      "Actual Total Time": 0.056,
                      "Actual Rows": 1,
                      "Actual Loops": 2,
                      "Filter": "((kind)::text = 'production companies'::text)",
                      "Rows Removed by Filter": 3
                    }
                  ]
                }
              ]
            }
          ]
        }
      ]
    },
    "Planning Time": 12.971,
    "Triggers": [],
    "Execution Time": 1127.17
  }
]