[
  {
    "Plan": {
      "Node Type": "Aggregate",
      "Strategy": "Plain",
      "Partial Mode": "Finalize",
      "Parallel Aware": false,
      "Startup Cost": 157482.99,
      "Total Cost": 157483.0,
      "Plan Rows": 1,
      "Plan Width": 8,
      "Actual Startup Time": 1088.378,
      "Actual Total Time": 1132.216,
      "Actual Rows": 1,
      "Actual Loops": 1,
      "Plans": [
        {
          "Node Type": "Gather",
          "Parent Relationship": "Outer",
          "Parallel Aware": false,
          "Startup Cost": 157482.57,
          "Total Cost": 157482.98,
          "Plan Rows": 4,
          "Plan Width": 8,
          "Actual Startup Time": 1088.029,
          "Actual Total Time": 1132.207,
          "Actual Rows": 5,
          "Actual Loops": 1,
          "Workers Planned": 4,
          "Workers Launched": 4,
          "Single Copy": false,
          "Plans": [
            {
              "Node Type": "Aggregate",
              "Strategy": "Plain",
              "Partial Mode": "Partial",
              "Parent Relationship": "Outer",
              "Parallel Aware": false,
              "Startup Cost": 156482.57,
              "Total Cost": 156482.58,
              "Plan Rows": 1,
              "Plan Width": 8,
              "Actual Startup Time": 1076.395,
              "Actual Total Time": 1076.398,
              "Actual Rows": 1,
              "Actual Loops": 5,
              "Plans": [
                {
                  "Node Type": "Nested Loop",
                  "Parent Relationship": "Outer",
                  "Parallel Aware": false,
                  "Join Type": "Inner",
                  "Startup Cost": 46513.31,
                  "Total Cost": 156234.65,
                  "Plan Rows": 99170,
                  "Plan Width": 0,
                  "Actual Startup Time": 121.289,
                  "Actual Total Time": 1056.03,
                  "Actual Rows": 353666,
                  "Actual Loops": 5,
                  "Inner Unique": false,
                  "Join Filter": "(t.id = mi.movie_id)",
                  "Rows Removed by Join Filter": 0,
                  "Plans": [
                    {
                      "Node Type": "Hash Join",
                      "Parent Relationship": "Outer",
                      "Parallel Aware": true,
                      "Join Type": "Inner",
                      "Startup Cost": 46512.88,
                      "Total Cost": 77064.19,
                      "Plan Rows": 33551,
                      "Plan Width": 8,
                      "Actual Startup Time": 121.145,
                      "Actual Total Time": 264.924,
                      "Actual Rows": 46769,
                      "Actual Loops": 5,
                      "Inner Unique": true,
                      "Hash Cond": "(ci.movie_id = t.id)",
                      "Plans": [
                        {
                          "Node Type": "Index Scan",
                          "Parent Relationship": "Outer",
                          "Parallel Aware": true,
                          "Scan Direction": "Forward",
                          "Index Name": "role_id_cast_info",
                          "Relation Name": "cast_info",
                          "Alias": "ci",
                          "Startup Cost": 0.56,
                          "Total Cost": 29878.05,
                          "Plan Rows": 256695,
                          "Plan Width": 4,
                          "Actual Startup Time": 0.253,
                          "Actual Total Time": 59.095,
                          "Actual Rows": 214701,
                          "Actual Loops": 5,
                          "Index Cond": "(role_id = 9)",
                          "Rows Removed by Index Recheck": 0,
                          "Filter": "(person_id > 152610)",
                          "Rows Removed by Filter": 4010
                        },
                        {
                          "Node Type": "Hash",
                          "Parent Relationship": "Inner",
                          "Parallel Aware": true,
                          "Startup Cost": 45479.59,
                          "Total Cost": 45479.59,
                          "Plan Rows": 82618,
                          "Plan Width": 4,
                          "Actual Startup Time": 118.516,
                          "Actual Total Time": 118.517,
                          "Actual Rows": 51114,
                          "Actual Loops": 5,
                          "Hash Buckets": 524288,
                          "Original Hash Buckets": 524288,
                          "Hash Batches": 1,
                          "Original Hash Batches": 1,
                          "Peak Memory Usage": 14240,
                          "Plans": [
                            {
                              "Node Type": "Seq Scan",
                              "Parent Relationship": "Outer",
                              "Parallel Aware": true,
                              "Relation Name": "title",
                              "Alias": "t",
                              "Startup Cost": 0.0,
                              "Total Cost": 45479.59,
                              "Plan Rows": 82618,
                              "Plan Width": 4,
                              "Actual Startup Time": 47.791,
                              "Actual Total Time": 97.123,
                              "Actual Rows": 51114,
                              "Actual Loops": 5,
                              "Filter": "((production_year > 2002) AND (kind_id = 1))",
                              "Rows Removed by Filter": 454548
                            }
                          ]
                        }
                      ]
                    },
                    {
                      "Node Type": "Index Scan",
                      "Parent Relationship": "Inner",
                      "Parallel Aware": false,
                      "Scan Direction": "Forward",
                      "Index Name": "movie_id_movie_info",
                      "Relation Name": "movie_info",
                      "Alias": "mi",
                      "Startup Cost": 0.43,
                      "Total Cost": 2.1,
                      "Plan Rows": 21,
                      "Plan Width": 4,
                      "Actual Startup Time": 0.008,
                      "Actual Total Time": 0.016,
                      "Actual Rows": 8,
                      "Actual Loops": 233846,
                      "Index Cond": "(movie_id = ci.movie_id)",
                      "Rows Removed by Index Recheck": 0,
                      "Filter": "(info_type_id > 7)",
                      "Rows Removed by Filter": 7
                    }
                  ]
                }
              ]
            }
          ]
        }
      ]
    },
    "Planning Time": 0.655,
    "Triggers": [],
    "Execution Time": 1132.271
  }
]