[
  {
    "Plan": {
      "Node Type": "Aggregate",
      "Strategy": "Plain",
      "Partial Mode": "Finalize",
      "Parallel Aware": false,
      "Startup Cost": 472992.74,
      "Total Cost": 472992.75,
      "Plan Rows": 1,
      "Plan Width": 8,
      "Actual Startup Time": 3659.11,
      "Actual Total Time": 3718.88,
      "Actual Rows": 1,
      "Actual Loops": 1,
      "Plans": [
        {
          "Node Type": "Gather",
          "Parent Relationship": "Outer",
          "Parallel Aware": false,
          "Startup Cost": 472992.22,
          "Total Cost": 472992.73,
          "Plan Rows": 5,
          "Plan Width": 8,
          "Actual Startup Time": 3641.44,
          "Actual Total Time": 3718.869,
          "Actual Rows": 6,
          "Actual Loops": 1,
          "Workers Planned": 5,
          "Workers Launched": 5,
          "Single Copy": false,
          "Plans": [
            {
              "Node Type": "Aggregate",
              "Strategy": "Plain",
              "Partial Mode": "Partial",
              "Parent Relationship": "Outer",
              "Parallel Aware": false,
              "Startup Cost": 471992.22,
              "Total Cost": 471992.23,
              "Plan Rows": 1,
              "Plan Width": 8,
              "Actual Startup Time": 3625.428,
              "Actual Total Time": 3625.94,
              "Actual Rows": 1,
              "Actual Loops": 6,
              "Plans": [
                {
                  "Node Type": "Hash Join",
                  "Parent Relationship": "Outer",
                  "Parallel Aware": true,
                  "Join Type": "Inner",
                  "Startup Cost": 255012.0,
                  "Total Cost": 463495.95,
                  "Plan Rows": 3398509,
                  "Plan Width": 0,
                  "Actual Startup Time": 1051.474,
                  "Actual Total Time": 3213.203,
                  "Actual Rows": 9905701,
                  "Actual Loops": 6,
                  "Inner Unique": false,
                  "Hash Cond": "(mi.movie_id = t.id)",
                  "Plans": [
                    {
                      "Node Type": "Seq Scan",
                      "Parent Relationship": "Outer",
                      "Parallel Aware": true,
                      "Relation Name": "movie_info",
                      "Alias": "mi",
                      "Startup Cost": 0.0,
                      "Total Cost": 191685.19,
                      "Plan Rows": 2969219,
                      "Plan Width": 4,
                      "Actual Startup Time": 0.042,
                      "Actual Total Time": 301.814,
                      "Actual Rows": 2472620,
                      "Actual Loops": 6
                    },
                    {
                      "Node Type": "Hash",
                      "Parent Relationship": "Inner",
                      "Parallel Aware": true,
                      "Startup Cost": 248982.87,
                      "Total Cost": 248982.87,
                      "Plan Rows": 482330,
                      "Plan Width": 8,
                      "Actual Startup Time": 1042.549,
                      "Actual Total Time": 1043.06,
                      "Actual Rows": 470965,
                      "Actual Loops": 6,
                      "Hash Buckets": 4194304,
                      "Original Hash Buckets": 4194304,
                      "Hash Batches": 1,
                      "Original Hash Batches": 1,
                      "Peak Memory Usage": 143424,
                      "Plans": [
                        {
                          "Node Type": "Hash Join",
                          "Parent Relationship": "Outer",
                          "Parallel Aware": true,
                          "Join Type": "Inner",
                          "Startup Cost": 46942.16,
                          "Total Cost": 248982.87,
                          "Plan Rows": 482330,
                          "Plan Width": 8,
                          "Actual Startup Time": 157.74,
                          "Actual Total Time": 826.005,
                          "Actual Rows": 470965,
                          "Actual Loops": 6,
                          "Inner Unique": true,
                          "Hash Cond": "(ci.movie_id = t.id)",
                          "Plans": [
                            {
                              "Node Type": "Index Scan",
                              "Parent Relationship": "Outer",
                              "Parallel Aware": true,
                              "Scan Direction": "Forward",
                              "Index Name": "role_id_cast_info",
                              "Relation Name": "cast_info",
                              "Alias": "ci",
                              "Startup Cost": 0.56,
                              "Total Cost": 198752.95,
                              "Plan Rows": 1252698,
                              "Plan Width": 4,
                              "Actual Startup Time": 0.261,
                              "Actual Total Time": 243.911,
                              "Actual Rows": 1241996,
                              "Actual Loops": 6,
                              "Index Cond": "(role_id = 2)",
                              "Rows Removed by Index Recheck": 0
                            },
                            {
                              "Node Type": "Hash",
                              "Parent Relationship": "Inner",
                              "Parallel Aware": true,
                              "Startup Cost": 43899.32,
                              "Total Cost": 43899.32,
                              "Plan Rows": 243382,
                              "Plan Width": 4,
                              "Actual Startup Time": 156.109,
                              "Actual Total Time": 156.11,
                              "Actual Rows": 162075,
                              "Actual Loops": 6,
                              "Hash Buckets": 1048576,
                              "Original Hash Buckets": 1048576,
                              "Hash Batches": 1,
                              "Original Hash Batches": 1,
                              "Peak Memory Usage": 46336,
                              "Plans": [
                                {
                                  "Node Type": "Seq Scan",
                                  "Parent Relationship": "Outer",
                                  "Parallel Aware": true,
                                  "Relation Name": "title",
                                  "Alias": "t",
                                  "Startup Cost": 0.0,
                                  "Total Cost": 43899.32,
                                  "Plan Rows": 243382,
                                  "Plan Width": 4,
                                  "Actual Startup Time": 0.071,
                                  "Actual Total Time": 85.682,
                                  "Actual Rows": 162075,
                                  "Actual Loops": 6,
                                  "Filter": "(kind_id < 6)",
                                  "Rows Removed by Filter": 259311
                                }
                              ]
                            }
                          ]
                        }
                      ]
                    }
                  ]
                }
              ]
            }
          ]
        }
      ]
    },
    "Planning Time": 0.642,
    "Triggers": [],
    "Execution Time": 3718.932
  }
]