[
  {
    "Plan": {
      "Node Type": "Aggregate",
      "Strategy": "Plain",
      "Partial Mode": "Finalize",
      "Parallel Aware": false,
      "Startup Cost": 46815.0,
      "Total Cost": 46815.01,
      "Plan Rows": 1,
      "Plan Width": 8,
      "Actual Startup Time": 153.511,
      "Actual Total Time": 160.615,
      "Actual Rows": 1,
      "Actual Loops": 1,
      "Plans": [
        {
          "Node Type": "Gather",
          "Parent Relationship": "Outer",
          "Parallel Aware": false,
          "Startup Cost": 46814.69,
          "Total Cost": 46815.0,
          "Plan Rows": 3,
          "Plan Width": 8,
          "Actual Startup Time": 153.404,
          "Actual Total Time": 160.609,
          "Actual Rows": 4,
          "Actual Loops": 1,
          "Workers Planned": 3,
          "Workers Launched": 3,
          "Single Copy": false,
          "Plans": [
            {
              "Node Type": "Aggregate",
              "Strategy": "Plain",
              "Partial Mode": "Partial",
              "Parent Relationship": "Outer",
              "Parallel Aware": false,
              "Startup Cost": 45814.69,
              "Total Cost": 45814.7,
              "Plan Rows": 1,
              "Plan Width": 8,
              "Actual Startup Time": 150.008,
              "Actual Total Time": 150.009,
              "Actual Rows": 1,
              "Actual Loops": 4,
              "Plans": [
                {
                  "Node Type": "Seq Scan",
                  "Parent Relationship": "Outer",
                  "Parallel Aware": true,
                  "Relation Name": "movie_keyword",
                  "Alias": "mk",
                  "Startup Cost": 0.0,
                  "Total Cost": 42695.65,
                  "Plan Rows": 1247613,
                  "Plan Width": 0,
                  "Actual Startup Time": 0.025,
                  "Actual Total Time": 109.149,
                  "Actual Rows": 965806,
                  "Actual Loops": 4,
                  "Filter": "(keyword_id < 28453)",
                  "Rows Removed by Filter": 165177
                }
              ]
            }
          ]
        }
      ]
    },
    "Planning Time": 0.068,
    "Triggers": [],
    "Execution Time": 160.64
  }
]