[
  {
    "Plan": {
      "Node Type": "Aggregate",
      "Strategy": "Plain",
      "Partial Mode": "Finalize",
      "Parallel Aware": false,
      "Startup Cost": 45318.26,
      "Total Cost": 45318.27,
      "Plan Rows": 1,
      "Plan Width": 8,
      "Actual Startup Time": 94.198,
      "Actual Total Time": 104.311,
      "Actual Rows": 1,
      "Actual Loops": 1,
      "Plans": [
        {
          "Node Type": "Gather",
          "Parent Relationship": "Outer",
          "Parallel Aware": false,
          "Startup Cost": 45317.84,
          "Total Cost": 45318.25,
          "Plan Rows": 4,
          "Plan Width": 8,
          "Actual Startup Time": 94.033,
          "Actual Total Time": 104.301,
          "Actual Rows": 5,
          "Actual Loops": 1,
          "Workers Planned": 4,
          "Workers Launched": 4,
          "Single Copy": false,
          "Plans": [
            {
              "Node Type": "Aggregate",
              "Strategy": "Plain",
              "Partial Mode": "Partial",
              "Parent Relationship": "Outer",
              "Parallel Aware": false,
              "Startup Cost": 44317.84,
              "Total Cost": 44317.85,
              "Plan Rows": 1,
              "Plan Width": 8,
              "Actual Startup Time": 85.651,
              "Actual Total Time": 85.652,
              "Actual Rows": 1,
              "Actual Loops": 5,
              "Plans": [
                {
                  "Node Type": "Seq Scan",
                  "Parent Relationship": "Outer",
                  "Parallel Aware": true,
                  "Relation Name": "title",
                  "Alias": "t",
                  "Startup Cost": 0.0,
                  "Total Cost": 43899.32,
                  "Plan Rows": 167406,
                  "Plan Width": 0,
                  "Actual Startup Time": 0.054,
                  "Actual Total Time": 78.737,
                  "Actual Rows": 136829,
                  "Actual Loops": 5,
                  "Filter": "(production_year < 1990)",
                  "Rows Removed by Filter": 368833
                }
              ]
            }
          ]
        }
      ]
    },
    "Planning Time": 0.154,
    "Triggers": [],
    "Execution Time": 104.368
  }
]