{
  "Plan": {
    "Node Type": "Aggregate",
    "Strategy": "Plain",
    "Partial Mode": "Finalize",
    "Parallel Aware": false,
    "Startup Cost": 120272.65,
    "Total Cost": 120272.66,
    "Plan Rows": 1,
    "Plan Width": 8,
    "Actual Startup Time": 625.764,
    "Actual Total Time": 642.754,
    "Actual Rows": 1,
    "Actual Loops": 1,
    "Plans": [
      {
        "Node Type": "Gather",
        "Parent Relationship": "Outer",
        "Parallel Aware": false,
        "Startup Cost": 120272.54,
        "Total Cost": 120272.65,
        "Plan Rows": 1,
        "Plan Width": 8,
        "Actual Startup Time": 623.779,
        "Actual Total Time": 642.746,
        "Actual Rows": 2,
        "Actual Loops": 1,
        "Workers Planned": 1,
        "Workers Launched": 1,
        "Single Copy": false,
        "Plans": [
          {
            "Node Type": "Aggregate",
            "Strategy": "Plain",
            "Partial Mode": "Partial",
            "Parent Relationship": "Outer",
            "Parallel Aware": false,
            "Startup Cost": 119272.54,
            "Total Cost": 119272.55,
            "Plan Rows": 1,
            "Plan Width": 8,
            "Actual Startup Time": 618.396,
            "Actual Total Time": 618.4,
            "Actual Rows": 1,
            "Actual Loops": 2,
            "Plans": [
              {
                "Node Type": "Hash Join",
                "Parent Relationship": "Outer",
                "Parallel Aware": true,
                "Join Type": "Inner",
                "Startup Cost": 59473.49,
                "Total Cost": 117524.33,
                "Plan Rows": 699282,
                "Plan Width": 0,
                "Actual Startup Time": 243.327,
                "Actual Total Time": 604.709,
                "Actual Rows": 342021,
                "Actual Loops": 2,
                "Inner Unique": true,
                "Hash Cond": "(mk.movie_id = t.id)",
                "Plans": [
                  {
                    "Node Type": "Seq Scan",
                    "Parent Relationship": "Outer",
                    "Parallel Aware": true,
                    "Relation Name": "movie_keyword",
                    "Alias": "mk",
                    "Startup Cost": 0.0,
                    "Total Cost": 51065.35,
                    "Plan Rows": 2661135,
                    "Plan Width": 4,
                    "Actual Startup Time": 0.015,
                    "Actual Total Time": 149.586,
                    "Actual Rows": 2261965,
                    "Actual Loops": 2
                  },
                  {
                    "Node Type": "Hash",
                    "Parent Relationship": "Inner",
                    "Parallel Aware": true,
                    "Startup Cost": 54588.39,
                    "Total Cost": 54588.39,
                    "Plan Rows": 390808,
                    "Plan Width": 4,
                    "Actual Startup Time": 233.799,
                    "Actual Total Time": 233.8,
                    "Actual Rows": 331032,
                    "Actual Loops": 2,
                    "Hash Buckets": 1048576,
                    "Original Hash Buckets": 1048576,
                    "Hash Batches": 1,
                    "Original Hash Batches": 1,
                    "Peak Memory Usage": 34112,
                    "Plans": [
                      {
                        "Node Type": "Seq Scan",
                        "Parent Relationship": "Outer",
                        "Parallel Aware": true,
                        "Relation Name": "title",
                        "Alias": "t",
                        "Startup Cost": 0.0,
                        "Total Cost": 54588.39,
                        "Plan Rows": 390808,
                        "Plan Width": 4,
                        "Actual Startup Time": 0.027,
                        "Actual Total Time": 147.245,
                        "Actual Rows": 331032,
                        "Actual Loops": 2,
                        "Filter": "(production_year > 2008)",
                        "Rows Removed by Filter": 933124
                      }
                    ]
                  }
                ]
              }
            ]
          }
        ]
      }
    ]
  },
  "Planning Time": 0.547,
  "Triggers": [],
  "Execution Time": 642.817
}