{
    "Plan": {
        "Node Type": "Aggregate",
        "Strategy": "Plain",
        "Partial Mode": "Finalize",
        "Parallel Aware": false,
        "Startup Cost": 379887.19,
        "Total Cost": 379887.2,
        "Plan Rows": 1,
        "Plan Width": 8,
        "Actual Startup Time": 1975.52,
        "Actual Total Time": 2062.32,
        "Actual Rows": 1,
        "Actual Loops": 1,
        "Output": [
            "count(*)"
        ],
        "Plans": [
            {
                "Node Type": "Gather",
                "Parent Relationship": "Outer",
                "Parallel Aware": false,
                "Startup Cost": 379886.77,
                "Total Cost": 379887.18,
                "Plan Rows": 4,
                "Plan Width": 8,
                "Actual Startup Time": 1803.947,
                "Actual Total Time": 2062.299,
                "Actual Rows": 5,
                "Actual Loops": 1,
                "Output": [
                    "(PARTIAL count(*))"
                ],
                "Workers Planned": 4,
                "Workers Launched": 4,
                "Single Copy": false,
                "Plans": [
                    {
                        "Node Type": "Aggregate",
                        "Strategy": "Plain",
                        "Partial Mode": "Partial",
                        "Parent Relationship": "Outer",
                        "Parallel Aware": false,
                        "Startup Cost": 378886.77,
                        "Total Cost": 378886.78,
                        "Plan Rows": 1,
                        "Plan Width": 8,
                        "Actual Startup Time": 1790.335,
                        "Actual Total Time": 1790.338,
                        "Actual Rows": 1,
                        "Actual Loops": 5,
                        "Output": [
                            "PARTIAL count(*)"
                        ],
                        "Workers": [
                            {
                                "Worker Number": 0,
                                "Actual Startup Time": 1611.362,
                                "Actual Total Time": 1611.366,
                                "Actual Rows": 1,
                                "Actual Loops": 1
                            },
                            {
                                "Worker Number": 1,
                                "Actual Startup Time": 1611.437,
                                "Actual Total Time": 1611.44,
                                "Actual Rows": 1,
                                "Actual Loops": 1
                            },
                            {
                                "Worker Number": 2,
                                "Actual Startup Time": 1962.874,
                                "Actual Total Time": 1962.876,
                                "Actual Rows": 1,
                                "Actual Loops": 1
                            },
                            {
                                "Worker Number": 3,
                                "Actual Startup Time": 1962.864,
                                "Actual Total Time": 1962.866,
                                "Actual Rows": 1,
                                "Actual Loops": 1
                            }
                        ],
                        "Plans": [
                            {
                                "Node Type": "Nested Loop",
                                "Parent Relationship": "Outer",
                                "Parallel Aware": false,
                                "Join Type": "Inner",
                                "Startup Cost": 2.21,
                                "Total Cost": 377481.75,
                                "Plan Rows": 562011,
                                "Plan Width": 0,
                                "Actual Startup Time": 6.575,
                                "Actual Total Time": 1751.533,
                                "Actual Rows": 568682,
                                "Actual Loops": 5,
                                "Inner Unique": false,
                                "Join Filter": "(t.id = ci.movie_id)",
                                "Rows Removed by Join Filter": 0,
                                "Workers": [
                                    {
                                        "Worker Number": 0,
                                        "Actual Startup Time": 11.446,
                                        "Actual Total Time": 1574.758,
                                        "Actual Rows": 455283,
                                        "Actual Loops": 1
                                    },
                                    {
                                        "Worker Number": 1,
                                        "Actual Startup Time": 2.309,
                                        "Actual Total Time": 1573.402,
                                        "Actual Rows": 479655,
                                        "Actual Loops": 1
                                    },
                                    {
                                        "Worker Number": 2,
                                        "Actual Startup Time": 0.754,
                                        "Actual Total Time": 1923.842,
                                        "Actual Rows": 487122,
                                        "Actual Loops": 1
                                    },
                                    {
                                        "Worker Number": 3,
                                        "Actual Startup Time": 17.288,
                                        "Actual Total Time": 1923.718,
                                        "Actual Rows": 487905,
                                        "Actual Loops": 1
                                    }
                                ],
                                "Plans": [
                                    {
                                        "Node Type": "Merge Join",
                                        "Parent Relationship": "Outer",
                                        "Parallel Aware": false,
                                        "Join Type": "Inner",
                                        "Startup Cost": 1.64,
                                        "Total Cost": 152755.52,
                                        "Plan Rows": 84500,
                                        "Plan Width": 8,
                                        "Actual Startup Time": 6.409,
                                        "Actual Total Time": 792.895,
                                        "Actual Rows": 37529,
                                        "Actual Loops": 5,
                                        "Output": [
                                            "t.id",
                                            "mi_idx.movie_id"
                                        ],
                                        "Inner Unique": false,
                                        "Merge Cond": "(t.id = mi_idx.movie_id)",
                                        "Workers": [
                                            {
                                                "Worker Number": 0,
                                                "Actual Startup Time": 11.275,
                                                "Actual Total Time": 629.216,
                                                "Actual Rows": 29949,
                                                "Actual Loops": 1
                                            },
                                            {
                                                "Worker Number": 1,
                                                "Actual Startup Time": 2.049,
                                                "Actual Total Time": 618.724,
                                                "Actual Rows": 29751,
                                                "Actual Loops": 1
                                            },
                                            {
                                                "Worker Number": 2,
                                                "Actual Startup Time": 0.553,
                                                "Actual Total Time": 955.716,
                                                "Actual Rows": 32856,
                                                "Actual Loops": 1
                                            },
                                            {
                                                "Worker Number": 3,
                                                "Actual Startup Time": 17.156,
                                                "Actual Total Time": 960.493,
                                                "Actual Rows": 32640,
                                                "Actual Loops": 1
                                            }
                                        ],
                                        "Plans": [
                                            {
                                                "Node Type": "Index Scan",
                                                "Parent Relationship": "Outer",
                                                "Parallel Aware": true,
                                                "Scan Direction": "Forward",
                                                "Index Name": "title_pkey",
                                                "Relation Name": "title",
                                                "Schema": "public",
                                                "Alias": "t",
                                                "Startup Cost": 0.43,
                                                "Total Cost": 94540.09,
                                                "Plan Rows": 154810,
                                                "Plan Width": 4,
                                                "Actual Startup Time": 1.91,
                                                "Actual Total Time": 427.392,
                                                "Actual Rows": 104228,
                                                "Actual Loops": 5,
                                                "Output": [
                                                    "t.id",
                                                    "t.title",
                                                    "t.imdb_index",
                                                    "t.kind_id",
                                                    "t.production_year",
                                                    "t.imdb_id",
                                                    "t.phonetic_code",
                                                    "t.episode_of_id",
                                                    "t.season_nr",
                                                    "t.episode_nr",
                                                    "t.series_years",
                                                    "t.md5sum"
                                                ],
                                                "Filter": "((t.production_year < 2000) AND (t.kind_id = 7))",
                                                "Rows Removed by Filter": 401308,
                                                "Workers": [
                                                    {
                                                        "Worker Number": 0,
                                                        "Actual Startup Time": 3.674,
                                                        "Actual Total Time": 426.709,
                                                        "Actual Rows": 82636,
                                                        "Actual Loops": 1
                                                    },
                                                    {
                                                        "Worker Number": 1,
                                                        "Actual Startup Time": 0.943,
                                                        "Actual Total Time": 415.559,
                                                        "Actual Rows": 81227,
                                                        "Actual Loops": 1
                                                    },
                                                    {
                                                        "Worker Number": 2,
                                                        "Actual Startup Time": 0.13,
                                                        "Actual Total Time": 403.292,
                                                        "Actual Rows": 89515,
                                                        "Actual Loops": 1
                                                    },
                                                    {
                                                        "Worker Number": 3,
                                                        "Actual Startup Time": 3.969,
                                                        "Actual Total Time": 408.714,
                                                        "Actual Rows": 85060,
                                                        "Actual Loops": 1
                                                    }
                                                ]
                                            },
                                            {
                                                "Node Type": "Index Only Scan",
                                                "Parent Relationship": "Inner",
                                                "Parallel Aware": false,
                                                "Scan Direction": "Forward",
                                                "Index Name": "movie_id_movie_info_idx",
                                                "Relation Name": "movie_info_idx",
                                                "Schema": "public",
                                                "Alias": "mi_idx",
                                                "Startup Cost": 0.43,
                                                "Total Cost": 53630.81,
                                                "Plan Rows": 1380035,
                                                "Plan Width": 4,
                                                "Actual Startup Time": 0.159,
                                                "Actual Total Time": 285.217,
                                                "Actual Rows": 1043268,
                                                "Actual Loops": 5,
                                                "Output": [
                                                    "mi_idx.movie_id"
                                                ],
                                                "Heap Fetches": 5216339,
                                                "Workers": [
                                                    {
                                                        "Worker Number": 0,
                                                        "Actual Startup Time": 0.189,
                                                        "Actual Total Time": 151.702,
                                                        "Actual Rows": 538441,
                                                        "Actual Loops": 1
                                                    },
                                                    {
                                                        "Worker Number": 1,
                                                        "Actual Startup Time": 0.191,
                                                        "Actual Total Time": 152.499,
                                                        "Actual Rows": 537793,
                                                        "Actual Loops": 1
                                                    },
                                                    {
                                                        "Worker Number": 2,
                                                        "Actual Startup Time": 0.185,
                                                        "Actual Total Time": 441.482,
                                                        "Actual Rows": 1380035,
                                                        "Actual Loops": 1
                                                    },
                                                    {
                                                        "Worker Number": 3,
                                                        "Actual Startup Time": 0.19,
                                                        "Actual Total Time": 440.964,
                                                        "Actual Rows": 1380035,
                                                        "Actual Loops": 1
                                                    }
                                                ]
                                            }
                                        ]
                                    },
                                    {
                                        "Node Type": "Index Scan",
                                        "Parent Relationship": "Inner",
                                        "Parallel Aware": false,
                                        "Scan Direction": "Forward",
                                        "Index Name": "movie_id_cast_info",
                                        "Relation Name": "cast_info",
                                        "Schema": "public",
                                        "Alias": "ci",
                                        "Startup Cost": 0.56,
                                        "Total Cost": 2.43,
                                        "Plan Rows": 18,
                                        "Plan Width": 4,
                                        "Actual Startup Time": 0.004,
                                        "Actual Total Time": 0.023,
                                        "Actual Rows": 15,
                                        "Actual Loops": 187647,
                                        "Output": [
                                            "ci.id",
                                            "ci.person_id",
                                            "ci.movie_id",
                                            "ci.person_role_id",
                                            "ci.note",
                                            "ci.nr_order",
                                            "ci.role_id"
                                        ],
                                        "Index Cond": "(ci.movie_id = mi_idx.movie_id)",
                                        "Rows Removed by Index Recheck": 0,
                                        "Filter": "(ci.person_id < 1658474)",
                                        "Rows Removed by Filter": 14,
                                        "Workers": [
                                            {
                                                "Worker Number": 0,
                                                "Actual Startup Time": 0.005,
                                                "Actual Total Time": 0.029,
                                                "Actual Rows": 15,
                                                "Actual Loops": 29949
                                            },
                                            {
                                                "Worker Number": 1,
                                                "Actual Startup Time": 0.005,
                                                "Actual Total Time": 0.029,
                                                "Actual Rows": 16,
                                                "Actual Loops": 29751
                                            },
                                            {
                                                "Worker Number": 2,
                                                "Actual Startup Time": 0.004,
                                                "Actual Total Time": 0.027,
                                                "Actual Rows": 15,
                                                "Actual Loops": 32856
                                            },
                                            {
                                                "Worker Number": 3,
                                                "Actual Startup Time": 0.005,
                                                "Actual Total Time": 0.027,
                                                "Actual Rows": 15,
                                                "Actual Loops": 32640
                                            }
                                        ]
                                    }
                                ]
                            }
                        ]
                    }
                ]
            }
        ]
    },
    "Planning Time": 1.531,
    "Triggers": [],
    "Execution Time": 2062.478
}