[
  {
    "Plan": {
      "Node Type": "Aggregate",
      "Strategy": "Plain",
      "Partial Mode": "Finalize",
      "Parallel Aware": false,
      "Startup Cost": 45406.5,
      "Total Cost": 45406.51,
      "Plan Rows": 1,
      "Plan Width": 8,
      "Actual Startup Time": 143.396,
      "Actual Total Time": 150.88,
      "Actual Rows": 1,
      "Actual Loops": 1,
      "Plans": [
        {
          "Node Type": "Gather",
          "Parent Relationship": "Outer",
          "Parallel Aware": false,
          "Startup Cost": 45406.19,
          "Total Cost": 45406.5,
          "Plan Rows": 3,
          "Plan Width": 8,
          "Actual Startup Time": 143.249,
          "Actual Total Time": 150.87,
          "Actual Rows": 4,
          "Actual Loops": 1,
          "Workers Planned": 3,
          "Workers Launched": 3,
          "Single Copy": false,
          "Plans": [
            {
              "Node Type": "Aggregate",
              "Strategy": "Plain",
              "Partial Mode": "Partial",
              "Parent Relationship": "Outer",
              "Parallel Aware": false,
              "Startup Cost": 44406.19,
              "Total Cost": 44406.2,
              "Plan Rows": 1,
              "Plan Width": 8,
              "Actual Startup Time": 137.889,
              "Actual Total Time": 137.89,
              "Actual Rows": 1,
              "Actual Loops": 4,
              "Plans": [
                {
                  "Node Type": "Seq Scan",
                  "Parent Relationship": "Outer",
                  "Parallel Aware": true,
                  "Relation Name": "movie_keyword",
                  "Alias": "mk",
                  "Startup Cost": 0.0,
                  "Total Cost": 42695.65,
                  "Plan Rows": 684213,
                  "Plan Width": 0,
                  "Actual Startup Time": 0.038,
                  "Actual Total Time": 112.363,
                  "Actual Rows": 533212,
                  "Actual Loops": 4,
                  "Filter": "(keyword_id < 3945)",
                  "Rows Removed by Filter": 597770
                }
              ]
            }
          ]
        }
      ]
    },
    "Planning Time": 0.122,
    "Triggers": [],
    "Execution Time": 150.918
  }
]