[
  {
    "Plan": {
      "Node Type": "Aggregate",
      "Strategy": "Plain",
      "Partial Mode": "Finalize",
      "Parallel Aware": false,
      "Startup Cost": 46489.19,
      "Total Cost": 46489.2,
      "Plan Rows": 1,
      "Plan Width": 8,
      "Actual Startup Time": 82.262,
      "Actual Total Time": 93.864,
      "Actual Rows": 1,
      "Actual Loops": 1,
      "Plans": [
        {
          "Node Type": "Gather",
          "Parent Relationship": "Outer",
          "Parallel Aware": false,
          "Startup Cost": 46488.77,
          "Total Cost": 46489.18,
          "Plan Rows": 4,
          "Plan Width": 8,
          "Actual Startup Time": 81.885,
          "Actual Total Time": 93.851,
          "Actual Rows": 5,
          "Actual Loops": 1,
          "Workers Planned": 4,
          "Workers Launched": 4,
          "Single Copy": false,
          "Plans": [
            {
              "Node Type": "Aggregate",
              "Strategy": "Plain",
              "Partial Mode": "Partial",
              "Parent Relationship": "Outer",
              "Parallel Aware": false,
              "Startup Cost": 45488.77,
              "Total Cost": 45488.78,
              "Plan Rows": 1,
              "Plan Width": 8,
              "Actual Startup Time": 76.848,
              "Actual Total Time": 76.85,
              "Actual Rows": 1,
              "Actual Loops": 5,
              "Plans": [
                {
                  "Node Type": "Seq Scan",
                  "Parent Relationship": "Outer",
                  "Parallel Aware": true,
                  "Relation Name": "title",
                  "Alias": "t",
                  "Startup Cost": 0.0,
                  "Total Cost": 45479.59,
                  "Plan Rows": 3674,
                  "Plan Width": 0,
                  "Actual Startup Time": 0.089,
                  "Actual Total Time": 76.547,
                  "Actual Rows": 2959,
                  "Actual Loops": 5,
                  "Filter": "((kind_id > 1) AND (production_year = 1986))",
                  "Rows Removed by Filter": 502703
                }
              ]
            }
          ]
        }
      ]
    },
    "Planning Time": 0.076,
    "Triggers": [],
    "Execution Time": 93.889
  }
]