[
  {
    "Plan": {
      "Node Type": "Aggregate",
      "Strategy": "Plain",
      "Partial Mode": "Finalize",
      "Parallel Aware": false,
      "Startup Cost": 160306.31,
      "Total Cost": 160306.32,
      "Plan Rows": 1,
      "Plan Width": 8,
      "Actual Startup Time": 222.77,
      "Actual Total Time": 236.411,
      "Actual Rows": 1,
      "Actual Loops": 1,
      "Plans": [
        {
          "Node Type": "Gather",
          "Parent Relationship": "Outer",
          "Parallel Aware": false,
          "Startup Cost": 160305.79,
          "Total Cost": 160306.3,
          "Plan Rows": 5,
          "Plan Width": 8,
          "Actual Startup Time": 222.701,
          "Actual Total Time": 236.404,
          "Actual Rows": 6,
          "Actual Loops": 1,
          "Workers Planned": 5,
          "Workers Launched": 5,
          "Single Copy": false,
          "Plans": [
            {
              "Node Type": "Aggregate",
              "Strategy": "Plain",
              "Partial Mode": "Partial",
              "Parent Relationship": "Outer",
              "Parallel Aware": false,
              "Startup Cost": 159305.79,
              "Total Cost": 159305.8,
              "Plan Rows": 1,
              "Plan Width": 8,
              "Actual Startup Time": 212.387,
              "Actual Total Time": 212.388,
              "Actual Rows": 1,
              "Actual Loops": 6,
              "Plans": [
                {
                  "Node Type": "Index Scan",
                  "Parent Relationship": "Outer",
                  "Parallel Aware": true,
                  "Scan Direction": "Forward",
                  "Index Name": "role_id_cast_info",
                  "Relation Name": "cast_info",
                  "Alias": "ci",
                  "Startup Cost": 0.56,
                  "Total Cost": 156659.89,
                  "Plan Rows": 1058362,
                  "Plan Width": 0,
                  "Actual Startup Time": 0.201,
                  "Actual Total Time": 188.61,
                  "Actual Rows": 502645,
                  "Actual Loops": 6,
                  "Index Cond": "(role_id > 8)",
                  "Rows Removed by Index Recheck": 0,
                  "Filter": "(person_id < 3541714)",
                  "Rows Removed by Filter": 452804
                }
              ]
            }
          ]
        }
      ]
    },
    "Planning Time": 0.214,
    "Triggers": [],
    "Execution Time": 236.472
  }
]