[
  {
    "Plan": {
      "Node Type": "Aggregate",
      "Strategy": "Plain",
      "Partial Mode": "Finalize",
      "Parallel Aware": false,
      "Startup Cost": 135127.3,
      "Total Cost": 135127.31,
      "Plan Rows": 1,
      "Plan Width": 8,
      "Actual Startup Time": 701.99,
      "Actual Total Time": 723.098,
      "Actual Rows": 1,
      "Actual Loops": 1,
      "Plans": [
        {
          "Node Type": "Gather",
          "Parent Relationship": "Outer",
          "Parallel Aware": false,
          "Startup Cost": 135126.98,
          "Total Cost": 135127.29,
          "Plan Rows": 3,
          "Plan Width": 8,
          "Actual Startup Time": 689.387,
          "Actual Total Time": 723.089,
          "Actual Rows": 4,
          "Actual Loops": 1,
          "Workers Planned": 3,
          "Workers Launched": 3,
          "Single Copy": false,
          "Plans": [
            {
              "Node Type": "Aggregate",
              "Strategy": "Plain",
              "Partial Mode": "Partial",
              "Parent Relationship": "Outer",
              "Parallel Aware": false,
              "Startup Cost": 134126.98,
              "Total Cost": 134126.99,
              "Plan Rows": 1,
              "Plan Width": 8,
              "Actual Startup Time": 682.696,
              "Actual Total Time": 682.977,
              "Actual Rows": 1,
              "Actual Loops": 4,
              "Plans": [
                {
                  "Node Type": "Hash Join",
                  "Parent Relationship": "Outer",
                  "Parallel Aware": true,
                  "Join Type": "Inner",
                  "Startup Cost": 100709.0,
                  "Total Cost": 132793.01,
                  "Plan Rows": 533590,
                  "Plan Width": 0,
                  "Actual Startup Time": 473.988,
                  "Actual Total Time": 659.735,
                  "Actual Rows": 586348,
                  "Actual Loops": 4,
                  "Inner Unique": false,
                  "Hash Cond": "(mc.movie_id = t.id)",
                  "Plans": [
                    {
                      "Node Type": "Seq Scan",
                      "Parent Relationship": "Outer",
                      "Parallel Aware": true,
                      "Relation Name": "movie_companies",
                      "Alias": "mc",
                      "Startup Cost": 0.0,
                      "Total Cost": 27206.55,
                      "Plan Rows": 841655,
                      "Plan Width": 4,
                      "Actual Startup Time": 0.02,
                      "Actual Total Time": 52.512,
                      "Actual Rows": 652282,
                      "Actual Loops": 4
                    },
                    {
                      "Node Type": "Hash",
                      "Parent Relationship": "Inner",
                      "Parallel Aware": true,
                      "Startup Cost": 94245.68,
                      "Total Cost": 94245.68,
                      "Plan Rows": 517065,
                      "Plan Width": 8,
                      "Actual Startup Time": 467.856,
                      "Actual Total Time": 468.135,
                      "Actual Rows": 197112,
                      "Actual Loops": 4,
                      "Hash Buckets": 2097152,
                      "Original Hash Buckets": 2097152,
                      "Hash Batches": 1,
                      "Original Hash Batches": 1,
                      "Peak Memory Usage": 47264,
                      "Plans": [
                        {
                          "Node Type": "Hash Join",
                          "Parent Relationship": "Outer",
                          "Parallel Aware": true,
                          "Join Type": "Inner",
                          "Startup Cost": 49702.03,
                          "Total Cost": 94245.68,
                          "Plan Rows": 517065,
                          "Plan Width": 8,
                          "Actual Startup Time": 244.936,
                          "Actual Total Time": 417.019,
                          "Actual Rows": 197112,
                          "Actual Loops": 4,
                          "Inner Unique": true,
                          "Hash Cond": "(mk.movie_id = t.id)",
                          "Plans": [
                            {
                              "Node Type": "Seq Scan",
                              "Parent Relationship": "Outer",
                              "Parallel Aware": true,
                              "Relation Name": "movie_keyword",
                              "Alias": "mk",
                              "Startup Cost": 0.0,
                              "Total Cost": 42695.65,
                              "Plan Rows": 704000,
                              "Plan Width": 4,
                              "Actual Startup Time": 0.249,
                              "Actual Total Time": 96.908,
                              "Actual Rows": 544003,
                              "Actual Loops": 4,
                              "Filter": "(keyword_id > 5248)",
                              "Rows Removed by Filter": 586980
                            },
                            {
                              "Node Type": "Hash",
                              "Parent Relationship": "Inner",
                              "Parallel Aware": true,
                              "Startup Cost": 43899.01,
                              "Total Cost": 43899.01,
                              "Plan Rows": 464242,
                              "Plan Width": 4,
                              "Actual Startup Time": 241.399,
                              "Actual Total Time": 241.4,
                              "Actual Rows": 466372,
                              "Actual Loops": 4,
                              "Hash Buckets": 2097152,
                              "Original Hash Buckets": 2097152,
                              "Hash Batches": 1,
                              "Original Hash Batches": 1,
                              "Peak Memory Usage": 89408,
                              "Plans": [
                                {
                                  "Node Type": "Seq Scan",
                                  "Parent Relationship": "Outer",
                                  "Parallel Aware": true,
                                  "Relation Name": "title",
                                  "Alias": "t",
                                  "Startup Cost": 0.0,
                                  "Total Cost": 43899.01,
                                  "Plan Rows": 464242,
                                  "Plan Width": 4,
                                  "Actual Startup Time": 0.029,
                                  "Actual Total Time": 93.684,
                                  "Actual Rows": 466372,
                                  "Actual Loops": 4,
                                  "Filter": "(kind_id > 1)",
                                  "Rows Removed by Filter": 165706
                                }
                              ]
                            }
                          ]
                        }
                      ]
                    }
                  ]
                }
              ]
            }
          ]
        }
      ]
    },
    "Planning Time": 0.789,
    "Triggers": [],
    "Execution Time": 723.148
  }
]