[
  {
    "Plan": {
      "Node Type": "Aggregate",
      "Strategy": "Plain",
      "Partial Mode": "Finalize",
      "Parallel Aware": false,
      "Startup Cost": 392108.13,
      "Total Cost": 392108.14,
      "Plan Rows": 1,
      "Plan Width": 8,
      "Actual Startup Time": 1550.239,
      "Actual Total Time": 1616.726,
      "Actual Rows": 1,
      "Actual Loops": 1,
      "Plans": [
        {
          "Node Type": "Gather",
          "Parent Relationship": "Outer",
          "Parallel Aware": false,
          "Startup Cost": 392107.51,
          "Total Cost": 392108.12,
          "Plan Rows": 6,
          "Plan Width": 8,
          "Actual Startup Time": 1542.524,
          "Actual Total Time": 1616.716,
          "Actual Rows": 7,
          "Actual Loops": 1,
          "Workers Planned": 6,
          "Workers Launched": 6,
          "Single Copy": false,
          "Plans": [
            {
              "Node Type": "Aggregate",
              "Strategy": "Plain",
              "Partial Mode": "Partial",
              "Parent Relationship": "Outer",
              "Parallel Aware": false,
              "Startup Cost": 391107.51,
              "Total Cost": 391107.52,
              "Plan Rows": 1,
              "Plan Width": 8,
              "Actual Startup Time": 1531.989,
              "Actual Total Time": 1531.993,
              "Actual Rows": 1,
              "Actual Loops": 7,
              "Plans": [
                {
                  "Node Type": "Hash Join",
                  "Parent Relationship": "Outer",
                  "Parallel Aware": true,
                  "Join Type": "Inner",
                  "Startup Cost": 48650.85,
                  "Total Cost": 387153.89,
                  "Plan Rows": 1581446,
                  "Plan Width": 0,
                  "Actual Startup Time": 257.51,
                  "Actual Total Time": 1484.982,
                  "Actual Rows": 1165637,
                  "Actual Loops": 7,
                  "Inner Unique": true,
                  "Hash Cond": "(ci.movie_id = t.id)",
                  "Plans": [
                    {
                      "Node Type": "Seq Scan",
                      "Parent Relationship": "Outer",
                      "Parallel Aware": true,
                      "Relation Name": "cast_info",
                      "Alias": "ci",
                      "Startup Cost": 0.0,
                      "Total Cost": 328162.03,
                      "Plan Rows": 3939428,
                      "Plan Width": 4,
                      "Actual Startup Time": 118.137,
                      "Actual Total Time": 564.171,
                      "Actual Rows": 3380385,
                      "Actual Loops": 7,
                      "Filter": "(person_id > 1240822)",
                      "Rows Removed by Filter": 1797378
                    },
                    {
                      "Node Type": "Hash",
                      "Parent Relationship": "Inner",
                      "Parallel Aware": true,
                      "Startup Cost": 45479.1,
                      "Total Cost": 45479.1,
                      "Plan Rows": 253740,
                      "Plan Width": 4,
                      "Actual Startup Time": 135.865,
                      "Actual Total Time": 135.866,
                      "Actual Rows": 137159,
                      "Actual Loops": 7,
                      "Hash Buckets": 1048576,
                      "Original Hash Buckets": 1048576,
                      "Hash Batches": 1,
                      "Original Hash Batches": 1,
                      "Peak Memory Usage": 45856,
                      "Plans": [
                        {
                          "Node Type": "Seq Scan",
                          "Parent Relationship": "Outer",
                          "Parallel Aware": true,
                          "Relation Name": "title",
                          "Alias": "t",
                          "Startup Cost": 0.0,
                          "Total Cost": 45479.1,
                          "Plan Rows": 253740,
                          "Plan Width": 4,
                          "Actual Startup Time": 0.041,
                          "Actual Total Time": 76.7,
                          "Actual Rows": 137159,
                          "Actual Loops": 7,
                          "Filter": "((production_year < 2008) AND (kind_id = 7))",
                          "Rows Removed by Filter": 224028
                        }
                      ]
                    }
                  ]
                }
              ]
            }
          ]
        }
      ]
    },
    "Planning Time": 0.499,
    "Triggers": [],
    "Execution Time": 1616.804
  }
]