[
    {
        "Bao": {
            "Bao prediction": "NaN",
            "Bao recommended hint": "(no hint)"
        }
    },
    {
        "Plan": {
            "Node Type": "Aggregate",
            "Strategy": "Plain",
            "Partial Mode": "Finalize",
            "Parallel Aware": false,
            "Startup Cost": 382459.54,
            "Total Cost": 382459.55,
            "Plan Rows": 1,
            "Plan Width": 8,
            "Actual Startup Time": 1342.838,
            "Actual Total Time": 1380.972,
            "Actual Rows": 1,
            "Actual Loops": 1,
            "Output": [
                "count(*)"
            ],
            "Plans": [
                {
                    "Node Type": "Gather",
                    "Parent Relationship": "Outer",
                    "Parallel Aware": false,
                    "Startup Cost": 382458.91,
                    "Total Cost": 382459.52,
                    "Plan Rows": 6,
                    "Plan Width": 8,
                    "Actual Startup Time": 1341.449,
                    "Actual Total Time": 1380.959,
                    "Actual Rows": 7,
                    "Actual Loops": 1,
                    "Output": [
                        "(PARTIAL count(*))"
                    ],
                    "Workers Planned": 6,
                    "Workers Launched": 6,
                    "Single Copy": false,
                    "Plans": [
                        {
                            "Node Type": "Aggregate",
                            "Strategy": "Plain",
                            "Partial Mode": "Partial",
                            "Parent Relationship": "Outer",
                            "Parallel Aware": false,
                            "Startup Cost": 381458.91,
                            "Total Cost": 381458.92,
                            "Plan Rows": 1,
                            "Plan Width": 8,
                            "Actual Startup Time": 1329.812,
                            "Actual Total Time": 1329.815,
                            "Actual Rows": 1,
                            "Actual Loops": 7,
                            "Output": [
                                "PARTIAL count(*)"
                            ],
                            "Workers": [
                                {
                                    "Worker Number": 0,
                                    "Actual Startup Time": 1327.685,
                                    "Actual Total Time": 1327.688,
                                    "Actual Rows": 1,
                                    "Actual Loops": 1
                                },
                                {
                                    "Worker Number": 1,
                                    "Actual Startup Time": 1327.885,
                                    "Actual Total Time": 1327.888,
                                    "Actual Rows": 1,
                                    "Actual Loops": 1
                                },
                                {
                                    "Worker Number": 2,
                                    "Actual Startup Time": 1327.632,
                                    "Actual Total Time": 1327.636,
                                    "Actual Rows": 1,
                                    "Actual Loops": 1
                                },
                                {
                                    "Worker Number": 3,
                                    "Actual Startup Time": 1327.89,
                                    "Actual Total Time": 1327.893,
                                    "Actual Rows": 1,
                                    "Actual Loops": 1
                                },
                                {
                                    "Worker Number": 4,
                                    "Actual Startup Time": 1328.027,
                                    "Actual Total Time": 1328.03,
                                    "Actual Rows": 1,
                                    "Actual Loops": 1
                                },
                                {
                                    "Worker Number": 5,
                                    "Actual Startup Time": 1329.211,
                                    "Actual Total Time": 1329.213,
                                    "Actual Rows": 1,
                                    "Actual Loops": 1
                                }
                            ],
                            "Plans": [
                                {
                                    "Node Type": "Hash Join",
                                    "Parent Relationship": "Outer",
                                    "Parallel Aware": true,
                                    "Join Type": "Inner",
                                    "Startup Cost": 44264.29,
                                    "Total Cost": 381080.14,
                                    "Plan Rows": 151509,
                                    "Plan Width": 0,
                                    "Actual Startup Time": 303.527,
                                    "Actual Total Time": 1317.855,
                                    "Actual Rows": 154381,
                                    "Actual Loops": 7,
                                    "Inner Unique": true,
                                    "Hash Cond": "(ci.movie_id = t.id)",
                                    "Workers": [
                                        {
                                            "Worker Number": 0,
                                            "Actual Startup Time": 301.318,
                                            "Actual Total Time": 1315.605,
                                            "Actual Rows": 136335,
                                            "Actual Loops": 1
                                        },
                                        {
                                            "Worker Number": 1,
                                            "Actual Startup Time": 301.884,
                                            "Actual Total Time": 1315.826,
                                            "Actual Rows": 136706,
                                            "Actual Loops": 1
                                        },
                                        {
                                            "Worker Number": 2,
                                            "Actual Startup Time": 301.189,
                                            "Actual Total Time": 1315.373,
                                            "Actual Rows": 139610,
                                            "Actual Loops": 1
                                        },
                                        {
                                            "Worker Number": 3,
                                            "Actual Startup Time": 301.647,
                                            "Actual Total Time": 1315.769,
                                            "Actual Rows": 135716,
                                            "Actual Loops": 1
                                        },
                                        {
                                            "Worker Number": 4,
                                            "Actual Startup Time": 301.516,
                                            "Actual Total Time": 1316.5,
                                            "Actual Rows": 220832,
                                            "Actual Loops": 1
                                        },
                                        {
                                            "Worker Number": 5,
                                            "Actual Startup Time": 302.918,
                                            "Actual Total Time": 1317.111,
                                            "Actual Rows": 137603,
                                            "Actual Loops": 1
                                        }
                                    ],
                                    "Plans": [
                                        {
                                            "Node Type": "Seq Scan",
                                            "Parent Relationship": "Outer",
                                            "Parallel Aware": true,
                                            "Relation Name": "cast_info",
                                            "Schema": "public",
                                            "Alias": "ci",
                                            "Startup Cost": 0.0,
                                            "Total Cost": 328213.62,
                                            "Plan Rows": 3277036,
                                            "Plan Width": 4,
                                            "Actual Startup Time": 196.437,
                                            "Actual Total Time": 702.813,
                                            "Actual Rows": 2817175,
                                            "Actual Loops": 7,
                                            "Output": [
                                                "ci.id",
                                                "ci.person_id",
                                                "ci.movie_id",
                                                "ci.person_role_id",
                                                "ci.note",
                                                "ci.nr_order",
                                                "ci.role_id"
                                            ],
                                            "Filter": "(ci.person_id > 1636281)",
                                            "Rows Removed by Filter": 2360589,
                                            "Workers": [
                                                {
                                                    "Worker Number": 0,
                                                    "Actual Startup Time": 196.373,
                                                    "Actual Total Time": 708.734,
                                                    "Actual Rows": 2518495,
                                                    "Actual Loops": 1
                                                },
                                                {
                                                    "Worker Number": 1,
                                                    "Actual Startup Time": 196.371,
                                                    "Actual Total Time": 706.737,
                                                    "Actual Rows": 2522913,
                                                    "Actual Loops": 1
                                                },
                                                {
                                                    "Worker Number": 2,
                                                    "Actual Startup Time": 196.394,
                                                    "Actual Total Time": 706.099,
                                                    "Actual Rows": 2563722,
                                                    "Actual Loops": 1
                                                },
                                                {
                                                    "Worker Number": 3,
                                                    "Actual Startup Time": 196.454,
                                                    "Actual Total Time": 706.86,
                                                    "Actual Rows": 2473710,
                                                    "Actual Loops": 1
                                                },
                                                {
                                                    "Worker Number": 4,
                                                    "Actual Startup Time": 196.488,
                                                    "Actual Total Time": 694.234,
                                                    "Actual Rows": 3992436,
                                                    "Actual Loops": 1
                                                },
                                                {
                                                    "Worker Number": 5,
                                                    "Actual Startup Time": 196.472,
                                                    "Actual Total Time": 707.366,
                                                    "Actual Rows": 2519767,
                                                    "Actual Loops": 1
                                                }
                                            ]
                                        },
                                        {
                                            "Node Type": "Hash",
                                            "Parent Relationship": "Inner",
                                            "Parallel Aware": true,
                                            "Startup Cost": 43899.01,
                                            "Total Cost": 43899.01,
                                            "Plan Rows": 29223,
                                            "Plan Width": 4,
                                            "Actual Startup Time": 104.94,
                                            "Actual Total Time": 104.941,
                                            "Actual Rows": 17081,
                                            "Actual Loops": 7,
                                            "Output": [
                                                "t.id"
                                            ],
                                            "Hash Buckets": 131072,
                                            "Original Hash Buckets": 131072,
                                            "Hash Batches": 1,
                                            "Original Hash Batches": 1,
                                            "Peak Memory Usage": 5792,
                                            "Workers": [
                                                {
                                                    "Worker Number": 0,
                                                    "Actual Startup Time": 103.811,
                                                    "Actual Total Time": 103.812,
                                                    "Actual Rows": 14554,
                                                    "Actual Loops": 1
                                                },
                                                {
                                                    "Worker Number": 1,
                                                    "Actual Startup Time": 103.967,
                                                    "Actual Total Time": 103.968,
                                                    "Actual Rows": 14484,
                                                    "Actual Loops": 1
                                                },
                                                {
                                                    "Worker Number": 2,
                                                    "Actual Startup Time": 103.711,
                                                    "Actual Total Time": 103.712,
                                                    "Actual Rows": 13941,
                                                    "Actual Loops": 1
                                                },
                                                {
                                                    "Worker Number": 3,
                                                    "Actual Startup Time": 103.959,
                                                    "Actual Total Time": 103.96,
                                                    "Actual Rows": 14357,
                                                    "Actual Loops": 1
                                                },
                                                {
                                                    "Worker Number": 4,
                                                    "Actual Startup Time": 104.079,
                                                    "Actual Total Time": 104.08,
                                                    "Actual Rows": 18410,
                                                    "Actual Loops": 1
                                                },
                                                {
                                                    "Worker Number": 5,
                                                    "Actual Startup Time": 105.16,
                                                    "Actual Total Time": 105.161,
                                                    "Actual Rows": 14648,
                                                    "Actual Loops": 1
                                                }
                                            ],
                                            "Plans": [
                                                {
                                                    "Node Type": "Seq Scan",
                                                    "Parent Relationship": "Outer",
                                                    "Parallel Aware": true,
                                                    "Relation Name": "title",
                                                    "Schema": "public",
                                                    "Alias": "t",
                                                    "Startup Cost": 0.0,
                                                    "Total Cost": 43899.01,
                                                    "Plan Rows": 29223,
                                                    "Plan Width": 4,
                                                    "Actual Startup Time": 0.065,
                                                    "Actual Total Time": 94.019,
                                                    "Actual Rows": 17081,
                                                    "Actual Loops": 7,
                                                    "Output": [
                                                        "t.id"
                                                    ],
                                                    "Filter": "(t.production_year = 2007)",
                                                    "Rows Removed by Filter": 344107,
                                                    "Workers": [
                                                        {
                                                            "Worker Number": 0,
                                                            "Actual Startup Time": 0.06,
                                                            "Actual Total Time": 94.236,
                                                            "Actual Rows": 14554,
                                                            "Actual Loops": 1
                                                        },
                                                        {
                                                            "Worker Number": 1,
                                                            "Actual Startup Time": 0.081,
                                                            "Actual Total Time": 93.875,
                                                            "Actual Rows": 14484,
                                                            "Actual Loops": 1
                                                        },
                                                        {
                                                            "Worker Number": 2,
                                                            "Actual Startup Time": 0.06,
                                                            "Actual Total Time": 92.981,
                                                            "Actual Rows": 13941,
                                                            "Actual Loops": 1
                                                        },
                                                        {
                                                            "Worker Number": 3,
                                                            "Actual Startup Time": 0.069,
                                                            "Actual Total Time": 93.806,
                                                            "Actual Rows": 14357,
                                                            "Actual Loops": 1
                                                        },
                                                        {
                                                            "Worker Number": 4,
                                                            "Actual Startup Time": 0.063,
                                                            "Actual Total Time": 93.022,
                                                            "Actual Rows": 18410,
                                                            "Actual Loops": 1
                                                        },
                                                        {
                                                            "Worker Number": 5,
                                                            "Actual Startup Time": 0.064,
                                                            "Actual Total Time": 94.957,
                                                            "Actual Rows": 14648,
                                                            "Actual Loops": 1
                                                        }
                                                    ]
                                                }
                                            ]
                                        }
                                    ]
                                }
                            ]
                        }
                    ]
                }
            ]
        },
        "Planning Time": 314.116,
        "Triggers": [],
        "Execution Time": 1381.093
    }
]