{
  "Plan": {
    "Node Type": "Aggregate",
    "Strategy": "Plain",
    "Partial Mode": "Finalize",
    "Parallel Aware": false,
    "Startup Cost": 136163.37,
    "Total Cost": 136163.38,
    "Plan Rows": 1,
    "Plan Width": 8,
    "Actual Startup Time": 446.337,
    "Actual Total Time": 481.367,
    "Actual Rows": 1,
    "Actual Loops": 1,
    "Plans": [
      {
        "Node Type": "Gather",
        "Parent Relationship": "Outer",
        "Parallel Aware": false,
        "Startup Cost": 136163.25,
        "Total Cost": 136163.36,
        "Plan Rows": 1,
        "Plan Width": 8,
        "Actual Startup Time": 446.091,
        "Actual Total Time": 481.36,
        "Actual Rows": 2,
        "Actual Loops": 1,
        "Workers Planned": 1,
        "Workers Launched": 1,
        "Single Copy": false,
        "Plans": [
          {
            "Node Type": "Aggregate",
            "Strategy": "Plain",
            "Partial Mode": "Partial",
            "Parent Relationship": "Outer",
            "Parallel Aware": false,
            "Startup Cost": 135163.25,
            "Total Cost": 135163.26,
            "Plan Rows": 1,
            "Plan Width": 8,
            "Actual Startup Time": 440.04,
            "Actual Total Time": 440.044,
            "Actual Rows": 1,
            "Actual Loops": 2,
            "Plans": [
              {
                "Node Type": "Nested Loop",
                "Parent Relationship": "Outer",
                "Parallel Aware": false,
                "Join Type": "Inner",
                "Startup Cost": 58969.63,
                "Total Cost": 135077.91,
                "Plan Rows": 34136,
                "Plan Width": 0,
                "Actual Startup Time": 149.215,
                "Actual Total Time": 436.951,
                "Actual Rows": 56530,
                "Actual Loops": 2,
                "Inner Unique": false,
                "Join Filter": "(t.id = mi.movie_id)",
                "Rows Removed by Join Filter": 0,
                "Plans": [
                  {
                    "Node Type": "Hash Join",
                    "Parent Relationship": "Outer",
                    "Parallel Aware": true,
                    "Join Type": "Inner",
                    "Startup Cost": 58969.19,
                    "Total Cost": 77152.98,
                    "Plan Rows": 28939,
                    "Plan Width": 8,
                    "Actual Startup Time": 149.096,
                    "Actual Total Time": 260.313,
                    "Actual Rows": 19305,
                    "Actual Loops": 2,
                    "Inner Unique": true,
                    "Hash Cond": "(mi_idx.movie_id = t.id)",
                    "Plans": [
                      {
                        "Node Type": "Seq Scan",
                        "Parent Relationship": "Outer",
                        "Parallel Aware": true,
                        "Relation Name": "movie_info_idx",
                        "Alias": "mi_idx",
                        "Startup Cost": 0.0,
                        "Total Cost": 16052.85,
                        "Plan Rows": 811785,
                        "Plan Width": 4,
                        "Actual Startup Time": 0.016,
                        "Actual Total Time": 44.967,
                        "Actual Rows": 690018,
                        "Actual Loops": 2
                      },
                      {
                        "Node Type": "Hash",
                        "Parent Relationship": "Inner",
                        "Parallel Aware": true,
                        "Startup Cost": 58306.47,
                        "Total Cost": 58306.47,
                        "Plan Rows": 53018,
                        "Plan Width": 4,
                        "Actual Startup Time": 146.695,
                        "Actual Total Time": 146.696,
                        "Actual Rows": 40495,
                        "Actual Loops": 2,
                        "Hash Buckets": 131072,
                        "Original Hash Buckets": 131072,
                        "Hash Batches": 1,
                        "Original Hash Batches": 1,
                        "Peak Memory Usage": 4224,
                        "Plans": [
                          {
                            "Node Type": "Seq Scan",
                            "Parent Relationship": "Outer",
                            "Parallel Aware": true,
                            "Relation Name": "title",
                            "Alias": "t",
                            "Startup Cost": 0.0,
                            "Total Cost": 58306.47,
                            "Plan Rows": 53018,
                            "Plan Width": 4,
                            "Actual Startup Time": 0.103,
                            "Actual Total Time": 136.196,
                            "Actual Rows": 40495,
                            "Actual Loops": 2,
                            "Filter": "((kind_id < 7) AND (production_year > 2011))",
                            "Rows Removed by Filter": 1223661
                          }
                        ]
                      }
                    ]
                  },
                  {
                    "Node Type": "Index Scan",
                    "Parent Relationship": "Inner",
                    "Parallel Aware": false,
                    "Scan Direction": "Forward",
                    "Index Name": "movie_id_movie_info",
                    "Relation Name": "movie_info",
                    "Alias": "mi",
                    "Startup Cost": 0.43,
                    "Total Cost": 1.9,
                    "Plan Rows": 8,
                    "Plan Width": 4,
                    "Actual Startup Time": 0.005,
                    "Actual Total Time": 0.009,
                    "Actual Rows": 3,
                    "Actual Loops": 38610,
                    "Index Cond": "(movie_id = mi_idx.movie_id)",
                    "Rows Removed by Index Recheck": 0,
                    "Filter": "(info_type_id = 16)",
                    "Rows Removed by Filter": 12
                  }
                ]
              }
            ]
          }
        ]
      }
    ]
  },
  "Planning Time": 0.997,
  "Triggers": [],
  "Execution Time": 481.458
}