[
  {
    "Plan": {
      "Node Type": "Aggregate",
      "Strategy": "Plain",
      "Partial Mode": "Finalize",
      "Parallel Aware": false,
      "Startup Cost": 82589.33,
      "Total Cost": 82589.34,
      "Plan Rows": 1,
      "Plan Width": 8,
      "Actual Startup Time": 374.994,
      "Actual Total Time": 396.997,
      "Actual Rows": 1,
      "Actual Loops": 1,
      "Plans": [
        {
          "Node Type": "Gather",
          "Parent Relationship": "Outer",
          "Parallel Aware": false,
          "Startup Cost": 82588.91,
          "Total Cost": 82589.32,
          "Plan Rows": 4,
          "Plan Width": 8,
          "Actual Startup Time": 367.946,
          "Actual Total Time": 396.978,
          "Actual Rows": 5,
          "Actual Loops": 1,
          "Workers Planned": 4,
          "Workers Launched": 4,
          "Single Copy": false,
          "Plans": [
            {
              "Node Type": "Aggregate",
              "Strategy": "Plain",
              "Partial Mode": "Partial",
              "Parent Relationship": "Outer",
              "Parallel Aware": false,
              "Startup Cost": 81588.91,
              "Total Cost": 81588.92,
              "Plan Rows": 1,
              "Plan Width": 8,
              "Actual Startup Time": 358.405,
              "Actual Total Time": 358.409,
              "Actual Rows": 1,
              "Actual Loops": 5,
              "Plans": [
                {
                  "Node Type": "Hash Join",
                  "Parent Relationship": "Outer",
                  "Parallel Aware": true,
                  "Join Type": "Inner",
                  "Startup Cost": 34879.76,
                  "Total Cost": 81051.84,
                  "Plan Rows": 214826,
                  "Plan Width": 0,
                  "Actual Startup Time": 137.271,
                  "Actual Total Time": 350.977,
                  "Actual Rows": 133281,
                  "Actual Loops": 5,
                  "Inner Unique": false,
                  "Hash Cond": "(t.id = mc.movie_id)",
                  "Plans": [
                    {
                      "Node Type": "Seq Scan",
                      "Parent Relationship": "Outer",
                      "Parallel Aware": true,
                      "Relation Name": "title",
                      "Alias": "t",
                      "Startup Cost": 0.0,
                      "Total Cost": 42318.73,
                      "Plan Rows": 632073,
                      "Plan Width": 4,
                      "Actual Startup Time": 0.015,
                      "Actual Total Time": 76.607,
                      "Actual Rows": 505662,
                      "Actual Loops": 5
                    },
                    {
                      "Node Type": "Hash",
                      "Parent Relationship": "Inner",
                      "Parallel Aware": true,
                      "Startup Cost": 31414.82,
                      "Total Cost": 31414.82,
                      "Plan Rows": 277195,
                      "Plan Width": 4,
                      "Actual Startup Time": 132.556,
                      "Actual Total Time": 132.557,
                      "Actual Rows": 133281,
                      "Actual Loops": 5,
                      "Hash Buckets": 1048576,
                      "Original Hash Buckets": 1048576,
                      "Hash Batches": 1,
                      "Original Hash Batches": 1,
                      "Peak Memory Usage": 34336,
                      "Plans": [
                        {
                          "Node Type": "Seq Scan",
                          "Parent Relationship": "Outer",
                          "Parallel Aware": true,
                          "Relation Name": "movie_companies",
                          "Alias": "mc",
                          "Startup Cost": 0.0,
                          "Total Cost": 31414.82,
                          "Plan Rows": 277195,
                          "Plan Width": 4,
                          "Actual Startup Time": 2.007,
                          "Actual Total Time": 81.233,
                          "Actual Rows": 133281,
                          "Actual Loops": 5,
                          "Filter": "((company_id > 2472) AND (company_type_id < 2))",
                          "Rows Removed by Filter": 388545
                        }
                      ]
                    }
                  ]
                }
              ]
            }
          ]
        }
      ]
    },
    "Planning Time": 0.639,
    "Triggers": [],
    "Execution Time": 397.071
  }
]