[
  {
    "Plan": {
      "Node Type": "Aggregate",
      "Strategy": "Plain",
      "Partial Mode": "Finalize",
      "Parallel Aware": false,
      "Startup Cost": 248326.91,
      "Total Cost": 248326.92,
      "Plan Rows": 1,
      "Plan Width": 8,
      "Actual Startup Time": 1189.025,
      "Actual Total Time": 1292.791,
      "Actual Rows": 1,
      "Actual Loops": 1,
      "Plans": [
        {
          "Node Type": "Gather",
          "Parent Relationship": "Outer",
          "Parallel Aware": false,
          "Startup Cost": 248326.59,
          "Total Cost": 248326.9,
          "Plan Rows": 3,
          "Plan Width": 8,
          "Actual Startup Time": 1182.929,
          "Actual Total Time": 1292.78,
          "Actual Rows": 4,
          "Actual Loops": 1,
          "Workers Planned": 3,
          "Workers Launched": 3,
          "Single Copy": false,
          "Plans": [
            {
              "Node Type": "Aggregate",
              "Strategy": "Plain",
              "Partial Mode": "Partial",
              "Parent Relationship": "Outer",
              "Parallel Aware": false,
              "Startup Cost": 247326.59,
              "Total Cost": 247326.6,
              "Plan Rows": 1,
              "Plan Width": 8,
              "Actual Startup Time": 1176.097,
              "Actual Total Time": 1176.102,
              "Actual Rows": 1,
              "Actual Loops": 4,
              "Plans": [
                {
                  "Node Type": "Nested Loop",
                  "Parent Relationship": "Outer",
                  "Parallel Aware": false,
                  "Join Type": "Inner",
                  "Startup Cost": 46720.25,
                  "Total Cost": 245470.39,
                  "Plan Rows": 742479,
                  "Plan Width": 0,
                  "Actual Startup Time": 260.066,
                  "Actual Total Time": 1137.124,
                  "Actual Rows": 573903,
                  "Actual Loops": 4,
                  "Inner Unique": false,
                  "Plans": [
                    {
                      "Node Type": "Hash Join",
                      "Parent Relationship": "Outer",
                      "Parallel Aware": true,
                      "Join Type": "Inner",
                      "Startup Cost": 46719.68,
                      "Total Cost": 78515.33,
                      "Plan Rows": 51785,
                      "Plan Width": 8,
                      "Actual Startup Time": 259.945,
                      "Actual Total Time": 337.969,
                      "Actual Rows": 16181,
                      "Actual Loops": 4,
                      "Inner Unique": true,
                      "Hash Cond": "(mc.movie_id = t.id)",
                      "Plans": [
                        {
                          "Node Type": "Seq Scan",
                          "Parent Relationship": "Outer",
                          "Parallel Aware": true,
                          "Relation Name": "movie_companies",
                          "Alias": "mc",
                          "Startup Cost": 0.0,
                          "Total Cost": 31414.82,
                          "Plan Rows": 145077,
                          "Plan Width": 4,
                          "Actual Startup Time": 40.759,
                          "Actual Total Time": 80.485,
                          "Actual Rows": 64351,
                          "Actual Loops": 4,
                          "Filter": "((company_id < 2631) AND (company_type_id = 2))",
                          "Rows Removed by Filter": 587931
                        },
                        {
                          "Node Type": "Hash",
                          "Parent Relationship": "Inner",
                          "Parallel Aware": true,
                          "Startup Cost": 43899.32,
                          "Total Cost": 43899.32,
                          "Plan Rows": 225629,
                          "Plan Width": 4,
                          "Actual Startup Time": 216.222,
                          "Actual Total Time": 216.223,
                          "Actual Rows": 226123,
                          "Actual Loops": 4,
                          "Hash Buckets": 1048576,
                          "Original Hash Buckets": 1048576,
                          "Hash Batches": 1,
                          "Original Hash Batches": 1,
                          "Peak Memory Usage": 43616,
                          "Plans": [
                            {
                              "Node Type": "Seq Scan",
                              "Parent Relationship": "Outer",
                              "Parallel Aware": true,
                              "Relation Name": "title",
                              "Alias": "t",
                              "Startup Cost": 0.0,
                              "Total Cost": 43899.32,
                              "Plan Rows": 225629,
                              "Plan Width": 4,
                              "Actual Startup Time": 0.031,
                              "Actual Total Time": 123.711,
                              "Actual Rows": 226123,
                              "Actual Loops": 4,
                              "Filter": "(production_year > 2006)",
                              "Rows Removed by Filter": 405955
                            }
                          ]
                        }
                      ]
                    },
                    {
                      "Node Type": "Index Only Scan",
                      "Parent Relationship": "Inner",
                      "Parallel Aware": false,
                      "Scan Direction": "Forward",
                      "Index Name": "movie_id_cast_info",
                      "Relation Name": "cast_info",
                      "Alias": "ci",
                      "Startup Cost": 0.56,
                      "Total Cost": 2.87,
                      "Plan Rows": 35,
                      "Plan Width": 4,
                      "Actual Startup Time": 0.007,
                      "Actual Total Time": 0.045,
                      "Actual Rows": 35,
                      "Actual Loops": 64725,
                      "Index Cond": "(movie_id = t.id)",
                      "Rows Removed by Index Recheck": 0,
                      "Heap Fetches": 2295613
                    }
                  ]
                }
              ]
            }
          ]
        }
      ]
    },
    "Planning Time": 0.797,
    "Triggers": [],
    "Execution Time": 1292.897
  }
]