[
  {
    "Plan": {
      "Node Type": "Aggregate",
      "Strategy": "Plain",
      "Partial Mode": "Finalize",
      "Parallel Aware": false,
      "Startup Cost": 33074.23,
      "Total Cost": 33074.24,
      "Plan Rows": 1,
      "Plan Width": 8,
      "Actual Startup Time": 91.182,
      "Actual Total Time": 99.385,
      "Actual Rows": 1,
      "Actual Loops": 1,
      "Plans": [
        {
          "Node Type": "Gather",
          "Parent Relationship": "Outer",
          "Parallel Aware": false,
          "Startup Cost": 33073.91,
          "Total Cost": 33074.22,
          "Plan Rows": 3,
          "Plan Width": 8,
          "Actual Startup Time": 91.026,
          "Actual Total Time": 99.377,
          "Actual Rows": 4,
          "Actual Loops": 1,
          "Workers Planned": 3,
          "Workers Launched": 3,
          "Single Copy": false,
          "Plans": [
            {
              "Node Type": "Aggregate",
              "Strategy": "Plain",
              "Partial Mode": "Partial",
              "Parent Relationship": "Outer",
              "Parallel Aware": false,
              "Startup Cost": 32073.91,
              "Total Cost": 32073.92,
              "Plan Rows": 1,
              "Plan Width": 8,
              "Actual Startup Time": 87.439,
              "Actual Total Time": 87.44,
              "Actual Rows": 1,
              "Actual Loops": 4,
              "Plans": [
                {
                  "Node Type": "Seq Scan",
                  "Parent Relationship": "Outer",
                  "Parallel Aware": true,
                  "Relation Name": "movie_companies",
                  "Alias": "mc",
                  "Startup Cost": 0.0,
                  "Total Cost": 31414.82,
                  "Plan Rows": 263637,
                  "Plan Width": 0,
                  "Actual Startup Time": 0.016,
                  "Actual Total Time": 73.995,
                  "Actual Rows": 284296,
                  "Actual Loops": 4,
                  "Filter": "((company_id < 19607) AND (company_type_id = 1))",
                  "Rows Removed by Filter": 367986
                }
              ]
            }
          ]
        }
      ]
    },
    "Planning Time": 0.239,
    "Triggers": [],
    "Execution Time": 99.42
  }
]