[
  {
    "Plan": {
      "Node Type": "Aggregate",
      "Strategy": "Plain",
      "Partial Mode": "Finalize",
      "Parallel Aware": false,
      "Startup Cost": 32063.93,
      "Total Cost": 32063.94,
      "Plan Rows": 1,
      "Plan Width": 8,
      "Actual Startup Time": 120.555,
      "Actual Total Time": 128.955,
      "Actual Rows": 1,
      "Actual Loops": 1,
      "Plans": [
        {
          "Node Type": "Gather",
          "Parent Relationship": "Outer",
          "Parallel Aware": false,
          "Startup Cost": 32063.61,
          "Total Cost": 32063.92,
          "Plan Rows": 3,
          "Plan Width": 8,
          "Actual Startup Time": 120.449,
          "Actual Total Time": 128.947,
          "Actual Rows": 4,
          "Actual Loops": 1,
          "Workers Planned": 3,
          "Workers Launched": 3,
          "Single Copy": false,
          "Plans": [
            {
              "Node Type": "Aggregate",
              "Strategy": "Plain",
              "Partial Mode": "Partial",
              "Parent Relationship": "Outer",
              "Parallel Aware": false,
              "Startup Cost": 31063.61,
              "Total Cost": 31063.62,
              "Plan Rows": 1,
              "Plan Width": 8,
              "Actual Startup Time": 112.098,
              "Actual Total Time": 112.099,
              "Actual Rows": 1,
              "Actual Loops": 4,
              "Plans": [
                {
                  "Node Type": "Seq Scan",
                  "Parent Relationship": "Outer",
                  "Parallel Aware": true,
                  "Relation Name": "movie_companies",
                  "Alias": "mc",
                  "Startup Cost": 0.0,
                  "Total Cost": 29310.68,
                  "Plan Rows": 701172,
                  "Plan Width": 0,
                  "Actual Startup Time": 0.034,
                  "Actual Total Time": 83.772,
                  "Actual Rows": 543836,
                  "Actual Loops": 4,
                  "Filter": "(company_id < 78816)",
                  "Rows Removed by Filter": 108447
                }
              ]
            }
          ]
        }
      ]
    },
    "Planning Time": 0.19,
    "Triggers": [],
    "Execution Time": 129.009
  }
]