[
  {
    "Plan": {
      "Node Type": "Aggregate",
      "Strategy": "Plain",
      "Partial Mode": "Finalize",
      "Parallel Aware": false,
      "Startup Cost": 32872.71,
      "Total Cost": 32872.72,
      "Plan Rows": 1,
      "Plan Width": 8,
      "Actual Startup Time": 83.044,
      "Actual Total Time": 90.842,
      "Actual Rows": 1,
      "Actual Loops": 1,
      "Plans": [
        {
          "Node Type": "Gather",
          "Parent Relationship": "Outer",
          "Parallel Aware": false,
          "Startup Cost": 32872.4,
          "Total Cost": 32872.71,
          "Plan Rows": 3,
          "Plan Width": 8,
          "Actual Startup Time": 82.926,
          "Actual Total Time": 90.834,
          "Actual Rows": 4,
          "Actual Loops": 1,
          "Workers Planned": 3,
          "Workers Launched": 3,
          "Single Copy": false,
          "Plans": [
            {
              "Node Type": "Aggregate",
              "Strategy": "Plain",
              "Partial Mode": "Partial",
              "Parent Relationship": "Outer",
              "Parallel Aware": false,
              "Startup Cost": 31872.4,
              "Total Cost": 31872.41,
              "Plan Rows": 1,
              "Plan Width": 8,
              "Actual Startup Time": 76.328,
              "Actual Total Time": 76.328,
              "Actual Rows": 1,
              "Actual Loops": 4,
              "Plans": [
                {
                  "Node Type": "Seq Scan",
                  "Parent Relationship": "Outer",
                  "Parallel Aware": true,
                  "Relation Name": "movie_companies",
                  "Alias": "mc",
                  "Startup Cost": 0.0,
                  "Total Cost": 31414.82,
                  "Plan Rows": 183031,
                  "Plan Width": 0,
                  "Actual Startup Time": 20.967,
                  "Actual Total Time": 72.856,
                  "Actual Rows": 71183,
                  "Actual Loops": 4,
                  "Filter": "((company_id > 13062) AND (company_type_id < 2))",
                  "Rows Removed by Filter": 581100
                }
              ]
            }
          ]
        }
      ]
    },
    "Planning Time": 0.207,
    "Triggers": [],
    "Execution Time": 90.897
  }
]