[
  {
    "Plan": {
      "Node Type": "Aggregate",
      "Strategy": "Plain",
      "Partial Mode": "Simple",
      "Parallel Aware": false,
      "Startup Cost": 1039.73,
      "Total Cost": 1039.74,
      "Plan Rows": 1,
      "Plan Width": 8,
      "Actual Startup Time": 0.146,
      "Actual Total Time": 0.147,
      "Actual Rows": 1,
      "Actual Loops": 1,
      "Plans": [
        {
          "Node Type": "Index Scan",
          "Parent Relationship": "Outer",
          "Parallel Aware": false,
          "Scan Direction": "Forward",
          "Index Name": "person_id_cast_info",
          "Relation Name": "cast_info",
          "Alias": "ci",
          "Startup Cost": 0.56,
          "Total Cost": 1039.59,
          "Plan Rows": 56,
          "Plan Width": 0,
          "Actual Startup Time": 0.129,
          "Actual Total Time": 0.141,
          "Actual Rows": 1,
          "Actual Loops": 1,
          "Index Cond": "(person_id = 108933)",
          "Rows Removed by Index Recheck": 0,
          "Filter": "(role_id = 3)",
          "Rows Removed by Filter": 200
        }
      ]
    },
    "Planning Time": 0.163,
    "Triggers": [],
    "Execution Time": 0.184
  }
]