[
  {
    "Plan": {
      "Node Type": "Aggregate",
      "Strategy": "Plain",
      "Partial Mode": "Finalize",
      "Parallel Aware": false,
      "Startup Cost": 33307.33,
      "Total Cost": 33307.34,
      "Plan Rows": 1,
      "Plan Width": 8,
      "Actual Startup Time": 116.422,
      "Actual Total Time": 124.678,
      "Actual Rows": 1,
      "Actual Loops": 1,
      "Plans": [
        {
          "Node Type": "Gather",
          "Parent Relationship": "Outer",
          "Parallel Aware": false,
          "Startup Cost": 33307.01,
          "Total Cost": 33307.32,
          "Plan Rows": 3,
          "Plan Width": 8,
          "Actual Startup Time": 116.249,
          "Actual Total Time": 124.668,
          "Actual Rows": 4,
          "Actual Loops": 1,
          "Workers Planned": 3,
          "Workers Launched": 3,
          "Single Copy": false,
          "Plans": [
            {
              "Node Type": "Aggregate",
              "Strategy": "Plain",
              "Partial Mode": "Partial",
              "Parent Relationship": "Outer",
              "Parallel Aware": false,
              "Startup Cost": 32307.01,
              "Total Cost": 32307.02,
              "Plan Rows": 1,
              "Plan Width": 8,
              "Actual Startup Time": 107.487,
              "Actual Total Time": 107.489,
              "Actual Rows": 1,
              "Actual Loops": 4,
              "Plans": [
                {
                  "Node Type": "Seq Scan",
                  "Parent Relationship": "Outer",
                  "Parallel Aware": true,
                  "Relation Name": "movie_companies",
                  "Alias": "mc",
                  "Startup Cost": 0.0,
                  "Total Cost": 31414.82,
                  "Plan Rows": 356877,
                  "Plan Width": 0,
                  "Actual Startup Time": 53.217,
                  "Actual Total Time": 93.415,
                  "Actual Rows": 307663,
                  "Actual Loops": 4,
                  "Filter": "((company_id > 319) AND (company_type_id > 1))",
                  "Rows Removed by Filter": 344619
                }
              ]
            }
          ]
        }
      ]
    },
    "Planning Time": 0.229,
    "Triggers": [],
    "Execution Time": 124.741
  }
]