[
  {
    "Plan": {
      "Node Type": "Aggregate",
      "Strategy": "Plain",
      "Partial Mode": "Finalize",
      "Parallel Aware": false,
      "Startup Cost": 348749.49,
      "Total Cost": 348749.5,
      "Plan Rows": 1,
      "Plan Width": 8,
      "Actual Startup Time": 765.031,
      "Actual Total Time": 826.596,
      "Actual Rows": 1,
      "Actual Loops": 1,
      "Plans": [
        {
          "Node Type": "Gather",
          "Parent Relationship": "Outer",
          "Parallel Aware": false,
          "Startup Cost": 348748.86,
          "Total Cost": 348749.47,
          "Plan Rows": 6,
          "Plan Width": 8,
          "Actual Startup Time": 764.908,
          "Actual Total Time": 826.587,
          "Actual Rows": 7,
          "Actual Loops": 1,
          "Workers Planned": 6,
          "Workers Launched": 6,
          "Single Copy": false,
          "Plans": [
            {
              "Node Type": "Aggregate",
              "Strategy": "Plain",
              "Partial Mode": "Partial",
              "Parent Relationship": "Outer",
              "Parallel Aware": false,
              "Startup Cost": 347748.86,
              "Total Cost": 347748.88,
              "Plan Rows": 1,
              "Plan Width": 8,
              "Actual Startup Time": 754.67,
              "Actual Total Time": 754.671,
              "Actual Rows": 1,
              "Actual Loops": 7,
              "Plans": [
                {
                  "Node Type": "Seq Scan",
                  "Parent Relationship": "Outer",
                  "Parallel Aware": true,
                  "Relation Name": "cast_info",
                  "Alias": "ci",
                  "Startup Cost": 0.0,
                  "Total Cost": 343257.03,
                  "Plan Rows": 1796734,
                  "Plan Width": 0,
                  "Actual Startup Time": 348.609,
                  "Actual Total Time": 675.486,
                  "Actual Rows": 1813399,
                  "Actual Loops": 7,
                  "Filter": "((person_id > 1219637) AND (role_id > 2))",
                  "Rows Removed by Filter": 3364364
                }
              ]
            }
          ]
        }
      ]
    },
    "Planning Time": 0.253,
    "Triggers": [],
    "Execution Time": 826.654
  }
]