{
  "Plan": {
    "Node Type": "Aggregate",
    "Strategy": "Plain",
    "Partial Mode": "Finalize",
    "Parallel Aware": false,
    "Startup Cost": 130758.75,
    "Total Cost": 130758.76,
    "Plan Rows": 1,
    "Plan Width": 8,
    "Actual Startup Time": 827.762,
    "Actual Total Time": 852.27,
    "Actual Rows": 1,
    "Actual Loops": 1,
    "Plans": [
      {
        "Node Type": "Gather",
        "Parent Relationship": "Outer",
        "Parallel Aware": false,
        "Startup Cost": 130758.63,
        "Total Cost": 130758.74,
        "Plan Rows": 1,
        "Plan Width": 8,
        "Actual Startup Time": 823.346,
        "Actual Total Time": 852.263,
        "Actual Rows": 2,
        "Actual Loops": 1,
        "Workers Planned": 1,
        "Workers Launched": 1,
        "Single Copy": false,
        "Plans": [
          {
            "Node Type": "Aggregate",
            "Strategy": "Plain",
            "Partial Mode": "Partial",
            "Parent Relationship": "Outer",
            "Parallel Aware": false,
            "Startup Cost": 129758.63,
            "Total Cost": 129758.64,
            "Plan Rows": 1,
            "Plan Width": 8,
            "Actual Startup Time": 810.413,
            "Actual Total Time": 810.417,
            "Actual Rows": 1,
            "Actual Loops": 2,
            "Plans": [
              {
                "Node Type": "Nested Loop",
                "Parent Relationship": "Outer",
                "Parallel Aware": false,
                "Join Type": "Inner",
                "Startup Cost": 71402.56,
                "Total Cost": 129619.8,
                "Plan Rows": 55535,
                "Plan Width": 0,
                "Actual Startup Time": 540.484,
                "Actual Total Time": 796.947,
                "Actual Rows": 300223,
                "Actual Loops": 2,
                "Inner Unique": false,
                "Plans": [
                  {
                    "Node Type": "Hash Join",
                    "Parent Relationship": "Outer",
                    "Parallel Aware": true,
                    "Join Type": "Inner",
                    "Startup Cost": 71402.13,
                    "Total Cost": 96670.07,
                    "Plan Rows": 53814,
                    "Plan Width": 8,
                    "Actual Startup Time": 540.423,
                    "Actual Total Time": 606.213,
                    "Actual Rows": 51200,
                    "Actual Loops": 2,
                    "Inner Unique": true,
                    "Hash Cond": "(mk.movie_id = t.id)",
                    "Plans": [
                      {
                        "Node Type": "Bitmap Heap Scan",
                        "Parent Relationship": "Outer",
                        "Parallel Aware": true,
                        "Relation Name": "movie_keyword",
                        "Alias": "mk",
                        "Startup Cost": 1941.43,
                        "Total Cost": 27068.11,
                        "Plan Rows": 53814,
                        "Plan Width": 4,
                        "Actual Startup Time": 9.398,
                        "Actual Total Time": 45.174,
                        "Actual Rows": 51200,
                        "Actual Loops": 2,
                        "Recheck Cond": "(keyword_id < 103)",
                        "Rows Removed by Index Recheck": 0,
                        "Exact Heap Blocks": 12106,
                        "Lossy Heap Blocks": 0,
                        "Plans": [
                          {
                            "Node Type": "Bitmap Index Scan",
                            "Parent Relationship": "Outer",
                            "Parallel Aware": false,
                            "Index Name": "keyword_id_movie_keyword",
                            "Startup Cost": 0.0,
                            "Total Cost": 1918.56,
                            "Plan Rows": 91484,
                            "Plan Width": 0,
                            "Actual Startup Time": 6.247,
                            "Actual Total Time": 6.248,
                            "Actual Rows": 102400,
                            "Actual Loops": 1,
                            "Index Cond": "(keyword_id < 103)"
                          }
                        ]
                      },
                      {
                        "Node Type": "Hash",
                        "Parent Relationship": "Inner",
                        "Parallel Aware": true,
                        "Startup Cost": 50870.31,
                        "Total Cost": 50870.31,
                        "Plan Rows": 1487231,
                        "Plan Width": 4,
                        "Actual Startup Time": 508.42,
                        "Actual Total Time": 508.421,
                        "Actual Rows": 1264156,
                        "Actual Loops": 2,
                        "Hash Buckets": 4194304,
                        "Original Hash Buckets": 4194304,
                        "Hash Batches": 1,
                        "Original Hash Batches": 1,
                        "Peak Memory Usage": 131712,
                        "Plans": [
                          {
                            "Node Type": "Seq Scan",
                            "Parent Relationship": "Outer",
                            "Parallel Aware": true,
                            "Relation Name": "title",
                            "Alias": "t",
                            "Startup Cost": 0.0,
                            "Total Cost": 50870.31,
                            "Plan Rows": 1487231,
                            "Plan Width": 4,
                            "Actual Startup Time": 0.026,
                            "Actual Total Time": 153.384,
                            "Actual Rows": 1264156,
                            "Actual Loops": 2
                          }
                        ]
                      }
                    ]
                  },
                  {
                    "Node Type": "Index Only Scan",
                    "Parent Relationship": "Inner",
                    "Parallel Aware": false,
                    "Scan Direction": "Forward",
                    "Index Name": "movie_id_movie_companies",
                    "Relation Name": "movie_companies",
                    "Alias": "mc",
                    "Startup Cost": 0.43,
                    "Total Cost": 0.56,
                    "Plan Rows": 5,
                    "Plan Width": 4,
                    "Actual Startup Time": 0.002,
                    "Actual Total Time": 0.003,
                    "Actual Rows": 6,
                    "Actual Loops": 102400,
                    "Index Cond": "(movie_id = t.id)",
                    "Rows Removed by Index Recheck": 0,
                    "Heap Fetches": 600446
                  }
                ]
              }
            ]
          }
        ]
      }
    ]
  },
  "Planning Time": 0.933,
  "Triggers": [],
  "Execution Time": 852.371
}