[
    {
        "Bao": {
            "Bao prediction": 436.486,
            "Bao recommended hint": "(no hint)"
        }
    },
    {
        "Plan": {
            "Node Type": "Aggregate",
            "Strategy": "Plain",
            "Partial Mode": "Finalize",
            "Parallel Aware": false,
            "Startup Cost": 32619.01,
            "Total Cost": 32619.02,
            "Plan Rows": 1,
            "Plan Width": 8,
            "Actual Startup Time": 96.526,
            "Actual Total Time": 101.371,
            "Actual Rows": 1,
            "Actual Loops": 1,
            "Output": [
                "count(*)"
            ],
            "Plans": [
                {
                    "Node Type": "Gather",
                    "Parent Relationship": "Outer",
                    "Parallel Aware": false,
                    "Startup Cost": 32618.69,
                    "Total Cost": 32619.0,
                    "Plan Rows": 3,
                    "Plan Width": 8,
                    "Actual Startup Time": 96.427,
                    "Actual Total Time": 101.364,
                    "Actual Rows": 4,
                    "Actual Loops": 1,
                    "Output": [
                        "(PARTIAL count(*))"
                    ],
                    "Workers Planned": 3,
                    "Workers Launched": 3,
                    "Single Copy": false,
                    "Plans": [
                        {
                            "Node Type": "Aggregate",
                            "Strategy": "Plain",
                            "Partial Mode": "Partial",
                            "Parent Relationship": "Outer",
                            "Parallel Aware": false,
                            "Startup Cost": 31618.69,
                            "Total Cost": 31618.7,
                            "Plan Rows": 1,
                            "Plan Width": 8,
                            "Actual Startup Time": 89.1,
                            "Actual Total Time": 89.102,
                            "Actual Rows": 1,
                            "Actual Loops": 4,
                            "Output": [
                                "PARTIAL count(*)"
                            ],
                            "Workers": [
                                {
                                    "Worker Number": 0,
                                    "Actual Startup Time": 87.05,
                                    "Actual Total Time": 87.051,
                                    "Actual Rows": 1,
                                    "Actual Loops": 1
                                },
                                {
                                    "Worker Number": 1,
                                    "Actual Startup Time": 86.68,
                                    "Actual Total Time": 86.681,
                                    "Actual Rows": 1,
                                    "Actual Loops": 1
                                },
                                {
                                    "Worker Number": 2,
                                    "Actual Startup Time": 86.818,
                                    "Actual Total Time": 86.82,
                                    "Actual Rows": 1,
                                    "Actual Loops": 1
                                }
                            ],
                            "Plans": [
                                {
                                    "Node Type": "Seq Scan",
                                    "Parent Relationship": "Outer",
                                    "Parallel Aware": true,
                                    "Relation Name": "movie_companies",
                                    "Schema": "public",
                                    "Alias": "mc",
                                    "Startup Cost": 0.0,
                                    "Total Cost": 31414.82,
                                    "Plan Rows": 81549,
                                    "Plan Width": 0,
                                    "Actual Startup Time": 50.219,
                                    "Actual Total Time": 86.758,
                                    "Actual Rows": 32933,
                                    "Actual Loops": 4,
                                    "Output": [
                                        "id",
                                        "movie_id",
                                        "company_id",
                                        "company_type_id",
                                        "note"
                                    ],
                                    "Filter": "((mc.company_id < 428) AND (mc.company_type_id > 1))",
                                    "Rows Removed by Filter": 619349,
                                    "Workers": [
                                        {
                                            "Worker Number": 0,
                                            "Actual Startup Time": 48.17,
                                            "Actual Total Time": 84.759,
                                            "Actual Rows": 31999,
                                            "Actual Loops": 1
                                        },
                                        {
                                            "Worker Number": 1,
                                            "Actual Startup Time": 47.796,
                                            "Actual Total Time": 84.464,
                                            "Actual Rows": 31085,
                                            "Actual Loops": 1
                                        },
                                        {
                                            "Worker Number": 2,
                                            "Actual Startup Time": 47.943,
                                            "Actual Total Time": 84.616,
                                            "Actual Rows": 30927,
                                            "Actual Loops": 1
                                        }
                                    ]
                                }
                            ]
                        }
                    ]
                }
            ]
        },
        "Planning Time": 2278.382,
        "Triggers": [],
        "Execution Time": 101.486
    }
]