[
  {
    "Plan": {
      "Node Type": "Aggregate",
      "Strategy": "Plain",
      "Partial Mode": "Finalize",
      "Parallel Aware": false,
      "Startup Cost": 33191.26,
      "Total Cost": 33191.27,
      "Plan Rows": 1,
      "Plan Width": 8,
      "Actual Startup Time": 96.349,
      "Actual Total Time": 103.857,
      "Actual Rows": 1,
      "Actual Loops": 1,
      "Plans": [
        {
          "Node Type": "Gather",
          "Parent Relationship": "Outer",
          "Parallel Aware": false,
          "Startup Cost": 33190.94,
          "Total Cost": 33191.25,
          "Plan Rows": 3,
          "Plan Width": 8,
          "Actual Startup Time": 96.229,
          "Actual Total Time": 103.848,
          "Actual Rows": 4,
          "Actual Loops": 1,
          "Workers Planned": 3,
          "Workers Launched": 3,
          "Single Copy": false,
          "Plans": [
            {
              "Node Type": "Aggregate",
              "Strategy": "Plain",
              "Partial Mode": "Partial",
              "Parent Relationship": "Outer",
              "Parallel Aware": false,
              "Startup Cost": 32190.94,
              "Total Cost": 32190.95,
              "Plan Rows": 1,
              "Plan Width": 8,
              "Actual Startup Time": 91.183,
              "Actual Total Time": 91.185,
              "Actual Rows": 1,
              "Actual Loops": 4,
              "Plans": [
                {
                  "Node Type": "Seq Scan",
                  "Parent Relationship": "Outer",
                  "Parallel Aware": true,
                  "Relation Name": "movie_companies",
                  "Alias": "mc",
                  "Startup Cost": 0.0,
                  "Total Cost": 31414.82,
                  "Plan Rows": 310448,
                  "Plan Width": 0,
                  "Actual Startup Time": 0.026,
                  "Actual Total Time": 76.511,
                  "Actual Rows": 314866,
                  "Actual Loops": 4,
                  "Filter": "((company_id < 58238) AND (company_type_id < 2))",
                  "Rows Removed by Filter": 337416
                }
              ]
            }
          ]
        }
      ]
    },
    "Planning Time": 0.088,
    "Triggers": [],
    "Execution Time": 103.884
  }
]