{
  "Plan": {
    "Node Type": "Aggregate",
    "Strategy": "Plain",
    "Partial Mode": "Finalize",
    "Parallel Aware": false,
    "Startup Cost": 583651.7,
    "Total Cost": 583651.71,
    "Plan Rows": 1,
    "Plan Width": 8,
    "Actual Startup Time": 4368.965,
    "Actual Total Time": 4418.193,
    "Actual Rows": 1,
    "Actual Loops": 1,
    "Plans": [
      {
        "Node Type": "Gather",
        "Parent Relationship": "Outer",
        "Parallel Aware": false,
        "Startup Cost": 583651.59,
        "Total Cost": 583651.7,
        "Plan Rows": 1,
        "Plan Width": 8,
        "Actual Startup Time": 4368.018,
        "Actual Total Time": 4418.186,
        "Actual Rows": 2,
        "Actual Loops": 1,
        "Workers Planned": 1,
        "Workers Launched": 1,
        "Single Copy": false,
        "Plans": [
          {
            "Node Type": "Aggregate",
            "Strategy": "Plain",
            "Partial Mode": "Partial",
            "Parent Relationship": "Outer",
            "Parallel Aware": false,
            "Startup Cost": 582651.59,
            "Total Cost": 582651.6,
            "Plan Rows": 1,
            "Plan Width": 8,
            "Actual Startup Time": 4362.056,
            "Actual Total Time": 4362.06,
            "Actual Rows": 1,
            "Actual Loops": 2,
            "Plans": [
              {
                "Node Type": "Hash Join",
                "Parent Relationship": "Outer",
                "Parallel Aware": true,
                "Join Type": "Inner",
                "Startup Cost": 55594.09,
                "Total Cost": 577327.44,
                "Plan Rows": 2129658,
                "Plan Width": 0,
                "Actual Startup Time": 147.054,
                "Actual Total Time": 4254.792,
                "Actual Rows": 2563702,
                "Actual Loops": 2,
                "Inner Unique": true,
                "Hash Cond": "(ci.movie_id = t.id)",
                "Plans": [
                  {
                    "Node Type": "Seq Scan",
                    "Parent Relationship": "Outer",
                    "Parallel Aware": true,
                    "Relation Name": "cast_info",
                    "Alias": "ci",
                    "Startup Cost": 0.0,
                    "Total Cost": 465792.95,
                    "Plan Rows": 21310595,
                    "Plan Width": 4,
                    "Actual Startup Time": 0.013,
                    "Actual Total Time": 1297.861,
                    "Actual Rows": 18122172,
                    "Actual Loops": 2
                  },
                  {
                    "Node Type": "Hash",
                    "Parent Relationship": "Inner",
                    "Parallel Aware": true,
                    "Startup Cost": 53736.27,
                    "Total Cost": 53736.27,
                    "Plan Rows": 148625,
                    "Plan Width": 4,
                    "Actual Startup Time": 143.671,
                    "Actual Total Time": 143.673,
                    "Actual Rows": 183309,
                    "Actual Loops": 2,
                    "Hash Buckets": 524288,
                    "Original Hash Buckets": 262144,
                    "Hash Batches": 1,
                    "Original Hash Batches": 1,
                    "Peak Memory Usage": 20512,
                    "Plans": [
                      {
                        "Node Type": "Bitmap Heap Scan",
                        "Parent Relationship": "Outer",
                        "Parallel Aware": true,
                        "Relation Name": "title",
                        "Alias": "t",
                        "Startup Cost": 11886.02,
                        "Total Cost": 53736.27,
                        "Plan Rows": 148625,
                        "Plan Width": 4,
                        "Actual Startup Time": 36.397,
                        "Actual Total Time": 100.597,
                        "Actual Rows": 183309,
                        "Actual Loops": 2,
                        "Recheck Cond": "(kind_id = 1)",
                        "Rows Removed by Index Recheck": 0,
                        "Filter": "(production_year < 1999)",
                        "Rows Removed by Filter": 148104,
                        "Exact Heap Blocks": 8156,
                        "Lossy Heap Blocks": 0,
                        "Plans": [
                          {
                            "Node Type": "Bitmap Index Scan",
                            "Parent Relationship": "Outer",
                            "Parallel Aware": false,
                            "Index Name": "kind_id_title",
                            "Startup Cost": 0.0,
                            "Total Cost": 11822.85,
                            "Plan Rows": 663256,
                            "Plan Width": 0,
                            "Actual Startup Time": 36.661,
                            "Actual Total Time": 36.661,
                            "Actual Rows": 662825,
                            "Actual Loops": 1,
                            "Index Cond": "(kind_id = 1)"
                          }
                        ]
                      }
                    ]
                  }
                ]
              }
            ]
          }
        ]
      }
    ]
  },
  "Planning Time": 0.679,
  "Triggers": [],
  "Execution Time": 4418.36
}