[
  {
    "Plan": {
      "Node Type": "Aggregate",
      "Strategy": "Plain",
      "Partial Mode": "Finalize",
      "Parallel Aware": false,
      "Startup Cost": 344411.36,
      "Total Cost": 344411.37,
      "Plan Rows": 1,
      "Plan Width": 8,
      "Actual Startup Time": 389.774,
      "Actual Total Time": 410.034,
      "Actual Rows": 1,
      "Actual Loops": 1,
      "Plans": [
        {
          "Node Type": "Gather",
          "Parent Relationship": "Outer",
          "Parallel Aware": false,
          "Startup Cost": 344410.73,
          "Total Cost": 344411.34,
          "Plan Rows": 6,
          "Plan Width": 8,
          "Actual Startup Time": 389.682,
          "Actual Total Time": 410.027,
          "Actual Rows": 7,
          "Actual Loops": 1,
          "Workers Planned": 6,
          "Workers Launched": 6,
          "Single Copy": false,
          "Plans": [
            {
              "Node Type": "Aggregate",
              "Strategy": "Plain",
              "Partial Mode": "Partial",
              "Parent Relationship": "Outer",
              "Parallel Aware": false,
              "Startup Cost": 343410.73,
              "Total Cost": 343410.74,
              "Plan Rows": 1,
              "Plan Width": 8,
              "Actual Startup Time": 383.322,
              "Actual Total Time": 383.323,
              "Actual Rows": 1,
              "Actual Loops": 7,
              "Plans": [
                {
                  "Node Type": "Index Scan",
                  "Parent Relationship": "Outer",
                  "Parallel Aware": true,
                  "Scan Direction": "Forward",
                  "Index Name": "role_id_cast_info",
                  "Relation Name": "cast_info",
                  "Alias": "ci",
                  "Startup Cost": 0.56,
                  "Total Cost": 342814.42,
                  "Plan Rows": 238523,
                  "Plan Width": 0,
                  "Actual Startup Time": 0.073,
                  "Actual Total Time": 362.606,
                  "Actual Rows": 423576,
                  "Actual Loops": 7,
                  "Index Cond": "(role_id = 1)",
                  "Rows Removed by Index Recheck": 0,
                  "Filter": "(person_id < 394918)",
                  "Rows Removed by Filter": 1386522
                }
              ]
            }
          ]
        }
      ]
    },
    "Planning Time": 0.078,
    "Triggers": [],
    "Execution Time": 410.067
  }
]