{
  "Plan": {
    "Node Type": "Aggregate",
    "Strategy": "Plain",
    "Partial Mode": "Finalize",
    "Parallel Aware": false,
    "Startup Cost": 844918.65,
    "Total Cost": 844918.66,
    "Plan Rows": 1,
    "Plan Width": 8,
    "Actual Startup Time": 10290.625,
    "Actual Total Time": 10357.98,
    "Actual Rows": 1,
    "Actual Loops": 1,
    "Plans": [
      {
        "Node Type": "Gather",
        "Parent Relationship": "Outer",
        "Parallel Aware": false,
        "Startup Cost": 844918.53,
        "Total Cost": 844918.64,
        "Plan Rows": 1,
        "Plan Width": 8,
        "Actual Startup Time": 10287.803,
        "Actual Total Time": 10357.971,
        "Actual Rows": 2,
        "Actual Loops": 1,
        "Workers Planned": 1,
        "Workers Launched": 1,
        "Single Copy": false,
        "Plans": [
          {
            "Node Type": "Aggregate",
            "Strategy": "Plain",
            "Partial Mode": "Partial",
            "Parent Relationship": "Outer",
            "Parallel Aware": false,
            "Startup Cost": 843918.53,
            "Total Cost": 843918.54,
            "Plan Rows": 1,
            "Plan Width": 8,
            "Actual Startup Time": 10282.214,
            "Actual Total Time": 10282.218,
            "Actual Rows": 1,
            "Actual Loops": 2,
            "Plans": [
              {
                "Node Type": "Nested Loop",
                "Parent Relationship": "Outer",
                "Parallel Aware": false,
                "Join Type": "Inner",
                "Startup Cost": 60884.15,
                "Total Cost": 841796.01,
                "Plan Rows": 849010,
                "Plan Width": 0,
                "Actual Startup Time": 266.075,
                "Actual Total Time": 9877.492,
                "Actual Rows": 8804980,
                "Actual Loops": 2,
                "Inner Unique": false,
                "Join Filter": "(t.id = mi.movie_id)",
                "Rows Removed by Join Filter": 0,
                "Plans": [
                  {
                    "Node Type": "Hash Join",
                    "Parent Relationship": "Outer",
                    "Parallel Aware": true,
                    "Join Type": "Inner",
                    "Startup Cost": 60883.71,
                    "Total Cost": 121458.1,
                    "Plan Rows": 368458,
                    "Plan Width": 8,
                    "Actual Startup Time": 266.002,
                    "Actual Total Time": 675.856,
                    "Actual Rows": 657158,
                    "Actual Loops": 2,
                    "Inner Unique": true,
                    "Hash Cond": "(mk.movie_id = t.id)",
                    "Plans": [
                      {
                        "Node Type": "Seq Scan",
                        "Parent Relationship": "Outer",
                        "Parallel Aware": true,
                        "Relation Name": "movie_keyword",
                        "Alias": "mk",
                        "Startup Cost": 0.0,
                        "Total Cost": 57718.19,
                        "Plan Rows": 1088075,
                        "Plan Width": 4,
                        "Actual Startup Time": 0.658,
                        "Actual Total Time": 197.65,
                        "Actual Rows": 924738,
                        "Actual Loops": 2,
                        "Filter": "(keyword_id > 7477)",
                        "Rows Removed by Filter": 1337226
                      },
                      {
                        "Node Type": "Hash",
                        "Parent Relationship": "Inner",
                        "Parallel Aware": true,
                        "Startup Cost": 54588.39,
                        "Total Cost": 54588.39,
                        "Plan Rows": 503626,
                        "Plan Width": 4,
                        "Actual Startup Time": 256.036,
                        "Actual Total Time": 256.037,
                        "Actual Rows": 427107,
                        "Actual Loops": 2,
                        "Hash Buckets": 1048576,
                        "Original Hash Buckets": 1048576,
                        "Hash Batches": 1,
                        "Original Hash Batches": 1,
                        "Peak Memory Usage": 41664,
                        "Plans": [
                          {
                            "Node Type": "Seq Scan",
                            "Parent Relationship": "Outer",
                            "Parallel Aware": true,
                            "Relation Name": "title",
                            "Alias": "t",
                            "Startup Cost": 0.0,
                            "Total Cost": 54588.39,
                            "Plan Rows": 503626,
                            "Plan Width": 4,
                            "Actual Startup Time": 0.038,
                            "Actual Total Time": 154.743,
                            "Actual Rows": 427107,
                            "Actual Loops": 2,
                            "Filter": "(kind_id < 4)",
                            "Rows Removed by Filter": 837049
                          }
                        ]
                      }
                    ]
                  },
                  {
                    "Node Type": "Index Scan",
                    "Parent Relationship": "Inner",
                    "Parallel Aware": false,
                    "Scan Direction": "Forward",
                    "Index Name": "movie_id_movie_info",
                    "Relation Name": "movie_info",
                    "Alias": "mi",
                    "Startup Cost": 0.43,
                    "Total Cost": 1.74,
                    "Plan Rows": 17,
                    "Plan Width": 4,
                    "Actual Startup Time": 0.002,
                    "Actual Total Time": 0.013,
                    "Actual Rows": 13,
                    "Actual Loops": 1314315,
                    "Index Cond": "(movie_id = mk.movie_id)",
                    "Rows Removed by Index Recheck": 0,
                    "Filter": "(info_type_id < 7)",
                    "Rows Removed by Filter": 59
                  }
                ]
              }
            ]
          }
        ]
      }
    ]
  },
  "Planning Time": 1.065,
  "Triggers": [],
  "Execution Time": 10358.08
}