[
  {
    "Plan": {
      "Node Type": "Aggregate",
      "Strategy": "Plain",
      "Partial Mode": "Finalize",
      "Parallel Aware": false,
      "Startup Cost": 93889.96,
      "Total Cost": 93889.97,
      "Plan Rows": 1,
      "Plan Width": 8,
      "Actual Startup Time": 382.508,
      "Actual Total Time": 399.994,
      "Actual Rows": 1,
      "Actual Loops": 1,
      "Plans": [
        {
          "Node Type": "Gather",
          "Parent Relationship": "Outer",
          "Parallel Aware": false,
          "Startup Cost": 93889.64,
          "Total Cost": 93889.95,
          "Plan Rows": 3,
          "Plan Width": 8,
          "Actual Startup Time": 380.257,
          "Actual Total Time": 399.984,
          "Actual Rows": 4,
          "Actual Loops": 1,
          "Workers Planned": 3,
          "Workers Launched": 3,
          "Single Copy": false,
          "Plans": [
            {
              "Node Type": "Aggregate",
              "Strategy": "Plain",
              "Partial Mode": "Partial",
              "Parent Relationship": "Outer",
              "Parallel Aware": false,
              "Startup Cost": 92889.64,
              "Total Cost": 92889.65,
              "Plan Rows": 1,
              "Plan Width": 8,
              "Actual Startup Time": 371.242,
              "Actual Total Time": 371.245,
              "Actual Rows": 1,
              "Actual Loops": 4,
              "Plans": [
                {
                  "Node Type": "Hash Join",
                  "Parent Relationship": "Outer",
                  "Parallel Aware": true,
                  "Join Type": "Inner",
                  "Startup Cost": 46574.46,
                  "Total Cost": 92467.47,
                  "Plan Rows": 168866,
                  "Plan Width": 0,
                  "Actual Startup Time": 172.546,
                  "Actual Total Time": 353.227,
                  "Actual Rows": 439359,
                  "Actual Loops": 4,
                  "Inner Unique": true,
                  "Hash Cond": "(mk.movie_id = t.id)",
                  "Plans": [
                    {
                      "Node Type": "Seq Scan",
                      "Parent Relationship": "Outer",
                      "Parallel Aware": true,
                      "Relation Name": "movie_keyword",
                      "Alias": "mk",
                      "Startup Cost": 0.0,
                      "Total Cost": 42695.65,
                      "Plan Rows": 1218042,
                      "Plan Width": 4,
                      "Actual Startup Time": 0.028,
                      "Actual Total Time": 109.379,
                      "Actual Rows": 946126,
                      "Actual Loops": 4,
                      "Filter": "(keyword_id < 25417)",
                      "Rows Removed by Filter": 184856
                    },
                    {
                      "Node Type": "Hash",
                      "Parent Relationship": "Inner",
                      "Parallel Aware": true,
                      "Startup Cost": 45479.1,
                      "Total Cost": 45479.1,
                      "Plan Rows": 87629,
                      "Plan Width": 4,
                      "Actual Startup Time": 132.163,
                      "Actual Total Time": 132.164,
                      "Actual Rows": 106143,
                      "Actual Loops": 4,
                      "Hash Buckets": 524288,
                      "Original Hash Buckets": 524288,
                      "Hash Batches": 1,
                      "Original Hash Batches": 1,
                      "Peak Memory Usage": 20800,
                      "Plans": [
                        {
                          "Node Type": "Seq Scan",
                          "Parent Relationship": "Outer",
                          "Parallel Aware": true,
                          "Relation Name": "title",
                          "Alias": "t",
                          "Startup Cost": 0.0,
                          "Total Cost": 45479.1,
                          "Plan Rows": 87629,
                          "Plan Width": 4,
                          "Actual Startup Time": 60.447,
                          "Actual Total Time": 101.268,
                          "Actual Rows": 106143,
                          "Actual Loops": 4,
                          "Filter": "((production_year < 2005) AND (kind_id = 1))",
                          "Rows Removed by Filter": 525935
                        }
                      ]
                    }
                  ]
                }
              ]
            }
          ]
        }
      ]
    },
    "Planning Time": 0.644,
    "Triggers": [],
    "Execution Time": 400.068
  }
]