{
  "Plan": {
    "Node Type": "Aggregate",
    "Strategy": "Plain",
    "Partial Mode": "Finalize",
    "Parallel Aware": false,
    "Startup Cost": 851270.66,
    "Total Cost": 851270.67,
    "Plan Rows": 1,
    "Plan Width": 8,
    "Actual Startup Time": 7934.33,
    "Actual Total Time": 7990.381,
    "Actual Rows": 1,
    "Actual Loops": 1,
    "Plans": [
      {
        "Node Type": "Gather",
        "Parent Relationship": "Outer",
        "Parallel Aware": false,
        "Startup Cost": 851270.55,
        "Total Cost": 851270.66,
        "Plan Rows": 1,
        "Plan Width": 8,
        "Actual Startup Time": 7923.954,
        "Actual Total Time": 7990.372,
        "Actual Rows": 2,
        "Actual Loops": 1,
        "Workers Planned": 1,
        "Workers Launched": 1,
        "Single Copy": false,
        "Plans": [
          {
            "Node Type": "Aggregate",
            "Strategy": "Plain",
            "Partial Mode": "Partial",
            "Parent Relationship": "Outer",
            "Parallel Aware": false,
            "Startup Cost": 850270.55,
            "Total Cost": 850270.56,
            "Plan Rows": 1,
            "Plan Width": 8,
            "Actual Startup Time": 7908.096,
            "Actual Total Time": 7909.609,
            "Actual Rows": 1,
            "Actual Loops": 2,
            "Plans": [
              {
                "Node Type": "Hash Join",
                "Parent Relationship": "Outer",
                "Parallel Aware": true,
                "Join Type": "Inner",
                "Startup Cost": 717709.41,
                "Total Cost": 835029.49,
                "Plan Rows": 6096423,
                "Plan Width": 0,
                "Actual Startup Time": 6469.976,
                "Actual Total Time": 7557.73,
                "Actual Rows": 8694939,
                "Actual Loops": 2,
                "Inner Unique": false,
                "Hash Cond": "(mk.movie_id = t.id)",
                "Plans": [
                  {
                    "Node Type": "Seq Scan",
                    "Parent Relationship": "Outer",
                    "Parallel Aware": true,
                    "Relation Name": "movie_keyword",
                    "Alias": "mk",
                    "Startup Cost": 0.0,
                    "Total Cost": 57718.19,
                    "Plan Rows": 2374058,
                    "Plan Width": 4,
                    "Actual Startup Time": 0.031,
                    "Actual Total Time": 194.311,
                    "Actual Rows": 2010972,
                    "Actual Loops": 2,
                    "Filter": "(keyword_id > 359)",
                    "Rows Removed by Filter": 250992
                  },
                  {
                    "Node Type": "Hash",
                    "Parent Relationship": "Inner",
                    "Parallel Aware": true,
                    "Startup Cost": 669970.52,
                    "Total Cost": 669970.52,
                    "Plan Rows": 3819111,
                    "Plan Width": 8,
                    "Actual Startup Time": 6438.107,
                    "Actual Total Time": 6439.618,
                    "Actual Rows": 3418310,
                    "Actual Loops": 2,
                    "Hash Buckets": 8388608,
                    "Original Hash Buckets": 8388608,
                    "Hash Batches": 1,
                    "Original Hash Batches": 1,
                    "Peak Memory Usage": 333024,
                    "Plans": [
                      {
                        "Node Type": "Hash Join",
                        "Parent Relationship": "Outer",
                        "Parallel Aware": true,
                        "Join Type": "Inner",
                        "Startup Cost": 59473.49,
                        "Total Cost": 669970.52,
                        "Plan Rows": 3819111,
                        "Plan Width": 8,
                        "Actual Startup Time": 450.932,
                        "Actual Total Time": 5248.91,
                        "Actual Rows": 3418310,
                        "Actual Loops": 2,
                        "Inner Unique": true,
                        "Hash Cond": "(ci.movie_id = t.id)",
                        "Plans": [
                          {
                            "Node Type": "Seq Scan",
                            "Parent Relationship": "Outer",
                            "Parallel Aware": true,
                            "Relation Name": "cast_info",
                            "Alias": "ci",
                            "Startup Cost": 0.0,
                            "Total Cost": 572345.93,
                            "Plan Rows": 14533729,
                            "Plan Width": 4,
                            "Actual Startup Time": 214.175,
                            "Actual Total Time": 1869.571,
                            "Actual Rows": 11968812,
                            "Actual Loops": 2,
                            "Filter": "((person_id > 783416) AND (role_id < 10))",
                            "Rows Removed by Filter": 6153360
                          },
                          {
                            "Node Type": "Hash",
                            "Parent Relationship": "Inner",
                            "Parallel Aware": true,
                            "Startup Cost": 54588.39,
                            "Total Cost": 54588.39,
                            "Plan Rows": 390808,
                            "Plan Width": 4,
                            "Actual Startup Time": 233.998,
                            "Actual Total Time": 233.999,
                            "Actual Rows": 331032,
                            "Actual Loops": 2,
                            "Hash Buckets": 1048576,
                            "Original Hash Buckets": 1048576,
                            "Hash Batches": 1,
                            "Original Hash Batches": 1,
                            "Peak Memory Usage": 34112,
                            "Plans": [
                              {
                                "Node Type": "Seq Scan",
                                "Parent Relationship": "Outer",
                                "Parallel Aware": true,
                                "Relation Name": "title",
                                "Alias": "t",
                                "Startup Cost": 0.0,
                                "Total Cost": 54588.39,
                                "Plan Rows": 390808,
                                "Plan Width": 4,
                                "Actual Startup Time": 0.028,
                                "Actual Total Time": 143.858,
                                "Actual Rows": 331032,
                                "Actual Loops": 2,
                                "Filter": "(production_year > 2008)",
                                "Rows Removed by Filter": 933124
                              }
                            ]
                          }
                        ]
                      }
                    ]
                  }
                ]
              }
            ]
          }
        ]
      }
    ]
  },
  "Planning Time": 0.955,
  "Triggers": [],
  "Execution Time": 7990.468
}