{
  "Plan": {
    "Node Type": "Aggregate",
    "Strategy": "Plain",
    "Partial Mode": "Simple",
    "Parallel Aware": false,
    "Startup Cost": 3722.87,
    "Total Cost": 3722.88,
    "Plan Rows": 1,
    "Plan Width": 8,
    "Actual Startup Time": 2.16,
    "Actual Total Time": 2.162,
    "Actual Rows": 1,
    "Actual Loops": 1,
    "Plans": [
      {
        "Node Type": "Nested Loop",
        "Parent Relationship": "Outer",
        "Parallel Aware": false,
        "Join Type": "Inner",
        "Startup Cost": 1.43,
        "Total Cost": 3721.71,
        "Plan Rows": 463,
        "Plan Width": 0,
        "Actual Startup Time": 0.205,
        "Actual Total Time": 2.143,
        "Actual Rows": 60,
        "Actual Loops": 1,
        "Inner Unique": false,
        "Plans": [
          {
            "Node Type": "Nested Loop",
            "Parent Relationship": "Outer",
            "Parallel Aware": false,
            "Join Type": "Inner",
            "Startup Cost": 0.99,
            "Total Cost": 3338.07,
            "Plan Rows": 201,
            "Plan Width": 8,
            "Actual Startup Time": 0.174,
            "Actual Total Time": 0.758,
            "Actual Rows": 21,
            "Actual Loops": 1,
            "Inner Unique": true,
            "Plans": [
              {
                "Node Type": "Index Scan",
                "Parent Relationship": "Outer",
                "Parallel Aware": false,
                "Scan Direction": "Forward",
                "Index Name": "person_id_cast_info",
                "Relation Name": "cast_info",
                "Alias": "ci",
                "Startup Cost": 0.56,
                "Total Cost": 1059.67,
                "Plan Rows": 272,
                "Plan Width": 4,
                "Actual Startup Time": 0.129,
                "Actual Total Time": 0.164,
                "Actual Rows": 32,
                "Actual Loops": 1,
                "Index Cond": "(person_id = 819792)",
                "Rows Removed by Index Recheck": 0,
                "Filter": "(role_id < 3)",
                "Rows Removed by Filter": 3
              },
              {
                "Node Type": "Index Scan",
                "Parent Relationship": "Inner",
                "Parallel Aware": false,
                "Scan Direction": "Forward",
                "Index Name": "title_pkey",
                "Relation Name": "title",
                "Alias": "t",
                "Startup Cost": 0.43,
                "Total Cost": 8.38,
                "Plan Rows": 1,
                "Plan Width": 4,
                "Actual Startup Time": 0.018,
                "Actual Total Time": 0.018,
                "Actual Rows": 1,
                "Actual Loops": 32,
                "Index Cond": "(id = ci.movie_id)",
                "Rows Removed by Index Recheck": 0,
                "Filter": "(kind_id > 1)",
                "Rows Removed by Filter": 0
              }
            ]
          },
          {
            "Node Type": "Index Scan",
            "Parent Relationship": "Inner",
            "Parallel Aware": false,
            "Scan Direction": "Forward",
            "Index Name": "movie_id_movie_info",
            "Relation Name": "movie_info",
            "Alias": "mi",
            "Startup Cost": 0.43,
            "Total Cost": 1.74,
            "Plan Rows": 17,
            "Plan Width": 4,
            "Actual Startup Time": 0.039,
            "Actual Total Time": 0.065,
            "Actual Rows": 3,
            "Actual Loops": 21,
            "Index Cond": "(movie_id = t.id)",
            "Rows Removed by Index Recheck": 0,
            "Filter": "(info_type_id < 7)",
            "Rows Removed by Filter": 7
          }
        ]
      }
    ]
  },
  "Planning Time": 0.792,
  "Triggers": [],
  "Execution Time": 2.232
}