[
  {
    "Plan": {
      "Node Type": "Aggregate",
      "Strategy": "Plain",
      "Partial Mode": "Finalize",
      "Parallel Aware": false,
      "Startup Cost": 13142.87,
      "Total Cost": 13142.88,
      "Plan Rows": 1,
      "Plan Width": 8,
      "Actual Startup Time": 10.031,
      "Actual Total Time": 11.807,
      "Actual Rows": 1,
      "Actual Loops": 1,
      "Plans": [
        {
          "Node Type": "Gather",
          "Parent Relationship": "Outer",
          "Parallel Aware": false,
          "Startup Cost": 13142.76,
          "Total Cost": 13142.87,
          "Plan Rows": 1,
          "Plan Width": 8,
          "Actual Startup Time": 9.937,
          "Actual Total Time": 11.802,
          "Actual Rows": 2,
          "Actual Loops": 1,
          "Workers Planned": 1,
          "Workers Launched": 1,
          "Single Copy": false,
          "Plans": [
            {
              "Node Type": "Aggregate",
              "Strategy": "Plain",
              "Partial Mode": "Partial",
              "Parent Relationship": "Outer",
              "Parallel Aware": false,
              "Startup Cost": 12142.76,
              "Total Cost": 12142.77,
              "Plan Rows": 1,
              "Plan Width": 8,
              "Actual Startup Time": 7.902,
              "Actual Total Time": 7.903,
              "Actual Rows": 1,
              "Actual Loops": 2,
              "Plans": [
                {
                  "Node Type": "Nested Loop",
                  "Parent Relationship": "Outer",
                  "Parallel Aware": false,
                  "Join Type": "Inner",
                  "Startup Cost": 54.76,
                  "Total Cost": 12141.07,
                  "Plan Rows": 675,
                  "Plan Width": 0,
                  "Actual Startup Time": 0.653,
                  "Actual Total Time": 7.788,
                  "Actual Rows": 1199,
                  "Actual Loops": 2,
                  "Inner Unique": true,
                  "Plans": [
                    {
                      "Node Type": "Bitmap Heap Scan",
                      "Parent Relationship": "Outer",
                      "Parallel Aware": true,
                      "Relation Name": "movie_companies",
                      "Alias": "mc",
                      "Startup Cost": 54.33,
                      "Total Cost": 6641.28,
                      "Plan Rows": 675,
                      "Plan Width": 4,
                      "Actual Startup Time": 0.594,
                      "Actual Total Time": 1.547,
                      "Actual Rows": 1199,
                      "Actual Loops": 2,
                      "Recheck Cond": "(company_id = 575)",
                      "Rows Removed by Index Recheck": 0,
                      "Filter": "(company_type_id = 1)",
                      "Rows Removed by Filter": 2,
                      "Exact Heap Blocks": 313,
                      "Lossy Heap Blocks": 0,
                      "Plans": [
                        {
                          "Node Type": "Bitmap Index Scan",
                          "Parent Relationship": "Outer",
                          "Parallel Aware": false,
                          "Index Name": "company_id_movie_companies",
                          "Startup Cost": 0.0,
                          "Total Cost": 54.04,
                          "Plan Rows": 2348,
                          "Plan Width": 0,
                          "Actual Startup Time": 1.089,
                          "Actual Total Time": 1.09,
                          "Actual Rows": 2403,
                          "Actual Loops": 1,
                          "Index Cond": "(company_id = 575)"
                        }
                      ]
                    },
                    {
                      "Node Type": "Index Only Scan",
                      "Parent Relationship": "Inner",
                      "Parallel Aware": false,
                      "Scan Direction": "Forward",
                      "Index Name": "title_pkey",
                      "Relation Name": "title",
                      "Alias": "t",
                      "Startup Cost": 0.43,
                      "Total Cost": 8.15,
                      "Plan Rows": 1,
                      "Plan Width": 4,
                      "Actual Startup Time": 0.005,
                      "Actual Total Time": 0.005,
                      "Actual Rows": 1,
                      "Actual Loops": 2398,
                      "Index Cond": "(id = mc.movie_id)",
                      "Rows Removed by Index Recheck": 0,
                      "Heap Fetches": 2398
                    }
                  ]
                }
              ]
            }
          ]
        }
      ]
    },
    "Planning Time": 0.293,
    "Triggers": [],
    "Execution Time": 11.85
  }
]