[
    {
        "Bao": {
            "Bao prediction": "NaN",
            "Bao recommended hint": "(no hint)"
        }
    },
    {
        "Plan": {
            "Node Type": "Aggregate",
            "Strategy": "Plain",
            "Partial Mode": "Finalize",
            "Parallel Aware": false,
            "Startup Cost": 32870.02,
            "Total Cost": 32870.03,
            "Plan Rows": 1,
            "Plan Width": 8,
            "Actual Startup Time": 107.028,
            "Actual Total Time": 112.638,
            "Actual Rows": 1,
            "Actual Loops": 1,
            "Output": [
                "count(*)"
            ],
            "Plans": [
                {
                    "Node Type": "Gather",
                    "Parent Relationship": "Outer",
                    "Parallel Aware": false,
                    "Startup Cost": 32869.7,
                    "Total Cost": 32870.01,
                    "Plan Rows": 3,
                    "Plan Width": 8,
                    "Actual Startup Time": 106.93,
                    "Actual Total Time": 112.631,
                    "Actual Rows": 4,
                    "Actual Loops": 1,
                    "Output": [
                        "(PARTIAL count(*))"
                    ],
                    "Workers Planned": 3,
                    "Workers Launched": 3,
                    "Single Copy": false,
                    "Plans": [
                        {
                            "Node Type": "Aggregate",
                            "Strategy": "Plain",
                            "Partial Mode": "Partial",
                            "Parent Relationship": "Outer",
                            "Parallel Aware": false,
                            "Startup Cost": 31869.7,
                            "Total Cost": 31869.71,
                            "Plan Rows": 1,
                            "Plan Width": 8,
                            "Actual Startup Time": 98.784,
                            "Actual Total Time": 98.785,
                            "Actual Rows": 1,
                            "Actual Loops": 4,
                            "Output": [
                                "PARTIAL count(*)"
                            ],
                            "Workers": [
                                {
                                    "Worker Number": 0,
                                    "Actual Startup Time": 96.014,
                                    "Actual Total Time": 96.015,
                                    "Actual Rows": 1,
                                    "Actual Loops": 1
                                },
                                {
                                    "Worker Number": 1,
                                    "Actual Startup Time": 96.213,
                                    "Actual Total Time": 96.214,
                                    "Actual Rows": 1,
                                    "Actual Loops": 1
                                },
                                {
                                    "Worker Number": 2,
                                    "Actual Startup Time": 96.597,
                                    "Actual Total Time": 96.598,
                                    "Actual Rows": 1,
                                    "Actual Loops": 1
                                }
                            ],
                            "Plans": [
                                {
                                    "Node Type": "Seq Scan",
                                    "Parent Relationship": "Outer",
                                    "Parallel Aware": true,
                                    "Relation Name": "movie_companies",
                                    "Schema": "public",
                                    "Alias": "mc",
                                    "Startup Cost": 0.0,
                                    "Total Cost": 31414.82,
                                    "Plan Rows": 181954,
                                    "Plan Width": 0,
                                    "Actual Startup Time": 49.836,
                                    "Actual Total Time": 88.334,
                                    "Actual Rows": 214377,
                                    "Actual Loops": 4,
                                    "Output": [
                                        "id",
                                        "movie_id",
                                        "company_id",
                                        "company_type_id",
                                        "note"
                                    ],
                                    "Filter": "((mc.company_id > 13913) AND (mc.company_type_id > 1))",
                                    "Rows Removed by Filter": 437905,
                                    "Workers": [
                                        {
                                            "Worker Number": 0,
                                            "Actual Startup Time": 47.079,
                                            "Actual Total Time": 85.827,
                                            "Actual Rows": 251457,
                                            "Actual Loops": 1
                                        },
                                        {
                                            "Worker Number": 1,
                                            "Actual Startup Time": 47.258,
                                            "Actual Total Time": 85.864,
                                            "Actual Rows": 155963,
                                            "Actual Loops": 1
                                        },
                                        {
                                            "Worker Number": 2,
                                            "Actual Startup Time": 47.639,
                                            "Actual Total Time": 86.307,
                                            "Actual Rows": 156362,
                                            "Actual Loops": 1
                                        }
                                    ]
                                }
                            ]
                        }
                    ]
                }
            ]
        },
        "Planning Time": 227.948,
        "Triggers": [],
        "Execution Time": 112.752
    }
]