{
    "Plan": {
        "Node Type": "Aggregate",
        "Strategy": "Plain",
        "Partial Mode": "Finalize",
        "Parallel Aware": false,
        "Startup Cost": 284909.73,
        "Total Cost": 284909.74,
        "Plan Rows": 1,
        "Plan Width": 8,
        "Actual Startup Time": 695.818,
        "Actual Total Time": 740.784,
        "Actual Rows": 1,
        "Actual Loops": 1,
        "Output": [
            "count(*)"
        ],
        "Plans": [
            {
                "Node Type": "Gather",
                "Parent Relationship": "Outer",
                "Parallel Aware": false,
                "Startup Cost": 284909.21,
                "Total Cost": 284909.72,
                "Plan Rows": 5,
                "Plan Width": 8,
                "Actual Startup Time": 687.224,
                "Actual Total Time": 740.77,
                "Actual Rows": 6,
                "Actual Loops": 1,
                "Output": [
                    "(PARTIAL count(*))"
                ],
                "Workers Planned": 5,
                "Workers Launched": 5,
                "Single Copy": false,
                "Plans": [
                    {
                        "Node Type": "Aggregate",
                        "Strategy": "Plain",
                        "Partial Mode": "Partial",
                        "Parent Relationship": "Outer",
                        "Parallel Aware": false,
                        "Startup Cost": 283909.21,
                        "Total Cost": 283909.22,
                        "Plan Rows": 1,
                        "Plan Width": 8,
                        "Actual Startup Time": 676.143,
                        "Actual Total Time": 676.253,
                        "Actual Rows": 1,
                        "Actual Loops": 6,
                        "Output": [
                            "PARTIAL count(*)"
                        ],
                        "Workers": [
                            {
                                "Worker Number": 0,
                                "Actual Startup Time": 674.562,
                                "Actual Total Time": 674.568,
                                "Actual Rows": 1,
                                "Actual Loops": 1
                            },
                            {
                                "Worker Number": 1,
                                "Actual Startup Time": 675.024,
                                "Actual Total Time": 675.03,
                                "Actual Rows": 1,
                                "Actual Loops": 1
                            },
                            {
                                "Worker Number": 2,
                                "Actual Startup Time": 674.716,
                                "Actual Total Time": 674.721,
                                "Actual Rows": 1,
                                "Actual Loops": 1
                            },
                            {
                                "Worker Number": 3,
                                "Actual Startup Time": 674.43,
                                "Actual Total Time": 674.435,
                                "Actual Rows": 1,
                                "Actual Loops": 1
                            },
                            {
                                "Worker Number": 4,
                                "Actual Startup Time": 674.198,
                                "Actual Total Time": 674.203,
                                "Actual Rows": 1,
                                "Actual Loops": 1
                            }
                        ],
                        "Plans": [
                            {
                                "Node Type": "Hash Join",
                                "Parent Relationship": "Outer",
                                "Parallel Aware": true,
                                "Join Type": "Inner",
                                "Startup Cost": 83574.96,
                                "Total Cost": 283726.55,
                                "Plan Rows": 73063,
                                "Plan Width": 0,
                                "Actual Startup Time": 366.957,
                                "Actual Total Time": 669.162,
                                "Actual Rows": 158392,
                                "Actual Loops": 6,
                                "Inner Unique": false,
                                "Hash Cond": "(mi.movie_id = t.id)",
                                "Workers": [
                                    {
                                        "Worker Number": 0,
                                        "Actual Startup Time": 365.467,
                                        "Actual Total Time": 667.952,
                                        "Actual Rows": 171280,
                                        "Actual Loops": 1
                                    },
                                    {
                                        "Worker Number": 1,
                                        "Actual Startup Time": 365.425,
                                        "Actual Total Time": 668.365,
                                        "Actual Rows": 172148,
                                        "Actual Loops": 1
                                    },
                                    {
                                        "Worker Number": 2,
                                        "Actual Startup Time": 365.625,
                                        "Actual Total Time": 667.751,
                                        "Actual Rows": 180114,
                                        "Actual Loops": 1
                                    },
                                    {
                                        "Worker Number": 3,
                                        "Actual Startup Time": 365.312,
                                        "Actual Total Time": 667.194,
                                        "Actual Rows": 114651,
                                        "Actual Loops": 1
                                    },
                                    {
                                        "Worker Number": 4,
                                        "Actual Startup Time": 365.062,
                                        "Actual Total Time": 667.277,
                                        "Actual Rows": 179201,
                                        "Actual Loops": 1
                                    }
                                ],
                                "Plans": [
                                    {
                                        "Node Type": "Seq Scan",
                                        "Parent Relationship": "Outer",
                                        "Parallel Aware": true,
                                        "Relation Name": "movie_info",
                                        "Schema": "public",
                                        "Alias": "mi",
                                        "Startup Cost": 0.0,
                                        "Total Cost": 198880.74,
                                        "Plan Rows": 290184,
                                        "Plan Width": 4,
                                        "Actual Startup Time": 49.759,
                                        "Actual Total Time": 311.185,
                                        "Actual Rows": 233650,
                                        "Actual Loops": 6,
                                        "Output": [
                                            "mi.id",
                                            "mi.movie_id",
                                            "mi.info_type_id",
                                            "mi.info",
                                            "mi.note"
                                        ],
                                        "Filter": "(mi.info_type_id = 7)",
                                        "Rows Removed by Filter": 2238970,
                                        "Workers": [
                                            {
                                                "Worker Number": 0,
                                                "Actual Startup Time": 49.776,
                                                "Actual Total Time": 311.267,
                                                "Actual Rows": 245699,
                                                "Actual Loops": 1
                                            },
                                            {
                                                "Worker Number": 1,
                                                "Actual Startup Time": 49.761,
                                                "Actual Total Time": 311.252,
                                                "Actual Rows": 246240,
                                                "Actual Loops": 1
                                            },
                                            {
                                                "Worker Number": 2,
                                                "Actual Startup Time": 49.776,
                                                "Actual Total Time": 311.513,
                                                "Actual Rows": 268367,
                                                "Actual Loops": 1
                                            },
                                            {
                                                "Worker Number": 3,
                                                "Actual Startup Time": 49.695,
                                                "Actual Total Time": 313.049,
                                                "Actual Rows": 175500,
                                                "Actual Loops": 1
                                            },
                                            {
                                                "Worker Number": 4,
                                                "Actual Startup Time": 49.787,
                                                "Actual Total Time": 311.666,
                                                "Actual Rows": 267214,
                                                "Actual Loops": 1
                                            }
                                        ]
                                    },
                                    {
                                        "Node Type": "Hash",
                                        "Parent Relationship": "Inner",
                                        "Parallel Aware": true,
                                        "Startup Cost": 81585.62,
                                        "Total Cost": 81585.62,
                                        "Plan Rows": 159147,
                                        "Plan Width": 8,
                                        "Actual Startup Time": 311.119,
                                        "Actual Total Time": 311.226,
                                        "Actual Rows": 63133,
                                        "Actual Loops": 6,
                                        "Output": [
                                            "t.id",
                                            "mc.movie_id"
                                        ],
                                        "Hash Buckets": 1048576,
                                        "Original Hash Buckets": 1048576,
                                        "Hash Batches": 1,
                                        "Original Hash Batches": 1,
                                        "Peak Memory Usage": 23104,
                                        "Workers": [
                                            {
                                                "Worker Number": 0,
                                                "Actual Startup Time": 312.443,
                                                "Actual Total Time": 312.448,
                                                "Actual Rows": 63860,
                                                "Actual Loops": 1
                                            },
                                            {
                                                "Worker Number": 1,
                                                "Actual Startup Time": 312.334,
                                                "Actual Total Time": 312.337,
                                                "Actual Rows": 65267,
                                                "Actual Loops": 1
                                            },
                                            {
                                                "Worker Number": 2,
                                                "Actual Startup Time": 312.578,
                                                "Actual Total Time": 312.582,
                                                "Actual Rows": 70204,
                                                "Actual Loops": 1
                                            },
                                            {
                                                "Worker Number": 3,
                                                "Actual Startup Time": 312.097,
                                                "Actual Total Time": 312.101,
                                                "Actual Rows": 50259,
                                                "Actual Loops": 1
                                            },
                                            {
                                                "Worker Number": 4,
                                                "Actual Startup Time": 312.019,
                                                "Actual Total Time": 312.022,
                                                "Actual Rows": 71124,
                                                "Actual Loops": 1
                                            }
                                        ],
                                        "Plans": [
                                            {
                                                "Node Type": "Hash Join",
                                                "Parent Relationship": "Outer",
                                                "Parallel Aware": true,
                                                "Join Type": "Inner",
                                                "Startup Cost": 34715.27,
                                                "Total Cost": 81585.62,
                                                "Plan Rows": 159147,
                                                "Plan Width": 8,
                                                "Actual Startup Time": 128.048,
                                                "Actual Total Time": 281.32,
                                                "Actual Rows": 63133,
                                                "Actual Loops": 6,
                                                "Output": [
                                                    "t.id",
                                                    "mc.movie_id"
                                                ],
                                                "Inner Unique": false,
                                                "Hash Cond": "(t.id = mc.movie_id)",
                                                "Workers": [
                                                    {
                                                        "Worker Number": 0,
                                                        "Actual Startup Time": 132.642,
                                                        "Actual Total Time": 281.45,
                                                        "Actual Rows": 63860,
                                                        "Actual Loops": 1
                                                    },
                                                    {
                                                        "Worker Number": 1,
                                                        "Actual Startup Time": 120.846,
                                                        "Actual Total Time": 281.006,
                                                        "Actual Rows": 65267,
                                                        "Actual Loops": 1
                                                    },
                                                    {
                                                        "Worker Number": 2,
                                                        "Actual Startup Time": 125.634,
                                                        "Actual Total Time": 281.139,
                                                        "Actual Rows": 70204,
                                                        "Actual Loops": 1
                                                    },
                                                    {
                                                        "Worker Number": 3,
                                                        "Actual Startup Time": 123.938,
                                                        "Actual Total Time": 281.302,
                                                        "Actual Rows": 50259,
                                                        "Actual Loops": 1
                                                    },
                                                    {
                                                        "Worker Number": 4,
                                                        "Actual Startup Time": 132.537,
                                                        "Actual Total Time": 281.055,
                                                        "Actual Rows": 71124,
                                                        "Actual Loops": 1
                                                    }
                                                ],
                                                "Plans": [
                                                    {
                                                        "Node Type": "Seq Scan",
                                                        "Parent Relationship": "Outer",
                                                        "Parallel Aware": true,
                                                        "Relation Name": "title",
                                                        "Schema": "public",
                                                        "Alias": "t",
                                                        "Startup Cost": 0.0,
                                                        "Total Cost": 43899.01,
                                                        "Plan Rows": 491594,
                                                        "Plan Width": 4,
                                                        "Actual Startup Time": 0.033,
                                                        "Actual Total Time": 75.589,
                                                        "Actual Rows": 329436,
                                                        "Actual Loops": 6,
                                                        "Output": [
                                                            "t.id",
                                                            "t.title",
                                                            "t.imdb_index",
                                                            "t.kind_id",
                                                            "t.production_year",
                                                            "t.imdb_id",
                                                            "t.phonetic_code",
                                                            "t.episode_of_id",
                                                            "t.season_nr",
                                                            "t.episode_nr",
                                                            "t.series_years",
                                                            "t.md5sum"
                                                        ],
                                                        "Filter": "(t.production_year > 1977)",
                                                        "Rows Removed by Filter": 91949,
                                                        "Workers": [
                                                            {
                                                                "Worker Number": 0,
                                                                "Actual Startup Time": 0.038,
                                                                "Actual Total Time": 74.685,
                                                                "Actual Rows": 327195,
                                                                "Actual Loops": 1
                                                            },
                                                            {
                                                                "Worker Number": 1,
                                                                "Actual Startup Time": 0.039,
                                                                "Actual Total Time": 74.625,
                                                                "Actual Rows": 328869,
                                                                "Actual Loops": 1
                                                            },
                                                            {
                                                                "Worker Number": 2,
                                                                "Actual Startup Time": 0.03,
                                                                "Actual Total Time": 76.917,
                                                                "Actual Rows": 368665,
                                                                "Actual Loops": 1
                                                            },
                                                            {
                                                                "Worker Number": 3,
                                                                "Actual Startup Time": 0.04,
                                                                "Actual Total Time": 81.253,
                                                                "Actual Rows": 258734,
                                                                "Actual Loops": 1
                                                            },
                                                            {
                                                                "Worker Number": 4,
                                                                "Actual Startup Time": 0.035,
                                                                "Actual Total Time": 76.753,
                                                                "Actual Rows": 367993,
                                                                "Actual Loops": 1
                                                            }
                                                        ]
                                                    },
                                                    {
                                                        "Node Type": "Hash",
                                                        "Parent Relationship": "Inner",
                                                        "Parallel Aware": true,
                                                        "Startup Cost": 31414.82,
                                                        "Total Cost": 31414.82,
                                                        "Plan Rows": 264036,
                                                        "Plan Width": 4,
                                                        "Actual Startup Time": 114.267,
                                                        "Actual Total Time": 114.268,
                                                        "Actual Rows": 101866,
                                                        "Actual Loops": 6,
                                                        "Output": [
                                                            "mc.movie_id"
                                                        ],
                                                        "Hash Buckets": 1048576,
                                                        "Original Hash Buckets": 1048576,
                                                        "Hash Batches": 1,
                                                        "Original Hash Batches": 1,
                                                        "Peak Memory Usage": 32224,
                                                        "Workers": [
                                                            {
                                                                "Worker Number": 0,
                                                                "Actual Startup Time": 116.076,
                                                                "Actual Total Time": 116.077,
                                                                "Actual Rows": 102749,
                                                                "Actual Loops": 1
                                                            },
                                                            {
                                                                "Worker Number": 1,
                                                                "Actual Startup Time": 115.89,
                                                                "Actual Total Time": 115.892,
                                                                "Actual Rows": 98474,
                                                                "Actual Loops": 1
                                                            },
                                                            {
                                                                "Worker Number": 2,
                                                                "Actual Startup Time": 115.94,
                                                                "Actual Total Time": 115.942,
                                                                "Actual Rows": 107167,
                                                                "Actual Loops": 1
                                                            },
                                                            {
                                                                "Worker Number": 3,
                                                                "Actual Startup Time": 115.905,
                                                                "Actual Total Time": 115.907,
                                                                "Actual Rows": 82108,
                                                                "Actual Loops": 1
                                                            },
                                                            {
                                                                "Worker Number": 4,
                                                                "Actual Startup Time": 115.916,
                                                                "Actual Total Time": 115.917,
                                                                "Actual Rows": 106977,
                                                                "Actual Loops": 1
                                                            }
                                                        ],
                                                        "Plans": [
                                                            {
                                                                "Node Type": "Seq Scan",
                                                                "Parent Relationship": "Outer",
                                                                "Parallel Aware": true,
                                                                "Relation Name": "movie_companies",
                                                                "Schema": "public",
                                                                "Alias": "mc",
                                                                "Startup Cost": 0.0,
                                                                "Total Cost": 31414.82,
                                                                "Plan Rows": 264036,
                                                                "Plan Width": 4,
                                                                "Actual Startup Time": 2.944,
                                                                "Actual Total Time": 68.024,
                                                                "Actual Rows": 101866,
                                                                "Actual Loops": 6,
                                                                "Output": [
                                                                    "mc.movie_id"
                                                                ],
                                                                "Filter": "((mc.company_id > 3458) AND (mc.company_type_id < 2))",
                                                                "Rows Removed by Filter": 332988,
                                                                "Workers": [
                                                                    {
                                                                        "Worker Number": 0,
                                                                        "Actual Startup Time": 3.006,
                                                                        "Actual Total Time": 68.078,
                                                                        "Actual Rows": 102749,
                                                                        "Actual Loops": 1
                                                                    },
                                                                    {
                                                                        "Worker Number": 1,
                                                                        "Actual Startup Time": 2.986,
                                                                        "Actual Total Time": 67.818,
                                                                        "Actual Rows": 98474,
                                                                        "Actual Loops": 1
                                                                    },
                                                                    {
                                                                        "Worker Number": 2,
                                                                        "Actual Startup Time": 2.886,
                                                                        "Actual Total Time": 68.296,
                                                                        "Actual Rows": 107167,
                                                                        "Actual Loops": 1
                                                                    },
                                                                    {
                                                                        "Worker Number": 3,
                                                                        "Actual Startup Time": 2.899,
                                                                        "Actual Total Time": 68.788,
                                                                        "Actual Rows": 82108,
                                                                        "Actual Loops": 1
                                                                    },
                                                                    {
                                                                        "Worker Number": 4,
                                                                        "Actual Startup Time": 2.981,
                                                                        "Actual Total Time": 67.627,
                                                                        "Actual Rows": 106977,
                                                                        "Actual Loops": 1
                                                                    }
                                                                ]
                                                            }
                                                        ]
                                                    }
                                                ]
                                            }
                                        ]
                                    }
                                ]
                            }
                        ]
                    }
                ]
            }
        ]
    },
    "Planning Time": 1.568,
    "Triggers": [],
    "Execution Time": 740.887
}