{
  "Plan": {
    "Node Type": "Aggregate",
    "Strategy": "Plain",
    "Partial Mode": "Finalize",
    "Parallel Aware": false,
    "Startup Cost": 164637.69,
    "Total Cost": 164637.7,
    "Plan Rows": 1,
    "Plan Width": 8,
    "Actual Startup Time": 939.269,
    "Actual Total Time": 957.091,
    "Actual Rows": 1,
    "Actual Loops": 1,
    "Plans": [
      {
        "Node Type": "Gather",
        "Parent Relationship": "Outer",
        "Parallel Aware": false,
        "Startup Cost": 164637.58,
        "Total Cost": 164637.69,
        "Plan Rows": 1,
        "Plan Width": 8,
        "Actual Startup Time": 937.415,
        "Actual Total Time": 957.082,
        "Actual Rows": 2,
        "Actual Loops": 1,
        "Workers Planned": 1,
        "Workers Launched": 1,
        "Single Copy": false,
        "Plans": [
          {
            "Node Type": "Aggregate",
            "Strategy": "Plain",
            "Partial Mode": "Partial",
            "Parent Relationship": "Outer",
            "Parallel Aware": false,
            "Startup Cost": 163637.58,
            "Total Cost": 163637.59,
            "Plan Rows": 1,
            "Plan Width": 8,
            "Actual Startup Time": 930.602,
            "Actual Total Time": 930.936,
            "Actual Rows": 1,
            "Actual Loops": 2,
            "Plans": [
              {
                "Node Type": "Hash Join",
                "Parent Relationship": "Outer",
                "Parallel Aware": true,
                "Join Type": "Inner",
                "Startup Cost": 100631.17,
                "Total Cost": 163052.48,
                "Plan Rows": 234040,
                "Plan Width": 0,
                "Actual Startup Time": 542.405,
                "Actual Total Time": 913.386,
                "Actual Rows": 435180,
                "Actual Loops": 2,
                "Inner Unique": false,
                "Hash Cond": "(mk.movie_id = t.id)",
                "Plans": [
                  {
                    "Node Type": "Seq Scan",
                    "Parent Relationship": "Outer",
                    "Parallel Aware": true,
                    "Relation Name": "movie_keyword",
                    "Alias": "mk",
                    "Startup Cost": 0.0,
                    "Total Cost": 51065.35,
                    "Plan Rows": 2661135,
                    "Plan Width": 4,
                    "Actual Startup Time": 0.016,
                    "Actual Total Time": 155.312,
                    "Actual Rows": 2261965,
                    "Actual Loops": 2
                  },
                  {
                    "Node Type": "Hash",
                    "Parent Relationship": "Inner",
                    "Parallel Aware": true,
                    "Startup Cost": 98996.19,
                    "Total Cost": 98996.19,
                    "Plan Rows": 130798,
                    "Plan Width": 8,
                    "Actual Startup Time": 538.62,
                    "Actual Total Time": 538.952,
                    "Actual Rows": 153548,
                    "Actual Loops": 2,
                    "Hash Buckets": 524288,
                    "Original Hash Buckets": 262144,
                    "Hash Batches": 1,
                    "Original Hash Batches": 1,
                    "Peak Memory Usage": 18208,
                    "Plans": [
                      {
                        "Node Type": "Hash Join",
                        "Parent Relationship": "Outer",
                        "Parallel Aware": true,
                        "Join Type": "Inner",
                        "Startup Cost": 35392.06,
                        "Total Cost": 98996.19,
                        "Plan Rows": 130798,
                        "Plan Width": 8,
                        "Actual Startup Time": 161.439,
                        "Actual Total Time": 487.7,
                        "Actual Rows": 153548,
                        "Actual Loops": 2,
                        "Inner Unique": false,
                        "Hash Cond": "(t.id = mc.movie_id)",
                        "Plans": [
                          {
                            "Node Type": "Seq Scan",
                            "Parent Relationship": "Outer",
                            "Parallel Aware": true,
                            "Relation Name": "title",
                            "Alias": "t",
                            "Startup Cost": 0.0,
                            "Total Cost": 58306.47,
                            "Plan Rows": 724522,
                            "Plan Width": 4,
                            "Actual Startup Time": 0.014,
                            "Actual Total Time": 157.603,
                            "Actual Rows": 598687,
                            "Actual Loops": 2,
                            "Filter": "((kind_id > 1) AND (production_year < 2008))",
                            "Rows Removed by Filter": 665469
                          },
                          {
                            "Node Type": "Hash",
                            "Parent Relationship": "Inner",
                            "Parallel Aware": true,
                            "Startup Cost": 32035.93,
                            "Total Cost": 32035.93,
                            "Plan Rows": 268491,
                            "Plan Width": 4,
                            "Actual Startup Time": 157.401,
                            "Actual Total Time": 157.403,
                            "Actual Rows": 225033,
                            "Actual Loops": 2,
                            "Hash Buckets": 524288,
                            "Original Hash Buckets": 524288,
                            "Hash Batches": 1,
                            "Original Hash Batches": 1,
                            "Peak Memory Usage": 21728,
                            "Plans": [
                              {
                                "Node Type": "Bitmap Heap Scan",
                                "Parent Relationship": "Outer",
                                "Parallel Aware": true,
                                "Relation Name": "movie_companies",
                                "Alias": "mc",
                                "Startup Cost": 9889.79,
                                "Total Cost": 32035.93,
                                "Plan Rows": 268491,
                                "Plan Width": 4,
                                "Actual Startup Time": 32.971,
                                "Actual Total Time": 98.13,
                                "Actual Rows": 225033,
                                "Actual Loops": 2,
                                "Recheck Cond": "(company_id < 369)",
                                "Rows Removed by Index Recheck": 0,
                                "Exact Heap Blocks": 11480,
                                "Lossy Heap Blocks": 0,
                                "Plans": [
                                  {
                                    "Node Type": "Bitmap Index Scan",
                                    "Parent Relationship": "Outer",
                                    "Parallel Aware": false,
                                    "Index Name": "company_id_movie_companies",
                                    "Startup Cost": 0.0,
                                    "Total Cost": 9775.68,
                                    "Plan Rows": 456434,
                                    "Plan Width": 0,
                                    "Actual Startup Time": 30.2,
                                    "Actual Total Time": 30.2,
                                    "Actual Rows": 450066,
                                    "Actual Loops": 1,
                                    "Index Cond": "(company_id < 369)"
                                  }
                                ]
                              }
                            ]
                          }
                        ]
                      }
                    ]
                  }
                ]
              }
            ]
          }
        ]
      }
    ]
  },
  "Planning Time": 1.071,
  "Triggers": [],
  "Execution Time": 957.196
}