{
    "Plan": {
        "Node Type": "Aggregate",
        "Strategy": "Plain",
        "Partial Mode": "Simple",
        "Parallel Aware": false,
        "Startup Cost": 90001267824.14,
        "Total Cost": 90001267824.15,
        "Plan Rows": 1,
        "Plan Width": 8,
        "Actual Startup Time": 3626.837,
        "Actual Total Time": 3647.593,
        "Actual Rows": 1,
        "Actual Loops": 1,
        "Output": [
            "count(*)"
        ],
        "Plans": [
            {
                "Node Type": "Hash Join",
                "Parent Relationship": "Outer",
                "Parallel Aware": false,
                "Join Type": "Inner",
                "Startup Cost": 90001267812.05,
                "Total Cost": 90001267824.13,
                "Plan Rows": 1,
                "Plan Width": 0,
                "Actual Startup Time": 3626.833,
                "Actual Total Time": 3647.587,
                "Actual Rows": 0,
                "Actual Loops": 1,
                "Inner Unique": false,
                "Hash Cond": "(cct1.id = cc.subject_id)",
                "Plans": [
                    {
                        "Node Type": "Index Scan",
                        "Parent Relationship": "Outer",
                        "Parallel Aware": false,
                        "Scan Direction": "Forward",
                        "Index Name": "comp_cast_type_pkey",
                        "Relation Name": "comp_cast_type",
                        "Schema": "public",
                        "Alias": "cct1",
                        "Startup Cost": 0.13,
                        "Total Cost": 12.2,
                        "Plan Rows": 1,
                        "Plan Width": 4,
                        "Actual Startup Time": 0.018,
                        "Actual Total Time": 0.018,
                        "Actual Rows": 1,
                        "Actual Loops": 1,
                        "Output": [
                            "cct1.id",
                            "cct1.kind"
                        ],
                        "Filter": "((cct1.kind)::text = 'cast'::text)",
                        "Rows Removed by Filter": 0
                    },
                    {
                        "Node Type": "Hash",
                        "Parent Relationship": "Inner",
                        "Parallel Aware": false,
                        "Startup Cost": 90001267811.91,
                        "Total Cost": 90001267811.91,
                        "Plan Rows": 1,
                        "Plan Width": 4,
                        "Actual Startup Time": 3626.81,
                        "Actual Total Time": 3647.563,
                        "Actual Rows": 0,
                        "Actual Loops": 1,
                        "Output": [
                            "cc.subject_id"
                        ],
                        "Hash Buckets": 1024,
                        "Original Hash Buckets": 1024,
                        "Hash Batches": 1,
                        "Original Hash Batches": 1,
                        "Peak Memory Usage": 8,
                        "Plans": [
                            {
                                "Node Type": "Nested Loop",
                                "Parent Relationship": "Outer",
                                "Parallel Aware": false,
                                "Join Type": "Inner",
                                "Startup Cost": 90001120435.52,
                                "Total Cost": 90001267811.91,
                                "Plan Rows": 1,
                                "Plan Width": 4,
                                "Actual Startup Time": 3626.809,
                                "Actual Total Time": 3647.562,
                                "Actual Rows": 0,
                                "Actual Loops": 1,
                                "Output": [
                                    "cc.subject_id"
                                ],
                                "Inner Unique": true,
                                "Plans": [
                                    {
                                        "Node Type": "Nested Loop",
                                        "Parent Relationship": "Outer",
                                        "Parallel Aware": false,
                                        "Join Type": "Inner",
                                        "Startup Cost": 90001120435.37,
                                        "Total Cost": 90001267811.73,
                                        "Plan Rows": 1,
                                        "Plan Width": 8,
                                        "Actual Startup Time": 3626.809,
                                        "Actual Total Time": 3647.56,
                                        "Actual Rows": 0,
                                        "Actual Loops": 1,
                                        "Output": [
                                            "cc.subject_id",
                                            "mi.info_type_id"
                                        ],
                                        "Inner Unique": true,
                                        "Plans": [
                                            {
                                                "Node Type": "Merge Join",
                                                "Parent Relationship": "Outer",
                                                "Parallel Aware": false,
                                                "Join Type": "Inner",
                                                "Startup Cost": 80001120434.95,
                                                "Total Cost": 80001267807.28,
                                                "Plan Rows": 1,
                                                "Plan Width": 12,
                                                "Actual Startup Time": 3626.808,
                                                "Actual Total Time": 3647.559,
                                                "Actual Rows": 0,
                                                "Actual Loops": 1,
                                                "Output": [
                                                    "cc.subject_id",
                                                    "mc.company_id",
                                                    "mi.info_type_id"
                                                ],
                                                "Inner Unique": false,
                                                "Merge Cond": "(mc.movie_id = t.id)",
                                                "Plans": [
                                                    {
                                                        "Node Type": "Index Scan",
                                                        "Parent Relationship": "Outer",
                                                        "Parallel Aware": false,
                                                        "Scan Direction": "Forward",
                                                        "Index Name": "movie_id_movie_companies",
                                                        "Relation Name": "movie_companies",
                                                        "Schema": "public",
                                                        "Alias": "mc",
                                                        "Startup Cost": 0.43,
                                                        "Total Cost": 140849.93,
                                                        "Plan Rows": 2609129,
                                                        "Plan Width": 8,
                                                        "Actual Startup Time": 0.016,
                                                        "Actual Total Time": 0.016,
                                                        "Actual Rows": 1,
                                                        "Actual Loops": 1,
                                                        "Output": [
                                                            "mc.id",
                                                            "mc.movie_id",
                                                            "mc.company_id",
                                                            "mc.company_type_id",
                                                            "mc.note"
                                                        ]
                                                    },
                                                    {
                                                        "Node Type": "Sort",
                                                        "Parent Relationship": "Inner",
                                                        "Parallel Aware": false,
                                                        "Startup Cost": 80001120434.52,
                                                        "Total Cost": 80001120434.52,
                                                        "Plan Rows": 1,
                                                        "Plan Width": 28,
                                                        "Actual Startup Time": 3626.791,
                                                        "Actual Total Time": 3647.541,
                                                        "Actual Rows": 0,
                                                        "Actual Loops": 1,
                                                        "Output": [
                                                            "ci.movie_id",
                                                            "cc.movie_id",
                                                            "cc.subject_id",
                                                            "mi.movie_id",
                                                            "mi.info_type_id",
                                                            "mk.movie_id",
                                                            "t.id"
                                                        ],
                                                        "Sort Key": [
                                                            "ci.movie_id"
                                                        ],
                                                        "Sort Method": "quicksort",
                                                        "Sort Space Used": 25,
                                                        "Sort Space Type": "Memory",
                                                        "Plans": [
                                                            {
                                                                "Node Type": "Merge Join",
                                                                "Parent Relationship": "Outer",
                                                                "Parallel Aware": false,
                                                                "Join Type": "Inner",
                                                                "Startup Cost": 80001120434.48,
                                                                "Total Cost": 80001120434.51,
                                                                "Plan Rows": 1,
                                                                "Plan Width": 28,
                                                                "Actual Startup Time": 3626.788,
                                                                "Actual Total Time": 3647.537,
                                                                "Actual Rows": 0,
                                                                "Actual Loops": 1,
                                                                "Output": [
                                                                    "ci.movie_id",
                                                                    "cc.movie_id",
                                                                    "cc.subject_id",
                                                                    "mi.movie_id",
                                                                    "mi.info_type_id",
                                                                    "mk.movie_id",
                                                                    "t.id"
                                                                ],
                                                                "Inner Unique": false,
                                                                "Merge Cond": "(it3.id = pi.info_type_id)",
                                                                "Plans": [
                                                                    {
                                                                        "Node Type": "Sort",
                                                                        "Parent Relationship": "Outer",
                                                                        "Parallel Aware": false,
                                                                        "Startup Cost": 2.42,
                                                                        "Total Cost": 2.43,
                                                                        "Plan Rows": 1,
                                                                        "Plan Width": 4,
                                                                        "Actual Startup Time": 0.019,
                                                                        "Actual Total Time": 0.02,
                                                                        "Actual Rows": 1,
                                                                        "Actual Loops": 1,
                                                                        "Output": [
                                                                            "it3.id"
                                                                        ],
                                                                        "Sort Key": [
                                                                            "it3.id"
                                                                        ],
                                                                        "Sort Method": "quicksort",
                                                                        "Sort Space Used": 25,
                                                                        "Sort Space Type": "Memory",
                                                                        "Plans": [
                                                                            {
                                                                                "Node Type": "Seq Scan",
                                                                                "Parent Relationship": "Outer",
                                                                                "Parallel Aware": false,
                                                                                "Relation Name": "info_type",
                                                                                "Schema": "public",
                                                                                "Alias": "it3",
                                                                                "Startup Cost": 0.0,
                                                                                "Total Cost": 2.41,
                                                                                "Plan Rows": 1,
                                                                                "Plan Width": 4,
                                                                                "Actual Startup Time": 0.01,
                                                                                "Actual Total Time": 0.015,
                                                                                "Actual Rows": 1,
                                                                                "Actual Loops": 1,
                                                                                "Output": [
                                                                                    "it3.id"
                                                                                ],
                                                                                "Filter": "((it3.info)::text = 'height'::text)",
                                                                                "Rows Removed by Filter": 112
                                                                            }
                                                                        ]
                                                                    },
                                                                    {
                                                                        "Node Type": "Sort",
                                                                        "Parent Relationship": "Inner",
                                                                        "Parallel Aware": false,
                                                                        "Startup Cost": 80001120432.06,
                                                                        "Total Cost": 80001120432.06,
                                                                        "Plan Rows": 1,
                                                                        "Plan Width": 32,
                                                                        "Actual Startup Time": 3626.768,
                                                                        "Actual Total Time": 3647.515,
                                                                        "Actual Rows": 0,
                                                                        "Actual Loops": 1,
                                                                        "Output": [
                                                                            "ci.movie_id",
                                                                            "cc.movie_id",
                                                                            "cc.subject_id",
                                                                            "mi.movie_id",
                                                                            "mi.info_type_id",
                                                                            "mk.movie_id",
                                                                            "pi.info_type_id",
                                                                            "t.id"
                                                                        ],
                                                                        "Sort Key": [
                                                                            "pi.info_type_id"
                                                                        ],
                                                                        "Sort Method": "quicksort",
                                                                        "Sort Space Used": 25,
                                                                        "Sort Space Type": "Memory",
                                                                        "Plans": [
                                                                            {
                                                                                "Node Type": "Merge Join",
                                                                                "Parent Relationship": "Outer",
                                                                                "Parallel Aware": false,
                                                                                "Join Type": "Inner",
                                                                                "Startup Cost": 80001120432.02,
                                                                                "Total Cost": 80001120432.05,
                                                                                "Plan Rows": 1,
                                                                                "Plan Width": 32,
                                                                                "Actual Startup Time": 3626.758,
                                                                                "Actual Total Time": 3647.505,
                                                                                "Actual Rows": 0,
                                                                                "Actual Loops": 1,
                                                                                "Output": [
                                                                                    "ci.movie_id",
                                                                                    "cc.movie_id",
                                                                                    "cc.subject_id",
                                                                                    "mi.movie_id",
                                                                                    "mi.info_type_id",
                                                                                    "mk.movie_id",
                                                                                    "pi.info_type_id",
                                                                                    "t.id"
                                                                                ],
                                                                                "Inner Unique": false,
                                                                                "Merge Cond": "(ci.role_id = rt.id)",
                                                                                "Plans": [
                                                                                    {
                                                                                        "Node Type": "Sort",
                                                                                        "Parent Relationship": "Outer",
                                                                                        "Parallel Aware": false,
                                                                                        "Startup Cost": 70001120430.86,
                                                                                        "Total Cost": 70001120430.87,
                                                                                        "Plan Rows": 1,
                                                                                        "Plan Width": 36,
                                                                                        "Actual Startup Time": 3626.757,
                                                                                        "Actual Total Time": 3647.503,
                                                                                        "Actual Rows": 0,
                                                                                        "Actual Loops": 1,
                                                                                        "Output": [
                                                                                            "ci.movie_id",
                                                                                            "ci.role_id",
                                                                                            "cc.movie_id",
                                                                                            "cc.subject_id",
                                                                                            "mi.movie_id",
                                                                                            "mi.info_type_id",
                                                                                            "mk.movie_id",
                                                                                            "pi.info_type_id",
                                                                                            "t.id"
                                                                                        ],
                                                                                        "Sort Key": [
                                                                                            "ci.role_id"
                                                                                        ],
                                                                                        "Sort Method": "quicksort",
                                                                                        "Sort Space Used": 25,
                                                                                        "Sort Space Type": "Memory",
                                                                                        "Plans": [
                                                                                            {
                                                                                                "Node Type": "Merge Join",
                                                                                                "Parent Relationship": "Outer",
                                                                                                "Parallel Aware": false,
                                                                                                "Join Type": "Inner",
                                                                                                "Startup Cost": 70001120430.83,
                                                                                                "Total Cost": 70001120430.85,
                                                                                                "Plan Rows": 1,
                                                                                                "Plan Width": 36,
                                                                                                "Actual Startup Time": 3626.755,
                                                                                                "Actual Total Time": 3647.501,
                                                                                                "Actual Rows": 0,
                                                                                                "Actual Loops": 1,
                                                                                                "Output": [
                                                                                                    "ci.movie_id",
                                                                                                    "ci.role_id",
                                                                                                    "cc.movie_id",
                                                                                                    "cc.subject_id",
                                                                                                    "mi.movie_id",
                                                                                                    "mi.info_type_id",
                                                                                                    "mk.movie_id",
                                                                                                    "pi.info_type_id",
                                                                                                    "t.id"
                                                                                                ],
                                                                                                "Inner Unique": false,
                                                                                                "Merge Cond": "(chn.id = ci.person_role_id)",
                                                                                                "Plans": [
                                                                                                    {
                                                                                                        "Node Type": "Sort",
                                                                                                        "Parent Relationship": "Outer",
                                                                                                        "Parallel Aware": false,
                                                                                                        "Startup Cost": 10000075700.85,
                                                                                                        "Total Cost": 10000075700.85,
                                                                                                        "Plan Rows": 1,
                                                                                                        "Plan Width": 4,
                                                                                                        "Actual Startup Time": 243.547,
                                                                                                        "Actual Total Time": 243.549,
                                                                                                        "Actual Rows": 1,
                                                                                                        "Actual Loops": 1,
                                                                                                        "Output": [
                                                                                                            "chn.id"
                                                                                                        ],
                                                                                                        "Sort Key": [
                                                                                                            "chn.id"
                                                                                                        ],
                                                                                                        "Sort Method": "quicksort",
                                                                                                        "Sort Space Used": 25,
                                                                                                        "Sort Space Type": "Memory",
                                                                                                        "Plans": [
                                                                                                            {
                                                                                                                "Node Type": "Seq Scan",
                                                                                                                "Parent Relationship": "Outer",
                                                                                                                "Parallel Aware": false,
                                                                                                                "Relation Name": "char_name",
                                                                                                                "Schema": "public",
                                                                                                                "Alias": "chn",
                                                                                                                "Startup Cost": 10000000000.0,
                                                                                                                "Total Cost": 10000075700.84,
                                                                                                                "Plan Rows": 1,
                                                                                                                "Plan Width": 4,
                                                                                                                "Actual Startup Time": 13.967,
                                                                                                                "Actual Total Time": 243.54,
                                                                                                                "Actual Rows": 1,
                                                                                                                "Actual Loops": 1,
                                                                                                                "Output": [
                                                                                                                    "chn.id"
                                                                                                                ],
                                                                                                                "Filter": "(chn.name = 'Queen'::text)",
                                                                                                                "Rows Removed by Filter": 3140338
                                                                                                            }
                                                                                                        ]
                                                                                                    },
                                                                                                    {
                                                                                                        "Node Type": "Sort",
                                                                                                        "Parent Relationship": "Inner",
                                                                                                        "Parallel Aware": false,
                                                                                                        "Startup Cost": 60001044729.98,
                                                                                                        "Total Cost": 60001044729.99,
                                                                                                        "Plan Rows": 1,
                                                                                                        "Plan Width": 40,
                                                                                                        "Actual Startup Time": 3383.2,
                                                                                                        "Actual Total Time": 3403.943,
                                                                                                        "Actual Rows": 1,
                                                                                                        "Actual Loops": 1,
                                                                                                        "Output": [
                                                                                                            "ci.movie_id",
                                                                                                            "ci.role_id",
                                                                                                            "ci.person_role_id",
                                                                                                            "cc.movie_id",
                                                                                                            "cc.subject_id",
                                                                                                            "mi.movie_id",
                                                                                                            "mi.info_type_id",
                                                                                                            "mk.movie_id",
                                                                                                            "pi.info_type_id",
                                                                                                            "t.id"
                                                                                                        ],
                                                                                                        "Sort Key": [
                                                                                                            "ci.person_role_id"
                                                                                                        ],
                                                                                                        "Sort Method": "quicksort",
                                                                                                        "Sort Space Used": 48,
                                                                                                        "Sort Space Type": "Memory",
                                                                                                        "Plans": [
                                                                                                            {
                                                                                                                "Node Type": "Nested Loop",
                                                                                                                "Parent Relationship": "Outer",
                                                                                                                "Parallel Aware": false,
                                                                                                                "Join Type": "Inner",
                                                                                                                "Startup Cost": 60000966215.46,
                                                                                                                "Total Cost": 60001044729.97,
                                                                                                                "Plan Rows": 1,
                                                                                                                "Plan Width": 40,
                                                                                                                "Actual Startup Time": 3183.052,
                                                                                                                "Actual Total Time": 3403.882,
                                                                                                                "Actual Rows": 296,
                                                                                                                "Actual Loops": 1,
                                                                                                                "Output": [
                                                                                                                    "ci.movie_id",
                                                                                                                    "ci.role_id",
                                                                                                                    "ci.person_role_id",
                                                                                                                    "cc.movie_id",
                                                                                                                    "cc.subject_id",
                                                                                                                    "mi.movie_id",
                                                                                                                    "mi.info_type_id",
                                                                                                                    "mk.movie_id",
                                                                                                                    "pi.info_type_id",
                                                                                                                    "t.id"
                                                                                                                ],
                                                                                                                "Inner Unique": false,
                                                                                                                "Join Filter": "(n.id = pi.person_id)",
                                                                                                                "Rows Removed by Join Filter": 0,
                                                                                                                "Plans": [
                                                                                                                    {
                                                                                                                        "Node Type": "Nested Loop",
                                                                                                                        "Parent Relationship": "Outer",
                                                                                                                        "Parallel Aware": false,
                                                                                                                        "Join Type": "Inner",
                                                                                                                        "Startup Cost": 50000966214.77,
                                                                                                                        "Total Cost": 50001044724.66,
                                                                                                                        "Plan Rows": 1,
                                                                                                                        "Plan Width": 48,
                                                                                                                        "Actual Startup Time": 3183.014,
                                                                                                                        "Actual Total Time": 3403.764,
                                                                                                                        "Actual Rows": 2,
                                                                                                                        "Actual Loops": 1,
                                                                                                                        "Output": [
                                                                                                                            "an.person_id",
                                                                                                                            "ci.movie_id",
                                                                                                                            "ci.person_id",
                                                                                                                            "ci.role_id",
                                                                                                                            "ci.person_role_id",
                                                                                                                            "cc.movie_id",
                                                                                                                            "cc.subject_id",
                                                                                                                            "mi.movie_id",
                                                                                                                            "mi.info_type_id",
                                                                                                                            "mk.movie_id",
                                                                                                                            "n.id",
                                                                                                                            "t.id"
                                                                                                                        ],
                                                                                                                        "Inner Unique": false,
                                                                                                                        "Join Filter": "(t.id = mi.movie_id)",
                                                                                                                        "Rows Removed by Join Filter": 0,
                                                                                                                        "Plans": [
                                                                                                                            {
                                                                                                                                "Node Type": "Hash Join",
                                                                                                                                "Parent Relationship": "Outer",
                                                                                                                                "Parallel Aware": false,
                                                                                                                                "Join Type": "Inner",
                                                                                                                                "Startup Cost": 50000966214.34,
                                                                                                                                "Total Cost": 50001044723.24,
                                                                                                                                "Plan Rows": 1,
                                                                                                                                "Plan Width": 40,
                                                                                                                                "Actual Startup Time": 3182.975,
                                                                                                                                "Actual Total Time": 3403.539,
                                                                                                                                "Actual Rows": 2,
                                                                                                                                "Actual Loops": 1,
                                                                                                                                "Output": [
                                                                                                                                    "an.person_id",
                                                                                                                                    "ci.movie_id",
                                                                                                                                    "ci.person_id",
                                                                                                                                    "ci.role_id",
                                                                                                                                    "ci.person_role_id",
                                                                                                                                    "cc.movie_id",
                                                                                                                                    "cc.subject_id",
                                                                                                                                    "mk.movie_id",
                                                                                                                                    "n.id",
                                                                                                                                    "t.id"
                                                                                                                                ],
                                                                                                                                "Inner Unique": false,
                                                                                                                                "Hash Cond": "(n.id = ci.person_id)",
                                                                                                                                "Plans": [
                                                                                                                                    {
                                                                                                                                        "Node Type": "Gather",
                                                                                                                                        "Parent Relationship": "Outer",
                                                                                                                                        "Parallel Aware": false,
                                                                                                                                        "Startup Cost": 1000.0,
                                                                                                                                        "Total Cost": 79246.21,
                                                                                                                                        "Plan Rows": 70049,
                                                                                                                                        "Plan Width": 4,
                                                                                                                                        "Actual Startup Time": 0.402,
                                                                                                                                        "Actual Total Time": 223.846,
                                                                                                                                        "Actual Rows": 55990,
                                                                                                                                        "Actual Loops": 1,
                                                                                                                                        "Output": [
                                                                                                                                            "n.id"
                                                                                                                                        ],
                                                                                                                                        "Workers Planned": 4,
                                                                                                                                        "Workers Launched": 4,
                                                                                                                                        "Single Copy": false,
                                                                                                                                        "Plans": [
                                                                                                                                            {
                                                                                                                                                "Node Type": "Seq Scan",
                                                                                                                                                "Parent Relationship": "Outer",
                                                                                                                                                "Parallel Aware": true,
                                                                                                                                                "Relation Name": "name",
                                                                                                                                                "Schema": "public",
                                                                                                                                                "Alias": "n",
                                                                                                                                                "Startup Cost": 0.0,
                                                                                                                                                "Total Cost": 71241.31,
                                                                                                                                                "Plan Rows": 17512,
                                                                                                                                                "Plan Width": 4,
                                                                                                                                                "Actual Startup Time": 0.128,
                                                                                                                                                "Actual Total Time": 205.327,
                                                                                                                                                "Actual Rows": 11198,
                                                                                                                                                "Actual Loops": 5,
                                                                                                                                                "Output": [
                                                                                                                                                    "n.id"
                                                                                                                                                ],
                                                                                                                                                "Filter": "((n.name ~~ '%An%'::text) AND ((n.gender)::text = 'm'::text))",
                                                                                                                                                "Rows Removed by Filter": 822300,
                                                                                                                                                "Workers": [
                                                                                                                                                    {
                                                                                                                                                        "Worker Number": 0,
                                                                                                                                                        "Actual Startup Time": 0.134,
                                                                                                                                                        "Actual Total Time": 208.306,
                                                                                                                                                        "Actual Rows": 9933,
                                                                                                                                                        "Actual Loops": 1
                                                                                                                                                    },
                                                                                                                                                    {
                                                                                                                                                        "Worker Number": 1,
                                                                                                                                                        "Actual Startup Time": 0.204,
                                                                                                                                                        "Actual Total Time": 208.135,
                                                                                                                                                        "Actual Rows": 9843,
                                                                                                                                                        "Actual Loops": 1
                                                                                                                                                    },
                                                                                                                                                    {
                                                                                                                                                        "Worker Number": 2,
                                                                                                                                                        "Actual Startup Time": 0.114,
                                                                                                                                                        "Actual Total Time": 208.112,
                                                                                                                                                        "Actual Rows": 9484,
                                                                                                                                                        "Actual Loops": 1
                                                                                                                                                    },
                                                                                                                                                    {
                                                                                                                                                        "Worker Number": 3,
                                                                                                                                                        "Actual Startup Time": 0.174,
                                                                                                                                                        "Actual Total Time": 209.93,
                                                                                                                                                        "Actual Rows": 10114,
                                                                                                                                                        "Actual Loops": 1
                                                                                                                                                    }
                                                                                                                                                ]
                                                                                                                                            }
                                                                                                                                        ]
                                                                                                                                    },
                                                                                                                                    {
                                                                                                                                        "Node Type": "Hash",
                                                                                                                                        "Parent Relationship": "Inner",
                                                                                                                                        "Parallel Aware": false,
                                                                                                                                        "Startup Cost": 50000965214.32,
                                                                                                                                        "Total Cost": 50000965214.32,
                                                                                                                                        "Plan Rows": 1,
                                                                                                                                        "Plan Width": 36,
                                                                                                                                        "Actual Startup Time": 3175.891,
                                                                                                                                        "Actual Total Time": 3176.038,
                                                                                                                                        "Actual Rows": 66,
                                                                                                                                        "Actual Loops": 1,
                                                                                                                                        "Output": [
                                                                                                                                            "an.person_id",
                                                                                                                                            "ci.movie_id",
                                                                                                                                            "ci.person_id",
                                                                                                                                            "ci.role_id",
                                                                                                                                            "ci.person_role_id",
                                                                                                                                            "cc.movie_id",
                                                                                                                                            "cc.subject_id",
                                                                                                                                            "mk.movie_id",
                                                                                                                                            "t.id"
                                                                                                                                        ],
                                                                                                                                        "Hash Buckets": 1024,
                                                                                                                                        "Original Hash Buckets": 1024,
                                                                                                                                        "Hash Batches": 1,
                                                                                                                                        "Original Hash Batches": 1,
                                                                                                                                        "Peak Memory Usage": 13,
                                                                                                                                        "Plans": [
                                                                                                                                            {
                                                                                                                                                "Node Type": "Nested Loop",
                                                                                                                                                "Parent Relationship": "Outer",
                                                                                                                                                "Parallel Aware": false,
                                                                                                                                                "Join Type": "Inner",
                                                                                                                                                "Startup Cost": 50000961210.37,
                                                                                                                                                "Total Cost": 50000965214.32,
                                                                                                                                                "Plan Rows": 1,
                                                                                                                                                "Plan Width": 36,
                                                                                                                                                "Actual Startup Time": 3175.494,
                                                                                                                                                "Actual Total Time": 3176.012,
                                                                                                                                                "Actual Rows": 66,
                                                                                                                                                "Actual Loops": 1,
                                                                                                                                                "Output": [
                                                                                                                                                    "an.person_id",
                                                                                                                                                    "ci.movie_id",
                                                                                                                                                    "ci.person_id",
                                                                                                                                                    "ci.role_id",
                                                                                                                                                    "ci.person_role_id",
                                                                                                                                                    "cc.movie_id",
                                                                                                                                                    "cc.subject_id",
                                                                                                                                                    "mk.movie_id",
                                                                                                                                                    "t.id"
                                                                                                                                                ],
                                                                                                                                                "Inner Unique": false,
                                                                                                                                                "Plans": [
                                                                                                                                                    {
                                                                                                                                                        "Node Type": "Merge Join",
                                                                                                                                                        "Parent Relationship": "Outer",
                                                                                                                                                        "Parallel Aware": false,
                                                                                                                                                        "Join Type": "Inner",
                                                                                                                                                        "Startup Cost": 40000961209.91,
                                                                                                                                                        "Total Cost": 40000965209.82,
                                                                                                                                                        "Plan Rows": 1,
                                                                                                                                                        "Plan Width": 32,
                                                                                                                                                        "Actual Startup Time": 3175.4,
                                                                                                                                                        "Actual Total Time": 3175.563,
                                                                                                                                                        "Actual Rows": 38,
                                                                                                                                                        "Actual Loops": 1,
                                                                                                                                                        "Output": [
                                                                                                                                                            "cc.movie_id",
                                                                                                                                                            "cc.subject_id",
                                                                                                                                                            "ci.movie_id",
                                                                                                                                                            "ci.person_id",
                                                                                                                                                            "ci.role_id",
                                                                                                                                                            "ci.person_role_id",
                                                                                                                                                            "mk.movie_id",
                                                                                                                                                            "t.id"
                                                                                                                                                        ],
                                                                                                                                                        "Inner Unique": false,
                                                                                                                                                        "Merge Cond": "(t.id = ci.movie_id)",
                                                                                                                                                        "Plans": [
                                                                                                                                                            {
                                                                                                                                                                "Node Type": "Sort",
                                                                                                                                                                "Parent Relationship": "Outer",
                                                                                                                                                                "Parallel Aware": false,
                                                                                                                                                                "Startup Cost": 40000466009.59,
                                                                                                                                                                "Total Cost": 40000466009.6,
                                                                                                                                                                "Plan Rows": 1,
                                                                                                                                                                "Plan Width": 16,
                                                                                                                                                                "Actual Startup Time": 1539.722,
                                                                                                                                                                "Actual Total Time": 1539.736,
                                                                                                                                                                "Actual Rows": 1,
                                                                                                                                                                "Actual Loops": 1,
                                                                                                                                                                "Output": [
                                                                                                                                                                    "cc.movie_id",
                                                                                                                                                                    "cc.subject_id",
                                                                                                                                                                    "mk.movie_id",
                                                                                                                                                                    "t.id"
                                                                                                                                                                ],
                                                                                                                                                                "Sort Key": [
                                                                                                                                                                    "cc.movie_id"
                                                                                                                                                                ],
                                                                                                                                                                "Sort Method": "quicksort",
                                                                                                                                                                "Sort Space Used": 25,
                                                                                                                                                                "Sort Space Type": "Memory",
                                                                                                                                                                "Plans": [
                                                                                                                                                                    {
                                                                                                                                                                        "Node Type": "Hash Join",
                                                                                                                                                                        "Parent Relationship": "Outer",
                                                                                                                                                                        "Parallel Aware": false,
                                                                                                                                                                        "Join Type": "Inner",
                                                                                                                                                                        "Startup Cost": 40000385765.9,
                                                                                                                                                                        "Total Cost": 40000466009.58,
                                                                                                                                                                        "Plan Rows": 1,
                                                                                                                                                                        "Plan Width": 16,
                                                                                                                                                                        "Actual Startup Time": 1511.029,
                                                                                                                                                                        "Actual Total Time": 1539.724,
                                                                                                                                                                        "Actual Rows": 1,
                                                                                                                                                                        "Actual Loops": 1,
                                                                                                                                                                        "Output": [
                                                                                                                                                                            "cc.movie_id",
                                                                                                                                                                            "cc.subject_id",
                                                                                                                                                                            "mk.movie_id",
                                                                                                                                                                            "t.id"
                                                                                                                                                                        ],
                                                                                                                                                                        "Inner Unique": false,
                                                                                                                                                                        "Hash Cond": "(t.id = mk.movie_id)",
                                                                                                                                                                        "Plans": [
                                                                                                                                                                            {
                                                                                                                                                                                "Node Type": "Seq Scan",
                                                                                                                                                                                "Parent Relationship": "Outer",
                                                                                                                                                                                "Parallel Aware": false,
                                                                                                                                                                                "Relation Name": "title",
                                                                                                                                                                                "Schema": "public",
                                                                                                                                                                                "Alias": "t",
                                                                                                                                                                                "Startup Cost": 0.0,
                                                                                                                                                                                "Total Cost": 80243.64,
                                                                                                                                                                                "Plan Rows": 9,
                                                                                                                                                                                "Plan Width": 4,
                                                                                                                                                                                "Actual Startup Time": 10.457,
                                                                                                                                                                                "Actual Total Time": 252.572,
                                                                                                                                                                                "Actual Rows": 3,
                                                                                                                                                                                "Actual Loops": 1,
                                                                                                                                                                                "Output": [
                                                                                                                                                                                    "t.id",
                                                                                                                                                                                    "t.title",
                                                                                                                                                                                    "t.imdb_index",
                                                                                                                                                                                    "t.kind_id",
                                                                                                                                                                                    "t.production_year",
                                                                                                                                                                                    "t.imdb_id",
                                                                                                                                                                                    "t.phonetic_code",
                                                                                                                                                                                    "t.episode_of_id",
                                                                                                                                                                                    "t.season_nr",
                                                                                                                                                                                    "t.episode_nr",
                                                                                                                                                                                    "t.series_years",
                                                                                                                                                                                    "t.md5sum"
                                                                                                                                                                                ],
                                                                                                                                                                                "Filter": "((t.production_year >= 1994) AND (t.production_year <= 2011) AND (t.title = 'Shrek 2'::text))",
                                                                                                                                                                                "Rows Removed by Filter": 2528309
                                                                                                                                                                            },
                                                                                                                                                                            {
                                                                                                                                                                                "Node Type": "Hash",
                                                                                                                                                                                "Parent Relationship": "Inner",
                                                                                                                                                                                "Parallel Aware": false,
                                                                                                                                                                                "Startup Cost": 40000385765.76,
                                                                                                                                                                                "Total Cost": 40000385765.76,
                                                                                                                                                                                "Plan Rows": 11,
                                                                                                                                                                                "Plan Width": 12,
                                                                                                                                                                                "Actual Startup Time": 1287.123,
                                                                                                                                                                                "Actual Total Time": 1287.133,
                                                                                                                                                                                "Actual Rows": 25,
                                                                                                                                                                                "Actual Loops": 1,
                                                                                                                                                                                "Output": [
                                                                                                                                                                                    "cc.movie_id",
                                                                                                                                                                                    "cc.subject_id",
                                                                                                                                                                                    "mk.movie_id"
                                                                                                                                                                                ],
                                                                                                                                                                                "Hash Buckets": 1024,
                                                                                                                                                                                "Original Hash Buckets": 1024,
                                                                                                                                                                                "Hash Batches": 1,
                                                                                                                                                                                "Original Hash Batches": 1,
                                                                                                                                                                                "Peak Memory Usage": 10,
                                                                                                                                                                                "Plans": [
                                                                                                                                                                                    {
                                                                                                                                                                                        "Node Type": "Merge Join",
                                                                                                                                                                                        "Parent Relationship": "Outer",
                                                                                                                                                                                        "Parallel Aware": false,
                                                                                                                                                                                        "Join Type": "Inner",
                                                                                                                                                                                        "Startup Cost": 40000378082.36,
                                                                                                                                                                                        "Total Cost": 40000385765.76,
                                                                                                                                                                                        "Plan Rows": 11,
                                                                                                                                                                                        "Plan Width": 12,
                                                                                                                                                                                        "Actual Startup Time": 1287.102,
                                                                                                                                                                                        "Actual Total Time": 1287.121,
                                                                                                                                                                                        "Actual Rows": 25,
                                                                                                                                                                                        "Actual Loops": 1,
                                                                                                                                                                                        "Output": [
                                                                                                                                                                                            "cc.movie_id",
                                                                                                                                                                                            "cc.subject_id",
                                                                                                                                                                                            "mk.movie_id"
                                                                                                                                                                                        ],
                                                                                                                                                                                        "Inner Unique": false,
                                                                                                                                                                                        "Merge Cond": "(k.id = mk.keyword_id)",
                                                                                                                                                                                        "Plans": [
                                                                                                                                                                                            {
                                                                                                                                                                                                "Node Type": "Sort",
                                                                                                                                                                                                "Parent Relationship": "Outer",
                                                                                                                                                                                                "Parallel Aware": false,
                                                                                                                                                                                                "Startup Cost": 10000002626.14,
                                                                                                                                                                                                "Total Cost": 10000002626.14,
                                                                                                                                                                                                "Plan Rows": 1,
                                                                                                                                                                                                "Plan Width": 4,
                                                                                                                                                                                                "Actual Startup Time": 8.738,
                                                                                                                                                                                                "Actual Total Time": 8.74,
                                                                                                                                                                                                "Actual Rows": 1,
                                                                                                                                                                                                "Actual Loops": 1,
                                                                                                                                                                                                "Output": [
                                                                                                                                                                                                    "k.id"
                                                                                                                                                                                                ],
                                                                                                                                                                                                "Sort Key": [
                                                                                                                                                                                                    "k.id"
                                                                                                                                                                                                ],
                                                                                                                                                                                                "Sort Method": "quicksort",
                                                                                                                                                                                                "Sort Space Used": 25,
                                                                                                                                                                                                "Sort Space Type": "Memory",
                                                                                                                                                                                                "Plans": [
                                                                                                                                                                                                    {
                                                                                                                                                                                                        "Node Type": "Seq Scan",
                                                                                                                                                                                                        "Parent Relationship": "Outer",
                                                                                                                                                                                                        "Parallel Aware": false,
                                                                                                                                                                                                        "Relation Name": "keyword",
                                                                                                                                                                                                        "Schema": "public",
                                                                                                                                                                                                        "Alias": "k",
                                                                                                                                                                                                        "Startup Cost": 10000000000.0,
                                                                                                                                                                                                        "Total Cost": 10000002626.12,
                                                                                                                                                                                                        "Plan Rows": 1,
                                                                                                                                                                                                        "Plan Width": 4,
                                                                                                                                                                                                        "Actual Startup Time": 0.037,
                                                                                                                                                                                                        "Actual Total Time": 8.731,
                                                                                                                                                                                                        "Actual Rows": 1,
                                                                                                                                                                                                        "Actual Loops": 1,
                                                                                                                                                                                                        "Output": [
                                                                                                                                                                                                            "k.id"
                                                                                                                                                                                                        ],
                                                                                                                                                                                                        "Filter": "(k.keyword = 'computer-animation'::text)",
                                                                                                                                                                                                        "Rows Removed by Filter": 134169
                                                                                                                                                                                                    }
                                                                                                                                                                                                ]
                                                                                                                                                                                            },
                                                                                                                                                                                            {
                                                                                                                                                                                                "Node Type": "Sort",
                                                                                                                                                                                                "Parent Relationship": "Inner",
                                                                                                                                                                                                "Parallel Aware": false,
                                                                                                                                                                                                "Startup Cost": 30000375456.23,
                                                                                                                                                                                                "Total Cost": 30000379297.87,
                                                                                                                                                                                                "Plan Rows": 1536657,
                                                                                                                                                                                                "Plan Width": 16,
                                                                                                                                                                                                "Actual Startup Time": 1151.006,
                                                                                                                                                                                                "Actual Total Time": 1230.267,
                                                                                                                                                                                                "Actual Rows": 581989,
                                                                                                                                                                                                "Actual Loops": 1,
                                                                                                                                                                                                "Output": [
                                                                                                                                                                                                    "cc.movie_id",
                                                                                                                                                                                                    "cc.subject_id",
                                                                                                                                                                                                    "mk.movie_id",
                                                                                                                                                                                                    "mk.keyword_id"
                                                                                                                                                                                                ],
                                                                                                                                                                                                "Sort Key": [
                                                                                                                                                                                                    "mk.keyword_id"
                                                                                                                                                                                                ],
                                                                                                                                                                                                "Sort Method": "quicksort",
                                                                                                                                                                                                "Sort Space Used": 72567,
                                                                                                                                                                                                "Sort Space Type": "Memory",
                                                                                                                                                                                                "Plans": [
                                                                                                                                                                                                    {
                                                                                                                                                                                                        "Node Type": "Merge Join",
                                                                                                                                                                                                        "Parent Relationship": "Outer",
                                                                                                                                                                                                        "Parallel Aware": false,
                                                                                                                                                                                                        "Join Type": "Inner",
                                                                                                                                                                                                        "Startup Cost": 30000006020.68,
                                                                                                                                                                                                        "Total Cost": 30000217554.24,
                                                                                                                                                                                                        "Plan Rows": 1536657,
                                                                                                                                                                                                        "Plan Width": 16,
                                                                                                                                                                                                        "Actual Startup Time": 11.443,
                                                                                                                                                                                                        "Actual Total Time": 950.423,
                                                                                                                                                                                                        "Actual Rows": 1023805,
                                                                                                                                                                                                        "Actual Loops": 1,
                                                                                                                                                                                                        "Output": [
                                                                                                                                                                                                            "cc.movie_id",
                                                                                                                                                                                                            "cc.subject_id",
                                                                                                                                                                                                            "mk.movie_id",
                                                                                                                                                                                                            "mk.keyword_id"
                                                                                                                                                                                                        ],
                                                                                                                                                                                                        "Inner Unique": false,
                                                                                                                                                                                                        "Merge Cond": "(mk.movie_id = cc.movie_id)",
                                                                                                                                                                                                        "Plans": [
                                                                                                                                                                                                            {
                                                                                                                                                                                                                "Node Type": "Index Scan",
                                                                                                                                                                                                                "Parent Relationship": "Outer",
                                                                                                                                                                                                                "Parallel Aware": false,
                                                                                                                                                                                                                "Scan Direction": "Forward",
                                                                                                                                                                                                                "Index Name": "movie_id_movie_keyword",
                                                                                                                                                                                                                "Relation Name": "movie_keyword",
                                                                                                                                                                                                                "Schema": "public",
                                                                                                                                                                                                                "Alias": "mk",
                                                                                                                                                                                                                "Startup Cost": 10000000000.43,
                                                                                                                                                                                                                "Total Cost": 10000177177.46,
                                                                                                                                                                                                                "Plan Rows": 4523930,
                                                                                                                                                                                                                "Plan Width": 8,
                                                                                                                                                                                                                "Actual Startup Time": 0.023,
                                                                                                                                                                                                                "Actual Total Time": 508.529,
                                                                                                                                                                                                                "Actual Rows": 4523930,
                                                                                                                                                                                                                "Actual Loops": 1,
                                                                                                                                                                                                                "Output": [
                                                                                                                                                                                                                    "mk.id",
                                                                                                                                                                                                                    "mk.movie_id",
                                                                                                                                                                                                                    "mk.keyword_id"
                                                                                                                                                                                                                ]
                                                                                                                                                                                                            },
                                                                                                                                                                                                            {
                                                                                                                                                                                                                "Node Type": "Sort",
                                                                                                                                                                                                                "Parent Relationship": "Inner",
                                                                                                                                                                                                                "Parallel Aware": false,
                                                                                                                                                                                                                "Startup Cost": 20000006019.9,
                                                                                                                                                                                                                "Total Cost": 20000006104.33,
                                                                                                                                                                                                                "Plan Rows": 33772,
                                                                                                                                                                                                                "Plan Width": 8,
                                                                                                                                                                                                                "Actual Startup Time": 11.345,
                                                                                                                                                                                                                "Actual Total Time": 52.667,
                                                                                                                                                                                                                "Actual Rows": 1025826,
                                                                                                                                                                                                                "Actual Loops": 1,
                                                                                                                                                                                                                "Output": [
                                                                                                                                                                                                                    "cc.movie_id",
                                                                                                                                                                                                                    "cc.subject_id"
                                                                                                                                                                                                                ],
                                                                                                                                                                                                                "Sort Key": [
                                                                                                                                                                                                                    "cc.movie_id"
                                                                                                                                                                                                                ],
                                                                                                                                                                                                                "Sort Method": "quicksort",
                                                                                                                                                                                                                "Sort Space Used": 1921,
                                                                                                                                                                                                                "Sort Space Type": "Memory",
                                                                                                                                                                                                                "Plans": [
                                                                                                                                                                                                                    {
                                                                                                                                                                                                                        "Node Type": "Nested Loop",
                                                                                                                                                                                                                        "Parent Relationship": "Outer",
                                                                                                                                                                                                                        "Parallel Aware": false,
                                                                                                                                                                                                                        "Join Type": "Inner",
                                                                                                                                                                                                                        "Startup Cost": 20000001227.88,
                                                                                                                                                                                                                        "Total Cost": 20000003479.65,
                                                                                                                                                                                                                        "Plan Rows": 33772,
                                                                                                                                                                                                                        "Plan Width": 8,
                                                                                                                                                                                                                        "Actual Startup Time": 1.068,
                                                                                                                                                                                                                        "Actual Total Time": 7.293,
                                                                                                                                                                                                                        "Actual Rows": 24592,
                                                                                                                                                                                                                        "Actual Loops": 1,
                                                                                                                                                                                                                        "Output": [
                                                                                                                                                                                                                            "cc.movie_id",
                                                                                                                                                                                                                            "cc.subject_id"
                                                                                                                                                                                                                        ],
                                                                                                                                                                                                                        "Inner Unique": false,
                                                                                                                                                                                                                        "Plans": [
                                                                                                                                                                                                                            {
                                                                                                                                                                                                                                "Node Type": "Seq Scan",
                                                                                                                                                                                                                                "Parent Relationship": "Outer",
                                                                                                                                                                                                                                "Parallel Aware": false,
                                                                                                                                                                                                                                "Relation Name": "comp_cast_type",
                                                                                                                                                                                                                                "Schema": "public",
                                                                                                                                                                                                                                "Alias": "cct2",
                                                                                                                                                                                                                                "Startup Cost": 10000000000.0,
                                                                                                                                                                                                                                "Total Cost": 10000000001.05,
                                                                                                                                                                                                                                "Plan Rows": 1,
                                                                                                                                                                                                                                "Plan Width": 4,
                                                                                                                                                                                                                                "Actual Startup Time": 0.008,
                                                                                                                                                                                                                                "Actual Total Time": 0.009,
                                                                                                                                                                                                                                "Actual Rows": 1,
                                                                                                                                                                                                                                "Actual Loops": 1,
                                                                                                                                                                                                                                "Output": [
                                                                                                                                                                                                                                    "cct2.id",
                                                                                                                                                                                                                                    "cct2.kind"
                                                                                                                                                                                                                                ],
                                                                                                                                                                                                                                "Filter": "((cct2.kind)::text = 'complete+verified'::text)",
                                                                                                                                                                                                                                "Rows Removed by Filter": 3
                                                                                                                                                                                                                            },
                                                                                                                                                                                                                            {
                                                                                                                                                                                                                                "Node Type": "Bitmap Heap Scan",
                                                                                                                                                                                                                                "Parent Relationship": "Inner",
                                                                                                                                                                                                                                "Parallel Aware": false,
                                                                                                                                                                                                                                "Relation Name": "complete_cast",
                                                                                                                                                                                                                                "Schema": "public",
                                                                                                                                                                                                                                "Alias": "cc",
                                                                                                                                                                                                                                "Startup Cost": 1227.88,
                                                                                                                                                                                                                                "Total Cost": 2803.17,
                                                                                                                                                                                                                                "Plan Rows": 67543,
                                                                                                                                                                                                                                "Plan Width": 12,
                                                                                                                                                                                                                                "Actual Startup Time": 1.053,
                                                                                                                                                                                                                                "Actual Total Time": 5.251,
                                                                                                                                                                                                                                "Actual Rows": 24592,
                                                                                                                                                                                                                                "Actual Loops": 1,
                                                                                                                                                                                                                                "Output": [
                                                                                                                                                                                                                                    "cc.id",
                                                                                                                                                                                                                                    "cc.movie_id",
                                                                                                                                                                                                                                    "cc.subject_id",
                                                                                                                                                                                                                                    "cc.status_id"
                                                                                                                                                                                                                                ],
                                                                                                                                                                                                                                "Recheck Cond": "(cc.status_id = cct2.id)",
                                                                                                                                                                                                                                "Rows Removed by Index Recheck": 0,
                                                                                                                                                                                                                                "Exact Heap Blocks": 706,
                                                                                                                                                                                                                                "Lossy Heap Blocks": 0,
                                                                                                                                                                                                                                "Plans": [
                                                                                                                                                                                                                                    {
                                                                                                                                                                                                                                        "Node Type": "Bitmap Index Scan",
                                                                                                                                                                                                                                        "Parent Relationship": "Outer",
                                                                                                                                                                                                                                        "Parallel Aware": false,
                                                                                                                                                                                                                                        "Index Name": "status_id_complete_cast",
                                                                                                                                                                                                                                        "Startup Cost": 0.0,
                                                                                                                                                                                                                                        "Total Cost": 1210.99,
                                                                                                                                                                                                                                        "Plan Rows": 67543,
                                                                                                                                                                                                                                        "Plan Width": 0,
                                                                                                                                                                                                                                        "Actual Startup Time": 0.988,
                                                                                                                                                                                                                                        "Actual Total Time": 0.989,
                                                                                                                                                                                                                                        "Actual Rows": 24592,
                                                                                                                                                                                                                                        "Actual Loops": 1,
                                                                                                                                                                                                                                        "Index Cond": "(cc.status_id = cct2.id)"
                                                                                                                                                                                                                                    }
                                                                                                                                                                                                                                ]
                                                                                                                                                                                                                            }
                                                                                                                                                                                                                        ]
                                                                                                                                                                                                                    }
                                                                                                                                                                                                                ]
                                                                                                                                                                                                            }
                                                                                                                                                                                                        ]
                                                                                                                                                                                                    }
                                                                                                                                                                                                ]
                                                                                                                                                                                            }
                                                                                                                                                                                        ]
                                                                                                                                                                                    }
                                                                                                                                                                                ]
                                                                                                                                                                            }
                                                                                                                                                                        ]
                                                                                                                                                                    }
                                                                                                                                                                ]
                                                                                                                                                            },
                                                                                                                                                            {
                                                                                                                                                                "Node Type": "Sort",
                                                                                                                                                                "Parent Relationship": "Inner",
                                                                                                                                                                "Parallel Aware": false,
                                                                                                                                                                "Startup Cost": 495200.32,
                                                                                                                                                                "Total Cost": 497200.27,
                                                                                                                                                                "Plan Rows": 799978,
                                                                                                                                                                "Plan Width": 16,
                                                                                                                                                                "Actual Startup Time": 1519.746,
                                                                                                                                                                "Actual Total Time": 1585.721,
                                                                                                                                                                "Actual Rows": 778388,
                                                                                                                                                                "Actual Loops": 1,
                                                                                                                                                                "Output": [
                                                                                                                                                                    "ci.movie_id",
                                                                                                                                                                    "ci.person_id",
                                                                                                                                                                    "ci.role_id",
                                                                                                                                                                    "ci.person_role_id"
                                                                                                                                                                ],
                                                                                                                                                                "Sort Key": [
                                                                                                                                                                    "ci.movie_id"
                                                                                                                                                                ],
                                                                                                                                                                "Sort Method": "quicksort",
                                                                                                                                                                "Sort Space Used": 63797,
                                                                                                                                                                "Sort Space Type": "Memory",
                                                                                                                                                                "Plans": [
                                                                                                                                                                    {
                                                                                                                                                                        "Node Type": "Gather",
                                                                                                                                                                        "Parent Relationship": "Outer",
                                                                                                                                                                        "Parallel Aware": false,
                                                                                                                                                                        "Startup Cost": 1000.0,
                                                                                                                                                                        "Total Cost": 416764.08,
                                                                                                                                                                        "Plan Rows": 799978,
                                                                                                                                                                        "Plan Width": 16,
                                                                                                                                                                        "Actual Startup Time": 0.608,
                                                                                                                                                                        "Actual Total Time": 1371.85,
                                                                                                                                                                        "Actual Rows": 836701,
                                                                                                                                                                        "Actual Loops": 1,
                                                                                                                                                                        "Output": [
                                                                                                                                                                            "ci.movie_id",
                                                                                                                                                                            "ci.person_id",
                                                                                                                                                                            "ci.role_id",
                                                                                                                                                                            "ci.person_role_id"
                                                                                                                                                                        ],
                                                                                                                                                                        "Workers Planned": 6,
                                                                                                                                                                        "Workers Launched": 3,
                                                                                                                                                                        "Single Copy": false,
                                                                                                                                                                        "Plans": [
                                                                                                                                                                            {
                                                                                                                                                                                "Node Type": "Seq Scan",
                                                                                                                                                                                "Parent Relationship": "Outer",
                                                                                                                                                                                "Parallel Aware": true,
                                                                                                                                                                                "Relation Name": "cast_info",
                                                                                                                                                                                "Schema": "public",
                                                                                                                                                                                "Alias": "ci",
                                                                                                                                                                                "Startup Cost": 0.0,
                                                                                                                                                                                "Total Cost": 335766.28,
                                                                                                                                                                                "Plan Rows": 133330,
                                                                                                                                                                                "Plan Width": 16,
                                                                                                                                                                                "Actual Startup Time": 0.131,
                                                                                                                                                                                "Actual Total Time": 1294.629,
                                                                                                                                                                                "Actual Rows": 209175,
                                                                                                                                                                                "Actual Loops": 4,
                                                                                                                                                                                "Output": [
                                                                                                                                                                                    "ci.movie_id",
                                                                                                                                                                                    "ci.person_id",
                                                                                                                                                                                    "ci.role_id",
                                                                                                                                                                                    "ci.person_role_id"
                                                                                                                                                                                ],
                                                                                                                                                                                "Filter": "(ci.note = ANY ('{(voice),\"(voice) (uncredited)\",\"(voice: English version)\"}'::text[]))",
                                                                                                                                                                                "Rows Removed by Filter": 8851911,
                                                                                                                                                                                "Workers": [
                                                                                                                                                                                    {
                                                                                                                                                                                        "Worker Number": 0,
                                                                                                                                                                                        "Actual Startup Time": 0.212,
                                                                                                                                                                                        "Actual Total Time": 1309.859,
                                                                                                                                                                                        "Actual Rows": 197603,
                                                                                                                                                                                        "Actual Loops": 1
                                                                                                                                                                                    },
                                                                                                                                                                                    {
                                                                                                                                                                                        "Worker Number": 1,
                                                                                                                                                                                        "Actual Startup Time": 0.192,
                                                                                                                                                                                        "Actual Total Time": 1310.209,
                                                                                                                                                                                        "Actual Rows": 196062,
                                                                                                                                                                                        "Actual Loops": 1
                                                                                                                                                                                    },
                                                                                                                                                                                    {
                                                                                                                                                                                        "Worker Number": 2,
                                                                                                                                                                                        "Actual Startup Time": 0.107,
                                                                                                                                                                                        "Actual Total Time": 1346.197,
                                                                                                                                                                                        "Actual Rows": 227614,
                                                                                                                                                                                        "Actual Loops": 1
                                                                                                                                                                                    }
                                                                                                                                                                                ]
                                                                                                                                                                            }
                                                                                                                                                                        ]
                                                                                                                                                                    }
                                                                                                                                                                ]
                                                                                                                                                            }
                                                                                                                                                        ]
                                                                                                                                                    },
                                                                                                                                                    {
                                                                                                                                                        "Node Type": "Bitmap Heap Scan",
                                                                                                                                                        "Parent Relationship": "Inner",
                                                                                                                                                        "Parallel Aware": false,
                                                                                                                                                        "Relation Name": "aka_name",
                                                                                                                                                        "Schema": "public",
                                                                                                                                                        "Alias": "an",
                                                                                                                                                        "Startup Cost": 0.46,
                                                                                                                                                        "Total Cost": 4.48,
                                                                                                                                                        "Plan Rows": 2,
                                                                                                                                                        "Plan Width": 4,
                                                                                                                                                        "Actual Startup Time": 0.008,
                                                                                                                                                        "Actual Total Time": 0.009,
                                                                                                                                                        "Actual Rows": 2,
                                                                                                                                                        "Actual Loops": 38,
                                                                                                                                                        "Output": [
                                                                                                                                                            "an.id",
                                                                                                                                                            "an.person_id",
                                                                                                                                                            "an.name",
                                                                                                                                                            "an.imdb_index",
                                                                                                                                                            "an.name_pcode_cf",
                                                                                                                                                            "an.name_pcode_nf",
                                                                                                                                                            "an.surname_pcode",
                                                                                                                                                            "an.md5sum"
                                                                                                                                                        ],
                                                                                                                                                        "Recheck Cond": "(an.person_id = ci.person_id)",
                                                                                                                                                        "Rows Removed by Index Recheck": 0,
                                                                                                                                                        "Exact Heap Blocks": 39,
                                                                                                                                                        "Lossy Heap Blocks": 0,
                                                                                                                                                        "Plans": [
                                                                                                                                                            {
                                                                                                                                                                "Node Type": "Bitmap Index Scan",
                                                                                                                                                                "Parent Relationship": "Outer",
                                                                                                                                                                "Parallel Aware": false,
                                                                                                                                                                "Index Name": "person_id_aka_name",
                                                                                                                                                                "Startup Cost": 0.0,
                                                                                                                                                                "Total Cost": 0.46,
                                                                                                                                                                "Plan Rows": 2,
                                                                                                                                                                "Plan Width": 0,
                                                                                                                                                                "Actual Startup Time": 0.006,
                                                                                                                                                                "Actual Total Time": 0.006,
                                                                                                                                                                "Actual Rows": 2,
                                                                                                                                                                "Actual Loops": 38,
                                                                                                                                                                "Index Cond": "(an.person_id = ci.person_id)"
                                                                                                                                                            }
                                                                                                                                                        ]
                                                                                                                                                    }
                                                                                                                                                ]
                                                                                                                                            }
                                                                                                                                        ]
                                                                                                                                    }
                                                                                                                                ]
                                                                                                                            },
                                                                                                                            {
                                                                                                                                "Node Type": "Index Scan",
                                                                                                                                "Parent Relationship": "Inner",
                                                                                                                                "Parallel Aware": false,
                                                                                                                                "Scan Direction": "Forward",
                                                                                                                                "Index Name": "movie_id_movie_info",
                                                                                                                                "Relation Name": "movie_info",
                                                                                                                                "Schema": "public",
                                                                                                                                "Alias": "mi",
                                                                                                                                "Startup Cost": 0.43,
                                                                                                                                "Total Cost": 1.41,
                                                                                                                                "Plan Rows": 1,
                                                                                                                                "Plan Width": 8,
                                                                                                                                "Actual Startup Time": 0.022,
                                                                                                                                "Actual Total Time": 0.109,
                                                                                                                                "Actual Rows": 1,
                                                                                                                                "Actual Loops": 2,
                                                                                                                                "Output": [
                                                                                                                                    "mi.id",
                                                                                                                                    "mi.movie_id",
                                                                                                                                    "mi.info_type_id",
                                                                                                                                    "mi.info",
                                                                                                                                    "mi.note"
                                                                                                                                ],
                                                                                                                                "Index Cond": "(mi.movie_id = mk.movie_id)",
                                                                                                                                "Rows Removed by Index Recheck": 0,
                                                                                                                                "Filter": "(mi.info ~~ 'USA:%200%'::text)",
                                                                                                                                "Rows Removed by Filter": 456
                                                                                                                            }
                                                                                                                        ]
                                                                                                                    },
                                                                                                                    {
                                                                                                                        "Node Type": "Bitmap Heap Scan",
                                                                                                                        "Parent Relationship": "Inner",
                                                                                                                        "Parallel Aware": false,
                                                                                                                        "Relation Name": "person_info",
                                                                                                                        "Schema": "public",
                                                                                                                        "Alias": "pi",
                                                                                                                        "Startup Cost": 0.69,
                                                                                                                        "Total Cost": 5.0,
                                                                                                                        "Plan Rows": 25,
                                                                                                                        "Plan Width": 8,
                                                                                                                        "Actual Startup Time": 0.018,
                                                                                                                        "Actual Total Time": 0.035,
                                                                                                                        "Actual Rows": 148,
                                                                                                                        "Actual Loops": 2,
                                                                                                                        "Output": [
                                                                                                                            "pi.id",
                                                                                                                            "pi.person_id",
                                                                                                                            "pi.info_type_id",
                                                                                                                            "pi.info",
                                                                                                                            "pi.note"
                                                                                                                        ],
                                                                                                                        "Recheck Cond": "(pi.person_id = an.person_id)",
                                                                                                                        "Rows Removed by Index Recheck": 0,
                                                                                                                        "Exact Heap Blocks": 10,
                                                                                                                        "Lossy Heap Blocks": 0,
                                                                                                                        "Plans": [
                                                                                                                            {
                                                                                                                                "Node Type": "Bitmap Index Scan",
                                                                                                                                "Parent Relationship": "Outer",
                                                                                                                                "Parallel Aware": false,
                                                                                                                                "Index Name": "person_id_person_info",
                                                                                                                                "Startup Cost": 0.0,
                                                                                                                                "Total Cost": 0.68,
                                                                                                                                "Plan Rows": 25,
                                                                                                                                "Plan Width": 0,
                                                                                                                                "Actual Startup Time": 0.015,
                                                                                                                                "Actual Total Time": 0.015,
                                                                                                                                "Actual Rows": 148,
                                                                                                                                "Actual Loops": 2,
                                                                                                                                "Index Cond": "(pi.person_id = an.person_id)"
                                                                                                                            }
                                                                                                                        ]
                                                                                                                    }
                                                                                                                ]
                                                                                                            }
                                                                                                        ]
                                                                                                    }
                                                                                                ]
                                                                                            }
                                                                                        ]
                                                                                    },
                                                                                    {
                                                                                        "Node Type": "Sort",
                                                                                        "Parent Relationship": "Inner",
                                                                                        "Parallel Aware": false,
                                                                                        "Startup Cost": 10000000001.16,
                                                                                        "Total Cost": 10000000001.16,
                                                                                        "Plan Rows": 1,
                                                                                        "Plan Width": 4,
                                                                                        "Actual Startup Time": 0.0,
                                                                                        "Actual Total Time": 0.0,
                                                                                        "Actual Rows": 0,
                                                                                        "Actual Loops": 0,
                                                                                        "Output": [
                                                                                            "rt.id"
                                                                                        ],
                                                                                        "Sort Key": [
                                                                                            "rt.id"
                                                                                        ],
                                                                                        "Plans": [
                                                                                            {
                                                                                                "Node Type": "Seq Scan",
                                                                                                "Parent Relationship": "Outer",
                                                                                                "Parallel Aware": false,
                                                                                                "Relation Name": "role_type",
                                                                                                "Schema": "public",
                                                                                                "Alias": "rt",
                                                                                                "Startup Cost": 10000000000.0,
                                                                                                "Total Cost": 10000000001.15,
                                                                                                "Plan Rows": 1,
                                                                                                "Plan Width": 4,
                                                                                                "Actual Startup Time": 0.0,
                                                                                                "Actual Total Time": 0.0,
                                                                                                "Actual Rows": 0,
                                                                                                "Actual Loops": 0,
                                                                                                "Output": [
                                                                                                    "rt.id"
                                                                                                ],
                                                                                                "Filter": "((rt.role)::text = 'actress'::text)",
                                                                                                "Rows Removed by Filter": 0
                                                                                            }
                                                                                        ]
                                                                                    }
                                                                                ]
                                                                            }
                                                                        ]
                                                                    }
                                                                ]
                                                            }
                                                        ]
                                                    }
                                                ]
                                            },
                                            {
                                                "Node Type": "Bitmap Heap Scan",
                                                "Parent Relationship": "Inner",
                                                "Parallel Aware": false,
                                                "Relation Name": "company_name",
                                                "Schema": "public",
                                                "Alias": "cn",
                                                "Startup Cost": 0.43,
                                                "Total Cost": 4.44,
                                                "Plan Rows": 1,
                                                "Plan Width": 4,
                                                "Actual Startup Time": 0.0,
                                                "Actual Total Time": 0.0,
                                                "Actual Rows": 0,
                                                "Actual Loops": 0,
                                                "Output": [
                                                    "cn.id",
                                                    "cn.name",
                                                    "cn.country_code",
                                                    "cn.imdb_id",
                                                    "cn.name_pcode_nf",
                                                    "cn.name_pcode_sf",
                                                    "cn.md5sum"
                                                ],
                                                "Recheck Cond": "(cn.id = mc.company_id)",
                                                "Rows Removed by Index Recheck": 0,
                                                "Filter": "((cn.country_code)::text = '[us]'::text)",
                                                "Rows Removed by Filter": 0,
                                                "Exact Heap Blocks": 0,
                                                "Lossy Heap Blocks": 0,
                                                "Plans": [
                                                    {
                                                        "Node Type": "Bitmap Index Scan",
                                                        "Parent Relationship": "Outer",
                                                        "Parallel Aware": false,
                                                        "Index Name": "company_name_pkey",
                                                        "Startup Cost": 0.0,
                                                        "Total Cost": 0.43,
                                                        "Plan Rows": 1,
                                                        "Plan Width": 0,
                                                        "Actual Startup Time": 0.0,
                                                        "Actual Total Time": 0.0,
                                                        "Actual Rows": 0,
                                                        "Actual Loops": 0,
                                                        "Index Cond": "(cn.id = mc.company_id)"
                                                    }
                                                ]
                                            }
                                        ]
                                    },
                                    {
                                        "Node Type": "Index Scan",
                                        "Parent Relationship": "Inner",
                                        "Parallel Aware": false,
                                        "Scan Direction": "Forward",
                                        "Index Name": "info_type_pkey",
                                        "Relation Name": "info_type",
                                        "Schema": "public",
                                        "Alias": "it",
                                        "Startup Cost": 0.14,
                                        "Total Cost": 0.16,
                                        "Plan Rows": 1,
                                        "Plan Width": 4,
                                        "Actual Startup Time": 0.0,
                                        "Actual Total Time": 0.0,
                                        "Actual Rows": 0,
                                        "Actual Loops": 0,
                                        "Output": [
                                            "it.id",
                                            "it.info"
                                        ],
                                        "Index Cond": "(it.id = mi.info_type_id)",
                                        "Rows Removed by Index Recheck": 0,
                                        "Filter": "((it.info)::text = 'release dates'::text)",
                                        "Rows Removed by Filter": 0
                                    }
                                ]
                            }
                        ]
                    }
                ]
            }
        ]
    },
    "Planning Time": 2000.065,
    "Triggers": [],
    "Execution Time": 3647.871
}