{
  "Plan": {
    "Node Type": "Aggregate",
    "Strategy": "Plain",
    "Partial Mode": "Simple",
    "Parallel Aware": false,
    "Startup Cost": 456919.44,
    "Total Cost": 456919.45,
    "Plan Rows": 1,
    "Plan Width": 32,
    "Actual Startup Time": 1462.824,
    "Actual Total Time": 1500.291,
    "Actual Rows": 1,
    "Actual Loops": 1,
    "Plans": [
      {
        "Node Type": "Merge Join",
        "Parent Relationship": "Outer",
        "Parallel Aware": false,
        "Join Type": "Inner",
        "Startup Cost": 456916.71,
        "Total Cost": 456919.13,
        "Plan Rows": 124,
        "Plan Width": 17,
        "Actual Startup Time": 1462.815,
        "Actual Total Time": 1500.28,
        "Actual Rows": 0,
        "Actual Loops": 1,
        "Inner Unique": true,
        "Merge Cond": "(mi.info_type_id = it.id)",
        "Plans": [
          {
            "Node Type": "Sort",
            "Parent Relationship": "Outer",
            "Parallel Aware": false,
            "Startup Cost": 456910.73,
            "Total Cost": 456911.04,
            "Plan Rows": 124,
            "Plan Width": 21,
            "Actual Startup Time": 1462.813,
            "Actual Total Time": 1500.277,
            "Actual Rows": 0,
            "Actual Loops": 1,
            "Sort Key": [
              "mi.info_type_id"
            ],
            "Sort Method": "quicksort",
            "Sort Space Used": 25,
            "Sort Space Type": "Memory",
            "Plans": [
              {
                "Node Type": "Merge Join",
                "Parent Relationship": "Outer",
                "Parallel Aware": false,
                "Join Type": "Inner",
                "Startup Cost": 456193.15,
                "Total Cost": 456906.42,
                "Plan Rows": 124,
                "Plan Width": 21,
                "Actual Startup Time": 1462.746,
                "Actual Total Time": 1500.21,
                "Actual Rows": 0,
                "Actual Loops": 1,
                "Inner Unique": false,
                "Merge Cond": "(t.id = mi.movie_id)",
                "Plans": [
                  {
                    "Node Type": "Sort",
                    "Parent Relationship": "Outer",
                    "Parallel Aware": false,
                    "Startup Cost": 207345.76,
                    "Total Cost": 207346.9,
                    "Plan Rows": 454,
                    "Plan Width": 25,
                    "Actual Startup Time": 1462.744,
                    "Actual Total Time": 1500.204,
                    "Actual Rows": 0,
                    "Actual Loops": 1,
                    "Sort Key": [
                      "mc.movie_id"
                    ],
                    "Sort Method": "quicksort",
                    "Sort Space Used": 25,
                    "Sort Space Type": "Memory",
                    "Plans": [
                      {
                        "Node Type": "Gather",
                        "Parent Relationship": "Outer",
                        "Parallel Aware": false,
                        "Startup Cost": 207275.93,
                        "Total Cost": 207325.73,
                        "Plan Rows": 454,
                        "Plan Width": 25,
                        "Actual Startup Time": 1462.71,
                        "Actual Total Time": 1500.167,
                        "Actual Rows": 0,
                        "Actual Loops": 1,
                        "Workers Planned": 3,
                        "Workers Launched": 3,
                        "Single Copy": false,
                        "Plans": [
                          {
                            "Node Type": "Merge Join",
                            "Parent Relationship": "Outer",
                            "Parallel Aware": false,
                            "Join Type": "Inner",
                            "Startup Cost": 206275.93,
                            "Total Cost": 206280.33,
                            "Plan Rows": 146,
                            "Plan Width": 25,
                            "Actual Startup Time": 1172.771,
                            "Actual Total Time": 1172.775,
                            "Actual Rows": 0,
                            "Actual Loops": 4,
                            "Inner Unique": true,
                            "Merge Cond": "(mc.company_type_id = ct.id)",
                            "Plans": [
                              {
                                "Node Type": "Sort",
                                "Parent Relationship": "Outer",
                                "Parallel Aware": false,
                                "Startup Cost": 206274.87,
                                "Total Cost": 206276.34,
                                "Plan Rows": 585,
                                "Plan Width": 29,
                                "Actual Startup Time": 1172.609,
                                "Actual Total Time": 1172.653,
                                "Actual Rows": 982,
                                "Actual Loops": 4,
                                "Sort Key": [
                                  "mc.company_type_id"
                                ],
                                "Sort Method": "quicksort",
                                "Sort Space Used": 136,
                                "Sort Space Type": "Memory",
                                "Workers": [
                                  {
                                    "Worker Number": 0,
                                    "Sort Method": "quicksort",
                                    "Sort Space Used": 79,
                                    "Sort Space Type": "Memory"
                                  },
                                  {
                                    "Worker Number": 1,
                                    "Sort Method": "quicksort",
                                    "Sort Space Used": 132,
                                    "Sort Space Type": "Memory"
                                  },
                                  {
                                    "Worker Number": 2,
                                    "Sort Method": "quicksort",
                                    "Sort Space Used": 137,
                                    "Sort Space Type": "Memory"
                                  }
                                ],
                                "Plans": [
                                  {
                                    "Node Type": "Merge Join",
                                    "Parent Relationship": "Outer",
                                    "Parallel Aware": false,
                                    "Join Type": "Inner",
                                    "Startup Cost": 201129.34,
                                    "Total Cost": 206247.99,
                                    "Plan Rows": 585,
                                    "Plan Width": 29,
                                    "Actual Startup Time": 1057.193,
                                    "Actual Total Time": 1172.25,
                                    "Actual Rows": 982,
                                    "Actual Loops": 4,
                                    "Inner Unique": true,
                                    "Merge Cond": "(mc.movie_id = t.id)",
                                    "Plans": [
                                      {
                                        "Node Type": "Sort",
                                        "Parent Relationship": "Outer",
                                        "Parallel Aware": false,
                                        "Startup Cost": 31490.78,
                                        "Total Cost": 31494.39,
                                        "Plan Rows": 1447,
                                        "Plan Width": 8,
                                        "Actual Startup Time": 123.573,
                                        "Actual Total Time": 124.012,
                                        "Actual Rows": 6006,
                                        "Actual Loops": 4,
                                        "Sort Key": [
                                          "mc.movie_id"
                                        ],
                                        "Sort Method": "quicksort",
                                        "Sort Space Used": 520,
                                        "Sort Space Type": "Memory",
                                        "Workers": [
                                          {
                                            "Worker Number": 0,
                                            "Sort Method": "quicksort",
                                            "Sort Space Used": 385,
                                            "Sort Space Type": "Memory"
                                          },
                                          {
                                            "Worker Number": 1,
                                            "Sort Method": "quicksort",
                                            "Sort Space Used": 501,
                                            "Sort Space Type": "Memory"
                                          },
                                          {
                                            "Worker Number": 2,
                                            "Sort Method": "quicksort",
                                            "Sort Space Used": 490,
                                            "Sort Space Type": "Memory"
                                          }
                                        ],
                                        "Plans": [
                                          {
                                            "Node Type": "Seq Scan",
                                            "Parent Relationship": "Outer",
                                            "Parallel Aware": true,
                                            "Relation Name": "movie_companies",
                                            "Alias": "mc",
                                            "Startup Cost": 0.0,
                                            "Total Cost": 31414.82,
                                            "Plan Rows": 1447,
                                            "Plan Width": 8,
                                            "Actual Startup Time": 8.412,
                                            "Actual Total Time": 121.659,
                                            "Actual Rows": 6006,
                                            "Actual Loops": 4,
                                            "Filter": "((note ~~ '%(theatrical)%'::text) AND (note ~~ '%(France)%'::text))",
                                            "Rows Removed by Filter": 646276
                                          }
                                        ]
                                      },
                                      {
                                        "Node Type": "Sort",
                                        "Parent Relationship": "Inner",
                                        "Parallel Aware": false,
                                        "Startup Cost": 169638.44,
                                        "Total Cost": 172193.98,
                                        "Plan Rows": 1022218,
                                        "Plan Width": 21,
                                        "Actual Startup Time": 807.377,
                                        "Actual Total Time": 938.835,
                                        "Actual Rows": 1012526,
                                        "Actual Loops": 4,
                                        "Sort Key": [
                                          "t.id"
                                        ],
                                        "Sort Method": "quicksort",
                                        "Sort Space Used": 94802,
                                        "Sort Space Type": "Memory",
                                        "Workers": [
                                          {
                                            "Worker Number": 0,
                                            "Sort Method": "quicksort",
                                            "Sort Space Used": 94802,
                                            "Sort Space Type": "Memory"
                                          },
                                          {
                                            "Worker Number": 1,
                                            "Sort Method": "quicksort",
                                            "Sort Space Used": 94802,
                                            "Sort Space Type": "Memory"
                                          },
                                          {
                                            "Worker Number": 2,
                                            "Sort Method": "quicksort",
                                            "Sort Space Used": 94802,
                                            "Sort Space Type": "Memory"
                                          }
                                        ],
                                        "Plans": [
                                          {
                                            "Node Type": "Seq Scan",
                                            "Parent Relationship": "Outer",
                                            "Parallel Aware": false,
                                            "Relation Name": "title",
                                            "Alias": "t",
                                            "Startup Cost": 0.0,
                                            "Total Cost": 67604.36,
                                            "Plan Rows": 1022218,
                                            "Plan Width": 21,
                                            "Actual Startup Time": 0.042,
                                            "Actual Total Time": 413.987,
                                            "Actual Rows": 1012920,
                                            "Actual Loops": 4,
                                            "Filter": "(production_year > 2005)",
                                            "Rows Removed by Filter": 1515392
                                          }
                                        ]
                                      }
                                    ]
                                  }
                                ]
                              },
                              {
                                "Node Type": "Sort",
                                "Parent Relationship": "Inner",
                                "Parallel Aware": false,
                                "Startup Cost": 1.06,
                                "Total Cost": 1.06,
                                "Plan Rows": 1,
                                "Plan Width": 4,
                                "Actual Startup Time": 0.062,
                                "Actual Total Time": 0.062,
                                "Actual Rows": 1,
                                "Actual Loops": 4,
                                "Sort Key": [
                                  "ct.id"
                                ],
                                "Sort Method": "quicksort",
                                "Sort Space Used": 25,
                                "Sort Space Type": "Memory",
                                "Workers": [
                                  {
                                    "Worker Number": 0,
                                    "Sort Method": "quicksort",
                                    "Sort Space Used": 25,
                                    "Sort Space Type": "Memory"
                                  },
                                  {
                                    "Worker Number": 1,
                                    "Sort Method": "quicksort",
                                    "Sort Space Used": 25,
                                    "Sort Space Type": "Memory"
                                  },
                                  {
                                    "Worker Number": 2,
                                    "Sort Method": "quicksort",
                                    "Sort Space Used": 25,
                                    "Sort Space Type": "Memory"
                                  }
                                ],
                                "Plans": [
                                  {
                                    "Node Type": "Seq Scan",
                                    "Parent Relationship": "Outer",
                                    "Parallel Aware": false,
                                    "Relation Name": "company_type",
                                    "Alias": "ct",
                                    "Startup Cost": 0.0,
                                    "Total Cost": 1.05,
                                    "Plan Rows": 1,
                                    "Plan Width": 4,
                                    "Actual Startup Time": 0.052,
                                    "Actual Total Time": 0.053,
                                    "Actual Rows": 1,
                                    "Actual Loops": 4,
                                    "Filter": "((kind)::text = 'production companies'::text)",
                                    "Rows Removed by Filter": 3
                                  }
                                ]
                              }
                            ]
                          }
                        ]
                      }
                    ]
                  },
                  {
                    "Node Type": "Sort",
                    "Parent Relationship": "Inner",
                    "Parallel Aware": false,
                    "Startup Cost": 248847.39,
                    "Total Cost": 249202.76,
                    "Plan Rows": 142147,
                    "Plan Width": 8,
                    "Actual Startup Time": 0.0,
                    "Actual Total Time": 0.0,
                    "Actual Rows": 0,
                    "Actual Loops": 0,
                    "Sort Key": [
                      "mi.movie_id"
                    ],
                    "Plans": [
                      {
                        "Node Type": "Gather",
                        "Parent Relationship": "Outer",
                        "Parallel Aware": false,
                        "Startup Cost": 1000.0,
                        "Total Cost": 236681.72,
                        "Plan Rows": 142147,
                        "Plan Width": 8,
                        "Actual Startup Time": 0.0,
                        "Actual Total Time": 0.0,
                        "Actual Rows": 0,
                        "Actual Loops": 0,
                        "Workers Planned": 5,
                        "Workers Launched": 0,
                        "Single Copy": false,
                        "Plans": [
                          {
                            "Node Type": "Seq Scan",
                            "Parent Relationship": "Outer",
                            "Parallel Aware": true,
                            "Relation Name": "movie_info",
                            "Alias": "mi",
                            "Startup Cost": 0.0,
                            "Total Cost": 221467.02,
                            "Plan Rows": 28429,
                            "Plan Width": 8,
                            "Actual Startup Time": 0.0,
                            "Actual Total Time": 0.0,
                            "Actual Rows": 0,
                            "Actual Loops": 0,
                            "Filter": "(info = ANY ('{Sweden,Norway,Germany,Denmark,Swedish,Denish,Norwegian,German}'::text[]))",
                            "Rows Removed by Filter": 0
                          }
                        ]
                      }
                    ]
                  }
                ]
              }
            ]
          },
          {
            "Node Type": "Sort",
            "Parent Relationship": "Inner",
            "Parallel Aware": false,
            "Startup Cost": 5.98,
            "Total Cost": 6.27,
            "Plan Rows": 113,
            "Plan Width": 4,
            "Actual Startup Time": 0.0,
            "Actual Total Time": 0.0,
            "Actual Rows": 0,
            "Actual Loops": 0,
            "Sort Key": [
              "it.id"
            ],
            "Plans": [
              {
                "Node Type": "Seq Scan",
                "Parent Relationship": "Outer",
                "Parallel Aware": false,
                "Relation Name": "info_type",
                "Alias": "it",
                "Startup Cost": 0.0,
                "Total Cost": 2.13,
                "Plan Rows": 113,
                "Plan Width": 4,
                "Actual Startup Time": 0.0,
                "Actual Total Time": 0.0,
                "Actual Rows": 0,
                "Actual Loops": 0
              }
            ]
          }
        ]
      }
    ]
  },
  "Planning Time": 8.124,
  "Triggers": [],
  "Execution Time": 1516.387
}