[
  {
    "Plan": {
      "Node Type": "Aggregate",
      "Strategy": "Plain",
      "Partial Mode": "Finalize",
      "Parallel Aware": false,
      "Startup Cost": 46826.82,
      "Total Cost": 46826.83,
      "Plan Rows": 1,
      "Plan Width": 8,
      "Actual Startup Time": 166.508,
      "Actual Total Time": 175.969,
      "Actual Rows": 1,
      "Actual Loops": 1,
      "Plans": [
        {
          "Node Type": "Gather",
          "Parent Relationship": "Outer",
          "Parallel Aware": false,
          "Startup Cost": 46826.51,
          "Total Cost": 46826.82,
          "Plan Rows": 3,
          "Plan Width": 8,
          "Actual Startup Time": 166.369,
          "Actual Total Time": 175.961,
          "Actual Rows": 4,
          "Actual Loops": 1,
          "Workers Planned": 3,
          "Workers Launched": 3,
          "Single Copy": false,
          "Plans": [
            {
              "Node Type": "Aggregate",
              "Strategy": "Plain",
              "Partial Mode": "Partial",
              "Parent Relationship": "Outer",
              "Parallel Aware": false,
              "Startup Cost": 45826.51,
              "Total Cost": 45826.52,
              "Plan Rows": 1,
              "Plan Width": 8,
              "Actual Startup Time": 160.967,
              "Actual Total Time": 160.968,
              "Actual Rows": 1,
              "Actual Loops": 4,
              "Plans": [
                {
                  "Node Type": "Seq Scan",
                  "Parent Relationship": "Outer",
                  "Parallel Aware": true,
                  "Relation Name": "movie_keyword",
                  "Alias": "mk",
                  "Startup Cost": 0.0,
                  "Total Cost": 42695.65,
                  "Plan Rows": 1252341,
                  "Plan Width": 0,
                  "Actual Startup Time": 0.04,
                  "Actual Total Time": 118.984,
                  "Actual Rows": 974314,
                  "Actual Loops": 4,
                  "Filter": "(keyword_id < 29301)",
                  "Rows Removed by Filter": 156669
                }
              ]
            }
          ]
        }
      ]
    },
    "Planning Time": 0.184,
    "Triggers": [],
    "Execution Time": 176.022
  }
]