{
    "Plan": {
        "Node Type": "Aggregate",
        "Strategy": "Plain",
        "Partial Mode": "Simple",
        "Parallel Aware": false,
        "Startup Cost": 20371.69,
        "Total Cost": 20371.7,
        "Plan Rows": 1,
        "Plan Width": 96,
        "Actual Startup Time": 191.756,
        "Actual Total Time": 215.697,
        "Actual Rows": 1,
        "Actual Loops": 1,
        "Plans": [
            {
                "Node Type": "Nested Loop",
                "Parent Relationship": "Outer",
                "Parallel Aware": false,
                "Join Type": "Inner",
                "Startup Cost": 1004.43,
                "Total Cost": 20371.69,
                "Plan Rows": 1,
                "Plan Width": 66,
                "Actual Startup Time": 109.222,
                "Actual Total Time": 215.679,
                "Actual Rows": 11,
                "Actual Loops": 1,
                "Inner Unique": true,
                "Plans": [
                    {
                        "Node Type": "Nested Loop",
                        "Parent Relationship": "Outer",
                        "Parallel Aware": false,
                        "Join Type": "Inner",
                        "Startup Cost": 1004.0,
                        "Total Cost": 20371.03,
                        "Plan Rows": 1,
                        "Plan Width": 70,
                        "Actual Startup Time": 44.709,
                        "Actual Total Time": 214.086,
                        "Actual Rows": 268,
                        "Actual Loops": 1,
                        "Inner Unique": false,
                        "Plans": [
                            {
                                "Node Type": "Gather",
                                "Parent Relationship": "Outer",
                                "Parallel Aware": false,
                                "Startup Cost": 1003.43,
                                "Total Cost": 20367.79,
                                "Plan Rows": 1,
                                "Plan Width": 78,
                                "Actual Startup Time": 11.199,
                                "Actual Total Time": 193.69,
                                "Actual Rows": 358,
                                "Actual Loops": 1,
                                "Workers Planned": 1,
                                "Workers Launched": 1,
                                "Single Copy": false,
                                "Plans": [
                                    {
                                        "Node Type": "Nested Loop",
                                        "Parent Relationship": "Outer",
                                        "Parallel Aware": false,
                                        "Join Type": "Inner",
                                        "Startup Cost": 3.43,
                                        "Total Cost": 19367.69,
                                        "Plan Rows": 1,
                                        "Plan Width": 78,
                                        "Actual Startup Time": 22.578,
                                        "Actual Total Time": 173.818,
                                        "Actual Rows": 179,
                                        "Actual Loops": 2,
                                        "Inner Unique": true,
                                        "Plans": [
                                            {
                                                "Node Type": "Nested Loop",
                                                "Parent Relationship": "Outer",
                                                "Parallel Aware": false,
                                                "Join Type": "Inner",
                                                "Startup Cost": 3.29,
                                                "Total Cost": 19365.39,
                                                "Plan Rows": 14,
                                                "Plan Width": 82,
                                                "Actual Startup Time": 22.557,
                                                "Actual Total Time": 173.534,
                                                "Actual Rows": 179,
                                                "Actual Loops": 2,
                                                "Inner Unique": false,
                                                "Plans": [
                                                    {
                                                        "Node Type": "Nested Loop",
                                                        "Parent Relationship": "Outer",
                                                        "Parallel Aware": false,
                                                        "Join Type": "Inner",
                                                        "Startup Cost": 2.86,
                                                        "Total Cost": 19143.31,
                                                        "Plan Rows": 96,
                                                        "Plan Width": 30,
                                                        "Actual Startup Time": 3.095,
                                                        "Actual Total Time": 113.424,
                                                        "Actual Rows": 3076,
                                                        "Actual Loops": 2,
                                                        "Inner Unique": true,
                                                        "Plans": [
                                                            {
                                                                "Node Type": "Hash Join",
                                                                "Parent Relationship": "Outer",
                                                                "Parallel Aware": false,
                                                                "Join Type": "Inner",
                                                                "Startup Cost": 2.43,
                                                                "Total Cost": 18180.19,
                                                                "Plan Rows": 310,
                                                                "Plan Width": 9,
                                                                "Actual Startup Time": 0.438,
                                                                "Actual Total Time": 64.647,
                                                                "Actual Rows": 7924,
                                                                "Actual Loops": 2,
                                                                "Inner Unique": true,
                                                                "Hash Cond": "(mi_idx.info_type_id = it2.id)",
                                                                "Plans": [
                                                                    {
                                                                        "Node Type": "Seq Scan",
                                                                        "Parent Relationship": "Outer",
                                                                        "Parallel Aware": true,
                                                                        "Relation Name": "movie_info_idx",
                                                                        "Alias": "mi_idx",
                                                                        "Startup Cost": 0.0,
                                                                        "Total Cost": 18082.32,
                                                                        "Plan Rows": 35048,
                                                                        "Plan Width": 13,
                                                                        "Actual Startup Time": 0.066,
                                                                        "Actual Total Time": 61.016,
                                                                        "Actual Rows": 26314,
                                                                        "Actual Loops": 2,
                                                                        "Filter": "(info > '8.0'::text)",
                                                                        "Rows Removed by Filter": 663703
                                                                    },
                                                                    {
                                                                        "Node Type": "Hash",
                                                                        "Parent Relationship": "Inner",
                                                                        "Parallel Aware": false,
                                                                        "Startup Cost": 2.41,
                                                                        "Total Cost": 2.41,
                                                                        "Plan Rows": 1,
                                                                        "Plan Width": 4,
                                                                        "Actual Startup Time": 0.103,
                                                                        "Actual Total Time": 0.104,
                                                                        "Actual Rows": 1,
                                                                        "Actual Loops": 2,
                                                                        "Hash Buckets": 1024,
                                                                        "Original Hash Buckets": 1024,
                                                                        "Hash Batches": 1,
                                                                        "Original Hash Batches": 1,
                                                                        "Peak Memory Usage": 9,
                                                                        "Plans": [
                                                                            {
                                                                                "Node Type": "Seq Scan",
                                                                                "Parent Relationship": "Outer",
                                                                                "Parallel Aware": false,
                                                                                "Relation Name": "info_type",
                                                                                "Alias": "it2",
                                                                                "Startup Cost": 0.0,
                                                                                "Total Cost": 2.41,
                                                                                "Plan Rows": 1,
                                                                                "Plan Width": 4,
                                                                                "Actual Startup Time": 0.086,
                                                                                "Actual Total Time": 0.092,
                                                                                "Actual Rows": 1,
                                                                                "Actual Loops": 2,
                                                                                "Filter": "((info)::text = 'rating'::text)",
                                                                                "Rows Removed by Filter": 112
                                                                            }
                                                                        ]
                                                                    }
                                                                ]
                                                            },
                                                            {
                                                                "Node Type": "Index Scan",
                                                                "Parent Relationship": "Inner",
                                                                "Parallel Aware": false,
                                                                "Scan Direction": "Forward",
                                                                "Index Name": "title_pkey",
                                                                "Relation Name": "title",
                                                                "Alias": "t",
                                                                "Startup Cost": 0.43,
                                                                "Total Cost": 3.11,
                                                                "Plan Rows": 1,
                                                                "Plan Width": 21,
                                                                "Actual Startup Time": 0.006,
                                                                "Actual Total Time": 0.006,
                                                                "Actual Rows": 0,
                                                                "Actual Loops": 15849,
                                                                "Index Cond": "(id = mi_idx.movie_id)",
                                                                "Rows Removed by Index Recheck": 0,
                                                                "Filter": "((production_year >= 2008) AND (production_year <= 2014))",
                                                                "Rows Removed by Filter": 1
                                                            }
                                                        ]
                                                    },
                                                    {
                                                        "Node Type": "Index Scan",
                                                        "Parent Relationship": "Inner",
                                                        "Parallel Aware": false,
                                                        "Scan Direction": "Forward",
                                                        "Index Name": "movie_id_movie_info",
                                                        "Relation Name": "movie_info",
                                                        "Alias": "mi",
                                                        "Startup Cost": 0.43,
                                                        "Total Cost": 2.3,
                                                        "Plan Rows": 1,
                                                        "Plan Width": 52,
                                                        "Actual Startup Time": 0.019,
                                                        "Actual Total Time": 0.019,
                                                        "Actual Rows": 0,
                                                        "Actual Loops": 6152,
                                                        "Index Cond": "(movie_id = t.id)",
                                                        "Rows Removed by Index Recheck": 0,
                                                        "Filter": "((note IS NULL) AND (info = ANY ('{Horror,Thriller}'::text[])))",
                                                        "Rows Removed by Filter": 18
                                                    }
                                                ]
                                            },
                                            {
                                                "Node Type": "Index Scan",
                                                "Parent Relationship": "Inner",
                                                "Parallel Aware": false,
                                                "Scan Direction": "Forward",
                                                "Index Name": "info_type_pkey",
                                                "Relation Name": "info_type",
                                                "Alias": "it1",
                                                "Startup Cost": 0.14,
                                                "Total Cost": 0.16,
                                                "Plan Rows": 1,
                                                "Plan Width": 4,
                                                "Actual Startup Time": 0.001,
                                                "Actual Total Time": 0.001,
                                                "Actual Rows": 1,
                                                "Actual Loops": 358,
                                                "Index Cond": "(id = mi.info_type_id)",
                                                "Rows Removed by Index Recheck": 0,
                                                "Filter": "((info)::text = 'genres'::text)",
                                                "Rows Removed by Filter": 0
                                            }
                                        ]
                                    }
                                ]
                            },
                            {
                                "Node Type": "Index Scan",
                                "Parent Relationship": "Inner",
                                "Parallel Aware": false,
                                "Scan Direction": "Forward",
                                "Index Name": "movie_id_cast_info",
                                "Relation Name": "cast_info",
                                "Alias": "ci",
                                "Startup Cost": 0.56,
                                "Total Cost": 3.23,
                                "Plan Rows": 1,
                                "Plan Width": 8,
                                "Actual Startup Time": 0.045,
                                "Actual Total Time": 0.057,
                                "Actual Rows": 1,
                                "Actual Loops": 358,
                                "Index Cond": "(movie_id = t.id)",
                                "Rows Removed by Index Recheck": 0,
                                "Filter": "(note = ANY ('{(writer),\"(head writer)\",\"(written by)\",(story),\"(story editor)\"}'::text[]))",
                                "Rows Removed by Filter": 34
                            }
                        ]
                    },
                    {
                        "Node Type": "Index Scan",
                        "Parent Relationship": "Inner",
                        "Parallel Aware": false,
                        "Scan Direction": "Forward",
                        "Index Name": "name_pkey",
                        "Relation Name": "name",
                        "Alias": "n",
                        "Startup Cost": 0.43,
                        "Total Cost": 0.66,
                        "Plan Rows": 1,
                        "Plan Width": 4,
                        "Actual Startup Time": 0.006,
                        "Actual Total Time": 0.006,
                        "Actual Rows": 0,
                        "Actual Loops": 268,
                        "Index Cond": "(id = ci.person_id)",
                        "Rows Removed by Index Recheck": 0,
                        "Filter": "((gender IS NOT NULL) AND ((gender)::text = 'f'::text))",
                        "Rows Removed by Filter": 1
                    }
                ]
            }
        ]
    },
    "Planning Time": 8.461,
    "Triggers": [],
    "Execution Time": 215.844
}