{
  "Plan": {
    "Node Type": "Aggregate",
    "Strategy": "Plain",
    "Partial Mode": "Finalize",
    "Parallel Aware": false,
    "Startup Cost": 78474.87,
    "Total Cost": 78474.88,
    "Plan Rows": 1,
    "Plan Width": 8,
    "Actual Startup Time": 270.13,
    "Actual Total Time": 282.112,
    "Actual Rows": 1,
    "Actual Loops": 1,
    "Plans": [
      {
        "Node Type": "Gather",
        "Parent Relationship": "Outer",
        "Parallel Aware": false,
        "Startup Cost": 78474.75,
        "Total Cost": 78474.86,
        "Plan Rows": 1,
        "Plan Width": 8,
        "Actual Startup Time": 269.961,
        "Actual Total Time": 282.096,
        "Actual Rows": 2,
        "Actual Loops": 1,
        "Workers Planned": 1,
        "Workers Launched": 1,
        "Single Copy": false,
        "Plans": [
          {
            "Node Type": "Aggregate",
            "Strategy": "Plain",
            "Partial Mode": "Partial",
            "Parent Relationship": "Outer",
            "Parallel Aware": false,
            "Startup Cost": 77474.75,
            "Total Cost": 77474.76,
            "Plan Rows": 1,
            "Plan Width": 8,
            "Actual Startup Time": 264.367,
            "Actual Total Time": 264.371,
            "Actual Rows": 1,
            "Actual Loops": 2,
            "Plans": [
              {
                "Node Type": "Hash Join",
                "Parent Relationship": "Outer",
                "Parallel Aware": true,
                "Join Type": "Inner",
                "Startup Cost": 59194.07,
                "Total Cost": 77377.86,
                "Plan Rows": 38759,
                "Plan Width": 0,
                "Actual Startup Time": 153.912,
                "Actual Total Time": 264.324,
                "Actual Rows": 603,
                "Actual Loops": 2,
                "Inner Unique": true,
                "Hash Cond": "(mi_idx.movie_id = t.id)",
                "Plans": [
                  {
                    "Node Type": "Seq Scan",
                    "Parent Relationship": "Outer",
                    "Parallel Aware": true,
                    "Relation Name": "movie_info_idx",
                    "Alias": "mi_idx",
                    "Startup Cost": 0.0,
                    "Total Cost": 16052.85,
                    "Plan Rows": 811785,
                    "Plan Width": 4,
                    "Actual Startup Time": 0.02,
                    "Actual Total Time": 54.918,
                    "Actual Rows": 690018,
                    "Actual Loops": 2
                  },
                  {
                    "Node Type": "Hash",
                    "Parent Relationship": "Inner",
                    "Parallel Aware": true,
                    "Startup Cost": 58306.47,
                    "Total Cost": 58306.47,
                    "Plan Rows": 71008,
                    "Plan Width": 4,
                    "Actual Startup Time": 150.659,
                    "Actual Total Time": 150.66,
                    "Actual Rows": 2560,
                    "Actual Loops": 2,
                    "Hash Buckets": 131072,
                    "Original Hash Buckets": 131072,
                    "Hash Batches": 1,
                    "Original Hash Batches": 1,
                    "Peak Memory Usage": 1280,
                    "Plans": [
                      {
                        "Node Type": "Seq Scan",
                        "Parent Relationship": "Outer",
                        "Parallel Aware": true,
                        "Relation Name": "title",
                        "Alias": "t",
                        "Startup Cost": 0.0,
                        "Total Cost": 58306.47,
                        "Plan Rows": 71008,
                        "Plan Width": 4,
                        "Actual Startup Time": 0.352,
                        "Actual Total Time": 149.088,
                        "Actual Rows": 2560,
                        "Actual Loops": 2,
                        "Filter": "((kind_id > 1) AND (production_year < 1951))",
                        "Rows Removed by Filter": 1261596
                      }
                    ]
                  }
                ]
              }
            ]
          }
        ]
      }
    ]
  },
  "Planning Time": 0.493,
  "Triggers": [],
  "Execution Time": 282.184
}