[
  {
    "Plan": {
      "Node Type": "Aggregate",
      "Strategy": "Plain",
      "Partial Mode": "Finalize",
      "Parallel Aware": false,
      "Startup Cost": 31901.91,
      "Total Cost": 31901.92,
      "Plan Rows": 1,
      "Plan Width": 8,
      "Actual Startup Time": 103.793,
      "Actual Total Time": 111.205,
      "Actual Rows": 1,
      "Actual Loops": 1,
      "Plans": [
        {
          "Node Type": "Gather",
          "Parent Relationship": "Outer",
          "Parallel Aware": false,
          "Startup Cost": 31901.6,
          "Total Cost": 31901.91,
          "Plan Rows": 3,
          "Plan Width": 8,
          "Actual Startup Time": 103.523,
          "Actual Total Time": 111.198,
          "Actual Rows": 4,
          "Actual Loops": 1,
          "Workers Planned": 3,
          "Workers Launched": 3,
          "Single Copy": false,
          "Plans": [
            {
              "Node Type": "Aggregate",
              "Strategy": "Plain",
              "Partial Mode": "Partial",
              "Parent Relationship": "Outer",
              "Parallel Aware": false,
              "Startup Cost": 30901.6,
              "Total Cost": 30901.61,
              "Plan Rows": 1,
              "Plan Width": 8,
              "Actual Startup Time": 94.402,
              "Actual Total Time": 94.403,
              "Actual Rows": 1,
              "Actual Loops": 4,
              "Plans": [
                {
                  "Node Type": "Bitmap Heap Scan",
                  "Parent Relationship": "Outer",
                  "Parallel Aware": true,
                  "Relation Name": "movie_keyword",
                  "Alias": "mk",
                  "Startup Cost": 5250.22,
                  "Total Cost": 30702.03,
                  "Plan Rows": 79825,
                  "Plan Width": 0,
                  "Actual Startup Time": 32.647,
                  "Actual Total Time": 90.423,
                  "Actual Rows": 62492,
                  "Actual Loops": 4,
                  "Recheck Cond": "(keyword_id > 60447)",
                  "Rows Removed by Index Recheck": 0,
                  "Exact Heap Blocks": 10771,
                  "Lossy Heap Blocks": 0,
                  "Plans": [
                    {
                      "Node Type": "Bitmap Index Scan",
                      "Parent Relationship": "Outer",
                      "Parallel Aware": false,
                      "Index Name": "keyword_id_movie_keyword",
                      "Startup Cost": 0.0,
                      "Total Cost": 5188.36,
                      "Plan Rows": 247457,
                      "Plan Width": 0,
                      "Actual Startup Time": 36.909,
                      "Actual Total Time": 36.909,
                      "Actual Rows": 249966,
                      "Actual Loops": 1,
                      "Index Cond": "(keyword_id > 60447)"
                    }
                  ]
                }
              ]
            }
          ]
        }
      ]
    },
    "Planning Time": 0.16,
    "Triggers": [],
    "Execution Time": 111.273
  }
]