[
  {
    "Plan": {
      "Node Type": "Aggregate",
      "Strategy": "Plain",
      "Partial Mode": "Finalize",
      "Parallel Aware": false,
      "Startup Cost": 43032.67,
      "Total Cost": 43032.68,
      "Plan Rows": 1,
      "Plan Width": 8,
      "Actual Startup Time": 138.654,
      "Actual Total Time": 150.204,
      "Actual Rows": 1,
      "Actual Loops": 1,
      "Plans": [
        {
          "Node Type": "Gather",
          "Parent Relationship": "Outer",
          "Parallel Aware": false,
          "Startup Cost": 43032.35,
          "Total Cost": 43032.66,
          "Plan Rows": 3,
          "Plan Width": 8,
          "Actual Startup Time": 138.16,
          "Actual Total Time": 150.188,
          "Actual Rows": 4,
          "Actual Loops": 1,
          "Workers Planned": 3,
          "Workers Launched": 3,
          "Single Copy": false,
          "Plans": [
            {
              "Node Type": "Aggregate",
              "Strategy": "Plain",
              "Partial Mode": "Partial",
              "Parent Relationship": "Outer",
              "Parallel Aware": false,
              "Startup Cost": 42032.35,
              "Total Cost": 42032.36,
              "Plan Rows": 1,
              "Plan Width": 8,
              "Actual Startup Time": 131.541,
              "Actual Total Time": 131.543,
              "Actual Rows": 1,
              "Actual Loops": 4,
              "Plans": [
                {
                  "Node Type": "Bitmap Heap Scan",
                  "Parent Relationship": "Outer",
                  "Parallel Aware": true,
                  "Relation Name": "movie_keyword",
                  "Alias": "mk",
                  "Startup Cost": 14313.55,
                  "Total Cost": 41488.22,
                  "Plan Rows": 217653,
                  "Plan Width": 0,
                  "Actual Startup Time": 39.018,
                  "Actual Total Time": 121.554,
                  "Actual Rows": 168750,
                  "Actual Loops": 4,
                  "Recheck Cond": "(keyword_id > 27784)",
                  "Rows Removed by Index Recheck": 0,
                  "Exact Heap Blocks": 10373,
                  "Lossy Heap Blocks": 0,
                  "Plans": [
                    {
                      "Node Type": "Bitmap Index Scan",
                      "Parent Relationship": "Outer",
                      "Parallel Aware": false,
                      "Index Name": "keyword_id_movie_keyword",
                      "Startup Cost": 0.0,
                      "Total Cost": 14144.87,
                      "Plan Rows": 674725,
                      "Plan Width": 0,
                      "Actual Startup Time": 41.669,
                      "Actual Total Time": 41.671,
                      "Actual Rows": 674998,
                      "Actual Loops": 1,
                      "Index Cond": "(keyword_id > 27784)"
                    }
                  ]
                }
              ]
            }
          ]
        }
      ]
    },
    "Planning Time": 0.084,
    "Triggers": [],
    "Execution Time": 150.251
  }
]