[
    {
        "Bao": {
            "Bao prediction": "NaN",
            "Bao recommended hint": "(no hint)"
        }
    },
    {
        "Plan": {
            "Node Type": "Aggregate",
            "Strategy": "Plain",
            "Partial Mode": "Finalize",
            "Parallel Aware": false,
            "Startup Cost": 319576.03,
            "Total Cost": 319576.04,
            "Plan Rows": 1,
            "Plan Width": 8,
            "Actual Startup Time": 193.415,
            "Actual Total Time": 200.75,
            "Actual Rows": 1,
            "Actual Loops": 1,
            "Output": [
                "count(*)"
            ],
            "Plans": [
                {
                    "Node Type": "Gather",
                    "Parent Relationship": "Outer",
                    "Parallel Aware": false,
                    "Startup Cost": 319575.41,
                    "Total Cost": 319576.02,
                    "Plan Rows": 6,
                    "Plan Width": 8,
                    "Actual Startup Time": 191.424,
                    "Actual Total Time": 200.742,
                    "Actual Rows": 7,
                    "Actual Loops": 1,
                    "Output": [
                        "(PARTIAL count(*))"
                    ],
                    "Workers Planned": 6,
                    "Workers Launched": 6,
                    "Single Copy": false,
                    "Plans": [
                        {
                            "Node Type": "Aggregate",
                            "Strategy": "Plain",
                            "Partial Mode": "Partial",
                            "Parent Relationship": "Outer",
                            "Parallel Aware": false,
                            "Startup Cost": 318575.41,
                            "Total Cost": 318575.42,
                            "Plan Rows": 1,
                            "Plan Width": 8,
                            "Actual Startup Time": 180.412,
                            "Actual Total Time": 180.416,
                            "Actual Rows": 1,
                            "Actual Loops": 7,
                            "Output": [
                                "PARTIAL count(*)"
                            ],
                            "Workers": [
                                {
                                    "Worker Number": 0,
                                    "Actual Startup Time": 177.731,
                                    "Actual Total Time": 177.735,
                                    "Actual Rows": 1,
                                    "Actual Loops": 1
                                },
                                {
                                    "Worker Number": 1,
                                    "Actual Startup Time": 178.214,
                                    "Actual Total Time": 178.217,
                                    "Actual Rows": 1,
                                    "Actual Loops": 1
                                },
                                {
                                    "Worker Number": 2,
                                    "Actual Startup Time": 178.693,
                                    "Actual Total Time": 178.696,
                                    "Actual Rows": 1,
                                    "Actual Loops": 1
                                },
                                {
                                    "Worker Number": 3,
                                    "Actual Startup Time": 179.102,
                                    "Actual Total Time": 179.105,
                                    "Actual Rows": 1,
                                    "Actual Loops": 1
                                },
                                {
                                    "Worker Number": 4,
                                    "Actual Startup Time": 179.228,
                                    "Actual Total Time": 179.232,
                                    "Actual Rows": 1,
                                    "Actual Loops": 1
                                },
                                {
                                    "Worker Number": 5,
                                    "Actual Startup Time": 179.501,
                                    "Actual Total Time": 179.504,
                                    "Actual Rows": 1,
                                    "Actual Loops": 1
                                }
                            ],
                            "Plans": [
                                {
                                    "Node Type": "Hash Join",
                                    "Parent Relationship": "Outer",
                                    "Parallel Aware": true,
                                    "Join Type": "Inner",
                                    "Startup Cost": 63660.84,
                                    "Total Cost": 318555.34,
                                    "Plan Rows": 8027,
                                    "Plan Width": 0,
                                    "Actual Startup Time": 159.899,
                                    "Actual Total Time": 180.161,
                                    "Actual Rows": 3377,
                                    "Actual Loops": 7,
                                    "Inner Unique": true,
                                    "Hash Cond": "(ci.movie_id = t.id)",
                                    "Workers": [
                                        {
                                            "Worker Number": 0,
                                            "Actual Startup Time": 157.935,
                                            "Actual Total Time": 177.499,
                                            "Actual Rows": 2656,
                                            "Actual Loops": 1
                                        },
                                        {
                                            "Worker Number": 1,
                                            "Actual Startup Time": 157.995,
                                            "Actual Total Time": 177.959,
                                            "Actual Rows": 3074,
                                            "Actual Loops": 1
                                        },
                                        {
                                            "Worker Number": 2,
                                            "Actual Startup Time": 158.015,
                                            "Actual Total Time": 178.445,
                                            "Actual Rows": 2970,
                                            "Actual Loops": 1
                                        },
                                        {
                                            "Worker Number": 3,
                                            "Actual Startup Time": 158.402,
                                            "Actual Total Time": 178.845,
                                            "Actual Rows": 3169,
                                            "Actual Loops": 1
                                        },
                                        {
                                            "Worker Number": 4,
                                            "Actual Startup Time": 158.497,
                                            "Actual Total Time": 178.953,
                                            "Actual Rows": 3277,
                                            "Actual Loops": 1
                                        },
                                        {
                                            "Worker Number": 5,
                                            "Actual Startup Time": 158.8,
                                            "Actual Total Time": 179.263,
                                            "Actual Rows": 2823,
                                            "Actual Loops": 1
                                        }
                                    ],
                                    "Plans": [
                                        {
                                            "Node Type": "Bitmap Heap Scan",
                                            "Parent Relationship": "Outer",
                                            "Parallel Aware": true,
                                            "Relation Name": "cast_info",
                                            "Schema": "public",
                                            "Alias": "ci",
                                            "Startup Cost": 17441.08,
                                            "Total Cost": 272110.77,
                                            "Plan Rows": 85643,
                                            "Plan Width": 4,
                                            "Actual Startup Time": 76.924,
                                            "Actual Total Time": 87.697,
                                            "Actual Rows": 30395,
                                            "Actual Loops": 7,
                                            "Output": [
                                                "ci.id",
                                                "ci.person_id",
                                                "ci.movie_id",
                                                "ci.person_role_id",
                                                "ci.note",
                                                "ci.nr_order",
                                                "ci.role_id"
                                            ],
                                            "Recheck Cond": "(ci.person_id < 85617)",
                                            "Rows Removed by Index Recheck": 0,
                                            "Filter": "(ci.role_id > 1)",
                                            "Rows Removed by Filter": 85763,
                                            "Exact Heap Blocks": 2714,
                                            "Lossy Heap Blocks": 0,
                                            "Workers": [
                                                {
                                                    "Worker Number": 0,
                                                    "Actual Startup Time": 76.913,
                                                    "Actual Total Time": 87.356,
                                                    "Actual Rows": 21858,
                                                    "Actual Loops": 1
                                                },
                                                {
                                                    "Worker Number": 1,
                                                    "Actual Startup Time": 77.059,
                                                    "Actual Total Time": 88.013,
                                                    "Actual Rows": 28898,
                                                    "Actual Loops": 1
                                                },
                                                {
                                                    "Worker Number": 2,
                                                    "Actual Startup Time": 76.879,
                                                    "Actual Total Time": 87.939,
                                                    "Actual Rows": 27975,
                                                    "Actual Loops": 1
                                                },
                                                {
                                                    "Worker Number": 3,
                                                    "Actual Startup Time": 76.897,
                                                    "Actual Total Time": 88.117,
                                                    "Actual Rows": 28156,
                                                    "Actual Loops": 1
                                                },
                                                {
                                                    "Worker Number": 4,
                                                    "Actual Startup Time": 76.853,
                                                    "Actual Total Time": 87.968,
                                                    "Actual Rows": 27086,
                                                    "Actual Loops": 1
                                                },
                                                {
                                                    "Worker Number": 5,
                                                    "Actual Startup Time": 76.864,
                                                    "Actual Total Time": 88.007,
                                                    "Actual Rows": 28618,
                                                    "Actual Loops": 1
                                                }
                                            ],
                                            "Plans": [
                                                {
                                                    "Node Type": "Bitmap Index Scan",
                                                    "Parent Relationship": "Outer",
                                                    "Parallel Aware": false,
                                                    "Index Name": "person_id_cast_info",
                                                    "Startup Cost": 0.0,
                                                    "Total Cost": 17312.62,
                                                    "Plan Rows": 793074,
                                                    "Plan Width": 0,
                                                    "Actual Startup Time": 49.959,
                                                    "Actual Total Time": 49.96,
                                                    "Actual Rows": 813102,
                                                    "Actual Loops": 1,
                                                    "Index Cond": "(ci.person_id < 85617)"
                                                }
                                            ]
                                        },
                                        {
                                            "Node Type": "Hash",
                                            "Parent Relationship": "Inner",
                                            "Parallel Aware": true,
                                            "Startup Cost": 45479.21,
                                            "Total Cost": 45479.21,
                                            "Plan Rows": 59244,
                                            "Plan Width": 4,
                                            "Actual Startup Time": 80.917,
                                            "Actual Total Time": 80.918,
                                            "Actual Rows": 36701,
                                            "Actual Loops": 7,
                                            "Output": [
                                                "t.id"
                                            ],
                                            "Hash Buckets": 262144,
                                            "Original Hash Buckets": 262144,
                                            "Hash Batches": 1,
                                            "Original Hash Batches": 1,
                                            "Peak Memory Usage": 12256,
                                            "Workers": [
                                                {
                                                    "Worker Number": 0,
                                                    "Actual Startup Time": 79.263,
                                                    "Actual Total Time": 79.264,
                                                    "Actual Rows": 24704,
                                                    "Actual Loops": 1
                                                },
                                                {
                                                    "Worker Number": 1,
                                                    "Actual Startup Time": 80.011,
                                                    "Actual Total Time": 80.012,
                                                    "Actual Rows": 35425,
                                                    "Actual Loops": 1
                                                },
                                                {
                                                    "Worker Number": 2,
                                                    "Actual Startup Time": 80.461,
                                                    "Actual Total Time": 80.461,
                                                    "Actual Rows": 33820,
                                                    "Actual Loops": 1
                                                },
                                                {
                                                    "Worker Number": 3,
                                                    "Actual Startup Time": 80.842,
                                                    "Actual Total Time": 80.842,
                                                    "Actual Rows": 35368,
                                                    "Actual Loops": 1
                                                },
                                                {
                                                    "Worker Number": 4,
                                                    "Actual Startup Time": 81.01,
                                                    "Actual Total Time": 81.012,
                                                    "Actual Rows": 36122,
                                                    "Actual Loops": 1
                                                },
                                                {
                                                    "Worker Number": 5,
                                                    "Actual Startup Time": 81.275,
                                                    "Actual Total Time": 81.276,
                                                    "Actual Rows": 35315,
                                                    "Actual Loops": 1
                                                }
                                            ],
                                            "Plans": [
                                                {
                                                    "Node Type": "Seq Scan",
                                                    "Parent Relationship": "Outer",
                                                    "Parallel Aware": true,
                                                    "Relation Name": "title",
                                                    "Schema": "public",
                                                    "Alias": "t",
                                                    "Startup Cost": 0.0,
                                                    "Total Cost": 45479.21,
                                                    "Plan Rows": 59244,
                                                    "Plan Width": 4,
                                                    "Actual Startup Time": 0.04,
                                                    "Actual Total Time": 66.552,
                                                    "Actual Rows": 36701,
                                                    "Actual Loops": 7,
                                                    "Output": [
                                                        "t.id"
                                                    ],
                                                    "Filter": "((t.production_year > 2010) AND (t.kind_id = 7))",
                                                    "Rows Removed by Filter": 324487,
                                                    "Workers": [
                                                        {
                                                            "Worker Number": 0,
                                                            "Actual Startup Time": 0.038,
                                                            "Actual Total Time": 65.823,
                                                            "Actual Rows": 24704,
                                                            "Actual Loops": 1
                                                        },
                                                        {
                                                            "Worker Number": 1,
                                                            "Actual Startup Time": 0.038,
                                                            "Actual Total Time": 66.722,
                                                            "Actual Rows": 35425,
                                                            "Actual Loops": 1
                                                        },
                                                        {
                                                            "Worker Number": 2,
                                                            "Actual Startup Time": 0.046,
                                                            "Actual Total Time": 65.778,
                                                            "Actual Rows": 33820,
                                                            "Actual Loops": 1
                                                        },
                                                        {
                                                            "Worker Number": 3,
                                                            "Actual Startup Time": 0.048,
                                                            "Actual Total Time": 67.316,
                                                            "Actual Rows": 35368,
                                                            "Actual Loops": 1
                                                        },
                                                        {
                                                            "Worker Number": 4,
                                                            "Actual Startup Time": 0.049,
                                                            "Actual Total Time": 68.338,
                                                            "Actual Rows": 36122,
                                                            "Actual Loops": 1
                                                        },
                                                        {
                                                            "Worker Number": 5,
                                                            "Actual Startup Time": 0.035,
                                                            "Actual Total Time": 67.819,
                                                            "Actual Rows": 35315,
                                                            "Actual Loops": 1
                                                        }
                                                    ]
                                                }
                                            ]
                                        }
                                    ]
                                }
                            ]
                        }
                    ]
                }
            ]
        },
        "Planning Time": 195.802,
        "Triggers": [],
        "Execution Time": 200.876
    }
]