[
  {
    "Plan": {
      "Node Type": "Aggregate",
      "Strategy": "Plain",
      "Partial Mode": "Finalize",
      "Parallel Aware": false,
      "Startup Cost": 50805.88,
      "Total Cost": 50805.89,
      "Plan Rows": 1,
      "Plan Width": 8,
      "Actual Startup Time": 91.481,
      "Actual Total Time": 107.506,
      "Actual Rows": 1,
      "Actual Loops": 1,
      "Plans": [
        {
          "Node Type": "Gather",
          "Parent Relationship": "Outer",
          "Parallel Aware": false,
          "Startup Cost": 50805.46,
          "Total Cost": 50805.87,
          "Plan Rows": 4,
          "Plan Width": 8,
          "Actual Startup Time": 91.319,
          "Actual Total Time": 107.491,
          "Actual Rows": 5,
          "Actual Loops": 1,
          "Workers Planned": 4,
          "Workers Launched": 4,
          "Single Copy": false,
          "Plans": [
            {
              "Node Type": "Aggregate",
              "Strategy": "Plain",
              "Partial Mode": "Partial",
              "Parent Relationship": "Outer",
              "Parallel Aware": false,
              "Startup Cost": 49805.46,
              "Total Cost": 49805.47,
              "Plan Rows": 1,
              "Plan Width": 8,
              "Actual Startup Time": 86.146,
              "Actual Total Time": 86.147,
              "Actual Rows": 1,
              "Actual Loops": 5,
              "Plans": [
                {
                  "Node Type": "Nested Loop",
                  "Parent Relationship": "Outer",
                  "Parallel Aware": false,
                  "Join Type": "Inner",
                  "Startup Cost": 0.43,
                  "Total Cost": 49804.66,
                  "Plan Rows": 320,
                  "Plan Width": 0,
                  "Actual Startup Time": 50.906,
                  "Actual Total Time": 86.076,
                  "Actual Rows": 820,
                  "Actual Loops": 5,
                  "Inner Unique": false,
                  "Plans": [
                    {
                      "Node Type": "Seq Scan",
                      "Parent Relationship": "Outer",
                      "Parallel Aware": true,
                      "Relation Name": "title",
                      "Alias": "t",
                      "Startup Cost": 0.0,
                      "Total Cost": 45479.59,
                      "Plan Rows": 587,
                      "Plan Width": 4,
                      "Actual Startup Time": 50.392,
                      "Actual Total Time": 75.809,
                      "Actual Rows": 1537,
                      "Actual Loops": 5,
                      "Filter": "((kind_id < 3) AND (production_year < 1901))",
                      "Rows Removed by Filter": 504125
                    },
                    {
                      "Node Type": "Index Only Scan",
                      "Parent Relationship": "Inner",
                      "Parallel Aware": false,
                      "Scan Direction": "Forward",
                      "Index Name": "movie_id_movie_info_idx",
                      "Relation Name": "movie_info_idx",
                      "Alias": "mi_idx",
                      "Startup Cost": 0.43,
                      "Total Cost": 7.34,
                      "Plan Rows": 3,
                      "Plan Width": 4,
                      "Actual Startup Time": 0.006,
                      "Actual Total Time": 0.006,
                      "Actual Rows": 1,
                      "Actual Loops": 7687,
                      "Index Cond": "(movie_id = t.id)",
                      "Rows Removed by Index Recheck": 0,
                      "Heap Fetches": 4101
                    }
                  ]
                }
              ]
            }
          ]
        }
      ]
    },
    "Planning Time": 0.345,
    "Triggers": [],
    "Execution Time": 107.552
  }
]