[
  {
    "Plan": {
      "Node Type": "Aggregate",
      "Strategy": "Plain",
      "Partial Mode": "Finalize",
      "Parallel Aware": false,
      "Startup Cost": 322058.96,
      "Total Cost": 322058.97,
      "Plan Rows": 1,
      "Plan Width": 8,
      "Actual Startup Time": 401.512,
      "Actual Total Time": 413.002,
      "Actual Rows": 1,
      "Actual Loops": 1,
      "Plans": [
        {
          "Node Type": "Gather",
          "Parent Relationship": "Outer",
          "Parallel Aware": false,
          "Startup Cost": 322058.34,
          "Total Cost": 322058.95,
          "Plan Rows": 6,
          "Plan Width": 8,
          "Actual Startup Time": 400.621,
          "Actual Total Time": 412.992,
          "Actual Rows": 7,
          "Actual Loops": 1,
          "Workers Planned": 6,
          "Workers Launched": 6,
          "Single Copy": false,
          "Plans": [
            {
              "Node Type": "Aggregate",
              "Strategy": "Plain",
              "Partial Mode": "Partial",
              "Parent Relationship": "Outer",
              "Parallel Aware": false,
              "Startup Cost": 321058.34,
              "Total Cost": 321058.35,
              "Plan Rows": 1,
              "Plan Width": 8,
              "Actual Startup Time": 389.709,
              "Actual Total Time": 389.71,
              "Actual Rows": 1,
              "Actual Loops": 7,
              "Plans": [
                {
                  "Node Type": "Bitmap Heap Scan",
                  "Parent Relationship": "Outer",
                  "Parallel Aware": true,
                  "Relation Name": "cast_info",
                  "Alias": "ci",
                  "Startup Cost": 61419.44,
                  "Total Cost": 319899.69,
                  "Plan Rows": 463460,
                  "Plan Width": 0,
                  "Actual Startup Time": 249.529,
                  "Actual Total Time": 368.089,
                  "Actual Rows": 379682,
                  "Actual Loops": 7,
                  "Recheck Cond": "(person_id > 3549701)",
                  "Rows Removed by Index Recheck": 0,
                  "Exact Heap Blocks": 6653,
                  "Lossy Heap Blocks": 0,
                  "Plans": [
                    {
                      "Node Type": "Bitmap Index Scan",
                      "Parent Relationship": "Outer",
                      "Parallel Aware": false,
                      "Index Name": "person_id_cast_info",
                      "Startup Cost": 0.0,
                      "Total Cost": 60724.25,
                      "Plan Rows": 2780758,
                      "Plan Width": 0,
                      "Actual Startup Time": 249.394,
                      "Actual Total Time": 249.394,
                      "Actual Rows": 2657775,
                      "Actual Loops": 1,
                      "Index Cond": "(person_id > 3549701)"
                    }
                  ]
                }
              ]
            }
          ]
        }
      ]
    },
    "Planning Time": 0.181,
    "Triggers": [],
    "Execution Time": 413.076
  }
]