{
  "Plan": {
    "Node Type": "Aggregate",
    "Strategy": "Plain",
    "Partial Mode": "Finalize",
    "Parallel Aware": false,
    "Startup Cost": 330187.11,
    "Total Cost": 330187.12,
    "Plan Rows": 1,
    "Plan Width": 8,
    "Actual Startup Time": 640.327,
    "Actual Total Time": 672.248,
    "Actual Rows": 1,
    "Actual Loops": 1,
    "Plans": [
      {
        "Node Type": "Gather",
        "Parent Relationship": "Outer",
        "Parallel Aware": false,
        "Startup Cost": 330186.99,
        "Total Cost": 330187.1,
        "Plan Rows": 1,
        "Plan Width": 8,
        "Actual Startup Time": 637.192,
        "Actual Total Time": 672.241,
        "Actual Rows": 2,
        "Actual Loops": 1,
        "Workers Planned": 1,
        "Workers Launched": 1,
        "Single Copy": false,
        "Plans": [
          {
            "Node Type": "Aggregate",
            "Strategy": "Plain",
            "Partial Mode": "Partial",
            "Parent Relationship": "Outer",
            "Parallel Aware": false,
            "Startup Cost": 329186.99,
            "Total Cost": 329187.0,
            "Plan Rows": 1,
            "Plan Width": 8,
            "Actual Startup Time": 628.895,
            "Actual Total Time": 628.899,
            "Actual Rows": 1,
            "Actual Loops": 2,
            "Plans": [
              {
                "Node Type": "Nested Loop",
                "Parent Relationship": "Outer",
                "Parallel Aware": false,
                "Join Type": "Inner",
                "Startup Cost": 72184.96,
                "Total Cost": 327636.27,
                "Plan Rows": 620288,
                "Plan Width": 0,
                "Actual Startup Time": 378.102,
                "Actual Total Time": 620.161,
                "Actual Rows": 197698,
                "Actual Loops": 2,
                "Inner Unique": false,
                "Plans": [
                  {
                    "Node Type": "Hash Join",
                    "Parent Relationship": "Outer",
                    "Parallel Aware": true,
                    "Join Type": "Inner",
                    "Startup Cost": 72184.52,
                    "Total Cost": 99278.05,
                    "Plan Rows": 106081,
                    "Plan Width": 8,
                    "Actual Startup Time": 378.023,
                    "Actual Total Time": 475.347,
                    "Actual Rows": 22788,
                    "Actual Loops": 2,
                    "Inner Unique": true,
                    "Hash Cond": "(mk.movie_id = t.id)",
                    "Plans": [
                      {
                        "Node Type": "Bitmap Heap Scan",
                        "Parent Relationship": "Outer",
                        "Parallel Aware": true,
                        "Relation Name": "movie_keyword",
                        "Alias": "mk",
                        "Startup Cost": 6295.66,
                        "Total Cost": 32931.08,
                        "Plan Rows": 174514,
                        "Plan Width": 4,
                        "Actual Startup Time": 18.424,
                        "Actual Total Time": 70.098,
                        "Actual Rows": 155743,
                        "Actual Loops": 2,
                        "Recheck Cond": "(keyword_id < 249)",
                        "Rows Removed by Index Recheck": 0,
                        "Exact Heap Blocks": 14138,
                        "Lossy Heap Blocks": 0,
                        "Plans": [
                          {
                            "Node Type": "Bitmap Index Scan",
                            "Parent Relationship": "Outer",
                            "Parallel Aware": false,
                            "Index Name": "keyword_id_movie_keyword",
                            "Startup Cost": 0.0,
                            "Total Cost": 6221.49,
                            "Plan Rows": 296674,
                            "Plan Width": 0,
                            "Actual Startup Time": 14.888,
                            "Actual Total Time": 14.888,
                            "Actual Rows": 311486,
                            "Actual Loops": 1,
                            "Index Cond": "(keyword_id < 249)"
                          }
                        ]
                      },
                      {
                        "Node Type": "Hash",
                        "Parent Relationship": "Inner",
                        "Parallel Aware": true,
                        "Startup Cost": 54588.39,
                        "Total Cost": 54588.39,
                        "Plan Rows": 904038,
                        "Plan Width": 4,
                        "Actual Startup Time": 344.775,
                        "Actual Total Time": 344.776,
                        "Actual Rows": 771632,
                        "Actual Loops": 2,
                        "Hash Buckets": 2097152,
                        "Original Hash Buckets": 2097152,
                        "Hash Batches": 1,
                        "Original Hash Batches": 1,
                        "Peak Memory Usage": 76800,
                        "Plans": [
                          {
                            "Node Type": "Seq Scan",
                            "Parent Relationship": "Outer",
                            "Parallel Aware": true,
                            "Relation Name": "title",
                            "Alias": "t",
                            "Startup Cost": 0.0,
                            "Total Cost": 54588.39,
                            "Plan Rows": 904038,
                            "Plan Width": 4,
                            "Actual Startup Time": 0.029,
                            "Actual Total Time": 154.564,
                            "Actual Rows": 771632,
                            "Actual Loops": 2,
                            "Filter": "(kind_id = 7)",
                            "Rows Removed by Filter": 492524
                          }
                        ]
                      }
                    ]
                  },
                  {
                    "Node Type": "Index Only Scan",
                    "Parent Relationship": "Inner",
                    "Parallel Aware": false,
                    "Scan Direction": "Forward",
                    "Index Name": "movie_id_movie_info",
                    "Relation Name": "movie_info",
                    "Alias": "mi",
                    "Startup Cost": 0.43,
                    "Total Cost": 1.73,
                    "Plan Rows": 42,
                    "Plan Width": 4,
                    "Actual Startup Time": 0.002,
                    "Actual Total Time": 0.006,
                    "Actual Rows": 9,
                    "Actual Loops": 45575,
                    "Index Cond": "(movie_id = t.id)",
                    "Rows Removed by Index Recheck": 0,
                    "Heap Fetches": 395396
                  }
                ]
              }
            ]
          }
        ]
      }
    ]
  },
  "Planning Time": 0.937,
  "Triggers": [],
  "Execution Time": 672.358
}