{
  "Plan": {
    "Node Type": "Aggregate",
    "Strategy": "Plain",
    "Partial Mode": "Finalize",
    "Parallel Aware": false,
    "Startup Cost": 138395.41,
    "Total Cost": 138395.42,
    "Plan Rows": 1,
    "Plan Width": 8,
    "Actual Startup Time": 1144.182,
    "Actual Total Time": 1211.346,
    "Actual Rows": 1,
    "Actual Loops": 1,
    "Plans": [
      {
        "Node Type": "Gather",
        "Parent Relationship": "Outer",
        "Parallel Aware": false,
        "Startup Cost": 138395.29,
        "Total Cost": 138395.4,
        "Plan Rows": 1,
        "Plan Width": 8,
        "Actual Startup Time": 1143.901,
        "Actual Total Time": 1211.335,
        "Actual Rows": 2,
        "Actual Loops": 1,
        "Workers Planned": 1,
        "Workers Launched": 1,
        "Single Copy": false,
        "Plans": [
          {
            "Node Type": "Aggregate",
            "Strategy": "Plain",
            "Partial Mode": "Partial",
            "Parent Relationship": "Outer",
            "Parallel Aware": false,
            "Startup Cost": 137395.29,
            "Total Cost": 137395.3,
            "Plan Rows": 1,
            "Plan Width": 8,
            "Actual Startup Time": 1137.544,
            "Actual Total Time": 1137.549,
            "Actual Rows": 1,
            "Actual Loops": 2,
            "Plans": [
              {
                "Node Type": "Nested Loop",
                "Parent Relationship": "Outer",
                "Parallel Aware": false,
                "Join Type": "Inner",
                "Startup Cost": 20511.47,
                "Total Cost": 137317.19,
                "Plan Rows": 31241,
                "Plan Width": 0,
                "Actual Startup Time": 34.946,
                "Actual Total Time": 1133.507,
                "Actual Rows": 49330,
                "Actual Loops": 2,
                "Inner Unique": false,
                "Plans": [
                  {
                    "Node Type": "Hash Join",
                    "Parent Relationship": "Outer",
                    "Parallel Aware": true,
                    "Join Type": "Inner",
                    "Startup Cost": 20510.9,
                    "Total Cost": 80839.82,
                    "Plan Rows": 27779,
                    "Plan Width": 8,
                    "Actual Startup Time": 34.765,
                    "Actual Total Time": 370.589,
                    "Actual Rows": 23626,
                    "Actual Loops": 2,
                    "Inner Unique": false,
                    "Hash Cond": "(t.id = mc.movie_id)",
                    "Plans": [
                      {
                        "Node Type": "Seq Scan",
                        "Parent Relationship": "Outer",
                        "Parallel Aware": true,
                        "Relation Name": "title",
                        "Alias": "t",
                        "Startup Cost": 0.0,
                        "Total Cost": 50870.31,
                        "Plan Rows": 1487231,
                        "Plan Width": 4,
                        "Actual Startup Time": 0.01,
                        "Actual Total Time": 144.153,
                        "Actual Rows": 1264156,
                        "Actual Loops": 2
                      },
                      {
                        "Node Type": "Hash",
                        "Parent Relationship": "Inner",
                        "Parallel Aware": true,
                        "Startup Cost": 20163.67,
                        "Total Cost": 20163.67,
                        "Plan Rows": 27779,
                        "Plan Width": 4,
                        "Actual Startup Time": 33.425,
                        "Actual Total Time": 33.427,
                        "Actual Rows": 23626,
                        "Actual Loops": 2,
                        "Hash Buckets": 65536,
                        "Original Hash Buckets": 65536,
                        "Hash Batches": 1,
                        "Original Hash Batches": 1,
                        "Peak Memory Usage": 2400,
                        "Plans": [
                          {
                            "Node Type": "Bitmap Heap Scan",
                            "Parent Relationship": "Outer",
                            "Parallel Aware": true,
                            "Relation Name": "movie_companies",
                            "Alias": "mc",
                            "Startup Cost": 1026.42,
                            "Total Cost": 20163.67,
                            "Plan Rows": 27779,
                            "Plan Width": 4,
                            "Actual Startup Time": 4.692,
                            "Actual Total Time": 23.774,
                            "Actual Rows": 23626,
                            "Actual Loops": 2,
                            "Recheck Cond": "(company_id = 19)",
                            "Rows Removed by Index Recheck": 0,
                            "Exact Heap Blocks": 3859,
                            "Lossy Heap Blocks": 0,
                            "Plans": [
                              {
                                "Node Type": "Bitmap Index Scan",
                                "Parent Relationship": "Outer",
                                "Parallel Aware": false,
                                "Index Name": "company_id_movie_companies",
                                "Startup Cost": 0.0,
                                "Total Cost": 1014.62,
                                "Plan Rows": 47225,
                                "Plan Width": 0,
                                "Actual Startup Time": 7.206,
                                "Actual Total Time": 7.207,
                                "Actual Rows": 47252,
                                "Actual Loops": 1,
                                "Index Cond": "(company_id = 19)"
                              }
                            ]
                          }
                        ]
                      }
                    ]
                  },
                  {
                    "Node Type": "Index Scan",
                    "Parent Relationship": "Inner",
                    "Parallel Aware": false,
                    "Scan Direction": "Forward",
                    "Index Name": "movie_id_cast_info",
                    "Relation Name": "cast_info",
                    "Alias": "ci",
                    "Startup Cost": 0.56,
                    "Total Cost": 2.0,
                    "Plan Rows": 3,
                    "Plan Width": 4,
                    "Actual Startup Time": 0.024,
                    "Actual Total Time": 0.032,
                    "Actual Rows": 2,
                    "Actual Loops": 47252,
                    "Index Cond": "(movie_id = t.id)",
                    "Rows Removed by Index Recheck": 0,
                    "Filter": "((person_id > 8272) AND (role_id = 4))",
                    "Rows Removed by Filter": 22
                  }
                ]
              }
            ]
          }
        ]
      }
    ]
  },
  "Planning Time": 1.109,
  "Triggers": [],
  "Execution Time": 1211.482
}