[
  {
    "Plan": {
      "Node Type": "Aggregate",
      "Strategy": "Plain",
      "Partial Mode": "Finalize",
      "Parallel Aware": false,
      "Startup Cost": 46328.43,
      "Total Cost": 46328.44,
      "Plan Rows": 1,
      "Plan Width": 8,
      "Actual Startup Time": 209.133,
      "Actual Total Time": 219.129,
      "Actual Rows": 1,
      "Actual Loops": 1,
      "Plans": [
        {
          "Node Type": "Gather",
          "Parent Relationship": "Outer",
          "Parallel Aware": false,
          "Startup Cost": 46328.12,
          "Total Cost": 46328.43,
          "Plan Rows": 3,
          "Plan Width": 8,
          "Actual Startup Time": 209.0,
          "Actual Total Time": 219.119,
          "Actual Rows": 4,
          "Actual Loops": 1,
          "Workers Planned": 3,
          "Workers Launched": 3,
          "Single Copy": false,
          "Plans": [
            {
              "Node Type": "Aggregate",
              "Strategy": "Plain",
              "Partial Mode": "Partial",
              "Parent Relationship": "Outer",
              "Parallel Aware": false,
              "Startup Cost": 45328.12,
              "Total Cost": 45328.13,
              "Plan Rows": 1,
              "Plan Width": 8,
              "Actual Startup Time": 203.535,
              "Actual Total Time": 203.536,
              "Actual Rows": 1,
              "Actual Loops": 4,
              "Plans": [
                {
                  "Node Type": "Seq Scan",
                  "Parent Relationship": "Outer",
                  "Parallel Aware": true,
                  "Relation Name": "movie_keyword",
                  "Alias": "mk",
                  "Startup Cost": 0.0,
                  "Total Cost": 42695.65,
                  "Plan Rows": 1052985,
                  "Plan Width": 0,
                  "Actual Startup Time": 0.043,
                  "Actual Total Time": 152.333,
                  "Actual Rows": 815754,
                  "Actual Loops": 4,
                  "Filter": "(keyword_id < 14221)",
                  "Rows Removed by Filter": 315228
                }
              ]
            }
          ]
        }
      ]
    },
    "Planning Time": 0.154,
    "Triggers": [],
    "Execution Time": 219.176
  }
]