[
  {
    "Plan": {
      "Node Type": "Aggregate",
      "Strategy": "Plain",
      "Partial Mode": "Finalize",
      "Parallel Aware": false,
      "Startup Cost": 46333.5,
      "Total Cost": 46333.51,
      "Plan Rows": 1,
      "Plan Width": 8,
      "Actual Startup Time": 148.801,
      "Actual Total Time": 157.679,
      "Actual Rows": 1,
      "Actual Loops": 1,
      "Plans": [
        {
          "Node Type": "Gather",
          "Parent Relationship": "Outer",
          "Parallel Aware": false,
          "Startup Cost": 46333.18,
          "Total Cost": 46333.49,
          "Plan Rows": 3,
          "Plan Width": 8,
          "Actual Startup Time": 148.667,
          "Actual Total Time": 157.671,
          "Actual Rows": 4,
          "Actual Loops": 1,
          "Workers Planned": 3,
          "Workers Launched": 3,
          "Single Copy": false,
          "Plans": [
            {
              "Node Type": "Aggregate",
              "Strategy": "Plain",
              "Partial Mode": "Partial",
              "Parent Relationship": "Outer",
              "Parallel Aware": false,
              "Startup Cost": 45333.18,
              "Total Cost": 45333.19,
              "Plan Rows": 1,
              "Plan Width": 8,
              "Actual Startup Time": 144.549,
              "Actual Total Time": 144.55,
              "Actual Rows": 1,
              "Actual Loops": 4,
              "Plans": [
                {
                  "Node Type": "Seq Scan",
                  "Parent Relationship": "Outer",
                  "Parallel Aware": true,
                  "Relation Name": "movie_keyword",
                  "Alias": "mk",
                  "Startup Cost": 0.0,
                  "Total Cost": 42695.65,
                  "Plan Rows": 1055010,
                  "Plan Width": 0,
                  "Actual Startup Time": 0.034,
                  "Actual Total Time": 111.739,
                  "Actual Rows": 815754,
                  "Actual Loops": 4,
                  "Filter": "(keyword_id < 14221)",
                  "Rows Removed by Filter": 315228
                }
              ]
            }
          ]
        }
      ]
    },
    "Planning Time": 0.086,
    "Triggers": [],
    "Execution Time": 157.71
  }
]