[
  {
    "Plan": {
      "Node Type": "Aggregate",
      "Strategy": "Plain",
      "Partial Mode": "Finalize",
      "Parallel Aware": false,
      "Startup Cost": 366792.55,
      "Total Cost": 366792.56,
      "Plan Rows": 1,
      "Plan Width": 8,
      "Actual Startup Time": 551.825,
      "Actual Total Time": 573.037,
      "Actual Rows": 1,
      "Actual Loops": 1,
      "Plans": [
        {
          "Node Type": "Gather",
          "Parent Relationship": "Outer",
          "Parallel Aware": false,
          "Startup Cost": 366792.23,
          "Total Cost": 366792.54,
          "Plan Rows": 3,
          "Plan Width": 8,
          "Actual Startup Time": 549.519,
          "Actual Total Time": 573.024,
          "Actual Rows": 4,
          "Actual Loops": 1,
          "Workers Planned": 3,
          "Workers Launched": 3,
          "Single Copy": false,
          "Plans": [
            {
              "Node Type": "Aggregate",
              "Strategy": "Plain",
              "Partial Mode": "Partial",
              "Parent Relationship": "Outer",
              "Parallel Aware": false,
              "Startup Cost": 365792.23,
              "Total Cost": 365792.24,
              "Plan Rows": 1,
              "Plan Width": 8,
              "Actual Startup Time": 546.056,
              "Actual Total Time": 546.24,
              "Actual Rows": 1,
              "Actual Loops": 4,
              "Plans": [
                {
                  "Node Type": "Hash Join",
                  "Parent Relationship": "Outer",
                  "Parallel Aware": true,
                  "Join Type": "Inner",
                  "Startup Cost": 334642.34,
                  "Total Cost": 365398.66,
                  "Plan Rows": 157427,
                  "Plan Width": 0,
                  "Actual Startup Time": 384.115,
                  "Actual Total Time": 538.6,
                  "Actual Rows": 185043,
                  "Actual Loops": 4,
                  "Inner Unique": false,
                  "Hash Cond": "(mc.movie_id = t.id)",
                  "Plans": [
                    {
                      "Node Type": "Seq Scan",
                      "Parent Relationship": "Outer",
                      "Parallel Aware": true,
                      "Relation Name": "movie_companies",
                      "Alias": "mc",
                      "Startup Cost": 0.0,
                      "Total Cost": 27206.55,
                      "Plan Rows": 841655,
                      "Plan Width": 4,
                      "Actual Startup Time": 0.01,
                      "Actual Total Time": 54.32,
                      "Actual Rows": 652282,
                      "Actual Loops": 4
                    },
                    {
                      "Node Type": "Hash",
                      "Parent Relationship": "Inner",
                      "Parallel Aware": true,
                      "Startup Cost": 333164.44,
                      "Total Cost": 333164.44,
                      "Plan Rows": 118232,
                      "Plan Width": 8,
                      "Actual Startup Time": 382.489,
                      "Actual Total Time": 382.672,
                      "Actual Rows": 78278,
                      "Actual Loops": 4,
                      "Hash Buckets": 524288,
                      "Original Hash Buckets": 524288,
                      "Hash Batches": 1,
                      "Original Hash Batches": 1,
                      "Peak Memory Usage": 16416,
                      "Plans": [
                        {
                          "Node Type": "Hash Join",
                          "Parent Relationship": "Outer",
                          "Parallel Aware": true,
                          "Join Type": "Inner",
                          "Startup Cost": 283506.55,
                          "Total Cost": 333164.44,
                          "Plan Rows": 118232,
                          "Plan Width": 8,
                          "Actual Startup Time": 146.436,
                          "Actual Total Time": 355.753,
                          "Actual Rows": 78278,
                          "Actual Loops": 4,
                          "Inner Unique": false,
                          "Hash Cond": "(t.id = ci.movie_id)",
                          "Plans": [
                            {
                              "Node Type": "Seq Scan",
                              "Parent Relationship": "Outer",
                              "Parallel Aware": true,
                              "Relation Name": "title",
                              "Alias": "t",
                              "Startup Cost": 0.0,
                              "Total Cost": 43899.32,
                              "Plan Rows": 556152,
                              "Plan Width": 4,
                              "Actual Startup Time": 0.016,
                              "Actual Total Time": 95.068,
                              "Actual Rows": 556142,
                              "Actual Loops": 4,
                              "Filter": "(production_year < 2012)",
                              "Rows Removed by Filter": 75936
                            },
                            {
                              "Node Type": "Hash",
                              "Parent Relationship": "Inner",
                              "Parallel Aware": true,
                              "Startup Cost": 282386.72,
                              "Total Cost": 282386.72,
                              "Plan Rows": 89586,
                              "Plan Width": 4,
                              "Actual Startup Time": 144.567,
                              "Actual Total Time": 144.572,
                              "Actual Rows": 87767,
                              "Actual Loops": 4,
                              "Hash Buckets": 1048576,
                              "Original Hash Buckets": 1048576,
                              "Hash Batches": 1,
                              "Original Hash Batches": 1,
                              "Peak Memory Usage": 21984,
                              "Plans": [
                                {
                                  "Node Type": "Bitmap Heap Scan",
                                  "Parent Relationship": "Outer",
                                  "Parallel Aware": true,
                                  "Relation Name": "cast_info",
                                  "Alias": "ci",
                                  "Startup Cost": 26661.53,
                                  "Total Cost": 282386.72,
                                  "Plan Rows": 89586,
                                  "Plan Width": 4,
                                  "Actual Startup Time": 87.258,
                                  "Actual Total Time": 111.783,
                                  "Actual Rows": 87767,
                                  "Actual Loops": 4,
                                  "Recheck Cond": "(person_id < 126573)",
                                  "Rows Removed by Index Recheck": 0,
                                  "Filter": "(role_id > 2)",
                                  "Rows Removed by Filter": 226842,
                                  "Exact Heap Blocks": 5043,
                                  "Lossy Heap Blocks": 0,
                                  "Plans": [
                                    {
                                      "Node Type": "Bitmap Index Scan",
                                      "Parent Relationship": "Outer",
                                      "Parallel Aware": false,
                                      "Index Name": "person_id_cast_info",
                                      "Startup Cost": 0.0,
                                      "Total Cost": 26527.15,
                                      "Plan Rows": 1215278,
                                      "Plan Width": 0,
                                      "Actual Startup Time": 39.714,
                                      "Actual Total Time": 39.714,
                                      "Actual Rows": 1258439,
                                      "Actual Loops": 1,
                                      "Index Cond": "(person_id < 126573)"
                                    }
                                  ]
                                }
                              ]
                            }
                          ]
                        }
                      ]
                    }
                  ]
                }
              ]
            }
          ]
        }
      ]
    },
    "Planning Time": 0.585,
    "Triggers": [],
    "Execution Time": 573.12
  }
]