[
  {
    "Plan": {
      "Node Type": "Aggregate",
      "Strategy": "Plain",
      "Partial Mode": "Finalize",
      "Parallel Aware": false,
      "Startup Cost": 31610.32,
      "Total Cost": 31610.33,
      "Plan Rows": 1,
      "Plan Width": 8,
      "Actual Startup Time": 111.615,
      "Actual Total Time": 119.384,
      "Actual Rows": 1,
      "Actual Loops": 1,
      "Plans": [
        {
          "Node Type": "Gather",
          "Parent Relationship": "Outer",
          "Parallel Aware": false,
          "Startup Cost": 31610.0,
          "Total Cost": 31610.31,
          "Plan Rows": 3,
          "Plan Width": 8,
          "Actual Startup Time": 111.503,
          "Actual Total Time": 119.376,
          "Actual Rows": 4,
          "Actual Loops": 1,
          "Workers Planned": 3,
          "Workers Launched": 3,
          "Single Copy": false,
          "Plans": [
            {
              "Node Type": "Aggregate",
              "Strategy": "Plain",
              "Partial Mode": "Partial",
              "Parent Relationship": "Outer",
              "Parallel Aware": false,
              "Startup Cost": 30610.0,
              "Total Cost": 30610.01,
              "Plan Rows": 1,
              "Plan Width": 8,
              "Actual Startup Time": 105.245,
              "Actual Total Time": 105.246,
              "Actual Rows": 1,
              "Actual Loops": 4,
              "Plans": [
                {
                  "Node Type": "Seq Scan",
                  "Parent Relationship": "Outer",
                  "Parallel Aware": true,
                  "Relation Name": "movie_companies",
                  "Alias": "mc",
                  "Startup Cost": 0.0,
                  "Total Cost": 29310.68,
                  "Plan Rows": 519728,
                  "Plan Width": 0,
                  "Actual Startup Time": 0.047,
                  "Actual Total Time": 82.669,
                  "Actual Rows": 399807,
                  "Actual Loops": 4,
                  "Filter": "(company_id < 16363)",
                  "Rows Removed by Filter": 252476
                }
              ]
            }
          ]
        }
      ]
    },
    "Planning Time": 0.166,
    "Triggers": [],
    "Execution Time": 119.437
  }
]