[
  {
    "Plan": {
      "Node Type": "Aggregate",
      "Strategy": "Plain",
      "Partial Mode": "Finalize",
      "Parallel Aware": false,
      "Startup Cost": 244209.15,
      "Total Cost": 244209.16,
      "Plan Rows": 1,
      "Plan Width": 8,
      "Actual Startup Time": 633.651,
      "Actual Total Time": 659.378,
      "Actual Rows": 1,
      "Actual Loops": 1,
      "Plans": [
        {
          "Node Type": "Gather",
          "Parent Relationship": "Outer",
          "Parallel Aware": false,
          "Startup Cost": 244208.62,
          "Total Cost": 244209.13,
          "Plan Rows": 5,
          "Plan Width": 8,
          "Actual Startup Time": 632.426,
          "Actual Total Time": 659.37,
          "Actual Rows": 6,
          "Actual Loops": 1,
          "Workers Planned": 5,
          "Workers Launched": 5,
          "Single Copy": false,
          "Plans": [
            {
              "Node Type": "Aggregate",
              "Strategy": "Plain",
              "Partial Mode": "Partial",
              "Parent Relationship": "Outer",
              "Parallel Aware": false,
              "Startup Cost": 243208.62,
              "Total Cost": 243208.63,
              "Plan Rows": 1,
              "Plan Width": 8,
              "Actual Startup Time": 625.266,
              "Actual Total Time": 625.269,
              "Actual Rows": 1,
              "Actual Loops": 6,
              "Plans": [
                {
                  "Node Type": "Hash Join",
                  "Parent Relationship": "Outer",
                  "Parallel Aware": true,
                  "Join Type": "Inner",
                  "Startup Cost": 38265.01,
                  "Total Cost": 243003.33,
                  "Plan Rows": 82117,
                  "Plan Width": 0,
                  "Actual Startup Time": 62.865,
                  "Actual Total Time": 620.387,
                  "Actual Rows": 86900,
                  "Actual Loops": 6,
                  "Inner Unique": true,
                  "Hash Cond": "(mi.movie_id = t.id)",
                  "Plans": [
                    {
                      "Node Type": "Seq Scan",
                      "Parent Relationship": "Outer",
                      "Parallel Aware": true,
                      "Relation Name": "movie_info",
                      "Alias": "mi",
                      "Startup Cost": 0.0,
                      "Total Cost": 198880.74,
                      "Plan Rows": 2231456,
                      "Plan Width": 4,
                      "Actual Startup Time": 0.021,
                      "Actual Total Time": 352.622,
                      "Actual Rows": 1868457,
                      "Actual Loops": 6,
                      "Filter": "(info_type_id > 3)",
                      "Rows Removed by Filter": 604163
                    },
                    {
                      "Node Type": "Hash",
                      "Parent Relationship": "Inner",
                      "Parallel Aware": true,
                      "Startup Cost": 37974.26,
                      "Total Cost": 37974.26,
                      "Plan Rows": 23260,
                      "Plan Width": 4,
                      "Actual Startup Time": 61.413,
                      "Actual Total Time": 61.414,
                      "Actual Rows": 15142,
                      "Actual Loops": 6,
                      "Hash Buckets": 131072,
                      "Original Hash Buckets": 131072,
                      "Hash Batches": 1,
                      "Original Hash Batches": 1,
                      "Peak Memory Usage": 4672,
                      "Plans": [
                        {
                          "Node Type": "Bitmap Heap Scan",
                          "Parent Relationship": "Outer",
                          "Parallel Aware": true,
                          "Relation Name": "title",
                          "Alias": "t",
                          "Startup Cost": 1685.51,
                          "Total Cost": 37974.26,
                          "Plan Rows": 23260,
                          "Plan Width": 4,
                          "Actual Startup Time": 13.47,
                          "Actual Total Time": 55.226,
                          "Actual Rows": 15142,
                          "Actual Loops": 6,
                          "Recheck Cond": "(kind_id = 2)",
                          "Rows Removed by Index Recheck": 0,
                          "Exact Heap Blocks": 10017,
                          "Lossy Heap Blocks": 0,
                          "Plans": [
                            {
                              "Node Type": "Bitmap Index Scan",
                              "Parent Relationship": "Outer",
                              "Parallel Aware": false,
                              "Index Name": "kind_id_title",
                              "Startup Cost": 0.0,
                              "Total Cost": 1662.25,
                              "Plan Rows": 93042,
                              "Plan Width": 0,
                              "Actual Startup Time": 11.225,
                              "Actual Total Time": 11.225,
                              "Actual Rows": 90852,
                              "Actual Loops": 1,
                              "Index Cond": "(kind_id = 2)"
                            }
                          ]
                        }
                      ]
                    }
                  ]
                }
              ]
            }
          ]
        }
      ]
    },
    "Planning Time": 0.417,
    "Triggers": [],
    "Execution Time": 659.441
  }
]