[
    {
        "Bao": {
            "Bao prediction": "NaN",
            "Bao recommended hint": "(no hint)"
        }
    },
    {
        "Plan": {
            "Node Type": "Aggregate",
            "Strategy": "Plain",
            "Partial Mode": "Finalize",
            "Parallel Aware": false,
            "Startup Cost": 33403.38,
            "Total Cost": 33403.39,
            "Plan Rows": 1,
            "Plan Width": 8,
            "Actual Startup Time": 144.051,
            "Actual Total Time": 155.384,
            "Actual Rows": 1,
            "Actual Loops": 1,
            "Output": [
                "count(*)"
            ],
            "Plans": [
                {
                    "Node Type": "Gather",
                    "Parent Relationship": "Outer",
                    "Parallel Aware": false,
                    "Startup Cost": 33403.06,
                    "Total Cost": 33403.37,
                    "Plan Rows": 3,
                    "Plan Width": 8,
                    "Actual Startup Time": 143.879,
                    "Actual Total Time": 155.372,
                    "Actual Rows": 4,
                    "Actual Loops": 1,
                    "Output": [
                        "(PARTIAL count(*))"
                    ],
                    "Workers Planned": 3,
                    "Workers Launched": 3,
                    "Single Copy": false,
                    "Plans": [
                        {
                            "Node Type": "Aggregate",
                            "Strategy": "Plain",
                            "Partial Mode": "Partial",
                            "Parent Relationship": "Outer",
                            "Parallel Aware": false,
                            "Startup Cost": 32403.06,
                            "Total Cost": 32403.07,
                            "Plan Rows": 1,
                            "Plan Width": 8,
                            "Actual Startup Time": 135.334,
                            "Actual Total Time": 135.336,
                            "Actual Rows": 1,
                            "Actual Loops": 4,
                            "Output": [
                                "PARTIAL count(*)"
                            ],
                            "Workers": [
                                {
                                    "Worker Number": 0,
                                    "Actual Startup Time": 132.289,
                                    "Actual Total Time": 132.291,
                                    "Actual Rows": 1,
                                    "Actual Loops": 1
                                },
                                {
                                    "Worker Number": 1,
                                    "Actual Startup Time": 132.82,
                                    "Actual Total Time": 132.822,
                                    "Actual Rows": 1,
                                    "Actual Loops": 1
                                },
                                {
                                    "Worker Number": 2,
                                    "Actual Startup Time": 132.972,
                                    "Actual Total Time": 132.974,
                                    "Actual Rows": 1,
                                    "Actual Loops": 1
                                }
                            ],
                            "Plans": [
                                {
                                    "Node Type": "Seq Scan",
                                    "Parent Relationship": "Outer",
                                    "Parallel Aware": true,
                                    "Relation Name": "movie_companies",
                                    "Schema": "public",
                                    "Alias": "mc",
                                    "Startup Cost": 0.0,
                                    "Total Cost": 31414.82,
                                    "Plan Rows": 395298,
                                    "Plan Width": 0,
                                    "Actual Startup Time": 56.314,
                                    "Actual Total Time": 114.373,
                                    "Actual Rows": 322926,
                                    "Actual Loops": 4,
                                    "Output": [
                                        "id",
                                        "movie_id",
                                        "company_id",
                                        "company_type_id",
                                        "note"
                                    ],
                                    "Filter": "((mc.company_id > 67) AND (mc.company_type_id > 1))",
                                    "Rows Removed by Filter": 329356,
                                    "Workers": [
                                        {
                                            "Worker Number": 0,
                                            "Actual Startup Time": 53.284,
                                            "Actual Total Time": 112.214,
                                            "Actual Rows": 306807,
                                            "Actual Loops": 1
                                        },
                                        {
                                            "Worker Number": 1,
                                            "Actual Startup Time": 53.778,
                                            "Actual Total Time": 112.22,
                                            "Actual Rows": 315326,
                                            "Actual Loops": 1
                                        },
                                        {
                                            "Worker Number": 2,
                                            "Actual Startup Time": 53.963,
                                            "Actual Total Time": 112.92,
                                            "Actual Rows": 304548,
                                            "Actual Loops": 1
                                        }
                                    ]
                                }
                            ]
                        }
                    ]
                }
            ]
        },
        "Planning Time": 271.051,
        "Triggers": [],
        "Execution Time": 155.488
    }
]