{
  "Plan": {
    "Node Type": "Aggregate",
    "Strategy": "Plain",
    "Partial Mode": "Finalize",
    "Parallel Aware": false,
    "Startup Cost": 255475.22,
    "Total Cost": 255475.23,
    "Plan Rows": 1,
    "Plan Width": 8,
    "Actual Startup Time": 2329.295,
    "Actual Total Time": 2398.32,
    "Actual Rows": 1,
    "Actual Loops": 1,
    "Plans": [
      {
        "Node Type": "Gather",
        "Parent Relationship": "Outer",
        "Parallel Aware": false,
        "Startup Cost": 255475.1,
        "Total Cost": 255475.21,
        "Plan Rows": 1,
        "Plan Width": 8,
        "Actual Startup Time": 2328.711,
        "Actual Total Time": 2398.309,
        "Actual Rows": 2,
        "Actual Loops": 1,
        "Workers Planned": 1,
        "Workers Launched": 1,
        "Single Copy": false,
        "Plans": [
          {
            "Node Type": "Aggregate",
            "Strategy": "Plain",
            "Partial Mode": "Partial",
            "Parent Relationship": "Outer",
            "Parallel Aware": false,
            "Startup Cost": 254475.1,
            "Total Cost": 254475.11,
            "Plan Rows": 1,
            "Plan Width": 8,
            "Actual Startup Time": 2322.309,
            "Actual Total Time": 2322.314,
            "Actual Rows": 1,
            "Actual Loops": 2,
            "Plans": [
              {
                "Node Type": "Nested Loop",
                "Parent Relationship": "Outer",
                "Parallel Aware": false,
                "Join Type": "Inner",
                "Startup Cost": 23564.01,
                "Total Cost": 252404.82,
                "Plan Rows": 828114,
                "Plan Width": 0,
                "Actual Startup Time": 71.153,
                "Actual Total Time": 2268.817,
                "Actual Rows": 1157708,
                "Actual Loops": 2,
                "Inner Unique": false,
                "Plans": [
                  {
                    "Node Type": "Hash Join",
                    "Parent Relationship": "Outer",
                    "Parallel Aware": true,
                    "Join Type": "Inner",
                    "Startup Cost": 23563.45,
                    "Total Cost": 84182.74,
                    "Plan Rows": 77145,
                    "Plan Width": 8,
                    "Actual Startup Time": 71.049,
                    "Actual Total Time": 471.918,
                    "Actual Rows": 67404,
                    "Actual Loops": 2,
                    "Inner Unique": false,
                    "Hash Cond": "(t.id = mc.movie_id)",
                    "Plans": [
                      {
                        "Node Type": "Seq Scan",
                        "Parent Relationship": "Outer",
                        "Parallel Aware": true,
                        "Relation Name": "title",
                        "Alias": "t",
                        "Startup Cost": 0.0,
                        "Total Cost": 50870.31,
                        "Plan Rows": 1487231,
                        "Plan Width": 4,
                        "Actual Startup Time": 0.01,
                        "Actual Total Time": 122.813,
                        "Actual Rows": 1264156,
                        "Actual Loops": 2
                      },
                      {
                        "Node Type": "Hash",
                        "Parent Relationship": "Inner",
                        "Parallel Aware": true,
                        "Startup Cost": 22599.14,
                        "Total Cost": 22599.14,
                        "Plan Rows": 77145,
                        "Plan Width": 4,
                        "Actual Startup Time": 67.455,
                        "Actual Total Time": 67.456,
                        "Actual Rows": 67404,
                        "Actual Loops": 2,
                        "Hash Buckets": 262144,
                        "Original Hash Buckets": 262144,
                        "Hash Batches": 1,
                        "Original Hash Batches": 1,
                        "Peak Memory Usage": 7328,
                        "Plans": [
                          {
                            "Node Type": "Bitmap Heap Scan",
                            "Parent Relationship": "Outer",
                            "Parallel Aware": true,
                            "Relation Name": "movie_companies",
                            "Alias": "mc",
                            "Startup Cost": 2844.82,
                            "Total Cost": 22599.14,
                            "Plan Rows": 77145,
                            "Plan Width": 4,
                            "Actual Startup Time": 14.53,
                            "Actual Total Time": 47.775,
                            "Actual Rows": 67404,
                            "Actual Loops": 2,
                            "Recheck Cond": "(company_id < 27)",
                            "Rows Removed by Index Recheck": 0,
                            "Exact Heap Blocks": 7763,
                            "Lossy Heap Blocks": 0,
                            "Plans": [
                              {
                                "Node Type": "Bitmap Index Scan",
                                "Parent Relationship": "Outer",
                                "Parallel Aware": false,
                                "Index Name": "company_id_movie_companies",
                                "Startup Cost": 0.0,
                                "Total Cost": 2812.03,
                                "Plan Rows": 131147,
                                "Plan Width": 0,
                                "Actual Startup Time": 14.035,
                                "Actual Total Time": 14.035,
                                "Actual Rows": 134807,
                                "Actual Loops": 1,
                                "Index Cond": "(company_id < 27)"
                              }
                            ]
                          }
                        ]
                      }
                    ]
                  },
                  {
                    "Node Type": "Index Scan",
                    "Parent Relationship": "Inner",
                    "Parallel Aware": false,
                    "Scan Direction": "Forward",
                    "Index Name": "movie_id_cast_info",
                    "Relation Name": "cast_info",
                    "Alias": "ci",
                    "Startup Cost": 0.56,
                    "Total Cost": 1.91,
                    "Plan Rows": 27,
                    "Plan Width": 4,
                    "Actual Startup Time": 0.009,
                    "Actual Total Time": 0.025,
                    "Actual Rows": 17,
                    "Actual Loops": 134807,
                    "Index Cond": "(movie_id = t.id)",
                    "Rows Removed by Index Recheck": 0,
                    "Filter": "(person_id > 908593)",
                    "Rows Removed by Filter": 7
                  }
                ]
              }
            ]
          }
        ]
      }
    ]
  },
  "Planning Time": 1.046,
  "Triggers": [],
  "Execution Time": 2398.455
}