[
  {
    "Plan": {
      "Node Type": "Aggregate",
      "Strategy": "Plain",
      "Partial Mode": "Finalize",
      "Parallel Aware": false,
      "Startup Cost": 603080.76,
      "Total Cost": 603080.77,
      "Plan Rows": 1,
      "Plan Width": 8,
      "Actual Startup Time": 1521.949,
      "Actual Total Time": 1616.112,
      "Actual Rows": 1,
      "Actual Loops": 1,
      "Plans": [
        {
          "Node Type": "Gather",
          "Parent Relationship": "Outer",
          "Parallel Aware": false,
          "Startup Cost": 603080.14,
          "Total Cost": 603080.75,
          "Plan Rows": 6,
          "Plan Width": 8,
          "Actual Startup Time": 1510.86,
          "Actual Total Time": 1616.097,
          "Actual Rows": 7,
          "Actual Loops": 1,
          "Workers Planned": 6,
          "Workers Launched": 6,
          "Single Copy": false,
          "Plans": [
            {
              "Node Type": "Aggregate",
              "Strategy": "Plain",
              "Partial Mode": "Partial",
              "Parent Relationship": "Outer",
              "Parallel Aware": false,
              "Startup Cost": 602080.14,
              "Total Cost": 602080.15,
              "Plan Rows": 1,
              "Plan Width": 8,
              "Actual Startup Time": 1499.72,
              "Actual Total Time": 1500.052,
              "Actual Rows": 1,
              "Actual Loops": 7,
              "Plans": [
                {
                  "Node Type": "Hash Join",
                  "Parent Relationship": "Outer",
                  "Parallel Aware": true,
                  "Join Type": "Inner",
                  "Startup Cost": 250133.86,
                  "Total Cost": 600498.9,
                  "Plan Rows": 632496,
                  "Plan Width": 0,
                  "Actual Startup Time": 881.985,
                  "Actual Total Time": 1468.934,
                  "Actual Rows": 721501,
                  "Actual Loops": 7,
                  "Inner Unique": false,
                  "Hash Cond": "(ci.movie_id = t.id)",
                  "Plans": [
                    {
                      "Node Type": "Seq Scan",
                      "Parent Relationship": "Outer",
                      "Parallel Aware": true,
                      "Relation Name": "cast_info",
                      "Alias": "ci",
                      "Startup Cost": 0.0,
                      "Total Cost": 343257.03,
                      "Plan Rows": 1558139,
                      "Plan Width": 4,
                      "Actual Startup Time": 310.93,
                      "Actual Total Time": 607.917,
                      "Actual Rows": 1006238,
                      "Actual Loops": 7,
                      "Filter": "((person_id > 2646401) AND (role_id < 10))",
                      "Rows Removed by Filter": 4171526
                    },
                    {
                      "Node Type": "Hash",
                      "Parent Relationship": "Inner",
                      "Parallel Aware": true,
                      "Startup Cost": 247568.08,
                      "Total Cost": 247568.08,
                      "Plan Rows": 205262,
                      "Plan Width": 8,
                      "Actual Startup Time": 567.618,
                      "Actual Total Time": 567.949,
                      "Actual Rows": 118366,
                      "Actual Loops": 7,
                      "Hash Buckets": 1048576,
                      "Original Hash Buckets": 1048576,
                      "Hash Batches": 1,
                      "Original Hash Batches": 1,
                      "Peak Memory Usage": 40736,
                      "Plans": [
                        {
                          "Node Type": "Hash Join",
                          "Parent Relationship": "Outer",
                          "Parallel Aware": true,
                          "Join Type": "Inner",
                          "Startup Cost": 47399.97,
                          "Total Cost": 247568.08,
                          "Plan Rows": 205262,
                          "Plan Width": 8,
                          "Actual Startup Time": 185.068,
                          "Actual Total Time": 518.279,
                          "Actual Rows": 118366,
                          "Actual Loops": 7,
                          "Inner Unique": true,
                          "Hash Cond": "(mi.movie_id = t.id)",
                          "Plans": [
                            {
                              "Node Type": "Seq Scan",
                              "Parent Relationship": "Outer",
                              "Parallel Aware": true,
                              "Relation Name": "movie_info",
                              "Alias": "mi",
                              "Startup Cost": 0.0,
                              "Total Cost": 198952.16,
                              "Plan Rows": 463221,
                              "Plan Width": 4,
                              "Actual Startup Time": 14.816,
                              "Actual Total Time": 269.98,
                              "Actual Rows": 319121,
                              "Actual Loops": 7,
                              "Filter": "(info_type_id > 16)",
                              "Rows Removed by Filter": 1800267
                            },
                            {
                              "Node Type": "Hash",
                              "Parent Relationship": "Inner",
                              "Parallel Aware": true,
                              "Startup Cost": 43898.92,
                              "Total Cost": 43898.92,
                              "Plan Rows": 280084,
                              "Plan Width": 4,
                              "Actual Startup Time": 167.627,
                              "Actual Total Time": 167.629,
                              "Actual Rows": 158275,
                              "Actual Loops": 7,
                              "Hash Buckets": 2097152,
                              "Original Hash Buckets": 2097152,
                              "Hash Batches": 1,
                              "Original Hash Batches": 1,
                              "Peak Memory Usage": 59872,
                              "Plans": [
                                {
                                  "Node Type": "Seq Scan",
                                  "Parent Relationship": "Outer",
                                  "Parallel Aware": true,
                                  "Relation Name": "title",
                                  "Alias": "t",
                                  "Startup Cost": 0.0,
                                  "Total Cost": 43898.92,
                                  "Plan Rows": 280084,
                                  "Plan Width": 4,
                                  "Actual Startup Time": 0.05,
                                  "Actual Total Time": 79.036,
                                  "Actual Rows": 158275,
                                  "Actual Loops": 7,
                                  "Filter": "(production_year > 2004)",
                                  "Rows Removed by Filter": 202912
                                }
                              ]
                            }
                          ]
                        }
                      ]
                    }
                  ]
                }
              ]
            }
          ]
        }
      ]
    },
    "Planning Time": 1.281,
    "Triggers": [],
    "Execution Time": 1616.214
  }
]