{
  "Plan": {
    "Node Type": "Aggregate",
    "Strategy": "Plain",
    "Partial Mode": "Simple",
    "Parallel Aware": false,
    "Startup Cost": 70000198551.53,
    "Total Cost": 70000198551.54,
    "Plan Rows": 1,
    "Plan Width": 64,
    "Actual Startup Time": 25775.19,
    "Actual Total Time": 25775.197,
    "Actual Rows": 1,
    "Actual Loops": 1,
    "Plans": [
      {
        "Node Type": "Nested Loop",
        "Parent Relationship": "Outer",
        "Parallel Aware": false,
        "Join Type": "Inner",
        "Startup Cost": 70000000002.14,
        "Total Cost": 70000198551.52,
        "Plan Rows": 1,
        "Plan Width": 23,
        "Actual Startup Time": 1330.7,
        "Actual Total Time": 25775.031,
        "Actual Rows": 51,
        "Actual Loops": 1,
        "Inner Unique": false,
        "Join Filter": "(mi_idx.movie_id = t.id)",
        "Rows Removed by Join Filter": 22606725,
        "Plans": [
          {
            "Node Type": "Nested Loop",
            "Parent Relationship": "Outer",
            "Parallel Aware": false,
            "Join Type": "Inner",
            "Startup Cost": 50000000001.72,
            "Total Cost": 50000135852.31,
            "Plan Rows": 1,
            "Plan Width": 29,
            "Actual Startup Time": 1139.028,
            "Actual Total Time": 1701.566,
            "Actual Rows": 87,
            "Actual Loops": 1,
            "Inner Unique": true,
            "Join Filter": "(mi.info_type_id = it1.id)",
            "Rows Removed by Join Filter": 7,
            "Plans": [
              {
                "Node Type": "Nested Loop",
                "Parent Relationship": "Outer",
                "Parallel Aware": false,
                "Join Type": "Inner",
                "Startup Cost": 40000000001.72,
                "Total Cost": 40000135849.88,
                "Plan Rows": 1,
                "Plan Width": 33,
                "Actual Startup Time": 1138.996,
                "Actual Total Time": 1700.29,
                "Actual Rows": 94,
                "Actual Loops": 1,
                "Inner Unique": false,
                "Join Filter": "(t.id = mi.movie_id)",
                "Rows Removed by Join Filter": 0,
                "Plans": [
                  {
                    "Node Type": "Nested Loop",
                    "Parent Relationship": "Outer",
                    "Parallel Aware": false,
                    "Join Type": "Inner",
                    "Startup Cost": 30000000001.28,
                    "Total Cost": 30000135848.0,
                    "Plan Rows": 1,
                    "Plan Width": 25,
                    "Actual Startup Time": 1138.383,
                    "Actual Total Time": 1682.326,
                    "Actual Rows": 126,
                    "Actual Loops": 1,
                    "Inner Unique": true,
                    "Plans": [
                      {
                        "Node Type": "Nested Loop",
                        "Parent Relationship": "Outer",
                        "Parallel Aware": false,
                        "Join Type": "Inner",
                        "Startup Cost": 20000000000.86,
                        "Total Cost": 20000135832.98,
                        "Plan Rows": 34,
                        "Plan Width": 29,
                        "Actual Startup Time": 1137.508,
                        "Actual Total Time": 1663.873,
                        "Actual Rows": 4092,
                        "Actual Loops": 1,
                        "Inner Unique": false,
                        "Plans": [
                          {
                            "Node Type": "Nested Loop",
                            "Parent Relationship": "Outer",
                            "Parallel Aware": false,
                            "Join Type": "Inner",
                            "Startup Cost": 10000000000.43,
                            "Total Cost": 10000135647.24,
                            "Plan Rows": 19,
                            "Plan Width": 21,
                            "Actual Startup Time": 1137.397,
                            "Actual Total Time": 1657.906,
                            "Actual Rows": 289,
                            "Actual Loops": 1,
                            "Inner Unique": true,
                            "Join Filter": "(kt.id = t.kind_id)",
                            "Rows Removed by Join Filter": 866,
                            "Plans": [
                              {
                                "Node Type": "Index Scan",
                                "Parent Relationship": "Outer",
                                "Parallel Aware": false,
                                "Scan Direction": "Forward",
                                "Index Name": "title_pkey",
                                "Relation Name": "title",
                                "Alias": "t",
                                "Startup Cost": 0.43,
                                "Total Cost": 135644.15,
                                "Plan Rows": 133,
                                "Plan Width": 25,
                                "Actual Startup Time": 21.352,
                                "Actual Total Time": 1657.052,
                                "Actual Rows": 1155,
                                "Actual Loops": 1,
                                "Filter": "((production_year < 1978) AND ((title ~~ '%murder%'::text) OR (title ~~ '%Murder%'::text) OR (title ~~ '%Mord%'::text)))",
                                "Rows Removed by Filter": 2527157
                              },
                              {
                                "Node Type": "Materialize",
                                "Parent Relationship": "Inner",
                                "Parallel Aware": false,
                                "Startup Cost": 0.0,
                                "Total Cost": 1.09,
                                "Plan Rows": 1,
                                "Plan Width": 4,
                                "Actual Startup Time": 0.0,
                                "Actual Total Time": 0.0,
                                "Actual Rows": 1,
                                "Actual Loops": 1155,
                                "Plans": [
                                  {
                                    "Node Type": "Seq Scan",
                                    "Parent Relationship": "Outer",
                                    "Parallel Aware": false,
                                    "Relation Name": "kind_type",
                                    "Alias": "kt",
                                    "Startup Cost": 0.0,
                                    "Total Cost": 1.09,
                                    "Plan Rows": 1,
                                    "Plan Width": 4,
                                    "Actual Startup Time": 0.01,
                                    "Actual Total Time": 0.011,
                                    "Actual Rows": 1,
                                    "Actual Loops": 1,
                                    "Filter": "((kind)::text = 'movie'::text)",
                                    "Rows Removed by Filter": 6
                                  }
                                ]
                              }
                            ]
                          },
                          {
                            "Node Type": "Index Scan",
                            "Parent Relationship": "Inner",
                            "Parallel Aware": false,
                            "Scan Direction": "Forward",
                            "Index Name": "movie_id_movie_keyword",
                            "Relation Name": "movie_keyword",
                            "Alias": "mk",
                            "Startup Cost": 0.43,
                            "Total Cost": 9.32,
                            "Plan Rows": 46,
                            "Plan Width": 8,
                            "Actual Startup Time": 0.015,
                            "Actual Total Time": 0.018,
                            "Actual Rows": 14,
                            "Actual Loops": 289,
                            "Index Cond": "(movie_id = t.id)",
                            "Rows Removed by Index Recheck": 0
                          }
                        ]
                      },
                      {
                        "Node Type": "Index Scan",
                        "Parent Relationship": "Inner",
                        "Parallel Aware": false,
                        "Scan Direction": "Forward",
                        "Index Name": "keyword_pkey",
                        "Relation Name": "keyword",
                        "Alias": "k",
                        "Startup Cost": 0.42,
                        "Total Cost": 0.44,
                        "Plan Rows": 1,
                        "Plan Width": 4,
                        "Actual Startup Time": 0.004,
                        "Actual Total Time": 0.004,
                        "Actual Rows": 0,
                        "Actual Loops": 4092,
                        "Index Cond": "(id = mk.keyword_id)",
                        "Rows Removed by Index Recheck": 0,
                        "Filter": "(keyword = ANY ('{murder,murder-in-title}'::text[]))",
                        "Rows Removed by Filter": 1
                      }
                    ]
                  },
                  {
                    "Node Type": "Index Scan",
                    "Parent Relationship": "Inner",
                    "Parallel Aware": false,
                    "Scan Direction": "Forward",
                    "Index Name": "movie_id_movie_info",
                    "Relation Name": "movie_info",
                    "Alias": "mi",
                    "Startup Cost": 0.43,
                    "Total Cost": 1.86,
                    "Plan Rows": 2,
                    "Plan Width": 8,
                    "Actual Startup Time": 0.129,
                    "Actual Total Time": 0.14,
                    "Actual Rows": 1,
                    "Actual Loops": 126,
                    "Index Cond": "(movie_id = mk.movie_id)",
                    "Rows Removed by Index Recheck": 0,
                    "Filter": "(info = ANY ('{Sweden,Norway,Germany,Denmark,Swedish,Denish,Norwegian,German,USA,American}'::text[]))",
                    "Rows Removed by Filter": 28
                  }
                ]
              },
              {
                "Node Type": "Seq Scan",
                "Parent Relationship": "Inner",
                "Parallel Aware": false,
                "Relation Name": "info_type",
                "Alias": "it1",
                "Startup Cost": 0.0,
                "Total Cost": 2.41,
                "Plan Rows": 1,
                "Plan Width": 4,
                "Actual Startup Time": 0.006,
                "Actual Total Time": 0.006,
                "Actual Rows": 1,
                "Actual Loops": 94,
                "Filter": "((info)::text = 'countries'::text)",
                "Rows Removed by Filter": 15
              }
            ]
          },
          {
            "Node Type": "Nested Loop",
            "Parent Relationship": "Inner",
            "Parallel Aware": false,
            "Join Type": "Inner",
            "Startup Cost": 10000000000.43,
            "Total Cost": 10000062658.04,
            "Plan Rows": 3294,
            "Plan Width": 10,
            "Actual Startup Time": 0.01,
            "Actual Total Time": 265.667,
            "Actual Rows": 259848,
            "Actual Loops": 87,
            "Inner Unique": true,
            "Join Filter": "(it2.id = mi_idx.info_type_id)",
            "Rows Removed by Join Filter": 113561,
            "Plans": [
              {
                "Node Type": "Index Scan",
                "Parent Relationship": "Outer",
                "Parallel Aware": false,
                "Scan Direction": "Forward",
                "Index Name": "movie_id_movie_info_idx",
                "Relation Name": "movie_info_idx",
                "Alias": "mi_idx",
                "Startup Cost": 0.43,
                "Total Cost": 57072.82,
                "Plan Rows": 372187,
                "Plan Width": 14,
                "Actual Startup Time": 0.01,
                "Actual Total Time": 197.88,
                "Actual Rows": 373409,
                "Actual Loops": 87,
                "Filter": "(info > '6.0'::text)",
                "Rows Removed by Filter": 1006626
              },
              {
                "Node Type": "Materialize",
                "Parent Relationship": "Inner",
                "Parallel Aware": false,
                "Startup Cost": 0.0,
                "Total Cost": 2.42,
                "Plan Rows": 1,
                "Plan Width": 4,
                "Actual Startup Time": 0.0,
                "Actual Total Time": 0.0,
                "Actual Rows": 1,
                "Actual Loops": 32486583,
                "Plans": [
                  {
                    "Node Type": "Seq Scan",
                    "Parent Relationship": "Outer",
                    "Parallel Aware": false,
                    "Relation Name": "info_type",
                    "Alias": "it2",
                    "Startup Cost": 0.0,
                    "Total Cost": 2.41,
                    "Plan Rows": 1,
                    "Plan Width": 4,
                    "Actual Startup Time": 0.013,
                    "Actual Total Time": 0.015,
                    "Actual Rows": 1,
                    "Actual Loops": 1,
                    "Filter": "((info)::text = 'rating'::text)",
                    "Rows Removed by Filter": 112
                  }
                ]
              }
            ]
          }
        ]
      }
    ]
  },
  "Planning Time": 12.786,
  "Triggers": [],
  "Execution Time": 25775.695
}