{
  "Plan": {
    "Node Type": "Aggregate",
    "Strategy": "Plain",
    "Partial Mode": "Finalize",
    "Parallel Aware": false,
    "Startup Cost": 712925.65,
    "Total Cost": 712925.66,
    "Plan Rows": 1,
    "Plan Width": 8,
    "Actual Startup Time": 4485.026,
    "Actual Total Time": 4557.585,
    "Actual Rows": 1,
    "Actual Loops": 1,
    "Plans": [
      {
        "Node Type": "Gather",
        "Parent Relationship": "Outer",
        "Parallel Aware": false,
        "Startup Cost": 712925.54,
        "Total Cost": 712925.65,
        "Plan Rows": 1,
        "Plan Width": 8,
        "Actual Startup Time": 4480.162,
        "Actual Total Time": 4557.574,
        "Actual Rows": 2,
        "Actual Loops": 1,
        "Workers Planned": 1,
        "Workers Launched": 1,
        "Single Copy": false,
        "Plans": [
          {
            "Node Type": "Aggregate",
            "Strategy": "Plain",
            "Partial Mode": "Partial",
            "Parent Relationship": "Outer",
            "Parallel Aware": false,
            "Startup Cost": 711925.54,
            "Total Cost": 711925.55,
            "Plan Rows": 1,
            "Plan Width": 8,
            "Actual Startup Time": 4474.258,
            "Actual Total Time": 4474.555,
            "Actual Rows": 1,
            "Actual Loops": 2,
            "Plans": [
              {
                "Node Type": "Hash Join",
                "Parent Relationship": "Outer",
                "Parallel Aware": true,
                "Join Type": "Inner",
                "Startup Cost": 122537.8,
                "Total Cost": 698898.17,
                "Plan Rows": 5210949,
                "Plan Width": 0,
                "Actual Startup Time": 654.76,
                "Actual Total Time": 4310.224,
                "Actual Rows": 4095884,
                "Actual Loops": 2,
                "Inner Unique": false,
                "Hash Cond": "(ci.movie_id = t.id)",
                "Plans": [
                  {
                    "Node Type": "Seq Scan",
                    "Parent Relationship": "Outer",
                    "Parallel Aware": true,
                    "Relation Name": "cast_info",
                    "Alias": "ci",
                    "Startup Cost": 0.0,
                    "Total Cost": 465792.95,
                    "Plan Rows": 21310595,
                    "Plan Width": 4,
                    "Actual Startup Time": 0.015,
                    "Actual Total Time": 1353.233,
                    "Actual Rows": 18122172,
                    "Actual Loops": 2
                  },
                  {
                    "Node Type": "Hash",
                    "Parent Relationship": "Inner",
                    "Parallel Aware": true,
                    "Startup Cost": 117992.0,
                    "Total Cost": 117992.0,
                    "Plan Rows": 363664,
                    "Plan Width": 8,
                    "Actual Startup Time": 645.661,
                    "Actual Total Time": 645.957,
                    "Actual Rows": 138544,
                    "Actual Loops": 2,
                    "Hash Buckets": 1048576,
                    "Original Hash Buckets": 1048576,
                    "Hash Batches": 1,
                    "Original Hash Batches": 1,
                    "Peak Memory Usage": 19072,
                    "Plans": [
                      {
                        "Node Type": "Hash Join",
                        "Parent Relationship": "Outer",
                        "Parallel Aware": true,
                        "Join Type": "Inner",
                        "Startup Cost": 86081.5,
                        "Total Cost": 117992.0,
                        "Plan Rows": 363664,
                        "Plan Width": 8,
                        "Actual Startup Time": 451.266,
                        "Actual Total Time": 613.615,
                        "Actual Rows": 138544,
                        "Actual Loops": 2,
                        "Inner Unique": true,
                        "Hash Cond": "(mk.movie_id = t.id)",
                        "Plans": [
                          {
                            "Node Type": "Bitmap Heap Scan",
                            "Parent Relationship": "Outer",
                            "Parallel Aware": true,
                            "Relation Name": "movie_keyword",
                            "Alias": "mk",
                            "Startup Cost": 17779.6,
                            "Total Cost": 48396.0,
                            "Plan Rows": 492992,
                            "Plan Width": 4,
                            "Actual Startup Time": 50.557,
                            "Actual Total Time": 132.089,
                            "Actual Rows": 413348,
                            "Actual Loops": 2,
                            "Recheck Cond": "(keyword_id > 22233)",
                            "Rows Removed by Index Recheck": 0,
                            "Exact Heap Blocks": 13308,
                            "Lossy Heap Blocks": 0,
                            "Plans": [
                              {
                                "Node Type": "Bitmap Index Scan",
                                "Parent Relationship": "Outer",
                                "Parallel Aware": false,
                                "Index Name": "keyword_id_movie_keyword",
                                "Startup Cost": 0.0,
                                "Total Cost": 17570.08,
                                "Plan Rows": 838086,
                                "Plan Width": 0,
                                "Actual Startup Time": 46.927,
                                "Actual Total Time": 46.927,
                                "Actual Rows": 826696,
                                "Actual Loops": 1,
                                "Index Cond": "(keyword_id > 22233)"
                              }
                            ]
                          },
                          {
                            "Node Type": "Hash",
                            "Parent Relationship": "Inner",
                            "Parallel Aware": true,
                            "Startup Cost": 54588.39,
                            "Total Cost": 54588.39,
                            "Plan Rows": 1097081,
                            "Plan Width": 4,
                            "Actual Startup Time": 390.692,
                            "Actual Total Time": 390.693,
                            "Actual Rows": 932744,
                            "Actual Loops": 2,
                            "Hash Buckets": 2097152,
                            "Original Hash Buckets": 2097152,
                            "Hash Batches": 1,
                            "Original Hash Batches": 1,
                            "Peak Memory Usage": 89408,
                            "Plans": [
                              {
                                "Node Type": "Seq Scan",
                                "Parent Relationship": "Outer",
                                "Parallel Aware": true,
                                "Relation Name": "title",
                                "Alias": "t",
                                "Startup Cost": 0.0,
                                "Total Cost": 54588.39,
                                "Plan Rows": 1097081,
                                "Plan Width": 4,
                                "Actual Startup Time": 0.033,
                                "Actual Total Time": 165.513,
                                "Actual Rows": 932744,
                                "Actual Loops": 2,
                                "Filter": "(kind_id > 1)",
                                "Rows Removed by Filter": 331412
                              }
                            ]
                          }
                        ]
                      }
                    ]
                  }
                ]
              }
            ]
          }
        ]
      }
    ]
  },
  "Planning Time": 1.1,
  "Triggers": [],
  "Execution Time": 4557.707
}