[
  {
    "Plan": {
      "Node Type": "Aggregate",
      "Strategy": "Plain",
      "Partial Mode": "Simple",
      "Parallel Aware": false,
      "Startup Cost": 20593.1,
      "Total Cost": 20593.11,
      "Plan Rows": 1,
      "Plan Width": 8,
      "Actual Startup Time": 11.945,
      "Actual Total Time": 11.946,
      "Actual Rows": 1,
      "Actual Loops": 1,
      "Plans": [
        {
          "Node Type": "Bitmap Heap Scan",
          "Parent Relationship": "Outer",
          "Parallel Aware": false,
          "Relation Name": "movie_companies",
          "Alias": "mc",
          "Startup Cost": 699.76,
          "Total Cost": 20551.67,
          "Plan Rows": 16571,
          "Plan Width": 0,
          "Actual Startup Time": 1.592,
          "Actual Total Time": 10.133,
          "Actual Rows": 31822,
          "Actual Loops": 1,
          "Recheck Cond": "(company_id > 206189)",
          "Rows Removed by Index Recheck": 0,
          "Filter": "(company_type_id = 2)",
          "Rows Removed by Filter": 0,
          "Exact Heap Blocks": 1286,
          "Lossy Heap Blocks": 0,
          "Plans": [
            {
              "Node Type": "Bitmap Index Scan",
              "Parent Relationship": "Outer",
              "Parallel Aware": false,
              "Index Name": "company_id_movie_companies",
              "Startup Cost": 0.0,
              "Total Cost": 695.62,
              "Plan Rows": 32425,
              "Plan Width": 0,
              "Actual Startup Time": 1.409,
              "Actual Total Time": 1.409,
              "Actual Rows": 31822,
              "Actual Loops": 1,
              "Index Cond": "(company_id > 206189)"
            }
          ]
        }
      ]
    },
    "Planning Time": 0.153,
    "Triggers": [],
    "Execution Time": 11.976
  }
]