[
  {
    "Plan": {
      "Node Type": "Aggregate",
      "Strategy": "Plain",
      "Partial Mode": "Finalize",
      "Parallel Aware": false,
      "Startup Cost": 60942.16,
      "Total Cost": 60942.17,
      "Plan Rows": 1,
      "Plan Width": 8,
      "Actual Startup Time": 167.951,
      "Actual Total Time": 191.575,
      "Actual Rows": 1,
      "Actual Loops": 1,
      "Plans": [
        {
          "Node Type": "Gather",
          "Parent Relationship": "Outer",
          "Parallel Aware": false,
          "Startup Cost": 60941.74,
          "Total Cost": 60942.15,
          "Plan Rows": 4,
          "Plan Width": 8,
          "Actual Startup Time": 167.707,
          "Actual Total Time": 191.567,
          "Actual Rows": 5,
          "Actual Loops": 1,
          "Workers Planned": 4,
          "Workers Launched": 4,
          "Single Copy": false,
          "Plans": [
            {
              "Node Type": "Aggregate",
              "Strategy": "Plain",
              "Partial Mode": "Partial",
              "Parent Relationship": "Outer",
              "Parallel Aware": false,
              "Startup Cost": 59941.74,
              "Total Cost": 59941.75,
              "Plan Rows": 1,
              "Plan Width": 8,
              "Actual Startup Time": 157.75,
              "Actual Total Time": 157.752,
              "Actual Rows": 1,
              "Actual Loops": 5,
              "Plans": [
                {
                  "Node Type": "Nested Loop",
                  "Parent Relationship": "Outer",
                  "Parallel Aware": false,
                  "Join Type": "Inner",
                  "Startup Cost": 0.99,
                  "Total Cost": 59941.11,
                  "Plan Rows": 252,
                  "Plan Width": 0,
                  "Actual Startup Time": 5.406,
                  "Actual Total Time": 157.673,
                  "Actual Rows": 466,
                  "Actual Loops": 5,
                  "Inner Unique": false,
                  "Join Filter": "(t.id = ci.movie_id)",
                  "Rows Removed by Join Filter": 0,
                  "Plans": [
                    {
                      "Node Type": "Nested Loop",
                      "Parent Relationship": "Outer",
                      "Parallel Aware": false,
                      "Join Type": "Inner",
                      "Startup Cost": 0.43,
                      "Total Cost": 56610.36,
                      "Plan Rows": 1322,
                      "Plan Width": 8,
                      "Actual Startup Time": 0.582,
                      "Actual Total Time": 89.272,
                      "Actual Rows": 1319,
                      "Actual Loops": 5,
                      "Inner Unique": false,
                      "Plans": [
                        {
                          "Node Type": "Seq Scan",
                          "Parent Relationship": "Outer",
                          "Parallel Aware": true,
                          "Relation Name": "title",
                          "Alias": "t",
                          "Startup Cost": 0.0,
                          "Total Cost": 43898.92,
                          "Plan Rows": 2423,
                          "Plan Width": 4,
                          "Actual Startup Time": 0.139,
                          "Actual Total Time": 75.797,
                          "Actual Rows": 2103,
                          "Actual Loops": 5,
                          "Filter": "(production_year = 1959)",
                          "Rows Removed by Filter": 503559
                        },
                        {
                          "Node Type": "Index Only Scan",
                          "Parent Relationship": "Inner",
                          "Parallel Aware": false,
                          "Scan Direction": "Forward",
                          "Index Name": "movie_id_movie_info_idx",
                          "Relation Name": "movie_info_idx",
                          "Alias": "mi_idx",
                          "Startup Cost": 0.43,
                          "Total Cost": 5.22,
                          "Plan Rows": 3,
                          "Plan Width": 4,
                          "Actual Startup Time": 0.006,
                          "Actual Total Time": 0.006,
                          "Actual Rows": 1,
                          "Actual Loops": 10517,
                          "Index Cond": "(movie_id = t.id)",
                          "Rows Removed by Index Recheck": 0,
                          "Heap Fetches": 6594
                        }
                      ]
                    },
                    {
                      "Node Type": "Index Scan",
                      "Parent Relationship": "Inner",
                      "Parallel Aware": false,
                      "Scan Direction": "Forward",
                      "Index Name": "movie_id_cast_info",
                      "Relation Name": "cast_info",
                      "Alias": "ci",
                      "Startup Cost": 0.56,
                      "Total Cost": 2.51,
                      "Plan Rows": 1,
                      "Plan Width": 4,
                      "Actual Startup Time": 0.05,
                      "Actual Total Time": 0.051,
                      "Actual Rows": 0,
                      "Actual Loops": 6594,
                      "Index Cond": "(movie_id = mi_idx.movie_id)",
                      "Rows Removed by Index Recheck": 0,
                      "Filter": "((person_id > 2706930) AND (role_id = 8))",
                      "Rows Removed by Filter": 23
                    }
                  ]
                }
              ]
            }
          ]
        }
      ]
    },
    "Planning Time": 1.381,
    "Triggers": [],
    "Execution Time": 191.672
  }
]