[
  {
    "Plan": {
      "Node Type": "Aggregate",
      "Strategy": "Plain",
      "Partial Mode": "Finalize",
      "Parallel Aware": false,
      "Startup Cost": 31234.84,
      "Total Cost": 31234.85,
      "Plan Rows": 1,
      "Plan Width": 8,
      "Actual Startup Time": 105.45,
      "Actual Total Time": 113.426,
      "Actual Rows": 1,
      "Actual Loops": 1,
      "Plans": [
        {
          "Node Type": "Gather",
          "Parent Relationship": "Outer",
          "Parallel Aware": false,
          "Startup Cost": 31234.52,
          "Total Cost": 31234.83,
          "Plan Rows": 3,
          "Plan Width": 8,
          "Actual Startup Time": 105.385,
          "Actual Total Time": 113.418,
          "Actual Rows": 4,
          "Actual Loops": 1,
          "Workers Planned": 3,
          "Workers Launched": 3,
          "Single Copy": false,
          "Plans": [
            {
              "Node Type": "Aggregate",
              "Strategy": "Plain",
              "Partial Mode": "Partial",
              "Parent Relationship": "Outer",
              "Parallel Aware": false,
              "Startup Cost": 30234.52,
              "Total Cost": 30234.53,
              "Plan Rows": 1,
              "Plan Width": 8,
              "Actual Startup Time": 96.992,
              "Actual Total Time": 96.994,
              "Actual Rows": 1,
              "Actual Loops": 4,
              "Plans": [
                {
                  "Node Type": "Seq Scan",
                  "Parent Relationship": "Outer",
                  "Parallel Aware": true,
                  "Relation Name": "movie_companies",
                  "Alias": "mc",
                  "Startup Cost": 0.0,
                  "Total Cost": 29310.68,
                  "Plan Rows": 369536,
                  "Plan Width": 0,
                  "Actual Startup Time": 19.622,
                  "Actual Total Time": 83.321,
                  "Actual Rows": 286878,
                  "Actual Loops": 4,
                  "Filter": "(company_id > 13157)",
                  "Rows Removed by Filter": 365404
                }
              ]
            }
          ]
        }
      ]
    },
    "Planning Time": 0.112,
    "Triggers": [],
    "Execution Time": 113.464
  }
]