[
  {
    "Plan": {
      "Node Type": "Aggregate",
      "Strategy": "Plain",
      "Partial Mode": "Finalize",
      "Parallel Aware": false,
      "Startup Cost": 336969.94,
      "Total Cost": 336969.95,
      "Plan Rows": 1,
      "Plan Width": 8,
      "Actual Startup Time": 698.824,
      "Actual Total Time": 758.908,
      "Actual Rows": 1,
      "Actual Loops": 1,
      "Plans": [
        {
          "Node Type": "Gather",
          "Parent Relationship": "Outer",
          "Parallel Aware": false,
          "Startup Cost": 336969.31,
          "Total Cost": 336969.92,
          "Plan Rows": 6,
          "Plan Width": 8,
          "Actual Startup Time": 698.714,
          "Actual Total Time": 758.898,
          "Actual Rows": 7,
          "Actual Loops": 1,
          "Workers Planned": 6,
          "Workers Launched": 6,
          "Single Copy": false,
          "Plans": [
            {
              "Node Type": "Aggregate",
              "Strategy": "Plain",
              "Partial Mode": "Partial",
              "Parent Relationship": "Outer",
              "Parallel Aware": false,
              "Startup Cost": 335969.31,
              "Total Cost": 335969.32,
              "Plan Rows": 1,
              "Plan Width": 8,
              "Actual Startup Time": 688.302,
              "Actual Total Time": 688.303,
              "Actual Rows": 1,
              "Actual Loops": 7,
              "Plans": [
                {
                  "Node Type": "Seq Scan",
                  "Parent Relationship": "Outer",
                  "Parallel Aware": true,
                  "Relation Name": "cast_info",
                  "Alias": "ci",
                  "Startup Cost": 0.0,
                  "Total Cost": 328162.03,
                  "Plan Rows": 3122915,
                  "Plan Width": 0,
                  "Actual Startup Time": 186.407,
                  "Actual Total Time": 578.146,
                  "Actual Rows": 2672114,
                  "Actual Loops": 7,
                  "Filter": "(person_id > 1736639)",
                  "Rows Removed by Filter": 2505650
                }
              ]
            }
          ]
        }
      ]
    },
    "Planning Time": 0.182,
    "Triggers": [],
    "Execution Time": 758.98
  }
]