[
  {
    "Plan": {
      "Node Type": "Aggregate",
      "Strategy": "Plain",
      "Partial Mode": "Finalize",
      "Parallel Aware": false,
      "Startup Cost": 127409.54,
      "Total Cost": 127409.55,
      "Plan Rows": 1,
      "Plan Width": 8,
      "Actual Startup Time": 613.634,
      "Actual Total Time": 645.959,
      "Actual Rows": 1,
      "Actual Loops": 1,
      "Plans": [
        {
          "Node Type": "Gather",
          "Parent Relationship": "Outer",
          "Parallel Aware": false,
          "Startup Cost": 127409.22,
          "Total Cost": 127409.53,
          "Plan Rows": 3,
          "Plan Width": 8,
          "Actual Startup Time": 610.939,
          "Actual Total Time": 645.949,
          "Actual Rows": 4,
          "Actual Loops": 1,
          "Workers Planned": 3,
          "Workers Launched": 3,
          "Single Copy": false,
          "Plans": [
            {
              "Node Type": "Aggregate",
              "Strategy": "Plain",
              "Partial Mode": "Partial",
              "Parent Relationship": "Outer",
              "Parallel Aware": false,
              "Startup Cost": 126409.22,
              "Total Cost": 126409.23,
              "Plan Rows": 1,
              "Plan Width": 8,
              "Actual Startup Time": 599.885,
              "Actual Total Time": 599.95,
              "Actual Rows": 1,
              "Actual Loops": 4,
              "Plans": [
                {
                  "Node Type": "Hash Join",
                  "Parent Relationship": "Outer",
                  "Parallel Aware": true,
                  "Join Type": "Inner",
                  "Startup Cost": 79669.36,
                  "Total Cost": 126095.28,
                  "Plan Rows": 125579,
                  "Plan Width": 0,
                  "Actual Startup Time": 367.158,
                  "Actual Total Time": 591.962,
                  "Actual Rows": 140992,
                  "Actual Loops": 4,
                  "Inner Unique": false,
                  "Hash Cond": "(mk.movie_id = t.id)",
                  "Plans": [
                    {
                      "Node Type": "Seq Scan",
                      "Parent Relationship": "Outer",
                      "Parallel Aware": true,
                      "Relation Name": "movie_keyword",
                      "Alias": "mk",
                      "Startup Cost": 0.0,
                      "Total Cost": 42695.65,
                      "Plan Rows": 911016,
                      "Plan Width": 4,
                      "Actual Startup Time": 0.043,
                      "Actual Total Time": 138.498,
                      "Actual Rows": 704399,
                      "Actual Loops": 4,
                      "Filter": "(keyword_id < 8431)",
                      "Rows Removed by Filter": 426584
                    },
                    {
                      "Node Type": "Hash",
                      "Parent Relationship": "Inner",
                      "Parallel Aware": true,
                      "Startup Cost": 78580.26,
                      "Total Cost": 78580.26,
                      "Plan Rows": 87128,
                      "Plan Width": 8,
                      "Actual Startup Time": 363.369,
                      "Actual Total Time": 363.431,
                      "Actual Rows": 48531,
                      "Actual Loops": 4,
                      "Hash Buckets": 524288,
                      "Original Hash Buckets": 524288,
                      "Hash Batches": 1,
                      "Original Hash Batches": 1,
                      "Peak Memory Usage": 11712,
                      "Plans": [
                        {
                          "Node Type": "Hash Join",
                          "Parent Relationship": "Outer",
                          "Parallel Aware": true,
                          "Join Type": "Inner",
                          "Startup Cost": 32820.11,
                          "Total Cost": 78580.26,
                          "Plan Rows": 87128,
                          "Plan Width": 8,
                          "Actual Startup Time": 116.326,
                          "Actual Total Time": 342.39,
                          "Actual Rows": 48531,
                          "Actual Loops": 4,
                          "Inner Unique": false,
                          "Hash Cond": "(t.id = mc.movie_id)",
                          "Plans": [
                            {
                              "Node Type": "Seq Scan",
                              "Parent Relationship": "Outer",
                              "Parallel Aware": true,
                              "Relation Name": "title",
                              "Alias": "t",
                              "Startup Cost": 0.0,
                              "Total Cost": 42318.73,
                              "Plan Rows": 632073,
                              "Plan Width": 4,
                              "Actual Startup Time": 0.014,
                              "Actual Total Time": 96.03,
                              "Actual Rows": 632078,
                              "Actual Loops": 4
                            },
                            {
                              "Node Type": "Hash",
                              "Parent Relationship": "Inner",
                              "Parallel Aware": true,
                              "Startup Cost": 31414.82,
                              "Total Cost": 31414.82,
                              "Plan Rows": 112423,
                              "Plan Width": 4,
                              "Actual Startup Time": 114.47,
                              "Actual Total Time": 114.471,
                              "Actual Rows": 48531,
                              "Actual Loops": 4,
                              "Hash Buckets": 524288,
                              "Original Hash Buckets": 524288,
                              "Hash Batches": 1,
                              "Original Hash Batches": 1,
                              "Peak Memory Usage": 11776,
                              "Plans": [
                                {
                                  "Node Type": "Seq Scan",
                                  "Parent Relationship": "Outer",
                                  "Parallel Aware": true,
                                  "Relation Name": "movie_companies",
                                  "Alias": "mc",
                                  "Startup Cost": 0.0,
                                  "Total Cost": 31414.82,
                                  "Plan Rows": 112423,
                                  "Plan Width": 4,
                                  "Actual Startup Time": 50.236,
                                  "Actual Total Time": 92.31,
                                  "Actual Rows": 48531,
                                  "Actual Loops": 4,
                                  "Filter": "((company_id < 1165) AND (company_type_id = 2))",
                                  "Rows Removed by Filter": 603751
                                }
                              ]
                            }
                          ]
                        }
                      ]
                    }
                  ]
                }
              ]
            }
          ]
        }
      ]
    },
    "Planning Time": 1.474,
    "Triggers": [],
    "Execution Time": 646.046
  }
]