[
  {
    "Plan": {
      "Node Type": "Aggregate",
      "Strategy": "Plain",
      "Partial Mode": "Finalize",
      "Parallel Aware": false,
      "Startup Cost": 46799.28,
      "Total Cost": 46799.29,
      "Plan Rows": 1,
      "Plan Width": 8,
      "Actual Startup Time": 173.081,
      "Actual Total Time": 179.625,
      "Actual Rows": 1,
      "Actual Loops": 1,
      "Plans": [
        {
          "Node Type": "Gather",
          "Parent Relationship": "Outer",
          "Parallel Aware": false,
          "Startup Cost": 46798.97,
          "Total Cost": 46799.28,
          "Plan Rows": 3,
          "Plan Width": 8,
          "Actual Startup Time": 172.994,
          "Actual Total Time": 179.617,
          "Actual Rows": 4,
          "Actual Loops": 1,
          "Workers Planned": 3,
          "Workers Launched": 3,
          "Single Copy": false,
          "Plans": [
            {
              "Node Type": "Aggregate",
              "Strategy": "Plain",
              "Partial Mode": "Partial",
              "Parent Relationship": "Outer",
              "Parallel Aware": false,
              "Startup Cost": 45798.97,
              "Total Cost": 45798.98,
              "Plan Rows": 1,
              "Plan Width": 8,
              "Actual Startup Time": 168.141,
              "Actual Total Time": 168.143,
              "Actual Rows": 1,
              "Actual Loops": 4,
              "Plans": [
                {
                  "Node Type": "Seq Scan",
                  "Parent Relationship": "Outer",
                  "Parallel Aware": true,
                  "Relation Name": "movie_keyword",
                  "Alias": "mk",
                  "Startup Cost": 0.0,
                  "Total Cost": 42695.65,
                  "Plan Rows": 1241325,
                  "Plan Width": 0,
                  "Actual Startup Time": 0.046,
                  "Actual Total Time": 122.394,
                  "Actual Rows": 961048,
                  "Actual Loops": 4,
                  "Filter": "(keyword_id > 555)",
                  "Rows Removed by Filter": 169934
                }
              ]
            }
          ]
        }
      ]
    },
    "Planning Time": 0.064,
    "Triggers": [],
    "Execution Time": 179.65
  }
]