[
    {
        "Bao": {
            "Bao prediction": "NaN",
            "Bao recommended hint": "(no hint)"
        }
    },
    {
        "Plan": {
            "Node Type": "Aggregate",
            "Strategy": "Plain",
            "Partial Mode": "Finalize",
            "Parallel Aware": false,
            "Startup Cost": 338020.73,
            "Total Cost": 338020.74,
            "Plan Rows": 1,
            "Plan Width": 8,
            "Actual Startup Time": 744.43,
            "Actual Total Time": 773.971,
            "Actual Rows": 1,
            "Actual Loops": 1,
            "Output": [
                "count(*)"
            ],
            "Plans": [
                {
                    "Node Type": "Gather",
                    "Parent Relationship": "Outer",
                    "Parallel Aware": false,
                    "Startup Cost": 338020.11,
                    "Total Cost": 338020.72,
                    "Plan Rows": 6,
                    "Plan Width": 8,
                    "Actual Startup Time": 744.352,
                    "Actual Total Time": 773.963,
                    "Actual Rows": 7,
                    "Actual Loops": 1,
                    "Output": [
                        "(PARTIAL count(*))"
                    ],
                    "Workers Planned": 6,
                    "Workers Launched": 6,
                    "Single Copy": false,
                    "Plans": [
                        {
                            "Node Type": "Aggregate",
                            "Strategy": "Plain",
                            "Partial Mode": "Partial",
                            "Parent Relationship": "Outer",
                            "Parallel Aware": false,
                            "Startup Cost": 337020.11,
                            "Total Cost": 337020.12,
                            "Plan Rows": 1,
                            "Plan Width": 8,
                            "Actual Startup Time": 734.588,
                            "Actual Total Time": 734.589,
                            "Actual Rows": 1,
                            "Actual Loops": 7,
                            "Output": [
                                "PARTIAL count(*)"
                            ],
                            "Workers": [
                                {
                                    "Worker Number": 0,
                                    "Actual Startup Time": 732.427,
                                    "Actual Total Time": 732.428,
                                    "Actual Rows": 1,
                                    "Actual Loops": 1
                                },
                                {
                                    "Worker Number": 1,
                                    "Actual Startup Time": 732.548,
                                    "Actual Total Time": 732.55,
                                    "Actual Rows": 1,
                                    "Actual Loops": 1
                                },
                                {
                                    "Worker Number": 2,
                                    "Actual Startup Time": 732.823,
                                    "Actual Total Time": 732.824,
                                    "Actual Rows": 1,
                                    "Actual Loops": 1
                                },
                                {
                                    "Worker Number": 3,
                                    "Actual Startup Time": 732.997,
                                    "Actual Total Time": 732.998,
                                    "Actual Rows": 1,
                                    "Actual Loops": 1
                                },
                                {
                                    "Worker Number": 4,
                                    "Actual Startup Time": 733.671,
                                    "Actual Total Time": 733.673,
                                    "Actual Rows": 1,
                                    "Actual Loops": 1
                                },
                                {
                                    "Worker Number": 5,
                                    "Actual Startup Time": 733.73,
                                    "Actual Total Time": 733.731,
                                    "Actual Rows": 1,
                                    "Actual Loops": 1
                                }
                            ],
                            "Plans": [
                                {
                                    "Node Type": "Seq Scan",
                                    "Parent Relationship": "Outer",
                                    "Parallel Aware": true,
                                    "Relation Name": "cast_info",
                                    "Schema": "public",
                                    "Alias": "ci",
                                    "Startup Cost": 0.0,
                                    "Total Cost": 328213.62,
                                    "Plan Rows": 3522596,
                                    "Plan Width": 0,
                                    "Actual Startup Time": 159.731,
                                    "Actual Total Time": 596.219,
                                    "Actual Rows": 3024405,
                                    "Actual Loops": 7,
                                    "Output": [
                                        "id",
                                        "person_id",
                                        "movie_id",
                                        "person_role_id",
                                        "note",
                                        "nr_order",
                                        "role_id"
                                    ],
                                    "Filter": "(ci.person_id > 1487270)",
                                    "Rows Removed by Filter": 2153358,
                                    "Workers": [
                                        {
                                            "Worker Number": 0,
                                            "Actual Startup Time": 157.553,
                                            "Actual Total Time": 594.679,
                                            "Actual Rows": 2108128,
                                            "Actual Loops": 1
                                        },
                                        {
                                            "Worker Number": 1,
                                            "Actual Startup Time": 157.707,
                                            "Actual Total Time": 594.393,
                                            "Actual Rows": 2114886,
                                            "Actual Loops": 1
                                        },
                                        {
                                            "Worker Number": 2,
                                            "Actual Startup Time": 157.97,
                                            "Actual Total Time": 602.021,
                                            "Actual Rows": 3219395,
                                            "Actual Loops": 1
                                        },
                                        {
                                            "Worker Number": 3,
                                            "Actual Startup Time": 158.134,
                                            "Actual Total Time": 598.684,
                                            "Actual Rows": 3291418,
                                            "Actual Loops": 1
                                        },
                                        {
                                            "Worker Number": 4,
                                            "Actual Startup Time": 158.833,
                                            "Actual Total Time": 602.889,
                                            "Actual Rows": 3225365,
                                            "Actual Loops": 1
                                        },
                                        {
                                            "Worker Number": 5,
                                            "Actual Startup Time": 158.87,
                                            "Actual Total Time": 603.348,
                                            "Actual Rows": 3209808,
                                            "Actual Loops": 1
                                        }
                                    ]
                                }
                            ]
                        }
                    ]
                }
            ]
        },
        "Planning Time": 202.228,
        "Triggers": [],
        "Execution Time": 774.027
    }
]