[
  {
    "Plan": {
      "Node Type": "Aggregate",
      "Strategy": "Plain",
      "Partial Mode": "Finalize",
      "Parallel Aware": false,
      "Startup Cost": 123966.62,
      "Total Cost": 123966.63,
      "Plan Rows": 1,
      "Plan Width": 8,
      "Actual Startup Time": 436.135,
      "Actual Total Time": 469.965,
      "Actual Rows": 1,
      "Actual Loops": 1,
      "Plans": [
        {
          "Node Type": "Gather",
          "Parent Relationship": "Outer",
          "Parallel Aware": false,
          "Startup Cost": 123966.3,
          "Total Cost": 123966.61,
          "Plan Rows": 3,
          "Plan Width": 8,
          "Actual Startup Time": 435.778,
          "Actual Total Time": 469.955,
          "Actual Rows": 4,
          "Actual Loops": 1,
          "Workers Planned": 3,
          "Workers Launched": 3,
          "Single Copy": false,
          "Plans": [
            {
              "Node Type": "Aggregate",
              "Strategy": "Plain",
              "Partial Mode": "Partial",
              "Parent Relationship": "Outer",
              "Parallel Aware": false,
              "Startup Cost": 122966.3,
              "Total Cost": 122966.31,
              "Plan Rows": 1,
              "Plan Width": 8,
              "Actual Startup Time": 428.577,
              "Actual Total Time": 428.582,
              "Actual Rows": 1,
              "Actual Loops": 4,
              "Plans": [
                {
                  "Node Type": "Nested Loop",
                  "Parent Relationship": "Outer",
                  "Parallel Aware": false,
                  "Join Type": "Inner",
                  "Startup Cost": 45578.91,
                  "Total Cost": 122434.72,
                  "Plan Rows": 212634,
                  "Plan Width": 0,
                  "Actual Startup Time": 110.779,
                  "Actual Total Time": 422.88,
                  "Actual Rows": 86767,
                  "Actual Loops": 4,
                  "Inner Unique": false,
                  "Join Filter": "(t.id = ci.movie_id)",
                  "Rows Removed by Join Filter": 0,
                  "Plans": [
                    {
                      "Node Type": "Hash Join",
                      "Parent Relationship": "Outer",
                      "Parallel Aware": true,
                      "Join Type": "Inner",
                      "Startup Cost": 45578.35,
                      "Total Cost": 91374.74,
                      "Plan Rows": 14839,
                      "Plan Width": 8,
                      "Actual Startup Time": 110.669,
                      "Actual Total Time": 324.903,
                      "Actual Rows": 2689,
                      "Actual Loops": 4,
                      "Inner Unique": true,
                      "Hash Cond": "(mk.movie_id = t.id)",
                      "Plans": [
                        {
                          "Node Type": "Seq Scan",
                          "Parent Relationship": "Outer",
                          "Parallel Aware": true,
                          "Relation Name": "movie_keyword",
                          "Alias": "mk",
                          "Startup Cost": 0.0,
                          "Total Cost": 42695.65,
                          "Plan Rows": 1181234,
                          "Plan Width": 4,
                          "Actual Startup Time": 0.069,
                          "Actual Total Time": 139.206,
                          "Actual Rows": 913728,
                          "Actual Loops": 4,
                          "Filter": "(keyword_id > 825)",
                          "Rows Removed by Filter": 217254
                        },
                        {
                          "Node Type": "Hash",
                          "Parent Relationship": "Inner",
                          "Parallel Aware": true,
                          "Startup Cost": 45479.1,
                          "Total Cost": 45479.1,
                          "Plan Rows": 7940,
                          "Plan Width": 4,
                          "Actual Startup Time": 109.194,
                          "Actual Total Time": 109.195,
                          "Actual Rows": 9924,
                          "Actual Loops": 4,
                          "Hash Buckets": 65536,
                          "Original Hash Buckets": 32768,
                          "Hash Batches": 1,
                          "Original Hash Batches": 1,
                          "Peak Memory Usage": 2400,
                          "Plans": [
                            {
                              "Node Type": "Seq Scan",
                              "Parent Relationship": "Outer",
                              "Parallel Aware": true,
                              "Relation Name": "title",
                              "Alias": "t",
                              "Startup Cost": 0.0,
                              "Total Cost": 45479.1,
                              "Plan Rows": 7940,
                              "Plan Width": 4,
                              "Actual Startup Time": 0.208,
                              "Actual Total Time": 102.231,
                              "Actual Rows": 9924,
                              "Actual Loops": 4,
                              "Filter": "((kind_id = 7) AND (production_year = 2001))",
                              "Rows Removed by Filter": 622154
                            }
                          ]
                        }
                      ]
                    },
                    {
                      "Node Type": "Index Only Scan",
                      "Parent Relationship": "Inner",
                      "Parallel Aware": false,
                      "Scan Direction": "Forward",
                      "Index Name": "movie_id_cast_info",
                      "Relation Name": "cast_info",
                      "Alias": "ci",
                      "Startup Cost": 0.56,
                      "Total Cost": 1.63,
                      "Plan Rows": 37,
                      "Plan Width": 4,
                      "Actual Startup Time": 0.005,
                      "Actual Total Time": 0.032,
                      "Actual Rows": 32,
                      "Actual Loops": 10756,
                      "Index Cond": "(movie_id = mk.movie_id)",
                      "Rows Removed by Index Recheck": 0,
                      "Heap Fetches": 347067
                    }
                  ]
                }
              ]
            }
          ]
        }
      ]
    },
    "Planning Time": 1.302,
    "Triggers": [],
    "Execution Time": 470.06
  }
]