[
  {
    "Plan": {
      "Node Type": "Aggregate",
      "Strategy": "Plain",
      "Partial Mode": "Finalize",
      "Parallel Aware": false,
      "Startup Cost": 760401.34,
      "Total Cost": 760401.35,
      "Plan Rows": 1,
      "Plan Width": 8,
      "Actual Startup Time": 13123.665,
      "Actual Total Time": 13249.576,
      "Actual Rows": 1,
      "Actual Loops": 1,
      "Plans": [
        {
          "Node Type": "Gather",
          "Parent Relationship": "Outer",
          "Parallel Aware": false,
          "Startup Cost": 760400.71,
          "Total Cost": 760401.32,
          "Plan Rows": 6,
          "Plan Width": 8,
          "Actual Startup Time": 13015.256,
          "Actual Total Time": 13249.543,
          "Actual Rows": 7,
          "Actual Loops": 1,
          "Workers Planned": 6,
          "Workers Launched": 6,
          "Single Copy": false,
          "Plans": [
            {
              "Node Type": "Aggregate",
              "Strategy": "Plain",
              "Partial Mode": "Partial",
              "Parent Relationship": "Outer",
              "Parallel Aware": false,
              "Startup Cost": 759400.71,
              "Total Cost": 759400.72,
              "Plan Rows": 1,
              "Plan Width": 8,
              "Actual Startup Time": 12969.514,
              "Actual Total Time": 12971.05,
              "Actual Rows": 1,
              "Actual Loops": 7,
              "Plans": [
                {
                  "Node Type": "Hash Join",
                  "Parent Relationship": "Outer",
                  "Parallel Aware": true,
                  "Join Type": "Inner",
                  "Startup Cost": 287745.92,
                  "Total Cost": 703546.09,
                  "Plan Rows": 22341850,
                  "Plan Width": 0,
                  "Actual Startup Time": 2730.114,
                  "Actual Total Time": 11223.003,
                  "Actual Rows": 37598415,
                  "Actual Loops": 7,
                  "Inner Unique": false,
                  "Hash Cond": "(ci.movie_id = t.id)",
                  "Plans": [
                    {
                      "Node Type": "Seq Scan",
                      "Parent Relationship": "Outer",
                      "Parallel Aware": true,
                      "Relation Name": "cast_info",
                      "Alias": "ci",
                      "Startup Cost": 0.0,
                      "Total Cost": 343316.27,
                      "Plan Rows": 4448029,
                      "Plan Width": 4,
                      "Actual Startup Time": 40.555,
                      "Actual Total Time": 818.778,
                      "Actual Rows": 3765124,
                      "Actual Loops": 7,
                      "Filter": "((person_id > 262196) AND (role_id < 8))",
                      "Rows Removed by Filter": 1412640
                    },
                    {
                      "Node Type": "Hash",
                      "Parent Relationship": "Inner",
                      "Parallel Aware": true,
                      "Startup Cost": 255996.1,
                      "Total Cost": 255996.1,
                      "Plan Rows": 2539986,
                      "Plan Width": 8,
                      "Actual Startup Time": 2667.205,
                      "Actual Total Time": 2668.738,
                      "Actual Rows": 1820665,
                      "Actual Loops": 7,
                      "Hash Buckets": 16777216,
                      "Original Hash Buckets": 16777216,
                      "Hash Batches": 1,
                      "Original Hash Batches": 1,
                      "Peak Memory Usage": 629760,
                      "Plans": [
                        {
                          "Node Type": "Hash Join",
                          "Parent Relationship": "Outer",
                          "Parallel Aware": true,
                          "Join Type": "Inner",
                          "Startup Cost": 50220.38,
                          "Total Cost": 255996.1,
                          "Plan Rows": 2539986,
                          "Plan Width": 8,
                          "Actual Startup Time": 334.682,
                          "Actual Total Time": 1557.734,
                          "Actual Rows": 1820665,
                          "Actual Loops": 7,
                          "Inner Unique": true,
                          "Hash Cond": "(mi.movie_id = t.id)",
                          "Plans": [
                            {
                              "Node Type": "Seq Scan",
                              "Parent Relationship": "Outer",
                              "Parallel Aware": true,
                              "Relation Name": "movie_info",
                              "Alias": "mi",
                              "Startup Cost": 0.0,
                              "Total Cost": 199108.24,
                              "Plan Rows": 2539986,
                              "Plan Width": 4,
                              "Actual Startup Time": 0.046,
                              "Actual Total Time": 432.032,
                              "Actual Rows": 1820665,
                              "Actual Loops": 7,
                              "Filter": "(info_type_id > 2)",
                              "Rows Removed by Filter": 298724
                            },
                            {
                              "Node Type": "Hash",
                              "Parent Relationship": "Inner",
                              "Parallel Aware": true,
                              "Startup Cost": 42319.06,
                              "Total Cost": 42319.06,
                              "Plan Rows": 632106,
                              "Plan Width": 4,
                              "Actual Startup Time": 328.54,
                              "Actual Total Time": 328.543,
                              "Actual Rows": 361187,
                              "Actual Loops": 7,
                              "Hash Buckets": 4194304,
                              "Original Hash Buckets": 4194304,
                              "Hash Batches": 1,
                              "Original Hash Batches": 1,
                              "Peak Memory Usage": 131808,
                              "Plans": [
                                {
                                  "Node Type": "Seq Scan",
                                  "Parent Relationship": "Outer",
                                  "Parallel Aware": true,
                                  "Relation Name": "title",
                                  "Alias": "t",
                                  "Startup Cost": 0.0,
                                  "Total Cost": 42319.06,
                                  "Plan Rows": 632106,
                                  "Plan Width": 4,
                                  "Actual Startup Time": 0.077,
                                  "Actual Total Time": 91.46,
                                  "Actual Rows": 361187,
                                  "Actual Loops": 7
                                }
                              ]
                            }
                          ]
                        }
                      ]
                    }
                  ]
                }
              ]
            }
          ]
        }
      ]
    },
    "Planning Time": 0.599,
    "Triggers": [],
    "Execution Time": 13249.636
  }
]