{
  "Plan": {
    "Node Type": "Aggregate",
    "Strategy": "Plain",
    "Partial Mode": "Finalize",
    "Parallel Aware": false,
    "Startup Cost": 235439.0,
    "Total Cost": 235439.01,
    "Plan Rows": 1,
    "Plan Width": 8,
    "Actual Startup Time": 282.963,
    "Actual Total Time": 299.3,
    "Actual Rows": 1,
    "Actual Loops": 1,
    "Plans": [
      {
        "Node Type": "Gather",
        "Parent Relationship": "Outer",
        "Parallel Aware": false,
        "Startup Cost": 235438.89,
        "Total Cost": 235439.0,
        "Plan Rows": 1,
        "Plan Width": 8,
        "Actual Startup Time": 282.202,
        "Actual Total Time": 299.291,
        "Actual Rows": 2,
        "Actual Loops": 1,
        "Workers Planned": 1,
        "Workers Launched": 1,
        "Single Copy": false,
        "Plans": [
          {
            "Node Type": "Aggregate",
            "Strategy": "Plain",
            "Partial Mode": "Partial",
            "Parent Relationship": "Outer",
            "Parallel Aware": false,
            "Startup Cost": 234438.89,
            "Total Cost": 234438.9,
            "Plan Rows": 1,
            "Plan Width": 8,
            "Actual Startup Time": 276.193,
            "Actual Total Time": 276.197,
            "Actual Rows": 1,
            "Actual Loops": 2,
            "Plans": [
              {
                "Node Type": "Hash Join",
                "Parent Relationship": "Outer",
                "Parallel Aware": true,
                "Join Type": "Inner",
                "Startup Cost": 66916.52,
                "Total Cost": 234381.22,
                "Plan Rows": 23069,
                "Plan Width": 0,
                "Actual Startup Time": 190.052,
                "Actual Total Time": 275.728,
                "Actual Rows": 9029,
                "Actual Loops": 2,
                "Inner Unique": true,
                "Hash Cond": "(mi.movie_id = t.id)",
                "Plans": [
                  {
                    "Node Type": "Bitmap Heap Scan",
                    "Parent Relationship": "Outer",
                    "Parallel Aware": true,
                    "Relation Name": "movie_info",
                    "Alias": "mi",
                    "Startup Cost": 11142.68,
                    "Total Cost": 177657.74,
                    "Plan Rows": 361765,
                    "Plan Width": 4,
                    "Actual Startup Time": 29.574,
                    "Actual Total Time": 84.823,
                    "Actual Rows": 299228,
                    "Actual Loops": 2,
                    "Recheck Cond": "(info_type_id = 15)",
                    "Rows Removed by Index Recheck": 0,
                    "Exact Heap Blocks": 12907,
                    "Lossy Heap Blocks": 0,
                    "Plans": [
                      {
                        "Node Type": "Bitmap Index Scan",
                        "Parent Relationship": "Outer",
                        "Parallel Aware": false,
                        "Index Name": "info_type_id_movie_info",
                        "Startup Cost": 0.0,
                        "Total Cost": 10988.93,
                        "Plan Rows": 615000,
                        "Plan Width": 0,
                        "Actual Startup Time": 26.433,
                        "Actual Total Time": 26.433,
                        "Actual Rows": 598457,
                        "Actual Loops": 1,
                        "Index Cond": "(info_type_id = 15)"
                      }
                    ]
                  },
                  {
                    "Node Type": "Hash",
                    "Parent Relationship": "Inner",
                    "Parallel Aware": true,
                    "Startup Cost": 54588.39,
                    "Total Cost": 54588.39,
                    "Plan Rows": 94836,
                    "Plan Width": 4,
                    "Actual Startup Time": 156.824,
                    "Actual Total Time": 156.825,
                    "Actual Rows": 80008,
                    "Actual Loops": 2,
                    "Hash Buckets": 262144,
                    "Original Hash Buckets": 262144,
                    "Hash Batches": 1,
                    "Original Hash Batches": 1,
                    "Peak Memory Usage": 8320,
                    "Plans": [
                      {
                        "Node Type": "Seq Scan",
                        "Parent Relationship": "Outer",
                        "Parallel Aware": true,
                        "Relation Name": "title",
                        "Alias": "t",
                        "Startup Cost": 0.0,
                        "Total Cost": 54588.39,
                        "Plan Rows": 94836,
                        "Plan Width": 4,
                        "Actual Startup Time": 0.032,
                        "Actual Total Time": 135.708,
                        "Actual Rows": 80008,
                        "Actual Loops": 2,
                        "Filter": "(production_year = 2011)",
                        "Rows Removed by Filter": 1184148
                      }
                    ]
                  }
                ]
              }
            ]
          }
        ]
      }
    ]
  },
  "Planning Time": 0.589,
  "Triggers": [],
  "Execution Time": 299.388
}