[
  {
    "Plan": {
      "Node Type": "Aggregate",
      "Strategy": "Plain",
      "Partial Mode": "Finalize",
      "Parallel Aware": false,
      "Startup Cost": 32743.76,
      "Total Cost": 32743.77,
      "Plan Rows": 1,
      "Plan Width": 8,
      "Actual Startup Time": 79.882,
      "Actual Total Time": 85.066,
      "Actual Rows": 1,
      "Actual Loops": 1,
      "Plans": [
        {
          "Node Type": "Gather",
          "Parent Relationship": "Outer",
          "Parallel Aware": false,
          "Startup Cost": 32743.44,
          "Total Cost": 32743.75,
          "Plan Rows": 3,
          "Plan Width": 8,
          "Actual Startup Time": 79.736,
          "Actual Total Time": 85.058,
          "Actual Rows": 4,
          "Actual Loops": 1,
          "Workers Planned": 3,
          "Workers Launched": 3,
          "Single Copy": false,
          "Plans": [
            {
              "Node Type": "Aggregate",
              "Strategy": "Plain",
              "Partial Mode": "Partial",
              "Parent Relationship": "Outer",
              "Parallel Aware": false,
              "Startup Cost": 31743.44,
              "Total Cost": 31743.45,
              "Plan Rows": 1,
              "Plan Width": 8,
              "Actual Startup Time": 74.755,
              "Actual Total Time": 74.756,
              "Actual Rows": 1,
              "Actual Loops": 4,
              "Plans": [
                {
                  "Node Type": "Seq Scan",
                  "Parent Relationship": "Outer",
                  "Parallel Aware": true,
                  "Relation Name": "movie_companies",
                  "Alias": "mc",
                  "Startup Cost": 0.0,
                  "Total Cost": 31414.82,
                  "Plan Rows": 131450,
                  "Plan Width": 0,
                  "Actual Startup Time": 17.485,
                  "Actual Total Time": 73.381,
                  "Actual Rows": 20268,
                  "Actual Loops": 4,
                  "Filter": "((company_id > 28133) AND (company_type_id < 2))",
                  "Rows Removed by Filter": 632014
                }
              ]
            }
          ]
        }
      ]
    },
    "Planning Time": 0.115,
    "Triggers": [],
    "Execution Time": 85.101
  }
]