[
  {
    "Plan": {
      "Node Type": "Aggregate",
      "Strategy": "Plain",
      "Partial Mode": "Finalize",
      "Parallel Aware": false,
      "Startup Cost": 32735.99,
      "Total Cost": 32736.0,
      "Plan Rows": 1,
      "Plan Width": 8,
      "Actual Startup Time": 84.665,
      "Actual Total Time": 92.847,
      "Actual Rows": 1,
      "Actual Loops": 1,
      "Plans": [
        {
          "Node Type": "Gather",
          "Parent Relationship": "Outer",
          "Parallel Aware": false,
          "Startup Cost": 32735.67,
          "Total Cost": 32735.98,
          "Plan Rows": 3,
          "Plan Width": 8,
          "Actual Startup Time": 84.555,
          "Actual Total Time": 92.839,
          "Actual Rows": 4,
          "Actual Loops": 1,
          "Workers Planned": 3,
          "Workers Launched": 3,
          "Single Copy": false,
          "Plans": [
            {
              "Node Type": "Aggregate",
              "Strategy": "Plain",
              "Partial Mode": "Partial",
              "Parent Relationship": "Outer",
              "Parallel Aware": false,
              "Startup Cost": 31735.67,
              "Total Cost": 31735.68,
              "Plan Rows": 1,
              "Plan Width": 8,
              "Actual Startup Time": 77.014,
              "Actual Total Time": 77.015,
              "Actual Rows": 1,
              "Actual Loops": 4,
              "Plans": [
                {
                  "Node Type": "Seq Scan",
                  "Parent Relationship": "Outer",
                  "Parallel Aware": true,
                  "Relation Name": "movie_companies",
                  "Alias": "mc",
                  "Startup Cost": 0.0,
                  "Total Cost": 31414.82,
                  "Plan Rows": 128340,
                  "Plan Width": 0,
                  "Actual Startup Time": 27.617,
                  "Actual Total Time": 75.925,
                  "Actual Rows": 20268,
                  "Actual Loops": 4,
                  "Filter": "((company_id > 28133) AND (company_type_id < 2))",
                  "Rows Removed by Filter": 632014
                }
              ]
            }
          ]
        }
      ]
    },
    "Planning Time": 0.213,
    "Triggers": [],
    "Execution Time": 92.903
  }
]