{
  "Plan": {
    "Node Type": "Aggregate",
    "Strategy": "Plain",
    "Partial Mode": "Finalize",
    "Parallel Aware": false,
    "Startup Cost": 333336.08,
    "Total Cost": 333336.09,
    "Plan Rows": 1,
    "Plan Width": 8,
    "Actual Startup Time": 1507.397,
    "Actual Total Time": 1551.177,
    "Actual Rows": 1,
    "Actual Loops": 1,
    "Plans": [
      {
        "Node Type": "Gather",
        "Parent Relationship": "Outer",
        "Parallel Aware": false,
        "Startup Cost": 333335.96,
        "Total Cost": 333336.07,
        "Plan Rows": 1,
        "Plan Width": 8,
        "Actual Startup Time": 1507.073,
        "Actual Total Time": 1551.17,
        "Actual Rows": 2,
        "Actual Loops": 1,
        "Workers Planned": 1,
        "Workers Launched": 1,
        "Single Copy": false,
        "Plans": [
          {
            "Node Type": "Aggregate",
            "Strategy": "Plain",
            "Partial Mode": "Partial",
            "Parent Relationship": "Outer",
            "Parallel Aware": false,
            "Startup Cost": 332335.96,
            "Total Cost": 332335.97,
            "Plan Rows": 1,
            "Plan Width": 8,
            "Actual Startup Time": 1501.023,
            "Actual Total Time": 1501.027,
            "Actual Rows": 1,
            "Actual Loops": 2,
            "Plans": [
              {
                "Node Type": "Hash Join",
                "Parent Relationship": "Outer",
                "Parallel Aware": true,
                "Join Type": "Inner",
                "Startup Cost": 39805.95,
                "Total Cost": 331758.05,
                "Plan Rows": 231165,
                "Plan Width": 0,
                "Actual Startup Time": 90.313,
                "Actual Total Time": 1486.627,
                "Actual Rows": 342874,
                "Actual Loops": 2,
                "Inner Unique": true,
                "Hash Cond": "(mi.movie_id = t.id)",
                "Plans": [
                  {
                    "Node Type": "Seq Scan",
                    "Parent Relationship": "Outer",
                    "Parallel Aware": true,
                    "Relation Name": "movie_info",
                    "Alias": "mi",
                    "Startup Cost": 0.0,
                    "Total Cost": 270696.42,
                    "Plan Rows": 8097390,
                    "Plan Width": 4,
                    "Actual Startup Time": 0.012,
                    "Actual Total Time": 756.412,
                    "Actual Rows": 6933678,
                    "Actual Loops": 2,
                    "Filter": "(info_type_id < 94)",
                    "Rows Removed by Filter": 484182
                  },
                  {
                    "Node Type": "Hash",
                    "Parent Relationship": "Inner",
                    "Parallel Aware": true,
                    "Startup Cost": 39275.23,
                    "Total Cost": 39275.23,
                    "Plan Rows": 42458,
                    "Plan Width": 4,
                    "Actual Startup Time": 66.563,
                    "Actual Total Time": 66.564,
                    "Actual Rows": 47167,
                    "Actual Loops": 2,
                    "Hash Buckets": 131072,
                    "Original Hash Buckets": 131072,
                    "Hash Batches": 1,
                    "Original Hash Batches": 1,
                    "Peak Memory Usage": 4736,
                    "Plans": [
                      {
                        "Node Type": "Bitmap Heap Scan",
                        "Parent Relationship": "Outer",
                        "Parallel Aware": true,
                        "Relation Name": "title",
                        "Alias": "t",
                        "Startup Cost": 2198.98,
                        "Total Cost": 39275.23,
                        "Plan Rows": 42458,
                        "Plan Width": 4,
                        "Actual Startup Time": 17.799,
                        "Actual Total Time": 55.459,
                        "Actual Rows": 47167,
                        "Actual Loops": 2,
                        "Recheck Cond": "(kind_id = 4)",
                        "Rows Removed by Index Recheck": 0,
                        "Filter": "(production_year > 1998)",
                        "Rows Removed by Filter": 11950,
                        "Exact Heap Blocks": 9961,
                        "Lossy Heap Blocks": 0,
                        "Plans": [
                          {
                            "Node Type": "Bitmap Index Scan",
                            "Parent Relationship": "Outer",
                            "Parallel Aware": false,
                            "Index Name": "kind_id_title",
                            "Startup Cost": 0.0,
                            "Total Cost": 2180.94,
                            "Plan Rows": 122201,
                            "Plan Width": 0,
                            "Actual Startup Time": 16.816,
                            "Actual Total Time": 16.816,
                            "Actual Rows": 118234,
                            "Actual Loops": 1,
                            "Index Cond": "(kind_id = 4)"
                          }
                        ]
                      }
                    ]
                  }
                ]
              }
            ]
          }
        ]
      }
    ]
  },
  "Planning Time": 0.659,
  "Triggers": [],
  "Execution Time": 1551.276
}