{
  "Plan": {
    "Node Type": "Aggregate",
    "Strategy": "Plain",
    "Partial Mode": "Finalize",
    "Parallel Aware": false,
    "Startup Cost": 18933.68,
    "Total Cost": 18933.69,
    "Plan Rows": 1,
    "Plan Width": 8,
    "Actual Startup Time": 18.307,
    "Actual Total Time": 21.465,
    "Actual Rows": 1,
    "Actual Loops": 1,
    "Plans": [
      {
        "Node Type": "Gather",
        "Parent Relationship": "Outer",
        "Parallel Aware": false,
        "Startup Cost": 18933.57,
        "Total Cost": 18933.68,
        "Plan Rows": 1,
        "Plan Width": 8,
        "Actual Startup Time": 18.084,
        "Actual Total Time": 21.445,
        "Actual Rows": 2,
        "Actual Loops": 1,
        "Workers Planned": 1,
        "Workers Launched": 1,
        "Single Copy": false,
        "Plans": [
          {
            "Node Type": "Aggregate",
            "Strategy": "Plain",
            "Partial Mode": "Partial",
            "Parent Relationship": "Outer",
            "Parallel Aware": false,
            "Startup Cost": 17933.57,
            "Total Cost": 17933.58,
            "Plan Rows": 1,
            "Plan Width": 8,
            "Actual Startup Time": 12.008,
            "Actual Total Time": 12.011,
            "Actual Rows": 1,
            "Actual Loops": 2,
            "Plans": [
              {
                "Node Type": "Nested Loop",
                "Parent Relationship": "Outer",
                "Parallel Aware": false,
                "Join Type": "Inner",
                "Startup Cost": 80.72,
                "Total Cost": 17933.43,
                "Plan Rows": 58,
                "Plan Width": 0,
                "Actual Startup Time": 4.481,
                "Actual Total Time": 11.998,
                "Actual Rows": 4,
                "Actual Loops": 2,
                "Inner Unique": true,
                "Plans": [
                  {
                    "Node Type": "Bitmap Heap Scan",
                    "Parent Relationship": "Outer",
                    "Parallel Aware": true,
                    "Relation Name": "movie_companies",
                    "Alias": "mc",
                    "Startup Cost": 80.29,
                    "Total Cost": 9226.96,
                    "Plan Rows": 1091,
                    "Plan Width": 4,
                    "Actual Startup Time": 2.916,
                    "Actual Total Time": 4.661,
                    "Actual Rows": 716,
                    "Actual Loops": 2,
                    "Recheck Cond": "(company_id = 181)",
                    "Rows Removed by Index Recheck": 0,
                    "Filter": "(company_type_id = 2)",
                    "Rows Removed by Filter": 974,
                    "Exact Heap Blocks": 1067,
                    "Lossy Heap Blocks": 0,
                    "Plans": [
                      {
                        "Node Type": "Bitmap Index Scan",
                        "Parent Relationship": "Outer",
                        "Parallel Aware": false,
                        "Index Name": "company_id_movie_companies",
                        "Startup Cost": 0.0,
                        "Total Cost": 79.83,
                        "Plan Rows": 3653,
                        "Plan Width": 0,
                        "Actual Startup Time": 2.309,
                        "Actual Total Time": 2.31,
                        "Actual Rows": 3380,
                        "Actual Loops": 1,
                        "Index Cond": "(company_id = 181)"
                      }
                    ]
                  },
                  {
                    "Node Type": "Index Scan",
                    "Parent Relationship": "Inner",
                    "Parallel Aware": false,
                    "Scan Direction": "Forward",
                    "Index Name": "title_pkey",
                    "Relation Name": "title",
                    "Alias": "t",
                    "Startup Cost": 0.43,
                    "Total Cost": 7.98,
                    "Plan Rows": 1,
                    "Plan Width": 4,
                    "Actual Startup Time": 0.01,
                    "Actual Total Time": 0.01,
                    "Actual Rows": 0,
                    "Actual Loops": 1433,
                    "Index Cond": "(id = mc.movie_id)",
                    "Rows Removed by Index Recheck": 0,
                    "Filter": "((kind_id < 7) AND (production_year < 1969))",
                    "Rows Removed by Filter": 1
                  }
                ]
              }
            ]
          }
        ]
      }
    ]
  },
  "Planning Time": 0.507,
  "Triggers": [],
  "Execution Time": 21.558
}