{
  "Plan": {
    "Node Type": "Aggregate",
    "Strategy": "Plain",
    "Partial Mode": "Finalize",
    "Parallel Aware": false,
    "Startup Cost": 627131.41,
    "Total Cost": 627131.42,
    "Plan Rows": 1,
    "Plan Width": 8,
    "Actual Startup Time": 3901.689,
    "Actual Total Time": 3963.084,
    "Actual Rows": 1,
    "Actual Loops": 1,
    "Plans": [
      {
        "Node Type": "Gather",
        "Parent Relationship": "Outer",
        "Parallel Aware": false,
        "Startup Cost": 627131.3,
        "Total Cost": 627131.41,
        "Plan Rows": 1,
        "Plan Width": 8,
        "Actual Startup Time": 3900.771,
        "Actual Total Time": 3963.075,
        "Actual Rows": 2,
        "Actual Loops": 1,
        "Workers Planned": 1,
        "Workers Launched": 1,
        "Single Copy": false,
        "Plans": [
          {
            "Node Type": "Aggregate",
            "Strategy": "Plain",
            "Partial Mode": "Partial",
            "Parent Relationship": "Outer",
            "Parallel Aware": false,
            "Startup Cost": 626131.3,
            "Total Cost": 626131.31,
            "Plan Rows": 1,
            "Plan Width": 8,
            "Actual Startup Time": 3894.683,
            "Actual Total Time": 3894.686,
            "Actual Rows": 1,
            "Actual Loops": 2,
            "Plans": [
              {
                "Node Type": "Hash Join",
                "Parent Relationship": "Outer",
                "Parallel Aware": true,
                "Join Type": "Inner",
                "Startup Cost": 54722.63,
                "Total Cost": 623544.26,
                "Plan Rows": 1034815,
                "Plan Width": 0,
                "Actual Startup Time": 138.342,
                "Actual Total Time": 3826.987,
                "Actual Rows": 1625102,
                "Actual Loops": 2,
                "Inner Unique": true,
                "Hash Cond": "(ci.movie_id = t.id)",
                "Plans": [
                  {
                    "Node Type": "Seq Scan",
                    "Parent Relationship": "Outer",
                    "Parallel Aware": true,
                    "Relation Name": "cast_info",
                    "Alias": "ci",
                    "Startup Cost": 0.0,
                    "Total Cost": 519069.44,
                    "Plan Rows": 18953184,
                    "Plan Width": 4,
                    "Actual Startup Time": 0.015,
                    "Actual Total Time": 1607.012,
                    "Actual Rows": 16220931,
                    "Actual Loops": 2,
                    "Filter": "(person_id < 3366067)",
                    "Rows Removed by Filter": 1901241
                  },
                  {
                    "Node Type": "Hash",
                    "Parent Relationship": "Inner",
                    "Parallel Aware": true,
                    "Startup Cost": 53707.62,
                    "Total Cost": 53707.62,
                    "Plan Rows": 81201,
                    "Plan Width": 4,
                    "Actual Startup Time": 134.712,
                    "Actual Total Time": 134.714,
                    "Actual Rows": 139196,
                    "Actual Loops": 2,
                    "Hash Buckets": 524288,
                    "Original Hash Buckets": 262144,
                    "Hash Batches": 1,
                    "Original Hash Batches": 1,
                    "Peak Memory Usage": 17056,
                    "Plans": [
                      {
                        "Node Type": "Bitmap Heap Scan",
                        "Parent Relationship": "Outer",
                        "Parallel Aware": true,
                        "Relation Name": "title",
                        "Alias": "t",
                        "Startup Cost": 11857.36,
                        "Total Cost": 53707.62,
                        "Plan Rows": 81201,
                        "Plan Width": 4,
                        "Actual Startup Time": 37.325,
                        "Actual Total Time": 100.688,
                        "Actual Rows": 139196,
                        "Actual Loops": 2,
                        "Recheck Cond": "(kind_id = 1)",
                        "Rows Removed by Index Recheck": 0,
                        "Filter": "(production_year < 1982)",
                        "Rows Removed by Filter": 192217,
                        "Exact Heap Blocks": 8313,
                        "Lossy Heap Blocks": 0,
                        "Plans": [
                          {
                            "Node Type": "Bitmap Index Scan",
                            "Parent Relationship": "Outer",
                            "Parallel Aware": false,
                            "Index Name": "kind_id_title",
                            "Startup Cost": 0.0,
                            "Total Cost": 11822.85,
                            "Plan Rows": 663256,
                            "Plan Width": 0,
                            "Actual Startup Time": 37.336,
                            "Actual Total Time": 37.336,
                            "Actual Rows": 662825,
                            "Actual Loops": 1,
                            "Index Cond": "(kind_id = 1)"
                          }
                        ]
                      }
                    ]
                  }
                ]
              }
            ]
          }
        ]
      }
    ]
  },
  "Planning Time": 0.511,
  "Triggers": [],
  "Execution Time": 3963.195
}