[
  {
    "Plan": {
      "Node Type": "Aggregate",
      "Strategy": "Plain",
      "Partial Mode": "Finalize",
      "Parallel Aware": false,
      "Startup Cost": 81385.39,
      "Total Cost": 81385.4,
      "Plan Rows": 1,
      "Plan Width": 8,
      "Actual Startup Time": 453.608,
      "Actual Total Time": 469.714,
      "Actual Rows": 1,
      "Actual Loops": 1,
      "Plans": [
        {
          "Node Type": "Gather",
          "Parent Relationship": "Outer",
          "Parallel Aware": false,
          "Startup Cost": 81385.07,
          "Total Cost": 81385.38,
          "Plan Rows": 3,
          "Plan Width": 8,
          "Actual Startup Time": 447.503,
          "Actual Total Time": 469.703,
          "Actual Rows": 4,
          "Actual Loops": 1,
          "Workers Planned": 3,
          "Workers Launched": 3,
          "Single Copy": false,
          "Plans": [
            {
              "Node Type": "Aggregate",
              "Strategy": "Plain",
              "Partial Mode": "Partial",
              "Parent Relationship": "Outer",
              "Parallel Aware": false,
              "Startup Cost": 80385.07,
              "Total Cost": 80385.08,
              "Plan Rows": 1,
              "Plan Width": 8,
              "Actual Startup Time": 439.922,
              "Actual Total Time": 439.925,
              "Actual Rows": 1,
              "Actual Loops": 4,
              "Plans": [
                {
                  "Node Type": "Hash Join",
                  "Parent Relationship": "Outer",
                  "Parallel Aware": true,
                  "Join Type": "Inner",
                  "Startup Cost": 47831.02,
                  "Total Cost": 80018.78,
                  "Plan Rows": 146519,
                  "Plan Width": 0,
                  "Actual Startup Time": 296.208,
                  "Actual Total Time": 431.754,
                  "Actual Rows": 156316,
                  "Actual Loops": 4,
                  "Inner Unique": true,
                  "Hash Cond": "(mc.movie_id = t.id)",
                  "Plans": [
                    {
                      "Node Type": "Seq Scan",
                      "Parent Relationship": "Outer",
                      "Parallel Aware": true,
                      "Relation Name": "movie_companies",
                      "Alias": "mc",
                      "Startup Cost": 0.0,
                      "Total Cost": 31414.82,
                      "Plan Rows": 294452,
                      "Plan Width": 4,
                      "Actual Startup Time": 36.801,
                      "Actual Total Time": 81.127,
                      "Actual Rows": 273807,
                      "Actual Loops": 4,
                      "Filter": "((company_id > 2002) AND (company_type_id = 2))",
                      "Rows Removed by Filter": 378475
                    },
                    {
                      "Node Type": "Hash",
                      "Parent Relationship": "Inner",
                      "Parallel Aware": true,
                      "Startup Cost": 43899.32,
                      "Total Cost": 43899.32,
                      "Plan Rows": 314536,
                      "Plan Width": 4,
                      "Actual Startup Time": 254.155,
                      "Actual Total Time": 254.156,
                      "Actual Rows": 315925,
                      "Actual Loops": 4,
                      "Hash Buckets": 2097152,
                      "Original Hash Buckets": 2097152,
                      "Hash Batches": 1,
                      "Original Hash Batches": 1,
                      "Peak Memory Usage": 65856,
                      "Plans": [
                        {
                          "Node Type": "Seq Scan",
                          "Parent Relationship": "Outer",
                          "Parallel Aware": true,
                          "Relation Name": "title",
                          "Alias": "t",
                          "Startup Cost": 0.0,
                          "Total Cost": 43899.32,
                          "Plan Rows": 314536,
                          "Plan Width": 4,
                          "Actual Startup Time": 0.037,
                          "Actual Total Time": 122.602,
                          "Actual Rows": 315925,
                          "Actual Loops": 4,
                          "Filter": "(production_year < 2004)",
                          "Rows Removed by Filter": 316153
                        }
                      ]
                    }
                  ]
                }
              ]
            }
          ]
        }
      ]
    },
    "Planning Time": 0.357,
    "Triggers": [],
    "Execution Time": 469.756
  }
]