{
  "Plan": {
    "Node Type": "Aggregate",
    "Strategy": "Plain",
    "Partial Mode": "Finalize",
    "Parallel Aware": false,
    "Startup Cost": 124065.12,
    "Total Cost": 124065.13,
    "Plan Rows": 1,
    "Plan Width": 8,
    "Actual Startup Time": 646.256,
    "Actual Total Time": 661.41,
    "Actual Rows": 1,
    "Actual Loops": 1,
    "Plans": [
      {
        "Node Type": "Gather",
        "Parent Relationship": "Outer",
        "Parallel Aware": false,
        "Startup Cost": 124065.01,
        "Total Cost": 124065.12,
        "Plan Rows": 1,
        "Plan Width": 8,
        "Actual Startup Time": 642.854,
        "Actual Total Time": 661.401,
        "Actual Rows": 2,
        "Actual Loops": 1,
        "Workers Planned": 1,
        "Workers Launched": 1,
        "Single Copy": false,
        "Plans": [
          {
            "Node Type": "Aggregate",
            "Strategy": "Plain",
            "Partial Mode": "Partial",
            "Parent Relationship": "Outer",
            "Parallel Aware": false,
            "Startup Cost": 123065.01,
            "Total Cost": 123065.02,
            "Plan Rows": 1,
            "Plan Width": 8,
            "Actual Startup Time": 633.07,
            "Actual Total Time": 633.351,
            "Actual Rows": 1,
            "Actual Loops": 2,
            "Plans": [
              {
                "Node Type": "Hash Join",
                "Parent Relationship": "Outer",
                "Parallel Aware": true,
                "Join Type": "Inner",
                "Startup Cost": 103771.74,
                "Total Cost": 123002.94,
                "Plan Rows": 24825,
                "Plan Width": 0,
                "Actual Startup Time": 553.508,
                "Actual Total Time": 628.35,
                "Actual Rows": 114466,
                "Actual Loops": 2,
                "Inner Unique": false,
                "Hash Cond": "(mi_idx.movie_id = t.id)",
                "Plans": [
                  {
                    "Node Type": "Seq Scan",
                    "Parent Relationship": "Outer",
                    "Parallel Aware": true,
                    "Relation Name": "movie_info_idx",
                    "Alias": "mi_idx",
                    "Startup Cost": 0.0,
                    "Total Cost": 18082.32,
                    "Plan Rows": 267429,
                    "Plan Width": 4,
                    "Actual Startup Time": 0.025,
                    "Actual Total Time": 49.194,
                    "Actual Rows": 229962,
                    "Actual Loops": 2,
                    "Filter": "(info_type_id = 99)",
                    "Rows Removed by Filter": 460055
                  },
                  {
                    "Node Type": "Hash",
                    "Parent Relationship": "Inner",
                    "Parallel Aware": true,
                    "Startup Cost": 102046.05,
                    "Total Cost": 102046.05,
                    "Plan Rows": 138055,
                    "Plan Width": 8,
                    "Actual Startup Time": 538.21,
                    "Actual Total Time": 538.49,
                    "Actual Rows": 141827,
                    "Actual Loops": 2,
                    "Hash Buckets": 524288,
                    "Original Hash Buckets": 262144,
                    "Hash Batches": 1,
                    "Original Hash Batches": 1,
                    "Peak Memory Usage": 17280,
                    "Plans": [
                      {
                        "Node Type": "Hash Join",
                        "Parent Relationship": "Outer",
                        "Parallel Aware": true,
                        "Join Type": "Inner",
                        "Startup Cost": 73909.29,
                        "Total Cost": 102046.05,
                        "Plan Rows": 138055,
                        "Plan Width": 8,
                        "Actual Startup Time": 396.846,
                        "Actual Total Time": 508.56,
                        "Actual Rows": 141827,
                        "Actual Loops": 2,
                        "Inner Unique": true,
                        "Hash Cond": "(mk.movie_id = t.id)",
                        "Plans": [
                          {
                            "Node Type": "Bitmap Heap Scan",
                            "Parent Relationship": "Outer",
                            "Parallel Aware": true,
                            "Relation Name": "movie_keyword",
                            "Alias": "mk",
                            "Startup Cost": 8780.39,
                            "Total Cost": 36277.99,
                            "Plan Rows": 243488,
                            "Plan Width": 4,
                            "Actual Startup Time": 27.835,
                            "Actual Total Time": 86.213,
                            "Actual Rows": 202174,
                            "Actual Loops": 2,
                            "Recheck Cond": "(keyword_id > 43015)",
                            "Rows Removed by Index Recheck": 0,
                            "Exact Heap Blocks": 12692,
                            "Lossy Heap Blocks": 0,
                            "Plans": [
                              {
                                "Node Type": "Bitmap Index Scan",
                                "Parent Relationship": "Outer",
                                "Parallel Aware": false,
                                "Index Name": "keyword_id_movie_keyword",
                                "Startup Cost": 0.0,
                                "Total Cost": 8676.91,
                                "Plan Rows": 413930,
                                "Plan Width": 0,
                                "Actual Startup Time": 24.496,
                                "Actual Total Time": 24.496,
                                "Actual Rows": 404347,
                                "Actual Loops": 1,
                                "Index Cond": "(keyword_id > 43015)"
                              }
                            ]
                          },
                          {
                            "Node Type": "Hash",
                            "Parent Relationship": "Inner",
                            "Parallel Aware": true,
                            "Startup Cost": 54588.39,
                            "Total Cost": 54588.39,
                            "Plan Rows": 843241,
                            "Plan Width": 4,
                            "Actual Startup Time": 356.82,
                            "Actual Total Time": 356.821,
                            "Actual Rows": 721649,
                            "Actual Loops": 2,
                            "Hash Buckets": 2097152,
                            "Original Hash Buckets": 2097152,
                            "Hash Batches": 1,
                            "Original Hash Batches": 1,
                            "Peak Memory Usage": 72896,
                            "Plans": [
                              {
                                "Node Type": "Seq Scan",
                                "Parent Relationship": "Outer",
                                "Parallel Aware": true,
                                "Relation Name": "title",
                                "Alias": "t",
                                "Startup Cost": 0.0,
                                "Total Cost": 54588.39,
                                "Plan Rows": 843241,
                                "Plan Width": 4,
                                "Actual Startup Time": 0.029,
                                "Actual Total Time": 164.916,
                                "Actual Rows": 721649,
                                "Actual Loops": 2,
                                "Filter": "(production_year < 2006)",
                                "Rows Removed by Filter": 542507
                              }
                            ]
                          }
                        ]
                      }
                    ]
                  }
                ]
              }
            ]
          }
        ]
      }
    ]
  },
  "Planning Time": 0.861,
  "Triggers": [],
  "Execution Time": 661.511
}