[
  {
    "Plan": {
      "Node Type": "Aggregate",
      "Strategy": "Plain",
      "Partial Mode": "Finalize",
      "Parallel Aware": false,
      "Startup Cost": 83291.76,
      "Total Cost": 83291.77,
      "Plan Rows": 1,
      "Plan Width": 8,
      "Actual Startup Time": 355.222,
      "Actual Total Time": 370.913,
      "Actual Rows": 1,
      "Actual Loops": 1,
      "Plans": [
        {
          "Node Type": "Gather",
          "Parent Relationship": "Outer",
          "Parallel Aware": false,
          "Startup Cost": 83291.34,
          "Total Cost": 83291.75,
          "Plan Rows": 4,
          "Plan Width": 8,
          "Actual Startup Time": 352.366,
          "Actual Total Time": 370.9,
          "Actual Rows": 5,
          "Actual Loops": 1,
          "Workers Planned": 4,
          "Workers Launched": 4,
          "Single Copy": false,
          "Plans": [
            {
              "Node Type": "Aggregate",
              "Strategy": "Plain",
              "Partial Mode": "Partial",
              "Parent Relationship": "Outer",
              "Parallel Aware": false,
              "Startup Cost": 82291.34,
              "Total Cost": 82291.35,
              "Plan Rows": 1,
              "Plan Width": 8,
              "Actual Startup Time": 342.464,
              "Actual Total Time": 342.467,
              "Actual Rows": 1,
              "Actual Loops": 5,
              "Plans": [
                {
                  "Node Type": "Hash Join",
                  "Parent Relationship": "Outer",
                  "Parallel Aware": true,
                  "Join Type": "Inner",
                  "Startup Cost": 35398.16,
                  "Total Cost": 81673.92,
                  "Plan Rows": 246967,
                  "Plan Width": 0,
                  "Actual Startup Time": 133.405,
                  "Actual Total Time": 335.759,
                  "Actual Rows": 137267,
                  "Actual Loops": 5,
                  "Inner Unique": false,
                  "Hash Cond": "(t.id = mc.movie_id)",
                  "Plans": [
                    {
                      "Node Type": "Seq Scan",
                      "Parent Relationship": "Outer",
                      "Parallel Aware": true,
                      "Relation Name": "title",
                      "Alias": "t",
                      "Startup Cost": 0.0,
                      "Total Cost": 42318.73,
                      "Plan Rows": 632073,
                      "Plan Width": 4,
                      "Actual Startup Time": 0.01,
                      "Actual Total Time": 64.659,
                      "Actual Rows": 505662,
                      "Actual Loops": 5
                    },
                    {
                      "Node Type": "Hash",
                      "Parent Relationship": "Inner",
                      "Parallel Aware": true,
                      "Startup Cost": 31414.82,
                      "Total Cost": 31414.82,
                      "Plan Rows": 318667,
                      "Plan Width": 4,
                      "Actual Startup Time": 128.824,
                      "Actual Total Time": 128.825,
                      "Actual Rows": 137267,
                      "Actual Loops": 5,
                      "Hash Buckets": 1048576,
                      "Original Hash Buckets": 1048576,
                      "Hash Batches": 1,
                      "Original Hash Batches": 1,
                      "Peak Memory Usage": 35136,
                      "Plans": [
                        {
                          "Node Type": "Seq Scan",
                          "Parent Relationship": "Outer",
                          "Parallel Aware": true,
                          "Relation Name": "movie_companies",
                          "Alias": "mc",
                          "Startup Cost": 0.0,
                          "Total Cost": 31414.82,
                          "Plan Rows": 318667,
                          "Plan Width": 4,
                          "Actual Startup Time": 48.374,
                          "Actual Total Time": 80.388,
                          "Actual Rows": 137267,
                          "Actual Loops": 5,
                          "Filter": "((company_id < 49457) AND (company_type_id > 1))",
                          "Rows Removed by Filter": 384559
                        }
                      ]
                    }
                  ]
                }
              ]
            }
          ]
        }
      ]
    },
    "Planning Time": 0.649,
    "Triggers": [],
    "Execution Time": 370.985
  }
]