[
  {
    "Plan": {
      "Node Type": "Aggregate",
      "Strategy": "Plain",
      "Partial Mode": "Finalize",
      "Parallel Aware": false,
      "Startup Cost": 206430.27,
      "Total Cost": 206430.28,
      "Plan Rows": 1,
      "Plan Width": 8,
      "Actual Startup Time": 465.361,
      "Actual Total Time": 499.574,
      "Actual Rows": 1,
      "Actual Loops": 1,
      "Plans": [
        {
          "Node Type": "Gather",
          "Parent Relationship": "Outer",
          "Parallel Aware": false,
          "Startup Cost": 206429.74,
          "Total Cost": 206430.25,
          "Plan Rows": 5,
          "Plan Width": 8,
          "Actual Startup Time": 465.187,
          "Actual Total Time": 499.561,
          "Actual Rows": 6,
          "Actual Loops": 1,
          "Workers Planned": 5,
          "Workers Launched": 5,
          "Single Copy": false,
          "Plans": [
            {
              "Node Type": "Aggregate",
              "Strategy": "Plain",
              "Partial Mode": "Partial",
              "Parent Relationship": "Outer",
              "Parallel Aware": false,
              "Startup Cost": 205429.74,
              "Total Cost": 205429.75,
              "Plan Rows": 1,
              "Plan Width": 8,
              "Actual Startup Time": 459.234,
              "Actual Total Time": 459.235,
              "Actual Rows": 1,
              "Actual Loops": 6,
              "Plans": [
                {
                  "Node Type": "Seq Scan",
                  "Parent Relationship": "Outer",
                  "Parallel Aware": true,
                  "Relation Name": "movie_info",
                  "Alias": "mi",
                  "Startup Cost": 0.0,
                  "Total Cost": 199108.24,
                  "Plan Rows": 2528600,
                  "Plan Width": 0,
                  "Actual Startup Time": 0.04,
                  "Actual Total Time": 367.052,
                  "Actual Rows": 2100312,
                  "Actual Loops": 6,
                  "Filter": "(info_type_id < 17)",
                  "Rows Removed by Filter": 372308
                }
              ]
            }
          ]
        }
      ]
    },
    "Planning Time": 0.109,
    "Triggers": [],
    "Execution Time": 499.605
  }
]