[
  {
    "Plan": {
      "Node Type": "Aggregate",
      "Strategy": "Plain",
      "Partial Mode": "Finalize",
      "Parallel Aware": false,
      "Startup Cost": 332995.52,
      "Total Cost": 332995.53,
      "Plan Rows": 1,
      "Plan Width": 8,
      "Actual Startup Time": 625.973,
      "Actual Total Time": 684.043,
      "Actual Rows": 1,
      "Actual Loops": 1,
      "Plans": [
        {
          "Node Type": "Gather",
          "Parent Relationship": "Outer",
          "Parallel Aware": false,
          "Startup Cost": 332994.9,
          "Total Cost": 332995.51,
          "Plan Rows": 6,
          "Plan Width": 8,
          "Actual Startup Time": 625.828,
          "Actual Total Time": 684.034,
          "Actual Rows": 7,
          "Actual Loops": 1,
          "Workers Planned": 6,
          "Workers Launched": 6,
          "Single Copy": false,
          "Plans": [
            {
              "Node Type": "Aggregate",
              "Strategy": "Plain",
              "Partial Mode": "Partial",
              "Parent Relationship": "Outer",
              "Parallel Aware": false,
              "Startup Cost": 331994.9,
              "Total Cost": 331994.91,
              "Plan Rows": 1,
              "Plan Width": 8,
              "Actual Startup Time": 617.538,
              "Actual Total Time": 617.539,
              "Actual Rows": 1,
              "Actual Loops": 7,
              "Plans": [
                {
                  "Node Type": "Seq Scan",
                  "Parent Relationship": "Outer",
                  "Parallel Aware": true,
                  "Relation Name": "cast_info",
                  "Alias": "ci",
                  "Startup Cost": 0.0,
                  "Total Cost": 328162.03,
                  "Plan Rows": 1533149,
                  "Plan Width": 0,
                  "Actual Startup Time": 311.105,
                  "Actual Total Time": 561.421,
                  "Actual Rows": 1303131,
                  "Actual Loops": 7,
                  "Filter": "(person_id > 2786455)",
                  "Rows Removed by Filter": 3874633
                }
              ]
            }
          ]
        }
      ]
    },
    "Planning Time": 0.205,
    "Triggers": [],
    "Execution Time": 684.121
  }
]