[
    {
        "Bao": {
            "Bao prediction": "NaN",
            "Bao recommended hint": "(no hint)"
        }
    },
    {
        "Plan": {
            "Node Type": "Aggregate",
            "Strategy": "Plain",
            "Partial Mode": "Finalize",
            "Parallel Aware": false,
            "Startup Cost": 32867.9,
            "Total Cost": 32867.91,
            "Plan Rows": 1,
            "Plan Width": 8,
            "Actual Startup Time": 83.104,
            "Actual Total Time": 87.697,
            "Actual Rows": 1,
            "Actual Loops": 1,
            "Output": [
                "count(*)"
            ],
            "Plans": [
                {
                    "Node Type": "Gather",
                    "Parent Relationship": "Outer",
                    "Parallel Aware": false,
                    "Startup Cost": 32867.59,
                    "Total Cost": 32867.9,
                    "Plan Rows": 3,
                    "Plan Width": 8,
                    "Actual Startup Time": 83.011,
                    "Actual Total Time": 87.69,
                    "Actual Rows": 4,
                    "Actual Loops": 1,
                    "Output": [
                        "(PARTIAL count(*))"
                    ],
                    "Workers Planned": 3,
                    "Workers Launched": 3,
                    "Single Copy": false,
                    "Plans": [
                        {
                            "Node Type": "Aggregate",
                            "Strategy": "Plain",
                            "Partial Mode": "Partial",
                            "Parent Relationship": "Outer",
                            "Parallel Aware": false,
                            "Startup Cost": 31867.59,
                            "Total Cost": 31867.6,
                            "Plan Rows": 1,
                            "Plan Width": 8,
                            "Actual Startup Time": 74.867,
                            "Actual Total Time": 74.868,
                            "Actual Rows": 1,
                            "Actual Loops": 4,
                            "Output": [
                                "PARTIAL count(*)"
                            ],
                            "Workers": [
                                {
                                    "Worker Number": 0,
                                    "Actual Startup Time": 72.137,
                                    "Actual Total Time": 72.138,
                                    "Actual Rows": 1,
                                    "Actual Loops": 1
                                },
                                {
                                    "Worker Number": 1,
                                    "Actual Startup Time": 72.547,
                                    "Actual Total Time": 72.548,
                                    "Actual Rows": 1,
                                    "Actual Loops": 1
                                },
                                {
                                    "Worker Number": 2,
                                    "Actual Startup Time": 72.392,
                                    "Actual Total Time": 72.393,
                                    "Actual Rows": 1,
                                    "Actual Loops": 1
                                }
                            ],
                            "Plans": [
                                {
                                    "Node Type": "Seq Scan",
                                    "Parent Relationship": "Outer",
                                    "Parallel Aware": true,
                                    "Relation Name": "movie_companies",
                                    "Schema": "public",
                                    "Alias": "mc",
                                    "Startup Cost": 0.0,
                                    "Total Cost": 31414.82,
                                    "Plan Rows": 181107,
                                    "Plan Width": 0,
                                    "Actual Startup Time": 41.165,
                                    "Actual Total Time": 70.939,
                                    "Actual Rows": 86612,
                                    "Actual Loops": 4,
                                    "Output": [
                                        "id",
                                        "movie_id",
                                        "company_id",
                                        "company_type_id",
                                        "note"
                                    ],
                                    "Filter": "((mc.company_id < 7500) AND (mc.company_type_id > 1))",
                                    "Rows Removed by Filter": 565670,
                                    "Workers": [
                                        {
                                            "Worker Number": 0,
                                            "Actual Startup Time": 38.439,
                                            "Actual Total Time": 68.34,
                                            "Actual Rows": 91020,
                                            "Actual Loops": 1
                                        },
                                        {
                                            "Worker Number": 1,
                                            "Actual Startup Time": 38.84,
                                            "Actual Total Time": 68.642,
                                            "Actual Rows": 57199,
                                            "Actual Loops": 1
                                        },
                                        {
                                            "Worker Number": 2,
                                            "Actual Startup Time": 38.691,
                                            "Actual Total Time": 68.565,
                                            "Actual Rows": 91540,
                                            "Actual Loops": 1
                                        }
                                    ]
                                }
                            ]
                        }
                    ]
                }
            ]
        },
        "Planning Time": 205.772,
        "Triggers": [],
        "Execution Time": 87.777
    }
]