[
    {
        "Bao": {
            "Bao prediction": "NaN",
            "Bao recommended hint": "(no hint)"
        }
    },
    {
        "Plan": {
            "Node Type": "Aggregate",
            "Strategy": "Plain",
            "Partial Mode": "Finalize",
            "Parallel Aware": false,
            "Startup Cost": 346656.4,
            "Total Cost": 346656.41,
            "Plan Rows": 1,
            "Plan Width": 8,
            "Actual Startup Time": 950.351,
            "Actual Total Time": 994.927,
            "Actual Rows": 1,
            "Actual Loops": 1,
            "Output": [
                "count(*)"
            ],
            "Plans": [
                {
                    "Node Type": "Gather",
                    "Parent Relationship": "Outer",
                    "Parallel Aware": false,
                    "Startup Cost": 346655.77,
                    "Total Cost": 346656.38,
                    "Plan Rows": 6,
                    "Plan Width": 8,
                    "Actual Startup Time": 950.251,
                    "Actual Total Time": 994.917,
                    "Actual Rows": 7,
                    "Actual Loops": 1,
                    "Output": [
                        "(PARTIAL count(*))"
                    ],
                    "Workers Planned": 6,
                    "Workers Launched": 6,
                    "Single Copy": false,
                    "Plans": [
                        {
                            "Node Type": "Aggregate",
                            "Strategy": "Plain",
                            "Partial Mode": "Partial",
                            "Parent Relationship": "Outer",
                            "Parallel Aware": false,
                            "Startup Cost": 345655.77,
                            "Total Cost": 345655.78,
                            "Plan Rows": 1,
                            "Plan Width": 8,
                            "Actual Startup Time": 940.109,
                            "Actual Total Time": 940.11,
                            "Actual Rows": 1,
                            "Actual Loops": 7,
                            "Output": [
                                "PARTIAL count(*)"
                            ],
                            "Workers": [
                                {
                                    "Worker Number": 0,
                                    "Actual Startup Time": 937.631,
                                    "Actual Total Time": 937.633,
                                    "Actual Rows": 1,
                                    "Actual Loops": 1
                                },
                                {
                                    "Worker Number": 1,
                                    "Actual Startup Time": 938.089,
                                    "Actual Total Time": 938.09,
                                    "Actual Rows": 1,
                                    "Actual Loops": 1
                                },
                                {
                                    "Worker Number": 2,
                                    "Actual Startup Time": 938.386,
                                    "Actual Total Time": 938.388,
                                    "Actual Rows": 1,
                                    "Actual Loops": 1
                                },
                                {
                                    "Worker Number": 3,
                                    "Actual Startup Time": 938.789,
                                    "Actual Total Time": 938.79,
                                    "Actual Rows": 1,
                                    "Actual Loops": 1
                                },
                                {
                                    "Worker Number": 4,
                                    "Actual Startup Time": 939.156,
                                    "Actual Total Time": 939.156,
                                    "Actual Rows": 1,
                                    "Actual Loops": 1
                                },
                                {
                                    "Worker Number": 5,
                                    "Actual Startup Time": 939.207,
                                    "Actual Total Time": 939.208,
                                    "Actual Rows": 1,
                                    "Actual Loops": 1
                                }
                            ],
                            "Plans": [
                                {
                                    "Node Type": "Seq Scan",
                                    "Parent Relationship": "Outer",
                                    "Parallel Aware": true,
                                    "Relation Name": "cast_info",
                                    "Schema": "public",
                                    "Alias": "ci",
                                    "Startup Cost": 0.0,
                                    "Total Cost": 343318.94,
                                    "Plan Rows": 934732,
                                    "Plan Width": 0,
                                    "Actual Startup Time": 435.551,
                                    "Actual Total Time": 841.02,
                                    "Actual Rows": 1498372,
                                    "Actual Loops": 7,
                                    "Output": [
                                        "id",
                                        "person_id",
                                        "movie_id",
                                        "person_role_id",
                                        "note",
                                        "nr_order",
                                        "role_id"
                                    ],
                                    "Filter": "((ci.person_id > 2394030) AND (ci.role_id > 2))",
                                    "Rows Removed by Filter": 3679392,
                                    "Workers": [
                                        {
                                            "Worker Number": 0,
                                            "Actual Startup Time": 433.082,
                                            "Actual Total Time": 840.267,
                                            "Actual Rows": 1459098,
                                            "Actual Loops": 1
                                        },
                                        {
                                            "Worker Number": 1,
                                            "Actual Startup Time": 433.555,
                                            "Actual Total Time": 841.665,
                                            "Actual Rows": 1447390,
                                            "Actual Loops": 1
                                        },
                                        {
                                            "Worker Number": 2,
                                            "Actual Startup Time": 433.796,
                                            "Actual Total Time": 841.762,
                                            "Actual Rows": 1447935,
                                            "Actual Loops": 1
                                        },
                                        {
                                            "Worker Number": 3,
                                            "Actual Startup Time": 434.258,
                                            "Actual Total Time": 843.041,
                                            "Actual Rows": 1437237,
                                            "Actual Loops": 1
                                        },
                                        {
                                            "Worker Number": 4,
                                            "Actual Startup Time": 434.581,
                                            "Actual Total Time": 843.066,
                                            "Actual Rows": 1438103,
                                            "Actual Loops": 1
                                        },
                                        {
                                            "Worker Number": 5,
                                            "Actual Startup Time": 434.654,
                                            "Actual Total Time": 841.867,
                                            "Actual Rows": 1458259,
                                            "Actual Loops": 1
                                        }
                                    ]
                                }
                            ]
                        }
                    ]
                }
            ]
        },
        "Planning Time": 306.091,
        "Triggers": [],
        "Execution Time": 995.01
    }
]