[
  {
    "Plan": {
      "Node Type": "Aggregate",
      "Strategy": "Plain",
      "Partial Mode": "Finalize",
      "Parallel Aware": false,
      "Startup Cost": 30855.13,
      "Total Cost": 30855.14,
      "Plan Rows": 1,
      "Plan Width": 8,
      "Actual Startup Time": 80.557,
      "Actual Total Time": 88.23,
      "Actual Rows": 1,
      "Actual Loops": 1,
      "Plans": [
        {
          "Node Type": "Gather",
          "Parent Relationship": "Outer",
          "Parallel Aware": false,
          "Startup Cost": 30854.81,
          "Total Cost": 30855.12,
          "Plan Rows": 3,
          "Plan Width": 8,
          "Actual Startup Time": 80.431,
          "Actual Total Time": 88.224,
          "Actual Rows": 4,
          "Actual Loops": 1,
          "Workers Planned": 3,
          "Workers Launched": 3,
          "Single Copy": false,
          "Plans": [
            {
              "Node Type": "Aggregate",
              "Strategy": "Plain",
              "Partial Mode": "Partial",
              "Parent Relationship": "Outer",
              "Parallel Aware": false,
              "Startup Cost": 29854.81,
              "Total Cost": 29854.82,
              "Plan Rows": 1,
              "Plan Width": 8,
              "Actual Startup Time": 76.608,
              "Actual Total Time": 76.609,
              "Actual Rows": 1,
              "Actual Loops": 4,
              "Plans": [
                {
                  "Node Type": "Seq Scan",
                  "Parent Relationship": "Outer",
                  "Parallel Aware": true,
                  "Relation Name": "movie_companies",
                  "Alias": "mc",
                  "Startup Cost": 0.0,
                  "Total Cost": 29310.68,
                  "Plan Rows": 217652,
                  "Plan Width": 0,
                  "Actual Startup Time": 23.733,
                  "Actual Total Time": 68.715,
                  "Actual Rows": 167231,
                  "Actual Loops": 4,
                  "Filter": "(company_id > 50752)",
                  "Rows Removed by Filter": 485052
                }
              ]
            }
          ]
        }
      ]
    },
    "Planning Time": 0.098,
    "Triggers": [],
    "Execution Time": 88.259
  }
]