[
  {
    "Plan": {
      "Node Type": "Aggregate",
      "Strategy": "Plain",
      "Partial Mode": "Finalize",
      "Parallel Aware": false,
      "Startup Cost": 32856.73,
      "Total Cost": 32856.74,
      "Plan Rows": 1,
      "Plan Width": 8,
      "Actual Startup Time": 87.486,
      "Actual Total Time": 95.172,
      "Actual Rows": 1,
      "Actual Loops": 1,
      "Plans": [
        {
          "Node Type": "Gather",
          "Parent Relationship": "Outer",
          "Parallel Aware": false,
          "Startup Cost": 32856.41,
          "Total Cost": 32856.72,
          "Plan Rows": 3,
          "Plan Width": 8,
          "Actual Startup Time": 87.38,
          "Actual Total Time": 95.163,
          "Actual Rows": 4,
          "Actual Loops": 1,
          "Workers Planned": 3,
          "Workers Launched": 3,
          "Single Copy": false,
          "Plans": [
            {
              "Node Type": "Aggregate",
              "Strategy": "Plain",
              "Partial Mode": "Partial",
              "Parent Relationship": "Outer",
              "Parallel Aware": false,
              "Startup Cost": 31856.41,
              "Total Cost": 31856.42,
              "Plan Rows": 1,
              "Plan Width": 8,
              "Actual Startup Time": 79.835,
              "Actual Total Time": 79.836,
              "Actual Rows": 1,
              "Actual Loops": 4,
              "Plans": [
                {
                  "Node Type": "Seq Scan",
                  "Parent Relationship": "Outer",
                  "Parallel Aware": true,
                  "Relation Name": "movie_companies",
                  "Alias": "mc",
                  "Startup Cost": 0.0,
                  "Total Cost": 31414.82,
                  "Plan Rows": 176636,
                  "Plan Width": 0,
                  "Actual Startup Time": 23.557,
                  "Actual Total Time": 76.639,
                  "Actual Rows": 64812,
                  "Actual Loops": 4,
                  "Filter": "((company_id > 13792) AND (company_type_id = 1))",
                  "Rows Removed by Filter": 587470
                }
              ]
            }
          ]
        }
      ]
    },
    "Planning Time": 0.217,
    "Triggers": [],
    "Execution Time": 95.229
  }
]