[
  {
    "Plan": {
      "Node Type": "Aggregate",
      "Strategy": "Plain",
      "Partial Mode": "Finalize",
      "Parallel Aware": false,
      "Startup Cost": 46917.33,
      "Total Cost": 46917.34,
      "Plan Rows": 1,
      "Plan Width": 8,
      "Actual Startup Time": 168.943,
      "Actual Total Time": 178.621,
      "Actual Rows": 1,
      "Actual Loops": 1,
      "Plans": [
        {
          "Node Type": "Gather",
          "Parent Relationship": "Outer",
          "Parallel Aware": false,
          "Startup Cost": 46917.01,
          "Total Cost": 46917.32,
          "Plan Rows": 3,
          "Plan Width": 8,
          "Actual Startup Time": 168.837,
          "Actual Total Time": 178.613,
          "Actual Rows": 4,
          "Actual Loops": 1,
          "Workers Planned": 3,
          "Workers Launched": 3,
          "Single Copy": false,
          "Plans": [
            {
              "Node Type": "Aggregate",
              "Strategy": "Plain",
              "Partial Mode": "Partial",
              "Parent Relationship": "Outer",
              "Parallel Aware": false,
              "Startup Cost": 45917.01,
              "Total Cost": 45917.02,
              "Plan Rows": 1,
              "Plan Width": 8,
              "Actual Startup Time": 163.254,
              "Actual Total Time": 163.255,
              "Actual Rows": 1,
              "Actual Loops": 4,
              "Plans": [
                {
                  "Node Type": "Seq Scan",
                  "Parent Relationship": "Outer",
                  "Parallel Aware": true,
                  "Relation Name": "movie_keyword",
                  "Alias": "mk",
                  "Startup Cost": 0.0,
                  "Total Cost": 42695.65,
                  "Plan Rows": 1288544,
                  "Plan Width": 0,
                  "Actual Startup Time": 0.047,
                  "Actual Total Time": 120.111,
                  "Actual Rows": 1002550,
                  "Actual Loops": 4,
                  "Filter": "(keyword_id < 35271)",
                  "Rows Removed by Filter": 128432
                }
              ]
            }
          ]
        }
      ]
    },
    "Planning Time": 0.174,
    "Triggers": [],
    "Execution Time": 178.675
  }
]