[
    {
        "Bao": {
            "Bao prediction": "NaN",
            "Bao recommended hint": "(no hint)"
        }
    },
    {
        "Plan": {
            "Node Type": "Aggregate",
            "Strategy": "Plain",
            "Partial Mode": "Finalize",
            "Parallel Aware": false,
            "Startup Cost": 33304.23,
            "Total Cost": 33304.24,
            "Plan Rows": 1,
            "Plan Width": 8,
            "Actual Startup Time": 92.253,
            "Actual Total Time": 98.17,
            "Actual Rows": 1,
            "Actual Loops": 1,
            "Output": [
                "count(*)"
            ],
            "Plans": [
                {
                    "Node Type": "Gather",
                    "Parent Relationship": "Outer",
                    "Parallel Aware": false,
                    "Startup Cost": 33303.91,
                    "Total Cost": 33304.22,
                    "Plan Rows": 3,
                    "Plan Width": 8,
                    "Actual Startup Time": 92.16,
                    "Actual Total Time": 98.162,
                    "Actual Rows": 4,
                    "Actual Loops": 1,
                    "Output": [
                        "(PARTIAL count(*))"
                    ],
                    "Workers Planned": 3,
                    "Workers Launched": 3,
                    "Single Copy": false,
                    "Plans": [
                        {
                            "Node Type": "Aggregate",
                            "Strategy": "Plain",
                            "Partial Mode": "Partial",
                            "Parent Relationship": "Outer",
                            "Parallel Aware": false,
                            "Startup Cost": 32303.91,
                            "Total Cost": 32303.92,
                            "Plan Rows": 1,
                            "Plan Width": 8,
                            "Actual Startup Time": 84.228,
                            "Actual Total Time": 84.229,
                            "Actual Rows": 1,
                            "Actual Loops": 4,
                            "Output": [
                                "PARTIAL count(*)"
                            ],
                            "Workers": [
                                {
                                    "Worker Number": 0,
                                    "Actual Startup Time": 81.401,
                                    "Actual Total Time": 81.402,
                                    "Actual Rows": 1,
                                    "Actual Loops": 1
                                },
                                {
                                    "Worker Number": 1,
                                    "Actual Startup Time": 81.598,
                                    "Actual Total Time": 81.599,
                                    "Actual Rows": 1,
                                    "Actual Loops": 1
                                },
                                {
                                    "Worker Number": 2,
                                    "Actual Startup Time": 82.014,
                                    "Actual Total Time": 82.015,
                                    "Actual Rows": 1,
                                    "Actual Loops": 1
                                }
                            ],
                            "Plans": [
                                {
                                    "Node Type": "Seq Scan",
                                    "Parent Relationship": "Outer",
                                    "Parallel Aware": true,
                                    "Relation Name": "movie_companies",
                                    "Schema": "public",
                                    "Alias": "mc",
                                    "Startup Cost": 0.0,
                                    "Total Cost": 31414.82,
                                    "Plan Rows": 355638,
                                    "Plan Width": 0,
                                    "Actual Startup Time": 42.39,
                                    "Actual Total Time": 75.446,
                                    "Actual Rows": 221167,
                                    "Actual Loops": 4,
                                    "Output": [
                                        "id",
                                        "movie_id",
                                        "company_id",
                                        "company_type_id",
                                        "note"
                                    ],
                                    "Filter": "((mc.company_id < 77333) AND (mc.company_type_id = 2))",
                                    "Rows Removed by Filter": 431116,
                                    "Workers": [
                                        {
                                            "Worker Number": 0,
                                            "Actual Startup Time": 39.551,
                                            "Actual Total Time": 72.785,
                                            "Actual Rows": 211909,
                                            "Actual Loops": 1
                                        },
                                        {
                                            "Worker Number": 1,
                                            "Actual Startup Time": 39.768,
                                            "Actual Total Time": 73.012,
                                            "Actual Rows": 211191,
                                            "Actual Loops": 1
                                        },
                                        {
                                            "Worker Number": 2,
                                            "Actual Startup Time": 40.178,
                                            "Actual Total Time": 73.433,
                                            "Actual Rows": 211220,
                                            "Actual Loops": 1
                                        }
                                    ]
                                }
                            ]
                        }
                    ]
                }
            ]
        },
        "Planning Time": 212.829,
        "Triggers": [],
        "Execution Time": 98.217
    }
]