[
    {
        "Bao": {
            "Bao prediction": "NaN",
            "Bao recommended hint": "(no hint)"
        }
    },
    {
        "Plan": {
            "Node Type": "Aggregate",
            "Strategy": "Plain",
            "Partial Mode": "Finalize",
            "Parallel Aware": false,
            "Startup Cost": 275452.04,
            "Total Cost": 275452.05,
            "Plan Rows": 1,
            "Plan Width": 8,
            "Actual Startup Time": 44.92,
            "Actual Total Time": 47.723,
            "Actual Rows": 1,
            "Actual Loops": 1,
            "Output": [
                "count(*)"
            ],
            "Plans": [
                {
                    "Node Type": "Gather",
                    "Parent Relationship": "Outer",
                    "Parallel Aware": false,
                    "Startup Cost": 275451.52,
                    "Total Cost": 275452.03,
                    "Plan Rows": 5,
                    "Plan Width": 8,
                    "Actual Startup Time": 44.608,
                    "Actual Total Time": 47.716,
                    "Actual Rows": 6,
                    "Actual Loops": 1,
                    "Output": [
                        "(PARTIAL count(*))"
                    ],
                    "Workers Planned": 5,
                    "Workers Launched": 5,
                    "Single Copy": false,
                    "Plans": [
                        {
                            "Node Type": "Aggregate",
                            "Strategy": "Plain",
                            "Partial Mode": "Partial",
                            "Parent Relationship": "Outer",
                            "Parallel Aware": false,
                            "Startup Cost": 274451.52,
                            "Total Cost": 274451.53,
                            "Plan Rows": 1,
                            "Plan Width": 8,
                            "Actual Startup Time": 34.799,
                            "Actual Total Time": 34.8,
                            "Actual Rows": 1,
                            "Actual Loops": 6,
                            "Output": [
                                "PARTIAL count(*)"
                            ],
                            "Workers": [
                                {
                                    "Worker Number": 0,
                                    "Actual Startup Time": 32.358,
                                    "Actual Total Time": 32.359,
                                    "Actual Rows": 1,
                                    "Actual Loops": 1
                                },
                                {
                                    "Worker Number": 1,
                                    "Actual Startup Time": 32.453,
                                    "Actual Total Time": 32.455,
                                    "Actual Rows": 1,
                                    "Actual Loops": 1
                                },
                                {
                                    "Worker Number": 2,
                                    "Actual Startup Time": 33.023,
                                    "Actual Total Time": 33.024,
                                    "Actual Rows": 1,
                                    "Actual Loops": 1
                                },
                                {
                                    "Worker Number": 3,
                                    "Actual Startup Time": 33.056,
                                    "Actual Total Time": 33.057,
                                    "Actual Rows": 1,
                                    "Actual Loops": 1
                                },
                                {
                                    "Worker Number": 4,
                                    "Actual Startup Time": 33.585,
                                    "Actual Total Time": 33.587,
                                    "Actual Rows": 1,
                                    "Actual Loops": 1
                                }
                            ],
                            "Plans": [
                                {
                                    "Node Type": "Bitmap Heap Scan",
                                    "Parent Relationship": "Outer",
                                    "Parallel Aware": true,
                                    "Relation Name": "cast_info",
                                    "Schema": "public",
                                    "Alias": "ci",
                                    "Startup Cost": 8240.5,
                                    "Total Cost": 274264.94,
                                    "Plan Rows": 74631,
                                    "Plan Width": 0,
                                    "Actual Startup Time": 6.996,
                                    "Actual Total Time": 29.124,
                                    "Actual Rows": 63256,
                                    "Actual Loops": 6,
                                    "Recheck Cond": "(ci.person_id < 43478)",
                                    "Rows Removed by Index Recheck": 0,
                                    "Exact Heap Blocks": 1966,
                                    "Lossy Heap Blocks": 0,
                                    "Workers": [
                                        {
                                            "Worker Number": 0,
                                            "Actual Startup Time": 4.69,
                                            "Actual Total Time": 26.992,
                                            "Actual Rows": 41982,
                                            "Actual Loops": 1
                                        },
                                        {
                                            "Worker Number": 1,
                                            "Actual Startup Time": 4.697,
                                            "Actual Total Time": 27.21,
                                            "Actual Rows": 40196,
                                            "Actual Loops": 1
                                        },
                                        {
                                            "Worker Number": 2,
                                            "Actual Startup Time": 5.312,
                                            "Actual Total Time": 27.361,
                                            "Actual Rows": 42277,
                                            "Actual Loops": 1
                                        },
                                        {
                                            "Worker Number": 3,
                                            "Actual Startup Time": 5.326,
                                            "Actual Total Time": 27.887,
                                            "Actual Rows": 39556,
                                            "Actual Loops": 1
                                        },
                                        {
                                            "Worker Number": 4,
                                            "Actual Startup Time": 5.722,
                                            "Actual Total Time": 28.061,
                                            "Actual Rows": 38072,
                                            "Actual Loops": 1
                                        }
                                    ],
                                    "Plans": [
                                        {
                                            "Node Type": "Bitmap Index Scan",
                                            "Parent Relationship": "Outer",
                                            "Parallel Aware": false,
                                            "Index Name": "person_id_cast_info",
                                            "Startup Cost": 0.0,
                                            "Total Cost": 8147.21,
                                            "Plan Rows": 373153,
                                            "Plan Width": 0,
                                            "Actual Startup Time": 15.667,
                                            "Actual Total Time": 15.667,
                                            "Actual Rows": 379539,
                                            "Actual Loops": 1,
                                            "Index Cond": "(ci.person_id < 43478)"
                                        }
                                    ]
                                }
                            ]
                        }
                    ]
                }
            ]
        },
        "Planning Time": 198.364,
        "Triggers": [],
        "Execution Time": 47.769
    }
]