[
  {
    "Plan": {
      "Node Type": "Aggregate",
      "Strategy": "Plain",
      "Partial Mode": "Finalize",
      "Parallel Aware": false,
      "Startup Cost": 46519.66,
      "Total Cost": 46519.67,
      "Plan Rows": 1,
      "Plan Width": 8,
      "Actual Startup Time": 205.767,
      "Actual Total Time": 217.959,
      "Actual Rows": 1,
      "Actual Loops": 1,
      "Plans": [
        {
          "Node Type": "Gather",
          "Parent Relationship": "Outer",
          "Parallel Aware": false,
          "Startup Cost": 46519.34,
          "Total Cost": 46519.65,
          "Plan Rows": 3,
          "Plan Width": 8,
          "Actual Startup Time": 205.445,
          "Actual Total Time": 217.948,
          "Actual Rows": 4,
          "Actual Loops": 1,
          "Workers Planned": 3,
          "Workers Launched": 3,
          "Single Copy": false,
          "Plans": [
            {
              "Node Type": "Aggregate",
              "Strategy": "Plain",
              "Partial Mode": "Partial",
              "Parent Relationship": "Outer",
              "Parallel Aware": false,
              "Startup Cost": 45519.34,
              "Total Cost": 45519.35,
              "Plan Rows": 1,
              "Plan Width": 8,
              "Actual Startup Time": 196.834,
              "Actual Total Time": 196.836,
              "Actual Rows": 1,
              "Actual Loops": 4,
              "Plans": [
                {
                  "Node Type": "Seq Scan",
                  "Parent Relationship": "Outer",
                  "Parallel Aware": true,
                  "Relation Name": "movie_keyword",
                  "Alias": "mk",
                  "Startup Cost": 0.0,
                  "Total Cost": 42695.65,
                  "Plan Rows": 1129474,
                  "Plan Width": 0,
                  "Actual Startup Time": 0.101,
                  "Actual Total Time": 147.845,
                  "Actual Rows": 874944,
                  "Actual Loops": 4,
                  "Filter": "(keyword_id > 1001)",
                  "Rows Removed by Filter": 256039
                }
              ]
            }
          ]
        }
      ]
    },
    "Planning Time": 0.098,
    "Triggers": [],
    "Execution Time": 217.997
  }
]