[
  {
    "Plan": {
      "Node Type": "Aggregate",
      "Strategy": "Plain",
      "Partial Mode": "Finalize",
      "Parallel Aware": false,
      "Startup Cost": 46522.65,
      "Total Cost": 46522.66,
      "Plan Rows": 1,
      "Plan Width": 8,
      "Actual Startup Time": 188.101,
      "Actual Total Time": 200.976,
      "Actual Rows": 1,
      "Actual Loops": 1,
      "Plans": [
        {
          "Node Type": "Gather",
          "Parent Relationship": "Outer",
          "Parallel Aware": false,
          "Startup Cost": 46522.33,
          "Total Cost": 46522.64,
          "Plan Rows": 3,
          "Plan Width": 8,
          "Actual Startup Time": 187.981,
          "Actual Total Time": 200.968,
          "Actual Rows": 4,
          "Actual Loops": 1,
          "Workers Planned": 3,
          "Workers Launched": 3,
          "Single Copy": false,
          "Plans": [
            {
              "Node Type": "Aggregate",
              "Strategy": "Plain",
              "Partial Mode": "Partial",
              "Parent Relationship": "Outer",
              "Parallel Aware": false,
              "Startup Cost": 45522.33,
              "Total Cost": 45522.34,
              "Plan Rows": 1,
              "Plan Width": 8,
              "Actual Startup Time": 182.373,
              "Actual Total Time": 182.374,
              "Actual Rows": 1,
              "Actual Loops": 4,
              "Plans": [
                {
                  "Node Type": "Seq Scan",
                  "Parent Relationship": "Outer",
                  "Parallel Aware": true,
                  "Relation Name": "movie_keyword",
                  "Alias": "mk",
                  "Startup Cost": 0.0,
                  "Total Cost": 42695.65,
                  "Plan Rows": 1130671,
                  "Plan Width": 0,
                  "Actual Startup Time": 0.116,
                  "Actual Total Time": 137.165,
                  "Actual Rows": 874944,
                  "Actual Loops": 4,
                  "Filter": "(keyword_id > 1001)",
                  "Rows Removed by Filter": 256039
                }
              ]
            }
          ]
        }
      ]
    },
    "Planning Time": 0.156,
    "Triggers": [],
    "Execution Time": 201.024
  }
]