{
  "Plan": {
    "Node Type": "Aggregate",
    "Strategy": "Plain",
    "Partial Mode": "Finalize",
    "Parallel Aware": false,
    "Startup Cost": 86733.96,
    "Total Cost": 86733.97,
    "Plan Rows": 1,
    "Plan Width": 8,
    "Actual Startup Time": 241.008,
    "Actual Total Time": 249.387,
    "Actual Rows": 1,
    "Actual Loops": 1,
    "Plans": [
      {
        "Node Type": "Gather",
        "Parent Relationship": "Outer",
        "Parallel Aware": false,
        "Startup Cost": 86733.85,
        "Total Cost": 86733.96,
        "Plan Rows": 1,
        "Plan Width": 8,
        "Actual Startup Time": 240.25,
        "Actual Total Time": 249.382,
        "Actual Rows": 2,
        "Actual Loops": 1,
        "Workers Planned": 1,
        "Workers Launched": 1,
        "Single Copy": false,
        "Plans": [
          {
            "Node Type": "Aggregate",
            "Strategy": "Plain",
            "Partial Mode": "Partial",
            "Parent Relationship": "Outer",
            "Parallel Aware": false,
            "Startup Cost": 85733.85,
            "Total Cost": 85733.86,
            "Plan Rows": 1,
            "Plan Width": 8,
            "Actual Startup Time": 234.03,
            "Actual Total Time": 234.034,
            "Actual Rows": 1,
            "Actual Loops": 2,
            "Plans": [
              {
                "Node Type": "Hash Join",
                "Parent Relationship": "Outer",
                "Parallel Aware": true,
                "Join Type": "Inner",
                "Startup Cost": 59233.55,
                "Total Cost": 85721.46,
                "Plan Rows": 4955,
                "Plan Width": 0,
                "Actual Startup Time": 162.165,
                "Actual Total Time": 232.658,
                "Actual Rows": 26688,
                "Actual Loops": 2,
                "Inner Unique": true,
                "Hash Cond": "(mk.movie_id = t.id)",
                "Plans": [
                  {
                    "Node Type": "Bitmap Heap Scan",
                    "Parent Relationship": "Outer",
                    "Parallel Aware": true,
                    "Relation Name": "movie_keyword",
                    "Alias": "mk",
                    "Startup Cost": 4852.12,
                    "Total Cost": 30987.04,
                    "Plan Rows": 134474,
                    "Plan Width": 4,
                    "Actual Startup Time": 16.203,
                    "Actual Total Time": 67.817,
                    "Actual Rows": 109434,
                    "Actual Loops": 2,
                    "Recheck Cond": "(keyword_id > 64990)",
                    "Rows Removed by Index Recheck": 0,
                    "Exact Heap Blocks": 12648,
                    "Lossy Heap Blocks": 0,
                    "Plans": [
                      {
                        "Node Type": "Bitmap Index Scan",
                        "Parent Relationship": "Outer",
                        "Parallel Aware": false,
                        "Index Name": "keyword_id_movie_keyword",
                        "Startup Cost": 0.0,
                        "Total Cost": 4794.97,
                        "Plan Rows": 228605,
                        "Plan Width": 0,
                        "Actual Startup Time": 13.043,
                        "Actual Total Time": 13.044,
                        "Actual Rows": 218867,
                        "Actual Loops": 1,
                        "Index Cond": "(keyword_id > 64990)"
                      }
                    ]
                  },
                  {
                    "Node Type": "Hash",
                    "Parent Relationship": "Inner",
                    "Parallel Aware": true,
                    "Startup Cost": 53696.4,
                    "Total Cost": 53696.4,
                    "Plan Rows": 54802,
                    "Plan Width": 4,
                    "Actual Startup Time": 140.178,
                    "Actual Total Time": 140.179,
                    "Actual Rows": 113228,
                    "Actual Loops": 2,
                    "Hash Buckets": 262144,
                    "Original Hash Buckets": 131072,
                    "Hash Batches": 1,
                    "Original Hash Batches": 1,
                    "Peak Memory Usage": 11968,
                    "Plans": [
                      {
                        "Node Type": "Bitmap Heap Scan",
                        "Parent Relationship": "Outer",
                        "Parallel Aware": true,
                        "Relation Name": "title",
                        "Alias": "t",
                        "Startup Cost": 11846.14,
                        "Total Cost": 53696.4,
                        "Plan Rows": 54802,
                        "Plan Width": 4,
                        "Actual Startup Time": 39.1,
                        "Actual Total Time": 106.393,
                        "Actual Rows": 113228,
                        "Actual Loops": 2,
                        "Recheck Cond": "(kind_id = 1)",
                        "Rows Removed by Index Recheck": 0,
                        "Filter": "(production_year < 1970)",
                        "Rows Removed by Filter": 218184,
                        "Exact Heap Blocks": 8386,
                        "Lossy Heap Blocks": 0,
                        "Plans": [
                          {
                            "Node Type": "Bitmap Index Scan",
                            "Parent Relationship": "Outer",
                            "Parallel Aware": false,
                            "Index Name": "kind_id_title",
                            "Startup Cost": 0.0,
                            "Total Cost": 11822.85,
                            "Plan Rows": 663256,
                            "Plan Width": 0,
                            "Actual Startup Time": 40.657,
                            "Actual Total Time": 40.658,
                            "Actual Rows": 662825,
                            "Actual Loops": 1,
                            "Index Cond": "(kind_id = 1)"
                          }
                        ]
                      }
                    ]
                  }
                ]
              }
            ]
          }
        ]
      }
    ]
  },
  "Planning Time": 0.462,
  "Triggers": [],
  "Execution Time": 249.485
}