[
  {
    "Plan": {
      "Node Type": "Aggregate",
      "Strategy": "Plain",
      "Partial Mode": "Simple",
      "Parallel Aware": false,
      "Startup Cost": 169536.66,
      "Total Cost": 169536.67,
      "Plan Rows": 1,
      "Plan Width": 8,
      "Actual Startup Time": 51.899,
      "Actual Total Time": 51.9,
      "Actual Rows": 1,
      "Actual Loops": 1,
      "Plans": [
        {
          "Node Type": "Bitmap Heap Scan",
          "Parent Relationship": "Outer",
          "Parallel Aware": false,
          "Relation Name": "movie_info",
          "Alias": "mi",
          "Startup Cost": 2647.66,
          "Total Cost": 169170.46,
          "Plan Rows": 146481,
          "Plan Width": 0,
          "Actual Startup Time": 17.125,
          "Actual Total Time": 43.163,
          "Actual Rows": 147487,
          "Actual Loops": 1,
          "Recheck Cond": "(info_type_id = 107)",
          "Rows Removed by Index Recheck": 0,
          "Exact Heap Blocks": 4756,
          "Lossy Heap Blocks": 0,
          "Plans": [
            {
              "Node Type": "Bitmap Index Scan",
              "Parent Relationship": "Outer",
              "Parallel Aware": false,
              "Index Name": "info_type_id_movie_info",
              "Startup Cost": 0.0,
              "Total Cost": 2611.04,
              "Plan Rows": 146481,
              "Plan Width": 0,
              "Actual Startup Time": 15.56,
              "Actual Total Time": 15.56,
              "Actual Rows": 147487,
              "Actual Loops": 1,
              "Index Cond": "(info_type_id = 107)"
            }
          ]
        }
      ]
    },
    "Planning Time": 0.166,
    "Triggers": [],
    "Execution Time": 51.956
  }
]