[
  {
    "Plan": {
      "Node Type": "Aggregate",
      "Strategy": "Plain",
      "Partial Mode": "Finalize",
      "Parallel Aware": false,
      "Startup Cost": 46631.07,
      "Total Cost": 46631.08,
      "Plan Rows": 1,
      "Plan Width": 8,
      "Actual Startup Time": 113.97,
      "Actual Total Time": 127.46,
      "Actual Rows": 1,
      "Actual Loops": 1,
      "Plans": [
        {
          "Node Type": "Gather",
          "Parent Relationship": "Outer",
          "Parallel Aware": false,
          "Startup Cost": 46630.65,
          "Total Cost": 46631.06,
          "Plan Rows": 4,
          "Plan Width": 8,
          "Actual Startup Time": 113.679,
          "Actual Total Time": 127.45,
          "Actual Rows": 5,
          "Actual Loops": 1,
          "Workers Planned": 4,
          "Workers Launched": 4,
          "Single Copy": false,
          "Plans": [
            {
              "Node Type": "Aggregate",
              "Strategy": "Plain",
              "Partial Mode": "Partial",
              "Parent Relationship": "Outer",
              "Parallel Aware": false,
              "Startup Cost": 45630.65,
              "Total Cost": 45630.66,
              "Plan Rows": 1,
              "Plan Width": 8,
              "Actual Startup Time": 104.059,
              "Actual Total Time": 104.06,
              "Actual Rows": 1,
              "Actual Loops": 5,
              "Plans": [
                {
                  "Node Type": "Seq Scan",
                  "Parent Relationship": "Outer",
                  "Parallel Aware": true,
                  "Relation Name": "title",
                  "Alias": "t",
                  "Startup Cost": 0.0,
                  "Total Cost": 45479.59,
                  "Plan Rows": 60425,
                  "Plan Width": 0,
                  "Actual Startup Time": 0.091,
                  "Actual Total Time": 99.314,
                  "Actual Rows": 77983,
                  "Actual Loops": 5,
                  "Filter": "((kind_id < 4) AND (production_year < 1992))",
                  "Rows Removed by Filter": 427679
                }
              ]
            }
          ]
        }
      ]
    },
    "Planning Time": 0.189,
    "Triggers": [],
    "Execution Time": 127.519
  }
]