{
  "Plan": {
    "Node Type": "Aggregate",
    "Strategy": "Plain",
    "Partial Mode": "Finalize",
    "Parallel Aware": false,
    "Startup Cost": 401831.5,
    "Total Cost": 401831.51,
    "Plan Rows": 1,
    "Plan Width": 8,
    "Actual Startup Time": 3045.967,
    "Actual Total Time": 3110.505,
    "Actual Rows": 1,
    "Actual Loops": 1,
    "Plans": [
      {
        "Node Type": "Gather",
        "Parent Relationship": "Outer",
        "Parallel Aware": false,
        "Startup Cost": 401831.39,
        "Total Cost": 401831.5,
        "Plan Rows": 1,
        "Plan Width": 8,
        "Actual Startup Time": 3042.785,
        "Actual Total Time": 3110.494,
        "Actual Rows": 2,
        "Actual Loops": 1,
        "Workers Planned": 1,
        "Workers Launched": 1,
        "Single Copy": false,
        "Plans": [
          {
            "Node Type": "Aggregate",
            "Strategy": "Plain",
            "Partial Mode": "Partial",
            "Parent Relationship": "Outer",
            "Parallel Aware": false,
            "Startup Cost": 400831.39,
            "Total Cost": 400831.4,
            "Plan Rows": 1,
            "Plan Width": 8,
            "Actual Startup Time": 3035.004,
            "Actual Total Time": 3035.313,
            "Actual Rows": 1,
            "Actual Loops": 2,
            "Plans": [
              {
                "Node Type": "Hash Join",
                "Parent Relationship": "Outer",
                "Parallel Aware": true,
                "Join Type": "Inner",
                "Startup Cost": 113813.23,
                "Total Cost": 399205.53,
                "Plan Rows": 650342,
                "Plan Width": 0,
                "Actual Startup Time": 527.37,
                "Actual Total Time": 2687.334,
                "Actual Rows": 8395160,
                "Actual Loops": 2,
                "Inner Unique": false,
                "Hash Cond": "(mi.movie_id = t.id)",
                "Plans": [
                  {
                    "Node Type": "Seq Scan",
                    "Parent Relationship": "Outer",
                    "Parallel Aware": true,
                    "Relation Name": "movie_info",
                    "Alias": "mi",
                    "Startup Cost": 0.0,
                    "Total Cost": 248955.74,
                    "Plan Rows": 8696274,
                    "Plan Width": 4,
                    "Actual Startup Time": 0.018,
                    "Actual Total Time": 671.948,
                    "Actual Rows": 7417860,
                    "Actual Loops": 2
                  },
                  {
                    "Node Type": "Hash",
                    "Parent Relationship": "Inner",
                    "Parallel Aware": true,
                    "Startup Cost": 112422.97,
                    "Total Cost": 112422.97,
                    "Plan Rows": 111221,
                    "Plan Width": 8,
                    "Actual Startup Time": 522.715,
                    "Actual Total Time": 523.023,
                    "Actual Rows": 161518,
                    "Actual Loops": 2,
                    "Hash Buckets": 524288,
                    "Original Hash Buckets": 262144,
                    "Hash Batches": 1,
                    "Original Hash Batches": 1,
                    "Peak Memory Usage": 18816,
                    "Plans": [
                      {
                        "Node Type": "Hash Join",
                        "Parent Relationship": "Outer",
                        "Parallel Aware": true,
                        "Join Type": "Inner",
                        "Startup Cost": 80430.08,
                        "Total Cost": 112422.97,
                        "Plan Rows": 111221,
                        "Plan Width": 8,
                        "Actual Startup Time": 291.767,
                        "Actual Total Time": 479.024,
                        "Actual Rows": 161518,
                        "Actual Loops": 2,
                        "Inner Unique": true,
                        "Hash Cond": "(mk.movie_id = t.id)",
                        "Plans": [
                          {
                            "Node Type": "Bitmap Heap Scan",
                            "Parent Relationship": "Outer",
                            "Parallel Aware": true,
                            "Relation Name": "movie_keyword",
                            "Alias": "mk",
                            "Startup Cost": 17975.36,
                            "Total Cost": 48659.85,
                            "Plan Rows": 498439,
                            "Plan Width": 4,
                            "Actual Startup Time": 55.001,
                            "Actual Total Time": 151.526,
                            "Actual Rows": 427088,
                            "Actual Loops": 2,
                            "Recheck Cond": "(keyword_id < 816)",
                            "Rows Removed by Index Recheck": 0,
                            "Exact Heap Blocks": 13999,
                            "Lossy Heap Blocks": 0,
                            "Plans": [
                              {
                                "Node Type": "Bitmap Index Scan",
                                "Parent Relationship": "Outer",
                                "Parallel Aware": false,
                                "Index Name": "keyword_id_movie_keyword",
                                "Startup Cost": 0.0,
                                "Total Cost": 17763.53,
                                "Plan Rows": 847346,
                                "Plan Width": 0,
                                "Actual Startup Time": 51.325,
                                "Actual Total Time": 51.325,
                                "Actual Rows": 854176,
                                "Actual Loops": 1,
                                "Index Cond": "(keyword_id < 816)"
                              }
                            ]
                          },
                          {
                            "Node Type": "Hash",
                            "Parent Relationship": "Inner",
                            "Parallel Aware": true,
                            "Startup Cost": 58306.47,
                            "Total Cost": 58306.47,
                            "Plan Rows": 331860,
                            "Plan Width": 4,
                            "Actual Startup Time": 229.216,
                            "Actual Total Time": 229.217,
                            "Actual Rows": 238584,
                            "Actual Loops": 2,
                            "Hash Buckets": 1048576,
                            "Original Hash Buckets": 1048576,
                            "Hash Batches": 1,
                            "Original Hash Batches": 1,
                            "Peak Memory Usage": 26880,
                            "Plans": [
                              {
                                "Node Type": "Seq Scan",
                                "Parent Relationship": "Outer",
                                "Parallel Aware": true,
                                "Relation Name": "title",
                                "Alias": "t",
                                "Startup Cost": 0.0,
                                "Total Cost": 58306.47,
                                "Plan Rows": 331860,
                                "Plan Width": 4,
                                "Actual Startup Time": 0.041,
                                "Actual Total Time": 153.454,
                                "Actual Rows": 238584,
                                "Actual Loops": 2,
                                "Filter": "((kind_id < 7) AND (production_year > 1999))",
                                "Rows Removed by Filter": 1025572
                              }
                            ]
                          }
                        ]
                      }
                    ]
                  }
                ]
              }
            ]
          }
        ]
      }
    ]
  },
  "Planning Time": 0.967,
  "Triggers": [],
  "Execution Time": 3110.625
}