[
  {
    "Plan": {
      "Node Type": "Aggregate",
      "Strategy": "Plain",
      "Partial Mode": "Finalize",
      "Parallel Aware": false,
      "Startup Cost": 247114.81,
      "Total Cost": 247114.82,
      "Plan Rows": 1,
      "Plan Width": 8,
      "Actual Startup Time": 481.174,
      "Actual Total Time": 508.859,
      "Actual Rows": 1,
      "Actual Loops": 1,
      "Plans": [
        {
          "Node Type": "Gather",
          "Parent Relationship": "Outer",
          "Parallel Aware": false,
          "Startup Cost": 247114.18,
          "Total Cost": 247114.79,
          "Plan Rows": 6,
          "Plan Width": 8,
          "Actual Startup Time": 480.79,
          "Actual Total Time": 508.848,
          "Actual Rows": 7,
          "Actual Loops": 1,
          "Workers Planned": 6,
          "Workers Launched": 6,
          "Single Copy": false,
          "Plans": [
            {
              "Node Type": "Aggregate",
              "Strategy": "Plain",
              "Partial Mode": "Partial",
              "Parent Relationship": "Outer",
              "Parallel Aware": false,
              "Startup Cost": 246114.18,
              "Total Cost": 246114.19,
              "Plan Rows": 1,
              "Plan Width": 8,
              "Actual Startup Time": 471.09,
              "Actual Total Time": 471.093,
              "Actual Rows": 1,
              "Actual Loops": 7,
              "Plans": [
                {
                  "Node Type": "Hash Join",
                  "Parent Relationship": "Outer",
                  "Parallel Aware": true,
                  "Join Type": "Inner",
                  "Startup Cost": 44024.2,
                  "Total Cost": 246064.91,
                  "Plan Rows": 19709,
                  "Plan Width": 0,
                  "Actual Startup Time": 77.132,
                  "Actual Total Time": 469.746,
                  "Actual Rows": 18488,
                  "Actual Loops": 7,
                  "Inner Unique": true,
                  "Hash Cond": "(ci.movie_id = t.id)",
                  "Plans": [
                    {
                      "Node Type": "Index Scan",
                      "Parent Relationship": "Outer",
                      "Parallel Aware": true,
                      "Scan Direction": "Forward",
                      "Index Name": "role_id_cast_info",
                      "Relation Name": "cast_info",
                      "Alias": "ci",
                      "Startup Cost": 0.56,
                      "Total Cost": 198752.95,
                      "Plan Rows": 1252698,
                      "Plan Width": 4,
                      "Actual Startup Time": 0.147,
                      "Actual Total Time": 232.973,
                      "Actual Rows": 1064568,
                      "Actual Loops": 7,
                      "Index Cond": "(role_id = 2)",
                      "Rows Removed by Index Recheck": 0
                    },
                    {
                      "Node Type": "Hash",
                      "Parent Relationship": "Inner",
                      "Parallel Aware": true,
                      "Startup Cost": 43899.32,
                      "Total Cost": 43899.32,
                      "Plan Rows": 9945,
                      "Plan Width": 4,
                      "Actual Startup Time": 76.278,
                      "Actual Total Time": 76.279,
                      "Actual Rows": 5565,
                      "Actual Loops": 7,
                      "Hash Buckets": 65536,
                      "Original Hash Buckets": 65536,
                      "Hash Batches": 1,
                      "Original Hash Batches": 1,
                      "Peak Memory Usage": 2144,
                      "Plans": [
                        {
                          "Node Type": "Seq Scan",
                          "Parent Relationship": "Outer",
                          "Parallel Aware": true,
                          "Relation Name": "title",
                          "Alias": "t",
                          "Startup Cost": 0.0,
                          "Total Cost": 43899.32,
                          "Plan Rows": 9945,
                          "Plan Width": 4,
                          "Actual Startup Time": 0.084,
                          "Actual Total Time": 72.733,
                          "Actual Rows": 5565,
                          "Actual Loops": 7,
                          "Filter": "(production_year = 1997)",
                          "Rows Removed by Filter": 355622
                        }
                      ]
                    }
                  ]
                }
              ]
            }
          ]
        }
      ]
    },
    "Planning Time": 0.223,
    "Triggers": [],
    "Execution Time": 508.909
  }
]