[
  {
    "Plan": {
      "Node Type": "Aggregate",
      "Strategy": "Plain",
      "Partial Mode": "Finalize",
      "Parallel Aware": false,
      "Startup Cost": 226105.0,
      "Total Cost": 226105.01,
      "Plan Rows": 1,
      "Plan Width": 8,
      "Actual Startup Time": 187.407,
      "Actual Total Time": 201.028,
      "Actual Rows": 1,
      "Actual Loops": 1,
      "Plans": [
        {
          "Node Type": "Gather",
          "Parent Relationship": "Outer",
          "Parallel Aware": false,
          "Startup Cost": 226104.48,
          "Total Cost": 226104.99,
          "Plan Rows": 5,
          "Plan Width": 8,
          "Actual Startup Time": 186.89,
          "Actual Total Time": 201.02,
          "Actual Rows": 6,
          "Actual Loops": 1,
          "Workers Planned": 5,
          "Workers Launched": 5,
          "Single Copy": false,
          "Plans": [
            {
              "Node Type": "Aggregate",
              "Strategy": "Plain",
              "Partial Mode": "Partial",
              "Parent Relationship": "Outer",
              "Parallel Aware": false,
              "Startup Cost": 225104.48,
              "Total Cost": 225104.49,
              "Plan Rows": 1,
              "Plan Width": 8,
              "Actual Startup Time": 178.947,
              "Actual Total Time": 178.952,
              "Actual Rows": 1,
              "Actual Loops": 6,
              "Plans": [
                {
                  "Node Type": "Hash Join",
                  "Parent Relationship": "Outer",
                  "Parallel Aware": true,
                  "Join Type": "Inner",
                  "Startup Cost": 60602.87,
                  "Total Cost": 225094.35,
                  "Plan Rows": 4052,
                  "Plan Width": 0,
                  "Actual Startup Time": 129.886,
                  "Actual Total Time": 178.46,
                  "Actual Rows": 6793,
                  "Actual Loops": 6,
                  "Inner Unique": true,
                  "Hash Cond": "(mi.movie_id = t.id)",
                  "Plans": [
                    {
                      "Node Type": "Bitmap Heap Scan",
                      "Parent Relationship": "Outer",
                      "Parallel Aware": true,
                      "Relation Name": "movie_info",
                      "Alias": "mi",
                      "Startup Cost": 14929.49,
                      "Total Cost": 178987.34,
                      "Plan Rows": 165188,
                      "Plan Width": 4,
                      "Actual Startup Time": 27.82,
                      "Actual Total Time": 51.53,
                      "Actual Rows": 133690,
                      "Actual Loops": 6,
                      "Recheck Cond": "(info_type_id < 2)",
                      "Rows Removed by Index Recheck": 0,
                      "Exact Heap Blocks": 981,
                      "Lossy Heap Blocks": 0,
                      "Plans": [
                        {
                          "Node Type": "Bitmap Index Scan",
                          "Parent Relationship": "Outer",
                          "Parallel Aware": false,
                          "Index Name": "info_type_id_movie_info",
                          "Startup Cost": 0.0,
                          "Total Cost": 14723.0,
                          "Plan Rows": 825942,
                          "Plan Width": 0,
                          "Actual Startup Time": 27.039,
                          "Actual Total Time": 27.04,
                          "Actual Rows": 802140,
                          "Actual Loops": 1,
                          "Index Cond": "(info_type_id < 2)"
                        }
                      ]
                    },
                    {
                      "Node Type": "Hash",
                      "Parent Relationship": "Inner",
                      "Parallel Aware": true,
                      "Startup Cost": 45479.59,
                      "Total Cost": 45479.59,
                      "Plan Rows": 15504,
                      "Plan Width": 4,
                      "Actual Startup Time": 101.138,
                      "Actual Total Time": 101.139,
                      "Actual Rows": 8962,
                      "Actual Loops": 6,
                      "Hash Buckets": 65536,
                      "Original Hash Buckets": 65536,
                      "Hash Batches": 1,
                      "Original Hash Batches": 1,
                      "Peak Memory Usage": 2720,
                      "Plans": [
                        {
                          "Node Type": "Seq Scan",
                          "Parent Relationship": "Outer",
                          "Parallel Aware": true,
                          "Relation Name": "title",
                          "Alias": "t",
                          "Startup Cost": 0.0,
                          "Total Cost": 45479.59,
                          "Plan Rows": 15504,
                          "Plan Width": 4,
                          "Actual Startup Time": 0.162,
                          "Actual Total Time": 96.077,
                          "Actual Rows": 8962,
                          "Actual Loops": 6,
                          "Filter": "((kind_id < 7) AND (production_year = 2011))",
                          "Rows Removed by Filter": 412424
                        }
                      ]
                    }
                  ]
                }
              ]
            }
          ]
        }
      ]
    },
    "Planning Time": 0.313,
    "Triggers": [],
    "Execution Time": 201.084
  }
]