{
    "Plan": {
        "Node Type": "Aggregate",
        "Strategy": "Plain",
        "Partial Mode": "Finalize",
        "Parallel Aware": false,
        "Startup Cost": 326514.62,
        "Total Cost": 326514.63,
        "Plan Rows": 1,
        "Plan Width": 8,
        "Actual Startup Time": 318.048,
        "Actual Total Time": 369.604,
        "Actual Rows": 1,
        "Actual Loops": 1,
        "Output": [
            "count(*)"
        ],
        "Plans": [
            {
                "Node Type": "Gather",
                "Parent Relationship": "Outer",
                "Parallel Aware": false,
                "Startup Cost": 326514.2,
                "Total Cost": 326514.61,
                "Plan Rows": 4,
                "Plan Width": 8,
                "Actual Startup Time": 317.915,
                "Actual Total Time": 369.595,
                "Actual Rows": 5,
                "Actual Loops": 1,
                "Output": [
                    "(PARTIAL count(*))"
                ],
                "Workers Planned": 4,
                "Workers Launched": 4,
                "Single Copy": false,
                "Plans": [
                    {
                        "Node Type": "Aggregate",
                        "Strategy": "Plain",
                        "Partial Mode": "Partial",
                        "Parent Relationship": "Outer",
                        "Parallel Aware": false,
                        "Startup Cost": 325514.2,
                        "Total Cost": 325514.21,
                        "Plan Rows": 1,
                        "Plan Width": 8,
                        "Actual Startup Time": 307.782,
                        "Actual Total Time": 307.783,
                        "Actual Rows": 1,
                        "Actual Loops": 5,
                        "Output": [
                            "PARTIAL count(*)"
                        ],
                        "Workers": [
                            {
                                "Worker Number": 0,
                                "Actual Startup Time": 304.795,
                                "Actual Total Time": 304.797,
                                "Actual Rows": 1,
                                "Actual Loops": 1
                            },
                            {
                                "Worker Number": 1,
                                "Actual Startup Time": 305.471,
                                "Actual Total Time": 305.473,
                                "Actual Rows": 1,
                                "Actual Loops": 1
                            },
                            {
                                "Worker Number": 2,
                                "Actual Startup Time": 305.57,
                                "Actual Total Time": 305.571,
                                "Actual Rows": 1,
                                "Actual Loops": 1
                            },
                            {
                                "Worker Number": 3,
                                "Actual Startup Time": 305.972,
                                "Actual Total Time": 305.973,
                                "Actual Rows": 1,
                                "Actual Loops": 1
                            }
                        ],
                        "Plans": [
                            {
                                "Node Type": "Nested Loop",
                                "Parent Relationship": "Outer",
                                "Parallel Aware": false,
                                "Join Type": "Inner",
                                "Startup Cost": 0.56,
                                "Total Cost": 325331.02,
                                "Plan Rows": 73274,
                                "Plan Width": 0,
                                "Actual Startup Time": 0.587,
                                "Actual Total Time": 302.287,
                                "Actual Rows": 60395,
                                "Actual Loops": 5,
                                "Inner Unique": false,
                                "Workers": [
                                    {
                                        "Worker Number": 0,
                                        "Actual Startup Time": 0.949,
                                        "Actual Total Time": 299.682,
                                        "Actual Rows": 47557,
                                        "Actual Loops": 1
                                    },
                                    {
                                        "Worker Number": 1,
                                        "Actual Startup Time": 0.89,
                                        "Actual Total Time": 299.235,
                                        "Actual Rows": 33362,
                                        "Actual Loops": 1
                                    },
                                    {
                                        "Worker Number": 2,
                                        "Actual Startup Time": 0.394,
                                        "Actual Total Time": 300.177,
                                        "Actual Rows": 50726,
                                        "Actual Loops": 1
                                    },
                                    {
                                        "Worker Number": 3,
                                        "Actual Startup Time": 0.601,
                                        "Actual Total Time": 300.941,
                                        "Actual Rows": 45770,
                                        "Actual Loops": 1
                                    }
                                ],
                                "Plans": [
                                    {
                                        "Node Type": "Seq Scan",
                                        "Parent Relationship": "Outer",
                                        "Parallel Aware": true,
                                        "Relation Name": "title",
                                        "Schema": "public",
                                        "Alias": "t",
                                        "Startup Cost": 0.0,
                                        "Total Cost": 45479.21,
                                        "Plan Rows": 5110,
                                        "Plan Width": 4,
                                        "Actual Startup Time": 0.292,
                                        "Actual Total Time": 72.882,
                                        "Actual Rows": 3471,
                                        "Actual Loops": 5,
                                        "Output": [
                                            "t.id",
                                            "t.title",
                                            "t.imdb_index",
                                            "t.kind_id",
                                            "t.production_year",
                                            "t.imdb_id",
                                            "t.phonetic_code",
                                            "t.episode_of_id",
                                            "t.season_nr",
                                            "t.episode_nr",
                                            "t.series_years",
                                            "t.md5sum"
                                        ],
                                        "Filter": "((t.kind_id < 7) AND (t.production_year = 2000))",
                                        "Rows Removed by Filter": 502191,
                                        "Workers": [
                                            {
                                                "Worker Number": 0,
                                                "Actual Startup Time": 0.657,
                                                "Actual Total Time": 61.115,
                                                "Actual Rows": 2604,
                                                "Actual Loops": 1
                                            },
                                            {
                                                "Worker Number": 1,
                                                "Actual Startup Time": 0.28,
                                                "Actual Total Time": 67.138,
                                                "Actual Rows": 2000,
                                                "Actual Loops": 1
                                            },
                                            {
                                                "Worker Number": 2,
                                                "Actual Startup Time": 0.151,
                                                "Actual Total Time": 60.947,
                                                "Actual Rows": 2713,
                                                "Actual Loops": 1
                                            },
                                            {
                                                "Worker Number": 3,
                                                "Actual Startup Time": 0.304,
                                                "Actual Total Time": 65.884,
                                                "Actual Rows": 2742,
                                                "Actual Loops": 1
                                            }
                                        ]
                                    },
                                    {
                                        "Node Type": "Index Only Scan",
                                        "Parent Relationship": "Inner",
                                        "Parallel Aware": false,
                                        "Scan Direction": "Forward",
                                        "Index Name": "movie_id_cast_info",
                                        "Relation Name": "cast_info",
                                        "Schema": "public",
                                        "Alias": "ci",
                                        "Startup Cost": 0.56,
                                        "Total Cost": 54.39,
                                        "Plan Rows": 38,
                                        "Plan Width": 4,
                                        "Actual Startup Time": 0.012,
                                        "Actual Total Time": 0.064,
                                        "Actual Rows": 17,
                                        "Actual Loops": 17357,
                                        "Output": [
                                            "ci.movie_id"
                                        ],
                                        "Index Cond": "(ci.movie_id = t.id)",
                                        "Rows Removed by Index Recheck": 0,
                                        "Heap Fetches": 301974,
                                        "Workers": [
                                            {
                                                "Worker Number": 0,
                                                "Actual Startup Time": 0.016,
                                                "Actual Total Time": 0.089,
                                                "Actual Rows": 18,
                                                "Actual Loops": 2604
                                            },
                                            {
                                                "Worker Number": 1,
                                                "Actual Startup Time": 0.022,
                                                "Actual Total Time": 0.112,
                                                "Actual Rows": 17,
                                                "Actual Loops": 2000
                                            },
                                            {
                                                "Worker Number": 2,
                                                "Actual Startup Time": 0.016,
                                                "Actual Total Time": 0.086,
                                                "Actual Rows": 19,
                                                "Actual Loops": 2713
                                            },
                                            {
                                                "Worker Number": 3,
                                                "Actual Startup Time": 0.016,
                                                "Actual Total Time": 0.083,
                                                "Actual Rows": 17,
                                                "Actual Loops": 2742
                                            }
                                        ]
                                    }
                                ]
                            }
                        ]
                    }
                ]
            }
        ]
    },
    "Planning Time": 0.695,
    "Triggers": [],
    "Execution Time": 369.696
}