[
  {
    "Plan": {
      "Node Type": "Aggregate",
      "Strategy": "Plain",
      "Partial Mode": "Simple",
      "Parallel Aware": false,
      "Startup Cost": 17211.37,
      "Total Cost": 17211.38,
      "Plan Rows": 1,
      "Plan Width": 8,
      "Actual Startup Time": 24.784,
      "Actual Total Time": 24.785,
      "Actual Rows": 1,
      "Actual Loops": 1,
      "Plans": [
        {
          "Node Type": "Bitmap Heap Scan",
          "Parent Relationship": "Outer",
          "Parallel Aware": false,
          "Relation Name": "movie_keyword",
          "Alias": "mk",
          "Startup Cost": 176.71,
          "Total Cost": 17190.63,
          "Plan Rows": 8294,
          "Plan Width": 0,
          "Actual Startup Time": 4.613,
          "Actual Total Time": 23.733,
          "Actual Rows": 9638,
          "Actual Loops": 1,
          "Recheck Cond": "(keyword_id = 236)",
          "Rows Removed by Index Recheck": 0,
          "Exact Heap Blocks": 7941,
          "Lossy Heap Blocks": 0,
          "Plans": [
            {
              "Node Type": "Bitmap Index Scan",
              "Parent Relationship": "Outer",
              "Parallel Aware": false,
              "Index Name": "keyword_id_movie_keyword",
              "Startup Cost": 0.0,
              "Total Cost": 174.64,
              "Plan Rows": 8294,
              "Plan Width": 0,
              "Actual Startup Time": 2.081,
              "Actual Total Time": 2.082,
              "Actual Rows": 9638,
              "Actual Loops": 1,
              "Index Cond": "(keyword_id = 236)"
            }
          ]
        }
      ]
    },
    "Planning Time": 0.127,
    "Triggers": [],
    "Execution Time": 24.83
  }
]