[
  {
    "Plan": {
      "Node Type": "Aggregate",
      "Strategy": "Plain",
      "Partial Mode": "Finalize",
      "Parallel Aware": false,
      "Startup Cost": 132069.02,
      "Total Cost": 132069.03,
      "Plan Rows": 1,
      "Plan Width": 8,
      "Actual Startup Time": 796.732,
      "Actual Total Time": 842.085,
      "Actual Rows": 1,
      "Actual Loops": 1,
      "Plans": [
        {
          "Node Type": "Gather",
          "Parent Relationship": "Outer",
          "Parallel Aware": false,
          "Startup Cost": 132068.7,
          "Total Cost": 132069.01,
          "Plan Rows": 3,
          "Plan Width": 8,
          "Actual Startup Time": 793.421,
          "Actual Total Time": 842.075,
          "Actual Rows": 4,
          "Actual Loops": 1,
          "Workers Planned": 3,
          "Workers Launched": 3,
          "Single Copy": false,
          "Plans": [
            {
              "Node Type": "Aggregate",
              "Strategy": "Plain",
              "Partial Mode": "Partial",
              "Parent Relationship": "Outer",
              "Parallel Aware": false,
              "Startup Cost": 131068.7,
              "Total Cost": 131068.71,
              "Plan Rows": 1,
              "Plan Width": 8,
              "Actual Startup Time": 783.552,
              "Actual Total Time": 783.556,
              "Actual Rows": 1,
              "Actual Loops": 4,
              "Plans": [
                {
                  "Node Type": "Nested Loop",
                  "Parent Relationship": "Outer",
                  "Parallel Aware": false,
                  "Join Type": "Inner",
                  "Startup Cost": 50607.29,
                  "Total Cost": 130802.82,
                  "Plan Rows": 106353,
                  "Plan Width": 0,
                  "Actual Startup Time": 204.929,
                  "Actual Total Time": 745.587,
                  "Actual Rows": 852532,
                  "Actual Loops": 4,
                  "Inner Unique": false,
                  "Plans": [
                    {
                      "Node Type": "Hash Join",
                      "Parent Relationship": "Outer",
                      "Parallel Aware": true,
                      "Join Type": "Inner",
                      "Startup Cost": 50606.86,
                      "Total Cost": 75971.24,
                      "Plan Rows": 20945,
                      "Plan Width": 8,
                      "Actual Startup Time": 204.834,
                      "Actual Total Time": 254.276,
                      "Actual Rows": 23916,
                      "Actual Loops": 4,
                      "Inner Unique": true,
                      "Hash Cond": "(mk.movie_id = t.id)",
                      "Plans": [
                        {
                          "Node Type": "Bitmap Heap Scan",
                          "Parent Relationship": "Outer",
                          "Parallel Aware": true,
                          "Relation Name": "movie_keyword",
                          "Alias": "mk",
                          "Startup Cost": 3958.51,
                          "Total Cost": 29164.88,
                          "Plan Rows": 60190,
                          "Plan Width": 4,
                          "Actual Startup Time": 14.049,
                          "Actual Total Time": 44.452,
                          "Actual Rows": 47161,
                          "Actual Loops": 4,
                          "Recheck Cond": "(keyword_id > 71201)",
                          "Rows Removed by Index Recheck": 0,
                          "Exact Heap Blocks": 5861,
                          "Lossy Heap Blocks": 0,
                          "Plans": [
                            {
                              "Node Type": "Bitmap Index Scan",
                              "Parent Relationship": "Outer",
                              "Parallel Aware": false,
                              "Index Name": "keyword_id_movie_keyword",
                              "Startup Cost": 0.0,
                              "Total Cost": 3911.86,
                              "Plan Rows": 186590,
                              "Plan Width": 0,
                              "Actual Startup Time": 11.093,
                              "Actual Total Time": 11.094,
                              "Actual Rows": 188643,
                              "Actual Loops": 1,
                              "Index Cond": "(keyword_id > 71201)"
                            }
                          ]
                        },
                        {
                          "Node Type": "Hash",
                          "Parent Relationship": "Inner",
                          "Parallel Aware": true,
                          "Startup Cost": 43898.92,
                          "Total Cost": 43898.92,
                          "Plan Rows": 219955,
                          "Plan Width": 4,
                          "Actual Startup Time": 185.818,
                          "Actual Total Time": 185.819,
                          "Actual Rows": 221412,
                          "Actual Loops": 4,
                          "Hash Buckets": 1048576,
                          "Original Hash Buckets": 1048576,
                          "Hash Batches": 1,
                          "Original Hash Batches": 1,
                          "Peak Memory Usage": 42912,
                          "Plans": [
                            {
                              "Node Type": "Seq Scan",
                              "Parent Relationship": "Outer",
                              "Parallel Aware": true,
                              "Relation Name": "title",
                              "Alias": "t",
                              "Startup Cost": 0.0,
                              "Total Cost": 43898.92,
                              "Plan Rows": 219955,
                              "Plan Width": 4,
                              "Actual Startup Time": 0.041,
                              "Actual Total Time": 105.324,
                              "Actual Rows": 221412,
                              "Actual Loops": 4,
                              "Filter": "(production_year < 1997)",
                              "Rows Removed by Filter": 410666
                            }
                          ]
                        }
                      ]
                    },
                    {
                      "Node Type": "Index Scan",
                      "Parent Relationship": "Inner",
                      "Parallel Aware": false,
                      "Scan Direction": "Forward",
                      "Index Name": "movie_id_movie_info",
                      "Relation Name": "movie_info",
                      "Alias": "mi",
                      "Startup Cost": 0.43,
                      "Total Cost": 2.26,
                      "Plan Rows": 36,
                      "Plan Width": 4,
                      "Actual Startup Time": 0.004,
                      "Actual Total Time": 0.018,
                      "Actual Rows": 36,
                      "Actual Loops": 95665,
                      "Index Cond": "(movie_id = t.id)",
                      "Rows Removed by Index Recheck": 0,
                      "Filter": "(info_type_id < 18)",
                      "Rows Removed by Filter": 14
                    }
                  ]
                }
              ]
            }
          ]
        }
      ]
    },
    "Planning Time": 1.456,
    "Triggers": [],
    "Execution Time": 842.218
  }
]