{
  "Plan": {
    "Node Type": "Aggregate",
    "Strategy": "Plain",
    "Partial Mode": "Finalize",
    "Parallel Aware": false,
    "Startup Cost": 174880.15,
    "Total Cost": 174880.16,
    "Plan Rows": 1,
    "Plan Width": 8,
    "Actual Startup Time": 981.592,
    "Actual Total Time": 1039.965,
    "Actual Rows": 1,
    "Actual Loops": 1,
    "Plans": [
      {
        "Node Type": "Gather",
        "Parent Relationship": "Outer",
        "Parallel Aware": false,
        "Startup Cost": 174880.04,
        "Total Cost": 174880.15,
        "Plan Rows": 1,
        "Plan Width": 8,
        "Actual Startup Time": 974.719,
        "Actual Total Time": 1039.956,
        "Actual Rows": 2,
        "Actual Loops": 1,
        "Workers Planned": 1,
        "Workers Launched": 1,
        "Single Copy": false,
        "Plans": [
          {
            "Node Type": "Aggregate",
            "Strategy": "Plain",
            "Partial Mode": "Partial",
            "Parent Relationship": "Outer",
            "Parallel Aware": false,
            "Startup Cost": 173880.04,
            "Total Cost": 173880.05,
            "Plan Rows": 1,
            "Plan Width": 8,
            "Actual Startup Time": 962.628,
            "Actual Total Time": 962.632,
            "Actual Rows": 1,
            "Actual Loops": 2,
            "Plans": [
              {
                "Node Type": "Nested Loop",
                "Parent Relationship": "Outer",
                "Parallel Aware": false,
                "Join Type": "Inner",
                "Startup Cost": 70708.31,
                "Total Cost": 173083.92,
                "Plan Rows": 318450,
                "Plan Width": 0,
                "Actual Startup Time": 526.126,
                "Actual Total Time": 948.337,
                "Actual Rows": 287072,
                "Actual Loops": 2,
                "Inner Unique": false,
                "Plans": [
                  {
                    "Node Type": "Hash Join",
                    "Parent Relationship": "Outer",
                    "Parallel Aware": true,
                    "Join Type": "Inner",
                    "Startup Cost": 70707.75,
                    "Total Cost": 95683.65,
                    "Plan Rows": 34506,
                    "Plan Width": 8,
                    "Actual Startup Time": 526.023,
                    "Actual Total Time": 567.303,
                    "Actual Rows": 29224,
                    "Actual Loops": 2,
                    "Inner Unique": true,
                    "Hash Cond": "(mk.movie_id = t.id)",
                    "Plans": [
                      {
                        "Node Type": "Bitmap Heap Scan",
                        "Parent Relationship": "Outer",
                        "Parallel Aware": true,
                        "Relation Name": "movie_keyword",
                        "Alias": "mk",
                        "Startup Cost": 1247.05,
                        "Total Cost": 26132.37,
                        "Plan Rows": 34506,
                        "Plan Width": 4,
                        "Actual Startup Time": 4.869,
                        "Actual Total Time": 25.062,
                        "Actual Rows": 29224,
                        "Actual Loops": 2,
                        "Recheck Cond": "(keyword_id = 16264)",
                        "Rows Removed by Index Recheck": 0,
                        "Exact Heap Blocks": 7356,
                        "Lossy Heap Blocks": 0,
                        "Plans": [
                          {
                            "Node Type": "Bitmap Index Scan",
                            "Parent Relationship": "Outer",
                            "Parallel Aware": false,
                            "Index Name": "keyword_id_movie_keyword",
                            "Startup Cost": 0.0,
                            "Total Cost": 1232.38,
                            "Plan Rows": 58660,
                            "Plan Width": 0,
                            "Actual Startup Time": 3.228,
                            "Actual Total Time": 3.229,
                            "Actual Rows": 58448,
                            "Actual Loops": 1,
                            "Index Cond": "(keyword_id = 16264)"
                          }
                        ]
                      },
                      {
                        "Node Type": "Hash",
                        "Parent Relationship": "Inner",
                        "Parallel Aware": true,
                        "Startup Cost": 50870.31,
                        "Total Cost": 50870.31,
                        "Plan Rows": 1487231,
                        "Plan Width": 4,
                        "Actual Startup Time": 498.89,
                        "Actual Total Time": 498.891,
                        "Actual Rows": 1264156,
                        "Actual Loops": 2,
                        "Hash Buckets": 4194304,
                        "Original Hash Buckets": 4194304,
                        "Hash Batches": 1,
                        "Original Hash Batches": 1,
                        "Peak Memory Usage": 131712,
                        "Plans": [
                          {
                            "Node Type": "Seq Scan",
                            "Parent Relationship": "Outer",
                            "Parallel Aware": true,
                            "Relation Name": "title",
                            "Alias": "t",
                            "Startup Cost": 0.0,
                            "Total Cost": 50870.31,
                            "Plan Rows": 1487231,
                            "Plan Width": 4,
                            "Actual Startup Time": 0.026,
                            "Actual Total Time": 149.738,
                            "Actual Rows": 1264156,
                            "Actual Loops": 2
                          }
                        ]
                      }
                    ]
                  },
                  {
                    "Node Type": "Index Scan",
                    "Parent Relationship": "Inner",
                    "Parallel Aware": false,
                    "Scan Direction": "Forward",
                    "Index Name": "movie_id_cast_info",
                    "Relation Name": "cast_info",
                    "Alias": "ci",
                    "Startup Cost": 0.56,
                    "Total Cost": 2.0,
                    "Plan Rows": 24,
                    "Plan Width": 4,
                    "Actual Startup Time": 0.003,
                    "Actual Total Time": 0.012,
                    "Actual Rows": 10,
                    "Actual Loops": 58448,
                    "Index Cond": "(movie_id = t.id)",
                    "Rows Removed by Index Recheck": 0,
                    "Filter": "((person_id < 2768513) AND (role_id < 10))",
                    "Rows Removed by Filter": 1
                  }
                ]
              }
            ]
          }
        ]
      }
    ]
  },
  "Planning Time": 0.967,
  "Triggers": [],
  "Execution Time": 1040.142
}