[
  {
    "Plan": {
      "Node Type": "Aggregate",
      "Strategy": "Plain",
      "Partial Mode": "Finalize",
      "Parallel Aware": false,
      "Startup Cost": 79008.64,
      "Total Cost": 79008.65,
      "Plan Rows": 1,
      "Plan Width": 8,
      "Actual Startup Time": 231.514,
      "Actual Total Time": 248.567,
      "Actual Rows": 1,
      "Actual Loops": 1,
      "Plans": [
        {
          "Node Type": "Gather",
          "Parent Relationship": "Outer",
          "Parallel Aware": false,
          "Startup Cost": 79008.32,
          "Total Cost": 79008.63,
          "Plan Rows": 3,
          "Plan Width": 8,
          "Actual Startup Time": 230.653,
          "Actual Total Time": 248.548,
          "Actual Rows": 4,
          "Actual Loops": 1,
          "Workers Planned": 3,
          "Workers Launched": 3,
          "Single Copy": false,
          "Plans": [
            {
              "Node Type": "Aggregate",
              "Strategy": "Plain",
              "Partial Mode": "Partial",
              "Parent Relationship": "Outer",
              "Parallel Aware": false,
              "Startup Cost": 78008.32,
              "Total Cost": 78008.33,
              "Plan Rows": 1,
              "Plan Width": 8,
              "Actual Startup Time": 224.278,
              "Actual Total Time": 224.281,
              "Actual Rows": 1,
              "Actual Loops": 4,
              "Plans": [
                {
                  "Node Type": "Hash Join",
                  "Parent Relationship": "Outer",
                  "Parallel Aware": true,
                  "Join Type": "Inner",
                  "Startup Cost": 46015.21,
                  "Total Cost": 77973.25,
                  "Plan Rows": 14028,
                  "Plan Width": 0,
                  "Actual Startup Time": 175.623,
                  "Actual Total Time": 222.883,
                  "Actual Rows": 29591,
                  "Actual Loops": 4,
                  "Inner Unique": true,
                  "Hash Cond": "(mc.movie_id = t.id)",
                  "Plans": [
                    {
                      "Node Type": "Seq Scan",
                      "Parent Relationship": "Outer",
                      "Parallel Aware": true,
                      "Relation Name": "movie_companies",
                      "Alias": "mc",
                      "Startup Cost": 0.0,
                      "Total Cost": 31414.82,
                      "Plan Rows": 206943,
                      "Plan Width": 4,
                      "Actual Startup Time": 32.473,
                      "Actual Total Time": 70.235,
                      "Actual Rows": 223127,
                      "Actual Loops": 4,
                      "Filter": "((company_id > 11705) AND (company_type_id = 2))",
                      "Rows Removed by Filter": 429155
                    },
                    {
                      "Node Type": "Hash",
                      "Parent Relationship": "Inner",
                      "Parallel Aware": true,
                      "Startup Cost": 45479.59,
                      "Total Cost": 45479.59,
                      "Plan Rows": 42850,
                      "Plan Width": 4,
                      "Actual Startup Time": 116.961,
                      "Actual Total Time": 116.962,
                      "Actual Rows": 40072,
                      "Actual Loops": 4,
                      "Hash Buckets": 262144,
                      "Original Hash Buckets": 262144,
                      "Hash Batches": 1,
                      "Original Hash Batches": 1,
                      "Peak Memory Usage": 8384,
                      "Plans": [
                        {
                          "Node Type": "Seq Scan",
                          "Parent Relationship": "Outer",
                          "Parallel Aware": true,
                          "Relation Name": "title",
                          "Alias": "t",
                          "Startup Cost": 0.0,
                          "Total Cost": 45479.59,
                          "Plan Rows": 42850,
                          "Plan Width": 4,
                          "Actual Startup Time": 48.791,
                          "Actual Total Time": 102.853,
                          "Actual Rows": 40072,
                          "Actual Loops": 4,
                          "Filter": "((production_year > 2008) AND (kind_id = 1))",
                          "Rows Removed by Filter": 592006
                        }
                      ]
                    }
                  ]
                }
              ]
            }
          ]
        }
      ]
    },
    "Planning Time": 0.588,
    "Triggers": [],
    "Execution Time": 248.627
  }
]