[
  {
    "Plan": {
      "Node Type": "Aggregate",
      "Strategy": "Plain",
      "Partial Mode": "Finalize",
      "Parallel Aware": false,
      "Startup Cost": 337688.57,
      "Total Cost": 337688.58,
      "Plan Rows": 1,
      "Plan Width": 8,
      "Actual Startup Time": 465.903,
      "Actual Total Time": 486.184,
      "Actual Rows": 1,
      "Actual Loops": 1,
      "Plans": [
        {
          "Node Type": "Gather",
          "Parent Relationship": "Outer",
          "Parallel Aware": false,
          "Startup Cost": 337687.95,
          "Total Cost": 337688.55,
          "Plan Rows": 6,
          "Plan Width": 8,
          "Actual Startup Time": 465.687,
          "Actual Total Time": 486.071,
          "Actual Rows": 7,
          "Actual Loops": 1,
          "Workers Planned": 6,
          "Workers Launched": 6,
          "Single Copy": false,
          "Plans": [
            {
              "Node Type": "Aggregate",
              "Strategy": "Plain",
              "Partial Mode": "Partial",
              "Parent Relationship": "Outer",
              "Parallel Aware": false,
              "Startup Cost": 336687.95,
              "Total Cost": 336687.96,
              "Plan Rows": 1,
              "Plan Width": 8,
              "Actual Startup Time": 456.758,
              "Actual Total Time": 456.759,
              "Actual Rows": 1,
              "Actual Loops": 7,
              "Plans": [
                {
                  "Node Type": "Index Scan",
                  "Parent Relationship": "Outer",
                  "Parallel Aware": true,
                  "Scan Direction": "Forward",
                  "Index Name": "role_id_cast_info",
                  "Relation Name": "cast_info",
                  "Alias": "ci",
                  "Startup Cost": 0.56,
                  "Total Cost": 331632.96,
                  "Plan Rows": 2021994,
                  "Plan Width": 0,
                  "Actual Startup Time": 0.177,
                  "Actual Total Time": 378.45,
                  "Actual Rows": 1713901,
                  "Actual Loops": 7,
                  "Index Cond": "(role_id > 3)",
                  "Rows Removed by Index Recheck": 0,
                  "Filter": "(person_id > 64646)",
                  "Rows Removed by Filter": 16620
                }
              ]
            }
          ]
        }
      ]
    },
    "Planning Time": 0.146,
    "Triggers": [],
    "Execution Time": 486.23
  }
]