{
  "Plan": {
    "Node Type": "Aggregate",
    "Strategy": "Plain",
    "Partial Mode": "Finalize",
    "Parallel Aware": false,
    "Startup Cost": 518011.47,
    "Total Cost": 518011.48,
    "Plan Rows": 1,
    "Plan Width": 8,
    "Actual Startup Time": 2958.335,
    "Actual Total Time": 2985.469,
    "Actual Rows": 1,
    "Actual Loops": 1,
    "Plans": [
      {
        "Node Type": "Gather",
        "Parent Relationship": "Outer",
        "Parallel Aware": false,
        "Startup Cost": 518011.36,
        "Total Cost": 518011.47,
        "Plan Rows": 1,
        "Plan Width": 8,
        "Actual Startup Time": 2951.763,
        "Actual Total Time": 2985.459,
        "Actual Rows": 2,
        "Actual Loops": 1,
        "Workers Planned": 1,
        "Workers Launched": 1,
        "Single Copy": false,
        "Plans": [
          {
            "Node Type": "Aggregate",
            "Strategy": "Plain",
            "Partial Mode": "Partial",
            "Parent Relationship": "Outer",
            "Parallel Aware": false,
            "Startup Cost": 517011.36,
            "Total Cost": 517011.37,
            "Plan Rows": 1,
            "Plan Width": 8,
            "Actual Startup Time": 2939.587,
            "Actual Total Time": 2939.591,
            "Actual Rows": 1,
            "Actual Loops": 2,
            "Plans": [
              {
                "Node Type": "Hash Join",
                "Parent Relationship": "Outer",
                "Parallel Aware": true,
                "Join Type": "Inner",
                "Startup Cost": 202074.29,
                "Total Cost": 508181.56,
                "Plan Rows": 3531918,
                "Plan Width": 0,
                "Actual Startup Time": 869.571,
                "Actual Total Time": 2779.476,
                "Actual Rows": 3096265,
                "Actual Loops": 2,
                "Inner Unique": true,
                "Hash Cond": "(ci.movie_id = t.id)",
                "Plans": [
                  {
                    "Node Type": "Bitmap Heap Scan",
                    "Parent Relationship": "Outer",
                    "Parallel Aware": true,
                    "Relation Name": "cast_info",
                    "Alias": "ci",
                    "Startup Cost": 132613.59,
                    "Total Cost": 429449.57,
                    "Plan Rows": 3531918,
                    "Plan Width": 4,
                    "Actual Startup Time": 253.906,
                    "Actual Total Time": 632.494,
                    "Actual Rows": 3096265,
                    "Actual Loops": 2,
                    "Recheck Cond": "(person_id < 597144)",
                    "Rows Removed by Index Recheck": 0,
                    "Exact Heap Blocks": 38616,
                    "Lossy Heap Blocks": 0,
                    "Plans": [
                      {
                        "Node Type": "Bitmap Index Scan",
                        "Parent Relationship": "Outer",
                        "Parallel Aware": false,
                        "Index Name": "person_id_cast_info",
                        "Startup Cost": 0.0,
                        "Total Cost": 131112.52,
                        "Plan Rows": 6004261,
                        "Plan Width": 0,
                        "Actual Startup Time": 242.513,
                        "Actual Total Time": 242.514,
                        "Actual Rows": 6192530,
                        "Actual Loops": 1,
                        "Index Cond": "(person_id < 597144)"
                      }
                    ]
                  },
                  {
                    "Node Type": "Hash",
                    "Parent Relationship": "Inner",
                    "Parallel Aware": true,
                    "Startup Cost": 50870.31,
                    "Total Cost": 50870.31,
                    "Plan Rows": 1487231,
                    "Plan Width": 4,
                    "Actual Startup Time": 593.237,
                    "Actual Total Time": 593.238,
                    "Actual Rows": 1264156,
                    "Actual Loops": 2,
                    "Hash Buckets": 4194304,
                    "Original Hash Buckets": 4194304,
                    "Hash Batches": 1,
                    "Original Hash Batches": 1,
                    "Peak Memory Usage": 131712,
                    "Plans": [
                      {
                        "Node Type": "Seq Scan",
                        "Parent Relationship": "Outer",
                        "Parallel Aware": true,
                        "Relation Name": "title",
                        "Alias": "t",
                        "Startup Cost": 0.0,
                        "Total Cost": 50870.31,
                        "Plan Rows": 1487231,
                        "Plan Width": 4,
                        "Actual Startup Time": 0.024,
                        "Actual Total Time": 179.738,
                        "Actual Rows": 1264156,
                        "Actual Loops": 2
                      }
                    ]
                  }
                ]
              }
            ]
          }
        ]
      }
    ]
  },
  "Planning Time": 0.658,
  "Triggers": [],
  "Execution Time": 2985.556
}