{
    "Plan": {
        "Node Type": "Aggregate",
        "Strategy": "Plain",
        "Partial Mode": "Finalize",
        "Parallel Aware": false,
        "Startup Cost": 45865.03,
        "Total Cost": 45865.04,
        "Plan Rows": 1,
        "Plan Width": 8,
        "Actual Startup Time": 151.826,
        "Actual Total Time": 168.859,
        "Actual Rows": 1,
        "Actual Loops": 1,
        "Output": [
            "count(*)"
        ],
        "Plans": [
            {
                "Node Type": "Gather",
                "Parent Relationship": "Outer",
                "Parallel Aware": false,
                "Startup Cost": 45864.61,
                "Total Cost": 45865.02,
                "Plan Rows": 4,
                "Plan Width": 8,
                "Actual Startup Time": 151.691,
                "Actual Total Time": 168.851,
                "Actual Rows": 5,
                "Actual Loops": 1,
                "Output": [
                    "(PARTIAL count(*))"
                ],
                "Workers Planned": 4,
                "Workers Launched": 4,
                "Single Copy": false,
                "Plans": [
                    {
                        "Node Type": "Aggregate",
                        "Strategy": "Plain",
                        "Partial Mode": "Partial",
                        "Parent Relationship": "Outer",
                        "Parallel Aware": false,
                        "Startup Cost": 44864.61,
                        "Total Cost": 44864.62,
                        "Plan Rows": 1,
                        "Plan Width": 8,
                        "Actual Startup Time": 142.908,
                        "Actual Total Time": 142.909,
                        "Actual Rows": 1,
                        "Actual Loops": 5,
                        "Output": [
                            "PARTIAL count(*)"
                        ],
                        "Workers": [
                            {
                                "Worker Number": 0,
                                "Actual Startup Time": 139.614,
                                "Actual Total Time": 139.616,
                                "Actual Rows": 1,
                                "Actual Loops": 1
                            },
                            {
                                "Worker Number": 1,
                                "Actual Startup Time": 141.433,
                                "Actual Total Time": 141.434,
                                "Actual Rows": 1,
                                "Actual Loops": 1
                            },
                            {
                                "Worker Number": 2,
                                "Actual Startup Time": 140.464,
                                "Actual Total Time": 140.465,
                                "Actual Rows": 1,
                                "Actual Loops": 1
                            },
                            {
                                "Worker Number": 3,
                                "Actual Startup Time": 142.35,
                                "Actual Total Time": 142.352,
                                "Actual Rows": 1,
                                "Actual Loops": 1
                            }
                        ],
                        "Plans": [
                            {
                                "Node Type": "Seq Scan",
                                "Parent Relationship": "Outer",
                                "Parallel Aware": true,
                                "Relation Name": "title",
                                "Schema": "public",
                                "Alias": "t",
                                "Startup Cost": 0.0,
                                "Total Cost": 43899.01,
                                "Plan Rows": 386243,
                                "Plan Width": 0,
                                "Actual Startup Time": 0.068,
                                "Actual Total Time": 123.454,
                                "Actual Rows": 311173,
                                "Actual Loops": 5,
                                "Output": [
                                    "id",
                                    "title",
                                    "imdb_index",
                                    "kind_id",
                                    "production_year",
                                    "imdb_id",
                                    "phonetic_code",
                                    "episode_of_id",
                                    "season_nr",
                                    "episode_nr",
                                    "series_years",
                                    "md5sum"
                                ],
                                "Filter": "(t.kind_id > 4)",
                                "Rows Removed by Filter": 194490,
                                "Workers": [
                                    {
                                        "Worker Number": 0,
                                        "Actual Startup Time": 0.055,
                                        "Actual Total Time": 120.753,
                                        "Actual Rows": 273807,
                                        "Actual Loops": 1
                                    },
                                    {
                                        "Worker Number": 1,
                                        "Actual Startup Time": 0.062,
                                        "Actual Total Time": 122.284,
                                        "Actual Rows": 276386,
                                        "Actual Loops": 1
                                    },
                                    {
                                        "Worker Number": 2,
                                        "Actual Startup Time": 0.071,
                                        "Actual Total Time": 121.607,
                                        "Actual Rows": 272184,
                                        "Actual Loops": 1
                                    },
                                    {
                                        "Worker Number": 3,
                                        "Actual Startup Time": 0.074,
                                        "Actual Total Time": 122.394,
                                        "Actual Rows": 282626,
                                        "Actual Loops": 1
                                    }
                                ]
                            }
                        ]
                    }
                ]
            }
        ]
    },
    "Planning Time": 1.436,
    "Triggers": [],
    "Execution Time": 169.147
}