{
  "Plan": {
    "Node Type": "Aggregate",
    "Strategy": "Plain",
    "Partial Mode": "Finalize",
    "Parallel Aware": false,
    "Startup Cost": 357381.49,
    "Total Cost": 357381.5,
    "Plan Rows": 1,
    "Plan Width": 8,
    "Actual Startup Time": 2079.551,
    "Actual Total Time": 2126.154,
    "Actual Rows": 1,
    "Actual Loops": 1,
    "Plans": [
      {
        "Node Type": "Gather",
        "Parent Relationship": "Outer",
        "Parallel Aware": false,
        "Startup Cost": 357381.37,
        "Total Cost": 357381.48,
        "Plan Rows": 1,
        "Plan Width": 8,
        "Actual Startup Time": 2078.752,
        "Actual Total Time": 2126.147,
        "Actual Rows": 2,
        "Actual Loops": 1,
        "Workers Planned": 1,
        "Workers Launched": 1,
        "Single Copy": false,
        "Plans": [
          {
            "Node Type": "Aggregate",
            "Strategy": "Plain",
            "Partial Mode": "Partial",
            "Parent Relationship": "Outer",
            "Parallel Aware": false,
            "Startup Cost": 356381.37,
            "Total Cost": 356381.38,
            "Plan Rows": 1,
            "Plan Width": 8,
            "Actual Startup Time": 2065.981,
            "Actual Total Time": 2065.984,
            "Actual Rows": 1,
            "Actual Loops": 2,
            "Plans": [
              {
                "Node Type": "Hash Join",
                "Parent Relationship": "Outer",
                "Parallel Aware": true,
                "Join Type": "Inner",
                "Startup Cost": 61150.33,
                "Total Cost": 353261.46,
                "Plan Rows": 1247964,
                "Plan Width": 0,
                "Actual Startup Time": 218.142,
                "Actual Total Time": 2038.569,
                "Actual Rows": 567862,
                "Actual Loops": 2,
                "Inner Unique": true,
                "Hash Cond": "(mi.movie_id = t.id)",
                "Plans": [
                  {
                    "Node Type": "Seq Scan",
                    "Parent Relationship": "Outer",
                    "Parallel Aware": true,
                    "Relation Name": "movie_info",
                    "Alias": "mi",
                    "Startup Cost": 0.0,
                    "Total Cost": 270696.42,
                    "Plan Rows": 8157974,
                    "Plan Width": 4,
                    "Actual Startup Time": 0.023,
                    "Actual Total Time": 934.82,
                    "Actual Rows": 6981748,
                    "Actual Loops": 2,
                    "Filter": "(info_type_id < 98)",
                    "Rows Removed by Filter": 436112
                  },
                  {
                    "Node Type": "Hash",
                    "Parent Relationship": "Inner",
                    "Parallel Aware": true,
                    "Startup Cost": 58306.47,
                    "Total Cost": 58306.47,
                    "Plan Rows": 227509,
                    "Plan Width": 4,
                    "Actual Startup Time": 212.646,
                    "Actual Total Time": 212.647,
                    "Actual Rows": 138675,
                    "Actual Loops": 2,
                    "Hash Buckets": 524288,
                    "Original Hash Buckets": 524288,
                    "Hash Batches": 1,
                    "Original Hash Batches": 1,
                    "Peak Memory Usage": 14976,
                    "Plans": [
                      {
                        "Node Type": "Seq Scan",
                        "Parent Relationship": "Outer",
                        "Parallel Aware": true,
                        "Relation Name": "title",
                        "Alias": "t",
                        "Startup Cost": 0.0,
                        "Total Cost": 58306.47,
                        "Plan Rows": 227509,
                        "Plan Width": 4,
                        "Actual Startup Time": 0.036,
                        "Actual Total Time": 167.554,
                        "Actual Rows": 138675,
                        "Actual Loops": 2,
                        "Filter": "((production_year < 1988) AND (kind_id = 7))",
                        "Rows Removed by Filter": 1125481
                      }
                    ]
                  }
                ]
              }
            ]
          }
        ]
      }
    ]
  },
  "Planning Time": 0.606,
  "Triggers": [],
  "Execution Time": 2126.236
}