[
  {
    "Plan": {
      "Node Type": "Aggregate",
      "Strategy": "Plain",
      "Partial Mode": "Finalize",
      "Parallel Aware": false,
      "Startup Cost": 384996.8,
      "Total Cost": 384996.81,
      "Plan Rows": 1,
      "Plan Width": 8,
      "Actual Startup Time": 1086.564,
      "Actual Total Time": 1155.427,
      "Actual Rows": 1,
      "Actual Loops": 1,
      "Plans": [
        {
          "Node Type": "Gather",
          "Parent Relationship": "Outer",
          "Parallel Aware": false,
          "Startup Cost": 384996.18,
          "Total Cost": 384996.79,
          "Plan Rows": 6,
          "Plan Width": 8,
          "Actual Startup Time": 1084.455,
          "Actual Total Time": 1155.404,
          "Actual Rows": 7,
          "Actual Loops": 1,
          "Workers Planned": 6,
          "Workers Launched": 6,
          "Single Copy": false,
          "Plans": [
            {
              "Node Type": "Aggregate",
              "Strategy": "Plain",
              "Partial Mode": "Partial",
              "Parent Relationship": "Outer",
              "Parallel Aware": false,
              "Startup Cost": 383996.18,
              "Total Cost": 383996.19,
              "Plan Rows": 1,
              "Plan Width": 8,
              "Actual Startup Time": 1073.906,
              "Actual Total Time": 1073.909,
              "Actual Rows": 1,
              "Actual Loops": 7,
              "Plans": [
                {
                  "Node Type": "Hash Join",
                  "Parent Relationship": "Outer",
                  "Parallel Aware": true,
                  "Join Type": "Inner",
                  "Startup Cost": 46297.75,
                  "Total Cost": 383139.64,
                  "Plan Rows": 342616,
                  "Plan Width": 0,
                  "Actual Startup Time": 87.438,
                  "Actual Total Time": 1067.702,
                  "Actual Rows": 134150,
                  "Actual Loops": 7,
                  "Inner Unique": true,
                  "Hash Cond": "(ci.movie_id = t.id)",
                  "Plans": [
                    {
                      "Node Type": "Seq Scan",
                      "Parent Relationship": "Outer",
                      "Parallel Aware": true,
                      "Relation Name": "cast_info",
                      "Alias": "ci",
                      "Startup Cost": 0.0,
                      "Total Cost": 328162.03,
                      "Plan Rows": 3306611,
                      "Plan Width": 4,
                      "Actual Startup Time": 0.023,
                      "Actual Total Time": 646.785,
                      "Actual Rows": 2874666,
                      "Actual Loops": 7,
                      "Filter": "(role_id < 3)",
                      "Rows Removed by Filter": 2303098
                    },
                    {
                      "Node Type": "Hash",
                      "Parent Relationship": "Inner",
                      "Parallel Aware": true,
                      "Startup Cost": 45479.1,
                      "Total Cost": 45479.1,
                      "Plan Rows": 65492,
                      "Plan Width": 4,
                      "Actual Startup Time": 85.414,
                      "Actual Total Time": 85.415,
                      "Actual Rows": 19996,
                      "Actual Loops": 7,
                      "Hash Buckets": 262144,
                      "Original Hash Buckets": 262144,
                      "Hash Batches": 1,
                      "Original Hash Batches": 1,
                      "Peak Memory Usage": 7648,
                      "Plans": [
                        {
                          "Node Type": "Seq Scan",
                          "Parent Relationship": "Outer",
                          "Parallel Aware": true,
                          "Relation Name": "title",
                          "Alias": "t",
                          "Startup Cost": 0.0,
                          "Total Cost": 45479.1,
                          "Plan Rows": 65492,
                          "Plan Width": 4,
                          "Actual Startup Time": 0.043,
                          "Actual Total Time": 75.701,
                          "Actual Rows": 19996,
                          "Actual Loops": 7,
                          "Filter": "((kind_id > 1) AND (production_year < 1970))",
                          "Rows Removed by Filter": 341191
                        }
                      ]
                    }
                  ]
                }
              ]
            }
          ]
        }
      ]
    },
    "Planning Time": 0.694,
    "Triggers": [],
    "Execution Time": 1155.515
  }
]