[
  {
    "Plan": {
      "Node Type": "Aggregate",
      "Strategy": "Plain",
      "Partial Mode": "Finalize",
      "Parallel Aware": false,
      "Startup Cost": 379945.36,
      "Total Cost": 379945.37,
      "Plan Rows": 1,
      "Plan Width": 8,
      "Actual Startup Time": 911.338,
      "Actual Total Time": 959.142,
      "Actual Rows": 1,
      "Actual Loops": 1,
      "Plans": [
        {
          "Node Type": "Gather",
          "Parent Relationship": "Outer",
          "Parallel Aware": false,
          "Startup Cost": 379944.73,
          "Total Cost": 379945.34,
          "Plan Rows": 6,
          "Plan Width": 8,
          "Actual Startup Time": 910.385,
          "Actual Total Time": 959.134,
          "Actual Rows": 7,
          "Actual Loops": 1,
          "Workers Planned": 6,
          "Workers Launched": 6,
          "Single Copy": false,
          "Plans": [
            {
              "Node Type": "Aggregate",
              "Strategy": "Plain",
              "Partial Mode": "Partial",
              "Parent Relationship": "Outer",
              "Parallel Aware": false,
              "Startup Cost": 378944.73,
              "Total Cost": 378944.74,
              "Plan Rows": 1,
              "Plan Width": 8,
              "Actual Startup Time": 899.69,
              "Actual Total Time": 899.693,
              "Actual Rows": 1,
              "Actual Loops": 7,
              "Plans": [
                {
                  "Node Type": "Hash Join",
                  "Parent Relationship": "Outer",
                  "Parallel Aware": true,
                  "Join Type": "Inner",
                  "Startup Cost": 44579.02,
                  "Total Cost": 378478.7,
                  "Plan Rows": 186412,
                  "Plan Width": 0,
                  "Actual Startup Time": 325.82,
                  "Actual Total Time": 895.574,
                  "Actual Rows": 82340,
                  "Actual Loops": 7,
                  "Inner Unique": true,
                  "Hash Cond": "(ci.movie_id = t.id)",
                  "Plans": [
                    {
                      "Node Type": "Seq Scan",
                      "Parent Relationship": "Outer",
                      "Parallel Aware": true,
                      "Relation Name": "cast_info",
                      "Alias": "ci",
                      "Startup Cost": 0.0,
                      "Total Cost": 328211.39,
                      "Plan Rows": 2166963,
                      "Plan Width": 4,
                      "Actual Startup Time": 237.818,
                      "Actual Total Time": 536.557,
                      "Actual Rows": 1834853,
                      "Actual Loops": 7,
                      "Filter": "(person_id > 2394872)",
                      "Rows Removed by Filter": 3342910
                    },
                    {
                      "Node Type": "Hash",
                      "Parent Relationship": "Inner",
                      "Parallel Aware": true,
                      "Startup Cost": 43899.32,
                      "Total Cost": 43899.32,
                      "Plan Rows": 54376,
                      "Plan Width": 4,
                      "Actual Startup Time": 86.375,
                      "Actual Total Time": 86.376,
                      "Actual Rows": 32983,
                      "Actual Loops": 7,
                      "Hash Buckets": 262144,
                      "Original Hash Buckets": 262144,
                      "Hash Batches": 1,
                      "Original Hash Batches": 1,
                      "Peak Memory Usage": 11168,
                      "Plans": [
                        {
                          "Node Type": "Seq Scan",
                          "Parent Relationship": "Outer",
                          "Parallel Aware": true,
                          "Relation Name": "title",
                          "Alias": "t",
                          "Startup Cost": 0.0,
                          "Total Cost": 43899.32,
                          "Plan Rows": 54376,
                          "Plan Width": 4,
                          "Actual Startup Time": 0.063,
                          "Actual Total Time": 72.197,
                          "Actual Rows": 32983,
                          "Actual Loops": 7,
                          "Filter": "(production_year < 1959)",
                          "Rows Removed by Filter": 328204
                        }
                      ]
                    }
                  ]
                }
              ]
            }
          ]
        }
      ]
    },
    "Planning Time": 0.416,
    "Triggers": [],
    "Execution Time": 959.192
  }
]