[
  {
    "Plan": {
      "Node Type": "Aggregate",
      "Strategy": "Plain",
      "Partial Mode": "Finalize",
      "Parallel Aware": false,
      "Startup Cost": 20257.73,
      "Total Cost": 20257.74,
      "Plan Rows": 1,
      "Plan Width": 8,
      "Actual Startup Time": 12.317,
      "Actual Total Time": 13.979,
      "Actual Rows": 1,
      "Actual Loops": 1,
      "Plans": [
        {
          "Node Type": "Gather",
          "Parent Relationship": "Outer",
          "Parallel Aware": false,
          "Startup Cost": 20257.51,
          "Total Cost": 20257.72,
          "Plan Rows": 2,
          "Plan Width": 8,
          "Actual Startup Time": 11.119,
          "Actual Total Time": 13.966,
          "Actual Rows": 3,
          "Actual Loops": 1,
          "Workers Planned": 2,
          "Workers Launched": 2,
          "Single Copy": false,
          "Plans": [
            {
              "Node Type": "Aggregate",
              "Strategy": "Plain",
              "Partial Mode": "Partial",
              "Parent Relationship": "Outer",
              "Parallel Aware": false,
              "Startup Cost": 19257.51,
              "Total Cost": 19257.52,
              "Plan Rows": 1,
              "Plan Width": 8,
              "Actual Startup Time": 3.545,
              "Actual Total Time": 3.547,
              "Actual Rows": 1,
              "Actual Loops": 3,
              "Plans": [
                {
                  "Node Type": "Nested Loop",
                  "Parent Relationship": "Outer",
                  "Parallel Aware": false,
                  "Join Type": "Inner",
                  "Startup Cost": 106.0,
                  "Total Cost": 19254.94,
                  "Plan Rows": 1030,
                  "Plan Width": 0,
                  "Actual Startup Time": 3.318,
                  "Actual Total Time": 3.537,
                  "Actual Rows": 15,
                  "Actual Loops": 3,
                  "Inner Unique": true,
                  "Plans": [
                    {
                      "Node Type": "Bitmap Heap Scan",
                      "Parent Relationship": "Outer",
                      "Parallel Aware": true,
                      "Relation Name": "movie_companies",
                      "Alias": "mc",
                      "Startup Cost": 105.57,
                      "Total Cost": 11187.09,
                      "Plan Rows": 1030,
                      "Plan Width": 4,
                      "Actual Startup Time": 3.29,
                      "Actual Total Time": 3.345,
                      "Actual Rows": 15,
                      "Actual Loops": 3,
                      "Recheck Cond": "(company_id = 52)",
                      "Rows Removed by Index Recheck": 0,
                      "Filter": "(company_type_id = 2)",
                      "Rows Removed by Filter": 1499,
                      "Exact Heap Blocks": 1675,
                      "Lossy Heap Blocks": 0,
                      "Plans": [
                        {
                          "Node Type": "Bitmap Index Scan",
                          "Parent Relationship": "Outer",
                          "Parallel Aware": false,
                          "Index Name": "company_id_movie_companies",
                          "Startup Cost": 0.0,
                          "Total Cost": 104.96,
                          "Plan Rows": 4870,
                          "Plan Width": 0,
                          "Actual Startup Time": 2.876,
                          "Actual Total Time": 2.877,
                          "Actual Rows": 4542,
                          "Actual Loops": 1,
                          "Index Cond": "(company_id = 52)"
                        }
                      ]
                    },
                    {
                      "Node Type": "Index Only Scan",
                      "Parent Relationship": "Inner",
                      "Parallel Aware": false,
                      "Scan Direction": "Forward",
                      "Index Name": "title_pkey",
                      "Relation Name": "title",
                      "Alias": "t",
                      "Startup Cost": 0.43,
                      "Total Cost": 7.83,
                      "Plan Rows": 1,
                      "Plan Width": 4,
                      "Actual Startup Time": 0.011,
                      "Actual Total Time": 0.011,
                      "Actual Rows": 1,
                      "Actual Loops": 46,
                      "Index Cond": "(id = mc.movie_id)",
                      "Rows Removed by Index Recheck": 0,
                      "Heap Fetches": 46
                    }
                  ]
                }
              ]
            }
          ]
        }
      ]
    },
    "Planning Time": 0.659,
    "Triggers": [],
    "Execution Time": 14.07
  }
]