[
  {
    "Plan": {
      "Node Type": "Aggregate",
      "Strategy": "Plain",
      "Partial Mode": "Finalize",
      "Parallel Aware": false,
      "Startup Cost": 312023.56,
      "Total Cost": 312023.57,
      "Plan Rows": 1,
      "Plan Width": 8,
      "Actual Startup Time": 204.829,
      "Actual Total Time": 213.51,
      "Actual Rows": 1,
      "Actual Loops": 1,
      "Plans": [
        {
          "Node Type": "Gather",
          "Parent Relationship": "Outer",
          "Parallel Aware": false,
          "Startup Cost": 312022.93,
          "Total Cost": 312023.54,
          "Plan Rows": 6,
          "Plan Width": 8,
          "Actual Startup Time": 204.349,
          "Actual Total Time": 213.502,
          "Actual Rows": 7,
          "Actual Loops": 1,
          "Workers Planned": 6,
          "Workers Launched": 6,
          "Single Copy": false,
          "Plans": [
            {
              "Node Type": "Aggregate",
              "Strategy": "Plain",
              "Partial Mode": "Partial",
              "Parent Relationship": "Outer",
              "Parallel Aware": false,
              "Startup Cost": 311022.93,
              "Total Cost": 311022.94,
              "Plan Rows": 1,
              "Plan Width": 8,
              "Actual Startup Time": 195.275,
              "Actual Total Time": 195.276,
              "Actual Rows": 1,
              "Actual Loops": 7,
              "Plans": [
                {
                  "Node Type": "Bitmap Heap Scan",
                  "Parent Relationship": "Outer",
                  "Parallel Aware": true,
                  "Relation Name": "cast_info",
                  "Alias": "ci",
                  "Startup Cost": 52404.38,
                  "Total Cost": 310034.34,
                  "Plan Rows": 395437,
                  "Plan Width": 0,
                  "Actual Startup Time": 95.222,
                  "Actual Total Time": 176.644,
                  "Actual Rows": 341297,
                  "Actual Loops": 7,
                  "Recheck Cond": "(person_id < 232478)",
                  "Rows Removed by Index Recheck": 0,
                  "Exact Heap Blocks": 5816,
                  "Lossy Heap Blocks": 0,
                  "Plans": [
                    {
                      "Node Type": "Bitmap Index Scan",
                      "Parent Relationship": "Outer",
                      "Parallel Aware": false,
                      "Index Name": "person_id_cast_info",
                      "Startup Cost": 0.0,
                      "Total Cost": 51811.22,
                      "Plan Rows": 2372621,
                      "Plan Width": 0,
                      "Actual Startup Time": 99.348,
                      "Actual Total Time": 99.348,
                      "Actual Rows": 2389082,
                      "Actual Loops": 1,
                      "Index Cond": "(person_id < 232478)"
                    }
                  ]
                }
              ]
            }
          ]
        }
      ]
    },
    "Planning Time": 0.204,
    "Triggers": [],
    "Execution Time": 213.589
  }
]