[
  {
    "Plan": {
      "Node Type": "Aggregate",
      "Strategy": "Plain",
      "Partial Mode": "Finalize",
      "Parallel Aware": false,
      "Startup Cost": 225024.93,
      "Total Cost": 225024.94,
      "Plan Rows": 1,
      "Plan Width": 8,
      "Actual Startup Time": 490.027,
      "Actual Total Time": 511.267,
      "Actual Rows": 1,
      "Actual Loops": 1,
      "Plans": [
        {
          "Node Type": "Gather",
          "Parent Relationship": "Outer",
          "Parallel Aware": false,
          "Startup Cost": 225024.4,
          "Total Cost": 225024.91,
          "Plan Rows": 5,
          "Plan Width": 8,
          "Actual Startup Time": 482.827,
          "Actual Total Time": 511.186,
          "Actual Rows": 6,
          "Actual Loops": 1,
          "Workers Planned": 5,
          "Workers Launched": 5,
          "Single Copy": false,
          "Plans": [
            {
              "Node Type": "Aggregate",
              "Strategy": "Plain",
              "Partial Mode": "Partial",
              "Parent Relationship": "Outer",
              "Parallel Aware": false,
              "Startup Cost": 224024.4,
              "Total Cost": 224024.41,
              "Plan Rows": 1,
              "Plan Width": 8,
              "Actual Startup Time": 470.652,
              "Actual Total Time": 470.744,
              "Actual Rows": 1,
              "Actual Loops": 6,
              "Plans": [
                {
                  "Node Type": "Hash Join",
                  "Parent Relationship": "Outer",
                  "Parallel Aware": true,
                  "Join Type": "Inner",
                  "Startup Cost": 63288.29,
                  "Total Cost": 223804.38,
                  "Plan Rows": 88010,
                  "Plan Width": 0,
                  "Actual Startup Time": 210.026,
                  "Actual Total Time": 464.017,
                  "Actual Rows": 148823,
                  "Actual Loops": 6,
                  "Inner Unique": false,
                  "Hash Cond": "(ci.movie_id = t.id)",
                  "Plans": [
                    {
                      "Node Type": "Index Scan",
                      "Parent Relationship": "Outer",
                      "Parallel Aware": true,
                      "Scan Direction": "Forward",
                      "Index Name": "role_id_cast_info",
                      "Relation Name": "cast_info",
                      "Alias": "ci",
                      "Startup Cost": 0.56,
                      "Total Cost": 156659.89,
                      "Plan Rows": 930683,
                      "Plan Width": 4,
                      "Actual Startup Time": 0.251,
                      "Actual Total Time": 171.171,
                      "Actual Rows": 349330,
                      "Actual Loops": 6,
                      "Index Cond": "(role_id > 8)",
                      "Rows Removed by Index Recheck": 0,
                      "Filter": "(person_id < 2990032)",
                      "Rows Removed by Filter": 606119
                    },
                    {
                      "Node Type": "Hash",
                      "Parent Relationship": "Inner",
                      "Parallel Aware": true,
                      "Startup Cost": 62042.47,
                      "Total Cost": 62042.47,
                      "Plan Rows": 99620,
                      "Plan Width": 8,
                      "Actual Startup Time": 207.925,
                      "Actual Total Time": 208.015,
                      "Actual Rows": 83380,
                      "Actual Loops": 6,
                      "Hash Buckets": 524288,
                      "Original Hash Buckets": 262144,
                      "Hash Batches": 1,
                      "Original Hash Batches": 1,
                      "Peak Memory Usage": 25792,
                      "Plans": [
                        {
                          "Node Type": "Hash Join",
                          "Parent Relationship": "Outer",
                          "Parallel Aware": true,
                          "Join Type": "Inner",
                          "Startup Cost": 46847.91,
                          "Total Cost": 62042.47,
                          "Plan Rows": 99620,
                          "Plan Width": 8,
                          "Actual Startup Time": 136.592,
                          "Actual Total Time": 177.851,
                          "Actual Rows": 83380,
                          "Actual Loops": 6,
                          "Inner Unique": true,
                          "Hash Cond": "(mi_idx.movie_id = t.id)",
                          "Plans": [
                            {
                              "Node Type": "Seq Scan",
                              "Parent Relationship": "Outer",
                              "Parallel Aware": true,
                              "Relation Name": "movie_info_idx",
                              "Alias": "mi_idx",
                              "Startup Cost": 0.0,
                              "Total Cost": 13685.15,
                              "Plan Rows": 575015,
                              "Plan Width": 4,
                              "Actual Startup Time": 0.023,
                              "Actual Total Time": 21.17,
                              "Actual Rows": 230006,
                              "Actual Loops": 6
                            },
                            {
                              "Node Type": "Hash",
                              "Parent Relationship": "Inner",
                              "Parallel Aware": true,
                              "Startup Cost": 45479.1,
                              "Total Cost": 45479.1,
                              "Plan Rows": 109505,
                              "Plan Width": 4,
                              "Actual Startup Time": 113.886,
                              "Actual Total Time": 113.887,
                              "Actual Rows": 78986,
                              "Actual Loops": 6,
                              "Hash Buckets": 524288,
                              "Original Hash Buckets": 524288,
                              "Hash Batches": 1,
                              "Original Hash Batches": 1,
                              "Peak Memory Usage": 22752,
                              "Plans": [
                                {
                                  "Node Type": "Seq Scan",
                                  "Parent Relationship": "Outer",
                                  "Parallel Aware": true,
                                  "Relation Name": "title",
                                  "Alias": "t",
                                  "Startup Cost": 0.0,
                                  "Total Cost": 45479.1,
                                  "Plan Rows": 109505,
                                  "Plan Width": 4,
                                  "Actual Startup Time": 52.468,
                                  "Actual Total Time": 84.732,
                                  "Actual Rows": 78986,
                                  "Actual Loops": 6,
                                  "Filter": "((production_year < 2008) AND (kind_id = 1))",
                                  "Rows Removed by Filter": 342399
                                }
                              ]
                            }
                          ]
                        }
                      ]
                    }
                  ]
                }
              ]
            }
          ]
        }
      ]
    },
    "Planning Time": 1.337,
    "Triggers": [],
    "Execution Time": 511.363
  }
]