[
    {
        "Bao": {
            "Bao prediction": "NaN",
            "Bao recommended hint": "(no hint)"
        }
    },
    {
        "Plan": {
            "Node Type": "Aggregate",
            "Strategy": "Plain",
            "Partial Mode": "Simple",
            "Parallel Aware": false,
            "Startup Cost": 1264.11,
            "Total Cost": 1264.12,
            "Plan Rows": 1,
            "Plan Width": 8,
            "Actual Startup Time": 0.541,
            "Actual Total Time": 0.543,
            "Actual Rows": 1,
            "Actual Loops": 1,
            "Output": [
                "count(*)"
            ],
            "Plans": [
                {
                    "Node Type": "Nested Loop",
                    "Parent Relationship": "Outer",
                    "Parallel Aware": false,
                    "Join Type": "Inner",
                    "Startup Cost": 1.43,
                    "Total Cost": 1264.09,
                    "Plan Rows": 9,
                    "Plan Width": 0,
                    "Actual Startup Time": 0.422,
                    "Actual Total Time": 0.538,
                    "Actual Rows": 5,
                    "Actual Loops": 1,
                    "Inner Unique": false,
                    "Plans": [
                        {
                            "Node Type": "Nested Loop",
                            "Parent Relationship": "Outer",
                            "Parallel Aware": false,
                            "Join Type": "Inner",
                            "Startup Cost": 0.99,
                            "Total Cost": 1233.94,
                            "Plan Rows": 18,
                            "Plan Width": 8,
                            "Actual Startup Time": 0.391,
                            "Actual Total Time": 0.424,
                            "Actual Rows": 5,
                            "Actual Loops": 1,
                            "Output": [
                                "t.id",
                                "ci.movie_id"
                            ],
                            "Inner Unique": true,
                            "Plans": [
                                {
                                    "Node Type": "Index Scan",
                                    "Parent Relationship": "Outer",
                                    "Parallel Aware": false,
                                    "Scan Direction": "Forward",
                                    "Index Name": "person_id_cast_info",
                                    "Relation Name": "cast_info",
                                    "Schema": "public",
                                    "Alias": "ci",
                                    "Startup Cost": 0.56,
                                    "Total Cost": 1039.59,
                                    "Plan Rows": 23,
                                    "Plan Width": 4,
                                    "Actual Startup Time": 0.376,
                                    "Actual Total Time": 0.386,
                                    "Actual Rows": 5,
                                    "Actual Loops": 1,
                                    "Output": [
                                        "ci.id",
                                        "ci.person_id",
                                        "ci.movie_id",
                                        "ci.person_role_id",
                                        "ci.note",
                                        "ci.nr_order",
                                        "ci.role_id"
                                    ],
                                    "Index Cond": "(ci.person_id = 929347)",
                                    "Rows Removed by Index Recheck": 0,
                                    "Filter": "(ci.role_id = 8)",
                                    "Rows Removed by Filter": 1866
                                },
                                {
                                    "Node Type": "Index Scan",
                                    "Parent Relationship": "Inner",
                                    "Parallel Aware": false,
                                    "Scan Direction": "Forward",
                                    "Index Name": "title_pkey",
                                    "Relation Name": "title",
                                    "Schema": "public",
                                    "Alias": "t",
                                    "Startup Cost": 0.43,
                                    "Total Cost": 8.45,
                                    "Plan Rows": 1,
                                    "Plan Width": 4,
                                    "Actual Startup Time": 0.007,
                                    "Actual Total Time": 0.007,
                                    "Actual Rows": 1,
                                    "Actual Loops": 5,
                                    "Output": [
                                        "t.id",
                                        "t.title",
                                        "t.imdb_index",
                                        "t.kind_id",
                                        "t.production_year",
                                        "t.imdb_id",
                                        "t.phonetic_code",
                                        "t.episode_of_id",
                                        "t.season_nr",
                                        "t.episode_nr",
                                        "t.series_years",
                                        "t.md5sum"
                                    ],
                                    "Index Cond": "(t.id = ci.movie_id)",
                                    "Rows Removed by Index Recheck": 0,
                                    "Filter": "(t.production_year > 1974)",
                                    "Rows Removed by Filter": 0
                                }
                            ]
                        },
                        {
                            "Node Type": "Index Scan",
                            "Parent Relationship": "Inner",
                            "Parallel Aware": false,
                            "Scan Direction": "Forward",
                            "Index Name": "movie_id_movie_info",
                            "Relation Name": "movie_info",
                            "Schema": "public",
                            "Alias": "mi",
                            "Startup Cost": 0.43,
                            "Total Cost": 1.65,
                            "Plan Rows": 3,
                            "Plan Width": 4,
                            "Actual Startup Time": 0.02,
                            "Actual Total Time": 0.022,
                            "Actual Rows": 1,
                            "Actual Loops": 5,
                            "Output": [
                                "mi.id",
                                "mi.movie_id",
                                "mi.info_type_id",
                                "mi.info",
                                "mi.note"
                            ],
                            "Index Cond": "(mi.movie_id = t.id)",
                            "Rows Removed by Index Recheck": 0,
                            "Filter": "(mi.info_type_id = 2)",
                            "Rows Removed by Filter": 13
                        }
                    ]
                }
            ]
        },
        "Planning Time": 293.749,
        "Triggers": [],
        "Execution Time": 0.595
    }
]