{
  "Plan": {
    "Node Type": "Aggregate",
    "Strategy": "Plain",
    "Partial Mode": "Finalize",
    "Parallel Aware": false,
    "Startup Cost": 153502.43,
    "Total Cost": 153502.44,
    "Plan Rows": 1,
    "Plan Width": 8,
    "Actual Startup Time": 1196.922,
    "Actual Total Time": 1220.18,
    "Actual Rows": 1,
    "Actual Loops": 1,
    "Plans": [
      {
        "Node Type": "Gather",
        "Parent Relationship": "Outer",
        "Parallel Aware": false,
        "Startup Cost": 153502.31,
        "Total Cost": 153502.42,
        "Plan Rows": 1,
        "Plan Width": 8,
        "Actual Startup Time": 1190.973,
        "Actual Total Time": 1220.172,
        "Actual Rows": 2,
        "Actual Loops": 1,
        "Workers Planned": 1,
        "Workers Launched": 1,
        "Single Copy": false,
        "Plans": [
          {
            "Node Type": "Aggregate",
            "Strategy": "Plain",
            "Partial Mode": "Partial",
            "Parent Relationship": "Outer",
            "Parallel Aware": false,
            "Startup Cost": 152502.31,
            "Total Cost": 152502.32,
            "Plan Rows": 1,
            "Plan Width": 8,
            "Actual Startup Time": 1184.277,
            "Actual Total Time": 1184.284,
            "Actual Rows": 1,
            "Actual Loops": 2,
            "Plans": [
              {
                "Node Type": "Hash Join",
                "Parent Relationship": "Outer",
                "Parallel Aware": true,
                "Join Type": "Inner",
                "Startup Cost": 110373.82,
                "Total Cost": 151835.66,
                "Plan Rows": 266661,
                "Plan Width": 0,
                "Actual Startup Time": 753.004,
                "Actual Total Time": 1115.311,
                "Actual Rows": 1751770,
                "Actual Loops": 2,
                "Inner Unique": false,
                "Hash Cond": "(mc.movie_id = t.id)",
                "Plans": [
                  {
                    "Node Type": "Seq Scan",
                    "Parent Relationship": "Outer",
                    "Parallel Aware": true,
                    "Relation Name": "movie_companies",
                    "Alias": "mc",
                    "Startup Cost": 0.0,
                    "Total Cost": 34137.82,
                    "Plan Rows": 1534782,
                    "Plan Width": 4,
                    "Actual Startup Time": 0.015,
                    "Actual Total Time": 97.364,
                    "Actual Rows": 1304564,
                    "Actual Loops": 2
                  },
                  {
                    "Node Type": "Hash",
                    "Parent Relationship": "Inner",
                    "Parallel Aware": true,
                    "Startup Cost": 107143.83,
                    "Total Cost": 107143.83,
                    "Plan Rows": 258399,
                    "Plan Width": 8,
                    "Actual Startup Time": 731.337,
                    "Actual Total Time": 731.342,
                    "Actual Rows": 214537,
                    "Actual Loops": 2,
                    "Hash Buckets": 524288,
                    "Original Hash Buckets": 524288,
                    "Hash Batches": 1,
                    "Original Hash Batches": 1,
                    "Peak Memory Usage": 20896,
                    "Plans": [
                      {
                        "Node Type": "Hash Join",
                        "Parent Relationship": "Outer",
                        "Parallel Aware": true,
                        "Join Type": "Inner",
                        "Startup Cost": 78781.54,
                        "Total Cost": 107143.83,
                        "Plan Rows": 258399,
                        "Plan Width": 8,
                        "Actual Startup Time": 567.59,
                        "Actual Total Time": 689.544,
                        "Actual Rows": 214537,
                        "Actual Loops": 2,
                        "Inner Unique": true,
                        "Hash Cond": "(mk.movie_id = t.id)",
                        "Plans": [
                          {
                            "Node Type": "Bitmap Heap Scan",
                            "Parent Relationship": "Outer",
                            "Parallel Aware": true,
                            "Relation Name": "movie_keyword",
                            "Alias": "mk",
                            "Startup Cost": 9320.84,
                            "Total Cost": 37004.84,
                            "Plan Rows": 258399,
                            "Plan Width": 4,
                            "Actual Startup Time": 26.405,
                            "Actual Total Time": 88.606,
                            "Actual Rows": 214537,
                            "Actual Loops": 2,
                            "Recheck Cond": "(keyword_id > 40812)",
                            "Rows Removed by Index Recheck": 0,
                            "Exact Heap Blocks": 12536,
                            "Lossy Heap Blocks": 0,
                            "Plans": [
                              {
                                "Node Type": "Bitmap Index Scan",
                                "Parent Relationship": "Outer",
                                "Parallel Aware": false,
                                "Index Name": "keyword_id_movie_keyword",
                                "Startup Cost": 0.0,
                                "Total Cost": 9211.02,
                                "Plan Rows": 439279,
                                "Plan Width": 0,
                                "Actual Startup Time": 23.1,
                                "Actual Total Time": 23.1,
                                "Actual Rows": 429074,
                                "Actual Loops": 1,
                                "Index Cond": "(keyword_id > 40812)"
                              }
                            ]
                          },
                          {
                            "Node Type": "Hash",
                            "Parent Relationship": "Inner",
                            "Parallel Aware": true,
                            "Startup Cost": 50870.31,
                            "Total Cost": 50870.31,
                            "Plan Rows": 1487231,
                            "Plan Width": 4,
                            "Actual Startup Time": 523.039,
                            "Actual Total Time": 523.04,
                            "Actual Rows": 1264156,
                            "Actual Loops": 2,
                            "Hash Buckets": 4194304,
                            "Original Hash Buckets": 4194304,
                            "Hash Batches": 1,
                            "Original Hash Batches": 1,
                            "Peak Memory Usage": 131712,
                            "Plans": [
                              {
                                "Node Type": "Seq Scan",
                                "Parent Relationship": "Outer",
                                "Parallel Aware": true,
                                "Relation Name": "title",
                                "Alias": "t",
                                "Startup Cost": 0.0,
                                "Total Cost": 50870.31,
                                "Plan Rows": 1487231,
                                "Plan Width": 4,
                                "Actual Startup Time": 0.028,
                                "Actual Total Time": 152.695,
                                "Actual Rows": 1264156,
                                "Actual Loops": 2
                              }
                            ]
                          }
                        ]
                      }
                    ]
                  }
                ]
              }
            ]
          }
        ]
      }
    ]
  },
  "Planning Time": 1.058,
  "Triggers": [],
  "Execution Time": 1220.281
}