[
    {
        "Bao": {
            "Bao prediction": "NaN",
            "Bao recommended hint": "(no hint)"
        }
    },
    {
        "Plan": {
            "Node Type": "Aggregate",
            "Strategy": "Plain",
            "Partial Mode": "Finalize",
            "Parallel Aware": false,
            "Startup Cost": 218029.92,
            "Total Cost": 218029.93,
            "Plan Rows": 1,
            "Plan Width": 8,
            "Actual Startup Time": 173.806,
            "Actual Total Time": 193.568,
            "Actual Rows": 1,
            "Actual Loops": 1,
            "Output": [
                "count(*)"
            ],
            "Plans": [
                {
                    "Node Type": "Gather",
                    "Parent Relationship": "Outer",
                    "Parallel Aware": false,
                    "Startup Cost": 218029.5,
                    "Total Cost": 218029.91,
                    "Plan Rows": 4,
                    "Plan Width": 8,
                    "Actual Startup Time": 173.688,
                    "Actual Total Time": 193.561,
                    "Actual Rows": 5,
                    "Actual Loops": 1,
                    "Output": [
                        "(PARTIAL count(*))"
                    ],
                    "Workers Planned": 4,
                    "Workers Launched": 4,
                    "Single Copy": false,
                    "Plans": [
                        {
                            "Node Type": "Aggregate",
                            "Strategy": "Plain",
                            "Partial Mode": "Partial",
                            "Parent Relationship": "Outer",
                            "Parallel Aware": false,
                            "Startup Cost": 217029.5,
                            "Total Cost": 217029.51,
                            "Plan Rows": 1,
                            "Plan Width": 8,
                            "Actual Startup Time": 164.024,
                            "Actual Total Time": 164.026,
                            "Actual Rows": 1,
                            "Actual Loops": 5,
                            "Output": [
                                "PARTIAL count(*)"
                            ],
                            "Workers": [
                                {
                                    "Worker Number": 0,
                                    "Actual Startup Time": 161.206,
                                    "Actual Total Time": 161.207,
                                    "Actual Rows": 1,
                                    "Actual Loops": 1
                                },
                                {
                                    "Worker Number": 1,
                                    "Actual Startup Time": 161.579,
                                    "Actual Total Time": 161.581,
                                    "Actual Rows": 1,
                                    "Actual Loops": 1
                                },
                                {
                                    "Worker Number": 2,
                                    "Actual Startup Time": 161.86,
                                    "Actual Total Time": 161.861,
                                    "Actual Rows": 1,
                                    "Actual Loops": 1
                                },
                                {
                                    "Worker Number": 3,
                                    "Actual Startup Time": 162.189,
                                    "Actual Total Time": 162.191,
                                    "Actual Rows": 1,
                                    "Actual Loops": 1
                                }
                            ],
                            "Plans": [
                                {
                                    "Node Type": "Nested Loop",
                                    "Parent Relationship": "Outer",
                                    "Parallel Aware": false,
                                    "Join Type": "Inner",
                                    "Startup Cost": 0.43,
                                    "Total Cost": 216995.92,
                                    "Plan Rows": 13430,
                                    "Plan Width": 0,
                                    "Actual Startup Time": 50.588,
                                    "Actual Total Time": 160.98,
                                    "Actual Rows": 48039,
                                    "Actual Loops": 5,
                                    "Inner Unique": false,
                                    "Workers": [
                                        {
                                            "Worker Number": 0,
                                            "Actual Startup Time": 47.787,
                                            "Actual Total Time": 158.323,
                                            "Actual Rows": 44046,
                                            "Actual Loops": 1
                                        },
                                        {
                                            "Worker Number": 1,
                                            "Actual Startup Time": 48.162,
                                            "Actual Total Time": 158.666,
                                            "Actual Rows": 44627,
                                            "Actual Loops": 1
                                        },
                                        {
                                            "Worker Number": 2,
                                            "Actual Startup Time": 48.454,
                                            "Actual Total Time": 158.618,
                                            "Actual Rows": 28103,
                                            "Actual Loops": 1
                                        },
                                        {
                                            "Worker Number": 3,
                                            "Actual Startup Time": 48.779,
                                            "Actual Total Time": 159.489,
                                            "Actual Rows": 38230,
                                            "Actual Loops": 1
                                        }
                                    ],
                                    "Plans": [
                                        {
                                            "Node Type": "Seq Scan",
                                            "Parent Relationship": "Outer",
                                            "Parallel Aware": true,
                                            "Relation Name": "title",
                                            "Schema": "public",
                                            "Alias": "t",
                                            "Startup Cost": 0.0,
                                            "Total Cost": 45479.21,
                                            "Plan Rows": 2301,
                                            "Plan Width": 4,
                                            "Actual Startup Time": 50.478,
                                            "Actual Total Time": 73.85,
                                            "Actual Rows": 4901,
                                            "Actual Loops": 5,
                                            "Output": [
                                                "t.id",
                                                "t.title",
                                                "t.imdb_index",
                                                "t.kind_id",
                                                "t.production_year",
                                                "t.imdb_id",
                                                "t.phonetic_code",
                                                "t.episode_of_id",
                                                "t.season_nr",
                                                "t.episode_nr",
                                                "t.series_years",
                                                "t.md5sum"
                                            ],
                                            "Filter": "((t.kind_id < 7) AND (t.production_year < 1910))",
                                            "Rows Removed by Filter": 500761,
                                            "Workers": [
                                                {
                                                    "Worker Number": 0,
                                                    "Actual Startup Time": 47.67,
                                                    "Actual Total Time": 69.743,
                                                    "Actual Rows": 4491,
                                                    "Actual Loops": 1
                                                },
                                                {
                                                    "Worker Number": 1,
                                                    "Actual Startup Time": 48.036,
                                                    "Actual Total Time": 70.134,
                                                    "Actual Rows": 4577,
                                                    "Actual Loops": 1
                                                },
                                                {
                                                    "Worker Number": 2,
                                                    "Actual Startup Time": 48.305,
                                                    "Actual Total Time": 69.867,
                                                    "Actual Rows": 2868,
                                                    "Actual Loops": 1
                                                },
                                                {
                                                    "Worker Number": 3,
                                                    "Actual Startup Time": 48.648,
                                                    "Actual Total Time": 70.164,
                                                    "Actual Rows": 3902,
                                                    "Actual Loops": 1
                                                }
                                            ]
                                        },
                                        {
                                            "Node Type": "Index Only Scan",
                                            "Parent Relationship": "Inner",
                                            "Parallel Aware": false,
                                            "Scan Direction": "Forward",
                                            "Index Name": "movie_id_movie_info",
                                            "Relation Name": "movie_info",
                                            "Schema": "public",
                                            "Alias": "mi",
                                            "Startup Cost": 0.43,
                                            "Total Cost": 74.15,
                                            "Plan Rows": 39,
                                            "Plan Width": 4,
                                            "Actual Startup Time": 0.008,
                                            "Actual Total Time": 0.017,
                                            "Actual Rows": 10,
                                            "Actual Loops": 24507,
                                            "Output": [
                                                "mi.movie_id"
                                            ],
                                            "Index Cond": "(mi.movie_id = t.id)",
                                            "Rows Removed by Index Recheck": 0,
                                            "Heap Fetches": 240194,
                                            "Workers": [
                                                {
                                                    "Worker Number": 0,
                                                    "Actual Startup Time": 0.009,
                                                    "Actual Total Time": 0.019,
                                                    "Actual Rows": 10,
                                                    "Actual Loops": 4491
                                                },
                                                {
                                                    "Worker Number": 1,
                                                    "Actual Startup Time": 0.009,
                                                    "Actual Total Time": 0.018,
                                                    "Actual Rows": 10,
                                                    "Actual Loops": 4577
                                                },
                                                {
                                                    "Worker Number": 2,
                                                    "Actual Startup Time": 0.014,
                                                    "Actual Total Time": 0.029,
                                                    "Actual Rows": 10,
                                                    "Actual Loops": 2868
                                                },
                                                {
                                                    "Worker Number": 3,
                                                    "Actual Startup Time": 0.011,
                                                    "Actual Total Time": 0.022,
                                                    "Actual Rows": 10,
                                                    "Actual Loops": 3902
                                                }
                                            ]
                                        }
                                    ]
                                }
                            ]
                        }
                    ]
                }
            ]
        },
        "Planning Time": 185.61,
        "Triggers": [],
        "Execution Time": 193.673
    }
]