{
  "Plan": {
    "Node Type": "Aggregate",
    "Strategy": "Plain",
    "Partial Mode": "Finalize",
    "Parallel Aware": false,
    "Startup Cost": 133704.74,
    "Total Cost": 133704.75,
    "Plan Rows": 1,
    "Plan Width": 8,
    "Actual Startup Time": 789.734,
    "Actual Total Time": 806.305,
    "Actual Rows": 1,
    "Actual Loops": 1,
    "Plans": [
      {
        "Node Type": "Gather",
        "Parent Relationship": "Outer",
        "Parallel Aware": false,
        "Startup Cost": 133704.63,
        "Total Cost": 133704.74,
        "Plan Rows": 1,
        "Plan Width": 8,
        "Actual Startup Time": 785.999,
        "Actual Total Time": 806.298,
        "Actual Rows": 2,
        "Actual Loops": 1,
        "Workers Planned": 1,
        "Workers Launched": 1,
        "Single Copy": false,
        "Plans": [
          {
            "Node Type": "Aggregate",
            "Strategy": "Plain",
            "Partial Mode": "Partial",
            "Parent Relationship": "Outer",
            "Parallel Aware": false,
            "Startup Cost": 132704.63,
            "Total Cost": 132704.64,
            "Plan Rows": 1,
            "Plan Width": 8,
            "Actual Startup Time": 778.811,
            "Actual Total Time": 778.818,
            "Actual Rows": 1,
            "Actual Loops": 2,
            "Plans": [
              {
                "Node Type": "Merge Join",
                "Parent Relationship": "Outer",
                "Parallel Aware": false,
                "Join Type": "Inner",
                "Startup Cost": 131153.89,
                "Total Cost": 132704.55,
                "Plan Rows": 31,
                "Plan Width": 0,
                "Actual Startup Time": 734.269,
                "Actual Total Time": 778.771,
                "Actual Rows": 771,
                "Actual Loops": 2,
                "Inner Unique": false,
                "Merge Cond": "(t.id = mk.movie_id)",
                "Plans": [
                  {
                    "Node Type": "Sort",
                    "Parent Relationship": "Outer",
                    "Parallel Aware": false,
                    "Startup Cost": 130220.88,
                    "Total Cost": 130996.3,
                    "Plan Rows": 310168,
                    "Plan Width": 8,
                    "Actual Startup Time": 730.757,
                    "Actual Total Time": 750.097,
                    "Actual Rows": 571378,
                    "Actual Loops": 2,
                    "Sort Key": [
                      "t.id"
                    ],
                    "Sort Method": "quicksort",
                    "Sort Space Used": 52426,
                    "Sort Space Type": "Memory",
                    "Workers": [
                      {
                        "Worker Number": 0,
                        "Sort Method": "quicksort",
                        "Sort Space Used": 50809,
                        "Sort Space Type": "Memory"
                      }
                    ],
                    "Plans": [
                      {
                        "Node Type": "Hash Join",
                        "Parent Relationship": "Outer",
                        "Parallel Aware": true,
                        "Join Type": "Inner",
                        "Startup Cost": 61878.3,
                        "Total Cost": 101929.38,
                        "Plan Rows": 310168,
                        "Plan Width": 8,
                        "Actual Startup Time": 297.513,
                        "Actual Total Time": 613.542,
                        "Actual Rows": 576874,
                        "Actual Loops": 2,
                        "Inner Unique": true,
                        "Hash Cond": "(mc.movie_id = t.id)",
                        "Plans": [
                          {
                            "Node Type": "Seq Scan",
                            "Parent Relationship": "Outer",
                            "Parallel Aware": true,
                            "Relation Name": "movie_companies",
                            "Alias": "mc",
                            "Startup Cost": 0.0,
                            "Total Cost": 37974.77,
                            "Plan Rows": 790975,
                            "Plan Width": 4,
                            "Actual Startup Time": 17.222,
                            "Actual Total Time": 128.748,
                            "Actual Rows": 676390,
                            "Actual Loops": 2,
                            "Filter": "(company_id > 11156)",
                            "Rows Removed by Filter": 628174
                          },
                          {
                            "Node Type": "Hash",
                            "Parent Relationship": "Inner",
                            "Parallel Aware": true,
                            "Startup Cost": 54588.39,
                            "Total Cost": 54588.39,
                            "Plan Rows": 583193,
                            "Plan Width": 4,
                            "Actual Startup Time": 271.2,
                            "Actual Total Time": 271.201,
                            "Actual Rows": 492524,
                            "Actual Loops": 2,
                            "Hash Buckets": 1048576,
                            "Original Hash Buckets": 1048576,
                            "Hash Batches": 1,
                            "Original Hash Batches": 1,
                            "Peak Memory Usage": 46752,
                            "Plans": [
                              {
                                "Node Type": "Seq Scan",
                                "Parent Relationship": "Outer",
                                "Parallel Aware": true,
                                "Relation Name": "title",
                                "Alias": "t",
                                "Startup Cost": 0.0,
                                "Total Cost": 54588.39,
                                "Plan Rows": 583193,
                                "Plan Width": 4,
                                "Actual Startup Time": 0.031,
                                "Actual Total Time": 155.542,
                                "Actual Rows": 492524,
                                "Actual Loops": 2,
                                "Filter": "(kind_id < 7)",
                                "Rows Removed by Filter": 771632
                              }
                            ]
                          }
                        ]
                      }
                    ]
                  },
                  {
                    "Node Type": "Sort",
                    "Parent Relationship": "Inner",
                    "Parallel Aware": false,
                    "Startup Cost": 932.85,
                    "Total Cost": 933.47,
                    "Plan Rows": 248,
                    "Plan Width": 4,
                    "Actual Startup Time": 1.605,
                    "Actual Total Time": 1.642,
                    "Actual Rows": 922,
                    "Actual Loops": 2,
                    "Sort Key": [
                      "mk.movie_id"
                    ],
                    "Sort Method": "quicksort",
                    "Sort Space Used": 40,
                    "Sort Space Type": "Memory",
                    "Workers": [
                      {
                        "Worker Number": 0,
                        "Sort Method": "quicksort",
                        "Sort Space Used": 40,
                        "Sort Space Type": "Memory"
                      }
                    ],
                    "Plans": [
                      {
                        "Node Type": "Bitmap Heap Scan",
                        "Parent Relationship": "Outer",
                        "Parallel Aware": false,
                        "Relation Name": "movie_keyword",
                        "Alias": "mk",
                        "Startup Cost": 6.35,
                        "Total Cost": 922.98,
                        "Plan Rows": 248,
                        "Plan Width": 4,
                        "Actual Startup Time": 0.147,
                        "Actual Total Time": 1.525,
                        "Actual Rows": 330,
                        "Actual Loops": 2,
                        "Recheck Cond": "(keyword_id = 1190)",
                        "Rows Removed by Index Recheck": 0,
                        "Exact Heap Blocks": 321,
                        "Lossy Heap Blocks": 0,
                        "Plans": [
                          {
                            "Node Type": "Bitmap Index Scan",
                            "Parent Relationship": "Outer",
                            "Parallel Aware": false,
                            "Index Name": "keyword_id_movie_keyword",
                            "Startup Cost": 0.0,
                            "Total Cost": 6.29,
                            "Plan Rows": 248,
                            "Plan Width": 0,
                            "Actual Startup Time": 0.108,
                            "Actual Total Time": 0.109,
                            "Actual Rows": 330,
                            "Actual Loops": 2,
                            "Index Cond": "(keyword_id = 1190)"
                          }
                        ]
                      }
                    ]
                  }
                ]
              }
            ]
          }
        ]
      }
    ]
  },
  "Planning Time": 0.984,
  "Triggers": [],
  "Execution Time": 806.423
}