[
  {
    "Plan": {
      "Node Type": "Aggregate",
      "Strategy": "Plain",
      "Partial Mode": "Finalize",
      "Parallel Aware": false,
      "Startup Cost": 373473.61,
      "Total Cost": 373473.62,
      "Plan Rows": 1,
      "Plan Width": 8,
      "Actual Startup Time": 1470.925,
      "Actual Total Time": 1543.813,
      "Actual Rows": 1,
      "Actual Loops": 1,
      "Plans": [
        {
          "Node Type": "Gather",
          "Parent Relationship": "Outer",
          "Parallel Aware": false,
          "Startup Cost": 373473.19,
          "Total Cost": 373473.6,
          "Plan Rows": 4,
          "Plan Width": 8,
          "Actual Startup Time": 1470.815,
          "Actual Total Time": 1543.803,
          "Actual Rows": 5,
          "Actual Loops": 1,
          "Workers Planned": 4,
          "Workers Launched": 4,
          "Single Copy": false,
          "Plans": [
            {
              "Node Type": "Aggregate",
              "Strategy": "Plain",
              "Partial Mode": "Partial",
              "Parent Relationship": "Outer",
              "Parallel Aware": false,
              "Startup Cost": 372473.19,
              "Total Cost": 372473.2,
              "Plan Rows": 1,
              "Plan Width": 8,
              "Actual Startup Time": 1351.722,
              "Actual Total Time": 1351.725,
              "Actual Rows": 1,
              "Actual Loops": 5,
              "Plans": [
                {
                  "Node Type": "Nested Loop",
                  "Parent Relationship": "Outer",
                  "Parallel Aware": false,
                  "Join Type": "Inner",
                  "Startup Cost": 3.5,
                  "Total Cost": 371468.61,
                  "Plan Rows": 401832,
                  "Plan Width": 0,
                  "Actual Startup Time": 3.684,
                  "Actual Total Time": 1321.348,
                  "Actual Rows": 647526,
                  "Actual Loops": 5,
                  "Inner Unique": false,
                  "Join Filter": "(t.id = ci.movie_id)",
                  "Rows Removed by Join Filter": 0,
                  "Plans": [
                    {
                      "Node Type": "Merge Join",
                      "Parent Relationship": "Outer",
                      "Parallel Aware": false,
                      "Join Type": "Inner",
                      "Startup Cost": 2.93,
                      "Total Cost": 154934.32,
                      "Plan Rows": 66606,
                      "Plan Width": 8,
                      "Actual Startup Time": 3.338,
                      "Actual Total Time": 531.758,
                      "Actual Rows": 25196,
                      "Actual Loops": 5,
                      "Inner Unique": false,
                      "Merge Cond": "(t.id = mi_idx.movie_id)",
                      "Plans": [
                        {
                          "Node Type": "Index Scan",
                          "Parent Relationship": "Outer",
                          "Parallel Aware": true,
                          "Scan Direction": "Forward",
                          "Index Name": "title_pkey",
                          "Relation Name": "title",
                          "Alias": "t",
                          "Startup Cost": 0.43,
                          "Total Cost": 94538.14,
                          "Plan Rows": 183232,
                          "Plan Width": 4,
                          "Actual Startup Time": 0.115,
                          "Actual Total Time": 345.749,
                          "Actual Rows": 159231,
                          "Actual Loops": 5,
                          "Filter": "((production_year > 2003) AND (kind_id = 7))",
                          "Rows Removed by Filter": 346341
                        },
                        {
                          "Node Type": "Index Scan",
                          "Parent Relationship": "Inner",
                          "Parallel Aware": false,
                          "Scan Direction": "Forward",
                          "Index Name": "movie_id_movie_info_idx",
                          "Relation Name": "movie_info_idx",
                          "Alias": "mi_idx",
                          "Startup Cost": 0.43,
                          "Total Cost": 57070.31,
                          "Plan Rows": 919057,
                          "Plan Width": 4,
                          "Actual Startup Time": 0.142,
                          "Actual Total Time": 149.102,
                          "Actual Rows": 583192,
                          "Actual Loops": 5,
                          "Filter": "(info_type_id < 101)",
                          "Rows Removed by Filter": 291700
                        }
                      ]
                    },
                    {
                      "Node Type": "Index Scan",
                      "Parent Relationship": "Inner",
                      "Parallel Aware": false,
                      "Scan Direction": "Forward",
                      "Index Name": "movie_id_cast_info",
                      "Relation Name": "cast_info",
                      "Alias": "ci",
                      "Startup Cost": 0.56,
                      "Total Cost": 3.06,
                      "Plan Rows": 15,
                      "Plan Width": 4,
                      "Actual Startup Time": 0.011,
                      "Actual Total Time": 0.029,
                      "Actual Rows": 26,
                      "Actual Loops": 125978,
                      "Index Cond": "(movie_id = mi_idx.movie_id)",
                      "Rows Removed by Index Recheck": 0,
                      "Filter": "((person_id > 1279805) AND (role_id > 1))",
                      "Rows Removed by Filter": 16
                    }
                  ]
                }
              ]
            }
          ]
        }
      ]
    },
    "Planning Time": 1.073,
    "Triggers": [],
    "Execution Time": 1543.941
  }
]