[
  {
    "Plan": {
      "Node Type": "Aggregate",
      "Strategy": "Plain",
      "Partial Mode": "Finalize",
      "Parallel Aware": false,
      "Startup Cost": 36095.03,
      "Total Cost": 36095.04,
      "Plan Rows": 1,
      "Plan Width": 8,
      "Actual Startup Time": 27.715,
      "Actual Total Time": 32.487,
      "Actual Rows": 1,
      "Actual Loops": 1,
      "Plans": [
        {
          "Node Type": "Gather",
          "Parent Relationship": "Outer",
          "Parallel Aware": false,
          "Startup Cost": 36094.81,
          "Total Cost": 36095.02,
          "Plan Rows": 2,
          "Plan Width": 8,
          "Actual Startup Time": 27.604,
          "Actual Total Time": 32.481,
          "Actual Rows": 3,
          "Actual Loops": 1,
          "Workers Planned": 2,
          "Workers Launched": 2,
          "Single Copy": false,
          "Plans": [
            {
              "Node Type": "Aggregate",
              "Strategy": "Plain",
              "Partial Mode": "Partial",
              "Parent Relationship": "Outer",
              "Parallel Aware": false,
              "Startup Cost": 35094.81,
              "Total Cost": 35094.82,
              "Plan Rows": 1,
              "Plan Width": 8,
              "Actual Startup Time": 23.903,
              "Actual Total Time": 23.904,
              "Actual Rows": 1,
              "Actual Loops": 3,
              "Plans": [
                {
                  "Node Type": "Nested Loop",
                  "Parent Relationship": "Outer",
                  "Parallel Aware": false,
                  "Join Type": "Inner",
                  "Startup Cost": 145.88,
                  "Total Cost": 35094.79,
                  "Plan Rows": 10,
                  "Plan Width": 0,
                  "Actual Startup Time": 7.232,
                  "Actual Total Time": 23.891,
                  "Actual Rows": 41,
                  "Actual Loops": 3,
                  "Inner Unique": false,
                  "Plans": [
                    {
                      "Node Type": "Nested Loop",
                      "Parent Relationship": "Outer",
                      "Parallel Aware": false,
                      "Join Type": "Inner",
                      "Startup Cost": 145.45,
                      "Total Cost": 35020.86,
                      "Plan Rows": 19,
                      "Plan Width": 8,
                      "Actual Startup Time": 6.787,
                      "Actual Total Time": 23.539,
                      "Actual Rows": 15,
                      "Actual Loops": 3,
                      "Inner Unique": true,
                      "Plans": [
                        {
                          "Node Type": "Bitmap Heap Scan",
                          "Parent Relationship": "Outer",
                          "Parallel Aware": true,
                          "Relation Name": "movie_keyword",
                          "Alias": "mk",
                          "Startup Cost": 145.02,
                          "Total Cost": 15193.32,
                          "Plan Rows": 2828,
                          "Plan Width": 4,
                          "Actual Startup Time": 1.579,
                          "Actual Total Time": 8.31,
                          "Actual Rows": 1533,
                          "Actual Loops": 3,
                          "Recheck Cond": "(keyword_id = 110)",
                          "Rows Removed by Index Recheck": 0,
                          "Exact Heap Blocks": 2315,
                          "Lossy Heap Blocks": 0,
                          "Plans": [
                            {
                              "Node Type": "Bitmap Index Scan",
                              "Parent Relationship": "Outer",
                              "Parallel Aware": false,
                              "Index Name": "keyword_id_movie_keyword",
                              "Startup Cost": 0.0,
                              "Total Cost": 143.33,
                              "Plan Rows": 6786,
                              "Plan Width": 0,
                              "Actual Startup Time": 3.099,
                              "Actual Total Time": 3.1,
                              "Actual Rows": 4600,
                              "Actual Loops": 1,
                              "Index Cond": "(keyword_id = 110)"
                            }
                          ]
                        },
                        {
                          "Node Type": "Index Scan",
                          "Parent Relationship": "Inner",
                          "Parallel Aware": false,
                          "Scan Direction": "Forward",
                          "Index Name": "title_pkey",
                          "Relation Name": "title",
                          "Alias": "t",
                          "Startup Cost": 0.43,
                          "Total Cost": 7.01,
                          "Plan Rows": 1,
                          "Plan Width": 4,
                          "Actual Startup Time": 0.009,
                          "Actual Total Time": 0.009,
                          "Actual Rows": 0,
                          "Actual Loops": 4600,
                          "Index Cond": "(id = mk.movie_id)",
                          "Rows Removed by Index Recheck": 0,
                          "Filter": "(production_year = 1984)",
                          "Rows Removed by Filter": 1
                        }
                      ]
                    },
                    {
                      "Node Type": "Index Only Scan",
                      "Parent Relationship": "Inner",
                      "Parallel Aware": false,
                      "Scan Direction": "Forward",
                      "Index Name": "movie_id_movie_info_idx",
                      "Relation Name": "movie_info_idx",
                      "Alias": "mi_idx",
                      "Startup Cost": 0.43,
                      "Total Cost": 3.86,
                      "Plan Rows": 3,
                      "Plan Width": 4,
                      "Actual Startup Time": 0.021,
                      "Actual Total Time": 0.022,
                      "Actual Rows": 3,
                      "Actual Loops": 46,
                      "Index Cond": "(movie_id = t.id)",
                      "Rows Removed by Index Recheck": 0,
                      "Heap Fetches": 122
                    }
                  ]
                }
              ]
            }
          ]
        }
      ]
    },
    "Planning Time": 0.744,
    "Triggers": [],
    "Execution Time": 32.561
  }
]