[
  {
    "Plan": {
      "Node Type": "Aggregate",
      "Strategy": "Plain",
      "Partial Mode": "Finalize",
      "Parallel Aware": false,
      "Startup Cost": 400915.12,
      "Total Cost": 400915.13,
      "Plan Rows": 1,
      "Plan Width": 8,
      "Actual Startup Time": 2640.798,
      "Actual Total Time": 2703.557,
      "Actual Rows": 1,
      "Actual Loops": 1,
      "Plans": [
        {
          "Node Type": "Gather",
          "Parent Relationship": "Outer",
          "Parallel Aware": false,
          "Startup Cost": 400914.5,
          "Total Cost": 400915.11,
          "Plan Rows": 6,
          "Plan Width": 8,
          "Actual Startup Time": 2627.605,
          "Actual Total Time": 2703.544,
          "Actual Rows": 7,
          "Actual Loops": 1,
          "Workers Planned": 6,
          "Workers Launched": 6,
          "Single Copy": false,
          "Plans": [
            {
              "Node Type": "Aggregate",
              "Strategy": "Plain",
              "Partial Mode": "Partial",
              "Parent Relationship": "Outer",
              "Parallel Aware": false,
              "Startup Cost": 399914.5,
              "Total Cost": 399914.51,
              "Plan Rows": 1,
              "Plan Width": 8,
              "Actual Startup Time": 2612.547,
              "Actual Total Time": 2612.549,
              "Actual Rows": 1,
              "Actual Loops": 7,
              "Plans": [
                {
                  "Node Type": "Hash Join",
                  "Parent Relationship": "Outer",
                  "Parallel Aware": true,
                  "Join Type": "Inner",
                  "Startup Cost": 48701.62,
                  "Total Cost": 391462.77,
                  "Plan Rows": 3380690,
                  "Plan Width": 0,
                  "Actual Startup Time": 220.405,
                  "Actual Total Time": 2487.614,
                  "Actual Rows": 2819777,
                  "Actual Loops": 7,
                  "Inner Unique": true,
                  "Hash Cond": "(ci.movie_id = t.id)",
                  "Plans": [
                    {
                      "Node Type": "Seq Scan",
                      "Parent Relationship": "Outer",
                      "Parallel Aware": true,
                      "Relation Name": "cast_info",
                      "Alias": "ci",
                      "Startup Cost": 0.0,
                      "Total Cost": 328162.03,
                      "Plan Rows": 5561565,
                      "Plan Width": 4,
                      "Actual Startup Time": 28.658,
                      "Actual Total Time": 655.287,
                      "Actual Rows": 4763647,
                      "Actual Loops": 7,
                      "Filter": "(person_id > 281607)",
                      "Rows Removed by Filter": 414117
                    },
                    {
                      "Node Type": "Hash",
                      "Parent Relationship": "Inner",
                      "Parallel Aware": true,
                      "Startup Cost": 43898.92,
                      "Total Cost": 43898.92,
                      "Plan Rows": 384216,
                      "Plan Width": 4,
                      "Actual Startup Time": 186.725,
                      "Actual Total Time": 186.726,
                      "Actual Rows": 220466,
                      "Actual Loops": 7,
                      "Hash Buckets": 2097152,
                      "Original Hash Buckets": 2097152,
                      "Hash Batches": 1,
                      "Original Hash Batches": 1,
                      "Peak Memory Usage": 76896,
                      "Plans": [
                        {
                          "Node Type": "Seq Scan",
                          "Parent Relationship": "Outer",
                          "Parallel Aware": true,
                          "Relation Name": "title",
                          "Alias": "t",
                          "Startup Cost": 0.0,
                          "Total Cost": 43898.92,
                          "Plan Rows": 384216,
                          "Plan Width": 4,
                          "Actual Startup Time": 0.038,
                          "Actual Total Time": 76.817,
                          "Actual Rows": 220466,
                          "Actual Loops": 7,
                          "Filter": "(kind_id > 6)",
                          "Rows Removed by Filter": 140721
                        }
                      ]
                    }
                  ]
                }
              ]
            }
          ]
        }
      ]
    },
    "Planning Time": 0.549,
    "Triggers": [],
    "Execution Time": 2703.632
  }
]