[
    {
        "Bao": {
            "Bao prediction": 633.499,
            "Bao recommended hint": "(no hint)"
        }
    },
    {
        "Plan": {
            "Node Type": "Aggregate",
            "Strategy": "Plain",
            "Partial Mode": "Finalize",
            "Parallel Aware": false,
            "Startup Cost": 348942.85,
            "Total Cost": 348942.86,
            "Plan Rows": 1,
            "Plan Width": 8,
            "Actual Startup Time": 528.912,
            "Actual Total Time": 543.111,
            "Actual Rows": 1,
            "Actual Loops": 1,
            "Output": [
                "count(*)"
            ],
            "Plans": [
                {
                    "Node Type": "Gather",
                    "Parent Relationship": "Outer",
                    "Parallel Aware": false,
                    "Startup Cost": 348942.22,
                    "Total Cost": 348942.83,
                    "Plan Rows": 6,
                    "Plan Width": 8,
                    "Actual Startup Time": 517.795,
                    "Actual Total Time": 543.095,
                    "Actual Rows": 7,
                    "Actual Loops": 1,
                    "Output": [
                        "(PARTIAL count(*))"
                    ],
                    "Workers Planned": 6,
                    "Workers Launched": 6,
                    "Single Copy": false,
                    "Plans": [
                        {
                            "Node Type": "Aggregate",
                            "Strategy": "Plain",
                            "Partial Mode": "Partial",
                            "Parent Relationship": "Outer",
                            "Parallel Aware": false,
                            "Startup Cost": 347942.22,
                            "Total Cost": 347942.23,
                            "Plan Rows": 1,
                            "Plan Width": 8,
                            "Actual Startup Time": 503.536,
                            "Actual Total Time": 503.541,
                            "Actual Rows": 1,
                            "Actual Loops": 7,
                            "Output": [
                                "PARTIAL count(*)"
                            ],
                            "Workers": [
                                {
                                    "Worker Number": 0,
                                    "Actual Startup Time": 501.109,
                                    "Actual Total Time": 501.113,
                                    "Actual Rows": 1,
                                    "Actual Loops": 1
                                },
                                {
                                    "Worker Number": 1,
                                    "Actual Startup Time": 501.02,
                                    "Actual Total Time": 501.024,
                                    "Actual Rows": 1,
                                    "Actual Loops": 1
                                },
                                {
                                    "Worker Number": 2,
                                    "Actual Startup Time": 501.114,
                                    "Actual Total Time": 501.117,
                                    "Actual Rows": 1,
                                    "Actual Loops": 1
                                },
                                {
                                    "Worker Number": 3,
                                    "Actual Startup Time": 501.115,
                                    "Actual Total Time": 501.12,
                                    "Actual Rows": 1,
                                    "Actual Loops": 1
                                },
                                {
                                    "Worker Number": 4,
                                    "Actual Startup Time": 501.284,
                                    "Actual Total Time": 501.287,
                                    "Actual Rows": 1,
                                    "Actual Loops": 1
                                },
                                {
                                    "Worker Number": 5,
                                    "Actual Startup Time": 502.311,
                                    "Actual Total Time": 502.314,
                                    "Actual Rows": 1,
                                    "Actual Loops": 1
                                }
                            ],
                            "Plans": [
                                {
                                    "Node Type": "Hash Join",
                                    "Parent Relationship": "Outer",
                                    "Parallel Aware": true,
                                    "Join Type": "Inner",
                                    "Startup Cost": 90029.22,
                                    "Total Cost": 347792.65,
                                    "Plan Rows": 59830,
                                    "Plan Width": 0,
                                    "Actual Startup Time": 331.417,
                                    "Actual Total Time": 495.02,
                                    "Actual Rows": 113464,
                                    "Actual Loops": 7,
                                    "Inner Unique": true,
                                    "Hash Cond": "(ci.movie_id = t.id)",
                                    "Workers": [
                                        {
                                            "Worker Number": 0,
                                            "Actual Startup Time": 329.336,
                                            "Actual Total Time": 492.639,
                                            "Actual Rows": 109413,
                                            "Actual Loops": 1
                                        },
                                        {
                                            "Worker Number": 1,
                                            "Actual Startup Time": 329.066,
                                            "Actual Total Time": 492.683,
                                            "Actual Rows": 107779,
                                            "Actual Loops": 1
                                        },
                                        {
                                            "Worker Number": 2,
                                            "Actual Startup Time": 329.128,
                                            "Actual Total Time": 492.484,
                                            "Actual Rows": 111419,
                                            "Actual Loops": 1
                                        },
                                        {
                                            "Worker Number": 3,
                                            "Actual Startup Time": 329.073,
                                            "Actual Total Time": 492.491,
                                            "Actual Rows": 113680,
                                            "Actual Loops": 1
                                        },
                                        {
                                            "Worker Number": 4,
                                            "Actual Startup Time": 329.069,
                                            "Actual Total Time": 492.889,
                                            "Actual Rows": 119584,
                                            "Actual Loops": 1
                                        },
                                        {
                                            "Worker Number": 5,
                                            "Actual Startup Time": 329.353,
                                            "Actual Total Time": 493.505,
                                            "Actual Rows": 113368,
                                            "Actual Loops": 1
                                        }
                                    ],
                                    "Plans": [
                                        {
                                            "Node Type": "Bitmap Heap Scan",
                                            "Parent Relationship": "Outer",
                                            "Parallel Aware": true,
                                            "Relation Name": "cast_info",
                                            "Schema": "public",
                                            "Alias": "ci",
                                            "Startup Cost": 41918.36,
                                            "Total Cost": 299387.18,
                                            "Plan Rows": 112234,
                                            "Plan Width": 4,
                                            "Actual Startup Time": 131.783,
                                            "Actual Total Time": 212.23,
                                            "Actual Rows": 198612,
                                            "Actual Loops": 7,
                                            "Output": [
                                                "ci.id",
                                                "ci.person_id",
                                                "ci.movie_id",
                                                "ci.person_role_id",
                                                "ci.note",
                                                "ci.nr_order",
                                                "ci.role_id"
                                            ],
                                            "Recheck Cond": "(ci.person_id < 190446)",
                                            "Rows Removed by Index Recheck": 0,
                                            "Filter": "(ci.role_id = 1)",
                                            "Rows Removed by Filter": 78890,
                                            "Exact Heap Blocks": 3603,
                                            "Lossy Heap Blocks": 0,
                                            "Workers": [
                                                {
                                                    "Worker Number": 0,
                                                    "Actual Startup Time": 131.933,
                                                    "Actual Total Time": 213.395,
                                                    "Actual Rows": 195300,
                                                    "Actual Loops": 1
                                                },
                                                {
                                                    "Worker Number": 1,
                                                    "Actual Startup Time": 131.818,
                                                    "Actual Total Time": 211.736,
                                                    "Actual Rows": 187777,
                                                    "Actual Loops": 1
                                                },
                                                {
                                                    "Worker Number": 2,
                                                    "Actual Startup Time": 131.764,
                                                    "Actual Total Time": 213.166,
                                                    "Actual Rows": 195757,
                                                    "Actual Loops": 1
                                                },
                                                {
                                                    "Worker Number": 3,
                                                    "Actual Startup Time": 131.727,
                                                    "Actual Total Time": 213.097,
                                                    "Actual Rows": 199271,
                                                    "Actual Loops": 1
                                                },
                                                {
                                                    "Worker Number": 4,
                                                    "Actual Startup Time": 131.582,
                                                    "Actual Total Time": 211.637,
                                                    "Actual Rows": 209522,
                                                    "Actual Loops": 1
                                                },
                                                {
                                                    "Worker Number": 5,
                                                    "Actual Startup Time": 131.794,
                                                    "Actual Total Time": 212.842,
                                                    "Actual Rows": 194415,
                                                    "Actual Loops": 1
                                                }
                                            ],
                                            "Plans": [
                                                {
                                                    "Node Type": "Bitmap Index Scan",
                                                    "Parent Relationship": "Outer",
                                                    "Parallel Aware": false,
                                                    "Index Name": "person_id_cast_info",
                                                    "Startup Cost": 0.0,
                                                    "Total Cost": 41750.01,
                                                    "Plan Rows": 1912726,
                                                    "Plan Width": 0,
                                                    "Actual Startup Time": 126.789,
                                                    "Actual Total Time": 126.79,
                                                    "Actual Rows": 1942516,
                                                    "Actual Loops": 1,
                                                    "Index Cond": "(ci.person_id < 190446)",
                                                    "Workers": [
                                                        {
                                                            "Worker Number": 4,
                                                            "Actual Startup Time": 126.789,
                                                            "Actual Total Time": 126.79,
                                                            "Actual Rows": 1942516,
                                                            "Actual Loops": 1
                                                        }
                                                    ]
                                                }
                                            ]
                                        },
                                        {
                                            "Node Type": "Hash",
                                            "Parent Relationship": "Inner",
                                            "Parallel Aware": true,
                                            "Startup Cost": 43899.01,
                                            "Total Cost": 43899.01,
                                            "Plan Rows": 336948,
                                            "Plan Width": 4,
                                            "Actual Startup Time": 195.032,
                                            "Actual Total Time": 195.033,
                                            "Actual Rows": 192613,
                                            "Actual Loops": 7,
                                            "Output": [
                                                "t.id"
                                            ],
                                            "Hash Buckets": 2097152,
                                            "Original Hash Buckets": 2097152,
                                            "Hash Batches": 1,
                                            "Original Hash Batches": 1,
                                            "Peak Memory Usage": 69280,
                                            "Workers": [
                                                {
                                                    "Worker Number": 0,
                                                    "Actual Startup Time": 196.885,
                                                    "Actual Total Time": 196.886,
                                                    "Actual Rows": 185938,
                                                    "Actual Loops": 1
                                                },
                                                {
                                                    "Worker Number": 1,
                                                    "Actual Startup Time": 196.818,
                                                    "Actual Total Time": 196.819,
                                                    "Actual Rows": 175093,
                                                    "Actual Loops": 1
                                                },
                                                {
                                                    "Worker Number": 2,
                                                    "Actual Startup Time": 196.857,
                                                    "Actual Total Time": 196.858,
                                                    "Actual Rows": 182320,
                                                    "Actual Loops": 1
                                                },
                                                {
                                                    "Worker Number": 3,
                                                    "Actual Startup Time": 196.885,
                                                    "Actual Total Time": 196.886,
                                                    "Actual Rows": 184292,
                                                    "Actual Loops": 1
                                                },
                                                {
                                                    "Worker Number": 4,
                                                    "Actual Startup Time": 197.035,
                                                    "Actual Total Time": 197.036,
                                                    "Actual Rows": 174654,
                                                    "Actual Loops": 1
                                                },
                                                {
                                                    "Worker Number": 5,
                                                    "Actual Startup Time": 197.088,
                                                    "Actual Total Time": 197.089,
                                                    "Actual Rows": 184052,
                                                    "Actual Loops": 1
                                                }
                                            ],
                                            "Plans": [
                                                {
                                                    "Node Type": "Seq Scan",
                                                    "Parent Relationship": "Outer",
                                                    "Parallel Aware": true,
                                                    "Relation Name": "title",
                                                    "Schema": "public",
                                                    "Alias": "t",
                                                    "Startup Cost": 0.0,
                                                    "Total Cost": 43899.01,
                                                    "Plan Rows": 336948,
                                                    "Plan Width": 4,
                                                    "Actual Startup Time": 0.039,
                                                    "Actual Total Time": 94.684,
                                                    "Actual Rows": 192613,
                                                    "Actual Loops": 7,
                                                    "Output": [
                                                        "t.id"
                                                    ],
                                                    "Filter": "(t.production_year < 2005)",
                                                    "Rows Removed by Filter": 168574,
                                                    "Workers": [
                                                        {
                                                            "Worker Number": 0,
                                                            "Actual Startup Time": 0.037,
                                                            "Actual Total Time": 97.22,
                                                            "Actual Rows": 185938,
                                                            "Actual Loops": 1
                                                        },
                                                        {
                                                            "Worker Number": 1,
                                                            "Actual Startup Time": 0.052,
                                                            "Actual Total Time": 94.601,
                                                            "Actual Rows": 175093,
                                                            "Actual Loops": 1
                                                        },
                                                        {
                                                            "Worker Number": 2,
                                                            "Actual Startup Time": 0.03,
                                                            "Actual Total Time": 97.107,
                                                            "Actual Rows": 182320,
                                                            "Actual Loops": 1
                                                        },
                                                        {
                                                            "Worker Number": 3,
                                                            "Actual Startup Time": 0.045,
                                                            "Actual Total Time": 97.219,
                                                            "Actual Rows": 184292,
                                                            "Actual Loops": 1
                                                        },
                                                        {
                                                            "Worker Number": 4,
                                                            "Actual Startup Time": 0.046,
                                                            "Actual Total Time": 95.107,
                                                            "Actual Rows": 174654,
                                                            "Actual Loops": 1
                                                        },
                                                        {
                                                            "Worker Number": 5,
                                                            "Actual Startup Time": 0.054,
                                                            "Actual Total Time": 96.884,
                                                            "Actual Rows": 184052,
                                                            "Actual Loops": 1
                                                        }
                                                    ]
                                                }
                                            ]
                                        }
                                    ]
                                }
                            ]
                        }
                    ]
                }
            ]
        },
        "Planning Time": 1031.467,
        "Triggers": [],
        "Execution Time": 543.231
    }
]