[
    {
        "Bao": {
            "Bao prediction": "NaN",
            "Bao recommended hint": "(no hint)"
        }
    },
    {
        "Plan": {
            "Node Type": "Aggregate",
            "Strategy": "Plain",
            "Partial Mode": "Finalize",
            "Parallel Aware": false,
            "Startup Cost": 157004.28,
            "Total Cost": 157004.29,
            "Plan Rows": 1,
            "Plan Width": 8,
            "Actual Startup Time": 272.525,
            "Actual Total Time": 284.379,
            "Actual Rows": 1,
            "Actual Loops": 1,
            "Output": [
                "count(*)"
            ],
            "Plans": [
                {
                    "Node Type": "Gather",
                    "Parent Relationship": "Outer",
                    "Parallel Aware": false,
                    "Startup Cost": 157003.76,
                    "Total Cost": 157004.27,
                    "Plan Rows": 5,
                    "Plan Width": 8,
                    "Actual Startup Time": 272.412,
                    "Actual Total Time": 284.369,
                    "Actual Rows": 6,
                    "Actual Loops": 1,
                    "Output": [
                        "(PARTIAL count(*))"
                    ],
                    "Workers Planned": 5,
                    "Workers Launched": 5,
                    "Single Copy": false,
                    "Plans": [
                        {
                            "Node Type": "Aggregate",
                            "Strategy": "Plain",
                            "Partial Mode": "Partial",
                            "Parent Relationship": "Outer",
                            "Parallel Aware": false,
                            "Startup Cost": 156003.76,
                            "Total Cost": 156003.77,
                            "Plan Rows": 1,
                            "Plan Width": 8,
                            "Actual Startup Time": 262.454,
                            "Actual Total Time": 262.455,
                            "Actual Rows": 1,
                            "Actual Loops": 6,
                            "Output": [
                                "PARTIAL count(*)"
                            ],
                            "Workers": [
                                {
                                    "Worker Number": 0,
                                    "Actual Startup Time": 259.759,
                                    "Actual Total Time": 259.76,
                                    "Actual Rows": 1,
                                    "Actual Loops": 1
                                },
                                {
                                    "Worker Number": 1,
                                    "Actual Startup Time": 260.375,
                                    "Actual Total Time": 260.377,
                                    "Actual Rows": 1,
                                    "Actual Loops": 1
                                },
                                {
                                    "Worker Number": 2,
                                    "Actual Startup Time": 260.495,
                                    "Actual Total Time": 260.496,
                                    "Actual Rows": 1,
                                    "Actual Loops": 1
                                },
                                {
                                    "Worker Number": 3,
                                    "Actual Startup Time": 260.873,
                                    "Actual Total Time": 260.874,
                                    "Actual Rows": 1,
                                    "Actual Loops": 1
                                },
                                {
                                    "Worker Number": 4,
                                    "Actual Startup Time": 261.24,
                                    "Actual Total Time": 261.241,
                                    "Actual Rows": 1,
                                    "Actual Loops": 1
                                }
                            ],
                            "Plans": [
                                {
                                    "Node Type": "Index Scan",
                                    "Parent Relationship": "Outer",
                                    "Parallel Aware": true,
                                    "Scan Direction": "Forward",
                                    "Index Name": "role_id_cast_info",
                                    "Relation Name": "cast_info",
                                    "Schema": "public",
                                    "Alias": "ci",
                                    "Startup Cost": 0.56,
                                    "Total Cost": 154655.9,
                                    "Plan Rows": 539142,
                                    "Plan Width": 0,
                                    "Actual Startup Time": 0.128,
                                    "Actual Total Time": 221.39,
                                    "Actual Rows": 782610,
                                    "Actual Loops": 6,
                                    "Output": [
                                        "id",
                                        "person_id",
                                        "movie_id",
                                        "person_role_id",
                                        "note",
                                        "nr_order",
                                        "role_id"
                                    ],
                                    "Index Cond": "(ci.role_id > 8)",
                                    "Rows Removed by Index Recheck": 0,
                                    "Filter": "(ci.person_id > 1887269)",
                                    "Rows Removed by Filter": 172839,
                                    "Workers": [
                                        {
                                            "Worker Number": 0,
                                            "Actual Startup Time": 0.155,
                                            "Actual Total Time": 219.878,
                                            "Actual Rows": 846466,
                                            "Actual Loops": 1
                                        },
                                        {
                                            "Worker Number": 1,
                                            "Actual Startup Time": 0.152,
                                            "Actual Total Time": 220.605,
                                            "Actual Rows": 865568,
                                            "Actual Loops": 1
                                        },
                                        {
                                            "Worker Number": 2,
                                            "Actual Startup Time": 0.124,
                                            "Actual Total Time": 220.766,
                                            "Actual Rows": 842758,
                                            "Actual Loops": 1
                                        },
                                        {
                                            "Worker Number": 3,
                                            "Actual Startup Time": 0.165,
                                            "Actual Total Time": 219.816,
                                            "Actual Rows": 564319,
                                            "Actual Loops": 1
                                        },
                                        {
                                            "Worker Number": 4,
                                            "Actual Startup Time": 0.137,
                                            "Actual Total Time": 221.607,
                                            "Actual Rows": 863021,
                                            "Actual Loops": 1
                                        }
                                    ]
                                }
                            ]
                        }
                    ]
                }
            ]
        },
        "Planning Time": 180.285,
        "Triggers": [],
        "Execution Time": 284.445
    }
]