[
  {
    "Plan": {
      "Node Type": "Aggregate",
      "Strategy": "Plain",
      "Partial Mode": "Finalize",
      "Parallel Aware": false,
      "Startup Cost": 235676.21,
      "Total Cost": 235676.22,
      "Plan Rows": 1,
      "Plan Width": 8,
      "Actual Startup Time": 591.06,
      "Actual Total Time": 614.904,
      "Actual Rows": 1,
      "Actual Loops": 1,
      "Plans": [
        {
          "Node Type": "Gather",
          "Parent Relationship": "Outer",
          "Parallel Aware": false,
          "Startup Cost": 235675.68,
          "Total Cost": 235676.19,
          "Plan Rows": 5,
          "Plan Width": 8,
          "Actual Startup Time": 571.378,
          "Actual Total Time": 614.889,
          "Actual Rows": 6,
          "Actual Loops": 1,
          "Workers Planned": 5,
          "Workers Launched": 5,
          "Single Copy": false,
          "Plans": [
            {
              "Node Type": "Aggregate",
              "Strategy": "Plain",
              "Partial Mode": "Partial",
              "Parent Relationship": "Outer",
              "Parallel Aware": false,
              "Startup Cost": 234675.68,
              "Total Cost": 234675.69,
              "Plan Rows": 1,
              "Plan Width": 8,
              "Actual Startup Time": 546.828,
              "Actual Total Time": 546.834,
              "Actual Rows": 1,
              "Actual Loops": 6,
              "Plans": [
                {
                  "Node Type": "Hash Join",
                  "Parent Relationship": "Outer",
                  "Parallel Aware": true,
                  "Join Type": "Inner",
                  "Startup Cost": 69016.72,
                  "Total Cost": 234155.69,
                  "Plan Rows": 207998,
                  "Plan Width": 0,
                  "Actual Startup Time": 374.601,
                  "Actual Total Time": 535.303,
                  "Actual Rows": 173314,
                  "Actual Loops": 6,
                  "Inner Unique": true,
                  "Hash Cond": "(mi.movie_id = t.id)",
                  "Plans": [
                    {
                      "Node Type": "Bitmap Heap Scan",
                      "Parent Relationship": "Outer",
                      "Parallel Aware": true,
                      "Relation Name": "movie_info",
                      "Alias": "mi",
                      "Startup Cost": 18796.34,
                      "Total Cost": 183389.31,
                      "Plan Rows": 207998,
                      "Plan Width": 4,
                      "Actual Startup Time": 41.393,
                      "Actual Total Time": 115.047,
                      "Actual Rows": 173314,
                      "Actual Loops": 6,
                      "Recheck Cond": "(info_type_id > 80)",
                      "Rows Removed by Index Recheck": 0,
                      "Exact Heap Blocks": 9087,
                      "Lossy Heap Blocks": 0,
                      "Plans": [
                        {
                          "Node Type": "Bitmap Index Scan",
                          "Parent Relationship": "Outer",
                          "Parallel Aware": false,
                          "Index Name": "info_type_id_movie_info",
                          "Startup Cost": 0.0,
                          "Total Cost": 18536.35,
                          "Plan Rows": 1039988,
                          "Plan Width": 0,
                          "Actual Startup Time": 35.749,
                          "Actual Total Time": 35.75,
                          "Actual Rows": 1039881,
                          "Actual Loops": 1,
                          "Index Cond": "(info_type_id > 80)"
                        }
                      ]
                    },
                    {
                      "Node Type": "Hash",
                      "Parent Relationship": "Inner",
                      "Parallel Aware": true,
                      "Startup Cost": 42319.06,
                      "Total Cost": 42319.06,
                      "Plan Rows": 632106,
                      "Plan Width": 4,
                      "Actual Startup Time": 324.755,
                      "Actual Total Time": 324.757,
                      "Actual Rows": 421385,
                      "Actual Loops": 6,
                      "Hash Buckets": 4194304,
                      "Original Hash Buckets": 4194304,
                      "Hash Batches": 1,
                      "Original Hash Batches": 1,
                      "Peak Memory Usage": 131776,
                      "Plans": [
                        {
                          "Node Type": "Seq Scan",
                          "Parent Relationship": "Outer",
                          "Parallel Aware": true,
                          "Relation Name": "title",
                          "Alias": "t",
                          "Startup Cost": 0.0,
                          "Total Cost": 42319.06,
                          "Plan Rows": 632106,
                          "Plan Width": 4,
                          "Actual Startup Time": 0.047,
                          "Actual Total Time": 98.672,
                          "Actual Rows": 421385,
                          "Actual Loops": 6
                        }
                      ]
                    }
                  ]
                }
              ]
            }
          ]
        }
      ]
    },
    "Planning Time": 0.629,
    "Triggers": [],
    "Execution Time": 615.083
  }
]