[
  {
    "Plan": {
      "Node Type": "Aggregate",
      "Strategy": "Plain",
      "Partial Mode": "Finalize",
      "Parallel Aware": false,
      "Startup Cost": 110682.31,
      "Total Cost": 110682.32,
      "Plan Rows": 1,
      "Plan Width": 8,
      "Actual Startup Time": 784.947,
      "Actual Total Time": 805.471,
      "Actual Rows": 1,
      "Actual Loops": 1,
      "Plans": [
        {
          "Node Type": "Gather",
          "Parent Relationship": "Outer",
          "Parallel Aware": false,
          "Startup Cost": 110682.1,
          "Total Cost": 110682.31,
          "Plan Rows": 2,
          "Plan Width": 8,
          "Actual Startup Time": 775.123,
          "Actual Total Time": 805.461,
          "Actual Rows": 3,
          "Actual Loops": 1,
          "Workers Planned": 2,
          "Workers Launched": 2,
          "Single Copy": false,
          "Plans": [
            {
              "Node Type": "Aggregate",
              "Strategy": "Plain",
              "Partial Mode": "Partial",
              "Parent Relationship": "Outer",
              "Parallel Aware": false,
              "Startup Cost": 109682.1,
              "Total Cost": 109682.11,
              "Plan Rows": 1,
              "Plan Width": 8,
              "Actual Startup Time": 766.706,
              "Actual Total Time": 766.842,
              "Actual Rows": 1,
              "Actual Loops": 3,
              "Plans": [
                {
                  "Node Type": "Hash Join",
                  "Parent Relationship": "Outer",
                  "Parallel Aware": true,
                  "Join Type": "Inner",
                  "Startup Cost": 93046.51,
                  "Total Cost": 109335.37,
                  "Plan Rows": 138693,
                  "Plan Width": 0,
                  "Actual Startup Time": 635.382,
                  "Actual Total Time": 748.255,
                  "Actual Rows": 466669,
                  "Actual Loops": 3,
                  "Inner Unique": false,
                  "Hash Cond": "(mi_idx.movie_id = t.id)",
                  "Plans": [
                    {
                      "Node Type": "Seq Scan",
                      "Parent Relationship": "Outer",
                      "Parallel Aware": true,
                      "Relation Name": "movie_info_idx",
                      "Alias": "mi_idx",
                      "Startup Cost": 0.0,
                      "Total Cost": 13685.15,
                      "Plan Rows": 575015,
                      "Plan Width": 4,
                      "Actual Startup Time": 0.026,
                      "Actual Total Time": 34.233,
                      "Actual Rows": 460012,
                      "Actual Loops": 3
                    },
                    {
                      "Node Type": "Hash",
                      "Parent Relationship": "Inner",
                      "Parallel Aware": true,
                      "Startup Cost": 90587.55,
                      "Total Cost": 90587.55,
                      "Plan Rows": 196717,
                      "Plan Width": 8,
                      "Actual Startup Time": 620.803,
                      "Actual Total Time": 620.937,
                      "Actual Rows": 199114,
                      "Actual Loops": 3,
                      "Hash Buckets": 1048576,
                      "Original Hash Buckets": 1048576,
                      "Hash Batches": 1,
                      "Original Hash Batches": 1,
                      "Peak Memory Usage": 31616,
                      "Plans": [
                        {
                          "Node Type": "Hash Join",
                          "Parent Relationship": "Outer",
                          "Parallel Aware": true,
                          "Join Type": "Inner",
                          "Startup Cost": 63158.21,
                          "Total Cost": 90587.55,
                          "Plan Rows": 196717,
                          "Plan Width": 8,
                          "Actual Startup Time": 443.565,
                          "Actual Total Time": 563.514,
                          "Actual Rows": 199114,
                          "Actual Loops": 3,
                          "Inner Unique": true,
                          "Hash Cond": "(mk.movie_id = t.id)",
                          "Plans": [
                            {
                              "Node Type": "Bitmap Heap Scan",
                              "Parent Relationship": "Outer",
                              "Parallel Aware": true,
                              "Relation Name": "movie_keyword",
                              "Alias": "mk",
                              "Startup Cost": 12938.56,
                              "Total Cost": 39851.52,
                              "Plan Rows": 196717,
                              "Plan Width": 4,
                              "Actual Startup Time": 38.042,
                              "Actual Total Time": 97.127,
                              "Actual Rows": 199114,
                              "Actual Loops": 3,
                              "Recheck Cond": "(keyword_id > 30739)",
                              "Rows Removed by Index Recheck": 0,
                              "Exact Heap Blocks": 8120,
                              "Lossy Heap Blocks": 0,
                              "Plans": [
                                {
                                  "Node Type": "Bitmap Index Scan",
                                  "Parent Relationship": "Outer",
                                  "Parallel Aware": false,
                                  "Index Name": "keyword_id_movie_keyword",
                                  "Startup Cost": 0.0,
                                  "Total Cost": 12786.11,
                                  "Plan Rows": 609823,
                                  "Plan Width": 0,
                                  "Actual Startup Time": 34.527,
                                  "Actual Total Time": 34.527,
                                  "Actual Rows": 597341,
                                  "Actual Loops": 1,
                                  "Index Cond": "(keyword_id > 30739)"
                                }
                              ]
                            },
                            {
                              "Node Type": "Hash",
                              "Parent Relationship": "Inner",
                              "Parallel Aware": true,
                              "Startup Cost": 42318.73,
                              "Total Cost": 42318.73,
                              "Plan Rows": 632073,
                              "Plan Width": 4,
                              "Actual Startup Time": 394.987,
                              "Actual Total Time": 394.988,
                              "Actual Rows": 842771,
                              "Actual Loops": 3,
                              "Hash Buckets": 4194304,
                              "Original Hash Buckets": 4194304,
                              "Hash Batches": 1,
                              "Original Hash Batches": 1,
                              "Peak Memory Usage": 131712,
                              "Plans": [
                                {
                                  "Node Type": "Seq Scan",
                                  "Parent Relationship": "Outer",
                                  "Parallel Aware": true,
                                  "Relation Name": "title",
                                  "Alias": "t",
                                  "Startup Cost": 0.0,
                                  "Total Cost": 42318.73,
                                  "Plan Rows": 632073,
                                  "Plan Width": 4,
                                  "Actual Startup Time": 0.058,
                                  "Actual Total Time": 113.007,
                                  "Actual Rows": 842771,
                                  "Actual Loops": 3
                                }
                              ]
                            }
                          ]
                        }
                      ]
                    }
                  ]
                }
              ]
            }
          ]
        }
      ]
    },
    "Planning Time": 1.303,
    "Triggers": [],
    "Execution Time": 805.582
  }
]