[
  {
    "Plan": {
      "Node Type": "Aggregate",
      "Strategy": "Plain",
      "Partial Mode": "Finalize",
      "Parallel Aware": false,
      "Startup Cost": 96327.48,
      "Total Cost": 96327.49,
      "Plan Rows": 1,
      "Plan Width": 8,
      "Actual Startup Time": 453.552,
      "Actual Total Time": 471.015,
      "Actual Rows": 1,
      "Actual Loops": 1,
      "Plans": [
        {
          "Node Type": "Gather",
          "Parent Relationship": "Outer",
          "Parallel Aware": false,
          "Startup Cost": 96327.16,
          "Total Cost": 96327.47,
          "Plan Rows": 3,
          "Plan Width": 8,
          "Actual Startup Time": 449.746,
          "Actual Total Time": 471.003,
          "Actual Rows": 4,
          "Actual Loops": 1,
          "Workers Planned": 3,
          "Workers Launched": 3,
          "Single Copy": false,
          "Plans": [
            {
              "Node Type": "Aggregate",
              "Strategy": "Plain",
              "Partial Mode": "Partial",
              "Parent Relationship": "Outer",
              "Parallel Aware": false,
              "Startup Cost": 95327.16,
              "Total Cost": 95327.17,
              "Plan Rows": 1,
              "Plan Width": 8,
              "Actual Startup Time": 439.592,
              "Actual Total Time": 439.931,
              "Actual Rows": 1,
              "Actual Loops": 4,
              "Plans": [
                {
                  "Node Type": "Hash Join",
                  "Parent Relationship": "Outer",
                  "Parallel Aware": true,
                  "Join Type": "Inner",
                  "Startup Cost": 62646.96,
                  "Total Cost": 95184.86,
                  "Plan Rows": 56919,
                  "Plan Width": 0,
                  "Actual Startup Time": 256.651,
                  "Actual Total Time": 426.413,
                  "Actual Rows": 339524,
                  "Actual Loops": 4,
                  "Inner Unique": false,
                  "Hash Cond": "(mc.movie_id = t.id)",
                  "Plans": [
                    {
                      "Node Type": "Seq Scan",
                      "Parent Relationship": "Outer",
                      "Parallel Aware": true,
                      "Relation Name": "movie_companies",
                      "Alias": "mc",
                      "Startup Cost": 0.0,
                      "Total Cost": 29310.68,
                      "Plan Rows": 797350,
                      "Plan Width": 4,
                      "Actual Startup Time": 0.022,
                      "Actual Total Time": 72.5,
                      "Actual Rows": 618803,
                      "Actual Loops": 4,
                      "Filter": "(company_id < 139309)",
                      "Rows Removed by Filter": 33479
                    },
                    {
                      "Node Type": "Hash",
                      "Parent Relationship": "Inner",
                      "Parallel Aware": true,
                      "Startup Cost": 61706.95,
                      "Total Cost": 61706.95,
                      "Plan Rows": 75201,
                      "Plan Width": 8,
                      "Actual Startup Time": 254.07,
                      "Actual Total Time": 254.407,
                      "Actual Rows": 105019,
                      "Actual Loops": 4,
                      "Hash Buckets": 524288,
                      "Original Hash Buckets": 262144,
                      "Hash Batches": 1,
                      "Original Hash Batches": 1,
                      "Peak Memory Usage": 22656,
                      "Plans": [
                        {
                          "Node Type": "Hash Join",
                          "Parent Relationship": "Outer",
                          "Parallel Aware": true,
                          "Join Type": "Inner",
                          "Startup Cost": 46512.39,
                          "Total Cost": 61706.95,
                          "Plan Rows": 75201,
                          "Plan Width": 8,
                          "Actual Startup Time": 140.853,
                          "Actual Total Time": 224.8,
                          "Actual Rows": 105019,
                          "Actual Loops": 4,
                          "Inner Unique": true,
                          "Hash Cond": "(mi_idx.movie_id = t.id)",
                          "Plans": [
                            {
                              "Node Type": "Seq Scan",
                              "Parent Relationship": "Outer",
                              "Parallel Aware": true,
                              "Relation Name": "movie_info_idx",
                              "Alias": "mi_idx",
                              "Startup Cost": 0.0,
                              "Total Cost": 13685.15,
                              "Plan Rows": 575015,
                              "Plan Width": 4,
                              "Actual Startup Time": 0.022,
                              "Actual Total Time": 28.169,
                              "Actual Rows": 345009,
                              "Actual Loops": 4
                            },
                            {
                              "Node Type": "Hash",
                              "Parent Relationship": "Inner",
                              "Parallel Aware": true,
                              "Startup Cost": 45479.1,
                              "Total Cost": 45479.1,
                              "Plan Rows": 82663,
                              "Plan Width": 4,
                              "Actual Startup Time": 138.846,
                              "Actual Total Time": 138.847,
                              "Actual Rows": 111298,
                              "Actual Loops": 4,
                              "Hash Buckets": 524288,
                              "Original Hash Buckets": 524288,
                              "Hash Batches": 1,
                              "Original Hash Batches": 1,
                              "Peak Memory Usage": 21600,
                              "Plans": [
                                {
                                  "Node Type": "Seq Scan",
                                  "Parent Relationship": "Outer",
                                  "Parallel Aware": true,
                                  "Relation Name": "title",
                                  "Alias": "t",
                                  "Startup Cost": 0.0,
                                  "Total Cost": 45479.1,
                                  "Plan Rows": 82663,
                                  "Plan Width": 4,
                                  "Actual Startup Time": 0.059,
                                  "Actual Total Time": 101.424,
                                  "Actual Rows": 111298,
                                  "Actual Loops": 4,
                                  "Filter": "((kind_id < 7) AND (production_year < 1996))",
                                  "Rows Removed by Filter": 520780
                                }
                              ]
                            }
                          ]
                        }
                      ]
                    }
                  ]
                }
              ]
            }
          ]
        }
      ]
    },
    "Planning Time": 1.472,
    "Triggers": [],
    "Execution Time": 471.102
  }
]