[
    {
        "Bao": {
            "Bao prediction": "NaN",
            "Bao recommended hint": "(no hint)"
        }
    },
    {
        "Plan": {
            "Node Type": "Aggregate",
            "Strategy": "Plain",
            "Partial Mode": "Finalize",
            "Parallel Aware": false,
            "Startup Cost": 304895.16,
            "Total Cost": 304895.17,
            "Plan Rows": 1,
            "Plan Width": 8,
            "Actual Startup Time": 246.733,
            "Actual Total Time": 254.434,
            "Actual Rows": 1,
            "Actual Loops": 1,
            "Output": [
                "count(*)"
            ],
            "Plans": [
                {
                    "Node Type": "Gather",
                    "Parent Relationship": "Outer",
                    "Parallel Aware": false,
                    "Startup Cost": 304894.54,
                    "Total Cost": 304895.15,
                    "Plan Rows": 6,
                    "Plan Width": 8,
                    "Actual Startup Time": 246.163,
                    "Actual Total Time": 254.424,
                    "Actual Rows": 7,
                    "Actual Loops": 1,
                    "Output": [
                        "(PARTIAL count(*))"
                    ],
                    "Workers Planned": 6,
                    "Workers Launched": 6,
                    "Single Copy": false,
                    "Plans": [
                        {
                            "Node Type": "Aggregate",
                            "Strategy": "Plain",
                            "Partial Mode": "Partial",
                            "Parent Relationship": "Outer",
                            "Parallel Aware": false,
                            "Startup Cost": 303894.54,
                            "Total Cost": 303894.55,
                            "Plan Rows": 1,
                            "Plan Width": 8,
                            "Actual Startup Time": 234.303,
                            "Actual Total Time": 234.305,
                            "Actual Rows": 1,
                            "Actual Loops": 7,
                            "Output": [
                                "PARTIAL count(*)"
                            ],
                            "Workers": [
                                {
                                    "Worker Number": 0,
                                    "Actual Startup Time": 231.645,
                                    "Actual Total Time": 231.647,
                                    "Actual Rows": 1,
                                    "Actual Loops": 1
                                },
                                {
                                    "Worker Number": 1,
                                    "Actual Startup Time": 232.335,
                                    "Actual Total Time": 232.337,
                                    "Actual Rows": 1,
                                    "Actual Loops": 1
                                },
                                {
                                    "Worker Number": 2,
                                    "Actual Startup Time": 232.296,
                                    "Actual Total Time": 232.298,
                                    "Actual Rows": 1,
                                    "Actual Loops": 1
                                },
                                {
                                    "Worker Number": 3,
                                    "Actual Startup Time": 232.45,
                                    "Actual Total Time": 232.452,
                                    "Actual Rows": 1,
                                    "Actual Loops": 1
                                },
                                {
                                    "Worker Number": 4,
                                    "Actual Startup Time": 232.277,
                                    "Actual Total Time": 232.279,
                                    "Actual Rows": 1,
                                    "Actual Loops": 1
                                },
                                {
                                    "Worker Number": 5,
                                    "Actual Startup Time": 233.762,
                                    "Actual Total Time": 233.764,
                                    "Actual Rows": 1,
                                    "Actual Loops": 1
                                }
                            ],
                            "Plans": [
                                {
                                    "Node Type": "Bitmap Heap Scan",
                                    "Parent Relationship": "Outer",
                                    "Parallel Aware": true,
                                    "Relation Name": "cast_info",
                                    "Schema": "public",
                                    "Alias": "ci",
                                    "Startup Cost": 45999.01,
                                    "Total Cost": 303026.45,
                                    "Plan Rows": 347235,
                                    "Plan Width": 0,
                                    "Actual Startup Time": 124.055,
                                    "Actual Total Time": 212.809,
                                    "Actual Rows": 299028,
                                    "Actual Loops": 7,
                                    "Recheck Cond": "(ci.person_id < 205155)",
                                    "Rows Removed by Index Recheck": 0,
                                    "Exact Heap Blocks": 4253,
                                    "Lossy Heap Blocks": 0,
                                    "Workers": [
                                        {
                                            "Worker Number": 0,
                                            "Actual Startup Time": 122.0,
                                            "Actual Total Time": 210.258,
                                            "Actual Rows": 267932,
                                            "Actual Loops": 1
                                        },
                                        {
                                            "Worker Number": 1,
                                            "Actual Startup Time": 122.025,
                                            "Actual Total Time": 211.692,
                                            "Actual Rows": 260352,
                                            "Actual Loops": 1
                                        },
                                        {
                                            "Worker Number": 2,
                                            "Actual Startup Time": 122.457,
                                            "Actual Total Time": 211.331,
                                            "Actual Rows": 263844,
                                            "Actual Loops": 1
                                        },
                                        {
                                            "Worker Number": 3,
                                            "Actual Startup Time": 121.969,
                                            "Actual Total Time": 211.487,
                                            "Actual Rows": 262979,
                                            "Actual Loops": 1
                                        },
                                        {
                                            "Worker Number": 4,
                                            "Actual Startup Time": 122.233,
                                            "Actual Total Time": 212.119,
                                            "Actual Rows": 363364,
                                            "Actual Loops": 1
                                        },
                                        {
                                            "Worker Number": 5,
                                            "Actual Startup Time": 123.263,
                                            "Actual Total Time": 212.425,
                                            "Actual Rows": 264927,
                                            "Actual Loops": 1
                                        }
                                    ],
                                    "Plans": [
                                        {
                                            "Node Type": "Bitmap Index Scan",
                                            "Parent Relationship": "Outer",
                                            "Parallel Aware": false,
                                            "Index Name": "person_id_cast_info",
                                            "Startup Cost": 0.0,
                                            "Total Cost": 45478.15,
                                            "Plan Rows": 2083412,
                                            "Plan Width": 0,
                                            "Actual Startup Time": 129.14,
                                            "Actual Total Time": 129.141,
                                            "Actual Rows": 2093198,
                                            "Actual Loops": 1,
                                            "Index Cond": "(ci.person_id < 205155)"
                                        }
                                    ]
                                }
                            ]
                        }
                    ]
                }
            ]
        },
        "Planning Time": 315.272,
        "Triggers": [],
        "Execution Time": 254.561
    }
]