[
  {
    "Plan": {
      "Node Type": "Aggregate",
      "Strategy": "Plain",
      "Partial Mode": "Finalize",
      "Parallel Aware": false,
      "Startup Cost": 246191.3,
      "Total Cost": 246191.31,
      "Plan Rows": 1,
      "Plan Width": 8,
      "Actual Startup Time": 750.044,
      "Actual Total Time": 794.7,
      "Actual Rows": 1,
      "Actual Loops": 1,
      "Plans": [
        {
          "Node Type": "Gather",
          "Parent Relationship": "Outer",
          "Parallel Aware": false,
          "Startup Cost": 246190.78,
          "Total Cost": 246191.29,
          "Plan Rows": 5,
          "Plan Width": 8,
          "Actual Startup Time": 748.745,
          "Actual Total Time": 794.689,
          "Actual Rows": 6,
          "Actual Loops": 1,
          "Workers Planned": 5,
          "Workers Launched": 5,
          "Single Copy": false,
          "Plans": [
            {
              "Node Type": "Aggregate",
              "Strategy": "Plain",
              "Partial Mode": "Partial",
              "Parent Relationship": "Outer",
              "Parallel Aware": false,
              "Startup Cost": 245190.78,
              "Total Cost": 245190.79,
              "Plan Rows": 1,
              "Plan Width": 8,
              "Actual Startup Time": 741.907,
              "Actual Total Time": 741.915,
              "Actual Rows": 1,
              "Actual Loops": 6,
              "Plans": [
                {
                  "Node Type": "Hash Join",
                  "Parent Relationship": "Outer",
                  "Parallel Aware": true,
                  "Join Type": "Inner",
                  "Startup Cost": 45599.1,
                  "Total Cost": 245078.5,
                  "Plan Rows": 44911,
                  "Plan Width": 0,
                  "Actual Startup Time": 98.106,
                  "Actual Total Time": 731.884,
                  "Actual Rows": 191844,
                  "Actual Loops": 6,
                  "Inner Unique": true,
                  "Hash Cond": "(mi.movie_id = t.id)",
                  "Plans": [
                    {
                      "Node Type": "Seq Scan",
                      "Parent Relationship": "Outer",
                      "Parallel Aware": true,
                      "Relation Name": "movie_info",
                      "Alias": "mi",
                      "Startup Cost": 0.0,
                      "Total Cost": 191685.19,
                      "Plan Rows": 2969219,
                      "Plan Width": 4,
                      "Actual Startup Time": 0.03,
                      "Actual Total Time": 315.25,
                      "Actual Rows": 2472620,
                      "Actual Loops": 6
                    },
                    {
                      "Node Type": "Hash",
                      "Parent Relationship": "Inner",
                      "Parallel Aware": true,
                      "Startup Cost": 45479.59,
                      "Total Cost": 45479.59,
                      "Plan Rows": 9561,
                      "Plan Width": 4,
                      "Actual Startup Time": 86.989,
                      "Actual Total Time": 86.991,
                      "Actual Rows": 17804,
                      "Actual Loops": 6,
                      "Hash Buckets": 131072,
                      "Original Hash Buckets": 65536,
                      "Hash Batches": 1,
                      "Original Hash Batches": 1,
                      "Peak Memory Usage": 5792,
                      "Plans": [
                        {
                          "Node Type": "Seq Scan",
                          "Parent Relationship": "Outer",
                          "Parallel Aware": true,
                          "Relation Name": "title",
                          "Alias": "t",
                          "Startup Cost": 0.0,
                          "Total Cost": 45479.59,
                          "Plan Rows": 9561,
                          "Plan Width": 4,
                          "Actual Startup Time": 47.688,
                          "Actual Total Time": 77.263,
                          "Actual Rows": 17804,
                          "Actual Loops": 6,
                          "Filter": "((kind_id < 7) AND (production_year < 1927))",
                          "Rows Removed by Filter": 403581
                        }
                      ]
                    }
                  ]
                }
              ]
            }
          ]
        }
      ]
    },
    "Planning Time": 0.285,
    "Triggers": [],
    "Execution Time": 794.749
  }
]