[
  {
    "Plan": {
      "Node Type": "Aggregate",
      "Strategy": "Plain",
      "Partial Mode": "Finalize",
      "Parallel Aware": false,
      "Startup Cost": 246053.78,
      "Total Cost": 246053.79,
      "Plan Rows": 1,
      "Plan Width": 8,
      "Actual Startup Time": 685.278,
      "Actual Total Time": 727.03,
      "Actual Rows": 1,
      "Actual Loops": 1,
      "Plans": [
        {
          "Node Type": "Gather",
          "Parent Relationship": "Outer",
          "Parallel Aware": false,
          "Startup Cost": 246053.26,
          "Total Cost": 246053.77,
          "Plan Rows": 5,
          "Plan Width": 8,
          "Actual Startup Time": 684.488,
          "Actual Total Time": 727.009,
          "Actual Rows": 6,
          "Actual Loops": 1,
          "Workers Planned": 5,
          "Workers Launched": 5,
          "Single Copy": false,
          "Plans": [
            {
              "Node Type": "Aggregate",
              "Strategy": "Plain",
              "Partial Mode": "Partial",
              "Parent Relationship": "Outer",
              "Parallel Aware": false,
              "Startup Cost": 245053.26,
              "Total Cost": 245053.27,
              "Plan Rows": 1,
              "Plan Width": 8,
              "Actual Startup Time": 675.018,
              "Actual Total Time": 675.021,
              "Actual Rows": 1,
              "Actual Loops": 6,
              "Plans": [
                {
                  "Node Type": "Hash Join",
                  "Parent Relationship": "Outer",
                  "Parallel Aware": true,
                  "Join Type": "Inner",
                  "Startup Cost": 45609.5,
                  "Total Cost": 244931.26,
                  "Plan Rows": 48798,
                  "Plan Width": 0,
                  "Actual Startup Time": 98.547,
                  "Actual Total Time": 666.399,
                  "Actual Rows": 191844,
                  "Actual Loops": 6,
                  "Inner Unique": true,
                  "Hash Cond": "(mi.movie_id = t.id)",
                  "Plans": [
                    {
                      "Node Type": "Seq Scan",
                      "Parent Relationship": "Outer",
                      "Parallel Aware": true,
                      "Relation Name": "movie_info",
                      "Alias": "mi",
                      "Startup Cost": 0.0,
                      "Total Cost": 191560.33,
                      "Plan Rows": 2956733,
                      "Plan Width": 4,
                      "Actual Startup Time": 0.027,
                      "Actual Total Time": 285.257,
                      "Actual Rows": 2472620,
                      "Actual Loops": 6
                    },
                    {
                      "Node Type": "Hash",
                      "Parent Relationship": "Inner",
                      "Parallel Aware": true,
                      "Startup Cost": 45479.1,
                      "Total Cost": 45479.1,
                      "Plan Rows": 10432,
                      "Plan Width": 4,
                      "Actual Startup Time": 87.794,
                      "Actual Total Time": 87.795,
                      "Actual Rows": 17804,
                      "Actual Loops": 6,
                      "Hash Buckets": 131072,
                      "Original Hash Buckets": 65536,
                      "Hash Batches": 1,
                      "Original Hash Batches": 1,
                      "Peak Memory Usage": 5792,
                      "Plans": [
                        {
                          "Node Type": "Seq Scan",
                          "Parent Relationship": "Outer",
                          "Parallel Aware": true,
                          "Relation Name": "title",
                          "Alias": "t",
                          "Startup Cost": 0.0,
                          "Total Cost": 45479.1,
                          "Plan Rows": 10432,
                          "Plan Width": 4,
                          "Actual Startup Time": 54.53,
                          "Actual Total Time": 79.53,
                          "Actual Rows": 17804,
                          "Actual Loops": 6,
                          "Filter": "((kind_id < 7) AND (production_year < 1927))",
                          "Rows Removed by Filter": 403581
                        }
                      ]
                    }
                  ]
                }
              ]
            }
          ]
        }
      ]
    },
    "Planning Time": 0.587,
    "Triggers": [],
    "Execution Time": 727.102
  }
]