{
  "Plan": {
    "Node Type": "Aggregate",
    "Strategy": "Plain",
    "Partial Mode": "Finalize",
    "Parallel Aware": false,
    "Startup Cost": 323397.11,
    "Total Cost": 323397.12,
    "Plan Rows": 1,
    "Plan Width": 8,
    "Actual Startup Time": 835.409,
    "Actual Total Time": 856.37,
    "Actual Rows": 1,
    "Actual Loops": 1,
    "Plans": [
      {
        "Node Type": "Gather",
        "Parent Relationship": "Outer",
        "Parallel Aware": false,
        "Startup Cost": 323397.0,
        "Total Cost": 323397.11,
        "Plan Rows": 1,
        "Plan Width": 8,
        "Actual Startup Time": 832.106,
        "Actual Total Time": 856.361,
        "Actual Rows": 2,
        "Actual Loops": 1,
        "Workers Planned": 1,
        "Workers Launched": 1,
        "Single Copy": false,
        "Plans": [
          {
            "Node Type": "Aggregate",
            "Strategy": "Plain",
            "Partial Mode": "Partial",
            "Parent Relationship": "Outer",
            "Parallel Aware": false,
            "Startup Cost": 322397.0,
            "Total Cost": 322397.01,
            "Plan Rows": 1,
            "Plan Width": 8,
            "Actual Startup Time": 824.709,
            "Actual Total Time": 825.019,
            "Actual Rows": 1,
            "Actual Loops": 2,
            "Plans": [
              {
                "Node Type": "Hash Join",
                "Parent Relationship": "Outer",
                "Parallel Aware": true,
                "Join Type": "Inner",
                "Startup Cost": 144947.46,
                "Total Cost": 322163.35,
                "Plan Rows": 93458,
                "Plan Width": 0,
                "Actual Startup Time": 590.981,
                "Actual Total Time": 800.932,
                "Actual Rows": 530120,
                "Actual Loops": 2,
                "Inner Unique": false,
                "Hash Cond": "(mi.movie_id = t.id)",
                "Plans": [
                  {
                    "Node Type": "Bitmap Heap Scan",
                    "Parent Relationship": "Outer",
                    "Parallel Aware": true,
                    "Relation Name": "movie_info",
                    "Alias": "mi",
                    "Startup Cost": 27808.97,
                    "Total Cost": 201089.01,
                    "Plan Rows": 902963,
                    "Plan Width": 4,
                    "Actual Startup Time": 53.96,
                    "Actual Total Time": 120.532,
                    "Actual Rows": 766954,
                    "Actual Loops": 2,
                    "Recheck Cond": "(info_type_id = 3)",
                    "Rows Removed by Index Recheck": 0,
                    "Exact Heap Blocks": 4770,
                    "Lossy Heap Blocks": 0,
                    "Plans": [
                      {
                        "Node Type": "Bitmap Index Scan",
                        "Parent Relationship": "Outer",
                        "Parallel Aware": false,
                        "Index Name": "info_type_id_movie_info",
                        "Startup Cost": 0.0,
                        "Total Cost": 27425.21,
                        "Plan Rows": 1535037,
                        "Plan Width": 0,
                        "Actual Startup Time": 52.537,
                        "Actual Total Time": 52.538,
                        "Actual Rows": 1533909,
                        "Actual Loops": 1,
                        "Index Cond": "(info_type_id = 3)"
                      }
                    ]
                  },
                  {
                    "Node Type": "Hash",
                    "Parent Relationship": "Inner",
                    "Parallel Aware": true,
                    "Startup Cost": 115214.35,
                    "Total Cost": 115214.35,
                    "Plan Rows": 153931,
                    "Plan Width": 8,
                    "Actual Startup Time": 533.472,
                    "Actual Total Time": 533.78,
                    "Actual Rows": 260292,
                    "Actual Loops": 2,
                    "Hash Buckets": 524288,
                    "Original Hash Buckets": 262144,
                    "Hash Batches": 1,
                    "Original Hash Batches": 1,
                    "Peak Memory Usage": 26560,
                    "Plans": [
                      {
                        "Node Type": "Hash Join",
                        "Parent Relationship": "Outer",
                        "Parallel Aware": true,
                        "Join Type": "Inner",
                        "Startup Cost": 82771.59,
                        "Total Cost": 115214.35,
                        "Plan Rows": 153931,
                        "Plan Width": 8,
                        "Actual Startup Time": 288.075,
                        "Actual Total Time": 478.252,
                        "Actual Rows": 260292,
                        "Actual Loops": 2,
                        "Inner Unique": true,
                        "Hash Cond": "(mk.movie_id = t.id)",
                        "Plans": [
                          {
                            "Node Type": "Bitmap Heap Scan",
                            "Parent Relationship": "Outer",
                            "Parallel Aware": true,
                            "Relation Name": "movie_keyword",
                            "Alias": "mk",
                            "Startup Cost": 19047.24,
                            "Total Cost": 50103.51,
                            "Plan Rows": 528182,
                            "Plan Width": 4,
                            "Actual Startup Time": 53.198,
                            "Actual Total Time": 143.828,
                            "Actual Rows": 453007,
                            "Actual Loops": 2,
                            "Recheck Cond": "(keyword_id < 865)",
                            "Rows Removed by Index Recheck": 0,
                            "Exact Heap Blocks": 13753,
                            "Lossy Heap Blocks": 0,
                            "Plans": [
                              {
                                "Node Type": "Bitmap Index Scan",
                                "Parent Relationship": "Outer",
                                "Parallel Aware": false,
                                "Index Name": "keyword_id_movie_keyword",
                                "Startup Cost": 0.0,
                                "Total Cost": 18822.76,
                                "Plan Rows": 897910,
                                "Plan Width": 0,
                                "Actual Startup Time": 49.526,
                                "Actual Total Time": 49.526,
                                "Actual Rows": 906014,
                                "Actual Loops": 1,
                                "Index Cond": "(keyword_id < 865)"
                              }
                            ]
                          },
                          {
                            "Node Type": "Hash",
                            "Parent Relationship": "Inner",
                            "Parallel Aware": true,
                            "Startup Cost": 58306.47,
                            "Total Cost": 58306.47,
                            "Plan Rows": 433431,
                            "Plan Width": 4,
                            "Actual Startup Time": 227.976,
                            "Actual Total Time": 227.977,
                            "Actual Rows": 317955,
                            "Actual Loops": 2,
                            "Hash Buckets": 1048576,
                            "Original Hash Buckets": 1048576,
                            "Hash Batches": 1,
                            "Original Hash Batches": 1,
                            "Peak Memory Usage": 33088,
                            "Plans": [
                              {
                                "Node Type": "Seq Scan",
                                "Parent Relationship": "Outer",
                                "Parallel Aware": true,
                                "Relation Name": "title",
                                "Alias": "t",
                                "Startup Cost": 0.0,
                                "Total Cost": 58306.47,
                                "Plan Rows": 433431,
                                "Plan Width": 4,
                                "Actual Startup Time": 0.031,
                                "Actual Total Time": 150.986,
                                "Actual Rows": 317955,
                                "Actual Loops": 2,
                                "Filter": "((kind_id < 7) AND (production_year > 1984))",
                                "Rows Removed by Filter": 946201
                              }
                            ]
                          }
                        ]
                      }
                    ]
                  }
                ]
              }
            ]
          }
        ]
      }
    ]
  },
  "Planning Time": 0.965,
  "Triggers": [],
  "Execution Time": 856.485
}