[
  {
    "Plan": {
      "Node Type": "Aggregate",
      "Strategy": "Plain",
      "Partial Mode": "Finalize",
      "Parallel Aware": false,
      "Startup Cost": 538792.65,
      "Total Cost": 538792.66,
      "Plan Rows": 1,
      "Plan Width": 8,
      "Actual Startup Time": 1357.92,
      "Actual Total Time": 1429.112,
      "Actual Rows": 1,
      "Actual Loops": 1,
      "Plans": [
        {
          "Node Type": "Gather",
          "Parent Relationship": "Outer",
          "Parallel Aware": false,
          "Startup Cost": 538792.13,
          "Total Cost": 538792.64,
          "Plan Rows": 5,
          "Plan Width": 8,
          "Actual Startup Time": 1353.858,
          "Actual Total Time": 1429.105,
          "Actual Rows": 6,
          "Actual Loops": 1,
          "Workers Planned": 5,
          "Workers Launched": 5,
          "Single Copy": false,
          "Plans": [
            {
              "Node Type": "Aggregate",
              "Strategy": "Plain",
              "Partial Mode": "Partial",
              "Parent Relationship": "Outer",
              "Parallel Aware": false,
              "Startup Cost": 537792.13,
              "Total Cost": 537792.14,
              "Plan Rows": 1,
              "Plan Width": 8,
              "Actual Startup Time": 1337.332,
              "Actual Total Time": 1337.336,
              "Actual Rows": 1,
              "Actual Loops": 6,
              "Plans": [
                {
                  "Node Type": "Nested Loop",
                  "Parent Relationship": "Outer",
                  "Parallel Aware": false,
                  "Join Type": "Inner",
                  "Startup Cost": 72017.65,
                  "Total Cost": 536655.27,
                  "Plan Rows": 454743,
                  "Plan Width": 0,
                  "Actual Startup Time": 232.236,
                  "Actual Total Time": 1311.725,
                  "Actual Rows": 452654,
                  "Actual Loops": 6,
                  "Inner Unique": false,
                  "Join Filter": "(t.id = ci.movie_id)",
                  "Rows Removed by Join Filter": 0,
                  "Plans": [
                    {
                      "Node Type": "Hash Join",
                      "Parent Relationship": "Outer",
                      "Parallel Aware": true,
                      "Join Type": "Inner",
                      "Startup Cost": 72017.09,
                      "Total Cost": 237876.93,
                      "Plan Rows": 109331,
                      "Plan Width": 8,
                      "Actual Startup Time": 231.975,
                      "Actual Total Time": 348.166,
                      "Actual Rows": 39400,
                      "Actual Loops": 6,
                      "Inner Unique": true,
                      "Hash Cond": "(mi.movie_id = t.id)",
                      "Plans": [
                        {
                          "Node Type": "Bitmap Heap Scan",
                          "Parent Relationship": "Outer",
                          "Parallel Aware": true,
                          "Relation Name": "movie_info",
                          "Alias": "mi",
                          "Startup Cost": 23159.21,
                          "Total Cost": 188347.95,
                          "Plan Rows": 255659,
                          "Plan Width": 4,
                          "Actual Startup Time": 45.242,
                          "Actual Total Time": 75.297,
                          "Actual Rows": 216498,
                          "Actual Loops": 6,
                          "Recheck Cond": "(info_type_id = 4)",
                          "Rows Removed by Index Recheck": 0,
                          "Exact Heap Blocks": 1818,
                          "Lossy Heap Blocks": 0,
                          "Plans": [
                            {
                              "Node Type": "Bitmap Index Scan",
                              "Parent Relationship": "Outer",
                              "Parallel Aware": false,
                              "Index Name": "info_type_id_movie_info",
                              "Startup Cost": 0.0,
                              "Total Cost": 22839.64,
                              "Plan Rows": 1278294,
                              "Plan Width": 0,
                              "Actual Startup Time": 43.963,
                              "Actual Total Time": 43.964,
                              "Actual Rows": 1298989,
                              "Actual Loops": 1,
                              "Index Cond": "(info_type_id = 4)"
                            }
                          ]
                        },
                        {
                          "Node Type": "Hash",
                          "Parent Relationship": "Inner",
                          "Parallel Aware": true,
                          "Startup Cost": 45479.1,
                          "Total Cost": 45479.1,
                          "Plan Rows": 270302,
                          "Plan Width": 4,
                          "Actual Startup Time": 181.557,
                          "Actual Total Time": 181.558,
                          "Actual Rows": 196151,
                          "Actual Loops": 6,
                          "Hash Buckets": 2097152,
                          "Original Hash Buckets": 2097152,
                          "Hash Batches": 1,
                          "Original Hash Batches": 1,
                          "Peak Memory Usage": 62528,
                          "Plans": [
                            {
                              "Node Type": "Seq Scan",
                              "Parent Relationship": "Outer",
                              "Parallel Aware": true,
                              "Relation Name": "title",
                              "Alias": "t",
                              "Startup Cost": 0.0,
                              "Total Cost": 45479.1,
                              "Plan Rows": 270302,
                              "Plan Width": 4,
                              "Actual Startup Time": 0.046,
                              "Actual Total Time": 88.941,
                              "Actual Rows": 196151,
                              "Actual Loops": 6,
                              "Filter": "((production_year > 1989) AND (kind_id = 7))",
                              "Rows Removed by Filter": 225234
                            }
                          ]
                        }
                      ]
                    },
                    {
                      "Node Type": "Index Scan",
                      "Parent Relationship": "Inner",
                      "Parallel Aware": false,
                      "Scan Direction": "Forward",
                      "Index Name": "movie_id_cast_info",
                      "Relation Name": "cast_info",
                      "Alias": "ci",
                      "Startup Cost": 0.56,
                      "Total Cost": 2.6,
                      "Plan Rows": 11,
                      "Plan Width": 4,
                      "Actual Startup Time": 0.012,
                      "Actual Total Time": 0.023,
                      "Actual Rows": 11,
                      "Actual Loops": 236399,
                      "Index Cond": "(movie_id = mi.movie_id)",
                      "Rows Removed by Index Recheck": 0,
                      "Filter": "((person_id > 2032922) AND (role_id > 1))",
                      "Rows Removed by Filter": 13
                    }
                  ]
                }
              ]
            }
          ]
        }
      ]
    },
    "Planning Time": 1.391,
    "Triggers": [],
    "Execution Time": 1429.246
  }
]