{
  "Plan": {
    "Node Type": "Aggregate",
    "Strategy": "Plain",
    "Partial Mode": "Finalize",
    "Parallel Aware": false,
    "Startup Cost": 332381.07,
    "Total Cost": 332381.08,
    "Plan Rows": 1,
    "Plan Width": 8,
    "Actual Startup Time": 1559.364,
    "Actual Total Time": 1601.381,
    "Actual Rows": 1,
    "Actual Loops": 1,
    "Plans": [
      {
        "Node Type": "Gather",
        "Parent Relationship": "Outer",
        "Parallel Aware": false,
        "Startup Cost": 332380.95,
        "Total Cost": 332381.06,
        "Plan Rows": 1,
        "Plan Width": 8,
        "Actual Startup Time": 1559.008,
        "Actual Total Time": 1601.374,
        "Actual Rows": 2,
        "Actual Loops": 1,
        "Workers Planned": 1,
        "Workers Launched": 1,
        "Single Copy": false,
        "Plans": [
          {
            "Node Type": "Aggregate",
            "Strategy": "Plain",
            "Partial Mode": "Partial",
            "Parent Relationship": "Outer",
            "Parallel Aware": false,
            "Startup Cost": 331380.95,
            "Total Cost": 331380.96,
            "Plan Rows": 1,
            "Plan Width": 8,
            "Actual Startup Time": 1553.343,
            "Actual Total Time": 1553.347,
            "Actual Rows": 1,
            "Actual Loops": 2,
            "Plans": [
              {
                "Node Type": "Hash Join",
                "Parent Relationship": "Outer",
                "Parallel Aware": true,
                "Join Type": "Inner",
                "Startup Cost": 58901.54,
                "Total Cost": 330685.03,
                "Plan Rows": 278369,
                "Plan Width": 0,
                "Actual Startup Time": 165.943,
                "Actual Total Time": 1547.573,
                "Actual Rows": 128510,
                "Actual Loops": 2,
                "Inner Unique": true,
                "Hash Cond": "(mi.movie_id = t.id)",
                "Plans": [
                  {
                    "Node Type": "Seq Scan",
                    "Parent Relationship": "Outer",
                    "Parallel Aware": true,
                    "Relation Name": "movie_info",
                    "Alias": "mi",
                    "Startup Cost": 0.0,
                    "Total Cost": 248955.74,
                    "Plan Rows": 8696274,
                    "Plan Width": 4,
                    "Actual Startup Time": 0.011,
                    "Actual Total Time": 643.479,
                    "Actual Rows": 7417860,
                    "Actual Loops": 2
                  },
                  {
                    "Node Type": "Hash",
                    "Parent Relationship": "Inner",
                    "Parallel Aware": true,
                    "Startup Cost": 58306.47,
                    "Total Cost": 58306.47,
                    "Plan Rows": 47606,
                    "Plan Width": 4,
                    "Actual Startup Time": 162.543,
                    "Actual Total Time": 162.544,
                    "Actual Rows": 46541,
                    "Actual Loops": 2,
                    "Hash Buckets": 131072,
                    "Original Hash Buckets": 131072,
                    "Hash Batches": 1,
                    "Original Hash Batches": 1,
                    "Peak Memory Usage": 4704,
                    "Plans": [
                      {
                        "Node Type": "Seq Scan",
                        "Parent Relationship": "Outer",
                        "Parallel Aware": true,
                        "Relation Name": "title",
                        "Alias": "t",
                        "Startup Cost": 0.0,
                        "Total Cost": 58306.47,
                        "Plan Rows": 47606,
                        "Plan Width": 4,
                        "Actual Startup Time": 0.048,
                        "Actual Total Time": 146.204,
                        "Actual Rows": 46541,
                        "Actual Loops": 2,
                        "Filter": "((kind_id > 3) AND (production_year = 2008))",
                        "Rows Removed by Filter": 1217615
                      }
                    ]
                  }
                ]
              }
            ]
          }
        ]
      }
    ]
  },
  "Planning Time": 0.481,
  "Triggers": [],
  "Execution Time": 1601.463
}