{
  "Plan": {
    "Node Type": "Aggregate",
    "Strategy": "Plain",
    "Partial Mode": "Finalize",
    "Parallel Aware": false,
    "Startup Cost": 1030809.34,
    "Total Cost": 1030809.35,
    "Plan Rows": 1,
    "Plan Width": 8,
    "Actual Startup Time": 14321.309,
    "Actual Total Time": 14426.504,
    "Actual Rows": 1,
    "Actual Loops": 1,
    "Plans": [
      {
        "Node Type": "Gather",
        "Parent Relationship": "Outer",
        "Parallel Aware": false,
        "Startup Cost": 1030809.23,
        "Total Cost": 1030809.34,
        "Plan Rows": 1,
        "Plan Width": 8,
        "Actual Startup Time": 14308.638,
        "Actual Total Time": 14426.495,
        "Actual Rows": 2,
        "Actual Loops": 1,
        "Workers Planned": 1,
        "Workers Launched": 1,
        "Single Copy": false,
        "Plans": [
          {
            "Node Type": "Aggregate",
            "Strategy": "Plain",
            "Partial Mode": "Partial",
            "Parent Relationship": "Outer",
            "Parallel Aware": false,
            "Startup Cost": 1029809.23,
            "Total Cost": 1029809.24,
            "Plan Rows": 1,
            "Plan Width": 8,
            "Actual Startup Time": 14294.135,
            "Actual Total Time": 14294.143,
            "Actual Rows": 1,
            "Actual Loops": 2,
            "Plans": [
              {
                "Node Type": "Hash Join",
                "Parent Relationship": "Outer",
                "Parallel Aware": true,
                "Join Type": "Inner",
                "Startup Cost": 676811.26,
                "Total Cost": 1013610.3,
                "Plan Rows": 6479569,
                "Plan Width": 0,
                "Actual Startup Time": 5390.369,
                "Actual Total Time": 12215.71,
                "Actual Rows": 52373138,
                "Actual Loops": 2,
                "Inner Unique": false,
                "Hash Cond": "(mi.movie_id = t.id)",
                "Plans": [
                  {
                    "Node Type": "Seq Scan",
                    "Parent Relationship": "Outer",
                    "Parallel Aware": true,
                    "Relation Name": "movie_info",
                    "Alias": "mi",
                    "Startup Cost": 0.0,
                    "Total Cost": 270696.42,
                    "Plan Rows": 4478001,
                    "Plan Width": 4,
                    "Actual Startup Time": 33.626,
                    "Actual Total Time": 700.28,
                    "Actual Rows": 3774428,
                    "Actual Loops": 2,
                    "Filter": "(info_type_id > 7)",
                    "Rows Removed by Filter": 3643432
                  },
                  {
                    "Node Type": "Hash",
                    "Parent Relationship": "Inner",
                    "Parallel Aware": true,
                    "Startup Cost": 649911.37,
                    "Total Cost": 649911.37,
                    "Plan Rows": 2151991,
                    "Plan Width": 8,
                    "Actual Startup Time": 5335.279,
                    "Actual Total Time": 5335.285,
                    "Actual Rows": 2890588,
                    "Actual Loops": 2,
                    "Hash Buckets": 8388608,
                    "Original Hash Buckets": 4194304,
                    "Hash Batches": 1,
                    "Original Hash Batches": 1,
                    "Peak Memory Usage": 324512,
                    "Plans": [
                      {
                        "Node Type": "Hash Join",
                        "Parent Relationship": "Outer",
                        "Parallel Aware": true,
                        "Join Type": "Inner",
                        "Startup Cost": 60883.71,
                        "Total Cost": 649911.37,
                        "Plan Rows": 2151991,
                        "Plan Width": 8,
                        "Actual Startup Time": 807.147,
                        "Actual Total Time": 4305.458,
                        "Actual Rows": 2890588,
                        "Actual Loops": 2,
                        "Inner Unique": true,
                        "Hash Cond": "(ci.movie_id = t.id)",
                        "Plans": [
                          {
                            "Node Type": "Seq Scan",
                            "Parent Relationship": "Outer",
                            "Parallel Aware": true,
                            "Relation Name": "cast_info",
                            "Alias": "ci",
                            "Startup Cost": 0.0,
                            "Total Cost": 572345.93,
                            "Plan Rows": 6354931,
                            "Plan Width": 4,
                            "Actual Startup Time": 556.978,
                            "Actual Total Time": 1722.785,
                            "Actual Rows": 8219081,
                            "Actual Loops": 2,
                            "Filter": "((person_id > 1987090) AND (role_id > 1))",
                            "Rows Removed by Filter": 9903091
                          },
                          {
                            "Node Type": "Hash",
                            "Parent Relationship": "Inner",
                            "Parallel Aware": true,
                            "Startup Cost": 54588.39,
                            "Total Cost": 54588.39,
                            "Plan Rows": 503626,
                            "Plan Width": 4,
                            "Actual Startup Time": 247.075,
                            "Actual Total Time": 247.077,
                            "Actual Rows": 427107,
                            "Actual Loops": 2,
                            "Hash Buckets": 1048576,
                            "Original Hash Buckets": 1048576,
                            "Hash Batches": 1,
                            "Original Hash Batches": 1,
                            "Peak Memory Usage": 41664,
                            "Plans": [
                              {
                                "Node Type": "Seq Scan",
                                "Parent Relationship": "Outer",
                                "Parallel Aware": true,
                                "Relation Name": "title",
                                "Alias": "t",
                                "Startup Cost": 0.0,
                                "Total Cost": 54588.39,
                                "Plan Rows": 503626,
                                "Plan Width": 4,
                                "Actual Startup Time": 0.03,
                                "Actual Total Time": 145.428,
                                "Actual Rows": 427107,
                                "Actual Loops": 2,
                                "Filter": "(kind_id < 4)",
                                "Rows Removed by Filter": 837049
                              }
                            ]
                          }
                        ]
                      }
                    ]
                  }
                ]
              }
            ]
          }
        ]
      }
    ]
  },
  "Planning Time": 1.032,
  "Triggers": [],
  "Execution Time": 14426.607
}