[
  {
    "Plan": {
      "Node Type": "Aggregate",
      "Strategy": "Plain",
      "Partial Mode": "Finalize",
      "Parallel Aware": false,
      "Startup Cost": 295301.99,
      "Total Cost": 295302.0,
      "Plan Rows": 1,
      "Plan Width": 8,
      "Actual Startup Time": 1259.479,
      "Actual Total Time": 1307.091,
      "Actual Rows": 1,
      "Actual Loops": 1,
      "Plans": [
        {
          "Node Type": "Gather",
          "Parent Relationship": "Outer",
          "Parallel Aware": false,
          "Startup Cost": 295301.46,
          "Total Cost": 295301.97,
          "Plan Rows": 5,
          "Plan Width": 8,
          "Actual Startup Time": 1241.949,
          "Actual Total Time": 1307.077,
          "Actual Rows": 6,
          "Actual Loops": 1,
          "Workers Planned": 5,
          "Workers Launched": 5,
          "Single Copy": false,
          "Plans": [
            {
              "Node Type": "Aggregate",
              "Strategy": "Plain",
              "Partial Mode": "Partial",
              "Parent Relationship": "Outer",
              "Parallel Aware": false,
              "Startup Cost": 294301.46,
              "Total Cost": 294301.47,
              "Plan Rows": 1,
              "Plan Width": 8,
              "Actual Startup Time": 1231.511,
              "Actual Total Time": 1232.027,
              "Actual Rows": 1,
              "Actual Loops": 6,
              "Plans": [
                {
                  "Node Type": "Hash Join",
                  "Parent Relationship": "Outer",
                  "Parallel Aware": true,
                  "Join Type": "Inner",
                  "Startup Cost": 93044.37,
                  "Total Cost": 294053.53,
                  "Plan Rows": 99175,
                  "Plan Width": 0,
                  "Actual Startup Time": 389.831,
                  "Actual Total Time": 1050.691,
                  "Actual Rows": 4435580,
                  "Actual Loops": 6,
                  "Inner Unique": false,
                  "Hash Cond": "(mi.movie_id = t.id)",
                  "Plans": [
                    {
                      "Node Type": "Seq Scan",
                      "Parent Relationship": "Outer",
                      "Parallel Aware": true,
                      "Relation Name": "movie_info",
                      "Alias": "mi",
                      "Startup Cost": 0.0,
                      "Total Cost": 198952.16,
                      "Plan Rows": 463221,
                      "Plan Width": 4,
                      "Actual Startup Time": 16.588,
                      "Actual Total Time": 297.158,
                      "Actual Rows": 372308,
                      "Actual Loops": 6,
                      "Filter": "(info_type_id > 16)",
                      "Rows Removed by Filter": 2100312
                    },
                    {
                      "Node Type": "Hash",
                      "Parent Relationship": "Inner",
                      "Parallel Aware": true,
                      "Startup Cost": 90861.68,
                      "Total Cost": 90861.68,
                      "Plan Rows": 174615,
                      "Plan Width": 8,
                      "Actual Startup Time": 368.616,
                      "Actual Total Time": 369.131,
                      "Actual Rows": 194636,
                      "Actual Loops": 6,
                      "Hash Buckets": 2097152,
                      "Original Hash Buckets": 1048576,
                      "Hash Batches": 1,
                      "Original Hash Batches": 1,
                      "Peak Memory Usage": 70368,
                      "Plans": [
                        {
                          "Node Type": "Hash Join",
                          "Parent Relationship": "Outer",
                          "Parallel Aware": true,
                          "Join Type": "Inner",
                          "Startup Cost": 46997.13,
                          "Total Cost": 90861.68,
                          "Plan Rows": 174615,
                          "Plan Width": 8,
                          "Actual Startup Time": 157.059,
                          "Actual Total Time": 285.888,
                          "Actual Rows": 194636,
                          "Actual Loops": 6,
                          "Inner Unique": true,
                          "Hash Cond": "(mk.movie_id = t.id)",
                          "Plans": [
                            {
                              "Node Type": "Seq Scan",
                              "Parent Relationship": "Outer",
                              "Parallel Aware": true,
                              "Relation Name": "movie_keyword",
                              "Alias": "mk",
                              "Startup Cost": 0.0,
                              "Total Cost": 42695.65,
                              "Plan Rows": 445294,
                              "Plan Width": 4,
                              "Actual Startup Time": 0.624,
                              "Actual Total Time": 75.906,
                              "Actual Rows": 231035,
                              "Actual Loops": 6,
                              "Filter": "(keyword_id > 12034)",
                              "Rows Removed by Filter": 522953
                            },
                            {
                              "Node Type": "Hash",
                              "Parent Relationship": "Inner",
                              "Parallel Aware": true,
                              "Startup Cost": 43898.92,
                              "Total Cost": 43898.92,
                              "Plan Rows": 247857,
                              "Plan Width": 4,
                              "Actual Startup Time": 154.62,
                              "Actual Total Time": 154.621,
                              "Actual Rows": 164175,
                              "Actual Loops": 6,
                              "Hash Buckets": 1048576,
                              "Original Hash Buckets": 1048576,
                              "Hash Batches": 1,
                              "Original Hash Batches": 1,
                              "Peak Memory Usage": 46816,
                              "Plans": [
                                {
                                  "Node Type": "Seq Scan",
                                  "Parent Relationship": "Outer",
                                  "Parallel Aware": true,
                                  "Relation Name": "title",
                                  "Alias": "t",
                                  "Startup Cost": 0.0,
                                  "Total Cost": 43898.92,
                                  "Plan Rows": 247857,
                                  "Plan Width": 4,
                                  "Actual Startup Time": 0.045,
                                  "Actual Total Time": 83.836,
                                  "Actual Rows": 164175,
                                  "Actual Loops": 6,
                                  "Filter": "(kind_id < 7)",
                                  "Rows Removed by Filter": 257211
                                }
                              ]
                            }
                          ]
                        }
                      ]
                    }
                  ]
                }
              ]
            }
          ]
        }
      ]
    },
    "Planning Time": 1.44,
    "Triggers": [],
    "Execution Time": 1307.19
  }
]