[
  {
    "Plan": {
      "Node Type": "Aggregate",
      "Strategy": "Plain",
      "Partial Mode": "Finalize",
      "Parallel Aware": false,
      "Startup Cost": 47047.4,
      "Total Cost": 47047.41,
      "Plan Rows": 1,
      "Plan Width": 8,
      "Actual Startup Time": 82.327,
      "Actual Total Time": 88.069,
      "Actual Rows": 1,
      "Actual Loops": 1,
      "Plans": [
        {
          "Node Type": "Gather",
          "Parent Relationship": "Outer",
          "Parallel Aware": false,
          "Startup Cost": 47046.98,
          "Total Cost": 47047.39,
          "Plan Rows": 4,
          "Plan Width": 8,
          "Actual Startup Time": 82.233,
          "Actual Total Time": 88.063,
          "Actual Rows": 5,
          "Actual Loops": 1,
          "Workers Planned": 4,
          "Workers Launched": 4,
          "Single Copy": false,
          "Plans": [
            {
              "Node Type": "Aggregate",
              "Strategy": "Plain",
              "Partial Mode": "Partial",
              "Parent Relationship": "Outer",
              "Parallel Aware": false,
              "Startup Cost": 46046.98,
              "Total Cost": 46046.99,
              "Plan Rows": 1,
              "Plan Width": 8,
              "Actual Startup Time": 78.716,
              "Actual Total Time": 78.717,
              "Actual Rows": 1,
              "Actual Loops": 5,
              "Plans": [
                {
                  "Node Type": "Seq Scan",
                  "Parent Relationship": "Outer",
                  "Parallel Aware": true,
                  "Relation Name": "title",
                  "Alias": "t",
                  "Startup Cost": 0.0,
                  "Total Cost": 45479.21,
                  "Plan Rows": 227109,
                  "Plan Width": 0,
                  "Actual Startup Time": 0.02,
                  "Actual Total Time": 71.341,
                  "Actual Rows": 166020,
                  "Actual Loops": 5,
                  "Filter": "((kind_id < 7) AND (production_year > 1942))",
                  "Rows Removed by Filter": 339643
                }
              ]
            }
          ]
        }
      ]
    },
    "Planning Time": 0.118,
    "Triggers": [],
    "Execution Time": 88.107
  }
]