[
  {
    "Plan": {
      "Node Type": "Aggregate",
      "Strategy": "Plain",
      "Partial Mode": "Finalize",
      "Parallel Aware": false,
      "Startup Cost": 47046.05,
      "Total Cost": 47046.06,
      "Plan Rows": 1,
      "Plan Width": 8,
      "Actual Startup Time": 108.314,
      "Actual Total Time": 120.887,
      "Actual Rows": 1,
      "Actual Loops": 1,
      "Plans": [
        {
          "Node Type": "Gather",
          "Parent Relationship": "Outer",
          "Parallel Aware": false,
          "Startup Cost": 47045.63,
          "Total Cost": 47046.04,
          "Plan Rows": 4,
          "Plan Width": 8,
          "Actual Startup Time": 108.065,
          "Actual Total Time": 120.878,
          "Actual Rows": 5,
          "Actual Loops": 1,
          "Workers Planned": 4,
          "Workers Launched": 4,
          "Single Copy": false,
          "Plans": [
            {
              "Node Type": "Aggregate",
              "Strategy": "Plain",
              "Partial Mode": "Partial",
              "Parent Relationship": "Outer",
              "Parallel Aware": false,
              "Startup Cost": 46045.63,
              "Total Cost": 46045.64,
              "Plan Rows": 1,
              "Plan Width": 8,
              "Actual Startup Time": 99.742,
              "Actual Total Time": 99.744,
              "Actual Rows": 1,
              "Actual Loops": 5,
              "Plans": [
                {
                  "Node Type": "Seq Scan",
                  "Parent Relationship": "Outer",
                  "Parallel Aware": true,
                  "Relation Name": "title",
                  "Alias": "t",
                  "Startup Cost": 0.0,
                  "Total Cost": 45479.1,
                  "Plan Rows": 226611,
                  "Plan Width": 0,
                  "Actual Startup Time": 0.046,
                  "Actual Total Time": 91.796,
                  "Actual Rows": 166020,
                  "Actual Loops": 5,
                  "Filter": "((kind_id < 7) AND (production_year > 1942))",
                  "Rows Removed by Filter": 339643
                }
              ]
            }
          ]
        }
      ]
    },
    "Planning Time": 0.19,
    "Triggers": [],
    "Execution Time": 120.958
  }
]