{
    "Plan": {
        "Node Type": "Aggregate",
        "Strategy": "Plain",
        "Partial Mode": "Finalize",
        "Parallel Aware": false,
        "Startup Cost": 80339.2,
        "Total Cost": 80339.21,
        "Plan Rows": 1,
        "Plan Width": 8,
        "Actual Startup Time": 541.216,
        "Actual Total Time": 556.996,
        "Actual Rows": 1,
        "Actual Loops": 1,
        "Output": [
            "count(*)"
        ],
        "Plans": [
            {
                "Node Type": "Gather",
                "Parent Relationship": "Outer",
                "Parallel Aware": false,
                "Startup Cost": 80338.89,
                "Total Cost": 80339.2,
                "Plan Rows": 3,
                "Plan Width": 8,
                "Actual Startup Time": 533.585,
                "Actual Total Time": 556.987,
                "Actual Rows": 4,
                "Actual Loops": 1,
                "Output": [
                    "(PARTIAL count(*))"
                ],
                "Workers Planned": 3,
                "Workers Launched": 3,
                "Single Copy": false,
                "Plans": [
                    {
                        "Node Type": "Aggregate",
                        "Strategy": "Plain",
                        "Partial Mode": "Partial",
                        "Parent Relationship": "Outer",
                        "Parallel Aware": false,
                        "Startup Cost": 79338.89,
                        "Total Cost": 79338.9,
                        "Plan Rows": 1,
                        "Plan Width": 8,
                        "Actual Startup Time": 520.325,
                        "Actual Total Time": 520.328,
                        "Actual Rows": 1,
                        "Actual Loops": 4,
                        "Output": [
                            "PARTIAL count(*)"
                        ],
                        "Workers": [
                            {
                                "Worker Number": 0,
                                "Actual Startup Time": 516.098,
                                "Actual Total Time": 516.1,
                                "Actual Rows": 1,
                                "Actual Loops": 1
                            },
                            {
                                "Worker Number": 1,
                                "Actual Startup Time": 516.128,
                                "Actual Total Time": 516.13,
                                "Actual Rows": 1,
                                "Actual Loops": 1
                            },
                            {
                                "Worker Number": 2,
                                "Actual Startup Time": 516.226,
                                "Actual Total Time": 516.23,
                                "Actual Rows": 1,
                                "Actual Loops": 1
                            }
                        ],
                        "Plans": [
                            {
                                "Node Type": "Hash Join",
                                "Parent Relationship": "Outer",
                                "Parallel Aware": true,
                                "Join Type": "Inner",
                                "Startup Cost": 48988.45,
                                "Total Cost": 78404.33,
                                "Plan Rows": 373821,
                                "Plan Width": 0,
                                "Actual Startup Time": 266.39,
                                "Actual Total Time": 510.235,
                                "Actual Rows": 189786,
                                "Actual Loops": 4,
                                "Inner Unique": true,
                                "Hash Cond": "(mc.movie_id = t.id)",
                                "Workers": [
                                    {
                                        "Worker Number": 0,
                                        "Actual Startup Time": 262.315,
                                        "Actual Total Time": 506.967,
                                        "Actual Rows": 224880,
                                        "Actual Loops": 1
                                    },
                                    {
                                        "Worker Number": 1,
                                        "Actual Startup Time": 262.351,
                                        "Actual Total Time": 505.267,
                                        "Actual Rows": 162385,
                                        "Actual Loops": 1
                                    },
                                    {
                                        "Worker Number": 2,
                                        "Actual Startup Time": 262.477,
                                        "Actual Total Time": 508.177,
                                        "Actual Rows": 194691,
                                        "Actual Loops": 1
                                    }
                                ],
                                "Plans": [
                                    {
                                        "Node Type": "Seq Scan",
                                        "Parent Relationship": "Outer",
                                        "Parallel Aware": true,
                                        "Relation Name": "movie_companies",
                                        "Schema": "public",
                                        "Alias": "mc",
                                        "Startup Cost": 0.0,
                                        "Total Cost": 27206.55,
                                        "Plan Rows": 841655,
                                        "Plan Width": 4,
                                        "Actual Startup Time": 0.019,
                                        "Actual Total Time": 65.26,
                                        "Actual Rows": 652282,
                                        "Actual Loops": 4,
                                        "Output": [
                                            "mc.id",
                                            "mc.movie_id",
                                            "mc.company_id",
                                            "mc.company_type_id",
                                            "mc.note"
                                        ],
                                        "Workers": [
                                            {
                                                "Worker Number": 0,
                                                "Actual Startup Time": 0.022,
                                                "Actual Total Time": 64.84,
                                                "Actual Rows": 775139,
                                                "Actual Loops": 1
                                            },
                                            {
                                                "Worker Number": 1,
                                                "Actual Startup Time": 0.023,
                                                "Actual Total Time": 71.702,
                                                "Actual Rows": 556746,
                                                "Actual Loops": 1
                                            },
                                            {
                                                "Worker Number": 2,
                                                "Actual Startup Time": 0.021,
                                                "Actual Total Time": 62.47,
                                                "Actual Rows": 671706,
                                                "Actual Loops": 1
                                            }
                                        ]
                                    },
                                    {
                                        "Node Type": "Hash",
                                        "Parent Relationship": "Inner",
                                        "Parallel Aware": true,
                                        "Startup Cost": 45479.21,
                                        "Total Cost": 45479.21,
                                        "Plan Rows": 280739,
                                        "Plan Width": 4,
                                        "Actual Startup Time": 258.321,
                                        "Actual Total Time": 258.322,
                                        "Actual Rows": 308711,
                                        "Actual Loops": 4,
                                        "Output": [
                                            "t.id"
                                        ],
                                        "Hash Buckets": 2097152,
                                        "Original Hash Buckets": 2097152,
                                        "Hash Batches": 1,
                                        "Original Hash Batches": 1,
                                        "Peak Memory Usage": 64768,
                                        "Workers": [
                                            {
                                                "Worker Number": 0,
                                                "Actual Startup Time": 261.634,
                                                "Actual Total Time": 261.635,
                                                "Actual Rows": 344087,
                                                "Actual Loops": 1
                                            },
                                            {
                                                "Worker Number": 1,
                                                "Actual Startup Time": 261.616,
                                                "Actual Total Time": 261.617,
                                                "Actual Rows": 251352,
                                                "Actual Loops": 1
                                            },
                                            {
                                                "Worker Number": 2,
                                                "Actual Startup Time": 261.762,
                                                "Actual Total Time": 261.763,
                                                "Actual Rows": 304746,
                                                "Actual Loops": 1
                                            }
                                        ],
                                        "Plans": [
                                            {
                                                "Node Type": "Seq Scan",
                                                "Parent Relationship": "Outer",
                                                "Parallel Aware": true,
                                                "Relation Name": "title",
                                                "Schema": "public",
                                                "Alias": "t",
                                                "Startup Cost": 0.0,
                                                "Total Cost": 45479.21,
                                                "Plan Rows": 280739,
                                                "Plan Width": 4,
                                                "Actual Startup Time": 0.055,
                                                "Actual Total Time": 125.77,
                                                "Actual Rows": 308711,
                                                "Actual Loops": 4,
                                                "Output": [
                                                    "t.id"
                                                ],
                                                "Filter": "((t.kind_id > 1) AND (t.production_year > 1997))",
                                                "Rows Removed by Filter": 323367,
                                                "Workers": [
                                                    {
                                                        "Worker Number": 0,
                                                        "Actual Startup Time": 0.067,
                                                        "Actual Total Time": 127.685,
                                                        "Actual Rows": 344087,
                                                        "Actual Loops": 1
                                                    },
                                                    {
                                                        "Worker Number": 1,
                                                        "Actual Startup Time": 0.071,
                                                        "Actual Total Time": 132.756,
                                                        "Actual Rows": 251352,
                                                        "Actual Loops": 1
                                                    },
                                                    {
                                                        "Worker Number": 2,
                                                        "Actual Startup Time": 0.066,
                                                        "Actual Total Time": 124.097,
                                                        "Actual Rows": 304746,
                                                        "Actual Loops": 1
                                                    }
                                                ]
                                            }
                                        ]
                                    }
                                ]
                            }
                        ]
                    }
                ]
            }
        ]
    },
    "Planning Time": 0.717,
    "Triggers": [],
    "Execution Time": 557.064
}