[
  {
    "Plan": {
      "Node Type": "Aggregate",
      "Strategy": "Plain",
      "Partial Mode": "Finalize",
      "Parallel Aware": false,
      "Startup Cost": 433803.79,
      "Total Cost": 433803.8,
      "Plan Rows": 1,
      "Plan Width": 8,
      "Actual Startup Time": 2209.786,
      "Actual Total Time": 2264.681,
      "Actual Rows": 1,
      "Actual Loops": 1,
      "Plans": [
        {
          "Node Type": "Gather",
          "Parent Relationship": "Outer",
          "Parallel Aware": false,
          "Startup Cost": 433803.17,
          "Total Cost": 433803.78,
          "Plan Rows": 6,
          "Plan Width": 8,
          "Actual Startup Time": 2192.715,
          "Actual Total Time": 2264.668,
          "Actual Rows": 7,
          "Actual Loops": 1,
          "Workers Planned": 6,
          "Workers Launched": 6,
          "Single Copy": false,
          "Plans": [
            {
              "Node Type": "Aggregate",
              "Strategy": "Plain",
              "Partial Mode": "Partial",
              "Parent Relationship": "Outer",
              "Parallel Aware": false,
              "Startup Cost": 432803.17,
              "Total Cost": 432803.18,
              "Plan Rows": 1,
              "Plan Width": 8,
              "Actual Startup Time": 2183.917,
              "Actual Total Time": 2184.342,
              "Actual Rows": 1,
              "Actual Loops": 7,
              "Plans": [
                {
                  "Node Type": "Hash Join",
                  "Parent Relationship": "Outer",
                  "Parallel Aware": true,
                  "Join Type": "Inner",
                  "Startup Cost": 86271.44,
                  "Total Cost": 429886.65,
                  "Plan Rows": 1166607,
                  "Plan Width": 0,
                  "Actual Startup Time": 566.926,
                  "Actual Total Time": 2089.993,
                  "Actual Rows": 1983723,
                  "Actual Loops": 7,
                  "Inner Unique": false,
                  "Hash Cond": "(ci.movie_id = t.id)",
                  "Plans": [
                    {
                      "Node Type": "Seq Scan",
                      "Parent Relationship": "Outer",
                      "Parallel Aware": true,
                      "Relation Name": "cast_info",
                      "Alias": "ci",
                      "Startup Cost": 0.0,
                      "Total Cost": 328211.39,
                      "Plan Rows": 3104152,
                      "Plan Width": 4,
                      "Actual Startup Time": 0.04,
                      "Actual Total Time": 606.303,
                      "Actual Rows": 2689158,
                      "Actual Loops": 7,
                      "Filter": "(person_id < 1875439)",
                      "Rows Removed by Filter": 2488606
                    },
                    {
                      "Node Type": "Hash",
                      "Parent Relationship": "Inner",
                      "Parallel Aware": true,
                      "Startup Cost": 82439.84,
                      "Total Cost": 82439.84,
                      "Plan Rows": 306528,
                      "Plan Width": 8,
                      "Actual Startup Time": 564.642,
                      "Actual Total Time": 565.065,
                      "Actual Rows": 159006,
                      "Actual Loops": 7,
                      "Hash Buckets": 2097152,
                      "Original Hash Buckets": 1048576,
                      "Hash Batches": 1,
                      "Original Hash Batches": 1,
                      "Peak Memory Usage": 68224,
                      "Plans": [
                        {
                          "Node Type": "Hash Join",
                          "Parent Relationship": "Outer",
                          "Parallel Aware": true,
                          "Join Type": "Inner",
                          "Startup Cost": 50220.38,
                          "Total Cost": 82439.84,
                          "Plan Rows": 306528,
                          "Plan Width": 8,
                          "Actual Startup Time": 351.251,
                          "Actual Total Time": 458.975,
                          "Actual Rows": 159006,
                          "Actual Loops": 7,
                          "Inner Unique": true,
                          "Hash Cond": "(mc.movie_id = t.id)",
                          "Plans": [
                            {
                              "Node Type": "Seq Scan",
                              "Parent Relationship": "Outer",
                              "Parallel Aware": true,
                              "Relation Name": "movie_companies",
                              "Alias": "mc",
                              "Startup Cost": 0.0,
                              "Total Cost": 31414.82,
                              "Plan Rows": 306528,
                              "Plan Width": 4,
                              "Actual Startup Time": 26.53,
                              "Actual Total Time": 56.849,
                              "Actual Rows": 159006,
                              "Actual Loops": 7,
                              "Filter": "((company_id > 1451) AND (company_type_id > 1))",
                              "Rows Removed by Filter": 213727
                            },
                            {
                              "Node Type": "Hash",
                              "Parent Relationship": "Inner",
                              "Parallel Aware": true,
                              "Startup Cost": 42319.06,
                              "Total Cost": 42319.06,
                              "Plan Rows": 632106,
                              "Plan Width": 4,
                              "Actual Startup Time": 319.549,
                              "Actual Total Time": 319.551,
                              "Actual Rows": 361187,
                              "Actual Loops": 7,
                              "Hash Buckets": 4194304,
                              "Original Hash Buckets": 4194304,
                              "Hash Batches": 1,
                              "Original Hash Batches": 1,
                              "Peak Memory Usage": 131808,
                              "Plans": [
                                {
                                  "Node Type": "Seq Scan",
                                  "Parent Relationship": "Outer",
                                  "Parallel Aware": true,
                                  "Relation Name": "title",
                                  "Alias": "t",
                                  "Startup Cost": 0.0,
                                  "Total Cost": 42319.06,
                                  "Plan Rows": 632106,
                                  "Plan Width": 4,
                                  "Actual Startup Time": 0.062,
                                  "Actual Total Time": 90.268,
                                  "Actual Rows": 361187,
                                  "Actual Loops": 7
                                }
                              ]
                            }
                          ]
                        }
                      ]
                    }
                  ]
                }
              ]
            }
          ]
        }
      ]
    },
    "Planning Time": 0.629,
    "Triggers": [],
    "Execution Time": 2264.738
  }
]