[
  {
    "Plan": {
      "Node Type": "Aggregate",
      "Strategy": "Plain",
      "Partial Mode": "Finalize",
      "Parallel Aware": false,
      "Startup Cost": 431112.49,
      "Total Cost": 431112.5,
      "Plan Rows": 1,
      "Plan Width": 8,
      "Actual Startup Time": 1962.007,
      "Actual Total Time": 2028.532,
      "Actual Rows": 1,
      "Actual Loops": 1,
      "Plans": [
        {
          "Node Type": "Gather",
          "Parent Relationship": "Outer",
          "Parallel Aware": false,
          "Startup Cost": 431111.86,
          "Total Cost": 431112.47,
          "Plan Rows": 6,
          "Plan Width": 8,
          "Actual Startup Time": 1944.322,
          "Actual Total Time": 2028.521,
          "Actual Rows": 7,
          "Actual Loops": 1,
          "Workers Planned": 6,
          "Workers Launched": 6,
          "Single Copy": false,
          "Plans": [
            {
              "Node Type": "Aggregate",
              "Strategy": "Plain",
              "Partial Mode": "Partial",
              "Parent Relationship": "Outer",
              "Parallel Aware": false,
              "Startup Cost": 430111.86,
              "Total Cost": 430111.87,
              "Plan Rows": 1,
              "Plan Width": 8,
              "Actual Startup Time": 1933.126,
              "Actual Total Time": 1933.436,
              "Actual Rows": 1,
              "Actual Loops": 7,
              "Plans": [
                {
                  "Node Type": "Hash Join",
                  "Parent Relationship": "Outer",
                  "Parallel Aware": true,
                  "Join Type": "Inner",
                  "Startup Cost": 84397.06,
                  "Total Cost": 427198.65,
                  "Plan Rows": 1165287,
                  "Plan Width": 0,
                  "Actual Startup Time": 424.218,
                  "Actual Total Time": 1851.709,
                  "Actual Rows": 1983723,
                  "Actual Loops": 7,
                  "Inner Unique": false,
                  "Hash Cond": "(ci.movie_id = t.id)",
                  "Plans": [
                    {
                      "Node Type": "Seq Scan",
                      "Parent Relationship": "Outer",
                      "Parallel Aware": true,
                      "Relation Name": "cast_info",
                      "Alias": "ci",
                      "Startup Cost": 0.0,
                      "Total Cost": 328162.03,
                      "Plan Rows": 3127026,
                      "Plan Width": 4,
                      "Actual Startup Time": 0.028,
                      "Actual Total Time": 557.136,
                      "Actual Rows": 2689158,
                      "Actual Loops": 7,
                      "Filter": "(person_id < 1875439)",
                      "Rows Removed by Filter": 2488606
                    },
                    {
                      "Node Type": "Hash",
                      "Parent Relationship": "Inner",
                      "Parallel Aware": true,
                      "Startup Cost": 81452.79,
                      "Total Cost": 81452.79,
                      "Plan Rows": 235542,
                      "Plan Width": 8,
                      "Actual Startup Time": 419.16,
                      "Actual Total Time": 419.468,
                      "Actual Rows": 159006,
                      "Actual Loops": 7,
                      "Hash Buckets": 2097152,
                      "Original Hash Buckets": 1048576,
                      "Hash Batches": 1,
                      "Original Hash Batches": 1,
                      "Peak Memory Usage": 68256,
                      "Plans": [
                        {
                          "Node Type": "Hash Join",
                          "Parent Relationship": "Outer",
                          "Parallel Aware": true,
                          "Join Type": "Inner",
                          "Startup Cost": 35213.88,
                          "Total Cost": 81452.79,
                          "Plan Rows": 235542,
                          "Plan Width": 8,
                          "Actual Startup Time": 152.645,
                          "Actual Total Time": 333.394,
                          "Actual Rows": 159006,
                          "Actual Loops": 7,
                          "Inner Unique": false,
                          "Hash Cond": "(t.id = mc.movie_id)",
                          "Plans": [
                            {
                              "Node Type": "Seq Scan",
                              "Parent Relationship": "Outer",
                              "Parallel Aware": true,
                              "Relation Name": "title",
                              "Alias": "t",
                              "Startup Cost": 0.0,
                              "Total Cost": 42318.73,
                              "Plan Rows": 632073,
                              "Plan Width": 4,
                              "Actual Startup Time": 0.017,
                              "Actual Total Time": 53.626,
                              "Actual Rows": 361187,
                              "Actual Loops": 7
                            },
                            {
                              "Node Type": "Hash",
                              "Parent Relationship": "Inner",
                              "Parallel Aware": true,
                              "Startup Cost": 31414.82,
                              "Total Cost": 31414.82,
                              "Plan Rows": 303925,
                              "Plan Width": 4,
                              "Actual Startup Time": 150.883,
                              "Actual Total Time": 150.885,
                              "Actual Rows": 159006,
                              "Actual Loops": 7,
                              "Hash Buckets": 2097152,
                              "Original Hash Buckets": 1048576,
                              "Hash Batches": 1,
                              "Original Hash Batches": 1,
                              "Peak Memory Usage": 68224,
                              "Plans": [
                                {
                                  "Node Type": "Seq Scan",
                                  "Parent Relationship": "Outer",
                                  "Parallel Aware": true,
                                  "Relation Name": "movie_companies",
                                  "Alias": "mc",
                                  "Startup Cost": 0.0,
                                  "Total Cost": 31414.82,
                                  "Plan Rows": 303925,
                                  "Plan Width": 4,
                                  "Actual Startup Time": 39.56,
                                  "Actual Total Time": 66.162,
                                  "Actual Rows": 159006,
                                  "Actual Loops": 7,
                                  "Filter": "((company_id > 1451) AND (company_type_id > 1))",
                                  "Rows Removed by Filter": 213727
                                }
                              ]
                            }
                          ]
                        }
                      ]
                    }
                  ]
                }
              ]
            }
          ]
        }
      ]
    },
    "Planning Time": 1.289,
    "Triggers": [],
    "Execution Time": 2028.628
  }
]