{
  "Plan": {
    "Node Type": "Aggregate",
    "Strategy": "Plain",
    "Partial Mode": "Finalize",
    "Parallel Aware": false,
    "Startup Cost": 340373.72,
    "Total Cost": 340373.73,
    "Plan Rows": 1,
    "Plan Width": 8,
    "Actual Startup Time": 283.813,
    "Actual Total Time": 298.381,
    "Actual Rows": 1,
    "Actual Loops": 1,
    "Plans": [
      {
        "Node Type": "Gather",
        "Parent Relationship": "Outer",
        "Parallel Aware": false,
        "Startup Cost": 340373.61,
        "Total Cost": 340373.72,
        "Plan Rows": 1,
        "Plan Width": 8,
        "Actual Startup Time": 283.031,
        "Actual Total Time": 298.373,
        "Actual Rows": 2,
        "Actual Loops": 1,
        "Workers Planned": 1,
        "Workers Launched": 1,
        "Single Copy": false,
        "Plans": [
          {
            "Node Type": "Aggregate",
            "Strategy": "Plain",
            "Partial Mode": "Partial",
            "Parent Relationship": "Outer",
            "Parallel Aware": false,
            "Startup Cost": 339373.61,
            "Total Cost": 339373.62,
            "Plan Rows": 1,
            "Plan Width": 8,
            "Actual Startup Time": 276.904,
            "Actual Total Time": 276.908,
            "Actual Rows": 1,
            "Actual Loops": 2,
            "Plans": [
              {
                "Node Type": "Hash Join",
                "Parent Relationship": "Outer",
                "Parallel Aware": true,
                "Join Type": "Inner",
                "Startup Cost": 78407.25,
                "Total Cost": 339297.99,
                "Plan Rows": 30246,
                "Plan Width": 0,
                "Actual Startup Time": 237.177,
                "Actual Total Time": 276.376,
                "Actual Rows": 11821,
                "Actual Loops": 2,
                "Inner Unique": true,
                "Hash Cond": "(ci.movie_id = t.id)",
                "Plans": [
                  {
                    "Node Type": "Bitmap Heap Scan",
                    "Parent Relationship": "Outer",
                    "Parallel Aware": true,
                    "Relation Name": "cast_info",
                    "Alias": "ci",
                    "Startup Cost": 18352.73,
                    "Total Cost": 278399.09,
                    "Plan Rows": 321669,
                    "Plan Width": 4,
                    "Actual Startup Time": 61.958,
                    "Actual Total Time": 79.497,
                    "Actual Rows": 106382,
                    "Actual Loops": 2,
                    "Recheck Cond": "(person_id < 85617)",
                    "Rows Removed by Index Recheck": 0,
                    "Filter": "(role_id > 1)",
                    "Rows Removed by Filter": 300170,
                    "Exact Heap Blocks": 4068,
                    "Lossy Heap Blocks": 0,
                    "Plans": [
                      {
                        "Node Type": "Bitmap Index Scan",
                        "Parent Relationship": "Outer",
                        "Parallel Aware": false,
                        "Index Name": "person_id_cast_info",
                        "Startup Cost": 0.0,
                        "Total Cost": 18216.02,
                        "Plan Rows": 834061,
                        "Plan Width": 0,
                        "Actual Startup Time": 29.035,
                        "Actual Total Time": 29.036,
                        "Actual Rows": 813102,
                        "Actual Loops": 1,
                        "Index Cond": "(person_id < 85617)"
                      }
                    ]
                  },
                  {
                    "Node Type": "Hash",
                    "Parent Relationship": "Inner",
                    "Parallel Aware": true,
                    "Startup Cost": 58306.47,
                    "Total Cost": 58306.47,
                    "Plan Rows": 139844,
                    "Plan Width": 4,
                    "Actual Startup Time": 171.746,
                    "Actual Total Time": 171.747,
                    "Actual Rows": 128453,
                    "Actual Loops": 2,
                    "Hash Buckets": 262144,
                    "Original Hash Buckets": 262144,
                    "Hash Batches": 1,
                    "Original Hash Batches": 1,
                    "Peak Memory Usage": 12128,
                    "Plans": [
                      {
                        "Node Type": "Seq Scan",
                        "Parent Relationship": "Outer",
                        "Parallel Aware": true,
                        "Relation Name": "title",
                        "Alias": "t",
                        "Startup Cost": 0.0,
                        "Total Cost": 58306.47,
                        "Plan Rows": 139844,
                        "Plan Width": 4,
                        "Actual Startup Time": 0.047,
                        "Actual Total Time": 141.121,
                        "Actual Rows": 128453,
                        "Actual Loops": 2,
                        "Filter": "((production_year > 2010) AND (kind_id = 7))",
                        "Rows Removed by Filter": 1135703
                      }
                    ]
                  }
                ]
              }
            ]
          }
        ]
      }
    ]
  },
  "Planning Time": 0.466,
  "Triggers": [],
  "Execution Time": 298.473
}