[
    {
        "Bao": {
            "Bao prediction": 1271.703,
            "Bao recommended hint": "(no hint)"
        }
    },
    {
        "Plan": {
            "Node Type": "Aggregate",
            "Strategy": "Plain",
            "Partial Mode": "Finalize",
            "Parallel Aware": false,
            "Startup Cost": 305529.25,
            "Total Cost": 305529.26,
            "Plan Rows": 1,
            "Plan Width": 8,
            "Actual Startup Time": 2500.326,
            "Actual Total Time": 2525.51,
            "Actual Rows": 1,
            "Actual Loops": 1,
            "Output": [
                "count(*)"
            ],
            "Plans": [
                {
                    "Node Type": "Gather",
                    "Parent Relationship": "Outer",
                    "Parallel Aware": false,
                    "Startup Cost": 305528.73,
                    "Total Cost": 305529.24,
                    "Plan Rows": 5,
                    "Plan Width": 8,
                    "Actual Startup Time": 2486.544,
                    "Actual Total Time": 2525.5,
                    "Actual Rows": 6,
                    "Actual Loops": 1,
                    "Output": [
                        "(PARTIAL count(*))"
                    ],
                    "Workers Planned": 5,
                    "Workers Launched": 5,
                    "Single Copy": false,
                    "Plans": [
                        {
                            "Node Type": "Aggregate",
                            "Strategy": "Plain",
                            "Partial Mode": "Partial",
                            "Parent Relationship": "Outer",
                            "Parallel Aware": false,
                            "Startup Cost": 304528.73,
                            "Total Cost": 304528.74,
                            "Plan Rows": 1,
                            "Plan Width": 8,
                            "Actual Startup Time": 2476.923,
                            "Actual Total Time": 2477.174,
                            "Actual Rows": 1,
                            "Actual Loops": 6,
                            "Output": [
                                "PARTIAL count(*)"
                            ],
                            "Workers": [
                                {
                                    "Worker Number": 0,
                                    "Actual Startup Time": 2474.814,
                                    "Actual Total Time": 2474.819,
                                    "Actual Rows": 1,
                                    "Actual Loops": 1
                                },
                                {
                                    "Worker Number": 1,
                                    "Actual Startup Time": 2474.803,
                                    "Actual Total Time": 2474.808,
                                    "Actual Rows": 1,
                                    "Actual Loops": 1
                                },
                                {
                                    "Worker Number": 2,
                                    "Actual Startup Time": 2474.974,
                                    "Actual Total Time": 2474.979,
                                    "Actual Rows": 1,
                                    "Actual Loops": 1
                                },
                                {
                                    "Worker Number": 3,
                                    "Actual Startup Time": 2476.512,
                                    "Actual Total Time": 2476.516,
                                    "Actual Rows": 1,
                                    "Actual Loops": 1
                                },
                                {
                                    "Worker Number": 4,
                                    "Actual Startup Time": 2474.829,
                                    "Actual Total Time": 2474.834,
                                    "Actual Rows": 1,
                                    "Actual Loops": 1
                                }
                            ],
                            "Plans": [
                                {
                                    "Node Type": "Hash Join",
                                    "Parent Relationship": "Outer",
                                    "Parallel Aware": true,
                                    "Join Type": "Inner",
                                    "Startup Cost": 94838.62,
                                    "Total Cost": 302926.46,
                                    "Plan Rows": 640907,
                                    "Plan Width": 0,
                                    "Actual Startup Time": 439.768,
                                    "Actual Total Time": 1937.608,
                                    "Actual Rows": 11603852,
                                    "Actual Loops": 6,
                                    "Inner Unique": false,
                                    "Hash Cond": "(mi.movie_id = t.id)",
                                    "Workers": [
                                        {
                                            "Worker Number": 0,
                                            "Actual Startup Time": 437.897,
                                            "Actual Total Time": 1926.86,
                                            "Actual Rows": 9685844,
                                            "Actual Loops": 1
                                        },
                                        {
                                            "Worker Number": 1,
                                            "Actual Startup Time": 437.948,
                                            "Actual Total Time": 1929.508,
                                            "Actual Rows": 10086352,
                                            "Actual Loops": 1
                                        },
                                        {
                                            "Worker Number": 2,
                                            "Actual Startup Time": 438.133,
                                            "Actual Total Time": 1934.085,
                                            "Actual Rows": 9744312,
                                            "Actual Loops": 1
                                        },
                                        {
                                            "Worker Number": 3,
                                            "Actual Startup Time": 437.944,
                                            "Actual Total Time": 1936.02,
                                            "Actual Rows": 13129803,
                                            "Actual Loops": 1
                                        },
                                        {
                                            "Worker Number": 4,
                                            "Actual Startup Time": 437.945,
                                            "Actual Total Time": 1934.724,
                                            "Actual Rows": 13120347,
                                            "Actual Loops": 1
                                        }
                                    ],
                                    "Plans": [
                                        {
                                            "Node Type": "Seq Scan",
                                            "Parent Relationship": "Outer",
                                            "Parallel Aware": true,
                                            "Relation Name": "movie_info",
                                            "Schema": "public",
                                            "Alias": "mi",
                                            "Startup Cost": 0.0,
                                            "Total Cost": 198880.74,
                                            "Plan Rows": 1903910,
                                            "Plan Width": 4,
                                            "Actual Startup Time": 0.019,
                                            "Actual Total Time": 324.579,
                                            "Actual Rows": 1594192,
                                            "Actual Loops": 6,
                                            "Output": [
                                                "mi.id",
                                                "mi.movie_id",
                                                "mi.info_type_id",
                                                "mi.info",
                                                "mi.note"
                                            ],
                                            "Filter": "(mi.info_type_id < 16)",
                                            "Rows Removed by Filter": 878428,
                                            "Workers": [
                                                {
                                                    "Worker Number": 0,
                                                    "Actual Startup Time": 0.019,
                                                    "Actual Total Time": 328.457,
                                                    "Actual Rows": 1403667,
                                                    "Actual Loops": 1
                                                },
                                                {
                                                    "Worker Number": 1,
                                                    "Actual Startup Time": 0.025,
                                                    "Actual Total Time": 329.27,
                                                    "Actual Rows": 1453675,
                                                    "Actual Loops": 1
                                                },
                                                {
                                                    "Worker Number": 2,
                                                    "Actual Startup Time": 0.028,
                                                    "Actual Total Time": 335.353,
                                                    "Actual Rows": 1425143,
                                                    "Actual Loops": 1
                                                },
                                                {
                                                    "Worker Number": 3,
                                                    "Actual Startup Time": 0.02,
                                                    "Actual Total Time": 323.66,
                                                    "Actual Rows": 1723669,
                                                    "Actual Loops": 1
                                                },
                                                {
                                                    "Worker Number": 4,
                                                    "Actual Startup Time": 0.017,
                                                    "Actual Total Time": 324.242,
                                                    "Actual Rows": 1728616,
                                                    "Actual Loops": 1
                                                }
                                            ]
                                        },
                                        {
                                            "Node Type": "Hash",
                                            "Parent Relationship": "Inner",
                                            "Parallel Aware": true,
                                            "Startup Cost": 91406.76,
                                            "Total Cost": 91406.76,
                                            "Plan Rows": 274549,
                                            "Plan Width": 8,
                                            "Actual Startup Time": 420.327,
                                            "Actual Total Time": 420.577,
                                            "Actual Rows": 348262,
                                            "Actual Loops": 6,
                                            "Output": [
                                                "t.id",
                                                "mk.movie_id"
                                            ],
                                            "Hash Buckets": 2097152,
                                            "Original Hash Buckets": 1048576,
                                            "Hash Batches": 1,
                                            "Original Hash Batches": 1,
                                            "Peak Memory Usage": 106432,
                                            "Workers": [
                                                {
                                                    "Worker Number": 0,
                                                    "Actual Startup Time": 421.691,
                                                    "Actual Total Time": 421.694,
                                                    "Actual Rows": 384647,
                                                    "Actual Loops": 1
                                                },
                                                {
                                                    "Worker Number": 1,
                                                    "Actual Startup Time": 421.715,
                                                    "Actual Total Time": 421.718,
                                                    "Actual Rows": 265548,
                                                    "Actual Loops": 1
                                                },
                                                {
                                                    "Worker Number": 2,
                                                    "Actual Startup Time": 421.914,
                                                    "Actual Total Time": 421.917,
                                                    "Actual Rows": 260416,
                                                    "Actual Loops": 1
                                                },
                                                {
                                                    "Worker Number": 3,
                                                    "Actual Startup Time": 421.688,
                                                    "Actual Total Time": 421.691,
                                                    "Actual Rows": 380487,
                                                    "Actual Loops": 1
                                                },
                                                {
                                                    "Worker Number": 4,
                                                    "Actual Startup Time": 421.745,
                                                    "Actual Total Time": 421.748,
                                                    "Actual Rows": 383500,
                                                    "Actual Loops": 1
                                                }
                                            ],
                                            "Plans": [
                                                {
                                                    "Node Type": "Hash Join",
                                                    "Parent Relationship": "Outer",
                                                    "Parallel Aware": true,
                                                    "Join Type": "Inner",
                                                    "Startup Cost": 45996.98,
                                                    "Total Cost": 91406.76,
                                                    "Plan Rows": 274549,
                                                    "Plan Width": 8,
                                                    "Actual Startup Time": 156.294,
                                                    "Actual Total Time": 303.181,
                                                    "Actual Rows": 348262,
                                                    "Actual Loops": 6,
                                                    "Output": [
                                                        "t.id",
                                                        "mk.movie_id"
                                                    ],
                                                    "Inner Unique": true,
                                                    "Hash Cond": "(mk.movie_id = t.id)",
                                                    "Workers": [
                                                        {
                                                            "Worker Number": 0,
                                                            "Actual Startup Time": 156.279,
                                                            "Actual Total Time": 302.786,
                                                            "Actual Rows": 384647,
                                                            "Actual Loops": 1
                                                        },
                                                        {
                                                            "Worker Number": 1,
                                                            "Actual Startup Time": 156.306,
                                                            "Actual Total Time": 303.973,
                                                            "Actual Rows": 265548,
                                                            "Actual Loops": 1
                                                        },
                                                        {
                                                            "Worker Number": 2,
                                                            "Actual Startup Time": 156.294,
                                                            "Actual Total Time": 303.76,
                                                            "Actual Rows": 260416,
                                                            "Actual Loops": 1
                                                        },
                                                        {
                                                            "Worker Number": 3,
                                                            "Actual Startup Time": 156.269,
                                                            "Actual Total Time": 303.839,
                                                            "Actual Rows": 380487,
                                                            "Actual Loops": 1
                                                        },
                                                        {
                                                            "Worker Number": 4,
                                                            "Actual Startup Time": 156.257,
                                                            "Actual Total Time": 302.867,
                                                            "Actual Rows": 383500,
                                                            "Actual Loops": 1
                                                        }
                                                    ],
                                                    "Plans": [
                                                        {
                                                            "Node Type": "Seq Scan",
                                                            "Parent Relationship": "Outer",
                                                            "Parallel Aware": true,
                                                            "Relation Name": "movie_keyword",
                                                            "Schema": "public",
                                                            "Alias": "mk",
                                                            "Startup Cost": 0.0,
                                                            "Total Cost": 42695.65,
                                                            "Plan Rows": 1033952,
                                                            "Plan Width": 4,
                                                            "Actual Startup Time": 0.014,
                                                            "Actual Total Time": 86.556,
                                                            "Actual Rows": 538474,
                                                            "Actual Loops": 6,
                                                            "Output": [
                                                                "mk.id",
                                                                "mk.movie_id",
                                                                "mk.keyword_id"
                                                            ],
                                                            "Filter": "(mk.keyword_id < 13664)",
                                                            "Rows Removed by Filter": 215514,
                                                            "Workers": [
                                                                {
                                                                    "Worker Number": 0,
                                                                    "Actual Startup Time": 0.012,
                                                                    "Actual Total Time": 86.649,
                                                                    "Actual Rows": 594362,
                                                                    "Actual Loops": 1
                                                                },
                                                                {
                                                                    "Worker Number": 1,
                                                                    "Actual Startup Time": 0.021,
                                                                    "Actual Total Time": 89.43,
                                                                    "Actual Rows": 407580,
                                                                    "Actual Loops": 1
                                                                },
                                                                {
                                                                    "Worker Number": 2,
                                                                    "Actual Startup Time": 0.018,
                                                                    "Actual Total Time": 89.81,
                                                                    "Actual Rows": 395151,
                                                                    "Actual Loops": 1
                                                                },
                                                                {
                                                                    "Worker Number": 3,
                                                                    "Actual Startup Time": 0.016,
                                                                    "Actual Total Time": 87.113,
                                                                    "Actual Rows": 594473,
                                                                    "Actual Loops": 1
                                                                },
                                                                {
                                                                    "Worker Number": 4,
                                                                    "Actual Startup Time": 0.009,
                                                                    "Actual Total Time": 86.895,
                                                                    "Actual Rows": 593627,
                                                                    "Actual Loops": 1
                                                                }
                                                            ]
                                                        },
                                                        {
                                                            "Node Type": "Hash",
                                                            "Parent Relationship": "Inner",
                                                            "Parallel Aware": true,
                                                            "Startup Cost": 43899.01,
                                                            "Total Cost": 43899.01,
                                                            "Plan Rows": 167838,
                                                            "Plan Width": 4,
                                                            "Actual Startup Time": 127.935,
                                                            "Actual Total Time": 127.936,
                                                            "Actual Rows": 110471,
                                                            "Actual Loops": 6,
                                                            "Output": [
                                                                "t.id"
                                                            ],
                                                            "Hash Buckets": 1048576,
                                                            "Original Hash Buckets": 1048576,
                                                            "Hash Batches": 1,
                                                            "Original Hash Batches": 1,
                                                            "Peak Memory Usage": 34272,
                                                            "Workers": [
                                                                {
                                                                    "Worker Number": 0,
                                                                    "Actual Startup Time": 129.712,
                                                                    "Actual Total Time": 129.713,
                                                                    "Actual Rows": 121907,
                                                                    "Actual Loops": 1
                                                                },
                                                                {
                                                                    "Worker Number": 1,
                                                                    "Actual Startup Time": 129.738,
                                                                    "Actual Total Time": 129.739,
                                                                    "Actual Rows": 85222,
                                                                    "Actual Loops": 1
                                                                },
                                                                {
                                                                    "Worker Number": 2,
                                                                    "Actual Startup Time": 129.781,
                                                                    "Actual Total Time": 129.783,
                                                                    "Actual Rows": 78725,
                                                                    "Actual Loops": 1
                                                                },
                                                                {
                                                                    "Worker Number": 3,
                                                                    "Actual Startup Time": 129.748,
                                                                    "Actual Total Time": 129.749,
                                                                    "Actual Rows": 123071,
                                                                    "Actual Loops": 1
                                                                },
                                                                {
                                                                    "Worker Number": 4,
                                                                    "Actual Startup Time": 129.714,
                                                                    "Actual Total Time": 129.715,
                                                                    "Actual Rows": 123536,
                                                                    "Actual Loops": 1
                                                                }
                                                            ],
                                                            "Plans": [
                                                                {
                                                                    "Node Type": "Seq Scan",
                                                                    "Parent Relationship": "Outer",
                                                                    "Parallel Aware": true,
                                                                    "Relation Name": "title",
                                                                    "Schema": "public",
                                                                    "Alias": "t",
                                                                    "Startup Cost": 0.0,
                                                                    "Total Cost": 43899.01,
                                                                    "Plan Rows": 167838,
                                                                    "Plan Width": 4,
                                                                    "Actual Startup Time": 41.543,
                                                                    "Actual Total Time": 79.103,
                                                                    "Actual Rows": 110471,
                                                                    "Actual Loops": 6,
                                                                    "Output": [
                                                                        "t.id"
                                                                    ],
                                                                    "Filter": "(t.kind_id = 1)",
                                                                    "Rows Removed by Filter": 310914,
                                                                    "Workers": [
                                                                        {
                                                                            "Worker Number": 0,
                                                                            "Actual Startup Time": 48.856,
                                                                            "Actual Total Time": 79.16,
                                                                            "Actual Rows": 121907,
                                                                            "Actual Loops": 1
                                                                        },
                                                                        {
                                                                            "Worker Number": 1,
                                                                            "Actual Startup Time": 48.719,
                                                                            "Actual Total Time": 81.098,
                                                                            "Actual Rows": 85222,
                                                                            "Actual Loops": 1
                                                                        },
                                                                        {
                                                                            "Worker Number": 2,
                                                                            "Actual Startup Time": 48.786,
                                                                            "Actual Total Time": 80.526,
                                                                            "Actual Rows": 78725,
                                                                            "Actual Loops": 1
                                                                        },
                                                                        {
                                                                            "Worker Number": 3,
                                                                            "Actual Startup Time": 48.739,
                                                                            "Actual Total Time": 79.277,
                                                                            "Actual Rows": 123071,
                                                                            "Actual Loops": 1
                                                                        },
                                                                        {
                                                                            "Worker Number": 4,
                                                                            "Actual Startup Time": 5.406,
                                                                            "Actual Total Time": 79.304,
                                                                            "Actual Rows": 123536,
                                                                            "Actual Loops": 1
                                                                        }
                                                                    ]
                                                                }
                                                            ]
                                                        }
                                                    ]
                                                }
                                            ]
                                        }
                                    ]
                                }
                            ]
                        }
                    ]
                }
            ]
        },
        "Planning Time": 958.101,
        "Triggers": [],
        "Execution Time": 2525.664
    }
]