{
    "Plan": {
        "Node Type": "Aggregate",
        "Strategy": "Plain",
        "Partial Mode": "Finalize",
        "Parallel Aware": false,
        "Startup Cost": 434493.07,
        "Total Cost": 434493.08,
        "Plan Rows": 1,
        "Plan Width": 8,
        "Actual Startup Time": 1693.027,
        "Actual Total Time": 1743.15,
        "Actual Rows": 1,
        "Actual Loops": 1,
        "Output": [
            "count(*)"
        ],
        "Plans": [
            {
                "Node Type": "Gather",
                "Parent Relationship": "Outer",
                "Parallel Aware": false,
                "Startup Cost": 434492.45,
                "Total Cost": 434493.06,
                "Plan Rows": 6,
                "Plan Width": 8,
                "Actual Startup Time": 1686.47,
                "Actual Total Time": 1743.139,
                "Actual Rows": 7,
                "Actual Loops": 1,
                "Output": [
                    "(PARTIAL count(*))"
                ],
                "Workers Planned": 6,
                "Workers Launched": 6,
                "Single Copy": false,
                "Plans": [
                    {
                        "Node Type": "Aggregate",
                        "Strategy": "Plain",
                        "Partial Mode": "Partial",
                        "Parent Relationship": "Outer",
                        "Parallel Aware": false,
                        "Startup Cost": 433492.45,
                        "Total Cost": 433492.46,
                        "Plan Rows": 1,
                        "Plan Width": 8,
                        "Actual Startup Time": 1674.52,
                        "Actual Total Time": 1674.636,
                        "Actual Rows": 1,
                        "Actual Loops": 7,
                        "Output": [
                            "PARTIAL count(*)"
                        ],
                        "Workers": [
                            {
                                "Worker Number": 0,
                                "Actual Startup Time": 1672.086,
                                "Actual Total Time": 1672.09,
                                "Actual Rows": 1,
                                "Actual Loops": 1
                            },
                            {
                                "Worker Number": 1,
                                "Actual Startup Time": 1672.32,
                                "Actual Total Time": 1672.327,
                                "Actual Rows": 1,
                                "Actual Loops": 1
                            },
                            {
                                "Worker Number": 2,
                                "Actual Startup Time": 1672.992,
                                "Actual Total Time": 1672.996,
                                "Actual Rows": 1,
                                "Actual Loops": 1
                            },
                            {
                                "Worker Number": 3,
                                "Actual Startup Time": 1672.625,
                                "Actual Total Time": 1672.629,
                                "Actual Rows": 1,
                                "Actual Loops": 1
                            },
                            {
                                "Worker Number": 4,
                                "Actual Startup Time": 1672.771,
                                "Actual Total Time": 1672.775,
                                "Actual Rows": 1,
                                "Actual Loops": 1
                            },
                            {
                                "Worker Number": 5,
                                "Actual Startup Time": 1673.479,
                                "Actual Total Time": 1673.486,
                                "Actual Rows": 1,
                                "Actual Loops": 1
                            }
                        ],
                        "Plans": [
                            {
                                "Node Type": "Hash Join",
                                "Parent Relationship": "Outer",
                                "Parallel Aware": true,
                                "Join Type": "Inner",
                                "Startup Cost": 82740.34,
                                "Total Cost": 430347.26,
                                "Plan Rows": 1258076,
                                "Plan Width": 0,
                                "Actual Startup Time": 377.064,
                                "Actual Total Time": 1627.502,
                                "Actual Rows": 1153226,
                                "Actual Loops": 7,
                                "Inner Unique": false,
                                "Hash Cond": "(ci.movie_id = t.id)",
                                "Workers": [
                                    {
                                        "Worker Number": 0,
                                        "Actual Startup Time": 374.729,
                                        "Actual Total Time": 1627.062,
                                        "Actual Rows": 1119050,
                                        "Actual Loops": 1
                                    },
                                    {
                                        "Worker Number": 1,
                                        "Actual Startup Time": 374.96,
                                        "Actual Total Time": 1625.692,
                                        "Actual Rows": 1130644,
                                        "Actual Loops": 1
                                    },
                                    {
                                        "Worker Number": 2,
                                        "Actual Startup Time": 374.963,
                                        "Actual Total Time": 1625.502,
                                        "Actual Rows": 1147298,
                                        "Actual Loops": 1
                                    },
                                    {
                                        "Worker Number": 3,
                                        "Actual Startup Time": 375.263,
                                        "Actual Total Time": 1627.252,
                                        "Actual Rows": 1126438,
                                        "Actual Loops": 1
                                    },
                                    {
                                        "Worker Number": 4,
                                        "Actual Startup Time": 375.409,
                                        "Actual Total Time": 1627.525,
                                        "Actual Rows": 1114886,
                                        "Actual Loops": 1
                                    },
                                    {
                                        "Worker Number": 5,
                                        "Actual Startup Time": 376.105,
                                        "Actual Total Time": 1625.985,
                                        "Actual Rows": 1149857,
                                        "Actual Loops": 1
                                    }
                                ],
                                "Plans": [
                                    {
                                        "Node Type": "Seq Scan",
                                        "Parent Relationship": "Outer",
                                        "Parallel Aware": true,
                                        "Relation Name": "cast_info",
                                        "Schema": "public",
                                        "Alias": "ci",
                                        "Startup Cost": 0.0,
                                        "Total Cost": 328213.62,
                                        "Plan Rows": 4332829,
                                        "Plan Width": 4,
                                        "Actual Startup Time": 100.994,
                                        "Actual Total Time": 589.323,
                                        "Actual Rows": 3716752,
                                        "Actual Loops": 7,
                                        "Output": [
                                            "ci.id",
                                            "ci.person_id",
                                            "ci.movie_id",
                                            "ci.person_role_id",
                                            "ci.note",
                                            "ci.nr_order",
                                            "ci.role_id"
                                        ],
                                        "Filter": "(ci.person_id > 1006061)",
                                        "Rows Removed by Filter": 1461011,
                                        "Workers": [
                                            {
                                                "Worker Number": 0,
                                                "Actual Startup Time": 101.047,
                                                "Actual Total Time": 574.782,
                                                "Actual Rows": 3604487,
                                                "Actual Loops": 1
                                            },
                                            {
                                                "Worker Number": 1,
                                                "Actual Startup Time": 100.949,
                                                "Actual Total Time": 611.539,
                                                "Actual Rows": 3654524,
                                                "Actual Loops": 1
                                            },
                                            {
                                                "Worker Number": 2,
                                                "Actual Startup Time": 100.973,
                                                "Actual Total Time": 612.295,
                                                "Actual Rows": 3674270,
                                                "Actual Loops": 1
                                            },
                                            {
                                                "Worker Number": 3,
                                                "Actual Startup Time": 101.041,
                                                "Actual Total Time": 576.809,
                                                "Actual Rows": 3622153,
                                                "Actual Loops": 1
                                            },
                                            {
                                                "Worker Number": 4,
                                                "Actual Startup Time": 100.966,
                                                "Actual Total Time": 574.797,
                                                "Actual Rows": 3569707,
                                                "Actual Loops": 1
                                            },
                                            {
                                                "Worker Number": 5,
                                                "Actual Startup Time": 101.001,
                                                "Actual Total Time": 615.817,
                                                "Actual Rows": 3721046,
                                                "Actual Loops": 1
                                            }
                                        ]
                                    },
                                    {
                                        "Node Type": "Hash",
                                        "Parent Relationship": "Inner",
                                        "Parallel Aware": true,
                                        "Startup Cost": 80446.22,
                                        "Total Cost": 80446.22,
                                        "Plan Rows": 183530,
                                        "Plan Width": 8,
                                        "Actual Startup Time": 272.496,
                                        "Actual Total Time": 272.61,
                                        "Actual Rows": 65520,
                                        "Actual Loops": 7,
                                        "Output": [
                                            "t.id",
                                            "mc.movie_id"
                                        ],
                                        "Hash Buckets": 1048576,
                                        "Original Hash Buckets": 1048576,
                                        "Hash Batches": 1,
                                        "Original Hash Batches": 1,
                                        "Peak Memory Usage": 26240,
                                        "Workers": [
                                            {
                                                "Worker Number": 0,
                                                "Actual Startup Time": 272.922,
                                                "Actual Total Time": 272.925,
                                                "Actual Rows": 64267,
                                                "Actual Loops": 1
                                            },
                                            {
                                                "Worker Number": 1,
                                                "Actual Startup Time": 273.185,
                                                "Actual Total Time": 273.189,
                                                "Actual Rows": 64159,
                                                "Actual Loops": 1
                                            },
                                            {
                                                "Worker Number": 2,
                                                "Actual Startup Time": 273.176,
                                                "Actual Total Time": 273.179,
                                                "Actual Rows": 64237,
                                                "Actual Loops": 1
                                            },
                                            {
                                                "Worker Number": 3,
                                                "Actual Startup Time": 273.512,
                                                "Actual Total Time": 273.514,
                                                "Actual Rows": 64052,
                                                "Actual Loops": 1
                                            },
                                            {
                                                "Worker Number": 4,
                                                "Actual Startup Time": 273.569,
                                                "Actual Total Time": 273.572,
                                                "Actual Rows": 63141,
                                                "Actual Loops": 1
                                            },
                                            {
                                                "Worker Number": 5,
                                                "Actual Startup Time": 274.618,
                                                "Actual Total Time": 274.623,
                                                "Actual Rows": 65316,
                                                "Actual Loops": 1
                                            }
                                        ],
                                        "Plans": [
                                            {
                                                "Node Type": "Hash Join",
                                                "Parent Relationship": "Outer",
                                                "Parallel Aware": true,
                                                "Join Type": "Inner",
                                                "Startup Cost": 34374.98,
                                                "Total Cost": 80446.22,
                                                "Plan Rows": 183530,
                                                "Plan Width": 8,
                                                "Actual Startup Time": 99.151,
                                                "Actual Total Time": 239.819,
                                                "Actual Rows": 65520,
                                                "Actual Loops": 7,
                                                "Output": [
                                                    "t.id",
                                                    "mc.movie_id"
                                                ],
                                                "Inner Unique": false,
                                                "Hash Cond": "(t.id = mc.movie_id)",
                                                "Workers": [
                                                    {
                                                        "Worker Number": 0,
                                                        "Actual Startup Time": 99.078,
                                                        "Actual Total Time": 240.941,
                                                        "Actual Rows": 64267,
                                                        "Actual Loops": 1
                                                    },
                                                    {
                                                        "Worker Number": 1,
                                                        "Actual Startup Time": 99.159,
                                                        "Actual Total Time": 239.355,
                                                        "Actual Rows": 64159,
                                                        "Actual Loops": 1
                                                    },
                                                    {
                                                        "Worker Number": 2,
                                                        "Actual Startup Time": 99.175,
                                                        "Actual Total Time": 239.287,
                                                        "Actual Rows": 64237,
                                                        "Actual Loops": 1
                                                    },
                                                    {
                                                        "Worker Number": 3,
                                                        "Actual Startup Time": 99.157,
                                                        "Actual Total Time": 240.134,
                                                        "Actual Rows": 64052,
                                                        "Actual Loops": 1
                                                    },
                                                    {
                                                        "Worker Number": 4,
                                                        "Actual Startup Time": 99.087,
                                                        "Actual Total Time": 240.677,
                                                        "Actual Rows": 63141,
                                                        "Actual Loops": 1
                                                    },
                                                    {
                                                        "Worker Number": 5,
                                                        "Actual Startup Time": 99.175,
                                                        "Actual Total Time": 240.431,
                                                        "Actual Rows": 65316,
                                                        "Actual Loops": 1
                                                    }
                                                ],
                                                "Plans": [
                                                    {
                                                        "Node Type": "Seq Scan",
                                                        "Parent Relationship": "Outer",
                                                        "Parallel Aware": true,
                                                        "Relation Name": "title",
                                                        "Schema": "public",
                                                        "Alias": "t",
                                                        "Startup Cost": 0.0,
                                                        "Total Cost": 42318.81,
                                                        "Plan Rows": 632080,
                                                        "Plan Width": 4,
                                                        "Actual Startup Time": 0.021,
                                                        "Actual Total Time": 51.389,
                                                        "Actual Rows": 361187,
                                                        "Actual Loops": 7,
                                                        "Output": [
                                                            "t.id",
                                                            "t.title",
                                                            "t.imdb_index",
                                                            "t.kind_id",
                                                            "t.production_year",
                                                            "t.imdb_id",
                                                            "t.phonetic_code",
                                                            "t.episode_of_id",
                                                            "t.season_nr",
                                                            "t.episode_nr",
                                                            "t.series_years",
                                                            "t.md5sum"
                                                        ],
                                                        "Workers": [
                                                            {
                                                                "Worker Number": 0,
                                                                "Actual Startup Time": 0.019,
                                                                "Actual Total Time": 51.796,
                                                                "Actual Rows": 354951,
                                                                "Actual Loops": 1
                                                            },
                                                            {
                                                                "Worker Number": 1,
                                                                "Actual Startup Time": 0.026,
                                                                "Actual Total Time": 54.322,
                                                                "Actual Rows": 349210,
                                                                "Actual Loops": 1
                                                            },
                                                            {
                                                                "Worker Number": 2,
                                                                "Actual Startup Time": 0.027,
                                                                "Actual Total Time": 54.209,
                                                                "Actual Rows": 350846,
                                                                "Actual Loops": 1
                                                            },
                                                            {
                                                                "Worker Number": 3,
                                                                "Actual Startup Time": 0.026,
                                                                "Actual Total Time": 51.569,
                                                                "Actual Rows": 355311,
                                                                "Actual Loops": 1
                                                            },
                                                            {
                                                                "Worker Number": 4,
                                                                "Actual Startup Time": 0.024,
                                                                "Actual Total Time": 51.522,
                                                                "Actual Rows": 352412,
                                                                "Actual Loops": 1
                                                            },
                                                            {
                                                                "Worker Number": 5,
                                                                "Actual Startup Time": 0.023,
                                                                "Actual Total Time": 54.67,
                                                                "Actual Rows": 358878,
                                                                "Actual Loops": 1
                                                            }
                                                        ]
                                                    },
                                                    {
                                                        "Node Type": "Hash",
                                                        "Parent Relationship": "Inner",
                                                        "Parallel Aware": true,
                                                        "Startup Cost": 31414.82,
                                                        "Total Cost": 31414.82,
                                                        "Plan Rows": 236813,
                                                        "Plan Width": 4,
                                                        "Actual Startup Time": 97.509,
                                                        "Actual Total Time": 97.51,
                                                        "Actual Rows": 65520,
                                                        "Actual Loops": 7,
                                                        "Output": [
                                                            "mc.movie_id"
                                                        ],
                                                        "Hash Buckets": 1048576,
                                                        "Original Hash Buckets": 1048576,
                                                        "Hash Batches": 1,
                                                        "Original Hash Batches": 1,
                                                        "Peak Memory Usage": 26272,
                                                        "Workers": [
                                                            {
                                                                "Worker Number": 0,
                                                                "Actual Startup Time": 98.971,
                                                                "Actual Total Time": 98.972,
                                                                "Actual Rows": 64675,
                                                                "Actual Loops": 1
                                                            },
                                                            {
                                                                "Worker Number": 1,
                                                                "Actual Startup Time": 99.051,
                                                                "Actual Total Time": 99.052,
                                                                "Actual Rows": 63025,
                                                                "Actual Loops": 1
                                                            },
                                                            {
                                                                "Worker Number": 2,
                                                                "Actual Startup Time": 99.048,
                                                                "Actual Total Time": 99.049,
                                                                "Actual Rows": 60784,
                                                                "Actual Loops": 1
                                                            },
                                                            {
                                                                "Worker Number": 3,
                                                                "Actual Startup Time": 99.032,
                                                                "Actual Total Time": 99.033,
                                                                "Actual Rows": 65309,
                                                                "Actual Loops": 1
                                                            },
                                                            {
                                                                "Worker Number": 4,
                                                                "Actual Startup Time": 98.992,
                                                                "Actual Total Time": 98.993,
                                                                "Actual Rows": 65689,
                                                                "Actual Loops": 1
                                                            },
                                                            {
                                                                "Worker Number": 5,
                                                                "Actual Startup Time": 99.071,
                                                                "Actual Total Time": 99.072,
                                                                "Actual Rows": 62732,
                                                                "Actual Loops": 1
                                                            }
                                                        ],
                                                        "Plans": [
                                                            {
                                                                "Node Type": "Seq Scan",
                                                                "Parent Relationship": "Outer",
                                                                "Parallel Aware": true,
                                                                "Relation Name": "movie_companies",
                                                                "Schema": "public",
                                                                "Alias": "mc",
                                                                "Startup Cost": 0.0,
                                                                "Total Cost": 31414.82,
                                                                "Plan Rows": 236813,
                                                                "Plan Width": 4,
                                                                "Actual Startup Time": 40.806,
                                                                "Actual Total Time": 62.961,
                                                                "Actual Rows": 65520,
                                                                "Actual Loops": 7,
                                                                "Output": [
                                                                    "mc.movie_id"
                                                                ],
                                                                "Filter": "((mc.company_id < 12690) AND (mc.company_type_id = 2))",
                                                                "Rows Removed by Filter": 307212,
                                                                "Workers": [
                                                                    {
                                                                        "Worker Number": 0,
                                                                        "Actual Startup Time": 40.768,
                                                                        "Actual Total Time": 62.635,
                                                                        "Actual Rows": 64675,
                                                                        "Actual Loops": 1
                                                                    },
                                                                    {
                                                                        "Worker Number": 1,
                                                                        "Actual Startup Time": 40.807,
                                                                        "Actual Total Time": 63.84,
                                                                        "Actual Rows": 63025,
                                                                        "Actual Loops": 1
                                                                    },
                                                                    {
                                                                        "Worker Number": 2,
                                                                        "Actual Startup Time": 40.805,
                                                                        "Actual Total Time": 63.418,
                                                                        "Actual Rows": 60784,
                                                                        "Actual Loops": 1
                                                                    },
                                                                    {
                                                                        "Worker Number": 3,
                                                                        "Actual Startup Time": 40.794,
                                                                        "Actual Total Time": 62.815,
                                                                        "Actual Rows": 65309,
                                                                        "Actual Loops": 1
                                                                    },
                                                                    {
                                                                        "Worker Number": 4,
                                                                        "Actual Startup Time": 40.782,
                                                                        "Actual Total Time": 62.976,
                                                                        "Actual Rows": 65689,
                                                                        "Actual Loops": 1
                                                                    },
                                                                    {
                                                                        "Worker Number": 5,
                                                                        "Actual Startup Time": 40.845,
                                                                        "Actual Total Time": 63.649,
                                                                        "Actual Rows": 62732,
                                                                        "Actual Loops": 1
                                                                    }
                                                                ]
                                                            }
                                                        ]
                                                    }
                                                ]
                                            }
                                        ]
                                    }
                                ]
                            }
                        ]
                    }
                ]
            }
        ]
    },
    "Planning Time": 1.748,
    "Triggers": [],
    "Execution Time": 1743.268
}