{
  "Plan": {
    "Node Type": "Aggregate",
    "Strategy": "Plain",
    "Partial Mode": "Finalize",
    "Parallel Aware": false,
    "Startup Cost": 2678397.07,
    "Total Cost": 2678397.08,
    "Plan Rows": 1,
    "Plan Width": 8,
    "Actual Startup Time": 19048.28,
    "Actual Total Time": 19129.716,
    "Actual Rows": 1,
    "Actual Loops": 1,
    "Plans": [
      {
        "Node Type": "Gather",
        "Parent Relationship": "Outer",
        "Parallel Aware": false,
        "Startup Cost": 2678396.96,
        "Total Cost": 2678397.07,
        "Plan Rows": 1,
        "Plan Width": 8,
        "Actual Startup Time": 19045.434,
        "Actual Total Time": 19129.708,
        "Actual Rows": 2,
        "Actual Loops": 1,
        "Workers Planned": 1,
        "Workers Launched": 1,
        "Single Copy": false,
        "Plans": [
          {
            "Node Type": "Aggregate",
            "Strategy": "Plain",
            "Partial Mode": "Partial",
            "Parent Relationship": "Outer",
            "Parallel Aware": false,
            "Startup Cost": 2677396.96,
            "Total Cost": 2677396.97,
            "Plan Rows": 1,
            "Plan Width": 8,
            "Actual Startup Time": 19039.412,
            "Actual Total Time": 19039.415,
            "Actual Rows": 1,
            "Actual Loops": 2,
            "Plans": [
              {
                "Node Type": "Merge Join",
                "Parent Relationship": "Outer",
                "Parallel Aware": false,
                "Join Type": "Inner",
                "Startup Cost": 251842.75,
                "Total Cost": 2667638.31,
                "Plan Rows": 3903459,
                "Plan Width": 0,
                "Actual Startup Time": 297.646,
                "Actual Total Time": 18728.94,
                "Actual Rows": 7171851,
                "Actual Loops": 2,
                "Inner Unique": false,
                "Merge Cond": "(t.id = mi.movie_id)",
                "Plans": [
                  {
                    "Node Type": "Merge Join",
                    "Parent Relationship": "Outer",
                    "Parallel Aware": false,
                    "Join Type": "Inner",
                    "Startup Cost": 44.85,
                    "Total Cost": 2324003.45,
                    "Plan Rows": 14044186,
                    "Plan Width": 8,
                    "Actual Startup Time": 0.286,
                    "Actual Total Time": 16867.946,
                    "Actual Rows": 12065349,
                    "Actual Loops": 2,
                    "Inner Unique": true,
                    "Merge Cond": "(ci.movie_id = t.id)",
                    "Plans": [
                      {
                        "Node Type": "Index Scan",
                        "Parent Relationship": "Outer",
                        "Parallel Aware": true,
                        "Scan Direction": "Forward",
                        "Index Name": "movie_id_cast_info",
                        "Relation Name": "cast_info",
                        "Alias": "ci",
                        "Startup Cost": 0.56,
                        "Total Cost": 2031898.13,
                        "Plan Rows": 14044186,
                        "Plan Width": 4,
                        "Actual Startup Time": 0.07,
                        "Actual Total Time": 14013.339,
                        "Actual Rows": 12065349,
                        "Actual Loops": 2,
                        "Filter": "((person_id < 4058948) AND (role_id < 4))",
                        "Rows Removed by Filter": 6056823
                      },
                      {
                        "Node Type": "Index Only Scan",
                        "Parent Relationship": "Inner",
                        "Parallel Aware": false,
                        "Scan Direction": "Forward",
                        "Index Name": "title_pkey",
                        "Relation Name": "title",
                        "Alias": "t",
                        "Startup Cost": 0.43,
                        "Total Cost": 110339.97,
                        "Plan Rows": 2528293,
                        "Plan Width": 4,
                        "Actual Startup Time": 0.12,
                        "Actual Total Time": 1493.437,
                        "Actual Rows": 2525960,
                        "Actual Loops": 2,
                        "Heap Fetches": 5051921
                      }
                    ]
                  },
                  {
                    "Node Type": "Sort",
                    "Parent Relationship": "Inner",
                    "Parallel Aware": false,
                    "Startup Cost": 251750.36,
                    "Total Cost": 253507.15,
                    "Plan Rows": 702717,
                    "Plan Width": 4,
                    "Actual Startup Time": 296.125,
                    "Actual Total Time": 587.823,
                    "Actual Rows": 7518066,
                    "Actual Loops": 2,
                    "Sort Key": [
                      "mi.movie_id"
                    ],
                    "Sort Method": "quicksort",
                    "Sort Space Used": 55557,
                    "Sort Space Type": "Memory",
                    "Workers": [
                      {
                        "Worker Number": 0,
                        "Sort Method": "quicksort",
                        "Sort Space Used": 55557,
                        "Sort Space Type": "Memory"
                      }
                    ],
                    "Plans": [
                      {
                        "Node Type": "Bitmap Heap Scan",
                        "Parent Relationship": "Outer",
                        "Parallel Aware": false,
                        "Relation Name": "movie_info",
                        "Alias": "mi",
                        "Startup Cost": 12730.49,
                        "Total Cost": 183507.45,
                        "Plan Rows": 702717,
                        "Plan Width": 4,
                        "Actual Startup Time": 39.939,
                        "Actual Total Time": 135.699,
                        "Actual Rows": 660923,
                        "Actual Loops": 2,
                        "Recheck Cond": "(info_type_id = 18)",
                        "Rows Removed by Index Recheck": 0,
                        "Exact Heap Blocks": 6970,
                        "Lossy Heap Blocks": 0,
                        "Plans": [
                          {
                            "Node Type": "Bitmap Index Scan",
                            "Parent Relationship": "Outer",
                            "Parallel Aware": false,
                            "Index Name": "info_type_id_movie_info",
                            "Startup Cost": 0.0,
                            "Total Cost": 12554.81,
                            "Plan Rows": 702717,
                            "Plan Width": 0,
                            "Actual Startup Time": 38.974,
                            "Actual Total Time": 38.975,
                            "Actual Rows": 660923,
                            "Actual Loops": 2,
                            "Index Cond": "(info_type_id = 18)"
                          }
                        ]
                      }
                    ]
                  }
                ]
              }
            ]
          }
        ]
      }
    ]
  },
  "Planning Time": 0.736,
  "Triggers": [],
  "Execution Time": 19129.83
}