[
  {
    "Plan": {
      "Node Type": "Aggregate",
      "Strategy": "Plain",
      "Partial Mode": "Finalize",
      "Parallel Aware": false,
      "Startup Cost": 62985.1,
      "Total Cost": 62985.11,
      "Plan Rows": 1,
      "Plan Width": 8,
      "Actual Startup Time": 201.29,
      "Actual Total Time": 216.418,
      "Actual Rows": 1,
      "Actual Loops": 1,
      "Plans": [
        {
          "Node Type": "Gather",
          "Parent Relationship": "Outer",
          "Parallel Aware": false,
          "Startup Cost": 62984.89,
          "Total Cost": 62985.1,
          "Plan Rows": 2,
          "Plan Width": 8,
          "Actual Startup Time": 200.563,
          "Actual Total Time": 216.41,
          "Actual Rows": 3,
          "Actual Loops": 1,
          "Workers Planned": 2,
          "Workers Launched": 2,
          "Single Copy": false,
          "Plans": [
            {
              "Node Type": "Aggregate",
              "Strategy": "Plain",
              "Partial Mode": "Partial",
              "Parent Relationship": "Outer",
              "Parallel Aware": false,
              "Startup Cost": 61984.89,
              "Total Cost": 61984.9,
              "Plan Rows": 1,
              "Plan Width": 8,
              "Actual Startup Time": 197.79,
              "Actual Total Time": 197.792,
              "Actual Rows": 1,
              "Actual Loops": 3,
              "Plans": [
                {
                  "Node Type": "Hash Join",
                  "Parent Relationship": "Outer",
                  "Parallel Aware": true,
                  "Join Type": "Inner",
                  "Startup Cost": 46304.09,
                  "Total Cost": 61934.44,
                  "Plan Rows": 20181,
                  "Plan Width": 0,
                  "Actual Startup Time": 155.314,
                  "Actual Total Time": 196.922,
                  "Actual Rows": 19357,
                  "Actual Loops": 3,
                  "Inner Unique": true,
                  "Hash Cond": "(mi_idx.movie_id = t.id)",
                  "Plans": [
                    {
                      "Node Type": "Seq Scan",
                      "Parent Relationship": "Outer",
                      "Parallel Aware": true,
                      "Relation Name": "movie_info_idx",
                      "Alias": "mi_idx",
                      "Startup Cost": 0.0,
                      "Total Cost": 15122.68,
                      "Plan Rows": 193397,
                      "Plan Width": 4,
                      "Actual Startup Time": 0.012,
                      "Actual Total Time": 39.111,
                      "Actual Rows": 153395,
                      "Actual Loops": 3,
                      "Filter": "(info_type_id > 100)",
                      "Rows Removed by Filter": 306617
                    },
                    {
                      "Node Type": "Hash",
                      "Parent Relationship": "Inner",
                      "Parallel Aware": true,
                      "Startup Cost": 45479.59,
                      "Total Cost": 45479.59,
                      "Plan Rows": 65960,
                      "Plan Width": 4,
                      "Actual Startup Time": 127.261,
                      "Actual Total Time": 127.262,
                      "Actual Rows": 72094,
                      "Actual Loops": 3,
                      "Hash Buckets": 524288,
                      "Original Hash Buckets": 524288,
                      "Hash Batches": 1,
                      "Original Hash Batches": 1,
                      "Peak Memory Usage": 12608,
                      "Plans": [
                        {
                          "Node Type": "Seq Scan",
                          "Parent Relationship": "Outer",
                          "Parallel Aware": true,
                          "Relation Name": "title",
                          "Alias": "t",
                          "Startup Cost": 0.0,
                          "Total Cost": 45479.59,
                          "Plan Rows": 65960,
                          "Plan Width": 4,
                          "Actual Startup Time": 39.836,
                          "Actual Total Time": 104.153,
                          "Actual Rows": 72094,
                          "Actual Loops": 3,
                          "Filter": "((production_year > 2005) AND (kind_id = 1))",
                          "Rows Removed by Filter": 770677
                        }
                      ]
                    }
                  ]
                }
              ]
            }
          ]
        }
      ]
    },
    "Planning Time": 0.697,
    "Triggers": [],
    "Execution Time": 216.491
  }
]