{
  "Plan": {
    "Node Type": "Aggregate",
    "Strategy": "Plain",
    "Partial Mode": "Finalize",
    "Parallel Aware": false,
    "Startup Cost": 98866.91,
    "Total Cost": 98866.92,
    "Plan Rows": 1,
    "Plan Width": 8,
    "Actual Startup Time": 275.987,
    "Actual Total Time": 288.428,
    "Actual Rows": 1,
    "Actual Loops": 1,
    "Plans": [
      {
        "Node Type": "Gather",
        "Parent Relationship": "Outer",
        "Parallel Aware": false,
        "Startup Cost": 98866.79,
        "Total Cost": 98866.9,
        "Plan Rows": 1,
        "Plan Width": 8,
        "Actual Startup Time": 275.473,
        "Actual Total Time": 288.421,
        "Actual Rows": 2,
        "Actual Loops": 1,
        "Workers Planned": 1,
        "Workers Launched": 1,
        "Single Copy": false,
        "Plans": [
          {
            "Node Type": "Aggregate",
            "Strategy": "Plain",
            "Partial Mode": "Partial",
            "Parent Relationship": "Outer",
            "Parallel Aware": false,
            "Startup Cost": 97866.79,
            "Total Cost": 97866.8,
            "Plan Rows": 1,
            "Plan Width": 8,
            "Actual Startup Time": 272.33,
            "Actual Total Time": 272.334,
            "Actual Rows": 1,
            "Actual Loops": 2,
            "Plans": [
              {
                "Node Type": "Hash Join",
                "Parent Relationship": "Outer",
                "Parallel Aware": true,
                "Join Type": "Inner",
                "Startup Cost": 55535.07,
                "Total Cost": 97831.76,
                "Plan Rows": 14015,
                "Plan Width": 0,
                "Actual Startup Time": 189.295,
                "Actual Total Time": 272.078,
                "Actual Rows": 3786,
                "Actual Loops": 2,
                "Inner Unique": true,
                "Hash Cond": "(mc.movie_id = t.id)",
                "Plans": [
                  {
                    "Node Type": "Index Scan",
                    "Parent Relationship": "Outer",
                    "Parallel Aware": true,
                    "Scan Direction": "Forward",
                    "Index Name": "company_type_id_movie_companies",
                    "Relation Name": "movie_companies",
                    "Alias": "mc",
                    "Startup Cost": 0.43,
                    "Total Cost": 41574.35,
                    "Plan Rows": 275338,
                    "Plan Width": 4,
                    "Actual Startup Time": 31.616,
                    "Actual Total Time": 96.682,
                    "Actual Rows": 79432,
                    "Actual Loops": 2,
                    "Index Cond": "(company_type_id = 1)",
                    "Rows Removed by Index Recheck": 0,
                    "Filter": "(company_id > 18016)",
                    "Rows Removed by Filter": 557691
                  },
                  {
                    "Node Type": "Hash",
                    "Parent Relationship": "Inner",
                    "Parallel Aware": true,
                    "Startup Cost": 54588.39,
                    "Total Cost": 54588.39,
                    "Plan Rows": 75700,
                    "Plan Width": 4,
                    "Actual Startup Time": 156.446,
                    "Actual Total Time": 156.447,
                    "Actual Rows": 64348,
                    "Actual Loops": 2,
                    "Hash Buckets": 131072,
                    "Original Hash Buckets": 131072,
                    "Hash Batches": 1,
                    "Original Hash Batches": 1,
                    "Peak Memory Usage": 6080,
                    "Plans": [
                      {
                        "Node Type": "Seq Scan",
                        "Parent Relationship": "Outer",
                        "Parallel Aware": true,
                        "Relation Name": "title",
                        "Alias": "t",
                        "Startup Cost": 0.0,
                        "Total Cost": 54588.39,
                        "Plan Rows": 75700,
                        "Plan Width": 4,
                        "Actual Startup Time": 0.024,
                        "Actual Total Time": 136.233,
                        "Actual Rows": 64348,
                        "Actual Loops": 2,
                        "Filter": "(production_year = 2009)",
                        "Rows Removed by Filter": 1199808
                      }
                    ]
                  }
                ]
              }
            ]
          }
        ]
      }
    ]
  },
  "Planning Time": 0.3,
  "Triggers": [],
  "Execution Time": 288.482
}