[
  {
    "Plan": {
      "Node Type": "Aggregate",
      "Strategy": "Plain",
      "Partial Mode": "Finalize",
      "Parallel Aware": false,
      "Startup Cost": 355741.64,
      "Total Cost": 355741.65,
      "Plan Rows": 1,
      "Plan Width": 8,
      "Actual Startup Time": 939.293,
      "Actual Total Time": 989.081,
      "Actual Rows": 1,
      "Actual Loops": 1,
      "Plans": [
        {
          "Node Type": "Gather",
          "Parent Relationship": "Outer",
          "Parallel Aware": false,
          "Startup Cost": 355741.02,
          "Total Cost": 355741.62,
          "Plan Rows": 6,
          "Plan Width": 8,
          "Actual Startup Time": 938.511,
          "Actual Total Time": 989.059,
          "Actual Rows": 7,
          "Actual Loops": 1,
          "Workers Planned": 6,
          "Workers Launched": 6,
          "Single Copy": false,
          "Plans": [
            {
              "Node Type": "Aggregate",
              "Strategy": "Plain",
              "Partial Mode": "Partial",
              "Parent Relationship": "Outer",
              "Parallel Aware": false,
              "Startup Cost": 354741.02,
              "Total Cost": 354741.03,
              "Plan Rows": 1,
              "Plan Width": 8,
              "Actual Startup Time": 931.255,
              "Actual Total Time": 931.256,
              "Actual Rows": 1,
              "Actual Loops": 7,
              "Plans": [
                {
                  "Node Type": "Seq Scan",
                  "Parent Relationship": "Outer",
                  "Parallel Aware": true,
                  "Relation Name": "cast_info",
                  "Alias": "ci",
                  "Startup Cost": 0.0,
                  "Total Cost": 343316.27,
                  "Plan Rows": 4569898,
                  "Plan Width": 0,
                  "Actual Startup Time": 70.816,
                  "Actual Total Time": 744.053,
                  "Actual Rows": 3832642,
                  "Actual Loops": 7,
                  "Filter": "((person_id > 483061) AND (role_id < 10))",
                  "Rows Removed by Filter": 1345122
                }
              ]
            }
          ]
        }
      ]
    },
    "Planning Time": 0.12,
    "Triggers": [],
    "Execution Time": 989.137
  }
]