[
  {
    "Plan": {
      "Node Type": "Aggregate",
      "Strategy": "Plain",
      "Partial Mode": "Finalize",
      "Parallel Aware": false,
      "Startup Cost": 45516.16,
      "Total Cost": 45516.17,
      "Plan Rows": 1,
      "Plan Width": 8,
      "Actual Startup Time": 161.097,
      "Actual Total Time": 170.211,
      "Actual Rows": 1,
      "Actual Loops": 1,
      "Plans": [
        {
          "Node Type": "Gather",
          "Parent Relationship": "Outer",
          "Parallel Aware": false,
          "Startup Cost": 45515.85,
          "Total Cost": 45516.16,
          "Plan Rows": 3,
          "Plan Width": 8,
          "Actual Startup Time": 160.993,
          "Actual Total Time": 170.203,
          "Actual Rows": 4,
          "Actual Loops": 1,
          "Workers Planned": 3,
          "Workers Launched": 3,
          "Single Copy": false,
          "Plans": [
            {
              "Node Type": "Aggregate",
              "Strategy": "Plain",
              "Partial Mode": "Partial",
              "Parent Relationship": "Outer",
              "Parallel Aware": false,
              "Startup Cost": 44515.85,
              "Total Cost": 44515.86,
              "Plan Rows": 1,
              "Plan Width": 8,
              "Actual Startup Time": 152.348,
              "Actual Total Time": 152.349,
              "Actual Rows": 1,
              "Actual Loops": 4,
              "Plans": [
                {
                  "Node Type": "Seq Scan",
                  "Parent Relationship": "Outer",
                  "Parallel Aware": true,
                  "Relation Name": "movie_keyword",
                  "Alias": "mk",
                  "Startup Cost": 0.0,
                  "Total Cost": 42695.65,
                  "Plan Rows": 728077,
                  "Plan Width": 0,
                  "Actual Startup Time": 0.706,
                  "Actual Total Time": 124.116,
                  "Actual Rows": 563534,
                  "Actual Loops": 4,
                  "Filter": "(keyword_id > 4754)",
                  "Rows Removed by Filter": 567449
                }
              ]
            }
          ]
        }
      ]
    },
    "Planning Time": 0.162,
    "Triggers": [],
    "Execution Time": 170.261
  }
]