{
  "Plan": {
    "Node Type": "Aggregate",
    "Strategy": "Plain",
    "Partial Mode": "Finalize",
    "Parallel Aware": false,
    "Startup Cost": 108942.11,
    "Total Cost": 108942.12,
    "Plan Rows": 1,
    "Plan Width": 8,
    "Actual Startup Time": 705.09,
    "Actual Total Time": 721.701,
    "Actual Rows": 1,
    "Actual Loops": 1,
    "Plans": [
      {
        "Node Type": "Gather",
        "Parent Relationship": "Outer",
        "Parallel Aware": false,
        "Startup Cost": 108942.0,
        "Total Cost": 108942.11,
        "Plan Rows": 1,
        "Plan Width": 8,
        "Actual Startup Time": 703.765,
        "Actual Total Time": 721.691,
        "Actual Rows": 2,
        "Actual Loops": 1,
        "Workers Planned": 1,
        "Workers Launched": 1,
        "Single Copy": false,
        "Plans": [
          {
            "Node Type": "Aggregate",
            "Strategy": "Plain",
            "Partial Mode": "Partial",
            "Parent Relationship": "Outer",
            "Parallel Aware": false,
            "Startup Cost": 107942.0,
            "Total Cost": 107942.01,
            "Plan Rows": 1,
            "Plan Width": 8,
            "Actual Startup Time": 697.282,
            "Actual Total Time": 697.739,
            "Actual Rows": 1,
            "Actual Loops": 2,
            "Plans": [
              {
                "Node Type": "Hash Join",
                "Parent Relationship": "Outer",
                "Parallel Aware": true,
                "Join Type": "Inner",
                "Startup Cost": 88484.76,
                "Total Cost": 107834.57,
                "Plan Rows": 42971,
                "Plan Width": 0,
                "Actual Startup Time": 585.187,
                "Actual Total Time": 691.597,
                "Actual Rows": 97028,
                "Actual Loops": 2,
                "Inner Unique": false,
                "Hash Cond": "(mi_idx.movie_id = t.id)",
                "Plans": [
                  {
                    "Node Type": "Seq Scan",
                    "Parent Relationship": "Outer",
                    "Parallel Aware": true,
                    "Relation Name": "movie_info_idx",
                    "Alias": "mi_idx",
                    "Startup Cost": 0.0,
                    "Total Cost": 16052.85,
                    "Plan Rows": 811785,
                    "Plan Width": 4,
                    "Actual Startup Time": 0.031,
                    "Actual Total Time": 72.475,
                    "Actual Rows": 690018,
                    "Actual Loops": 2
                  },
                  {
                    "Node Type": "Hash",
                    "Parent Relationship": "Inner",
                    "Parallel Aware": true,
                    "Startup Cost": 87500.69,
                    "Total Cost": 87500.69,
                    "Plan Rows": 78725,
                    "Plan Width": 8,
                    "Actual Startup Time": 509.701,
                    "Actual Total Time": 510.156,
                    "Actual Rows": 66692,
                    "Actual Loops": 2,
                    "Hash Buckets": 262144,
                    "Original Hash Buckets": 262144,
                    "Hash Batches": 1,
                    "Original Hash Batches": 1,
                    "Peak Memory Usage": 7296,
                    "Plans": [
                      {
                        "Node Type": "Hash Join",
                        "Parent Relationship": "Outer",
                        "Parallel Aware": true,
                        "Join Type": "Inner",
                        "Startup Cost": 26795.31,
                        "Total Cost": 87500.69,
                        "Plan Rows": 78725,
                        "Plan Width": 8,
                        "Actual Startup Time": 339.521,
                        "Actual Total Time": 487.241,
                        "Actual Rows": 66692,
                        "Actual Loops": 2,
                        "Inner Unique": false,
                        "Hash Cond": "(t.id = mc.movie_id)",
                        "Plans": [
                          {
                            "Node Type": "Seq Scan",
                            "Parent Relationship": "Outer",
                            "Parallel Aware": true,
                            "Relation Name": "title",
                            "Alias": "t",
                            "Startup Cost": 0.0,
                            "Total Cost": 54588.39,
                            "Plan Rows": 904625,
                            "Plan Width": 4,
                            "Actual Startup Time": 0.017,
                            "Actual Total Time": 219.457,
                            "Actual Rows": 765806,
                            "Actual Loops": 2,
                            "Filter": "(production_year > 1997)",
                            "Rows Removed by Filter": 498350
                          },
                          {
                            "Node Type": "Hash",
                            "Parent Relationship": "Inner",
                            "Parallel Aware": true,
                            "Startup Cost": 25177.47,
                            "Total Cost": 25177.47,
                            "Plan Rows": 129427,
                            "Plan Width": 4,
                            "Actual Startup Time": 87.09,
                            "Actual Total Time": 87.098,
                            "Actual Rows": 108624,
                            "Actual Loops": 2,
                            "Hash Buckets": 262144,
                            "Original Hash Buckets": 262144,
                            "Hash Batches": 1,
                            "Original Hash Batches": 1,
                            "Peak Memory Usage": 10592,
                            "Plans": [
                              {
                                "Node Type": "Bitmap Heap Scan",
                                "Parent Relationship": "Outer",
                                "Parallel Aware": true,
                                "Relation Name": "movie_companies",
                                "Alias": "mc",
                                "Startup Cost": 4769.63,
                                "Total Cost": 25177.47,
                                "Plan Rows": 129427,
                                "Plan Width": 4,
                                "Actual Startup Time": 17.67,
                                "Actual Total Time": 54.477,
                                "Actual Rows": 108624,
                                "Actual Loops": 2,
                                "Recheck Cond": "(company_id > 108682)",
                                "Rows Removed by Index Recheck": 0,
                                "Exact Heap Blocks": 2859,
                                "Lossy Heap Blocks": 0,
                                "Plans": [
                                  {
                                    "Node Type": "Bitmap Index Scan",
                                    "Parent Relationship": "Outer",
                                    "Parallel Aware": false,
                                    "Index Name": "company_id_movie_companies",
                                    "Startup Cost": 0.0,
                                    "Total Cost": 4714.62,
                                    "Plan Rows": 220026,
                                    "Plan Width": 0,
                                    "Actual Startup Time": 17.527,
                                    "Actual Total Time": 17.527,
                                    "Actual Rows": 217248,
                                    "Actual Loops": 1,
                                    "Index Cond": "(company_id > 108682)"
                                  }
                                ]
                              }
                            ]
                          }
                        ]
                      }
                    ]
                  }
                ]
              }
            ]
          }
        ]
      }
    ]
  },
  "Planning Time": 0.884,
  "Triggers": [],
  "Execution Time": 721.824
}