[
  {
    "Plan": {
      "Node Type": "Aggregate",
      "Strategy": "Plain",
      "Partial Mode": "Finalize",
      "Parallel Aware": false,
      "Startup Cost": 201077.31,
      "Total Cost": 201077.32,
      "Plan Rows": 1,
      "Plan Width": 8,
      "Actual Startup Time": 1100.453,
      "Actual Total Time": 1162.176,
      "Actual Rows": 1,
      "Actual Loops": 1,
      "Plans": [
        {
          "Node Type": "Gather",
          "Parent Relationship": "Outer",
          "Parallel Aware": false,
          "Startup Cost": 201076.89,
          "Total Cost": 201077.3,
          "Plan Rows": 4,
          "Plan Width": 8,
          "Actual Startup Time": 1097.396,
          "Actual Total Time": 1162.162,
          "Actual Rows": 5,
          "Actual Loops": 1,
          "Workers Planned": 4,
          "Workers Launched": 4,
          "Single Copy": false,
          "Plans": [
            {
              "Node Type": "Aggregate",
              "Strategy": "Plain",
              "Partial Mode": "Partial",
              "Parent Relationship": "Outer",
              "Parallel Aware": false,
              "Startup Cost": 200076.89,
              "Total Cost": 200076.9,
              "Plan Rows": 1,
              "Plan Width": 8,
              "Actual Startup Time": 1087.038,
              "Actual Total Time": 1087.042,
              "Actual Rows": 1,
              "Actual Loops": 5,
              "Plans": [
                {
                  "Node Type": "Nested Loop",
                  "Parent Relationship": "Outer",
                  "Parallel Aware": false,
                  "Join Type": "Inner",
                  "Startup Cost": 27556.83,
                  "Total Cost": 199815.13,
                  "Plan Rows": 104702,
                  "Plan Width": 0,
                  "Actual Startup Time": 111.393,
                  "Actual Total Time": 1076.261,
                  "Actual Rows": 130609,
                  "Actual Loops": 5,
                  "Inner Unique": false,
                  "Plans": [
                    {
                      "Node Type": "Hash Join",
                      "Parent Relationship": "Outer",
                      "Parallel Aware": true,
                      "Join Type": "Inner",
                      "Startup Cost": 27556.4,
                      "Total Cost": 73273.22,
                      "Plan Rows": 73698,
                      "Plan Width": 8,
                      "Actual Startup Time": 111.284,
                      "Actual Total Time": 350.686,
                      "Actual Rows": 58575,
                      "Actual Loops": 5,
                      "Inner Unique": false,
                      "Hash Cond": "(t.id = mc.movie_id)",
                      "Plans": [
                        {
                          "Node Type": "Seq Scan",
                          "Parent Relationship": "Outer",
                          "Parallel Aware": true,
                          "Relation Name": "title",
                          "Alias": "t",
                          "Startup Cost": 0.0,
                          "Total Cost": 42318.73,
                          "Plan Rows": 632073,
                          "Plan Width": 4,
                          "Actual Startup Time": 0.012,
                          "Actual Total Time": 74.876,
                          "Actual Rows": 505662,
                          "Actual Loops": 5
                        },
                        {
                          "Node Type": "Hash",
                          "Parent Relationship": "Inner",
                          "Parallel Aware": true,
                          "Startup Cost": 26367.72,
                          "Total Cost": 26367.72,
                          "Plan Rows": 95094,
                          "Plan Width": 4,
                          "Actual Startup Time": 108.439,
                          "Actual Total Time": 108.441,
                          "Actual Rows": 58575,
                          "Actual Loops": 5,
                          "Hash Buckets": 524288,
                          "Original Hash Buckets": 524288,
                          "Hash Batches": 1,
                          "Original Hash Batches": 1,
                          "Peak Memory Usage": 15648,
                          "Plans": [
                            {
                              "Node Type": "Bitmap Heap Scan",
                              "Parent Relationship": "Outer",
                              "Parallel Aware": true,
                              "Relation Name": "movie_companies",
                              "Alias": "mc",
                              "Startup Cost": 6389.05,
                              "Total Cost": 26367.72,
                              "Plan Rows": 95094,
                              "Plan Width": 4,
                              "Actual Startup Time": 31.171,
                              "Actual Total Time": 79.943,
                              "Actual Rows": 58575,
                              "Actual Loops": 5,
                              "Recheck Cond": "(company_id < 160)",
                              "Rows Removed by Index Recheck": 0,
                              "Exact Heap Blocks": 5400,
                              "Lossy Heap Blocks": 0,
                              "Plans": [
                                {
                                  "Node Type": "Bitmap Index Scan",
                                  "Parent Relationship": "Outer",
                                  "Parallel Aware": false,
                                  "Index Name": "company_id_movie_companies",
                                  "Startup Cost": 0.0,
                                  "Total Cost": 6315.35,
                                  "Plan Rows": 294790,
                                  "Plan Width": 0,
                                  "Actual Startup Time": 26.52,
                                  "Actual Total Time": 26.521,
                                  "Actual Rows": 292877,
                                  "Actual Loops": 1,
                                  "Index Cond": "(company_id < 160)"
                                }
                              ]
                            }
                          ]
                        }
                      ]
                    },
                    {
                      "Node Type": "Index Scan",
                      "Parent Relationship": "Inner",
                      "Parallel Aware": false,
                      "Scan Direction": "Forward",
                      "Index Name": "movie_id_movie_info",
                      "Relation Name": "movie_info",
                      "Alias": "mi",
                      "Startup Cost": 0.43,
                      "Total Cost": 1.62,
                      "Plan Rows": 10,
                      "Plan Width": 4,
                      "Actual Startup Time": 0.006,
                      "Actual Total Time": 0.012,
                      "Actual Rows": 2,
                      "Actual Loops": 292877,
                      "Index Cond": "(movie_id = t.id)",
                      "Rows Removed by Index Recheck": 0,
                      "Filter": "(info_type_id < 4)",
                      "Rows Removed by Filter": 16
                    }
                  ]
                }
              ]
            }
          ]
        }
      ]
    },
    "Planning Time": 1.415,
    "Triggers": [],
    "Execution Time": 1162.358
  }
]