[
  {
    "Plan": {
      "Node Type": "Aggregate",
      "Strategy": "Plain",
      "Partial Mode": "Finalize",
      "Parallel Aware": false,
      "Startup Cost": 45964.24,
      "Total Cost": 45964.25,
      "Plan Rows": 1,
      "Plan Width": 8,
      "Actual Startup Time": 165.834,
      "Actual Total Time": 175.427,
      "Actual Rows": 1,
      "Actual Loops": 1,
      "Plans": [
        {
          "Node Type": "Gather",
          "Parent Relationship": "Outer",
          "Parallel Aware": false,
          "Startup Cost": 45963.92,
          "Total Cost": 45964.23,
          "Plan Rows": 3,
          "Plan Width": 8,
          "Actual Startup Time": 165.595,
          "Actual Total Time": 175.418,
          "Actual Rows": 4,
          "Actual Loops": 1,
          "Workers Planned": 3,
          "Workers Launched": 3,
          "Single Copy": false,
          "Plans": [
            {
              "Node Type": "Aggregate",
              "Strategy": "Plain",
              "Partial Mode": "Partial",
              "Parent Relationship": "Outer",
              "Parallel Aware": false,
              "Startup Cost": 44963.92,
              "Total Cost": 44963.93,
              "Plan Rows": 1,
              "Plan Width": 8,
              "Actual Startup Time": 158.185,
              "Actual Total Time": 158.186,
              "Actual Rows": 1,
              "Actual Loops": 4,
              "Plans": [
                {
                  "Node Type": "Seq Scan",
                  "Parent Relationship": "Outer",
                  "Parallel Aware": true,
                  "Relation Name": "movie_keyword",
                  "Alias": "mk",
                  "Startup Cost": 0.0,
                  "Total Cost": 42695.65,
                  "Plan Rows": 907308,
                  "Plan Width": 0,
                  "Actual Startup Time": 0.054,
                  "Actual Total Time": 123.831,
                  "Actual Rows": 702281,
                  "Actual Loops": 4,
                  "Filter": "(keyword_id < 8307)",
                  "Rows Removed by Filter": 428702
                }
              ]
            }
          ]
        }
      ]
    },
    "Planning Time": 0.174,
    "Triggers": [],
    "Execution Time": 175.481
  }
]