[
  {
    "Plan": {
      "Node Type": "Aggregate",
      "Strategy": "Plain",
      "Partial Mode": "Finalize",
      "Parallel Aware": false,
      "Startup Cost": 46486.34,
      "Total Cost": 46486.35,
      "Plan Rows": 1,
      "Plan Width": 8,
      "Actual Startup Time": 95.252,
      "Actual Total Time": 105.339,
      "Actual Rows": 1,
      "Actual Loops": 1,
      "Plans": [
        {
          "Node Type": "Gather",
          "Parent Relationship": "Outer",
          "Parallel Aware": false,
          "Startup Cost": 46485.92,
          "Total Cost": 46486.33,
          "Plan Rows": 4,
          "Plan Width": 8,
          "Actual Startup Time": 95.124,
          "Actual Total Time": 105.33,
          "Actual Rows": 5,
          "Actual Loops": 1,
          "Workers Planned": 4,
          "Workers Launched": 4,
          "Single Copy": false,
          "Plans": [
            {
              "Node Type": "Aggregate",
              "Strategy": "Plain",
              "Partial Mode": "Partial",
              "Parent Relationship": "Outer",
              "Parallel Aware": false,
              "Startup Cost": 45485.92,
              "Total Cost": 45485.93,
              "Plan Rows": 1,
              "Plan Width": 8,
              "Actual Startup Time": 86.504,
              "Actual Total Time": 86.505,
              "Actual Rows": 1,
              "Actual Loops": 5,
              "Plans": [
                {
                  "Node Type": "Seq Scan",
                  "Parent Relationship": "Outer",
                  "Parallel Aware": true,
                  "Relation Name": "title",
                  "Alias": "t",
                  "Startup Cost": 0.0,
                  "Total Cost": 45479.1,
                  "Plan Rows": 2728,
                  "Plan Width": 0,
                  "Actual Startup Time": 0.051,
                  "Actual Total Time": 86.191,
                  "Actual Rows": 1848,
                  "Actual Loops": 5,
                  "Filter": "((kind_id = 7) AND (production_year = 1984))",
                  "Rows Removed by Filter": 503814
                }
              ]
            }
          ]
        }
      ]
    },
    "Planning Time": 0.159,
    "Triggers": [],
    "Execution Time": 105.39
  }
]