[
  {
    "Plan": {
      "Node Type": "Aggregate",
      "Strategy": "Plain",
      "Partial Mode": "Finalize",
      "Parallel Aware": false,
      "Startup Cost": 47058.23,
      "Total Cost": 47058.24,
      "Plan Rows": 1,
      "Plan Width": 8,
      "Actual Startup Time": 167.375,
      "Actual Total Time": 176.793,
      "Actual Rows": 1,
      "Actual Loops": 1,
      "Plans": [
        {
          "Node Type": "Gather",
          "Parent Relationship": "Outer",
          "Parallel Aware": false,
          "Startup Cost": 47057.91,
          "Total Cost": 47058.22,
          "Plan Rows": 3,
          "Plan Width": 8,
          "Actual Startup Time": 167.251,
          "Actual Total Time": 176.785,
          "Actual Rows": 4,
          "Actual Loops": 1,
          "Workers Planned": 3,
          "Workers Launched": 3,
          "Single Copy": false,
          "Plans": [
            {
              "Node Type": "Aggregate",
              "Strategy": "Plain",
              "Partial Mode": "Partial",
              "Parent Relationship": "Outer",
              "Parallel Aware": false,
              "Startup Cost": 46057.91,
              "Total Cost": 46057.92,
              "Plan Rows": 1,
              "Plan Width": 8,
              "Actual Startup Time": 163.675,
              "Actual Total Time": 163.676,
              "Actual Rows": 1,
              "Actual Loops": 4,
              "Plans": [
                {
                  "Node Type": "Seq Scan",
                  "Parent Relationship": "Outer",
                  "Parallel Aware": true,
                  "Relation Name": "movie_keyword",
                  "Alias": "mk",
                  "Startup Cost": 0.0,
                  "Total Cost": 42695.65,
                  "Plan Rows": 1344902,
                  "Plan Width": 0,
                  "Actual Startup Time": 0.025,
                  "Actual Total Time": 117.895,
                  "Actual Rows": 1042688,
                  "Actual Loops": 4,
                  "Filter": "(keyword_id < 47223)",
                  "Rows Removed by Filter": 88294
                }
              ]
            }
          ]
        }
      ]
    },
    "Planning Time": 0.177,
    "Triggers": [],
    "Execution Time": 176.846
  }
]