[
  {
    "Plan": {
      "Node Type": "Aggregate",
      "Strategy": "Plain",
      "Partial Mode": "Finalize",
      "Parallel Aware": false,
      "Startup Cost": 349183.01,
      "Total Cost": 349183.02,
      "Plan Rows": 1,
      "Plan Width": 8,
      "Actual Startup Time": 694.726,
      "Actual Total Time": 749.529,
      "Actual Rows": 1,
      "Actual Loops": 1,
      "Plans": [
        {
          "Node Type": "Gather",
          "Parent Relationship": "Outer",
          "Parallel Aware": false,
          "Startup Cost": 349182.38,
          "Total Cost": 349182.99,
          "Plan Rows": 6,
          "Plan Width": 8,
          "Actual Startup Time": 694.601,
          "Actual Total Time": 749.518,
          "Actual Rows": 7,
          "Actual Loops": 1,
          "Workers Planned": 6,
          "Workers Launched": 6,
          "Single Copy": false,
          "Plans": [
            {
              "Node Type": "Aggregate",
              "Strategy": "Plain",
              "Partial Mode": "Partial",
              "Parent Relationship": "Outer",
              "Parallel Aware": false,
              "Startup Cost": 348182.38,
              "Total Cost": 348182.39,
              "Plan Rows": 1,
              "Plan Width": 8,
              "Actual Startup Time": 685.758,
              "Actual Total Time": 685.759,
              "Actual Rows": 1,
              "Actual Loops": 7,
              "Plans": [
                {
                  "Node Type": "Seq Scan",
                  "Parent Relationship": "Outer",
                  "Parallel Aware": true,
                  "Relation Name": "cast_info",
                  "Alias": "ci",
                  "Startup Cost": 0.0,
                  "Total Cost": 343257.03,
                  "Plan Rows": 1970141,
                  "Plan Width": 0,
                  "Actual Startup Time": 264.439,
                  "Actual Total Time": 630.398,
                  "Actual Rows": 1344128,
                  "Actual Loops": 7,
                  "Filter": "((person_id > 2164998) AND (role_id < 8))",
                  "Rows Removed by Filter": 3833635
                }
              ]
            }
          ]
        }
      ]
    },
    "Planning Time": 0.189,
    "Triggers": [],
    "Execution Time": 749.592
  }
]