[
  {
    "Plan": {
      "Node Type": "Aggregate",
      "Strategy": "Plain",
      "Partial Mode": "Finalize",
      "Parallel Aware": false,
      "Startup Cost": 46517.26,
      "Total Cost": 46517.27,
      "Plan Rows": 1,
      "Plan Width": 8,
      "Actual Startup Time": 88.265,
      "Actual Total Time": 99.427,
      "Actual Rows": 1,
      "Actual Loops": 1,
      "Plans": [
        {
          "Node Type": "Gather",
          "Parent Relationship": "Outer",
          "Parallel Aware": false,
          "Startup Cost": 46516.84,
          "Total Cost": 46517.25,
          "Plan Rows": 4,
          "Plan Width": 8,
          "Actual Startup Time": 88.147,
          "Actual Total Time": 99.418,
          "Actual Rows": 5,
          "Actual Loops": 1,
          "Workers Planned": 4,
          "Workers Launched": 4,
          "Single Copy": false,
          "Plans": [
            {
              "Node Type": "Aggregate",
              "Strategy": "Plain",
              "Partial Mode": "Partial",
              "Parent Relationship": "Outer",
              "Parallel Aware": false,
              "Startup Cost": 45516.84,
              "Total Cost": 45516.85,
              "Plan Rows": 1,
              "Plan Width": 8,
              "Actual Startup Time": 81.492,
              "Actual Total Time": 81.493,
              "Actual Rows": 1,
              "Actual Loops": 5,
              "Plans": [
                {
                  "Node Type": "Seq Scan",
                  "Parent Relationship": "Outer",
                  "Parallel Aware": true,
                  "Relation Name": "title",
                  "Alias": "t",
                  "Startup Cost": 0.0,
                  "Total Cost": 45479.1,
                  "Plan Rows": 15098,
                  "Plan Width": 0,
                  "Actual Startup Time": 50.396,
                  "Actual Total Time": 79.828,
                  "Actual Rows": 37834,
                  "Actual Loops": 5,
                  "Filter": "((kind_id < 2) AND (production_year < 1960))",
                  "Rows Removed by Filter": 467828
                }
              ]
            }
          ]
        }
      ]
    },
    "Planning Time": 0.182,
    "Triggers": [],
    "Execution Time": 99.494
  }
]