[
  {
    "Plan": {
      "Node Type": "Aggregate",
      "Strategy": "Plain",
      "Partial Mode": "Finalize",
      "Parallel Aware": false,
      "Startup Cost": 129007.14,
      "Total Cost": 129007.15,
      "Plan Rows": 1,
      "Plan Width": 8,
      "Actual Startup Time": 719.65,
      "Actual Total Time": 741.118,
      "Actual Rows": 1,
      "Actual Loops": 1,
      "Plans": [
        {
          "Node Type": "Gather",
          "Parent Relationship": "Outer",
          "Parallel Aware": false,
          "Startup Cost": 129006.82,
          "Total Cost": 129007.13,
          "Plan Rows": 3,
          "Plan Width": 8,
          "Actual Startup Time": 716.103,
          "Actual Total Time": 741.107,
          "Actual Rows": 4,
          "Actual Loops": 1,
          "Workers Planned": 3,
          "Workers Launched": 3,
          "Single Copy": false,
          "Plans": [
            {
              "Node Type": "Aggregate",
              "Strategy": "Plain",
              "Partial Mode": "Partial",
              "Parent Relationship": "Outer",
              "Parallel Aware": false,
              "Startup Cost": 128006.82,
              "Total Cost": 128006.83,
              "Plan Rows": 1,
              "Plan Width": 8,
              "Actual Startup Time": 707.097,
              "Actual Total Time": 707.329,
              "Actual Rows": 1,
              "Actual Loops": 4,
              "Plans": [
                {
                  "Node Type": "Hash Join",
                  "Parent Relationship": "Outer",
                  "Parallel Aware": true,
                  "Join Type": "Inner",
                  "Startup Cost": 79202.47,
                  "Total Cost": 127316.13,
                  "Plan Rows": 276277,
                  "Plan Width": 0,
                  "Actual Startup Time": 423.321,
                  "Actual Total Time": 675.245,
                  "Actual Rows": 830636,
                  "Actual Loops": 4,
                  "Inner Unique": false,
                  "Hash Cond": "(mk.movie_id = t.id)",
                  "Plans": [
                    {
                      "Node Type": "Seq Scan",
                      "Parent Relationship": "Outer",
                      "Parallel Aware": true,
                      "Relation Name": "movie_keyword",
                      "Alias": "mk",
                      "Startup Cost": 0.0,
                      "Total Cost": 42695.65,
                      "Plan Rows": 1260618,
                      "Plan Width": 4,
                      "Actual Startup Time": 0.03,
                      "Actual Total Time": 109.061,
                      "Actual Rows": 979338,
                      "Actual Loops": 4,
                      "Filter": "(keyword_id < 30445)",
                      "Rows Removed by Filter": 151644
                    },
                    {
                      "Node Type": "Hash",
                      "Parent Relationship": "Inner",
                      "Parallel Aware": true,
                      "Startup Cost": 77470.9,
                      "Total Cost": 77470.9,
                      "Plan Rows": 138525,
                      "Plan Width": 8,
                      "Actual Startup Time": 416.955,
                      "Actual Total Time": 417.185,
                      "Actual Rows": 141989,
                      "Actual Loops": 4,
                      "Hash Buckets": 1048576,
                      "Original Hash Buckets": 1048576,
                      "Hash Batches": 1,
                      "Original Hash Batches": 1,
                      "Peak Memory Usage": 30464,
                      "Plans": [
                        {
                          "Node Type": "Hash Join",
                          "Parent Relationship": "Outer",
                          "Parallel Aware": true,
                          "Join Type": "Inner",
                          "Startup Cost": 31544.96,
                          "Total Cost": 77470.9,
                          "Plan Rows": 138525,
                          "Plan Width": 8,
                          "Actual Startup Time": 132.281,
                          "Actual Total Time": 366.249,
                          "Actual Rows": 141989,
                          "Actual Loops": 4,
                          "Inner Unique": false,
                          "Hash Cond": "(t.id = mc.movie_id)",
                          "Plans": [
                            {
                              "Node Type": "Seq Scan",
                              "Parent Relationship": "Outer",
                              "Parallel Aware": true,
                              "Relation Name": "title",
                              "Alias": "t",
                              "Startup Cost": 0.0,
                              "Total Cost": 42318.73,
                              "Plan Rows": 632073,
                              "Plan Width": 4,
                              "Actual Startup Time": 0.011,
                              "Actual Total Time": 75.132,
                              "Actual Rows": 632078,
                              "Actual Loops": 4
                            },
                            {
                              "Node Type": "Hash",
                              "Parent Relationship": "Inner",
                              "Parallel Aware": true,
                              "Startup Cost": 29310.68,
                              "Total Cost": 29310.68,
                              "Plan Rows": 178742,
                              "Plan Width": 4,
                              "Actual Startup Time": 129.601,
                              "Actual Total Time": 129.602,
                              "Actual Rows": 141989,
                              "Actual Loops": 4,
                              "Hash Buckets": 1048576,
                              "Original Hash Buckets": 1048576,
                              "Hash Batches": 1,
                              "Original Hash Batches": 1,
                              "Peak Memory Usage": 30464,
                              "Plans": [
                                {
                                  "Node Type": "Seq Scan",
                                  "Parent Relationship": "Outer",
                                  "Parallel Aware": true,
                                  "Relation Name": "movie_companies",
                                  "Alias": "mc",
                                  "Startup Cost": 0.0,
                                  "Total Cost": 29310.68,
                                  "Plan Rows": 178742,
                                  "Plan Width": 4,
                                  "Actual Startup Time": 45.856,
                                  "Actual Total Time": 79.477,
                                  "Actual Rows": 141989,
                                  "Actual Loops": 4,
                                  "Filter": "(company_id > 71419)",
                                  "Rows Removed by Filter": 510294
                                }
                              ]
                            }
                          ]
                        }
                      ]
                    }
                  ]
                }
              ]
            }
          ]
        }
      ]
    },
    "Planning Time": 1.483,
    "Triggers": [],
    "Execution Time": 741.202
  }
]