{
  "Plan": {
    "Node Type": "Aggregate",
    "Strategy": "Plain",
    "Partial Mode": "Finalize",
    "Parallel Aware": false,
    "Startup Cost": 42959.23,
    "Total Cost": 42959.24,
    "Plan Rows": 1,
    "Plan Width": 8,
    "Actual Startup Time": 47.619,
    "Actual Total Time": 53.236,
    "Actual Rows": 1,
    "Actual Loops": 1,
    "Plans": [
      {
        "Node Type": "Gather",
        "Parent Relationship": "Outer",
        "Parallel Aware": false,
        "Startup Cost": 42959.11,
        "Total Cost": 42959.22,
        "Plan Rows": 1,
        "Plan Width": 8,
        "Actual Startup Time": 47.491,
        "Actual Total Time": 53.229,
        "Actual Rows": 2,
        "Actual Loops": 1,
        "Workers Planned": 1,
        "Workers Launched": 1,
        "Single Copy": false,
        "Plans": [
          {
            "Node Type": "Aggregate",
            "Strategy": "Plain",
            "Partial Mode": "Partial",
            "Parent Relationship": "Outer",
            "Parallel Aware": false,
            "Startup Cost": 41959.11,
            "Total Cost": 41959.12,
            "Plan Rows": 1,
            "Plan Width": 8,
            "Actual Startup Time": 40.786,
            "Actual Total Time": 40.788,
            "Actual Rows": 1,
            "Actual Loops": 2,
            "Plans": [
              {
                "Node Type": "Nested Loop",
                "Parent Relationship": "Outer",
                "Parallel Aware": false,
                "Join Type": "Inner",
                "Startup Cost": 144.52,
                "Total Cost": 41957.27,
                "Plan Rows": 739,
                "Plan Width": 0,
                "Actual Startup Time": 1.601,
                "Actual Total Time": 40.268,
                "Actual Rows": 3705,
                "Actual Loops": 2,
                "Inner Unique": false,
                "Plans": [
                  {
                    "Node Type": "Nested Loop",
                    "Parent Relationship": "Outer",
                    "Parallel Aware": false,
                    "Join Type": "Inner",
                    "Startup Cost": 144.09,
                    "Total Cost": 40838.32,
                    "Plan Rows": 2033,
                    "Plan Width": 8,
                    "Actual Startup Time": 1.457,
                    "Actual Total Time": 26.62,
                    "Actual Rows": 2962,
                    "Actual Loops": 2,
                    "Inner Unique": true,
                    "Plans": [
                      {
                        "Node Type": "Bitmap Heap Scan",
                        "Parent Relationship": "Outer",
                        "Parallel Aware": true,
                        "Relation Name": "movie_companies",
                        "Alias": "mc",
                        "Startup Cost": 143.66,
                        "Total Cost": 13454.67,
                        "Plan Rows": 3888,
                        "Plan Width": 4,
                        "Actual Startup Time": 1.292,
                        "Actual Total Time": 3.531,
                        "Actual Rows": 3177,
                        "Actual Loops": 2,
                        "Recheck Cond": "(company_id = 1284)",
                        "Rows Removed by Index Recheck": 0,
                        "Exact Heap Blocks": 610,
                        "Lossy Heap Blocks": 0,
                        "Plans": [
                          {
                            "Node Type": "Bitmap Index Scan",
                            "Parent Relationship": "Outer",
                            "Parallel Aware": false,
                            "Index Name": "company_id_movie_companies",
                            "Startup Cost": 0.0,
                            "Total Cost": 142.0,
                            "Plan Rows": 6610,
                            "Plan Width": 0,
                            "Actual Startup Time": 2.097,
                            "Actual Total Time": 2.098,
                            "Actual Rows": 6354,
                            "Actual Loops": 1,
                            "Index Cond": "(company_id = 1284)"
                          }
                        ]
                      },
                      {
                        "Node Type": "Index Scan",
                        "Parent Relationship": "Inner",
                        "Parallel Aware": false,
                        "Scan Direction": "Forward",
                        "Index Name": "title_pkey",
                        "Relation Name": "title",
                        "Alias": "t",
                        "Startup Cost": 0.43,
                        "Total Cost": 7.04,
                        "Plan Rows": 1,
                        "Plan Width": 4,
                        "Actual Startup Time": 0.007,
                        "Actual Total Time": 0.007,
                        "Actual Rows": 1,
                        "Actual Loops": 6354,
                        "Index Cond": "(id = mc.movie_id)",
                        "Rows Removed by Index Recheck": 0,
                        "Filter": "((kind_id > 1) AND (production_year < 2009))",
                        "Rows Removed by Filter": 0
                      }
                    ]
                  },
                  {
                    "Node Type": "Index Scan",
                    "Parent Relationship": "Inner",
                    "Parallel Aware": false,
                    "Scan Direction": "Forward",
                    "Index Name": "movie_id_movie_info_idx",
                    "Relation Name": "movie_info_idx",
                    "Alias": "mi_idx",
                    "Startup Cost": 0.43,
                    "Total Cost": 0.53,
                    "Plan Rows": 2,
                    "Plan Width": 4,
                    "Actual Startup Time": 0.004,
                    "Actual Total Time": 0.004,
                    "Actual Rows": 1,
                    "Actual Loops": 5925,
                    "Index Cond": "(movie_id = t.id)",
                    "Rows Removed by Index Recheck": 0,
                    "Filter": "(info_type_id < 101)",
                    "Rows Removed by Filter": 1
                  }
                ]
              }
            ]
          }
        ]
      }
    ]
  },
  "Planning Time": 1.066,
  "Triggers": [],
  "Execution Time": 53.339
}