[
  {
    "Plan": {
      "Node Type": "Aggregate",
      "Strategy": "Plain",
      "Partial Mode": "Finalize",
      "Parallel Aware": false,
      "Startup Cost": 48887.22,
      "Total Cost": 48887.23,
      "Plan Rows": 1,
      "Plan Width": 8,
      "Actual Startup Time": 71.713,
      "Actual Total Time": 86.708,
      "Actual Rows": 1,
      "Actual Loops": 1,
      "Plans": [
        {
          "Node Type": "Gather",
          "Parent Relationship": "Outer",
          "Parallel Aware": false,
          "Startup Cost": 48886.9,
          "Total Cost": 48887.21,
          "Plan Rows": 3,
          "Plan Width": 8,
          "Actual Startup Time": 71.499,
          "Actual Total Time": 86.701,
          "Actual Rows": 4,
          "Actual Loops": 1,
          "Workers Planned": 3,
          "Workers Launched": 3,
          "Single Copy": false,
          "Plans": [
            {
              "Node Type": "Aggregate",
              "Strategy": "Plain",
              "Partial Mode": "Partial",
              "Parent Relationship": "Outer",
              "Parallel Aware": false,
              "Startup Cost": 47886.9,
              "Total Cost": 47886.91,
              "Plan Rows": 1,
              "Plan Width": 8,
              "Actual Startup Time": 67.654,
              "Actual Total Time": 67.656,
              "Actual Rows": 1,
              "Actual Loops": 4,
              "Plans": [
                {
                  "Node Type": "Nested Loop",
                  "Parent Relationship": "Outer",
                  "Parallel Aware": false,
                  "Join Type": "Inner",
                  "Startup Cost": 263.96,
                  "Total Cost": 47881.93,
                  "Plan Rows": 1988,
                  "Plan Width": 0,
                  "Actual Startup Time": 2.064,
                  "Actual Total Time": 66.596,
                  "Actual Rows": 18372,
                  "Actual Loops": 4,
                  "Inner Unique": false,
                  "Plans": [
                    {
                      "Node Type": "Nested Loop",
                      "Parent Relationship": "Outer",
                      "Parallel Aware": false,
                      "Join Type": "Inner",
                      "Startup Cost": 263.53,
                      "Total Cost": 45499.07,
                      "Plan Rows": 3940,
                      "Plan Width": 8,
                      "Actual Startup Time": 1.953,
                      "Actual Total Time": 34.344,
                      "Actual Rows": 2577,
                      "Actual Loops": 4,
                      "Inner Unique": true,
                      "Plans": [
                        {
                          "Node Type": "Bitmap Heap Scan",
                          "Parent Relationship": "Outer",
                          "Parallel Aware": true,
                          "Relation Name": "movie_keyword",
                          "Alias": "mk",
                          "Startup Cost": 263.1,
                          "Total Cost": 20870.7,
                          "Plan Rows": 3940,
                          "Plan Width": 4,
                          "Actual Startup Time": 1.792,
                          "Actual Total Time": 13.307,
                          "Actual Rows": 2577,
                          "Actual Loops": 4,
                          "Recheck Cond": "(keyword_id = 870)",
                          "Rows Removed by Index Recheck": 0,
                          "Exact Heap Blocks": 4188,
                          "Lossy Heap Blocks": 0,
                          "Plans": [
                            {
                              "Node Type": "Bitmap Index Scan",
                              "Parent Relationship": "Outer",
                              "Parallel Aware": false,
                              "Index Name": "keyword_id_movie_keyword",
                              "Startup Cost": 0.0,
                              "Total Cost": 260.05,
                              "Plan Rows": 12215,
                              "Plan Width": 0,
                              "Actual Startup Time": 3.351,
                              "Actual Total Time": 3.352,
                              "Actual Rows": 10307,
                              "Actual Loops": 1,
                              "Index Cond": "(keyword_id = 870)"
                            }
                          ]
                        },
                        {
                          "Node Type": "Index Only Scan",
                          "Parent Relationship": "Inner",
                          "Parallel Aware": false,
                          "Scan Direction": "Forward",
                          "Index Name": "title_pkey",
                          "Relation Name": "title",
                          "Alias": "t",
                          "Startup Cost": 0.43,
                          "Total Cost": 6.25,
                          "Plan Rows": 1,
                          "Plan Width": 4,
                          "Actual Startup Time": 0.007,
                          "Actual Total Time": 0.007,
                          "Actual Rows": 1,
                          "Actual Loops": 10307,
                          "Index Cond": "(id = mk.movie_id)",
                          "Rows Removed by Index Recheck": 0,
                          "Heap Fetches": 10307
                        }
                      ]
                    },
                    {
                      "Node Type": "Index Scan",
                      "Parent Relationship": "Inner",
                      "Parallel Aware": false,
                      "Scan Direction": "Forward",
                      "Index Name": "movie_id_movie_companies",
                      "Relation Name": "movie_companies",
                      "Alias": "mc",
                      "Startup Cost": 0.43,
                      "Total Cost": 0.57,
                      "Plan Rows": 3,
                      "Plan Width": 4,
                      "Actual Startup Time": 0.008,
                      "Actual Total Time": 0.012,
                      "Actual Rows": 7,
                      "Actual Loops": 10307,
                      "Index Cond": "(movie_id = t.id)",
                      "Rows Removed by Index Recheck": 0,
                      "Filter": "(company_type_id < 2)",
                      "Rows Removed by Filter": 2
                    }
                  ]
                }
              ]
            }
          ]
        }
      ]
    },
    "Planning Time": 0.706,
    "Triggers": [],
    "Execution Time": 86.761
  }
]