{
  "Plan": {
    "Node Type": "Aggregate",
    "Strategy": "Plain",
    "Partial Mode": "Finalize",
    "Parallel Aware": false,
    "Startup Cost": 345457.04,
    "Total Cost": 345457.05,
    "Plan Rows": 1,
    "Plan Width": 8,
    "Actual Startup Time": 1232.628,
    "Actual Total Time": 1283.067,
    "Actual Rows": 1,
    "Actual Loops": 1,
    "Plans": [
      {
        "Node Type": "Gather",
        "Parent Relationship": "Outer",
        "Parallel Aware": false,
        "Startup Cost": 345456.93,
        "Total Cost": 345457.04,
        "Plan Rows": 1,
        "Plan Width": 8,
        "Actual Startup Time": 1232.482,
        "Actual Total Time": 1283.058,
        "Actual Rows": 2,
        "Actual Loops": 1,
        "Workers Planned": 1,
        "Workers Launched": 1,
        "Single Copy": false,
        "Plans": [
          {
            "Node Type": "Aggregate",
            "Strategy": "Plain",
            "Partial Mode": "Partial",
            "Parent Relationship": "Outer",
            "Parallel Aware": false,
            "Startup Cost": 344456.93,
            "Total Cost": 344456.94,
            "Plan Rows": 1,
            "Plan Width": 8,
            "Actual Startup Time": 1226.675,
            "Actual Total Time": 1226.678,
            "Actual Rows": 1,
            "Actual Loops": 2,
            "Plans": [
              {
                "Node Type": "Hash Join",
                "Parent Relationship": "Outer",
                "Parallel Aware": true,
                "Join Type": "Inner",
                "Startup Cost": 58388.58,
                "Total Cost": 344392.53,
                "Plan Rows": 25759,
                "Plan Width": 0,
                "Actual Startup Time": 186.727,
                "Actual Total Time": 1225.929,
                "Actual Rows": 14701,
                "Actual Loops": 2,
                "Inner Unique": true,
                "Hash Cond": "(mi.movie_id = t.id)",
                "Plans": [
                  {
                    "Node Type": "Seq Scan",
                    "Parent Relationship": "Outer",
                    "Parallel Aware": true,
                    "Relation Name": "movie_info",
                    "Alias": "mi",
                    "Startup Cost": 0.0,
                    "Total Cost": 270696.42,
                    "Plan Rows": 5831431,
                    "Plan Width": 4,
                    "Actual Startup Time": 34.771,
                    "Actual Total Time": 734.103,
                    "Actual Rows": 4955877,
                    "Actual Loops": 2,
                    "Filter": "(info_type_id > 4)",
                    "Rows Removed by Filter": 2461983
                  },
                  {
                    "Node Type": "Hash",
                    "Parent Relationship": "Inner",
                    "Parallel Aware": true,
                    "Startup Cost": 58306.47,
                    "Total Cost": 58306.47,
                    "Plan Rows": 6569,
                    "Plan Width": 4,
                    "Actual Startup Time": 150.419,
                    "Actual Total Time": 150.42,
                    "Actual Rows": 5998,
                    "Actual Loops": 2,
                    "Hash Buckets": 16384,
                    "Original Hash Buckets": 16384,
                    "Hash Batches": 1,
                    "Original Hash Batches": 1,
                    "Peak Memory Usage": 640,
                    "Plans": [
                      {
                        "Node Type": "Seq Scan",
                        "Parent Relationship": "Outer",
                        "Parallel Aware": true,
                        "Relation Name": "title",
                        "Alias": "t",
                        "Startup Cost": 0.0,
                        "Total Cost": 58306.47,
                        "Plan Rows": 6569,
                        "Plan Width": 4,
                        "Actual Startup Time": 0.257,
                        "Actual Total Time": 148.113,
                        "Actual Rows": 5998,
                        "Actual Loops": 2,
                        "Filter": "((kind_id = 7) AND (production_year = 1987))",
                        "Rows Removed by Filter": 1258158
                      }
                    ]
                  }
                ]
              }
            ]
          }
        ]
      }
    ]
  },
  "Planning Time": 0.492,
  "Triggers": [],
  "Execution Time": 1283.152
}