[
  {
    "Plan": {
      "Node Type": "Aggregate",
      "Strategy": "Plain",
      "Partial Mode": "Finalize",
      "Parallel Aware": false,
      "Startup Cost": 45375.15,
      "Total Cost": 45375.16,
      "Plan Rows": 1,
      "Plan Width": 8,
      "Actual Startup Time": 150.755,
      "Actual Total Time": 161.284,
      "Actual Rows": 1,
      "Actual Loops": 1,
      "Plans": [
        {
          "Node Type": "Gather",
          "Parent Relationship": "Outer",
          "Parallel Aware": false,
          "Startup Cost": 45374.83,
          "Total Cost": 45375.14,
          "Plan Rows": 3,
          "Plan Width": 8,
          "Actual Startup Time": 150.647,
          "Actual Total Time": 161.276,
          "Actual Rows": 4,
          "Actual Loops": 1,
          "Workers Planned": 3,
          "Workers Launched": 3,
          "Single Copy": false,
          "Plans": [
            {
              "Node Type": "Aggregate",
              "Strategy": "Plain",
              "Partial Mode": "Partial",
              "Parent Relationship": "Outer",
              "Parallel Aware": false,
              "Startup Cost": 44374.83,
              "Total Cost": 44374.84,
              "Plan Rows": 1,
              "Plan Width": 8,
              "Actual Startup Time": 146.397,
              "Actual Total Time": 146.399,
              "Actual Rows": 1,
              "Actual Loops": 4,
              "Plans": [
                {
                  "Node Type": "Seq Scan",
                  "Parent Relationship": "Outer",
                  "Parallel Aware": true,
                  "Relation Name": "movie_keyword",
                  "Alias": "mk",
                  "Startup Cost": 0.0,
                  "Total Cost": 42695.65,
                  "Plan Rows": 671671,
                  "Plan Width": 0,
                  "Actual Startup Time": 0.614,
                  "Actual Total Time": 119.814,
                  "Actual Rows": 515566,
                  "Actual Loops": 4,
                  "Filter": "(keyword_id > 5904)",
                  "Rows Removed by Filter": 615416
                }
              ]
            }
          ]
        }
      ]
    },
    "Planning Time": 0.114,
    "Triggers": [],
    "Execution Time": 161.319
  }
]