[
  {
    "Plan": {
      "Node Type": "Aggregate",
      "Strategy": "Plain",
      "Partial Mode": "Finalize",
      "Parallel Aware": false,
      "Startup Cost": 45361.29,
      "Total Cost": 45361.3,
      "Plan Rows": 1,
      "Plan Width": 8,
      "Actual Startup Time": 146.246,
      "Actual Total Time": 156.026,
      "Actual Rows": 1,
      "Actual Loops": 1,
      "Plans": [
        {
          "Node Type": "Gather",
          "Parent Relationship": "Outer",
          "Parallel Aware": false,
          "Startup Cost": 45360.97,
          "Total Cost": 45361.28,
          "Plan Rows": 3,
          "Plan Width": 8,
          "Actual Startup Time": 146.143,
          "Actual Total Time": 156.018,
          "Actual Rows": 4,
          "Actual Loops": 1,
          "Workers Planned": 3,
          "Workers Launched": 3,
          "Single Copy": false,
          "Plans": [
            {
              "Node Type": "Aggregate",
              "Strategy": "Plain",
              "Partial Mode": "Partial",
              "Parent Relationship": "Outer",
              "Parallel Aware": false,
              "Startup Cost": 44360.97,
              "Total Cost": 44360.98,
              "Plan Rows": 1,
              "Plan Width": 8,
              "Actual Startup Time": 137.963,
              "Actual Total Time": 137.964,
              "Actual Rows": 1,
              "Actual Loops": 4,
              "Plans": [
                {
                  "Node Type": "Seq Scan",
                  "Parent Relationship": "Outer",
                  "Parallel Aware": true,
                  "Relation Name": "movie_keyword",
                  "Alias": "mk",
                  "Startup Cost": 0.0,
                  "Total Cost": 42695.65,
                  "Plan Rows": 666128,
                  "Plan Width": 0,
                  "Actual Startup Time": 0.533,
                  "Actual Total Time": 112.574,
                  "Actual Rows": 515566,
                  "Actual Loops": 4,
                  "Filter": "(keyword_id > 5904)",
                  "Rows Removed by Filter": 615416
                }
              ]
            }
          ]
        }
      ]
    },
    "Planning Time": 0.116,
    "Triggers": [],
    "Execution Time": 156.065
  }
]