[
  {
    "Plan": {
      "Node Type": "Aggregate",
      "Strategy": "Plain",
      "Partial Mode": "Finalize",
      "Parallel Aware": false,
      "Startup Cost": 46934.58,
      "Total Cost": 46934.59,
      "Plan Rows": 1,
      "Plan Width": 8,
      "Actual Startup Time": 173.802,
      "Actual Total Time": 183.482,
      "Actual Rows": 1,
      "Actual Loops": 1,
      "Plans": [
        {
          "Node Type": "Gather",
          "Parent Relationship": "Outer",
          "Parallel Aware": false,
          "Startup Cost": 46934.27,
          "Total Cost": 46934.58,
          "Plan Rows": 3,
          "Plan Width": 8,
          "Actual Startup Time": 173.678,
          "Actual Total Time": 183.474,
          "Actual Rows": 4,
          "Actual Loops": 1,
          "Workers Planned": 3,
          "Workers Launched": 3,
          "Single Copy": false,
          "Plans": [
            {
              "Node Type": "Aggregate",
              "Strategy": "Plain",
              "Partial Mode": "Partial",
              "Parent Relationship": "Outer",
              "Parallel Aware": false,
              "Startup Cost": 45934.27,
              "Total Cost": 45934.28,
              "Plan Rows": 1,
              "Plan Width": 8,
              "Actual Startup Time": 164.987,
              "Actual Total Time": 164.988,
              "Actual Rows": 1,
              "Actual Loops": 4,
              "Plans": [
                {
                  "Node Type": "Seq Scan",
                  "Parent Relationship": "Outer",
                  "Parallel Aware": true,
                  "Relation Name": "movie_keyword",
                  "Alias": "mk",
                  "Startup Cost": 0.0,
                  "Total Cost": 42695.65,
                  "Plan Rows": 1295445,
                  "Plan Width": 0,
                  "Actual Startup Time": 0.103,
                  "Actual Total Time": 120.588,
                  "Actual Rows": 1003860,
                  "Actual Loops": 4,
                  "Filter": "(keyword_id > 370)",
                  "Rows Removed by Filter": 127123
                }
              ]
            }
          ]
        }
      ]
    },
    "Planning Time": 0.186,
    "Triggers": [],
    "Execution Time": 183.545
  }
]