[
  {
    "Plan": {
      "Node Type": "Aggregate",
      "Strategy": "Plain",
      "Partial Mode": "Finalize",
      "Parallel Aware": false,
      "Startup Cost": 87538.62,
      "Total Cost": 87538.63,
      "Plan Rows": 1,
      "Plan Width": 8,
      "Actual Startup Time": 223.329,
      "Actual Total Time": 238.88,
      "Actual Rows": 1,
      "Actual Loops": 1,
      "Plans": [
        {
          "Node Type": "Gather",
          "Parent Relationship": "Outer",
          "Parallel Aware": false,
          "Startup Cost": 87538.31,
          "Total Cost": 87538.62,
          "Plan Rows": 3,
          "Plan Width": 8,
          "Actual Startup Time": 222.961,
          "Actual Total Time": 238.871,
          "Actual Rows": 4,
          "Actual Loops": 1,
          "Workers Planned": 3,
          "Workers Launched": 3,
          "Single Copy": false,
          "Plans": [
            {
              "Node Type": "Aggregate",
              "Strategy": "Plain",
              "Partial Mode": "Partial",
              "Parent Relationship": "Outer",
              "Parallel Aware": false,
              "Startup Cost": 86538.31,
              "Total Cost": 86538.32,
              "Plan Rows": 1,
              "Plan Width": 8,
              "Actual Startup Time": 219.249,
              "Actual Total Time": 219.255,
              "Actual Rows": 1,
              "Actual Loops": 4,
              "Plans": [
                {
                  "Node Type": "Hash Join",
                  "Parent Relationship": "Outer",
                  "Parallel Aware": true,
                  "Join Type": "Inner",
                  "Startup Cost": 58995.72,
                  "Total Cost": 86530.43,
                  "Plan Rows": 3151,
                  "Plan Width": 0,
                  "Actual Startup Time": 137.136,
                  "Actual Total Time": 219.13,
                  "Actual Rows": 1171,
                  "Actual Loops": 4,
                  "Inner Unique": true,
                  "Hash Cond": "(mk.movie_id = t.id)",
                  "Plans": [
                    {
                      "Node Type": "Bitmap Heap Scan",
                      "Parent Relationship": "Outer",
                      "Parallel Aware": true,
                      "Relation Name": "movie_keyword",
                      "Alias": "mk",
                      "Startup Cost": 13393.92,
                      "Total Cost": 40393.96,
                      "Plan Rows": 203683,
                      "Plan Width": 4,
                      "Actual Startup Time": 40.459,
                      "Actual Total Time": 104.075,
                      "Actual Rows": 157890,
                      "Actual Loops": 4,
                      "Recheck Cond": "(keyword_id > 29033)",
                      "Rows Removed by Index Recheck": 0,
                      "Exact Heap Blocks": 7477,
                      "Lossy Heap Blocks": 0,
                      "Plans": [
                        {
                          "Node Type": "Bitmap Index Scan",
                          "Parent Relationship": "Outer",
                          "Parallel Aware": false,
                          "Index Name": "keyword_id_movie_keyword",
                          "Startup Cost": 0.0,
                          "Total Cost": 13236.07,
                          "Plan Rows": 631418,
                          "Plan Width": 0,
                          "Actual Startup Time": 36.731,
                          "Actual Total Time": 36.732,
                          "Actual Rows": 631561,
                          "Actual Loops": 1,
                          "Index Cond": "(keyword_id > 29033)"
                        }
                      ]
                    },
                    {
                      "Node Type": "Hash",
                      "Parent Relationship": "Inner",
                      "Parallel Aware": true,
                      "Startup Cost": 45479.59,
                      "Total Cost": 45479.59,
                      "Plan Rows": 9777,
                      "Plan Width": 4,
                      "Actual Startup Time": 95.435,
                      "Actual Total Time": 95.436,
                      "Actual Rows": 10746,
                      "Actual Loops": 4,
                      "Hash Buckets": 65536,
                      "Original Hash Buckets": 65536,
                      "Hash Batches": 1,
                      "Original Hash Batches": 1,
                      "Peak Memory Usage": 2240,
                      "Plans": [
                        {
                          "Node Type": "Seq Scan",
                          "Parent Relationship": "Outer",
                          "Parallel Aware": true,
                          "Relation Name": "title",
                          "Alias": "t",
                          "Startup Cost": 0.0,
                          "Total Cost": 45479.59,
                          "Plan Rows": 9777,
                          "Plan Width": 4,
                          "Actual Startup Time": 0.019,
                          "Actual Total Time": 90.705,
                          "Actual Rows": 10746,
                          "Actual Loops": 4,
                          "Filter": "((kind_id > 1) AND (production_year = 1999))",
                          "Rows Removed by Filter": 621332
                        }
                      ]
                    }
                  ]
                }
              ]
            }
          ]
        }
      ]
    },
    "Planning Time": 0.257,
    "Triggers": [],
    "Execution Time": 238.928
  }
]