{
  "Plan": {
    "Node Type": "Aggregate",
    "Strategy": "Plain",
    "Partial Mode": "Finalize",
    "Parallel Aware": false,
    "Startup Cost": 671066.01,
    "Total Cost": 671066.02,
    "Plan Rows": 1,
    "Plan Width": 8,
    "Actual Startup Time": 5078.984,
    "Actual Total Time": 5153.626,
    "Actual Rows": 1,
    "Actual Loops": 1,
    "Plans": [
      {
        "Node Type": "Gather",
        "Parent Relationship": "Outer",
        "Parallel Aware": false,
        "Startup Cost": 671065.9,
        "Total Cost": 671066.01,
        "Plan Rows": 1,
        "Plan Width": 8,
        "Actual Startup Time": 5073.024,
        "Actual Total Time": 5153.614,
        "Actual Rows": 2,
        "Actual Loops": 1,
        "Workers Planned": 1,
        "Workers Launched": 1,
        "Single Copy": false,
        "Plans": [
          {
            "Node Type": "Aggregate",
            "Strategy": "Plain",
            "Partial Mode": "Partial",
            "Parent Relationship": "Outer",
            "Parallel Aware": false,
            "Startup Cost": 670065.9,
            "Total Cost": 670065.91,
            "Plan Rows": 1,
            "Plan Width": 8,
            "Actual Startup Time": 5066.893,
            "Actual Total Time": 5067.19,
            "Actual Rows": 1,
            "Actual Loops": 2,
            "Plans": [
              {
                "Node Type": "Hash Join",
                "Parent Relationship": "Outer",
                "Parallel Aware": true,
                "Join Type": "Inner",
                "Startup Cost": 104464.68,
                "Total Cost": 664132.73,
                "Plan Rows": 2373268,
                "Plan Width": 0,
                "Actual Startup Time": 716.555,
                "Actual Total Time": 4823.18,
                "Actual Rows": 6129938,
                "Actual Loops": 2,
                "Inner Unique": false,
                "Hash Cond": "(ci.movie_id = t.id)",
                "Plans": [
                  {
                    "Node Type": "Seq Scan",
                    "Parent Relationship": "Outer",
                    "Parallel Aware": true,
                    "Relation Name": "cast_info",
                    "Alias": "ci",
                    "Startup Cost": 0.0,
                    "Total Cost": 465792.95,
                    "Plan Rows": 21310595,
                    "Plan Width": 4,
                    "Actual Startup Time": 0.014,
                    "Actual Total Time": 1342.522,
                    "Actual Rows": 18122172,
                    "Actual Loops": 2
                  },
                  {
                    "Node Type": "Hash",
                    "Parent Relationship": "Inner",
                    "Parallel Aware": true,
                    "Startup Cost": 102394.36,
                    "Total Cost": 102394.36,
                    "Plan Rows": 165626,
                    "Plan Width": 8,
                    "Actual Startup Time": 710.872,
                    "Actual Total Time": 711.167,
                    "Actual Rows": 148922,
                    "Actual Loops": 2,
                    "Hash Buckets": 524288,
                    "Original Hash Buckets": 524288,
                    "Hash Batches": 1,
                    "Original Hash Batches": 1,
                    "Peak Memory Usage": 15776,
                    "Plans": [
                      {
                        "Node Type": "Hash Join",
                        "Parent Relationship": "Outer",
                        "Parallel Aware": true,
                        "Join Type": "Inner",
                        "Startup Cost": 75435.26,
                        "Total Cost": 102394.36,
                        "Plan Rows": 165626,
                        "Plan Width": 8,
                        "Actual Startup Time": 563.256,
                        "Actual Total Time": 677.518,
                        "Actual Rows": 148922,
                        "Actual Loops": 2,
                        "Inner Unique": true,
                        "Hash Cond": "(mk.movie_id = t.id)",
                        "Plans": [
                          {
                            "Node Type": "Bitmap Heap Scan",
                            "Parent Relationship": "Outer",
                            "Parallel Aware": true,
                            "Relation Name": "movie_keyword",
                            "Alias": "mk",
                            "Startup Cost": 5974.56,
                            "Total Cost": 32498.89,
                            "Plan Rows": 165626,
                            "Plan Width": 4,
                            "Actual Startup Time": 19.92,
                            "Actual Total Time": 76.094,
                            "Actual Rows": 148922,
                            "Actual Loops": 2,
                            "Recheck Cond": "(keyword_id < 245)",
                            "Rows Removed by Index Recheck": 0,
                            "Exact Heap Blocks": 12997,
                            "Lossy Heap Blocks": 0,
                            "Plans": [
                              {
                                "Node Type": "Bitmap Index Scan",
                                "Parent Relationship": "Outer",
                                "Parallel Aware": false,
                                "Index Name": "keyword_id_movie_keyword",
                                "Startup Cost": 0.0,
                                "Total Cost": 5904.17,
                                "Plan Rows": 281565,
                                "Plan Width": 0,
                                "Actual Startup Time": 16.364,
                                "Actual Total Time": 16.365,
                                "Actual Rows": 297845,
                                "Actual Loops": 1,
                                "Index Cond": "(keyword_id < 245)"
                              }
                            ]
                          },
                          {
                            "Node Type": "Hash",
                            "Parent Relationship": "Inner",
                            "Parallel Aware": true,
                            "Startup Cost": 50870.31,
                            "Total Cost": 50870.31,
                            "Plan Rows": 1487231,
                            "Plan Width": 4,
                            "Actual Startup Time": 525.648,
                            "Actual Total Time": 525.649,
                            "Actual Rows": 1264156,
                            "Actual Loops": 2,
                            "Hash Buckets": 4194304,
                            "Original Hash Buckets": 4194304,
                            "Hash Batches": 1,
                            "Original Hash Batches": 1,
                            "Peak Memory Usage": 131712,
                            "Plans": [
                              {
                                "Node Type": "Seq Scan",
                                "Parent Relationship": "Outer",
                                "Parallel Aware": true,
                                "Relation Name": "title",
                                "Alias": "t",
                                "Startup Cost": 0.0,
                                "Total Cost": 50870.31,
                                "Plan Rows": 1487231,
                                "Plan Width": 4,
                                "Actual Startup Time": 0.036,
                                "Actual Total Time": 155.745,
                                "Actual Rows": 1264156,
                                "Actual Loops": 2
                              }
                            ]
                          }
                        ]
                      }
                    ]
                  }
                ]
              }
            ]
          }
        ]
      }
    ]
  },
  "Planning Time": 1.14,
  "Triggers": [],
  "Execution Time": 5153.748
}