[
  {
    "Plan": {
      "Node Type": "Aggregate",
      "Strategy": "Plain",
      "Partial Mode": "Finalize",
      "Parallel Aware": false,
      "Startup Cost": 124311.02,
      "Total Cost": 124311.03,
      "Plan Rows": 1,
      "Plan Width": 8,
      "Actual Startup Time": 920.068,
      "Actual Total Time": 937.816,
      "Actual Rows": 1,
      "Actual Loops": 1,
      "Plans": [
        {
          "Node Type": "Gather",
          "Parent Relationship": "Outer",
          "Parallel Aware": false,
          "Startup Cost": 124310.7,
          "Total Cost": 124311.01,
          "Plan Rows": 3,
          "Plan Width": 8,
          "Actual Startup Time": 915.552,
          "Actual Total Time": 937.801,
          "Actual Rows": 4,
          "Actual Loops": 1,
          "Workers Planned": 3,
          "Workers Launched": 3,
          "Single Copy": false,
          "Plans": [
            {
              "Node Type": "Aggregate",
              "Strategy": "Plain",
              "Partial Mode": "Partial",
              "Parent Relationship": "Outer",
              "Parallel Aware": false,
              "Startup Cost": 123310.7,
              "Total Cost": 123310.71,
              "Plan Rows": 1,
              "Plan Width": 8,
              "Actual Startup Time": 906.871,
              "Actual Total Time": 907.058,
              "Actual Rows": 1,
              "Actual Loops": 4,
              "Plans": [
                {
                  "Node Type": "Hash Join",
                  "Parent Relationship": "Outer",
                  "Parallel Aware": true,
                  "Join Type": "Inner",
                  "Startup Cost": 77044.87,
                  "Total Cost": 122548.36,
                  "Plan Rows": 304937,
                  "Plan Width": 0,
                  "Actual Startup Time": 438.942,
                  "Actual Total Time": 809.337,
                  "Actual Rows": 2238103,
                  "Actual Loops": 4,
                  "Inner Unique": false,
                  "Hash Cond": "(mk.movie_id = t.id)",
                  "Plans": [
                    {
                      "Node Type": "Seq Scan",
                      "Parent Relationship": "Outer",
                      "Parallel Aware": true,
                      "Relation Name": "movie_keyword",
                      "Alias": "mk",
                      "Startup Cost": 0.0,
                      "Total Cost": 39047.32,
                      "Plan Rows": 1459332,
                      "Plan Width": 4,
                      "Actual Startup Time": 0.063,
                      "Actual Total Time": 90.407,
                      "Actual Rows": 1130982,
                      "Actual Loops": 4
                    },
                    {
                      "Node Type": "Hash",
                      "Parent Relationship": "Inner",
                      "Parallel Aware": true,
                      "Startup Cost": 74914.61,
                      "Total Cost": 74914.61,
                      "Plan Rows": 170421,
                      "Plan Width": 8,
                      "Actual Startup Time": 433.607,
                      "Actual Total Time": 433.791,
                      "Actual Rows": 214476,
                      "Actual Loops": 4,
                      "Hash Buckets": 1048576,
                      "Original Hash Buckets": 1048576,
                      "Hash Batches": 1,
                      "Original Hash Batches": 1,
                      "Peak Memory Usage": 41824,
                      "Plans": [
                        {
                          "Node Type": "Hash Join",
                          "Parent Relationship": "Outer",
                          "Parallel Aware": true,
                          "Join Type": "Inner",
                          "Startup Cost": 45498.72,
                          "Total Cost": 74914.61,
                          "Plan Rows": 170421,
                          "Plan Width": 8,
                          "Actual Startup Time": 156.271,
                          "Actual Total Time": 360.714,
                          "Actual Rows": 214476,
                          "Actual Loops": 4,
                          "Inner Unique": true,
                          "Hash Cond": "(mc.movie_id = t.id)",
                          "Plans": [
                            {
                              "Node Type": "Seq Scan",
                              "Parent Relationship": "Outer",
                              "Parallel Aware": true,
                              "Relation Name": "movie_companies",
                              "Alias": "mc",
                              "Startup Cost": 0.0,
                              "Total Cost": 27206.55,
                              "Plan Rows": 841655,
                              "Plan Width": 4,
                              "Actual Startup Time": 0.022,
                              "Actual Total Time": 60.58,
                              "Actual Rows": 652282,
                              "Actual Loops": 4
                            },
                            {
                              "Node Type": "Hash",
                              "Parent Relationship": "Inner",
                              "Parallel Aware": true,
                              "Startup Cost": 43898.92,
                              "Total Cost": 43898.92,
                              "Plan Rows": 127984,
                              "Plan Width": 4,
                              "Actual Startup Time": 154.501,
                              "Actual Total Time": 154.505,
                              "Actual Rows": 130934,
                              "Actual Loops": 4,
                              "Hash Buckets": 524288,
                              "Original Hash Buckets": 524288,
                              "Hash Batches": 1,
                              "Original Hash Batches": 1,
                              "Peak Memory Usage": 24640,
                              "Plans": [
                                {
                                  "Node Type": "Seq Scan",
                                  "Parent Relationship": "Outer",
                                  "Parallel Aware": true,
                                  "Relation Name": "title",
                                  "Alias": "t",
                                  "Startup Cost": 0.0,
                                  "Total Cost": 43898.92,
                                  "Plan Rows": 127984,
                                  "Plan Width": 4,
                                  "Actual Startup Time": 0.052,
                                  "Actual Total Time": 103.939,
                                  "Actual Rows": 130934,
                                  "Actual Loops": 4,
                                  "Filter": "(production_year < 1981)",
                                  "Rows Removed by Filter": 501144
                                }
                              ]
                            }
                          ]
                        }
                      ]
                    }
                  ]
                }
              ]
            }
          ]
        }
      ]
    },
    "Planning Time": 1.446,
    "Triggers": [],
    "Execution Time": 937.921
  }
]