{
  "Plan": {
    "Node Type": "Aggregate",
    "Strategy": "Plain",
    "Partial Mode": "Finalize",
    "Parallel Aware": false,
    "Startup Cost": 979688.21,
    "Total Cost": 979688.22,
    "Plan Rows": 1,
    "Plan Width": 8,
    "Actual Startup Time": 15208.905,
    "Actual Total Time": 15337.308,
    "Actual Rows": 1,
    "Actual Loops": 1,
    "Plans": [
      {
        "Node Type": "Gather",
        "Parent Relationship": "Outer",
        "Parallel Aware": false,
        "Startup Cost": 979688.1,
        "Total Cost": 979688.21,
        "Plan Rows": 1,
        "Plan Width": 8,
        "Actual Startup Time": 15188.454,
        "Actual Total Time": 15337.3,
        "Actual Rows": 2,
        "Actual Loops": 1,
        "Workers Planned": 1,
        "Workers Launched": 1,
        "Single Copy": false,
        "Plans": [
          {
            "Node Type": "Aggregate",
            "Strategy": "Plain",
            "Partial Mode": "Partial",
            "Parent Relationship": "Outer",
            "Parallel Aware": false,
            "Startup Cost": 978688.1,
            "Total Cost": 978688.11,
            "Plan Rows": 1,
            "Plan Width": 8,
            "Actual Startup Time": 15132.481,
            "Actual Total Time": 15132.489,
            "Actual Rows": 1,
            "Actual Loops": 2,
            "Plans": [
              {
                "Node Type": "Hash Join",
                "Parent Relationship": "Outer",
                "Parallel Aware": true,
                "Join Type": "Inner",
                "Startup Cost": 739519.81,
                "Total Cost": 935961.97,
                "Plan Rows": 17090451,
                "Plan Width": 0,
                "Actual Startup Time": 9246.742,
                "Actual Total Time": 13197.082,
                "Actual Rows": 46983002,
                "Actual Loops": 2,
                "Inner Unique": false,
                "Hash Cond": "(mk.movie_id = t.id)",
                "Plans": [
                  {
                    "Node Type": "Seq Scan",
                    "Parent Relationship": "Outer",
                    "Parallel Aware": true,
                    "Relation Name": "movie_keyword",
                    "Alias": "mk",
                    "Startup Cost": 0.0,
                    "Total Cost": 57718.19,
                    "Plan Rows": 2546128,
                    "Plan Width": 4,
                    "Actual Startup Time": 0.021,
                    "Actual Total Time": 207.989,
                    "Actual Rows": 2157812,
                    "Actual Loops": 2,
                    "Filter": "(keyword_id > 137)",
                    "Rows Removed by Filter": 104152
                  },
                  {
                    "Node Type": "Hash",
                    "Parent Relationship": "Inner",
                    "Parallel Aware": true,
                    "Startup Cost": 614735.0,
                    "Total Cost": 614735.0,
                    "Plan Rows": 9982785,
                    "Plan Width": 8,
                    "Actual Startup Time": 9137.508,
                    "Actual Total Time": 9137.513,
                    "Actual Rows": 8448514,
                    "Actual Loops": 2,
                    "Hash Buckets": 33554432,
                    "Original Hash Buckets": 33554432,
                    "Hash Batches": 1,
                    "Original Hash Batches": 1,
                    "Peak Memory Usage": 923168,
                    "Plans": [
                      {
                        "Node Type": "Hash Join",
                        "Parent Relationship": "Outer",
                        "Parallel Aware": true,
                        "Join Type": "Inner",
                        "Startup Cost": 69460.7,
                        "Total Cost": 614735.0,
                        "Plan Rows": 9982785,
                        "Plan Width": 8,
                        "Actual Startup Time": 955.848,
                        "Actual Total Time": 6166.974,
                        "Actual Rows": 8448514,
                        "Actual Loops": 2,
                        "Inner Unique": true,
                        "Hash Cond": "(ci.movie_id = t.id)",
                        "Plans": [
                          {
                            "Node Type": "Seq Scan",
                            "Parent Relationship": "Outer",
                            "Parallel Aware": true,
                            "Relation Name": "cast_info",
                            "Alias": "ci",
                            "Startup Cost": 0.0,
                            "Total Cost": 519069.44,
                            "Plan Rows": 9982785,
                            "Plan Width": 4,
                            "Actual Startup Time": 428.836,
                            "Actual Total Time": 1471.809,
                            "Actual Rows": 8448514,
                            "Actual Loops": 2,
                            "Filter": "(person_id > 1935568)",
                            "Rows Removed by Filter": 9673658
                          },
                          {
                            "Node Type": "Hash",
                            "Parent Relationship": "Inner",
                            "Parallel Aware": true,
                            "Startup Cost": 50870.31,
                            "Total Cost": 50870.31,
                            "Plan Rows": 1487231,
                            "Plan Width": 4,
                            "Actual Startup Time": 514.765,
                            "Actual Total Time": 514.767,
                            "Actual Rows": 1264156,
                            "Actual Loops": 2,
                            "Hash Buckets": 4194304,
                            "Original Hash Buckets": 4194304,
                            "Hash Batches": 1,
                            "Original Hash Batches": 1,
                            "Peak Memory Usage": 131712,
                            "Plans": [
                              {
                                "Node Type": "Seq Scan",
                                "Parent Relationship": "Outer",
                                "Parallel Aware": true,
                                "Relation Name": "title",
                                "Alias": "t",
                                "Startup Cost": 0.0,
                                "Total Cost": 50870.31,
                                "Plan Rows": 1487231,
                                "Plan Width": 4,
                                "Actual Startup Time": 0.039,
                                "Actual Total Time": 146.37,
                                "Actual Rows": 1264156,
                                "Actual Loops": 2
                              }
                            ]
                          }
                        ]
                      }
                    ]
                  }
                ]
              }
            ]
          }
        ]
      }
    ]
  },
  "Planning Time": 0.869,
  "Triggers": [],
  "Execution Time": 15337.39
}