[
  {
    "Plan": {
      "Node Type": "Aggregate",
      "Strategy": "Plain",
      "Partial Mode": "Finalize",
      "Parallel Aware": false,
      "Startup Cost": 46662.18,
      "Total Cost": 46662.19,
      "Plan Rows": 1,
      "Plan Width": 8,
      "Actual Startup Time": 169.394,
      "Actual Total Time": 180.273,
      "Actual Rows": 1,
      "Actual Loops": 1,
      "Plans": [
        {
          "Node Type": "Gather",
          "Parent Relationship": "Outer",
          "Parallel Aware": false,
          "Startup Cost": 46661.86,
          "Total Cost": 46662.17,
          "Plan Rows": 3,
          "Plan Width": 8,
          "Actual Startup Time": 169.241,
          "Actual Total Time": 180.263,
          "Actual Rows": 4,
          "Actual Loops": 1,
          "Workers Planned": 3,
          "Workers Launched": 3,
          "Single Copy": false,
          "Plans": [
            {
              "Node Type": "Aggregate",
              "Strategy": "Plain",
              "Partial Mode": "Partial",
              "Parent Relationship": "Outer",
              "Parallel Aware": false,
              "Startup Cost": 45661.86,
              "Total Cost": 45661.87,
              "Plan Rows": 1,
              "Plan Width": 8,
              "Actual Startup Time": 160.63,
              "Actual Total Time": 160.632,
              "Actual Rows": 1,
              "Actual Loops": 4,
              "Plans": [
                {
                  "Node Type": "Seq Scan",
                  "Parent Relationship": "Outer",
                  "Parallel Aware": true,
                  "Relation Name": "movie_keyword",
                  "Alias": "mk",
                  "Startup Cost": 0.0,
                  "Total Cost": 42695.65,
                  "Plan Rows": 1186482,
                  "Plan Width": 0,
                  "Actual Startup Time": 0.061,
                  "Actual Total Time": 119.094,
                  "Actual Rows": 920937,
                  "Actual Loops": 4,
                  "Filter": "(keyword_id < 21864)",
                  "Rows Removed by Filter": 210045
                }
              ]
            }
          ]
        }
      ]
    },
    "Planning Time": 0.159,
    "Triggers": [],
    "Execution Time": 180.322
  }
]