[
  {
    "Plan": {
      "Node Type": "Aggregate",
      "Strategy": "Plain",
      "Partial Mode": "Finalize",
      "Parallel Aware": false,
      "Startup Cost": 46659.48,
      "Total Cost": 46659.49,
      "Plan Rows": 1,
      "Plan Width": 8,
      "Actual Startup Time": 173.547,
      "Actual Total Time": 181.556,
      "Actual Rows": 1,
      "Actual Loops": 1,
      "Plans": [
        {
          "Node Type": "Gather",
          "Parent Relationship": "Outer",
          "Parallel Aware": false,
          "Startup Cost": 46659.16,
          "Total Cost": 46659.47,
          "Plan Rows": 3,
          "Plan Width": 8,
          "Actual Startup Time": 173.428,
          "Actual Total Time": 181.547,
          "Actual Rows": 4,
          "Actual Loops": 1,
          "Workers Planned": 3,
          "Workers Launched": 3,
          "Single Copy": false,
          "Plans": [
            {
              "Node Type": "Aggregate",
              "Strategy": "Plain",
              "Partial Mode": "Partial",
              "Parent Relationship": "Outer",
              "Parallel Aware": false,
              "Startup Cost": 45659.16,
              "Total Cost": 45659.17,
              "Plan Rows": 1,
              "Plan Width": 8,
              "Actual Startup Time": 167.78,
              "Actual Total Time": 167.781,
              "Actual Rows": 1,
              "Actual Loops": 4,
              "Plans": [
                {
                  "Node Type": "Seq Scan",
                  "Parent Relationship": "Outer",
                  "Parallel Aware": true,
                  "Relation Name": "movie_keyword",
                  "Alias": "mk",
                  "Startup Cost": 0.0,
                  "Total Cost": 42695.65,
                  "Plan Rows": 1185403,
                  "Plan Width": 0,
                  "Actual Startup Time": 0.045,
                  "Actual Total Time": 125.06,
                  "Actual Rows": 920937,
                  "Actual Loops": 4,
                  "Filter": "(keyword_id < 21864)",
                  "Rows Removed by Filter": 210045
                }
              ]
            }
          ]
        }
      ]
    },
    "Planning Time": 0.187,
    "Triggers": [],
    "Execution Time": 181.614
  }
]