[
  {
    "Plan": {
      "Node Type": "Aggregate",
      "Strategy": "Plain",
      "Partial Mode": "Finalize",
      "Parallel Aware": false,
      "Startup Cost": 105986.44,
      "Total Cost": 105986.45,
      "Plan Rows": 1,
      "Plan Width": 8,
      "Actual Startup Time": 254.19,
      "Actual Total Time": 274.954,
      "Actual Rows": 1,
      "Actual Loops": 1,
      "Plans": [
        {
          "Node Type": "Gather",
          "Parent Relationship": "Outer",
          "Parallel Aware": false,
          "Startup Cost": 105986.12,
          "Total Cost": 105986.43,
          "Plan Rows": 3,
          "Plan Width": 8,
          "Actual Startup Time": 253.535,
          "Actual Total Time": 274.945,
          "Actual Rows": 4,
          "Actual Loops": 1,
          "Workers Planned": 3,
          "Workers Launched": 3,
          "Single Copy": false,
          "Plans": [
            {
              "Node Type": "Aggregate",
              "Strategy": "Plain",
              "Partial Mode": "Partial",
              "Parent Relationship": "Outer",
              "Parallel Aware": false,
              "Startup Cost": 104986.12,
              "Total Cost": 104986.13,
              "Plan Rows": 1,
              "Plan Width": 8,
              "Actual Startup Time": 246.0,
              "Actual Total Time": 246.005,
              "Actual Rows": 1,
              "Actual Loops": 4,
              "Plans": [
                {
                  "Node Type": "Nested Loop",
                  "Parent Relationship": "Outer",
                  "Parallel Aware": false,
                  "Join Type": "Inner",
                  "Startup Cost": 58915.54,
                  "Total Cost": 104897.27,
                  "Plan Rows": 35541,
                  "Plan Width": 0,
                  "Actual Startup Time": 141.565,
                  "Actual Total Time": 245.205,
                  "Actual Rows": 11064,
                  "Actual Loops": 4,
                  "Inner Unique": false,
                  "Join Filter": "(t.id = mi.movie_id)",
                  "Rows Removed by Join Filter": 0,
                  "Plans": [
                    {
                      "Node Type": "Hash Join",
                      "Parent Relationship": "Outer",
                      "Parallel Aware": true,
                      "Join Type": "Inner",
                      "Startup Cost": 58915.1,
                      "Total Cost": 86404.01,
                      "Plan Rows": 6053,
                      "Plan Width": 8,
                      "Actual Startup Time": 141.43,
                      "Actual Total Time": 226.804,
                      "Actual Rows": 1268,
                      "Actual Loops": 4,
                      "Inner Unique": true,
                      "Hash Cond": "(mk.movie_id = t.id)",
                      "Plans": [
                        {
                          "Node Type": "Bitmap Heap Scan",
                          "Parent Relationship": "Outer",
                          "Parallel Aware": true,
                          "Relation Name": "movie_keyword",
                          "Alias": "mk",
                          "Startup Cost": 13197.16,
                          "Total Cost": 40159.35,
                          "Plan Rows": 200655,
                          "Plan Width": 4,
                          "Actual Startup Time": 33.674,
                          "Actual Total Time": 95.306,
                          "Actual Rows": 158212,
                          "Actual Loops": 4,
                          "Recheck Cond": "(keyword_id < 495)",
                          "Rows Removed by Index Recheck": 0,
                          "Exact Heap Blocks": 9683,
                          "Lossy Heap Blocks": 0,
                          "Plans": [
                            {
                              "Node Type": "Bitmap Index Scan",
                              "Parent Relationship": "Outer",
                              "Parallel Aware": false,
                              "Index Name": "keyword_id_movie_keyword",
                              "Startup Cost": 0.0,
                              "Total Cost": 13041.66,
                              "Plan Rows": 622030,
                              "Plan Width": 0,
                              "Actual Startup Time": 30.12,
                              "Actual Total Time": 30.121,
                              "Actual Rows": 632848,
                              "Actual Loops": 1,
                              "Index Cond": "(keyword_id < 495)"
                            }
                          ]
                        },
                        {
                          "Node Type": "Hash",
                          "Parent Relationship": "Inner",
                          "Parallel Aware": true,
                          "Startup Cost": 45479.59,
                          "Total Cost": 45479.59,
                          "Plan Rows": 19068,
                          "Plan Width": 4,
                          "Actual Startup Time": 106.949,
                          "Actual Total Time": 106.95,
                          "Actual Rows": 21027,
                          "Actual Loops": 4,
                          "Hash Buckets": 131072,
                          "Original Hash Buckets": 131072,
                          "Hash Batches": 1,
                          "Original Hash Batches": 1,
                          "Peak Memory Usage": 4384,
                          "Plans": [
                            {
                              "Node Type": "Seq Scan",
                              "Parent Relationship": "Outer",
                              "Parallel Aware": true,
                              "Relation Name": "title",
                              "Alias": "t",
                              "Startup Cost": 0.0,
                              "Total Cost": 45479.59,
                              "Plan Rows": 19068,
                              "Plan Width": 4,
                              "Actual Startup Time": 0.042,
                              "Actual Total Time": 98.702,
                              "Actual Rows": 21027,
                              "Actual Loops": 4,
                              "Filter": "((kind_id = 7) AND (production_year = 2008))",
                              "Rows Removed by Filter": 611051
                            }
                          ]
                        }
                      ]
                    },
                    {
                      "Node Type": "Index Only Scan",
                      "Parent Relationship": "Inner",
                      "Parallel Aware": false,
                      "Scan Direction": "Forward",
                      "Index Name": "movie_id_movie_info",
                      "Relation Name": "movie_info",
                      "Alias": "mi",
                      "Startup Cost": 0.43,
                      "Total Cost": 2.54,
                      "Plan Rows": 41,
                      "Plan Width": 4,
                      "Actual Startup Time": 0.006,
                      "Actual Total Time": 0.013,
                      "Actual Rows": 9,
                      "Actual Loops": 5072,
                      "Index Cond": "(movie_id = mk.movie_id)",
                      "Rows Removed by Index Recheck": 0,
                      "Heap Fetches": 44257
                    }
                  ]
                }
              ]
            }
          ]
        }
      ]
    },
    "Planning Time": 0.649,
    "Triggers": [],
    "Execution Time": 275.031
  }
]