{
  "Plan": {
    "Node Type": "Aggregate",
    "Strategy": "Plain",
    "Partial Mode": "Finalize",
    "Parallel Aware": false,
    "Startup Cost": 404433.64,
    "Total Cost": 404433.65,
    "Plan Rows": 1,
    "Plan Width": 8,
    "Actual Startup Time": 2105.427,
    "Actual Total Time": 2189.466,
    "Actual Rows": 1,
    "Actual Loops": 1,
    "Plans": [
      {
        "Node Type": "Gather",
        "Parent Relationship": "Outer",
        "Parallel Aware": false,
        "Startup Cost": 404433.53,
        "Total Cost": 404433.64,
        "Plan Rows": 1,
        "Plan Width": 8,
        "Actual Startup Time": 2105.238,
        "Actual Total Time": 2189.456,
        "Actual Rows": 2,
        "Actual Loops": 1,
        "Workers Planned": 1,
        "Workers Launched": 1,
        "Single Copy": false,
        "Plans": [
          {
            "Node Type": "Aggregate",
            "Strategy": "Plain",
            "Partial Mode": "Partial",
            "Parent Relationship": "Outer",
            "Parallel Aware": false,
            "Startup Cost": 403433.53,
            "Total Cost": 403433.54,
            "Plan Rows": 1,
            "Plan Width": 8,
            "Actual Startup Time": 2098.786,
            "Actual Total Time": 2098.79,
            "Actual Rows": 1,
            "Actual Loops": 2,
            "Plans": [
              {
                "Node Type": "Nested Loop",
                "Parent Relationship": "Outer",
                "Parallel Aware": false,
                "Join Type": "Inner",
                "Startup Cost": 54701.12,
                "Total Cost": 402607.21,
                "Plan Rows": 330529,
                "Plan Width": 0,
                "Actual Startup Time": 185.011,
                "Actual Total Time": 2076.391,
                "Actual Rows": 486203,
                "Actual Loops": 2,
                "Inner Unique": false,
                "Join Filter": "(t.id = ci.movie_id)",
                "Rows Removed by Join Filter": 0,
                "Plans": [
                  {
                    "Node Type": "Hash Join",
                    "Parent Relationship": "Outer",
                    "Parallel Aware": true,
                    "Join Type": "Inner",
                    "Startup Cost": 54700.55,
                    "Total Cost": 340704.5,
                    "Plan Rows": 35183,
                    "Plan Width": 8,
                    "Actual Startup Time": 184.909,
                    "Actual Total Time": 1264.054,
                    "Actual Rows": 31348,
                    "Actual Loops": 2,
                    "Inner Unique": true,
                    "Hash Cond": "(mi.movie_id = t.id)",
                    "Plans": [
                      {
                        "Node Type": "Seq Scan",
                        "Parent Relationship": "Outer",
                        "Parallel Aware": true,
                        "Relation Name": "movie_info",
                        "Alias": "mi",
                        "Startup Cost": 0.0,
                        "Total Cost": 270696.42,
                        "Plan Rows": 5831431,
                        "Plan Width": 4,
                        "Actual Startup Time": 35.127,
                        "Actual Total Time": 737.399,
                        "Actual Rows": 4955877,
                        "Actual Loops": 2,
                        "Filter": "(info_type_id > 4)",
                        "Rows Removed by Filter": 2461983
                      },
                      {
                        "Node Type": "Hash",
                        "Parent Relationship": "Inner",
                        "Parallel Aware": true,
                        "Startup Cost": 54588.39,
                        "Total Cost": 54588.39,
                        "Plan Rows": 8973,
                        "Plan Width": 4,
                        "Actual Startup Time": 148.56,
                        "Actual Total Time": 148.561,
                        "Actual Rows": 6997,
                        "Actual Loops": 2,
                        "Hash Buckets": 16384,
                        "Original Hash Buckets": 16384,
                        "Hash Batches": 1,
                        "Original Hash Batches": 1,
                        "Peak Memory Usage": 736,
                        "Plans": [
                          {
                            "Node Type": "Seq Scan",
                            "Parent Relationship": "Outer",
                            "Parallel Aware": true,
                            "Relation Name": "title",
                            "Alias": "t",
                            "Startup Cost": 0.0,
                            "Total Cost": 54588.39,
                            "Plan Rows": 8973,
                            "Plan Width": 4,
                            "Actual Startup Time": 0.099,
                            "Actual Total Time": 145.456,
                            "Actual Rows": 6997,
                            "Actual Loops": 2,
                            "Filter": "(production_year = 1976)",
                            "Rows Removed by Filter": 1257159
                          }
                        ]
                      }
                    ]
                  },
                  {
                    "Node Type": "Index Scan",
                    "Parent Relationship": "Inner",
                    "Parallel Aware": false,
                    "Scan Direction": "Forward",
                    "Index Name": "movie_id_cast_info",
                    "Relation Name": "cast_info",
                    "Alias": "ci",
                    "Startup Cost": 0.56,
                    "Total Cost": 1.46,
                    "Plan Rows": 24,
                    "Plan Width": 4,
                    "Actual Startup Time": 0.013,
                    "Actual Total Time": 0.024,
                    "Actual Rows": 16,
                    "Actual Loops": 62697,
                    "Index Cond": "(movie_id = mi.movie_id)",
                    "Rows Removed by Index Recheck": 0,
                    "Filter": "(role_id > 1)",
                    "Rows Removed by Filter": 13
                  }
                ]
              }
            ]
          }
        ]
      }
    ]
  },
  "Planning Time": 0.958,
  "Triggers": [],
  "Execution Time": 2189.565
}