[
  {
    "Plan": {
      "Node Type": "Aggregate",
      "Strategy": "Plain",
      "Partial Mode": "Finalize",
      "Parallel Aware": false,
      "Startup Cost": 41826.7,
      "Total Cost": 41826.71,
      "Plan Rows": 1,
      "Plan Width": 8,
      "Actual Startup Time": 139.038,
      "Actual Total Time": 148.791,
      "Actual Rows": 1,
      "Actual Loops": 1,
      "Plans": [
        {
          "Node Type": "Gather",
          "Parent Relationship": "Outer",
          "Parallel Aware": false,
          "Startup Cost": 41826.39,
          "Total Cost": 41826.7,
          "Plan Rows": 3,
          "Plan Width": 8,
          "Actual Startup Time": 138.797,
          "Actual Total Time": 148.782,
          "Actual Rows": 4,
          "Actual Loops": 1,
          "Workers Planned": 3,
          "Workers Launched": 3,
          "Single Copy": false,
          "Plans": [
            {
              "Node Type": "Aggregate",
              "Strategy": "Plain",
              "Partial Mode": "Partial",
              "Parent Relationship": "Outer",
              "Parallel Aware": false,
              "Startup Cost": 40826.39,
              "Total Cost": 40826.4,
              "Plan Rows": 1,
              "Plan Width": 8,
              "Actual Startup Time": 133.815,
              "Actual Total Time": 133.817,
              "Actual Rows": 1,
              "Actual Loops": 4,
              "Plans": [
                {
                  "Node Type": "Bitmap Heap Scan",
                  "Parent Relationship": "Outer",
                  "Parallel Aware": true,
                  "Relation Name": "movie_keyword",
                  "Alias": "mk",
                  "Startup Cost": 13331.28,
                  "Total Cost": 40319.53,
                  "Plan Rows": 202741,
                  "Plan Width": 0,
                  "Actual Startup Time": 47.284,
                  "Actual Total Time": 124.67,
                  "Actual Rows": 159910,
                  "Actual Loops": 4,
                  "Recheck Cond": "(keyword_id < 496)",
                  "Rows Removed by Index Recheck": 0,
                  "Exact Heap Blocks": 10996,
                  "Lossy Heap Blocks": 0,
                  "Plans": [
                    {
                      "Node Type": "Bitmap Index Scan",
                      "Parent Relationship": "Outer",
                      "Parallel Aware": false,
                      "Index Name": "keyword_id_movie_keyword",
                      "Startup Cost": 0.0,
                      "Total Cost": 13174.15,
                      "Plan Rows": 628496,
                      "Plan Width": 0,
                      "Actual Startup Time": 48.042,
                      "Actual Total Time": 48.043,
                      "Actual Rows": 639638,
                      "Actual Loops": 1,
                      "Index Cond": "(keyword_id < 496)"
                    }
                  ]
                }
              ]
            }
          ]
        }
      ]
    },
    "Planning Time": 0.118,
    "Triggers": [],
    "Execution Time": 148.841
  }
]