{
  "Plan": {
    "Node Type": "Aggregate",
    "Strategy": "Plain",
    "Partial Mode": "Finalize",
    "Parallel Aware": false,
    "Startup Cost": 689715.76,
    "Total Cost": 689715.77,
    "Plan Rows": 1,
    "Plan Width": 128,
    "Actual Startup Time": 2703.314,
    "Actual Total Time": 2778.527,
    "Actual Rows": 1,
    "Actual Loops": 1,
    "Plans": [
      {
        "Node Type": "Gather",
        "Parent Relationship": "Outer",
        "Parallel Aware": false,
        "Startup Cost": 689715.64,
        "Total Cost": 689715.75,
        "Plan Rows": 1,
        "Plan Width": 128,
        "Actual Startup Time": 2703.305,
        "Actual Total Time": 2778.519,
        "Actual Rows": 2,
        "Actual Loops": 1,
        "Workers Planned": 1,
        "Workers Launched": 1,
        "Single Copy": false,
        "Plans": [
          {
            "Node Type": "Aggregate",
            "Strategy": "Plain",
            "Partial Mode": "Partial",
            "Parent Relationship": "Outer",
            "Parallel Aware": false,
            "Startup Cost": 688715.64,
            "Total Cost": 688715.65,
            "Plan Rows": 1,
            "Plan Width": 128,
            "Actual Startup Time": 2691.201,
            "Actual Total Time": 2691.21,
            "Actual Rows": 1,
            "Actual Loops": 2,
            "Plans": [
              {
                "Node Type": "Nested Loop",
                "Parent Relationship": "Outer",
                "Parallel Aware": false,
                "Join Type": "Inner",
                "Startup Cost": 688676.15,
                "Total Cost": 688714.95,
                "Plan Rows": 69,
                "Plan Width": 64,
                "Actual Startup Time": 2669.807,
                "Actual Total Time": 2689.716,
                "Actual Rows": 9759,
                "Actual Loops": 2,
                "Inner Unique": true,
                "Plans": [
                  {
                    "Node Type": "Merge Join",
                    "Parent Relationship": "Outer",
                    "Parallel Aware": false,
                    "Join Type": "Inner",
                    "Startup Cost": 688675.72,
                    "Total Cost": 688680.59,
                    "Plan Rows": 69,
                    "Plan Width": 52,
                    "Actual Startup Time": 2669.747,
                    "Actual Total Time": 2671.862,
                    "Actual Rows": 10214,
                    "Actual Loops": 2,
                    "Inner Unique": true,
                    "Merge Cond": "(ci.role_id = rt.id)",
                    "Plans": [
                      {
                        "Node Type": "Sort",
                        "Parent Relationship": "Outer",
                        "Parallel Aware": false,
                        "Startup Cost": 688674.56,
                        "Total Cost": 688676.64,
                        "Plan Rows": 834,
                        "Plan Width": 56,
                        "Actual Startup Time": 2669.693,
                        "Actual Total Time": 2670.246,
                        "Actual Rows": 10214,
                        "Actual Loops": 2,
                        "Sort Key": [
                          "ci.role_id"
                        ],
                        "Sort Method": "quicksort",
                        "Sort Space Used": 2903,
                        "Sort Space Type": "Memory",
                        "Workers": [
                          {
                            "Worker Number": 0,
                            "Sort Method": "quicksort",
                            "Sort Space Used": 1244,
                            "Sort Space Type": "Memory"
                          }
                        ],
                        "Plans": [
                          {
                            "Node Type": "Nested Loop",
                            "Parent Relationship": "Outer",
                            "Parallel Aware": false,
                            "Join Type": "Inner",
                            "Startup Cost": 92525.92,
                            "Total Cost": 688634.09,
                            "Plan Rows": 834,
                            "Plan Width": 56,
                            "Actual Startup Time": 1021.005,
                            "Actual Total Time": 2664.688,
                            "Actual Rows": 12299,
                            "Actual Loops": 2,
                            "Inner Unique": false,
                            "Join Filter": "(n.id = an.person_id)",
                            "Rows Removed by Join Filter": 0,
                            "Plans": [
                              {
                                "Node Type": "Nested Loop",
                                "Parent Relationship": "Outer",
                                "Parallel Aware": false,
                                "Join Type": "Inner",
                                "Startup Cost": 92525.49,
                                "Total Cost": 686706.33,
                                "Plan Rows": 3852,
                                "Plan Width": 48,
                                "Actual Startup Time": 1020.426,
                                "Actual Total Time": 2638.719,
                                "Actual Rows": 11400,
                                "Actual Loops": 2,
                                "Inner Unique": true,
                                "Plans": [
                                  {
                                    "Node Type": "Nested Loop",
                                    "Parent Relationship": "Outer",
                                    "Parallel Aware": false,
                                    "Join Type": "Inner",
                                    "Startup Cost": 92525.07,
                                    "Total Cost": 681969.5,
                                    "Plan Rows": 10622,
                                    "Plan Width": 52,
                                    "Actual Startup Time": 1020.377,
                                    "Actual Total Time": 2575.188,
                                    "Actual Rows": 24742,
                                    "Actual Loops": 2,
                                    "Inner Unique": false,
                                    "Plans": [
                                      {
                                        "Node Type": "Nested Loop",
                                        "Parent Relationship": "Outer",
                                        "Parallel Aware": false,
                                        "Join Type": "Inner",
                                        "Startup Cost": 92524.64,
                                        "Total Cost": 675821.04,
                                        "Plan Rows": 10292,
                                        "Plan Width": 56,
                                        "Actual Startup Time": 1020.301,
                                        "Actual Total Time": 2526.814,
                                        "Actual Rows": 7072,
                                        "Actual Loops": 2,
                                        "Inner Unique": true,
                                        "Plans": [
                                          {
                                            "Node Type": "Hash Join",
                                            "Parent Relationship": "Outer",
                                            "Parallel Aware": true,
                                            "Join Type": "Inner",
                                            "Startup Cost": 92524.21,
                                            "Total Cost": 670726.19,
                                            "Plan Rows": 10292,
                                            "Plan Width": 35,
                                            "Actual Startup Time": 1020.227,
                                            "Actual Total Time": 2477.533,
                                            "Actual Rows": 7072,
                                            "Actual Loops": 2,
                                            "Inner Unique": true,
                                            "Hash Cond": "(ci.person_id = n.id)",
                                            "Plans": [
                                              {
                                                "Node Type": "Seq Scan",
                                                "Parent Relationship": "Outer",
                                                "Parallel Aware": true,
                                                "Relation Name": "cast_info",
                                                "Alias": "ci",
                                                "Startup Cost": 0.0,
                                                "Total Cost": 572354.19,
                                                "Plan Rows": 2227725,
                                                "Plan Width": 16,
                                                "Actual Startup Time": 0.023,
                                                "Actual Total Time": 1946.27,
                                                "Actual Rows": 1882410,
                                                "Actual Loops": 2,
                                                "Filter": "(note = ANY ('{(producer),(voice),(uncredited),\"(executive producer)\"}'::text[]))",
                                                "Rows Removed by Filter": 16239762
                                              },
                                              {
                                                "Node Type": "Hash",
                                                "Parent Relationship": "Inner",
                                                "Parallel Aware": true,
                                                "Startup Cost": 92382.65,
                                                "Total Cost": 92382.65,
                                                "Plan Rows": 11325,
                                                "Plan Width": 19,
                                                "Actual Startup Time": 347.964,
                                                "Actual Total Time": 347.965,
                                                "Actual Rows": 13938,
                                                "Actual Loops": 2,
                                                "Hash Buckets": 32768,
                                                "Original Hash Buckets": 32768,
                                                "Hash Batches": 1,
                                                "Original Hash Batches": 1,
                                                "Peak Memory Usage": 1824,
                                                "Plans": [
                                                  {
                                                    "Node Type": "Seq Scan",
                                                    "Parent Relationship": "Outer",
                                                    "Parallel Aware": true,
                                                    "Relation Name": "name",
                                                    "Alias": "n",
                                                    "Startup Cost": 0.0,
                                                    "Total Cost": 92382.65,
                                                    "Plan Rows": 11325,
                                                    "Plan Width": 19,
                                                    "Actual Startup Time": 151.511,
                                                    "Actual Total Time": 341.78,
                                                    "Actual Rows": 13938,
                                                    "Actual Loops": 2,
                                                    "Filter": "((name ~~ '%Al%'::text) AND ((gender)::text = 'f'::text))",
                                                    "Rows Removed by Filter": 2069807
                                                  }
                                                ]
                                              }
                                            ]
                                          },
                                          {
                                            "Node Type": "Index Scan",
                                            "Parent Relationship": "Inner",
                                            "Parallel Aware": false,
                                            "Scan Direction": "Forward",
                                            "Index Name": "title_pkey",
                                            "Relation Name": "title",
                                            "Alias": "t",
                                            "Startup Cost": 0.43,
                                            "Total Cost": 0.5,
                                            "Plan Rows": 1,
                                            "Plan Width": 21,
                                            "Actual Startup Time": 0.006,
                                            "Actual Total Time": 0.006,
                                            "Actual Rows": 1,
                                            "Actual Loops": 14145,
                                            "Index Cond": "(id = ci.movie_id)",
                                            "Rows Removed by Index Recheck": 0
                                          }
                                        ]
                                      },
                                      {
                                        "Node Type": "Index Scan",
                                        "Parent Relationship": "Inner",
                                        "Parallel Aware": false,
                                        "Scan Direction": "Forward",
                                        "Index Name": "movie_id_movie_companies",
                                        "Relation Name": "movie_companies",
                                        "Alias": "mc",
                                        "Startup Cost": 0.43,
                                        "Total Cost": 0.55,
                                        "Plan Rows": 5,
                                        "Plan Width": 8,
                                        "Actual Startup Time": 0.004,
                                        "Actual Total Time": 0.006,
                                        "Actual Rows": 3,
                                        "Actual Loops": 14145,
                                        "Index Cond": "(movie_id = ci.movie_id)",
                                        "Rows Removed by Index Recheck": 0
                                      }
                                    ]
                                  },
                                  {
                                    "Node Type": "Index Scan",
                                    "Parent Relationship": "Inner",
                                    "Parallel Aware": false,
                                    "Scan Direction": "Forward",
                                    "Index Name": "company_name_pkey",
                                    "Relation Name": "company_name",
                                    "Alias": "cn",
                                    "Startup Cost": 0.42,
                                    "Total Cost": 0.45,
                                    "Plan Rows": 1,
                                    "Plan Width": 4,
                                    "Actual Startup Time": 0.002,
                                    "Actual Total Time": 0.002,
                                    "Actual Rows": 0,
                                    "Actual Loops": 49483,
                                    "Index Cond": "(id = mc.company_id)",
                                    "Rows Removed by Index Recheck": 0,
                                    "Filter": "((country_code)::text = '[us]'::text)",
                                    "Rows Removed by Filter": 1
                                  }
                                ]
                              },
                              {
                                "Node Type": "Index Scan",
                                "Parent Relationship": "Inner",
                                "Parallel Aware": false,
                                "Scan Direction": "Forward",
                                "Index Name": "person_id_aka_name",
                                "Relation Name": "aka_name",
                                "Alias": "an",
                                "Startup Cost": 0.42,
                                "Total Cost": 0.48,
                                "Plan Rows": 2,
                                "Plan Width": 20,
                                "Actual Startup Time": 0.002,
                                "Actual Total Time": 0.002,
                                "Actual Rows": 1,
                                "Actual Loops": 22799,
                                "Index Cond": "(person_id = ci.person_id)",
                                "Rows Removed by Index Recheck": 0
                              }
                            ]
                          }
                        ]
                      },
                      {
                        "Node Type": "Sort",
                        "Parent Relationship": "Inner",
                        "Parallel Aware": false,
                        "Startup Cost": 1.16,
                        "Total Cost": 1.16,
                        "Plan Rows": 1,
                        "Plan Width": 4,
                        "Actual Startup Time": 0.045,
                        "Actual Total Time": 0.045,
                        "Actual Rows": 1,
                        "Actual Loops": 2,
                        "Sort Key": [
                          "rt.id"
                        ],
                        "Sort Method": "quicksort",
                        "Sort Space Used": 25,
                        "Sort Space Type": "Memory",
                        "Workers": [
                          {
                            "Worker Number": 0,
                            "Sort Method": "quicksort",
                            "Sort Space Used": 25,
                            "Sort Space Type": "Memory"
                          }
                        ],
                        "Plans": [
                          {
                            "Node Type": "Seq Scan",
                            "Parent Relationship": "Outer",
                            "Parallel Aware": false,
                            "Relation Name": "role_type",
                            "Alias": "rt",
                            "Startup Cost": 0.0,
                            "Total Cost": 1.15,
                            "Plan Rows": 1,
                            "Plan Width": 4,
                            "Actual Startup Time": 0.027,
                            "Actual Total Time": 0.028,
                            "Actual Rows": 1,
                            "Actual Loops": 2,
                            "Filter": "((role)::text = 'actress'::text)",
                            "Rows Removed by Filter": 11
                          }
                        ]
                      }
                    ]
                  },
                  {
                    "Node Type": "Index Scan",
                    "Parent Relationship": "Inner",
                    "Parallel Aware": false,
                    "Scan Direction": "Forward",
                    "Index Name": "char_name_pkey",
                    "Relation Name": "char_name",
                    "Alias": "chn",
                    "Startup Cost": 0.43,
                    "Total Cost": 0.5,
                    "Plan Rows": 1,
                    "Plan Width": 20,
                    "Actual Startup Time": 0.002,
                    "Actual Total Time": 0.002,
                    "Actual Rows": 1,
                    "Actual Loops": 20427,
                    "Index Cond": "(id = ci.person_role_id)",
                    "Rows Removed by Index Recheck": 0
                  }
                ]
              }
            ]
          }
        ]
      }
    ]
  },
  "Planning Time": 2.48,
  "Triggers": [],
  "Execution Time": 2778.782
}