[
  {
    "Plan": {
      "Node Type": "Aggregate",
      "Strategy": "Plain",
      "Partial Mode": "Finalize",
      "Parallel Aware": false,
      "Startup Cost": 341240.6,
      "Total Cost": 341240.61,
      "Plan Rows": 1,
      "Plan Width": 8,
      "Actual Startup Time": 826.88,
      "Actual Total Time": 883.601,
      "Actual Rows": 1,
      "Actual Loops": 1,
      "Plans": [
        {
          "Node Type": "Gather",
          "Parent Relationship": "Outer",
          "Parallel Aware": false,
          "Startup Cost": 341239.97,
          "Total Cost": 341240.58,
          "Plan Rows": 6,
          "Plan Width": 8,
          "Actual Startup Time": 826.765,
          "Actual Total Time": 883.59,
          "Actual Rows": 7,
          "Actual Loops": 1,
          "Workers Planned": 6,
          "Workers Launched": 6,
          "Single Copy": false,
          "Plans": [
            {
              "Node Type": "Aggregate",
              "Strategy": "Plain",
              "Partial Mode": "Partial",
              "Parent Relationship": "Outer",
              "Parallel Aware": false,
              "Startup Cost": 340239.97,
              "Total Cost": 340239.98,
              "Plan Rows": 1,
              "Plan Width": 8,
              "Actual Startup Time": 818.512,
              "Actual Total Time": 818.513,
              "Actual Rows": 1,
              "Actual Loops": 7,
              "Plans": [
                {
                  "Node Type": "Seq Scan",
                  "Parent Relationship": "Outer",
                  "Parallel Aware": true,
                  "Relation Name": "cast_info",
                  "Alias": "ci",
                  "Startup Cost": 0.0,
                  "Total Cost": 328162.03,
                  "Plan Rows": 4831178,
                  "Plan Width": 0,
                  "Actual Startup Time": 85.42,
                  "Actual Total Time": 635.951,
                  "Actual Rows": 4115644,
                  "Actual Loops": 7,
                  "Filter": "(person_id > 719776)",
                  "Rows Removed by Filter": 1062119
                }
              ]
            }
          ]
        }
      ]
    },
    "Planning Time": 0.194,
    "Triggers": [],
    "Execution Time": 883.677
  }
]