[
  {
    "Plan": {
      "Node Type": "Aggregate",
      "Strategy": "Plain",
      "Partial Mode": "Simple",
      "Parallel Aware": false,
      "Startup Cost": 3162.48,
      "Total Cost": 3162.49,
      "Plan Rows": 1,
      "Plan Width": 8,
      "Actual Startup Time": 63.213,
      "Actual Total Time": 63.215,
      "Actual Rows": 1,
      "Actual Loops": 1,
      "Plans": [
        {
          "Node Type": "Nested Loop",
          "Parent Relationship": "Outer",
          "Parallel Aware": false,
          "Join Type": "Inner",
          "Startup Cost": 7.23,
          "Total Cost": 3161.93,
          "Plan Rows": 218,
          "Plan Width": 0,
          "Actual Startup Time": 2.7,
          "Actual Total Time": 57.733,
          "Actual Rows": 81005,
          "Actual Loops": 1,
          "Inner Unique": false,
          "Plans": [
            {
              "Node Type": "Nested Loop",
              "Parent Relationship": "Outer",
              "Parallel Aware": false,
              "Join Type": "Inner",
              "Startup Cost": 6.79,
              "Total Cost": 3019.22,
              "Plan Rows": 37,
              "Plan Width": 8,
              "Actual Startup Time": 2.667,
              "Actual Total Time": 9.535,
              "Actual Rows": 608,
              "Actual Loops": 1,
              "Inner Unique": true,
              "Plans": [
                {
                  "Node Type": "Bitmap Heap Scan",
                  "Parent Relationship": "Outer",
                  "Parallel Aware": false,
                  "Relation Name": "movie_keyword",
                  "Alias": "mk",
                  "Startup Cost": 6.36,
                  "Total Cost": 926.55,
                  "Plan Rows": 249,
                  "Plan Width": 4,
                  "Actual Startup Time": 1.513,
                  "Actual Total Time": 3.522,
                  "Actual Rows": 1043,
                  "Actual Loops": 1,
                  "Recheck Cond": "(keyword_id = 11078)",
                  "Rows Removed by Index Recheck": 0,
                  "Exact Heap Blocks": 989,
                  "Lossy Heap Blocks": 0,
                  "Plans": [
                    {
                      "Node Type": "Bitmap Index Scan",
                      "Parent Relationship": "Outer",
                      "Parallel Aware": false,
                      "Index Name": "keyword_id_movie_keyword",
                      "Startup Cost": 0.0,
                      "Total Cost": 6.3,
                      "Plan Rows": 249,
                      "Plan Width": 0,
                      "Actual Startup Time": 1.115,
                      "Actual Total Time": 1.116,
                      "Actual Rows": 1043,
                      "Actual Loops": 1,
                      "Index Cond": "(keyword_id = 11078)"
                    }
                  ]
                },
                {
                  "Node Type": "Index Scan",
                  "Parent Relationship": "Inner",
                  "Parallel Aware": false,
                  "Scan Direction": "Forward",
                  "Index Name": "title_pkey",
                  "Relation Name": "title",
                  "Alias": "t",
                  "Startup Cost": 0.43,
                  "Total Cost": 8.4,
                  "Plan Rows": 1,
                  "Plan Width": 4,
                  "Actual Startup Time": 0.005,
                  "Actual Total Time": 0.005,
                  "Actual Rows": 1,
                  "Actual Loops": 1043,
                  "Index Cond": "(id = mk.movie_id)",
                  "Rows Removed by Index Recheck": 0,
                  "Filter": "((kind_id < 2) AND (production_year < 2006))",
                  "Rows Removed by Filter": 0
                }
              ]
            },
            {
              "Node Type": "Index Only Scan",
              "Parent Relationship": "Inner",
              "Parallel Aware": false,
              "Scan Direction": "Forward",
              "Index Name": "movie_id_movie_info",
              "Relation Name": "movie_info",
              "Alias": "mi",
              "Startup Cost": 0.43,
              "Total Cost": 3.45,
              "Plan Rows": 41,
              "Plan Width": 4,
              "Actual Startup Time": 0.011,
              "Actual Total Time": 0.063,
              "Actual Rows": 133,
              "Actual Loops": 608,
              "Index Cond": "(movie_id = t.id)",
              "Rows Removed by Index Recheck": 0,
              "Heap Fetches": 81005
            }
          ]
        }
      ]
    },
    "Planning Time": 1.286,
    "Triggers": [],
    "Execution Time": 63.289
  }
]