[
    {
        "Bao": {
            "Bao prediction": "NaN",
            "Bao recommended hint": "(no hint)"
        }
    },
    {
        "Plan": {
            "Node Type": "Aggregate",
            "Strategy": "Plain",
            "Partial Mode": "Finalize",
            "Parallel Aware": false,
            "Startup Cost": 219291.67,
            "Total Cost": 219291.68,
            "Plan Rows": 1,
            "Plan Width": 8,
            "Actual Startup Time": 131.197,
            "Actual Total Time": 141.911,
            "Actual Rows": 1,
            "Actual Loops": 1,
            "Output": [
                "count(*)"
            ],
            "Plans": [
                {
                    "Node Type": "Gather",
                    "Parent Relationship": "Outer",
                    "Parallel Aware": false,
                    "Startup Cost": 219291.15,
                    "Total Cost": 219291.66,
                    "Plan Rows": 5,
                    "Plan Width": 8,
                    "Actual Startup Time": 130.419,
                    "Actual Total Time": 141.904,
                    "Actual Rows": 6,
                    "Actual Loops": 1,
                    "Output": [
                        "(PARTIAL count(*))"
                    ],
                    "Workers Planned": 5,
                    "Workers Launched": 5,
                    "Single Copy": false,
                    "Plans": [
                        {
                            "Node Type": "Aggregate",
                            "Strategy": "Plain",
                            "Partial Mode": "Partial",
                            "Parent Relationship": "Outer",
                            "Parallel Aware": false,
                            "Startup Cost": 218291.15,
                            "Total Cost": 218291.16,
                            "Plan Rows": 1,
                            "Plan Width": 8,
                            "Actual Startup Time": 119.968,
                            "Actual Total Time": 119.972,
                            "Actual Rows": 1,
                            "Actual Loops": 6,
                            "Output": [
                                "PARTIAL count(*)"
                            ],
                            "Workers": [
                                {
                                    "Worker Number": 0,
                                    "Actual Startup Time": 117.272,
                                    "Actual Total Time": 117.276,
                                    "Actual Rows": 1,
                                    "Actual Loops": 1
                                },
                                {
                                    "Worker Number": 1,
                                    "Actual Startup Time": 117.735,
                                    "Actual Total Time": 117.738,
                                    "Actual Rows": 1,
                                    "Actual Loops": 1
                                },
                                {
                                    "Worker Number": 2,
                                    "Actual Startup Time": 117.916,
                                    "Actual Total Time": 117.918,
                                    "Actual Rows": 1,
                                    "Actual Loops": 1
                                },
                                {
                                    "Worker Number": 3,
                                    "Actual Startup Time": 118.552,
                                    "Actual Total Time": 118.555,
                                    "Actual Rows": 1,
                                    "Actual Loops": 1
                                },
                                {
                                    "Worker Number": 4,
                                    "Actual Startup Time": 118.675,
                                    "Actual Total Time": 118.678,
                                    "Actual Rows": 1,
                                    "Actual Loops": 1
                                }
                            ],
                            "Plans": [
                                {
                                    "Node Type": "Hash Join",
                                    "Parent Relationship": "Outer",
                                    "Parallel Aware": true,
                                    "Join Type": "Inner",
                                    "Startup Cost": 54765.0,
                                    "Total Cost": 218287.47,
                                    "Plan Rows": 1471,
                                    "Plan Width": 0,
                                    "Actual Startup Time": 96.192,
                                    "Actual Total Time": 119.853,
                                    "Actual Rows": 1154,
                                    "Actual Loops": 6,
                                    "Inner Unique": true,
                                    "Hash Cond": "(mi.movie_id = t.id)",
                                    "Workers": [
                                        {
                                            "Worker Number": 0,
                                            "Actual Startup Time": 93.679,
                                            "Actual Total Time": 117.157,
                                            "Actual Rows": 931,
                                            "Actual Loops": 1
                                        },
                                        {
                                            "Worker Number": 1,
                                            "Actual Startup Time": 93.873,
                                            "Actual Total Time": 117.612,
                                            "Actual Rows": 949,
                                            "Actual Loops": 1
                                        },
                                        {
                                            "Worker Number": 2,
                                            "Actual Startup Time": 93.966,
                                            "Actual Total Time": 117.802,
                                            "Actual Rows": 1115,
                                            "Actual Loops": 1
                                        },
                                        {
                                            "Worker Number": 3,
                                            "Actual Startup Time": 94.939,
                                            "Actual Total Time": 118.422,
                                            "Actual Rows": 947,
                                            "Actual Loops": 1
                                        },
                                        {
                                            "Worker Number": 4,
                                            "Actual Startup Time": 95.031,
                                            "Actual Total Time": 118.559,
                                            "Actual Rows": 1106,
                                            "Actual Loops": 1
                                        }
                                    ],
                                    "Plans": [
                                        {
                                            "Node Type": "Bitmap Heap Scan",
                                            "Parent Relationship": "Outer",
                                            "Parallel Aware": true,
                                            "Relation Name": "movie_info",
                                            "Schema": "public",
                                            "Alias": "mi",
                                            "Startup Cost": 9170.9,
                                            "Total Cost": 172427.92,
                                            "Plan Rows": 101122,
                                            "Plan Width": 4,
                                            "Actual Startup Time": 13.861,
                                            "Actual Total Time": 26.271,
                                            "Actual Rows": 79074,
                                            "Actual Loops": 6,
                                            "Output": [
                                                "mi.id",
                                                "mi.movie_id",
                                                "mi.info_type_id",
                                                "mi.info",
                                                "mi.note"
                                            ],
                                            "Recheck Cond": "(mi.info_type_id = 6)",
                                            "Rows Removed by Index Recheck": 0,
                                            "Exact Heap Blocks": 859,
                                            "Lossy Heap Blocks": 0,
                                            "Workers": [
                                                {
                                                    "Worker Number": 0,
                                                    "Actual Startup Time": 13.893,
                                                    "Actual Total Time": 26.442,
                                                    "Actual Rows": 65223,
                                                    "Actual Loops": 1
                                                },
                                                {
                                                    "Worker Number": 1,
                                                    "Actual Startup Time": 13.935,
                                                    "Actual Total Time": 26.479,
                                                    "Actual Rows": 65447,
                                                    "Actual Loops": 1
                                                },
                                                {
                                                    "Worker Number": 2,
                                                    "Actual Startup Time": 13.71,
                                                    "Actual Total Time": 26.257,
                                                    "Actual Rows": 75206,
                                                    "Actual Loops": 1
                                                },
                                                {
                                                    "Worker Number": 3,
                                                    "Actual Startup Time": 13.934,
                                                    "Actual Total Time": 26.504,
                                                    "Actual Rows": 65123,
                                                    "Actual Loops": 1
                                                },
                                                {
                                                    "Worker Number": 4,
                                                    "Actual Startup Time": 13.924,
                                                    "Actual Total Time": 26.298,
                                                    "Actual Rows": 76174,
                                                    "Actual Loops": 1
                                                }
                                            ],
                                            "Plans": [
                                                {
                                                    "Node Type": "Bitmap Index Scan",
                                                    "Parent Relationship": "Outer",
                                                    "Parallel Aware": false,
                                                    "Index Name": "info_type_id_movie_info",
                                                    "Startup Cost": 0.0,
                                                    "Total Cost": 9044.49,
                                                    "Plan Rows": 505608,
                                                    "Plan Width": 0,
                                                    "Actual Startup Time": 13.369,
                                                    "Actual Total Time": 13.37,
                                                    "Actual Rows": 474443,
                                                    "Actual Loops": 1,
                                                    "Index Cond": "(mi.info_type_id = 6)"
                                                }
                                            ]
                                        },
                                        {
                                            "Node Type": "Hash",
                                            "Parent Relationship": "Inner",
                                            "Parallel Aware": true,
                                            "Startup Cost": 45479.21,
                                            "Total Cost": 45479.21,
                                            "Plan Rows": 9192,
                                            "Plan Width": 4,
                                            "Actual Startup Time": 81.468,
                                            "Actual Total Time": 81.469,
                                            "Actual Rows": 5376,
                                            "Actual Loops": 6,
                                            "Output": [
                                                "t.id"
                                            ],
                                            "Hash Buckets": 65536,
                                            "Original Hash Buckets": 65536,
                                            "Hash Batches": 1,
                                            "Original Hash Batches": 1,
                                            "Peak Memory Usage": 1856,
                                            "Workers": [
                                                {
                                                    "Worker Number": 0,
                                                    "Actual Startup Time": 78.935,
                                                    "Actual Total Time": 78.936,
                                                    "Actual Rows": 3696,
                                                    "Actual Loops": 1
                                                },
                                                {
                                                    "Worker Number": 1,
                                                    "Actual Startup Time": 79.346,
                                                    "Actual Total Time": 79.347,
                                                    "Actual Rows": 3844,
                                                    "Actual Loops": 1
                                                },
                                                {
                                                    "Worker Number": 2,
                                                    "Actual Startup Time": 79.57,
                                                    "Actual Total Time": 79.571,
                                                    "Actual Rows": 5438,
                                                    "Actual Loops": 1
                                                },
                                                {
                                                    "Worker Number": 3,
                                                    "Actual Startup Time": 80.208,
                                                    "Actual Total Time": 80.209,
                                                    "Actual Rows": 3765,
                                                    "Actual Loops": 1
                                                },
                                                {
                                                    "Worker Number": 4,
                                                    "Actual Startup Time": 80.328,
                                                    "Actual Total Time": 80.329,
                                                    "Actual Rows": 5859,
                                                    "Actual Loops": 1
                                                }
                                            ],
                                            "Plans": [
                                                {
                                                    "Node Type": "Seq Scan",
                                                    "Parent Relationship": "Outer",
                                                    "Parallel Aware": true,
                                                    "Relation Name": "title",
                                                    "Schema": "public",
                                                    "Alias": "t",
                                                    "Startup Cost": 0.0,
                                                    "Total Cost": 45479.21,
                                                    "Plan Rows": 9192,
                                                    "Plan Width": 4,
                                                    "Actual Startup Time": 0.382,
                                                    "Actual Total Time": 78.928,
                                                    "Actual Rows": 5376,
                                                    "Actual Loops": 6,
                                                    "Output": [
                                                        "t.id"
                                                    ],
                                                    "Filter": "((t.kind_id < 7) AND (t.production_year = 2005))",
                                                    "Rows Removed by Filter": 416010,
                                                    "Workers": [
                                                        {
                                                            "Worker Number": 0,
                                                            "Actual Startup Time": 0.971,
                                                            "Actual Total Time": 76.523,
                                                            "Actual Rows": 3696,
                                                            "Actual Loops": 1
                                                        },
                                                        {
                                                            "Worker Number": 1,
                                                            "Actual Startup Time": 0.115,
                                                            "Actual Total Time": 76.903,
                                                            "Actual Rows": 3844,
                                                            "Actual Loops": 1
                                                        },
                                                        {
                                                            "Worker Number": 2,
                                                            "Actual Startup Time": 0.331,
                                                            "Actual Total Time": 77.041,
                                                            "Actual Rows": 5438,
                                                            "Actual Loops": 1
                                                        },
                                                        {
                                                            "Worker Number": 3,
                                                            "Actual Startup Time": 0.378,
                                                            "Actual Total Time": 77.891,
                                                            "Actual Rows": 3765,
                                                            "Actual Loops": 1
                                                        },
                                                        {
                                                            "Worker Number": 4,
                                                            "Actual Startup Time": 0.457,
                                                            "Actual Total Time": 77.882,
                                                            "Actual Rows": 5859,
                                                            "Actual Loops": 1
                                                        }
                                                    ]
                                                }
                                            ]
                                        }
                                    ]
                                }
                            ]
                        }
                    ]
                }
            ]
        },
        "Planning Time": 214.254,
        "Triggers": [],
        "Execution Time": 142.033
    }
]