[
  {
    "Plan": {
      "Node Type": "Aggregate",
      "Strategy": "Plain",
      "Partial Mode": "Finalize",
      "Parallel Aware": false,
      "Startup Cost": 32828.81,
      "Total Cost": 32828.82,
      "Plan Rows": 1,
      "Plan Width": 8,
      "Actual Startup Time": 93.149,
      "Actual Total Time": 98.991,
      "Actual Rows": 1,
      "Actual Loops": 1,
      "Plans": [
        {
          "Node Type": "Gather",
          "Parent Relationship": "Outer",
          "Parallel Aware": false,
          "Startup Cost": 32828.49,
          "Total Cost": 32828.8,
          "Plan Rows": 3,
          "Plan Width": 8,
          "Actual Startup Time": 93.02,
          "Actual Total Time": 98.983,
          "Actual Rows": 4,
          "Actual Loops": 1,
          "Workers Planned": 3,
          "Workers Launched": 3,
          "Single Copy": false,
          "Plans": [
            {
              "Node Type": "Aggregate",
              "Strategy": "Plain",
              "Partial Mode": "Partial",
              "Parent Relationship": "Outer",
              "Parallel Aware": false,
              "Startup Cost": 31828.49,
              "Total Cost": 31828.5,
              "Plan Rows": 1,
              "Plan Width": 8,
              "Actual Startup Time": 87.874,
              "Actual Total Time": 87.876,
              "Actual Rows": 1,
              "Actual Loops": 4,
              "Plans": [
                {
                  "Node Type": "Seq Scan",
                  "Parent Relationship": "Outer",
                  "Parallel Aware": true,
                  "Relation Name": "movie_companies",
                  "Alias": "mc",
                  "Startup Cost": 0.0,
                  "Total Cost": 31414.82,
                  "Plan Rows": 165470,
                  "Plan Width": 0,
                  "Actual Startup Time": 38.577,
                  "Actual Total Time": 77.658,
                  "Actual Rows": 204104,
                  "Actual Loops": 4,
                  "Filter": "((company_id > 16798) AND (company_type_id > 1))",
                  "Rows Removed by Filter": 448179
                }
              ]
            }
          ]
        }
      ]
    },
    "Planning Time": 0.095,
    "Triggers": [],
    "Execution Time": 99.02
  }
]