[
  {
    "Plan": {
      "Node Type": "Aggregate",
      "Strategy": "Plain",
      "Partial Mode": "Simple",
      "Parallel Aware": false,
      "Startup Cost": 3932.42,
      "Total Cost": 3932.43,
      "Plan Rows": 1,
      "Plan Width": 96,
      "Actual Startup Time": 884.086,
      "Actual Total Time": 884.091,
      "Actual Rows": 1,
      "Actual Loops": 1,
      "Plans": [
        {
          "Node Type": "Nested Loop",
          "Parent Relationship": "Outer",
          "Parallel Aware": false,
          "Join Type": "Inner",
          "Startup Cost": 12.22,
          "Total Cost": 3932.42,
          "Plan Rows": 1,
          "Plan Width": 48,
          "Actual Startup Time": 22.115,
          "Actual Total Time": 883.785,
          "Actual Rows": 519,
          "Actual Loops": 1,
          "Inner Unique": true,
          "Plans": [
            {
              "Node Type": "Nested Loop",
              "Parent Relationship": "Outer",
              "Parallel Aware": false,
              "Join Type": "Inner",
              "Startup Cost": 11.79,
              "Total Cost": 3792.33,
              "Plan Rows": 306,
              "Plan Width": 37,
              "Actual Startup Time": 7.049,
              "Actual Total Time": 401.354,
              "Actual Rows": 104015,
              "Actual Loops": 1,
              "Inner Unique": false,
              "Join Filter": "(t.id = ci.movie_id)",
              "Rows Removed by Join Filter": 0,
              "Plans": [
                {
                  "Node Type": "Nested Loop",
                  "Parent Relationship": "Outer",
                  "Parallel Aware": false,
                  "Join Type": "Inner",
                  "Startup Cost": 11.23,
                  "Total Cost": 3774.75,
                  "Plan Rows": 9,
                  "Plan Width": 41,
                  "Actual Startup Time": 6.924,
                  "Actual Total Time": 85.128,
                  "Actual Rows": 1659,
                  "Actual Loops": 1,
                  "Inner Unique": true,
                  "Plans": [
                    {
                      "Node Type": "Nested Loop",
                      "Parent Relationship": "Outer",
                      "Parallel Aware": false,
                      "Join Type": "Inner",
                      "Startup Cost": 10.8,
                      "Total Cost": 3758.1,
                      "Plan Rows": 34,
                      "Plan Width": 20,
                      "Actual Startup Time": 6.633,
                      "Actual Total Time": 38.951,
                      "Actual Rows": 8337,
                      "Actual Loops": 1,
                      "Inner Unique": false,
                      "Plans": [
                        {
                          "Node Type": "Seq Scan",
                          "Parent Relationship": "Outer",
                          "Parallel Aware": false,
                          "Relation Name": "keyword",
                          "Alias": "k",
                          "Startup Cost": 0.0,
                          "Total Cost": 2626.12,
                          "Plan Rows": 1,
                          "Plan Width": 20,
                          "Actual Startup Time": 1.486,
                          "Actual Total Time": 9.192,
                          "Actual Rows": 1,
                          "Actual Loops": 1,
                          "Filter": "(keyword = 'blood'::text)",
                          "Rows Removed by Filter": 134169
                        },
                        {
                          "Node Type": "Bitmap Heap Scan",
                          "Parent Relationship": "Inner",
                          "Parallel Aware": false,
                          "Relation Name": "movie_keyword",
                          "Alias": "mk",
                          "Startup Cost": 10.8,
                          "Total Cost": 1128.92,
                          "Plan Rows": 305,
                          "Plan Width": 8,
                          "Actual Startup Time": 5.134,
                          "Actual Total Time": 28.321,
                          "Actual Rows": 8337,
                          "Actual Loops": 1,
                          "Recheck Cond": "(keyword_id = k.id)",
                          "Rows Removed by Index Recheck": 0,
                          "Exact Heap Blocks": 6751,
                          "Lossy Heap Blocks": 0,
                          "Plans": [
                            {
                              "Node Type": "Bitmap Index Scan",
                              "Parent Relationship": "Outer",
                              "Parallel Aware": false,
                              "Index Name": "keyword_id_movie_keyword",
                              "Startup Cost": 0.0,
                              "Total Cost": 10.72,
                              "Plan Rows": 305,
                              "Plan Width": 0,
                              "Actual Startup Time": 3.707,
                              "Actual Total Time": 3.708,
                              "Actual Rows": 8337,
                              "Actual Loops": 1,
                              "Index Cond": "(keyword_id = k.id)"
                            }
                          ]
                        }
                      ]
                    },
                    {
                      "Node Type": "Index Scan",
                      "Parent Relationship": "Inner",
                      "Parallel Aware": false,
                      "Scan Direction": "Forward",
                      "Index Name": "title_pkey",
                      "Relation Name": "title",
                      "Alias": "t",
                      "Startup Cost": 0.43,
                      "Total Cost": 0.49,
                      "Plan Rows": 1,
                      "Plan Width": 21,
                      "Actual Startup Time": 0.005,
                      "Actual Total Time": 0.005,
                      "Actual Rows": 0,
                      "Actual Loops": 8337,
                      "Index Cond": "(id = mk.movie_id)",
                      "Rows Removed by Index Recheck": 0,
                      "Filter": "(production_year > 2008)",
                      "Rows Removed by Filter": 1
                    }
                  ]
                },
                {
                  "Node Type": "Index Scan",
                  "Parent Relationship": "Inner",
                  "Parallel Aware": false,
                  "Scan Direction": "Forward",
                  "Index Name": "movie_id_cast_info",
                  "Relation Name": "cast_info",
                  "Alias": "ci",
                  "Startup Cost": 0.56,
                  "Total Cost": 1.52,
                  "Plan Rows": 35,
                  "Plan Width": 8,
                  "Actual Startup Time": 0.016,
                  "Actual Total Time": 0.178,
                  "Actual Rows": 63,
                  "Actual Loops": 1659,
                  "Index Cond": "(movie_id = mk.movie_id)",
                  "Rows Removed by Index Recheck": 0
                }
              ]
            },
            {
              "Node Type": "Index Scan",
              "Parent Relationship": "Inner",
              "Parallel Aware": false,
              "Scan Direction": "Forward",
              "Index Name": "name_pkey",
              "Relation Name": "name",
              "Alias": "n",
              "Startup Cost": 0.43,
              "Total Cost": 0.46,
              "Plan Rows": 1,
              "Plan Width": 19,
              "Actual Startup Time": 0.004,
              "Actual Total Time": 0.004,
              "Actual Rows": 0,
              "Actual Loops": 104015,
              "Index Cond": "(id = ci.person_id)",
              "Rows Removed by Index Recheck": 0,
              "Filter": "(name ~~ '%Smith,%'::text)",
              "Rows Removed by Filter": 1
            }
          ]
        }
      ]
    },
    "Planning Time": 6.827,
    "Triggers": [],
    "Execution Time": 884.501
  }
]