[
  {
    "Plan": {
      "Node Type": "Aggregate",
      "Strategy": "Plain",
      "Partial Mode": "Finalize",
      "Parallel Aware": false,
      "Startup Cost": 46566.61,
      "Total Cost": 46566.62,
      "Plan Rows": 1,
      "Plan Width": 8,
      "Actual Startup Time": 96.317,
      "Actual Total Time": 107.965,
      "Actual Rows": 1,
      "Actual Loops": 1,
      "Plans": [
        {
          "Node Type": "Gather",
          "Parent Relationship": "Outer",
          "Parallel Aware": false,
          "Startup Cost": 46566.19,
          "Total Cost": 46566.6,
          "Plan Rows": 4,
          "Plan Width": 8,
          "Actual Startup Time": 96.15,
          "Actual Total Time": 107.951,
          "Actual Rows": 5,
          "Actual Loops": 1,
          "Workers Planned": 4,
          "Workers Launched": 4,
          "Single Copy": false,
          "Plans": [
            {
              "Node Type": "Aggregate",
              "Strategy": "Plain",
              "Partial Mode": "Partial",
              "Parent Relationship": "Outer",
              "Parallel Aware": false,
              "Startup Cost": 45566.19,
              "Total Cost": 45566.2,
              "Plan Rows": 1,
              "Plan Width": 8,
              "Actual Startup Time": 88.246,
              "Actual Total Time": 88.248,
              "Actual Rows": 1,
              "Actual Loops": 5,
              "Plans": [
                {
                  "Node Type": "Seq Scan",
                  "Parent Relationship": "Outer",
                  "Parallel Aware": true,
                  "Relation Name": "title",
                  "Alias": "t",
                  "Startup Cost": 0.0,
                  "Total Cost": 45479.59,
                  "Plan Rows": 34640,
                  "Plan Width": 0,
                  "Actual Startup Time": 42.058,
                  "Actual Total Time": 86.782,
                  "Actual Rows": 26436,
                  "Actual Loops": 5,
                  "Filter": "((production_year > 2009) AND (kind_id = 1))",
                  "Rows Removed by Filter": 479226
                }
              ]
            }
          ]
        }
      ]
    },
    "Planning Time": 0.114,
    "Triggers": [],
    "Execution Time": 108.012
  }
]