[
  {
    "Plan": {
      "Node Type": "Aggregate",
      "Strategy": "Plain",
      "Partial Mode": "Finalize",
      "Parallel Aware": false,
      "Startup Cost": 180891.7,
      "Total Cost": 180891.71,
      "Plan Rows": 1,
      "Plan Width": 8,
      "Actual Startup Time": 1364.036,
      "Actual Total Time": 1429.097,
      "Actual Rows": 1,
      "Actual Loops": 1,
      "Plans": [
        {
          "Node Type": "Gather",
          "Parent Relationship": "Outer",
          "Parallel Aware": false,
          "Startup Cost": 180891.28,
          "Total Cost": 180891.69,
          "Plan Rows": 4,
          "Plan Width": 8,
          "Actual Startup Time": 1357.444,
          "Actual Total Time": 1429.084,
          "Actual Rows": 5,
          "Actual Loops": 1,
          "Workers Planned": 4,
          "Workers Launched": 4,
          "Single Copy": false,
          "Plans": [
            {
              "Node Type": "Aggregate",
              "Strategy": "Plain",
              "Partial Mode": "Partial",
              "Parent Relationship": "Outer",
              "Parallel Aware": false,
              "Startup Cost": 179891.28,
              "Total Cost": 179891.29,
              "Plan Rows": 1,
              "Plan Width": 8,
              "Actual Startup Time": 1350.821,
              "Actual Total Time": 1350.826,
              "Actual Rows": 1,
              "Actual Loops": 5,
              "Plans": [
                {
                  "Node Type": "Nested Loop",
                  "Parent Relationship": "Outer",
                  "Parallel Aware": false,
                  "Join Type": "Inner",
                  "Startup Cost": 48574.12,
                  "Total Cost": 179875.21,
                  "Plan Rows": 6428,
                  "Plan Width": 0,
                  "Actual Startup Time": 212.385,
                  "Actual Total Time": 1349.26,
                  "Actual Rows": 32404,
                  "Actual Loops": 5,
                  "Inner Unique": false,
                  "Plans": [
                    {
                      "Node Type": "Hash Join",
                      "Parent Relationship": "Outer",
                      "Parallel Aware": true,
                      "Join Type": "Inner",
                      "Startup Cost": 48573.69,
                      "Total Cost": 78694.78,
                      "Plan Rows": 54894,
                      "Plan Width": 8,
                      "Actual Startup Time": 204.616,
                      "Actual Total Time": 358.018,
                      "Actual Rows": 119675,
                      "Actual Loops": 5,
                      "Inner Unique": true,
                      "Hash Cond": "(ci.movie_id = t.id)",
                      "Plans": [
                        {
                          "Node Type": "Index Scan",
                          "Parent Relationship": "Outer",
                          "Parallel Aware": true,
                          "Scan Direction": "Forward",
                          "Index Name": "role_id_cast_info",
                          "Relation Name": "cast_info",
                          "Alias": "ci",
                          "Startup Cost": 0.56,
                          "Total Cost": 29878.05,
                          "Plan Rows": 92802,
                          "Plan Width": 4,
                          "Actual Startup Time": 0.277,
                          "Actual Total Time": 52.945,
                          "Actual Rows": 168837,
                          "Actual Loops": 5,
                          "Index Cond": "(role_id = 9)",
                          "Rows Removed by Index Recheck": 0,
                          "Filter": "(person_id > 2441880)",
                          "Rows Removed by Filter": 49875
                        },
                        {
                          "Node Type": "Hash",
                          "Parent Relationship": "Inner",
                          "Parallel Aware": true,
                          "Startup Cost": 43899.32,
                          "Total Cost": 43899.32,
                          "Plan Rows": 373904,
                          "Plan Width": 4,
                          "Actual Startup Time": 200.992,
                          "Actual Total Time": 200.993,
                          "Actual Rows": 297006,
                          "Actual Loops": 5,
                          "Hash Buckets": 2097152,
                          "Original Hash Buckets": 2097152,
                          "Hash Batches": 1,
                          "Original Hash Batches": 1,
                          "Peak Memory Usage": 74592,
                          "Plans": [
                            {
                              "Node Type": "Seq Scan",
                              "Parent Relationship": "Outer",
                              "Parallel Aware": true,
                              "Relation Name": "title",
                              "Alias": "t",
                              "Startup Cost": 0.0,
                              "Total Cost": 43899.32,
                              "Plan Rows": 373904,
                              "Plan Width": 4,
                              "Actual Startup Time": 0.041,
                              "Actual Total Time": 91.094,
                              "Actual Rows": 297006,
                              "Actual Loops": 5,
                              "Filter": "(production_year > 1998)",
                              "Rows Removed by Filter": 208656
                            }
                          ]
                        }
                      ]
                    },
                    {
                      "Node Type": "Index Scan",
                      "Parent Relationship": "Inner",
                      "Parallel Aware": false,
                      "Scan Direction": "Forward",
                      "Index Name": "movie_id_movie_info",
                      "Relation Name": "movie_info",
                      "Alias": "mi",
                      "Startup Cost": 0.43,
                      "Total Cost": 1.83,
                      "Plan Rows": 1,
                      "Plan Width": 4,
                      "Actual Startup Time": 0.008,
                      "Actual Total Time": 0.008,
                      "Actual Rows": 0,
                      "Actual Loops": 598373,
                      "Index Cond": "(movie_id = t.id)",
                      "Rows Removed by Index Recheck": 0,
                      "Filter": "(info_type_id > 105)",
                      "Rows Removed by Filter": 7
                    }
                  ]
                }
              ]
            }
          ]
        }
      ]
    },
    "Planning Time": 0.458,
    "Triggers": [],
    "Execution Time": 1429.162
  }
]