[
  {
    "Plan": {
      "Node Type": "Aggregate",
      "Strategy": "Plain",
      "Partial Mode": "Finalize",
      "Parallel Aware": false,
      "Startup Cost": 61956.93,
      "Total Cost": 61956.94,
      "Plan Rows": 1,
      "Plan Width": 8,
      "Actual Startup Time": 259.72,
      "Actual Total Time": 275.098,
      "Actual Rows": 1,
      "Actual Loops": 1,
      "Plans": [
        {
          "Node Type": "Gather",
          "Parent Relationship": "Outer",
          "Parallel Aware": false,
          "Startup Cost": 61956.72,
          "Total Cost": 61956.93,
          "Plan Rows": 2,
          "Plan Width": 8,
          "Actual Startup Time": 258.279,
          "Actual Total Time": 275.087,
          "Actual Rows": 3,
          "Actual Loops": 1,
          "Workers Planned": 2,
          "Workers Launched": 2,
          "Single Copy": false,
          "Plans": [
            {
              "Node Type": "Aggregate",
              "Strategy": "Plain",
              "Partial Mode": "Partial",
              "Parent Relationship": "Outer",
              "Parallel Aware": false,
              "Startup Cost": 60956.72,
              "Total Cost": 60956.73,
              "Plan Rows": 1,
              "Plan Width": 8,
              "Actual Startup Time": 250.827,
              "Actual Total Time": 250.927,
              "Actual Rows": 1,
              "Actual Loops": 3,
              "Plans": [
                {
                  "Node Type": "Hash Join",
                  "Parent Relationship": "Outer",
                  "Parallel Aware": true,
                  "Join Type": "Inner",
                  "Startup Cost": 45718.66,
                  "Total Cost": 60913.22,
                  "Plan Rows": 17399,
                  "Plan Width": 0,
                  "Actual Startup Time": 184.361,
                  "Actual Total Time": 248.425,
                  "Actual Rows": 46893,
                  "Actual Loops": 3,
                  "Inner Unique": true,
                  "Hash Cond": "(mi_idx.movie_id = t.id)",
                  "Plans": [
                    {
                      "Node Type": "Seq Scan",
                      "Parent Relationship": "Outer",
                      "Parallel Aware": true,
                      "Relation Name": "movie_info_idx",
                      "Alias": "mi_idx",
                      "Startup Cost": 0.0,
                      "Total Cost": 13685.15,
                      "Plan Rows": 575015,
                      "Plan Width": 4,
                      "Actual Startup Time": 0.014,
                      "Actual Total Time": 43.17,
                      "Actual Rows": 460012,
                      "Actual Loops": 3
                    },
                    {
                      "Node Type": "Hash",
                      "Parent Relationship": "Inner",
                      "Parallel Aware": true,
                      "Startup Cost": 45479.59,
                      "Total Cost": 45479.59,
                      "Plan Rows": 19126,
                      "Plan Width": 4,
                      "Actual Startup Time": 144.568,
                      "Actual Total Time": 144.569,
                      "Actual Rows": 69917,
                      "Actual Loops": 3,
                      "Hash Buckets": 262144,
                      "Original Hash Buckets": 131072,
                      "Hash Batches": 1,
                      "Original Hash Batches": 1,
                      "Peak Memory Usage": 11296,
                      "Plans": [
                        {
                          "Node Type": "Seq Scan",
                          "Parent Relationship": "Outer",
                          "Parallel Aware": true,
                          "Relation Name": "title",
                          "Alias": "t",
                          "Startup Cost": 0.0,
                          "Total Cost": 45479.59,
                          "Plan Rows": 19126,
                          "Plan Width": 4,
                          "Actual Startup Time": 66.895,
                          "Actual Total Time": 118.005,
                          "Actual Rows": 69917,
                          "Actual Loops": 3,
                          "Filter": "((production_year < 1966) AND (kind_id = 1))",
                          "Rows Removed by Filter": 772853
                        }
                      ]
                    }
                  ]
                }
              ]
            }
          ]
        }
      ]
    },
    "Planning Time": 0.245,
    "Triggers": [],
    "Execution Time": 275.138
  }
]