[
  {
    "Plan": {
      "Node Type": "Aggregate",
      "Strategy": "Plain",
      "Partial Mode": "Finalize",
      "Parallel Aware": false,
      "Startup Cost": 31206.35,
      "Total Cost": 31206.36,
      "Plan Rows": 1,
      "Plan Width": 8,
      "Actual Startup Time": 99.371,
      "Actual Total Time": 107.618,
      "Actual Rows": 1,
      "Actual Loops": 1,
      "Plans": [
        {
          "Node Type": "Gather",
          "Parent Relationship": "Outer",
          "Parallel Aware": false,
          "Startup Cost": 31206.03,
          "Total Cost": 31206.34,
          "Plan Rows": 3,
          "Plan Width": 8,
          "Actual Startup Time": 99.046,
          "Actual Total Time": 107.61,
          "Actual Rows": 4,
          "Actual Loops": 1,
          "Workers Planned": 3,
          "Workers Launched": 3,
          "Single Copy": false,
          "Plans": [
            {
              "Node Type": "Aggregate",
              "Strategy": "Plain",
              "Partial Mode": "Partial",
              "Parent Relationship": "Outer",
              "Parallel Aware": false,
              "Startup Cost": 30206.03,
              "Total Cost": 30206.04,
              "Plan Rows": 1,
              "Plan Width": 8,
              "Actual Startup Time": 95.292,
              "Actual Total Time": 95.293,
              "Actual Rows": 1,
              "Actual Loops": 4,
              "Plans": [
                {
                  "Node Type": "Bitmap Heap Scan",
                  "Parent Relationship": "Outer",
                  "Parallel Aware": true,
                  "Relation Name": "movie_keyword",
                  "Alias": "mk",
                  "Startup Cost": 4683.64,
                  "Total Cost": 30027.97,
                  "Plan Rows": 71226,
                  "Plan Width": 0,
                  "Actual Startup Time": 35.511,
                  "Actual Total Time": 91.776,
                  "Actual Rows": 54794,
                  "Actual Loops": 4,
                  "Recheck Cond": "(keyword_id < 165)",
                  "Rows Removed by Index Recheck": 0,
                  "Exact Heap Blocks": 12177,
                  "Lossy Heap Blocks": 0,
                  "Plans": [
                    {
                      "Node Type": "Bitmap Index Scan",
                      "Parent Relationship": "Outer",
                      "Parallel Aware": false,
                      "Index Name": "keyword_id_movie_keyword",
                      "Startup Cost": 0.0,
                      "Total Cost": 4628.44,
                      "Plan Rows": 220801,
                      "Plan Width": 0,
                      "Actual Startup Time": 32.468,
                      "Actual Total Time": 32.468,
                      "Actual Rows": 219176,
                      "Actual Loops": 1,
                      "Index Cond": "(keyword_id < 165)"
                    }
                  ]
                }
              ]
            }
          ]
        }
      ]
    },
    "Planning Time": 0.224,
    "Triggers": [],
    "Execution Time": 107.694
  }
]