[
  {
    "Plan": {
      "Node Type": "Aggregate",
      "Strategy": "Plain",
      "Partial Mode": "Finalize",
      "Parallel Aware": false,
      "Startup Cost": 46483.81,
      "Total Cost": 46483.82,
      "Plan Rows": 1,
      "Plan Width": 8,
      "Actual Startup Time": 93.546,
      "Actual Total Time": 105.236,
      "Actual Rows": 1,
      "Actual Loops": 1,
      "Plans": [
        {
          "Node Type": "Gather",
          "Parent Relationship": "Outer",
          "Parallel Aware": false,
          "Startup Cost": 46483.39,
          "Total Cost": 46483.8,
          "Plan Rows": 4,
          "Plan Width": 8,
          "Actual Startup Time": 93.34,
          "Actual Total Time": 105.224,
          "Actual Rows": 5,
          "Actual Loops": 1,
          "Workers Planned": 4,
          "Workers Launched": 4,
          "Single Copy": false,
          "Plans": [
            {
              "Node Type": "Aggregate",
              "Strategy": "Plain",
              "Partial Mode": "Partial",
              "Parent Relationship": "Outer",
              "Parallel Aware": false,
              "Startup Cost": 45483.39,
              "Total Cost": 45483.4,
              "Plan Rows": 1,
              "Plan Width": 8,
              "Actual Startup Time": 86.371,
              "Actual Total Time": 86.372,
              "Actual Rows": 1,
              "Actual Loops": 5,
              "Plans": [
                {
                  "Node Type": "Seq Scan",
                  "Parent Relationship": "Outer",
                  "Parallel Aware": true,
                  "Relation Name": "title",
                  "Alias": "t",
                  "Startup Cost": 0.0,
                  "Total Cost": 45479.59,
                  "Plan Rows": 1521,
                  "Plan Width": 0,
                  "Actual Startup Time": 1.534,
                  "Actual Total Time": 86.217,
                  "Actual Rows": 1246,
                  "Actual Loops": 5,
                  "Filter": "((kind_id < 7) AND (production_year = 1970))",
                  "Rows Removed by Filter": 504416
                }
              ]
            }
          ]
        }
      ]
    },
    "Planning Time": 0.1,
    "Triggers": [],
    "Execution Time": 105.271
  }
]