{
  "Plan": {
    "Node Type": "Aggregate",
    "Strategy": "Plain",
    "Partial Mode": "Simple",
    "Parallel Aware": false,
    "Startup Cost": 457798.44,
    "Total Cost": 457798.45,
    "Plan Rows": 1,
    "Plan Width": 96,
    "Actual Startup Time": 9271.468,
    "Actual Total Time": 9272.94,
    "Actual Rows": 1,
    "Actual Loops": 1,
    "Plans": [
      {
        "Node Type": "Nested Loop",
        "Parent Relationship": "Outer",
        "Parallel Aware": false,
        "Join Type": "Inner",
        "Startup Cost": 155073.71,
        "Total Cost": 457798.43,
        "Plan Rows": 1,
        "Plan Width": 42,
        "Actual Startup Time": 7040.593,
        "Actual Total Time": 9269.221,
        "Actual Rows": 21489,
        "Actual Loops": 1,
        "Inner Unique": false,
        "Join Filter": "(mi.info_type_id = it1.id)",
        "Rows Removed by Join Filter": 3123,
        "Plans": [
          {
            "Node Type": "Seq Scan",
            "Parent Relationship": "Outer",
            "Parallel Aware": false,
            "Relation Name": "info_type",
            "Alias": "it1",
            "Startup Cost": 0.0,
            "Total Cost": 2.41,
            "Plan Rows": 1,
            "Plan Width": 4,
            "Actual Startup Time": 0.014,
            "Actual Total Time": 0.024,
            "Actual Rows": 1,
            "Actual Loops": 1,
            "Filter": "((info)::text = 'countries'::text)",
            "Rows Removed by Filter": 112
          },
          {
            "Node Type": "Nested Loop",
            "Parent Relationship": "Inner",
            "Parallel Aware": false,
            "Join Type": "Inner",
            "Startup Cost": 155073.71,
            "Total Cost": 457796.0,
            "Plan Rows": 1,
            "Plan Width": 46,
            "Actual Startup Time": 6003.751,
            "Actual Total Time": 9266.518,
            "Actual Rows": 24612,
            "Actual Loops": 1,
            "Inner Unique": false,
            "Join Filter": "(mk.keyword_id = k.id)",
            "Rows Removed by Join Filter": 9026217,
            "Plans": [
              {
                "Node Type": "Seq Scan",
                "Parent Relationship": "Outer",
                "Parallel Aware": false,
                "Relation Name": "keyword",
                "Alias": "k",
                "Startup Cost": 0.0,
                "Total Cost": 2961.55,
                "Plan Rows": 4,
                "Plan Width": 4,
                "Actual Startup Time": 1.506,
                "Actual Total Time": 19.469,
                "Actual Rows": 3,
                "Actual Loops": 1,
                "Filter": "(keyword = ANY ('{murder,murder-in-title,blood,violence}'::text[]))",
                "Rows Removed by Filter": 134167
              },
              {
                "Node Type": "Materialize",
                "Parent Relationship": "Inner",
                "Parallel Aware": false,
                "Startup Cost": 155073.71,
                "Total Cost": 454627.4,
                "Plan Rows": 3601,
                "Plan Width": 50,
                "Actual Startup Time": 1997.216,
                "Actual Total Time": 2904.409,
                "Actual Rows": 3016943,
                "Actual Loops": 3,
                "Plans": [
                  {
                    "Node Type": "Hash Join",
                    "Parent Relationship": "Outer",
                    "Parallel Aware": false,
                    "Join Type": "Inner",
                    "Startup Cost": 155073.71,
                    "Total Cost": 454609.39,
                    "Plan Rows": 3601,
                    "Plan Width": 50,
                    "Actual Startup Time": 5991.632,
                    "Actual Total Time": 7484.318,
                    "Actual Rows": 3016943,
                    "Actual Loops": 1,
                    "Inner Unique": false,
                    "Hash Cond": "(mi.movie_id = t.id)",
                    "Plans": [
                      {
                        "Node Type": "Gather",
                        "Parent Relationship": "Outer",
                        "Parallel Aware": false,
                        "Startup Cost": 1000.0,
                        "Total Cost": 297977.68,
                        "Plan Rows": 680764,
                        "Plan Width": 8,
                        "Actual Startup Time": 3.132,
                        "Actual Total Time": 960.436,
                        "Actual Rows": 716210,
                        "Actual Loops": 1,
                        "Workers Planned": 5,
                        "Workers Launched": 5,
                        "Single Copy": false,
                        "Plans": [
                          {
                            "Node Type": "Seq Scan",
                            "Parent Relationship": "Outer",
                            "Parallel Aware": true,
                            "Relation Name": "movie_info",
                            "Alias": "mi",
                            "Startup Cost": 0.0,
                            "Total Cost": 228901.28,
                            "Plan Rows": 136153,
                            "Plan Width": 8,
                            "Actual Startup Time": 0.562,
                            "Actual Total Time": 1254.73,
                            "Actual Rows": 119368,
                            "Actual Loops": 6,
                            "Filter": "(info = ANY ('{Sweden,Norway,Germany,Denmark,Swedish,Danish,Norwegian,German,USA,American}'::text[]))",
                            "Rows Removed by Filter": 2353252
                          }
                        ]
                      },
                      {
                        "Node Type": "Hash",
                        "Parent Relationship": "Inner",
                        "Parallel Aware": false,
                        "Startup Cost": 154049.85,
                        "Total Cost": 154049.85,
                        "Plan Rows": 1909,
                        "Plan Width": 62,
                        "Actual Startup Time": 5988.08,
                        "Actual Total Time": 5989.392,
                        "Actual Rows": 2808890,
                        "Actual Loops": 1,
                        "Hash Buckets": 4194304,
                        "Original Hash Buckets": 2048,
                        "Hash Batches": 1,
                        "Original Hash Batches": 1,
                        "Peak Memory Usage": 294720,
                        "Plans": [
                          {
                            "Node Type": "Nested Loop",
                            "Parent Relationship": "Outer",
                            "Parallel Aware": false,
                            "Join Type": "Inner",
                            "Startup Cost": 81138.14,
                            "Total Cost": 154049.85,
                            "Plan Rows": 1909,
                            "Plan Width": 62,
                            "Actual Startup Time": 1841.678,
                            "Actual Total Time": 5147.41,
                            "Actual Rows": 2808890,
                            "Actual Loops": 1,
                            "Inner Unique": false,
                            "Join Filter": "(t.kind_id = kt.id)",
                            "Rows Removed by Join Filter": 3115730,
                            "Plans": [
                              {
                                "Node Type": "Seq Scan",
                                "Parent Relationship": "Outer",
                                "Parallel Aware": false,
                                "Relation Name": "kind_type",
                                "Alias": "kt",
                                "Startup Cost": 0.0,
                                "Total Cost": 1.09,
                                "Plan Rows": 2,
                                "Plan Width": 4,
                                "Actual Startup Time": 0.011,
                                "Actual Total Time": 0.02,
                                "Actual Rows": 2,
                                "Actual Loops": 1,
                                "Filter": "((kind)::text = ANY ('{movie,episode}'::text[]))",
                                "Rows Removed by Filter": 5
                              },
                              {
                                "Node Type": "Materialize",
                                "Parent Relationship": "Inner",
                                "Parallel Aware": false,
                                "Startup Cost": 81138.14,
                                "Total Cost": 153864.98,
                                "Plan Rows": 6683,
                                "Plan Width": 66,
                                "Actual Startup Time": 469.054,
                                "Actual Total Time": 2259.934,
                                "Actual Rows": 2962310,
                                "Actual Loops": 2,
                                "Plans": [
                                  {
                                    "Node Type": "Nested Loop",
                                    "Parent Relationship": "Outer",
                                    "Parallel Aware": false,
                                    "Join Type": "Inner",
                                    "Startup Cost": 81138.14,
                                    "Total Cost": 153831.56,
                                    "Plan Rows": 6683,
                                    "Plan Width": 66,
                                    "Actual Startup Time": 938.094,
                                    "Actual Total Time": 3089.69,
                                    "Actual Rows": 2962310,
                                    "Actual Loops": 1,
                                    "Inner Unique": false,
                                    "Plans": [
                                      {
                                        "Node Type": "Hash Join",
                                        "Parent Relationship": "Outer",
                                        "Parallel Aware": false,
                                        "Join Type": "Inner",
                                        "Startup Cost": 81137.71,
                                        "Total Cost": 152582.05,
                                        "Plan Rows": 666,
                                        "Plan Width": 58,
                                        "Actual Startup Time": 938.015,
                                        "Actual Total Time": 1948.436,
                                        "Actual Rows": 71709,
                                        "Actual Loops": 1,
                                        "Inner Unique": false,
                                        "Hash Cond": "(t.id = mi_idx.movie_id)",
                                        "Plans": [
                                          {
                                            "Node Type": "Seq Scan",
                                            "Parent Relationship": "Outer",
                                            "Parallel Aware": false,
                                            "Relation Name": "title",
                                            "Alias": "t",
                                            "Startup Cost": 0.0,
                                            "Total Cost": 67604.36,
                                            "Plan Rows": 1022218,
                                            "Plan Width": 25,
                                            "Actual Startup Time": 0.05,
                                            "Actual Total Time": 638.865,
                                            "Actual Rows": 1012920,
                                            "Actual Loops": 1,
                                            "Filter": "(production_year > 2005)",
                                            "Rows Removed by Filter": 1515392
                                          },
                                          {
                                            "Node Type": "Hash",
                                            "Parent Relationship": "Inner",
                                            "Parallel Aware": false,
                                            "Startup Cost": 81117.11,
                                            "Total Cost": 81117.11,
                                            "Plan Rows": 1648,
                                            "Plan Width": 33,
                                            "Actual Startup Time": 937.877,
                                            "Actual Total Time": 939.182,
                                            "Actual Rows": 178762,
                                            "Actual Loops": 1,
                                            "Hash Buckets": 262144,
                                            "Original Hash Buckets": 2048,
                                            "Hash Batches": 1,
                                            "Original Hash Batches": 1,
                                            "Peak Memory Usage": 13255,
                                            "Plans": [
                                              {
                                                "Node Type": "Nested Loop",
                                                "Parent Relationship": "Outer",
                                                "Parallel Aware": false,
                                                "Join Type": "Inner",
                                                "Startup Cost": 6647.04,
                                                "Total Cost": 81117.11,
                                                "Plan Rows": 1648,
                                                "Plan Width": 33,
                                                "Actual Startup Time": 64.922,
                                                "Actual Total Time": 870.51,
                                                "Actual Rows": 178762,
                                                "Actual Loops": 1,
                                                "Inner Unique": false,
                                                "Join Filter": "(mi_idx.info_type_id = it2.id)",
                                                "Rows Removed by Join Filter": 353846,
                                                "Plans": [
                                                  {
                                                    "Node Type": "Seq Scan",
                                                    "Parent Relationship": "Outer",
                                                    "Parallel Aware": false,
                                                    "Relation Name": "info_type",
                                                    "Alias": "it2",
                                                    "Startup Cost": 0.0,
                                                    "Total Cost": 2.41,
                                                    "Plan Rows": 1,
                                                    "Plan Width": 4,
                                                    "Actual Startup Time": 0.014,
                                                    "Actual Total Time": 0.019,
                                                    "Actual Rows": 1,
                                                    "Actual Loops": 1,
                                                    "Filter": "((info)::text = 'rating'::text)",
                                                    "Rows Removed by Filter": 112
                                                  },
                                                  {
                                                    "Node Type": "Gather",
                                                    "Parent Relationship": "Inner",
                                                    "Parallel Aware": false,
                                                    "Startup Cost": 6647.04,
                                                    "Total Cost": 78786.37,
                                                    "Plan Rows": 186266,
                                                    "Plan Width": 37,
                                                    "Actual Startup Time": 64.875,
                                                    "Actual Total Time": 798.139,
                                                    "Actual Rows": 532608,
                                                    "Actual Loops": 1,
                                                    "Workers Planned": 3,
                                                    "Workers Launched": 2,
                                                    "Single Copy": false,
                                                    "Plans": [
                                                      {
                                                        "Node Type": "Nested Loop",
                                                        "Parent Relationship": "Outer",
                                                        "Parallel Aware": false,
                                                        "Join Type": "Inner",
                                                        "Startup Cost": 5647.04,
                                                        "Total Cost": 59159.77,
                                                        "Plan Rows": 60086,
                                                        "Plan Width": 37,
                                                        "Actual Startup Time": 56.075,
                                                        "Actual Total Time": 747.163,
                                                        "Actual Rows": 177536,
                                                        "Actual Loops": 3,
                                                        "Inner Unique": false,
                                                        "Plans": [
                                                          {
                                                            "Node Type": "Hash Join",
                                                            "Parent Relationship": "Outer",
                                                            "Parallel Aware": false,
                                                            "Join Type": "Inner",
                                                            "Startup Cost": 5646.61,
                                                            "Total Cost": 37302.61,
                                                            "Plan Rows": 23365,
                                                            "Plan Width": 23,
                                                            "Actual Startup Time": 55.974,
                                                            "Actual Total Time": 365.984,
                                                            "Actual Rows": 82796,
                                                            "Actual Loops": 3,
                                                            "Inner Unique": true,
                                                            "Hash Cond": "(mc.company_type_id = ct.id)",
                                                            "Plans": [
                                                              {
                                                                "Node Type": "Hash Join",
                                                                "Parent Relationship": "Outer",
                                                                "Parallel Aware": true,
                                                                "Join Type": "Inner",
                                                                "Startup Cost": 5645.52,
                                                                "Total Cost": 37175.21,
                                                                "Plan Rows": 23365,
                                                                "Plan Width": 27,
                                                                "Actual Startup Time": 55.478,
                                                                "Actual Total Time": 345.755,
                                                                "Actual Rows": 82796,
                                                                "Actual Loops": 3,
                                                                "Inner Unique": true,
                                                                "Hash Cond": "(mc.company_id = cn.id)",
                                                                "Plans": [
                                                                  {
                                                                    "Node Type": "Seq Scan",
                                                                    "Parent Relationship": "Outer",
                                                                    "Parallel Aware": true,
                                                                    "Relation Name": "movie_companies",
                                                                    "Alias": "mc",
                                                                    "Startup Cost": 0.0,
                                                                    "Total Cost": 31414.82,
                                                                    "Plan Rows": 43760,
                                                                    "Plan Width": 12,
                                                                    "Actual Startup Time": 0.022,
                                                                    "Actual Total Time": 244.523,
                                                                    "Actual Rows": 101090,
                                                                    "Actual Loops": 3,
                                                                    "Filter": "((note !~~ '%(USA)%'::text) AND (note ~~ '%(200%)%'::text))",
                                                                    "Rows Removed by Filter": 768619
                                                                  },
                                                                  {
                                                                    "Node Type": "Hash",
                                                                    "Parent Relationship": "Inner",
                                                                    "Parallel Aware": true,
                                                                    "Startup Cost": 4722.92,
                                                                    "Total Cost": 4722.92,
                                                                    "Plan Rows": 73808,
                                                                    "Plan Width": 23,
                                                                    "Actual Startup Time": 54.223,
                                                                    "Actual Total Time": 54.224,
                                                                    "Actual Rows": 42077,
                                                                    "Actual Loops": 3,
                                                                    "Hash Buckets": 131072,
                                                                    "Original Hash Buckets": 131072,
                                                                    "Hash Batches": 1,
                                                                    "Original Hash Batches": 1,
                                                                    "Peak Memory Usage": 8288,
                                                                    "Plans": [
                                                                      {
                                                                        "Node Type": "Seq Scan",
                                                                        "Parent Relationship": "Outer",
                                                                        "Parallel Aware": true,
                                                                        "Relation Name": "company_name",
                                                                        "Alias": "cn",
                                                                        "Startup Cost": 0.0,
                                                                        "Total Cost": 4722.92,
                                                                        "Plan Rows": 73808,
                                                                        "Plan Width": 23,
                                                                        "Actual Startup Time": 0.059,
                                                                        "Actual Total Time": 31.818,
                                                                        "Actual Rows": 42077,
                                                                        "Actual Loops": 3,
                                                                        "Filter": "((country_code)::text <> '[us]'::text)",
                                                                        "Rows Removed by Filter": 36256
                                                                      }
                                                                    ]
                                                                  }
                                                                ]
                                                              },
                                                              {
                                                                "Node Type": "Hash",
                                                                "Parent Relationship": "Inner",
                                                                "Parallel Aware": false,
                                                                "Startup Cost": 1.04,
                                                                "Total Cost": 1.04,
                                                                "Plan Rows": 4,
                                                                "Plan Width": 4,
                                                                "Actual Startup Time": 0.091,
                                                                "Actual Total Time": 0.092,
                                                                "Actual Rows": 4,
                                                                "Actual Loops": 3,
                                                                "Hash Buckets": 1024,
                                                                "Original Hash Buckets": 1024,
                                                                "Hash Batches": 1,
                                                                "Original Hash Batches": 1,
                                                                "Peak Memory Usage": 9,
                                                                "Plans": [
                                                                  {
                                                                    "Node Type": "Seq Scan",
                                                                    "Parent Relationship": "Outer",
                                                                    "Parallel Aware": false,
                                                                    "Relation Name": "company_type",
                                                                    "Alias": "ct",
                                                                    "Startup Cost": 0.0,
                                                                    "Total Cost": 1.04,
                                                                    "Plan Rows": 4,
                                                                    "Plan Width": 4,
                                                                    "Actual Startup Time": 0.062,
                                                                    "Actual Total Time": 0.065,
                                                                    "Actual Rows": 4,
                                                                    "Actual Loops": 3
                                                                  }
                                                                ]
                                                              }
                                                            ]
                                                          },
                                                          {
                                                            "Node Type": "Index Scan",
                                                            "Parent Relationship": "Inner",
                                                            "Parallel Aware": false,
                                                            "Scan Direction": "Forward",
                                                            "Index Name": "movie_id_movie_info_idx",
                                                            "Relation Name": "movie_info_idx",
                                                            "Alias": "mi_idx",
                                                            "Startup Cost": 0.43,
                                                            "Total Cost": 0.91,
                                                            "Plan Rows": 3,
                                                            "Plan Width": 14,
                                                            "Actual Startup Time": 0.003,
                                                            "Actual Total Time": 0.004,
                                                            "Actual Rows": 2,
                                                            "Actual Loops": 248388,
                                                            "Index Cond": "(movie_id = mc.movie_id)",
                                                            "Rows Removed by Index Recheck": 0,
                                                            "Filter": "(info < '8.5'::text)",
                                                            "Rows Removed by Filter": 0
                                                          }
                                                        ]
                                                      }
                                                    ]
                                                  }
                                                ]
                                              }
                                            ]
                                          }
                                        ]
                                      },
                                      {
                                        "Node Type": "Index Scan",
                                        "Parent Relationship": "Inner",
                                        "Parallel Aware": false,
                                        "Scan Direction": "Forward",
                                        "Index Name": "movie_id_movie_keyword",
                                        "Relation Name": "movie_keyword",
                                        "Alias": "mk",
                                        "Startup Cost": 0.43,
                                        "Total Cost": 1.42,
                                        "Plan Rows": 46,
                                        "Plan Width": 8,
                                        "Actual Startup Time": 0.005,
                                        "Actual Total Time": 0.011,
                                        "Actual Rows": 41,
                                        "Actual Loops": 71709,
                                        "Index Cond": "(movie_id = t.id)",
                                        "Rows Removed by Index Recheck": 0
                                      }
                                    ]
                                  }
                                ]
                              }
                            ]
                          }
                        ]
                      }
                    ]
                  }
                ]
              }
            ]
          }
        ]
      }
    ]
  },
  "Planning Time": 45.716,
  "Triggers": [],
  "Execution Time": 9476.905
}