[
  {
    "Plan": {
      "Node Type": "Aggregate",
      "Strategy": "Plain",
      "Partial Mode": "Finalize",
      "Parallel Aware": false,
      "Startup Cost": 46789.59,
      "Total Cost": 46789.6,
      "Plan Rows": 1,
      "Plan Width": 8,
      "Actual Startup Time": 104.353,
      "Actual Total Time": 118.004,
      "Actual Rows": 1,
      "Actual Loops": 1,
      "Plans": [
        {
          "Node Type": "Gather",
          "Parent Relationship": "Outer",
          "Parallel Aware": false,
          "Startup Cost": 46789.17,
          "Total Cost": 46789.58,
          "Plan Rows": 4,
          "Plan Width": 8,
          "Actual Startup Time": 104.17,
          "Actual Total Time": 117.993,
          "Actual Rows": 5,
          "Actual Loops": 1,
          "Workers Planned": 4,
          "Workers Launched": 4,
          "Single Copy": false,
          "Plans": [
            {
              "Node Type": "Aggregate",
              "Strategy": "Plain",
              "Partial Mode": "Partial",
              "Parent Relationship": "Outer",
              "Parallel Aware": false,
              "Startup Cost": 45789.17,
              "Total Cost": 45789.18,
              "Plan Rows": 1,
              "Plan Width": 8,
              "Actual Startup Time": 98.596,
              "Actual Total Time": 98.598,
              "Actual Rows": 1,
              "Actual Loops": 5,
              "Plans": [
                {
                  "Node Type": "Seq Scan",
                  "Parent Relationship": "Outer",
                  "Parallel Aware": true,
                  "Relation Name": "title",
                  "Alias": "t",
                  "Startup Cost": 0.0,
                  "Total Cost": 45479.59,
                  "Plan Rows": 123832,
                  "Plan Width": 0,
                  "Actual Startup Time": 0.03,
                  "Actual Total Time": 93.807,
                  "Actual Rows": 75126,
                  "Actual Loops": 5,
                  "Filter": "((kind_id < 3) AND (production_year > 1994))",
                  "Rows Removed by Filter": 430536
                }
              ]
            }
          ]
        }
      ]
    },
    "Planning Time": 0.103,
    "Triggers": [],
    "Execution Time": 118.04
  }
]