[
    {
        "Bao": {
            "Bao prediction": "NaN",
            "Bao recommended hint": "(no hint)"
        }
    },
    {
        "Plan": {
            "Node Type": "Aggregate",
            "Strategy": "Plain",
            "Partial Mode": "Finalize",
            "Parallel Aware": false,
            "Startup Cost": 278359.11,
            "Total Cost": 278359.12,
            "Plan Rows": 1,
            "Plan Width": 8,
            "Actual Startup Time": 107.853,
            "Actual Total Time": 111.97,
            "Actual Rows": 1,
            "Actual Loops": 1,
            "Output": [
                "count(*)"
            ],
            "Plans": [
                {
                    "Node Type": "Gather",
                    "Parent Relationship": "Outer",
                    "Parallel Aware": false,
                    "Startup Cost": 278358.48,
                    "Total Cost": 278359.09,
                    "Plan Rows": 6,
                    "Plan Width": 8,
                    "Actual Startup Time": 107.502,
                    "Actual Total Time": 111.963,
                    "Actual Rows": 7,
                    "Actual Loops": 1,
                    "Output": [
                        "(PARTIAL count(*))"
                    ],
                    "Workers Planned": 6,
                    "Workers Launched": 6,
                    "Single Copy": false,
                    "Plans": [
                        {
                            "Node Type": "Aggregate",
                            "Strategy": "Plain",
                            "Partial Mode": "Partial",
                            "Parent Relationship": "Outer",
                            "Parallel Aware": false,
                            "Startup Cost": 277358.48,
                            "Total Cost": 277358.49,
                            "Plan Rows": 1,
                            "Plan Width": 8,
                            "Actual Startup Time": 97.069,
                            "Actual Total Time": 97.07,
                            "Actual Rows": 1,
                            "Actual Loops": 7,
                            "Output": [
                                "PARTIAL count(*)"
                            ],
                            "Workers": [
                                {
                                    "Worker Number": 0,
                                    "Actual Startup Time": 94.701,
                                    "Actual Total Time": 94.702,
                                    "Actual Rows": 1,
                                    "Actual Loops": 1
                                },
                                {
                                    "Worker Number": 1,
                                    "Actual Startup Time": 94.723,
                                    "Actual Total Time": 94.724,
                                    "Actual Rows": 1,
                                    "Actual Loops": 1
                                },
                                {
                                    "Worker Number": 2,
                                    "Actual Startup Time": 95.295,
                                    "Actual Total Time": 95.296,
                                    "Actual Rows": 1,
                                    "Actual Loops": 1
                                },
                                {
                                    "Worker Number": 3,
                                    "Actual Startup Time": 95.806,
                                    "Actual Total Time": 95.807,
                                    "Actual Rows": 1,
                                    "Actual Loops": 1
                                },
                                {
                                    "Worker Number": 4,
                                    "Actual Startup Time": 95.797,
                                    "Actual Total Time": 95.799,
                                    "Actual Rows": 1,
                                    "Actual Loops": 1
                                },
                                {
                                    "Worker Number": 5,
                                    "Actual Startup Time": 96.22,
                                    "Actual Total Time": 96.221,
                                    "Actual Rows": 1,
                                    "Actual Loops": 1
                                }
                            ],
                            "Plans": [
                                {
                                    "Node Type": "Bitmap Heap Scan",
                                    "Parent Relationship": "Outer",
                                    "Parallel Aware": true,
                                    "Relation Name": "cast_info",
                                    "Schema": "public",
                                    "Alias": "ci",
                                    "Startup Cost": 22020.53,
                                    "Total Cost": 277219.78,
                                    "Plan Rows": 55482,
                                    "Plan Width": 0,
                                    "Actual Startup Time": 82.903,
                                    "Actual Total Time": 95.357,
                                    "Actual Rows": 28998,
                                    "Actual Loops": 7,
                                    "Recheck Cond": "(ci.person_id < 106125)",
                                    "Rows Removed by Index Recheck": 0,
                                    "Filter": "(ci.role_id > 3)",
                                    "Rows Removed by Filter": 119515,
                                    "Exact Heap Blocks": 3882,
                                    "Lossy Heap Blocks": 0,
                                    "Workers": [
                                        {
                                            "Worker Number": 0,
                                            "Actual Startup Time": 80.521,
                                            "Actual Total Time": 93.075,
                                            "Actual Rows": 22767,
                                            "Actual Loops": 1
                                        },
                                        {
                                            "Worker Number": 1,
                                            "Actual Startup Time": 80.567,
                                            "Actual Total Time": 93.089,
                                            "Actual Rows": 30593,
                                            "Actual Loops": 1
                                        },
                                        {
                                            "Worker Number": 2,
                                            "Actual Startup Time": 81.12,
                                            "Actual Total Time": 93.63,
                                            "Actual Rows": 23461,
                                            "Actual Loops": 1
                                        },
                                        {
                                            "Worker Number": 3,
                                            "Actual Startup Time": 81.643,
                                            "Actual Total Time": 94.101,
                                            "Actual Rows": 23687,
                                            "Actual Loops": 1
                                        },
                                        {
                                            "Worker Number": 4,
                                            "Actual Startup Time": 81.627,
                                            "Actual Total Time": 94.122,
                                            "Actual Rows": 23636,
                                            "Actual Loops": 1
                                        },
                                        {
                                            "Worker Number": 5,
                                            "Actual Startup Time": 82.051,
                                            "Actual Total Time": 94.593,
                                            "Actual Rows": 29262,
                                            "Actual Loops": 1
                                        }
                                    ],
                                    "Plans": [
                                        {
                                            "Node Type": "Bitmap Index Scan",
                                            "Parent Relationship": "Outer",
                                            "Parallel Aware": false,
                                            "Index Name": "person_id_cast_info",
                                            "Startup Cost": 0.0,
                                            "Total Cost": 21937.31,
                                            "Plan Rows": 1004899,
                                            "Plan Width": 0,
                                            "Actual Startup Time": 52.916,
                                            "Actual Total Time": 52.917,
                                            "Actual Rows": 1039592,
                                            "Actual Loops": 1,
                                            "Index Cond": "(ci.person_id < 106125)"
                                        }
                                    ]
                                }
                            ]
                        }
                    ]
                }
            ]
        },
        "Planning Time": 211.042,
        "Triggers": [],
        "Execution Time": 112.047
    }
]