[
  {
    "Plan": {
      "Node Type": "Aggregate",
      "Strategy": "Plain",
      "Partial Mode": "Finalize",
      "Parallel Aware": false,
      "Startup Cost": 61760.07,
      "Total Cost": 61760.08,
      "Plan Rows": 1,
      "Plan Width": 8,
      "Actual Startup Time": 120.345,
      "Actual Total Time": 134.749,
      "Actual Rows": 1,
      "Actual Loops": 1,
      "Plans": [
        {
          "Node Type": "Gather",
          "Parent Relationship": "Outer",
          "Parallel Aware": false,
          "Startup Cost": 61759.65,
          "Total Cost": 61760.06,
          "Plan Rows": 4,
          "Plan Width": 8,
          "Actual Startup Time": 120.228,
          "Actual Total Time": 134.743,
          "Actual Rows": 5,
          "Actual Loops": 1,
          "Workers Planned": 4,
          "Workers Launched": 4,
          "Single Copy": false,
          "Plans": [
            {
              "Node Type": "Aggregate",
              "Strategy": "Plain",
              "Partial Mode": "Partial",
              "Parent Relationship": "Outer",
              "Parallel Aware": false,
              "Startup Cost": 60759.65,
              "Total Cost": 60759.66,
              "Plan Rows": 1,
              "Plan Width": 8,
              "Actual Startup Time": 113.126,
              "Actual Total Time": 113.127,
              "Actual Rows": 1,
              "Actual Loops": 5,
              "Plans": [
                {
                  "Node Type": "Nested Loop",
                  "Parent Relationship": "Outer",
                  "Parallel Aware": false,
                  "Join Type": "Inner",
                  "Startup Cost": 0.43,
                  "Total Cost": 60758.1,
                  "Plan Rows": 622,
                  "Plan Width": 0,
                  "Actual Startup Time": 57.736,
                  "Actual Total Time": 113.007,
                  "Actual Rows": 767,
                  "Actual Loops": 5,
                  "Inner Unique": false,
                  "Plans": [
                    {
                      "Node Type": "Seq Scan",
                      "Parent Relationship": "Outer",
                      "Parallel Aware": true,
                      "Relation Name": "title",
                      "Alias": "t",
                      "Startup Cost": 0.0,
                      "Total Cost": 45479.1,
                      "Plan Rows": 3414,
                      "Plan Width": 4,
                      "Actual Startup Time": 57.407,
                      "Actual Total Time": 85.387,
                      "Actual Rows": 8564,
                      "Actual Loops": 5,
                      "Filter": "((kind_id < 4) AND (production_year < 1913))",
                      "Rows Removed by Filter": 497099
                    },
                    {
                      "Node Type": "Index Scan",
                      "Parent Relationship": "Inner",
                      "Parallel Aware": false,
                      "Scan Direction": "Forward",
                      "Index Name": "movie_id_movie_info_idx",
                      "Relation Name": "movie_info_idx",
                      "Alias": "mi_idx",
                      "Startup Cost": 0.43,
                      "Total Cost": 4.47,
                      "Plan Rows": 1,
                      "Plan Width": 4,
                      "Actual Startup Time": 0.003,
                      "Actual Total Time": 0.003,
                      "Actual Rows": 0,
                      "Actual Loops": 42819,
                      "Index Cond": "(movie_id = t.id)",
                      "Rows Removed by Index Recheck": 0,
                      "Filter": "(info_type_id > 100)",
                      "Rows Removed by Filter": 0
                    }
                  ]
                }
              ]
            }
          ]
        }
      ]
    },
    "Planning Time": 0.542,
    "Triggers": [],
    "Execution Time": 134.811
  }
]