[
  {
    "Plan": {
      "Node Type": "Aggregate",
      "Strategy": "Plain",
      "Partial Mode": "Finalize",
      "Parallel Aware": false,
      "Startup Cost": 115826.69,
      "Total Cost": 115826.7,
      "Plan Rows": 1,
      "Plan Width": 8,
      "Actual Startup Time": 461.564,
      "Actual Total Time": 481.131,
      "Actual Rows": 1,
      "Actual Loops": 1,
      "Plans": [
        {
          "Node Type": "Gather",
          "Parent Relationship": "Outer",
          "Parallel Aware": false,
          "Startup Cost": 115826.37,
          "Total Cost": 115826.68,
          "Plan Rows": 3,
          "Plan Width": 8,
          "Actual Startup Time": 459.748,
          "Actual Total Time": 481.111,
          "Actual Rows": 4,
          "Actual Loops": 1,
          "Workers Planned": 3,
          "Workers Launched": 3,
          "Single Copy": false,
          "Plans": [
            {
              "Node Type": "Aggregate",
              "Strategy": "Plain",
              "Partial Mode": "Partial",
              "Parent Relationship": "Outer",
              "Parallel Aware": false,
              "Startup Cost": 114826.37,
              "Total Cost": 114826.38,
              "Plan Rows": 1,
              "Plan Width": 8,
              "Actual Startup Time": 449.795,
              "Actual Total Time": 449.872,
              "Actual Rows": 1,
              "Actual Loops": 4,
              "Plans": [
                {
                  "Node Type": "Hash Join",
                  "Parent Relationship": "Outer",
                  "Parallel Aware": true,
                  "Join Type": "Inner",
                  "Startup Cost": 69830.01,
                  "Total Cost": 114588.1,
                  "Plan Rows": 95308,
                  "Plan Width": 0,
                  "Actual Startup Time": 297.28,
                  "Actual Total Time": 436.489,
                  "Actual Rows": 326346,
                  "Actual Loops": 4,
                  "Inner Unique": false,
                  "Hash Cond": "(mk.movie_id = t.id)",
                  "Plans": [
                    {
                      "Node Type": "Seq Scan",
                      "Parent Relationship": "Outer",
                      "Parallel Aware": true,
                      "Relation Name": "movie_keyword",
                      "Alias": "mk",
                      "Startup Cost": 0.0,
                      "Total Cost": 39047.32,
                      "Plan Rows": 1459332,
                      "Plan Width": 4,
                      "Actual Startup Time": 0.023,
                      "Actual Total Time": 85.251,
                      "Actual Rows": 1130982,
                      "Actual Loops": 4
                    },
                    {
                      "Node Type": "Hash",
                      "Parent Relationship": "Inner",
                      "Parallel Aware": true,
                      "Startup Cost": 69314.01,
                      "Total Cost": 69314.01,
                      "Plan Rows": 41280,
                      "Plan Width": 8,
                      "Actual Startup Time": 238.594,
                      "Actual Total Time": 238.67,
                      "Actual Rows": 40280,
                      "Actual Loops": 4,
                      "Hash Buckets": 262144,
                      "Original Hash Buckets": 262144,
                      "Hash Batches": 1,
                      "Original Hash Batches": 1,
                      "Peak Memory Usage": 8416,
                      "Plans": [
                        {
                          "Node Type": "Hash Join",
                          "Parent Relationship": "Outer",
                          "Parallel Aware": true,
                          "Join Type": "Inner",
                          "Startup Cost": 23701.75,
                          "Total Cost": 69314.01,
                          "Plan Rows": 41280,
                          "Plan Width": 8,
                          "Actual Startup Time": 166.107,
                          "Actual Total Time": 225.635,
                          "Actual Rows": 40280,
                          "Actual Loops": 4,
                          "Inner Unique": false,
                          "Hash Cond": "(t.id = mc.movie_id)",
                          "Plans": [
                            {
                              "Node Type": "Seq Scan",
                              "Parent Relationship": "Outer",
                              "Parallel Aware": true,
                              "Relation Name": "title",
                              "Alias": "t",
                              "Startup Cost": 0.0,
                              "Total Cost": 42318.73,
                              "Plan Rows": 632073,
                              "Plan Width": 4,
                              "Actual Startup Time": 0.01,
                              "Actual Total Time": 75.922,
                              "Actual Rows": 632078,
                              "Actual Loops": 4
                            },
                            {
                              "Node Type": "Hash",
                              "Parent Relationship": "Inner",
                              "Parallel Aware": true,
                              "Startup Cost": 23035.94,
                              "Total Cost": 23035.94,
                              "Plan Rows": 53265,
                              "Plan Width": 4,
                              "Actual Startup Time": 56.112,
                              "Actual Total Time": 56.113,
                              "Actual Rows": 40280,
                              "Actual Loops": 4,
                              "Hash Buckets": 262144,
                              "Original Hash Buckets": 262144,
                              "Hash Batches": 1,
                              "Original Hash Batches": 1,
                              "Peak Memory Usage": 8416,
                              "Plans": [
                                {
                                  "Node Type": "Bitmap Heap Scan",
                                  "Parent Relationship": "Outer",
                                  "Parallel Aware": true,
                                  "Relation Name": "movie_companies",
                                  "Alias": "mc",
                                  "Startup Cost": 3580.13,
                                  "Total Cost": 23035.94,
                                  "Plan Rows": 53265,
                                  "Plan Width": 4,
                                  "Actual Startup Time": 15.211,
                                  "Actual Total Time": 39.723,
                                  "Actual Rows": 40280,
                                  "Actual Loops": 4,
                                  "Recheck Cond": "(company_id > 127324)",
                                  "Rows Removed by Index Recheck": 0,
                                  "Exact Heap Blocks": 2119,
                                  "Lossy Heap Blocks": 0,
                                  "Plans": [
                                    {
                                      "Node Type": "Bitmap Index Scan",
                                      "Parent Relationship": "Outer",
                                      "Parallel Aware": false,
                                      "Index Name": "company_id_movie_companies",
                                      "Startup Cost": 0.0,
                                      "Total Cost": 3538.84,
                                      "Plan Rows": 165122,
                                      "Plan Width": 0,
                                      "Actual Startup Time": 14.333,
                                      "Actual Total Time": 14.333,
                                      "Actual Rows": 161120,
                                      "Actual Loops": 1,
                                      "Index Cond": "(company_id > 127324)"
                                    }
                                  ]
                                }
                              ]
                            }
                          ]
                        }
                      ]
                    }
                  ]
                }
              ]
            }
          ]
        }
      ]
    },
    "Planning Time": 1.385,
    "Triggers": [],
    "Execution Time": 481.234
  }
]