[
  {
    "Plan": {
      "Node Type": "Aggregate",
      "Strategy": "Plain",
      "Partial Mode": "Finalize",
      "Parallel Aware": false,
      "Startup Cost": 32845.07,
      "Total Cost": 32845.08,
      "Plan Rows": 1,
      "Plan Width": 8,
      "Actual Startup Time": 110.08,
      "Actual Total Time": 117.717,
      "Actual Rows": 1,
      "Actual Loops": 1,
      "Plans": [
        {
          "Node Type": "Gather",
          "Parent Relationship": "Outer",
          "Parallel Aware": false,
          "Startup Cost": 32844.75,
          "Total Cost": 32845.06,
          "Plan Rows": 3,
          "Plan Width": 8,
          "Actual Startup Time": 109.798,
          "Actual Total Time": 117.707,
          "Actual Rows": 4,
          "Actual Loops": 1,
          "Workers Planned": 3,
          "Workers Launched": 3,
          "Single Copy": false,
          "Plans": [
            {
              "Node Type": "Aggregate",
              "Strategy": "Plain",
              "Partial Mode": "Partial",
              "Parent Relationship": "Outer",
              "Parallel Aware": false,
              "Startup Cost": 31844.75,
              "Total Cost": 31844.76,
              "Plan Rows": 1,
              "Plan Width": 8,
              "Actual Startup Time": 100.652,
              "Actual Total Time": 100.654,
              "Actual Rows": 1,
              "Actual Loops": 4,
              "Plans": [
                {
                  "Node Type": "Bitmap Heap Scan",
                  "Parent Relationship": "Outer",
                  "Parallel Aware": true,
                  "Relation Name": "movie_keyword",
                  "Alias": "mk",
                  "Startup Cost": 6018.43,
                  "Total Cost": 31616.03,
                  "Plan Rows": 91488,
                  "Plan Width": 0,
                  "Actual Startup Time": 34.172,
                  "Actual Total Time": 96.324,
                  "Actual Rows": 70137,
                  "Actual Loops": 4,
                  "Recheck Cond": "(keyword_id > 56850)",
                  "Rows Removed by Index Recheck": 0,
                  "Exact Heap Blocks": 10618,
                  "Lossy Heap Blocks": 0,
                  "Plans": [
                    {
                      "Node Type": "Bitmap Index Scan",
                      "Parent Relationship": "Outer",
                      "Parallel Aware": false,
                      "Index Name": "keyword_id_movie_keyword",
                      "Startup Cost": 0.0,
                      "Total Cost": 5947.53,
                      "Plan Rows": 283613,
                      "Plan Width": 0,
                      "Actual Startup Time": 38.231,
                      "Actual Total Time": 38.232,
                      "Actual Rows": 280548,
                      "Actual Loops": 1,
                      "Index Cond": "(keyword_id > 56850)"
                    }
                  ]
                }
              ]
            }
          ]
        }
      ]
    },
    "Planning Time": 0.163,
    "Triggers": [],
    "Execution Time": 117.79
  }
]