[
  {
    "Plan": {
      "Node Type": "Aggregate",
      "Strategy": "Plain",
      "Partial Mode": "Finalize",
      "Parallel Aware": false,
      "Startup Cost": 301767.48,
      "Total Cost": 301767.49,
      "Plan Rows": 1,
      "Plan Width": 8,
      "Actual Startup Time": 2324.655,
      "Actual Total Time": 2372.062,
      "Actual Rows": 1,
      "Actual Loops": 1,
      "Plans": [
        {
          "Node Type": "Gather",
          "Parent Relationship": "Outer",
          "Parallel Aware": false,
          "Startup Cost": 301766.95,
          "Total Cost": 301767.46,
          "Plan Rows": 5,
          "Plan Width": 8,
          "Actual Startup Time": 2299.675,
          "Actual Total Time": 2372.047,
          "Actual Rows": 6,
          "Actual Loops": 1,
          "Workers Planned": 5,
          "Workers Launched": 5,
          "Single Copy": false,
          "Plans": [
            {
              "Node Type": "Aggregate",
              "Strategy": "Plain",
              "Partial Mode": "Partial",
              "Parent Relationship": "Outer",
              "Parallel Aware": false,
              "Startup Cost": 300766.95,
              "Total Cost": 300766.96,
              "Plan Rows": 1,
              "Plan Width": 8,
              "Actual Startup Time": 2289.092,
              "Actual Total Time": 2289.208,
              "Actual Rows": 1,
              "Actual Loops": 6,
              "Plans": [
                {
                  "Node Type": "Hash Join",
                  "Parent Relationship": "Outer",
                  "Parallel Aware": true,
                  "Join Type": "Inner",
                  "Startup Cost": 93700.81,
                  "Total Cost": 298912.9,
                  "Plan Rows": 741622,
                  "Plan Width": 0,
                  "Actual Startup Time": 542.287,
                  "Actual Total Time": 1938.187,
                  "Actual Rows": 5849014,
                  "Actual Loops": 6,
                  "Inner Unique": false,
                  "Hash Cond": "(mi.movie_id = t.id)",
                  "Plans": [
                    {
                      "Node Type": "Seq Scan",
                      "Parent Relationship": "Outer",
                      "Parallel Aware": true,
                      "Relation Name": "movie_info",
                      "Alias": "mi",
                      "Startup Cost": 0.0,
                      "Total Cost": 191685.19,
                      "Plan Rows": 2969219,
                      "Plan Width": 4,
                      "Actual Startup Time": 0.034,
                      "Actual Total Time": 361.632,
                      "Actual Rows": 2472620,
                      "Actual Loops": 6
                    },
                    {
                      "Node Type": "Hash",
                      "Parent Relationship": "Inner",
                      "Parallel Aware": true,
                      "Startup Cost": 91154.35,
                      "Total Cost": 91154.35,
                      "Plan Rows": 203717,
                      "Plan Width": 8,
                      "Actual Startup Time": 537.97,
                      "Actual Total Time": 538.084,
                      "Actual Rows": 106728,
                      "Actual Loops": 6,
                      "Hash Buckets": 1048576,
                      "Original Hash Buckets": 1048576,
                      "Hash Batches": 1,
                      "Original Hash Batches": 1,
                      "Peak Memory Usage": 33376,
                      "Plans": [
                        {
                          "Node Type": "Hash Join",
                          "Parent Relationship": "Outer",
                          "Parallel Aware": true,
                          "Join Type": "Inner",
                          "Startup Cost": 63619.13,
                          "Total Cost": 91154.35,
                          "Plan Rows": 203717,
                          "Plan Width": 8,
                          "Actual Startup Time": 378.636,
                          "Actual Total Time": 484.319,
                          "Actual Rows": 106728,
                          "Actual Loops": 6,
                          "Inner Unique": true,
                          "Hash Cond": "(mk.movie_id = t.id)",
                          "Plans": [
                            {
                              "Node Type": "Bitmap Heap Scan",
                              "Parent Relationship": "Outer",
                              "Parallel Aware": true,
                              "Relation Name": "movie_keyword",
                              "Alias": "mk",
                              "Startup Cost": 13398.74,
                              "Total Cost": 40399.21,
                              "Plan Rows": 203717,
                              "Plan Width": 4,
                              "Actual Startup Time": 42.909,
                              "Actual Total Time": 102.014,
                              "Actual Rows": 106728,
                              "Actual Loops": 6,
                              "Recheck Cond": "(keyword_id > 29029)",
                              "Rows Removed by Index Recheck": 0,
                              "Exact Heap Blocks": 4241,
                              "Lossy Heap Blocks": 0,
                              "Plans": [
                                {
                                  "Node Type": "Bitmap Index Scan",
                                  "Parent Relationship": "Outer",
                                  "Parallel Aware": false,
                                  "Index Name": "keyword_id_movie_keyword",
                                  "Startup Cost": 0.0,
                                  "Total Cost": 13240.86,
                                  "Plan Rows": 631524,
                                  "Plan Width": 0,
                                  "Actual Startup Time": 39.343,
                                  "Actual Total Time": 39.344,
                                  "Actual Rows": 640368,
                                  "Actual Loops": 1,
                                  "Index Cond": "(keyword_id > 29029)"
                                }
                              ]
                            },
                            {
                              "Node Type": "Hash",
                              "Parent Relationship": "Inner",
                              "Parallel Aware": true,
                              "Startup Cost": 42319.06,
                              "Total Cost": 42319.06,
                              "Plan Rows": 632106,
                              "Plan Width": 4,
                              "Actual Startup Time": 330.494,
                              "Actual Total Time": 330.495,
                              "Actual Rows": 421385,
                              "Actual Loops": 6,
                              "Hash Buckets": 4194304,
                              "Original Hash Buckets": 4194304,
                              "Hash Batches": 1,
                              "Original Hash Batches": 1,
                              "Peak Memory Usage": 131776,
                              "Plans": [
                                {
                                  "Node Type": "Seq Scan",
                                  "Parent Relationship": "Outer",
                                  "Parallel Aware": true,
                                  "Relation Name": "title",
                                  "Alias": "t",
                                  "Startup Cost": 0.0,
                                  "Total Cost": 42319.06,
                                  "Plan Rows": 632106,
                                  "Plan Width": 4,
                                  "Actual Startup Time": 0.054,
                                  "Actual Total Time": 101.169,
                                  "Actual Rows": 421385,
                                  "Actual Loops": 6
                                }
                              ]
                            }
                          ]
                        }
                      ]
                    }
                  ]
                }
              ]
            }
          ]
        }
      ]
    },
    "Planning Time": 1.16,
    "Triggers": [],
    "Execution Time": 2372.166
  }
]