{
  "Plan": {
    "Node Type": "Aggregate",
    "Strategy": "Plain",
    "Partial Mode": "Finalize",
    "Parallel Aware": false,
    "Startup Cost": 136464.24,
    "Total Cost": 136464.25,
    "Plan Rows": 1,
    "Plan Width": 8,
    "Actual Startup Time": 921.108,
    "Actual Total Time": 937.913,
    "Actual Rows": 1,
    "Actual Loops": 1,
    "Plans": [
      {
        "Node Type": "Gather",
        "Parent Relationship": "Outer",
        "Parallel Aware": false,
        "Startup Cost": 136464.13,
        "Total Cost": 136464.24,
        "Plan Rows": 1,
        "Plan Width": 8,
        "Actual Startup Time": 917.655,
        "Actual Total Time": 937.907,
        "Actual Rows": 2,
        "Actual Loops": 1,
        "Workers Planned": 1,
        "Workers Launched": 1,
        "Single Copy": false,
        "Plans": [
          {
            "Node Type": "Aggregate",
            "Strategy": "Plain",
            "Partial Mode": "Partial",
            "Parent Relationship": "Outer",
            "Parallel Aware": false,
            "Startup Cost": 135464.13,
            "Total Cost": 135464.14,
            "Plan Rows": 1,
            "Plan Width": 8,
            "Actual Startup Time": 911.449,
            "Actual Total Time": 911.453,
            "Actual Rows": 1,
            "Actual Loops": 2,
            "Plans": [
              {
                "Node Type": "Hash Join",
                "Parent Relationship": "Outer",
                "Parallel Aware": true,
                "Join Type": "Inner",
                "Startup Cost": 69084.56,
                "Total Cost": 131773.03,
                "Plan Rows": 1476438,
                "Plan Width": 0,
                "Actual Startup Time": 441.38,
                "Actual Total Time": 866.994,
                "Actual Rows": 1152787,
                "Actual Loops": 2,
                "Inner Unique": true,
                "Hash Cond": "(mk.movie_id = t.id)",
                "Plans": [
                  {
                    "Node Type": "Seq Scan",
                    "Parent Relationship": "Outer",
                    "Parallel Aware": true,
                    "Relation Name": "movie_keyword",
                    "Alias": "mk",
                    "Startup Cost": 0.0,
                    "Total Cost": 57718.19,
                    "Plan Rows": 1893434,
                    "Plan Width": 4,
                    "Actual Startup Time": 0.016,
                    "Actual Total Time": 191.374,
                    "Actual Rows": 1603876,
                    "Actual Loops": 2,
                    "Filter": "(keyword_id < 13298)",
                    "Rows Removed by Filter": 658088
                  },
                  {
                    "Node Type": "Hash",
                    "Parent Relationship": "Inner",
                    "Parallel Aware": true,
                    "Startup Cost": 54588.39,
                    "Total Cost": 54588.39,
                    "Plan Rows": 1159694,
                    "Plan Width": 4,
                    "Actual Startup Time": 430.135,
                    "Actual Total Time": 430.136,
                    "Actual Rows": 981094,
                    "Actual Loops": 2,
                    "Hash Buckets": 2097152,
                    "Original Hash Buckets": 2097152,
                    "Hash Batches": 1,
                    "Original Hash Batches": 1,
                    "Peak Memory Usage": 93184,
                    "Plans": [
                      {
                        "Node Type": "Seq Scan",
                        "Parent Relationship": "Outer",
                        "Parallel Aware": true,
                        "Relation Name": "title",
                        "Alias": "t",
                        "Startup Cost": 0.0,
                        "Total Cost": 54588.39,
                        "Plan Rows": 1159694,
                        "Plan Width": 4,
                        "Actual Startup Time": 0.026,
                        "Actual Total Time": 174.627,
                        "Actual Rows": 981094,
                        "Actual Loops": 2,
                        "Filter": "(production_year > 1978)",
                        "Rows Removed by Filter": 283062
                      }
                    ]
                  }
                ]
              }
            ]
          }
        ]
      }
    ]
  },
  "Planning Time": 0.411,
  "Triggers": [],
  "Execution Time": 937.962
}