[
  {
    "Plan": {
      "Node Type": "Aggregate",
      "Strategy": "Plain",
      "Partial Mode": "Finalize",
      "Parallel Aware": false,
      "Startup Cost": 45322.05,
      "Total Cost": 45322.06,
      "Plan Rows": 1,
      "Plan Width": 8,
      "Actual Startup Time": 138.793,
      "Actual Total Time": 156.032,
      "Actual Rows": 1,
      "Actual Loops": 1,
      "Plans": [
        {
          "Node Type": "Gather",
          "Parent Relationship": "Outer",
          "Parallel Aware": false,
          "Startup Cost": 45321.74,
          "Total Cost": 45322.05,
          "Plan Rows": 3,
          "Plan Width": 8,
          "Actual Startup Time": 138.67,
          "Actual Total Time": 156.021,
          "Actual Rows": 4,
          "Actual Loops": 1,
          "Workers Planned": 3,
          "Workers Launched": 3,
          "Single Copy": false,
          "Plans": [
            {
              "Node Type": "Aggregate",
              "Strategy": "Plain",
              "Partial Mode": "Partial",
              "Parent Relationship": "Outer",
              "Parallel Aware": false,
              "Startup Cost": 44321.74,
              "Total Cost": 44321.75,
              "Plan Rows": 1,
              "Plan Width": 8,
              "Actual Startup Time": 134.492,
              "Actual Total Time": 134.494,
              "Actual Rows": 1,
              "Actual Loops": 4,
              "Plans": [
                {
                  "Node Type": "Seq Scan",
                  "Parent Relationship": "Outer",
                  "Parallel Aware": true,
                  "Relation Name": "movie_keyword",
                  "Alias": "mk",
                  "Startup Cost": 0.0,
                  "Total Cost": 42695.65,
                  "Plan Rows": 650433,
                  "Plan Width": 0,
                  "Actual Startup Time": 1.047,
                  "Actual Total Time": 112.257,
                  "Actual Rows": 500904,
                  "Actual Loops": 4,
                  "Filter": "(keyword_id > 6243)",
                  "Rows Removed by Filter": 630078
                }
              ]
            }
          ]
        }
      ]
    },
    "Planning Time": 0.193,
    "Triggers": [],
    "Execution Time": 156.088
  }
]