[
  {
    "Plan": {
      "Node Type": "Aggregate",
      "Strategy": "Plain",
      "Partial Mode": "Finalize",
      "Parallel Aware": false,
      "Startup Cost": 342303.88,
      "Total Cost": 342303.89,
      "Plan Rows": 1,
      "Plan Width": 8,
      "Actual Startup Time": 820.922,
      "Actual Total Time": 867.355,
      "Actual Rows": 1,
      "Actual Loops": 1,
      "Plans": [
        {
          "Node Type": "Gather",
          "Parent Relationship": "Outer",
          "Parallel Aware": false,
          "Startup Cost": 342303.25,
          "Total Cost": 342303.86,
          "Plan Rows": 6,
          "Plan Width": 8,
          "Actual Startup Time": 820.635,
          "Actual Total Time": 867.338,
          "Actual Rows": 7,
          "Actual Loops": 1,
          "Workers Planned": 6,
          "Workers Launched": 6,
          "Single Copy": false,
          "Plans": [
            {
              "Node Type": "Aggregate",
              "Strategy": "Plain",
              "Partial Mode": "Partial",
              "Parent Relationship": "Outer",
              "Parallel Aware": false,
              "Startup Cost": 341303.25,
              "Total Cost": 341303.26,
              "Plan Rows": 1,
              "Plan Width": 8,
              "Actual Startup Time": 814.345,
              "Actual Total Time": 814.347,
              "Actual Rows": 1,
              "Actual Loops": 7,
              "Plans": [
                {
                  "Node Type": "Seq Scan",
                  "Parent Relationship": "Outer",
                  "Parallel Aware": true,
                  "Relation Name": "cast_info",
                  "Alias": "ci",
                  "Startup Cost": 0.0,
                  "Total Cost": 328211.39,
                  "Plan Rows": 5236744,
                  "Plan Width": 0,
                  "Actual Startup Time": 0.039,
                  "Actual Total Time": 612.283,
                  "Actual Rows": 4492500,
                  "Actual Loops": 7,
                  "Filter": "(person_id < 3197248)",
                  "Rows Removed by Filter": 685263
                }
              ]
            }
          ]
        }
      ]
    },
    "Planning Time": 0.22,
    "Triggers": [],
    "Execution Time": 867.421
  }
]