[
    {
        "Bao": {
            "Bao prediction": "NaN",
            "Bao recommended hint": "(no hint)"
        }
    },
    {
        "Plan": {
            "Node Type": "Aggregate",
            "Strategy": "Plain",
            "Partial Mode": "Finalize",
            "Parallel Aware": false,
            "Startup Cost": 30363.79,
            "Total Cost": 30363.8,
            "Plan Rows": 1,
            "Plan Width": 8,
            "Actual Startup Time": 78.348,
            "Actual Total Time": 83.657,
            "Actual Rows": 1,
            "Actual Loops": 1,
            "Output": [
                "count(*)"
            ],
            "Plans": [
                {
                    "Node Type": "Gather",
                    "Parent Relationship": "Outer",
                    "Parallel Aware": false,
                    "Startup Cost": 30363.48,
                    "Total Cost": 30363.79,
                    "Plan Rows": 3,
                    "Plan Width": 8,
                    "Actual Startup Time": 78.138,
                    "Actual Total Time": 83.651,
                    "Actual Rows": 4,
                    "Actual Loops": 1,
                    "Output": [
                        "(PARTIAL count(*))"
                    ],
                    "Workers Planned": 3,
                    "Workers Launched": 3,
                    "Single Copy": false,
                    "Plans": [
                        {
                            "Node Type": "Aggregate",
                            "Strategy": "Plain",
                            "Partial Mode": "Partial",
                            "Parent Relationship": "Outer",
                            "Parallel Aware": false,
                            "Startup Cost": 29363.48,
                            "Total Cost": 29363.49,
                            "Plan Rows": 1,
                            "Plan Width": 8,
                            "Actual Startup Time": 69.583,
                            "Actual Total Time": 69.585,
                            "Actual Rows": 1,
                            "Actual Loops": 4,
                            "Output": [
                                "PARTIAL count(*)"
                            ],
                            "Workers": [
                                {
                                    "Worker Number": 0,
                                    "Actual Startup Time": 66.557,
                                    "Actual Total Time": 66.558,
                                    "Actual Rows": 1,
                                    "Actual Loops": 1
                                },
                                {
                                    "Worker Number": 1,
                                    "Actual Startup Time": 66.629,
                                    "Actual Total Time": 66.631,
                                    "Actual Rows": 1,
                                    "Actual Loops": 1
                                },
                                {
                                    "Worker Number": 2,
                                    "Actual Startup Time": 67.26,
                                    "Actual Total Time": 67.262,
                                    "Actual Rows": 1,
                                    "Actual Loops": 1
                                }
                            ],
                            "Plans": [
                                {
                                    "Node Type": "Bitmap Heap Scan",
                                    "Parent Relationship": "Outer",
                                    "Parallel Aware": true,
                                    "Relation Name": "movie_companies",
                                    "Schema": "public",
                                    "Alias": "mc",
                                    "Startup Cost": 8502.02,
                                    "Total Cost": 29201.24,
                                    "Plan Rows": 64893,
                                    "Plan Width": 0,
                                    "Actual Startup Time": 53.54,
                                    "Actual Total Time": 68.312,
                                    "Actual Rows": 23216,
                                    "Actual Loops": 4,
                                    "Recheck Cond": "(mc.company_id < 239)",
                                    "Rows Removed by Index Recheck": 0,
                                    "Filter": "(mc.company_type_id > 1)",
                                    "Rows Removed by Filter": 74684,
                                    "Exact Heap Blocks": 10370,
                                    "Lossy Heap Blocks": 0,
                                    "Workers": [
                                        {
                                            "Worker Number": 0,
                                            "Actual Startup Time": 50.511,
                                            "Actual Total Time": 65.415,
                                            "Actual Rows": 19412,
                                            "Actual Loops": 1
                                        },
                                        {
                                            "Worker Number": 1,
                                            "Actual Startup Time": 50.585,
                                            "Actual Total Time": 65.464,
                                            "Actual Rows": 15155,
                                            "Actual Loops": 1
                                        },
                                        {
                                            "Worker Number": 2,
                                            "Actual Startup Time": 51.218,
                                            "Actual Total Time": 66.125,
                                            "Actual Rows": 19387,
                                            "Actual Loops": 1
                                        }
                                    ],
                                    "Plans": [
                                        {
                                            "Node Type": "Bitmap Index Scan",
                                            "Parent Relationship": "Outer",
                                            "Parallel Aware": false,
                                            "Index Name": "company_id_movie_companies",
                                            "Startup Cost": 0.0,
                                            "Total Cost": 8451.73,
                                            "Plan Rows": 394573,
                                            "Plan Width": 0,
                                            "Actual Startup Time": 22.333,
                                            "Actual Total Time": 22.333,
                                            "Actual Rows": 391600,
                                            "Actual Loops": 1,
                                            "Index Cond": "(mc.company_id < 239)"
                                        }
                                    ]
                                }
                            ]
                        }
                    ]
                }
            ]
        },
        "Planning Time": 183.275,
        "Triggers": [],
        "Execution Time": 83.708
    }
]