[
  {
    "Plan": {
      "Node Type": "Aggregate",
      "Strategy": "Plain",
      "Partial Mode": "Finalize",
      "Parallel Aware": false,
      "Startup Cost": 133086.73,
      "Total Cost": 133086.74,
      "Plan Rows": 1,
      "Plan Width": 8,
      "Actual Startup Time": 1123.865,
      "Actual Total Time": 1143.962,
      "Actual Rows": 1,
      "Actual Loops": 1,
      "Plans": [
        {
          "Node Type": "Gather",
          "Parent Relationship": "Outer",
          "Parallel Aware": false,
          "Startup Cost": 133086.41,
          "Total Cost": 133086.72,
          "Plan Rows": 3,
          "Plan Width": 8,
          "Actual Startup Time": 1115.572,
          "Actual Total Time": 1143.952,
          "Actual Rows": 4,
          "Actual Loops": 1,
          "Workers Planned": 3,
          "Workers Launched": 3,
          "Single Copy": false,
          "Plans": [
            {
              "Node Type": "Aggregate",
              "Strategy": "Plain",
              "Partial Mode": "Partial",
              "Parent Relationship": "Outer",
              "Parallel Aware": false,
              "Startup Cost": 132086.41,
              "Total Cost": 132086.42,
              "Plan Rows": 1,
              "Plan Width": 8,
              "Actual Startup Time": 1102.6,
              "Actual Total Time": 1103.487,
              "Actual Rows": 1,
              "Actual Loops": 4,
              "Plans": [
                {
                  "Node Type": "Hash Join",
                  "Parent Relationship": "Outer",
                  "Parallel Aware": true,
                  "Join Type": "Inner",
                  "Startup Cost": 85275.96,
                  "Total Cost": 131352.04,
                  "Plan Rows": 293748,
                  "Plan Width": 0,
                  "Actual Startup Time": 582.632,
                  "Actual Total Time": 976.496,
                  "Actual Rows": 3341363,
                  "Actual Loops": 4,
                  "Inner Unique": false,
                  "Hash Cond": "(mk.movie_id = t.id)",
                  "Plans": [
                    {
                      "Node Type": "Seq Scan",
                      "Parent Relationship": "Outer",
                      "Parallel Aware": true,
                      "Relation Name": "movie_keyword",
                      "Alias": "mk",
                      "Startup Cost": 0.0,
                      "Total Cost": 42695.65,
                      "Plan Rows": 705614,
                      "Plan Width": 4,
                      "Actual Startup Time": 0.32,
                      "Actual Total Time": 99.773,
                      "Actual Rows": 546232,
                      "Actual Loops": 4,
                      "Filter": "(keyword_id > 5169)",
                      "Rows Removed by Filter": 584750
                    },
                    {
                      "Node Type": "Hash",
                      "Parent Relationship": "Inner",
                      "Parallel Aware": true,
                      "Startup Cost": 81986.8,
                      "Total Cost": 81986.8,
                      "Plan Rows": 263133,
                      "Plan Width": 8,
                      "Actual Startup Time": 574.392,
                      "Actual Total Time": 575.278,
                      "Actual Rows": 318562,
                      "Actual Loops": 4,
                      "Hash Buckets": 2097152,
                      "Original Hash Buckets": 2097152,
                      "Hash Batches": 1,
                      "Original Hash Batches": 1,
                      "Peak Memory Usage": 66272,
                      "Plans": [
                        {
                          "Node Type": "Hash Join",
                          "Parent Relationship": "Outer",
                          "Parallel Aware": true,
                          "Join Type": "Inner",
                          "Startup Cost": 35658.89,
                          "Total Cost": 81986.8,
                          "Plan Rows": 263133,
                          "Plan Width": 8,
                          "Actual Startup Time": 182.955,
                          "Actual Total Time": 474.614,
                          "Actual Rows": 318562,
                          "Actual Loops": 4,
                          "Inner Unique": false,
                          "Hash Cond": "(t.id = mc.movie_id)",
                          "Plans": [
                            {
                              "Node Type": "Seq Scan",
                              "Parent Relationship": "Outer",
                              "Parallel Aware": true,
                              "Relation Name": "title",
                              "Alias": "t",
                              "Startup Cost": 0.0,
                              "Total Cost": 42318.73,
                              "Plan Rows": 632073,
                              "Plan Width": 4,
                              "Actual Startup Time": 0.011,
                              "Actual Total Time": 75.004,
                              "Actual Rows": 632078,
                              "Actual Loops": 4
                            },
                            {
                              "Node Type": "Hash",
                              "Parent Relationship": "Inner",
                              "Parallel Aware": true,
                              "Startup Cost": 31414.82,
                              "Total Cost": 31414.82,
                              "Plan Rows": 339526,
                              "Plan Width": 4,
                              "Actual Startup Time": 179.26,
                              "Actual Total Time": 179.261,
                              "Actual Rows": 318562,
                              "Actual Loops": 4,
                              "Hash Buckets": 2097152,
                              "Original Hash Buckets": 2097152,
                              "Hash Batches": 1,
                              "Original Hash Batches": 1,
                              "Peak Memory Usage": 66304,
                              "Plans": [
                                {
                                  "Node Type": "Seq Scan",
                                  "Parent Relationship": "Outer",
                                  "Parallel Aware": true,
                                  "Relation Name": "movie_companies",
                                  "Alias": "mc",
                                  "Startup Cost": 0.0,
                                  "Total Cost": 31414.82,
                                  "Plan Rows": 339526,
                                  "Plan Width": 4,
                                  "Actual Startup Time": 0.072,
                                  "Actual Total Time": 81.655,
                                  "Actual Rows": 318562,
                                  "Actual Loops": 4,
                                  "Filter": "((company_id < 75437) AND (company_type_id < 2))",
                                  "Rows Removed by Filter": 333721
                                }
                              ]
                            }
                          ]
                        }
                      ]
                    }
                  ]
                }
              ]
            }
          ]
        }
      ]
    },
    "Planning Time": 1.502,
    "Triggers": [],
    "Execution Time": 1144.046
  }
]