[
  {
    "Plan": {
      "Node Type": "Aggregate",
      "Strategy": "Plain",
      "Partial Mode": "Finalize",
      "Parallel Aware": false,
      "Startup Cost": 158415.05,
      "Total Cost": 158415.06,
      "Plan Rows": 1,
      "Plan Width": 8,
      "Actual Startup Time": 233.477,
      "Actual Total Time": 249.369,
      "Actual Rows": 1,
      "Actual Loops": 1,
      "Plans": [
        {
          "Node Type": "Gather",
          "Parent Relationship": "Outer",
          "Parallel Aware": false,
          "Startup Cost": 158414.53,
          "Total Cost": 158415.04,
          "Plan Rows": 5,
          "Plan Width": 8,
          "Actual Startup Time": 233.31,
          "Actual Total Time": 249.355,
          "Actual Rows": 6,
          "Actual Loops": 1,
          "Workers Planned": 5,
          "Workers Launched": 5,
          "Single Copy": false,
          "Plans": [
            {
              "Node Type": "Aggregate",
              "Strategy": "Plain",
              "Partial Mode": "Partial",
              "Parent Relationship": "Outer",
              "Parallel Aware": false,
              "Startup Cost": 157414.53,
              "Total Cost": 157414.54,
              "Plan Rows": 1,
              "Plan Width": 8,
              "Actual Startup Time": 225.87,
              "Actual Total Time": 225.872,
              "Actual Rows": 1,
              "Actual Loops": 6,
              "Plans": [
                {
                  "Node Type": "Index Scan",
                  "Parent Relationship": "Outer",
                  "Parallel Aware": true,
                  "Scan Direction": "Forward",
                  "Index Name": "role_id_cast_info",
                  "Relation Name": "cast_info",
                  "Alias": "ci",
                  "Startup Cost": 0.56,
                  "Total Cost": 155872.35,
                  "Plan Rows": 616874,
                  "Plan Width": 0,
                  "Actual Startup Time": 0.21,
                  "Actual Total Time": 214.879,
                  "Actual Rows": 178844,
                  "Actual Loops": 6,
                  "Index Cond": "(role_id > 8)",
                  "Rows Removed by Index Recheck": 0,
                  "Filter": "(person_id < 1986326)",
                  "Rows Removed by Filter": 776606
                }
              ]
            }
          ]
        }
      ]
    },
    "Planning Time": 0.262,
    "Triggers": [],
    "Execution Time": 249.459
  }
]