[
  {
    "Plan": {
      "Node Type": "Aggregate",
      "Strategy": "Plain",
      "Partial Mode": "Finalize",
      "Parallel Aware": false,
      "Startup Cost": 350239.34,
      "Total Cost": 350239.35,
      "Plan Rows": 1,
      "Plan Width": 8,
      "Actual Startup Time": 744.478,
      "Actual Total Time": 790.961,
      "Actual Rows": 1,
      "Actual Loops": 1,
      "Plans": [
        {
          "Node Type": "Gather",
          "Parent Relationship": "Outer",
          "Parallel Aware": false,
          "Startup Cost": 350238.71,
          "Total Cost": 350239.32,
          "Plan Rows": 6,
          "Plan Width": 8,
          "Actual Startup Time": 744.268,
          "Actual Total Time": 790.95,
          "Actual Rows": 7,
          "Actual Loops": 1,
          "Workers Planned": 6,
          "Workers Launched": 6,
          "Single Copy": false,
          "Plans": [
            {
              "Node Type": "Aggregate",
              "Strategy": "Plain",
              "Partial Mode": "Partial",
              "Parent Relationship": "Outer",
              "Parallel Aware": false,
              "Startup Cost": 349238.71,
              "Total Cost": 349238.72,
              "Plan Rows": 1,
              "Plan Width": 8,
              "Actual Startup Time": 736.818,
              "Actual Total Time": 736.819,
              "Actual Rows": 1,
              "Actual Loops": 7,
              "Plans": [
                {
                  "Node Type": "Seq Scan",
                  "Parent Relationship": "Outer",
                  "Parallel Aware": true,
                  "Relation Name": "cast_info",
                  "Alias": "ci",
                  "Startup Cost": 0.0,
                  "Total Cost": 343316.27,
                  "Plan Rows": 2368977,
                  "Plan Width": 0,
                  "Actual Startup Time": 335.849,
                  "Actual Total Time": 644.233,
                  "Actual Rows": 2133181,
                  "Actual Loops": 7,
                  "Filter": "((person_id > 412122) AND (role_id > 2))",
                  "Rows Removed by Filter": 3044582
                }
              ]
            }
          ]
        }
      ]
    },
    "Planning Time": 0.105,
    "Triggers": [],
    "Execution Time": 791.003
  }
]