{
    "Plan": {
        "Node Type": "Aggregate",
        "Strategy": "Plain",
        "Partial Mode": "Simple",
        "Parallel Aware": false,
        "Startup Cost": 70004372694.53,
        "Total Cost": 70004372694.54,
        "Plan Rows": 1,
        "Plan Width": 96,
        "Actual Startup Time": 8965.547,
        "Actual Total Time": 8965.562,
        "Actual Rows": 1,
        "Actual Loops": 1,
        "Output": [
            "min(cn.name)",
            "min((lt.link)::text)",
            "min(t.title)"
        ],
        "Plans": [
            {
                "Node Type": "Nested Loop",
                "Parent Relationship": "Outer",
                "Parallel Aware": false,
                "Join Type": "Inner",
                "Startup Cost": 70004367224.06,
                "Total Cost": 70004372694.52,
                "Plan Rows": 1,
                "Plan Width": 48,
                "Actual Startup Time": 8919.711,
                "Actual Total Time": 8965.457,
                "Actual Rows": 278,
                "Actual Loops": 1,
                "Output": [
                    "cn.name",
                    "lt.link",
                    "t.title"
                ],
                "Inner Unique": true,
                "Plans": [
                    {
                        "Node Type": "Merge Join",
                        "Parent Relationship": "Outer",
                        "Parallel Aware": false,
                        "Join Type": "Inner",
                        "Startup Cost": 60004367223.63,
                        "Total Cost": 60004372690.07,
                        "Plan Rows": 1,
                        "Plan Width": 33,
                        "Actual Startup Time": 8919.663,
                        "Actual Total Time": 8961.526,
                        "Actual Rows": 780,
                        "Actual Loops": 1,
                        "Output": [
                            "mc.company_id",
                            "lt.link",
                            "t.title"
                        ],
                        "Inner Unique": true,
                        "Merge Cond": "(mk.keyword_id = k.id)",
                        "Plans": [
                            {
                                "Node Type": "Sort",
                                "Parent Relationship": "Outer",
                                "Parallel Aware": false,
                                "Startup Cost": 60004367223.2,
                                "Total Cost": 60004367285.17,
                                "Plan Rows": 24787,
                                "Plan Width": 37,
                                "Actual Startup Time": 8918.719,
                                "Actual Total Time": 8919.07,
                                "Actual Rows": 3676,
                                "Actual Loops": 1,
                                "Output": [
                                    "mc.company_id",
                                    "mk.keyword_id",
                                    "lt.link",
                                    "t.title"
                                ],
                                "Sort Key": [
                                    "mk.keyword_id"
                                ],
                                "Sort Method": "quicksort",
                                "Sort Space Used": 1664,
                                "Sort Space Type": "Memory",
                                "Plans": [
                                    {
                                        "Node Type": "Hash Join",
                                        "Parent Relationship": "Outer",
                                        "Parallel Aware": false,
                                        "Join Type": "Inner",
                                        "Startup Cost": 60004364922.93,
                                        "Total Cost": 60004365414.08,
                                        "Plan Rows": 24787,
                                        "Plan Width": 37,
                                        "Actual Startup Time": 8913.699,
                                        "Actual Total Time": 8915.233,
                                        "Actual Rows": 16043,
                                        "Actual Loops": 1,
                                        "Output": [
                                            "mc.company_id",
                                            "mk.keyword_id",
                                            "lt.link",
                                            "t.title"
                                        ],
                                        "Inner Unique": false,
                                        "Hash Cond": "(ct.id = mc.company_type_id)",
                                        "Plans": [
                                            {
                                                "Node Type": "Index Scan",
                                                "Parent Relationship": "Outer",
                                                "Parallel Aware": false,
                                                "Scan Direction": "Forward",
                                                "Index Name": "company_type_pkey",
                                                "Relation Name": "company_type",
                                                "Schema": "public",
                                                "Alias": "ct",
                                                "Startup Cost": 10000000000.13,
                                                "Total Cost": 10000000012.2,
                                                "Plan Rows": 1,
                                                "Plan Width": 4,
                                                "Actual Startup Time": 0.029,
                                                "Actual Total Time": 0.036,
                                                "Actual Rows": 1,
                                                "Actual Loops": 1,
                                                "Output": [
                                                    "ct.id",
                                                    "ct.kind"
                                                ],
                                                "Filter": "((ct.kind)::text = 'production companies'::text)",
                                                "Rows Removed by Filter": 3
                                            },
                                            {
                                                "Node Type": "Hash",
                                                "Parent Relationship": "Inner",
                                                "Parallel Aware": false,
                                                "Startup Cost": 50004363325.86,
                                                "Total Cost": 50004363325.86,
                                                "Plan Rows": 127755,
                                                "Plan Width": 41,
                                                "Actual Startup Time": 8912.977,
                                                "Actual Total Time": 8912.988,
                                                "Actual Rows": 17739,
                                                "Actual Loops": 1,
                                                "Output": [
                                                    "lt.link",
                                                    "mc.company_type_id",
                                                    "mc.company_id",
                                                    "mk.keyword_id",
                                                    "t.title"
                                                ],
                                                "Hash Buckets": 131072,
                                                "Original Hash Buckets": 131072,
                                                "Hash Batches": 1,
                                                "Original Hash Batches": 1,
                                                "Peak Memory Usage": 2236,
                                                "Plans": [
                                                    {
                                                        "Node Type": "Hash Join",
                                                        "Parent Relationship": "Outer",
                                                        "Parallel Aware": false,
                                                        "Join Type": "Inner",
                                                        "Startup Cost": 50003094195.51,
                                                        "Total Cost": 50004363325.86,
                                                        "Plan Rows": 127755,
                                                        "Plan Width": 41,
                                                        "Actual Startup Time": 7517.326,
                                                        "Actual Total Time": 8909.999,
                                                        "Actual Rows": 17739,
                                                        "Actual Loops": 1,
                                                        "Output": [
                                                            "lt.link",
                                                            "mc.company_type_id",
                                                            "mc.company_id",
                                                            "mk.keyword_id",
                                                            "t.title"
                                                        ],
                                                        "Inner Unique": false,
                                                        "Hash Cond": "(t.id = ml.movie_id)",
                                                        "Plans": [
                                                            {
                                                                "Node Type": "Merge Join",
                                                                "Parent Relationship": "Outer",
                                                                "Parallel Aware": false,
                                                                "Join Type": "Inner",
                                                                "Startup Cost": 20000537710.36,
                                                                "Total Cost": 20000668615.83,
                                                                "Plan Rows": 242264,
                                                                "Plan Width": 25,
                                                                "Actual Startup Time": 3856.991,
                                                                "Actual Total Time": 5209.854,
                                                                "Actual Rows": 236163,
                                                                "Actual Loops": 1,
                                                                "Output": [
                                                                    "mi.movie_id",
                                                                    "t.title",
                                                                    "t.id"
                                                                ],
                                                                "Inner Unique": false,
                                                                "Merge Cond": "(t.id = mi.movie_id)",
                                                                "Plans": [
                                                                    {
                                                                        "Node Type": "Index Scan",
                                                                        "Parent Relationship": "Outer",
                                                                        "Parallel Aware": false,
                                                                        "Scan Direction": "Forward",
                                                                        "Index Name": "title_pkey",
                                                                        "Relation Name": "title",
                                                                        "Schema": "public",
                                                                        "Alias": "t",
                                                                        "Startup Cost": 10000000000.43,
                                                                        "Total Cost": 10000122983.71,
                                                                        "Plan Rows": 950614,
                                                                        "Plan Width": 21,
                                                                        "Actual Startup Time": 0.03,
                                                                        "Actual Total Time": 1202.506,
                                                                        "Actual Rows": 951466,
                                                                        "Actual Loops": 1,
                                                                        "Output": [
                                                                            "t.id",
                                                                            "t.title",
                                                                            "t.imdb_index",
                                                                            "t.kind_id",
                                                                            "t.production_year",
                                                                            "t.imdb_id",
                                                                            "t.phonetic_code",
                                                                            "t.episode_of_id",
                                                                            "t.season_nr",
                                                                            "t.episode_nr",
                                                                            "t.series_years",
                                                                            "t.md5sum"
                                                                        ],
                                                                        "Filter": "((t.production_year >= 1999) AND (t.production_year <= 2009))",
                                                                        "Rows Removed by Filter": 1574734
                                                                    },
                                                                    {
                                                                        "Node Type": "Sort",
                                                                        "Parent Relationship": "Inner",
                                                                        "Parallel Aware": false,
                                                                        "Startup Cost": 10000537709.61,
                                                                        "Total Cost": 10000539320.47,
                                                                        "Plan Rows": 644342,
                                                                        "Plan Width": 4,
                                                                        "Actual Startup Time": 3856.951,
                                                                        "Actual Total Time": 3893.811,
                                                                        "Actual Rows": 656724,
                                                                        "Actual Loops": 1,
                                                                        "Output": [
                                                                            "mi.movie_id"
                                                                        ],
                                                                        "Sort Key": [
                                                                            "mi.movie_id"
                                                                        ],
                                                                        "Sort Method": "quicksort",
                                                                        "Sort Space Used": 55360,
                                                                        "Sort Space Type": "Memory",
                                                                        "Plans": [
                                                                            {
                                                                                "Node Type": "Seq Scan",
                                                                                "Parent Relationship": "Outer",
                                                                                "Parallel Aware": false,
                                                                                "Relation Name": "movie_info",
                                                                                "Schema": "public",
                                                                                "Alias": "mi",
                                                                                "Startup Cost": 10000000000.0,
                                                                                "Total Cost": 10000475538.77,
                                                                                "Plan Rows": 644342,
                                                                                "Plan Width": 4,
                                                                                "Actual Startup Time": 3.322,
                                                                                "Actual Total Time": 3727.075,
                                                                                "Actual Rows": 656724,
                                                                                "Actual Loops": 1,
                                                                                "Output": [
                                                                                    "mi.movie_id"
                                                                                ],
                                                                                "Filter": "(mi.info = ANY ('{American,USA,Norway,Denish,Denmark,Danish,German,Bulgaria,Sweden}'::text[]))",
                                                                                "Rows Removed by Filter": 14178996
                                                                            }
                                                                        ]
                                                                    }
                                                                ]
                                                            },
                                                            {
                                                                "Node Type": "Hash",
                                                                "Parent Relationship": "Inner",
                                                                "Parallel Aware": false,
                                                                "Startup Cost": 30002554009.96,
                                                                "Total Cost": 30002554009.96,
                                                                "Plan Rows": 198015,
                                                                "Plan Width": 36,
                                                                "Actual Startup Time": 3654.507,
                                                                "Actual Total Time": 3654.513,
                                                                "Actual Rows": 54010,
                                                                "Actual Loops": 1,
                                                                "Output": [
                                                                    "lt.link",
                                                                    "ml.movie_id",
                                                                    "mc.movie_id",
                                                                    "mc.company_type_id",
                                                                    "mc.company_id",
                                                                    "mk.movie_id",
                                                                    "mk.keyword_id"
                                                                ],
                                                                "Hash Buckets": 262144,
                                                                "Original Hash Buckets": 262144,
                                                                "Hash Batches": 1,
                                                                "Original Hash Batches": 1,
                                                                "Peak Memory Usage": 5557,
                                                                "Plans": [
                                                                    {
                                                                        "Node Type": "Hash Join",
                                                                        "Parent Relationship": "Outer",
                                                                        "Parallel Aware": false,
                                                                        "Join Type": "Inner",
                                                                        "Startup Cost": 30002387988.02,
                                                                        "Total Cost": 30002554009.96,
                                                                        "Plan Rows": 198015,
                                                                        "Plan Width": 36,
                                                                        "Actual Startup Time": 3536.231,
                                                                        "Actual Total Time": 3645.433,
                                                                        "Actual Rows": 54010,
                                                                        "Actual Loops": 1,
                                                                        "Output": [
                                                                            "lt.link",
                                                                            "ml.movie_id",
                                                                            "mc.movie_id",
                                                                            "mc.company_type_id",
                                                                            "mc.company_id",
                                                                            "mk.movie_id",
                                                                            "mk.keyword_id"
                                                                        ],
                                                                        "Inner Unique": true,
                                                                        "Hash Cond": "(ml.link_type_id = lt.id)",
                                                                        "Plans": [
                                                                            {
                                                                                "Node Type": "Hash Join",
                                                                                "Parent Relationship": "Outer",
                                                                                "Parallel Aware": false,
                                                                                "Join Type": "Inner",
                                                                                "Startup Cost": 20002387975.56,
                                                                                "Total Cost": 20002542433.72,
                                                                                "Plan Rows": 3565703,
                                                                                "Plan Width": 28,
                                                                                "Actual Startup Time": 3536.02,
                                                                                "Actual Total Time": 3607.468,
                                                                                "Actual Rows": 732182,
                                                                                "Actual Loops": 1,
                                                                                "Output": [
                                                                                    "mc.movie_id",
                                                                                    "mc.company_type_id",
                                                                                    "mc.company_id",
                                                                                    "mk.movie_id",
                                                                                    "mk.keyword_id",
                                                                                    "ml.link_type_id",
                                                                                    "ml.movie_id"
                                                                                ],
                                                                                "Inner Unique": false,
                                                                                "Hash Cond": "(ml.movie_id = mk.movie_id)",
                                                                                "Plans": [
                                                                                    {
                                                                                        "Node Type": "Seq Scan",
                                                                                        "Parent Relationship": "Outer",
                                                                                        "Parallel Aware": false,
                                                                                        "Relation Name": "movie_link",
                                                                                        "Schema": "public",
                                                                                        "Alias": "ml",
                                                                                        "Startup Cost": 0.0,
                                                                                        "Total Cost": 462.97,
                                                                                        "Plan Rows": 29997,
                                                                                        "Plan Width": 8,
                                                                                        "Actual Startup Time": 0.022,
                                                                                        "Actual Total Time": 3.877,
                                                                                        "Actual Rows": 29997,
                                                                                        "Actual Loops": 1,
                                                                                        "Output": [
                                                                                            "ml.id",
                                                                                            "ml.movie_id",
                                                                                            "ml.linked_movie_id",
                                                                                            "ml.link_type_id"
                                                                                        ]
                                                                                    },
                                                                                    {
                                                                                        "Node Type": "Hash",
                                                                                        "Parent Relationship": "Inner",
                                                                                        "Parallel Aware": false,
                                                                                        "Startup Cost": 20002240138.62,
                                                                                        "Total Cost": 20002240138.62,
                                                                                        "Plan Rows": 11826955,
                                                                                        "Plan Width": 20,
                                                                                        "Actual Startup Time": 3490.812,
                                                                                        "Actual Total Time": 3490.814,
                                                                                        "Actual Rows": 6719220,
                                                                                        "Actual Loops": 1,
                                                                                        "Output": [
                                                                                            "mc.movie_id",
                                                                                            "mc.company_type_id",
                                                                                            "mc.company_id",
                                                                                            "mk.movie_id",
                                                                                            "mk.keyword_id"
                                                                                        ],
                                                                                        "Hash Buckets": 16777216,
                                                                                        "Original Hash Buckets": 16777216,
                                                                                        "Hash Batches": 1,
                                                                                        "Original Hash Batches": 1,
                                                                                        "Peak Memory Usage": 472283,
                                                                                        "Plans": [
                                                                                            {
                                                                                                "Node Type": "Hash Join",
                                                                                                "Parent Relationship": "Outer",
                                                                                                "Parallel Aware": false,
                                                                                                "Join Type": "Inner",
                                                                                                "Startup Cost": 20000126242.85,
                                                                                                "Total Cost": 20002240138.62,
                                                                                                "Plan Rows": 11826955,
                                                                                                "Plan Width": 20,
                                                                                                "Actual Startup Time": 1142.355,
                                                                                                "Actual Total Time": 2544.521,
                                                                                                "Actual Rows": 6719220,
                                                                                                "Actual Loops": 1,
                                                                                                "Output": [
                                                                                                    "mc.movie_id",
                                                                                                    "mc.company_type_id",
                                                                                                    "mc.company_id",
                                                                                                    "mk.movie_id",
                                                                                                    "mk.keyword_id"
                                                                                                ],
                                                                                                "Inner Unique": false,
                                                                                                "Hash Cond": "(mc.movie_id = mk.movie_id)",
                                                                                                "Plans": [
                                                                                                    {
                                                                                                        "Node Type": "Index Scan",
                                                                                                        "Parent Relationship": "Outer",
                                                                                                        "Parallel Aware": false,
                                                                                                        "Scan Direction": "Forward",
                                                                                                        "Index Name": "company_type_id_movie_companies",
                                                                                                        "Relation Name": "movie_companies",
                                                                                                        "Schema": "public",
                                                                                                        "Alias": "mc",
                                                                                                        "Startup Cost": 10000000000.43,
                                                                                                        "Total Cost": 10000084830.36,
                                                                                                        "Plan Rows": 1265428,
                                                                                                        "Plan Width": 12,
                                                                                                        "Actual Startup Time": 0.07,
                                                                                                        "Actual Total Time": 471.913,
                                                                                                        "Actual Rows": 1271989,
                                                                                                        "Actual Loops": 1,
                                                                                                        "Output": [
                                                                                                            "mc.id",
                                                                                                            "mc.movie_id",
                                                                                                            "mc.company_id",
                                                                                                            "mc.company_type_id",
                                                                                                            "mc.note"
                                                                                                        ],
                                                                                                        "Filter": "(mc.note IS NULL)",
                                                                                                        "Rows Removed by Filter": 1337140
                                                                                                    },
                                                                                                    {
                                                                                                        "Node Type": "Hash",
                                                                                                        "Parent Relationship": "Inner",
                                                                                                        "Parallel Aware": false,
                                                                                                        "Startup Cost": 10000069693.3,
                                                                                                        "Total Cost": 10000069693.3,
                                                                                                        "Plan Rows": 4523930,
                                                                                                        "Plan Width": 8,
                                                                                                        "Actual Startup Time": 1123.49,
                                                                                                        "Actual Total Time": 1123.491,
                                                                                                        "Actual Rows": 4523930,
                                                                                                        "Actual Loops": 1,
                                                                                                        "Output": [
                                                                                                            "mk.movie_id",
                                                                                                            "mk.keyword_id"
                                                                                                        ],
                                                                                                        "Hash Buckets": 8388608,
                                                                                                        "Original Hash Buckets": 8388608,
                                                                                                        "Hash Batches": 1,
                                                                                                        "Original Hash Batches": 1,
                                                                                                        "Peak Memory Usage": 242253,
                                                                                                        "Plans": [
                                                                                                            {
                                                                                                                "Node Type": "Seq Scan",
                                                                                                                "Parent Relationship": "Outer",
                                                                                                                "Parallel Aware": false,
                                                                                                                "Relation Name": "movie_keyword",
                                                                                                                "Schema": "public",
                                                                                                                "Alias": "mk",
                                                                                                                "Startup Cost": 10000000000.0,
                                                                                                                "Total Cost": 10000069693.3,
                                                                                                                "Plan Rows": 4523930,
                                                                                                                "Plan Width": 8,
                                                                                                                "Actual Startup Time": 0.028,
                                                                                                                "Actual Total Time": 592.492,
                                                                                                                "Actual Rows": 4523930,
                                                                                                                "Actual Loops": 1,
                                                                                                                "Output": [
                                                                                                                    "mk.movie_id",
                                                                                                                    "mk.keyword_id"
                                                                                                                ]
                                                                                                            }
                                                                                                        ]
                                                                                                    }
                                                                                                ]
                                                                                            }
                                                                                        ]
                                                                                    }
                                                                                ]
                                                                            },
                                                                            {
                                                                                "Node Type": "Hash",
                                                                                "Parent Relationship": "Inner",
                                                                                "Parallel Aware": false,
                                                                                "Startup Cost": 10000000012.45,
                                                                                "Total Cost": 10000000012.45,
                                                                                "Plan Rows": 1,
                                                                                "Plan Width": 16,
                                                                                "Actual Startup Time": 0.086,
                                                                                "Actual Total Time": 0.087,
                                                                                "Actual Rows": 2,
                                                                                "Actual Loops": 1,
                                                                                "Output": [
                                                                                    "lt.link",
                                                                                    "lt.id"
                                                                                ],
                                                                                "Hash Buckets": 1024,
                                                                                "Original Hash Buckets": 1024,
                                                                                "Hash Batches": 1,
                                                                                "Original Hash Batches": 1,
                                                                                "Peak Memory Usage": 9,
                                                                                "Plans": [
                                                                                    {
                                                                                        "Node Type": "Index Scan",
                                                                                        "Parent Relationship": "Outer",
                                                                                        "Parallel Aware": false,
                                                                                        "Scan Direction": "Forward",
                                                                                        "Index Name": "link_type_pkey",
                                                                                        "Relation Name": "link_type",
                                                                                        "Schema": "public",
                                                                                        "Alias": "lt",
                                                                                        "Startup Cost": 10000000000.14,
                                                                                        "Total Cost": 10000000012.45,
                                                                                        "Plan Rows": 1,
                                                                                        "Plan Width": 16,
                                                                                        "Actual Startup Time": 0.077,
                                                                                        "Actual Total Time": 0.082,
                                                                                        "Actual Rows": 2,
                                                                                        "Actual Loops": 1,
                                                                                        "Output": [
                                                                                            "lt.link",
                                                                                            "lt.id"
                                                                                        ],
                                                                                        "Filter": "((lt.link)::text ~~ '%follow%'::text)",
                                                                                        "Rows Removed by Filter": 16
                                                                                    }
                                                                                ]
                                                                            }
                                                                        ]
                                                                    }
                                                                ]
                                                            }
                                                        ]
                                                    }
                                                ]
                                            }
                                        ]
                                    }
                                ]
                            },
                            {
                                "Node Type": "Index Scan",
                                "Parent Relationship": "Inner",
                                "Parallel Aware": false,
                                "Scan Direction": "Forward",
                                "Index Name": "keyword_pkey",
                                "Relation Name": "keyword",
                                "Schema": "public",
                                "Alias": "k",
                                "Startup Cost": 0.42,
                                "Total Cost": 5342.92,
                                "Plan Rows": 1,
                                "Plan Width": 4,
                                "Actual Startup Time": 0.601,
                                "Actual Total Time": 42.139,
                                "Actual Rows": 1,
                                "Actual Loops": 1,
                                "Output": [
                                    "k.id",
                                    "k.keyword",
                                    "k.phonetic_code"
                                ],
                                "Filter": "(k.keyword = 'sequel'::text)",
                                "Rows Removed by Filter": 134169
                            }
                        ]
                    },
                    {
                        "Node Type": "Bitmap Heap Scan",
                        "Parent Relationship": "Inner",
                        "Parallel Aware": false,
                        "Relation Name": "company_name",
                        "Schema": "public",
                        "Alias": "cn",
                        "Startup Cost": 0.43,
                        "Total Cost": 4.45,
                        "Plan Rows": 1,
                        "Plan Width": 23,
                        "Actual Startup Time": 0.003,
                        "Actual Total Time": 0.003,
                        "Actual Rows": 0,
                        "Actual Loops": 780,
                        "Output": [
                            "cn.id",
                            "cn.name",
                            "cn.country_code",
                            "cn.imdb_id",
                            "cn.name_pcode_nf",
                            "cn.name_pcode_sf",
                            "cn.md5sum"
                        ],
                        "Recheck Cond": "(cn.id = mc.company_id)",
                        "Rows Removed by Index Recheck": 0,
                        "Filter": "(((cn.country_code)::text <> '[pl]'::text) AND ((cn.name ~~ '%Film%'::text) OR (cn.name ~~ '%Warner%'::text)))",
                        "Rows Removed by Filter": 1,
                        "Exact Heap Blocks": 780,
                        "Lossy Heap Blocks": 0,
                        "Plans": [
                            {
                                "Node Type": "Bitmap Index Scan",
                                "Parent Relationship": "Outer",
                                "Parallel Aware": false,
                                "Index Name": "company_name_pkey",
                                "Startup Cost": 0.0,
                                "Total Cost": 0.43,
                                "Plan Rows": 1,
                                "Plan Width": 0,
                                "Actual Startup Time": 0.002,
                                "Actual Total Time": 0.002,
                                "Actual Rows": 1,
                                "Actual Loops": 780,
                                "Index Cond": "(cn.id = mc.company_id)"
                            }
                        ]
                    }
                ]
            }
        ]
    },
    "Planning Time": 14.894,
    "Triggers": [],
    "Execution Time": 8970.567
}