[
  {
    "Plan": {
      "Node Type": "Aggregate",
      "Strategy": "Plain",
      "Partial Mode": "Finalize",
      "Parallel Aware": false,
      "Startup Cost": 343816.33,
      "Total Cost": 343816.34,
      "Plan Rows": 1,
      "Plan Width": 8,
      "Actual Startup Time": 831.919,
      "Actual Total Time": 890.578,
      "Actual Rows": 1,
      "Actual Loops": 1,
      "Plans": [
        {
          "Node Type": "Gather",
          "Parent Relationship": "Outer",
          "Parallel Aware": false,
          "Startup Cost": 343815.7,
          "Total Cost": 343816.31,
          "Plan Rows": 6,
          "Plan Width": 8,
          "Actual Startup Time": 831.817,
          "Actual Total Time": 890.569,
          "Actual Rows": 7,
          "Actual Loops": 1,
          "Workers Planned": 6,
          "Workers Launched": 6,
          "Single Copy": false,
          "Plans": [
            {
              "Node Type": "Aggregate",
              "Strategy": "Plain",
              "Partial Mode": "Partial",
              "Parent Relationship": "Outer",
              "Parallel Aware": false,
              "Startup Cost": 342815.7,
              "Total Cost": 342815.71,
              "Plan Rows": 1,
              "Plan Width": 8,
              "Actual Startup Time": 823.592,
              "Actual Total Time": 823.593,
              "Actual Rows": 1,
              "Actual Loops": 7,
              "Plans": [
                {
                  "Node Type": "Seq Scan",
                  "Parent Relationship": "Outer",
                  "Parallel Aware": true,
                  "Relation Name": "cast_info",
                  "Alias": "ci",
                  "Startup Cost": 0.0,
                  "Total Cost": 328162.03,
                  "Plan Rows": 5861471,
                  "Plan Width": 0,
                  "Actual Startup Time": 23.206,
                  "Actual Total Time": 627.523,
                  "Actual Rows": 5025885,
                  "Actual Loops": 7,
                  "Filter": "(person_id > 108687)",
                  "Rows Removed by Filter": 151878
                }
              ]
            }
          ]
        }
      ]
    },
    "Planning Time": 0.19,
    "Triggers": [],
    "Execution Time": 890.65
  }
]