[
  {
    "Plan": {
      "Node Type": "Aggregate",
      "Strategy": "Plain",
      "Partial Mode": "Finalize",
      "Parallel Aware": false,
      "Startup Cost": 246300.27,
      "Total Cost": 246300.28,
      "Plan Rows": 1,
      "Plan Width": 8,
      "Actual Startup Time": 925.552,
      "Actual Total Time": 974.538,
      "Actual Rows": 1,
      "Actual Loops": 1,
      "Plans": [
        {
          "Node Type": "Gather",
          "Parent Relationship": "Outer",
          "Parallel Aware": false,
          "Startup Cost": 246299.75,
          "Total Cost": 246300.26,
          "Plan Rows": 5,
          "Plan Width": 8,
          "Actual Startup Time": 923.41,
          "Actual Total Time": 974.528,
          "Actual Rows": 6,
          "Actual Loops": 1,
          "Workers Planned": 5,
          "Workers Launched": 5,
          "Single Copy": false,
          "Plans": [
            {
              "Node Type": "Aggregate",
              "Strategy": "Plain",
              "Partial Mode": "Partial",
              "Parent Relationship": "Outer",
              "Parallel Aware": false,
              "Startup Cost": 245299.75,
              "Total Cost": 245299.76,
              "Plan Rows": 1,
              "Plan Width": 8,
              "Actual Startup Time": 916.792,
              "Actual Total Time": 916.796,
              "Actual Rows": 1,
              "Actual Loops": 6,
              "Plans": [
                {
                  "Node Type": "Hash Join",
                  "Parent Relationship": "Outer",
                  "Parallel Aware": true,
                  "Join Type": "Inner",
                  "Startup Cost": 45655.29,
                  "Total Cost": 245134.69,
                  "Plan Rows": 66024,
                  "Plan Width": 0,
                  "Actual Startup Time": 106.76,
                  "Actual Total Time": 896.79,
                  "Actual Rows": 306510,
                  "Actual Loops": 6,
                  "Inner Unique": true,
                  "Hash Cond": "(mi.movie_id = t.id)",
                  "Plans": [
                    {
                      "Node Type": "Seq Scan",
                      "Parent Relationship": "Outer",
                      "Parallel Aware": true,
                      "Relation Name": "movie_info",
                      "Alias": "mi",
                      "Startup Cost": 0.0,
                      "Total Cost": 191685.19,
                      "Plan Rows": 2969219,
                      "Plan Width": 4,
                      "Actual Startup Time": 0.031,
                      "Actual Total Time": 376.685,
                      "Actual Rows": 2472620,
                      "Actual Loops": 6
                    },
                    {
                      "Node Type": "Hash",
                      "Parent Relationship": "Inner",
                      "Parallel Aware": true,
                      "Startup Cost": 45479.59,
                      "Total Cost": 45479.59,
                      "Plan Rows": 14056,
                      "Plan Width": 4,
                      "Actual Startup Time": 104.182,
                      "Actual Total Time": 104.183,
                      "Actual Rows": 26202,
                      "Actual Loops": 6,
                      "Hash Buckets": 262144,
                      "Original Hash Buckets": 65536,
                      "Hash Batches": 1,
                      "Original Hash Batches": 1,
                      "Peak Memory Usage": 9856,
                      "Plans": [
                        {
                          "Node Type": "Seq Scan",
                          "Parent Relationship": "Outer",
                          "Parallel Aware": true,
                          "Relation Name": "title",
                          "Alias": "t",
                          "Startup Cost": 0.0,
                          "Total Cost": 45479.59,
                          "Plan Rows": 14056,
                          "Plan Width": 4,
                          "Actual Startup Time": 3.386,
                          "Actual Total Time": 86.167,
                          "Actual Rows": 26202,
                          "Actual Loops": 6,
                          "Filter": "((kind_id < 7) AND (production_year < 1948))",
                          "Rows Removed by Filter": 395184
                        }
                      ]
                    }
                  ]
                }
              ]
            }
          ]
        }
      ]
    },
    "Planning Time": 0.62,
    "Triggers": [],
    "Execution Time": 974.618
  }
]