[
  {
    "Plan": {
      "Node Type": "Aggregate",
      "Strategy": "Plain",
      "Partial Mode": "Finalize",
      "Parallel Aware": false,
      "Startup Cost": 31108.77,
      "Total Cost": 31108.78,
      "Plan Rows": 1,
      "Plan Width": 8,
      "Actual Startup Time": 92.543,
      "Actual Total Time": 101.782,
      "Actual Rows": 1,
      "Actual Loops": 1,
      "Plans": [
        {
          "Node Type": "Gather",
          "Parent Relationship": "Outer",
          "Parallel Aware": false,
          "Startup Cost": 31108.46,
          "Total Cost": 31108.77,
          "Plan Rows": 3,
          "Plan Width": 8,
          "Actual Startup Time": 92.43,
          "Actual Total Time": 101.776,
          "Actual Rows": 4,
          "Actual Loops": 1,
          "Workers Planned": 3,
          "Workers Launched": 3,
          "Single Copy": false,
          "Plans": [
            {
              "Node Type": "Aggregate",
              "Strategy": "Plain",
              "Partial Mode": "Partial",
              "Parent Relationship": "Outer",
              "Parallel Aware": false,
              "Startup Cost": 30108.46,
              "Total Cost": 30108.47,
              "Plan Rows": 1,
              "Plan Width": 8,
              "Actual Startup Time": 87.82,
              "Actual Total Time": 87.821,
              "Actual Rows": 1,
              "Actual Loops": 4,
              "Plans": [
                {
                  "Node Type": "Seq Scan",
                  "Parent Relationship": "Outer",
                  "Parallel Aware": true,
                  "Relation Name": "movie_companies",
                  "Alias": "mc",
                  "Startup Cost": 0.0,
                  "Total Cost": 29310.68,
                  "Plan Rows": 319110,
                  "Plan Width": 0,
                  "Actual Startup Time": 17.612,
                  "Actual Total Time": 76.46,
                  "Actual Rows": 250568,
                  "Actual Loops": 4,
                  "Filter": "(company_id > 16637)",
                  "Rows Removed by Filter": 401714
                }
              ]
            }
          ]
        }
      ]
    },
    "Planning Time": 0.12,
    "Triggers": [],
    "Execution Time": 101.82
  }
]