[
  {
    "Plan": {
      "Node Type": "Aggregate",
      "Strategy": "Plain",
      "Partial Mode": "Finalize",
      "Parallel Aware": false,
      "Startup Cost": 33389.9,
      "Total Cost": 33389.91,
      "Plan Rows": 1,
      "Plan Width": 8,
      "Actual Startup Time": 102.46,
      "Actual Total Time": 110.467,
      "Actual Rows": 1,
      "Actual Loops": 1,
      "Plans": [
        {
          "Node Type": "Gather",
          "Parent Relationship": "Outer",
          "Parallel Aware": false,
          "Startup Cost": 33389.58,
          "Total Cost": 33389.89,
          "Plan Rows": 3,
          "Plan Width": 8,
          "Actual Startup Time": 102.296,
          "Actual Total Time": 110.458,
          "Actual Rows": 4,
          "Actual Loops": 1,
          "Workers Planned": 3,
          "Workers Launched": 3,
          "Single Copy": false,
          "Plans": [
            {
              "Node Type": "Aggregate",
              "Strategy": "Plain",
              "Partial Mode": "Partial",
              "Parent Relationship": "Outer",
              "Parallel Aware": false,
              "Startup Cost": 32389.58,
              "Total Cost": 32389.59,
              "Plan Rows": 1,
              "Plan Width": 8,
              "Actual Startup Time": 96.816,
              "Actual Total Time": 96.818,
              "Actual Rows": 1,
              "Actual Loops": 4,
              "Plans": [
                {
                  "Node Type": "Seq Scan",
                  "Parent Relationship": "Outer",
                  "Parallel Aware": true,
                  "Relation Name": "movie_companies",
                  "Alias": "mc",
                  "Startup Cost": 0.0,
                  "Total Cost": 31414.82,
                  "Plan Rows": 389906,
                  "Plan Width": 0,
                  "Actual Startup Time": 48.003,
                  "Actual Total Time": 83.888,
                  "Actual Rows": 320000,
                  "Actual Loops": 4,
                  "Filter": "((company_id > 94) AND (company_type_id > 1))",
                  "Rows Removed by Filter": 332282
                }
              ]
            }
          ]
        }
      ]
    },
    "Planning Time": 0.183,
    "Triggers": [],
    "Execution Time": 110.519
  }
]