[
  {
    "Plan": {
      "Node Type": "Aggregate",
      "Strategy": "Plain",
      "Partial Mode": "Finalize",
      "Parallel Aware": false,
      "Startup Cost": 33384.98,
      "Total Cost": 33384.99,
      "Plan Rows": 1,
      "Plan Width": 8,
      "Actual Startup Time": 110.044,
      "Actual Total Time": 117.425,
      "Actual Rows": 1,
      "Actual Loops": 1,
      "Plans": [
        {
          "Node Type": "Gather",
          "Parent Relationship": "Outer",
          "Parallel Aware": false,
          "Startup Cost": 33384.66,
          "Total Cost": 33384.97,
          "Plan Rows": 3,
          "Plan Width": 8,
          "Actual Startup Time": 109.958,
          "Actual Total Time": 117.419,
          "Actual Rows": 4,
          "Actual Loops": 1,
          "Workers Planned": 3,
          "Workers Launched": 3,
          "Single Copy": false,
          "Plans": [
            {
              "Node Type": "Aggregate",
              "Strategy": "Plain",
              "Partial Mode": "Partial",
              "Parent Relationship": "Outer",
              "Parallel Aware": false,
              "Startup Cost": 32384.66,
              "Total Cost": 32384.67,
              "Plan Rows": 1,
              "Plan Width": 8,
              "Actual Startup Time": 103.002,
              "Actual Total Time": 103.003,
              "Actual Rows": 1,
              "Actual Loops": 4,
              "Plans": [
                {
                  "Node Type": "Seq Scan",
                  "Parent Relationship": "Outer",
                  "Parallel Aware": true,
                  "Relation Name": "movie_companies",
                  "Alias": "mc",
                  "Startup Cost": 0.0,
                  "Total Cost": 31414.82,
                  "Plan Rows": 387938,
                  "Plan Width": 0,
                  "Actual Startup Time": 50.391,
                  "Actual Total Time": 89.506,
                  "Actual Rows": 320000,
                  "Actual Loops": 4,
                  "Filter": "((company_id > 94) AND (company_type_id > 1))",
                  "Rows Removed by Filter": 332282
                }
              ]
            }
          ]
        }
      ]
    },
    "Planning Time": 0.213,
    "Triggers": [],
    "Execution Time": 117.481
  }
]