[
  {
    "Plan": {
      "Node Type": "Aggregate",
      "Strategy": "Plain",
      "Partial Mode": "Finalize",
      "Parallel Aware": false,
      "Startup Cost": 155920.89,
      "Total Cost": 155920.9,
      "Plan Rows": 1,
      "Plan Width": 8,
      "Actual Startup Time": 282.082,
      "Actual Total Time": 304.494,
      "Actual Rows": 1,
      "Actual Loops": 1,
      "Plans": [
        {
          "Node Type": "Gather",
          "Parent Relationship": "Outer",
          "Parallel Aware": false,
          "Startup Cost": 155920.58,
          "Total Cost": 155920.89,
          "Plan Rows": 3,
          "Plan Width": 8,
          "Actual Startup Time": 280.49,
          "Actual Total Time": 304.488,
          "Actual Rows": 4,
          "Actual Loops": 1,
          "Workers Planned": 3,
          "Workers Launched": 3,
          "Single Copy": false,
          "Plans": [
            {
              "Node Type": "Aggregate",
              "Strategy": "Plain",
              "Partial Mode": "Partial",
              "Parent Relationship": "Outer",
              "Parallel Aware": false,
              "Startup Cost": 154920.58,
              "Total Cost": 154920.59,
              "Plan Rows": 1,
              "Plan Width": 8,
              "Actual Startup Time": 275.122,
              "Actual Total Time": 275.125,
              "Actual Rows": 1,
              "Actual Loops": 4,
              "Plans": [
                {
                  "Node Type": "Nested Loop",
                  "Parent Relationship": "Outer",
                  "Parallel Aware": false,
                  "Join Type": "Inner",
                  "Startup Cost": 46226.27,
                  "Total Cost": 154482.7,
                  "Plan Rows": 175152,
                  "Plan Width": 0,
                  "Actual Startup Time": 149.52,
                  "Actual Total Time": 272.991,
                  "Actual Rows": 39206,
                  "Actual Loops": 4,
                  "Inner Unique": false,
                  "Join Filter": "(t.id = mi.movie_id)",
                  "Rows Removed by Join Filter": 0,
                  "Plans": [
                    {
                      "Node Type": "Hash Join",
                      "Parent Relationship": "Outer",
                      "Parallel Aware": true,
                      "Join Type": "Inner",
                      "Startup Cost": 46225.84,
                      "Total Cost": 78469.74,
                      "Plan Rows": 29830,
                      "Plan Width": 8,
                      "Actual Startup Time": 149.414,
                      "Actual Total Time": 220.577,
                      "Actual Rows": 8562,
                      "Actual Loops": 4,
                      "Inner Unique": true,
                      "Hash Cond": "(mc.movie_id = t.id)",
                      "Plans": [
                        {
                          "Node Type": "Seq Scan",
                          "Parent Relationship": "Outer",
                          "Parallel Aware": true,
                          "Relation Name": "movie_companies",
                          "Alias": "mc",
                          "Startup Cost": 0.0,
                          "Total Cost": 31414.82,
                          "Plan Rows": 315844,
                          "Plan Width": 4,
                          "Actual Startup Time": 32.9,
                          "Actual Total Time": 69.466,
                          "Actual Rows": 169532,
                          "Actual Loops": 4,
                          "Filter": "((company_id < 47506) AND (company_type_id = 2))",
                          "Rows Removed by Filter": 482750
                        },
                        {
                          "Node Type": "Hash",
                          "Parent Relationship": "Inner",
                          "Parallel Aware": true,
                          "Startup Cost": 45479.59,
                          "Total Cost": 45479.59,
                          "Plan Rows": 59700,
                          "Plan Width": 4,
                          "Actual Startup Time": 115.327,
                          "Actual Total Time": 115.328,
                          "Actual Rows": 64462,
                          "Actual Loops": 4,
                          "Hash Buckets": 262144,
                          "Original Hash Buckets": 262144,
                          "Hash Batches": 1,
                          "Original Hash Batches": 1,
                          "Peak Memory Usage": 12192,
                          "Plans": [
                            {
                              "Node Type": "Seq Scan",
                              "Parent Relationship": "Outer",
                              "Parallel Aware": true,
                              "Relation Name": "title",
                              "Alias": "t",
                              "Startup Cost": 0.0,
                              "Total Cost": 45479.59,
                              "Plan Rows": 59700,
                              "Plan Width": 4,
                              "Actual Startup Time": 0.045,
                              "Actual Total Time": 93.279,
                              "Actual Rows": 64462,
                              "Actual Loops": 4,
                              "Filter": "((kind_id > 4) AND (production_year > 2010))",
                              "Rows Removed by Filter": 567616
                            }
                          ]
                        }
                      ]
                    },
                    {
                      "Node Type": "Index Only Scan",
                      "Parent Relationship": "Inner",
                      "Parallel Aware": false,
                      "Scan Direction": "Forward",
                      "Index Name": "movie_id_movie_info",
                      "Relation Name": "movie_info",
                      "Alias": "mi",
                      "Startup Cost": 0.43,
                      "Total Cost": 2.04,
                      "Plan Rows": 41,
                      "Plan Width": 4,
                      "Actual Startup Time": 0.003,
                      "Actual Total Time": 0.005,
                      "Actual Rows": 5,
                      "Actual Loops": 34249,
                      "Index Cond": "(movie_id = mc.movie_id)",
                      "Rows Removed by Index Recheck": 0,
                      "Heap Fetches": 156823
                    }
                  ]
                }
              ]
            }
          ]
        }
      ]
    },
    "Planning Time": 0.526,
    "Triggers": [],
    "Execution Time": 304.538
  }
]