[
  {
    "Plan": {
      "Node Type": "Aggregate",
      "Strategy": "Plain",
      "Partial Mode": "Finalize",
      "Parallel Aware": false,
      "Startup Cost": 316070.12,
      "Total Cost": 316070.13,
      "Plan Rows": 1,
      "Plan Width": 8,
      "Actual Startup Time": 281.106,
      "Actual Total Time": 289.947,
      "Actual Rows": 1,
      "Actual Loops": 1,
      "Plans": [
        {
          "Node Type": "Gather",
          "Parent Relationship": "Outer",
          "Parallel Aware": false,
          "Startup Cost": 316069.5,
          "Total Cost": 316070.11,
          "Plan Rows": 6,
          "Plan Width": 8,
          "Actual Startup Time": 280.407,
          "Actual Total Time": 289.937,
          "Actual Rows": 7,
          "Actual Loops": 1,
          "Workers Planned": 6,
          "Workers Launched": 6,
          "Single Copy": false,
          "Plans": [
            {
              "Node Type": "Aggregate",
              "Strategy": "Plain",
              "Partial Mode": "Partial",
              "Parent Relationship": "Outer",
              "Parallel Aware": false,
              "Startup Cost": 315069.5,
              "Total Cost": 315069.51,
              "Plan Rows": 1,
              "Plan Width": 8,
              "Actual Startup Time": 272.482,
              "Actual Total Time": 272.483,
              "Actual Rows": 1,
              "Actual Loops": 7,
              "Plans": [
                {
                  "Node Type": "Bitmap Heap Scan",
                  "Parent Relationship": "Outer",
                  "Parallel Aware": true,
                  "Relation Name": "cast_info",
                  "Alias": "ci",
                  "Startup Cost": 56039.59,
                  "Total Cost": 314012.34,
                  "Plan Rows": 422861,
                  "Plan Width": 0,
                  "Actual Startup Time": 162.343,
                  "Actual Total Time": 251.518,
                  "Actual Rows": 367999,
                  "Actual Loops": 7,
                  "Recheck Cond": "(person_id < 247963)",
                  "Rows Removed by Index Recheck": 0,
                  "Exact Heap Blocks": 4428,
                  "Lossy Heap Blocks": 0,
                  "Plans": [
                    {
                      "Node Type": "Bitmap Index Scan",
                      "Parent Relationship": "Outer",
                      "Parallel Aware": false,
                      "Index Name": "person_id_cast_info",
                      "Startup Cost": 0.0,
                      "Total Cost": 55405.29,
                      "Plan Rows": 2537164,
                      "Plan Width": 0,
                      "Actual Startup Time": 162.792,
                      "Actual Total Time": 162.792,
                      "Actual Rows": 2575991,
                      "Actual Loops": 1,
                      "Index Cond": "(person_id < 247963)"
                    }
                  ]
                }
              ]
            }
          ]
        }
      ]
    },
    "Planning Time": 0.203,
    "Triggers": [],
    "Execution Time": 290.025
  }
]