[
  {
    "Plan": {
      "Node Type": "Aggregate",
      "Strategy": "Plain",
      "Partial Mode": "Finalize",
      "Parallel Aware": false,
      "Startup Cost": 137187.15,
      "Total Cost": 137187.16,
      "Plan Rows": 1,
      "Plan Width": 8,
      "Actual Startup Time": 656.275,
      "Actual Total Time": 698.686,
      "Actual Rows": 1,
      "Actual Loops": 1,
      "Plans": [
        {
          "Node Type": "Gather",
          "Parent Relationship": "Outer",
          "Parallel Aware": false,
          "Startup Cost": 137186.83,
          "Total Cost": 137187.14,
          "Plan Rows": 3,
          "Plan Width": 8,
          "Actual Startup Time": 655.6,
          "Actual Total Time": 698.669,
          "Actual Rows": 4,
          "Actual Loops": 1,
          "Workers Planned": 3,
          "Workers Launched": 3,
          "Single Copy": false,
          "Plans": [
            {
              "Node Type": "Aggregate",
              "Strategy": "Plain",
              "Partial Mode": "Partial",
              "Parent Relationship": "Outer",
              "Parallel Aware": false,
              "Startup Cost": 136186.83,
              "Total Cost": 136186.84,
              "Plan Rows": 1,
              "Plan Width": 8,
              "Actual Startup Time": 651.828,
              "Actual Total Time": 651.831,
              "Actual Rows": 1,
              "Actual Loops": 4,
              "Plans": [
                {
                  "Node Type": "Nested Loop",
                  "Parent Relationship": "Outer",
                  "Parallel Aware": false,
                  "Join Type": "Inner",
                  "Startup Cost": 44312.53,
                  "Total Cost": 135493.45,
                  "Plan Rows": 277352,
                  "Plan Width": 0,
                  "Actual Startup Time": 118.204,
                  "Actual Total Time": 631.777,
                  "Actual Rows": 432538,
                  "Actual Loops": 4,
                  "Inner Unique": false,
                  "Join Filter": "(t.id = ci.movie_id)",
                  "Rows Removed by Join Filter": 0,
                  "Plans": [
                    {
                      "Node Type": "Hash Join",
                      "Parent Relationship": "Outer",
                      "Parallel Aware": true,
                      "Join Type": "Inner",
                      "Startup Cost": 44311.97,
                      "Total Cost": 76698.24,
                      "Plan Rows": 19343,
                      "Plan Width": 8,
                      "Actual Startup Time": 118.128,
                      "Actual Total Time": 200.265,
                      "Actual Rows": 14319,
                      "Actual Loops": 4,
                      "Inner Unique": true,
                      "Hash Cond": "(mc.movie_id = t.id)",
                      "Plans": [
                        {
                          "Node Type": "Seq Scan",
                          "Parent Relationship": "Outer",
                          "Parallel Aware": true,
                          "Relation Name": "movie_companies",
                          "Alias": "mc",
                          "Startup Cost": 0.0,
                          "Total Cost": 31414.82,
                          "Plan Rows": 370078,
                          "Plan Width": 4,
                          "Actual Startup Time": 26.949,
                          "Actual Total Time": 62.192,
                          "Actual Rows": 314348,
                          "Actual Loops": 4,
                          "Filter": "((company_id > 166) AND (company_type_id = 2))",
                          "Rows Removed by Filter": 337934
                        },
                        {
                          "Node Type": "Hash",
                          "Parent Relationship": "Inner",
                          "Parallel Aware": true,
                          "Startup Cost": 43899.01,
                          "Total Cost": 43899.01,
                          "Plan Rows": 33037,
                          "Plan Width": 4,
                          "Actual Startup Time": 89.374,
                          "Actual Total Time": 89.375,
                          "Actual Rows": 32174,
                          "Actual Loops": 4,
                          "Hash Buckets": 262144,
                          "Original Hash Buckets": 262144,
                          "Hash Batches": 1,
                          "Original Hash Batches": 1,
                          "Peak Memory Usage": 7136,
                          "Plans": [
                            {
                              "Node Type": "Seq Scan",
                              "Parent Relationship": "Outer",
                              "Parallel Aware": true,
                              "Relation Name": "title",
                              "Alias": "t",
                              "Startup Cost": 0.0,
                              "Total Cost": 43899.01,
                              "Plan Rows": 33037,
                              "Plan Width": 4,
                              "Actual Startup Time": 0.02,
                              "Actual Total Time": 77.813,
                              "Actual Rows": 32174,
                              "Actual Loops": 4,
                              "Filter": "(production_year = 2009)",
                              "Rows Removed by Filter": 599904
                            }
                          ]
                        }
                      ]
                    },
                    {
                      "Node Type": "Index Only Scan",
                      "Parent Relationship": "Inner",
                      "Parallel Aware": false,
                      "Scan Direction": "Forward",
                      "Index Name": "movie_id_cast_info",
                      "Relation Name": "cast_info",
                      "Alias": "ci",
                      "Startup Cost": 0.56,
                      "Total Cost": 2.56,
                      "Plan Rows": 38,
                      "Plan Width": 4,
                      "Actual Startup Time": 0.006,
                      "Actual Total Time": 0.027,
                      "Actual Rows": 30,
                      "Actual Loops": 57277,
                      "Index Cond": "(movie_id = mc.movie_id)",
                      "Rows Removed by Index Recheck": 0,
                      "Heap Fetches": 1730153
                    }
                  ]
                }
              ]
            }
          ]
        }
      ]
    },
    "Planning Time": 0.765,
    "Triggers": [],
    "Execution Time": 698.751
  }
]