{
  "Plan": {
    "Node Type": "Aggregate",
    "Strategy": "Plain",
    "Partial Mode": "Finalize",
    "Parallel Aware": false,
    "Startup Cost": 386435.65,
    "Total Cost": 386435.66,
    "Plan Rows": 1,
    "Plan Width": 8,
    "Actual Startup Time": 2520.822,
    "Actual Total Time": 2553.993,
    "Actual Rows": 1,
    "Actual Loops": 1,
    "Plans": [
      {
        "Node Type": "Gather",
        "Parent Relationship": "Outer",
        "Parallel Aware": false,
        "Startup Cost": 386435.54,
        "Total Cost": 386435.65,
        "Plan Rows": 1,
        "Plan Width": 8,
        "Actual Startup Time": 2517.264,
        "Actual Total Time": 2553.984,
        "Actual Rows": 2,
        "Actual Loops": 1,
        "Workers Planned": 1,
        "Workers Launched": 1,
        "Single Copy": false,
        "Plans": [
          {
            "Node Type": "Aggregate",
            "Strategy": "Plain",
            "Partial Mode": "Partial",
            "Parent Relationship": "Outer",
            "Parallel Aware": false,
            "Startup Cost": 385435.54,
            "Total Cost": 385435.55,
            "Plan Rows": 1,
            "Plan Width": 8,
            "Actual Startup Time": 2508.482,
            "Actual Total Time": 2508.488,
            "Actual Rows": 1,
            "Actual Loops": 2,
            "Plans": [
              {
                "Node Type": "Hash Join",
                "Parent Relationship": "Outer",
                "Parallel Aware": true,
                "Join Type": "Inner",
                "Startup Cost": 126265.92,
                "Total Cost": 380343.69,
                "Plan Rows": 2036739,
                "Plan Width": 0,
                "Actual Startup Time": 824.672,
                "Actual Total Time": 2365.216,
                "Actual Rows": 3029269,
                "Actual Loops": 2,
                "Inner Unique": false,
                "Hash Cond": "(ci.movie_id = t.id)",
                "Plans": [
                  {
                    "Node Type": "Index Scan",
                    "Parent Relationship": "Outer",
                    "Parallel Aware": true,
                    "Scan Direction": "Forward",
                    "Index Name": "role_id_cast_info",
                    "Relation Name": "cast_info",
                    "Alias": "ci",
                    "Startup Cost": 0.56,
                    "Total Cost": 225853.5,
                    "Plan Rows": 4331734,
                    "Plan Width": 4,
                    "Actual Startup Time": 0.057,
                    "Actual Total Time": 546.924,
                    "Actual Rows": 3725986,
                    "Actual Loops": 2,
                    "Index Cond": "(role_id = 2)",
                    "Rows Removed by Index Recheck": 0
                  },
                  {
                    "Node Type": "Hash",
                    "Parent Relationship": "Inner",
                    "Parallel Aware": true,
                    "Startup Cost": 117524.33,
                    "Total Cost": 117524.33,
                    "Plan Rows": 699282,
                    "Plan Width": 8,
                    "Actual Startup Time": 810.009,
                    "Actual Total Time": 810.013,
                    "Actual Rows": 342021,
                    "Actual Loops": 2,
                    "Hash Buckets": 2097152,
                    "Original Hash Buckets": 2097152,
                    "Hash Batches": 1,
                    "Original Hash Batches": 1,
                    "Peak Memory Usage": 43168,
                    "Plans": [
                      {
                        "Node Type": "Hash Join",
                        "Parent Relationship": "Outer",
                        "Parallel Aware": true,
                        "Join Type": "Inner",
                        "Startup Cost": 59473.49,
                        "Total Cost": 117524.33,
                        "Plan Rows": 699282,
                        "Plan Width": 8,
                        "Actual Startup Time": 275.671,
                        "Actual Total Time": 732.645,
                        "Actual Rows": 342021,
                        "Actual Loops": 2,
                        "Inner Unique": true,
                        "Hash Cond": "(mk.movie_id = t.id)",
                        "Plans": [
                          {
                            "Node Type": "Seq Scan",
                            "Parent Relationship": "Outer",
                            "Parallel Aware": true,
                            "Relation Name": "movie_keyword",
                            "Alias": "mk",
                            "Startup Cost": 0.0,
                            "Total Cost": 51065.35,
                            "Plan Rows": 2661135,
                            "Plan Width": 4,
                            "Actual Startup Time": 0.013,
                            "Actual Total Time": 184.512,
                            "Actual Rows": 2261965,
                            "Actual Loops": 2
                          },
                          {
                            "Node Type": "Hash",
                            "Parent Relationship": "Inner",
                            "Parallel Aware": true,
                            "Startup Cost": 54588.39,
                            "Total Cost": 54588.39,
                            "Plan Rows": 390808,
                            "Plan Width": 4,
                            "Actual Startup Time": 271.537,
                            "Actual Total Time": 271.538,
                            "Actual Rows": 331032,
                            "Actual Loops": 2,
                            "Hash Buckets": 1048576,
                            "Original Hash Buckets": 1048576,
                            "Hash Batches": 1,
                            "Original Hash Batches": 1,
                            "Peak Memory Usage": 34112,
                            "Plans": [
                              {
                                "Node Type": "Seq Scan",
                                "Parent Relationship": "Outer",
                                "Parallel Aware": true,
                                "Relation Name": "title",
                                "Alias": "t",
                                "Startup Cost": 0.0,
                                "Total Cost": 54588.39,
                                "Plan Rows": 390808,
                                "Plan Width": 4,
                                "Actual Startup Time": 0.031,
                                "Actual Total Time": 168.843,
                                "Actual Rows": 331032,
                                "Actual Loops": 2,
                                "Filter": "(production_year > 2008)",
                                "Rows Removed by Filter": 933124
                              }
                            ]
                          }
                        ]
                      }
                    ]
                  }
                ]
              }
            ]
          }
        ]
      }
    ]
  },
  "Planning Time": 0.868,
  "Triggers": [],
  "Execution Time": 2554.081
}