{
  "Plan": {
    "Node Type": "Aggregate",
    "Strategy": "Plain",
    "Partial Mode": "Finalize",
    "Parallel Aware": false,
    "Startup Cost": 670505.39,
    "Total Cost": 670505.4,
    "Plan Rows": 1,
    "Plan Width": 8,
    "Actual Startup Time": 4189.884,
    "Actual Total Time": 4262.893,
    "Actual Rows": 1,
    "Actual Loops": 1,
    "Plans": [
      {
        "Node Type": "Gather",
        "Parent Relationship": "Outer",
        "Parallel Aware": false,
        "Startup Cost": 670505.28,
        "Total Cost": 670505.39,
        "Plan Rows": 1,
        "Plan Width": 8,
        "Actual Startup Time": 4188.223,
        "Actual Total Time": 4262.885,
        "Actual Rows": 2,
        "Actual Loops": 1,
        "Workers Planned": 1,
        "Workers Launched": 1,
        "Single Copy": false,
        "Plans": [
          {
            "Node Type": "Aggregate",
            "Strategy": "Plain",
            "Partial Mode": "Partial",
            "Parent Relationship": "Outer",
            "Parallel Aware": false,
            "Startup Cost": 669505.28,
            "Total Cost": 669505.29,
            "Plan Rows": 1,
            "Plan Width": 8,
            "Actual Startup Time": 4179.842,
            "Actual Total Time": 4179.847,
            "Actual Rows": 1,
            "Actual Loops": 2,
            "Plans": [
              {
                "Node Type": "Hash Join",
                "Parent Relationship": "Outer",
                "Parallel Aware": true,
                "Join Type": "Inner",
                "Startup Cost": 585135.83,
                "Total Cost": 667684.19,
                "Plan Rows": 728437,
                "Plan Width": 0,
                "Actual Startup Time": 3934.836,
                "Actual Total Time": 4175.603,
                "Actual Rows": 107348,
                "Actual Loops": 2,
                "Inner Unique": false,
                "Hash Cond": "(mk.movie_id = t.id)",
                "Plans": [
                  {
                    "Node Type": "Seq Scan",
                    "Parent Relationship": "Outer",
                    "Parallel Aware": true,
                    "Relation Name": "movie_keyword",
                    "Alias": "mk",
                    "Startup Cost": 0.0,
                    "Total Cost": 57718.19,
                    "Plan Rows": 1643619,
                    "Plan Width": 4,
                    "Actual Startup Time": 0.226,
                    "Actual Total Time": 184.221,
                    "Actual Rows": 1391043,
                    "Actual Loops": 2,
                    "Filter": "(keyword_id > 2845)",
                    "Rows Removed by Filter": 870922
                  },
                  {
                    "Node Type": "Hash",
                    "Parent Relationship": "Inner",
                    "Parallel Aware": true,
                    "Startup Cost": 576896.73,
                    "Total Cost": 576896.73,
                    "Plan Rows": 659128,
                    "Plan Width": 8,
                    "Actual Startup Time": 3864.143,
                    "Actual Total Time": 3864.146,
                    "Actual Rows": 149500,
                    "Actual Loops": 2,
                    "Hash Buckets": 2097152,
                    "Original Hash Buckets": 2097152,
                    "Hash Batches": 1,
                    "Original Hash Batches": 1,
                    "Peak Memory Usage": 28096,
                    "Plans": [
                      {
                        "Node Type": "Hash Join",
                        "Parent Relationship": "Outer",
                        "Parallel Aware": true,
                        "Join Type": "Inner",
                        "Startup Cost": 55163.38,
                        "Total Cost": 576896.73,
                        "Plan Rows": 659128,
                        "Plan Width": 8,
                        "Actual Startup Time": 158.363,
                        "Actual Total Time": 3795.304,
                        "Actual Rows": 149500,
                        "Actual Loops": 2,
                        "Inner Unique": true,
                        "Hash Cond": "(ci.movie_id = t.id)",
                        "Plans": [
                          {
                            "Node Type": "Seq Scan",
                            "Parent Relationship": "Outer",
                            "Parallel Aware": true,
                            "Relation Name": "cast_info",
                            "Alias": "ci",
                            "Startup Cost": 0.0,
                            "Total Cost": 465792.95,
                            "Plan Rows": 21310595,
                            "Plan Width": 4,
                            "Actual Startup Time": 0.016,
                            "Actual Total Time": 1444.937,
                            "Actual Rows": 18122172,
                            "Actual Loops": 2
                          },
                          {
                            "Node Type": "Hash",
                            "Parent Relationship": "Inner",
                            "Parallel Aware": true,
                            "Startup Cost": 54588.39,
                            "Total Cost": 54588.39,
                            "Plan Rows": 45999,
                            "Plan Width": 4,
                            "Actual Startup Time": 157.381,
                            "Actual Total Time": 157.381,
                            "Actual Rows": 40824,
                            "Actual Loops": 2,
                            "Hash Buckets": 131072,
                            "Original Hash Buckets": 131072,
                            "Hash Batches": 1,
                            "Original Hash Batches": 1,
                            "Peak Memory Usage": 4256,
                            "Plans": [
                              {
                                "Node Type": "Seq Scan",
                                "Parent Relationship": "Outer",
                                "Parallel Aware": true,
                                "Relation Name": "title",
                                "Alias": "t",
                                "Startup Cost": 0.0,
                                "Total Cost": 54588.39,
                                "Plan Rows": 45999,
                                "Plan Width": 4,
                                "Actual Startup Time": 73.733,
                                "Actual Total Time": 145.939,
                                "Actual Rows": 40824,
                                "Actual Loops": 2,
                                "Filter": "(production_year < 1919)",
                                "Rows Removed by Filter": 1223332
                              }
                            ]
                          }
                        ]
                      }
                    ]
                  }
                ]
              }
            ]
          }
        ]
      }
    ]
  },
  "Planning Time": 1.0,
  "Triggers": [],
  "Execution Time": 4262.989
}