{
  "Plan": {
    "Node Type": "Aggregate",
    "Strategy": "Plain",
    "Partial Mode": "Finalize",
    "Parallel Aware": false,
    "Startup Cost": 341512.84,
    "Total Cost": 341512.85,
    "Plan Rows": 1,
    "Plan Width": 8,
    "Actual Startup Time": 1210.596,
    "Actual Total Time": 1266.803,
    "Actual Rows": 1,
    "Actual Loops": 1,
    "Plans": [
      {
        "Node Type": "Gather",
        "Parent Relationship": "Outer",
        "Parallel Aware": false,
        "Startup Cost": 341512.73,
        "Total Cost": 341512.84,
        "Plan Rows": 1,
        "Plan Width": 8,
        "Actual Startup Time": 1210.221,
        "Actual Total Time": 1266.79,
        "Actual Rows": 2,
        "Actual Loops": 1,
        "Workers Planned": 1,
        "Workers Launched": 1,
        "Single Copy": false,
        "Plans": [
          {
            "Node Type": "Aggregate",
            "Strategy": "Plain",
            "Partial Mode": "Partial",
            "Parent Relationship": "Outer",
            "Parallel Aware": false,
            "Startup Cost": 340512.73,
            "Total Cost": 340512.74,
            "Plan Rows": 1,
            "Plan Width": 8,
            "Actual Startup Time": 1206.753,
            "Actual Total Time": 1206.757,
            "Actual Rows": 1,
            "Actual Loops": 2,
            "Plans": [
              {
                "Node Type": "Hash Join",
                "Parent Relationship": "Outer",
                "Parallel Aware": true,
                "Join Type": "Inner",
                "Startup Cost": 58585.21,
                "Total Cost": 340354.61,
                "Plan Rows": 63248,
                "Plan Width": 0,
                "Actual Startup Time": 144.089,
                "Actual Total Time": 1206.069,
                "Actual Rows": 12998,
                "Actual Loops": 2,
                "Inner Unique": true,
                "Hash Cond": "(mi.movie_id = t.id)",
                "Plans": [
                  {
                    "Node Type": "Seq Scan",
                    "Parent Relationship": "Outer",
                    "Parallel Aware": true,
                    "Relation Name": "movie_info",
                    "Alias": "mi",
                    "Startup Cost": 0.0,
                    "Total Cost": 270696.42,
                    "Plan Rows": 4218272,
                    "Plan Width": 4,
                    "Actual Startup Time": 0.01,
                    "Actual Total Time": 741.333,
                    "Actual Rows": 3643432,
                    "Actual Loops": 2,
                    "Filter": "(info_type_id < 8)",
                    "Rows Removed by Filter": 3774428
                  },
                  {
                    "Node Type": "Hash",
                    "Parent Relationship": "Inner",
                    "Parallel Aware": true,
                    "Startup Cost": 58306.47,
                    "Total Cost": 58306.47,
                    "Plan Rows": 22299,
                    "Plan Width": 4,
                    "Actual Startup Time": 142.493,
                    "Actual Total Time": 142.494,
                    "Actual Rows": 20968,
                    "Actual Loops": 2,
                    "Hash Buckets": 65536,
                    "Original Hash Buckets": 65536,
                    "Hash Batches": 1,
                    "Original Hash Batches": 1,
                    "Peak Memory Usage": 2208,
                    "Plans": [
                      {
                        "Node Type": "Seq Scan",
                        "Parent Relationship": "Outer",
                        "Parallel Aware": true,
                        "Relation Name": "title",
                        "Alias": "t",
                        "Startup Cost": 0.0,
                        "Total Cost": 58306.47,
                        "Plan Rows": 22299,
                        "Plan Width": 4,
                        "Actual Startup Time": 0.032,
                        "Actual Total Time": 136.166,
                        "Actual Rows": 20968,
                        "Actual Loops": 2,
                        "Filter": "((kind_id = 7) AND (production_year = 2002))",
                        "Rows Removed by Filter": 1243188
                      }
                    ]
                  }
                ]
              }
            ]
          }
        ]
      }
    ]
  },
  "Planning Time": 0.316,
  "Triggers": [],
  "Execution Time": 1266.869
}