[
  {
    "Plan": {
      "Node Type": "Aggregate",
      "Strategy": "Plain",
      "Partial Mode": "Simple",
      "Parallel Aware": false,
      "Startup Cost": 16613.53,
      "Total Cost": 16613.54,
      "Plan Rows": 1,
      "Plan Width": 64,
      "Actual Startup Time": 110.463,
      "Actual Total Time": 110.465,
      "Actual Rows": 1,
      "Actual Loops": 1,
      "Plans": [
        {
          "Node Type": "Nested Loop",
          "Parent Relationship": "Outer",
          "Parallel Aware": false,
          "Join Type": "Inner",
          "Startup Cost": 11.65,
          "Total Cost": 16613.53,
          "Plan Rows": 1,
          "Plan Width": 22,
          "Actual Startup Time": 8.807,
          "Actual Total Time": 110.305,
          "Actual Rows": 472,
          "Actual Loops": 1,
          "Inner Unique": true,
          "Join Filter": "(mi_idx.movie_id = t.id)",
          "Rows Removed by Join Filter": 0,
          "Plans": [
            {
              "Node Type": "Nested Loop",
              "Parent Relationship": "Outer",
              "Parallel Aware": false,
              "Join Type": "Inner",
              "Startup Cost": 11.22,
              "Total Cost": 16612.52,
              "Plan Rows": 2,
              "Plan Width": 13,
              "Actual Startup Time": 6.489,
              "Actual Total Time": 97.213,
              "Actual Rows": 1213,
              "Actual Loops": 1,
              "Inner Unique": false,
              "Join Filter": "(mi_idx.info_type_id = it.id)",
              "Rows Removed by Join Filter": 1214,
              "Plans": [
                {
                  "Node Type": "Seq Scan",
                  "Parent Relationship": "Outer",
                  "Parallel Aware": false,
                  "Relation Name": "info_type",
                  "Alias": "it",
                  "Startup Cost": 0.0,
                  "Total Cost": 2.41,
                  "Plan Rows": 1,
                  "Plan Width": 4,
                  "Actual Startup Time": 0.025,
                  "Actual Total Time": 0.028,
                  "Actual Rows": 1,
                  "Actual Loops": 1,
                  "Filter": "((info)::text = 'rating'::text)",
                  "Rows Removed by Filter": 112
                },
                {
                  "Node Type": "Nested Loop",
                  "Parent Relationship": "Inner",
                  "Parallel Aware": false,
                  "Join Type": "Inner",
                  "Startup Cost": 11.22,
                  "Total Cost": 16607.76,
                  "Plan Rows": 188,
                  "Plan Width": 17,
                  "Actual Startup Time": 6.46,
                  "Actual Total Time": 96.864,
                  "Actual Rows": 2427,
                  "Actual Loops": 1,
                  "Inner Unique": false,
                  "Plans": [
                    {
                      "Node Type": "Nested Loop",
                      "Parent Relationship": "Outer",
                      "Parallel Aware": false,
                      "Join Type": "Inner",
                      "Startup Cost": 10.8,
                      "Total Cost": 16384.36,
                      "Plan Rows": 438,
                      "Plan Width": 4,
                      "Actual Startup Time": 6.2,
                      "Actual Total Time": 46.696,
                      "Actual Rows": 12951,
                      "Actual Loops": 1,
                      "Inner Unique": false,
                      "Plans": [
                        {
                          "Node Type": "Seq Scan",
                          "Parent Relationship": "Outer",
                          "Parallel Aware": false,
                          "Relation Name": "keyword",
                          "Alias": "k",
                          "Startup Cost": 0.0,
                          "Total Cost": 2626.12,
                          "Plan Rows": 13,
                          "Plan Width": 4,
                          "Actual Startup Time": 2.133,
                          "Actual Total Time": 16.099,
                          "Actual Rows": 30,
                          "Actual Loops": 1,
                          "Filter": "(keyword ~~ '%sequel%'::text)",
                          "Rows Removed by Filter": 134140
                        },
                        {
                          "Node Type": "Bitmap Heap Scan",
                          "Parent Relationship": "Inner",
                          "Parallel Aware": false,
                          "Relation Name": "movie_keyword",
                          "Alias": "mk",
                          "Startup Cost": 10.8,
                          "Total Cost": 1055.28,
                          "Plan Rows": 305,
                          "Plan Width": 8,
                          "Actual Startup Time": 0.154,
                          "Actual Total Time": 0.959,
                          "Actual Rows": 432,
                          "Actual Loops": 30,
                          "Recheck Cond": "(keyword_id = k.id)",
                          "Rows Removed by Index Recheck": 0,
                          "Exact Heap Blocks": 6979,
                          "Lossy Heap Blocks": 0,
                          "Plans": [
                            {
                              "Node Type": "Bitmap Index Scan",
                              "Parent Relationship": "Outer",
                              "Parallel Aware": false,
                              "Index Name": "keyword_id_movie_keyword",
                              "Startup Cost": 0.0,
                              "Total Cost": 10.72,
                              "Plan Rows": 305,
                              "Plan Width": 0,
                              "Actual Startup Time": 0.101,
                              "Actual Total Time": 0.101,
                              "Actual Rows": 432,
                              "Actual Loops": 30,
                              "Index Cond": "(keyword_id = k.id)"
                            }
                          ]
                        }
                      ]
                    },
                    {
                      "Node Type": "Index Scan",
                      "Parent Relationship": "Inner",
                      "Parallel Aware": false,
                      "Scan Direction": "Forward",
                      "Index Name": "movie_id_movie_info_idx",
                      "Relation Name": "movie_info_idx",
                      "Alias": "mi_idx",
                      "Startup Cost": 0.43,
                      "Total Cost": 0.5,
                      "Plan Rows": 1,
                      "Plan Width": 13,
                      "Actual Startup Time": 0.004,
                      "Actual Total Time": 0.004,
                      "Actual Rows": 0,
                      "Actual Loops": 12951,
                      "Index Cond": "(movie_id = mk.movie_id)",
                      "Rows Removed by Index Recheck": 0,
                      "Filter": "(info > '7.0'::text)",
                      "Rows Removed by Filter": 2
                    }
                  ]
                }
              ]
            },
            {
              "Node Type": "Index Scan",
              "Parent Relationship": "Inner",
              "Parallel Aware": false,
              "Scan Direction": "Forward",
              "Index Name": "title_pkey",
              "Relation Name": "title",
              "Alias": "t",
              "Startup Cost": 0.43,
              "Total Cost": 0.49,
              "Plan Rows": 1,
              "Plan Width": 21,
              "Actual Startup Time": 0.01,
              "Actual Total Time": 0.01,
              "Actual Rows": 0,
              "Actual Loops": 1213,
              "Index Cond": "(id = mk.movie_id)",
              "Rows Removed by Index Recheck": 0,
              "Filter": "(production_year > 1999)",
              "Rows Removed by Filter": 1
            }
          ]
        }
      ]
    },
    "Planning Time": 6.675,
    "Triggers": [],
    "Execution Time": 110.795
  }
]