{
  "Plan": {
    "Node Type": "Aggregate",
    "Strategy": "Plain",
    "Partial Mode": "Finalize",
    "Parallel Aware": false,
    "Startup Cost": 89341.79,
    "Total Cost": 89341.8,
    "Plan Rows": 1,
    "Plan Width": 8,
    "Actual Startup Time": 430.046,
    "Actual Total Time": 445.75,
    "Actual Rows": 1,
    "Actual Loops": 1,
    "Plans": [
      {
        "Node Type": "Gather",
        "Parent Relationship": "Outer",
        "Parallel Aware": false,
        "Startup Cost": 89341.68,
        "Total Cost": 89341.79,
        "Plan Rows": 1,
        "Plan Width": 8,
        "Actual Startup Time": 429.431,
        "Actual Total Time": 445.741,
        "Actual Rows": 2,
        "Actual Loops": 1,
        "Workers Planned": 1,
        "Workers Launched": 1,
        "Single Copy": false,
        "Plans": [
          {
            "Node Type": "Aggregate",
            "Strategy": "Plain",
            "Partial Mode": "Partial",
            "Parent Relationship": "Outer",
            "Parallel Aware": false,
            "Startup Cost": 88341.68,
            "Total Cost": 88341.69,
            "Plan Rows": 1,
            "Plan Width": 8,
            "Actual Startup Time": 423.488,
            "Actual Total Time": 423.492,
            "Actual Rows": 1,
            "Actual Loops": 2,
            "Plans": [
              {
                "Node Type": "Hash Join",
                "Parent Relationship": "Outer",
                "Parallel Aware": true,
                "Join Type": "Inner",
                "Startup Cost": 27056.0,
                "Total Cost": 88007.59,
                "Plan Rows": 133636,
                "Plan Width": 0,
                "Actual Startup Time": 98.27,
                "Actual Total Time": 418.693,
                "Actual Rows": 113718,
                "Actual Loops": 2,
                "Inner Unique": false,
                "Hash Cond": "(t.id = mc.movie_id)",
                "Plans": [
                  {
                    "Node Type": "Seq Scan",
                    "Parent Relationship": "Outer",
                    "Parallel Aware": true,
                    "Relation Name": "title",
                    "Alias": "t",
                    "Startup Cost": 0.0,
                    "Total Cost": 50870.31,
                    "Plan Rows": 1487231,
                    "Plan Width": 4,
                    "Actual Startup Time": 0.01,
                    "Actual Total Time": 116.311,
                    "Actual Rows": 1264156,
                    "Actual Loops": 2
                  },
                  {
                    "Node Type": "Hash",
                    "Parent Relationship": "Inner",
                    "Parallel Aware": true,
                    "Startup Cost": 25385.55,
                    "Total Cost": 25385.55,
                    "Plan Rows": 133636,
                    "Plan Width": 4,
                    "Actual Startup Time": 94.842,
                    "Actual Total Time": 94.844,
                    "Actual Rows": 113718,
                    "Actual Loops": 2,
                    "Hash Buckets": 262144,
                    "Original Hash Buckets": 262144,
                    "Hash Batches": 1,
                    "Original Hash Batches": 1,
                    "Peak Memory Usage": 10976,
                    "Plans": [
                      {
                        "Node Type": "Bitmap Heap Scan",
                        "Parent Relationship": "Outer",
                        "Parallel Aware": true,
                        "Relation Name": "movie_companies",
                        "Alias": "mc",
                        "Startup Cost": 4925.09,
                        "Total Cost": 25385.55,
                        "Plan Rows": 133636,
                        "Plan Width": 4,
                        "Actual Startup Time": 25.391,
                        "Actual Total Time": 68.641,
                        "Actual Rows": 113718,
                        "Actual Loops": 2,
                        "Recheck Cond": "(company_id < 84)",
                        "Rows Removed by Index Recheck": 0,
                        "Exact Heap Blocks": 11695,
                        "Lossy Heap Blocks": 0,
                        "Plans": [
                          {
                            "Node Type": "Bitmap Index Scan",
                            "Parent Relationship": "Outer",
                            "Parallel Aware": false,
                            "Index Name": "company_id_movie_companies",
                            "Startup Cost": 0.0,
                            "Total Cost": 4868.3,
                            "Plan Rows": 227182,
                            "Plan Width": 0,
                            "Actual Startup Time": 23.281,
                            "Actual Total Time": 23.281,
                            "Actual Rows": 227437,
                            "Actual Loops": 1,
                            "Index Cond": "(company_id < 84)"
                          }
                        ]
                      }
                    ]
                  }
                ]
              }
            ]
          }
        ]
      }
    ]
  },
  "Planning Time": 0.617,
  "Triggers": [],
  "Execution Time": 445.842
}