[
  {
    "Plan": {
      "Node Type": "Aggregate",
      "Strategy": "Plain",
      "Partial Mode": "Finalize",
      "Parallel Aware": false,
      "Startup Cost": 409378.16,
      "Total Cost": 409378.17,
      "Plan Rows": 1,
      "Plan Width": 8,
      "Actual Startup Time": 1135.928,
      "Actual Total Time": 1193.109,
      "Actual Rows": 1,
      "Actual Loops": 1,
      "Plans": [
        {
          "Node Type": "Gather",
          "Parent Relationship": "Outer",
          "Parallel Aware": false,
          "Startup Cost": 409377.74,
          "Total Cost": 409378.15,
          "Plan Rows": 4,
          "Plan Width": 8,
          "Actual Startup Time": 1133.541,
          "Actual Total Time": 1193.097,
          "Actual Rows": 5,
          "Actual Loops": 1,
          "Workers Planned": 4,
          "Workers Launched": 4,
          "Single Copy": false,
          "Plans": [
            {
              "Node Type": "Aggregate",
              "Strategy": "Plain",
              "Partial Mode": "Partial",
              "Parent Relationship": "Outer",
              "Parallel Aware": false,
              "Startup Cost": 408377.74,
              "Total Cost": 408377.75,
              "Plan Rows": 1,
              "Plan Width": 8,
              "Actual Startup Time": 1127.889,
              "Actual Total Time": 1127.953,
              "Actual Rows": 1,
              "Actual Loops": 5,
              "Plans": [
                {
                  "Node Type": "Nested Loop",
                  "Parent Relationship": "Outer",
                  "Parallel Aware": false,
                  "Join Type": "Inner",
                  "Startup Cost": 270855.01,
                  "Total Cost": 408084.61,
                  "Plan Rows": 117250,
                  "Plan Width": 0,
                  "Actual Startup Time": 91.461,
                  "Actual Total Time": 1108.864,
                  "Actual Rows": 350677,
                  "Actual Loops": 5,
                  "Inner Unique": false,
                  "Plans": [
                    {
                      "Node Type": "Hash Join",
                      "Parent Relationship": "Outer",
                      "Parallel Aware": true,
                      "Join Type": "Inner",
                      "Startup Cost": 270854.58,
                      "Total Cost": 320384.1,
                      "Plan Rows": 49632,
                      "Plan Width": 8,
                      "Actual Startup Time": 91.199,
                      "Actual Total Time": 334.552,
                      "Actual Rows": 81230,
                      "Actual Loops": 5,
                      "Inner Unique": false,
                      "Hash Cond": "(t.id = ci.movie_id)",
                      "Plans": [
                        {
                          "Node Type": "Seq Scan",
                          "Parent Relationship": "Outer",
                          "Parallel Aware": true,
                          "Relation Name": "title",
                          "Alias": "t",
                          "Startup Cost": 0.0,
                          "Total Cost": 42319.06,
                          "Plan Rows": 632106,
                          "Plan Width": 4,
                          "Actual Startup Time": 0.019,
                          "Actual Total Time": 66.558,
                          "Actual Rows": 505662,
                          "Actual Loops": 5
                        },
                        {
                          "Node Type": "Hash",
                          "Parent Relationship": "Inner",
                          "Parallel Aware": true,
                          "Startup Cost": 270358.25,
                          "Total Cost": 270358.25,
                          "Plan Rows": 39706,
                          "Plan Width": 4,
                          "Actual Startup Time": 90.009,
                          "Actual Total Time": 90.01,
                          "Actual Rows": 81230,
                          "Actual Loops": 5,
                          "Hash Buckets": 524288,
                          "Original Hash Buckets": 262144,
                          "Hash Batches": 1,
                          "Original Hash Batches": 1,
                          "Peak Memory Usage": 22080,
                          "Plans": [
                            {
                              "Node Type": "Bitmap Heap Scan",
                              "Parent Relationship": "Outer",
                              "Parallel Aware": true,
                              "Relation Name": "cast_info",
                              "Alias": "ci",
                              "Startup Cost": 9848.59,
                              "Total Cost": 270358.25,
                              "Plan Rows": 39706,
                              "Plan Width": 4,
                              "Actual Startup Time": 19.205,
                              "Actual Total Time": 50.077,
                              "Actual Rows": 81230,
                              "Actual Loops": 5,
                              "Recheck Cond": "(person_id > 3985617)",
                              "Rows Removed by Index Recheck": 0,
                              "Filter": "(role_id > 2)",
                              "Rows Removed by Filter": 0,
                              "Exact Heap Blocks": 1890,
                              "Lossy Heap Blocks": 0,
                              "Plans": [
                                {
                                  "Node Type": "Bitmap Index Scan",
                                  "Parent Relationship": "Outer",
                                  "Parallel Aware": false,
                                  "Index Name": "person_id_cast_info",
                                  "Startup Cost": 0.0,
                                  "Total Cost": 9798.96,
                                  "Plan Rows": 448853,
                                  "Plan Width": 0,
                                  "Actual Startup Time": 20.064,
                                  "Actual Total Time": 20.064,
                                  "Actual Rows": 406148,
                                  "Actual Loops": 1,
                                  "Index Cond": "(person_id > 3985617)"
                                }
                              ]
                            }
                          ]
                        }
                      ]
                    },
                    {
                      "Node Type": "Index Scan",
                      "Parent Relationship": "Inner",
                      "Parallel Aware": false,
                      "Scan Direction": "Forward",
                      "Index Name": "movie_id_movie_info",
                      "Relation Name": "movie_info",
                      "Alias": "mi",
                      "Startup Cost": 0.43,
                      "Total Cost": 1.6,
                      "Plan Rows": 17,
                      "Plan Width": 4,
                      "Actual Startup Time": 0.004,
                      "Actual Total Time": 0.009,
                      "Actual Rows": 4,
                      "Actual Loops": 406148,
                      "Index Cond": "(movie_id = t.id)",
                      "Rows Removed by Index Recheck": 0,
                      "Filter": "(info_type_id < 7)",
                      "Rows Removed by Filter": 15
                    }
                  ]
                }
              ]
            }
          ]
        }
      ]
    },
    "Planning Time": 0.664,
    "Triggers": [],
    "Execution Time": 1193.187
  }
]