[
  {
    "Plan": {
      "Node Type": "Aggregate",
      "Strategy": "Plain",
      "Partial Mode": "Simple",
      "Parallel Aware": false,
      "Startup Cost": 3051.51,
      "Total Cost": 3051.52,
      "Plan Rows": 1,
      "Plan Width": 8,
      "Actual Startup Time": 1.958,
      "Actual Total Time": 1.962,
      "Actual Rows": 1,
      "Actual Loops": 1,
      "Plans": [
        {
          "Node Type": "Nested Loop",
          "Parent Relationship": "Outer",
          "Parallel Aware": false,
          "Join Type": "Inner",
          "Startup Cost": 7.21,
          "Total Cost": 3051.4,
          "Plan Rows": 42,
          "Plan Width": 0,
          "Actual Startup Time": 0.622,
          "Actual Total Time": 1.949,
          "Actual Rows": 18,
          "Actual Loops": 1,
          "Inner Unique": false,
          "Plans": [
            {
              "Node Type": "Nested Loop",
              "Parent Relationship": "Outer",
              "Parallel Aware": false,
              "Join Type": "Inner",
              "Startup Cost": 6.78,
              "Total Cost": 3006.58,
              "Plan Rows": 77,
              "Plan Width": 8,
              "Actual Startup Time": 0.599,
              "Actual Total Time": 1.826,
              "Actual Rows": 7,
              "Actual Loops": 1,
              "Inner Unique": true,
              "Plans": [
                {
                  "Node Type": "Bitmap Heap Scan",
                  "Parent Relationship": "Outer",
                  "Parallel Aware": false,
                  "Relation Name": "movie_keyword",
                  "Alias": "mk",
                  "Startup Cost": 6.35,
                  "Total Cost": 922.98,
                  "Plan Rows": 248,
                  "Plan Width": 4,
                  "Actual Startup Time": 0.254,
                  "Actual Total Time": 0.663,
                  "Actual Rows": 101,
                  "Actual Loops": 1,
                  "Recheck Cond": "(keyword_id = 7762)",
                  "Rows Removed by Index Recheck": 0,
                  "Exact Heap Blocks": 101,
                  "Lossy Heap Blocks": 0,
                  "Plans": [
                    {
                      "Node Type": "Bitmap Index Scan",
                      "Parent Relationship": "Outer",
                      "Parallel Aware": false,
                      "Index Name": "keyword_id_movie_keyword",
                      "Startup Cost": 0.0,
                      "Total Cost": 6.29,
                      "Plan Rows": 248,
                      "Plan Width": 0,
                      "Actual Startup Time": 0.209,
                      "Actual Total Time": 0.21,
                      "Actual Rows": 101,
                      "Actual Loops": 1,
                      "Index Cond": "(keyword_id = 7762)"
                    }
                  ]
                },
                {
                  "Node Type": "Index Scan",
                  "Parent Relationship": "Inner",
                  "Parallel Aware": false,
                  "Scan Direction": "Forward",
                  "Index Name": "title_pkey",
                  "Relation Name": "title",
                  "Alias": "t",
                  "Startup Cost": 0.43,
                  "Total Cost": 8.4,
                  "Plan Rows": 1,
                  "Plan Width": 4,
                  "Actual Startup Time": 0.011,
                  "Actual Total Time": 0.011,
                  "Actual Rows": 0,
                  "Actual Loops": 101,
                  "Index Cond": "(id = mk.movie_id)",
                  "Rows Removed by Index Recheck": 0,
                  "Filter": "(production_year > 2007)",
                  "Rows Removed by Filter": 1
                }
              ]
            },
            {
              "Node Type": "Index Only Scan",
              "Parent Relationship": "Inner",
              "Parallel Aware": false,
              "Scan Direction": "Forward",
              "Index Name": "movie_id_movie_info_idx",
              "Relation Name": "movie_info_idx",
              "Alias": "mi_idx",
              "Startup Cost": 0.43,
              "Total Cost": 0.55,
              "Plan Rows": 3,
              "Plan Width": 4,
              "Actual Startup Time": 0.014,
              "Actual Total Time": 0.015,
              "Actual Rows": 3,
              "Actual Loops": 7,
              "Index Cond": "(movie_id = t.id)",
              "Rows Removed by Index Recheck": 0,
              "Heap Fetches": 18
            }
          ]
        }
      ]
    },
    "Planning Time": 1.288,
    "Triggers": [],
    "Execution Time": 2.102
  }
]