[
  {
    "Plan": {
      "Node Type": "Aggregate",
      "Strategy": "Plain",
      "Partial Mode": "Finalize",
      "Parallel Aware": false,
      "Startup Cost": 46741.59,
      "Total Cost": 46741.6,
      "Plan Rows": 1,
      "Plan Width": 8,
      "Actual Startup Time": 75.587,
      "Actual Total Time": 82.188,
      "Actual Rows": 1,
      "Actual Loops": 1,
      "Plans": [
        {
          "Node Type": "Gather",
          "Parent Relationship": "Outer",
          "Parallel Aware": false,
          "Startup Cost": 46741.17,
          "Total Cost": 46741.58,
          "Plan Rows": 4,
          "Plan Width": 8,
          "Actual Startup Time": 75.433,
          "Actual Total Time": 82.182,
          "Actual Rows": 5,
          "Actual Loops": 1,
          "Workers Planned": 4,
          "Workers Launched": 4,
          "Single Copy": false,
          "Plans": [
            {
              "Node Type": "Aggregate",
              "Strategy": "Plain",
              "Partial Mode": "Partial",
              "Parent Relationship": "Outer",
              "Parallel Aware": false,
              "Startup Cost": 45741.17,
              "Total Cost": 45741.18,
              "Plan Rows": 1,
              "Plan Width": 8,
              "Actual Startup Time": 72.27,
              "Actual Total Time": 72.271,
              "Actual Rows": 1,
              "Actual Loops": 5,
              "Plans": [
                {
                  "Node Type": "Seq Scan",
                  "Parent Relationship": "Outer",
                  "Parallel Aware": true,
                  "Relation Name": "title",
                  "Alias": "t",
                  "Startup Cost": 0.0,
                  "Total Cost": 45479.21,
                  "Plan Rows": 104785,
                  "Plan Width": 0,
                  "Actual Startup Time": 0.016,
                  "Actual Total Time": 68.97,
                  "Actual Rows": 61022,
                  "Actual Loops": 5,
                  "Filter": "((kind_id > 4) AND (production_year < 1990))",
                  "Rows Removed by Filter": 444640
                }
              ]
            }
          ]
        }
      ]
    },
    "Planning Time": 0.1,
    "Triggers": [],
    "Execution Time": 82.222
  }
]