{
    "Plan": {
        "Node Type": "Aggregate",
        "Strategy": "Plain",
        "Partial Mode": "Finalize",
        "Parallel Aware": false,
        "Startup Cost": 325030.83,
        "Total Cost": 325030.84,
        "Plan Rows": 1,
        "Plan Width": 8,
        "Actual Startup Time": 2651.903,
        "Actual Total Time": 2760.678,
        "Actual Rows": 1,
        "Actual Loops": 1,
        "Output": [
            "count(*)"
        ],
        "Plans": [
            {
                "Node Type": "Gather",
                "Parent Relationship": "Outer",
                "Parallel Aware": false,
                "Startup Cost": 325030.31,
                "Total Cost": 325030.82,
                "Plan Rows": 5,
                "Plan Width": 8,
                "Actual Startup Time": 2651.633,
                "Actual Total Time": 2760.669,
                "Actual Rows": 6,
                "Actual Loops": 1,
                "Output": [
                    "(PARTIAL count(*))"
                ],
                "Workers Planned": 5,
                "Workers Launched": 5,
                "Single Copy": false,
                "Plans": [
                    {
                        "Node Type": "Aggregate",
                        "Strategy": "Plain",
                        "Partial Mode": "Partial",
                        "Parent Relationship": "Outer",
                        "Parallel Aware": false,
                        "Startup Cost": 324030.31,
                        "Total Cost": 324030.32,
                        "Plan Rows": 1,
                        "Plan Width": 8,
                        "Actual Startup Time": 2642.201,
                        "Actual Total Time": 2642.205,
                        "Actual Rows": 1,
                        "Actual Loops": 6,
                        "Output": [
                            "PARTIAL count(*)"
                        ],
                        "Workers": [
                            {
                                "Worker Number": 0,
                                "Actual Startup Time": 2639.559,
                                "Actual Total Time": 2639.562,
                                "Actual Rows": 1,
                                "Actual Loops": 1
                            },
                            {
                                "Worker Number": 1,
                                "Actual Startup Time": 2639.589,
                                "Actual Total Time": 2639.591,
                                "Actual Rows": 1,
                                "Actual Loops": 1
                            },
                            {
                                "Worker Number": 2,
                                "Actual Startup Time": 2644.011,
                                "Actual Total Time": 2644.014,
                                "Actual Rows": 1,
                                "Actual Loops": 1
                            },
                            {
                                "Worker Number": 3,
                                "Actual Startup Time": 2640.027,
                                "Actual Total Time": 2640.03,
                                "Actual Rows": 1,
                                "Actual Loops": 1
                            },
                            {
                                "Worker Number": 4,
                                "Actual Startup Time": 2639.54,
                                "Actual Total Time": 2639.543,
                                "Actual Rows": 1,
                                "Actual Loops": 1
                            }
                        ],
                        "Plans": [
                            {
                                "Node Type": "Nested Loop",
                                "Parent Relationship": "Outer",
                                "Parallel Aware": false,
                                "Join Type": "Inner",
                                "Startup Cost": 45642.37,
                                "Total Cost": 322625.8,
                                "Plan Rows": 561804,
                                "Plan Width": 0,
                                "Actual Startup Time": 75.654,
                                "Actual Total Time": 2561.596,
                                "Actual Rows": 1581295,
                                "Actual Loops": 6,
                                "Inner Unique": false,
                                "Join Filter": "(t.id = ci.movie_id)",
                                "Rows Removed by Join Filter": 0,
                                "Workers": [
                                    {
                                        "Worker Number": 0,
                                        "Actual Startup Time": 73.008,
                                        "Actual Total Time": 2567.045,
                                        "Actual Rows": 1618902,
                                        "Actual Loops": 1
                                    },
                                    {
                                        "Worker Number": 1,
                                        "Actual Startup Time": 73.11,
                                        "Actual Total Time": 2566.037,
                                        "Actual Rows": 1652829,
                                        "Actual Loops": 1
                                    },
                                    {
                                        "Worker Number": 2,
                                        "Actual Startup Time": 77.366,
                                        "Actual Total Time": 2568.495,
                                        "Actual Rows": 1684150,
                                        "Actual Loops": 1
                                    },
                                    {
                                        "Worker Number": 3,
                                        "Actual Startup Time": 73.634,
                                        "Actual Total Time": 2549.188,
                                        "Actual Rows": 1265945,
                                        "Actual Loops": 1
                                    },
                                    {
                                        "Worker Number": 4,
                                        "Actual Startup Time": 73.007,
                                        "Actual Total Time": 2565.258,
                                        "Actual Rows": 1670616,
                                        "Actual Loops": 1
                                    }
                                ],
                                "Plans": [
                                    {
                                        "Node Type": "Hash Join",
                                        "Parent Relationship": "Outer",
                                        "Parallel Aware": true,
                                        "Join Type": "Inner",
                                        "Startup Cost": 45641.81,
                                        "Total Cost": 249520.32,
                                        "Plan Rows": 39181,
                                        "Plan Width": 8,
                                        "Actual Startup Time": 75.533,
                                        "Actual Total Time": 626.5,
                                        "Actual Rows": 54517,
                                        "Actual Loops": 6,
                                        "Output": [
                                            "t.id",
                                            "mi.movie_id"
                                        ],
                                        "Inner Unique": true,
                                        "Hash Cond": "(mi.movie_id = t.id)",
                                        "Workers": [
                                            {
                                                "Worker Number": 0,
                                                "Actual Startup Time": 72.908,
                                                "Actual Total Time": 612.062,
                                                "Actual Rows": 55820,
                                                "Actual Loops": 1
                                            },
                                            {
                                                "Worker Number": 1,
                                                "Actual Startup Time": 73.002,
                                                "Actual Total Time": 606.177,
                                                "Actual Rows": 55259,
                                                "Actual Loops": 1
                                            },
                                            {
                                                "Worker Number": 2,
                                                "Actual Startup Time": 77.242,
                                                "Actual Total Time": 604.084,
                                                "Actual Rows": 55979,
                                                "Actual Loops": 1
                                            },
                                            {
                                                "Worker Number": 3,
                                                "Actual Startup Time": 73.374,
                                                "Actual Total Time": 660.696,
                                                "Actual Rows": 43998,
                                                "Actual Loops": 1
                                            },
                                            {
                                                "Worker Number": 4,
                                                "Actual Startup Time": 72.902,
                                                "Actual Total Time": 605.915,
                                                "Actual Rows": 56292,
                                                "Actual Loops": 1
                                            }
                                        ],
                                        "Plans": [
                                            {
                                                "Node Type": "Seq Scan",
                                                "Parent Relationship": "Outer",
                                                "Parallel Aware": true,
                                                "Relation Name": "movie_info",
                                                "Schema": "public",
                                                "Alias": "mi",
                                                "Startup Cost": 0.0,
                                                "Total Cost": 198880.74,
                                                "Plan Rows": 1903910,
                                                "Plan Width": 4,
                                                "Actual Startup Time": 0.031,
                                                "Actual Total Time": 343.639,
                                                "Actual Rows": 1594192,
                                                "Actual Loops": 6,
                                                "Output": [
                                                    "mi.id",
                                                    "mi.movie_id",
                                                    "mi.info_type_id",
                                                    "mi.info",
                                                    "mi.note"
                                                ],
                                                "Filter": "(mi.info_type_id < 16)",
                                                "Rows Removed by Filter": 878428,
                                                "Workers": [
                                                    {
                                                        "Worker Number": 0,
                                                        "Actual Startup Time": 0.038,
                                                        "Actual Total Time": 339.666,
                                                        "Actual Rows": 1659975,
                                                        "Actual Loops": 1
                                                    },
                                                    {
                                                        "Worker Number": 1,
                                                        "Actual Startup Time": 0.037,
                                                        "Actual Total Time": 337.659,
                                                        "Actual Rows": 1655662,
                                                        "Actual Loops": 1
                                                    },
                                                    {
                                                        "Worker Number": 2,
                                                        "Actual Startup Time": 0.031,
                                                        "Actual Total Time": 334.679,
                                                        "Actual Rows": 1628081,
                                                        "Actual Loops": 1
                                                    },
                                                    {
                                                        "Worker Number": 3,
                                                        "Actual Startup Time": 0.037,
                                                        "Actual Total Time": 365.18,
                                                        "Actual Rows": 1238067,
                                                        "Actual Loops": 1
                                                    },
                                                    {
                                                        "Worker Number": 4,
                                                        "Actual Startup Time": 0.034,
                                                        "Actual Total Time": 338.309,
                                                        "Actual Rows": 1674563,
                                                        "Actual Loops": 1
                                                    }
                                                ]
                                            },
                                            {
                                                "Node Type": "Hash",
                                                "Parent Relationship": "Inner",
                                                "Parallel Aware": true,
                                                "Startup Cost": 45479.21,
                                                "Total Cost": 45479.21,
                                                "Plan Rows": 13008,
                                                "Plan Width": 4,
                                                "Actual Startup Time": 74.417,
                                                "Actual Total Time": 74.418,
                                                "Actual Rows": 7335,
                                                "Actual Loops": 6,
                                                "Output": [
                                                    "t.id"
                                                ],
                                                "Hash Buckets": 65536,
                                                "Original Hash Buckets": 65536,
                                                "Hash Batches": 1,
                                                "Original Hash Batches": 1,
                                                "Peak Memory Usage": 2336,
                                                "Workers": [
                                                    {
                                                        "Worker Number": 0,
                                                        "Actual Startup Time": 71.778,
                                                        "Actual Total Time": 71.779,
                                                        "Actual Rows": 6986,
                                                        "Actual Loops": 1
                                                    },
                                                    {
                                                        "Worker Number": 1,
                                                        "Actual Startup Time": 71.775,
                                                        "Actual Total Time": 71.776,
                                                        "Actual Rows": 6939,
                                                        "Actual Loops": 1
                                                    },
                                                    {
                                                        "Worker Number": 2,
                                                        "Actual Startup Time": 76.328,
                                                        "Actual Total Time": 76.329,
                                                        "Actual Rows": 7110,
                                                        "Actual Loops": 1
                                                    },
                                                    {
                                                        "Worker Number": 3,
                                                        "Actual Startup Time": 72.278,
                                                        "Actual Total Time": 72.279,
                                                        "Actual Rows": 5044,
                                                        "Actual Loops": 1
                                                    },
                                                    {
                                                        "Worker Number": 4,
                                                        "Actual Startup Time": 71.792,
                                                        "Actual Total Time": 71.793,
                                                        "Actual Rows": 6903,
                                                        "Actual Loops": 1
                                                    }
                                                ],
                                                "Plans": [
                                                    {
                                                        "Node Type": "Seq Scan",
                                                        "Parent Relationship": "Outer",
                                                        "Parallel Aware": true,
                                                        "Relation Name": "title",
                                                        "Schema": "public",
                                                        "Alias": "t",
                                                        "Startup Cost": 0.0,
                                                        "Total Cost": 45479.21,
                                                        "Plan Rows": 13008,
                                                        "Plan Width": 4,
                                                        "Actual Startup Time": 0.397,
                                                        "Actual Total Time": 71.094,
                                                        "Actual Rows": 7335,
                                                        "Actual Loops": 6,
                                                        "Output": [
                                                            "t.id"
                                                        ],
                                                        "Filter": "((t.kind_id < 7) AND (t.production_year = 2009))",
                                                        "Rows Removed by Filter": 414050,
                                                        "Workers": [
                                                            {
                                                                "Worker Number": 0,
                                                                "Actual Startup Time": 1.319,
                                                                "Actual Total Time": 68.772,
                                                                "Actual Rows": 6986,
                                                                "Actual Loops": 1
                                                            },
                                                            {
                                                                "Worker Number": 1,
                                                                "Actual Startup Time": 0.385,
                                                                "Actual Total Time": 68.827,
                                                                "Actual Rows": 6939,
                                                                "Actual Loops": 1
                                                            },
                                                            {
                                                                "Worker Number": 2,
                                                                "Actual Startup Time": 0.396,
                                                                "Actual Total Time": 72.903,
                                                                "Actual Rows": 7110,
                                                                "Actual Loops": 1
                                                            },
                                                            {
                                                                "Worker Number": 3,
                                                                "Actual Startup Time": 0.079,
                                                                "Actual Total Time": 68.746,
                                                                "Actual Rows": 5044,
                                                                "Actual Loops": 1
                                                            },
                                                            {
                                                                "Worker Number": 4,
                                                                "Actual Startup Time": 0.128,
                                                                "Actual Total Time": 68.854,
                                                                "Actual Rows": 6903,
                                                                "Actual Loops": 1
                                                            }
                                                        ]
                                                    }
                                                ]
                                            }
                                        ]
                                    },
                                    {
                                        "Node Type": "Index Only Scan",
                                        "Parent Relationship": "Inner",
                                        "Parallel Aware": false,
                                        "Scan Direction": "Forward",
                                        "Index Name": "movie_id_cast_info",
                                        "Relation Name": "cast_info",
                                        "Schema": "public",
                                        "Alias": "ci",
                                        "Startup Cost": 0.56,
                                        "Total Cost": 1.39,
                                        "Plan Rows": 38,
                                        "Plan Width": 4,
                                        "Actual Startup Time": 0.006,
                                        "Actual Total Time": 0.032,
                                        "Actual Rows": 29,
                                        "Actual Loops": 327104,
                                        "Output": [
                                            "ci.movie_id"
                                        ],
                                        "Index Cond": "(ci.movie_id = mi.movie_id)",
                                        "Rows Removed by Index Recheck": 0,
                                        "Heap Fetches": 9487769,
                                        "Workers": [
                                            {
                                                "Worker Number": 0,
                                                "Actual Startup Time": 0.006,
                                                "Actual Total Time": 0.032,
                                                "Actual Rows": 29,
                                                "Actual Loops": 55820
                                            },
                                            {
                                                "Worker Number": 1,
                                                "Actual Startup Time": 0.006,
                                                "Actual Total Time": 0.033,
                                                "Actual Rows": 30,
                                                "Actual Loops": 55259
                                            },
                                            {
                                                "Worker Number": 2,
                                                "Actual Startup Time": 0.006,
                                                "Actual Total Time": 0.032,
                                                "Actual Rows": 30,
                                                "Actual Loops": 55979
                                            },
                                            {
                                                "Worker Number": 3,
                                                "Actual Startup Time": 0.008,
                                                "Actual Total Time": 0.039,
                                                "Actual Rows": 29,
                                                "Actual Loops": 43998
                                            },
                                            {
                                                "Worker Number": 4,
                                                "Actual Startup Time": 0.006,
                                                "Actual Total Time": 0.032,
                                                "Actual Rows": 30,
                                                "Actual Loops": 56292
                                            }
                                        ]
                                    }
                                ]
                            }
                        ]
                    }
                ]
            }
        ]
    },
    "Planning Time": 0.467,
    "Triggers": [],
    "Execution Time": 2760.737
}