[
  {
    "Plan": {
      "Node Type": "Aggregate",
      "Strategy": "Plain",
      "Partial Mode": "Finalize",
      "Parallel Aware": false,
      "Startup Cost": 170865.54,
      "Total Cost": 170865.55,
      "Plan Rows": 1,
      "Plan Width": 8,
      "Actual Startup Time": 721.522,
      "Actual Total Time": 797.403,
      "Actual Rows": 1,
      "Actual Loops": 1,
      "Plans": [
        {
          "Node Type": "Gather",
          "Parent Relationship": "Outer",
          "Parallel Aware": false,
          "Startup Cost": 170865.22,
          "Total Cost": 170865.53,
          "Plan Rows": 3,
          "Plan Width": 8,
          "Actual Startup Time": 720.057,
          "Actual Total Time": 797.394,
          "Actual Rows": 4,
          "Actual Loops": 1,
          "Workers Planned": 3,
          "Workers Launched": 3,
          "Single Copy": false,
          "Plans": [
            {
              "Node Type": "Aggregate",
              "Strategy": "Plain",
              "Partial Mode": "Partial",
              "Parent Relationship": "Outer",
              "Parallel Aware": false,
              "Startup Cost": 169865.22,
              "Total Cost": 169865.23,
              "Plan Rows": 1,
              "Plan Width": 8,
              "Actual Startup Time": 711.75,
              "Actual Total Time": 711.755,
              "Actual Rows": 1,
              "Actual Loops": 4,
              "Plans": [
                {
                  "Node Type": "Nested Loop",
                  "Parent Relationship": "Outer",
                  "Parallel Aware": false,
                  "Join Type": "Inner",
                  "Startup Cost": 46331.16,
                  "Total Cost": 169701.46,
                  "Plan Rows": 65505,
                  "Plan Width": 0,
                  "Actual Startup Time": 154.585,
                  "Actual Total Time": 702.742,
                  "Actual Rows": 140948,
                  "Actual Loops": 4,
                  "Inner Unique": false,
                  "Join Filter": "(t.id = ci.movie_id)",
                  "Rows Removed by Join Filter": 0,
                  "Plans": [
                    {
                      "Node Type": "Hash Join",
                      "Parent Relationship": "Outer",
                      "Parallel Aware": true,
                      "Join Type": "Inner",
                      "Startup Cost": 46330.6,
                      "Total Cost": 76327.27,
                      "Plan Rows": 28146,
                      "Plan Width": 8,
                      "Actual Startup Time": 154.396,
                      "Actual Total Time": 260.406,
                      "Actual Rows": 11119,
                      "Actual Loops": 4,
                      "Inner Unique": true,
                      "Hash Cond": "(mc.movie_id = t.id)",
                      "Plans": [
                        {
                          "Node Type": "Seq Scan",
                          "Parent Relationship": "Outer",
                          "Parallel Aware": true,
                          "Relation Name": "movie_companies",
                          "Alias": "mc",
                          "Startup Cost": 0.0,
                          "Total Cost": 29310.68,
                          "Plan Rows": 261329,
                          "Plan Width": 4,
                          "Actual Startup Time": 14.386,
                          "Actual Total Time": 68.277,
                          "Actual Rows": 199778,
                          "Actual Loops": 4,
                          "Filter": "(company_id > 30516)",
                          "Rows Removed by Filter": 452504
                        },
                        {
                          "Node Type": "Hash",
                          "Parent Relationship": "Inner",
                          "Parallel Aware": true,
                          "Startup Cost": 45479.59,
                          "Total Cost": 45479.59,
                          "Plan Rows": 68081,
                          "Plan Width": 4,
                          "Actual Startup Time": 136.735,
                          "Actual Total Time": 136.736,
                          "Actual Rows": 69868,
                          "Actual Loops": 4,
                          "Hash Buckets": 524288,
                          "Original Hash Buckets": 524288,
                          "Hash Batches": 1,
                          "Original Hash Batches": 1,
                          "Peak Memory Usage": 15136,
                          "Plans": [
                            {
                              "Node Type": "Seq Scan",
                              "Parent Relationship": "Outer",
                              "Parallel Aware": true,
                              "Relation Name": "title",
                              "Alias": "t",
                              "Startup Cost": 0.0,
                              "Total Cost": 45479.59,
                              "Plan Rows": 68081,
                              "Plan Width": 4,
                              "Actual Startup Time": 0.038,
                              "Actual Total Time": 108.483,
                              "Actual Rows": 69868,
                              "Actual Loops": 4,
                              "Filter": "((kind_id > 2) AND (production_year > 2010))",
                              "Rows Removed by Filter": 562210
                            }
                          ]
                        }
                      ]
                    },
                    {
                      "Node Type": "Index Scan",
                      "Parent Relationship": "Inner",
                      "Parallel Aware": false,
                      "Scan Direction": "Forward",
                      "Index Name": "movie_id_cast_info",
                      "Relation Name": "cast_info",
                      "Alias": "ci",
                      "Startup Cost": 0.56,
                      "Total Cost": 3.24,
                      "Plan Rows": 6,
                      "Plan Width": 4,
                      "Actual Startup Time": 0.022,
                      "Actual Total Time": 0.038,
                      "Actual Rows": 13,
                      "Actual Loops": 44475,
                      "Index Cond": "(movie_id = mc.movie_id)",
                      "Rows Removed by Index Recheck": 0,
                      "Filter": "((person_id > 2364297) AND (role_id > 2))",
                      "Rows Removed by Filter": 17
                    }
                  ]
                }
              ]
            }
          ]
        }
      ]
    },
    "Planning Time": 1.206,
    "Triggers": [],
    "Execution Time": 797.506
  }
]