{
  "Plan": {
    "Node Type": "Aggregate",
    "Strategy": "Plain",
    "Partial Mode": "Finalize",
    "Parallel Aware": false,
    "Startup Cost": 3272342.97,
    "Total Cost": 3272342.98,
    "Plan Rows": 1,
    "Plan Width": 8,
    "Actual Startup Time": 17140.816,
    "Actual Total Time": 17227.212,
    "Actual Rows": 1,
    "Actual Loops": 1,
    "Plans": [
      {
        "Node Type": "Gather",
        "Parent Relationship": "Outer",
        "Parallel Aware": false,
        "Startup Cost": 3272342.86,
        "Total Cost": 3272342.97,
        "Plan Rows": 1,
        "Plan Width": 8,
        "Actual Startup Time": 16964.857,
        "Actual Total Time": 17227.192,
        "Actual Rows": 2,
        "Actual Loops": 1,
        "Workers Planned": 1,
        "Workers Launched": 1,
        "Single Copy": false,
        "Plans": [
          {
            "Node Type": "Aggregate",
            "Strategy": "Plain",
            "Partial Mode": "Partial",
            "Parent Relationship": "Outer",
            "Parallel Aware": false,
            "Startup Cost": 3271342.86,
            "Total Cost": 3271342.87,
            "Plan Rows": 1,
            "Plan Width": 8,
            "Actual Startup Time": 17018.371,
            "Actual Total Time": 17018.381,
            "Actual Rows": 1,
            "Actual Loops": 2,
            "Plans": [
              {
                "Node Type": "Merge Join",
                "Parent Relationship": "Outer",
                "Parallel Aware": false,
                "Join Type": "Inner",
                "Startup Cost": 2803124.12,
                "Total Cost": 3208994.16,
                "Plan Rows": 24939481,
                "Plan Width": 0,
                "Actual Startup Time": 11512.09,
                "Actual Total Time": 16151.374,
                "Actual Rows": 20489482,
                "Actual Loops": 2,
                "Inner Unique": false,
                "Merge Cond": "(t.id = mi.movie_id)",
                "Plans": [
                  {
                    "Node Type": "Sort",
                    "Parent Relationship": "Outer",
                    "Parallel Aware": false,
                    "Startup Cost": 1304346.5,
                    "Total Cost": 1320247.73,
                    "Plan Rows": 6360492,
                    "Plan Width": 8,
                    "Actual Startup Time": 7980.101,
                    "Actual Total Time": 8714.469,
                    "Actual Rows": 6097824,
                    "Actual Loops": 2,
                    "Sort Key": [
                      "t.id"
                    ],
                    "Sort Method": "quicksort",
                    "Sort Space Used": 487577,
                    "Sort Space Type": "Memory",
                    "Workers": [
                      {
                        "Worker Number": 0,
                        "Sort Method": "quicksort",
                        "Sort Space Used": 477311,
                        "Sort Space Type": "Memory"
                      }
                    ],
                    "Plans": [
                      {
                        "Node Type": "Hash Join",
                        "Parent Relationship": "Outer",
                        "Parallel Aware": true,
                        "Join Type": "Inner",
                        "Startup Cost": 63855.07,
                        "Total Cost": 585588.42,
                        "Plan Rows": 6360492,
                        "Plan Width": 8,
                        "Actual Startup Time": 270.803,
                        "Actual Total Time": 6493.711,
                        "Actual Rows": 6097824,
                        "Actual Loops": 2,
                        "Inner Unique": true,
                        "Hash Cond": "(ci.movie_id = t.id)",
                        "Plans": [
                          {
                            "Node Type": "Seq Scan",
                            "Parent Relationship": "Outer",
                            "Parallel Aware": true,
                            "Relation Name": "cast_info",
                            "Alias": "ci",
                            "Startup Cost": 0.0,
                            "Total Cost": 465792.95,
                            "Plan Rows": 21310595,
                            "Plan Width": 4,
                            "Actual Startup Time": 0.012,
                            "Actual Total Time": 1353.494,
                            "Actual Rows": 18122172,
                            "Actual Loops": 2
                          },
                          {
                            "Node Type": "Hash",
                            "Parent Relationship": "Inner",
                            "Parallel Aware": true,
                            "Startup Cost": 58306.47,
                            "Total Cost": 58306.47,
                            "Plan Rows": 443888,
                            "Plan Width": 4,
                            "Actual Startup Time": 261.714,
                            "Actual Total Time": 261.716,
                            "Actual Rows": 398319,
                            "Actual Loops": 2,
                            "Hash Buckets": 1048576,
                            "Original Hash Buckets": 1048576,
                            "Hash Batches": 1,
                            "Original Hash Batches": 1,
                            "Peak Memory Usage": 39392,
                            "Plans": [
                              {
                                "Node Type": "Seq Scan",
                                "Parent Relationship": "Outer",
                                "Parallel Aware": true,
                                "Relation Name": "title",
                                "Alias": "t",
                                "Startup Cost": 0.0,
                                "Total Cost": 58306.47,
                                "Plan Rows": 443888,
                                "Plan Width": 4,
                                "Actual Startup Time": 0.031,
                                "Actual Total Time": 156.382,
                                "Actual Rows": 398319,
                                "Actual Loops": 2,
                                "Filter": "((kind_id > 1) AND (production_year > 2005))",
                                "Rows Removed by Filter": 865837
                              }
                            ]
                          }
                        ]
                      }
                    ]
                  },
                  {
                    "Node Type": "Sort",
                    "Parent Relationship": "Inner",
                    "Parallel Aware": false,
                    "Startup Cost": 1498776.98,
                    "Total Cost": 1523560.56,
                    "Plan Rows": 9913433,
                    "Plan Width": 4,
                    "Actual Startup Time": 3531.974,
                    "Actual Total Time": 4690.804,
                    "Actual Rows": 28950848,
                    "Actual Loops": 2,
                    "Sort Key": [
                      "mi.movie_id"
                    ],
                    "Sort Method": "quicksort",
                    "Sort Space Used": 857830,
                    "Sort Space Type": "Memory",
                    "Workers": [
                      {
                        "Worker Number": 0,
                        "Sort Method": "quicksort",
                        "Sort Space Used": 857830,
                        "Sort Space Type": "Memory"
                      }
                    ],
                    "Plans": [
                      {
                        "Node Type": "Seq Scan",
                        "Parent Relationship": "Outer",
                        "Parallel Aware": false,
                        "Relation Name": "movie_info",
                        "Alias": "mi",
                        "Startup Cost": 0.0,
                        "Total Cost": 346788.81,
                        "Plan Rows": 9913433,
                        "Plan Width": 4,
                        "Actual Startup Time": 58.678,
                        "Actual Total Time": 1425.706,
                        "Actual Rows": 9911754,
                        "Actual Loops": 2,
                        "Filter": "(info_type_id > 4)",
                        "Rows Removed by Filter": 4923966
                      }
                    ]
                  }
                ]
              }
            ]
          }
        ]
      }
    ]
  },
  "Planning Time": 1.089,
  "Triggers": [],
  "Execution Time": 17295.64
}