{
  "Plan": {
    "Node Type": "Aggregate",
    "Strategy": "Plain",
    "Partial Mode": "Finalize",
    "Parallel Aware": false,
    "Startup Cost": 97306.04,
    "Total Cost": 97306.05,
    "Plan Rows": 1,
    "Plan Width": 8,
    "Actual Startup Time": 458.7,
    "Actual Total Time": 475.566,
    "Actual Rows": 1,
    "Actual Loops": 1,
    "Plans": [
      {
        "Node Type": "Gather",
        "Parent Relationship": "Outer",
        "Parallel Aware": false,
        "Startup Cost": 97305.93,
        "Total Cost": 97306.04,
        "Plan Rows": 1,
        "Plan Width": 8,
        "Actual Startup Time": 456.788,
        "Actual Total Time": 475.559,
        "Actual Rows": 2,
        "Actual Loops": 1,
        "Workers Planned": 1,
        "Workers Launched": 1,
        "Single Copy": false,
        "Plans": [
          {
            "Node Type": "Aggregate",
            "Strategy": "Plain",
            "Partial Mode": "Partial",
            "Parent Relationship": "Outer",
            "Parallel Aware": false,
            "Startup Cost": 96305.93,
            "Total Cost": 96305.94,
            "Plan Rows": 1,
            "Plan Width": 8,
            "Actual Startup Time": 453.259,
            "Actual Total Time": 453.264,
            "Actual Rows": 1,
            "Actual Loops": 2,
            "Plans": [
              {
                "Node Type": "Hash Join",
                "Parent Relationship": "Outer",
                "Parallel Aware": true,
                "Join Type": "Inner",
                "Startup Cost": 68773.25,
                "Total Cost": 96118.53,
                "Plan Rows": 74960,
                "Plan Width": 0,
                "Actual Startup Time": 322.995,
                "Actual Total Time": 446.948,
                "Actual Rows": 145651,
                "Actual Loops": 2,
                "Inner Unique": true,
                "Hash Cond": "(mk.movie_id = t.id)",
                "Plans": [
                  {
                    "Node Type": "Bitmap Heap Scan",
                    "Parent Relationship": "Outer",
                    "Parallel Aware": true,
                    "Relation Name": "movie_keyword",
                    "Alias": "mk",
                    "Startup Cost": 6894.95,
                    "Total Cost": 33738.44,
                    "Plan Rows": 191159,
                    "Plan Width": 4,
                    "Actual Startup Time": 21.405,
                    "Actual Total Time": 86.806,
                    "Actual Rows": 170288,
                    "Actual Loops": 2,
                    "Recheck Cond": "(keyword_id < 283)",
                    "Rows Removed by Index Recheck": 0,
                    "Exact Heap Blocks": 14818,
                    "Lossy Heap Blocks": 0,
                    "Plans": [
                      {
                        "Node Type": "Bitmap Index Scan",
                        "Parent Relationship": "Outer",
                        "Parallel Aware": false,
                        "Index Name": "keyword_id_movie_keyword",
                        "Startup Cost": 0.0,
                        "Total Cost": 6813.71,
                        "Plan Rows": 324970,
                        "Plan Width": 0,
                        "Actual Startup Time": 17.79,
                        "Actual Total Time": 17.791,
                        "Actual Rows": 340576,
                        "Actual Loops": 1,
                        "Index Cond": "(keyword_id < 283)"
                      }
                    ]
                  },
                  {
                    "Node Type": "Hash",
                    "Parent Relationship": "Inner",
                    "Parallel Aware": true,
                    "Startup Cost": 54588.39,
                    "Total Cost": 54588.39,
                    "Plan Rows": 583193,
                    "Plan Width": 4,
                    "Actual Startup Time": 294.803,
                    "Actual Total Time": 294.805,
                    "Actual Rows": 492524,
                    "Actual Loops": 2,
                    "Hash Buckets": 1048576,
                    "Original Hash Buckets": 1048576,
                    "Hash Batches": 1,
                    "Original Hash Batches": 1,
                    "Peak Memory Usage": 46752,
                    "Plans": [
                      {
                        "Node Type": "Seq Scan",
                        "Parent Relationship": "Outer",
                        "Parallel Aware": true,
                        "Relation Name": "title",
                        "Alias": "t",
                        "Startup Cost": 0.0,
                        "Total Cost": 54588.39,
                        "Plan Rows": 583193,
                        "Plan Width": 4,
                        "Actual Startup Time": 0.028,
                        "Actual Total Time": 153.789,
                        "Actual Rows": 492524,
                        "Actual Loops": 2,
                        "Filter": "(kind_id < 7)",
                        "Rows Removed by Filter": 771632
                      }
                    ]
                  }
                ]
              }
            ]
          }
        ]
      }
    ]
  },
  "Planning Time": 0.388,
  "Triggers": [],
  "Execution Time": 475.631
}