[
  {
    "Plan": {
      "Node Type": "Aggregate",
      "Strategy": "Plain",
      "Partial Mode": "Finalize",
      "Parallel Aware": false,
      "Startup Cost": 44472.53,
      "Total Cost": 44472.54,
      "Plan Rows": 1,
      "Plan Width": 8,
      "Actual Startup Time": 126.772,
      "Actual Total Time": 135.607,
      "Actual Rows": 1,
      "Actual Loops": 1,
      "Plans": [
        {
          "Node Type": "Gather",
          "Parent Relationship": "Outer",
          "Parallel Aware": false,
          "Startup Cost": 44472.22,
          "Total Cost": 44472.53,
          "Plan Rows": 3,
          "Plan Width": 8,
          "Actual Startup Time": 126.621,
          "Actual Total Time": 135.6,
          "Actual Rows": 4,
          "Actual Loops": 1,
          "Workers Planned": 3,
          "Workers Launched": 3,
          "Single Copy": false,
          "Plans": [
            {
              "Node Type": "Aggregate",
              "Strategy": "Plain",
              "Partial Mode": "Partial",
              "Parent Relationship": "Outer",
              "Parallel Aware": false,
              "Startup Cost": 43472.22,
              "Total Cost": 43472.23,
              "Plan Rows": 1,
              "Plan Width": 8,
              "Actual Startup Time": 119.71,
              "Actual Total Time": 119.711,
              "Actual Rows": 1,
              "Actual Loops": 4,
              "Plans": [
                {
                  "Node Type": "Seq Scan",
                  "Parent Relationship": "Outer",
                  "Parallel Aware": true,
                  "Relation Name": "movie_keyword",
                  "Alias": "mk",
                  "Startup Cost": 0.0,
                  "Total Cost": 42695.65,
                  "Plan Rows": 310625,
                  "Plan Width": 0,
                  "Actual Startup Time": 2.416,
                  "Actual Total Time": 106.832,
                  "Actual Rows": 241679,
                  "Actual Loops": 4,
                  "Filter": "(keyword_id > 19727)",
                  "Rows Removed by Filter": 889304
                }
              ]
            }
          ]
        }
      ]
    },
    "Planning Time": 0.086,
    "Triggers": [],
    "Execution Time": 135.637
  }
]