[
  {
    "Plan": {
      "Node Type": "Aggregate",
      "Strategy": "Plain",
      "Partial Mode": "Finalize",
      "Parallel Aware": false,
      "Startup Cost": 92831.37,
      "Total Cost": 92831.38,
      "Plan Rows": 1,
      "Plan Width": 8,
      "Actual Startup Time": 478.933,
      "Actual Total Time": 492.219,
      "Actual Rows": 1,
      "Actual Loops": 1,
      "Plans": [
        {
          "Node Type": "Gather",
          "Parent Relationship": "Outer",
          "Parallel Aware": false,
          "Startup Cost": 92831.16,
          "Total Cost": 92831.37,
          "Plan Rows": 2,
          "Plan Width": 8,
          "Actual Startup Time": 475.738,
          "Actual Total Time": 492.21,
          "Actual Rows": 3,
          "Actual Loops": 1,
          "Workers Planned": 2,
          "Workers Launched": 2,
          "Single Copy": false,
          "Plans": [
            {
              "Node Type": "Aggregate",
              "Strategy": "Plain",
              "Partial Mode": "Partial",
              "Parent Relationship": "Outer",
              "Parallel Aware": false,
              "Startup Cost": 91831.16,
              "Total Cost": 91831.17,
              "Plan Rows": 1,
              "Plan Width": 8,
              "Actual Startup Time": 467.609,
              "Actual Total Time": 467.789,
              "Actual Rows": 1,
              "Actual Loops": 3,
              "Plans": [
                {
                  "Node Type": "Hash Join",
                  "Parent Relationship": "Outer",
                  "Parallel Aware": true,
                  "Join Type": "Inner",
                  "Startup Cost": 75869.04,
                  "Total Cost": 91766.62,
                  "Plan Rows": 25815,
                  "Plan Width": 0,
                  "Actual Startup Time": 412.33,
                  "Actual Total Time": 465.296,
                  "Actual Rows": 52837,
                  "Actual Loops": 3,
                  "Inner Unique": false,
                  "Hash Cond": "(mi_idx.movie_id = t.id)",
                  "Plans": [
                    {
                      "Node Type": "Seq Scan",
                      "Parent Relationship": "Outer",
                      "Parallel Aware": true,
                      "Relation Name": "movie_info_idx",
                      "Alias": "mi_idx",
                      "Startup Cost": 0.0,
                      "Total Cost": 15122.68,
                      "Plan Rows": 189429,
                      "Plan Width": 4,
                      "Actual Startup Time": 0.04,
                      "Actual Total Time": 39.535,
                      "Actual Rows": 153308,
                      "Actual Loops": 3,
                      "Filter": "(info_type_id = 99)",
                      "Rows Removed by Filter": 306703
                    },
                    {
                      "Node Type": "Hash",
                      "Parent Relationship": "Inner",
                      "Parallel Aware": true,
                      "Startup Cost": 74792.31,
                      "Total Cost": 74792.31,
                      "Plan Rows": 86138,
                      "Plan Width": 8,
                      "Actual Startup Time": 384.768,
                      "Actual Total Time": 384.947,
                      "Actual Rows": 115551,
                      "Actual Loops": 3,
                      "Hash Buckets": 524288,
                      "Original Hash Buckets": 524288,
                      "Hash Batches": 1,
                      "Original Hash Batches": 1,
                      "Peak Memory Usage": 17696,
                      "Plans": [
                        {
                          "Node Type": "Hash Join",
                          "Parent Relationship": "Outer",
                          "Parallel Aware": true,
                          "Join Type": "Inner",
                          "Startup Cost": 29035.36,
                          "Total Cost": 74792.31,
                          "Plan Rows": 86138,
                          "Plan Width": 8,
                          "Actual Startup Time": 105.511,
                          "Actual Total Time": 353.192,
                          "Actual Rows": 115551,
                          "Actual Loops": 3,
                          "Inner Unique": false,
                          "Hash Cond": "(t.id = mc.movie_id)",
                          "Plans": [
                            {
                              "Node Type": "Seq Scan",
                              "Parent Relationship": "Outer",
                              "Parallel Aware": true,
                              "Relation Name": "title",
                              "Alias": "t",
                              "Startup Cost": 0.0,
                              "Total Cost": 42318.73,
                              "Plan Rows": 632073,
                              "Plan Width": 4,
                              "Actual Startup Time": 0.012,
                              "Actual Total Time": 93.854,
                              "Actual Rows": 842771,
                              "Actual Loops": 3
                            },
                            {
                              "Node Type": "Hash",
                              "Parent Relationship": "Inner",
                              "Parallel Aware": true,
                              "Startup Cost": 27646.03,
                              "Total Cost": 27646.03,
                              "Plan Rows": 111146,
                              "Plan Width": 4,
                              "Actual Startup Time": 91.493,
                              "Actual Total Time": 91.495,
                              "Actual Rows": 115551,
                              "Actual Loops": 3,
                              "Hash Buckets": 524288,
                              "Original Hash Buckets": 524288,
                              "Hash Batches": 1,
                              "Original Hash Batches": 1,
                              "Peak Memory Usage": 17696,
                              "Plans": [
                                {
                                  "Node Type": "Bitmap Heap Scan",
                                  "Parent Relationship": "Outer",
                                  "Parallel Aware": true,
                                  "Relation Name": "movie_companies",
                                  "Alias": "mc",
                                  "Startup Cost": 7466.71,
                                  "Total Cost": 27646.03,
                                  "Plan Rows": 111146,
                                  "Plan Width": 4,
                                  "Actual Startup Time": 25.036,
                                  "Actual Total Time": 57.423,
                                  "Actual Rows": 115551,
                                  "Actual Loops": 3,
                                  "Recheck Cond": "(company_id > 88616)",
                                  "Rows Removed by Index Recheck": 0,
                                  "Exact Heap Blocks": 2943,
                                  "Lossy Heap Blocks": 0,
                                  "Plans": [
                                    {
                                      "Node Type": "Bitmap Index Scan",
                                      "Parent Relationship": "Outer",
                                      "Parallel Aware": false,
                                      "Index Name": "company_id_movie_companies",
                                      "Startup Cost": 0.0,
                                      "Total Cost": 7380.57,
                                      "Plan Rows": 344552,
                                      "Plan Width": 0,
                                      "Actual Startup Time": 24.214,
                                      "Actual Total Time": 24.215,
                                      "Actual Rows": 346653,
                                      "Actual Loops": 1,
                                      "Index Cond": "(company_id > 88616)"
                                    }
                                  ]
                                }
                              ]
                            }
                          ]
                        }
                      ]
                    }
                  ]
                }
              ]
            }
          ]
        }
      ]
    },
    "Planning Time": 1.441,
    "Triggers": [],
    "Execution Time": 492.339
  }
]