{
  "Plan": {
    "Node Type": "Aggregate",
    "Strategy": "Plain",
    "Partial Mode": "Finalize",
    "Parallel Aware": false,
    "Startup Cost": 106648.12,
    "Total Cost": 106648.13,
    "Plan Rows": 1,
    "Plan Width": 8,
    "Actual Startup Time": 646.197,
    "Actual Total Time": 659.843,
    "Actual Rows": 1,
    "Actual Loops": 1,
    "Plans": [
      {
        "Node Type": "Gather",
        "Parent Relationship": "Outer",
        "Parallel Aware": false,
        "Startup Cost": 106648.01,
        "Total Cost": 106648.12,
        "Plan Rows": 1,
        "Plan Width": 8,
        "Actual Startup Time": 644.055,
        "Actual Total Time": 659.835,
        "Actual Rows": 2,
        "Actual Loops": 1,
        "Workers Planned": 1,
        "Workers Launched": 1,
        "Single Copy": false,
        "Plans": [
          {
            "Node Type": "Aggregate",
            "Strategy": "Plain",
            "Partial Mode": "Partial",
            "Parent Relationship": "Outer",
            "Parallel Aware": false,
            "Startup Cost": 105648.01,
            "Total Cost": 105648.02,
            "Plan Rows": 1,
            "Plan Width": 8,
            "Actual Startup Time": 637.73,
            "Actual Total Time": 637.734,
            "Actual Rows": 1,
            "Actual Loops": 2,
            "Plans": [
              {
                "Node Type": "Hash Join",
                "Parent Relationship": "Outer",
                "Parallel Aware": true,
                "Join Type": "Inner",
                "Startup Cost": 43656.88,
                "Total Cost": 105103.52,
                "Plan Rows": 217794,
                "Plan Width": 0,
                "Actual Startup Time": 217.696,
                "Actual Total Time": 623.107,
                "Actual Rows": 347210,
                "Actual Loops": 2,
                "Inner Unique": false,
                "Hash Cond": "(t.id = mc.movie_id)",
                "Plans": [
                  {
                    "Node Type": "Seq Scan",
                    "Parent Relationship": "Outer",
                    "Parallel Aware": true,
                    "Relation Name": "title",
                    "Alias": "t",
                    "Startup Cost": 0.0,
                    "Total Cost": 50870.31,
                    "Plan Rows": 1487231,
                    "Plan Width": 4,
                    "Actual Startup Time": 0.01,
                    "Actual Total Time": 118.223,
                    "Actual Rows": 1264156,
                    "Actual Loops": 2
                  },
                  {
                    "Node Type": "Hash",
                    "Parent Relationship": "Inner",
                    "Parallel Aware": true,
                    "Startup Cost": 40934.45,
                    "Total Cost": 40934.45,
                    "Plan Rows": 217794,
                    "Plan Width": 4,
                    "Actual Startup Time": 212.012,
                    "Actual Total Time": 212.013,
                    "Actual Rows": 347210,
                    "Actual Loops": 2,
                    "Hash Buckets": 1048576,
                    "Original Hash Buckets": 524288,
                    "Hash Batches": 1,
                    "Original Hash Batches": 1,
                    "Peak Memory Usage": 39488,
                    "Plans": [
                      {
                        "Node Type": "Bitmap Heap Scan",
                        "Parent Relationship": "Outer",
                        "Parallel Aware": true,
                        "Relation Name": "movie_companies",
                        "Alias": "mc",
                        "Startup Cost": 15710.15,
                        "Total Cost": 40934.45,
                        "Plan Rows": 217794,
                        "Plan Width": 4,
                        "Actual Startup Time": 77.647,
                        "Actual Total Time": 135.168,
                        "Actual Rows": 347210,
                        "Actual Loops": 2,
                        "Recheck Cond": "(company_id > 38134)",
                        "Rows Removed by Index Recheck": 0,
                        "Filter": "(company_type_id = 2)",
                        "Rows Removed by Filter": 24688,
                        "Exact Heap Blocks": 9588,
                        "Lossy Heap Blocks": 0,
                        "Plans": [
                          {
                            "Node Type": "Bitmap Index Scan",
                            "Parent Relationship": "Outer",
                            "Parallel Aware": false,
                            "Index Name": "company_id_movie_companies",
                            "Startup Cost": 0.0,
                            "Total Cost": 15617.59,
                            "Plan Rows": 729221,
                            "Plan Width": 0,
                            "Actual Startup Time": 61.16,
                            "Actual Total Time": 61.16,
                            "Actual Rows": 743797,
                            "Actual Loops": 1,
                            "Index Cond": "(company_id > 38134)"
                          }
                        ]
                      }
                    ]
                  }
                ]
              }
            ]
          }
        ]
      }
    ]
  },
  "Planning Time": 0.712,
  "Triggers": [],
  "Execution Time": 659.933
}