[
  {
    "Plan": {
      "Node Type": "Aggregate",
      "Strategy": "Plain",
      "Partial Mode": "Finalize",
      "Parallel Aware": false,
      "Startup Cost": 348122.11,
      "Total Cost": 348122.12,
      "Plan Rows": 1,
      "Plan Width": 8,
      "Actual Startup Time": 646.392,
      "Actual Total Time": 707.042,
      "Actual Rows": 1,
      "Actual Loops": 1,
      "Plans": [
        {
          "Node Type": "Gather",
          "Parent Relationship": "Outer",
          "Parallel Aware": false,
          "Startup Cost": 348121.49,
          "Total Cost": 348122.1,
          "Plan Rows": 6,
          "Plan Width": 8,
          "Actual Startup Time": 646.154,
          "Actual Total Time": 707.031,
          "Actual Rows": 7,
          "Actual Loops": 1,
          "Workers Planned": 6,
          "Workers Launched": 6,
          "Single Copy": false,
          "Plans": [
            {
              "Node Type": "Aggregate",
              "Strategy": "Plain",
              "Partial Mode": "Partial",
              "Parent Relationship": "Outer",
              "Parallel Aware": false,
              "Startup Cost": 347121.49,
              "Total Cost": 347121.5,
              "Plan Rows": 1,
              "Plan Width": 8,
              "Actual Startup Time": 637.721,
              "Actual Total Time": 637.722,
              "Actual Rows": 1,
              "Actual Loops": 7,
              "Plans": [
                {
                  "Node Type": "Seq Scan",
                  "Parent Relationship": "Outer",
                  "Parallel Aware": true,
                  "Relation Name": "cast_info",
                  "Alias": "ci",
                  "Startup Cost": 0.0,
                  "Total Cost": 343257.03,
                  "Plan Rows": 1545784,
                  "Plan Width": 0,
                  "Actual Startup Time": 234.324,
                  "Actual Total Time": 603.63,
                  "Actual Rows": 838415,
                  "Actual Loops": 7,
                  "Filter": "((person_id > 1939240) AND (role_id < 3))",
                  "Rows Removed by Filter": 4339349
                }
              ]
            }
          ]
        }
      ]
    },
    "Planning Time": 0.181,
    "Triggers": [],
    "Execution Time": 707.107
  }
]