[
  {
    "Plan": {
      "Node Type": "Aggregate",
      "Strategy": "Plain",
      "Partial Mode": "Finalize",
      "Parallel Aware": false,
      "Startup Cost": 33334.49,
      "Total Cost": 33334.5,
      "Plan Rows": 1,
      "Plan Width": 8,
      "Actual Startup Time": 99.558,
      "Actual Total Time": 107.053,
      "Actual Rows": 1,
      "Actual Loops": 1,
      "Plans": [
        {
          "Node Type": "Gather",
          "Parent Relationship": "Outer",
          "Parallel Aware": false,
          "Startup Cost": 33334.17,
          "Total Cost": 33334.48,
          "Plan Rows": 3,
          "Plan Width": 8,
          "Actual Startup Time": 99.471,
          "Actual Total Time": 107.045,
          "Actual Rows": 4,
          "Actual Loops": 1,
          "Workers Planned": 3,
          "Workers Launched": 3,
          "Single Copy": false,
          "Plans": [
            {
              "Node Type": "Aggregate",
              "Strategy": "Plain",
              "Partial Mode": "Partial",
              "Parent Relationship": "Outer",
              "Parallel Aware": false,
              "Startup Cost": 32334.17,
              "Total Cost": 32334.18,
              "Plan Rows": 1,
              "Plan Width": 8,
              "Actual Startup Time": 92.217,
              "Actual Total Time": 92.218,
              "Actual Rows": 1,
              "Actual Loops": 4,
              "Plans": [
                {
                  "Node Type": "Seq Scan",
                  "Parent Relationship": "Outer",
                  "Parallel Aware": true,
                  "Relation Name": "movie_companies",
                  "Alias": "mc",
                  "Startup Cost": 0.0,
                  "Total Cost": 31414.82,
                  "Plan Rows": 367740,
                  "Plan Width": 0,
                  "Actual Startup Time": 48.492,
                  "Actual Total Time": 82.827,
                  "Actual Rows": 242534,
                  "Actual Loops": 4,
                  "Filter": "((company_id < 86196) AND (company_type_id > 1))",
                  "Rows Removed by Filter": 409748
                }
              ]
            }
          ]
        }
      ]
    },
    "Planning Time": 0.217,
    "Triggers": [],
    "Execution Time": 107.111
  }
]