[
  {
    "Plan": {
      "Node Type": "Aggregate",
      "Strategy": "Plain",
      "Partial Mode": "Finalize",
      "Parallel Aware": false,
      "Startup Cost": 47026.1,
      "Total Cost": 47026.11,
      "Plan Rows": 1,
      "Plan Width": 8,
      "Actual Startup Time": 112.814,
      "Actual Total Time": 125.77,
      "Actual Rows": 1,
      "Actual Loops": 1,
      "Plans": [
        {
          "Node Type": "Gather",
          "Parent Relationship": "Outer",
          "Parallel Aware": false,
          "Startup Cost": 47025.68,
          "Total Cost": 47026.09,
          "Plan Rows": 4,
          "Plan Width": 8,
          "Actual Startup Time": 112.675,
          "Actual Total Time": 125.761,
          "Actual Rows": 5,
          "Actual Loops": 1,
          "Workers Planned": 4,
          "Workers Launched": 4,
          "Single Copy": false,
          "Plans": [
            {
              "Node Type": "Aggregate",
              "Strategy": "Plain",
              "Partial Mode": "Partial",
              "Parent Relationship": "Outer",
              "Parallel Aware": false,
              "Startup Cost": 46025.68,
              "Total Cost": 46025.69,
              "Plan Rows": 1,
              "Plan Width": 8,
              "Actual Startup Time": 107.06,
              "Actual Total Time": 107.062,
              "Actual Rows": 1,
              "Actual Loops": 5,
              "Plans": [
                {
                  "Node Type": "Seq Scan",
                  "Parent Relationship": "Outer",
                  "Parallel Aware": true,
                  "Relation Name": "title",
                  "Alias": "t",
                  "Startup Cost": 0.0,
                  "Total Cost": 45479.1,
                  "Plan Rows": 218634,
                  "Plan Width": 0,
                  "Actual Startup Time": 0.031,
                  "Actual Total Time": 95.398,
                  "Actual Rows": 191460,
                  "Actual Loops": 5,
                  "Filter": "((production_year > 1999) AND (kind_id = 7))",
                  "Rows Removed by Filter": 314203
                }
              ]
            }
          ]
        }
      ]
    },
    "Planning Time": 0.187,
    "Triggers": [],
    "Execution Time": 125.83
  }
]