[
  {
    "Plan": {
      "Node Type": "Aggregate",
      "Strategy": "Plain",
      "Partial Mode": "Finalize",
      "Parallel Aware": false,
      "Startup Cost": 96666.49,
      "Total Cost": 96666.5,
      "Plan Rows": 1,
      "Plan Width": 8,
      "Actual Startup Time": 575.139,
      "Actual Total Time": 592.9,
      "Actual Rows": 1,
      "Actual Loops": 1,
      "Plans": [
        {
          "Node Type": "Gather",
          "Parent Relationship": "Outer",
          "Parallel Aware": false,
          "Startup Cost": 96666.17,
          "Total Cost": 96666.48,
          "Plan Rows": 3,
          "Plan Width": 8,
          "Actual Startup Time": 569.091,
          "Actual Total Time": 592.889,
          "Actual Rows": 4,
          "Actual Loops": 1,
          "Workers Planned": 3,
          "Workers Launched": 3,
          "Single Copy": false,
          "Plans": [
            {
              "Node Type": "Aggregate",
              "Strategy": "Plain",
              "Partial Mode": "Partial",
              "Parent Relationship": "Outer",
              "Parallel Aware": false,
              "Startup Cost": 95666.17,
              "Total Cost": 95666.18,
              "Plan Rows": 1,
              "Plan Width": 8,
              "Actual Startup Time": 559.875,
              "Actual Total Time": 560.11,
              "Actual Rows": 1,
              "Actual Loops": 4,
              "Plans": [
                {
                  "Node Type": "Hash Join",
                  "Parent Relationship": "Outer",
                  "Parallel Aware": true,
                  "Join Type": "Inner",
                  "Startup Cost": 64522.23,
                  "Total Cost": 95373.23,
                  "Plan Rows": 117178,
                  "Plan Width": 0,
                  "Actual Startup Time": 357.848,
                  "Actual Total Time": 535.189,
                  "Actual Rows": 581919,
                  "Actual Loops": 4,
                  "Inner Unique": false,
                  "Hash Cond": "(mc.movie_id = t.id)",
                  "Plans": [
                    {
                      "Node Type": "Seq Scan",
                      "Parent Relationship": "Outer",
                      "Parallel Aware": true,
                      "Relation Name": "movie_companies",
                      "Alias": "mc",
                      "Startup Cost": 0.0,
                      "Total Cost": 27206.55,
                      "Plan Rows": 841655,
                      "Plan Width": 4,
                      "Actual Startup Time": 0.016,
                      "Actual Total Time": 61.421,
                      "Actual Rows": 652282,
                      "Actual Loops": 4
                    },
                    {
                      "Node Type": "Hash",
                      "Parent Relationship": "Inner",
                      "Parallel Aware": true,
                      "Startup Cost": 62688.91,
                      "Total Cost": 62688.91,
                      "Plan Rows": 146666,
                      "Plan Width": 8,
                      "Actual Startup Time": 326.387,
                      "Actual Total Time": 326.621,
                      "Actual Rows": 157474,
                      "Actual Loops": 4,
                      "Hash Buckets": 1048576,
                      "Original Hash Buckets": 524288,
                      "Hash Batches": 1,
                      "Original Hash Batches": 1,
                      "Peak Memory Usage": 37024,
                      "Plans": [
                        {
                          "Node Type": "Hash Join",
                          "Parent Relationship": "Outer",
                          "Parallel Aware": true,
                          "Join Type": "Inner",
                          "Startup Cost": 47494.35,
                          "Total Cost": 62688.91,
                          "Plan Rows": 146666,
                          "Plan Width": 8,
                          "Actual Startup Time": 208.999,
                          "Actual Total Time": 276.551,
                          "Actual Rows": 157474,
                          "Actual Loops": 4,
                          "Inner Unique": true,
                          "Hash Cond": "(mi_idx.movie_id = t.id)",
                          "Plans": [
                            {
                              "Node Type": "Seq Scan",
                              "Parent Relationship": "Outer",
                              "Parallel Aware": true,
                              "Relation Name": "movie_info_idx",
                              "Alias": "mi_idx",
                              "Startup Cost": 0.0,
                              "Total Cost": 13685.15,
                              "Plan Rows": 575015,
                              "Plan Width": 4,
                              "Actual Startup Time": 0.027,
                              "Actual Total Time": 30.445,
                              "Actual Rows": 345009,
                              "Actual Loops": 4
                            },
                            {
                              "Node Type": "Hash",
                              "Parent Relationship": "Inner",
                              "Parallel Aware": true,
                              "Startup Cost": 45479.1,
                              "Total Cost": 45479.1,
                              "Plan Rows": 161220,
                              "Plan Width": 4,
                              "Actual Startup Time": 174.583,
                              "Actual Total Time": 174.584,
                              "Actual Rows": 164078,
                              "Actual Loops": 4,
                              "Hash Buckets": 1048576,
                              "Original Hash Buckets": 1048576,
                              "Hash Batches": 1,
                              "Original Hash Batches": 1,
                              "Peak Memory Usage": 33920,
                              "Plans": [
                                {
                                  "Node Type": "Seq Scan",
                                  "Parent Relationship": "Outer",
                                  "Parallel Aware": true,
                                  "Relation Name": "title",
                                  "Alias": "t",
                                  "Startup Cost": 0.0,
                                  "Total Cost": 45479.1,
                                  "Plan Rows": 161220,
                                  "Plan Width": 4,
                                  "Actual Startup Time": 49.866,
                                  "Actual Total Time": 110.631,
                                  "Actual Rows": 164078,
                                  "Actual Loops": 4,
                                  "Filter": "((production_year > 0) AND (kind_id = 1))",
                                  "Rows Removed by Filter": 468000
                                }
                              ]
                            }
                          ]
                        }
                      ]
                    }
                  ]
                }
              ]
            }
          ]
        }
      ]
    },
    "Planning Time": 1.389,
    "Triggers": [],
    "Execution Time": 592.985
  }
]