[
  {
    "Plan": {
      "Node Type": "Aggregate",
      "Strategy": "Plain",
      "Partial Mode": "Finalize",
      "Parallel Aware": false,
      "Startup Cost": 221652.56,
      "Total Cost": 221652.57,
      "Plan Rows": 1,
      "Plan Width": 8,
      "Actual Startup Time": 156.21,
      "Actual Total Time": 179.653,
      "Actual Rows": 1,
      "Actual Loops": 1,
      "Plans": [
        {
          "Node Type": "Gather",
          "Parent Relationship": "Outer",
          "Parallel Aware": false,
          "Startup Cost": 221652.14,
          "Total Cost": 221652.55,
          "Plan Rows": 4,
          "Plan Width": 8,
          "Actual Startup Time": 155.885,
          "Actual Total Time": 179.638,
          "Actual Rows": 5,
          "Actual Loops": 1,
          "Workers Planned": 4,
          "Workers Launched": 4,
          "Single Copy": false,
          "Plans": [
            {
              "Node Type": "Aggregate",
              "Strategy": "Plain",
              "Partial Mode": "Partial",
              "Parent Relationship": "Outer",
              "Parallel Aware": false,
              "Startup Cost": 220652.14,
              "Total Cost": 220652.15,
              "Plan Rows": 1,
              "Plan Width": 8,
              "Actual Startup Time": 145.588,
              "Actual Total Time": 145.591,
              "Actual Rows": 1,
              "Actual Loops": 5,
              "Plans": [
                {
                  "Node Type": "Nested Loop",
                  "Parent Relationship": "Outer",
                  "Parallel Aware": false,
                  "Join Type": "Inner",
                  "Startup Cost": 0.43,
                  "Total Cost": 220623.51,
                  "Plan Rows": 11454,
                  "Plan Width": 0,
                  "Actual Startup Time": 0.447,
                  "Actual Total Time": 144.551,
                  "Actual Rows": 11006,
                  "Actual Loops": 5,
                  "Inner Unique": false,
                  "Plans": [
                    {
                      "Node Type": "Seq Scan",
                      "Parent Relationship": "Outer",
                      "Parallel Aware": true,
                      "Relation Name": "title",
                      "Alias": "t",
                      "Startup Cost": 0.0,
                      "Total Cost": 43899.32,
                      "Plan Rows": 3266,
                      "Plan Width": 4,
                      "Actual Startup Time": 0.201,
                      "Actual Total Time": 76.952,
                      "Actual Rows": 2808,
                      "Actual Loops": 5,
                      "Filter": "(production_year = 1977)",
                      "Rows Removed by Filter": 502855
                    },
                    {
                      "Node Type": "Index Scan",
                      "Parent Relationship": "Inner",
                      "Parallel Aware": false,
                      "Scan Direction": "Forward",
                      "Index Name": "movie_id_movie_info",
                      "Relation Name": "movie_info",
                      "Alias": "mi",
                      "Startup Cost": 0.43,
                      "Total Cost": 53.86,
                      "Plan Rows": 25,
                      "Plan Width": 4,
                      "Actual Startup Time": 0.013,
                      "Actual Total Time": 0.023,
                      "Actual Rows": 4,
                      "Actual Loops": 14038,
                      "Index Cond": "(movie_id = t.id)",
                      "Rows Removed by Index Recheck": 0,
                      "Filter": "(info_type_id > 6)",
                      "Rows Removed by Filter": 3
                    }
                  ]
                }
              ]
            }
          ]
        }
      ]
    },
    "Planning Time": 0.696,
    "Triggers": [],
    "Execution Time": 179.729
  }
]