[
  {
    "Plan": {
      "Node Type": "Aggregate",
      "Strategy": "Plain",
      "Partial Mode": "Finalize",
      "Parallel Aware": false,
      "Startup Cost": 94916.53,
      "Total Cost": 94916.54,
      "Plan Rows": 1,
      "Plan Width": 8,
      "Actual Startup Time": 430.281,
      "Actual Total Time": 450.2,
      "Actual Rows": 1,
      "Actual Loops": 1,
      "Plans": [
        {
          "Node Type": "Gather",
          "Parent Relationship": "Outer",
          "Parallel Aware": false,
          "Startup Cost": 94916.11,
          "Total Cost": 94916.52,
          "Plan Rows": 4,
          "Plan Width": 8,
          "Actual Startup Time": 424.807,
          "Actual Total Time": 450.193,
          "Actual Rows": 5,
          "Actual Loops": 1,
          "Workers Planned": 4,
          "Workers Launched": 4,
          "Single Copy": false,
          "Plans": [
            {
              "Node Type": "Aggregate",
              "Strategy": "Plain",
              "Partial Mode": "Partial",
              "Parent Relationship": "Outer",
              "Parallel Aware": false,
              "Startup Cost": 93916.11,
              "Total Cost": 93916.12,
              "Plan Rows": 1,
              "Plan Width": 8,
              "Actual Startup Time": 414.123,
              "Actual Total Time": 414.127,
              "Actual Rows": 1,
              "Actual Loops": 5,
              "Plans": [
                {
                  "Node Type": "Nested Loop",
                  "Parent Relationship": "Outer",
                  "Parallel Aware": false,
                  "Join Type": "Inner",
                  "Startup Cost": 32552.87,
                  "Total Cost": 93877.36,
                  "Plan Rows": 15498,
                  "Plan Width": 0,
                  "Actual Startup Time": 119.987,
                  "Actual Total Time": 410.435,
                  "Actual Rows": 69071,
                  "Actual Loops": 5,
                  "Inner Unique": false,
                  "Plans": [
                    {
                      "Node Type": "Hash Join",
                      "Parent Relationship": "Outer",
                      "Parallel Aware": true,
                      "Join Type": "Inner",
                      "Startup Cost": 32552.44,
                      "Total Cost": 77815.17,
                      "Plan Rows": 28393,
                      "Plan Width": 8,
                      "Actual Startup Time": 119.864,
                      "Actual Total Time": 270.814,
                      "Actual Rows": 51915,
                      "Actual Loops": 5,
                      "Inner Unique": false,
                      "Hash Cond": "(t.id = mc.movie_id)",
                      "Plans": [
                        {
                          "Node Type": "Seq Scan",
                          "Parent Relationship": "Outer",
                          "Parallel Aware": true,
                          "Relation Name": "title",
                          "Alias": "t",
                          "Startup Cost": 0.0,
                          "Total Cost": 43898.92,
                          "Plan Rows": 254444,
                          "Plan Width": 4,
                          "Actual Startup Time": 0.018,
                          "Actual Total Time": 79.392,
                          "Actual Rows": 204350,
                          "Actual Loops": 5,
                          "Filter": "(production_year < 2000)",
                          "Rows Removed by Filter": 301312
                        },
                        {
                          "Node Type": "Hash",
                          "Parent Relationship": "Inner",
                          "Parallel Aware": true,
                          "Startup Cost": 31414.82,
                          "Total Cost": 31414.82,
                          "Plan Rows": 91010,
                          "Plan Width": 4,
                          "Actual Startup Time": 117.185,
                          "Actual Total Time": 117.186,
                          "Actual Rows": 113989,
                          "Actual Loops": 5,
                          "Hash Buckets": 1048576,
                          "Original Hash Buckets": 524288,
                          "Hash Batches": 1,
                          "Original Hash Batches": 1,
                          "Peak Memory Usage": 34688,
                          "Plans": [
                            {
                              "Node Type": "Seq Scan",
                              "Parent Relationship": "Outer",
                              "Parallel Aware": true,
                              "Relation Name": "movie_companies",
                              "Alias": "mc",
                              "Startup Cost": 0.0,
                              "Total Cost": 31414.82,
                              "Plan Rows": 91010,
                              "Plan Width": 4,
                              "Actual Startup Time": 40.802,
                              "Actual Total Time": 71.769,
                              "Actual Rows": 113989,
                              "Actual Loops": 5,
                              "Filter": "((company_id > 71375) AND (company_type_id = 2))",
                              "Rows Removed by Filter": 407837
                            }
                          ]
                        }
                      ]
                    },
                    {
                      "Node Type": "Index Only Scan",
                      "Parent Relationship": "Inner",
                      "Parallel Aware": false,
                      "Scan Direction": "Forward",
                      "Index Name": "movie_id_movie_info_idx",
                      "Relation Name": "movie_info_idx",
                      "Alias": "mi_idx",
                      "Startup Cost": 0.43,
                      "Total Cost": 0.54,
                      "Plan Rows": 3,
                      "Plan Width": 4,
                      "Actual Startup Time": 0.002,
                      "Actual Total Time": 0.002,
                      "Actual Rows": 1,
                      "Actual Loops": 259574,
                      "Index Cond": "(movie_id = t.id)",
                      "Rows Removed by Index Recheck": 0,
                      "Heap Fetches": 345357
                    }
                  ]
                }
              ]
            }
          ]
        }
      ]
    },
    "Planning Time": 1.45,
    "Triggers": [],
    "Execution Time": 450.294
  }
]