[
  {
    "Plan": {
      "Node Type": "Aggregate",
      "Strategy": "Plain",
      "Partial Mode": "Finalize",
      "Parallel Aware": false,
      "Startup Cost": 345990.54,
      "Total Cost": 345990.55,
      "Plan Rows": 1,
      "Plan Width": 8,
      "Actual Startup Time": 740.92,
      "Actual Total Time": 798.797,
      "Actual Rows": 1,
      "Actual Loops": 1,
      "Plans": [
        {
          "Node Type": "Gather",
          "Parent Relationship": "Outer",
          "Parallel Aware": false,
          "Startup Cost": 345989.92,
          "Total Cost": 345990.53,
          "Plan Rows": 6,
          "Plan Width": 8,
          "Actual Startup Time": 740.81,
          "Actual Total Time": 798.784,
          "Actual Rows": 7,
          "Actual Loops": 1,
          "Workers Planned": 6,
          "Workers Launched": 6,
          "Single Copy": false,
          "Plans": [
            {
              "Node Type": "Aggregate",
              "Strategy": "Plain",
              "Partial Mode": "Partial",
              "Parent Relationship": "Outer",
              "Parallel Aware": false,
              "Startup Cost": 344989.92,
              "Total Cost": 344989.93,
              "Plan Rows": 1,
              "Plan Width": 8,
              "Actual Startup Time": 731.076,
              "Actual Total Time": 731.078,
              "Actual Rows": 1,
              "Actual Loops": 7,
              "Plans": [
                {
                  "Node Type": "Seq Scan",
                  "Parent Relationship": "Outer",
                  "Parallel Aware": true,
                  "Relation Name": "cast_info",
                  "Alias": "ci",
                  "Startup Cost": 0.0,
                  "Total Cost": 343257.03,
                  "Plan Rows": 693156,
                  "Plan Width": 0,
                  "Actual Startup Time": 0.054,
                  "Actual Total Time": 687.977,
                  "Actual Rows": 802655,
                  "Actual Loops": 7,
                  "Filter": "((person_id < 757322) AND (role_id < 3))",
                  "Rows Removed by Filter": 4375109
                }
              ]
            }
          ]
        }
      ]
    },
    "Planning Time": 0.235,
    "Triggers": [],
    "Execution Time": 798.874
  }
]