{
  "Plan": {
    "Node Type": "Aggregate",
    "Strategy": "Plain",
    "Partial Mode": "Finalize",
    "Parallel Aware": false,
    "Startup Cost": 650286.32,
    "Total Cost": 650286.33,
    "Plan Rows": 1,
    "Plan Width": 8,
    "Actual Startup Time": 6482.384,
    "Actual Total Time": 6534.096,
    "Actual Rows": 1,
    "Actual Loops": 1,
    "Plans": [
      {
        "Node Type": "Gather",
        "Parent Relationship": "Outer",
        "Parallel Aware": false,
        "Startup Cost": 650286.21,
        "Total Cost": 650286.32,
        "Plan Rows": 1,
        "Plan Width": 8,
        "Actual Startup Time": 6480.823,
        "Actual Total Time": 6534.089,
        "Actual Rows": 2,
        "Actual Loops": 1,
        "Workers Planned": 1,
        "Workers Launched": 1,
        "Single Copy": false,
        "Plans": [
          {
            "Node Type": "Aggregate",
            "Strategy": "Plain",
            "Partial Mode": "Partial",
            "Parent Relationship": "Outer",
            "Parallel Aware": false,
            "Startup Cost": 649286.21,
            "Total Cost": 649286.22,
            "Plan Rows": 1,
            "Plan Width": 8,
            "Actual Startup Time": 6475.191,
            "Actual Total Time": 6475.194,
            "Actual Rows": 1,
            "Actual Loops": 2,
            "Plans": [
              {
                "Node Type": "Hash Join",
                "Parent Relationship": "Outer",
                "Parallel Aware": true,
                "Join Type": "Inner",
                "Startup Cost": 62072.04,
                "Total Cost": 630400.88,
                "Plan Rows": 7554129,
                "Plan Width": 0,
                "Actual Startup Time": 289.156,
                "Actual Total Time": 6216.593,
                "Actual Rows": 6267235,
                "Actual Loops": 2,
                "Inner Unique": true,
                "Hash Cond": "(ci.movie_id = t.id)",
                "Plans": [
                  {
                    "Node Type": "Seq Scan",
                    "Parent Relationship": "Outer",
                    "Parallel Aware": true,
                    "Relation Name": "cast_info",
                    "Alias": "ci",
                    "Startup Cost": 0.0,
                    "Total Cost": 519069.44,
                    "Plan Rows": 18765457,
                    "Plan Width": 4,
                    "Actual Startup Time": 0.013,
                    "Actual Total Time": 1618.596,
                    "Actual Rows": 16055867,
                    "Actual Loops": 2,
                    "Filter": "(person_id < 3300839)",
                    "Rows Removed by Filter": 2066305
                  },
                  {
                    "Node Type": "Hash",
                    "Parent Relationship": "Inner",
                    "Parallel Aware": true,
                    "Startup Cost": 54588.39,
                    "Total Cost": 54588.39,
                    "Plan Rows": 598692,
                    "Plan Width": 4,
                    "Actual Startup Time": 279.881,
                    "Actual Total Time": 279.882,
                    "Actual Rows": 510876,
                    "Actual Loops": 2,
                    "Hash Buckets": 1048576,
                    "Original Hash Buckets": 1048576,
                    "Hash Batches": 1,
                    "Original Hash Batches": 1,
                    "Peak Memory Usage": 48192,
                    "Plans": [
                      {
                        "Node Type": "Seq Scan",
                        "Parent Relationship": "Outer",
                        "Parallel Aware": true,
                        "Relation Name": "title",
                        "Alias": "t",
                        "Startup Cost": 0.0,
                        "Total Cost": 54588.39,
                        "Plan Rows": 598692,
                        "Plan Width": 4,
                        "Actual Startup Time": 0.027,
                        "Actual Total Time": 156.254,
                        "Actual Rows": 510876,
                        "Actual Loops": 2,
                        "Filter": "(production_year < 2000)",
                        "Rows Removed by Filter": 753280
                      }
                    ]
                  }
                ]
              }
            ]
          }
        ]
      }
    ]
  },
  "Planning Time": 0.599,
  "Triggers": [],
  "Execution Time": 6534.177
}