{
  "Plan": {
    "Node Type": "Aggregate",
    "Strategy": "Plain",
    "Partial Mode": "Finalize",
    "Parallel Aware": false,
    "Startup Cost": 174114.09,
    "Total Cost": 174114.1,
    "Plan Rows": 1,
    "Plan Width": 8,
    "Actual Startup Time": 1747.984,
    "Actual Total Time": 1817.737,
    "Actual Rows": 1,
    "Actual Loops": 1,
    "Plans": [
      {
        "Node Type": "Gather",
        "Parent Relationship": "Outer",
        "Parallel Aware": false,
        "Startup Cost": 174113.97,
        "Total Cost": 174114.08,
        "Plan Rows": 1,
        "Plan Width": 8,
        "Actual Startup Time": 1747.554,
        "Actual Total Time": 1817.728,
        "Actual Rows": 2,
        "Actual Loops": 1,
        "Workers Planned": 1,
        "Workers Launched": 1,
        "Single Copy": false,
        "Plans": [
          {
            "Node Type": "Aggregate",
            "Strategy": "Plain",
            "Partial Mode": "Partial",
            "Parent Relationship": "Outer",
            "Parallel Aware": false,
            "Startup Cost": 173113.97,
            "Total Cost": 173113.98,
            "Plan Rows": 1,
            "Plan Width": 8,
            "Actual Startup Time": 1741.335,
            "Actual Total Time": 1741.339,
            "Actual Rows": 1,
            "Actual Loops": 2,
            "Plans": [
              {
                "Node Type": "Nested Loop",
                "Parent Relationship": "Outer",
                "Parallel Aware": false,
                "Join Type": "Inner",
                "Startup Cost": 58723.77,
                "Total Cost": 172299.86,
                "Plan Rows": 325644,
                "Plan Width": 0,
                "Actual Startup Time": 154.436,
                "Actual Total Time": 1694.58,
                "Actual Rows": 827193,
                "Actual Loops": 2,
                "Inner Unique": false,
                "Join Filter": "(t.id = ci.movie_id)",
                "Rows Removed by Join Filter": 0,
                "Plans": [
                  {
                    "Node Type": "Hash Join",
                    "Parent Relationship": "Outer",
                    "Parallel Aware": true,
                    "Join Type": "Inner",
                    "Startup Cost": 58723.21,
                    "Total Cost": 96889.84,
                    "Plan Rows": 34405,
                    "Plan Width": 8,
                    "Actual Startup Time": 154.357,
                    "Actual Total Time": 445.84,
                    "Actual Rows": 37577,
                    "Actual Loops": 2,
                    "Inner Unique": true,
                    "Hash Cond": "(mc.movie_id = t.id)",
                    "Plans": [
                      {
                        "Node Type": "Seq Scan",
                        "Parent Relationship": "Outer",
                        "Parallel Aware": true,
                        "Relation Name": "movie_companies",
                        "Alias": "mc",
                        "Startup Cost": 0.0,
                        "Total Cost": 34137.82,
                        "Plan Rows": 1534782,
                        "Plan Width": 4,
                        "Actual Startup Time": 0.013,
                        "Actual Total Time": 114.352,
                        "Actual Rows": 1304564,
                        "Actual Loops": 2
                      },
                      {
                        "Node Type": "Hash",
                        "Parent Relationship": "Inner",
                        "Parallel Aware": true,
                        "Startup Cost": 58306.47,
                        "Total Cost": 58306.47,
                        "Plan Rows": 33339,
                        "Plan Width": 4,
                        "Actual Startup Time": 152.959,
                        "Actual Total Time": 152.96,
                        "Actual Rows": 24538,
                        "Actual Loops": 2,
                        "Hash Buckets": 65536,
                        "Original Hash Buckets": 65536,
                        "Hash Batches": 1,
                        "Original Hash Batches": 1,
                        "Peak Memory Usage": 2464,
                        "Plans": [
                          {
                            "Node Type": "Seq Scan",
                            "Parent Relationship": "Outer",
                            "Parallel Aware": true,
                            "Relation Name": "title",
                            "Alias": "t",
                            "Startup Cost": 0.0,
                            "Total Cost": 58306.47,
                            "Plan Rows": 33339,
                            "Plan Width": 4,
                            "Actual Startup Time": 0.087,
                            "Actual Total Time": 144.846,
                            "Actual Rows": 24538,
                            "Actual Loops": 2,
                            "Filter": "((kind_id < 7) AND (production_year = 2010))",
                            "Rows Removed by Filter": 1239618
                          }
                        ]
                      }
                    ]
                  },
                  {
                    "Node Type": "Index Scan",
                    "Parent Relationship": "Inner",
                    "Parallel Aware": false,
                    "Scan Direction": "Forward",
                    "Index Name": "movie_id_cast_info",
                    "Relation Name": "cast_info",
                    "Alias": "ci",
                    "Startup Cost": 0.56,
                    "Total Cost": 1.89,
                    "Plan Rows": 24,
                    "Plan Width": 4,
                    "Actual Startup Time": 0.005,
                    "Actual Total Time": 0.03,
                    "Actual Rows": 22,
                    "Actual Loops": 75154,
                    "Index Cond": "(movie_id = mc.movie_id)",
                    "Rows Removed by Index Recheck": 0,
                    "Filter": "(person_id < 2458881)",
                    "Rows Removed by Filter": 15
                  }
                ]
              }
            ]
          }
        ]
      }
    ]
  },
  "Planning Time": 0.976,
  "Triggers": [],
  "Execution Time": 1817.838
}