[
  {
    "Plan": {
      "Node Type": "Aggregate",
      "Strategy": "Plain",
      "Partial Mode": "Finalize",
      "Parallel Aware": false,
      "Startup Cost": 62842.17,
      "Total Cost": 62842.18,
      "Plan Rows": 1,
      "Plan Width": 8,
      "Actual Startup Time": 266.04,
      "Actual Total Time": 281.009,
      "Actual Rows": 1,
      "Actual Loops": 1,
      "Plans": [
        {
          "Node Type": "Gather",
          "Parent Relationship": "Outer",
          "Parallel Aware": false,
          "Startup Cost": 62841.95,
          "Total Cost": 62842.16,
          "Plan Rows": 2,
          "Plan Width": 8,
          "Actual Startup Time": 264.695,
          "Actual Total Time": 281.0,
          "Actual Rows": 3,
          "Actual Loops": 1,
          "Workers Planned": 2,
          "Workers Launched": 2,
          "Single Copy": false,
          "Plans": [
            {
              "Node Type": "Aggregate",
              "Strategy": "Plain",
              "Partial Mode": "Partial",
              "Parent Relationship": "Outer",
              "Parallel Aware": false,
              "Startup Cost": 61841.95,
              "Total Cost": 61841.96,
              "Plan Rows": 1,
              "Plan Width": 8,
              "Actual Startup Time": 258.427,
              "Actual Total Time": 258.431,
              "Actual Rows": 1,
              "Actual Loops": 3,
              "Plans": [
                {
                  "Node Type": "Hash Join",
                  "Parent Relationship": "Outer",
                  "Parallel Aware": true,
                  "Join Type": "Inner",
                  "Startup Cost": 46467.55,
                  "Total Cost": 61662.11,
                  "Plan Rows": 71938,
                  "Plan Width": 0,
                  "Actual Startup Time": 189.118,
                  "Actual Total Time": 254.97,
                  "Actual Rows": 71709,
                  "Actual Loops": 3,
                  "Inner Unique": true,
                  "Hash Cond": "(mi_idx.movie_id = t.id)",
                  "Plans": [
                    {
                      "Node Type": "Seq Scan",
                      "Parent Relationship": "Outer",
                      "Parallel Aware": true,
                      "Relation Name": "movie_info_idx",
                      "Alias": "mi_idx",
                      "Startup Cost": 0.0,
                      "Total Cost": 13685.15,
                      "Plan Rows": 575015,
                      "Plan Width": 4,
                      "Actual Startup Time": 0.028,
                      "Actual Total Time": 39.787,
                      "Actual Rows": 460012,
                      "Actual Loops": 3
                    },
                    {
                      "Node Type": "Hash",
                      "Parent Relationship": "Inner",
                      "Parallel Aware": true,
                      "Startup Cost": 45479.1,
                      "Total Cost": 45479.1,
                      "Plan Rows": 79076,
                      "Plan Width": 4,
                      "Actual Startup Time": 146.977,
                      "Actual Total Time": 146.978,
                      "Actual Rows": 81596,
                      "Actual Loops": 3,
                      "Hash Buckets": 524288,
                      "Original Hash Buckets": 524288,
                      "Hash Batches": 1,
                      "Original Hash Batches": 1,
                      "Peak Memory Usage": 13728,
                      "Plans": [
                        {
                          "Node Type": "Seq Scan",
                          "Parent Relationship": "Outer",
                          "Parallel Aware": true,
                          "Relation Name": "title",
                          "Alias": "t",
                          "Startup Cost": 0.0,
                          "Total Cost": 45479.1,
                          "Plan Rows": 79076,
                          "Plan Width": 4,
                          "Actual Startup Time": 49.899,
                          "Actual Total Time": 122.056,
                          "Actual Rows": 81596,
                          "Actual Loops": 3,
                          "Filter": "((production_year > 2003) AND (kind_id = 1))",
                          "Rows Removed by Filter": 761174
                        }
                      ]
                    }
                  ]
                }
              ]
            }
          ]
        }
      ]
    },
    "Planning Time": 0.629,
    "Triggers": [],
    "Execution Time": 281.073
  }
]