{
  "Plan": {
    "Node Type": "Aggregate",
    "Strategy": "Plain",
    "Partial Mode": "Finalize",
    "Parallel Aware": false,
    "Startup Cost": 342621.48,
    "Total Cost": 342621.49,
    "Plan Rows": 1,
    "Plan Width": 8,
    "Actual Startup Time": 1634.157,
    "Actual Total Time": 1654.081,
    "Actual Rows": 1,
    "Actual Loops": 1,
    "Plans": [
      {
        "Node Type": "Gather",
        "Parent Relationship": "Outer",
        "Parallel Aware": false,
        "Startup Cost": 342621.36,
        "Total Cost": 342621.47,
        "Plan Rows": 1,
        "Plan Width": 8,
        "Actual Startup Time": 1628.809,
        "Actual Total Time": 1654.074,
        "Actual Rows": 2,
        "Actual Loops": 1,
        "Workers Planned": 1,
        "Workers Launched": 1,
        "Single Copy": false,
        "Plans": [
          {
            "Node Type": "Aggregate",
            "Strategy": "Plain",
            "Partial Mode": "Partial",
            "Parent Relationship": "Outer",
            "Parallel Aware": false,
            "Startup Cost": 341621.36,
            "Total Cost": 341621.37,
            "Plan Rows": 1,
            "Plan Width": 8,
            "Actual Startup Time": 1622.312,
            "Actual Total Time": 1622.318,
            "Actual Rows": 1,
            "Actual Loops": 2,
            "Plans": [
              {
                "Node Type": "Hash Join",
                "Parent Relationship": "Outer",
                "Parallel Aware": true,
                "Join Type": "Inner",
                "Startup Cost": 272114.64,
                "Total Cost": 339097.58,
                "Plan Rows": 1009515,
                "Plan Width": 0,
                "Actual Startup Time": 1036.004,
                "Actual Total Time": 1547.214,
                "Actual Rows": 1814584,
                "Actual Loops": 2,
                "Inner Unique": false,
                "Hash Cond": "(mk.movie_id = t.id)",
                "Plans": [
                  {
                    "Node Type": "Seq Scan",
                    "Parent Relationship": "Outer",
                    "Parallel Aware": true,
                    "Relation Name": "movie_keyword",
                    "Alias": "mk",
                    "Startup Cost": 0.0,
                    "Total Cost": 51065.35,
                    "Plan Rows": 2661135,
                    "Plan Width": 4,
                    "Actual Startup Time": 0.017,
                    "Actual Total Time": 161.775,
                    "Actual Rows": 2261965,
                    "Actual Loops": 2
                  },
                  {
                    "Node Type": "Hash",
                    "Parent Relationship": "Inner",
                    "Parallel Aware": true,
                    "Startup Cost": 265062.27,
                    "Total Cost": 265062.27,
                    "Plan Rows": 564189,
                    "Plan Width": 8,
                    "Actual Startup Time": 1027.205,
                    "Actual Total Time": 1027.209,
                    "Actual Rows": 454043,
                    "Actual Loops": 2,
                    "Hash Buckets": 1048576,
                    "Original Hash Buckets": 1048576,
                    "Hash Batches": 1,
                    "Original Hash Batches": 1,
                    "Peak Memory Usage": 43744,
                    "Plans": [
                      {
                        "Node Type": "Hash Join",
                        "Parent Relationship": "Outer",
                        "Parallel Aware": true,
                        "Join Type": "Inner",
                        "Startup Cost": 91696.22,
                        "Total Cost": 265062.27,
                        "Plan Rows": 564189,
                        "Plan Width": 8,
                        "Actual Startup Time": 551.053,
                        "Actual Total Time": 891.696,
                        "Actual Rows": 454043,
                        "Actual Loops": 2,
                        "Inner Unique": true,
                        "Hash Cond": "(mi.movie_id = t.id)",
                        "Plans": [
                          {
                            "Node Type": "Bitmap Heap Scan",
                            "Parent Relationship": "Outer",
                            "Parallel Aware": true,
                            "Relation Name": "movie_info",
                            "Alias": "mi",
                            "Startup Cost": 23159.21,
                            "Total Cost": 194551.43,
                            "Plan Rows": 751938,
                            "Plan Width": 4,
                            "Actual Startup Time": 64.101,
                            "Actual Total Time": 128.869,
                            "Actual Rows": 649494,
                            "Actual Loops": 2,
                            "Recheck Cond": "(info_type_id = 4)",
                            "Rows Removed by Index Recheck": 0,
                            "Exact Heap Blocks": 4446,
                            "Lossy Heap Blocks": 0,
                            "Plans": [
                              {
                                "Node Type": "Bitmap Index Scan",
                                "Parent Relationship": "Outer",
                                "Parallel Aware": false,
                                "Index Name": "info_type_id_movie_info",
                                "Startup Cost": 0.0,
                                "Total Cost": 22839.64,
                                "Plan Rows": 1278294,
                                "Plan Width": 0,
                                "Actual Startup Time": 62.778,
                                "Actual Total Time": 62.778,
                                "Actual Rows": 1298989,
                                "Actual Loops": 1,
                                "Index Cond": "(info_type_id = 4)"
                              }
                            ]
                          },
                          {
                            "Node Type": "Hash",
                            "Parent Relationship": "Inner",
                            "Parallel Aware": true,
                            "Startup Cost": 54588.39,
                            "Total Cost": 54588.39,
                            "Plan Rows": 1115889,
                            "Plan Width": 4,
                            "Actual Startup Time": 477.116,
                            "Actual Total Time": 477.117,
                            "Actual Rows": 943884,
                            "Actual Loops": 2,
                            "Hash Buckets": 2097152,
                            "Original Hash Buckets": 2097152,
                            "Hash Batches": 1,
                            "Original Hash Batches": 1,
                            "Peak Memory Usage": 90272,
                            "Plans": [
                              {
                                "Node Type": "Seq Scan",
                                "Parent Relationship": "Outer",
                                "Parallel Aware": true,
                                "Relation Name": "title",
                                "Alias": "t",
                                "Startup Cost": 0.0,
                                "Total Cost": 54588.39,
                                "Plan Rows": 1115889,
                                "Plan Width": 4,
                                "Actual Startup Time": 0.037,
                                "Actual Total Time": 187.51,
                                "Actual Rows": 943884,
                                "Actual Loops": 2,
                                "Filter": "(production_year > 1983)",
                                "Rows Removed by Filter": 320272
                              }
                            ]
                          }
                        ]
                      }
                    ]
                  }
                ]
              }
            ]
          }
        ]
      }
    ]
  },
  "Planning Time": 0.883,
  "Triggers": [],
  "Execution Time": 1654.168
}