[
  {
    "Plan": {
      "Node Type": "Aggregate",
      "Strategy": "Plain",
      "Partial Mode": "Finalize",
      "Parallel Aware": false,
      "Startup Cost": 113240.47,
      "Total Cost": 113240.48,
      "Plan Rows": 1,
      "Plan Width": 8,
      "Actual Startup Time": 1114.74,
      "Actual Total Time": 1191.661,
      "Actual Rows": 1,
      "Actual Loops": 1,
      "Plans": [
        {
          "Node Type": "Gather",
          "Parent Relationship": "Outer",
          "Parallel Aware": false,
          "Startup Cost": 113240.25,
          "Total Cost": 113240.46,
          "Plan Rows": 2,
          "Plan Width": 8,
          "Actual Startup Time": 1113.826,
          "Actual Total Time": 1191.651,
          "Actual Rows": 3,
          "Actual Loops": 1,
          "Workers Planned": 2,
          "Workers Launched": 2,
          "Single Copy": false,
          "Plans": [
            {
              "Node Type": "Aggregate",
              "Strategy": "Plain",
              "Partial Mode": "Partial",
              "Parent Relationship": "Outer",
              "Parallel Aware": false,
              "Startup Cost": 112240.25,
              "Total Cost": 112240.26,
              "Plan Rows": 1,
              "Plan Width": 8,
              "Actual Startup Time": 1108.36,
              "Actual Total Time": 1108.365,
              "Actual Rows": 1,
              "Actual Loops": 3,
              "Plans": [
                {
                  "Node Type": "Nested Loop",
                  "Parent Relationship": "Outer",
                  "Parallel Aware": false,
                  "Join Type": "Inner",
                  "Startup Cost": 38354.74,
                  "Total Cost": 111898.28,
                  "Plan Rows": 136788,
                  "Plan Width": 0,
                  "Actual Startup Time": 97.47,
                  "Actual Total Time": 1087.145,
                  "Actual Rows": 436629,
                  "Actual Loops": 3,
                  "Inner Unique": false,
                  "Join Filter": "(t.id = ci.movie_id)",
                  "Rows Removed by Join Filter": 0,
                  "Plans": [
                    {
                      "Node Type": "Hash Join",
                      "Parent Relationship": "Outer",
                      "Parallel Aware": true,
                      "Join Type": "Inner",
                      "Startup Cost": 38354.18,
                      "Total Cost": 53548.74,
                      "Plan Rows": 22023,
                      "Plan Width": 8,
                      "Actual Startup Time": 97.153,
                      "Actual Total Time": 165.344,
                      "Actual Rows": 37049,
                      "Actual Loops": 3,
                      "Inner Unique": true,
                      "Hash Cond": "(mi_idx.movie_id = t.id)",
                      "Plans": [
                        {
                          "Node Type": "Seq Scan",
                          "Parent Relationship": "Outer",
                          "Parallel Aware": true,
                          "Relation Name": "movie_info_idx",
                          "Alias": "mi_idx",
                          "Startup Cost": 0.0,
                          "Total Cost": 13685.15,
                          "Plan Rows": 575015,
                          "Plan Width": 4,
                          "Actual Startup Time": 0.011,
                          "Actual Total Time": 38.216,
                          "Actual Rows": 460012,
                          "Actual Loops": 3
                        },
                        {
                          "Node Type": "Hash",
                          "Parent Relationship": "Inner",
                          "Parallel Aware": true,
                          "Startup Cost": 38051.55,
                          "Total Cost": 38051.55,
                          "Plan Rows": 24210,
                          "Plan Width": 4,
                          "Actual Startup Time": 63.487,
                          "Actual Total Time": 63.489,
                          "Actual Rows": 33512,
                          "Actual Loops": 3,
                          "Hash Buckets": 131072,
                          "Original Hash Buckets": 131072,
                          "Hash Batches": 1,
                          "Original Hash Batches": 1,
                          "Peak Memory Usage": 5024,
                          "Plans": [
                            {
                              "Node Type": "Bitmap Heap Scan",
                              "Parent Relationship": "Outer",
                              "Parallel Aware": true,
                              "Relation Name": "title",
                              "Alias": "t",
                              "Startup Cost": 1750.93,
                              "Total Cost": 38051.55,
                              "Plan Rows": 24210,
                              "Plan Width": 4,
                              "Actual Startup Time": 18.409,
                              "Actual Total Time": 52.794,
                              "Actual Rows": 33512,
                              "Actual Loops": 3,
                              "Recheck Cond": "(kind_id = 3)",
                              "Rows Removed by Index Recheck": 0,
                              "Exact Heap Blocks": 7935,
                              "Lossy Heap Blocks": 0,
                              "Plans": [
                                {
                                  "Node Type": "Bitmap Index Scan",
                                  "Parent Relationship": "Outer",
                                  "Parallel Aware": false,
                                  "Index Name": "kind_id_title",
                                  "Startup Cost": 0.0,
                                  "Total Cost": 1726.72,
                                  "Plan Rows": 96839,
                                  "Plan Width": 0,
                                  "Actual Startup Time": 14.821,
                                  "Actual Total Time": 14.821,
                                  "Actual Rows": 100537,
                                  "Actual Loops": 1,
                                  "Index Cond": "(kind_id = 3)"
                                }
                              ]
                            }
                          ]
                        }
                      ]
                    },
                    {
                      "Node Type": "Index Scan",
                      "Parent Relationship": "Inner",
                      "Parallel Aware": false,
                      "Scan Direction": "Forward",
                      "Index Name": "movie_id_cast_info",
                      "Relation Name": "cast_info",
                      "Alias": "ci",
                      "Startup Cost": 0.56,
                      "Total Cost": 2.46,
                      "Plan Rows": 15,
                      "Plan Width": 4,
                      "Actual Startup Time": 0.015,
                      "Actual Total Time": 0.024,
                      "Actual Rows": 12,
                      "Actual Loops": 111147,
                      "Index Cond": "(movie_id = mi_idx.movie_id)",
                      "Rows Removed by Index Recheck": 0,
                      "Filter": "((person_id < 3928489) AND (role_id > 2))",
                      "Rows Removed by Filter": 20
                    }
                  ]
                }
              ]
            }
          ]
        }
      ]
    },
    "Planning Time": 1.345,
    "Triggers": [],
    "Execution Time": 1191.792
  }
]