[
    {
        "Bao": {
            "Bao prediction": "NaN",
            "Bao recommended hint": "(no hint)"
        }
    },
    {
        "Plan": {
            "Node Type": "Aggregate",
            "Strategy": "Plain",
            "Partial Mode": "Finalize",
            "Parallel Aware": false,
            "Startup Cost": 32801.48,
            "Total Cost": 32801.49,
            "Plan Rows": 1,
            "Plan Width": 8,
            "Actual Startup Time": 85.622,
            "Actual Total Time": 90.653,
            "Actual Rows": 1,
            "Actual Loops": 1,
            "Output": [
                "count(*)"
            ],
            "Plans": [
                {
                    "Node Type": "Gather",
                    "Parent Relationship": "Outer",
                    "Parallel Aware": false,
                    "Startup Cost": 32801.16,
                    "Total Cost": 32801.47,
                    "Plan Rows": 3,
                    "Plan Width": 8,
                    "Actual Startup Time": 85.509,
                    "Actual Total Time": 90.644,
                    "Actual Rows": 4,
                    "Actual Loops": 1,
                    "Output": [
                        "(PARTIAL count(*))"
                    ],
                    "Workers Planned": 3,
                    "Workers Launched": 3,
                    "Single Copy": false,
                    "Plans": [
                        {
                            "Node Type": "Aggregate",
                            "Strategy": "Plain",
                            "Partial Mode": "Partial",
                            "Parent Relationship": "Outer",
                            "Parallel Aware": false,
                            "Startup Cost": 31801.16,
                            "Total Cost": 31801.17,
                            "Plan Rows": 1,
                            "Plan Width": 8,
                            "Actual Startup Time": 77.19,
                            "Actual Total Time": 77.191,
                            "Actual Rows": 1,
                            "Actual Loops": 4,
                            "Output": [
                                "PARTIAL count(*)"
                            ],
                            "Workers": [
                                {
                                    "Worker Number": 0,
                                    "Actual Startup Time": 74.446,
                                    "Actual Total Time": 74.447,
                                    "Actual Rows": 1,
                                    "Actual Loops": 1
                                },
                                {
                                    "Worker Number": 1,
                                    "Actual Startup Time": 74.567,
                                    "Actual Total Time": 74.569,
                                    "Actual Rows": 1,
                                    "Actual Loops": 1
                                },
                                {
                                    "Worker Number": 2,
                                    "Actual Startup Time": 74.578,
                                    "Actual Total Time": 74.579,
                                    "Actual Rows": 1,
                                    "Actual Loops": 1
                                }
                            ],
                            "Plans": [
                                {
                                    "Node Type": "Seq Scan",
                                    "Parent Relationship": "Outer",
                                    "Parallel Aware": true,
                                    "Relation Name": "movie_companies",
                                    "Schema": "public",
                                    "Alias": "mc",
                                    "Startup Cost": 0.0,
                                    "Total Cost": 31414.82,
                                    "Plan Rows": 154538,
                                    "Plan Width": 0,
                                    "Actual Startup Time": 19.71,
                                    "Actual Total Time": 74.578,
                                    "Actual Rows": 42426,
                                    "Actual Loops": 4,
                                    "Output": [
                                        "id",
                                        "movie_id",
                                        "company_id",
                                        "company_type_id",
                                        "note"
                                    ],
                                    "Filter": "((mc.company_id > 17399) AND (mc.company_type_id < 2))",
                                    "Rows Removed by Filter": 609856,
                                    "Workers": [
                                        {
                                            "Worker Number": 0,
                                            "Actual Startup Time": 16.968,
                                            "Actual Total Time": 72.079,
                                            "Actual Rows": 40486,
                                            "Actual Loops": 1
                                        },
                                        {
                                            "Worker Number": 1,
                                            "Actual Startup Time": 17.09,
                                            "Actual Total Time": 72.1,
                                            "Actual Rows": 39886,
                                            "Actual Loops": 1
                                        },
                                        {
                                            "Worker Number": 2,
                                            "Actual Startup Time": 17.092,
                                            "Actual Total Time": 72.125,
                                            "Actual Rows": 43138,
                                            "Actual Loops": 1
                                        }
                                    ]
                                }
                            ]
                        }
                    ]
                }
            ]
        },
        "Planning Time": 288.411,
        "Triggers": [],
        "Execution Time": 90.707
    }
]