[
    {
        "Bao": {
            "Bao prediction": "NaN",
            "Bao recommended hint": "(no hint)"
        }
    },
    {
        "Plan": {
            "Node Type": "Aggregate",
            "Strategy": "Plain",
            "Partial Mode": "Finalize",
            "Parallel Aware": false,
            "Startup Cost": 9923.23,
            "Total Cost": 9923.24,
            "Plan Rows": 1,
            "Plan Width": 8,
            "Actual Startup Time": 40.392,
            "Actual Total Time": 43.09,
            "Actual Rows": 1,
            "Actual Loops": 1,
            "Output": [
                "count(*)"
            ],
            "Plans": [
                {
                    "Node Type": "Gather",
                    "Parent Relationship": "Outer",
                    "Parallel Aware": false,
                    "Startup Cost": 9922.91,
                    "Total Cost": 9923.22,
                    "Plan Rows": 3,
                    "Plan Width": 8,
                    "Actual Startup Time": 40.278,
                    "Actual Total Time": 43.084,
                    "Actual Rows": 4,
                    "Actual Loops": 1,
                    "Output": [
                        "(PARTIAL count(*))"
                    ],
                    "Workers Planned": 3,
                    "Workers Launched": 3,
                    "Single Copy": false,
                    "Plans": [
                        {
                            "Node Type": "Aggregate",
                            "Strategy": "Plain",
                            "Partial Mode": "Partial",
                            "Parent Relationship": "Outer",
                            "Parallel Aware": false,
                            "Startup Cost": 8922.91,
                            "Total Cost": 8922.92,
                            "Plan Rows": 1,
                            "Plan Width": 8,
                            "Actual Startup Time": 31.617,
                            "Actual Total Time": 31.618,
                            "Actual Rows": 1,
                            "Actual Loops": 4,
                            "Output": [
                                "PARTIAL count(*)"
                            ],
                            "Workers": [
                                {
                                    "Worker Number": 0,
                                    "Actual Startup Time": 28.419,
                                    "Actual Total Time": 28.42,
                                    "Actual Rows": 1,
                                    "Actual Loops": 1
                                },
                                {
                                    "Worker Number": 1,
                                    "Actual Startup Time": 28.932,
                                    "Actual Total Time": 28.933,
                                    "Actual Rows": 1,
                                    "Actual Loops": 1
                                },
                                {
                                    "Worker Number": 2,
                                    "Actual Startup Time": 29.233,
                                    "Actual Total Time": 29.234,
                                    "Actual Rows": 1,
                                    "Actual Loops": 1
                                }
                            ],
                            "Plans": [
                                {
                                    "Node Type": "Index Scan",
                                    "Parent Relationship": "Outer",
                                    "Parallel Aware": true,
                                    "Scan Direction": "Forward",
                                    "Index Name": "role_id_cast_info",
                                    "Relation Name": "cast_info",
                                    "Schema": "public",
                                    "Alias": "ci",
                                    "Startup Cost": 0.56,
                                    "Total Cost": 8709.54,
                                    "Plan Rows": 85348,
                                    "Plan Width": 0,
                                    "Actual Startup Time": 0.103,
                                    "Actual Total Time": 25.916,
                                    "Actual Rows": 74494,
                                    "Actual Loops": 4,
                                    "Output": [
                                        "id",
                                        "person_id",
                                        "movie_id",
                                        "person_role_id",
                                        "note",
                                        "nr_order",
                                        "role_id"
                                    ],
                                    "Index Cond": "(ci.role_id > 10)",
                                    "Rows Removed by Index Recheck": 0,
                                    "Filter": "(ci.person_id > 442422)",
                                    "Rows Removed by Filter": 4535,
                                    "Workers": [
                                        {
                                            "Worker Number": 0,
                                            "Actual Startup Time": 0.142,
                                            "Actual Total Time": 23.545,
                                            "Actual Rows": 43792,
                                            "Actual Loops": 1
                                        },
                                        {
                                            "Worker Number": 1,
                                            "Actual Startup Time": 0.119,
                                            "Actual Total Time": 24.005,
                                            "Actual Rows": 49029,
                                            "Actual Loops": 1
                                        },
                                        {
                                            "Worker Number": 2,
                                            "Actual Startup Time": 0.115,
                                            "Actual Total Time": 24.276,
                                            "Actual Rows": 51820,
                                            "Actual Loops": 1
                                        }
                                    ]
                                }
                            ]
                        }
                    ]
                }
            ]
        },
        "Planning Time": 196.2,
        "Triggers": [],
        "Execution Time": 43.185
    }
]