[
  {
    "Plan": {
      "Node Type": "Aggregate",
      "Strategy": "Plain",
      "Partial Mode": "Finalize",
      "Parallel Aware": false,
      "Startup Cost": 33045.69,
      "Total Cost": 33045.7,
      "Plan Rows": 1,
      "Plan Width": 8,
      "Actual Startup Time": 83.637,
      "Actual Total Time": 88.031,
      "Actual Rows": 1,
      "Actual Loops": 1,
      "Plans": [
        {
          "Node Type": "Gather",
          "Parent Relationship": "Outer",
          "Parallel Aware": false,
          "Startup Cost": 33045.37,
          "Total Cost": 33045.68,
          "Plan Rows": 3,
          "Plan Width": 8,
          "Actual Startup Time": 83.564,
          "Actual Total Time": 88.025,
          "Actual Rows": 4,
          "Actual Loops": 1,
          "Workers Planned": 3,
          "Workers Launched": 3,
          "Single Copy": false,
          "Plans": [
            {
              "Node Type": "Aggregate",
              "Strategy": "Plain",
              "Partial Mode": "Partial",
              "Parent Relationship": "Outer",
              "Parallel Aware": false,
              "Startup Cost": 32045.37,
              "Total Cost": 32045.38,
              "Plan Rows": 1,
              "Plan Width": 8,
              "Actual Startup Time": 79.507,
              "Actual Total Time": 79.507,
              "Actual Rows": 1,
              "Actual Loops": 4,
              "Plans": [
                {
                  "Node Type": "Seq Scan",
                  "Parent Relationship": "Outer",
                  "Parallel Aware": true,
                  "Relation Name": "movie_companies",
                  "Alias": "mc",
                  "Startup Cost": 0.0,
                  "Total Cost": 31414.82,
                  "Plan Rows": 252222,
                  "Plan Width": 0,
                  "Actual Startup Time": 0.028,
                  "Actual Total Time": 66.964,
                  "Actual Rows": 270740,
                  "Actual Loops": 4,
                  "Filter": "((company_id < 16138) AND (company_type_id < 2))",
                  "Rows Removed by Filter": 381542
                }
              ]
            }
          ]
        }
      ]
    },
    "Planning Time": 0.081,
    "Triggers": [],
    "Execution Time": 88.056
  }
]