[
  {
    "Plan": {
      "Node Type": "Aggregate",
      "Strategy": "Plain",
      "Partial Mode": "Finalize",
      "Parallel Aware": false,
      "Startup Cost": 30460.47,
      "Total Cost": 30460.48,
      "Plan Rows": 1,
      "Plan Width": 8,
      "Actual Startup Time": 96.022,
      "Actual Total Time": 103.144,
      "Actual Rows": 1,
      "Actual Loops": 1,
      "Plans": [
        {
          "Node Type": "Gather",
          "Parent Relationship": "Outer",
          "Parallel Aware": false,
          "Startup Cost": 30460.16,
          "Total Cost": 30460.47,
          "Plan Rows": 3,
          "Plan Width": 8,
          "Actual Startup Time": 95.756,
          "Actual Total Time": 103.135,
          "Actual Rows": 4,
          "Actual Loops": 1,
          "Workers Planned": 3,
          "Workers Launched": 3,
          "Single Copy": false,
          "Plans": [
            {
              "Node Type": "Aggregate",
              "Strategy": "Plain",
              "Partial Mode": "Partial",
              "Parent Relationship": "Outer",
              "Parallel Aware": false,
              "Startup Cost": 29460.16,
              "Total Cost": 29460.17,
              "Plan Rows": 1,
              "Plan Width": 8,
              "Actual Startup Time": 86.662,
              "Actual Total Time": 86.663,
              "Actual Rows": 1,
              "Actual Loops": 4,
              "Plans": [
                {
                  "Node Type": "Bitmap Heap Scan",
                  "Parent Relationship": "Outer",
                  "Parallel Aware": true,
                  "Relation Name": "movie_keyword",
                  "Alias": "mk",
                  "Startup Cost": 4076.86,
                  "Total Cost": 29305.27,
                  "Plan Rows": 61953,
                  "Plan Width": 0,
                  "Actual Startup Time": 26.945,
                  "Actual Total Time": 83.35,
                  "Actual Rows": 49134,
                  "Actual Loops": 4,
                  "Recheck Cond": "(keyword_id > 69494)",
                  "Rows Removed by Index Recheck": 0,
                  "Exact Heap Blocks": 11360,
                  "Lossy Heap Blocks": 0,
                  "Plans": [
                    {
                      "Node Type": "Bitmap Index Scan",
                      "Parent Relationship": "Outer",
                      "Parallel Aware": false,
                      "Index Name": "keyword_id_movie_keyword",
                      "Startup Cost": 0.0,
                      "Total Cost": 4028.84,
                      "Plan Rows": 192055,
                      "Plan Width": 0,
                      "Actual Startup Time": 31.035,
                      "Actual Total Time": 31.036,
                      "Actual Rows": 196538,
                      "Actual Loops": 1,
                      "Index Cond": "(keyword_id > 69494)"
                    }
                  ]
                }
              ]
            }
          ]
        }
      ]
    },
    "Planning Time": 0.192,
    "Triggers": [],
    "Execution Time": 103.22
  }
]