[
  {
    "Plan": {
      "Node Type": "Aggregate",
      "Strategy": "Plain",
      "Partial Mode": "Finalize",
      "Parallel Aware": false,
      "Startup Cost": 30615.53,
      "Total Cost": 30615.54,
      "Plan Rows": 1,
      "Plan Width": 8,
      "Actual Startup Time": 87.389,
      "Actual Total Time": 94.135,
      "Actual Rows": 1,
      "Actual Loops": 1,
      "Plans": [
        {
          "Node Type": "Gather",
          "Parent Relationship": "Outer",
          "Parallel Aware": false,
          "Startup Cost": 30615.21,
          "Total Cost": 30615.52,
          "Plan Rows": 3,
          "Plan Width": 8,
          "Actual Startup Time": 87.114,
          "Actual Total Time": 94.127,
          "Actual Rows": 4,
          "Actual Loops": 1,
          "Workers Planned": 3,
          "Workers Launched": 3,
          "Single Copy": false,
          "Plans": [
            {
              "Node Type": "Aggregate",
              "Strategy": "Plain",
              "Partial Mode": "Partial",
              "Parent Relationship": "Outer",
              "Parallel Aware": false,
              "Startup Cost": 29615.21,
              "Total Cost": 29615.22,
              "Plan Rows": 1,
              "Plan Width": 8,
              "Actual Startup Time": 80.698,
              "Actual Total Time": 80.699,
              "Actual Rows": 1,
              "Actual Loops": 4,
              "Plans": [
                {
                  "Node Type": "Bitmap Heap Scan",
                  "Parent Relationship": "Outer",
                  "Parallel Aware": true,
                  "Relation Name": "movie_keyword",
                  "Alias": "mk",
                  "Startup Cost": 4203.06,
                  "Total Cost": 29455.52,
                  "Plan Rows": 63876,
                  "Plan Width": 0,
                  "Actual Startup Time": 27.337,
                  "Actual Total Time": 77.342,
                  "Actual Rows": 49134,
                  "Actual Loops": 4,
                  "Recheck Cond": "(keyword_id > 69494)",
                  "Rows Removed by Index Recheck": 0,
                  "Exact Heap Blocks": 10918,
                  "Lossy Heap Blocks": 0,
                  "Plans": [
                    {
                      "Node Type": "Bitmap Index Scan",
                      "Parent Relationship": "Outer",
                      "Parallel Aware": false,
                      "Index Name": "keyword_id_movie_keyword",
                      "Startup Cost": 0.0,
                      "Total Cost": 4153.56,
                      "Plan Rows": 198017,
                      "Plan Width": 0,
                      "Actual Startup Time": 27.894,
                      "Actual Total Time": 27.894,
                      "Actual Rows": 196538,
                      "Actual Loops": 1,
                      "Index Cond": "(keyword_id > 69494)"
                    }
                  ]
                }
              ]
            }
          ]
        }
      ]
    },
    "Planning Time": 0.181,
    "Triggers": [],
    "Execution Time": 94.209
  }
]