[
  {
    "Plan": {
      "Node Type": "Aggregate",
      "Strategy": "Plain",
      "Partial Mode": "Finalize",
      "Parallel Aware": false,
      "Startup Cost": 334274.08,
      "Total Cost": 334274.09,
      "Plan Rows": 1,
      "Plan Width": 8,
      "Actual Startup Time": 673.965,
      "Actual Total Time": 731.076,
      "Actual Rows": 1,
      "Actual Loops": 1,
      "Plans": [
        {
          "Node Type": "Gather",
          "Parent Relationship": "Outer",
          "Parallel Aware": false,
          "Startup Cost": 334273.45,
          "Total Cost": 334274.06,
          "Plan Rows": 6,
          "Plan Width": 8,
          "Actual Startup Time": 673.853,
          "Actual Total Time": 731.067,
          "Actual Rows": 7,
          "Actual Loops": 1,
          "Workers Planned": 6,
          "Workers Launched": 6,
          "Single Copy": false,
          "Plans": [
            {
              "Node Type": "Aggregate",
              "Strategy": "Plain",
              "Partial Mode": "Partial",
              "Parent Relationship": "Outer",
              "Parallel Aware": false,
              "Startup Cost": 333273.45,
              "Total Cost": 333273.46,
              "Plan Rows": 1,
              "Plan Width": 8,
              "Actual Startup Time": 665.485,
              "Actual Total Time": 665.486,
              "Actual Rows": 1,
              "Actual Loops": 7,
              "Plans": [
                {
                  "Node Type": "Seq Scan",
                  "Parent Relationship": "Outer",
                  "Parallel Aware": true,
                  "Relation Name": "cast_info",
                  "Alias": "ci",
                  "Startup Cost": 0.0,
                  "Total Cost": 328162.03,
                  "Plan Rows": 2044571,
                  "Plan Width": 0,
                  "Actual Startup Time": 275.28,
                  "Actual Total Time": 587.734,
                  "Actual Rows": 1748078,
                  "Actual Loops": 7,
                  "Filter": "(person_id > 2462337)",
                  "Rows Removed by Filter": 3429685
                }
              ]
            }
          ]
        }
      ]
    },
    "Planning Time": 0.13,
    "Triggers": [],
    "Execution Time": 731.15
  }
]