{
    "Plan": {
        "Node Type": "Aggregate",
        "Strategy": "Plain",
        "Partial Mode": "Finalize",
        "Parallel Aware": false,
        "Startup Cost": 78094.54,
        "Total Cost": 78094.55,
        "Plan Rows": 1,
        "Plan Width": 8,
        "Actual Startup Time": 206.638,
        "Actual Total Time": 221.423,
        "Actual Rows": 1,
        "Actual Loops": 1,
        "Output": [
            "count(*)"
        ],
        "Plans": [
            {
                "Node Type": "Gather",
                "Parent Relationship": "Outer",
                "Parallel Aware": false,
                "Startup Cost": 78094.12,
                "Total Cost": 78094.53,
                "Plan Rows": 4,
                "Plan Width": 8,
                "Actual Startup Time": 205.828,
                "Actual Total Time": 221.413,
                "Actual Rows": 5,
                "Actual Loops": 1,
                "Output": [
                    "(PARTIAL count(*))"
                ],
                "Workers Planned": 4,
                "Workers Launched": 4,
                "Single Copy": false,
                "Plans": [
                    {
                        "Node Type": "Aggregate",
                        "Strategy": "Plain",
                        "Partial Mode": "Partial",
                        "Parent Relationship": "Outer",
                        "Parallel Aware": false,
                        "Startup Cost": 77094.12,
                        "Total Cost": 77094.13,
                        "Plan Rows": 1,
                        "Plan Width": 8,
                        "Actual Startup Time": 196.39,
                        "Actual Total Time": 196.393,
                        "Actual Rows": 1,
                        "Actual Loops": 5,
                        "Output": [
                            "PARTIAL count(*)"
                        ],
                        "Workers": [
                            {
                                "Worker Number": 0,
                                "Actual Startup Time": 193.258,
                                "Actual Total Time": 193.261,
                                "Actual Rows": 1,
                                "Actual Loops": 1
                            },
                            {
                                "Worker Number": 1,
                                "Actual Startup Time": 194.524,
                                "Actual Total Time": 194.526,
                                "Actual Rows": 1,
                                "Actual Loops": 1
                            },
                            {
                                "Worker Number": 2,
                                "Actual Startup Time": 194.521,
                                "Actual Total Time": 194.523,
                                "Actual Rows": 1,
                                "Actual Loops": 1
                            },
                            {
                                "Worker Number": 3,
                                "Actual Startup Time": 194.577,
                                "Actual Total Time": 194.58,
                                "Actual Rows": 1,
                                "Actual Loops": 1
                            }
                        ],
                        "Plans": [
                            {
                                "Node Type": "Hash Join",
                                "Parent Relationship": "Outer",
                                "Parallel Aware": true,
                                "Join Type": "Inner",
                                "Startup Cost": 31562.49,
                                "Total Cost": 77071.23,
                                "Plan Rows": 9156,
                                "Plan Width": 0,
                                "Actual Startup Time": 154.532,
                                "Actual Total Time": 195.651,
                                "Actual Rows": 14710,
                                "Actual Loops": 5,
                                "Inner Unique": false,
                                "Hash Cond": "(t.id = mc.movie_id)",
                                "Workers": [
                                    {
                                        "Worker Number": 0,
                                        "Actual Startup Time": 147.743,
                                        "Actual Total Time": 192.569,
                                        "Actual Rows": 14958,
                                        "Actual Loops": 1
                                    },
                                    {
                                        "Worker Number": 1,
                                        "Actual Startup Time": 150.555,
                                        "Actual Total Time": 193.816,
                                        "Actual Rows": 13671,
                                        "Actual Loops": 1
                                    },
                                    {
                                        "Worker Number": 2,
                                        "Actual Startup Time": 152.232,
                                        "Actual Total Time": 193.807,
                                        "Actual Rows": 13513,
                                        "Actual Loops": 1
                                    },
                                    {
                                        "Worker Number": 3,
                                        "Actual Startup Time": 158.901,
                                        "Actual Total Time": 193.87,
                                        "Actual Rows": 13945,
                                        "Actual Loops": 1
                                    }
                                ],
                                "Plans": [
                                    {
                                        "Node Type": "Seq Scan",
                                        "Parent Relationship": "Outer",
                                        "Parallel Aware": true,
                                        "Relation Name": "title",
                                        "Schema": "public",
                                        "Alias": "t",
                                        "Startup Cost": 0.0,
                                        "Total Cost": 42318.81,
                                        "Plan Rows": 632080,
                                        "Plan Width": 4,
                                        "Actual Startup Time": 0.018,
                                        "Actual Total Time": 63.301,
                                        "Actual Rows": 505662,
                                        "Actual Loops": 5,
                                        "Output": [
                                            "t.id",
                                            "t.title",
                                            "t.imdb_index",
                                            "t.kind_id",
                                            "t.production_year",
                                            "t.imdb_id",
                                            "t.phonetic_code",
                                            "t.episode_of_id",
                                            "t.season_nr",
                                            "t.episode_nr",
                                            "t.series_years",
                                            "t.md5sum"
                                        ],
                                        "Workers": [
                                            {
                                                "Worker Number": 0,
                                                "Actual Startup Time": 0.019,
                                                "Actual Total Time": 64.584,
                                                "Actual Rows": 456447,
                                                "Actual Loops": 1
                                            },
                                            {
                                                "Worker Number": 1,
                                                "Actual Startup Time": 0.018,
                                                "Actual Total Time": 64.62,
                                                "Actual Rows": 473215,
                                                "Actual Loops": 1
                                            },
                                            {
                                                "Worker Number": 2,
                                                "Actual Startup Time": 0.024,
                                                "Actual Total Time": 64.799,
                                                "Actual Rows": 474876,
                                                "Actual Loops": 1
                                            },
                                            {
                                                "Worker Number": 3,
                                                "Actual Startup Time": 0.025,
                                                "Actual Total Time": 64.165,
                                                "Actual Rows": 470783,
                                                "Actual Loops": 1
                                            }
                                        ]
                                    },
                                    {
                                        "Node Type": "Hash",
                                        "Parent Relationship": "Inner",
                                        "Parallel Aware": true,
                                        "Startup Cost": 31414.82,
                                        "Total Cost": 31414.82,
                                        "Plan Rows": 11814,
                                        "Plan Width": 4,
                                        "Actual Startup Time": 68.221,
                                        "Actual Total Time": 68.222,
                                        "Actual Rows": 14710,
                                        "Actual Loops": 5,
                                        "Output": [
                                            "mc.movie_id"
                                        ],
                                        "Hash Buckets": 131072,
                                        "Original Hash Buckets": 65536,
                                        "Hash Batches": 1,
                                        "Original Hash Batches": 1,
                                        "Peak Memory Usage": 4448,
                                        "Workers": [
                                            {
                                                "Worker Number": 0,
                                                "Actual Startup Time": 65.901,
                                                "Actual Total Time": 65.902,
                                                "Actual Rows": 12983,
                                                "Actual Loops": 1
                                            },
                                            {
                                                "Worker Number": 1,
                                                "Actual Startup Time": 67.16,
                                                "Actual Total Time": 67.161,
                                                "Actual Rows": 14697,
                                                "Actual Loops": 1
                                            },
                                            {
                                                "Worker Number": 2,
                                                "Actual Startup Time": 67.224,
                                                "Actual Total Time": 67.225,
                                                "Actual Rows": 14685,
                                                "Actual Loops": 1
                                            },
                                            {
                                                "Worker Number": 3,
                                                "Actual Startup Time": 67.189,
                                                "Actual Total Time": 67.191,
                                                "Actual Rows": 14715,
                                                "Actual Loops": 1
                                            }
                                        ],
                                        "Plans": [
                                            {
                                                "Node Type": "Seq Scan",
                                                "Parent Relationship": "Outer",
                                                "Parallel Aware": true,
                                                "Relation Name": "movie_companies",
                                                "Schema": "public",
                                                "Alias": "mc",
                                                "Startup Cost": 0.0,
                                                "Total Cost": 31414.82,
                                                "Plan Rows": 11814,
                                                "Plan Width": 4,
                                                "Actual Startup Time": 54.351,
                                                "Actual Total Time": 62.253,
                                                "Actual Rows": 14710,
                                                "Actual Loops": 5,
                                                "Output": [
                                                    "mc.movie_id"
                                                ],
                                                "Filter": "((mc.company_id > 174248) AND (mc.company_type_id = 2))",
                                                "Rows Removed by Filter": 507115,
                                                "Workers": [
                                                    {
                                                        "Worker Number": 0,
                                                        "Actual Startup Time": 52.021,
                                                        "Actual Total Time": 59.631,
                                                        "Actual Rows": 12983,
                                                        "Actual Loops": 1
                                                    },
                                                    {
                                                        "Worker Number": 1,
                                                        "Actual Startup Time": 53.287,
                                                        "Actual Total Time": 61.375,
                                                        "Actual Rows": 14697,
                                                        "Actual Loops": 1
                                                    },
                                                    {
                                                        "Worker Number": 2,
                                                        "Actual Startup Time": 53.353,
                                                        "Actual Total Time": 61.391,
                                                        "Actual Rows": 14685,
                                                        "Actual Loops": 1
                                                    },
                                                    {
                                                        "Worker Number": 3,
                                                        "Actual Startup Time": 53.305,
                                                        "Actual Total Time": 61.484,
                                                        "Actual Rows": 14715,
                                                        "Actual Loops": 1
                                                    }
                                                ]
                                            }
                                        ]
                                    }
                                ]
                            }
                        ]
                    }
                ]
            }
        ]
    },
    "Planning Time": 0.77,
    "Triggers": [],
    "Execution Time": 221.494
}