[
  {
    "Plan": {
      "Node Type": "Aggregate",
      "Strategy": "Plain",
      "Partial Mode": "Finalize",
      "Parallel Aware": false,
      "Startup Cost": 97145.77,
      "Total Cost": 97145.78,
      "Plan Rows": 1,
      "Plan Width": 8,
      "Actual Startup Time": 543.142,
      "Actual Total Time": 558.028,
      "Actual Rows": 1,
      "Actual Loops": 1,
      "Plans": [
        {
          "Node Type": "Gather",
          "Parent Relationship": "Outer",
          "Parallel Aware": false,
          "Startup Cost": 97145.45,
          "Total Cost": 97145.76,
          "Plan Rows": 3,
          "Plan Width": 8,
          "Actual Startup Time": 531.657,
          "Actual Total Time": 558.02,
          "Actual Rows": 4,
          "Actual Loops": 1,
          "Workers Planned": 3,
          "Workers Launched": 3,
          "Single Copy": false,
          "Plans": [
            {
              "Node Type": "Aggregate",
              "Strategy": "Plain",
              "Partial Mode": "Partial",
              "Parent Relationship": "Outer",
              "Parallel Aware": false,
              "Startup Cost": 96145.45,
              "Total Cost": 96145.46,
              "Plan Rows": 1,
              "Plan Width": 8,
              "Actual Startup Time": 518.96,
              "Actual Total Time": 518.963,
              "Actual Rows": 1,
              "Actual Loops": 4,
              "Plans": [
                {
                  "Node Type": "Hash Join",
                  "Parent Relationship": "Outer",
                  "Parallel Aware": true,
                  "Join Type": "Inner",
                  "Startup Cost": 50257.82,
                  "Total Cost": 94760.51,
                  "Plan Rows": 553977,
                  "Plan Width": 0,
                  "Actual Startup Time": 310.857,
                  "Actual Total Time": 503.213,
                  "Actual Rows": 393562,
                  "Actual Loops": 4,
                  "Inner Unique": true,
                  "Hash Cond": "(mk.movie_id = t.id)",
                  "Plans": [
                    {
                      "Node Type": "Seq Scan",
                      "Parent Relationship": "Outer",
                      "Parallel Aware": true,
                      "Relation Name": "movie_keyword",
                      "Alias": "mk",
                      "Startup Cost": 0.0,
                      "Total Cost": 42695.65,
                      "Plan Rows": 688393,
                      "Plan Width": 4,
                      "Actual Startup Time": 0.344,
                      "Actual Total Time": 98.976,
                      "Actual Rows": 529676,
                      "Actual Loops": 4,
                      "Filter": "(keyword_id > 5603)",
                      "Rows Removed by Filter": 601306
                    },
                    {
                      "Node Type": "Hash",
                      "Parent Relationship": "Inner",
                      "Parallel Aware": true,
                      "Startup Cost": 43899.32,
                      "Total Cost": 43899.32,
                      "Plan Rows": 508680,
                      "Plan Width": 4,
                      "Actual Startup Time": 302.456,
                      "Actual Total Time": 302.457,
                      "Actual Rows": 504676,
                      "Actual Loops": 4,
                      "Hash Buckets": 2097152,
                      "Original Hash Buckets": 2097152,
                      "Hash Batches": 1,
                      "Original Hash Batches": 1,
                      "Peak Memory Usage": 95424,
                      "Plans": [
                        {
                          "Node Type": "Seq Scan",
                          "Parent Relationship": "Outer",
                          "Parallel Aware": true,
                          "Relation Name": "title",
                          "Alias": "t",
                          "Startup Cost": 0.0,
                          "Total Cost": 43899.32,
                          "Plan Rows": 508680,
                          "Plan Width": 4,
                          "Actual Startup Time": 0.043,
                          "Actual Total Time": 112.223,
                          "Actual Rows": 504676,
                          "Actual Loops": 4,
                          "Filter": "(production_year > 1974)",
                          "Rows Removed by Filter": 127402
                        }
                      ]
                    }
                  ]
                }
              ]
            }
          ]
        }
      ]
    },
    "Planning Time": 0.612,
    "Triggers": [],
    "Execution Time": 558.097
  }
]