{
  "Plan": {
    "Node Type": "Aggregate",
    "Strategy": "Plain",
    "Partial Mode": "Finalize",
    "Parallel Aware": false,
    "Startup Cost": 120785.21,
    "Total Cost": 120785.22,
    "Plan Rows": 1,
    "Plan Width": 8,
    "Actual Startup Time": 421.844,
    "Actual Total Time": 438.682,
    "Actual Rows": 1,
    "Actual Loops": 1,
    "Plans": [
      {
        "Node Type": "Gather",
        "Parent Relationship": "Outer",
        "Parallel Aware": false,
        "Startup Cost": 120785.09,
        "Total Cost": 120785.2,
        "Plan Rows": 1,
        "Plan Width": 8,
        "Actual Startup Time": 421.42,
        "Actual Total Time": 438.673,
        "Actual Rows": 2,
        "Actual Loops": 1,
        "Workers Planned": 1,
        "Workers Launched": 1,
        "Single Copy": false,
        "Plans": [
          {
            "Node Type": "Aggregate",
            "Strategy": "Plain",
            "Partial Mode": "Partial",
            "Parent Relationship": "Outer",
            "Parallel Aware": false,
            "Startup Cost": 119785.09,
            "Total Cost": 119785.1,
            "Plan Rows": 1,
            "Plan Width": 8,
            "Actual Startup Time": 415.734,
            "Actual Total Time": 415.821,
            "Actual Rows": 1,
            "Actual Loops": 2,
            "Plans": [
              {
                "Node Type": "Hash Join",
                "Parent Relationship": "Outer",
                "Parallel Aware": true,
                "Join Type": "Inner",
                "Startup Cost": 58630.57,
                "Total Cost": 119728.97,
                "Plan Rows": 22449,
                "Plan Width": 0,
                "Actual Startup Time": 202.957,
                "Actual Total Time": 414.835,
                "Actual Rows": 21964,
                "Actual Loops": 2,
                "Inner Unique": true,
                "Hash Cond": "(mk.movie_id = t.id)",
                "Plans": [
                  {
                    "Node Type": "Seq Scan",
                    "Parent Relationship": "Outer",
                    "Parallel Aware": true,
                    "Relation Name": "movie_keyword",
                    "Alias": "mk",
                    "Startup Cost": 0.0,
                    "Total Cost": 57718.19,
                    "Plan Rows": 1287696,
                    "Plan Width": 4,
                    "Actual Startup Time": 0.459,
                    "Actual Total Time": 179.208,
                    "Actual Rows": 1094552,
                    "Actual Loops": 2,
                    "Filter": "(keyword_id > 5159)",
                    "Rows Removed by Filter": 1167414
                  },
                  {
                    "Node Type": "Hash",
                    "Parent Relationship": "Inner",
                    "Parallel Aware": true,
                    "Startup Cost": 58306.47,
                    "Total Cost": 58306.47,
                    "Plan Rows": 25928,
                    "Plan Width": 4,
                    "Actual Startup Time": 153.298,
                    "Actual Total Time": 153.3,
                    "Actual Rows": 57656,
                    "Actual Loops": 2,
                    "Hash Buckets": 131072,
                    "Original Hash Buckets": 65536,
                    "Hash Batches": 1,
                    "Original Hash Batches": 1,
                    "Peak Memory Usage": 6080,
                    "Plans": [
                      {
                        "Node Type": "Seq Scan",
                        "Parent Relationship": "Outer",
                        "Parallel Aware": true,
                        "Relation Name": "title",
                        "Alias": "t",
                        "Startup Cost": 0.0,
                        "Total Cost": 58306.47,
                        "Plan Rows": 25928,
                        "Plan Width": 4,
                        "Actual Startup Time": 85.759,
                        "Actual Total Time": 140.068,
                        "Actual Rows": 57656,
                        "Actual Loops": 2,
                        "Filter": "((kind_id < 7) AND (production_year < 1930))",
                        "Rows Removed by Filter": 1206500
                      }
                    ]
                  }
                ]
              }
            ]
          }
        ]
      }
    ]
  },
  "Planning Time": 0.463,
  "Triggers": [],
  "Execution Time": 438.752
}