[
  {
    "Plan": {
      "Node Type": "Aggregate",
      "Strategy": "Plain",
      "Partial Mode": "Finalize",
      "Parallel Aware": false,
      "Startup Cost": 116001.18,
      "Total Cost": 116001.19,
      "Plan Rows": 1,
      "Plan Width": 8,
      "Actual Startup Time": 91.905,
      "Actual Total Time": 106.415,
      "Actual Rows": 1,
      "Actual Loops": 1,
      "Plans": [
        {
          "Node Type": "Gather",
          "Parent Relationship": "Outer",
          "Parallel Aware": false,
          "Startup Cost": 116000.76,
          "Total Cost": 116001.17,
          "Plan Rows": 4,
          "Plan Width": 8,
          "Actual Startup Time": 91.622,
          "Actual Total Time": 106.398,
          "Actual Rows": 5,
          "Actual Loops": 1,
          "Workers Planned": 4,
          "Workers Launched": 4,
          "Single Copy": false,
          "Plans": [
            {
              "Node Type": "Aggregate",
              "Strategy": "Plain",
              "Partial Mode": "Partial",
              "Parent Relationship": "Outer",
              "Parallel Aware": false,
              "Startup Cost": 115000.76,
              "Total Cost": 115000.77,
              "Plan Rows": 1,
              "Plan Width": 8,
              "Actual Startup Time": 84.553,
              "Actual Total Time": 84.557,
              "Actual Rows": 1,
              "Actual Loops": 5,
              "Plans": [
                {
                  "Node Type": "Nested Loop",
                  "Parent Relationship": "Outer",
                  "Parallel Aware": false,
                  "Join Type": "Inner",
                  "Startup Cost": 1.0,
                  "Total Cost": 114988.58,
                  "Plan Rows": 4869,
                  "Plan Width": 0,
                  "Actual Startup Time": 6.546,
                  "Actual Total Time": 84.541,
                  "Actual Rows": 44,
                  "Actual Loops": 5,
                  "Inner Unique": false,
                  "Join Filter": "(t.id = mi.movie_id)",
                  "Rows Removed by Join Filter": 0,
                  "Plans": [
                    {
                      "Node Type": "Nested Loop",
                      "Parent Relationship": "Outer",
                      "Parallel Aware": false,
                      "Join Type": "Inner",
                      "Startup Cost": 0.56,
                      "Total Cost": 113425.82,
                      "Plan Rows": 829,
                      "Plan Width": 8,
                      "Actual Startup Time": 6.395,
                      "Actual Total Time": 84.022,
                      "Actual Rows": 29,
                      "Actual Loops": 5,
                      "Inner Unique": false,
                      "Plans": [
                        {
                          "Node Type": "Seq Scan",
                          "Parent Relationship": "Outer",
                          "Parallel Aware": true,
                          "Relation Name": "title",
                          "Alias": "t",
                          "Startup Cost": 0.0,
                          "Total Cost": 45479.59,
                          "Plan Rows": 534,
                          "Plan Width": 4,
                          "Actual Startup Time": 3.528,
                          "Actual Total Time": 81.425,
                          "Actual Rows": 27,
                          "Actual Loops": 5,
                          "Filter": "((production_year > 2013) AND (kind_id = 7))",
                          "Rows Removed by Filter": 505635
                        },
                        {
                          "Node Type": "Index Scan",
                          "Parent Relationship": "Inner",
                          "Parallel Aware": false,
                          "Scan Direction": "Forward",
                          "Index Name": "movie_id_cast_info",
                          "Relation Name": "cast_info",
                          "Alias": "ci",
                          "Startup Cost": 0.56,
                          "Total Cost": 127.2,
                          "Plan Rows": 4,
                          "Plan Width": 4,
                          "Actual Startup Time": 0.068,
                          "Actual Total Time": 0.093,
                          "Actual Rows": 1,
                          "Actual Loops": 137,
                          "Index Cond": "(movie_id = t.id)",
                          "Rows Removed by Index Recheck": 0,
                          "Filter": "(role_id = 3)",
                          "Rows Removed by Filter": 9
                        }
                      ]
                    },
                    {
                      "Node Type": "Index Only Scan",
                      "Parent Relationship": "Inner",
                      "Parallel Aware": false,
                      "Scan Direction": "Forward",
                      "Index Name": "movie_id_movie_info",
                      "Relation Name": "movie_info",
                      "Alias": "mi",
                      "Startup Cost": 0.43,
                      "Total Cost": 1.37,
                      "Plan Rows": 41,
                      "Plan Width": 4,
                      "Actual Startup Time": 0.016,
                      "Actual Total Time": 0.017,
                      "Actual Rows": 2,
                      "Actual Loops": 144,
                      "Index Cond": "(movie_id = ci.movie_id)",
                      "Rows Removed by Index Recheck": 0,
                      "Heap Fetches": 219
                    }
                  ]
                }
              ]
            }
          ]
        }
      ]
    },
    "Planning Time": 0.639,
    "Triggers": [],
    "Execution Time": 106.492
  }
]