[
    {
        "Bao": {
            "Bao prediction": "NaN",
            "Bao recommended hint": "(no hint)"
        }
    },
    {
        "Plan": {
            "Node Type": "Aggregate",
            "Strategy": "Plain",
            "Partial Mode": "Finalize",
            "Parallel Aware": false,
            "Startup Cost": 76858.1,
            "Total Cost": 76858.11,
            "Plan Rows": 1,
            "Plan Width": 8,
            "Actual Startup Time": 263.984,
            "Actual Total Time": 272.343,
            "Actual Rows": 1,
            "Actual Loops": 1,
            "Output": [
                "count(*)"
            ],
            "Plans": [
                {
                    "Node Type": "Gather",
                    "Parent Relationship": "Outer",
                    "Parallel Aware": false,
                    "Startup Cost": 76857.68,
                    "Total Cost": 76858.09,
                    "Plan Rows": 4,
                    "Plan Width": 8,
                    "Actual Startup Time": 260.879,
                    "Actual Total Time": 272.333,
                    "Actual Rows": 5,
                    "Actual Loops": 1,
                    "Output": [
                        "(PARTIAL count(*))"
                    ],
                    "Workers Planned": 4,
                    "Workers Launched": 4,
                    "Single Copy": false,
                    "Plans": [
                        {
                            "Node Type": "Aggregate",
                            "Strategy": "Plain",
                            "Partial Mode": "Partial",
                            "Parent Relationship": "Outer",
                            "Parallel Aware": false,
                            "Startup Cost": 75857.68,
                            "Total Cost": 75857.69,
                            "Plan Rows": 1,
                            "Plan Width": 8,
                            "Actual Startup Time": 251.283,
                            "Actual Total Time": 251.287,
                            "Actual Rows": 1,
                            "Actual Loops": 5,
                            "Output": [
                                "PARTIAL count(*)"
                            ],
                            "Workers": [
                                {
                                    "Worker Number": 0,
                                    "Actual Startup Time": 248.875,
                                    "Actual Total Time": 248.879,
                                    "Actual Rows": 1,
                                    "Actual Loops": 1
                                },
                                {
                                    "Worker Number": 1,
                                    "Actual Startup Time": 248.786,
                                    "Actual Total Time": 248.79,
                                    "Actual Rows": 1,
                                    "Actual Loops": 1
                                },
                                {
                                    "Worker Number": 2,
                                    "Actual Startup Time": 248.826,
                                    "Actual Total Time": 248.829,
                                    "Actual Rows": 1,
                                    "Actual Loops": 1
                                },
                                {
                                    "Worker Number": 3,
                                    "Actual Startup Time": 249.594,
                                    "Actual Total Time": 249.598,
                                    "Actual Rows": 1,
                                    "Actual Loops": 1
                                }
                            ],
                            "Plans": [
                                {
                                    "Node Type": "Hash Join",
                                    "Parent Relationship": "Outer",
                                    "Parallel Aware": true,
                                    "Join Type": "Inner",
                                    "Startup Cost": 29846.26,
                                    "Total Cost": 75625.31,
                                    "Plan Rows": 92950,
                                    "Plan Width": 0,
                                    "Actual Startup Time": 97.633,
                                    "Actual Total Time": 247.292,
                                    "Actual Rows": 75414,
                                    "Actual Loops": 5,
                                    "Inner Unique": false,
                                    "Hash Cond": "(t.id = mc.movie_id)",
                                    "Workers": [
                                        {
                                            "Worker Number": 0,
                                            "Actual Startup Time": 85.314,
                                            "Actual Total Time": 244.717,
                                            "Actual Rows": 55339,
                                            "Actual Loops": 1
                                        },
                                        {
                                            "Worker Number": 1,
                                            "Actual Startup Time": 109.24,
                                            "Actual Total Time": 244.67,
                                            "Actual Rows": 54461,
                                            "Actual Loops": 1
                                        },
                                        {
                                            "Worker Number": 2,
                                            "Actual Startup Time": 99.11,
                                            "Actual Total Time": 245.1,
                                            "Actual Rows": 81577,
                                            "Actual Loops": 1
                                        },
                                        {
                                            "Worker Number": 3,
                                            "Actual Startup Time": 102.479,
                                            "Actual Total Time": 245.764,
                                            "Actual Rows": 83595,
                                            "Actual Loops": 1
                                        }
                                    ],
                                    "Plans": [
                                        {
                                            "Node Type": "Seq Scan",
                                            "Parent Relationship": "Outer",
                                            "Parallel Aware": true,
                                            "Relation Name": "title",
                                            "Schema": "public",
                                            "Alias": "t",
                                            "Startup Cost": 0.0,
                                            "Total Cost": 42318.81,
                                            "Plan Rows": 632080,
                                            "Plan Width": 4,
                                            "Actual Startup Time": 0.009,
                                            "Actual Total Time": 64.687,
                                            "Actual Rows": 505662,
                                            "Actual Loops": 5,
                                            "Output": [
                                                "t.id",
                                                "t.title",
                                                "t.imdb_index",
                                                "t.kind_id",
                                                "t.production_year",
                                                "t.imdb_id",
                                                "t.phonetic_code",
                                                "t.episode_of_id",
                                                "t.season_nr",
                                                "t.episode_nr",
                                                "t.series_years",
                                                "t.md5sum"
                                            ],
                                            "Workers": [
                                                {
                                                    "Worker Number": 0,
                                                    "Actual Startup Time": 0.012,
                                                    "Actual Total Time": 69.358,
                                                    "Actual Rows": 379413,
                                                    "Actual Loops": 1
                                                },
                                                {
                                                    "Worker Number": 1,
                                                    "Actual Startup Time": 0.008,
                                                    "Actual Total Time": 68.473,
                                                    "Actual Rows": 364634,
                                                    "Actual Loops": 1
                                                },
                                                {
                                                    "Worker Number": 2,
                                                    "Actual Startup Time": 0.012,
                                                    "Actual Total Time": 64.738,
                                                    "Actual Rows": 542205,
                                                    "Actual Loops": 1
                                                },
                                                {
                                                    "Worker Number": 3,
                                                    "Actual Startup Time": 0.009,
                                                    "Actual Total Time": 65.643,
                                                    "Actual Rows": 555113,
                                                    "Actual Loops": 1
                                                }
                                            ]
                                        },
                                        {
                                            "Node Type": "Hash",
                                            "Parent Relationship": "Inner",
                                            "Parallel Aware": true,
                                            "Startup Cost": 28347.07,
                                            "Total Cost": 28347.07,
                                            "Plan Rows": 119935,
                                            "Plan Width": 4,
                                            "Actual Startup Time": 77.719,
                                            "Actual Total Time": 77.721,
                                            "Actual Rows": 75414,
                                            "Actual Loops": 5,
                                            "Output": [
                                                "mc.movie_id"
                                            ],
                                            "Hash Buckets": 524288,
                                            "Original Hash Buckets": 524288,
                                            "Hash Batches": 1,
                                            "Original Hash Batches": 1,
                                            "Peak Memory Usage": 18912,
                                            "Workers": [
                                                {
                                                    "Worker Number": 0,
                                                    "Actual Startup Time": 76.223,
                                                    "Actual Total Time": 76.224,
                                                    "Actual Rows": 55986,
                                                    "Actual Loops": 1
                                                },
                                                {
                                                    "Worker Number": 1,
                                                    "Actual Startup Time": 76.508,
                                                    "Actual Total Time": 76.51,
                                                    "Actual Rows": 54666,
                                                    "Actual Loops": 1
                                                },
                                                {
                                                    "Worker Number": 2,
                                                    "Actual Startup Time": 76.502,
                                                    "Actual Total Time": 76.503,
                                                    "Actual Rows": 57182,
                                                    "Actual Loops": 1
                                                },
                                                {
                                                    "Worker Number": 3,
                                                    "Actual Startup Time": 77.24,
                                                    "Actual Total Time": 77.242,
                                                    "Actual Rows": 59897,
                                                    "Actual Loops": 1
                                                }
                                            ],
                                            "Plans": [
                                                {
                                                    "Node Type": "Bitmap Heap Scan",
                                                    "Parent Relationship": "Outer",
                                                    "Parallel Aware": true,
                                                    "Relation Name": "movie_companies",
                                                    "Schema": "public",
                                                    "Alias": "mc",
                                                    "Startup Cost": 8057.88,
                                                    "Total Cost": 28347.07,
                                                    "Plan Rows": 119935,
                                                    "Plan Width": 4,
                                                    "Actual Startup Time": 17.825,
                                                    "Actual Total Time": 48.742,
                                                    "Actual Rows": 75414,
                                                    "Actual Loops": 5,
                                                    "Output": [
                                                        "mc.movie_id"
                                                    ],
                                                    "Recheck Cond": "(mc.company_id > 84725)",
                                                    "Rows Removed by Index Recheck": 0,
                                                    "Exact Heap Blocks": 2513,
                                                    "Lossy Heap Blocks": 0,
                                                    "Workers": [
                                                        {
                                                            "Worker Number": 0,
                                                            "Actual Startup Time": 16.485,
                                                            "Actual Total Time": 48.929,
                                                            "Actual Rows": 55986,
                                                            "Actual Loops": 1
                                                        },
                                                        {
                                                            "Worker Number": 1,
                                                            "Actual Startup Time": 16.668,
                                                            "Actual Total Time": 48.071,
                                                            "Actual Rows": 54666,
                                                            "Actual Loops": 1
                                                        },
                                                        {
                                                            "Worker Number": 2,
                                                            "Actual Startup Time": 16.567,
                                                            "Actual Total Time": 48.311,
                                                            "Actual Rows": 57182,
                                                            "Actual Loops": 1
                                                        },
                                                        {
                                                            "Worker Number": 3,
                                                            "Actual Startup Time": 17.296,
                                                            "Actual Total Time": 50.0,
                                                            "Actual Rows": 59897,
                                                            "Actual Loops": 1
                                                        }
                                                    ],
                                                    "Plans": [
                                                        {
                                                            "Node Type": "Bitmap Index Scan",
                                                            "Parent Relationship": "Outer",
                                                            "Parallel Aware": false,
                                                            "Index Name": "company_id_movie_companies",
                                                            "Startup Cost": 0.0,
                                                            "Total Cost": 7964.93,
                                                            "Plan Rows": 371800,
                                                            "Plan Width": 0,
                                                            "Actual Startup Time": 21.351,
                                                            "Actual Total Time": 21.351,
                                                            "Actual Rows": 377070,
                                                            "Actual Loops": 1,
                                                            "Index Cond": "(mc.company_id > 84725)"
                                                        }
                                                    ]
                                                }
                                            ]
                                        }
                                    ]
                                }
                            ]
                        }
                    ]
                }
            ]
        },
        "Planning Time": 192.837,
        "Triggers": [],
        "Execution Time": 272.473
    }
]