[
  {
    "Plan": {
      "Node Type": "Aggregate",
      "Strategy": "Plain",
      "Partial Mode": "Finalize",
      "Parallel Aware": false,
      "Startup Cost": 44459.21,
      "Total Cost": 44459.22,
      "Plan Rows": 1,
      "Plan Width": 8,
      "Actual Startup Time": 130.801,
      "Actual Total Time": 140.324,
      "Actual Rows": 1,
      "Actual Loops": 1,
      "Plans": [
        {
          "Node Type": "Gather",
          "Parent Relationship": "Outer",
          "Parallel Aware": false,
          "Startup Cost": 44458.9,
          "Total Cost": 44459.21,
          "Plan Rows": 3,
          "Plan Width": 8,
          "Actual Startup Time": 130.705,
          "Actual Total Time": 140.315,
          "Actual Rows": 4,
          "Actual Loops": 1,
          "Workers Planned": 3,
          "Workers Launched": 3,
          "Single Copy": false,
          "Plans": [
            {
              "Node Type": "Aggregate",
              "Strategy": "Plain",
              "Partial Mode": "Partial",
              "Parent Relationship": "Outer",
              "Parallel Aware": false,
              "Startup Cost": 43458.9,
              "Total Cost": 43458.91,
              "Plan Rows": 1,
              "Plan Width": 8,
              "Actual Startup Time": 124.103,
              "Actual Total Time": 124.104,
              "Actual Rows": 1,
              "Actual Loops": 4,
              "Plans": [
                {
                  "Node Type": "Seq Scan",
                  "Parent Relationship": "Outer",
                  "Parallel Aware": true,
                  "Relation Name": "movie_keyword",
                  "Alias": "mk",
                  "Startup Cost": 0.0,
                  "Total Cost": 42695.65,
                  "Plan Rows": 305297,
                  "Plan Width": 0,
                  "Actual Startup Time": 4.273,
                  "Actual Total Time": 111.233,
                  "Actual Rows": 236755,
                  "Actual Loops": 4,
                  "Filter": "(keyword_id > 20036)",
                  "Rows Removed by Filter": 894227
                }
              ]
            }
          ]
        }
      ]
    },
    "Planning Time": 0.18,
    "Triggers": [],
    "Execution Time": 140.38
  }
]