[
  {
    "Plan": {
      "Node Type": "Aggregate",
      "Strategy": "Plain",
      "Partial Mode": "Finalize",
      "Parallel Aware": false,
      "Startup Cost": 327717.13,
      "Total Cost": 327717.14,
      "Plan Rows": 1,
      "Plan Width": 8,
      "Actual Startup Time": 6462.549,
      "Actual Total Time": 6516.107,
      "Actual Rows": 1,
      "Actual Loops": 1,
      "Plans": [
        {
          "Node Type": "Gather",
          "Parent Relationship": "Outer",
          "Parallel Aware": false,
          "Startup Cost": 327716.61,
          "Total Cost": 327717.12,
          "Plan Rows": 5,
          "Plan Width": 8,
          "Actual Startup Time": 6418.372,
          "Actual Total Time": 6516.093,
          "Actual Rows": 6,
          "Actual Loops": 1,
          "Workers Planned": 5,
          "Workers Launched": 5,
          "Single Copy": false,
          "Plans": [
            {
              "Node Type": "Aggregate",
              "Strategy": "Plain",
              "Partial Mode": "Partial",
              "Parent Relationship": "Outer",
              "Parallel Aware": false,
              "Startup Cost": 326716.61,
              "Total Cost": 326716.62,
              "Plan Rows": 1,
              "Plan Width": 8,
              "Actual Startup Time": 6305.637,
              "Actual Total Time": 6306.53,
              "Actual Rows": 1,
              "Actual Loops": 6,
              "Plans": [
                {
                  "Node Type": "Hash Join",
                  "Parent Relationship": "Outer",
                  "Parallel Aware": true,
                  "Join Type": "Inner",
                  "Startup Cost": 103727.25,
                  "Total Cost": 320878.83,
                  "Plan Rows": 2335112,
                  "Plan Width": 0,
                  "Actual Startup Time": 1553.553,
                  "Actual Total Time": 4989.185,
                  "Actual Rows": 20120224,
                  "Actual Loops": 6,
                  "Inner Unique": false,
                  "Hash Cond": "(mi.movie_id = t.id)",
                  "Plans": [
                    {
                      "Node Type": "Seq Scan",
                      "Parent Relationship": "Outer",
                      "Parallel Aware": true,
                      "Relation Name": "movie_info",
                      "Alias": "mi",
                      "Startup Cost": 0.0,
                      "Total Cost": 199108.24,
                      "Plan Rows": 2802861,
                      "Plan Width": 4,
                      "Actual Startup Time": 0.041,
                      "Actual Total Time": 555.341,
                      "Actual Rows": 2338930,
                      "Actual Loops": 6,
                      "Filter": "(info_type_id > 1)",
                      "Rows Removed by Filter": 133690
                    },
                    {
                      "Node Type": "Hash",
                      "Parent Relationship": "Inner",
                      "Parallel Aware": true,
                      "Startup Cost": 95233.41,
                      "Total Cost": 95233.41,
                      "Plan Rows": 679507,
                      "Plan Width": 8,
                      "Actual Startup Time": 1526.544,
                      "Actual Total Time": 1527.435,
                      "Actual Rows": 402202,
                      "Actual Loops": 6,
                      "Hash Buckets": 4194304,
                      "Original Hash Buckets": 4194304,
                      "Hash Batches": 1,
                      "Original Hash Batches": 1,
                      "Peak Memory Usage": 127232,
                      "Plans": [
                        {
                          "Node Type": "Hash Join",
                          "Parent Relationship": "Outer",
                          "Parallel Aware": true,
                          "Join Type": "Inner",
                          "Startup Cost": 50354.42,
                          "Total Cost": 95233.41,
                          "Plan Rows": 679507,
                          "Plan Width": 8,
                          "Actual Startup Time": 705.054,
                          "Actual Total Time": 1021.422,
                          "Actual Rows": 402202,
                          "Actual Loops": 6,
                          "Inner Unique": true,
                          "Hash Cond": "(mk.movie_id = t.id)",
                          "Plans": [
                            {
                              "Node Type": "Seq Scan",
                              "Parent Relationship": "Outer",
                              "Parallel Aware": true,
                              "Relation Name": "movie_keyword",
                              "Alias": "mk",
                              "Startup Cost": 0.0,
                              "Total Cost": 42695.65,
                              "Plan Rows": 831747,
                              "Plan Width": 4,
                              "Actual Startup Time": 0.034,
                              "Actual Total Time": 156.96,
                              "Actual Rows": 431490,
                              "Actual Loops": 6,
                              "Filter": "(keyword_id < 6857)",
                              "Rows Removed by Filter": 322498
                            },
                            {
                              "Node Type": "Hash",
                              "Parent Relationship": "Inner",
                              "Parallel Aware": true,
                              "Startup Cost": 43899.32,
                              "Total Cost": 43899.32,
                              "Plan Rows": 516408,
                              "Plan Width": 4,
                              "Actual Startup Time": 692.722,
                              "Actual Total Time": 692.723,
                              "Actual Rows": 344092,
                              "Actual Loops": 6,
                              "Hash Buckets": 2097152,
                              "Original Hash Buckets": 2097152,
                              "Hash Batches": 1,
                              "Original Hash Batches": 1,
                              "Peak Memory Usage": 97280,
                              "Plans": [
                                {
                                  "Node Type": "Seq Scan",
                                  "Parent Relationship": "Outer",
                                  "Parallel Aware": true,
                                  "Relation Name": "title",
                                  "Alias": "t",
                                  "Startup Cost": 0.0,
                                  "Total Cost": 43899.32,
                                  "Plan Rows": 516408,
                                  "Plan Width": 4,
                                  "Actual Startup Time": 0.076,
                                  "Actual Total Time": 170.791,
                                  "Actual Rows": 344092,
                                  "Actual Loops": 6,
                                  "Filter": "(production_year < 2011)",
                                  "Rows Removed by Filter": 77293
                                }
                              ]
                            }
                          ]
                        }
                      ]
                    }
                  ]
                }
              ]
            }
          ]
        }
      ]
    },
    "Planning Time": 1.847,
    "Triggers": [],
    "Execution Time": 6516.209
  }
]