{
  "Plan": {
    "Node Type": "Aggregate",
    "Strategy": "Plain",
    "Partial Mode": "Finalize",
    "Parallel Aware": false,
    "Startup Cost": 149441.17,
    "Total Cost": 149441.18,
    "Plan Rows": 1,
    "Plan Width": 8,
    "Actual Startup Time": 607.419,
    "Actual Total Time": 628.597,
    "Actual Rows": 1,
    "Actual Loops": 1,
    "Plans": [
      {
        "Node Type": "Gather",
        "Parent Relationship": "Outer",
        "Parallel Aware": false,
        "Startup Cost": 149441.06,
        "Total Cost": 149441.17,
        "Plan Rows": 1,
        "Plan Width": 8,
        "Actual Startup Time": 606.809,
        "Actual Total Time": 628.591,
        "Actual Rows": 2,
        "Actual Loops": 1,
        "Workers Planned": 1,
        "Workers Launched": 1,
        "Single Copy": false,
        "Plans": [
          {
            "Node Type": "Aggregate",
            "Strategy": "Plain",
            "Partial Mode": "Partial",
            "Parent Relationship": "Outer",
            "Parallel Aware": false,
            "Startup Cost": 148441.06,
            "Total Cost": 148441.07,
            "Plan Rows": 1,
            "Plan Width": 8,
            "Actual Startup Time": 600.442,
            "Actual Total Time": 600.448,
            "Actual Rows": 1,
            "Actual Loops": 2,
            "Plans": [
              {
                "Node Type": "Hash Join",
                "Parent Relationship": "Outer",
                "Parallel Aware": true,
                "Join Type": "Inner",
                "Startup Cost": 85448.99,
                "Total Cost": 148380.78,
                "Plan Rows": 24113,
                "Plan Width": 0,
                "Actual Startup Time": 308.084,
                "Actual Total Time": 588.524,
                "Actual Rows": 310660,
                "Actual Loops": 2,
                "Inner Unique": false,
                "Hash Cond": "(mk.movie_id = t.id)",
                "Plans": [
                  {
                    "Node Type": "Seq Scan",
                    "Parent Relationship": "Outer",
                    "Parallel Aware": true,
                    "Relation Name": "movie_keyword",
                    "Alias": "mk",
                    "Startup Cost": 0.0,
                    "Total Cost": 57718.19,
                    "Plan Rows": 1352468,
                    "Plan Width": 4,
                    "Actual Startup Time": 0.023,
                    "Actual Total Time": 178.637,
                    "Actual Rows": 1151772,
                    "Actual Loops": 2,
                    "Filter": "(keyword_id < 4935)",
                    "Rows Removed by Filter": 1110192
                  },
                  {
                    "Node Type": "Hash",
                    "Parent Relationship": "Inner",
                    "Parallel Aware": true,
                    "Startup Cost": 85117.54,
                    "Total Cost": 85117.54,
                    "Plan Rows": 26516,
                    "Plan Width": 8,
                    "Actual Startup Time": 306.455,
                    "Actual Total Time": 306.46,
                    "Actual Rows": 27248,
                    "Actual Loops": 2,
                    "Hash Buckets": 65536,
                    "Original Hash Buckets": 65536,
                    "Hash Batches": 1,
                    "Original Hash Batches": 1,
                    "Peak Memory Usage": 2656,
                    "Plans": [
                      {
                        "Node Type": "Hash Join",
                        "Parent Relationship": "Outer",
                        "Parallel Aware": true,
                        "Join Type": "Inner",
                        "Startup Cost": 26728.23,
                        "Total Cost": 85117.54,
                        "Plan Rows": 26516,
                        "Plan Width": 8,
                        "Actual Startup Time": 98.011,
                        "Actual Total Time": 299.554,
                        "Actual Rows": 27248,
                        "Actual Loops": 2,
                        "Inner Unique": false,
                        "Hash Cond": "(t.id = mc.movie_id)",
                        "Plans": [
                          {
                            "Node Type": "Seq Scan",
                            "Parent Relationship": "Outer",
                            "Parallel Aware": true,
                            "Relation Name": "title",
                            "Alias": "t",
                            "Startup Cost": 0.0,
                            "Total Cost": 54588.39,
                            "Plan Rows": 583193,
                            "Plan Width": 4,
                            "Actual Startup Time": 0.011,
                            "Actual Total Time": 127.396,
                            "Actual Rows": 492524,
                            "Actual Loops": 2,
                            "Filter": "(kind_id < 7)",
                            "Rows Removed by Filter": 771632
                          },
                          {
                            "Node Type": "Hash",
                            "Parent Relationship": "Inner",
                            "Parallel Aware": true,
                            "Startup Cost": 25882.99,
                            "Total Cost": 25882.99,
                            "Plan Rows": 67619,
                            "Plan Width": 4,
                            "Actual Startup Time": 96.815,
                            "Actual Total Time": 96.817,
                            "Actual Rows": 89138,
                            "Actual Loops": 2,
                            "Hash Buckets": 262144,
                            "Original Hash Buckets": 131072,
                            "Hash Batches": 1,
                            "Original Hash Batches": 1,
                            "Peak Memory Usage": 10080,
                            "Plans": [
                              {
                                "Node Type": "Bitmap Heap Scan",
                                "Parent Relationship": "Outer",
                                "Parallel Aware": true,
                                "Relation Name": "movie_companies",
                                "Alias": "mc",
                                "Startup Cost": 5032.55,
                                "Total Cost": 25882.99,
                                "Plan Rows": 67619,
                                "Plan Width": 4,
                                "Actual Startup Time": 28.338,
                                "Actual Total Time": 74.535,
                                "Actual Rows": 89138,
                                "Actual Loops": 2,
                                "Recheck Cond": "(company_id < 93)",
                                "Rows Removed by Index Recheck": 0,
                                "Filter": "(company_type_id < 2)",
                                "Rows Removed by Filter": 27195,
                                "Exact Heap Blocks": 12287,
                                "Lossy Heap Blocks": 0,
                                "Plans": [
                                  {
                                    "Node Type": "Bitmap Index Scan",
                                    "Parent Relationship": "Outer",
                                    "Parallel Aware": false,
                                    "Index Name": "company_id_movie_companies",
                                    "Startup Cost": 0.0,
                                    "Total Cost": 5003.81,
                                    "Plan Rows": 233517,
                                    "Plan Width": 0,
                                    "Actual Startup Time": 28.615,
                                    "Actual Total Time": 28.616,
                                    "Actual Rows": 232665,
                                    "Actual Loops": 1,
                                    "Index Cond": "(company_id < 93)"
                                  }
                                ]
                              }
                            ]
                          }
                        ]
                      }
                    ]
                  }
                ]
              }
            ]
          }
        ]
      }
    ]
  },
  "Planning Time": 1.015,
  "Triggers": [],
  "Execution Time": 628.697
}