[
  {
    "Plan": {
      "Node Type": "Aggregate",
      "Strategy": "Plain",
      "Partial Mode": "Finalize",
      "Parallel Aware": false,
      "Startup Cost": 31795.62,
      "Total Cost": 31795.63,
      "Plan Rows": 1,
      "Plan Width": 8,
      "Actual Startup Time": 33.743,
      "Actual Total Time": 41.62,
      "Actual Rows": 1,
      "Actual Loops": 1,
      "Plans": [
        {
          "Node Type": "Gather",
          "Parent Relationship": "Outer",
          "Parallel Aware": false,
          "Startup Cost": 31795.4,
          "Total Cost": 31795.61,
          "Plan Rows": 2,
          "Plan Width": 8,
          "Actual Startup Time": 33.488,
          "Actual Total Time": 41.612,
          "Actual Rows": 3,
          "Actual Loops": 1,
          "Workers Planned": 2,
          "Workers Launched": 2,
          "Single Copy": false,
          "Plans": [
            {
              "Node Type": "Aggregate",
              "Strategy": "Plain",
              "Partial Mode": "Partial",
              "Parent Relationship": "Outer",
              "Parallel Aware": false,
              "Startup Cost": 30795.4,
              "Total Cost": 30795.41,
              "Plan Rows": 1,
              "Plan Width": 8,
              "Actual Startup Time": 27.575,
              "Actual Total Time": 27.576,
              "Actual Rows": 1,
              "Actual Loops": 3,
              "Plans": [
                {
                  "Node Type": "Nested Loop",
                  "Parent Relationship": "Outer",
                  "Parallel Aware": false,
                  "Join Type": "Inner",
                  "Startup Cost": 125.27,
                  "Total Cost": 30789.43,
                  "Plan Rows": 2388,
                  "Plan Width": 0,
                  "Actual Startup Time": 2.262,
                  "Actual Total Time": 27.292,
                  "Actual Rows": 1442,
                  "Actual Loops": 3,
                  "Inner Unique": true,
                  "Plans": [
                    {
                      "Node Type": "Bitmap Heap Scan",
                      "Parent Relationship": "Outer",
                      "Parallel Aware": true,
                      "Relation Name": "movie_keyword",
                      "Alias": "mk",
                      "Startup Cost": 124.84,
                      "Total Cost": 13625.77,
                      "Plan Rows": 2388,
                      "Plan Width": 4,
                      "Actual Startup Time": 2.097,
                      "Actual Total Time": 9.87,
                      "Actual Rows": 1442,
                      "Actual Loops": 3,
                      "Recheck Cond": "(keyword_id = 585)",
                      "Rows Removed by Index Recheck": 0,
                      "Exact Heap Blocks": 2511,
                      "Lossy Heap Blocks": 0,
                      "Plans": [
                        {
                          "Node Type": "Bitmap Index Scan",
                          "Parent Relationship": "Outer",
                          "Parallel Aware": false,
                          "Index Name": "keyword_id_movie_keyword",
                          "Startup Cost": 0.0,
                          "Total Cost": 123.41,
                          "Plan Rows": 5730,
                          "Plan Width": 0,
                          "Actual Startup Time": 3.663,
                          "Actual Total Time": 3.664,
                          "Actual Rows": 4326,
                          "Actual Loops": 1,
                          "Index Cond": "(keyword_id = 585)"
                        }
                      ]
                    },
                    {
                      "Node Type": "Index Only Scan",
                      "Parent Relationship": "Inner",
                      "Parallel Aware": false,
                      "Scan Direction": "Forward",
                      "Index Name": "title_pkey",
                      "Relation Name": "title",
                      "Alias": "t",
                      "Startup Cost": 0.43,
                      "Total Cost": 7.19,
                      "Plan Rows": 1,
                      "Plan Width": 4,
                      "Actual Startup Time": 0.011,
                      "Actual Total Time": 0.011,
                      "Actual Rows": 1,
                      "Actual Loops": 4326,
                      "Index Cond": "(id = mk.movie_id)",
                      "Rows Removed by Index Recheck": 0,
                      "Heap Fetches": 4326
                    }
                  ]
                }
              ]
            }
          ]
        }
      ]
    },
    "Planning Time": 0.501,
    "Triggers": [],
    "Execution Time": 41.736
  }
]