{
  "Plan": {
    "Node Type": "Aggregate",
    "Strategy": "Plain",
    "Partial Mode": "Simple",
    "Parallel Aware": false,
    "Startup Cost": 405370.88,
    "Total Cost": 405370.89,
    "Plan Rows": 1,
    "Plan Width": 64,
    "Actual Startup Time": 72893.105,
    "Actual Total Time": 72904.873,
    "Actual Rows": 1,
    "Actual Loops": 1,
    "Plans": [
      {
        "Node Type": "Gather",
        "Parent Relationship": "Outer",
        "Parallel Aware": false,
        "Startup Cost": 243229.85,
        "Total Cost": 405370.88,
        "Plan Rows": 1,
        "Plan Width": 60,
        "Actual Startup Time": 1537.205,
        "Actual Total Time": 72904.67,
        "Actual Rows": 1510,
        "Actual Loops": 1,
        "Workers Planned": 1,
        "Workers Launched": 1,
        "Single Copy": false,
        "Plans": [
          {
            "Node Type": "Nested Loop",
            "Parent Relationship": "Outer",
            "Parallel Aware": false,
            "Join Type": "Inner",
            "Startup Cost": 242229.85,
            "Total Cost": 404370.78,
            "Plan Rows": 1,
            "Plan Width": 60,
            "Actual Startup Time": 1553.297,
            "Actual Total Time": 72797.66,
            "Actual Rows": 755,
            "Actual Loops": 2,
            "Inner Unique": true,
            "Plans": [
              {
                "Node Type": "Nested Loop",
                "Parent Relationship": "Outer",
                "Parallel Aware": false,
                "Join Type": "Inner",
                "Startup Cost": 242229.71,
                "Total Cost": 404368.5,
                "Plan Rows": 12,
                "Plan Width": 64,
                "Actual Startup Time": 1553.283,
                "Actual Total Time": 72796.909,
                "Actual Rows": 755,
                "Actual Loops": 2,
                "Inner Unique": false,
                "Join Filter": "(t.id = mi.movie_id)",
                "Rows Removed by Join Filter": 0,
                "Plans": [
                  {
                    "Node Type": "Hash Join",
                    "Parent Relationship": "Outer",
                    "Parallel Aware": false,
                    "Join Type": "Inner",
                    "Startup Cost": 242229.28,
                    "Total Cost": 303804.07,
                    "Plan Rows": 62321,
                    "Plan Width": 33,
                    "Actual Startup Time": 1524.996,
                    "Actual Total Time": 2691.082,
                    "Actual Rows": 2409406,
                    "Actual Loops": 2,
                    "Inner Unique": true,
                    "Hash Cond": "(mk.keyword_id = k.id)",
                    "Plans": [
                      {
                        "Node Type": "Hash Join",
                        "Parent Relationship": "Outer",
                        "Parallel Aware": true,
                        "Join Type": "Inner",
                        "Startup Cost": 238261.45,
                        "Total Cost": 299672.65,
                        "Plan Rows": 62321,
                        "Plan Width": 37,
                        "Actual Startup Time": 1474.434,
                        "Actual Total Time": 2148.487,
                        "Actual Rows": 2409406,
                        "Actual Loops": 2,
                        "Inner Unique": false,
                        "Hash Cond": "(mk.movie_id = t.id)",
                        "Plans": [
                          {
                            "Node Type": "Seq Scan",
                            "Parent Relationship": "Outer",
                            "Parallel Aware": true,
                            "Relation Name": "movie_keyword",
                            "Alias": "mk",
                            "Startup Cost": 0.0,
                            "Total Cost": 51065.35,
                            "Plan Rows": 2661135,
                            "Plan Width": 8,
                            "Actual Startup Time": 0.029,
                            "Actual Total Time": 170.137,
                            "Actual Rows": 2261965,
                            "Actual Loops": 2
                          },
                          {
                            "Node Type": "Hash",
                            "Parent Relationship": "Inner",
                            "Parallel Aware": true,
                            "Startup Cost": 237826.1,
                            "Total Cost": 237826.1,
                            "Plan Rows": 34828,
                            "Plan Width": 29,
                            "Actual Startup Time": 1473.886,
                            "Actual Total Time": 1473.895,
                            "Actual Rows": 40724,
                            "Actual Loops": 2,
                            "Hash Buckets": 131072,
                            "Original Hash Buckets": 65536,
                            "Hash Batches": 1,
                            "Original Hash Batches": 1,
                            "Peak Memory Usage": 6848,
                            "Plans": [
                              {
                                "Node Type": "Merge Join",
                                "Parent Relationship": "Outer",
                                "Parallel Aware": false,
                                "Join Type": "Inner",
                                "Startup Cost": 236571.97,
                                "Total Cost": 237826.1,
                                "Plan Rows": 34828,
                                "Plan Width": 29,
                                "Actual Startup Time": 1397.613,
                                "Actual Total Time": 1453.828,
                                "Actual Rows": 40724,
                                "Actual Loops": 2,
                                "Inner Unique": true,
                                "Merge Cond": "(mc.company_id = cn.id)",
                                "Plans": [
                                  {
                                    "Node Type": "Sort",
                                    "Parent Relationship": "Outer",
                                    "Parallel Aware": false,
                                    "Startup Cost": 223659.3,
                                    "Total Cost": 223899.36,
                                    "Plan Rows": 96026,
                                    "Plan Width": 33,
                                    "Actual Startup Time": 1354.959,
                                    "Actual Total Time": 1375.591,
                                    "Actual Rows": 204366,
                                    "Actual Loops": 2,
                                    "Sort Key": [
                                      "mc.company_id"
                                    ],
                                    "Sort Method": "quicksort",
                                    "Sort Space Used": 24031,
                                    "Sort Space Type": "Memory",
                                    "Workers": [
                                      {
                                        "Worker Number": 0,
                                        "Sort Method": "quicksort",
                                        "Sort Space Used": 22666,
                                        "Sort Space Type": "Memory"
                                      }
                                    ],
                                    "Plans": [
                                      {
                                        "Node Type": "Hash Join",
                                        "Parent Relationship": "Outer",
                                        "Parallel Aware": false,
                                        "Join Type": "Inner",
                                        "Startup Cost": 209071.45,
                                        "Total Cost": 215712.6,
                                        "Plan Rows": 96026,
                                        "Plan Width": 33,
                                        "Actual Startup Time": 1125.862,
                                        "Actual Total Time": 1301.384,
                                        "Actual Rows": 204366,
                                        "Actual Loops": 2,
                                        "Inner Unique": true,
                                        "Hash Cond": "(mc.company_type_id = ct.id)",
                                        "Plans": [
                                          {
                                            "Node Type": "Merge Join",
                                            "Parent Relationship": "Outer",
                                            "Parallel Aware": false,
                                            "Join Type": "Inner",
                                            "Startup Cost": 209070.36,
                                            "Total Cost": 215192.38,
                                            "Plan Rows": 96026,
                                            "Plan Width": 37,
                                            "Actual Startup Time": 1125.821,
                                            "Actual Total Time": 1275.029,
                                            "Actual Rows": 204366,
                                            "Actual Loops": 2,
                                            "Inner Unique": false,
                                            "Merge Cond": "(t.id = at.movie_id)",
                                            "Plans": [
                                              {
                                                "Node Type": "Sort",
                                                "Parent Relationship": "Outer",
                                                "Parallel Aware": false,
                                                "Startup Cost": 165892.97,
                                                "Total Cost": 167572.02,
                                                "Plan Rows": 671621,
                                                "Plan Width": 33,
                                                "Actual Startup Time": 1006.18,
                                                "Actual Total Time": 1026.049,
                                                "Actual Rows": 458545,
                                                "Actual Loops": 2,
                                                "Sort Key": [
                                                  "t.id"
                                                ],
                                                "Sort Method": "quicksort",
                                                "Sort Space Used": 52330,
                                                "Sort Space Type": "Memory",
                                                "Workers": [
                                                  {
                                                    "Worker Number": 0,
                                                    "Sort Method": "quicksort",
                                                    "Sort Space Used": 50755,
                                                    "Sort Space Type": "Memory"
                                                  }
                                                ],
                                                "Plans": [
                                                  {
                                                    "Node Type": "Hash Join",
                                                    "Parent Relationship": "Outer",
                                                    "Parallel Aware": true,
                                                    "Join Type": "Inner",
                                                    "Startup Cost": 62722.53,
                                                    "Total Cost": 100889.17,
                                                    "Plan Rows": 671621,
                                                    "Plan Width": 33,
                                                    "Actual Startup Time": 415.208,
                                                    "Actual Total Time": 865.413,
                                                    "Actual Rows": 458566,
                                                    "Actual Loops": 2,
                                                    "Inner Unique": true,
                                                    "Hash Cond": "(mc.movie_id = t.id)",
                                                    "Plans": [
                                                      {
                                                        "Node Type": "Seq Scan",
                                                        "Parent Relationship": "Outer",
                                                        "Parallel Aware": true,
                                                        "Relation Name": "movie_companies",
                                                        "Alias": "mc",
                                                        "Startup Cost": 0.0,
                                                        "Total Cost": 34137.82,
                                                        "Plan Rows": 1534782,
                                                        "Plan Width": 12,
                                                        "Actual Startup Time": 0.012,
                                                        "Actual Total Time": 104.418,
                                                        "Actual Rows": 1304564,
                                                        "Actual Loops": 2
                                                      },
                                                      {
                                                        "Node Type": "Hash",
                                                        "Parent Relationship": "Inner",
                                                        "Parallel Aware": true,
                                                        "Startup Cost": 54587.68,
                                                        "Total Cost": 54587.68,
                                                        "Plan Rows": 650788,
                                                        "Plan Width": 21,
                                                        "Actual Startup Time": 405.36,
                                                        "Actual Total Time": 405.361,
                                                        "Actual Rows": 553962,
                                                        "Actual Loops": 2,
                                                        "Hash Buckets": 2097152,
                                                        "Original Hash Buckets": 2097152,
                                                        "Hash Batches": 1,
                                                        "Original Hash Batches": 1,
                                                        "Peak Memory Usage": 78560,
                                                        "Plans": [
                                                          {
                                                            "Node Type": "Seq Scan",
                                                            "Parent Relationship": "Outer",
                                                            "Parallel Aware": true,
                                                            "Relation Name": "title",
                                                            "Alias": "t",
                                                            "Startup Cost": 0.0,
                                                            "Total Cost": 54587.68,
                                                            "Plan Rows": 650788,
                                                            "Plan Width": 21,
                                                            "Actual Startup Time": 0.027,
                                                            "Actual Total Time": 180.742,
                                                            "Actual Rows": 553962,
                                                            "Actual Loops": 2,
                                                            "Filter": "(production_year > 2004)",
                                                            "Rows Removed by Filter": 710194
                                                          }
                                                        ]
                                                      }
                                                    ]
                                                  }
                                                ]
                                              },
                                              {
                                                "Node Type": "Sort",
                                                "Parent Relationship": "Inner",
                                                "Parallel Aware": false,
                                                "Startup Cost": 43176.96,
                                                "Total Cost": 44080.64,
                                                "Plan Rows": 361472,
                                                "Plan Width": 4,
                                                "Actual Startup Time": 119.584,
                                                "Actual Total Time": 171.813,
                                                "Actual Rows": 526384,
                                                "Actual Loops": 2,
                                                "Sort Key": [
                                                  "at.movie_id"
                                                ],
                                                "Sort Method": "quicksort",
                                                "Sort Space Used": 29233,
                                                "Sort Space Type": "Memory",
                                                "Workers": [
                                                  {
                                                    "Worker Number": 0,
                                                    "Sort Method": "quicksort",
                                                    "Sort Space Used": 29233,
                                                    "Sort Space Type": "Memory"
                                                  }
                                                ],
                                                "Plans": [
                                                  {
                                                    "Node Type": "Seq Scan",
                                                    "Parent Relationship": "Outer",
                                                    "Parallel Aware": false,
                                                    "Relation Name": "aka_title",
                                                    "Alias": "at",
                                                    "Startup Cost": 0.0,
                                                    "Total Cost": 9806.72,
                                                    "Plan Rows": 361472,
                                                    "Plan Width": 4,
                                                    "Actual Startup Time": 0.041,
                                                    "Actual Total Time": 40.417,
                                                    "Actual Rows": 361472,
                                                    "Actual Loops": 2
                                                  }
                                                ]
                                              }
                                            ]
                                          },
                                          {
                                            "Node Type": "Hash",
                                            "Parent Relationship": "Inner",
                                            "Parallel Aware": false,
                                            "Startup Cost": 1.04,
                                            "Total Cost": 1.04,
                                            "Plan Rows": 4,
                                            "Plan Width": 4,
                                            "Actual Startup Time": 0.025,
                                            "Actual Total Time": 0.026,
                                            "Actual Rows": 4,
                                            "Actual Loops": 2,
                                            "Hash Buckets": 1024,
                                            "Original Hash Buckets": 1024,
                                            "Hash Batches": 1,
                                            "Original Hash Batches": 1,
                                            "Peak Memory Usage": 9,
                                            "Plans": [
                                              {
                                                "Node Type": "Seq Scan",
                                                "Parent Relationship": "Outer",
                                                "Parallel Aware": false,
                                                "Relation Name": "company_type",
                                                "Alias": "ct",
                                                "Startup Cost": 0.0,
                                                "Total Cost": 1.04,
                                                "Plan Rows": 4,
                                                "Plan Width": 4,
                                                "Actual Startup Time": 0.018,
                                                "Actual Total Time": 0.019,
                                                "Actual Rows": 4,
                                                "Actual Loops": 2
                                              }
                                            ]
                                          }
                                        ]
                                      }
                                    ]
                                  },
                                  {
                                    "Node Type": "Sort",
                                    "Parent Relationship": "Inner",
                                    "Parallel Aware": false,
                                    "Startup Cost": 12912.67,
                                    "Total Cost": 13125.75,
                                    "Plan Rows": 85233,
                                    "Plan Width": 4,
                                    "Actual Startup Time": 42.645,
                                    "Actual Total Time": 51.813,
                                    "Actual Rows": 84843,
                                    "Actual Loops": 2,
                                    "Sort Key": [
                                      "cn.id"
                                    ],
                                    "Sort Method": "quicksort",
                                    "Sort Space Used": 7050,
                                    "Sort Space Type": "Memory",
                                    "Workers": [
                                      {
                                        "Worker Number": 0,
                                        "Sort Method": "quicksort",
                                        "Sort Space Used": 7050,
                                        "Sort Space Type": "Memory"
                                      }
                                    ],
                                    "Plans": [
                                      {
                                        "Node Type": "Seq Scan",
                                        "Parent Relationship": "Outer",
                                        "Parallel Aware": false,
                                        "Relation Name": "company_name",
                                        "Alias": "cn",
                                        "Startup Cost": 0.0,
                                        "Total Cost": 5932.46,
                                        "Plan Rows": 85233,
                                        "Plan Width": 4,
                                        "Actual Startup Time": 0.034,
                                        "Actual Total Time": 24.578,
                                        "Actual Rows": 84843,
                                        "Actual Loops": 2,
                                        "Filter": "((country_code)::text = '[us]'::text)",
                                        "Rows Removed by Filter": 150154
                                      }
                                    ]
                                  }
                                ]
                              }
                            ]
                          }
                        ]
                      },
                      {
                        "Node Type": "Hash",
                        "Parent Relationship": "Inner",
                        "Parallel Aware": false,
                        "Startup Cost": 2290.7,
                        "Total Cost": 2290.7,
                        "Plan Rows": 134170,
                        "Plan Width": 4,
                        "Actual Startup Time": 48.52,
                        "Actual Total Time": 48.521,
                        "Actual Rows": 134170,
                        "Actual Loops": 2,
                        "Hash Buckets": 262144,
                        "Original Hash Buckets": 262144,
                        "Hash Batches": 1,
                        "Original Hash Batches": 1,
                        "Peak Memory Usage": 6765,
                        "Plans": [
                          {
                            "Node Type": "Seq Scan",
                            "Parent Relationship": "Outer",
                            "Parallel Aware": false,
                            "Relation Name": "keyword",
                            "Alias": "k",
                            "Startup Cost": 0.0,
                            "Total Cost": 2290.7,
                            "Plan Rows": 134170,
                            "Plan Width": 4,
                            "Actual Startup Time": 0.05,
                            "Actual Total Time": 20.778,
                            "Actual Rows": 134170,
                            "Actual Loops": 2
                          }
                        ]
                      }
                    ]
                  },
                  {
                    "Node Type": "Index Scan",
                    "Parent Relationship": "Inner",
                    "Parallel Aware": false,
                    "Scan Direction": "Forward",
                    "Index Name": "movie_id_movie_info",
                    "Relation Name": "movie_info",
                    "Alias": "mi",
                    "Startup Cost": 0.43,
                    "Total Cost": 1.6,
                    "Plan Rows": 1,
                    "Plan Width": 51,
                    "Actual Startup Time": 0.029,
                    "Actual Total Time": 0.029,
                    "Actual Rows": 0,
                    "Actual Loops": 4818811,
                    "Index Cond": "(movie_id = mk.movie_id)",
                    "Rows Removed by Index Recheck": 0,
                    "Filter": "((info IS NOT NULL) AND (note ~~ '%internet%'::text) AND ((info ~~ 'USA:% 199%'::text) OR (info ~~ 'USA:% 200%'::text)))",
                    "Rows Removed by Filter": 205
                  }
                ]
              },
              {
                "Node Type": "Index Scan",
                "Parent Relationship": "Inner",
                "Parallel Aware": false,
                "Scan Direction": "Forward",
                "Index Name": "info_type_pkey",
                "Relation Name": "info_type",
                "Alias": "it1",
                "Startup Cost": 0.14,
                "Total Cost": 0.19,
                "Plan Rows": 1,
                "Plan Width": 4,
                "Actual Startup Time": 0.001,
                "Actual Total Time": 0.001,
                "Actual Rows": 1,
                "Actual Loops": 1510,
                "Index Cond": "(id = mi.info_type_id)",
                "Rows Removed by Index Recheck": 0,
                "Filter": "((info)::text = 'release dates'::text)",
                "Rows Removed by Filter": 0
              }
            ]
          }
        ]
      }
    ]
  },
  "Planning Time": 3.234,
  "Triggers": [],
  "Execution Time": 72905.13
}