[
  {
    "Plan": {
      "Node Type": "Aggregate",
      "Strategy": "Plain",
      "Partial Mode": "Finalize",
      "Parallel Aware": false,
      "Startup Cost": 80066.85,
      "Total Cost": 80066.86,
      "Plan Rows": 1,
      "Plan Width": 8,
      "Actual Startup Time": 173.917,
      "Actual Total Time": 194.909,
      "Actual Rows": 1,
      "Actual Loops": 1,
      "Plans": [
        {
          "Node Type": "Gather",
          "Parent Relationship": "Outer",
          "Parallel Aware": false,
          "Startup Cost": 80066.53,
          "Total Cost": 80066.84,
          "Plan Rows": 3,
          "Plan Width": 8,
          "Actual Startup Time": 173.356,
          "Actual Total Time": 194.902,
          "Actual Rows": 4,
          "Actual Loops": 1,
          "Workers Planned": 3,
          "Workers Launched": 3,
          "Single Copy": false,
          "Plans": [
            {
              "Node Type": "Aggregate",
              "Strategy": "Plain",
              "Partial Mode": "Partial",
              "Parent Relationship": "Outer",
              "Parallel Aware": false,
              "Startup Cost": 79066.53,
              "Total Cost": 79066.54,
              "Plan Rows": 1,
              "Plan Width": 8,
              "Actual Startup Time": 169.499,
              "Actual Total Time": 169.503,
              "Actual Rows": 1,
              "Actual Loops": 4,
              "Plans": [
                {
                  "Node Type": "Nested Loop",
                  "Parent Relationship": "Outer",
                  "Parallel Aware": false,
                  "Join Type": "Inner",
                  "Startup Cost": 48045.46,
                  "Total Cost": 79056.95,
                  "Plan Rows": 3831,
                  "Plan Width": 0,
                  "Actual Startup Time": 111.531,
                  "Actual Total Time": 168.978,
                  "Actual Rows": 6672,
                  "Actual Loops": 4,
                  "Inner Unique": false,
                  "Join Filter": "(t.id = mi.movie_id)",
                  "Rows Removed by Join Filter": 0,
                  "Plans": [
                    {
                      "Node Type": "Hash Join",
                      "Parent Relationship": "Outer",
                      "Parallel Aware": true,
                      "Join Type": "Inner",
                      "Startup Cost": 48045.02,
                      "Total Cost": 73056.23,
                      "Plan Rows": 652,
                      "Plan Width": 8,
                      "Actual Startup Time": 111.415,
                      "Actual Total Time": 148.649,
                      "Actual Rows": 518,
                      "Actual Loops": 4,
                      "Inner Unique": true,
                      "Hash Cond": "(mk.movie_id = t.id)",
                      "Plans": [
                        {
                          "Node Type": "Bitmap Heap Scan",
                          "Parent Relationship": "Outer",
                          "Parallel Aware": true,
                          "Relation Name": "movie_keyword",
                          "Alias": "mk",
                          "Startup Cost": 2425.51,
                          "Total Cost": 27340.01,
                          "Plan Rows": 36840,
                          "Plan Width": 4,
                          "Actual Startup Time": 12.079,
                          "Actual Total Time": 42.797,
                          "Actual Rows": 29332,
                          "Actual Loops": 4,
                          "Recheck Cond": "(keyword_id < 114)",
                          "Rows Removed by Index Recheck": 0,
                          "Exact Heap Blocks": 10277,
                          "Lossy Heap Blocks": 0,
                          "Plans": [
                            {
                              "Node Type": "Bitmap Index Scan",
                              "Parent Relationship": "Outer",
                              "Parallel Aware": false,
                              "Index Name": "keyword_id_movie_keyword",
                              "Startup Cost": 0.0,
                              "Total Cost": 2396.96,
                              "Plan Rows": 114204,
                              "Plan Width": 0,
                              "Actual Startup Time": 8.613,
                              "Actual Total Time": 8.614,
                              "Actual Rows": 117326,
                              "Actual Loops": 1,
                              "Index Cond": "(keyword_id < 114)"
                            }
                          ]
                        },
                        {
                          "Node Type": "Hash",
                          "Parent Relationship": "Inner",
                          "Parallel Aware": true,
                          "Startup Cost": 45479.59,
                          "Total Cost": 45479.59,
                          "Plan Rows": 11194,
                          "Plan Width": 4,
                          "Actual Startup Time": 98.825,
                          "Actual Total Time": 98.826,
                          "Actual Rows": 13216,
                          "Actual Loops": 4,
                          "Hash Buckets": 65536,
                          "Original Hash Buckets": 65536,
                          "Hash Batches": 1,
                          "Original Hash Batches": 1,
                          "Peak Memory Usage": 2656,
                          "Plans": [
                            {
                              "Node Type": "Seq Scan",
                              "Parent Relationship": "Outer",
                              "Parallel Aware": true,
                              "Relation Name": "title",
                              "Alias": "t",
                              "Startup Cost": 0.0,
                              "Total Cost": 45479.59,
                              "Plan Rows": 11194,
                              "Plan Width": 4,
                              "Actual Startup Time": 0.028,
                              "Actual Total Time": 93.3,
                              "Actual Rows": 13216,
                              "Actual Loops": 4,
                              "Filter": "((kind_id > 1) AND (production_year = 2002))",
                              "Rows Removed by Filter": 618862
                            }
                          ]
                        }
                      ]
                    },
                    {
                      "Node Type": "Index Only Scan",
                      "Parent Relationship": "Inner",
                      "Parallel Aware": false,
                      "Scan Direction": "Forward",
                      "Index Name": "movie_id_movie_info",
                      "Relation Name": "movie_info",
                      "Alias": "mi",
                      "Startup Cost": 0.43,
                      "Total Cost": 8.69,
                      "Plan Rows": 41,
                      "Plan Width": 4,
                      "Actual Startup Time": 0.013,
                      "Actual Total Time": 0.037,
                      "Actual Rows": 13,
                      "Actual Loops": 2071,
                      "Index Cond": "(movie_id = mk.movie_id)",
                      "Rows Removed by Index Recheck": 0,
                      "Heap Fetches": 26687
                    }
                  ]
                }
              ]
            }
          ]
        }
      ]
    },
    "Planning Time": 0.508,
    "Triggers": [],
    "Execution Time": 194.964
  }
]