[
  {
    "Plan": {
      "Node Type": "Aggregate",
      "Strategy": "Plain",
      "Partial Mode": "Finalize",
      "Parallel Aware": false,
      "Startup Cost": 30919.0,
      "Total Cost": 30919.01,
      "Plan Rows": 1,
      "Plan Width": 8,
      "Actual Startup Time": 103.347,
      "Actual Total Time": 113.751,
      "Actual Rows": 1,
      "Actual Loops": 1,
      "Plans": [
        {
          "Node Type": "Gather",
          "Parent Relationship": "Outer",
          "Parallel Aware": false,
          "Startup Cost": 30918.68,
          "Total Cost": 30918.99,
          "Plan Rows": 3,
          "Plan Width": 8,
          "Actual Startup Time": 103.217,
          "Actual Total Time": 113.744,
          "Actual Rows": 4,
          "Actual Loops": 1,
          "Workers Planned": 3,
          "Workers Launched": 3,
          "Single Copy": false,
          "Plans": [
            {
              "Node Type": "Aggregate",
              "Strategy": "Plain",
              "Partial Mode": "Partial",
              "Parent Relationship": "Outer",
              "Parallel Aware": false,
              "Startup Cost": 29918.68,
              "Total Cost": 29918.69,
              "Plan Rows": 1,
              "Plan Width": 8,
              "Actual Startup Time": 97.094,
              "Actual Total Time": 97.095,
              "Actual Rows": 1,
              "Actual Loops": 4,
              "Plans": [
                {
                  "Node Type": "Seq Scan",
                  "Parent Relationship": "Outer",
                  "Parallel Aware": true,
                  "Relation Name": "movie_companies",
                  "Alias": "mc",
                  "Startup Cost": 0.0,
                  "Total Cost": 29310.68,
                  "Plan Rows": 243201,
                  "Plan Width": 0,
                  "Actual Startup Time": 25.983,
                  "Actual Total Time": 86.392,
                  "Actual Rows": 186923,
                  "Actual Loops": 4,
                  "Filter": "(company_id > 37408)",
                  "Rows Removed by Filter": 465359
                }
              ]
            }
          ]
        }
      ]
    },
    "Planning Time": 0.088,
    "Triggers": [],
    "Execution Time": 113.783
  }
]