[
  {
    "Plan": {
      "Node Type": "Aggregate",
      "Strategy": "Plain",
      "Partial Mode": "Finalize",
      "Parallel Aware": false,
      "Startup Cost": 98878.92,
      "Total Cost": 98878.93,
      "Plan Rows": 1,
      "Plan Width": 8,
      "Actual Startup Time": 515.482,
      "Actual Total Time": 531.565,
      "Actual Rows": 1,
      "Actual Loops": 1,
      "Plans": [
        {
          "Node Type": "Gather",
          "Parent Relationship": "Outer",
          "Parallel Aware": false,
          "Startup Cost": 98878.6,
          "Total Cost": 98878.91,
          "Plan Rows": 3,
          "Plan Width": 8,
          "Actual Startup Time": 511.595,
          "Actual Total Time": 531.557,
          "Actual Rows": 4,
          "Actual Loops": 1,
          "Workers Planned": 3,
          "Workers Launched": 3,
          "Single Copy": false,
          "Plans": [
            {
              "Node Type": "Aggregate",
              "Strategy": "Plain",
              "Partial Mode": "Partial",
              "Parent Relationship": "Outer",
              "Parallel Aware": false,
              "Startup Cost": 97878.6,
              "Total Cost": 97878.61,
              "Plan Rows": 1,
              "Plan Width": 8,
              "Actual Startup Time": 501.713,
              "Actual Total Time": 501.719,
              "Actual Rows": 1,
              "Actual Loops": 4,
              "Plans": [
                {
                  "Node Type": "Hash Join",
                  "Parent Relationship": "Outer",
                  "Parallel Aware": true,
                  "Join Type": "Inner",
                  "Startup Cost": 65198.44,
                  "Total Cost": 97522.37,
                  "Plan Rows": 142494,
                  "Plan Width": 0,
                  "Actual Startup Time": 335.96,
                  "Actual Total Time": 491.976,
                  "Actual Rows": 240898,
                  "Actual Loops": 4,
                  "Inner Unique": false,
                  "Hash Cond": "(mc.movie_id = t.id)",
                  "Plans": [
                    {
                      "Node Type": "Seq Scan",
                      "Parent Relationship": "Outer",
                      "Parallel Aware": true,
                      "Relation Name": "movie_companies",
                      "Alias": "mc",
                      "Startup Cost": 0.0,
                      "Total Cost": 29310.68,
                      "Plan Rows": 645207,
                      "Plan Width": 4,
                      "Actual Startup Time": 0.026,
                      "Actual Total Time": 70.027,
                      "Actual Rows": 496750,
                      "Actual Loops": 4,
                      "Filter": "(company_id < 61698)",
                      "Rows Removed by Filter": 155532
                    },
                    {
                      "Node Type": "Hash",
                      "Parent Relationship": "Inner",
                      "Parallel Aware": true,
                      "Startup Cost": 62290.25,
                      "Total Cost": 62290.25,
                      "Plan Rows": 232655,
                      "Plan Width": 8,
                      "Actual Startup Time": 330.694,
                      "Actual Total Time": 330.698,
                      "Actual Rows": 107687,
                      "Actual Loops": 4,
                      "Hash Buckets": 1048576,
                      "Original Hash Buckets": 1048576,
                      "Hash Batches": 1,
                      "Original Hash Batches": 1,
                      "Peak Memory Usage": 25152,
                      "Plans": [
                        {
                          "Node Type": "Hash Join",
                          "Parent Relationship": "Outer",
                          "Parallel Aware": true,
                          "Join Type": "Inner",
                          "Startup Cost": 47095.69,
                          "Total Cost": 62290.25,
                          "Plan Rows": 232655,
                          "Plan Width": 8,
                          "Actual Startup Time": 199.647,
                          "Actual Total Time": 298.423,
                          "Actual Rows": 107687,
                          "Actual Loops": 4,
                          "Inner Unique": true,
                          "Hash Cond": "(mi_idx.movie_id = t.id)",
                          "Plans": [
                            {
                              "Node Type": "Seq Scan",
                              "Parent Relationship": "Outer",
                              "Parallel Aware": true,
                              "Relation Name": "movie_info_idx",
                              "Alias": "mi_idx",
                              "Startup Cost": 0.0,
                              "Total Cost": 13685.15,
                              "Plan Rows": 575015,
                              "Plan Width": 4,
                              "Actual Startup Time": 0.022,
                              "Actual Total Time": 28.716,
                              "Actual Rows": 345009,
                              "Actual Loops": 4
                            },
                            {
                              "Node Type": "Hash",
                              "Parent Relationship": "Inner",
                              "Parallel Aware": true,
                              "Startup Cost": 43898.92,
                              "Total Cost": 43898.92,
                              "Plan Rows": 255742,
                              "Plan Width": 4,
                              "Actual Startup Time": 196.965,
                              "Actual Total Time": 196.966,
                              "Actual Rows": 253230,
                              "Actual Loops": 4,
                              "Hash Buckets": 1048576,
                              "Original Hash Buckets": 1048576,
                              "Hash Batches": 1,
                              "Original Hash Batches": 1,
                              "Peak Memory Usage": 47872,
                              "Plans": [
                                {
                                  "Node Type": "Seq Scan",
                                  "Parent Relationship": "Outer",
                                  "Parallel Aware": true,
                                  "Relation Name": "title",
                                  "Alias": "t",
                                  "Startup Cost": 0.0,
                                  "Total Cost": 43898.92,
                                  "Plan Rows": 255742,
                                  "Plan Width": 4,
                                  "Actual Startup Time": 0.047,
                                  "Actual Total Time": 102.124,
                                  "Actual Rows": 253230,
                                  "Actual Loops": 4,
                                  "Filter": "(production_year > 2005)",
                                  "Rows Removed by Filter": 378848
                                }
                              ]
                            }
                          ]
                        }
                      ]
                    }
                  ]
                }
              ]
            }
          ]
        }
      ]
    },
    "Planning Time": 1.377,
    "Triggers": [],
    "Execution Time": 531.647
  }
]