[
    {
        "Bao": {
            "Bao prediction": "NaN",
            "Bao recommended hint": "(no hint)"
        }
    },
    {
        "Plan": {
            "Node Type": "Aggregate",
            "Strategy": "Plain",
            "Partial Mode": "Finalize",
            "Parallel Aware": false,
            "Startup Cost": 349028.09,
            "Total Cost": 349028.1,
            "Plan Rows": 1,
            "Plan Width": 8,
            "Actual Startup Time": 744.762,
            "Actual Total Time": 778.73,
            "Actual Rows": 1,
            "Actual Loops": 1,
            "Output": [
                "count(*)"
            ],
            "Plans": [
                {
                    "Node Type": "Gather",
                    "Parent Relationship": "Outer",
                    "Parallel Aware": false,
                    "Startup Cost": 349027.47,
                    "Total Cost": 349028.08,
                    "Plan Rows": 6,
                    "Plan Width": 8,
                    "Actual Startup Time": 744.657,
                    "Actual Total Time": 778.719,
                    "Actual Rows": 7,
                    "Actual Loops": 1,
                    "Output": [
                        "(PARTIAL count(*))"
                    ],
                    "Workers Planned": 6,
                    "Workers Launched": 6,
                    "Single Copy": false,
                    "Plans": [
                        {
                            "Node Type": "Aggregate",
                            "Strategy": "Plain",
                            "Partial Mode": "Partial",
                            "Parent Relationship": "Outer",
                            "Parallel Aware": false,
                            "Startup Cost": 348027.47,
                            "Total Cost": 348027.48,
                            "Plan Rows": 1,
                            "Plan Width": 8,
                            "Actual Startup Time": 734.878,
                            "Actual Total Time": 734.88,
                            "Actual Rows": 1,
                            "Actual Loops": 7,
                            "Output": [
                                "PARTIAL count(*)"
                            ],
                            "Workers": [
                                {
                                    "Worker Number": 0,
                                    "Actual Startup Time": 731.781,
                                    "Actual Total Time": 731.782,
                                    "Actual Rows": 1,
                                    "Actual Loops": 1
                                },
                                {
                                    "Worker Number": 1,
                                    "Actual Startup Time": 733.184,
                                    "Actual Total Time": 733.185,
                                    "Actual Rows": 1,
                                    "Actual Loops": 1
                                },
                                {
                                    "Worker Number": 2,
                                    "Actual Startup Time": 733.362,
                                    "Actual Total Time": 733.363,
                                    "Actual Rows": 1,
                                    "Actual Loops": 1
                                },
                                {
                                    "Worker Number": 3,
                                    "Actual Startup Time": 733.524,
                                    "Actual Total Time": 733.526,
                                    "Actual Rows": 1,
                                    "Actual Loops": 1
                                },
                                {
                                    "Worker Number": 4,
                                    "Actual Startup Time": 733.934,
                                    "Actual Total Time": 733.935,
                                    "Actual Rows": 1,
                                    "Actual Loops": 1
                                },
                                {
                                    "Worker Number": 5,
                                    "Actual Startup Time": 734.173,
                                    "Actual Total Time": 734.174,
                                    "Actual Rows": 1,
                                    "Actual Loops": 1
                                }
                            ],
                            "Plans": [
                                {
                                    "Node Type": "Seq Scan",
                                    "Parent Relationship": "Outer",
                                    "Parallel Aware": true,
                                    "Relation Name": "cast_info",
                                    "Schema": "public",
                                    "Alias": "ci",
                                    "Startup Cost": 0.0,
                                    "Total Cost": 343318.94,
                                    "Plan Rows": 1883411,
                                    "Plan Width": 0,
                                    "Actual Startup Time": 334.498,
                                    "Actual Total Time": 647.223,
                                    "Actual Rows": 1875659,
                                    "Actual Loops": 7,
                                    "Output": [
                                        "id",
                                        "person_id",
                                        "movie_id",
                                        "person_role_id",
                                        "note",
                                        "nr_order",
                                        "role_id"
                                    ],
                                    "Filter": "((ci.person_id > 1048515) AND (ci.role_id > 2))",
                                    "Rows Removed by Filter": 3302104,
                                    "Workers": [
                                        {
                                            "Worker Number": 0,
                                            "Actual Startup Time": 331.393,
                                            "Actual Total Time": 643.779,
                                            "Actual Rows": 1321947,
                                            "Actual Loops": 1
                                        },
                                        {
                                            "Worker Number": 1,
                                            "Actual Startup Time": 332.828,
                                            "Actual Total Time": 649.182,
                                            "Actual Rows": 2055502,
                                            "Actual Loops": 1
                                        },
                                        {
                                            "Worker Number": 2,
                                            "Actual Startup Time": 332.992,
                                            "Actual Total Time": 649.389,
                                            "Actual Rows": 2052097,
                                            "Actual Loops": 1
                                        },
                                        {
                                            "Worker Number": 3,
                                            "Actual Startup Time": 333.134,
                                            "Actual Total Time": 646.586,
                                            "Actual Rows": 1920341,
                                            "Actual Loops": 1
                                        },
                                        {
                                            "Worker Number": 4,
                                            "Actual Startup Time": 333.54,
                                            "Actual Total Time": 650.247,
                                            "Actual Rows": 2048206,
                                            "Actual Loops": 1
                                        },
                                        {
                                            "Worker Number": 5,
                                            "Actual Startup Time": 333.787,
                                            "Actual Total Time": 646.132,
                                            "Actual Rows": 1323669,
                                            "Actual Loops": 1
                                        }
                                    ]
                                }
                            ]
                        }
                    ]
                }
            ]
        },
        "Planning Time": 205.721,
        "Triggers": [],
        "Execution Time": 778.799
    }
]