[
  {
    "Plan": {
      "Node Type": "Aggregate",
      "Strategy": "Plain",
      "Partial Mode": "Finalize",
      "Parallel Aware": false,
      "Startup Cost": 46545.78,
      "Total Cost": 46545.79,
      "Plan Rows": 1,
      "Plan Width": 8,
      "Actual Startup Time": 104.727,
      "Actual Total Time": 117.37,
      "Actual Rows": 1,
      "Actual Loops": 1,
      "Plans": [
        {
          "Node Type": "Gather",
          "Parent Relationship": "Outer",
          "Parallel Aware": false,
          "Startup Cost": 46545.36,
          "Total Cost": 46545.77,
          "Plan Rows": 4,
          "Plan Width": 8,
          "Actual Startup Time": 104.516,
          "Actual Total Time": 117.353,
          "Actual Rows": 5,
          "Actual Loops": 1,
          "Workers Planned": 4,
          "Workers Launched": 4,
          "Single Copy": false,
          "Plans": [
            {
              "Node Type": "Aggregate",
              "Strategy": "Plain",
              "Partial Mode": "Partial",
              "Parent Relationship": "Outer",
              "Parallel Aware": false,
              "Startup Cost": 45545.36,
              "Total Cost": 45545.37,
              "Plan Rows": 1,
              "Plan Width": 8,
              "Actual Startup Time": 95.14,
              "Actual Total Time": 95.142,
              "Actual Rows": 1,
              "Actual Loops": 5,
              "Plans": [
                {
                  "Node Type": "Seq Scan",
                  "Parent Relationship": "Outer",
                  "Parallel Aware": true,
                  "Relation Name": "title",
                  "Alias": "t",
                  "Startup Cost": 0.0,
                  "Total Cost": 45479.59,
                  "Plan Rows": 26308,
                  "Plan Width": 0,
                  "Actual Startup Time": 0.363,
                  "Actual Total Time": 92.92,
                  "Actual Rows": 42483,
                  "Actual Loops": 5,
                  "Filter": "((kind_id < 7) AND (production_year < 1964))",
                  "Rows Removed by Filter": 463179
                }
              ]
            }
          ]
        }
      ]
    },
    "Planning Time": 0.189,
    "Triggers": [],
    "Execution Time": 117.431
  }
]