[
    {
        "Bao": {
            "Bao prediction": "NaN",
            "Bao recommended hint": "(no hint)"
        }
    },
    {
        "Plan": {
            "Node Type": "Aggregate",
            "Strategy": "Plain",
            "Partial Mode": "Finalize",
            "Parallel Aware": false,
            "Startup Cost": 30967.35,
            "Total Cost": 30967.36,
            "Plan Rows": 1,
            "Plan Width": 8,
            "Actual Startup Time": 88.262,
            "Actual Total Time": 92.037,
            "Actual Rows": 1,
            "Actual Loops": 1,
            "Output": [
                "count(*)"
            ],
            "Plans": [
                {
                    "Node Type": "Gather",
                    "Parent Relationship": "Outer",
                    "Parallel Aware": false,
                    "Startup Cost": 30967.03,
                    "Total Cost": 30967.34,
                    "Plan Rows": 3,
                    "Plan Width": 8,
                    "Actual Startup Time": 88.152,
                    "Actual Total Time": 92.03,
                    "Actual Rows": 4,
                    "Actual Loops": 1,
                    "Output": [
                        "(PARTIAL count(*))"
                    ],
                    "Workers Planned": 3,
                    "Workers Launched": 3,
                    "Single Copy": false,
                    "Plans": [
                        {
                            "Node Type": "Aggregate",
                            "Strategy": "Plain",
                            "Partial Mode": "Partial",
                            "Parent Relationship": "Outer",
                            "Parallel Aware": false,
                            "Startup Cost": 29967.03,
                            "Total Cost": 29967.04,
                            "Plan Rows": 1,
                            "Plan Width": 8,
                            "Actual Startup Time": 80.105,
                            "Actual Total Time": 80.106,
                            "Actual Rows": 1,
                            "Actual Loops": 4,
                            "Output": [
                                "PARTIAL count(*)"
                            ],
                            "Workers": [
                                {
                                    "Worker Number": 0,
                                    "Actual Startup Time": 77.247,
                                    "Actual Total Time": 77.249,
                                    "Actual Rows": 1,
                                    "Actual Loops": 1
                                },
                                {
                                    "Worker Number": 1,
                                    "Actual Startup Time": 77.584,
                                    "Actual Total Time": 77.585,
                                    "Actual Rows": 1,
                                    "Actual Loops": 1
                                },
                                {
                                    "Worker Number": 2,
                                    "Actual Startup Time": 77.784,
                                    "Actual Total Time": 77.785,
                                    "Actual Rows": 1,
                                    "Actual Loops": 1
                                }
                            ],
                            "Plans": [
                                {
                                    "Node Type": "Seq Scan",
                                    "Parent Relationship": "Outer",
                                    "Parallel Aware": true,
                                    "Relation Name": "movie_companies",
                                    "Schema": "public",
                                    "Alias": "mc",
                                    "Startup Cost": 0.0,
                                    "Total Cost": 29310.68,
                                    "Plan Rows": 262540,
                                    "Plan Width": 0,
                                    "Actual Startup Time": 22.288,
                                    "Actual Total Time": 71.361,
                                    "Actual Rows": 204060,
                                    "Actual Loops": 4,
                                    "Output": [
                                        "id",
                                        "movie_id",
                                        "company_id",
                                        "company_type_id",
                                        "note"
                                    ],
                                    "Filter": "(mc.company_id > 28533)",
                                    "Rows Removed by Filter": 448223,
                                    "Workers": [
                                        {
                                            "Worker Number": 0,
                                            "Actual Startup Time": 19.435,
                                            "Actual Total Time": 68.79,
                                            "Actual Rows": 190296,
                                            "Actual Loops": 1
                                        },
                                        {
                                            "Worker Number": 1,
                                            "Actual Startup Time": 19.767,
                                            "Actual Total Time": 69.085,
                                            "Actual Rows": 193380,
                                            "Actual Loops": 1
                                        },
                                        {
                                            "Worker Number": 2,
                                            "Actual Startup Time": 19.968,
                                            "Actual Total Time": 69.357,
                                            "Actual Rows": 192139,
                                            "Actual Loops": 1
                                        }
                                    ]
                                }
                            ]
                        }
                    ]
                }
            ]
        },
        "Planning Time": 252.133,
        "Triggers": [],
        "Execution Time": 92.094
    }
]