[
  {
    "Plan": {
      "Node Type": "Aggregate",
      "Strategy": "Plain",
      "Partial Mode": "Finalize",
      "Parallel Aware": false,
      "Startup Cost": 33359.62,
      "Total Cost": 33359.63,
      "Plan Rows": 1,
      "Plan Width": 8,
      "Actual Startup Time": 96.112,
      "Actual Total Time": 103.93,
      "Actual Rows": 1,
      "Actual Loops": 1,
      "Plans": [
        {
          "Node Type": "Gather",
          "Parent Relationship": "Outer",
          "Parallel Aware": false,
          "Startup Cost": 33359.3,
          "Total Cost": 33359.61,
          "Plan Rows": 3,
          "Plan Width": 8,
          "Actual Startup Time": 96.001,
          "Actual Total Time": 103.923,
          "Actual Rows": 4,
          "Actual Loops": 1,
          "Workers Planned": 3,
          "Workers Launched": 3,
          "Single Copy": false,
          "Plans": [
            {
              "Node Type": "Aggregate",
              "Strategy": "Plain",
              "Partial Mode": "Partial",
              "Parent Relationship": "Outer",
              "Parallel Aware": false,
              "Startup Cost": 32359.3,
              "Total Cost": 32359.31,
              "Plan Rows": 1,
              "Plan Width": 8,
              "Actual Startup Time": 90.871,
              "Actual Total Time": 90.872,
              "Actual Rows": 1,
              "Actual Loops": 4,
              "Plans": [
                {
                  "Node Type": "Seq Scan",
                  "Parent Relationship": "Outer",
                  "Parallel Aware": true,
                  "Relation Name": "movie_companies",
                  "Alias": "mc",
                  "Startup Cost": 0.0,
                  "Total Cost": 31414.82,
                  "Plan Rows": 377794,
                  "Plan Width": 0,
                  "Actual Startup Time": 0.034,
                  "Actual Total Time": 77.087,
                  "Actual Rows": 277614,
                  "Actual Loops": 4,
                  "Filter": "((company_id > 67) AND (company_type_id = 1))",
                  "Rows Removed by Filter": 374669
                }
              ]
            }
          ]
        }
      ]
    },
    "Planning Time": 0.101,
    "Triggers": [],
    "Execution Time": 103.958
  }
]