[
  {
    "Bao": {
      "Bao prediction": 1420.216,
      "Bao recommended hint": "SET enable_nestloop TO off; SET enable_mergejoin TO off; SET enable_indexscan TO off; "
    }
  },
  {
    "Plan": {
      "Node Type": "Aggregate",
      "Strategy": "Plain",
      "Partial Mode": "Finalize",
      "Parallel Aware": false,
      "Startup Cost": 92529.7,
      "Total Cost": 92529.71,
      "Plan Rows": 1,
      "Plan Width": 68,
      "Actual Startup Time": 393.931,
      "Actual Total Time": 413.556,
      "Actual Rows": 1,
      "Actual Loops": 1,
      "Plans": [
        {
          "Node Type": "Gather",
          "Parent Relationship": "Outer",
          "Parallel Aware": false,
          "Startup Cost": 92529.37,
          "Total Cost": 92529.68,
          "Plan Rows": 3,
          "Plan Width": 68,
          "Actual Startup Time": 393.77,
          "Actual Total Time": 413.537,
          "Actual Rows": 4,
          "Actual Loops": 1,
          "Workers Planned": 3,
          "Workers Launched": 3,
          "Single Copy": false,
          "Plans": [
            {
              "Node Type": "Aggregate",
              "Strategy": "Plain",
              "Partial Mode": "Partial",
              "Parent Relationship": "Outer",
              "Parallel Aware": false,
              "Startup Cost": 91529.37,
              "Total Cost": 91529.38,
              "Plan Rows": 1,
              "Plan Width": 68,
              "Actual Startup Time": 381.804,
              "Actual Total Time": 381.812,
              "Actual Rows": 1,
              "Actual Loops": 4,
              "Plans": [
                {
                  "Node Type": "Hash Join",
                  "Parent Relationship": "Outer",
                  "Parallel Aware": false,
                  "Join Type": "Inner",
                  "Startup Cost": 60533.45,
                  "Total Cost": 91518.18,
                  "Plan Rows": 1492,
                  "Plan Width": 45,
                  "Actual Startup Time": 374.557,
                  "Actual Total Time": 381.801,
                  "Actual Rows": 1,
                  "Actual Loops": 4,
                  "Inner Unique": true,
                  "Hash Cond": "(mc.company_type_id = ct.id)",
                  "Plans": [
                    {
                      "Node Type": "Hash Join",
                      "Parent Relationship": "Outer",
                      "Parallel Aware": true,
                      "Join Type": "Inner",
                      "Startup Cost": 60532.39,
                      "Total Cost": 91484.85,
                      "Plan Rows": 5969,
                      "Plan Width": 49,
                      "Actual Startup Time": 311.344,
                      "Actual Total Time": 381.012,
                      "Actual Rows": 20,
                      "Actual Loops": 4,
                      "Inner Unique": false,
                      "Hash Cond": "(mc.movie_id = t.id)",
                      "Plans": [
                        {
                          "Node Type": "Seq Scan",
                          "Parent Relationship": "Outer",
                          "Parallel Aware": true,
                          "Relation Name": "movie_companies",
                          "Alias": "mc",
                          "Startup Cost": 0.0,
                          "Total Cost": 29310.68,
                          "Plan Rows": 437041,
                          "Plan Width": 32,
                          "Actual Startup Time": 0.037,
                          "Actual Total Time": 119.17,
                          "Actual Rows": 334272,
                          "Actual Loops": 4,
                          "Filter": "(note !~~ '%(as Metro-Goldwyn-Mayer Pictures)%'::text)",
                          "Rows Removed by Filter": 318010
                        },
                        {
                          "Node Type": "Hash",
                          "Parent Relationship": "Inner",
                          "Parallel Aware": true,
                          "Startup Cost": 60511.62,
                          "Total Cost": 60511.62,
                          "Plan Rows": 1662,
                          "Plan Width": 29,
                          "Actual Startup Time": 236.226,
                          "Actual Total Time": 236.231,
                          "Actual Rows": 2,
                          "Actual Loops": 4,
                          "Hash Buckets": 8192,
                          "Original Hash Buckets": 8192,
                          "Hash Batches": 1,
                          "Original Hash Batches": 1,
                          "Peak Memory Usage": 160,
                          "Plans": [
                            {
                              "Node Type": "Hash Join",
                              "Parent Relationship": "Outer",
                              "Parallel Aware": true,
                              "Join Type": "Inner",
                              "Startup Cost": 15317.21,
                              "Total Cost": 60511.62,
                              "Plan Rows": 1662,
                              "Plan Width": 29,
                              "Actual Startup Time": 202.972,
                              "Actual Total Time": 236.09,
                              "Actual Rows": 2,
                              "Actual Loops": 4,
                              "Inner Unique": false,
                              "Hash Cond": "(t.id = mi_idx.movie_id)",
                              "Plans": [
                                {
                                  "Node Type": "Seq Scan",
                                  "Parent Relationship": "Outer",
                                  "Parallel Aware": true,
                                  "Relation Name": "title",
                                  "Alias": "t",
                                  "Startup Cost": 0.0,
                                  "Total Cost": 43897.41,
                                  "Plan Rows": 344017,
                                  "Plan Width": 25,
                                  "Actual Startup Time": 0.026,
                                  "Actual Total Time": 118.615,
                                  "Actual Rows": 345363,
                                  "Actual Loops": 4,
                                  "Filter": "(production_year > 2000)",
                                  "Rows Removed by Filter": 286715
                                },
                                {
                                  "Node Type": "Hash",
                                  "Parent Relationship": "Inner",
                                  "Parallel Aware": true,
                                  "Startup Cost": 15253.6,
                                  "Total Cost": 15253.6,
                                  "Plan Rows": 5089,
                                  "Plan Width": 4,
                                  "Actual Startup Time": 88.283,
                                  "Actual Total Time": 88.287,
                                  "Actual Rows": 2,
                                  "Actual Loops": 4,
                                  "Hash Buckets": 16384,
                                  "Original Hash Buckets": 16384,
                                  "Hash Batches": 1,
                                  "Original Hash Batches": 1,
                                  "Peak Memory Usage": 160,
                                  "Plans": [
                                    {
                                      "Node Type": "Hash Join",
                                      "Parent Relationship": "Outer",
                                      "Parallel Aware": false,
                                      "Join Type": "Inner",
                                      "Startup Cost": 2.43,
                                      "Total Cost": 15253.6,
                                      "Plan Rows": 5089,
                                      "Plan Width": 4,
                                      "Actual Startup Time": 88.13,
                                      "Actual Total Time": 88.134,
                                      "Actual Rows": 2,
                                      "Actual Loops": 4,
                                      "Inner Unique": true,
                                      "Hash Cond": "(mi_idx.info_type_id = it.id)",
                                      "Plans": [
                                        {
                                          "Node Type": "Seq Scan",
                                          "Parent Relationship": "Outer",
                                          "Parallel Aware": true,
                                          "Relation Name": "movie_info_idx",
                                          "Alias": "mi_idx",
                                          "Startup Cost": 0.0,
                                          "Total Cost": 13685.15,
                                          "Plan Rows": 575015,
                                          "Plan Width": 8,
                                          "Actual Startup Time": 0.054,
                                          "Actual Total Time": 54.593,
                                          "Actual Rows": 345009,
                                          "Actual Loops": 4
                                        },
                                        {
                                          "Node Type": "Hash",
                                          "Parent Relationship": "Inner",
                                          "Parallel Aware": false,
                                          "Startup Cost": 2.41,
                                          "Total Cost": 2.41,
                                          "Plan Rows": 1,
                                          "Plan Width": 4,
                                          "Actual Startup Time": 0.065,
                                          "Actual Total Time": 0.066,
                                          "Actual Rows": 1,
                                          "Actual Loops": 4,
                                          "Hash Buckets": 1024,
                                          "Original Hash Buckets": 1024,
                                          "Hash Batches": 1,
                                          "Original Hash Batches": 1,
                                          "Peak Memory Usage": 9,
                                          "Plans": [
                                            {
                                              "Node Type": "Seq Scan",
                                              "Parent Relationship": "Outer",
                                              "Parallel Aware": false,
                                              "Relation Name": "info_type",
                                              "Alias": "it",
                                              "Startup Cost": 0.0,
                                              "Total Cost": 2.41,
                                              "Plan Rows": 1,
                                              "Plan Width": 4,
                                              "Actual Startup Time": 0.051,
                                              "Actual Total Time": 0.053,
                                              "Actual Rows": 1,
                                              "Actual Loops": 4,
                                              "Filter": "((info)::text = 'bottom 10 rank'::text)",
                                              "Rows Removed by Filter": 112
                                            }
                                          ]
                                        }
                                      ]
                                    }
                                  ]
                                }
                              ]
                            }
                          ]
                        }
                      ]
                    },
                    {
                      "Node Type": "Hash",
                      "Parent Relationship": "Inner",
                      "Parallel Aware": false,
                      "Startup Cost": 1.05,
                      "Total Cost": 1.05,
                      "Plan Rows": 1,
                      "Plan Width": 4,
                      "Actual Startup Time": 0.072,
                      "Actual Total Time": 0.073,
                      "Actual Rows": 1,
                      "Actual Loops": 4,
                      "Hash Buckets": 1024,
                      "Original Hash Buckets": 1024,
                      "Hash Batches": 1,
                      "Original Hash Batches": 1,
                      "Peak Memory Usage": 9,
                      "Plans": [
                        {
                          "Node Type": "Seq Scan",
                          "Parent Relationship": "Outer",
                          "Parallel Aware": false,
                          "Relation Name": "company_type",
                          "Alias": "ct",
                          "Startup Cost": 0.0,
                          "Total Cost": 1.05,
                          "Plan Rows": 1,
                          "Plan Width": 4,
                          "Actual Startup Time": 0.053,
                          "Actual Total Time": 0.055,
                          "Actual Rows": 1,
                          "Actual Loops": 4,
                          "Filter": "((kind)::text = 'production companies'::text)",
                          "Rows Removed by Filter": 3
                        }
                      ]
                    }
                  ]
                }
              ]
            }
          ]
        }
      ]
    },
    "Planning Time": 456.205,
    "Triggers": [],
    "Execution Time": 414.001
  }
]