[
  {
    "Plan": {
      "Node Type": "Aggregate",
      "Strategy": "Plain",
      "Partial Mode": "Finalize",
      "Parallel Aware": false,
      "Startup Cost": 107799.45,
      "Total Cost": 107799.46,
      "Plan Rows": 1,
      "Plan Width": 8,
      "Actual Startup Time": 476.426,
      "Actual Total Time": 496.049,
      "Actual Rows": 1,
      "Actual Loops": 1,
      "Plans": [
        {
          "Node Type": "Gather",
          "Parent Relationship": "Outer",
          "Parallel Aware": false,
          "Startup Cost": 107799.23,
          "Total Cost": 107799.44,
          "Plan Rows": 2,
          "Plan Width": 8,
          "Actual Startup Time": 475.193,
          "Actual Total Time": 496.042,
          "Actual Rows": 3,
          "Actual Loops": 1,
          "Workers Planned": 2,
          "Workers Launched": 2,
          "Single Copy": false,
          "Plans": [
            {
              "Node Type": "Aggregate",
              "Strategy": "Plain",
              "Partial Mode": "Partial",
              "Parent Relationship": "Outer",
              "Parallel Aware": false,
              "Startup Cost": 106799.23,
              "Total Cost": 106799.24,
              "Plan Rows": 1,
              "Plan Width": 8,
              "Actual Startup Time": 471.634,
              "Actual Total Time": 471.64,
              "Actual Rows": 1,
              "Actual Loops": 3,
              "Plans": [
                {
                  "Node Type": "Hash Join",
                  "Parent Relationship": "Outer",
                  "Parallel Aware": true,
                  "Join Type": "Inner",
                  "Startup Cost": 90749.48,
                  "Total Cost": 106708.29,
                  "Plan Rows": 36378,
                  "Plan Width": 0,
                  "Actual Startup Time": 382.258,
                  "Actual Total Time": 466.892,
                  "Actual Rows": 112325,
                  "Actual Loops": 3,
                  "Inner Unique": false,
                  "Hash Cond": "(mi_idx.movie_id = t.id)",
                  "Plans": [
                    {
                      "Node Type": "Seq Scan",
                      "Parent Relationship": "Outer",
                      "Parallel Aware": true,
                      "Relation Name": "movie_info_idx",
                      "Alias": "mi_idx",
                      "Startup Cost": 0.0,
                      "Total Cost": 13685.15,
                      "Plan Rows": 575015,
                      "Plan Width": 4,
                      "Actual Startup Time": 0.02,
                      "Actual Total Time": 37.405,
                      "Actual Rows": 460012,
                      "Actual Loops": 3
                    },
                    {
                      "Node Type": "Hash",
                      "Parent Relationship": "Inner",
                      "Parallel Aware": true,
                      "Startup Cost": 90104.48,
                      "Total Cost": 90104.48,
                      "Plan Rows": 51600,
                      "Plan Width": 8,
                      "Actual Startup Time": 380.943,
                      "Actual Total Time": 380.947,
                      "Actual Rows": 51306,
                      "Actual Loops": 3,
                      "Hash Buckets": 262144,
                      "Original Hash Buckets": 262144,
                      "Hash Batches": 1,
                      "Original Hash Batches": 1,
                      "Peak Memory Usage": 8096,
                      "Plans": [
                        {
                          "Node Type": "Hash Join",
                          "Parent Relationship": "Outer",
                          "Parallel Aware": true,
                          "Join Type": "Inner",
                          "Startup Cost": 44236.71,
                          "Total Cost": 90104.48,
                          "Plan Rows": 51600,
                          "Plan Width": 8,
                          "Actual Startup Time": 117.778,
                          "Actual Total Time": 368.989,
                          "Actual Rows": 51306,
                          "Actual Loops": 3,
                          "Inner Unique": true,
                          "Hash Cond": "(mk.movie_id = t.id)",
                          "Plans": [
                            {
                              "Node Type": "Seq Scan",
                              "Parent Relationship": "Outer",
                              "Parallel Aware": true,
                              "Relation Name": "movie_keyword",
                              "Alias": "mk",
                              "Startup Cost": 0.0,
                              "Total Cost": 42695.65,
                              "Plan Rows": 1208427,
                              "Plan Width": 4,
                              "Actual Startup Time": 0.03,
                              "Actual Total Time": 151.632,
                              "Actual Rows": 1250371,
                              "Actual Loops": 3,
                              "Filter": "(keyword_id < 24382)",
                              "Rows Removed by Filter": 257606
                            },
                            {
                              "Node Type": "Hash",
                              "Parent Relationship": "Inner",
                              "Parallel Aware": true,
                              "Startup Cost": 43899.32,
                              "Total Cost": 43899.32,
                              "Plan Rows": 26991,
                              "Plan Width": 4,
                              "Actual Startup Time": 117.302,
                              "Actual Total Time": 117.303,
                              "Actual Rows": 36143,
                              "Actual Loops": 3,
                              "Hash Buckets": 131072,
                              "Original Hash Buckets": 131072,
                              "Hash Batches": 1,
                              "Original Hash Batches": 1,
                              "Peak Memory Usage": 5312,
                              "Plans": [
                                {
                                  "Node Type": "Seq Scan",
                                  "Parent Relationship": "Outer",
                                  "Parallel Aware": true,
                                  "Relation Name": "title",
                                  "Alias": "t",
                                  "Startup Cost": 0.0,
                                  "Total Cost": 43899.32,
                                  "Plan Rows": 26991,
                                  "Plan Width": 4,
                                  "Actual Startup Time": 0.02,
                                  "Actual Total Time": 105.682,
                                  "Actual Rows": 36143,
                                  "Actual Loops": 3,
                                  "Filter": "(production_year = 2006)",
                                  "Rows Removed by Filter": 806628
                                }
                              ]
                            }
                          ]
                        }
                      ]
                    }
                  ]
                }
              ]
            }
          ]
        }
      ]
    },
    "Planning Time": 0.523,
    "Triggers": [],
    "Execution Time": 496.091
  }
]