{
  "Plan": {
    "Node Type": "Aggregate",
    "Strategy": "Plain",
    "Partial Mode": "Finalize",
    "Parallel Aware": false,
    "Startup Cost": 124976.17,
    "Total Cost": 124976.18,
    "Plan Rows": 1,
    "Plan Width": 8,
    "Actual Startup Time": 489.755,
    "Actual Total Time": 507.002,
    "Actual Rows": 1,
    "Actual Loops": 1,
    "Plans": [
      {
        "Node Type": "Gather",
        "Parent Relationship": "Outer",
        "Parallel Aware": false,
        "Startup Cost": 124976.06,
        "Total Cost": 124976.17,
        "Plan Rows": 1,
        "Plan Width": 8,
        "Actual Startup Time": 488.161,
        "Actual Total Time": 506.994,
        "Actual Rows": 2,
        "Actual Loops": 1,
        "Workers Planned": 1,
        "Workers Launched": 1,
        "Single Copy": false,
        "Plans": [
          {
            "Node Type": "Aggregate",
            "Strategy": "Plain",
            "Partial Mode": "Partial",
            "Parent Relationship": "Outer",
            "Parallel Aware": false,
            "Startup Cost": 123976.06,
            "Total Cost": 123976.07,
            "Plan Rows": 1,
            "Plan Width": 8,
            "Actual Startup Time": 482.166,
            "Actual Total Time": 482.17,
            "Actual Rows": 1,
            "Actual Loops": 2,
            "Plans": [
              {
                "Node Type": "Hash Join",
                "Parent Relationship": "Outer",
                "Parallel Aware": true,
                "Join Type": "Inner",
                "Startup Cost": 63597.58,
                "Total Cost": 123408.74,
                "Plan Rows": 226930,
                "Plan Width": 0,
                "Actual Startup Time": 245.92,
                "Actual Total Time": 480.16,
                "Actual Rows": 51292,
                "Actual Loops": 2,
                "Inner Unique": true,
                "Hash Cond": "(mk.movie_id = t.id)",
                "Plans": [
                  {
                    "Node Type": "Seq Scan",
                    "Parent Relationship": "Outer",
                    "Parallel Aware": true,
                    "Relation Name": "movie_keyword",
                    "Alias": "mk",
                    "Startup Cost": 0.0,
                    "Total Cost": 57718.19,
                    "Plan Rows": 797320,
                    "Plan Width": 4,
                    "Actual Startup Time": 1.217,
                    "Actual Total Time": 158.755,
                    "Actual Rows": 680331,
                    "Actual Loops": 2,
                    "Filter": "(keyword_id > 12334)",
                    "Rows Removed by Filter": 1581634
                  },
                  {
                    "Node Type": "Hash",
                    "Parent Relationship": "Inner",
                    "Parallel Aware": true,
                    "Startup Cost": 58306.47,
                    "Total Cost": 58306.47,
                    "Plan Rows": 423289,
                    "Plan Width": 4,
                    "Actual Startup Time": 234.501,
                    "Actual Total Time": 234.502,
                    "Actual Rows": 319215,
                    "Actual Loops": 2,
                    "Hash Buckets": 1048576,
                    "Original Hash Buckets": 1048576,
                    "Hash Batches": 1,
                    "Original Hash Batches": 1,
                    "Peak Memory Usage": 33216,
                    "Plans": [
                      {
                        "Node Type": "Seq Scan",
                        "Parent Relationship": "Outer",
                        "Parallel Aware": true,
                        "Relation Name": "title",
                        "Alias": "t",
                        "Startup Cost": 0.0,
                        "Total Cost": 58306.47,
                        "Plan Rows": 423289,
                        "Plan Width": 4,
                        "Actual Startup Time": 0.033,
                        "Actual Total Time": 153.532,
                        "Actual Rows": 319215,
                        "Actual Loops": 2,
                        "Filter": "((production_year < 2003) AND (kind_id = 7))",
                        "Rows Removed by Filter": 944941
                      }
                    ]
                  }
                ]
              }
            ]
          }
        ]
      }
    ]
  },
  "Planning Time": 0.635,
  "Triggers": [],
  "Execution Time": 507.074
}