[
  {
    "Plan": {
      "Node Type": "Aggregate",
      "Strategy": "Plain",
      "Partial Mode": "Finalize",
      "Parallel Aware": false,
      "Startup Cost": 63437.57,
      "Total Cost": 63437.58,
      "Plan Rows": 1,
      "Plan Width": 8,
      "Actual Startup Time": 265.138,
      "Actual Total Time": 278.663,
      "Actual Rows": 1,
      "Actual Loops": 1,
      "Plans": [
        {
          "Node Type": "Gather",
          "Parent Relationship": "Outer",
          "Parallel Aware": false,
          "Startup Cost": 63437.36,
          "Total Cost": 63437.57,
          "Plan Rows": 2,
          "Plan Width": 8,
          "Actual Startup Time": 263.841,
          "Actual Total Time": 278.654,
          "Actual Rows": 3,
          "Actual Loops": 1,
          "Workers Planned": 2,
          "Workers Launched": 2,
          "Single Copy": false,
          "Plans": [
            {
              "Node Type": "Aggregate",
              "Strategy": "Plain",
              "Partial Mode": "Partial",
              "Parent Relationship": "Outer",
              "Parallel Aware": false,
              "Startup Cost": 62437.36,
              "Total Cost": 62437.37,
              "Plan Rows": 1,
              "Plan Width": 8,
              "Actual Startup Time": 256.428,
              "Actual Total Time": 256.43,
              "Actual Rows": 1,
              "Actual Loops": 3,
              "Plans": [
                {
                  "Node Type": "Hash Join",
                  "Parent Relationship": "Outer",
                  "Parallel Aware": true,
                  "Join Type": "Inner",
                  "Startup Cost": 46971.3,
                  "Total Cost": 62165.86,
                  "Plan Rows": 108599,
                  "Plan Width": 0,
                  "Actual Startup Time": 189.649,
                  "Actual Total Time": 251.491,
                  "Actual Rows": 122230,
                  "Actual Loops": 3,
                  "Inner Unique": true,
                  "Hash Cond": "(mi_idx.movie_id = t.id)",
                  "Plans": [
                    {
                      "Node Type": "Seq Scan",
                      "Parent Relationship": "Outer",
                      "Parallel Aware": true,
                      "Relation Name": "movie_info_idx",
                      "Alias": "mi_idx",
                      "Startup Cost": 0.0,
                      "Total Cost": 13685.15,
                      "Plan Rows": 575015,
                      "Plan Width": 4,
                      "Actual Startup Time": 0.021,
                      "Actual Total Time": 34.588,
                      "Actual Rows": 460012,
                      "Actual Loops": 3
                    },
                    {
                      "Node Type": "Hash",
                      "Parent Relationship": "Inner",
                      "Parallel Aware": true,
                      "Startup Cost": 45479.1,
                      "Total Cost": 45479.1,
                      "Plan Rows": 119376,
                      "Plan Width": 4,
                      "Actual Startup Time": 150.547,
                      "Actual Total Time": 150.548,
                      "Actual Rows": 116848,
                      "Actual Loops": 3,
                      "Hash Buckets": 524288,
                      "Original Hash Buckets": 524288,
                      "Hash Batches": 1,
                      "Original Hash Batches": 1,
                      "Peak Memory Usage": 17856,
                      "Plans": [
                        {
                          "Node Type": "Seq Scan",
                          "Parent Relationship": "Outer",
                          "Parallel Aware": true,
                          "Relation Name": "title",
                          "Alias": "t",
                          "Startup Cost": 0.0,
                          "Total Cost": 45479.1,
                          "Plan Rows": 119376,
                          "Plan Width": 4,
                          "Actual Startup Time": 48.077,
                          "Actual Total Time": 116.965,
                          "Actual Rows": 116848,
                          "Actual Loops": 3,
                          "Filter": "((production_year > 1987) AND (kind_id = 1))",
                          "Rows Removed by Filter": 725922
                        }
                      ]
                    }
                  ]
                }
              ]
            }
          ]
        }
      ]
    },
    "Planning Time": 0.614,
    "Triggers": [],
    "Execution Time": 278.743
  }
]