{
  "Plan": {
    "Node Type": "Aggregate",
    "Strategy": "Plain",
    "Partial Mode": "Finalize",
    "Parallel Aware": false,
    "Startup Cost": 204260.98,
    "Total Cost": 204260.99,
    "Plan Rows": 1,
    "Plan Width": 8,
    "Actual Startup Time": 169.271,
    "Actual Total Time": 189.458,
    "Actual Rows": 1,
    "Actual Loops": 1,
    "Plans": [
      {
        "Node Type": "Gather",
        "Parent Relationship": "Outer",
        "Parallel Aware": false,
        "Startup Cost": 204260.86,
        "Total Cost": 204260.97,
        "Plan Rows": 1,
        "Plan Width": 8,
        "Actual Startup Time": 169.023,
        "Actual Total Time": 189.451,
        "Actual Rows": 2,
        "Actual Loops": 1,
        "Workers Planned": 1,
        "Workers Launched": 1,
        "Single Copy": false,
        "Plans": [
          {
            "Node Type": "Aggregate",
            "Strategy": "Plain",
            "Partial Mode": "Partial",
            "Parent Relationship": "Outer",
            "Parallel Aware": false,
            "Startup Cost": 203260.86,
            "Total Cost": 203260.87,
            "Plan Rows": 1,
            "Plan Width": 8,
            "Actual Startup Time": 163.175,
            "Actual Total Time": 163.177,
            "Actual Rows": 1,
            "Actual Loops": 2,
            "Plans": [
              {
                "Node Type": "Nested Loop",
                "Parent Relationship": "Outer",
                "Parallel Aware": false,
                "Join Type": "Inner",
                "Startup Cost": 0.43,
                "Total Cost": 203249.08,
                "Plan Rows": 4713,
                "Plan Width": 0,
                "Actual Startup Time": 14.019,
                "Actual Total Time": 162.52,
                "Actual Rows": 11078,
                "Actual Loops": 2,
                "Inner Unique": false,
                "Plans": [
                  {
                    "Node Type": "Seq Scan",
                    "Parent Relationship": "Outer",
                    "Parallel Aware": true,
                    "Relation Name": "title",
                    "Alias": "t",
                    "Startup Cost": 0.0,
                    "Total Cost": 54588.39,
                    "Plan Rows": 1065,
                    "Plan Width": 4,
                    "Actual Startup Time": 13.887,
                    "Actual Total Time": 131.247,
                    "Actual Rows": 982,
                    "Actual Loops": 2,
                    "Filter": "(production_year = 1946)",
                    "Rows Removed by Filter": 1263174
                  },
                  {
                    "Node Type": "Index Scan",
                    "Parent Relationship": "Inner",
                    "Parallel Aware": false,
                    "Scan Direction": "Forward",
                    "Index Name": "movie_id_movie_info",
                    "Relation Name": "movie_info",
                    "Alias": "mi",
                    "Startup Cost": 0.43,
                    "Total Cost": 139.27,
                    "Plan Rows": 32,
                    "Plan Width": 4,
                    "Actual Startup Time": 0.01,
                    "Actual Total Time": 0.031,
                    "Actual Rows": 11,
                    "Actual Loops": 1965,
                    "Index Cond": "(movie_id = t.id)",
                    "Rows Removed by Index Recheck": 0,
                    "Filter": "(info_type_id > 3)",
                    "Rows Removed by Filter": 3
                  }
                ]
              }
            ]
          }
        ]
      }
    ]
  },
  "Planning Time": 0.446,
  "Triggers": [],
  "Execution Time": 189.531
}