[
  {
    "Plan": {
      "Node Type": "Aggregate",
      "Strategy": "Plain",
      "Partial Mode": "Finalize",
      "Parallel Aware": false,
      "Startup Cost": 16596.47,
      "Total Cost": 16596.48,
      "Plan Rows": 1,
      "Plan Width": 8,
      "Actual Startup Time": 71.559,
      "Actual Total Time": 76.078,
      "Actual Rows": 1,
      "Actual Loops": 1,
      "Plans": [
        {
          "Node Type": "Gather",
          "Parent Relationship": "Outer",
          "Parallel Aware": false,
          "Startup Cost": 16596.25,
          "Total Cost": 16596.46,
          "Plan Rows": 2,
          "Plan Width": 8,
          "Actual Startup Time": 71.481,
          "Actual Total Time": 76.071,
          "Actual Rows": 3,
          "Actual Loops": 1,
          "Workers Planned": 2,
          "Workers Launched": 2,
          "Single Copy": false,
          "Plans": [
            {
              "Node Type": "Aggregate",
              "Strategy": "Plain",
              "Partial Mode": "Partial",
              "Parent Relationship": "Outer",
              "Parallel Aware": false,
              "Startup Cost": 15596.25,
              "Total Cost": 15596.26,
              "Plan Rows": 1,
              "Plan Width": 8,
              "Actual Startup Time": 63.969,
              "Actual Total Time": 63.97,
              "Actual Rows": 1,
              "Actual Loops": 3,
              "Plans": [
                {
                  "Node Type": "Seq Scan",
                  "Parent Relationship": "Outer",
                  "Parallel Aware": true,
                  "Relation Name": "movie_info_idx",
                  "Alias": "mi_idx",
                  "Startup Cost": 0.0,
                  "Total Cost": 15122.68,
                  "Plan Rows": 189429,
                  "Plan Width": 0,
                  "Actual Startup Time": 0.055,
                  "Actual Total Time": 54.764,
                  "Actual Rows": 153308,
                  "Actual Loops": 3,
                  "Filter": "(info_type_id < 100)",
                  "Rows Removed by Filter": 306703
                }
              ]
            }
          ]
        }
      ]
    },
    "Planning Time": 0.176,
    "Triggers": [],
    "Execution Time": 76.15
  }
]