{
  "Plan": {
    "Node Type": "Aggregate",
    "Strategy": "Plain",
    "Partial Mode": "Finalize",
    "Parallel Aware": false,
    "Startup Cost": 346268.79,
    "Total Cost": 346268.8,
    "Plan Rows": 1,
    "Plan Width": 8,
    "Actual Startup Time": 1669.794,
    "Actual Total Time": 1718.759,
    "Actual Rows": 1,
    "Actual Loops": 1,
    "Plans": [
      {
        "Node Type": "Gather",
        "Parent Relationship": "Outer",
        "Parallel Aware": false,
        "Startup Cost": 346268.68,
        "Total Cost": 346268.79,
        "Plan Rows": 1,
        "Plan Width": 8,
        "Actual Startup Time": 1667.348,
        "Actual Total Time": 1718.749,
        "Actual Rows": 2,
        "Actual Loops": 1,
        "Workers Planned": 1,
        "Workers Launched": 1,
        "Single Copy": false,
        "Plans": [
          {
            "Node Type": "Aggregate",
            "Strategy": "Plain",
            "Partial Mode": "Partial",
            "Parent Relationship": "Outer",
            "Parallel Aware": false,
            "Startup Cost": 345268.68,
            "Total Cost": 345268.69,
            "Plan Rows": 1,
            "Plan Width": 8,
            "Actual Startup Time": 1661.781,
            "Actual Total Time": 1661.784,
            "Actual Rows": 1,
            "Actual Loops": 2,
            "Plans": [
              {
                "Node Type": "Hash Join",
                "Parent Relationship": "Outer",
                "Parallel Aware": true,
                "Join Type": "Inner",
                "Startup Cost": 62110.21,
                "Total Cost": 341802.29,
                "Plan Rows": 1386556,
                "Plan Width": 0,
                "Actual Startup Time": 294.413,
                "Actual Total Time": 1622.532,
                "Actual Rows": 996084,
                "Actual Loops": 2,
                "Inner Unique": true,
                "Hash Cond": "(mi.movie_id = t.id)",
                "Plans": [
                  {
                    "Node Type": "Seq Scan",
                    "Parent Relationship": "Outer",
                    "Parallel Aware": true,
                    "Relation Name": "movie_info",
                    "Alias": "mi",
                    "Startup Cost": 0.0,
                    "Total Cost": 270696.42,
                    "Plan Rows": 3426912,
                    "Plan Width": 4,
                    "Actual Startup Time": 0.01,
                    "Actual Total Time": 670.132,
                    "Actual Rows": 2942482,
                    "Actual Loops": 2,
                    "Filter": "(info_type_id < 7)",
                    "Rows Removed by Filter": 4475378
                  },
                  {
                    "Node Type": "Hash",
                    "Parent Relationship": "Inner",
                    "Parallel Aware": true,
                    "Startup Cost": 54588.39,
                    "Total Cost": 54588.39,
                    "Plan Rows": 601746,
                    "Plan Width": 4,
                    "Actual Startup Time": 283.505,
                    "Actual Total Time": 283.505,
                    "Actual Rows": 506460,
                    "Actual Loops": 2,
                    "Hash Buckets": 1048576,
                    "Original Hash Buckets": 1048576,
                    "Hash Batches": 1,
                    "Original Hash Batches": 1,
                    "Peak Memory Usage": 47840,
                    "Plans": [
                      {
                        "Node Type": "Seq Scan",
                        "Parent Relationship": "Outer",
                        "Parallel Aware": true,
                        "Relation Name": "title",
                        "Alias": "t",
                        "Startup Cost": 0.0,
                        "Total Cost": 54588.39,
                        "Plan Rows": 601746,
                        "Plan Width": 4,
                        "Actual Startup Time": 0.034,
                        "Actual Total Time": 161.57,
                        "Actual Rows": 506460,
                        "Actual Loops": 2,
                        "Filter": "(production_year > 2005)",
                        "Rows Removed by Filter": 757696
                      }
                    ]
                  }
                ]
              }
            ]
          }
        ]
      }
    ]
  },
  "Planning Time": 0.601,
  "Triggers": [],
  "Execution Time": 1718.838
}