[
  {
    "Plan": {
      "Node Type": "Aggregate",
      "Strategy": "Plain",
      "Partial Mode": "Simple",
      "Parallel Aware": false,
      "Startup Cost": 4569.79,
      "Total Cost": 4569.8,
      "Plan Rows": 1,
      "Plan Width": 8,
      "Actual Startup Time": 0.271,
      "Actual Total Time": 0.272,
      "Actual Rows": 1,
      "Actual Loops": 1,
      "Plans": [
        {
          "Node Type": "Nested Loop",
          "Parent Relationship": "Outer",
          "Parallel Aware": false,
          "Join Type": "Inner",
          "Startup Cost": 1.43,
          "Total Cost": 4569.32,
          "Plan Rows": 186,
          "Plan Width": 0,
          "Actual Startup Time": 0.208,
          "Actual Total Time": 0.268,
          "Actual Rows": 2,
          "Actual Loops": 1,
          "Inner Unique": false,
          "Plans": [
            {
              "Node Type": "Nested Loop",
              "Parent Relationship": "Outer",
              "Parallel Aware": false,
              "Join Type": "Inner",
              "Startup Cost": 0.99,
              "Total Cost": 3983.27,
              "Plan Rows": 358,
              "Plan Width": 8,
              "Actual Startup Time": 0.182,
              "Actual Total Time": 0.212,
              "Actual Rows": 2,
              "Actual Loops": 1,
              "Inner Unique": true,
              "Plans": [
                {
                  "Node Type": "Index Scan",
                  "Parent Relationship": "Outer",
                  "Parallel Aware": false,
                  "Scan Direction": "Forward",
                  "Index Name": "person_id_cast_info",
                  "Relation Name": "cast_info",
                  "Alias": "ci",
                  "Startup Cost": 0.56,
                  "Total Cost": 987.07,
                  "Plan Rows": 358,
                  "Plan Width": 4,
                  "Actual Startup Time": 0.164,
                  "Actual Total Time": 0.18,
                  "Actual Rows": 2,
                  "Actual Loops": 1,
                  "Index Cond": "(person_id = 2908077)",
                  "Rows Removed by Index Recheck": 0,
                  "Filter": "(role_id < 5)",
                  "Rows Removed by Filter": 69
                },
                {
                  "Node Type": "Index Only Scan",
                  "Parent Relationship": "Inner",
                  "Parallel Aware": false,
                  "Scan Direction": "Forward",
                  "Index Name": "title_pkey",
                  "Relation Name": "title",
                  "Alias": "t",
                  "Startup Cost": 0.43,
                  "Total Cost": 8.37,
                  "Plan Rows": 1,
                  "Plan Width": 4,
                  "Actual Startup Time": 0.014,
                  "Actual Total Time": 0.014,
                  "Actual Rows": 1,
                  "Actual Loops": 2,
                  "Index Cond": "(id = ci.movie_id)",
                  "Rows Removed by Index Recheck": 0,
                  "Heap Fetches": 2
                }
              ]
            },
            {
              "Node Type": "Index Scan",
              "Parent Relationship": "Inner",
              "Parallel Aware": false,
              "Scan Direction": "Forward",
              "Index Name": "movie_id_movie_info",
              "Relation Name": "movie_info",
              "Alias": "mi",
              "Startup Cost": 0.43,
              "Total Cost": 1.6,
              "Plan Rows": 4,
              "Plan Width": 4,
              "Actual Startup Time": 0.021,
              "Actual Total Time": 0.027,
              "Actual Rows": 1,
              "Actual Loops": 2,
              "Index Cond": "(movie_id = t.id)",
              "Rows Removed by Index Recheck": 0,
              "Filter": "(info_type_id = 2)",
              "Rows Removed by Filter": 5
            }
          ]
        }
      ]
    },
    "Planning Time": 0.627,
    "Triggers": [],
    "Execution Time": 0.306
  }
]