[
    {
        "Bao": {
            "Bao prediction": "NaN",
            "Bao recommended hint": "(no hint)"
        }
    },
    {
        "Plan": {
            "Node Type": "Aggregate",
            "Strategy": "Plain",
            "Partial Mode": "Finalize",
            "Parallel Aware": false,
            "Startup Cost": 29925.94,
            "Total Cost": 29925.95,
            "Plan Rows": 1,
            "Plan Width": 8,
            "Actual Startup Time": 84.416,
            "Actual Total Time": 88.573,
            "Actual Rows": 1,
            "Actual Loops": 1,
            "Output": [
                "count(*)"
            ],
            "Plans": [
                {
                    "Node Type": "Gather",
                    "Parent Relationship": "Outer",
                    "Parallel Aware": false,
                    "Startup Cost": 29925.62,
                    "Total Cost": 29925.93,
                    "Plan Rows": 3,
                    "Plan Width": 8,
                    "Actual Startup Time": 84.247,
                    "Actual Total Time": 88.566,
                    "Actual Rows": 4,
                    "Actual Loops": 1,
                    "Output": [
                        "(PARTIAL count(*))"
                    ],
                    "Workers Planned": 3,
                    "Workers Launched": 3,
                    "Single Copy": false,
                    "Plans": [
                        {
                            "Node Type": "Aggregate",
                            "Strategy": "Plain",
                            "Partial Mode": "Partial",
                            "Parent Relationship": "Outer",
                            "Parallel Aware": false,
                            "Startup Cost": 28925.62,
                            "Total Cost": 28925.63,
                            "Plan Rows": 1,
                            "Plan Width": 8,
                            "Actual Startup Time": 75.643,
                            "Actual Total Time": 75.644,
                            "Actual Rows": 1,
                            "Actual Loops": 4,
                            "Output": [
                                "PARTIAL count(*)"
                            ],
                            "Workers": [
                                {
                                    "Worker Number": 0,
                                    "Actual Startup Time": 72.386,
                                    "Actual Total Time": 72.387,
                                    "Actual Rows": 1,
                                    "Actual Loops": 1
                                },
                                {
                                    "Worker Number": 1,
                                    "Actual Startup Time": 72.893,
                                    "Actual Total Time": 72.895,
                                    "Actual Rows": 1,
                                    "Actual Loops": 1
                                },
                                {
                                    "Worker Number": 2,
                                    "Actual Startup Time": 73.546,
                                    "Actual Total Time": 73.548,
                                    "Actual Rows": 1,
                                    "Actual Loops": 1
                                }
                            ],
                            "Plans": [
                                {
                                    "Node Type": "Bitmap Heap Scan",
                                    "Parent Relationship": "Outer",
                                    "Parallel Aware": true,
                                    "Relation Name": "movie_companies",
                                    "Schema": "public",
                                    "Alias": "mc",
                                    "Startup Cost": 8149.72,
                                    "Total Cost": 28770.09,
                                    "Plan Rows": 62212,
                                    "Plan Width": 0,
                                    "Actual Startup Time": 29.521,
                                    "Actual Total Time": 68.704,
                                    "Actual Rows": 95644,
                                    "Actual Loops": 4,
                                    "Recheck Cond": "(mc.company_id > 83965)",
                                    "Rows Removed by Index Recheck": 0,
                                    "Filter": "(mc.company_type_id = 2)",
                                    "Rows Removed by Filter": 0,
                                    "Exact Heap Blocks": 3249,
                                    "Lossy Heap Blocks": 0,
                                    "Workers": [
                                        {
                                            "Worker Number": 0,
                                            "Actual Startup Time": 26.206,
                                            "Actual Total Time": 66.0,
                                            "Actual Rows": 58707,
                                            "Actual Loops": 1
                                        },
                                        {
                                            "Worker Number": 1,
                                            "Actual Startup Time": 27.076,
                                            "Actual Total Time": 66.549,
                                            "Actual Rows": 62932,
                                            "Actual Loops": 1
                                        },
                                        {
                                            "Worker Number": 2,
                                            "Actual Startup Time": 27.473,
                                            "Actual Total Time": 67.235,
                                            "Actual Rows": 63479,
                                            "Actual Loops": 1
                                        }
                                    ],
                                    "Plans": [
                                        {
                                            "Node Type": "Bitmap Index Scan",
                                            "Parent Relationship": "Outer",
                                            "Parallel Aware": false,
                                            "Index Name": "company_id_movie_companies",
                                            "Startup Cost": 0.0,
                                            "Total Cost": 8101.51,
                                            "Plan Rows": 378277,
                                            "Plan Width": 0,
                                            "Actual Startup Time": 36.236,
                                            "Actual Total Time": 36.237,
                                            "Actual Rows": 382576,
                                            "Actual Loops": 1,
                                            "Index Cond": "(mc.company_id > 83965)"
                                        }
                                    ]
                                }
                            ]
                        }
                    ]
                }
            ]
        },
        "Planning Time": 182.431,
        "Triggers": [],
        "Execution Time": 88.661
    }
]