[
  {
    "Plan": {
      "Node Type": "Aggregate",
      "Strategy": "Plain",
      "Partial Mode": "Finalize",
      "Parallel Aware": false,
      "Startup Cost": 49018.91,
      "Total Cost": 49018.92,
      "Plan Rows": 1,
      "Plan Width": 8,
      "Actual Startup Time": 88.491,
      "Actual Total Time": 101.303,
      "Actual Rows": 1,
      "Actual Loops": 1,
      "Plans": [
        {
          "Node Type": "Gather",
          "Parent Relationship": "Outer",
          "Parallel Aware": false,
          "Startup Cost": 49018.49,
          "Total Cost": 49018.9,
          "Plan Rows": 4,
          "Plan Width": 8,
          "Actual Startup Time": 88.316,
          "Actual Total Time": 101.295,
          "Actual Rows": 5,
          "Actual Loops": 1,
          "Workers Planned": 4,
          "Workers Launched": 4,
          "Single Copy": false,
          "Plans": [
            {
              "Node Type": "Aggregate",
              "Strategy": "Plain",
              "Partial Mode": "Partial",
              "Parent Relationship": "Outer",
              "Parallel Aware": false,
              "Startup Cost": 48018.49,
              "Total Cost": 48018.5,
              "Plan Rows": 1,
              "Plan Width": 8,
              "Actual Startup Time": 84.323,
              "Actual Total Time": 84.325,
              "Actual Rows": 1,
              "Actual Loops": 5,
              "Plans": [
                {
                  "Node Type": "Nested Loop",
                  "Parent Relationship": "Outer",
                  "Parallel Aware": false,
                  "Join Type": "Inner",
                  "Startup Cost": 0.43,
                  "Total Cost": 48018.19,
                  "Plan Rows": 118,
                  "Plan Width": 0,
                  "Actual Startup Time": 52.528,
                  "Actual Total Time": 84.302,
                  "Actual Rows": 115,
                  "Actual Loops": 5,
                  "Inner Unique": false,
                  "Plans": [
                    {
                      "Node Type": "Seq Scan",
                      "Parent Relationship": "Outer",
                      "Parallel Aware": true,
                      "Relation Name": "title",
                      "Alias": "t",
                      "Startup Cost": 0.0,
                      "Total Cost": 45479.59,
                      "Plan Rows": 324,
                      "Plan Width": 4,
                      "Actual Startup Time": 51.883,
                      "Actual Total Time": 78.589,
                      "Actual Rows": 919,
                      "Actual Loops": 5,
                      "Filter": "((kind_id = 1) AND (production_year = 1910))",
                      "Rows Removed by Filter": 504743
                    },
                    {
                      "Node Type": "Index Scan",
                      "Parent Relationship": "Inner",
                      "Parallel Aware": false,
                      "Scan Direction": "Forward",
                      "Index Name": "movie_id_movie_info_idx",
                      "Relation Name": "movie_info_idx",
                      "Alias": "mi_idx",
                      "Startup Cost": 0.43,
                      "Total Cost": 7.82,
                      "Plan Rows": 2,
                      "Plan Width": 4,
                      "Actual Startup Time": 0.006,
                      "Actual Total Time": 0.006,
                      "Actual Rows": 0,
                      "Actual Loops": 4597,
                      "Index Cond": "(movie_id = t.id)",
                      "Rows Removed by Index Recheck": 0,
                      "Filter": "(info_type_id < 101)",
                      "Rows Removed by Filter": 0
                    }
                  ]
                }
              ]
            }
          ]
        }
      ]
    },
    "Planning Time": 0.191,
    "Triggers": [],
    "Execution Time": 101.336
  }
]