{
  "Plan": {
    "Node Type": "Aggregate",
    "Strategy": "Plain",
    "Partial Mode": "Simple",
    "Parallel Aware": false,
    "Startup Cost": 41246.54,
    "Total Cost": 41246.55,
    "Plan Rows": 1,
    "Plan Width": 8,
    "Actual Startup Time": 57.27,
    "Actual Total Time": 63.068,
    "Actual Rows": 1,
    "Actual Loops": 1,
    "Plans": [
      {
        "Node Type": "Gather",
        "Parent Relationship": "Outer",
        "Parallel Aware": false,
        "Startup Cost": 2824.03,
        "Total Cost": 41246.54,
        "Plan Rows": 1,
        "Plan Width": 0,
        "Actual Startup Time": 57.116,
        "Actual Total Time": 63.064,
        "Actual Rows": 1,
        "Actual Loops": 1,
        "Workers Planned": 1,
        "Workers Launched": 1,
        "Single Copy": false,
        "Plans": [
          {
            "Node Type": "Nested Loop",
            "Parent Relationship": "Outer",
            "Parallel Aware": false,
            "Join Type": "Inner",
            "Startup Cost": 1824.03,
            "Total Cost": 40246.44,
            "Plan Rows": 1,
            "Plan Width": 0,
            "Actual Startup Time": 48.365,
            "Actual Total Time": 50.958,
            "Actual Rows": 0,
            "Actual Loops": 2,
            "Inner Unique": false,
            "Join Filter": "(t.id = mi.movie_id)",
            "Rows Removed by Join Filter": 0,
            "Plans": [
              {
                "Node Type": "Nested Loop",
                "Parent Relationship": "Outer",
                "Parallel Aware": false,
                "Join Type": "Inner",
                "Startup Cost": 1823.59,
                "Total Cost": 40160.79,
                "Plan Rows": 48,
                "Plan Width": 8,
                "Actual Startup Time": 20.155,
                "Actual Total Time": 49.972,
                "Actual Rows": 31,
                "Actual Loops": 2,
                "Inner Unique": false,
                "Plans": [
                  {
                    "Node Type": "Bitmap Heap Scan",
                    "Parent Relationship": "Outer",
                    "Parallel Aware": true,
                    "Relation Name": "title",
                    "Alias": "t",
                    "Startup Cost": 1823.16,
                    "Total Cost": 38723.16,
                    "Plan Rows": 69,
                    "Plan Width": 4,
                    "Actual Startup Time": 19.069,
                    "Actual Total Time": 49.267,
                    "Actual Rows": 28,
                    "Actual Loops": 2,
                    "Recheck Cond": "(kind_id = 3)",
                    "Rows Removed by Index Recheck": 0,
                    "Filter": "(production_year > 2013)",
                    "Rows Removed by Filter": 50241,
                    "Exact Heap Blocks": 11467,
                    "Lossy Heap Blocks": 0,
                    "Plans": [
                      {
                        "Node Type": "Bitmap Index Scan",
                        "Parent Relationship": "Outer",
                        "Parallel Aware": false,
                        "Index Name": "kind_id_title",
                        "Startup Cost": 0.0,
                        "Total Cost": 1823.13,
                        "Plan Rows": 102227,
                        "Plan Width": 0,
                        "Actual Startup Time": 16.492,
                        "Actual Total Time": 16.493,
                        "Actual Rows": 100537,
                        "Actual Loops": 1,
                        "Index Cond": "(kind_id = 3)"
                      }
                    ]
                  },
                  {
                    "Node Type": "Index Scan",
                    "Parent Relationship": "Inner",
                    "Parallel Aware": false,
                    "Scan Direction": "Forward",
                    "Index Name": "movie_id_movie_companies",
                    "Relation Name": "movie_companies",
                    "Alias": "mc",
                    "Startup Cost": 0.43,
                    "Total Cost": 20.8,
                    "Plan Rows": 4,
                    "Plan Width": 4,
                    "Actual Startup Time": 0.024,
                    "Actual Total Time": 0.024,
                    "Actual Rows": 1,
                    "Actual Loops": 55,
                    "Index Cond": "(movie_id = t.id)",
                    "Rows Removed by Index Recheck": 0,
                    "Filter": "(company_id > 2548)",
                    "Rows Removed by Filter": 1
                  }
                ]
              },
              {
                "Node Type": "Index Scan",
                "Parent Relationship": "Inner",
                "Parallel Aware": false,
                "Scan Direction": "Forward",
                "Index Name": "movie_id_movie_info",
                "Relation Name": "movie_info",
                "Alias": "mi",
                "Startup Cost": 0.43,
                "Total Cost": 1.77,
                "Plan Rows": 1,
                "Plan Width": 4,
                "Actual Startup Time": 0.03,
                "Actual Total Time": 0.031,
                "Actual Rows": 0,
                "Actual Loops": 62,
                "Index Cond": "(movie_id = mc.movie_id)",
                "Rows Removed by Index Recheck": 0,
                "Filter": "(info_type_id = 102)",
                "Rows Removed by Filter": 7
              }
            ]
          }
        ]
      }
    ]
  },
  "Planning Time": 1.004,
  "Triggers": [],
  "Execution Time": 63.152
}