{
  "Plan": {
    "Node Type": "Aggregate",
    "Strategy": "Plain",
    "Partial Mode": "Finalize",
    "Parallel Aware": false,
    "Startup Cost": 77574.03,
    "Total Cost": 77574.04,
    "Plan Rows": 1,
    "Plan Width": 8,
    "Actual Startup Time": 251.577,
    "Actual Total Time": 262.147,
    "Actual Rows": 1,
    "Actual Loops": 1,
    "Plans": [
      {
        "Node Type": "Gather",
        "Parent Relationship": "Outer",
        "Parallel Aware": false,
        "Startup Cost": 77573.92,
        "Total Cost": 77574.03,
        "Plan Rows": 1,
        "Plan Width": 8,
        "Actual Startup Time": 251.414,
        "Actual Total Time": 262.14,
        "Actual Rows": 2,
        "Actual Loops": 1,
        "Workers Planned": 1,
        "Workers Launched": 1,
        "Single Copy": false,
        "Plans": [
          {
            "Node Type": "Aggregate",
            "Strategy": "Plain",
            "Partial Mode": "Partial",
            "Parent Relationship": "Outer",
            "Parallel Aware": false,
            "Startup Cost": 76573.92,
            "Total Cost": 76573.93,
            "Plan Rows": 1,
            "Plan Width": 8,
            "Actual Startup Time": 246.049,
            "Actual Total Time": 246.052,
            "Actual Rows": 1,
            "Actual Loops": 2,
            "Plans": [
              {
                "Node Type": "Hash Join",
                "Parent Relationship": "Outer",
                "Parallel Aware": true,
                "Join Type": "Inner",
                "Startup Cost": 58381.89,
                "Total Cost": 76565.68,
                "Plan Rows": 3294,
                "Plan Width": 0,
                "Actual Startup Time": 149.362,
                "Actual Total Time": 245.932,
                "Actual Rows": 2439,
                "Actual Loops": 2,
                "Inner Unique": true,
                "Hash Cond": "(mi_idx.movie_id = t.id)",
                "Plans": [
                  {
                    "Node Type": "Seq Scan",
                    "Parent Relationship": "Outer",
                    "Parallel Aware": true,
                    "Relation Name": "movie_info_idx",
                    "Alias": "mi_idx",
                    "Startup Cost": 0.0,
                    "Total Cost": 16052.85,
                    "Plan Rows": 811785,
                    "Plan Width": 4,
                    "Actual Startup Time": 0.019,
                    "Actual Total Time": 49.424,
                    "Actual Rows": 690018,
                    "Actual Loops": 2
                  },
                  {
                    "Node Type": "Hash",
                    "Parent Relationship": "Inner",
                    "Parallel Aware": true,
                    "Startup Cost": 58306.47,
                    "Total Cost": 58306.47,
                    "Plan Rows": 6034,
                    "Plan Width": 4,
                    "Actual Startup Time": 148.02,
                    "Actual Total Time": 148.021,
                    "Actual Rows": 4655,
                    "Actual Loops": 2,
                    "Hash Buckets": 16384,
                    "Original Hash Buckets": 16384,
                    "Hash Batches": 1,
                    "Original Hash Batches": 1,
                    "Peak Memory Usage": 512,
                    "Plans": [
                      {
                        "Node Type": "Seq Scan",
                        "Parent Relationship": "Outer",
                        "Parallel Aware": true,
                        "Relation Name": "title",
                        "Alias": "t",
                        "Startup Cost": 0.0,
                        "Total Cost": 58306.47,
                        "Plan Rows": 6034,
                        "Plan Width": 4,
                        "Actual Startup Time": 0.199,
                        "Actual Total Time": 145.922,
                        "Actual Rows": 4655,
                        "Actual Loops": 2,
                        "Filter": "((kind_id > 1) AND (production_year = 1965))",
                        "Rows Removed by Filter": 1259501
                      }
                    ]
                  }
                ]
              }
            ]
          }
        ]
      }
    ]
  },
  "Planning Time": 0.514,
  "Triggers": [],
  "Execution Time": 262.218
}