[
  {
    "Plan": {
      "Node Type": "Aggregate",
      "Strategy": "Plain",
      "Partial Mode": "Finalize",
      "Parallel Aware": false,
      "Startup Cost": 285044.14,
      "Total Cost": 285044.15,
      "Plan Rows": 1,
      "Plan Width": 8,
      "Actual Startup Time": 722.666,
      "Actual Total Time": 771.286,
      "Actual Rows": 1,
      "Actual Loops": 1,
      "Plans": [
        {
          "Node Type": "Gather",
          "Parent Relationship": "Outer",
          "Parallel Aware": false,
          "Startup Cost": 285043.62,
          "Total Cost": 285044.13,
          "Plan Rows": 5,
          "Plan Width": 8,
          "Actual Startup Time": 715.48,
          "Actual Total Time": 771.27,
          "Actual Rows": 6,
          "Actual Loops": 1,
          "Workers Planned": 5,
          "Workers Launched": 5,
          "Single Copy": false,
          "Plans": [
            {
              "Node Type": "Aggregate",
              "Strategy": "Plain",
              "Partial Mode": "Partial",
              "Parent Relationship": "Outer",
              "Parallel Aware": false,
              "Startup Cost": 284043.62,
              "Total Cost": 284043.63,
              "Plan Rows": 1,
              "Plan Width": 8,
              "Actual Startup Time": 706.861,
              "Actual Total Time": 706.87,
              "Actual Rows": 1,
              "Actual Loops": 6,
              "Plans": [
                {
                  "Node Type": "Hash Join",
                  "Parent Relationship": "Outer",
                  "Parallel Aware": true,
                  "Join Type": "Inner",
                  "Startup Cost": 79362.13,
                  "Total Cost": 283627.64,
                  "Plan Rows": 166392,
                  "Plan Width": 0,
                  "Actual Startup Time": 276.017,
                  "Actual Total Time": 699.485,
                  "Actual Rows": 165025,
                  "Actual Loops": 6,
                  "Inner Unique": false,
                  "Hash Cond": "(mi.movie_id = t.id)",
                  "Plans": [
                    {
                      "Node Type": "Seq Scan",
                      "Parent Relationship": "Outer",
                      "Parallel Aware": true,
                      "Relation Name": "movie_info",
                      "Alias": "mi",
                      "Startup Cost": 0.0,
                      "Total Cost": 199108.24,
                      "Plan Rows": 1232139,
                      "Plan Width": 4,
                      "Actual Startup Time": 16.283,
                      "Actual Total Time": 326.737,
                      "Actual Rows": 1037249,
                      "Actual Loops": 6,
                      "Filter": "(info_type_id > 8)",
                      "Rows Removed by Filter": 1435371
                    },
                    {
                      "Node Type": "Hash",
                      "Parent Relationship": "Inner",
                      "Parallel Aware": true,
                      "Startup Cost": 77985.33,
                      "Total Cost": 77985.33,
                      "Plan Rows": 110144,
                      "Plan Width": 8,
                      "Actual Startup Time": 257.185,
                      "Actual Total Time": 257.19,
                      "Actual Rows": 21473,
                      "Actual Loops": 6,
                      "Hash Buckets": 524288,
                      "Original Hash Buckets": 524288,
                      "Hash Batches": 1,
                      "Original Hash Batches": 1,
                      "Peak Memory Usage": 9216,
                      "Plans": [
                        {
                          "Node Type": "Hash Join",
                          "Parent Relationship": "Outer",
                          "Parallel Aware": true,
                          "Join Type": "Inner",
                          "Startup Cost": 47594.42,
                          "Total Cost": 77985.33,
                          "Plan Rows": 110144,
                          "Plan Width": 8,
                          "Actual Startup Time": 153.619,
                          "Actual Total Time": 246.842,
                          "Actual Rows": 21473,
                          "Actual Loops": 6,
                          "Inner Unique": true,
                          "Hash Cond": "(mc.movie_id = t.id)",
                          "Plans": [
                            {
                              "Node Type": "Seq Scan",
                              "Parent Relationship": "Outer",
                              "Parallel Aware": true,
                              "Relation Name": "movie_companies",
                              "Alias": "mc",
                              "Startup Cost": 0.0,
                              "Total Cost": 29310.68,
                              "Plan Rows": 411513,
                              "Plan Width": 4,
                              "Actual Startup Time": 0.014,
                              "Actual Total Time": 49.72,
                              "Actual Rows": 212374,
                              "Actual Loops": 6,
                              "Filter": "(company_type_id = 1)",
                              "Rows Removed by Filter": 222480
                            },
                            {
                              "Node Type": "Hash",
                              "Parent Relationship": "Inner",
                              "Parallel Aware": true,
                              "Startup Cost": 45479.59,
                              "Total Cost": 45479.59,
                              "Plan Rows": 169187,
                              "Plan Width": 4,
                              "Actual Startup Time": 151.197,
                              "Actual Total Time": 151.199,
                              "Actual Rows": 123280,
                              "Actual Loops": 6,
                              "Hash Buckets": 1048576,
                              "Original Hash Buckets": 1048576,
                              "Hash Batches": 1,
                              "Original Hash Batches": 1,
                              "Peak Memory Usage": 37216,
                              "Plans": [
                                {
                                  "Node Type": "Seq Scan",
                                  "Parent Relationship": "Outer",
                                  "Parallel Aware": true,
                                  "Relation Name": "title",
                                  "Alias": "t",
                                  "Startup Cost": 0.0,
                                  "Total Cost": 45479.59,
                                  "Plan Rows": 169187,
                                  "Plan Width": 4,
                                  "Actual Startup Time": 0.054,
                                  "Actual Total Time": 85.899,
                                  "Actual Rows": 123280,
                                  "Actual Loops": 6,
                                  "Filter": "((production_year > 2004) AND (kind_id = 7))",
                                  "Rows Removed by Filter": 298106
                                }
                              ]
                            }
                          ]
                        }
                      ]
                    }
                  ]
                }
              ]
            }
          ]
        }
      ]
    },
    "Planning Time": 1.533,
    "Triggers": [],
    "Execution Time": 771.383
  }
]