[
    {
        "Bao": {
            "Bao prediction": 480.485,
            "Bao recommended hint": "(no hint)"
        }
    },
    {
        "Plan": {
            "Node Type": "Aggregate",
            "Strategy": "Plain",
            "Partial Mode": "Finalize",
            "Parallel Aware": false,
            "Startup Cost": 118493.02,
            "Total Cost": 118493.03,
            "Plan Rows": 1,
            "Plan Width": 8,
            "Actual Startup Time": 299.899,
            "Actual Total Time": 310.962,
            "Actual Rows": 1,
            "Actual Loops": 1,
            "Output": [
                "count(*)"
            ],
            "Plans": [
                {
                    "Node Type": "Gather",
                    "Parent Relationship": "Outer",
                    "Parallel Aware": false,
                    "Startup Cost": 118492.5,
                    "Total Cost": 118493.01,
                    "Plan Rows": 5,
                    "Plan Width": 8,
                    "Actual Startup Time": 298.638,
                    "Actual Total Time": 310.954,
                    "Actual Rows": 6,
                    "Actual Loops": 1,
                    "Output": [
                        "(PARTIAL count(*))"
                    ],
                    "Workers Planned": 5,
                    "Workers Launched": 5,
                    "Single Copy": false,
                    "Plans": [
                        {
                            "Node Type": "Aggregate",
                            "Strategy": "Plain",
                            "Partial Mode": "Partial",
                            "Parent Relationship": "Outer",
                            "Parallel Aware": false,
                            "Startup Cost": 117492.5,
                            "Total Cost": 117492.51,
                            "Plan Rows": 1,
                            "Plan Width": 8,
                            "Actual Startup Time": 288.96,
                            "Actual Total Time": 288.963,
                            "Actual Rows": 1,
                            "Actual Loops": 6,
                            "Output": [
                                "PARTIAL count(*)"
                            ],
                            "Workers": [
                                {
                                    "Worker Number": 0,
                                    "Actual Startup Time": 286.484,
                                    "Actual Total Time": 286.488,
                                    "Actual Rows": 1,
                                    "Actual Loops": 1
                                },
                                {
                                    "Worker Number": 1,
                                    "Actual Startup Time": 287.049,
                                    "Actual Total Time": 287.052,
                                    "Actual Rows": 1,
                                    "Actual Loops": 1
                                },
                                {
                                    "Worker Number": 2,
                                    "Actual Startup Time": 287.304,
                                    "Actual Total Time": 287.307,
                                    "Actual Rows": 1,
                                    "Actual Loops": 1
                                },
                                {
                                    "Worker Number": 3,
                                    "Actual Startup Time": 287.275,
                                    "Actual Total Time": 287.279,
                                    "Actual Rows": 1,
                                    "Actual Loops": 1
                                },
                                {
                                    "Worker Number": 4,
                                    "Actual Startup Time": 287.859,
                                    "Actual Total Time": 287.862,
                                    "Actual Rows": 1,
                                    "Actual Loops": 1
                                }
                            ],
                            "Plans": [
                                {
                                    "Node Type": "Hash Join",
                                    "Parent Relationship": "Outer",
                                    "Parallel Aware": true,
                                    "Join Type": "Inner",
                                    "Startup Cost": 44191.38,
                                    "Total Cost": 117452.41,
                                    "Plan Rows": 16035,
                                    "Plan Width": 0,
                                    "Actual Startup Time": 97.618,
                                    "Actual Total Time": 287.884,
                                    "Actual Rows": 13135,
                                    "Actual Loops": 6,
                                    "Inner Unique": true,
                                    "Hash Cond": "(ci.movie_id = t.id)",
                                    "Workers": [
                                        {
                                            "Worker Number": 0,
                                            "Actual Startup Time": 95.415,
                                            "Actual Total Time": 285.448,
                                            "Actual Rows": 12565,
                                            "Actual Loops": 1
                                        },
                                        {
                                            "Worker Number": 1,
                                            "Actual Startup Time": 95.623,
                                            "Actual Total Time": 286.051,
                                            "Actual Rows": 11967,
                                            "Actual Loops": 1
                                        },
                                        {
                                            "Worker Number": 2,
                                            "Actual Startup Time": 95.762,
                                            "Actual Total Time": 286.235,
                                            "Actual Rows": 12886,
                                            "Actual Loops": 1
                                        },
                                        {
                                            "Worker Number": 3,
                                            "Actual Startup Time": 95.988,
                                            "Actual Total Time": 286.186,
                                            "Actual Rows": 13105,
                                            "Actual Loops": 1
                                        },
                                        {
                                            "Worker Number": 4,
                                            "Actual Startup Time": 96.679,
                                            "Actual Total Time": 286.793,
                                            "Actual Rows": 12971,
                                            "Actual Loops": 1
                                        }
                                    ],
                                    "Plans": [
                                        {
                                            "Node Type": "Index Scan",
                                            "Parent Relationship": "Outer",
                                            "Parallel Aware": true,
                                            "Scan Direction": "Forward",
                                            "Index Name": "role_id_cast_info",
                                            "Relation Name": "cast_info",
                                            "Schema": "public",
                                            "Alias": "ci",
                                            "Startup Cost": 0.56,
                                            "Total Cost": 72121.93,
                                            "Plan Rows": 434158,
                                            "Plan Width": 4,
                                            "Actual Startup Time": 0.243,
                                            "Actual Total Time": 120.835,
                                            "Actual Rows": 377237,
                                            "Actual Loops": 6,
                                            "Output": [
                                                "ci.id",
                                                "ci.person_id",
                                                "ci.movie_id",
                                                "ci.person_role_id",
                                                "ci.note",
                                                "ci.nr_order",
                                                "ci.role_id"
                                            ],
                                            "Index Cond": "(ci.role_id = 4)",
                                            "Rows Removed by Index Recheck": 0,
                                            "Filter": "(ci.person_id > 645943)",
                                            "Rows Removed by Filter": 77587,
                                            "Workers": [
                                                {
                                                    "Worker Number": 0,
                                                    "Actual Startup Time": 0.491,
                                                    "Actual Total Time": 120.492,
                                                    "Actual Rows": 359113,
                                                    "Actual Loops": 1
                                                },
                                                {
                                                    "Worker Number": 1,
                                                    "Actual Startup Time": 0.132,
                                                    "Actual Total Time": 121.259,
                                                    "Actual Rows": 374166,
                                                    "Actual Loops": 1
                                                },
                                                {
                                                    "Worker Number": 2,
                                                    "Actual Startup Time": 0.064,
                                                    "Actual Total Time": 121.627,
                                                    "Actual Rows": 374079,
                                                    "Actual Loops": 1
                                                },
                                                {
                                                    "Worker Number": 3,
                                                    "Actual Startup Time": 0.32,
                                                    "Actual Total Time": 121.806,
                                                    "Actual Rows": 372817,
                                                    "Actual Loops": 1
                                                },
                                                {
                                                    "Worker Number": 4,
                                                    "Actual Startup Time": 0.407,
                                                    "Actual Total Time": 120.803,
                                                    "Actual Rows": 372759,
                                                    "Actual Loops": 1
                                                }
                                            ]
                                        },
                                        {
                                            "Node Type": "Hash",
                                            "Parent Relationship": "Inner",
                                            "Parallel Aware": true,
                                            "Startup Cost": 43899.01,
                                            "Total Cost": 43899.01,
                                            "Plan Rows": 23345,
                                            "Plan Width": 4,
                                            "Actual Startup Time": 95.945,
                                            "Actual Total Time": 95.946,
                                            "Actual Rows": 15834,
                                            "Actual Loops": 6,
                                            "Output": [
                                                "t.id"
                                            ],
                                            "Hash Buckets": 131072,
                                            "Original Hash Buckets": 131072,
                                            "Hash Batches": 1,
                                            "Original Hash Batches": 1,
                                            "Peak Memory Usage": 4800,
                                            "Workers": [
                                                {
                                                    "Worker Number": 0,
                                                    "Actual Startup Time": 94.398,
                                                    "Actual Total Time": 94.4,
                                                    "Actual Rows": 13021,
                                                    "Actual Loops": 1
                                                },
                                                {
                                                    "Worker Number": 1,
                                                    "Actual Startup Time": 94.971,
                                                    "Actual Total Time": 94.972,
                                                    "Actual Rows": 13523,
                                                    "Actual Loops": 1
                                                },
                                                {
                                                    "Worker Number": 2,
                                                    "Actual Startup Time": 95.214,
                                                    "Actual Total Time": 95.214,
                                                    "Actual Rows": 13866,
                                                    "Actual Loops": 1
                                                },
                                                {
                                                    "Worker Number": 3,
                                                    "Actual Startup Time": 95.23,
                                                    "Actual Total Time": 95.231,
                                                    "Actual Rows": 13829,
                                                    "Actual Loops": 1
                                                },
                                                {
                                                    "Worker Number": 4,
                                                    "Actual Startup Time": 95.634,
                                                    "Actual Total Time": 95.635,
                                                    "Actual Rows": 13970,
                                                    "Actual Loops": 1
                                                }
                                            ],
                                            "Plans": [
                                                {
                                                    "Node Type": "Seq Scan",
                                                    "Parent Relationship": "Outer",
                                                    "Parallel Aware": true,
                                                    "Relation Name": "title",
                                                    "Schema": "public",
                                                    "Alias": "t",
                                                    "Startup Cost": 0.0,
                                                    "Total Cost": 43899.01,
                                                    "Plan Rows": 23345,
                                                    "Plan Width": 4,
                                                    "Actual Startup Time": 0.052,
                                                    "Actual Total Time": 88.097,
                                                    "Actual Rows": 15834,
                                                    "Actual Loops": 6,
                                                    "Output": [
                                                        "t.id"
                                                    ],
                                                    "Filter": "(t.production_year = 2005)",
                                                    "Rows Removed by Filter": 405551,
                                                    "Workers": [
                                                        {
                                                            "Worker Number": 0,
                                                            "Actual Startup Time": 0.051,
                                                            "Actual Total Time": 86.6,
                                                            "Actual Rows": 13021,
                                                            "Actual Loops": 1
                                                        },
                                                        {
                                                            "Worker Number": 1,
                                                            "Actual Startup Time": 0.112,
                                                            "Actual Total Time": 87.05,
                                                            "Actual Rows": 13523,
                                                            "Actual Loops": 1
                                                        },
                                                        {
                                                            "Worker Number": 2,
                                                            "Actual Startup Time": 0.044,
                                                            "Actual Total Time": 88.001,
                                                            "Actual Rows": 13866,
                                                            "Actual Loops": 1
                                                        },
                                                        {
                                                            "Worker Number": 3,
                                                            "Actual Startup Time": 0.045,
                                                            "Actual Total Time": 88.021,
                                                            "Actual Rows": 13829,
                                                            "Actual Loops": 1
                                                        },
                                                        {
                                                            "Worker Number": 4,
                                                            "Actual Startup Time": 0.037,
                                                            "Actual Total Time": 87.983,
                                                            "Actual Rows": 13970,
                                                            "Actual Loops": 1
                                                        }
                                                    ]
                                                }
                                            ]
                                        }
                                    ]
                                }
                            ]
                        }
                    ]
                }
            ]
        },
        "Planning Time": 2955.716,
        "Triggers": [],
        "Execution Time": 311.08
    }
]