[
  {
    "Plan": {
      "Node Type": "Aggregate",
      "Strategy": "Plain",
      "Partial Mode": "Finalize",
      "Parallel Aware": false,
      "Startup Cost": 31057.49,
      "Total Cost": 31057.5,
      "Plan Rows": 1,
      "Plan Width": 8,
      "Actual Startup Time": 103.899,
      "Actual Total Time": 109.858,
      "Actual Rows": 1,
      "Actual Loops": 1,
      "Plans": [
        {
          "Node Type": "Gather",
          "Parent Relationship": "Outer",
          "Parallel Aware": false,
          "Startup Cost": 31057.17,
          "Total Cost": 31057.48,
          "Plan Rows": 3,
          "Plan Width": 8,
          "Actual Startup Time": 103.752,
          "Actual Total Time": 109.848,
          "Actual Rows": 4,
          "Actual Loops": 1,
          "Workers Planned": 3,
          "Workers Launched": 3,
          "Single Copy": false,
          "Plans": [
            {
              "Node Type": "Aggregate",
              "Strategy": "Plain",
              "Partial Mode": "Partial",
              "Parent Relationship": "Outer",
              "Parallel Aware": false,
              "Startup Cost": 30057.17,
              "Total Cost": 30057.18,
              "Plan Rows": 1,
              "Plan Width": 8,
              "Actual Startup Time": 95.175,
              "Actual Total Time": 95.176,
              "Actual Rows": 1,
              "Actual Loops": 4,
              "Plans": [
                {
                  "Node Type": "Seq Scan",
                  "Parent Relationship": "Outer",
                  "Parallel Aware": true,
                  "Relation Name": "movie_companies",
                  "Alias": "mc",
                  "Startup Cost": 0.0,
                  "Total Cost": 29310.68,
                  "Plan Rows": 298596,
                  "Plan Width": 0,
                  "Actual Startup Time": 0.032,
                  "Actual Total Time": 79.052,
                  "Actual Rows": 231398,
                  "Actual Loops": 4,
                  "Filter": "(company_id < 3239)",
                  "Rows Removed by Filter": 420884
                }
              ]
            }
          ]
        }
      ]
    },
    "Planning Time": 0.273,
    "Triggers": [],
    "Execution Time": 109.936
  }
]