[
  {
    "Plan": {
      "Node Type": "Aggregate",
      "Strategy": "Plain",
      "Partial Mode": "Finalize",
      "Parallel Aware": false,
      "Startup Cost": 423602.44,
      "Total Cost": 423602.45,
      "Plan Rows": 1,
      "Plan Width": 8,
      "Actual Startup Time": 3577.501,
      "Actual Total Time": 3663.497,
      "Actual Rows": 1,
      "Actual Loops": 1,
      "Plans": [
        {
          "Node Type": "Gather",
          "Parent Relationship": "Outer",
          "Parallel Aware": false,
          "Startup Cost": 423601.91,
          "Total Cost": 423602.42,
          "Plan Rows": 5,
          "Plan Width": 8,
          "Actual Startup Time": 3573.929,
          "Actual Total Time": 3663.488,
          "Actual Rows": 6,
          "Actual Loops": 1,
          "Workers Planned": 5,
          "Workers Launched": 5,
          "Single Copy": false,
          "Plans": [
            {
              "Node Type": "Aggregate",
              "Strategy": "Plain",
              "Partial Mode": "Partial",
              "Parent Relationship": "Outer",
              "Parallel Aware": false,
              "Startup Cost": 422601.91,
              "Total Cost": 422601.92,
              "Plan Rows": 1,
              "Plan Width": 8,
              "Actual Startup Time": 3562.914,
              "Actual Total Time": 3562.917,
              "Actual Rows": 1,
              "Actual Loops": 6,
              "Plans": [
                {
                  "Node Type": "Nested Loop",
                  "Parent Relationship": "Outer",
                  "Parallel Aware": false,
                  "Join Type": "Inner",
                  "Startup Cost": 92529.64,
                  "Total Cost": 418815.0,
                  "Plan Rows": 1514766,
                  "Plan Width": 0,
                  "Actual Startup Time": 344.979,
                  "Actual Total Time": 3361.242,
                  "Actual Rows": 4179067,
                  "Actual Loops": 6,
                  "Inner Unique": false,
                  "Plans": [
                    {
                      "Node Type": "Merge Join",
                      "Parent Relationship": "Outer",
                      "Parallel Aware": false,
                      "Join Type": "Inner",
                      "Startup Cost": 92529.08,
                      "Total Cost": 187504.81,
                      "Plan Rows": 105713,
                      "Plan Width": 8,
                      "Actual Startup Time": 344.859,
                      "Actual Total Time": 699.236,
                      "Actual Rows": 85548,
                      "Actual Loops": 6,
                      "Inner Unique": false,
                      "Merge Cond": "(t.id = mk.movie_id)",
                      "Plans": [
                        {
                          "Node Type": "Index Only Scan",
                          "Parent Relationship": "Outer",
                          "Parallel Aware": true,
                          "Scan Direction": "Forward",
                          "Index Name": "title_pkey",
                          "Relation Name": "title",
                          "Alias": "t",
                          "Startup Cost": 0.43,
                          "Total Cost": 90113.62,
                          "Plan Rows": 505659,
                          "Plan Width": 4,
                          "Actual Startup Time": 0.141,
                          "Actual Total Time": 299.582,
                          "Actual Rows": 420996,
                          "Actual Loops": 6,
                          "Heap Fetches": 2525977
                        },
                        {
                          "Node Type": "Sort",
                          "Parent Relationship": "Inner",
                          "Parallel Aware": false,
                          "Startup Cost": 92518.53,
                          "Total Cost": 93839.94,
                          "Plan Rows": 528565,
                          "Plan Width": 4,
                          "Actual Startup Time": 311.295,
                          "Actual Total Time": 339.192,
                          "Actual Rows": 513289,
                          "Actual Loops": 6,
                          "Sort Key": [
                            "mk.movie_id"
                          ],
                          "Sort Method": "quicksort",
                          "Sort Space Used": 36349,
                          "Sort Space Type": "Memory",
                          "Workers": [
                            {
                              "Worker Number": 0,
                              "Sort Method": "quicksort",
                              "Sort Space Used": 36349,
                              "Sort Space Type": "Memory"
                            },
                            {
                              "Worker Number": 1,
                              "Sort Method": "quicksort",
                              "Sort Space Used": 36349,
                              "Sort Space Type": "Memory"
                            },
                            {
                              "Worker Number": 2,
                              "Sort Method": "quicksort",
                              "Sort Space Used": 36349,
                              "Sort Space Type": "Memory"
                            },
                            {
                              "Worker Number": 3,
                              "Sort Method": "quicksort",
                              "Sort Space Used": 36349,
                              "Sort Space Type": "Memory"
                            },
                            {
                              "Worker Number": 4,
                              "Sort Method": "quicksort",
                              "Sort Space Used": 36349,
                              "Sort Space Type": "Memory"
                            }
                          ],
                          "Plans": [
                            {
                              "Node Type": "Bitmap Heap Scan",
                              "Parent Relationship": "Outer",
                              "Parallel Aware": false,
                              "Relation Name": "movie_keyword",
                              "Alias": "mk",
                              "Startup Cost": 11212.81,
                              "Total Cost": 42273.87,
                              "Plan Rows": 528565,
                              "Plan Width": 4,
                              "Actual Startup Time": 54.212,
                              "Actual Total Time": 194.551,
                              "Actual Rows": 513289,
                              "Actual Loops": 6,
                              "Recheck Cond": "(keyword_id > 35304)",
                              "Rows Removed by Index Recheck": 0,
                              "Exact Heap Blocks": 23056,
                              "Lossy Heap Blocks": 0,
                              "Plans": [
                                {
                                  "Node Type": "Bitmap Index Scan",
                                  "Parent Relationship": "Outer",
                                  "Parallel Aware": false,
                                  "Index Name": "keyword_id_movie_keyword",
                                  "Startup Cost": 0.0,
                                  "Total Cost": 11080.67,
                                  "Plan Rows": 528565,
                                  "Plan Width": 0,
                                  "Actual Startup Time": 50.778,
                                  "Actual Total Time": 50.779,
                                  "Actual Rows": 513289,
                                  "Actual Loops": 6,
                                  "Index Cond": "(keyword_id > 35304)"
                                }
                              ]
                            }
                          ]
                        }
                      ]
                    },
                    {
                      "Node Type": "Index Only Scan",
                      "Parent Relationship": "Inner",
                      "Parallel Aware": false,
                      "Scan Direction": "Forward",
                      "Index Name": "movie_id_cast_info",
                      "Relation Name": "cast_info",
                      "Alias": "ci",
                      "Startup Cost": 0.56,
                      "Total Cost": 1.82,
                      "Plan Rows": 37,
                      "Plan Width": 4,
                      "Actual Startup Time": 0.004,
                      "Actual Total Time": 0.028,
                      "Actual Rows": 49,
                      "Actual Loops": 513289,
                      "Index Cond": "(movie_id = t.id)",
                      "Rows Removed by Index Recheck": 0,
                      "Heap Fetches": 25074404
                    }
                  ]
                }
              ]
            }
          ]
        }
      ]
    },
    "Planning Time": 1.255,
    "Triggers": [],
    "Execution Time": 3669.616
  }
]