{
  "Plan": {
    "Node Type": "Aggregate",
    "Strategy": "Plain",
    "Partial Mode": "Finalize",
    "Parallel Aware": false,
    "Startup Cost": 1673017.97,
    "Total Cost": 1673017.98,
    "Plan Rows": 1,
    "Plan Width": 8,
    "Actual Startup Time": 12124.762,
    "Actual Total Time": 12237.366,
    "Actual Rows": 1,
    "Actual Loops": 1,
    "Plans": [
      {
        "Node Type": "Gather",
        "Parent Relationship": "Outer",
        "Parallel Aware": false,
        "Startup Cost": 1673017.85,
        "Total Cost": 1673017.96,
        "Plan Rows": 1,
        "Plan Width": 8,
        "Actual Startup Time": 12065.344,
        "Actual Total Time": 12237.354,
        "Actual Rows": 2,
        "Actual Loops": 1,
        "Workers Planned": 1,
        "Workers Launched": 1,
        "Single Copy": false,
        "Plans": [
          {
            "Node Type": "Aggregate",
            "Strategy": "Plain",
            "Partial Mode": "Partial",
            "Parent Relationship": "Outer",
            "Parallel Aware": false,
            "Startup Cost": 1672017.85,
            "Total Cost": 1672017.86,
            "Plan Rows": 1,
            "Plan Width": 8,
            "Actual Startup Time": 12050.893,
            "Actual Total Time": 12062.794,
            "Actual Rows": 1,
            "Actual Loops": 2,
            "Plans": [
              {
                "Node Type": "Hash Join",
                "Parent Relationship": "Outer",
                "Parallel Aware": true,
                "Join Type": "Inner",
                "Startup Cost": 1533749.79,
                "Total Cost": 1651962.57,
                "Plan Rows": 8022115,
                "Plan Width": 0,
                "Actual Startup Time": 7903.828,
                "Actual Total Time": 10691.192,
                "Actual Rows": 35299480,
                "Actual Loops": 2,
                "Inner Unique": false,
                "Hash Cond": "(mk.movie_id = t.id)",
                "Plans": [
                  {
                    "Node Type": "Seq Scan",
                    "Parent Relationship": "Outer",
                    "Parallel Aware": true,
                    "Relation Name": "movie_keyword",
                    "Alias": "mk",
                    "Startup Cost": 0.0,
                    "Total Cost": 51065.35,
                    "Plan Rows": 2661135,
                    "Plan Width": 4,
                    "Actual Startup Time": 0.027,
                    "Actual Total Time": 157.566,
                    "Actual Rows": 2261965,
                    "Actual Loops": 2
                  },
                  {
                    "Node Type": "Hash",
                    "Parent Relationship": "Inner",
                    "Parallel Aware": true,
                    "Startup Cost": 1477708.2,
                    "Total Cost": 1477708.2,
                    "Plan Rows": 4483327,
                    "Plan Width": 8,
                    "Actual Startup Time": 7871.604,
                    "Actual Total Time": 7871.609,
                    "Actual Rows": 5781320,
                    "Actual Loops": 2,
                    "Hash Buckets": 16777216,
                    "Original Hash Buckets": 8388608,
                    "Hash Batches": 1,
                    "Original Hash Batches": 1,
                    "Peak Memory Usage": 648960,
                    "Plans": [
                      {
                        "Node Type": "Merge Join",
                        "Parent Relationship": "Outer",
                        "Parallel Aware": false,
                        "Join Type": "Inner",
                        "Startup Cost": 1397828.98,
                        "Total Cost": 1477708.2,
                        "Plan Rows": 4483327,
                        "Plan Width": 8,
                        "Actual Startup Time": 3954.159,
                        "Actual Total Time": 6199.269,
                        "Actual Rows": 5781320,
                        "Actual Loops": 2,
                        "Inner Unique": true,
                        "Merge Cond": "(ci.movie_id = t.id)",
                        "Plans": [
                          {
                            "Node Type": "Sort",
                            "Parent Relationship": "Outer",
                            "Parallel Aware": false,
                            "Startup Cost": 1067667.0,
                            "Total Cost": 1078875.31,
                            "Plan Rows": 4483327,
                            "Plan Width": 4,
                            "Actual Startup Time": 3040.21,
                            "Actual Total Time": 3844.996,
                            "Actual Rows": 5781320,
                            "Actual Loops": 2,
                            "Sort Key": [
                              "ci.movie_id"
                            ],
                            "Sort Method": "quicksort",
                            "Sort Space Used": 473546,
                            "Sort Space Type": "Memory",
                            "Workers": [
                              {
                                "Worker Number": 0,
                                "Sort Method": "quicksort",
                                "Sort Space Used": 461670,
                                "Sort Space Type": "Memory"
                              }
                            ],
                            "Plans": [
                              {
                                "Node Type": "Seq Scan",
                                "Parent Relationship": "Outer",
                                "Parallel Aware": true,
                                "Relation Name": "cast_info",
                                "Alias": "ci",
                                "Startup Cost": 0.0,
                                "Total Cost": 572345.93,
                                "Plan Rows": 4483327,
                                "Plan Width": 4,
                                "Actual Startup Time": 722.659,
                                "Actual Total Time": 1652.984,
                                "Actual Rows": 5781320,
                                "Actual Loops": 2,
                                "Filter": "((person_id > 2539737) AND (role_id > 1))",
                                "Rows Removed by Filter": 12340852
                              }
                            ]
                          },
                          {
                            "Node Type": "Sort",
                            "Parent Relationship": "Inner",
                            "Parallel Aware": false,
                            "Startup Cost": 330161.51,
                            "Total Cost": 336482.24,
                            "Plan Rows": 2528293,
                            "Plan Width": 4,
                            "Actual Startup Time": 913.924,
                            "Actual Total Time": 1322.045,
                            "Actual Rows": 2525974,
                            "Actual Loops": 2,
                            "Sort Key": [
                              "t.id"
                            ],
                            "Sort Method": "quicksort",
                            "Sort Space Used": 216819,
                            "Sort Space Type": "Memory",
                            "Workers": [
                              {
                                "Worker Number": 0,
                                "Sort Method": "quicksort",
                                "Sort Space Used": 216819,
                                "Sort Space Type": "Memory"
                              }
                            ],
                            "Plans": [
                              {
                                "Node Type": "Seq Scan",
                                "Parent Relationship": "Outer",
                                "Parallel Aware": false,
                                "Relation Name": "title",
                                "Alias": "t",
                                "Startup Cost": 0.0,
                                "Total Cost": 61280.93,
                                "Plan Rows": 2528293,
                                "Plan Width": 4,
                                "Actual Startup Time": 0.038,
                                "Actual Total Time": 258.524,
                                "Actual Rows": 2528312,
                                "Actual Loops": 2
                              }
                            ]
                          }
                        ]
                      }
                    ]
                  }
                ]
              }
            ]
          }
        ]
      }
    ]
  },
  "Planning Time": 1.038,
  "Triggers": [],
  "Execution Time": 12271.194
}