[
    {
        "Bao": {
            "Bao prediction": "NaN",
            "Bao recommended hint": "(no hint)"
        }
    },
    {
        "Plan": {
            "Node Type": "Aggregate",
            "Strategy": "Plain",
            "Partial Mode": "Finalize",
            "Parallel Aware": false,
            "Startup Cost": 305123.86,
            "Total Cost": 305123.87,
            "Plan Rows": 1,
            "Plan Width": 8,
            "Actual Startup Time": 173.36,
            "Actual Total Time": 179.069,
            "Actual Rows": 1,
            "Actual Loops": 1,
            "Output": [
                "count(*)"
            ],
            "Plans": [
                {
                    "Node Type": "Gather",
                    "Parent Relationship": "Outer",
                    "Parallel Aware": false,
                    "Startup Cost": 305123.24,
                    "Total Cost": 305123.85,
                    "Plan Rows": 6,
                    "Plan Width": 8,
                    "Actual Startup Time": 172.564,
                    "Actual Total Time": 179.061,
                    "Actual Rows": 7,
                    "Actual Loops": 1,
                    "Output": [
                        "(PARTIAL count(*))"
                    ],
                    "Workers Planned": 6,
                    "Workers Launched": 6,
                    "Single Copy": false,
                    "Plans": [
                        {
                            "Node Type": "Aggregate",
                            "Strategy": "Plain",
                            "Partial Mode": "Partial",
                            "Parent Relationship": "Outer",
                            "Parallel Aware": false,
                            "Startup Cost": 304123.24,
                            "Total Cost": 304123.25,
                            "Plan Rows": 1,
                            "Plan Width": 8,
                            "Actual Startup Time": 162.83,
                            "Actual Total Time": 162.832,
                            "Actual Rows": 1,
                            "Actual Loops": 7,
                            "Output": [
                                "PARTIAL count(*)"
                            ],
                            "Workers": [
                                {
                                    "Worker Number": 0,
                                    "Actual Startup Time": 159.773,
                                    "Actual Total Time": 159.775,
                                    "Actual Rows": 1,
                                    "Actual Loops": 1
                                },
                                {
                                    "Worker Number": 1,
                                    "Actual Startup Time": 160.279,
                                    "Actual Total Time": 160.28,
                                    "Actual Rows": 1,
                                    "Actual Loops": 1
                                },
                                {
                                    "Worker Number": 2,
                                    "Actual Startup Time": 164.142,
                                    "Actual Total Time": 164.144,
                                    "Actual Rows": 1,
                                    "Actual Loops": 1
                                },
                                {
                                    "Worker Number": 3,
                                    "Actual Startup Time": 160.576,
                                    "Actual Total Time": 160.578,
                                    "Actual Rows": 1,
                                    "Actual Loops": 1
                                },
                                {
                                    "Worker Number": 4,
                                    "Actual Startup Time": 161.106,
                                    "Actual Total Time": 161.108,
                                    "Actual Rows": 1,
                                    "Actual Loops": 1
                                },
                                {
                                    "Worker Number": 5,
                                    "Actual Startup Time": 161.723,
                                    "Actual Total Time": 161.724,
                                    "Actual Rows": 1,
                                    "Actual Loops": 1
                                }
                            ],
                            "Plans": [
                                {
                                    "Node Type": "Bitmap Heap Scan",
                                    "Parent Relationship": "Outer",
                                    "Parallel Aware": true,
                                    "Relation Name": "cast_info",
                                    "Schema": "public",
                                    "Alias": "ci",
                                    "Startup Cost": 46204.12,
                                    "Total Cost": 303251.22,
                                    "Plan Rows": 348808,
                                    "Plan Width": 0,
                                    "Actual Startup Time": 68.911,
                                    "Actual Total Time": 144.293,
                                    "Actual Rows": 300127,
                                    "Actual Loops": 7,
                                    "Recheck Cond": "(ci.person_id < 206004)",
                                    "Rows Removed by Index Recheck": 0,
                                    "Exact Heap Blocks": 5450,
                                    "Lossy Heap Blocks": 0,
                                    "Workers": [
                                        {
                                            "Worker Number": 0,
                                            "Actual Startup Time": 65.514,
                                            "Actual Total Time": 141.512,
                                            "Actual Rows": 217640,
                                            "Actual Loops": 1
                                        },
                                        {
                                            "Worker Number": 1,
                                            "Actual Startup Time": 65.895,
                                            "Actual Total Time": 141.791,
                                            "Actual Rows": 222207,
                                            "Actual Loops": 1
                                        },
                                        {
                                            "Worker Number": 2,
                                            "Actual Startup Time": 69.75,
                                            "Actual Total Time": 146.029,
                                            "Actual Rows": 318238,
                                            "Actual Loops": 1
                                        },
                                        {
                                            "Worker Number": 3,
                                            "Actual Startup Time": 66.307,
                                            "Actual Total Time": 141.823,
                                            "Actual Rows": 222076,
                                            "Actual Loops": 1
                                        },
                                        {
                                            "Worker Number": 4,
                                            "Actual Startup Time": 68.477,
                                            "Actual Total Time": 143.229,
                                            "Actual Rows": 291869,
                                            "Actual Loops": 1
                                        },
                                        {
                                            "Worker Number": 5,
                                            "Actual Startup Time": 68.862,
                                            "Actual Total Time": 143.969,
                                            "Actual Rows": 291443,
                                            "Actual Loops": 1
                                        }
                                    ],
                                    "Plans": [
                                        {
                                            "Node Type": "Bitmap Index Scan",
                                            "Parent Relationship": "Outer",
                                            "Parallel Aware": false,
                                            "Index Name": "person_id_cast_info",
                                            "Startup Cost": 0.0,
                                            "Total Cost": 45680.91,
                                            "Plan Rows": 2092846,
                                            "Plan Width": 0,
                                            "Actual Startup Time": 74.356,
                                            "Actual Total Time": 74.357,
                                            "Actual Rows": 2100887,
                                            "Actual Loops": 1,
                                            "Index Cond": "(ci.person_id < 206004)"
                                        }
                                    ]
                                }
                            ]
                        }
                    ]
                }
            ]
        },
        "Planning Time": 207.223,
        "Triggers": [],
        "Execution Time": 179.127
    }
]