[
  {
    "Plan": {
      "Node Type": "Aggregate",
      "Strategy": "Plain",
      "Partial Mode": "Finalize",
      "Parallel Aware": false,
      "Startup Cost": 89046.25,
      "Total Cost": 89046.26,
      "Plan Rows": 1,
      "Plan Width": 8,
      "Actual Startup Time": 528.821,
      "Actual Total Time": 546.709,
      "Actual Rows": 1,
      "Actual Loops": 1,
      "Plans": [
        {
          "Node Type": "Gather",
          "Parent Relationship": "Outer",
          "Parallel Aware": false,
          "Startup Cost": 89045.93,
          "Total Cost": 89046.24,
          "Plan Rows": 3,
          "Plan Width": 8,
          "Actual Startup Time": 518.733,
          "Actual Total Time": 546.703,
          "Actual Rows": 4,
          "Actual Loops": 1,
          "Workers Planned": 3,
          "Workers Launched": 3,
          "Single Copy": false,
          "Plans": [
            {
              "Node Type": "Aggregate",
              "Strategy": "Plain",
              "Partial Mode": "Partial",
              "Parent Relationship": "Outer",
              "Parallel Aware": false,
              "Startup Cost": 88045.93,
              "Total Cost": 88045.94,
              "Plan Rows": 1,
              "Plan Width": 8,
              "Actual Startup Time": 503.55,
              "Actual Total Time": 503.554,
              "Actual Rows": 1,
              "Actual Loops": 4,
              "Plans": [
                {
                  "Node Type": "Hash Join",
                  "Parent Relationship": "Outer",
                  "Parallel Aware": true,
                  "Join Type": "Inner",
                  "Startup Cost": 60765.53,
                  "Total Cost": 87645.02,
                  "Plan Rows": 160363,
                  "Plan Width": 0,
                  "Actual Startup Time": 400.868,
                  "Actual Total Time": 497.279,
                  "Actual Rows": 124045,
                  "Actual Loops": 4,
                  "Inner Unique": true,
                  "Hash Cond": "(mk.movie_id = t.id)",
                  "Plans": [
                    {
                      "Node Type": "Bitmap Heap Scan",
                      "Parent Relationship": "Outer",
                      "Parallel Aware": true,
                      "Relation Name": "movie_keyword",
                      "Alias": "mk",
                      "Startup Cost": 10545.15,
                      "Total Cost": 37003.69,
                      "Plan Rows": 160363,
                      "Plan Width": 4,
                      "Actual Startup Time": 32.58,
                      "Actual Total Time": 87.246,
                      "Actual Rows": 124045,
                      "Actual Loops": 4,
                      "Recheck Cond": "(keyword_id > 36345)",
                      "Rows Removed by Index Recheck": 0,
                      "Exact Heap Blocks": 7402,
                      "Lossy Heap Blocks": 0,
                      "Plans": [
                        {
                          "Node Type": "Bitmap Index Scan",
                          "Parent Relationship": "Outer",
                          "Parallel Aware": false,
                          "Index Name": "keyword_id_movie_keyword",
                          "Startup Cost": 0.0,
                          "Total Cost": 10420.87,
                          "Plan Rows": 497125,
                          "Plan Width": 0,
                          "Actual Startup Time": 29.101,
                          "Actual Total Time": 29.102,
                          "Actual Rows": 496181,
                          "Actual Loops": 1,
                          "Index Cond": "(keyword_id > 36345)"
                        }
                      ]
                    },
                    {
                      "Node Type": "Hash",
                      "Parent Relationship": "Inner",
                      "Parallel Aware": true,
                      "Startup Cost": 42319.06,
                      "Total Cost": 42319.06,
                      "Plan Rows": 632106,
                      "Plan Width": 4,
                      "Actual Startup Time": 359.227,
                      "Actual Total Time": 359.228,
                      "Actual Rows": 632078,
                      "Actual Loops": 4,
                      "Hash Buckets": 4194304,
                      "Original Hash Buckets": 4194304,
                      "Hash Batches": 1,
                      "Original Hash Batches": 1,
                      "Peak Memory Usage": 131744,
                      "Plans": [
                        {
                          "Node Type": "Seq Scan",
                          "Parent Relationship": "Outer",
                          "Parallel Aware": true,
                          "Relation Name": "title",
                          "Alias": "t",
                          "Startup Cost": 0.0,
                          "Total Cost": 42319.06,
                          "Plan Rows": 632106,
                          "Plan Width": 4,
                          "Actual Startup Time": 0.046,
                          "Actual Total Time": 105.491,
                          "Actual Rows": 632078,
                          "Actual Loops": 4
                        }
                      ]
                    }
                  ]
                }
              ]
            }
          ]
        }
      ]
    },
    "Planning Time": 0.325,
    "Triggers": [],
    "Execution Time": 546.758
  }
]