{
  "Plan": {
    "Node Type": "Aggregate",
    "Strategy": "Plain",
    "Partial Mode": "Simple",
    "Parallel Aware": false,
    "Startup Cost": 40832.67,
    "Total Cost": 40832.68,
    "Plan Rows": 1,
    "Plan Width": 8,
    "Actual Startup Time": 72.149,
    "Actual Total Time": 72.15,
    "Actual Rows": 1,
    "Actual Loops": 1,
    "Plans": [
      {
        "Node Type": "Nested Loop",
        "Parent Relationship": "Outer",
        "Parallel Aware": false,
        "Join Type": "Inner",
        "Startup Cost": 1617.02,
        "Total Cost": 40832.46,
        "Plan Rows": 81,
        "Plan Width": 0,
        "Actual Startup Time": 25.781,
        "Actual Total Time": 72.124,
        "Actual Rows": 166,
        "Actual Loops": 1,
        "Inner Unique": false,
        "Plans": [
          {
            "Node Type": "Bitmap Heap Scan",
            "Parent Relationship": "Outer",
            "Parallel Aware": false,
            "Relation Name": "title",
            "Alias": "t",
            "Startup Cost": 1616.59,
            "Total Cost": 38974.81,
            "Plan Rows": 221,
            "Plan Width": 4,
            "Actual Startup Time": 25.41,
            "Actual Total Time": 69.932,
            "Actual Rows": 251,
            "Actual Loops": 1,
            "Recheck Cond": "(kind_id = 2)",
            "Rows Removed by Index Recheck": 0,
            "Filter": "(production_year = 1952)",
            "Rows Removed by Filter": 90601,
            "Exact Heap Blocks": 23872,
            "Lossy Heap Blocks": 0,
            "Plans": [
              {
                "Node Type": "Bitmap Index Scan",
                "Parent Relationship": "Outer",
                "Parallel Aware": false,
                "Index Name": "kind_id_title",
                "Startup Cost": 0.0,
                "Total Cost": 1616.54,
                "Plan Rows": 90681,
                "Plan Width": 0,
                "Actual Startup Time": 17.188,
                "Actual Total Time": 17.188,
                "Actual Rows": 90852,
                "Actual Loops": 1,
                "Index Cond": "(kind_id = 2)"
              }
            ]
          },
          {
            "Node Type": "Index Scan",
            "Parent Relationship": "Inner",
            "Parallel Aware": false,
            "Scan Direction": "Forward",
            "Index Name": "movie_id_movie_info_idx",
            "Relation Name": "movie_info_idx",
            "Alias": "mi_idx",
            "Startup Cost": 0.43,
            "Total Cost": 8.39,
            "Plan Rows": 2,
            "Plan Width": 4,
            "Actual Startup Time": 0.008,
            "Actual Total Time": 0.008,
            "Actual Rows": 1,
            "Actual Loops": 251,
            "Index Cond": "(movie_id = t.id)",
            "Rows Removed by Index Recheck": 0,
            "Filter": "(info_type_id > 99)",
            "Rows Removed by Filter": 0
          }
        ]
      }
    ]
  },
  "Planning Time": 0.411,
  "Triggers": [],
  "Execution Time": 72.215
}