{
  "Plan": {
    "Node Type": "Aggregate",
    "Strategy": "Plain",
    "Partial Mode": "Finalize",
    "Parallel Aware": false,
    "Startup Cost": 613173.16,
    "Total Cost": 613173.17,
    "Plan Rows": 1,
    "Plan Width": 8,
    "Actual Startup Time": 7954.428,
    "Actual Total Time": 8020.953,
    "Actual Rows": 1,
    "Actual Loops": 1,
    "Plans": [
      {
        "Node Type": "Gather",
        "Parent Relationship": "Outer",
        "Parallel Aware": false,
        "Startup Cost": 613173.04,
        "Total Cost": 613173.15,
        "Plan Rows": 1,
        "Plan Width": 8,
        "Actual Startup Time": 7951.766,
        "Actual Total Time": 8020.945,
        "Actual Rows": 2,
        "Actual Loops": 1,
        "Workers Planned": 1,
        "Workers Launched": 1,
        "Single Copy": false,
        "Plans": [
          {
            "Node Type": "Aggregate",
            "Strategy": "Plain",
            "Partial Mode": "Partial",
            "Parent Relationship": "Outer",
            "Parallel Aware": false,
            "Startup Cost": 612173.04,
            "Total Cost": 612173.05,
            "Plan Rows": 1,
            "Plan Width": 8,
            "Actual Startup Time": 7947.232,
            "Actual Total Time": 7947.235,
            "Actual Rows": 1,
            "Actual Loops": 2,
            "Plans": [
              {
                "Node Type": "Hash Join",
                "Parent Relationship": "Outer",
                "Parallel Aware": true,
                "Join Type": "Inner",
                "Startup Cost": 66618.63,
                "Total Cost": 588351.98,
                "Plan Rows": 9528424,
                "Plan Width": 0,
                "Actual Startup Time": 389.445,
                "Actual Total Time": 7558.89,
                "Actual Rows": 9021362,
                "Actual Loops": 2,
                "Inner Unique": true,
                "Hash Cond": "(ci.movie_id = t.id)",
                "Plans": [
                  {
                    "Node Type": "Seq Scan",
                    "Parent Relationship": "Outer",
                    "Parallel Aware": true,
                    "Relation Name": "cast_info",
                    "Alias": "ci",
                    "Startup Cost": 0.0,
                    "Total Cost": 465792.95,
                    "Plan Rows": 21310595,
                    "Plan Width": 4,
                    "Actual Startup Time": 0.016,
                    "Actual Total Time": 1493.676,
                    "Actual Rows": 18122172,
                    "Actual Loops": 2
                  },
                  {
                    "Node Type": "Hash",
                    "Parent Relationship": "Inner",
                    "Parallel Aware": true,
                    "Startup Cost": 58306.47,
                    "Total Cost": 58306.47,
                    "Plan Rows": 664973,
                    "Plan Width": 4,
                    "Actual Startup Time": 379.232,
                    "Actual Total Time": 379.233,
                    "Actual Rows": 612337,
                    "Actual Loops": 2,
                    "Hash Buckets": 2097152,
                    "Original Hash Buckets": 2097152,
                    "Hash Batches": 1,
                    "Original Hash Batches": 1,
                    "Peak Memory Usage": 64352,
                    "Plans": [
                      {
                        "Node Type": "Seq Scan",
                        "Parent Relationship": "Outer",
                        "Parallel Aware": true,
                        "Relation Name": "title",
                        "Alias": "t",
                        "Startup Cost": 0.0,
                        "Total Cost": 58306.47,
                        "Plan Rows": 664973,
                        "Plan Width": 4,
                        "Actual Startup Time": 0.026,
                        "Actual Total Time": 194.535,
                        "Actual Rows": 612337,
                        "Actual Loops": 2,
                        "Filter": "((production_year > 1985) AND (kind_id = 7))",
                        "Rows Removed by Filter": 651819
                      }
                    ]
                  }
                ]
              }
            ]
          }
        ]
      }
    ]
  },
  "Planning Time": 0.341,
  "Triggers": [],
  "Execution Time": 8021.01
}