{
  "Plan": {
    "Node Type": "Aggregate",
    "Strategy": "Plain",
    "Partial Mode": "Finalize",
    "Parallel Aware": false,
    "Startup Cost": 263657.58,
    "Total Cost": 263657.59,
    "Plan Rows": 1,
    "Plan Width": 8,
    "Actual Startup Time": 841.847,
    "Actual Total Time": 862.146,
    "Actual Rows": 1,
    "Actual Loops": 1,
    "Plans": [
      {
        "Node Type": "Gather",
        "Parent Relationship": "Outer",
        "Parallel Aware": false,
        "Startup Cost": 263657.47,
        "Total Cost": 263657.58,
        "Plan Rows": 1,
        "Plan Width": 8,
        "Actual Startup Time": 836.99,
        "Actual Total Time": 862.138,
        "Actual Rows": 2,
        "Actual Loops": 1,
        "Workers Planned": 1,
        "Workers Launched": 1,
        "Single Copy": false,
        "Plans": [
          {
            "Node Type": "Aggregate",
            "Strategy": "Plain",
            "Partial Mode": "Partial",
            "Parent Relationship": "Outer",
            "Parallel Aware": false,
            "Startup Cost": 262657.47,
            "Total Cost": 262657.48,
            "Plan Rows": 1,
            "Plan Width": 8,
            "Actual Startup Time": 823.962,
            "Actual Total Time": 823.966,
            "Actual Rows": 1,
            "Actual Loops": 2,
            "Plans": [
              {
                "Node Type": "Hash Join",
                "Parent Relationship": "Outer",
                "Parallel Aware": true,
                "Join Type": "Inner",
                "Startup Cost": 89307.03,
                "Total Cost": 261046.49,
                "Plan Rows": 644394,
                "Plan Width": 0,
                "Actual Startup Time": 553.992,
                "Actual Total Time": 801.47,
                "Actual Rows": 519940,
                "Actual Loops": 2,
                "Inner Unique": true,
                "Hash Cond": "(mi.movie_id = t.id)",
                "Plans": [
                  {
                    "Node Type": "Bitmap Heap Scan",
                    "Parent Relationship": "Outer",
                    "Parallel Aware": true,
                    "Relation Name": "movie_info",
                    "Alias": "mi",
                    "Startup Cost": 19846.33,
                    "Total Cost": 189894.25,
                    "Plan Rows": 644394,
                    "Plan Width": 4,
                    "Actual Startup Time": 38.042,
                    "Actual Total Time": 125.766,
                    "Actual Rows": 519940,
                    "Actual Loops": 2,
                    "Recheck Cond": "(info_type_id > 80)",
                    "Rows Removed by Index Recheck": 0,
                    "Exact Heap Blocks": 18892,
                    "Lossy Heap Blocks": 0,
                    "Plans": [
                      {
                        "Node Type": "Bitmap Index Scan",
                        "Parent Relationship": "Outer",
                        "Parallel Aware": false,
                        "Index Name": "info_type_id_movie_info",
                        "Startup Cost": 0.0,
                        "Total Cost": 19572.46,
                        "Plan Rows": 1095470,
                        "Plan Width": 0,
                        "Actual Startup Time": 32.458,
                        "Actual Total Time": 32.459,
                        "Actual Rows": 1039881,
                        "Actual Loops": 1,
                        "Index Cond": "(info_type_id > 80)"
                      }
                    ]
                  },
                  {
                    "Node Type": "Hash",
                    "Parent Relationship": "Inner",
                    "Parallel Aware": true,
                    "Startup Cost": 50870.31,
                    "Total Cost": 50870.31,
                    "Plan Rows": 1487231,
                    "Plan Width": 4,
                    "Actual Startup Time": 493.593,
                    "Actual Total Time": 493.594,
                    "Actual Rows": 1264156,
                    "Actual Loops": 2,
                    "Hash Buckets": 4194304,
                    "Original Hash Buckets": 4194304,
                    "Hash Batches": 1,
                    "Original Hash Batches": 1,
                    "Peak Memory Usage": 131712,
                    "Plans": [
                      {
                        "Node Type": "Seq Scan",
                        "Parent Relationship": "Outer",
                        "Parallel Aware": true,
                        "Relation Name": "title",
                        "Alias": "t",
                        "Startup Cost": 0.0,
                        "Total Cost": 50870.31,
                        "Plan Rows": 1487231,
                        "Plan Width": 4,
                        "Actual Startup Time": 0.025,
                        "Actual Total Time": 150.68,
                        "Actual Rows": 1264156,
                        "Actual Loops": 2
                      }
                    ]
                  }
                ]
              }
            ]
          }
        ]
      }
    ]
  },
  "Planning Time": 0.664,
  "Triggers": [],
  "Execution Time": 862.234
}