{
  "Plan": {
    "Node Type": "Aggregate",
    "Strategy": "Plain",
    "Partial Mode": "Finalize",
    "Parallel Aware": false,
    "Startup Cost": 324053.54,
    "Total Cost": 324053.55,
    "Plan Rows": 1,
    "Plan Width": 8,
    "Actual Startup Time": 906.773,
    "Actual Total Time": 918.856,
    "Actual Rows": 1,
    "Actual Loops": 1,
    "Plans": [
      {
        "Node Type": "Gather",
        "Parent Relationship": "Outer",
        "Parallel Aware": false,
        "Startup Cost": 324053.43,
        "Total Cost": 324053.54,
        "Plan Rows": 1,
        "Plan Width": 8,
        "Actual Startup Time": 903.031,
        "Actual Total Time": 918.849,
        "Actual Rows": 2,
        "Actual Loops": 1,
        "Workers Planned": 1,
        "Workers Launched": 1,
        "Single Copy": false,
        "Plans": [
          {
            "Node Type": "Aggregate",
            "Strategy": "Plain",
            "Partial Mode": "Partial",
            "Parent Relationship": "Outer",
            "Parallel Aware": false,
            "Startup Cost": 323053.43,
            "Total Cost": 323053.44,
            "Plan Rows": 1,
            "Plan Width": 8,
            "Actual Startup Time": 899.104,
            "Actual Total Time": 899.108,
            "Actual Rows": 1,
            "Actual Loops": 2,
            "Plans": [
              {
                "Node Type": "Merge Join",
                "Parent Relationship": "Outer",
                "Parallel Aware": false,
                "Join Type": "Inner",
                "Startup Cost": 148407.63,
                "Total Cost": 322386.82,
                "Plan Rows": 266642,
                "Plan Width": 0,
                "Actual Startup Time": 769.29,
                "Actual Total Time": 891.258,
                "Actual Rows": 191806,
                "Actual Loops": 2,
                "Inner Unique": false,
                "Merge Cond": "(mk.movie_id = t.id)",
                "Plans": [
                  {
                    "Node Type": "Index Scan",
                    "Parent Relationship": "Outer",
                    "Parallel Aware": true,
                    "Scan Direction": "Forward",
                    "Index Name": "movie_id_movie_keyword",
                    "Relation Name": "movie_keyword",
                    "Alias": "mk",
                    "Startup Cost": 0.43,
                    "Total Cost": 165212.95,
                    "Plan Rows": 1596496,
                    "Plan Width": 4,
                    "Actual Startup Time": 1.803,
                    "Actual Total Time": 71.667,
                    "Actual Rows": 244393,
                    "Actual Loops": 2,
                    "Filter": "(keyword_id > 2988)",
                    "Rows Removed by Filter": 169888
                  },
                  {
                    "Node Type": "Sort",
                    "Parent Relationship": "Inner",
                    "Parallel Aware": false,
                    "Startup Cost": 148406.97,
                    "Total Cost": 149462.64,
                    "Plan Rows": 422269,
                    "Plan Width": 8,
                    "Actual Startup Time": 767.216,
                    "Actual Total Time": 780.755,
                    "Actual Rows": 370344,
                    "Actual Loops": 2,
                    "Sort Key": [
                      "mi_idx.movie_id"
                    ],
                    "Sort Method": "quicksort",
                    "Sort Space Used": 15636,
                    "Sort Space Type": "Memory",
                    "Workers": [
                      {
                        "Worker Number": 0,
                        "Sort Method": "quicksort",
                        "Sort Space Used": 15636,
                        "Sort Space Type": "Memory"
                      }
                    ],
                    "Plans": [
                      {
                        "Node Type": "Hash Join",
                        "Parent Relationship": "Outer",
                        "Parallel Aware": false,
                        "Join Type": "Inner",
                        "Startup Cost": 83592.62,
                        "Total Cost": 108950.57,
                        "Plan Rows": 422269,
                        "Plan Width": 8,
                        "Actual Startup Time": 436.695,
                        "Actual Total Time": 732.24,
                        "Actual Rows": 202476,
                        "Actual Loops": 2,
                        "Inner Unique": true,
                        "Hash Cond": "(mi_idx.movie_id = t.id)",
                        "Plans": [
                          {
                            "Node Type": "Seq Scan",
                            "Parent Relationship": "Outer",
                            "Parallel Aware": false,
                            "Relation Name": "movie_info_idx",
                            "Alias": "mi_idx",
                            "Startup Cost": 0.0,
                            "Total Cost": 21735.35,
                            "Plan Rows": 1380035,
                            "Plan Width": 4,
                            "Actual Startup Time": 0.036,
                            "Actual Total Time": 90.026,
                            "Actual Rows": 1380035,
                            "Actual Loops": 2
                          },
                          {
                            "Node Type": "Hash",
                            "Parent Relationship": "Inner",
                            "Parallel Aware": false,
                            "Startup Cost": 73922.39,
                            "Total Cost": 73922.39,
                            "Plan Rows": 773618,
                            "Plan Width": 4,
                            "Actual Startup Time": 431.363,
                            "Actual Total Time": 431.365,
                            "Actual Rows": 840010,
                            "Actual Loops": 2,
                            "Hash Buckets": 1048576,
                            "Original Hash Buckets": 1048576,
                            "Hash Batches": 1,
                            "Original Hash Batches": 1,
                            "Peak Memory Usage": 37724,
                            "Plans": [
                              {
                                "Node Type": "Seq Scan",
                                "Parent Relationship": "Outer",
                                "Parallel Aware": false,
                                "Relation Name": "title",
                                "Alias": "t",
                                "Startup Cost": 0.0,
                                "Total Cost": 73922.39,
                                "Plan Rows": 773618,
                                "Plan Width": 4,
                                "Actual Startup Time": 0.043,
                                "Actual Total Time": 267.659,
                                "Actual Rows": 840010,
                                "Actual Loops": 2,
                                "Filter": "((production_year > 2002) AND (kind_id = 7))",
                                "Rows Removed by Filter": 1688302
                              }
                            ]
                          }
                        ]
                      }
                    ]
                  }
                ]
              }
            ]
          }
        ]
      }
    ]
  },
  "Planning Time": 1.042,
  "Triggers": [],
  "Execution Time": 919.254
}