{
    "Plan": {
        "Node Type": "Aggregate",
        "Strategy": "Plain",
        "Partial Mode": "Simple",
        "Parallel Aware": false,
        "Startup Cost": 70011166442.65,
        "Total Cost": 70011166442.66,
        "Plan Rows": 1,
        "Plan Width": 8,
        "Actual Startup Time": 8557.55,
        "Actual Total Time": 8560.578,
        "Actual Rows": 1,
        "Actual Loops": 1,
        "Output": [
            "count(*)"
        ],
        "Plans": [
            {
                "Node Type": "Nested Loop",
                "Parent Relationship": "Outer",
                "Parallel Aware": false,
                "Join Type": "Inner",
                "Startup Cost": 70011166420.58,
                "Total Cost": 70011166442.64,
                "Plan Rows": 1,
                "Plan Width": 0,
                "Actual Startup Time": 8557.463,
                "Actual Total Time": 8560.569,
                "Actual Rows": 15,
                "Actual Loops": 1,
                "Inner Unique": true,
                "Plans": [
                    {
                        "Node Type": "Nested Loop",
                        "Parent Relationship": "Outer",
                        "Parallel Aware": false,
                        "Join Type": "Inner",
                        "Startup Cost": 70011166420.45,
                        "Total Cost": 70011166442.47,
                        "Plan Rows": 1,
                        "Plan Width": 4,
                        "Actual Startup Time": 8557.455,
                        "Actual Total Time": 8560.548,
                        "Actual Rows": 15,
                        "Actual Loops": 1,
                        "Output": [
                            "cc.status_id"
                        ],
                        "Inner Unique": true,
                        "Plans": [
                            {
                                "Node Type": "Merge Join",
                                "Parent Relationship": "Outer",
                                "Parallel Aware": false,
                                "Join Type": "Inner",
                                "Startup Cost": 60011166420.31,
                                "Total Cost": 60011166434.31,
                                "Plan Rows": 1,
                                "Plan Width": 8,
                                "Actual Startup Time": 8557.43,
                                "Actual Total Time": 8560.468,
                                "Actual Rows": 15,
                                "Actual Loops": 1,
                                "Output": [
                                    "cc.subject_id",
                                    "cc.status_id"
                                ],
                                "Inner Unique": true,
                                "Merge Cond": "(pi.info_type_id = it3.id)",
                                "Plans": [
                                    {
                                        "Node Type": "Sort",
                                        "Parent Relationship": "Outer",
                                        "Parallel Aware": false,
                                        "Startup Cost": 60011166420.17,
                                        "Total Cost": 60011166420.17,
                                        "Plan Rows": 1,
                                        "Plan Width": 12,
                                        "Actual Startup Time": 8557.304,
                                        "Actual Total Time": 8560.366,
                                        "Actual Rows": 1171,
                                        "Actual Loops": 1,
                                        "Output": [
                                            "cc.subject_id",
                                            "cc.status_id",
                                            "pi.info_type_id"
                                        ],
                                        "Sort Key": [
                                            "pi.info_type_id"
                                        ],
                                        "Sort Method": "quicksort",
                                        "Sort Space Used": 211,
                                        "Sort Space Type": "Memory",
                                        "Plans": [
                                            {
                                                "Node Type": "Merge Join",
                                                "Parent Relationship": "Outer",
                                                "Parallel Aware": false,
                                                "Join Type": "Inner",
                                                "Startup Cost": 60011151603.74,
                                                "Total Cost": 60011166420.16,
                                                "Plan Rows": 1,
                                                "Plan Width": 12,
                                                "Actual Startup Time": 8556.678,
                                                "Actual Total Time": 8560.057,
                                                "Actual Rows": 2445,
                                                "Actual Loops": 1,
                                                "Output": [
                                                    "cc.subject_id",
                                                    "cc.status_id",
                                                    "pi.info_type_id"
                                                ],
                                                "Inner Unique": false,
                                                "Merge Cond": "(n.id = pi.person_id)",
                                                "Plans": [
                                                    {
                                                        "Node Type": "Sort",
                                                        "Parent Relationship": "Outer",
                                                        "Parallel Aware": false,
                                                        "Startup Cost": 60010555448.01,
                                                        "Total Cost": 60010555448.01,
                                                        "Plan Rows": 1,
                                                        "Plan Width": 20,
                                                        "Actual Startup Time": 6547.462,
                                                        "Actual Total Time": 6550.485,
                                                        "Actual Rows": 15,
                                                        "Actual Loops": 1,
                                                        "Output": [
                                                            "an.person_id",
                                                            "ci.person_id",
                                                            "cc.subject_id",
                                                            "cc.status_id",
                                                            "n.id"
                                                        ],
                                                        "Sort Key": [
                                                            "an.person_id"
                                                        ],
                                                        "Sort Method": "quicksort",
                                                        "Sort Space Used": 26,
                                                        "Sort Space Type": "Memory",
                                                        "Plans": [
                                                            {
                                                                "Node Type": "Hash Join",
                                                                "Parent Relationship": "Outer",
                                                                "Parallel Aware": false,
                                                                "Join Type": "Inner",
                                                                "Startup Cost": 60010550942.15,
                                                                "Total Cost": 60010555448.0,
                                                                "Plan Rows": 1,
                                                                "Plan Width": 20,
                                                                "Actual Startup Time": 6547.436,
                                                                "Actual Total Time": 6550.464,
                                                                "Actual Rows": 15,
                                                                "Actual Loops": 1,
                                                                "Output": [
                                                                    "an.person_id",
                                                                    "ci.person_id",
                                                                    "cc.subject_id",
                                                                    "cc.status_id",
                                                                    "n.id"
                                                                ],
                                                                "Inner Unique": false,
                                                                "Hash Cond": "(t.id = cc.movie_id)",
                                                                "Plans": [
                                                                    {
                                                                        "Node Type": "Merge Join",
                                                                        "Parent Relationship": "Outer",
                                                                        "Parallel Aware": false,
                                                                        "Join Type": "Inner",
                                                                        "Startup Cost": 60010545088.87,
                                                                        "Total Cost": 60010549594.7,
                                                                        "Plan Rows": 1,
                                                                        "Plan Width": 32,
                                                                        "Actual Startup Time": 6487.21,
                                                                        "Actual Total Time": 6490.233,
                                                                        "Actual Rows": 15,
                                                                        "Actual Loops": 1,
                                                                        "Output": [
                                                                            "an.person_id",
                                                                            "ci.movie_id",
                                                                            "ci.person_id",
                                                                            "mc.movie_id",
                                                                            "mi.movie_id",
                                                                            "mk.movie_id",
                                                                            "n.id",
                                                                            "t.id"
                                                                        ],
                                                                        "Inner Unique": false,
                                                                        "Merge Cond": "(an.person_id = n.id)",
                                                                        "Plans": [
                                                                            {
                                                                                "Node Type": "Sort",
                                                                                "Parent Relationship": "Outer",
                                                                                "Parallel Aware": false,
                                                                                "Startup Cost": 109559.99,
                                                                                "Total Cost": 111813.35,
                                                                                "Plan Rows": 901343,
                                                                                "Plan Width": 4,
                                                                                "Actual Startup Time": 284.548,
                                                                                "Actual Total Time": 310.982,
                                                                                "Actual Rows": 390261,
                                                                                "Actual Loops": 1,
                                                                                "Output": [
                                                                                    "an.person_id"
                                                                                ],
                                                                                "Sort Key": [
                                                                                    "an.person_id"
                                                                                ],
                                                                                "Sort Method": "quicksort",
                                                                                "Sort Space Used": 66827,
                                                                                "Sort Space Type": "Memory",
                                                                                "Plans": [
                                                                                    {
                                                                                        "Node Type": "Seq Scan",
                                                                                        "Parent Relationship": "Outer",
                                                                                        "Parallel Aware": false,
                                                                                        "Relation Name": "aka_name",
                                                                                        "Schema": "public",
                                                                                        "Alias": "an",
                                                                                        "Startup Cost": 0.0,
                                                                                        "Total Cost": 20409.43,
                                                                                        "Plan Rows": 901343,
                                                                                        "Plan Width": 4,
                                                                                        "Actual Startup Time": 0.014,
                                                                                        "Actual Total Time": 103.455,
                                                                                        "Actual Rows": 901343,
                                                                                        "Actual Loops": 1,
                                                                                        "Output": [
                                                                                            "an.person_id"
                                                                                        ]
                                                                                    }
                                                                                ]
                                                                            },
                                                                            {
                                                                                "Node Type": "Sort",
                                                                                "Parent Relationship": "Inner",
                                                                                "Parallel Aware": false,
                                                                                "Startup Cost": 60010435528.43,
                                                                                "Total Cost": 60010435528.43,
                                                                                "Plan Rows": 1,
                                                                                "Plan Width": 28,
                                                                                "Actual Startup Time": 6142.362,
                                                                                "Actual Total Time": 6145.378,
                                                                                "Actual Rows": 13,
                                                                                "Actual Loops": 1,
                                                                                "Output": [
                                                                                    "ci.movie_id",
                                                                                    "ci.person_id",
                                                                                    "mc.movie_id",
                                                                                    "mi.movie_id",
                                                                                    "mk.movie_id",
                                                                                    "n.id",
                                                                                    "t.id"
                                                                                ],
                                                                                "Sort Key": [
                                                                                    "ci.person_id"
                                                                                ],
                                                                                "Sort Method": "quicksort",
                                                                                "Sort Space Used": 25,
                                                                                "Sort Space Type": "Memory",
                                                                                "Plans": [
                                                                                    {
                                                                                        "Node Type": "Nested Loop",
                                                                                        "Parent Relationship": "Outer",
                                                                                        "Parallel Aware": false,
                                                                                        "Join Type": "Inner",
                                                                                        "Startup Cost": 60010339399.43,
                                                                                        "Total Cost": 60010435528.42,
                                                                                        "Plan Rows": 1,
                                                                                        "Plan Width": 28,
                                                                                        "Actual Startup Time": 6141.753,
                                                                                        "Actual Total Time": 6145.357,
                                                                                        "Actual Rows": 5,
                                                                                        "Actual Loops": 1,
                                                                                        "Output": [
                                                                                            "ci.movie_id",
                                                                                            "ci.person_id",
                                                                                            "mc.movie_id",
                                                                                            "mi.movie_id",
                                                                                            "mk.movie_id",
                                                                                            "n.id",
                                                                                            "t.id"
                                                                                        ],
                                                                                        "Inner Unique": true,
                                                                                        "Plans": [
                                                                                            {
                                                                                                "Node Type": "Nested Loop",
                                                                                                "Parent Relationship": "Outer",
                                                                                                "Parallel Aware": false,
                                                                                                "Join Type": "Inner",
                                                                                                "Startup Cost": 50010339399.0,
                                                                                                "Total Cost": 50010435523.97,
                                                                                                "Plan Rows": 1,
                                                                                                "Plan Width": 32,
                                                                                                "Actual Startup Time": 6141.712,
                                                                                                "Actual Total Time": 6144.765,
                                                                                                "Actual Rows": 22,
                                                                                                "Actual Loops": 1,
                                                                                                "Output": [
                                                                                                    "ci.movie_id",
                                                                                                    "ci.person_id",
                                                                                                    "mc.movie_id",
                                                                                                    "mc.company_id",
                                                                                                    "mi.movie_id",
                                                                                                    "mk.movie_id",
                                                                                                    "n.id",
                                                                                                    "t.id"
                                                                                                ],
                                                                                                "Inner Unique": false,
                                                                                                "Join Filter": "(t.id = mc.movie_id)",
                                                                                                "Rows Removed by Join Filter": 0,
                                                                                                "Plans": [
                                                                                                    {
                                                                                                        "Node Type": "Merge Join",
                                                                                                        "Parent Relationship": "Outer",
                                                                                                        "Parallel Aware": false,
                                                                                                        "Join Type": "Inner",
                                                                                                        "Startup Cost": 40010339398.52,
                                                                                                        "Total Cost": 40010435519.37,
                                                                                                        "Plan Rows": 1,
                                                                                                        "Plan Width": 24,
                                                                                                        "Actual Startup Time": 6141.638,
                                                                                                        "Actual Total Time": 6144.653,
                                                                                                        "Actual Rows": 1,
                                                                                                        "Actual Loops": 1,
                                                                                                        "Output": [
                                                                                                            "ci.movie_id",
                                                                                                            "ci.person_id",
                                                                                                            "mi.movie_id",
                                                                                                            "mk.movie_id",
                                                                                                            "n.id",
                                                                                                            "t.id"
                                                                                                        ],
                                                                                                        "Inner Unique": false,
                                                                                                        "Merge Cond": "(t.id = mi.movie_id)",
                                                                                                        "Plans": [
                                                                                                            {
                                                                                                                "Node Type": "Gather Merge",
                                                                                                                "Parent Relationship": "Outer",
                                                                                                                "Parallel Aware": false,
                                                                                                                "Startup Cost": 1000.49,
                                                                                                                "Total Cost": 97121.3,
                                                                                                                "Plan Rows": 8,
                                                                                                                "Plan Width": 4,
                                                                                                                "Actual Startup Time": 549.027,
                                                                                                                "Actual Total Time": 549.594,
                                                                                                                "Actual Rows": 3,
                                                                                                                "Actual Loops": 1,
                                                                                                                "Output": [
                                                                                                                    "t.id"
                                                                                                                ],
                                                                                                                "Workers Planned": 4,
                                                                                                                "Workers Launched": 4,
                                                                                                                "Plans": [
                                                                                                                    {
                                                                                                                        "Node Type": "Index Scan",
                                                                                                                        "Parent Relationship": "Outer",
                                                                                                                        "Parallel Aware": true,
                                                                                                                        "Scan Direction": "Forward",
                                                                                                                        "Index Name": "title_pkey",
                                                                                                                        "Relation Name": "title",
                                                                                                                        "Schema": "public",
                                                                                                                        "Alias": "t",
                                                                                                                        "Startup Cost": 0.43,
                                                                                                                        "Total Cost": 96120.29,
                                                                                                                        "Plan Rows": 2,
                                                                                                                        "Plan Width": 4,
                                                                                                                        "Actual Startup Time": 421.893,
                                                                                                                        "Actual Total Time": 431.847,
                                                                                                                        "Actual Rows": 1,
                                                                                                                        "Actual Loops": 5,
                                                                                                                        "Output": [
                                                                                                                            "t.id"
                                                                                                                        ],
                                                                                                                        "Filter": "((t.production_year >= 2003) AND (t.production_year <= 2013) AND (t.title = 'Shrek 2'::text))",
                                                                                                                        "Rows Removed by Filter": 505662,
                                                                                                                        "Workers": [
                                                                                                                            {
                                                                                                                                "Worker Number": 0,
                                                                                                                                "Actual Startup Time": 537.104,
                                                                                                                                "Actual Total Time": 537.105,
                                                                                                                                "Actual Rows": 0,
                                                                                                                                "Actual Loops": 1
                                                                                                                            },
                                                                                                                            {
                                                                                                                                "Worker Number": 1,
                                                                                                                                "Actual Startup Time": 487.515,
                                                                                                                                "Actual Total Time": 536.846,
                                                                                                                                "Actual Rows": 2,
                                                                                                                                "Actual Loops": 1
                                                                                                                            },
                                                                                                                            {
                                                                                                                                "Worker Number": 2,
                                                                                                                                "Actual Startup Time": 536.92,
                                                                                                                                "Actual Total Time": 536.921,
                                                                                                                                "Actual Rows": 0,
                                                                                                                                "Actual Loops": 1
                                                                                                                            },
                                                                                                                            {
                                                                                                                                "Worker Number": 3,
                                                                                                                                "Actual Startup Time": 537.831,
                                                                                                                                "Actual Total Time": 537.832,
                                                                                                                                "Actual Rows": 0,
                                                                                                                                "Actual Loops": 1
                                                                                                                            }
                                                                                                                        ]
                                                                                                                    }
                                                                                                                ]
                                                                                                            },
                                                                                                            {
                                                                                                                "Node Type": "Sort",
                                                                                                                "Parent Relationship": "Inner",
                                                                                                                "Parallel Aware": false,
                                                                                                                "Startup Cost": 40010338398.04,
                                                                                                                "Total Cost": 40010338398.04,
                                                                                                                "Plan Rows": 1,
                                                                                                                "Plan Width": 20,
                                                                                                                "Actual Startup Time": 5592.154,
                                                                                                                "Actual Total Time": 5595.039,
                                                                                                                "Actual Rows": 2,
                                                                                                                "Actual Loops": 1,
                                                                                                                "Output": [
                                                                                                                    "ci.movie_id",
                                                                                                                    "ci.person_id",
                                                                                                                    "mi.movie_id",
                                                                                                                    "mk.movie_id",
                                                                                                                    "n.id"
                                                                                                                ],
                                                                                                                "Sort Key": [
                                                                                                                    "ci.movie_id"
                                                                                                                ],
                                                                                                                "Sort Method": "quicksort",
                                                                                                                "Sort Space Used": 25,
                                                                                                                "Sort Space Type": "Memory",
                                                                                                                "Plans": [
                                                                                                                    {
                                                                                                                        "Node Type": "Hash Join",
                                                                                                                        "Parent Relationship": "Outer",
                                                                                                                        "Parallel Aware": false,
                                                                                                                        "Join Type": "Inner",
                                                                                                                        "Startup Cost": 40010144958.71,
                                                                                                                        "Total Cost": 40010338398.03,
                                                                                                                        "Plan Rows": 1,
                                                                                                                        "Plan Width": 20,
                                                                                                                        "Actual Startup Time": 5325.896,
                                                                                                                        "Actual Total Time": 5594.992,
                                                                                                                        "Actual Rows": 3,
                                                                                                                        "Actual Loops": 1,
                                                                                                                        "Output": [
                                                                                                                            "ci.movie_id",
                                                                                                                            "ci.person_id",
                                                                                                                            "mi.movie_id",
                                                                                                                            "mk.movie_id",
                                                                                                                            "n.id"
                                                                                                                        ],
                                                                                                                        "Inner Unique": true,
                                                                                                                        "Hash Cond": "(ci.role_id = rt.id)",
                                                                                                                        "Plans": [
                                                                                                                            {
                                                                                                                                "Node Type": "Gather Merge",
                                                                                                                                "Parent Relationship": "Outer",
                                                                                                                                "Parallel Aware": false,
                                                                                                                                "Startup Cost": 40010144946.36,
                                                                                                                                "Total Cost": 40010338385.67,
                                                                                                                                "Plan Rows": 1,
                                                                                                                                "Plan Width": 24,
                                                                                                                                "Actual Startup Time": 5325.764,
                                                                                                                                "Actual Total Time": 5594.848,
                                                                                                                                "Actual Rows": 3,
                                                                                                                                "Actual Loops": 1,
                                                                                                                                "Output": [
                                                                                                                                    "ci.movie_id",
                                                                                                                                    "ci.person_id",
                                                                                                                                    "ci.role_id",
                                                                                                                                    "mi.movie_id",
                                                                                                                                    "mk.movie_id",
                                                                                                                                    "n.id"
                                                                                                                                ],
                                                                                                                                "Workers Planned": 3,
                                                                                                                                "Workers Launched": 3,
                                                                                                                                "Plans": [
                                                                                                                                    {
                                                                                                                                        "Node Type": "Merge Join",
                                                                                                                                        "Parent Relationship": "Outer",
                                                                                                                                        "Parallel Aware": false,
                                                                                                                                        "Join Type": "Inner",
                                                                                                                                        "Startup Cost": 40010143946.32,
                                                                                                                                        "Total Cost": 40010337385.51,
                                                                                                                                        "Plan Rows": 1,
                                                                                                                                        "Plan Width": 24,
                                                                                                                                        "Actual Startup Time": 4787.623,
                                                                                                                                        "Actual Total Time": 4854.207,
                                                                                                                                        "Actual Rows": 1,
                                                                                                                                        "Actual Loops": 4,
                                                                                                                                        "Output": [
                                                                                                                                            "ci.movie_id",
                                                                                                                                            "ci.person_id",
                                                                                                                                            "ci.role_id",
                                                                                                                                            "mi.movie_id",
                                                                                                                                            "mk.movie_id",
                                                                                                                                            "n.id"
                                                                                                                                        ],
                                                                                                                                        "Inner Unique": true,
                                                                                                                                        "Merge Cond": "(ci.person_id = n.id)",
                                                                                                                                        "Workers": [
                                                                                                                                            {
                                                                                                                                                "Worker Number": 0,
                                                                                                                                                "Actual Startup Time": 5310.804,
                                                                                                                                                "Actual Total Time": 5577.098,
                                                                                                                                                "Actual Rows": 2,
                                                                                                                                                "Actual Loops": 1
                                                                                                                                            },
                                                                                                                                            {
                                                                                                                                                "Worker Number": 1,
                                                                                                                                                "Actual Startup Time": 4257.829,
                                                                                                                                                "Actual Total Time": 4257.838,
                                                                                                                                                "Actual Rows": 0,
                                                                                                                                                "Actual Loops": 1
                                                                                                                                            },
                                                                                                                                            {
                                                                                                                                                "Worker Number": 2,
                                                                                                                                                "Actual Startup Time": 5311.399,
                                                                                                                                                "Actual Total Time": 5311.416,
                                                                                                                                                "Actual Rows": 1,
                                                                                                                                                "Actual Loops": 1
                                                                                                                                            }
                                                                                                                                        ],
                                                                                                                                        "Plans": [
                                                                                                                                            {
                                                                                                                                                "Node Type": "Sort",
                                                                                                                                                "Parent Relationship": "Outer",
                                                                                                                                                "Parallel Aware": false,
                                                                                                                                                "Startup Cost": 40010143935.35,
                                                                                                                                                "Total Cost": 40010143935.36,
                                                                                                                                                "Plan Rows": 1,
                                                                                                                                                "Plan Width": 20,
                                                                                                                                                "Actual Startup Time": 4260.738,
                                                                                                                                                "Actual Total Time": 4260.752,
                                                                                                                                                "Actual Rows": 1,
                                                                                                                                                "Actual Loops": 4,
                                                                                                                                                "Output": [
                                                                                                                                                    "ci.movie_id",
                                                                                                                                                    "ci.person_id",
                                                                                                                                                    "ci.role_id",
                                                                                                                                                    "mi.movie_id",
                                                                                                                                                    "mk.movie_id"
                                                                                                                                                ],
                                                                                                                                                "Sort Key": [
                                                                                                                                                    "ci.person_id"
                                                                                                                                                ],
                                                                                                                                                "Sort Method": "quicksort",
                                                                                                                                                "Sort Space Used": 25,
                                                                                                                                                "Sort Space Type": "Memory",
                                                                                                                                                "Workers": [
                                                                                                                                                    {
                                                                                                                                                        "Worker Number": 0,
                                                                                                                                                        "Actual Startup Time": 4257.722,
                                                                                                                                                        "Actual Total Time": 4257.736,
                                                                                                                                                        "Actual Rows": 4,
                                                                                                                                                        "Actual Loops": 1
                                                                                                                                                    },
                                                                                                                                                    {
                                                                                                                                                        "Worker Number": 1,
                                                                                                                                                        "Actual Startup Time": 4257.826,
                                                                                                                                                        "Actual Total Time": 4257.834,
                                                                                                                                                        "Actual Rows": 0,
                                                                                                                                                        "Actual Loops": 1
                                                                                                                                                    },
                                                                                                                                                    {
                                                                                                                                                        "Worker Number": 2,
                                                                                                                                                        "Actual Startup Time": 4256.947,
                                                                                                                                                        "Actual Total Time": 4256.962,
                                                                                                                                                        "Actual Rows": 1,
                                                                                                                                                        "Actual Loops": 1
                                                                                                                                                    }
                                                                                                                                                ],
                                                                                                                                                "Plans": [
                                                                                                                                                    {
                                                                                                                                                        "Node Type": "Hash Join",
                                                                                                                                                        "Parent Relationship": "Outer",
                                                                                                                                                        "Parallel Aware": false,
                                                                                                                                                        "Join Type": "Inner",
                                                                                                                                                        "Startup Cost": 40000200043.16,
                                                                                                                                                        "Total Cost": 40010143935.34,
                                                                                                                                                        "Plan Rows": 1,
                                                                                                                                                        "Plan Width": 20,
                                                                                                                                                        "Actual Startup Time": 3787.318,
                                                                                                                                                        "Actual Total Time": 4260.679,
                                                                                                                                                        "Actual Rows": 1,
                                                                                                                                                        "Actual Loops": 4,
                                                                                                                                                        "Output": [
                                                                                                                                                            "ci.movie_id",
                                                                                                                                                            "ci.person_id",
                                                                                                                                                            "ci.role_id",
                                                                                                                                                            "mi.movie_id",
                                                                                                                                                            "mk.movie_id"
                                                                                                                                                        ],
                                                                                                                                                        "Inner Unique": true,
                                                                                                                                                        "Hash Cond": "(mi.info_type_id = it.id)",
                                                                                                                                                        "Workers": [
                                                                                                                                                            {
                                                                                                                                                                "Worker Number": 0,
                                                                                                                                                                "Actual Startup Time": 3310.465,
                                                                                                                                                                "Actual Total Time": 4257.637,
                                                                                                                                                                "Actual Rows": 4,
                                                                                                                                                                "Actual Loops": 1
                                                                                                                                                            },
                                                                                                                                                            {
                                                                                                                                                                "Worker Number": 1,
                                                                                                                                                                "Actual Startup Time": 4257.74,
                                                                                                                                                                "Actual Total Time": 4257.748,
                                                                                                                                                                "Actual Rows": 0,
                                                                                                                                                                "Actual Loops": 1
                                                                                                                                                            },
                                                                                                                                                            {
                                                                                                                                                                "Worker Number": 2,
                                                                                                                                                                "Actual Startup Time": 3310.616,
                                                                                                                                                                "Actual Total Time": 4256.867,
                                                                                                                                                                "Actual Rows": 1,
                                                                                                                                                                "Actual Loops": 1
                                                                                                                                                            }
                                                                                                                                                        ],
                                                                                                                                                        "Plans": [
                                                                                                                                                            {
                                                                                                                                                                "Node Type": "Nested Loop",
                                                                                                                                                                "Parent Relationship": "Outer",
                                                                                                                                                                "Parallel Aware": false,
                                                                                                                                                                "Join Type": "Inner",
                                                                                                                                                                "Startup Cost": 40000200029.02,
                                                                                                                                                                "Total Cost": 40010143921.21,
                                                                                                                                                                "Plan Rows": 1,
                                                                                                                                                                "Plan Width": 24,
                                                                                                                                                                "Actual Startup Time": 3786.732,
                                                                                                                                                                "Actual Total Time": 4260.088,
                                                                                                                                                                "Actual Rows": 1,
                                                                                                                                                                "Actual Loops": 4,
                                                                                                                                                                "Output": [
                                                                                                                                                                    "ci.movie_id",
                                                                                                                                                                    "ci.person_id",
                                                                                                                                                                    "ci.role_id",
                                                                                                                                                                    "mi.movie_id",
                                                                                                                                                                    "mi.info_type_id",
                                                                                                                                                                    "mk.movie_id"
                                                                                                                                                                ],
                                                                                                                                                                "Inner Unique": true,
                                                                                                                                                                "Workers": [
                                                                                                                                                                    {
                                                                                                                                                                        "Worker Number": 0,
                                                                                                                                                                        "Actual Startup Time": 3309.781,
                                                                                                                                                                        "Actual Total Time": 4256.945,
                                                                                                                                                                        "Actual Rows": 4,
                                                                                                                                                                        "Actual Loops": 1
                                                                                                                                                                    },
                                                                                                                                                                    {
                                                                                                                                                                        "Worker Number": 1,
                                                                                                                                                                        "Actual Startup Time": 4256.961,
                                                                                                                                                                        "Actual Total Time": 4256.966,
                                                                                                                                                                        "Actual Rows": 0,
                                                                                                                                                                        "Actual Loops": 1
                                                                                                                                                                    },
                                                                                                                                                                    {
                                                                                                                                                                        "Worker Number": 2,
                                                                                                                                                                        "Actual Startup Time": 3309.822,
                                                                                                                                                                        "Actual Total Time": 4256.068,
                                                                                                                                                                        "Actual Rows": 1,
                                                                                                                                                                        "Actual Loops": 1
                                                                                                                                                                    }
                                                                                                                                                                ],
                                                                                                                                                                "Plans": [
                                                                                                                                                                    {
                                                                                                                                                                        "Node Type": "Nested Loop",
                                                                                                                                                                        "Parent Relationship": "Outer",
                                                                                                                                                                        "Parallel Aware": false,
                                                                                                                                                                        "Join Type": "Inner",
                                                                                                                                                                        "Startup Cost": 30000200028.53,
                                                                                                                                                                        "Total Cost": 30010143867.59,
                                                                                                                                                                        "Plan Rows": 11,
                                                                                                                                                                        "Plan Width": 28,
                                                                                                                                                                        "Actual Startup Time": 1033.866,
                                                                                                                                                                        "Actual Total Time": 4247.627,
                                                                                                                                                                        "Actual Rows": 1290,
                                                                                                                                                                        "Actual Loops": 4,
                                                                                                                                                                        "Output": [
                                                                                                                                                                            "ci.movie_id",
                                                                                                                                                                            "ci.person_id",
                                                                                                                                                                            "ci.role_id",
                                                                                                                                                                            "ci.person_role_id",
                                                                                                                                                                            "mi.movie_id",
                                                                                                                                                                            "mi.info_type_id",
                                                                                                                                                                            "mk.movie_id"
                                                                                                                                                                        ],
                                                                                                                                                                        "Inner Unique": false,
                                                                                                                                                                        "Join Filter": "(mi.movie_id = ci.movie_id)",
                                                                                                                                                                        "Rows Removed by Join Filter": 0,
                                                                                                                                                                        "Workers": [
                                                                                                                                                                            {
                                                                                                                                                                                "Worker Number": 0,
                                                                                                                                                                                "Actual Startup Time": 919.793,
                                                                                                                                                                                "Actual Total Time": 4237.313,
                                                                                                                                                                                "Actual Rows": 2137,
                                                                                                                                                                                "Actual Loops": 1
                                                                                                                                                                            },
                                                                                                                                                                            {
                                                                                                                                                                                "Worker Number": 1,
                                                                                                                                                                                "Actual Startup Time": 1053.942,
                                                                                                                                                                                "Actual Total Time": 4244.249,
                                                                                                                                                                                "Actual Rows": 942,
                                                                                                                                                                                "Actual Loops": 1
                                                                                                                                                                            },
                                                                                                                                                                            {
                                                                                                                                                                                "Worker Number": 2,
                                                                                                                                                                                "Actual Startup Time": 1331.176,
                                                                                                                                                                                "Actual Total Time": 4248.323,
                                                                                                                                                                                "Actual Rows": 588,
                                                                                                                                                                                "Actual Loops": 1
                                                                                                                                                                            }
                                                                                                                                                                        ],
                                                                                                                                                                        "Plans": [
                                                                                                                                                                            {
                                                                                                                                                                                "Node Type": "Nested Loop",
                                                                                                                                                                                "Parent Relationship": "Outer",
                                                                                                                                                                                "Parallel Aware": false,
                                                                                                                                                                                "Join Type": "Inner",
                                                                                                                                                                                "Startup Cost": 30000200027.97,
                                                                                                                                                                                "Total Cost": 30010143843.47,
                                                                                                                                                                                "Plan Rows": 14,
                                                                                                                                                                                "Plan Width": 12,
                                                                                                                                                                                "Actual Startup Time": 752.126,
                                                                                                                                                                                "Actual Total Time": 4224.561,
                                                                                                                                                                                "Actual Rows": 71,
                                                                                                                                                                                "Actual Loops": 4,
                                                                                                                                                                                "Output": [
                                                                                                                                                                                    "mk.movie_id",
                                                                                                                                                                                    "mi.movie_id",
                                                                                                                                                                                    "mi.info_type_id"
                                                                                                                                                                                ],
                                                                                                                                                                                "Inner Unique": true,
                                                                                                                                                                                "Workers": [
                                                                                                                                                                                    {
                                                                                                                                                                                        "Worker Number": 0,
                                                                                                                                                                                        "Actual Startup Time": 760.634,
                                                                                                                                                                                        "Actual Total Time": 4198.643,
                                                                                                                                                                                        "Actual Rows": 98,
                                                                                                                                                                                        "Actual Loops": 1
                                                                                                                                                                                    },
                                                                                                                                                                                    {
                                                                                                                                                                                        "Worker Number": 1,
                                                                                                                                                                                        "Actual Startup Time": 739.604,
                                                                                                                                                                                        "Actual Total Time": 4219.308,
                                                                                                                                                                                        "Actual Rows": 58,
                                                                                                                                                                                        "Actual Loops": 1
                                                                                                                                                                                    },
                                                                                                                                                                                    {
                                                                                                                                                                                        "Worker Number": 2,
                                                                                                                                                                                        "Actual Startup Time": 736.224,
                                                                                                                                                                                        "Actual Total Time": 4230.272,
                                                                                                                                                                                        "Actual Rows": 50,
                                                                                                                                                                                        "Actual Loops": 1
                                                                                                                                                                                    }
                                                                                                                                                                                ],
                                                                                                                                                                                "Plans": [
                                                                                                                                                                                    {
                                                                                                                                                                                        "Node Type": "Hash Join",
                                                                                                                                                                                        "Parent Relationship": "Outer",
                                                                                                                                                                                        "Parallel Aware": true,
                                                                                                                                                                                        "Join Type": "Inner",
                                                                                                                                                                                        "Startup Cost": 20000200027.54,
                                                                                                                                                                                        "Total Cost": 20002220036.44,
                                                                                                                                                                                        "Plan Rows": 1783358,
                                                                                                                                                                                        "Plan Width": 16,
                                                                                                                                                                                        "Actual Startup Time": 655.096,
                                                                                                                                                                                        "Actual Total Time": 1102.468,
                                                                                                                                                                                        "Actual Rows": 590888,
                                                                                                                                                                                        "Actual Loops": 4,
                                                                                                                                                                                        "Output": [
                                                                                                                                                                                            "mi.movie_id",
                                                                                                                                                                                            "mi.info_type_id",
                                                                                                                                                                                            "mk.movie_id",
                                                                                                                                                                                            "mk.keyword_id"
                                                                                                                                                                                        ],
                                                                                                                                                                                        "Inner Unique": false,
                                                                                                                                                                                        "Hash Cond": "(mk.movie_id = mi.movie_id)",
                                                                                                                                                                                        "Workers": [
                                                                                                                                                                                            {
                                                                                                                                                                                                "Worker Number": 0,
                                                                                                                                                                                                "Actual Startup Time": 651.308,
                                                                                                                                                                                                "Actual Total Time": 1085.215,
                                                                                                                                                                                                "Actual Rows": 586252,
                                                                                                                                                                                                "Actual Loops": 1
                                                                                                                                                                                            },
                                                                                                                                                                                            {
                                                                                                                                                                                                "Worker Number": 1,
                                                                                                                                                                                                "Actual Startup Time": 651.797,
                                                                                                                                                                                                "Actual Total Time": 1099.248,
                                                                                                                                                                                                "Actual Rows": 583137,
                                                                                                                                                                                                "Actual Loops": 1
                                                                                                                                                                                            },
                                                                                                                                                                                            {
                                                                                                                                                                                                "Worker Number": 2,
                                                                                                                                                                                                "Actual Startup Time": 651.934,
                                                                                                                                                                                                "Actual Total Time": 1108.959,
                                                                                                                                                                                                "Actual Rows": 583231,
                                                                                                                                                                                                "Actual Loops": 1
                                                                                                                                                                                            }
                                                                                                                                                                                        ],
                                                                                                                                                                                        "Plans": [
                                                                                                                                                                                            {
                                                                                                                                                                                                "Node Type": "Seq Scan",
                                                                                                                                                                                                "Parent Relationship": "Outer",
                                                                                                                                                                                                "Parallel Aware": true,
                                                                                                                                                                                                "Relation Name": "movie_keyword",
                                                                                                                                                                                                "Schema": "public",
                                                                                                                                                                                                "Alias": "mk",
                                                                                                                                                                                                "Startup Cost": 10000000000.0,
                                                                                                                                                                                                "Total Cost": 10000039047.32,
                                                                                                                                                                                                "Plan Rows": 1459332,
                                                                                                                                                                                                "Plan Width": 8,
                                                                                                                                                                                                "Actual Startup Time": 0.016,
                                                                                                                                                                                                "Actual Total Time": 127.148,
                                                                                                                                                                                                "Actual Rows": 1130982,
                                                                                                                                                                                                "Actual Loops": 4,
                                                                                                                                                                                                "Output": [
                                                                                                                                                                                                    "mk.id",
                                                                                                                                                                                                    "mk.movie_id",
                                                                                                                                                                                                    "mk.keyword_id"
                                                                                                                                                                                                ],
                                                                                                                                                                                                "Workers": [
                                                                                                                                                                                                    {
                                                                                                                                                                                                        "Worker Number": 0,
                                                                                                                                                                                                        "Actual Startup Time": 0.011,
                                                                                                                                                                                                        "Actual Total Time": 126.684,
                                                                                                                                                                                                        "Actual Rows": 1091130,
                                                                                                                                                                                                        "Actual Loops": 1
                                                                                                                                                                                                    },
                                                                                                                                                                                                    {
                                                                                                                                                                                                        "Worker Number": 1,
                                                                                                                                                                                                        "Actual Startup Time": 0.012,
                                                                                                                                                                                                        "Actual Total Time": 129.401,
                                                                                                                                                                                                        "Actual Rows": 1077195,
                                                                                                                                                                                                        "Actual Loops": 1
                                                                                                                                                                                                    },
                                                                                                                                                                                                    {
                                                                                                                                                                                                        "Worker Number": 2,
                                                                                                                                                                                                        "Actual Startup Time": 0.031,
                                                                                                                                                                                                        "Actual Total Time": 134.104,
                                                                                                                                                                                                        "Actual Rows": 1123505,
                                                                                                                                                                                                        "Actual Loops": 1
                                                                                                                                                                                                    }
                                                                                                                                                                                                ]
                                                                                                                                                                                            },
                                                                                                                                                                                            {
                                                                                                                                                                                                "Node Type": "Hash",
                                                                                                                                                                                                "Parent Relationship": "Inner",
                                                                                                                                                                                                "Parallel Aware": true,
                                                                                                                                                                                                "Startup Cost": 10000198880.74,
                                                                                                                                                                                                "Total Cost": 10000198880.74,
                                                                                                                                                                                                "Plan Rows": 91744,
                                                                                                                                                                                                "Plan Width": 8,
                                                                                                                                                                                                "Actual Startup Time": 651.76,
                                                                                                                                                                                                "Actual Total Time": 651.761,
                                                                                                                                                                                                "Actual Rows": 96921,
                                                                                                                                                                                                "Actual Loops": 4,
                                                                                                                                                                                                "Output": [
                                                                                                                                                                                                    "mi.movie_id",
                                                                                                                                                                                                    "mi.info_type_id"
                                                                                                                                                                                                ],
                                                                                                                                                                                                "Hash Buckets": 524288,
                                                                                                                                                                                                "Original Hash Buckets": 524288,
                                                                                                                                                                                                "Hash Batches": 1,
                                                                                                                                                                                                "Original Hash Batches": 1,
                                                                                                                                                                                                "Peak Memory Usage": 19328,
                                                                                                                                                                                                "Workers": [
                                                                                                                                                                                                    {
                                                                                                                                                                                                        "Worker Number": 0,
                                                                                                                                                                                                        "Actual Startup Time": 651.127,
                                                                                                                                                                                                        "Actual Total Time": 651.128,
                                                                                                                                                                                                        "Actual Rows": 82735,
                                                                                                                                                                                                        "Actual Loops": 1
                                                                                                                                                                                                    },
                                                                                                                                                                                                    {
                                                                                                                                                                                                        "Worker Number": 1,
                                                                                                                                                                                                        "Actual Startup Time": 651.619,
                                                                                                                                                                                                        "Actual Total Time": 651.62,
                                                                                                                                                                                                        "Actual Rows": 80321,
                                                                                                                                                                                                        "Actual Loops": 1
                                                                                                                                                                                                    },
                                                                                                                                                                                                    {
                                                                                                                                                                                                        "Worker Number": 2,
                                                                                                                                                                                                        "Actual Startup Time": 651.615,
                                                                                                                                                                                                        "Actual Total Time": 651.617,
                                                                                                                                                                                                        "Actual Rows": 80878,
                                                                                                                                                                                                        "Actual Loops": 1
                                                                                                                                                                                                    }
                                                                                                                                                                                                ],
                                                                                                                                                                                                "Plans": [
                                                                                                                                                                                                    {
                                                                                                                                                                                                        "Node Type": "Seq Scan",
                                                                                                                                                                                                        "Parent Relationship": "Outer",
                                                                                                                                                                                                        "Parallel Aware": true,
                                                                                                                                                                                                        "Relation Name": "movie_info",
                                                                                                                                                                                                        "Schema": "public",
                                                                                                                                                                                                        "Alias": "mi",
                                                                                                                                                                                                        "Startup Cost": 10000000000.0,
                                                                                                                                                                                                        "Total Cost": 10000198880.74,
                                                                                                                                                                                                        "Plan Rows": 91744,
                                                                                                                                                                                                        "Plan Width": 8,
                                                                                                                                                                                                        "Actual Startup Time": 82.197,
                                                                                                                                                                                                        "Actual Total Time": 612.499,
                                                                                                                                                                                                        "Actual Rows": 96921,
                                                                                                                                                                                                        "Actual Loops": 4,
                                                                                                                                                                                                        "Output": [
                                                                                                                                                                                                            "mi.movie_id",
                                                                                                                                                                                                            "mi.info_type_id"
                                                                                                                                                                                                        ],
                                                                                                                                                                                                        "Filter": "(mi.info ~~ 'USA:%200%'::text)",
                                                                                                                                                                                                        "Rows Removed by Filter": 3612009,
                                                                                                                                                                                                        "Workers": [
                                                                                                                                                                                                            {
                                                                                                                                                                                                                "Worker Number": 0,
                                                                                                                                                                                                                "Actual Startup Time": 80.838,
                                                                                                                                                                                                                "Actual Total Time": 614.546,
                                                                                                                                                                                                                "Actual Rows": 82735,
                                                                                                                                                                                                                "Actual Loops": 1
                                                                                                                                                                                                            },
                                                                                                                                                                                                            {
                                                                                                                                                                                                                "Worker Number": 1,
                                                                                                                                                                                                                "Actual Startup Time": 84.684,
                                                                                                                                                                                                                "Actual Total Time": 613.68,
                                                                                                                                                                                                                "Actual Rows": 80321,
                                                                                                                                                                                                                "Actual Loops": 1
                                                                                                                                                                                                            },
                                                                                                                                                                                                            {
                                                                                                                                                                                                                "Worker Number": 2,
                                                                                                                                                                                                                "Actual Startup Time": 84.706,
                                                                                                                                                                                                                "Actual Total Time": 613.111,
                                                                                                                                                                                                                "Actual Rows": 80878,
                                                                                                                                                                                                                "Actual Loops": 1
                                                                                                                                                                                                            }
                                                                                                                                                                                                        ]
                                                                                                                                                                                                    }
                                                                                                                                                                                                ]
                                                                                                                                                                                            }
                                                                                                                                                                                        ]
                                                                                                                                                                                    },
                                                                                                                                                                                    {
                                                                                                                                                                                        "Node Type": "Bitmap Heap Scan",
                                                                                                                                                                                        "Parent Relationship": "Inner",
                                                                                                                                                                                        "Parallel Aware": false,
                                                                                                                                                                                        "Relation Name": "keyword",
                                                                                                                                                                                        "Schema": "public",
                                                                                                                                                                                        "Alias": "k",
                                                                                                                                                                                        "Startup Cost": 0.43,
                                                                                                                                                                                        "Total Cost": 4.44,
                                                                                                                                                                                        "Plan Rows": 1,
                                                                                                                                                                                        "Plan Width": 4,
                                                                                                                                                                                        "Actual Startup Time": 0.004,
                                                                                                                                                                                        "Actual Total Time": 0.004,
                                                                                                                                                                                        "Actual Rows": 0,
                                                                                                                                                                                        "Actual Loops": 2363553,
                                                                                                                                                                                        "Output": [
                                                                                                                                                                                            "k.id",
                                                                                                                                                                                            "k.keyword",
                                                                                                                                                                                            "k.phonetic_code"
                                                                                                                                                                                        ],
                                                                                                                                                                                        "Recheck Cond": "(k.id = mk.keyword_id)",
                                                                                                                                                                                        "Rows Removed by Index Recheck": 0,
                                                                                                                                                                                        "Filter": "(k.keyword = 'computer-animation'::text)",
                                                                                                                                                                                        "Rows Removed by Filter": 1,
                                                                                                                                                                                        "Exact Heap Blocks": 610933,
                                                                                                                                                                                        "Lossy Heap Blocks": 0,
                                                                                                                                                                                        "Workers": [
                                                                                                                                                                                            {
                                                                                                                                                                                                "Worker Number": 0,
                                                                                                                                                                                                "Actual Startup Time": 0.004,
                                                                                                                                                                                                "Actual Total Time": 0.004,
                                                                                                                                                                                                "Actual Rows": 0,
                                                                                                                                                                                                "Actual Loops": 586252
                                                                                                                                                                                            },
                                                                                                                                                                                            {
                                                                                                                                                                                                "Worker Number": 1,
                                                                                                                                                                                                "Actual Startup Time": 0.004,
                                                                                                                                                                                                "Actual Total Time": 0.004,
                                                                                                                                                                                                "Actual Rows": 0,
                                                                                                                                                                                                "Actual Loops": 583137
                                                                                                                                                                                            },
                                                                                                                                                                                            {
                                                                                                                                                                                                "Worker Number": 2,
                                                                                                                                                                                                "Actual Startup Time": 0.004,
                                                                                                                                                                                                "Actual Total Time": 0.004,
                                                                                                                                                                                                "Actual Rows": 0,
                                                                                                                                                                                                "Actual Loops": 583231
                                                                                                                                                                                            }
                                                                                                                                                                                        ],
                                                                                                                                                                                        "Plans": [
                                                                                                                                                                                            {
                                                                                                                                                                                                "Node Type": "Bitmap Index Scan",
                                                                                                                                                                                                "Parent Relationship": "Outer",
                                                                                                                                                                                                "Parallel Aware": false,
                                                                                                                                                                                                "Index Name": "keyword_pkey",
                                                                                                                                                                                                "Startup Cost": 0.0,
                                                                                                                                                                                                "Total Cost": 0.43,
                                                                                                                                                                                                "Plan Rows": 1,
                                                                                                                                                                                                "Plan Width": 0,
                                                                                                                                                                                                "Actual Startup Time": 0.002,
                                                                                                                                                                                                "Actual Total Time": 0.002,
                                                                                                                                                                                                "Actual Rows": 1,
                                                                                                                                                                                                "Actual Loops": 2363553,
                                                                                                                                                                                                "Index Cond": "(k.id = mk.keyword_id)",
                                                                                                                                                                                                "Workers": [
                                                                                                                                                                                                    {
                                                                                                                                                                                                        "Worker Number": 0,
                                                                                                                                                                                                        "Actual Startup Time": 0.002,
                                                                                                                                                                                                        "Actual Total Time": 0.002,
                                                                                                                                                                                                        "Actual Rows": 1,
                                                                                                                                                                                                        "Actual Loops": 586252
                                                                                                                                                                                                    },
                                                                                                                                                                                                    {
                                                                                                                                                                                                        "Worker Number": 1,
                                                                                                                                                                                                        "Actual Startup Time": 0.002,
                                                                                                                                                                                                        "Actual Total Time": 0.002,
                                                                                                                                                                                                        "Actual Rows": 1,
                                                                                                                                                                                                        "Actual Loops": 583137
                                                                                                                                                                                                    },
                                                                                                                                                                                                    {
                                                                                                                                                                                                        "Worker Number": 2,
                                                                                                                                                                                                        "Actual Startup Time": 0.002,
                                                                                                                                                                                                        "Actual Total Time": 0.002,
                                                                                                                                                                                                        "Actual Rows": 1,
                                                                                                                                                                                                        "Actual Loops": 583231
                                                                                                                                                                                                    }
                                                                                                                                                                                                ]
                                                                                                                                                                                            }
                                                                                                                                                                                        ]
                                                                                                                                                                                    }
                                                                                                                                                                                ]
                                                                                                                                                                            },
                                                                                                                                                                            {
                                                                                                                                                                                "Node Type": "Index Scan",
                                                                                                                                                                                "Parent Relationship": "Inner",
                                                                                                                                                                                "Parallel Aware": false,
                                                                                                                                                                                "Scan Direction": "Forward",
                                                                                                                                                                                "Index Name": "movie_id_cast_info",
                                                                                                                                                                                "Relation Name": "cast_info",
                                                                                                                                                                                "Schema": "public",
                                                                                                                                                                                "Alias": "ci",
                                                                                                                                                                                "Startup Cost": 0.56,
                                                                                                                                                                                "Total Cost": 1.71,
                                                                                                                                                                                "Plan Rows": 1,
                                                                                                                                                                                "Plan Width": 16,
                                                                                                                                                                                "Actual Startup Time": 0.065,
                                                                                                                                                                                "Actual Total Time": 0.319,
                                                                                                                                                                                "Actual Rows": 18,
                                                                                                                                                                                "Actual Loops": 285,
                                                                                                                                                                                "Output": [
                                                                                                                                                                                    "ci.id",
                                                                                                                                                                                    "ci.person_id",
                                                                                                                                                                                    "ci.movie_id",
                                                                                                                                                                                    "ci.person_role_id",
                                                                                                                                                                                    "ci.note",
                                                                                                                                                                                    "ci.nr_order",
                                                                                                                                                                                    "ci.role_id"
                                                                                                                                                                                ],
                                                                                                                                                                                "Index Cond": "(ci.movie_id = mk.movie_id)",
                                                                                                                                                                                "Rows Removed by Index Recheck": 0,
                                                                                                                                                                                "Filter": "(ci.note = ANY ('{(voice),\"(voice) (uncredited)\",\"(voice: English version)\"}'::text[]))",
                                                                                                                                                                                "Rows Removed by Filter": 62,
                                                                                                                                                                                "Workers": [
                                                                                                                                                                                    {
                                                                                                                                                                                        "Worker Number": 0,
                                                                                                                                                                                        "Actual Startup Time": 0.079,
                                                                                                                                                                                        "Actual Total Time": 0.39,
                                                                                                                                                                                        "Actual Rows": 22,
                                                                                                                                                                                        "Actual Loops": 98
                                                                                                                                                                                    },
                                                                                                                                                                                    {
                                                                                                                                                                                        "Worker Number": 1,
                                                                                                                                                                                        "Actual Startup Time": 0.068,
                                                                                                                                                                                        "Actual Total Time": 0.425,
                                                                                                                                                                                        "Actual Rows": 16,
                                                                                                                                                                                        "Actual Loops": 58
                                                                                                                                                                                    },
                                                                                                                                                                                    {
                                                                                                                                                                                        "Worker Number": 2,
                                                                                                                                                                                        "Actual Startup Time": 0.076,
                                                                                                                                                                                        "Actual Total Time": 0.357,
                                                                                                                                                                                        "Actual Rows": 12,
                                                                                                                                                                                        "Actual Loops": 50
                                                                                                                                                                                    }
                                                                                                                                                                                ]
                                                                                                                                                                            }
                                                                                                                                                                        ]
                                                                                                                                                                    },
                                                                                                                                                                    {
                                                                                                                                                                        "Node Type": "Bitmap Heap Scan",
                                                                                                                                                                        "Parent Relationship": "Inner",
                                                                                                                                                                        "Parallel Aware": false,
                                                                                                                                                                        "Relation Name": "char_name",
                                                                                                                                                                        "Schema": "public",
                                                                                                                                                                        "Alias": "chn",
                                                                                                                                                                        "Startup Cost": 0.49,
                                                                                                                                                                        "Total Cost": 4.51,
                                                                                                                                                                        "Plan Rows": 1,
                                                                                                                                                                        "Plan Width": 4,
                                                                                                                                                                        "Actual Startup Time": 0.008,
                                                                                                                                                                        "Actual Total Time": 0.008,
                                                                                                                                                                        "Actual Rows": 0,
                                                                                                                                                                        "Actual Loops": 5161,
                                                                                                                                                                        "Output": [
                                                                                                                                                                            "chn.id",
                                                                                                                                                                            "chn.name",
                                                                                                                                                                            "chn.imdb_index",
                                                                                                                                                                            "chn.imdb_id",
                                                                                                                                                                            "chn.name_pcode_nf",
                                                                                                                                                                            "chn.surname_pcode",
                                                                                                                                                                            "chn.md5sum"
                                                                                                                                                                        ],
                                                                                                                                                                        "Recheck Cond": "(chn.id = ci.person_role_id)",
                                                                                                                                                                        "Rows Removed by Index Recheck": 0,
                                                                                                                                                                        "Filter": "(chn.name = 'Queen'::text)",
                                                                                                                                                                        "Rows Removed by Filter": 1,
                                                                                                                                                                        "Exact Heap Blocks": 1322,
                                                                                                                                                                        "Lossy Heap Blocks": 0,
                                                                                                                                                                        "Workers": [
                                                                                                                                                                            {
                                                                                                                                                                                "Worker Number": 0,
                                                                                                                                                                                "Actual Startup Time": 0.008,
                                                                                                                                                                                "Actual Total Time": 0.008,
                                                                                                                                                                                "Actual Rows": 0,
                                                                                                                                                                                "Actual Loops": 2137
                                                                                                                                                                            },
                                                                                                                                                                            {
                                                                                                                                                                                "Worker Number": 1,
                                                                                                                                                                                "Actual Startup Time": 0.012,
                                                                                                                                                                                "Actual Total Time": 0.012,
                                                                                                                                                                                "Actual Rows": 0,
                                                                                                                                                                                "Actual Loops": 942
                                                                                                                                                                            },
                                                                                                                                                                            {
                                                                                                                                                                                "Worker Number": 2,
                                                                                                                                                                                "Actual Startup Time": 0.011,
                                                                                                                                                                                "Actual Total Time": 0.011,
                                                                                                                                                                                "Actual Rows": 0,
                                                                                                                                                                                "Actual Loops": 588
                                                                                                                                                                            }
                                                                                                                                                                        ],
                                                                                                                                                                        "Plans": [
                                                                                                                                                                            {
                                                                                                                                                                                "Node Type": "Bitmap Index Scan",
                                                                                                                                                                                "Parent Relationship": "Outer",
                                                                                                                                                                                "Parallel Aware": false,
                                                                                                                                                                                "Index Name": "char_name_pkey",
                                                                                                                                                                                "Startup Cost": 0.0,
                                                                                                                                                                                "Total Cost": 0.49,
                                                                                                                                                                                "Plan Rows": 1,
                                                                                                                                                                                "Plan Width": 0,
                                                                                                                                                                                "Actual Startup Time": 0.005,
                                                                                                                                                                                "Actual Total Time": 0.005,
                                                                                                                                                                                "Actual Rows": 1,
                                                                                                                                                                                "Actual Loops": 5161,
                                                                                                                                                                                "Index Cond": "(chn.id = ci.person_role_id)",
                                                                                                                                                                                "Workers": [
                                                                                                                                                                                    {
                                                                                                                                                                                        "Worker Number": 0,
                                                                                                                                                                                        "Actual Startup Time": 0.004,
                                                                                                                                                                                        "Actual Total Time": 0.004,
                                                                                                                                                                                        "Actual Rows": 1,
                                                                                                                                                                                        "Actual Loops": 2137
                                                                                                                                                                                    },
                                                                                                                                                                                    {
                                                                                                                                                                                        "Worker Number": 1,
                                                                                                                                                                                        "Actual Startup Time": 0.007,
                                                                                                                                                                                        "Actual Total Time": 0.007,
                                                                                                                                                                                        "Actual Rows": 1,
                                                                                                                                                                                        "Actual Loops": 942
                                                                                                                                                                                    },
                                                                                                                                                                                    {
                                                                                                                                                                                        "Worker Number": 2,
                                                                                                                                                                                        "Actual Startup Time": 0.007,
                                                                                                                                                                                        "Actual Total Time": 0.007,
                                                                                                                                                                                        "Actual Rows": 1,
                                                                                                                                                                                        "Actual Loops": 588
                                                                                                                                                                                    }
                                                                                                                                                                                ]
                                                                                                                                                                            }
                                                                                                                                                                        ]
                                                                                                                                                                    }
                                                                                                                                                                ]
                                                                                                                                                            },
                                                                                                                                                            {
                                                                                                                                                                "Node Type": "Hash",
                                                                                                                                                                "Parent Relationship": "Inner",
                                                                                                                                                                "Parallel Aware": false,
                                                                                                                                                                "Startup Cost": 14.12,
                                                                                                                                                                "Total Cost": 14.12,
                                                                                                                                                                "Plan Rows": 1,
                                                                                                                                                                "Plan Width": 4,
                                                                                                                                                                "Actual Startup Time": 0.214,
                                                                                                                                                                "Actual Total Time": 0.215,
                                                                                                                                                                "Actual Rows": 1,
                                                                                                                                                                "Actual Loops": 4,
                                                                                                                                                                "Output": [
                                                                                                                                                                    "it.id"
                                                                                                                                                                ],
                                                                                                                                                                "Hash Buckets": 1024,
                                                                                                                                                                "Original Hash Buckets": 1024,
                                                                                                                                                                "Hash Batches": 1,
                                                                                                                                                                "Original Hash Batches": 1,
                                                                                                                                                                "Peak Memory Usage": 9,
                                                                                                                                                                "Workers": [
                                                                                                                                                                    {
                                                                                                                                                                        "Worker Number": 0,
                                                                                                                                                                        "Actual Startup Time": 0.235,
                                                                                                                                                                        "Actual Total Time": 0.235,
                                                                                                                                                                        "Actual Rows": 1,
                                                                                                                                                                        "Actual Loops": 1
                                                                                                                                                                    },
                                                                                                                                                                    {
                                                                                                                                                                        "Worker Number": 1,
                                                                                                                                                                        "Actual Startup Time": 0.271,
                                                                                                                                                                        "Actual Total Time": 0.272,
                                                                                                                                                                        "Actual Rows": 1,
                                                                                                                                                                        "Actual Loops": 1
                                                                                                                                                                    },
                                                                                                                                                                    {
                                                                                                                                                                        "Worker Number": 2,
                                                                                                                                                                        "Actual Startup Time": 0.272,
                                                                                                                                                                        "Actual Total Time": 0.273,
                                                                                                                                                                        "Actual Rows": 1,
                                                                                                                                                                        "Actual Loops": 1
                                                                                                                                                                    }
                                                                                                                                                                ],
                                                                                                                                                                "Plans": [
                                                                                                                                                                    {
                                                                                                                                                                        "Node Type": "Index Scan",
                                                                                                                                                                        "Parent Relationship": "Outer",
                                                                                                                                                                        "Parallel Aware": false,
                                                                                                                                                                        "Scan Direction": "Forward",
                                                                                                                                                                        "Index Name": "info_type_pkey",
                                                                                                                                                                        "Relation Name": "info_type",
                                                                                                                                                                        "Schema": "public",
                                                                                                                                                                        "Alias": "it",
                                                                                                                                                                        "Startup Cost": 0.14,
                                                                                                                                                                        "Total Cost": 14.12,
                                                                                                                                                                        "Plan Rows": 1,
                                                                                                                                                                        "Plan Width": 4,
                                                                                                                                                                        "Actual Startup Time": 0.145,
                                                                                                                                                                        "Actual Total Time": 0.195,
                                                                                                                                                                        "Actual Rows": 1,
                                                                                                                                                                        "Actual Loops": 4,
                                                                                                                                                                        "Output": [
                                                                                                                                                                            "it.id"
                                                                                                                                                                        ],
                                                                                                                                                                        "Filter": "((it.info)::text = 'release dates'::text)",
                                                                                                                                                                        "Rows Removed by Filter": 112,
                                                                                                                                                                        "Workers": [
                                                                                                                                                                            {
                                                                                                                                                                                "Worker Number": 0,
                                                                                                                                                                                "Actual Startup Time": 0.17,
                                                                                                                                                                                "Actual Total Time": 0.211,
                                                                                                                                                                                "Actual Rows": 1,
                                                                                                                                                                                "Actual Loops": 1
                                                                                                                                                                            },
                                                                                                                                                                            {
                                                                                                                                                                                "Worker Number": 1,
                                                                                                                                                                                "Actual Startup Time": 0.187,
                                                                                                                                                                                "Actual Total Time": 0.248,
                                                                                                                                                                                "Actual Rows": 1,
                                                                                                                                                                                "Actual Loops": 1
                                                                                                                                                                            },
                                                                                                                                                                            {
                                                                                                                                                                                "Worker Number": 2,
                                                                                                                                                                                "Actual Startup Time": 0.187,
                                                                                                                                                                                "Actual Total Time": 0.248,
                                                                                                                                                                                "Actual Rows": 1,
                                                                                                                                                                                "Actual Loops": 1
                                                                                                                                                                            }
                                                                                                                                                                        ]
                                                                                                                                                                    }
                                                                                                                                                                ]
                                                                                                                                                            }
                                                                                                                                                        ]
                                                                                                                                                    }
                                                                                                                                                ]
                                                                                                                                            },
                                                                                                                                            {
                                                                                                                                                "Node Type": "Index Scan",
                                                                                                                                                "Parent Relationship": "Inner",
                                                                                                                                                "Parallel Aware": false,
                                                                                                                                                "Scan Direction": "Forward",
                                                                                                                                                "Index Name": "name_pkey",
                                                                                                                                                "Relation Name": "name",
                                                                                                                                                "Schema": "public",
                                                                                                                                                "Alias": "n",
                                                                                                                                                "Startup Cost": 0.43,
                                                                                                                                                "Total Cost": 199011.55,
                                                                                                                                                "Plan Rows": 37808,
                                                                                                                                                "Plan Width": 4,
                                                                                                                                                "Actual Startup Time": 1037.564,
                                                                                                                                                "Actual Total Time": 1185.639,
                                                                                                                                                "Actual Rows": 24349,
                                                                                                                                                "Actual Loops": 2,
                                                                                                                                                "Output": [
                                                                                                                                                    "n.id",
                                                                                                                                                    "n.name",
                                                                                                                                                    "n.imdb_index",
                                                                                                                                                    "n.imdb_id",
                                                                                                                                                    "n.gender",
                                                                                                                                                    "n.name_pcode_cf",
                                                                                                                                                    "n.name_pcode_nf",
                                                                                                                                                    "n.surname_pcode",
                                                                                                                                                    "n.md5sum"
                                                                                                                                                ],
                                                                                                                                                "Filter": "((n.name ~~ '%An%'::text) AND ((n.gender)::text = 'f'::text))",
                                                                                                                                                "Rows Removed by Filter": 2143280,
                                                                                                                                                "Workers": [
                                                                                                                                                    {
                                                                                                                                                        "Worker Number": 0,
                                                                                                                                                        "Actual Startup Time": 1036.883,
                                                                                                                                                        "Actual Total Time": 1317.047,
                                                                                                                                                        "Actual Rows": 44343,
                                                                                                                                                        "Actual Loops": 1
                                                                                                                                                    },
                                                                                                                                                    {
                                                                                                                                                        "Worker Number": 2,
                                                                                                                                                        "Actual Startup Time": 1038.244,
                                                                                                                                                        "Actual Total Time": 1054.231,
                                                                                                                                                        "Actual Rows": 4355,
                                                                                                                                                        "Actual Loops": 1
                                                                                                                                                    }
                                                                                                                                                ]
                                                                                                                                            }
                                                                                                                                        ]
                                                                                                                                    }
                                                                                                                                ]
                                                                                                                            },
                                                                                                                            {
                                                                                                                                "Node Type": "Hash",
                                                                                                                                "Parent Relationship": "Inner",
                                                                                                                                "Parallel Aware": false,
                                                                                                                                "Startup Cost": 12.35,
                                                                                                                                "Total Cost": 12.35,
                                                                                                                                "Plan Rows": 1,
                                                                                                                                "Plan Width": 4,
                                                                                                                                "Actual Startup Time": 0.071,
                                                                                                                                "Actual Total Time": 0.072,
                                                                                                                                "Actual Rows": 1,
                                                                                                                                "Actual Loops": 1,
                                                                                                                                "Output": [
                                                                                                                                    "rt.id"
                                                                                                                                ],
                                                                                                                                "Hash Buckets": 1024,
                                                                                                                                "Original Hash Buckets": 1024,
                                                                                                                                "Hash Batches": 1,
                                                                                                                                "Original Hash Batches": 1,
                                                                                                                                "Peak Memory Usage": 9,
                                                                                                                                "Plans": [
                                                                                                                                    {
                                                                                                                                        "Node Type": "Index Scan",
                                                                                                                                        "Parent Relationship": "Outer",
                                                                                                                                        "Parallel Aware": false,
                                                                                                                                        "Scan Direction": "Forward",
                                                                                                                                        "Index Name": "role_type_pkey",
                                                                                                                                        "Relation Name": "role_type",
                                                                                                                                        "Schema": "public",
                                                                                                                                        "Alias": "rt",
                                                                                                                                        "Startup Cost": 0.14,
                                                                                                                                        "Total Cost": 12.35,
                                                                                                                                        "Plan Rows": 1,
                                                                                                                                        "Plan Width": 4,
                                                                                                                                        "Actual Startup Time": 0.057,
                                                                                                                                        "Actual Total Time": 0.064,
                                                                                                                                        "Actual Rows": 1,
                                                                                                                                        "Actual Loops": 1,
                                                                                                                                        "Output": [
                                                                                                                                            "rt.id"
                                                                                                                                        ],
                                                                                                                                        "Filter": "((rt.role)::text = 'actress'::text)",
                                                                                                                                        "Rows Removed by Filter": 11
                                                                                                                                    }
                                                                                                                                ]
                                                                                                                            }
                                                                                                                        ]
                                                                                                                    }
                                                                                                                ]
                                                                                                            }
                                                                                                        ]
                                                                                                    },
                                                                                                    {
                                                                                                        "Node Type": "Bitmap Heap Scan",
                                                                                                        "Parent Relationship": "Inner",
                                                                                                        "Parallel Aware": false,
                                                                                                        "Relation Name": "movie_companies",
                                                                                                        "Schema": "public",
                                                                                                        "Alias": "mc",
                                                                                                        "Startup Cost": 0.48,
                                                                                                        "Total Cost": 4.54,
                                                                                                        "Plan Rows": 5,
                                                                                                        "Plan Width": 8,
                                                                                                        "Actual Startup Time": 0.05,
                                                                                                        "Actual Total Time": 0.068,
                                                                                                        "Actual Rows": 22,
                                                                                                        "Actual Loops": 1,
                                                                                                        "Output": [
                                                                                                            "mc.id",
                                                                                                            "mc.movie_id",
                                                                                                            "mc.company_id",
                                                                                                            "mc.company_type_id",
                                                                                                            "mc.note"
                                                                                                        ],
                                                                                                        "Recheck Cond": "(mc.movie_id = mk.movie_id)",
                                                                                                        "Rows Removed by Index Recheck": 0,
                                                                                                        "Exact Heap Blocks": 2,
                                                                                                        "Lossy Heap Blocks": 0,
                                                                                                        "Plans": [
                                                                                                            {
                                                                                                                "Node Type": "Bitmap Index Scan",
                                                                                                                "Parent Relationship": "Outer",
                                                                                                                "Parallel Aware": false,
                                                                                                                "Index Name": "movie_id_movie_companies",
                                                                                                                "Startup Cost": 0.0,
                                                                                                                "Total Cost": 0.48,
                                                                                                                "Plan Rows": 5,
                                                                                                                "Plan Width": 0,
                                                                                                                "Actual Startup Time": 0.035,
                                                                                                                "Actual Total Time": 0.036,
                                                                                                                "Actual Rows": 22,
                                                                                                                "Actual Loops": 1,
                                                                                                                "Index Cond": "(mc.movie_id = mk.movie_id)"
                                                                                                            }
                                                                                                        ]
                                                                                                    }
                                                                                                ]
                                                                                            },
                                                                                            {
                                                                                                "Node Type": "Bitmap Heap Scan",
                                                                                                "Parent Relationship": "Inner",
                                                                                                "Parallel Aware": false,
                                                                                                "Relation Name": "company_name",
                                                                                                "Schema": "public",
                                                                                                "Alias": "cn",
                                                                                                "Startup Cost": 0.43,
                                                                                                "Total Cost": 4.44,
                                                                                                "Plan Rows": 1,
                                                                                                "Plan Width": 4,
                                                                                                "Actual Startup Time": 0.019,
                                                                                                "Actual Total Time": 0.019,
                                                                                                "Actual Rows": 0,
                                                                                                "Actual Loops": 22,
                                                                                                "Output": [
                                                                                                    "cn.id",
                                                                                                    "cn.name",
                                                                                                    "cn.country_code",
                                                                                                    "cn.imdb_id",
                                                                                                    "cn.name_pcode_nf",
                                                                                                    "cn.name_pcode_sf",
                                                                                                    "cn.md5sum"
                                                                                                ],
                                                                                                "Recheck Cond": "(cn.id = mc.company_id)",
                                                                                                "Rows Removed by Index Recheck": 0,
                                                                                                "Filter": "((cn.country_code)::text = '[us]'::text)",
                                                                                                "Rows Removed by Filter": 1,
                                                                                                "Exact Heap Blocks": 22,
                                                                                                "Lossy Heap Blocks": 0,
                                                                                                "Plans": [
                                                                                                    {
                                                                                                        "Node Type": "Bitmap Index Scan",
                                                                                                        "Parent Relationship": "Outer",
                                                                                                        "Parallel Aware": false,
                                                                                                        "Index Name": "company_name_pkey",
                                                                                                        "Startup Cost": 0.0,
                                                                                                        "Total Cost": 0.43,
                                                                                                        "Plan Rows": 1,
                                                                                                        "Plan Width": 0,
                                                                                                        "Actual Startup Time": 0.012,
                                                                                                        "Actual Total Time": 0.012,
                                                                                                        "Actual Rows": 1,
                                                                                                        "Actual Loops": 22,
                                                                                                        "Index Cond": "(cn.id = mc.company_id)"
                                                                                                    }
                                                                                                ]
                                                                                            }
                                                                                        ]
                                                                                    }
                                                                                ]
                                                                            }
                                                                        ]
                                                                    },
                                                                    {
                                                                        "Node Type": "Hash",
                                                                        "Parent Relationship": "Inner",
                                                                        "Parallel Aware": false,
                                                                        "Startup Cost": 4164.71,
                                                                        "Total Cost": 4164.71,
                                                                        "Plan Rows": 135086,
                                                                        "Plan Width": 12,
                                                                        "Actual Startup Time": 59.741,
                                                                        "Actual Total Time": 59.742,
                                                                        "Actual Rows": 135086,
                                                                        "Actual Loops": 1,
                                                                        "Output": [
                                                                            "cc.movie_id",
                                                                            "cc.subject_id",
                                                                            "cc.status_id"
                                                                        ],
                                                                        "Hash Buckets": 262144,
                                                                        "Original Hash Buckets": 262144,
                                                                        "Hash Batches": 1,
                                                                        "Original Hash Batches": 1,
                                                                        "Peak Memory Usage": 7853,
                                                                        "Plans": [
                                                                            {
                                                                                "Node Type": "Index Scan",
                                                                                "Parent Relationship": "Outer",
                                                                                "Parallel Aware": false,
                                                                                "Scan Direction": "Forward",
                                                                                "Index Name": "subject_id_complete_cast",
                                                                                "Relation Name": "complete_cast",
                                                                                "Schema": "public",
                                                                                "Alias": "cc",
                                                                                "Startup Cost": 0.42,
                                                                                "Total Cost": 4164.71,
                                                                                "Plan Rows": 135086,
                                                                                "Plan Width": 12,
                                                                                "Actual Startup Time": 0.047,
                                                                                "Actual Total Time": 33.264,
                                                                                "Actual Rows": 135086,
                                                                                "Actual Loops": 1,
                                                                                "Output": [
                                                                                    "cc.movie_id",
                                                                                    "cc.subject_id",
                                                                                    "cc.status_id"
                                                                                ]
                                                                            }
                                                                        ]
                                                                    }
                                                                ]
                                                            }
                                                        ]
                                                    },
                                                    {
                                                        "Node Type": "Sort",
                                                        "Parent Relationship": "Inner",
                                                        "Parallel Aware": false,
                                                        "Startup Cost": 596155.73,
                                                        "Total Cost": 603564.53,
                                                        "Plan Rows": 2963519,
                                                        "Plan Width": 8,
                                                        "Actual Startup Time": 1865.404,
                                                        "Actual Total Time": 1928.755,
                                                        "Actual Rows": 1642857,
                                                        "Actual Loops": 1,
                                                        "Output": [
                                                            "pi.person_id",
                                                            "pi.info_type_id"
                                                        ],
                                                        "Sort Key": [
                                                            "pi.person_id"
                                                        ],
                                                        "Sort Method": "quicksort",
                                                        "Sort Space Used": 237226,
                                                        "Sort Space Type": "Memory",
                                                        "Plans": [
                                                            {
                                                                "Node Type": "Index Scan",
                                                                "Parent Relationship": "Outer",
                                                                "Parallel Aware": false,
                                                                "Scan Direction": "Forward",
                                                                "Index Name": "info_type_id_person_info",
                                                                "Relation Name": "person_info",
                                                                "Schema": "public",
                                                                "Alias": "pi",
                                                                "Startup Cost": 0.43,
                                                                "Total Cost": 277594.04,
                                                                "Plan Rows": 2963519,
                                                                "Plan Width": 8,
                                                                "Actual Startup Time": 0.027,
                                                                "Actual Total Time": 1240.301,
                                                                "Actual Rows": 2963664,
                                                                "Actual Loops": 1,
                                                                "Output": [
                                                                    "pi.person_id",
                                                                    "pi.info_type_id"
                                                                ]
                                                            }
                                                        ]
                                                    }
                                                ]
                                            }
                                        ]
                                    },
                                    {
                                        "Node Type": "Index Scan",
                                        "Parent Relationship": "Inner",
                                        "Parallel Aware": false,
                                        "Scan Direction": "Forward",
                                        "Index Name": "info_type_pkey",
                                        "Relation Name": "info_type",
                                        "Schema": "public",
                                        "Alias": "it3",
                                        "Startup Cost": 0.14,
                                        "Total Cost": 14.12,
                                        "Plan Rows": 1,
                                        "Plan Width": 4,
                                        "Actual Startup Time": 0.026,
                                        "Actual Total Time": 0.036,
                                        "Actual Rows": 1,
                                        "Actual Loops": 1,
                                        "Output": [
                                            "it3.id",
                                            "it3.info"
                                        ],
                                        "Filter": "((it3.info)::text = 'height'::text)",
                                        "Rows Removed by Filter": 112
                                    }
                                ]
                            },
                            {
                                "Node Type": "Bitmap Heap Scan",
                                "Parent Relationship": "Inner",
                                "Parallel Aware": false,
                                "Relation Name": "comp_cast_type",
                                "Schema": "public",
                                "Alias": "cct1",
                                "Startup Cost": 0.14,
                                "Total Cost": 4.15,
                                "Plan Rows": 1,
                                "Plan Width": 4,
                                "Actual Startup Time": 0.003,
                                "Actual Total Time": 0.003,
                                "Actual Rows": 1,
                                "Actual Loops": 15,
                                "Output": [
                                    "cct1.id",
                                    "cct1.kind"
                                ],
                                "Recheck Cond": "(cct1.id = cc.subject_id)",
                                "Rows Removed by Index Recheck": 0,
                                "Filter": "((cct1.kind)::text = 'cast'::text)",
                                "Rows Removed by Filter": 0,
                                "Exact Heap Blocks": 15,
                                "Lossy Heap Blocks": 0,
                                "Plans": [
                                    {
                                        "Node Type": "Bitmap Index Scan",
                                        "Parent Relationship": "Outer",
                                        "Parallel Aware": false,
                                        "Index Name": "comp_cast_type_pkey",
                                        "Startup Cost": 0.0,
                                        "Total Cost": 0.14,
                                        "Plan Rows": 1,
                                        "Plan Width": 0,
                                        "Actual Startup Time": 0.001,
                                        "Actual Total Time": 0.001,
                                        "Actual Rows": 1,
                                        "Actual Loops": 15,
                                        "Index Cond": "(cct1.id = cc.subject_id)"
                                    }
                                ]
                            }
                        ]
                    },
                    {
                        "Node Type": "Index Scan",
                        "Parent Relationship": "Inner",
                        "Parallel Aware": false,
                        "Scan Direction": "Forward",
                        "Index Name": "comp_cast_type_pkey",
                        "Relation Name": "comp_cast_type",
                        "Schema": "public",
                        "Alias": "cct2",
                        "Startup Cost": 0.13,
                        "Total Cost": 0.15,
                        "Plan Rows": 1,
                        "Plan Width": 4,
                        "Actual Startup Time": 0.001,
                        "Actual Total Time": 0.001,
                        "Actual Rows": 1,
                        "Actual Loops": 15,
                        "Output": [
                            "cct2.id",
                            "cct2.kind"
                        ],
                        "Index Cond": "(cct2.id = cc.status_id)",
                        "Rows Removed by Index Recheck": 0,
                        "Filter": "((cct2.kind)::text = 'complete+verified'::text)",
                        "Rows Removed by Filter": 0
                    }
                ]
            }
        ]
    },
    "Planning Time": 2706.672,
    "Triggers": [],
    "Execution Time": 8560.932
}