[
  {
    "Plan": {
      "Node Type": "Aggregate",
      "Strategy": "Plain",
      "Partial Mode": "Finalize",
      "Parallel Aware": false,
      "Startup Cost": 330576.31,
      "Total Cost": 330576.32,
      "Plan Rows": 1,
      "Plan Width": 8,
      "Actual Startup Time": 565.531,
      "Actual Total Time": 623.577,
      "Actual Rows": 1,
      "Actual Loops": 1,
      "Plans": [
        {
          "Node Type": "Gather",
          "Parent Relationship": "Outer",
          "Parallel Aware": false,
          "Startup Cost": 330575.68,
          "Total Cost": 330576.29,
          "Plan Rows": 6,
          "Plan Width": 8,
          "Actual Startup Time": 565.389,
          "Actual Total Time": 623.567,
          "Actual Rows": 7,
          "Actual Loops": 1,
          "Workers Planned": 6,
          "Workers Launched": 6,
          "Single Copy": false,
          "Plans": [
            {
              "Node Type": "Aggregate",
              "Strategy": "Plain",
              "Partial Mode": "Partial",
              "Parent Relationship": "Outer",
              "Parallel Aware": false,
              "Startup Cost": 329575.68,
              "Total Cost": 329575.69,
              "Plan Rows": 1,
              "Plan Width": 8,
              "Actual Startup Time": 555.807,
              "Actual Total Time": 555.808,
              "Actual Rows": 1,
              "Actual Loops": 7,
              "Plans": [
                {
                  "Node Type": "Seq Scan",
                  "Parent Relationship": "Outer",
                  "Parallel Aware": true,
                  "Relation Name": "cast_info",
                  "Alias": "ci",
                  "Startup Cost": 0.0,
                  "Total Cost": 328162.03,
                  "Plan Rows": 565462,
                  "Plan Width": 0,
                  "Actual Startup Time": 0.049,
                  "Actual Total Time": 530.507,
                  "Actual Rows": 502127,
                  "Actual Loops": 7,
                  "Filter": "(person_id < 336313)",
                  "Rows Removed by Filter": 4675636
                }
              ]
            }
          ]
        }
      ]
    },
    "Planning Time": 0.205,
    "Triggers": [],
    "Execution Time": 623.654
  }
]