{
  "Plan": {
    "Node Type": "Aggregate",
    "Strategy": "Plain",
    "Partial Mode": "Finalize",
    "Parallel Aware": false,
    "Startup Cost": 467833.58,
    "Total Cost": 467833.59,
    "Plan Rows": 1,
    "Plan Width": 8,
    "Actual Startup Time": 2112.057,
    "Actual Total Time": 2183.514,
    "Actual Rows": 1,
    "Actual Loops": 1,
    "Plans": [
      {
        "Node Type": "Gather",
        "Parent Relationship": "Outer",
        "Parallel Aware": false,
        "Startup Cost": 467833.47,
        "Total Cost": 467833.58,
        "Plan Rows": 1,
        "Plan Width": 8,
        "Actual Startup Time": 2111.062,
        "Actual Total Time": 2183.506,
        "Actual Rows": 2,
        "Actual Loops": 1,
        "Workers Planned": 1,
        "Workers Launched": 1,
        "Single Copy": false,
        "Plans": [
          {
            "Node Type": "Aggregate",
            "Strategy": "Plain",
            "Partial Mode": "Partial",
            "Parent Relationship": "Outer",
            "Parallel Aware": false,
            "Startup Cost": 466833.47,
            "Total Cost": 466833.48,
            "Plan Rows": 1,
            "Plan Width": 8,
            "Actual Startup Time": 2104.721,
            "Actual Total Time": 2104.725,
            "Actual Rows": 1,
            "Actual Loops": 2,
            "Plans": [
              {
                "Node Type": "Nested Loop",
                "Parent Relationship": "Outer",
                "Parallel Aware": false,
                "Join Type": "Inner",
                "Startup Cost": 31134.37,
                "Total Cost": 465122.13,
                "Plan Rows": 684534,
                "Plan Width": 0,
                "Actual Startup Time": 126.672,
                "Actual Total Time": 2047.857,
                "Actual Rows": 1218408,
                "Actual Loops": 2,
                "Inner Unique": false,
                "Plans": [
                  {
                    "Node Type": "Hash Join",
                    "Parent Relationship": "Outer",
                    "Parallel Aware": true,
                    "Join Type": "Inner",
                    "Startup Cost": 31133.93,
                    "Total Cost": 92473.52,
                    "Plan Rows": 199594,
                    "Plan Width": 8,
                    "Actual Startup Time": 126.594,
                    "Actual Total Time": 615.154,
                    "Actual Rows": 167228,
                    "Actual Loops": 2,
                    "Inner Unique": false,
                    "Hash Cond": "(t.id = mc.movie_id)",
                    "Plans": [
                      {
                        "Node Type": "Seq Scan",
                        "Parent Relationship": "Outer",
                        "Parallel Aware": true,
                        "Relation Name": "title",
                        "Alias": "t",
                        "Startup Cost": 0.0,
                        "Total Cost": 50870.31,
                        "Plan Rows": 1487231,
                        "Plan Width": 4,
                        "Actual Startup Time": 0.009,
                        "Actual Total Time": 116.467,
                        "Actual Rows": 1264156,
                        "Actual Loops": 2
                      },
                      {
                        "Node Type": "Hash",
                        "Parent Relationship": "Inner",
                        "Parallel Aware": true,
                        "Startup Cost": 28639.01,
                        "Total Cost": 28639.01,
                        "Plan Rows": 199594,
                        "Plan Width": 4,
                        "Actual Startup Time": 120.842,
                        "Actual Total Time": 120.843,
                        "Actual Rows": 167228,
                        "Actual Loops": 2,
                        "Hash Buckets": 524288,
                        "Original Hash Buckets": 524288,
                        "Hash Batches": 1,
                        "Original Hash Batches": 1,
                        "Peak Memory Usage": 17184,
                        "Plans": [
                          {
                            "Node Type": "Bitmap Heap Scan",
                            "Parent Relationship": "Outer",
                            "Parallel Aware": true,
                            "Relation Name": "movie_companies",
                            "Alias": "mc",
                            "Startup Cost": 7354.08,
                            "Total Cost": 28639.01,
                            "Plan Rows": 199594,
                            "Plan Width": 4,
                            "Actual Startup Time": 31.196,
                            "Actual Total Time": 84.087,
                            "Actual Rows": 167228,
                            "Actual Loops": 2,
                            "Recheck Cond": "(company_id < 166)",
                            "Rows Removed by Index Recheck": 0,
                            "Exact Heap Blocks": 11320,
                            "Lossy Heap Blocks": 0,
                            "Plans": [
                              {
                                "Node Type": "Bitmap Index Scan",
                                "Parent Relationship": "Outer",
                                "Parallel Aware": false,
                                "Index Name": "company_id_movie_companies",
                                "Startup Cost": 0.0,
                                "Total Cost": 7269.26,
                                "Plan Rows": 339310,
                                "Plan Width": 0,
                                "Actual Startup Time": 28.142,
                                "Actual Total Time": 28.142,
                                "Actual Rows": 334457,
                                "Actual Loops": 1,
                                "Index Cond": "(company_id < 166)"
                              }
                            ]
                          }
                        ]
                      }
                    ]
                  },
                  {
                    "Node Type": "Index Scan",
                    "Parent Relationship": "Inner",
                    "Parallel Aware": false,
                    "Scan Direction": "Forward",
                    "Index Name": "movie_id_movie_info",
                    "Relation Name": "movie_info",
                    "Alias": "mi",
                    "Startup Cost": 0.43,
                    "Total Cost": 1.62,
                    "Plan Rows": 25,
                    "Plan Width": 4,
                    "Actual Startup Time": 0.003,
                    "Actual Total Time": 0.008,
                    "Actual Rows": 7,
                    "Actual Loops": 334457,
                    "Index Cond": "(movie_id = t.id)",
                    "Rows Removed by Index Recheck": 0,
                    "Filter": "(info_type_id < 13)",
                    "Rows Removed by Filter": 11
                  }
                ]
              }
            ]
          }
        ]
      }
    ]
  },
  "Planning Time": 1.12,
  "Triggers": [],
  "Execution Time": 2183.646
}