{
    "Plan": {
        "Node Type": "Aggregate",
        "Strategy": "Plain",
        "Partial Mode": "Simple",
        "Parallel Aware": false,
        "Startup Cost": 30000546261.36,
        "Total Cost": 30000546261.37,
        "Plan Rows": 1,
        "Plan Width": 64,
        "Actual Startup Time": 3241.198,
        "Actual Total Time": 3241.203,
        "Actual Rows": 1,
        "Actual Loops": 1,
        "Output": [
            "min(mi_idx.info)",
            "min(t.title)"
        ],
        "Plans": [
            {
                "Node Type": "Hash Join",
                "Parent Relationship": "Outer",
                "Parallel Aware": false,
                "Join Type": "Inner",
                "Startup Cost": 30000288316.47,
                "Total Cost": 30000546261.35,
                "Plan Rows": 2,
                "Plan Width": 22,
                "Actual Startup Time": 1145.967,
                "Actual Total Time": 3240.732,
                "Actual Rows": 1980,
                "Actual Loops": 1,
                "Output": [
                    "mi_idx.info",
                    "t.title"
                ],
                "Inner Unique": true,
                "Hash Cond": "(mk.keyword_id = k.id)",
                "Plans": [
                    {
                        "Node Type": "Hash Join",
                        "Parent Relationship": "Outer",
                        "Parallel Aware": false,
                        "Join Type": "Inner",
                        "Startup Cost": 20000282973.38,
                        "Total Cost": 20000540852.93,
                        "Plan Rows": 24892,
                        "Plan Width": 26,
                        "Actual Startup Time": 1080.707,
                        "Actual Total Time": 3106.048,
                        "Actual Rows": 1319255,
                        "Actual Loops": 1,
                        "Output": [
                            "mi_idx.info",
                            "mk.keyword_id",
                            "t.title"
                        ],
                        "Inner Unique": true,
                        "Hash Cond": "(mi_idx.info_type_id = it.id)",
                        "Plans": [
                            {
                                "Node Type": "Hash Join",
                                "Parent Relationship": "Outer",
                                "Parallel Aware": false,
                                "Join Type": "Inner",
                                "Startup Cost": 10000282959.25,
                                "Total Cost": 10000533179.12,
                                "Plan Rows": 2812488,
                                "Plan Width": 30,
                                "Actual Startup Time": 1080.635,
                                "Actual Total Time": 2923.319,
                                "Actual Rows": 1821911,
                                "Actual Loops": 1,
                                "Output": [
                                    "mi_idx.info",
                                    "mi_idx.info_type_id",
                                    "mk.keyword_id",
                                    "t.title"
                                ],
                                "Inner Unique": false,
                                "Hash Cond": "(t.id = mi_idx.movie_id)",
                                "Plans": [
                                    {
                                        "Node Type": "Merge Join",
                                        "Parent Relationship": "Outer",
                                        "Parallel Aware": false,
                                        "Join Type": "Inner",
                                        "Startup Cost": 219406.87,
                                        "Total Cost": 447636.44,
                                        "Plan Rows": 2650177,
                                        "Plan Width": 29,
                                        "Actual Startup Time": 742.106,
                                        "Actual Total Time": 2241.708,
                                        "Actual Rows": 2179620,
                                        "Actual Loops": 1,
                                        "Output": [
                                            "mk.movie_id",
                                            "mk.keyword_id",
                                            "t.title",
                                            "t.id"
                                        ],
                                        "Inner Unique": false,
                                        "Merge Cond": "(mk.movie_id = t.id)",
                                        "Plans": [
                                            {
                                                "Node Type": "Index Scan",
                                                "Parent Relationship": "Outer",
                                                "Parallel Aware": false,
                                                "Scan Direction": "Forward",
                                                "Index Name": "movie_id_movie_keyword",
                                                "Relation Name": "movie_keyword",
                                                "Schema": "public",
                                                "Alias": "mk",
                                                "Startup Cost": 0.43,
                                                "Total Cost": 177177.46,
                                                "Plan Rows": 4523930,
                                                "Plan Width": 8,
                                                "Actual Startup Time": 0.016,
                                                "Actual Total Time": 567.66,
                                                "Actual Rows": 4523930,
                                                "Actual Loops": 1,
                                                "Output": [
                                                    "mk.id",
                                                    "mk.movie_id",
                                                    "mk.keyword_id"
                                                ]
                                            },
                                            {
                                                "Node Type": "Sort",
                                                "Parent Relationship": "Inner",
                                                "Parallel Aware": false,
                                                "Startup Cost": 219404.36,
                                                "Total Cost": 223107.17,
                                                "Plan Rows": 1481124,
                                                "Plan Width": 21,
                                                "Actual Startup Time": 742.078,
                                                "Actual Total Time": 1000.441,
                                                "Actual Rows": 3430436,
                                                "Actual Loops": 1,
                                                "Output": [
                                                    "t.title",
                                                    "t.id"
                                                ],
                                                "Sort Key": [
                                                    "t.id"
                                                ],
                                                "Sort Method": "quicksort",
                                                "Sort Space Used": 152545,
                                                "Sort Space Type": "Memory",
                                                "Plans": [
                                                    {
                                                        "Node Type": "Seq Scan",
                                                        "Parent Relationship": "Outer",
                                                        "Parallel Aware": false,
                                                        "Relation Name": "title",
                                                        "Schema": "public",
                                                        "Alias": "t",
                                                        "Startup Cost": 0.0,
                                                        "Total Cost": 67602.02,
                                                        "Plan Rows": 1481124,
                                                        "Plan Width": 21,
                                                        "Actual Startup Time": 0.03,
                                                        "Actual Total Time": 334.33,
                                                        "Actual Rows": 1485030,
                                                        "Actual Loops": 1,
                                                        "Output": [
                                                            "t.title",
                                                            "t.id"
                                                        ],
                                                        "Filter": "(t.production_year > 1998)",
                                                        "Rows Removed by Filter": 1043282
                                                    }
                                                ]
                                            }
                                        ]
                                    },
                                    {
                                        "Node Type": "Hash",
                                        "Parent Relationship": "Inner",
                                        "Parallel Aware": false,
                                        "Startup Cost": 10000057080.9,
                                        "Total Cost": 10000057080.9,
                                        "Plan Rows": 517718,
                                        "Plan Width": 13,
                                        "Actual Startup Time": 338.019,
                                        "Actual Total Time": 338.019,
                                        "Actual Rows": 526276,
                                        "Actual Loops": 1,
                                        "Output": [
                                            "mi_idx.info",
                                            "mi_idx.movie_id",
                                            "mi_idx.info_type_id"
                                        ],
                                        "Hash Buckets": 1048576,
                                        "Original Hash Buckets": 524288,
                                        "Hash Batches": 1,
                                        "Original Hash Batches": 1,
                                        "Peak Memory Usage": 30887,
                                        "Plans": [
                                            {
                                                "Node Type": "Index Scan",
                                                "Parent Relationship": "Outer",
                                                "Parallel Aware": false,
                                                "Scan Direction": "Forward",
                                                "Index Name": "movie_id_movie_info_idx",
                                                "Relation Name": "movie_info_idx",
                                                "Schema": "public",
                                                "Alias": "mi_idx",
                                                "Startup Cost": 10000000000.43,
                                                "Total Cost": 10000057080.9,
                                                "Plan Rows": 517718,
                                                "Plan Width": 13,
                                                "Actual Startup Time": 0.04,
                                                "Actual Total Time": 237.785,
                                                "Actual Rows": 526276,
                                                "Actual Loops": 1,
                                                "Output": [
                                                    "mi_idx.info",
                                                    "mi_idx.movie_id",
                                                    "mi_idx.info_type_id"
                                                ],
                                                "Filter": "(mi_idx.info > '5'::text)",
                                                "Rows Removed by Filter": 853759
                                            }
                                        ]
                                    }
                                ]
                            },
                            {
                                "Node Type": "Hash",
                                "Parent Relationship": "Inner",
                                "Parallel Aware": false,
                                "Startup Cost": 10000000014.12,
                                "Total Cost": 10000000014.12,
                                "Plan Rows": 1,
                                "Plan Width": 4,
                                "Actual Startup Time": 0.04,
                                "Actual Total Time": 0.041,
                                "Actual Rows": 1,
                                "Actual Loops": 1,
                                "Output": [
                                    "it.id"
                                ],
                                "Hash Buckets": 1024,
                                "Original Hash Buckets": 1024,
                                "Hash Batches": 1,
                                "Original Hash Batches": 1,
                                "Peak Memory Usage": 9,
                                "Plans": [
                                    {
                                        "Node Type": "Index Scan",
                                        "Parent Relationship": "Outer",
                                        "Parallel Aware": false,
                                        "Scan Direction": "Forward",
                                        "Index Name": "info_type_pkey",
                                        "Relation Name": "info_type",
                                        "Schema": "public",
                                        "Alias": "it",
                                        "Startup Cost": 10000000000.14,
                                        "Total Cost": 10000000014.12,
                                        "Plan Rows": 1,
                                        "Plan Width": 4,
                                        "Actual Startup Time": 0.037,
                                        "Actual Total Time": 0.039,
                                        "Actual Rows": 1,
                                        "Actual Loops": 1,
                                        "Output": [
                                            "it.id"
                                        ],
                                        "Filter": "((it.info)::text = 'rating'::text)",
                                        "Rows Removed by Filter": 112
                                    }
                                ]
                            }
                        ]
                    },
                    {
                        "Node Type": "Hash",
                        "Parent Relationship": "Inner",
                        "Parallel Aware": false,
                        "Startup Cost": 10000005342.92,
                        "Total Cost": 10000005342.92,
                        "Plan Rows": 13,
                        "Plan Width": 4,
                        "Actual Startup Time": 64.655,
                        "Actual Total Time": 64.655,
                        "Actual Rows": 30,
                        "Actual Loops": 1,
                        "Output": [
                            "k.id"
                        ],
                        "Hash Buckets": 1024,
                        "Original Hash Buckets": 1024,
                        "Hash Batches": 1,
                        "Original Hash Batches": 1,
                        "Peak Memory Usage": 10,
                        "Plans": [
                            {
                                "Node Type": "Index Scan",
                                "Parent Relationship": "Outer",
                                "Parallel Aware": false,
                                "Scan Direction": "Forward",
                                "Index Name": "keyword_pkey",
                                "Relation Name": "keyword",
                                "Schema": "public",
                                "Alias": "k",
                                "Startup Cost": 10000000000.42,
                                "Total Cost": 10000005342.92,
                                "Plan Rows": 13,
                                "Plan Width": 4,
                                "Actual Startup Time": 1.062,
                                "Actual Total Time": 64.628,
                                "Actual Rows": 30,
                                "Actual Loops": 1,
                                "Output": [
                                    "k.id"
                                ],
                                "Filter": "(k.keyword ~~ '%sequel%'::text)",
                                "Rows Removed by Filter": 134140
                            }
                        ]
                    }
                ]
            }
        ]
    },
    "Planning Time": 2.673,
    "Triggers": [],
    "Execution Time": 3241.526
}