{
  "Plan": {
    "Node Type": "Aggregate",
    "Strategy": "Plain",
    "Partial Mode": "Finalize",
    "Parallel Aware": false,
    "Startup Cost": 105858.77,
    "Total Cost": 105858.78,
    "Plan Rows": 1,
    "Plan Width": 8,
    "Actual Startup Time": 690.128,
    "Actual Total Time": 705.518,
    "Actual Rows": 1,
    "Actual Loops": 1,
    "Plans": [
      {
        "Node Type": "Gather",
        "Parent Relationship": "Outer",
        "Parallel Aware": false,
        "Startup Cost": 105858.65,
        "Total Cost": 105858.76,
        "Plan Rows": 1,
        "Plan Width": 8,
        "Actual Startup Time": 687.51,
        "Actual Total Time": 705.509,
        "Actual Rows": 2,
        "Actual Loops": 1,
        "Workers Planned": 1,
        "Workers Launched": 1,
        "Single Copy": false,
        "Plans": [
          {
            "Node Type": "Aggregate",
            "Strategy": "Plain",
            "Partial Mode": "Partial",
            "Parent Relationship": "Outer",
            "Parallel Aware": false,
            "Startup Cost": 104858.65,
            "Total Cost": 104858.66,
            "Plan Rows": 1,
            "Plan Width": 8,
            "Actual Startup Time": 681.79,
            "Actual Total Time": 681.794,
            "Actual Rows": 1,
            "Actual Loops": 2,
            "Plans": [
              {
                "Node Type": "Hash Join",
                "Parent Relationship": "Outer",
                "Parallel Aware": true,
                "Join Type": "Inner",
                "Startup Cost": 60883.71,
                "Total Cost": 104331.13,
                "Plan Rows": 211009,
                "Plan Width": 0,
                "Actual Startup Time": 390.073,
                "Actual Total Time": 662.273,
                "Actual Rows": 391868,
                "Actual Loops": 2,
                "Inner Unique": true,
                "Hash Cond": "(mc.movie_id = t.id)",
                "Plans": [
                  {
                    "Node Type": "Seq Scan",
                    "Parent Relationship": "Outer",
                    "Parallel Aware": true,
                    "Relation Name": "movie_companies",
                    "Alias": "mc",
                    "Startup Cost": 0.0,
                    "Total Cost": 41811.73,
                    "Plan Rows": 623120,
                    "Plan Width": 4,
                    "Actual Startup Time": 61.61,
                    "Actual Total Time": 145.744,
                    "Actual Rows": 597274,
                    "Actual Loops": 2,
                    "Filter": "((company_id > 475) AND (company_type_id > 1))",
                    "Rows Removed by Filter": 707290
                  },
                  {
                    "Node Type": "Hash",
                    "Parent Relationship": "Inner",
                    "Parallel Aware": true,
                    "Startup Cost": 54588.39,
                    "Total Cost": 54588.39,
                    "Plan Rows": 503626,
                    "Plan Width": 4,
                    "Actual Startup Time": 319.425,
                    "Actual Total Time": 319.426,
                    "Actual Rows": 427107,
                    "Actual Loops": 2,
                    "Hash Buckets": 1048576,
                    "Original Hash Buckets": 1048576,
                    "Hash Batches": 1,
                    "Original Hash Batches": 1,
                    "Peak Memory Usage": 41664,
                    "Plans": [
                      {
                        "Node Type": "Seq Scan",
                        "Parent Relationship": "Outer",
                        "Parallel Aware": true,
                        "Relation Name": "title",
                        "Alias": "t",
                        "Startup Cost": 0.0,
                        "Total Cost": 54588.39,
                        "Plan Rows": 503626,
                        "Plan Width": 4,
                        "Actual Startup Time": 0.036,
                        "Actual Total Time": 178.962,
                        "Actual Rows": 427107,
                        "Actual Loops": 2,
                        "Filter": "(kind_id < 4)",
                        "Rows Removed by Filter": 837049
                      }
                    ]
                  }
                ]
              }
            ]
          }
        ]
      }
    ]
  },
  "Planning Time": 0.662,
  "Triggers": [],
  "Execution Time": 705.59
}