[
  {
    "Plan": {
      "Node Type": "Aggregate",
      "Strategy": "Plain",
      "Partial Mode": "Finalize",
      "Parallel Aware": false,
      "Startup Cost": 346183.09,
      "Total Cost": 346183.1,
      "Plan Rows": 1,
      "Plan Width": 8,
      "Actual Startup Time": 252.272,
      "Actual Total Time": 268.088,
      "Actual Rows": 1,
      "Actual Loops": 1,
      "Plans": [
        {
          "Node Type": "Gather",
          "Parent Relationship": "Outer",
          "Parallel Aware": false,
          "Startup Cost": 346182.46,
          "Total Cost": 346183.07,
          "Plan Rows": 6,
          "Plan Width": 8,
          "Actual Startup Time": 251.225,
          "Actual Total Time": 268.079,
          "Actual Rows": 7,
          "Actual Loops": 1,
          "Workers Planned": 6,
          "Workers Launched": 6,
          "Single Copy": false,
          "Plans": [
            {
              "Node Type": "Aggregate",
              "Strategy": "Plain",
              "Partial Mode": "Partial",
              "Parent Relationship": "Outer",
              "Parallel Aware": false,
              "Startup Cost": 345182.46,
              "Total Cost": 345182.47,
              "Plan Rows": 1,
              "Plan Width": 8,
              "Actual Startup Time": 240.001,
              "Actual Total Time": 240.004,
              "Actual Rows": 1,
              "Actual Loops": 7,
              "Plans": [
                {
                  "Node Type": "Hash Join",
                  "Parent Relationship": "Outer",
                  "Parallel Aware": true,
                  "Join Type": "Inner",
                  "Startup Cost": 87400.89,
                  "Total Cost": 345149.21,
                  "Plan Rows": 13300,
                  "Plan Width": 0,
                  "Actual Startup Time": 199.987,
                  "Actual Total Time": 239.658,
                  "Actual Rows": 7535,
                  "Actual Loops": 7,
                  "Inner Unique": true,
                  "Hash Cond": "(ci.movie_id = t.id)",
                  "Plans": [
                    {
                      "Node Type": "Bitmap Heap Scan",
                      "Parent Relationship": "Outer",
                      "Parallel Aware": true,
                      "Relation Name": "cast_info",
                      "Alias": "ci",
                      "Startup Cost": 41178.86,
                      "Total Cost": 298555.91,
                      "Plan Rows": 141441,
                      "Plan Width": 4,
                      "Actual Startup Time": 110.108,
                      "Actual Total Time": 133.205,
                      "Actual Rows": 76772,
                      "Actual Loops": 7,
                      "Recheck Cond": "(person_id < 186641)",
                      "Rows Removed by Index Recheck": 0,
                      "Filter": "(role_id > 2)",
                      "Rows Removed by Filter": 194134,
                      "Exact Heap Blocks": 4673,
                      "Lossy Heap Blocks": 0,
                      "Plans": [
                        {
                          "Node Type": "Bitmap Index Scan",
                          "Parent Relationship": "Outer",
                          "Parallel Aware": false,
                          "Index Name": "person_id_cast_info",
                          "Startup Cost": 0.0,
                          "Total Cost": 40966.7,
                          "Plan Rows": 1876018,
                          "Plan Width": 0,
                          "Actual Startup Time": 58.215,
                          "Actual Total Time": 58.215,
                          "Actual Rows": 1896341,
                          "Actual Loops": 1,
                          "Index Cond": "(person_id < 186641)"
                        }
                      ]
                    },
                    {
                      "Node Type": "Hash",
                      "Parent Relationship": "Inner",
                      "Parallel Aware": true,
                      "Startup Cost": 45479.1,
                      "Total Cost": 45479.1,
                      "Plan Rows": 59434,
                      "Plan Width": 4,
                      "Actual Startup Time": 87.965,
                      "Actual Total Time": 87.966,
                      "Actual Rows": 36701,
                      "Actual Loops": 7,
                      "Hash Buckets": 262144,
                      "Original Hash Buckets": 262144,
                      "Hash Batches": 1,
                      "Original Hash Batches": 1,
                      "Peak Memory Usage": 12256,
                      "Plans": [
                        {
                          "Node Type": "Seq Scan",
                          "Parent Relationship": "Outer",
                          "Parallel Aware": true,
                          "Relation Name": "title",
                          "Alias": "t",
                          "Startup Cost": 0.0,
                          "Total Cost": 45479.1,
                          "Plan Rows": 59434,
                          "Plan Width": 4,
                          "Actual Startup Time": 0.042,
                          "Actual Total Time": 72.038,
                          "Actual Rows": 36701,
                          "Actual Loops": 7,
                          "Filter": "((production_year > 2010) AND (kind_id = 7))",
                          "Rows Removed by Filter": 324487
                        }
                      ]
                    }
                  ]
                }
              ]
            }
          ]
        }
      ]
    },
    "Planning Time": 0.681,
    "Triggers": [],
    "Execution Time": 268.186
  }
]