{
  "Plan": {
    "Node Type": "Aggregate",
    "Strategy": "Plain",
    "Partial Mode": "Finalize",
    "Parallel Aware": false,
    "Startup Cost": 29137.76,
    "Total Cost": 29137.77,
    "Plan Rows": 1,
    "Plan Width": 8,
    "Actual Startup Time": 40.202,
    "Actual Total Time": 44.937,
    "Actual Rows": 1,
    "Actual Loops": 1,
    "Plans": [
      {
        "Node Type": "Gather",
        "Parent Relationship": "Outer",
        "Parallel Aware": false,
        "Startup Cost": 29137.65,
        "Total Cost": 29137.76,
        "Plan Rows": 1,
        "Plan Width": 8,
        "Actual Startup Time": 40.091,
        "Actual Total Time": 44.932,
        "Actual Rows": 2,
        "Actual Loops": 1,
        "Workers Planned": 1,
        "Workers Launched": 1,
        "Single Copy": false,
        "Plans": [
          {
            "Node Type": "Aggregate",
            "Strategy": "Plain",
            "Partial Mode": "Partial",
            "Parent Relationship": "Outer",
            "Parallel Aware": false,
            "Startup Cost": 28137.65,
            "Total Cost": 28137.66,
            "Plan Rows": 1,
            "Plan Width": 8,
            "Actual Startup Time": 33.978,
            "Actual Total Time": 33.98,
            "Actual Rows": 1,
            "Actual Loops": 2,
            "Plans": [
              {
                "Node Type": "Nested Loop",
                "Parent Relationship": "Outer",
                "Parallel Aware": false,
                "Join Type": "Inner",
                "Startup Cost": 143.25,
                "Total Cost": 28135.77,
                "Plan Rows": 751,
                "Plan Width": 0,
                "Actual Startup Time": 2.496,
                "Actual Total Time": 33.692,
                "Actual Rows": 1599,
                "Actual Loops": 2,
                "Inner Unique": true,
                "Plans": [
                  {
                    "Node Type": "Bitmap Heap Scan",
                    "Parent Relationship": "Outer",
                    "Parallel Aware": true,
                    "Relation Name": "movie_companies",
                    "Alias": "mc",
                    "Startup Cost": 142.82,
                    "Total Cost": 13463.55,
                    "Plan Rows": 1914,
                    "Plan Width": 4,
                    "Actual Startup Time": 2.356,
                    "Actual Total Time": 7.607,
                    "Actual Rows": 2794,
                    "Actual Loops": 2,
                    "Recheck Cond": "(company_id = 93)",
                    "Rows Removed by Index Recheck": 0,
                    "Filter": "(company_type_id < 2)",
                    "Rows Removed by Filter": 239,
                    "Exact Heap Blocks": 1887,
                    "Lossy Heap Blocks": 0,
                    "Plans": [
                      {
                        "Node Type": "Bitmap Index Scan",
                        "Parent Relationship": "Outer",
                        "Parallel Aware": false,
                        "Index Name": "company_id_movie_companies",
                        "Startup Cost": 0.0,
                        "Total Cost": 142.0,
                        "Plan Rows": 6610,
                        "Plan Width": 0,
                        "Actual Startup Time": 3.503,
                        "Actual Total Time": 3.504,
                        "Actual Rows": 6067,
                        "Actual Loops": 1,
                        "Index Cond": "(company_id = 93)"
                      }
                    ]
                  },
                  {
                    "Node Type": "Index Scan",
                    "Parent Relationship": "Inner",
                    "Parallel Aware": false,
                    "Scan Direction": "Forward",
                    "Index Name": "title_pkey",
                    "Relation Name": "title",
                    "Alias": "t",
                    "Startup Cost": 0.43,
                    "Total Cost": 7.67,
                    "Plan Rows": 1,
                    "Plan Width": 4,
                    "Actual Startup Time": 0.009,
                    "Actual Total Time": 0.009,
                    "Actual Rows": 1,
                    "Actual Loops": 5589,
                    "Index Cond": "(id = mc.movie_id)",
                    "Rows Removed by Index Recheck": 0,
                    "Filter": "(kind_id < 7)",
                    "Rows Removed by Filter": 0
                  }
                ]
              }
            ]
          }
        ]
      }
    ]
  },
  "Planning Time": 0.759,
  "Triggers": [],
  "Execution Time": 45.023
}