{
  "Plan": {
    "Node Type": "Aggregate",
    "Strategy": "Plain",
    "Partial Mode": "Finalize",
    "Parallel Aware": false,
    "Startup Cost": 235423.15,
    "Total Cost": 235423.16,
    "Plan Rows": 1,
    "Plan Width": 8,
    "Actual Startup Time": 981.602,
    "Actual Total Time": 1008.607,
    "Actual Rows": 1,
    "Actual Loops": 1,
    "Plans": [
      {
        "Node Type": "Gather",
        "Parent Relationship": "Outer",
        "Parallel Aware": false,
        "Startup Cost": 235423.04,
        "Total Cost": 235423.15,
        "Plan Rows": 1,
        "Plan Width": 8,
        "Actual Startup Time": 976.859,
        "Actual Total Time": 1008.598,
        "Actual Rows": 2,
        "Actual Loops": 1,
        "Workers Planned": 1,
        "Workers Launched": 1,
        "Single Copy": false,
        "Plans": [
          {
            "Node Type": "Aggregate",
            "Strategy": "Plain",
            "Partial Mode": "Partial",
            "Parent Relationship": "Outer",
            "Parallel Aware": false,
            "Startup Cost": 234423.04,
            "Total Cost": 234423.05,
            "Plan Rows": 1,
            "Plan Width": 8,
            "Actual Startup Time": 970.994,
            "Actual Total Time": 971.297,
            "Actual Rows": 1,
            "Actual Loops": 2,
            "Plans": [
              {
                "Node Type": "Hash Join",
                "Parent Relationship": "Outer",
                "Parallel Aware": true,
                "Join Type": "Inner",
                "Startup Cost": 214906.71,
                "Total Cost": 234294.45,
                "Plan Rows": 51435,
                "Plan Width": 0,
                "Actual Startup Time": 867.121,
                "Actual Total Time": 969.249,
                "Actual Rows": 40606,
                "Actual Loops": 2,
                "Inner Unique": false,
                "Hash Cond": "(mi_idx.movie_id = t.id)",
                "Plans": [
                  {
                    "Node Type": "Seq Scan",
                    "Parent Relationship": "Outer",
                    "Parallel Aware": true,
                    "Relation Name": "movie_info_idx",
                    "Alias": "mi_idx",
                    "Startup Cost": 0.0,
                    "Total Cost": 18082.32,
                    "Plan Rows": 267429,
                    "Plan Width": 4,
                    "Actual Startup Time": 0.028,
                    "Actual Total Time": 60.735,
                    "Actual Rows": 229962,
                    "Actual Loops": 2,
                    "Filter": "(info_type_id < 100)",
                    "Rows Removed by Filter": 460055
                  },
                  {
                    "Node Type": "Hash",
                    "Parent Relationship": "Inner",
                    "Parallel Aware": true,
                    "Startup Cost": 211331.23,
                    "Total Cost": 211331.23,
                    "Plan Rows": 286039,
                    "Plan Width": 8,
                    "Actual Startup Time": 861.556,
                    "Actual Total Time": 861.858,
                    "Actual Rows": 87998,
                    "Actual Loops": 2,
                    "Hash Buckets": 524288,
                    "Original Hash Buckets": 524288,
                    "Hash Batches": 1,
                    "Original Hash Batches": 1,
                    "Peak Memory Usage": 11008,
                    "Plans": [
                      {
                        "Node Type": "Hash Join",
                        "Parent Relationship": "Outer",
                        "Parallel Aware": true,
                        "Join Type": "Inner",
                        "Startup Cost": 69147.38,
                        "Total Cost": 211331.23,
                        "Plan Rows": 286039,
                        "Plan Width": 8,
                        "Actual Startup Time": 430.605,
                        "Actual Total Time": 831.031,
                        "Actual Rows": 87998,
                        "Actual Loops": 2,
                        "Inner Unique": true,
                        "Hash Cond": "(ci.movie_id = t.id)",
                        "Plans": [
                          {
                            "Node Type": "Index Scan",
                            "Parent Relationship": "Outer",
                            "Parallel Aware": true,
                            "Scan Direction": "Forward",
                            "Index Name": "role_id_cast_info",
                            "Relation Name": "cast_info",
                            "Alias": "ci",
                            "Startup Cost": 0.56,
                            "Total Cost": 140896.75,
                            "Plan Rows": 490535,
                            "Plan Width": 4,
                            "Actual Startup Time": 0.104,
                            "Actual Total Time": 329.726,
                            "Actual Rows": 138963,
                            "Actual Loops": 2,
                            "Index Cond": "(role_id = 10)",
                            "Rows Removed by Index Recheck": 0,
                            "Filter": "(person_id < 683255)",
                            "Rows Removed by Filter": 2022546
                          },
                          {
                            "Node Type": "Hash",
                            "Parent Relationship": "Inner",
                            "Parallel Aware": true,
                            "Startup Cost": 58306.47,
                            "Total Cost": 58306.47,
                            "Plan Rows": 867228,
                            "Plan Width": 4,
                            "Actual Startup Time": 419.079,
                            "Actual Total Time": 419.08,
                            "Actual Rows": 739220,
                            "Actual Loops": 2,
                            "Hash Buckets": 2097152,
                            "Original Hash Buckets": 2097152,
                            "Hash Batches": 1,
                            "Original Hash Batches": 1,
                            "Peak Memory Usage": 74240,
                            "Plans": [
                              {
                                "Node Type": "Seq Scan",
                                "Parent Relationship": "Outer",
                                "Parallel Aware": true,
                                "Relation Name": "title",
                                "Alias": "t",
                                "Startup Cost": 0.0,
                                "Total Cost": 58306.47,
                                "Plan Rows": 867228,
                                "Plan Width": 4,
                                "Actual Startup Time": 0.04,
                                "Actual Total Time": 198.922,
                                "Actual Rows": 739220,
                                "Actual Loops": 2,
                                "Filter": "((production_year > 1911) AND (kind_id = 7))",
                                "Rows Removed by Filter": 524936
                              }
                            ]
                          }
                        ]
                      }
                    ]
                  }
                ]
              }
            ]
          }
        ]
      }
    ]
  },
  "Planning Time": 1.085,
  "Triggers": [],
  "Execution Time": 1008.729
}