{
  "Plan": {
    "Node Type": "Aggregate",
    "Strategy": "Plain",
    "Partial Mode": "Finalize",
    "Parallel Aware": false,
    "Startup Cost": 739578.15,
    "Total Cost": 739578.16,
    "Plan Rows": 1,
    "Plan Width": 8,
    "Actual Startup Time": 5325.04,
    "Actual Total Time": 5380.826,
    "Actual Rows": 1,
    "Actual Loops": 1,
    "Plans": [
      {
        "Node Type": "Gather",
        "Parent Relationship": "Outer",
        "Parallel Aware": false,
        "Startup Cost": 739578.04,
        "Total Cost": 739578.15,
        "Plan Rows": 1,
        "Plan Width": 8,
        "Actual Startup Time": 5321.956,
        "Actual Total Time": 5380.808,
        "Actual Rows": 2,
        "Actual Loops": 1,
        "Workers Planned": 1,
        "Workers Launched": 1,
        "Single Copy": false,
        "Plans": [
          {
            "Node Type": "Aggregate",
            "Strategy": "Plain",
            "Partial Mode": "Partial",
            "Parent Relationship": "Outer",
            "Parallel Aware": false,
            "Startup Cost": 738578.04,
            "Total Cost": 738578.05,
            "Plan Rows": 1,
            "Plan Width": 8,
            "Actual Startup Time": 5316.127,
            "Actual Total Time": 5316.668,
            "Actual Rows": 1,
            "Actual Loops": 2,
            "Plans": [
              {
                "Node Type": "Hash Join",
                "Parent Relationship": "Outer",
                "Parallel Aware": true,
                "Join Type": "Inner",
                "Startup Cost": 107923.22,
                "Total Cost": 733638.54,
                "Plan Rows": 1975801,
                "Plan Width": 0,
                "Actual Startup Time": 1346.972,
                "Actual Total Time": 5075.959,
                "Actual Rows": 5667642,
                "Actual Loops": 2,
                "Inner Unique": false,
                "Hash Cond": "(ci.movie_id = t.id)",
                "Plans": [
                  {
                    "Node Type": "Seq Scan",
                    "Parent Relationship": "Outer",
                    "Parallel Aware": true,
                    "Relation Name": "cast_info",
                    "Alias": "ci",
                    "Startup Cost": 0.0,
                    "Total Cost": 572345.93,
                    "Plan Rows": 11132535,
                    "Plan Width": 4,
                    "Actual Startup Time": 633.962,
                    "Actual Total Time": 1969.86,
                    "Actual Rows": 10732885,
                    "Actual Loops": 2,
                    "Filter": "((person_id > 733129) AND (role_id > 1))",
                    "Rows Removed by Filter": 7389287
                  },
                  {
                    "Node Type": "Hash",
                    "Parent Relationship": "Inner",
                    "Parallel Aware": true,
                    "Startup Cost": 104623.8,
                    "Total Cost": 104623.8,
                    "Plan Rows": 263954,
                    "Plan Width": 8,
                    "Actual Startup Time": 706.67,
                    "Actual Total Time": 707.21,
                    "Actual Rows": 361774,
                    "Actual Loops": 2,
                    "Hash Buckets": 1048576,
                    "Original Hash Buckets": 524288,
                    "Hash Batches": 1,
                    "Original Hash Batches": 1,
                    "Peak Memory Usage": 40640,
                    "Plans": [
                      {
                        "Node Type": "Hash Join",
                        "Parent Relationship": "Outer",
                        "Parallel Aware": true,
                        "Join Type": "Inner",
                        "Startup Cost": 64603.47,
                        "Total Cost": 104623.8,
                        "Plan Rows": 263954,
                        "Plan Width": 8,
                        "Actual Startup Time": 341.451,
                        "Actual Total Time": 604.151,
                        "Actual Rows": 361774,
                        "Actual Loops": 2,
                        "Inner Unique": true,
                        "Hash Cond": "(mc.movie_id = t.id)",
                        "Plans": [
                          {
                            "Node Type": "Seq Scan",
                            "Parent Relationship": "Outer",
                            "Parallel Aware": true,
                            "Relation Name": "movie_companies",
                            "Alias": "mc",
                            "Startup Cost": 0.0,
                            "Total Cost": 37974.77,
                            "Plan Rows": 779260,
                            "Plan Width": 4,
                            "Actual Startup Time": 51.604,
                            "Actual Total Time": 135.456,
                            "Actual Rows": 667442,
                            "Actual Loops": 2,
                            "Filter": "(company_type_id = 2)",
                            "Rows Removed by Filter": 637123
                          },
                          {
                            "Node Type": "Hash",
                            "Parent Relationship": "Inner",
                            "Parallel Aware": true,
                            "Startup Cost": 58306.47,
                            "Total Cost": 58306.47,
                            "Plan Rows": 503760,
                            "Plan Width": 4,
                            "Actual Startup Time": 283.186,
                            "Actual Total Time": 283.187,
                            "Actual Rows": 382680,
                            "Actual Loops": 2,
                            "Hash Buckets": 1048576,
                            "Original Hash Buckets": 1048576,
                            "Hash Batches": 1,
                            "Original Hash Batches": 1,
                            "Peak Memory Usage": 38144,
                            "Plans": [
                              {
                                "Node Type": "Seq Scan",
                                "Parent Relationship": "Outer",
                                "Parallel Aware": true,
                                "Relation Name": "title",
                                "Alias": "t",
                                "Startup Cost": 0.0,
                                "Total Cost": 58306.47,
                                "Plan Rows": 503760,
                                "Plan Width": 4,
                                "Actual Startup Time": 0.039,
                                "Actual Total Time": 176.602,
                                "Actual Rows": 382680,
                                "Actual Loops": 2,
                                "Filter": "((kind_id < 7) AND (production_year > 1963))",
                                "Rows Removed by Filter": 881476
                              }
                            ]
                          }
                        ]
                      }
                    ]
                  }
                ]
              }
            ]
          }
        ]
      }
    ]
  },
  "Planning Time": 1.149,
  "Triggers": [],
  "Execution Time": 5380.926
}