{
  "Plan": {
    "Node Type": "Aggregate",
    "Strategy": "Plain",
    "Partial Mode": "Simple",
    "Parallel Aware": false,
    "Startup Cost": 3950769.01,
    "Total Cost": 3950769.02,
    "Plan Rows": 1,
    "Plan Width": 192,
    "Actual Startup Time": 3790.692,
    "Actual Total Time": 3841.13,
    "Actual Rows": 1,
    "Actual Loops": 1,
    "Plans": [
      {
        "Node Type": "Hash Join",
        "Parent Relationship": "Outer",
        "Parallel Aware": false,
        "Join Type": "Inner",
        "Startup Cost": 3916563.44,
        "Total Cost": 3950768.99,
        "Plan Rows": 1,
        "Plan Width": 84,
        "Actual Startup Time": 3317.531,
        "Actual Total Time": 3841.107,
        "Actual Rows": 4,
        "Actual Loops": 1,
        "Inner Unique": true,
        "Hash Cond": "(t1.kind_id = kt1.id)",
        "Plans": [
          {
            "Node Type": "Hash Join",
            "Parent Relationship": "Outer",
            "Parallel Aware": false,
            "Join Type": "Inner",
            "Startup Cost": 3916562.34,
            "Total Cost": 3950767.89,
            "Plan Rows": 1,
            "Plan Width": 88,
            "Actual Startup Time": 3317.454,
            "Actual Total Time": 3841.026,
            "Actual Rows": 4,
            "Actual Loops": 1,
            "Inner Unique": false,
            "Hash Cond": "(t1.id = ml.movie_id)",
            "Plans": [
              {
                "Node Type": "Gather",
                "Parent Relationship": "Outer",
                "Parallel Aware": false,
                "Startup Cost": 55960.25,
                "Total Cost": 90072.53,
                "Plan Rows": 24870,
                "Plan Width": 48,
                "Actual Startup Time": 615.807,
                "Actual Total Time": 1114.348,
                "Actual Rows": 56410,
                "Actual Loops": 1,
                "Workers Planned": 3,
                "Workers Launched": 3,
                "Single Copy": false,
                "Plans": [
                  {
                    "Node Type": "Hash Join",
                    "Parent Relationship": "Outer",
                    "Parallel Aware": true,
                    "Join Type": "Inner",
                    "Startup Cost": 54960.25,
                    "Total Cost": 86585.53,
                    "Plan Rows": 8023,
                    "Plan Width": 48,
                    "Actual Startup Time": 606.698,
                    "Actual Total Time": 1076.38,
                    "Actual Rows": 14102,
                    "Actual Loops": 4,
                    "Inner Unique": true,
                    "Hash Cond": "(mc1.company_id = cn1.id)",
                    "Plans": [
                      {
                        "Node Type": "Hash Join",
                        "Parent Relationship": "Outer",
                        "Parallel Aware": true,
                        "Join Type": "Inner",
                        "Startup Cost": 50220.86,
                        "Total Cost": 79636.75,
                        "Plan Rows": 841655,
                        "Plan Width": 33,
                        "Actual Startup Time": 588.846,
                        "Actual Total Time": 989.371,
                        "Actual Rows": 652282,
                        "Actual Loops": 4,
                        "Inner Unique": true,
                        "Hash Cond": "(mc1.movie_id = t1.id)",
                        "Plans": [
                          {
                            "Node Type": "Seq Scan",
                            "Parent Relationship": "Outer",
                            "Parallel Aware": true,
                            "Relation Name": "movie_companies",
                            "Alias": "mc1",
                            "Startup Cost": 0.0,
                            "Total Cost": 27206.55,
                            "Plan Rows": 841655,
                            "Plan Width": 8,
                            "Actual Startup Time": 0.019,
                            "Actual Total Time": 82.916,
                            "Actual Rows": 652282,
                            "Actual Loops": 4
                          },
                          {
                            "Node Type": "Hash",
                            "Parent Relationship": "Inner",
                            "Parallel Aware": true,
                            "Startup Cost": 42319.27,
                            "Total Cost": 42319.27,
                            "Plan Rows": 632127,
                            "Plan Width": 25,
                            "Actual Startup Time": 581.418,
                            "Actual Total Time": 581.419,
                            "Actual Rows": 632078,
                            "Actual Loops": 4,
                            "Hash Buckets": 4194304,
                            "Original Hash Buckets": 4194304,
                            "Hash Batches": 1,
                            "Original Hash Batches": 1,
                            "Peak Memory Usage": 182912,
                            "Plans": [
                              {
                                "Node Type": "Seq Scan",
                                "Parent Relationship": "Outer",
                                "Parallel Aware": true,
                                "Relation Name": "title",
                                "Alias": "t1",
                                "Startup Cost": 0.0,
                                "Total Cost": 42319.27,
                                "Plan Rows": 632127,
                                "Plan Width": 25,
                                "Actual Startup Time": 0.076,
                                "Actual Total Time": 185.652,
                                "Actual Rows": 632078,
                                "Actual Loops": 4
                              }
                            ]
                          }
                        ]
                      },
                      {
                        "Node Type": "Hash",
                        "Parent Relationship": "Inner",
                        "Parallel Aware": true,
                        "Startup Cost": 4722.92,
                        "Total Cost": 4722.92,
                        "Plan Rows": 1318,
                        "Plan Width": 23,
                        "Actual Startup Time": 16.898,
                        "Actual Total Time": 16.899,
                        "Actual Rows": 585,
                        "Actual Loops": 4,
                        "Hash Buckets": 4096,
                        "Original Hash Buckets": 4096,
                        "Hash Batches": 1,
                        "Original Hash Batches": 1,
                        "Peak Memory Usage": 256,
                        "Plans": [
                          {
                            "Node Type": "Seq Scan",
                            "Parent Relationship": "Outer",
                            "Parallel Aware": true,
                            "Relation Name": "company_name",
                            "Alias": "cn1",
                            "Startup Cost": 0.0,
                            "Total Cost": 4722.92,
                            "Plan Rows": 1318,
                            "Plan Width": 23,
                            "Actual Startup Time": 0.089,
                            "Actual Total Time": 16.323,
                            "Actual Rows": 585,
                            "Actual Loops": 4,
                            "Filter": "((country_code)::text = '[nl]'::text)",
                            "Rows Removed by Filter": 58164
                          }
                        ]
                      }
                    ]
                  }
                ]
              },
              {
                "Node Type": "Hash",
                "Parent Relationship": "Inner",
                "Parallel Aware": false,
                "Startup Cost": 3860602.07,
                "Total Cost": 3860602.07,
                "Plan Rows": 1,
                "Plan Width": 56,
                "Actual Startup Time": 2700.714,
                "Actual Total Time": 2722.283,
                "Actual Rows": 6,
                "Actual Loops": 1,
                "Hash Buckets": 1024,
                "Original Hash Buckets": 1024,
                "Hash Batches": 1,
                "Original Hash Batches": 1,
                "Peak Memory Usage": 9,
                "Plans": [
                  {
                    "Node Type": "Hash Join",
                    "Parent Relationship": "Outer",
                    "Parallel Aware": false,
                    "Join Type": "Inner",
                    "Startup Cost": 172244.6,
                    "Total Cost": 3860602.07,
                    "Plan Rows": 1,
                    "Plan Width": 56,
                    "Actual Startup Time": 1548.348,
                    "Actual Total Time": 2722.268,
                    "Actual Rows": 6,
                    "Actual Loops": 1,
                    "Inner Unique": false,
                    "Hash Cond": "(mc2.movie_id = t2.id)",
                    "Plans": [
                      {
                        "Node Type": "Gather",
                        "Parent Relationship": "Outer",
                        "Parallel Aware": false,
                        "Startup Cost": 38727.23,
                        "Total Cost": 3717300.46,
                        "Plan Rows": 2609129,
                        "Plan Width": 23,
                        "Actual Startup Time": 598.899,
                        "Actual Total Time": 1654.308,
                        "Actual Rows": 2609129,
                        "Actual Loops": 1,
                        "Workers Planned": 1,
                        "Workers Launched": 1,
                        "Single Copy": false,
                        "Plans": [
                          {
                            "Node Type": "Hash Join",
                            "Parent Relationship": "Outer",
                            "Parallel Aware": true,
                            "Join Type": "Inner",
                            "Startup Cost": 37727.23,
                            "Total Cost": 3455387.56,
                            "Plan Rows": 1534782,
                            "Plan Width": 23,
                            "Actual Startup Time": 590.472,
                            "Actual Total Time": 954.557,
                            "Actual Rows": 1304564,
                            "Actual Loops": 2,
                            "Inner Unique": false,
                            "Hash Cond": "(cn2.id = mc2.company_id)",
                            "Plans": [
                              {
                                "Node Type": "Seq Scan",
                                "Parent Relationship": "Outer",
                                "Parallel Aware": true,
                                "Relation Name": "company_name",
                                "Alias": "cn2",
                                "Startup Cost": 0.0,
                                "Total Cost": 4377.34,
                                "Plan Rows": 138234,
                                "Plan Width": 23,
                                "Actual Startup Time": 0.023,
                                "Actual Total Time": 15.631,
                                "Actual Rows": 117498,
                                "Actual Loops": 2
                              },
                              {
                                "Node Type": "Hash",
                                "Parent Relationship": "Inner",
                                "Parallel Aware": true,
                                "Startup Cost": 27206.55,
                                "Total Cost": 27206.55,
                                "Plan Rows": 841655,
                                "Plan Width": 8,
                                "Actual Startup Time": 574.799,
                                "Actual Total Time": 574.801,
                                "Actual Rows": 1304564,
                                "Actual Loops": 2,
                                "Hash Buckets": 4194304,
                                "Original Hash Buckets": 4194304,
                                "Hash Batches": 1,
                                "Original Hash Batches": 1,
                                "Peak Memory Usage": 134880,
                                "Plans": [
                                  {
                                    "Node Type": "Seq Scan",
                                    "Parent Relationship": "Outer",
                                    "Parallel Aware": true,
                                    "Relation Name": "movie_companies",
                                    "Alias": "mc2",
                                    "Startup Cost": 0.0,
                                    "Total Cost": 27206.55,
                                    "Plan Rows": 841655,
                                    "Plan Width": 8,
                                    "Actual Startup Time": 0.055,
                                    "Actual Total Time": 200.878,
                                    "Actual Rows": 1304564,
                                    "Actual Loops": 2
                                  }
                                ]
                              }
                            ]
                          }
                        ]
                      },
                      {
                        "Node Type": "Hash",
                        "Parent Relationship": "Inner",
                        "Parallel Aware": false,
                        "Startup Cost": 133517.36,
                        "Total Cost": 133517.36,
                        "Plan Rows": 1,
                        "Plan Width": 49,
                        "Actual Startup Time": 919.691,
                        "Actual Total Time": 919.759,
                        "Actual Rows": 2,
                        "Actual Loops": 1,
                        "Hash Buckets": 1024,
                        "Original Hash Buckets": 1024,
                        "Hash Batches": 1,
                        "Original Hash Batches": 1,
                        "Peak Memory Usage": 9,
                        "Plans": [
                          {
                            "Node Type": "Hash Join",
                            "Parent Relationship": "Outer",
                            "Parallel Aware": false,
                            "Join Type": "Inner",
                            "Startup Cost": 132764.69,
                            "Total Cost": 133517.36,
                            "Plan Rows": 1,
                            "Plan Width": 49,
                            "Actual Startup Time": 918.702,
                            "Actual Total Time": 919.735,
                            "Actual Rows": 2,
                            "Actual Loops": 1,
                            "Inner Unique": false,
                            "Hash Cond": "(mi_idx1.movie_id = ml.movie_id)",
                            "Plans": [
                              {
                                "Node Type": "Hash Join",
                                "Parent Relationship": "Outer",
                                "Parallel Aware": false,
                                "Join Type": "Inner",
                                "Startup Cost": 38985.79,
                                "Total Cost": 39692.65,
                                "Plan Rows": 12213,
                                "Plan Width": 10,
                                "Actual Startup Time": 365.288,
                                "Actual Total Time": 403.976,
                                "Actual Rows": 459925,
                                "Actual Loops": 1,
                                "Inner Unique": false,
                                "Hash Cond": "(it1.id = mi_idx1.info_type_id)",
                                "Plans": [
                                  {
                                    "Node Type": "Seq Scan",
                                    "Parent Relationship": "Outer",
                                    "Parallel Aware": false,
                                    "Relation Name": "info_type",
                                    "Alias": "it1",
                                    "Startup Cost": 0.0,
                                    "Total Cost": 2.41,
                                    "Plan Rows": 1,
                                    "Plan Width": 4,
                                    "Actual Startup Time": 0.027,
                                    "Actual Total Time": 0.035,
                                    "Actual Rows": 1,
                                    "Actual Loops": 1,
                                    "Filter": "((info)::text = 'rating'::text COLLATE \"C\")",
                                    "Rows Removed by Filter": 112
                                  },
                                  {
                                    "Node Type": "Hash",
                                    "Parent Relationship": "Inner",
                                    "Parallel Aware": false,
                                    "Startup Cost": 21735.35,
                                    "Total Cost": 21735.35,
                                    "Plan Rows": 1380035,
                                    "Plan Width": 14,
                                    "Actual Startup Time": 356.106,
                                    "Actual Total Time": 356.106,
                                    "Actual Rows": 1380035,
                                    "Actual Loops": 1,
                                    "Hash Buckets": 2097152,
                                    "Original Hash Buckets": 2097152,
                                    "Hash Batches": 1,
                                    "Original Hash Batches": 1,
                                    "Peak Memory Usage": 79357,
                                    "Plans": [
                                      {
                                        "Node Type": "Seq Scan",
                                        "Parent Relationship": "Outer",
                                        "Parallel Aware": false,
                                        "Relation Name": "movie_info_idx",
                                        "Alias": "mi_idx1",
                                        "Startup Cost": 0.0,
                                        "Total Cost": 21735.35,
                                        "Plan Rows": 1380035,
                                        "Plan Width": 14,
                                        "Actual Startup Time": 0.021,
                                        "Actual Total Time": 154.454,
                                        "Actual Rows": 1380035,
                                        "Actual Loops": 1
                                      }
                                    ]
                                  }
                                ]
                              },
                              {
                                "Node Type": "Hash",
                                "Parent Relationship": "Inner",
                                "Parallel Aware": false,
                                "Startup Cost": 93778.89,
                                "Total Cost": 93778.89,
                                "Plan Rows": 1,
                                "Plan Width": 39,
                                "Actual Startup Time": 493.94,
                                "Actual Total Time": 494.003,
                                "Actual Rows": 2,
                                "Actual Loops": 1,
                                "Hash Buckets": 1024,
                                "Original Hash Buckets": 1024,
                                "Hash Batches": 1,
                                "Original Hash Batches": 1,
                                "Peak Memory Usage": 9,
                                "Plans": [
                                  {
                                    "Node Type": "Hash Join",
                                    "Parent Relationship": "Outer",
                                    "Parallel Aware": false,
                                    "Join Type": "Inner",
                                    "Startup Cost": 93768.98,
                                    "Total Cost": 93778.89,
                                    "Plan Rows": 1,
                                    "Plan Width": 39,
                                    "Actual Startup Time": 493.812,
                                    "Actual Total Time": 493.995,
                                    "Actual Rows": 2,
                                    "Actual Loops": 1,
                                    "Inner Unique": false,
                                    "Hash Cond": "(t2.id = ml.linked_movie_id)",
                                    "Plans": [
                                      {
                                        "Node Type": "Hash Join",
                                        "Parent Relationship": "Outer",
                                        "Parallel Aware": false,
                                        "Join Type": "Inner",
                                        "Startup Cost": 92881.6,
                                        "Total Cost": 92888.39,
                                        "Plan Rows": 42,
                                        "Plan Width": 31,
                                        "Actual Startup Time": 485.382,
                                        "Actual Total Time": 485.484,
                                        "Actual Rows": 288,
                                        "Actual Loops": 1,
                                        "Inner Unique": false,
                                        "Hash Cond": "(it2.id = mi_idx2.info_type_id)",
                                        "Plans": [
                                          {
                                            "Node Type": "Seq Scan",
                                            "Parent Relationship": "Outer",
                                            "Parallel Aware": false,
                                            "Relation Name": "info_type",
                                            "Alias": "it2",
                                            "Startup Cost": 0.0,
                                            "Total Cost": 2.41,
                                            "Plan Rows": 1,
                                            "Plan Width": 4,
                                            "Actual Startup Time": 0.018,
                                            "Actual Total Time": 0.022,
                                            "Actual Rows": 1,
                                            "Actual Loops": 1,
                                            "Filter": "((info)::text = 'rating'::text COLLATE \"C\")",
                                            "Rows Removed by Filter": 112
                                          },
                                          {
                                            "Node Type": "Hash",
                                            "Parent Relationship": "Inner",
                                            "Parallel Aware": false,
                                            "Startup Cost": 92822.93,
                                            "Total Cost": 92822.93,
                                            "Plan Rows": 4693,
                                            "Plan Width": 35,
                                            "Actual Startup Time": 485.324,
                                            "Actual Total Time": 485.38,
                                            "Actual Rows": 2833,
                                            "Actual Loops": 1,
                                            "Hash Buckets": 8192,
                                            "Original Hash Buckets": 8192,
                                            "Hash Batches": 1,
                                            "Original Hash Batches": 1,
                                            "Peak Memory Usage": 264,
                                            "Plans": [
                                              {
                                                "Node Type": "Hash Join",
                                                "Parent Relationship": "Outer",
                                                "Parallel Aware": false,
                                                "Join Type": "Inner",
                                                "Startup Cost": 92337.84,
                                                "Total Cost": 92822.93,
                                                "Plan Rows": 4693,
                                                "Plan Width": 35,
                                                "Actual Startup Time": 481.059,
                                                "Actual Total Time": 484.635,
                                                "Actual Rows": 2833,
                                                "Actual Loops": 1,
                                                "Inner Unique": false,
                                                "Hash Cond": "(t2.id = mi_idx2.movie_id)",
                                                "Plans": [
                                                  {
                                                    "Node Type": "Hash Join",
                                                    "Parent Relationship": "Outer",
                                                    "Parallel Aware": false,
                                                    "Join Type": "Inner",
                                                    "Startup Cost": 58667.34,
                                                    "Total Cost": 58996.24,
                                                    "Plan Rows": 17483,
                                                    "Plan Width": 21,
                                                    "Actual Startup Time": 163.74,
                                                    "Actual Total Time": 164.739,
                                                    "Actual Rows": 4058,
                                                    "Actual Loops": 1,
                                                    "Inner Unique": false,
                                                    "Hash Cond": "(kt2.id = t2.kind_id)",
                                                    "Plans": [
                                                      {
                                                        "Node Type": "Seq Scan",
                                                        "Parent Relationship": "Outer",
                                                        "Parallel Aware": false,
                                                        "Relation Name": "kind_type",
                                                        "Alias": "kt2",
                                                        "Startup Cost": 0.0,
                                                        "Total Cost": 1.09,
                                                        "Plan Rows": 1,
                                                        "Plan Width": 4,
                                                        "Actual Startup Time": 0.011,
                                                        "Actual Total Time": 0.016,
                                                        "Actual Rows": 1,
                                                        "Actual Loops": 1,
                                                        "Filter": "((kind)::text = 'tv series'::text COLLATE \"C\")",
                                                        "Rows Removed by Filter": 6
                                                      },
                                                      {
                                                        "Node Type": "Hash",
                                                        "Parent Relationship": "Inner",
                                                        "Parallel Aware": false,
                                                        "Startup Cost": 57137.59,
                                                        "Total Cost": 57137.59,
                                                        "Plan Rows": 122380,
                                                        "Plan Width": 25,
                                                        "Actual Startup Time": 163.114,
                                                        "Actual Total Time": 163.165,
                                                        "Actual Rows": 119565,
                                                        "Actual Loops": 1,
                                                        "Hash Buckets": 131072,
                                                        "Original Hash Buckets": 131072,
                                                        "Hash Batches": 1,
                                                        "Original Hash Batches": 1,
                                                        "Peak Memory Usage": 7853,
                                                        "Plans": [
                                                          {
                                                            "Node Type": "Gather",
                                                            "Parent Relationship": "Outer",
                                                            "Parallel Aware": false,
                                                            "Startup Cost": 1000.0,
                                                            "Total Cost": 57137.59,
                                                            "Plan Rows": 122380,
                                                            "Plan Width": 25,
                                                            "Actual Startup Time": 0.385,
                                                            "Actual Total Time": 141.883,
                                                            "Actual Rows": 119565,
                                                            "Actual Loops": 1,
                                                            "Workers Planned": 4,
                                                            "Workers Launched": 3,
                                                            "Single Copy": false,
                                                            "Plans": [
                                                              {
                                                                "Node Type": "Seq Scan",
                                                                "Parent Relationship": "Outer",
                                                                "Parallel Aware": true,
                                                                "Relation Name": "title",
                                                                "Alias": "t2",
                                                                "Startup Cost": 0.0,
                                                                "Total Cost": 43899.59,
                                                                "Plan Rows": 30595,
                                                                "Plan Width": 25,
                                                                "Actual Startup Time": 0.051,
                                                                "Actual Total Time": 133.72,
                                                                "Actual Rows": 29891,
                                                                "Actual Loops": 4,
                                                                "Filter": "(production_year = 2007)",
                                                                "Rows Removed by Filter": 602187
                                                              }
                                                            ]
                                                          }
                                                        ]
                                                      }
                                                    ]
                                                  },
                                                  {
                                                    "Node Type": "Hash",
                                                    "Parent Relationship": "Inner",
                                                    "Parallel Aware": false,
                                                    "Startup Cost": 25185.44,
                                                    "Total Cost": 25185.44,
                                                    "Plan Rows": 678805,
                                                    "Plan Width": 14,
                                                    "Actual Startup Time": 312.689,
                                                    "Actual Total Time": 312.69,
                                                    "Actual Rows": 674828,
                                                    "Actual Loops": 1,
                                                    "Hash Buckets": 1048576,
                                                    "Original Hash Buckets": 1048576,
                                                    "Hash Batches": 1,
                                                    "Original Hash Batches": 1,
                                                    "Peak Memory Usage": 40659,
                                                    "Plans": [
                                                      {
                                                        "Node Type": "Seq Scan",
                                                        "Parent Relationship": "Outer",
                                                        "Parallel Aware": false,
                                                        "Relation Name": "movie_info_idx",
                                                        "Alias": "mi_idx2",
                                                        "Startup Cost": 0.0,
                                                        "Total Cost": 25185.44,
                                                        "Plan Rows": 678805,
                                                        "Plan Width": 14,
                                                        "Actual Startup Time": 0.013,
                                                        "Actual Total Time": 151.541,
                                                        "Actual Rows": 674828,
                                                        "Actual Loops": 1,
                                                        "Filter": "(info < '3.0'::text)",
                                                        "Rows Removed by Filter": 705207
                                                      }
                                                    ]
                                                  }
                                                ]
                                              }
                                            ]
                                          }
                                        ]
                                      },
                                      {
                                        "Node Type": "Hash",
                                        "Parent Relationship": "Inner",
                                        "Parallel Aware": false,
                                        "Startup Cost": 866.56,
                                        "Total Cost": 866.56,
                                        "Plan Rows": 1666,
                                        "Plan Width": 8,
                                        "Actual Startup Time": 8.386,
                                        "Actual Total Time": 8.389,
                                        "Actual Rows": 2315,
                                        "Actual Loops": 1,
                                        "Hash Buckets": 4096,
                                        "Original Hash Buckets": 2048,
                                        "Hash Batches": 1,
                                        "Original Hash Batches": 1,
                                        "Peak Memory Usage": 123,
                                        "Plans": [
                                          {
                                            "Node Type": "Hash Join",
                                            "Parent Relationship": "Outer",
                                            "Parallel Aware": false,
                                            "Join Type": "Inner",
                                            "Startup Cost": 837.93,
                                            "Total Cost": 866.56,
                                            "Plan Rows": 1666,
                                            "Plan Width": 8,
                                            "Actual Startup Time": 7.848,
                                            "Actual Total Time": 8.091,
                                            "Actual Rows": 2315,
                                            "Actual Loops": 1,
                                            "Inner Unique": false,
                                            "Hash Cond": "(lt.id = ml.link_type_id)",
                                            "Plans": [
                                              {
                                                "Node Type": "Seq Scan",
                                                "Parent Relationship": "Outer",
                                                "Parallel Aware": false,
                                                "Relation Name": "link_type",
                                                "Alias": "lt",
                                                "Startup Cost": 0.0,
                                                "Total Cost": 1.23,
                                                "Plan Rows": 1,
                                                "Plan Width": 4,
                                                "Actual Startup Time": 0.026,
                                                "Actual Total Time": 0.03,
                                                "Actual Rows": 2,
                                                "Actual Loops": 1,
                                                "Filter": "((link)::text ~~ '%follow%'::text)",
                                                "Rows Removed by Filter": 16
                                              },
                                              {
                                                "Node Type": "Hash",
                                                "Parent Relationship": "Inner",
                                                "Parallel Aware": false,
                                                "Startup Cost": 462.97,
                                                "Total Cost": 462.97,
                                                "Plan Rows": 29997,
                                                "Plan Width": 12,
                                                "Actual Startup Time": 7.655,
                                                "Actual Total Time": 7.656,
                                                "Actual Rows": 29997,
                                                "Actual Loops": 1,
                                                "Hash Buckets": 32768,
                                                "Original Hash Buckets": 32768,
                                                "Hash Batches": 1,
                                                "Original Hash Batches": 1,
                                                "Peak Memory Usage": 1545,
                                                "Plans": [
                                                  {
                                                    "Node Type": "Seq Scan",
                                                    "Parent Relationship": "Outer",
                                                    "Parallel Aware": false,
                                                    "Relation Name": "movie_link",
                                                    "Alias": "ml",
                                                    "Startup Cost": 0.0,
                                                    "Total Cost": 462.97,
                                                    "Plan Rows": 29997,
                                                    "Plan Width": 12,
                                                    "Actual Startup Time": 0.013,
                                                    "Actual Total Time": 3.757,
                                                    "Actual Rows": 29997,
                                                    "Actual Loops": 1
                                                  }
                                                ]
                                              }
                                            ]
                                          }
                                        ]
                                      }
                                    ]
                                  }
                                ]
                              }
                            ]
                          }
                        ]
                      }
                    ]
                  }
                ]
              }
            ]
          },
          {
            "Node Type": "Hash",
            "Parent Relationship": "Inner",
            "Parallel Aware": false,
            "Startup Cost": 1.09,
            "Total Cost": 1.09,
            "Plan Rows": 1,
            "Plan Width": 4,
            "Actual Startup Time": 0.035,
            "Actual Total Time": 0.036,
            "Actual Rows": 1,
            "Actual Loops": 1,
            "Hash Buckets": 1024,
            "Original Hash Buckets": 1024,
            "Hash Batches": 1,
            "Original Hash Batches": 1,
            "Peak Memory Usage": 9,
            "Plans": [
              {
                "Node Type": "Seq Scan",
                "Parent Relationship": "Outer",
                "Parallel Aware": false,
                "Relation Name": "kind_type",
                "Alias": "kt1",
                "Startup Cost": 0.0,
                "Total Cost": 1.09,
                "Plan Rows": 1,
                "Plan Width": 4,
                "Actual Startup Time": 0.029,
                "Actual Total Time": 0.03,
                "Actual Rows": 1,
                "Actual Loops": 1,
                "Filter": "((kind)::text = 'tv series'::text COLLATE \"C\")",
                "Rows Removed by Filter": 6
              }
            ]
          }
        ]
      }
    ]
  },
  "Planning Time": 240.028,
  "Triggers": [],
  "Execution Time": 3844.464
}