[
  {
    "Plan": {
      "Node Type": "Aggregate",
      "Strategy": "Plain",
      "Partial Mode": "Finalize",
      "Parallel Aware": false,
      "Startup Cost": 215112.23,
      "Total Cost": 215112.24,
      "Plan Rows": 1,
      "Plan Width": 8,
      "Actual Startup Time": 1429.931,
      "Actual Total Time": 1477.799,
      "Actual Rows": 1,
      "Actual Loops": 1,
      "Plans": [
        {
          "Node Type": "Gather",
          "Parent Relationship": "Outer",
          "Parallel Aware": false,
          "Startup Cost": 215111.91,
          "Total Cost": 215112.22,
          "Plan Rows": 3,
          "Plan Width": 8,
          "Actual Startup Time": 1428.366,
          "Actual Total Time": 1477.789,
          "Actual Rows": 4,
          "Actual Loops": 1,
          "Workers Planned": 3,
          "Workers Launched": 3,
          "Single Copy": false,
          "Plans": [
            {
              "Node Type": "Aggregate",
              "Strategy": "Plain",
              "Partial Mode": "Partial",
              "Parent Relationship": "Outer",
              "Parallel Aware": false,
              "Startup Cost": 214111.91,
              "Total Cost": 214111.92,
              "Plan Rows": 1,
              "Plan Width": 8,
              "Actual Startup Time": 1423.088,
              "Actual Total Time": 1423.092,
              "Actual Rows": 1,
              "Actual Loops": 4,
              "Plans": [
                {
                  "Node Type": "Nested Loop",
                  "Parent Relationship": "Outer",
                  "Parallel Aware": false,
                  "Join Type": "Inner",
                  "Startup Cost": 44905.12,
                  "Total Cost": 213210.58,
                  "Plan Rows": 360533,
                  "Plan Width": 0,
                  "Actual Startup Time": 138.038,
                  "Actual Total Time": 1342.511,
                  "Actual Rows": 1653286,
                  "Actual Loops": 4,
                  "Inner Unique": false,
                  "Join Filter": "(t.id = mi.movie_id)",
                  "Rows Removed by Join Filter": 0,
                  "Plans": [
                    {
                      "Node Type": "Hash Join",
                      "Parent Relationship": "Outer",
                      "Parallel Aware": true,
                      "Join Type": "Inner",
                      "Startup Cost": 44904.68,
                      "Total Cost": 75482.11,
                      "Plan Rows": 61402,
                      "Plan Width": 8,
                      "Actual Startup Time": 137.939,
                      "Actual Total Time": 310.136,
                      "Actual Rows": 101580,
                      "Actual Loops": 4,
                      "Inner Unique": true,
                      "Hash Cond": "(mc.movie_id = t.id)",
                      "Plans": [
                        {
                          "Node Type": "Seq Scan",
                          "Parent Relationship": "Outer",
                          "Parallel Aware": true,
                          "Relation Name": "movie_companies",
                          "Alias": "mc",
                          "Startup Cost": 0.0,
                          "Total Cost": 29310.68,
                          "Plan Rows": 482569,
                          "Plan Width": 4,
                          "Actual Startup Time": 5.115,
                          "Actual Total Time": 74.387,
                          "Actual Rows": 372080,
                          "Actual Loops": 4,
                          "Filter": "(company_id > 7851)",
                          "Rows Removed by Filter": 280202
                        },
                        {
                          "Node Type": "Hash",
                          "Parent Relationship": "Inner",
                          "Parallel Aware": true,
                          "Startup Cost": 43899.32,
                          "Total Cost": 43899.32,
                          "Plan Rows": 80429,
                          "Plan Width": 4,
                          "Actual Startup Time": 130.069,
                          "Actual Total Time": 130.07,
                          "Actual Rows": 84462,
                          "Actual Loops": 4,
                          "Hash Buckets": 524288,
                          "Original Hash Buckets": 524288,
                          "Hash Batches": 1,
                          "Original Hash Batches": 1,
                          "Peak Memory Usage": 17408,
                          "Plans": [
                            {
                              "Node Type": "Seq Scan",
                              "Parent Relationship": "Outer",
                              "Parallel Aware": true,
                              "Relation Name": "title",
                              "Alias": "t",
                              "Startup Cost": 0.0,
                              "Total Cost": 43899.32,
                              "Plan Rows": 80429,
                              "Plan Width": 4,
                              "Actual Startup Time": 0.036,
                              "Actual Total Time": 98.791,
                              "Actual Rows": 84462,
                              "Actual Loops": 4,
                              "Filter": "(production_year < 1968)",
                              "Rows Removed by Filter": 547616
                            }
                          ]
                        }
                      ]
                    },
                    {
                      "Node Type": "Index Only Scan",
                      "Parent Relationship": "Inner",
                      "Parallel Aware": false,
                      "Scan Direction": "Forward",
                      "Index Name": "movie_id_movie_info",
                      "Relation Name": "movie_info",
                      "Alias": "mi",
                      "Startup Cost": 0.43,
                      "Total Cost": 1.73,
                      "Plan Rows": 41,
                      "Plan Width": 4,
                      "Actual Startup Time": 0.003,
                      "Actual Total Time": 0.009,
                      "Actual Rows": 16,
                      "Actual Loops": 406319,
                      "Index Cond": "(movie_id = mc.movie_id)",
                      "Rows Removed by Index Recheck": 0,
                      "Heap Fetches": 6613146
                    }
                  ]
                }
              ]
            }
          ]
        }
      ]
    },
    "Planning Time": 0.862,
    "Triggers": [],
    "Execution Time": 1477.874
  }
]