[
    {
        "Bao": {
            "Bao prediction": "NaN",
            "Bao recommended hint": "(no hint)"
        }
    },
    {
        "Plan": {
            "Node Type": "Aggregate",
            "Strategy": "Plain",
            "Partial Mode": "Simple",
            "Parallel Aware": false,
            "Startup Cost": 129252.25,
            "Total Cost": 129252.26,
            "Plan Rows": 1,
            "Plan Width": 8,
            "Actual Startup Time": 23.88,
            "Actual Total Time": 23.882,
            "Actual Rows": 1,
            "Actual Loops": 1,
            "Output": [
                "count(*)"
            ],
            "Plans": [
                {
                    "Node Type": "Index Scan",
                    "Parent Relationship": "Outer",
                    "Parallel Aware": false,
                    "Scan Direction": "Forward",
                    "Index Name": "person_id_cast_info",
                    "Relation Name": "cast_info",
                    "Schema": "public",
                    "Alias": "ci",
                    "Startup Cost": 0.56,
                    "Total Cost": 129189.3,
                    "Plan Rows": 25179,
                    "Plan Width": 0,
                    "Actual Startup Time": 0.046,
                    "Actual Total Time": 20.323,
                    "Actual Rows": 50475,
                    "Actual Loops": 1,
                    "Output": [
                        "id",
                        "person_id",
                        "movie_id",
                        "person_role_id",
                        "note",
                        "nr_order",
                        "role_id"
                    ],
                    "Index Cond": "(ci.person_id < 8384)",
                    "Rows Removed by Index Recheck": 0,
                    "Filter": "(ci.role_id = 1)",
                    "Rows Removed by Filter": 21046
                }
            ]
        },
        "Planning Time": 314.078,
        "Triggers": [],
        "Execution Time": 23.97
    }
]