[
  {
    "Plan": {
      "Node Type": "Aggregate",
      "Strategy": "Plain",
      "Partial Mode": "Finalize",
      "Parallel Aware": false,
      "Startup Cost": 65261.72,
      "Total Cost": 65261.73,
      "Plan Rows": 1,
      "Plan Width": 8,
      "Actual Startup Time": 214.68,
      "Actual Total Time": 225.447,
      "Actual Rows": 1,
      "Actual Loops": 1,
      "Plans": [
        {
          "Node Type": "Gather",
          "Parent Relationship": "Outer",
          "Parallel Aware": false,
          "Startup Cost": 65261.3,
          "Total Cost": 65261.71,
          "Plan Rows": 4,
          "Plan Width": 8,
          "Actual Startup Time": 212.794,
          "Actual Total Time": 225.438,
          "Actual Rows": 5,
          "Actual Loops": 1,
          "Workers Planned": 4,
          "Workers Launched": 4,
          "Single Copy": false,
          "Plans": [
            {
              "Node Type": "Aggregate",
              "Strategy": "Plain",
              "Partial Mode": "Partial",
              "Parent Relationship": "Outer",
              "Parallel Aware": false,
              "Startup Cost": 64261.3,
              "Total Cost": 64261.31,
              "Plan Rows": 1,
              "Plan Width": 8,
              "Actual Startup Time": 203.288,
              "Actual Total Time": 203.291,
              "Actual Rows": 1,
              "Actual Loops": 5,
              "Plans": [
                {
                  "Node Type": "Hash Join",
                  "Parent Relationship": "Outer",
                  "Parallel Aware": true,
                  "Join Type": "Inner",
                  "Startup Cost": 17522.41,
                  "Total Cost": 64145.7,
                  "Plan Rows": 46241,
                  "Plan Width": 0,
                  "Actual Startup Time": 77.128,
                  "Actual Total Time": 202.208,
                  "Actual Rows": 20648,
                  "Actual Loops": 5,
                  "Inner Unique": false,
                  "Hash Cond": "(t.id = mi_idx.movie_id)",
                  "Plans": [
                    {
                      "Node Type": "Seq Scan",
                      "Parent Relationship": "Outer",
                      "Parallel Aware": true,
                      "Relation Name": "title",
                      "Alias": "t",
                      "Startup Cost": 0.0,
                      "Total Cost": 45479.1,
                      "Plan Rows": 253740,
                      "Plan Width": 4,
                      "Actual Startup Time": 0.016,
                      "Actual Total Time": 74.459,
                      "Actual Rows": 192023,
                      "Actual Loops": 5,
                      "Filter": "((production_year < 2008) AND (kind_id = 7))",
                      "Rows Removed by Filter": 313640
                    },
                    {
                      "Node Type": "Hash",
                      "Parent Relationship": "Inner",
                      "Parallel Aware": true,
                      "Startup Cost": 15122.68,
                      "Total Cost": 15122.68,
                      "Plan Rows": 191978,
                      "Plan Width": 4,
                      "Actual Startup Time": 73.959,
                      "Actual Total Time": 73.96,
                      "Actual Rows": 91985,
                      "Actual Loops": 5,
                      "Hash Buckets": 524288,
                      "Original Hash Buckets": 524288,
                      "Hash Batches": 1,
                      "Original Hash Batches": 1,
                      "Peak Memory Usage": 22176,
                      "Plans": [
                        {
                          "Node Type": "Seq Scan",
                          "Parent Relationship": "Outer",
                          "Parallel Aware": true,
                          "Relation Name": "movie_info_idx",
                          "Alias": "mi_idx",
                          "Startup Cost": 0.0,
                          "Total Cost": 15122.68,
                          "Plan Rows": 191978,
                          "Plan Width": 4,
                          "Actual Startup Time": 0.071,
                          "Actual Total Time": 37.711,
                          "Actual Rows": 91985,
                          "Actual Loops": 5,
                          "Filter": "(info_type_id = 101)",
                          "Rows Removed by Filter": 184022
                        }
                      ]
                    }
                  ]
                }
              ]
            }
          ]
        }
      ]
    },
    "Planning Time": 0.646,
    "Triggers": [],
    "Execution Time": 225.522
  }
]