[
    {
        "Bao": {
            "Bao prediction": "NaN",
            "Bao recommended hint": "(no hint)"
        }
    },
    {
        "Plan": {
            "Node Type": "Aggregate",
            "Strategy": "Plain",
            "Partial Mode": "Finalize",
            "Parallel Aware": false,
            "Startup Cost": 54287.23,
            "Total Cost": 54287.24,
            "Plan Rows": 1,
            "Plan Width": 8,
            "Actual Startup Time": 102.373,
            "Actual Total Time": 112.512,
            "Actual Rows": 1,
            "Actual Loops": 1,
            "Output": [
                "count(*)"
            ],
            "Plans": [
                {
                    "Node Type": "Gather",
                    "Parent Relationship": "Outer",
                    "Parallel Aware": false,
                    "Startup Cost": 54286.81,
                    "Total Cost": 54287.22,
                    "Plan Rows": 4,
                    "Plan Width": 8,
                    "Actual Startup Time": 102.234,
                    "Actual Total Time": 112.503,
                    "Actual Rows": 5,
                    "Actual Loops": 1,
                    "Output": [
                        "(PARTIAL count(*))"
                    ],
                    "Workers Planned": 4,
                    "Workers Launched": 4,
                    "Single Copy": false,
                    "Plans": [
                        {
                            "Node Type": "Aggregate",
                            "Strategy": "Plain",
                            "Partial Mode": "Partial",
                            "Parent Relationship": "Outer",
                            "Parallel Aware": false,
                            "Startup Cost": 53286.81,
                            "Total Cost": 53286.82,
                            "Plan Rows": 1,
                            "Plan Width": 8,
                            "Actual Startup Time": 92.337,
                            "Actual Total Time": 92.339,
                            "Actual Rows": 1,
                            "Actual Loops": 5,
                            "Output": [
                                "PARTIAL count(*)"
                            ],
                            "Workers": [
                                {
                                    "Worker Number": 0,
                                    "Actual Startup Time": 89.706,
                                    "Actual Total Time": 89.708,
                                    "Actual Rows": 1,
                                    "Actual Loops": 1
                                },
                                {
                                    "Worker Number": 1,
                                    "Actual Startup Time": 90.013,
                                    "Actual Total Time": 90.015,
                                    "Actual Rows": 1,
                                    "Actual Loops": 1
                                },
                                {
                                    "Worker Number": 2,
                                    "Actual Startup Time": 90.214,
                                    "Actual Total Time": 90.215,
                                    "Actual Rows": 1,
                                    "Actual Loops": 1
                                },
                                {
                                    "Worker Number": 3,
                                    "Actual Startup Time": 90.302,
                                    "Actual Total Time": 90.304,
                                    "Actual Rows": 1,
                                    "Actual Loops": 1
                                }
                            ],
                            "Plans": [
                                {
                                    "Node Type": "Nested Loop",
                                    "Parent Relationship": "Outer",
                                    "Parallel Aware": false,
                                    "Join Type": "Inner",
                                    "Startup Cost": 0.86,
                                    "Total Cost": 53283.1,
                                    "Plan Rows": 1485,
                                    "Plan Width": 0,
                                    "Actual Startup Time": 54.201,
                                    "Actual Total Time": 92.005,
                                    "Actual Rows": 3545,
                                    "Actual Loops": 5,
                                    "Inner Unique": false,
                                    "Join Filter": "(t.id = mi.movie_id)",
                                    "Rows Removed by Join Filter": 0,
                                    "Workers": [
                                        {
                                            "Worker Number": 0,
                                            "Actual Startup Time": 51.751,
                                            "Actual Total Time": 89.36,
                                            "Actual Rows": 2708,
                                            "Actual Loops": 1
                                        },
                                        {
                                            "Worker Number": 1,
                                            "Actual Startup Time": 51.848,
                                            "Actual Total Time": 89.727,
                                            "Actual Rows": 3432,
                                            "Actual Loops": 1
                                        },
                                        {
                                            "Worker Number": 2,
                                            "Actual Startup Time": 52.049,
                                            "Actual Total Time": 89.887,
                                            "Actual Rows": 4053,
                                            "Actual Loops": 1
                                        },
                                        {
                                            "Worker Number": 3,
                                            "Actual Startup Time": 52.213,
                                            "Actual Total Time": 89.972,
                                            "Actual Rows": 2534,
                                            "Actual Loops": 1
                                        }
                                    ],
                                    "Plans": [
                                        {
                                            "Node Type": "Nested Loop",
                                            "Parent Relationship": "Outer",
                                            "Parallel Aware": false,
                                            "Join Type": "Inner",
                                            "Startup Cost": 0.43,
                                            "Total Cost": 52703.68,
                                            "Plan Rows": 254,
                                            "Plan Width": 8,
                                            "Actual Startup Time": 54.111,
                                            "Actual Total Time": 81.454,
                                            "Actual Rows": 293,
                                            "Actual Loops": 5,
                                            "Output": [
                                                "t.id",
                                                "mc.movie_id"
                                            ],
                                            "Inner Unique": false,
                                            "Workers": [
                                                {
                                                    "Worker Number": 0,
                                                    "Actual Startup Time": 51.644,
                                                    "Actual Total Time": 77.465,
                                                    "Actual Rows": 221,
                                                    "Actual Loops": 1
                                                },
                                                {
                                                    "Worker Number": 1,
                                                    "Actual Startup Time": 51.746,
                                                    "Actual Total Time": 78.623,
                                                    "Actual Rows": 288,
                                                    "Actual Loops": 1
                                                },
                                                {
                                                    "Worker Number": 2,
                                                    "Actual Startup Time": 51.946,
                                                    "Actual Total Time": 77.548,
                                                    "Actual Rows": 337,
                                                    "Actual Loops": 1
                                                },
                                                {
                                                    "Worker Number": 3,
                                                    "Actual Startup Time": 52.11,
                                                    "Actual Total Time": 78.884,
                                                    "Actual Rows": 209,
                                                    "Actual Loops": 1
                                                }
                                            ],
                                            "Plans": [
                                                {
                                                    "Node Type": "Seq Scan",
                                                    "Parent Relationship": "Outer",
                                                    "Parallel Aware": true,
                                                    "Relation Name": "title",
                                                    "Schema": "public",
                                                    "Alias": "t",
                                                    "Startup Cost": 0.0,
                                                    "Total Cost": 43899.01,
                                                    "Plan Rows": 503,
                                                    "Plan Width": 4,
                                                    "Actual Startup Time": 54.032,
                                                    "Actual Total Time": 76.253,
                                                    "Actual Rows": 297,
                                                    "Actual Loops": 5,
                                                    "Output": [
                                                        "t.id",
                                                        "t.title",
                                                        "t.imdb_index",
                                                        "t.kind_id",
                                                        "t.production_year",
                                                        "t.imdb_id",
                                                        "t.phonetic_code",
                                                        "t.episode_of_id",
                                                        "t.season_nr",
                                                        "t.episode_nr",
                                                        "t.series_years",
                                                        "t.md5sum"
                                                    ],
                                                    "Filter": "(t.production_year = 1907)",
                                                    "Rows Removed by Filter": 505365,
                                                    "Workers": [
                                                        {
                                                            "Worker Number": 0,
                                                            "Actual Startup Time": 51.55,
                                                            "Actual Total Time": 71.799,
                                                            "Actual Rows": 205,
                                                            "Actual Loops": 1
                                                        },
                                                        {
                                                            "Worker Number": 1,
                                                            "Actual Startup Time": 51.661,
                                                            "Actual Total Time": 72.782,
                                                            "Actual Rows": 311,
                                                            "Actual Loops": 1
                                                        },
                                                        {
                                                            "Worker Number": 2,
                                                            "Actual Startup Time": 51.873,
                                                            "Actual Total Time": 71.481,
                                                            "Actual Rows": 323,
                                                            "Actual Loops": 1
                                                        },
                                                        {
                                                            "Worker Number": 3,
                                                            "Actual Startup Time": 52.019,
                                                            "Actual Total Time": 73.275,
                                                            "Actual Rows": 209,
                                                            "Actual Loops": 1
                                                        }
                                                    ]
                                                },
                                                {
                                                    "Node Type": "Index Scan",
                                                    "Parent Relationship": "Inner",
                                                    "Parallel Aware": false,
                                                    "Scan Direction": "Forward",
                                                    "Index Name": "movie_id_movie_companies",
                                                    "Relation Name": "movie_companies",
                                                    "Schema": "public",
                                                    "Alias": "mc",
                                                    "Startup Cost": 0.43,
                                                    "Total Cost": 17.47,
                                                    "Plan Rows": 3,
                                                    "Plan Width": 4,
                                                    "Actual Startup Time": 0.013,
                                                    "Actual Total Time": 0.017,
                                                    "Actual Rows": 1,
                                                    "Actual Loops": 1487,
                                                    "Output": [
                                                        "mc.id",
                                                        "mc.movie_id",
                                                        "mc.company_id",
                                                        "mc.company_type_id",
                                                        "mc.note"
                                                    ],
                                                    "Index Cond": "(mc.movie_id = t.id)",
                                                    "Rows Removed by Index Recheck": 0,
                                                    "Filter": "(mc.company_type_id < 2)",
                                                    "Rows Removed by Filter": 1,
                                                    "Workers": [
                                                        {
                                                            "Worker Number": 0,
                                                            "Actual Startup Time": 0.021,
                                                            "Actual Total Time": 0.026,
                                                            "Actual Rows": 1,
                                                            "Actual Loops": 205
                                                        },
                                                        {
                                                            "Worker Number": 1,
                                                            "Actual Startup Time": 0.014,
                                                            "Actual Total Time": 0.018,
                                                            "Actual Rows": 1,
                                                            "Actual Loops": 311
                                                        },
                                                        {
                                                            "Worker Number": 2,
                                                            "Actual Startup Time": 0.014,
                                                            "Actual Total Time": 0.018,
                                                            "Actual Rows": 1,
                                                            "Actual Loops": 323
                                                        },
                                                        {
                                                            "Worker Number": 3,
                                                            "Actual Startup Time": 0.02,
                                                            "Actual Total Time": 0.026,
                                                            "Actual Rows": 1,
                                                            "Actual Loops": 209
                                                        }
                                                    ]
                                                }
                                            ]
                                        },
                                        {
                                            "Node Type": "Index Only Scan",
                                            "Parent Relationship": "Inner",
                                            "Parallel Aware": false,
                                            "Scan Direction": "Forward",
                                            "Index Name": "movie_id_movie_info",
                                            "Relation Name": "movie_info",
                                            "Schema": "public",
                                            "Alias": "mi",
                                            "Startup Cost": 0.43,
                                            "Total Cost": 1.79,
                                            "Plan Rows": 39,
                                            "Plan Width": 4,
                                            "Actual Startup Time": 0.014,
                                            "Actual Total Time": 0.034,
                                            "Actual Rows": 12,
                                            "Actual Loops": 1466,
                                            "Output": [
                                                "mi.movie_id"
                                            ],
                                            "Index Cond": "(mi.movie_id = mc.movie_id)",
                                            "Rows Removed by Index Recheck": 0,
                                            "Heap Fetches": 17725,
                                            "Workers": [
                                                {
                                                    "Worker Number": 0,
                                                    "Actual Startup Time": 0.021,
                                                    "Actual Total Time": 0.051,
                                                    "Actual Rows": 12,
                                                    "Actual Loops": 221
                                                },
                                                {
                                                    "Worker Number": 1,
                                                    "Actual Startup Time": 0.016,
                                                    "Actual Total Time": 0.037,
                                                    "Actual Rows": 12,
                                                    "Actual Loops": 288
                                                },
                                                {
                                                    "Worker Number": 2,
                                                    "Actual Startup Time": 0.015,
                                                    "Actual Total Time": 0.035,
                                                    "Actual Rows": 12,
                                                    "Actual Loops": 337
                                                },
                                                {
                                                    "Worker Number": 3,
                                                    "Actual Startup Time": 0.021,
                                                    "Actual Total Time": 0.05,
                                                    "Actual Rows": 12,
                                                    "Actual Loops": 209
                                                }
                                            ]
                                        }
                                    ]
                                }
                            ]
                        }
                    ]
                }
            ]
        },
        "Planning Time": 287.597,
        "Triggers": [],
        "Execution Time": 112.68
    }
]