[
  {
    "Plan": {
      "Node Type": "Aggregate",
      "Strategy": "Plain",
      "Partial Mode": "Finalize",
      "Parallel Aware": false,
      "Startup Cost": 45172.69,
      "Total Cost": 45172.7,
      "Plan Rows": 1,
      "Plan Width": 8,
      "Actual Startup Time": 161.64,
      "Actual Total Time": 172.965,
      "Actual Rows": 1,
      "Actual Loops": 1,
      "Plans": [
        {
          "Node Type": "Gather",
          "Parent Relationship": "Outer",
          "Parallel Aware": false,
          "Startup Cost": 45172.37,
          "Total Cost": 45172.68,
          "Plan Rows": 3,
          "Plan Width": 8,
          "Actual Startup Time": 161.552,
          "Actual Total Time": 172.956,
          "Actual Rows": 4,
          "Actual Loops": 1,
          "Workers Planned": 3,
          "Workers Launched": 3,
          "Single Copy": false,
          "Plans": [
            {
              "Node Type": "Aggregate",
              "Strategy": "Plain",
              "Partial Mode": "Partial",
              "Parent Relationship": "Outer",
              "Parallel Aware": false,
              "Startup Cost": 44172.37,
              "Total Cost": 44172.38,
              "Plan Rows": 1,
              "Plan Width": 8,
              "Actual Startup Time": 153.516,
              "Actual Total Time": 153.517,
              "Actual Rows": 1,
              "Actual Loops": 4,
              "Plans": [
                {
                  "Node Type": "Seq Scan",
                  "Parent Relationship": "Outer",
                  "Parallel Aware": true,
                  "Relation Name": "movie_keyword",
                  "Alias": "mk",
                  "Startup Cost": 0.0,
                  "Total Cost": 42695.65,
                  "Plan Rows": 590686,
                  "Plan Width": 0,
                  "Actual Startup Time": 1.138,
                  "Actual Total Time": 127.256,
                  "Actual Rows": 454162,
                  "Actual Loops": 4,
                  "Filter": "(keyword_id > 7639)",
                  "Rows Removed by Filter": 676821
                }
              ]
            }
          ]
        }
      ]
    },
    "Planning Time": 0.191,
    "Triggers": [],
    "Execution Time": 173.028
  }
]