[
  {
    "Plan": {
      "Node Type": "Aggregate",
      "Strategy": "Plain",
      "Partial Mode": "Finalize",
      "Parallel Aware": false,
      "Startup Cost": 32748.07,
      "Total Cost": 32748.08,
      "Plan Rows": 1,
      "Plan Width": 8,
      "Actual Startup Time": 82.167,
      "Actual Total Time": 87.893,
      "Actual Rows": 1,
      "Actual Loops": 1,
      "Plans": [
        {
          "Node Type": "Gather",
          "Parent Relationship": "Outer",
          "Parallel Aware": false,
          "Startup Cost": 32747.75,
          "Total Cost": 32748.06,
          "Plan Rows": 3,
          "Plan Width": 8,
          "Actual Startup Time": 82.028,
          "Actual Total Time": 87.886,
          "Actual Rows": 4,
          "Actual Loops": 1,
          "Workers Planned": 3,
          "Workers Launched": 3,
          "Single Copy": false,
          "Plans": [
            {
              "Node Type": "Aggregate",
              "Strategy": "Plain",
              "Partial Mode": "Partial",
              "Parent Relationship": "Outer",
              "Parallel Aware": false,
              "Startup Cost": 31747.75,
              "Total Cost": 31747.76,
              "Plan Rows": 1,
              "Plan Width": 8,
              "Actual Startup Time": 78.247,
              "Actual Total Time": 78.248,
              "Actual Rows": 1,
              "Actual Loops": 4,
              "Plans": [
                {
                  "Node Type": "Seq Scan",
                  "Parent Relationship": "Outer",
                  "Parallel Aware": true,
                  "Relation Name": "movie_companies",
                  "Alias": "mc",
                  "Startup Cost": 0.0,
                  "Total Cost": 31414.82,
                  "Plan Rows": 133173,
                  "Plan Width": 0,
                  "Actual Startup Time": 36.698,
                  "Actual Total Time": 70.545,
                  "Actual Rows": 181731,
                  "Actual Loops": 4,
                  "Filter": "((company_id > 30789) AND (company_type_id > 1))",
                  "Rows Removed by Filter": 470552
                }
              ]
            }
          ]
        }
      ]
    },
    "Planning Time": 0.104,
    "Triggers": [],
    "Execution Time": 87.925
  }
]