[
  {
    "Plan": {
      "Node Type": "Aggregate",
      "Strategy": "Plain",
      "Partial Mode": "Finalize",
      "Parallel Aware": false,
      "Startup Cost": 209747.66,
      "Total Cost": 209747.67,
      "Plan Rows": 1,
      "Plan Width": 8,
      "Actual Startup Time": 2825.124,
      "Actual Total Time": 2903.377,
      "Actual Rows": 1,
      "Actual Loops": 1,
      "Plans": [
        {
          "Node Type": "Gather",
          "Parent Relationship": "Outer",
          "Parallel Aware": false,
          "Startup Cost": 209747.34,
          "Total Cost": 209747.65,
          "Plan Rows": 3,
          "Plan Width": 8,
          "Actual Startup Time": 2824.355,
          "Actual Total Time": 2903.366,
          "Actual Rows": 4,
          "Actual Loops": 1,
          "Workers Planned": 3,
          "Workers Launched": 3,
          "Single Copy": false,
          "Plans": [
            {
              "Node Type": "Aggregate",
              "Strategy": "Plain",
              "Partial Mode": "Partial",
              "Parent Relationship": "Outer",
              "Parallel Aware": false,
              "Startup Cost": 208747.34,
              "Total Cost": 208747.35,
              "Plan Rows": 1,
              "Plan Width": 8,
              "Actual Startup Time": 2818.125,
              "Actual Total Time": 2818.13,
              "Actual Rows": 1,
              "Actual Loops": 4,
              "Plans": [
                {
                  "Node Type": "Nested Loop",
                  "Parent Relationship": "Outer",
                  "Parallel Aware": false,
                  "Join Type": "Inner",
                  "Startup Cost": 46024.31,
                  "Total Cost": 206668.95,
                  "Plan Rows": 831357,
                  "Plan Width": 0,
                  "Actual Startup Time": 159.66,
                  "Actual Total Time": 2671.326,
                  "Actual Rows": 2571196,
                  "Actual Loops": 4,
                  "Inner Unique": false,
                  "Join Filter": "(t.id = ci.movie_id)",
                  "Rows Removed by Join Filter": 0,
                  "Plans": [
                    {
                      "Node Type": "Hash Join",
                      "Parent Relationship": "Outer",
                      "Parallel Aware": true,
                      "Join Type": "Inner",
                      "Startup Cost": 46023.75,
                      "Total Cost": 75439.64,
                      "Plan Rows": 58019,
                      "Plan Width": 8,
                      "Actual Startup Time": 159.542,
                      "Actual Total Time": 347.424,
                      "Actual Rows": 56426,
                      "Actual Loops": 4,
                      "Inner Unique": true,
                      "Hash Cond": "(mc.movie_id = t.id)",
                      "Plans": [
                        {
                          "Node Type": "Seq Scan",
                          "Parent Relationship": "Outer",
                          "Parallel Aware": true,
                          "Relation Name": "movie_companies",
                          "Alias": "mc",
                          "Startup Cost": 0.0,
                          "Total Cost": 27206.55,
                          "Plan Rows": 841655,
                          "Plan Width": 4,
                          "Actual Startup Time": 0.023,
                          "Actual Total Time": 69.277,
                          "Actual Rows": 652282,
                          "Actual Loops": 4
                        },
                        {
                          "Node Type": "Hash",
                          "Parent Relationship": "Inner",
                          "Parallel Aware": true,
                          "Startup Cost": 45479.1,
                          "Total Cost": 45479.1,
                          "Plan Rows": 43572,
                          "Plan Width": 4,
                          "Actual Startup Time": 126.546,
                          "Actual Total Time": 126.547,
                          "Actual Rows": 40072,
                          "Actual Loops": 4,
                          "Hash Buckets": 262144,
                          "Original Hash Buckets": 262144,
                          "Hash Batches": 1,
                          "Original Hash Batches": 1,
                          "Peak Memory Usage": 8384,
                          "Plans": [
                            {
                              "Node Type": "Seq Scan",
                              "Parent Relationship": "Outer",
                              "Parallel Aware": true,
                              "Relation Name": "title",
                              "Alias": "t",
                              "Startup Cost": 0.0,
                              "Total Cost": 45479.1,
                              "Plan Rows": 43572,
                              "Plan Width": 4,
                              "Actual Startup Time": 50.826,
                              "Actual Total Time": 111.439,
                              "Actual Rows": 40072,
                              "Actual Loops": 4,
                              "Filter": "((production_year > 2008) AND (kind_id = 1))",
                              "Rows Removed by Filter": 592006
                            }
                          ]
                        }
                      ]
                    },
                    {
                      "Node Type": "Index Only Scan",
                      "Parent Relationship": "Inner",
                      "Parallel Aware": false,
                      "Scan Direction": "Forward",
                      "Index Name": "movie_id_cast_info",
                      "Relation Name": "cast_info",
                      "Alias": "ci",
                      "Startup Cost": 0.56,
                      "Total Cost": 1.8,
                      "Plan Rows": 37,
                      "Plan Width": 4,
                      "Actual Startup Time": 0.006,
                      "Actual Total Time": 0.036,
                      "Actual Rows": 46,
                      "Actual Loops": 225706,
                      "Index Cond": "(movie_id = mc.movie_id)",
                      "Rows Removed by Index Recheck": 0,
                      "Heap Fetches": 10284786
                    }
                  ]
                }
              ]
            }
          ]
        }
      ]
    },
    "Planning Time": 1.408,
    "Triggers": [],
    "Execution Time": 2903.488
  }
]