[
    {
        "Bao": {
            "Bao prediction": "NaN",
            "Bao recommended hint": "(no hint)"
        }
    },
    {
        "Plan": {
            "Node Type": "Aggregate",
            "Strategy": "Plain",
            "Partial Mode": "Finalize",
            "Parallel Aware": false,
            "Startup Cost": 33409.08,
            "Total Cost": 33409.09,
            "Plan Rows": 1,
            "Plan Width": 8,
            "Actual Startup Time": 97.799,
            "Actual Total Time": 102.656,
            "Actual Rows": 1,
            "Actual Loops": 1,
            "Output": [
                "count(*)"
            ],
            "Plans": [
                {
                    "Node Type": "Gather",
                    "Parent Relationship": "Outer",
                    "Parallel Aware": false,
                    "Startup Cost": 33408.76,
                    "Total Cost": 33409.07,
                    "Plan Rows": 3,
                    "Plan Width": 8,
                    "Actual Startup Time": 97.711,
                    "Actual Total Time": 102.648,
                    "Actual Rows": 4,
                    "Actual Loops": 1,
                    "Output": [
                        "(PARTIAL count(*))"
                    ],
                    "Workers Planned": 3,
                    "Workers Launched": 3,
                    "Single Copy": false,
                    "Plans": [
                        {
                            "Node Type": "Aggregate",
                            "Strategy": "Plain",
                            "Partial Mode": "Partial",
                            "Parent Relationship": "Outer",
                            "Parallel Aware": false,
                            "Startup Cost": 32408.76,
                            "Total Cost": 32408.77,
                            "Plan Rows": 1,
                            "Plan Width": 8,
                            "Actual Startup Time": 89.57,
                            "Actual Total Time": 89.571,
                            "Actual Rows": 1,
                            "Actual Loops": 4,
                            "Output": [
                                "PARTIAL count(*)"
                            ],
                            "Workers": [
                                {
                                    "Worker Number": 0,
                                    "Actual Startup Time": 86.467,
                                    "Actual Total Time": 86.468,
                                    "Actual Rows": 1,
                                    "Actual Loops": 1
                                },
                                {
                                    "Worker Number": 1,
                                    "Actual Startup Time": 86.993,
                                    "Actual Total Time": 86.994,
                                    "Actual Rows": 1,
                                    "Actual Loops": 1
                                },
                                {
                                    "Worker Number": 2,
                                    "Actual Startup Time": 87.413,
                                    "Actual Total Time": 87.413,
                                    "Actual Rows": 1,
                                    "Actual Loops": 1
                                }
                            ],
                            "Plans": [
                                {
                                    "Node Type": "Seq Scan",
                                    "Parent Relationship": "Outer",
                                    "Parallel Aware": true,
                                    "Relation Name": "movie_companies",
                                    "Schema": "public",
                                    "Alias": "mc",
                                    "Startup Cost": 0.0,
                                    "Total Cost": 31414.82,
                                    "Plan Rows": 397578,
                                    "Plan Width": 0,
                                    "Actual Startup Time": 42.841,
                                    "Actual Total Time": 78.015,
                                    "Actual Rows": 285069,
                                    "Actual Loops": 4,
                                    "Output": [
                                        "id",
                                        "movie_id",
                                        "company_id",
                                        "company_type_id",
                                        "note"
                                    ],
                                    "Filter": "((mc.company_id < 115199) AND (mc.company_type_id > 1))",
                                    "Rows Removed by Filter": 367213,
                                    "Workers": [
                                        {
                                            "Worker Number": 0,
                                            "Actual Startup Time": 39.733,
                                            "Actual Total Time": 75.222,
                                            "Actual Rows": 270372,
                                            "Actual Loops": 1
                                        },
                                        {
                                            "Worker Number": 1,
                                            "Actual Startup Time": 40.266,
                                            "Actual Total Time": 75.852,
                                            "Actual Rows": 276503,
                                            "Actual Loops": 1
                                        },
                                        {
                                            "Worker Number": 2,
                                            "Actual Startup Time": 40.677,
                                            "Actual Total Time": 76.229,
                                            "Actual Rows": 277063,
                                            "Actual Loops": 1
                                        }
                                    ]
                                }
                            ]
                        }
                    ]
                }
            ]
        },
        "Planning Time": 198.311,
        "Triggers": [],
        "Execution Time": 102.711
    }
]