[
  {
    "Plan": {
      "Node Type": "Aggregate",
      "Strategy": "Plain",
      "Partial Mode": "Finalize",
      "Parallel Aware": false,
      "Startup Cost": 379497.83,
      "Total Cost": 379497.84,
      "Plan Rows": 1,
      "Plan Width": 8,
      "Actual Startup Time": 514.659,
      "Actual Total Time": 542.27,
      "Actual Rows": 1,
      "Actual Loops": 1,
      "Plans": [
        {
          "Node Type": "Gather",
          "Parent Relationship": "Outer",
          "Parallel Aware": false,
          "Startup Cost": 379497.21,
          "Total Cost": 379497.82,
          "Plan Rows": 6,
          "Plan Width": 8,
          "Actual Startup Time": 513.575,
          "Actual Total Time": 542.261,
          "Actual Rows": 7,
          "Actual Loops": 1,
          "Workers Planned": 6,
          "Workers Launched": 6,
          "Single Copy": false,
          "Plans": [
            {
              "Node Type": "Aggregate",
              "Strategy": "Plain",
              "Partial Mode": "Partial",
              "Parent Relationship": "Outer",
              "Parallel Aware": false,
              "Startup Cost": 378497.21,
              "Total Cost": 378497.22,
              "Plan Rows": 1,
              "Plan Width": 8,
              "Actual Startup Time": 502.768,
              "Actual Total Time": 502.771,
              "Actual Rows": 1,
              "Actual Loops": 7,
              "Plans": [
                {
                  "Node Type": "Hash Join",
                  "Parent Relationship": "Outer",
                  "Parallel Aware": true,
                  "Join Type": "Inner",
                  "Startup Cost": 46315.79,
                  "Total Cost": 378446.94,
                  "Plan Rows": 20107,
                  "Plan Width": 0,
                  "Actual Startup Time": 246.308,
                  "Actual Total Time": 502.262,
                  "Actual Rows": 10058,
                  "Actual Loops": 7,
                  "Inner Unique": true,
                  "Hash Cond": "(ci.movie_id = t.id)",
                  "Plans": [
                    {
                      "Node Type": "Index Scan",
                      "Parent Relationship": "Outer",
                      "Parallel Aware": true,
                      "Scan Direction": "Forward",
                      "Index Name": "role_id_cast_info",
                      "Relation Name": "cast_info",
                      "Alias": "ci",
                      "Startup Cost": 0.56,
                      "Total Cost": 331632.96,
                      "Plan Rows": 190002,
                      "Plan Width": 4,
                      "Actual Startup Time": 157.448,
                      "Actual Total Time": 341.338,
                      "Actual Rows": 459660,
                      "Actual Loops": 7,
                      "Index Cond": "(role_id > 3)",
                      "Rows Removed by Index Recheck": 0,
                      "Filter": "(person_id > 3470041)",
                      "Rows Removed by Filter": 1270860
                    },
                    {
                      "Node Type": "Hash",
                      "Parent Relationship": "Inner",
                      "Parallel Aware": true,
                      "Startup Cost": 45479.1,
                      "Total Cost": 45479.1,
                      "Plan Rows": 66890,
                      "Plan Width": 4,
                      "Actual Startup Time": 85.643,
                      "Actual Total Time": 85.644,
                      "Actual Rows": 24221,
                      "Actual Loops": 7,
                      "Hash Buckets": 524288,
                      "Original Hash Buckets": 524288,
                      "Hash Batches": 1,
                      "Original Hash Batches": 1,
                      "Peak Memory Usage": 10816,
                      "Plans": [
                        {
                          "Node Type": "Seq Scan",
                          "Parent Relationship": "Outer",
                          "Parallel Aware": true,
                          "Relation Name": "title",
                          "Alias": "t",
                          "Startup Cost": 0.0,
                          "Total Cost": 45479.1,
                          "Plan Rows": 66890,
                          "Plan Width": 4,
                          "Actual Startup Time": 0.049,
                          "Actual Total Time": 72.588,
                          "Actual Rows": 24221,
                          "Actual Loops": 7,
                          "Filter": "((production_year < 1976) AND (kind_id = 7))",
                          "Rows Removed by Filter": 336967
                        }
                      ]
                    }
                  ]
                }
              ]
            }
          ]
        }
      ]
    },
    "Planning Time": 0.682,
    "Triggers": [],
    "Execution Time": 542.355
  }
]