[
  {
    "Plan": {
      "Node Type": "Aggregate",
      "Strategy": "Plain",
      "Partial Mode": "Finalize",
      "Parallel Aware": false,
      "Startup Cost": 234415.31,
      "Total Cost": 234415.32,
      "Plan Rows": 1,
      "Plan Width": 8,
      "Actual Startup Time": 195.877,
      "Actual Total Time": 209.258,
      "Actual Rows": 1,
      "Actual Loops": 1,
      "Plans": [
        {
          "Node Type": "Gather",
          "Parent Relationship": "Outer",
          "Parallel Aware": false,
          "Startup Cost": 234414.78,
          "Total Cost": 234415.29,
          "Plan Rows": 5,
          "Plan Width": 8,
          "Actual Startup Time": 194.799,
          "Actual Total Time": 209.252,
          "Actual Rows": 6,
          "Actual Loops": 1,
          "Workers Planned": 5,
          "Workers Launched": 5,
          "Single Copy": false,
          "Plans": [
            {
              "Node Type": "Aggregate",
              "Strategy": "Plain",
              "Partial Mode": "Partial",
              "Parent Relationship": "Outer",
              "Parallel Aware": false,
              "Startup Cost": 233414.78,
              "Total Cost": 233414.79,
              "Plan Rows": 1,
              "Plan Width": 8,
              "Actual Startup Time": 187.533,
              "Actual Total Time": 187.537,
              "Actual Rows": 1,
              "Actual Loops": 6,
              "Plans": [
                {
                  "Node Type": "Hash Join",
                  "Parent Relationship": "Outer",
                  "Parallel Aware": true,
                  "Join Type": "Inner",
                  "Startup Cost": 67490.35,
                  "Total Cost": 233397.96,
                  "Plan Rows": 6729,
                  "Plan Width": 0,
                  "Actual Startup Time": 123.789,
                  "Actual Total Time": 187.189,
                  "Actual Rows": 4248,
                  "Actual Loops": 6,
                  "Inner Unique": true,
                  "Hash Cond": "(mi.movie_id = t.id)",
                  "Plans": [
                    {
                      "Node Type": "Bitmap Heap Scan",
                      "Parent Relationship": "Outer",
                      "Parallel Aware": true,
                      "Relation Name": "movie_info",
                      "Alias": "mi",
                      "Startup Cost": 23385.59,
                      "Total Cost": 188613.81,
                      "Plan Rows": 258817,
                      "Plan Width": 4,
                      "Actual Startup Time": 36.812,
                      "Actual Total Time": 69.141,
                      "Actual Rows": 216498,
                      "Actual Loops": 6,
                      "Recheck Cond": "(info_type_id = 4)",
                      "Rows Removed by Index Recheck": 0,
                      "Exact Heap Blocks": 2117,
                      "Lossy Heap Blocks": 0,
                      "Plans": [
                        {
                          "Node Type": "Bitmap Index Scan",
                          "Parent Relationship": "Outer",
                          "Parallel Aware": false,
                          "Index Name": "info_type_id_movie_info",
                          "Startup Cost": 0.0,
                          "Total Cost": 23062.07,
                          "Plan Rows": 1294085,
                          "Plan Width": 0,
                          "Actual Startup Time": 35.47,
                          "Actual Total Time": 35.471,
                          "Actual Rows": 1298989,
                          "Actual Loops": 1,
                          "Index Cond": "(info_type_id = 4)"
                        }
                      ]
                    },
                    {
                      "Node Type": "Hash",
                      "Parent Relationship": "Inner",
                      "Parallel Aware": true,
                      "Startup Cost": 43899.32,
                      "Total Cost": 43899.32,
                      "Plan Rows": 16435,
                      "Plan Width": 4,
                      "Actual Startup Time": 84.518,
                      "Actual Total Time": 84.519,
                      "Actual Rows": 10638,
                      "Actual Loops": 6,
                      "Hash Buckets": 131072,
                      "Original Hash Buckets": 131072,
                      "Hash Batches": 1,
                      "Original Hash Batches": 1,
                      "Peak Memory Usage": 3616,
                      "Plans": [
                        {
                          "Node Type": "Seq Scan",
                          "Parent Relationship": "Outer",
                          "Parallel Aware": true,
                          "Relation Name": "title",
                          "Alias": "t",
                          "Startup Cost": 0.0,
                          "Total Cost": 43899.32,
                          "Plan Rows": 16435,
                          "Plan Width": 4,
                          "Actual Startup Time": 0.045,
                          "Actual Total Time": 78.585,
                          "Actual Rows": 10638,
                          "Actual Loops": 6,
                          "Filter": "(production_year = 2013)",
                          "Rows Removed by Filter": 410748
                        }
                      ]
                    }
                  ]
                }
              ]
            }
          ]
        }
      ]
    },
    "Planning Time": 0.576,
    "Triggers": [],
    "Execution Time": 209.343
  }
]