[
  {
    "Plan": {
      "Node Type": "Aggregate",
      "Strategy": "Plain",
      "Partial Mode": "Finalize",
      "Parallel Aware": false,
      "Startup Cost": 259416.75,
      "Total Cost": 259416.76,
      "Plan Rows": 1,
      "Plan Width": 64,
      "Actual Startup Time": 2785.264,
      "Actual Total Time": 2897.999,
      "Actual Rows": 1,
      "Actual Loops": 1,
      "Plans": [
        {
          "Node Type": "Gather",
          "Parent Relationship": "Outer",
          "Parallel Aware": false,
          "Startup Cost": 259416.43,
          "Total Cost": 259416.74,
          "Plan Rows": 3,
          "Plan Width": 64,
          "Actual Startup Time": 2767.292,
          "Actual Total Time": 2897.985,
          "Actual Rows": 4,
          "Actual Loops": 1,
          "Workers Planned": 3,
          "Workers Launched": 3,
          "Single Copy": false,
          "Plans": [
            {
              "Node Type": "Aggregate",
              "Strategy": "Plain",
              "Partial Mode": "Partial",
              "Parent Relationship": "Outer",
              "Parallel Aware": false,
              "Startup Cost": 258416.43,
              "Total Cost": 258416.44,
              "Plan Rows": 1,
              "Plan Width": 64,
              "Actual Startup Time": 2753.187,
              "Actual Total Time": 2753.197,
              "Actual Rows": 1,
              "Actual Loops": 4,
              "Plans": [
                {
                  "Node Type": "Hash Join",
                  "Parent Relationship": "Outer",
                  "Parallel Aware": false,
                  "Join Type": "Inner",
                  "Startup Cost": 105024.53,
                  "Total Cost": 257590.66,
                  "Plan Rows": 165153,
                  "Plan Width": 33,
                  "Actual Startup Time": 834.92,
                  "Actual Total Time": 2748.129,
                  "Actual Rows": 22937,
                  "Actual Loops": 4,
                  "Inner Unique": true,
                  "Hash Cond": "(ci.role_id = rt.id)",
                  "Plans": [
                    {
                      "Node Type": "Hash Join",
                      "Parent Relationship": "Outer",
                      "Parallel Aware": true,
                      "Join Type": "Inner",
                      "Startup Cost": 105023.26,
                      "Total Cost": 257002.75,
                      "Plan Rows": 165153,
                      "Plan Width": 37,
                      "Actual Startup Time": 834.548,
                      "Actual Total Time": 2742.055,
                      "Actual Rows": 22937,
                      "Actual Loops": 4,
                      "Inner Unique": true,
                      "Hash Cond": "(ci.person_role_id = chn.id)",
                      "Plans": [
                        {
                          "Node Type": "Nested Loop",
                          "Parent Relationship": "Outer",
                          "Parallel Aware": false,
                          "Join Type": "Inner",
                          "Startup Cost": 50910.38,
                          "Total Cost": 202456.35,
                          "Plan Rows": 165153,
                          "Plan Width": 25,
                          "Actual Startup Time": 214.976,
                          "Actual Total Time": 2086.494,
                          "Actual Rows": 120440,
                          "Actual Loops": 4,
                          "Inner Unique": false,
                          "Join Filter": "(t.id = ci.movie_id)",
                          "Rows Removed by Join Filter": 0,
                          "Plans": [
                            {
                              "Node Type": "Hash Join",
                              "Parent Relationship": "Outer",
                              "Parallel Aware": false,
                              "Join Type": "Inner",
                              "Startup Cost": 50909.82,
                              "Total Cost": 81136.58,
                              "Plan Rows": 64213,
                              "Plan Width": 25,
                              "Actual Startup Time": 214.628,
                              "Actual Total Time": 539.666,
                              "Actual Rows": 43383,
                              "Actual Loops": 4,
                              "Inner Unique": true,
                              "Hash Cond": "(mc.company_type_id = ct.id)",
                              "Plans": [
                                {
                                  "Node Type": "Hash Join",
                                  "Parent Relationship": "Outer",
                                  "Parallel Aware": true,
                                  "Join Type": "Inner",
                                  "Startup Cost": 50908.73,
                                  "Total Cost": 80788.34,
                                  "Plan Rows": 64213,
                                  "Plan Width": 29,
                                  "Actual Startup Time": 214.54,
                                  "Actual Total Time": 528.925,
                                  "Actual Rows": 43383,
                                  "Actual Loops": 4,
                                  "Inner Unique": true,
                                  "Hash Cond": "(mc.company_id = cn.id)",
                                  "Plans": [
                                    {
                                      "Node Type": "Hash Join",
                                      "Parent Relationship": "Outer",
                                      "Parallel Aware": true,
                                      "Join Type": "Inner",
                                      "Startup Cost": 45557.71,
                                      "Total Cost": 74973.6,
                                      "Plan Rows": 176653,
                                      "Plan Width": 33,
                                      "Actual Startup Time": 195.505,
                                      "Actual Total Time": 474.549,
                                      "Actual Rows": 102313,
                                      "Actual Loops": 4,
                                      "Inner Unique": true,
                                      "Hash Cond": "(mc.movie_id = t.id)",
                                      "Plans": [
                                        {
                                          "Node Type": "Seq Scan",
                                          "Parent Relationship": "Outer",
                                          "Parallel Aware": true,
                                          "Relation Name": "movie_companies",
                                          "Alias": "mc",
                                          "Startup Cost": 0.0,
                                          "Total Cost": 27206.55,
                                          "Plan Rows": 841655,
                                          "Plan Width": 12,
                                          "Actual Startup Time": 0.026,
                                          "Actual Total Time": 72.92,
                                          "Actual Rows": 652282,
                                          "Actual Loops": 4
                                        },
                                        {
                                          "Node Type": "Hash",
                                          "Parent Relationship": "Inner",
                                          "Parallel Aware": true,
                                          "Startup Cost": 43899.32,
                                          "Total Cost": 43899.32,
                                          "Plan Rows": 132671,
                                          "Plan Width": 21,
                                          "Actual Startup Time": 193.809,
                                          "Actual Total Time": 193.81,
                                          "Actual Rows": 133342,
                                          "Actual Loops": 4,
                                          "Hash Buckets": 1048576,
                                          "Original Hash Buckets": 1048576,
                                          "Hash Batches": 1,
                                          "Original Hash Batches": 1,
                                          "Peak Memory Usage": 38336,
                                          "Plans": [
                                            {
                                              "Node Type": "Seq Scan",
                                              "Parent Relationship": "Outer",
                                              "Parallel Aware": true,
                                              "Relation Name": "title",
                                              "Alias": "t",
                                              "Startup Cost": 0.0,
                                              "Total Cost": 43899.32,
                                              "Plan Rows": 132671,
                                              "Plan Width": 21,
                                              "Actual Startup Time": 0.04,
                                              "Actual Total Time": 114.855,
                                              "Actual Rows": 133342,
                                              "Actual Loops": 4,
                                              "Filter": "(production_year > 2009)",
                                              "Rows Removed by Filter": 498736
                                            }
                                          ]
                                        }
                                      ]
                                    },
                                    {
                                      "Node Type": "Hash",
                                      "Parent Relationship": "Inner",
                                      "Parallel Aware": true,
                                      "Startup Cost": 4722.92,
                                      "Total Cost": 4722.92,
                                      "Plan Rows": 50248,
                                      "Plan Width": 4,
                                      "Actual Startup Time": 18.629,
                                      "Actual Total Time": 18.63,
                                      "Actual Rows": 21211,
                                      "Actual Loops": 4,
                                      "Hash Buckets": 131072,
                                      "Original Hash Buckets": 131072,
                                      "Hash Batches": 1,
                                      "Original Hash Batches": 1,
                                      "Peak Memory Usage": 4384,
                                      "Plans": [
                                        {
                                          "Node Type": "Seq Scan",
                                          "Parent Relationship": "Outer",
                                          "Parallel Aware": true,
                                          "Relation Name": "company_name",
                                          "Alias": "cn",
                                          "Startup Cost": 0.0,
                                          "Total Cost": 4722.92,
                                          "Plan Rows": 50248,
                                          "Plan Width": 4,
                                          "Actual Startup Time": 0.026,
                                          "Actual Total Time": 11.473,
                                          "Actual Rows": 21211,
                                          "Actual Loops": 4,
                                          "Filter": "((country_code)::text = '[us]'::text)",
                                          "Rows Removed by Filter": 37538
                                        }
                                      ]
                                    }
                                  ]
                                },
                                {
                                  "Node Type": "Hash",
                                  "Parent Relationship": "Inner",
                                  "Parallel Aware": false,
                                  "Startup Cost": 1.04,
                                  "Total Cost": 1.04,
                                  "Plan Rows": 4,
                                  "Plan Width": 4,
                                  "Actual Startup Time": 0.042,
                                  "Actual Total Time": 0.042,
                                  "Actual Rows": 4,
                                  "Actual Loops": 4,
                                  "Hash Buckets": 1024,
                                  "Original Hash Buckets": 1024,
                                  "Hash Batches": 1,
                                  "Original Hash Batches": 1,
                                  "Peak Memory Usage": 9,
                                  "Plans": [
                                    {
                                      "Node Type": "Seq Scan",
                                      "Parent Relationship": "Outer",
                                      "Parallel Aware": false,
                                      "Relation Name": "company_type",
                                      "Alias": "ct",
                                      "Startup Cost": 0.0,
                                      "Total Cost": 1.04,
                                      "Plan Rows": 4,
                                      "Plan Width": 4,
                                      "Actual Startup Time": 0.032,
                                      "Actual Total Time": 0.033,
                                      "Actual Rows": 4,
                                      "Actual Loops": 4
                                    }
                                  ]
                                }
                              ]
                            },
                            {
                              "Node Type": "Index Scan",
                              "Parent Relationship": "Inner",
                              "Parallel Aware": false,
                              "Scan Direction": "Forward",
                              "Index Name": "movie_id_cast_info",
                              "Relation Name": "cast_info",
                              "Alias": "ci",
                              "Startup Cost": 0.56,
                              "Total Cost": 1.85,
                              "Plan Rows": 3,
                              "Plan Width": 12,
                              "Actual Startup Time": 0.019,
                              "Actual Total Time": 0.035,
                              "Actual Rows": 3,
                              "Actual Loops": 173533,
                              "Index Cond": "(movie_id = mc.movie_id)",
                              "Rows Removed by Index Recheck": 0,
                              "Filter": "(note ~~ '%(as%'::text)",
                              "Rows Removed by Filter": 29
                            }
                          ]
                        },
                        {
                          "Node Type": "Hash",
                          "Parent Relationship": "Inner",
                          "Parallel Aware": true,
                          "Startup Cost": 44299.06,
                          "Total Cost": 44299.06,
                          "Plan Rows": 785106,
                          "Plan Width": 20,
                          "Actual Startup Time": 608.402,
                          "Actual Total Time": 608.403,
                          "Actual Rows": 785085,
                          "Actual Loops": 4,
                          "Hash Buckets": 4194304,
                          "Original Hash Buckets": 4194304,
                          "Hash Batches": 1,
                          "Original Hash Batches": 1,
                          "Peak Memory Usage": 205120,
                          "Plans": [
                            {
                              "Node Type": "Seq Scan",
                              "Parent Relationship": "Outer",
                              "Parallel Aware": true,
                              "Relation Name": "char_name",
                              "Alias": "chn",
                              "Startup Cost": 0.0,
                              "Total Cost": 44299.06,
                              "Plan Rows": 785106,
                              "Plan Width": 20,
                              "Actual Startup Time": 0.062,
                              "Actual Total Time": 165.442,
                              "Actual Rows": 785085,
                              "Actual Loops": 4
                            }
                          ]
                        }
                      ]
                    },
                    {
                      "Node Type": "Hash",
                      "Parent Relationship": "Inner",
                      "Parallel Aware": false,
                      "Startup Cost": 1.12,
                      "Total Cost": 1.12,
                      "Plan Rows": 12,
                      "Plan Width": 4,
                      "Actual Startup Time": 0.091,
                      "Actual Total Time": 0.091,
                      "Actual Rows": 12,
                      "Actual Loops": 4,
                      "Hash Buckets": 1024,
                      "Original Hash Buckets": 1024,
                      "Hash Batches": 1,
                      "Original Hash Batches": 1,
                      "Peak Memory Usage": 9,
                      "Plans": [
                        {
                          "Node Type": "Seq Scan",
                          "Parent Relationship": "Outer",
                          "Parallel Aware": false,
                          "Relation Name": "role_type",
                          "Alias": "rt",
                          "Startup Cost": 0.0,
                          "Total Cost": 1.12,
                          "Plan Rows": 12,
                          "Plan Width": 4,
                          "Actual Startup Time": 0.059,
                          "Actual Total Time": 0.064,
                          "Actual Rows": 12,
                          "Actual Loops": 4
                        }
                      ]
                    }
                  ]
                }
              ]
            }
          ]
        }
      ]
    },
    "Planning Time": 7.189,
    "Triggers": [],
    "Execution Time": 2898.442
  }
]