[
  {
    "Plan": {
      "Node Type": "Aggregate",
      "Strategy": "Plain",
      "Partial Mode": "Finalize",
      "Parallel Aware": false,
      "Startup Cost": 338409.98,
      "Total Cost": 338409.99,
      "Plan Rows": 1,
      "Plan Width": 8,
      "Actual Startup Time": 778.699,
      "Actual Total Time": 826.068,
      "Actual Rows": 1,
      "Actual Loops": 1,
      "Plans": [
        {
          "Node Type": "Gather",
          "Parent Relationship": "Outer",
          "Parallel Aware": false,
          "Startup Cost": 338409.35,
          "Total Cost": 338409.96,
          "Plan Rows": 6,
          "Plan Width": 8,
          "Actual Startup Time": 778.483,
          "Actual Total Time": 826.055,
          "Actual Rows": 7,
          "Actual Loops": 1,
          "Workers Planned": 6,
          "Workers Launched": 6,
          "Single Copy": false,
          "Plans": [
            {
              "Node Type": "Aggregate",
              "Strategy": "Plain",
              "Partial Mode": "Partial",
              "Parent Relationship": "Outer",
              "Parallel Aware": false,
              "Startup Cost": 337409.35,
              "Total Cost": 337409.36,
              "Plan Rows": 1,
              "Plan Width": 8,
              "Actual Startup Time": 769.383,
              "Actual Total Time": 769.385,
              "Actual Rows": 1,
              "Actual Loops": 7,
              "Plans": [
                {
                  "Node Type": "Seq Scan",
                  "Parent Relationship": "Outer",
                  "Parallel Aware": true,
                  "Relation Name": "cast_info",
                  "Alias": "ci",
                  "Startup Cost": 0.0,
                  "Total Cost": 328211.39,
                  "Plan Rows": 3679185,
                  "Plan Width": 0,
                  "Actual Startup Time": 174.361,
                  "Actual Total Time": 621.612,
                  "Actual Rows": 3133061,
                  "Actual Loops": 7,
                  "Filter": "(person_id > 1409195)",
                  "Rows Removed by Filter": 2044702
                }
              ]
            }
          ]
        }
      ]
    },
    "Planning Time": 0.218,
    "Triggers": [],
    "Execution Time": 826.143
  }
]