[
  {
    "Plan": {
      "Node Type": "Aggregate",
      "Strategy": "Plain",
      "Partial Mode": "Finalize",
      "Parallel Aware": false,
      "Startup Cost": 338295.28,
      "Total Cost": 338295.29,
      "Plan Rows": 1,
      "Plan Width": 8,
      "Actual Startup Time": 811.214,
      "Actual Total Time": 872.056,
      "Actual Rows": 1,
      "Actual Loops": 1,
      "Plans": [
        {
          "Node Type": "Gather",
          "Parent Relationship": "Outer",
          "Parallel Aware": false,
          "Startup Cost": 338294.66,
          "Total Cost": 338295.27,
          "Plan Rows": 6,
          "Plan Width": 8,
          "Actual Startup Time": 811.077,
          "Actual Total Time": 872.046,
          "Actual Rows": 7,
          "Actual Loops": 1,
          "Workers Planned": 6,
          "Workers Launched": 6,
          "Single Copy": false,
          "Plans": [
            {
              "Node Type": "Aggregate",
              "Strategy": "Plain",
              "Partial Mode": "Partial",
              "Parent Relationship": "Outer",
              "Parallel Aware": false,
              "Startup Cost": 337294.66,
              "Total Cost": 337294.67,
              "Plan Rows": 1,
              "Plan Width": 8,
              "Actual Startup Time": 801.945,
              "Actual Total Time": 801.946,
              "Actual Rows": 1,
              "Actual Loops": 7,
              "Plans": [
                {
                  "Node Type": "Seq Scan",
                  "Parent Relationship": "Outer",
                  "Parallel Aware": true,
                  "Relation Name": "cast_info",
                  "Alias": "ci",
                  "Startup Cost": 0.0,
                  "Total Cost": 328162.03,
                  "Plan Rows": 3653052,
                  "Plan Width": 0,
                  "Actual Startup Time": 166.582,
                  "Actual Total Time": 652.625,
                  "Actual Rows": 3133061,
                  "Actual Loops": 7,
                  "Filter": "(person_id > 1409195)",
                  "Rows Removed by Filter": 2044702
                }
              ]
            }
          ]
        }
      ]
    },
    "Planning Time": 0.198,
    "Triggers": [],
    "Execution Time": 872.126
  }
]