[
  {
    "Plan": {
      "Node Type": "Aggregate",
      "Strategy": "Plain",
      "Partial Mode": "Finalize",
      "Parallel Aware": false,
      "Startup Cost": 46999.58,
      "Total Cost": 46999.59,
      "Plan Rows": 1,
      "Plan Width": 8,
      "Actual Startup Time": 199.568,
      "Actual Total Time": 206.733,
      "Actual Rows": 1,
      "Actual Loops": 1,
      "Plans": [
        {
          "Node Type": "Gather",
          "Parent Relationship": "Outer",
          "Parallel Aware": false,
          "Startup Cost": 46999.26,
          "Total Cost": 46999.57,
          "Plan Rows": 3,
          "Plan Width": 8,
          "Actual Startup Time": 199.448,
          "Actual Total Time": 206.726,
          "Actual Rows": 4,
          "Actual Loops": 1,
          "Workers Planned": 3,
          "Workers Launched": 3,
          "Single Copy": false,
          "Plans": [
            {
              "Node Type": "Aggregate",
              "Strategy": "Plain",
              "Partial Mode": "Partial",
              "Parent Relationship": "Outer",
              "Parallel Aware": false,
              "Startup Cost": 45999.26,
              "Total Cost": 45999.27,
              "Plan Rows": 1,
              "Plan Width": 8,
              "Actual Startup Time": 191.087,
              "Actual Total Time": 191.088,
              "Actual Rows": 1,
              "Actual Loops": 4,
              "Plans": [
                {
                  "Node Type": "Seq Scan",
                  "Parent Relationship": "Outer",
                  "Parallel Aware": true,
                  "Relation Name": "movie_keyword",
                  "Alias": "mk",
                  "Startup Cost": 0.0,
                  "Total Cost": 42695.65,
                  "Plan Rows": 1321443,
                  "Plan Width": 0,
                  "Actual Startup Time": 0.057,
                  "Actual Total Time": 136.372,
                  "Actual Rows": 1025242,
                  "Actual Loops": 4,
                  "Filter": "(keyword_id < 41292)",
                  "Rows Removed by Filter": 105740
                }
              ]
            }
          ]
        }
      ]
    },
    "Planning Time": 0.145,
    "Triggers": [],
    "Execution Time": 206.78
  }
]