{
  "Plan": {
    "Node Type": "Aggregate",
    "Strategy": "Plain",
    "Partial Mode": "Finalize",
    "Parallel Aware": false,
    "Startup Cost": 91534.21,
    "Total Cost": 91534.22,
    "Plan Rows": 1,
    "Plan Width": 64,
    "Actual Startup Time": 2098.213,
    "Actual Total Time": 2211.296,
    "Actual Rows": 1,
    "Actual Loops": 1,
    "Plans": [
      {
        "Node Type": "Gather",
        "Parent Relationship": "Outer",
        "Parallel Aware": false,
        "Startup Cost": 91534.1,
        "Total Cost": 91534.21,
        "Plan Rows": 1,
        "Plan Width": 32,
        "Actual Startup Time": 2092.748,
        "Actual Total Time": 2211.281,
        "Actual Rows": 2,
        "Actual Loops": 1,
        "Workers Planned": 1,
        "Workers Launched": 1,
        "Single Copy": false,
        "Plans": [
          {
            "Node Type": "Aggregate",
            "Strategy": "Plain",
            "Partial Mode": "Partial",
            "Parent Relationship": "Outer",
            "Parallel Aware": false,
            "Startup Cost": 90534.1,
            "Total Cost": 90534.11,
            "Plan Rows": 1,
            "Plan Width": 32,
            "Actual Startup Time": 2085.324,
            "Actual Total Time": 2085.343,
            "Actual Rows": 1,
            "Actual Loops": 2,
            "Plans": [
              {
                "Node Type": "Nested Loop",
                "Parent Relationship": "Outer",
                "Parallel Aware": false,
                "Join Type": "Inner",
                "Startup Cost": 3843.02,
                "Total Cost": 90534.09,
                "Plan Rows": 3,
                "Plan Width": 15,
                "Actual Startup Time": 1895.684,
                "Actual Total Time": 2083.394,
                "Actual Rows": 26153,
                "Actual Loops": 2,
                "Inner Unique": true,
                "Plans": [
                  {
                    "Node Type": "Nested Loop",
                    "Parent Relationship": "Outer",
                    "Parallel Aware": false,
                    "Join Type": "Inner",
                    "Startup Cost": 3842.6,
                    "Total Cost": 90532.76,
                    "Plan Rows": 3,
                    "Plan Width": 19,
                    "Actual Startup Time": 1895.646,
                    "Actual Total Time": 2033.273,
                    "Actual Rows": 26153,
                    "Actual Loops": 2,
                    "Inner Unique": false,
                    "Join Filter": "(t.id = mc.movie_id)",
                    "Rows Removed by Join Filter": 0,
                    "Plans": [
                      {
                        "Node Type": "Hash Join",
                        "Parent Relationship": "Outer",
                        "Parallel Aware": false,
                        "Join Type": "Inner",
                        "Startup Cost": 3842.17,
                        "Total Cost": 90531.01,
                        "Plan Rows": 3,
                        "Plan Width": 27,
                        "Actual Startup Time": 1895.605,
                        "Actual Total Time": 2006.496,
                        "Actual Rows": 3321,
                        "Actual Loops": 2,
                        "Inner Unique": false,
                        "Hash Cond": "(n.id = ci.person_id)",
                        "Plans": [
                          {
                            "Node Type": "Seq Scan",
                            "Parent Relationship": "Outer",
                            "Parallel Aware": true,
                            "Relation Name": "name",
                            "Alias": "n",
                            "Startup Cost": 0.0,
                            "Total Cost": 86255.48,
                            "Plan Rows": 24762,
                            "Plan Width": 19,
                            "Actual Startup Time": 101.416,
                            "Actual Total Time": 201.955,
                            "Actual Rows": 18087,
                            "Actual Loops": 2,
                            "Filter": "(name ~~ 'Z%'::text)",
                            "Rows Removed by Filter": 2065658
                          },
                          {
                            "Node Type": "Hash",
                            "Parent Relationship": "Inner",
                            "Parallel Aware": false,
                            "Startup Cost": 3836.07,
                            "Total Cost": 3836.07,
                            "Plan Rows": 488,
                            "Plan Width": 16,
                            "Actual Startup Time": 1794.087,
                            "Actual Total Time": 1794.093,
                            "Actual Rows": 1038393,
                            "Actual Loops": 2,
                            "Hash Buckets": 1048576,
                            "Original Hash Buckets": 1024,
                            "Hash Batches": 1,
                            "Original Hash Batches": 1,
                            "Peak Memory Usage": 56867,
                            "Plans": [
                              {
                                "Node Type": "Nested Loop",
                                "Parent Relationship": "Outer",
                                "Parallel Aware": false,
                                "Join Type": "Inner",
                                "Startup Cost": 11.78,
                                "Total Cost": 3836.07,
                                "Plan Rows": 488,
                                "Plan Width": 16,
                                "Actual Startup Time": 5.179,
                                "Actual Total Time": 1619.826,
                                "Actual Rows": 1038393,
                                "Actual Loops": 2,
                                "Inner Unique": false,
                                "Join Filter": "(t.id = ci.movie_id)",
                                "Rows Removed by Join Filter": 0,
                                "Plans": [
                                  {
                                    "Node Type": "Nested Loop",
                                    "Parent Relationship": "Outer",
                                    "Parallel Aware": false,
                                    "Join Type": "Inner",
                                    "Startup Cost": 11.21,
                                    "Total Cost": 3767.61,
                                    "Plan Rows": 34,
                                    "Plan Width": 8,
                                    "Actual Startup Time": 5.124,
                                    "Actual Total Time": 192.928,
                                    "Actual Rows": 41840,
                                    "Actual Loops": 2,
                                    "Inner Unique": true,
                                    "Plans": [
                                      {
                                        "Node Type": "Nested Loop",
                                        "Parent Relationship": "Outer",
                                        "Parallel Aware": false,
                                        "Join Type": "Inner",
                                        "Startup Cost": 10.78,
                                        "Total Cost": 3751.04,
                                        "Plan Rows": 34,
                                        "Plan Width": 4,
                                        "Actual Startup Time": 5.08,
                                        "Actual Total Time": 48.678,
                                        "Actual Rows": 41840,
                                        "Actual Loops": 2,
                                        "Inner Unique": false,
                                        "Plans": [
                                          {
                                            "Node Type": "Seq Scan",
                                            "Parent Relationship": "Outer",
                                            "Parallel Aware": false,
                                            "Relation Name": "keyword",
                                            "Alias": "k",
                                            "Startup Cost": 0.0,
                                            "Total Cost": 2626.12,
                                            "Plan Rows": 1,
                                            "Plan Width": 4,
                                            "Actual Startup Time": 0.462,
                                            "Actual Total Time": 9.543,
                                            "Actual Rows": 1,
                                            "Actual Loops": 2,
                                            "Filter": "(keyword = 'character-name-in-title'::text)",
                                            "Rows Removed by Filter": 134169
                                          },
                                          {
                                            "Node Type": "Bitmap Heap Scan",
                                            "Parent Relationship": "Inner",
                                            "Parallel Aware": false,
                                            "Relation Name": "movie_keyword",
                                            "Alias": "mk",
                                            "Startup Cost": 10.78,
                                            "Total Cost": 1121.89,
                                            "Plan Rows": 303,
                                            "Plan Width": 8,
                                            "Actual Startup Time": 4.61,
                                            "Actual Total Time": 34.884,
                                            "Actual Rows": 41840,
                                            "Actual Loops": 2,
                                            "Recheck Cond": "(keyword_id = k.id)",
                                            "Rows Removed by Index Recheck": 0,
                                            "Exact Heap Blocks": 11541,
                                            "Lossy Heap Blocks": 0,
                                            "Plans": [
                                              {
                                                "Node Type": "Bitmap Index Scan",
                                                "Parent Relationship": "Outer",
                                                "Parallel Aware": false,
                                                "Index Name": "keyword_id_movie_keyword",
                                                "Startup Cost": 0.0,
                                                "Total Cost": 10.71,
                                                "Plan Rows": 303,
                                                "Plan Width": 0,
                                                "Actual Startup Time": 3.312,
                                                "Actual Total Time": 3.313,
                                                "Actual Rows": 41840,
                                                "Actual Loops": 2,
                                                "Index Cond": "(keyword_id = k.id)"
                                              }
                                            ]
                                          }
                                        ]
                                      },
                                      {
                                        "Node Type": "Index Only Scan",
                                        "Parent Relationship": "Inner",
                                        "Parallel Aware": false,
                                        "Scan Direction": "Forward",
                                        "Index Name": "title_pkey",
                                        "Relation Name": "title",
                                        "Alias": "t",
                                        "Startup Cost": 0.43,
                                        "Total Cost": 0.49,
                                        "Plan Rows": 1,
                                        "Plan Width": 4,
                                        "Actual Startup Time": 0.003,
                                        "Actual Total Time": 0.003,
                                        "Actual Rows": 1,
                                        "Actual Loops": 83680,
                                        "Index Cond": "(id = mk.movie_id)",
                                        "Rows Removed by Index Recheck": 0,
                                        "Heap Fetches": 83680
                                      }
                                    ]
                                  },
                                  {
                                    "Node Type": "Index Scan",
                                    "Parent Relationship": "Inner",
                                    "Parallel Aware": false,
                                    "Scan Direction": "Forward",
                                    "Index Name": "movie_id_cast_info",
                                    "Relation Name": "cast_info",
                                    "Alias": "ci",
                                    "Startup Cost": 0.56,
                                    "Total Cost": 1.55,
                                    "Plan Rows": 37,
                                    "Plan Width": 8,
                                    "Actual Startup Time": 0.005,
                                    "Actual Total Time": 0.031,
                                    "Actual Rows": 25,
                                    "Actual Loops": 83680,
                                    "Index Cond": "(movie_id = mk.movie_id)",
                                    "Rows Removed by Index Recheck": 0
                                  }
                                ]
                              }
                            ]
                          }
                        ]
                      },
                      {
                        "Node Type": "Index Scan",
                        "Parent Relationship": "Inner",
                        "Parallel Aware": false,
                        "Scan Direction": "Forward",
                        "Index Name": "movie_id_movie_companies",
                        "Relation Name": "movie_companies",
                        "Alias": "mc",
                        "Startup Cost": 0.43,
                        "Total Cost": 0.52,
                        "Plan Rows": 5,
                        "Plan Width": 8,
                        "Actual Startup Time": 0.005,
                        "Actual Total Time": 0.007,
                        "Actual Rows": 8,
                        "Actual Loops": 6642,
                        "Index Cond": "(movie_id = ci.movie_id)",
                        "Rows Removed by Index Recheck": 0
                      }
                    ]
                  },
                  {
                    "Node Type": "Index Only Scan",
                    "Parent Relationship": "Inner",
                    "Parallel Aware": false,
                    "Scan Direction": "Forward",
                    "Index Name": "company_name_pkey",
                    "Relation Name": "company_name",
                    "Alias": "cn",
                    "Startup Cost": 0.42,
                    "Total Cost": 0.44,
                    "Plan Rows": 1,
                    "Plan Width": 4,
                    "Actual Startup Time": 0.002,
                    "Actual Total Time": 0.002,
                    "Actual Rows": 1,
                    "Actual Loops": 52306,
                    "Index Cond": "(id = mc.company_id)",
                    "Rows Removed by Index Recheck": 0,
                    "Heap Fetches": 52306
                  }
                ]
              }
            ]
          }
        ]
      }
    ]
  },
  "Planning Time": 1.832,
  "Triggers": [],
  "Execution Time": 2212.153
}