{
  "Plan": {
    "Node Type": "Aggregate",
    "Strategy": "Plain",
    "Partial Mode": "Finalize",
    "Parallel Aware": false,
    "Startup Cost": 660482.62,
    "Total Cost": 660482.63,
    "Plan Rows": 1,
    "Plan Width": 8,
    "Actual Startup Time": 1682.178,
    "Actual Total Time": 1721.44,
    "Actual Rows": 1,
    "Actual Loops": 1,
    "Plans": [
      {
        "Node Type": "Gather",
        "Parent Relationship": "Outer",
        "Parallel Aware": false,
        "Startup Cost": 660482.51,
        "Total Cost": 660482.62,
        "Plan Rows": 1,
        "Plan Width": 8,
        "Actual Startup Time": 1681.861,
        "Actual Total Time": 1721.433,
        "Actual Rows": 2,
        "Actual Loops": 1,
        "Workers Planned": 1,
        "Workers Launched": 1,
        "Single Copy": false,
        "Plans": [
          {
            "Node Type": "Aggregate",
            "Strategy": "Plain",
            "Partial Mode": "Partial",
            "Parent Relationship": "Outer",
            "Parallel Aware": false,
            "Startup Cost": 659482.51,
            "Total Cost": 659482.52,
            "Plan Rows": 1,
            "Plan Width": 8,
            "Actual Startup Time": 1675.501,
            "Actual Total Time": 1675.508,
            "Actual Rows": 1,
            "Actual Loops": 2,
            "Plans": [
              {
                "Node Type": "Hash Join",
                "Parent Relationship": "Outer",
                "Parallel Aware": true,
                "Join Type": "Inner",
                "Startup Cost": 483467.34,
                "Total Cost": 659447.01,
                "Plan Rows": 14197,
                "Plan Width": 0,
                "Actual Startup Time": 1547.69,
                "Actual Total Time": 1674.959,
                "Actual Rows": 10816,
                "Actual Loops": 2,
                "Inner Unique": false,
                "Hash Cond": "(mi.movie_id = t.id)",
                "Plans": [
                  {
                    "Node Type": "Bitmap Heap Scan",
                    "Parent Relationship": "Outer",
                    "Parallel Aware": true,
                    "Relation Name": "movie_info",
                    "Alias": "mi",
                    "Startup Cost": 22837.73,
                    "Total Cost": 194099.51,
                    "Plan Rows": 741502,
                    "Plan Width": 4,
                    "Actual Startup Time": 39.379,
                    "Actual Total Time": 100.462,
                    "Actual Rows": 644464,
                    "Actual Loops": 2,
                    "Recheck Cond": "(info_type_id = 2)",
                    "Rows Removed by Index Recheck": 0,
                    "Exact Heap Blocks": 5044,
                    "Lossy Heap Blocks": 0,
                    "Plans": [
                      {
                        "Node Type": "Bitmap Index Scan",
                        "Parent Relationship": "Outer",
                        "Parallel Aware": false,
                        "Index Name": "info_type_id_movie_info",
                        "Startup Cost": 0.0,
                        "Total Cost": 22522.59,
                        "Plan Rows": 1260554,
                        "Plan Width": 0,
                        "Actual Startup Time": 38.118,
                        "Actual Total Time": 38.119,
                        "Actual Rows": 1288928,
                        "Actual Loops": 1,
                        "Index Cond": "(info_type_id = 2)"
                      }
                    ]
                  },
                  {
                    "Node Type": "Hash",
                    "Parent Relationship": "Inner",
                    "Parallel Aware": true,
                    "Startup Cost": 460273.67,
                    "Total Cost": 460273.67,
                    "Plan Rows": 28475,
                    "Plan Width": 8,
                    "Actual Startup Time": 1506.408,
                    "Actual Total Time": 1506.412,
                    "Actual Rows": 24220,
                    "Actual Loops": 2,
                    "Hash Buckets": 65536,
                    "Original Hash Buckets": 65536,
                    "Hash Batches": 1,
                    "Original Hash Batches": 1,
                    "Peak Memory Usage": 2432,
                    "Plans": [
                      {
                        "Node Type": "Hash Join",
                        "Parent Relationship": "Outer",
                        "Parallel Aware": true,
                        "Join Type": "Inner",
                        "Startup Cost": 58379.17,
                        "Total Cost": 460273.67,
                        "Plan Rows": 28475,
                        "Plan Width": 8,
                        "Actual Startup Time": 140.419,
                        "Actual Total Time": 1498.879,
                        "Actual Rows": 24220,
                        "Actual Loops": 2,
                        "Inner Unique": true,
                        "Hash Cond": "(ci.movie_id = t.id)",
                        "Plans": [
                          {
                            "Node Type": "Index Scan",
                            "Parent Relationship": "Outer",
                            "Parallel Aware": true,
                            "Scan Direction": "Forward",
                            "Index Name": "role_id_cast_info",
                            "Relation Name": "cast_info",
                            "Alias": "ci",
                            "Startup Cost": 0.56,
                            "Total Cost": 382631.05,
                            "Plan Rows": 7338659,
                            "Plan Width": 4,
                            "Actual Startup Time": 0.166,
                            "Actual Total Time": 808.496,
                            "Actual Rows": 6335344,
                            "Actual Loops": 2,
                            "Index Cond": "(role_id < 2)",
                            "Rows Removed by Index Recheck": 0
                          },
                          {
                            "Node Type": "Hash",
                            "Parent Relationship": "Inner",
                            "Parallel Aware": true,
                            "Startup Cost": 58306.47,
                            "Total Cost": 58306.47,
                            "Plan Rows": 5771,
                            "Plan Width": 4,
                            "Actual Startup Time": 139.662,
                            "Actual Total Time": 139.664,
                            "Actual Rows": 4136,
                            "Actual Loops": 2,
                            "Hash Buckets": 16384,
                            "Original Hash Buckets": 16384,
                            "Hash Batches": 1,
                            "Original Hash Batches": 1,
                            "Peak Memory Usage": 480,
                            "Plans": [
                              {
                                "Node Type": "Seq Scan",
                                "Parent Relationship": "Outer",
                                "Parallel Aware": true,
                                "Relation Name": "title",
                                "Alias": "t",
                                "Startup Cost": 0.0,
                                "Total Cost": 58306.47,
                                "Plan Rows": 5771,
                                "Plan Width": 4,
                                "Actual Startup Time": 0.081,
                                "Actual Total Time": 137.816,
                                "Actual Rows": 4136,
                                "Actual Loops": 2,
                                "Filter": "((kind_id > 3) AND (production_year = 1982))",
                                "Rows Removed by Filter": 1260020
                              }
                            ]
                          }
                        ]
                      }
                    ]
                  }
                ]
              }
            ]
          }
        ]
      }
    ]
  },
  "Planning Time": 1.205,
  "Triggers": [],
  "Execution Time": 1721.554
}