[
  {
    "Plan": {
      "Node Type": "Aggregate",
      "Strategy": "Plain",
      "Partial Mode": "Finalize",
      "Parallel Aware": false,
      "Startup Cost": 31544.46,
      "Total Cost": 31544.47,
      "Plan Rows": 1,
      "Plan Width": 8,
      "Actual Startup Time": 108.114,
      "Actual Total Time": 116.406,
      "Actual Rows": 1,
      "Actual Loops": 1,
      "Plans": [
        {
          "Node Type": "Gather",
          "Parent Relationship": "Outer",
          "Parallel Aware": false,
          "Startup Cost": 31544.15,
          "Total Cost": 31544.46,
          "Plan Rows": 3,
          "Plan Width": 8,
          "Actual Startup Time": 108.005,
          "Actual Total Time": 116.398,
          "Actual Rows": 4,
          "Actual Loops": 1,
          "Workers Planned": 3,
          "Workers Launched": 3,
          "Single Copy": false,
          "Plans": [
            {
              "Node Type": "Aggregate",
              "Strategy": "Plain",
              "Partial Mode": "Partial",
              "Parent Relationship": "Outer",
              "Parallel Aware": false,
              "Startup Cost": 30544.15,
              "Total Cost": 30544.16,
              "Plan Rows": 1,
              "Plan Width": 8,
              "Actual Startup Time": 99.568,
              "Actual Total Time": 99.569,
              "Actual Rows": 1,
              "Actual Loops": 4,
              "Plans": [
                {
                  "Node Type": "Seq Scan",
                  "Parent Relationship": "Outer",
                  "Parallel Aware": true,
                  "Relation Name": "movie_companies",
                  "Alias": "mc",
                  "Startup Cost": 0.0,
                  "Total Cost": 29310.68,
                  "Plan Rows": 493386,
                  "Plan Width": 0,
                  "Actual Startup Time": 11.5,
                  "Actual Total Time": 83.082,
                  "Actual Rows": 382996,
                  "Actual Loops": 4,
                  "Filter": "(company_id > 6873)",
                  "Rows Removed by Filter": 269286
                }
              ]
            }
          ]
        }
      ]
    },
    "Planning Time": 0.18,
    "Triggers": [],
    "Execution Time": 116.458
  }
]