[
  {
    "Plan": {
      "Node Type": "Aggregate",
      "Strategy": "Plain",
      "Partial Mode": "Finalize",
      "Parallel Aware": false,
      "Startup Cost": 425324.14,
      "Total Cost": 425324.15,
      "Plan Rows": 1,
      "Plan Width": 8,
      "Actual Startup Time": 2229.688,
      "Actual Total Time": 2313.234,
      "Actual Rows": 1,
      "Actual Loops": 1,
      "Plans": [
        {
          "Node Type": "Gather",
          "Parent Relationship": "Outer",
          "Parallel Aware": false,
          "Startup Cost": 425323.52,
          "Total Cost": 425324.13,
          "Plan Rows": 6,
          "Plan Width": 8,
          "Actual Startup Time": 2217.671,
          "Actual Total Time": 2313.207,
          "Actual Rows": 7,
          "Actual Loops": 1,
          "Workers Planned": 6,
          "Workers Launched": 6,
          "Single Copy": false,
          "Plans": [
            {
              "Node Type": "Aggregate",
              "Strategy": "Plain",
              "Partial Mode": "Partial",
              "Parent Relationship": "Outer",
              "Parallel Aware": false,
              "Startup Cost": 424323.52,
              "Total Cost": 424323.53,
              "Plan Rows": 1,
              "Plan Width": 8,
              "Actual Startup Time": 2206.368,
              "Actual Total Time": 2206.447,
              "Actual Rows": 1,
              "Actual Loops": 7,
              "Plans": [
                {
                  "Node Type": "Hash Join",
                  "Parent Relationship": "Outer",
                  "Parallel Aware": true,
                  "Join Type": "Inner",
                  "Startup Cost": 80320.77,
                  "Total Cost": 420176.9,
                  "Plan Rows": 1658646,
                  "Plan Width": 0,
                  "Actual Startup Time": 305.837,
                  "Actual Total Time": 2103.295,
                  "Actual Rows": 2601864,
                  "Actual Loops": 7,
                  "Inner Unique": false,
                  "Hash Cond": "(ci.movie_id = t.id)",
                  "Plans": [
                    {
                      "Node Type": "Seq Scan",
                      "Parent Relationship": "Outer",
                      "Parallel Aware": true,
                      "Relation Name": "cast_info",
                      "Alias": "ci",
                      "Startup Cost": 0.0,
                      "Total Cost": 313067.02,
                      "Plan Rows": 6038002,
                      "Plan Width": 4,
                      "Actual Startup Time": 0.024,
                      "Actual Total Time": 515.606,
                      "Actual Rows": 5177763,
                      "Actual Loops": 7
                    },
                    {
                      "Node Type": "Hash",
                      "Parent Relationship": "Inner",
                      "Parallel Aware": true,
                      "Startup Cost": 78150.38,
                      "Total Cost": 78150.38,
                      "Plan Rows": 173631,
                      "Plan Width": 8,
                      "Actual Startup Time": 302.468,
                      "Actual Total Time": 302.546,
                      "Actual Rows": 101486,
                      "Actual Loops": 7,
                      "Hash Buckets": 1048576,
                      "Original Hash Buckets": 1048576,
                      "Hash Batches": 1,
                      "Original Hash Batches": 1,
                      "Peak Memory Usage": 36096,
                      "Plans": [
                        {
                          "Node Type": "Hash Join",
                          "Parent Relationship": "Outer",
                          "Parallel Aware": true,
                          "Join Type": "Inner",
                          "Startup Cost": 32111.18,
                          "Total Cost": 78150.38,
                          "Plan Rows": 173631,
                          "Plan Width": 8,
                          "Actual Startup Time": 105.428,
                          "Actual Total Time": 261.973,
                          "Actual Rows": 101486,
                          "Actual Loops": 7,
                          "Inner Unique": false,
                          "Hash Cond": "(t.id = mc.movie_id)",
                          "Plans": [
                            {
                              "Node Type": "Seq Scan",
                              "Parent Relationship": "Outer",
                              "Parallel Aware": true,
                              "Relation Name": "title",
                              "Alias": "t",
                              "Startup Cost": 0.0,
                              "Total Cost": 42318.73,
                              "Plan Rows": 632073,
                              "Plan Width": 4,
                              "Actual Startup Time": 0.011,
                              "Actual Total Time": 52.771,
                              "Actual Rows": 361187,
                              "Actual Loops": 7
                            },
                            {
                              "Node Type": "Hash",
                              "Parent Relationship": "Inner",
                              "Parallel Aware": true,
                              "Startup Cost": 29310.68,
                              "Total Cost": 29310.68,
                              "Plan Rows": 224040,
                              "Plan Width": 4,
                              "Actual Startup Time": 103.891,
                              "Actual Total Time": 103.893,
                              "Actual Rows": 101486,
                              "Actual Loops": 7,
                              "Hash Buckets": 1048576,
                              "Original Hash Buckets": 1048576,
                              "Hash Batches": 1,
                              "Original Hash Batches": 1,
                              "Peak Memory Usage": 36096,
                              "Plans": [
                                {
                                  "Node Type": "Seq Scan",
                                  "Parent Relationship": "Outer",
                                  "Parallel Aware": true,
                                  "Relation Name": "movie_companies",
                                  "Alias": "mc",
                                  "Startup Cost": 0.0,
                                  "Total Cost": 29310.68,
                                  "Plan Rows": 224040,
                                  "Plan Width": 4,
                                  "Actual Startup Time": 24.541,
                                  "Actual Total Time": 59.272,
                                  "Actual Rows": 101486,
                                  "Actual Loops": 7,
                                  "Filter": "(company_id > 43863)",
                                  "Rows Removed by Filter": 271247
                                }
                              ]
                            }
                          ]
                        }
                      ]
                    }
                  ]
                }
              ]
            }
          ]
        }
      ]
    },
    "Planning Time": 1.375,
    "Triggers": [],
    "Execution Time": 2313.339
  }
]