[
  {
    "Plan": {
      "Node Type": "Aggregate",
      "Strategy": "Plain",
      "Partial Mode": "Finalize",
      "Parallel Aware": false,
      "Startup Cost": 33281.28,
      "Total Cost": 33281.29,
      "Plan Rows": 1,
      "Plan Width": 8,
      "Actual Startup Time": 95.046,
      "Actual Total Time": 102.961,
      "Actual Rows": 1,
      "Actual Loops": 1,
      "Plans": [
        {
          "Node Type": "Gather",
          "Parent Relationship": "Outer",
          "Parallel Aware": false,
          "Startup Cost": 33280.96,
          "Total Cost": 33281.27,
          "Plan Rows": 3,
          "Plan Width": 8,
          "Actual Startup Time": 94.968,
          "Actual Total Time": 102.955,
          "Actual Rows": 4,
          "Actual Loops": 1,
          "Workers Planned": 3,
          "Workers Launched": 3,
          "Single Copy": false,
          "Plans": [
            {
              "Node Type": "Aggregate",
              "Strategy": "Plain",
              "Partial Mode": "Partial",
              "Parent Relationship": "Outer",
              "Parallel Aware": false,
              "Startup Cost": 32280.96,
              "Total Cost": 32280.97,
              "Plan Rows": 1,
              "Plan Width": 8,
              "Actual Startup Time": 88.88,
              "Actual Total Time": 88.881,
              "Actual Rows": 1,
              "Actual Loops": 4,
              "Plans": [
                {
                  "Node Type": "Seq Scan",
                  "Parent Relationship": "Outer",
                  "Parallel Aware": true,
                  "Relation Name": "movie_companies",
                  "Alias": "mc",
                  "Startup Cost": 0.0,
                  "Total Cost": 31414.82,
                  "Plan Rows": 346458,
                  "Plan Width": 0,
                  "Actual Startup Time": 47.586,
                  "Actual Total Time": 80.719,
                  "Actual Rows": 208400,
                  "Actual Loops": 4,
                  "Filter": "((company_id < 74146) AND (company_type_id > 1))",
                  "Rows Removed by Filter": 443882
                }
              ]
            }
          ]
        }
      ]
    },
    "Planning Time": 0.194,
    "Triggers": [],
    "Execution Time": 103.013
  }
]