[
  {
    "Plan": {
      "Node Type": "Aggregate",
      "Strategy": "Plain",
      "Partial Mode": "Finalize",
      "Parallel Aware": false,
      "Startup Cost": 91961.07,
      "Total Cost": 91961.08,
      "Plan Rows": 1,
      "Plan Width": 8,
      "Actual Startup Time": 308.904,
      "Actual Total Time": 332.997,
      "Actual Rows": 1,
      "Actual Loops": 1,
      "Plans": [
        {
          "Node Type": "Gather",
          "Parent Relationship": "Outer",
          "Parallel Aware": false,
          "Startup Cost": 91960.76,
          "Total Cost": 91961.07,
          "Plan Rows": 3,
          "Plan Width": 8,
          "Actual Startup Time": 308.685,
          "Actual Total Time": 332.976,
          "Actual Rows": 4,
          "Actual Loops": 1,
          "Workers Planned": 3,
          "Workers Launched": 3,
          "Single Copy": false,
          "Plans": [
            {
              "Node Type": "Aggregate",
              "Strategy": "Plain",
              "Partial Mode": "Partial",
              "Parent Relationship": "Outer",
              "Parallel Aware": false,
              "Startup Cost": 90960.76,
              "Total Cost": 90960.77,
              "Plan Rows": 1,
              "Plan Width": 8,
              "Actual Startup Time": 304.893,
              "Actual Total Time": 304.896,
              "Actual Rows": 1,
              "Actual Loops": 4,
              "Plans": [
                {
                  "Node Type": "Nested Loop",
                  "Parent Relationship": "Outer",
                  "Parallel Aware": false,
                  "Join Type": "Inner",
                  "Startup Cost": 45572.62,
                  "Total Cost": 90953.35,
                  "Plan Rows": 2962,
                  "Plan Width": 0,
                  "Actual Startup Time": 91.793,
                  "Actual Total Time": 302.349,
                  "Actual Rows": 54157,
                  "Actual Loops": 4,
                  "Inner Unique": false,
                  "Join Filter": "(t.id = mk.movie_id)",
                  "Rows Removed by Join Filter": 0,
                  "Plans": [
                    {
                      "Node Type": "Hash Join",
                      "Parent Relationship": "Outer",
                      "Parallel Aware": true,
                      "Join Type": "Inner",
                      "Startup Cost": 45572.19,
                      "Total Cost": 76937.78,
                      "Plan Rows": 9174,
                      "Plan Width": 8,
                      "Actual Startup Time": 88.096,
                      "Actual Total Time": 214.744,
                      "Actual Rows": 10480,
                      "Actual Loops": 4,
                      "Inner Unique": true,
                      "Hash Cond": "(mc.movie_id = t.id)",
                      "Plans": [
                        {
                          "Node Type": "Seq Scan",
                          "Parent Relationship": "Outer",
                          "Parallel Aware": true,
                          "Relation Name": "movie_companies",
                          "Alias": "mc",
                          "Startup Cost": 0.0,
                          "Total Cost": 29310.68,
                          "Plan Rows": 782822,
                          "Plan Width": 4,
                          "Actual Startup Time": 0.011,
                          "Actual Total Time": 74.271,
                          "Actual Rows": 607132,
                          "Actual Loops": 4,
                          "Filter": "(company_id > 34)",
                          "Rows Removed by Filter": 45150
                        },
                        {
                          "Node Type": "Hash",
                          "Parent Relationship": "Inner",
                          "Parallel Aware": true,
                          "Startup Cost": 45479.59,
                          "Total Cost": 45479.59,
                          "Plan Rows": 7408,
                          "Plan Width": 4,
                          "Actual Startup Time": 87.542,
                          "Actual Total Time": 87.543,
                          "Actual Rows": 4770,
                          "Actual Loops": 4,
                          "Hash Buckets": 32768,
                          "Original Hash Buckets": 32768,
                          "Hash Batches": 1,
                          "Original Hash Batches": 1,
                          "Peak Memory Usage": 1056,
                          "Plans": [
                            {
                              "Node Type": "Seq Scan",
                              "Parent Relationship": "Outer",
                              "Parallel Aware": true,
                              "Relation Name": "title",
                              "Alias": "t",
                              "Startup Cost": 0.0,
                              "Total Cost": 45479.59,
                              "Plan Rows": 7408,
                              "Plan Width": 4,
                              "Actual Startup Time": 0.052,
                              "Actual Total Time": 85.303,
                              "Actual Rows": 4770,
                              "Actual Loops": 4,
                              "Filter": "((kind_id < 3) AND (production_year = 2005))",
                              "Rows Removed by Filter": 627308
                            }
                          ]
                        }
                      ]
                    },
                    {
                      "Node Type": "Index Scan",
                      "Parent Relationship": "Inner",
                      "Parallel Aware": false,
                      "Scan Direction": "Forward",
                      "Index Name": "movie_id_movie_keyword",
                      "Relation Name": "movie_keyword",
                      "Alias": "mk",
                      "Startup Cost": 0.43,
                      "Total Cost": 1.43,
                      "Plan Rows": 8,
                      "Plan Width": 4,
                      "Actual Startup Time": 0.005,
                      "Actual Total Time": 0.008,
                      "Actual Rows": 5,
                      "Actual Loops": 41918,
                      "Index Cond": "(movie_id = mc.movie_id)",
                      "Rows Removed by Index Recheck": 0,
                      "Filter": "(keyword_id > 22597)",
                      "Rows Removed by Filter": 24
                    }
                  ]
                }
              ]
            }
          ]
        }
      ]
    },
    "Planning Time": 0.699,
    "Triggers": [],
    "Execution Time": 333.071
  }
]