[
  {
    "Plan": {
      "Node Type": "Aggregate",
      "Strategy": "Plain",
      "Partial Mode": "Finalize",
      "Parallel Aware": false,
      "Startup Cost": 54059.17,
      "Total Cost": 54059.18,
      "Plan Rows": 1,
      "Plan Width": 8,
      "Actual Startup Time": 88.952,
      "Actual Total Time": 102.512,
      "Actual Rows": 1,
      "Actual Loops": 1,
      "Plans": [
        {
          "Node Type": "Gather",
          "Parent Relationship": "Outer",
          "Parallel Aware": false,
          "Startup Cost": 54058.75,
          "Total Cost": 54059.16,
          "Plan Rows": 4,
          "Plan Width": 8,
          "Actual Startup Time": 88.772,
          "Actual Total Time": 102.502,
          "Actual Rows": 5,
          "Actual Loops": 1,
          "Workers Planned": 4,
          "Workers Launched": 4,
          "Single Copy": false,
          "Plans": [
            {
              "Node Type": "Aggregate",
              "Strategy": "Plain",
              "Partial Mode": "Partial",
              "Parent Relationship": "Outer",
              "Parallel Aware": false,
              "Startup Cost": 53058.75,
              "Total Cost": 53058.76,
              "Plan Rows": 1,
              "Plan Width": 8,
              "Actual Startup Time": 83.314,
              "Actual Total Time": 83.316,
              "Actual Rows": 1,
              "Actual Loops": 5,
              "Plans": [
                {
                  "Node Type": "Nested Loop",
                  "Parent Relationship": "Outer",
                  "Parallel Aware": false,
                  "Join Type": "Inner",
                  "Startup Cost": 0.43,
                  "Total Cost": 53056.71,
                  "Plan Rows": 816,
                  "Plan Width": 0,
                  "Actual Startup Time": 51.258,
                  "Actual Total Time": 83.292,
                  "Actual Rows": 125,
                  "Actual Loops": 5,
                  "Inner Unique": false,
                  "Plans": [
                    {
                      "Node Type": "Seq Scan",
                      "Parent Relationship": "Outer",
                      "Parallel Aware": true,
                      "Relation Name": "title",
                      "Alias": "t",
                      "Startup Cost": 0.0,
                      "Total Cost": 43899.32,
                      "Plan Rows": 1496,
                      "Plan Width": 4,
                      "Actual Startup Time": 49.791,
                      "Actual Total Time": 75.735,
                      "Actual Rows": 1189,
                      "Actual Loops": 5,
                      "Filter": "(production_year = 1911)",
                      "Rows Removed by Filter": 504473
                    },
                    {
                      "Node Type": "Index Only Scan",
                      "Parent Relationship": "Inner",
                      "Parallel Aware": false,
                      "Scan Direction": "Forward",
                      "Index Name": "movie_id_movie_info_idx",
                      "Relation Name": "movie_info_idx",
                      "Alias": "mi_idx",
                      "Startup Cost": 0.43,
                      "Total Cost": 6.09,
                      "Plan Rows": 3,
                      "Plan Width": 4,
                      "Actual Startup Time": 0.006,
                      "Actual Total Time": 0.006,
                      "Actual Rows": 0,
                      "Actual Loops": 5945,
                      "Index Cond": "(movie_id = t.id)",
                      "Rows Removed by Index Recheck": 0,
                      "Heap Fetches": 624
                    }
                  ]
                }
              ]
            }
          ]
        }
      ]
    },
    "Planning Time": 0.229,
    "Triggers": [],
    "Execution Time": 102.547
  }
]