[
  {
    "Plan": {
      "Node Type": "Aggregate",
      "Strategy": "Plain",
      "Partial Mode": "Finalize",
      "Parallel Aware": false,
      "Startup Cost": 39610.98,
      "Total Cost": 39610.99,
      "Plan Rows": 1,
      "Plan Width": 8,
      "Actual Startup Time": 122.847,
      "Actual Total Time": 129.384,
      "Actual Rows": 1,
      "Actual Loops": 1,
      "Plans": [
        {
          "Node Type": "Gather",
          "Parent Relationship": "Outer",
          "Parallel Aware": false,
          "Startup Cost": 39610.66,
          "Total Cost": 39610.97,
          "Plan Rows": 3,
          "Plan Width": 8,
          "Actual Startup Time": 122.519,
          "Actual Total Time": 129.374,
          "Actual Rows": 4,
          "Actual Loops": 1,
          "Workers Planned": 3,
          "Workers Launched": 3,
          "Single Copy": false,
          "Plans": [
            {
              "Node Type": "Aggregate",
              "Strategy": "Plain",
              "Partial Mode": "Partial",
              "Parent Relationship": "Outer",
              "Parallel Aware": false,
              "Startup Cost": 38610.66,
              "Total Cost": 38610.67,
              "Plan Rows": 1,
              "Plan Width": 8,
              "Actual Startup Time": 117.327,
              "Actual Total Time": 117.329,
              "Actual Rows": 1,
              "Actual Loops": 4,
              "Plans": [
                {
                  "Node Type": "Bitmap Heap Scan",
                  "Parent Relationship": "Outer",
                  "Parallel Aware": true,
                  "Relation Name": "movie_keyword",
                  "Alias": "mk",
                  "Startup Cost": 11527.49,
                  "Total Cost": 38172.46,
                  "Plan Rows": 175278,
                  "Plan Width": 0,
                  "Actual Startup Time": 39.318,
                  "Actual Total Time": 108.298,
                  "Actual Rows": 135790,
                  "Actual Loops": 4,
                  "Recheck Cond": "(keyword_id < 386)",
                  "Rows Removed by Index Recheck": 0,
                  "Exact Heap Blocks": 8025,
                  "Lossy Heap Blocks": 0,
                  "Plans": [
                    {
                      "Node Type": "Bitmap Index Scan",
                      "Parent Relationship": "Outer",
                      "Parallel Aware": false,
                      "Index Name": "keyword_id_movie_keyword",
                      "Startup Cost": 0.0,
                      "Total Cost": 11391.65,
                      "Plan Rows": 543362,
                      "Plan Width": 0,
                      "Actual Startup Time": 38.148,
                      "Actual Total Time": 38.148,
                      "Actual Rows": 543158,
                      "Actual Loops": 1,
                      "Index Cond": "(keyword_id < 386)"
                    }
                  ]
                }
              ]
            }
          ]
        }
      ]
    },
    "Planning Time": 0.189,
    "Triggers": [],
    "Execution Time": 129.462
  }
]