[
  {
    "Plan": {
      "Node Type": "Aggregate",
      "Strategy": "Plain",
      "Partial Mode": "Finalize",
      "Parallel Aware": false,
      "Startup Cost": 186126.26,
      "Total Cost": 186126.27,
      "Plan Rows": 1,
      "Plan Width": 8,
      "Actual Startup Time": 150.558,
      "Actual Total Time": 160.395,
      "Actual Rows": 1,
      "Actual Loops": 1,
      "Plans": [
        {
          "Node Type": "Gather",
          "Parent Relationship": "Outer",
          "Parallel Aware": false,
          "Startup Cost": 186125.74,
          "Total Cost": 186126.25,
          "Plan Rows": 5,
          "Plan Width": 8,
          "Actual Startup Time": 149.68,
          "Actual Total Time": 160.387,
          "Actual Rows": 6,
          "Actual Loops": 1,
          "Workers Planned": 5,
          "Workers Launched": 5,
          "Single Copy": false,
          "Plans": [
            {
              "Node Type": "Aggregate",
              "Strategy": "Plain",
              "Partial Mode": "Partial",
              "Parent Relationship": "Outer",
              "Parallel Aware": false,
              "Startup Cost": 185125.74,
              "Total Cost": 185125.75,
              "Plan Rows": 1,
              "Plan Width": 8,
              "Actual Startup Time": 142.021,
              "Actual Total Time": 142.022,
              "Actual Rows": 1,
              "Actual Loops": 6,
              "Plans": [
                {
                  "Node Type": "Bitmap Heap Scan",
                  "Parent Relationship": "Outer",
                  "Parallel Aware": true,
                  "Relation Name": "movie_info",
                  "Alias": "mi",
                  "Startup Cost": 19846.33,
                  "Total Cost": 184578.0,
                  "Plan Rows": 219094,
                  "Plan Width": 0,
                  "Actual Startup Time": 53.146,
                  "Actual Total Time": 130.96,
                  "Actual Rows": 173314,
                  "Actual Loops": 6,
                  "Recheck Cond": "(info_type_id > 80)",
                  "Rows Removed by Index Recheck": 0,
                  "Exact Heap Blocks": 11381,
                  "Lossy Heap Blocks": 0,
                  "Plans": [
                    {
                      "Node Type": "Bitmap Index Scan",
                      "Parent Relationship": "Outer",
                      "Parallel Aware": false,
                      "Index Name": "info_type_id_movie_info",
                      "Startup Cost": 0.0,
                      "Total Cost": 19572.46,
                      "Plan Rows": 1095470,
                      "Plan Width": 0,
                      "Actual Startup Time": 54.452,
                      "Actual Total Time": 54.453,
                      "Actual Rows": 1039881,
                      "Actual Loops": 1,
                      "Index Cond": "(info_type_id > 80)"
                    }
                  ]
                }
              ]
            }
          ]
        }
      ]
    },
    "Planning Time": 0.114,
    "Triggers": [],
    "Execution Time": 160.445
  }
]