[
    {
        "Bao": {
            "Bao prediction": "NaN",
            "Bao recommended hint": "(no hint)"
        }
    },
    {
        "Plan": {
            "Node Type": "Aggregate",
            "Strategy": "Plain",
            "Partial Mode": "Finalize",
            "Parallel Aware": false,
            "Startup Cost": 348264.26,
            "Total Cost": 348264.27,
            "Plan Rows": 1,
            "Plan Width": 8,
            "Actual Startup Time": 685.277,
            "Actual Total Time": 717.111,
            "Actual Rows": 1,
            "Actual Loops": 1,
            "Output": [
                "count(*)"
            ],
            "Plans": [
                {
                    "Node Type": "Gather",
                    "Parent Relationship": "Outer",
                    "Parallel Aware": false,
                    "Startup Cost": 348263.64,
                    "Total Cost": 348264.25,
                    "Plan Rows": 6,
                    "Plan Width": 8,
                    "Actual Startup Time": 685.177,
                    "Actual Total Time": 717.103,
                    "Actual Rows": 7,
                    "Actual Loops": 1,
                    "Output": [
                        "(PARTIAL count(*))"
                    ],
                    "Workers Planned": 6,
                    "Workers Launched": 6,
                    "Single Copy": false,
                    "Plans": [
                        {
                            "Node Type": "Aggregate",
                            "Strategy": "Plain",
                            "Partial Mode": "Partial",
                            "Parent Relationship": "Outer",
                            "Parallel Aware": false,
                            "Startup Cost": 347263.64,
                            "Total Cost": 347263.65,
                            "Plan Rows": 1,
                            "Plan Width": 8,
                            "Actual Startup Time": 675.644,
                            "Actual Total Time": 675.645,
                            "Actual Rows": 1,
                            "Actual Loops": 7,
                            "Output": [
                                "PARTIAL count(*)"
                            ],
                            "Workers": [
                                {
                                    "Worker Number": 0,
                                    "Actual Startup Time": 673.443,
                                    "Actual Total Time": 673.444,
                                    "Actual Rows": 1,
                                    "Actual Loops": 1
                                },
                                {
                                    "Worker Number": 1,
                                    "Actual Startup Time": 673.438,
                                    "Actual Total Time": 673.439,
                                    "Actual Rows": 1,
                                    "Actual Loops": 1
                                },
                                {
                                    "Worker Number": 2,
                                    "Actual Startup Time": 674.228,
                                    "Actual Total Time": 674.229,
                                    "Actual Rows": 1,
                                    "Actual Loops": 1
                                },
                                {
                                    "Worker Number": 3,
                                    "Actual Startup Time": 674.36,
                                    "Actual Total Time": 674.361,
                                    "Actual Rows": 1,
                                    "Actual Loops": 1
                                },
                                {
                                    "Worker Number": 4,
                                    "Actual Startup Time": 674.306,
                                    "Actual Total Time": 674.308,
                                    "Actual Rows": 1,
                                    "Actual Loops": 1
                                },
                                {
                                    "Worker Number": 5,
                                    "Actual Startup Time": 674.933,
                                    "Actual Total Time": 674.934,
                                    "Actual Rows": 1,
                                    "Actual Loops": 1
                                }
                            ],
                            "Plans": [
                                {
                                    "Node Type": "Seq Scan",
                                    "Parent Relationship": "Outer",
                                    "Parallel Aware": true,
                                    "Relation Name": "cast_info",
                                    "Schema": "public",
                                    "Alias": "ci",
                                    "Startup Cost": 0.0,
                                    "Total Cost": 343318.94,
                                    "Plan Rows": 1577879,
                                    "Plan Width": 0,
                                    "Actual Startup Time": 314.204,
                                    "Actual Total Time": 601.512,
                                    "Actual Rows": 1713611,
                                    "Actual Loops": 7,
                                    "Output": [
                                        "id",
                                        "person_id",
                                        "movie_id",
                                        "person_role_id",
                                        "note",
                                        "nr_order",
                                        "role_id"
                                    ],
                                    "Filter": "((ci.person_id > 1458178) AND (ci.role_id > 2))",
                                    "Rows Removed by Filter": 3464153,
                                    "Workers": [
                                        {
                                            "Worker Number": 0,
                                            "Actual Startup Time": 312.006,
                                            "Actual Total Time": 597.627,
                                            "Actual Rows": 1137572,
                                            "Actual Loops": 1
                                        },
                                        {
                                            "Worker Number": 1,
                                            "Actual Startup Time": 311.979,
                                            "Actual Total Time": 600.605,
                                            "Actual Rows": 1715369,
                                            "Actual Loops": 1
                                        },
                                        {
                                            "Worker Number": 2,
                                            "Actual Startup Time": 312.792,
                                            "Actual Total Time": 602.345,
                                            "Actual Rows": 1747005,
                                            "Actual Loops": 1
                                        },
                                        {
                                            "Worker Number": 3,
                                            "Actual Startup Time": 312.904,
                                            "Actual Total Time": 603.498,
                                            "Actual Rows": 1727203,
                                            "Actual Loops": 1
                                        },
                                        {
                                            "Worker Number": 4,
                                            "Actual Startup Time": 312.886,
                                            "Actual Total Time": 601.408,
                                            "Actual Rows": 1725365,
                                            "Actual Loops": 1
                                        },
                                        {
                                            "Worker Number": 5,
                                            "Actual Startup Time": 313.492,
                                            "Actual Total Time": 603.237,
                                            "Actual Rows": 1741290,
                                            "Actual Loops": 1
                                        }
                                    ]
                                }
                            ]
                        }
                    ]
                }
            ]
        },
        "Planning Time": 182.307,
        "Triggers": [],
        "Execution Time": 717.183
    }
]