{
  "Plan": {
    "Node Type": "Aggregate",
    "Strategy": "Plain",
    "Partial Mode": "Finalize",
    "Parallel Aware": false,
    "Startup Cost": 315410.65,
    "Total Cost": 315410.66,
    "Plan Rows": 1,
    "Plan Width": 8,
    "Actual Startup Time": 188.167,
    "Actual Total Time": 209.326,
    "Actual Rows": 1,
    "Actual Loops": 1,
    "Plans": [
      {
        "Node Type": "Gather",
        "Parent Relationship": "Outer",
        "Parallel Aware": false,
        "Startup Cost": 315410.53,
        "Total Cost": 315410.64,
        "Plan Rows": 1,
        "Plan Width": 8,
        "Actual Startup Time": 188.046,
        "Actual Total Time": 209.32,
        "Actual Rows": 2,
        "Actual Loops": 1,
        "Workers Planned": 1,
        "Workers Launched": 1,
        "Single Copy": false,
        "Plans": [
          {
            "Node Type": "Aggregate",
            "Strategy": "Plain",
            "Partial Mode": "Partial",
            "Parent Relationship": "Outer",
            "Parallel Aware": false,
            "Startup Cost": 314410.53,
            "Total Cost": 314410.54,
            "Plan Rows": 1,
            "Plan Width": 8,
            "Actual Startup Time": 182.28,
            "Actual Total Time": 182.281,
            "Actual Rows": 1,
            "Actual Loops": 2,
            "Plans": [
              {
                "Node Type": "Nested Loop",
                "Parent Relationship": "Outer",
                "Parallel Aware": false,
                "Join Type": "Inner",
                "Startup Cost": 0.56,
                "Total Cost": 314336.02,
                "Plan Rows": 29804,
                "Plan Width": 0,
                "Actual Startup Time": 93.676,
                "Actual Total Time": 181.455,
                "Actual Rows": 13262,
                "Actual Loops": 2,
                "Inner Unique": false,
                "Plans": [
                  {
                    "Node Type": "Seq Scan",
                    "Parent Relationship": "Outer",
                    "Parallel Aware": true,
                    "Relation Name": "title",
                    "Alias": "t",
                    "Startup Cost": 0.0,
                    "Total Cost": 58306.47,
                    "Plan Rows": 2080,
                    "Plan Width": 4,
                    "Actual Startup Time": 93.584,
                    "Actual Total Time": 137.246,
                    "Actual Rows": 3885,
                    "Actual Loops": 2,
                    "Filter": "((kind_id < 7) AND (production_year = 1912))",
                    "Rows Removed by Filter": 1260271
                  },
                  {
                    "Node Type": "Index Only Scan",
                    "Parent Relationship": "Inner",
                    "Parallel Aware": false,
                    "Scan Direction": "Forward",
                    "Index Name": "movie_id_cast_info",
                    "Relation Name": "cast_info",
                    "Alias": "ci",
                    "Startup Cost": 0.56,
                    "Total Cost": 122.72,
                    "Plan Rows": 37,
                    "Plan Width": 4,
                    "Actual Startup Time": 0.007,
                    "Actual Total Time": 0.011,
                    "Actual Rows": 3,
                    "Actual Loops": 7770,
                    "Index Cond": "(movie_id = t.id)",
                    "Rows Removed by Index Recheck": 0,
                    "Heap Fetches": 26524
                  }
                ]
              }
            ]
          }
        ]
      }
    ]
  },
  "Planning Time": 0.425,
  "Triggers": [],
  "Execution Time": 209.398
}