[
  {
    "Plan": {
      "Node Type": "Aggregate",
      "Strategy": "Plain",
      "Partial Mode": "Finalize",
      "Parallel Aware": false,
      "Startup Cost": 442715.63,
      "Total Cost": 442715.64,
      "Plan Rows": 1,
      "Plan Width": 8,
      "Actual Startup Time": 2473.722,
      "Actual Total Time": 2542.717,
      "Actual Rows": 1,
      "Actual Loops": 1,
      "Plans": [
        {
          "Node Type": "Gather",
          "Parent Relationship": "Outer",
          "Parallel Aware": false,
          "Startup Cost": 442715.32,
          "Total Cost": 442715.63,
          "Plan Rows": 3,
          "Plan Width": 8,
          "Actual Startup Time": 2470.047,
          "Actual Total Time": 2542.704,
          "Actual Rows": 4,
          "Actual Loops": 1,
          "Workers Planned": 3,
          "Workers Launched": 3,
          "Single Copy": false,
          "Plans": [
            {
              "Node Type": "Aggregate",
              "Strategy": "Plain",
              "Partial Mode": "Partial",
              "Parent Relationship": "Outer",
              "Parallel Aware": false,
              "Startup Cost": 441715.32,
              "Total Cost": 441715.33,
              "Plan Rows": 1,
              "Plan Width": 8,
              "Actual Startup Time": 2462.903,
              "Actual Total Time": 2463.066,
              "Actual Rows": 1,
              "Actual Loops": 4,
              "Plans": [
                {
                  "Node Type": "Hash Join",
                  "Parent Relationship": "Outer",
                  "Parallel Aware": true,
                  "Join Type": "Inner",
                  "Startup Cost": 394754.88,
                  "Total Cost": 440250.94,
                  "Plan Rows": 585749,
                  "Plan Width": 0,
                  "Actual Startup Time": 1691.067,
                  "Actual Total Time": 2243.656,
                  "Actual Rows": 4467630,
                  "Actual Loops": 4,
                  "Inner Unique": false,
                  "Hash Cond": "(mk.movie_id = t.id)",
                  "Plans": [
                    {
                      "Node Type": "Seq Scan",
                      "Parent Relationship": "Outer",
                      "Parallel Aware": true,
                      "Relation Name": "movie_keyword",
                      "Alias": "mk",
                      "Startup Cost": 0.0,
                      "Total Cost": 39047.32,
                      "Plan Rows": 1459332,
                      "Plan Width": 4,
                      "Actual Startup Time": 0.021,
                      "Actual Total Time": 96.776,
                      "Actual Rows": 1130982,
                      "Actual Loops": 4
                    },
                    {
                      "Node Type": "Hash",
                      "Parent Relationship": "Inner",
                      "Parallel Aware": true,
                      "Startup Cost": 392640.58,
                      "Total Cost": 392640.58,
                      "Plan Rows": 169144,
                      "Plan Width": 8,
                      "Actual Startup Time": 1637.169,
                      "Actual Total Time": 1637.33,
                      "Actual Rows": 254309,
                      "Actual Loops": 4,
                      "Hash Buckets": 1048576,
                      "Original Hash Buckets": 1048576,
                      "Hash Batches": 1,
                      "Original Hash Batches": 1,
                      "Peak Memory Usage": 48064,
                      "Plans": [
                        {
                          "Node Type": "Hash Join",
                          "Parent Relationship": "Outer",
                          "Parallel Aware": true,
                          "Join Type": "Inner",
                          "Startup Cost": 46969.21,
                          "Total Cost": 392640.58,
                          "Plan Rows": 169144,
                          "Plan Width": 8,
                          "Actual Startup Time": 152.291,
                          "Actual Total Time": 1532.771,
                          "Actual Rows": 254309,
                          "Actual Loops": 4,
                          "Inner Unique": true,
                          "Hash Cond": "(ci.movie_id = t.id)",
                          "Plans": [
                            {
                              "Node Type": "Seq Scan",
                              "Parent Relationship": "Outer",
                              "Parallel Aware": true,
                              "Relation Name": "cast_info",
                              "Alias": "ci",
                              "Startup Cost": 0.0,
                              "Total Cost": 343316.27,
                              "Plan Rows": 897179,
                              "Plan Width": 4,
                              "Actual Startup Time": 0.035,
                              "Actual Total Time": 1053.224,
                              "Actual Rows": 1575686,
                              "Actual Loops": 4,
                              "Filter": "((person_id < 691859) AND (role_id < 6))",
                              "Rows Removed by Filter": 7485400
                            },
                            {
                              "Node Type": "Hash",
                              "Parent Relationship": "Inner",
                              "Parallel Aware": true,
                              "Startup Cost": 45479.59,
                              "Total Cost": 45479.59,
                              "Plan Rows": 119170,
                              "Plan Width": 4,
                              "Actual Startup Time": 150.554,
                              "Actual Total Time": 150.556,
                              "Actual Rows": 87636,
                              "Actual Loops": 4,
                              "Hash Buckets": 524288,
                              "Original Hash Buckets": 524288,
                              "Hash Batches": 1,
                              "Original Hash Batches": 1,
                              "Peak Memory Usage": 17888,
                              "Plans": [
                                {
                                  "Node Type": "Seq Scan",
                                  "Parent Relationship": "Outer",
                                  "Parallel Aware": true,
                                  "Relation Name": "title",
                                  "Alias": "t",
                                  "Startup Cost": 0.0,
                                  "Total Cost": 45479.59,
                                  "Plan Rows": 119170,
                                  "Plan Width": 4,
                                  "Actual Startup Time": 50.439,
                                  "Actual Total Time": 113.417,
                                  "Actual Rows": 87636,
                                  "Actual Loops": 4,
                                  "Filter": "((production_year > 1987) AND (kind_id = 1))",
                                  "Rows Removed by Filter": 544442
                                }
                              ]
                            }
                          ]
                        }
                      ]
                    }
                  ]
                }
              ]
            }
          ]
        }
      ]
    },
    "Planning Time": 0.91,
    "Triggers": [],
    "Execution Time": 2542.802
  }
]