[
  {
    "Plan": {
      "Node Type": "Aggregate",
      "Strategy": "Plain",
      "Partial Mode": "Finalize",
      "Parallel Aware": false,
      "Startup Cost": 111485.17,
      "Total Cost": 111485.18,
      "Plan Rows": 1,
      "Plan Width": 8,
      "Actual Startup Time": 498.95,
      "Actual Total Time": 531.707,
      "Actual Rows": 1,
      "Actual Loops": 1,
      "Plans": [
        {
          "Node Type": "Gather",
          "Parent Relationship": "Outer",
          "Parallel Aware": false,
          "Startup Cost": 111484.75,
          "Total Cost": 111485.16,
          "Plan Rows": 4,
          "Plan Width": 8,
          "Actual Startup Time": 496.97,
          "Actual Total Time": 531.698,
          "Actual Rows": 5,
          "Actual Loops": 1,
          "Workers Planned": 4,
          "Workers Launched": 4,
          "Single Copy": false,
          "Plans": [
            {
              "Node Type": "Aggregate",
              "Strategy": "Plain",
              "Partial Mode": "Partial",
              "Parent Relationship": "Outer",
              "Parallel Aware": false,
              "Startup Cost": 110484.75,
              "Total Cost": 110484.76,
              "Plan Rows": 1,
              "Plan Width": 8,
              "Actual Startup Time": 489.425,
              "Actual Total Time": 489.429,
              "Actual Rows": 1,
              "Actual Loops": 5,
              "Plans": [
                {
                  "Node Type": "Nested Loop",
                  "Parent Relationship": "Outer",
                  "Parallel Aware": false,
                  "Join Type": "Inner",
                  "Startup Cost": 27314.42,
                  "Total Cost": 110134.17,
                  "Plan Rows": 140232,
                  "Plan Width": 0,
                  "Actual Startup Time": 107.971,
                  "Actual Total Time": 474.067,
                  "Actual Rows": 286911,
                  "Actual Loops": 5,
                  "Inner Unique": false,
                  "Plans": [
                    {
                      "Node Type": "Hash Join",
                      "Parent Relationship": "Outer",
                      "Parallel Aware": true,
                      "Join Type": "Inner",
                      "Startup Cost": 27313.86,
                      "Total Cost": 72083.6,
                      "Plan Rows": 9780,
                      "Plan Width": 8,
                      "Actual Startup Time": 107.889,
                      "Actual Total Time": 164.746,
                      "Actual Rows": 4435,
                      "Actual Loops": 5,
                      "Inner Unique": false,
                      "Hash Cond": "(t.id = mc.movie_id)",
                      "Plans": [
                        {
                          "Node Type": "Seq Scan",
                          "Parent Relationship": "Outer",
                          "Parallel Aware": true,
                          "Relation Name": "title",
                          "Alias": "t",
                          "Startup Cost": 0.0,
                          "Total Cost": 43899.01,
                          "Plan Rows": 167838,
                          "Plan Width": 4,
                          "Actual Startup Time": 27.908,
                          "Actual Total Time": 62.32,
                          "Actual Rows": 132565,
                          "Actual Loops": 5,
                          "Filter": "(kind_id = 1)",
                          "Rows Removed by Filter": 373097
                        },
                        {
                          "Node Type": "Hash",
                          "Parent Relationship": "Inner",
                          "Parallel Aware": true,
                          "Startup Cost": 26719.81,
                          "Total Cost": 26719.81,
                          "Plan Rows": 47524,
                          "Plan Width": 4,
                          "Actual Startup Time": 67.928,
                          "Actual Total Time": 67.929,
                          "Actual Rows": 44877,
                          "Actual Loops": 5,
                          "Hash Buckets": 262144,
                          "Original Hash Buckets": 262144,
                          "Hash Batches": 1,
                          "Original Hash Batches": 1,
                          "Peak Memory Usage": 10912,
                          "Plans": [
                            {
                              "Node Type": "Bitmap Heap Scan",
                              "Parent Relationship": "Outer",
                              "Parallel Aware": true,
                              "Relation Name": "movie_companies",
                              "Alias": "mc",
                              "Startup Cost": 6475.48,
                              "Total Cost": 26719.81,
                              "Plan Rows": 47524,
                              "Plan Width": 4,
                              "Actual Startup Time": 10.911,
                              "Actual Total Time": 51.801,
                              "Actual Rows": 44877,
                              "Actual Loops": 5,
                              "Recheck Cond": "(company_id < 160)",
                              "Rows Removed by Index Recheck": 0,
                              "Filter": "(company_type_id = 1)",
                              "Rows Removed by Filter": 13699,
                              "Exact Heap Blocks": 6612,
                              "Lossy Heap Blocks": 0,
                              "Plans": [
                                {
                                  "Node Type": "Bitmap Index Scan",
                                  "Parent Relationship": "Outer",
                                  "Parallel Aware": false,
                                  "Index Name": "company_id_movie_companies",
                                  "Startup Cost": 0.0,
                                  "Total Cost": 6438.65,
                                  "Plan Rows": 300562,
                                  "Plan Width": 0,
                                  "Actual Startup Time": 13.389,
                                  "Actual Total Time": 13.39,
                                  "Actual Rows": 292877,
                                  "Actual Loops": 1,
                                  "Index Cond": "(company_id < 160)"
                                }
                              ]
                            }
                          ]
                        }
                      ]
                    },
                    {
                      "Node Type": "Index Only Scan",
                      "Parent Relationship": "Inner",
                      "Parallel Aware": false,
                      "Scan Direction": "Forward",
                      "Index Name": "movie_id_cast_info",
                      "Relation Name": "cast_info",
                      "Alias": "ci",
                      "Startup Cost": 0.56,
                      "Total Cost": 3.51,
                      "Plan Rows": 38,
                      "Plan Width": 4,
                      "Actual Startup Time": 0.009,
                      "Actual Total Time": 0.065,
                      "Actual Rows": 65,
                      "Actual Loops": 22173,
                      "Index Cond": "(movie_id = t.id)",
                      "Rows Removed by Index Recheck": 0,
                      "Heap Fetches": 1434557
                    }
                  ]
                }
              ]
            }
          ]
        }
      ]
    },
    "Planning Time": 0.431,
    "Triggers": [],
    "Execution Time": 531.767
  }
]