{
  "Plan": {
    "Node Type": "Aggregate",
    "Strategy": "Plain",
    "Partial Mode": "Finalize",
    "Parallel Aware": false,
    "Startup Cost": 103564.76,
    "Total Cost": 103564.77,
    "Plan Rows": 1,
    "Plan Width": 8,
    "Actual Startup Time": 467.663,
    "Actual Total Time": 515.992,
    "Actual Rows": 1,
    "Actual Loops": 1,
    "Plans": [
      {
        "Node Type": "Gather",
        "Parent Relationship": "Outer",
        "Parallel Aware": false,
        "Startup Cost": 103564.64,
        "Total Cost": 103564.75,
        "Plan Rows": 1,
        "Plan Width": 8,
        "Actual Startup Time": 466.086,
        "Actual Total Time": 515.982,
        "Actual Rows": 2,
        "Actual Loops": 1,
        "Workers Planned": 1,
        "Workers Launched": 1,
        "Single Copy": false,
        "Plans": [
          {
            "Node Type": "Aggregate",
            "Strategy": "Plain",
            "Partial Mode": "Partial",
            "Parent Relationship": "Outer",
            "Parallel Aware": false,
            "Startup Cost": 102564.64,
            "Total Cost": 102564.65,
            "Plan Rows": 1,
            "Plan Width": 8,
            "Actual Startup Time": 460.076,
            "Actual Total Time": 460.08,
            "Actual Rows": 1,
            "Actual Loops": 2,
            "Plans": [
              {
                "Node Type": "Nested Loop",
                "Parent Relationship": "Outer",
                "Parallel Aware": false,
                "Join Type": "Inner",
                "Startup Cost": 62258.7,
                "Total Cost": 102506.38,
                "Plan Rows": 23306,
                "Plan Width": 0,
                "Actual Startup Time": 216.535,
                "Actual Total Time": 448.415,
                "Actual Rows": 261416,
                "Actual Loops": 2,
                "Inner Unique": false,
                "Plans": [
                  {
                    "Node Type": "Hash Join",
                    "Parent Relationship": "Outer",
                    "Parallel Aware": true,
                    "Join Type": "Inner",
                    "Startup Cost": 62258.26,
                    "Total Cost": 87946.8,
                    "Plan Rows": 3986,
                    "Plan Width": 8,
                    "Actual Startup Time": 216.477,
                    "Actual Total Time": 247.348,
                    "Actual Rows": 12093,
                    "Actual Loops": 2,
                    "Inner Unique": true,
                    "Hash Cond": "(mk.movie_id = t.id)",
                    "Plans": [
                      {
                        "Node Type": "Bitmap Heap Scan",
                        "Parent Relationship": "Outer",
                        "Parallel Aware": true,
                        "Relation Name": "movie_keyword",
                        "Alias": "mk",
                        "Startup Cost": 869.14,
                        "Total Cost": 26494.58,
                        "Plan Rows": 24039,
                        "Plan Width": 4,
                        "Actual Startup Time": 4.539,
                        "Actual Total Time": 22.781,
                        "Actual Rows": 20920,
                        "Actual Loops": 2,
                        "Recheck Cond": "(keyword_id = 117)",
                        "Rows Removed by Index Recheck": 0,
                        "Exact Heap Blocks": 7934,
                        "Lossy Heap Blocks": 0,
                        "Plans": [
                          {
                            "Node Type": "Bitmap Index Scan",
                            "Parent Relationship": "Outer",
                            "Parallel Aware": false,
                            "Index Name": "keyword_id_movie_keyword",
                            "Startup Cost": 0.0,
                            "Total Cost": 858.93,
                            "Plan Rows": 40866,
                            "Plan Width": 0,
                            "Actual Startup Time": 2.884,
                            "Actual Total Time": 2.885,
                            "Actual Rows": 41840,
                            "Actual Loops": 1,
                            "Index Cond": "(keyword_id = 117)"
                          }
                        ]
                      },
                      {
                        "Node Type": "Hash",
                        "Parent Relationship": "Inner",
                        "Parallel Aware": true,
                        "Startup Cost": 58306.47,
                        "Total Cost": 58306.47,
                        "Plan Rows": 246612,
                        "Plan Width": 4,
                        "Actual Startup Time": 206.231,
                        "Actual Total Time": 206.231,
                        "Actual Rows": 258984,
                        "Actual Loops": 2,
                        "Hash Buckets": 524288,
                        "Original Hash Buckets": 524288,
                        "Hash Batches": 1,
                        "Original Hash Batches": 1,
                        "Peak Memory Usage": 24384,
                        "Plans": [
                          {
                            "Node Type": "Seq Scan",
                            "Parent Relationship": "Outer",
                            "Parallel Aware": true,
                            "Relation Name": "title",
                            "Alias": "t",
                            "Startup Cost": 0.0,
                            "Total Cost": 58306.47,
                            "Plan Rows": 246612,
                            "Plan Width": 4,
                            "Actual Startup Time": 0.042,
                            "Actual Total Time": 150.257,
                            "Actual Rows": 258984,
                            "Actual Loops": 2,
                            "Filter": "((kind_id < 7) AND (production_year < 2001))",
                            "Rows Removed by Filter": 1005172
                          }
                        ]
                      }
                    ]
                  },
                  {
                    "Node Type": "Index Only Scan",
                    "Parent Relationship": "Inner",
                    "Parallel Aware": false,
                    "Scan Direction": "Forward",
                    "Index Name": "movie_id_movie_info",
                    "Relation Name": "movie_info",
                    "Alias": "mi",
                    "Startup Cost": 0.43,
                    "Total Cost": 3.23,
                    "Plan Rows": 42,
                    "Plan Width": 4,
                    "Actual Startup Time": 0.004,
                    "Actual Total Time": 0.015,
                    "Actual Rows": 22,
                    "Actual Loops": 24186,
                    "Index Cond": "(movie_id = t.id)",
                    "Rows Removed by Index Recheck": 0,
                    "Heap Fetches": 522833
                  }
                ]
              }
            ]
          }
        ]
      }
    ]
  },
  "Planning Time": 0.946,
  "Triggers": [],
  "Execution Time": 516.112
}