[
  {
    "Plan": {
      "Node Type": "Aggregate",
      "Strategy": "Plain",
      "Partial Mode": "Finalize",
      "Parallel Aware": false,
      "Startup Cost": 50630.27,
      "Total Cost": 50630.28,
      "Plan Rows": 1,
      "Plan Width": 8,
      "Actual Startup Time": 93.439,
      "Actual Total Time": 105.215,
      "Actual Rows": 1,
      "Actual Loops": 1,
      "Plans": [
        {
          "Node Type": "Gather",
          "Parent Relationship": "Outer",
          "Parallel Aware": false,
          "Startup Cost": 50629.85,
          "Total Cost": 50630.26,
          "Plan Rows": 4,
          "Plan Width": 8,
          "Actual Startup Time": 93.297,
          "Actual Total Time": 105.208,
          "Actual Rows": 5,
          "Actual Loops": 1,
          "Workers Planned": 4,
          "Workers Launched": 4,
          "Single Copy": false,
          "Plans": [
            {
              "Node Type": "Aggregate",
              "Strategy": "Plain",
              "Partial Mode": "Partial",
              "Parent Relationship": "Outer",
              "Parallel Aware": false,
              "Startup Cost": 49629.85,
              "Total Cost": 49629.86,
              "Plan Rows": 1,
              "Plan Width": 8,
              "Actual Startup Time": 85.054,
              "Actual Total Time": 85.056,
              "Actual Rows": 1,
              "Actual Loops": 5,
              "Plans": [
                {
                  "Node Type": "Nested Loop",
                  "Parent Relationship": "Outer",
                  "Parallel Aware": false,
                  "Join Type": "Inner",
                  "Startup Cost": 0.43,
                  "Total Cost": 49629.6,
                  "Plan Rows": 101,
                  "Plan Width": 0,
                  "Actual Startup Time": 52.769,
                  "Actual Total Time": 85.016,
                  "Actual Rows": 219,
                  "Actual Loops": 5,
                  "Inner Unique": false,
                  "Plans": [
                    {
                      "Node Type": "Seq Scan",
                      "Parent Relationship": "Outer",
                      "Parallel Aware": true,
                      "Relation Name": "title",
                      "Alias": "t",
                      "Startup Cost": 0.0,
                      "Total Cost": 45479.59,
                      "Plan Rows": 561,
                      "Plan Width": 4,
                      "Actual Startup Time": 52.491,
                      "Actual Total Time": 79.522,
                      "Actual Rows": 542,
                      "Actual Loops": 5,
                      "Filter": "((kind_id = 1) AND (production_year = 1954))",
                      "Rows Removed by Filter": 505120
                    },
                    {
                      "Node Type": "Index Scan",
                      "Parent Relationship": "Inner",
                      "Parallel Aware": false,
                      "Scan Direction": "Forward",
                      "Index Name": "movie_id_movie_info_idx",
                      "Relation Name": "movie_info_idx",
                      "Alias": "mi_idx",
                      "Startup Cost": 0.43,
                      "Total Cost": 7.39,
                      "Plan Rows": 1,
                      "Plan Width": 4,
                      "Actual Startup Time": 0.009,
                      "Actual Total Time": 0.01,
                      "Actual Rows": 0,
                      "Actual Loops": 2712,
                      "Index Cond": "(movie_id = t.id)",
                      "Rows Removed by Index Recheck": 0,
                      "Filter": "(info_type_id = 99)",
                      "Rows Removed by Filter": 1
                    }
                  ]
                }
              ]
            }
          ]
        }
      ]
    },
    "Planning Time": 0.617,
    "Triggers": [],
    "Execution Time": 105.27
  }
]