[
  {
    "Plan": {
      "Node Type": "Aggregate",
      "Strategy": "Plain",
      "Partial Mode": "Finalize",
      "Parallel Aware": false,
      "Startup Cost": 47067.97,
      "Total Cost": 47067.98,
      "Plan Rows": 1,
      "Plan Width": 8,
      "Actual Startup Time": 154.498,
      "Actual Total Time": 161.83,
      "Actual Rows": 1,
      "Actual Loops": 1,
      "Plans": [
        {
          "Node Type": "Gather",
          "Parent Relationship": "Outer",
          "Parallel Aware": false,
          "Startup Cost": 47067.66,
          "Total Cost": 47067.97,
          "Plan Rows": 3,
          "Plan Width": 8,
          "Actual Startup Time": 154.411,
          "Actual Total Time": 161.823,
          "Actual Rows": 4,
          "Actual Loops": 1,
          "Workers Planned": 3,
          "Workers Launched": 3,
          "Single Copy": false,
          "Plans": [
            {
              "Node Type": "Aggregate",
              "Strategy": "Plain",
              "Partial Mode": "Partial",
              "Parent Relationship": "Outer",
              "Parallel Aware": false,
              "Startup Cost": 46067.66,
              "Total Cost": 46067.67,
              "Plan Rows": 1,
              "Plan Width": 8,
              "Actual Startup Time": 151.377,
              "Actual Total Time": 151.378,
              "Actual Rows": 1,
              "Actual Loops": 4,
              "Plans": [
                {
                  "Node Type": "Seq Scan",
                  "Parent Relationship": "Outer",
                  "Parallel Aware": true,
                  "Relation Name": "movie_keyword",
                  "Alias": "mk",
                  "Startup Cost": 0.0,
                  "Total Cost": 42695.65,
                  "Plan Rows": 1348801,
                  "Plan Width": 0,
                  "Actual Startup Time": 0.025,
                  "Actual Total Time": 106.743,
                  "Actual Rows": 1044252,
                  "Actual Loops": 4,
                  "Filter": "(keyword_id > 297)",
                  "Rows Removed by Filter": 86730
                }
              ]
            }
          ]
        }
      ]
    },
    "Planning Time": 0.105,
    "Triggers": [],
    "Execution Time": 161.863
  }
]