[
  {
    "Plan": {
      "Node Type": "Aggregate",
      "Strategy": "Plain",
      "Partial Mode": "Finalize",
      "Parallel Aware": false,
      "Startup Cost": 80489.37,
      "Total Cost": 80489.38,
      "Plan Rows": 1,
      "Plan Width": 8,
      "Actual Startup Time": 404.703,
      "Actual Total Time": 420.04,
      "Actual Rows": 1,
      "Actual Loops": 1,
      "Plans": [
        {
          "Node Type": "Gather",
          "Parent Relationship": "Outer",
          "Parallel Aware": false,
          "Startup Cost": 80488.95,
          "Total Cost": 80489.36,
          "Plan Rows": 4,
          "Plan Width": 8,
          "Actual Startup Time": 401.293,
          "Actual Total Time": 420.031,
          "Actual Rows": 5,
          "Actual Loops": 1,
          "Workers Planned": 4,
          "Workers Launched": 4,
          "Single Copy": false,
          "Plans": [
            {
              "Node Type": "Aggregate",
              "Strategy": "Plain",
              "Partial Mode": "Partial",
              "Parent Relationship": "Outer",
              "Parallel Aware": false,
              "Startup Cost": 79488.95,
              "Total Cost": 79488.96,
              "Plan Rows": 1,
              "Plan Width": 8,
              "Actual Startup Time": 391.46,
              "Actual Total Time": 391.463,
              "Actual Rows": 1,
              "Actual Loops": 5,
              "Plans": [
                {
                  "Node Type": "Hash Join",
                  "Parent Relationship": "Outer",
                  "Parallel Aware": true,
                  "Join Type": "Inner",
                  "Startup Cost": 33329.97,
                  "Total Cost": 79192.1,
                  "Plan Rows": 118740,
                  "Plan Width": 0,
                  "Actual Startup Time": 151.613,
                  "Actual Total Time": 383.213,
                  "Actual Rows": 159697,
                  "Actual Loops": 5,
                  "Inner Unique": false,
                  "Hash Cond": "(t.id = mc.movie_id)",
                  "Plans": [
                    {
                      "Node Type": "Seq Scan",
                      "Parent Relationship": "Outer",
                      "Parallel Aware": true,
                      "Relation Name": "title",
                      "Alias": "t",
                      "Startup Cost": 0.0,
                      "Total Cost": 42318.73,
                      "Plan Rows": 632073,
                      "Plan Width": 4,
                      "Actual Startup Time": 0.012,
                      "Actual Total Time": 70.651,
                      "Actual Rows": 505662,
                      "Actual Loops": 5
                    },
                    {
                      "Node Type": "Hash",
                      "Parent Relationship": "Inner",
                      "Parallel Aware": true,
                      "Startup Cost": 31414.82,
                      "Total Cost": 31414.82,
                      "Plan Rows": 153212,
                      "Plan Width": 4,
                      "Actual Startup Time": 148.54,
                      "Actual Total Time": 148.541,
                      "Actual Rows": 159697,
                      "Actual Loops": 5,
                      "Hash Buckets": 1048576,
                      "Original Hash Buckets": 524288,
                      "Hash Batches": 1,
                      "Original Hash Batches": 1,
                      "Peak Memory Usage": 43616,
                      "Plans": [
                        {
                          "Node Type": "Seq Scan",
                          "Parent Relationship": "Outer",
                          "Parallel Aware": true,
                          "Relation Name": "movie_companies",
                          "Alias": "mc",
                          "Startup Cost": 0.0,
                          "Total Cost": 31414.82,
                          "Plan Rows": 153212,
                          "Plan Width": 4,
                          "Actual Startup Time": 44.169,
                          "Actual Total Time": 80.861,
                          "Actual Rows": 159697,
                          "Actual Loops": 5,
                          "Filter": "((company_id > 18692) AND (company_type_id > 1))",
                          "Rows Removed by Filter": 362128
                        }
                      ]
                    }
                  ]
                }
              ]
            }
          ]
        }
      ]
    },
    "Planning Time": 0.639,
    "Triggers": [],
    "Execution Time": 420.109
  }
]