[
  {
    "Plan": {
      "Node Type": "Aggregate",
      "Strategy": "Plain",
      "Partial Mode": "Finalize",
      "Parallel Aware": false,
      "Startup Cost": 593477.74,
      "Total Cost": 593477.75,
      "Plan Rows": 1,
      "Plan Width": 8,
      "Actual Startup Time": 2071.68,
      "Actual Total Time": 2169.822,
      "Actual Rows": 1,
      "Actual Loops": 1,
      "Plans": [
        {
          "Node Type": "Gather",
          "Parent Relationship": "Outer",
          "Parallel Aware": false,
          "Startup Cost": 593477.22,
          "Total Cost": 593477.73,
          "Plan Rows": 5,
          "Plan Width": 8,
          "Actual Startup Time": 2062.757,
          "Actual Total Time": 2169.809,
          "Actual Rows": 6,
          "Actual Loops": 1,
          "Workers Planned": 5,
          "Workers Launched": 5,
          "Single Copy": false,
          "Plans": [
            {
              "Node Type": "Aggregate",
              "Strategy": "Plain",
              "Partial Mode": "Partial",
              "Parent Relationship": "Outer",
              "Parallel Aware": false,
              "Startup Cost": 592477.22,
              "Total Cost": 592477.23,
              "Plan Rows": 1,
              "Plan Width": 8,
              "Actual Startup Time": 2048.489,
              "Actual Total Time": 2048.57,
              "Actual Rows": 1,
              "Actual Loops": 6,
              "Plans": [
                {
                  "Node Type": "Hash Join",
                  "Parent Relationship": "Outer",
                  "Parallel Aware": true,
                  "Join Type": "Inner",
                  "Startup Cost": 381992.54,
                  "Total Cost": 587775.26,
                  "Plan Rows": 1880785,
                  "Plan Width": 0,
                  "Actual Startup Time": 1059.42,
                  "Actual Total Time": 1998.017,
                  "Actual Rows": 1286252,
                  "Actual Loops": 6,
                  "Inner Unique": false,
                  "Hash Cond": "(mi.movie_id = t.id)",
                  "Plans": [
                    {
                      "Node Type": "Seq Scan",
                      "Parent Relationship": "Outer",
                      "Parallel Aware": true,
                      "Relation Name": "movie_info",
                      "Alias": "mi",
                      "Startup Cost": 0.0,
                      "Total Cost": 191560.33,
                      "Plan Rows": 2956733,
                      "Plan Width": 4,
                      "Actual Startup Time": 0.028,
                      "Actual Total Time": 293.043,
                      "Actual Rows": 2472620,
                      "Actual Loops": 6
                    },
                    {
                      "Node Type": "Hash",
                      "Parent Relationship": "Inner",
                      "Parallel Aware": true,
                      "Startup Cost": 378642.01,
                      "Total Cost": 378642.01,
                      "Plan Rows": 268042,
                      "Plan Width": 8,
                      "Actual Startup Time": 1053.9,
                      "Actual Total Time": 1053.979,
                      "Actual Rows": 218756,
                      "Actual Loops": 6,
                      "Hash Buckets": 2097152,
                      "Original Hash Buckets": 2097152,
                      "Hash Batches": 1,
                      "Original Hash Batches": 1,
                      "Peak Memory Usage": 67840,
                      "Plans": [
                        {
                          "Node Type": "Hash Join",
                          "Parent Relationship": "Outer",
                          "Parallel Aware": true,
                          "Join Type": "Inner",
                          "Startup Cost": 47147.05,
                          "Total Cost": 378642.01,
                          "Plan Rows": 268042,
                          "Plan Width": 8,
                          "Actual Startup Time": 123.425,
                          "Actual Total Time": 958.031,
                          "Actual Rows": 218756,
                          "Actual Loops": 6,
                          "Inner Unique": true,
                          "Hash Cond": "(ci.movie_id = t.id)",
                          "Plans": [
                            {
                              "Node Type": "Seq Scan",
                              "Parent Relationship": "Outer",
                              "Parallel Aware": true,
                              "Relation Name": "cast_info",
                              "Alias": "ci",
                              "Startup Cost": 0.0,
                              "Total Cost": 328162.03,
                              "Plan Rows": 1269687,
                              "Plan Width": 4,
                              "Actual Startup Time": 0.026,
                              "Actual Total Time": 575.564,
                              "Actual Rows": 1300259,
                              "Actual Loops": 6,
                              "Filter": "(person_id < 759885)",
                              "Rows Removed by Filter": 4740465
                            },
                            {
                              "Node Type": "Hash",
                              "Parent Relationship": "Inner",
                              "Parallel Aware": true,
                              "Startup Cost": 45479.1,
                              "Total Cost": 45479.1,
                              "Plan Rows": 133436,
                              "Plan Width": 4,
                              "Actual Startup Time": 121.88,
                              "Actual Total Time": 121.881,
                              "Actual Rows": 66386,
                              "Actual Loops": 6,
                              "Hash Buckets": 1048576,
                              "Original Hash Buckets": 1048576,
                              "Hash Batches": 1,
                              "Original Hash Batches": 1,
                              "Peak Memory Usage": 23840,
                              "Plans": [
                                {
                                  "Node Type": "Seq Scan",
                                  "Parent Relationship": "Outer",
                                  "Parallel Aware": true,
                                  "Relation Name": "title",
                                  "Alias": "t",
                                  "Startup Cost": 0.0,
                                  "Total Cost": 45479.1,
                                  "Plan Rows": 133436,
                                  "Plan Width": 4,
                                  "Actual Startup Time": 0.051,
                                  "Actual Total Time": 84.263,
                                  "Actual Rows": 66386,
                                  "Actual Loops": 6,
                                  "Filter": "((kind_id > 3) AND (production_year < 1995))",
                                  "Rows Removed by Filter": 355000
                                }
                              ]
                            }
                          ]
                        }
                      ]
                    }
                  ]
                }
              ]
            }
          ]
        }
      ]
    },
    "Planning Time": 1.448,
    "Triggers": [],
    "Execution Time": 2169.932
  }
]