[
  {
    "Plan": {
      "Node Type": "Aggregate",
      "Strategy": "Plain",
      "Partial Mode": "Finalize",
      "Parallel Aware": false,
      "Startup Cost": 382040.35,
      "Total Cost": 382040.36,
      "Plan Rows": 1,
      "Plan Width": 8,
      "Actual Startup Time": 2005.475,
      "Actual Total Time": 2058.882,
      "Actual Rows": 1,
      "Actual Loops": 1,
      "Plans": [
        {
          "Node Type": "Gather",
          "Parent Relationship": "Outer",
          "Parallel Aware": false,
          "Startup Cost": 382039.72,
          "Total Cost": 382040.33,
          "Plan Rows": 6,
          "Plan Width": 8,
          "Actual Startup Time": 1999.209,
          "Actual Total Time": 2058.87,
          "Actual Rows": 7,
          "Actual Loops": 1,
          "Workers Planned": 6,
          "Workers Launched": 6,
          "Single Copy": false,
          "Plans": [
            {
              "Node Type": "Aggregate",
              "Strategy": "Plain",
              "Partial Mode": "Partial",
              "Parent Relationship": "Outer",
              "Parallel Aware": false,
              "Startup Cost": 381039.72,
              "Total Cost": 381039.73,
              "Plan Rows": 1,
              "Plan Width": 8,
              "Actual Startup Time": 1989.51,
              "Actual Total Time": 1989.513,
              "Actual Rows": 1,
              "Actual Loops": 7,
              "Plans": [
                {
                  "Node Type": "Hash Join",
                  "Parent Relationship": "Outer",
                  "Parallel Aware": true,
                  "Join Type": "Inner",
                  "Startup Cost": 47744.07,
                  "Total Cost": 376710.73,
                  "Plan Rows": 1731597,
                  "Plan Width": 0,
                  "Actual Startup Time": 132.183,
                  "Actual Total Time": 1926.98,
                  "Actual Rows": 1185187,
                  "Actual Loops": 7,
                  "Inner Unique": true,
                  "Hash Cond": "(ci.movie_id = t.id)",
                  "Plans": [
                    {
                      "Node Type": "Seq Scan",
                      "Parent Relationship": "Outer",
                      "Parallel Aware": true,
                      "Relation Name": "cast_info",
                      "Alias": "ci",
                      "Startup Cost": 0.0,
                      "Total Cost": 313106.51,
                      "Plan Rows": 6041951,
                      "Plan Width": 4,
                      "Actual Startup Time": 0.037,
                      "Actual Total Time": 584.166,
                      "Actual Rows": 5177763,
                      "Actual Loops": 7
                    },
                    {
                      "Node Type": "Hash",
                      "Parent Relationship": "Inner",
                      "Parallel Aware": true,
                      "Startup Cost": 45479.59,
                      "Total Cost": 45479.59,
                      "Plan Rows": 181159,
                      "Plan Width": 4,
                      "Actual Startup Time": 129.582,
                      "Actual Total Time": 129.583,
                      "Actual Rows": 91204,
                      "Actual Loops": 7,
                      "Hash Buckets": 1048576,
                      "Original Hash Buckets": 1048576,
                      "Hash Batches": 1,
                      "Original Hash Batches": 1,
                      "Peak Memory Usage": 33280,
                      "Plans": [
                        {
                          "Node Type": "Seq Scan",
                          "Parent Relationship": "Outer",
                          "Parallel Aware": true,
                          "Relation Name": "title",
                          "Alias": "t",
                          "Startup Cost": 0.0,
                          "Total Cost": 45479.59,
                          "Plan Rows": 181159,
                          "Plan Width": 4,
                          "Actual Startup Time": 0.046,
                          "Actual Total Time": 84.589,
                          "Actual Rows": 91204,
                          "Actual Loops": 7,
                          "Filter": "((production_year < 2003) AND (kind_id = 7))",
                          "Rows Removed by Filter": 269983
                        }
                      ]
                    }
                  ]
                }
              ]
            }
          ]
        }
      ]
    },
    "Planning Time": 0.282,
    "Triggers": [],
    "Execution Time": 2058.937
  }
]