[
  {
    "Plan": {
      "Node Type": "Aggregate",
      "Strategy": "Plain",
      "Partial Mode": "Finalize",
      "Parallel Aware": false,
      "Startup Cost": 95153.76,
      "Total Cost": 95153.77,
      "Plan Rows": 1,
      "Plan Width": 8,
      "Actual Startup Time": 421.114,
      "Actual Total Time": 438.378,
      "Actual Rows": 1,
      "Actual Loops": 1,
      "Plans": [
        {
          "Node Type": "Gather",
          "Parent Relationship": "Outer",
          "Parallel Aware": false,
          "Startup Cost": 95153.44,
          "Total Cost": 95153.75,
          "Plan Rows": 3,
          "Plan Width": 8,
          "Actual Startup Time": 418.994,
          "Actual Total Time": 438.369,
          "Actual Rows": 4,
          "Actual Loops": 1,
          "Workers Planned": 3,
          "Workers Launched": 3,
          "Single Copy": false,
          "Plans": [
            {
              "Node Type": "Aggregate",
              "Strategy": "Plain",
              "Partial Mode": "Partial",
              "Parent Relationship": "Outer",
              "Parallel Aware": false,
              "Startup Cost": 94153.44,
              "Total Cost": 94153.45,
              "Plan Rows": 1,
              "Plan Width": 8,
              "Actual Startup Time": 410.499,
              "Actual Total Time": 410.502,
              "Actual Rows": 1,
              "Actual Loops": 4,
              "Plans": [
                {
                  "Node Type": "Hash Join",
                  "Parent Relationship": "Outer",
                  "Parallel Aware": true,
                  "Join Type": "Inner",
                  "Startup Cost": 47083.67,
                  "Total Cost": 93444.53,
                  "Plan Rows": 283563,
                  "Plan Width": 0,
                  "Actual Startup Time": 184.458,
                  "Actual Total Time": 391.357,
                  "Actual Rows": 430478,
                  "Actual Loops": 4,
                  "Inner Unique": true,
                  "Hash Cond": "(mk.movie_id = t.id)",
                  "Plans": [
                    {
                      "Node Type": "Seq Scan",
                      "Parent Relationship": "Outer",
                      "Parallel Aware": true,
                      "Relation Name": "movie_keyword",
                      "Alias": "mk",
                      "Startup Cost": 0.0,
                      "Total Cost": 42695.65,
                      "Plan Rows": 1396264,
                      "Plan Width": 4,
                      "Actual Startup Time": 0.029,
                      "Actual Total Time": 124.877,
                      "Actual Rows": 1078906,
                      "Actual Loops": 4,
                      "Filter": "(keyword_id > 137)",
                      "Rows Removed by Filter": 52076
                    },
                    {
                      "Node Type": "Hash",
                      "Parent Relationship": "Inner",
                      "Parallel Aware": true,
                      "Startup Cost": 45479.1,
                      "Total Cost": 45479.1,
                      "Plan Rows": 128366,
                      "Plan Width": 4,
                      "Actual Startup Time": 139.335,
                      "Actual Total Time": 139.336,
                      "Actual Rows": 96644,
                      "Actual Loops": 4,
                      "Hash Buckets": 524288,
                      "Original Hash Buckets": 524288,
                      "Hash Batches": 1,
                      "Original Hash Batches": 1,
                      "Peak Memory Usage": 19264,
                      "Plans": [
                        {
                          "Node Type": "Seq Scan",
                          "Parent Relationship": "Outer",
                          "Parallel Aware": true,
                          "Relation Name": "title",
                          "Alias": "t",
                          "Startup Cost": 0.0,
                          "Total Cost": 45479.1,
                          "Plan Rows": 128366,
                          "Plan Width": 4,
                          "Actual Startup Time": 49.485,
                          "Actual Total Time": 107.542,
                          "Actual Rows": 96644,
                          "Actual Loops": 4,
                          "Filter": "((production_year > 1979) AND (kind_id = 1))",
                          "Rows Removed by Filter": 535434
                        }
                      ]
                    }
                  ]
                }
              ]
            }
          ]
        }
      ]
    },
    "Planning Time": 0.689,
    "Triggers": [],
    "Execution Time": 438.449
  }
]