{
  "Plan": {
    "Node Type": "Aggregate",
    "Strategy": "Plain",
    "Partial Mode": "Finalize",
    "Parallel Aware": false,
    "Startup Cost": 52296.18,
    "Total Cost": 52296.19,
    "Plan Rows": 1,
    "Plan Width": 8,
    "Actual Startup Time": 145.321,
    "Actual Total Time": 154.115,
    "Actual Rows": 1,
    "Actual Loops": 1,
    "Plans": [
      {
        "Node Type": "Gather",
        "Parent Relationship": "Outer",
        "Parallel Aware": false,
        "Startup Cost": 52296.07,
        "Total Cost": 52296.18,
        "Plan Rows": 1,
        "Plan Width": 8,
        "Actual Startup Time": 145.177,
        "Actual Total Time": 154.105,
        "Actual Rows": 2,
        "Actual Loops": 1,
        "Workers Planned": 1,
        "Workers Launched": 1,
        "Single Copy": false,
        "Plans": [
          {
            "Node Type": "Aggregate",
            "Strategy": "Plain",
            "Partial Mode": "Partial",
            "Parent Relationship": "Outer",
            "Parallel Aware": false,
            "Startup Cost": 51296.07,
            "Total Cost": 51296.08,
            "Plan Rows": 1,
            "Plan Width": 8,
            "Actual Startup Time": 138.847,
            "Actual Total Time": 138.853,
            "Actual Rows": 1,
            "Actual Loops": 2,
            "Plans": [
              {
                "Node Type": "Hash Join",
                "Parent Relationship": "Outer",
                "Parallel Aware": true,
                "Join Type": "Inner",
                "Startup Cost": 32186.44,
                "Total Cost": 51292.32,
                "Plan Rows": 1501,
                "Plan Width": 0,
                "Actual Startup Time": 40.906,
                "Actual Total Time": 138.518,
                "Actual Rows": 6449,
                "Actual Loops": 2,
                "Inner Unique": false,
                "Hash Cond": "(mi_idx.movie_id = t.id)",
                "Plans": [
                  {
                    "Node Type": "Seq Scan",
                    "Parent Relationship": "Outer",
                    "Parallel Aware": true,
                    "Relation Name": "movie_info_idx",
                    "Alias": "mi_idx",
                    "Startup Cost": 0.0,
                    "Total Cost": 16052.85,
                    "Plan Rows": 811785,
                    "Plan Width": 4,
                    "Actual Startup Time": 0.017,
                    "Actual Total Time": 50.838,
                    "Actual Rows": 690018,
                    "Actual Loops": 2
                  },
                  {
                    "Node Type": "Hash",
                    "Parent Relationship": "Inner",
                    "Parallel Aware": true,
                    "Startup Cost": 32152.07,
                    "Total Cost": 32152.07,
                    "Plan Rows": 2750,
                    "Plan Width": 8,
                    "Actual Startup Time": 39.341,
                    "Actual Total Time": 39.344,
                    "Actual Rows": 2529,
                    "Actual Loops": 2,
                    "Hash Buckets": 8192,
                    "Original Hash Buckets": 8192,
                    "Hash Batches": 1,
                    "Original Hash Batches": 1,
                    "Peak Memory Usage": 288,
                    "Plans": [
                      {
                        "Node Type": "Nested Loop",
                        "Parent Relationship": "Outer",
                        "Parallel Aware": false,
                        "Join Type": "Inner",
                        "Startup Cost": 101.09,
                        "Total Cost": 32152.07,
                        "Plan Rows": 2750,
                        "Plan Width": 8,
                        "Actual Startup Time": 3.008,
                        "Actual Total Time": 38.063,
                        "Actual Rows": 2529,
                        "Actual Loops": 2,
                        "Inner Unique": true,
                        "Plans": [
                          {
                            "Node Type": "Bitmap Heap Scan",
                            "Parent Relationship": "Outer",
                            "Parallel Aware": true,
                            "Relation Name": "movie_keyword",
                            "Alias": "mk",
                            "Startup Cost": 100.66,
                            "Total Cost": 11857.91,
                            "Plan Rows": 2750,
                            "Plan Width": 4,
                            "Actual Startup Time": 2.837,
                            "Actual Total Time": 13.861,
                            "Actual Rows": 2529,
                            "Actual Loops": 2,
                            "Recheck Cond": "(keyword_id = 1633)",
                            "Rows Removed by Index Recheck": 0,
                            "Exact Heap Blocks": 3779,
                            "Lossy Heap Blocks": 0,
                            "Plans": [
                              {
                                "Node Type": "Bitmap Index Scan",
                                "Parent Relationship": "Outer",
                                "Parallel Aware": false,
                                "Index Name": "keyword_id_movie_keyword",
                                "Startup Cost": 0.0,
                                "Total Cost": 99.5,
                                "Plan Rows": 4675,
                                "Plan Width": 0,
                                "Actual Startup Time": 3.095,
                                "Actual Total Time": 3.096,
                                "Actual Rows": 5058,
                                "Actual Loops": 1,
                                "Index Cond": "(keyword_id = 1633)"
                              }
                            ]
                          },
                          {
                            "Node Type": "Index Only Scan",
                            "Parent Relationship": "Inner",
                            "Parallel Aware": false,
                            "Scan Direction": "Forward",
                            "Index Name": "title_pkey",
                            "Relation Name": "title",
                            "Alias": "t",
                            "Startup Cost": 0.43,
                            "Total Cost": 7.38,
                            "Plan Rows": 1,
                            "Plan Width": 4,
                            "Actual Startup Time": 0.009,
                            "Actual Total Time": 0.009,
                            "Actual Rows": 1,
                            "Actual Loops": 5058,
                            "Index Cond": "(id = mk.movie_id)",
                            "Rows Removed by Index Recheck": 0,
                            "Heap Fetches": 5058
                          }
                        ]
                      }
                    ]
                  }
                ]
              }
            ]
          }
        ]
      }
    ]
  },
  "Planning Time": 1.077,
  "Triggers": [],
  "Execution Time": 154.238
}