{
  "Plan": {
    "Node Type": "Aggregate",
    "Strategy": "Plain",
    "Partial Mode": "Finalize",
    "Parallel Aware": false,
    "Startup Cost": 29553.5,
    "Total Cost": 29553.51,
    "Plan Rows": 1,
    "Plan Width": 8,
    "Actual Startup Time": 16.588,
    "Actual Total Time": 19.363,
    "Actual Rows": 1,
    "Actual Loops": 1,
    "Plans": [
      {
        "Node Type": "Gather",
        "Parent Relationship": "Outer",
        "Parallel Aware": false,
        "Startup Cost": 29553.38,
        "Total Cost": 29553.49,
        "Plan Rows": 1,
        "Plan Width": 8,
        "Actual Startup Time": 16.114,
        "Actual Total Time": 19.352,
        "Actual Rows": 2,
        "Actual Loops": 1,
        "Workers Planned": 1,
        "Workers Launched": 1,
        "Single Copy": false,
        "Plans": [
          {
            "Node Type": "Aggregate",
            "Strategy": "Plain",
            "Partial Mode": "Partial",
            "Parent Relationship": "Outer",
            "Parallel Aware": false,
            "Startup Cost": 28553.38,
            "Total Cost": 28553.39,
            "Plan Rows": 1,
            "Plan Width": 8,
            "Actual Startup Time": 10.12,
            "Actual Total Time": 10.123,
            "Actual Rows": 1,
            "Actual Loops": 2,
            "Plans": [
              {
                "Node Type": "Nested Loop",
                "Parent Relationship": "Outer",
                "Parallel Aware": false,
                "Join Type": "Inner",
                "Startup Cost": 143.27,
                "Total Cost": 28548.45,
                "Plan Rows": 1974,
                "Plan Width": 0,
                "Actual Startup Time": 6.499,
                "Actual Total Time": 10.066,
                "Actual Rows": 239,
                "Actual Loops": 2,
                "Inner Unique": true,
                "Plans": [
                  {
                    "Node Type": "Bitmap Heap Scan",
                    "Parent Relationship": "Outer",
                    "Parallel Aware": true,
                    "Relation Name": "movie_companies",
                    "Alias": "mc",
                    "Startup Cost": 142.84,
                    "Total Cost": 13463.58,
                    "Plan Rows": 1974,
                    "Plan Width": 4,
                    "Actual Startup Time": 6.371,
                    "Actual Total Time": 7.045,
                    "Actual Rows": 239,
                    "Actual Loops": 2,
                    "Recheck Cond": "(company_id = 93)",
                    "Rows Removed by Index Recheck": 0,
                    "Filter": "(company_type_id > 1)",
                    "Rows Removed by Filter": 2794,
                    "Exact Heap Blocks": 2120,
                    "Lossy Heap Blocks": 0,
                    "Plans": [
                      {
                        "Node Type": "Bitmap Index Scan",
                        "Parent Relationship": "Outer",
                        "Parallel Aware": false,
                        "Index Name": "company_id_movie_companies",
                        "Startup Cost": 0.0,
                        "Total Cost": 142.0,
                        "Plan Rows": 6610,
                        "Plan Width": 0,
                        "Actual Startup Time": 3.189,
                        "Actual Total Time": 3.19,
                        "Actual Rows": 6067,
                        "Actual Loops": 1,
                        "Index Cond": "(company_id = 93)"
                      }
                    ]
                  },
                  {
                    "Node Type": "Index Only Scan",
                    "Parent Relationship": "Inner",
                    "Parallel Aware": false,
                    "Scan Direction": "Forward",
                    "Index Name": "title_pkey",
                    "Relation Name": "title",
                    "Alias": "t",
                    "Startup Cost": 0.43,
                    "Total Cost": 7.64,
                    "Plan Rows": 1,
                    "Plan Width": 4,
                    "Actual Startup Time": 0.012,
                    "Actual Total Time": 0.012,
                    "Actual Rows": 1,
                    "Actual Loops": 478,
                    "Index Cond": "(id = mc.movie_id)",
                    "Rows Removed by Index Recheck": 0,
                    "Heap Fetches": 478
                  }
                ]
              }
            ]
          }
        ]
      }
    ]
  },
  "Planning Time": 0.455,
  "Triggers": [],
  "Execution Time": 19.452
}