[
  {
    "Plan": {
      "Node Type": "Aggregate",
      "Strategy": "Plain",
      "Partial Mode": "Simple",
      "Parallel Aware": false,
      "Startup Cost": 27858.89,
      "Total Cost": 27858.9,
      "Plan Rows": 1,
      "Plan Width": 8,
      "Actual Startup Time": 43.463,
      "Actual Total Time": 43.464,
      "Actual Rows": 1,
      "Actual Loops": 1,
      "Plans": [
        {
          "Node Type": "Bitmap Heap Scan",
          "Parent Relationship": "Outer",
          "Parallel Aware": false,
          "Relation Name": "movie_keyword",
          "Alias": "mk",
          "Startup Cost": 1996.23,
          "Total Cost": 27624.11,
          "Plan Rows": 93910,
          "Plan Width": 0,
          "Actual Startup Time": 8.605,
          "Actual Total Time": 39.722,
          "Actual Rows": 92680,
          "Actual Loops": 1,
          "Recheck Cond": "(keyword_id > 84274)",
          "Rows Removed by Index Recheck": 0,
          "Exact Heap Blocks": 16819,
          "Lossy Heap Blocks": 0,
          "Plans": [
            {
              "Node Type": "Bitmap Index Scan",
              "Parent Relationship": "Outer",
              "Parallel Aware": false,
              "Index Name": "keyword_id_movie_keyword",
              "Startup Cost": 0.0,
              "Total Cost": 1972.76,
              "Plan Rows": 93910,
              "Plan Width": 0,
              "Actual Startup Time": 6.199,
              "Actual Total Time": 6.199,
              "Actual Rows": 92680,
              "Actual Loops": 1,
              "Index Cond": "(keyword_id > 84274)"
            }
          ]
        }
      ]
    },
    "Planning Time": 0.073,
    "Triggers": [],
    "Execution Time": 43.488
  }
]