{
  "Plan": {
    "Node Type": "Aggregate",
    "Strategy": "Plain",
    "Partial Mode": "Finalize",
    "Parallel Aware": false,
    "Startup Cost": 102225.49,
    "Total Cost": 102225.5,
    "Plan Rows": 1,
    "Plan Width": 8,
    "Actual Startup Time": 422.343,
    "Actual Total Time": 438.105,
    "Actual Rows": 1,
    "Actual Loops": 1,
    "Plans": [
      {
        "Node Type": "Gather",
        "Parent Relationship": "Outer",
        "Parallel Aware": false,
        "Startup Cost": 102225.38,
        "Total Cost": 102225.49,
        "Plan Rows": 1,
        "Plan Width": 8,
        "Actual Startup Time": 421.816,
        "Actual Total Time": 438.097,
        "Actual Rows": 2,
        "Actual Loops": 1,
        "Workers Planned": 1,
        "Workers Launched": 1,
        "Single Copy": false,
        "Plans": [
          {
            "Node Type": "Aggregate",
            "Strategy": "Plain",
            "Partial Mode": "Partial",
            "Parent Relationship": "Outer",
            "Parallel Aware": false,
            "Startup Cost": 101225.38,
            "Total Cost": 101225.39,
            "Plan Rows": 1,
            "Plan Width": 8,
            "Actual Startup Time": 418.47,
            "Actual Total Time": 418.473,
            "Actual Rows": 1,
            "Actual Loops": 2,
            "Plans": [
              {
                "Node Type": "Hash Join",
                "Parent Relationship": "Outer",
                "Parallel Aware": true,
                "Join Type": "Inner",
                "Startup Cost": 59553.16,
                "Total Cost": 101003.41,
                "Plan Rows": 88788,
                "Plan Width": 0,
                "Actual Startup Time": 172.367,
                "Actual Total Time": 416.709,
                "Actual Rows": 36859,
                "Actual Loops": 2,
                "Inner Unique": true,
                "Hash Cond": "(mc.movie_id = t.id)",
                "Plans": [
                  {
                    "Node Type": "Seq Scan",
                    "Parent Relationship": "Outer",
                    "Parallel Aware": true,
                    "Relation Name": "movie_companies",
                    "Alias": "mc",
                    "Startup Cost": 0.0,
                    "Total Cost": 37974.77,
                    "Plan Rows": 1323988,
                    "Plan Width": 4,
                    "Actual Startup Time": 0.063,
                    "Actual Total Time": 125.715,
                    "Actual Rows": 1127098,
                    "Actual Loops": 2,
                    "Filter": "(company_id > 171)",
                    "Rows Removed by Filter": 177466
                  },
                  {
                    "Node Type": "Hash",
                    "Parent Relationship": "Inner",
                    "Parallel Aware": true,
                    "Startup Cost": 58306.47,
                    "Total Cost": 58306.47,
                    "Plan Rows": 99735,
                    "Plan Width": 4,
                    "Actual Startup Time": 169.495,
                    "Actual Total Time": 169.496,
                    "Actual Rows": 85034,
                    "Actual Loops": 2,
                    "Hash Buckets": 262144,
                    "Original Hash Buckets": 262144,
                    "Hash Batches": 1,
                    "Original Hash Batches": 1,
                    "Peak Memory Usage": 8736,
                    "Plans": [
                      {
                        "Node Type": "Seq Scan",
                        "Parent Relationship": "Outer",
                        "Parallel Aware": true,
                        "Relation Name": "title",
                        "Alias": "t",
                        "Startup Cost": 0.0,
                        "Total Cost": 58306.47,
                        "Plan Rows": 99735,
                        "Plan Width": 4,
                        "Actual Startup Time": 0.029,
                        "Actual Total Time": 147.142,
                        "Actual Rows": 85034,
                        "Actual Loops": 2,
                        "Filter": "((kind_id > 1) AND (production_year > 2011))",
                        "Rows Removed by Filter": 1179122
                      }
                    ]
                  }
                ]
              }
            ]
          }
        ]
      }
    ]
  },
  "Planning Time": 0.277,
  "Triggers": [],
  "Execution Time": 438.151
}