[
  {
    "Plan": {
      "Node Type": "Aggregate",
      "Strategy": "Plain",
      "Partial Mode": "Finalize",
      "Parallel Aware": false,
      "Startup Cost": 30800.52,
      "Total Cost": 30800.53,
      "Plan Rows": 1,
      "Plan Width": 8,
      "Actual Startup Time": 82.454,
      "Actual Total Time": 88.41,
      "Actual Rows": 1,
      "Actual Loops": 1,
      "Plans": [
        {
          "Node Type": "Gather",
          "Parent Relationship": "Outer",
          "Parallel Aware": false,
          "Startup Cost": 30800.21,
          "Total Cost": 30800.52,
          "Plan Rows": 3,
          "Plan Width": 8,
          "Actual Startup Time": 82.327,
          "Actual Total Time": 88.398,
          "Actual Rows": 4,
          "Actual Loops": 1,
          "Workers Planned": 3,
          "Workers Launched": 3,
          "Single Copy": false,
          "Plans": [
            {
              "Node Type": "Aggregate",
              "Strategy": "Plain",
              "Partial Mode": "Partial",
              "Parent Relationship": "Outer",
              "Parallel Aware": false,
              "Startup Cost": 29800.21,
              "Total Cost": 29800.22,
              "Plan Rows": 1,
              "Plan Width": 8,
              "Actual Startup Time": 75.703,
              "Actual Total Time": 75.704,
              "Actual Rows": 1,
              "Actual Loops": 4,
              "Plans": [
                {
                  "Node Type": "Seq Scan",
                  "Parent Relationship": "Outer",
                  "Parallel Aware": true,
                  "Relation Name": "movie_companies",
                  "Alias": "mc",
                  "Startup Cost": 0.0,
                  "Total Cost": 29310.68,
                  "Plan Rows": 195810,
                  "Plan Width": 0,
                  "Actual Startup Time": 0.036,
                  "Actual Total Time": 67.424,
                  "Actual Rows": 150040,
                  "Actual Loops": 4,
                  "Filter": "(company_id < 688)",
                  "Rows Removed by Filter": 502242
                }
              ]
            }
          ]
        }
      ]
    },
    "Planning Time": 0.2,
    "Triggers": [],
    "Execution Time": 88.467
  }
]