[
  {
    "Plan": {
      "Node Type": "Aggregate",
      "Strategy": "Plain",
      "Partial Mode": "Finalize",
      "Parallel Aware": false,
      "Startup Cost": 30800.88,
      "Total Cost": 30800.89,
      "Plan Rows": 1,
      "Plan Width": 8,
      "Actual Startup Time": 102.236,
      "Actual Total Time": 110.826,
      "Actual Rows": 1,
      "Actual Loops": 1,
      "Plans": [
        {
          "Node Type": "Gather",
          "Parent Relationship": "Outer",
          "Parallel Aware": false,
          "Startup Cost": 30800.56,
          "Total Cost": 30800.87,
          "Plan Rows": 3,
          "Plan Width": 8,
          "Actual Startup Time": 102.093,
          "Actual Total Time": 110.817,
          "Actual Rows": 4,
          "Actual Loops": 1,
          "Workers Planned": 3,
          "Workers Launched": 3,
          "Single Copy": false,
          "Plans": [
            {
              "Node Type": "Aggregate",
              "Strategy": "Plain",
              "Partial Mode": "Partial",
              "Parent Relationship": "Outer",
              "Parallel Aware": false,
              "Startup Cost": 29800.56,
              "Total Cost": 29800.57,
              "Plan Rows": 1,
              "Plan Width": 8,
              "Actual Startup Time": 93.439,
              "Actual Total Time": 93.44,
              "Actual Rows": 1,
              "Actual Loops": 4,
              "Plans": [
                {
                  "Node Type": "Seq Scan",
                  "Parent Relationship": "Outer",
                  "Parallel Aware": true,
                  "Relation Name": "movie_companies",
                  "Alias": "mc",
                  "Startup Cost": 0.0,
                  "Total Cost": 29310.68,
                  "Plan Rows": 195953,
                  "Plan Width": 0,
                  "Actual Startup Time": 0.05,
                  "Actual Total Time": 81.983,
                  "Actual Rows": 150040,
                  "Actual Loops": 4,
                  "Filter": "(company_id < 688)",
                  "Rows Removed by Filter": 502242
                }
              ]
            }
          ]
        }
      ]
    },
    "Planning Time": 0.168,
    "Triggers": [],
    "Execution Time": 110.878
  }
]