[
    {
        "Bao": {
            "Bao prediction": "NaN",
            "Bao recommended hint": "(no hint)"
        }
    },
    {
        "Plan": {
            "Node Type": "Aggregate",
            "Strategy": "Plain",
            "Partial Mode": "Finalize",
            "Parallel Aware": false,
            "Startup Cost": 225152.97,
            "Total Cost": 225152.98,
            "Plan Rows": 1,
            "Plan Width": 8,
            "Actual Startup Time": 343.808,
            "Actual Total Time": 363.511,
            "Actual Rows": 1,
            "Actual Loops": 1,
            "Output": [
                "count(*)"
            ],
            "Plans": [
                {
                    "Node Type": "Gather",
                    "Parent Relationship": "Outer",
                    "Parallel Aware": false,
                    "Startup Cost": 225152.45,
                    "Total Cost": 225152.96,
                    "Plan Rows": 5,
                    "Plan Width": 8,
                    "Actual Startup Time": 342.261,
                    "Actual Total Time": 363.498,
                    "Actual Rows": 6,
                    "Actual Loops": 1,
                    "Output": [
                        "(PARTIAL count(*))"
                    ],
                    "Workers Planned": 5,
                    "Workers Launched": 5,
                    "Single Copy": false,
                    "Plans": [
                        {
                            "Node Type": "Aggregate",
                            "Strategy": "Plain",
                            "Partial Mode": "Partial",
                            "Parent Relationship": "Outer",
                            "Parallel Aware": false,
                            "Startup Cost": 224152.45,
                            "Total Cost": 224152.46,
                            "Plan Rows": 1,
                            "Plan Width": 8,
                            "Actual Startup Time": 330.992,
                            "Actual Total Time": 330.995,
                            "Actual Rows": 1,
                            "Actual Loops": 6,
                            "Output": [
                                "PARTIAL count(*)"
                            ],
                            "Workers": [
                                {
                                    "Worker Number": 0,
                                    "Actual Startup Time": 328.232,
                                    "Actual Total Time": 328.236,
                                    "Actual Rows": 1,
                                    "Actual Loops": 1
                                },
                                {
                                    "Worker Number": 1,
                                    "Actual Startup Time": 328.161,
                                    "Actual Total Time": 328.165,
                                    "Actual Rows": 1,
                                    "Actual Loops": 1
                                },
                                {
                                    "Worker Number": 2,
                                    "Actual Startup Time": 328.181,
                                    "Actual Total Time": 328.185,
                                    "Actual Rows": 1,
                                    "Actual Loops": 1
                                },
                                {
                                    "Worker Number": 3,
                                    "Actual Startup Time": 329.246,
                                    "Actual Total Time": 329.25,
                                    "Actual Rows": 1,
                                    "Actual Loops": 1
                                },
                                {
                                    "Worker Number": 4,
                                    "Actual Startup Time": 330.559,
                                    "Actual Total Time": 330.563,
                                    "Actual Rows": 1,
                                    "Actual Loops": 1
                                }
                            ],
                            "Plans": [
                                {
                                    "Node Type": "Nested Loop",
                                    "Parent Relationship": "Outer",
                                    "Parallel Aware": false,
                                    "Join Type": "Inner",
                                    "Startup Cost": 50787.84,
                                    "Total Cost": 224144.01,
                                    "Plan Rows": 3377,
                                    "Plan Width": 0,
                                    "Actual Startup Time": 121.077,
                                    "Actual Total Time": 323.727,
                                    "Actual Rows": 123476,
                                    "Actual Loops": 6,
                                    "Inner Unique": false,
                                    "Join Filter": "(t.id = ci.movie_id)",
                                    "Rows Removed by Join Filter": 0,
                                    "Workers": [
                                        {
                                            "Worker Number": 0,
                                            "Actual Startup Time": 119.521,
                                            "Actual Total Time": 321.027,
                                            "Actual Rows": 95409,
                                            "Actual Loops": 1
                                        },
                                        {
                                            "Worker Number": 1,
                                            "Actual Startup Time": 117.35,
                                            "Actual Total Time": 321.556,
                                            "Actual Rows": 136000,
                                            "Actual Loops": 1
                                        },
                                        {
                                            "Worker Number": 2,
                                            "Actual Startup Time": 119.524,
                                            "Actual Total Time": 321.274,
                                            "Actual Rows": 145923,
                                            "Actual Loops": 1
                                        },
                                        {
                                            "Worker Number": 3,
                                            "Actual Startup Time": 120.438,
                                            "Actual Total Time": 322.716,
                                            "Actual Rows": 139111,
                                            "Actual Loops": 1
                                        },
                                        {
                                            "Worker Number": 4,
                                            "Actual Startup Time": 118.418,
                                            "Actual Total Time": 322.928,
                                            "Actual Rows": 101681,
                                            "Actual Loops": 1
                                        }
                                    ],
                                    "Plans": [
                                        {
                                            "Node Type": "Hash Join",
                                            "Parent Relationship": "Outer",
                                            "Parallel Aware": true,
                                            "Join Type": "Inner",
                                            "Startup Cost": 50787.28,
                                            "Total Cost": 217996.64,
                                            "Plan Rows": 903,
                                            "Plan Width": 8,
                                            "Actual Startup Time": 120.197,
                                            "Actual Total Time": 126.69,
                                            "Actual Rows": 2506,
                                            "Actual Loops": 6,
                                            "Output": [
                                                "t.id",
                                                "mi.movie_id"
                                            ],
                                            "Inner Unique": true,
                                            "Hash Cond": "(mi.movie_id = t.id)",
                                            "Workers": [
                                                {
                                                    "Worker Number": 0,
                                                    "Actual Startup Time": 118.127,
                                                    "Actual Total Time": 125.634,
                                                    "Actual Rows": 1923,
                                                    "Actual Loops": 1
                                                },
                                                {
                                                    "Worker Number": 1,
                                                    "Actual Startup Time": 116.834,
                                                    "Actual Total Time": 122.627,
                                                    "Actual Rows": 2737,
                                                    "Actual Loops": 1
                                                },
                                                {
                                                    "Worker Number": 2,
                                                    "Actual Startup Time": 118.135,
                                                    "Actual Total Time": 122.921,
                                                    "Actual Rows": 2511,
                                                    "Actual Loops": 1
                                                },
                                                {
                                                    "Worker Number": 3,
                                                    "Actual Startup Time": 119.193,
                                                    "Actual Total Time": 125.941,
                                                    "Actual Rows": 3013,
                                                    "Actual Loops": 1
                                                },
                                                {
                                                    "Worker Number": 4,
                                                    "Actual Startup Time": 117.903,
                                                    "Actual Total Time": 122.444,
                                                    "Actual Rows": 1937,
                                                    "Actual Loops": 1
                                                }
                                            ],
                                            "Plans": [
                                                {
                                                    "Node Type": "Bitmap Heap Scan",
                                                    "Parent Relationship": "Outer",
                                                    "Parallel Aware": true,
                                                    "Relation Name": "movie_info",
                                                    "Schema": "public",
                                                    "Alias": "mi",
                                                    "Startup Cost": 5183.22,
                                                    "Total Cost": 172242.55,
                                                    "Plan Rows": 57156,
                                                    "Plan Width": 4,
                                                    "Actual Startup Time": 15.486,
                                                    "Actual Total Time": 28.851,
                                                    "Actual Rows": 51131,
                                                    "Actual Loops": 6,
                                                    "Output": [
                                                        "mi.id",
                                                        "mi.movie_id",
                                                        "mi.info_type_id",
                                                        "mi.info",
                                                        "mi.note"
                                                    ],
                                                    "Recheck Cond": "(mi.info_type_id > 105)",
                                                    "Rows Removed by Index Recheck": 0,
                                                    "Exact Heap Blocks": 1133,
                                                    "Lossy Heap Blocks": 0,
                                                    "Workers": [
                                                        {
                                                            "Worker Number": 0,
                                                            "Actual Startup Time": 15.736,
                                                            "Actual Total Time": 29.911,
                                                            "Actual Rows": 49493,
                                                            "Actual Loops": 1
                                                        },
                                                        {
                                                            "Worker Number": 1,
                                                            "Actual Startup Time": 15.446,
                                                            "Actual Total Time": 28.24,
                                                            "Actual Rows": 48731,
                                                            "Actual Loops": 1
                                                        },
                                                        {
                                                            "Worker Number": 2,
                                                            "Actual Startup Time": 15.451,
                                                            "Actual Total Time": 28.06,
                                                            "Actual Rows": 50842,
                                                            "Actual Loops": 1
                                                        },
                                                        {
                                                            "Worker Number": 3,
                                                            "Actual Startup Time": 15.402,
                                                            "Actual Total Time": 29.749,
                                                            "Actual Rows": 56533,
                                                            "Actual Loops": 1
                                                        },
                                                        {
                                                            "Worker Number": 4,
                                                            "Actual Startup Time": 15.622,
                                                            "Actual Total Time": 27.123,
                                                            "Actual Rows": 36102,
                                                            "Actual Loops": 1
                                                        }
                                                    ],
                                                    "Plans": [
                                                        {
                                                            "Node Type": "Bitmap Index Scan",
                                                            "Parent Relationship": "Outer",
                                                            "Parallel Aware": false,
                                                            "Index Name": "info_type_id_movie_info",
                                                            "Startup Cost": 0.0,
                                                            "Total Cost": 5111.78,
                                                            "Plan Rows": 285779,
                                                            "Plan Width": 0,
                                                            "Actual Startup Time": 14.195,
                                                            "Actual Total Time": 14.196,
                                                            "Actual Rows": 306788,
                                                            "Actual Loops": 1,
                                                            "Index Cond": "(mi.info_type_id > 105)"
                                                        }
                                                    ]
                                                },
                                                {
                                                    "Node Type": "Hash",
                                                    "Parent Relationship": "Inner",
                                                    "Parallel Aware": true,
                                                    "Startup Cost": 45479.21,
                                                    "Total Cost": 45479.21,
                                                    "Plan Rows": 9988,
                                                    "Plan Width": 4,
                                                    "Actual Startup Time": 91.062,
                                                    "Actual Total Time": 91.063,
                                                    "Actual Rows": 5370,
                                                    "Actual Loops": 6,
                                                    "Output": [
                                                        "t.id"
                                                    ],
                                                    "Hash Buckets": 65536,
                                                    "Original Hash Buckets": 65536,
                                                    "Hash Batches": 1,
                                                    "Original Hash Batches": 1,
                                                    "Peak Memory Usage": 1824,
                                                    "Workers": [
                                                        {
                                                            "Worker Number": 0,
                                                            "Actual Startup Time": 88.559,
                                                            "Actual Total Time": 88.56,
                                                            "Actual Rows": 4039,
                                                            "Actual Loops": 1
                                                        },
                                                        {
                                                            "Worker Number": 1,
                                                            "Actual Startup Time": 88.562,
                                                            "Actual Total Time": 88.563,
                                                            "Actual Rows": 5701,
                                                            "Actual Loops": 1
                                                        },
                                                        {
                                                            "Worker Number": 2,
                                                            "Actual Startup Time": 88.587,
                                                            "Actual Total Time": 88.588,
                                                            "Actual Rows": 5739,
                                                            "Actual Loops": 1
                                                        },
                                                        {
                                                            "Worker Number": 3,
                                                            "Actual Startup Time": 89.671,
                                                            "Actual Total Time": 89.672,
                                                            "Actual Rows": 5605,
                                                            "Actual Loops": 1
                                                        },
                                                        {
                                                            "Worker Number": 4,
                                                            "Actual Startup Time": 89.625,
                                                            "Actual Total Time": 89.626,
                                                            "Actual Rows": 3941,
                                                            "Actual Loops": 1
                                                        }
                                                    ],
                                                    "Plans": [
                                                        {
                                                            "Node Type": "Seq Scan",
                                                            "Parent Relationship": "Outer",
                                                            "Parallel Aware": true,
                                                            "Relation Name": "title",
                                                            "Schema": "public",
                                                            "Alias": "t",
                                                            "Startup Cost": 0.0,
                                                            "Total Cost": 45479.21,
                                                            "Plan Rows": 9988,
                                                            "Plan Width": 4,
                                                            "Actual Startup Time": 0.221,
                                                            "Actual Total Time": 88.001,
                                                            "Actual Rows": 5370,
                                                            "Actual Loops": 6,
                                                            "Output": [
                                                                "t.id"
                                                            ],
                                                            "Filter": "((t.kind_id < 3) AND (t.production_year = 2009))",
                                                            "Rows Removed by Filter": 416016,
                                                            "Workers": [
                                                                {
                                                                    "Worker Number": 0,
                                                                    "Actual Startup Time": 0.12,
                                                                    "Actual Total Time": 85.719,
                                                                    "Actual Rows": 4039,
                                                                    "Actual Loops": 1
                                                                },
                                                                {
                                                                    "Worker Number": 1,
                                                                    "Actual Startup Time": 0.056,
                                                                    "Actual Total Time": 85.612,
                                                                    "Actual Rows": 5701,
                                                                    "Actual Loops": 1
                                                                },
                                                                {
                                                                    "Worker Number": 2,
                                                                    "Actual Startup Time": 0.069,
                                                                    "Actual Total Time": 85.674,
                                                                    "Actual Rows": 5739,
                                                                    "Actual Loops": 1
                                                                },
                                                                {
                                                                    "Worker Number": 3,
                                                                    "Actual Startup Time": 0.306,
                                                                    "Actual Total Time": 86.608,
                                                                    "Actual Rows": 5605,
                                                                    "Actual Loops": 1
                                                                },
                                                                {
                                                                    "Worker Number": 4,
                                                                    "Actual Startup Time": 0.679,
                                                                    "Actual Total Time": 86.724,
                                                                    "Actual Rows": 3941,
                                                                    "Actual Loops": 1
                                                                }
                                                            ]
                                                        }
                                                    ]
                                                }
                                            ]
                                        },
                                        {
                                            "Node Type": "Index Scan",
                                            "Parent Relationship": "Inner",
                                            "Parallel Aware": false,
                                            "Scan Direction": "Forward",
                                            "Index Name": "movie_id_cast_info",
                                            "Relation Name": "cast_info",
                                            "Schema": "public",
                                            "Alias": "ci",
                                            "Startup Cost": 0.56,
                                            "Total Cost": 6.68,
                                            "Plan Rows": 10,
                                            "Plan Width": 4,
                                            "Actual Startup Time": 0.035,
                                            "Actual Total Time": 0.073,
                                            "Actual Rows": 49,
                                            "Actual Loops": 15036,
                                            "Output": [
                                                "ci.id",
                                                "ci.person_id",
                                                "ci.movie_id",
                                                "ci.person_role_id",
                                                "ci.note",
                                                "ci.nr_order",
                                                "ci.role_id"
                                            ],
                                            "Index Cond": "(ci.movie_id = mi.movie_id)",
                                            "Rows Removed by Index Recheck": 0,
                                            "Filter": "(ci.person_id > 2758013)",
                                            "Rows Removed by Filter": 81,
                                            "Workers": [
                                                {
                                                    "Worker Number": 0,
                                                    "Actual Startup Time": 0.045,
                                                    "Actual Total Time": 0.094,
                                                    "Actual Rows": 50,
                                                    "Actual Loops": 1923
                                                },
                                                {
                                                    "Worker Number": 1,
                                                    "Actual Startup Time": 0.033,
                                                    "Actual Total Time": 0.068,
                                                    "Actual Rows": 50,
                                                    "Actual Loops": 2737
                                                },
                                                {
                                                    "Worker Number": 2,
                                                    "Actual Startup Time": 0.033,
                                                    "Actual Total Time": 0.073,
                                                    "Actual Rows": 58,
                                                    "Actual Loops": 2511
                                                },
                                                {
                                                    "Worker Number": 3,
                                                    "Actual Startup Time": 0.03,
                                                    "Actual Total Time": 0.061,
                                                    "Actual Rows": 46,
                                                    "Actual Loops": 3013
                                                },
                                                {
                                                    "Worker Number": 4,
                                                    "Actual Startup Time": 0.045,
                                                    "Actual Total Time": 0.095,
                                                    "Actual Rows": 52,
                                                    "Actual Loops": 1937
                                                }
                                            ]
                                        }
                                    ]
                                }
                            ]
                        }
                    ]
                }
            ]
        },
        "Planning Time": 318.549,
        "Triggers": [],
        "Execution Time": 363.657
    }
]