[
  {
    "Plan": {
      "Node Type": "Aggregate",
      "Strategy": "Plain",
      "Partial Mode": "Finalize",
      "Parallel Aware": false,
      "Startup Cost": 70499.2,
      "Total Cost": 70499.21,
      "Plan Rows": 1,
      "Plan Width": 8,
      "Actual Startup Time": 130.215,
      "Actual Total Time": 150.846,
      "Actual Rows": 1,
      "Actual Loops": 1,
      "Plans": [
        {
          "Node Type": "Gather",
          "Parent Relationship": "Outer",
          "Parallel Aware": false,
          "Startup Cost": 70498.89,
          "Total Cost": 70499.2,
          "Plan Rows": 3,
          "Plan Width": 8,
          "Actual Startup Time": 129.653,
          "Actual Total Time": 150.833,
          "Actual Rows": 4,
          "Actual Loops": 1,
          "Workers Planned": 3,
          "Workers Launched": 3,
          "Single Copy": false,
          "Plans": [
            {
              "Node Type": "Aggregate",
              "Strategy": "Plain",
              "Partial Mode": "Partial",
              "Parent Relationship": "Outer",
              "Parallel Aware": false,
              "Startup Cost": 69498.89,
              "Total Cost": 69498.9,
              "Plan Rows": 1,
              "Plan Width": 8,
              "Actual Startup Time": 119.781,
              "Actual Total Time": 119.784,
              "Actual Rows": 1,
              "Actual Loops": 4,
              "Plans": [
                {
                  "Node Type": "Nested Loop",
                  "Parent Relationship": "Outer",
                  "Parallel Aware": false,
                  "Join Type": "Inner",
                  "Startup Cost": 523.57,
                  "Total Cost": 69488.9,
                  "Plan Rows": 3996,
                  "Plan Width": 0,
                  "Actual Startup Time": 5.468,
                  "Actual Total Time": 118.638,
                  "Actual Rows": 9802,
                  "Actual Loops": 4,
                  "Inner Unique": false,
                  "Plans": [
                    {
                      "Node Type": "Nested Loop",
                      "Parent Relationship": "Outer",
                      "Parallel Aware": false,
                      "Join Type": "Inner",
                      "Startup Cost": 523.14,
                      "Total Cost": 64698.98,
                      "Plan Rows": 7920,
                      "Plan Width": 8,
                      "Actual Startup Time": 5.239,
                      "Actual Total Time": 70.283,
                      "Actual Rows": 5620,
                      "Actual Loops": 4,
                      "Inner Unique": true,
                      "Plans": [
                        {
                          "Node Type": "Bitmap Heap Scan",
                          "Parent Relationship": "Outer",
                          "Parallel Aware": true,
                          "Relation Name": "movie_keyword",
                          "Alias": "mk",
                          "Startup Cost": 522.71,
                          "Total Cost": 25913.49,
                          "Plan Rows": 7920,
                          "Plan Width": 4,
                          "Actual Startup Time": 5.06,
                          "Actual Total Time": 18.16,
                          "Actual Rows": 5620,
                          "Actual Loops": 4,
                          "Recheck Cond": "(keyword_id < 5)",
                          "Rows Removed by Index Recheck": 0,
                          "Exact Heap Blocks": 3580,
                          "Lossy Heap Blocks": 0,
                          "Plans": [
                            {
                              "Node Type": "Bitmap Index Scan",
                              "Parent Relationship": "Outer",
                              "Parallel Aware": false,
                              "Index Name": "keyword_id_movie_keyword",
                              "Startup Cost": 0.0,
                              "Total Cost": 516.57,
                              "Plan Rows": 24552,
                              "Plan Width": 0,
                              "Actual Startup Time": 11.035,
                              "Actual Total Time": 11.038,
                              "Actual Rows": 22479,
                              "Actual Loops": 1,
                              "Index Cond": "(keyword_id < 5)"
                            }
                          ]
                        },
                        {
                          "Node Type": "Index Only Scan",
                          "Parent Relationship": "Inner",
                          "Parallel Aware": false,
                          "Scan Direction": "Forward",
                          "Index Name": "title_pkey",
                          "Relation Name": "title",
                          "Alias": "t",
                          "Startup Cost": 0.43,
                          "Total Cost": 4.9,
                          "Plan Rows": 1,
                          "Plan Width": 4,
                          "Actual Startup Time": 0.009,
                          "Actual Total Time": 0.009,
                          "Actual Rows": 1,
                          "Actual Loops": 22479,
                          "Index Cond": "(id = mk.movie_id)",
                          "Rows Removed by Index Recheck": 0,
                          "Heap Fetches": 22479
                        }
                      ]
                    },
                    {
                      "Node Type": "Index Scan",
                      "Parent Relationship": "Inner",
                      "Parallel Aware": false,
                      "Scan Direction": "Forward",
                      "Index Name": "movie_id_movie_companies",
                      "Relation Name": "movie_companies",
                      "Alias": "mc",
                      "Startup Cost": 0.43,
                      "Total Cost": 0.57,
                      "Plan Rows": 3,
                      "Plan Width": 4,
                      "Actual Startup Time": 0.006,
                      "Actual Total Time": 0.008,
                      "Actual Rows": 2,
                      "Actual Loops": 22479,
                      "Index Cond": "(movie_id = t.id)",
                      "Rows Removed by Index Recheck": 0,
                      "Filter": "(company_type_id = 1)",
                      "Rows Removed by Filter": 1
                    }
                  ]
                }
              ]
            }
          ]
        }
      ]
    },
    "Planning Time": 1.605,
    "Triggers": [],
    "Execution Time": 150.955
  }
]