[
  {
    "Plan": {
      "Node Type": "Aggregate",
      "Strategy": "Plain",
      "Partial Mode": "Finalize",
      "Parallel Aware": false,
      "Startup Cost": 68574.34,
      "Total Cost": 68574.35,
      "Plan Rows": 1,
      "Plan Width": 8,
      "Actual Startup Time": 115.157,
      "Actual Total Time": 131.957,
      "Actual Rows": 1,
      "Actual Loops": 1,
      "Plans": [
        {
          "Node Type": "Gather",
          "Parent Relationship": "Outer",
          "Parallel Aware": false,
          "Startup Cost": 68574.02,
          "Total Cost": 68574.33,
          "Plan Rows": 3,
          "Plan Width": 8,
          "Actual Startup Time": 114.603,
          "Actual Total Time": 131.95,
          "Actual Rows": 4,
          "Actual Loops": 1,
          "Workers Planned": 3,
          "Workers Launched": 3,
          "Single Copy": false,
          "Plans": [
            {
              "Node Type": "Aggregate",
              "Strategy": "Plain",
              "Partial Mode": "Partial",
              "Parent Relationship": "Outer",
              "Parallel Aware": false,
              "Startup Cost": 67574.02,
              "Total Cost": 67574.03,
              "Plan Rows": 1,
              "Plan Width": 8,
              "Actual Startup Time": 105.094,
              "Actual Total Time": 105.096,
              "Actual Rows": 1,
              "Actual Loops": 4,
              "Plans": [
                {
                  "Node Type": "Nested Loop",
                  "Parent Relationship": "Outer",
                  "Parallel Aware": false,
                  "Join Type": "Inner",
                  "Startup Cost": 491.7,
                  "Total Cost": 67564.59,
                  "Plan Rows": 3772,
                  "Plan Width": 0,
                  "Actual Startup Time": 4.968,
                  "Actual Total Time": 104.194,
                  "Actual Rows": 9802,
                  "Actual Loops": 4,
                  "Inner Unique": false,
                  "Plans": [
                    {
                      "Node Type": "Nested Loop",
                      "Parent Relationship": "Outer",
                      "Parallel Aware": false,
                      "Join Type": "Inner",
                      "Startup Cost": 491.27,
                      "Total Cost": 63073.43,
                      "Plan Rows": 7426,
                      "Plan Width": 8,
                      "Actual Startup Time": 4.722,
                      "Actual Total Time": 61.155,
                      "Actual Rows": 5620,
                      "Actual Loops": 4,
                      "Inner Unique": true,
                      "Plans": [
                        {
                          "Node Type": "Bitmap Heap Scan",
                          "Parent Relationship": "Outer",
                          "Parallel Aware": true,
                          "Relation Name": "movie_keyword",
                          "Alias": "mk",
                          "Startup Cost": 490.84,
                          "Total Cost": 25625.53,
                          "Plan Rows": 7426,
                          "Plan Width": 4,
                          "Actual Startup Time": 4.526,
                          "Actual Total Time": 15.828,
                          "Actual Rows": 5620,
                          "Actual Loops": 4,
                          "Recheck Cond": "(keyword_id < 5)",
                          "Rows Removed by Index Recheck": 0,
                          "Exact Heap Blocks": 3521,
                          "Lossy Heap Blocks": 0,
                          "Plans": [
                            {
                              "Node Type": "Bitmap Index Scan",
                              "Parent Relationship": "Outer",
                              "Parallel Aware": false,
                              "Index Name": "keyword_id_movie_keyword",
                              "Startup Cost": 0.0,
                              "Total Cost": 485.08,
                              "Plan Rows": 23020,
                              "Plan Width": 0,
                              "Actual Startup Time": 10.276,
                              "Actual Total Time": 10.276,
                              "Actual Rows": 22479,
                              "Actual Loops": 1,
                              "Index Cond": "(keyword_id < 5)"
                            }
                          ]
                        },
                        {
                          "Node Type": "Index Only Scan",
                          "Parent Relationship": "Inner",
                          "Parallel Aware": false,
                          "Scan Direction": "Forward",
                          "Index Name": "title_pkey",
                          "Relation Name": "title",
                          "Alias": "t",
                          "Startup Cost": 0.43,
                          "Total Cost": 5.04,
                          "Plan Rows": 1,
                          "Plan Width": 4,
                          "Actual Startup Time": 0.007,
                          "Actual Total Time": 0.007,
                          "Actual Rows": 1,
                          "Actual Loops": 22479,
                          "Index Cond": "(id = mk.movie_id)",
                          "Rows Removed by Index Recheck": 0,
                          "Heap Fetches": 22479
                        }
                      ]
                    },
                    {
                      "Node Type": "Index Scan",
                      "Parent Relationship": "Inner",
                      "Parallel Aware": false,
                      "Scan Direction": "Forward",
                      "Index Name": "movie_id_movie_companies",
                      "Relation Name": "movie_companies",
                      "Alias": "mc",
                      "Startup Cost": 0.43,
                      "Total Cost": 0.57,
                      "Plan Rows": 3,
                      "Plan Width": 4,
                      "Actual Startup Time": 0.006,
                      "Actual Total Time": 0.007,
                      "Actual Rows": 2,
                      "Actual Loops": 22479,
                      "Index Cond": "(movie_id = t.id)",
                      "Rows Removed by Index Recheck": 0,
                      "Filter": "(company_type_id = 1)",
                      "Rows Removed by Filter": 1
                    }
                  ]
                }
              ]
            }
          ]
        }
      ]
    },
    "Planning Time": 1.399,
    "Triggers": [],
    "Execution Time": 132.05
  }
]