[
  {
    "Plan": {
      "Node Type": "Aggregate",
      "Strategy": "Plain",
      "Partial Mode": "Finalize",
      "Parallel Aware": false,
      "Startup Cost": 92242.63,
      "Total Cost": 92242.64,
      "Plan Rows": 1,
      "Plan Width": 8,
      "Actual Startup Time": 464.902,
      "Actual Total Time": 481.809,
      "Actual Rows": 1,
      "Actual Loops": 1,
      "Plans": [
        {
          "Node Type": "Gather",
          "Parent Relationship": "Outer",
          "Parallel Aware": false,
          "Startup Cost": 92242.31,
          "Total Cost": 92242.62,
          "Plan Rows": 3,
          "Plan Width": 8,
          "Actual Startup Time": 461.808,
          "Actual Total Time": 481.8,
          "Actual Rows": 4,
          "Actual Loops": 1,
          "Workers Planned": 3,
          "Workers Launched": 3,
          "Single Copy": false,
          "Plans": [
            {
              "Node Type": "Aggregate",
              "Strategy": "Plain",
              "Partial Mode": "Partial",
              "Parent Relationship": "Outer",
              "Parallel Aware": false,
              "Startup Cost": 91242.31,
              "Total Cost": 91242.32,
              "Plan Rows": 1,
              "Plan Width": 8,
              "Actual Startup Time": 454.303,
              "Actual Total Time": 454.306,
              "Actual Rows": 1,
              "Actual Loops": 4,
              "Plans": [
                {
                  "Node Type": "Hash Join",
                  "Parent Relationship": "Outer",
                  "Parallel Aware": true,
                  "Join Type": "Inner",
                  "Startup Cost": 47452.84,
                  "Total Cost": 90330.92,
                  "Plan Rows": 364558,
                  "Plan Width": 0,
                  "Actual Startup Time": 207.855,
                  "Actual Total Time": 422.573,
                  "Actual Rows": 716014,
                  "Actual Loops": 4,
                  "Inner Unique": true,
                  "Hash Cond": "(mk.movie_id = t.id)",
                  "Plans": [
                    {
                      "Node Type": "Seq Scan",
                      "Parent Relationship": "Outer",
                      "Parallel Aware": true,
                      "Relation Name": "movie_keyword",
                      "Alias": "mk",
                      "Startup Cost": 0.0,
                      "Total Cost": 39047.32,
                      "Plan Rows": 1459332,
                      "Plan Width": 4,
                      "Actual Startup Time": 0.025,
                      "Actual Total Time": 93.091,
                      "Actual Rows": 1130982,
                      "Actual Loops": 4
                    },
                    {
                      "Node Type": "Hash",
                      "Parent Relationship": "Inner",
                      "Parallel Aware": true,
                      "Startup Cost": 45479.1,
                      "Total Cost": 45479.1,
                      "Plan Rows": 157899,
                      "Plan Width": 4,
                      "Actual Startup Time": 163.277,
                      "Actual Total Time": 163.278,
                      "Actual Rows": 151148,
                      "Actual Loops": 4,
                      "Hash Buckets": 1048576,
                      "Original Hash Buckets": 1048576,
                      "Hash Batches": 1,
                      "Original Hash Batches": 1,
                      "Peak Memory Usage": 31872,
                      "Plans": [
                        {
                          "Node Type": "Seq Scan",
                          "Parent Relationship": "Outer",
                          "Parallel Aware": true,
                          "Relation Name": "title",
                          "Alias": "t",
                          "Startup Cost": 0.0,
                          "Total Cost": 45479.1,
                          "Plan Rows": 157899,
                          "Plan Width": 4,
                          "Actual Startup Time": 48.275,
                          "Actual Total Time": 107.228,
                          "Actual Rows": 151148,
                          "Actual Loops": 4,
                          "Filter": "((production_year > 1913) AND (kind_id = 1))",
                          "Rows Removed by Filter": 480930
                        }
                      ]
                    }
                  ]
                }
              ]
            }
          ]
        }
      ]
    },
    "Planning Time": 0.588,
    "Triggers": [],
    "Execution Time": 481.884
  }
]