{
  "Plan": {
    "Node Type": "Aggregate",
    "Strategy": "Plain",
    "Partial Mode": "Finalize",
    "Parallel Aware": false,
    "Startup Cost": 416654.37,
    "Total Cost": 416654.38,
    "Plan Rows": 1,
    "Plan Width": 64,
    "Actual Startup Time": 3393.268,
    "Actual Total Time": 3426.109,
    "Actual Rows": 1,
    "Actual Loops": 1,
    "Plans": [
      {
        "Node Type": "Gather",
        "Parent Relationship": "Outer",
        "Parallel Aware": false,
        "Startup Cost": 416654.25,
        "Total Cost": 416654.36,
        "Plan Rows": 1,
        "Plan Width": 64,
        "Actual Startup Time": 3377.912,
        "Actual Total Time": 3426.097,
        "Actual Rows": 2,
        "Actual Loops": 1,
        "Workers Planned": 1,
        "Workers Launched": 1,
        "Single Copy": false,
        "Plans": [
          {
            "Node Type": "Aggregate",
            "Strategy": "Plain",
            "Partial Mode": "Partial",
            "Parent Relationship": "Outer",
            "Parallel Aware": false,
            "Startup Cost": 415654.25,
            "Total Cost": 415654.26,
            "Plan Rows": 1,
            "Plan Width": 64,
            "Actual Startup Time": 3370.249,
            "Actual Total Time": 3370.265,
            "Actual Rows": 1,
            "Actual Loops": 2,
            "Plans": [
              {
                "Node Type": "Hash Join",
                "Parent Relationship": "Outer",
                "Parallel Aware": true,
                "Join Type": "Inner",
                "Startup Cost": 396795.86,
                "Total Cost": 415575.17,
                "Plan Rows": 15816,
                "Plan Width": 33,
                "Actual Startup Time": 3245.801,
                "Actual Total Time": 3364.491,
                "Actual Rows": 76690,
                "Actual Loops": 2,
                "Inner Unique": false,
                "Hash Cond": "(a1.person_id = n1.id)",
                "Plans": [
                  {
                    "Node Type": "Seq Scan",
                    "Parent Relationship": "Outer",
                    "Parallel Aware": true,
                    "Relation Name": "aka_name",
                    "Alias": "a1",
                    "Startup Cost": 0.0,
                    "Total Cost": 16698.02,
                    "Plan Rows": 530202,
                    "Plan Width": 20,
                    "Actual Startup Time": 0.039,
                    "Actual Total Time": 48.927,
                    "Actual Rows": 450672,
                    "Actual Loops": 2
                  },
                  {
                    "Node Type": "Hash",
                    "Parent Relationship": "Inner",
                    "Parallel Aware": true,
                    "Startup Cost": 395881.79,
                    "Total Cost": 395881.79,
                    "Plan Rows": 73125,
                    "Plan Width": 25,
                    "Actual Startup Time": 3242.982,
                    "Actual Total Time": 3242.996,
                    "Actual Rows": 74492,
                    "Actual Loops": 2,
                    "Hash Buckets": 262144,
                    "Original Hash Buckets": 131072,
                    "Hash Batches": 1,
                    "Original Hash Batches": 1,
                    "Peak Memory Usage": 12512,
                    "Plans": [
                      {
                        "Node Type": "Nested Loop",
                        "Parent Relationship": "Outer",
                        "Parallel Aware": false,
                        "Join Type": "Inner",
                        "Startup Cost": 290166.86,
                        "Total Cost": 395881.79,
                        "Plan Rows": 73125,
                        "Plan Width": 25,
                        "Actual Startup Time": 2156.488,
                        "Actual Total Time": 3207.474,
                        "Actual Rows": 74492,
                        "Actual Loops": 2,
                        "Inner Unique": true,
                        "Plans": [
                          {
                            "Node Type": "Hash Join",
                            "Parent Relationship": "Outer",
                            "Parallel Aware": true,
                            "Join Type": "Inner",
                            "Startup Cost": 290166.43,
                            "Total Cost": 362588.16,
                            "Plan Rows": 73125,
                            "Plan Width": 21,
                            "Actual Startup Time": 2156.402,
                            "Actual Total Time": 2934.813,
                            "Actual Rows": 74492,
                            "Actual Loops": 2,
                            "Inner Unique": true,
                            "Hash Cond": "(mc.company_id = cn.id)",
                            "Plans": [
                              {
                                "Node Type": "Hash Join",
                                "Parent Relationship": "Outer",
                                "Parallel Aware": true,
                                "Join Type": "Inner",
                                "Startup Cost": 285374.57,
                                "Total Cost": 352985.17,
                                "Plan Rows": 1832779,
                                "Plan Width": 25,
                                "Actual Startup Time": 2127.582,
                                "Actual Total Time": 2796.28,
                                "Actual Rows": 1222057,
                                "Actual Loops": 2,
                                "Inner Unique": false,
                                "Hash Cond": "(mc.movie_id = ci.movie_id)",
                                "Plans": [
                                  {
                                    "Node Type": "Seq Scan",
                                    "Parent Relationship": "Outer",
                                    "Parallel Aware": true,
                                    "Relation Name": "movie_companies",
                                    "Alias": "mc",
                                    "Startup Cost": 0.0,
                                    "Total Cost": 34137.82,
                                    "Plan Rows": 1534782,
                                    "Plan Width": 8,
                                    "Actual Startup Time": 0.011,
                                    "Actual Total Time": 111.678,
                                    "Actual Rows": 1304564,
                                    "Actual Loops": 2
                                  },
                                  {
                                    "Node Type": "Hash",
                                    "Parent Relationship": "Inner",
                                    "Parallel Aware": true,
                                    "Startup Cost": 263175.46,
                                    "Total Cost": 263175.46,
                                    "Plan Rows": 1775929,
                                    "Plan Width": 29,
                                    "Actual Startup Time": 2112.462,
                                    "Actual Total Time": 2112.469,
                                    "Actual Rows": 851772,
                                    "Actual Loops": 2,
                                    "Hash Buckets": 4194304,
                                    "Original Hash Buckets": 4194304,
                                    "Hash Batches": 1,
                                    "Original Hash Batches": 1,
                                    "Peak Memory Usage": 142432,
                                    "Plans": [
                                      {
                                        "Node Type": "Hash Join",
                                        "Parent Relationship": "Outer",
                                        "Parallel Aware": false,
                                        "Join Type": "Inner",
                                        "Startup Cost": 185251.58,
                                        "Total Cost": 263175.46,
                                        "Plan Rows": 1775929,
                                        "Plan Width": 29,
                                        "Actual Startup Time": 965.182,
                                        "Actual Total Time": 1727.369,
                                        "Actual Rows": 851772,
                                        "Actual Loops": 2,
                                        "Inner Unique": false,
                                        "Hash Cond": "(t.id = ci.movie_id)",
                                        "Plans": [
                                          {
                                            "Node Type": "Seq Scan",
                                            "Parent Relationship": "Outer",
                                            "Parallel Aware": true,
                                            "Relation Name": "title",
                                            "Alias": "t",
                                            "Startup Cost": 0.0,
                                            "Total Cost": 50869.75,
                                            "Plan Rows": 1487175,
                                            "Plan Width": 21,
                                            "Actual Startup Time": 0.026,
                                            "Actual Total Time": 143.023,
                                            "Actual Rows": 1264156,
                                            "Actual Loops": 2
                                          },
                                          {
                                            "Node Type": "Hash",
                                            "Parent Relationship": "Inner",
                                            "Parallel Aware": false,
                                            "Startup Cost": 147513.09,
                                            "Total Cost": 147513.09,
                                            "Plan Rows": 3019079,
                                            "Plan Width": 8,
                                            "Actual Startup Time": 939.3,
                                            "Actual Total Time": 939.303,
                                            "Actual Rows": 1703543,
                                            "Actual Loops": 2,
                                            "Hash Buckets": 4194304,
                                            "Original Hash Buckets": 4194304,
                                            "Hash Batches": 1,
                                            "Original Hash Batches": 1,
                                            "Peak Memory Usage": 99313,
                                            "Plans": [
                                              {
                                                "Node Type": "Nested Loop",
                                                "Parent Relationship": "Outer",
                                                "Parallel Aware": false,
                                                "Join Type": "Inner",
                                                "Startup Cost": 0.56,
                                                "Total Cost": 147513.09,
                                                "Plan Rows": 3019079,
                                                "Plan Width": 8,
                                                "Actual Startup Time": 0.129,
                                                "Actual Total Time": 528.08,
                                                "Actual Rows": 1703543,
                                                "Actual Loops": 2,
                                                "Inner Unique": false,
                                                "Plans": [
                                                  {
                                                    "Node Type": "Seq Scan",
                                                    "Parent Relationship": "Outer",
                                                    "Parallel Aware": false,
                                                    "Relation Name": "role_type",
                                                    "Alias": "rt",
                                                    "Startup Cost": 0.0,
                                                    "Total Cost": 1.15,
                                                    "Plan Rows": 1,
                                                    "Plan Width": 4,
                                                    "Actual Startup Time": 0.029,
                                                    "Actual Total Time": 0.036,
                                                    "Actual Rows": 1,
                                                    "Actual Loops": 2,
                                                    "Filter": "((role)::text = 'director'::text)",
                                                    "Rows Removed by Filter": 11
                                                  },
                                                  {
                                                    "Node Type": "Index Scan",
                                                    "Parent Relationship": "Inner",
                                                    "Parallel Aware": false,
                                                    "Scan Direction": "Forward",
                                                    "Index Name": "role_id_cast_info",
                                                    "Relation Name": "cast_info",
                                                    "Alias": "ci",
                                                    "Startup Cost": 0.56,
                                                    "Total Cost": 114576.53,
                                                    "Plan Rows": 3293541,
                                                    "Plan Width": 12,
                                                    "Actual Startup Time": 0.092,
                                                    "Actual Total Time": 369.11,
                                                    "Actual Rows": 1703543,
                                                    "Actual Loops": 2,
                                                    "Index Cond": "(role_id = rt.id)",
                                                    "Rows Removed by Index Recheck": 0
                                                  }
                                                ]
                                              }
                                            ]
                                          }
                                        ]
                                      }
                                    ]
                                  }
                                ]
                              },
                              {
                                "Node Type": "Hash",
                                "Parent Relationship": "Inner",
                                "Parallel Aware": true,
                                "Startup Cost": 4722.92,
                                "Total Cost": 4722.92,
                                "Plan Rows": 5515,
                                "Plan Width": 4,
                                "Actual Startup Time": 28.538,
                                "Actual Total Time": 28.539,
                                "Actual Rows": 4888,
                                "Actual Loops": 2,
                                "Hash Buckets": 16384,
                                "Original Hash Buckets": 16384,
                                "Hash Batches": 1,
                                "Original Hash Batches": 1,
                                "Peak Memory Usage": 544,
                                "Plans": [
                                  {
                                    "Node Type": "Seq Scan",
                                    "Parent Relationship": "Outer",
                                    "Parallel Aware": true,
                                    "Relation Name": "company_name",
                                    "Alias": "cn",
                                    "Startup Cost": 0.0,
                                    "Total Cost": 4722.92,
                                    "Plan Rows": 5515,
                                    "Plan Width": 4,
                                    "Actual Startup Time": 0.043,
                                    "Actual Total Time": 25.899,
                                    "Actual Rows": 4888,
                                    "Actual Loops": 2,
                                    "Filter": "((country_code)::text = '[de]'::text)",
                                    "Rows Removed by Filter": 112611
                                  }
                                ]
                              }
                            ]
                          },
                          {
                            "Node Type": "Index Only Scan",
                            "Parent Relationship": "Inner",
                            "Parallel Aware": false,
                            "Scan Direction": "Forward",
                            "Index Name": "name_pkey",
                            "Relation Name": "name",
                            "Alias": "n1",
                            "Startup Cost": 0.43,
                            "Total Cost": 0.46,
                            "Plan Rows": 1,
                            "Plan Width": 4,
                            "Actual Startup Time": 0.003,
                            "Actual Total Time": 0.003,
                            "Actual Rows": 1,
                            "Actual Loops": 148983,
                            "Index Cond": "(id = ci.person_id)",
                            "Rows Removed by Index Recheck": 0,
                            "Heap Fetches": 148983
                          }
                        ]
                      }
                    ]
                  }
                ]
              }
            ]
          }
        ]
      }
    ]
  },
  "Planning Time": 1.777,
  "Triggers": [],
  "Execution Time": 3427.085
}