{
  "Plan": {
    "Node Type": "Aggregate",
    "Strategy": "Plain",
    "Partial Mode": "Finalize",
    "Parallel Aware": false,
    "Startup Cost": 117615.13,
    "Total Cost": 117615.14,
    "Plan Rows": 1,
    "Plan Width": 8,
    "Actual Startup Time": 403.886,
    "Actual Total Time": 417.619,
    "Actual Rows": 1,
    "Actual Loops": 1,
    "Plans": [
      {
        "Node Type": "Gather",
        "Parent Relationship": "Outer",
        "Parallel Aware": false,
        "Startup Cost": 117615.02,
        "Total Cost": 117615.13,
        "Plan Rows": 1,
        "Plan Width": 8,
        "Actual Startup Time": 403.685,
        "Actual Total Time": 417.613,
        "Actual Rows": 2,
        "Actual Loops": 1,
        "Workers Planned": 1,
        "Workers Launched": 1,
        "Single Copy": false,
        "Plans": [
          {
            "Node Type": "Aggregate",
            "Strategy": "Plain",
            "Partial Mode": "Partial",
            "Parent Relationship": "Outer",
            "Parallel Aware": false,
            "Startup Cost": 116615.02,
            "Total Cost": 116615.03,
            "Plan Rows": 1,
            "Plan Width": 8,
            "Actual Startup Time": 398.1,
            "Actual Total Time": 398.103,
            "Actual Rows": 1,
            "Actual Loops": 2,
            "Plans": [
              {
                "Node Type": "Hash Join",
                "Parent Relationship": "Outer",
                "Parallel Aware": true,
                "Join Type": "Inner",
                "Startup Cost": 55056.99,
                "Total Cost": 116525.0,
                "Plan Rows": 36008,
                "Plan Width": 0,
                "Actual Startup Time": 188.541,
                "Actual Total Time": 397.722,
                "Actual Rows": 6868,
                "Actual Loops": 2,
                "Inner Unique": true,
                "Hash Cond": "(mk.movie_id = t.id)",
                "Plans": [
                  {
                    "Node Type": "Seq Scan",
                    "Parent Relationship": "Outer",
                    "Parallel Aware": true,
                    "Relation Name": "movie_keyword",
                    "Alias": "mk",
                    "Startup Cost": 0.0,
                    "Total Cost": 57718.19,
                    "Plan Rows": 1428497,
                    "Plan Width": 4,
                    "Actual Startup Time": 0.011,
                    "Actual Total Time": 179.738,
                    "Actual Rows": 1213700,
                    "Actual Loops": 2,
                    "Filter": "(keyword_id < 5758)",
                    "Rows Removed by Filter": 1048265
                  },
                  {
                    "Node Type": "Hash",
                    "Parent Relationship": "Inner",
                    "Parallel Aware": true,
                    "Startup Cost": 54588.39,
                    "Total Cost": 54588.39,
                    "Plan Rows": 37488,
                    "Plan Width": 4,
                    "Actual Startup Time": 137.589,
                    "Actual Total Time": 137.59,
                    "Actual Rows": 33758,
                    "Actual Loops": 2,
                    "Hash Buckets": 131072,
                    "Original Hash Buckets": 65536,
                    "Hash Batches": 1,
                    "Original Hash Batches": 1,
                    "Peak Memory Usage": 4224,
                    "Plans": [
                      {
                        "Node Type": "Seq Scan",
                        "Parent Relationship": "Outer",
                        "Parallel Aware": true,
                        "Relation Name": "title",
                        "Alias": "t",
                        "Startup Cost": 0.0,
                        "Total Cost": 54588.39,
                        "Plan Rows": 37488,
                        "Plan Width": 4,
                        "Actual Startup Time": 67.811,
                        "Actual Total Time": 129.095,
                        "Actual Rows": 33758,
                        "Actual Loops": 2,
                        "Filter": "(production_year < 1916)",
                        "Rows Removed by Filter": 1230398
                      }
                    ]
                  }
                ]
              }
            ]
          }
        ]
      }
    ]
  },
  "Planning Time": 0.439,
  "Triggers": [],
  "Execution Time": 417.688
}