[
  {
    "Plan": {
      "Node Type": "Aggregate",
      "Strategy": "Plain",
      "Partial Mode": "Finalize",
      "Parallel Aware": false,
      "Startup Cost": 32927.26,
      "Total Cost": 32927.27,
      "Plan Rows": 1,
      "Plan Width": 8,
      "Actual Startup Time": 85.721,
      "Actual Total Time": 94.846,
      "Actual Rows": 1,
      "Actual Loops": 1,
      "Plans": [
        {
          "Node Type": "Gather",
          "Parent Relationship": "Outer",
          "Parallel Aware": false,
          "Startup Cost": 32926.94,
          "Total Cost": 32927.25,
          "Plan Rows": 3,
          "Plan Width": 8,
          "Actual Startup Time": 85.619,
          "Actual Total Time": 94.838,
          "Actual Rows": 4,
          "Actual Loops": 1,
          "Workers Planned": 3,
          "Workers Launched": 3,
          "Single Copy": false,
          "Plans": [
            {
              "Node Type": "Aggregate",
              "Strategy": "Plain",
              "Partial Mode": "Partial",
              "Parent Relationship": "Outer",
              "Parallel Aware": false,
              "Startup Cost": 31926.94,
              "Total Cost": 31926.95,
              "Plan Rows": 1,
              "Plan Width": 8,
              "Actual Startup Time": 82.02,
              "Actual Total Time": 82.021,
              "Actual Rows": 1,
              "Actual Loops": 4,
              "Plans": [
                {
                  "Node Type": "Seq Scan",
                  "Parent Relationship": "Outer",
                  "Parallel Aware": true,
                  "Relation Name": "movie_companies",
                  "Alias": "mc",
                  "Startup Cost": 0.0,
                  "Total Cost": 31414.82,
                  "Plan Rows": 204849,
                  "Plan Width": 0,
                  "Actual Startup Time": 35.028,
                  "Actual Total Time": 72.29,
                  "Actual Rows": 222460,
                  "Actual Loops": 4,
                  "Filter": "((company_id > 11865) AND (company_type_id = 2))",
                  "Rows Removed by Filter": 429822
                }
              ]
            }
          ]
        }
      ]
    },
    "Planning Time": 0.11,
    "Triggers": [],
    "Execution Time": 94.876
  }
]