[
  {
    "Plan": {
      "Node Type": "Aggregate",
      "Strategy": "Plain",
      "Partial Mode": "Finalize",
      "Parallel Aware": false,
      "Startup Cost": 32919.07,
      "Total Cost": 32919.08,
      "Plan Rows": 1,
      "Plan Width": 8,
      "Actual Startup Time": 104.019,
      "Actual Total Time": 111.886,
      "Actual Rows": 1,
      "Actual Loops": 1,
      "Plans": [
        {
          "Node Type": "Gather",
          "Parent Relationship": "Outer",
          "Parallel Aware": false,
          "Startup Cost": 32918.76,
          "Total Cost": 32919.07,
          "Plan Rows": 3,
          "Plan Width": 8,
          "Actual Startup Time": 103.916,
          "Actual Total Time": 111.878,
          "Actual Rows": 4,
          "Actual Loops": 1,
          "Workers Planned": 3,
          "Workers Launched": 3,
          "Single Copy": false,
          "Plans": [
            {
              "Node Type": "Aggregate",
              "Strategy": "Plain",
              "Partial Mode": "Partial",
              "Parent Relationship": "Outer",
              "Parallel Aware": false,
              "Startup Cost": 31918.76,
              "Total Cost": 31918.77,
              "Plan Rows": 1,
              "Plan Width": 8,
              "Actual Startup Time": 95.186,
              "Actual Total Time": 95.187,
              "Actual Rows": 1,
              "Actual Loops": 4,
              "Plans": [
                {
                  "Node Type": "Seq Scan",
                  "Parent Relationship": "Outer",
                  "Parallel Aware": true,
                  "Relation Name": "movie_companies",
                  "Alias": "mc",
                  "Startup Cost": 0.0,
                  "Total Cost": 31414.82,
                  "Plan Rows": 201575,
                  "Plan Width": 0,
                  "Actual Startup Time": 50.161,
                  "Actual Total Time": 85.892,
                  "Actual Rows": 222460,
                  "Actual Loops": 4,
                  "Filter": "((company_id > 11865) AND (company_type_id = 2))",
                  "Rows Removed by Filter": 429822
                }
              ]
            }
          ]
        }
      ]
    },
    "Planning Time": 0.194,
    "Triggers": [],
    "Execution Time": 111.937
  }
]