{
  "Plan": {
    "Node Type": "Aggregate",
    "Strategy": "Plain",
    "Partial Mode": "Finalize",
    "Parallel Aware": false,
    "Startup Cost": 132865.25,
    "Total Cost": 132865.26,
    "Plan Rows": 1,
    "Plan Width": 8,
    "Actual Startup Time": 812.052,
    "Actual Total Time": 829.331,
    "Actual Rows": 1,
    "Actual Loops": 1,
    "Plans": [
      {
        "Node Type": "Gather",
        "Parent Relationship": "Outer",
        "Parallel Aware": false,
        "Startup Cost": 132865.13,
        "Total Cost": 132865.24,
        "Plan Rows": 1,
        "Plan Width": 8,
        "Actual Startup Time": 810.368,
        "Actual Total Time": 829.324,
        "Actual Rows": 2,
        "Actual Loops": 1,
        "Workers Planned": 1,
        "Workers Launched": 1,
        "Single Copy": false,
        "Plans": [
          {
            "Node Type": "Aggregate",
            "Strategy": "Plain",
            "Partial Mode": "Partial",
            "Parent Relationship": "Outer",
            "Parallel Aware": false,
            "Startup Cost": 131865.13,
            "Total Cost": 131865.14,
            "Plan Rows": 1,
            "Plan Width": 8,
            "Actual Startup Time": 804.632,
            "Actual Total Time": 804.636,
            "Actual Rows": 1,
            "Actual Loops": 2,
            "Plans": [
              {
                "Node Type": "Hash Join",
                "Parent Relationship": "Outer",
                "Parallel Aware": true,
                "Join Type": "Inner",
                "Startup Cost": 64870.33,
                "Total Cost": 129530.72,
                "Plan Rows": 933766,
                "Plan Width": 0,
                "Actual Startup Time": 258.834,
                "Actual Total Time": 741.701,
                "Actual Rows": 1624406,
                "Actual Loops": 2,
                "Inner Unique": true,
                "Hash Cond": "(mk.movie_id = t.id)",
                "Plans": [
                  {
                    "Node Type": "Seq Scan",
                    "Parent Relationship": "Outer",
                    "Parallel Aware": true,
                    "Relation Name": "movie_keyword",
                    "Alias": "mk",
                    "Startup Cost": 0.0,
                    "Total Cost": 57718.19,
                    "Plan Rows": 2644642,
                    "Plan Width": 4,
                    "Actual Startup Time": 0.015,
                    "Actual Total Time": 203.891,
                    "Actual Rows": 2249616,
                    "Actual Loops": 2,
                    "Filter": "(keyword_id > 15)",
                    "Rows Removed by Filter": 12348
                  },
                  {
                    "Node Type": "Hash",
                    "Parent Relationship": "Inner",
                    "Parallel Aware": true,
                    "Startup Cost": 58306.47,
                    "Total Cost": 58306.47,
                    "Plan Rows": 525109,
                    "Plan Width": 4,
                    "Actual Startup Time": 249.692,
                    "Actual Total Time": 249.693,
                    "Actual Rows": 401942,
                    "Actual Loops": 2,
                    "Hash Buckets": 1048576,
                    "Original Hash Buckets": 1048576,
                    "Hash Batches": 1,
                    "Original Hash Batches": 1,
                    "Peak Memory Usage": 39648,
                    "Plans": [
                      {
                        "Node Type": "Seq Scan",
                        "Parent Relationship": "Outer",
                        "Parallel Aware": true,
                        "Relation Name": "title",
                        "Alias": "t",
                        "Startup Cost": 0.0,
                        "Total Cost": 58306.47,
                        "Plan Rows": 525109,
                        "Plan Width": 4,
                        "Actual Startup Time": 0.042,
                        "Actual Total Time": 155.589,
                        "Actual Rows": 401942,
                        "Actual Loops": 2,
                        "Filter": "((kind_id < 7) AND (production_year > 1953))",
                        "Rows Removed by Filter": 862214
                      }
                    ]
                  }
                ]
              }
            ]
          }
        ]
      }
    ]
  },
  "Planning Time": 0.794,
  "Triggers": [],
  "Execution Time": 829.398
}