[
  {
    "Plan": {
      "Node Type": "Aggregate",
      "Strategy": "Plain",
      "Partial Mode": "Finalize",
      "Parallel Aware": false,
      "Startup Cost": 204145.58,
      "Total Cost": 204145.59,
      "Plan Rows": 1,
      "Plan Width": 8,
      "Actual Startup Time": 262.219,
      "Actual Total Time": 277.686,
      "Actual Rows": 1,
      "Actual Loops": 1,
      "Plans": [
        {
          "Node Type": "Gather",
          "Parent Relationship": "Outer",
          "Parallel Aware": false,
          "Startup Cost": 204144.96,
          "Total Cost": 204145.57,
          "Plan Rows": 6,
          "Plan Width": 8,
          "Actual Startup Time": 262.058,
          "Actual Total Time": 277.671,
          "Actual Rows": 7,
          "Actual Loops": 1,
          "Workers Planned": 6,
          "Workers Launched": 6,
          "Single Copy": false,
          "Plans": [
            {
              "Node Type": "Aggregate",
              "Strategy": "Plain",
              "Partial Mode": "Partial",
              "Parent Relationship": "Outer",
              "Parallel Aware": false,
              "Startup Cost": 203144.96,
              "Total Cost": 203144.97,
              "Plan Rows": 1,
              "Plan Width": 8,
              "Actual Startup Time": 251.763,
              "Actual Total Time": 251.765,
              "Actual Rows": 1,
              "Actual Loops": 7,
              "Plans": [
                {
                  "Node Type": "Index Scan",
                  "Parent Relationship": "Outer",
                  "Parallel Aware": true,
                  "Scan Direction": "Forward",
                  "Index Name": "role_id_cast_info",
                  "Relation Name": "cast_info",
                  "Alias": "ci",
                  "Startup Cost": 0.56,
                  "Total Cost": 201884.69,
                  "Plan Rows": 504107,
                  "Plan Width": 0,
                  "Actual Startup Time": 11.66,
                  "Actual Total Time": 251.717,
                  "Actual Rows": 379,
                  "Actual Loops": 7,
                  "Index Cond": "(role_id = 2)",
                  "Rows Removed by Index Recheck": 0,
                  "Filter": "(person_id < 1451338)",
                  "Rows Removed by Filter": 1064189
                }
              ]
            }
          ]
        }
      ]
    },
    "Planning Time": 0.244,
    "Triggers": [],
    "Execution Time": 277.756
  }
]