[
  {
    "Plan": {
      "Node Type": "Aggregate",
      "Strategy": "Plain",
      "Partial Mode": "Finalize",
      "Parallel Aware": false,
      "Startup Cost": 267064.99,
      "Total Cost": 267065.0,
      "Plan Rows": 1,
      "Plan Width": 8,
      "Actual Startup Time": 611.753,
      "Actual Total Time": 656.836,
      "Actual Rows": 1,
      "Actual Loops": 1,
      "Plans": [
        {
          "Node Type": "Gather",
          "Parent Relationship": "Outer",
          "Parallel Aware": false,
          "Startup Cost": 267064.46,
          "Total Cost": 267064.97,
          "Plan Rows": 5,
          "Plan Width": 8,
          "Actual Startup Time": 607.364,
          "Actual Total Time": 656.825,
          "Actual Rows": 6,
          "Actual Loops": 1,
          "Workers Planned": 5,
          "Workers Launched": 5,
          "Single Copy": false,
          "Plans": [
            {
              "Node Type": "Aggregate",
              "Strategy": "Plain",
              "Partial Mode": "Partial",
              "Parent Relationship": "Outer",
              "Parallel Aware": false,
              "Startup Cost": 266064.46,
              "Total Cost": 266064.47,
              "Plan Rows": 1,
              "Plan Width": 8,
              "Actual Startup Time": 597.087,
              "Actual Total Time": 597.201,
              "Actual Rows": 1,
              "Actual Loops": 6,
              "Plans": [
                {
                  "Node Type": "Hash Join",
                  "Parent Relationship": "Outer",
                  "Parallel Aware": true,
                  "Join Type": "Inner",
                  "Startup Cost": 63865.37,
                  "Total Cost": 265857.1,
                  "Plan Rows": 82946,
                  "Plan Width": 0,
                  "Actual Startup Time": 234.341,
                  "Actual Total Time": 595.461,
                  "Actual Rows": 37111,
                  "Actual Loops": 6,
                  "Inner Unique": false,
                  "Hash Cond": "(mi.movie_id = t.id)",
                  "Plans": [
                    {
                      "Node Type": "Seq Scan",
                      "Parent Relationship": "Outer",
                      "Parallel Aware": true,
                      "Relation Name": "movie_info",
                      "Alias": "mi",
                      "Startup Cost": 0.0,
                      "Total Cost": 198952.16,
                      "Plan Rows": 718388,
                      "Plan Width": 4,
                      "Actual Startup Time": 31.842,
                      "Actual Total Time": 324.654,
                      "Actual Rows": 604163,
                      "Actual Loops": 6,
                      "Filter": "(info_type_id < 4)",
                      "Rows Removed by Filter": 1868457
                    },
                    {
                      "Node Type": "Hash",
                      "Parent Relationship": "Inner",
                      "Parallel Aware": true,
                      "Startup Cost": 62344.95,
                      "Total Cost": 62344.95,
                      "Plan Rows": 121634,
                      "Plan Width": 8,
                      "Actual Startup Time": 199.568,
                      "Actual Total Time": 199.681,
                      "Actual Rows": 26311,
                      "Actual Loops": 6,
                      "Hash Buckets": 524288,
                      "Original Hash Buckets": 524288,
                      "Hash Batches": 1,
                      "Original Hash Batches": 1,
                      "Peak Memory Usage": 10368,
                      "Plans": [
                        {
                          "Node Type": "Hash Join",
                          "Parent Relationship": "Outer",
                          "Parallel Aware": true,
                          "Join Type": "Inner",
                          "Startup Cost": 47150.39,
                          "Total Cost": 62344.95,
                          "Plan Rows": 121634,
                          "Plan Width": 8,
                          "Actual Startup Time": 132.828,
                          "Actual Total Time": 189.914,
                          "Actual Rows": 26311,
                          "Actual Loops": 6,
                          "Inner Unique": true,
                          "Hash Cond": "(mi_idx.movie_id = t.id)",
                          "Plans": [
                            {
                              "Node Type": "Seq Scan",
                              "Parent Relationship": "Outer",
                              "Parallel Aware": true,
                              "Relation Name": "movie_info_idx",
                              "Alias": "mi_idx",
                              "Startup Cost": 0.0,
                              "Total Cost": 13685.15,
                              "Plan Rows": 575015,
                              "Plan Width": 4,
                              "Actual Startup Time": 0.031,
                              "Actual Total Time": 22.24,
                              "Actual Rows": 230006,
                              "Actual Loops": 6
                            },
                            {
                              "Node Type": "Hash",
                              "Parent Relationship": "Inner",
                              "Parallel Aware": true,
                              "Startup Cost": 45479.1,
                              "Total Cost": 45479.1,
                              "Plan Rows": 133703,
                              "Plan Width": 4,
                              "Actual Startup Time": 130.456,
                              "Actual Total Time": 130.457,
                              "Actual Rows": 71375,
                              "Actual Loops": 6,
                              "Hash Buckets": 1048576,
                              "Original Hash Buckets": 1048576,
                              "Hash Batches": 1,
                              "Original Hash Batches": 1,
                              "Peak Memory Usage": 25056,
                              "Plans": [
                                {
                                  "Node Type": "Seq Scan",
                                  "Parent Relationship": "Outer",
                                  "Parallel Aware": true,
                                  "Relation Name": "title",
                                  "Alias": "t",
                                  "Startup Cost": 0.0,
                                  "Total Cost": 45479.1,
                                  "Plan Rows": 133703,
                                  "Plan Width": 4,
                                  "Actual Startup Time": 0.05,
                                  "Actual Total Time": 86.659,
                                  "Actual Rows": 71375,
                                  "Actual Loops": 6,
                                  "Filter": "((production_year < 1997) AND (kind_id = 7))",
                                  "Rows Removed by Filter": 350011
                                }
                              ]
                            }
                          ]
                        }
                      ]
                    }
                  ]
                }
              ]
            }
          ]
        }
      ]
    },
    "Planning Time": 1.382,
    "Triggers": [],
    "Execution Time": 656.927
  }
]