[
  {
    "Plan": {
      "Node Type": "Aggregate",
      "Strategy": "Plain",
      "Partial Mode": "Finalize",
      "Parallel Aware": false,
      "Startup Cost": 97108.5,
      "Total Cost": 97108.51,
      "Plan Rows": 1,
      "Plan Width": 8,
      "Actual Startup Time": 344.025,
      "Actual Total Time": 362.72,
      "Actual Rows": 1,
      "Actual Loops": 1,
      "Plans": [
        {
          "Node Type": "Gather",
          "Parent Relationship": "Outer",
          "Parallel Aware": false,
          "Startup Cost": 97108.08,
          "Total Cost": 97108.49,
          "Plan Rows": 4,
          "Plan Width": 8,
          "Actual Startup Time": 338.796,
          "Actual Total Time": 362.709,
          "Actual Rows": 5,
          "Actual Loops": 1,
          "Workers Planned": 4,
          "Workers Launched": 4,
          "Single Copy": false,
          "Plans": [
            {
              "Node Type": "Aggregate",
              "Strategy": "Plain",
              "Partial Mode": "Partial",
              "Parent Relationship": "Outer",
              "Parallel Aware": false,
              "Startup Cost": 96108.08,
              "Total Cost": 96108.09,
              "Plan Rows": 1,
              "Plan Width": 8,
              "Actual Startup Time": 331.29,
              "Actual Total Time": 331.298,
              "Actual Rows": 1,
              "Actual Loops": 5,
              "Plans": [
                {
                  "Node Type": "Hash Join",
                  "Parent Relationship": "Outer",
                  "Parallel Aware": true,
                  "Join Type": "Inner",
                  "Startup Cost": 51149.53,
                  "Total Cost": 96075.65,
                  "Plan Rows": 12972,
                  "Plan Width": 0,
                  "Actual Startup Time": 179.287,
                  "Actual Total Time": 329.218,
                  "Actual Rows": 40412,
                  "Actual Loops": 5,
                  "Inner Unique": false,
                  "Hash Cond": "(t.id = mi_idx.movie_id)",
                  "Plans": [
                    {
                      "Node Type": "Seq Scan",
                      "Parent Relationship": "Outer",
                      "Parallel Aware": true,
                      "Relation Name": "title",
                      "Alias": "t",
                      "Startup Cost": 0.0,
                      "Total Cost": 42319.06,
                      "Plan Rows": 632106,
                      "Plan Width": 4,
                      "Actual Startup Time": 0.025,
                      "Actual Total Time": 70.602,
                      "Actual Rows": 505662,
                      "Actual Loops": 5
                    },
                    {
                      "Node Type": "Hash",
                      "Parent Relationship": "Inner",
                      "Parallel Aware": true,
                      "Startup Cost": 49966.19,
                      "Total Cost": 49966.19,
                      "Plan Rows": 94667,
                      "Plan Width": 8,
                      "Actual Startup Time": 177.309,
                      "Actual Total Time": 177.315,
                      "Actual Rows": 40412,
                      "Actual Loops": 5,
                      "Hash Buckets": 524288,
                      "Original Hash Buckets": 524288,
                      "Hash Batches": 1,
                      "Original Hash Batches": 1,
                      "Peak Memory Usage": 12064,
                      "Plans": [
                        {
                          "Node Type": "Hash Join",
                          "Parent Relationship": "Outer",
                          "Parallel Aware": true,
                          "Join Type": "Inner",
                          "Startup Cost": 23607.66,
                          "Total Cost": 49966.19,
                          "Plan Rows": 94667,
                          "Plan Width": 8,
                          "Actual Startup Time": 93.842,
                          "Actual Total Time": 160.684,
                          "Actual Rows": 40412,
                          "Actual Loops": 5,
                          "Inner Unique": false,
                          "Hash Cond": "(mk.movie_id = mi_idx.movie_id)",
                          "Plans": [
                            {
                              "Node Type": "Bitmap Heap Scan",
                              "Parent Relationship": "Outer",
                              "Parallel Aware": true,
                              "Relation Name": "movie_keyword",
                              "Alias": "mk",
                              "Startup Cost": 6113.04,
                              "Total Cost": 31728.64,
                              "Plan Rows": 92928,
                              "Plan Width": 4,
                              "Actual Startup Time": 17.104,
                              "Actual Total Time": 61.24,
                              "Actual Rows": 56583,
                              "Actual Loops": 5,
                              "Recheck Cond": "(keyword_id < 235)",
                              "Rows Removed by Index Recheck": 0,
                              "Exact Heap Blocks": 7285,
                              "Lossy Heap Blocks": 0,
                              "Plans": [
                                {
                                  "Node Type": "Bitmap Index Scan",
                                  "Parent Relationship": "Outer",
                                  "Parallel Aware": false,
                                  "Index Name": "keyword_id_movie_keyword",
                                  "Startup Cost": 0.0,
                                  "Total Cost": 6041.02,
                                  "Plan Rows": 288078,
                                  "Plan Width": 0,
                                  "Actual Startup Time": 13.587,
                                  "Actual Total Time": 13.587,
                                  "Actual Rows": 282915,
                                  "Actual Loops": 1,
                                  "Index Cond": "(keyword_id < 235)"
                                }
                              ]
                            },
                            {
                              "Node Type": "Hash",
                              "Parent Relationship": "Inner",
                              "Parallel Aware": true,
                              "Startup Cost": 15122.68,
                              "Total Cost": 15122.68,
                              "Plan Rows": 189755,
                              "Plan Width": 4,
                              "Actual Startup Time": 75.684,
                              "Actual Total Time": 75.685,
                              "Actual Rows": 91985,
                              "Actual Loops": 5,
                              "Hash Buckets": 524288,
                              "Original Hash Buckets": 524288,
                              "Hash Batches": 1,
                              "Original Hash Batches": 1,
                              "Peak Memory Usage": 22208,
                              "Plans": [
                                {
                                  "Node Type": "Seq Scan",
                                  "Parent Relationship": "Outer",
                                  "Parallel Aware": true,
                                  "Relation Name": "movie_info_idx",
                                  "Alias": "mi_idx",
                                  "Startup Cost": 0.0,
                                  "Total Cost": 15122.68,
                                  "Plan Rows": 189755,
                                  "Plan Width": 4,
                                  "Actual Startup Time": 0.046,
                                  "Actual Total Time": 38.083,
                                  "Actual Rows": 91985,
                                  "Actual Loops": 5,
                                  "Filter": "(info_type_id < 100)",
                                  "Rows Removed by Filter": 184022
                                }
                              ]
                            }
                          ]
                        }
                      ]
                    }
                  ]
                }
              ]
            }
          ]
        }
      ]
    },
    "Planning Time": 0.598,
    "Triggers": [],
    "Execution Time": 362.783
  }
]