{
  "Plan": {
    "Node Type": "Aggregate",
    "Strategy": "Plain",
    "Partial Mode": "Finalize",
    "Parallel Aware": false,
    "Startup Cost": 118068.46,
    "Total Cost": 118068.47,
    "Plan Rows": 1,
    "Plan Width": 8,
    "Actual Startup Time": 440.862,
    "Actual Total Time": 457.95,
    "Actual Rows": 1,
    "Actual Loops": 1,
    "Plans": [
      {
        "Node Type": "Gather",
        "Parent Relationship": "Outer",
        "Parallel Aware": false,
        "Startup Cost": 118068.35,
        "Total Cost": 118068.46,
        "Plan Rows": 1,
        "Plan Width": 8,
        "Actual Startup Time": 440.578,
        "Actual Total Time": 457.943,
        "Actual Rows": 2,
        "Actual Loops": 1,
        "Workers Planned": 1,
        "Workers Launched": 1,
        "Single Copy": false,
        "Plans": [
          {
            "Node Type": "Aggregate",
            "Strategy": "Plain",
            "Partial Mode": "Partial",
            "Parent Relationship": "Outer",
            "Parallel Aware": false,
            "Startup Cost": 117068.35,
            "Total Cost": 117068.36,
            "Plan Rows": 1,
            "Plan Width": 8,
            "Actual Startup Time": 435.022,
            "Actual Total Time": 435.026,
            "Actual Rows": 1,
            "Actual Loops": 2,
            "Plans": [
              {
                "Node Type": "Hash Join",
                "Parent Relationship": "Outer",
                "Parallel Aware": true,
                "Join Type": "Inner",
                "Startup Cost": 55216.13,
                "Total Cost": 116939.55,
                "Plan Rows": 51521,
                "Plan Width": 0,
                "Actual Startup Time": 151.412,
                "Actual Total Time": 433.046,
                "Actual Rows": 45251,
                "Actual Loops": 2,
                "Inner Unique": true,
                "Hash Cond": "(mk.movie_id = t.id)",
                "Plans": [
                  {
                    "Node Type": "Seq Scan",
                    "Parent Relationship": "Outer",
                    "Parallel Aware": true,
                    "Relation Name": "movie_keyword",
                    "Alias": "mk",
                    "Startup Cost": 0.0,
                    "Total Cost": 57718.19,
                    "Plan Rows": 1525798,
                    "Plan Width": 4,
                    "Actual Startup Time": 0.014,
                    "Actual Total Time": 186.538,
                    "Actual Rows": 1295040,
                    "Actual Loops": 2,
                    "Filter": "(keyword_id < 6884)",
                    "Rows Removed by Filter": 966924
                  },
                  {
                    "Node Type": "Hash",
                    "Parent Relationship": "Inner",
                    "Parallel Aware": true,
                    "Startup Cost": 54588.39,
                    "Total Cost": 54588.39,
                    "Plan Rows": 50219,
                    "Plan Width": 4,
                    "Actual Startup Time": 149.436,
                    "Actual Total Time": 149.437,
                    "Actual Rows": 42296,
                    "Actual Loops": 2,
                    "Hash Buckets": 131072,
                    "Original Hash Buckets": 131072,
                    "Hash Batches": 1,
                    "Original Hash Batches": 1,
                    "Peak Memory Usage": 4384,
                    "Plans": [
                      {
                        "Node Type": "Seq Scan",
                        "Parent Relationship": "Outer",
                        "Parallel Aware": true,
                        "Relation Name": "title",
                        "Alias": "t",
                        "Startup Cost": 0.0,
                        "Total Cost": 54588.39,
                        "Plan Rows": 50219,
                        "Plan Width": 4,
                        "Actual Startup Time": 0.036,
                        "Actual Total Time": 136.852,
                        "Actual Rows": 42296,
                        "Actual Loops": 2,
                        "Filter": "(production_year = 2004)",
                        "Rows Removed by Filter": 1221860
                      }
                    ]
                  }
                ]
              }
            ]
          }
        ]
      }
    ]
  },
  "Planning Time": 0.449,
  "Triggers": [],
  "Execution Time": 458.012
}