[
  {
    "Plan": {
      "Node Type": "Aggregate",
      "Strategy": "Plain",
      "Partial Mode": "Finalize",
      "Parallel Aware": false,
      "Startup Cost": 30989.79,
      "Total Cost": 30989.8,
      "Plan Rows": 1,
      "Plan Width": 8,
      "Actual Startup Time": 86.303,
      "Actual Total Time": 94.065,
      "Actual Rows": 1,
      "Actual Loops": 1,
      "Plans": [
        {
          "Node Type": "Gather",
          "Parent Relationship": "Outer",
          "Parallel Aware": false,
          "Startup Cost": 30989.47,
          "Total Cost": 30989.78,
          "Plan Rows": 3,
          "Plan Width": 8,
          "Actual Startup Time": 86.201,
          "Actual Total Time": 94.055,
          "Actual Rows": 4,
          "Actual Loops": 1,
          "Workers Planned": 3,
          "Workers Launched": 3,
          "Single Copy": false,
          "Plans": [
            {
              "Node Type": "Aggregate",
              "Strategy": "Plain",
              "Partial Mode": "Partial",
              "Parent Relationship": "Outer",
              "Parallel Aware": false,
              "Startup Cost": 29989.47,
              "Total Cost": 29989.48,
              "Plan Rows": 1,
              "Plan Width": 8,
              "Actual Startup Time": 80.879,
              "Actual Total Time": 80.88,
              "Actual Rows": 1,
              "Actual Loops": 4,
              "Plans": [
                {
                  "Node Type": "Seq Scan",
                  "Parent Relationship": "Outer",
                  "Parallel Aware": true,
                  "Relation Name": "movie_companies",
                  "Alias": "mc",
                  "Startup Cost": 0.0,
                  "Total Cost": 29310.68,
                  "Plan Rows": 271515,
                  "Plan Width": 0,
                  "Actual Startup Time": 15.383,
                  "Actual Total Time": 71.074,
                  "Actual Rows": 207912,
                  "Actual Loops": 4,
                  "Filter": "(company_id > 27169)",
                  "Rows Removed by Filter": 444370
                }
              ]
            }
          ]
        }
      ]
    },
    "Planning Time": 0.196,
    "Triggers": [],
    "Execution Time": 94.128
  }
]