{
  "Plan": {
    "Node Type": "Aggregate",
    "Strategy": "Plain",
    "Partial Mode": "Finalize",
    "Parallel Aware": false,
    "Startup Cost": 81231.98,
    "Total Cost": 81231.99,
    "Plan Rows": 1,
    "Plan Width": 8,
    "Actual Startup Time": 191.546,
    "Actual Total Time": 198.792,
    "Actual Rows": 1,
    "Actual Loops": 1,
    "Plans": [
      {
        "Node Type": "Gather",
        "Parent Relationship": "Outer",
        "Parallel Aware": false,
        "Startup Cost": 81231.87,
        "Total Cost": 81231.98,
        "Plan Rows": 1,
        "Plan Width": 8,
        "Actual Startup Time": 191.132,
        "Actual Total Time": 198.785,
        "Actual Rows": 2,
        "Actual Loops": 1,
        "Workers Planned": 1,
        "Workers Launched": 1,
        "Single Copy": false,
        "Plans": [
          {
            "Node Type": "Aggregate",
            "Strategy": "Plain",
            "Partial Mode": "Partial",
            "Parent Relationship": "Outer",
            "Parallel Aware": false,
            "Startup Cost": 80231.87,
            "Total Cost": 80231.88,
            "Plan Rows": 1,
            "Plan Width": 8,
            "Actual Startup Time": 185.113,
            "Actual Total Time": 185.117,
            "Actual Rows": 1,
            "Actual Loops": 2,
            "Plans": [
              {
                "Node Type": "Hash Join",
                "Parent Relationship": "Outer",
                "Parallel Aware": true,
                "Join Type": "Inner",
                "Startup Cost": 36304.6,
                "Total Cost": 80206.51,
                "Plan Rows": 10143,
                "Plan Width": 0,
                "Actual Startup Time": 92.679,
                "Actual Total Time": 184.888,
                "Actual Rows": 2508,
                "Actual Loops": 2,
                "Inner Unique": false,
                "Hash Cond": "(t.id = mc.movie_id)",
                "Plans": [
                  {
                    "Node Type": "Bitmap Heap Scan",
                    "Parent Relationship": "Outer",
                    "Parallel Aware": true,
                    "Relation Name": "title",
                    "Alias": "t",
                    "Startup Cost": 11958.3,
                    "Total Cost": 53808.56,
                    "Plan Rows": 318717,
                    "Plan Width": 4,
                    "Actual Startup Time": 20.643,
                    "Actual Total Time": 73.957,
                    "Actual Rows": 278660,
                    "Actual Loops": 2,
                    "Recheck Cond": "(kind_id = 1)",
                    "Rows Removed by Index Recheck": 0,
                    "Filter": "(production_year < 2011)",
                    "Rows Removed by Filter": 52753,
                    "Exact Heap Blocks": 7293,
                    "Lossy Heap Blocks": 0,
                    "Plans": [
                      {
                        "Node Type": "Bitmap Index Scan",
                        "Parent Relationship": "Outer",
                        "Parallel Aware": false,
                        "Index Name": "kind_id_title",
                        "Startup Cost": 0.0,
                        "Total Cost": 11822.85,
                        "Plan Rows": 663256,
                        "Plan Width": 0,
                        "Actual Startup Time": 18.823,
                        "Actual Total Time": 18.824,
                        "Actual Rows": 662825,
                        "Actual Loops": 1,
                        "Index Cond": "(kind_id = 1)"
                      }
                    ]
                  },
                  {
                    "Node Type": "Hash",
                    "Parent Relationship": "Inner",
                    "Parallel Aware": true,
                    "Startup Cost": 23754.66,
                    "Total Cost": 23754.66,
                    "Plan Rows": 47331,
                    "Plan Width": 4,
                    "Actual Startup Time": 69.29,
                    "Actual Total Time": 69.292,
                    "Actual Rows": 63970,
                    "Actual Loops": 2,
                    "Hash Buckets": 131072,
                    "Original Hash Buckets": 131072,
                    "Hash Batches": 1,
                    "Original Hash Batches": 1,
                    "Peak Memory Usage": 6048,
                    "Plans": [
                      {
                        "Node Type": "Bitmap Heap Scan",
                        "Parent Relationship": "Outer",
                        "Parallel Aware": true,
                        "Relation Name": "movie_companies",
                        "Alias": "mc",
                        "Startup Cost": 3522.44,
                        "Total Cost": 23754.66,
                        "Plan Rows": 47331,
                        "Plan Width": 4,
                        "Actual Startup Time": 18.543,
                        "Actual Total Time": 53.042,
                        "Actual Rows": 63970,
                        "Actual Loops": 2,
                        "Recheck Cond": "(company_id < 33)",
                        "Rows Removed by Index Recheck": 0,
                        "Filter": "(company_type_id = 1)",
                        "Rows Removed by Filter": 19078,
                        "Exact Heap Blocks": 10305,
                        "Lossy Heap Blocks": 0,
                        "Plans": [
                          {
                            "Node Type": "Bitmap Index Scan",
                            "Parent Relationship": "Outer",
                            "Parallel Aware": false,
                            "Index Name": "company_id_movie_companies",
                            "Startup Cost": 0.0,
                            "Total Cost": 3502.32,
                            "Plan Rows": 163452,
                            "Plan Width": 0,
                            "Actual Startup Time": 17.8,
                            "Actual Total Time": 17.801,
                            "Actual Rows": 166096,
                            "Actual Loops": 1,
                            "Index Cond": "(company_id < 33)"
                          }
                        ]
                      }
                    ]
                  }
                ]
              }
            ]
          }
        ]
      }
    ]
  },
  "Planning Time": 0.723,
  "Triggers": [],
  "Execution Time": 198.891
}