{
    "Plan": {
        "Node Type": "Aggregate",
        "Strategy": "Plain",
        "Partial Mode": "Finalize",
        "Parallel Aware": false,
        "Startup Cost": 143637.79,
        "Total Cost": 143637.8,
        "Plan Rows": 1,
        "Plan Width": 8,
        "Actual Startup Time": 872.14,
        "Actual Total Time": 915.147,
        "Actual Rows": 1,
        "Actual Loops": 1,
        "Output": [
            "count(*)"
        ],
        "Plans": [
            {
                "Node Type": "Gather",
                "Parent Relationship": "Outer",
                "Parallel Aware": false,
                "Startup Cost": 143637.47,
                "Total Cost": 143637.78,
                "Plan Rows": 3,
                "Plan Width": 8,
                "Actual Startup Time": 870.149,
                "Actual Total Time": 915.137,
                "Actual Rows": 4,
                "Actual Loops": 1,
                "Output": [
                    "(PARTIAL count(*))"
                ],
                "Workers Planned": 3,
                "Workers Launched": 3,
                "Single Copy": false,
                "Plans": [
                    {
                        "Node Type": "Aggregate",
                        "Strategy": "Plain",
                        "Partial Mode": "Partial",
                        "Parent Relationship": "Outer",
                        "Parallel Aware": false,
                        "Startup Cost": 142637.47,
                        "Total Cost": 142637.48,
                        "Plan Rows": 1,
                        "Plan Width": 8,
                        "Actual Startup Time": 860.665,
                        "Actual Total Time": 860.67,
                        "Actual Rows": 1,
                        "Actual Loops": 4,
                        "Output": [
                            "PARTIAL count(*)"
                        ],
                        "Workers": [
                            {
                                "Worker Number": 0,
                                "Actual Startup Time": 857.409,
                                "Actual Total Time": 857.412,
                                "Actual Rows": 1,
                                "Actual Loops": 1
                            },
                            {
                                "Worker Number": 1,
                                "Actual Startup Time": 857.558,
                                "Actual Total Time": 857.561,
                                "Actual Rows": 1,
                                "Actual Loops": 1
                            },
                            {
                                "Worker Number": 2,
                                "Actual Startup Time": 858.361,
                                "Actual Total Time": 858.365,
                                "Actual Rows": 1,
                                "Actual Loops": 1
                            }
                        ],
                        "Plans": [
                            {
                                "Node Type": "Nested Loop",
                                "Parent Relationship": "Outer",
                                "Parallel Aware": false,
                                "Join Type": "Inner",
                                "Startup Cost": 46945.9,
                                "Total Cost": 142622.08,
                                "Plan Rows": 6157,
                                "Plan Width": 0,
                                "Actual Startup Time": 212.775,
                                "Actual Total Time": 855.999,
                                "Actual Rows": 47185,
                                "Actual Loops": 4,
                                "Inner Unique": false,
                                "Workers": [
                                    {
                                        "Worker Number": 0,
                                        "Actual Startup Time": 209.66,
                                        "Actual Total Time": 852.999,
                                        "Actual Rows": 55447,
                                        "Actual Loops": 1
                                    },
                                    {
                                        "Worker Number": 1,
                                        "Actual Startup Time": 209.916,
                                        "Actual Total Time": 852.446,
                                        "Actual Rows": 38266,
                                        "Actual Loops": 1
                                    },
                                    {
                                        "Worker Number": 2,
                                        "Actual Startup Time": 210.159,
                                        "Actual Total Time": 853.526,
                                        "Actual Rows": 35932,
                                        "Actual Loops": 1
                                    }
                                ],
                                "Plans": [
                                    {
                                        "Node Type": "Hash Join",
                                        "Parent Relationship": "Outer",
                                        "Parallel Aware": true,
                                        "Join Type": "Inner",
                                        "Startup Cost": 46945.47,
                                        "Total Cost": 78654.25,
                                        "Plan Rows": 20782,
                                        "Plan Width": 8,
                                        "Actual Startup Time": 212.592,
                                        "Actual Total Time": 287.704,
                                        "Actual Rows": 52238,
                                        "Actual Loops": 4,
                                        "Output": [
                                            "t.id",
                                            "mc.movie_id"
                                        ],
                                        "Inner Unique": true,
                                        "Hash Cond": "(mc.movie_id = t.id)",
                                        "Workers": [
                                            {
                                                "Worker Number": 0,
                                                "Actual Startup Time": 209.513,
                                                "Actual Total Time": 283.655,
                                                "Actual Rows": 61512,
                                                "Actual Loops": 1
                                            },
                                            {
                                                "Worker Number": 1,
                                                "Actual Startup Time": 209.526,
                                                "Actual Total Time": 280.696,
                                                "Actual Rows": 42152,
                                                "Actual Loops": 1
                                            },
                                            {
                                                "Worker Number": 2,
                                                "Actual Startup Time": 209.999,
                                                "Actual Total Time": 282.798,
                                                "Actual Rows": 39541,
                                                "Actual Loops": 1
                                            }
                                        ],
                                        "Plans": [
                                            {
                                                "Node Type": "Seq Scan",
                                                "Parent Relationship": "Outer",
                                                "Parallel Aware": true,
                                                "Relation Name": "movie_companies",
                                                "Schema": "public",
                                                "Alias": "mc",
                                                "Startup Cost": 0.0,
                                                "Total Cost": 31414.82,
                                                "Plan Rows": 111984,
                                                "Plan Width": 4,
                                                "Actual Startup Time": 34.357,
                                                "Actual Total Time": 76.923,
                                                "Actual Rows": 162261,
                                                "Actual Loops": 4,
                                                "Output": [
                                                    "mc.id",
                                                    "mc.movie_id",
                                                    "mc.company_id",
                                                    "mc.company_type_id",
                                                    "mc.note"
                                                ],
                                                "Filter": "((mc.company_id > 49249) AND (mc.company_type_id > 1))",
                                                "Rows Removed by Filter": 490022,
                                                "Workers": [
                                                    {
                                                        "Worker Number": 0,
                                                        "Actual Startup Time": 34.38,
                                                        "Actual Total Time": 75.601,
                                                        "Actual Rows": 192217,
                                                        "Actual Loops": 1
                                                    },
                                                    {
                                                        "Worker Number": 1,
                                                        "Actual Startup Time": 34.351,
                                                        "Actual Total Time": 78.976,
                                                        "Actual Rows": 132502,
                                                        "Actual Loops": 1
                                                    },
                                                    {
                                                        "Worker Number": 2,
                                                        "Actual Startup Time": 34.338,
                                                        "Actual Total Time": 78.01,
                                                        "Actual Rows": 125094,
                                                        "Actual Loops": 1
                                                    }
                                                ]
                                            },
                                            {
                                                "Node Type": "Hash",
                                                "Parent Relationship": "Inner",
                                                "Parallel Aware": true,
                                                "Startup Cost": 45479.21,
                                                "Total Cost": 45479.21,
                                                "Plan Rows": 117301,
                                                "Plan Width": 4,
                                                "Actual Startup Time": 146.173,
                                                "Actual Total Time": 146.174,
                                                "Actual Rows": 85186,
                                                "Actual Loops": 4,
                                                "Output": [
                                                    "t.id"
                                                ],
                                                "Hash Buckets": 524288,
                                                "Original Hash Buckets": 524288,
                                                "Hash Batches": 1,
                                                "Original Hash Batches": 1,
                                                "Peak Memory Usage": 17472,
                                                "Workers": [
                                                    {
                                                        "Worker Number": 0,
                                                        "Actual Startup Time": 146.208,
                                                        "Actual Total Time": 146.208,
                                                        "Actual Rows": 100572,
                                                        "Actual Loops": 1
                                                    },
                                                    {
                                                        "Worker Number": 1,
                                                        "Actual Startup Time": 146.181,
                                                        "Actual Total Time": 146.182,
                                                        "Actual Rows": 69804,
                                                        "Actual Loops": 1
                                                    },
                                                    {
                                                        "Worker Number": 2,
                                                        "Actual Startup Time": 146.681,
                                                        "Actual Total Time": 146.683,
                                                        "Actual Rows": 67501,
                                                        "Actual Loops": 1
                                                    }
                                                ],
                                                "Plans": [
                                                    {
                                                        "Node Type": "Seq Scan",
                                                        "Parent Relationship": "Outer",
                                                        "Parallel Aware": true,
                                                        "Relation Name": "title",
                                                        "Schema": "public",
                                                        "Alias": "t",
                                                        "Startup Cost": 0.0,
                                                        "Total Cost": 45479.21,
                                                        "Plan Rows": 117301,
                                                        "Plan Width": 4,
                                                        "Actual Startup Time": 52.303,
                                                        "Actual Total Time": 114.09,
                                                        "Actual Rows": 85186,
                                                        "Actual Loops": 4,
                                                        "Output": [
                                                            "t.id"
                                                        ],
                                                        "Filter": "((t.production_year > 1989) AND (t.kind_id = 1))",
                                                        "Rows Removed by Filter": 546892,
                                                        "Workers": [
                                                            {
                                                                "Worker Number": 0,
                                                                "Actual Startup Time": 9.129,
                                                                "Actual Total Time": 113.451,
                                                                "Actual Rows": 100572,
                                                                "Actual Loops": 1
                                                            },
                                                            {
                                                                "Worker Number": 1,
                                                                "Actual Startup Time": 66.488,
                                                                "Actual Total Time": 115.354,
                                                                "Actual Rows": 69804,
                                                                "Actual Loops": 1
                                                            },
                                                            {
                                                                "Worker Number": 2,
                                                                "Actual Startup Time": 66.746,
                                                                "Actual Total Time": 115.598,
                                                                "Actual Rows": 67501,
                                                                "Actual Loops": 1
                                                            }
                                                        ]
                                                    }
                                                ]
                                            }
                                        ]
                                    },
                                    {
                                        "Node Type": "Index Scan",
                                        "Parent Relationship": "Inner",
                                        "Parallel Aware": false,
                                        "Scan Direction": "Forward",
                                        "Index Name": "movie_id_movie_info",
                                        "Relation Name": "movie_info",
                                        "Schema": "public",
                                        "Alias": "mi",
                                        "Startup Cost": 0.43,
                                        "Total Cost": 3.06,
                                        "Plan Rows": 2,
                                        "Plan Width": 4,
                                        "Actual Startup Time": 0.005,
                                        "Actual Total Time": 0.011,
                                        "Actual Rows": 1,
                                        "Actual Loops": 208954,
                                        "Output": [
                                            "mi.id",
                                            "mi.movie_id",
                                            "mi.info_type_id",
                                            "mi.info",
                                            "mi.note"
                                        ],
                                        "Index Cond": "(mi.movie_id = t.id)",
                                        "Rows Removed by Index Recheck": 0,
                                        "Filter": "(mi.info_type_id < 2)",
                                        "Rows Removed by Filter": 23,
                                        "Workers": [
                                            {
                                                "Worker Number": 0,
                                                "Actual Startup Time": 0.004,
                                                "Actual Total Time": 0.009,
                                                "Actual Rows": 1,
                                                "Actual Loops": 61512
                                            },
                                            {
                                                "Worker Number": 1,
                                                "Actual Startup Time": 0.006,
                                                "Actual Total Time": 0.013,
                                                "Actual Rows": 1,
                                                "Actual Loops": 42152
                                            },
                                            {
                                                "Worker Number": 2,
                                                "Actual Startup Time": 0.006,
                                                "Actual Total Time": 0.014,
                                                "Actual Rows": 1,
                                                "Actual Loops": 39541
                                            }
                                        ]
                                    }
                                ]
                            }
                        ]
                    }
                ]
            }
        ]
    },
    "Planning Time": 2.274,
    "Triggers": [],
    "Execution Time": 915.265
}