[
  {
    "Plan": {
      "Node Type": "Aggregate",
      "Strategy": "Plain",
      "Partial Mode": "Finalize",
      "Parallel Aware": false,
      "Startup Cost": 30961.37,
      "Total Cost": 30961.38,
      "Plan Rows": 1,
      "Plan Width": 8,
      "Actual Startup Time": 95.57,
      "Actual Total Time": 103.216,
      "Actual Rows": 1,
      "Actual Loops": 1,
      "Plans": [
        {
          "Node Type": "Gather",
          "Parent Relationship": "Outer",
          "Parallel Aware": false,
          "Startup Cost": 30961.06,
          "Total Cost": 30961.37,
          "Plan Rows": 3,
          "Plan Width": 8,
          "Actual Startup Time": 95.415,
          "Actual Total Time": 103.209,
          "Actual Rows": 4,
          "Actual Loops": 1,
          "Workers Planned": 3,
          "Workers Launched": 3,
          "Single Copy": false,
          "Plans": [
            {
              "Node Type": "Aggregate",
              "Strategy": "Plain",
              "Partial Mode": "Partial",
              "Parent Relationship": "Outer",
              "Parallel Aware": false,
              "Startup Cost": 29961.06,
              "Total Cost": 29961.07,
              "Plan Rows": 1,
              "Plan Width": 8,
              "Actual Startup Time": 88.596,
              "Actual Total Time": 88.597,
              "Actual Rows": 1,
              "Actual Loops": 4,
              "Plans": [
                {
                  "Node Type": "Seq Scan",
                  "Parent Relationship": "Outer",
                  "Parallel Aware": true,
                  "Relation Name": "movie_companies",
                  "Alias": "mc",
                  "Startup Cost": 0.0,
                  "Total Cost": 29310.68,
                  "Plan Rows": 260150,
                  "Plan Width": 0,
                  "Actual Startup Time": 0.03,
                  "Actual Total Time": 76.081,
                  "Actual Rows": 201204,
                  "Actual Loops": 4,
                  "Filter": "(company_id < 1820)",
                  "Rows Removed by Filter": 451078
                }
              ]
            }
          ]
        }
      ]
    },
    "Planning Time": 0.11,
    "Triggers": [],
    "Execution Time": 103.251
  }
]