{
    "Plan": {
        "Node Type": "Aggregate",
        "Strategy": "Plain",
        "Partial Mode": "Finalize",
        "Parallel Aware": false,
        "Startup Cost": 244270.53,
        "Total Cost": 244270.54,
        "Plan Rows": 1,
        "Plan Width": 8,
        "Actual Startup Time": 2814.811,
        "Actual Total Time": 2814.95,
        "Actual Rows": 1,
        "Actual Loops": 1,
        "Output": [
            "count(*)"
        ],
        "Plans": [
            {
                "Node Type": "Gather",
                "Parent Relationship": "Outer",
                "Parallel Aware": false,
                "Startup Cost": 244270.11,
                "Total Cost": 244270.52,
                "Plan Rows": 4,
                "Plan Width": 8,
                "Actual Startup Time": 2814.793,
                "Actual Total Time": 2814.942,
                "Actual Rows": 5,
                "Actual Loops": 1,
                "Output": [
                    "(PARTIAL count(*))"
                ],
                "Workers Planned": 4,
                "Workers Launched": 4,
                "Single Copy": false,
                "Plans": [
                    {
                        "Node Type": "Aggregate",
                        "Strategy": "Plain",
                        "Partial Mode": "Partial",
                        "Parent Relationship": "Outer",
                        "Parallel Aware": false,
                        "Startup Cost": 243270.11,
                        "Total Cost": 243270.12,
                        "Plan Rows": 1,
                        "Plan Width": 8,
                        "Actual Startup Time": 2469.557,
                        "Actual Total Time": 2469.56,
                        "Actual Rows": 1,
                        "Actual Loops": 5,
                        "Output": [
                            "PARTIAL count(*)"
                        ],
                        "Workers": [
                            {
                                "Worker Number": 0,
                                "Actual Startup Time": 2436.028,
                                "Actual Total Time": 2436.031,
                                "Actual Rows": 1,
                                "Actual Loops": 1
                            },
                            {
                                "Worker Number": 1,
                                "Actual Startup Time": 2207.382,
                                "Actual Total Time": 2207.385,
                                "Actual Rows": 1,
                                "Actual Loops": 1
                            },
                            {
                                "Worker Number": 2,
                                "Actual Startup Time": 2446.347,
                                "Actual Total Time": 2446.349,
                                "Actual Rows": 1,
                                "Actual Loops": 1
                            },
                            {
                                "Worker Number": 3,
                                "Actual Startup Time": 2444.109,
                                "Actual Total Time": 2444.112,
                                "Actual Rows": 1,
                                "Actual Loops": 1
                            }
                        ],
                        "Plans": [
                            {
                                "Node Type": "Nested Loop",
                                "Parent Relationship": "Outer",
                                "Parallel Aware": false,
                                "Join Type": "Inner",
                                "Startup Cost": 126838.38,
                                "Total Cost": 242643.82,
                                "Plan Rows": 250514,
                                "Plan Width": 0,
                                "Actual Startup Time": 370.941,
                                "Actual Total Time": 2432.688,
                                "Actual Rows": 705810,
                                "Actual Loops": 5,
                                "Inner Unique": false,
                                "Workers": [
                                    {
                                        "Worker Number": 0,
                                        "Actual Startup Time": 347.364,
                                        "Actual Total Time": 2401.726,
                                        "Actual Rows": 702535,
                                        "Actual Loops": 1
                                    },
                                    {
                                        "Worker Number": 1,
                                        "Actual Startup Time": 451.289,
                                        "Actual Total Time": 2169.356,
                                        "Actual Rows": 477457,
                                        "Actual Loops": 1
                                    },
                                    {
                                        "Worker Number": 2,
                                        "Actual Startup Time": 348.166,
                                        "Actual Total Time": 2411.726,
                                        "Actual Rows": 716472,
                                        "Actual Loops": 1
                                    },
                                    {
                                        "Worker Number": 3,
                                        "Actual Startup Time": 348.452,
                                        "Actual Total Time": 2409.643,
                                        "Actual Rows": 715134,
                                        "Actual Loops": 1
                                    }
                                ],
                                "Plans": [
                                    {
                                        "Node Type": "Merge Join",
                                        "Parent Relationship": "Outer",
                                        "Parallel Aware": false,
                                        "Join Type": "Inner",
                                        "Startup Cost": 126837.81,
                                        "Total Cost": 130156.17,
                                        "Plan Rows": 26964,
                                        "Plan Width": 8,
                                        "Actual Startup Time": 370.803,
                                        "Actual Total Time": 458.531,
                                        "Actual Rows": 40186,
                                        "Actual Loops": 5,
                                        "Output": [
                                            "t.id",
                                            "mi_idx.movie_id"
                                        ],
                                        "Inner Unique": false,
                                        "Merge Cond": "(t.id = mi_idx.movie_id)",
                                        "Workers": [
                                            {
                                                "Worker Number": 0,
                                                "Actual Startup Time": 347.133,
                                                "Actual Total Time": 432.406,
                                                "Actual Rows": 39870,
                                                "Actual Loops": 1
                                            },
                                            {
                                                "Worker Number": 1,
                                                "Actual Startup Time": 451.112,
                                                "Actual Total Time": 537.566,
                                                "Actual Rows": 27282,
                                                "Actual Loops": 1
                                            },
                                            {
                                                "Worker Number": 2,
                                                "Actual Startup Time": 348.043,
                                                "Actual Total Time": 433.739,
                                                "Actual Rows": 40881,
                                                "Actual Loops": 1
                                            },
                                            {
                                                "Worker Number": 3,
                                                "Actual Startup Time": 348.354,
                                                "Actual Total Time": 433.769,
                                                "Actual Rows": 40515,
                                                "Actual Loops": 1
                                            }
                                        ],
                                        "Plans": [
                                            {
                                                "Node Type": "Sort",
                                                "Parent Relationship": "Outer",
                                                "Parallel Aware": false,
                                                "Startup Cost": 58133.6,
                                                "Total Cost": 58502.11,
                                                "Plan Rows": 147406,
                                                "Plan Width": 4,
                                                "Actual Startup Time": 124.802,
                                                "Actual Total Time": 152.799,
                                                "Actual Rows": 118772,
                                                "Actual Loops": 5,
                                                "Output": [
                                                    "t.id"
                                                ],
                                                "Sort Key": [
                                                    "t.id"
                                                ],
                                                "Sort Method": "quicksort",
                                                "Sort Space Used": 13434,
                                                "Sort Space Type": "Memory",
                                                "Workers": [
                                                    {
                                                        "Worker Number": 0,
                                                        "Actual Startup Time": 120.845,
                                                        "Actual Total Time": 149.061,
                                                        "Actual Rows": 118533,
                                                        "Actual Loops": 1
                                                    },
                                                    {
                                                        "Worker Number": 1,
                                                        "Actual Startup Time": 121.61,
                                                        "Actual Total Time": 141.342,
                                                        "Actual Rows": 80500,
                                                        "Actual Loops": 1
                                                    },
                                                    {
                                                        "Worker Number": 2,
                                                        "Actual Startup Time": 121.916,
                                                        "Actual Total Time": 150.23,
                                                        "Actual Rows": 119973,
                                                        "Actual Loops": 1
                                                    },
                                                    {
                                                        "Worker Number": 3,
                                                        "Actual Startup Time": 122.108,
                                                        "Actual Total Time": 150.292,
                                                        "Actual Rows": 119567,
                                                        "Actual Loops": 1
                                                    }
                                                ],
                                                "Plans": [
                                                    {
                                                        "Node Type": "Seq Scan",
                                                        "Parent Relationship": "Outer",
                                                        "Parallel Aware": true,
                                                        "Relation Name": "title",
                                                        "Schema": "public",
                                                        "Alias": "t",
                                                        "Startup Cost": 0.0,
                                                        "Total Cost": 45479.21,
                                                        "Plan Rows": 147406,
                                                        "Plan Width": 4,
                                                        "Actual Startup Time": 57.742,
                                                        "Actual Total Time": 95.698,
                                                        "Actual Rows": 118946,
                                                        "Actual Loops": 5,
                                                        "Output": [
                                                            "t.id"
                                                        ],
                                                        "Filter": "((t.production_year < 2012) AND (t.kind_id = 1))",
                                                        "Rows Removed by Filter": 386716,
                                                        "Workers": [
                                                            {
                                                                "Worker Number": 0,
                                                                "Actual Startup Time": 54.777,
                                                                "Actual Total Time": 92.884,
                                                                "Actual Rows": 118729,
                                                                "Actual Loops": 1
                                                            },
                                                            {
                                                                "Worker Number": 1,
                                                                "Actual Startup Time": 54.998,
                                                                "Actual Total Time": 92.35,
                                                                "Actual Rows": 80641,
                                                                "Actual Loops": 1
                                                            },
                                                            {
                                                                "Worker Number": 2,
                                                                "Actual Startup Time": 55.73,
                                                                "Actual Total Time": 93.637,
                                                                "Actual Rows": 120125,
                                                                "Actual Loops": 1
                                                            },
                                                            {
                                                                "Worker Number": 3,
                                                                "Actual Startup Time": 55.967,
                                                                "Actual Total Time": 93.901,
                                                                "Actual Rows": 119718,
                                                                "Actual Loops": 1
                                                            }
                                                        ]
                                                    }
                                                ]
                                            },
                                            {
                                                "Node Type": "Sort",
                                                "Parent Relationship": "Inner",
                                                "Parallel Aware": false,
                                                "Startup Cost": 68704.19,
                                                "Total Cost": 69860.43,
                                                "Plan Rows": 462496,
                                                "Plan Width": 4,
                                                "Actual Startup Time": 229.211,
                                                "Actual Total Time": 256.32,
                                                "Actual Rows": 459925,
                                                "Actual Loops": 5,
                                                "Output": [
                                                    "mi_idx.movie_id"
                                                ],
                                                "Sort Key": [
                                                    "mi_idx.movie_id"
                                                ],
                                                "Sort Method": "quicksort",
                                                "Sort Space Used": 33847,
                                                "Sort Space Type": "Memory",
                                                "Workers": [
                                                    {
                                                        "Worker Number": 0,
                                                        "Actual Startup Time": 211.209,
                                                        "Actual Total Time": 237.079,
                                                        "Actual Rows": 459925,
                                                        "Actual Loops": 1
                                                    },
                                                    {
                                                        "Worker Number": 1,
                                                        "Actual Startup Time": 305.915,
                                                        "Actual Total Time": 337.435,
                                                        "Actual Rows": 459925,
                                                        "Actual Loops": 1
                                                    },
                                                    {
                                                        "Worker Number": 2,
                                                        "Actual Startup Time": 211.039,
                                                        "Actual Total Time": 237.134,
                                                        "Actual Rows": 459925,
                                                        "Actual Loops": 1
                                                    },
                                                    {
                                                        "Worker Number": 3,
                                                        "Actual Startup Time": 211.123,
                                                        "Actual Total Time": 237.088,
                                                        "Actual Rows": 459925,
                                                        "Actual Loops": 1
                                                    }
                                                ],
                                                "Plans": [
                                                    {
                                                        "Node Type": "Seq Scan",
                                                        "Parent Relationship": "Outer",
                                                        "Parallel Aware": false,
                                                        "Relation Name": "movie_info_idx",
                                                        "Schema": "public",
                                                        "Alias": "mi_idx",
                                                        "Startup Cost": 0.0,
                                                        "Total Cost": 25185.44,
                                                        "Plan Rows": 462496,
                                                        "Plan Width": 4,
                                                        "Actual Startup Time": 0.038,
                                                        "Actual Total Time": 120.071,
                                                        "Actual Rows": 459925,
                                                        "Actual Loops": 5,
                                                        "Output": [
                                                            "mi_idx.movie_id"
                                                        ],
                                                        "Filter": "(mi_idx.info_type_id = 100)",
                                                        "Rows Removed by Filter": 920110,
                                                        "Workers": [
                                                            {
                                                                "Worker Number": 0,
                                                                "Actual Startup Time": 0.059,
                                                                "Actual Total Time": 111.346,
                                                                "Actual Rows": 459925,
                                                                "Actual Loops": 1
                                                            },
                                                            {
                                                                "Worker Number": 1,
                                                                "Actual Startup Time": 0.053,
                                                                "Actual Total Time": 161.16,
                                                                "Actual Rows": 459925,
                                                                "Actual Loops": 1
                                                            },
                                                            {
                                                                "Worker Number": 2,
                                                                "Actual Startup Time": 0.031,
                                                                "Actual Total Time": 111.624,
                                                                "Actual Rows": 459925,
                                                                "Actual Loops": 1
                                                            },
                                                            {
                                                                "Worker Number": 3,
                                                                "Actual Startup Time": 0.036,
                                                                "Actual Total Time": 111.466,
                                                                "Actual Rows": 459925,
                                                                "Actual Loops": 1
                                                            }
                                                        ]
                                                    }
                                                ]
                                            }
                                        ]
                                    },
                                    {
                                        "Node Type": "Index Scan",
                                        "Parent Relationship": "Inner",
                                        "Parallel Aware": false,
                                        "Scan Direction": "Forward",
                                        "Index Name": "movie_id_cast_info",
                                        "Relation Name": "cast_info",
                                        "Schema": "public",
                                        "Alias": "ci",
                                        "Startup Cost": 0.56,
                                        "Total Cost": 3.92,
                                        "Plan Rows": 25,
                                        "Plan Width": 4,
                                        "Actual Startup Time": 0.022,
                                        "Actual Total Time": 0.048,
                                        "Actual Rows": 18,
                                        "Actual Loops": 200928,
                                        "Output": [
                                            "ci.id",
                                            "ci.person_id",
                                            "ci.movie_id",
                                            "ci.person_role_id",
                                            "ci.note",
                                            "ci.nr_order",
                                            "ci.role_id"
                                        ],
                                        "Index Cond": "(ci.movie_id = t.id)",
                                        "Rows Removed by Index Recheck": 0,
                                        "Filter": "(ci.role_id > 1)",
                                        "Rows Removed by Filter": 12,
                                        "Workers": [
                                            {
                                                "Worker Number": 0,
                                                "Actual Startup Time": 0.022,
                                                "Actual Total Time": 0.048,
                                                "Actual Rows": 18,
                                                "Actual Loops": 39870
                                            },
                                            {
                                                "Worker Number": 1,
                                                "Actual Startup Time": 0.028,
                                                "Actual Total Time": 0.057,
                                                "Actual Rows": 18,
                                                "Actual Loops": 27282
                                            },
                                            {
                                                "Worker Number": 2,
                                                "Actual Startup Time": 0.022,
                                                "Actual Total Time": 0.047,
                                                "Actual Rows": 18,
                                                "Actual Loops": 40881
                                            },
                                            {
                                                "Worker Number": 3,
                                                "Actual Startup Time": 0.022,
                                                "Actual Total Time": 0.047,
                                                "Actual Rows": 18,
                                                "Actual Loops": 40515
                                            }
                                        ]
                                    }
                                ]
                            }
                        ]
                    }
                ]
            }
        ]
    },
    "Planning Time": 1.581,
    "Triggers": [],
    "Execution Time": 2817.682
}