[
  {
    "Plan": {
      "Node Type": "Aggregate",
      "Strategy": "Plain",
      "Partial Mode": "Finalize",
      "Parallel Aware": false,
      "Startup Cost": 32804.11,
      "Total Cost": 32804.12,
      "Plan Rows": 1,
      "Plan Width": 8,
      "Actual Startup Time": 90.016,
      "Actual Total Time": 96.433,
      "Actual Rows": 1,
      "Actual Loops": 1,
      "Plans": [
        {
          "Node Type": "Gather",
          "Parent Relationship": "Outer",
          "Parallel Aware": false,
          "Startup Cost": 32803.79,
          "Total Cost": 32804.1,
          "Plan Rows": 3,
          "Plan Width": 8,
          "Actual Startup Time": 89.895,
          "Actual Total Time": 96.424,
          "Actual Rows": 4,
          "Actual Loops": 1,
          "Workers Planned": 3,
          "Workers Launched": 3,
          "Single Copy": false,
          "Plans": [
            {
              "Node Type": "Aggregate",
              "Strategy": "Plain",
              "Partial Mode": "Partial",
              "Parent Relationship": "Outer",
              "Parallel Aware": false,
              "Startup Cost": 31803.79,
              "Total Cost": 31803.8,
              "Plan Rows": 1,
              "Plan Width": 8,
              "Actual Startup Time": 85.765,
              "Actual Total Time": 85.766,
              "Actual Rows": 1,
              "Actual Loops": 4,
              "Plans": [
                {
                  "Node Type": "Seq Scan",
                  "Parent Relationship": "Outer",
                  "Parallel Aware": true,
                  "Relation Name": "movie_companies",
                  "Alias": "mc",
                  "Startup Cost": 0.0,
                  "Total Cost": 31414.82,
                  "Plan Rows": 155589,
                  "Plan Width": 0,
                  "Actual Startup Time": 0.016,
                  "Actual Total Time": 75.365,
                  "Actual Rows": 173464,
                  "Actual Loops": 4,
                  "Filter": "((company_id < 4599) AND (company_type_id = 1))",
                  "Rows Removed by Filter": 478819
                }
              ]
            }
          ]
        }
      ]
    },
    "Planning Time": 0.192,
    "Triggers": [],
    "Execution Time": 96.48
  }
]