[
  {
    "Plan": {
      "Node Type": "Aggregate",
      "Strategy": "Plain",
      "Partial Mode": "Finalize",
      "Parallel Aware": false,
      "Startup Cost": 32809.59,
      "Total Cost": 32809.6,
      "Plan Rows": 1,
      "Plan Width": 8,
      "Actual Startup Time": 94.819,
      "Actual Total Time": 102.606,
      "Actual Rows": 1,
      "Actual Loops": 1,
      "Plans": [
        {
          "Node Type": "Gather",
          "Parent Relationship": "Outer",
          "Parallel Aware": false,
          "Startup Cost": 32809.27,
          "Total Cost": 32809.58,
          "Plan Rows": 3,
          "Plan Width": 8,
          "Actual Startup Time": 94.699,
          "Actual Total Time": 102.598,
          "Actual Rows": 4,
          "Actual Loops": 1,
          "Workers Planned": 3,
          "Workers Launched": 3,
          "Single Copy": false,
          "Plans": [
            {
              "Node Type": "Aggregate",
              "Strategy": "Plain",
              "Partial Mode": "Partial",
              "Parent Relationship": "Outer",
              "Parallel Aware": false,
              "Startup Cost": 31809.27,
              "Total Cost": 31809.28,
              "Plan Rows": 1,
              "Plan Width": 8,
              "Actual Startup Time": 86.985,
              "Actual Total Time": 86.986,
              "Actual Rows": 1,
              "Actual Loops": 4,
              "Plans": [
                {
                  "Node Type": "Seq Scan",
                  "Parent Relationship": "Outer",
                  "Parallel Aware": true,
                  "Relation Name": "movie_companies",
                  "Alias": "mc",
                  "Startup Cost": 0.0,
                  "Total Cost": 31414.82,
                  "Plan Rows": 157782,
                  "Plan Width": 0,
                  "Actual Startup Time": 0.045,
                  "Actual Total Time": 75.465,
                  "Actual Rows": 173464,
                  "Actual Loops": 4,
                  "Filter": "((company_id < 4599) AND (company_type_id = 1))",
                  "Rows Removed by Filter": 478819
                }
              ]
            }
          ]
        }
      ]
    },
    "Planning Time": 0.181,
    "Triggers": [],
    "Execution Time": 102.654
  }
]