[
    {
        "Bao": {
            "Bao prediction": "NaN",
            "Bao recommended hint": "(no hint)"
        }
    },
    {
        "Plan": {
            "Node Type": "Aggregate",
            "Strategy": "Plain",
            "Partial Mode": "Finalize",
            "Parallel Aware": false,
            "Startup Cost": 146363.72,
            "Total Cost": 146363.73,
            "Plan Rows": 1,
            "Plan Width": 8,
            "Actual Startup Time": 1030.603,
            "Actual Total Time": 1060.505,
            "Actual Rows": 1,
            "Actual Loops": 1,
            "Output": [
                "count(*)"
            ],
            "Plans": [
                {
                    "Node Type": "Gather",
                    "Parent Relationship": "Outer",
                    "Parallel Aware": false,
                    "Startup Cost": 146363.41,
                    "Total Cost": 146363.72,
                    "Plan Rows": 3,
                    "Plan Width": 8,
                    "Actual Startup Time": 1028.092,
                    "Actual Total Time": 1060.477,
                    "Actual Rows": 4,
                    "Actual Loops": 1,
                    "Output": [
                        "(PARTIAL count(*))"
                    ],
                    "Workers Planned": 3,
                    "Workers Launched": 3,
                    "Single Copy": false,
                    "Plans": [
                        {
                            "Node Type": "Aggregate",
                            "Strategy": "Plain",
                            "Partial Mode": "Partial",
                            "Parent Relationship": "Outer",
                            "Parallel Aware": false,
                            "Startup Cost": 145363.41,
                            "Total Cost": 145363.42,
                            "Plan Rows": 1,
                            "Plan Width": 8,
                            "Actual Startup Time": 1019.703,
                            "Actual Total Time": 1019.707,
                            "Actual Rows": 1,
                            "Actual Loops": 4,
                            "Output": [
                                "PARTIAL count(*)"
                            ],
                            "Workers": [
                                {
                                    "Worker Number": 0,
                                    "Actual Startup Time": 1016.072,
                                    "Actual Total Time": 1016.076,
                                    "Actual Rows": 1,
                                    "Actual Loops": 1
                                },
                                {
                                    "Worker Number": 1,
                                    "Actual Startup Time": 1018.443,
                                    "Actual Total Time": 1018.446,
                                    "Actual Rows": 1,
                                    "Actual Loops": 1
                                },
                                {
                                    "Worker Number": 2,
                                    "Actual Startup Time": 1016.588,
                                    "Actual Total Time": 1016.593,
                                    "Actual Rows": 1,
                                    "Actual Loops": 1
                                }
                            ],
                            "Plans": [
                                {
                                    "Node Type": "Nested Loop",
                                    "Parent Relationship": "Outer",
                                    "Parallel Aware": false,
                                    "Join Type": "Inner",
                                    "Startup Cost": 44264.73,
                                    "Total Cost": 144967.34,
                                    "Plan Rows": 158425,
                                    "Plan Width": 0,
                                    "Actual Startup Time": 142.925,
                                    "Actual Total Time": 952.586,
                                    "Actual Rows": 1002621,
                                    "Actual Loops": 4,
                                    "Inner Unique": false,
                                    "Join Filter": "(t.id = mi.movie_id)",
                                    "Rows Removed by Join Filter": 0,
                                    "Workers": [
                                        {
                                            "Worker Number": 0,
                                            "Actual Startup Time": 139.589,
                                            "Actual Total Time": 950.836,
                                            "Actual Rows": 982184,
                                            "Actual Loops": 1
                                        },
                                        {
                                            "Worker Number": 1,
                                            "Actual Startup Time": 140.253,
                                            "Actual Total Time": 953.581,
                                            "Actual Rows": 972924,
                                            "Actual Loops": 1
                                        },
                                        {
                                            "Worker Number": 2,
                                            "Actual Startup Time": 140.597,
                                            "Actual Total Time": 952.921,
                                            "Actual Rows": 954188,
                                            "Actual Loops": 1
                                        }
                                    ],
                                    "Plans": [
                                        {
                                            "Node Type": "Hash Join",
                                            "Parent Relationship": "Outer",
                                            "Parallel Aware": true,
                                            "Join Type": "Inner",
                                            "Startup Cost": 44264.29,
                                            "Total Cost": 88501.25,
                                            "Plan Rows": 27146,
                                            "Plan Width": 8,
                                            "Actual Startup Time": 142.797,
                                            "Actual Total Time": 361.144,
                                            "Actual Rows": 18753,
                                            "Actual Loops": 4,
                                            "Output": [
                                                "t.id",
                                                "mk.movie_id"
                                            ],
                                            "Inner Unique": true,
                                            "Hash Cond": "(mk.movie_id = t.id)",
                                            "Workers": [
                                                {
                                                    "Worker Number": 0,
                                                    "Actual Startup Time": 139.434,
                                                    "Actual Total Time": 345.319,
                                                    "Actual Rows": 18309,
                                                    "Actual Loops": 1
                                                },
                                                {
                                                    "Worker Number": 1,
                                                    "Actual Startup Time": 140.087,
                                                    "Actual Total Time": 356.126,
                                                    "Actual Rows": 17780,
                                                    "Actual Loops": 1
                                                },
                                                {
                                                    "Worker Number": 2,
                                                    "Actual Startup Time": 140.457,
                                                    "Actual Total Time": 359.528,
                                                    "Actual Rows": 17697,
                                                    "Actual Loops": 1
                                                }
                                            ],
                                            "Plans": [
                                                {
                                                    "Node Type": "Seq Scan",
                                                    "Parent Relationship": "Outer",
                                                    "Parallel Aware": true,
                                                    "Relation Name": "movie_keyword",
                                                    "Schema": "public",
                                                    "Alias": "mk",
                                                    "Startup Cost": 0.0,
                                                    "Total Cost": 42695.65,
                                                    "Plan Rows": 587164,
                                                    "Plan Width": 4,
                                                    "Actual Startup Time": 0.026,
                                                    "Actual Total Time": 139.711,
                                                    "Actual Rows": 454824,
                                                    "Actual Loops": 4,
                                                    "Output": [
                                                        "mk.id",
                                                        "mk.movie_id",
                                                        "mk.keyword_id"
                                                    ],
                                                    "Filter": "(mk.keyword_id < 2987)",
                                                    "Rows Removed by Filter": 676159,
                                                    "Workers": [
                                                        {
                                                            "Worker Number": 0,
                                                            "Actual Startup Time": 0.028,
                                                            "Actual Total Time": 133.724,
                                                            "Actual Rows": 422112,
                                                            "Actual Loops": 1
                                                        },
                                                        {
                                                            "Worker Number": 1,
                                                            "Actual Startup Time": 0.03,
                                                            "Actual Total Time": 137.753,
                                                            "Actual Rows": 432033,
                                                            "Actual Loops": 1
                                                        },
                                                        {
                                                            "Worker Number": 2,
                                                            "Actual Startup Time": 0.032,
                                                            "Actual Total Time": 139.815,
                                                            "Actual Rows": 438520,
                                                            "Actual Loops": 1
                                                        }
                                                    ]
                                                },
                                                {
                                                    "Node Type": "Hash",
                                                    "Parent Relationship": "Inner",
                                                    "Parallel Aware": true,
                                                    "Startup Cost": 43899.01,
                                                    "Total Cost": 43899.01,
                                                    "Plan Rows": 29223,
                                                    "Plan Width": 4,
                                                    "Actual Startup Time": 141.563,
                                                    "Actual Total Time": 141.564,
                                                    "Actual Rows": 29891,
                                                    "Actual Loops": 4,
                                                    "Output": [
                                                        "t.id"
                                                    ],
                                                    "Hash Buckets": 131072,
                                                    "Original Hash Buckets": 131072,
                                                    "Hash Batches": 1,
                                                    "Original Hash Batches": 1,
                                                    "Peak Memory Usage": 5760,
                                                    "Workers": [
                                                        {
                                                            "Worker Number": 0,
                                                            "Actual Startup Time": 138.831,
                                                            "Actual Total Time": 138.831,
                                                            "Actual Rows": 26175,
                                                            "Actual Loops": 1
                                                        },
                                                        {
                                                            "Worker Number": 1,
                                                            "Actual Startup Time": 139.256,
                                                            "Actual Total Time": 139.257,
                                                            "Actual Rows": 24215,
                                                            "Actual Loops": 1
                                                        },
                                                        {
                                                            "Worker Number": 2,
                                                            "Actual Startup Time": 139.464,
                                                            "Actual Total Time": 139.465,
                                                            "Actual Rows": 22212,
                                                            "Actual Loops": 1
                                                        }
                                                    ],
                                                    "Plans": [
                                                        {
                                                            "Node Type": "Seq Scan",
                                                            "Parent Relationship": "Outer",
                                                            "Parallel Aware": true,
                                                            "Relation Name": "title",
                                                            "Schema": "public",
                                                            "Alias": "t",
                                                            "Startup Cost": 0.0,
                                                            "Total Cost": 43899.01,
                                                            "Plan Rows": 29223,
                                                            "Plan Width": 4,
                                                            "Actual Startup Time": 0.064,
                                                            "Actual Total Time": 124.526,
                                                            "Actual Rows": 29891,
                                                            "Actual Loops": 4,
                                                            "Output": [
                                                                "t.id"
                                                            ],
                                                            "Filter": "(t.production_year = 2007)",
                                                            "Rows Removed by Filter": 602187,
                                                            "Workers": [
                                                                {
                                                                    "Worker Number": 0,
                                                                    "Actual Startup Time": 0.064,
                                                                    "Actual Total Time": 123.432,
                                                                    "Actual Rows": 26175,
                                                                    "Actual Loops": 1
                                                                },
                                                                {
                                                                    "Worker Number": 1,
                                                                    "Actual Startup Time": 0.062,
                                                                    "Actual Total Time": 122.774,
                                                                    "Actual Rows": 24215,
                                                                    "Actual Loops": 1
                                                                },
                                                                {
                                                                    "Worker Number": 2,
                                                                    "Actual Startup Time": 0.106,
                                                                    "Actual Total Time": 123.423,
                                                                    "Actual Rows": 22212,
                                                                    "Actual Loops": 1
                                                                }
                                                            ]
                                                        }
                                                    ]
                                                }
                                            ]
                                        },
                                        {
                                            "Node Type": "Index Only Scan",
                                            "Parent Relationship": "Inner",
                                            "Parallel Aware": false,
                                            "Scan Direction": "Forward",
                                            "Index Name": "movie_id_movie_info",
                                            "Relation Name": "movie_info",
                                            "Schema": "public",
                                            "Alias": "mi",
                                            "Startup Cost": 0.43,
                                            "Total Cost": 1.59,
                                            "Plan Rows": 39,
                                            "Plan Width": 4,
                                            "Actual Startup Time": 0.006,
                                            "Actual Total Time": 0.024,
                                            "Actual Rows": 53,
                                            "Actual Loops": 75011,
                                            "Output": [
                                                "mi.movie_id"
                                            ],
                                            "Index Cond": "(mi.movie_id = mk.movie_id)",
                                            "Rows Removed by Index Recheck": 0,
                                            "Heap Fetches": 4010485,
                                            "Workers": [
                                                {
                                                    "Worker Number": 0,
                                                    "Actual Startup Time": 0.007,
                                                    "Actual Total Time": 0.026,
                                                    "Actual Rows": 54,
                                                    "Actual Loops": 18309
                                                },
                                                {
                                                    "Worker Number": 1,
                                                    "Actual Startup Time": 0.007,
                                                    "Actual Total Time": 0.026,
                                                    "Actual Rows": 55,
                                                    "Actual Loops": 17780
                                                },
                                                {
                                                    "Worker Number": 2,
                                                    "Actual Startup Time": 0.007,
                                                    "Actual Total Time": 0.026,
                                                    "Actual Rows": 54,
                                                    "Actual Loops": 17697
                                                }
                                            ]
                                        }
                                    ]
                                }
                            ]
                        }
                    ]
                }
            ]
        },
        "Planning Time": 309.559,
        "Triggers": [],
        "Execution Time": 1060.593
    }
]