[
  {
    "Plan": {
      "Node Type": "Aggregate",
      "Strategy": "Plain",
      "Partial Mode": "Finalize",
      "Parallel Aware": false,
      "Startup Cost": 24580.09,
      "Total Cost": 24580.1,
      "Plan Rows": 1,
      "Plan Width": 8,
      "Actual Startup Time": 32.973,
      "Actual Total Time": 36.052,
      "Actual Rows": 1,
      "Actual Loops": 1,
      "Plans": [
        {
          "Node Type": "Gather",
          "Parent Relationship": "Outer",
          "Parallel Aware": false,
          "Startup Cost": 24579.78,
          "Total Cost": 24580.09,
          "Plan Rows": 3,
          "Plan Width": 8,
          "Actual Startup Time": 32.833,
          "Actual Total Time": 36.047,
          "Actual Rows": 4,
          "Actual Loops": 1,
          "Workers Planned": 3,
          "Workers Launched": 3,
          "Single Copy": false,
          "Plans": [
            {
              "Node Type": "Aggregate",
              "Strategy": "Plain",
              "Partial Mode": "Partial",
              "Parent Relationship": "Outer",
              "Parallel Aware": false,
              "Startup Cost": 23579.78,
              "Total Cost": 23579.79,
              "Plan Rows": 1,
              "Plan Width": 8,
              "Actual Startup Time": 28.216,
              "Actual Total Time": 28.217,
              "Actual Rows": 1,
              "Actual Loops": 4,
              "Plans": [
                {
                  "Node Type": "Bitmap Heap Scan",
                  "Parent Relationship": "Outer",
                  "Parallel Aware": true,
                  "Relation Name": "movie_companies",
                  "Alias": "mc",
                  "Startup Cost": 3851.56,
                  "Total Cost": 23506.3,
                  "Plan Rows": 29392,
                  "Plan Width": 0,
                  "Actual Startup Time": 4.808,
                  "Actual Total Time": 25.487,
                  "Actual Rows": 45448,
                  "Actual Loops": 4,
                  "Recheck Cond": "(company_id > 119660)",
                  "Rows Removed by Index Recheck": 0,
                  "Filter": "(company_type_id > 1)",
                  "Rows Removed by Filter": 0,
                  "Exact Heap Blocks": 2129,
                  "Lossy Heap Blocks": 0,
                  "Plans": [
                    {
                      "Node Type": "Bitmap Index Scan",
                      "Parent Relationship": "Outer",
                      "Parallel Aware": false,
                      "Index Name": "company_id_movie_companies",
                      "Startup Cost": 0.0,
                      "Total Cost": 3828.78,
                      "Plan Rows": 178713,
                      "Plan Width": 0,
                      "Actual Startup Time": 8.216,
                      "Actual Total Time": 8.216,
                      "Actual Rows": 181794,
                      "Actual Loops": 1,
                      "Index Cond": "(company_id > 119660)"
                    }
                  ]
                }
              ]
            }
          ]
        }
      ]
    },
    "Planning Time": 0.074,
    "Triggers": [],
    "Execution Time": 36.081
  }
]