{
  "Plan": {
    "Node Type": "Aggregate",
    "Strategy": "Plain",
    "Partial Mode": "Finalize",
    "Parallel Aware": false,
    "Startup Cost": 169399.58,
    "Total Cost": 169399.59,
    "Plan Rows": 1,
    "Plan Width": 8,
    "Actual Startup Time": 658.906,
    "Actual Total Time": 679.606,
    "Actual Rows": 1,
    "Actual Loops": 1,
    "Plans": [
      {
        "Node Type": "Gather",
        "Parent Relationship": "Outer",
        "Parallel Aware": false,
        "Startup Cost": 169399.47,
        "Total Cost": 169399.58,
        "Plan Rows": 1,
        "Plan Width": 8,
        "Actual Startup Time": 658.151,
        "Actual Total Time": 679.595,
        "Actual Rows": 2,
        "Actual Loops": 1,
        "Workers Planned": 1,
        "Workers Launched": 1,
        "Single Copy": false,
        "Plans": [
          {
            "Node Type": "Aggregate",
            "Strategy": "Plain",
            "Partial Mode": "Partial",
            "Parent Relationship": "Outer",
            "Parallel Aware": false,
            "Startup Cost": 168399.47,
            "Total Cost": 168399.48,
            "Plan Rows": 1,
            "Plan Width": 8,
            "Actual Startup Time": 651.801,
            "Actual Total Time": 651.808,
            "Actual Rows": 1,
            "Actual Loops": 2,
            "Plans": [
              {
                "Node Type": "Hash Join",
                "Parent Relationship": "Outer",
                "Parallel Aware": true,
                "Join Type": "Inner",
                "Startup Cost": 104804.78,
                "Total Cost": 168261.56,
                "Plan Rows": 55164,
                "Plan Width": 0,
                "Actual Startup Time": 365.684,
                "Actual Total Time": 646.575,
                "Actual Rows": 125023,
                "Actual Loops": 2,
                "Inner Unique": false,
                "Hash Cond": "(mk.movie_id = t.id)",
                "Plans": [
                  {
                    "Node Type": "Seq Scan",
                    "Parent Relationship": "Outer",
                    "Parallel Aware": true,
                    "Relation Name": "movie_keyword",
                    "Alias": "mk",
                    "Startup Cost": 0.0,
                    "Total Cost": 57718.19,
                    "Plan Rows": 1443761,
                    "Plan Width": 4,
                    "Actual Startup Time": 0.375,
                    "Actual Total Time": 191.336,
                    "Actual Rows": 1225108,
                    "Actual Loops": 2,
                    "Filter": "(keyword_id > 3666)",
                    "Rows Removed by Filter": 1036856
                  },
                  {
                    "Node Type": "Hash",
                    "Parent Relationship": "Inner",
                    "Parallel Aware": true,
                    "Startup Cost": 104094.46,
                    "Total Cost": 104094.46,
                    "Plan Rows": 56825,
                    "Plan Width": 8,
                    "Actual Startup Time": 362.62,
                    "Actual Total Time": 362.625,
                    "Actual Rows": 28513,
                    "Actual Loops": 2,
                    "Hash Buckets": 131072,
                    "Original Hash Buckets": 131072,
                    "Hash Batches": 1,
                    "Original Hash Batches": 1,
                    "Peak Memory Usage": 3264,
                    "Plans": [
                      {
                        "Node Type": "Hash Join",
                        "Parent Relationship": "Outer",
                        "Parallel Aware": true,
                        "Join Type": "Inner",
                        "Startup Cost": 42958.17,
                        "Total Cost": 104094.46,
                        "Plan Rows": 56825,
                        "Plan Width": 8,
                        "Actual Startup Time": 154.6,
                        "Actual Total Time": 353.714,
                        "Actual Rows": 28513,
                        "Actual Loops": 2,
                        "Inner Unique": false,
                        "Hash Cond": "(t.id = mc.movie_id)",
                        "Plans": [
                          {
                            "Node Type": "Seq Scan",
                            "Parent Relationship": "Outer",
                            "Parallel Aware": true,
                            "Relation Name": "title",
                            "Alias": "t",
                            "Startup Cost": 0.0,
                            "Total Cost": 58306.47,
                            "Plan Rows": 399289,
                            "Plan Width": 4,
                            "Actual Startup Time": 0.017,
                            "Actual Total Time": 138.626,
                            "Actual Rows": 288142,
                            "Actual Loops": 2,
                            "Filter": "((kind_id < 7) AND (production_year > 1991))",
                            "Rows Removed by Filter": 976014
                          },
                          {
                            "Node Type": "Hash",
                            "Parent Relationship": "Inner",
                            "Parallel Aware": true,
                            "Startup Cost": 40312.45,
                            "Total Cost": 40312.45,
                            "Plan Rows": 211658,
                            "Plan Width": 4,
                            "Actual Startup Time": 150.518,
                            "Actual Total Time": 150.52,
                            "Actual Rows": 103330,
                            "Actual Loops": 2,
                            "Hash Buckets": 524288,
                            "Original Hash Buckets": 524288,
                            "Hash Batches": 1,
                            "Original Hash Batches": 1,
                            "Peak Memory Usage": 12192,
                            "Plans": [
                              {
                                "Node Type": "Bitmap Heap Scan",
                                "Parent Relationship": "Outer",
                                "Parallel Aware": true,
                                "Relation Name": "movie_companies",
                                "Alias": "mc",
                                "Startup Cost": 15269.44,
                                "Total Cost": 40312.45,
                                "Plan Rows": 211658,
                                "Plan Width": 4,
                                "Actual Startup Time": 95.603,
                                "Actual Total Time": 123.278,
                                "Actual Rows": 103330,
                                "Actual Loops": 2,
                                "Recheck Cond": "(company_id < 1322)",
                                "Rows Removed by Index Recheck": 0,
                                "Filter": "(company_type_id = 2)",
                                "Rows Removed by Filter": 249039,
                                "Exact Heap Blocks": 12215,
                                "Lossy Heap Blocks": 0,
                                "Plans": [
                                  {
                                    "Node Type": "Bitmap Index Scan",
                                    "Parent Relationship": "Outer",
                                    "Parallel Aware": false,
                                    "Index Name": "company_id_movie_companies",
                                    "Startup Cost": 0.0,
                                    "Total Cost": 15179.49,
                                    "Plan Rows": 708674,
                                    "Plan Width": 0,
                                    "Actual Startup Time": 41.083,
                                    "Actual Total Time": 41.084,
                                    "Actual Rows": 704738,
                                    "Actual Loops": 1,
                                    "Index Cond": "(company_id < 1322)"
                                  }
                                ]
                              }
                            ]
                          }
                        ]
                      }
                    ]
                  }
                ]
              }
            ]
          }
        ]
      }
    ]
  },
  "Planning Time": 1.194,
  "Triggers": [],
  "Execution Time": 679.718
}