{
  "Plan": {
    "Node Type": "Aggregate",
    "Strategy": "Plain",
    "Partial Mode": "Finalize",
    "Parallel Aware": false,
    "Startup Cost": 776555.85,
    "Total Cost": 776555.86,
    "Plan Rows": 1,
    "Plan Width": 8,
    "Actual Startup Time": 7477.426,
    "Actual Total Time": 7532.802,
    "Actual Rows": 1,
    "Actual Loops": 1,
    "Plans": [
      {
        "Node Type": "Gather",
        "Parent Relationship": "Outer",
        "Parallel Aware": false,
        "Startup Cost": 776555.73,
        "Total Cost": 776555.84,
        "Plan Rows": 1,
        "Plan Width": 8,
        "Actual Startup Time": 7468.667,
        "Actual Total Time": 7532.789,
        "Actual Rows": 2,
        "Actual Loops": 1,
        "Workers Planned": 1,
        "Workers Launched": 1,
        "Single Copy": false,
        "Plans": [
          {
            "Node Type": "Aggregate",
            "Strategy": "Plain",
            "Partial Mode": "Partial",
            "Parent Relationship": "Outer",
            "Parallel Aware": false,
            "Startup Cost": 775555.73,
            "Total Cost": 775555.74,
            "Plan Rows": 1,
            "Plan Width": 8,
            "Actual Startup Time": 7460.827,
            "Actual Total Time": 7461.915,
            "Actual Rows": 1,
            "Actual Loops": 2,
            "Plans": [
              {
                "Node Type": "Hash Join",
                "Parent Relationship": "Outer",
                "Parallel Aware": true,
                "Join Type": "Inner",
                "Startup Cost": 463541.24,
                "Total Cost": 766474.84,
                "Plan Rows": 3632358,
                "Plan Width": 0,
                "Actual Startup Time": 2141.323,
                "Actual Total Time": 6788.228,
                "Actual Rows": 16949490,
                "Actual Loops": 2,
                "Inner Unique": false,
                "Hash Cond": "(mi.movie_id = t.id)",
                "Plans": [
                  {
                    "Node Type": "Seq Scan",
                    "Parent Relationship": "Outer",
                    "Parallel Aware": true,
                    "Relation Name": "movie_info",
                    "Alias": "mi",
                    "Startup Cost": 0.0,
                    "Total Cost": 248955.74,
                    "Plan Rows": 8696274,
                    "Plan Width": 4,
                    "Actual Startup Time": 0.017,
                    "Actual Total Time": 712.791,
                    "Actual Rows": 7417860,
                    "Actual Loops": 2
                  },
                  {
                    "Node Type": "Hash",
                    "Parent Relationship": "Inner",
                    "Parallel Aware": true,
                    "Startup Cost": 455776.19,
                    "Total Cost": 455776.19,
                    "Plan Rows": 621204,
                    "Plan Width": 8,
                    "Actual Startup Time": 2126.481,
                    "Actual Total Time": 2127.567,
                    "Actual Rows": 1189730,
                    "Actual Loops": 2,
                    "Hash Buckets": 4194304,
                    "Original Hash Buckets": 2097152,
                    "Hash Batches": 1,
                    "Original Hash Batches": 1,
                    "Peak Memory Usage": 142272,
                    "Plans": [
                      {
                        "Node Type": "Hash Join",
                        "Parent Relationship": "Outer",
                        "Parallel Aware": true,
                        "Join Type": "Inner",
                        "Startup Cost": 162614.6,
                        "Total Cost": 455776.19,
                        "Plan Rows": 621204,
                        "Plan Width": 8,
                        "Actual Startup Time": 614.186,
                        "Actual Total Time": 1695.113,
                        "Actual Rows": 1189730,
                        "Actual Loops": 2,
                        "Inner Unique": true,
                        "Hash Cond": "(ci.movie_id = t.id)",
                        "Plans": [
                          {
                            "Node Type": "Bitmap Heap Scan",
                            "Parent Relationship": "Outer",
                            "Parallel Aware": true,
                            "Relation Name": "cast_info",
                            "Alias": "ci",
                            "Startup Cost": 94848.99,
                            "Total Cost": 385710.05,
                            "Plan Rows": 876392,
                            "Plan Width": 4,
                            "Actual Startup Time": 161.558,
                            "Actual Total Time": 468.621,
                            "Actual Rows": 1598468,
                            "Actual Loops": 2,
                            "Recheck Cond": "(person_id < 427686)",
                            "Rows Removed by Index Recheck": 0,
                            "Filter": "(role_id < 2)",
                            "Rows Removed by Filter": 616184,
                            "Exact Heap Blocks": 25385,
                            "Lossy Heap Blocks": 0,
                            "Plans": [
                              {
                                "Node Type": "Bitmap Index Scan",
                                "Parent Relationship": "Outer",
                                "Parallel Aware": false,
                                "Index Name": "person_id_cast_info",
                                "Startup Cost": 0.0,
                                "Total Cost": 94476.52,
                                "Plan Rows": 4326394,
                                "Plan Width": 0,
                                "Actual Startup Time": 154.134,
                                "Actual Total Time": 154.134,
                                "Actual Rows": 4429303,
                                "Actual Loops": 1,
                                "Index Cond": "(person_id < 427686)"
                              }
                            ]
                          },
                          {
                            "Node Type": "Hash",
                            "Parent Relationship": "Inner",
                            "Parallel Aware": true,
                            "Startup Cost": 54588.39,
                            "Total Cost": 54588.39,
                            "Plan Rows": 1054178,
                            "Plan Width": 4,
                            "Actual Startup Time": 444.891,
                            "Actual Total Time": 444.893,
                            "Actual Rows": 897076,
                            "Actual Loops": 2,
                            "Hash Buckets": 2097152,
                            "Original Hash Buckets": 2097152,
                            "Hash Batches": 1,
                            "Original Hash Batches": 1,
                            "Peak Memory Usage": 86624,
                            "Plans": [
                              {
                                "Node Type": "Seq Scan",
                                "Parent Relationship": "Outer",
                                "Parallel Aware": true,
                                "Relation Name": "title",
                                "Alias": "t",
                                "Startup Cost": 0.0,
                                "Total Cost": 54588.39,
                                "Plan Rows": 1054178,
                                "Plan Width": 4,
                                "Actual Startup Time": 0.031,
                                "Actual Total Time": 184.135,
                                "Actual Rows": 897076,
                                "Actual Loops": 2,
                                "Filter": "(production_year < 2009)",
                                "Rows Removed by Filter": 367080
                              }
                            ]
                          }
                        ]
                      }
                    ]
                  }
                ]
              }
            ]
          }
        ]
      }
    ]
  },
  "Planning Time": 1.071,
  "Triggers": [],
  "Execution Time": 7532.92
}