[
  {
    "Plan": {
      "Node Type": "Aggregate",
      "Strategy": "Plain",
      "Partial Mode": "Finalize",
      "Parallel Aware": false,
      "Startup Cost": 303673.46,
      "Total Cost": 303673.47,
      "Plan Rows": 1,
      "Plan Width": 8,
      "Actual Startup Time": 2294.721,
      "Actual Total Time": 2349.553,
      "Actual Rows": 1,
      "Actual Loops": 1,
      "Plans": [
        {
          "Node Type": "Gather",
          "Parent Relationship": "Outer",
          "Parallel Aware": false,
          "Startup Cost": 303673.14,
          "Total Cost": 303673.45,
          "Plan Rows": 3,
          "Plan Width": 8,
          "Actual Startup Time": 2288.237,
          "Actual Total Time": 2349.544,
          "Actual Rows": 4,
          "Actual Loops": 1,
          "Workers Planned": 3,
          "Workers Launched": 3,
          "Single Copy": false,
          "Plans": [
            {
              "Node Type": "Aggregate",
              "Strategy": "Plain",
              "Partial Mode": "Partial",
              "Parent Relationship": "Outer",
              "Parallel Aware": false,
              "Startup Cost": 302673.14,
              "Total Cost": 302673.15,
              "Plan Rows": 1,
              "Plan Width": 8,
              "Actual Startup Time": 2274.598,
              "Actual Total Time": 2274.719,
              "Actual Rows": 1,
              "Actual Loops": 4,
              "Plans": [
                {
                  "Node Type": "Hash Join",
                  "Parent Relationship": "Outer",
                  "Parallel Aware": true,
                  "Join Type": "Inner",
                  "Startup Cost": 252022.47,
                  "Total Cost": 301090.51,
                  "Plan Rows": 633054,
                  "Plan Width": 0,
                  "Actual Startup Time": 1214.197,
                  "Actual Total Time": 1961.425,
                  "Actual Rows": 6322173,
                  "Actual Loops": 4,
                  "Inner Unique": false,
                  "Hash Cond": "(mk.movie_id = t.id)",
                  "Plans": [
                    {
                      "Node Type": "Seq Scan",
                      "Parent Relationship": "Outer",
                      "Parallel Aware": true,
                      "Relation Name": "movie_keyword",
                      "Alias": "mk",
                      "Startup Cost": 0.0,
                      "Total Cost": 42695.65,
                      "Plan Rows": 1361674,
                      "Plan Width": 4,
                      "Actual Startup Time": 0.028,
                      "Actual Total Time": 131.632,
                      "Actual Rows": 1056876,
                      "Actual Loops": 4,
                      "Filter": "(keyword_id < 54236)",
                      "Rows Removed by Filter": 74106
                    },
                    {
                      "Node Type": "Hash",
                      "Parent Relationship": "Inner",
                      "Parallel Aware": true,
                      "Startup Cost": 249083.9,
                      "Total Cost": 249083.9,
                      "Plan Rows": 235085,
                      "Plan Width": 8,
                      "Actual Startup Time": 1151.966,
                      "Actual Total Time": 1152.083,
                      "Actual Rows": 520268,
                      "Actual Loops": 4,
                      "Hash Buckets": 2097152,
                      "Original Hash Buckets": 2097152,
                      "Hash Batches": 1,
                      "Original Hash Batches": 1,
                      "Peak Memory Usage": 97888,
                      "Plans": [
                        {
                          "Node Type": "Hash Join",
                          "Parent Relationship": "Outer",
                          "Parallel Aware": true,
                          "Join Type": "Inner",
                          "Startup Cost": 47073.22,
                          "Total Cost": 249083.9,
                          "Plan Rows": 235085,
                          "Plan Width": 8,
                          "Actual Startup Time": 165.998,
                          "Actual Total Time": 959.403,
                          "Actual Rows": 520268,
                          "Actual Loops": 4,
                          "Inner Unique": true,
                          "Hash Cond": "(mi.movie_id = t.id)",
                          "Plans": [
                            {
                              "Node Type": "Seq Scan",
                              "Parent Relationship": "Outer",
                              "Parallel Aware": true,
                              "Relation Name": "movie_info",
                              "Alias": "mi",
                              "Startup Cost": 0.0,
                              "Total Cost": 198952.16,
                              "Plan Rows": 1165150,
                              "Plan Width": 4,
                              "Actual Startup Time": 0.028,
                              "Actual Total Time": 472.976,
                              "Actual Rows": 1471241,
                              "Actual Loops": 4,
                              "Filter": "(info_type_id < 7)",
                              "Rows Removed by Filter": 2237689
                            },
                            {
                              "Node Type": "Hash",
                              "Parent Relationship": "Inner",
                              "Parallel Aware": true,
                              "Startup Cost": 45479.1,
                              "Total Cost": 45479.1,
                              "Plan Rows": 127530,
                              "Plan Width": 4,
                              "Actual Startup Time": 145.669,
                              "Actual Total Time": 145.671,
                              "Actual Rows": 95527,
                              "Actual Loops": 4,
                              "Hash Buckets": 524288,
                              "Original Hash Buckets": 524288,
                              "Hash Batches": 1,
                              "Original Hash Batches": 1,
                              "Peak Memory Usage": 19136,
                              "Plans": [
                                {
                                  "Node Type": "Seq Scan",
                                  "Parent Relationship": "Outer",
                                  "Parallel Aware": true,
                                  "Relation Name": "title",
                                  "Alias": "t",
                                  "Startup Cost": 0.0,
                                  "Total Cost": 45479.1,
                                  "Plan Rows": 127530,
                                  "Plan Width": 4,
                                  "Actual Startup Time": 49.735,
                                  "Actual Total Time": 111.456,
                                  "Actual Rows": 95527,
                                  "Actual Loops": 4,
                                  "Filter": "((production_year > 1980) AND (kind_id = 1))",
                                  "Rows Removed by Filter": 536551
                                }
                              ]
                            }
                          ]
                        }
                      ]
                    }
                  ]
                }
              ]
            }
          ]
        }
      ]
    },
    "Planning Time": 1.427,
    "Triggers": [],
    "Execution Time": 2349.649
  }
]