[
  {
    "Plan": {
      "Node Type": "Aggregate",
      "Strategy": "Plain",
      "Partial Mode": "Finalize",
      "Parallel Aware": false,
      "Startup Cost": 131531.27,
      "Total Cost": 131531.28,
      "Plan Rows": 1,
      "Plan Width": 8,
      "Actual Startup Time": 1126.53,
      "Actual Total Time": 1191.858,
      "Actual Rows": 1,
      "Actual Loops": 1,
      "Plans": [
        {
          "Node Type": "Gather",
          "Parent Relationship": "Outer",
          "Parallel Aware": false,
          "Startup Cost": 131530.95,
          "Total Cost": 131531.26,
          "Plan Rows": 3,
          "Plan Width": 8,
          "Actual Startup Time": 1114.766,
          "Actual Total Time": 1191.847,
          "Actual Rows": 4,
          "Actual Loops": 1,
          "Workers Planned": 3,
          "Workers Launched": 3,
          "Single Copy": false,
          "Plans": [
            {
              "Node Type": "Aggregate",
              "Strategy": "Plain",
              "Partial Mode": "Partial",
              "Parent Relationship": "Outer",
              "Parallel Aware": false,
              "Startup Cost": 130530.95,
              "Total Cost": 130530.96,
              "Plan Rows": 1,
              "Plan Width": 8,
              "Actual Startup Time": 1097.211,
              "Actual Total Time": 1097.215,
              "Actual Rows": 1,
              "Actual Loops": 4,
              "Plans": [
                {
                  "Node Type": "Nested Loop",
                  "Parent Relationship": "Outer",
                  "Parallel Aware": false,
                  "Join Type": "Inner",
                  "Startup Cost": 52034.36,
                  "Total Cost": 130128.24,
                  "Plan Rows": 161084,
                  "Plan Width": 0,
                  "Actual Startup Time": 398.297,
                  "Actual Total Time": 1047.981,
                  "Actual Rows": 831105,
                  "Actual Loops": 4,
                  "Inner Unique": false,
                  "Plans": [
                    {
                      "Node Type": "Hash Join",
                      "Parent Relationship": "Outer",
                      "Parallel Aware": true,
                      "Join Type": "Inner",
                      "Startup Cost": 52033.93,
                      "Total Cost": 76904.6,
                      "Plan Rows": 27548,
                      "Plan Width": 8,
                      "Actual Startup Time": 398.152,
                      "Actual Total Time": 454.358,
                      "Actual Rows": 23406,
                      "Actual Loops": 4,
                      "Inner Unique": true,
                      "Hash Cond": "(mk.movie_id = t.id)",
                      "Plans": [
                        {
                          "Node Type": "Bitmap Heap Scan",
                          "Parent Relationship": "Outer",
                          "Parallel Aware": true,
                          "Relation Name": "movie_keyword",
                          "Alias": "mk",
                          "Startup Cost": 1814.28,
                          "Total Cost": 26612.64,
                          "Plan Rows": 27548,
                          "Plan Width": 4,
                          "Actual Startup Time": 14.563,
                          "Actual Total Time": 47.296,
                          "Actual Rows": 23406,
                          "Actual Loops": 4,
                          "Recheck Cond": "(keyword_id < 84)",
                          "Rows Removed by Index Recheck": 0,
                          "Exact Heap Blocks": 8953,
                          "Lossy Heap Blocks": 0,
                          "Plans": [
                            {
                              "Node Type": "Bitmap Index Scan",
                              "Parent Relationship": "Outer",
                              "Parallel Aware": false,
                              "Index Name": "keyword_id_movie_keyword",
                              "Startup Cost": 0.0,
                              "Total Cost": 1792.93,
                              "Plan Rows": 85400,
                              "Plan Width": 0,
                              "Actual Startup Time": 9.417,
                              "Actual Total Time": 9.418,
                              "Actual Rows": 93622,
                              "Actual Loops": 1,
                              "Index Cond": "(keyword_id < 84)"
                            }
                          ]
                        },
                        {
                          "Node Type": "Hash",
                          "Parent Relationship": "Inner",
                          "Parallel Aware": true,
                          "Startup Cost": 42318.73,
                          "Total Cost": 42318.73,
                          "Plan Rows": 632073,
                          "Plan Width": 4,
                          "Actual Startup Time": 372.77,
                          "Actual Total Time": 372.771,
                          "Actual Rows": 632078,
                          "Actual Loops": 4,
                          "Hash Buckets": 4194304,
                          "Original Hash Buckets": 4194304,
                          "Hash Batches": 1,
                          "Original Hash Batches": 1,
                          "Peak Memory Usage": 131744,
                          "Plans": [
                            {
                              "Node Type": "Seq Scan",
                              "Parent Relationship": "Outer",
                              "Parallel Aware": true,
                              "Relation Name": "title",
                              "Alias": "t",
                              "Startup Cost": 0.0,
                              "Total Cost": 42318.73,
                              "Plan Rows": 632073,
                              "Plan Width": 4,
                              "Actual Startup Time": 0.041,
                              "Actual Total Time": 119.499,
                              "Actual Rows": 632078,
                              "Actual Loops": 4
                            }
                          ]
                        }
                      ]
                    },
                    {
                      "Node Type": "Index Only Scan",
                      "Parent Relationship": "Inner",
                      "Parallel Aware": false,
                      "Scan Direction": "Forward",
                      "Index Name": "movie_id_movie_info",
                      "Relation Name": "movie_info",
                      "Alias": "mi",
                      "Startup Cost": 0.43,
                      "Total Cost": 1.51,
                      "Plan Rows": 42,
                      "Plan Width": 4,
                      "Actual Startup Time": 0.006,
                      "Actual Total Time": 0.022,
                      "Actual Rows": 36,
                      "Actual Loops": 93622,
                      "Index Cond": "(movie_id = t.id)",
                      "Rows Removed by Index Recheck": 0,
                      "Heap Fetches": 3324421
                    }
                  ]
                }
              ]
            }
          ]
        }
      ]
    },
    "Planning Time": 1.44,
    "Triggers": [],
    "Execution Time": 1191.981
  }
]