[
  {
    "Plan": {
      "Node Type": "Aggregate",
      "Strategy": "Plain",
      "Partial Mode": "Finalize",
      "Parallel Aware": false,
      "Startup Cost": 281726.78,
      "Total Cost": 281726.79,
      "Plan Rows": 1,
      "Plan Width": 8,
      "Actual Startup Time": 936.728,
      "Actual Total Time": 973.201,
      "Actual Rows": 1,
      "Actual Loops": 1,
      "Plans": [
        {
          "Node Type": "Gather",
          "Parent Relationship": "Outer",
          "Parallel Aware": false,
          "Startup Cost": 281726.47,
          "Total Cost": 281726.78,
          "Plan Rows": 3,
          "Plan Width": 8,
          "Actual Startup Time": 912.185,
          "Actual Total Time": 973.188,
          "Actual Rows": 4,
          "Actual Loops": 1,
          "Workers Planned": 3,
          "Workers Launched": 3,
          "Single Copy": false,
          "Plans": [
            {
              "Node Type": "Aggregate",
              "Strategy": "Plain",
              "Partial Mode": "Partial",
              "Parent Relationship": "Outer",
              "Parallel Aware": false,
              "Startup Cost": 280726.47,
              "Total Cost": 280726.48,
              "Plan Rows": 1,
              "Plan Width": 8,
              "Actual Startup Time": 897.469,
              "Actual Total Time": 897.476,
              "Actual Rows": 1,
              "Actual Loops": 4,
              "Plans": [
                {
                  "Node Type": "Hash Join",
                  "Parent Relationship": "Outer",
                  "Parallel Aware": true,
                  "Join Type": "Inner",
                  "Startup Cost": 248738.9,
                  "Total Cost": 280096.62,
                  "Plan Rows": 251937,
                  "Plan Width": 0,
                  "Actual Startup Time": 717.674,
                  "Actual Total Time": 878.775,
                  "Actual Rows": 467963,
                  "Actual Loops": 4,
                  "Inner Unique": false,
                  "Hash Cond": "(mc.movie_id = t.id)",
                  "Plans": [
                    {
                      "Node Type": "Seq Scan",
                      "Parent Relationship": "Outer",
                      "Parallel Aware": true,
                      "Relation Name": "movie_companies",
                      "Alias": "mc",
                      "Startup Cost": 0.0,
                      "Total Cost": 29310.68,
                      "Plan Rows": 411513,
                      "Plan Width": 4,
                      "Actual Startup Time": 0.015,
                      "Actual Total Time": 63.513,
                      "Actual Rows": 318562,
                      "Actual Loops": 4,
                      "Filter": "(company_type_id < 2)",
                      "Rows Removed by Filter": 333721
                    },
                    {
                      "Node Type": "Hash",
                      "Parent Relationship": "Inner",
                      "Parallel Aware": true,
                      "Startup Cost": 244869.01,
                      "Total Cost": 244869.01,
                      "Plan Rows": 309591,
                      "Plan Width": 8,
                      "Actual Startup Time": 709.517,
                      "Actual Total Time": 709.522,
                      "Actual Rows": 383477,
                      "Actual Loops": 4,
                      "Hash Buckets": 2097152,
                      "Original Hash Buckets": 2097152,
                      "Hash Batches": 1,
                      "Original Hash Batches": 1,
                      "Peak Memory Usage": 76448,
                      "Plans": [
                        {
                          "Node Type": "Hash Join",
                          "Parent Relationship": "Outer",
                          "Parallel Aware": true,
                          "Join Type": "Inner",
                          "Startup Cost": 78193.45,
                          "Total Cost": 244869.01,
                          "Plan Rows": 309591,
                          "Plan Width": 8,
                          "Actual Startup Time": 399.751,
                          "Actual Total Time": 576.418,
                          "Actual Rows": 383477,
                          "Actual Loops": 4,
                          "Inner Unique": true,
                          "Hash Cond": "(mi.movie_id = t.id)",
                          "Plans": [
                            {
                              "Node Type": "Bitmap Heap Scan",
                              "Parent Relationship": "Outer",
                              "Parallel Aware": true,
                              "Relation Name": "movie_info",
                              "Alias": "mi",
                              "Startup Cost": 27973.07,
                              "Total Cost": 193835.95,
                              "Plan Rows": 309591,
                              "Plan Width": 4,
                              "Actual Startup Time": 48.121,
                              "Actual Total Time": 90.447,
                              "Actual Rows": 383477,
                              "Actual Loops": 4,
                              "Recheck Cond": "(info_type_id = 3)",
                              "Rows Removed by Index Recheck": 0,
                              "Exact Heap Blocks": 2515,
                              "Lossy Heap Blocks": 0,
                              "Plans": [
                                {
                                  "Node Type": "Bitmap Index Scan",
                                  "Parent Relationship": "Outer",
                                  "Parallel Aware": false,
                                  "Index Name": "info_type_id_movie_info",
                                  "Startup Cost": 0.0,
                                  "Total Cost": 27586.08,
                                  "Plan Rows": 1547953,
                                  "Plan Width": 0,
                                  "Actual Startup Time": 46.543,
                                  "Actual Total Time": 46.544,
                                  "Actual Rows": 1533909,
                                  "Actual Loops": 1,
                                  "Index Cond": "(info_type_id = 3)"
                                }
                              ]
                            },
                            {
                              "Node Type": "Hash",
                              "Parent Relationship": "Inner",
                              "Parallel Aware": true,
                              "Startup Cost": 42319.06,
                              "Total Cost": 42319.06,
                              "Plan Rows": 632106,
                              "Plan Width": 4,
                              "Actual Startup Time": 344.335,
                              "Actual Total Time": 344.337,
                              "Actual Rows": 632078,
                              "Actual Loops": 4,
                              "Hash Buckets": 4194304,
                              "Original Hash Buckets": 4194304,
                              "Hash Batches": 1,
                              "Original Hash Batches": 1,
                              "Peak Memory Usage": 131744,
                              "Plans": [
                                {
                                  "Node Type": "Seq Scan",
                                  "Parent Relationship": "Outer",
                                  "Parallel Aware": true,
                                  "Relation Name": "title",
                                  "Alias": "t",
                                  "Startup Cost": 0.0,
                                  "Total Cost": 42319.06,
                                  "Plan Rows": 632106,
                                  "Plan Width": 4,
                                  "Actual Startup Time": 0.05,
                                  "Actual Total Time": 96.51,
                                  "Actual Rows": 632078,
                                  "Actual Loops": 4
                                }
                              ]
                            }
                          ]
                        }
                      ]
                    }
                  ]
                }
              ]
            }
          ]
        }
      ]
    },
    "Planning Time": 1.277,
    "Triggers": [],
    "Execution Time": 973.295
  }
]