[
  {
    "Plan": {
      "Node Type": "Aggregate",
      "Strategy": "Plain",
      "Partial Mode": "Simple",
      "Parallel Aware": false,
      "Startup Cost": 11258.24,
      "Total Cost": 11258.25,
      "Plan Rows": 1,
      "Plan Width": 128,
      "Actual Startup Time": 1654.89,
      "Actual Total Time": 1654.899,
      "Actual Rows": 1,
      "Actual Loops": 1,
      "Plans": [
        {
          "Node Type": "Nested Loop",
          "Parent Relationship": "Outer",
          "Parallel Aware": false,
          "Join Type": "Inner",
          "Startup Cost": 13.5,
          "Total Cost": 11258.23,
          "Plan Rows": 1,
          "Plan Width": 80,
          "Actual Startup Time": 11.904,
          "Actual Total Time": 1650.938,
          "Actual Rows": 6479,
          "Actual Loops": 1,
          "Inner Unique": true,
          "Join Filter": "(mi.movie_id = t.id)",
          "Rows Removed by Join Filter": 0,
          "Plans": [
            {
              "Node Type": "Nested Loop",
              "Parent Relationship": "Outer",
              "Parallel Aware": false,
              "Join Type": "Inner",
              "Startup Cost": 13.07,
              "Total Cost": 11257.73,
              "Plan Rows": 1,
              "Plan Width": 83,
              "Actual Startup Time": 11.806,
              "Actual Total Time": 1622.795,
              "Actual Rows": 6479,
              "Actual Loops": 1,
              "Inner Unique": true,
              "Plans": [
                {
                  "Node Type": "Nested Loop",
                  "Parent Relationship": "Outer",
                  "Parallel Aware": false,
                  "Join Type": "Inner",
                  "Startup Cost": 12.64,
                  "Total Cost": 11257.19,
                  "Plan Rows": 1,
                  "Plan Width": 72,
                  "Actual Startup Time": 11.749,
                  "Actual Total Time": 1529.963,
                  "Actual Rows": 8125,
                  "Actual Loops": 1,
                  "Inner Unique": true,
                  "Join Filter": "(mi.info_type_id = it1.id)",
                  "Rows Removed by Join Filter": 4172,
                  "Plans": [
                    {
                      "Node Type": "Nested Loop",
                      "Parent Relationship": "Outer",
                      "Parallel Aware": false,
                      "Join Type": "Inner",
                      "Startup Cost": 12.64,
                      "Total Cost": 11254.77,
                      "Plan Rows": 1,
                      "Plan Width": 76,
                      "Actual Startup Time": 11.728,
                      "Actual Total Time": 1426.368,
                      "Actual Rows": 12297,
                      "Actual Loops": 1,
                      "Inner Unique": false,
                      "Join Filter": "(mi_idx.movie_id = mi.movie_id)",
                      "Rows Removed by Join Filter": 0,
                      "Plans": [
                        {
                          "Node Type": "Nested Loop",
                          "Parent Relationship": "Outer",
                          "Parallel Aware": false,
                          "Join Type": "Inner",
                          "Startup Cost": 12.21,
                          "Total Cost": 11253.11,
                          "Plan Rows": 1,
                          "Plan Width": 25,
                          "Actual Startup Time": 4.726,
                          "Actual Total Time": 430.8,
                          "Actual Rows": 10113,
                          "Actual Loops": 1,
                          "Inner Unique": false,
                          "Join Filter": "(mi_idx.movie_id = ci.movie_id)",
                          "Rows Removed by Join Filter": 0,
                          "Plans": [
                            {
                              "Node Type": "Nested Loop",
                              "Parent Relationship": "Outer",
                              "Parallel Aware": false,
                              "Join Type": "Inner",
                              "Startup Cost": 11.64,
                              "Total Cost": 11251.33,
                              "Plan Rows": 1,
                              "Plan Width": 17,
                              "Actual Startup Time": 2.106,
                              "Actual Total Time": 105.436,
                              "Actual Rows": 844,
                              "Actual Loops": 1,
                              "Inner Unique": false,
                              "Join Filter": "(mi_idx.info_type_id = it2.id)",
                              "Rows Removed by Join Filter": 1712,
                              "Plans": [
                                {
                                  "Node Type": "Seq Scan",
                                  "Parent Relationship": "Outer",
                                  "Parallel Aware": false,
                                  "Relation Name": "info_type",
                                  "Alias": "it2",
                                  "Startup Cost": 0.0,
                                  "Total Cost": 2.41,
                                  "Plan Rows": 1,
                                  "Plan Width": 4,
                                  "Actual Startup Time": 0.02,
                                  "Actual Total Time": 0.023,
                                  "Actual Rows": 1,
                                  "Actual Loops": 1,
                                  "Filter": "((info)::text = 'votes'::text)",
                                  "Rows Removed by Filter": 112
                                },
                                {
                                  "Node Type": "Nested Loop",
                                  "Parent Relationship": "Inner",
                                  "Parallel Aware": false,
                                  "Join Type": "Inner",
                                  "Startup Cost": 11.64,
                                  "Total Cost": 11248.75,
                                  "Plan Rows": 14,
                                  "Plan Width": 21,
                                  "Actual Startup Time": 2.083,
                                  "Actual Total Time": 104.897,
                                  "Actual Rows": 2556,
                                  "Actual Loops": 1,
                                  "Inner Unique": false,
                                  "Plans": [
                                    {
                                      "Node Type": "Nested Loop",
                                      "Parent Relationship": "Outer",
                                      "Parallel Aware": false,
                                      "Join Type": "Inner",
                                      "Startup Cost": 11.22,
                                      "Total Cost": 11238.3,
                                      "Plan Rows": 20,
                                      "Plan Width": 8,
                                      "Actual Startup Time": 2.031,
                                      "Actual Total Time": 92.5,
                                      "Actual Rows": 844,
                                      "Actual Loops": 1,
                                      "Inner Unique": false,
                                      "Join Filter": "(cc.status_id = cct2.id)",
                                      "Rows Removed by Join Filter": 927,
                                      "Plans": [
                                        {
                                          "Node Type": "Seq Scan",
                                          "Parent Relationship": "Outer",
                                          "Parallel Aware": false,
                                          "Relation Name": "comp_cast_type",
                                          "Alias": "cct2",
                                          "Startup Cost": 0.0,
                                          "Total Cost": 1.05,
                                          "Plan Rows": 1,
                                          "Plan Width": 4,
                                          "Actual Startup Time": 0.006,
                                          "Actual Total Time": 0.007,
                                          "Actual Rows": 1,
                                          "Actual Loops": 1,
                                          "Filter": "((kind)::text = 'complete+verified'::text)",
                                          "Rows Removed by Filter": 3
                                        },
                                        {
                                          "Node Type": "Nested Loop",
                                          "Parent Relationship": "Inner",
                                          "Parallel Aware": false,
                                          "Join Type": "Inner",
                                          "Startup Cost": 11.22,
                                          "Total Cost": 11236.23,
                                          "Plan Rows": 81,
                                          "Plan Width": 12,
                                          "Actual Startup Time": 2.023,
                                          "Actual Total Time": 92.084,
                                          "Actual Rows": 1771,
                                          "Actual Loops": 1,
                                          "Inner Unique": false,
                                          "Join Filter": "(cc.subject_id = cct1.id)",
                                          "Rows Removed by Join Filter": 611,
                                          "Plans": [
                                            {
                                              "Node Type": "Seq Scan",
                                              "Parent Relationship": "Outer",
                                              "Parallel Aware": false,
                                              "Relation Name": "comp_cast_type",
                                              "Alias": "cct1",
                                              "Startup Cost": 0.0,
                                              "Total Cost": 1.05,
                                              "Plan Rows": 1,
                                              "Plan Width": 4,
                                              "Actual Startup Time": 0.003,
                                              "Actual Total Time": 0.006,
                                              "Actual Rows": 1,
                                              "Actual Loops": 1,
                                              "Filter": "((kind)::text = 'cast'::text)",
                                              "Rows Removed by Filter": 3
                                            },
                                            {
                                              "Node Type": "Nested Loop",
                                              "Parent Relationship": "Inner",
                                              "Parallel Aware": false,
                                              "Join Type": "Inner",
                                              "Startup Cost": 11.22,
                                              "Total Cost": 11231.13,
                                              "Plan Rows": 324,
                                              "Plan Width": 16,
                                              "Actual Startup Time": 2.018,
                                              "Actual Total Time": 91.518,
                                              "Actual Rows": 2382,
                                              "Actual Loops": 1,
                                              "Inner Unique": false,
                                              "Plans": [
                                                {
                                                  "Node Type": "Nested Loop",
                                                  "Parent Relationship": "Outer",
                                                  "Parallel Aware": false,
                                                  "Join Type": "Inner",
                                                  "Startup Cost": 10.8,
                                                  "Total Cost": 11118.79,
                                                  "Plan Rows": 236,
                                                  "Plan Width": 4,
                                                  "Actual Startup Time": 1.536,
                                                  "Actual Total Time": 62.151,
                                                  "Actual Rows": 8537,
                                                  "Actual Loops": 1,
                                                  "Inner Unique": false,
                                                  "Plans": [
                                                    {
                                                      "Node Type": "Seq Scan",
                                                      "Parent Relationship": "Outer",
                                                      "Parallel Aware": false,
                                                      "Relation Name": "keyword",
                                                      "Alias": "k",
                                                      "Startup Cost": 0.0,
                                                      "Total Cost": 3464.69,
                                                      "Plan Rows": 7,
                                                      "Plan Width": 4,
                                                      "Actual Startup Time": 0.076,
                                                      "Actual Total Time": 29.619,
                                                      "Actual Rows": 6,
                                                      "Actual Loops": 1,
                                                      "Filter": "(keyword = ANY ('{martial-arts,marvel-comics,superhero,based-on-comic,claw,based-on-comic,score-employs-electronic-instruments}'::text[]))",
                                                      "Rows Removed by Filter": 134164
                                                    },
                                                    {
                                                      "Node Type": "Bitmap Heap Scan",
                                                      "Parent Relationship": "Inner",
                                                      "Parallel Aware": false,
                                                      "Relation Name": "movie_keyword",
                                                      "Alias": "mk",
                                                      "Startup Cost": 10.8,
                                                      "Total Cost": 1090.39,
                                                      "Plan Rows": 305,
                                                      "Plan Width": 8,
                                                      "Actual Startup Time": 0.461,
                                                      "Actual Total Time": 5.096,
                                                      "Actual Rows": 1423,
                                                      "Actual Loops": 6,
                                                      "Recheck Cond": "(keyword_id = k.id)",
                                                      "Rows Removed by Index Recheck": 0,
                                                      "Exact Heap Blocks": 5928,
                                                      "Lossy Heap Blocks": 0,
                                                      "Plans": [
                                                        {
                                                          "Node Type": "Bitmap Index Scan",
                                                          "Parent Relationship": "Outer",
                                                          "Parallel Aware": false,
                                                          "Index Name": "keyword_id_movie_keyword",
                                                          "Startup Cost": 0.0,
                                                          "Total Cost": 10.72,
                                                          "Plan Rows": 305,
                                                          "Plan Width": 0,
                                                          "Actual Startup Time": 0.306,
                                                          "Actual Total Time": 0.306,
                                                          "Actual Rows": 1423,
                                                          "Actual Loops": 6,
                                                          "Index Cond": "(keyword_id = k.id)"
                                                        }
                                                      ]
                                                    }
                                                  ]
                                                },
                                                {
                                                  "Node Type": "Index Scan",
                                                  "Parent Relationship": "Inner",
                                                  "Parallel Aware": false,
                                                  "Scan Direction": "Forward",
                                                  "Index Name": "movie_id_complete_cast",
                                                  "Relation Name": "complete_cast",
                                                  "Alias": "cc",
                                                  "Startup Cost": 0.42,
                                                  "Total Cost": 0.46,
                                                  "Plan Rows": 2,
                                                  "Plan Width": 12,
                                                  "Actual Startup Time": 0.003,
                                                  "Actual Total Time": 0.003,
                                                  "Actual Rows": 0,
                                                  "Actual Loops": 8537,
                                                  "Index Cond": "(movie_id = mk.movie_id)",
                                                  "Rows Removed by Index Recheck": 0
                                                }
                                              ]
                                            }
                                          ]
                                        }
                                      ]
                                    },
                                    {
                                      "Node Type": "Index Scan",
                                      "Parent Relationship": "Inner",
                                      "Parallel Aware": false,
                                      "Scan Direction": "Forward",
                                      "Index Name": "movie_id_movie_info_idx",
                                      "Relation Name": "movie_info_idx",
                                      "Alias": "mi_idx",
                                      "Startup Cost": 0.43,
                                      "Total Cost": 0.49,
                                      "Plan Rows": 3,
                                      "Plan Width": 13,
                                      "Actual Startup Time": 0.012,
                                      "Actual Total Time": 0.013,
                                      "Actual Rows": 3,
                                      "Actual Loops": 844,
                                      "Index Cond": "(movie_id = mk.movie_id)",
                                      "Rows Removed by Index Recheck": 0
                                    }
                                  ]
                                }
                              ]
                            },
                            {
                              "Node Type": "Index Scan",
                              "Parent Relationship": "Inner",
                              "Parallel Aware": false,
                              "Scan Direction": "Forward",
                              "Index Name": "movie_id_cast_info",
                              "Relation Name": "cast_info",
                              "Alias": "ci",
                              "Startup Cost": 0.56,
                              "Total Cost": 1.73,
                              "Plan Rows": 3,
                              "Plan Width": 8,
                              "Actual Startup Time": 0.076,
                              "Actual Total Time": 0.381,
                              "Actual Rows": 12,
                              "Actual Loops": 844,
                              "Index Cond": "(movie_id = mk.movie_id)",
                              "Rows Removed by Index Recheck": 0,
                              "Filter": "(note = ANY ('{\"(executive producer)\",(voice),(writer),(uncredited),\"(written by)\"}'::text[]))",
                              "Rows Removed by Filter": 88
                            }
                          ]
                        },
                        {
                          "Node Type": "Index Scan",
                          "Parent Relationship": "Inner",
                          "Parallel Aware": false,
                          "Scan Direction": "Forward",
                          "Index Name": "movie_id_movie_info",
                          "Relation Name": "movie_info",
                          "Alias": "mi",
                          "Startup Cost": 0.43,
                          "Total Cost": 1.65,
                          "Plan Rows": 1,
                          "Plan Width": 51,
                          "Actual Startup Time": 0.092,
                          "Actual Total Time": 0.098,
                          "Actual Rows": 1,
                          "Actual Loops": 10113,
                          "Index Cond": "(movie_id = mk.movie_id)",
                          "Rows Removed by Index Recheck": 0,
                          "Filter": "(info = ANY ('{Family,War,Sci-Fi,Horror,Drama,Horror}'::text[]))",
                          "Rows Removed by Filter": 268
                        }
                      ]
                    },
                    {
                      "Node Type": "Seq Scan",
                      "Parent Relationship": "Inner",
                      "Parallel Aware": false,
                      "Relation Name": "info_type",
                      "Alias": "it1",
                      "Startup Cost": 0.0,
                      "Total Cost": 2.41,
                      "Plan Rows": 1,
                      "Plan Width": 4,
                      "Actual Startup Time": 0.003,
                      "Actual Total Time": 0.006,
                      "Actual Rows": 1,
                      "Actual Loops": 12297,
                      "Filter": "((info)::text = 'genres'::text)",
                      "Rows Removed by Filter": 39
                    }
                  ]
                },
                {
                  "Node Type": "Index Scan",
                  "Parent Relationship": "Inner",
                  "Parallel Aware": false,
                  "Scan Direction": "Forward",
                  "Index Name": "name_pkey",
                  "Relation Name": "name",
                  "Alias": "n",
                  "Startup Cost": 0.43,
                  "Total Cost": 0.54,
                  "Plan Rows": 1,
                  "Plan Width": 19,
                  "Actual Startup Time": 0.01,
                  "Actual Total Time": 0.01,
                  "Actual Rows": 1,
                  "Actual Loops": 8125,
                  "Index Cond": "(id = ci.person_id)",
                  "Rows Removed by Index Recheck": 0,
                  "Filter": "((gender)::text = 'm'::text)",
                  "Rows Removed by Filter": 0
                }
              ]
            },
            {
              "Node Type": "Index Scan",
              "Parent Relationship": "Inner",
              "Parallel Aware": false,
              "Scan Direction": "Forward",
              "Index Name": "title_pkey",
              "Relation Name": "title",
              "Alias": "t",
              "Startup Cost": 0.43,
              "Total Cost": 0.49,
              "Plan Rows": 1,
              "Plan Width": 21,
              "Actual Startup Time": 0.004,
              "Actual Total Time": 0.004,
              "Actual Rows": 1,
              "Actual Loops": 6479,
              "Index Cond": "(id = mk.movie_id)",
              "Rows Removed by Index Recheck": 0
            }
          ]
        }
      ]
    },
    "Planning Time": 142.94,
    "Triggers": [],
    "Execution Time": 1655.327
  }
]