[
  {
    "Plan": {
      "Node Type": "Aggregate",
      "Strategy": "Plain",
      "Partial Mode": "Finalize",
      "Parallel Aware": false,
      "Startup Cost": 62322.8,
      "Total Cost": 62322.81,
      "Plan Rows": 1,
      "Plan Width": 8,
      "Actual Startup Time": 99.995,
      "Actual Total Time": 114.813,
      "Actual Rows": 1,
      "Actual Loops": 1,
      "Plans": [
        {
          "Node Type": "Gather",
          "Parent Relationship": "Outer",
          "Parallel Aware": false,
          "Startup Cost": 62322.38,
          "Total Cost": 62322.79,
          "Plan Rows": 4,
          "Plan Width": 8,
          "Actual Startup Time": 99.843,
          "Actual Total Time": 114.802,
          "Actual Rows": 5,
          "Actual Loops": 1,
          "Workers Planned": 4,
          "Workers Launched": 4,
          "Single Copy": false,
          "Plans": [
            {
              "Node Type": "Aggregate",
              "Strategy": "Plain",
              "Partial Mode": "Partial",
              "Parent Relationship": "Outer",
              "Parallel Aware": false,
              "Startup Cost": 61322.38,
              "Total Cost": 61322.39,
              "Plan Rows": 1,
              "Plan Width": 8,
              "Actual Startup Time": 94.03,
              "Actual Total Time": 94.031,
              "Actual Rows": 1,
              "Actual Loops": 5,
              "Plans": [
                {
                  "Node Type": "Nested Loop",
                  "Parent Relationship": "Outer",
                  "Parallel Aware": false,
                  "Join Type": "Inner",
                  "Startup Cost": 0.43,
                  "Total Cost": 61321.93,
                  "Plan Rows": 181,
                  "Plan Width": 0,
                  "Actual Startup Time": 55.168,
                  "Actual Total Time": 94.002,
                  "Actual Rows": 211,
                  "Actual Loops": 5,
                  "Inner Unique": false,
                  "Plans": [
                    {
                      "Node Type": "Seq Scan",
                      "Parent Relationship": "Outer",
                      "Parallel Aware": true,
                      "Relation Name": "title",
                      "Alias": "t",
                      "Startup Cost": 0.0,
                      "Total Cost": 43899.32,
                      "Plan Rows": 2149,
                      "Plan Width": 4,
                      "Actual Startup Time": 0.484,
                      "Actual Total Time": 80.424,
                      "Actual Rows": 1440,
                      "Actual Loops": 5,
                      "Filter": "(production_year = 1954)",
                      "Rows Removed by Filter": 504223
                    },
                    {
                      "Node Type": "Index Scan",
                      "Parent Relationship": "Inner",
                      "Parallel Aware": false,
                      "Scan Direction": "Forward",
                      "Index Name": "movie_id_movie_keyword",
                      "Relation Name": "movie_keyword",
                      "Alias": "mk",
                      "Startup Cost": 0.43,
                      "Total Cost": 8.09,
                      "Plan Rows": 2,
                      "Plan Width": 4,
                      "Actual Startup Time": 0.009,
                      "Actual Total Time": 0.009,
                      "Actual Rows": 0,
                      "Actual Loops": 7199,
                      "Index Cond": "(movie_id = t.id)",
                      "Rows Removed by Index Recheck": 0,
                      "Filter": "(keyword_id > 65261)",
                      "Rows Removed by Filter": 3
                    }
                  ]
                }
              ]
            }
          ]
        }
      ]
    },
    "Planning Time": 0.502,
    "Triggers": [],
    "Execution Time": 114.871
  }
]