[
  {
    "Plan": {
      "Node Type": "Aggregate",
      "Strategy": "Plain",
      "Partial Mode": "Finalize",
      "Parallel Aware": false,
      "Startup Cost": 203643.13,
      "Total Cost": 203643.14,
      "Plan Rows": 1,
      "Plan Width": 8,
      "Actual Startup Time": 428.194,
      "Actual Total Time": 449.735,
      "Actual Rows": 1,
      "Actual Loops": 1,
      "Plans": [
        {
          "Node Type": "Gather",
          "Parent Relationship": "Outer",
          "Parallel Aware": false,
          "Startup Cost": 203642.61,
          "Total Cost": 203643.12,
          "Plan Rows": 5,
          "Plan Width": 8,
          "Actual Startup Time": 426.804,
          "Actual Total Time": 449.723,
          "Actual Rows": 6,
          "Actual Loops": 1,
          "Workers Planned": 5,
          "Workers Launched": 5,
          "Single Copy": false,
          "Plans": [
            {
              "Node Type": "Aggregate",
              "Strategy": "Plain",
              "Partial Mode": "Partial",
              "Parent Relationship": "Outer",
              "Parallel Aware": false,
              "Startup Cost": 202642.61,
              "Total Cost": 202642.62,
              "Plan Rows": 1,
              "Plan Width": 8,
              "Actual Startup Time": 416.734,
              "Actual Total Time": 416.8,
              "Actual Rows": 1,
              "Actual Loops": 6,
              "Plans": [
                {
                  "Node Type": "Hash Join",
                  "Parent Relationship": "Outer",
                  "Parallel Aware": true,
                  "Join Type": "Inner",
                  "Startup Cost": 45743.8,
                  "Total Cost": 202546.64,
                  "Plan Rows": 38385,
                  "Plan Width": 0,
                  "Actual Startup Time": 102.037,
                  "Actual Total Time": 415.722,
                  "Actual Rows": 19821,
                  "Actual Loops": 6,
                  "Inner Unique": true,
                  "Hash Cond": "(ci.movie_id = t.id)",
                  "Plans": [
                    {
                      "Node Type": "Index Scan",
                      "Parent Relationship": "Outer",
                      "Parallel Aware": true,
                      "Scan Direction": "Forward",
                      "Index Name": "role_id_cast_info",
                      "Relation Name": "cast_info",
                      "Alias": "ci",
                      "Startup Cost": 0.56,
                      "Total Cost": 153789.42,
                      "Plan Rows": 1148186,
                      "Plan Width": 4,
                      "Actual Startup Time": 0.252,
                      "Actual Total Time": 160.728,
                      "Actual Rows": 955449,
                      "Actual Loops": 6,
                      "Index Cond": "(role_id > 8)",
                      "Rows Removed by Index Recheck": 0
                    },
                    {
                      "Node Type": "Hash",
                      "Parent Relationship": "Inner",
                      "Parallel Aware": true,
                      "Startup Cost": 45479.1,
                      "Total Cost": 45479.1,
                      "Plan Rows": 21131,
                      "Plan Width": 4,
                      "Actual Startup Time": 99.929,
                      "Actual Total Time": 99.93,
                      "Actual Rows": 35188,
                      "Actual Loops": 6,
                      "Hash Buckets": 262144,
                      "Original Hash Buckets": 131072,
                      "Hash Batches": 1,
                      "Original Hash Batches": 1,
                      "Peak Memory Usage": 11456,
                      "Plans": [
                        {
                          "Node Type": "Seq Scan",
                          "Parent Relationship": "Outer",
                          "Parallel Aware": true,
                          "Relation Name": "title",
                          "Alias": "t",
                          "Startup Cost": 0.0,
                          "Total Cost": 45479.1,
                          "Plan Rows": 21131,
                          "Plan Width": 4,
                          "Actual Startup Time": 0.275,
                          "Actual Total Time": 82.779,
                          "Actual Rows": 35188,
                          "Actual Loops": 6,
                          "Filter": "((kind_id < 3) AND (production_year < 1965))",
                          "Rows Removed by Filter": 386197
                        }
                      ]
                    }
                  ]
                }
              ]
            }
          ]
        }
      ]
    },
    "Planning Time": 0.606,
    "Triggers": [],
    "Execution Time": 449.814
  }
]