[
  {
    "Plan": {
      "Node Type": "Aggregate",
      "Strategy": "Plain",
      "Partial Mode": "Finalize",
      "Parallel Aware": false,
      "Startup Cost": 31830.77,
      "Total Cost": 31830.78,
      "Plan Rows": 1,
      "Plan Width": 8,
      "Actual Startup Time": 114.023,
      "Actual Total Time": 124.223,
      "Actual Rows": 1,
      "Actual Loops": 1,
      "Plans": [
        {
          "Node Type": "Gather",
          "Parent Relationship": "Outer",
          "Parallel Aware": false,
          "Startup Cost": 31830.45,
          "Total Cost": 31830.76,
          "Plan Rows": 3,
          "Plan Width": 8,
          "Actual Startup Time": 113.783,
          "Actual Total Time": 124.211,
          "Actual Rows": 4,
          "Actual Loops": 1,
          "Workers Planned": 3,
          "Workers Launched": 3,
          "Single Copy": false,
          "Plans": [
            {
              "Node Type": "Aggregate",
              "Strategy": "Plain",
              "Partial Mode": "Partial",
              "Parent Relationship": "Outer",
              "Parallel Aware": false,
              "Startup Cost": 30830.45,
              "Total Cost": 30830.46,
              "Plan Rows": 1,
              "Plan Width": 8,
              "Actual Startup Time": 108.612,
              "Actual Total Time": 108.615,
              "Actual Rows": 1,
              "Actual Loops": 4,
              "Plans": [
                {
                  "Node Type": "Seq Scan",
                  "Parent Relationship": "Outer",
                  "Parallel Aware": true,
                  "Relation Name": "movie_companies",
                  "Alias": "mc",
                  "Startup Cost": 0.0,
                  "Total Cost": 29310.68,
                  "Plan Rows": 607908,
                  "Plan Width": 0,
                  "Actual Startup Time": 0.022,
                  "Actual Total Time": 86.918,
                  "Actual Rows": 472878,
                  "Actual Loops": 4,
                  "Filter": "(company_id < 42796)",
                  "Rows Removed by Filter": 179404
                }
              ]
            }
          ]
        }
      ]
    },
    "Planning Time": 0.13,
    "Triggers": [],
    "Execution Time": 124.254
  }
]