[
  {
    "Plan": {
      "Node Type": "Aggregate",
      "Strategy": "Plain",
      "Partial Mode": "Finalize",
      "Parallel Aware": false,
      "Startup Cost": 203675.7,
      "Total Cost": 203675.71,
      "Plan Rows": 1,
      "Plan Width": 8,
      "Actual Startup Time": 241.801,
      "Actual Total Time": 257.127,
      "Actual Rows": 1,
      "Actual Loops": 1,
      "Plans": [
        {
          "Node Type": "Gather",
          "Parent Relationship": "Outer",
          "Parallel Aware": false,
          "Startup Cost": 203675.08,
          "Total Cost": 203675.69,
          "Plan Rows": 6,
          "Plan Width": 8,
          "Actual Startup Time": 241.684,
          "Actual Total Time": 257.116,
          "Actual Rows": 7,
          "Actual Loops": 1,
          "Workers Planned": 6,
          "Workers Launched": 6,
          "Single Copy": false,
          "Plans": [
            {
              "Node Type": "Aggregate",
              "Strategy": "Plain",
              "Partial Mode": "Partial",
              "Parent Relationship": "Outer",
              "Parallel Aware": false,
              "Startup Cost": 202675.08,
              "Total Cost": 202675.09,
              "Plan Rows": 1,
              "Plan Width": 8,
              "Actual Startup Time": 234.149,
              "Actual Total Time": 234.15,
              "Actual Rows": 1,
              "Actual Loops": 7,
              "Plans": [
                {
                  "Node Type": "Index Scan",
                  "Parent Relationship": "Outer",
                  "Parallel Aware": true,
                  "Scan Direction": "Forward",
                  "Index Name": "role_id_cast_info",
                  "Relation Name": "cast_info",
                  "Alias": "ci",
                  "Startup Cost": 0.56,
                  "Total Cost": 201884.69,
                  "Plan Rows": 316154,
                  "Plan Width": 0,
                  "Actual Startup Time": 7.307,
                  "Actual Total Time": 234.114,
                  "Actual Rows": 230,
                  "Actual Loops": 7,
                  "Index Cond": "(role_id = 2)",
                  "Rows Removed by Index Recheck": 0,
                  "Filter": "(person_id < 903772)",
                  "Rows Removed by Filter": 1064338
                }
              ]
            }
          ]
        }
      ]
    },
    "Planning Time": 0.116,
    "Triggers": [],
    "Execution Time": 257.169
  }
]