[
  {
    "Plan": {
      "Node Type": "Aggregate",
      "Strategy": "Plain",
      "Partial Mode": "Finalize",
      "Parallel Aware": false,
      "Startup Cost": 92289.41,
      "Total Cost": 92289.42,
      "Plan Rows": 1,
      "Plan Width": 8,
      "Actual Startup Time": 277.801,
      "Actual Total Time": 294.498,
      "Actual Rows": 1,
      "Actual Loops": 1,
      "Plans": [
        {
          "Node Type": "Gather",
          "Parent Relationship": "Outer",
          "Parallel Aware": false,
          "Startup Cost": 92289.09,
          "Total Cost": 92289.4,
          "Plan Rows": 3,
          "Plan Width": 8,
          "Actual Startup Time": 275.206,
          "Actual Total Time": 294.488,
          "Actual Rows": 4,
          "Actual Loops": 1,
          "Workers Planned": 3,
          "Workers Launched": 3,
          "Single Copy": false,
          "Plans": [
            {
              "Node Type": "Aggregate",
              "Strategy": "Plain",
              "Partial Mode": "Partial",
              "Parent Relationship": "Outer",
              "Parallel Aware": false,
              "Startup Cost": 91289.09,
              "Total Cost": 91289.1,
              "Plan Rows": 1,
              "Plan Width": 8,
              "Actual Startup Time": 271.881,
              "Actual Total Time": 271.884,
              "Actual Rows": 1,
              "Actual Loops": 4,
              "Plans": [
                {
                  "Node Type": "Hash Join",
                  "Parent Relationship": "Outer",
                  "Parallel Aware": true,
                  "Join Type": "Inner",
                  "Startup Cost": 46937.59,
                  "Total Cost": 91041.59,
                  "Plan Rows": 99001,
                  "Plan Width": 0,
                  "Actual Startup Time": 120.095,
                  "Actual Total Time": 267.208,
                  "Actual Rows": 114258,
                  "Actual Loops": 4,
                  "Inner Unique": true,
                  "Hash Cond": "(mk.movie_id = t.id)",
                  "Plans": [
                    {
                      "Node Type": "Seq Scan",
                      "Parent Relationship": "Outer",
                      "Parallel Aware": true,
                      "Relation Name": "movie_keyword",
                      "Alias": "mk",
                      "Startup Cost": 0.0,
                      "Total Cost": 42695.65,
                      "Plan Rows": 536513,
                      "Plan Width": 4,
                      "Actual Startup Time": 0.027,
                      "Actual Total Time": 92.394,
                      "Actual Rows": 416394,
                      "Actual Loops": 4,
                      "Filter": "(keyword_id < 2554)",
                      "Rows Removed by Filter": 714589
                    },
                    {
                      "Node Type": "Hash",
                      "Parent Relationship": "Inner",
                      "Parallel Aware": true,
                      "Startup Cost": 45479.59,
                      "Total Cost": 45479.59,
                      "Plan Rows": 116640,
                      "Plan Width": 4,
                      "Actual Startup Time": 118.463,
                      "Actual Total Time": 118.464,
                      "Actual Rows": 99090,
                      "Actual Loops": 4,
                      "Hash Buckets": 524288,
                      "Original Hash Buckets": 524288,
                      "Hash Batches": 1,
                      "Original Hash Batches": 1,
                      "Peak Memory Usage": 19680,
                      "Plans": [
                        {
                          "Node Type": "Seq Scan",
                          "Parent Relationship": "Outer",
                          "Parallel Aware": true,
                          "Relation Name": "title",
                          "Alias": "t",
                          "Startup Cost": 0.0,
                          "Total Cost": 45479.59,
                          "Plan Rows": 116640,
                          "Plan Width": 4,
                          "Actual Startup Time": 0.032,
                          "Actual Total Time": 86.377,
                          "Actual Rows": 99090,
                          "Actual Loops": 4,
                          "Filter": "((kind_id < 7) AND (production_year > 2003))",
                          "Rows Removed by Filter": 532988
                        }
                      ]
                    }
                  ]
                }
              ]
            }
          ]
        }
      ]
    },
    "Planning Time": 0.255,
    "Triggers": [],
    "Execution Time": 294.543
  }
]