{
  "Plan": {
    "Node Type": "Aggregate",
    "Strategy": "Plain",
    "Partial Mode": "Finalize",
    "Parallel Aware": false,
    "Startup Cost": 115564.16,
    "Total Cost": 115564.17,
    "Plan Rows": 1,
    "Plan Width": 8,
    "Actual Startup Time": 548.738,
    "Actual Total Time": 566.111,
    "Actual Rows": 1,
    "Actual Loops": 1,
    "Plans": [
      {
        "Node Type": "Gather",
        "Parent Relationship": "Outer",
        "Parallel Aware": false,
        "Startup Cost": 115564.05,
        "Total Cost": 115564.16,
        "Plan Rows": 1,
        "Plan Width": 8,
        "Actual Startup Time": 547.92,
        "Actual Total Time": 566.1,
        "Actual Rows": 2,
        "Actual Loops": 1,
        "Workers Planned": 1,
        "Workers Launched": 1,
        "Single Copy": false,
        "Plans": [
          {
            "Node Type": "Aggregate",
            "Strategy": "Plain",
            "Partial Mode": "Partial",
            "Parent Relationship": "Outer",
            "Parallel Aware": false,
            "Startup Cost": 114564.05,
            "Total Cost": 114564.06,
            "Plan Rows": 1,
            "Plan Width": 8,
            "Actual Startup Time": 542.06,
            "Actual Total Time": 542.287,
            "Actual Rows": 1,
            "Actual Loops": 2,
            "Plans": [
              {
                "Node Type": "Hash Join",
                "Parent Relationship": "Outer",
                "Parallel Aware": true,
                "Join Type": "Inner",
                "Startup Cost": 95293.13,
                "Total Cost": 114508.65,
                "Plan Rows": 22159,
                "Plan Width": 0,
                "Actual Startup Time": 448.225,
                "Actual Total Time": 541.123,
                "Actual Rows": 20410,
                "Actual Loops": 2,
                "Inner Unique": false,
                "Hash Cond": "(mi_idx.movie_id = t.id)",
                "Plans": [
                  {
                    "Node Type": "Seq Scan",
                    "Parent Relationship": "Outer",
                    "Parallel Aware": true,
                    "Relation Name": "movie_info_idx",
                    "Alias": "mi_idx",
                    "Startup Cost": 0.0,
                    "Total Cost": 18082.32,
                    "Plan Rows": 267429,
                    "Plan Width": 4,
                    "Actual Startup Time": 0.027,
                    "Actual Total Time": 59.413,
                    "Actual Rows": 229962,
                    "Actual Loops": 2,
                    "Filter": "(info_type_id = 99)",
                    "Rows Removed by Filter": 460055
                  },
                  {
                    "Node Type": "Hash",
                    "Parent Relationship": "Inner",
                    "Parallel Aware": true,
                    "Startup Cost": 93752.74,
                    "Total Cost": 93752.74,
                    "Plan Rows": 123231,
                    "Plan Width": 8,
                    "Actual Startup Time": 444.778,
                    "Actual Total Time": 445.003,
                    "Actual Rows": 47736,
                    "Actual Loops": 2,
                    "Hash Buckets": 262144,
                    "Original Hash Buckets": 262144,
                    "Hash Batches": 1,
                    "Original Hash Batches": 1,
                    "Peak Memory Usage": 5824,
                    "Plans": [
                      {
                        "Node Type": "Hash Join",
                        "Parent Relationship": "Outer",
                        "Parallel Aware": true,
                        "Join Type": "Inner",
                        "Startup Cost": 32862.34,
                        "Total Cost": 93752.74,
                        "Plan Rows": 123231,
                        "Plan Width": 8,
                        "Actual Startup Time": 114.723,
                        "Actual Total Time": 428.323,
                        "Actual Rows": 47736,
                        "Actual Loops": 2,
                        "Inner Unique": false,
                        "Hash Cond": "(t.id = mc.movie_id)",
                        "Plans": [
                          {
                            "Node Type": "Seq Scan",
                            "Parent Relationship": "Outer",
                            "Parallel Aware": true,
                            "Relation Name": "title",
                            "Alias": "t",
                            "Startup Cost": 0.0,
                            "Total Cost": 50870.31,
                            "Plan Rows": 1487231,
                            "Plan Width": 4,
                            "Actual Startup Time": 0.01,
                            "Actual Total Time": 138.087,
                            "Actual Rows": 1264156,
                            "Actual Loops": 2
                          },
                          {
                            "Node Type": "Hash",
                            "Parent Relationship": "Inner",
                            "Parallel Aware": true,
                            "Startup Cost": 31321.96,
                            "Total Cost": 31321.96,
                            "Plan Rows": 123231,
                            "Plan Width": 4,
                            "Actual Startup Time": 112.688,
                            "Actual Total Time": 112.69,
                            "Actual Rows": 47736,
                            "Actual Loops": 2,
                            "Hash Buckets": 262144,
                            "Original Hash Buckets": 262144,
                            "Hash Batches": 1,
                            "Original Hash Batches": 1,
                            "Peak Memory Usage": 5824,
                            "Plans": [
                              {
                                "Node Type": "Bitmap Heap Scan",
                                "Parent Relationship": "Outer",
                                "Parallel Aware": true,
                                "Relation Name": "movie_companies",
                                "Alias": "mc",
                                "Startup Cost": 8891.33,
                                "Total Cost": 31321.96,
                                "Plan Rows": 123231,
                                "Plan Width": 4,
                                "Actual Startup Time": 82.689,
                                "Actual Total Time": 101.667,
                                "Actual Rows": 47736,
                                "Actual Loops": 2,
                                "Recheck Cond": "(company_id < 264)",
                                "Rows Removed by Index Recheck": 0,
                                "Filter": "(company_type_id > 1)",
                                "Rows Removed by Filter": 156797,
                                "Exact Heap Blocks": 10995,
                                "Lossy Heap Blocks": 0,
                                "Plans": [
                                  {
                                    "Node Type": "Bitmap Index Scan",
                                    "Parent Relationship": "Outer",
                                    "Parallel Aware": false,
                                    "Index Name": "company_id_movie_companies",
                                    "Startup Cost": 0.0,
                                    "Total Cost": 8838.96,
                                    "Plan Rows": 412604,
                                    "Plan Width": 0,
                                    "Actual Startup Time": 32.411,
                                    "Actual Total Time": 32.411,
                                    "Actual Rows": 409066,
                                    "Actual Loops": 1,
                                    "Index Cond": "(company_id < 264)"
                                  }
                                ]
                              }
                            ]
                          }
                        ]
                      }
                    ]
                  }
                ]
              }
            ]
          }
        ]
      }
    ]
  },
  "Planning Time": 0.924,
  "Triggers": [],
  "Execution Time": 566.213
}