{
  "Plan": {
    "Node Type": "Aggregate",
    "Strategy": "Plain",
    "Partial Mode": "Finalize",
    "Parallel Aware": false,
    "Startup Cost": 332788.29,
    "Total Cost": 332788.3,
    "Plan Rows": 1,
    "Plan Width": 8,
    "Actual Startup Time": 1582.477,
    "Actual Total Time": 1631.808,
    "Actual Rows": 1,
    "Actual Loops": 1,
    "Plans": [
      {
        "Node Type": "Gather",
        "Parent Relationship": "Outer",
        "Parallel Aware": false,
        "Startup Cost": 332788.18,
        "Total Cost": 332788.29,
        "Plan Rows": 1,
        "Plan Width": 8,
        "Actual Startup Time": 1582.129,
        "Actual Total Time": 1631.8,
        "Actual Rows": 2,
        "Actual Loops": 1,
        "Workers Planned": 1,
        "Workers Launched": 1,
        "Single Copy": false,
        "Plans": [
          {
            "Node Type": "Aggregate",
            "Strategy": "Plain",
            "Partial Mode": "Partial",
            "Parent Relationship": "Outer",
            "Parallel Aware": false,
            "Startup Cost": 331788.18,
            "Total Cost": 331788.19,
            "Plan Rows": 1,
            "Plan Width": 8,
            "Actual Startup Time": 1576.186,
            "Actual Total Time": 1576.189,
            "Actual Rows": 1,
            "Actual Loops": 2,
            "Plans": [
              {
                "Node Type": "Hash Join",
                "Parent Relationship": "Outer",
                "Parallel Aware": true,
                "Join Type": "Inner",
                "Startup Cost": 59089.26,
                "Total Cost": 330872.74,
                "Plan Rows": 366175,
                "Plan Width": 0,
                "Actual Startup Time": 163.628,
                "Actual Total Time": 1571.108,
                "Actual Rows": 112209,
                "Actual Loops": 2,
                "Inner Unique": true,
                "Hash Cond": "(mi.movie_id = t.id)",
                "Plans": [
                  {
                    "Node Type": "Seq Scan",
                    "Parent Relationship": "Outer",
                    "Parallel Aware": true,
                    "Relation Name": "movie_info",
                    "Alias": "mi",
                    "Startup Cost": 0.0,
                    "Total Cost": 248955.74,
                    "Plan Rows": 8696274,
                    "Plan Width": 4,
                    "Actual Startup Time": 0.009,
                    "Actual Total Time": 622.181,
                    "Actual Rows": 7417860,
                    "Actual Loops": 2
                  },
                  {
                    "Node Type": "Hash",
                    "Parent Relationship": "Inner",
                    "Parallel Aware": true,
                    "Startup Cost": 58306.47,
                    "Total Cost": 58306.47,
                    "Plan Rows": 62623,
                    "Plan Width": 4,
                    "Actual Startup Time": 159.754,
                    "Actual Total Time": 159.754,
                    "Actual Rows": 57982,
                    "Actual Loops": 2,
                    "Hash Buckets": 131072,
                    "Original Hash Buckets": 131072,
                    "Hash Batches": 1,
                    "Original Hash Batches": 1,
                    "Peak Memory Usage": 5600,
                    "Plans": [
                      {
                        "Node Type": "Seq Scan",
                        "Parent Relationship": "Outer",
                        "Parallel Aware": true,
                        "Relation Name": "title",
                        "Alias": "t",
                        "Startup Cost": 0.0,
                        "Total Cost": 58306.47,
                        "Plan Rows": 62623,
                        "Plan Width": 4,
                        "Actual Startup Time": 0.038,
                        "Actual Total Time": 144.234,
                        "Actual Rows": 57982,
                        "Actual Loops": 2,
                        "Filter": "((kind_id > 3) AND (production_year = 2012))",
                        "Rows Removed by Filter": 1206174
                      }
                    ]
                  }
                ]
              }
            ]
          }
        ]
      }
    ]
  },
  "Planning Time": 0.438,
  "Triggers": [],
  "Execution Time": 1631.89
}