{
  "Plan": {
    "Node Type": "Aggregate",
    "Strategy": "Plain",
    "Partial Mode": "Finalize",
    "Parallel Aware": false,
    "Startup Cost": 815005.31,
    "Total Cost": 815005.32,
    "Plan Rows": 1,
    "Plan Width": 8,
    "Actual Startup Time": 8467.776,
    "Actual Total Time": 8539.744,
    "Actual Rows": 1,
    "Actual Loops": 1,
    "Plans": [
      {
        "Node Type": "Gather",
        "Parent Relationship": "Outer",
        "Parallel Aware": false,
        "Startup Cost": 815005.2,
        "Total Cost": 815005.31,
        "Plan Rows": 1,
        "Plan Width": 8,
        "Actual Startup Time": 8455.948,
        "Actual Total Time": 8539.737,
        "Actual Rows": 2,
        "Actual Loops": 1,
        "Workers Planned": 1,
        "Workers Launched": 1,
        "Single Copy": false,
        "Plans": [
          {
            "Node Type": "Aggregate",
            "Strategy": "Plain",
            "Partial Mode": "Partial",
            "Parent Relationship": "Outer",
            "Parallel Aware": false,
            "Startup Cost": 814005.2,
            "Total Cost": 814005.21,
            "Plan Rows": 1,
            "Plan Width": 8,
            "Actual Startup Time": 8435.12,
            "Actual Total Time": 8435.126,
            "Actual Rows": 1,
            "Actual Loops": 2,
            "Plans": [
              {
                "Node Type": "Hash Join",
                "Parent Relationship": "Outer",
                "Parallel Aware": true,
                "Join Type": "Inner",
                "Startup Cost": 672317.22,
                "Total Cost": 796116.19,
                "Plan Rows": 7155605,
                "Plan Width": 0,
                "Actual Startup Time": 6370.558,
                "Actual Total Time": 7831.779,
                "Actual Rows": 14252848,
                "Actual Loops": 2,
                "Inner Unique": false,
                "Hash Cond": "(mk.movie_id = t.id)",
                "Plans": [
                  {
                    "Node Type": "Seq Scan",
                    "Parent Relationship": "Outer",
                    "Parallel Aware": true,
                    "Relation Name": "movie_keyword",
                    "Alias": "mk",
                    "Startup Cost": 0.0,
                    "Total Cost": 57718.19,
                    "Plan Rows": 2398898,
                    "Plan Width": 4,
                    "Actual Startup Time": 0.029,
                    "Actual Total Time": 196.6,
                    "Actual Rows": 2031102,
                    "Actual Loops": 2,
                    "Filter": "(keyword_id > 348)",
                    "Rows Removed by Filter": 230864
                  },
                  {
                    "Node Type": "Hash",
                    "Parent Relationship": "Inner",
                    "Parallel Aware": true,
                    "Startup Cost": 616864.49,
                    "Total Cost": 616864.49,
                    "Plan Rows": 4436219,
                    "Plan Width": 8,
                    "Actual Startup Time": 6336.213,
                    "Actual Total Time": 6336.217,
                    "Actual Rows": 3842710,
                    "Actual Loops": 2,
                    "Hash Buckets": 8388608,
                    "Original Hash Buckets": 8388608,
                    "Hash Batches": 1,
                    "Original Hash Batches": 1,
                    "Peak Memory Usage": 366208,
                    "Plans": [
                      {
                        "Node Type": "Hash Join",
                        "Parent Relationship": "Outer",
                        "Parallel Aware": true,
                        "Join Type": "Inner",
                        "Startup Cost": 60373.46,
                        "Total Cost": 616864.49,
                        "Plan Rows": 4436219,
                        "Plan Width": 8,
                        "Actual Startup Time": 279.403,
                        "Actual Total Time": 5074.857,
                        "Actual Rows": 3842710,
                        "Actual Loops": 2,
                        "Inner Unique": true,
                        "Hash Cond": "(ci.movie_id = t.id)",
                        "Plans": [
                          {
                            "Node Type": "Seq Scan",
                            "Parent Relationship": "Outer",
                            "Parallel Aware": true,
                            "Relation Name": "cast_info",
                            "Alias": "ci",
                            "Startup Cost": 0.0,
                            "Total Cost": 519069.44,
                            "Plan Rows": 14255815,
                            "Plan Width": 4,
                            "Actual Startup Time": 0.016,
                            "Actual Total Time": 1650.043,
                            "Actual Rows": 12144923,
                            "Actual Loops": 2,
                            "Filter": "(person_id < 2494077)",
                            "Rows Removed by Filter": 5977249
                          },
                          {
                            "Node Type": "Hash",
                            "Parent Relationship": "Inner",
                            "Parallel Aware": true,
                            "Startup Cost": 54588.39,
                            "Total Cost": 54588.39,
                            "Plan Rows": 462806,
                            "Plan Width": 4,
                            "Actual Startup Time": 275.706,
                            "Actual Total Time": 275.707,
                            "Actual Rows": 392463,
                            "Actual Loops": 2,
                            "Hash Buckets": 1048576,
                            "Original Hash Buckets": 1048576,
                            "Hash Batches": 1,
                            "Original Hash Batches": 1,
                            "Peak Memory Usage": 38944,
                            "Plans": [
                              {
                                "Node Type": "Seq Scan",
                                "Parent Relationship": "Outer",
                                "Parallel Aware": true,
                                "Relation Name": "title",
                                "Alias": "t",
                                "Startup Cost": 0.0,
                                "Total Cost": 54588.39,
                                "Plan Rows": 462806,
                                "Plan Width": 4,
                                "Actual Startup Time": 0.035,
                                "Actual Total Time": 170.252,
                                "Actual Rows": 392463,
                                "Actual Loops": 2,
                                "Filter": "(production_year > 2007)",
                                "Rows Removed by Filter": 871693
                              }
                            ]
                          }
                        ]
                      }
                    ]
                  }
                ]
              }
            ]
          }
        ]
      }
    ]
  },
  "Planning Time": 0.933,
  "Triggers": [],
  "Execution Time": 8539.83
}