{
  "Plan": {
    "Node Type": "Aggregate",
    "Strategy": "Plain",
    "Partial Mode": "Finalize",
    "Parallel Aware": false,
    "Startup Cost": 522397.76,
    "Total Cost": 522397.77,
    "Plan Rows": 1,
    "Plan Width": 8,
    "Actual Startup Time": 2305.991,
    "Actual Total Time": 2343.359,
    "Actual Rows": 1,
    "Actual Loops": 1,
    "Plans": [
      {
        "Node Type": "Gather",
        "Parent Relationship": "Outer",
        "Parallel Aware": false,
        "Startup Cost": 522397.65,
        "Total Cost": 522397.76,
        "Plan Rows": 1,
        "Plan Width": 8,
        "Actual Startup Time": 2298.729,
        "Actual Total Time": 2343.349,
        "Actual Rows": 2,
        "Actual Loops": 1,
        "Workers Planned": 1,
        "Workers Launched": 1,
        "Single Copy": false,
        "Plans": [
          {
            "Node Type": "Aggregate",
            "Strategy": "Plain",
            "Partial Mode": "Partial",
            "Parent Relationship": "Outer",
            "Parallel Aware": false,
            "Startup Cost": 521397.65,
            "Total Cost": 521397.66,
            "Plan Rows": 1,
            "Plan Width": 8,
            "Actual Startup Time": 2290.072,
            "Actual Total Time": 2290.079,
            "Actual Rows": 1,
            "Actual Loops": 2,
            "Plans": [
              {
                "Node Type": "Hash Join",
                "Parent Relationship": "Outer",
                "Parallel Aware": true,
                "Join Type": "Inner",
                "Startup Cost": 449059.57,
                "Total Cost": 518029.42,
                "Plan Rows": 1347292,
                "Plan Width": 0,
                "Actual Startup Time": 1507.645,
                "Actual Total Time": 2165.255,
                "Actual Rows": 2535604,
                "Actual Loops": 2,
                "Inner Unique": false,
                "Hash Cond": "(mk.movie_id = t.id)",
                "Plans": [
                  {
                    "Node Type": "Seq Scan",
                    "Parent Relationship": "Outer",
                    "Parallel Aware": true,
                    "Relation Name": "movie_keyword",
                    "Alias": "mk",
                    "Startup Cost": 0.0,
                    "Total Cost": 51065.35,
                    "Plan Rows": 2661135,
                    "Plan Width": 4,
                    "Actual Startup Time": 0.021,
                    "Actual Total Time": 186.636,
                    "Actual Rows": 2261965,
                    "Actual Loops": 2
                  },
                  {
                    "Node Type": "Hash",
                    "Parent Relationship": "Inner",
                    "Parallel Aware": true,
                    "Startup Cost": 439647.55,
                    "Total Cost": 439647.55,
                    "Plan Rows": 752962,
                    "Plan Width": 8,
                    "Actual Startup Time": 1493.076,
                    "Actual Total Time": 1493.081,
                    "Actual Rows": 393549,
                    "Actual Loops": 2,
                    "Hash Buckets": 2097152,
                    "Original Hash Buckets": 2097152,
                    "Hash Batches": 1,
                    "Original Hash Batches": 1,
                    "Peak Memory Usage": 47200,
                    "Plans": [
                      {
                        "Node Type": "Hash Join",
                        "Parent Relationship": "Outer",
                        "Parallel Aware": true,
                        "Join Type": "Inner",
                        "Startup Cost": 151830.1,
                        "Total Cost": 439647.55,
                        "Plan Rows": 752962,
                        "Plan Width": 8,
                        "Actual Startup Time": 1011.881,
                        "Actual Total Time": 1336.848,
                        "Actual Rows": 393549,
                        "Actual Loops": 2,
                        "Inner Unique": true,
                        "Hash Cond": "(ci.movie_id = t.id)",
                        "Plans": [
                          {
                            "Node Type": "Bitmap Heap Scan",
                            "Parent Relationship": "Outer",
                            "Parallel Aware": true,
                            "Relation Name": "cast_info",
                            "Alias": "ci",
                            "Startup Cost": 82369.4,
                            "Total Cost": 368210.32,
                            "Plan Rows": 752962,
                            "Plan Width": 4,
                            "Actual Startup Time": 440.059,
                            "Actual Total Time": 531.941,
                            "Actual Rows": 393549,
                            "Actual Loops": 2,
                            "Recheck Cond": "(person_id < 372057)",
                            "Rows Removed by Index Recheck": 0,
                            "Filter": "(role_id > 3)",
                            "Rows Removed by Filter": 1550634,
                            "Exact Heap Blocks": 19385,
                            "Lossy Heap Blocks": 0,
                            "Plans": [
                              {
                                "Node Type": "Bitmap Index Scan",
                                "Parent Relationship": "Outer",
                                "Parallel Aware": false,
                                "Index Name": "person_id_cast_info",
                                "Startup Cost": 0.0,
                                "Total Cost": 82049.4,
                                "Plan Rows": 3757444,
                                "Plan Width": 0,
                                "Actual Startup Time": 233.845,
                                "Actual Total Time": 233.845,
                                "Actual Rows": 3888366,
                                "Actual Loops": 1,
                                "Index Cond": "(person_id < 372057)"
                              }
                            ]
                          },
                          {
                            "Node Type": "Hash",
                            "Parent Relationship": "Inner",
                            "Parallel Aware": true,
                            "Startup Cost": 50870.31,
                            "Total Cost": 50870.31,
                            "Plan Rows": 1487231,
                            "Plan Width": 4,
                            "Actual Startup Time": 558.374,
                            "Actual Total Time": 558.375,
                            "Actual Rows": 1264156,
                            "Actual Loops": 2,
                            "Hash Buckets": 4194304,
                            "Original Hash Buckets": 4194304,
                            "Hash Batches": 1,
                            "Original Hash Batches": 1,
                            "Peak Memory Usage": 131712,
                            "Plans": [
                              {
                                "Node Type": "Seq Scan",
                                "Parent Relationship": "Outer",
                                "Parallel Aware": true,
                                "Relation Name": "title",
                                "Alias": "t",
                                "Startup Cost": 0.0,
                                "Total Cost": 50870.31,
                                "Plan Rows": 1487231,
                                "Plan Width": 4,
                                "Actual Startup Time": 0.027,
                                "Actual Total Time": 159.654,
                                "Actual Rows": 1264156,
                                "Actual Loops": 2
                              }
                            ]
                          }
                        ]
                      }
                    ]
                  }
                ]
              }
            ]
          }
        ]
      }
    ]
  },
  "Planning Time": 1.071,
  "Triggers": [],
  "Execution Time": 2343.461
}