[
  {
    "Plan": {
      "Node Type": "Aggregate",
      "Strategy": "Plain",
      "Partial Mode": "Finalize",
      "Parallel Aware": false,
      "Startup Cost": 33025.13,
      "Total Cost": 33025.14,
      "Plan Rows": 1,
      "Plan Width": 8,
      "Actual Startup Time": 94.941,
      "Actual Total Time": 101.499,
      "Actual Rows": 1,
      "Actual Loops": 1,
      "Plans": [
        {
          "Node Type": "Gather",
          "Parent Relationship": "Outer",
          "Parallel Aware": false,
          "Startup Cost": 33024.81,
          "Total Cost": 33025.12,
          "Plan Rows": 3,
          "Plan Width": 8,
          "Actual Startup Time": 94.83,
          "Actual Total Time": 101.492,
          "Actual Rows": 4,
          "Actual Loops": 1,
          "Workers Planned": 3,
          "Workers Launched": 3,
          "Single Copy": false,
          "Plans": [
            {
              "Node Type": "Aggregate",
              "Strategy": "Plain",
              "Partial Mode": "Partial",
              "Parent Relationship": "Outer",
              "Parallel Aware": false,
              "Startup Cost": 32024.81,
              "Total Cost": 32024.82,
              "Plan Rows": 1,
              "Plan Width": 8,
              "Actual Startup Time": 86.397,
              "Actual Total Time": 86.398,
              "Actual Rows": 1,
              "Actual Loops": 4,
              "Plans": [
                {
                  "Node Type": "Seq Scan",
                  "Parent Relationship": "Outer",
                  "Parallel Aware": true,
                  "Relation Name": "movie_companies",
                  "Alias": "mc",
                  "Startup Cost": 0.0,
                  "Total Cost": 31414.82,
                  "Plan Rows": 243997,
                  "Plan Width": 0,
                  "Actual Startup Time": 10.767,
                  "Actual Total Time": 79.918,
                  "Actual Rows": 134308,
                  "Actual Loops": 4,
                  "Filter": "((company_id > 6635) AND (company_type_id = 1))",
                  "Rows Removed by Filter": 517974
                }
              ]
            }
          ]
        }
      ]
    },
    "Planning Time": 0.194,
    "Triggers": [],
    "Execution Time": 101.549
  }
]