[
  {
    "Plan": {
      "Node Type": "Aggregate",
      "Strategy": "Plain",
      "Partial Mode": "Finalize",
      "Parallel Aware": false,
      "Startup Cost": 29030.49,
      "Total Cost": 29030.5,
      "Plan Rows": 1,
      "Plan Width": 8,
      "Actual Startup Time": 76.224,
      "Actual Total Time": 83.094,
      "Actual Rows": 1,
      "Actual Loops": 1,
      "Plans": [
        {
          "Node Type": "Gather",
          "Parent Relationship": "Outer",
          "Parallel Aware": false,
          "Startup Cost": 29030.17,
          "Total Cost": 29030.48,
          "Plan Rows": 3,
          "Plan Width": 8,
          "Actual Startup Time": 75.939,
          "Actual Total Time": 83.086,
          "Actual Rows": 4,
          "Actual Loops": 1,
          "Workers Planned": 3,
          "Workers Launched": 3,
          "Single Copy": false,
          "Plans": [
            {
              "Node Type": "Aggregate",
              "Strategy": "Plain",
              "Partial Mode": "Partial",
              "Parent Relationship": "Outer",
              "Parallel Aware": false,
              "Startup Cost": 28030.17,
              "Total Cost": 28030.18,
              "Plan Rows": 1,
              "Plan Width": 8,
              "Actual Startup Time": 68.527,
              "Actual Total Time": 68.528,
              "Actual Rows": 1,
              "Actual Loops": 4,
              "Plans": [
                {
                  "Node Type": "Bitmap Heap Scan",
                  "Parent Relationship": "Outer",
                  "Parallel Aware": true,
                  "Relation Name": "movie_keyword",
                  "Alias": "mk",
                  "Startup Cost": 2912.08,
                  "Total Cost": 27919.49,
                  "Plan Rows": 44273,
                  "Plan Width": 0,
                  "Actual Startup Time": 19.951,
                  "Actual Total Time": 65.999,
                  "Actual Rows": 33458,
                  "Actual Loops": 4,
                  "Recheck Cond": "(keyword_id > 75817)",
                  "Rows Removed by Index Recheck": 0,
                  "Exact Heap Blocks": 11481,
                  "Lossy Heap Blocks": 0,
                  "Plans": [
                    {
                      "Node Type": "Bitmap Index Scan",
                      "Parent Relationship": "Outer",
                      "Parallel Aware": false,
                      "Index Name": "keyword_id_movie_keyword",
                      "Startup Cost": 0.0,
                      "Total Cost": 2877.77,
                      "Plan Rows": 137245,
                      "Plan Width": 0,
                      "Actual Startup Time": 21.707,
                      "Actual Total Time": 21.707,
                      "Actual Rows": 133833,
                      "Actual Loops": 1,
                      "Index Cond": "(keyword_id > 75817)"
                    }
                  ]
                }
              ]
            }
          ]
        }
      ]
    },
    "Planning Time": 0.177,
    "Triggers": [],
    "Execution Time": 83.176
  }
]