[
  {
    "Plan": {
      "Node Type": "Aggregate",
      "Strategy": "Plain",
      "Partial Mode": "Finalize",
      "Parallel Aware": false,
      "Startup Cost": 46481.73,
      "Total Cost": 46481.74,
      "Plan Rows": 1,
      "Plan Width": 8,
      "Actual Startup Time": 94.643,
      "Actual Total Time": 110.436,
      "Actual Rows": 1,
      "Actual Loops": 1,
      "Plans": [
        {
          "Node Type": "Gather",
          "Parent Relationship": "Outer",
          "Parallel Aware": false,
          "Startup Cost": 46481.31,
          "Total Cost": 46481.72,
          "Plan Rows": 4,
          "Plan Width": 8,
          "Actual Startup Time": 94.457,
          "Actual Total Time": 110.424,
          "Actual Rows": 5,
          "Actual Loops": 1,
          "Workers Planned": 4,
          "Workers Launched": 4,
          "Single Copy": false,
          "Plans": [
            {
              "Node Type": "Aggregate",
              "Strategy": "Plain",
              "Partial Mode": "Partial",
              "Parent Relationship": "Outer",
              "Parallel Aware": false,
              "Startup Cost": 45481.31,
              "Total Cost": 45481.32,
              "Plan Rows": 1,
              "Plan Width": 8,
              "Actual Startup Time": 88.689,
              "Actual Total Time": 88.691,
              "Actual Rows": 1,
              "Actual Loops": 5,
              "Plans": [
                {
                  "Node Type": "Seq Scan",
                  "Parent Relationship": "Outer",
                  "Parallel Aware": true,
                  "Relation Name": "title",
                  "Alias": "t",
                  "Startup Cost": 0.0,
                  "Total Cost": 45479.59,
                  "Plan Rows": 688,
                  "Plan Width": 0,
                  "Actual Startup Time": 55.845,
                  "Actual Total Time": 88.596,
                  "Actual Rows": 672,
                  "Actual Loops": 5,
                  "Filter": "((kind_id < 2) AND (production_year = 1963))",
                  "Rows Removed by Filter": 504990
                }
              ]
            }
          ]
        }
      ]
    },
    "Planning Time": 0.107,
    "Triggers": [],
    "Execution Time": 110.472
  }
]