[
    {
        "Bao": {
            "Bao prediction": "NaN",
            "Bao recommended hint": "(no hint)"
        }
    },
    {
        "Plan": {
            "Node Type": "Aggregate",
            "Strategy": "Plain",
            "Partial Mode": "Finalize",
            "Parallel Aware": false,
            "Startup Cost": 85433.31,
            "Total Cost": 85433.32,
            "Plan Rows": 1,
            "Plan Width": 8,
            "Actual Startup Time": 229.467,
            "Actual Total Time": 238.485,
            "Actual Rows": 1,
            "Actual Loops": 1,
            "Output": [
                "count(*)"
            ],
            "Plans": [
                {
                    "Node Type": "Gather",
                    "Parent Relationship": "Outer",
                    "Parallel Aware": false,
                    "Startup Cost": 85433.0,
                    "Total Cost": 85433.31,
                    "Plan Rows": 3,
                    "Plan Width": 8,
                    "Actual Startup Time": 228.29,
                    "Actual Total Time": 238.477,
                    "Actual Rows": 4,
                    "Actual Loops": 1,
                    "Output": [
                        "(PARTIAL count(*))"
                    ],
                    "Workers Planned": 3,
                    "Workers Launched": 3,
                    "Single Copy": false,
                    "Plans": [
                        {
                            "Node Type": "Aggregate",
                            "Strategy": "Plain",
                            "Partial Mode": "Partial",
                            "Parent Relationship": "Outer",
                            "Parallel Aware": false,
                            "Startup Cost": 84433.0,
                            "Total Cost": 84433.01,
                            "Plan Rows": 1,
                            "Plan Width": 8,
                            "Actual Startup Time": 219.773,
                            "Actual Total Time": 219.776,
                            "Actual Rows": 1,
                            "Actual Loops": 4,
                            "Output": [
                                "PARTIAL count(*)"
                            ],
                            "Workers": [
                                {
                                    "Worker Number": 0,
                                    "Actual Startup Time": 216.745,
                                    "Actual Total Time": 216.747,
                                    "Actual Rows": 1,
                                    "Actual Loops": 1
                                },
                                {
                                    "Worker Number": 1,
                                    "Actual Startup Time": 217.063,
                                    "Actual Total Time": 217.066,
                                    "Actual Rows": 1,
                                    "Actual Loops": 1
                                },
                                {
                                    "Worker Number": 2,
                                    "Actual Startup Time": 217.315,
                                    "Actual Total Time": 217.318,
                                    "Actual Rows": 1,
                                    "Actual Loops": 1
                                }
                            ],
                            "Plans": [
                                {
                                    "Node Type": "Hash Join",
                                    "Parent Relationship": "Outer",
                                    "Parallel Aware": true,
                                    "Join Type": "Inner",
                                    "Startup Cost": 57418.96,
                                    "Total Cost": 84378.07,
                                    "Plan Rows": 21972,
                                    "Plan Width": 0,
                                    "Actual Startup Time": 140.674,
                                    "Actual Total Time": 219.385,
                                    "Actual Rows": 3834,
                                    "Actual Loops": 4,
                                    "Inner Unique": true,
                                    "Hash Cond": "(mk.movie_id = t.id)",
                                    "Workers": [
                                        {
                                            "Worker Number": 0,
                                            "Actual Startup Time": 138.228,
                                            "Actual Total Time": 216.363,
                                            "Actual Rows": 3206,
                                            "Actual Loops": 1
                                        },
                                        {
                                            "Worker Number": 1,
                                            "Actual Startup Time": 137.622,
                                            "Actual Total Time": 216.653,
                                            "Actual Rows": 3183,
                                            "Actual Loops": 1
                                        },
                                        {
                                            "Worker Number": 2,
                                            "Actual Startup Time": 138.548,
                                            "Actual Total Time": 216.918,
                                            "Actual Rows": 2075,
                                            "Actual Loops": 1
                                        }
                                    ],
                                    "Plans": [
                                        {
                                            "Node Type": "Bitmap Heap Scan",
                                            "Parent Relationship": "Outer",
                                            "Parallel Aware": true,
                                            "Relation Name": "movie_keyword",
                                            "Schema": "public",
                                            "Alias": "mk",
                                            "Startup Cost": 10891.62,
                                            "Total Cost": 37415.95,
                                            "Plan Rows": 165627,
                                            "Plan Width": 4,
                                            "Actual Startup Time": 32.9,
                                            "Actual Total Time": 91.854,
                                            "Actual Rows": 126369,
                                            "Actual Loops": 4,
                                            "Output": [
                                                "mk.id",
                                                "mk.movie_id",
                                                "mk.keyword_id"
                                            ],
                                            "Recheck Cond": "(mk.keyword_id > 35850)",
                                            "Rows Removed by Index Recheck": 0,
                                            "Exact Heap Blocks": 8434,
                                            "Lossy Heap Blocks": 0,
                                            "Workers": [
                                                {
                                                    "Worker Number": 0,
                                                    "Actual Startup Time": 32.909,
                                                    "Actual Total Time": 92.788,
                                                    "Actual Rows": 114188,
                                                    "Actual Loops": 1
                                                },
                                                {
                                                    "Worker Number": 1,
                                                    "Actual Startup Time": 32.959,
                                                    "Actual Total Time": 93.126,
                                                    "Actual Rows": 112370,
                                                    "Actual Loops": 1
                                                },
                                                {
                                                    "Worker Number": 2,
                                                    "Actual Startup Time": 33.062,
                                                    "Actual Total Time": 93.361,
                                                    "Actual Rows": 95565,
                                                    "Actual Loops": 1
                                                }
                                            ],
                                            "Plans": [
                                                {
                                                    "Node Type": "Bitmap Index Scan",
                                                    "Parent Relationship": "Outer",
                                                    "Parallel Aware": false,
                                                    "Index Name": "keyword_id_movie_keyword",
                                                    "Startup Cost": 0.0,
                                                    "Total Cost": 10763.26,
                                                    "Plan Rows": 513443,
                                                    "Plan Width": 0,
                                                    "Actual Startup Time": 29.34,
                                                    "Actual Total Time": 29.342,
                                                    "Actual Rows": 505477,
                                                    "Actual Loops": 1,
                                                    "Index Cond": "(mk.keyword_id > 35850)"
                                                }
                                            ]
                                        },
                                        {
                                            "Node Type": "Hash",
                                            "Parent Relationship": "Inner",
                                            "Parallel Aware": true,
                                            "Startup Cost": 45479.21,
                                            "Total Cost": 45479.21,
                                            "Plan Rows": 83851,
                                            "Plan Width": 4,
                                            "Actual Startup Time": 105.661,
                                            "Actual Total Time": 105.662,
                                            "Actual Rows": 49747,
                                            "Actual Loops": 4,
                                            "Output": [
                                                "t.id"
                                            ],
                                            "Hash Buckets": 524288,
                                            "Original Hash Buckets": 524288,
                                            "Hash Batches": 1,
                                            "Original Hash Batches": 1,
                                            "Peak Memory Usage": 11936,
                                            "Workers": [
                                                {
                                                    "Worker Number": 0,
                                                    "Actual Startup Time": 104.042,
                                                    "Actual Total Time": 104.043,
                                                    "Actual Rows": 41931,
                                                    "Actual Loops": 1
                                                },
                                                {
                                                    "Worker Number": 1,
                                                    "Actual Startup Time": 104.232,
                                                    "Actual Total Time": 104.233,
                                                    "Actual Rows": 42427,
                                                    "Actual Loops": 1
                                                },
                                                {
                                                    "Worker Number": 2,
                                                    "Actual Startup Time": 104.595,
                                                    "Actual Total Time": 104.596,
                                                    "Actual Rows": 42910,
                                                    "Actual Loops": 1
                                                }
                                            ],
                                            "Plans": [
                                                {
                                                    "Node Type": "Seq Scan",
                                                    "Parent Relationship": "Outer",
                                                    "Parallel Aware": true,
                                                    "Relation Name": "title",
                                                    "Schema": "public",
                                                    "Alias": "t",
                                                    "Startup Cost": 0.0,
                                                    "Total Cost": 45479.21,
                                                    "Plan Rows": 83851,
                                                    "Plan Width": 4,
                                                    "Actual Startup Time": 0.037,
                                                    "Actual Total Time": 88.023,
                                                    "Actual Rows": 49747,
                                                    "Actual Loops": 4,
                                                    "Output": [
                                                        "t.id"
                                                    ],
                                                    "Filter": "((t.kind_id > 1) AND (t.production_year < 1976))",
                                                    "Rows Removed by Filter": 582331,
                                                    "Workers": [
                                                        {
                                                            "Worker Number": 0,
                                                            "Actual Startup Time": 0.043,
                                                            "Actual Total Time": 86.742,
                                                            "Actual Rows": 41931,
                                                            "Actual Loops": 1
                                                        },
                                                        {
                                                            "Worker Number": 1,
                                                            "Actual Startup Time": 0.05,
                                                            "Actual Total Time": 87.868,
                                                            "Actual Rows": 42427,
                                                            "Actual Loops": 1
                                                        },
                                                        {
                                                            "Worker Number": 2,
                                                            "Actual Startup Time": 0.041,
                                                            "Actual Total Time": 87.359,
                                                            "Actual Rows": 42910,
                                                            "Actual Loops": 1
                                                        }
                                                    ]
                                                }
                                            ]
                                        }
                                    ]
                                }
                            ]
                        }
                    ]
                }
            ]
        },
        "Planning Time": 196.858,
        "Triggers": [],
        "Execution Time": 238.543
    }
]