{
  "Plan": {
    "Node Type": "Aggregate",
    "Strategy": "Plain",
    "Partial Mode": "Finalize",
    "Parallel Aware": false,
    "Startup Cost": 636348.6,
    "Total Cost": 636348.61,
    "Plan Rows": 1,
    "Plan Width": 8,
    "Actual Startup Time": 1946.14,
    "Actual Total Time": 1984.385,
    "Actual Rows": 1,
    "Actual Loops": 1,
    "Plans": [
      {
        "Node Type": "Gather",
        "Parent Relationship": "Outer",
        "Parallel Aware": false,
        "Startup Cost": 636348.48,
        "Total Cost": 636348.59,
        "Plan Rows": 1,
        "Plan Width": 8,
        "Actual Startup Time": 1944.424,
        "Actual Total Time": 1984.377,
        "Actual Rows": 2,
        "Actual Loops": 1,
        "Workers Planned": 1,
        "Workers Launched": 1,
        "Single Copy": false,
        "Plans": [
          {
            "Node Type": "Aggregate",
            "Strategy": "Plain",
            "Partial Mode": "Partial",
            "Parent Relationship": "Outer",
            "Parallel Aware": false,
            "Startup Cost": 635348.48,
            "Total Cost": 635348.49,
            "Plan Rows": 1,
            "Plan Width": 8,
            "Actual Startup Time": 1937.979,
            "Actual Total Time": 1937.985,
            "Actual Rows": 1,
            "Actual Loops": 2,
            "Plans": [
              {
                "Node Type": "Hash Join",
                "Parent Relationship": "Outer",
                "Parallel Aware": true,
                "Join Type": "Inner",
                "Startup Cost": 566371.27,
                "Total Cost": 633974.71,
                "Plan Rows": 549509,
                "Plan Width": 0,
                "Actual Startup Time": 1523.98,
                "Actual Total Time": 1910.954,
                "Actual Rows": 693686,
                "Actual Loops": 2,
                "Inner Unique": false,
                "Hash Cond": "(mk.movie_id = t.id)",
                "Plans": [
                  {
                    "Node Type": "Seq Scan",
                    "Parent Relationship": "Outer",
                    "Parallel Aware": true,
                    "Relation Name": "movie_keyword",
                    "Alias": "mk",
                    "Startup Cost": 0.0,
                    "Total Cost": 51065.35,
                    "Plan Rows": 2661135,
                    "Plan Width": 4,
                    "Actual Startup Time": 0.016,
                    "Actual Total Time": 148.745,
                    "Actual Rows": 2261965,
                    "Actual Loops": 2
                  },
                  {
                    "Node Type": "Hash",
                    "Parent Relationship": "Inner",
                    "Parallel Aware": true,
                    "Startup Cost": 562532.46,
                    "Total Cost": 562532.46,
                    "Plan Rows": 307105,
                    "Plan Width": 8,
                    "Actual Startup Time": 1518.298,
                    "Actual Total Time": 1518.302,
                    "Actual Rows": 247456,
                    "Actual Loops": 2,
                    "Hash Buckets": 524288,
                    "Original Hash Buckets": 524288,
                    "Hash Batches": 1,
                    "Original Hash Batches": 1,
                    "Peak Memory Usage": 23488,
                    "Plans": [
                      {
                        "Node Type": "Hash Join",
                        "Parent Relationship": "Outer",
                        "Parallel Aware": true,
                        "Join Type": "Inner",
                        "Startup Cost": 236887.94,
                        "Total Cost": 562532.46,
                        "Plan Rows": 307105,
                        "Plan Width": 8,
                        "Actual Startup Time": 492.682,
                        "Actual Total Time": 1452.199,
                        "Actual Rows": 247456,
                        "Actual Loops": 2,
                        "Inner Unique": true,
                        "Hash Cond": "(ci.movie_id = t.id)",
                        "Plans": [
                          {
                            "Node Type": "Bitmap Heap Scan",
                            "Parent Relationship": "Outer",
                            "Parallel Aware": true,
                            "Relation Name": "cast_info",
                            "Alias": "ci",
                            "Startup Cost": 181115.97,
                            "Total Cost": 494098.42,
                            "Plan Rows": 4823636,
                            "Plan Width": 4,
                            "Actual Startup Time": 331.783,
                            "Actual Total Time": 737.094,
                            "Actual Rows": 4174367,
                            "Actual Loops": 2,
                            "Recheck Cond": "(person_id < 817884)",
                            "Rows Removed by Index Recheck": 0,
                            "Exact Heap Blocks": 47749,
                            "Lossy Heap Blocks": 0,
                            "Plans": [
                              {
                                "Node Type": "Bitmap Index Scan",
                                "Parent Relationship": "Outer",
                                "Parallel Aware": false,
                                "Index Name": "person_id_cast_info",
                                "Startup Cost": 0.0,
                                "Total Cost": 179065.92,
                                "Plan Rows": 8200181,
                                "Plan Width": 0,
                                "Actual Startup Time": 316.31,
                                "Actual Total Time": 316.311,
                                "Actual Rows": 8348734,
                                "Actual Loops": 1,
                                "Index Cond": "(person_id < 817884)"
                              }
                            ]
                          },
                          {
                            "Node Type": "Hash",
                            "Parent Relationship": "Inner",
                            "Parallel Aware": true,
                            "Startup Cost": 54588.39,
                            "Total Cost": 54588.39,
                            "Plan Rows": 94687,
                            "Plan Width": 4,
                            "Actual Startup Time": 158.822,
                            "Actual Total Time": 158.823,
                            "Actual Rows": 82154,
                            "Actual Loops": 2,
                            "Hash Buckets": 262144,
                            "Original Hash Buckets": 262144,
                            "Hash Batches": 1,
                            "Original Hash Batches": 1,
                            "Peak Memory Usage": 8512,
                            "Plans": [
                              {
                                "Node Type": "Seq Scan",
                                "Parent Relationship": "Outer",
                                "Parallel Aware": true,
                                "Relation Name": "title",
                                "Alias": "t",
                                "Startup Cost": 0.0,
                                "Total Cost": 54588.39,
                                "Plan Rows": 94687,
                                "Plan Width": 4,
                                "Actual Startup Time": 0.034,
                                "Actual Total Time": 135.7,
                                "Actual Rows": 82154,
                                "Actual Loops": 2,
                                "Filter": "(production_year = 2012)",
                                "Rows Removed by Filter": 1182002
                              }
                            ]
                          }
                        ]
                      }
                    ]
                  }
                ]
              }
            ]
          }
        ]
      }
    ]
  },
  "Planning Time": 0.916,
  "Triggers": [],
  "Execution Time": 1984.492
}