{
  "Plan": {
    "Node Type": "Aggregate",
    "Strategy": "Plain",
    "Partial Mode": "Finalize",
    "Parallel Aware": false,
    "Startup Cost": 337603.27,
    "Total Cost": 337603.28,
    "Plan Rows": 1,
    "Plan Width": 8,
    "Actual Startup Time": 1973.853,
    "Actual Total Time": 2023.494,
    "Actual Rows": 1,
    "Actual Loops": 1,
    "Plans": [
      {
        "Node Type": "Gather",
        "Parent Relationship": "Outer",
        "Parallel Aware": false,
        "Startup Cost": 337603.15,
        "Total Cost": 337603.26,
        "Plan Rows": 1,
        "Plan Width": 8,
        "Actual Startup Time": 1972.983,
        "Actual Total Time": 2023.487,
        "Actual Rows": 2,
        "Actual Loops": 1,
        "Workers Planned": 1,
        "Workers Launched": 1,
        "Single Copy": false,
        "Plans": [
          {
            "Node Type": "Aggregate",
            "Strategy": "Plain",
            "Partial Mode": "Partial",
            "Parent Relationship": "Outer",
            "Parallel Aware": false,
            "Startup Cost": 336603.15,
            "Total Cost": 336603.16,
            "Plan Rows": 1,
            "Plan Width": 8,
            "Actual Startup Time": 1967.405,
            "Actual Total Time": 1967.408,
            "Actual Rows": 1,
            "Actual Loops": 2,
            "Plans": [
              {
                "Node Type": "Hash Join",
                "Parent Relationship": "Outer",
                "Parallel Aware": true,
                "Join Type": "Inner",
                "Startup Cost": 61308.69,
                "Total Cost": 333092.18,
                "Plan Rows": 1404389,
                "Plan Width": 0,
                "Actual Startup Time": 186.297,
                "Actual Total Time": 1895.949,
                "Actual Rows": 1817903,
                "Actual Loops": 2,
                "Inner Unique": true,
                "Hash Cond": "(mi.movie_id = t.id)",
                "Plans": [
                  {
                    "Node Type": "Seq Scan",
                    "Parent Relationship": "Outer",
                    "Parallel Aware": true,
                    "Relation Name": "movie_info",
                    "Alias": "mi",
                    "Startup Cost": 0.0,
                    "Total Cost": 248955.74,
                    "Plan Rows": 8696274,
                    "Plan Width": 4,
                    "Actual Startup Time": 0.009,
                    "Actual Total Time": 611.71,
                    "Actual Rows": 7417860,
                    "Actual Loops": 2
                  },
                  {
                    "Node Type": "Hash",
                    "Parent Relationship": "Inner",
                    "Parallel Aware": true,
                    "Startup Cost": 58306.47,
                    "Total Cost": 58306.47,
                    "Plan Rows": 240178,
                    "Plan Width": 4,
                    "Actual Startup Time": 180.291,
                    "Actual Total Time": 180.292,
                    "Actual Rows": 160039,
                    "Actual Loops": 2,
                    "Hash Buckets": 524288,
                    "Original Hash Buckets": 524288,
                    "Hash Batches": 1,
                    "Original Hash Batches": 1,
                    "Peak Memory Usage": 16640,
                    "Plans": [
                      {
                        "Node Type": "Seq Scan",
                        "Parent Relationship": "Outer",
                        "Parallel Aware": true,
                        "Relation Name": "title",
                        "Alias": "t",
                        "Startup Cost": 0.0,
                        "Total Cost": 58306.47,
                        "Plan Rows": 240178,
                        "Plan Width": 4,
                        "Actual Startup Time": 0.032,
                        "Actual Total Time": 141.411,
                        "Actual Rows": 160039,
                        "Actual Loops": 2,
                        "Filter": "((kind_id < 4) AND (production_year > 2003))",
                        "Rows Removed by Filter": 1104117
                      }
                    ]
                  }
                ]
              }
            ]
          }
        ]
      }
    ]
  },
  "Planning Time": 0.324,
  "Triggers": [],
  "Execution Time": 2023.551
}