{
  "Plan": {
    "Node Type": "Aggregate",
    "Strategy": "Plain",
    "Partial Mode": "Finalize",
    "Parallel Aware": false,
    "Startup Cost": 96938.19,
    "Total Cost": 96938.2,
    "Plan Rows": 1,
    "Plan Width": 8,
    "Actual Startup Time": 353.122,
    "Actual Total Time": 368.858,
    "Actual Rows": 1,
    "Actual Loops": 1,
    "Plans": [
      {
        "Node Type": "Gather",
        "Parent Relationship": "Outer",
        "Parallel Aware": false,
        "Startup Cost": 96938.08,
        "Total Cost": 96938.19,
        "Plan Rows": 1,
        "Plan Width": 8,
        "Actual Startup Time": 352.44,
        "Actual Total Time": 368.85,
        "Actual Rows": 2,
        "Actual Loops": 1,
        "Workers Planned": 1,
        "Workers Launched": 1,
        "Single Copy": false,
        "Plans": [
          {
            "Node Type": "Aggregate",
            "Strategy": "Plain",
            "Partial Mode": "Partial",
            "Parent Relationship": "Outer",
            "Parallel Aware": false,
            "Startup Cost": 95938.08,
            "Total Cost": 95938.09,
            "Plan Rows": 1,
            "Plan Width": 8,
            "Actual Startup Time": 346.878,
            "Actual Total Time": 346.881,
            "Actual Rows": 1,
            "Actual Loops": 2,
            "Plans": [
              {
                "Node Type": "Hash Join",
                "Parent Relationship": "Outer",
                "Parallel Aware": true,
                "Join Type": "Inner",
                "Startup Cost": 55791.65,
                "Total Cost": 95811.98,
                "Plan Rows": 50438,
                "Plan Width": 0,
                "Actual Startup Time": 208.602,
                "Actual Total Time": 343.634,
                "Actual Rows": 79340,
                "Actual Loops": 2,
                "Inner Unique": true,
                "Hash Cond": "(mc.movie_id = t.id)",
                "Plans": [
                  {
                    "Node Type": "Seq Scan",
                    "Parent Relationship": "Outer",
                    "Parallel Aware": true,
                    "Relation Name": "movie_companies",
                    "Alias": "mc",
                    "Startup Cost": 0.0,
                    "Total Cost": 37974.77,
                    "Plan Rows": 779260,
                    "Plan Width": 4,
                    "Actual Startup Time": 45.29,
                    "Actual Total Time": 107.939,
                    "Actual Rows": 667442,
                    "Actual Loops": 2,
                    "Filter": "(company_type_id = 2)",
                    "Rows Removed by Filter": 637123
                  },
                  {
                    "Node Type": "Hash",
                    "Parent Relationship": "Inner",
                    "Parallel Aware": true,
                    "Startup Cost": 54588.39,
                    "Total Cost": 54588.39,
                    "Plan Rows": 96261,
                    "Plan Width": 4,
                    "Actual Startup Time": 158.51,
                    "Actual Total Time": 158.511,
                    "Actual Rows": 84474,
                    "Actual Loops": 2,
                    "Hash Buckets": 262144,
                    "Original Hash Buckets": 262144,
                    "Hash Batches": 1,
                    "Original Hash Batches": 1,
                    "Peak Memory Usage": 8704,
                    "Plans": [
                      {
                        "Node Type": "Seq Scan",
                        "Parent Relationship": "Outer",
                        "Parallel Aware": true,
                        "Relation Name": "title",
                        "Alias": "t",
                        "Startup Cost": 0.0,
                        "Total Cost": 54588.39,
                        "Plan Rows": 96261,
                        "Plan Width": 4,
                        "Actual Startup Time": 0.285,
                        "Actual Total Time": 139.556,
                        "Actual Rows": 84474,
                        "Actual Loops": 2,
                        "Filter": "(production_year < 1951)",
                        "Rows Removed by Filter": 1179682
                      }
                    ]
                  }
                ]
              }
            ]
          }
        ]
      }
    ]
  },
  "Planning Time": 0.443,
  "Triggers": [],
  "Execution Time": 368.926
}