[
  {
    "Plan": {
      "Node Type": "Aggregate",
      "Strategy": "Plain",
      "Partial Mode": "Finalize",
      "Parallel Aware": false,
      "Startup Cost": 430985.21,
      "Total Cost": 430985.22,
      "Plan Rows": 1,
      "Plan Width": 8,
      "Actual Startup Time": 2651.307,
      "Actual Total Time": 2710.912,
      "Actual Rows": 1,
      "Actual Loops": 1,
      "Plans": [
        {
          "Node Type": "Gather",
          "Parent Relationship": "Outer",
          "Parallel Aware": false,
          "Startup Cost": 430984.59,
          "Total Cost": 430985.2,
          "Plan Rows": 6,
          "Plan Width": 8,
          "Actual Startup Time": 2640.941,
          "Actual Total Time": 2710.889,
          "Actual Rows": 7,
          "Actual Loops": 1,
          "Workers Planned": 6,
          "Workers Launched": 6,
          "Single Copy": false,
          "Plans": [
            {
              "Node Type": "Aggregate",
              "Strategy": "Plain",
              "Partial Mode": "Partial",
              "Parent Relationship": "Outer",
              "Parallel Aware": false,
              "Startup Cost": 429984.59,
              "Total Cost": 429984.6,
              "Plan Rows": 1,
              "Plan Width": 8,
              "Actual Startup Time": 2629.696,
              "Actual Total Time": 2629.859,
              "Actual Rows": 1,
              "Actual Loops": 7,
              "Plans": [
                {
                  "Node Type": "Hash Join",
                  "Parent Relationship": "Outer",
                  "Parallel Aware": true,
                  "Join Type": "Inner",
                  "Startup Cost": 83848.01,
                  "Total Cost": 424771.07,
                  "Plan Rows": 2085406,
                  "Plan Width": 0,
                  "Actual Startup Time": 332.199,
                  "Actual Total Time": 2438.809,
                  "Actual Rows": 3706399,
                  "Actual Loops": 7,
                  "Inner Unique": false,
                  "Hash Cond": "(ci.movie_id = t.id)",
                  "Plans": [
                    {
                      "Node Type": "Seq Scan",
                      "Parent Relationship": "Outer",
                      "Parallel Aware": true,
                      "Relation Name": "cast_info",
                      "Alias": "ci",
                      "Startup Cost": 0.0,
                      "Total Cost": 313067.02,
                      "Plan Rows": 6038002,
                      "Plan Width": 4,
                      "Actual Startup Time": 0.028,
                      "Actual Total Time": 636.957,
                      "Actual Rows": 5177763,
                      "Actual Loops": 7
                    },
                    {
                      "Node Type": "Hash",
                      "Parent Relationship": "Inner",
                      "Parallel Aware": true,
                      "Startup Cost": 81119.19,
                      "Total Cost": 81119.19,
                      "Plan Rows": 218306,
                      "Plan Width": 8,
                      "Actual Startup Time": 328.71,
                      "Actual Total Time": 328.871,
                      "Actual Rows": 98080,
                      "Actual Loops": 7,
                      "Hash Buckets": 1048576,
                      "Original Hash Buckets": 1048576,
                      "Hash Batches": 1,
                      "Original Hash Batches": 1,
                      "Peak Memory Usage": 35200,
                      "Plans": [
                        {
                          "Node Type": "Hash Join",
                          "Parent Relationship": "Outer",
                          "Parallel Aware": true,
                          "Join Type": "Inner",
                          "Startup Cost": 34935.88,
                          "Total Cost": 81119.19,
                          "Plan Rows": 218306,
                          "Plan Width": 8,
                          "Actual Startup Time": 114.537,
                          "Actual Total Time": 284.716,
                          "Actual Rows": 98080,
                          "Actual Loops": 7,
                          "Inner Unique": false,
                          "Hash Cond": "(t.id = mc.movie_id)",
                          "Plans": [
                            {
                              "Node Type": "Seq Scan",
                              "Parent Relationship": "Outer",
                              "Parallel Aware": true,
                              "Relation Name": "title",
                              "Alias": "t",
                              "Startup Cost": 0.0,
                              "Total Cost": 42318.73,
                              "Plan Rows": 632073,
                              "Plan Width": 4,
                              "Actual Startup Time": 0.019,
                              "Actual Total Time": 63.661,
                              "Actual Rows": 361187,
                              "Actual Loops": 7
                            },
                            {
                              "Node Type": "Hash",
                              "Parent Relationship": "Inner",
                              "Parallel Aware": true,
                              "Startup Cost": 31414.82,
                              "Total Cost": 31414.82,
                              "Plan Rows": 281685,
                              "Plan Width": 4,
                              "Actual Startup Time": 112.694,
                              "Actual Total Time": 112.695,
                              "Actual Rows": 98080,
                              "Actual Loops": 7,
                              "Hash Buckets": 1048576,
                              "Original Hash Buckets": 1048576,
                              "Hash Batches": 1,
                              "Original Hash Batches": 1,
                              "Peak Memory Usage": 35136,
                              "Plans": [
                                {
                                  "Node Type": "Seq Scan",
                                  "Parent Relationship": "Outer",
                                  "Parallel Aware": true,
                                  "Relation Name": "movie_companies",
                                  "Alias": "mc",
                                  "Startup Cost": 0.0,
                                  "Total Cost": 31414.82,
                                  "Plan Rows": 281685,
                                  "Plan Width": 4,
                                  "Actual Startup Time": 1.23,
                                  "Actual Total Time": 64.35,
                                  "Actual Rows": 98080,
                                  "Actual Loops": 7,
                                  "Filter": "((company_id > 2054) AND (company_type_id = 1))",
                                  "Rows Removed by Filter": 274653
                                }
                              ]
                            }
                          ]
                        }
                      ]
                    }
                  ]
                }
              ]
            }
          ]
        }
      ]
    },
    "Planning Time": 1.316,
    "Triggers": [],
    "Execution Time": 2711.01
  }
]