[
  {
    "Plan": {
      "Node Type": "Aggregate",
      "Strategy": "Plain",
      "Partial Mode": "Finalize",
      "Parallel Aware": false,
      "Startup Cost": 44055.38,
      "Total Cost": 44055.39,
      "Plan Rows": 1,
      "Plan Width": 8,
      "Actual Startup Time": 170.636,
      "Actual Total Time": 180.893,
      "Actual Rows": 1,
      "Actual Loops": 1,
      "Plans": [
        {
          "Node Type": "Gather",
          "Parent Relationship": "Outer",
          "Parallel Aware": false,
          "Startup Cost": 44055.06,
          "Total Cost": 44055.37,
          "Plan Rows": 3,
          "Plan Width": 8,
          "Actual Startup Time": 170.224,
          "Actual Total Time": 180.881,
          "Actual Rows": 4,
          "Actual Loops": 1,
          "Workers Planned": 3,
          "Workers Launched": 3,
          "Single Copy": false,
          "Plans": [
            {
              "Node Type": "Aggregate",
              "Strategy": "Plain",
              "Partial Mode": "Partial",
              "Parent Relationship": "Outer",
              "Parallel Aware": false,
              "Startup Cost": 43055.06,
              "Total Cost": 43055.07,
              "Plan Rows": 1,
              "Plan Width": 8,
              "Actual Startup Time": 160.933,
              "Actual Total Time": 160.935,
              "Actual Rows": 1,
              "Actual Loops": 4,
              "Plans": [
                {
                  "Node Type": "Bitmap Heap Scan",
                  "Parent Relationship": "Outer",
                  "Parallel Aware": true,
                  "Relation Name": "movie_keyword",
                  "Alias": "mk",
                  "Startup Cost": 15146.11,
                  "Total Cost": 42479.24,
                  "Plan Rows": 230330,
                  "Plan Width": 0,
                  "Actual Startup Time": 42.821,
                  "Actual Total Time": 148.143,
                  "Actual Rows": 179323,
                  "Actual Loops": 4,
                  "Recheck Cond": "(keyword_id < 623)",
                  "Rows Removed by Index Recheck": 0,
                  "Exact Heap Blocks": 10120,
                  "Lossy Heap Blocks": 0,
                  "Plans": [
                    {
                      "Node Type": "Bitmap Index Scan",
                      "Parent Relationship": "Outer",
                      "Parallel Aware": false,
                      "Index Name": "keyword_id_movie_keyword",
                      "Startup Cost": 0.0,
                      "Total Cost": 14967.61,
                      "Plan Rows": 714023,
                      "Plan Width": 0,
                      "Actual Startup Time": 47.187,
                      "Actual Total Time": 47.188,
                      "Actual Rows": 717292,
                      "Actual Loops": 1,
                      "Index Cond": "(keyword_id < 623)"
                    }
                  ]
                }
              ]
            }
          ]
        }
      ]
    },
    "Planning Time": 0.102,
    "Triggers": [],
    "Execution Time": 180.936
  }
]