{
  "Plan": {
    "Node Type": "Aggregate",
    "Strategy": "Plain",
    "Partial Mode": "Finalize",
    "Parallel Aware": false,
    "Startup Cost": 121034.17,
    "Total Cost": 121034.18,
    "Plan Rows": 1,
    "Plan Width": 8,
    "Actual Startup Time": 530.72,
    "Actual Total Time": 547.001,
    "Actual Rows": 1,
    "Actual Loops": 1,
    "Plans": [
      {
        "Node Type": "Gather",
        "Parent Relationship": "Outer",
        "Parallel Aware": false,
        "Startup Cost": 121034.06,
        "Total Cost": 121034.17,
        "Plan Rows": 1,
        "Plan Width": 8,
        "Actual Startup Time": 530.288,
        "Actual Total Time": 546.994,
        "Actual Rows": 2,
        "Actual Loops": 1,
        "Workers Planned": 1,
        "Workers Launched": 1,
        "Single Copy": false,
        "Plans": [
          {
            "Node Type": "Aggregate",
            "Strategy": "Plain",
            "Partial Mode": "Partial",
            "Parent Relationship": "Outer",
            "Parallel Aware": false,
            "Startup Cost": 120034.06,
            "Total Cost": 120034.07,
            "Plan Rows": 1,
            "Plan Width": 8,
            "Actual Startup Time": 524.576,
            "Actual Total Time": 524.58,
            "Actual Rows": 1,
            "Actual Loops": 2,
            "Plans": [
              {
                "Node Type": "Hash Join",
                "Parent Relationship": "Outer",
                "Parallel Aware": true,
                "Join Type": "Inner",
                "Startup Cost": 55771.98,
                "Total Cost": 119659.96,
                "Plan Rows": 149642,
                "Plan Width": 0,
                "Actual Startup Time": 177.026,
                "Actual Total Time": 522.476,
                "Actual Rows": 48582,
                "Actual Loops": 2,
                "Inner Unique": true,
                "Hash Cond": "(mk.movie_id = t.id)",
                "Plans": [
                  {
                    "Node Type": "Seq Scan",
                    "Parent Relationship": "Outer",
                    "Parallel Aware": true,
                    "Relation Name": "movie_keyword",
                    "Alias": "mk",
                    "Startup Cost": 0.0,
                    "Total Cost": 57718.19,
                    "Plan Rows": 2350391,
                    "Plan Width": 4,
                    "Actual Startup Time": 0.034,
                    "Actual Total Time": 205.705,
                    "Actual Rows": 1991265,
                    "Actual Loops": 2,
                    "Filter": "(keyword_id > 382)",
                    "Rows Removed by Filter": 270700
                  },
                  {
                    "Node Type": "Hash",
                    "Parent Relationship": "Inner",
                    "Parallel Aware": true,
                    "Startup Cost": 54588.39,
                    "Total Cost": 54588.39,
                    "Plan Rows": 94687,
                    "Plan Width": 4,
                    "Actual Startup Time": 173.372,
                    "Actual Total Time": 173.373,
                    "Actual Rows": 82154,
                    "Actual Loops": 2,
                    "Hash Buckets": 262144,
                    "Original Hash Buckets": 262144,
                    "Hash Batches": 1,
                    "Original Hash Batches": 1,
                    "Peak Memory Usage": 8512,
                    "Plans": [
                      {
                        "Node Type": "Seq Scan",
                        "Parent Relationship": "Outer",
                        "Parallel Aware": true,
                        "Relation Name": "title",
                        "Alias": "t",
                        "Startup Cost": 0.0,
                        "Total Cost": 54588.39,
                        "Plan Rows": 94687,
                        "Plan Width": 4,
                        "Actual Startup Time": 0.032,
                        "Actual Total Time": 146.309,
                        "Actual Rows": 82154,
                        "Actual Loops": 2,
                        "Filter": "(production_year = 2012)",
                        "Rows Removed by Filter": 1182002
                      }
                    ]
                  }
                ]
              }
            ]
          }
        ]
      }
    ]
  },
  "Planning Time": 0.437,
  "Triggers": [],
  "Execution Time": 547.071
}