{
  "Plan": {
    "Node Type": "Aggregate",
    "Strategy": "Plain",
    "Partial Mode": "Finalize",
    "Parallel Aware": false,
    "Startup Cost": 938125.37,
    "Total Cost": 938125.38,
    "Plan Rows": 1,
    "Plan Width": 8,
    "Actual Startup Time": 4881.606,
    "Actual Total Time": 4951.715,
    "Actual Rows": 1,
    "Actual Loops": 1,
    "Plans": [
      {
        "Node Type": "Gather",
        "Parent Relationship": "Outer",
        "Parallel Aware": false,
        "Startup Cost": 938125.26,
        "Total Cost": 938125.37,
        "Plan Rows": 1,
        "Plan Width": 8,
        "Actual Startup Time": 4880.12,
        "Actual Total Time": 4951.707,
        "Actual Rows": 2,
        "Actual Loops": 1,
        "Workers Planned": 1,
        "Workers Launched": 1,
        "Single Copy": false,
        "Plans": [
          {
            "Node Type": "Aggregate",
            "Strategy": "Plain",
            "Partial Mode": "Partial",
            "Parent Relationship": "Outer",
            "Parallel Aware": false,
            "Startup Cost": 937125.26,
            "Total Cost": 937125.27,
            "Plan Rows": 1,
            "Plan Width": 8,
            "Actual Startup Time": 4873.842,
            "Actual Total Time": 4873.848,
            "Actual Rows": 1,
            "Actual Loops": 2,
            "Plans": [
              {
                "Node Type": "Hash Join",
                "Parent Relationship": "Outer",
                "Parallel Aware": true,
                "Join Type": "Inner",
                "Startup Cost": 590780.76,
                "Total Cost": 932811.65,
                "Plan Rows": 1725444,
                "Plan Width": 0,
                "Actual Startup Time": 2721.204,
                "Actual Total Time": 4794.514,
                "Actual Rows": 1873959,
                "Actual Loops": 2,
                "Inner Unique": false,
                "Hash Cond": "(mi.movie_id = t.id)",
                "Plans": [
                  {
                    "Node Type": "Seq Scan",
                    "Parent Relationship": "Outer",
                    "Parallel Aware": true,
                    "Relation Name": "movie_info",
                    "Alias": "mi",
                    "Startup Cost": 0.0,
                    "Total Cost": 270696.42,
                    "Plan Rows": 8157974,
                    "Plan Width": 4,
                    "Actual Startup Time": 0.027,
                    "Actual Total Time": 808.314,
                    "Actual Rows": 6981748,
                    "Actual Loops": 2,
                    "Filter": "(info_type_id < 98)",
                    "Rows Removed by Filter": 436112
                  },
                  {
                    "Node Type": "Hash",
                    "Parent Relationship": "Inner",
                    "Parallel Aware": true,
                    "Startup Cost": 586848.83,
                    "Total Cost": 586848.83,
                    "Plan Rows": 314555,
                    "Plan Width": 8,
                    "Actual Startup Time": 2710.347,
                    "Actual Total Time": 2710.351,
                    "Actual Rows": 300000,
                    "Actual Loops": 2,
                    "Hash Buckets": 1048576,
                    "Original Hash Buckets": 1048576,
                    "Hash Batches": 1,
                    "Original Hash Batches": 1,
                    "Peak Memory Usage": 31680,
                    "Plans": [
                      {
                        "Node Type": "Hash Join",
                        "Parent Relationship": "Outer",
                        "Parallel Aware": true,
                        "Join Type": "Inner",
                        "Startup Cost": 58913.63,
                        "Total Cost": 586848.83,
                        "Plan Rows": 314555,
                        "Plan Width": 8,
                        "Actual Startup Time": 162.612,
                        "Actual Total Time": 2596.19,
                        "Actual Rows": 300000,
                        "Actual Loops": 2,
                        "Inner Unique": true,
                        "Hash Cond": "(ci.movie_id = t.id)",
                        "Plans": [
                          {
                            "Node Type": "Index Scan",
                            "Parent Relationship": "Outer",
                            "Parallel Aware": true,
                            "Scan Direction": "Forward",
                            "Index Name": "role_id_cast_info",
                            "Relation Name": "cast_info",
                            "Alias": "ci",
                            "Startup Cost": 0.56,
                            "Total Cost": 502630.18,
                            "Plan Rows": 9640203,
                            "Plan Width": 4,
                            "Actual Startup Time": 0.061,
                            "Actual Total Time": 1255.955,
                            "Actual Rows": 8060842,
                            "Actual Loops": 2,
                            "Index Cond": "(role_id > 2)",
                            "Rows Removed by Index Recheck": 0
                          },
                          {
                            "Node Type": "Hash",
                            "Parent Relationship": "Inner",
                            "Parallel Aware": true,
                            "Startup Cost": 58306.47,
                            "Total Cost": 58306.47,
                            "Plan Rows": 48528,
                            "Plan Width": 4,
                            "Actual Startup Time": 161.425,
                            "Actual Total Time": 161.426,
                            "Actual Rows": 46156,
                            "Actual Loops": 2,
                            "Hash Buckets": 131072,
                            "Original Hash Buckets": 131072,
                            "Hash Batches": 1,
                            "Original Hash Batches": 1,
                            "Peak Memory Usage": 4672,
                            "Plans": [
                              {
                                "Node Type": "Seq Scan",
                                "Parent Relationship": "Outer",
                                "Parallel Aware": true,
                                "Relation Name": "title",
                                "Alias": "t",
                                "Startup Cost": 0.0,
                                "Total Cost": 58306.47,
                                "Plan Rows": 48528,
                                "Plan Width": 4,
                                "Actual Startup Time": 0.042,
                                "Actual Total Time": 144.529,
                                "Actual Rows": 46156,
                                "Actual Loops": 2,
                                "Filter": "((kind_id > 1) AND (production_year = 2006))",
                                "Rows Removed by Filter": 1218000
                              }
                            ]
                          }
                        ]
                      }
                    ]
                  }
                ]
              }
            ]
          }
        ]
      }
    ]
  },
  "Planning Time": 1.101,
  "Triggers": [],
  "Execution Time": 4951.841
}