[
  {
    "Plan": {
      "Node Type": "Aggregate",
      "Strategy": "Plain",
      "Partial Mode": "Finalize",
      "Parallel Aware": false,
      "Startup Cost": 187669.27,
      "Total Cost": 187669.28,
      "Plan Rows": 1,
      "Plan Width": 8,
      "Actual Startup Time": 163.421,
      "Actual Total Time": 173.339,
      "Actual Rows": 1,
      "Actual Loops": 1,
      "Plans": [
        {
          "Node Type": "Gather",
          "Parent Relationship": "Outer",
          "Parallel Aware": false,
          "Startup Cost": 187668.75,
          "Total Cost": 187669.26,
          "Plan Rows": 5,
          "Plan Width": 8,
          "Actual Startup Time": 162.463,
          "Actual Total Time": 173.328,
          "Actual Rows": 6,
          "Actual Loops": 1,
          "Workers Planned": 5,
          "Workers Launched": 5,
          "Single Copy": false,
          "Plans": [
            {
              "Node Type": "Aggregate",
              "Strategy": "Plain",
              "Partial Mode": "Partial",
              "Parent Relationship": "Outer",
              "Parallel Aware": false,
              "Startup Cost": 186668.75,
              "Total Cost": 186668.76,
              "Plan Rows": 1,
              "Plan Width": 8,
              "Actual Startup Time": 154.21,
              "Actual Total Time": 154.214,
              "Actual Rows": 1,
              "Actual Loops": 6,
              "Plans": [
                {
                  "Node Type": "Bitmap Heap Scan",
                  "Parent Relationship": "Outer",
                  "Parallel Aware": true,
                  "Relation Name": "movie_info",
                  "Alias": "mi",
                  "Startup Cost": 21163.01,
                  "Total Cost": 186083.29,
                  "Plan Rows": 234183,
                  "Plan Width": 0,
                  "Actual Startup Time": 59.013,
                  "Actual Total Time": 141.775,
                  "Actual Rows": 193317,
                  "Actual Loops": 6,
                  "Recheck Cond": "(info_type_id > 47)",
                  "Rows Removed by Index Recheck": 0,
                  "Exact Heap Blocks": 11854,
                  "Lossy Heap Blocks": 0,
                  "Plans": [
                    {
                      "Node Type": "Bitmap Index Scan",
                      "Parent Relationship": "Outer",
                      "Parallel Aware": false,
                      "Index Name": "info_type_id_movie_info",
                      "Startup Cost": 0.0,
                      "Total Cost": 20870.28,
                      "Plan Rows": 1170913,
                      "Plan Width": 0,
                      "Actual Startup Time": 61.136,
                      "Actual Total Time": 61.137,
                      "Actual Rows": 1159902,
                      "Actual Loops": 1,
                      "Index Cond": "(info_type_id > 47)"
                    }
                  ]
                }
              ]
            }
          ]
        }
      ]
    },
    "Planning Time": 0.079,
    "Triggers": [],
    "Execution Time": 173.38
  }
]