[
  {
    "Plan": {
      "Node Type": "Aggregate",
      "Strategy": "Plain",
      "Partial Mode": "Finalize",
      "Parallel Aware": false,
      "Startup Cost": 317291.41,
      "Total Cost": 317291.42,
      "Plan Rows": 1,
      "Plan Width": 8,
      "Actual Startup Time": 214.346,
      "Actual Total Time": 249.49,
      "Actual Rows": 1,
      "Actual Loops": 1,
      "Plans": [
        {
          "Node Type": "Gather",
          "Parent Relationship": "Outer",
          "Parallel Aware": false,
          "Startup Cost": 317290.99,
          "Total Cost": 317291.4,
          "Plan Rows": 4,
          "Plan Width": 8,
          "Actual Startup Time": 213.64,
          "Actual Total Time": 249.481,
          "Actual Rows": 5,
          "Actual Loops": 1,
          "Workers Planned": 4,
          "Workers Launched": 4,
          "Single Copy": false,
          "Plans": [
            {
              "Node Type": "Aggregate",
              "Strategy": "Plain",
              "Partial Mode": "Partial",
              "Parent Relationship": "Outer",
              "Parallel Aware": false,
              "Startup Cost": 316290.99,
              "Total Cost": 316291.0,
              "Plan Rows": 1,
              "Plan Width": 8,
              "Actual Startup Time": 205.157,
              "Actual Total Time": 205.159,
              "Actual Rows": 1,
              "Actual Loops": 5,
              "Plans": [
                {
                  "Node Type": "Nested Loop",
                  "Parent Relationship": "Outer",
                  "Parallel Aware": false,
                  "Join Type": "Inner",
                  "Startup Cost": 0.56,
                  "Total Cost": 316262.85,
                  "Plan Rows": 11258,
                  "Plan Width": 0,
                  "Actual Startup Time": 54.166,
                  "Actual Total Time": 204.188,
                  "Actual Rows": 11539,
                  "Actual Loops": 5,
                  "Inner Unique": false,
                  "Plans": [
                    {
                      "Node Type": "Seq Scan",
                      "Parent Relationship": "Outer",
                      "Parallel Aware": true,
                      "Relation Name": "title",
                      "Alias": "t",
                      "Startup Cost": 0.0,
                      "Total Cost": 45479.1,
                      "Plan Rows": 3427,
                      "Plan Width": 4,
                      "Actual Startup Time": 54.056,
                      "Actual Total Time": 75.48,
                      "Actual Rows": 1748,
                      "Actual Loops": 5,
                      "Filter": "((kind_id = 1) AND (production_year = 2001))",
                      "Rows Removed by Filter": 503914
                    },
                    {
                      "Node Type": "Index Scan",
                      "Parent Relationship": "Inner",
                      "Parallel Aware": false,
                      "Scan Direction": "Forward",
                      "Index Name": "movie_id_cast_info",
                      "Relation Name": "cast_info",
                      "Alias": "ci",
                      "Startup Cost": 0.56,
                      "Total Cost": 78.93,
                      "Plan Rows": 8,
                      "Plan Width": 4,
                      "Actual Startup Time": 0.013,
                      "Actual Total Time": 0.073,
                      "Actual Rows": 7,
                      "Actual Loops": 8740,
                      "Index Cond": "(movie_id = t.id)",
                      "Rows Removed by Index Recheck": 0,
                      "Filter": "((person_id < 2480194) AND (role_id < 2))",
                      "Rows Removed by Filter": 14
                    }
                  ]
                }
              ]
            }
          ]
        }
      ]
    },
    "Planning Time": 0.593,
    "Triggers": [],
    "Execution Time": 249.562
  }
]