[
  {
    "Plan": {
      "Node Type": "Aggregate",
      "Strategy": "Plain",
      "Partial Mode": "Finalize",
      "Parallel Aware": false,
      "Startup Cost": 339365.29,
      "Total Cost": 339365.3,
      "Plan Rows": 1,
      "Plan Width": 8,
      "Actual Startup Time": 993.497,
      "Actual Total Time": 1073.149,
      "Actual Rows": 1,
      "Actual Loops": 1,
      "Plans": [
        {
          "Node Type": "Gather",
          "Parent Relationship": "Outer",
          "Parallel Aware": false,
          "Startup Cost": 339364.67,
          "Total Cost": 339365.28,
          "Plan Rows": 6,
          "Plan Width": 8,
          "Actual Startup Time": 993.176,
          "Actual Total Time": 1073.137,
          "Actual Rows": 7,
          "Actual Loops": 1,
          "Workers Planned": 6,
          "Workers Launched": 6,
          "Single Copy": false,
          "Plans": [
            {
              "Node Type": "Aggregate",
              "Strategy": "Plain",
              "Partial Mode": "Partial",
              "Parent Relationship": "Outer",
              "Parallel Aware": false,
              "Startup Cost": 338364.67,
              "Total Cost": 338364.68,
              "Plan Rows": 1,
              "Plan Width": 8,
              "Actual Startup Time": 983.124,
              "Actual Total Time": 983.125,
              "Actual Rows": 1,
              "Actual Loops": 7,
              "Plans": [
                {
                  "Node Type": "Seq Scan",
                  "Parent Relationship": "Outer",
                  "Parallel Aware": true,
                  "Relation Name": "cast_info",
                  "Alias": "ci",
                  "Startup Cost": 0.0,
                  "Total Cost": 328162.03,
                  "Plan Rows": 4081057,
                  "Plan Width": 0,
                  "Actual Startup Time": 0.048,
                  "Actual Total Time": 780.947,
                  "Actual Rows": 3509594,
                  "Actual Loops": 7,
                  "Filter": "(person_id < 2525145)",
                  "Rows Removed by Filter": 1668169
                }
              ]
            }
          ]
        }
      ]
    },
    "Planning Time": 0.196,
    "Triggers": [],
    "Execution Time": 1073.226
  }
]