[
  {
    "Plan": {
      "Node Type": "Aggregate",
      "Strategy": "Plain",
      "Partial Mode": "Finalize",
      "Parallel Aware": false,
      "Startup Cost": 44726.39,
      "Total Cost": 44726.4,
      "Plan Rows": 1,
      "Plan Width": 8,
      "Actual Startup Time": 108.193,
      "Actual Total Time": 118.081,
      "Actual Rows": 1,
      "Actual Loops": 1,
      "Plans": [
        {
          "Node Type": "Gather",
          "Parent Relationship": "Outer",
          "Parallel Aware": false,
          "Startup Cost": 44726.07,
          "Total Cost": 44726.38,
          "Plan Rows": 3,
          "Plan Width": 8,
          "Actual Startup Time": 108.076,
          "Actual Total Time": 118.074,
          "Actual Rows": 4,
          "Actual Loops": 1,
          "Workers Planned": 3,
          "Workers Launched": 3,
          "Single Copy": false,
          "Plans": [
            {
              "Node Type": "Aggregate",
              "Strategy": "Plain",
              "Partial Mode": "Partial",
              "Parent Relationship": "Outer",
              "Parallel Aware": false,
              "Startup Cost": 43726.07,
              "Total Cost": 43726.08,
              "Plan Rows": 1,
              "Plan Width": 8,
              "Actual Startup Time": 104.777,
              "Actual Total Time": 104.778,
              "Actual Rows": 1,
              "Actual Loops": 4,
              "Plans": [
                {
                  "Node Type": "Seq Scan",
                  "Parent Relationship": "Outer",
                  "Parallel Aware": true,
                  "Relation Name": "movie_keyword",
                  "Alias": "mk",
                  "Startup Cost": 0.0,
                  "Total Cost": 42695.65,
                  "Plan Rows": 412168,
                  "Plan Width": 0,
                  "Actual Startup Time": 0.025,
                  "Actual Total Time": 91.134,
                  "Actual Rows": 319576,
                  "Actual Loops": 4,
                  "Filter": "(keyword_id < 1647)",
                  "Rows Removed by Filter": 811406
                }
              ]
            }
          ]
        }
      ]
    },
    "Planning Time": 0.09,
    "Triggers": [],
    "Execution Time": 118.105
  }
]