{
    "Plan": {
        "Node Type": "Aggregate",
        "Strategy": "Plain",
        "Partial Mode": "Simple",
        "Parallel Aware": false,
        "Startup Cost": 10001344927.3,
        "Total Cost": 10001344927.31,
        "Plan Rows": 1,
        "Plan Width": 8,
        "Actual Startup Time": 15721.178,
        "Actual Total Time": 15721.181,
        "Actual Rows": 1,
        "Actual Loops": 1,
        "Output": [
            "count(*)"
        ],
        "Plans": [
            {
                "Node Type": "Hash Join",
                "Parent Relationship": "Outer",
                "Parallel Aware": false,
                "Join Type": "Inner",
                "Startup Cost": 10000670369.93,
                "Total Cost": 10001285087.55,
                "Plan Rows": 23935902,
                "Plan Width": 0,
                "Actual Startup Time": 3312.307,
                "Actual Total Time": 14705.831,
                "Actual Rows": 23744049,
                "Actual Loops": 1,
                "Inner Unique": true,
                "Hash Cond": "(ci.movie_id = t.id)",
                "Plans": [
                    {
                        "Node Type": "Bitmap Heap Scan",
                        "Parent Relationship": "Outer",
                        "Parallel Aware": false,
                        "Relation Name": "cast_info",
                        "Schema": "public",
                        "Alias": "ci",
                        "Startup Cost": 528423.81,
                        "Total Cost": 1080309.58,
                        "Plan Rows": 23935902,
                        "Plan Width": 4,
                        "Actual Startup Time": 920.998,
                        "Actual Total Time": 3524.49,
                        "Actual Rows": 23744049,
                        "Actual Loops": 1,
                        "Output": [
                            "ci.id",
                            "ci.person_id",
                            "ci.movie_id",
                            "ci.person_role_id",
                            "ci.note",
                            "ci.nr_order",
                            "ci.role_id"
                        ],
                        "Recheck Cond": "(ci.person_id < 2433072)",
                        "Rows Removed by Index Recheck": 0,
                        "Exact Heap Blocks": 224601,
                        "Lossy Heap Blocks": 0,
                        "Plans": [
                            {
                                "Node Type": "Bitmap Index Scan",
                                "Parent Relationship": "Outer",
                                "Parallel Aware": false,
                                "Index Name": "person_id_cast_info",
                                "Startup Cost": 0.0,
                                "Total Cost": 522439.83,
                                "Plan Rows": 23935902,
                                "Plan Width": 0,
                                "Actual Startup Time": 875.109,
                                "Actual Total Time": 875.11,
                                "Actual Rows": 23744049,
                                "Actual Loops": 1,
                                "Index Cond": "(ci.person_id < 2433072)"
                            }
                        ]
                    },
                    {
                        "Node Type": "Hash",
                        "Parent Relationship": "Inner",
                        "Parallel Aware": false,
                        "Startup Cost": 10000110342.1,
                        "Total Cost": 10000110342.1,
                        "Plan Rows": 2528322,
                        "Plan Width": 4,
                        "Actual Startup Time": 2375.159,
                        "Actual Total Time": 2375.16,
                        "Actual Rows": 2528312,
                        "Actual Loops": 1,
                        "Output": [
                            "t.id"
                        ],
                        "Hash Buckets": 4194304,
                        "Original Hash Buckets": 4194304,
                        "Hash Batches": 1,
                        "Original Hash Batches": 1,
                        "Peak Memory Usage": 121654,
                        "Plans": [
                            {
                                "Node Type": "Index Scan",
                                "Parent Relationship": "Outer",
                                "Parallel Aware": false,
                                "Scan Direction": "Forward",
                                "Index Name": "title_pkey",
                                "Relation Name": "title",
                                "Schema": "public",
                                "Alias": "t",
                                "Startup Cost": 10000000000.43,
                                "Total Cost": 10000110342.1,
                                "Plan Rows": 2528322,
                                "Plan Width": 4,
                                "Actual Startup Time": 0.037,
                                "Actual Total Time": 1648.659,
                                "Actual Rows": 2528312,
                                "Actual Loops": 1,
                                "Output": [
                                    "t.id"
                                ]
                            }
                        ]
                    }
                ]
            }
        ]
    },
    "Planning Time": 1.803,
    "Triggers": [],
    "Execution Time": 15726.117
}