{
  "Plan": {
    "Node Type": "Aggregate",
    "Strategy": "Plain",
    "Partial Mode": "Finalize",
    "Parallel Aware": false,
    "Startup Cost": 203803.65,
    "Total Cost": 203803.66,
    "Plan Rows": 1,
    "Plan Width": 8,
    "Actual Startup Time": 1367.213,
    "Actual Total Time": 1401.447,
    "Actual Rows": 1,
    "Actual Loops": 1,
    "Plans": [
      {
        "Node Type": "Gather",
        "Parent Relationship": "Outer",
        "Parallel Aware": false,
        "Startup Cost": 203803.54,
        "Total Cost": 203803.65,
        "Plan Rows": 1,
        "Plan Width": 8,
        "Actual Startup Time": 1366.903,
        "Actual Total Time": 1401.439,
        "Actual Rows": 2,
        "Actual Loops": 1,
        "Workers Planned": 1,
        "Workers Launched": 1,
        "Single Copy": false,
        "Plans": [
          {
            "Node Type": "Aggregate",
            "Strategy": "Plain",
            "Partial Mode": "Partial",
            "Parent Relationship": "Outer",
            "Parallel Aware": false,
            "Startup Cost": 202803.54,
            "Total Cost": 202803.55,
            "Plan Rows": 1,
            "Plan Width": 8,
            "Actual Startup Time": 1360.754,
            "Actual Total Time": 1360.757,
            "Actual Rows": 1,
            "Actual Loops": 2,
            "Plans": [
              {
                "Node Type": "Nested Loop",
                "Parent Relationship": "Outer",
                "Parallel Aware": false,
                "Join Type": "Inner",
                "Startup Cost": 54916.01,
                "Total Cost": 202164.82,
                "Plan Rows": 255489,
                "Plan Width": 0,
                "Actual Startup Time": 140.42,
                "Actual Total Time": 1252.855,
                "Actual Rows": 2556154,
                "Actual Loops": 2,
                "Inner Unique": false,
                "Join Filter": "(t.id = mi.movie_id)",
                "Rows Removed by Join Filter": 0,
                "Plans": [
                  {
                    "Node Type": "Hash Join",
                    "Parent Relationship": "Outer",
                    "Parallel Aware": true,
                    "Join Type": "Inner",
                    "Startup Cost": 54915.58,
                    "Total Cost": 119150.53,
                    "Plan Rows": 43694,
                    "Plan Width": 8,
                    "Actual Startup Time": 140.354,
                    "Actual Total Time": 466.421,
                    "Actual Rows": 41663,
                    "Actual Loops": 2,
                    "Inner Unique": true,
                    "Hash Cond": "(mk.movie_id = t.id)",
                    "Plans": [
                      {
                        "Node Type": "Seq Scan",
                        "Parent Relationship": "Outer",
                        "Parallel Aware": true,
                        "Relation Name": "movie_keyword",
                        "Alias": "mk",
                        "Startup Cost": 0.0,
                        "Total Cost": 57718.19,
                        "Plan Rows": 2482572,
                        "Plan Width": 4,
                        "Actual Startup Time": 0.026,
                        "Actual Total Time": 190.372,
                        "Actual Rows": 2103356,
                        "Actual Loops": 2,
                        "Filter": "(keyword_id > 249)",
                        "Rows Removed by Filter": 158610
                      },
                      {
                        "Node Type": "Hash",
                        "Parent Relationship": "Inner",
                        "Parallel Aware": true,
                        "Startup Cost": 54588.39,
                        "Total Cost": 54588.39,
                        "Plan Rows": 26175,
                        "Plan Width": 4,
                        "Actual Startup Time": 139.157,
                        "Actual Total Time": 139.158,
                        "Actual Rows": 23292,
                        "Actual Loops": 2,
                        "Hash Buckets": 65536,
                        "Original Hash Buckets": 65536,
                        "Hash Batches": 1,
                        "Original Hash Batches": 1,
                        "Peak Memory Usage": 2368,
                        "Plans": [
                          {
                            "Node Type": "Seq Scan",
                            "Parent Relationship": "Outer",
                            "Parallel Aware": true,
                            "Relation Name": "title",
                            "Alias": "t",
                            "Startup Cost": 0.0,
                            "Total Cost": 54588.39,
                            "Plan Rows": 26175,
                            "Plan Width": 4,
                            "Actual Startup Time": 0.073,
                            "Actual Total Time": 131.87,
                            "Actual Rows": 23292,
                            "Actual Loops": 2,
                            "Filter": "(production_year = 1998)",
                            "Rows Removed by Filter": 1240864
                          }
                        ]
                      }
                    ]
                  },
                  {
                    "Node Type": "Index Only Scan",
                    "Parent Relationship": "Inner",
                    "Parallel Aware": false,
                    "Scan Direction": "Forward",
                    "Index Name": "movie_id_movie_info",
                    "Relation Name": "movie_info",
                    "Alias": "mi",
                    "Startup Cost": 0.43,
                    "Total Cost": 1.37,
                    "Plan Rows": 42,
                    "Plan Width": 4,
                    "Actual Startup Time": 0.003,
                    "Actual Total Time": 0.014,
                    "Actual Rows": 61,
                    "Actual Loops": 83326,
                    "Index Cond": "(movie_id = mk.movie_id)",
                    "Rows Removed by Index Recheck": 0,
                    "Heap Fetches": 5112309
                  }
                ]
              }
            ]
          }
        ]
      }
    ]
  },
  "Planning Time": 0.951,
  "Triggers": [],
  "Execution Time": 1401.538
}