{
  "Plan": {
    "Node Type": "Aggregate",
    "Strategy": "Plain",
    "Partial Mode": "Finalize",
    "Parallel Aware": false,
    "Startup Cost": 304453.41,
    "Total Cost": 304453.42,
    "Plan Rows": 1,
    "Plan Width": 8,
    "Actual Startup Time": 797.745,
    "Actual Total Time": 828.011,
    "Actual Rows": 1,
    "Actual Loops": 1,
    "Plans": [
      {
        "Node Type": "Gather",
        "Parent Relationship": "Outer",
        "Parallel Aware": false,
        "Startup Cost": 304453.29,
        "Total Cost": 304453.4,
        "Plan Rows": 1,
        "Plan Width": 8,
        "Actual Startup Time": 797.512,
        "Actual Total Time": 828.003,
        "Actual Rows": 2,
        "Actual Loops": 1,
        "Workers Planned": 1,
        "Workers Launched": 1,
        "Single Copy": false,
        "Plans": [
          {
            "Node Type": "Aggregate",
            "Strategy": "Plain",
            "Partial Mode": "Partial",
            "Parent Relationship": "Outer",
            "Parallel Aware": false,
            "Startup Cost": 303453.29,
            "Total Cost": 303453.3,
            "Plan Rows": 1,
            "Plan Width": 8,
            "Actual Startup Time": 790.988,
            "Actual Total Time": 790.992,
            "Actual Rows": 1,
            "Actual Loops": 2,
            "Plans": [
              {
                "Node Type": "Nested Loop",
                "Parent Relationship": "Outer",
                "Parallel Aware": false,
                "Join Type": "Inner",
                "Startup Cost": 39303.15,
                "Total Cost": 303431.97,
                "Plan Rows": 8529,
                "Plan Width": 0,
                "Actual Startup Time": 59.256,
                "Actual Total Time": 789.952,
                "Actual Rows": 15555,
                "Actual Loops": 2,
                "Inner Unique": false,
                "Join Filter": "(t.id = mk.movie_id)",
                "Rows Removed by Join Filter": 0,
                "Plans": [
                  {
                    "Node Type": "Hash Join",
                    "Parent Relationship": "Outer",
                    "Parallel Aware": true,
                    "Join Type": "Inner",
                    "Startup Cost": 39302.71,
                    "Total Cost": 294685.29,
                    "Plan Rows": 4766,
                    "Plan Width": 8,
                    "Actual Startup Time": 56.102,
                    "Actual Total Time": 756.71,
                    "Actual Rows": 3088,
                    "Actual Loops": 2,
                    "Inner Unique": true,
                    "Hash Cond": "(ci.movie_id = t.id)",
                    "Plans": [
                      {
                        "Node Type": "Index Scan",
                        "Parent Relationship": "Outer",
                        "Parallel Aware": true,
                        "Scan Direction": "Forward",
                        "Index Name": "role_id_cast_info",
                        "Relation Name": "cast_info",
                        "Alias": "ci",
                        "Startup Cost": 0.56,
                        "Total Cost": 250034.97,
                        "Plan Rows": 2037396,
                        "Plan Width": 4,
                        "Actual Startup Time": 0.076,
                        "Actual Total Time": 596.583,
                        "Actual Rows": 821126,
                        "Actual Loops": 2,
                        "Index Cond": "(role_id > 6)",
                        "Rows Removed by Index Recheck": 0,
                        "Filter": "(person_id < 1596027)",
                        "Rows Removed by Filter": 3035194
                      },
                      {
                        "Node Type": "Hash",
                        "Parent Relationship": "Inner",
                        "Parallel Aware": true,
                        "Startup Cost": 39258.66,
                        "Total Cost": 39258.66,
                        "Plan Rows": 3479,
                        "Plan Width": 4,
                        "Actual Startup Time": 54.025,
                        "Actual Total Time": 54.026,
                        "Actual Rows": 4263,
                        "Actual Loops": 2,
                        "Hash Buckets": 8192,
                        "Original Hash Buckets": 8192,
                        "Hash Batches": 1,
                        "Original Hash Batches": 1,
                        "Peak Memory Usage": 448,
                        "Plans": [
                          {
                            "Node Type": "Bitmap Heap Scan",
                            "Parent Relationship": "Outer",
                            "Parallel Aware": true,
                            "Relation Name": "title",
                            "Alias": "t",
                            "Startup Cost": 2182.42,
                            "Total Cost": 39258.66,
                            "Plan Rows": 3479,
                            "Plan Width": 4,
                            "Actual Startup Time": 15.077,
                            "Actual Total Time": 52.6,
                            "Actual Rows": 4263,
                            "Actual Loops": 2,
                            "Recheck Cond": "(kind_id = 4)",
                            "Rows Removed by Index Recheck": 0,
                            "Filter": "(production_year = 2008)",
                            "Rows Removed by Filter": 54854,
                            "Exact Heap Blocks": 11124,
                            "Lossy Heap Blocks": 0,
                            "Plans": [
                              {
                                "Node Type": "Bitmap Index Scan",
                                "Parent Relationship": "Outer",
                                "Parallel Aware": false,
                                "Index Name": "kind_id_title",
                                "Startup Cost": 0.0,
                                "Total Cost": 2180.94,
                                "Plan Rows": 122201,
                                "Plan Width": 0,
                                "Actual Startup Time": 15.628,
                                "Actual Total Time": 15.628,
                                "Actual Rows": 118234,
                                "Actual Loops": 1,
                                "Index Cond": "(kind_id = 4)"
                              }
                            ]
                          }
                        ]
                      }
                    ]
                  },
                  {
                    "Node Type": "Index Only Scan",
                    "Parent Relationship": "Inner",
                    "Parallel Aware": false,
                    "Scan Direction": "Forward",
                    "Index Name": "movie_id_movie_keyword",
                    "Relation Name": "movie_keyword",
                    "Alias": "mk",
                    "Startup Cost": 0.43,
                    "Total Cost": 1.27,
                    "Plan Rows": 45,
                    "Plan Width": 4,
                    "Actual Startup Time": 0.009,
                    "Actual Total Time": 0.01,
                    "Actual Rows": 5,
                    "Actual Loops": 6175,
                    "Index Cond": "(movie_id = ci.movie_id)",
                    "Rows Removed by Index Recheck": 0,
                    "Heap Fetches": 31110
                  }
                ]
              }
            ]
          }
        ]
      }
    ]
  },
  "Planning Time": 0.95,
  "Triggers": [],
  "Execution Time": 828.122
}