[
  {
    "Plan": {
      "Node Type": "Aggregate",
      "Strategy": "Plain",
      "Partial Mode": "Finalize",
      "Parallel Aware": false,
      "Startup Cost": 23460.68,
      "Total Cost": 23460.69,
      "Plan Rows": 1,
      "Plan Width": 8,
      "Actual Startup Time": 47.384,
      "Actual Total Time": 50.36,
      "Actual Rows": 1,
      "Actual Loops": 1,
      "Plans": [
        {
          "Node Type": "Gather",
          "Parent Relationship": "Outer",
          "Parallel Aware": false,
          "Startup Cost": 23460.37,
          "Total Cost": 23460.68,
          "Plan Rows": 3,
          "Plan Width": 8,
          "Actual Startup Time": 47.216,
          "Actual Total Time": 50.352,
          "Actual Rows": 4,
          "Actual Loops": 1,
          "Workers Planned": 3,
          "Workers Launched": 3,
          "Single Copy": false,
          "Plans": [
            {
              "Node Type": "Aggregate",
              "Strategy": "Plain",
              "Partial Mode": "Partial",
              "Parent Relationship": "Outer",
              "Parallel Aware": false,
              "Startup Cost": 22460.37,
              "Total Cost": 22460.38,
              "Plan Rows": 1,
              "Plan Width": 8,
              "Actual Startup Time": 40.277,
              "Actual Total Time": 40.279,
              "Actual Rows": 1,
              "Actual Loops": 4,
              "Plans": [
                {
                  "Node Type": "Bitmap Heap Scan",
                  "Parent Relationship": "Outer",
                  "Parallel Aware": true,
                  "Relation Name": "movie_companies",
                  "Alias": "mc",
                  "Startup Cost": 3000.82,
                  "Total Cost": 22348.78,
                  "Plan Rows": 44636,
                  "Plan Width": 0,
                  "Actual Startup Time": 13.806,
                  "Actual Total Time": 36.967,
                  "Actual Rows": 33788,
                  "Actual Loops": 4,
                  "Recheck Cond": "(company_id > 138680)",
                  "Rows Removed by Index Recheck": 0,
                  "Exact Heap Blocks": 2122,
                  "Lossy Heap Blocks": 0,
                  "Plans": [
                    {
                      "Node Type": "Bitmap Index Scan",
                      "Parent Relationship": "Outer",
                      "Parallel Aware": false,
                      "Index Name": "company_id_movie_companies",
                      "Startup Cost": 0.0,
                      "Total Cost": 2966.23,
                      "Plan Rows": 138373,
                      "Plan Width": 0,
                      "Actual Startup Time": 18.4,
                      "Actual Total Time": 18.4,
                      "Actual Rows": 135153,
                      "Actual Loops": 1,
                      "Index Cond": "(company_id > 138680)"
                    }
                  ]
                }
              ]
            }
          ]
        }
      ]
    },
    "Planning Time": 0.163,
    "Triggers": [],
    "Execution Time": 50.426
  }
]