{
  "Plan": {
    "Node Type": "Aggregate",
    "Strategy": "Plain",
    "Partial Mode": "Finalize",
    "Parallel Aware": false,
    "Startup Cost": 555647.54,
    "Total Cost": 555647.55,
    "Plan Rows": 1,
    "Plan Width": 8,
    "Actual Startup Time": 1436.164,
    "Actual Total Time": 1476.059,
    "Actual Rows": 1,
    "Actual Loops": 1,
    "Plans": [
      {
        "Node Type": "Gather",
        "Parent Relationship": "Outer",
        "Parallel Aware": false,
        "Startup Cost": 555647.43,
        "Total Cost": 555647.54,
        "Plan Rows": 1,
        "Plan Width": 8,
        "Actual Startup Time": 1435.865,
        "Actual Total Time": 1476.052,
        "Actual Rows": 2,
        "Actual Loops": 1,
        "Workers Planned": 1,
        "Workers Launched": 1,
        "Single Copy": false,
        "Plans": [
          {
            "Node Type": "Aggregate",
            "Strategy": "Plain",
            "Partial Mode": "Partial",
            "Parent Relationship": "Outer",
            "Parallel Aware": false,
            "Startup Cost": 554647.43,
            "Total Cost": 554647.44,
            "Plan Rows": 1,
            "Plan Width": 8,
            "Actual Startup Time": 1429.655,
            "Actual Total Time": 1429.659,
            "Actual Rows": 1,
            "Actual Loops": 2,
            "Plans": [
              {
                "Node Type": "Nested Loop",
                "Parent Relationship": "Outer",
                "Parallel Aware": false,
                "Join Type": "Inner",
                "Startup Cost": 39632.19,
                "Total Cost": 554163.72,
                "Plan Rows": 193481,
                "Plan Width": 0,
                "Actual Startup Time": 58.976,
                "Actual Total Time": 1417.443,
                "Actual Rows": 262416,
                "Actual Loops": 2,
                "Inner Unique": false,
                "Join Filter": "(t.id = mk.movie_id)",
                "Rows Removed by Join Filter": 0,
                "Plans": [
                  {
                    "Node Type": "Hash Join",
                    "Parent Relationship": "Outer",
                    "Parallel Aware": true,
                    "Join Type": "Inner",
                    "Startup Cost": 39631.76,
                    "Total Cost": 359330.16,
                    "Plan Rows": 108131,
                    "Plan Width": 8,
                    "Actual Startup Time": 58.742,
                    "Actual Total Time": 1224.15,
                    "Actual Rows": 28840,
                    "Actual Loops": 2,
                    "Inner Unique": true,
                    "Hash Cond": "(ci.movie_id = t.id)",
                    "Plans": [
                      {
                        "Node Type": "Index Scan",
                        "Parent Relationship": "Outer",
                        "Parallel Aware": true,
                        "Scan Direction": "Forward",
                        "Index Name": "role_id_cast_info",
                        "Relation Name": "cast_info",
                        "Alias": "ci",
                        "Startup Cost": 0.56,
                        "Total Cost": 305110.75,
                        "Plan Rows": 5557408,
                        "Plan Width": 4,
                        "Actual Startup Time": 0.211,
                        "Actual Total Time": 737.84,
                        "Actual Rows": 4682094,
                        "Actual Loops": 2,
                        "Index Cond": "(role_id > 4)",
                        "Rows Removed by Index Recheck": 0,
                        "Filter": "(person_id > 20889)",
                        "Rows Removed by Filter": 10258
                      },
                      {
                        "Node Type": "Hash",
                        "Parent Relationship": "Inner",
                        "Parallel Aware": true,
                        "Startup Cost": 39269.48,
                        "Total Cost": 39269.48,
                        "Plan Rows": 28937,
                        "Plan Width": 4,
                        "Actual Startup Time": 56.974,
                        "Actual Total Time": 56.976,
                        "Actual Rows": 13350,
                        "Actual Loops": 2,
                        "Hash Buckets": 65536,
                        "Original Hash Buckets": 65536,
                        "Hash Batches": 1,
                        "Original Hash Batches": 1,
                        "Peak Memory Usage": 1568,
                        "Plans": [
                          {
                            "Node Type": "Bitmap Heap Scan",
                            "Parent Relationship": "Outer",
                            "Parallel Aware": true,
                            "Relation Name": "title",
                            "Alias": "t",
                            "Startup Cost": 2193.24,
                            "Total Cost": 39269.48,
                            "Plan Rows": 28937,
                            "Plan Width": 4,
                            "Actual Startup Time": 16.804,
                            "Actual Total Time": 53.303,
                            "Actual Rows": 13350,
                            "Actual Loops": 2,
                            "Recheck Cond": "(kind_id = 4)",
                            "Rows Removed by Index Recheck": 0,
                            "Filter": "(production_year < 2000)",
                            "Rows Removed by Filter": 45767,
                            "Exact Heap Blocks": 10822,
                            "Lossy Heap Blocks": 0,
                            "Plans": [
                              {
                                "Node Type": "Bitmap Index Scan",
                                "Parent Relationship": "Outer",
                                "Parallel Aware": false,
                                "Index Name": "kind_id_title",
                                "Startup Cost": 0.0,
                                "Total Cost": 2180.94,
                                "Plan Rows": 122201,
                                "Plan Width": 0,
                                "Actual Startup Time": 17.545,
                                "Actual Total Time": 17.546,
                                "Actual Rows": 118234,
                                "Actual Loops": 1,
                                "Index Cond": "(kind_id = 4)"
                              }
                            ]
                          }
                        ]
                      }
                    ]
                  },
                  {
                    "Node Type": "Index Only Scan",
                    "Parent Relationship": "Inner",
                    "Parallel Aware": false,
                    "Scan Direction": "Forward",
                    "Index Name": "movie_id_movie_keyword",
                    "Relation Name": "movie_keyword",
                    "Alias": "mk",
                    "Startup Cost": 0.43,
                    "Total Cost": 1.24,
                    "Plan Rows": 45,
                    "Plan Width": 4,
                    "Actual Startup Time": 0.004,
                    "Actual Total Time": 0.006,
                    "Actual Rows": 9,
                    "Actual Loops": 57680,
                    "Index Cond": "(movie_id = ci.movie_id)",
                    "Rows Removed by Index Recheck": 0,
                    "Heap Fetches": 524831
                  }
                ]
              }
            ]
          }
        ]
      }
    ]
  },
  "Planning Time": 1.214,
  "Triggers": [],
  "Execution Time": 1476.178
}