{
  "Plan": {
    "Node Type": "Aggregate",
    "Strategy": "Plain",
    "Partial Mode": "Finalize",
    "Parallel Aware": false,
    "Startup Cost": 306603.41,
    "Total Cost": 306603.42,
    "Plan Rows": 1,
    "Plan Width": 8,
    "Actual Startup Time": 2034.901,
    "Actual Total Time": 2059.977,
    "Actual Rows": 1,
    "Actual Loops": 1,
    "Plans": [
      {
        "Node Type": "Gather",
        "Parent Relationship": "Outer",
        "Parallel Aware": false,
        "Startup Cost": 306603.3,
        "Total Cost": 306603.41,
        "Plan Rows": 1,
        "Plan Width": 8,
        "Actual Startup Time": 1996.828,
        "Actual Total Time": 2059.965,
        "Actual Rows": 2,
        "Actual Loops": 1,
        "Workers Planned": 1,
        "Workers Launched": 1,
        "Single Copy": false,
        "Plans": [
          {
            "Node Type": "Aggregate",
            "Strategy": "Plain",
            "Partial Mode": "Partial",
            "Parent Relationship": "Outer",
            "Parallel Aware": false,
            "Startup Cost": 305603.3,
            "Total Cost": 305603.31,
            "Plan Rows": 1,
            "Plan Width": 8,
            "Actual Startup Time": 2005.065,
            "Actual Total Time": 2005.789,
            "Actual Rows": 1,
            "Actual Loops": 2,
            "Plans": [
              {
                "Node Type": "Merge Join",
                "Parent Relationship": "Outer",
                "Parallel Aware": false,
                "Join Type": "Inner",
                "Startup Cost": 296705.96,
                "Total Cost": 305169.87,
                "Plan Rows": 173371,
                "Plan Width": 0,
                "Actual Startup Time": 1505.335,
                "Actual Total Time": 1933.97,
                "Actual Rows": 1846761,
                "Actual Loops": 2,
                "Inner Unique": false,
                "Merge Cond": "(t.id = mc.movie_id)",
                "Plans": [
                  {
                    "Node Type": "Sort",
                    "Parent Relationship": "Outer",
                    "Parallel Aware": false,
                    "Startup Cost": 172728.24,
                    "Total Cost": 174105.26,
                    "Plan Rows": 550810,
                    "Plan Width": 8,
                    "Actual Startup Time": 1084.489,
                    "Actual Total Time": 1140.023,
                    "Actual Rows": 1318374,
                    "Actual Loops": 2,
                    "Sort Key": [
                      "mk.movie_id"
                    ],
                    "Sort Method": "quicksort",
                    "Sort Space Used": 125812,
                    "Sort Space Type": "Memory",
                    "Workers": [
                      {
                        "Worker Number": 0,
                        "Sort Method": "quicksort",
                        "Sort Space Used": 71514,
                        "Sort Space Type": "Memory"
                      }
                    ],
                    "Plans": [
                      {
                        "Node Type": "Hash Join",
                        "Parent Relationship": "Outer",
                        "Parallel Aware": true,
                        "Join Type": "Inner",
                        "Startup Cost": 62154.37,
                        "Total Cost": 120205.21,
                        "Plan Rows": 550810,
                        "Plan Width": 8,
                        "Actual Startup Time": 258.151,
                        "Actual Total Time": 802.359,
                        "Actual Rows": 1318376,
                        "Actual Loops": 2,
                        "Inner Unique": true,
                        "Hash Cond": "(mk.movie_id = t.id)",
                        "Plans": [
                          {
                            "Node Type": "Seq Scan",
                            "Parent Relationship": "Outer",
                            "Parallel Aware": true,
                            "Relation Name": "movie_keyword",
                            "Alias": "mk",
                            "Startup Cost": 0.0,
                            "Total Cost": 51065.35,
                            "Plan Rows": 2661135,
                            "Plan Width": 4,
                            "Actual Startup Time": 0.012,
                            "Actual Total Time": 191.93,
                            "Actual Rows": 2261965,
                            "Actual Loops": 2
                          },
                          {
                            "Node Type": "Hash",
                            "Parent Relationship": "Inner",
                            "Parallel Aware": true,
                            "Startup Cost": 58306.47,
                            "Total Cost": 58306.47,
                            "Plan Rows": 307832,
                            "Plan Width": 4,
                            "Actual Startup Time": 253.123,
                            "Actual Total Time": 253.124,
                            "Actual Rows": 297236,
                            "Actual Loops": 2,
                            "Hash Buckets": 1048576,
                            "Original Hash Buckets": 524288,
                            "Hash Batches": 1,
                            "Original Hash Batches": 1,
                            "Peak Memory Usage": 35552,
                            "Plans": [
                              {
                                "Node Type": "Seq Scan",
                                "Parent Relationship": "Outer",
                                "Parallel Aware": true,
                                "Relation Name": "title",
                                "Alias": "t",
                                "Startup Cost": 0.0,
                                "Total Cost": 58306.47,
                                "Plan Rows": 307832,
                                "Plan Width": 4,
                                "Actual Startup Time": 0.048,
                                "Actual Total Time": 174.056,
                                "Actual Rows": 297236,
                                "Actual Loops": 2,
                                "Filter": "((kind_id < 4) AND (production_year < 2007))",
                                "Rows Removed by Filter": 966920
                              }
                            ]
                          }
                        ]
                      }
                    ]
                  },
                  {
                    "Node Type": "Sort",
                    "Parent Relationship": "Inner",
                    "Parallel Aware": false,
                    "Startup Cost": 123977.67,
                    "Total Cost": 125967.17,
                    "Plan Rows": 795798,
                    "Plan Width": 4,
                    "Actual Startup Time": 420.829,
                    "Actual Total Time": 509.559,
                    "Actual Rows": 2557896,
                    "Actual Loops": 2,
                    "Sort Key": [
                      "mc.movie_id"
                    ],
                    "Sort Method": "quicksort",
                    "Sort Space Used": 62536,
                    "Sort Space Type": "Memory",
                    "Workers": [
                      {
                        "Worker Number": 0,
                        "Sort Method": "quicksort",
                        "Sort Space Used": 62536,
                        "Sort Space Type": "Memory"
                      }
                    ],
                    "Plans": [
                      {
                        "Node Type": "Bitmap Heap Scan",
                        "Parent Relationship": "Outer",
                        "Parallel Aware": false,
                        "Relation Name": "movie_companies",
                        "Alias": "mc",
                        "Startup Cost": 17243.86,
                        "Total Cost": 45981.34,
                        "Plan Rows": 795798,
                        "Plan Width": 4,
                        "Actual Startup Time": 70.285,
                        "Actual Total Time": 208.636,
                        "Actual Rows": 809797,
                        "Actual Loops": 2,
                        "Recheck Cond": "(company_id > 29231)",
                        "Rows Removed by Index Recheck": 0,
                        "Exact Heap Blocks": 13944,
                        "Lossy Heap Blocks": 0,
                        "Plans": [
                          {
                            "Node Type": "Bitmap Index Scan",
                            "Parent Relationship": "Outer",
                            "Parallel Aware": false,
                            "Index Name": "company_id_movie_companies",
                            "Startup Cost": 0.0,
                            "Total Cost": 17044.92,
                            "Plan Rows": 795798,
                            "Plan Width": 0,
                            "Actual Startup Time": 68.017,
                            "Actual Total Time": 68.017,
                            "Actual Rows": 809797,
                            "Actual Loops": 2,
                            "Index Cond": "(company_id > 29231)"
                          }
                        ]
                      }
                    ]
                  }
                ]
              }
            ]
          }
        ]
      }
    ]
  },
  "Planning Time": 0.978,
  "Triggers": [],
  "Execution Time": 2077.169
}