{
  "Plan": {
    "Node Type": "Aggregate",
    "Strategy": "Plain",
    "Partial Mode": "Finalize",
    "Parallel Aware": false,
    "Startup Cost": 115125.61,
    "Total Cost": 115125.62,
    "Plan Rows": 1,
    "Plan Width": 8,
    "Actual Startup Time": 234.016,
    "Actual Total Time": 247.361,
    "Actual Rows": 1,
    "Actual Loops": 1,
    "Plans": [
      {
        "Node Type": "Gather",
        "Parent Relationship": "Outer",
        "Parallel Aware": false,
        "Startup Cost": 115125.49,
        "Total Cost": 115125.6,
        "Plan Rows": 1,
        "Plan Width": 8,
        "Actual Startup Time": 233.728,
        "Actual Total Time": 247.354,
        "Actual Rows": 2,
        "Actual Loops": 1,
        "Workers Planned": 1,
        "Workers Launched": 1,
        "Single Copy": false,
        "Plans": [
          {
            "Node Type": "Aggregate",
            "Strategy": "Plain",
            "Partial Mode": "Partial",
            "Parent Relationship": "Outer",
            "Parallel Aware": false,
            "Startup Cost": 114125.49,
            "Total Cost": 114125.5,
            "Plan Rows": 1,
            "Plan Width": 8,
            "Actual Startup Time": 227.62,
            "Actual Total Time": 227.624,
            "Actual Rows": 1,
            "Actual Loops": 2,
            "Plans": [
              {
                "Node Type": "Nested Loop",
                "Parent Relationship": "Outer",
                "Parallel Aware": false,
                "Join Type": "Inner",
                "Startup Cost": 66250.0,
                "Total Cost": 114096.79,
                "Plan Rows": 11481,
                "Plan Width": 0,
                "Actual Startup Time": 163.043,
                "Actual Total Time": 227.511,
                "Actual Rows": 1570,
                "Actual Loops": 2,
                "Inner Unique": false,
                "Join Filter": "(t.id = mi.movie_id)",
                "Rows Removed by Join Filter": 0,
                "Plans": [
                  {
                    "Node Type": "Hash Join",
                    "Parent Relationship": "Outer",
                    "Parallel Aware": true,
                    "Join Type": "Inner",
                    "Startup Cost": 66249.56,
                    "Total Cost": 88246.96,
                    "Plan Rows": 3813,
                    "Plan Width": 8,
                    "Actual Startup Time": 162.941,
                    "Actual Total Time": 221.439,
                    "Actual Rows": 812,
                    "Actual Loops": 2,
                    "Inner Unique": true,
                    "Hash Cond": "(mc.movie_id = t.id)",
                    "Plans": [
                      {
                        "Node Type": "Bitmap Heap Scan",
                        "Parent Relationship": "Outer",
                        "Parallel Aware": true,
                        "Relation Name": "movie_companies",
                        "Alias": "mc",
                        "Startup Cost": 7211.67,
                        "Total Cost": 28954.68,
                        "Plan Rows": 96911,
                        "Plan Width": 4,
                        "Actual Startup Time": 18.699,
                        "Actual Total Time": 66.515,
                        "Actual Rows": 130298,
                        "Actual Loops": 2,
                        "Recheck Cond": "(company_id < 164)",
                        "Rows Removed by Index Recheck": 0,
                        "Filter": "(company_type_id = 1)",
                        "Rows Removed by Filter": 34662,
                        "Exact Heap Blocks": 11586,
                        "Lossy Heap Blocks": 0,
                        "Plans": [
                          {
                            "Node Type": "Bitmap Index Scan",
                            "Parent Relationship": "Outer",
                            "Parallel Aware": false,
                            "Index Name": "company_id_movie_companies",
                            "Startup Cost": 0.0,
                            "Total Cost": 7170.49,
                            "Plan Rows": 334674,
                            "Plan Width": 0,
                            "Actual Startup Time": 15.965,
                            "Actual Total Time": 15.966,
                            "Actual Rows": 329920,
                            "Actual Loops": 1,
                            "Index Cond": "(company_id < 164)"
                          }
                        ]
                      },
                      {
                        "Node Type": "Hash",
                        "Parent Relationship": "Inner",
                        "Parallel Aware": true,
                        "Startup Cost": 58306.47,
                        "Total Cost": 58306.47,
                        "Plan Rows": 58514,
                        "Plan Width": 4,
                        "Actual Startup Time": 139.947,
                        "Actual Total Time": 139.948,
                        "Actual Rows": 2008,
                        "Actual Loops": 2,
                        "Hash Buckets": 131072,
                        "Original Hash Buckets": 131072,
                        "Hash Batches": 1,
                        "Original Hash Batches": 1,
                        "Peak Memory Usage": 1184,
                        "Plans": [
                          {
                            "Node Type": "Seq Scan",
                            "Parent Relationship": "Outer",
                            "Parallel Aware": true,
                            "Relation Name": "title",
                            "Alias": "t",
                            "Startup Cost": 0.0,
                            "Total Cost": 58306.47,
                            "Plan Rows": 58514,
                            "Plan Width": 4,
                            "Actual Startup Time": 0.369,
                            "Actual Total Time": 138.803,
                            "Actual Rows": 2008,
                            "Actual Loops": 2,
                            "Filter": "((production_year < 1951) AND (kind_id = 7))",
                            "Rows Removed by Filter": 1262148
                          }
                        ]
                      }
                    ]
                  },
                  {
                    "Node Type": "Index Scan",
                    "Parent Relationship": "Inner",
                    "Parallel Aware": false,
                    "Scan Direction": "Forward",
                    "Index Name": "movie_id_movie_info",
                    "Relation Name": "movie_info",
                    "Alias": "mi",
                    "Startup Cost": 0.43,
                    "Total Cost": 6.5,
                    "Plan Rows": 22,
                    "Plan Width": 4,
                    "Actual Startup Time": 0.004,
                    "Actual Total Time": 0.007,
                    "Actual Rows": 2,
                    "Actual Loops": 1624,
                    "Index Cond": "(movie_id = mc.movie_id)",
                    "Rows Removed by Index Recheck": 0,
                    "Filter": "(info_type_id > 7)",
                    "Rows Removed by Filter": 5
                  }
                ]
              }
            ]
          }
        ]
      }
    ]
  },
  "Planning Time": 1.083,
  "Triggers": [],
  "Execution Time": 247.471
}