[
  {
    "Plan": {
      "Node Type": "Aggregate",
      "Strategy": "Plain",
      "Partial Mode": "Finalize",
      "Parallel Aware": false,
      "Startup Cost": 394592.94,
      "Total Cost": 394592.95,
      "Plan Rows": 1,
      "Plan Width": 8,
      "Actual Startup Time": 707.124,
      "Actual Total Time": 742.001,
      "Actual Rows": 1,
      "Actual Loops": 1,
      "Plans": [
        {
          "Node Type": "Gather",
          "Parent Relationship": "Outer",
          "Parallel Aware": false,
          "Startup Cost": 394592.32,
          "Total Cost": 394592.93,
          "Plan Rows": 6,
          "Plan Width": 8,
          "Actual Startup Time": 699.386,
          "Actual Total Time": 741.973,
          "Actual Rows": 7,
          "Actual Loops": 1,
          "Workers Planned": 6,
          "Workers Launched": 6,
          "Single Copy": false,
          "Plans": [
            {
              "Node Type": "Aggregate",
              "Strategy": "Plain",
              "Partial Mode": "Partial",
              "Parent Relationship": "Outer",
              "Parallel Aware": false,
              "Startup Cost": 393592.32,
              "Total Cost": 393592.33,
              "Plan Rows": 1,
              "Plan Width": 8,
              "Actual Startup Time": 690.816,
              "Actual Total Time": 690.819,
              "Actual Rows": 1,
              "Actual Loops": 7,
              "Plans": [
                {
                  "Node Type": "Hash Join",
                  "Parent Relationship": "Outer",
                  "Parallel Aware": true,
                  "Join Type": "Inner",
                  "Startup Cost": 47759.03,
                  "Total Cost": 392584.12,
                  "Plan Rows": 403280,
                  "Plan Width": 0,
                  "Actual Startup Time": 408.912,
                  "Actual Total Time": 682.906,
                  "Actual Rows": 152127,
                  "Actual Loops": 7,
                  "Inner Unique": true,
                  "Hash Cond": "(ci.movie_id = t.id)",
                  "Plans": [
                    {
                      "Node Type": "Index Scan",
                      "Parent Relationship": "Outer",
                      "Parallel Aware": true,
                      "Scan Direction": "Forward",
                      "Index Name": "role_id_cast_info",
                      "Relation Name": "cast_info",
                      "Alias": "ci",
                      "Startup Cost": 0.56,
                      "Total Cost": 341155.22,
                      "Plan Rows": 1398257,
                      "Plan Width": 4,
                      "Actual Startup Time": 273.232,
                      "Actual Total Time": 396.77,
                      "Actual Rows": 527398,
                      "Actual Loops": 7,
                      "Index Cond": "(role_id = 1)",
                      "Rows Removed by Index Recheck": 0,
                      "Filter": "(person_id > 1224891)",
                      "Rows Removed by Filter": 1282700
                    },
                    {
                      "Node Type": "Hash",
                      "Parent Relationship": "Inner",
                      "Parallel Aware": true,
                      "Startup Cost": 45479.59,
                      "Total Cost": 45479.59,
                      "Plan Rows": 182310,
                      "Plan Width": 4,
                      "Actual Startup Time": 133.569,
                      "Actual Total Time": 133.57,
                      "Actual Rows": 113737,
                      "Actual Loops": 7,
                      "Hash Buckets": 1048576,
                      "Original Hash Buckets": 1048576,
                      "Hash Batches": 1,
                      "Original Hash Batches": 1,
                      "Peak Memory Usage": 39456,
                      "Plans": [
                        {
                          "Node Type": "Seq Scan",
                          "Parent Relationship": "Outer",
                          "Parallel Aware": true,
                          "Relation Name": "title",
                          "Alias": "t",
                          "Startup Cost": 0.0,
                          "Total Cost": 45479.59,
                          "Plan Rows": 182310,
                          "Plan Width": 4,
                          "Actual Startup Time": 0.038,
                          "Actual Total Time": 82.282,
                          "Actual Rows": 113737,
                          "Actual Loops": 7,
                          "Filter": "((production_year > 2003) AND (kind_id = 7))",
                          "Rows Removed by Filter": 247450
                        }
                      ]
                    }
                  ]
                }
              ]
            }
          ]
        }
      ]
    },
    "Planning Time": 0.596,
    "Triggers": [],
    "Execution Time": 742.061
  }
]