{
  "Plan": {
    "Node Type": "Aggregate",
    "Strategy": "Plain",
    "Partial Mode": "Finalize",
    "Parallel Aware": false,
    "Startup Cost": 582292.85,
    "Total Cost": 582292.86,
    "Plan Rows": 1,
    "Plan Width": 8,
    "Actual Startup Time": 3678.837,
    "Actual Total Time": 3746.5,
    "Actual Rows": 1,
    "Actual Loops": 1,
    "Plans": [
      {
        "Node Type": "Gather",
        "Parent Relationship": "Outer",
        "Parallel Aware": false,
        "Startup Cost": 582292.74,
        "Total Cost": 582292.85,
        "Plan Rows": 1,
        "Plan Width": 8,
        "Actual Startup Time": 3678.239,
        "Actual Total Time": 3746.491,
        "Actual Rows": 2,
        "Actual Loops": 1,
        "Workers Planned": 1,
        "Workers Launched": 1,
        "Single Copy": false,
        "Plans": [
          {
            "Node Type": "Aggregate",
            "Strategy": "Plain",
            "Partial Mode": "Partial",
            "Parent Relationship": "Outer",
            "Parallel Aware": false,
            "Startup Cost": 581292.74,
            "Total Cost": 581292.75,
            "Plan Rows": 1,
            "Plan Width": 8,
            "Actual Startup Time": 3672.648,
            "Actual Total Time": 3672.74,
            "Actual Rows": 1,
            "Actual Loops": 2,
            "Plans": [
              {
                "Node Type": "Hash Join",
                "Parent Relationship": "Outer",
                "Parallel Aware": true,
                "Join Type": "Inner",
                "Startup Cost": 58630.57,
                "Total Cost": 580363.92,
                "Plan Rows": 371526,
                "Plan Width": 0,
                "Actual Startup Time": 156.476,
                "Actual Total Time": 3659.672,
                "Actual Rows": 293699,
                "Actual Loops": 2,
                "Inner Unique": true,
                "Hash Cond": "(ci.movie_id = t.id)",
                "Plans": [
                  {
                    "Node Type": "Seq Scan",
                    "Parent Relationship": "Outer",
                    "Parallel Aware": true,
                    "Relation Name": "cast_info",
                    "Alias": "ci",
                    "Startup Cost": 0.0,
                    "Total Cost": 465792.95,
                    "Plan Rows": 21310595,
                    "Plan Width": 4,
                    "Actual Startup Time": 0.014,
                    "Actual Total Time": 1343.737,
                    "Actual Rows": 18122172,
                    "Actual Loops": 2
                  },
                  {
                    "Node Type": "Hash",
                    "Parent Relationship": "Inner",
                    "Parallel Aware": true,
                    "Startup Cost": 58306.47,
                    "Total Cost": 58306.47,
                    "Plan Rows": 25928,
                    "Plan Width": 4,
                    "Actual Startup Time": 154.697,
                    "Actual Total Time": 154.698,
                    "Actual Rows": 57656,
                    "Actual Loops": 2,
                    "Hash Buckets": 131072,
                    "Original Hash Buckets": 65536,
                    "Hash Batches": 1,
                    "Original Hash Batches": 1,
                    "Peak Memory Usage": 6080,
                    "Plans": [
                      {
                        "Node Type": "Seq Scan",
                        "Parent Relationship": "Outer",
                        "Parallel Aware": true,
                        "Relation Name": "title",
                        "Alias": "t",
                        "Startup Cost": 0.0,
                        "Total Cost": 58306.47,
                        "Plan Rows": 25928,
                        "Plan Width": 4,
                        "Actual Startup Time": 86.78,
                        "Actual Total Time": 141.334,
                        "Actual Rows": 57656,
                        "Actual Loops": 2,
                        "Filter": "((kind_id < 7) AND (production_year < 1930))",
                        "Rows Removed by Filter": 1206500
                      }
                    ]
                  }
                ]
              }
            ]
          }
        ]
      }
    ]
  },
  "Planning Time": 0.467,
  "Triggers": [],
  "Execution Time": 3746.587
}