{
  "Plan": {
    "Node Type": "Aggregate",
    "Strategy": "Plain",
    "Partial Mode": "Finalize",
    "Parallel Aware": false,
    "Startup Cost": 46532.66,
    "Total Cost": 46532.67,
    "Plan Rows": 1,
    "Plan Width": 8,
    "Actual Startup Time": 43.255,
    "Actual Total Time": 49.129,
    "Actual Rows": 1,
    "Actual Loops": 1,
    "Plans": [
      {
        "Node Type": "Gather",
        "Parent Relationship": "Outer",
        "Parallel Aware": false,
        "Startup Cost": 46532.55,
        "Total Cost": 46532.66,
        "Plan Rows": 1,
        "Plan Width": 8,
        "Actual Startup Time": 43.137,
        "Actual Total Time": 49.123,
        "Actual Rows": 2,
        "Actual Loops": 1,
        "Workers Planned": 1,
        "Workers Launched": 1,
        "Single Copy": false,
        "Plans": [
          {
            "Node Type": "Aggregate",
            "Strategy": "Plain",
            "Partial Mode": "Partial",
            "Parent Relationship": "Outer",
            "Parallel Aware": false,
            "Startup Cost": 45532.55,
            "Total Cost": 45532.56,
            "Plan Rows": 1,
            "Plan Width": 8,
            "Actual Startup Time": 36.866,
            "Actual Total Time": 36.867,
            "Actual Rows": 1,
            "Actual Loops": 2,
            "Plans": [
              {
                "Node Type": "Nested Loop",
                "Parent Relationship": "Outer",
                "Parallel Aware": false,
                "Join Type": "Inner",
                "Startup Cost": 157.38,
                "Total Cost": 45532.4,
                "Plan Rows": 62,
                "Plan Width": 0,
                "Actual Startup Time": 19.083,
                "Actual Total Time": 36.857,
                "Actual Rows": 16,
                "Actual Loops": 2,
                "Inner Unique": false,
                "Plans": [
                  {
                    "Node Type": "Nested Loop",
                    "Parent Relationship": "Outer",
                    "Parallel Aware": false,
                    "Join Type": "Inner",
                    "Startup Cost": 156.96,
                    "Total Cost": 45377.83,
                    "Plan Rows": 115,
                    "Plan Width": 8,
                    "Actual Startup Time": 19.07,
                    "Actual Total Time": 36.753,
                    "Actual Rows": 6,
                    "Actual Loops": 2,
                    "Inner Unique": true,
                    "Plans": [
                      {
                        "Node Type": "Bitmap Heap Scan",
                        "Parent Relationship": "Outer",
                        "Parallel Aware": true,
                        "Relation Name": "movie_keyword",
                        "Alias": "mk",
                        "Startup Cost": 156.53,
                        "Total Cost": 15825.27,
                        "Plan Rows": 4258,
                        "Plan Width": 4,
                        "Actual Startup Time": 3.335,
                        "Actual Total Time": 13.388,
                        "Actual Rows": 2702,
                        "Actual Loops": 2,
                        "Recheck Cond": "(keyword_id = 107)",
                        "Rows Removed by Index Recheck": 0,
                        "Exact Heap Blocks": 4167,
                        "Lossy Heap Blocks": 0,
                        "Plans": [
                          {
                            "Node Type": "Bitmap Index Scan",
                            "Parent Relationship": "Outer",
                            "Parallel Aware": false,
                            "Index Name": "keyword_id_movie_keyword",
                            "Startup Cost": 0.0,
                            "Total Cost": 154.72,
                            "Plan Rows": 7238,
                            "Plan Width": 0,
                            "Actual Startup Time": 3.944,
                            "Actual Total Time": 3.944,
                            "Actual Rows": 5403,
                            "Actual Loops": 1,
                            "Index Cond": "(keyword_id = 107)"
                          }
                        ]
                      },
                      {
                        "Node Type": "Index Scan",
                        "Parent Relationship": "Inner",
                        "Parallel Aware": false,
                        "Scan Direction": "Forward",
                        "Index Name": "title_pkey",
                        "Relation Name": "title",
                        "Alias": "t",
                        "Startup Cost": 0.43,
                        "Total Cost": 6.94,
                        "Plan Rows": 1,
                        "Plan Width": 4,
                        "Actual Startup Time": 0.008,
                        "Actual Total Time": 0.008,
                        "Actual Rows": 0,
                        "Actual Loops": 5403,
                        "Index Cond": "(id = mk.movie_id)",
                        "Rows Removed by Index Recheck": 0,
                        "Filter": "((kind_id = 7) AND (production_year = 2006))",
                        "Rows Removed by Filter": 1
                      }
                    ]
                  },
                  {
                    "Node Type": "Index Only Scan",
                    "Parent Relationship": "Inner",
                    "Parallel Aware": false,
                    "Scan Direction": "Forward",
                    "Index Name": "movie_id_movie_info_idx",
                    "Relation Name": "movie_info_idx",
                    "Alias": "mi_idx",
                    "Startup Cost": 0.43,
                    "Total Cost": 1.31,
                    "Plan Rows": 3,
                    "Plan Width": 4,
                    "Actual Startup Time": 0.013,
                    "Actual Total Time": 0.015,
                    "Actual Rows": 3,
                    "Actual Loops": 12,
                    "Index Cond": "(movie_id = t.id)",
                    "Rows Removed by Index Recheck": 0,
                    "Heap Fetches": 33
                  }
                ]
              }
            ]
          }
        ]
      }
    ]
  },
  "Planning Time": 0.979,
  "Triggers": [],
  "Execution Time": 49.227
}