{
    "Plan": {
        "Node Type": "Aggregate",
        "Strategy": "Plain",
        "Partial Mode": "Simple",
        "Parallel Aware": false,
        "Startup Cost": 60001451606.02,
        "Total Cost": 60001451606.03,
        "Plan Rows": 1,
        "Plan Width": 128,
        "Actual Startup Time": 10810.036,
        "Actual Total Time": 10810.273,
        "Actual Rows": 1,
        "Actual Loops": 1,
        "Output": [
            "min(mi.info)",
            "min(mi_idx.info)",
            "min(n.name)",
            "min(t.title)"
        ],
        "Plans": [
            {
                "Node Type": "Nested Loop",
                "Parent Relationship": "Outer",
                "Parallel Aware": false,
                "Join Type": "Inner",
                "Startup Cost": 60001445523.65,
                "Total Cost": 60001451606.01,
                "Plan Rows": 1,
                "Plan Width": 80,
                "Actual Startup Time": 10678.072,
                "Actual Total Time": 10810.262,
                "Actual Rows": 1,
                "Actual Loops": 1,
                "Output": [
                    "mi.info",
                    "mi_idx.info",
                    "n.name",
                    "t.title"
                ],
                "Inner Unique": true,
                "Plans": [
                    {
                        "Node Type": "Nested Loop",
                        "Parent Relationship": "Outer",
                        "Parallel Aware": false,
                        "Join Type": "Inner",
                        "Startup Cost": 50001445523.16,
                        "Total Cost": 50001451601.5,
                        "Plan Rows": 1,
                        "Plan Width": 69,
                        "Actual Startup Time": 10678.042,
                        "Actual Total Time": 10810.186,
                        "Actual Rows": 3,
                        "Actual Loops": 1,
                        "Output": [
                            "ci.person_id",
                            "mi.info",
                            "mi_idx.info",
                            "t.title"
                        ],
                        "Inner Unique": true,
                        "Plans": [
                            {
                                "Node Type": "Nested Loop",
                                "Parent Relationship": "Outer",
                                "Parallel Aware": false,
                                "Join Type": "Inner",
                                "Startup Cost": 40001445523.01,
                                "Total Cost": 40001451593.32,
                                "Plan Rows": 1,
                                "Plan Width": 73,
                                "Actual Startup Time": 10678.023,
                                "Actual Total Time": 10810.146,
                                "Actual Rows": 3,
                                "Actual Loops": 1,
                                "Output": [
                                    "ci.person_id",
                                    "mi.info",
                                    "mi.info_type_id",
                                    "mi_idx.info",
                                    "t.title"
                                ],
                                "Inner Unique": false,
                                "Join Filter": "(t.id = mi.movie_id)",
                                "Rows Removed by Join Filter": 0,
                                "Plans": [
                                    {
                                        "Node Type": "Merge Join",
                                        "Parent Relationship": "Outer",
                                        "Parallel Aware": false,
                                        "Join Type": "Inner",
                                        "Startup Cost": 30001445522.24,
                                        "Total Cost": 30001451587.95,
                                        "Plan Rows": 1,
                                        "Plan Width": 42,
                                        "Actual Startup Time": 10677.968,
                                        "Actual Total Time": 10809.91,
                                        "Actual Rows": 5,
                                        "Actual Loops": 1,
                                        "Output": [
                                            "ci.movie_id",
                                            "ci.person_id",
                                            "mi_idx.info",
                                            "mi_idx.movie_id",
                                            "mk.movie_id",
                                            "t.title",
                                            "t.id"
                                        ],
                                        "Inner Unique": false,
                                        "Merge Cond": "(ci.movie_id = t.id)",
                                        "Plans": [
                                            {
                                                "Node Type": "Sort",
                                                "Parent Relationship": "Outer",
                                                "Parallel Aware": false,
                                                "Startup Cost": 10000964397.31,
                                                "Total Cost": 10000967430.46,
                                                "Plan Rows": 1213260,
                                                "Plan Width": 8,
                                                "Actual Startup Time": 3589.479,
                                                "Actual Total Time": 3661.139,
                                                "Actual Rows": 1037058,
                                                "Actual Loops": 1,
                                                "Output": [
                                                    "ci.movie_id",
                                                    "ci.person_id"
                                                ],
                                                "Sort Key": [
                                                    "ci.movie_id"
                                                ],
                                                "Sort Method": "quicksort",
                                                "Sort Space Used": 107499,
                                                "Sort Space Type": "Memory",
                                                "Plans": [
                                                    {
                                                        "Node Type": "Seq Scan",
                                                        "Parent Relationship": "Outer",
                                                        "Parallel Aware": false,
                                                        "Relation Name": "cast_info",
                                                        "Schema": "public",
                                                        "Alias": "ci",
                                                        "Startup Cost": 10000000000.0,
                                                        "Total Cost": 10000841794.61,
                                                        "Plan Rows": 1213260,
                                                        "Plan Width": 8,
                                                        "Actual Startup Time": 98.468,
                                                        "Actual Total Time": 3335.765,
                                                        "Actual Rows": 1244716,
                                                        "Actual Loops": 1,
                                                        "Output": [
                                                            "ci.movie_id",
                                                            "ci.person_id"
                                                        ],
                                                        "Filter": "(ci.note = ANY ('{(writer),\"(head writer)\",\"(written by)\",(story),\"(story editor)\"}'::text[]))",
                                                        "Rows Removed by Filter": 34999628
                                                    }
                                                ]
                                            },
                                            {
                                                "Node Type": "Sort",
                                                "Parent Relationship": "Inner",
                                                "Parallel Aware": false,
                                                "Startup Cost": 20000481124.33,
                                                "Total Cost": 20000481124.33,
                                                "Plan Rows": 1,
                                                "Plan Width": 34,
                                                "Actual Startup Time": 7088.304,
                                                "Actual Total Time": 7088.538,
                                                "Actual Rows": 5,
                                                "Actual Loops": 1,
                                                "Output": [
                                                    "mi_idx.info",
                                                    "mi_idx.movie_id",
                                                    "mk.movie_id",
                                                    "t.title",
                                                    "t.id"
                                                ],
                                                "Sort Key": [
                                                    "mi_idx.movie_id"
                                                ],
                                                "Sort Method": "quicksort",
                                                "Sort Space Used": 25,
                                                "Sort Space Type": "Memory",
                                                "Plans": [
                                                    {
                                                        "Node Type": "Gather",
                                                        "Parent Relationship": "Outer",
                                                        "Parallel Aware": false,
                                                        "Startup Cost": 20000167965.84,
                                                        "Total Cost": 20000481124.32,
                                                        "Plan Rows": 1,
                                                        "Plan Width": 34,
                                                        "Actual Startup Time": 3265.789,
                                                        "Actual Total Time": 7088.514,
                                                        "Actual Rows": 3,
                                                        "Actual Loops": 1,
                                                        "Output": [
                                                            "mi_idx.info",
                                                            "mi_idx.movie_id",
                                                            "mk.movie_id",
                                                            "t.title",
                                                            "t.id"
                                                        ],
                                                        "Workers Planned": 3,
                                                        "Workers Launched": 3,
                                                        "Single Copy": false,
                                                        "Plans": [
                                                            {
                                                                "Node Type": "Hash Join",
                                                                "Parent Relationship": "Outer",
                                                                "Parallel Aware": true,
                                                                "Join Type": "Inner",
                                                                "Startup Cost": 20000166965.84,
                                                                "Total Cost": 20000480124.22,
                                                                "Plan Rows": 1,
                                                                "Plan Width": 34,
                                                                "Actual Startup Time": 3355.501,
                                                                "Actual Total Time": 7070.864,
                                                                "Actual Rows": 1,
                                                                "Actual Loops": 4,
                                                                "Output": [
                                                                    "mi_idx.info",
                                                                    "mi_idx.movie_id",
                                                                    "mk.movie_id",
                                                                    "t.title",
                                                                    "t.id"
                                                                ],
                                                                "Inner Unique": true,
                                                                "Hash Cond": "(mi_idx.movie_id = t.id)",
                                                                "Workers": [
                                                                    {
                                                                        "Worker Number": 0,
                                                                        "Actual Startup Time": 1539.654,
                                                                        "Actual Total Time": 7067.006,
                                                                        "Actual Rows": 1,
                                                                        "Actual Loops": 1
                                                                    },
                                                                    {
                                                                        "Worker Number": 1,
                                                                        "Actual Startup Time": 7067.866,
                                                                        "Actual Total Time": 7067.871,
                                                                        "Actual Rows": 0,
                                                                        "Actual Loops": 1
                                                                    },
                                                                    {
                                                                        "Worker Number": 2,
                                                                        "Actual Startup Time": 1549.133,
                                                                        "Actual Total Time": 7068.139,
                                                                        "Actual Rows": 1,
                                                                        "Actual Loops": 1
                                                                    }
                                                                ],
                                                                "Plans": [
                                                                    {
                                                                        "Node Type": "Nested Loop",
                                                                        "Parent Relationship": "Outer",
                                                                        "Parallel Aware": false,
                                                                        "Join Type": "Inner",
                                                                        "Startup Cost": 20000072425.53,
                                                                        "Total Cost": 20000385583.9,
                                                                        "Plan Rows": 1,
                                                                        "Plan Width": 13,
                                                                        "Actual Startup Time": 927.819,
                                                                        "Actual Total Time": 6588.839,
                                                                        "Actual Rows": 6290,
                                                                        "Actual Loops": 4,
                                                                        "Output": [
                                                                            "mi_idx.info",
                                                                            "mi_idx.movie_id",
                                                                            "mk.movie_id"
                                                                        ],
                                                                        "Inner Unique": true,
                                                                        "Workers": [
                                                                            {
                                                                                "Worker Number": 0,
                                                                                "Actual Startup Time": 1062.971,
                                                                                "Actual Total Time": 6588.452,
                                                                                "Actual Rows": 6417,
                                                                                "Actual Loops": 1
                                                                            },
                                                                            {
                                                                                "Worker Number": 1,
                                                                                "Actual Startup Time": 1068.486,
                                                                                "Actual Total Time": 6589.325,
                                                                                "Actual Rows": 5389,
                                                                                "Actual Loops": 1
                                                                            },
                                                                            {
                                                                                "Worker Number": 2,
                                                                                "Actual Startup Time": 1069.257,
                                                                                "Actual Total Time": 6588.717,
                                                                                "Actual Rows": 6482,
                                                                                "Actual Loops": 1
                                                                            }
                                                                        ],
                                                                        "Plans": [
                                                                            {
                                                                                "Node Type": "Merge Join",
                                                                                "Parent Relationship": "Outer",
                                                                                "Parallel Aware": false,
                                                                                "Join Type": "Inner",
                                                                                "Startup Cost": 10000072425.1,
                                                                                "Total Cost": 10000223117.88,
                                                                                "Plan Rows": 36534,
                                                                                "Plan Width": 17,
                                                                                "Actual Startup Time": 923.352,
                                                                                "Actual Total Time": 1761.749,
                                                                                "Actual Rows": 865448,
                                                                                "Actual Loops": 4,
                                                                                "Output": [
                                                                                    "mi_idx.info",
                                                                                    "mi_idx.movie_id",
                                                                                    "mk.movie_id",
                                                                                    "mk.keyword_id"
                                                                                ],
                                                                                "Inner Unique": false,
                                                                                "Merge Cond": "(mk.movie_id = mi_idx.movie_id)",
                                                                                "Workers": [
                                                                                    {
                                                                                        "Worker Number": 0,
                                                                                        "Actual Startup Time": 1062.265,
                                                                                        "Actual Total Time": 1890.644,
                                                                                        "Actual Rows": 879462,
                                                                                        "Actual Loops": 1
                                                                                    },
                                                                                    {
                                                                                        "Worker Number": 1,
                                                                                        "Actual Startup Time": 1062.341,
                                                                                        "Actual Total Time": 1892.395,
                                                                                        "Actual Rows": 725393,
                                                                                        "Actual Loops": 1
                                                                                    },
                                                                                    {
                                                                                        "Worker Number": 2,
                                                                                        "Actual Startup Time": 1059.227,
                                                                                        "Actual Total Time": 1874.293,
                                                                                        "Actual Rows": 889998,
                                                                                        "Actual Loops": 1
                                                                                    }
                                                                                ],
                                                                                "Plans": [
                                                                                    {
                                                                                        "Node Type": "Index Scan",
                                                                                        "Parent Relationship": "Outer",
                                                                                        "Parallel Aware": true,
                                                                                        "Scan Direction": "Forward",
                                                                                        "Index Name": "movie_id_movie_keyword",
                                                                                        "Relation Name": "movie_keyword",
                                                                                        "Schema": "public",
                                                                                        "Alias": "mk",
                                                                                        "Startup Cost": 10000000000.43,
                                                                                        "Total Cost": 10000146531.48,
                                                                                        "Plan Rows": 1459332,
                                                                                        "Plan Width": 8,
                                                                                        "Actual Startup Time": 0.069,
                                                                                        "Actual Total Time": 346.038,
                                                                                        "Actual Rows": 1130981,
                                                                                        "Actual Loops": 4,
                                                                                        "Output": [
                                                                                            "mk.id",
                                                                                            "mk.movie_id",
                                                                                            "mk.keyword_id"
                                                                                        ],
                                                                                        "Workers": [
                                                                                            {
                                                                                                "Worker Number": 0,
                                                                                                "Actual Startup Time": 0.071,
                                                                                                "Actual Total Time": 364.803,
                                                                                                "Actual Rows": 1141255,
                                                                                                "Actual Loops": 1
                                                                                            },
                                                                                            {
                                                                                                "Worker Number": 1,
                                                                                                "Actual Startup Time": 0.064,
                                                                                                "Actual Total Time": 331.356,
                                                                                                "Actual Rows": 937568,
                                                                                                "Actual Loops": 1
                                                                                            },
                                                                                            {
                                                                                                "Worker Number": 2,
                                                                                                "Actual Startup Time": 0.121,
                                                                                                "Actual Total Time": 336.774,
                                                                                                "Actual Rows": 1148486,
                                                                                                "Actual Loops": 1
                                                                                            }
                                                                                        ]
                                                                                    },
                                                                                    {
                                                                                        "Node Type": "Sort",
                                                                                        "Parent Relationship": "Inner",
                                                                                        "Parallel Aware": false,
                                                                                        "Startup Cost": 72424.65,
                                                                                        "Total Cost": 72455.18,
                                                                                        "Plan Rows": 12213,
                                                                                        "Plan Width": 9,
                                                                                        "Actual Startup Time": 923.229,
                                                                                        "Actual Total Time": 1095.661,
                                                                                        "Actual Rows": 1266382,
                                                                                        "Actual Loops": 4,
                                                                                        "Output": [
                                                                                            "mi_idx.info",
                                                                                            "mi_idx.movie_id"
                                                                                        ],
                                                                                        "Sort Key": [
                                                                                            "mi_idx.movie_id"
                                                                                        ],
                                                                                        "Sort Method": "quicksort",
                                                                                        "Sort Space Used": 33847,
                                                                                        "Sort Space Type": "Memory",
                                                                                        "Workers": [
                                                                                            {
                                                                                                "Worker Number": 0,
                                                                                                "Actual Startup Time": 1062.143,
                                                                                                "Actual Total Time": 1222.1,
                                                                                                "Actual Rows": 1280065,
                                                                                                "Actual Loops": 1
                                                                                            },
                                                                                            {
                                                                                                "Worker Number": 1,
                                                                                                "Actual Startup Time": 1062.236,
                                                                                                "Actual Total Time": 1236.999,
                                                                                                "Actual Rows": 1137543,
                                                                                                "Actual Loops": 1
                                                                                            },
                                                                                            {
                                                                                                "Worker Number": 2,
                                                                                                "Actual Startup Time": 1058.991,
                                                                                                "Actual Total Time": 1226.486,
                                                                                                "Actual Rows": 1291980,
                                                                                                "Actual Loops": 1
                                                                                            }
                                                                                        ],
                                                                                        "Plans": [
                                                                                            {
                                                                                                "Node Type": "Hash Join",
                                                                                                "Parent Relationship": "Outer",
                                                                                                "Parallel Aware": false,
                                                                                                "Join Type": "Inner",
                                                                                                "Startup Cost": 70881.39,
                                                                                                "Total Cost": 71595.62,
                                                                                                "Plan Rows": 12213,
                                                                                                "Plan Width": 9,
                                                                                                "Actual Startup Time": 698.234,
                                                                                                "Actual Total Time": 756.573,
                                                                                                "Actual Rows": 459925,
                                                                                                "Actual Loops": 4,
                                                                                                "Output": [
                                                                                                    "mi_idx.info",
                                                                                                    "mi_idx.movie_id"
                                                                                                ],
                                                                                                "Inner Unique": false,
                                                                                                "Hash Cond": "(it2.id = mi_idx.info_type_id)",
                                                                                                "Workers": [
                                                                                                    {
                                                                                                        "Worker Number": 0,
                                                                                                        "Actual Startup Time": 802.479,
                                                                                                        "Actual Total Time": 867.367,
                                                                                                        "Actual Rows": 459925,
                                                                                                        "Actual Loops": 1
                                                                                                    },
                                                                                                    {
                                                                                                        "Worker Number": 1,
                                                                                                        "Actual Startup Time": 802.637,
                                                                                                        "Actual Total Time": 867.313,
                                                                                                        "Actual Rows": 459925,
                                                                                                        "Actual Loops": 1
                                                                                                    },
                                                                                                    {
                                                                                                        "Worker Number": 2,
                                                                                                        "Actual Startup Time": 798.311,
                                                                                                        "Actual Total Time": 862.415,
                                                                                                        "Actual Rows": 459925,
                                                                                                        "Actual Loops": 1
                                                                                                    }
                                                                                                ],
                                                                                                "Plans": [
                                                                                                    {
                                                                                                        "Node Type": "Index Scan",
                                                                                                        "Parent Relationship": "Outer",
                                                                                                        "Parallel Aware": false,
                                                                                                        "Scan Direction": "Forward",
                                                                                                        "Index Name": "info_type_pkey",
                                                                                                        "Relation Name": "info_type",
                                                                                                        "Schema": "public",
                                                                                                        "Alias": "it2",
                                                                                                        "Startup Cost": 0.14,
                                                                                                        "Total Cost": 14.12,
                                                                                                        "Plan Rows": 1,
                                                                                                        "Plan Width": 4,
                                                                                                        "Actual Startup Time": 0.051,
                                                                                                        "Actual Total Time": 0.062,
                                                                                                        "Actual Rows": 1,
                                                                                                        "Actual Loops": 4,
                                                                                                        "Output": [
                                                                                                            "it2.id",
                                                                                                            "it2.info"
                                                                                                        ],
                                                                                                        "Filter": "((it2.info)::text = 'votes'::text)",
                                                                                                        "Rows Removed by Filter": 112,
                                                                                                        "Workers": [
                                                                                                            {
                                                                                                                "Worker Number": 0,
                                                                                                                "Actual Startup Time": 0.055,
                                                                                                                "Actual Total Time": 0.065,
                                                                                                                "Actual Rows": 1,
                                                                                                                "Actual Loops": 1
                                                                                                            },
                                                                                                            {
                                                                                                                "Worker Number": 1,
                                                                                                                "Actual Startup Time": 0.071,
                                                                                                                "Actual Total Time": 0.083,
                                                                                                                "Actual Rows": 1,
                                                                                                                "Actual Loops": 1
                                                                                                            },
                                                                                                            {
                                                                                                                "Worker Number": 2,
                                                                                                                "Actual Startup Time": 0.057,
                                                                                                                "Actual Total Time": 0.067,
                                                                                                                "Actual Rows": 1,
                                                                                                                "Actual Loops": 1
                                                                                                            }
                                                                                                        ]
                                                                                                    },
                                                                                                    {
                                                                                                        "Node Type": "Hash",
                                                                                                        "Parent Relationship": "Inner",
                                                                                                        "Parallel Aware": false,
                                                                                                        "Startup Cost": 53630.81,
                                                                                                        "Total Cost": 53630.81,
                                                                                                        "Plan Rows": 1380035,
                                                                                                        "Plan Width": 13,
                                                                                                        "Actual Startup Time": 689.542,
                                                                                                        "Actual Total Time": 689.543,
                                                                                                        "Actual Rows": 1380035,
                                                                                                        "Actual Loops": 4,
                                                                                                        "Output": [
                                                                                                            "mi_idx.info",
                                                                                                            "mi_idx.movie_id",
                                                                                                            "mi_idx.info_type_id"
                                                                                                        ],
                                                                                                        "Hash Buckets": 2097152,
                                                                                                        "Original Hash Buckets": 2097152,
                                                                                                        "Hash Batches": 1,
                                                                                                        "Original Hash Batches": 1,
                                                                                                        "Peak Memory Usage": 79357,
                                                                                                        "Workers": [
                                                                                                            {
                                                                                                                "Worker Number": 0,
                                                                                                                "Actual Startup Time": 791.501,
                                                                                                                "Actual Total Time": 791.502,
                                                                                                                "Actual Rows": 1380035,
                                                                                                                "Actual Loops": 1
                                                                                                            },
                                                                                                            {
                                                                                                                "Worker Number": 1,
                                                                                                                "Actual Startup Time": 791.774,
                                                                                                                "Actual Total Time": 791.775,
                                                                                                                "Actual Rows": 1380035,
                                                                                                                "Actual Loops": 1
                                                                                                            },
                                                                                                            {
                                                                                                                "Worker Number": 2,
                                                                                                                "Actual Startup Time": 787.221,
                                                                                                                "Actual Total Time": 787.222,
                                                                                                                "Actual Rows": 1380035,
                                                                                                                "Actual Loops": 1
                                                                                                            }
                                                                                                        ],
                                                                                                        "Plans": [
                                                                                                            {
                                                                                                                "Node Type": "Index Scan",
                                                                                                                "Parent Relationship": "Outer",
                                                                                                                "Parallel Aware": false,
                                                                                                                "Scan Direction": "Forward",
                                                                                                                "Index Name": "movie_id_movie_info_idx",
                                                                                                                "Relation Name": "movie_info_idx",
                                                                                                                "Schema": "public",
                                                                                                                "Alias": "mi_idx",
                                                                                                                "Startup Cost": 0.43,
                                                                                                                "Total Cost": 53630.81,
                                                                                                                "Plan Rows": 1380035,
                                                                                                                "Plan Width": 13,
                                                                                                                "Actual Startup Time": 0.075,
                                                                                                                "Actual Total Time": 375.251,
                                                                                                                "Actual Rows": 1380035,
                                                                                                                "Actual Loops": 4,
                                                                                                                "Output": [
                                                                                                                    "mi_idx.info",
                                                                                                                    "mi_idx.movie_id",
                                                                                                                    "mi_idx.info_type_id"
                                                                                                                ],
                                                                                                                "Workers": [
                                                                                                                    {
                                                                                                                        "Worker Number": 0,
                                                                                                                        "Actual Startup Time": 0.076,
                                                                                                                        "Actual Total Time": 428.339,
                                                                                                                        "Actual Rows": 1380035,
                                                                                                                        "Actual Loops": 1
                                                                                                                    },
                                                                                                                    {
                                                                                                                        "Worker Number": 1,
                                                                                                                        "Actual Startup Time": 0.111,
                                                                                                                        "Actual Total Time": 427.694,
                                                                                                                        "Actual Rows": 1380035,
                                                                                                                        "Actual Loops": 1
                                                                                                                    },
                                                                                                                    {
                                                                                                                        "Worker Number": 2,
                                                                                                                        "Actual Startup Time": 0.092,
                                                                                                                        "Actual Total Time": 427.309,
                                                                                                                        "Actual Rows": 1380035,
                                                                                                                        "Actual Loops": 1
                                                                                                                    }
                                                                                                                ]
                                                                                                            }
                                                                                                        ]
                                                                                                    }
                                                                                                ]
                                                                                            }
                                                                                        ]
                                                                                    }
                                                                                ]
                                                                            },
                                                                            {
                                                                                "Node Type": "Bitmap Heap Scan",
                                                                                "Parent Relationship": "Inner",
                                                                                "Parallel Aware": false,
                                                                                "Relation Name": "keyword",
                                                                                "Schema": "public",
                                                                                "Alias": "k",
                                                                                "Startup Cost": 0.43,
                                                                                "Total Cost": 4.45,
                                                                                "Plan Rows": 1,
                                                                                "Plan Width": 4,
                                                                                "Actual Startup Time": 0.004,
                                                                                "Actual Total Time": 0.004,
                                                                                "Actual Rows": 0,
                                                                                "Actual Loops": 3461792,
                                                                                "Output": [
                                                                                    "k.id",
                                                                                    "k.keyword",
                                                                                    "k.phonetic_code"
                                                                                ],
                                                                                "Recheck Cond": "(k.id = mk.keyword_id)",
                                                                                "Rows Removed by Index Recheck": 0,
                                                                                "Filter": "(k.keyword = ANY ('{tv-special,murder,fight,second-part,gold-tooth}'::text[]))",
                                                                                "Rows Removed by Filter": 1,
                                                                                "Exact Heap Blocks": 966939,
                                                                                "Lossy Heap Blocks": 0,
                                                                                "Workers": [
                                                                                    {
                                                                                        "Worker Number": 0,
                                                                                        "Actual Startup Time": 0.004,
                                                                                        "Actual Total Time": 0.004,
                                                                                        "Actual Rows": 0,
                                                                                        "Actual Loops": 879462
                                                                                    },
                                                                                    {
                                                                                        "Worker Number": 1,
                                                                                        "Actual Startup Time": 0.005,
                                                                                        "Actual Total Time": 0.005,
                                                                                        "Actual Rows": 0,
                                                                                        "Actual Loops": 725393
                                                                                    },
                                                                                    {
                                                                                        "Worker Number": 2,
                                                                                        "Actual Startup Time": 0.004,
                                                                                        "Actual Total Time": 0.004,
                                                                                        "Actual Rows": 0,
                                                                                        "Actual Loops": 889998
                                                                                    }
                                                                                ],
                                                                                "Plans": [
                                                                                    {
                                                                                        "Node Type": "Bitmap Index Scan",
                                                                                        "Parent Relationship": "Outer",
                                                                                        "Parallel Aware": false,
                                                                                        "Index Name": "keyword_pkey",
                                                                                        "Startup Cost": 0.0,
                                                                                        "Total Cost": 0.43,
                                                                                        "Plan Rows": 1,
                                                                                        "Plan Width": 0,
                                                                                        "Actual Startup Time": 0.002,
                                                                                        "Actual Total Time": 0.002,
                                                                                        "Actual Rows": 1,
                                                                                        "Actual Loops": 3461792,
                                                                                        "Index Cond": "(k.id = mk.keyword_id)",
                                                                                        "Workers": [
                                                                                            {
                                                                                                "Worker Number": 0,
                                                                                                "Actual Startup Time": 0.002,
                                                                                                "Actual Total Time": 0.002,
                                                                                                "Actual Rows": 1,
                                                                                                "Actual Loops": 879462
                                                                                            },
                                                                                            {
                                                                                                "Worker Number": 1,
                                                                                                "Actual Startup Time": 0.003,
                                                                                                "Actual Total Time": 0.003,
                                                                                                "Actual Rows": 1,
                                                                                                "Actual Loops": 725393
                                                                                            },
                                                                                            {
                                                                                                "Worker Number": 2,
                                                                                                "Actual Startup Time": 0.002,
                                                                                                "Actual Total Time": 0.002,
                                                                                                "Actual Rows": 1,
                                                                                                "Actual Loops": 889998
                                                                                            }
                                                                                        ]
                                                                                    }
                                                                                ]
                                                                            }
                                                                        ]
                                                                    },
                                                                    {
                                                                        "Node Type": "Hash",
                                                                        "Parent Relationship": "Inner",
                                                                        "Parallel Aware": true,
                                                                        "Startup Cost": 94540.09,
                                                                        "Total Cost": 94540.09,
                                                                        "Plan Rows": 18,
                                                                        "Plan Width": 21,
                                                                        "Actual Startup Time": 479.475,
                                                                        "Actual Total Time": 479.476,
                                                                        "Actual Rows": 58,
                                                                        "Actual Loops": 4,
                                                                        "Output": [
                                                                            "t.title",
                                                                            "t.id"
                                                                        ],
                                                                        "Hash Buckets": 1024,
                                                                        "Original Hash Buckets": 1024,
                                                                        "Hash Batches": 1,
                                                                        "Original Hash Batches": 1,
                                                                        "Peak Memory Usage": 136,
                                                                        "Workers": [
                                                                            {
                                                                                "Worker Number": 0,
                                                                                "Actual Startup Time": 475.979,
                                                                                "Actual Total Time": 475.979,
                                                                                "Actual Rows": 26,
                                                                                "Actual Loops": 1
                                                                            },
                                                                            {
                                                                                "Worker Number": 1,
                                                                                "Actual Startup Time": 476.09,
                                                                                "Actual Total Time": 476.09,
                                                                                "Actual Rows": 98,
                                                                                "Actual Loops": 1
                                                                            },
                                                                            {
                                                                                "Worker Number": 2,
                                                                                "Actual Startup Time": 476.906,
                                                                                "Actual Total Time": 476.907,
                                                                                "Actual Rows": 20,
                                                                                "Actual Loops": 1
                                                                            }
                                                                        ],
                                                                        "Plans": [
                                                                            {
                                                                                "Node Type": "Index Scan",
                                                                                "Parent Relationship": "Outer",
                                                                                "Parallel Aware": true,
                                                                                "Scan Direction": "Forward",
                                                                                "Index Name": "title_pkey",
                                                                                "Relation Name": "title",
                                                                                "Schema": "public",
                                                                                "Alias": "t",
                                                                                "Startup Cost": 0.43,
                                                                                "Total Cost": 94540.09,
                                                                                "Plan Rows": 18,
                                                                                "Plan Width": 21,
                                                                                "Actual Startup Time": 22.322,
                                                                                "Actual Total Time": 479.157,
                                                                                "Actual Rows": 58,
                                                                                "Actual Loops": 4,
                                                                                "Output": [
                                                                                    "t.title",
                                                                                    "t.id"
                                                                                ],
                                                                                "Filter": "((t.title ~~ 'Deep%'::text) AND (t.production_year > 2007))",
                                                                                "Rows Removed by Filter": 632020,
                                                                                "Workers": [
                                                                                    {
                                                                                        "Worker Number": 0,
                                                                                        "Actual Startup Time": 32.114,
                                                                                        "Actual Total Time": 475.836,
                                                                                        "Actual Rows": 26,
                                                                                        "Actual Loops": 1
                                                                                    },
                                                                                    {
                                                                                        "Worker Number": 1,
                                                                                        "Actual Startup Time": 21.407,
                                                                                        "Actual Total Time": 475.672,
                                                                                        "Actual Rows": 98,
                                                                                        "Actual Loops": 1
                                                                                    },
                                                                                    {
                                                                                        "Worker Number": 2,
                                                                                        "Actual Startup Time": 33.65,
                                                                                        "Actual Total Time": 476.543,
                                                                                        "Actual Rows": 20,
                                                                                        "Actual Loops": 1
                                                                                    }
                                                                                ]
                                                                            }
                                                                        ]
                                                                    }
                                                                ]
                                                            }
                                                        ]
                                                    }
                                                ]
                                            }
                                        ]
                                    },
                                    {
                                        "Node Type": "Bitmap Heap Scan",
                                        "Parent Relationship": "Inner",
                                        "Parallel Aware": false,
                                        "Relation Name": "movie_info",
                                        "Schema": "public",
                                        "Alias": "mi",
                                        "Startup Cost": 0.78,
                                        "Total Cost": 5.36,
                                        "Plan Rows": 1,
                                        "Plan Width": 51,
                                        "Actual Startup Time": 0.039,
                                        "Actual Total Time": 0.039,
                                        "Actual Rows": 1,
                                        "Actual Loops": 5,
                                        "Output": [
                                            "mi.id",
                                            "mi.movie_id",
                                            "mi.info_type_id",
                                            "mi.info",
                                            "mi.note"
                                        ],
                                        "Recheck Cond": "(mi.movie_id = mk.movie_id)",
                                        "Rows Removed by Index Recheck": 0,
                                        "Filter": "(mi.info = 'Comedy'::text)",
                                        "Rows Removed by Filter": 14,
                                        "Exact Heap Blocks": 41,
                                        "Lossy Heap Blocks": 0,
                                        "Plans": [
                                            {
                                                "Node Type": "Bitmap Index Scan",
                                                "Parent Relationship": "Outer",
                                                "Parallel Aware": false,
                                                "Index Name": "movie_id_movie_info",
                                                "Startup Cost": 0.0,
                                                "Total Cost": 0.78,
                                                "Plan Rows": 39,
                                                "Plan Width": 0,
                                                "Actual Startup Time": 0.022,
                                                "Actual Total Time": 0.022,
                                                "Actual Rows": 14,
                                                "Actual Loops": 5,
                                                "Index Cond": "(mi.movie_id = mk.movie_id)"
                                            }
                                        ]
                                    }
                                ]
                            },
                            {
                                "Node Type": "Bitmap Heap Scan",
                                "Parent Relationship": "Inner",
                                "Parallel Aware": false,
                                "Relation Name": "info_type",
                                "Schema": "public",
                                "Alias": "it1",
                                "Startup Cost": 0.15,
                                "Total Cost": 4.17,
                                "Plan Rows": 1,
                                "Plan Width": 4,
                                "Actual Startup Time": 0.008,
                                "Actual Total Time": 0.008,
                                "Actual Rows": 1,
                                "Actual Loops": 3,
                                "Output": [
                                    "it1.id",
                                    "it1.info"
                                ],
                                "Recheck Cond": "(it1.id = mi.info_type_id)",
                                "Rows Removed by Index Recheck": 0,
                                "Filter": "((it1.info)::text = 'genres'::text)",
                                "Rows Removed by Filter": 0,
                                "Exact Heap Blocks": 3,
                                "Lossy Heap Blocks": 0,
                                "Plans": [
                                    {
                                        "Node Type": "Bitmap Index Scan",
                                        "Parent Relationship": "Outer",
                                        "Parallel Aware": false,
                                        "Index Name": "info_type_pkey",
                                        "Startup Cost": 0.0,
                                        "Total Cost": 0.15,
                                        "Plan Rows": 1,
                                        "Plan Width": 0,
                                        "Actual Startup Time": 0.005,
                                        "Actual Total Time": 0.005,
                                        "Actual Rows": 1,
                                        "Actual Loops": 3,
                                        "Index Cond": "(it1.id = mi.info_type_id)"
                                    }
                                ]
                            }
                        ]
                    },
                    {
                        "Node Type": "Bitmap Heap Scan",
                        "Parent Relationship": "Inner",
                        "Parallel Aware": false,
                        "Relation Name": "name",
                        "Schema": "public",
                        "Alias": "n",
                        "Startup Cost": 0.49,
                        "Total Cost": 4.5,
                        "Plan Rows": 1,
                        "Plan Width": 19,
                        "Actual Startup Time": 0.022,
                        "Actual Total Time": 0.022,
                        "Actual Rows": 0,
                        "Actual Loops": 3,
                        "Output": [
                            "n.id",
                            "n.name",
                            "n.imdb_index",
                            "n.imdb_id",
                            "n.gender",
                            "n.name_pcode_cf",
                            "n.name_pcode_nf",
                            "n.surname_pcode",
                            "n.md5sum"
                        ],
                        "Recheck Cond": "(n.id = ci.person_id)",
                        "Rows Removed by Index Recheck": 0,
                        "Filter": "((n.gender)::text = 'm'::text)",
                        "Rows Removed by Filter": 1,
                        "Exact Heap Blocks": 3,
                        "Lossy Heap Blocks": 0,
                        "Plans": [
                            {
                                "Node Type": "Bitmap Index Scan",
                                "Parent Relationship": "Outer",
                                "Parallel Aware": false,
                                "Index Name": "name_pkey",
                                "Startup Cost": 0.0,
                                "Total Cost": 0.49,
                                "Plan Rows": 1,
                                "Plan Width": 0,
                                "Actual Startup Time": 0.013,
                                "Actual Total Time": 0.013,
                                "Actual Rows": 1,
                                "Actual Loops": 3,
                                "Index Cond": "(n.id = ci.person_id)"
                            }
                        ]
                    }
                ]
            }
        ]
    },
    "Planning Time": 14.225,
    "Triggers": [],
    "Execution Time": 10811.128
}