{
  "Plan": {
    "Node Type": "Aggregate",
    "Strategy": "Plain",
    "Partial Mode": "Finalize",
    "Parallel Aware": false,
    "Startup Cost": 138496.88,
    "Total Cost": 138496.89,
    "Plan Rows": 1,
    "Plan Width": 8,
    "Actual Startup Time": 960.166,
    "Actual Total Time": 985.348,
    "Actual Rows": 1,
    "Actual Loops": 1,
    "Plans": [
      {
        "Node Type": "Gather",
        "Parent Relationship": "Outer",
        "Parallel Aware": false,
        "Startup Cost": 138496.77,
        "Total Cost": 138496.88,
        "Plan Rows": 1,
        "Plan Width": 8,
        "Actual Startup Time": 952.36,
        "Actual Total Time": 985.336,
        "Actual Rows": 2,
        "Actual Loops": 1,
        "Workers Planned": 1,
        "Workers Launched": 1,
        "Single Copy": false,
        "Plans": [
          {
            "Node Type": "Aggregate",
            "Strategy": "Plain",
            "Partial Mode": "Partial",
            "Parent Relationship": "Outer",
            "Parallel Aware": false,
            "Startup Cost": 137496.77,
            "Total Cost": 137496.78,
            "Plan Rows": 1,
            "Plan Width": 8,
            "Actual Startup Time": 947.185,
            "Actual Total Time": 947.516,
            "Actual Rows": 1,
            "Actual Loops": 2,
            "Plans": [
              {
                "Node Type": "Hash Join",
                "Parent Relationship": "Outer",
                "Parallel Aware": true,
                "Join Type": "Inner",
                "Startup Cost": 106069.32,
                "Total Cost": 137467.33,
                "Plan Rows": 11777,
                "Plan Width": 0,
                "Actual Startup Time": 786.951,
                "Actual Total Time": 942.775,
                "Actual Rows": 92372,
                "Actual Loops": 2,
                "Inner Unique": false,
                "Hash Cond": "(t.id = mc.movie_id)",
                "Plans": [
                  {
                    "Node Type": "Hash Join",
                    "Parent Relationship": "Outer",
                    "Parallel Aware": true,
                    "Join Type": "Inner",
                    "Startup Cost": 81058.54,
                    "Total Cost": 110377.11,
                    "Plan Rows": 321625,
                    "Plan Width": 8,
                    "Actual Startup Time": 648.775,
                    "Actual Total Time": 816.692,
                    "Actual Rows": 265844,
                    "Actual Loops": 2,
                    "Inner Unique": true,
                    "Hash Cond": "(mk.movie_id = t.id)",
                    "Plans": [
                      {
                        "Node Type": "Bitmap Heap Scan",
                        "Parent Relationship": "Outer",
                        "Parallel Aware": true,
                        "Relation Name": "movie_keyword",
                        "Alias": "mk",
                        "Startup Cost": 11597.84,
                        "Total Cost": 40072.15,
                        "Plan Rows": 321625,
                        "Plan Width": 4,
                        "Actual Startup Time": 30.647,
                        "Actual Total Time": 115.024,
                        "Actual Rows": 265844,
                        "Actual Loops": 2,
                        "Recheck Cond": "(keyword_id > 34352)",
                        "Rows Removed by Index Recheck": 0,
                        "Exact Heap Blocks": 15007,
                        "Lossy Heap Blocks": 0,
                        "Plans": [
                          {
                            "Node Type": "Bitmap Index Scan",
                            "Parent Relationship": "Outer",
                            "Parallel Aware": false,
                            "Index Name": "keyword_id_movie_keyword",
                            "Startup Cost": 0.0,
                            "Total Cost": 11461.15,
                            "Plan Rows": 546762,
                            "Plan Width": 0,
                            "Actual Startup Time": 27.226,
                            "Actual Total Time": 27.227,
                            "Actual Rows": 531689,
                            "Actual Loops": 1,
                            "Index Cond": "(keyword_id > 34352)"
                          }
                        ]
                      },
                      {
                        "Node Type": "Hash",
                        "Parent Relationship": "Inner",
                        "Parallel Aware": true,
                        "Startup Cost": 50870.31,
                        "Total Cost": 50870.31,
                        "Plan Rows": 1487231,
                        "Plan Width": 4,
                        "Actual Startup Time": 606.894,
                        "Actual Total Time": 606.895,
                        "Actual Rows": 1264156,
                        "Actual Loops": 2,
                        "Hash Buckets": 4194304,
                        "Original Hash Buckets": 4194304,
                        "Hash Batches": 1,
                        "Original Hash Batches": 1,
                        "Peak Memory Usage": 131712,
                        "Plans": [
                          {
                            "Node Type": "Seq Scan",
                            "Parent Relationship": "Outer",
                            "Parallel Aware": true,
                            "Relation Name": "title",
                            "Alias": "t",
                            "Startup Cost": 0.0,
                            "Total Cost": 50870.31,
                            "Plan Rows": 1487231,
                            "Plan Width": 4,
                            "Actual Startup Time": 0.02,
                            "Actual Total Time": 175.206,
                            "Actual Rows": 1264156,
                            "Actual Loops": 2
                          }
                        ]
                      }
                    ]
                  },
                  {
                    "Node Type": "Hash",
                    "Parent Relationship": "Inner",
                    "Parallel Aware": true,
                    "Startup Cost": 24330.04,
                    "Total Cost": 24330.04,
                    "Plan Rows": 54459,
                    "Plan Width": 4,
                    "Actual Startup Time": 74.597,
                    "Actual Total Time": 74.599,
                    "Actual Rows": 89024,
                    "Actual Loops": 2,
                    "Hash Buckets": 262144,
                    "Original Hash Buckets": 131072,
                    "Hash Batches": 1,
                    "Original Hash Batches": 1,
                    "Peak Memory Usage": 10080,
                    "Plans": [
                      {
                        "Node Type": "Bitmap Heap Scan",
                        "Parent Relationship": "Outer",
                        "Parallel Aware": true,
                        "Relation Name": "movie_companies",
                        "Alias": "mc",
                        "Startup Cost": 3931.14,
                        "Total Cost": 24330.04,
                        "Plan Rows": 54459,
                        "Plan Width": 4,
                        "Actual Startup Time": 14.94,
                        "Actual Total Time": 46.254,
                        "Actual Rows": 89024,
                        "Actual Loops": 2,
                        "Recheck Cond": "(company_id > 120996)",
                        "Rows Removed by Index Recheck": 0,
                        "Filter": "(company_type_id = 2)",
                        "Rows Removed by Filter": 0,
                        "Exact Heap Blocks": 3105,
                        "Lossy Heap Blocks": 0,
                        "Plans": [
                          {
                            "Node Type": "Bitmap Index Scan",
                            "Parent Relationship": "Outer",
                            "Parallel Aware": false,
                            "Index Name": "company_id_movie_companies",
                            "Startup Cost": 0.0,
                            "Total Cost": 3907.99,
                            "Plan Rows": 182342,
                            "Plan Width": 0,
                            "Actual Startup Time": 17.935,
                            "Actual Total Time": 17.935,
                            "Actual Rows": 178049,
                            "Actual Loops": 1,
                            "Index Cond": "(company_id > 120996)"
                          }
                        ]
                      }
                    ]
                  }
                ]
              }
            ]
          }
        ]
      }
    ]
  },
  "Planning Time": 0.767,
  "Triggers": [],
  "Execution Time": 985.445
}