[
  {
    "Plan": {
      "Node Type": "Aggregate",
      "Strategy": "Plain",
      "Partial Mode": "Finalize",
      "Parallel Aware": false,
      "Startup Cost": 23077.22,
      "Total Cost": 23077.23,
      "Plan Rows": 1,
      "Plan Width": 8,
      "Actual Startup Time": 47.305,
      "Actual Total Time": 50.095,
      "Actual Rows": 1,
      "Actual Loops": 1,
      "Plans": [
        {
          "Node Type": "Gather",
          "Parent Relationship": "Outer",
          "Parallel Aware": false,
          "Startup Cost": 23076.9,
          "Total Cost": 23077.21,
          "Plan Rows": 3,
          "Plan Width": 8,
          "Actual Startup Time": 47.043,
          "Actual Total Time": 50.082,
          "Actual Rows": 4,
          "Actual Loops": 1,
          "Workers Planned": 3,
          "Workers Launched": 3,
          "Single Copy": false,
          "Plans": [
            {
              "Node Type": "Aggregate",
              "Strategy": "Plain",
              "Partial Mode": "Partial",
              "Parent Relationship": "Outer",
              "Parallel Aware": false,
              "Startup Cost": 22076.9,
              "Total Cost": 22076.91,
              "Plan Rows": 1,
              "Plan Width": 8,
              "Actual Startup Time": 39.522,
              "Actual Total Time": 39.524,
              "Actual Rows": 1,
              "Actual Loops": 4,
              "Plans": [
                {
                  "Node Type": "Bitmap Heap Scan",
                  "Parent Relationship": "Outer",
                  "Parallel Aware": true,
                  "Relation Name": "movie_companies",
                  "Alias": "mc",
                  "Startup Cost": 2643.33,
                  "Total Cost": 22026.38,
                  "Plan Rows": 20206,
                  "Plan Width": 0,
                  "Actual Startup Time": 12.812,
                  "Actual Total Time": 36.594,
                  "Actual Rows": 30006,
                  "Actual Loops": 4,
                  "Recheck Cond": "(company_id > 146311)",
                  "Rows Removed by Index Recheck": 0,
                  "Filter": "(company_type_id = 2)",
                  "Rows Removed by Filter": 0,
                  "Exact Heap Blocks": 1547,
                  "Lossy Heap Blocks": 0,
                  "Plans": [
                    {
                      "Node Type": "Bitmap Index Scan",
                      "Parent Relationship": "Outer",
                      "Parallel Aware": false,
                      "Index Name": "company_id_movie_companies",
                      "Startup Cost": 0.0,
                      "Total Cost": 2627.67,
                      "Plan Rows": 122565,
                      "Plan Width": 0,
                      "Actual Startup Time": 17.925,
                      "Actual Total Time": 17.926,
                      "Actual Rows": 120026,
                      "Actual Loops": 1,
                      "Index Cond": "(company_id > 146311)"
                    }
                  ]
                }
              ]
            }
          ]
        }
      ]
    },
    "Planning Time": 0.266,
    "Triggers": [],
    "Execution Time": 50.178
  }
]