[
  {
    "Plan": {
      "Node Type": "Aggregate",
      "Strategy": "Plain",
      "Partial Mode": "Finalize",
      "Parallel Aware": false,
      "Startup Cost": 23131.37,
      "Total Cost": 23131.38,
      "Plan Rows": 1,
      "Plan Width": 8,
      "Actual Startup Time": 46.225,
      "Actual Total Time": 50.385,
      "Actual Rows": 1,
      "Actual Loops": 1,
      "Plans": [
        {
          "Node Type": "Gather",
          "Parent Relationship": "Outer",
          "Parallel Aware": false,
          "Startup Cost": 23131.06,
          "Total Cost": 23131.37,
          "Plan Rows": 3,
          "Plan Width": 8,
          "Actual Startup Time": 45.89,
          "Actual Total Time": 50.378,
          "Actual Rows": 4,
          "Actual Loops": 1,
          "Workers Planned": 3,
          "Workers Launched": 3,
          "Single Copy": false,
          "Plans": [
            {
              "Node Type": "Aggregate",
              "Strategy": "Plain",
              "Partial Mode": "Partial",
              "Parent Relationship": "Outer",
              "Parallel Aware": false,
              "Startup Cost": 22131.06,
              "Total Cost": 22131.07,
              "Plan Rows": 1,
              "Plan Width": 8,
              "Actual Startup Time": 38.645,
              "Actual Total Time": 38.648,
              "Actual Rows": 1,
              "Actual Loops": 4,
              "Plans": [
                {
                  "Node Type": "Bitmap Heap Scan",
                  "Parent Relationship": "Outer",
                  "Parallel Aware": true,
                  "Relation Name": "movie_companies",
                  "Alias": "mc",
                  "Startup Cost": 2686.97,
                  "Total Cost": 22080.02,
                  "Plan Rows": 20413,
                  "Plan Width": 0,
                  "Actual Startup Time": 11.843,
                  "Actual Total Time": 35.696,
                  "Actual Rows": 30006,
                  "Actual Loops": 4,
                  "Recheck Cond": "(company_id > 146311)",
                  "Rows Removed by Index Recheck": 0,
                  "Filter": "(company_type_id = 2)",
                  "Rows Removed by Filter": 0,
                  "Exact Heap Blocks": 1925,
                  "Lossy Heap Blocks": 0,
                  "Plans": [
                    {
                      "Node Type": "Bitmap Index Scan",
                      "Parent Relationship": "Outer",
                      "Parallel Aware": false,
                      "Index Name": "company_id_movie_companies",
                      "Startup Cost": 0.0,
                      "Total Cost": 2671.15,
                      "Plan Rows": 124630,
                      "Plan Width": 0,
                      "Actual Startup Time": 16.862,
                      "Actual Total Time": 16.862,
                      "Actual Rows": 120026,
                      "Actual Loops": 1,
                      "Index Cond": "(company_id > 146311)"
                    }
                  ]
                }
              ]
            }
          ]
        }
      ]
    },
    "Planning Time": 0.231,
    "Triggers": [],
    "Execution Time": 50.462
  }
]