[
    {
        "Bao": {
            "Bao prediction": "NaN",
            "Bao recommended hint": "(no hint)"
        }
    },
    {
        "Plan": {
            "Node Type": "Aggregate",
            "Strategy": "Plain",
            "Partial Mode": "Finalize",
            "Parallel Aware": false,
            "Startup Cost": 32831.93,
            "Total Cost": 32831.94,
            "Plan Rows": 1,
            "Plan Width": 8,
            "Actual Startup Time": 91.424,
            "Actual Total Time": 98.941,
            "Actual Rows": 1,
            "Actual Loops": 1,
            "Output": [
                "count(*)"
            ],
            "Plans": [
                {
                    "Node Type": "Gather",
                    "Parent Relationship": "Outer",
                    "Parallel Aware": false,
                    "Startup Cost": 32831.62,
                    "Total Cost": 32831.93,
                    "Plan Rows": 3,
                    "Plan Width": 8,
                    "Actual Startup Time": 91.204,
                    "Actual Total Time": 98.934,
                    "Actual Rows": 4,
                    "Actual Loops": 1,
                    "Output": [
                        "(PARTIAL count(*))"
                    ],
                    "Workers Planned": 3,
                    "Workers Launched": 3,
                    "Single Copy": false,
                    "Plans": [
                        {
                            "Node Type": "Aggregate",
                            "Strategy": "Plain",
                            "Partial Mode": "Partial",
                            "Parent Relationship": "Outer",
                            "Parallel Aware": false,
                            "Startup Cost": 31831.62,
                            "Total Cost": 31831.63,
                            "Plan Rows": 1,
                            "Plan Width": 8,
                            "Actual Startup Time": 82.8,
                            "Actual Total Time": 82.801,
                            "Actual Rows": 1,
                            "Actual Loops": 4,
                            "Output": [
                                "PARTIAL count(*)"
                            ],
                            "Workers": [
                                {
                                    "Worker Number": 0,
                                    "Actual Startup Time": 79.759,
                                    "Actual Total Time": 79.76,
                                    "Actual Rows": 1,
                                    "Actual Loops": 1
                                },
                                {
                                    "Worker Number": 1,
                                    "Actual Startup Time": 80.036,
                                    "Actual Total Time": 80.038,
                                    "Actual Rows": 1,
                                    "Actual Loops": 1
                                },
                                {
                                    "Worker Number": 2,
                                    "Actual Startup Time": 80.473,
                                    "Actual Total Time": 80.475,
                                    "Actual Rows": 1,
                                    "Actual Loops": 1
                                }
                            ],
                            "Plans": [
                                {
                                    "Node Type": "Bitmap Heap Scan",
                                    "Parent Relationship": "Outer",
                                    "Parallel Aware": true,
                                    "Relation Name": "movie_keyword",
                                    "Schema": "public",
                                    "Alias": "mk",
                                    "Startup Cost": 6007.27,
                                    "Total Cost": 31603.23,
                                    "Plan Rows": 91356,
                                    "Plan Width": 0,
                                    "Actual Startup Time": 17.427,
                                    "Actual Total Time": 78.402,
                                    "Actual Rows": 70657,
                                    "Actual Loops": 4,
                                    "Recheck Cond": "(mk.keyword_id < 234)",
                                    "Rows Removed by Index Recheck": 0,
                                    "Exact Heap Blocks": 12242,
                                    "Lossy Heap Blocks": 0,
                                    "Workers": [
                                        {
                                            "Worker Number": 0,
                                            "Actual Startup Time": 14.54,
                                            "Actual Total Time": 75.92,
                                            "Actual Rows": 45255,
                                            "Actual Loops": 1
                                        },
                                        {
                                            "Worker Number": 1,
                                            "Actual Startup Time": 14.636,
                                            "Actual Total Time": 76.223,
                                            "Actual Rows": 43021,
                                            "Actual Loops": 1
                                        },
                                        {
                                            "Worker Number": 2,
                                            "Actual Startup Time": 15.221,
                                            "Actual Total Time": 76.681,
                                            "Actual Rows": 45247,
                                            "Actual Loops": 1
                                        }
                                    ],
                                    "Plans": [
                                        {
                                            "Node Type": "Bitmap Index Scan",
                                            "Parent Relationship": "Outer",
                                            "Parallel Aware": false,
                                            "Index Name": "keyword_id_movie_keyword",
                                            "Startup Cost": 0.0,
                                            "Total Cost": 5936.47,
                                            "Plan Rows": 283205,
                                            "Plan Width": 0,
                                            "Actual Startup Time": 21.298,
                                            "Actual Total Time": 21.299,
                                            "Actual Rows": 282628,
                                            "Actual Loops": 1,
                                            "Index Cond": "(mk.keyword_id < 234)"
                                        }
                                    ]
                                }
                            ]
                        }
                    ]
                }
            ]
        },
        "Planning Time": 189.074,
        "Triggers": [],
        "Execution Time": 98.998
    }
]