[
  {
    "Plan": {
      "Node Type": "Aggregate",
      "Strategy": "Plain",
      "Partial Mode": "Finalize",
      "Parallel Aware": false,
      "Startup Cost": 102062.0,
      "Total Cost": 102062.01,
      "Plan Rows": 1,
      "Plan Width": 8,
      "Actual Startup Time": 130.834,
      "Actual Total Time": 149.887,
      "Actual Rows": 1,
      "Actual Loops": 1,
      "Plans": [
        {
          "Node Type": "Gather",
          "Parent Relationship": "Outer",
          "Parallel Aware": false,
          "Startup Cost": 102061.58,
          "Total Cost": 102061.99,
          "Plan Rows": 4,
          "Plan Width": 8,
          "Actual Startup Time": 130.738,
          "Actual Total Time": 149.881,
          "Actual Rows": 5,
          "Actual Loops": 1,
          "Workers Planned": 4,
          "Workers Launched": 4,
          "Single Copy": false,
          "Plans": [
            {
              "Node Type": "Aggregate",
              "Strategy": "Plain",
              "Partial Mode": "Partial",
              "Parent Relationship": "Outer",
              "Parallel Aware": false,
              "Startup Cost": 101061.58,
              "Total Cost": 101061.59,
              "Plan Rows": 1,
              "Plan Width": 8,
              "Actual Startup Time": 121.099,
              "Actual Total Time": 121.1,
              "Actual Rows": 1,
              "Actual Loops": 5,
              "Plans": [
                {
                  "Node Type": "Nested Loop",
                  "Parent Relationship": "Outer",
                  "Parallel Aware": false,
                  "Join Type": "Inner",
                  "Startup Cost": 0.43,
                  "Total Cost": 101058.18,
                  "Plan Rows": 1362,
                  "Plan Width": 0,
                  "Actual Startup Time": 62.245,
                  "Actual Total Time": 120.374,
                  "Actual Rows": 8927,
                  "Actual Loops": 5,
                  "Inner Unique": false,
                  "Plans": [
                    {
                      "Node Type": "Seq Scan",
                      "Parent Relationship": "Outer",
                      "Parallel Aware": true,
                      "Relation Name": "title",
                      "Alias": "t",
                      "Startup Cost": 0.0,
                      "Total Cost": 45479.1,
                      "Plan Rows": 388,
                      "Plan Width": 4,
                      "Actual Startup Time": 62.039,
                      "Actual Total Time": 86.694,
                      "Actual Rows": 919,
                      "Actual Loops": 5,
                      "Filter": "((kind_id < 7) AND (production_year = 1910))",
                      "Rows Removed by Filter": 504743
                    },
                    {
                      "Node Type": "Index Scan",
                      "Parent Relationship": "Inner",
                      "Parallel Aware": false,
                      "Scan Direction": "Forward",
                      "Index Name": "movie_id_movie_info",
                      "Relation Name": "movie_info",
                      "Alias": "mi",
                      "Startup Cost": 0.43,
                      "Total Cost": 143.0,
                      "Plan Rows": 25,
                      "Plan Width": 4,
                      "Actual Startup Time": 0.015,
                      "Actual Total Time": 0.035,
                      "Actual Rows": 10,
                      "Actual Loops": 4597,
                      "Index Cond": "(movie_id = t.id)",
                      "Rows Removed by Index Recheck": 0,
                      "Filter": "(info_type_id < 15)",
                      "Rows Removed by Filter": 2
                    }
                  ]
                }
              ]
            }
          ]
        }
      ]
    },
    "Planning Time": 0.61,
    "Triggers": [],
    "Execution Time": 149.955
  }
]