{
  "Plan": {
    "Node Type": "Aggregate",
    "Strategy": "Plain",
    "Partial Mode": "Finalize",
    "Parallel Aware": false,
    "Startup Cost": 101450.2,
    "Total Cost": 101450.21,
    "Plan Rows": 1,
    "Plan Width": 8,
    "Actual Startup Time": 593.738,
    "Actual Total Time": 604.67,
    "Actual Rows": 1,
    "Actual Loops": 1,
    "Plans": [
      {
        "Node Type": "Gather",
        "Parent Relationship": "Outer",
        "Parallel Aware": false,
        "Startup Cost": 101450.09,
        "Total Cost": 101450.2,
        "Plan Rows": 1,
        "Plan Width": 8,
        "Actual Startup Time": 592.546,
        "Actual Total Time": 604.663,
        "Actual Rows": 2,
        "Actual Loops": 1,
        "Workers Planned": 1,
        "Workers Launched": 1,
        "Single Copy": false,
        "Plans": [
          {
            "Node Type": "Aggregate",
            "Strategy": "Plain",
            "Partial Mode": "Partial",
            "Parent Relationship": "Outer",
            "Parallel Aware": false,
            "Startup Cost": 100450.09,
            "Total Cost": 100450.1,
            "Plan Rows": 1,
            "Plan Width": 8,
            "Actual Startup Time": 586.319,
            "Actual Total Time": 586.323,
            "Actual Rows": 1,
            "Actual Loops": 2,
            "Plans": [
              {
                "Node Type": "Hash Join",
                "Parent Relationship": "Outer",
                "Parallel Aware": true,
                "Join Type": "Inner",
                "Startup Cost": 38814.49,
                "Total Cost": 100011.64,
                "Plan Rows": 175379,
                "Plan Width": 0,
                "Actual Startup Time": 170.975,
                "Actual Total Time": 573.708,
                "Actual Rows": 298555,
                "Actual Loops": 2,
                "Inner Unique": false,
                "Hash Cond": "(t.id = mc.movie_id)",
                "Plans": [
                  {
                    "Node Type": "Seq Scan",
                    "Parent Relationship": "Outer",
                    "Parallel Aware": true,
                    "Relation Name": "title",
                    "Alias": "t",
                    "Startup Cost": 0.0,
                    "Total Cost": 50870.31,
                    "Plan Rows": 1487231,
                    "Plan Width": 4,
                    "Actual Startup Time": 0.01,
                    "Actual Total Time": 113.46,
                    "Actual Rows": 1264156,
                    "Actual Loops": 2
                  },
                  {
                    "Node Type": "Hash",
                    "Parent Relationship": "Inner",
                    "Parallel Aware": true,
                    "Startup Cost": 36622.26,
                    "Total Cost": 36622.26,
                    "Plan Rows": 175379,
                    "Plan Width": 4,
                    "Actual Startup Time": 165.263,
                    "Actual Total Time": 165.264,
                    "Actual Rows": 298555,
                    "Actual Loops": 2,
                    "Hash Buckets": 1048576,
                    "Original Hash Buckets": 524288,
                    "Hash Batches": 1,
                    "Original Hash Batches": 1,
                    "Peak Memory Usage": 35680,
                    "Plans": [
                      {
                        "Node Type": "Bitmap Heap Scan",
                        "Parent Relationship": "Outer",
                        "Parallel Aware": true,
                        "Relation Name": "movie_companies",
                        "Alias": "mc",
                        "Startup Cost": 12651.02,
                        "Total Cost": 36622.26,
                        "Plan Rows": 175379,
                        "Plan Width": 4,
                        "Actual Startup Time": 38.938,
                        "Actual Total Time": 95.194,
                        "Actual Rows": 298555,
                        "Actual Loops": 2,
                        "Recheck Cond": "(company_id > 67499)",
                        "Rows Removed by Index Recheck": 0,
                        "Filter": "(company_type_id > 1)",
                        "Rows Removed by Filter": 1838,
                        "Exact Heap Blocks": 5017,
                        "Lossy Heap Blocks": 0,
                        "Plans": [
                          {
                            "Node Type": "Bitmap Index Scan",
                            "Parent Relationship": "Outer",
                            "Parallel Aware": false,
                            "Index Name": "company_id_movie_companies",
                            "Startup Cost": 0.0,
                            "Total Cost": 12576.48,
                            "Plan Rows": 587207,
                            "Plan Width": 0,
                            "Actual Startup Time": 36.252,
                            "Actual Total Time": 36.252,
                            "Actual Rows": 600785,
                            "Actual Loops": 1,
                            "Index Cond": "(company_id > 67499)"
                          }
                        ]
                      }
                    ]
                  }
                ]
              }
            ]
          }
        ]
      }
    ]
  },
  "Planning Time": 0.703,
  "Triggers": [],
  "Execution Time": 604.762
}