{
    "Plan": {
        "Node Type": "Aggregate",
        "Strategy": "Plain",
        "Partial Mode": "Simple",
        "Parallel Aware": false,
        "Startup Cost": 100001392029.1,
        "Total Cost": 100001392029.11,
        "Plan Rows": 1,
        "Plan Width": 64,
        "Actual Startup Time": 7763.716,
        "Actual Total Time": 7763.726,
        "Actual Rows": 1,
        "Actual Loops": 1,
        "Output": [
            "min(n.name)",
            "min(t.title)"
        ],
        "Plans": [
            {
                "Node Type": "Nested Loop",
                "Parent Relationship": "Outer",
                "Parallel Aware": false,
                "Join Type": "Inner",
                "Startup Cost": 100000000004.8,
                "Total Cost": 100001392029.1,
                "Plan Rows": 1,
                "Plan Width": 32,
                "Actual Startup Time": 7.11,
                "Actual Total Time": 7763.716,
                "Actual Rows": 1,
                "Actual Loops": 1,
                "Output": [
                    "n.name",
                    "t.title"
                ],
                "Inner Unique": true,
                "Plans": [
                    {
                        "Node Type": "Nested Loop",
                        "Parent Relationship": "Outer",
                        "Parallel Aware": false,
                        "Join Type": "Inner",
                        "Startup Cost": 90000000004.67,
                        "Total Cost": 90001392020.93,
                        "Plan Rows": 1,
                        "Plan Width": 36,
                        "Actual Startup Time": 7.102,
                        "Actual Total Time": 7763.701,
                        "Actual Rows": 2,
                        "Actual Loops": 1,
                        "Output": [
                            "cc.subject_id",
                            "n.name",
                            "t.title"
                        ],
                        "Inner Unique": true,
                        "Plans": [
                            {
                                "Node Type": "Nested Loop",
                                "Parent Relationship": "Outer",
                                "Parallel Aware": false,
                                "Join Type": "Inner",
                                "Startup Cost": 80000000004.23,
                                "Total Cost": 80001392016.48,
                                "Plan Rows": 1,
                                "Plan Width": 25,
                                "Actual Startup Time": 7.029,
                                "Actual Total Time": 7763.611,
                                "Actual Rows": 2,
                                "Actual Loops": 1,
                                "Output": [
                                    "cc.subject_id",
                                    "ci.person_id",
                                    "t.title"
                                ],
                                "Inner Unique": true,
                                "Plans": [
                                    {
                                        "Node Type": "Nested Loop",
                                        "Parent Relationship": "Outer",
                                        "Parallel Aware": false,
                                        "Join Type": "Inner",
                                        "Startup Cost": 70000000003.8,
                                        "Total Cost": 70001391748.55,
                                        "Plan Rows": 60,
                                        "Plan Width": 29,
                                        "Actual Startup Time": 6.975,
                                        "Actual Total Time": 7760.891,
                                        "Actual Rows": 248,
                                        "Actual Loops": 1,
                                        "Output": [
                                            "cc.subject_id",
                                            "ci.person_id",
                                            "mk.keyword_id",
                                            "t.title"
                                        ],
                                        "Inner Unique": false,
                                        "Join Filter": "(t.id = mk.movie_id)",
                                        "Rows Removed by Join Filter": 0,
                                        "Plans": [
                                            {
                                                "Node Type": "Nested Loop",
                                                "Parent Relationship": "Outer",
                                                "Parallel Aware": false,
                                                "Join Type": "Inner",
                                                "Startup Cost": 60000000003.01,
                                                "Total Cost": 60001391677.26,
                                                "Plan Rows": 12,
                                                "Plan Width": 37,
                                                "Actual Startup Time": 6.905,
                                                "Actual Total Time": 7760.554,
                                                "Actual Rows": 5,
                                                "Actual Loops": 1,
                                                "Output": [
                                                    "cc.movie_id",
                                                    "cc.subject_id",
                                                    "ci.movie_id",
                                                    "ci.person_id",
                                                    "t.title",
                                                    "t.id"
                                                ],
                                                "Inner Unique": true,
                                                "Plans": [
                                                    {
                                                        "Node Type": "Nested Loop",
                                                        "Parent Relationship": "Outer",
                                                        "Parallel Aware": false,
                                                        "Join Type": "Inner",
                                                        "Startup Cost": 50000000002.57,
                                                        "Total Cost": 50000838420.44,
                                                        "Plan Rows": 124216,
                                                        "Plan Width": 41,
                                                        "Actual Startup Time": 0.422,
                                                        "Actual Total Time": 3780.806,
                                                        "Actual Rows": 964993,
                                                        "Actual Loops": 1,
                                                        "Output": [
                                                            "cc.movie_id",
                                                            "cc.subject_id",
                                                            "ci.movie_id",
                                                            "ci.person_role_id",
                                                            "ci.person_id",
                                                            "t.title",
                                                            "t.id"
                                                        ],
                                                        "Inner Unique": false,
                                                        "Plans": [
                                                            {
                                                                "Node Type": "Nested Loop",
                                                                "Parent Relationship": "Outer",
                                                                "Parallel Aware": false,
                                                                "Join Type": "Inner",
                                                                "Startup Cost": 40000000001.4,
                                                                "Total Cost": 40000818952.59,
                                                                "Plan Rows": 3233,
                                                                "Plan Width": 29,
                                                                "Actual Startup Time": 0.285,
                                                                "Actual Total Time": 1544.045,
                                                                "Actual Rows": 13159,
                                                                "Actual Loops": 1,
                                                                "Output": [
                                                                    "cc.movie_id",
                                                                    "cc.subject_id",
                                                                    "t.title",
                                                                    "t.id"
                                                                ],
                                                                "Inner Unique": true,
                                                                "Plans": [
                                                                    {
                                                                        "Node Type": "Nested Loop",
                                                                        "Parent Relationship": "Outer",
                                                                        "Parallel Aware": false,
                                                                        "Join Type": "Inner",
                                                                        "Startup Cost": 30000000001.26,
                                                                        "Total Cost": 30000724870.22,
                                                                        "Plan Rows": 22634,
                                                                        "Plan Width": 33,
                                                                        "Actual Startup Time": 0.262,
                                                                        "Actual Total Time": 1331.348,
                                                                        "Actual Rows": 57459,
                                                                        "Actual Loops": 1,
                                                                        "Output": [
                                                                            "cc.movie_id",
                                                                            "cc.subject_id",
                                                                            "t.title",
                                                                            "t.kind_id",
                                                                            "t.id"
                                                                        ],
                                                                        "Inner Unique": true,
                                                                        "Plans": [
                                                                            {
                                                                                "Node Type": "Nested Loop",
                                                                                "Parent Relationship": "Outer",
                                                                                "Parallel Aware": false,
                                                                                "Join Type": "Inner",
                                                                                "Startup Cost": 20000000000.56,
                                                                                "Total Cost": 20000565488.82,
                                                                                "Plan Rows": 33772,
                                                                                "Plan Width": 8,
                                                                                "Actual Startup Time": 0.092,
                                                                                "Actual Total Time": 550.519,
                                                                                "Actual Rows": 135086,
                                                                                "Actual Loops": 1,
                                                                                "Output": [
                                                                                    "cc.movie_id",
                                                                                    "cc.subject_id"
                                                                                ],
                                                                                "Inner Unique": true,
                                                                                "Plans": [
                                                                                    {
                                                                                        "Node Type": "Index Scan",
                                                                                        "Parent Relationship": "Outer",
                                                                                        "Parallel Aware": false,
                                                                                        "Scan Direction": "Forward",
                                                                                        "Index Name": "subject_id_complete_cast",
                                                                                        "Relation Name": "complete_cast",
                                                                                        "Schema": "public",
                                                                                        "Alias": "cc",
                                                                                        "Startup Cost": 10000000000.42,
                                                                                        "Total Cost": 10000004164.71,
                                                                                        "Plan Rows": 135086,
                                                                                        "Plan Width": 12,
                                                                                        "Actual Startup Time": 0.067,
                                                                                        "Actual Total Time": 43.69,
                                                                                        "Actual Rows": 135086,
                                                                                        "Actual Loops": 1,
                                                                                        "Output": [
                                                                                            "cc.id",
                                                                                            "cc.movie_id",
                                                                                            "cc.subject_id",
                                                                                            "cc.status_id"
                                                                                        ]
                                                                                    },
                                                                                    {
                                                                                        "Node Type": "Bitmap Heap Scan",
                                                                                        "Parent Relationship": "Inner",
                                                                                        "Parallel Aware": false,
                                                                                        "Relation Name": "comp_cast_type",
                                                                                        "Schema": "public",
                                                                                        "Alias": "cct2",
                                                                                        "Startup Cost": 0.14,
                                                                                        "Total Cost": 4.15,
                                                                                        "Plan Rows": 1,
                                                                                        "Plan Width": 4,
                                                                                        "Actual Startup Time": 0.002,
                                                                                        "Actual Total Time": 0.002,
                                                                                        "Actual Rows": 1,
                                                                                        "Actual Loops": 135086,
                                                                                        "Output": [
                                                                                            "cct2.id",
                                                                                            "cct2.kind"
                                                                                        ],
                                                                                        "Recheck Cond": "(cct2.id = cc.status_id)",
                                                                                        "Rows Removed by Index Recheck": 0,
                                                                                        "Filter": "((cct2.kind)::text ~~ '%complete%'::text)",
                                                                                        "Rows Removed by Filter": 0,
                                                                                        "Exact Heap Blocks": 135086,
                                                                                        "Lossy Heap Blocks": 0,
                                                                                        "Plans": [
                                                                                            {
                                                                                                "Node Type": "Bitmap Index Scan",
                                                                                                "Parent Relationship": "Outer",
                                                                                                "Parallel Aware": false,
                                                                                                "Index Name": "comp_cast_type_pkey",
                                                                                                "Startup Cost": 0.0,
                                                                                                "Total Cost": 0.14,
                                                                                                "Plan Rows": 1,
                                                                                                "Plan Width": 0,
                                                                                                "Actual Startup Time": 0.001,
                                                                                                "Actual Total Time": 0.001,
                                                                                                "Actual Rows": 1,
                                                                                                "Actual Loops": 135086,
                                                                                                "Index Cond": "(cct2.id = cc.status_id)"
                                                                                            }
                                                                                        ]
                                                                                    }
                                                                                ]
                                                                            },
                                                                            {
                                                                                "Node Type": "Bitmap Heap Scan",
                                                                                "Parent Relationship": "Inner",
                                                                                "Parallel Aware": false,
                                                                                "Relation Name": "title",
                                                                                "Schema": "public",
                                                                                "Alias": "t",
                                                                                "Startup Cost": 0.7,
                                                                                "Total Cost": 4.72,
                                                                                "Plan Rows": 1,
                                                                                "Plan Width": 25,
                                                                                "Actual Startup Time": 0.004,
                                                                                "Actual Total Time": 0.004,
                                                                                "Actual Rows": 0,
                                                                                "Actual Loops": 135086,
                                                                                "Output": [
                                                                                    "t.id",
                                                                                    "t.title",
                                                                                    "t.imdb_index",
                                                                                    "t.kind_id",
                                                                                    "t.production_year",
                                                                                    "t.imdb_id",
                                                                                    "t.phonetic_code",
                                                                                    "t.episode_of_id",
                                                                                    "t.season_nr",
                                                                                    "t.episode_nr",
                                                                                    "t.series_years",
                                                                                    "t.md5sum"
                                                                                ],
                                                                                "Recheck Cond": "(t.id = cc.movie_id)",
                                                                                "Rows Removed by Index Recheck": 0,
                                                                                "Filter": "(t.production_year > 1992)",
                                                                                "Rows Removed by Filter": 1,
                                                                                "Exact Heap Blocks": 135086,
                                                                                "Lossy Heap Blocks": 0,
                                                                                "Plans": [
                                                                                    {
                                                                                        "Node Type": "Bitmap Index Scan",
                                                                                        "Parent Relationship": "Outer",
                                                                                        "Parallel Aware": false,
                                                                                        "Index Name": "title_pkey",
                                                                                        "Startup Cost": 0.0,
                                                                                        "Total Cost": 0.7,
                                                                                        "Plan Rows": 1,
                                                                                        "Plan Width": 0,
                                                                                        "Actual Startup Time": 0.002,
                                                                                        "Actual Total Time": 0.002,
                                                                                        "Actual Rows": 1,
                                                                                        "Actual Loops": 135086,
                                                                                        "Index Cond": "(t.id = cc.movie_id)"
                                                                                    }
                                                                                ]
                                                                            }
                                                                        ]
                                                                    },
                                                                    {
                                                                        "Node Type": "Bitmap Heap Scan",
                                                                        "Parent Relationship": "Inner",
                                                                        "Parallel Aware": false,
                                                                        "Relation Name": "kind_type",
                                                                        "Schema": "public",
                                                                        "Alias": "kt",
                                                                        "Startup Cost": 0.14,
                                                                        "Total Cost": 4.16,
                                                                        "Plan Rows": 1,
                                                                        "Plan Width": 4,
                                                                        "Actual Startup Time": 0.002,
                                                                        "Actual Total Time": 0.002,
                                                                        "Actual Rows": 0,
                                                                        "Actual Loops": 57459,
                                                                        "Output": [
                                                                            "kt.id",
                                                                            "kt.kind"
                                                                        ],
                                                                        "Recheck Cond": "(kt.id = t.kind_id)",
                                                                        "Rows Removed by Index Recheck": 0,
                                                                        "Filter": "((kt.kind)::text = 'movie'::text)",
                                                                        "Rows Removed by Filter": 1,
                                                                        "Exact Heap Blocks": 57459,
                                                                        "Lossy Heap Blocks": 0,
                                                                        "Plans": [
                                                                            {
                                                                                "Node Type": "Bitmap Index Scan",
                                                                                "Parent Relationship": "Outer",
                                                                                "Parallel Aware": false,
                                                                                "Index Name": "kind_type_pkey",
                                                                                "Startup Cost": 0.0,
                                                                                "Total Cost": 0.14,
                                                                                "Plan Rows": 1,
                                                                                "Plan Width": 0,
                                                                                "Actual Startup Time": 0.001,
                                                                                "Actual Total Time": 0.001,
                                                                                "Actual Rows": 1,
                                                                                "Actual Loops": 57459,
                                                                                "Index Cond": "(kt.id = t.kind_id)"
                                                                            }
                                                                        ]
                                                                    }
                                                                ]
                                                            },
                                                            {
                                                                "Node Type": "Bitmap Heap Scan",
                                                                "Parent Relationship": "Inner",
                                                                "Parallel Aware": false,
                                                                "Relation Name": "cast_info",
                                                                "Schema": "public",
                                                                "Alias": "ci",
                                                                "Startup Cost": 1.17,
                                                                "Total Cost": 5.64,
                                                                "Plan Rows": 38,
                                                                "Plan Width": 12,
                                                                "Actual Startup Time": 0.02,
                                                                "Actual Total Time": 0.156,
                                                                "Actual Rows": 73,
                                                                "Actual Loops": 13159,
                                                                "Output": [
                                                                    "ci.id",
                                                                    "ci.person_id",
                                                                    "ci.movie_id",
                                                                    "ci.person_role_id",
                                                                    "ci.note",
                                                                    "ci.nr_order",
                                                                    "ci.role_id"
                                                                ],
                                                                "Recheck Cond": "(ci.movie_id = t.id)",
                                                                "Rows Removed by Index Recheck": 0,
                                                                "Exact Heap Blocks": 938424,
                                                                "Lossy Heap Blocks": 0,
                                                                "Plans": [
                                                                    {
                                                                        "Node Type": "Bitmap Index Scan",
                                                                        "Parent Relationship": "Outer",
                                                                        "Parallel Aware": false,
                                                                        "Index Name": "movie_id_cast_info",
                                                                        "Startup Cost": 0.0,
                                                                        "Total Cost": 1.16,
                                                                        "Plan Rows": 38,
                                                                        "Plan Width": 0,
                                                                        "Actual Startup Time": 0.012,
                                                                        "Actual Total Time": 0.012,
                                                                        "Actual Rows": 73,
                                                                        "Actual Loops": 13159,
                                                                        "Index Cond": "(ci.movie_id = t.id)"
                                                                    }
                                                                ]
                                                            }
                                                        ]
                                                    },
                                                    {
                                                        "Node Type": "Bitmap Heap Scan",
                                                        "Parent Relationship": "Inner",
                                                        "Parallel Aware": false,
                                                        "Relation Name": "char_name",
                                                        "Schema": "public",
                                                        "Alias": "chn",
                                                        "Startup Cost": 0.44,
                                                        "Total Cost": 4.45,
                                                        "Plan Rows": 1,
                                                        "Plan Width": 4,
                                                        "Actual Startup Time": 0.003,
                                                        "Actual Total Time": 0.003,
                                                        "Actual Rows": 0,
                                                        "Actual Loops": 964993,
                                                        "Output": [
                                                            "chn.id",
                                                            "chn.name",
                                                            "chn.imdb_index",
                                                            "chn.imdb_id",
                                                            "chn.name_pcode_nf",
                                                            "chn.surname_pcode",
                                                            "chn.md5sum"
                                                        ],
                                                        "Recheck Cond": "(chn.id = ci.person_role_id)",
                                                        "Rows Removed by Index Recheck": 0,
                                                        "Filter": "((chn.name IS NOT NULL) AND (chn.name ~~ '%Pastoor%'::text))",
                                                        "Rows Removed by Filter": 0,
                                                        "Exact Heap Blocks": 429699,
                                                        "Lossy Heap Blocks": 0,
                                                        "Plans": [
                                                            {
                                                                "Node Type": "Bitmap Index Scan",
                                                                "Parent Relationship": "Outer",
                                                                "Parallel Aware": false,
                                                                "Index Name": "char_name_pkey",
                                                                "Startup Cost": 0.0,
                                                                "Total Cost": 0.44,
                                                                "Plan Rows": 1,
                                                                "Plan Width": 0,
                                                                "Actual Startup Time": 0.002,
                                                                "Actual Total Time": 0.002,
                                                                "Actual Rows": 0,
                                                                "Actual Loops": 964993,
                                                                "Index Cond": "(chn.id = ci.person_role_id)"
                                                            }
                                                        ]
                                                    }
                                                ]
                                            },
                                            {
                                                "Node Type": "Bitmap Heap Scan",
                                                "Parent Relationship": "Inner",
                                                "Parallel Aware": false,
                                                "Relation Name": "movie_keyword",
                                                "Schema": "public",
                                                "Alias": "mk",
                                                "Startup Cost": 0.79,
                                                "Total Cost": 5.37,
                                                "Plan Rows": 46,
                                                "Plan Width": 8,
                                                "Actual Startup Time": 0.038,
                                                "Actual Total Time": 0.049,
                                                "Actual Rows": 50,
                                                "Actual Loops": 5,
                                                "Output": [
                                                    "mk.id",
                                                    "mk.movie_id",
                                                    "mk.keyword_id"
                                                ],
                                                "Recheck Cond": "(mk.movie_id = ci.movie_id)",
                                                "Rows Removed by Index Recheck": 0,
                                                "Exact Heap Blocks": 6,
                                                "Lossy Heap Blocks": 0,
                                                "Plans": [
                                                    {
                                                        "Node Type": "Bitmap Index Scan",
                                                        "Parent Relationship": "Outer",
                                                        "Parallel Aware": false,
                                                        "Index Name": "movie_id_movie_keyword",
                                                        "Startup Cost": 0.0,
                                                        "Total Cost": 0.78,
                                                        "Plan Rows": 46,
                                                        "Plan Width": 0,
                                                        "Actual Startup Time": 0.022,
                                                        "Actual Total Time": 0.022,
                                                        "Actual Rows": 50,
                                                        "Actual Loops": 5,
                                                        "Index Cond": "(mk.movie_id = ci.movie_id)"
                                                    }
                                                ]
                                            }
                                        ]
                                    },
                                    {
                                        "Node Type": "Bitmap Heap Scan",
                                        "Parent Relationship": "Inner",
                                        "Parallel Aware": false,
                                        "Relation Name": "keyword",
                                        "Schema": "public",
                                        "Alias": "k",
                                        "Startup Cost": 0.43,
                                        "Total Cost": 4.45,
                                        "Plan Rows": 1,
                                        "Plan Width": 4,
                                        "Actual Startup Time": 0.009,
                                        "Actual Total Time": 0.009,
                                        "Actual Rows": 0,
                                        "Actual Loops": 248,
                                        "Output": [
                                            "k.id",
                                            "k.keyword",
                                            "k.phonetic_code"
                                        ],
                                        "Recheck Cond": "(k.id = mk.keyword_id)",
                                        "Rows Removed by Index Recheck": 0,
                                        "Filter": "(k.keyword = ANY ('{tv-special,superhero,based-on-comic,fight,sequel,marvel-comics,superhero,second-part,gore,based-on-play}'::text[]))",
                                        "Rows Removed by Filter": 1,
                                        "Exact Heap Blocks": 248,
                                        "Lossy Heap Blocks": 0,
                                        "Plans": [
                                            {
                                                "Node Type": "Bitmap Index Scan",
                                                "Parent Relationship": "Outer",
                                                "Parallel Aware": false,
                                                "Index Name": "keyword_pkey",
                                                "Startup Cost": 0.0,
                                                "Total Cost": 0.43,
                                                "Plan Rows": 1,
                                                "Plan Width": 0,
                                                "Actual Startup Time": 0.005,
                                                "Actual Total Time": 0.005,
                                                "Actual Rows": 1,
                                                "Actual Loops": 248,
                                                "Index Cond": "(k.id = mk.keyword_id)"
                                            }
                                        ]
                                    }
                                ]
                            },
                            {
                                "Node Type": "Bitmap Heap Scan",
                                "Parent Relationship": "Inner",
                                "Parallel Aware": false,
                                "Relation Name": "name",
                                "Schema": "public",
                                "Alias": "n",
                                "Startup Cost": 0.44,
                                "Total Cost": 4.45,
                                "Plan Rows": 1,
                                "Plan Width": 19,
                                "Actual Startup Time": 0.039,
                                "Actual Total Time": 0.039,
                                "Actual Rows": 1,
                                "Actual Loops": 2,
                                "Output": [
                                    "n.id",
                                    "n.name",
                                    "n.imdb_index",
                                    "n.imdb_id",
                                    "n.gender",
                                    "n.name_pcode_cf",
                                    "n.name_pcode_nf",
                                    "n.surname_pcode",
                                    "n.md5sum"
                                ],
                                "Recheck Cond": "(n.id = ci.person_id)",
                                "Rows Removed by Index Recheck": 0,
                                "Exact Heap Blocks": 2,
                                "Lossy Heap Blocks": 0,
                                "Plans": [
                                    {
                                        "Node Type": "Bitmap Index Scan",
                                        "Parent Relationship": "Outer",
                                        "Parallel Aware": false,
                                        "Index Name": "name_pkey",
                                        "Startup Cost": 0.0,
                                        "Total Cost": 0.44,
                                        "Plan Rows": 1,
                                        "Plan Width": 0,
                                        "Actual Startup Time": 0.026,
                                        "Actual Total Time": 0.026,
                                        "Actual Rows": 1,
                                        "Actual Loops": 2,
                                        "Index Cond": "(n.id = ci.person_id)"
                                    }
                                ]
                            }
                        ]
                    },
                    {
                        "Node Type": "Bitmap Heap Scan",
                        "Parent Relationship": "Inner",
                        "Parallel Aware": false,
                        "Relation Name": "comp_cast_type",
                        "Schema": "public",
                        "Alias": "cct1",
                        "Startup Cost": 0.14,
                        "Total Cost": 4.15,
                        "Plan Rows": 1,
                        "Plan Width": 4,
                        "Actual Startup Time": 0.004,
                        "Actual Total Time": 0.004,
                        "Actual Rows": 0,
                        "Actual Loops": 2,
                        "Output": [
                            "cct1.id",
                            "cct1.kind"
                        ],
                        "Recheck Cond": "(cct1.id = cc.subject_id)",
                        "Rows Removed by Index Recheck": 0,
                        "Filter": "((cct1.kind)::text = 'cast'::text)",
                        "Rows Removed by Filter": 0,
                        "Exact Heap Blocks": 2,
                        "Lossy Heap Blocks": 0,
                        "Plans": [
                            {
                                "Node Type": "Bitmap Index Scan",
                                "Parent Relationship": "Outer",
                                "Parallel Aware": false,
                                "Index Name": "comp_cast_type_pkey",
                                "Startup Cost": 0.0,
                                "Total Cost": 0.14,
                                "Plan Rows": 1,
                                "Plan Width": 0,
                                "Actual Startup Time": 0.002,
                                "Actual Total Time": 0.002,
                                "Actual Rows": 1,
                                "Actual Loops": 2,
                                "Index Cond": "(cct1.id = cc.subject_id)"
                            }
                        ]
                    }
                ]
            }
        ]
    },
    "Planning Time": 21.419,
    "Triggers": [],
    "Execution Time": 7764.232
}