{
    "Plan": {
        "Node Type": "Aggregate",
        "Strategy": "Plain",
        "Partial Mode": "Finalize",
        "Parallel Aware": false,
        "Startup Cost": 307251.5,
        "Total Cost": 307251.51,
        "Plan Rows": 1,
        "Plan Width": 8,
        "Actual Startup Time": 242.103,
        "Actual Total Time": 258.768,
        "Actual Rows": 1,
        "Actual Loops": 1,
        "Output": [
            "count(*)"
        ],
        "Plans": [
            {
                "Node Type": "Gather",
                "Parent Relationship": "Outer",
                "Parallel Aware": false,
                "Startup Cost": 307250.88,
                "Total Cost": 307251.49,
                "Plan Rows": 6,
                "Plan Width": 8,
                "Actual Startup Time": 241.272,
                "Actual Total Time": 258.76,
                "Actual Rows": 7,
                "Actual Loops": 1,
                "Output": [
                    "(PARTIAL count(*))"
                ],
                "Workers Planned": 6,
                "Workers Launched": 6,
                "Single Copy": false,
                "Plans": [
                    {
                        "Node Type": "Aggregate",
                        "Strategy": "Plain",
                        "Partial Mode": "Partial",
                        "Parent Relationship": "Outer",
                        "Parallel Aware": false,
                        "Startup Cost": 306250.88,
                        "Total Cost": 306250.89,
                        "Plan Rows": 1,
                        "Plan Width": 8,
                        "Actual Startup Time": 231.41,
                        "Actual Total Time": 231.412,
                        "Actual Rows": 1,
                        "Actual Loops": 7,
                        "Output": [
                            "PARTIAL count(*)"
                        ],
                        "Workers": [
                            {
                                "Worker Number": 0,
                                "Actual Startup Time": 228.182,
                                "Actual Total Time": 228.183,
                                "Actual Rows": 1,
                                "Actual Loops": 1
                            },
                            {
                                "Worker Number": 1,
                                "Actual Startup Time": 228.287,
                                "Actual Total Time": 228.288,
                                "Actual Rows": 1,
                                "Actual Loops": 1
                            },
                            {
                                "Worker Number": 2,
                                "Actual Startup Time": 230.045,
                                "Actual Total Time": 230.047,
                                "Actual Rows": 1,
                                "Actual Loops": 1
                            },
                            {
                                "Worker Number": 3,
                                "Actual Startup Time": 228.738,
                                "Actual Total Time": 228.74,
                                "Actual Rows": 1,
                                "Actual Loops": 1
                            },
                            {
                                "Worker Number": 4,
                                "Actual Startup Time": 229.312,
                                "Actual Total Time": 229.314,
                                "Actual Rows": 1,
                                "Actual Loops": 1
                            },
                            {
                                "Worker Number": 5,
                                "Actual Startup Time": 235.031,
                                "Actual Total Time": 235.033,
                                "Actual Rows": 1,
                                "Actual Loops": 1
                            }
                        ],
                        "Plans": [
                            {
                                "Node Type": "Bitmap Heap Scan",
                                "Parent Relationship": "Outer",
                                "Parallel Aware": true,
                                "Relation Name": "cast_info",
                                "Schema": "public",
                                "Alias": "ci",
                                "Startup Cost": 48115.26,
                                "Total Cost": 305342.77,
                                "Plan Rows": 363241,
                                "Plan Width": 0,
                                "Actual Startup Time": 94.732,
                                "Actual Total Time": 211.997,
                                "Actual Rows": 324193,
                                "Actual Loops": 7,
                                "Recheck Cond": "(ci.person_id > 3618398)",
                                "Rows Removed by Index Recheck": 0,
                                "Exact Heap Blocks": 7176,
                                "Lossy Heap Blocks": 0,
                                "Workers": [
                                    {
                                        "Worker Number": 0,
                                        "Actual Startup Time": 91.86,
                                        "Actual Total Time": 208.329,
                                        "Actual Rows": 284188,
                                        "Actual Loops": 1
                                    },
                                    {
                                        "Worker Number": 1,
                                        "Actual Startup Time": 91.491,
                                        "Actual Total Time": 208.189,
                                        "Actual Rows": 288087,
                                        "Actual Loops": 1
                                    },
                                    {
                                        "Worker Number": 2,
                                        "Actual Startup Time": 93.297,
                                        "Actual Total Time": 210.997,
                                        "Actual Rows": 269921,
                                        "Actual Loops": 1
                                    },
                                    {
                                        "Worker Number": 3,
                                        "Actual Startup Time": 92.342,
                                        "Actual Total Time": 209.357,
                                        "Actual Rows": 280664,
                                        "Actual Loops": 1
                                    },
                                    {
                                        "Worker Number": 4,
                                        "Actual Startup Time": 92.803,
                                        "Actual Total Time": 210.576,
                                        "Actual Rows": 266953,
                                        "Actual Loops": 1
                                    },
                                    {
                                        "Worker Number": 5,
                                        "Actual Startup Time": 98.258,
                                        "Actual Total Time": 216.361,
                                        "Actual Rows": 386162,
                                        "Actual Loops": 1
                                    }
                                ],
                                "Plans": [
                                    {
                                        "Node Type": "Bitmap Index Scan",
                                        "Parent Relationship": "Outer",
                                        "Parallel Aware": false,
                                        "Index Name": "person_id_cast_info",
                                        "Startup Cost": 0.0,
                                        "Total Cost": 47570.4,
                                        "Plan Rows": 2179445,
                                        "Plan Width": 0,
                                        "Actual Startup Time": 97.838,
                                        "Actual Total Time": 97.839,
                                        "Actual Rows": 2269352,
                                        "Actual Loops": 1,
                                        "Index Cond": "(ci.person_id > 3618398)"
                                    }
                                ]
                            }
                        ]
                    }
                ]
            }
        ]
    },
    "Planning Time": 1.904,
    "Triggers": [],
    "Execution Time": 259.041
}