[
  {
    "Plan": {
      "Node Type": "Aggregate",
      "Strategy": "Plain",
      "Partial Mode": "Finalize",
      "Parallel Aware": false,
      "Startup Cost": 46842.66,
      "Total Cost": 46842.67,
      "Plan Rows": 1,
      "Plan Width": 8,
      "Actual Startup Time": 191.243,
      "Actual Total Time": 203.023,
      "Actual Rows": 1,
      "Actual Loops": 1,
      "Plans": [
        {
          "Node Type": "Gather",
          "Parent Relationship": "Outer",
          "Parallel Aware": false,
          "Startup Cost": 46842.34,
          "Total Cost": 46842.65,
          "Plan Rows": 3,
          "Plan Width": 8,
          "Actual Startup Time": 191.094,
          "Actual Total Time": 203.014,
          "Actual Rows": 4,
          "Actual Loops": 1,
          "Workers Planned": 3,
          "Workers Launched": 3,
          "Single Copy": false,
          "Plans": [
            {
              "Node Type": "Aggregate",
              "Strategy": "Plain",
              "Partial Mode": "Partial",
              "Parent Relationship": "Outer",
              "Parallel Aware": false,
              "Startup Cost": 45842.34,
              "Total Cost": 45842.35,
              "Plan Rows": 1,
              "Plan Width": 8,
              "Actual Startup Time": 183.816,
              "Actual Total Time": 183.817,
              "Actual Rows": 1,
              "Actual Loops": 4,
              "Plans": [
                {
                  "Node Type": "Seq Scan",
                  "Parent Relationship": "Outer",
                  "Parallel Aware": true,
                  "Relation Name": "movie_keyword",
                  "Alias": "mk",
                  "Startup Cost": 0.0,
                  "Total Cost": 42695.65,
                  "Plan Rows": 1258674,
                  "Plan Width": 0,
                  "Actual Startup Time": 0.053,
                  "Actual Total Time": 134.626,
                  "Actual Rows": 975993,
                  "Actual Loops": 4,
                  "Filter": "(keyword_id < 29426)",
                  "Rows Removed by Filter": 154989
                }
              ]
            }
          ]
        }
      ]
    },
    "Planning Time": 0.181,
    "Triggers": [],
    "Execution Time": 203.085
  }
]