[
  {
    "Plan": {
      "Node Type": "Aggregate",
      "Strategy": "Plain",
      "Partial Mode": "Finalize",
      "Parallel Aware": false,
      "Startup Cost": 47282.01,
      "Total Cost": 47282.02,
      "Plan Rows": 1,
      "Plan Width": 8,
      "Actual Startup Time": 127.716,
      "Actual Total Time": 140.101,
      "Actual Rows": 1,
      "Actual Loops": 1,
      "Plans": [
        {
          "Node Type": "Gather",
          "Parent Relationship": "Outer",
          "Parallel Aware": false,
          "Startup Cost": 47281.59,
          "Total Cost": 47282.0,
          "Plan Rows": 4,
          "Plan Width": 8,
          "Actual Startup Time": 127.514,
          "Actual Total Time": 140.089,
          "Actual Rows": 5,
          "Actual Loops": 1,
          "Workers Planned": 4,
          "Workers Launched": 4,
          "Single Copy": false,
          "Plans": [
            {
              "Node Type": "Aggregate",
              "Strategy": "Plain",
              "Partial Mode": "Partial",
              "Parent Relationship": "Outer",
              "Parallel Aware": false,
              "Startup Cost": 46281.59,
              "Total Cost": 46281.6,
              "Plan Rows": 1,
              "Plan Width": 8,
              "Actual Startup Time": 117.936,
              "Actual Total Time": 117.937,
              "Actual Rows": 1,
              "Actual Loops": 5,
              "Plans": [
                {
                  "Node Type": "Seq Scan",
                  "Parent Relationship": "Outer",
                  "Parallel Aware": true,
                  "Relation Name": "title",
                  "Alias": "t",
                  "Startup Cost": 0.0,
                  "Total Cost": 45479.59,
                  "Plan Rows": 320803,
                  "Plan Width": 0,
                  "Actual Startup Time": 0.057,
                  "Actual Total Time": 102.147,
                  "Actual Rows": 271531,
                  "Actual Loops": 5,
                  "Filter": "((production_year > 1969) AND (kind_id = 7))",
                  "Rows Removed by Filter": 234132
                }
              ]
            }
          ]
        }
      ]
    },
    "Planning Time": 0.155,
    "Triggers": [],
    "Execution Time": 140.157
  }
]