[
  {
    "Plan": {
      "Node Type": "Aggregate",
      "Strategy": "Plain",
      "Partial Mode": "Finalize",
      "Parallel Aware": false,
      "Startup Cost": 46528.83,
      "Total Cost": 46528.84,
      "Plan Rows": 1,
      "Plan Width": 8,
      "Actual Startup Time": 99.671,
      "Actual Total Time": 110.109,
      "Actual Rows": 1,
      "Actual Loops": 1,
      "Plans": [
        {
          "Node Type": "Gather",
          "Parent Relationship": "Outer",
          "Parallel Aware": false,
          "Startup Cost": 46528.41,
          "Total Cost": 46528.82,
          "Plan Rows": 4,
          "Plan Width": 8,
          "Actual Startup Time": 99.494,
          "Actual Total Time": 110.099,
          "Actual Rows": 5,
          "Actual Loops": 1,
          "Workers Planned": 4,
          "Workers Launched": 4,
          "Single Copy": false,
          "Plans": [
            {
              "Node Type": "Aggregate",
              "Strategy": "Plain",
              "Partial Mode": "Partial",
              "Parent Relationship": "Outer",
              "Parallel Aware": false,
              "Startup Cost": 45528.41,
              "Total Cost": 45528.42,
              "Plan Rows": 1,
              "Plan Width": 8,
              "Actual Startup Time": 90.471,
              "Actual Total Time": 90.474,
              "Actual Rows": 1,
              "Actual Loops": 5,
              "Plans": [
                {
                  "Node Type": "Seq Scan",
                  "Parent Relationship": "Outer",
                  "Parallel Aware": true,
                  "Relation Name": "title",
                  "Alias": "t",
                  "Startup Cost": 0.0,
                  "Total Cost": 45479.1,
                  "Plan Rows": 19723,
                  "Plan Width": 0,
                  "Actual Startup Time": 0.044,
                  "Actual Total Time": 88.807,
                  "Actual Rows": 17022,
                  "Actual Loops": 5,
                  "Filter": "((kind_id > 4) AND (production_year = 2009))",
                  "Rows Removed by Filter": 488640
                }
              ]
            }
          ]
        }
      ]
    },
    "Planning Time": 0.178,
    "Triggers": [],
    "Execution Time": 110.171
  }
]