[
  {
    "Plan": {
      "Node Type": "Aggregate",
      "Strategy": "Plain",
      "Partial Mode": "Finalize",
      "Parallel Aware": false,
      "Startup Cost": 31667.18,
      "Total Cost": 31667.19,
      "Plan Rows": 1,
      "Plan Width": 8,
      "Actual Startup Time": 104.154,
      "Actual Total Time": 112.156,
      "Actual Rows": 1,
      "Actual Loops": 1,
      "Plans": [
        {
          "Node Type": "Gather",
          "Parent Relationship": "Outer",
          "Parallel Aware": false,
          "Startup Cost": 31666.86,
          "Total Cost": 31667.17,
          "Plan Rows": 3,
          "Plan Width": 8,
          "Actual Startup Time": 104.029,
          "Actual Total Time": 112.148,
          "Actual Rows": 4,
          "Actual Loops": 1,
          "Workers Planned": 3,
          "Workers Launched": 3,
          "Single Copy": false,
          "Plans": [
            {
              "Node Type": "Aggregate",
              "Strategy": "Plain",
              "Partial Mode": "Partial",
              "Parent Relationship": "Outer",
              "Parallel Aware": false,
              "Startup Cost": 30666.86,
              "Total Cost": 30666.87,
              "Plan Rows": 1,
              "Plan Width": 8,
              "Actual Startup Time": 97.29,
              "Actual Total Time": 97.291,
              "Actual Rows": 1,
              "Actual Loops": 4,
              "Plans": [
                {
                  "Node Type": "Seq Scan",
                  "Parent Relationship": "Outer",
                  "Parallel Aware": true,
                  "Relation Name": "movie_companies",
                  "Alias": "mc",
                  "Startup Cost": 0.0,
                  "Total Cost": 29310.68,
                  "Plan Rows": 542471,
                  "Plan Width": 0,
                  "Actual Startup Time": 0.032,
                  "Actual Total Time": 76.633,
                  "Actual Rows": 422560,
                  "Actual Loops": 4,
                  "Filter": "(company_id < 20252)",
                  "Rows Removed by Filter": 229722
                }
              ]
            }
          ]
        }
      ]
    },
    "Planning Time": 0.215,
    "Triggers": [],
    "Execution Time": 112.21
  }
]