{
  "Plan": {
    "Node Type": "Aggregate",
    "Strategy": "Plain",
    "Partial Mode": "Finalize",
    "Parallel Aware": false,
    "Startup Cost": 127863.2,
    "Total Cost": 127863.21,
    "Plan Rows": 1,
    "Plan Width": 8,
    "Actual Startup Time": 891.12,
    "Actual Total Time": 907.473,
    "Actual Rows": 1,
    "Actual Loops": 1,
    "Plans": [
      {
        "Node Type": "Gather",
        "Parent Relationship": "Outer",
        "Parallel Aware": false,
        "Startup Cost": 127863.09,
        "Total Cost": 127863.2,
        "Plan Rows": 1,
        "Plan Width": 8,
        "Actual Startup Time": 887.683,
        "Actual Total Time": 907.461,
        "Actual Rows": 2,
        "Actual Loops": 1,
        "Workers Planned": 1,
        "Workers Launched": 1,
        "Single Copy": false,
        "Plans": [
          {
            "Node Type": "Aggregate",
            "Strategy": "Plain",
            "Partial Mode": "Partial",
            "Parent Relationship": "Outer",
            "Parallel Aware": false,
            "Startup Cost": 126863.09,
            "Total Cost": 126863.1,
            "Plan Rows": 1,
            "Plan Width": 8,
            "Actual Startup Time": 879.828,
            "Actual Total Time": 879.832,
            "Actual Rows": 1,
            "Actual Loops": 2,
            "Plans": [
              {
                "Node Type": "Hash Join",
                "Parent Relationship": "Outer",
                "Parallel Aware": true,
                "Join Type": "Inner",
                "Startup Cost": 66043.46,
                "Total Cost": 124094.3,
                "Plan Rows": 1107516,
                "Plan Width": 0,
                "Actual Startup Time": 411.123,
                "Actual Total Time": 868.465,
                "Actual Rows": 235967,
                "Actual Loops": 2,
                "Inner Unique": true,
                "Hash Cond": "(mk.movie_id = t.id)",
                "Plans": [
                  {
                    "Node Type": "Seq Scan",
                    "Parent Relationship": "Outer",
                    "Parallel Aware": true,
                    "Relation Name": "movie_keyword",
                    "Alias": "mk",
                    "Startup Cost": 0.0,
                    "Total Cost": 51065.35,
                    "Plan Rows": 2661135,
                    "Plan Width": 4,
                    "Actual Startup Time": 0.016,
                    "Actual Total Time": 190.245,
                    "Actual Rows": 2261965,
                    "Actual Loops": 2
                  },
                  {
                    "Node Type": "Hash",
                    "Parent Relationship": "Inner",
                    "Parallel Aware": true,
                    "Startup Cost": 58306.47,
                    "Total Cost": 58306.47,
                    "Plan Rows": 618959,
                    "Plan Width": 4,
                    "Actual Startup Time": 395.593,
                    "Actual Total Time": 395.594,
                    "Actual Rows": 574474,
                    "Actual Loops": 2,
                    "Hash Buckets": 2097152,
                    "Original Hash Buckets": 2097152,
                    "Hash Batches": 1,
                    "Original Hash Batches": 1,
                    "Peak Memory Usage": 61376,
                    "Plans": [
                      {
                        "Node Type": "Seq Scan",
                        "Parent Relationship": "Outer",
                        "Parallel Aware": true,
                        "Relation Name": "title",
                        "Alias": "t",
                        "Startup Cost": 0.0,
                        "Total Cost": 58306.47,
                        "Plan Rows": 618959,
                        "Plan Width": 4,
                        "Actual Startup Time": 0.028,
                        "Actual Total Time": 198.367,
                        "Actual Rows": 574474,
                        "Actual Loops": 2,
                        "Filter": "((production_year > 1991) AND (kind_id = 7))",
                        "Rows Removed by Filter": 689682
                      }
                    ]
                  }
                ]
              }
            ]
          }
        ]
      }
    ]
  },
  "Planning Time": 0.747,
  "Triggers": [],
  "Execution Time": 907.548
}