[
  {
    "Plan": {
      "Node Type": "Aggregate",
      "Strategy": "Plain",
      "Partial Mode": "Finalize",
      "Parallel Aware": false,
      "Startup Cost": 32944.86,
      "Total Cost": 32944.87,
      "Plan Rows": 1,
      "Plan Width": 8,
      "Actual Startup Time": 69.619,
      "Actual Total Time": 76.255,
      "Actual Rows": 1,
      "Actual Loops": 1,
      "Plans": [
        {
          "Node Type": "Gather",
          "Parent Relationship": "Outer",
          "Parallel Aware": false,
          "Startup Cost": 32944.54,
          "Total Cost": 32944.85,
          "Plan Rows": 3,
          "Plan Width": 8,
          "Actual Startup Time": 69.468,
          "Actual Total Time": 76.248,
          "Actual Rows": 4,
          "Actual Loops": 1,
          "Workers Planned": 3,
          "Workers Launched": 3,
          "Single Copy": false,
          "Plans": [
            {
              "Node Type": "Aggregate",
              "Strategy": "Plain",
              "Partial Mode": "Partial",
              "Parent Relationship": "Outer",
              "Parallel Aware": false,
              "Startup Cost": 31944.54,
              "Total Cost": 31944.55,
              "Plan Rows": 1,
              "Plan Width": 8,
              "Actual Startup Time": 66.311,
              "Actual Total Time": 66.312,
              "Actual Rows": 1,
              "Actual Loops": 4,
              "Plans": [
                {
                  "Node Type": "Seq Scan",
                  "Parent Relationship": "Outer",
                  "Parallel Aware": true,
                  "Relation Name": "movie_companies",
                  "Alias": "mc",
                  "Startup Cost": 0.0,
                  "Total Cost": 31414.82,
                  "Plan Rows": 211889,
                  "Plan Width": 0,
                  "Actual Startup Time": 32.672,
                  "Actual Total Time": 61.692,
                  "Actual Rows": 106380,
                  "Actual Loops": 4,
                  "Filter": "((company_id < 11286) AND (company_type_id > 1))",
                  "Rows Removed by Filter": 545902
                }
              ]
            }
          ]
        }
      ]
    },
    "Planning Time": 0.115,
    "Triggers": [],
    "Execution Time": 76.29
  }
]