[
  {
    "Plan": {
      "Node Type": "Aggregate",
      "Strategy": "Plain",
      "Partial Mode": "Finalize",
      "Parallel Aware": false,
      "Startup Cost": 32949.33,
      "Total Cost": 32949.34,
      "Plan Rows": 1,
      "Plan Width": 8,
      "Actual Startup Time": 78.805,
      "Actual Total Time": 86.554,
      "Actual Rows": 1,
      "Actual Loops": 1,
      "Plans": [
        {
          "Node Type": "Gather",
          "Parent Relationship": "Outer",
          "Parallel Aware": false,
          "Startup Cost": 32949.01,
          "Total Cost": 32949.32,
          "Plan Rows": 3,
          "Plan Width": 8,
          "Actual Startup Time": 78.712,
          "Actual Total Time": 86.546,
          "Actual Rows": 4,
          "Actual Loops": 1,
          "Workers Planned": 3,
          "Workers Launched": 3,
          "Single Copy": false,
          "Plans": [
            {
              "Node Type": "Aggregate",
              "Strategy": "Plain",
              "Partial Mode": "Partial",
              "Parent Relationship": "Outer",
              "Parallel Aware": false,
              "Startup Cost": 31949.01,
              "Total Cost": 31949.02,
              "Plan Rows": 1,
              "Plan Width": 8,
              "Actual Startup Time": 74.671,
              "Actual Total Time": 74.672,
              "Actual Rows": 1,
              "Actual Loops": 4,
              "Plans": [
                {
                  "Node Type": "Seq Scan",
                  "Parent Relationship": "Outer",
                  "Parallel Aware": true,
                  "Relation Name": "movie_companies",
                  "Alias": "mc",
                  "Startup Cost": 0.0,
                  "Total Cost": 31414.82,
                  "Plan Rows": 213676,
                  "Plan Width": 0,
                  "Actual Startup Time": 40.874,
                  "Actual Total Time": 70.436,
                  "Actual Rows": 106380,
                  "Actual Loops": 4,
                  "Filter": "((company_id < 11286) AND (company_type_id > 1))",
                  "Rows Removed by Filter": 545902
                }
              ]
            }
          ]
        }
      ]
    },
    "Planning Time": 0.175,
    "Triggers": [],
    "Execution Time": 86.596
  }
]