[
  {
    "Plan": {
      "Node Type": "Aggregate",
      "Strategy": "Plain",
      "Partial Mode": "Finalize",
      "Parallel Aware": false,
      "Startup Cost": 60621.16,
      "Total Cost": 60621.17,
      "Plan Rows": 1,
      "Plan Width": 8,
      "Actual Startup Time": 164.755,
      "Actual Total Time": 181.192,
      "Actual Rows": 1,
      "Actual Loops": 1,
      "Plans": [
        {
          "Node Type": "Gather",
          "Parent Relationship": "Outer",
          "Parallel Aware": false,
          "Startup Cost": 60620.95,
          "Total Cost": 60621.16,
          "Plan Rows": 2,
          "Plan Width": 8,
          "Actual Startup Time": 164.503,
          "Actual Total Time": 181.186,
          "Actual Rows": 3,
          "Actual Loops": 1,
          "Workers Planned": 2,
          "Workers Launched": 2,
          "Single Copy": false,
          "Plans": [
            {
              "Node Type": "Aggregate",
              "Strategy": "Plain",
              "Partial Mode": "Partial",
              "Parent Relationship": "Outer",
              "Parallel Aware": false,
              "Startup Cost": 59620.95,
              "Total Cost": 59620.96,
              "Plan Rows": 1,
              "Plan Width": 8,
              "Actual Startup Time": 161.035,
              "Actual Total Time": 161.04,
              "Actual Rows": 1,
              "Actual Loops": 3,
              "Plans": [
                {
                  "Node Type": "Hash Join",
                  "Parent Relationship": "Outer",
                  "Parallel Aware": true,
                  "Join Type": "Inner",
                  "Startup Cost": 43985.72,
                  "Total Cost": 59615.67,
                  "Plan Rows": 2113,
                  "Plan Width": 0,
                  "Actual Startup Time": 126.985,
                  "Actual Total Time": 160.953,
                  "Actual Rows": 1115,
                  "Actual Loops": 3,
                  "Inner Unique": true,
                  "Hash Cond": "(mi_idx.movie_id = t.id)",
                  "Plans": [
                    {
                      "Node Type": "Seq Scan",
                      "Parent Relationship": "Outer",
                      "Parallel Aware": true,
                      "Relation Name": "movie_info_idx",
                      "Alias": "mi_idx",
                      "Startup Cost": 0.0,
                      "Total Cost": 15122.68,
                      "Plan Rows": 193243,
                      "Plan Width": 4,
                      "Actual Startup Time": 0.012,
                      "Actual Total Time": 38.99,
                      "Actual Rows": 153308,
                      "Actual Loops": 3,
                      "Filter": "(info_type_id = 101)",
                      "Rows Removed by Filter": 306703
                    },
                    {
                      "Node Type": "Hash",
                      "Parent Relationship": "Inner",
                      "Parallel Aware": true,
                      "Startup Cost": 43899.32,
                      "Total Cost": 43899.32,
                      "Plan Rows": 6912,
                      "Plan Width": 4,
                      "Actual Startup Time": 104.079,
                      "Actual Total Time": 104.08,
                      "Actual Rows": 9702,
                      "Actual Loops": 3,
                      "Hash Buckets": 32768,
                      "Original Hash Buckets": 32768,
                      "Hash Batches": 1,
                      "Original Hash Batches": 1,
                      "Peak Memory Usage": 1408,
                      "Plans": [
                        {
                          "Node Type": "Seq Scan",
                          "Parent Relationship": "Outer",
                          "Parallel Aware": true,
                          "Relation Name": "title",
                          "Alias": "t",
                          "Startup Cost": 0.0,
                          "Total Cost": 43899.32,
                          "Plan Rows": 6912,
                          "Plan Width": 4,
                          "Actual Startup Time": 57.563,
                          "Actual Total Time": 101.06,
                          "Actual Rows": 9702,
                          "Actual Loops": 3,
                          "Filter": "(production_year < 1911)",
                          "Rows Removed by Filter": 833069
                        }
                      ]
                    }
                  ]
                }
              ]
            }
          ]
        }
      ]
    },
    "Planning Time": 0.449,
    "Triggers": [],
    "Execution Time": 181.241
  }
]