[
  {
    "Plan": {
      "Node Type": "Aggregate",
      "Strategy": "Plain",
      "Partial Mode": "Finalize",
      "Parallel Aware": false,
      "Startup Cost": 732727.65,
      "Total Cost": 732727.66,
      "Plan Rows": 1,
      "Plan Width": 8,
      "Actual Startup Time": 13196.529,
      "Actual Total Time": 13332.951,
      "Actual Rows": 1,
      "Actual Loops": 1,
      "Plans": [
        {
          "Node Type": "Gather",
          "Parent Relationship": "Outer",
          "Parallel Aware": false,
          "Startup Cost": 732727.12,
          "Total Cost": 732727.63,
          "Plan Rows": 5,
          "Plan Width": 8,
          "Actual Startup Time": 12986.767,
          "Actual Total Time": 13332.931,
          "Actual Rows": 6,
          "Actual Loops": 1,
          "Workers Planned": 5,
          "Workers Launched": 5,
          "Single Copy": false,
          "Plans": [
            {
              "Node Type": "Aggregate",
              "Strategy": "Plain",
              "Partial Mode": "Partial",
              "Parent Relationship": "Outer",
              "Parallel Aware": false,
              "Startup Cost": 731727.12,
              "Total Cost": 731727.13,
              "Plan Rows": 1,
              "Plan Width": 8,
              "Actual Startup Time": 12895.673,
              "Actual Total Time": 12897.127,
              "Actual Rows": 1,
              "Actual Loops": 6,
              "Plans": [
                {
                  "Node Type": "Hash Join",
                  "Parent Relationship": "Outer",
                  "Parallel Aware": true,
                  "Join Type": "Inner",
                  "Startup Cost": 437040.7,
                  "Total Cost": 681060.95,
                  "Plan Rows": 20266468,
                  "Plan Width": 0,
                  "Actual Startup Time": 4596.98,
                  "Actual Total Time": 11121.118,
                  "Actual Rows": 43535160,
                  "Actual Loops": 6,
                  "Inner Unique": false,
                  "Hash Cond": "(mi.movie_id = t.id)",
                  "Plans": [
                    {
                      "Node Type": "Seq Scan",
                      "Parent Relationship": "Outer",
                      "Parallel Aware": true,
                      "Relation Name": "movie_info",
                      "Alias": "mi",
                      "Startup Cost": 0.0,
                      "Total Cost": 191685.19,
                      "Plan Rows": 2969219,
                      "Plan Width": 4,
                      "Actual Startup Time": 0.039,
                      "Actual Total Time": 297.273,
                      "Actual Rows": 2472620,
                      "Actual Loops": 6
                    },
                    {
                      "Node Type": "Hash",
                      "Parent Relationship": "Inner",
                      "Parallel Aware": true,
                      "Startup Cost": 401086.95,
                      "Total Cost": 401086.95,
                      "Plan Rows": 2876300,
                      "Plan Width": 8,
                      "Actual Startup Time": 4556.98,
                      "Actual Total Time": 4558.433,
                      "Actual Rows": 3472314,
                      "Actual Loops": 6,
                      "Hash Buckets": 33554432,
                      "Original Hash Buckets": 33554432,
                      "Hash Batches": 1,
                      "Original Hash Batches": 1,
                      "Peak Memory Usage": 1077248,
                      "Plans": [
                        {
                          "Node Type": "Hash Join",
                          "Parent Relationship": "Outer",
                          "Parallel Aware": true,
                          "Join Type": "Inner",
                          "Startup Cost": 50220.38,
                          "Total Cost": 401086.95,
                          "Plan Rows": 2876300,
                          "Plan Width": 8,
                          "Actual Startup Time": 526.11,
                          "Actual Total Time": 2757.031,
                          "Actual Rows": 3472314,
                          "Actual Loops": 6,
                          "Inner Unique": true,
                          "Hash Cond": "(ci.movie_id = t.id)",
                          "Plans": [
                            {
                              "Node Type": "Seq Scan",
                              "Parent Relationship": "Outer",
                              "Parallel Aware": true,
                              "Relation Name": "cast_info",
                              "Alias": "ci",
                              "Startup Cost": 0.0,
                              "Total Cost": 343316.27,
                              "Plan Rows": 2876300,
                              "Plan Width": 4,
                              "Actual Startup Time": 230.485,
                              "Actual Total Time": 852.657,
                              "Actual Rows": 3472314,
                              "Actual Loops": 6,
                              "Filter": "((person_id > 959362) AND (role_id > 1))",
                              "Rows Removed by Filter": 2568410
                            },
                            {
                              "Node Type": "Hash",
                              "Parent Relationship": "Inner",
                              "Parallel Aware": true,
                              "Startup Cost": 42319.06,
                              "Total Cost": 42319.06,
                              "Plan Rows": 632106,
                              "Plan Width": 4,
                              "Actual Startup Time": 290.791,
                              "Actual Total Time": 290.792,
                              "Actual Rows": 421385,
                              "Actual Loops": 6,
                              "Hash Buckets": 4194304,
                              "Original Hash Buckets": 4194304,
                              "Hash Batches": 1,
                              "Original Hash Batches": 1,
                              "Peak Memory Usage": 131744,
                              "Plans": [
                                {
                                  "Node Type": "Seq Scan",
                                  "Parent Relationship": "Outer",
                                  "Parallel Aware": true,
                                  "Relation Name": "title",
                                  "Alias": "t",
                                  "Startup Cost": 0.0,
                                  "Total Cost": 42319.06,
                                  "Plan Rows": 632106,
                                  "Plan Width": 4,
                                  "Actual Startup Time": 0.083,
                                  "Actual Total Time": 81.967,
                                  "Actual Rows": 421385,
                                  "Actual Loops": 6
                                }
                              ]
                            }
                          ]
                        }
                      ]
                    }
                  ]
                }
              ]
            }
          ]
        }
      ]
    },
    "Planning Time": 1.095,
    "Triggers": [],
    "Execution Time": 13333.028
  }
]