{
    "Plan": {
        "Node Type": "Aggregate",
        "Strategy": "Plain",
        "Partial Mode": "Finalize",
        "Parallel Aware": false,
        "Startup Cost": 396582.98,
        "Total Cost": 396582.99,
        "Plan Rows": 1,
        "Plan Width": 8,
        "Actual Startup Time": 1430.882,
        "Actual Total Time": 1484.638,
        "Actual Rows": 1,
        "Actual Loops": 1,
        "Output": [
            "count(*)"
        ],
        "Plans": [
            {
                "Node Type": "Gather",
                "Parent Relationship": "Outer",
                "Parallel Aware": false,
                "Startup Cost": 396582.35,
                "Total Cost": 396582.96,
                "Plan Rows": 6,
                "Plan Width": 8,
                "Actual Startup Time": 1429.721,
                "Actual Total Time": 1484.623,
                "Actual Rows": 7,
                "Actual Loops": 1,
                "Output": [
                    "(PARTIAL count(*))"
                ],
                "Workers Planned": 6,
                "Workers Launched": 6,
                "Single Copy": false,
                "Plans": [
                    {
                        "Node Type": "Aggregate",
                        "Strategy": "Plain",
                        "Partial Mode": "Partial",
                        "Parent Relationship": "Outer",
                        "Parallel Aware": false,
                        "Startup Cost": 395582.35,
                        "Total Cost": 395582.36,
                        "Plan Rows": 1,
                        "Plan Width": 8,
                        "Actual Startup Time": 1418.903,
                        "Actual Total Time": 1418.906,
                        "Actual Rows": 1,
                        "Actual Loops": 7,
                        "Output": [
                            "PARTIAL count(*)"
                        ],
                        "Workers": [
                            {
                                "Worker Number": 0,
                                "Actual Startup Time": 1416.461,
                                "Actual Total Time": 1416.464,
                                "Actual Rows": 1,
                                "Actual Loops": 1
                            },
                            {
                                "Worker Number": 1,
                                "Actual Startup Time": 1416.306,
                                "Actual Total Time": 1416.309,
                                "Actual Rows": 1,
                                "Actual Loops": 1
                            },
                            {
                                "Worker Number": 2,
                                "Actual Startup Time": 1417.562,
                                "Actual Total Time": 1417.565,
                                "Actual Rows": 1,
                                "Actual Loops": 1
                            },
                            {
                                "Worker Number": 3,
                                "Actual Startup Time": 1417.645,
                                "Actual Total Time": 1417.647,
                                "Actual Rows": 1,
                                "Actual Loops": 1
                            },
                            {
                                "Worker Number": 4,
                                "Actual Startup Time": 1417.662,
                                "Actual Total Time": 1417.664,
                                "Actual Rows": 1,
                                "Actual Loops": 1
                            },
                            {
                                "Worker Number": 5,
                                "Actual Startup Time": 1417.845,
                                "Actual Total Time": 1417.847,
                                "Actual Rows": 1,
                                "Actual Loops": 1
                            }
                        ],
                        "Plans": [
                            {
                                "Node Type": "Hash Join",
                                "Parent Relationship": "Outer",
                                "Parallel Aware": true,
                                "Join Type": "Inner",
                                "Startup Cost": 44268.24,
                                "Total Cost": 395241.67,
                                "Plan Rows": 136274,
                                "Plan Width": 0,
                                "Actual Startup Time": 336.613,
                                "Actual Total Time": 1411.232,
                                "Actual Rows": 111993,
                                "Actual Loops": 7,
                                "Inner Unique": true,
                                "Hash Cond": "(ci.movie_id = t.id)",
                                "Workers": [
                                    {
                                        "Worker Number": 0,
                                        "Actual Startup Time": 334.229,
                                        "Actual Total Time": 1408.576,
                                        "Actual Rows": 98040,
                                        "Actual Loops": 1
                                    },
                                    {
                                        "Worker Number": 1,
                                        "Actual Startup Time": 333.938,
                                        "Actual Total Time": 1408.574,
                                        "Actual Rows": 94067,
                                        "Actual Loops": 1
                                    },
                                    {
                                        "Worker Number": 2,
                                        "Actual Startup Time": 335.225,
                                        "Actual Total Time": 1409.691,
                                        "Actual Rows": 96976,
                                        "Actual Loops": 1
                                    },
                                    {
                                        "Worker Number": 3,
                                        "Actual Startup Time": 335.281,
                                        "Actual Total Time": 1410.01,
                                        "Actual Rows": 121712,
                                        "Actual Loops": 1
                                    },
                                    {
                                        "Worker Number": 4,
                                        "Actual Startup Time": 335.319,
                                        "Actual Total Time": 1409.958,
                                        "Actual Rows": 121108,
                                        "Actual Loops": 1
                                    },
                                    {
                                        "Worker Number": 5,
                                        "Actual Startup Time": 335.545,
                                        "Actual Total Time": 1410.878,
                                        "Actual Rows": 137550,
                                        "Actual Loops": 1
                                    }
                                ],
                                "Plans": [
                                    {
                                        "Node Type": "Seq Scan",
                                        "Parent Relationship": "Outer",
                                        "Parallel Aware": true,
                                        "Relation Name": "cast_info",
                                        "Schema": "public",
                                        "Alias": "ci",
                                        "Startup Cost": 0.0,
                                        "Total Cost": 343318.94,
                                        "Plan Rows": 2915989,
                                        "Plan Width": 4,
                                        "Actual Startup Time": 254.057,
                                        "Actual Total Time": 832.405,
                                        "Actual Rows": 2994447,
                                        "Actual Loops": 7,
                                        "Output": [
                                            "ci.id",
                                            "ci.person_id",
                                            "ci.movie_id",
                                            "ci.person_role_id",
                                            "ci.note",
                                            "ci.nr_order",
                                            "ci.role_id"
                                        ],
                                        "Filter": "((ci.person_id > 915710) AND (ci.role_id > 1))",
                                        "Rows Removed by Filter": 2183316,
                                        "Workers": [
                                            {
                                                "Worker Number": 0,
                                                "Actual Startup Time": 254.087,
                                                "Actual Total Time": 829.648,
                                                "Actual Rows": 2582051,
                                                "Actual Loops": 1
                                            },
                                            {
                                                "Worker Number": 1,
                                                "Actual Startup Time": 254.078,
                                                "Actual Total Time": 831.169,
                                                "Actual Rows": 2504462,
                                                "Actual Loops": 1
                                            },
                                            {
                                                "Worker Number": 2,
                                                "Actual Startup Time": 253.938,
                                                "Actual Total Time": 833.364,
                                                "Actual Rows": 2609377,
                                                "Actual Loops": 1
                                            },
                                            {
                                                "Worker Number": 3,
                                                "Actual Startup Time": 254.087,
                                                "Actual Total Time": 832.344,
                                                "Actual Rows": 3233553,
                                                "Actual Loops": 1
                                            },
                                            {
                                                "Worker Number": 4,
                                                "Actual Startup Time": 253.993,
                                                "Actual Total Time": 832.464,
                                                "Actual Rows": 3190968,
                                                "Actual Loops": 1
                                            },
                                            {
                                                "Worker Number": 5,
                                                "Actual Startup Time": 254.115,
                                                "Actual Total Time": 831.781,
                                                "Actual Rows": 3683693,
                                                "Actual Loops": 1
                                            }
                                        ]
                                    },
                                    {
                                        "Node Type": "Hash",
                                        "Parent Relationship": "Inner",
                                        "Parallel Aware": true,
                                        "Startup Cost": 43899.01,
                                        "Total Cost": 43899.01,
                                        "Plan Rows": 29539,
                                        "Plan Width": 4,
                                        "Actual Startup Time": 80.734,
                                        "Actual Total Time": 80.734,
                                        "Actual Rows": 16891,
                                        "Actual Loops": 7,
                                        "Output": [
                                            "t.id"
                                        ],
                                        "Hash Buckets": 131072,
                                        "Original Hash Buckets": 131072,
                                        "Hash Batches": 1,
                                        "Original Hash Batches": 1,
                                        "Peak Memory Usage": 5760,
                                        "Workers": [
                                            {
                                                "Worker Number": 0,
                                                "Actual Startup Time": 79.032,
                                                "Actual Total Time": 79.033,
                                                "Actual Rows": 15039,
                                                "Actual Loops": 1
                                            },
                                            {
                                                "Worker Number": 1,
                                                "Actual Startup Time": 79.042,
                                                "Actual Total Time": 79.043,
                                                "Actual Rows": 13590,
                                                "Actual Loops": 1
                                            },
                                            {
                                                "Worker Number": 2,
                                                "Actual Startup Time": 80.367,
                                                "Actual Total Time": 80.368,
                                                "Actual Rows": 15544,
                                                "Actual Loops": 1
                                            },
                                            {
                                                "Worker Number": 3,
                                                "Actual Startup Time": 80.369,
                                                "Actual Total Time": 80.37,
                                                "Actual Rows": 17064,
                                                "Actual Loops": 1
                                            },
                                            {
                                                "Worker Number": 4,
                                                "Actual Startup Time": 80.367,
                                                "Actual Total Time": 80.368,
                                                "Actual Rows": 16882,
                                                "Actual Loops": 1
                                            },
                                            {
                                                "Worker Number": 5,
                                                "Actual Startup Time": 80.609,
                                                "Actual Total Time": 80.61,
                                                "Actual Rows": 19281,
                                                "Actual Loops": 1
                                            }
                                        ],
                                        "Plans": [
                                            {
                                                "Node Type": "Seq Scan",
                                                "Parent Relationship": "Outer",
                                                "Parallel Aware": true,
                                                "Relation Name": "title",
                                                "Schema": "public",
                                                "Alias": "t",
                                                "Startup Cost": 0.0,
                                                "Total Cost": 43899.01,
                                                "Plan Rows": 29539,
                                                "Plan Width": 4,
                                                "Actual Startup Time": 46.401,
                                                "Actual Total Time": 73.333,
                                                "Actual Rows": 16891,
                                                "Actual Loops": 7,
                                                "Output": [
                                                    "t.id"
                                                ],
                                                "Filter": "(t.kind_id = 4)",
                                                "Rows Removed by Filter": 344297,
                                                "Workers": [
                                                    {
                                                        "Worker Number": 0,
                                                        "Actual Startup Time": 44.411,
                                                        "Actual Total Time": 72.255,
                                                        "Actual Rows": 15039,
                                                        "Actual Loops": 1
                                                    },
                                                    {
                                                        "Worker Number": 1,
                                                        "Actual Startup Time": 44.485,
                                                        "Actual Total Time": 71.607,
                                                        "Actual Rows": 13590,
                                                        "Actual Loops": 1
                                                    },
                                                    {
                                                        "Worker Number": 2,
                                                        "Actual Startup Time": 47.364,
                                                        "Actual Total Time": 74.246,
                                                        "Actual Rows": 15544,
                                                        "Actual Loops": 1
                                                    },
                                                    {
                                                        "Worker Number": 3,
                                                        "Actual Startup Time": 46.384,
                                                        "Actual Total Time": 72.472,
                                                        "Actual Rows": 17064,
                                                        "Actual Loops": 1
                                                    },
                                                    {
                                                        "Worker Number": 4,
                                                        "Actual Startup Time": 45.464,
                                                        "Actual Total Time": 72.676,
                                                        "Actual Rows": 16882,
                                                        "Actual Loops": 1
                                                    },
                                                    {
                                                        "Worker Number": 5,
                                                        "Actual Startup Time": 45.708,
                                                        "Actual Total Time": 73.212,
                                                        "Actual Rows": 19281,
                                                        "Actual Loops": 1
                                                    }
                                                ]
                                            }
                                        ]
                                    }
                                ]
                            }
                        ]
                    }
                ]
            }
        ]
    },
    "Planning Time": 0.727,
    "Triggers": [],
    "Execution Time": 1484.726
}