{
  "Plan": {
    "Node Type": "Aggregate",
    "Strategy": "Plain",
    "Partial Mode": "Finalize",
    "Parallel Aware": false,
    "Startup Cost": 167135.52,
    "Total Cost": 167135.53,
    "Plan Rows": 1,
    "Plan Width": 8,
    "Actual Startup Time": 1096.04,
    "Actual Total Time": 1111.635,
    "Actual Rows": 1,
    "Actual Loops": 1,
    "Plans": [
      {
        "Node Type": "Gather",
        "Parent Relationship": "Outer",
        "Parallel Aware": false,
        "Startup Cost": 167135.41,
        "Total Cost": 167135.52,
        "Plan Rows": 1,
        "Plan Width": 8,
        "Actual Startup Time": 1094.028,
        "Actual Total Time": 1111.624,
        "Actual Rows": 2,
        "Actual Loops": 1,
        "Workers Planned": 1,
        "Workers Launched": 1,
        "Single Copy": false,
        "Plans": [
          {
            "Node Type": "Aggregate",
            "Strategy": "Plain",
            "Partial Mode": "Partial",
            "Parent Relationship": "Outer",
            "Parallel Aware": false,
            "Startup Cost": 166135.41,
            "Total Cost": 166135.42,
            "Plan Rows": 1,
            "Plan Width": 8,
            "Actual Startup Time": 1087.98,
            "Actual Total Time": 1088.606,
            "Actual Rows": 1,
            "Actual Loops": 2,
            "Plans": [
              {
                "Node Type": "Hash Join",
                "Parent Relationship": "Outer",
                "Parallel Aware": true,
                "Join Type": "Inner",
                "Startup Cost": 99030.21,
                "Total Cost": 165370.18,
                "Plan Rows": 306092,
                "Plan Width": 0,
                "Actual Startup Time": 643.041,
                "Actual Total Time": 1044.087,
                "Actual Rows": 1135881,
                "Actual Loops": 2,
                "Inner Unique": false,
                "Hash Cond": "(mk.movie_id = t.id)",
                "Plans": [
                  {
                    "Node Type": "Seq Scan",
                    "Parent Relationship": "Outer",
                    "Parallel Aware": true,
                    "Relation Name": "movie_keyword",
                    "Alias": "mk",
                    "Startup Cost": 0.0,
                    "Total Cost": 57718.19,
                    "Plan Rows": 1818998,
                    "Plan Width": 4,
                    "Actual Startup Time": 0.022,
                    "Actual Total Time": 195.271,
                    "Actual Rows": 1543138,
                    "Actual Loops": 2,
                    "Filter": "(keyword_id < 11639)",
                    "Rows Removed by Filter": 718828
                  },
                  {
                    "Node Type": "Hash",
                    "Parent Relationship": "Inner",
                    "Parallel Aware": true,
                    "Startup Cost": 95901.91,
                    "Total Cost": 95901.91,
                    "Plan Rows": 250264,
                    "Plan Width": 8,
                    "Actual Startup Time": 614.8,
                    "Actual Total Time": 615.424,
                    "Actual Rows": 216202,
                    "Actual Loops": 2,
                    "Hash Buckets": 524288,
                    "Original Hash Buckets": 524288,
                    "Hash Batches": 1,
                    "Original Hash Batches": 1,
                    "Peak Memory Usage": 21056,
                    "Plans": [
                      {
                        "Node Type": "Hash Join",
                        "Parent Relationship": "Outer",
                        "Parallel Aware": true,
                        "Join Type": "Inner",
                        "Startup Cost": 34264.26,
                        "Total Cost": 95901.91,
                        "Plan Rows": 250264,
                        "Plan Width": 8,
                        "Actual Startup Time": 149.046,
                        "Actual Total Time": 551.341,
                        "Actual Rows": 216202,
                        "Actual Loops": 2,
                        "Inner Unique": false,
                        "Hash Cond": "(t.id = mc.movie_id)",
                        "Plans": [
                          {
                            "Node Type": "Seq Scan",
                            "Parent Relationship": "Outer",
                            "Parallel Aware": true,
                            "Relation Name": "title",
                            "Alias": "t",
                            "Startup Cost": 0.0,
                            "Total Cost": 50870.31,
                            "Plan Rows": 1487231,
                            "Plan Width": 4,
                            "Actual Startup Time": 0.012,
                            "Actual Total Time": 130.141,
                            "Actual Rows": 1264156,
                            "Actual Loops": 2
                          },
                          {
                            "Node Type": "Hash",
                            "Parent Relationship": "Inner",
                            "Parallel Aware": true,
                            "Startup Cost": 31135.96,
                            "Total Cost": 31135.96,
                            "Plan Rows": 250264,
                            "Plan Width": 4,
                            "Actual Startup Time": 134.541,
                            "Actual Total Time": 134.542,
                            "Actual Rows": 216202,
                            "Actual Loops": 2,
                            "Hash Buckets": 524288,
                            "Original Hash Buckets": 524288,
                            "Hash Batches": 1,
                            "Original Hash Batches": 1,
                            "Peak Memory Usage": 21024,
                            "Plans": [
                              {
                                "Node Type": "Bitmap Heap Scan",
                                "Parent Relationship": "Outer",
                                "Parallel Aware": true,
                                "Relation Name": "movie_companies",
                                "Alias": "mc",
                                "Startup Cost": 9217.66,
                                "Total Cost": 31135.96,
                                "Plan Rows": 250264,
                                "Plan Width": 4,
                                "Actual Startup Time": 30.344,
                                "Actual Total Time": 76.324,
                                "Actual Rows": 216202,
                                "Actual Loops": 2,
                                "Recheck Cond": "(company_id > 78899)",
                                "Rows Removed by Index Recheck": 0,
                                "Exact Heap Blocks": 4330,
                                "Lossy Heap Blocks": 0,
                                "Plans": [
                                  {
                                    "Node Type": "Bitmap Index Scan",
                                    "Parent Relationship": "Outer",
                                    "Parallel Aware": false,
                                    "Index Name": "company_id_movie_companies",
                                    "Startup Cost": 0.0,
                                    "Total Cost": 9111.3,
                                    "Plan Rows": 425449,
                                    "Plan Width": 0,
                                    "Actual Startup Time": 29.333,
                                    "Actual Total Time": 29.333,
                                    "Actual Rows": 432405,
                                    "Actual Loops": 1,
                                    "Index Cond": "(company_id > 78899)"
                                  }
                                ]
                              }
                            ]
                          }
                        ]
                      }
                    ]
                  }
                ]
              }
            ]
          }
        ]
      }
    ]
  },
  "Planning Time": 0.884,
  "Triggers": [],
  "Execution Time": 1111.736
}