{
  "Plan": {
    "Node Type": "Aggregate",
    "Strategy": "Plain",
    "Partial Mode": "Finalize",
    "Parallel Aware": false,
    "Startup Cost": 576799.62,
    "Total Cost": 576799.63,
    "Plan Rows": 1,
    "Plan Width": 8,
    "Actual Startup Time": 2836.668,
    "Actual Total Time": 2897.752,
    "Actual Rows": 1,
    "Actual Loops": 1,
    "Plans": [
      {
        "Node Type": "Gather",
        "Parent Relationship": "Outer",
        "Parallel Aware": false,
        "Startup Cost": 576799.51,
        "Total Cost": 576799.62,
        "Plan Rows": 1,
        "Plan Width": 8,
        "Actual Startup Time": 2836.387,
        "Actual Total Time": 2897.742,
        "Actual Rows": 2,
        "Actual Loops": 1,
        "Workers Planned": 1,
        "Workers Launched": 1,
        "Single Copy": false,
        "Plans": [
          {
            "Node Type": "Aggregate",
            "Strategy": "Plain",
            "Partial Mode": "Partial",
            "Parent Relationship": "Outer",
            "Parallel Aware": false,
            "Startup Cost": 575799.51,
            "Total Cost": 575799.52,
            "Plan Rows": 1,
            "Plan Width": 8,
            "Actual Startup Time": 2830.494,
            "Actual Total Time": 2830.498,
            "Actual Rows": 1,
            "Actual Loops": 2,
            "Plans": [
              {
                "Node Type": "Hash Join",
                "Parent Relationship": "Outer",
                "Parallel Aware": true,
                "Join Type": "Inner",
                "Startup Cost": 53777.32,
                "Total Cost": 575510.68,
                "Plan Rows": 115534,
                "Plan Width": 0,
                "Actual Startup Time": 95.58,
                "Actual Total Time": 2825.181,
                "Actual Rows": 89466,
                "Actual Loops": 2,
                "Inner Unique": true,
                "Hash Cond": "(ci.movie_id = t.id)",
                "Plans": [
                  {
                    "Node Type": "Seq Scan",
                    "Parent Relationship": "Outer",
                    "Parallel Aware": true,
                    "Relation Name": "cast_info",
                    "Alias": "ci",
                    "Startup Cost": 0.0,
                    "Total Cost": 465792.95,
                    "Plan Rows": 21310595,
                    "Plan Width": 4,
                    "Actual Startup Time": 0.014,
                    "Actual Total Time": 1319.699,
                    "Actual Rows": 18122172,
                    "Actual Loops": 2
                  },
                  {
                    "Node Type": "Hash",
                    "Parent Relationship": "Inner",
                    "Parallel Aware": true,
                    "Startup Cost": 53676.54,
                    "Total Cost": 53676.54,
                    "Plan Rows": 8063,
                    "Plan Width": 4,
                    "Actual Startup Time": 94.581,
                    "Actual Total Time": 94.583,
                    "Actual Rows": 4370,
                    "Actual Loops": 2,
                    "Hash Buckets": 16384,
                    "Original Hash Buckets": 16384,
                    "Hash Batches": 1,
                    "Original Hash Batches": 1,
                    "Peak Memory Usage": 480,
                    "Plans": [
                      {
                        "Node Type": "Bitmap Heap Scan",
                        "Parent Relationship": "Outer",
                        "Parallel Aware": true,
                        "Relation Name": "title",
                        "Alias": "t",
                        "Startup Cost": 11826.28,
                        "Total Cost": 53676.54,
                        "Plan Rows": 8063,
                        "Plan Width": 4,
                        "Actual Startup Time": 38.245,
                        "Actual Total Time": 93.16,
                        "Actual Rows": 4370,
                        "Actual Loops": 2,
                        "Recheck Cond": "(kind_id = 1)",
                        "Rows Removed by Index Recheck": 0,
                        "Filter": "(production_year = 2001)",
                        "Rows Removed by Filter": 327042,
                        "Exact Heap Blocks": 9647,
                        "Lossy Heap Blocks": 0,
                        "Plans": [
                          {
                            "Node Type": "Bitmap Index Scan",
                            "Parent Relationship": "Outer",
                            "Parallel Aware": false,
                            "Index Name": "kind_id_title",
                            "Startup Cost": 0.0,
                            "Total Cost": 11822.85,
                            "Plan Rows": 663256,
                            "Plan Width": 0,
                            "Actual Startup Time": 40.504,
                            "Actual Total Time": 40.505,
                            "Actual Rows": 662825,
                            "Actual Loops": 1,
                            "Index Cond": "(kind_id = 1)"
                          }
                        ]
                      }
                    ]
                  }
                ]
              }
            ]
          }
        ]
      }
    ]
  },
  "Planning Time": 0.499,
  "Triggers": [],
  "Execution Time": 2897.862
}