{
  "Plan": {
    "Node Type": "Aggregate",
    "Strategy": "Plain",
    "Partial Mode": "Finalize",
    "Parallel Aware": false,
    "Startup Cost": 811221.5,
    "Total Cost": 811221.51,
    "Plan Rows": 1,
    "Plan Width": 8,
    "Actual Startup Time": 6381.507,
    "Actual Total Time": 6440.201,
    "Actual Rows": 1,
    "Actual Loops": 1,
    "Plans": [
      {
        "Node Type": "Gather",
        "Parent Relationship": "Outer",
        "Parallel Aware": false,
        "Startup Cost": 811221.39,
        "Total Cost": 811221.5,
        "Plan Rows": 1,
        "Plan Width": 8,
        "Actual Startup Time": 6374.601,
        "Actual Total Time": 6440.193,
        "Actual Rows": 2,
        "Actual Loops": 1,
        "Workers Planned": 1,
        "Workers Launched": 1,
        "Single Copy": false,
        "Plans": [
          {
            "Node Type": "Aggregate",
            "Strategy": "Plain",
            "Partial Mode": "Partial",
            "Parent Relationship": "Outer",
            "Parallel Aware": false,
            "Startup Cost": 810221.39,
            "Total Cost": 810221.4,
            "Plan Rows": 1,
            "Plan Width": 8,
            "Actual Startup Time": 6366.683,
            "Actual Total Time": 6366.689,
            "Actual Rows": 1,
            "Actual Loops": 2,
            "Plans": [
              {
                "Node Type": "Hash Join",
                "Parent Relationship": "Outer",
                "Parallel Aware": true,
                "Join Type": "Inner",
                "Startup Cost": 139162.82,
                "Total Cost": 794218.7,
                "Plan Rows": 6401074,
                "Plan Width": 0,
                "Actual Startup Time": 1503.46,
                "Actual Total Time": 5818.259,
                "Actual Rows": 13589121,
                "Actual Loops": 2,
                "Inner Unique": false,
                "Hash Cond": "(ci.movie_id = t.id)",
                "Plans": [
                  {
                    "Node Type": "Seq Scan",
                    "Parent Relationship": "Outer",
                    "Parallel Aware": true,
                    "Relation Name": "cast_info",
                    "Alias": "ci",
                    "Startup Cost": 0.0,
                    "Total Cost": 572345.93,
                    "Plan Rows": 12015094,
                    "Plan Width": 4,
                    "Actual Startup Time": 506.554,
                    "Actual Total Time": 1735.277,
                    "Actual Rows": 9332756,
                    "Actual Loops": 2,
                    "Filter": "((person_id < 3182412) AND (role_id > 1))",
                    "Rows Removed by Filter": 8789416
                  },
                  {
                    "Node Type": "Hash",
                    "Parent Relationship": "Inner",
                    "Parallel Aware": true,
                    "Startup Cost": 129258.75,
                    "Total Cost": 129258.75,
                    "Plan Rows": 792326,
                    "Plan Width": 8,
                    "Actual Startup Time": 982.711,
                    "Actual Total Time": 982.715,
                    "Actual Rows": 680944,
                    "Actual Loops": 2,
                    "Hash Buckets": 2097152,
                    "Original Hash Buckets": 2097152,
                    "Hash Batches": 1,
                    "Original Hash Batches": 1,
                    "Peak Memory Usage": 69696,
                    "Plans": [
                      {
                        "Node Type": "Hash Join",
                        "Parent Relationship": "Outer",
                        "Parallel Aware": true,
                        "Join Type": "Inner",
                        "Startup Cost": 69460.7,
                        "Total Cost": 129258.75,
                        "Plan Rows": 792326,
                        "Plan Width": 8,
                        "Actual Startup Time": 518.464,
                        "Actual Total Time": 844.32,
                        "Actual Rows": 680944,
                        "Actual Loops": 2,
                        "Inner Unique": true,
                        "Hash Cond": "(mk.movie_id = t.id)",
                        "Plans": [
                          {
                            "Node Type": "Seq Scan",
                            "Parent Relationship": "Outer",
                            "Parallel Aware": true,
                            "Relation Name": "movie_keyword",
                            "Alias": "mk",
                            "Startup Cost": 0.0,
                            "Total Cost": 57718.19,
                            "Plan Rows": 792326,
                            "Plan Width": 4,
                            "Actual Startup Time": 0.015,
                            "Actual Total Time": 169.486,
                            "Actual Rows": 680944,
                            "Actual Loops": 2,
                            "Filter": "(keyword_id < 1775)",
                            "Rows Removed by Filter": 1581022
                          },
                          {
                            "Node Type": "Hash",
                            "Parent Relationship": "Inner",
                            "Parallel Aware": true,
                            "Startup Cost": 50870.31,
                            "Total Cost": 50870.31,
                            "Plan Rows": 1487231,
                            "Plan Width": 4,
                            "Actual Startup Time": 505.552,
                            "Actual Total Time": 505.553,
                            "Actual Rows": 1264156,
                            "Actual Loops": 2,
                            "Hash Buckets": 4194304,
                            "Original Hash Buckets": 4194304,
                            "Hash Batches": 1,
                            "Original Hash Batches": 1,
                            "Peak Memory Usage": 131712,
                            "Plans": [
                              {
                                "Node Type": "Seq Scan",
                                "Parent Relationship": "Outer",
                                "Parallel Aware": true,
                                "Relation Name": "title",
                                "Alias": "t",
                                "Startup Cost": 0.0,
                                "Total Cost": 50870.31,
                                "Plan Rows": 1487231,
                                "Plan Width": 4,
                                "Actual Startup Time": 0.026,
                                "Actual Total Time": 145.85,
                                "Actual Rows": 1264156,
                                "Actual Loops": 2
                              }
                            ]
                          }
                        ]
                      }
                    ]
                  }
                ]
              }
            ]
          }
        ]
      }
    ]
  },
  "Planning Time": 1.035,
  "Triggers": [],
  "Execution Time": 6440.293
}