{
  "Plan": {
    "Node Type": "Aggregate",
    "Strategy": "Plain",
    "Partial Mode": "Finalize",
    "Parallel Aware": false,
    "Startup Cost": 100153.36,
    "Total Cost": 100153.37,
    "Plan Rows": 1,
    "Plan Width": 8,
    "Actual Startup Time": 352.493,
    "Actual Total Time": 365.905,
    "Actual Rows": 1,
    "Actual Loops": 1,
    "Plans": [
      {
        "Node Type": "Gather",
        "Parent Relationship": "Outer",
        "Parallel Aware": false,
        "Startup Cost": 100153.24,
        "Total Cost": 100153.35,
        "Plan Rows": 1,
        "Plan Width": 8,
        "Actual Startup Time": 352.153,
        "Actual Total Time": 365.897,
        "Actual Rows": 2,
        "Actual Loops": 1,
        "Workers Planned": 1,
        "Workers Launched": 1,
        "Single Copy": false,
        "Plans": [
          {
            "Node Type": "Aggregate",
            "Strategy": "Plain",
            "Partial Mode": "Partial",
            "Parent Relationship": "Outer",
            "Parallel Aware": false,
            "Startup Cost": 99153.24,
            "Total Cost": 99153.25,
            "Plan Rows": 1,
            "Plan Width": 8,
            "Actual Startup Time": 348.424,
            "Actual Total Time": 348.427,
            "Actual Rows": 1,
            "Actual Loops": 2,
            "Plans": [
              {
                "Node Type": "Hash Join",
                "Parent Relationship": "Outer",
                "Parallel Aware": true,
                "Join Type": "Inner",
                "Startup Cost": 55557.88,
                "Total Cost": 99068.85,
                "Plan Rows": 33758,
                "Plan Width": 0,
                "Actual Startup Time": 257.905,
                "Actual Total Time": 345.877,
                "Actual Rows": 62918,
                "Actual Loops": 2,
                "Inner Unique": true,
                "Hash Cond": "(mc.movie_id = t.id)",
                "Plans": [
                  {
                    "Node Type": "Seq Scan",
                    "Parent Relationship": "Outer",
                    "Parallel Aware": true,
                    "Relation Name": "movie_companies",
                    "Alias": "mc",
                    "Startup Cost": 0.0,
                    "Total Cost": 41811.73,
                    "Plan Rows": 647331,
                    "Plan Width": 4,
                    "Actual Startup Time": 58.01,
                    "Actual Total Time": 128.675,
                    "Actual Rows": 614894,
                    "Actual Loops": 2,
                    "Filter": "((company_id > 323) AND (company_type_id = 2))",
                    "Rows Removed by Filter": 689670
                  },
                  {
                    "Node Type": "Hash",
                    "Parent Relationship": "Inner",
                    "Parallel Aware": true,
                    "Startup Cost": 54588.39,
                    "Total Cost": 54588.39,
                    "Plan Rows": 77559,
                    "Plan Width": 4,
                    "Actual Startup Time": 146.884,
                    "Actual Total Time": 146.885,
                    "Actual Rows": 66562,
                    "Actual Loops": 2,
                    "Hash Buckets": 262144,
                    "Original Hash Buckets": 262144,
                    "Hash Batches": 1,
                    "Original Hash Batches": 1,
                    "Peak Memory Usage": 7296,
                    "Plans": [
                      {
                        "Node Type": "Seq Scan",
                        "Parent Relationship": "Outer",
                        "Parallel Aware": true,
                        "Relation Name": "title",
                        "Alias": "t",
                        "Startup Cost": 0.0,
                        "Total Cost": 54588.39,
                        "Plan Rows": 77559,
                        "Plan Width": 4,
                        "Actual Startup Time": 26.877,
                        "Actual Total Time": 131.631,
                        "Actual Rows": 66562,
                        "Actual Loops": 2,
                        "Filter": "(production_year < 1937)",
                        "Rows Removed by Filter": 1197594
                      }
                    ]
                  }
                ]
              }
            ]
          }
        ]
      }
    ]
  },
  "Planning Time": 0.497,
  "Triggers": [],
  "Execution Time": 365.974
}