[
  {
    "Plan": {
      "Node Type": "Aggregate",
      "Strategy": "Plain",
      "Partial Mode": "Finalize",
      "Parallel Aware": false,
      "Startup Cost": 77841.49,
      "Total Cost": 77841.5,
      "Plan Rows": 1,
      "Plan Width": 8,
      "Actual Startup Time": 407.537,
      "Actual Total Time": 423.027,
      "Actual Rows": 1,
      "Actual Loops": 1,
      "Plans": [
        {
          "Node Type": "Gather",
          "Parent Relationship": "Outer",
          "Parallel Aware": false,
          "Startup Cost": 77841.17,
          "Total Cost": 77841.48,
          "Plan Rows": 3,
          "Plan Width": 8,
          "Actual Startup Time": 398.098,
          "Actual Total Time": 423.02,
          "Actual Rows": 4,
          "Actual Loops": 1,
          "Workers Planned": 3,
          "Workers Launched": 3,
          "Single Copy": false,
          "Plans": [
            {
              "Node Type": "Aggregate",
              "Strategy": "Plain",
              "Partial Mode": "Partial",
              "Parent Relationship": "Outer",
              "Parallel Aware": false,
              "Startup Cost": 76841.17,
              "Total Cost": 76841.18,
              "Plan Rows": 1,
              "Plan Width": 8,
              "Actual Startup Time": 385.421,
              "Actual Total Time": 385.424,
              "Actual Rows": 1,
              "Actual Loops": 4,
              "Plans": [
                {
                  "Node Type": "Hash Join",
                  "Parent Relationship": "Outer",
                  "Parallel Aware": true,
                  "Join Type": "Inner",
                  "Startup Cost": 52061.48,
                  "Total Cost": 76799.98,
                  "Plan Rows": 16478,
                  "Plan Width": 0,
                  "Actual Startup Time": 356.137,
                  "Actual Total Time": 384.694,
                  "Actual Rows": 11858,
                  "Actual Loops": 4,
                  "Inner Unique": true,
                  "Hash Cond": "(mk.movie_id = t.id)",
                  "Plans": [
                    {
                      "Node Type": "Bitmap Heap Scan",
                      "Parent Relationship": "Outer",
                      "Parallel Aware": true,
                      "Relation Name": "movie_keyword",
                      "Alias": "mk",
                      "Startup Cost": 1240.34,
                      "Total Cost": 25929.46,
                      "Plan Rows": 18810,
                      "Plan Width": 4,
                      "Actual Startup Time": 6.466,
                      "Actual Total Time": 27.287,
                      "Actual Rows": 14466,
                      "Actual Loops": 4,
                      "Recheck Cond": "(keyword_id > 96003)",
                      "Rows Removed by Index Recheck": 0,
                      "Exact Heap Blocks": 5578,
                      "Lossy Heap Blocks": 0,
                      "Plans": [
                        {
                          "Node Type": "Bitmap Index Scan",
                          "Parent Relationship": "Outer",
                          "Parallel Aware": false,
                          "Index Name": "keyword_id_movie_keyword",
                          "Startup Cost": 0.0,
                          "Total Cost": 1225.76,
                          "Plan Rows": 58310,
                          "Plan Width": 0,
                          "Actual Startup Time": 4.443,
                          "Actual Total Time": 4.444,
                          "Actual Rows": 57865,
                          "Actual Loops": 1,
                          "Index Cond": "(keyword_id > 96003)"
                        }
                      ]
                    },
                    {
                      "Node Type": "Hash",
                      "Parent Relationship": "Inner",
                      "Parallel Aware": true,
                      "Startup Cost": 43899.32,
                      "Total Cost": 43899.32,
                      "Plan Rows": 553746,
                      "Plan Width": 4,
                      "Actual Startup Time": 340.663,
                      "Actual Total Time": 340.663,
                      "Actual Rows": 550924,
                      "Actual Loops": 4,
                      "Hash Buckets": 4194304,
                      "Original Hash Buckets": 4194304,
                      "Hash Batches": 1,
                      "Original Hash Batches": 1,
                      "Peak Memory Usage": 119040,
                      "Plans": [
                        {
                          "Node Type": "Seq Scan",
                          "Parent Relationship": "Outer",
                          "Parallel Aware": true,
                          "Relation Name": "title",
                          "Alias": "t",
                          "Startup Cost": 0.0,
                          "Total Cost": 43899.32,
                          "Plan Rows": 553746,
                          "Plan Width": 4,
                          "Actual Startup Time": 0.043,
                          "Actual Total Time": 121.182,
                          "Actual Rows": 550924,
                          "Actual Loops": 4,
                          "Filter": "(production_year > 1960)",
                          "Rows Removed by Filter": 81154
                        }
                      ]
                    }
                  ]
                }
              ]
            }
          ]
        }
      ]
    },
    "Planning Time": 0.534,
    "Triggers": [],
    "Execution Time": 423.084
  }
]