[
  {
    "Plan": {
      "Node Type": "Aggregate",
      "Strategy": "Plain",
      "Partial Mode": "Simple",
      "Parallel Aware": false,
      "Startup Cost": 3158.45,
      "Total Cost": 3158.46,
      "Plan Rows": 1,
      "Plan Width": 8,
      "Actual Startup Time": 1.388,
      "Actual Total Time": 1.392,
      "Actual Rows": 1,
      "Actual Loops": 1,
      "Plans": [
        {
          "Node Type": "Nested Loop",
          "Parent Relationship": "Outer",
          "Parallel Aware": false,
          "Join Type": "Inner",
          "Startup Cost": 7.21,
          "Total Cost": 3157.81,
          "Plan Rows": 256,
          "Plan Width": 0,
          "Actual Startup Time": 0.788,
          "Actual Total Time": 1.367,
          "Actual Rows": 84,
          "Actual Loops": 1,
          "Inner Unique": false,
          "Plans": [
            {
              "Node Type": "Nested Loop",
              "Parent Relationship": "Outer",
              "Parallel Aware": false,
              "Join Type": "Inner",
              "Startup Cost": 6.78,
              "Total Cost": 3005.96,
              "Plan Rows": 248,
              "Plan Width": 8,
              "Actual Startup Time": 0.765,
              "Actual Total Time": 1.034,
              "Actual Rows": 14,
              "Actual Loops": 1,
              "Inner Unique": true,
              "Plans": [
                {
                  "Node Type": "Bitmap Heap Scan",
                  "Parent Relationship": "Outer",
                  "Parallel Aware": false,
                  "Relation Name": "movie_keyword",
                  "Alias": "mk",
                  "Startup Cost": 6.35,
                  "Total Cost": 922.98,
                  "Plan Rows": 248,
                  "Plan Width": 4,
                  "Actual Startup Time": 0.733,
                  "Actual Total Time": 0.794,
                  "Actual Rows": 14,
                  "Actual Loops": 1,
                  "Recheck Cond": "(keyword_id = 24869)",
                  "Rows Removed by Index Recheck": 0,
                  "Exact Heap Blocks": 14,
                  "Lossy Heap Blocks": 0,
                  "Plans": [
                    {
                      "Node Type": "Bitmap Index Scan",
                      "Parent Relationship": "Outer",
                      "Parallel Aware": false,
                      "Index Name": "keyword_id_movie_keyword",
                      "Startup Cost": 0.0,
                      "Total Cost": 6.29,
                      "Plan Rows": 248,
                      "Plan Width": 0,
                      "Actual Startup Time": 0.715,
                      "Actual Total Time": 0.716,
                      "Actual Rows": 14,
                      "Actual Loops": 1,
                      "Index Cond": "(keyword_id = 24869)"
                    }
                  ]
                },
                {
                  "Node Type": "Index Only Scan",
                  "Parent Relationship": "Inner",
                  "Parallel Aware": false,
                  "Scan Direction": "Forward",
                  "Index Name": "title_pkey",
                  "Relation Name": "title",
                  "Alias": "t",
                  "Startup Cost": 0.43,
                  "Total Cost": 8.4,
                  "Plan Rows": 1,
                  "Plan Width": 4,
                  "Actual Startup Time": 0.015,
                  "Actual Total Time": 0.015,
                  "Actual Rows": 1,
                  "Actual Loops": 14,
                  "Index Cond": "(id = mk.movie_id)",
                  "Rows Removed by Index Recheck": 0,
                  "Heap Fetches": 14
                }
              ]
            },
            {
              "Node Type": "Index Only Scan",
              "Parent Relationship": "Inner",
              "Parallel Aware": false,
              "Scan Direction": "Forward",
              "Index Name": "movie_id_movie_companies",
              "Relation Name": "movie_companies",
              "Alias": "mc",
              "Startup Cost": 0.43,
              "Total Cost": 0.56,
              "Plan Rows": 5,
              "Plan Width": 4,
              "Actual Startup Time": 0.016,
              "Actual Total Time": 0.021,
              "Actual Rows": 6,
              "Actual Loops": 14,
              "Index Cond": "(movie_id = t.id)",
              "Rows Removed by Index Recheck": 0,
              "Heap Fetches": 84
            }
          ]
        }
      ]
    },
    "Planning Time": 1.356,
    "Triggers": [],
    "Execution Time": 1.476
  }
]