{
  "Plan": {
    "Node Type": "Aggregate",
    "Strategy": "Plain",
    "Partial Mode": "Simple",
    "Parallel Aware": false,
    "Startup Cost": 18318.62,
    "Total Cost": 18318.63,
    "Plan Rows": 1,
    "Plan Width": 96,
    "Actual Startup Time": 462.771,
    "Actual Total Time": 462.781,
    "Actual Rows": 1,
    "Actual Loops": 1,
    "Plans": [
      {
        "Node Type": "Nested Loop",
        "Parent Relationship": "Outer",
        "Parallel Aware": false,
        "Join Type": "Inner",
        "Startup Cost": 10956.46,
        "Total Cost": 18318.61,
        "Plan Rows": 1,
        "Plan Width": 48,
        "Actual Startup Time": 408.581,
        "Actual Total Time": 462.67,
        "Actual Rows": 310,
        "Actual Loops": 1,
        "Inner Unique": false,
        "Join Filter": "(mc.company_type_id = ct.id)",
        "Rows Removed by Join Filter": 20,
        "Plans": [
          {
            "Node Type": "Seq Scan",
            "Parent Relationship": "Outer",
            "Parallel Aware": false,
            "Relation Name": "company_type",
            "Alias": "ct",
            "Startup Cost": 0.0,
            "Total Cost": 1.05,
            "Plan Rows": 1,
            "Plan Width": 4,
            "Actual Startup Time": 0.022,
            "Actual Total Time": 0.025,
            "Actual Rows": 1,
            "Actual Loops": 1,
            "Filter": "((kind)::text = 'production companies'::text)",
            "Rows Removed by Filter": 3
          },
          {
            "Node Type": "Nested Loop",
            "Parent Relationship": "Inner",
            "Parallel Aware": false,
            "Join Type": "Inner",
            "Startup Cost": 10956.46,
            "Total Cost": 18317.55,
            "Plan Rows": 1,
            "Plan Width": 52,
            "Actual Startup Time": 408.555,
            "Actual Total Time": 462.576,
            "Actual Rows": 330,
            "Actual Loops": 1,
            "Inner Unique": true,
            "Plans": [
              {
                "Node Type": "Nested Loop",
                "Parent Relationship": "Outer",
                "Parallel Aware": false,
                "Join Type": "Inner",
                "Startup Cost": 10956.04,
                "Total Cost": 18317.09,
                "Plan Rows": 1,
                "Plan Width": 37,
                "Actual Startup Time": 401.585,
                "Actual Total Time": 459.912,
                "Actual Rows": 705,
                "Actual Loops": 1,
                "Inner Unique": false,
                "Join Filter": "(ml.movie_id = mc.movie_id)",
                "Rows Removed by Join Filter": 0,
                "Plans": [
                  {
                    "Node Type": "Nested Loop",
                    "Parent Relationship": "Outer",
                    "Parallel Aware": false,
                    "Join Type": "Inner",
                    "Startup Cost": 10955.61,
                    "Total Cost": 18316.52,
                    "Plan Rows": 1,
                    "Plan Width": 41,
                    "Actual Startup Time": 401.449,
                    "Actual Total Time": 458.258,
                    "Actual Rows": 152,
                    "Actual Loops": 1,
                    "Inner Unique": false,
                    "Join Filter": "(mk.keyword_id = k.id)",
                    "Rows Removed by Join Filter": 11907,
                    "Plans": [
                      {
                        "Node Type": "Seq Scan",
                        "Parent Relationship": "Outer",
                        "Parallel Aware": false,
                        "Relation Name": "keyword",
                        "Alias": "k",
                        "Startup Cost": 0.0,
                        "Total Cost": 2626.12,
                        "Plan Rows": 1,
                        "Plan Width": 4,
                        "Actual Startup Time": 2.044,
                        "Actual Total Time": 20.803,
                        "Actual Rows": 1,
                        "Actual Loops": 1,
                        "Filter": "(keyword = 'sequel'::text)",
                        "Rows Removed by Filter": 134169
                      },
                      {
                        "Node Type": "Merge Join",
                        "Parent Relationship": "Inner",
                        "Parallel Aware": false,
                        "Join Type": "Inner",
                        "Startup Cost": 10955.61,
                        "Total Cost": 15343.06,
                        "Plan Rows": 27787,
                        "Plan Width": 45,
                        "Actual Startup Time": 398.448,
                        "Actual Total Time": 436.602,
                        "Actual Rows": 12059,
                        "Actual Loops": 1,
                        "Inner Unique": false,
                        "Merge Cond": "(mk.movie_id = ml.movie_id)",
                        "Plans": [
                          {
                            "Node Type": "Index Scan",
                            "Parent Relationship": "Outer",
                            "Parallel Aware": false,
                            "Scan Direction": "Forward",
                            "Index Name": "movie_id_movie_keyword",
                            "Relation Name": "movie_keyword",
                            "Alias": "mk",
                            "Startup Cost": 0.43,
                            "Total Cost": 177148.48,
                            "Plan Rows": 4523930,
                            "Plan Width": 8,
                            "Actual Startup Time": 0.013,
                            "Actual Total Time": 26.921,
                            "Actual Rows": 81953,
                            "Actual Loops": 1
                          },
                          {
                            "Node Type": "Sort",
                            "Parent Relationship": "Inner",
                            "Parallel Aware": false,
                            "Startup Cost": 10955.06,
                            "Total Cost": 10956.56,
                            "Plan Rows": 599,
                            "Plan Width": 37,
                            "Actual Startup Time": 398.387,
                            "Actual Total Time": 399.125,
                            "Actual Rows": 12290,
                            "Actual Loops": 1,
                            "Sort Key": [
                              "ml.movie_id"
                            ],
                            "Sort Method": "quicksort",
                            "Sort Space Used": 168,
                            "Sort Space Type": "Memory",
                            "Plans": [
                              {
                                "Node Type": "Nested Loop",
                                "Parent Relationship": "Outer",
                                "Parallel Aware": false,
                                "Join Type": "Inner",
                                "Startup Cost": 0.72,
                                "Total Cost": 10927.42,
                                "Plan Rows": 599,
                                "Plan Width": 37,
                                "Actual Startup Time": 22.252,
                                "Actual Total Time": 397.29,
                                "Actual Rows": 1332,
                                "Actual Loops": 1,
                                "Inner Unique": false,
                                "Join Filter": "(ml.link_type_id = lt.id)",
                                "Rows Removed by Join Filter": 25922,
                                "Plans": [
                                  {
                                    "Node Type": "Seq Scan",
                                    "Parent Relationship": "Outer",
                                    "Parallel Aware": false,
                                    "Relation Name": "link_type",
                                    "Alias": "lt",
                                    "Startup Cost": 0.0,
                                    "Total Cost": 1.23,
                                    "Plan Rows": 1,
                                    "Plan Width": 16,
                                    "Actual Startup Time": 0.01,
                                    "Actual Total Time": 0.024,
                                    "Actual Rows": 2,
                                    "Actual Loops": 1,
                                    "Filter": "((link)::text ~~ '%follow%'::text)",
                                    "Rows Removed by Filter": 16
                                  },
                                  {
                                    "Node Type": "Merge Join",
                                    "Parent Relationship": "Inner",
                                    "Parallel Aware": false,
                                    "Join Type": "Inner",
                                    "Startup Cost": 0.72,
                                    "Total Cost": 10791.36,
                                    "Plan Rows": 10787,
                                    "Plan Width": 29,
                                    "Actual Startup Time": 0.749,
                                    "Actual Total Time": 197.48,
                                    "Actual Rows": 13627,
                                    "Actual Loops": 2,
                                    "Inner Unique": true,
                                    "Merge Cond": "(ml.movie_id = t.id)",
                                    "Plans": [
                                      {
                                        "Node Type": "Index Scan",
                                        "Parent Relationship": "Outer",
                                        "Parallel Aware": false,
                                        "Scan Direction": "Forward",
                                        "Index Name": "movie_id_movie_link",
                                        "Relation Name": "movie_link",
                                        "Alias": "ml",
                                        "Startup Cost": 0.29,
                                        "Total Cost": 1111.51,
                                        "Plan Rows": 29997,
                                        "Plan Width": 8,
                                        "Actual Startup Time": 0.01,
                                        "Actual Total Time": 7.602,
                                        "Actual Rows": 29997,
                                        "Actual Loops": 2
                                      },
                                      {
                                        "Node Type": "Index Scan",
                                        "Parent Relationship": "Inner",
                                        "Parallel Aware": false,
                                        "Scan Direction": "Forward",
                                        "Index Name": "title_pkey",
                                        "Relation Name": "title",
                                        "Alias": "t",
                                        "Startup Cost": 0.43,
                                        "Total Cost": 123001.61,
                                        "Plan Rows": 909227,
                                        "Plan Width": 21,
                                        "Actual Startup Time": 0.017,
                                        "Actual Total Time": 180.302,
                                        "Actual Rows": 59833,
                                        "Actual Loops": 2,
                                        "Filter": "((production_year >= 1950) AND (production_year <= 2000))",
                                        "Rows Removed by Filter": 126370
                                      }
                                    ]
                                  }
                                ]
                              }
                            ]
                          }
                        ]
                      }
                    ]
                  },
                  {
                    "Node Type": "Index Scan",
                    "Parent Relationship": "Inner",
                    "Parallel Aware": false,
                    "Scan Direction": "Forward",
                    "Index Name": "movie_id_movie_companies",
                    "Relation Name": "movie_companies",
                    "Alias": "mc",
                    "Startup Cost": 0.43,
                    "Total Cost": 0.54,
                    "Plan Rows": 2,
                    "Plan Width": 12,
                    "Actual Startup Time": 0.008,
                    "Actual Total Time": 0.01,
                    "Actual Rows": 5,
                    "Actual Loops": 152,
                    "Index Cond": "(movie_id = mk.movie_id)",
                    "Rows Removed by Index Recheck": 0,
                    "Filter": "(note IS NULL)",
                    "Rows Removed by Filter": 1
                  }
                ]
              },
              {
                "Node Type": "Index Scan",
                "Parent Relationship": "Inner",
                "Parallel Aware": false,
                "Scan Direction": "Forward",
                "Index Name": "company_name_pkey",
                "Relation Name": "company_name",
                "Alias": "cn",
                "Startup Cost": 0.42,
                "Total Cost": 0.46,
                "Plan Rows": 1,
                "Plan Width": 23,
                "Actual Startup Time": 0.003,
                "Actual Total Time": 0.003,
                "Actual Rows": 0,
                "Actual Loops": 705,
                "Index Cond": "(id = mc.company_id)",
                "Rows Removed by Index Recheck": 0,
                "Filter": "(((country_code)::text <> '[pl]'::text) AND ((name ~~ '%Film%'::text) OR (name ~~ '%Warner%'::text)))",
                "Rows Removed by Filter": 1
              }
            ]
          }
        ]
      }
    ]
  },
  "Planning Time": 15.336,
  "Triggers": [],
  "Execution Time": 463.435
}