[
  {
    "Plan": {
      "Node Type": "Aggregate",
      "Strategy": "Plain",
      "Partial Mode": "Finalize",
      "Parallel Aware": false,
      "Startup Cost": 314523.42,
      "Total Cost": 314523.43,
      "Plan Rows": 1,
      "Plan Width": 8,
      "Actual Startup Time": 247.538,
      "Actual Total Time": 262.134,
      "Actual Rows": 1,
      "Actual Loops": 1,
      "Plans": [
        {
          "Node Type": "Gather",
          "Parent Relationship": "Outer",
          "Parallel Aware": false,
          "Startup Cost": 314522.79,
          "Total Cost": 314523.4,
          "Plan Rows": 6,
          "Plan Width": 8,
          "Actual Startup Time": 246.328,
          "Actual Total Time": 262.115,
          "Actual Rows": 7,
          "Actual Loops": 1,
          "Workers Planned": 6,
          "Workers Launched": 6,
          "Single Copy": false,
          "Plans": [
            {
              "Node Type": "Aggregate",
              "Strategy": "Plain",
              "Partial Mode": "Partial",
              "Parent Relationship": "Outer",
              "Parallel Aware": false,
              "Startup Cost": 313522.79,
              "Total Cost": 313522.8,
              "Plan Rows": 1,
              "Plan Width": 8,
              "Actual Startup Time": 235.411,
              "Actual Total Time": 235.414,
              "Actual Rows": 1,
              "Actual Loops": 7,
              "Plans": [
                {
                  "Node Type": "Bitmap Heap Scan",
                  "Parent Relationship": "Outer",
                  "Parallel Aware": true,
                  "Relation Name": "cast_info",
                  "Alias": "ci",
                  "Startup Cost": 54647.69,
                  "Total Cost": 312491.44,
                  "Plan Rows": 412540,
                  "Plan Width": 0,
                  "Actual Startup Time": 102.882,
                  "Actual Total Time": 215.908,
                  "Actual Rows": 343641,
                  "Actual Loops": 7,
                  "Recheck Cond": "(person_id > 3592775)",
                  "Rows Removed by Index Recheck": 0,
                  "Exact Heap Blocks": 8808,
                  "Lossy Heap Blocks": 0,
                  "Plans": [
                    {
                      "Node Type": "Bitmap Index Scan",
                      "Parent Relationship": "Outer",
                      "Parallel Aware": false,
                      "Index Name": "person_id_cast_info",
                      "Startup Cost": 0.0,
                      "Total Cost": 54028.88,
                      "Plan Rows": 2475242,
                      "Plan Width": 0,
                      "Actual Startup Time": 107.057,
                      "Actual Total Time": 107.058,
                      "Actual Rows": 2405484,
                      "Actual Loops": 1,
                      "Index Cond": "(person_id > 3592775)"
                    }
                  ]
                }
              ]
            }
          ]
        }
      ]
    },
    "Planning Time": 0.229,
    "Triggers": [],
    "Execution Time": 262.211
  }
]