[
  {
    "Plan": {
      "Node Type": "Aggregate",
      "Strategy": "Plain",
      "Partial Mode": "Finalize",
      "Parallel Aware": false,
      "Startup Cost": 46064.4,
      "Total Cost": 46064.41,
      "Plan Rows": 1,
      "Plan Width": 8,
      "Actual Startup Time": 164.341,
      "Actual Total Time": 175.424,
      "Actual Rows": 1,
      "Actual Loops": 1,
      "Plans": [
        {
          "Node Type": "Gather",
          "Parent Relationship": "Outer",
          "Parallel Aware": false,
          "Startup Cost": 46064.08,
          "Total Cost": 46064.39,
          "Plan Rows": 3,
          "Plan Width": 8,
          "Actual Startup Time": 164.212,
          "Actual Total Time": 175.415,
          "Actual Rows": 4,
          "Actual Loops": 1,
          "Workers Planned": 3,
          "Workers Launched": 3,
          "Single Copy": false,
          "Plans": [
            {
              "Node Type": "Aggregate",
              "Strategy": "Plain",
              "Partial Mode": "Partial",
              "Parent Relationship": "Outer",
              "Parallel Aware": false,
              "Startup Cost": 45064.08,
              "Total Cost": 45064.09,
              "Plan Rows": 1,
              "Plan Width": 8,
              "Actual Startup Time": 155.904,
              "Actual Total Time": 155.905,
              "Actual Rows": 1,
              "Actual Loops": 4,
              "Plans": [
                {
                  "Node Type": "Seq Scan",
                  "Parent Relationship": "Outer",
                  "Parallel Aware": true,
                  "Relation Name": "movie_keyword",
                  "Alias": "mk",
                  "Startup Cost": 0.0,
                  "Total Cost": 42695.65,
                  "Plan Rows": 947371,
                  "Plan Width": 0,
                  "Actual Startup Time": 0.144,
                  "Actual Total Time": 120.501,
                  "Actual Rows": 734161,
                  "Actual Loops": 4,
                  "Filter": "(keyword_id > 2426)",
                  "Rows Removed by Filter": 396822
                }
              ]
            }
          ]
        }
      ]
    },
    "Planning Time": 0.044,
    "Triggers": [],
    "Execution Time": 175.443
  }
]