[
  {
    "Plan": {
      "Node Type": "Aggregate",
      "Strategy": "Plain",
      "Partial Mode": "Finalize",
      "Parallel Aware": false,
      "Startup Cost": 333269.2,
      "Total Cost": 333269.21,
      "Plan Rows": 1,
      "Plan Width": 8,
      "Actual Startup Time": 739.393,
      "Actual Total Time": 800.901,
      "Actual Rows": 1,
      "Actual Loops": 1,
      "Plans": [
        {
          "Node Type": "Gather",
          "Parent Relationship": "Outer",
          "Parallel Aware": false,
          "Startup Cost": 333268.58,
          "Total Cost": 333269.18,
          "Plan Rows": 6,
          "Plan Width": 8,
          "Actual Startup Time": 739.278,
          "Actual Total Time": 800.892,
          "Actual Rows": 7,
          "Actual Loops": 1,
          "Workers Planned": 6,
          "Workers Launched": 6,
          "Single Copy": false,
          "Plans": [
            {
              "Node Type": "Aggregate",
              "Strategy": "Plain",
              "Partial Mode": "Partial",
              "Parent Relationship": "Outer",
              "Parallel Aware": false,
              "Startup Cost": 332268.58,
              "Total Cost": 332268.59,
              "Plan Rows": 1,
              "Plan Width": 8,
              "Actual Startup Time": 730.984,
              "Actual Total Time": 730.985,
              "Actual Rows": 1,
              "Actual Loops": 7,
              "Plans": [
                {
                  "Node Type": "Seq Scan",
                  "Parent Relationship": "Outer",
                  "Parallel Aware": true,
                  "Relation Name": "cast_info",
                  "Alias": "ci",
                  "Startup Cost": 0.0,
                  "Total Cost": 328162.03,
                  "Plan Rows": 1642620,
                  "Plan Width": 0,
                  "Actual Startup Time": 0.047,
                  "Actual Total Time": 652.941,
                  "Actual Rows": 1417262,
                  "Actual Loops": 7,
                  "Filter": "(person_id < 976888)",
                  "Rows Removed by Filter": 3760501
                }
              ]
            }
          ]
        }
      ]
    },
    "Planning Time": 0.163,
    "Triggers": [],
    "Execution Time": 800.965
  }
]