[
    {
        "Bao": {
            "Bao prediction": 467.092,
            "Bao recommended hint": "(no hint)"
        }
    },
    {
        "Plan": {
            "Node Type": "Aggregate",
            "Strategy": "Plain",
            "Partial Mode": "Finalize",
            "Parallel Aware": false,
            "Startup Cost": 33389.04,
            "Total Cost": 33389.05,
            "Plan Rows": 1,
            "Plan Width": 8,
            "Actual Startup Time": 123.569,
            "Actual Total Time": 130.742,
            "Actual Rows": 1,
            "Actual Loops": 1,
            "Output": [
                "count(*)"
            ],
            "Plans": [
                {
                    "Node Type": "Gather",
                    "Parent Relationship": "Outer",
                    "Parallel Aware": false,
                    "Startup Cost": 33388.72,
                    "Total Cost": 33389.03,
                    "Plan Rows": 3,
                    "Plan Width": 8,
                    "Actual Startup Time": 123.44,
                    "Actual Total Time": 130.736,
                    "Actual Rows": 4,
                    "Actual Loops": 1,
                    "Output": [
                        "(PARTIAL count(*))"
                    ],
                    "Workers Planned": 3,
                    "Workers Launched": 3,
                    "Single Copy": false,
                    "Plans": [
                        {
                            "Node Type": "Aggregate",
                            "Strategy": "Plain",
                            "Partial Mode": "Partial",
                            "Parent Relationship": "Outer",
                            "Parallel Aware": false,
                            "Startup Cost": 32388.72,
                            "Total Cost": 32388.73,
                            "Plan Rows": 1,
                            "Plan Width": 8,
                            "Actual Startup Time": 115.795,
                            "Actual Total Time": 115.796,
                            "Actual Rows": 1,
                            "Actual Loops": 4,
                            "Output": [
                                "PARTIAL count(*)"
                            ],
                            "Workers": [
                                {
                                    "Worker Number": 0,
                                    "Actual Startup Time": 113.274,
                                    "Actual Total Time": 113.275,
                                    "Actual Rows": 1,
                                    "Actual Loops": 1
                                },
                                {
                                    "Worker Number": 1,
                                    "Actual Startup Time": 113.335,
                                    "Actual Total Time": 113.336,
                                    "Actual Rows": 1,
                                    "Actual Loops": 1
                                },
                                {
                                    "Worker Number": 2,
                                    "Actual Startup Time": 113.701,
                                    "Actual Total Time": 113.702,
                                    "Actual Rows": 1,
                                    "Actual Loops": 1
                                }
                            ],
                            "Plans": [
                                {
                                    "Node Type": "Seq Scan",
                                    "Parent Relationship": "Outer",
                                    "Parallel Aware": true,
                                    "Relation Name": "movie_companies",
                                    "Schema": "public",
                                    "Alias": "mc",
                                    "Startup Cost": 0.0,
                                    "Total Cost": 31414.82,
                                    "Plan Rows": 389560,
                                    "Plan Width": 0,
                                    "Actual Startup Time": 51.889,
                                    "Actual Total Time": 98.316,
                                    "Actual Rows": 320000,
                                    "Actual Loops": 4,
                                    "Output": [
                                        "id",
                                        "movie_id",
                                        "company_id",
                                        "company_type_id",
                                        "note"
                                    ],
                                    "Filter": "((mc.company_id > 94) AND (mc.company_type_id > 1))",
                                    "Rows Removed by Filter": 332282,
                                    "Workers": [
                                        {
                                            "Worker Number": 0,
                                            "Actual Startup Time": 49.369,
                                            "Actual Total Time": 95.978,
                                            "Actual Rows": 264878,
                                            "Actual Loops": 1
                                        },
                                        {
                                            "Worker Number": 1,
                                            "Actual Startup Time": 49.437,
                                            "Actual Total Time": 96.143,
                                            "Actual Rows": 263079,
                                            "Actual Loops": 1
                                        },
                                        {
                                            "Worker Number": 2,
                                            "Actual Startup Time": 49.784,
                                            "Actual Total Time": 96.45,
                                            "Actual Rows": 263887,
                                            "Actual Loops": 1
                                        }
                                    ]
                                }
                            ]
                        }
                    ]
                }
            ]
        },
        "Planning Time": 627.487,
        "Triggers": [],
        "Execution Time": 130.826
    }
]