[
  {
    "Plan": {
      "Node Type": "Aggregate",
      "Strategy": "Plain",
      "Partial Mode": "Finalize",
      "Parallel Aware": false,
      "Startup Cost": 40316.62,
      "Total Cost": 40316.63,
      "Plan Rows": 1,
      "Plan Width": 8,
      "Actual Startup Time": 179.001,
      "Actual Total Time": 192.43,
      "Actual Rows": 1,
      "Actual Loops": 1,
      "Plans": [
        {
          "Node Type": "Gather",
          "Parent Relationship": "Outer",
          "Parallel Aware": false,
          "Startup Cost": 40316.31,
          "Total Cost": 40316.62,
          "Plan Rows": 3,
          "Plan Width": 8,
          "Actual Startup Time": 178.593,
          "Actual Total Time": 192.416,
          "Actual Rows": 4,
          "Actual Loops": 1,
          "Workers Planned": 3,
          "Workers Launched": 3,
          "Single Copy": false,
          "Plans": [
            {
              "Node Type": "Aggregate",
              "Strategy": "Plain",
              "Partial Mode": "Partial",
              "Parent Relationship": "Outer",
              "Parallel Aware": false,
              "Startup Cost": 39316.31,
              "Total Cost": 39316.32,
              "Plan Rows": 1,
              "Plan Width": 8,
              "Actual Startup Time": 170.896,
              "Actual Total Time": 170.898,
              "Actual Rows": 1,
              "Actual Loops": 4,
              "Plans": [
                {
                  "Node Type": "Bitmap Heap Scan",
                  "Parent Relationship": "Outer",
                  "Parallel Aware": true,
                  "Relation Name": "movie_keyword",
                  "Alias": "mk",
                  "Startup Cost": 12101.82,
                  "Total Cost": 38856.22,
                  "Plan Rows": 184033,
                  "Plan Width": 0,
                  "Actual Startup Time": 61.636,
                  "Actual Total Time": 159.648,
                  "Actual Rows": 144409,
                  "Actual Loops": 4,
                  "Recheck Cond": "(keyword_id < 408)",
                  "Rows Removed by Index Recheck": 0,
                  "Exact Heap Blocks": 9064,
                  "Lossy Heap Blocks": 0,
                  "Plans": [
                    {
                      "Node Type": "Bitmap Index Scan",
                      "Parent Relationship": "Outer",
                      "Parallel Aware": false,
                      "Index Name": "keyword_id_movie_keyword",
                      "Startup Cost": 0.0,
                      "Total Cost": 11959.19,
                      "Plan Rows": 570501,
                      "Plan Width": 0,
                      "Actual Startup Time": 61.018,
                      "Actual Total Time": 61.018,
                      "Actual Rows": 577636,
                      "Actual Loops": 1,
                      "Index Cond": "(keyword_id < 408)"
                    }
                  ]
                }
              ]
            }
          ]
        }
      ]
    },
    "Planning Time": 0.24,
    "Triggers": [],
    "Execution Time": 192.528
  }
]