[
  {
    "Plan": {
      "Node Type": "Aggregate",
      "Strategy": "Plain",
      "Partial Mode": "Finalize",
      "Parallel Aware": false,
      "Startup Cost": 324478.29,
      "Total Cost": 324478.3,
      "Plan Rows": 1,
      "Plan Width": 8,
      "Actual Startup Time": 2273.282,
      "Actual Total Time": 2393.567,
      "Actual Rows": 1,
      "Actual Loops": 1,
      "Plans": [
        {
          "Node Type": "Gather",
          "Parent Relationship": "Outer",
          "Parallel Aware": false,
          "Startup Cost": 324477.76,
          "Total Cost": 324478.27,
          "Plan Rows": 5,
          "Plan Width": 8,
          "Actual Startup Time": 2268.855,
          "Actual Total Time": 2393.558,
          "Actual Rows": 6,
          "Actual Loops": 1,
          "Workers Planned": 5,
          "Workers Launched": 5,
          "Single Copy": false,
          "Plans": [
            {
              "Node Type": "Aggregate",
              "Strategy": "Plain",
              "Partial Mode": "Partial",
              "Parent Relationship": "Outer",
              "Parallel Aware": false,
              "Startup Cost": 323477.76,
              "Total Cost": 323477.77,
              "Plan Rows": 1,
              "Plan Width": 8,
              "Actual Startup Time": 2261.585,
              "Actual Total Time": 2261.588,
              "Actual Rows": 1,
              "Actual Loops": 6,
              "Plans": [
                {
                  "Node Type": "Nested Loop",
                  "Parent Relationship": "Outer",
                  "Parallel Aware": false,
                  "Join Type": "Inner",
                  "Startup Cost": 69540.21,
                  "Total Cost": 322475.63,
                  "Plan Rows": 400854,
                  "Plan Width": 0,
                  "Actual Startup Time": 202.543,
                  "Actual Total Time": 2230.304,
                  "Actual Rows": 611371,
                  "Actual Loops": 6,
                  "Inner Unique": false,
                  "Plans": [
                    {
                      "Node Type": "Merge Join",
                      "Parent Relationship": "Outer",
                      "Parallel Aware": false,
                      "Join Type": "Inner",
                      "Startup Cost": 69539.65,
                      "Total Cost": 163634.53,
                      "Plan Rows": 79797,
                      "Plan Width": 8,
                      "Actual Startup Time": 202.274,
                      "Actual Total Time": 588.632,
                      "Actual Rows": 65507,
                      "Actual Loops": 6,
                      "Inner Unique": false,
                      "Merge Cond": "(t.id = mc.movie_id)",
                      "Plans": [
                        {
                          "Node Type": "Index Only Scan",
                          "Parent Relationship": "Outer",
                          "Parallel Aware": true,
                          "Scan Direction": "Forward",
                          "Index Name": "title_pkey",
                          "Relation Name": "title",
                          "Alias": "t",
                          "Startup Cost": 0.43,
                          "Total Cost": 90125.02,
                          "Plan Rows": 505685,
                          "Plan Width": 4,
                          "Actual Startup Time": 0.121,
                          "Actual Total Time": 310.449,
                          "Actual Rows": 420946,
                          "Actual Loops": 6,
                          "Heap Fetches": 2525673
                        },
                        {
                          "Node Type": "Sort",
                          "Parent Relationship": "Inner",
                          "Parallel Aware": false,
                          "Startup Cost": 69539.16,
                          "Total Cost": 70536.62,
                          "Plan Rows": 398983,
                          "Plan Width": 4,
                          "Actual Startup Time": 201.956,
                          "Actual Total Time": 223.718,
                          "Actual Rows": 393040,
                          "Actual Loops": 6,
                          "Sort Key": [
                            "mc.movie_id"
                          ],
                          "Sort Method": "quicksort",
                          "Sort Space Used": 30712,
                          "Sort Space Type": "Memory",
                          "Workers": [
                            {
                              "Worker Number": 0,
                              "Sort Method": "quicksort",
                              "Sort Space Used": 30712,
                              "Sort Space Type": "Memory"
                            },
                            {
                              "Worker Number": 1,
                              "Sort Method": "quicksort",
                              "Sort Space Used": 30712,
                              "Sort Space Type": "Memory"
                            },
                            {
                              "Worker Number": 2,
                              "Sort Method": "quicksort",
                              "Sort Space Used": 30712,
                              "Sort Space Type": "Memory"
                            },
                            {
                              "Worker Number": 3,
                              "Sort Method": "quicksort",
                              "Sort Space Used": 30712,
                              "Sort Space Type": "Memory"
                            },
                            {
                              "Worker Number": 4,
                              "Sort Method": "quicksort",
                              "Sort Space Used": 30712,
                              "Sort Space Type": "Memory"
                            }
                          ],
                          "Plans": [
                            {
                              "Node Type": "Bitmap Heap Scan",
                              "Parent Relationship": "Outer",
                              "Parallel Aware": false,
                              "Relation Name": "movie_companies",
                              "Alias": "mc",
                              "Startup Cost": 8644.55,
                              "Total Cost": 32421.84,
                              "Plan Rows": 398983,
                              "Plan Width": 4,
                              "Actual Startup Time": 27.921,
                              "Actual Total Time": 110.044,
                              "Actual Rows": 393040,
                              "Actual Loops": 6,
                              "Recheck Cond": "(company_id < 240)",
                              "Rows Removed by Index Recheck": 0,
                              "Exact Heap Blocks": 18001,
                              "Lossy Heap Blocks": 0,
                              "Plans": [
                                {
                                  "Node Type": "Bitmap Index Scan",
                                  "Parent Relationship": "Outer",
                                  "Parallel Aware": false,
                                  "Index Name": "company_id_movie_companies",
                                  "Startup Cost": 0.0,
                                  "Total Cost": 8544.8,
                                  "Plan Rows": 398983,
                                  "Plan Width": 0,
                                  "Actual Startup Time": 25.664,
                                  "Actual Total Time": 25.664,
                                  "Actual Rows": 393040,
                                  "Actual Loops": 6,
                                  "Index Cond": "(company_id < 240)"
                                }
                              ]
                            }
                          ]
                        }
                      ]
                    },
                    {
                      "Node Type": "Index Scan",
                      "Parent Relationship": "Inner",
                      "Parallel Aware": false,
                      "Scan Direction": "Forward",
                      "Index Name": "movie_id_cast_info",
                      "Relation Name": "cast_info",
                      "Alias": "ci",
                      "Startup Cost": 0.56,
                      "Total Cost": 1.87,
                      "Plan Rows": 12,
                      "Plan Width": 4,
                      "Actual Startup Time": 0.004,
                      "Actual Total Time": 0.024,
                      "Actual Rows": 9,
                      "Actual Loops": 393040,
                      "Index Cond": "(movie_id = t.id)",
                      "Rows Removed by Index Recheck": 0,
                      "Filter": "(role_id = 1)",
                      "Rows Removed by Filter": 20
                    }
                  ]
                }
              ]
            }
          ]
        }
      ]
    },
    "Planning Time": 0.636,
    "Triggers": [],
    "Execution Time": 2400.278
  }
]