[
  {
    "Plan": {
      "Node Type": "Aggregate",
      "Strategy": "Plain",
      "Partial Mode": "Finalize",
      "Parallel Aware": false,
      "Startup Cost": 280934.23,
      "Total Cost": 280934.24,
      "Plan Rows": 1,
      "Plan Width": 8,
      "Actual Startup Time": 2790.831,
      "Actual Total Time": 2882.408,
      "Actual Rows": 1,
      "Actual Loops": 1,
      "Plans": [
        {
          "Node Type": "Gather",
          "Parent Relationship": "Outer",
          "Parallel Aware": false,
          "Startup Cost": 280933.81,
          "Total Cost": 280934.22,
          "Plan Rows": 4,
          "Plan Width": 8,
          "Actual Startup Time": 2788.429,
          "Actual Total Time": 2882.397,
          "Actual Rows": 5,
          "Actual Loops": 1,
          "Workers Planned": 4,
          "Workers Launched": 4,
          "Single Copy": false,
          "Plans": [
            {
              "Node Type": "Aggregate",
              "Strategy": "Plain",
              "Partial Mode": "Partial",
              "Parent Relationship": "Outer",
              "Parallel Aware": false,
              "Startup Cost": 279933.81,
              "Total Cost": 279933.82,
              "Plan Rows": 1,
              "Plan Width": 8,
              "Actual Startup Time": 2779.125,
              "Actual Total Time": 2779.129,
              "Actual Rows": 1,
              "Actual Loops": 5,
              "Plans": [
                {
                  "Node Type": "Nested Loop",
                  "Parent Relationship": "Outer",
                  "Parallel Aware": false,
                  "Join Type": "Inner",
                  "Startup Cost": 30583.12,
                  "Total Cost": 278710.66,
                  "Plan Rows": 489258,
                  "Plan Width": 0,
                  "Actual Startup Time": 115.481,
                  "Actual Total Time": 2738.543,
                  "Actual Rows": 733646,
                  "Actual Loops": 5,
                  "Inner Unique": false,
                  "Plans": [
                    {
                      "Node Type": "Hash Join",
                      "Parent Relationship": "Outer",
                      "Parallel Aware": true,
                      "Join Type": "Inner",
                      "Startup Cost": 30582.56,
                      "Total Cost": 76381.49,
                      "Plan Rows": 99152,
                      "Plan Width": 8,
                      "Actual Startup Time": 115.377,
                      "Actual Total Time": 397.21,
                      "Actual Rows": 78608,
                      "Actual Loops": 5,
                      "Inner Unique": false,
                      "Hash Cond": "(t.id = mc.movie_id)",
                      "Plans": [
                        {
                          "Node Type": "Seq Scan",
                          "Parent Relationship": "Outer",
                          "Parallel Aware": true,
                          "Relation Name": "title",
                          "Alias": "t",
                          "Startup Cost": 0.0,
                          "Total Cost": 42318.73,
                          "Plan Rows": 632073,
                          "Plan Width": 4,
                          "Actual Startup Time": 0.014,
                          "Actual Total Time": 68.592,
                          "Actual Rows": 505662,
                          "Actual Loops": 5
                        },
                        {
                          "Node Type": "Hash",
                          "Parent Relationship": "Inner",
                          "Parallel Aware": true,
                          "Startup Cost": 28983.34,
                          "Total Cost": 28983.34,
                          "Plan Rows": 127937,
                          "Plan Width": 4,
                          "Actual Startup Time": 112.754,
                          "Actual Total Time": 112.756,
                          "Actual Rows": 78608,
                          "Actual Loops": 5,
                          "Hash Buckets": 524288,
                          "Original Hash Buckets": 524288,
                          "Hash Batches": 1,
                          "Original Hash Batches": 1,
                          "Peak Memory Usage": 19520,
                          "Plans": [
                            {
                              "Node Type": "Bitmap Heap Scan",
                              "Parent Relationship": "Outer",
                              "Parallel Aware": true,
                              "Relation Name": "movie_companies",
                              "Alias": "mc",
                              "Startup Cost": 8594.13,
                              "Total Cost": 28983.34,
                              "Plan Rows": 127937,
                              "Plan Width": 4,
                              "Actual Startup Time": 32.627,
                              "Actual Total Time": 80.982,
                              "Actual Rows": 78608,
                              "Actual Loops": 5,
                              "Recheck Cond": "(company_id < 240)",
                              "Rows Removed by Index Recheck": 0,
                              "Exact Heap Blocks": 6874,
                              "Lossy Heap Blocks": 0,
                              "Plans": [
                                {
                                  "Node Type": "Bitmap Index Scan",
                                  "Parent Relationship": "Outer",
                                  "Parallel Aware": false,
                                  "Index Name": "company_id_movie_companies",
                                  "Startup Cost": 0.0,
                                  "Total Cost": 8494.98,
                                  "Plan Rows": 396606,
                                  "Plan Width": 0,
                                  "Actual Startup Time": 29.936,
                                  "Actual Total Time": 29.937,
                                  "Actual Rows": 393040,
                                  "Actual Loops": 1,
                                  "Index Cond": "(company_id < 240)"
                                }
                              ]
                            }
                          ]
                        }
                      ]
                    },
                    {
                      "Node Type": "Index Scan",
                      "Parent Relationship": "Inner",
                      "Parallel Aware": false,
                      "Scan Direction": "Forward",
                      "Index Name": "movie_id_cast_info",
                      "Relation Name": "cast_info",
                      "Alias": "ci",
                      "Startup Cost": 0.56,
                      "Total Cost": 1.91,
                      "Plan Rows": 13,
                      "Plan Width": 4,
                      "Actual Startup Time": 0.006,
                      "Actual Total Time": 0.029,
                      "Actual Rows": 9,
                      "Actual Loops": 393040,
                      "Index Cond": "(movie_id = t.id)",
                      "Rows Removed by Index Recheck": 0,
                      "Filter": "(role_id = 1)",
                      "Rows Removed by Filter": 20
                    }
                  ]
                }
              ]
            }
          ]
        }
      ]
    },
    "Planning Time": 1.52,
    "Triggers": [],
    "Execution Time": 2882.559
  }
]