[
  {
    "Plan": {
      "Node Type": "Aggregate",
      "Strategy": "Plain",
      "Partial Mode": "Finalize",
      "Parallel Aware": false,
      "Startup Cost": 83744.41,
      "Total Cost": 83744.42,
      "Plan Rows": 1,
      "Plan Width": 8,
      "Actual Startup Time": 383.028,
      "Actual Total Time": 397.666,
      "Actual Rows": 1,
      "Actual Loops": 1,
      "Plans": [
        {
          "Node Type": "Gather",
          "Parent Relationship": "Outer",
          "Parallel Aware": false,
          "Startup Cost": 83743.99,
          "Total Cost": 83744.4,
          "Plan Rows": 4,
          "Plan Width": 8,
          "Actual Startup Time": 377.557,
          "Actual Total Time": 397.655,
          "Actual Rows": 5,
          "Actual Loops": 1,
          "Workers Planned": 4,
          "Workers Launched": 4,
          "Single Copy": false,
          "Plans": [
            {
              "Node Type": "Aggregate",
              "Strategy": "Plain",
              "Partial Mode": "Partial",
              "Parent Relationship": "Outer",
              "Parallel Aware": false,
              "Startup Cost": 82743.99,
              "Total Cost": 82744.0,
              "Plan Rows": 1,
              "Plan Width": 8,
              "Actual Startup Time": 363.964,
              "Actual Total Time": 363.968,
              "Actual Rows": 1,
              "Actual Loops": 5,
              "Plans": [
                {
                  "Node Type": "Hash Join",
                  "Parent Relationship": "Outer",
                  "Parallel Aware": true,
                  "Join Type": "Inner",
                  "Startup Cost": 35732.22,
                  "Total Cost": 82074.8,
                  "Plan Rows": 267678,
                  "Plan Width": 0,
                  "Actual Startup Time": 149.062,
                  "Actual Total Time": 355.934,
                  "Actual Rows": 189268,
                  "Actual Loops": 5,
                  "Inner Unique": false,
                  "Hash Cond": "(t.id = mc.movie_id)",
                  "Plans": [
                    {
                      "Node Type": "Seq Scan",
                      "Parent Relationship": "Outer",
                      "Parallel Aware": true,
                      "Relation Name": "title",
                      "Alias": "t",
                      "Startup Cost": 0.0,
                      "Total Cost": 42318.73,
                      "Plan Rows": 632073,
                      "Plan Width": 4,
                      "Actual Startup Time": 0.014,
                      "Actual Total Time": 64.302,
                      "Actual Rows": 505662,
                      "Actual Loops": 5
                    },
                    {
                      "Node Type": "Hash",
                      "Parent Relationship": "Inner",
                      "Parallel Aware": true,
                      "Startup Cost": 31414.82,
                      "Total Cost": 31414.82,
                      "Plan Rows": 345392,
                      "Plan Width": 4,
                      "Actual Startup Time": 142.49,
                      "Actual Total Time": 142.491,
                      "Actual Rows": 189268,
                      "Actual Loops": 5,
                      "Hash Buckets": 2097152,
                      "Original Hash Buckets": 2097152,
                      "Hash Batches": 1,
                      "Original Hash Batches": 1,
                      "Peak Memory Usage": 53472,
                      "Plans": [
                        {
                          "Node Type": "Seq Scan",
                          "Parent Relationship": "Outer",
                          "Parallel Aware": true,
                          "Relation Name": "movie_companies",
                          "Alias": "mc",
                          "Startup Cost": 0.0,
                          "Total Cost": 31414.82,
                          "Plan Rows": 345392,
                          "Plan Width": 4,
                          "Actual Startup Time": 0.127,
                          "Actual Total Time": 70.718,
                          "Actual Rows": 189268,
                          "Actual Loops": 5,
                          "Filter": "((company_id > 305) AND (company_type_id < 2))",
                          "Rows Removed by Filter": 332558
                        }
                      ]
                    }
                  ]
                }
              ]
            }
          ]
        }
      ]
    },
    "Planning Time": 0.667,
    "Triggers": [],
    "Execution Time": 397.735
  }
]