[
  {
    "Plan": {
      "Node Type": "Aggregate",
      "Strategy": "Plain",
      "Partial Mode": "Finalize",
      "Parallel Aware": false,
      "Startup Cost": 392900.87,
      "Total Cost": 392900.88,
      "Plan Rows": 1,
      "Plan Width": 8,
      "Actual Startup Time": 1951.638,
      "Actual Total Time": 2017.939,
      "Actual Rows": 1,
      "Actual Loops": 1,
      "Plans": [
        {
          "Node Type": "Gather",
          "Parent Relationship": "Outer",
          "Parallel Aware": false,
          "Startup Cost": 392900.24,
          "Total Cost": 392900.85,
          "Plan Rows": 6,
          "Plan Width": 8,
          "Actual Startup Time": 1940.514,
          "Actual Total Time": 2017.928,
          "Actual Rows": 7,
          "Actual Loops": 1,
          "Workers Planned": 6,
          "Workers Launched": 6,
          "Single Copy": false,
          "Plans": [
            {
              "Node Type": "Aggregate",
              "Strategy": "Plain",
              "Partial Mode": "Partial",
              "Parent Relationship": "Outer",
              "Parallel Aware": false,
              "Startup Cost": 391900.24,
              "Total Cost": 391900.25,
              "Plan Rows": 1,
              "Plan Width": 8,
              "Actual Startup Time": 1925.067,
              "Actual Total Time": 1925.07,
              "Actual Rows": 1,
              "Actual Loops": 7,
              "Plans": [
                {
                  "Node Type": "Hash Join",
                  "Parent Relationship": "Outer",
                  "Parallel Aware": true,
                  "Join Type": "Inner",
                  "Startup Cost": 48971.7,
                  "Total Cost": 387525.37,
                  "Plan Rows": 1749947,
                  "Plan Width": 0,
                  "Actual Startup Time": 366.373,
                  "Actual Total Time": 1851.966,
                  "Actual Rows": 1732983,
                  "Actual Loops": 7,
                  "Inner Unique": true,
                  "Hash Cond": "(ci.movie_id = t.id)",
                  "Plans": [
                    {
                      "Node Type": "Seq Scan",
                      "Parent Relationship": "Outer",
                      "Parallel Aware": true,
                      "Relation Name": "cast_info",
                      "Alias": "ci",
                      "Startup Cost": 0.0,
                      "Total Cost": 328162.03,
                      "Plan Rows": 3958715,
                      "Plan Width": 4,
                      "Actual Startup Time": 195.947,
                      "Actual Total Time": 666.343,
                      "Actual Rows": 3367665,
                      "Actual Loops": 7,
                      "Filter": "(role_id > 1)",
                      "Rows Removed by Filter": 1810098
                    },
                    {
                      "Node Type": "Hash",
                      "Parent Relationship": "Inner",
                      "Parallel Aware": true,
                      "Startup Cost": 45479.1,
                      "Total Cost": 45479.1,
                      "Plan Rows": 279408,
                      "Plan Width": 4,
                      "Actual Startup Time": 165.321,
                      "Actual Total Time": 165.322,
                      "Actual Rows": 173298,
                      "Actual Loops": 7,
                      "Hash Buckets": 2097152,
                      "Original Hash Buckets": 2097152,
                      "Hash Batches": 1,
                      "Original Hash Batches": 1,
                      "Peak Memory Usage": 63968,
                      "Plans": [
                        {
                          "Node Type": "Seq Scan",
                          "Parent Relationship": "Outer",
                          "Parallel Aware": true,
                          "Relation Name": "title",
                          "Alias": "t",
                          "Startup Cost": 0.0,
                          "Total Cost": 45479.1,
                          "Plan Rows": 279408,
                          "Plan Width": 4,
                          "Actual Startup Time": 0.039,
                          "Actual Total Time": 77.888,
                          "Actual Rows": 173298,
                          "Actual Loops": 7,
                          "Filter": "((production_year > 1986) AND (kind_id = 7))",
                          "Rows Removed by Filter": 187889
                        }
                      ]
                    }
                  ]
                }
              ]
            }
          ]
        }
      ]
    },
    "Planning Time": 0.603,
    "Triggers": [],
    "Execution Time": 2018.037
  }
]