[
  {
    "Plan": {
      "Node Type": "Aggregate",
      "Strategy": "Plain",
      "Partial Mode": "Finalize",
      "Parallel Aware": false,
      "Startup Cost": 352020.4,
      "Total Cost": 352020.41,
      "Plan Rows": 1,
      "Plan Width": 8,
      "Actual Startup Time": 888.187,
      "Actual Total Time": 934.758,
      "Actual Rows": 1,
      "Actual Loops": 1,
      "Plans": [
        {
          "Node Type": "Gather",
          "Parent Relationship": "Outer",
          "Parallel Aware": false,
          "Startup Cost": 352019.77,
          "Total Cost": 352020.38,
          "Plan Rows": 6,
          "Plan Width": 8,
          "Actual Startup Time": 887.985,
          "Actual Total Time": 934.741,
          "Actual Rows": 7,
          "Actual Loops": 1,
          "Workers Planned": 6,
          "Workers Launched": 6,
          "Single Copy": false,
          "Plans": [
            {
              "Node Type": "Aggregate",
              "Strategy": "Plain",
              "Partial Mode": "Partial",
              "Parent Relationship": "Outer",
              "Parallel Aware": false,
              "Startup Cost": 351019.77,
              "Total Cost": 351019.78,
              "Plan Rows": 1,
              "Plan Width": 8,
              "Actual Startup Time": 881.653,
              "Actual Total Time": 881.654,
              "Actual Rows": 1,
              "Actual Loops": 7,
              "Plans": [
                {
                  "Node Type": "Seq Scan",
                  "Parent Relationship": "Outer",
                  "Parallel Aware": true,
                  "Relation Name": "cast_info",
                  "Alias": "ci",
                  "Startup Cost": 0.0,
                  "Total Cost": 343316.27,
                  "Plan Rows": 3081400,
                  "Plan Width": 0,
                  "Actual Startup Time": 229.564,
                  "Actual Total Time": 725.327,
                  "Actual Rows": 3053619,
                  "Actual Loops": 7,
                  "Filter": "((person_id > 771741) AND (role_id > 1))",
                  "Rows Removed by Filter": 2124145
                }
              ]
            }
          ]
        }
      ]
    },
    "Planning Time": 0.233,
    "Triggers": [],
    "Execution Time": 934.829
  }
]