[
  {
    "Plan": {
      "Node Type": "Aggregate",
      "Strategy": "Plain",
      "Partial Mode": "Finalize",
      "Parallel Aware": false,
      "Startup Cost": 374896.62,
      "Total Cost": 374896.63,
      "Plan Rows": 1,
      "Plan Width": 8,
      "Actual Startup Time": 1402.073,
      "Actual Total Time": 1476.277,
      "Actual Rows": 1,
      "Actual Loops": 1,
      "Plans": [
        {
          "Node Type": "Gather",
          "Parent Relationship": "Outer",
          "Parallel Aware": false,
          "Startup Cost": 374896.0,
          "Total Cost": 374896.61,
          "Plan Rows": 6,
          "Plan Width": 8,
          "Actual Startup Time": 1399.229,
          "Actual Total Time": 1476.262,
          "Actual Rows": 7,
          "Actual Loops": 1,
          "Workers Planned": 6,
          "Workers Launched": 6,
          "Single Copy": false,
          "Plans": [
            {
              "Node Type": "Aggregate",
              "Strategy": "Plain",
              "Partial Mode": "Partial",
              "Parent Relationship": "Outer",
              "Parallel Aware": false,
              "Startup Cost": 373896.0,
              "Total Cost": 373896.01,
              "Plan Rows": 1,
              "Plan Width": 8,
              "Actual Startup Time": 1391.617,
              "Actual Total Time": 1391.621,
              "Actual Rows": 1,
              "Actual Loops": 7,
              "Plans": [
                {
                  "Node Type": "Nested Loop",
                  "Parent Relationship": "Outer",
                  "Parallel Aware": false,
                  "Join Type": "Inner",
                  "Startup Cost": 46712.66,
                  "Total Cost": 373496.98,
                  "Plan Rows": 159606,
                  "Plan Width": 0,
                  "Actual Startup Time": 279.583,
                  "Actual Total Time": 1366.068,
                  "Actual Rows": 422811,
                  "Actual Loops": 7,
                  "Inner Unique": false,
                  "Join Filter": "(t.id = mi.movie_id)",
                  "Rows Removed by Join Filter": 0,
                  "Plans": [
                    {
                      "Node Type": "Hash Join",
                      "Parent Relationship": "Outer",
                      "Parallel Aware": true,
                      "Join Type": "Inner",
                      "Startup Cost": 46712.23,
                      "Total Cost": 249767.85,
                      "Plan Rows": 69591,
                      "Plan Width": 8,
                      "Actual Startup Time": 279.464,
                      "Actual Total Time": 490.939,
                      "Actual Rows": 41534,
                      "Actual Loops": 7,
                      "Inner Unique": true,
                      "Hash Cond": "(ci.movie_id = t.id)",
                      "Plans": [
                        {
                          "Node Type": "Index Scan",
                          "Parent Relationship": "Outer",
                          "Parallel Aware": true,
                          "Scan Direction": "Forward",
                          "Index Name": "role_id_cast_info",
                          "Relation Name": "cast_info",
                          "Alias": "ci",
                          "Startup Cost": 0.56,
                          "Total Cost": 201884.69,
                          "Plan Rows": 446285,
                          "Plan Width": 4,
                          "Actual Startup Time": 174.159,
                          "Actual Total Time": 259.783,
                          "Actual Rows": 325597,
                          "Actual Loops": 7,
                          "Index Cond": "(role_id = 2)",
                          "Rows Removed by Index Recheck": 0,
                          "Filter": "(person_id > 2404299)",
                          "Rows Removed by Filter": 738970
                        },
                        {
                          "Node Type": "Hash",
                          "Parent Relationship": "Inner",
                          "Parallel Aware": true,
                          "Startup Cost": 45479.59,
                          "Total Cost": 45479.59,
                          "Plan Rows": 98566,
                          "Plan Width": 4,
                          "Actual Startup Time": 103.033,
                          "Actual Total Time": 103.034,
                          "Actual Rows": 47999,
                          "Actual Loops": 7,
                          "Hash Buckets": 524288,
                          "Original Hash Buckets": 524288,
                          "Hash Batches": 1,
                          "Original Hash Batches": 1,
                          "Peak Memory Usage": 17344,
                          "Plans": [
                            {
                              "Node Type": "Seq Scan",
                              "Parent Relationship": "Outer",
                              "Parallel Aware": true,
                              "Relation Name": "title",
                              "Alias": "t",
                              "Startup Cost": 0.0,
                              "Total Cost": 45479.59,
                              "Plan Rows": 98566,
                              "Plan Width": 4,
                              "Actual Startup Time": 0.051,
                              "Actual Total Time": 78.294,
                              "Actual Rows": 47999,
                              "Actual Loops": 7,
                              "Filter": "((kind_id < 7) AND (production_year > 2005))",
                              "Rows Removed by Filter": 313188
                            }
                          ]
                        }
                      ]
                    },
                    {
                      "Node Type": "Index Scan",
                      "Parent Relationship": "Inner",
                      "Parallel Aware": false,
                      "Scan Direction": "Forward",
                      "Index Name": "movie_id_movie_info",
                      "Relation Name": "movie_info",
                      "Alias": "mi",
                      "Startup Cost": 0.43,
                      "Total Cost": 1.58,
                      "Plan Rows": 16,
                      "Plan Width": 4,
                      "Actual Startup Time": 0.009,
                      "Actual Total Time": 0.02,
                      "Actual Rows": 10,
                      "Actual Loops": 290738,
                      "Index Cond": "(movie_id = ci.movie_id)",
                      "Rows Removed by Index Recheck": 0,
                      "Filter": "(info_type_id > 13)",
                      "Rows Removed by Filter": 9
                    }
                  ]
                }
              ]
            }
          ]
        }
      ]
    },
    "Planning Time": 1.492,
    "Triggers": [],
    "Execution Time": 1476.393
  }
]