[
  {
    "Plan": {
      "Node Type": "Aggregate",
      "Strategy": "Plain",
      "Partial Mode": "Finalize",
      "Parallel Aware": false,
      "Startup Cost": 81318.79,
      "Total Cost": 81318.8,
      "Plan Rows": 1,
      "Plan Width": 8,
      "Actual Startup Time": 312.658,
      "Actual Total Time": 329.844,
      "Actual Rows": 1,
      "Actual Loops": 1,
      "Plans": [
        {
          "Node Type": "Gather",
          "Parent Relationship": "Outer",
          "Parallel Aware": false,
          "Startup Cost": 81318.37,
          "Total Cost": 81318.78,
          "Plan Rows": 4,
          "Plan Width": 8,
          "Actual Startup Time": 308.745,
          "Actual Total Time": 329.833,
          "Actual Rows": 5,
          "Actual Loops": 1,
          "Workers Planned": 4,
          "Workers Launched": 4,
          "Single Copy": false,
          "Plans": [
            {
              "Node Type": "Aggregate",
              "Strategy": "Plain",
              "Partial Mode": "Partial",
              "Parent Relationship": "Outer",
              "Parallel Aware": false,
              "Startup Cost": 80318.37,
              "Total Cost": 80318.38,
              "Plan Rows": 1,
              "Plan Width": 8,
              "Actual Startup Time": 299.298,
              "Actual Total Time": 299.301,
              "Actual Rows": 1,
              "Actual Loops": 5,
              "Plans": [
                {
                  "Node Type": "Hash Join",
                  "Parent Relationship": "Outer",
                  "Parallel Aware": true,
                  "Join Type": "Inner",
                  "Startup Cost": 33942.09,
                  "Total Cost": 79926.64,
                  "Plan Rows": 156691,
                  "Plan Width": 0,
                  "Actual Startup Time": 113.72,
                  "Actual Total Time": 294.89,
                  "Actual Rows": 79871,
                  "Actual Loops": 5,
                  "Inner Unique": false,
                  "Hash Cond": "(t.id = mc.movie_id)",
                  "Plans": [
                    {
                      "Node Type": "Seq Scan",
                      "Parent Relationship": "Outer",
                      "Parallel Aware": true,
                      "Relation Name": "title",
                      "Alias": "t",
                      "Startup Cost": 0.0,
                      "Total Cost": 42318.73,
                      "Plan Rows": 632073,
                      "Plan Width": 4,
                      "Actual Startup Time": 0.011,
                      "Actual Total Time": 70.851,
                      "Actual Rows": 505662,
                      "Actual Loops": 5
                    },
                    {
                      "Node Type": "Hash",
                      "Parent Relationship": "Inner",
                      "Parallel Aware": true,
                      "Startup Cost": 31414.82,
                      "Total Cost": 31414.82,
                      "Plan Rows": 202182,
                      "Plan Width": 4,
                      "Actual Startup Time": 109.418,
                      "Actual Total Time": 109.419,
                      "Actual Rows": 79871,
                      "Actual Loops": 5,
                      "Hash Buckets": 1048576,
                      "Original Hash Buckets": 1048576,
                      "Hash Batches": 1,
                      "Original Hash Batches": 1,
                      "Peak Memory Usage": 23872,
                      "Plans": [
                        {
                          "Node Type": "Seq Scan",
                          "Parent Relationship": "Outer",
                          "Parallel Aware": true,
                          "Relation Name": "movie_companies",
                          "Alias": "mc",
                          "Startup Cost": 0.0,
                          "Total Cost": 31414.82,
                          "Plan Rows": 202182,
                          "Plan Width": 4,
                          "Actual Startup Time": 45.773,
                          "Actual Total Time": 76.101,
                          "Actual Rows": 79871,
                          "Actual Loops": 5,
                          "Filter": "((company_id < 11141) AND (company_type_id > 1))",
                          "Rows Removed by Filter": 441955
                        }
                      ]
                    }
                  ]
                }
              ]
            }
          ]
        }
      ]
    },
    "Planning Time": 0.639,
    "Triggers": [],
    "Execution Time": 329.924
  }
]