[
  {
    "Plan": {
      "Node Type": "Aggregate",
      "Strategy": "Plain",
      "Partial Mode": "Finalize",
      "Parallel Aware": false,
      "Startup Cost": 236498.87,
      "Total Cost": 236498.88,
      "Plan Rows": 1,
      "Plan Width": 8,
      "Actual Startup Time": 398.69,
      "Actual Total Time": 436.52,
      "Actual Rows": 1,
      "Actual Loops": 1,
      "Plans": [
        {
          "Node Type": "Gather",
          "Parent Relationship": "Outer",
          "Parallel Aware": false,
          "Startup Cost": 236498.45,
          "Total Cost": 236498.86,
          "Plan Rows": 4,
          "Plan Width": 8,
          "Actual Startup Time": 398.55,
          "Actual Total Time": 436.508,
          "Actual Rows": 5,
          "Actual Loops": 1,
          "Workers Planned": 4,
          "Workers Launched": 4,
          "Single Copy": false,
          "Plans": [
            {
              "Node Type": "Aggregate",
              "Strategy": "Plain",
              "Partial Mode": "Partial",
              "Parent Relationship": "Outer",
              "Parallel Aware": false,
              "Startup Cost": 235498.45,
              "Total Cost": 235498.46,
              "Plan Rows": 1,
              "Plan Width": 8,
              "Actual Startup Time": 389.183,
              "Actual Total Time": 389.184,
              "Actual Rows": 1,
              "Actual Loops": 5,
              "Plans": [
                {
                  "Node Type": "Nested Loop",
                  "Parent Relationship": "Outer",
                  "Parallel Aware": false,
                  "Join Type": "Inner",
                  "Startup Cost": 0.43,
                  "Total Cost": 235439.61,
                  "Plan Rows": 23536,
                  "Plan Width": 0,
                  "Actual Startup Time": 60.825,
                  "Actual Total Time": 377.988,
                  "Actual Rows": 182021,
                  "Actual Loops": 5,
                  "Inner Unique": false,
                  "Plans": [
                    {
                      "Node Type": "Seq Scan",
                      "Parent Relationship": "Outer",
                      "Parallel Aware": true,
                      "Relation Name": "title",
                      "Alias": "t",
                      "Startup Cost": 0.0,
                      "Total Cost": 45479.1,
                      "Plan Rows": 6274,
                      "Plan Width": 4,
                      "Actual Startup Time": 60.734,
                      "Actual Total Time": 92.035,
                      "Actual Rows": 19715,
                      "Actual Loops": 5,
                      "Filter": "((production_year < 1924) AND (kind_id = 1))",
                      "Rows Removed by Filter": 485947
                    },
                    {
                      "Node Type": "Index Scan",
                      "Parent Relationship": "Inner",
                      "Parallel Aware": false,
                      "Scan Direction": "Forward",
                      "Index Name": "movie_id_movie_info",
                      "Relation Name": "movie_info",
                      "Alias": "mi",
                      "Startup Cost": 0.43,
                      "Total Cost": 30.01,
                      "Plan Rows": 27,
                      "Plan Width": 4,
                      "Actual Startup Time": 0.006,
                      "Actual Total Time": 0.013,
                      "Actual Rows": 9,
                      "Actual Loops": 98576,
                      "Index Cond": "(movie_id = t.id)",
                      "Rows Removed by Index Recheck": 0,
                      "Filter": "(info_type_id < 16)",
                      "Rows Removed by Filter": 2
                    }
                  ]
                }
              ]
            }
          ]
        }
      ]
    },
    "Planning Time": 0.65,
    "Triggers": [],
    "Execution Time": 436.606
  }
]