[
  {
    "Plan": {
      "Node Type": "Aggregate",
      "Strategy": "Plain",
      "Partial Mode": "Finalize",
      "Parallel Aware": false,
      "Startup Cost": 279109.98,
      "Total Cost": 279109.99,
      "Plan Rows": 1,
      "Plan Width": 8,
      "Actual Startup Time": 129.121,
      "Actual Total Time": 135.558,
      "Actual Rows": 1,
      "Actual Loops": 1,
      "Plans": [
        {
          "Node Type": "Gather",
          "Parent Relationship": "Outer",
          "Parallel Aware": false,
          "Startup Cost": 279109.36,
          "Total Cost": 279109.97,
          "Plan Rows": 6,
          "Plan Width": 8,
          "Actual Startup Time": 128.762,
          "Actual Total Time": 135.54,
          "Actual Rows": 7,
          "Actual Loops": 1,
          "Workers Planned": 6,
          "Workers Launched": 6,
          "Single Copy": false,
          "Plans": [
            {
              "Node Type": "Aggregate",
              "Strategy": "Plain",
              "Partial Mode": "Partial",
              "Parent Relationship": "Outer",
              "Parallel Aware": false,
              "Startup Cost": 278109.36,
              "Total Cost": 278109.37,
              "Plan Rows": 1,
              "Plan Width": 8,
              "Actual Startup Time": 120.372,
              "Actual Total Time": 120.374,
              "Actual Rows": 1,
              "Actual Loops": 7,
              "Plans": [
                {
                  "Node Type": "Bitmap Heap Scan",
                  "Parent Relationship": "Outer",
                  "Parallel Aware": true,
                  "Relation Name": "cast_info",
                  "Alias": "ci",
                  "Startup Cost": 22836.55,
                  "Total Cost": 277678.39,
                  "Plan Rows": 172387,
                  "Plan Width": 0,
                  "Actual Startup Time": 53.316,
                  "Actual Total Time": 106.939,
                  "Actual Rows": 153349,
                  "Actual Loops": 7,
                  "Recheck Cond": "(person_id < 109758)",
                  "Rows Removed by Index Recheck": 0,
                  "Exact Heap Blocks": 2527,
                  "Lossy Heap Blocks": 0,
                  "Plans": [
                    {
                      "Node Type": "Bitmap Index Scan",
                      "Parent Relationship": "Outer",
                      "Parallel Aware": false,
                      "Index Name": "person_id_cast_info",
                      "Startup Cost": 0.0,
                      "Total Cost": 22577.97,
                      "Plan Rows": 1034321,
                      "Plan Width": 0,
                      "Actual Startup Time": 58.178,
                      "Actual Total Time": 58.179,
                      "Actual Rows": 1073446,
                      "Actual Loops": 1,
                      "Index Cond": "(person_id < 109758)"
                    }
                  ]
                }
              ]
            }
          ]
        }
      ]
    },
    "Planning Time": 0.097,
    "Triggers": [],
    "Execution Time": 135.608
  }
]