[
  {
    "Plan": {
      "Node Type": "Aggregate",
      "Strategy": "Plain",
      "Partial Mode": "Finalize",
      "Parallel Aware": false,
      "Startup Cost": 619488.73,
      "Total Cost": 619488.74,
      "Plan Rows": 1,
      "Plan Width": 8,
      "Actual Startup Time": 7396.333,
      "Actual Total Time": 7487.722,
      "Actual Rows": 1,
      "Actual Loops": 1,
      "Plans": [
        {
          "Node Type": "Gather",
          "Parent Relationship": "Outer",
          "Parallel Aware": false,
          "Startup Cost": 619488.11,
          "Total Cost": 619488.72,
          "Plan Rows": 6,
          "Plan Width": 8,
          "Actual Startup Time": 7369.356,
          "Actual Total Time": 7487.707,
          "Actual Rows": 7,
          "Actual Loops": 1,
          "Workers Planned": 6,
          "Workers Launched": 6,
          "Single Copy": false,
          "Plans": [
            {
              "Node Type": "Aggregate",
              "Strategy": "Plain",
              "Partial Mode": "Partial",
              "Parent Relationship": "Outer",
              "Parallel Aware": false,
              "Startup Cost": 618488.11,
              "Total Cost": 618488.12,
              "Plan Rows": 1,
              "Plan Width": 8,
              "Actual Startup Time": 7345.879,
              "Actual Total Time": 7346.03,
              "Actual Rows": 1,
              "Actual Loops": 7,
              "Plans": [
                {
                  "Node Type": "Hash Join",
                  "Parent Relationship": "Outer",
                  "Parallel Aware": true,
                  "Join Type": "Inner",
                  "Startup Cost": 253265.74,
                  "Total Cost": 602122.26,
                  "Plan Rows": 6546339,
                  "Plan Width": 0,
                  "Actual Startup Time": 1323.378,
                  "Actual Total Time": 6436.645,
                  "Actual Rows": 22006903,
                  "Actual Loops": 7,
                  "Inner Unique": false,
                  "Hash Cond": "(ci.movie_id = t.id)",
                  "Plans": [
                    {
                      "Node Type": "Seq Scan",
                      "Parent Relationship": "Outer",
                      "Parallel Aware": true,
                      "Relation Name": "cast_info",
                      "Alias": "ci",
                      "Startup Cost": 0.0,
                      "Total Cost": 313106.51,
                      "Plan Rows": 6041951,
                      "Plan Width": 4,
                      "Actual Startup Time": 0.051,
                      "Actual Total Time": 649.415,
                      "Actual Rows": 5177763,
                      "Actual Loops": 7
                    },
                    {
                      "Node Type": "Hash",
                      "Parent Relationship": "Inner",
                      "Parallel Aware": true,
                      "Startup Cost": 246416.99,
                      "Total Cost": 246416.99,
                      "Plan Rows": 547900,
                      "Plan Width": 8,
                      "Actual Startup Time": 1316.389,
                      "Actual Total Time": 1316.538,
                      "Actual Rows": 604347,
                      "Actual Loops": 7,
                      "Hash Buckets": 8388608,
                      "Original Hash Buckets": 4194304,
                      "Hash Batches": 1,
                      "Original Hash Batches": 1,
                      "Peak Memory Usage": 263936,
                      "Plans": [
                        {
                          "Node Type": "Hash Join",
                          "Parent Relationship": "Outer",
                          "Parallel Aware": true,
                          "Join Type": "Inner",
                          "Startup Cost": 46937.59,
                          "Total Cost": 246416.99,
                          "Plan Rows": 547900,
                          "Plan Width": 8,
                          "Actual Startup Time": 127.41,
                          "Actual Total Time": 859.043,
                          "Actual Rows": 604347,
                          "Actual Loops": 7,
                          "Inner Unique": true,
                          "Hash Cond": "(mi.movie_id = t.id)",
                          "Plans": [
                            {
                              "Node Type": "Seq Scan",
                              "Parent Relationship": "Outer",
                              "Parallel Aware": true,
                              "Relation Name": "movie_info",
                              "Alias": "mi",
                              "Startup Cost": 0.0,
                              "Total Cost": 191685.19,
                              "Plan Rows": 2969219,
                              "Plan Width": 4,
                              "Actual Startup Time": 0.035,
                              "Actual Total Time": 324.545,
                              "Actual Rows": 2119389,
                              "Actual Loops": 7
                            },
                            {
                              "Node Type": "Hash",
                              "Parent Relationship": "Inner",
                              "Parallel Aware": true,
                              "Startup Cost": 45479.59,
                              "Total Cost": 45479.59,
                              "Plan Rows": 116640,
                              "Plan Width": 4,
                              "Actual Startup Time": 125.75,
                              "Actual Total Time": 125.752,
                              "Actual Rows": 56623,
                              "Actual Loops": 7,
                              "Hash Buckets": 524288,
                              "Original Hash Buckets": 524288,
                              "Hash Batches": 1,
                              "Original Hash Batches": 1,
                              "Peak Memory Usage": 19680,
                              "Plans": [
                                {
                                  "Node Type": "Seq Scan",
                                  "Parent Relationship": "Outer",
                                  "Parallel Aware": true,
                                  "Relation Name": "title",
                                  "Alias": "t",
                                  "Startup Cost": 0.0,
                                  "Total Cost": 45479.59,
                                  "Plan Rows": 116640,
                                  "Plan Width": 4,
                                  "Actual Startup Time": 0.062,
                                  "Actual Total Time": 95.899,
                                  "Actual Rows": 56623,
                                  "Actual Loops": 7,
                                  "Filter": "((kind_id < 7) AND (production_year > 2003))",
                                  "Rows Removed by Filter": 304565
                                }
                              ]
                            }
                          ]
                        }
                      ]
                    }
                  ]
                }
              ]
            }
          ]
        }
      ]
    },
    "Planning Time": 1.069,
    "Triggers": [],
    "Execution Time": 7487.823
  }
]