{
  "Plan": {
    "Node Type": "Aggregate",
    "Strategy": "Plain",
    "Partial Mode": "Finalize",
    "Parallel Aware": false,
    "Startup Cost": 24232.01,
    "Total Cost": 24232.02,
    "Plan Rows": 1,
    "Plan Width": 8,
    "Actual Startup Time": 31.439,
    "Actual Total Time": 35.302,
    "Actual Rows": 1,
    "Actual Loops": 1,
    "Plans": [
      {
        "Node Type": "Gather",
        "Parent Relationship": "Outer",
        "Parallel Aware": false,
        "Startup Cost": 24231.89,
        "Total Cost": 24232.0,
        "Plan Rows": 1,
        "Plan Width": 8,
        "Actual Startup Time": 31.329,
        "Actual Total Time": 35.295,
        "Actual Rows": 2,
        "Actual Loops": 1,
        "Workers Planned": 1,
        "Workers Launched": 1,
        "Single Copy": false,
        "Plans": [
          {
            "Node Type": "Aggregate",
            "Strategy": "Plain",
            "Partial Mode": "Partial",
            "Parent Relationship": "Outer",
            "Parallel Aware": false,
            "Startup Cost": 23231.89,
            "Total Cost": 23231.9,
            "Plan Rows": 1,
            "Plan Width": 8,
            "Actual Startup Time": 25.078,
            "Actual Total Time": 25.079,
            "Actual Rows": 1,
            "Actual Loops": 2,
            "Plans": [
              {
                "Node Type": "Nested Loop",
                "Parent Relationship": "Outer",
                "Parallel Aware": false,
                "Join Type": "Inner",
                "Startup Cost": 111.33,
                "Total Cost": 23231.83,
                "Plan Rows": 25,
                "Plan Width": 0,
                "Actual Startup Time": 24.84,
                "Actual Total Time": 25.073,
                "Actual Rows": 2,
                "Actual Loops": 2,
                "Inner Unique": true,
                "Plans": [
                  {
                    "Node Type": "Bitmap Heap Scan",
                    "Parent Relationship": "Outer",
                    "Parallel Aware": true,
                    "Relation Name": "movie_companies",
                    "Alias": "mc",
                    "Startup Cost": 110.9,
                    "Total Cost": 11455.01,
                    "Plan Rows": 1506,
                    "Plan Width": 4,
                    "Actual Startup Time": 2.404,
                    "Actual Total Time": 4.754,
                    "Actual Rows": 2386,
                    "Actual Loops": 2,
                    "Recheck Cond": "(company_id = 1427)",
                    "Rows Removed by Index Recheck": 0,
                    "Filter": "(company_type_id > 1)",
                    "Rows Removed by Filter": 188,
                    "Exact Heap Blocks": 832,
                    "Lossy Heap Blocks": 0,
                    "Plans": [
                      {
                        "Node Type": "Bitmap Index Scan",
                        "Parent Relationship": "Outer",
                        "Parallel Aware": false,
                        "Index Name": "company_id_movie_companies",
                        "Startup Cost": 0.0,
                        "Total Cost": 110.26,
                        "Plan Rows": 5044,
                        "Plan Width": 0,
                        "Actual Startup Time": 2.914,
                        "Actual Total Time": 2.915,
                        "Actual Rows": 5148,
                        "Actual Loops": 1,
                        "Index Cond": "(company_id = 1427)"
                      }
                    ]
                  },
                  {
                    "Node Type": "Index Scan",
                    "Parent Relationship": "Inner",
                    "Parallel Aware": false,
                    "Scan Direction": "Forward",
                    "Index Name": "title_pkey",
                    "Relation Name": "title",
                    "Alias": "t",
                    "Startup Cost": 0.43,
                    "Total Cost": 7.82,
                    "Plan Rows": 1,
                    "Plan Width": 4,
                    "Actual Startup Time": 0.008,
                    "Actual Total Time": 0.008,
                    "Actual Rows": 0,
                    "Actual Loops": 4773,
                    "Index Cond": "(id = mc.movie_id)",
                    "Rows Removed by Index Recheck": 0,
                    "Filter": "((kind_id < 2) AND (production_year = 2012))",
                    "Rows Removed by Filter": 1
                  }
                ]
              }
            ]
          }
        ]
      }
    ]
  },
  "Planning Time": 0.536,
  "Triggers": [],
  "Execution Time": 35.4
}