{
  "Plan": {
    "Node Type": "Aggregate",
    "Strategy": "Plain",
    "Partial Mode": "Finalize",
    "Parallel Aware": false,
    "Startup Cost": 645163.68,
    "Total Cost": 645163.69,
    "Plan Rows": 1,
    "Plan Width": 8,
    "Actual Startup Time": 6463.294,
    "Actual Total Time": 6498.48,
    "Actual Rows": 1,
    "Actual Loops": 1,
    "Plans": [
      {
        "Node Type": "Gather",
        "Parent Relationship": "Outer",
        "Parallel Aware": false,
        "Startup Cost": 645163.57,
        "Total Cost": 645163.68,
        "Plan Rows": 1,
        "Plan Width": 8,
        "Actual Startup Time": 6455.534,
        "Actual Total Time": 6498.474,
        "Actual Rows": 2,
        "Actual Loops": 1,
        "Workers Planned": 1,
        "Workers Launched": 1,
        "Single Copy": false,
        "Plans": [
          {
            "Node Type": "Aggregate",
            "Strategy": "Plain",
            "Partial Mode": "Partial",
            "Parent Relationship": "Outer",
            "Parallel Aware": false,
            "Startup Cost": 644163.57,
            "Total Cost": 644163.58,
            "Plan Rows": 1,
            "Plan Width": 8,
            "Actual Startup Time": 6446.55,
            "Actual Total Time": 6446.555,
            "Actual Rows": 1,
            "Actual Loops": 2,
            "Plans": [
              {
                "Node Type": "Hash Join",
                "Parent Relationship": "Outer",
                "Parallel Aware": true,
                "Join Type": "Inner",
                "Startup Cost": 154621.66,
                "Total Cost": 623221.32,
                "Plan Rows": 8376898,
                "Plan Width": 0,
                "Actual Startup Time": 1241.714,
                "Actual Total Time": 5494.086,
                "Actual Rows": 23787452,
                "Actual Loops": 2,
                "Inner Unique": false,
                "Hash Cond": "(ci.movie_id = t.id)",
                "Plans": [
                  {
                    "Node Type": "Index Scan",
                    "Parent Relationship": "Outer",
                    "Parallel Aware": true,
                    "Scan Direction": "Forward",
                    "Index Name": "role_id_cast_info",
                    "Relation Name": "cast_info",
                    "Alias": "ci",
                    "Startup Cost": 0.56,
                    "Total Cost": 382631.05,
                    "Plan Rows": 7338659,
                    "Plan Width": 4,
                    "Actual Startup Time": 0.038,
                    "Actual Total Time": 818.234,
                    "Actual Rows": 6335344,
                    "Actual Loops": 2,
                    "Index Cond": "(role_id = 1)",
                    "Rows Removed by Index Recheck": 0
                  },
                  {
                    "Node Type": "Hash",
                    "Parent Relationship": "Inner",
                    "Parallel Aware": true,
                    "Startup Cost": 133400.62,
                    "Total Cost": 133400.62,
                    "Plan Rows": 1697638,
                    "Plan Width": 8,
                    "Actual Startup Time": 1224.601,
                    "Actual Total Time": 1224.605,
                    "Actual Rows": 1362928,
                    "Actual Loops": 2,
                    "Hash Buckets": 4194304,
                    "Original Hash Buckets": 4194304,
                    "Hash Batches": 1,
                    "Original Hash Batches": 1,
                    "Peak Memory Usage": 139424,
                    "Plans": [
                      {
                        "Node Type": "Hash Join",
                        "Parent Relationship": "Outer",
                        "Parallel Aware": true,
                        "Join Type": "Inner",
                        "Startup Cost": 70464.11,
                        "Total Cost": 133400.62,
                        "Plan Rows": 1697638,
                        "Plan Width": 8,
                        "Actual Startup Time": 494.267,
                        "Actual Total Time": 972.754,
                        "Actual Rows": 1362928,
                        "Actual Loops": 2,
                        "Inner Unique": true,
                        "Hash Cond": "(mk.movie_id = t.id)",
                        "Plans": [
                          {
                            "Node Type": "Seq Scan",
                            "Parent Relationship": "Outer",
                            "Parallel Aware": true,
                            "Relation Name": "movie_keyword",
                            "Alias": "mk",
                            "Startup Cost": 0.0,
                            "Total Cost": 57718.19,
                            "Plan Rows": 1987925,
                            "Plan Width": 4,
                            "Actual Startup Time": 0.011,
                            "Actual Total Time": 208.112,
                            "Actual Rows": 1688622,
                            "Actual Loops": 2,
                            "Filter": "(keyword_id < 16264)",
                            "Rows Removed by Filter": 573342
                          },
                          {
                            "Node Type": "Hash",
                            "Parent Relationship": "Inner",
                            "Parallel Aware": true,
                            "Startup Cost": 54588.39,
                            "Total Cost": 54588.39,
                            "Plan Rows": 1270058,
                            "Plan Width": 4,
                            "Actual Startup Time": 482.859,
                            "Actual Total Time": 482.86,
                            "Actual Rows": 1073342,
                            "Actual Loops": 2,
                            "Hash Buckets": 4194304,
                            "Original Hash Buckets": 4194304,
                            "Hash Batches": 1,
                            "Original Hash Batches": 1,
                            "Peak Memory Usage": 116768,
                            "Plans": [
                              {
                                "Node Type": "Seq Scan",
                                "Parent Relationship": "Outer",
                                "Parallel Aware": true,
                                "Relation Name": "title",
                                "Alias": "t",
                                "Startup Cost": 0.0,
                                "Total Cost": 54588.39,
                                "Plan Rows": 1270058,
                                "Plan Width": 4,
                                "Actual Startup Time": 0.04,
                                "Actual Total Time": 170.836,
                                "Actual Rows": 1073342,
                                "Actual Loops": 2,
                                "Filter": "(production_year > 1965)",
                                "Rows Removed by Filter": 190814
                              }
                            ]
                          }
                        ]
                      }
                    ]
                  }
                ]
              }
            ]
          }
        ]
      }
    ]
  },
  "Planning Time": 0.423,
  "Triggers": [],
  "Execution Time": 6498.537
}