{
  "Plan": {
    "Node Type": "Aggregate",
    "Strategy": "Plain",
    "Partial Mode": "Finalize",
    "Parallel Aware": false,
    "Startup Cost": 256023.46,
    "Total Cost": 256023.47,
    "Plan Rows": 1,
    "Plan Width": 8,
    "Actual Startup Time": 1420.556,
    "Actual Total Time": 1443.067,
    "Actual Rows": 1,
    "Actual Loops": 1,
    "Plans": [
      {
        "Node Type": "Gather",
        "Parent Relationship": "Outer",
        "Parallel Aware": false,
        "Startup Cost": 256023.35,
        "Total Cost": 256023.46,
        "Plan Rows": 1,
        "Plan Width": 8,
        "Actual Startup Time": 1420.545,
        "Actual Total Time": 1443.061,
        "Actual Rows": 2,
        "Actual Loops": 1,
        "Workers Planned": 1,
        "Workers Launched": 1,
        "Single Copy": false,
        "Plans": [
          {
            "Node Type": "Aggregate",
            "Strategy": "Plain",
            "Partial Mode": "Partial",
            "Parent Relationship": "Outer",
            "Parallel Aware": false,
            "Startup Cost": 255023.35,
            "Total Cost": 255023.36,
            "Plan Rows": 1,
            "Plan Width": 8,
            "Actual Startup Time": 1355.018,
            "Actual Total Time": 1355.025,
            "Actual Rows": 1,
            "Actual Loops": 2,
            "Plans": [
              {
                "Node Type": "Merge Join",
                "Parent Relationship": "Outer",
                "Parallel Aware": false,
                "Join Type": "Inner",
                "Startup Cost": 247687.45,
                "Total Cost": 254704.66,
                "Plan Rows": 127478,
                "Plan Width": 0,
                "Actual Startup Time": 1224.332,
                "Actual Total Time": 1346.183,
                "Actual Rows": 169342,
                "Actual Loops": 2,
                "Inner Unique": false,
                "Merge Cond": "(t.id = mc.movie_id)",
                "Plans": [
                  {
                    "Node Type": "Sort",
                    "Parent Relationship": "Outer",
                    "Parallel Aware": false,
                    "Startup Cost": 152082.44,
                    "Total Cost": 153740.33,
                    "Plan Rows": 663154,
                    "Plan Width": 8,
                    "Actual Startup Time": 927.834,
                    "Actual Total Time": 954.601,
                    "Actual Rows": 624160,
                    "Actual Loops": 2,
                    "Sort Key": [
                      "mi_idx.movie_id"
                    ],
                    "Sort Method": "quicksort",
                    "Sort Space Used": 36804,
                    "Sort Space Type": "Memory",
                    "Workers": [
                      {
                        "Worker Number": 0,
                        "Sort Method": "quicksort",
                        "Sort Space Used": 58576,
                        "Sort Space Type": "Memory"
                      }
                    ],
                    "Plans": [
                      {
                        "Node Type": "Hash Join",
                        "Parent Relationship": "Outer",
                        "Parallel Aware": true,
                        "Join Type": "Inner",
                        "Startup Cost": 69775.03,
                        "Total Cost": 87958.82,
                        "Plan Rows": 663154,
                        "Plan Width": 8,
                        "Actual Startup Time": 520.452,
                        "Actual Total Time": 782.385,
                        "Actual Rows": 624164,
                        "Actual Loops": 2,
                        "Inner Unique": true,
                        "Hash Cond": "(mi_idx.movie_id = t.id)",
                        "Plans": [
                          {
                            "Node Type": "Seq Scan",
                            "Parent Relationship": "Outer",
                            "Parallel Aware": true,
                            "Relation Name": "movie_info_idx",
                            "Alias": "mi_idx",
                            "Startup Cost": 0.0,
                            "Total Cost": 16052.85,
                            "Plan Rows": 811785,
                            "Plan Width": 4,
                            "Actual Startup Time": 0.019,
                            "Actual Total Time": 62.677,
                            "Actual Rows": 690018,
                            "Actual Loops": 2
                          },
                          {
                            "Node Type": "Hash",
                            "Parent Relationship": "Inner",
                            "Parallel Aware": true,
                            "Startup Cost": 54588.39,
                            "Total Cost": 54588.39,
                            "Plan Rows": 1214931,
                            "Plan Width": 4,
                            "Actual Startup Time": 506.189,
                            "Actual Total Time": 506.191,
                            "Actual Rows": 1032276,
                            "Actual Loops": 2,
                            "Hash Buckets": 2097152,
                            "Original Hash Buckets": 2097152,
                            "Hash Batches": 1,
                            "Original Hash Batches": 1,
                            "Peak Memory Usage": 97184,
                            "Plans": [
                              {
                                "Node Type": "Seq Scan",
                                "Parent Relationship": "Outer",
                                "Parallel Aware": true,
                                "Relation Name": "title",
                                "Alias": "t",
                                "Startup Cost": 0.0,
                                "Total Cost": 54588.39,
                                "Plan Rows": 1214931,
                                "Plan Width": 4,
                                "Actual Startup Time": 0.026,
                                "Actual Total Time": 208.094,
                                "Actual Rows": 1032276,
                                "Actual Loops": 2,
                                "Filter": "(production_year < 2011)",
                                "Rows Removed by Filter": 231880
                              }
                            ]
                          }
                        ]
                      }
                    ]
                  },
                  {
                    "Node Type": "Sort",
                    "Parent Relationship": "Inner",
                    "Parallel Aware": false,
                    "Startup Cost": 95604.95,
                    "Total Cost": 96819.98,
                    "Plan Rows": 486015,
                    "Plan Width": 4,
                    "Actual Startup Time": 296.482,
                    "Actual Total Time": 313.324,
                    "Actual Rows": 395012,
                    "Actual Loops": 2,
                    "Sort Key": [
                      "mc.movie_id"
                    ],
                    "Sort Method": "quicksort",
                    "Sort Space Used": 25523,
                    "Sort Space Type": "Memory",
                    "Workers": [
                      {
                        "Worker Number": 0,
                        "Sort Method": "quicksort",
                        "Sort Space Used": 25523,
                        "Sort Space Type": "Memory"
                      }
                    ],
                    "Plans": [
                      {
                        "Node Type": "Index Scan",
                        "Parent Relationship": "Outer",
                        "Parallel Aware": false,
                        "Scan Direction": "Forward",
                        "Index Name": "company_type_id_movie_companies",
                        "Relation Name": "movie_companies",
                        "Alias": "mc",
                        "Startup Cost": 0.43,
                        "Total Cost": 49699.27,
                        "Plan Rows": 486015,
                        "Plan Width": 4,
                        "Actual Startup Time": 0.118,
                        "Actual Total Time": 224.624,
                        "Actual Rows": 282332,
                        "Actual Loops": 2,
                        "Index Cond": "(company_type_id > 1)",
                        "Rows Removed by Index Recheck": 0,
                        "Filter": "(company_id < 3851)",
                        "Rows Removed by Filter": 1052551
                      }
                    ]
                  }
                ]
              }
            ]
          }
        ]
      }
    ]
  },
  "Planning Time": 1.01,
  "Triggers": [],
  "Execution Time": 1448.385
}