{
  "Plan": {
    "Node Type": "Aggregate",
    "Strategy": "Plain",
    "Partial Mode": "Finalize",
    "Parallel Aware": false,
    "Startup Cost": 195017.77,
    "Total Cost": 195017.78,
    "Plan Rows": 1,
    "Plan Width": 8,
    "Actual Startup Time": 461.754,
    "Actual Total Time": 521.614,
    "Actual Rows": 1,
    "Actual Loops": 1,
    "Plans": [
      {
        "Node Type": "Gather",
        "Parent Relationship": "Outer",
        "Parallel Aware": false,
        "Startup Cost": 195017.66,
        "Total Cost": 195017.77,
        "Plan Rows": 1,
        "Plan Width": 8,
        "Actual Startup Time": 461.235,
        "Actual Total Time": 521.606,
        "Actual Rows": 2,
        "Actual Loops": 1,
        "Workers Planned": 1,
        "Workers Launched": 1,
        "Single Copy": false,
        "Plans": [
          {
            "Node Type": "Aggregate",
            "Strategy": "Plain",
            "Partial Mode": "Partial",
            "Parent Relationship": "Outer",
            "Parallel Aware": false,
            "Startup Cost": 194017.66,
            "Total Cost": 194017.67,
            "Plan Rows": 1,
            "Plan Width": 8,
            "Actual Startup Time": 454.992,
            "Actual Total Time": 454.996,
            "Actual Rows": 1,
            "Actual Loops": 2,
            "Plans": [
              {
                "Node Type": "Nested Loop",
                "Parent Relationship": "Outer",
                "Parallel Aware": false,
                "Join Type": "Inner",
                "Startup Cost": 43184.16,
                "Total Cost": 193620.42,
                "Plan Rows": 158896,
                "Plan Width": 0,
                "Actual Startup Time": 114.328,
                "Actual Total Time": 451.514,
                "Actual Rows": 61971,
                "Actual Loops": 2,
                "Inner Unique": false,
                "Plans": [
                  {
                    "Node Type": "Hash Join",
                    "Parent Relationship": "Outer",
                    "Parallel Aware": true,
                    "Join Type": "Inner",
                    "Startup Cost": 43183.6,
                    "Total Cost": 86664.54,
                    "Plan Rows": 28495,
                    "Plan Width": 8,
                    "Actual Startup Time": 114.254,
                    "Actual Total Time": 202.074,
                    "Actual Rows": 4158,
                    "Actual Loops": 2,
                    "Inner Unique": false,
                    "Hash Cond": "(t.id = mc.movie_id)",
                    "Plans": [
                      {
                        "Node Type": "Bitmap Heap Scan",
                        "Parent Relationship": "Outer",
                        "Parallel Aware": true,
                        "Relation Name": "title",
                        "Alias": "t",
                        "Startup Cost": 11988.66,
                        "Total Cost": 52863.55,
                        "Plan Rows": 390151,
                        "Plan Width": 4,
                        "Actual Startup Time": 21.133,
                        "Actual Total Time": 63.541,
                        "Actual Rows": 331412,
                        "Actual Loops": 2,
                        "Recheck Cond": "(kind_id < 2)",
                        "Rows Removed by Index Recheck": 0,
                        "Exact Heap Blocks": 8626,
                        "Lossy Heap Blocks": 0,
                        "Plans": [
                          {
                            "Node Type": "Bitmap Index Scan",
                            "Parent Relationship": "Outer",
                            "Parallel Aware": false,
                            "Index Name": "kind_id_title",
                            "Startup Cost": 0.0,
                            "Total Cost": 11822.85,
                            "Plan Rows": 663256,
                            "Plan Width": 0,
                            "Actual Startup Time": 19.314,
                            "Actual Total Time": 19.315,
                            "Actual Rows": 662825,
                            "Actual Loops": 1,
                            "Index Cond": "(kind_id < 2)"
                          }
                        ]
                      },
                      {
                        "Node Type": "Hash",
                        "Parent Relationship": "Inner",
                        "Parallel Aware": true,
                        "Startup Cost": 29837.18,
                        "Total Cost": 29837.18,
                        "Plan Rows": 108620,
                        "Plan Width": 4,
                        "Actual Startup Time": 89.54,
                        "Actual Total Time": 89.541,
                        "Actual Rows": 40370,
                        "Actual Loops": 2,
                        "Hash Buckets": 262144,
                        "Original Hash Buckets": 262144,
                        "Hash Batches": 1,
                        "Original Hash Batches": 1,
                        "Peak Memory Usage": 5248,
                        "Plans": [
                          {
                            "Node Type": "Bitmap Heap Scan",
                            "Parent Relationship": "Outer",
                            "Parallel Aware": true,
                            "Relation Name": "movie_companies",
                            "Alias": "mc",
                            "Startup Cost": 7838.22,
                            "Total Cost": 29837.18,
                            "Plan Rows": 108620,
                            "Plan Width": 4,
                            "Actual Startup Time": 66.096,
                            "Actual Total Time": 81.381,
                            "Actual Rows": 40370,
                            "Actual Loops": 2,
                            "Recheck Cond": "(company_id < 181)",
                            "Rows Removed by Index Recheck": 0,
                            "Filter": "(company_type_id > 1)",
                            "Rows Removed by Filter": 138662,
                            "Exact Heap Blocks": 13958,
                            "Lossy Heap Blocks": 0,
                            "Plans": [
                              {
                                "Node Type": "Bitmap Index Scan",
                                "Parent Relationship": "Outer",
                                "Parallel Aware": false,
                                "Index Name": "company_id_movie_companies",
                                "Startup Cost": 0.0,
                                "Total Cost": 7792.05,
                                "Plan Rows": 363683,
                                "Plan Width": 0,
                                "Actual Startup Time": 28.987,
                                "Actual Total Time": 28.988,
                                "Actual Rows": 358065,
                                "Actual Loops": 1,
                                "Index Cond": "(company_id < 181)"
                              }
                            ]
                          }
                        ]
                      }
                    ]
                  },
                  {
                    "Node Type": "Index Scan",
                    "Parent Relationship": "Inner",
                    "Parallel Aware": false,
                    "Scan Direction": "Forward",
                    "Index Name": "movie_id_cast_info",
                    "Relation Name": "cast_info",
                    "Alias": "ci",
                    "Startup Cost": 0.56,
                    "Total Cost": 3.61,
                    "Plan Rows": 14,
                    "Plan Width": 4,
                    "Actual Startup Time": 0.009,
                    "Actual Total Time": 0.058,
                    "Actual Rows": 15,
                    "Actual Loops": 8316,
                    "Index Cond": "(movie_id = t.id)",
                    "Rows Removed by Index Recheck": 0,
                    "Filter": "(person_id < 1388565)",
                    "Rows Removed by Filter": 19
                  }
                ]
              }
            ]
          }
        ]
      }
    ]
  },
  "Planning Time": 0.946,
  "Triggers": [],
  "Execution Time": 521.746
}