{
  "Plan": {
    "Node Type": "Aggregate",
    "Strategy": "Plain",
    "Partial Mode": "Finalize",
    "Parallel Aware": false,
    "Startup Cost": 714173.56,
    "Total Cost": 714173.57,
    "Plan Rows": 1,
    "Plan Width": 8,
    "Actual Startup Time": 4554.105,
    "Actual Total Time": 4628.912,
    "Actual Rows": 1,
    "Actual Loops": 1,
    "Plans": [
      {
        "Node Type": "Gather",
        "Parent Relationship": "Outer",
        "Parallel Aware": false,
        "Startup Cost": 714173.45,
        "Total Cost": 714173.56,
        "Plan Rows": 1,
        "Plan Width": 8,
        "Actual Startup Time": 4549.58,
        "Actual Total Time": 4628.9,
        "Actual Rows": 2,
        "Actual Loops": 1,
        "Workers Planned": 1,
        "Workers Launched": 1,
        "Single Copy": false,
        "Plans": [
          {
            "Node Type": "Aggregate",
            "Strategy": "Plain",
            "Partial Mode": "Partial",
            "Parent Relationship": "Outer",
            "Parallel Aware": false,
            "Startup Cost": 713173.45,
            "Total Cost": 713173.46,
            "Plan Rows": 1,
            "Plan Width": 8,
            "Actual Startup Time": 4543.815,
            "Actual Total Time": 4544.422,
            "Actual Rows": 1,
            "Actual Loops": 2,
            "Plans": [
              {
                "Node Type": "Hash Join",
                "Parent Relationship": "Outer",
                "Parallel Aware": true,
                "Join Type": "Inner",
                "Startup Cost": 130078.07,
                "Total Cost": 702022.73,
                "Plan Rows": 4460285,
                "Plan Width": 0,
                "Actual Startup Time": 651.413,
                "Actual Total Time": 4370.953,
                "Actual Rows": 4120798,
                "Actual Loops": 2,
                "Inner Unique": false,
                "Hash Cond": "(ci.movie_id = t.id)",
                "Plans": [
                  {
                    "Node Type": "Seq Scan",
                    "Parent Relationship": "Outer",
                    "Parallel Aware": true,
                    "Relation Name": "cast_info",
                    "Alias": "ci",
                    "Startup Cost": 0.0,
                    "Total Cost": 465792.95,
                    "Plan Rows": 21310595,
                    "Plan Width": 4,
                    "Actual Startup Time": 0.014,
                    "Actual Total Time": 1325.64,
                    "Actual Rows": 18122172,
                    "Actual Loops": 2
                  },
                  {
                    "Node Type": "Hash",
                    "Parent Relationship": "Inner",
                    "Parallel Aware": true,
                    "Startup Cost": 126187.12,
                    "Total Cost": 126187.12,
                    "Plan Rows": 311276,
                    "Plan Width": 8,
                    "Actual Startup Time": 642.091,
                    "Actual Total Time": 642.696,
                    "Actual Rows": 144441,
                    "Actual Loops": 2,
                    "Hash Buckets": 1048576,
                    "Original Hash Buckets": 1048576,
                    "Hash Batches": 1,
                    "Original Hash Batches": 1,
                    "Peak Memory Usage": 19520,
                    "Plans": [
                      {
                        "Node Type": "Hash Join",
                        "Parent Relationship": "Outer",
                        "Parallel Aware": true,
                        "Join Type": "Inner",
                        "Startup Cost": 66647.87,
                        "Total Cost": 126187.12,
                        "Plan Rows": 311276,
                        "Plan Width": 8,
                        "Actual Startup Time": 341.677,
                        "Actual Total Time": 604.495,
                        "Actual Rows": 144441,
                        "Actual Loops": 2,
                        "Inner Unique": true,
                        "Hash Cond": "(mk.movie_id = t.id)",
                        "Plans": [
                          {
                            "Node Type": "Seq Scan",
                            "Parent Relationship": "Outer",
                            "Parallel Aware": true,
                            "Relation Name": "movie_keyword",
                            "Alias": "mk",
                            "Startup Cost": 0.0,
                            "Total Cost": 57718.19,
                            "Plan Rows": 693737,
                            "Plan Width": 4,
                            "Actual Startup Time": 0.015,
                            "Actual Total Time": 162.561,
                            "Actual Rows": 597012,
                            "Actual Loops": 2,
                            "Filter": "(keyword_id < 1450)",
                            "Rows Removed by Filter": 1664953
                          },
                          {
                            "Node Type": "Hash",
                            "Parent Relationship": "Inner",
                            "Parallel Aware": true,
                            "Startup Cost": 58306.47,
                            "Total Cost": 58306.47,
                            "Plan Rows": 667312,
                            "Plan Width": 4,
                            "Actual Startup Time": 332.282,
                            "Actual Total Time": 332.283,
                            "Actual Rows": 617422,
                            "Actual Loops": 2,
                            "Hash Buckets": 2097152,
                            "Original Hash Buckets": 2097152,
                            "Hash Batches": 1,
                            "Original Hash Batches": 1,
                            "Peak Memory Usage": 64736,
                            "Plans": [
                              {
                                "Node Type": "Seq Scan",
                                "Parent Relationship": "Outer",
                                "Parallel Aware": true,
                                "Relation Name": "title",
                                "Alias": "t",
                                "Startup Cost": 0.0,
                                "Total Cost": 58306.47,
                                "Plan Rows": 667312,
                                "Plan Width": 4,
                                "Actual Startup Time": 0.038,
                                "Actual Total Time": 166.421,
                                "Actual Rows": 617422,
                                "Actual Loops": 2,
                                "Filter": "((kind_id > 1) AND (production_year > 1997))",
                                "Rows Removed by Filter": 646734
                              }
                            ]
                          }
                        ]
                      }
                    ]
                  }
                ]
              }
            ]
          }
        ]
      }
    ]
  },
  "Planning Time": 1.02,
  "Triggers": [],
  "Execution Time": 4629.013
}