[
  {
    "Plan": {
      "Node Type": "Aggregate",
      "Strategy": "Plain",
      "Partial Mode": "Finalize",
      "Parallel Aware": false,
      "Startup Cost": 124987.3,
      "Total Cost": 124987.31,
      "Plan Rows": 1,
      "Plan Width": 8,
      "Actual Startup Time": 213.49,
      "Actual Total Time": 228.879,
      "Actual Rows": 1,
      "Actual Loops": 1,
      "Plans": [
        {
          "Node Type": "Gather",
          "Parent Relationship": "Outer",
          "Parallel Aware": false,
          "Startup Cost": 124986.77,
          "Total Cost": 124987.28,
          "Plan Rows": 5,
          "Plan Width": 8,
          "Actual Startup Time": 212.348,
          "Actual Total Time": 228.869,
          "Actual Rows": 6,
          "Actual Loops": 1,
          "Workers Planned": 5,
          "Workers Launched": 5,
          "Single Copy": false,
          "Plans": [
            {
              "Node Type": "Aggregate",
              "Strategy": "Plain",
              "Partial Mode": "Partial",
              "Parent Relationship": "Outer",
              "Parallel Aware": false,
              "Startup Cost": 123986.77,
              "Total Cost": 123986.78,
              "Plan Rows": 1,
              "Plan Width": 8,
              "Actual Startup Time": 201.904,
              "Actual Total Time": 201.946,
              "Actual Rows": 1,
              "Actual Loops": 6,
              "Plans": [
                {
                  "Node Type": "Hash Join",
                  "Parent Relationship": "Outer",
                  "Parallel Aware": true,
                  "Join Type": "Inner",
                  "Startup Cost": 45670.14,
                  "Total Cost": 123973.84,
                  "Plan Rows": 5174,
                  "Plan Width": 0,
                  "Actual Startup Time": 93.485,
                  "Actual Total Time": 201.593,
                  "Actual Rows": 7375,
                  "Actual Loops": 6,
                  "Inner Unique": true,
                  "Hash Cond": "(ci.movie_id = t.id)",
                  "Plans": [
                    {
                      "Node Type": "Index Scan",
                      "Parent Relationship": "Outer",
                      "Parallel Aware": true,
                      "Scan Direction": "Forward",
                      "Index Name": "role_id_cast_info",
                      "Relation Name": "cast_info",
                      "Alias": "ci",
                      "Startup Cost": 0.56,
                      "Total Cost": 77740.85,
                      "Plan Rows": 214632,
                      "Plan Width": 4,
                      "Actual Startup Time": 0.237,
                      "Actual Total Time": 81.214,
                      "Actual Rows": 160088,
                      "Actual Loops": 6,
                      "Index Cond": "(role_id = 4)",
                      "Rows Removed by Index Recheck": 0,
                      "Filter": "(person_id < 1346080)",
                      "Rows Removed by Filter": 294736
                    },
                    {
                      "Node Type": "Hash",
                      "Parent Relationship": "Inner",
                      "Parallel Aware": true,
                      "Startup Cost": 45479.1,
                      "Total Cost": 45479.1,
                      "Plan Rows": 15238,
                      "Plan Width": 4,
                      "Actual Startup Time": 91.762,
                      "Actual Total Time": 91.764,
                      "Actual Rows": 28982,
                      "Actual Loops": 6,
                      "Hash Buckets": 262144,
                      "Original Hash Buckets": 65536,
                      "Hash Batches": 1,
                      "Original Hash Batches": 1,
                      "Peak Memory Usage": 10464,
                      "Plans": [
                        {
                          "Node Type": "Seq Scan",
                          "Parent Relationship": "Outer",
                          "Parallel Aware": true,
                          "Relation Name": "title",
                          "Alias": "t",
                          "Startup Cost": 0.0,
                          "Total Cost": 45479.1,
                          "Plan Rows": 15238,
                          "Plan Width": 4,
                          "Actual Startup Time": 0.361,
                          "Actual Total Time": 77.35,
                          "Actual Rows": 28982,
                          "Actual Loops": 6,
                          "Filter": "((kind_id < 4) AND (production_year < 1954))",
                          "Rows Removed by Filter": 392403
                        }
                      ]
                    }
                  ]
                }
              ]
            }
          ]
        }
      ]
    },
    "Planning Time": 0.671,
    "Triggers": [],
    "Execution Time": 228.958
  }
]