{
  "Plan": {
    "Node Type": "Aggregate",
    "Strategy": "Plain",
    "Partial Mode": "Finalize",
    "Parallel Aware": false,
    "Startup Cost": 103706.4,
    "Total Cost": 103706.41,
    "Plan Rows": 1,
    "Plan Width": 8,
    "Actual Startup Time": 249.161,
    "Actual Total Time": 268.612,
    "Actual Rows": 1,
    "Actual Loops": 1,
    "Plans": [
      {
        "Node Type": "Gather",
        "Parent Relationship": "Outer",
        "Parallel Aware": false,
        "Startup Cost": 103706.28,
        "Total Cost": 103706.39,
        "Plan Rows": 1,
        "Plan Width": 8,
        "Actual Startup Time": 248.971,
        "Actual Total Time": 268.605,
        "Actual Rows": 2,
        "Actual Loops": 1,
        "Workers Planned": 1,
        "Workers Launched": 1,
        "Single Copy": false,
        "Plans": [
          {
            "Node Type": "Aggregate",
            "Strategy": "Plain",
            "Partial Mode": "Partial",
            "Parent Relationship": "Outer",
            "Parallel Aware": false,
            "Startup Cost": 102706.28,
            "Total Cost": 102706.29,
            "Plan Rows": 1,
            "Plan Width": 8,
            "Actual Startup Time": 242.828,
            "Actual Total Time": 242.832,
            "Actual Rows": 1,
            "Actual Loops": 2,
            "Plans": [
              {
                "Node Type": "Nested Loop",
                "Parent Relationship": "Outer",
                "Parallel Aware": false,
                "Join Type": "Inner",
                "Startup Cost": 58351.07,
                "Total Cost": 102698.08,
                "Plan Rows": 3281,
                "Plan Width": 0,
                "Actual Startup Time": 171.187,
                "Actual Total Time": 242.313,
                "Actual Rows": 9689,
                "Actual Loops": 2,
                "Inner Unique": false,
                "Join Filter": "(t.id = mi.movie_id)",
                "Rows Removed by Join Filter": 0,
                "Plans": [
                  {
                    "Node Type": "Hash Join",
                    "Parent Relationship": "Outer",
                    "Parallel Aware": true,
                    "Join Type": "Inner",
                    "Startup Cost": 58350.64,
                    "Total Cost": 100550.57,
                    "Plan Rows": 561,
                    "Plan Width": 8,
                    "Actual Startup Time": 171.113,
                    "Actual Total Time": 227.551,
                    "Actual Rows": 328,
                    "Actual Loops": 2,
                    "Inner Unique": true,
                    "Hash Cond": "(mc.movie_id = t.id)",
                    "Plans": [
                      {
                        "Node Type": "Index Scan",
                        "Parent Relationship": "Outer",
                        "Parallel Aware": true,
                        "Scan Direction": "Forward",
                        "Index Name": "company_type_id_movie_companies",
                        "Relation Name": "movie_companies",
                        "Alias": "mc",
                        "Startup Cost": 0.43,
                        "Total Cost": 41574.35,
                        "Plan Rows": 238482,
                        "Plan Width": 4,
                        "Actual Startup Time": 33.174,
                        "Actual Total Time": 85.452,
                        "Actual Rows": 43892,
                        "Actual Loops": 2,
                        "Index Cond": "(company_type_id = 1)",
                        "Rows Removed by Index Recheck": 0,
                        "Filter": "(company_id > 26569)",
                        "Rows Removed by Filter": 593232
                      },
                      {
                        "Node Type": "Hash",
                        "Parent Relationship": "Inner",
                        "Parallel Aware": true,
                        "Startup Cost": 58306.47,
                        "Total Cost": 58306.47,
                        "Plan Rows": 3499,
                        "Plan Width": 4,
                        "Actual Startup Time": 136.442,
                        "Actual Total Time": 136.443,
                        "Actual Rows": 2939,
                        "Actual Loops": 2,
                        "Hash Buckets": 8192,
                        "Original Hash Buckets": 8192,
                        "Hash Batches": 1,
                        "Original Hash Batches": 1,
                        "Peak Memory Usage": 352,
                        "Plans": [
                          {
                            "Node Type": "Seq Scan",
                            "Parent Relationship": "Outer",
                            "Parallel Aware": true,
                            "Relation Name": "title",
                            "Alias": "t",
                            "Startup Cost": 0.0,
                            "Total Cost": 58306.47,
                            "Plan Rows": 3499,
                            "Plan Width": 4,
                            "Actual Startup Time": 0.923,
                            "Actual Total Time": 135.362,
                            "Actual Rows": 2939,
                            "Actual Loops": 2,
                            "Filter": "((kind_id < 7) AND (production_year = 1973))",
                            "Rows Removed by Filter": 1261217
                          }
                        ]
                      }
                    ]
                  },
                  {
                    "Node Type": "Index Only Scan",
                    "Parent Relationship": "Inner",
                    "Parallel Aware": false,
                    "Scan Direction": "Forward",
                    "Index Name": "movie_id_movie_info",
                    "Relation Name": "movie_info",
                    "Alias": "mi",
                    "Startup Cost": 0.43,
                    "Total Cost": 3.3,
                    "Plan Rows": 42,
                    "Plan Width": 4,
                    "Actual Startup Time": 0.012,
                    "Actual Total Time": 0.042,
                    "Actual Rows": 30,
                    "Actual Loops": 655,
                    "Index Cond": "(movie_id = mc.movie_id)",
                    "Rows Removed by Index Recheck": 0,
                    "Heap Fetches": 19378
                  }
                ]
              }
            ]
          }
        ]
      }
    ]
  },
  "Planning Time": 1.072,
  "Triggers": [],
  "Execution Time": 268.702
}