[
    {
        "Bao": {
            "Bao prediction": 444.106,
            "Bao recommended hint": "(no hint)"
        }
    },
    {
        "Plan": {
            "Node Type": "Aggregate",
            "Strategy": "Plain",
            "Partial Mode": "Finalize",
            "Parallel Aware": false,
            "Startup Cost": 44288.35,
            "Total Cost": 44288.36,
            "Plan Rows": 1,
            "Plan Width": 8,
            "Actual Startup Time": 140.125,
            "Actual Total Time": 150.409,
            "Actual Rows": 1,
            "Actual Loops": 1,
            "Output": [
                "count(*)"
            ],
            "Plans": [
                {
                    "Node Type": "Gather",
                    "Parent Relationship": "Outer",
                    "Parallel Aware": false,
                    "Startup Cost": 44288.03,
                    "Total Cost": 44288.34,
                    "Plan Rows": 3,
                    "Plan Width": 8,
                    "Actual Startup Time": 139.994,
                    "Actual Total Time": 150.4,
                    "Actual Rows": 4,
                    "Actual Loops": 1,
                    "Output": [
                        "(PARTIAL count(*))"
                    ],
                    "Workers Planned": 3,
                    "Workers Launched": 3,
                    "Single Copy": false,
                    "Plans": [
                        {
                            "Node Type": "Aggregate",
                            "Strategy": "Plain",
                            "Partial Mode": "Partial",
                            "Parent Relationship": "Outer",
                            "Parallel Aware": false,
                            "Startup Cost": 43288.03,
                            "Total Cost": 43288.04,
                            "Plan Rows": 1,
                            "Plan Width": 8,
                            "Actual Startup Time": 132.007,
                            "Actual Total Time": 132.008,
                            "Actual Rows": 1,
                            "Actual Loops": 4,
                            "Output": [
                                "PARTIAL count(*)"
                            ],
                            "Workers": [
                                {
                                    "Worker Number": 0,
                                    "Actual Startup Time": 129.456,
                                    "Actual Total Time": 129.457,
                                    "Actual Rows": 1,
                                    "Actual Loops": 1
                                },
                                {
                                    "Worker Number": 1,
                                    "Actual Startup Time": 129.445,
                                    "Actual Total Time": 129.446,
                                    "Actual Rows": 1,
                                    "Actual Loops": 1
                                },
                                {
                                    "Worker Number": 2,
                                    "Actual Startup Time": 129.725,
                                    "Actual Total Time": 129.726,
                                    "Actual Rows": 1,
                                    "Actual Loops": 1
                                }
                            ],
                            "Plans": [
                                {
                                    "Node Type": "Seq Scan",
                                    "Parent Relationship": "Outer",
                                    "Parallel Aware": true,
                                    "Relation Name": "movie_keyword",
                                    "Schema": "public",
                                    "Alias": "mk",
                                    "Startup Cost": 0.0,
                                    "Total Cost": 42695.65,
                                    "Plan Rows": 236952,
                                    "Plan Width": 0,
                                    "Actual Startup Time": 6.901,
                                    "Actual Total Time": 119.886,
                                    "Actual Rows": 179657,
                                    "Actual Loops": 4,
                                    "Output": [
                                        "id",
                                        "movie_id",
                                        "keyword_id"
                                    ],
                                    "Filter": "(mk.keyword_id > 26098)",
                                    "Rows Removed by Filter": 951325,
                                    "Workers": [
                                        {
                                            "Worker Number": 0,
                                            "Actual Startup Time": 4.336,
                                            "Actual Total Time": 117.521,
                                            "Actual Rows": 150771,
                                            "Actual Loops": 1
                                        },
                                        {
                                            "Worker Number": 1,
                                            "Actual Startup Time": 4.333,
                                            "Actual Total Time": 117.421,
                                            "Actual Rows": 152431,
                                            "Actual Loops": 1
                                        },
                                        {
                                            "Worker Number": 2,
                                            "Actual Startup Time": 4.614,
                                            "Actual Total Time": 117.99,
                                            "Actual Rows": 147008,
                                            "Actual Loops": 1
                                        }
                                    ]
                                }
                            ]
                        }
                    ]
                }
            ]
        },
        "Planning Time": 1259.604,
        "Triggers": [],
        "Execution Time": 150.517
    }
]