[
  {
    "Plan": {
      "Node Type": "Aggregate",
      "Strategy": "Plain",
      "Partial Mode": "Finalize",
      "Parallel Aware": false,
      "Startup Cost": 46647.09,
      "Total Cost": 46647.1,
      "Plan Rows": 1,
      "Plan Width": 8,
      "Actual Startup Time": 169.18,
      "Actual Total Time": 178.674,
      "Actual Rows": 1,
      "Actual Loops": 1,
      "Plans": [
        {
          "Node Type": "Gather",
          "Parent Relationship": "Outer",
          "Parallel Aware": false,
          "Startup Cost": 46646.77,
          "Total Cost": 46647.08,
          "Plan Rows": 3,
          "Plan Width": 8,
          "Actual Startup Time": 169.046,
          "Actual Total Time": 178.667,
          "Actual Rows": 4,
          "Actual Loops": 1,
          "Workers Planned": 3,
          "Workers Launched": 3,
          "Single Copy": false,
          "Plans": [
            {
              "Node Type": "Aggregate",
              "Strategy": "Plain",
              "Partial Mode": "Partial",
              "Parent Relationship": "Outer",
              "Parallel Aware": false,
              "Startup Cost": 45646.77,
              "Total Cost": 45646.78,
              "Plan Rows": 1,
              "Plan Width": 8,
              "Actual Startup Time": 163.53,
              "Actual Total Time": 163.531,
              "Actual Rows": 1,
              "Actual Loops": 4,
              "Plans": [
                {
                  "Node Type": "Seq Scan",
                  "Parent Relationship": "Outer",
                  "Parallel Aware": true,
                  "Relation Name": "movie_keyword",
                  "Alias": "mk",
                  "Startup Cost": 0.0,
                  "Total Cost": 42695.65,
                  "Plan Rows": 1180446,
                  "Plan Width": 0,
                  "Actual Startup Time": 0.041,
                  "Actual Total Time": 121.917,
                  "Actual Rows": 916934,
                  "Actual Loops": 4,
                  "Filter": "(keyword_id < 21452)",
                  "Rows Removed by Filter": 214049
                }
              ]
            }
          ]
        }
      ]
    },
    "Planning Time": 0.118,
    "Triggers": [],
    "Execution Time": 178.71
  }
]