{
  "Plan": {
    "Node Type": "Aggregate",
    "Strategy": "Plain",
    "Partial Mode": "Finalize",
    "Parallel Aware": false,
    "Startup Cost": 868581.35,
    "Total Cost": 868581.36,
    "Plan Rows": 1,
    "Plan Width": 8,
    "Actual Startup Time": 12244.222,
    "Actual Total Time": 12345.788,
    "Actual Rows": 1,
    "Actual Loops": 1,
    "Plans": [
      {
        "Node Type": "Gather",
        "Parent Relationship": "Outer",
        "Parallel Aware": false,
        "Startup Cost": 868581.24,
        "Total Cost": 868581.35,
        "Plan Rows": 1,
        "Plan Width": 8,
        "Actual Startup Time": 12225.233,
        "Actual Total Time": 12345.778,
        "Actual Rows": 2,
        "Actual Loops": 1,
        "Workers Planned": 1,
        "Workers Launched": 1,
        "Single Copy": false,
        "Plans": [
          {
            "Node Type": "Aggregate",
            "Strategy": "Plain",
            "Partial Mode": "Partial",
            "Parent Relationship": "Outer",
            "Parallel Aware": false,
            "Startup Cost": 867581.24,
            "Total Cost": 867581.25,
            "Plan Rows": 1,
            "Plan Width": 8,
            "Actual Startup Time": 12194.908,
            "Actual Total Time": 12194.916,
            "Actual Rows": 1,
            "Actual Loops": 2,
            "Plans": [
              {
                "Node Type": "Hash Join",
                "Parent Relationship": "Outer",
                "Parallel Aware": true,
                "Join Type": "Inner",
                "Startup Cost": 709303.99,
                "Total Cost": 844109.18,
                "Plan Rows": 9388826,
                "Plan Width": 0,
                "Actual Startup Time": 8443.254,
                "Actual Total Time": 11034.329,
                "Actual Rows": 27748938,
                "Actual Loops": 2,
                "Inner Unique": false,
                "Hash Cond": "(mk.movie_id = t.id)",
                "Plans": [
                  {
                    "Node Type": "Seq Scan",
                    "Parent Relationship": "Outer",
                    "Parallel Aware": true,
                    "Relation Name": "movie_keyword",
                    "Alias": "mk",
                    "Startup Cost": 0.0,
                    "Total Cost": 57718.19,
                    "Plan Rows": 1748688,
                    "Plan Width": 4,
                    "Actual Startup Time": 0.017,
                    "Actual Total Time": 208.001,
                    "Actual Rows": 1483370,
                    "Actual Loops": 2,
                    "Filter": "(keyword_id < 10111)",
                    "Rows Removed by Filter": 778594
                  },
                  {
                    "Node Type": "Hash",
                    "Parent Relationship": "Inner",
                    "Parallel Aware": true,
                    "Startup Cost": 609490.92,
                    "Total Cost": 609490.92,
                    "Plan Rows": 7985046,
                    "Plan Width": 8,
                    "Actual Startup Time": 8386.727,
                    "Actual Total Time": 8386.732,
                    "Actual Rows": 6796350,
                    "Actual Loops": 2,
                    "Hash Buckets": 16777216,
                    "Original Hash Buckets": 16777216,
                    "Hash Batches": 1,
                    "Original Hash Batches": 1,
                    "Peak Memory Usage": 662848,
                    "Plans": [
                      {
                        "Node Type": "Hash Join",
                        "Parent Relationship": "Outer",
                        "Parallel Aware": true,
                        "Join Type": "Inner",
                        "Startup Cost": 69460.7,
                        "Total Cost": 609490.92,
                        "Plan Rows": 7985046,
                        "Plan Width": 8,
                        "Actual Startup Time": 601.711,
                        "Actual Total Time": 5883.681,
                        "Actual Rows": 6796350,
                        "Actual Loops": 2,
                        "Inner Unique": true,
                        "Hash Cond": "(ci.movie_id = t.id)",
                        "Plans": [
                          {
                            "Node Type": "Seq Scan",
                            "Parent Relationship": "Outer",
                            "Parallel Aware": true,
                            "Relation Name": "cast_info",
                            "Alias": "ci",
                            "Startup Cost": 0.0,
                            "Total Cost": 519069.44,
                            "Plan Rows": 7985046,
                            "Plan Width": 4,
                            "Actual Startup Time": 0.018,
                            "Actual Total Time": 1616.52,
                            "Actual Rows": 6796350,
                            "Actual Loops": 2,
                            "Filter": "(person_id < 1338534)",
                            "Rows Removed by Filter": 11325822
                          },
                          {
                            "Node Type": "Hash",
                            "Parent Relationship": "Inner",
                            "Parallel Aware": true,
                            "Startup Cost": 50870.31,
                            "Total Cost": 50870.31,
                            "Plan Rows": 1487231,
                            "Plan Width": 4,
                            "Actual Startup Time": 590.473,
                            "Actual Total Time": 590.474,
                            "Actual Rows": 1264156,
                            "Actual Loops": 2,
                            "Hash Buckets": 4194304,
                            "Original Hash Buckets": 4194304,
                            "Hash Batches": 1,
                            "Original Hash Batches": 1,
                            "Peak Memory Usage": 131712,
                            "Plans": [
                              {
                                "Node Type": "Seq Scan",
                                "Parent Relationship": "Outer",
                                "Parallel Aware": true,
                                "Relation Name": "title",
                                "Alias": "t",
                                "Startup Cost": 0.0,
                                "Total Cost": 50870.31,
                                "Plan Rows": 1487231,
                                "Plan Width": 4,
                                "Actual Startup Time": 0.039,
                                "Actual Total Time": 183.595,
                                "Actual Rows": 1264156,
                                "Actual Loops": 2
                              }
                            ]
                          }
                        ]
                      }
                    ]
                  }
                ]
              }
            ]
          }
        ]
      }
    ]
  },
  "Planning Time": 1.028,
  "Triggers": [],
  "Execution Time": 12345.874
}