[
  {
    "Plan": {
      "Node Type": "Aggregate",
      "Strategy": "Plain",
      "Partial Mode": "Finalize",
      "Parallel Aware": false,
      "Startup Cost": 84113.03,
      "Total Cost": 84113.04,
      "Plan Rows": 1,
      "Plan Width": 8,
      "Actual Startup Time": 440.588,
      "Actual Total Time": 455.961,
      "Actual Rows": 1,
      "Actual Loops": 1,
      "Plans": [
        {
          "Node Type": "Gather",
          "Parent Relationship": "Outer",
          "Parallel Aware": false,
          "Startup Cost": 84112.61,
          "Total Cost": 84113.02,
          "Plan Rows": 4,
          "Plan Width": 8,
          "Actual Startup Time": 435.053,
          "Actual Total Time": 455.95,
          "Actual Rows": 5,
          "Actual Loops": 1,
          "Workers Planned": 4,
          "Workers Launched": 4,
          "Single Copy": false,
          "Plans": [
            {
              "Node Type": "Aggregate",
              "Strategy": "Plain",
              "Partial Mode": "Partial",
              "Parent Relationship": "Outer",
              "Parallel Aware": false,
              "Startup Cost": 83112.61,
              "Total Cost": 83112.62,
              "Plan Rows": 1,
              "Plan Width": 8,
              "Actual Startup Time": 422.286,
              "Actual Total Time": 422.289,
              "Actual Rows": 1,
              "Actual Loops": 5,
              "Plans": [
                {
                  "Node Type": "Hash Join",
                  "Parent Relationship": "Outer",
                  "Parallel Aware": true,
                  "Join Type": "Inner",
                  "Startup Cost": 36004.26,
                  "Total Cost": 82401.24,
                  "Plan Rows": 284545,
                  "Plan Width": 0,
                  "Actual Startup Time": 170.302,
                  "Actual Total Time": 410.759,
                  "Actual Rows": 250542,
                  "Actual Loops": 5,
                  "Inner Unique": false,
                  "Hash Cond": "(t.id = mc.movie_id)",
                  "Plans": [
                    {
                      "Node Type": "Seq Scan",
                      "Parent Relationship": "Outer",
                      "Parallel Aware": true,
                      "Relation Name": "title",
                      "Alias": "t",
                      "Startup Cost": 0.0,
                      "Total Cost": 42318.73,
                      "Plan Rows": 632073,
                      "Plan Width": 4,
                      "Actual Startup Time": 0.013,
                      "Actual Total Time": 64.326,
                      "Actual Rows": 505662,
                      "Actual Loops": 5
                    },
                    {
                      "Node Type": "Hash",
                      "Parent Relationship": "Inner",
                      "Parallel Aware": true,
                      "Startup Cost": 31414.82,
                      "Total Cost": 31414.82,
                      "Plan Rows": 367155,
                      "Plan Width": 4,
                      "Actual Startup Time": 164.088,
                      "Actual Total Time": 164.089,
                      "Actual Rows": 250542,
                      "Actual Loops": 5,
                      "Hash Buckets": 2097152,
                      "Original Hash Buckets": 2097152,
                      "Hash Batches": 1,
                      "Original Hash Batches": 1,
                      "Peak Memory Usage": 65440,
                      "Plans": [
                        {
                          "Node Type": "Seq Scan",
                          "Parent Relationship": "Outer",
                          "Parallel Aware": true,
                          "Relation Name": "movie_companies",
                          "Alias": "mc",
                          "Startup Cost": 0.0,
                          "Total Cost": 31414.82,
                          "Plan Rows": 367155,
                          "Plan Width": 4,
                          "Actual Startup Time": 47.186,
                          "Actual Total Time": 84.098,
                          "Actual Rows": 250542,
                          "Actual Loops": 5,
                          "Filter": "((company_id > 181) AND (company_type_id = 2))",
                          "Rows Removed by Filter": 271284
                        }
                      ]
                    }
                  ]
                }
              ]
            }
          ]
        }
      ]
    },
    "Planning Time": 0.639,
    "Triggers": [],
    "Execution Time": 456.03
  }
]