[
  {
    "Plan": {
      "Node Type": "Aggregate",
      "Strategy": "Plain",
      "Partial Mode": "Finalize",
      "Parallel Aware": false,
      "Startup Cost": 391072.92,
      "Total Cost": 391072.93,
      "Plan Rows": 1,
      "Plan Width": 8,
      "Actual Startup Time": 2962.741,
      "Actual Total Time": 3011.847,
      "Actual Rows": 1,
      "Actual Loops": 1,
      "Plans": [
        {
          "Node Type": "Gather",
          "Parent Relationship": "Outer",
          "Parallel Aware": false,
          "Startup Cost": 391072.3,
          "Total Cost": 391072.91,
          "Plan Rows": 6,
          "Plan Width": 8,
          "Actual Startup Time": 2949.223,
          "Actual Total Time": 3011.836,
          "Actual Rows": 7,
          "Actual Loops": 1,
          "Workers Planned": 6,
          "Workers Launched": 6,
          "Single Copy": false,
          "Plans": [
            {
              "Node Type": "Aggregate",
              "Strategy": "Plain",
              "Partial Mode": "Partial",
              "Parent Relationship": "Outer",
              "Parallel Aware": false,
              "Startup Cost": 390072.3,
              "Total Cost": 390072.31,
              "Plan Rows": 1,
              "Plan Width": 8,
              "Actual Startup Time": 2938.482,
              "Actual Total Time": 2938.485,
              "Actual Rows": 1,
              "Actual Loops": 7,
              "Plans": [
                {
                  "Node Type": "Hash Join",
                  "Parent Relationship": "Outer",
                  "Parallel Aware": true,
                  "Join Type": "Inner",
                  "Startup Cost": 50846.25,
                  "Total Cost": 379812.91,
                  "Plan Rows": 4103756,
                  "Plan Width": 0,
                  "Actual Startup Time": 208.59,
                  "Actual Total Time": 2774.095,
                  "Actual Rows": 3639492,
                  "Actual Loops": 7,
                  "Inner Unique": true,
                  "Hash Cond": "(ci.movie_id = t.id)",
                  "Plans": [
                    {
                      "Node Type": "Seq Scan",
                      "Parent Relationship": "Outer",
                      "Parallel Aware": true,
                      "Relation Name": "cast_info",
                      "Alias": "ci",
                      "Startup Cost": 0.0,
                      "Total Cost": 313106.51,
                      "Plan Rows": 6041951,
                      "Plan Width": 4,
                      "Actual Startup Time": 0.036,
                      "Actual Total Time": 541.286,
                      "Actual Rows": 5177763,
                      "Actual Loops": 7
                    },
                    {
                      "Node Type": "Hash",
                      "Parent Relationship": "Inner",
                      "Parallel Aware": true,
                      "Startup Cost": 45479.59,
                      "Total Cost": 45479.59,
                      "Plan Rows": 429333,
                      "Plan Width": 4,
                      "Actual Startup Time": 204.708,
                      "Actual Total Time": 204.709,
                      "Actual Rows": 257098,
                      "Actual Loops": 7,
                      "Hash Buckets": 2097152,
                      "Original Hash Buckets": 2097152,
                      "Hash Batches": 1,
                      "Original Hash Batches": 1,
                      "Peak Memory Usage": 86912,
                      "Plans": [
                        {
                          "Node Type": "Seq Scan",
                          "Parent Relationship": "Outer",
                          "Parallel Aware": true,
                          "Relation Name": "title",
                          "Alias": "t",
                          "Startup Cost": 0.0,
                          "Total Cost": 45479.59,
                          "Plan Rows": 429333,
                          "Plan Width": 4,
                          "Actual Startup Time": 0.034,
                          "Actual Total Time": 84.344,
                          "Actual Rows": 257098,
                          "Actual Loops": 7,
                          "Filter": "((kind_id > 1) AND (production_year > 1938))",
                          "Rows Removed by Filter": 104089
                        }
                      ]
                    }
                  ]
                }
              ]
            }
          ]
        }
      ]
    },
    "Planning Time": 0.281,
    "Triggers": [],
    "Execution Time": 3011.9
  }
]