[
  {
    "Plan": {
      "Node Type": "Aggregate",
      "Strategy": "Plain",
      "Partial Mode": "Finalize",
      "Parallel Aware": false,
      "Startup Cost": 80644.24,
      "Total Cost": 80644.25,
      "Plan Rows": 1,
      "Plan Width": 8,
      "Actual Startup Time": 476.026,
      "Actual Total Time": 495.714,
      "Actual Rows": 1,
      "Actual Loops": 1,
      "Plans": [
        {
          "Node Type": "Gather",
          "Parent Relationship": "Outer",
          "Parallel Aware": false,
          "Startup Cost": 80643.92,
          "Total Cost": 80644.23,
          "Plan Rows": 3,
          "Plan Width": 8,
          "Actual Startup Time": 467.423,
          "Actual Total Time": 495.701,
          "Actual Rows": 4,
          "Actual Loops": 1,
          "Workers Planned": 3,
          "Workers Launched": 3,
          "Single Copy": false,
          "Plans": [
            {
              "Node Type": "Aggregate",
              "Strategy": "Plain",
              "Partial Mode": "Partial",
              "Parent Relationship": "Outer",
              "Parallel Aware": false,
              "Startup Cost": 79643.92,
              "Total Cost": 79643.93,
              "Plan Rows": 1,
              "Plan Width": 8,
              "Actual Startup Time": 448.521,
              "Actual Total Time": 448.525,
              "Actual Rows": 1,
              "Actual Loops": 4,
              "Plans": [
                {
                  "Node Type": "Hash Join",
                  "Parent Relationship": "Outer",
                  "Parallel Aware": true,
                  "Join Type": "Inner",
                  "Startup Cost": 54139.68,
                  "Total Cost": 79494.95,
                  "Plan Rows": 59588,
                  "Plan Width": 0,
                  "Actual Startup Time": 384.642,
                  "Actual Total Time": 445.632,
                  "Actual Rows": 46239,
                  "Actual Loops": 4,
                  "Inner Unique": true,
                  "Hash Cond": "(mk.movie_id = t.id)",
                  "Plans": [
                    {
                      "Node Type": "Bitmap Heap Scan",
                      "Parent Relationship": "Outer",
                      "Parallel Aware": true,
                      "Relation Name": "movie_keyword",
                      "Alias": "mk",
                      "Startup Cost": 3920.04,
                      "Total Cost": 29118.89,
                      "Plan Rows": 59588,
                      "Plan Width": 4,
                      "Actual Startup Time": 19.761,
                      "Actual Total Time": 61.04,
                      "Actual Rows": 46239,
                      "Actual Loops": 4,
                      "Recheck Cond": "(keyword_id > 71480)",
                      "Rows Removed by Index Recheck": 0,
                      "Exact Heap Blocks": 5404,
                      "Lossy Heap Blocks": 0,
                      "Plans": [
                        {
                          "Node Type": "Bitmap Index Scan",
                          "Parent Relationship": "Outer",
                          "Parallel Aware": false,
                          "Index Name": "keyword_id_movie_keyword",
                          "Startup Cost": 0.0,
                          "Total Cost": 3873.85,
                          "Plan Rows": 184723,
                          "Plan Width": 0,
                          "Actual Startup Time": 15.079,
                          "Actual Total Time": 15.08,
                          "Actual Rows": 184956,
                          "Actual Loops": 1,
                          "Index Cond": "(keyword_id > 71480)"
                        }
                      ]
                    },
                    {
                      "Node Type": "Hash",
                      "Parent Relationship": "Inner",
                      "Parallel Aware": true,
                      "Startup Cost": 42318.73,
                      "Total Cost": 42318.73,
                      "Plan Rows": 632073,
                      "Plan Width": 4,
                      "Actual Startup Time": 353.154,
                      "Actual Total Time": 353.155,
                      "Actual Rows": 632078,
                      "Actual Loops": 4,
                      "Hash Buckets": 4194304,
                      "Original Hash Buckets": 4194304,
                      "Hash Batches": 1,
                      "Original Hash Batches": 1,
                      "Peak Memory Usage": 131776,
                      "Plans": [
                        {
                          "Node Type": "Seq Scan",
                          "Parent Relationship": "Outer",
                          "Parallel Aware": true,
                          "Relation Name": "title",
                          "Alias": "t",
                          "Startup Cost": 0.0,
                          "Total Cost": 42318.73,
                          "Plan Rows": 632073,
                          "Plan Width": 4,
                          "Actual Startup Time": 0.034,
                          "Actual Total Time": 104.958,
                          "Actual Rows": 632078,
                          "Actual Loops": 4
                        }
                      ]
                    }
                  ]
                }
              ]
            }
          ]
        }
      ]
    },
    "Planning Time": 0.696,
    "Triggers": [],
    "Execution Time": 495.814
  }
]