[
  {
    "Plan": {
      "Node Type": "Aggregate",
      "Strategy": "Plain",
      "Partial Mode": "Finalize",
      "Parallel Aware": false,
      "Startup Cost": 62250.75,
      "Total Cost": 62250.76,
      "Plan Rows": 1,
      "Plan Width": 8,
      "Actual Startup Time": 175.787,
      "Actual Total Time": 190.562,
      "Actual Rows": 1,
      "Actual Loops": 1,
      "Plans": [
        {
          "Node Type": "Gather",
          "Parent Relationship": "Outer",
          "Parallel Aware": false,
          "Startup Cost": 62250.53,
          "Total Cost": 62250.74,
          "Plan Rows": 2,
          "Plan Width": 8,
          "Actual Startup Time": 175.498,
          "Actual Total Time": 190.554,
          "Actual Rows": 3,
          "Actual Loops": 1,
          "Workers Planned": 2,
          "Workers Launched": 2,
          "Single Copy": false,
          "Plans": [
            {
              "Node Type": "Aggregate",
              "Strategy": "Plain",
              "Partial Mode": "Partial",
              "Parent Relationship": "Outer",
              "Parallel Aware": false,
              "Startup Cost": 61250.53,
              "Total Cost": 61250.54,
              "Plan Rows": 1,
              "Plan Width": 8,
              "Actual Startup Time": 170.864,
              "Actual Total Time": 170.868,
              "Actual Rows": 1,
              "Actual Loops": 3,
              "Plans": [
                {
                  "Node Type": "Hash Join",
                  "Parent Relationship": "Outer",
                  "Parallel Aware": true,
                  "Join Type": "Inner",
                  "Startup Cost": 45612.46,
                  "Total Cost": 61242.41,
                  "Plan Rows": 3250,
                  "Plan Width": 0,
                  "Actual Startup Time": 117.014,
                  "Actual Total Time": 170.639,
                  "Actual Rows": 3570,
                  "Actual Loops": 3,
                  "Inner Unique": true,
                  "Hash Cond": "(mi_idx.movie_id = t.id)",
                  "Plans": [
                    {
                      "Node Type": "Seq Scan",
                      "Parent Relationship": "Outer",
                      "Parallel Aware": true,
                      "Relation Name": "movie_info_idx",
                      "Alias": "mi_idx",
                      "Startup Cost": 0.0,
                      "Total Cost": 15122.68,
                      "Plan Rows": 193243,
                      "Plan Width": 4,
                      "Actual Startup Time": 0.012,
                      "Actual Total Time": 37.08,
                      "Actual Rows": 153308,
                      "Actual Loops": 3,
                      "Filter": "(info_type_id = 101)",
                      "Rows Removed by Filter": 306703
                    },
                    {
                      "Node Type": "Hash",
                      "Parent Relationship": "Inner",
                      "Parallel Aware": true,
                      "Startup Cost": 45479.59,
                      "Total Cost": 45479.59,
                      "Plan Rows": 10630,
                      "Plan Width": 4,
                      "Actual Startup Time": 115.606,
                      "Actual Total Time": 115.607,
                      "Actual Rows": 12537,
                      "Actual Loops": 3,
                      "Hash Buckets": 65536,
                      "Original Hash Buckets": 65536,
                      "Hash Batches": 1,
                      "Original Hash Batches": 1,
                      "Peak Memory Usage": 2016,
                      "Plans": [
                        {
                          "Node Type": "Seq Scan",
                          "Parent Relationship": "Outer",
                          "Parallel Aware": true,
                          "Relation Name": "title",
                          "Alias": "t",
                          "Startup Cost": 0.0,
                          "Total Cost": 45479.59,
                          "Plan Rows": 10630,
                          "Plan Width": 4,
                          "Actual Startup Time": 0.146,
                          "Actual Total Time": 110.873,
                          "Actual Rows": 12537,
                          "Actual Loops": 3,
                          "Filter": "((kind_id < 3) AND (production_year = 2010))",
                          "Rows Removed by Filter": 830234
                        }
                      ]
                    }
                  ]
                }
              ]
            }
          ]
        }
      ]
    },
    "Planning Time": 0.509,
    "Triggers": [],
    "Execution Time": 190.636
  }
]