{
  "Plan": {
    "Node Type": "Aggregate",
    "Strategy": "Plain",
    "Partial Mode": "Finalize",
    "Parallel Aware": false,
    "Startup Cost": 47343.88,
    "Total Cost": 47343.89,
    "Plan Rows": 1,
    "Plan Width": 8,
    "Actual Startup Time": 50.456,
    "Actual Total Time": 57.481,
    "Actual Rows": 1,
    "Actual Loops": 1,
    "Plans": [
      {
        "Node Type": "Gather",
        "Parent Relationship": "Outer",
        "Parallel Aware": false,
        "Startup Cost": 47343.77,
        "Total Cost": 47343.88,
        "Plan Rows": 1,
        "Plan Width": 8,
        "Actual Startup Time": 50.246,
        "Actual Total Time": 57.475,
        "Actual Rows": 2,
        "Actual Loops": 1,
        "Workers Planned": 1,
        "Workers Launched": 1,
        "Single Copy": false,
        "Plans": [
          {
            "Node Type": "Aggregate",
            "Strategy": "Plain",
            "Partial Mode": "Partial",
            "Parent Relationship": "Outer",
            "Parallel Aware": false,
            "Startup Cost": 46343.77,
            "Total Cost": 46343.78,
            "Plan Rows": 1,
            "Plan Width": 8,
            "Actual Startup Time": 43.939,
            "Actual Total Time": 43.941,
            "Actual Rows": 1,
            "Actual Loops": 2,
            "Plans": [
              {
                "Node Type": "Nested Loop",
                "Parent Relationship": "Outer",
                "Parallel Aware": false,
                "Join Type": "Inner",
                "Startup Cost": 157.38,
                "Total Cost": 46341.42,
                "Plan Rows": 941,
                "Plan Width": 0,
                "Actual Startup Time": 4.776,
                "Actual Total Time": 43.777,
                "Actual Rows": 1142,
                "Actual Loops": 2,
                "Inner Unique": false,
                "Plans": [
                  {
                    "Node Type": "Nested Loop",
                    "Parent Relationship": "Outer",
                    "Parallel Aware": false,
                    "Join Type": "Inner",
                    "Startup Cost": 156.96,
                    "Total Cost": 45367.19,
                    "Plan Rows": 1723,
                    "Plan Width": 8,
                    "Actual Startup Time": 4.432,
                    "Actual Total Time": 38.26,
                    "Actual Rows": 452,
                    "Actual Loops": 2,
                    "Inner Unique": true,
                    "Plans": [
                      {
                        "Node Type": "Bitmap Heap Scan",
                        "Parent Relationship": "Outer",
                        "Parallel Aware": true,
                        "Relation Name": "movie_keyword",
                        "Alias": "mk",
                        "Startup Cost": 156.53,
                        "Total Cost": 15825.27,
                        "Plan Rows": 4258,
                        "Plan Width": 4,
                        "Actual Startup Time": 3.444,
                        "Actual Total Time": 13.334,
                        "Actual Rows": 2702,
                        "Actual Loops": 2,
                        "Recheck Cond": "(keyword_id = 107)",
                        "Rows Removed by Index Recheck": 0,
                        "Exact Heap Blocks": 4014,
                        "Lossy Heap Blocks": 0,
                        "Plans": [
                          {
                            "Node Type": "Bitmap Index Scan",
                            "Parent Relationship": "Outer",
                            "Parallel Aware": false,
                            "Index Name": "keyword_id_movie_keyword",
                            "Startup Cost": 0.0,
                            "Total Cost": 154.72,
                            "Plan Rows": 7238,
                            "Plan Width": 0,
                            "Actual Startup Time": 4.239,
                            "Actual Total Time": 4.239,
                            "Actual Rows": 5403,
                            "Actual Loops": 1,
                            "Index Cond": "(keyword_id = 107)"
                          }
                        ]
                      },
                      {
                        "Node Type": "Index Scan",
                        "Parent Relationship": "Inner",
                        "Parallel Aware": false,
                        "Scan Direction": "Forward",
                        "Index Name": "title_pkey",
                        "Relation Name": "title",
                        "Alias": "t",
                        "Startup Cost": 0.43,
                        "Total Cost": 6.94,
                        "Plan Rows": 1,
                        "Plan Width": 4,
                        "Actual Startup Time": 0.009,
                        "Actual Total Time": 0.009,
                        "Actual Rows": 0,
                        "Actual Loops": 5403,
                        "Index Cond": "(id = mk.movie_id)",
                        "Rows Removed by Index Recheck": 0,
                        "Filter": "(production_year > 2005)",
                        "Rows Removed by Filter": 1
                      }
                    ]
                  },
                  {
                    "Node Type": "Index Only Scan",
                    "Parent Relationship": "Inner",
                    "Parallel Aware": false,
                    "Scan Direction": "Forward",
                    "Index Name": "movie_id_movie_info_idx",
                    "Relation Name": "movie_info_idx",
                    "Alias": "mi_idx",
                    "Startup Cost": 0.43,
                    "Total Cost": 0.54,
                    "Plan Rows": 3,
                    "Plan Width": 4,
                    "Actual Startup Time": 0.011,
                    "Actual Total Time": 0.011,
                    "Actual Rows": 3,
                    "Actual Loops": 904,
                    "Index Cond": "(movie_id = t.id)",
                    "Rows Removed by Index Recheck": 0,
                    "Heap Fetches": 2285
                  }
                ]
              }
            ]
          }
        ]
      }
    ]
  },
  "Planning Time": 1.068,
  "Triggers": [],
  "Execution Time": 57.577
}