{
    "Plan": {
        "Node Type": "Aggregate",
        "Strategy": "Plain",
        "Partial Mode": "Simple",
        "Parallel Aware": false,
        "Startup Cost": 90002528007.45,
        "Total Cost": 90002528007.46,
        "Plan Rows": 1,
        "Plan Width": 96,
        "Actual Startup Time": 3913.332,
        "Actual Total Time": 3913.352,
        "Actual Rows": 1,
        "Actual Loops": 1,
        "Output": [
            "min(cn.name)",
            "min((lt.link)::text)",
            "min(t.title)"
        ],
        "Plans": [
            {
                "Node Type": "Hash Join",
                "Parent Relationship": "Outer",
                "Parallel Aware": false,
                "Join Type": "Inner",
                "Startup Cost": 90002527987.04,
                "Total Cost": 90002528007.44,
                "Plan Rows": 1,
                "Plan Width": 48,
                "Actual Startup Time": 3912.924,
                "Actual Total Time": 3913.312,
                "Actual Rows": 114,
                "Actual Loops": 1,
                "Output": [
                    "cn.name",
                    "lt.link",
                    "t.title"
                ],
                "Inner Unique": false,
                "Hash Cond": "(ml.movie_id = mk.movie_id)",
                "Plans": [
                    {
                        "Node Type": "Nested Loop",
                        "Parent Relationship": "Outer",
                        "Parallel Aware": false,
                        "Join Type": "Inner",
                        "Startup Cost": 50000185389.56,
                        "Total Cost": 50000185409.95,
                        "Plan Rows": 1,
                        "Plan Width": 45,
                        "Actual Startup Time": 167.292,
                        "Actual Total Time": 167.648,
                        "Actual Rows": 38,
                        "Actual Loops": 1,
                        "Output": [
                            "cc.movie_id",
                            "mi.movie_id",
                            "ml.movie_id",
                            "lt.link",
                            "t.title",
                            "t.id"
                        ],
                        "Inner Unique": true,
                        "Plans": [
                            {
                                "Node Type": "Merge Join",
                                "Parent Relationship": "Outer",
                                "Parallel Aware": false,
                                "Join Type": "Inner",
                                "Startup Cost": 40000185389.42,
                                "Total Cost": 40000185401.79,
                                "Plan Rows": 1,
                                "Plan Width": 49,
                                "Actual Startup Time": 167.274,
                                "Actual Total Time": 167.314,
                                "Actual Rows": 76,
                                "Actual Loops": 1,
                                "Output": [
                                    "cc.movie_id",
                                    "cc.status_id",
                                    "mi.movie_id",
                                    "ml.movie_id",
                                    "lt.link",
                                    "t.title",
                                    "t.id"
                                ],
                                "Inner Unique": true,
                                "Merge Cond": "(ml.link_type_id = lt.id)",
                                "Plans": [
                                    {
                                        "Node Type": "Sort",
                                        "Parent Relationship": "Outer",
                                        "Parallel Aware": false,
                                        "Startup Cost": 30000185389.29,
                                        "Total Cost": 30000185389.3,
                                        "Plan Rows": 7,
                                        "Plan Width": 41,
                                        "Actual Startup Time": 167.259,
                                        "Actual Total Time": 167.278,
                                        "Actual Rows": 76,
                                        "Actual Loops": 1,
                                        "Output": [
                                            "cc.movie_id",
                                            "cc.status_id",
                                            "mi.movie_id",
                                            "ml.link_type_id",
                                            "ml.movie_id",
                                            "t.title",
                                            "t.id"
                                        ],
                                        "Sort Key": [
                                            "ml.link_type_id"
                                        ],
                                        "Sort Method": "quicksort",
                                        "Sort Space Used": 30,
                                        "Sort Space Type": "Memory",
                                        "Plans": [
                                            {
                                                "Node Type": "Merge Join",
                                                "Parent Relationship": "Outer",
                                                "Parallel Aware": false,
                                                "Join Type": "Inner",
                                                "Startup Cost": 30000185376.97,
                                                "Total Cost": 30000185389.19,
                                                "Plan Rows": 7,
                                                "Plan Width": 41,
                                                "Actual Startup Time": 167.214,
                                                "Actual Total Time": 167.244,
                                                "Actual Rows": 76,
                                                "Actual Loops": 1,
                                                "Output": [
                                                    "cc.movie_id",
                                                    "cc.status_id",
                                                    "mi.movie_id",
                                                    "ml.link_type_id",
                                                    "ml.movie_id",
                                                    "t.title",
                                                    "t.id"
                                                ],
                                                "Inner Unique": false,
                                                "Merge Cond": "(cct1.id = cc.subject_id)",
                                                "Plans": [
                                                    {
                                                        "Node Type": "Index Scan",
                                                        "Parent Relationship": "Outer",
                                                        "Parallel Aware": false,
                                                        "Scan Direction": "Forward",
                                                        "Index Name": "comp_cast_type_pkey",
                                                        "Relation Name": "comp_cast_type",
                                                        "Schema": "public",
                                                        "Alias": "cct1",
                                                        "Startup Cost": 0.13,
                                                        "Total Cost": 12.2,
                                                        "Plan Rows": 2,
                                                        "Plan Width": 4,
                                                        "Actual Startup Time": 0.016,
                                                        "Actual Total Time": 0.022,
                                                        "Actual Rows": 2,
                                                        "Actual Loops": 1,
                                                        "Output": [
                                                            "cct1.id",
                                                            "cct1.kind"
                                                        ],
                                                        "Filter": "((cct1.kind)::text = ANY ('{crew,cast}'::text[]))",
                                                        "Rows Removed by Filter": 2
                                                    },
                                                    {
                                                        "Node Type": "Sort",
                                                        "Parent Relationship": "Inner",
                                                        "Parallel Aware": false,
                                                        "Startup Cost": 30000185376.84,
                                                        "Total Cost": 30000185376.88,
                                                        "Plan Rows": 14,
                                                        "Plan Width": 45,
                                                        "Actual Startup Time": 167.193,
                                                        "Actual Total Time": 167.203,
                                                        "Actual Rows": 76,
                                                        "Actual Loops": 1,
                                                        "Output": [
                                                            "cc.movie_id",
                                                            "cc.subject_id",
                                                            "cc.status_id",
                                                            "mi.movie_id",
                                                            "ml.link_type_id",
                                                            "ml.movie_id",
                                                            "t.title",
                                                            "t.id"
                                                        ],
                                                        "Sort Key": [
                                                            "cc.subject_id"
                                                        ],
                                                        "Sort Method": "quicksort",
                                                        "Sort Space Used": 30,
                                                        "Sort Space Type": "Memory",
                                                        "Plans": [
                                                            {
                                                                "Node Type": "Hash Join",
                                                                "Parent Relationship": "Outer",
                                                                "Parallel Aware": false,
                                                                "Join Type": "Inner",
                                                                "Startup Cost": 30000182112.11,
                                                                "Total Cost": 30000185376.58,
                                                                "Plan Rows": 14,
                                                                "Plan Width": 45,
                                                                "Actual Startup Time": 148.548,
                                                                "Actual Total Time": 167.176,
                                                                "Actual Rows": 76,
                                                                "Actual Loops": 1,
                                                                "Output": [
                                                                    "cc.movie_id",
                                                                    "cc.subject_id",
                                                                    "cc.status_id",
                                                                    "mi.movie_id",
                                                                    "ml.link_type_id",
                                                                    "ml.movie_id",
                                                                    "t.title",
                                                                    "t.id"
                                                                ],
                                                                "Inner Unique": false,
                                                                "Hash Cond": "(cc.movie_id = ml.movie_id)",
                                                                "Plans": [
                                                                    {
                                                                        "Node Type": "Seq Scan",
                                                                        "Parent Relationship": "Outer",
                                                                        "Parallel Aware": false,
                                                                        "Relation Name": "complete_cast",
                                                                        "Schema": "public",
                                                                        "Alias": "cc",
                                                                        "Startup Cost": 0.0,
                                                                        "Total Cost": 2081.86,
                                                                        "Plan Rows": 135086,
                                                                        "Plan Width": 12,
                                                                        "Actual Startup Time": 0.024,
                                                                        "Actual Total Time": 10.477,
                                                                        "Actual Rows": 135086,
                                                                        "Actual Loops": 1,
                                                                        "Output": [
                                                                            "cc.id",
                                                                            "cc.movie_id",
                                                                            "cc.subject_id",
                                                                            "cc.status_id"
                                                                        ]
                                                                    },
                                                                    {
                                                                        "Node Type": "Hash",
                                                                        "Parent Relationship": "Inner",
                                                                        "Parallel Aware": false,
                                                                        "Startup Cost": 30000182111.64,
                                                                        "Total Cost": 30000182111.64,
                                                                        "Plan Rows": 38,
                                                                        "Plan Width": 33,
                                                                        "Actual Startup Time": 147.595,
                                                                        "Actual Total Time": 147.6,
                                                                        "Actual Rows": 152,
                                                                        "Actual Loops": 1,
                                                                        "Output": [
                                                                            "mi.movie_id",
                                                                            "ml.link_type_id",
                                                                            "ml.movie_id",
                                                                            "t.title",
                                                                            "t.id"
                                                                        ],
                                                                        "Hash Buckets": 1024,
                                                                        "Original Hash Buckets": 1024,
                                                                        "Hash Batches": 1,
                                                                        "Original Hash Batches": 1,
                                                                        "Peak Memory Usage": 18,
                                                                        "Plans": [
                                                                            {
                                                                                "Node Type": "Nested Loop",
                                                                                "Parent Relationship": "Outer",
                                                                                "Parallel Aware": false,
                                                                                "Join Type": "Inner",
                                                                                "Startup Cost": 30000000005.43,
                                                                                "Total Cost": 30000182111.64,
                                                                                "Plan Rows": 38,
                                                                                "Plan Width": 33,
                                                                                "Actual Startup Time": 122.968,
                                                                                "Actual Total Time": 147.553,
                                                                                "Actual Rows": 152,
                                                                                "Actual Loops": 1,
                                                                                "Output": [
                                                                                    "mi.movie_id",
                                                                                    "ml.link_type_id",
                                                                                    "ml.movie_id",
                                                                                    "t.title",
                                                                                    "t.id"
                                                                                ],
                                                                                "Inner Unique": false,
                                                                                "Join Filter": "(ml.movie_id = mi.movie_id)",
                                                                                "Rows Removed by Join Filter": 0,
                                                                                "Plans": [
                                                                                    {
                                                                                        "Node Type": "Nested Loop",
                                                                                        "Parent Relationship": "Outer",
                                                                                        "Parallel Aware": false,
                                                                                        "Join Type": "Inner",
                                                                                        "Startup Cost": 20000000001.93,
                                                                                        "Total Cost": 20000170692.65,
                                                                                        "Plan Rows": 567,
                                                                                        "Plan Width": 29,
                                                                                        "Actual Startup Time": 2.309,
                                                                                        "Actual Total Time": 142.933,
                                                                                        "Actual Rows": 348,
                                                                                        "Actual Loops": 1,
                                                                                        "Output": [
                                                                                            "ml.link_type_id",
                                                                                            "ml.movie_id",
                                                                                            "t.title",
                                                                                            "t.id"
                                                                                        ],
                                                                                        "Inner Unique": true,
                                                                                        "Plans": [
                                                                                            {
                                                                                                "Node Type": "Index Scan",
                                                                                                "Parent Relationship": "Outer",
                                                                                                "Parallel Aware": false,
                                                                                                "Scan Direction": "Forward",
                                                                                                "Index Name": "movie_id_movie_link",
                                                                                                "Relation Name": "movie_link",
                                                                                                "Schema": "public",
                                                                                                "Alias": "ml",
                                                                                                "Startup Cost": 10000000000.29,
                                                                                                "Total Cost": 10000001111.51,
                                                                                                "Plan Rows": 29997,
                                                                                                "Plan Width": 8,
                                                                                                "Actual Startup Time": 0.014,
                                                                                                "Actual Total Time": 8.168,
                                                                                                "Actual Rows": 29997,
                                                                                                "Actual Loops": 1,
                                                                                                "Output": [
                                                                                                    "ml.id",
                                                                                                    "ml.movie_id",
                                                                                                    "ml.linked_movie_id",
                                                                                                    "ml.link_type_id"
                                                                                                ]
                                                                                            },
                                                                                            {
                                                                                                "Node Type": "Bitmap Heap Scan",
                                                                                                "Parent Relationship": "Inner",
                                                                                                "Parallel Aware": false,
                                                                                                "Relation Name": "title",
                                                                                                "Schema": "public",
                                                                                                "Alias": "t",
                                                                                                "Startup Cost": 1.64,
                                                                                                "Total Cost": 5.65,
                                                                                                "Plan Rows": 1,
                                                                                                "Plan Width": 21,
                                                                                                "Actual Startup Time": 0.003,
                                                                                                "Actual Total Time": 0.003,
                                                                                                "Actual Rows": 0,
                                                                                                "Actual Loops": 29997,
                                                                                                "Output": [
                                                                                                    "t.id",
                                                                                                    "t.title",
                                                                                                    "t.imdb_index",
                                                                                                    "t.kind_id",
                                                                                                    "t.production_year",
                                                                                                    "t.imdb_id",
                                                                                                    "t.phonetic_code",
                                                                                                    "t.episode_of_id",
                                                                                                    "t.season_nr",
                                                                                                    "t.episode_nr",
                                                                                                    "t.series_years",
                                                                                                    "t.md5sum"
                                                                                                ],
                                                                                                "Recheck Cond": "(t.id = ml.movie_id)",
                                                                                                "Rows Removed by Index Recheck": 0,
                                                                                                "Filter": "(t.production_year = 1998)",
                                                                                                "Rows Removed by Filter": 1,
                                                                                                "Exact Heap Blocks": 29997,
                                                                                                "Lossy Heap Blocks": 0,
                                                                                                "Plans": [
                                                                                                    {
                                                                                                        "Node Type": "Bitmap Index Scan",
                                                                                                        "Parent Relationship": "Outer",
                                                                                                        "Parallel Aware": false,
                                                                                                        "Index Name": "title_pkey",
                                                                                                        "Startup Cost": 0.0,
                                                                                                        "Total Cost": 1.64,
                                                                                                        "Plan Rows": 1,
                                                                                                        "Plan Width": 0,
                                                                                                        "Actual Startup Time": 0.002,
                                                                                                        "Actual Total Time": 0.002,
                                                                                                        "Actual Rows": 1,
                                                                                                        "Actual Loops": 29997,
                                                                                                        "Index Cond": "(t.id = ml.movie_id)"
                                                                                                    }
                                                                                                ]
                                                                                            }
                                                                                        ]
                                                                                    },
                                                                                    {
                                                                                        "Node Type": "Bitmap Heap Scan",
                                                                                        "Parent Relationship": "Inner",
                                                                                        "Parallel Aware": false,
                                                                                        "Relation Name": "movie_info",
                                                                                        "Schema": "public",
                                                                                        "Alias": "mi",
                                                                                        "Startup Cost": 3.5,
                                                                                        "Total Cost": 20.13,
                                                                                        "Plan Rows": 1,
                                                                                        "Plan Width": 4,
                                                                                        "Actual Startup Time": 0.011,
                                                                                        "Actual Total Time": 0.011,
                                                                                        "Actual Rows": 0,
                                                                                        "Actual Loops": 348,
                                                                                        "Output": [
                                                                                            "mi.id",
                                                                                            "mi.movie_id",
                                                                                            "mi.info_type_id",
                                                                                            "mi.info",
                                                                                            "mi.note"
                                                                                        ],
                                                                                        "Recheck Cond": "(mi.movie_id = t.id)",
                                                                                        "Rows Removed by Index Recheck": 0,
                                                                                        "Filter": "(mi.info = ANY ('{Denmark,American,Danish,Norway}'::text[]))",
                                                                                        "Rows Removed by Filter": 13,
                                                                                        "Exact Heap Blocks": 2441,
                                                                                        "Lossy Heap Blocks": 0,
                                                                                        "Plans": [
                                                                                            {
                                                                                                "Node Type": "Bitmap Index Scan",
                                                                                                "Parent Relationship": "Outer",
                                                                                                "Parallel Aware": false,
                                                                                                "Index Name": "movie_id_movie_info",
                                                                                                "Startup Cost": 0.0,
                                                                                                "Total Cost": 3.5,
                                                                                                "Plan Rows": 39,
                                                                                                "Plan Width": 0,
                                                                                                "Actual Startup Time": 0.004,
                                                                                                "Actual Total Time": 0.004,
                                                                                                "Actual Rows": 14,
                                                                                                "Actual Loops": 348,
                                                                                                "Index Cond": "(mi.movie_id = t.id)"
                                                                                            }
                                                                                        ]
                                                                                    }
                                                                                ]
                                                                            }
                                                                        ]
                                                                    }
                                                                ]
                                                            }
                                                        ]
                                                    }
                                                ]
                                            }
                                        ]
                                    },
                                    {
                                        "Node Type": "Index Scan",
                                        "Parent Relationship": "Inner",
                                        "Parallel Aware": false,
                                        "Scan Direction": "Forward",
                                        "Index Name": "link_type_pkey",
                                        "Relation Name": "link_type",
                                        "Schema": "public",
                                        "Alias": "lt",
                                        "Startup Cost": 10000000000.14,
                                        "Total Cost": 10000000012.45,
                                        "Plan Rows": 1,
                                        "Plan Width": 16,
                                        "Actual Startup Time": 0.012,
                                        "Actual Total Time": 0.013,
                                        "Actual Rows": 2,
                                        "Actual Loops": 1,
                                        "Output": [
                                            "lt.id",
                                            "lt.link"
                                        ],
                                        "Filter": "((lt.link)::text ~~ '%follow%'::text)",
                                        "Rows Removed by Filter": 0
                                    }
                                ]
                            },
                            {
                                "Node Type": "Bitmap Heap Scan",
                                "Parent Relationship": "Inner",
                                "Parallel Aware": false,
                                "Relation Name": "comp_cast_type",
                                "Schema": "public",
                                "Alias": "cct2",
                                "Startup Cost": 0.14,
                                "Total Cost": 4.15,
                                "Plan Rows": 1,
                                "Plan Width": 4,
                                "Actual Startup Time": 0.002,
                                "Actual Total Time": 0.002,
                                "Actual Rows": 0,
                                "Actual Loops": 76,
                                "Output": [
                                    "cct2.id",
                                    "cct2.kind"
                                ],
                                "Recheck Cond": "(cct2.id = cc.status_id)",
                                "Rows Removed by Index Recheck": 0,
                                "Filter": "((cct2.kind)::text = 'complete'::text)",
                                "Rows Removed by Filter": 0,
                                "Exact Heap Blocks": 76,
                                "Lossy Heap Blocks": 0,
                                "Plans": [
                                    {
                                        "Node Type": "Bitmap Index Scan",
                                        "Parent Relationship": "Outer",
                                        "Parallel Aware": false,
                                        "Index Name": "comp_cast_type_pkey",
                                        "Startup Cost": 0.0,
                                        "Total Cost": 0.14,
                                        "Plan Rows": 1,
                                        "Plan Width": 0,
                                        "Actual Startup Time": 0.001,
                                        "Actual Total Time": 0.001,
                                        "Actual Rows": 1,
                                        "Actual Loops": 76,
                                        "Index Cond": "(cct2.id = cc.status_id)"
                                    }
                                ]
                            }
                        ]
                    },
                    {
                        "Node Type": "Hash",
                        "Parent Relationship": "Inner",
                        "Parallel Aware": false,
                        "Startup Cost": 40002342597.41,
                        "Total Cost": 40002342597.41,
                        "Plan Rows": 5,
                        "Plan Width": 27,
                        "Actual Startup Time": 3745.624,
                        "Actual Total Time": 3745.633,
                        "Actual Rows": 2293,
                        "Actual Loops": 1,
                        "Output": [
                            "cn.name",
                            "mc.movie_id",
                            "mk.movie_id"
                        ],
                        "Hash Buckets": 4096,
                        "Original Hash Buckets": 1024,
                        "Hash Batches": 1,
                        "Original Hash Batches": 1,
                        "Peak Memory Usage": 171,
                        "Plans": [
                            {
                                "Node Type": "Hash Join",
                                "Parent Relationship": "Outer",
                                "Parallel Aware": false,
                                "Join Type": "Inner",
                                "Startup Cost": 40002321760.39,
                                "Total Cost": 40002342597.41,
                                "Plan Rows": 5,
                                "Plan Width": 27,
                                "Actual Startup Time": 3486.697,
                                "Actual Total Time": 3745.177,
                                "Actual Rows": 2293,
                                "Actual Loops": 1,
                                "Output": [
                                    "cn.name",
                                    "mc.movie_id",
                                    "mk.movie_id"
                                ],
                                "Inner Unique": true,
                                "Hash Cond": "(mk.keyword_id = k.id)",
                                "Plans": [
                                    {
                                        "Node Type": "Merge Join",
                                        "Parent Relationship": "Outer",
                                        "Parallel Aware": false,
                                        "Join Type": "Inner",
                                        "Startup Cost": 30002316417.45,
                                        "Total Cost": 30002335578.86,
                                        "Plan Rows": 638309,
                                        "Plan Width": 31,
                                        "Actual Startup Time": 3432.712,
                                        "Actual Total Time": 3627.496,
                                        "Actual Rows": 1337515,
                                        "Actual Loops": 1,
                                        "Output": [
                                            "cn.name",
                                            "mc.movie_id",
                                            "mk.movie_id",
                                            "mk.keyword_id"
                                        ],
                                        "Inner Unique": false,
                                        "Merge Cond": "(ct.id = mc.company_type_id)",
                                        "Plans": [
                                            {
                                                "Node Type": "Index Scan",
                                                "Parent Relationship": "Outer",
                                                "Parallel Aware": false,
                                                "Scan Direction": "Forward",
                                                "Index Name": "company_type_pkey",
                                                "Relation Name": "company_type",
                                                "Schema": "public",
                                                "Alias": "ct",
                                                "Startup Cost": 0.13,
                                                "Total Cost": 12.2,
                                                "Plan Rows": 1,
                                                "Plan Width": 4,
                                                "Actual Startup Time": 0.011,
                                                "Actual Total Time": 0.022,
                                                "Actual Rows": 1,
                                                "Actual Loops": 1,
                                                "Output": [
                                                    "ct.id",
                                                    "ct.kind"
                                                ],
                                                "Filter": "((ct.kind)::text = 'production companies'::text)",
                                                "Rows Removed by Filter": 3
                                            },
                                            {
                                                "Node Type": "Sort",
                                                "Parent Relationship": "Inner",
                                                "Parallel Aware": false,
                                                "Startup Cost": 30002316417.32,
                                                "Total Cost": 30002322800.43,
                                                "Plan Rows": 2553244,
                                                "Plan Width": 35,
                                                "Actual Startup Time": 3418.897,
                                                "Actual Total Time": 3471.608,
                                                "Actual Rows": 1483541,
                                                "Actual Loops": 1,
                                                "Output": [
                                                    "cn.name",
                                                    "mc.movie_id",
                                                    "mc.company_type_id",
                                                    "mk.movie_id",
                                                    "mk.keyword_id"
                                                ],
                                                "Sort Key": [
                                                    "mc.company_type_id"
                                                ],
                                                "Sort Method": "quicksort",
                                                "Sort Space Used": 173668,
                                                "Sort Space Type": "Memory",
                                                "Plans": [
                                                    {
                                                        "Node Type": "Nested Loop",
                                                        "Parent Relationship": "Outer",
                                                        "Parallel Aware": false,
                                                        "Join Type": "Inner",
                                                        "Startup Cost": 30000000003.01,
                                                        "Total Cost": 30002044702.38,
                                                        "Plan Rows": 2553244,
                                                        "Plan Width": 35,
                                                        "Actual Startup Time": 0.15,
                                                        "Actual Total Time": 3095.621,
                                                        "Actual Rows": 1483541,
                                                        "Actual Loops": 1,
                                                        "Output": [
                                                            "cn.name",
                                                            "mc.movie_id",
                                                            "mc.company_type_id",
                                                            "mk.movie_id",
                                                            "mk.keyword_id"
                                                        ],
                                                        "Inner Unique": false,
                                                        "Plans": [
                                                            {
                                                                "Node Type": "Nested Loop",
                                                                "Parent Relationship": "Outer",
                                                                "Parallel Aware": false,
                                                                "Join Type": "Inner",
                                                                "Startup Cost": 20000000002.15,
                                                                "Total Cost": 20000435366.88,
                                                                "Plan Rows": 273185,
                                                                "Plan Width": 27,
                                                                "Actual Startup Time": 0.09,
                                                                "Actual Total Time": 1113.57,
                                                                "Actual Rows": 240875,
                                                                "Actual Loops": 1,
                                                                "Output": [
                                                                    "cn.name",
                                                                    "mc.movie_id",
                                                                    "mc.company_type_id"
                                                                ],
                                                                "Inner Unique": false,
                                                                "Plans": [
                                                                    {
                                                                        "Node Type": "Seq Scan",
                                                                        "Parent Relationship": "Outer",
                                                                        "Parallel Aware": false,
                                                                        "Relation Name": "company_name",
                                                                        "Schema": "public",
                                                                        "Alias": "cn",
                                                                        "Startup Cost": 10000000000.0,
                                                                        "Total Cost": 10000007107.45,
                                                                        "Plan Rows": 50732,
                                                                        "Plan Width": 23,
                                                                        "Actual Startup Time": 0.021,
                                                                        "Actual Total Time": 71.102,
                                                                        "Actual Rows": 48302,
                                                                        "Actual Loops": 1,
                                                                        "Output": [
                                                                            "cn.id",
                                                                            "cn.name",
                                                                            "cn.country_code",
                                                                            "cn.imdb_id",
                                                                            "cn.name_pcode_nf",
                                                                            "cn.name_pcode_sf",
                                                                            "cn.md5sum"
                                                                        ],
                                                                        "Filter": "(((cn.country_code)::text <> '[pl]'::text) AND ((cn.name ~~ '%Film%'::text) OR (cn.name ~~ '%Warner%'::text)))",
                                                                        "Rows Removed by Filter": 186695
                                                                    },
                                                                    {
                                                                        "Node Type": "Bitmap Heap Scan",
                                                                        "Parent Relationship": "Inner",
                                                                        "Parallel Aware": false,
                                                                        "Relation Name": "movie_companies",
                                                                        "Schema": "public",
                                                                        "Alias": "mc",
                                                                        "Startup Cost": 2.15,
                                                                        "Total Cost": 7.8,
                                                                        "Plan Rows": 64,
                                                                        "Plan Width": 12,
                                                                        "Actual Startup Time": 0.01,
                                                                        "Actual Total Time": 0.019,
                                                                        "Actual Rows": 5,
                                                                        "Actual Loops": 48302,
                                                                        "Output": [
                                                                            "mc.id",
                                                                            "mc.movie_id",
                                                                            "mc.company_id",
                                                                            "mc.company_type_id",
                                                                            "mc.note"
                                                                        ],
                                                                        "Recheck Cond": "(mc.company_id = cn.id)",
                                                                        "Rows Removed by Index Recheck": 0,
                                                                        "Filter": "(mc.note IS NULL)",
                                                                        "Rows Removed by Filter": 5,
                                                                        "Exact Heap Blocks": 365463,
                                                                        "Lossy Heap Blocks": 0,
                                                                        "Plans": [
                                                                            {
                                                                                "Node Type": "Bitmap Index Scan",
                                                                                "Parent Relationship": "Outer",
                                                                                "Parallel Aware": false,
                                                                                "Index Name": "company_id_movie_companies",
                                                                                "Startup Cost": 0.0,
                                                                                "Total Cost": 2.14,
                                                                                "Plan Rows": 132,
                                                                                "Plan Width": 0,
                                                                                "Actual Startup Time": 0.004,
                                                                                "Actual Total Time": 0.004,
                                                                                "Actual Rows": 10,
                                                                                "Actual Loops": 48302,
                                                                                "Index Cond": "(mc.company_id = cn.id)"
                                                                            }
                                                                        ]
                                                                    }
                                                                ]
                                                            },
                                                            {
                                                                "Node Type": "Bitmap Heap Scan",
                                                                "Parent Relationship": "Inner",
                                                                "Parallel Aware": false,
                                                                "Relation Name": "movie_keyword",
                                                                "Schema": "public",
                                                                "Alias": "mk",
                                                                "Startup Cost": 0.86,
                                                                "Total Cost": 5.43,
                                                                "Plan Rows": 46,
                                                                "Plan Width": 8,
                                                                "Actual Startup Time": 0.005,
                                                                "Actual Total Time": 0.006,
                                                                "Actual Rows": 6,
                                                                "Actual Loops": 240875,
                                                                "Output": [
                                                                    "mk.id",
                                                                    "mk.movie_id",
                                                                    "mk.keyword_id"
                                                                ],
                                                                "Recheck Cond": "(mk.movie_id = mc.movie_id)",
                                                                "Rows Removed by Index Recheck": 0,
                                                                "Exact Heap Blocks": 107812,
                                                                "Lossy Heap Blocks": 0,
                                                                "Plans": [
                                                                    {
                                                                        "Node Type": "Bitmap Index Scan",
                                                                        "Parent Relationship": "Outer",
                                                                        "Parallel Aware": false,
                                                                        "Index Name": "movie_id_movie_keyword",
                                                                        "Startup Cost": 0.0,
                                                                        "Total Cost": 0.84,
                                                                        "Plan Rows": 46,
                                                                        "Plan Width": 0,
                                                                        "Actual Startup Time": 0.004,
                                                                        "Actual Total Time": 0.004,
                                                                        "Actual Rows": 6,
                                                                        "Actual Loops": 240875,
                                                                        "Index Cond": "(mk.movie_id = mc.movie_id)"
                                                                    }
                                                                ]
                                                            }
                                                        ]
                                                    }
                                                ]
                                            }
                                        ]
                                    },
                                    {
                                        "Node Type": "Hash",
                                        "Parent Relationship": "Inner",
                                        "Parallel Aware": false,
                                        "Startup Cost": 10000005342.92,
                                        "Total Cost": 10000005342.92,
                                        "Plan Rows": 1,
                                        "Plan Width": 4,
                                        "Actual Startup Time": 53.855,
                                        "Actual Total Time": 53.855,
                                        "Actual Rows": 1,
                                        "Actual Loops": 1,
                                        "Output": [
                                            "k.id"
                                        ],
                                        "Hash Buckets": 1024,
                                        "Original Hash Buckets": 1024,
                                        "Hash Batches": 1,
                                        "Original Hash Batches": 1,
                                        "Peak Memory Usage": 9,
                                        "Plans": [
                                            {
                                                "Node Type": "Index Scan",
                                                "Parent Relationship": "Outer",
                                                "Parallel Aware": false,
                                                "Scan Direction": "Forward",
                                                "Index Name": "keyword_pkey",
                                                "Relation Name": "keyword",
                                                "Schema": "public",
                                                "Alias": "k",
                                                "Startup Cost": 10000000000.42,
                                                "Total Cost": 10000005342.92,
                                                "Plan Rows": 1,
                                                "Plan Width": 4,
                                                "Actual Startup Time": 0.306,
                                                "Actual Total Time": 53.85,
                                                "Actual Rows": 1,
                                                "Actual Loops": 1,
                                                "Output": [
                                                    "k.id"
                                                ],
                                                "Filter": "(k.keyword = 'sequel'::text)",
                                                "Rows Removed by Filter": 134169
                                            }
                                        ]
                                    }
                                ]
                            }
                        ]
                    }
                ]
            }
        ]
    },
    "Planning Time": 67.518,
    "Triggers": [],
    "Execution Time": 3913.568
}