[
  {
    "Plan": {
      "Node Type": "Aggregate",
      "Strategy": "Plain",
      "Partial Mode": "Finalize",
      "Parallel Aware": false,
      "Startup Cost": 380972.89,
      "Total Cost": 380972.9,
      "Plan Rows": 1,
      "Plan Width": 8,
      "Actual Startup Time": 1500.704,
      "Actual Total Time": 1530.408,
      "Actual Rows": 1,
      "Actual Loops": 1,
      "Plans": [
        {
          "Node Type": "Gather",
          "Parent Relationship": "Outer",
          "Parallel Aware": false,
          "Startup Cost": 380972.27,
          "Total Cost": 380972.88,
          "Plan Rows": 6,
          "Plan Width": 8,
          "Actual Startup Time": 1498.707,
          "Actual Total Time": 1530.399,
          "Actual Rows": 7,
          "Actual Loops": 1,
          "Workers Planned": 6,
          "Workers Launched": 6,
          "Single Copy": false,
          "Plans": [
            {
              "Node Type": "Aggregate",
              "Strategy": "Plain",
              "Partial Mode": "Partial",
              "Parent Relationship": "Outer",
              "Parallel Aware": false,
              "Startup Cost": 379972.27,
              "Total Cost": 379972.28,
              "Plan Rows": 1,
              "Plan Width": 8,
              "Actual Startup Time": 1491.487,
              "Actual Total Time": 1491.49,
              "Actual Rows": 1,
              "Actual Loops": 7,
              "Plans": [
                {
                  "Node Type": "Hash Join",
                  "Parent Relationship": "Outer",
                  "Parallel Aware": true,
                  "Join Type": "Inner",
                  "Startup Cost": 47376.36,
                  "Total Cost": 376345.26,
                  "Plan Rows": 1450803,
                  "Plan Width": 0,
                  "Actual Startup Time": 98.997,
                  "Actual Total Time": 1431.777,
                  "Actual Rows": 1264617,
                  "Actual Loops": 7,
                  "Inner Unique": true,
                  "Hash Cond": "(ci.movie_id = t.id)",
                  "Plans": [
                    {
                      "Node Type": "Seq Scan",
                      "Parent Relationship": "Outer",
                      "Parallel Aware": true,
                      "Relation Name": "cast_info",
                      "Alias": "ci",
                      "Startup Cost": 0.0,
                      "Total Cost": 313108.29,
                      "Plan Rows": 6042129,
                      "Plan Width": 4,
                      "Actual Startup Time": 0.017,
                      "Actual Total Time": 475.572,
                      "Actual Rows": 5177763,
                      "Actual Loops": 7
                    },
                    {
                      "Node Type": "Hash",
                      "Parent Relationship": "Inner",
                      "Parallel Aware": true,
                      "Startup Cost": 45479.21,
                      "Total Cost": 45479.21,
                      "Plan Rows": 151772,
                      "Plan Width": 4,
                      "Actual Startup Time": 96.92,
                      "Actual Total Time": 96.92,
                      "Actual Rows": 70355,
                      "Actual Loops": 7,
                      "Hash Buckets": 1048576,
                      "Original Hash Buckets": 1048576,
                      "Hash Batches": 1,
                      "Original Hash Batches": 1,
                      "Peak Memory Usage": 27584,
                      "Plans": [
                        {
                          "Node Type": "Seq Scan",
                          "Parent Relationship": "Outer",
                          "Parallel Aware": true,
                          "Relation Name": "title",
                          "Alias": "t",
                          "Startup Cost": 0.0,
                          "Total Cost": 45479.21,
                          "Plan Rows": 151772,
                          "Plan Width": 4,
                          "Actual Startup Time": 35.488,
                          "Actual Total Time": 68.529,
                          "Actual Rows": 70355,
                          "Actual Loops": 7,
                          "Filter": "((kind_id < 2) AND (production_year > 1950))",
                          "Rows Removed by Filter": 290833
                        }
                      ]
                    }
                  ]
                }
              ]
            }
          ]
        }
      ]
    },
    "Planning Time": 0.396,
    "Triggers": [],
    "Execution Time": 1530.464
  }
]