[
  {
    "Plan": {
      "Node Type": "Aggregate",
      "Strategy": "Plain",
      "Partial Mode": "Finalize",
      "Parallel Aware": false,
      "Startup Cost": 46691.51,
      "Total Cost": 46691.52,
      "Plan Rows": 1,
      "Plan Width": 8,
      "Actual Startup Time": 176.215,
      "Actual Total Time": 185.824,
      "Actual Rows": 1,
      "Actual Loops": 1,
      "Plans": [
        {
          "Node Type": "Gather",
          "Parent Relationship": "Outer",
          "Parallel Aware": false,
          "Startup Cost": 46691.19,
          "Total Cost": 46691.5,
          "Plan Rows": 3,
          "Plan Width": 8,
          "Actual Startup Time": 176.113,
          "Actual Total Time": 185.816,
          "Actual Rows": 4,
          "Actual Loops": 1,
          "Workers Planned": 3,
          "Workers Launched": 3,
          "Single Copy": false,
          "Plans": [
            {
              "Node Type": "Aggregate",
              "Strategy": "Plain",
              "Partial Mode": "Partial",
              "Parent Relationship": "Outer",
              "Parallel Aware": false,
              "Startup Cost": 45691.19,
              "Total Cost": 45691.2,
              "Plan Rows": 1,
              "Plan Width": 8,
              "Actual Startup Time": 169.172,
              "Actual Total Time": 169.174,
              "Actual Rows": 1,
              "Actual Loops": 4,
              "Plans": [
                {
                  "Node Type": "Seq Scan",
                  "Parent Relationship": "Outer",
                  "Parallel Aware": true,
                  "Relation Name": "movie_keyword",
                  "Alias": "mk",
                  "Startup Cost": 0.0,
                  "Total Cost": 42695.65,
                  "Plan Rows": 1198214,
                  "Plan Width": 0,
                  "Actual Startup Time": 0.046,
                  "Actual Total Time": 125.574,
                  "Actual Rows": 929216,
                  "Actual Loops": 4,
                  "Filter": "(keyword_id < 22941)",
                  "Rows Removed by Filter": 201766
                }
              ]
            }
          ]
        }
      ]
    },
    "Planning Time": 0.092,
    "Triggers": [],
    "Execution Time": 185.863
  }
]