{
  "Plan": {
    "Node Type": "Aggregate",
    "Strategy": "Plain",
    "Partial Mode": "Finalize",
    "Parallel Aware": false,
    "Startup Cost": 83863.58,
    "Total Cost": 83863.59,
    "Plan Rows": 1,
    "Plan Width": 8,
    "Actual Startup Time": 388.436,
    "Actual Total Time": 401.578,
    "Actual Rows": 1,
    "Actual Loops": 1,
    "Plans": [
      {
        "Node Type": "Gather",
        "Parent Relationship": "Outer",
        "Parallel Aware": false,
        "Startup Cost": 83863.47,
        "Total Cost": 83863.58,
        "Plan Rows": 1,
        "Plan Width": 8,
        "Actual Startup Time": 386.419,
        "Actual Total Time": 401.57,
        "Actual Rows": 2,
        "Actual Loops": 1,
        "Workers Planned": 1,
        "Workers Launched": 1,
        "Single Copy": false,
        "Plans": [
          {
            "Node Type": "Aggregate",
            "Strategy": "Plain",
            "Partial Mode": "Partial",
            "Parent Relationship": "Outer",
            "Parallel Aware": false,
            "Startup Cost": 82863.47,
            "Total Cost": 82863.48,
            "Plan Rows": 1,
            "Plan Width": 8,
            "Actual Startup Time": 380.949,
            "Actual Total Time": 380.953,
            "Actual Rows": 1,
            "Actual Loops": 2,
            "Plans": [
              {
                "Node Type": "Hash Join",
                "Parent Relationship": "Outer",
                "Parallel Aware": true,
                "Join Type": "Inner",
                "Startup Cost": 63008.04,
                "Total Cost": 82519.29,
                "Plan Rows": 137669,
                "Plan Width": 0,
                "Actual Startup Time": 254.449,
                "Actual Total Time": 378.481,
                "Actual Rows": 60937,
                "Actual Loops": 2,
                "Inner Unique": true,
                "Hash Cond": "(mi_idx.movie_id = t.id)",
                "Plans": [
                  {
                    "Node Type": "Seq Scan",
                    "Parent Relationship": "Outer",
                    "Parallel Aware": true,
                    "Relation Name": "movie_info_idx",
                    "Alias": "mi_idx",
                    "Startup Cost": 0.0,
                    "Total Cost": 18082.32,
                    "Plan Rows": 544356,
                    "Plan Width": 4,
                    "Actual Startup Time": 0.019,
                    "Actual Total Time": 56.197,
                    "Actual Rows": 460055,
                    "Actual Loops": 2,
                    "Filter": "(info_type_id > 99)",
                    "Rows Removed by Filter": 229962
                  },
                  {
                    "Node Type": "Hash",
                    "Parent Relationship": "Inner",
                    "Parallel Aware": true,
                    "Startup Cost": 58306.47,
                    "Total Cost": 58306.47,
                    "Plan Rows": 376126,
                    "Plan Width": 4,
                    "Actual Startup Time": 244.845,
                    "Actual Total Time": 244.846,
                    "Actual Rows": 337250,
                    "Actual Loops": 2,
                    "Hash Buckets": 1048576,
                    "Original Hash Buckets": 1048576,
                    "Hash Batches": 1,
                    "Original Hash Batches": 1,
                    "Peak Memory Usage": 34624,
                    "Plans": [
                      {
                        "Node Type": "Seq Scan",
                        "Parent Relationship": "Outer",
                        "Parallel Aware": true,
                        "Relation Name": "title",
                        "Alias": "t",
                        "Startup Cost": 0.0,
                        "Total Cost": 58306.47,
                        "Plan Rows": 376126,
                        "Plan Width": 4,
                        "Actual Startup Time": 0.04,
                        "Actual Total Time": 157.538,
                        "Actual Rows": 337250,
                        "Actual Loops": 2,
                        "Filter": "((kind_id > 2) AND (production_year > 2006))",
                        "Rows Removed by Filter": 926906
                      }
                    ]
                  }
                ]
              }
            ]
          }
        ]
      }
    ]
  },
  "Planning Time": 0.577,
  "Triggers": [],
  "Execution Time": 401.644
}