[
  {
    "Plan": {
      "Node Type": "Aggregate",
      "Strategy": "Plain",
      "Partial Mode": "Finalize",
      "Parallel Aware": false,
      "Startup Cost": 209986.5,
      "Total Cost": 209986.51,
      "Plan Rows": 1,
      "Plan Width": 8,
      "Actual Startup Time": 1756.744,
      "Actual Total Time": 1804.579,
      "Actual Rows": 1,
      "Actual Loops": 1,
      "Plans": [
        {
          "Node Type": "Gather",
          "Parent Relationship": "Outer",
          "Parallel Aware": false,
          "Startup Cost": 209986.19,
          "Total Cost": 209986.5,
          "Plan Rows": 3,
          "Plan Width": 8,
          "Actual Startup Time": 1755.667,
          "Actual Total Time": 1804.572,
          "Actual Rows": 4,
          "Actual Loops": 1,
          "Workers Planned": 3,
          "Workers Launched": 3,
          "Single Copy": false,
          "Plans": [
            {
              "Node Type": "Aggregate",
              "Strategy": "Plain",
              "Partial Mode": "Partial",
              "Parent Relationship": "Outer",
              "Parallel Aware": false,
              "Startup Cost": 208986.19,
              "Total Cost": 208986.2,
              "Plan Rows": 1,
              "Plan Width": 8,
              "Actual Startup Time": 1753.042,
              "Actual Total Time": 1753.045,
              "Actual Rows": 1,
              "Actual Loops": 4,
              "Plans": [
                {
                  "Node Type": "Nested Loop",
                  "Parent Relationship": "Outer",
                  "Parallel Aware": false,
                  "Join Type": "Inner",
                  "Startup Cost": 46548.75,
                  "Total Cost": 208047.6,
                  "Plan Rows": 375434,
                  "Plan Width": 0,
                  "Actual Startup Time": 103.885,
                  "Actual Total Time": 1699.393,
                  "Actual Rows": 1155753,
                  "Actual Loops": 4,
                  "Inner Unique": false,
                  "Join Filter": "(t.id = ci.movie_id)",
                  "Rows Removed by Join Filter": 0,
                  "Plans": [
                    {
                      "Node Type": "Hash Join",
                      "Parent Relationship": "Outer",
                      "Parallel Aware": true,
                      "Join Type": "Inner",
                      "Startup Cost": 46548.18,
                      "Total Cost": 76618.52,
                      "Plan Rows": 39154,
                      "Plan Width": 8,
                      "Actual Startup Time": 103.823,
                      "Actual Total Time": 228.117,
                      "Actual Rows": 74388,
                      "Actual Loops": 4,
                      "Inner Unique": true,
                      "Hash Cond": "(mc.movie_id = t.id)",
                      "Plans": [
                        {
                          "Node Type": "Seq Scan",
                          "Parent Relationship": "Outer",
                          "Parallel Aware": true,
                          "Relation Name": "movie_companies",
                          "Alias": "mc",
                          "Startup Cost": 0.0,
                          "Total Cost": 29310.68,
                          "Plan Rows": 289392,
                          "Plan Width": 4,
                          "Actual Startup Time": 7.794,
                          "Actual Total Time": 55.095,
                          "Actual Rows": 225055,
                          "Actual Loops": 4,
                          "Filter": "(company_id > 21415)",
                          "Rows Removed by Filter": 427227
                        },
                        {
                          "Node Type": "Hash",
                          "Parent Relationship": "Inner",
                          "Parallel Aware": true,
                          "Startup Cost": 45479.21,
                          "Total Cost": 45479.21,
                          "Plan Rows": 85518,
                          "Plan Width": 4,
                          "Actual Startup Time": 94.869,
                          "Actual Total Time": 94.87,
                          "Actual Rows": 108780,
                          "Actual Loops": 4,
                          "Hash Buckets": 524288,
                          "Original Hash Buckets": 524288,
                          "Hash Batches": 1,
                          "Original Hash Batches": 1,
                          "Peak Memory Usage": 21184,
                          "Plans": [
                            {
                              "Node Type": "Seq Scan",
                              "Parent Relationship": "Outer",
                              "Parallel Aware": true,
                              "Relation Name": "title",
                              "Alias": "t",
                              "Startup Cost": 0.0,
                              "Total Cost": 45479.21,
                              "Plan Rows": 85518,
                              "Plan Width": 4,
                              "Actual Startup Time": 0.015,
                              "Actual Total Time": 69.384,
                              "Actual Rows": 108780,
                              "Actual Loops": 4,
                              "Filter": "((kind_id < 3) AND (production_year < 2002))",
                              "Rows Removed by Filter": 523298
                            }
                          ]
                        }
                      ]
                    },
                    {
                      "Node Type": "Index Scan",
                      "Parent Relationship": "Inner",
                      "Parallel Aware": false,
                      "Scan Direction": "Forward",
                      "Index Name": "movie_id_cast_info",
                      "Relation Name": "cast_info",
                      "Alias": "ci",
                      "Startup Cost": 0.56,
                      "Total Cost": 3.03,
                      "Plan Rows": 26,
                      "Plan Width": 4,
                      "Actual Startup Time": 0.004,
                      "Actual Total Time": 0.018,
                      "Actual Rows": 16,
                      "Actual Loops": 297552,
                      "Index Cond": "(movie_id = mc.movie_id)",
                      "Rows Removed by Index Recheck": 0,
                      "Filter": "(role_id < 4)",
                      "Rows Removed by Filter": 8
                    }
                  ]
                }
              ]
            }
          ]
        }
      ]
    },
    "Planning Time": 0.39,
    "Triggers": [],
    "Execution Time": 1804.627
  }
]