{
  "Plan": {
    "Node Type": "Aggregate",
    "Strategy": "Plain",
    "Partial Mode": "Finalize",
    "Parallel Aware": false,
    "Startup Cost": 107345.65,
    "Total Cost": 107345.66,
    "Plan Rows": 1,
    "Plan Width": 8,
    "Actual Startup Time": 612.944,
    "Actual Total Time": 629.53,
    "Actual Rows": 1,
    "Actual Loops": 1,
    "Plans": [
      {
        "Node Type": "Gather",
        "Parent Relationship": "Outer",
        "Parallel Aware": false,
        "Startup Cost": 107345.54,
        "Total Cost": 107345.65,
        "Plan Rows": 1,
        "Plan Width": 8,
        "Actual Startup Time": 610.067,
        "Actual Total Time": 629.523,
        "Actual Rows": 2,
        "Actual Loops": 1,
        "Workers Planned": 1,
        "Workers Launched": 1,
        "Single Copy": false,
        "Plans": [
          {
            "Node Type": "Aggregate",
            "Strategy": "Plain",
            "Partial Mode": "Partial",
            "Parent Relationship": "Outer",
            "Parallel Aware": false,
            "Startup Cost": 106345.54,
            "Total Cost": 106345.55,
            "Plan Rows": 1,
            "Plan Width": 8,
            "Actual Startup Time": 602.521,
            "Actual Total Time": 602.525,
            "Actual Rows": 1,
            "Actual Loops": 2,
            "Plans": [
              {
                "Node Type": "Hash Join",
                "Parent Relationship": "Outer",
                "Parallel Aware": true,
                "Join Type": "Inner",
                "Startup Cost": 77400.41,
                "Total Cost": 105872.81,
                "Plan Rows": 189091,
                "Plan Width": 0,
                "Actual Startup Time": 476.855,
                "Actual Total Time": 596.53,
                "Actual Rows": 132174,
                "Actual Loops": 2,
                "Inner Unique": true,
                "Hash Cond": "(mk.movie_id = t.id)",
                "Plans": [
                  {
                    "Node Type": "Bitmap Heap Scan",
                    "Parent Relationship": "Outer",
                    "Parallel Aware": true,
                    "Relation Name": "movie_keyword",
                    "Alias": "mk",
                    "Startup Cost": 9580.76,
                    "Total Cost": 37355.75,
                    "Plan Rows": 265679,
                    "Plan Width": 4,
                    "Actual Startup Time": 31.242,
                    "Actual Total Time": 95.199,
                    "Actual Rows": 221260,
                    "Actual Loops": 2,
                    "Recheck Cond": "(keyword_id > 39953)",
                    "Rows Removed by Index Recheck": 0,
                    "Exact Heap Blocks": 13029,
                    "Lossy Heap Blocks": 0,
                    "Plans": [
                      {
                        "Node Type": "Bitmap Index Scan",
                        "Parent Relationship": "Outer",
                        "Parallel Aware": false,
                        "Index Name": "keyword_id_movie_keyword",
                        "Startup Cost": 0.0,
                        "Total Cost": 9467.85,
                        "Plan Rows": 451655,
                        "Plan Width": 0,
                        "Actual Startup Time": 27.898,
                        "Actual Total Time": 27.899,
                        "Actual Rows": 442521,
                        "Actual Loops": 1,
                        "Index Cond": "(keyword_id > 39953)"
                      }
                    ]
                  },
                  {
                    "Node Type": "Hash",
                    "Parent Relationship": "Inner",
                    "Parallel Aware": true,
                    "Startup Cost": 54588.39,
                    "Total Cost": 54588.39,
                    "Plan Rows": 1058501,
                    "Plan Width": 4,
                    "Actual Startup Time": 431.534,
                    "Actual Total Time": 431.535,
                    "Actual Rows": 896692,
                    "Actual Loops": 2,
                    "Hash Buckets": 2097152,
                    "Original Hash Buckets": 2097152,
                    "Hash Batches": 1,
                    "Original Hash Batches": 1,
                    "Peak Memory Usage": 86560,
                    "Plans": [
                      {
                        "Node Type": "Seq Scan",
                        "Parent Relationship": "Outer",
                        "Parallel Aware": true,
                        "Relation Name": "title",
                        "Alias": "t",
                        "Startup Cost": 0.0,
                        "Total Cost": 54588.39,
                        "Plan Rows": 1058501,
                        "Plan Width": 4,
                        "Actual Startup Time": 0.026,
                        "Actual Total Time": 178.059,
                        "Actual Rows": 896692,
                        "Actual Loops": 2,
                        "Filter": "(production_year > 1988)",
                        "Rows Removed by Filter": 367464
                      }
                    ]
                  }
                ]
              }
            ]
          }
        ]
      }
    ]
  },
  "Planning Time": 0.678,
  "Triggers": [],
  "Execution Time": 629.627
}