[
  {
    "Plan": {
      "Node Type": "Aggregate",
      "Strategy": "Plain",
      "Partial Mode": "Finalize",
      "Parallel Aware": false,
      "Startup Cost": 132959.2,
      "Total Cost": 132959.21,
      "Plan Rows": 1,
      "Plan Width": 8,
      "Actual Startup Time": 1101.081,
      "Actual Total Time": 1123.482,
      "Actual Rows": 1,
      "Actual Loops": 1,
      "Plans": [
        {
          "Node Type": "Gather",
          "Parent Relationship": "Outer",
          "Parallel Aware": false,
          "Startup Cost": 132958.88,
          "Total Cost": 132959.19,
          "Plan Rows": 3,
          "Plan Width": 8,
          "Actual Startup Time": 1086.305,
          "Actual Total Time": 1123.473,
          "Actual Rows": 4,
          "Actual Loops": 1,
          "Workers Planned": 3,
          "Workers Launched": 3,
          "Single Copy": false,
          "Plans": [
            {
              "Node Type": "Aggregate",
              "Strategy": "Plain",
              "Partial Mode": "Partial",
              "Parent Relationship": "Outer",
              "Parallel Aware": false,
              "Startup Cost": 131958.88,
              "Total Cost": 131958.89,
              "Plan Rows": 1,
              "Plan Width": 8,
              "Actual Startup Time": 1077.596,
              "Actual Total Time": 1078.184,
              "Actual Rows": 1,
              "Actual Loops": 4,
              "Plans": [
                {
                  "Node Type": "Hash Join",
                  "Parent Relationship": "Outer",
                  "Parallel Aware": true,
                  "Join Type": "Inner",
                  "Startup Cost": 84634.08,
                  "Total Cost": 130556.38,
                  "Plan Rows": 560999,
                  "Plan Width": 0,
                  "Actual Startup Time": 645.18,
                  "Actual Total Time": 999.561,
                  "Actual Rows": 1880474,
                  "Actual Loops": 4,
                  "Inner Unique": false,
                  "Hash Cond": "(mk.movie_id = t.id)",
                  "Plans": [
                    {
                      "Node Type": "Seq Scan",
                      "Parent Relationship": "Outer",
                      "Parallel Aware": true,
                      "Relation Name": "movie_keyword",
                      "Alias": "mk",
                      "Startup Cost": 0.0,
                      "Total Cost": 39047.32,
                      "Plan Rows": 1459332,
                      "Plan Width": 4,
                      "Actual Startup Time": 0.041,
                      "Actual Total Time": 92.846,
                      "Actual Rows": 1130982,
                      "Actual Loops": 4
                    },
                    {
                      "Node Type": "Hash",
                      "Parent Relationship": "Inner",
                      "Parallel Aware": true,
                      "Startup Cost": 81596.8,
                      "Total Cost": 81596.8,
                      "Plan Rows": 242982,
                      "Plan Width": 8,
                      "Actual Startup Time": 638.633,
                      "Actual Total Time": 639.219,
                      "Actual Rows": 284186,
                      "Actual Loops": 4,
                      "Hash Buckets": 2097152,
                      "Original Hash Buckets": 1048576,
                      "Hash Batches": 1,
                      "Original Hash Batches": 1,
                      "Peak Memory Usage": 69088,
                      "Plans": [
                        {
                          "Node Type": "Hash Join",
                          "Parent Relationship": "Outer",
                          "Parallel Aware": true,
                          "Join Type": "Inner",
                          "Startup Cost": 35333.89,
                          "Total Cost": 81596.8,
                          "Plan Rows": 242982,
                          "Plan Width": 8,
                          "Actual Startup Time": 210.507,
                          "Actual Total Time": 523.911,
                          "Actual Rows": 284186,
                          "Actual Loops": 4,
                          "Inner Unique": false,
                          "Hash Cond": "(t.id = mc.movie_id)",
                          "Plans": [
                            {
                              "Node Type": "Seq Scan",
                              "Parent Relationship": "Outer",
                              "Parallel Aware": true,
                              "Relation Name": "title",
                              "Alias": "t",
                              "Startup Cost": 0.0,
                              "Total Cost": 42318.73,
                              "Plan Rows": 632073,
                              "Plan Width": 4,
                              "Actual Startup Time": 0.011,
                              "Actual Total Time": 81.872,
                              "Actual Rows": 632078,
                              "Actual Loops": 4
                            },
                            {
                              "Node Type": "Hash",
                              "Parent Relationship": "Inner",
                              "Parallel Aware": true,
                              "Startup Cost": 31414.82,
                              "Total Cost": 31414.82,
                              "Plan Rows": 313526,
                              "Plan Width": 4,
                              "Actual Startup Time": 207.874,
                              "Actual Total Time": 207.876,
                              "Actual Rows": 284186,
                              "Actual Loops": 4,
                              "Hash Buckets": 2097152,
                              "Original Hash Buckets": 1048576,
                              "Hash Batches": 1,
                              "Original Hash Batches": 1,
                              "Peak Memory Usage": 69120,
                              "Plans": [
                                {
                                  "Node Type": "Seq Scan",
                                  "Parent Relationship": "Outer",
                                  "Parallel Aware": true,
                                  "Relation Name": "movie_companies",
                                  "Alias": "mc",
                                  "Startup Cost": 0.0,
                                  "Total Cost": 31414.82,
                                  "Plan Rows": 313526,
                                  "Plan Width": 4,
                                  "Actual Startup Time": 48.846,
                                  "Actual Total Time": 94.904,
                                  "Actual Rows": 284186,
                                  "Actual Loops": 4,
                                  "Filter": "((company_id > 1265) AND (company_type_id = 2))",
                                  "Rows Removed by Filter": 368096
                                }
                              ]
                            }
                          ]
                        }
                      ]
                    }
                  ]
                }
              ]
            }
          ]
        }
      ]
    },
    "Planning Time": 1.393,
    "Triggers": [],
    "Execution Time": 1123.565
  }
]