{
  "Plan": {
    "Node Type": "Aggregate",
    "Strategy": "Plain",
    "Partial Mode": "Finalize",
    "Parallel Aware": false,
    "Startup Cost": 410848.46,
    "Total Cost": 410848.47,
    "Plan Rows": 1,
    "Plan Width": 8,
    "Actual Startup Time": 3262.445,
    "Actual Total Time": 3316.773,
    "Actual Rows": 1,
    "Actual Loops": 1,
    "Plans": [
      {
        "Node Type": "Gather",
        "Parent Relationship": "Outer",
        "Parallel Aware": false,
        "Startup Cost": 410848.35,
        "Total Cost": 410848.46,
        "Plan Rows": 1,
        "Plan Width": 8,
        "Actual Startup Time": 3259.004,
        "Actual Total Time": 3316.762,
        "Actual Rows": 2,
        "Actual Loops": 1,
        "Workers Planned": 1,
        "Workers Launched": 1,
        "Single Copy": false,
        "Plans": [
          {
            "Node Type": "Aggregate",
            "Strategy": "Plain",
            "Partial Mode": "Partial",
            "Parent Relationship": "Outer",
            "Parallel Aware": false,
            "Startup Cost": 409848.35,
            "Total Cost": 409848.36,
            "Plan Rows": 1,
            "Plan Width": 8,
            "Actual Startup Time": 3252.913,
            "Actual Total Time": 3253.222,
            "Actual Rows": 1,
            "Actual Loops": 2,
            "Plans": [
              {
                "Node Type": "Hash Join",
                "Parent Relationship": "Outer",
                "Parallel Aware": true,
                "Join Type": "Inner",
                "Startup Cost": 109574.29,
                "Total Cost": 404268.98,
                "Plan Rows": 2231746,
                "Plan Width": 0,
                "Actual Startup Time": 697.21,
                "Actual Total Time": 2978.523,
                "Actual Rows": 7082016,
                "Actual Loops": 2,
                "Inner Unique": false,
                "Hash Cond": "(mi.movie_id = t.id)",
                "Plans": [
                  {
                    "Node Type": "Seq Scan",
                    "Parent Relationship": "Outer",
                    "Parallel Aware": true,
                    "Relation Name": "movie_info",
                    "Alias": "mi",
                    "Startup Cost": 0.0,
                    "Total Cost": 248955.74,
                    "Plan Rows": 8696274,
                    "Plan Width": 4,
                    "Actual Startup Time": 0.014,
                    "Actual Total Time": 618.604,
                    "Actual Rows": 7417860,
                    "Actual Loops": 2
                  },
                  {
                    "Node Type": "Hash",
                    "Parent Relationship": "Inner",
                    "Parallel Aware": true,
                    "Startup Cost": 104803.39,
                    "Total Cost": 104803.39,
                    "Plan Rows": 381672,
                    "Plan Width": 8,
                    "Actual Startup Time": 687.72,
                    "Actual Total Time": 688.027,
                    "Actual Rows": 322830,
                    "Actual Loops": 2,
                    "Hash Buckets": 1048576,
                    "Original Hash Buckets": 1048576,
                    "Hash Batches": 1,
                    "Original Hash Batches": 1,
                    "Peak Memory Usage": 33472,
                    "Plans": [
                      {
                        "Node Type": "Hash Join",
                        "Parent Relationship": "Outer",
                        "Parallel Aware": true,
                        "Join Type": "Inner",
                        "Startup Cost": 42392.75,
                        "Total Cost": 104803.39,
                        "Plan Rows": 381672,
                        "Plan Width": 8,
                        "Actual Startup Time": 187.447,
                        "Actual Total Time": 605.401,
                        "Actual Rows": 322830,
                        "Actual Loops": 2,
                        "Inner Unique": false,
                        "Hash Cond": "(t.id = mc.movie_id)",
                        "Plans": [
                          {
                            "Node Type": "Seq Scan",
                            "Parent Relationship": "Outer",
                            "Parallel Aware": true,
                            "Relation Name": "title",
                            "Alias": "t",
                            "Startup Cost": 0.0,
                            "Total Cost": 50870.31,
                            "Plan Rows": 1487231,
                            "Plan Width": 4,
                            "Actual Startup Time": 0.011,
                            "Actual Total Time": 117.725,
                            "Actual Rows": 1264156,
                            "Actual Loops": 2
                          },
                          {
                            "Node Type": "Hash",
                            "Parent Relationship": "Inner",
                            "Parallel Aware": true,
                            "Startup Cost": 37621.85,
                            "Total Cost": 37621.85,
                            "Plan Rows": 381672,
                            "Plan Width": 4,
                            "Actual Startup Time": 182.005,
                            "Actual Total Time": 182.006,
                            "Actual Rows": 322830,
                            "Actual Loops": 2,
                            "Hash Buckets": 1048576,
                            "Original Hash Buckets": 1048576,
                            "Hash Batches": 1,
                            "Original Hash Batches": 1,
                            "Peak Memory Usage": 33472,
                            "Plans": [
                              {
                                "Node Type": "Bitmap Heap Scan",
                                "Parent Relationship": "Outer",
                                "Parallel Aware": true,
                                "Relation Name": "movie_companies",
                                "Alias": "mc",
                                "Startup Cost": 14060.96,
                                "Total Cost": 37621.85,
                                "Plan Rows": 381672,
                                "Plan Width": 4,
                                "Actual Startup Time": 35.683,
                                "Actual Total Time": 106.853,
                                "Actual Rows": 322830,
                                "Actual Loops": 2,
                                "Recheck Cond": "(company_id < 865)",
                                "Rows Removed by Index Recheck": 0,
                                "Exact Heap Blocks": 10703,
                                "Lossy Heap Blocks": 0,
                                "Plans": [
                                  {
                                    "Node Type": "Bitmap Index Scan",
                                    "Parent Relationship": "Outer",
                                    "Parallel Aware": false,
                                    "Index Name": "company_id_movie_companies",
                                    "Startup Cost": 0.0,
                                    "Total Cost": 13898.74,
                                    "Plan Rows": 648842,
                                    "Plan Width": 0,
                                    "Actual Startup Time": 32.809,
                                    "Actual Total Time": 32.809,
                                    "Actual Rows": 645660,
                                    "Actual Loops": 1,
                                    "Index Cond": "(company_id < 865)"
                                  }
                                ]
                              }
                            ]
                          }
                        ]
                      }
                    ]
                  }
                ]
              }
            ]
          }
        ]
      }
    ]
  },
  "Planning Time": 0.625,
  "Triggers": [],
  "Execution Time": 3316.893
}