[
  {
    "Plan": {
      "Node Type": "Aggregate",
      "Strategy": "Plain",
      "Partial Mode": "Finalize",
      "Parallel Aware": false,
      "Startup Cost": 287836.01,
      "Total Cost": 287836.02,
      "Plan Rows": 1,
      "Plan Width": 8,
      "Actual Startup Time": 65.377,
      "Actual Total Time": 77.411,
      "Actual Rows": 1,
      "Actual Loops": 1,
      "Plans": [
        {
          "Node Type": "Gather",
          "Parent Relationship": "Outer",
          "Parallel Aware": false,
          "Startup Cost": 287835.49,
          "Total Cost": 287836.0,
          "Plan Rows": 5,
          "Plan Width": 8,
          "Actual Startup Time": 65.095,
          "Actual Total Time": 77.397,
          "Actual Rows": 6,
          "Actual Loops": 1,
          "Workers Planned": 5,
          "Workers Launched": 5,
          "Single Copy": false,
          "Plans": [
            {
              "Node Type": "Aggregate",
              "Strategy": "Plain",
              "Partial Mode": "Partial",
              "Parent Relationship": "Outer",
              "Parallel Aware": false,
              "Startup Cost": 286835.49,
              "Total Cost": 286835.5,
              "Plan Rows": 1,
              "Plan Width": 8,
              "Actual Startup Time": 58.452,
              "Actual Total Time": 58.453,
              "Actual Rows": 1,
              "Actual Loops": 6,
              "Plans": [
                {
                  "Node Type": "Nested Loop",
                  "Parent Relationship": "Outer",
                  "Parallel Aware": false,
                  "Join Type": "Inner",
                  "Startup Cost": 3682.83,
                  "Total Cost": 286782.72,
                  "Plan Rows": 21108,
                  "Plan Width": 0,
                  "Actual Startup Time": 7.168,
                  "Actual Total Time": 57.687,
                  "Actual Rows": 6643,
                  "Actual Loops": 6,
                  "Inner Unique": true,
                  "Plans": [
                    {
                      "Node Type": "Bitmap Heap Scan",
                      "Parent Relationship": "Outer",
                      "Parallel Aware": true,
                      "Relation Name": "cast_info",
                      "Alias": "ci",
                      "Startup Cost": 3682.4,
                      "Total Cost": 241001.83,
                      "Plan Rows": 21735,
                      "Plan Width": 4,
                      "Actual Startup Time": 7.034,
                      "Actual Total Time": 10.037,
                      "Actual Rows": 6737,
                      "Actual Loops": 6,
                      "Recheck Cond": "(person_id < 20421)",
                      "Rows Removed by Index Recheck": 0,
                      "Filter": "(role_id > 1)",
                      "Rows Removed by Filter": 19920,
                      "Exact Heap Blocks": 643,
                      "Lossy Heap Blocks": 0,
                      "Plans": [
                        {
                          "Node Type": "Bitmap Index Scan",
                          "Parent Relationship": "Outer",
                          "Parallel Aware": false,
                          "Index Name": "person_id_cast_info",
                          "Startup Cost": 0.0,
                          "Total Cost": 3655.23,
                          "Plan Rows": 167289,
                          "Plan Width": 0,
                          "Actual Startup Time": 7.38,
                          "Actual Total Time": 7.38,
                          "Actual Rows": 159945,
                          "Actual Loops": 1,
                          "Index Cond": "(person_id < 20421)"
                        }
                      ]
                    },
                    {
                      "Node Type": "Index Scan",
                      "Parent Relationship": "Inner",
                      "Parallel Aware": false,
                      "Scan Direction": "Forward",
                      "Index Name": "title_pkey",
                      "Relation Name": "title",
                      "Alias": "t",
                      "Startup Cost": 0.43,
                      "Total Cost": 2.11,
                      "Plan Rows": 1,
                      "Plan Width": 4,
                      "Actual Startup Time": 0.007,
                      "Actual Total Time": 0.007,
                      "Actual Rows": 1,
                      "Actual Loops": 40423,
                      "Index Cond": "(id = ci.movie_id)",
                      "Rows Removed by Index Recheck": 0,
                      "Filter": "(production_year > 0)",
                      "Rows Removed by Filter": 0
                    }
                  ]
                }
              ]
            }
          ]
        }
      ]
    },
    "Planning Time": 0.265,
    "Triggers": [],
    "Execution Time": 77.457
  }
]