{
  "Plan": {
    "Node Type": "Aggregate",
    "Strategy": "Plain",
    "Partial Mode": "Finalize",
    "Parallel Aware": false,
    "Startup Cost": 90151.89,
    "Total Cost": 90151.9,
    "Plan Rows": 1,
    "Plan Width": 8,
    "Actual Startup Time": 317.614,
    "Actual Total Time": 333.201,
    "Actual Rows": 1,
    "Actual Loops": 1,
    "Plans": [
      {
        "Node Type": "Gather",
        "Parent Relationship": "Outer",
        "Parallel Aware": false,
        "Startup Cost": 90151.78,
        "Total Cost": 90151.89,
        "Plan Rows": 1,
        "Plan Width": 8,
        "Actual Startup Time": 316.995,
        "Actual Total Time": 333.194,
        "Actual Rows": 2,
        "Actual Loops": 1,
        "Workers Planned": 1,
        "Workers Launched": 1,
        "Single Copy": false,
        "Plans": [
          {
            "Node Type": "Aggregate",
            "Strategy": "Plain",
            "Partial Mode": "Partial",
            "Parent Relationship": "Outer",
            "Parallel Aware": false,
            "Startup Cost": 89151.78,
            "Total Cost": 89151.79,
            "Plan Rows": 1,
            "Plan Width": 8,
            "Actual Startup Time": 311.039,
            "Actual Total Time": 311.043,
            "Actual Rows": 1,
            "Actual Loops": 2,
            "Plans": [
              {
                "Node Type": "Hash Join",
                "Parent Relationship": "Outer",
                "Parallel Aware": true,
                "Join Type": "Inner",
                "Startup Cost": 26600.06,
                "Total Cost": 89080.13,
                "Plan Rows": 28661,
                "Plan Width": 0,
                "Actual Startup Time": 97.252,
                "Actual Total Time": 308.645,
                "Actual Rows": 54010,
                "Actual Loops": 2,
                "Inner Unique": false,
                "Hash Cond": "(t.id = mc.movie_id)",
                "Plans": [
                  {
                    "Node Type": "Seq Scan",
                    "Parent Relationship": "Outer",
                    "Parallel Aware": true,
                    "Relation Name": "title",
                    "Alias": "t",
                    "Startup Cost": 0.0,
                    "Total Cost": 58306.47,
                    "Plan Rows": 640800,
                    "Plan Width": 4,
                    "Actual Startup Time": 0.011,
                    "Actual Total Time": 138.061,
                    "Actual Rows": 522111,
                    "Actual Loops": 2,
                    "Filter": "((production_year < 2009) AND (kind_id = 7))",
                    "Rows Removed by Filter": 742045
                  },
                  {
                    "Node Type": "Hash",
                    "Parent Relationship": "Inner",
                    "Parallel Aware": true,
                    "Startup Cost": 25768.56,
                    "Total Cost": 25768.56,
                    "Plan Rows": 66520,
                    "Plan Width": 4,
                    "Actual Startup Time": 95.022,
                    "Actual Total Time": 95.024,
                    "Actual Rows": 88267,
                    "Actual Loops": 2,
                    "Hash Buckets": 262144,
                    "Original Hash Buckets": 131072,
                    "Hash Batches": 1,
                    "Original Hash Batches": 1,
                    "Peak Memory Usage": 10016,
                    "Plans": [
                      {
                        "Node Type": "Bitmap Heap Scan",
                        "Parent Relationship": "Outer",
                        "Parallel Aware": true,
                        "Relation Name": "movie_companies",
                        "Alias": "mc",
                        "Startup Cost": 4951.61,
                        "Total Cost": 25768.56,
                        "Plan Rows": 66520,
                        "Plan Width": 4,
                        "Actual Startup Time": 26.718,
                        "Actual Total Time": 71.861,
                        "Actual Rows": 88267,
                        "Actual Loops": 2,
                        "Recheck Cond": "(company_id < 92)",
                        "Rows Removed by Index Recheck": 0,
                        "Filter": "(company_type_id < 2)",
                        "Rows Removed by Filter": 26535,
                        "Exact Heap Blocks": 12176,
                        "Lossy Heap Blocks": 0,
                        "Plans": [
                          {
                            "Node Type": "Bitmap Index Scan",
                            "Parent Relationship": "Outer",
                            "Parallel Aware": false,
                            "Index Name": "company_id_movie_companies",
                            "Startup Cost": 0.0,
                            "Total Cost": 4923.34,
                            "Plan Rows": 229721,
                            "Plan Width": 0,
                            "Actual Startup Time": 26.211,
                            "Actual Total Time": 26.212,
                            "Actual Rows": 229604,
                            "Actual Loops": 1,
                            "Index Cond": "(company_id < 92)"
                          }
                        ]
                      }
                    ]
                  }
                ]
              }
            ]
          }
        ]
      }
    ]
  },
  "Planning Time": 0.654,
  "Triggers": [],
  "Execution Time": 333.293
}