[
  {
    "Plan": {
      "Node Type": "Aggregate",
      "Strategy": "Plain",
      "Partial Mode": "Finalize",
      "Parallel Aware": false,
      "Startup Cost": 271870.52,
      "Total Cost": 271870.53,
      "Plan Rows": 1,
      "Plan Width": 8,
      "Actual Startup Time": 407.256,
      "Actual Total Time": 414.729,
      "Actual Rows": 1,
      "Actual Loops": 1,
      "Plans": [
        {
          "Node Type": "Gather",
          "Parent Relationship": "Outer",
          "Parallel Aware": false,
          "Startup Cost": 271870.2,
          "Total Cost": 271870.51,
          "Plan Rows": 3,
          "Plan Width": 8,
          "Actual Startup Time": 403.92,
          "Actual Total Time": 414.723,
          "Actual Rows": 4,
          "Actual Loops": 1,
          "Workers Planned": 3,
          "Workers Launched": 3,
          "Single Copy": false,
          "Plans": [
            {
              "Node Type": "Aggregate",
              "Strategy": "Plain",
              "Partial Mode": "Partial",
              "Parent Relationship": "Outer",
              "Parallel Aware": false,
              "Startup Cost": 270870.2,
              "Total Cost": 270870.21,
              "Plan Rows": 1,
              "Plan Width": 8,
              "Actual Startup Time": 400.787,
              "Actual Total Time": 400.792,
              "Actual Rows": 1,
              "Actual Loops": 4,
              "Plans": [
                {
                  "Node Type": "Hash Join",
                  "Parent Relationship": "Outer",
                  "Parallel Aware": true,
                  "Join Type": "Inner",
                  "Startup Cost": 240137.35,
                  "Total Cost": 270664.59,
                  "Plan Rows": 82246,
                  "Plan Width": 0,
                  "Actual Startup Time": 261.925,
                  "Actual Total Time": 394.608,
                  "Actual Rows": 152272,
                  "Actual Loops": 4,
                  "Inner Unique": false,
                  "Hash Cond": "(mc.movie_id = t.id)",
                  "Plans": [
                    {
                      "Node Type": "Seq Scan",
                      "Parent Relationship": "Outer",
                      "Parallel Aware": true,
                      "Relation Name": "movie_companies",
                      "Alias": "mc",
                      "Startup Cost": 0.0,
                      "Total Cost": 27206.55,
                      "Plan Rows": 841655,
                      "Plan Width": 4,
                      "Actual Startup Time": 0.02,
                      "Actual Total Time": 52.554,
                      "Actual Rows": 652282,
                      "Actual Loops": 4
                    },
                    {
                      "Node Type": "Hash",
                      "Parent Relationship": "Inner",
                      "Parallel Aware": true,
                      "Startup Cost": 239519.68,
                      "Total Cost": 239519.68,
                      "Plan Rows": 49413,
                      "Plan Width": 8,
                      "Actual Startup Time": 260.733,
                      "Actual Total Time": 260.737,
                      "Actual Rows": 63078,
                      "Actual Loops": 4,
                      "Hash Buckets": 262144,
                      "Original Hash Buckets": 262144,
                      "Hash Batches": 1,
                      "Original Hash Batches": 1,
                      "Peak Memory Usage": 12000,
                      "Plans": [
                        {
                          "Node Type": "Hash Join",
                          "Parent Relationship": "Outer",
                          "Parallel Aware": true,
                          "Join Type": "Inner",
                          "Startup Cost": 73137.66,
                          "Total Cost": 239519.68,
                          "Plan Rows": 49413,
                          "Plan Width": 8,
                          "Actual Startup Time": 147.756,
                          "Actual Total Time": 242.609,
                          "Actual Rows": 63078,
                          "Actual Loops": 4,
                          "Inner Unique": true,
                          "Hash Cond": "(mi.movie_id = t.id)",
                          "Plans": [
                            {
                              "Node Type": "Bitmap Heap Scan",
                              "Parent Relationship": "Outer",
                              "Parallel Aware": true,
                              "Relation Name": "movie_info",
                              "Alias": "mi",
                              "Startup Cost": 26313.05,
                              "Total Cost": 191933.34,
                              "Plan Rows": 290184,
                              "Plan Width": 4,
                              "Actual Startup Time": 42.372,
                              "Actual Total Time": 83.403,
                              "Actual Rows": 350476,
                              "Actual Loops": 4,
                              "Recheck Cond": "(info_type_id = 7)",
                              "Rows Removed by Index Recheck": 0,
                              "Exact Heap Blocks": 2843,
                              "Lossy Heap Blocks": 0,
                              "Plans": [
                                {
                                  "Node Type": "Bitmap Index Scan",
                                  "Parent Relationship": "Outer",
                                  "Parallel Aware": false,
                                  "Index Name": "info_type_id_movie_info",
                                  "Startup Cost": 0.0,
                                  "Total Cost": 25950.32,
                                  "Plan Rows": 1450918,
                                  "Plan Width": 0,
                                  "Actual Startup Time": 40.756,
                                  "Actual Total Time": 40.756,
                                  "Actual Rows": 1401902,
                                  "Actual Loops": 1,
                                  "Index Cond": "(info_type_id = 7)"
                                }
                              ]
                            },
                            {
                              "Node Type": "Hash",
                              "Parent Relationship": "Inner",
                              "Parallel Aware": true,
                              "Startup Cost": 45479.21,
                              "Total Cost": 45479.21,
                              "Plan Rows": 107632,
                              "Plan Width": 4,
                              "Actual Startup Time": 104.162,
                              "Actual Total Time": 104.163,
                              "Actual Rows": 78792,
                              "Actual Loops": 4,
                              "Hash Buckets": 524288,
                              "Original Hash Buckets": 524288,
                              "Hash Batches": 1,
                              "Original Hash Batches": 1,
                              "Peak Memory Usage": 16480,
                              "Plans": [
                                {
                                  "Node Type": "Seq Scan",
                                  "Parent Relationship": "Outer",
                                  "Parallel Aware": true,
                                  "Relation Name": "title",
                                  "Alias": "t",
                                  "Startup Cost": 0.0,
                                  "Total Cost": 45479.21,
                                  "Plan Rows": 107632,
                                  "Plan Width": 4,
                                  "Actual Startup Time": 0.012,
                                  "Actual Total Time": 77.611,
                                  "Actual Rows": 78792,
                                  "Actual Loops": 4,
                                  "Filter": "((production_year < 1991) AND (kind_id = 7))",
                                  "Rows Removed by Filter": 553286
                                }
                              ]
                            }
                          ]
                        }
                      ]
                    }
                  ]
                }
              ]
            }
          ]
        }
      ]
    },
    "Planning Time": 0.547,
    "Triggers": [],
    "Execution Time": 414.775
  }
]