[
  {
    "Plan": {
      "Node Type": "Aggregate",
      "Strategy": "Plain",
      "Partial Mode": "Finalize",
      "Parallel Aware": false,
      "Startup Cost": 442258.19,
      "Total Cost": 442258.2,
      "Plan Rows": 1,
      "Plan Width": 8,
      "Actual Startup Time": 2236.051,
      "Actual Total Time": 2304.666,
      "Actual Rows": 1,
      "Actual Loops": 1,
      "Plans": [
        {
          "Node Type": "Gather",
          "Parent Relationship": "Outer",
          "Parallel Aware": false,
          "Startup Cost": 442257.56,
          "Total Cost": 442258.17,
          "Plan Rows": 6,
          "Plan Width": 8,
          "Actual Startup Time": 2217.105,
          "Actual Total Time": 2304.653,
          "Actual Rows": 7,
          "Actual Loops": 1,
          "Workers Planned": 6,
          "Workers Launched": 6,
          "Single Copy": false,
          "Plans": [
            {
              "Node Type": "Aggregate",
              "Strategy": "Plain",
              "Partial Mode": "Partial",
              "Parent Relationship": "Outer",
              "Parallel Aware": false,
              "Startup Cost": 441257.56,
              "Total Cost": 441257.57,
              "Plan Rows": 1,
              "Plan Width": 8,
              "Actual Startup Time": 2206.112,
              "Actual Total Time": 2206.447,
              "Actual Rows": 1,
              "Actual Loops": 7,
              "Plans": [
                {
                  "Node Type": "Hash Join",
                  "Parent Relationship": "Outer",
                  "Parallel Aware": true,
                  "Join Type": "Inner",
                  "Startup Cost": 84119.65,
                  "Total Cost": 439011.38,
                  "Plan Rows": 898473,
                  "Plan Width": 0,
                  "Actual Startup Time": 470.035,
                  "Actual Total Time": 2115.719,
                  "Actual Rows": 1923421,
                  "Actual Loops": 7,
                  "Inner Unique": false,
                  "Hash Cond": "(ci.movie_id = t.id)",
                  "Plans": [
                    {
                      "Node Type": "Seq Scan",
                      "Parent Relationship": "Outer",
                      "Parallel Aware": true,
                      "Relation Name": "cast_info",
                      "Alias": "ci",
                      "Startup Cost": 0.0,
                      "Total Cost": 343257.03,
                      "Plan Rows": 2503606,
                      "Plan Width": 4,
                      "Actual Startup Time": 0.03,
                      "Actual Total Time": 751.917,
                      "Actual Rows": 2874666,
                      "Actual Loops": 7,
                      "Filter": "((person_id < 2818036) AND (role_id < 3))",
                      "Rows Removed by Filter": 2303098
                    },
                    {
                      "Node Type": "Hash",
                      "Parent Relationship": "Inner",
                      "Parallel Aware": true,
                      "Startup Cost": 81284.24,
                      "Total Cost": 81284.24,
                      "Plan Rows": 226833,
                      "Plan Width": 8,
                      "Actual Startup Time": 465.187,
                      "Actual Total Time": 465.521,
                      "Actual Rows": 156804,
                      "Actual Loops": 7,
                      "Hash Buckets": 2097152,
                      "Original Hash Buckets": 1048576,
                      "Hash Batches": 1,
                      "Original Hash Batches": 1,
                      "Peak Memory Usage": 67648,
                      "Plans": [
                        {
                          "Node Type": "Hash Join",
                          "Parent Relationship": "Outer",
                          "Parallel Aware": true,
                          "Join Type": "Inner",
                          "Startup Cost": 35073.42,
                          "Total Cost": 81284.24,
                          "Plan Rows": 226833,
                          "Plan Width": 8,
                          "Actual Startup Time": 168.294,
                          "Actual Total Time": 365.904,
                          "Actual Rows": 156804,
                          "Actual Loops": 7,
                          "Inner Unique": false,
                          "Hash Cond": "(t.id = mc.movie_id)",
                          "Plans": [
                            {
                              "Node Type": "Seq Scan",
                              "Parent Relationship": "Outer",
                              "Parallel Aware": true,
                              "Relation Name": "title",
                              "Alias": "t",
                              "Startup Cost": 0.0,
                              "Total Cost": 42318.73,
                              "Plan Rows": 632073,
                              "Plan Width": 4,
                              "Actual Startup Time": 0.017,
                              "Actual Total Time": 61.176,
                              "Actual Rows": 361187,
                              "Actual Loops": 7
                            },
                            {
                              "Node Type": "Hash",
                              "Parent Relationship": "Inner",
                              "Parallel Aware": true,
                              "Startup Cost": 31414.82,
                              "Total Cost": 31414.82,
                              "Plan Rows": 292688,
                              "Plan Width": 4,
                              "Actual Startup Time": 166.715,
                              "Actual Total Time": 166.716,
                              "Actual Rows": 156804,
                              "Actual Loops": 7,
                              "Hash Buckets": 2097152,
                              "Original Hash Buckets": 1048576,
                              "Hash Batches": 1,
                              "Original Hash Batches": 1,
                              "Peak Memory Usage": 67616,
                              "Plans": [
                                {
                                  "Node Type": "Seq Scan",
                                  "Parent Relationship": "Outer",
                                  "Parallel Aware": true,
                                  "Relation Name": "movie_companies",
                                  "Alias": "mc",
                                  "Startup Cost": 0.0,
                                  "Total Cost": 31414.82,
                                  "Plan Rows": 292688,
                                  "Plan Width": 4,
                                  "Actual Startup Time": 40.467,
                                  "Actual Total Time": 70.402,
                                  "Actual Rows": 156804,
                                  "Actual Loops": 7,
                                  "Filter": "((company_id > 1907) AND (company_type_id > 1))",
                                  "Rows Removed by Filter": 215929
                                }
                              ]
                            }
                          ]
                        }
                      ]
                    }
                  ]
                }
              ]
            }
          ]
        }
      ]
    },
    "Planning Time": 1.453,
    "Triggers": [],
    "Execution Time": 2304.779
  }
]