[
  {
    "Plan": {
      "Node Type": "Aggregate",
      "Strategy": "Plain",
      "Partial Mode": "Finalize",
      "Parallel Aware": false,
      "Startup Cost": 105809.02,
      "Total Cost": 105809.03,
      "Plan Rows": 1,
      "Plan Width": 8,
      "Actual Startup Time": 605.942,
      "Actual Total Time": 622.715,
      "Actual Rows": 1,
      "Actual Loops": 1,
      "Plans": [
        {
          "Node Type": "Gather",
          "Parent Relationship": "Outer",
          "Parallel Aware": false,
          "Startup Cost": 105808.8,
          "Total Cost": 105809.01,
          "Plan Rows": 2,
          "Plan Width": 8,
          "Actual Startup Time": 600.82,
          "Actual Total Time": 622.707,
          "Actual Rows": 3,
          "Actual Loops": 1,
          "Workers Planned": 2,
          "Workers Launched": 2,
          "Single Copy": false,
          "Plans": [
            {
              "Node Type": "Aggregate",
              "Strategy": "Plain",
              "Partial Mode": "Partial",
              "Parent Relationship": "Outer",
              "Parallel Aware": false,
              "Startup Cost": 104808.8,
              "Total Cost": 104808.81,
              "Plan Rows": 1,
              "Plan Width": 8,
              "Actual Startup Time": 590.181,
              "Actual Total Time": 590.187,
              "Actual Rows": 1,
              "Actual Loops": 3,
              "Plans": [
                {
                  "Node Type": "Hash Join",
                  "Parent Relationship": "Outer",
                  "Parallel Aware": true,
                  "Join Type": "Inner",
                  "Startup Cost": 88650.02,
                  "Total Cost": 104670.25,
                  "Plan Rows": 55420,
                  "Plan Width": 0,
                  "Actual Startup Time": 458.203,
                  "Actual Total Time": 574.537,
                  "Actual Rows": 402003,
                  "Actual Loops": 3,
                  "Inner Unique": false,
                  "Hash Cond": "(mi_idx.movie_id = t.id)",
                  "Plans": [
                    {
                      "Node Type": "Seq Scan",
                      "Parent Relationship": "Outer",
                      "Parallel Aware": true,
                      "Relation Name": "movie_info_idx",
                      "Alias": "mi_idx",
                      "Startup Cost": 0.0,
                      "Total Cost": 13685.15,
                      "Plan Rows": 575015,
                      "Plan Width": 4,
                      "Actual Startup Time": 0.028,
                      "Actual Total Time": 34.295,
                      "Actual Rows": 460012,
                      "Actual Loops": 3
                    },
                    {
                      "Node Type": "Hash",
                      "Parent Relationship": "Inner",
                      "Parallel Aware": true,
                      "Startup Cost": 87667.44,
                      "Total Cost": 87667.44,
                      "Plan Rows": 78606,
                      "Plan Width": 8,
                      "Actual Startup Time": 455.584,
                      "Actual Total Time": 455.589,
                      "Actual Rows": 186968,
                      "Actual Loops": 3,
                      "Hash Buckets": 1048576,
                      "Original Hash Buckets": 262144,
                      "Hash Batches": 1,
                      "Original Hash Batches": 1,
                      "Peak Memory Usage": 36320,
                      "Plans": [
                        {
                          "Node Type": "Hash Join",
                          "Parent Relationship": "Outer",
                          "Parallel Aware": true,
                          "Join Type": "Inner",
                          "Startup Cost": 60181.53,
                          "Total Cost": 87667.44,
                          "Plan Rows": 78606,
                          "Plan Width": 8,
                          "Actual Startup Time": 255.589,
                          "Actual Total Time": 392.713,
                          "Actual Rows": 186968,
                          "Actual Loops": 3,
                          "Inner Unique": true,
                          "Hash Cond": "(mk.movie_id = t.id)",
                          "Plans": [
                            {
                              "Node Type": "Bitmap Heap Scan",
                              "Parent Relationship": "Outer",
                              "Parallel Aware": true,
                              "Relation Name": "movie_keyword",
                              "Alias": "mk",
                              "Startup Cost": 13184.41,
                              "Total Cost": 40144.12,
                              "Plan Rows": 200457,
                              "Plan Width": 4,
                              "Actual Startup Time": 34.579,
                              "Actual Total Time": 102.149,
                              "Actual Rows": 210949,
                              "Actual Loops": 3,
                              "Recheck Cond": "(keyword_id < 495)",
                              "Rows Removed by Index Recheck": 0,
                              "Exact Heap Blocks": 9748,
                              "Lossy Heap Blocks": 0,
                              "Plans": [
                                {
                                  "Node Type": "Bitmap Index Scan",
                                  "Parent Relationship": "Outer",
                                  "Parallel Aware": false,
                                  "Index Name": "keyword_id_movie_keyword",
                                  "Startup Cost": 0.0,
                                  "Total Cost": 13029.05,
                                  "Plan Rows": 621416,
                                  "Plan Width": 0,
                                  "Actual Startup Time": 30.946,
                                  "Actual Total Time": 30.946,
                                  "Actual Rows": 632848,
                                  "Actual Loops": 1,
                                  "Index Cond": "(keyword_id < 495)"
                                }
                              ]
                            },
                            {
                              "Node Type": "Hash",
                              "Parent Relationship": "Inner",
                              "Parallel Aware": true,
                              "Startup Cost": 43898.92,
                              "Total Cost": 43898.92,
                              "Plan Rows": 247857,
                              "Plan Width": 4,
                              "Actual Startup Time": 216.021,
                              "Actual Total Time": 216.022,
                              "Actual Rows": 328349,
                              "Actual Loops": 3,
                              "Hash Buckets": 1048576,
                              "Original Hash Buckets": 1048576,
                              "Hash Batches": 1,
                              "Original Hash Batches": 1,
                              "Peak Memory Usage": 46752,
                              "Plans": [
                                {
                                  "Node Type": "Seq Scan",
                                  "Parent Relationship": "Outer",
                                  "Parallel Aware": true,
                                  "Relation Name": "title",
                                  "Alias": "t",
                                  "Startup Cost": 0.0,
                                  "Total Cost": 43898.92,
                                  "Plan Rows": 247857,
                                  "Plan Width": 4,
                                  "Actual Startup Time": 0.043,
                                  "Actual Total Time": 118.555,
                                  "Actual Rows": 328349,
                                  "Actual Loops": 3,
                                  "Filter": "(kind_id < 7)",
                                  "Rows Removed by Filter": 514421
                                }
                              ]
                            }
                          ]
                        }
                      ]
                    }
                  ]
                }
              ]
            }
          ]
        }
      ]
    },
    "Planning Time": 1.288,
    "Triggers": [],
    "Execution Time": 622.818
  }
]