{
  "Plan": {
    "Node Type": "Aggregate",
    "Strategy": "Plain",
    "Partial Mode": "Finalize",
    "Parallel Aware": false,
    "Startup Cost": 113677.71,
    "Total Cost": 113677.72,
    "Plan Rows": 1,
    "Plan Width": 8,
    "Actual Startup Time": 466.671,
    "Actual Total Time": 484.166,
    "Actual Rows": 1,
    "Actual Loops": 1,
    "Plans": [
      {
        "Node Type": "Gather",
        "Parent Relationship": "Outer",
        "Parallel Aware": false,
        "Startup Cost": 113677.59,
        "Total Cost": 113677.7,
        "Plan Rows": 1,
        "Plan Width": 8,
        "Actual Startup Time": 466.15,
        "Actual Total Time": 484.156,
        "Actual Rows": 2,
        "Actual Loops": 1,
        "Workers Planned": 1,
        "Workers Launched": 1,
        "Single Copy": false,
        "Plans": [
          {
            "Node Type": "Aggregate",
            "Strategy": "Plain",
            "Partial Mode": "Partial",
            "Parent Relationship": "Outer",
            "Parallel Aware": false,
            "Startup Cost": 112677.59,
            "Total Cost": 112677.6,
            "Plan Rows": 1,
            "Plan Width": 8,
            "Actual Startup Time": 460.003,
            "Actual Total Time": 460.008,
            "Actual Rows": 1,
            "Actual Loops": 2,
            "Plans": [
              {
                "Node Type": "Hash Join",
                "Parent Relationship": "Outer",
                "Parallel Aware": true,
                "Join Type": "Inner",
                "Startup Cost": 78392.35,
                "Total Cost": 112637.67,
                "Plan Rows": 15968,
                "Plan Width": 0,
                "Actual Startup Time": 276.366,
                "Actual Total Time": 458.851,
                "Actual Rows": 16346,
                "Actual Loops": 2,
                "Inner Unique": true,
                "Hash Cond": "(mk.movie_id = t.id)",
                "Plans": [
                  {
                    "Node Type": "Bitmap Heap Scan",
                    "Parent Relationship": "Outer",
                    "Parallel Aware": true,
                    "Relation Name": "movie_keyword",
                    "Alias": "mk",
                    "Startup Cost": 23345.4,
                    "Total Cost": 55891.4,
                    "Plan Rows": 647360,
                    "Plan Width": 4,
                    "Actual Startup Time": 102.95,
                    "Actual Total Time": 214.06,
                    "Actual Rows": 557449,
                    "Actual Loops": 2,
                    "Recheck Cond": "(keyword_id < 1155)",
                    "Rows Removed by Index Recheck": 0,
                    "Exact Heap Blocks": 15331,
                    "Lossy Heap Blocks": 0,
                    "Plans": [
                      {
                        "Node Type": "Bitmap Index Scan",
                        "Parent Relationship": "Outer",
                        "Parallel Aware": false,
                        "Index Name": "keyword_id_movie_keyword",
                        "Startup Cost": 0.0,
                        "Total Cost": 23070.27,
                        "Plan Rows": 1100512,
                        "Plan Width": 0,
                        "Actual Startup Time": 97.078,
                        "Actual Total Time": 97.079,
                        "Actual Rows": 1114898,
                        "Actual Loops": 1,
                        "Index Cond": "(keyword_id < 1155)"
                      }
                    ]
                  },
                  {
                    "Node Type": "Hash",
                    "Parent Relationship": "Inner",
                    "Parallel Aware": true,
                    "Startup Cost": 54588.39,
                    "Total Cost": 54588.39,
                    "Plan Rows": 36685,
                    "Plan Width": 4,
                    "Actual Startup Time": 172.045,
                    "Actual Total Time": 172.046,
                    "Actual Rows": 31284,
                    "Actual Loops": 2,
                    "Hash Buckets": 65536,
                    "Original Hash Buckets": 65536,
                    "Hash Batches": 1,
                    "Original Hash Batches": 1,
                    "Peak Memory Usage": 3008,
                    "Plans": [
                      {
                        "Node Type": "Seq Scan",
                        "Parent Relationship": "Outer",
                        "Parallel Aware": true,
                        "Relation Name": "title",
                        "Alias": "t",
                        "Startup Cost": 0.0,
                        "Total Cost": 54588.39,
                        "Plan Rows": 36685,
                        "Plan Width": 4,
                        "Actual Startup Time": 0.075,
                        "Actual Total Time": 161.253,
                        "Actual Rows": 31284,
                        "Actual Loops": 2,
                        "Filter": "(production_year = 2002)",
                        "Rows Removed by Filter": 1232872
                      }
                    ]
                  }
                ]
              }
            ]
          }
        ]
      }
    ]
  },
  "Planning Time": 0.446,
  "Triggers": [],
  "Execution Time": 484.263
}