[
  {
    "Bao": {
      "Bao prediction": 611.062,
      "Bao recommended hint": "SET enable_mergejoin TO off; "
    }
  },
  {
    "Plan": {
      "Node Type": "Aggregate",
      "Strategy": "Plain",
      "Partial Mode": "Simple",
      "Parallel Aware": false,
      "Startup Cost": 94450.8,
      "Total Cost": 94450.81,
      "Plan Rows": 1,
      "Plan Width": 64,
      "Actual Startup Time": 476.545,
      "Actual Total Time": 523.002,
      "Actual Rows": 1,
      "Actual Loops": 1,
      "Plans": [
        {
          "Node Type": "Gather",
          "Parent Relationship": "Outer",
          "Parallel Aware": false,
          "Startup Cost": 1006.72,
          "Total Cost": 94450.79,
          "Plan Rows": 2,
          "Plan Width": 32,
          "Actual Startup Time": 149.557,
          "Actual Total Time": 522.321,
          "Actual Rows": 3575,
          "Actual Loops": 1,
          "Workers Planned": 4,
          "Workers Launched": 4,
          "Single Copy": false,
          "Plans": [
            {
              "Node Type": "Nested Loop",
              "Parent Relationship": "Outer",
              "Parallel Aware": false,
              "Join Type": "Inner",
              "Startup Cost": 6.72,
              "Total Cost": 93450.59,
              "Plan Rows": 1,
              "Plan Width": 32,
              "Actual Startup Time": 134.382,
              "Actual Total Time": 460.194,
              "Actual Rows": 715,
              "Actual Loops": 5,
              "Inner Unique": true,
              "Plans": [
                {
                  "Node Type": "Nested Loop",
                  "Parent Relationship": "Outer",
                  "Parallel Aware": false,
                  "Join Type": "Inner",
                  "Startup Cost": 6.3,
                  "Total Cost": 93450.14,
                  "Plan Rows": 1,
                  "Plan Width": 36,
                  "Actual Startup Time": 134.209,
                  "Actual Total Time": 448.813,
                  "Actual Rows": 2338,
                  "Actual Loops": 5,
                  "Inner Unique": false,
                  "Plans": [
                    {
                      "Node Type": "Nested Loop",
                      "Parent Relationship": "Outer",
                      "Parallel Aware": false,
                      "Join Type": "Inner",
                      "Startup Cost": 5.87,
                      "Total Cost": 93449.49,
                      "Plan Rows": 1,
                      "Plan Width": 44,
                      "Actual Startup Time": 133.501,
                      "Actual Total Time": 442.235,
                      "Actual Rows": 726,
                      "Actual Loops": 5,
                      "Inner Unique": true,
                      "Plans": [
                        {
                          "Node Type": "Hash Join",
                          "Parent Relationship": "Outer",
                          "Parallel Aware": false,
                          "Join Type": "Inner",
                          "Startup Cost": 5.44,
                          "Total Cost": 93448.84,
                          "Plan Rows": 1,
                          "Plan Width": 48,
                          "Actual Startup Time": 133.345,
                          "Actual Total Time": 436.728,
                          "Actual Rows": 743,
                          "Actual Loops": 5,
                          "Inner Unique": true,
                          "Hash Cond": "(mi.info_type_id = it.id)",
                          "Plans": [
                            {
                              "Node Type": "Nested Loop",
                              "Parent Relationship": "Outer",
                              "Parallel Aware": false,
                              "Join Type": "Inner",
                              "Startup Cost": 3.02,
                              "Total Cost": 93446.33,
                              "Plan Rows": 32,
                              "Plan Width": 52,
                              "Actual Startup Time": 132.595,
                              "Actual Total Time": 435.569,
                              "Actual Rows": 743,
                              "Actual Loops": 5,
                              "Inner Unique": false,
                              "Plans": [
                                {
                                  "Node Type": "Nested Loop",
                                  "Parent Relationship": "Outer",
                                  "Parallel Aware": false,
                                  "Join Type": "Inner",
                                  "Startup Cost": 2.58,
                                  "Total Cost": 93330.35,
                                  "Plan Rows": 58,
                                  "Plan Width": 44,
                                  "Actual Startup Time": 129.912,
                                  "Actual Total Time": 405.094,
                                  "Actual Rows": 969,
                                  "Actual Loops": 5,
                                  "Inner Unique": true,
                                  "Plans": [
                                    {
                                      "Node Type": "Hash Join",
                                      "Parent Relationship": "Outer",
                                      "Parallel Aware": false,
                                      "Join Type": "Inner",
                                      "Startup Cost": 2.15,
                                      "Total Cost": 93262.42,
                                      "Plan Rows": 105,
                                      "Plan Width": 23,
                                      "Actual Startup Time": 129.074,
                                      "Actual Total Time": 386.869,
                                      "Actual Rows": 1641,
                                      "Actual Loops": 5,
                                      "Inner Unique": true,
                                      "Hash Cond": "(ci.role_id = rt.id)",
                                      "Plans": [
                                        {
                                          "Node Type": "Nested Loop",
                                          "Parent Relationship": "Outer",
                                          "Parallel Aware": false,
                                          "Join Type": "Inner",
                                          "Startup Cost": 0.99,
                                          "Total Cost": 93256.77,
                                          "Plan Rows": 1262,
                                          "Plan Width": 27,
                                          "Actual Startup Time": 128.972,
                                          "Actual Total Time": 386.091,
                                          "Actual Rows": 1641,
                                          "Actual Loops": 5,
                                          "Inner Unique": false,
                                          "Join Filter": "(n.id = ci.person_id)",
                                          "Rows Removed by Join Filter": 0,
                                          "Plans": [
                                            {
                                              "Node Type": "Nested Loop",
                                              "Parent Relationship": "Outer",
                                              "Parallel Aware": false,
                                              "Join Type": "Inner",
                                              "Startup Cost": 0.42,
                                              "Total Cost": 86104.69,
                                              "Plan Rows": 523,
                                              "Plan Width": 23,
                                              "Actual Startup Time": 125.744,
                                              "Actual Total Time": 314.225,
                                              "Actual Rows": 2105,
                                              "Actual Loops": 5,
                                              "Inner Unique": false,
                                              "Plans": [
                                                {
                                                  "Node Type": "Seq Scan",
                                                  "Parent Relationship": "Outer",
                                                  "Parallel Aware": true,
                                                  "Relation Name": "name",
                                                  "Alias": "n",
                                                  "Startup Cost": 0.0,
                                                  "Total Cost": 71240.66,
                                                  "Plan Rows": 2419,
                                                  "Plan Width": 19,
                                                  "Actual Startup Time": 125.449,
                                                  "Actual Total Time": 265.387,
                                                  "Actual Rows": 10002,
                                                  "Actual Loops": 5,
                                                  "Filter": "((name ~~ '%An%'::text) AND ((gender)::text = 'f'::text))",
                                                  "Rows Removed by Filter": 823496
                                                },
                                                {
                                                  "Node Type": "Index Only Scan",
                                                  "Parent Relationship": "Inner",
                                                  "Parallel Aware": false,
                                                  "Scan Direction": "Forward",
                                                  "Index Name": "person_id_aka_name",
                                                  "Relation Name": "aka_name",
                                                  "Alias": "an",
                                                  "Startup Cost": 0.42,
                                                  "Total Cost": 6.12,
                                                  "Plan Rows": 2,
                                                  "Plan Width": 4,
                                                  "Actual Startup Time": 0.004,
                                                  "Actual Total Time": 0.004,
                                                  "Actual Rows": 0,
                                                  "Actual Loops": 50011,
                                                  "Index Cond": "(person_id = n.id)",
                                                  "Rows Removed by Index Recheck": 0,
                                                  "Heap Fetches": 10525
                                                }
                                              ]
                                            },
                                            {
                                              "Node Type": "Index Scan",
                                              "Parent Relationship": "Inner",
                                              "Parallel Aware": false,
                                              "Scan Direction": "Forward",
                                              "Index Name": "person_id_cast_info",
                                              "Relation Name": "cast_info",
                                              "Alias": "ci",
                                              "Startup Cost": 0.56,
                                              "Total Cost": 13.51,
                                              "Plan Rows": 13,
                                              "Plan Width": 16,
                                              "Actual Startup Time": 0.031,
                                              "Actual Total Time": 0.033,
                                              "Actual Rows": 1,
                                              "Actual Loops": 10525,
                                              "Index Cond": "(person_id = an.person_id)",
                                              "Rows Removed by Index Recheck": 0,
                                              "Filter": "(note = ANY ('{(voice),\"(voice: Japanese version)\",\"(voice) (uncredited)\",\"(voice: English version)\"}'::text[]))",
                                              "Rows Removed by Filter": 44
                                            }
                                          ]
                                        },
                                        {
                                          "Node Type": "Hash",
                                          "Parent Relationship": "Inner",
                                          "Parallel Aware": false,
                                          "Startup Cost": 1.15,
                                          "Total Cost": 1.15,
                                          "Plan Rows": 1,
                                          "Plan Width": 4,
                                          "Actual Startup Time": 0.052,
                                          "Actual Total Time": 0.053,
                                          "Actual Rows": 1,
                                          "Actual Loops": 5,
                                          "Hash Buckets": 1024,
                                          "Original Hash Buckets": 1024,
                                          "Hash Batches": 1,
                                          "Original Hash Batches": 1,
                                          "Peak Memory Usage": 9,
                                          "Plans": [
                                            {
                                              "Node Type": "Seq Scan",
                                              "Parent Relationship": "Outer",
                                              "Parallel Aware": false,
                                              "Relation Name": "role_type",
                                              "Alias": "rt",
                                              "Startup Cost": 0.0,
                                              "Total Cost": 1.15,
                                              "Plan Rows": 1,
                                              "Plan Width": 4,
                                              "Actual Startup Time": 0.039,
                                              "Actual Total Time": 0.042,
                                              "Actual Rows": 1,
                                              "Actual Loops": 5,
                                              "Filter": "((role)::text = 'actress'::text)",
                                              "Rows Removed by Filter": 11
                                            }
                                          ]
                                        }
                                      ]
                                    },
                                    {
                                      "Node Type": "Index Scan",
                                      "Parent Relationship": "Inner",
                                      "Parallel Aware": false,
                                      "Scan Direction": "Forward",
                                      "Index Name": "title_pkey",
                                      "Relation Name": "title",
                                      "Alias": "t",
                                      "Startup Cost": 0.43,
                                      "Total Cost": 0.65,
                                      "Plan Rows": 1,
                                      "Plan Width": 21,
                                      "Actual Startup Time": 0.01,
                                      "Actual Total Time": 0.01,
                                      "Actual Rows": 1,
                                      "Actual Loops": 8204,
                                      "Index Cond": "(id = ci.movie_id)",
                                      "Rows Removed by Index Recheck": 0,
                                      "Filter": "(production_year > 2000)",
                                      "Rows Removed by Filter": 0
                                    }
                                  ]
                                },
                                {
                                  "Node Type": "Index Scan",
                                  "Parent Relationship": "Inner",
                                  "Parallel Aware": false,
                                  "Scan Direction": "Forward",
                                  "Index Name": "movie_id_movie_info",
                                  "Relation Name": "movie_info",
                                  "Alias": "mi",
                                  "Startup Cost": 0.43,
                                  "Total Cost": 1.98,
                                  "Plan Rows": 2,
                                  "Plan Width": 8,
                                  "Actual Startup Time": 0.022,
                                  "Actual Total Time": 0.031,
                                  "Actual Rows": 1,
                                  "Actual Loops": 4845,
                                  "Index Cond": "(movie_id = t.id)",
                                  "Rows Removed by Index Recheck": 0,
                                  "Filter": "((info IS NOT NULL) AND ((info ~~ 'Japan:%200%'::text) OR (info ~~ 'USA:%200%'::text)))",
                                  "Rows Removed by Filter": 14
                                }
                              ]
                            },
                            {
                              "Node Type": "Hash",
                              "Parent Relationship": "Inner",
                              "Parallel Aware": false,
                              "Startup Cost": 2.41,
                              "Total Cost": 2.41,
                              "Plan Rows": 1,
                              "Plan Width": 4,
                              "Actual Startup Time": 0.123,
                              "Actual Total Time": 0.124,
                              "Actual Rows": 1,
                              "Actual Loops": 5,
                              "Hash Buckets": 1024,
                              "Original Hash Buckets": 1024,
                              "Hash Batches": 1,
                              "Original Hash Batches": 1,
                              "Peak Memory Usage": 9,
                              "Plans": [
                                {
                                  "Node Type": "Seq Scan",
                                  "Parent Relationship": "Outer",
                                  "Parallel Aware": false,
                                  "Relation Name": "info_type",
                                  "Alias": "it",
                                  "Startup Cost": 0.0,
                                  "Total Cost": 2.41,
                                  "Plan Rows": 1,
                                  "Plan Width": 4,
                                  "Actual Startup Time": 0.072,
                                  "Actual Total Time": 0.093,
                                  "Actual Rows": 1,
                                  "Actual Loops": 5,
                                  "Filter": "((info)::text = 'release dates'::text)",
                                  "Rows Removed by Filter": 112
                                }
                              ]
                            }
                          ]
                        },
                        {
                          "Node Type": "Index Only Scan",
                          "Parent Relationship": "Inner",
                          "Parallel Aware": false,
                          "Scan Direction": "Forward",
                          "Index Name": "char_name_pkey",
                          "Relation Name": "char_name",
                          "Alias": "chn",
                          "Startup Cost": 0.43,
                          "Total Cost": 0.66,
                          "Plan Rows": 1,
                          "Plan Width": 4,
                          "Actual Startup Time": 0.007,
                          "Actual Total Time": 0.007,
                          "Actual Rows": 1,
                          "Actual Loops": 3715,
                          "Index Cond": "(id = ci.person_role_id)",
                          "Rows Removed by Index Recheck": 0,
                          "Heap Fetches": 3628
                        }
                      ]
                    },
                    {
                      "Node Type": "Index Scan",
                      "Parent Relationship": "Inner",
                      "Parallel Aware": false,
                      "Scan Direction": "Forward",
                      "Index Name": "movie_id_movie_companies",
                      "Relation Name": "movie_companies",
                      "Alias": "mc",
                      "Startup Cost": 0.43,
                      "Total Cost": 0.6,
                      "Plan Rows": 5,
                      "Plan Width": 8,
                      "Actual Startup Time": 0.006,
                      "Actual Total Time": 0.008,
                      "Actual Rows": 3,
                      "Actual Loops": 3628,
                      "Index Cond": "(movie_id = t.id)",
                      "Rows Removed by Index Recheck": 0
                    }
                  ]
                },
                {
                  "Node Type": "Index Scan",
                  "Parent Relationship": "Inner",
                  "Parallel Aware": false,
                  "Scan Direction": "Forward",
                  "Index Name": "company_name_pkey",
                  "Relation Name": "company_name",
                  "Alias": "cn",
                  "Startup Cost": 0.42,
                  "Total Cost": 0.45,
                  "Plan Rows": 1,
                  "Plan Width": 4,
                  "Actual Startup Time": 0.004,
                  "Actual Total Time": 0.004,
                  "Actual Rows": 0,
                  "Actual Loops": 11692,
                  "Index Cond": "(id = mc.company_id)",
                  "Rows Removed by Index Recheck": 0,
                  "Filter": "((country_code)::text = '[us]'::text)",
                  "Rows Removed by Filter": 1
                }
              ]
            }
          ]
        }
      ]
    },
    "Planning Time": 545.889,
    "Triggers": [],
    "Execution Time": 523.863
  }
]