[
  {
    "Plan": {
      "Node Type": "Aggregate",
      "Strategy": "Plain",
      "Partial Mode": "Finalize",
      "Parallel Aware": false,
      "Startup Cost": 79773.33,
      "Total Cost": 79773.34,
      "Plan Rows": 1,
      "Plan Width": 8,
      "Actual Startup Time": 269.32,
      "Actual Total Time": 286.831,
      "Actual Rows": 1,
      "Actual Loops": 1,
      "Plans": [
        {
          "Node Type": "Gather",
          "Parent Relationship": "Outer",
          "Parallel Aware": false,
          "Startup Cost": 79773.01,
          "Total Cost": 79773.32,
          "Plan Rows": 3,
          "Plan Width": 8,
          "Actual Startup Time": 268.33,
          "Actual Total Time": 286.815,
          "Actual Rows": 4,
          "Actual Loops": 1,
          "Workers Planned": 3,
          "Workers Launched": 3,
          "Single Copy": false,
          "Plans": [
            {
              "Node Type": "Aggregate",
              "Strategy": "Plain",
              "Partial Mode": "Partial",
              "Parent Relationship": "Outer",
              "Parallel Aware": false,
              "Startup Cost": 78773.01,
              "Total Cost": 78773.02,
              "Plan Rows": 1,
              "Plan Width": 8,
              "Actual Startup Time": 261.592,
              "Actual Total Time": 261.596,
              "Actual Rows": 1,
              "Actual Loops": 4,
              "Plans": [
                {
                  "Node Type": "Hash Join",
                  "Parent Relationship": "Outer",
                  "Parallel Aware": true,
                  "Join Type": "Inner",
                  "Startup Cost": 46563.4,
                  "Total Cost": 78681.18,
                  "Plan Rows": 36733,
                  "Plan Width": 0,
                  "Actual Startup Time": 178.45,
                  "Actual Total Time": 260.727,
                  "Actual Rows": 18425,
                  "Actual Loops": 4,
                  "Inner Unique": true,
                  "Hash Cond": "(mc.movie_id = t.id)",
                  "Plans": [
                    {
                      "Node Type": "Seq Scan",
                      "Parent Relationship": "Outer",
                      "Parallel Aware": true,
                      "Relation Name": "movie_companies",
                      "Alias": "mc",
                      "Startup Cost": 0.0,
                      "Total Cost": 31414.82,
                      "Plan Rows": 267795,
                      "Plan Width": 4,
                      "Actual Startup Time": 34.952,
                      "Actual Total Time": 73.936,
                      "Actual Rows": 259896,
                      "Actual Loops": 4,
                      "Filter": "((company_id > 4548) AND (company_type_id = 2))",
                      "Rows Removed by Filter": 392386
                    },
                    {
                      "Node Type": "Hash",
                      "Parent Relationship": "Inner",
                      "Parallel Aware": true,
                      "Startup Cost": 45479.59,
                      "Total Cost": 45479.59,
                      "Plan Rows": 86705,
                      "Plan Width": 4,
                      "Actual Startup Time": 139.968,
                      "Actual Total Time": 139.97,
                      "Actual Rows": 60788,
                      "Actual Loops": 4,
                      "Hash Buckets": 524288,
                      "Original Hash Buckets": 524288,
                      "Hash Batches": 1,
                      "Original Hash Batches": 1,
                      "Peak Memory Usage": 13696,
                      "Plans": [
                        {
                          "Node Type": "Seq Scan",
                          "Parent Relationship": "Outer",
                          "Parallel Aware": true,
                          "Relation Name": "title",
                          "Alias": "t",
                          "Startup Cost": 0.0,
                          "Total Cost": 45479.59,
                          "Plan Rows": 86705,
                          "Plan Width": 4,
                          "Actual Startup Time": 0.029,
                          "Actual Total Time": 111.688,
                          "Actual Rows": 60788,
                          "Actual Loops": 4,
                          "Filter": "((production_year < 1985) AND (kind_id = 7))",
                          "Rows Removed by Filter": 571290
                        }
                      ]
                    }
                  ]
                }
              ]
            }
          ]
        }
      ]
    },
    "Planning Time": 0.715,
    "Triggers": [],
    "Execution Time": 286.905
  }
]