[
  {
    "Plan": {
      "Node Type": "Aggregate",
      "Strategy": "Plain",
      "Partial Mode": "Finalize",
      "Parallel Aware": false,
      "Startup Cost": 31762.78,
      "Total Cost": 31762.79,
      "Plan Rows": 1,
      "Plan Width": 8,
      "Actual Startup Time": 103.578,
      "Actual Total Time": 111.507,
      "Actual Rows": 1,
      "Actual Loops": 1,
      "Plans": [
        {
          "Node Type": "Gather",
          "Parent Relationship": "Outer",
          "Parallel Aware": false,
          "Startup Cost": 31762.46,
          "Total Cost": 31762.77,
          "Plan Rows": 3,
          "Plan Width": 8,
          "Actual Startup Time": 103.292,
          "Actual Total Time": 111.5,
          "Actual Rows": 4,
          "Actual Loops": 1,
          "Workers Planned": 3,
          "Workers Launched": 3,
          "Single Copy": false,
          "Plans": [
            {
              "Node Type": "Aggregate",
              "Strategy": "Plain",
              "Partial Mode": "Partial",
              "Parent Relationship": "Outer",
              "Parallel Aware": false,
              "Startup Cost": 30762.46,
              "Total Cost": 30762.47,
              "Plan Rows": 1,
              "Plan Width": 8,
              "Actual Startup Time": 95.712,
              "Actual Total Time": 95.713,
              "Actual Rows": 1,
              "Actual Loops": 4,
              "Plans": [
                {
                  "Node Type": "Bitmap Heap Scan",
                  "Parent Relationship": "Outer",
                  "Parallel Aware": true,
                  "Relation Name": "movie_keyword",
                  "Alias": "mk",
                  "Startup Cost": 5136.89,
                  "Total Cost": 30567.2,
                  "Plan Rows": 78105,
                  "Plan Width": 0,
                  "Actual Startup Time": 31.861,
                  "Actual Total Time": 91.878,
                  "Actual Rows": 61621,
                  "Actual Loops": 4,
                  "Recheck Cond": "(keyword_id < 213)",
                  "Rows Removed by Index Recheck": 0,
                  "Exact Heap Blocks": 12214,
                  "Lossy Heap Blocks": 0,
                  "Plans": [
                    {
                      "Node Type": "Bitmap Index Scan",
                      "Parent Relationship": "Outer",
                      "Parallel Aware": false,
                      "Index Name": "keyword_id_movie_keyword",
                      "Startup Cost": 0.0,
                      "Total Cost": 5076.36,
                      "Plan Rows": 242124,
                      "Plan Width": 0,
                      "Actual Startup Time": 33.596,
                      "Actual Total Time": 33.596,
                      "Actual Rows": 246484,
                      "Actual Loops": 1,
                      "Index Cond": "(keyword_id < 213)"
                    }
                  ]
                }
              ]
            }
          ]
        }
      ]
    },
    "Planning Time": 0.172,
    "Triggers": [],
    "Execution Time": 111.579
  }
]