[
  {
    "Plan": {
      "Node Type": "Aggregate",
      "Strategy": "Plain",
      "Partial Mode": "Simple",
      "Parallel Aware": false,
      "Startup Cost": 16846.26,
      "Total Cost": 16846.27,
      "Plan Rows": 1,
      "Plan Width": 8,
      "Actual Startup Time": 10.773,
      "Actual Total Time": 10.774,
      "Actual Rows": 1,
      "Actual Loops": 1,
      "Plans": [
        {
          "Node Type": "Bitmap Heap Scan",
          "Parent Relationship": "Outer",
          "Parallel Aware": false,
          "Relation Name": "movie_keyword",
          "Alias": "mk",
          "Startup Cost": 170.37,
          "Total Cost": 16826.28,
          "Plan Rows": 7992,
          "Plan Width": 0,
          "Actual Startup Time": 1.74,
          "Actual Total Time": 10.341,
          "Actual Rows": 5617,
          "Actual Loops": 1,
          "Recheck Cond": "(keyword_id = 1603)",
          "Rows Removed by Index Recheck": 0,
          "Exact Heap Blocks": 4623,
          "Lossy Heap Blocks": 0,
          "Plans": [
            {
              "Node Type": "Bitmap Index Scan",
              "Parent Relationship": "Outer",
              "Parallel Aware": false,
              "Index Name": "keyword_id_movie_keyword",
              "Startup Cost": 0.0,
              "Total Cost": 168.37,
              "Plan Rows": 7992,
              "Plan Width": 0,
              "Actual Startup Time": 1.09,
              "Actual Total Time": 1.09,
              "Actual Rows": 5617,
              "Actual Loops": 1,
              "Index Cond": "(keyword_id = 1603)"
            }
          ]
        }
      ]
    },
    "Planning Time": 0.087,
    "Triggers": [],
    "Execution Time": 10.804
  }
]