[
  {
    "Plan": {
      "Node Type": "Aggregate",
      "Strategy": "Plain",
      "Partial Mode": "Finalize",
      "Parallel Aware": false,
      "Startup Cost": 312043.56,
      "Total Cost": 312043.57,
      "Plan Rows": 1,
      "Plan Width": 8,
      "Actual Startup Time": 258.724,
      "Actual Total Time": 268.744,
      "Actual Rows": 1,
      "Actual Loops": 1,
      "Plans": [
        {
          "Node Type": "Gather",
          "Parent Relationship": "Outer",
          "Parallel Aware": false,
          "Startup Cost": 312042.94,
          "Total Cost": 312043.55,
          "Plan Rows": 6,
          "Plan Width": 8,
          "Actual Startup Time": 258.039,
          "Actual Total Time": 268.735,
          "Actual Rows": 7,
          "Actual Loops": 1,
          "Workers Planned": 6,
          "Workers Launched": 6,
          "Single Copy": false,
          "Plans": [
            {
              "Node Type": "Aggregate",
              "Strategy": "Plain",
              "Partial Mode": "Partial",
              "Parent Relationship": "Outer",
              "Parallel Aware": false,
              "Startup Cost": 311042.94,
              "Total Cost": 311042.95,
              "Plan Rows": 1,
              "Plan Width": 8,
              "Actual Startup Time": 247.262,
              "Actual Total Time": 247.263,
              "Actual Rows": 1,
              "Actual Loops": 7,
              "Plans": [
                {
                  "Node Type": "Bitmap Heap Scan",
                  "Parent Relationship": "Outer",
                  "Parallel Aware": true,
                  "Relation Name": "cast_info",
                  "Alias": "ci",
                  "Startup Cost": 52422.43,
                  "Total Cost": 310054.02,
                  "Plan Rows": 395567,
                  "Plan Width": 0,
                  "Actual Startup Time": 139.519,
                  "Actual Total Time": 230.189,
                  "Actual Rows": 325460,
                  "Actual Loops": 7,
                  "Recheck Cond": "(person_id > 3616735)",
                  "Rows Removed by Index Recheck": 0,
                  "Exact Heap Blocks": 7767,
                  "Lossy Heap Blocks": 0,
                  "Plans": [
                    {
                      "Node Type": "Bitmap Index Scan",
                      "Parent Relationship": "Outer",
                      "Parallel Aware": false,
                      "Index Name": "person_id_cast_info",
                      "Startup Cost": 0.0,
                      "Total Cost": 51829.08,
                      "Plan Rows": 2373402,
                      "Plan Width": 0,
                      "Actual Startup Time": 143.67,
                      "Actual Total Time": 143.671,
                      "Actual Rows": 2278218,
                      "Actual Loops": 1,
                      "Index Cond": "(person_id > 3616735)"
                    }
                  ]
                }
              ]
            }
          ]
        }
      ]
    },
    "Planning Time": 0.171,
    "Triggers": [],
    "Execution Time": 268.866
  }
]