{
  "Plan": {
    "Node Type": "Aggregate",
    "Strategy": "Plain",
    "Partial Mode": "Finalize",
    "Parallel Aware": false,
    "Startup Cost": 112315.76,
    "Total Cost": 112315.77,
    "Plan Rows": 1,
    "Plan Width": 8,
    "Actual Startup Time": 536.477,
    "Actual Total Time": 551.653,
    "Actual Rows": 1,
    "Actual Loops": 1,
    "Plans": [
      {
        "Node Type": "Gather",
        "Parent Relationship": "Outer",
        "Parallel Aware": false,
        "Startup Cost": 112315.65,
        "Total Cost": 112315.76,
        "Plan Rows": 1,
        "Plan Width": 8,
        "Actual Startup Time": 532.562,
        "Actual Total Time": 551.643,
        "Actual Rows": 2,
        "Actual Loops": 1,
        "Workers Planned": 1,
        "Workers Launched": 1,
        "Single Copy": false,
        "Plans": [
          {
            "Node Type": "Aggregate",
            "Strategy": "Plain",
            "Partial Mode": "Partial",
            "Parent Relationship": "Outer",
            "Parallel Aware": false,
            "Startup Cost": 111315.65,
            "Total Cost": 111315.66,
            "Plan Rows": 1,
            "Plan Width": 8,
            "Actual Startup Time": 524.734,
            "Actual Total Time": 524.738,
            "Actual Rows": 1,
            "Actual Loops": 2,
            "Plans": [
              {
                "Node Type": "Hash Join",
                "Parent Relationship": "Outer",
                "Parallel Aware": true,
                "Join Type": "Inner",
                "Startup Cost": 68179.75,
                "Total Cost": 110790.99,
                "Plan Rows": 209864,
                "Plan Width": 0,
                "Actual Startup Time": 400.419,
                "Actual Total Time": 522.997,
                "Actual Rows": 38371,
                "Actual Loops": 2,
                "Inner Unique": true,
                "Hash Cond": "(mc.movie_id = t.id)",
                "Plans": [
                  {
                    "Node Type": "Index Scan",
                    "Parent Relationship": "Outer",
                    "Parallel Aware": true,
                    "Scan Direction": "Forward",
                    "Index Name": "company_type_id_movie_companies",
                    "Relation Name": "movie_companies",
                    "Alias": "mc",
                    "Startup Cost": 0.43,
                    "Total Cost": 41574.35,
                    "Plan Rows": 395169,
                    "Plan Width": 4,
                    "Actual Startup Time": 25.965,
                    "Actual Total Time": 94.458,
                    "Actual Rows": 220314,
                    "Actual Loops": 2,
                    "Index Cond": "(company_type_id = 1)",
                    "Rows Removed by Index Recheck": 0,
                    "Filter": "(company_id > 11145)",
                    "Rows Removed by Filter": 416809
                  },
                  {
                    "Node Type": "Hash",
                    "Parent Relationship": "Inner",
                    "Parallel Aware": true,
                    "Startup Cost": 58306.47,
                    "Total Cost": 58306.47,
                    "Plan Rows": 789828,
                    "Plan Width": 4,
                    "Actual Startup Time": 360.068,
                    "Actual Total Time": 360.069,
                    "Actual Rows": 731350,
                    "Actual Loops": 2,
                    "Hash Buckets": 2097152,
                    "Original Hash Buckets": 2097152,
                    "Hash Batches": 1,
                    "Original Hash Batches": 1,
                    "Peak Memory Usage": 73632,
                    "Plans": [
                      {
                        "Node Type": "Seq Scan",
                        "Parent Relationship": "Outer",
                        "Parallel Aware": true,
                        "Relation Name": "title",
                        "Alias": "t",
                        "Startup Cost": 0.0,
                        "Total Cost": 58306.47,
                        "Plan Rows": 789828,
                        "Plan Width": 4,
                        "Actual Startup Time": 0.031,
                        "Actual Total Time": 171.633,
                        "Actual Rows": 731350,
                        "Actual Loops": 2,
                        "Filter": "((kind_id > 1) AND (production_year > 1987))",
                        "Rows Removed by Filter": 532806
                      }
                    ]
                  }
                ]
              }
            ]
          }
        ]
      }
    ]
  },
  "Planning Time": 0.662,
  "Triggers": [],
  "Execution Time": 551.727
}