[
  {
    "Plan": {
      "Node Type": "Aggregate",
      "Strategy": "Plain",
      "Partial Mode": "Finalize",
      "Parallel Aware": false,
      "Startup Cost": 131682.61,
      "Total Cost": 131682.62,
      "Plan Rows": 1,
      "Plan Width": 8,
      "Actual Startup Time": 755.398,
      "Actual Total Time": 780.912,
      "Actual Rows": 1,
      "Actual Loops": 1,
      "Plans": [
        {
          "Node Type": "Gather",
          "Parent Relationship": "Outer",
          "Parallel Aware": false,
          "Startup Cost": 131682.29,
          "Total Cost": 131682.6,
          "Plan Rows": 3,
          "Plan Width": 8,
          "Actual Startup Time": 732.326,
          "Actual Total Time": 780.902,
          "Actual Rows": 4,
          "Actual Loops": 1,
          "Workers Planned": 3,
          "Workers Launched": 3,
          "Single Copy": false,
          "Plans": [
            {
              "Node Type": "Aggregate",
              "Strategy": "Plain",
              "Partial Mode": "Partial",
              "Parent Relationship": "Outer",
              "Parallel Aware": false,
              "Startup Cost": 130682.29,
              "Total Cost": 130682.3,
              "Plan Rows": 1,
              "Plan Width": 8,
              "Actual Startup Time": 724.346,
              "Actual Total Time": 724.932,
              "Actual Rows": 1,
              "Actual Loops": 4,
              "Plans": [
                {
                  "Node Type": "Hash Join",
                  "Parent Relationship": "Outer",
                  "Parallel Aware": true,
                  "Join Type": "Inner",
                  "Startup Cost": 97196.64,
                  "Total Cost": 130369.15,
                  "Plan Rows": 125255,
                  "Plan Width": 0,
                  "Actual Startup Time": 617.758,
                  "Actual Total Time": 713.637,
                  "Actual Rows": 255298,
                  "Actual Loops": 4,
                  "Inner Unique": false,
                  "Hash Cond": "(mc.movie_id = t.id)",
                  "Plans": [
                    {
                      "Node Type": "Seq Scan",
                      "Parent Relationship": "Outer",
                      "Parallel Aware": true,
                      "Relation Name": "movie_companies",
                      "Alias": "mc",
                      "Startup Cost": 0.0,
                      "Total Cost": 31414.82,
                      "Plan Rows": 360973,
                      "Plan Width": 4,
                      "Actual Startup Time": 32.392,
                      "Actual Total Time": 70.725,
                      "Actual Rows": 229772,
                      "Actual Loops": 4,
                      "Filter": "((company_id < 80472) AND (company_type_id = 2))",
                      "Rows Removed by Filter": 422510
                    },
                    {
                      "Node Type": "Hash",
                      "Parent Relationship": "Inner",
                      "Parallel Aware": true,
                      "Startup Cost": 93658.95,
                      "Total Cost": 93658.95,
                      "Plan Rows": 283015,
                      "Plan Width": 8,
                      "Actual Startup Time": 577.648,
                      "Actual Total Time": 578.233,
                      "Actual Rows": 218632,
                      "Actual Loops": 4,
                      "Hash Buckets": 1048576,
                      "Original Hash Buckets": 1048576,
                      "Hash Batches": 1,
                      "Original Hash Batches": 1,
                      "Peak Memory Usage": 42464,
                      "Plans": [
                        {
                          "Node Type": "Hash Join",
                          "Parent Relationship": "Outer",
                          "Parallel Aware": true,
                          "Join Type": "Inner",
                          "Startup Cost": 50220.38,
                          "Total Cost": 93658.95,
                          "Plan Rows": 283015,
                          "Plan Width": 8,
                          "Actual Startup Time": 356.569,
                          "Actual Total Time": 513.179,
                          "Actual Rows": 218632,
                          "Actual Loops": 4,
                          "Inner Unique": true,
                          "Hash Cond": "(mk.movie_id = t.id)",
                          "Plans": [
                            {
                              "Node Type": "Seq Scan",
                              "Parent Relationship": "Outer",
                              "Parallel Aware": true,
                              "Relation Name": "movie_keyword",
                              "Alias": "mk",
                              "Startup Cost": 0.0,
                              "Total Cost": 42695.65,
                              "Plan Rows": 283015,
                              "Plan Width": 4,
                              "Actual Startup Time": 1.655,
                              "Actual Total Time": 98.525,
                              "Actual Rows": 218632,
                              "Actual Loops": 4,
                              "Filter": "(keyword_id > 21131)",
                              "Rows Removed by Filter": 912350
                            },
                            {
                              "Node Type": "Hash",
                              "Parent Relationship": "Inner",
                              "Parallel Aware": true,
                              "Startup Cost": 42319.06,
                              "Total Cost": 42319.06,
                              "Plan Rows": 632106,
                              "Plan Width": 4,
                              "Actual Startup Time": 348.536,
                              "Actual Total Time": 348.538,
                              "Actual Rows": 632078,
                              "Actual Loops": 4,
                              "Hash Buckets": 4194304,
                              "Original Hash Buckets": 4194304,
                              "Hash Batches": 1,
                              "Original Hash Batches": 1,
                              "Peak Memory Usage": 131712,
                              "Plans": [
                                {
                                  "Node Type": "Seq Scan",
                                  "Parent Relationship": "Outer",
                                  "Parallel Aware": true,
                                  "Relation Name": "title",
                                  "Alias": "t",
                                  "Startup Cost": 0.0,
                                  "Total Cost": 42319.06,
                                  "Plan Rows": 632106,
                                  "Plan Width": 4,
                                  "Actual Startup Time": 0.048,
                                  "Actual Total Time": 103.244,
                                  "Actual Rows": 632078,
                                  "Actual Loops": 4
                                }
                              ]
                            }
                          ]
                        }
                      ]
                    }
                  ]
                }
              ]
            }
          ]
        }
      ]
    },
    "Planning Time": 0.456,
    "Triggers": [],
    "Execution Time": 780.953
  }
]