[
  {
    "Plan": {
      "Node Type": "Aggregate",
      "Strategy": "Plain",
      "Partial Mode": "Finalize",
      "Parallel Aware": false,
      "Startup Cost": 131159.94,
      "Total Cost": 131159.95,
      "Plan Rows": 1,
      "Plan Width": 8,
      "Actual Startup Time": 763.905,
      "Actual Total Time": 786.234,
      "Actual Rows": 1,
      "Actual Loops": 1,
      "Plans": [
        {
          "Node Type": "Gather",
          "Parent Relationship": "Outer",
          "Parallel Aware": false,
          "Startup Cost": 131159.62,
          "Total Cost": 131159.93,
          "Plan Rows": 3,
          "Plan Width": 8,
          "Actual Startup Time": 752.804,
          "Actual Total Time": 786.209,
          "Actual Rows": 4,
          "Actual Loops": 1,
          "Workers Planned": 3,
          "Workers Launched": 3,
          "Single Copy": false,
          "Plans": [
            {
              "Node Type": "Aggregate",
              "Strategy": "Plain",
              "Partial Mode": "Partial",
              "Parent Relationship": "Outer",
              "Parallel Aware": false,
              "Startup Cost": 130159.62,
              "Total Cost": 130159.63,
              "Plan Rows": 1,
              "Plan Width": 8,
              "Actual Startup Time": 740.102,
              "Actual Total Time": 740.418,
              "Actual Rows": 1,
              "Actual Loops": 4,
              "Plans": [
                {
                  "Node Type": "Hash Join",
                  "Parent Relationship": "Outer",
                  "Parallel Aware": true,
                  "Join Type": "Inner",
                  "Startup Cost": 85781.1,
                  "Total Cost": 129847.88,
                  "Plan Rows": 124695,
                  "Plan Width": 0,
                  "Actual Startup Time": 576.285,
                  "Actual Total Time": 728.881,
                  "Actual Rows": 255298,
                  "Actual Loops": 4,
                  "Inner Unique": false,
                  "Hash Cond": "(mk.movie_id = t.id)",
                  "Plans": [
                    {
                      "Node Type": "Seq Scan",
                      "Parent Relationship": "Outer",
                      "Parallel Aware": true,
                      "Relation Name": "movie_keyword",
                      "Alias": "mk",
                      "Startup Cost": 0.0,
                      "Total Cost": 42695.65,
                      "Plan Rows": 282505,
                      "Plan Width": 4,
                      "Actual Startup Time": 1.763,
                      "Actual Total Time": 98.527,
                      "Actual Rows": 218632,
                      "Actual Loops": 4,
                      "Filter": "(keyword_id > 21131)",
                      "Rows Removed by Filter": 912350
                    },
                    {
                      "Node Type": "Hash",
                      "Parent Relationship": "Inner",
                      "Parallel Aware": true,
                      "Startup Cost": 82293.72,
                      "Total Cost": 82293.72,
                      "Plan Rows": 278990,
                      "Plan Width": 8,
                      "Actual Startup Time": 566.673,
                      "Actual Total Time": 566.987,
                      "Actual Rows": 229772,
                      "Actual Loops": 4,
                      "Hash Buckets": 2097152,
                      "Original Hash Buckets": 2097152,
                      "Hash Batches": 1,
                      "Original Hash Batches": 1,
                      "Peak Memory Usage": 52416,
                      "Plans": [
                        {
                          "Node Type": "Hash Join",
                          "Parent Relationship": "Outer",
                          "Parallel Aware": true,
                          "Join Type": "Inner",
                          "Startup Cost": 35914.66,
                          "Total Cost": 82293.72,
                          "Plan Rows": 278990,
                          "Plan Width": 8,
                          "Actual Startup Time": 175.287,
                          "Actual Total Time": 478.054,
                          "Actual Rows": 229772,
                          "Actual Loops": 4,
                          "Inner Unique": false,
                          "Hash Cond": "(t.id = mc.movie_id)",
                          "Plans": [
                            {
                              "Node Type": "Seq Scan",
                              "Parent Relationship": "Outer",
                              "Parallel Aware": true,
                              "Relation Name": "title",
                              "Alias": "t",
                              "Startup Cost": 0.0,
                              "Total Cost": 42318.73,
                              "Plan Rows": 632073,
                              "Plan Width": 4,
                              "Actual Startup Time": 0.011,
                              "Actual Total Time": 86.981,
                              "Actual Rows": 632078,
                              "Actual Loops": 4
                            },
                            {
                              "Node Type": "Hash",
                              "Parent Relationship": "Inner",
                              "Parallel Aware": true,
                              "Startup Cost": 31414.82,
                              "Total Cost": 31414.82,
                              "Plan Rows": 359987,
                              "Plan Width": 4,
                              "Actual Startup Time": 171.559,
                              "Actual Total Time": 171.56,
                              "Actual Rows": 229772,
                              "Actual Loops": 4,
                              "Hash Buckets": 2097152,
                              "Original Hash Buckets": 2097152,
                              "Hash Batches": 1,
                              "Original Hash Batches": 1,
                              "Peak Memory Usage": 52416,
                              "Plans": [
                                {
                                  "Node Type": "Seq Scan",
                                  "Parent Relationship": "Outer",
                                  "Parallel Aware": true,
                                  "Relation Name": "movie_companies",
                                  "Alias": "mc",
                                  "Startup Cost": 0.0,
                                  "Total Cost": 31414.82,
                                  "Plan Rows": 359987,
                                  "Plan Width": 4,
                                  "Actual Startup Time": 48.716,
                                  "Actual Total Time": 92.372,
                                  "Actual Rows": 229772,
                                  "Actual Loops": 4,
                                  "Filter": "((company_id < 80472) AND (company_type_id = 2))",
                                  "Rows Removed by Filter": 422510
                                }
                              ]
                            }
                          ]
                        }
                      ]
                    }
                  ]
                }
              ]
            }
          ]
        }
      ]
    },
    "Planning Time": 1.411,
    "Triggers": [],
    "Execution Time": 786.318
  }
]