{
  "Plan": {
    "Node Type": "Aggregate",
    "Strategy": "Plain",
    "Partial Mode": "Finalize",
    "Parallel Aware": false,
    "Startup Cost": 296216.04,
    "Total Cost": 296216.05,
    "Plan Rows": 1,
    "Plan Width": 8,
    "Actual Startup Time": 759.722,
    "Actual Total Time": 785.855,
    "Actual Rows": 1,
    "Actual Loops": 1,
    "Plans": [
      {
        "Node Type": "Gather",
        "Parent Relationship": "Outer",
        "Parallel Aware": false,
        "Startup Cost": 296215.93,
        "Total Cost": 296216.04,
        "Plan Rows": 1,
        "Plan Width": 8,
        "Actual Startup Time": 756.886,
        "Actual Total Time": 785.846,
        "Actual Rows": 2,
        "Actual Loops": 1,
        "Workers Planned": 1,
        "Workers Launched": 1,
        "Single Copy": false,
        "Plans": [
          {
            "Node Type": "Aggregate",
            "Strategy": "Plain",
            "Partial Mode": "Partial",
            "Parent Relationship": "Outer",
            "Parallel Aware": false,
            "Startup Cost": 295215.93,
            "Total Cost": 295215.94,
            "Plan Rows": 1,
            "Plan Width": 8,
            "Actual Startup Time": 751.861,
            "Actual Total Time": 752.934,
            "Actual Rows": 1,
            "Actual Loops": 2,
            "Plans": [
              {
                "Node Type": "Hash Join",
                "Parent Relationship": "Outer",
                "Parallel Aware": true,
                "Join Type": "Inner",
                "Startup Cost": 129711.47,
                "Total Cost": 295164.71,
                "Plan Rows": 20487,
                "Plan Width": 0,
                "Actual Startup Time": 612.185,
                "Actual Total Time": 736.967,
                "Actual Rows": 389802,
                "Actual Loops": 2,
                "Inner Unique": false,
                "Hash Cond": "(mi.movie_id = t.id)",
                "Plans": [
                  {
                    "Node Type": "Bitmap Heap Scan",
                    "Parent Relationship": "Outer",
                    "Parallel Aware": true,
                    "Relation Name": "movie_info",
                    "Alias": "mi",
                    "Startup Cost": 6332.18,
                    "Total Cost": 170894.21,
                    "Plan Rows": 205522,
                    "Plan Width": 4,
                    "Actual Startup Time": 17.029,
                    "Actual Total Time": 76.975,
                    "Actual Rows": 164428,
                    "Actual Loops": 2,
                    "Recheck Cond": "(info_type_id = 98)",
                    "Rows Removed by Index Recheck": 0,
                    "Exact Heap Blocks": 13409,
                    "Lossy Heap Blocks": 0,
                    "Plans": [
                      {
                        "Node Type": "Bitmap Index Scan",
                        "Parent Relationship": "Outer",
                        "Parallel Aware": false,
                        "Index Name": "info_type_id_movie_info",
                        "Startup Cost": 0.0,
                        "Total Cost": 6244.84,
                        "Plan Rows": 349387,
                        "Plan Width": 0,
                        "Actual Startup Time": 13.428,
                        "Actual Total Time": 13.428,
                        "Actual Rows": 328857,
                        "Actual Loops": 1,
                        "Index Cond": "(info_type_id = 98)"
                      }
                    ]
                  },
                  {
                    "Node Type": "Hash",
                    "Parent Relationship": "Inner",
                    "Parallel Aware": true,
                    "Startup Cost": 121526.15,
                    "Total Cost": 121526.15,
                    "Plan Rows": 148251,
                    "Plan Width": 8,
                    "Actual Startup Time": 590.967,
                    "Actual Total Time": 592.037,
                    "Actual Rows": 352556,
                    "Actual Loops": 2,
                    "Hash Buckets": 1048576,
                    "Original Hash Buckets": 262144,
                    "Hash Batches": 1,
                    "Original Hash Batches": 1,
                    "Peak Memory Usage": 41952,
                    "Plans": [
                      {
                        "Node Type": "Hash Join",
                        "Parent Relationship": "Outer",
                        "Parallel Aware": true,
                        "Join Type": "Inner",
                        "Startup Cost": 61633.39,
                        "Total Cost": 121526.15,
                        "Plan Rows": 148251,
                        "Plan Width": 8,
                        "Actual Startup Time": 229.89,
                        "Actual Total Time": 514.809,
                        "Actual Rows": 352556,
                        "Actual Loops": 2,
                        "Inner Unique": true,
                        "Hash Cond": "(mk.movie_id = t.id)",
                        "Plans": [
                          {
                            "Node Type": "Seq Scan",
                            "Parent Relationship": "Outer",
                            "Parallel Aware": true,
                            "Relation Name": "movie_keyword",
                            "Alias": "mk",
                            "Startup Cost": 0.0,
                            "Total Cost": 57718.19,
                            "Plan Rows": 828405,
                            "Plan Width": 4,
                            "Actual Startup Time": 1.333,
                            "Actual Total Time": 178.174,
                            "Actual Rows": 706080,
                            "Actual Loops": 2,
                            "Filter": "(keyword_id > 11837)",
                            "Rows Removed by Filter": 1555885
                          },
                          {
                            "Node Type": "Hash",
                            "Parent Relationship": "Inner",
                            "Parallel Aware": true,
                            "Startup Cost": 58306.47,
                            "Total Cost": 58306.47,
                            "Plan Rows": 266154,
                            "Plan Width": 4,
                            "Actual Startup Time": 225.182,
                            "Actual Total Time": 225.183,
                            "Actual Rows": 273651,
                            "Actual Loops": 2,
                            "Hash Buckets": 1048576,
                            "Original Hash Buckets": 524288,
                            "Hash Batches": 1,
                            "Original Hash Batches": 1,
                            "Peak Memory Usage": 33728,
                            "Plans": [
                              {
                                "Node Type": "Seq Scan",
                                "Parent Relationship": "Outer",
                                "Parallel Aware": true,
                                "Relation Name": "title",
                                "Alias": "t",
                                "Startup Cost": 0.0,
                                "Total Cost": 58306.47,
                                "Plan Rows": 266154,
                                "Plan Width": 4,
                                "Actual Startup Time": 0.042,
                                "Actual Total Time": 154.132,
                                "Actual Rows": 273651,
                                "Actual Loops": 2,
                                "Filter": "((kind_id < 4) AND (production_year < 2005))",
                                "Rows Removed by Filter": 990505
                              }
                            ]
                          }
                        ]
                      }
                    ]
                  }
                ]
              }
            ]
          }
        ]
      }
    ]
  },
  "Planning Time": 0.829,
  "Triggers": [],
  "Execution Time": 785.954
}