[
  {
    "Plan": {
      "Node Type": "Aggregate",
      "Strategy": "Plain",
      "Partial Mode": "Finalize",
      "Parallel Aware": false,
      "Startup Cost": 83349.36,
      "Total Cost": 83349.37,
      "Plan Rows": 1,
      "Plan Width": 8,
      "Actual Startup Time": 218.697,
      "Actual Total Time": 236.222,
      "Actual Rows": 1,
      "Actual Loops": 1,
      "Plans": [
        {
          "Node Type": "Gather",
          "Parent Relationship": "Outer",
          "Parallel Aware": false,
          "Startup Cost": 83349.04,
          "Total Cost": 83349.35,
          "Plan Rows": 3,
          "Plan Width": 8,
          "Actual Startup Time": 217.908,
          "Actual Total Time": 236.212,
          "Actual Rows": 4,
          "Actual Loops": 1,
          "Workers Planned": 3,
          "Workers Launched": 3,
          "Single Copy": false,
          "Plans": [
            {
              "Node Type": "Aggregate",
              "Strategy": "Plain",
              "Partial Mode": "Partial",
              "Parent Relationship": "Outer",
              "Parallel Aware": false,
              "Startup Cost": 82349.04,
              "Total Cost": 82349.05,
              "Plan Rows": 1,
              "Plan Width": 8,
              "Actual Startup Time": 208.517,
              "Actual Total Time": 208.521,
              "Actual Rows": 1,
              "Actual Loops": 4,
              "Plans": [
                {
                  "Node Type": "Hash Join",
                  "Parent Relationship": "Outer",
                  "Parallel Aware": true,
                  "Join Type": "Inner",
                  "Startup Cost": 55678.8,
                  "Total Cost": 82316.97,
                  "Plan Rows": 12828,
                  "Plan Width": 0,
                  "Actual Startup Time": 136.839,
                  "Actual Total Time": 208.382,
                  "Actual Rows": 1735,
                  "Actual Loops": 4,
                  "Inner Unique": true,
                  "Hash Cond": "(mk.movie_id = t.id)",
                  "Plans": [
                    {
                      "Node Type": "Bitmap Heap Scan",
                      "Parent Relationship": "Outer",
                      "Parallel Aware": true,
                      "Relation Name": "movie_keyword",
                      "Alias": "mk",
                      "Startup Cost": 9497.83,
                      "Total Cost": 35756.93,
                      "Plan Rows": 144408,
                      "Plan Width": 4,
                      "Actual Startup Time": 26.559,
                      "Actual Total Time": 81.825,
                      "Actual Rows": 109222,
                      "Actual Loops": 4,
                      "Recheck Cond": "(keyword_id > 40230)",
                      "Rows Removed by Index Recheck": 0,
                      "Exact Heap Blocks": 8154,
                      "Lossy Heap Blocks": 0,
                      "Plans": [
                        {
                          "Node Type": "Bitmap Index Scan",
                          "Parent Relationship": "Outer",
                          "Parallel Aware": false,
                          "Index Name": "keyword_id_movie_keyword",
                          "Startup Cost": 0.0,
                          "Total Cost": 9385.91,
                          "Plan Rows": 447664,
                          "Plan Width": 0,
                          "Actual Startup Time": 22.994,
                          "Actual Total Time": 22.994,
                          "Actual Rows": 436890,
                          "Actual Loops": 1,
                          "Index Cond": "(keyword_id > 40230)"
                        }
                      ]
                    },
                    {
                      "Node Type": "Hash",
                      "Parent Relationship": "Inner",
                      "Parallel Aware": true,
                      "Startup Cost": 45479.1,
                      "Total Cost": 45479.1,
                      "Plan Rows": 56150,
                      "Plan Width": 4,
                      "Actual Startup Time": 107.682,
                      "Actual Total Time": 107.683,
                      "Actual Rows": 32389,
                      "Actual Loops": 4,
                      "Hash Buckets": 262144,
                      "Original Hash Buckets": 262144,
                      "Hash Batches": 1,
                      "Original Hash Batches": 1,
                      "Peak Memory Usage": 7168,
                      "Plans": [
                        {
                          "Node Type": "Seq Scan",
                          "Parent Relationship": "Outer",
                          "Parallel Aware": true,
                          "Relation Name": "title",
                          "Alias": "t",
                          "Startup Cost": 0.0,
                          "Total Cost": 45479.1,
                          "Plan Rows": 56150,
                          "Plan Width": 4,
                          "Actual Startup Time": 0.046,
                          "Actual Total Time": 94.455,
                          "Actual Rows": 32389,
                          "Actual Loops": 4,
                          "Filter": "((production_year < 1971) AND (kind_id = 7))",
                          "Rows Removed by Filter": 599689
                        }
                      ]
                    }
                  ]
                }
              ]
            }
          ]
        }
      ]
    },
    "Planning Time": 0.682,
    "Triggers": [],
    "Execution Time": 236.312
  }
]