[
  {
    "Plan": {
      "Node Type": "Aggregate",
      "Strategy": "Plain",
      "Partial Mode": "Finalize",
      "Parallel Aware": false,
      "Startup Cost": 45717.04,
      "Total Cost": 45717.05,
      "Plan Rows": 1,
      "Plan Width": 8,
      "Actual Startup Time": 155.639,
      "Actual Total Time": 165.587,
      "Actual Rows": 1,
      "Actual Loops": 1,
      "Plans": [
        {
          "Node Type": "Gather",
          "Parent Relationship": "Outer",
          "Parallel Aware": false,
          "Startup Cost": 45716.72,
          "Total Cost": 45717.03,
          "Plan Rows": 3,
          "Plan Width": 8,
          "Actual Startup Time": 155.511,
          "Actual Total Time": 165.576,
          "Actual Rows": 4,
          "Actual Loops": 1,
          "Workers Planned": 3,
          "Workers Launched": 3,
          "Single Copy": false,
          "Plans": [
            {
              "Node Type": "Aggregate",
              "Strategy": "Plain",
              "Partial Mode": "Partial",
              "Parent Relationship": "Outer",
              "Parallel Aware": false,
              "Startup Cost": 44716.72,
              "Total Cost": 44716.73,
              "Plan Rows": 1,
              "Plan Width": 8,
              "Actual Startup Time": 148.103,
              "Actual Total Time": 148.104,
              "Actual Rows": 1,
              "Actual Loops": 4,
              "Plans": [
                {
                  "Node Type": "Seq Scan",
                  "Parent Relationship": "Outer",
                  "Parallel Aware": true,
                  "Relation Name": "movie_keyword",
                  "Alias": "mk",
                  "Startup Cost": 0.0,
                  "Total Cost": 42695.65,
                  "Plan Rows": 808428,
                  "Plan Width": 0,
                  "Actual Startup Time": 0.588,
                  "Actual Total Time": 119.443,
                  "Actual Rows": 625112,
                  "Actual Loops": 4,
                  "Filter": "(keyword_id > 3624)",
                  "Rows Removed by Filter": 505871
                }
              ]
            }
          ]
        }
      ]
    },
    "Planning Time": 0.185,
    "Triggers": [],
    "Execution Time": 165.683
  }
]