[
  {
    "Plan": {
      "Node Type": "Aggregate",
      "Strategy": "Plain",
      "Partial Mode": "Finalize",
      "Parallel Aware": false,
      "Startup Cost": 55786.86,
      "Total Cost": 55786.87,
      "Plan Rows": 1,
      "Plan Width": 8,
      "Actual Startup Time": 137.324,
      "Actual Total Time": 155.655,
      "Actual Rows": 1,
      "Actual Loops": 1,
      "Plans": [
        {
          "Node Type": "Gather",
          "Parent Relationship": "Outer",
          "Parallel Aware": false,
          "Startup Cost": 55786.54,
          "Total Cost": 55786.85,
          "Plan Rows": 3,
          "Plan Width": 8,
          "Actual Startup Time": 137.123,
          "Actual Total Time": 155.649,
          "Actual Rows": 4,
          "Actual Loops": 1,
          "Workers Planned": 3,
          "Workers Launched": 3,
          "Single Copy": false,
          "Plans": [
            {
              "Node Type": "Aggregate",
              "Strategy": "Plain",
              "Partial Mode": "Partial",
              "Parent Relationship": "Outer",
              "Parallel Aware": false,
              "Startup Cost": 54786.54,
              "Total Cost": 54786.55,
              "Plan Rows": 1,
              "Plan Width": 8,
              "Actual Startup Time": 131.306,
              "Actual Total Time": 131.309,
              "Actual Rows": 1,
              "Actual Loops": 4,
              "Plans": [
                {
                  "Node Type": "Hash Join",
                  "Parent Relationship": "Outer",
                  "Parallel Aware": true,
                  "Join Type": "Inner",
                  "Startup Cost": 45498.03,
                  "Total Cost": 54786.12,
                  "Plan Rows": 170,
                  "Plan Width": 0,
                  "Actual Startup Time": 102.314,
                  "Actual Total Time": 131.28,
                  "Actual Rows": 181,
                  "Actual Loops": 4,
                  "Inner Unique": true,
                  "Hash Cond": "(ci.movie_id = t.id)",
                  "Plans": [
                    {
                      "Node Type": "Index Scan",
                      "Parent Relationship": "Outer",
                      "Parallel Aware": true,
                      "Scan Direction": "Forward",
                      "Index Name": "role_id_cast_info",
                      "Relation Name": "cast_info",
                      "Alias": "ci",
                      "Startup Cost": 0.56,
                      "Total Cost": 9091.72,
                      "Plan Rows": 75021,
                      "Plan Width": 4,
                      "Actual Startup Time": 0.112,
                      "Actual Total Time": 20.858,
                      "Actual Rows": 69342,
                      "Actual Loops": 4,
                      "Index Cond": "(role_id = 11)",
                      "Rows Removed by Index Recheck": 0,
                      "Filter": "(person_id > 943623)",
                      "Rows Removed by Filter": 9687
                    },
                    {
                      "Node Type": "Hash",
                      "Parent Relationship": "Inner",
                      "Parallel Aware": true,
                      "Startup Cost": 45479.59,
                      "Total Cost": 45479.59,
                      "Plan Rows": 1430,
                      "Plan Width": 4,
                      "Actual Startup Time": 101.536,
                      "Actual Total Time": 101.537,
                      "Actual Rows": 1550,
                      "Actual Loops": 4,
                      "Hash Buckets": 8192,
                      "Original Hash Buckets": 8192,
                      "Hash Batches": 1,
                      "Original Hash Batches": 1,
                      "Peak Memory Usage": 384,
                      "Plans": [
                        {
                          "Node Type": "Seq Scan",
                          "Parent Relationship": "Outer",
                          "Parallel Aware": true,
                          "Relation Name": "title",
                          "Alias": "t",
                          "Startup Cost": 0.0,
                          "Total Cost": 45479.59,
                          "Plan Rows": 1430,
                          "Plan Width": 4,
                          "Actual Startup Time": 1.438,
                          "Actual Total Time": 100.572,
                          "Actual Rows": 1550,
                          "Actual Loops": 4,
                          "Filter": "((kind_id < 7) AND (production_year = 1976))",
                          "Rows Removed by Filter": 630528
                        }
                      ]
                    }
                  ]
                }
              ]
            }
          ]
        }
      ]
    },
    "Planning Time": 0.32,
    "Triggers": [],
    "Execution Time": 155.701
  }
]