[
  {
    "Plan": {
      "Node Type": "Aggregate",
      "Strategy": "Plain",
      "Partial Mode": "Finalize",
      "Parallel Aware": false,
      "Startup Cost": 78698.39,
      "Total Cost": 78698.4,
      "Plan Rows": 1,
      "Plan Width": 8,
      "Actual Startup Time": 220.149,
      "Actual Total Time": 236.311,
      "Actual Rows": 1,
      "Actual Loops": 1,
      "Plans": [
        {
          "Node Type": "Gather",
          "Parent Relationship": "Outer",
          "Parallel Aware": false,
          "Startup Cost": 78697.97,
          "Total Cost": 78698.38,
          "Plan Rows": 4,
          "Plan Width": 8,
          "Actual Startup Time": 218.096,
          "Actual Total Time": 236.302,
          "Actual Rows": 5,
          "Actual Loops": 1,
          "Workers Planned": 4,
          "Workers Launched": 4,
          "Single Copy": false,
          "Plans": [
            {
              "Node Type": "Aggregate",
              "Strategy": "Plain",
              "Partial Mode": "Partial",
              "Parent Relationship": "Outer",
              "Parallel Aware": false,
              "Startup Cost": 77697.97,
              "Total Cost": 77697.98,
              "Plan Rows": 1,
              "Plan Width": 8,
              "Actual Startup Time": 208.402,
              "Actual Total Time": 208.407,
              "Actual Rows": 1,
              "Actual Loops": 5,
              "Plans": [
                {
                  "Node Type": "Hash Join",
                  "Parent Relationship": "Outer",
                  "Parallel Aware": true,
                  "Join Type": "Inner",
                  "Startup Cost": 32837.49,
                  "Total Cost": 77640.12,
                  "Plan Rows": 23139,
                  "Plan Width": 0,
                  "Actual Startup Time": 142.075,
                  "Actual Total Time": 207.512,
                  "Actual Rows": 19196,
                  "Actual Loops": 5,
                  "Inner Unique": false,
                  "Hash Cond": "(t.id = mc.movie_id)",
                  "Plans": [
                    {
                      "Node Type": "Seq Scan",
                      "Parent Relationship": "Outer",
                      "Parallel Aware": true,
                      "Relation Name": "title",
                      "Alias": "t",
                      "Startup Cost": 0.0,
                      "Total Cost": 43898.92,
                      "Plan Rows": 165814,
                      "Plan Width": 4,
                      "Actual Startup Time": 29.203,
                      "Actual Total Time": 68.065,
                      "Actual Rows": 132565,
                      "Actual Loops": 5,
                      "Filter": "(kind_id = 1)",
                      "Rows Removed by Filter": 373097
                    },
                    {
                      "Node Type": "Hash",
                      "Parent Relationship": "Inner",
                      "Parallel Aware": true,
                      "Startup Cost": 31414.82,
                      "Total Cost": 31414.82,
                      "Plan Rows": 113814,
                      "Plan Width": 4,
                      "Actual Startup Time": 101.239,
                      "Actual Total Time": 101.24,
                      "Actual Rows": 101172,
                      "Actual Loops": 5,
                      "Hash Buckets": 524288,
                      "Original Hash Buckets": 524288,
                      "Hash Batches": 1,
                      "Original Hash Batches": 1,
                      "Peak Memory Usage": 24000,
                      "Plans": [
                        {
                          "Node Type": "Seq Scan",
                          "Parent Relationship": "Outer",
                          "Parallel Aware": true,
                          "Relation Name": "movie_companies",
                          "Alias": "mc",
                          "Startup Cost": 0.0,
                          "Total Cost": 31414.82,
                          "Plan Rows": 113814,
                          "Plan Width": 4,
                          "Actual Startup Time": 0.052,
                          "Actual Total Time": 62.978,
                          "Actual Rows": 101172,
                          "Actual Loops": 5,
                          "Filter": "((company_id < 1376) AND (company_type_id = 1))",
                          "Rows Removed by Filter": 420654
                        }
                      ]
                    }
                  ]
                }
              ]
            }
          ]
        }
      ]
    },
    "Planning Time": 0.696,
    "Triggers": [],
    "Execution Time": 236.425
  }
]