{
  "Plan": {
    "Node Type": "Aggregate",
    "Strategy": "Plain",
    "Partial Mode": "Simple",
    "Parallel Aware": false,
    "Startup Cost": 7637.46,
    "Total Cost": 7637.47,
    "Plan Rows": 1,
    "Plan Width": 96,
    "Actual Startup Time": 434.871,
    "Actual Total Time": 434.881,
    "Actual Rows": 1,
    "Actual Loops": 1,
    "Plans": [
      {
        "Node Type": "Nested Loop",
        "Parent Relationship": "Outer",
        "Parallel Aware": false,
        "Join Type": "Inner",
        "Startup Cost": 15.79,
        "Total Cost": 7637.45,
        "Plan Rows": 1,
        "Plan Width": 39,
        "Actual Startup Time": 21.415,
        "Actual Total Time": 434.754,
        "Actual Rows": 443,
        "Actual Loops": 1,
        "Inner Unique": true,
        "Plans": [
          {
            "Node Type": "Nested Loop",
            "Parent Relationship": "Outer",
            "Parallel Aware": false,
            "Join Type": "Inner",
            "Startup Cost": 15.36,
            "Total Cost": 7637.0,
            "Plan Rows": 1,
            "Plan Width": 27,
            "Actual Startup Time": 21.352,
            "Actual Total Time": 414.824,
            "Actual Rows": 13239,
            "Actual Loops": 1,
            "Inner Unique": true,
            "Plans": [
              {
                "Node Type": "Hash Join",
                "Parent Relationship": "Outer",
                "Parallel Aware": false,
                "Join Type": "Inner",
                "Startup Cost": 15.22,
                "Total Cost": 7636.65,
                "Plan Rows": 2,
                "Plan Width": 31,
                "Actual Startup Time": 6.054,
                "Actual Total Time": 381.927,
                "Actual Rows": 36906,
                "Actual Loops": 1,
                "Inner Unique": true,
                "Hash Cond": "(cc.status_id = cct2.id)",
                "Plans": [
                  {
                    "Node Type": "Hash Join",
                    "Parent Relationship": "Outer",
                    "Parallel Aware": false,
                    "Join Type": "Inner",
                    "Startup Cost": 14.15,
                    "Total Cost": 7635.55,
                    "Plan Rows": 7,
                    "Plan Width": 35,
                    "Actual Startup Time": 6.01,
                    "Actual Total Time": 375.187,
                    "Actual Rows": 36906,
                    "Actual Loops": 1,
                    "Inner Unique": true,
                    "Hash Cond": "(cc.subject_id = cct1.id)",
                    "Plans": [
                      {
                        "Node Type": "Nested Loop",
                        "Parent Relationship": "Outer",
                        "Parallel Aware": false,
                        "Join Type": "Inner",
                        "Startup Cost": 13.09,
                        "Total Cost": 7634.33,
                        "Plan Rows": 29,
                        "Plan Width": 39,
                        "Actual Startup Time": 5.981,
                        "Actual Total Time": 367.641,
                        "Actual Rows": 49418,
                        "Actual Loops": 1,
                        "Inner Unique": true,
                        "Plans": [
                          {
                            "Node Type": "Nested Loop",
                            "Parent Relationship": "Outer",
                            "Parallel Aware": false,
                            "Join Type": "Inner",
                            "Startup Cost": 12.66,
                            "Total Cost": 7621.13,
                            "Plan Rows": 29,
                            "Plan Width": 43,
                            "Actual Startup Time": 5.957,
                            "Actual Total Time": 212.455,
                            "Actual Rows": 49418,
                            "Actual Loops": 1,
                            "Inner Unique": false,
                            "Plans": [
                              {
                                "Node Type": "Nested Loop",
                                "Parent Relationship": "Outer",
                                "Parallel Aware": false,
                                "Join Type": "Inner",
                                "Startup Cost": 12.1,
                                "Total Cost": 7617.45,
                                "Plan Rows": 2,
                                "Plan Width": 51,
                                "Actual Startup Time": 5.924,
                                "Actual Total Time": 153.489,
                                "Actual Rows": 287,
                                "Actual Loops": 1,
                                "Inner Unique": false,
                                "Join Filter": "(t.kind_id = kt.id)",
                                "Rows Removed by Join Filter": 208,
                                "Plans": [
                                  {
                                    "Node Type": "Seq Scan",
                                    "Parent Relationship": "Outer",
                                    "Parallel Aware": false,
                                    "Relation Name": "kind_type",
                                    "Alias": "kt",
                                    "Startup Cost": 0.0,
                                    "Total Cost": 1.09,
                                    "Plan Rows": 1,
                                    "Plan Width": 4,
                                    "Actual Startup Time": 0.01,
                                    "Actual Total Time": 0.013,
                                    "Actual Rows": 1,
                                    "Actual Loops": 1,
                                    "Filter": "((kind)::text = 'movie'::text)",
                                    "Rows Removed by Filter": 6
                                  },
                                  {
                                    "Node Type": "Nested Loop",
                                    "Parent Relationship": "Inner",
                                    "Parallel Aware": false,
                                    "Join Type": "Inner",
                                    "Startup Cost": 12.1,
                                    "Total Cost": 7616.21,
                                    "Plan Rows": 12,
                                    "Plan Width": 55,
                                    "Actual Startup Time": 2.447,
                                    "Actual Total Time": 153.347,
                                    "Actual Rows": 495,
                                    "Actual Loops": 1,
                                    "Inner Unique": true,
                                    "Plans": [
                                      {
                                        "Node Type": "Nested Loop",
                                        "Parent Relationship": "Outer",
                                        "Parallel Aware": false,
                                        "Join Type": "Inner",
                                        "Startup Cost": 11.67,
                                        "Total Cost": 7605.93,
                                        "Plan Rows": 21,
                                        "Plan Width": 30,
                                        "Actual Startup Time": 2.382,
                                        "Actual Total Time": 146.065,
                                        "Actual Rows": 2082,
                                        "Actual Loops": 1,
                                        "Inner Unique": false,
                                        "Plans": [
                                          {
                                            "Node Type": "Nested Loop",
                                            "Parent Relationship": "Outer",
                                            "Parallel Aware": false,
                                            "Join Type": "Inner",
                                            "Startup Cost": 11.24,
                                            "Total Cost": 7512.08,
                                            "Plan Rows": 184,
                                            "Plan Width": 16,
                                            "Actual Startup Time": 2.235,
                                            "Actual Total Time": 98.594,
                                            "Actual Rows": 16869,
                                            "Actual Loops": 1,
                                            "Inner Unique": false,
                                            "Plans": [
                                              {
                                                "Node Type": "Nested Loop",
                                                "Parent Relationship": "Outer",
                                                "Parallel Aware": false,
                                                "Join Type": "Inner",
                                                "Startup Cost": 10.82,
                                                "Total Cost": 7447.81,
                                                "Plan Rows": 135,
                                                "Plan Width": 4,
                                                "Actual Startup Time": 2.124,
                                                "Actual Total Time": 53.271,
                                                "Actual Rows": 30060,
                                                "Actual Loops": 1,
                                                "Inner Unique": false,
                                                "Plans": [
                                                  {
                                                    "Node Type": "Seq Scan",
                                                    "Parent Relationship": "Outer",
                                                    "Parallel Aware": false,
                                                    "Relation Name": "keyword",
                                                    "Alias": "k",
                                                    "Startup Cost": 0.0,
                                                    "Total Cost": 2961.55,
                                                    "Plan Rows": 4,
                                                    "Plan Width": 4,
                                                    "Actual Startup Time": 0.038,
                                                    "Actual Total Time": 13.427,
                                                    "Actual Rows": 4,
                                                    "Actual Loops": 1,
                                                    "Filter": "(keyword = ANY ('{fight,second-part,murder,hero}'::text[]))",
                                                    "Rows Removed by Filter": 134166
                                                  },
                                                  {
                                                    "Node Type": "Bitmap Heap Scan",
                                                    "Parent Relationship": "Inner",
                                                    "Parallel Aware": false,
                                                    "Relation Name": "movie_keyword",
                                                    "Alias": "mk",
                                                    "Startup Cost": 10.82,
                                                    "Total Cost": 1118.49,
                                                    "Plan Rows": 308,
                                                    "Plan Width": 8,
                                                    "Actual Startup Time": 1.527,
                                                    "Actual Total Time": 9.296,
                                                    "Actual Rows": 7515,
                                                    "Actual Loops": 4,
                                                    "Recheck Cond": "(keyword_id = k.id)",
                                                    "Rows Removed by Index Recheck": 0,
                                                    "Exact Heap Blocks": 21240,
                                                    "Lossy Heap Blocks": 0,
                                                    "Plans": [
                                                      {
                                                        "Node Type": "Bitmap Index Scan",
                                                        "Parent Relationship": "Outer",
                                                        "Parallel Aware": false,
                                                        "Index Name": "keyword_id_movie_keyword",
                                                        "Startup Cost": 0.0,
                                                        "Total Cost": 10.74,
                                                        "Plan Rows": 308,
                                                        "Plan Width": 0,
                                                        "Actual Startup Time": 0.777,
                                                        "Actual Total Time": 0.778,
                                                        "Actual Rows": 7515,
                                                        "Actual Loops": 4,
                                                        "Index Cond": "(keyword_id = k.id)"
                                                      }
                                                    ]
                                                  }
                                                ]
                                              },
                                              {
                                                "Node Type": "Index Scan",
                                                "Parent Relationship": "Inner",
                                                "Parallel Aware": false,
                                                "Scan Direction": "Forward",
                                                "Index Name": "movie_id_complete_cast",
                                                "Relation Name": "complete_cast",
                                                "Alias": "cc",
                                                "Startup Cost": 0.42,
                                                "Total Cost": 0.46,
                                                "Plan Rows": 2,
                                                "Plan Width": 12,
                                                "Actual Startup Time": 0.001,
                                                "Actual Total Time": 0.001,
                                                "Actual Rows": 1,
                                                "Actual Loops": 30060,
                                                "Index Cond": "(movie_id = mk.movie_id)",
                                                "Rows Removed by Index Recheck": 0
                                              }
                                            ]
                                          },
                                          {
                                            "Node Type": "Index Scan",
                                            "Parent Relationship": "Inner",
                                            "Parallel Aware": false,
                                            "Scan Direction": "Forward",
                                            "Index Name": "movie_id_movie_info_idx",
                                            "Relation Name": "movie_info_idx",
                                            "Alias": "mi_idx",
                                            "Startup Cost": 0.43,
                                            "Total Cost": 0.5,
                                            "Plan Rows": 1,
                                            "Plan Width": 14,
                                            "Actual Startup Time": 0.003,
                                            "Actual Total Time": 0.003,
                                            "Actual Rows": 0,
                                            "Actual Loops": 16869,
                                            "Index Cond": "(movie_id = mk.movie_id)",
                                            "Rows Removed by Index Recheck": 0,
                                            "Filter": "(info > '8.0'::text)",
                                            "Rows Removed by Filter": 3
                                          }
                                        ]
                                      },
                                      {
                                        "Node Type": "Index Scan",
                                        "Parent Relationship": "Inner",
                                        "Parallel Aware": false,
                                        "Scan Direction": "Forward",
                                        "Index Name": "title_pkey",
                                        "Relation Name": "title",
                                        "Alias": "t",
                                        "Startup Cost": 0.43,
                                        "Total Cost": 0.49,
                                        "Plan Rows": 1,
                                        "Plan Width": 25,
                                        "Actual Startup Time": 0.003,
                                        "Actual Total Time": 0.003,
                                        "Actual Rows": 0,
                                        "Actual Loops": 2082,
                                        "Index Cond": "(id = mk.movie_id)",
                                        "Rows Removed by Index Recheck": 0,
                                        "Filter": "(production_year > 1998)",
                                        "Rows Removed by Filter": 1
                                      }
                                    ]
                                  }
                                ]
                              },
                              {
                                "Node Type": "Index Scan",
                                "Parent Relationship": "Inner",
                                "Parallel Aware": false,
                                "Scan Direction": "Forward",
                                "Index Name": "movie_id_cast_info",
                                "Relation Name": "cast_info",
                                "Alias": "ci",
                                "Startup Cost": 0.56,
                                "Total Cost": 1.5,
                                "Plan Rows": 34,
                                "Plan Width": 12,
                                "Actual Startup Time": 0.008,
                                "Actual Total Time": 0.186,
                                "Actual Rows": 172,
                                "Actual Loops": 287,
                                "Index Cond": "(movie_id = mk.movie_id)",
                                "Rows Removed by Index Recheck": 0
                              }
                            ]
                          },
                          {
                            "Node Type": "Index Only Scan",
                            "Parent Relationship": "Inner",
                            "Parallel Aware": false,
                            "Scan Direction": "Forward",
                            "Index Name": "name_pkey",
                            "Relation Name": "name",
                            "Alias": "n",
                            "Startup Cost": 0.43,
                            "Total Cost": 0.46,
                            "Plan Rows": 1,
                            "Plan Width": 4,
                            "Actual Startup Time": 0.003,
                            "Actual Total Time": 0.003,
                            "Actual Rows": 1,
                            "Actual Loops": 49418,
                            "Index Cond": "(id = ci.person_id)",
                            "Rows Removed by Index Recheck": 0,
                            "Heap Fetches": 49418
                          }
                        ]
                      },
                      {
                        "Node Type": "Hash",
                        "Parent Relationship": "Inner",
                        "Parallel Aware": false,
                        "Startup Cost": 1.05,
                        "Total Cost": 1.05,
                        "Plan Rows": 1,
                        "Plan Width": 4,
                        "Actual Startup Time": 0.017,
                        "Actual Total Time": 0.018,
                        "Actual Rows": 1,
                        "Actual Loops": 1,
                        "Hash Buckets": 1024,
                        "Original Hash Buckets": 1024,
                        "Hash Batches": 1,
                        "Original Hash Batches": 1,
                        "Peak Memory Usage": 9,
                        "Plans": [
                          {
                            "Node Type": "Seq Scan",
                            "Parent Relationship": "Outer",
                            "Parallel Aware": false,
                            "Relation Name": "comp_cast_type",
                            "Alias": "cct1",
                            "Startup Cost": 0.0,
                            "Total Cost": 1.05,
                            "Plan Rows": 1,
                            "Plan Width": 4,
                            "Actual Startup Time": 0.012,
                            "Actual Total Time": 0.014,
                            "Actual Rows": 1,
                            "Actual Loops": 1,
                            "Filter": "((kind)::text = 'cast'::text)",
                            "Rows Removed by Filter": 3
                          }
                        ]
                      }
                    ]
                  },
                  {
                    "Node Type": "Hash",
                    "Parent Relationship": "Inner",
                    "Parallel Aware": false,
                    "Startup Cost": 1.05,
                    "Total Cost": 1.05,
                    "Plan Rows": 1,
                    "Plan Width": 4,
                    "Actual Startup Time": 0.032,
                    "Actual Total Time": 0.033,
                    "Actual Rows": 2,
                    "Actual Loops": 1,
                    "Hash Buckets": 1024,
                    "Original Hash Buckets": 1024,
                    "Hash Batches": 1,
                    "Original Hash Batches": 1,
                    "Peak Memory Usage": 9,
                    "Plans": [
                      {
                        "Node Type": "Seq Scan",
                        "Parent Relationship": "Outer",
                        "Parallel Aware": false,
                        "Relation Name": "comp_cast_type",
                        "Alias": "cct2",
                        "Startup Cost": 0.0,
                        "Total Cost": 1.05,
                        "Plan Rows": 1,
                        "Plan Width": 4,
                        "Actual Startup Time": 0.021,
                        "Actual Total Time": 0.024,
                        "Actual Rows": 2,
                        "Actual Loops": 1,
                        "Filter": "((kind)::text ~~ '%complete%'::text)",
                        "Rows Removed by Filter": 2
                      }
                    ]
                  }
                ]
              },
              {
                "Node Type": "Index Scan",
                "Parent Relationship": "Inner",
                "Parallel Aware": false,
                "Scan Direction": "Forward",
                "Index Name": "info_type_pkey",
                "Relation Name": "info_type",
                "Alias": "it2",
                "Startup Cost": 0.14,
                "Total Cost": 0.16,
                "Plan Rows": 1,
                "Plan Width": 4,
                "Actual Startup Time": 0.001,
                "Actual Total Time": 0.001,
                "Actual Rows": 0,
                "Actual Loops": 36906,
                "Index Cond": "(id = mi_idx.info_type_id)",
                "Rows Removed by Index Recheck": 0,
                "Filter": "((info)::text = 'rating'::text)",
                "Rows Removed by Filter": 1
              }
            ]
          },
          {
            "Node Type": "Index Scan",
            "Parent Relationship": "Inner",
            "Parallel Aware": false,
            "Scan Direction": "Forward",
            "Index Name": "char_name_pkey",
            "Relation Name": "char_name",
            "Alias": "chn",
            "Startup Cost": 0.43,
            "Total Cost": 0.46,
            "Plan Rows": 1,
            "Plan Width": 20,
            "Actual Startup Time": 0.001,
            "Actual Total Time": 0.001,
            "Actual Rows": 0,
            "Actual Loops": 13239,
            "Index Cond": "(id = ci.person_role_id)",
            "Rows Removed by Index Recheck": 0,
            "Filter": "((name IS NOT NULL) AND ((name ~~ '%man%'::text) OR (name ~~ '%Man%'::text)))",
            "Rows Removed by Filter": 0
          }
        ]
      }
    ]
  },
  "Planning Time": 3.749,
  "Triggers": [],
  "Execution Time": 435.093
}