[
  {
    "Plan": {
      "Node Type": "Hash Join",
      "Parallel Aware": false,
      "Join Type": "Inner",
      "Startup Cost": 8282.43,
      "Total Cost": 62453.13,
      "Plan Rows": 1053921,
      "Plan Width": 40,
      "Actual Startup Time": 123.586,
      "Actual Total Time": 746.608,
      "Actual Rows": 1043520,
      "Actual Loops": 1,
      "Inner Unique": true,
      "Hash Cond": "(mc.company_id = cn.id)",
      "Plans": [
        {
          "Node Type": "Seq Scan",
          "Parent Relationship": "Outer",
          "Parallel Aware": false,
          "Relation Name": "movie_companies",
          "Alias": "mc",
          "Startup Cost": 0.0,
          "Total Cost": 51404.11,
          "Plan Rows": 1053921,
          "Plan Width": 40,
          "Actual Startup Time": 0.025,
          "Actual Total Time": 340.922,
          "Actual Rows": 1043520,
          "Actual Loops": 1,
          "Filter": "(company_id < 6029)",
          "Rows Removed by Filter": 1565609
        },
        {
          "Node Type": "Hash",
          "Parent Relationship": "Inner",
          "Parallel Aware": false,
          "Startup Cost": 5344.97,
          "Total Cost": 5344.97,
          "Plan Rows": 234997,
          "Plan Width": 4,
          "Actual Startup Time": 120.157,
          "Actual Total Time": 120.158,
          "Actual Rows": 234997,
          "Actual Loops": 1,
          "Hash Buckets": 262144,
          "Original Hash Buckets": 262144,
          "Hash Batches": 1,
          "Original Hash Batches": 1,
          "Peak Memory Usage": 10310,
          "Plans": [
            {
              "Node Type": "Seq Scan",
              "Parent Relationship": "Outer",
              "Parallel Aware": false,
              "Relation Name": "company_name",
              "Alias": "cn",
              "Startup Cost": 0.0,
              "Total Cost": 5344.97,
              "Plan Rows": 234997,
              "Plan Width": 4,
              "Actual Startup Time": 0.072,
              "Actual Total Time": 56.2,
              "Actual Rows": 234997,
              "Actual Loops": 1
            }
          ]
        }
      ]
    },
    "Planning Time": 3.617,
    "Triggers": [],
    "Execution Time": 795.813
  }
]