[
  {
    "Plan": {
      "Node Type": "Aggregate",
      "Strategy": "Plain",
      "Partial Mode": "Finalize",
      "Parallel Aware": false,
      "Startup Cost": 630179.57,
      "Total Cost": 630179.58,
      "Plan Rows": 1,
      "Plan Width": 8,
      "Actual Startup Time": 4447.298,
      "Actual Total Time": 4518.5,
      "Actual Rows": 1,
      "Actual Loops": 1,
      "Plans": [
        {
          "Node Type": "Gather",
          "Parent Relationship": "Outer",
          "Parallel Aware": false,
          "Startup Cost": 630179.05,
          "Total Cost": 630179.56,
          "Plan Rows": 5,
          "Plan Width": 8,
          "Actual Startup Time": 4412.417,
          "Actual Total Time": 4518.492,
          "Actual Rows": 6,
          "Actual Loops": 1,
          "Workers Planned": 5,
          "Workers Launched": 5,
          "Single Copy": false,
          "Plans": [
            {
              "Node Type": "Aggregate",
              "Strategy": "Plain",
              "Partial Mode": "Partial",
              "Parent Relationship": "Outer",
              "Parallel Aware": false,
              "Startup Cost": 629179.05,
              "Total Cost": 629179.06,
              "Plan Rows": 1,
              "Plan Width": 8,
              "Actual Startup Time": 4388.747,
              "Actual Total Time": 4388.752,
              "Actual Rows": 1,
              "Actual Loops": 6,
              "Plans": [
                {
                  "Node Type": "Hash Join",
                  "Parent Relationship": "Outer",
                  "Parallel Aware": true,
                  "Join Type": "Inner",
                  "Startup Cost": 398443.35,
                  "Total Cost": 614324.37,
                  "Plan Rows": 5941869,
                  "Plan Width": 0,
                  "Actual Startup Time": 1844.255,
                  "Actual Total Time": 3862.984,
                  "Actual Rows": 13383845,
                  "Actual Loops": 6,
                  "Inner Unique": false,
                  "Hash Cond": "(mi.movie_id = t.id)",
                  "Plans": [
                    {
                      "Node Type": "Seq Scan",
                      "Parent Relationship": "Outer",
                      "Parallel Aware": true,
                      "Relation Name": "movie_info",
                      "Alias": "mi",
                      "Startup Cost": 0.0,
                      "Total Cost": 198880.74,
                      "Plan Rows": 1892579,
                      "Plan Width": 4,
                      "Actual Startup Time": 13.723,
                      "Actual Total Time": 281.527,
                      "Actual Rows": 1570867,
                      "Actual Loops": 6,
                      "Filter": "(info_type_id > 5)",
                      "Rows Removed by Filter": 901753
                    },
                    {
                      "Node Type": "Hash",
                      "Parent Relationship": "Inner",
                      "Parallel Aware": true,
                      "Startup Cost": 381906.23,
                      "Total Cost": 381906.23,
                      "Plan Rows": 1322970,
                      "Plan Width": 8,
                      "Actual Startup Time": 1821.432,
                      "Actual Total Time": 1821.435,
                      "Actual Rows": 1354938,
                      "Actual Loops": 6,
                      "Hash Buckets": 8388608,
                      "Original Hash Buckets": 8388608,
                      "Hash Batches": 1,
                      "Original Hash Batches": 1,
                      "Peak Memory Usage": 383680,
                      "Plans": [
                        {
                          "Node Type": "Hash Join",
                          "Parent Relationship": "Outer",
                          "Parallel Aware": true,
                          "Join Type": "Inner",
                          "Startup Cost": 50219.81,
                          "Total Cost": 381906.23,
                          "Plan Rows": 1322970,
                          "Plan Width": 8,
                          "Actual Startup Time": 234.547,
                          "Actual Total Time": 1330.566,
                          "Actual Rows": 1354938,
                          "Actual Loops": 6,
                          "Inner Unique": true,
                          "Hash Cond": "(ci.movie_id = t.id)",
                          "Plans": [
                            {
                              "Node Type": "Seq Scan",
                              "Parent Relationship": "Outer",
                              "Parallel Aware": true,
                              "Relation Name": "cast_info",
                              "Alias": "ci",
                              "Startup Cost": 0.0,
                              "Total Cost": 328213.62,
                              "Plan Rows": 1322970,
                              "Plan Width": 4,
                              "Actual Startup Time": 0.021,
                              "Actual Total Time": 524.285,
                              "Actual Rows": 1354938,
                              "Actual Loops": 6,
                              "Filter": "(person_id < 795024)",
                              "Rows Removed by Filter": 4685786
                            },
                            {
                              "Node Type": "Hash",
                              "Parent Relationship": "Inner",
                              "Parallel Aware": true,
                              "Startup Cost": 42318.81,
                              "Total Cost": 42318.81,
                              "Plan Rows": 632080,
                              "Plan Width": 4,
                              "Actual Startup Time": 230.452,
                              "Actual Total Time": 230.453,
                              "Actual Rows": 421385,
                              "Actual Loops": 6,
                              "Hash Buckets": 4194304,
                              "Original Hash Buckets": 4194304,
                              "Hash Batches": 1,
                              "Original Hash Batches": 1,
                              "Peak Memory Usage": 131776,
                              "Plans": [
                                {
                                  "Node Type": "Seq Scan",
                                  "Parent Relationship": "Outer",
                                  "Parallel Aware": true,
                                  "Relation Name": "title",
                                  "Alias": "t",
                                  "Startup Cost": 0.0,
                                  "Total Cost": 42318.81,
                                  "Plan Rows": 632080,
                                  "Plan Width": 4,
                                  "Actual Startup Time": 0.05,
                                  "Actual Total Time": 64.561,
                                  "Actual Rows": 421385,
                                  "Actual Loops": 6
                                }
                              ]
                            }
                          ]
                        }
                      ]
                    }
                  ]
                }
              ]
            }
          ]
        }
      ]
    },
    "Planning Time": 0.497,
    "Triggers": [],
    "Execution Time": 4518.54
  }
]