{
    "Plan": {
        "Node Type": "Aggregate",
        "Strategy": "Plain",
        "Partial Mode": "Simple",
        "Parallel Aware": false,
        "Startup Cost": 80055940790.89,
        "Total Cost": 80055940790.9,
        "Plan Rows": 1,
        "Plan Width": 96,
        "Actual Startup Time": 123700.203,
        "Actual Total Time": 123700.248,
        "Actual Rows": 1,
        "Actual Loops": 1,
        "Output": [
            "min(chn.name)",
            "min(n.name)",
            "min(t.title)"
        ],
        "Plans": [
            {
                "Node Type": "Nested Loop",
                "Parent Relationship": "Outer",
                "Parallel Aware": false,
                "Join Type": "Inner",
                "Startup Cost": 80055734471.74,
                "Total Cost": 80055940790.88,
                "Plan Rows": 1,
                "Plan Width": 48,
                "Actual Startup Time": 122992.747,
                "Actual Total Time": 123700.223,
                "Actual Rows": 5,
                "Actual Loops": 1,
                "Output": [
                    "chn.name",
                    "n.name",
                    "t.title"
                ],
                "Inner Unique": true,
                "Join Filter": "(mi.movie_id = t.id)",
                "Rows Removed by Join Filter": 0,
                "Plans": [
                    {
                        "Node Type": "Nested Loop",
                        "Parent Relationship": "Outer",
                        "Parallel Aware": false,
                        "Join Type": "Inner",
                        "Startup Cost": 70055734471.29,
                        "Total Cost": 70055940786.41,
                        "Plan Rows": 1,
                        "Plan Width": 47,
                        "Actual Startup Time": 122992.715,
                        "Actual Total Time": 123700.169,
                        "Actual Rows": 5,
                        "Actual Loops": 1,
                        "Output": [
                            "ci.movie_id",
                            "chn.name",
                            "mc.movie_id",
                            "mi.movie_id",
                            "mk.movie_id",
                            "n.name"
                        ],
                        "Inner Unique": true,
                        "Plans": [
                            {
                                "Node Type": "Hash Join",
                                "Parent Relationship": "Outer",
                                "Parallel Aware": false,
                                "Join Type": "Inner",
                                "Startup Cost": 60055734470.86,
                                "Total Cost": 60055940777.94,
                                "Plan Rows": 1,
                                "Plan Width": 51,
                                "Actual Startup Time": 122833.045,
                                "Actual Total Time": 123691.721,
                                "Actual Rows": 1544,
                                "Actual Loops": 1,
                                "Output": [
                                    "ci.movie_id",
                                    "chn.name",
                                    "mc.movie_id",
                                    "mc.company_id",
                                    "mi.movie_id",
                                    "mk.movie_id",
                                    "n.name"
                                ],
                                "Inner Unique": false,
                                "Hash Cond": "(n.id = ci.person_id)",
                                "Plans": [
                                    {
                                        "Node Type": "Hash Join",
                                        "Parent Relationship": "Outer",
                                        "Parallel Aware": false,
                                        "Join Type": "Inner",
                                        "Startup Cost": 10000031676.65,
                                        "Total Cost": 10000237953.06,
                                        "Plan Rows": 8177,
                                        "Plan Width": 23,
                                        "Actual Startup Time": 1173.819,
                                        "Actual Total Time": 2034.737,
                                        "Actual Rows": 10525,
                                        "Actual Loops": 1,
                                        "Output": [
                                            "an.person_id",
                                            "n.name",
                                            "n.id"
                                        ],
                                        "Inner Unique": false,
                                        "Hash Cond": "(n.id = an.person_id)",
                                        "Plans": [
                                            {
                                                "Node Type": "Index Scan",
                                                "Parent Relationship": "Outer",
                                                "Parallel Aware": false,
                                                "Scan Direction": "Forward",
                                                "Index Name": "name_pkey",
                                                "Relation Name": "name",
                                                "Schema": "public",
                                                "Alias": "n",
                                                "Startup Cost": 0.43,
                                                "Total Cost": 199011.55,
                                                "Plan Rows": 37808,
                                                "Plan Width": 19,
                                                "Actual Startup Time": 854.127,
                                                "Actual Total Time": 1684.195,
                                                "Actual Rows": 50011,
                                                "Actual Loops": 1,
                                                "Output": [
                                                    "n.id",
                                                    "n.name",
                                                    "n.imdb_index",
                                                    "n.imdb_id",
                                                    "n.gender",
                                                    "n.name_pcode_cf",
                                                    "n.name_pcode_nf",
                                                    "n.surname_pcode",
                                                    "n.md5sum"
                                                ],
                                                "Filter": "((n.name ~~ '%An%'::text) AND ((n.gender)::text = 'f'::text))",
                                                "Rows Removed by Filter": 4117480
                                            },
                                            {
                                                "Node Type": "Hash",
                                                "Parent Relationship": "Inner",
                                                "Parallel Aware": false,
                                                "Startup Cost": 10000020409.43,
                                                "Total Cost": 10000020409.43,
                                                "Plan Rows": 901343,
                                                "Plan Width": 4,
                                                "Actual Startup Time": 317.577,
                                                "Actual Total Time": 317.578,
                                                "Actual Rows": 901343,
                                                "Actual Loops": 1,
                                                "Output": [
                                                    "an.person_id"
                                                ],
                                                "Hash Buckets": 1048576,
                                                "Original Hash Buckets": 1048576,
                                                "Hash Batches": 1,
                                                "Original Hash Batches": 1,
                                                "Peak Memory Usage": 39880,
                                                "Plans": [
                                                    {
                                                        "Node Type": "Seq Scan",
                                                        "Parent Relationship": "Outer",
                                                        "Parallel Aware": false,
                                                        "Relation Name": "aka_name",
                                                        "Schema": "public",
                                                        "Alias": "an",
                                                        "Startup Cost": 10000000000.0,
                                                        "Total Cost": 10000020409.43,
                                                        "Plan Rows": 901343,
                                                        "Plan Width": 4,
                                                        "Actual Startup Time": 0.024,
                                                        "Actual Total Time": 136.862,
                                                        "Actual Rows": 901343,
                                                        "Actual Loops": 1,
                                                        "Output": [
                                                            "an.person_id"
                                                        ]
                                                    }
                                                ]
                                            }
                                        ]
                                    },
                                    {
                                        "Node Type": "Hash",
                                        "Parent Relationship": "Inner",
                                        "Parallel Aware": false,
                                        "Startup Cost": 50055702794.2,
                                        "Total Cost": 50055702794.2,
                                        "Plan Rows": 1,
                                        "Plan Width": 40,
                                        "Actual Startup Time": 121654.748,
                                        "Actual Total Time": 121654.785,
                                        "Actual Rows": 18462,
                                        "Actual Loops": 1,
                                        "Output": [
                                            "chn.name",
                                            "ci.movie_id",
                                            "ci.person_id",
                                            "mc.movie_id",
                                            "mc.company_id",
                                            "mi.movie_id",
                                            "mk.movie_id"
                                        ],
                                        "Hash Buckets": 32768,
                                        "Original Hash Buckets": 1024,
                                        "Hash Batches": 1,
                                        "Original Hash Batches": 1,
                                        "Peak Memory Usage": 1543,
                                        "Plans": [
                                            {
                                                "Node Type": "Merge Join",
                                                "Parent Relationship": "Outer",
                                                "Parallel Aware": false,
                                                "Join Type": "Inner",
                                                "Startup Cost": 50055697050.81,
                                                "Total Cost": 50055702794.2,
                                                "Plan Rows": 1,
                                                "Plan Width": 40,
                                                "Actual Startup Time": 121552.981,
                                                "Actual Total Time": 121651.696,
                                                "Actual Rows": 18462,
                                                "Actual Loops": 1,
                                                "Output": [
                                                    "chn.name",
                                                    "ci.movie_id",
                                                    "ci.person_id",
                                                    "mc.movie_id",
                                                    "mc.company_id",
                                                    "mi.movie_id",
                                                    "mk.movie_id"
                                                ],
                                                "Inner Unique": false,
                                                "Merge Cond": "(k.id = mk.keyword_id)",
                                                "Plans": [
                                                    {
                                                        "Node Type": "Index Scan",
                                                        "Parent Relationship": "Outer",
                                                        "Parallel Aware": false,
                                                        "Scan Direction": "Forward",
                                                        "Index Name": "keyword_pkey",
                                                        "Relation Name": "keyword",
                                                        "Schema": "public",
                                                        "Alias": "k",
                                                        "Startup Cost": 0.42,
                                                        "Total Cost": 5678.35,
                                                        "Plan Rows": 4,
                                                        "Plan Width": 4,
                                                        "Actual Startup Time": 0.327,
                                                        "Actual Total Time": 45.483,
                                                        "Actual Rows": 3,
                                                        "Actual Loops": 1,
                                                        "Output": [
                                                            "k.id",
                                                            "k.keyword",
                                                            "k.phonetic_code"
                                                        ],
                                                        "Filter": "(k.keyword = ANY ('{blood,murder-in-title,female-nudity,heroine}'::text[]))",
                                                        "Rows Removed by Filter": 134167
                                                    },
                                                    {
                                                        "Node Type": "Sort",
                                                        "Parent Relationship": "Inner",
                                                        "Parallel Aware": false,
                                                        "Startup Cost": 50055697050.39,
                                                        "Total Cost": 50055697083.11,
                                                        "Plan Rows": 13089,
                                                        "Plan Width": 44,
                                                        "Actual Startup Time": 121500.182,
                                                        "Actual Total Time": 121547.452,
                                                        "Actual Rows": 819772,
                                                        "Actual Loops": 1,
                                                        "Output": [
                                                            "chn.name",
                                                            "ci.movie_id",
                                                            "ci.person_id",
                                                            "mc.movie_id",
                                                            "mc.company_id",
                                                            "mi.movie_id",
                                                            "mk.movie_id",
                                                            "mk.keyword_id"
                                                        ],
                                                        "Sort Key": [
                                                            "mk.keyword_id"
                                                        ],
                                                        "Sort Method": "quicksort",
                                                        "Sort Space Used": 697164,
                                                        "Sort Space Type": "Memory",
                                                        "Plans": [
                                                            {
                                                                "Node Type": "Hash Join",
                                                                "Parent Relationship": "Outer",
                                                                "Parallel Aware": false,
                                                                "Join Type": "Inner",
                                                                "Startup Cost": 50004242351.72,
                                                                "Total Cost": 50055696155.36,
                                                                "Plan Rows": 13089,
                                                                "Plan Width": 44,
                                                                "Actual Startup Time": 117941.37,
                                                                "Actual Total Time": 119641.556,
                                                                "Actual Rows": 6029155,
                                                                "Actual Loops": 1,
                                                                "Output": [
                                                                    "chn.name",
                                                                    "ci.movie_id",
                                                                    "ci.person_id",
                                                                    "mc.movie_id",
                                                                    "mc.company_id",
                                                                    "mi.movie_id",
                                                                    "mk.movie_id",
                                                                    "mk.keyword_id"
                                                                ],
                                                                "Inner Unique": false,
                                                                "Hash Cond": "(chn.id = ci.person_role_id)",
                                                                "Plans": [
                                                                    {
                                                                        "Node Type": "Seq Scan",
                                                                        "Parent Relationship": "Outer",
                                                                        "Parallel Aware": false,
                                                                        "Relation Name": "char_name",
                                                                        "Schema": "public",
                                                                        "Alias": "chn",
                                                                        "Startup Cost": 10000000000.0,
                                                                        "Total Cost": 10000067850.27,
                                                                        "Plan Rows": 3140227,
                                                                        "Plan Width": 20,
                                                                        "Actual Startup Time": 0.016,
                                                                        "Actual Total Time": 307.507,
                                                                        "Actual Rows": 3140339,
                                                                        "Actual Loops": 1,
                                                                        "Output": [
                                                                            "chn.id",
                                                                            "chn.name",
                                                                            "chn.imdb_index",
                                                                            "chn.imdb_id",
                                                                            "chn.name_pcode_nf",
                                                                            "chn.surname_pcode",
                                                                            "chn.md5sum"
                                                                        ]
                                                                    },
                                                                    {
                                                                        "Node Type": "Hash",
                                                                        "Parent Relationship": "Inner",
                                                                        "Parallel Aware": false,
                                                                        "Startup Cost": 40004242188.1,
                                                                        "Total Cost": 40004242188.1,
                                                                        "Plan Rows": 13089,
                                                                        "Plan Width": 32,
                                                                        "Actual Startup Time": 117941.172,
                                                                        "Actual Total Time": 117941.198,
                                                                        "Actual Rows": 6029155,
                                                                        "Actual Loops": 1,
                                                                        "Output": [
                                                                            "ci.movie_id",
                                                                            "ci.person_id",
                                                                            "ci.person_role_id",
                                                                            "mc.movie_id",
                                                                            "mc.company_id",
                                                                            "mi.movie_id",
                                                                            "mk.movie_id",
                                                                            "mk.keyword_id"
                                                                        ],
                                                                        "Hash Buckets": 8388608,
                                                                        "Original Hash Buckets": 16384,
                                                                        "Hash Batches": 1,
                                                                        "Original Hash Batches": 1,
                                                                        "Peak Memory Usage": 442359,
                                                                        "Plans": [
                                                                            {
                                                                                "Node Type": "Nested Loop",
                                                                                "Parent Relationship": "Outer",
                                                                                "Parallel Aware": false,
                                                                                "Join Type": "Inner",
                                                                                "Startup Cost": 40003582336.92,
                                                                                "Total Cost": 40004242188.1,
                                                                                "Plan Rows": 13089,
                                                                                "Plan Width": 32,
                                                                                "Actual Startup Time": 15280.143,
                                                                                "Actual Total Time": 115044.974,
                                                                                "Actual Rows": 6725914,
                                                                                "Actual Loops": 1,
                                                                                "Output": [
                                                                                    "ci.movie_id",
                                                                                    "ci.person_id",
                                                                                    "ci.person_role_id",
                                                                                    "mc.movie_id",
                                                                                    "mc.company_id",
                                                                                    "mi.movie_id",
                                                                                    "mk.movie_id",
                                                                                    "mk.keyword_id"
                                                                                ],
                                                                                "Inner Unique": true,
                                                                                "Plans": [
                                                                                    {
                                                                                        "Node Type": "Merge Join",
                                                                                        "Parent Relationship": "Outer",
                                                                                        "Parallel Aware": false,
                                                                                        "Join Type": "Inner",
                                                                                        "Startup Cost": 30003582336.77,
                                                                                        "Total Cost": 30003588993.77,
                                                                                        "Plan Rows": 157071,
                                                                                        "Plan Width": 36,
                                                                                        "Actual Startup Time": 15280.095,
                                                                                        "Actual Total Time": 26882.476,
                                                                                        "Actual Rows": 24560169,
                                                                                        "Actual Loops": 1,
                                                                                        "Output": [
                                                                                            "ci.movie_id",
                                                                                            "ci.person_id",
                                                                                            "ci.role_id",
                                                                                            "ci.person_role_id",
                                                                                            "mc.movie_id",
                                                                                            "mc.company_id",
                                                                                            "mi.movie_id",
                                                                                            "mk.movie_id",
                                                                                            "mk.keyword_id"
                                                                                        ],
                                                                                        "Inner Unique": false,
                                                                                        "Merge Cond": "(ci.movie_id = mi.movie_id)",
                                                                                        "Plans": [
                                                                                            {
                                                                                                "Node Type": "Sort",
                                                                                                "Parent Relationship": "Outer",
                                                                                                "Parallel Aware": false,
                                                                                                "Startup Cost": 10001434106.59,
                                                                                                "Total Cost": 10001436209.25,
                                                                                                "Plan Rows": 841064,
                                                                                                "Plan Width": 16,
                                                                                                "Actual Startup Time": 5410.838,
                                                                                                "Actual Total Time": 5533.457,
                                                                                                "Actual Rows": 867471,
                                                                                                "Actual Loops": 1,
                                                                                                "Output": [
                                                                                                    "ci.movie_id",
                                                                                                    "ci.person_id",
                                                                                                    "ci.role_id",
                                                                                                    "ci.person_role_id"
                                                                                                ],
                                                                                                "Sort Key": [
                                                                                                    "ci.movie_id"
                                                                                                ],
                                                                                                "Sort Method": "quicksort",
                                                                                                "Sort Space Used": 65239,
                                                                                                "Sort Space Type": "Memory",
                                                                                                "Plans": [
                                                                                                    {
                                                                                                        "Node Type": "Index Scan",
                                                                                                        "Parent Relationship": "Outer",
                                                                                                        "Parallel Aware": false,
                                                                                                        "Scan Direction": "Forward",
                                                                                                        "Index Name": "role_id_cast_info",
                                                                                                        "Relation Name": "cast_info",
                                                                                                        "Schema": "public",
                                                                                                        "Alias": "ci",
                                                                                                        "Startup Cost": 10000000000.57,
                                                                                                        "Total Cost": 10001351338.09,
                                                                                                        "Plan Rows": 841064,
                                                                                                        "Plan Width": 16,
                                                                                                        "Actual Startup Time": 0.021,
                                                                                                        "Actual Total Time": 5219.818,
                                                                                                        "Actual Rows": 867477,
                                                                                                        "Actual Loops": 1,
                                                                                                        "Output": [
                                                                                                            "ci.movie_id",
                                                                                                            "ci.person_id",
                                                                                                            "ci.role_id",
                                                                                                            "ci.person_role_id"
                                                                                                        ],
                                                                                                        "Filter": "(ci.note = ANY ('{(voice),\"(voice: Japanese version)\",\"(voice) (uncredited)\",\"(voice: English version)\"}'::text[]))",
                                                                                                        "Rows Removed by Filter": 35376867
                                                                                                    }
                                                                                                ]
                                                                                            },
                                                                                            {
                                                                                                "Node Type": "Sort",
                                                                                                "Parent Relationship": "Inner",
                                                                                                "Parallel Aware": false,
                                                                                                "Startup Cost": 20002148230.1,
                                                                                                "Total Cost": 20002148670.71,
                                                                                                "Plan Rows": 176246,
                                                                                                "Plan Width": 20,
                                                                                                "Actual Startup Time": 9868.144,
                                                                                                "Actual Total Time": 15247.586,
                                                                                                "Actual Rows": 36983621,
                                                                                                "Actual Loops": 1,
                                                                                                "Output": [
                                                                                                    "mi.movie_id",
                                                                                                    "mc.movie_id",
                                                                                                    "mc.company_id",
                                                                                                    "mk.movie_id",
                                                                                                    "mk.keyword_id"
                                                                                                ],
                                                                                                "Sort Key": [
                                                                                                    "mi.movie_id"
                                                                                                ],
                                                                                                "Sort Method": "quicksort",
                                                                                                "Sort Space Used": 1649174,
                                                                                                "Sort Space Type": "Memory",
                                                                                                "Plans": [
                                                                                                    {
                                                                                                        "Node Type": "Hash Join",
                                                                                                        "Parent Relationship": "Outer",
                                                                                                        "Parallel Aware": false,
                                                                                                        "Join Type": "Inner",
                                                                                                        "Startup Cost": 20000591139.69,
                                                                                                        "Total Cost": 20002132872.7,
                                                                                                        "Plan Rows": 176246,
                                                                                                        "Plan Width": 20,
                                                                                                        "Actual Startup Time": 4403.484,
                                                                                                        "Actual Total Time": 6651.325,
                                                                                                        "Actual Rows": 16076253,
                                                                                                        "Actual Loops": 1,
                                                                                                        "Output": [
                                                                                                            "mi.movie_id",
                                                                                                            "mc.movie_id",
                                                                                                            "mc.company_id",
                                                                                                            "mk.movie_id",
                                                                                                            "mk.keyword_id"
                                                                                                        ],
                                                                                                        "Inner Unique": false,
                                                                                                        "Hash Cond": "(mk.movie_id = mi.movie_id)",
                                                                                                        "Plans": [
                                                                                                            {
                                                                                                                "Node Type": "Seq Scan",
                                                                                                                "Parent Relationship": "Outer",
                                                                                                                "Parallel Aware": false,
                                                                                                                "Relation Name": "movie_keyword",
                                                                                                                "Schema": "public",
                                                                                                                "Alias": "mk",
                                                                                                                "Startup Cost": 10000000000.0,
                                                                                                                "Total Cost": 10000069693.3,
                                                                                                                "Plan Rows": 4523930,
                                                                                                                "Plan Width": 8,
                                                                                                                "Actual Startup Time": 0.034,
                                                                                                                "Actual Total Time": 340.506,
                                                                                                                "Actual Rows": 4523930,
                                                                                                                "Actual Loops": 1,
                                                                                                                "Output": [
                                                                                                                    "mk.id",
                                                                                                                    "mk.movie_id",
                                                                                                                    "mk.keyword_id"
                                                                                                                ]
                                                                                                            },
                                                                                                            {
                                                                                                                "Node Type": "Hash",
                                                                                                                "Parent Relationship": "Inner",
                                                                                                                "Parallel Aware": false,
                                                                                                                "Startup Cost": 10000590956.89,
                                                                                                                "Total Cost": 10000590956.89,
                                                                                                                "Plan Rows": 14624,
                                                                                                                "Plan Width": 12,
                                                                                                                "Actual Startup Time": 4403.412,
                                                                                                                "Actual Total Time": 4403.424,
                                                                                                                "Actual Rows": 463258,
                                                                                                                "Actual Loops": 1,
                                                                                                                "Output": [
                                                                                                                    "mi.movie_id",
                                                                                                                    "mc.movie_id",
                                                                                                                    "mc.company_id"
                                                                                                                ],
                                                                                                                "Hash Buckets": 524288,
                                                                                                                "Original Hash Buckets": 16384,
                                                                                                                "Hash Batches": 1,
                                                                                                                "Original Hash Batches": 1,
                                                                                                                "Peak Memory Usage": 24002,
                                                                                                                "Plans": [
                                                                                                                    {
                                                                                                                        "Node Type": "Nested Loop",
                                                                                                                        "Parent Relationship": "Outer",
                                                                                                                        "Parallel Aware": false,
                                                                                                                        "Join Type": "Inner",
                                                                                                                        "Startup Cost": 10000163630.46,
                                                                                                                        "Total Cost": 10000590956.89,
                                                                                                                        "Plan Rows": 14624,
                                                                                                                        "Plan Width": 12,
                                                                                                                        "Actual Startup Time": 2633.371,
                                                                                                                        "Actual Total Time": 4326.366,
                                                                                                                        "Actual Rows": 463258,
                                                                                                                        "Actual Loops": 1,
                                                                                                                        "Output": [
                                                                                                                            "mi.movie_id",
                                                                                                                            "mc.movie_id",
                                                                                                                            "mc.company_id"
                                                                                                                        ],
                                                                                                                        "Inner Unique": true,
                                                                                                                        "Join Filter": "(mi.info_type_id = it.id)",
                                                                                                                        "Rows Removed by Join Filter": 5,
                                                                                                                        "Plans": [
                                                                                                                            {
                                                                                                                                "Node Type": "Hash Join",
                                                                                                                                "Parent Relationship": "Outer",
                                                                                                                                "Parallel Aware": false,
                                                                                                                                "Join Type": "Inner",
                                                                                                                                "Startup Cost": 10000163630.32,
                                                                                                                                "Total Cost": 10000566156.36,
                                                                                                                                "Plan Rows": 1652427,
                                                                                                                                "Plan Width": 16,
                                                                                                                                "Actual Startup Time": 2369.639,
                                                                                                                                "Actual Total Time": 4248.287,
                                                                                                                                "Actual Rows": 463263,
                                                                                                                                "Actual Loops": 1,
                                                                                                                                "Output": [
                                                                                                                                    "mc.movie_id",
                                                                                                                                    "mc.company_id",
                                                                                                                                    "mi.movie_id",
                                                                                                                                    "mi.info_type_id"
                                                                                                                                ],
                                                                                                                                "Inner Unique": false,
                                                                                                                                "Hash Cond": "(mi.movie_id = mc.movie_id)",
                                                                                                                                "Plans": [
                                                                                                                                    {
                                                                                                                                        "Node Type": "Seq Scan",
                                                                                                                                        "Parent Relationship": "Outer",
                                                                                                                                        "Parallel Aware": false,
                                                                                                                                        "Relation Name": "movie_info",
                                                                                                                                        "Schema": "public",
                                                                                                                                        "Alias": "mi",
                                                                                                                                        "Startup Cost": 0.0,
                                                                                                                                        "Total Cost": 383319.42,
                                                                                                                                        "Plan Rows": 306554,
                                                                                                                                        "Plan Width": 8,
                                                                                                                                        "Actual Startup Time": 232.818,
                                                                                                                                        "Actual Total Time": 1924.802,
                                                                                                                                        "Actual Rows": 301247,
                                                                                                                                        "Actual Loops": 1,
                                                                                                                                        "Output": [
                                                                                                                                            "mi.id",
                                                                                                                                            "mi.movie_id",
                                                                                                                                            "mi.info_type_id",
                                                                                                                                            "mi.info",
                                                                                                                                            "mi.note"
                                                                                                                                        ],
                                                                                                                                        "Filter": "((mi.info IS NOT NULL) AND ((mi.info ~~ 'Japan:%201%'::text) OR (mi.info ~~ 'USA:%201%'::text)))",
                                                                                                                                        "Rows Removed by Filter": 14534473
                                                                                                                                    },
                                                                                                                                    {
                                                                                                                                        "Node Type": "Hash",
                                                                                                                                        "Parent Relationship": "Inner",
                                                                                                                                        "Parallel Aware": false,
                                                                                                                                        "Startup Cost": 10000131016.21,
                                                                                                                                        "Total Cost": 10000131016.21,
                                                                                                                                        "Plan Rows": 2609129,
                                                                                                                                        "Plan Width": 8,
                                                                                                                                        "Actual Startup Time": 2125.195,
                                                                                                                                        "Actual Total Time": 2125.197,
                                                                                                                                        "Actual Rows": 2609129,
                                                                                                                                        "Actual Loops": 1,
                                                                                                                                        "Output": [
                                                                                                                                            "mc.movie_id",
                                                                                                                                            "mc.company_id"
                                                                                                                                        ],
                                                                                                                                        "Hash Buckets": 4194304,
                                                                                                                                        "Original Hash Buckets": 4194304,
                                                                                                                                        "Hash Batches": 1,
                                                                                                                                        "Original Hash Batches": 1,
                                                                                                                                        "Peak Memory Usage": 134688,
                                                                                                                                        "Plans": [
                                                                                                                                            {
                                                                                                                                                "Node Type": "Index Scan",
                                                                                                                                                "Parent Relationship": "Outer",
                                                                                                                                                "Parallel Aware": false,
                                                                                                                                                "Scan Direction": "Forward",
                                                                                                                                                "Index Name": "company_id_movie_companies",
                                                                                                                                                "Relation Name": "movie_companies",
                                                                                                                                                "Schema": "public",
                                                                                                                                                "Alias": "mc",
                                                                                                                                                "Startup Cost": 10000000000.43,
                                                                                                                                                "Total Cost": 10000131016.21,
                                                                                                                                                "Plan Rows": 2609129,
                                                                                                                                                "Plan Width": 8,
                                                                                                                                                "Actual Startup Time": 0.038,
                                                                                                                                                "Actual Total Time": 1482.076,
                                                                                                                                                "Actual Rows": 2609129,
                                                                                                                                                "Actual Loops": 1,
                                                                                                                                                "Output": [
                                                                                                                                                    "mc.movie_id",
                                                                                                                                                    "mc.company_id"
                                                                                                                                                ]
                                                                                                                                            }
                                                                                                                                        ]
                                                                                                                                    }
                                                                                                                                ]
                                                                                                                            },
                                                                                                                            {
                                                                                                                                "Node Type": "Materialize",
                                                                                                                                "Parent Relationship": "Inner",
                                                                                                                                "Parallel Aware": false,
                                                                                                                                "Startup Cost": 0.14,
                                                                                                                                "Total Cost": 14.12,
                                                                                                                                "Plan Rows": 1,
                                                                                                                                "Plan Width": 4,
                                                                                                                                "Actual Startup Time": 0.0,
                                                                                                                                "Actual Total Time": 0.0,
                                                                                                                                "Actual Rows": 1,
                                                                                                                                "Actual Loops": 463263,
                                                                                                                                "Output": [
                                                                                                                                    "it.id"
                                                                                                                                ],
                                                                                                                                "Plans": [
                                                                                                                                    {
                                                                                                                                        "Node Type": "Index Scan",
                                                                                                                                        "Parent Relationship": "Outer",
                                                                                                                                        "Parallel Aware": false,
                                                                                                                                        "Scan Direction": "Forward",
                                                                                                                                        "Index Name": "info_type_pkey",
                                                                                                                                        "Relation Name": "info_type",
                                                                                                                                        "Schema": "public",
                                                                                                                                        "Alias": "it",
                                                                                                                                        "Startup Cost": 0.14,
                                                                                                                                        "Total Cost": 14.12,
                                                                                                                                        "Plan Rows": 1,
                                                                                                                                        "Plan Width": 4,
                                                                                                                                        "Actual Startup Time": 0.031,
                                                                                                                                        "Actual Total Time": 0.041,
                                                                                                                                        "Actual Rows": 1,
                                                                                                                                        "Actual Loops": 1,
                                                                                                                                        "Output": [
                                                                                                                                            "it.id"
                                                                                                                                        ],
                                                                                                                                        "Filter": "((it.info)::text = 'release dates'::text)",
                                                                                                                                        "Rows Removed by Filter": 112
                                                                                                                                    }
                                                                                                                                ]
                                                                                                                            }
                                                                                                                        ]
                                                                                                                    }
                                                                                                                ]
                                                                                                            }
                                                                                                        ]
                                                                                                    }
                                                                                                ]
                                                                                            }
                                                                                        ]
                                                                                    },
                                                                                    {
                                                                                        "Node Type": "Bitmap Heap Scan",
                                                                                        "Parent Relationship": "Inner",
                                                                                        "Parallel Aware": false,
                                                                                        "Relation Name": "role_type",
                                                                                        "Schema": "public",
                                                                                        "Alias": "rt",
                                                                                        "Startup Cost": 0.14,
                                                                                        "Total Cost": 4.16,
                                                                                        "Plan Rows": 1,
                                                                                        "Plan Width": 4,
                                                                                        "Actual Startup Time": 0.002,
                                                                                        "Actual Total Time": 0.002,
                                                                                        "Actual Rows": 0,
                                                                                        "Actual Loops": 24560169,
                                                                                        "Output": [
                                                                                            "rt.id",
                                                                                            "rt.role"
                                                                                        ],
                                                                                        "Recheck Cond": "(rt.id = ci.role_id)",
                                                                                        "Rows Removed by Index Recheck": 0,
                                                                                        "Filter": "((rt.role)::text = 'actress'::text)",
                                                                                        "Rows Removed by Filter": 1,
                                                                                        "Exact Heap Blocks": 24560169,
                                                                                        "Lossy Heap Blocks": 0,
                                                                                        "Plans": [
                                                                                            {
                                                                                                "Node Type": "Bitmap Index Scan",
                                                                                                "Parent Relationship": "Outer",
                                                                                                "Parallel Aware": false,
                                                                                                "Index Name": "role_type_pkey",
                                                                                                "Startup Cost": 0.0,
                                                                                                "Total Cost": 0.14,
                                                                                                "Plan Rows": 1,
                                                                                                "Plan Width": 0,
                                                                                                "Actual Startup Time": 0.001,
                                                                                                "Actual Total Time": 0.001,
                                                                                                "Actual Rows": 1,
                                                                                                "Actual Loops": 24560169,
                                                                                                "Index Cond": "(rt.id = ci.role_id)"
                                                                                            }
                                                                                        ]
                                                                                    }
                                                                                ]
                                                                            }
                                                                        ]
                                                                    }
                                                                ]
                                                            }
                                                        ]
                                                    }
                                                ]
                                            }
                                        ]
                                    }
                                ]
                            },
                            {
                                "Node Type": "Bitmap Heap Scan",
                                "Parent Relationship": "Inner",
                                "Parallel Aware": false,
                                "Relation Name": "company_name",
                                "Schema": "public",
                                "Alias": "cn",
                                "Startup Cost": 0.43,
                                "Total Cost": 4.45,
                                "Plan Rows": 1,
                                "Plan Width": 4,
                                "Actual Startup Time": 0.004,
                                "Actual Total Time": 0.004,
                                "Actual Rows": 0,
                                "Actual Loops": 1544,
                                "Output": [
                                    "cn.id",
                                    "cn.name",
                                    "cn.country_code",
                                    "cn.imdb_id",
                                    "cn.name_pcode_nf",
                                    "cn.name_pcode_sf",
                                    "cn.md5sum"
                                ],
                                "Recheck Cond": "(cn.id = mc.company_id)",
                                "Rows Removed by Index Recheck": 0,
                                "Filter": "(((cn.country_code)::text = '[us]'::text) AND (cn.name = 'DreamWorks Animation'::text))",
                                "Rows Removed by Filter": 1,
                                "Exact Heap Blocks": 1544,
                                "Lossy Heap Blocks": 0,
                                "Plans": [
                                    {
                                        "Node Type": "Bitmap Index Scan",
                                        "Parent Relationship": "Outer",
                                        "Parallel Aware": false,
                                        "Index Name": "company_name_pkey",
                                        "Startup Cost": 0.0,
                                        "Total Cost": 0.43,
                                        "Plan Rows": 1,
                                        "Plan Width": 0,
                                        "Actual Startup Time": 0.002,
                                        "Actual Total Time": 0.002,
                                        "Actual Rows": 1,
                                        "Actual Loops": 1544,
                                        "Index Cond": "(cn.id = mc.company_id)"
                                    }
                                ]
                            }
                        ]
                    },
                    {
                        "Node Type": "Bitmap Heap Scan",
                        "Parent Relationship": "Inner",
                        "Parallel Aware": false,
                        "Relation Name": "title",
                        "Schema": "public",
                        "Alias": "t",
                        "Startup Cost": 0.45,
                        "Total Cost": 4.46,
                        "Plan Rows": 1,
                        "Plan Width": 21,
                        "Actual Startup Time": 0.006,
                        "Actual Total Time": 0.007,
                        "Actual Rows": 1,
                        "Actual Loops": 5,
                        "Output": [
                            "t.id",
                            "t.title",
                            "t.imdb_index",
                            "t.kind_id",
                            "t.production_year",
                            "t.imdb_id",
                            "t.phonetic_code",
                            "t.episode_of_id",
                            "t.season_nr",
                            "t.episode_nr",
                            "t.series_years",
                            "t.md5sum"
                        ],
                        "Recheck Cond": "(t.id = mk.movie_id)",
                        "Rows Removed by Index Recheck": 0,
                        "Filter": "((t.title ~~ 'Kung Fu Panda%'::text) AND (t.production_year > 2008))",
                        "Rows Removed by Filter": 0,
                        "Exact Heap Blocks": 5,
                        "Lossy Heap Blocks": 0,
                        "Plans": [
                            {
                                "Node Type": "Bitmap Index Scan",
                                "Parent Relationship": "Outer",
                                "Parallel Aware": false,
                                "Index Name": "title_pkey",
                                "Startup Cost": 0.0,
                                "Total Cost": 0.45,
                                "Plan Rows": 1,
                                "Plan Width": 0,
                                "Actual Startup Time": 0.004,
                                "Actual Total Time": 0.004,
                                "Actual Rows": 1,
                                "Actual Loops": 5,
                                "Index Cond": "(t.id = mk.movie_id)"
                            }
                        ]
                    }
                ]
            }
        ]
    },
    "Planning Time": 58.299,
    "Triggers": [],
    "Execution Time": 123795.331
}