{
  "Plan": {
    "Node Type": "Aggregate",
    "Strategy": "Plain",
    "Partial Mode": "Finalize",
    "Parallel Aware": false,
    "Startup Cost": 345314.37,
    "Total Cost": 345314.38,
    "Plan Rows": 1,
    "Plan Width": 8,
    "Actual Startup Time": 1476.504,
    "Actual Total Time": 1525.389,
    "Actual Rows": 1,
    "Actual Loops": 1,
    "Plans": [
      {
        "Node Type": "Gather",
        "Parent Relationship": "Outer",
        "Parallel Aware": false,
        "Startup Cost": 345314.26,
        "Total Cost": 345314.37,
        "Plan Rows": 1,
        "Plan Width": 8,
        "Actual Startup Time": 1475.053,
        "Actual Total Time": 1525.38,
        "Actual Rows": 2,
        "Actual Loops": 1,
        "Workers Planned": 1,
        "Workers Launched": 1,
        "Single Copy": false,
        "Plans": [
          {
            "Node Type": "Aggregate",
            "Strategy": "Plain",
            "Partial Mode": "Partial",
            "Parent Relationship": "Outer",
            "Parallel Aware": false,
            "Startup Cost": 344314.26,
            "Total Cost": 344314.27,
            "Plan Rows": 1,
            "Plan Width": 8,
            "Actual Startup Time": 1468.822,
            "Actual Total Time": 1468.826,
            "Actual Rows": 1,
            "Actual Loops": 2,
            "Plans": [
              {
                "Node Type": "Hash Join",
                "Parent Relationship": "Outer",
                "Parallel Aware": true,
                "Join Type": "Inner",
                "Startup Cost": 61368.11,
                "Total Cost": 341774.69,
                "Plan Rows": 1015828,
                "Plan Width": 0,
                "Actual Startup Time": 259.568,
                "Actual Total Time": 1405.338,
                "Actual Rows": 1591402,
                "Actual Loops": 2,
                "Inner Unique": true,
                "Hash Cond": "(mi.movie_id = t.id)",
                "Plans": [
                  {
                    "Node Type": "Seq Scan",
                    "Parent Relationship": "Outer",
                    "Parallel Aware": true,
                    "Relation Name": "movie_info",
                    "Alias": "mi",
                    "Startup Cost": 0.0,
                    "Total Cost": 270696.42,
                    "Plan Rows": 3699105,
                    "Plan Width": 4,
                    "Actual Startup Time": 33.759,
                    "Actual Total Time": 653.961,
                    "Actual Rows": 3111747,
                    "Actual Loops": 2,
                    "Filter": "(info_type_id > 8)",
                    "Rows Removed by Filter": 4306113
                  },
                  {
                    "Node Type": "Hash",
                    "Parent Relationship": "Inner",
                    "Parallel Aware": true,
                    "Startup Cost": 56262.92,
                    "Total Cost": 56262.92,
                    "Plan Rows": 408415,
                    "Plan Width": 4,
                    "Actual Startup Time": 216.44,
                    "Actual Total Time": 216.441,
                    "Actual Rows": 308326,
                    "Actual Loops": 2,
                    "Hash Buckets": 1048576,
                    "Original Hash Buckets": 1048576,
                    "Hash Batches": 1,
                    "Original Hash Batches": 1,
                    "Peak Memory Usage": 32352,
                    "Plans": [
                      {
                        "Node Type": "Bitmap Heap Scan",
                        "Parent Relationship": "Outer",
                        "Parallel Aware": true,
                        "Relation Name": "title",
                        "Alias": "t",
                        "Startup Cost": 13612.53,
                        "Total Cost": 56262.92,
                        "Plan Rows": 408415,
                        "Plan Width": 4,
                        "Actual Startup Time": 44.048,
                        "Actual Total Time": 145.148,
                        "Actual Rows": 308326,
                        "Actual Loops": 2,
                        "Recheck Cond": "(kind_id < 3)",
                        "Rows Removed by Index Recheck": 0,
                        "Filter": "(production_year > 1935)",
                        "Rows Removed by Filter": 68513,
                        "Exact Heap Blocks": 25260,
                        "Lossy Heap Blocks": 0,
                        "Plans": [
                          {
                            "Node Type": "Bitmap Index Scan",
                            "Parent Relationship": "Outer",
                            "Parallel Aware": false,
                            "Index Name": "kind_id_title",
                            "Startup Cost": 0.0,
                            "Total Cost": 13438.96,
                            "Plan Rows": 753937,
                            "Plan Width": 0,
                            "Actual Startup Time": 38.339,
                            "Actual Total Time": 38.34,
                            "Actual Rows": 753677,
                            "Actual Loops": 1,
                            "Index Cond": "(kind_id < 3)"
                          }
                        ]
                      }
                    ]
                  }
                ]
              }
            ]
          }
        ]
      }
    ]
  },
  "Planning Time": 0.584,
  "Triggers": [],
  "Execution Time": 1525.487
}