{
  "Plan": {
    "Node Type": "Aggregate",
    "Strategy": "Plain",
    "Partial Mode": "Finalize",
    "Parallel Aware": false,
    "Startup Cost": 677869.5,
    "Total Cost": 677869.51,
    "Plan Rows": 1,
    "Plan Width": 8,
    "Actual Startup Time": 5215.319,
    "Actual Total Time": 5281.196,
    "Actual Rows": 1,
    "Actual Loops": 1,
    "Plans": [
      {
        "Node Type": "Gather",
        "Parent Relationship": "Outer",
        "Parallel Aware": false,
        "Startup Cost": 677869.39,
        "Total Cost": 677869.5,
        "Plan Rows": 1,
        "Plan Width": 8,
        "Actual Startup Time": 5210.207,
        "Actual Total Time": 5281.185,
        "Actual Rows": 2,
        "Actual Loops": 1,
        "Workers Planned": 1,
        "Workers Launched": 1,
        "Single Copy": false,
        "Plans": [
          {
            "Node Type": "Aggregate",
            "Strategy": "Plain",
            "Partial Mode": "Partial",
            "Parent Relationship": "Outer",
            "Parallel Aware": false,
            "Startup Cost": 676869.39,
            "Total Cost": 676869.4,
            "Plan Rows": 1,
            "Plan Width": 8,
            "Actual Startup Time": 5203.899,
            "Actual Total Time": 5203.903,
            "Actual Rows": 1,
            "Actual Loops": 2,
            "Plans": [
              {
                "Node Type": "Hash Join",
                "Parent Relationship": "Outer",
                "Parallel Aware": true,
                "Join Type": "Inner",
                "Startup Cost": 69775.03,
                "Total Cost": 661664.44,
                "Plan Rows": 6081979,
                "Plan Width": 0,
                "Actual Startup Time": 451.351,
                "Actual Total Time": 4953.602,
                "Actual Rows": 6131932,
                "Actual Loops": 2,
                "Inner Unique": true,
                "Hash Cond": "(ci.movie_id = t.id)",
                "Plans": [
                  {
                    "Node Type": "Seq Scan",
                    "Parent Relationship": "Outer",
                    "Parallel Aware": true,
                    "Relation Name": "cast_info",
                    "Alias": "ci",
                    "Startup Cost": 0.0,
                    "Total Cost": 572345.93,
                    "Plan Rows": 7445124,
                    "Plan Width": 4,
                    "Actual Startup Time": 0.015,
                    "Actual Total Time": 1664.361,
                    "Actual Rows": 7230554,
                    "Actual Loops": 2,
                    "Filter": "((person_id < 1594748) AND (role_id < 7))",
                    "Rows Removed by Filter": 10891618
                  },
                  {
                    "Node Type": "Hash",
                    "Parent Relationship": "Inner",
                    "Parallel Aware": true,
                    "Startup Cost": 54588.39,
                    "Total Cost": 54588.39,
                    "Plan Rows": 1214931,
                    "Plan Width": 4,
                    "Actual Startup Time": 438.763,
                    "Actual Total Time": 438.764,
                    "Actual Rows": 1032276,
                    "Actual Loops": 2,
                    "Hash Buckets": 2097152,
                    "Original Hash Buckets": 2097152,
                    "Hash Batches": 1,
                    "Original Hash Batches": 1,
                    "Peak Memory Usage": 97184,
                    "Plans": [
                      {
                        "Node Type": "Seq Scan",
                        "Parent Relationship": "Outer",
                        "Parallel Aware": true,
                        "Relation Name": "title",
                        "Alias": "t",
                        "Startup Cost": 0.0,
                        "Total Cost": 54588.39,
                        "Plan Rows": 1214931,
                        "Plan Width": 4,
                        "Actual Startup Time": 0.028,
                        "Actual Total Time": 175.33,
                        "Actual Rows": 1032276,
                        "Actual Loops": 2,
                        "Filter": "(production_year < 2011)",
                        "Rows Removed by Filter": 231880
                      }
                    ]
                  }
                ]
              }
            ]
          }
        ]
      }
    ]
  },
  "Planning Time": 0.594,
  "Triggers": [],
  "Execution Time": 5281.272
}