{
  "Plan": {
    "Node Type": "Aggregate",
    "Strategy": "Plain",
    "Partial Mode": "Finalize",
    "Parallel Aware": false,
    "Startup Cost": 1398671.22,
    "Total Cost": 1398671.23,
    "Plan Rows": 1,
    "Plan Width": 8,
    "Actual Startup Time": 9076.246,
    "Actual Total Time": 9132.613,
    "Actual Rows": 1,
    "Actual Loops": 1,
    "Plans": [
      {
        "Node Type": "Gather",
        "Parent Relationship": "Outer",
        "Parallel Aware": false,
        "Startup Cost": 1398671.1,
        "Total Cost": 1398671.21,
        "Plan Rows": 1,
        "Plan Width": 8,
        "Actual Startup Time": 9075.665,
        "Actual Total Time": 9132.605,
        "Actual Rows": 2,
        "Actual Loops": 1,
        "Workers Planned": 1,
        "Workers Launched": 1,
        "Single Copy": false,
        "Plans": [
          {
            "Node Type": "Aggregate",
            "Strategy": "Plain",
            "Partial Mode": "Partial",
            "Parent Relationship": "Outer",
            "Parallel Aware": false,
            "Startup Cost": 1397671.1,
            "Total Cost": 1397671.11,
            "Plan Rows": 1,
            "Plan Width": 8,
            "Actual Startup Time": 9069.864,
            "Actual Total Time": 9069.866,
            "Actual Rows": 1,
            "Actual Loops": 2,
            "Plans": [
              {
                "Node Type": "Merge Join",
                "Parent Relationship": "Outer",
                "Parallel Aware": false,
                "Join Type": "Inner",
                "Startup Cost": 9.8,
                "Total Cost": 1387185.28,
                "Plan Rows": 4194331,
                "Plan Width": 0,
                "Actual Startup Time": 6.085,
                "Actual Total Time": 8108.689,
                "Actual Rows": 23593834,
                "Actual Loops": 2,
                "Inner Unique": false,
                "Merge Cond": "(mi.movie_id = t.id)",
                "Plans": [
                  {
                    "Node Type": "Index Only Scan",
                    "Parent Relationship": "Outer",
                    "Parallel Aware": true,
                    "Scan Direction": "Forward",
                    "Index Name": "movie_id_movie_info",
                    "Relation Name": "movie_info",
                    "Alias": "mi",
                    "Startup Cost": 0.43,
                    "Total Cost": 1018223.42,
                    "Plan Rows": 8696274,
                    "Plan Width": 4,
                    "Actual Startup Time": 0.103,
                    "Actual Total Time": 2359.944,
                    "Actual Rows": 7417048,
                    "Actual Loops": 2,
                    "Heap Fetches": 14834095
                  },
                  {
                    "Node Type": "Materialize",
                    "Parent Relationship": "Inner",
                    "Parallel Aware": false,
                    "Startup Cost": 3.31,
                    "Total Cost": 287573.8,
                    "Plan Rows": 1219430,
                    "Plan Width": 8,
                    "Actual Startup Time": 0.216,
                    "Actual Total Time": 3206.421,
                    "Actual Rows": 24194076,
                    "Actual Loops": 2,
                    "Plans": [
                      {
                        "Node Type": "Merge Join",
                        "Parent Relationship": "Outer",
                        "Parallel Aware": false,
                        "Join Type": "Inner",
                        "Startup Cost": 3.31,
                        "Total Cost": 284525.23,
                        "Plan Rows": 1219430,
                        "Plan Width": 8,
                        "Actual Startup Time": 0.206,
                        "Actual Total Time": 2250.985,
                        "Actual Rows": 1211739,
                        "Actual Loops": 2,
                        "Inner Unique": true,
                        "Merge Cond": "(mc.movie_id = t.id)",
                        "Plans": [
                          {
                            "Node Type": "Index Scan",
                            "Parent Relationship": "Outer",
                            "Parallel Aware": false,
                            "Scan Direction": "Forward",
                            "Index Name": "movie_id_movie_companies",
                            "Relation Name": "movie_companies",
                            "Alias": "mc",
                            "Startup Cost": 0.43,
                            "Total Cost": 146582.27,
                            "Plan Rows": 1284387,
                            "Plan Width": 4,
                            "Actual Startup Time": 0.096,
                            "Actual Total Time": 646.58,
                            "Actual Rows": 1274246,
                            "Actual Loops": 2,
                            "Filter": "(company_type_id = 1)",
                            "Rows Removed by Filter": 1334883
                          },
                          {
                            "Node Type": "Index Scan",
                            "Parent Relationship": "Inner",
                            "Parallel Aware": false,
                            "Scan Direction": "Forward",
                            "Index Name": "title_pkey",
                            "Relation Name": "title",
                            "Alias": "t",
                            "Startup Cost": 0.43,
                            "Total Cost": 116660.7,
                            "Plan Rows": 2400427,
                            "Plan Width": 4,
                            "Actual Startup Time": 0.087,
                            "Actual Total Time": 1310.594,
                            "Actual Rows": 2395149,
                            "Actual Loops": 2,
                            "Filter": "(production_year > 1914)",
                            "Rows Removed by Filter": 130522
                          }
                        ]
                      }
                    ]
                  }
                ]
              }
            ]
          }
        ]
      }
    ]
  },
  "Planning Time": 0.972,
  "Triggers": [],
  "Execution Time": 9132.746
}