[
  {
    "Plan": {
      "Node Type": "Aggregate",
      "Strategy": "Plain",
      "Partial Mode": "Finalize",
      "Parallel Aware": false,
      "Startup Cost": 30987.53,
      "Total Cost": 30987.54,
      "Plan Rows": 1,
      "Plan Width": 8,
      "Actual Startup Time": 81.445,
      "Actual Total Time": 89.713,
      "Actual Rows": 1,
      "Actual Loops": 1,
      "Plans": [
        {
          "Node Type": "Gather",
          "Parent Relationship": "Outer",
          "Parallel Aware": false,
          "Startup Cost": 30987.21,
          "Total Cost": 30987.52,
          "Plan Rows": 3,
          "Plan Width": 8,
          "Actual Startup Time": 81.354,
          "Actual Total Time": 89.704,
          "Actual Rows": 4,
          "Actual Loops": 1,
          "Workers Planned": 3,
          "Workers Launched": 3,
          "Single Copy": false,
          "Plans": [
            {
              "Node Type": "Aggregate",
              "Strategy": "Plain",
              "Partial Mode": "Partial",
              "Parent Relationship": "Outer",
              "Parallel Aware": false,
              "Startup Cost": 29987.21,
              "Total Cost": 29987.22,
              "Plan Rows": 1,
              "Plan Width": 8,
              "Actual Startup Time": 76.537,
              "Actual Total Time": 76.538,
              "Actual Rows": 1,
              "Actual Loops": 4,
              "Plans": [
                {
                  "Node Type": "Seq Scan",
                  "Parent Relationship": "Outer",
                  "Parallel Aware": true,
                  "Relation Name": "movie_companies",
                  "Alias": "mc",
                  "Startup Cost": 0.0,
                  "Total Cost": 29310.68,
                  "Plan Rows": 270612,
                  "Plan Width": 0,
                  "Actual Startup Time": 0.033,
                  "Actual Total Time": 66.371,
                  "Actual Rows": 209529,
                  "Actual Loops": 4,
                  "Filter": "(company_id < 2182)",
                  "Rows Removed by Filter": 442754
                }
              ]
            }
          ]
        }
      ]
    },
    "Planning Time": 0.088,
    "Triggers": [],
    "Execution Time": 89.766
  }
]