[
  {
    "Plan": {
      "Node Type": "Aggregate",
      "Strategy": "Plain",
      "Partial Mode": "Finalize",
      "Parallel Aware": false,
      "Startup Cost": 98404.04,
      "Total Cost": 98404.05,
      "Plan Rows": 1,
      "Plan Width": 8,
      "Actual Startup Time": 481.523,
      "Actual Total Time": 496.523,
      "Actual Rows": 1,
      "Actual Loops": 1,
      "Plans": [
        {
          "Node Type": "Gather",
          "Parent Relationship": "Outer",
          "Parallel Aware": false,
          "Startup Cost": 98403.72,
          "Total Cost": 98404.03,
          "Plan Rows": 3,
          "Plan Width": 8,
          "Actual Startup Time": 476.073,
          "Actual Total Time": 496.512,
          "Actual Rows": 4,
          "Actual Loops": 1,
          "Workers Planned": 3,
          "Workers Launched": 3,
          "Single Copy": false,
          "Plans": [
            {
              "Node Type": "Aggregate",
              "Strategy": "Plain",
              "Partial Mode": "Partial",
              "Parent Relationship": "Outer",
              "Parallel Aware": false,
              "Startup Cost": 97403.72,
              "Total Cost": 97403.73,
              "Plan Rows": 1,
              "Plan Width": 8,
              "Actual Startup Time": 463.669,
              "Actual Total Time": 463.672,
              "Actual Rows": 1,
              "Actual Loops": 4,
              "Plans": [
                {
                  "Node Type": "Hash Join",
                  "Parent Relationship": "Outer",
                  "Parallel Aware": true,
                  "Join Type": "Inner",
                  "Startup Cost": 49803.47,
                  "Total Cost": 95723.15,
                  "Plan Rows": 672226,
                  "Plan Width": 0,
                  "Actual Startup Time": 245.657,
                  "Actual Total Time": 458.532,
                  "Actual Rows": 129338,
                  "Actual Loops": 4,
                  "Inner Unique": true,
                  "Hash Cond": "(mk.movie_id = t.id)",
                  "Plans": [
                    {
                      "Node Type": "Seq Scan",
                      "Parent Relationship": "Outer",
                      "Parallel Aware": true,
                      "Relation Name": "movie_keyword",
                      "Alias": "mk",
                      "Startup Cost": 0.0,
                      "Total Cost": 42695.65,
                      "Plan Rows": 1228201,
                      "Plan Width": 4,
                      "Actual Startup Time": 0.028,
                      "Actual Total Time": 111.815,
                      "Actual Rows": 953855,
                      "Actual Loops": 4,
                      "Filter": "(keyword_id < 26656)",
                      "Rows Removed by Filter": 177128
                    },
                    {
                      "Node Type": "Hash",
                      "Parent Relationship": "Inner",
                      "Parallel Aware": true,
                      "Startup Cost": 45479.1,
                      "Total Cost": 45479.1,
                      "Plan Rows": 345950,
                      "Plan Width": 4,
                      "Actual Startup Time": 237.779,
                      "Actual Total Time": 237.78,
                      "Actual Rows": 366136,
                      "Actual Loops": 4,
                      "Hash Buckets": 2097152,
                      "Original Hash Buckets": 2097152,
                      "Hash Batches": 1,
                      "Original Hash Batches": 1,
                      "Peak Memory Usage": 73760,
                      "Plans": [
                        {
                          "Node Type": "Seq Scan",
                          "Parent Relationship": "Outer",
                          "Parallel Aware": true,
                          "Relation Name": "title",
                          "Alias": "t",
                          "Startup Cost": 0.0,
                          "Total Cost": 45479.1,
                          "Plan Rows": 345950,
                          "Plan Width": 4,
                          "Actual Startup Time": 0.041,
                          "Actual Total Time": 107.468,
                          "Actual Rows": 366136,
                          "Actual Loops": 4,
                          "Filter": "((production_year > 1953) AND (kind_id = 7))",
                          "Rows Removed by Filter": 265942
                        }
                      ]
                    }
                  ]
                }
              ]
            }
          ]
        }
      ]
    },
    "Planning Time": 0.574,
    "Triggers": [],
    "Execution Time": 496.586
  }
]