[
  {
    "Plan": {
      "Node Type": "Aggregate",
      "Strategy": "Plain",
      "Partial Mode": "Finalize",
      "Parallel Aware": false,
      "Startup Cost": 70690.72,
      "Total Cost": 70690.73,
      "Plan Rows": 1,
      "Plan Width": 8,
      "Actual Startup Time": 68.837,
      "Actual Total Time": 76.525,
      "Actual Rows": 1,
      "Actual Loops": 1,
      "Plans": [
        {
          "Node Type": "Gather",
          "Parent Relationship": "Outer",
          "Parallel Aware": false,
          "Startup Cost": 70690.4,
          "Total Cost": 70690.71,
          "Plan Rows": 3,
          "Plan Width": 8,
          "Actual Startup Time": 68.638,
          "Actual Total Time": 76.519,
          "Actual Rows": 4,
          "Actual Loops": 1,
          "Workers Planned": 3,
          "Workers Launched": 3,
          "Single Copy": false,
          "Plans": [
            {
              "Node Type": "Aggregate",
              "Strategy": "Plain",
              "Partial Mode": "Partial",
              "Parent Relationship": "Outer",
              "Parallel Aware": false,
              "Startup Cost": 69690.4,
              "Total Cost": 69690.41,
              "Plan Rows": 1,
              "Plan Width": 8,
              "Actual Startup Time": 62.248,
              "Actual Total Time": 62.249,
              "Actual Rows": 1,
              "Actual Loops": 4,
              "Plans": [
                {
                  "Node Type": "Nested Loop",
                  "Parent Relationship": "Outer",
                  "Parallel Aware": false,
                  "Join Type": "Inner",
                  "Startup Cost": 568.12,
                  "Total Cost": 69688.59,
                  "Plan Rows": 724,
                  "Plan Width": 0,
                  "Actual Startup Time": 4.309,
                  "Actual Total Time": 61.147,
                  "Actual Rows": 13256,
                  "Actual Loops": 4,
                  "Inner Unique": false,
                  "Plans": [
                    {
                      "Node Type": "Nested Loop",
                      "Parent Relationship": "Outer",
                      "Parallel Aware": false,
                      "Join Type": "Inner",
                      "Startup Cost": 567.69,
                      "Total Cost": 66850.52,
                      "Plan Rows": 145,
                      "Plan Width": 8,
                      "Actual Startup Time": 4.159,
                      "Actual Total Time": 43.434,
                      "Actual Rows": 229,
                      "Actual Loops": 4,
                      "Inner Unique": true,
                      "Plans": [
                        {
                          "Node Type": "Bitmap Heap Scan",
                          "Parent Relationship": "Outer",
                          "Parallel Aware": true,
                          "Relation Name": "movie_keyword",
                          "Alias": "mk",
                          "Startup Cost": 567.26,
                          "Total Cost": 26214.35,
                          "Plan Rows": 8609,
                          "Plan Width": 4,
                          "Actual Startup Time": 2.885,
                          "Actual Total Time": 13.852,
                          "Actual Rows": 6552,
                          "Actual Loops": 4,
                          "Recheck Cond": "(keyword_id > 112937)",
                          "Rows Removed by Index Recheck": 0,
                          "Exact Heap Blocks": 3216,
                          "Lossy Heap Blocks": 0,
                          "Plans": [
                            {
                              "Node Type": "Bitmap Index Scan",
                              "Parent Relationship": "Outer",
                              "Parallel Aware": false,
                              "Index Name": "keyword_id_movie_keyword",
                              "Startup Cost": 0.0,
                              "Total Cost": 560.59,
                              "Plan Rows": 26687,
                              "Plan Width": 0,
                              "Actual Startup Time": 5.68,
                              "Actual Total Time": 5.681,
                              "Actual Rows": 26209,
                              "Actual Loops": 1,
                              "Index Cond": "(keyword_id > 112937)"
                            }
                          ]
                        },
                        {
                          "Node Type": "Index Scan",
                          "Parent Relationship": "Inner",
                          "Parallel Aware": false,
                          "Scan Direction": "Forward",
                          "Index Name": "title_pkey",
                          "Relation Name": "title",
                          "Alias": "t",
                          "Startup Cost": 0.43,
                          "Total Cost": 4.72,
                          "Plan Rows": 1,
                          "Plan Width": 4,
                          "Actual Startup Time": 0.004,
                          "Actual Total Time": 0.004,
                          "Actual Rows": 0,
                          "Actual Loops": 26209,
                          "Index Cond": "(id = mk.movie_id)",
                          "Rows Removed by Index Recheck": 0,
                          "Filter": "((kind_id < 3) AND (production_year = 2010))",
                          "Rows Removed by Filter": 1
                        }
                      ]
                    },
                    {
                      "Node Type": "Index Scan",
                      "Parent Relationship": "Inner",
                      "Parallel Aware": false,
                      "Scan Direction": "Forward",
                      "Index Name": "movie_id_movie_info",
                      "Relation Name": "movie_info",
                      "Alias": "mi",
                      "Startup Cost": 0.43,
                      "Total Cost": 19.22,
                      "Plan Rows": 35,
                      "Plan Width": 4,
                      "Actual Startup Time": 0.013,
                      "Actual Total Time": 0.07,
                      "Actual Rows": 58,
                      "Actual Loops": 915,
                      "Index Cond": "(movie_id = t.id)",
                      "Rows Removed by Index Recheck": 0,
                      "Filter": "(info_type_id < 17)",
                      "Rows Removed by Filter": 34
                    }
                  ]
                }
              ]
            }
          ]
        }
      ]
    },
    "Planning Time": 0.704,
    "Triggers": [],
    "Execution Time": 76.58
  }
]