[
  {
    "Plan": {
      "Node Type": "Aggregate",
      "Strategy": "Plain",
      "Partial Mode": "Finalize",
      "Parallel Aware": false,
      "Startup Cost": 32675.2,
      "Total Cost": 32675.21,
      "Plan Rows": 1,
      "Plan Width": 8,
      "Actual Startup Time": 79.838,
      "Actual Total Time": 88.411,
      "Actual Rows": 1,
      "Actual Loops": 1,
      "Plans": [
        {
          "Node Type": "Gather",
          "Parent Relationship": "Outer",
          "Parallel Aware": false,
          "Startup Cost": 32674.88,
          "Total Cost": 32675.19,
          "Plan Rows": 3,
          "Plan Width": 8,
          "Actual Startup Time": 79.675,
          "Actual Total Time": 88.402,
          "Actual Rows": 4,
          "Actual Loops": 1,
          "Workers Planned": 3,
          "Workers Launched": 3,
          "Single Copy": false,
          "Plans": [
            {
              "Node Type": "Aggregate",
              "Strategy": "Plain",
              "Partial Mode": "Partial",
              "Parent Relationship": "Outer",
              "Parallel Aware": false,
              "Startup Cost": 31674.88,
              "Total Cost": 31674.89,
              "Plan Rows": 1,
              "Plan Width": 8,
              "Actual Startup Time": 74.329,
              "Actual Total Time": 74.33,
              "Actual Rows": 1,
              "Actual Loops": 4,
              "Plans": [
                {
                  "Node Type": "Seq Scan",
                  "Parent Relationship": "Outer",
                  "Parallel Aware": true,
                  "Relation Name": "movie_companies",
                  "Alias": "mc",
                  "Startup Cost": 0.0,
                  "Total Cost": 31414.82,
                  "Plan Rows": 104024,
                  "Plan Width": 0,
                  "Actual Startup Time": 39.957,
                  "Actual Total Time": 71.998,
                  "Actual Rows": 43462,
                  "Actual Loops": 4,
                  "Filter": "((company_id < 793) AND (company_type_id = 2))",
                  "Rows Removed by Filter": 608820
                }
              ]
            }
          ]
        }
      ]
    },
    "Planning Time": 0.101,
    "Triggers": [],
    "Execution Time": 88.449
  }
]