[
    {
        "Bao": {
            "Bao prediction": 923.71,
            "Bao recommended hint": "SET enable_nestloop TO off; "
        }
    },
    {
        "Plan": {
            "Node Type": "Aggregate",
            "Strategy": "Plain",
            "Partial Mode": "Finalize",
            "Parallel Aware": false,
            "Startup Cost": 269676.74,
            "Total Cost": 269676.75,
            "Plan Rows": 1,
            "Plan Width": 8,
            "Actual Startup Time": 845.681,
            "Actual Total Time": 888.039,
            "Actual Rows": 1,
            "Actual Loops": 1,
            "Output": [
                "count(*)"
            ],
            "Plans": [
                {
                    "Node Type": "Gather",
                    "Parent Relationship": "Outer",
                    "Parallel Aware": false,
                    "Startup Cost": 269676.22,
                    "Total Cost": 269676.73,
                    "Plan Rows": 5,
                    "Plan Width": 8,
                    "Actual Startup Time": 845.02,
                    "Actual Total Time": 888.017,
                    "Actual Rows": 6,
                    "Actual Loops": 1,
                    "Output": [
                        "(PARTIAL count(*))"
                    ],
                    "Workers Planned": 5,
                    "Workers Launched": 5,
                    "Single Copy": false,
                    "Plans": [
                        {
                            "Node Type": "Aggregate",
                            "Strategy": "Plain",
                            "Partial Mode": "Partial",
                            "Parent Relationship": "Outer",
                            "Parallel Aware": false,
                            "Startup Cost": 268676.22,
                            "Total Cost": 268676.23,
                            "Plan Rows": 1,
                            "Plan Width": 8,
                            "Actual Startup Time": 834.903,
                            "Actual Total Time": 834.909,
                            "Actual Rows": 1,
                            "Actual Loops": 6,
                            "Output": [
                                "PARTIAL count(*)"
                            ],
                            "Workers": [
                                {
                                    "Worker Number": 0,
                                    "Actual Startup Time": 832.704,
                                    "Actual Total Time": 832.71,
                                    "Actual Rows": 1,
                                    "Actual Loops": 1
                                },
                                {
                                    "Worker Number": 1,
                                    "Actual Startup Time": 832.909,
                                    "Actual Total Time": 832.913,
                                    "Actual Rows": 1,
                                    "Actual Loops": 1
                                },
                                {
                                    "Worker Number": 2,
                                    "Actual Startup Time": 833.068,
                                    "Actual Total Time": 833.073,
                                    "Actual Rows": 1,
                                    "Actual Loops": 1
                                },
                                {
                                    "Worker Number": 3,
                                    "Actual Startup Time": 833.134,
                                    "Actual Total Time": 833.139,
                                    "Actual Rows": 1,
                                    "Actual Loops": 1
                                },
                                {
                                    "Worker Number": 4,
                                    "Actual Startup Time": 833.53,
                                    "Actual Total Time": 833.535,
                                    "Actual Rows": 1,
                                    "Actual Loops": 1
                                }
                            ],
                            "Plans": [
                                {
                                    "Node Type": "Hash Join",
                                    "Parent Relationship": "Outer",
                                    "Parallel Aware": true,
                                    "Join Type": "Inner",
                                    "Startup Cost": 66037.01,
                                    "Total Cost": 268641.37,
                                    "Plan Rows": 13939,
                                    "Plan Width": 0,
                                    "Actual Startup Time": 164.213,
                                    "Actual Total Time": 832.545,
                                    "Actual Rows": 28840,
                                    "Actual Loops": 6,
                                    "Inner Unique": false,
                                    "Hash Cond": "(mi.movie_id = t.id)",
                                    "Workers": [
                                        {
                                            "Worker Number": 0,
                                            "Actual Startup Time": 162.111,
                                            "Actual Total Time": 830.451,
                                            "Actual Rows": 26004,
                                            "Actual Loops": 1
                                        },
                                        {
                                            "Worker Number": 1,
                                            "Actual Startup Time": 162.176,
                                            "Actual Total Time": 830.583,
                                            "Actual Rows": 26632,
                                            "Actual Loops": 1
                                        },
                                        {
                                            "Worker Number": 2,
                                            "Actual Startup Time": 162.267,
                                            "Actual Total Time": 830.648,
                                            "Actual Rows": 28117,
                                            "Actual Loops": 1
                                        },
                                        {
                                            "Worker Number": 3,
                                            "Actual Startup Time": 162.575,
                                            "Actual Total Time": 830.784,
                                            "Actual Rows": 27800,
                                            "Actual Loops": 1
                                        },
                                        {
                                            "Worker Number": 4,
                                            "Actual Startup Time": 162.898,
                                            "Actual Total Time": 831.231,
                                            "Actual Rows": 26735,
                                            "Actual Loops": 1
                                        }
                                    ],
                                    "Plans": [
                                        {
                                            "Node Type": "Seq Scan",
                                            "Parent Relationship": "Outer",
                                            "Parallel Aware": true,
                                            "Relation Name": "movie_info",
                                            "Schema": "public",
                                            "Alias": "mi",
                                            "Startup Cost": 0.0,
                                            "Total Cost": 191503.19,
                                            "Plan Rows": 2951019,
                                            "Plan Width": 4,
                                            "Actual Startup Time": 0.018,
                                            "Actual Total Time": 376.53,
                                            "Actual Rows": 2472620,
                                            "Actual Loops": 6,
                                            "Output": [
                                                "mi.id",
                                                "mi.movie_id",
                                                "mi.info_type_id",
                                                "mi.info",
                                                "mi.note"
                                            ],
                                            "Workers": [
                                                {
                                                    "Worker Number": 0,
                                                    "Actual Startup Time": 0.015,
                                                    "Actual Total Time": 384.902,
                                                    "Actual Rows": 2361758,
                                                    "Actual Loops": 1
                                                },
                                                {
                                                    "Worker Number": 1,
                                                    "Actual Startup Time": 0.016,
                                                    "Actual Total Time": 384.673,
                                                    "Actual Rows": 2359767,
                                                    "Actual Loops": 1
                                                },
                                                {
                                                    "Worker Number": 2,
                                                    "Actual Startup Time": 0.013,
                                                    "Actual Total Time": 384.308,
                                                    "Actual Rows": 2366589,
                                                    "Actual Loops": 1
                                                },
                                                {
                                                    "Worker Number": 3,
                                                    "Actual Startup Time": 0.028,
                                                    "Actual Total Time": 384.812,
                                                    "Actual Rows": 2355334,
                                                    "Actual Loops": 1
                                                },
                                                {
                                                    "Worker Number": 4,
                                                    "Actual Startup Time": 0.025,
                                                    "Actual Total Time": 384.698,
                                                    "Actual Rows": 2362496,
                                                    "Actual Loops": 1
                                                }
                                            ]
                                        },
                                        {
                                            "Node Type": "Hash",
                                            "Parent Relationship": "Inner",
                                            "Parallel Aware": true,
                                            "Startup Cost": 65999.69,
                                            "Total Cost": 65999.69,
                                            "Plan Rows": 2986,
                                            "Plan Width": 8,
                                            "Actual Startup Time": 162.603,
                                            "Actual Total Time": 162.607,
                                            "Actual Rows": 1037,
                                            "Actual Loops": 6,
                                            "Output": [
                                                "t.id",
                                                "mc.movie_id"
                                            ],
                                            "Hash Buckets": 16384,
                                            "Original Hash Buckets": 16384,
                                            "Hash Batches": 1,
                                            "Original Hash Batches": 1,
                                            "Peak Memory Usage": 512,
                                            "Workers": [
                                                {
                                                    "Worker Number": 0,
                                                    "Actual Startup Time": 160.946,
                                                    "Actual Total Time": 160.95,
                                                    "Actual Rows": 995,
                                                    "Actual Loops": 1
                                                },
                                                {
                                                    "Worker Number": 1,
                                                    "Actual Startup Time": 161.166,
                                                    "Actual Total Time": 161.169,
                                                    "Actual Rows": 967,
                                                    "Actual Loops": 1
                                                },
                                                {
                                                    "Worker Number": 2,
                                                    "Actual Startup Time": 161.332,
                                                    "Actual Total Time": 161.336,
                                                    "Actual Rows": 971,
                                                    "Actual Loops": 1
                                                },
                                                {
                                                    "Worker Number": 3,
                                                    "Actual Startup Time": 161.438,
                                                    "Actual Total Time": 161.441,
                                                    "Actual Rows": 957,
                                                    "Actual Loops": 1
                                                },
                                                {
                                                    "Worker Number": 4,
                                                    "Actual Startup Time": 161.808,
                                                    "Actual Total Time": 161.812,
                                                    "Actual Rows": 943,
                                                    "Actual Loops": 1
                                                }
                                            ],
                                            "Plans": [
                                                {
                                                    "Node Type": "Hash Join",
                                                    "Parent Relationship": "Outer",
                                                    "Parallel Aware": true,
                                                    "Join Type": "Inner",
                                                    "Startup Cost": 19972.99,
                                                    "Total Cost": 65999.69,
                                                    "Plan Rows": 2986,
                                                    "Plan Width": 8,
                                                    "Actual Startup Time": 21.051,
                                                    "Actual Total Time": 161.784,
                                                    "Actual Rows": 1037,
                                                    "Actual Loops": 6,
                                                    "Output": [
                                                        "t.id",
                                                        "mc.movie_id"
                                                    ],
                                                    "Inner Unique": false,
                                                    "Hash Cond": "(t.id = mc.movie_id)",
                                                    "Workers": [
                                                        {
                                                            "Worker Number": 0,
                                                            "Actual Startup Time": 19.231,
                                                            "Actual Total Time": 160.154,
                                                            "Actual Rows": 995,
                                                            "Actual Loops": 1
                                                        },
                                                        {
                                                            "Worker Number": 1,
                                                            "Actual Startup Time": 20.237,
                                                            "Actual Total Time": 160.345,
                                                            "Actual Rows": 967,
                                                            "Actual Loops": 1
                                                        },
                                                        {
                                                            "Worker Number": 2,
                                                            "Actual Startup Time": 19.602,
                                                            "Actual Total Time": 160.507,
                                                            "Actual Rows": 971,
                                                            "Actual Loops": 1
                                                        },
                                                        {
                                                            "Worker Number": 3,
                                                            "Actual Startup Time": 19.938,
                                                            "Actual Total Time": 160.561,
                                                            "Actual Rows": 957,
                                                            "Actual Loops": 1
                                                        },
                                                        {
                                                            "Worker Number": 4,
                                                            "Actual Startup Time": 20.172,
                                                            "Actual Total Time": 160.981,
                                                            "Actual Rows": 943,
                                                            "Actual Loops": 1
                                                        }
                                                    ],
                                                    "Plans": [
                                                        {
                                                            "Node Type": "Seq Scan",
                                                            "Parent Relationship": "Outer",
                                                            "Parallel Aware": true,
                                                            "Relation Name": "title",
                                                            "Schema": "public",
                                                            "Alias": "t",
                                                            "Startup Cost": 0.0,
                                                            "Total Cost": 43899.01,
                                                            "Plan Rows": 423612,
                                                            "Plan Width": 4,
                                                            "Actual Startup Time": 0.015,
                                                            "Actual Total Time": 91.513,
                                                            "Actual Rows": 283386,
                                                            "Actual Loops": 6,
                                                            "Output": [
                                                                "t.id",
                                                                "t.title",
                                                                "t.imdb_index",
                                                                "t.kind_id",
                                                                "t.production_year",
                                                                "t.imdb_id",
                                                                "t.phonetic_code",
                                                                "t.episode_of_id",
                                                                "t.season_nr",
                                                                "t.episode_nr",
                                                                "t.series_years",
                                                                "t.md5sum"
                                                            ],
                                                            "Filter": "(t.production_year > 1992)",
                                                            "Rows Removed by Filter": 137999,
                                                            "Workers": [
                                                                {
                                                                    "Worker Number": 0,
                                                                    "Actual Startup Time": 0.009,
                                                                    "Actual Total Time": 92.631,
                                                                    "Actual Rows": 267429,
                                                                    "Actual Loops": 1
                                                                },
                                                                {
                                                                    "Worker Number": 1,
                                                                    "Actual Startup Time": 0.01,
                                                                    "Actual Total Time": 92.75,
                                                                    "Actual Rows": 267550,
                                                                    "Actual Loops": 1
                                                                },
                                                                {
                                                                    "Worker Number": 2,
                                                                    "Actual Startup Time": 0.016,
                                                                    "Actual Total Time": 92.631,
                                                                    "Actual Rows": 267243,
                                                                    "Actual Loops": 1
                                                                },
                                                                {
                                                                    "Worker Number": 3,
                                                                    "Actual Startup Time": 0.026,
                                                                    "Actual Total Time": 92.21,
                                                                    "Actual Rows": 259422,
                                                                    "Actual Loops": 1
                                                                },
                                                                {
                                                                    "Worker Number": 4,
                                                                    "Actual Startup Time": 0.021,
                                                                    "Actual Total Time": 93.162,
                                                                    "Actual Rows": 265675,
                                                                    "Actual Loops": 1
                                                                }
                                                            ]
                                                        },
                                                        {
                                                            "Node Type": "Hash",
                                                            "Parent Relationship": "Inner",
                                                            "Parallel Aware": true,
                                                            "Startup Cost": 19901.14,
                                                            "Total Cost": 19901.14,
                                                            "Plan Rows": 5748,
                                                            "Plan Width": 4,
                                                            "Actual Startup Time": 20.519,
                                                            "Actual Total Time": 20.521,
                                                            "Actual Rows": 5920,
                                                            "Actual Loops": 6,
                                                            "Output": [
                                                                "mc.movie_id"
                                                            ],
                                                            "Hash Buckets": 32768,
                                                            "Original Hash Buckets": 32768,
                                                            "Hash Batches": 1,
                                                            "Original Hash Batches": 1,
                                                            "Peak Memory Usage": 1728,
                                                            "Workers": [
                                                                {
                                                                    "Worker Number": 0,
                                                                    "Actual Startup Time": 18.939,
                                                                    "Actual Total Time": 18.941,
                                                                    "Actual Rows": 5229,
                                                                    "Actual Loops": 1
                                                                },
                                                                {
                                                                    "Worker Number": 1,
                                                                    "Actual Startup Time": 19.158,
                                                                    "Actual Total Time": 19.16,
                                                                    "Actual Rows": 4719,
                                                                    "Actual Loops": 1
                                                                },
                                                                {
                                                                    "Worker Number": 2,
                                                                    "Actual Startup Time": 19.342,
                                                                    "Actual Total Time": 19.344,
                                                                    "Actual Rows": 4338,
                                                                    "Actual Loops": 1
                                                                },
                                                                {
                                                                    "Worker Number": 3,
                                                                    "Actual Startup Time": 19.387,
                                                                    "Actual Total Time": 19.388,
                                                                    "Actual Rows": 4716,
                                                                    "Actual Loops": 1
                                                                },
                                                                {
                                                                    "Worker Number": 4,
                                                                    "Actual Startup Time": 19.779,
                                                                    "Actual Total Time": 19.781,
                                                                    "Actual Rows": 4724,
                                                                    "Actual Loops": 1
                                                                }
                                                            ],
                                                            "Plans": [
                                                                {
                                                                    "Node Type": "Bitmap Heap Scan",
                                                                    "Parent Relationship": "Outer",
                                                                    "Parallel Aware": true,
                                                                    "Relation Name": "movie_companies",
                                                                    "Schema": "public",
                                                                    "Alias": "mc",
                                                                    "Startup Cost": 785.54,
                                                                    "Total Cost": 19901.14,
                                                                    "Plan Rows": 5748,
                                                                    "Plan Width": 4,
                                                                    "Actual Startup Time": 3.427,
                                                                    "Actual Total Time": 16.69,
                                                                    "Actual Rows": 5920,
                                                                    "Actual Loops": 6,
                                                                    "Output": [
                                                                        "mc.movie_id"
                                                                    ],
                                                                    "Recheck Cond": "(mc.company_id = 160)",
                                                                    "Rows Removed by Index Recheck": 0,
                                                                    "Filter": "(mc.company_type_id < 2)",
                                                                    "Rows Removed by Filter": 103,
                                                                    "Exact Heap Blocks": 2118,
                                                                    "Lossy Heap Blocks": 0,
                                                                    "Workers": [
                                                                        {
                                                                            "Worker Number": 0,
                                                                            "Actual Startup Time": 1.863,
                                                                            "Actual Total Time": 15.514,
                                                                            "Actual Rows": 5229,
                                                                            "Actual Loops": 1
                                                                        },
                                                                        {
                                                                            "Worker Number": 1,
                                                                            "Actual Startup Time": 2.21,
                                                                            "Actual Total Time": 15.889,
                                                                            "Actual Rows": 4719,
                                                                            "Actual Loops": 1
                                                                        },
                                                                        {
                                                                            "Worker Number": 2,
                                                                            "Actual Startup Time": 2.309,
                                                                            "Actual Total Time": 15.631,
                                                                            "Actual Rows": 4338,
                                                                            "Actual Loops": 1
                                                                        },
                                                                        {
                                                                            "Worker Number": 3,
                                                                            "Actual Startup Time": 2.278,
                                                                            "Actual Total Time": 15.833,
                                                                            "Actual Rows": 4716,
                                                                            "Actual Loops": 1
                                                                        },
                                                                        {
                                                                            "Worker Number": 4,
                                                                            "Actual Startup Time": 2.666,
                                                                            "Actual Total Time": 16.551,
                                                                            "Actual Rows": 4724,
                                                                            "Actual Loops": 1
                                                                        }
                                                                    ],
                                                                    "Plans": [
                                                                        {
                                                                            "Node Type": "Bitmap Index Scan",
                                                                            "Parent Relationship": "Outer",
                                                                            "Parallel Aware": false,
                                                                            "Index Name": "company_id_movie_companies",
                                                                            "Startup Cost": 0.0,
                                                                            "Total Cost": 781.08,
                                                                            "Plan Rows": 36354,
                                                                            "Plan Width": 0,
                                                                            "Actual Startup Time": 6.792,
                                                                            "Actual Total Time": 6.793,
                                                                            "Actual Rows": 36136,
                                                                            "Actual Loops": 1,
                                                                            "Index Cond": "(mc.company_id = 160)"
                                                                        }
                                                                    ]
                                                                }
                                                            ]
                                                        }
                                                    ]
                                                }
                                            ]
                                        }
                                    ]
                                }
                            ]
                        }
                    ]
                }
            ]
        },
        "Planning Time": 2408.431,
        "Triggers": [],
        "Execution Time": 888.254
    }
]