{
  "Plan": {
    "Node Type": "Aggregate",
    "Strategy": "Plain",
    "Partial Mode": "Finalize",
    "Parallel Aware": false,
    "Startup Cost": 567476.62,
    "Total Cost": 567476.63,
    "Plan Rows": 1,
    "Plan Width": 8,
    "Actual Startup Time": 912.929,
    "Actual Total Time": 958.091,
    "Actual Rows": 1,
    "Actual Loops": 1,
    "Plans": [
      {
        "Node Type": "Gather",
        "Parent Relationship": "Outer",
        "Parallel Aware": false,
        "Startup Cost": 567476.51,
        "Total Cost": 567476.62,
        "Plan Rows": 1,
        "Plan Width": 8,
        "Actual Startup Time": 912.326,
        "Actual Total Time": 958.084,
        "Actual Rows": 2,
        "Actual Loops": 1,
        "Workers Planned": 1,
        "Workers Launched": 1,
        "Single Copy": false,
        "Plans": [
          {
            "Node Type": "Aggregate",
            "Strategy": "Plain",
            "Partial Mode": "Partial",
            "Parent Relationship": "Outer",
            "Parallel Aware": false,
            "Startup Cost": 566476.51,
            "Total Cost": 566476.52,
            "Plan Rows": 1,
            "Plan Width": 8,
            "Actual Startup Time": 906.316,
            "Actual Total Time": 906.32,
            "Actual Rows": 1,
            "Actual Loops": 2,
            "Plans": [
              {
                "Node Type": "Nested Loop",
                "Parent Relationship": "Outer",
                "Parallel Aware": false,
                "Join Type": "Inner",
                "Startup Cost": 60678.96,
                "Total Cost": 560371.48,
                "Plan Rows": 2442012,
                "Plan Width": 0,
                "Actual Startup Time": 171.614,
                "Actual Total Time": 877.8,
                "Actual Rows": 629864,
                "Actual Loops": 2,
                "Inner Unique": false,
                "Join Filter": "(t.id = ci.movie_id)",
                "Rows Removed by Join Filter": 0,
                "Plans": [
                  {
                    "Node Type": "Hash Join",
                    "Parent Relationship": "Outer",
                    "Parallel Aware": true,
                    "Join Type": "Inner",
                    "Startup Cost": 60678.39,
                    "Total Cost": 122268.06,
                    "Plan Rows": 188174,
                    "Plan Width": 8,
                    "Actual Startup Time": 171.541,
                    "Actual Total Time": 454.243,
                    "Actual Rows": 37102,
                    "Actual Loops": 2,
                    "Inner Unique": true,
                    "Hash Cond": "(mk.movie_id = t.id)",
                    "Plans": [
                      {
                        "Node Type": "Seq Scan",
                        "Parent Relationship": "Outer",
                        "Parallel Aware": true,
                        "Relation Name": "movie_keyword",
                        "Alias": "mk",
                        "Startup Cost": 0.0,
                        "Total Cost": 57718.19,
                        "Plan Rows": 1474844,
                        "Plan Width": 4,
                        "Actual Startup Time": 0.316,
                        "Actual Total Time": 178.236,
                        "Actual Rows": 1250778,
                        "Actual Loops": 2,
                        "Filter": "(keyword_id > 3622)",
                        "Rows Removed by Filter": 1011188
                      },
                      {
                        "Node Type": "Hash",
                        "Parent Relationship": "Inner",
                        "Parallel Aware": true,
                        "Startup Cost": 58306.47,
                        "Total Cost": 58306.47,
                        "Plan Rows": 189754,
                        "Plan Width": 4,
                        "Actual Startup Time": 165.259,
                        "Actual Total Time": 165.26,
                        "Actual Rows": 109437,
                        "Actual Loops": 2,
                        "Hash Buckets": 524288,
                        "Original Hash Buckets": 524288,
                        "Hash Batches": 1,
                        "Original Hash Batches": 1,
                        "Peak Memory Usage": 12704,
                        "Plans": [
                          {
                            "Node Type": "Seq Scan",
                            "Parent Relationship": "Outer",
                            "Parallel Aware": true,
                            "Relation Name": "title",
                            "Alias": "t",
                            "Startup Cost": 0.0,
                            "Total Cost": 58306.47,
                            "Plan Rows": 189754,
                            "Plan Width": 4,
                            "Actual Startup Time": 0.028,
                            "Actual Total Time": 135.772,
                            "Actual Rows": 109437,
                            "Actual Loops": 2,
                            "Filter": "((kind_id > 4) AND (production_year < 1982))",
                            "Rows Removed by Filter": 1154719
                          }
                        ]
                      }
                    ]
                  },
                  {
                    "Node Type": "Index Scan",
                    "Parent Relationship": "Inner",
                    "Parallel Aware": false,
                    "Scan Direction": "Forward",
                    "Index Name": "movie_id_cast_info",
                    "Relation Name": "cast_info",
                    "Alias": "ci",
                    "Startup Cost": 0.56,
                    "Total Cost": 1.92,
                    "Plan Rows": 33,
                    "Plan Width": 4,
                    "Actual Startup Time": 0.003,
                    "Actual Total Time": 0.01,
                    "Actual Rows": 17,
                    "Actual Loops": 74203,
                    "Index Cond": "(movie_id = mk.movie_id)",
                    "Rows Removed by Index Recheck": 0,
                    "Filter": "(person_id > 338759)",
                    "Rows Removed by Filter": 3
                  }
                ]
              }
            ]
          }
        ]
      }
    ]
  },
  "Planning Time": 1.025,
  "Triggers": [],
  "Execution Time": 958.188
}