[
  {
    "Plan": {
      "Node Type": "Aggregate",
      "Strategy": "Plain",
      "Partial Mode": "Finalize",
      "Parallel Aware": false,
      "Startup Cost": 71891.12,
      "Total Cost": 71891.13,
      "Plan Rows": 1,
      "Plan Width": 8,
      "Actual Startup Time": 65.494,
      "Actual Total Time": 76.431,
      "Actual Rows": 1,
      "Actual Loops": 1,
      "Plans": [
        {
          "Node Type": "Gather",
          "Parent Relationship": "Outer",
          "Parallel Aware": false,
          "Startup Cost": 71890.8,
          "Total Cost": 71891.11,
          "Plan Rows": 3,
          "Plan Width": 8,
          "Actual Startup Time": 65.287,
          "Actual Total Time": 76.425,
          "Actual Rows": 4,
          "Actual Loops": 1,
          "Workers Planned": 3,
          "Workers Launched": 3,
          "Single Copy": false,
          "Plans": [
            {
              "Node Type": "Aggregate",
              "Strategy": "Plain",
              "Partial Mode": "Partial",
              "Parent Relationship": "Outer",
              "Parallel Aware": false,
              "Startup Cost": 70890.8,
              "Total Cost": 70890.81,
              "Plan Rows": 1,
              "Plan Width": 8,
              "Actual Startup Time": 58.723,
              "Actual Total Time": 58.724,
              "Actual Rows": 1,
              "Actual Loops": 4,
              "Plans": [
                {
                  "Node Type": "Nested Loop",
                  "Parent Relationship": "Outer",
                  "Parallel Aware": false,
                  "Join Type": "Inner",
                  "Startup Cost": 667.6,
                  "Total Cost": 70880.95,
                  "Plan Rows": 3942,
                  "Plan Width": 0,
                  "Actual Startup Time": 1.261,
                  "Actual Total Time": 58.075,
                  "Actual Rows": 5596,
                  "Actual Loops": 4,
                  "Inner Unique": true,
                  "Plans": [
                    {
                      "Node Type": "Bitmap Heap Scan",
                      "Parent Relationship": "Outer",
                      "Parallel Aware": true,
                      "Relation Name": "movie_keyword",
                      "Alias": "mk",
                      "Startup Cost": 667.17,
                      "Total Cost": 26553.02,
                      "Plan Rows": 10104,
                      "Plan Width": 4,
                      "Actual Startup Time": 1.093,
                      "Actual Total Time": 13.398,
                      "Actual Rows": 6187,
                      "Actual Loops": 4,
                      "Recheck Cond": "(keyword_id < 18)",
                      "Rows Removed by Index Recheck": 0,
                      "Exact Heap Blocks": 4555,
                      "Lossy Heap Blocks": 0,
                      "Plans": [
                        {
                          "Node Type": "Bitmap Index Scan",
                          "Parent Relationship": "Outer",
                          "Parallel Aware": false,
                          "Index Name": "keyword_id_movie_keyword",
                          "Startup Cost": 0.0,
                          "Total Cost": 659.34,
                          "Plan Rows": 31321,
                          "Plan Width": 0,
                          "Actual Startup Time": 2.761,
                          "Actual Total Time": 2.761,
                          "Actual Rows": 24747,
                          "Actual Loops": 1,
                          "Index Cond": "(keyword_id < 18)"
                        }
                      ]
                    },
                    {
                      "Node Type": "Index Scan",
                      "Parent Relationship": "Inner",
                      "Parallel Aware": false,
                      "Scan Direction": "Forward",
                      "Index Name": "title_pkey",
                      "Relation Name": "title",
                      "Alias": "t",
                      "Startup Cost": 0.43,
                      "Total Cost": 4.39,
                      "Plan Rows": 1,
                      "Plan Width": 4,
                      "Actual Startup Time": 0.007,
                      "Actual Total Time": 0.007,
                      "Actual Rows": 1,
                      "Actual Loops": 24747,
                      "Index Cond": "(id = mk.movie_id)",
                      "Rows Removed by Index Recheck": 0,
                      "Filter": "(kind_id < 7)",
                      "Rows Removed by Filter": 0
                    }
                  ]
                }
              ]
            }
          ]
        }
      ]
    },
    "Planning Time": 0.299,
    "Triggers": [],
    "Execution Time": 76.473
  }
]