[
  {
    "Plan": {
      "Node Type": "Aggregate",
      "Strategy": "Plain",
      "Partial Mode": "Finalize",
      "Parallel Aware": false,
      "Startup Cost": 30834.85,
      "Total Cost": 30834.86,
      "Plan Rows": 1,
      "Plan Width": 8,
      "Actual Startup Time": 89.366,
      "Actual Total Time": 97.249,
      "Actual Rows": 1,
      "Actual Loops": 1,
      "Plans": [
        {
          "Node Type": "Gather",
          "Parent Relationship": "Outer",
          "Parallel Aware": false,
          "Startup Cost": 30834.54,
          "Total Cost": 30834.85,
          "Plan Rows": 3,
          "Plan Width": 8,
          "Actual Startup Time": 89.241,
          "Actual Total Time": 97.241,
          "Actual Rows": 4,
          "Actual Loops": 1,
          "Workers Planned": 3,
          "Workers Launched": 3,
          "Single Copy": false,
          "Plans": [
            {
              "Node Type": "Aggregate",
              "Strategy": "Plain",
              "Partial Mode": "Partial",
              "Parent Relationship": "Outer",
              "Parallel Aware": false,
              "Startup Cost": 29834.54,
              "Total Cost": 29834.55,
              "Plan Rows": 1,
              "Plan Width": 8,
              "Actual Startup Time": 83.346,
              "Actual Total Time": 83.347,
              "Actual Rows": 1,
              "Actual Loops": 4,
              "Plans": [
                {
                  "Node Type": "Seq Scan",
                  "Parent Relationship": "Outer",
                  "Parallel Aware": true,
                  "Relation Name": "movie_companies",
                  "Alias": "mc",
                  "Startup Cost": 0.0,
                  "Total Cost": 29310.68,
                  "Plan Rows": 209542,
                  "Plan Width": 0,
                  "Actual Startup Time": 36.214,
                  "Actual Total Time": 76.547,
                  "Actual Rows": 165470,
                  "Actual Loops": 4,
                  "Filter": "(company_id > 52168)",
                  "Rows Removed by Filter": 486812
                }
              ]
            }
          ]
        }
      ]
    },
    "Planning Time": 0.225,
    "Triggers": [],
    "Execution Time": 97.309
  }
]