{
    "Plan": {
        "Node Type": "Aggregate",
        "Strategy": "Plain",
        "Partial Mode": "Finalize",
        "Parallel Aware": false,
        "Startup Cost": 123171.0,
        "Total Cost": 123171.01,
        "Plan Rows": 1,
        "Plan Width": 8,
        "Actual Startup Time": 317.095,
        "Actual Total Time": 340.431,
        "Actual Rows": 1,
        "Actual Loops": 1,
        "Output": [
            "count(*)"
        ],
        "Plans": [
            {
                "Node Type": "Gather",
                "Parent Relationship": "Outer",
                "Parallel Aware": false,
                "Startup Cost": 123170.58,
                "Total Cost": 123170.99,
                "Plan Rows": 4,
                "Plan Width": 8,
                "Actual Startup Time": 315.814,
                "Actual Total Time": 340.421,
                "Actual Rows": 5,
                "Actual Loops": 1,
                "Output": [
                    "(PARTIAL count(*))"
                ],
                "Workers Planned": 4,
                "Workers Launched": 4,
                "Single Copy": false,
                "Plans": [
                    {
                        "Node Type": "Aggregate",
                        "Strategy": "Plain",
                        "Partial Mode": "Partial",
                        "Parent Relationship": "Outer",
                        "Parallel Aware": false,
                        "Startup Cost": 122170.58,
                        "Total Cost": 122170.59,
                        "Plan Rows": 1,
                        "Plan Width": 8,
                        "Actual Startup Time": 304.528,
                        "Actual Total Time": 304.59,
                        "Actual Rows": 1,
                        "Actual Loops": 5,
                        "Output": [
                            "PARTIAL count(*)"
                        ],
                        "Workers": [
                            {
                                "Worker Number": 0,
                                "Actual Startup Time": 301.794,
                                "Actual Total Time": 301.801,
                                "Actual Rows": 1,
                                "Actual Loops": 1
                            },
                            {
                                "Worker Number": 1,
                                "Actual Startup Time": 301.857,
                                "Actual Total Time": 301.862,
                                "Actual Rows": 1,
                                "Actual Loops": 1
                            },
                            {
                                "Worker Number": 2,
                                "Actual Startup Time": 301.866,
                                "Actual Total Time": 301.872,
                                "Actual Rows": 1,
                                "Actual Loops": 1
                            },
                            {
                                "Worker Number": 3,
                                "Actual Startup Time": 302.156,
                                "Actual Total Time": 302.161,
                                "Actual Rows": 1,
                                "Actual Loops": 1
                            }
                        ],
                        "Plans": [
                            {
                                "Node Type": "Hash Join",
                                "Parent Relationship": "Outer",
                                "Parallel Aware": true,
                                "Join Type": "Inner",
                                "Startup Cost": 77251.84,
                                "Total Cost": 122140.91,
                                "Plan Rows": 11868,
                                "Plan Width": 0,
                                "Actual Startup Time": 217.604,
                                "Actual Total Time": 303.955,
                                "Actual Rows": 11901,
                                "Actual Loops": 5,
                                "Inner Unique": false,
                                "Hash Cond": "(t.id = mc.movie_id)",
                                "Workers": [
                                    {
                                        "Worker Number": 0,
                                        "Actual Startup Time": 214.431,
                                        "Actual Total Time": 301.171,
                                        "Actual Rows": 11449,
                                        "Actual Loops": 1
                                    },
                                    {
                                        "Worker Number": 1,
                                        "Actual Startup Time": 214.853,
                                        "Actual Total Time": 301.244,
                                        "Actual Rows": 11311,
                                        "Actual Loops": 1
                                    },
                                    {
                                        "Worker Number": 2,
                                        "Actual Startup Time": 214.557,
                                        "Actual Total Time": 301.214,
                                        "Actual Rows": 12042,
                                        "Actual Loops": 1
                                    },
                                    {
                                        "Worker Number": 3,
                                        "Actual Startup Time": 216.251,
                                        "Actual Total Time": 301.545,
                                        "Actual Rows": 10506,
                                        "Actual Loops": 1
                                    }
                                ],
                                "Plans": [
                                    {
                                        "Node Type": "Seq Scan",
                                        "Parent Relationship": "Outer",
                                        "Parallel Aware": true,
                                        "Relation Name": "title",
                                        "Schema": "public",
                                        "Alias": "t",
                                        "Startup Cost": 0.0,
                                        "Total Cost": 42318.81,
                                        "Plan Rows": 632080,
                                        "Plan Width": 4,
                                        "Actual Startup Time": 0.026,
                                        "Actual Total Time": 63.766,
                                        "Actual Rows": 505662,
                                        "Actual Loops": 5,
                                        "Output": [
                                            "t.id",
                                            "t.title",
                                            "t.imdb_index",
                                            "t.kind_id",
                                            "t.production_year",
                                            "t.imdb_id",
                                            "t.phonetic_code",
                                            "t.episode_of_id",
                                            "t.season_nr",
                                            "t.episode_nr",
                                            "t.series_years",
                                            "t.md5sum"
                                        ],
                                        "Workers": [
                                            {
                                                "Worker Number": 0,
                                                "Actual Startup Time": 0.032,
                                                "Actual Total Time": 65.086,
                                                "Actual Rows": 462927,
                                                "Actual Loops": 1
                                            },
                                            {
                                                "Worker Number": 1,
                                                "Actual Startup Time": 0.031,
                                                "Actual Total Time": 65.258,
                                                "Actual Rows": 469499,
                                                "Actual Loops": 1
                                            },
                                            {
                                                "Worker Number": 2,
                                                "Actual Startup Time": 0.027,
                                                "Actual Total Time": 65.202,
                                                "Actual Rows": 467789,
                                                "Actual Loops": 1
                                            },
                                            {
                                                "Worker Number": 3,
                                                "Actual Startup Time": 0.029,
                                                "Actual Total Time": 65.228,
                                                "Actual Rows": 473191,
                                                "Actual Loops": 1
                                            }
                                        ]
                                    },
                                    {
                                        "Node Type": "Hash",
                                        "Parent Relationship": "Inner",
                                        "Parallel Aware": true,
                                        "Startup Cost": 76252.0,
                                        "Total Cost": 76252.0,
                                        "Plan Rows": 79987,
                                        "Plan Width": 8,
                                        "Actual Startup Time": 184.85,
                                        "Actual Total Time": 184.911,
                                        "Actual Rows": 11901,
                                        "Actual Loops": 5,
                                        "Output": [
                                            "mc.movie_id",
                                            "mk.movie_id"
                                        ],
                                        "Hash Buckets": 262144,
                                        "Original Hash Buckets": 262144,
                                        "Hash Batches": 1,
                                        "Original Hash Batches": 1,
                                        "Peak Memory Usage": 4448,
                                        "Workers": [
                                            {
                                                "Worker Number": 0,
                                                "Actual Startup Time": 183.567,
                                                "Actual Total Time": 183.571,
                                                "Actual Rows": 11175,
                                                "Actual Loops": 1
                                            },
                                            {
                                                "Worker Number": 1,
                                                "Actual Startup Time": 183.759,
                                                "Actual Total Time": 183.762,
                                                "Actual Rows": 11040,
                                                "Actual Loops": 1
                                            },
                                            {
                                                "Worker Number": 2,
                                                "Actual Startup Time": 183.673,
                                                "Actual Total Time": 183.677,
                                                "Actual Rows": 10547,
                                                "Actual Loops": 1
                                            },
                                            {
                                                "Worker Number": 3,
                                                "Actual Startup Time": 183.885,
                                                "Actual Total Time": 183.888,
                                                "Actual Rows": 11495,
                                                "Actual Loops": 1
                                            }
                                        ],
                                        "Plans": [
                                            {
                                                "Node Type": "Hash Join",
                                                "Parent Relationship": "Outer",
                                                "Parallel Aware": true,
                                                "Join Type": "Inner",
                                                "Startup Cost": 32682.61,
                                                "Total Cost": 76252.0,
                                                "Plan Rows": 79987,
                                                "Plan Width": 8,
                                                "Actual Startup Time": 91.898,
                                                "Actual Total Time": 181.149,
                                                "Actual Rows": 11901,
                                                "Actual Loops": 5,
                                                "Output": [
                                                    "mc.movie_id",
                                                    "mk.movie_id"
                                                ],
                                                "Inner Unique": false,
                                                "Hash Cond": "(mk.movie_id = mc.movie_id)",
                                                "Workers": [
                                                    {
                                                        "Worker Number": 0,
                                                        "Actual Startup Time": 90.691,
                                                        "Actual Total Time": 180.368,
                                                        "Actual Rows": 11175,
                                                        "Actual Loops": 1
                                                    },
                                                    {
                                                        "Worker Number": 1,
                                                        "Actual Startup Time": 90.725,
                                                        "Actual Total Time": 180.174,
                                                        "Actual Rows": 11040,
                                                        "Actual Loops": 1
                                                    },
                                                    {
                                                        "Worker Number": 2,
                                                        "Actual Startup Time": 90.691,
                                                        "Actual Total Time": 180.375,
                                                        "Actual Rows": 10547,
                                                        "Actual Loops": 1
                                                    },
                                                    {
                                                        "Worker Number": 3,
                                                        "Actual Startup Time": 90.924,
                                                        "Actual Total Time": 180.351,
                                                        "Actual Rows": 11495,
                                                        "Actual Loops": 1
                                                    }
                                                ],
                                                "Plans": [
                                                    {
                                                        "Node Type": "Seq Scan",
                                                        "Parent Relationship": "Outer",
                                                        "Parallel Aware": true,
                                                        "Relation Name": "movie_keyword",
                                                        "Schema": "public",
                                                        "Alias": "mk",
                                                        "Startup Cost": 0.0,
                                                        "Total Cost": 42695.65,
                                                        "Plan Rows": 123142,
                                                        "Plan Width": 4,
                                                        "Actual Startup Time": 6.245,
                                                        "Actual Total Time": 82.34,
                                                        "Actual Rows": 75714,
                                                        "Actual Loops": 5,
                                                        "Output": [
                                                            "mk.id",
                                                            "mk.movie_id",
                                                            "mk.keyword_id"
                                                        ],
                                                        "Filter": "(mk.keyword_id > 45059)",
                                                        "Rows Removed by Filter": 829072,
                                                        "Workers": [
                                                            {
                                                                "Worker Number": 0,
                                                                "Actual Startup Time": 6.306,
                                                                "Actual Total Time": 83.231,
                                                                "Actual Rows": 68856,
                                                                "Actual Loops": 1
                                                            },
                                                            {
                                                                "Worker Number": 1,
                                                                "Actual Startup Time": 6.129,
                                                                "Actual Total Time": 82.811,
                                                                "Actual Rows": 70352,
                                                                "Actual Loops": 1
                                                            },
                                                            {
                                                                "Worker Number": 2,
                                                                "Actual Startup Time": 6.176,
                                                                "Actual Total Time": 83.062,
                                                                "Actual Rows": 70273,
                                                                "Actual Loops": 1
                                                            },
                                                            {
                                                                "Worker Number": 3,
                                                                "Actual Startup Time": 6.32,
                                                                "Actual Total Time": 83.387,
                                                                "Actual Rows": 70865,
                                                                "Actual Loops": 1
                                                            }
                                                        ]
                                                    },
                                                    {
                                                        "Node Type": "Hash",
                                                        "Parent Relationship": "Inner",
                                                        "Parallel Aware": true,
                                                        "Startup Cost": 31414.82,
                                                        "Total Cost": 31414.82,
                                                        "Plan Rows": 101423,
                                                        "Plan Width": 4,
                                                        "Actual Startup Time": 83.836,
                                                        "Actual Total Time": 83.837,
                                                        "Actual Rows": 34538,
                                                        "Actual Loops": 5,
                                                        "Output": [
                                                            "mc.movie_id"
                                                        ],
                                                        "Hash Buckets": 524288,
                                                        "Original Hash Buckets": 524288,
                                                        "Hash Batches": 1,
                                                        "Original Hash Batches": 1,
                                                        "Peak Memory Usage": 10912,
                                                        "Workers": [
                                                            {
                                                                "Worker Number": 0,
                                                                "Actual Startup Time": 84.254,
                                                                "Actual Total Time": 84.256,
                                                                "Actual Rows": 32386,
                                                                "Actual Loops": 1
                                                            },
                                                            {
                                                                "Worker Number": 1,
                                                                "Actual Startup Time": 84.306,
                                                                "Actual Total Time": 84.307,
                                                                "Actual Rows": 33496,
                                                                "Actual Loops": 1
                                                            },
                                                            {
                                                                "Worker Number": 2,
                                                                "Actual Startup Time": 84.219,
                                                                "Actual Total Time": 84.221,
                                                                "Actual Rows": 33221,
                                                                "Actual Loops": 1
                                                            },
                                                            {
                                                                "Worker Number": 3,
                                                                "Actual Startup Time": 84.491,
                                                                "Actual Total Time": 84.492,
                                                                "Actual Rows": 32661,
                                                                "Actual Loops": 1
                                                            }
                                                        ],
                                                        "Plans": [
                                                            {
                                                                "Node Type": "Seq Scan",
                                                                "Parent Relationship": "Outer",
                                                                "Parallel Aware": true,
                                                                "Relation Name": "movie_companies",
                                                                "Schema": "public",
                                                                "Alias": "mc",
                                                                "Startup Cost": 0.0,
                                                                "Total Cost": 31414.82,
                                                                "Plan Rows": 101423,
                                                                "Plan Width": 4,
                                                                "Actual Startup Time": 44.548,
                                                                "Actual Total Time": 69.546,
                                                                "Actual Rows": 34538,
                                                                "Actual Loops": 5,
                                                                "Output": [
                                                                    "mc.movie_id"
                                                                ],
                                                                "Filter": "((mc.company_id < 753) AND (mc.company_type_id > 1))",
                                                                "Rows Removed by Filter": 487287,
                                                                "Workers": [
                                                                    {
                                                                        "Worker Number": 0,
                                                                        "Actual Startup Time": 44.49,
                                                                        "Actual Total Time": 69.626,
                                                                        "Actual Rows": 32386,
                                                                        "Actual Loops": 1
                                                                    },
                                                                    {
                                                                        "Worker Number": 1,
                                                                        "Actual Startup Time": 44.517,
                                                                        "Actual Total Time": 69.563,
                                                                        "Actual Rows": 33496,
                                                                        "Actual Loops": 1
                                                                    },
                                                                    {
                                                                        "Worker Number": 2,
                                                                        "Actual Startup Time": 44.452,
                                                                        "Actual Total Time": 69.638,
                                                                        "Actual Rows": 33221,
                                                                        "Actual Loops": 1
                                                                    },
                                                                    {
                                                                        "Worker Number": 3,
                                                                        "Actual Startup Time": 44.623,
                                                                        "Actual Total Time": 69.791,
                                                                        "Actual Rows": 32661,
                                                                        "Actual Loops": 1
                                                                    }
                                                                ]
                                                            }
                                                        ]
                                                    }
                                                ]
                                            }
                                        ]
                                    }
                                ]
                            }
                        ]
                    }
                ]
            }
        ]
    },
    "Planning Time": 1.616,
    "Triggers": [],
    "Execution Time": 340.518
}