[
  {
    "Plan": {
      "Node Type": "Aggregate",
      "Strategy": "Plain",
      "Partial Mode": "Finalize",
      "Parallel Aware": false,
      "Startup Cost": 31586.76,
      "Total Cost": 31586.77,
      "Plan Rows": 1,
      "Plan Width": 8,
      "Actual Startup Time": 104.427,
      "Actual Total Time": 109.838,
      "Actual Rows": 1,
      "Actual Loops": 1,
      "Plans": [
        {
          "Node Type": "Gather",
          "Parent Relationship": "Outer",
          "Parallel Aware": false,
          "Startup Cost": 31586.44,
          "Total Cost": 31586.75,
          "Plan Rows": 3,
          "Plan Width": 8,
          "Actual Startup Time": 104.113,
          "Actual Total Time": 109.829,
          "Actual Rows": 4,
          "Actual Loops": 1,
          "Workers Planned": 3,
          "Workers Launched": 3,
          "Single Copy": false,
          "Plans": [
            {
              "Node Type": "Aggregate",
              "Strategy": "Plain",
              "Partial Mode": "Partial",
              "Parent Relationship": "Outer",
              "Parallel Aware": false,
              "Startup Cost": 30586.44,
              "Total Cost": 30586.45,
              "Plan Rows": 1,
              "Plan Width": 8,
              "Actual Startup Time": 97.613,
              "Actual Total Time": 97.615,
              "Actual Rows": 1,
              "Actual Loops": 4,
              "Plans": [
                {
                  "Node Type": "Seq Scan",
                  "Parent Relationship": "Outer",
                  "Parallel Aware": true,
                  "Relation Name": "movie_companies",
                  "Alias": "mc",
                  "Startup Cost": 0.0,
                  "Total Cost": 29310.68,
                  "Plan Rows": 510304,
                  "Plan Width": 0,
                  "Actual Startup Time": 0.029,
                  "Actual Total Time": 77.239,
                  "Actual Rows": 396857,
                  "Actual Loops": 4,
                  "Filter": "(company_id < 15905)",
                  "Rows Removed by Filter": 255425
                }
              ]
            }
          ]
        }
      ]
    },
    "Planning Time": 0.197,
    "Triggers": [],
    "Execution Time": 109.895
  }
]