[
  {
    "Plan": {
      "Node Type": "Aggregate",
      "Strategy": "Plain",
      "Partial Mode": "Finalize",
      "Parallel Aware": false,
      "Startup Cost": 31599.85,
      "Total Cost": 31599.86,
      "Plan Rows": 1,
      "Plan Width": 8,
      "Actual Startup Time": 104.373,
      "Actual Total Time": 112.295,
      "Actual Rows": 1,
      "Actual Loops": 1,
      "Plans": [
        {
          "Node Type": "Gather",
          "Parent Relationship": "Outer",
          "Parallel Aware": false,
          "Startup Cost": 31599.54,
          "Total Cost": 31599.85,
          "Plan Rows": 3,
          "Plan Width": 8,
          "Actual Startup Time": 104.287,
          "Actual Total Time": 112.287,
          "Actual Rows": 4,
          "Actual Loops": 1,
          "Workers Planned": 3,
          "Workers Launched": 3,
          "Single Copy": false,
          "Plans": [
            {
              "Node Type": "Aggregate",
              "Strategy": "Plain",
              "Partial Mode": "Partial",
              "Parent Relationship": "Outer",
              "Parallel Aware": false,
              "Startup Cost": 30599.54,
              "Total Cost": 30599.55,
              "Plan Rows": 1,
              "Plan Width": 8,
              "Actual Startup Time": 98.98,
              "Actual Total Time": 98.981,
              "Actual Rows": 1,
              "Actual Loops": 4,
              "Plans": [
                {
                  "Node Type": "Seq Scan",
                  "Parent Relationship": "Outer",
                  "Parallel Aware": true,
                  "Relation Name": "movie_companies",
                  "Alias": "mc",
                  "Startup Cost": 0.0,
                  "Total Cost": 29310.68,
                  "Plan Rows": 515542,
                  "Plan Width": 0,
                  "Actual Startup Time": 0.032,
                  "Actual Total Time": 77.835,
                  "Actual Rows": 396857,
                  "Actual Loops": 4,
                  "Filter": "(company_id < 15905)",
                  "Rows Removed by Filter": 255425
                }
              ]
            }
          ]
        }
      ]
    },
    "Planning Time": 0.132,
    "Triggers": [],
    "Execution Time": 112.335
  }
]