[
  {
    "Plan": {
      "Node Type": "Aggregate",
      "Strategy": "Plain",
      "Partial Mode": "Finalize",
      "Parallel Aware": false,
      "Startup Cost": 210248.67,
      "Total Cost": 210248.68,
      "Plan Rows": 1,
      "Plan Width": 8,
      "Actual Startup Time": 2278.406,
      "Actual Total Time": 2364.826,
      "Actual Rows": 1,
      "Actual Loops": 1,
      "Plans": [
        {
          "Node Type": "Gather",
          "Parent Relationship": "Outer",
          "Parallel Aware": false,
          "Startup Cost": 210248.35,
          "Total Cost": 210248.66,
          "Plan Rows": 3,
          "Plan Width": 8,
          "Actual Startup Time": 2276.442,
          "Actual Total Time": 2364.818,
          "Actual Rows": 4,
          "Actual Loops": 1,
          "Workers Planned": 3,
          "Workers Launched": 3,
          "Single Copy": false,
          "Plans": [
            {
              "Node Type": "Aggregate",
              "Strategy": "Plain",
              "Partial Mode": "Partial",
              "Parent Relationship": "Outer",
              "Parallel Aware": false,
              "Startup Cost": 209248.35,
              "Total Cost": 209248.36,
              "Plan Rows": 1,
              "Plan Width": 8,
              "Actual Startup Time": 2266.804,
              "Actual Total Time": 2266.807,
              "Actual Rows": 1,
              "Actual Loops": 4,
              "Plans": [
                {
                  "Node Type": "Nested Loop",
                  "Parent Relationship": "Outer",
                  "Parallel Aware": false,
                  "Join Type": "Inner",
                  "Startup Cost": 60344.81,
                  "Total Cost": 208182.12,
                  "Plan Rows": 426493,
                  "Plan Width": 0,
                  "Actual Startup Time": 177.671,
                  "Actual Total Time": 2144.603,
                  "Actual Rows": 2793127,
                  "Actual Loops": 4,
                  "Inner Unique": false,
                  "Join Filter": "(t.id = ci.movie_id)",
                  "Rows Removed by Join Filter": 0,
                  "Plans": [
                    {
                      "Node Type": "Hash Join",
                      "Parent Relationship": "Outer",
                      "Parallel Aware": true,
                      "Join Type": "Inner",
                      "Startup Cost": 60344.24,
                      "Total Cost": 87957.98,
                      "Plan Rows": 29764,
                      "Plan Width": 8,
                      "Actual Startup Time": 177.424,
                      "Actual Total Time": 265.865,
                      "Actual Rows": 71974,
                      "Actual Loops": 4,
                      "Inner Unique": true,
                      "Hash Cond": "(mk.movie_id = t.id)",
                      "Plans": [
                        {
                          "Node Type": "Bitmap Heap Scan",
                          "Parent Relationship": "Outer",
                          "Parallel Aware": true,
                          "Relation Name": "movie_keyword",
                          "Alias": "mk",
                          "Startup Cost": 13739.46,
                          "Total Cost": 40804.81,
                          "Plan Rows": 208908,
                          "Plan Width": 4,
                          "Actual Startup Time": 38.082,
                          "Actual Total Time": 85.453,
                          "Actual Rows": 158976,
                          "Actual Loops": 4,
                          "Recheck Cond": "(keyword_id > 29032)",
                          "Rows Removed by Index Recheck": 0,
                          "Exact Heap Blocks": 7467,
                          "Lossy Heap Blocks": 0,
                          "Plans": [
                            {
                              "Node Type": "Bitmap Index Scan",
                              "Parent Relationship": "Outer",
                              "Parallel Aware": false,
                              "Index Name": "keyword_id_movie_keyword",
                              "Startup Cost": 0.0,
                              "Total Cost": 13577.55,
                              "Plan Rows": 647616,
                              "Plan Width": 0,
                              "Actual Startup Time": 34.426,
                              "Actual Total Time": 34.426,
                              "Actual Rows": 635903,
                              "Actual Loops": 1,
                              "Index Cond": "(keyword_id > 29032)"
                            }
                          ]
                        },
                        {
                          "Node Type": "Hash",
                          "Parent Relationship": "Inner",
                          "Parallel Aware": true,
                          "Startup Cost": 45479.1,
                          "Total Cost": 45479.1,
                          "Plan Rows": 90055,
                          "Plan Width": 4,
                          "Actual Startup Time": 134.142,
                          "Actual Total Time": 134.142,
                          "Actual Rows": 117593,
                          "Actual Loops": 4,
                          "Hash Buckets": 524288,
                          "Original Hash Buckets": 524288,
                          "Hash Batches": 1,
                          "Original Hash Batches": 1,
                          "Peak Memory Usage": 22560,
                          "Plans": [
                            {
                              "Node Type": "Seq Scan",
                              "Parent Relationship": "Outer",
                              "Parallel Aware": true,
                              "Relation Name": "title",
                              "Alias": "t",
                              "Startup Cost": 0.0,
                              "Total Cost": 45479.1,
                              "Plan Rows": 90055,
                              "Plan Width": 4,
                              "Actual Startup Time": 0.053,
                              "Actual Total Time": 98.589,
                              "Actual Rows": 117593,
                              "Actual Loops": 4,
                              "Filter": "((kind_id < 7) AND (production_year < 1998))",
                              "Rows Removed by Filter": 514485
                            }
                          ]
                        }
                      ]
                    },
                    {
                      "Node Type": "Index Only Scan",
                      "Parent Relationship": "Inner",
                      "Parallel Aware": false,
                      "Scan Direction": "Forward",
                      "Index Name": "movie_id_cast_info",
                      "Relation Name": "cast_info",
                      "Alias": "ci",
                      "Startup Cost": 0.56,
                      "Total Cost": 3.58,
                      "Plan Rows": 37,
                      "Plan Width": 4,
                      "Actual Startup Time": 0.004,
                      "Actual Total Time": 0.023,
                      "Actual Rows": 39,
                      "Actual Loops": 287895,
                      "Index Cond": "(movie_id = mk.movie_id)",
                      "Rows Removed by Index Recheck": 0,
                      "Heap Fetches": 11172509
                    }
                  ]
                }
              ]
            }
          ]
        }
      ]
    },
    "Planning Time": 1.435,
    "Triggers": [],
    "Execution Time": 2364.961
  }
]