[
  {
    "Plan": {
      "Node Type": "Aggregate",
      "Strategy": "Plain",
      "Partial Mode": "Finalize",
      "Parallel Aware": false,
      "Startup Cost": 73943.75,
      "Total Cost": 73943.76,
      "Plan Rows": 1,
      "Plan Width": 8,
      "Actual Startup Time": 239.186,
      "Actual Total Time": 253.768,
      "Actual Rows": 1,
      "Actual Loops": 1,
      "Plans": [
        {
          "Node Type": "Gather",
          "Parent Relationship": "Outer",
          "Parallel Aware": false,
          "Startup Cost": 73943.43,
          "Total Cost": 73943.74,
          "Plan Rows": 3,
          "Plan Width": 8,
          "Actual Startup Time": 236.582,
          "Actual Total Time": 253.758,
          "Actual Rows": 4,
          "Actual Loops": 1,
          "Workers Planned": 3,
          "Workers Launched": 3,
          "Single Copy": false,
          "Plans": [
            {
              "Node Type": "Aggregate",
              "Strategy": "Plain",
              "Partial Mode": "Partial",
              "Parent Relationship": "Outer",
              "Parallel Aware": false,
              "Startup Cost": 72943.43,
              "Total Cost": 72943.44,
              "Plan Rows": 1,
              "Plan Width": 8,
              "Actual Startup Time": 229.902,
              "Actual Total Time": 229.907,
              "Actual Rows": 1,
              "Actual Loops": 4,
              "Plans": [
                {
                  "Node Type": "Hash Join",
                  "Parent Relationship": "Outer",
                  "Parallel Aware": true,
                  "Join Type": "Inner",
                  "Startup Cost": 47970.62,
                  "Total Cost": 72923.61,
                  "Plan Rows": 7926,
                  "Plan Width": 0,
                  "Actual Startup Time": 187.425,
                  "Actual Total Time": 229.189,
                  "Actual Rows": 9009,
                  "Actual Loops": 4,
                  "Inner Unique": true,
                  "Hash Cond": "(mk.movie_id = t.id)",
                  "Plans": [
                    {
                      "Node Type": "Bitmap Heap Scan",
                      "Parent Relationship": "Outer",
                      "Parallel Aware": true,
                      "Relation Name": "movie_keyword",
                      "Alias": "mk",
                      "Startup Cost": 2173.05,
                      "Total Cost": 27039.44,
                      "Plan Rows": 32991,
                      "Plan Width": 4,
                      "Actual Startup Time": 17.424,
                      "Actual Total Time": 49.732,
                      "Actual Rows": 25239,
                      "Actual Loops": 4,
                      "Recheck Cond": "(keyword_id > 82045)",
                      "Rows Removed by Index Recheck": 0,
                      "Exact Heap Blocks": 5182,
                      "Lossy Heap Blocks": 0,
                      "Plans": [
                        {
                          "Node Type": "Bitmap Index Scan",
                          "Parent Relationship": "Outer",
                          "Parallel Aware": false,
                          "Index Name": "keyword_id_movie_keyword",
                          "Startup Cost": 0.0,
                          "Total Cost": 2147.48,
                          "Plan Rows": 102273,
                          "Plan Width": 0,
                          "Actual Startup Time": 13.122,
                          "Actual Total Time": 13.123,
                          "Actual Rows": 100956,
                          "Actual Loops": 1,
                          "Index Cond": "(keyword_id > 82045)"
                        }
                      ]
                    },
                    {
                      "Node Type": "Hash",
                      "Parent Relationship": "Inner",
                      "Parallel Aware": true,
                      "Startup Cost": 43899.32,
                      "Total Cost": 43899.32,
                      "Plan Rows": 151860,
                      "Plan Width": 4,
                      "Actual Startup Time": 166.59,
                      "Actual Total Time": 166.591,
                      "Actual Rows": 155713,
                      "Actual Loops": 4,
                      "Hash Buckets": 1048576,
                      "Original Hash Buckets": 1048576,
                      "Hash Batches": 1,
                      "Original Hash Batches": 1,
                      "Peak Memory Usage": 32608,
                      "Plans": [
                        {
                          "Node Type": "Seq Scan",
                          "Parent Relationship": "Outer",
                          "Parallel Aware": true,
                          "Relation Name": "title",
                          "Alias": "t",
                          "Startup Cost": 0.0,
                          "Total Cost": 43899.32,
                          "Plan Rows": 151860,
                          "Plan Width": 4,
                          "Actual Startup Time": 0.039,
                          "Actual Total Time": 104.315,
                          "Actual Rows": 155713,
                          "Actual Loops": 4,
                          "Filter": "(production_year < 1987)",
                          "Rows Removed by Filter": 476365
                        }
                      ]
                    }
                  ]
                }
              ]
            }
          ]
        }
      ]
    },
    "Planning Time": 0.317,
    "Triggers": [],
    "Execution Time": 253.824
  }
]