[
    {
        "Bao": {
            "Bao prediction": "NaN",
            "Bao recommended hint": "(no hint)"
        }
    },
    {
        "Plan": {
            "Node Type": "Aggregate",
            "Strategy": "Plain",
            "Partial Mode": "Simple",
            "Parallel Aware": false,
            "Startup Cost": 30520.73,
            "Total Cost": 30520.74,
            "Plan Rows": 1,
            "Plan Width": 8,
            "Actual Startup Time": 26.871,
            "Actual Total Time": 26.875,
            "Actual Rows": 1,
            "Actual Loops": 1,
            "Output": [
                "count(*)"
            ],
            "Plans": [
                {
                    "Node Type": "Nested Loop",
                    "Parent Relationship": "Outer",
                    "Parallel Aware": false,
                    "Join Type": "Inner",
                    "Startup Cost": 15620.43,
                    "Total Cost": 30520.7,
                    "Plan Rows": 10,
                    "Plan Width": 0,
                    "Actual Startup Time": 16.224,
                    "Actual Total Time": 26.854,
                    "Actual Rows": 134,
                    "Actual Loops": 1,
                    "Inner Unique": true,
                    "Join Filter": "(mc.movie_id = t.id)",
                    "Rows Removed by Join Filter": 0,
                    "Plans": [
                        {
                            "Node Type": "Hash Join",
                            "Parent Relationship": "Outer",
                            "Parallel Aware": false,
                            "Join Type": "Inner",
                            "Startup Cost": 15620.0,
                            "Total Cost": 30130.43,
                            "Plan Rows": 55,
                            "Plan Width": 8,
                            "Actual Startup Time": 16.203,
                            "Actual Total Time": 26.08,
                            "Actual Rows": 134,
                            "Actual Loops": 1,
                            "Output": [
                                "mc.movie_id",
                                "mk.movie_id"
                            ],
                            "Inner Unique": false,
                            "Hash Cond": "(mk.movie_id = mc.movie_id)",
                            "Plans": [
                                {
                                    "Node Type": "Bitmap Heap Scan",
                                    "Parent Relationship": "Outer",
                                    "Parallel Aware": false,
                                    "Relation Name": "movie_keyword",
                                    "Schema": "public",
                                    "Alias": "mk",
                                    "Startup Cost": 137.52,
                                    "Total Cost": 14591.98,
                                    "Plan Rows": 6334,
                                    "Plan Width": 4,
                                    "Actual Startup Time": 2.694,
                                    "Actual Total Time": 11.541,
                                    "Actual Rows": 6673,
                                    "Actual Loops": 1,
                                    "Output": [
                                        "mk.id",
                                        "mk.movie_id",
                                        "mk.keyword_id"
                                    ],
                                    "Recheck Cond": "(mk.keyword_id = 2879)",
                                    "Rows Removed by Index Recheck": 0,
                                    "Exact Heap Blocks": 5807,
                                    "Lossy Heap Blocks": 0,
                                    "Plans": [
                                        {
                                            "Node Type": "Bitmap Index Scan",
                                            "Parent Relationship": "Outer",
                                            "Parallel Aware": false,
                                            "Index Name": "keyword_id_movie_keyword",
                                            "Startup Cost": 0.0,
                                            "Total Cost": 135.94,
                                            "Plan Rows": 6334,
                                            "Plan Width": 0,
                                            "Actual Startup Time": 1.252,
                                            "Actual Total Time": 1.253,
                                            "Actual Rows": 6673,
                                            "Actual Loops": 1,
                                            "Index Cond": "(mk.keyword_id = 2879)"
                                        }
                                    ]
                                },
                                {
                                    "Node Type": "Hash",
                                    "Parent Relationship": "Inner",
                                    "Parallel Aware": false,
                                    "Startup Cost": 15430.25,
                                    "Total Cost": 15430.25,
                                    "Plan Rows": 4178,
                                    "Plan Width": 4,
                                    "Actual Startup Time": 13.34,
                                    "Actual Total Time": 13.341,
                                    "Actual Rows": 4375,
                                    "Actual Loops": 1,
                                    "Output": [
                                        "mc.movie_id"
                                    ],
                                    "Hash Buckets": 8192,
                                    "Original Hash Buckets": 8192,
                                    "Hash Batches": 1,
                                    "Original Hash Batches": 1,
                                    "Peak Memory Usage": 218,
                                    "Plans": [
                                        {
                                            "Node Type": "Bitmap Heap Scan",
                                            "Parent Relationship": "Outer",
                                            "Parallel Aware": false,
                                            "Relation Name": "movie_companies",
                                            "Schema": "public",
                                            "Alias": "mc",
                                            "Startup Cost": 185.4,
                                            "Total Cost": 15430.25,
                                            "Plan Rows": 4178,
                                            "Plan Width": 4,
                                            "Actual Startup Time": 2.4,
                                            "Actual Total Time": 12.277,
                                            "Actual Rows": 4375,
                                            "Actual Loops": 1,
                                            "Output": [
                                                "mc.movie_id"
                                            ],
                                            "Recheck Cond": "(mc.company_id = 159)",
                                            "Rows Removed by Index Recheck": 0,
                                            "Filter": "(mc.company_type_id = 1)",
                                            "Rows Removed by Filter": 3185,
                                            "Exact Heap Blocks": 4702,
                                            "Lossy Heap Blocks": 0,
                                            "Plans": [
                                                {
                                                    "Node Type": "Bitmap Index Scan",
                                                    "Parent Relationship": "Outer",
                                                    "Parallel Aware": false,
                                                    "Index Name": "company_id_movie_companies",
                                                    "Startup Cost": 0.0,
                                                    "Total Cost": 184.35,
                                                    "Plan Rows": 8523,
                                                    "Plan Width": 0,
                                                    "Actual Startup Time": 1.194,
                                                    "Actual Total Time": 1.194,
                                                    "Actual Rows": 7560,
                                                    "Actual Loops": 1,
                                                    "Index Cond": "(mc.company_id = 159)"
                                                }
                                            ]
                                        }
                                    ]
                                }
                            ]
                        },
                        {
                            "Node Type": "Index Only Scan",
                            "Parent Relationship": "Inner",
                            "Parallel Aware": false,
                            "Scan Direction": "Forward",
                            "Index Name": "title_pkey",
                            "Relation Name": "title",
                            "Schema": "public",
                            "Alias": "t",
                            "Startup Cost": 0.43,
                            "Total Cost": 7.08,
                            "Plan Rows": 1,
                            "Plan Width": 4,
                            "Actual Startup Time": 0.005,
                            "Actual Total Time": 0.005,
                            "Actual Rows": 1,
                            "Actual Loops": 134,
                            "Output": [
                                "t.id"
                            ],
                            "Index Cond": "(t.id = mk.movie_id)",
                            "Rows Removed by Index Recheck": 0,
                            "Heap Fetches": 134
                        }
                    ]
                }
            ]
        },
        "Planning Time": 188.938,
        "Triggers": [],
        "Execution Time": 26.987
    }
]