[
    {
        "Bao": {
            "Bao prediction": 451.653,
            "Bao recommended hint": "(no hint)"
        }
    },
    {
        "Plan": {
            "Node Type": "Aggregate",
            "Strategy": "Plain",
            "Partial Mode": "Finalize",
            "Parallel Aware": false,
            "Startup Cost": 33103.23,
            "Total Cost": 33103.24,
            "Plan Rows": 1,
            "Plan Width": 8,
            "Actual Startup Time": 98.391,
            "Actual Total Time": 102.837,
            "Actual Rows": 1,
            "Actual Loops": 1,
            "Output": [
                "count(*)"
            ],
            "Plans": [
                {
                    "Node Type": "Gather",
                    "Parent Relationship": "Outer",
                    "Parallel Aware": false,
                    "Startup Cost": 33102.91,
                    "Total Cost": 33103.22,
                    "Plan Rows": 3,
                    "Plan Width": 8,
                    "Actual Startup Time": 98.314,
                    "Actual Total Time": 102.832,
                    "Actual Rows": 4,
                    "Actual Loops": 1,
                    "Output": [
                        "(PARTIAL count(*))"
                    ],
                    "Workers Planned": 3,
                    "Workers Launched": 3,
                    "Single Copy": false,
                    "Plans": [
                        {
                            "Node Type": "Aggregate",
                            "Strategy": "Plain",
                            "Partial Mode": "Partial",
                            "Parent Relationship": "Outer",
                            "Parallel Aware": false,
                            "Startup Cost": 32102.91,
                            "Total Cost": 32102.92,
                            "Plan Rows": 1,
                            "Plan Width": 8,
                            "Actual Startup Time": 90.665,
                            "Actual Total Time": 90.666,
                            "Actual Rows": 1,
                            "Actual Loops": 4,
                            "Output": [
                                "PARTIAL count(*)"
                            ],
                            "Workers": [
                                {
                                    "Worker Number": 0,
                                    "Actual Startup Time": 88.043,
                                    "Actual Total Time": 88.043,
                                    "Actual Rows": 1,
                                    "Actual Loops": 1
                                },
                                {
                                    "Worker Number": 1,
                                    "Actual Startup Time": 88.43,
                                    "Actual Total Time": 88.431,
                                    "Actual Rows": 1,
                                    "Actual Loops": 1
                                },
                                {
                                    "Worker Number": 2,
                                    "Actual Startup Time": 88.444,
                                    "Actual Total Time": 88.445,
                                    "Actual Rows": 1,
                                    "Actual Loops": 1
                                }
                            ],
                            "Plans": [
                                {
                                    "Node Type": "Seq Scan",
                                    "Parent Relationship": "Outer",
                                    "Parallel Aware": true,
                                    "Relation Name": "movie_companies",
                                    "Schema": "public",
                                    "Alias": "mc",
                                    "Startup Cost": 0.0,
                                    "Total Cost": 31414.82,
                                    "Plan Rows": 275236,
                                    "Plan Width": 0,
                                    "Actual Startup Time": 47.135,
                                    "Actual Total Time": 79.922,
                                    "Actual Rows": 265283,
                                    "Actual Loops": 4,
                                    "Output": [
                                        "id",
                                        "movie_id",
                                        "company_id",
                                        "company_type_id",
                                        "note"
                                    ],
                                    "Filter": "((mc.company_id > 3377) AND (mc.company_type_id > 1))",
                                    "Rows Removed by Filter": 386999,
                                    "Workers": [
                                        {
                                            "Worker Number": 0,
                                            "Actual Startup Time": 44.511,
                                            "Actual Total Time": 77.904,
                                            "Actual Rows": 251454,
                                            "Actual Loops": 1
                                        },
                                        {
                                            "Worker Number": 1,
                                            "Actual Startup Time": 44.904,
                                            "Actual Total Time": 78.014,
                                            "Actual Rows": 257293,
                                            "Actual Loops": 1
                                        },
                                        {
                                            "Worker Number": 2,
                                            "Actual Startup Time": 44.913,
                                            "Actual Total Time": 78.031,
                                            "Actual Rows": 257014,
                                            "Actual Loops": 1
                                        }
                                    ]
                                }
                            ]
                        }
                    ]
                }
            ]
        },
        "Planning Time": 645.714,
        "Triggers": [],
        "Execution Time": 102.919
    }
]