[
  {
    "Plan": {
      "Node Type": "Aggregate",
      "Strategy": "Plain",
      "Partial Mode": "Finalize",
      "Parallel Aware": false,
      "Startup Cost": 93119.05,
      "Total Cost": 93119.06,
      "Plan Rows": 1,
      "Plan Width": 8,
      "Actual Startup Time": 296.138,
      "Actual Total Time": 312.059,
      "Actual Rows": 1,
      "Actual Loops": 1,
      "Plans": [
        {
          "Node Type": "Gather",
          "Parent Relationship": "Outer",
          "Parallel Aware": false,
          "Startup Cost": 93118.73,
          "Total Cost": 93119.04,
          "Plan Rows": 3,
          "Plan Width": 8,
          "Actual Startup Time": 294.181,
          "Actual Total Time": 312.049,
          "Actual Rows": 4,
          "Actual Loops": 1,
          "Workers Planned": 3,
          "Workers Launched": 3,
          "Single Copy": false,
          "Plans": [
            {
              "Node Type": "Aggregate",
              "Strategy": "Plain",
              "Partial Mode": "Partial",
              "Parent Relationship": "Outer",
              "Parallel Aware": false,
              "Startup Cost": 92118.73,
              "Total Cost": 92118.74,
              "Plan Rows": 1,
              "Plan Width": 8,
              "Actual Startup Time": 290.264,
              "Actual Total Time": 290.266,
              "Actual Rows": 1,
              "Actual Loops": 4,
              "Plans": [
                {
                  "Node Type": "Hash Join",
                  "Parent Relationship": "Outer",
                  "Parallel Aware": true,
                  "Join Type": "Inner",
                  "Startup Cost": 47778.19,
                  "Total Cost": 91761.87,
                  "Plan Rows": 142745,
                  "Plan Width": 0,
                  "Actual Startup Time": 135.997,
                  "Actual Total Time": 281.585,
                  "Actual Rows": 216105,
                  "Actual Loops": 4,
                  "Inner Unique": true,
                  "Hash Cond": "(mk.movie_id = t.id)",
                  "Plans": [
                    {
                      "Node Type": "Seq Scan",
                      "Parent Relationship": "Outer",
                      "Parallel Aware": true,
                      "Relation Name": "movie_keyword",
                      "Alias": "mk",
                      "Startup Cost": 0.0,
                      "Total Cost": 42695.65,
                      "Plan Rows": 490679,
                      "Plan Width": 4,
                      "Actual Startup Time": 0.025,
                      "Actual Total Time": 86.129,
                      "Actual Rows": 377921,
                      "Actual Loops": 4,
                      "Filter": "(keyword_id < 2193)",
                      "Rows Removed by Filter": 753061
                    },
                    {
                      "Node Type": "Hash",
                      "Parent Relationship": "Inner",
                      "Parallel Aware": true,
                      "Startup Cost": 45479.59,
                      "Total Cost": 45479.59,
                      "Plan Rows": 183888,
                      "Plan Width": 4,
                      "Actual Startup Time": 133.324,
                      "Actual Total Time": 133.325,
                      "Actual Rows": 158978,
                      "Actual Loops": 4,
                      "Hash Buckets": 1048576,
                      "Original Hash Buckets": 1048576,
                      "Hash Batches": 1,
                      "Original Hash Batches": 1,
                      "Peak Memory Usage": 33120,
                      "Plans": [
                        {
                          "Node Type": "Seq Scan",
                          "Parent Relationship": "Outer",
                          "Parallel Aware": true,
                          "Relation Name": "title",
                          "Alias": "t",
                          "Startup Cost": 0.0,
                          "Total Cost": 45479.59,
                          "Plan Rows": 183888,
                          "Plan Width": 4,
                          "Actual Startup Time": 0.019,
                          "Actual Total Time": 87.533,
                          "Actual Rows": 158978,
                          "Actual Loops": 4,
                          "Filter": "((kind_id < 7) AND (production_year > 1984))",
                          "Rows Removed by Filter": 473100
                        }
                      ]
                    }
                  ]
                }
              ]
            }
          ]
        }
      ]
    },
    "Planning Time": 0.217,
    "Triggers": [],
    "Execution Time": 312.09
  }
]