{
  "Plan": {
    "Node Type": "Aggregate",
    "Strategy": "Plain",
    "Partial Mode": "Finalize",
    "Parallel Aware": false,
    "Startup Cost": 188028.9,
    "Total Cost": 188028.91,
    "Plan Rows": 1,
    "Plan Width": 8,
    "Actual Startup Time": 1997.819,
    "Actual Total Time": 2021.986,
    "Actual Rows": 1,
    "Actual Loops": 1,
    "Plans": [
      {
        "Node Type": "Gather",
        "Parent Relationship": "Outer",
        "Parallel Aware": false,
        "Startup Cost": 188028.78,
        "Total Cost": 188028.89,
        "Plan Rows": 1,
        "Plan Width": 8,
        "Actual Startup Time": 1990.431,
        "Actual Total Time": 2021.977,
        "Actual Rows": 2,
        "Actual Loops": 1,
        "Workers Planned": 1,
        "Workers Launched": 1,
        "Single Copy": false,
        "Plans": [
          {
            "Node Type": "Aggregate",
            "Strategy": "Plain",
            "Partial Mode": "Partial",
            "Parent Relationship": "Outer",
            "Parallel Aware": false,
            "Startup Cost": 187028.78,
            "Total Cost": 187028.79,
            "Plan Rows": 1,
            "Plan Width": 8,
            "Actual Startup Time": 1981.835,
            "Actual Total Time": 1981.842,
            "Actual Rows": 1,
            "Actual Loops": 2,
            "Plans": [
              {
                "Node Type": "Hash Join",
                "Parent Relationship": "Outer",
                "Parallel Aware": true,
                "Join Type": "Inner",
                "Startup Cost": 118348.48,
                "Total Cost": 185423.95,
                "Plan Rows": 641932,
                "Plan Width": 0,
                "Actual Startup Time": 1011.097,
                "Actual Total Time": 1734.8,
                "Actual Rows": 5902696,
                "Actual Loops": 2,
                "Inner Unique": false,
                "Hash Cond": "(mk.movie_id = t.id)",
                "Plans": [
                  {
                    "Node Type": "Seq Scan",
                    "Parent Relationship": "Outer",
                    "Parallel Aware": true,
                    "Relation Name": "movie_keyword",
                    "Alias": "mk",
                    "Startup Cost": 0.0,
                    "Total Cost": 57718.19,
                    "Plan Rows": 1488323,
                    "Plan Width": 4,
                    "Actual Startup Time": 0.019,
                    "Actual Total Time": 191.796,
                    "Actual Rows": 1266606,
                    "Actual Loops": 2,
                    "Filter": "(keyword_id < 6306)",
                    "Rows Removed by Filter": 995359
                  },
                  {
                    "Node Type": "Hash",
                    "Parent Relationship": "Inner",
                    "Parallel Aware": true,
                    "Startup Cost": 110330.22,
                    "Total Cost": 110330.22,
                    "Plan Rows": 641461,
                    "Plan Width": 8,
                    "Actual Startup Time": 996.424,
                    "Actual Total Time": 996.429,
                    "Actual Rows": 477445,
                    "Actual Loops": 2,
                    "Hash Buckets": 2097152,
                    "Original Hash Buckets": 2097152,
                    "Hash Batches": 1,
                    "Original Hash Batches": 1,
                    "Peak Memory Usage": 53760,
                    "Plans": [
                      {
                        "Node Type": "Hash Join",
                        "Parent Relationship": "Outer",
                        "Parallel Aware": true,
                        "Join Type": "Inner",
                        "Startup Cost": 70372.2,
                        "Total Cost": 110330.22,
                        "Plan Rows": 641461,
                        "Plan Width": 8,
                        "Actual Startup Time": 552.174,
                        "Actual Total Time": 870.707,
                        "Actual Rows": 477445,
                        "Actual Loops": 2,
                        "Inner Unique": true,
                        "Hash Cond": "(mc.movie_id = t.id)",
                        "Plans": [
                          {
                            "Node Type": "Seq Scan",
                            "Parent Relationship": "Outer",
                            "Parallel Aware": true,
                            "Relation Name": "movie_companies",
                            "Alias": "mc",
                            "Startup Cost": 0.0,
                            "Total Cost": 37974.77,
                            "Plan Rows": 755522,
                            "Plan Width": 4,
                            "Actual Startup Time": 0.015,
                            "Actual Total Time": 121.077,
                            "Actual Rows": 637123,
                            "Actual Loops": 2,
                            "Filter": "(company_type_id < 2)",
                            "Rows Removed by Filter": 667442
                          },
                          {
                            "Node Type": "Hash",
                            "Parent Relationship": "Inner",
                            "Parallel Aware": true,
                            "Startup Cost": 54588.39,
                            "Total Cost": 54588.39,
                            "Plan Rows": 1262705,
                            "Plan Width": 4,
                            "Actual Startup Time": 538.25,
                            "Actual Total Time": 538.251,
                            "Actual Rows": 1066486,
                            "Actual Loops": 2,
                            "Hash Buckets": 4194304,
                            "Original Hash Buckets": 4194304,
                            "Hash Batches": 1,
                            "Original Hash Batches": 1,
                            "Peak Memory Usage": 116256,
                            "Plans": [
                              {
                                "Node Type": "Seq Scan",
                                "Parent Relationship": "Outer",
                                "Parallel Aware": true,
                                "Relation Name": "title",
                                "Alias": "t",
                                "Startup Cost": 0.0,
                                "Total Cost": 54588.39,
                                "Plan Rows": 1262705,
                                "Plan Width": 4,
                                "Actual Startup Time": 0.03,
                                "Actual Total Time": 187.408,
                                "Actual Rows": 1066486,
                                "Actual Loops": 2,
                                "Filter": "(production_year > 1966)",
                                "Rows Removed by Filter": 197670
                              }
                            ]
                          }
                        ]
                      }
                    ]
                  }
                ]
              }
            ]
          }
        ]
      }
    ]
  },
  "Planning Time": 1.035,
  "Triggers": [],
  "Execution Time": 2022.07
}