[
  {
    "Plan": {
      "Node Type": "Aggregate",
      "Strategy": "Plain",
      "Partial Mode": "Finalize",
      "Parallel Aware": false,
      "Startup Cost": 120436.7,
      "Total Cost": 120436.71,
      "Plan Rows": 1,
      "Plan Width": 8,
      "Actual Startup Time": 183.971,
      "Actual Total Time": 202.002,
      "Actual Rows": 1,
      "Actual Loops": 1,
      "Plans": [
        {
          "Node Type": "Gather",
          "Parent Relationship": "Outer",
          "Parallel Aware": false,
          "Startup Cost": 120436.18,
          "Total Cost": 120436.69,
          "Plan Rows": 5,
          "Plan Width": 8,
          "Actual Startup Time": 183.797,
          "Actual Total Time": 201.983,
          "Actual Rows": 6,
          "Actual Loops": 1,
          "Workers Planned": 5,
          "Workers Launched": 5,
          "Single Copy": false,
          "Plans": [
            {
              "Node Type": "Aggregate",
              "Strategy": "Plain",
              "Partial Mode": "Partial",
              "Parent Relationship": "Outer",
              "Parallel Aware": false,
              "Startup Cost": 119436.18,
              "Total Cost": 119436.19,
              "Plan Rows": 1,
              "Plan Width": 8,
              "Actual Startup Time": 177.728,
              "Actual Total Time": 177.729,
              "Actual Rows": 1,
              "Actual Loops": 6,
              "Plans": [
                {
                  "Node Type": "Index Scan",
                  "Parent Relationship": "Outer",
                  "Parallel Aware": true,
                  "Scan Direction": "Forward",
                  "Index Name": "role_id_cast_info",
                  "Relation Name": "cast_info",
                  "Alias": "ci",
                  "Startup Cost": 0.56,
                  "Total Cost": 118067.1,
                  "Plan Rows": 547630,
                  "Plan Width": 0,
                  "Actual Startup Time": 0.095,
                  "Actual Total Time": 168.711,
                  "Actual Rows": 148645,
                  "Actual Loops": 6,
                  "Index Cond": "(role_id = 10)",
                  "Rows Removed by Index Recheck": 0,
                  "Filter": "(person_id < 2362771)",
                  "Rows Removed by Filter": 571858
                }
              ]
            }
          ]
        }
      ]
    },
    "Planning Time": 0.223,
    "Triggers": [],
    "Execution Time": 202.052
  }
]