[
  {
    "Plan": {
      "Node Type": "Aggregate",
      "Strategy": "Plain",
      "Partial Mode": "Simple",
      "Parallel Aware": false,
      "Startup Cost": 40012.34,
      "Total Cost": 40012.35,
      "Plan Rows": 1,
      "Plan Width": 8,
      "Actual Startup Time": 55.988,
      "Actual Total Time": 55.99,
      "Actual Rows": 1,
      "Actual Loops": 1,
      "Plans": [
        {
          "Node Type": "Bitmap Heap Scan",
          "Parent Relationship": "Outer",
          "Parallel Aware": false,
          "Relation Name": "title",
          "Alias": "t",
          "Startup Cost": 2180.97,
          "Total Cost": 40011.99,
          "Plan Rows": 141,
          "Plan Width": 0,
          "Actual Startup Time": 26.927,
          "Actual Total Time": 55.977,
          "Actual Rows": 12,
          "Actual Loops": 1,
          "Recheck Cond": "(kind_id = 4)",
          "Rows Removed by Index Recheck": 0,
          "Filter": "(production_year > 2013)",
          "Rows Removed by Filter": 118222,
          "Exact Heap Blocks": 12711,
          "Lossy Heap Blocks": 0,
          "Plans": [
            {
              "Node Type": "Bitmap Index Scan",
              "Parent Relationship": "Outer",
              "Parallel Aware": false,
              "Index Name": "kind_id_title",
              "Startup Cost": 0.0,
              "Total Cost": 2180.94,
              "Plan Rows": 122201,
              "Plan Width": 0,
              "Actual Startup Time": 15.078,
              "Actual Total Time": 15.079,
              "Actual Rows": 118234,
              "Actual Loops": 1,
              "Index Cond": "(kind_id = 4)"
            }
          ]
        }
      ]
    },
    "Planning Time": 0.176,
    "Triggers": [],
    "Execution Time": 56.058
  }
]