[
  {
    "Plan": {
      "Node Type": "Aggregate",
      "Strategy": "Plain",
      "Partial Mode": "Finalize",
      "Parallel Aware": false,
      "Startup Cost": 339747.55,
      "Total Cost": 339747.56,
      "Plan Rows": 1,
      "Plan Width": 8,
      "Actual Startup Time": 449.611,
      "Actual Total Time": 473.588,
      "Actual Rows": 1,
      "Actual Loops": 1,
      "Plans": [
        {
          "Node Type": "Gather",
          "Parent Relationship": "Outer",
          "Parallel Aware": false,
          "Startup Cost": 339746.92,
          "Total Cost": 339747.53,
          "Plan Rows": 6,
          "Plan Width": 8,
          "Actual Startup Time": 449.456,
          "Actual Total Time": 473.575,
          "Actual Rows": 7,
          "Actual Loops": 1,
          "Workers Planned": 6,
          "Workers Launched": 6,
          "Single Copy": false,
          "Plans": [
            {
              "Node Type": "Aggregate",
              "Strategy": "Plain",
              "Partial Mode": "Partial",
              "Parent Relationship": "Outer",
              "Parallel Aware": false,
              "Startup Cost": 338746.92,
              "Total Cost": 338746.93,
              "Plan Rows": 1,
              "Plan Width": 8,
              "Actual Startup Time": 439.515,
              "Actual Total Time": 439.516,
              "Actual Rows": 1,
              "Actual Loops": 7,
              "Plans": [
                {
                  "Node Type": "Index Scan",
                  "Parent Relationship": "Outer",
                  "Parallel Aware": true,
                  "Scan Direction": "Forward",
                  "Index Name": "role_id_cast_info",
                  "Relation Name": "cast_info",
                  "Alias": "ci",
                  "Startup Cost": 0.56,
                  "Total Cost": 335235.55,
                  "Plan Rows": 1404550,
                  "Plan Width": 0,
                  "Actual Startup Time": 269.346,
                  "Actual Total Time": 407.301,
                  "Actual Rows": 597197,
                  "Actual Loops": 7,
                  "Index Cond": "(role_id = 1)",
                  "Rows Removed by Index Recheck": 0,
                  "Filter": "(person_id > 1155982)",
                  "Rows Removed by Filter": 1212901
                }
              ]
            }
          ]
        }
      ]
    },
    "Planning Time": 0.23,
    "Triggers": [],
    "Execution Time": 473.66
  }
]