[
  {
    "Plan": {
      "Node Type": "Aggregate",
      "Strategy": "Plain",
      "Partial Mode": "Simple",
      "Parallel Aware": false,
      "Startup Cost": 22044.58,
      "Total Cost": 22044.59,
      "Plan Rows": 1,
      "Plan Width": 8,
      "Actual Startup Time": 47.554,
      "Actual Total Time": 47.556,
      "Actual Rows": 1,
      "Actual Loops": 1,
      "Plans": [
        {
          "Node Type": "Bitmap Heap Scan",
          "Parent Relationship": "Outer",
          "Parallel Aware": false,
          "Relation Name": "movie_companies",
          "Alias": "mc",
          "Startup Cost": 1856.05,
          "Total Cost": 21935.46,
          "Plan Rows": 43645,
          "Plan Width": 0,
          "Actual Startup Time": 12.648,
          "Actual Total Time": 40.885,
          "Actual Rows": 82175,
          "Actual Loops": 1,
          "Recheck Cond": "(company_id > 168652)",
          "Rows Removed by Index Recheck": 0,
          "Filter": "(company_type_id = 2)",
          "Rows Removed by Filter": 0,
          "Exact Heap Blocks": 2778,
          "Lossy Heap Blocks": 0,
          "Plans": [
            {
              "Node Type": "Bitmap Index Scan",
              "Parent Relationship": "Outer",
              "Parallel Aware": false,
              "Index Name": "company_id_movie_companies",
              "Startup Cost": 0.0,
              "Total Cost": 1845.14,
              "Plan Rows": 85961,
              "Plan Width": 0,
              "Actual Startup Time": 11.636,
              "Actual Total Time": 11.636,
              "Actual Rows": 82175,
              "Actual Loops": 1,
              "Index Cond": "(company_id > 168652)"
            }
          ]
        }
      ]
    },
    "Planning Time": 0.22,
    "Triggers": [],
    "Execution Time": 47.622
  }
]