{
  "Plan": {
    "Node Type": "Aggregate",
    "Strategy": "Plain",
    "Partial Mode": "Finalize",
    "Parallel Aware": false,
    "Startup Cost": 108057.04,
    "Total Cost": 108057.05,
    "Plan Rows": 1,
    "Plan Width": 8,
    "Actual Startup Time": 295.289,
    "Actual Total Time": 323.251,
    "Actual Rows": 1,
    "Actual Loops": 1,
    "Plans": [
      {
        "Node Type": "Gather",
        "Parent Relationship": "Outer",
        "Parallel Aware": false,
        "Startup Cost": 108056.93,
        "Total Cost": 108057.04,
        "Plan Rows": 1,
        "Plan Width": 8,
        "Actual Startup Time": 294.786,
        "Actual Total Time": 323.243,
        "Actual Rows": 2,
        "Actual Loops": 1,
        "Workers Planned": 1,
        "Workers Launched": 1,
        "Single Copy": false,
        "Plans": [
          {
            "Node Type": "Aggregate",
            "Strategy": "Plain",
            "Partial Mode": "Partial",
            "Parent Relationship": "Outer",
            "Parallel Aware": false,
            "Startup Cost": 107056.93,
            "Total Cost": 107056.94,
            "Plan Rows": 1,
            "Plan Width": 8,
            "Actual Startup Time": 288.597,
            "Actual Total Time": 288.602,
            "Actual Rows": 1,
            "Actual Loops": 2,
            "Plans": [
              {
                "Node Type": "Nested Loop",
                "Parent Relationship": "Outer",
                "Parallel Aware": false,
                "Join Type": "Inner",
                "Startup Cost": 59507.63,
                "Total Cost": 106992.74,
                "Plan Rows": 25676,
                "Plan Width": 0,
                "Actual Startup Time": 181.977,
                "Actual Total Time": 285.374,
                "Actual Rows": 61424,
                "Actual Loops": 2,
                "Inner Unique": false,
                "Join Filter": "(t.id = mi.movie_id)",
                "Rows Removed by Join Filter": 0,
                "Plans": [
                  {
                    "Node Type": "Hash Join",
                    "Parent Relationship": "Outer",
                    "Parallel Aware": true,
                    "Join Type": "Inner",
                    "Startup Cost": 59507.2,
                    "Total Cost": 80022.26,
                    "Plan Rows": 4391,
                    "Plan Width": 8,
                    "Actual Startup Time": 181.875,
                    "Actual Total Time": 227.228,
                    "Actual Rows": 2694,
                    "Actual Loops": 2,
                    "Inner Unique": true,
                    "Hash Cond": "(mc.movie_id = t.id)",
                    "Plans": [
                      {
                        "Node Type": "Bitmap Heap Scan",
                        "Parent Relationship": "Outer",
                        "Parallel Aware": true,
                        "Relation Name": "movie_companies",
                        "Alias": "mc",
                        "Startup Cost": 4203.09,
                        "Total Cost": 24418.75,
                        "Plan Rows": 114054,
                        "Plan Width": 4,
                        "Actual Startup Time": 11.381,
                        "Actual Total Time": 38.969,
                        "Actual Rows": 96019,
                        "Actual Loops": 2,
                        "Recheck Cond": "(company_id < 52)",
                        "Rows Removed by Index Recheck": 0,
                        "Exact Heap Blocks": 10608,
                        "Lossy Heap Blocks": 0,
                        "Plans": [
                          {
                            "Node Type": "Bitmap Index Scan",
                            "Parent Relationship": "Outer",
                            "Parallel Aware": false,
                            "Index Name": "company_id_movie_companies",
                            "Startup Cost": 0.0,
                            "Total Cost": 4154.61,
                            "Plan Rows": 193891,
                            "Plan Width": 0,
                            "Actual Startup Time": 9.272,
                            "Actual Total Time": 9.273,
                            "Actual Rows": 192038,
                            "Actual Loops": 1,
                            "Index Cond": "(company_id < 52)"
                          }
                        ]
                      },
                      {
                        "Node Type": "Hash",
                        "Parent Relationship": "Inner",
                        "Parallel Aware": true,
                        "Startup Cost": 54588.39,
                        "Total Cost": 54588.39,
                        "Plan Rows": 57258,
                        "Plan Width": 4,
                        "Actual Startup Time": 168.088,
                        "Actual Total Time": 168.089,
                        "Actual Rows": 47502,
                        "Actual Loops": 2,
                        "Hash Buckets": 131072,
                        "Original Hash Buckets": 131072,
                        "Hash Batches": 1,
                        "Original Hash Batches": 1,
                        "Peak Memory Usage": 4768,
                        "Plans": [
                          {
                            "Node Type": "Seq Scan",
                            "Parent Relationship": "Outer",
                            "Parallel Aware": true,
                            "Relation Name": "title",
                            "Alias": "t",
                            "Startup Cost": 0.0,
                            "Total Cost": 54588.39,
                            "Plan Rows": 57258,
                            "Plan Width": 4,
                            "Actual Startup Time": 0.035,
                            "Actual Total Time": 153.067,
                            "Actual Rows": 47502,
                            "Actual Loops": 2,
                            "Filter": "(production_year = 2005)",
                            "Rows Removed by Filter": 1216654
                          }
                        ]
                      }
                    ]
                  },
                  {
                    "Node Type": "Index Only Scan",
                    "Parent Relationship": "Inner",
                    "Parallel Aware": false,
                    "Scan Direction": "Forward",
                    "Index Name": "movie_id_movie_info",
                    "Relation Name": "movie_info",
                    "Alias": "mi",
                    "Startup Cost": 0.43,
                    "Total Cost": 5.62,
                    "Plan Rows": 42,
                    "Plan Width": 4,
                    "Actual Startup Time": 0.006,
                    "Actual Total Time": 0.019,
                    "Actual Rows": 23,
                    "Actual Loops": 5387,
                    "Index Cond": "(movie_id = mc.movie_id)",
                    "Rows Removed by Index Recheck": 0,
                    "Heap Fetches": 122848
                  }
                ]
              }
            ]
          }
        ]
      }
    ]
  },
  "Planning Time": 0.957,
  "Triggers": [],
  "Execution Time": 323.415
}