{
  "Plan": {
    "Node Type": "Aggregate",
    "Strategy": "Plain",
    "Partial Mode": "Finalize",
    "Parallel Aware": false,
    "Startup Cost": 341882.44,
    "Total Cost": 341882.45,
    "Plan Rows": 1,
    "Plan Width": 8,
    "Actual Startup Time": 2308.203,
    "Actual Total Time": 2358.296,
    "Actual Rows": 1,
    "Actual Loops": 1,
    "Plans": [
      {
        "Node Type": "Gather",
        "Parent Relationship": "Outer",
        "Parallel Aware": false,
        "Startup Cost": 341882.33,
        "Total Cost": 341882.44,
        "Plan Rows": 1,
        "Plan Width": 8,
        "Actual Startup Time": 2306.093,
        "Actual Total Time": 2358.286,
        "Actual Rows": 2,
        "Actual Loops": 1,
        "Workers Planned": 1,
        "Workers Launched": 1,
        "Single Copy": false,
        "Plans": [
          {
            "Node Type": "Aggregate",
            "Strategy": "Plain",
            "Partial Mode": "Partial",
            "Parent Relationship": "Outer",
            "Parallel Aware": false,
            "Startup Cost": 340882.33,
            "Total Cost": 340882.34,
            "Plan Rows": 1,
            "Plan Width": 8,
            "Actual Startup Time": 2301.604,
            "Actual Total Time": 2301.607,
            "Actual Rows": 1,
            "Actual Loops": 2,
            "Plans": [
              {
                "Node Type": "Hash Join",
                "Parent Relationship": "Outer",
                "Parallel Aware": true,
                "Join Type": "Inner",
                "Startup Cost": 63281.16,
                "Total Cost": 335064.64,
                "Plan Rows": 2327074,
                "Plan Width": 0,
                "Actual Startup Time": 276.885,
                "Actual Total Time": 2263.935,
                "Actual Rows": 932824,
                "Actual Loops": 2,
                "Inner Unique": true,
                "Hash Cond": "(mi.movie_id = t.id)",
                "Plans": [
                  {
                    "Node Type": "Seq Scan",
                    "Parent Relationship": "Outer",
                    "Parallel Aware": true,
                    "Relation Name": "movie_info",
                    "Alias": "mi",
                    "Startup Cost": 0.0,
                    "Total Cost": 248955.74,
                    "Plan Rows": 8696274,
                    "Plan Width": 4,
                    "Actual Startup Time": 0.01,
                    "Actual Total Time": 623.498,
                    "Actual Rows": 7417860,
                    "Actual Loops": 2
                  },
                  {
                    "Node Type": "Hash",
                    "Parent Relationship": "Inner",
                    "Parallel Aware": true,
                    "Startup Cost": 58306.47,
                    "Total Cost": 58306.47,
                    "Plan Rows": 397975,
                    "Plan Width": 4,
                    "Actual Startup Time": 266.188,
                    "Actual Total Time": 266.189,
                    "Actual Rows": 367886,
                    "Actual Loops": 2,
                    "Hash Buckets": 1048576,
                    "Original Hash Buckets": 1048576,
                    "Hash Batches": 1,
                    "Original Hash Batches": 1,
                    "Peak Memory Usage": 36992,
                    "Plans": [
                      {
                        "Node Type": "Seq Scan",
                        "Parent Relationship": "Outer",
                        "Parallel Aware": true,
                        "Relation Name": "title",
                        "Alias": "t",
                        "Startup Cost": 0.0,
                        "Total Cost": 58306.47,
                        "Plan Rows": 397975,
                        "Plan Width": 4,
                        "Actual Startup Time": 0.023,
                        "Actual Total Time": 162.204,
                        "Actual Rows": 367886,
                        "Actual Loops": 2,
                        "Filter": "((kind_id > 3) AND (production_year > 2005))",
                        "Rows Removed by Filter": 896270
                      }
                    ]
                  }
                ]
              }
            ]
          }
        ]
      }
    ]
  },
  "Planning Time": 0.482,
  "Triggers": [],
  "Execution Time": 2358.363
}