[
  {
    "Plan": {
      "Node Type": "Aggregate",
      "Strategy": "Plain",
      "Partial Mode": "Finalize",
      "Parallel Aware": false,
      "Startup Cost": 206458.73,
      "Total Cost": 206458.74,
      "Plan Rows": 1,
      "Plan Width": 8,
      "Actual Startup Time": 632.613,
      "Actual Total Time": 665.48,
      "Actual Rows": 1,
      "Actual Loops": 1,
      "Plans": [
        {
          "Node Type": "Gather",
          "Parent Relationship": "Outer",
          "Parallel Aware": false,
          "Startup Cost": 206458.21,
          "Total Cost": 206458.72,
          "Plan Rows": 5,
          "Plan Width": 8,
          "Actual Startup Time": 632.436,
          "Actual Total Time": 665.467,
          "Actual Rows": 6,
          "Actual Loops": 1,
          "Workers Planned": 5,
          "Workers Launched": 5,
          "Single Copy": false,
          "Plans": [
            {
              "Node Type": "Aggregate",
              "Strategy": "Plain",
              "Partial Mode": "Partial",
              "Parent Relationship": "Outer",
              "Parallel Aware": false,
              "Startup Cost": 205458.21,
              "Total Cost": 205458.22,
              "Plan Rows": 1,
              "Plan Width": 8,
              "Actual Startup Time": 624.001,
              "Actual Total Time": 624.002,
              "Actual Rows": 1,
              "Actual Loops": 6,
              "Plans": [
                {
                  "Node Type": "Seq Scan",
                  "Parent Relationship": "Outer",
                  "Parallel Aware": true,
                  "Relation Name": "movie_info",
                  "Alias": "mi",
                  "Startup Cost": 0.0,
                  "Total Cost": 199108.24,
                  "Plan Rows": 2539986,
                  "Plan Width": 0,
                  "Actual Startup Time": 0.058,
                  "Actual Total Time": 493.838,
                  "Actual Rows": 2124109,
                  "Actual Loops": 6,
                  "Filter": "(info_type_id > 2)",
                  "Rows Removed by Filter": 348511
                }
              ]
            }
          ]
        }
      ]
    },
    "Planning Time": 0.189,
    "Triggers": [],
    "Execution Time": 665.534
  }
]