{
    "Plan": {
        "Node Type": "Aggregate",
        "Strategy": "Plain",
        "Partial Mode": "Finalize",
        "Parallel Aware": false,
        "Startup Cost": 248275.48,
        "Total Cost": 248275.49,
        "Plan Rows": 1,
        "Plan Width": 8,
        "Actual Startup Time": 466.207,
        "Actual Total Time": 507.176,
        "Actual Rows": 1,
        "Actual Loops": 1,
        "Output": [
            "count(*)"
        ],
        "Plans": [
            {
                "Node Type": "Gather",
                "Parent Relationship": "Outer",
                "Parallel Aware": false,
                "Startup Cost": 248274.96,
                "Total Cost": 248275.47,
                "Plan Rows": 5,
                "Plan Width": 8,
                "Actual Startup Time": 465.646,
                "Actual Total Time": 507.167,
                "Actual Rows": 6,
                "Actual Loops": 1,
                "Output": [
                    "(PARTIAL count(*))"
                ],
                "Workers Planned": 5,
                "Workers Launched": 5,
                "Single Copy": false,
                "Plans": [
                    {
                        "Node Type": "Aggregate",
                        "Strategy": "Plain",
                        "Partial Mode": "Partial",
                        "Parent Relationship": "Outer",
                        "Parallel Aware": false,
                        "Startup Cost": 247274.96,
                        "Total Cost": 247274.97,
                        "Plan Rows": 1,
                        "Plan Width": 8,
                        "Actual Startup Time": 455.384,
                        "Actual Total Time": 455.387,
                        "Actual Rows": 1,
                        "Actual Loops": 6,
                        "Output": [
                            "PARTIAL count(*)"
                        ],
                        "Workers": [
                            {
                                "Worker Number": 0,
                                "Actual Startup Time": 452.635,
                                "Actual Total Time": 452.638,
                                "Actual Rows": 1,
                                "Actual Loops": 1
                            },
                            {
                                "Worker Number": 1,
                                "Actual Startup Time": 453.37,
                                "Actual Total Time": 453.373,
                                "Actual Rows": 1,
                                "Actual Loops": 1
                            },
                            {
                                "Worker Number": 2,
                                "Actual Startup Time": 453.664,
                                "Actual Total Time": 453.667,
                                "Actual Rows": 1,
                                "Actual Loops": 1
                            },
                            {
                                "Worker Number": 3,
                                "Actual Startup Time": 453.526,
                                "Actual Total Time": 453.529,
                                "Actual Rows": 1,
                                "Actual Loops": 1
                            },
                            {
                                "Worker Number": 4,
                                "Actual Startup Time": 454.281,
                                "Actual Total Time": 454.284,
                                "Actual Rows": 1,
                                "Actual Loops": 1
                            }
                        ],
                        "Plans": [
                            {
                                "Node Type": "Hash Join",
                                "Parent Relationship": "Outer",
                                "Parallel Aware": true,
                                "Join Type": "Inner",
                                "Startup Cost": 45606.33,
                                "Total Cost": 247232.88,
                                "Plan Rows": 16831,
                                "Plan Width": 0,
                                "Actual Startup Time": 94.317,
                                "Actual Total Time": 454.987,
                                "Actual Rows": 7726,
                                "Actual Loops": 6,
                                "Inner Unique": true,
                                "Hash Cond": "(mi.movie_id = t.id)",
                                "Workers": [
                                    {
                                        "Worker Number": 0,
                                        "Actual Startup Time": 91.76,
                                        "Actual Total Time": 452.276,
                                        "Actual Rows": 6622,
                                        "Actual Loops": 1
                                    },
                                    {
                                        "Worker Number": 1,
                                        "Actual Startup Time": 92.291,
                                        "Actual Total Time": 452.968,
                                        "Actual Rows": 7715,
                                        "Actual Loops": 1
                                    },
                                    {
                                        "Worker Number": 2,
                                        "Actual Startup Time": 92.573,
                                        "Actual Total Time": 453.278,
                                        "Actual Rows": 7319,
                                        "Actual Loops": 1
                                    },
                                    {
                                        "Worker Number": 3,
                                        "Actual Startup Time": 92.432,
                                        "Actual Total Time": 453.153,
                                        "Actual Rows": 6939,
                                        "Actual Loops": 1
                                    },
                                    {
                                        "Worker Number": 4,
                                        "Actual Startup Time": 93.161,
                                        "Actual Total Time": 453.876,
                                        "Actual Rows": 7774,
                                        "Actual Loops": 1
                                    }
                                ],
                                "Plans": [
                                    {
                                        "Node Type": "Seq Scan",
                                        "Parent Relationship": "Outer",
                                        "Parallel Aware": true,
                                        "Relation Name": "movie_info",
                                        "Schema": "public",
                                        "Alias": "mi",
                                        "Startup Cost": 0.0,
                                        "Total Cost": 198880.74,
                                        "Plan Rows": 1046023,
                                        "Plan Width": 4,
                                        "Actual Startup Time": 16.585,
                                        "Actual Total Time": 299.322,
                                        "Actual Rows": 878428,
                                        "Actual Loops": 6,
                                        "Output": [
                                            "mi.id",
                                            "mi.movie_id",
                                            "mi.info_type_id",
                                            "mi.info",
                                            "mi.note"
                                        ],
                                        "Filter": "(mi.info_type_id > 15)",
                                        "Rows Removed by Filter": 1594192,
                                        "Workers": [
                                            {
                                                "Worker Number": 0,
                                                "Actual Startup Time": 16.549,
                                                "Actual Total Time": 302.834,
                                                "Actual Rows": 799161,
                                                "Actual Loops": 1
                                            },
                                            {
                                                "Worker Number": 1,
                                                "Actual Startup Time": 16.575,
                                                "Actual Total Time": 300.698,
                                                "Actual Rows": 843197,
                                                "Actual Loops": 1
                                            },
                                            {
                                                "Worker Number": 2,
                                                "Actual Startup Time": 16.586,
                                                "Actual Total Time": 300.474,
                                                "Actual Rows": 832407,
                                                "Actual Loops": 1
                                            },
                                            {
                                                "Worker Number": 3,
                                                "Actual Startup Time": 16.542,
                                                "Actual Total Time": 303.118,
                                                "Actual Rows": 799516,
                                                "Actual Loops": 1
                                            },
                                            {
                                                "Worker Number": 4,
                                                "Actual Startup Time": 16.572,
                                                "Actual Total Time": 300.22,
                                                "Actual Rows": 837508,
                                                "Actual Loops": 1
                                            }
                                        ]
                                    },
                                    {
                                        "Node Type": "Hash",
                                        "Parent Relationship": "Inner",
                                        "Parallel Aware": true,
                                        "Startup Cost": 45479.21,
                                        "Total Cost": 45479.21,
                                        "Plan Rows": 10170,
                                        "Plan Width": 4,
                                        "Actual Startup Time": 75.995,
                                        "Actual Total Time": 75.996,
                                        "Actual Rows": 6710,
                                        "Actual Loops": 6,
                                        "Output": [
                                            "t.id"
                                        ],
                                        "Hash Buckets": 65536,
                                        "Original Hash Buckets": 65536,
                                        "Hash Batches": 1,
                                        "Original Hash Batches": 1,
                                        "Peak Memory Usage": 2208,
                                        "Workers": [
                                            {
                                                "Worker Number": 0,
                                                "Actual Startup Time": 73.932,
                                                "Actual Total Time": 73.933,
                                                "Actual Rows": 5425,
                                                "Actual Loops": 1
                                            },
                                            {
                                                "Worker Number": 1,
                                                "Actual Startup Time": 74.724,
                                                "Actual Total Time": 74.726,
                                                "Actual Rows": 5749,
                                                "Actual Loops": 1
                                            },
                                            {
                                                "Worker Number": 2,
                                                "Actual Startup Time": 75.024,
                                                "Actual Total Time": 75.025,
                                                "Actual Rows": 5779,
                                                "Actual Loops": 1
                                            },
                                            {
                                                "Worker Number": 3,
                                                "Actual Startup Time": 74.871,
                                                "Actual Total Time": 74.872,
                                                "Actual Rows": 5513,
                                                "Actual Loops": 1
                                            },
                                            {
                                                "Worker Number": 4,
                                                "Actual Startup Time": 75.6,
                                                "Actual Total Time": 75.601,
                                                "Actual Rows": 6045,
                                                "Actual Loops": 1
                                            }
                                        ],
                                        "Plans": [
                                            {
                                                "Node Type": "Seq Scan",
                                                "Parent Relationship": "Outer",
                                                "Parallel Aware": true,
                                                "Relation Name": "title",
                                                "Schema": "public",
                                                "Alias": "t",
                                                "Startup Cost": 0.0,
                                                "Total Cost": 45479.21,
                                                "Plan Rows": 10170,
                                                "Plan Width": 4,
                                                "Actual Startup Time": 0.092,
                                                "Actual Total Time": 72.089,
                                                "Actual Rows": 6710,
                                                "Actual Loops": 6,
                                                "Output": [
                                                    "t.id"
                                                ],
                                                "Filter": "((t.production_year > 2012) AND (t.kind_id = 7))",
                                                "Rows Removed by Filter": 414676,
                                                "Workers": [
                                                    {
                                                        "Worker Number": 0,
                                                        "Actual Startup Time": 0.072,
                                                        "Actual Total Time": 69.717,
                                                        "Actual Rows": 5425,
                                                        "Actual Loops": 1
                                                    },
                                                    {
                                                        "Worker Number": 1,
                                                        "Actual Startup Time": 0.127,
                                                        "Actual Total Time": 70.98,
                                                        "Actual Rows": 5749,
                                                        "Actual Loops": 1
                                                    },
                                                    {
                                                        "Worker Number": 2,
                                                        "Actual Startup Time": 0.061,
                                                        "Actual Total Time": 71.084,
                                                        "Actual Rows": 5779,
                                                        "Actual Loops": 1
                                                    },
                                                    {
                                                        "Worker Number": 3,
                                                        "Actual Startup Time": 0.077,
                                                        "Actual Total Time": 71.222,
                                                        "Actual Rows": 5513,
                                                        "Actual Loops": 1
                                                    },
                                                    {
                                                        "Worker Number": 4,
                                                        "Actual Startup Time": 0.147,
                                                        "Actual Total Time": 71.911,
                                                        "Actual Rows": 6045,
                                                        "Actual Loops": 1
                                                    }
                                                ]
                                            }
                                        ]
                                    }
                                ]
                            }
                        ]
                    }
                ]
            }
        ]
    },
    "Planning Time": 0.799,
    "Triggers": [],
    "Execution Time": 507.256
}