[
  {
    "Plan": {
      "Node Type": "Aggregate",
      "Strategy": "Plain",
      "Partial Mode": "Finalize",
      "Parallel Aware": false,
      "Startup Cost": 261533.35,
      "Total Cost": 261533.36,
      "Plan Rows": 1,
      "Plan Width": 8,
      "Actual Startup Time": 1064.518,
      "Actual Total Time": 1084.66,
      "Actual Rows": 1,
      "Actual Loops": 1,
      "Plans": [
        {
          "Node Type": "Gather",
          "Parent Relationship": "Outer",
          "Parallel Aware": false,
          "Startup Cost": 261532.83,
          "Total Cost": 261533.34,
          "Plan Rows": 5,
          "Plan Width": 8,
          "Actual Startup Time": 1052.665,
          "Actual Total Time": 1084.651,
          "Actual Rows": 6,
          "Actual Loops": 1,
          "Workers Planned": 5,
          "Workers Launched": 5,
          "Single Copy": false,
          "Plans": [
            {
              "Node Type": "Aggregate",
              "Strategy": "Plain",
              "Partial Mode": "Partial",
              "Parent Relationship": "Outer",
              "Parallel Aware": false,
              "Startup Cost": 260532.83,
              "Total Cost": 260532.84,
              "Plan Rows": 1,
              "Plan Width": 8,
              "Actual Startup Time": 1046.481,
              "Actual Total Time": 1046.484,
              "Actual Rows": 1,
              "Actual Loops": 6,
              "Plans": [
                {
                  "Node Type": "Hash Join",
                  "Parent Relationship": "Outer",
                  "Parallel Aware": true,
                  "Join Type": "Inner",
                  "Startup Cost": 50212.07,
                  "Total Cost": 256377.15,
                  "Plan Rows": 1662271,
                  "Plan Width": 0,
                  "Actual Startup Time": 172.256,
                  "Actual Total Time": 1004.395,
                  "Actual Rows": 932315,
                  "Actual Loops": 6,
                  "Inner Unique": true,
                  "Hash Cond": "(mi.movie_id = t.id)",
                  "Plans": [
                    {
                      "Node Type": "Seq Scan",
                      "Parent Relationship": "Outer",
                      "Parallel Aware": true,
                      "Relation Name": "movie_info",
                      "Alias": "mi",
                      "Startup Cost": 0.0,
                      "Total Cost": 198880.74,
                      "Plan Rows": 2774984,
                      "Plan Width": 4,
                      "Actual Startup Time": 0.02,
                      "Actual Total Time": 322.559,
                      "Actual Rows": 2324966,
                      "Actual Loops": 6,
                      "Filter": "(info_type_id < 97)",
                      "Rows Removed by Filter": 147654
                    },
                    {
                      "Node Type": "Hash",
                      "Parent Relationship": "Inner",
                      "Parallel Aware": true,
                      "Startup Cost": 45479.21,
                      "Total Cost": 45479.21,
                      "Plan Rows": 378629,
                      "Plan Width": 4,
                      "Actual Startup Time": 169.071,
                      "Actual Total Time": 169.072,
                      "Actual Rows": 251206,
                      "Actual Loops": 6,
                      "Hash Buckets": 2097152,
                      "Original Hash Buckets": 2097152,
                      "Hash Batches": 1,
                      "Original Hash Batches": 1,
                      "Peak Memory Usage": 75456,
                      "Plans": [
                        {
                          "Node Type": "Seq Scan",
                          "Parent Relationship": "Outer",
                          "Parallel Aware": true,
                          "Relation Name": "title",
                          "Alias": "t",
                          "Startup Cost": 0.0,
                          "Total Cost": 45479.21,
                          "Plan Rows": 378629,
                          "Plan Width": 4,
                          "Actual Startup Time": 0.022,
                          "Actual Total Time": 73.435,
                          "Actual Rows": 251206,
                          "Actual Loops": 6,
                          "Filter": "((kind_id > 1) AND (production_year < 2011))",
                          "Rows Removed by Filter": 170180
                        }
                      ]
                    }
                  ]
                }
              ]
            }
          ]
        }
      ]
    },
    "Planning Time": 0.298,
    "Triggers": [],
    "Execution Time": 1084.702
  }
]