[
  {
    "Plan": {
      "Node Type": "Aggregate",
      "Strategy": "Plain",
      "Partial Mode": "Finalize",
      "Parallel Aware": false,
      "Startup Cost": 402255.67,
      "Total Cost": 402255.68,
      "Plan Rows": 1,
      "Plan Width": 8,
      "Actual Startup Time": 1359.365,
      "Actual Total Time": 1410.083,
      "Actual Rows": 1,
      "Actual Loops": 1,
      "Plans": [
        {
          "Node Type": "Gather",
          "Parent Relationship": "Outer",
          "Parallel Aware": false,
          "Startup Cost": 402255.05,
          "Total Cost": 402255.66,
          "Plan Rows": 6,
          "Plan Width": 8,
          "Actual Startup Time": 1347.362,
          "Actual Total Time": 1410.072,
          "Actual Rows": 7,
          "Actual Loops": 1,
          "Workers Planned": 6,
          "Workers Launched": 6,
          "Single Copy": false,
          "Plans": [
            {
              "Node Type": "Aggregate",
              "Strategy": "Plain",
              "Partial Mode": "Partial",
              "Parent Relationship": "Outer",
              "Parallel Aware": false,
              "Startup Cost": 401255.05,
              "Total Cost": 401255.06,
              "Plan Rows": 1,
              "Plan Width": 8,
              "Actual Startup Time": 1337.684,
              "Actual Total Time": 1337.687,
              "Actual Rows": 1,
              "Actual Loops": 7,
              "Plans": [
                {
                  "Node Type": "Hash Join",
                  "Parent Relationship": "Outer",
                  "Parallel Aware": true,
                  "Join Type": "Inner",
                  "Startup Cost": 49436.64,
                  "Total Cost": 398509.42,
                  "Plan Rows": 1098250,
                  "Plan Width": 0,
                  "Actual Startup Time": 496.49,
                  "Actual Total Time": 1302.823,
                  "Actual Rows": 783324,
                  "Actual Loops": 7,
                  "Inner Unique": true,
                  "Hash Cond": "(ci.movie_id = t.id)",
                  "Plans": [
                    {
                      "Node Type": "Seq Scan",
                      "Parent Relationship": "Outer",
                      "Parallel Aware": true,
                      "Relation Name": "cast_info",
                      "Alias": "ci",
                      "Startup Cost": 0.0,
                      "Total Cost": 343316.27,
                      "Plan Rows": 2192954,
                      "Plan Width": 4,
                      "Actual Startup Time": 319.393,
                      "Actual Total Time": 629.796,
                      "Actual Rows": 1385108,
                      "Actual Loops": 7,
                      "Filter": "((person_id < 3012490) AND (role_id > 2))",
                      "Rows Removed by Filter": 3792656
                    },
                    {
                      "Node Type": "Hash",
                      "Parent Relationship": "Inner",
                      "Parallel Aware": true,
                      "Startup Cost": 45479.59,
                      "Total Cost": 45479.59,
                      "Plan Rows": 316564,
                      "Plan Width": 4,
                      "Actual Startup Time": 173.979,
                      "Actual Total Time": 173.98,
                      "Actual Rows": 196461,
                      "Actual Loops": 7,
                      "Hash Buckets": 2097152,
                      "Original Hash Buckets": 2097152,
                      "Hash Batches": 1,
                      "Original Hash Batches": 1,
                      "Peak Memory Usage": 70304,
                      "Plans": [
                        {
                          "Node Type": "Seq Scan",
                          "Parent Relationship": "Outer",
                          "Parallel Aware": true,
                          "Relation Name": "title",
                          "Alias": "t",
                          "Startup Cost": 0.0,
                          "Total Cost": 45479.59,
                          "Plan Rows": 316564,
                          "Plan Width": 4,
                          "Actual Startup Time": 0.044,
                          "Actual Total Time": 80.537,
                          "Actual Rows": 196461,
                          "Actual Loops": 7,
                          "Filter": "((kind_id > 1) AND (production_year > 1992))",
                          "Rows Removed by Filter": 164726
                        }
                      ]
                    }
                  ]
                }
              ]
            }
          ]
        }
      ]
    },
    "Planning Time": 0.217,
    "Triggers": [],
    "Execution Time": 1410.128
  }
]