{
  "Plan": {
    "Node Type": "Aggregate",
    "Strategy": "Plain",
    "Partial Mode": "Finalize",
    "Parallel Aware": false,
    "Startup Cost": 102753.87,
    "Total Cost": 102753.88,
    "Plan Rows": 1,
    "Plan Width": 8,
    "Actual Startup Time": 311.414,
    "Actual Total Time": 332.046,
    "Actual Rows": 1,
    "Actual Loops": 1,
    "Plans": [
      {
        "Node Type": "Gather",
        "Parent Relationship": "Outer",
        "Parallel Aware": false,
        "Startup Cost": 102753.76,
        "Total Cost": 102753.87,
        "Plan Rows": 1,
        "Plan Width": 8,
        "Actual Startup Time": 311.408,
        "Actual Total Time": 332.041,
        "Actual Rows": 2,
        "Actual Loops": 1,
        "Workers Planned": 1,
        "Workers Launched": 1,
        "Single Copy": false,
        "Plans": [
          {
            "Node Type": "Aggregate",
            "Strategy": "Plain",
            "Partial Mode": "Partial",
            "Parent Relationship": "Outer",
            "Parallel Aware": false,
            "Startup Cost": 101753.76,
            "Total Cost": 101753.77,
            "Plan Rows": 1,
            "Plan Width": 8,
            "Actual Startup Time": 304.925,
            "Actual Total Time": 304.927,
            "Actual Rows": 1,
            "Actual Loops": 2,
            "Plans": [
              {
                "Node Type": "Nested Loop",
                "Parent Relationship": "Outer",
                "Parallel Aware": false,
                "Join Type": "Inner",
                "Startup Cost": 238.54,
                "Total Cost": 101642.63,
                "Plan Rows": 44450,
                "Plan Width": 0,
                "Actual Startup Time": 6.78,
                "Actual Total Time": 281.623,
                "Actual Rows": 427738,
                "Actual Loops": 2,
                "Inner Unique": false,
                "Join Filter": "(t.id = mi.movie_id)",
                "Rows Removed by Join Filter": 0,
                "Plans": [
                  {
                    "Node Type": "Nested Loop",
                    "Parent Relationship": "Outer",
                    "Parallel Aware": false,
                    "Join Type": "Inner",
                    "Startup Cost": 238.1,
                    "Total Cost": 86128.98,
                    "Plan Rows": 7602,
                    "Plan Width": 8,
                    "Actual Startup Time": 6.63,
                    "Actual Total Time": 63.039,
                    "Actual Rows": 18136,
                    "Actual Loops": 2,
                    "Inner Unique": false,
                    "Plans": [
                      {
                        "Node Type": "Bitmap Heap Scan",
                        "Parent Relationship": "Outer",
                        "Parallel Aware": true,
                        "Relation Name": "title",
                        "Alias": "t",
                        "Startup Cost": 237.67,
                        "Total Cost": 26177.8,
                        "Plan Rows": 7684,
                        "Plan Width": 4,
                        "Actual Startup Time": 6.251,
                        "Actual Total Time": 18.262,
                        "Actual Rows": 6300,
                        "Actual Loops": 2,
                        "Recheck Cond": "(kind_id = 6)",
                        "Rows Removed by Index Recheck": 0,
                        "Exact Heap Blocks": 5319,
                        "Lossy Heap Blocks": 0,
                        "Plans": [
                          {
                            "Node Type": "Bitmap Index Scan",
                            "Parent Relationship": "Outer",
                            "Parallel Aware": false,
                            "Index Name": "kind_id_title",
                            "Startup Cost": 0.0,
                            "Total Cost": 234.4,
                            "Plan Rows": 13063,
                            "Plan Width": 0,
                            "Actual Startup Time": 7.265,
                            "Actual Total Time": 7.265,
                            "Actual Rows": 12600,
                            "Actual Loops": 1,
                            "Index Cond": "(kind_id = 6)"
                          }
                        ]
                      },
                      {
                        "Node Type": "Index Scan",
                        "Parent Relationship": "Inner",
                        "Parallel Aware": false,
                        "Scan Direction": "Forward",
                        "Index Name": "movie_id_movie_keyword",
                        "Relation Name": "movie_keyword",
                        "Alias": "mk",
                        "Startup Cost": 0.43,
                        "Total Cost": 7.55,
                        "Plan Rows": 25,
                        "Plan Width": 4,
                        "Actual Startup Time": 0.005,
                        "Actual Total Time": 0.006,
                        "Actual Rows": 3,
                        "Actual Loops": 12600,
                        "Index Cond": "(movie_id = t.id)",
                        "Rows Removed by Index Recheck": 0,
                        "Filter": "(keyword_id < 6141)",
                        "Rows Removed by Filter": 4
                      }
                    ]
                  },
                  {
                    "Node Type": "Index Only Scan",
                    "Parent Relationship": "Inner",
                    "Parallel Aware": false,
                    "Scan Direction": "Forward",
                    "Index Name": "movie_id_movie_info",
                    "Relation Name": "movie_info",
                    "Alias": "mi",
                    "Startup Cost": 0.43,
                    "Total Cost": 1.52,
                    "Plan Rows": 42,
                    "Plan Width": 4,
                    "Actual Startup Time": 0.003,
                    "Actual Total Time": 0.009,
                    "Actual Rows": 24,
                    "Actual Loops": 36273,
                    "Index Cond": "(movie_id = mk.movie_id)",
                    "Rows Removed by Index Recheck": 0,
                    "Heap Fetches": 855477
                  }
                ]
              }
            ]
          }
        ]
      }
    ]
  },
  "Planning Time": 0.948,
  "Triggers": [],
  "Execution Time": 332.151
}