[
  {
    "Plan": {
      "Node Type": "Aggregate",
      "Strategy": "Plain",
      "Partial Mode": "Finalize",
      "Parallel Aware": false,
      "Startup Cost": 337578.23,
      "Total Cost": 337578.24,
      "Plan Rows": 1,
      "Plan Width": 8,
      "Actual Startup Time": 764.093,
      "Actual Total Time": 818.09,
      "Actual Rows": 1,
      "Actual Loops": 1,
      "Plans": [
        {
          "Node Type": "Gather",
          "Parent Relationship": "Outer",
          "Parallel Aware": false,
          "Startup Cost": 337577.6,
          "Total Cost": 337578.21,
          "Plan Rows": 6,
          "Plan Width": 8,
          "Actual Startup Time": 763.881,
          "Actual Total Time": 818.071,
          "Actual Rows": 7,
          "Actual Loops": 1,
          "Workers Planned": 6,
          "Workers Launched": 6,
          "Single Copy": false,
          "Plans": [
            {
              "Node Type": "Aggregate",
              "Strategy": "Plain",
              "Partial Mode": "Partial",
              "Parent Relationship": "Outer",
              "Parallel Aware": false,
              "Startup Cost": 336577.6,
              "Total Cost": 336577.61,
              "Plan Rows": 1,
              "Plan Width": 8,
              "Actual Startup Time": 755.987,
              "Actual Total Time": 755.989,
              "Actual Rows": 1,
              "Actual Loops": 7,
              "Plans": [
                {
                  "Node Type": "Seq Scan",
                  "Parent Relationship": "Outer",
                  "Parallel Aware": true,
                  "Relation Name": "cast_info",
                  "Alias": "ci",
                  "Startup Cost": 0.0,
                  "Total Cost": 328211.39,
                  "Plan Rows": 3346485,
                  "Plan Width": 0,
                  "Actual Startup Time": 0.036,
                  "Actual Total Time": 616.102,
                  "Actual Rows": 2905381,
                  "Actual Loops": 7,
                  "Filter": "(person_id < 2044493)",
                  "Rows Removed by Filter": 2272383
                }
              ]
            }
          ]
        }
      ]
    },
    "Planning Time": 0.213,
    "Triggers": [],
    "Execution Time": 818.163
  }
]