[
  {
    "Plan": {
      "Node Type": "Aggregate",
      "Strategy": "Plain",
      "Partial Mode": "Finalize",
      "Parallel Aware": false,
      "Startup Cost": 24362.73,
      "Total Cost": 24362.74,
      "Plan Rows": 1,
      "Plan Width": 8,
      "Actual Startup Time": 56.813,
      "Actual Total Time": 60.924,
      "Actual Rows": 1,
      "Actual Loops": 1,
      "Plans": [
        {
          "Node Type": "Gather",
          "Parent Relationship": "Outer",
          "Parallel Aware": false,
          "Startup Cost": 24362.41,
          "Total Cost": 24362.72,
          "Plan Rows": 3,
          "Plan Width": 8,
          "Actual Startup Time": 56.628,
          "Actual Total Time": 60.917,
          "Actual Rows": 4,
          "Actual Loops": 1,
          "Workers Planned": 3,
          "Workers Launched": 3,
          "Single Copy": false,
          "Plans": [
            {
              "Node Type": "Aggregate",
              "Strategy": "Plain",
              "Partial Mode": "Partial",
              "Parent Relationship": "Outer",
              "Parallel Aware": false,
              "Startup Cost": 23362.41,
              "Total Cost": 23362.42,
              "Plan Rows": 1,
              "Plan Width": 8,
              "Actual Startup Time": 47.7,
              "Actual Total Time": 47.701,
              "Actual Rows": 1,
              "Actual Loops": 4,
              "Plans": [
                {
                  "Node Type": "Bitmap Heap Scan",
                  "Parent Relationship": "Outer",
                  "Parallel Aware": true,
                  "Relation Name": "movie_companies",
                  "Alias": "mc",
                  "Startup Cost": 3677.28,
                  "Total Cost": 23292.57,
                  "Plan Rows": 27935,
                  "Plan Width": 0,
                  "Actual Startup Time": 15.669,
                  "Actual Total Time": 44.001,
                  "Actual Rows": 41587,
                  "Actual Loops": 4,
                  "Recheck Cond": "(company_id > 125287)",
                  "Rows Removed by Index Recheck": 0,
                  "Filter": "(company_type_id > 1)",
                  "Rows Removed by Filter": 0,
                  "Exact Heap Blocks": 2275,
                  "Lossy Heap Blocks": 0,
                  "Plans": [
                    {
                      "Node Type": "Bitmap Index Scan",
                      "Parent Relationship": "Outer",
                      "Parallel Aware": false,
                      "Index Name": "company_id_movie_companies",
                      "Startup Cost": 0.0,
                      "Total Cost": 3655.63,
                      "Plan Rows": 170560,
                      "Plan Width": 0,
                      "Actual Startup Time": 22.409,
                      "Actual Total Time": 22.409,
                      "Actual Rows": 166349,
                      "Actual Loops": 1,
                      "Index Cond": "(company_id > 125287)"
                    }
                  ]
                }
              ]
            }
          ]
        }
      ]
    },
    "Planning Time": 0.193,
    "Triggers": [],
    "Execution Time": 60.992
  }
]