{
    "Plan": {
        "Node Type": "Aggregate",
        "Strategy": "Plain",
        "Partial Mode": "Finalize",
        "Parallel Aware": false,
        "Startup Cost": 132191.13,
        "Total Cost": 132191.14,
        "Plan Rows": 1,
        "Plan Width": 8,
        "Actual Startup Time": 217.618,
        "Actual Total Time": 237.849,
        "Actual Rows": 1,
        "Actual Loops": 1,
        "Output": [
            "count(*)"
        ],
        "Plans": [
            {
                "Node Type": "Gather",
                "Parent Relationship": "Outer",
                "Parallel Aware": false,
                "Startup Cost": 132190.81,
                "Total Cost": 132191.12,
                "Plan Rows": 3,
                "Plan Width": 8,
                "Actual Startup Time": 216.526,
                "Actual Total Time": 237.84,
                "Actual Rows": 4,
                "Actual Loops": 1,
                "Output": [
                    "(PARTIAL count(*))"
                ],
                "Workers Planned": 3,
                "Workers Launched": 3,
                "Single Copy": false,
                "Plans": [
                    {
                        "Node Type": "Aggregate",
                        "Strategy": "Plain",
                        "Partial Mode": "Partial",
                        "Parent Relationship": "Outer",
                        "Parallel Aware": false,
                        "Startup Cost": 131190.81,
                        "Total Cost": 131190.82,
                        "Plan Rows": 1,
                        "Plan Width": 8,
                        "Actual Startup Time": 207.283,
                        "Actual Total Time": 207.287,
                        "Actual Rows": 1,
                        "Actual Loops": 4,
                        "Output": [
                            "PARTIAL count(*)"
                        ],
                        "Workers": [
                            {
                                "Worker Number": 0,
                                "Actual Startup Time": 203.681,
                                "Actual Total Time": 203.685,
                                "Actual Rows": 1,
                                "Actual Loops": 1
                            },
                            {
                                "Worker Number": 1,
                                "Actual Startup Time": 204.751,
                                "Actual Total Time": 204.754,
                                "Actual Rows": 1,
                                "Actual Loops": 1
                            },
                            {
                                "Worker Number": 2,
                                "Actual Startup Time": 204.916,
                                "Actual Total Time": 204.921,
                                "Actual Rows": 1,
                                "Actual Loops": 1
                            }
                        ],
                        "Plans": [
                            {
                                "Node Type": "Nested Loop",
                                "Parent Relationship": "Outer",
                                "Parallel Aware": false,
                                "Join Type": "Inner",
                                "Startup Cost": 45920.07,
                                "Total Cost": 130662.85,
                                "Plan Rows": 211185,
                                "Plan Width": 0,
                                "Actual Startup Time": 110.186,
                                "Actual Total Time": 206.733,
                                "Actual Rows": 9379,
                                "Actual Loops": 4,
                                "Inner Unique": false,
                                "Join Filter": "(t.id = ci.movie_id)",
                                "Rows Removed by Join Filter": 0,
                                "Workers": [
                                    {
                                        "Worker Number": 0,
                                        "Actual Startup Time": 106.617,
                                        "Actual Total Time": 203.132,
                                        "Actual Rows": 8335,
                                        "Actual Loops": 1
                                    },
                                    {
                                        "Worker Number": 1,
                                        "Actual Startup Time": 107.776,
                                        "Actual Total Time": 204.273,
                                        "Actual Rows": 6450,
                                        "Actual Loops": 1
                                    },
                                    {
                                        "Worker Number": 2,
                                        "Actual Startup Time": 107.845,
                                        "Actual Total Time": 204.373,
                                        "Actual Rows": 8276,
                                        "Actual Loops": 1
                                    }
                                ],
                                "Plans": [
                                    {
                                        "Node Type": "Hash Join",
                                        "Parent Relationship": "Outer",
                                        "Parallel Aware": true,
                                        "Join Type": "Inner",
                                        "Startup Cost": 45919.51,
                                        "Total Cost": 78028.1,
                                        "Plan Rows": 14728,
                                        "Plan Width": 8,
                                        "Actual Startup Time": 110.091,
                                        "Actual Total Time": 186.905,
                                        "Actual Rows": 421,
                                        "Actual Loops": 4,
                                        "Output": [
                                            "t.id",
                                            "mc.movie_id"
                                        ],
                                        "Inner Unique": true,
                                        "Hash Cond": "(mc.movie_id = t.id)",
                                        "Workers": [
                                            {
                                                "Worker Number": 0,
                                                "Actual Startup Time": 106.486,
                                                "Actual Total Time": 180.474,
                                                "Actual Rows": 327,
                                                "Actual Loops": 1
                                            },
                                            {
                                                "Worker Number": 1,
                                                "Actual Startup Time": 107.674,
                                                "Actual Total Time": 182.507,
                                                "Actual Rows": 292,
                                                "Actual Loops": 1
                                            },
                                            {
                                                "Worker Number": 2,
                                                "Actual Startup Time": 107.734,
                                                "Actual Total Time": 182.247,
                                                "Actual Rows": 337,
                                                "Actual Loops": 1
                                            }
                                        ],
                                        "Plans": [
                                            {
                                                "Node Type": "Seq Scan",
                                                "Parent Relationship": "Outer",
                                                "Parallel Aware": true,
                                                "Relation Name": "movie_companies",
                                                "Schema": "public",
                                                "Alias": "mc",
                                                "Startup Cost": 0.0,
                                                "Total Cost": 31414.82,
                                                "Plan Rows": 264295,
                                                "Plan Width": 4,
                                                "Actual Startup Time": 1.27,
                                                "Actual Total Time": 57.946,
                                                "Actual Rows": 153310,
                                                "Actual Loops": 4,
                                                "Output": [
                                                    "mc.id",
                                                    "mc.movie_id",
                                                    "mc.company_id",
                                                    "mc.company_type_id",
                                                    "mc.note"
                                                ],
                                                "Filter": "((mc.company_id > 3422) AND (mc.company_type_id = 1))",
                                                "Rows Removed by Filter": 498972,
                                                "Workers": [
                                                    {
                                                        "Worker Number": 0,
                                                        "Actual Startup Time": 1.254,
                                                        "Actual Total Time": 55.016,
                                                        "Actual Rows": 127041,
                                                        "Actual Loops": 1
                                                    },
                                                    {
                                                        "Worker Number": 1,
                                                        "Actual Startup Time": 1.26,
                                                        "Actual Total Time": 57.023,
                                                        "Actual Rows": 150219,
                                                        "Actual Loops": 1
                                                    },
                                                    {
                                                        "Worker Number": 2,
                                                        "Actual Startup Time": 1.264,
                                                        "Actual Total Time": 56.883,
                                                        "Actual Rows": 151758,
                                                        "Actual Loops": 1
                                                    }
                                                ]
                                            },
                                            {
                                                "Node Type": "Hash",
                                                "Parent Relationship": "Inner",
                                                "Parallel Aware": true,
                                                "Startup Cost": 45479.21,
                                                "Total Cost": 45479.21,
                                                "Plan Rows": 35224,
                                                "Plan Width": 4,
                                                "Actual Startup Time": 106.026,
                                                "Actual Total Time": 106.027,
                                                "Actual Rows": 37665,
                                                "Actual Loops": 4,
                                                "Output": [
                                                    "t.id"
                                                ],
                                                "Hash Buckets": 262144,
                                                "Original Hash Buckets": 262144,
                                                "Hash Batches": 1,
                                                "Original Hash Batches": 1,
                                                "Peak Memory Usage": 8000,
                                                "Workers": [
                                                    {
                                                        "Worker Number": 0,
                                                        "Actual Startup Time": 104.378,
                                                        "Actual Total Time": 104.379,
                                                        "Actual Rows": 29940,
                                                        "Actual Loops": 1
                                                    },
                                                    {
                                                        "Worker Number": 1,
                                                        "Actual Startup Time": 105.372,
                                                        "Actual Total Time": 105.373,
                                                        "Actual Rows": 32340,
                                                        "Actual Loops": 1
                                                    },
                                                    {
                                                        "Worker Number": 2,
                                                        "Actual Startup Time": 105.655,
                                                        "Actual Total Time": 105.656,
                                                        "Actual Rows": 33042,
                                                        "Actual Loops": 1
                                                    }
                                                ],
                                                "Plans": [
                                                    {
                                                        "Node Type": "Seq Scan",
                                                        "Parent Relationship": "Outer",
                                                        "Parallel Aware": true,
                                                        "Relation Name": "title",
                                                        "Schema": "public",
                                                        "Alias": "t",
                                                        "Startup Cost": 0.0,
                                                        "Total Cost": 45479.21,
                                                        "Plan Rows": 35224,
                                                        "Plan Width": 4,
                                                        "Actual Startup Time": 0.064,
                                                        "Actual Total Time": 92.33,
                                                        "Actual Rows": 37665,
                                                        "Actual Loops": 4,
                                                        "Output": [
                                                            "t.id"
                                                        ],
                                                        "Filter": "((t.production_year > 2011) AND (t.kind_id = 7))",
                                                        "Rows Removed by Filter": 594413,
                                                        "Workers": [
                                                            {
                                                                "Worker Number": 0,
                                                                "Actual Startup Time": 0.087,
                                                                "Actual Total Time": 91.375,
                                                                "Actual Rows": 29940,
                                                                "Actual Loops": 1
                                                            },
                                                            {
                                                                "Worker Number": 1,
                                                                "Actual Startup Time": 0.077,
                                                                "Actual Total Time": 92.844,
                                                                "Actual Rows": 32340,
                                                                "Actual Loops": 1
                                                            },
                                                            {
                                                                "Worker Number": 2,
                                                                "Actual Startup Time": 0.066,
                                                                "Actual Total Time": 92.674,
                                                                "Actual Rows": 33042,
                                                                "Actual Loops": 1
                                                            }
                                                        ]
                                                    }
                                                ]
                                            }
                                        ]
                                    },
                                    {
                                        "Node Type": "Index Only Scan",
                                        "Parent Relationship": "Inner",
                                        "Parallel Aware": false,
                                        "Scan Direction": "Forward",
                                        "Index Name": "movie_id_cast_info",
                                        "Relation Name": "cast_info",
                                        "Schema": "public",
                                        "Alias": "ci",
                                        "Startup Cost": 0.56,
                                        "Total Cost": 3.1,
                                        "Plan Rows": 38,
                                        "Plan Width": 4,
                                        "Actual Startup Time": 0.007,
                                        "Actual Total Time": 0.044,
                                        "Actual Rows": 22,
                                        "Actual Loops": 1685,
                                        "Output": [
                                            "ci.movie_id"
                                        ],
                                        "Index Cond": "(ci.movie_id = mc.movie_id)",
                                        "Rows Removed by Index Recheck": 0,
                                        "Heap Fetches": 37515,
                                        "Workers": [
                                            {
                                                "Worker Number": 0,
                                                "Actual Startup Time": 0.011,
                                                "Actual Total Time": 0.066,
                                                "Actual Rows": 25,
                                                "Actual Loops": 327
                                            },
                                            {
                                                "Worker Number": 1,
                                                "Actual Startup Time": 0.011,
                                                "Actual Total Time": 0.071,
                                                "Actual Rows": 22,
                                                "Actual Loops": 292
                                            },
                                            {
                                                "Worker Number": 2,
                                                "Actual Startup Time": 0.01,
                                                "Actual Total Time": 0.062,
                                                "Actual Rows": 25,
                                                "Actual Loops": 337
                                            }
                                        ]
                                    }
                                ]
                            }
                        ]
                    }
                ]
            }
        ]
    },
    "Planning Time": 1.667,
    "Triggers": [],
    "Execution Time": 237.943
}