[
  {
    "Plan": {
      "Node Type": "Aggregate",
      "Strategy": "Plain",
      "Partial Mode": "Simple",
      "Parallel Aware": false,
      "Startup Cost": 273.54,
      "Total Cost": 273.55,
      "Plan Rows": 1,
      "Plan Width": 8,
      "Actual Startup Time": 5.832,
      "Actual Total Time": 5.832,
      "Actual Rows": 1,
      "Actual Loops": 1,
      "Plans": [
        {
          "Node Type": "Index Scan",
          "Parent Relationship": "Outer",
          "Parallel Aware": false,
          "Scan Direction": "Forward",
          "Index Name": "company_id_movie_companies",
          "Relation Name": "movie_companies",
          "Alias": "mc",
          "Startup Cost": 0.43,
          "Total Cost": 273.41,
          "Plan Rows": 52,
          "Plan Width": 0,
          "Actual Startup Time": 5.413,
          "Actual Total Time": 5.804,
          "Actual Rows": 284,
          "Actual Loops": 1,
          "Index Cond": "(company_id = 11276)",
          "Rows Removed by Index Recheck": 0,
          "Filter": "(company_type_id > 1)",
          "Rows Removed by Filter": 358
        }
      ]
    },
    "Planning Time": 0.082,
    "Triggers": [],
    "Execution Time": 5.851
  }
]