[
  {
    "Plan": {
      "Node Type": "Aggregate",
      "Strategy": "Plain",
      "Partial Mode": "Finalize",
      "Parallel Aware": false,
      "Startup Cost": 32670.04,
      "Total Cost": 32670.05,
      "Plan Rows": 1,
      "Plan Width": 8,
      "Actual Startup Time": 73.018,
      "Actual Total Time": 80.464,
      "Actual Rows": 1,
      "Actual Loops": 1,
      "Plans": [
        {
          "Node Type": "Gather",
          "Parent Relationship": "Outer",
          "Parallel Aware": false,
          "Startup Cost": 32669.72,
          "Total Cost": 32670.03,
          "Plan Rows": 3,
          "Plan Width": 8,
          "Actual Startup Time": 72.86,
          "Actual Total Time": 80.456,
          "Actual Rows": 4,
          "Actual Loops": 1,
          "Workers Planned": 3,
          "Workers Launched": 3,
          "Single Copy": false,
          "Plans": [
            {
              "Node Type": "Aggregate",
              "Strategy": "Plain",
              "Partial Mode": "Partial",
              "Parent Relationship": "Outer",
              "Parallel Aware": false,
              "Startup Cost": 31669.72,
              "Total Cost": 31669.73,
              "Plan Rows": 1,
              "Plan Width": 8,
              "Actual Startup Time": 69.374,
              "Actual Total Time": 69.375,
              "Actual Rows": 1,
              "Actual Loops": 4,
              "Plans": [
                {
                  "Node Type": "Seq Scan",
                  "Parent Relationship": "Outer",
                  "Parallel Aware": true,
                  "Relation Name": "movie_companies",
                  "Alias": "mc",
                  "Startup Cost": 0.0,
                  "Total Cost": 31414.82,
                  "Plan Rows": 101960,
                  "Plan Width": 0,
                  "Actual Startup Time": 37.453,
                  "Actual Total Time": 67.269,
                  "Actual Rows": 43132,
                  "Actual Loops": 4,
                  "Filter": "((company_id < 738) AND (company_type_id = 2))",
                  "Rows Removed by Filter": 609150
                }
              ]
            }
          ]
        }
      ]
    },
    "Planning Time": 0.111,
    "Triggers": [],
    "Execution Time": 80.494
  }
]