[
  {
    "Plan": {
      "Node Type": "Aggregate",
      "Strategy": "Plain",
      "Partial Mode": "Finalize",
      "Parallel Aware": false,
      "Startup Cost": 9689.83,
      "Total Cost": 9689.84,
      "Plan Rows": 1,
      "Plan Width": 8,
      "Actual Startup Time": 43.933,
      "Actual Total Time": 46.683,
      "Actual Rows": 1,
      "Actual Loops": 1,
      "Plans": [
        {
          "Node Type": "Gather",
          "Parent Relationship": "Outer",
          "Parallel Aware": false,
          "Startup Cost": 9689.51,
          "Total Cost": 9689.82,
          "Plan Rows": 3,
          "Plan Width": 8,
          "Actual Startup Time": 43.736,
          "Actual Total Time": 46.672,
          "Actual Rows": 4,
          "Actual Loops": 1,
          "Workers Planned": 3,
          "Workers Launched": 3,
          "Single Copy": false,
          "Plans": [
            {
              "Node Type": "Aggregate",
              "Strategy": "Plain",
              "Partial Mode": "Partial",
              "Parent Relationship": "Outer",
              "Parallel Aware": false,
              "Startup Cost": 8689.51,
              "Total Cost": 8689.52,
              "Plan Rows": 1,
              "Plan Width": 8,
              "Actual Startup Time": 35.251,
              "Actual Total Time": 35.252,
              "Actual Rows": 1,
              "Actual Loops": 4,
              "Plans": [
                {
                  "Node Type": "Index Scan",
                  "Parent Relationship": "Outer",
                  "Parallel Aware": true,
                  "Scan Direction": "Forward",
                  "Index Name": "role_id_cast_info",
                  "Relation Name": "cast_info",
                  "Alias": "ci",
                  "Startup Cost": 0.56,
                  "Total Cost": 8600.37,
                  "Plan Rows": 35656,
                  "Plan Width": 0,
                  "Actual Startup Time": 0.208,
                  "Actual Total Time": 29.684,
                  "Actual Rows": 59184,
                  "Actual Loops": 4,
                  "Index Cond": "(role_id > 10)",
                  "Rows Removed by Index Recheck": 0,
                  "Filter": "(person_id > 2333001)",
                  "Rows Removed by Filter": 19846
                }
              ]
            }
          ]
        }
      ]
    },
    "Planning Time": 0.278,
    "Triggers": [],
    "Execution Time": 46.748
  }
]