[
  {
    "Plan": {
      "Node Type": "Aggregate",
      "Strategy": "Plain",
      "Partial Mode": "Finalize",
      "Parallel Aware": false,
      "Startup Cost": 336602.38,
      "Total Cost": 336602.39,
      "Plan Rows": 1,
      "Plan Width": 8,
      "Actual Startup Time": 757.662,
      "Actual Total Time": 806.174,
      "Actual Rows": 1,
      "Actual Loops": 1,
      "Plans": [
        {
          "Node Type": "Gather",
          "Parent Relationship": "Outer",
          "Parallel Aware": false,
          "Startup Cost": 336601.75,
          "Total Cost": 336602.36,
          "Plan Rows": 6,
          "Plan Width": 8,
          "Actual Startup Time": 757.448,
          "Actual Total Time": 806.152,
          "Actual Rows": 7,
          "Actual Loops": 1,
          "Workers Planned": 6,
          "Workers Launched": 6,
          "Single Copy": false,
          "Plans": [
            {
              "Node Type": "Aggregate",
              "Strategy": "Plain",
              "Partial Mode": "Partial",
              "Parent Relationship": "Outer",
              "Parallel Aware": false,
              "Startup Cost": 335601.75,
              "Total Cost": 335601.76,
              "Plan Rows": 1,
              "Plan Width": 8,
              "Actual Startup Time": 750.72,
              "Actual Total Time": 750.722,
              "Actual Rows": 1,
              "Actual Loops": 7,
              "Plans": [
                {
                  "Node Type": "Seq Scan",
                  "Parent Relationship": "Outer",
                  "Parallel Aware": true,
                  "Relation Name": "cast_info",
                  "Alias": "ci",
                  "Startup Cost": 0.0,
                  "Total Cost": 328211.39,
                  "Plan Rows": 2956145,
                  "Plan Width": 0,
                  "Actual Startup Time": 214.336,
                  "Actual Total Time": 621.136,
                  "Actual Rows": 2504888,
                  "Actual Loops": 7,
                  "Filter": "(person_id > 1864387)",
                  "Rows Removed by Filter": 2672875
                }
              ]
            }
          ]
        }
      ]
    },
    "Planning Time": 0.105,
    "Triggers": [],
    "Execution Time": 806.22
  }
]