[
  {
    "Plan": {
      "Node Type": "Aggregate",
      "Strategy": "Plain",
      "Partial Mode": "Finalize",
      "Parallel Aware": false,
      "Startup Cost": 336476.93,
      "Total Cost": 336476.94,
      "Plan Rows": 1,
      "Plan Width": 8,
      "Actual Startup Time": 736.954,
      "Actual Total Time": 791.618,
      "Actual Rows": 1,
      "Actual Loops": 1,
      "Plans": [
        {
          "Node Type": "Gather",
          "Parent Relationship": "Outer",
          "Parallel Aware": false,
          "Startup Cost": 336476.31,
          "Total Cost": 336476.92,
          "Plan Rows": 6,
          "Plan Width": 8,
          "Actual Startup Time": 736.847,
          "Actual Total Time": 791.609,
          "Actual Rows": 7,
          "Actual Loops": 1,
          "Workers Planned": 6,
          "Workers Launched": 6,
          "Single Copy": false,
          "Plans": [
            {
              "Node Type": "Aggregate",
              "Strategy": "Plain",
              "Partial Mode": "Partial",
              "Parent Relationship": "Outer",
              "Parallel Aware": false,
              "Startup Cost": 335476.31,
              "Total Cost": 335476.32,
              "Plan Rows": 1,
              "Plan Width": 8,
              "Actual Startup Time": 729.726,
              "Actual Total Time": 729.727,
              "Actual Rows": 1,
              "Actual Loops": 7,
              "Plans": [
                {
                  "Node Type": "Seq Scan",
                  "Parent Relationship": "Outer",
                  "Parallel Aware": true,
                  "Relation Name": "cast_info",
                  "Alias": "ci",
                  "Startup Cost": 0.0,
                  "Total Cost": 328162.03,
                  "Plan Rows": 2925712,
                  "Plan Width": 0,
                  "Actual Startup Time": 207.637,
                  "Actual Total Time": 613.108,
                  "Actual Rows": 2504888,
                  "Actual Loops": 7,
                  "Filter": "(person_id > 1864387)",
                  "Rows Removed by Filter": 2672875
                }
              ]
            }
          ]
        }
      ]
    },
    "Planning Time": 0.203,
    "Triggers": [],
    "Execution Time": 791.692
  }
]