{
  "Plan": {
    "Node Type": "Aggregate",
    "Strategy": "Plain",
    "Partial Mode": "Finalize",
    "Parallel Aware": false,
    "Startup Cost": 103445.01,
    "Total Cost": 103445.02,
    "Plan Rows": 1,
    "Plan Width": 8,
    "Actual Startup Time": 745.423,
    "Actual Total Time": 760.895,
    "Actual Rows": 1,
    "Actual Loops": 1,
    "Plans": [
      {
        "Node Type": "Gather",
        "Parent Relationship": "Outer",
        "Parallel Aware": false,
        "Startup Cost": 103444.9,
        "Total Cost": 103445.01,
        "Plan Rows": 1,
        "Plan Width": 8,
        "Actual Startup Time": 743.521,
        "Actual Total Time": 760.886,
        "Actual Rows": 2,
        "Actual Loops": 1,
        "Workers Planned": 1,
        "Workers Launched": 1,
        "Single Copy": false,
        "Plans": [
          {
            "Node Type": "Aggregate",
            "Strategy": "Plain",
            "Partial Mode": "Partial",
            "Parent Relationship": "Outer",
            "Parallel Aware": false,
            "Startup Cost": 102444.9,
            "Total Cost": 102444.91,
            "Plan Rows": 1,
            "Plan Width": 8,
            "Actual Startup Time": 737.702,
            "Actual Total Time": 737.706,
            "Actual Rows": 1,
            "Actual Loops": 2,
            "Plans": [
              {
                "Node Type": "Hash Join",
                "Parent Relationship": "Outer",
                "Parallel Aware": true,
                "Join Type": "Inner",
                "Startup Cost": 61057.65,
                "Total Cost": 101595.46,
                "Plan Rows": 339775,
                "Plan Width": 0,
                "Actual Startup Time": 343.325,
                "Actual Total Time": 716.813,
                "Actual Rows": 396472,
                "Actual Loops": 2,
                "Inner Unique": true,
                "Hash Cond": "(mc.movie_id = t.id)",
                "Plans": [
                  {
                    "Node Type": "Seq Scan",
                    "Parent Relationship": "Outer",
                    "Parallel Aware": true,
                    "Relation Name": "movie_companies",
                    "Alias": "mc",
                    "Startup Cost": 0.0,
                    "Total Cost": 37974.77,
                    "Plan Rows": 976396,
                    "Plan Width": 4,
                    "Actual Startup Time": 2.597,
                    "Actual Total Time": 144.983,
                    "Actual Rows": 830486,
                    "Actual Loops": 2,
                    "Filter": "(company_id > 3682)",
                    "Rows Removed by Filter": 474078
                  },
                  {
                    "Node Type": "Hash",
                    "Parent Relationship": "Inner",
                    "Parallel Aware": true,
                    "Startup Cost": 54588.39,
                    "Total Cost": 54588.39,
                    "Plan Rows": 517541,
                    "Plan Width": 4,
                    "Actual Startup Time": 331.714,
                    "Actual Total Time": 331.716,
                    "Actual Rows": 442825,
                    "Actual Loops": 2,
                    "Hash Buckets": 1048576,
                    "Original Hash Buckets": 1048576,
                    "Hash Batches": 1,
                    "Original Hash Batches": 1,
                    "Peak Memory Usage": 42848,
                    "Plans": [
                      {
                        "Node Type": "Seq Scan",
                        "Parent Relationship": "Outer",
                        "Parallel Aware": true,
                        "Relation Name": "title",
                        "Alias": "t",
                        "Startup Cost": 0.0,
                        "Total Cost": 54588.39,
                        "Plan Rows": 517541,
                        "Plan Width": 4,
                        "Actual Startup Time": 0.039,
                        "Actual Total Time": 183.286,
                        "Actual Rows": 442825,
                        "Actual Loops": 2,
                        "Filter": "(production_year < 1997)",
                        "Rows Removed by Filter": 821331
                      }
                    ]
                  }
                ]
              }
            ]
          }
        ]
      }
    ]
  },
  "Planning Time": 0.599,
  "Triggers": [],
  "Execution Time": 760.963
}