{
    "Plan": {
        "Node Type": "Aggregate",
        "Strategy": "Plain",
        "Partial Mode": "Finalize",
        "Parallel Aware": false,
        "Startup Cost": 250623.63,
        "Total Cost": 250623.64,
        "Plan Rows": 1,
        "Plan Width": 8,
        "Actual Startup Time": 687.481,
        "Actual Total Time": 727.954,
        "Actual Rows": 1,
        "Actual Loops": 1,
        "Output": [
            "count(*)"
        ],
        "Plans": [
            {
                "Node Type": "Gather",
                "Parent Relationship": "Outer",
                "Parallel Aware": false,
                "Startup Cost": 250623.1,
                "Total Cost": 250623.61,
                "Plan Rows": 5,
                "Plan Width": 8,
                "Actual Startup Time": 682.835,
                "Actual Total Time": 727.942,
                "Actual Rows": 6,
                "Actual Loops": 1,
                "Output": [
                    "(PARTIAL count(*))"
                ],
                "Workers Planned": 5,
                "Workers Launched": 5,
                "Single Copy": false,
                "Plans": [
                    {
                        "Node Type": "Aggregate",
                        "Strategy": "Plain",
                        "Partial Mode": "Partial",
                        "Parent Relationship": "Outer",
                        "Parallel Aware": false,
                        "Startup Cost": 249623.1,
                        "Total Cost": 249623.11,
                        "Plan Rows": 1,
                        "Plan Width": 8,
                        "Actual Startup Time": 670.336,
                        "Actual Total Time": 670.34,
                        "Actual Rows": 1,
                        "Actual Loops": 6,
                        "Output": [
                            "PARTIAL count(*)"
                        ],
                        "Workers": [
                            {
                                "Worker Number": 0,
                                "Actual Startup Time": 667.667,
                                "Actual Total Time": 667.671,
                                "Actual Rows": 1,
                                "Actual Loops": 1
                            },
                            {
                                "Worker Number": 1,
                                "Actual Startup Time": 668.64,
                                "Actual Total Time": 668.643,
                                "Actual Rows": 1,
                                "Actual Loops": 1
                            },
                            {
                                "Worker Number": 2,
                                "Actual Startup Time": 667.873,
                                "Actual Total Time": 667.876,
                                "Actual Rows": 1,
                                "Actual Loops": 1
                            },
                            {
                                "Worker Number": 3,
                                "Actual Startup Time": 667.96,
                                "Actual Total Time": 667.964,
                                "Actual Rows": 1,
                                "Actual Loops": 1
                            },
                            {
                                "Worker Number": 4,
                                "Actual Startup Time": 667.915,
                                "Actual Total Time": 667.918,
                                "Actual Rows": 1,
                                "Actual Loops": 1
                            }
                        ],
                        "Plans": [
                            {
                                "Node Type": "Hash Join",
                                "Parent Relationship": "Outer",
                                "Parallel Aware": true,
                                "Join Type": "Inner",
                                "Startup Cost": 49686.2,
                                "Total Cost": 249267.73,
                                "Plan Rows": 142151,
                                "Plan Width": 0,
                                "Actual Startup Time": 531.229,
                                "Actual Total Time": 667.833,
                                "Actual Rows": 45598,
                                "Actual Loops": 6,
                                "Inner Unique": true,
                                "Hash Cond": "(mi.movie_id = t.id)",
                                "Workers": [
                                    {
                                        "Worker Number": 0,
                                        "Actual Startup Time": 528.746,
                                        "Actual Total Time": 665.082,
                                        "Actual Rows": 40749,
                                        "Actual Loops": 1
                                    },
                                    {
                                        "Worker Number": 1,
                                        "Actual Startup Time": 528.679,
                                        "Actual Total Time": 666.066,
                                        "Actual Rows": 40245,
                                        "Actual Loops": 1
                                    },
                                    {
                                        "Worker Number": 2,
                                        "Actual Startup Time": 528.985,
                                        "Actual Total Time": 665.732,
                                        "Actual Rows": 54550,
                                        "Actual Loops": 1
                                    },
                                    {
                                        "Worker Number": 3,
                                        "Actual Startup Time": 528.998,
                                        "Actual Total Time": 665.804,
                                        "Actual Rows": 54330,
                                        "Actual Loops": 1
                                    },
                                    {
                                        "Worker Number": 4,
                                        "Actual Startup Time": 528.955,
                                        "Actual Total Time": 665.389,
                                        "Actual Rows": 39679,
                                        "Actual Loops": 1
                                    }
                                ],
                                "Plans": [
                                    {
                                        "Node Type": "Seq Scan",
                                        "Parent Relationship": "Outer",
                                        "Parallel Aware": true,
                                        "Relation Name": "movie_info",
                                        "Schema": "public",
                                        "Alias": "mi",
                                        "Startup Cost": 0.0,
                                        "Total Cost": 198880.74,
                                        "Plan Rows": 266969,
                                        "Plan Width": 4,
                                        "Actual Startup Time": 321.704,
                                        "Actual Total Time": 385.176,
                                        "Actual Rows": 220894,
                                        "Actual Loops": 6,
                                        "Output": [
                                            "mi.id",
                                            "mi.movie_id",
                                            "mi.info_type_id",
                                            "mi.info",
                                            "mi.note"
                                        ],
                                        "Filter": "(mi.info_type_id = 8)",
                                        "Rows Removed by Filter": 2251726,
                                        "Workers": [
                                            {
                                                "Worker Number": 0,
                                                "Actual Startup Time": 321.836,
                                                "Actual Total Time": 387.714,
                                                "Actual Rows": 199675,
                                                "Actual Loops": 1
                                            },
                                            {
                                                "Worker Number": 1,
                                                "Actual Startup Time": 321.671,
                                                "Actual Total Time": 387.243,
                                                "Actual Rows": 196520,
                                                "Actual Loops": 1
                                            },
                                            {
                                                "Worker Number": 2,
                                                "Actual Startup Time": 321.667,
                                                "Actual Total Time": 382.806,
                                                "Actual Rows": 258808,
                                                "Actual Loops": 1
                                            },
                                            {
                                                "Worker Number": 3,
                                                "Actual Startup Time": 321.676,
                                                "Actual Total Time": 382.769,
                                                "Actual Rows": 256537,
                                                "Actual Loops": 1
                                            },
                                            {
                                                "Worker Number": 4,
                                                "Actual Startup Time": 321.709,
                                                "Actual Total Time": 386.95,
                                                "Actual Rows": 194662,
                                                "Actual Loops": 1
                                            }
                                        ]
                                    },
                                    {
                                        "Node Type": "Hash",
                                        "Parent Relationship": "Inner",
                                        "Parallel Aware": true,
                                        "Startup Cost": 45479.21,
                                        "Total Cost": 45479.21,
                                        "Plan Rows": 336559,
                                        "Plan Width": 4,
                                        "Actual Startup Time": 204.205,
                                        "Actual Total Time": 204.207,
                                        "Actual Rows": 221297,
                                        "Actual Loops": 6,
                                        "Output": [
                                            "t.id"
                                        ],
                                        "Hash Buckets": 2097152,
                                        "Original Hash Buckets": 2097152,
                                        "Hash Batches": 1,
                                        "Original Hash Batches": 1,
                                        "Peak Memory Usage": 68416,
                                        "Workers": [
                                            {
                                                "Worker Number": 0,
                                                "Actual Startup Time": 206.242,
                                                "Actual Total Time": 206.243,
                                                "Actual Rows": 193821,
                                                "Actual Loops": 1
                                            },
                                            {
                                                "Worker Number": 1,
                                                "Actual Startup Time": 206.188,
                                                "Actual Total Time": 206.189,
                                                "Actual Rows": 186193,
                                                "Actual Loops": 1
                                            },
                                            {
                                                "Worker Number": 2,
                                                "Actual Startup Time": 206.412,
                                                "Actual Total Time": 206.413,
                                                "Actual Rows": 246657,
                                                "Actual Loops": 1
                                            },
                                            {
                                                "Worker Number": 3,
                                                "Actual Startup Time": 206.544,
                                                "Actual Total Time": 206.545,
                                                "Actual Rows": 244695,
                                                "Actual Loops": 1
                                            },
                                            {
                                                "Worker Number": 4,
                                                "Actual Startup Time": 206.392,
                                                "Actual Total Time": 206.394,
                                                "Actual Rows": 190981,
                                                "Actual Loops": 1
                                            }
                                        ],
                                        "Plans": [
                                            {
                                                "Node Type": "Seq Scan",
                                                "Parent Relationship": "Outer",
                                                "Parallel Aware": true,
                                                "Relation Name": "title",
                                                "Schema": "public",
                                                "Alias": "t",
                                                "Startup Cost": 0.0,
                                                "Total Cost": 45479.21,
                                                "Plan Rows": 336559,
                                                "Plan Width": 4,
                                                "Actual Startup Time": 0.06,
                                                "Actual Total Time": 97.186,
                                                "Actual Rows": 221297,
                                                "Actual Loops": 6,
                                                "Output": [
                                                    "t.id"
                                                ],
                                                "Filter": "((t.production_year < 2012) AND (t.kind_id = 7))",
                                                "Rows Removed by Filter": 200088,
                                                "Workers": [
                                                    {
                                                        "Worker Number": 0,
                                                        "Actual Startup Time": 0.075,
                                                        "Actual Total Time": 100.555,
                                                        "Actual Rows": 193821,
                                                        "Actual Loops": 1
                                                    },
                                                    {
                                                        "Worker Number": 1,
                                                        "Actual Startup Time": 0.068,
                                                        "Actual Total Time": 100.212,
                                                        "Actual Rows": 186193,
                                                        "Actual Loops": 1
                                                    },
                                                    {
                                                        "Worker Number": 2,
                                                        "Actual Startup Time": 0.065,
                                                        "Actual Total Time": 96.498,
                                                        "Actual Rows": 246657,
                                                        "Actual Loops": 1
                                                    },
                                                    {
                                                        "Worker Number": 3,
                                                        "Actual Startup Time": 0.064,
                                                        "Actual Total Time": 96.705,
                                                        "Actual Rows": 244695,
                                                        "Actual Loops": 1
                                                    },
                                                    {
                                                        "Worker Number": 4,
                                                        "Actual Startup Time": 0.071,
                                                        "Actual Total Time": 99.707,
                                                        "Actual Rows": 190981,
                                                        "Actual Loops": 1
                                                    }
                                                ]
                                            }
                                        ]
                                    }
                                ]
                            }
                        ]
                    }
                ]
            }
        ]
    },
    "Planning Time": 0.699,
    "Triggers": [],
    "Execution Time": 728.032
}