[
    {
        "Bao": {
            "Bao prediction": "NaN",
            "Bao recommended hint": "(no hint)"
        }
    },
    {
        "Plan": {
            "Node Type": "Aggregate",
            "Strategy": "Plain",
            "Partial Mode": "Finalize",
            "Parallel Aware": false,
            "Startup Cost": 91573.97,
            "Total Cost": 91573.98,
            "Plan Rows": 1,
            "Plan Width": 8,
            "Actual Startup Time": 408.612,
            "Actual Total Time": 419.387,
            "Actual Rows": 1,
            "Actual Loops": 1,
            "Output": [
                "count(*)"
            ],
            "Plans": [
                {
                    "Node Type": "Gather",
                    "Parent Relationship": "Outer",
                    "Parallel Aware": false,
                    "Startup Cost": 91573.65,
                    "Total Cost": 91573.96,
                    "Plan Rows": 3,
                    "Plan Width": 8,
                    "Actual Startup Time": 405.952,
                    "Actual Total Time": 419.377,
                    "Actual Rows": 4,
                    "Actual Loops": 1,
                    "Output": [
                        "(PARTIAL count(*))"
                    ],
                    "Workers Planned": 3,
                    "Workers Launched": 3,
                    "Single Copy": false,
                    "Plans": [
                        {
                            "Node Type": "Aggregate",
                            "Strategy": "Plain",
                            "Partial Mode": "Partial",
                            "Parent Relationship": "Outer",
                            "Parallel Aware": false,
                            "Startup Cost": 90573.65,
                            "Total Cost": 90573.66,
                            "Plan Rows": 1,
                            "Plan Width": 8,
                            "Actual Startup Time": 396.966,
                            "Actual Total Time": 396.97,
                            "Actual Rows": 1,
                            "Actual Loops": 4,
                            "Output": [
                                "PARTIAL count(*)"
                            ],
                            "Workers": [
                                {
                                    "Worker Number": 0,
                                    "Actual Startup Time": 394.139,
                                    "Actual Total Time": 394.144,
                                    "Actual Rows": 1,
                                    "Actual Loops": 1
                                },
                                {
                                    "Worker Number": 1,
                                    "Actual Startup Time": 394.097,
                                    "Actual Total Time": 394.101,
                                    "Actual Rows": 1,
                                    "Actual Loops": 1
                                },
                                {
                                    "Worker Number": 2,
                                    "Actual Startup Time": 394.227,
                                    "Actual Total Time": 394.231,
                                    "Actual Rows": 1,
                                    "Actual Loops": 1
                                }
                            ],
                            "Plans": [
                                {
                                    "Node Type": "Hash Join",
                                    "Parent Relationship": "Outer",
                                    "Parallel Aware": true,
                                    "Join Type": "Inner",
                                    "Startup Cost": 62617.08,
                                    "Total Cost": 90384.39,
                                    "Plan Rows": 75705,
                                    "Plan Width": 0,
                                    "Actual Startup Time": 270.221,
                                    "Actual Total Time": 395.783,
                                    "Actual Rows": 11140,
                                    "Actual Loops": 4,
                                    "Inner Unique": true,
                                    "Hash Cond": "(mk.movie_id = t.id)",
                                    "Workers": [
                                        {
                                            "Worker Number": 0,
                                            "Actual Startup Time": 267.609,
                                            "Actual Total Time": 393.013,
                                            "Actual Rows": 8384,
                                            "Actual Loops": 1
                                        },
                                        {
                                            "Worker Number": 1,
                                            "Actual Startup Time": 267.725,
                                            "Actual Total Time": 392.86,
                                            "Actual Rows": 9713,
                                            "Actual Loops": 1
                                        },
                                        {
                                            "Worker Number": 2,
                                            "Actual Startup Time": 267.335,
                                            "Actual Total Time": 393.08,
                                            "Actual Rows": 8738,
                                            "Actual Loops": 1
                                        }
                                    ],
                                    "Plans": [
                                        {
                                            "Node Type": "Bitmap Heap Scan",
                                            "Parent Relationship": "Outer",
                                            "Parallel Aware": true,
                                            "Relation Name": "movie_keyword",
                                            "Schema": "public",
                                            "Alias": "mk",
                                            "Startup Cost": 14407.4,
                                            "Total Cost": 41599.67,
                                            "Plan Rows": 219062,
                                            "Plan Width": 4,
                                            "Actual Startup Time": 64.043,
                                            "Actual Total Time": 138.636,
                                            "Actual Rows": 170413,
                                            "Actual Loops": 4,
                                            "Output": [
                                                "mk.id",
                                                "mk.movie_id",
                                                "mk.keyword_id"
                                            ],
                                            "Recheck Cond": "(mk.keyword_id < 562)",
                                            "Rows Removed by Index Recheck": 0,
                                            "Exact Heap Blocks": 7274,
                                            "Lossy Heap Blocks": 0,
                                            "Workers": [
                                                {
                                                    "Worker Number": 0,
                                                    "Actual Startup Time": 64.12,
                                                    "Actual Total Time": 142.176,
                                                    "Actual Rows": 138494,
                                                    "Actual Loops": 1
                                                },
                                                {
                                                    "Worker Number": 1,
                                                    "Actual Startup Time": 64.157,
                                                    "Actual Total Time": 138.694,
                                                    "Actual Rows": 192594,
                                                    "Actual Loops": 1
                                                },
                                                {
                                                    "Worker Number": 2,
                                                    "Actual Startup Time": 64.101,
                                                    "Actual Total Time": 140.876,
                                                    "Actual Rows": 149029,
                                                    "Actual Loops": 1
                                                }
                                            ],
                                            "Plans": [
                                                {
                                                    "Node Type": "Bitmap Index Scan",
                                                    "Parent Relationship": "Outer",
                                                    "Parallel Aware": false,
                                                    "Index Name": "keyword_id_movie_keyword",
                                                    "Startup Cost": 0.0,
                                                    "Total Cost": 14237.62,
                                                    "Plan Rows": 679092,
                                                    "Plan Width": 0,
                                                    "Actual Startup Time": 58.151,
                                                    "Actual Total Time": 58.152,
                                                    "Actual Rows": 681653,
                                                    "Actual Loops": 1,
                                                    "Index Cond": "(mk.keyword_id < 562)"
                                                }
                                            ]
                                        },
                                        {
                                            "Node Type": "Hash",
                                            "Parent Relationship": "Inner",
                                            "Parallel Aware": true,
                                            "Startup Cost": 45479.21,
                                            "Total Cost": 45479.21,
                                            "Plan Rows": 218438,
                                            "Plan Width": 4,
                                            "Actual Startup Time": 201.143,
                                            "Actual Total Time": 201.144,
                                            "Actual Rows": 200378,
                                            "Actual Loops": 4,
                                            "Output": [
                                                "t.id"
                                            ],
                                            "Hash Buckets": 1048576,
                                            "Original Hash Buckets": 1048576,
                                            "Hash Batches": 1,
                                            "Original Hash Batches": 1,
                                            "Peak Memory Usage": 39584,
                                            "Workers": [
                                                {
                                                    "Worker Number": 0,
                                                    "Actual Startup Time": 202.07,
                                                    "Actual Total Time": 202.071,
                                                    "Actual Rows": 157867,
                                                    "Actual Loops": 1
                                                },
                                                {
                                                    "Worker Number": 1,
                                                    "Actual Startup Time": 202.53,
                                                    "Actual Total Time": 202.531,
                                                    "Actual Rows": 240262,
                                                    "Actual Loops": 1
                                                },
                                                {
                                                    "Worker Number": 2,
                                                    "Actual Startup Time": 202.64,
                                                    "Actual Total Time": 202.641,
                                                    "Actual Rows": 175033,
                                                    "Actual Loops": 1
                                                }
                                            ],
                                            "Plans": [
                                                {
                                                    "Node Type": "Seq Scan",
                                                    "Parent Relationship": "Outer",
                                                    "Parallel Aware": true,
                                                    "Relation Name": "title",
                                                    "Schema": "public",
                                                    "Alias": "t",
                                                    "Startup Cost": 0.0,
                                                    "Total Cost": 45479.21,
                                                    "Plan Rows": 218438,
                                                    "Plan Width": 4,
                                                    "Actual Startup Time": 0.05,
                                                    "Actual Total Time": 117.489,
                                                    "Actual Rows": 200378,
                                                    "Actual Loops": 4,
                                                    "Output": [
                                                        "t.id"
                                                    ],
                                                    "Filter": "((t.production_year < 2006) AND (t.kind_id = 7))",
                                                    "Rows Removed by Filter": 431700,
                                                    "Workers": [
                                                        {
                                                            "Worker Number": 0,
                                                            "Actual Startup Time": 0.07,
                                                            "Actual Total Time": 116.608,
                                                            "Actual Rows": 157867,
                                                            "Actual Loops": 1
                                                        },
                                                        {
                                                            "Worker Number": 1,
                                                            "Actual Startup Time": 0.057,
                                                            "Actual Total Time": 117.743,
                                                            "Actual Rows": 240262,
                                                            "Actual Loops": 1
                                                        },
                                                        {
                                                            "Worker Number": 2,
                                                            "Actual Startup Time": 0.055,
                                                            "Actual Total Time": 122.229,
                                                            "Actual Rows": 175033,
                                                            "Actual Loops": 1
                                                        }
                                                    ]
                                                }
                                            ]
                                        }
                                    ]
                                }
                            ]
                        }
                    ]
                }
            ]
        },
        "Planning Time": 275.535,
        "Triggers": [],
        "Execution Time": 419.513
    }
]