[
  {
    "Plan": {
      "Node Type": "Aggregate",
      "Strategy": "Plain",
      "Partial Mode": "Finalize",
      "Parallel Aware": false,
      "Startup Cost": 39147.46,
      "Total Cost": 39147.47,
      "Plan Rows": 1,
      "Plan Width": 8,
      "Actual Startup Time": 129.693,
      "Actual Total Time": 138.612,
      "Actual Rows": 1,
      "Actual Loops": 1,
      "Plans": [
        {
          "Node Type": "Gather",
          "Parent Relationship": "Outer",
          "Parallel Aware": false,
          "Startup Cost": 39147.15,
          "Total Cost": 39147.46,
          "Plan Rows": 3,
          "Plan Width": 8,
          "Actual Startup Time": 129.391,
          "Actual Total Time": 138.605,
          "Actual Rows": 4,
          "Actual Loops": 1,
          "Workers Planned": 3,
          "Workers Launched": 3,
          "Single Copy": false,
          "Plans": [
            {
              "Node Type": "Aggregate",
              "Strategy": "Plain",
              "Partial Mode": "Partial",
              "Parent Relationship": "Outer",
              "Parallel Aware": false,
              "Startup Cost": 38147.15,
              "Total Cost": 38147.16,
              "Plan Rows": 1,
              "Plan Width": 8,
              "Actual Startup Time": 120.334,
              "Actual Total Time": 120.336,
              "Actual Rows": 1,
              "Actual Loops": 4,
              "Plans": [
                {
                  "Node Type": "Bitmap Heap Scan",
                  "Parent Relationship": "Outer",
                  "Parallel Aware": true,
                  "Relation Name": "movie_keyword",
                  "Alias": "mk",
                  "Startup Cost": 11149.89,
                  "Total Cost": 37723.27,
                  "Plan Rows": 169551,
                  "Plan Width": 0,
                  "Actual Startup Time": 39.623,
                  "Actual Total Time": 113.354,
                  "Actual Rows": 130615,
                  "Actual Loops": 4,
                  "Recheck Cond": "(keyword_id > 34668)",
                  "Rows Removed by Index Recheck": 0,
                  "Exact Heap Blocks": 10253,
                  "Lossy Heap Blocks": 0,
                  "Plans": [
                    {
                      "Node Type": "Bitmap Index Scan",
                      "Parent Relationship": "Outer",
                      "Parallel Aware": false,
                      "Index Name": "keyword_id_movie_keyword",
                      "Startup Cost": 0.0,
                      "Total Cost": 11018.49,
                      "Plan Rows": 525607,
                      "Plan Width": 0,
                      "Actual Startup Time": 44.518,
                      "Actual Total Time": 44.518,
                      "Actual Rows": 522460,
                      "Actual Loops": 1,
                      "Index Cond": "(keyword_id > 34668)"
                    }
                  ]
                }
              ]
            }
          ]
        }
      ]
    },
    "Planning Time": 0.188,
    "Triggers": [],
    "Execution Time": 138.679
  }
]