[
  {
    "Plan": {
      "Node Type": "Aggregate",
      "Strategy": "Plain",
      "Partial Mode": "Finalize",
      "Parallel Aware": false,
      "Startup Cost": 73281.1,
      "Total Cost": 73281.11,
      "Plan Rows": 1,
      "Plan Width": 8,
      "Actual Startup Time": 222.904,
      "Actual Total Time": 274.348,
      "Actual Rows": 1,
      "Actual Loops": 1,
      "Plans": [
        {
          "Node Type": "Gather",
          "Parent Relationship": "Outer",
          "Parallel Aware": false,
          "Startup Cost": 73280.68,
          "Total Cost": 73281.09,
          "Plan Rows": 4,
          "Plan Width": 8,
          "Actual Startup Time": 222.633,
          "Actual Total Time": 274.336,
          "Actual Rows": 5,
          "Actual Loops": 1,
          "Workers Planned": 4,
          "Workers Launched": 4,
          "Single Copy": false,
          "Plans": [
            {
              "Node Type": "Aggregate",
              "Strategy": "Plain",
              "Partial Mode": "Partial",
              "Parent Relationship": "Outer",
              "Parallel Aware": false,
              "Startup Cost": 72280.68,
              "Total Cost": 72280.69,
              "Plan Rows": 1,
              "Plan Width": 8,
              "Actual Startup Time": 217.298,
              "Actual Total Time": 217.3,
              "Actual Rows": 1,
              "Actual Loops": 5,
              "Plans": [
                {
                  "Node Type": "Nested Loop",
                  "Parent Relationship": "Outer",
                  "Parallel Aware": false,
                  "Join Type": "Inner",
                  "Startup Cost": 0.99,
                  "Total Cost": 72265.82,
                  "Plan Rows": 5944,
                  "Plan Width": 0,
                  "Actual Startup Time": 0.746,
                  "Actual Total Time": 216.148,
                  "Actual Rows": 13579,
                  "Actual Loops": 5,
                  "Inner Unique": false,
                  "Join Filter": "(t.id = ci.movie_id)",
                  "Rows Removed by Join Filter": 0,
                  "Plans": [
                    {
                      "Node Type": "Nested Loop",
                      "Parent Relationship": "Outer",
                      "Parallel Aware": false,
                      "Join Type": "Inner",
                      "Startup Cost": 0.43,
                      "Total Cost": 67622.78,
                      "Plan Rows": 2305,
                      "Plan Width": 8,
                      "Actual Startup Time": 0.272,
                      "Actual Total Time": 90.173,
                      "Actual Rows": 3404,
                      "Actual Loops": 5,
                      "Inner Unique": false,
                      "Plans": [
                        {
                          "Node Type": "Seq Scan",
                          "Parent Relationship": "Outer",
                          "Parallel Aware": true,
                          "Relation Name": "title",
                          "Alias": "t",
                          "Startup Cost": 0.0,
                          "Total Cost": 43899.32,
                          "Plan Rows": 2234,
                          "Plan Width": 4,
                          "Actual Startup Time": 0.109,
                          "Actual Total Time": 68.627,
                          "Actual Rows": 2283,
                          "Actual Loops": 5,
                          "Filter": "(production_year = 1964)",
                          "Rows Removed by Filter": 503379
                        },
                        {
                          "Node Type": "Index Only Scan",
                          "Parent Relationship": "Inner",
                          "Parallel Aware": false,
                          "Scan Direction": "Forward",
                          "Index Name": "movie_id_movie_companies",
                          "Relation Name": "movie_companies",
                          "Alias": "mc",
                          "Startup Cost": 0.43,
                          "Total Cost": 10.57,
                          "Plan Rows": 5,
                          "Plan Width": 4,
                          "Actual Startup Time": 0.007,
                          "Actual Total Time": 0.009,
                          "Actual Rows": 1,
                          "Actual Loops": 11416,
                          "Index Cond": "(movie_id = t.id)",
                          "Rows Removed by Index Recheck": 0,
                          "Heap Fetches": 17020
                        }
                      ]
                    },
                    {
                      "Node Type": "Index Scan",
                      "Parent Relationship": "Inner",
                      "Parallel Aware": false,
                      "Scan Direction": "Forward",
                      "Index Name": "movie_id_cast_info",
                      "Relation Name": "cast_info",
                      "Alias": "ci",
                      "Startup Cost": 0.56,
                      "Total Cost": 1.94,
                      "Plan Rows": 6,
                      "Plan Width": 4,
                      "Actual Startup Time": 0.028,
                      "Actual Total Time": 0.036,
                      "Actual Rows": 4,
                      "Actual Loops": 17020,
                      "Index Cond": "(movie_id = mc.movie_id)",
                      "Rows Removed by Index Recheck": 0,
                      "Filter": "((person_id > 2210874) AND (role_id > 2))",
                      "Rows Removed by Filter": 17
                    }
                  ]
                }
              ]
            }
          ]
        }
      ]
    },
    "Planning Time": 1.49,
    "Triggers": [],
    "Execution Time": 274.462
  }
]