[
    {
        "Bao": {
            "Bao prediction": "NaN",
            "Bao recommended hint": "(no hint)"
        }
    },
    {
        "Plan": {
            "Node Type": "Aggregate",
            "Strategy": "Plain",
            "Partial Mode": "Finalize",
            "Parallel Aware": false,
            "Startup Cost": 34665.97,
            "Total Cost": 34665.98,
            "Plan Rows": 1,
            "Plan Width": 8,
            "Actual Startup Time": 96.284,
            "Actual Total Time": 101.751,
            "Actual Rows": 1,
            "Actual Loops": 1,
            "Output": [
                "count(*)"
            ],
            "Plans": [
                {
                    "Node Type": "Gather",
                    "Parent Relationship": "Outer",
                    "Parallel Aware": false,
                    "Startup Cost": 34665.65,
                    "Total Cost": 34665.96,
                    "Plan Rows": 3,
                    "Plan Width": 8,
                    "Actual Startup Time": 95.964,
                    "Actual Total Time": 101.743,
                    "Actual Rows": 4,
                    "Actual Loops": 1,
                    "Output": [
                        "(PARTIAL count(*))"
                    ],
                    "Workers Planned": 3,
                    "Workers Launched": 3,
                    "Single Copy": false,
                    "Plans": [
                        {
                            "Node Type": "Aggregate",
                            "Strategy": "Plain",
                            "Partial Mode": "Partial",
                            "Parent Relationship": "Outer",
                            "Parallel Aware": false,
                            "Startup Cost": 33665.65,
                            "Total Cost": 33665.66,
                            "Plan Rows": 1,
                            "Plan Width": 8,
                            "Actual Startup Time": 87.697,
                            "Actual Total Time": 87.698,
                            "Actual Rows": 1,
                            "Actual Loops": 4,
                            "Output": [
                                "PARTIAL count(*)"
                            ],
                            "Workers": [
                                {
                                    "Worker Number": 0,
                                    "Actual Startup Time": 84.81,
                                    "Actual Total Time": 84.811,
                                    "Actual Rows": 1,
                                    "Actual Loops": 1
                                },
                                {
                                    "Worker Number": 1,
                                    "Actual Startup Time": 84.961,
                                    "Actual Total Time": 84.963,
                                    "Actual Rows": 1,
                                    "Actual Loops": 1
                                },
                                {
                                    "Worker Number": 2,
                                    "Actual Startup Time": 85.309,
                                    "Actual Total Time": 85.311,
                                    "Actual Rows": 1,
                                    "Actual Loops": 1
                                }
                            ],
                            "Plans": [
                                {
                                    "Node Type": "Bitmap Heap Scan",
                                    "Parent Relationship": "Outer",
                                    "Parallel Aware": true,
                                    "Relation Name": "movie_keyword",
                                    "Schema": "public",
                                    "Alias": "mk",
                                    "Startup Cost": 7500.74,
                                    "Total Cost": 33380.5,
                                    "Plan Rows": 114061,
                                    "Plan Width": 0,
                                    "Actual Startup Time": 18.113,
                                    "Actual Total Time": 82.4,
                                    "Actual Rows": 87632,
                                    "Actual Loops": 4,
                                    "Recheck Cond": "(mk.keyword_id > 47460)",
                                    "Rows Removed by Index Recheck": 0,
                                    "Exact Heap Blocks": 11141,
                                    "Lossy Heap Blocks": 0,
                                    "Workers": [
                                        {
                                            "Worker Number": 0,
                                            "Actual Startup Time": 15.308,
                                            "Actual Total Time": 80.171,
                                            "Actual Rows": 63866,
                                            "Actual Loops": 1
                                        },
                                        {
                                            "Worker Number": 1,
                                            "Actual Startup Time": 15.385,
                                            "Actual Total Time": 80.186,
                                            "Actual Rows": 48614,
                                            "Actual Loops": 1
                                        },
                                        {
                                            "Worker Number": 2,
                                            "Actual Startup Time": 15.915,
                                            "Actual Total Time": 80.733,
                                            "Actual Rows": 62071,
                                            "Actual Loops": 1
                                        }
                                    ],
                                    "Plans": [
                                        {
                                            "Node Type": "Bitmap Index Scan",
                                            "Parent Relationship": "Outer",
                                            "Parallel Aware": false,
                                            "Index Name": "keyword_id_movie_keyword",
                                            "Startup Cost": 0.0,
                                            "Total Cost": 7412.34,
                                            "Plan Rows": 353588,
                                            "Plan Width": 0,
                                            "Actual Startup Time": 22.625,
                                            "Actual Total Time": 22.626,
                                            "Actual Rows": 350528,
                                            "Actual Loops": 1,
                                            "Index Cond": "(mk.keyword_id > 47460)"
                                        }
                                    ]
                                }
                            ]
                        }
                    ]
                }
            ]
        },
        "Planning Time": 199.01,
        "Triggers": [],
        "Execution Time": 101.806
    }
]