{
  "Plan": {
    "Node Type": "Aggregate",
    "Strategy": "Plain",
    "Partial Mode": "Finalize",
    "Parallel Aware": false,
    "Startup Cost": 117228.63,
    "Total Cost": 117228.64,
    "Plan Rows": 1,
    "Plan Width": 8,
    "Actual Startup Time": 314.012,
    "Actual Total Time": 341.404,
    "Actual Rows": 1,
    "Actual Loops": 1,
    "Plans": [
      {
        "Node Type": "Gather",
        "Parent Relationship": "Outer",
        "Parallel Aware": false,
        "Startup Cost": 117228.52,
        "Total Cost": 117228.63,
        "Plan Rows": 1,
        "Plan Width": 8,
        "Actual Startup Time": 313.629,
        "Actual Total Time": 341.397,
        "Actual Rows": 2,
        "Actual Loops": 1,
        "Workers Planned": 1,
        "Workers Launched": 1,
        "Single Copy": false,
        "Plans": [
          {
            "Node Type": "Aggregate",
            "Strategy": "Plain",
            "Partial Mode": "Partial",
            "Parent Relationship": "Outer",
            "Parallel Aware": false,
            "Startup Cost": 116228.52,
            "Total Cost": 116228.53,
            "Plan Rows": 1,
            "Plan Width": 8,
            "Actual Startup Time": 307.407,
            "Actual Total Time": 307.411,
            "Actual Rows": 1,
            "Actual Loops": 2,
            "Plans": [
              {
                "Node Type": "Nested Loop",
                "Parent Relationship": "Outer",
                "Parallel Aware": false,
                "Join Type": "Inner",
                "Startup Cost": 66403.03,
                "Total Cost": 116210.16,
                "Plan Rows": 7342,
                "Plan Width": 0,
                "Actual Startup Time": 173.245,
                "Actual Total Time": 306.316,
                "Actual Rows": 19901,
                "Actual Loops": 2,
                "Inner Unique": false,
                "Join Filter": "(t.id = ci.movie_id)",
                "Rows Removed by Join Filter": 0,
                "Plans": [
                  {
                    "Node Type": "Hash Join",
                    "Parent Relationship": "Outer",
                    "Parallel Aware": true,
                    "Join Type": "Inner",
                    "Startup Cost": 66402.46,
                    "Total Cost": 94109.11,
                    "Plan Rows": 3913,
                    "Plan Width": 8,
                    "Actual Startup Time": 173.073,
                    "Actual Total Time": 242.598,
                    "Actual Rows": 1572,
                    "Actual Loops": 2,
                    "Inner Unique": true,
                    "Hash Cond": "(mk.movie_id = t.id)",
                    "Plans": [
                      {
                        "Node Type": "Bitmap Heap Scan",
                        "Parent Relationship": "Outer",
                        "Parallel Aware": true,
                        "Relation Name": "movie_keyword",
                        "Alias": "mk",
                        "Startup Cost": 7757.73,
                        "Total Cost": 34899.87,
                        "Plan Rows": 215051,
                        "Plan Width": 4,
                        "Actual Startup Time": 25.933,
                        "Actual Total Time": 74.799,
                        "Actual Rows": 176924,
                        "Actual Loops": 2,
                        "Recheck Cond": "(keyword_id > 47158)",
                        "Rows Removed by Index Recheck": 0,
                        "Exact Heap Blocks": 14380,
                        "Lossy Heap Blocks": 0,
                        "Plans": [
                          {
                            "Node Type": "Bitmap Index Scan",
                            "Parent Relationship": "Outer",
                            "Parallel Aware": false,
                            "Index Name": "keyword_id_movie_keyword",
                            "Startup Cost": 0.0,
                            "Total Cost": 7666.34,
                            "Plan Rows": 365587,
                            "Plan Width": 0,
                            "Actual Startup Time": 22.635,
                            "Actual Total Time": 22.636,
                            "Actual Rows": 353848,
                            "Actual Loops": 1,
                            "Index Cond": "(keyword_id > 47158)"
                          }
                        ]
                      },
                      {
                        "Node Type": "Hash",
                        "Parent Relationship": "Inner",
                        "Parallel Aware": true,
                        "Startup Cost": 58306.47,
                        "Total Cost": 58306.47,
                        "Plan Rows": 27061,
                        "Plan Width": 4,
                        "Actual Startup Time": 145.746,
                        "Actual Total Time": 145.746,
                        "Actual Rows": 26432,
                        "Actual Loops": 2,
                        "Hash Buckets": 65536,
                        "Original Hash Buckets": 65536,
                        "Hash Batches": 1,
                        "Original Hash Batches": 1,
                        "Peak Memory Usage": 2624,
                        "Plans": [
                          {
                            "Node Type": "Seq Scan",
                            "Parent Relationship": "Outer",
                            "Parallel Aware": true,
                            "Relation Name": "title",
                            "Alias": "t",
                            "Startup Cost": 0.0,
                            "Total Cost": 58306.47,
                            "Plan Rows": 27061,
                            "Plan Width": 4,
                            "Actual Startup Time": 0.036,
                            "Actual Total Time": 137.744,
                            "Actual Rows": 26432,
                            "Actual Loops": 2,
                            "Filter": "((kind_id > 1) AND (production_year = 2002))",
                            "Rows Removed by Filter": 1237724
                          }
                        ]
                      }
                    ]
                  },
                  {
                    "Node Type": "Index Scan",
                    "Parent Relationship": "Inner",
                    "Parallel Aware": false,
                    "Scan Direction": "Forward",
                    "Index Name": "movie_id_cast_info",
                    "Relation Name": "cast_info",
                    "Alias": "ci",
                    "Startup Cost": 0.56,
                    "Total Cost": 5.59,
                    "Plan Rows": 5,
                    "Plan Width": 4,
                    "Actual Startup Time": 0.028,
                    "Actual Total Time": 0.039,
                    "Actual Rows": 13,
                    "Actual Loops": 3143,
                    "Index Cond": "(movie_id = mk.movie_id)",
                    "Rows Removed by Index Recheck": 0,
                    "Filter": "((person_id > 1799654) AND (role_id > 4))",
                    "Rows Removed by Filter": 24
                  }
                ]
              }
            ]
          }
        ]
      }
    ]
  },
  "Planning Time": 1.051,
  "Triggers": [],
  "Execution Time": 341.516
}