{
  "Plan": {
    "Node Type": "Aggregate",
    "Strategy": "Plain",
    "Partial Mode": "Finalize",
    "Parallel Aware": false,
    "Startup Cost": 2485197.43,
    "Total Cost": 2485197.44,
    "Plan Rows": 1,
    "Plan Width": 8,
    "Actual Startup Time": 19653.062,
    "Actual Total Time": 19736.771,
    "Actual Rows": 1,
    "Actual Loops": 1,
    "Plans": [
      {
        "Node Type": "Gather",
        "Parent Relationship": "Outer",
        "Parallel Aware": false,
        "Startup Cost": 2485197.32,
        "Total Cost": 2485197.43,
        "Plan Rows": 1,
        "Plan Width": 8,
        "Actual Startup Time": 19652.904,
        "Actual Total Time": 19736.763,
        "Actual Rows": 2,
        "Actual Loops": 1,
        "Workers Planned": 1,
        "Workers Launched": 1,
        "Single Copy": false,
        "Plans": [
          {
            "Node Type": "Aggregate",
            "Strategy": "Plain",
            "Partial Mode": "Partial",
            "Parent Relationship": "Outer",
            "Parallel Aware": false,
            "Startup Cost": 2484197.32,
            "Total Cost": 2484197.33,
            "Plan Rows": 1,
            "Plan Width": 8,
            "Actual Startup Time": 19646.672,
            "Actual Total Time": 19646.674,
            "Actual Rows": 1,
            "Actual Loops": 2,
            "Plans": [
              {
                "Node Type": "Merge Join",
                "Parent Relationship": "Outer",
                "Parallel Aware": false,
                "Join Type": "Inner",
                "Startup Cost": 46.65,
                "Total Cost": 2458689.62,
                "Plan Rows": 10203079,
                "Plan Width": 0,
                "Actual Startup Time": 4.432,
                "Actual Total Time": 19171.849,
                "Actual Rows": 11380467,
                "Actual Loops": 2,
                "Inner Unique": false,
                "Merge Cond": "(ci.movie_id = t.id)",
                "Plans": [
                  {
                    "Node Type": "Index Scan",
                    "Parent Relationship": "Outer",
                    "Parallel Aware": true,
                    "Scan Direction": "Forward",
                    "Index Name": "movie_id_cast_info",
                    "Relation Name": "cast_info",
                    "Alias": "ci",
                    "Startup Cost": 0.56,
                    "Total Cost": 1978621.64,
                    "Plan Rows": 13971936,
                    "Plan Width": 4,
                    "Actual Startup Time": 0.428,
                    "Actual Total Time": 14253.096,
                    "Actual Rows": 11786115,
                    "Actual Loops": 2,
                    "Filter": "(role_id > 1)",
                    "Rows Removed by Filter": 6335158
                  },
                  {
                    "Node Type": "Materialize",
                    "Parent Relationship": "Inner",
                    "Parallel Aware": false,
                    "Startup Cost": 3.42,
                    "Total Cost": 296986.23,
                    "Plan Rows": 1846299,
                    "Plan Width": 8,
                    "Actual Startup Time": 0.25,
                    "Actual Total Time": 3188.942,
                    "Actual Rows": 12058653,
                    "Actual Loops": 2,
                    "Plans": [
                      {
                        "Node Type": "Merge Join",
                        "Parent Relationship": "Outer",
                        "Parallel Aware": false,
                        "Join Type": "Inner",
                        "Startup Cost": 3.42,
                        "Total Cost": 292370.49,
                        "Plan Rows": 1846299,
                        "Plan Width": 8,
                        "Actual Startup Time": 0.239,
                        "Actual Total Time": 2621.039,
                        "Actual Rows": 1287264,
                        "Actual Loops": 2,
                        "Inner Unique": true,
                        "Merge Cond": "(mc.movie_id = t.id)",
                        "Plans": [
                          {
                            "Node Type": "Index Only Scan",
                            "Parent Relationship": "Outer",
                            "Parallel Aware": false,
                            "Scan Direction": "Forward",
                            "Index Name": "movie_id_movie_companies",
                            "Relation Name": "movie_companies",
                            "Alias": "mc",
                            "Startup Cost": 0.43,
                            "Total Cost": 140059.44,
                            "Plan Rows": 2609129,
                            "Plan Width": 4,
                            "Actual Startup Time": 0.124,
                            "Actual Total Time": 697.155,
                            "Actual Rows": 2609129,
                            "Actual Loops": 2,
                            "Heap Fetches": 5218258
                          },
                          {
                            "Node Type": "Index Scan",
                            "Parent Relationship": "Inner",
                            "Parallel Aware": false,
                            "Scan Direction": "Forward",
                            "Index Name": "title_pkey",
                            "Relation Name": "title",
                            "Alias": "t",
                            "Startup Cost": 0.43,
                            "Total Cost": 122981.43,
                            "Plan Rows": 1789097,
                            "Plan Width": 4,
                            "Actual Startup Time": 0.09,
                            "Actual Total Time": 1595.894,
                            "Actual Rows": 1799673,
                            "Actual Loops": 2,
                            "Filter": "((kind_id > 1) AND (production_year > 1911))",
                            "Rows Removed by Filter": 726073
                          }
                        ]
                      }
                    ]
                  }
                ]
              }
            ]
          }
        ]
      }
    ]
  },
  "Planning Time": 1.058,
  "Triggers": [],
  "Execution Time": 19736.925
}