[
  {
    "Plan": {
      "Node Type": "Aggregate",
      "Strategy": "Plain",
      "Partial Mode": "Finalize",
      "Parallel Aware": false,
      "Startup Cost": 281022.93,
      "Total Cost": 281022.94,
      "Plan Rows": 1,
      "Plan Width": 8,
      "Actual Startup Time": 163.946,
      "Actual Total Time": 192.294,
      "Actual Rows": 1,
      "Actual Loops": 1,
      "Plans": [
        {
          "Node Type": "Gather",
          "Parent Relationship": "Outer",
          "Parallel Aware": false,
          "Startup Cost": 281022.51,
          "Total Cost": 281022.92,
          "Plan Rows": 4,
          "Plan Width": 8,
          "Actual Startup Time": 163.795,
          "Actual Total Time": 192.287,
          "Actual Rows": 5,
          "Actual Loops": 1,
          "Workers Planned": 4,
          "Workers Launched": 4,
          "Single Copy": false,
          "Plans": [
            {
              "Node Type": "Aggregate",
              "Strategy": "Plain",
              "Partial Mode": "Partial",
              "Parent Relationship": "Outer",
              "Parallel Aware": false,
              "Startup Cost": 280022.51,
              "Total Cost": 280022.52,
              "Plan Rows": 1,
              "Plan Width": 8,
              "Actual Startup Time": 156.823,
              "Actual Total Time": 156.825,
              "Actual Rows": 1,
              "Actual Loops": 5,
              "Plans": [
                {
                  "Node Type": "Nested Loop",
                  "Parent Relationship": "Outer",
                  "Parallel Aware": false,
                  "Join Type": "Inner",
                  "Startup Cost": 0.56,
                  "Total Cost": 279999.21,
                  "Plan Rows": 9320,
                  "Plan Width": 0,
                  "Actual Startup Time": 1.485,
                  "Actual Total Time": 156.553,
                  "Actual Rows": 2632,
                  "Actual Loops": 5,
                  "Inner Unique": false,
                  "Plans": [
                    {
                      "Node Type": "Seq Scan",
                      "Parent Relationship": "Outer",
                      "Parallel Aware": true,
                      "Relation Name": "title",
                      "Alias": "t",
                      "Startup Cost": 0.0,
                      "Total Cost": 45479.1,
                      "Plan Rows": 2642,
                      "Plan Width": 4,
                      "Actual Startup Time": 0.107,
                      "Actual Total Time": 69.009,
                      "Actual Rows": 2079,
                      "Actual Loops": 5,
                      "Filter": "((kind_id > 1) AND (production_year = 1970))",
                      "Rows Removed by Filter": 503584
                    },
                    {
                      "Node Type": "Index Scan",
                      "Parent Relationship": "Inner",
                      "Parallel Aware": false,
                      "Scan Direction": "Forward",
                      "Index Name": "movie_id_cast_info",
                      "Relation Name": "cast_info",
                      "Alias": "ci",
                      "Startup Cost": 0.56,
                      "Total Cost": 88.68,
                      "Plan Rows": 9,
                      "Plan Width": 4,
                      "Actual Startup Time": 0.035,
                      "Actual Total Time": 0.042,
                      "Actual Rows": 1,
                      "Actual Loops": 10394,
                      "Index Cond": "(movie_id = t.id)",
                      "Rows Removed by Index Recheck": 0,
                      "Filter": "((person_id < 1341387) AND (role_id > 1))",
                      "Rows Removed by Filter": 9
                    }
                  ]
                }
              ]
            }
          ]
        }
      ]
    },
    "Planning Time": 0.751,
    "Triggers": [],
    "Execution Time": 192.371
  }
]