[
  {
    "Plan": {
      "Node Type": "Aggregate",
      "Strategy": "Plain",
      "Partial Mode": "Finalize",
      "Parallel Aware": false,
      "Startup Cost": 50610.68,
      "Total Cost": 50610.69,
      "Plan Rows": 1,
      "Plan Width": 8,
      "Actual Startup Time": 89.49,
      "Actual Total Time": 99.26,
      "Actual Rows": 1,
      "Actual Loops": 1,
      "Plans": [
        {
          "Node Type": "Gather",
          "Parent Relationship": "Outer",
          "Parallel Aware": false,
          "Startup Cost": 50610.26,
          "Total Cost": 50610.67,
          "Plan Rows": 4,
          "Plan Width": 8,
          "Actual Startup Time": 89.377,
          "Actual Total Time": 99.25,
          "Actual Rows": 5,
          "Actual Loops": 1,
          "Workers Planned": 4,
          "Workers Launched": 4,
          "Single Copy": false,
          "Plans": [
            {
              "Node Type": "Aggregate",
              "Strategy": "Plain",
              "Partial Mode": "Partial",
              "Parent Relationship": "Outer",
              "Parallel Aware": false,
              "Startup Cost": 49610.26,
              "Total Cost": 49610.27,
              "Plan Rows": 1,
              "Plan Width": 8,
              "Actual Startup Time": 82.957,
              "Actual Total Time": 82.959,
              "Actual Rows": 1,
              "Actual Loops": 5,
              "Plans": [
                {
                  "Node Type": "Index Scan",
                  "Parent Relationship": "Outer",
                  "Parallel Aware": true,
                  "Scan Direction": "Forward",
                  "Index Name": "role_id_cast_info",
                  "Relation Name": "cast_info",
                  "Alias": "ci",
                  "Startup Cost": 0.56,
                  "Total Cost": 49093.36,
                  "Plan Rows": 206761,
                  "Plan Width": 0,
                  "Actual Startup Time": 0.127,
                  "Actual Total Time": 73.932,
                  "Actual Rows": 178511,
                  "Actual Loops": 5,
                  "Index Cond": "(role_id = 8)",
                  "Rows Removed by Index Recheck": 0,
                  "Filter": "(person_id > 1941812)",
                  "Rows Removed by Filter": 162198
                }
              ]
            }
          ]
        }
      ]
    },
    "Planning Time": 0.105,
    "Triggers": [],
    "Execution Time": 99.302
  }
]