[
  {
    "Plan": {
      "Node Type": "Aggregate",
      "Strategy": "Plain",
      "Partial Mode": "Finalize",
      "Parallel Aware": false,
      "Startup Cost": 254832.18,
      "Total Cost": 254832.19,
      "Plan Rows": 1,
      "Plan Width": 8,
      "Actual Startup Time": 387.36,
      "Actual Total Time": 410.361,
      "Actual Rows": 1,
      "Actual Loops": 1,
      "Plans": [
        {
          "Node Type": "Gather",
          "Parent Relationship": "Outer",
          "Parallel Aware": false,
          "Startup Cost": 254831.55,
          "Total Cost": 254832.16,
          "Plan Rows": 6,
          "Plan Width": 8,
          "Actual Startup Time": 387.224,
          "Actual Total Time": 410.341,
          "Actual Rows": 7,
          "Actual Loops": 1,
          "Workers Planned": 6,
          "Workers Launched": 6,
          "Single Copy": false,
          "Plans": [
            {
              "Node Type": "Aggregate",
              "Strategy": "Plain",
              "Partial Mode": "Partial",
              "Parent Relationship": "Outer",
              "Parallel Aware": false,
              "Startup Cost": 253831.55,
              "Total Cost": 253831.56,
              "Plan Rows": 1,
              "Plan Width": 8,
              "Actual Startup Time": 376.042,
              "Actual Total Time": 376.043,
              "Actual Rows": 1,
              "Actual Loops": 7,
              "Plans": [
                {
                  "Node Type": "Index Scan",
                  "Parent Relationship": "Outer",
                  "Parallel Aware": true,
                  "Scan Direction": "Forward",
                  "Index Name": "role_id_cast_info",
                  "Relation Name": "cast_info",
                  "Alias": "ci",
                  "Startup Cost": 0.56,
                  "Total Cost": 253362.23,
                  "Plan Rows": 187731,
                  "Plan Width": 0,
                  "Actual Startup Time": 0.118,
                  "Actual Total Time": 369.778,
                  "Actual Rows": 85063,
                  "Actual Loops": 7,
                  "Index Cond": "(role_id > 4)",
                  "Rows Removed by Index Recheck": 0,
                  "Filter": "(person_id < 434515)",
                  "Rows Removed by Filter": 1255609
                }
              ]
            }
          ]
        }
      ]
    },
    "Planning Time": 0.241,
    "Triggers": [],
    "Execution Time": 410.432
  }
]