[
  {
    "Plan": {
      "Node Type": "Aggregate",
      "Strategy": "Plain",
      "Partial Mode": "Finalize",
      "Parallel Aware": false,
      "Startup Cost": 89643.24,
      "Total Cost": 89643.25,
      "Plan Rows": 1,
      "Plan Width": 8,
      "Actual Startup Time": 306.348,
      "Actual Total Time": 324.036,
      "Actual Rows": 1,
      "Actual Loops": 1,
      "Plans": [
        {
          "Node Type": "Gather",
          "Parent Relationship": "Outer",
          "Parallel Aware": false,
          "Startup Cost": 89642.92,
          "Total Cost": 89643.23,
          "Plan Rows": 3,
          "Plan Width": 8,
          "Actual Startup Time": 305.822,
          "Actual Total Time": 324.026,
          "Actual Rows": 4,
          "Actual Loops": 1,
          "Workers Planned": 3,
          "Workers Launched": 3,
          "Single Copy": false,
          "Plans": [
            {
              "Node Type": "Aggregate",
              "Strategy": "Plain",
              "Partial Mode": "Partial",
              "Parent Relationship": "Outer",
              "Parallel Aware": false,
              "Startup Cost": 88642.92,
              "Total Cost": 88642.93,
              "Plan Rows": 1,
              "Plan Width": 8,
              "Actual Startup Time": 298.807,
              "Actual Total Time": 298.811,
              "Actual Rows": 1,
              "Actual Loops": 4,
              "Plans": [
                {
                  "Node Type": "Hash Join",
                  "Parent Relationship": "Outer",
                  "Parallel Aware": true,
                  "Join Type": "Inner",
                  "Startup Cost": 45674.74,
                  "Total Cost": 88552.82,
                  "Plan Rows": 36042,
                  "Plan Width": 0,
                  "Actual Startup Time": 102.365,
                  "Actual Total Time": 297.724,
                  "Actual Rows": 19180,
                  "Actual Loops": 4,
                  "Inner Unique": true,
                  "Hash Cond": "(mk.movie_id = t.id)",
                  "Plans": [
                    {
                      "Node Type": "Seq Scan",
                      "Parent Relationship": "Outer",
                      "Parallel Aware": true,
                      "Relation Name": "movie_keyword",
                      "Alias": "mk",
                      "Startup Cost": 0.0,
                      "Total Cost": 39047.32,
                      "Plan Rows": 1459332,
                      "Plan Width": 4,
                      "Actual Startup Time": 0.028,
                      "Actual Total Time": 97.94,
                      "Actual Rows": 1130982,
                      "Actual Loops": 4
                    },
                    {
                      "Node Type": "Hash",
                      "Parent Relationship": "Inner",
                      "Parallel Aware": true,
                      "Startup Cost": 45479.59,
                      "Total Cost": 45479.59,
                      "Plan Rows": 15612,
                      "Plan Width": 4,
                      "Actual Startup Time": 101.422,
                      "Actual Total Time": 101.423,
                      "Actual Rows": 13476,
                      "Actual Loops": 4,
                      "Hash Buckets": 65536,
                      "Original Hash Buckets": 65536,
                      "Hash Batches": 1,
                      "Original Hash Batches": 1,
                      "Peak Memory Usage": 2688,
                      "Plans": [
                        {
                          "Node Type": "Seq Scan",
                          "Parent Relationship": "Outer",
                          "Parallel Aware": true,
                          "Relation Name": "title",
                          "Alias": "t",
                          "Startup Cost": 0.0,
                          "Total Cost": 45479.59,
                          "Plan Rows": 15612,
                          "Plan Width": 4,
                          "Actual Startup Time": 0.181,
                          "Actual Total Time": 96.381,
                          "Actual Rows": 13476,
                          "Actual Loops": 4,
                          "Filter": "((kind_id < 7) AND (production_year = 2012))",
                          "Rows Removed by Filter": 618602
                        }
                      ]
                    }
                  ]
                }
              ]
            }
          ]
        }
      ]
    },
    "Planning Time": 0.398,
    "Triggers": [],
    "Execution Time": 324.09
  }
]