{
  "Plan": {
    "Node Type": "Aggregate",
    "Strategy": "Plain",
    "Partial Mode": "Finalize",
    "Parallel Aware": false,
    "Startup Cost": 118417.37,
    "Total Cost": 118417.38,
    "Plan Rows": 1,
    "Plan Width": 8,
    "Actual Startup Time": 612.224,
    "Actual Total Time": 630.402,
    "Actual Rows": 1,
    "Actual Loops": 1,
    "Plans": [
      {
        "Node Type": "Gather",
        "Parent Relationship": "Outer",
        "Parallel Aware": false,
        "Startup Cost": 118417.26,
        "Total Cost": 118417.37,
        "Plan Rows": 1,
        "Plan Width": 8,
        "Actual Startup Time": 608.286,
        "Actual Total Time": 630.391,
        "Actual Rows": 2,
        "Actual Loops": 1,
        "Workers Planned": 1,
        "Workers Launched": 1,
        "Single Copy": false,
        "Plans": [
          {
            "Node Type": "Aggregate",
            "Strategy": "Plain",
            "Partial Mode": "Partial",
            "Parent Relationship": "Outer",
            "Parallel Aware": false,
            "Startup Cost": 117417.26,
            "Total Cost": 117417.27,
            "Plan Rows": 1,
            "Plan Width": 8,
            "Actual Startup Time": 601.315,
            "Actual Total Time": 601.319,
            "Actual Rows": 1,
            "Actual Loops": 2,
            "Plans": [
              {
                "Node Type": "Hash Join",
                "Parent Relationship": "Outer",
                "Parallel Aware": true,
                "Join Type": "Inner",
                "Startup Cost": 84413.12,
                "Total Cost": 116636.62,
                "Plan Rows": 312253,
                "Plan Width": 0,
                "Actual Startup Time": 422.738,
                "Actual Total Time": 598.382,
                "Actual Rows": 53262,
                "Actual Loops": 2,
                "Inner Unique": true,
                "Hash Cond": "(mk.movie_id = t.id)",
                "Plans": [
                  {
                    "Node Type": "Bitmap Heap Scan",
                    "Parent Relationship": "Outer",
                    "Parallel Aware": true,
                    "Relation Name": "movie_keyword",
                    "Alias": "mk",
                    "Startup Cost": 18524.25,
                    "Total Cost": 49399.33,
                    "Plan Rows": 513686,
                    "Plan Width": 4,
                    "Actual Startup Time": 55.827,
                    "Actual Total Time": 141.866,
                    "Actual Rows": 443508,
                    "Actual Loops": 2,
                    "Recheck Cond": "(keyword_id < 838)",
                    "Rows Removed by Index Recheck": 0,
                    "Exact Heap Blocks": 12325,
                    "Lossy Heap Blocks": 0,
                    "Plans": [
                      {
                        "Node Type": "Bitmap Index Scan",
                        "Parent Relationship": "Outer",
                        "Parallel Aware": false,
                        "Index Name": "keyword_id_movie_keyword",
                        "Startup Cost": 0.0,
                        "Total Cost": 18305.93,
                        "Plan Rows": 873267,
                        "Plan Width": 0,
                        "Actual Startup Time": 52.214,
                        "Actual Total Time": 52.215,
                        "Actual Rows": 887015,
                        "Actual Loops": 1,
                        "Index Cond": "(keyword_id < 838)"
                      }
                    ]
                  },
                  {
                    "Node Type": "Hash",
                    "Parent Relationship": "Inner",
                    "Parallel Aware": true,
                    "Startup Cost": 54588.39,
                    "Total Cost": 54588.39,
                    "Plan Rows": 904038,
                    "Plan Width": 4,
                    "Actual Startup Time": 352.376,
                    "Actual Total Time": 352.377,
                    "Actual Rows": 771632,
                    "Actual Loops": 2,
                    "Hash Buckets": 2097152,
                    "Original Hash Buckets": 2097152,
                    "Hash Batches": 1,
                    "Original Hash Batches": 1,
                    "Peak Memory Usage": 76800,
                    "Plans": [
                      {
                        "Node Type": "Seq Scan",
                        "Parent Relationship": "Outer",
                        "Parallel Aware": true,
                        "Relation Name": "title",
                        "Alias": "t",
                        "Startup Cost": 0.0,
                        "Total Cost": 54588.39,
                        "Plan Rows": 904038,
                        "Plan Width": 4,
                        "Actual Startup Time": 0.026,
                        "Actual Total Time": 156.328,
                        "Actual Rows": 771632,
                        "Actual Loops": 2,
                        "Filter": "(kind_id = 7)",
                        "Rows Removed by Filter": 492524
                      }
                    ]
                  }
                ]
              }
            ]
          }
        ]
      }
    ]
  },
  "Planning Time": 0.713,
  "Triggers": [],
  "Execution Time": 630.495
}