[
  {
    "Plan": {
      "Node Type": "Aggregate",
      "Strategy": "Plain",
      "Partial Mode": "Finalize",
      "Parallel Aware": false,
      "Startup Cost": 345997.28,
      "Total Cost": 345997.29,
      "Plan Rows": 1,
      "Plan Width": 8,
      "Actual Startup Time": 487.679,
      "Actual Total Time": 517.5,
      "Actual Rows": 1,
      "Actual Loops": 1,
      "Plans": [
        {
          "Node Type": "Gather",
          "Parent Relationship": "Outer",
          "Parallel Aware": false,
          "Startup Cost": 345996.66,
          "Total Cost": 345997.27,
          "Plan Rows": 6,
          "Plan Width": 8,
          "Actual Startup Time": 487.48,
          "Actual Total Time": 517.488,
          "Actual Rows": 7,
          "Actual Loops": 1,
          "Workers Planned": 6,
          "Workers Launched": 6,
          "Single Copy": false,
          "Plans": [
            {
              "Node Type": "Aggregate",
              "Strategy": "Plain",
              "Partial Mode": "Partial",
              "Parent Relationship": "Outer",
              "Parallel Aware": false,
              "Startup Cost": 344996.66,
              "Total Cost": 344996.67,
              "Plan Rows": 1,
              "Plan Width": 8,
              "Actual Startup Time": 479.654,
              "Actual Total Time": 479.656,
              "Actual Rows": 1,
              "Actual Loops": 7,
              "Plans": [
                {
                  "Node Type": "Index Scan",
                  "Parent Relationship": "Outer",
                  "Parallel Aware": true,
                  "Scan Direction": "Forward",
                  "Index Name": "role_id_cast_info",
                  "Relation Name": "cast_info",
                  "Alias": "ci",
                  "Startup Cost": 0.56,
                  "Total Cost": 341155.22,
                  "Plan Rows": 1536576,
                  "Plan Width": 0,
                  "Actual Startup Time": 240.45,
                  "Actual Total Time": 434.439,
                  "Actual Rows": 784108,
                  "Actual Loops": 7,
                  "Index Cond": "(role_id = 1)",
                  "Rows Removed by Index Recheck": 0,
                  "Filter": "(person_id > 982362)",
                  "Rows Removed by Filter": 1025991
                }
              ]
            }
          ]
        }
      ]
    },
    "Planning Time": 0.15,
    "Triggers": [],
    "Execution Time": 517.547
  }
]