[
  {
    "Plan": {
      "Node Type": "Aggregate",
      "Strategy": "Plain",
      "Partial Mode": "Finalize",
      "Parallel Aware": false,
      "Startup Cost": 471048.05,
      "Total Cost": 471048.06,
      "Plan Rows": 1,
      "Plan Width": 8,
      "Actual Startup Time": 2795.704,
      "Actual Total Time": 2866.462,
      "Actual Rows": 1,
      "Actual Loops": 1,
      "Plans": [
        {
          "Node Type": "Gather",
          "Parent Relationship": "Outer",
          "Parallel Aware": false,
          "Startup Cost": 471047.42,
          "Total Cost": 471048.03,
          "Plan Rows": 6,
          "Plan Width": 8,
          "Actual Startup Time": 2767.661,
          "Actual Total Time": 2866.449,
          "Actual Rows": 7,
          "Actual Loops": 1,
          "Workers Planned": 6,
          "Workers Launched": 6,
          "Single Copy": false,
          "Plans": [
            {
              "Node Type": "Aggregate",
              "Strategy": "Plain",
              "Partial Mode": "Partial",
              "Parent Relationship": "Outer",
              "Parallel Aware": false,
              "Startup Cost": 470047.42,
              "Total Cost": 470047.43,
              "Plan Rows": 1,
              "Plan Width": 8,
              "Actual Startup Time": 2745.798,
              "Actual Total Time": 2745.979,
              "Actual Rows": 1,
              "Actual Loops": 7,
              "Plans": [
                {
                  "Node Type": "Hash Join",
                  "Parent Relationship": "Outer",
                  "Parallel Aware": true,
                  "Join Type": "Inner",
                  "Startup Cost": 104909.09,
                  "Total Cost": 457198.22,
                  "Plan Rows": 5139680,
                  "Plan Width": 0,
                  "Actual Startup Time": 448.907,
                  "Actual Total Time": 2527.478,
                  "Actual Rows": 4640354,
                  "Actual Loops": 7,
                  "Inner Unique": false,
                  "Hash Cond": "(ci.movie_id = t.id)",
                  "Plans": [
                    {
                      "Node Type": "Seq Scan",
                      "Parent Relationship": "Outer",
                      "Parallel Aware": true,
                      "Relation Name": "cast_info",
                      "Alias": "ci",
                      "Startup Cost": 0.0,
                      "Total Cost": 313067.02,
                      "Plan Rows": 6038002,
                      "Plan Width": 4,
                      "Actual Startup Time": 0.021,
                      "Actual Total Time": 583.896,
                      "Actual Rows": 5177763,
                      "Actual Loops": 7
                    },
                    {
                      "Node Type": "Hash",
                      "Parent Relationship": "Inner",
                      "Parallel Aware": true,
                      "Startup Cost": 96231.11,
                      "Total Cost": 96231.11,
                      "Plan Rows": 694238,
                      "Plan Width": 8,
                      "Actual Startup Time": 441.992,
                      "Actual Total Time": 442.171,
                      "Actual Rows": 157941,
                      "Actual Loops": 7,
                      "Hash Buckets": 4194304,
                      "Original Hash Buckets": 4194304,
                      "Hash Batches": 1,
                      "Original Hash Batches": 1,
                      "Peak Memory Usage": 76128,
                      "Plans": [
                        {
                          "Node Type": "Hash Join",
                          "Parent Relationship": "Outer",
                          "Parallel Aware": true,
                          "Join Type": "Inner",
                          "Startup Cost": 50859.24,
                          "Total Cost": 96231.11,
                          "Plan Rows": 694238,
                          "Plan Width": 8,
                          "Actual Startup Time": 211.598,
                          "Actual Total Time": 369.601,
                          "Actual Rows": 157941,
                          "Actual Loops": 7,
                          "Inner Unique": true,
                          "Hash Cond": "(mk.movie_id = t.id)",
                          "Plans": [
                            {
                              "Node Type": "Seq Scan",
                              "Parent Relationship": "Outer",
                              "Parallel Aware": true,
                              "Relation Name": "movie_keyword",
                              "Alias": "mk",
                              "Startup Cost": 0.0,
                              "Total Cost": 42695.65,
                              "Plan Rows": 1019513,
                              "Plan Width": 4,
                              "Actual Startup Time": 0.036,
                              "Actual Total Time": 82.197,
                              "Actual Rows": 450739,
                              "Actual Loops": 7,
                              "Filter": "(keyword_id < 12200)",
                              "Rows Removed by Filter": 195537
                            },
                            {
                              "Node Type": "Hash",
                              "Parent Relationship": "Inner",
                              "Parallel Aware": true,
                              "Startup Cost": 45479.1,
                              "Total Cost": 45479.1,
                              "Plan Rows": 430411,
                              "Plan Width": 4,
                              "Actual Startup Time": 209.679,
                              "Actual Total Time": 209.68,
                              "Actual Rows": 257128,
                              "Actual Loops": 7,
                              "Hash Buckets": 2097152,
                              "Original Hash Buckets": 2097152,
                              "Hash Batches": 1,
                              "Original Hash Batches": 1,
                              "Peak Memory Usage": 86912,
                              "Plans": [
                                {
                                  "Node Type": "Seq Scan",
                                  "Parent Relationship": "Outer",
                                  "Parallel Aware": true,
                                  "Relation Name": "title",
                                  "Alias": "t",
                                  "Startup Cost": 0.0,
                                  "Total Cost": 45479.1,
                                  "Plan Rows": 430411,
                                  "Plan Width": 4,
                                  "Actual Startup Time": 0.04,
                                  "Actual Total Time": 87.727,
                                  "Actual Rows": 257128,
                                  "Actual Loops": 7,
                                  "Filter": "((kind_id > 1) AND (production_year > 1933))",
                                  "Rows Removed by Filter": 104059
                                }
                              ]
                            }
                          ]
                        }
                      ]
                    }
                  ]
                }
              ]
            }
          ]
        }
      ]
    },
    "Planning Time": 1.311,
    "Triggers": [],
    "Execution Time": 2866.571
  }
]