{
  "Plan": {
    "Node Type": "Aggregate",
    "Strategy": "Plain",
    "Partial Mode": "Finalize",
    "Parallel Aware": false,
    "Startup Cost": 288971.26,
    "Total Cost": 288971.27,
    "Plan Rows": 1,
    "Plan Width": 8,
    "Actual Startup Time": 148.534,
    "Actual Total Time": 160.896,
    "Actual Rows": 1,
    "Actual Loops": 1,
    "Plans": [
      {
        "Node Type": "Gather",
        "Parent Relationship": "Outer",
        "Parallel Aware": false,
        "Startup Cost": 288971.15,
        "Total Cost": 288971.26,
        "Plan Rows": 1,
        "Plan Width": 8,
        "Actual Startup Time": 148.389,
        "Actual Total Time": 160.89,
        "Actual Rows": 2,
        "Actual Loops": 1,
        "Workers Planned": 1,
        "Workers Launched": 1,
        "Single Copy": false,
        "Plans": [
          {
            "Node Type": "Aggregate",
            "Strategy": "Plain",
            "Partial Mode": "Partial",
            "Parent Relationship": "Outer",
            "Parallel Aware": false,
            "Startup Cost": 287971.15,
            "Total Cost": 287971.16,
            "Plan Rows": 1,
            "Plan Width": 8,
            "Actual Startup Time": 142.36,
            "Actual Total Time": 142.362,
            "Actual Rows": 1,
            "Actual Loops": 2,
            "Plans": [
              {
                "Node Type": "Nested Loop",
                "Parent Relationship": "Outer",
                "Parallel Aware": false,
                "Join Type": "Inner",
                "Startup Cost": 11824.1,
                "Total Cost": 287943.01,
                "Plan Rows": 11254,
                "Plan Width": 0,
                "Actual Startup Time": 39.818,
                "Actual Total Time": 140.973,
                "Actual Rows": 21796,
                "Actual Loops": 2,
                "Inner Unique": false,
                "Plans": [
                  {
                    "Node Type": "Bitmap Heap Scan",
                    "Parent Relationship": "Outer",
                    "Parallel Aware": true,
                    "Relation Name": "title",
                    "Alias": "t",
                    "Startup Cost": 11823.67,
                    "Total Cost": 53673.93,
                    "Plan Rows": 1925,
                    "Plan Width": 4,
                    "Actual Startup Time": 39.662,
                    "Actual Total Time": 90.885,
                    "Actual Rows": 1896,
                    "Actual Loops": 2,
                    "Recheck Cond": "(kind_id = 1)",
                    "Rows Removed by Index Recheck": 0,
                    "Filter": "(production_year = 1966)",
                    "Rows Removed by Filter": 329516,
                    "Exact Heap Blocks": 9442,
                    "Lossy Heap Blocks": 0,
                    "Plans": [
                      {
                        "Node Type": "Bitmap Index Scan",
                        "Parent Relationship": "Outer",
                        "Parallel Aware": false,
                        "Index Name": "kind_id_title",
                        "Startup Cost": 0.0,
                        "Total Cost": 11822.85,
                        "Plan Rows": 663256,
                        "Plan Width": 0,
                        "Actual Startup Time": 42.499,
                        "Actual Total Time": 42.499,
                        "Actual Rows": 662825,
                        "Actual Loops": 1,
                        "Index Cond": "(kind_id = 1)"
                      }
                    ]
                  },
                  {
                    "Node Type": "Index Only Scan",
                    "Parent Relationship": "Inner",
                    "Parallel Aware": false,
                    "Scan Direction": "Forward",
                    "Index Name": "movie_id_movie_info",
                    "Relation Name": "movie_info",
                    "Alias": "mi",
                    "Startup Cost": 0.43,
                    "Total Cost": 121.28,
                    "Plan Rows": 42,
                    "Plan Width": 4,
                    "Actual Startup Time": 0.009,
                    "Actual Total Time": 0.025,
                    "Actual Rows": 11,
                    "Actual Loops": 3792,
                    "Index Cond": "(movie_id = t.id)",
                    "Rows Removed by Index Recheck": 0,
                    "Heap Fetches": 43591
                  }
                ]
              }
            ]
          }
        ]
      }
    ]
  },
  "Planning Time": 0.463,
  "Triggers": [],
  "Execution Time": 160.991
}