[
  {
    "Plan": {
      "Node Type": "Aggregate",
      "Strategy": "Plain",
      "Partial Mode": "Finalize",
      "Parallel Aware": false,
      "Startup Cost": 39371.55,
      "Total Cost": 39371.56,
      "Plan Rows": 1,
      "Plan Width": 8,
      "Actual Startup Time": 120.126,
      "Actual Total Time": 127.678,
      "Actual Rows": 1,
      "Actual Loops": 1,
      "Plans": [
        {
          "Node Type": "Gather",
          "Parent Relationship": "Outer",
          "Parallel Aware": false,
          "Startup Cost": 39371.23,
          "Total Cost": 39371.54,
          "Plan Rows": 3,
          "Plan Width": 8,
          "Actual Startup Time": 119.837,
          "Actual Total Time": 127.668,
          "Actual Rows": 4,
          "Actual Loops": 1,
          "Workers Planned": 3,
          "Workers Launched": 3,
          "Single Copy": false,
          "Plans": [
            {
              "Node Type": "Aggregate",
              "Strategy": "Plain",
              "Partial Mode": "Partial",
              "Parent Relationship": "Outer",
              "Parallel Aware": false,
              "Startup Cost": 38371.23,
              "Total Cost": 38371.24,
              "Plan Rows": 1,
              "Plan Width": 8,
              "Actual Startup Time": 112.715,
              "Actual Total Time": 112.717,
              "Actual Rows": 1,
              "Actual Loops": 4,
              "Plans": [
                {
                  "Node Type": "Bitmap Heap Scan",
                  "Parent Relationship": "Outer",
                  "Parallel Aware": true,
                  "Relation Name": "movie_keyword",
                  "Alias": "mk",
                  "Startup Cost": 11332.43,
                  "Total Cost": 37940.43,
                  "Plan Rows": 172320,
                  "Plan Width": 0,
                  "Actual Startup Time": 36.22,
                  "Actual Total Time": 105.625,
                  "Actual Rows": 134022,
                  "Actual Loops": 4,
                  "Recheck Cond": "(keyword_id > 34253)",
                  "Rows Removed by Index Recheck": 0,
                  "Exact Heap Blocks": 9373,
                  "Lossy Heap Blocks": 0,
                  "Plans": [
                    {
                      "Node Type": "Bitmap Index Scan",
                      "Parent Relationship": "Outer",
                      "Parallel Aware": false,
                      "Index Name": "keyword_id_movie_keyword",
                      "Startup Cost": 0.0,
                      "Total Cost": 11198.88,
                      "Plan Rows": 534193,
                      "Plan Width": 0,
                      "Actual Startup Time": 38.997,
                      "Actual Total Time": 38.997,
                      "Actual Rows": 536086,
                      "Actual Loops": 1,
                      "Index Cond": "(keyword_id > 34253)"
                    }
                  ]
                }
              ]
            }
          ]
        }
      ]
    },
    "Planning Time": 0.113,
    "Triggers": [],
    "Execution Time": 127.725
  }
]