[
  {
    "Plan": {
      "Node Type": "Aggregate",
      "Strategy": "Plain",
      "Partial Mode": "Finalize",
      "Parallel Aware": false,
      "Startup Cost": 39743.41,
      "Total Cost": 39743.42,
      "Plan Rows": 1,
      "Plan Width": 8,
      "Actual Startup Time": 137.626,
      "Actual Total Time": 145.649,
      "Actual Rows": 1,
      "Actual Loops": 1,
      "Plans": [
        {
          "Node Type": "Gather",
          "Parent Relationship": "Outer",
          "Parallel Aware": false,
          "Startup Cost": 39743.09,
          "Total Cost": 39743.4,
          "Plan Rows": 3,
          "Plan Width": 8,
          "Actual Startup Time": 137.352,
          "Actual Total Time": 145.64,
          "Actual Rows": 4,
          "Actual Loops": 1,
          "Workers Planned": 3,
          "Workers Launched": 3,
          "Single Copy": false,
          "Plans": [
            {
              "Node Type": "Aggregate",
              "Strategy": "Plain",
              "Partial Mode": "Partial",
              "Parent Relationship": "Outer",
              "Parallel Aware": false,
              "Startup Cost": 38743.09,
              "Total Cost": 38743.1,
              "Plan Rows": 1,
              "Plan Width": 8,
              "Actual Startup Time": 131.039,
              "Actual Total Time": 131.041,
              "Actual Rows": 1,
              "Actual Loops": 4,
              "Plans": [
                {
                  "Node Type": "Bitmap Heap Scan",
                  "Parent Relationship": "Outer",
                  "Parallel Aware": true,
                  "Relation Name": "movie_keyword",
                  "Alias": "mk",
                  "Startup Cost": 11635.15,
                  "Total Cost": 38300.77,
                  "Plan Rows": 176929,
                  "Plan Width": 0,
                  "Actual Startup Time": 51.054,
                  "Actual Total Time": 123.554,
                  "Actual Rows": 134022,
                  "Actual Loops": 4,
                  "Recheck Cond": "(keyword_id > 34253)",
                  "Rows Removed by Index Recheck": 0,
                  "Exact Heap Blocks": 10196,
                  "Lossy Heap Blocks": 0,
                  "Plans": [
                    {
                      "Node Type": "Bitmap Index Scan",
                      "Parent Relationship": "Outer",
                      "Parallel Aware": false,
                      "Index Name": "keyword_id_movie_keyword",
                      "Startup Cost": 0.0,
                      "Total Cost": 11498.03,
                      "Plan Rows": 548480,
                      "Plan Width": 0,
                      "Actual Startup Time": 52.651,
                      "Actual Total Time": 52.651,
                      "Actual Rows": 536086,
                      "Actual Loops": 1,
                      "Index Cond": "(keyword_id > 34253)"
                    }
                  ]
                }
              ]
            }
          ]
        }
      ]
    },
    "Planning Time": 0.183,
    "Triggers": [],
    "Execution Time": 145.725
  }
]