[
  {
    "Plan": {
      "Node Type": "Aggregate",
      "Strategy": "Plain",
      "Partial Mode": "Finalize",
      "Parallel Aware": false,
      "Startup Cost": 188872.79,
      "Total Cost": 188872.8,
      "Plan Rows": 1,
      "Plan Width": 8,
      "Actual Startup Time": 149.732,
      "Actual Total Time": 159.55,
      "Actual Rows": 1,
      "Actual Loops": 1,
      "Plans": [
        {
          "Node Type": "Gather",
          "Parent Relationship": "Outer",
          "Parallel Aware": false,
          "Startup Cost": 188872.27,
          "Total Cost": 188872.78,
          "Plan Rows": 5,
          "Plan Width": 8,
          "Actual Startup Time": 149.155,
          "Actual Total Time": 159.542,
          "Actual Rows": 6,
          "Actual Loops": 1,
          "Workers Planned": 5,
          "Workers Launched": 5,
          "Single Copy": false,
          "Plans": [
            {
              "Node Type": "Aggregate",
              "Strategy": "Plain",
              "Partial Mode": "Partial",
              "Parent Relationship": "Outer",
              "Parallel Aware": false,
              "Startup Cost": 187872.27,
              "Total Cost": 187872.28,
              "Plan Rows": 1,
              "Plan Width": 8,
              "Actual Startup Time": 140.414,
              "Actual Total Time": 140.415,
              "Actual Rows": 1,
              "Actual Loops": 6,
              "Plans": [
                {
                  "Node Type": "Bitmap Heap Scan",
                  "Parent Relationship": "Outer",
                  "Parallel Aware": true,
                  "Relation Name": "movie_info",
                  "Alias": "mi",
                  "Startup Cost": 22202.57,
                  "Total Cost": 187259.49,
                  "Plan Rows": 245113,
                  "Plan Width": 0,
                  "Actual Startup Time": 53.369,
                  "Actual Total Time": 127.974,
                  "Actual Rows": 196775,
                  "Actual Loops": 6,
                  "Recheck Cond": "(info_type_id > 42)",
                  "Rows Removed by Index Recheck": 0,
                  "Exact Heap Blocks": 12056,
                  "Lossy Heap Blocks": 0,
                  "Plans": [
                    {
                      "Node Type": "Bitmap Index Scan",
                      "Parent Relationship": "Outer",
                      "Parallel Aware": false,
                      "Index Name": "info_type_id_movie_info",
                      "Startup Cost": 0.0,
                      "Total Cost": 21896.18,
                      "Plan Rows": 1225566,
                      "Plan Width": 0,
                      "Actual Startup Time": 55.763,
                      "Actual Total Time": 55.763,
                      "Actual Rows": 1180649,
                      "Actual Loops": 1,
                      "Index Cond": "(info_type_id > 42)"
                    }
                  ]
                }
              ]
            }
          ]
        }
      ]
    },
    "Planning Time": 0.162,
    "Triggers": [],
    "Execution Time": 159.62
  }
]