[
  {
    "Plan": {
      "Node Type": "Aggregate",
      "Strategy": "Plain",
      "Partial Mode": "Finalize",
      "Parallel Aware": false,
      "Startup Cost": 338086.9,
      "Total Cost": 338086.91,
      "Plan Rows": 1,
      "Plan Width": 8,
      "Actual Startup Time": 760.94,
      "Actual Total Time": 809.34,
      "Actual Rows": 1,
      "Actual Loops": 1,
      "Plans": [
        {
          "Node Type": "Gather",
          "Parent Relationship": "Outer",
          "Parallel Aware": false,
          "Startup Cost": 338086.27,
          "Total Cost": 338086.88,
          "Plan Rows": 6,
          "Plan Width": 8,
          "Actual Startup Time": 760.753,
          "Actual Total Time": 809.328,
          "Actual Rows": 7,
          "Actual Loops": 1,
          "Workers Planned": 6,
          "Workers Launched": 6,
          "Single Copy": false,
          "Plans": [
            {
              "Node Type": "Aggregate",
              "Strategy": "Plain",
              "Partial Mode": "Partial",
              "Parent Relationship": "Outer",
              "Parallel Aware": false,
              "Startup Cost": 337086.27,
              "Total Cost": 337086.28,
              "Plan Rows": 1,
              "Plan Width": 8,
              "Actual Startup Time": 752.309,
              "Actual Total Time": 752.31,
              "Actual Rows": 1,
              "Actual Loops": 7,
              "Plans": [
                {
                  "Node Type": "Seq Scan",
                  "Parent Relationship": "Outer",
                  "Parallel Aware": true,
                  "Relation Name": "cast_info",
                  "Alias": "ci",
                  "Startup Cost": 0.0,
                  "Total Cost": 328211.39,
                  "Plan Rows": 3549952,
                  "Plan Width": 0,
                  "Actual Startup Time": 166.939,
                  "Actual Total Time": 607.994,
                  "Actual Rows": 3022186,
                  "Actual Loops": 7,
                  "Filter": "(person_id > 1488742)",
                  "Rows Removed by Filter": 2155578
                }
              ]
            }
          ]
        }
      ]
    },
    "Planning Time": 0.194,
    "Triggers": [],
    "Execution Time": 809.408
  }
]