[
  {
    "Plan": {
      "Node Type": "Aggregate",
      "Strategy": "Plain",
      "Partial Mode": "Finalize",
      "Parallel Aware": false,
      "Startup Cost": 46194.05,
      "Total Cost": 46194.06,
      "Plan Rows": 1,
      "Plan Width": 8,
      "Actual Startup Time": 130.29,
      "Actual Total Time": 143.119,
      "Actual Rows": 1,
      "Actual Loops": 1,
      "Plans": [
        {
          "Node Type": "Gather",
          "Parent Relationship": "Outer",
          "Parallel Aware": false,
          "Startup Cost": 46193.63,
          "Total Cost": 46194.04,
          "Plan Rows": 4,
          "Plan Width": 8,
          "Actual Startup Time": 130.053,
          "Actual Total Time": 143.111,
          "Actual Rows": 5,
          "Actual Loops": 1,
          "Workers Planned": 4,
          "Workers Launched": 4,
          "Single Copy": false,
          "Plans": [
            {
              "Node Type": "Aggregate",
              "Strategy": "Plain",
              "Partial Mode": "Partial",
              "Parent Relationship": "Outer",
              "Parallel Aware": false,
              "Startup Cost": 45193.63,
              "Total Cost": 45193.64,
              "Plan Rows": 1,
              "Plan Width": 8,
              "Actual Startup Time": 121.853,
              "Actual Total Time": 121.854,
              "Actual Rows": 1,
              "Actual Loops": 5,
              "Plans": [
                {
                  "Node Type": "Seq Scan",
                  "Parent Relationship": "Outer",
                  "Parallel Aware": true,
                  "Relation Name": "title",
                  "Alias": "t",
                  "Startup Cost": 0.0,
                  "Total Cost": 43898.92,
                  "Plan Rows": 517885,
                  "Plan Width": 0,
                  "Actual Startup Time": 0.045,
                  "Actual Total Time": 99.258,
                  "Actual Rows": 412069,
                  "Actual Loops": 5,
                  "Filter": "(production_year > 1971)",
                  "Rows Removed by Filter": 93593
                }
              ]
            }
          ]
        }
      ]
    },
    "Planning Time": 0.151,
    "Triggers": [],
    "Execution Time": 143.178
  }
]