[
  {
    "Plan": {
      "Node Type": "Aggregate",
      "Strategy": "Plain",
      "Partial Mode": "Finalize",
      "Parallel Aware": false,
      "Startup Cost": 32178.48,
      "Total Cost": 32178.49,
      "Plan Rows": 1,
      "Plan Width": 8,
      "Actual Startup Time": 143.595,
      "Actual Total Time": 151.837,
      "Actual Rows": 1,
      "Actual Loops": 1,
      "Plans": [
        {
          "Node Type": "Gather",
          "Parent Relationship": "Outer",
          "Parallel Aware": false,
          "Startup Cost": 32178.17,
          "Total Cost": 32178.48,
          "Plan Rows": 3,
          "Plan Width": 8,
          "Actual Startup Time": 143.484,
          "Actual Total Time": 151.828,
          "Actual Rows": 4,
          "Actual Loops": 1,
          "Workers Planned": 3,
          "Workers Launched": 3,
          "Single Copy": false,
          "Plans": [
            {
              "Node Type": "Aggregate",
              "Strategy": "Plain",
              "Partial Mode": "Partial",
              "Parent Relationship": "Outer",
              "Parallel Aware": false,
              "Startup Cost": 31178.17,
              "Total Cost": 31178.18,
              "Plan Rows": 1,
              "Plan Width": 8,
              "Actual Startup Time": 135.021,
              "Actual Total Time": 135.022,
              "Actual Rows": 1,
              "Actual Loops": 4,
              "Plans": [
                {
                  "Node Type": "Seq Scan",
                  "Parent Relationship": "Outer",
                  "Parallel Aware": true,
                  "Relation Name": "movie_companies",
                  "Alias": "mc",
                  "Startup Cost": 0.0,
                  "Total Cost": 29310.68,
                  "Plan Rows": 746994,
                  "Plan Width": 0,
                  "Actual Startup Time": 0.051,
                  "Actual Total Time": 100.584,
                  "Actual Rows": 579376,
                  "Actual Loops": 4,
                  "Filter": "(company_id < 94871)",
                  "Rows Removed by Filter": 72906
                }
              ]
            }
          ]
        }
      ]
    },
    "Planning Time": 0.176,
    "Triggers": [],
    "Execution Time": 151.891
  }
]