{
    "Plan": {
        "Node Type": "Aggregate",
        "Strategy": "Plain",
        "Partial Mode": "Finalize",
        "Parallel Aware": false,
        "Startup Cost": 106919.58,
        "Total Cost": 106919.59,
        "Plan Rows": 1,
        "Plan Width": 8,
        "Actual Startup Time": 722.294,
        "Actual Total Time": 752.321,
        "Actual Rows": 1,
        "Actual Loops": 1,
        "Output": [
            "count(*)"
        ],
        "Plans": [
            {
                "Node Type": "Gather",
                "Parent Relationship": "Outer",
                "Parallel Aware": false,
                "Startup Cost": 106919.26,
                "Total Cost": 106919.57,
                "Plan Rows": 3,
                "Plan Width": 8,
                "Actual Startup Time": 712.564,
                "Actual Total Time": 752.308,
                "Actual Rows": 4,
                "Actual Loops": 1,
                "Output": [
                    "(PARTIAL count(*))"
                ],
                "Workers Planned": 3,
                "Workers Launched": 3,
                "Single Copy": false,
                "Plans": [
                    {
                        "Node Type": "Aggregate",
                        "Strategy": "Plain",
                        "Partial Mode": "Partial",
                        "Parent Relationship": "Outer",
                        "Parallel Aware": false,
                        "Startup Cost": 105919.26,
                        "Total Cost": 105919.27,
                        "Plan Rows": 1,
                        "Plan Width": 8,
                        "Actual Startup Time": 706.957,
                        "Actual Total Time": 706.961,
                        "Actual Rows": 1,
                        "Actual Loops": 4,
                        "Output": [
                            "PARTIAL count(*)"
                        ],
                        "Workers": [
                            {
                                "Worker Number": 0,
                                "Actual Startup Time": 699.7,
                                "Actual Total Time": 699.703,
                                "Actual Rows": 1,
                                "Actual Loops": 1
                            },
                            {
                                "Worker Number": 1,
                                "Actual Startup Time": 710.095,
                                "Actual Total Time": 710.098,
                                "Actual Rows": 1,
                                "Actual Loops": 1
                            },
                            {
                                "Worker Number": 2,
                                "Actual Startup Time": 706.223,
                                "Actual Total Time": 706.226,
                                "Actual Rows": 1,
                                "Actual Loops": 1
                            }
                        ],
                        "Plans": [
                            {
                                "Node Type": "Nested Loop",
                                "Parent Relationship": "Outer",
                                "Parallel Aware": false,
                                "Join Type": "Inner",
                                "Startup Cost": 45569.99,
                                "Total Cost": 105805.15,
                                "Plan Rows": 45645,
                                "Plan Width": 0,
                                "Actual Startup Time": 135.145,
                                "Actual Total Time": 658.922,
                                "Actual Rows": 1092168,
                                "Actual Loops": 4,
                                "Inner Unique": false,
                                "Join Filter": "(t.id = mi.movie_id)",
                                "Rows Removed by Join Filter": 0,
                                "Workers": [
                                    {
                                        "Worker Number": 0,
                                        "Actual Startup Time": 131.697,
                                        "Actual Total Time": 655.557,
                                        "Actual Rows": 1133213,
                                        "Actual Loops": 1
                                    },
                                    {
                                        "Worker Number": 1,
                                        "Actual Startup Time": 132.399,
                                        "Actual Total Time": 663.826,
                                        "Actual Rows": 1196539,
                                        "Actual Loops": 1
                                    },
                                    {
                                        "Worker Number": 2,
                                        "Actual Startup Time": 132.707,
                                        "Actual Total Time": 660.143,
                                        "Actual Rows": 1191393,
                                        "Actual Loops": 1
                                    }
                                ],
                                "Plans": [
                                    {
                                        "Node Type": "Hash Join",
                                        "Parent Relationship": "Outer",
                                        "Parallel Aware": true,
                                        "Join Type": "Inner",
                                        "Startup Cost": 45569.56,
                                        "Total Cost": 90060.6,
                                        "Plan Rows": 7822,
                                        "Plan Width": 8,
                                        "Actual Startup Time": 135.035,
                                        "Actual Total Time": 264.657,
                                        "Actual Rows": 10440,
                                        "Actual Loops": 4,
                                        "Output": [
                                            "t.id",
                                            "mk.movie_id"
                                        ],
                                        "Inner Unique": true,
                                        "Hash Cond": "(mk.movie_id = t.id)",
                                        "Workers": [
                                            {
                                                "Worker Number": 0,
                                                "Actual Startup Time": 131.563,
                                                "Actual Total Time": 270.034,
                                                "Actual Rows": 11100,
                                                "Actual Loops": 1
                                            },
                                            {
                                                "Worker Number": 1,
                                                "Actual Startup Time": 132.267,
                                                "Actual Total Time": 264.742,
                                                "Actual Rows": 11244,
                                                "Actual Loops": 1
                                            },
                                            {
                                                "Worker Number": 2,
                                                "Actual Startup Time": 132.586,
                                                "Actual Total Time": 261.454,
                                                "Actual Rows": 10877,
                                                "Actual Loops": 1
                                            }
                                        ],
                                        "Plans": [
                                            {
                                                "Node Type": "Seq Scan",
                                                "Parent Relationship": "Outer",
                                                "Parallel Aware": true,
                                                "Relation Name": "movie_keyword",
                                                "Schema": "public",
                                                "Alias": "mk",
                                                "Startup Cost": 0.0,
                                                "Total Cost": 42695.65,
                                                "Plan Rows": 683957,
                                                "Plan Width": 4,
                                                "Actual Startup Time": 0.299,
                                                "Actual Total Time": 121.025,
                                                "Actual Rows": 528049,
                                                "Actual Loops": 4,
                                                "Output": [
                                                    "mk.id",
                                                    "mk.movie_id",
                                                    "mk.keyword_id"
                                                ],
                                                "Filter": "(mk.keyword_id > 5654)",
                                                "Rows Removed by Filter": 602933,
                                                "Workers": [
                                                    {
                                                        "Worker Number": 0,
                                                        "Actual Startup Time": 0.3,
                                                        "Actual Total Time": 130.042,
                                                        "Actual Rows": 580106,
                                                        "Actual Loops": 1
                                                    },
                                                    {
                                                        "Worker Number": 1,
                                                        "Actual Startup Time": 0.331,
                                                        "Actual Total Time": 123.995,
                                                        "Actual Rows": 561889,
                                                        "Actual Loops": 1
                                                    },
                                                    {
                                                        "Worker Number": 2,
                                                        "Actual Startup Time": 0.219,
                                                        "Actual Total Time": 121.303,
                                                        "Actual Rows": 552460,
                                                        "Actual Loops": 1
                                                    }
                                                ]
                                            },
                                            {
                                                "Node Type": "Hash",
                                                "Parent Relationship": "Inner",
                                                "Parallel Aware": true,
                                                "Startup Cost": 45479.21,
                                                "Total Cost": 45479.21,
                                                "Plan Rows": 7228,
                                                "Plan Width": 4,
                                                "Actual Startup Time": 102.251,
                                                "Actual Total Time": 102.251,
                                                "Actual Rows": 4029,
                                                "Actual Loops": 4,
                                                "Output": [
                                                    "t.id"
                                                ],
                                                "Hash Buckets": 32768,
                                                "Original Hash Buckets": 32768,
                                                "Hash Batches": 1,
                                                "Original Hash Batches": 1,
                                                "Peak Memory Usage": 960,
                                                "Workers": [
                                                    {
                                                        "Worker Number": 0,
                                                        "Actual Startup Time": 99.654,
                                                        "Actual Total Time": 99.655,
                                                        "Actual Rows": 3890,
                                                        "Actual Loops": 1
                                                    },
                                                    {
                                                        "Worker Number": 1,
                                                        "Actual Startup Time": 100.545,
                                                        "Actual Total Time": 100.546,
                                                        "Actual Rows": 4097,
                                                        "Actual Loops": 1
                                                    },
                                                    {
                                                        "Worker Number": 2,
                                                        "Actual Startup Time": 100.655,
                                                        "Actual Total Time": 100.656,
                                                        "Actual Rows": 4288,
                                                        "Actual Loops": 1
                                                    }
                                                ],
                                                "Plans": [
                                                    {
                                                        "Node Type": "Seq Scan",
                                                        "Parent Relationship": "Outer",
                                                        "Parallel Aware": true,
                                                        "Relation Name": "title",
                                                        "Schema": "public",
                                                        "Alias": "t",
                                                        "Startup Cost": 0.0,
                                                        "Total Cost": 45479.21,
                                                        "Plan Rows": 7228,
                                                        "Plan Width": 4,
                                                        "Actual Startup Time": 66.574,
                                                        "Actual Total Time": 100.376,
                                                        "Actual Rows": 4029,
                                                        "Actual Loops": 4,
                                                        "Output": [
                                                            "t.id"
                                                        ],
                                                        "Filter": "((t.kind_id = 1) AND (t.production_year = 2006))",
                                                        "Rows Removed by Filter": 628049,
                                                        "Workers": [
                                                            {
                                                                "Worker Number": 0,
                                                                "Actual Startup Time": 66.824,
                                                                "Actual Total Time": 97.973,
                                                                "Actual Rows": 3890,
                                                                "Actual Loops": 1
                                                            },
                                                            {
                                                                "Worker Number": 1,
                                                                "Actual Startup Time": 67.736,
                                                                "Actual Total Time": 98.01,
                                                                "Actual Rows": 4097,
                                                                "Actual Loops": 1
                                                            },
                                                            {
                                                                "Worker Number": 2,
                                                                "Actual Startup Time": 61.962,
                                                                "Actual Total Time": 98.914,
                                                                "Actual Rows": 4288,
                                                                "Actual Loops": 1
                                                            }
                                                        ]
                                                    }
                                                ]
                                            }
                                        ]
                                    },
                                    {
                                        "Node Type": "Index Only Scan",
                                        "Parent Relationship": "Inner",
                                        "Parallel Aware": false,
                                        "Scan Direction": "Forward",
                                        "Index Name": "movie_id_movie_info",
                                        "Relation Name": "movie_info",
                                        "Schema": "public",
                                        "Alias": "mi",
                                        "Startup Cost": 0.43,
                                        "Total Cost": 1.53,
                                        "Plan Rows": 39,
                                        "Plan Width": 4,
                                        "Actual Startup Time": 0.006,
                                        "Actual Total Time": 0.028,
                                        "Actual Rows": 105,
                                        "Actual Loops": 41760,
                                        "Output": [
                                            "mi.movie_id"
                                        ],
                                        "Index Cond": "(mi.movie_id = mk.movie_id)",
                                        "Rows Removed by Index Recheck": 0,
                                        "Heap Fetches": 4368671,
                                        "Workers": [
                                            {
                                                "Worker Number": 0,
                                                "Actual Startup Time": 0.005,
                                                "Actual Total Time": 0.026,
                                                "Actual Rows": 102,
                                                "Actual Loops": 11100
                                            },
                                            {
                                                "Worker Number": 1,
                                                "Actual Startup Time": 0.005,
                                                "Actual Total Time": 0.027,
                                                "Actual Rows": 106,
                                                "Actual Loops": 11244
                                            },
                                            {
                                                "Worker Number": 2,
                                                "Actual Startup Time": 0.005,
                                                "Actual Total Time": 0.028,
                                                "Actual Rows": 110,
                                                "Actual Loops": 10877
                                            }
                                        ]
                                    }
                                ]
                            }
                        ]
                    }
                ]
            }
        ]
    },
    "Planning Time": 1.634,
    "Triggers": [],
    "Execution Time": 752.435
}