[
    {
        "Bao": {
            "Bao prediction": "NaN",
            "Bao recommended hint": "(no hint)"
        }
    },
    {
        "Plan": {
            "Node Type": "Aggregate",
            "Strategy": "Plain",
            "Partial Mode": "Finalize",
            "Parallel Aware": false,
            "Startup Cost": 32097.93,
            "Total Cost": 32097.94,
            "Plan Rows": 1,
            "Plan Width": 8,
            "Actual Startup Time": 108.761,
            "Actual Total Time": 114.381,
            "Actual Rows": 1,
            "Actual Loops": 1,
            "Output": [
                "count(*)"
            ],
            "Plans": [
                {
                    "Node Type": "Gather",
                    "Parent Relationship": "Outer",
                    "Parallel Aware": false,
                    "Startup Cost": 32097.62,
                    "Total Cost": 32097.93,
                    "Plan Rows": 3,
                    "Plan Width": 8,
                    "Actual Startup Time": 108.355,
                    "Actual Total Time": 114.372,
                    "Actual Rows": 4,
                    "Actual Loops": 1,
                    "Output": [
                        "(PARTIAL count(*))"
                    ],
                    "Workers Planned": 3,
                    "Workers Launched": 3,
                    "Single Copy": false,
                    "Plans": [
                        {
                            "Node Type": "Aggregate",
                            "Strategy": "Plain",
                            "Partial Mode": "Partial",
                            "Parent Relationship": "Outer",
                            "Parallel Aware": false,
                            "Startup Cost": 31097.62,
                            "Total Cost": 31097.63,
                            "Plan Rows": 1,
                            "Plan Width": 8,
                            "Actual Startup Time": 100.003,
                            "Actual Total Time": 100.007,
                            "Actual Rows": 1,
                            "Actual Loops": 4,
                            "Output": [
                                "PARTIAL count(*)"
                            ],
                            "Workers": [
                                {
                                    "Worker Number": 0,
                                    "Actual Startup Time": 96.944,
                                    "Actual Total Time": 96.945,
                                    "Actual Rows": 1,
                                    "Actual Loops": 1
                                },
                                {
                                    "Worker Number": 1,
                                    "Actual Startup Time": 97.409,
                                    "Actual Total Time": 97.411,
                                    "Actual Rows": 1,
                                    "Actual Loops": 1
                                },
                                {
                                    "Worker Number": 2,
                                    "Actual Startup Time": 97.596,
                                    "Actual Total Time": 97.606,
                                    "Actual Rows": 1,
                                    "Actual Loops": 1
                                }
                            ],
                            "Plans": [
                                {
                                    "Node Type": "Bitmap Heap Scan",
                                    "Parent Relationship": "Outer",
                                    "Parallel Aware": true,
                                    "Relation Name": "movie_companies",
                                    "Schema": "public",
                                    "Alias": "mc",
                                    "Startup Cost": 9896.1,
                                    "Total Cost": 30908.75,
                                    "Plan Rows": 75546,
                                    "Plan Width": 0,
                                    "Actual Startup Time": 78.957,
                                    "Actual Total Time": 98.049,
                                    "Actual Rows": 27356,
                                    "Actual Loops": 4,
                                    "Recheck Cond": "(mc.company_id < 374)",
                                    "Rows Removed by Index Recheck": 0,
                                    "Filter": "(mc.company_type_id > 1)",
                                    "Rows Removed by Filter": 85372,
                                    "Exact Heap Blocks": 8155,
                                    "Lossy Heap Blocks": 0,
                                    "Workers": [
                                        {
                                            "Worker Number": 0,
                                            "Actual Startup Time": 75.899,
                                            "Actual Total Time": 95.156,
                                            "Actual Rows": 23768,
                                            "Actual Loops": 1
                                        },
                                        {
                                            "Worker Number": 1,
                                            "Actual Startup Time": 76.358,
                                            "Actual Total Time": 95.614,
                                            "Actual Rows": 24142,
                                            "Actual Loops": 1
                                        },
                                        {
                                            "Worker Number": 2,
                                            "Actual Startup Time": 76.555,
                                            "Actual Total Time": 95.794,
                                            "Actual Rows": 24381,
                                            "Actual Loops": 1
                                        }
                                    ],
                                    "Plans": [
                                        {
                                            "Node Type": "Bitmap Index Scan",
                                            "Parent Relationship": "Outer",
                                            "Parallel Aware": false,
                                            "Index Name": "company_id_movie_companies",
                                            "Startup Cost": 0.0,
                                            "Total Cost": 9837.55,
                                            "Plan Rows": 459349,
                                            "Plan Width": 0,
                                            "Actual Startup Time": 38.268,
                                            "Actual Total Time": 38.269,
                                            "Actual Rows": 450916,
                                            "Actual Loops": 1,
                                            "Index Cond": "(mc.company_id < 374)"
                                        }
                                    ]
                                }
                            ]
                        }
                    ]
                }
            ]
        },
        "Planning Time": 267.422,
        "Triggers": [],
        "Execution Time": 114.442
    }
]