{
    "Plan": {
        "Node Type": "Aggregate",
        "Strategy": "Plain",
        "Partial Mode": "Simple",
        "Parallel Aware": false,
        "Startup Cost": 30001575015.7,
        "Total Cost": 30001575015.71,
        "Plan Rows": 1,
        "Plan Width": 96,
        "Actual Startup Time": 10907.722,
        "Actual Total Time": 10907.738,
        "Actual Rows": 1,
        "Actual Loops": 1,
        "Output": [
            "min(mi.info)",
            "min(miidx.info)",
            "min(t.title)"
        ],
        "Plans": [
            {
                "Node Type": "Hash Join",
                "Parent Relationship": "Outer",
                "Parallel Aware": false,
                "Join Type": "Inner",
                "Startup Cost": 30001575003.48,
                "Total Cost": 30001575015.67,
                "Plan Rows": 4,
                "Plan Width": 65,
                "Actual Startup Time": 10856.735,
                "Actual Total Time": 10880.449,
                "Actual Rows": 289762,
                "Actual Loops": 1,
                "Output": [
                    "mi.info",
                    "miidx.info",
                    "t.title"
                ],
                "Inner Unique": false,
                "Hash Cond": "(kt.id = t.kind_id)",
                "Plans": [
                    {
                        "Node Type": "Index Scan",
                        "Parent Relationship": "Outer",
                        "Parallel Aware": false,
                        "Scan Direction": "Forward",
                        "Index Name": "kind_type_pkey",
                        "Relation Name": "kind_type",
                        "Schema": "public",
                        "Alias": "kt",
                        "Startup Cost": 10000000000.13,
                        "Total Cost": 10000000012.25,
                        "Plan Rows": 1,
                        "Plan Width": 4,
                        "Actual Startup Time": 0.038,
                        "Actual Total Time": 0.048,
                        "Actual Rows": 1,
                        "Actual Loops": 1,
                        "Output": [
                            "kt.id",
                            "kt.kind"
                        ],
                        "Filter": "((kt.kind)::text = 'movie'::text)",
                        "Rows Removed by Filter": 6
                    },
                    {
                        "Node Type": "Hash",
                        "Parent Relationship": "Inner",
                        "Parallel Aware": false,
                        "Startup Cost": 20001575002.99,
                        "Total Cost": 20001575002.99,
                        "Plan Rows": 29,
                        "Plan Width": 69,
                        "Actual Startup Time": 10856.684,
                        "Actual Total Time": 10856.698,
                        "Actual Rows": 306791,
                        "Actual Loops": 1,
                        "Output": [
                            "mi.info",
                            "miidx.info",
                            "t.title",
                            "t.kind_id"
                        ],
                        "Hash Buckets": 524288,
                        "Original Hash Buckets": 1024,
                        "Hash Batches": 1,
                        "Original Hash Batches": 1,
                        "Peak Memory Usage": 28303,
                        "Plans": [
                            {
                                "Node Type": "Hash Join",
                                "Parent Relationship": "Outer",
                                "Parallel Aware": false,
                                "Join Type": "Inner",
                                "Startup Cost": 20001574990.55,
                                "Total Cost": 20001575002.99,
                                "Plan Rows": 29,
                                "Plan Width": 69,
                                "Actual Startup Time": 10770.667,
                                "Actual Total Time": 10800.918,
                                "Actual Rows": 306791,
                                "Actual Loops": 1,
                                "Output": [
                                    "mi.info",
                                    "miidx.info",
                                    "t.title",
                                    "t.kind_id"
                                ],
                                "Inner Unique": false,
                                "Hash Cond": "(ct.id = mc.company_type_id)",
                                "Plans": [
                                    {
                                        "Node Type": "Index Scan",
                                        "Parent Relationship": "Outer",
                                        "Parallel Aware": false,
                                        "Scan Direction": "Forward",
                                        "Index Name": "company_type_pkey",
                                        "Relation Name": "company_type",
                                        "Schema": "public",
                                        "Alias": "ct",
                                        "Startup Cost": 0.13,
                                        "Total Cost": 12.2,
                                        "Plan Rows": 1,
                                        "Plan Width": 4,
                                        "Actual Startup Time": 0.008,
                                        "Actual Total Time": 0.02,
                                        "Actual Rows": 1,
                                        "Actual Loops": 1,
                                        "Output": [
                                            "ct.id",
                                            "ct.kind"
                                        ],
                                        "Filter": "((ct.kind)::text = 'distributors'::text)",
                                        "Rows Removed by Filter": 3
                                    },
                                    {
                                        "Node Type": "Hash",
                                        "Parent Relationship": "Inner",
                                        "Parallel Aware": false,
                                        "Startup Cost": 20001574988.97,
                                        "Total Cost": 20001574988.97,
                                        "Plan Rows": 116,
                                        "Plan Width": 73,
                                        "Actual Startup Time": 10770.638,
                                        "Actual Total Time": 10770.651,
                                        "Actual Rows": 316896,
                                        "Actual Loops": 1,
                                        "Output": [
                                            "mc.company_type_id",
                                            "mi.info",
                                            "miidx.info",
                                            "t.title",
                                            "t.kind_id"
                                        ],
                                        "Hash Buckets": 524288,
                                        "Original Hash Buckets": 1024,
                                        "Hash Batches": 1,
                                        "Original Hash Batches": 1,
                                        "Peak Memory Usage": 30347,
                                        "Plans": [
                                            {
                                                "Node Type": "Merge Join",
                                                "Parent Relationship": "Outer",
                                                "Parallel Aware": false,
                                                "Join Type": "Inner",
                                                "Startup Cost": 20001574922.43,
                                                "Total Cost": 20001574988.97,
                                                "Plan Rows": 116,
                                                "Plan Width": 73,
                                                "Actual Startup Time": 10660.045,
                                                "Actual Total Time": 10712.782,
                                                "Actual Rows": 316896,
                                                "Actual Loops": 1,
                                                "Output": [
                                                    "mc.company_type_id",
                                                    "mi.info",
                                                    "miidx.info",
                                                    "t.title",
                                                    "t.kind_id"
                                                ],
                                                "Inner Unique": false,
                                                "Merge Cond": "(it.id = miidx.info_type_id)",
                                                "Plans": [
                                                    {
                                                        "Node Type": "Index Scan",
                                                        "Parent Relationship": "Outer",
                                                        "Parallel Aware": false,
                                                        "Scan Direction": "Forward",
                                                        "Index Name": "info_type_pkey",
                                                        "Relation Name": "info_type",
                                                        "Schema": "public",
                                                        "Alias": "it",
                                                        "Startup Cost": 0.14,
                                                        "Total Cost": 14.12,
                                                        "Plan Rows": 1,
                                                        "Plan Width": 4,
                                                        "Actual Startup Time": 0.05,
                                                        "Actual Total Time": 0.067,
                                                        "Actual Rows": 1,
                                                        "Actual Loops": 1,
                                                        "Output": [
                                                            "it.id",
                                                            "it.info"
                                                        ],
                                                        "Filter": "((it.info)::text = 'rating'::text)",
                                                        "Rows Removed by Filter": 112
                                                    },
                                                    {
                                                        "Node Type": "Sort",
                                                        "Parent Relationship": "Inner",
                                                        "Parallel Aware": false,
                                                        "Startup Cost": 20001574908.31,
                                                        "Total Cost": 20001574941.0,
                                                        "Plan Rows": 13075,
                                                        "Plan Width": 77,
                                                        "Actual Startup Time": 10593.292,
                                                        "Actual Total Time": 10637.776,
                                                        "Actual Rows": 950689,
                                                        "Actual Loops": 1,
                                                        "Output": [
                                                            "mc.company_type_id",
                                                            "mi.info",
                                                            "miidx.info",
                                                            "miidx.info_type_id",
                                                            "t.title",
                                                            "t.kind_id"
                                                        ],
                                                        "Sort Key": [
                                                            "miidx.info_type_id"
                                                        ],
                                                        "Sort Method": "quicksort",
                                                        "Sort Space Used": 157013,
                                                        "Sort Space Type": "Memory",
                                                        "Plans": [
                                                            {
                                                                "Node Type": "Merge Join",
                                                                "Parent Relationship": "Outer",
                                                                "Parallel Aware": false,
                                                                "Join Type": "Inner",
                                                                "Startup Cost": 20001566918.74,
                                                                "Total Cost": 20001574014.34,
                                                                "Plan Rows": 13075,
                                                                "Plan Width": 77,
                                                                "Actual Startup Time": 10103.639,
                                                                "Actual Total Time": 10394.954,
                                                                "Actual Rows": 979655,
                                                                "Actual Loops": 1,
                                                                "Output": [
                                                                    "mc.company_type_id",
                                                                    "mi.info",
                                                                    "miidx.info",
                                                                    "miidx.info_type_id",
                                                                    "t.title",
                                                                    "t.kind_id"
                                                                ],
                                                                "Inner Unique": false,
                                                                "Merge Cond": "(miidx.movie_id = mi.movie_id)",
                                                                "Plans": [
                                                                    {
                                                                        "Node Type": "Sort",
                                                                        "Parent Relationship": "Outer",
                                                                        "Parallel Aware": false,
                                                                        "Startup Cost": 162473.21,
                                                                        "Total Cost": 165923.29,
                                                                        "Plan Rows": 1380035,
                                                                        "Plan Width": 13,
                                                                        "Actual Startup Time": 620.954,
                                                                        "Actual Total Time": 671.683,
                                                                        "Actual Rows": 1380006,
                                                                        "Actual Loops": 1,
                                                                        "Output": [
                                                                            "miidx.info",
                                                                            "miidx.movie_id",
                                                                            "miidx.info_type_id"
                                                                        ],
                                                                        "Sort Key": [
                                                                            "miidx.movie_id"
                                                                        ],
                                                                        "Sort Method": "quicksort",
                                                                        "Sort Space Used": 128214,
                                                                        "Sort Space Type": "Memory",
                                                                        "Plans": [
                                                                            {
                                                                                "Node Type": "Seq Scan",
                                                                                "Parent Relationship": "Outer",
                                                                                "Parallel Aware": false,
                                                                                "Relation Name": "movie_info_idx",
                                                                                "Schema": "public",
                                                                                "Alias": "miidx",
                                                                                "Startup Cost": 0.0,
                                                                                "Total Cost": 21735.35,
                                                                                "Plan Rows": 1380035,
                                                                                "Plan Width": 13,
                                                                                "Actual Startup Time": 0.025,
                                                                                "Actual Total Time": 211.237,
                                                                                "Actual Rows": 1380035,
                                                                                "Actual Loops": 1,
                                                                                "Output": [
                                                                                    "miidx.info",
                                                                                    "miidx.movie_id",
                                                                                    "miidx.info_type_id"
                                                                                ]
                                                                            }
                                                                        ]
                                                                    },
                                                                    {
                                                                        "Node Type": "Sort",
                                                                        "Parent Relationship": "Inner",
                                                                        "Parallel Aware": false,
                                                                        "Startup Cost": 20001404444.84,
                                                                        "Total Cost": 20001404456.4,
                                                                        "Plan Rows": 4622,
                                                                        "Plan Width": 80,
                                                                        "Actual Startup Time": 9482.664,
                                                                        "Actual Total Time": 9528.658,
                                                                        "Actual Rows": 992546,
                                                                        "Actual Loops": 1,
                                                                        "Output": [
                                                                            "mc.movie_id",
                                                                            "mc.company_type_id",
                                                                            "mi.info",
                                                                            "mi.movie_id",
                                                                            "t.title",
                                                                            "t.id",
                                                                            "t.kind_id"
                                                                        ],
                                                                        "Sort Key": [
                                                                            "mc.movie_id"
                                                                        ],
                                                                        "Sort Method": "quicksort",
                                                                        "Sort Space Used": 57826,
                                                                        "Sort Space Type": "Memory",
                                                                        "Plans": [
                                                                            {
                                                                                "Node Type": "Merge Join",
                                                                                "Parent Relationship": "Outer",
                                                                                "Parallel Aware": false,
                                                                                "Join Type": "Inner",
                                                                                "Startup Cost": 20001401482.96,
                                                                                "Total Cost": 20001404163.5,
                                                                                "Plan Rows": 4622,
                                                                                "Plan Width": 80,
                                                                                "Actual Startup Time": 9316.133,
                                                                                "Actual Total Time": 9402.678,
                                                                                "Actual Rows": 329787,
                                                                                "Actual Loops": 1,
                                                                                "Output": [
                                                                                    "mc.movie_id",
                                                                                    "mc.company_type_id",
                                                                                    "mi.info",
                                                                                    "mi.movie_id",
                                                                                    "t.title",
                                                                                    "t.id",
                                                                                    "t.kind_id"
                                                                                ],
                                                                                "Inner Unique": false,
                                                                                "Merge Cond": "(mi.info_type_id = it2.id)",
                                                                                "Plans": [
                                                                                    {
                                                                                        "Node Type": "Sort",
                                                                                        "Parent Relationship": "Outer",
                                                                                        "Parallel Aware": false,
                                                                                        "Startup Cost": 10001401480.54,
                                                                                        "Total Cost": 10001402786.14,
                                                                                        "Plan Rows": 522240,
                                                                                        "Plan Width": 84,
                                                                                        "Actual Startup Time": 9124.241,
                                                                                        "Actual Total Time": 9233.189,
                                                                                        "Actual Rows": 1406962,
                                                                                        "Actual Loops": 1,
                                                                                        "Output": [
                                                                                            "mc.movie_id",
                                                                                            "mc.company_type_id",
                                                                                            "mi.info",
                                                                                            "mi.movie_id",
                                                                                            "mi.info_type_id",
                                                                                            "t.title",
                                                                                            "t.id",
                                                                                            "t.kind_id"
                                                                                        ],
                                                                                        "Sort Key": [
                                                                                            "mi.info_type_id"
                                                                                        ],
                                                                                        "Sort Method": "quicksort",
                                                                                        "Sort Space Used": 671041,
                                                                                        "Sort Space Type": "Memory",
                                                                                        "Plans": [
                                                                                            {
                                                                                                "Node Type": "Merge Join",
                                                                                                "Parent Relationship": "Outer",
                                                                                                "Parallel Aware": false,
                                                                                                "Join Type": "Inner",
                                                                                                "Startup Cost": 10000104832.91,
                                                                                                "Total Cost": 10001351882.48,
                                                                                                "Plan Rows": 522240,
                                                                                                "Plan Width": 84,
                                                                                                "Actual Startup Time": 243.05,
                                                                                                "Actual Total Time": 8519.875,
                                                                                                "Actual Rows": 2439148,
                                                                                                "Actual Loops": 1,
                                                                                                "Output": [
                                                                                                    "mc.movie_id",
                                                                                                    "mc.company_type_id",
                                                                                                    "mi.info",
                                                                                                    "mi.movie_id",
                                                                                                    "mi.info_type_id",
                                                                                                    "t.title",
                                                                                                    "t.id",
                                                                                                    "t.kind_id"
                                                                                                ],
                                                                                                "Inner Unique": false,
                                                                                                "Merge Cond": "(t.id = mi.movie_id)",
                                                                                                "Plans": [
                                                                                                    {
                                                                                                        "Node Type": "Index Scan",
                                                                                                        "Parent Relationship": "Outer",
                                                                                                        "Parallel Aware": false,
                                                                                                        "Scan Direction": "Forward",
                                                                                                        "Index Name": "title_pkey",
                                                                                                        "Relation Name": "title",
                                                                                                        "Schema": "public",
                                                                                                        "Alias": "t",
                                                                                                        "Startup Cost": 0.43,
                                                                                                        "Total Cost": 110342.1,
                                                                                                        "Plan Rows": 2528322,
                                                                                                        "Plan Width": 25,
                                                                                                        "Actual Startup Time": 0.031,
                                                                                                        "Actual Total Time": 1395.875,
                                                                                                        "Actual Rows": 2525728,
                                                                                                        "Actual Loops": 1,
                                                                                                        "Output": [
                                                                                                            "t.id",
                                                                                                            "t.title",
                                                                                                            "t.imdb_index",
                                                                                                            "t.kind_id",
                                                                                                            "t.production_year",
                                                                                                            "t.imdb_id",
                                                                                                            "t.phonetic_code",
                                                                                                            "t.episode_of_id",
                                                                                                            "t.season_nr",
                                                                                                            "t.episode_nr",
                                                                                                            "t.series_years",
                                                                                                            "t.md5sum"
                                                                                                        ]
                                                                                                    },
                                                                                                    {
                                                                                                        "Node Type": "Materialize",
                                                                                                        "Parent Relationship": "Inner",
                                                                                                        "Parallel Aware": false,
                                                                                                        "Startup Cost": 10000104829.48,
                                                                                                        "Total Cost": 10001228783.13,
                                                                                                        "Plan Rows": 522240,
                                                                                                        "Plan Width": 59,
                                                                                                        "Actual Startup Time": 242.484,
                                                                                                        "Actual Total Time": 6612.316,
                                                                                                        "Actual Rows": 2439148,
                                                                                                        "Actual Loops": 1,
                                                                                                        "Output": [
                                                                                                            "mc.movie_id",
                                                                                                            "mc.company_type_id",
                                                                                                            "mi.info",
                                                                                                            "mi.movie_id",
                                                                                                            "mi.info_type_id"
                                                                                                        ],
                                                                                                        "Plans": [
                                                                                                            {
                                                                                                                "Node Type": "Merge Join",
                                                                                                                "Parent Relationship": "Outer",
                                                                                                                "Parallel Aware": false,
                                                                                                                "Join Type": "Inner",
                                                                                                                "Startup Cost": 10000104829.48,
                                                                                                                "Total Cost": 10001227477.53,
                                                                                                                "Plan Rows": 522240,
                                                                                                                "Plan Width": 59,
                                                                                                                "Actual Startup Time": 242.479,
                                                                                                                "Actual Total Time": 5975.933,
                                                                                                                "Actual Rows": 2439148,
                                                                                                                "Actual Loops": 1,
                                                                                                                "Output": [
                                                                                                                    "mc.movie_id",
                                                                                                                    "mc.company_type_id",
                                                                                                                    "mi.info",
                                                                                                                    "mi.movie_id",
                                                                                                                    "mi.info_type_id"
                                                                                                                ],
                                                                                                                "Inner Unique": false,
                                                                                                                "Merge Cond": "(mi.movie_id = mc.movie_id)",
                                                                                                                "Plans": [
                                                                                                                    {
                                                                                                                        "Node Type": "Index Scan",
                                                                                                                        "Parent Relationship": "Outer",
                                                                                                                        "Parallel Aware": false,
                                                                                                                        "Scan Direction": "Forward",
                                                                                                                        "Index Name": "movie_id_movie_info",
                                                                                                                        "Relation Name": "movie_info",
                                                                                                                        "Schema": "public",
                                                                                                                        "Alias": "mi",
                                                                                                                        "Startup Cost": 0.43,
                                                                                                                        "Total Cost": 1078428.37,
                                                                                                                        "Plan Rows": 14755095,
                                                                                                                        "Plan Width": 51,
                                                                                                                        "Actual Startup Time": 0.018,
                                                                                                                        "Actual Total Time": 4295.17,
                                                                                                                        "Actual Rows": 14834296,
                                                                                                                        "Actual Loops": 1,
                                                                                                                        "Output": [
                                                                                                                            "mi.id",
                                                                                                                            "mi.movie_id",
                                                                                                                            "mi.info_type_id",
                                                                                                                            "mi.info",
                                                                                                                            "mi.note"
                                                                                                                        ]
                                                                                                                    },
                                                                                                                    {
                                                                                                                        "Node Type": "Sort",
                                                                                                                        "Parent Relationship": "Inner",
                                                                                                                        "Parallel Aware": false,
                                                                                                                        "Startup Cost": 10000104829.04,
                                                                                                                        "Total Cost": 10000104871.87,
                                                                                                                        "Plan Rows": 17132,
                                                                                                                        "Plan Width": 8,
                                                                                                                        "Actual Startup Time": 241.954,
                                                                                                                        "Actual Total Time": 337.66,
                                                                                                                        "Actual Rows": 2439139,
                                                                                                                        "Actual Loops": 1,
                                                                                                                        "Output": [
                                                                                                                            "mc.movie_id",
                                                                                                                            "mc.company_type_id"
                                                                                                                        ],
                                                                                                                        "Sort Key": [
                                                                                                                            "mc.movie_id"
                                                                                                                        ],
                                                                                                                        "Sort Method": "quicksort",
                                                                                                                        "Sort Space Used": 2304,
                                                                                                                        "Sort Space Type": "Memory",
                                                                                                                        "Plans": [
                                                                                                                            {
                                                                                                                                "Node Type": "Nested Loop",
                                                                                                                                "Parent Relationship": "Outer",
                                                                                                                                "Parallel Aware": false,
                                                                                                                                "Join Type": "Inner",
                                                                                                                                "Startup Cost": 10000000005.56,
                                                                                                                                "Total Cost": 10000103624.28,
                                                                                                                                "Plan Rows": 17132,
                                                                                                                                "Plan Width": 8,
                                                                                                                                "Actual Startup Time": 0.323,
                                                                                                                                "Actual Total Time": 231.817,
                                                                                                                                "Actual Rows": 32751,
                                                                                                                                "Actual Loops": 1,
                                                                                                                                "Output": [
                                                                                                                                    "mc.movie_id",
                                                                                                                                    "mc.company_type_id"
                                                                                                                                ],
                                                                                                                                "Inner Unique": false,
                                                                                                                                "Plans": [
                                                                                                                                    {
                                                                                                                                        "Node Type": "Index Scan",
                                                                                                                                        "Parent Relationship": "Outer",
                                                                                                                                        "Parallel Aware": false,
                                                                                                                                        "Scan Direction": "Forward",
                                                                                                                                        "Index Name": "company_name_pkey",
                                                                                                                                        "Relation Name": "company_name",
                                                                                                                                        "Schema": "public",
                                                                                                                                        "Alias": "cn",
                                                                                                                                        "Startup Cost": 0.42,
                                                                                                                                        "Total Cost": 12454.44,
                                                                                                                                        "Plan Rows": 1543,
                                                                                                                                        "Plan Width": 4,
                                                                                                                                        "Actual Startup Time": 0.206,
                                                                                                                                        "Actual Total Time": 147.315,
                                                                                                                                        "Actual Rows": 1496,
                                                                                                                                        "Actual Loops": 1,
                                                                                                                                        "Output": [
                                                                                                                                            "cn.id",
                                                                                                                                            "cn.name",
                                                                                                                                            "cn.country_code",
                                                                                                                                            "cn.imdb_id",
                                                                                                                                            "cn.name_pcode_nf",
                                                                                                                                            "cn.name_pcode_sf",
                                                                                                                                            "cn.md5sum"
                                                                                                                                        ],
                                                                                                                                        "Filter": "((cn.country_code)::text = '[fi]'::text)",
                                                                                                                                        "Rows Removed by Filter": 233501
                                                                                                                                    },
                                                                                                                                    {
                                                                                                                                        "Node Type": "Bitmap Heap Scan",
                                                                                                                                        "Parent Relationship": "Inner",
                                                                                                                                        "Parallel Aware": false,
                                                                                                                                        "Relation Name": "movie_companies",
                                                                                                                                        "Schema": "public",
                                                                                                                                        "Alias": "mc",
                                                                                                                                        "Startup Cost": 5.14,
                                                                                                                                        "Total Cost": 57.77,
                                                                                                                                        "Plan Rows": 132,
                                                                                                                                        "Plan Width": 12,
                                                                                                                                        "Actual Startup Time": 0.013,
                                                                                                                                        "Actual Total Time": 0.05,
                                                                                                                                        "Actual Rows": 22,
                                                                                                                                        "Actual Loops": 1496,
                                                                                                                                        "Output": [
                                                                                                                                            "mc.id",
                                                                                                                                            "mc.movie_id",
                                                                                                                                            "mc.company_id",
                                                                                                                                            "mc.company_type_id",
                                                                                                                                            "mc.note"
                                                                                                                                        ],
                                                                                                                                        "Recheck Cond": "(mc.company_id = cn.id)",
                                                                                                                                        "Rows Removed by Index Recheck": 0,
                                                                                                                                        "Exact Heap Blocks": 25072,
                                                                                                                                        "Lossy Heap Blocks": 0,
                                                                                                                                        "Plans": [
                                                                                                                                            {
                                                                                                                                                "Node Type": "Bitmap Index Scan",
                                                                                                                                                "Parent Relationship": "Outer",
                                                                                                                                                "Parallel Aware": false,
                                                                                                                                                "Index Name": "company_id_movie_companies",
                                                                                                                                                "Startup Cost": 0.0,
                                                                                                                                                "Total Cost": 5.11,
                                                                                                                                                "Plan Rows": 132,
                                                                                                                                                "Plan Width": 0,
                                                                                                                                                "Actual Startup Time": 0.008,
                                                                                                                                                "Actual Total Time": 0.008,
                                                                                                                                                "Actual Rows": 22,
                                                                                                                                                "Actual Loops": 1496,
                                                                                                                                                "Index Cond": "(mc.company_id = cn.id)"
                                                                                                                                            }
                                                                                                                                        ]
                                                                                                                                    }
                                                                                                                                ]
                                                                                                                            }
                                                                                                                        ]
                                                                                                                    }
                                                                                                                ]
                                                                                                            }
                                                                                                        ]
                                                                                                    }
                                                                                                ]
                                                                                            }
                                                                                        ]
                                                                                    },
                                                                                    {
                                                                                        "Node Type": "Materialize",
                                                                                        "Parent Relationship": "Inner",
                                                                                        "Parallel Aware": false,
                                                                                        "Startup Cost": 10000000002.42,
                                                                                        "Total Cost": 10000000002.43,
                                                                                        "Plan Rows": 1,
                                                                                        "Plan Width": 4,
                                                                                        "Actual Startup Time": 0.054,
                                                                                        "Actual Total Time": 10.422,
                                                                                        "Actual Rows": 1,
                                                                                        "Actual Loops": 1,
                                                                                        "Output": [
                                                                                            "it2.id"
                                                                                        ],
                                                                                        "Plans": [
                                                                                            {
                                                                                                "Node Type": "Sort",
                                                                                                "Parent Relationship": "Outer",
                                                                                                "Parallel Aware": false,
                                                                                                "Startup Cost": 10000000002.42,
                                                                                                "Total Cost": 10000000002.43,
                                                                                                "Plan Rows": 1,
                                                                                                "Plan Width": 4,
                                                                                                "Actual Startup Time": 0.046,
                                                                                                "Actual Total Time": 0.048,
                                                                                                "Actual Rows": 1,
                                                                                                "Actual Loops": 1,
                                                                                                "Output": [
                                                                                                    "it2.id"
                                                                                                ],
                                                                                                "Sort Key": [
                                                                                                    "it2.id"
                                                                                                ],
                                                                                                "Sort Method": "quicksort",
                                                                                                "Sort Space Used": 25,
                                                                                                "Sort Space Type": "Memory",
                                                                                                "Plans": [
                                                                                                    {
                                                                                                        "Node Type": "Seq Scan",
                                                                                                        "Parent Relationship": "Outer",
                                                                                                        "Parallel Aware": false,
                                                                                                        "Relation Name": "info_type",
                                                                                                        "Schema": "public",
                                                                                                        "Alias": "it2",
                                                                                                        "Startup Cost": 10000000000.0,
                                                                                                        "Total Cost": 10000000002.41,
                                                                                                        "Plan Rows": 1,
                                                                                                        "Plan Width": 4,
                                                                                                        "Actual Startup Time": 0.031,
                                                                                                        "Actual Total Time": 0.035,
                                                                                                        "Actual Rows": 1,
                                                                                                        "Actual Loops": 1,
                                                                                                        "Output": [
                                                                                                            "it2.id"
                                                                                                        ],
                                                                                                        "Filter": "((it2.info)::text = 'release dates'::text)",
                                                                                                        "Rows Removed by Filter": 112
                                                                                                    }
                                                                                                ]
                                                                                            }
                                                                                        ]
                                                                                    }
                                                                                ]
                                                                            }
                                                                        ]
                                                                    }
                                                                ]
                                                            }
                                                        ]
                                                    }
                                                ]
                                            }
                                        ]
                                    }
                                ]
                            }
                        ]
                    }
                ]
            }
        ]
    },
    "Planning Time": 12.617,
    "Triggers": [],
    "Execution Time": 10908.388
}