{
  "Plan": {
    "Node Type": "Aggregate",
    "Strategy": "Plain",
    "Partial Mode": "Finalize",
    "Parallel Aware": false,
    "Startup Cost": 64605.14,
    "Total Cost": 64605.15,
    "Plan Rows": 1,
    "Plan Width": 8,
    "Actual Startup Time": 124.298,
    "Actual Total Time": 132.812,
    "Actual Rows": 1,
    "Actual Loops": 1,
    "Plans": [
      {
        "Node Type": "Gather",
        "Parent Relationship": "Outer",
        "Parallel Aware": false,
        "Startup Cost": 64605.02,
        "Total Cost": 64605.13,
        "Plan Rows": 1,
        "Plan Width": 8,
        "Actual Startup Time": 124.058,
        "Actual Total Time": 132.805,
        "Actual Rows": 2,
        "Actual Loops": 1,
        "Workers Planned": 1,
        "Workers Launched": 1,
        "Single Copy": false,
        "Plans": [
          {
            "Node Type": "Aggregate",
            "Strategy": "Plain",
            "Partial Mode": "Partial",
            "Parent Relationship": "Outer",
            "Parallel Aware": false,
            "Startup Cost": 63605.02,
            "Total Cost": 63605.03,
            "Plan Rows": 1,
            "Plan Width": 8,
            "Actual Startup Time": 117.88,
            "Actual Total Time": 117.882,
            "Actual Rows": 1,
            "Actual Loops": 2,
            "Plans": [
              {
                "Node Type": "Nested Loop",
                "Parent Relationship": "Outer",
                "Parallel Aware": false,
                "Join Type": "Inner",
                "Startup Cost": 11824.2,
                "Total Cost": 63602.2,
                "Plan Rows": 1131,
                "Plan Width": 0,
                "Actual Startup Time": 42.473,
                "Actual Total Time": 117.709,
                "Actual Rows": 2858,
                "Actual Loops": 2,
                "Inner Unique": false,
                "Join Filter": "(t.id = mk.movie_id)",
                "Rows Removed by Join Filter": 0,
                "Plans": [
                  {
                    "Node Type": "Nested Loop",
                    "Parent Relationship": "Outer",
                    "Parallel Aware": false,
                    "Join Type": "Inner",
                    "Startup Cost": 11823.77,
                    "Total Cost": 62392.03,
                    "Plan Rows": 632,
                    "Plan Width": 8,
                    "Actual Startup Time": 42.309,
                    "Actual Total Time": 114.06,
                    "Actual Rows": 388,
                    "Actual Loops": 2,
                    "Inner Unique": false,
                    "Plans": [
                      {
                        "Node Type": "Bitmap Heap Scan",
                        "Parent Relationship": "Outer",
                        "Parallel Aware": true,
                        "Relation Name": "title",
                        "Alias": "t",
                        "Startup Cost": 11823.34,
                        "Total Cost": 53673.6,
                        "Plan Rows": 1158,
                        "Plan Width": 4,
                        "Actual Startup Time": 38.228,
                        "Actual Total Time": 97.587,
                        "Actual Rows": 3835,
                        "Actual Loops": 2,
                        "Recheck Cond": "(kind_id = 1)",
                        "Rows Removed by Index Recheck": 0,
                        "Filter": "(production_year = 1915)",
                        "Rows Removed by Filter": 327578,
                        "Exact Heap Blocks": 9655,
                        "Lossy Heap Blocks": 0,
                        "Plans": [
                          {
                            "Node Type": "Bitmap Index Scan",
                            "Parent Relationship": "Outer",
                            "Parallel Aware": false,
                            "Index Name": "kind_id_title",
                            "Startup Cost": 0.0,
                            "Total Cost": 11822.85,
                            "Plan Rows": 663256,
                            "Plan Width": 0,
                            "Actual Startup Time": 41.723,
                            "Actual Total Time": 41.723,
                            "Actual Rows": 662825,
                            "Actual Loops": 1,
                            "Index Cond": "(kind_id = 1)"
                          }
                        ]
                      },
                      {
                        "Node Type": "Index Only Scan",
                        "Parent Relationship": "Inner",
                        "Parallel Aware": false,
                        "Scan Direction": "Forward",
                        "Index Name": "movie_id_movie_info_idx",
                        "Relation Name": "movie_info_idx",
                        "Alias": "mi_idx",
                        "Startup Cost": 0.43,
                        "Total Cost": 7.5,
                        "Plan Rows": 3,
                        "Plan Width": 4,
                        "Actual Startup Time": 0.004,
                        "Actual Total Time": 0.004,
                        "Actual Rows": 0,
                        "Actual Loops": 7670,
                        "Index Cond": "(movie_id = t.id)",
                        "Rows Removed by Index Recheck": 0,
                        "Heap Fetches": 777
                      }
                    ]
                  },
                  {
                    "Node Type": "Index Only Scan",
                    "Parent Relationship": "Inner",
                    "Parallel Aware": false,
                    "Scan Direction": "Forward",
                    "Index Name": "movie_id_movie_keyword",
                    "Relation Name": "movie_keyword",
                    "Alias": "mk",
                    "Startup Cost": 0.43,
                    "Total Cost": 1.35,
                    "Plan Rows": 45,
                    "Plan Width": 4,
                    "Actual Startup Time": 0.007,
                    "Actual Total Time": 0.008,
                    "Actual Rows": 7,
                    "Actual Loops": 777,
                    "Index Cond": "(movie_id = mi_idx.movie_id)",
                    "Rows Removed by Index Recheck": 0,
                    "Heap Fetches": 5715
                  }
                ]
              }
            ]
          }
        ]
      }
    ]
  },
  "Planning Time": 0.825,
  "Triggers": [],
  "Execution Time": 132.908
}