[
  {
    "Plan": {
      "Node Type": "Aggregate",
      "Strategy": "Plain",
      "Partial Mode": "Finalize",
      "Parallel Aware": false,
      "Startup Cost": 106470.86,
      "Total Cost": 106470.87,
      "Plan Rows": 1,
      "Plan Width": 8,
      "Actual Startup Time": 126.404,
      "Actual Total Time": 147.378,
      "Actual Rows": 1,
      "Actual Loops": 1,
      "Plans": [
        {
          "Node Type": "Gather",
          "Parent Relationship": "Outer",
          "Parallel Aware": false,
          "Startup Cost": 106470.44,
          "Total Cost": 106470.85,
          "Plan Rows": 4,
          "Plan Width": 8,
          "Actual Startup Time": 126.267,
          "Actual Total Time": 147.371,
          "Actual Rows": 5,
          "Actual Loops": 1,
          "Workers Planned": 4,
          "Workers Launched": 4,
          "Single Copy": false,
          "Plans": [
            {
              "Node Type": "Aggregate",
              "Strategy": "Plain",
              "Partial Mode": "Partial",
              "Parent Relationship": "Outer",
              "Parallel Aware": false,
              "Startup Cost": 105470.44,
              "Total Cost": 105470.45,
              "Plan Rows": 1,
              "Plan Width": 8,
              "Actual Startup Time": 116.485,
              "Actual Total Time": 116.486,
              "Actual Rows": 1,
              "Actual Loops": 5,
              "Plans": [
                {
                  "Node Type": "Nested Loop",
                  "Parent Relationship": "Outer",
                  "Parallel Aware": false,
                  "Join Type": "Inner",
                  "Startup Cost": 0.56,
                  "Total Cost": 105460.01,
                  "Plan Rows": 4173,
                  "Plan Width": 0,
                  "Actual Startup Time": 61.731,
                  "Actual Total Time": 116.068,
                  "Actual Rows": 3830,
                  "Actual Loops": 5,
                  "Inner Unique": false,
                  "Plans": [
                    {
                      "Node Type": "Seq Scan",
                      "Parent Relationship": "Outer",
                      "Parallel Aware": true,
                      "Relation Name": "title",
                      "Alias": "t",
                      "Startup Cost": 0.0,
                      "Total Cost": 43898.92,
                      "Plan Rows": 452,
                      "Plan Width": 4,
                      "Actual Startup Time": 61.61,
                      "Actual Total Time": 83.709,
                      "Actual Rows": 569,
                      "Actual Loops": 5,
                      "Filter": "(production_year = 1926)",
                      "Rows Removed by Filter": 505093
                    },
                    {
                      "Node Type": "Index Scan",
                      "Parent Relationship": "Inner",
                      "Parallel Aware": false,
                      "Scan Direction": "Forward",
                      "Index Name": "movie_id_cast_info",
                      "Relation Name": "cast_info",
                      "Alias": "ci",
                      "Startup Cost": 0.56,
                      "Total Cost": 135.96,
                      "Plan Rows": 24,
                      "Plan Width": 4,
                      "Actual Startup Time": 0.017,
                      "Actual Total Time": 0.055,
                      "Actual Rows": 7,
                      "Actual Loops": 2847,
                      "Index Cond": "(movie_id = t.id)",
                      "Rows Removed by Index Recheck": 0,
                      "Filter": "(person_id < 2391817)",
                      "Rows Removed by Filter": 3
                    }
                  ]
                }
              ]
            }
          ]
        }
      ]
    },
    "Planning Time": 0.737,
    "Triggers": [],
    "Execution Time": 147.456
  }
]