[
  {
    "Plan": {
      "Node Type": "Aggregate",
      "Strategy": "Plain",
      "Partial Mode": "Simple",
      "Parallel Aware": false,
      "Startup Cost": 27809.86,
      "Total Cost": 27809.87,
      "Plan Rows": 1,
      "Plan Width": 8,
      "Actual Startup Time": 56.041,
      "Actual Total Time": 56.042,
      "Actual Rows": 1,
      "Actual Loops": 1,
      "Plans": [
        {
          "Node Type": "Bitmap Heap Scan",
          "Parent Relationship": "Outer",
          "Parallel Aware": false,
          "Relation Name": "movie_keyword",
          "Alias": "mk",
          "Startup Cost": 1966.35,
          "Total Cost": 27578.27,
          "Plan Rows": 92634,
          "Plan Width": 0,
          "Actual Startup Time": 15.556,
          "Actual Total Time": 51.865,
          "Actual Rows": 90744,
          "Actual Loops": 1,
          "Recheck Cond": "(keyword_id > 84731)",
          "Rows Removed by Index Recheck": 0,
          "Exact Heap Blocks": 16676,
          "Lossy Heap Blocks": 0,
          "Plans": [
            {
              "Node Type": "Bitmap Index Scan",
              "Parent Relationship": "Outer",
              "Parallel Aware": false,
              "Index Name": "keyword_id_movie_keyword",
              "Startup Cost": 0.0,
              "Total Cost": 1943.19,
              "Plan Rows": 92634,
              "Plan Width": 0,
              "Actual Startup Time": 11.635,
              "Actual Total Time": 11.636,
              "Actual Rows": 90744,
              "Actual Loops": 1,
              "Index Cond": "(keyword_id > 84731)"
            }
          ]
        }
      ]
    },
    "Planning Time": 0.078,
    "Triggers": [],
    "Execution Time": 56.072
  }
]