{
  "Plan": {
    "Node Type": "Aggregate",
    "Strategy": "Plain",
    "Partial Mode": "Finalize",
    "Parallel Aware": false,
    "Startup Cost": 214637.46,
    "Total Cost": 214637.47,
    "Plan Rows": 1,
    "Plan Width": 8,
    "Actual Startup Time": 687.79,
    "Actual Total Time": 722.219,
    "Actual Rows": 1,
    "Actual Loops": 1,
    "Plans": [
      {
        "Node Type": "Gather",
        "Parent Relationship": "Outer",
        "Parallel Aware": false,
        "Startup Cost": 214637.35,
        "Total Cost": 214637.46,
        "Plan Rows": 1,
        "Plan Width": 8,
        "Actual Startup Time": 687.628,
        "Actual Total Time": 722.212,
        "Actual Rows": 2,
        "Actual Loops": 1,
        "Workers Planned": 1,
        "Workers Launched": 1,
        "Single Copy": false,
        "Plans": [
          {
            "Node Type": "Aggregate",
            "Strategy": "Plain",
            "Partial Mode": "Partial",
            "Parent Relationship": "Outer",
            "Parallel Aware": false,
            "Startup Cost": 213637.35,
            "Total Cost": 213637.36,
            "Plan Rows": 1,
            "Plan Width": 8,
            "Actual Startup Time": 681.452,
            "Actual Total Time": 681.455,
            "Actual Rows": 1,
            "Actual Loops": 2,
            "Plans": [
              {
                "Node Type": "Nested Loop",
                "Parent Relationship": "Outer",
                "Parallel Aware": false,
                "Join Type": "Inner",
                "Startup Cost": 54669.33,
                "Total Cost": 213597.97,
                "Plan Rows": 15753,
                "Plan Width": 0,
                "Actual Startup Time": 138.235,
                "Actual Total Time": 680.921,
                "Actual Rows": 7168,
                "Actual Loops": 2,
                "Inner Unique": false,
                "Join Filter": "(t.id = mi.movie_id)",
                "Rows Removed by Join Filter": 0,
                "Plans": [
                  {
                    "Node Type": "Hash Join",
                    "Parent Relationship": "Outer",
                    "Parallel Aware": true,
                    "Join Type": "Inner",
                    "Startup Cost": 54668.89,
                    "Total Cost": 195887.42,
                    "Plan Rows": 11088,
                    "Plan Width": 8,
                    "Actual Startup Time": 138.153,
                    "Actual Total Time": 622.829,
                    "Actual Rows": 3283,
                    "Actual Loops": 2,
                    "Inner Unique": true,
                    "Hash Cond": "(ci.movie_id = t.id)",
                    "Plans": [
                      {
                        "Node Type": "Index Scan",
                        "Parent Relationship": "Outer",
                        "Parallel Aware": true,
                        "Scan Direction": "Forward",
                        "Index Name": "role_id_cast_info",
                        "Relation Name": "cast_info",
                        "Alias": "ci",
                        "Startup Cost": 0.56,
                        "Total Cost": 134450.3,
                        "Plan Rows": 2578582,
                        "Plan Width": 4,
                        "Actual Startup Time": 0.046,
                        "Actual Total Time": 285.091,
                        "Actual Rows": 2161509,
                        "Actual Loops": 2,
                        "Index Cond": "(role_id = 10)",
                        "Rows Removed by Index Recheck": 0
                      },
                      {
                        "Node Type": "Hash",
                        "Parent Relationship": "Inner",
                        "Parallel Aware": true,
                        "Startup Cost": 54588.39,
                        "Total Cost": 54588.39,
                        "Plan Rows": 6395,
                        "Plan Width": 4,
                        "Actual Startup Time": 135.893,
                        "Actual Total Time": 135.894,
                        "Actual Rows": 5708,
                        "Actual Loops": 2,
                        "Hash Buckets": 16384,
                        "Original Hash Buckets": 16384,
                        "Hash Batches": 1,
                        "Original Hash Batches": 1,
                        "Peak Memory Usage": 608,
                        "Plans": [
                          {
                            "Node Type": "Seq Scan",
                            "Parent Relationship": "Outer",
                            "Parallel Aware": true,
                            "Relation Name": "title",
                            "Alias": "t",
                            "Startup Cost": 0.0,
                            "Total Cost": 54588.39,
                            "Plan Rows": 6395,
                            "Plan Width": 4,
                            "Actual Startup Time": 0.073,
                            "Actual Total Time": 133.643,
                            "Actual Rows": 5708,
                            "Actual Loops": 2,
                            "Filter": "(production_year = 1964)",
                            "Rows Removed by Filter": 1258448
                          }
                        ]
                      }
                    ]
                  },
                  {
                    "Node Type": "Index Scan",
                    "Parent Relationship": "Inner",
                    "Parallel Aware": false,
                    "Scan Direction": "Forward",
                    "Index Name": "movie_id_movie_info",
                    "Relation Name": "movie_info",
                    "Alias": "mi",
                    "Startup Cost": 0.43,
                    "Total Cost": 1.47,
                    "Plan Rows": 10,
                    "Plan Width": 4,
                    "Actual Startup Time": 0.007,
                    "Actual Total Time": 0.017,
                    "Actual Rows": 2,
                    "Actual Loops": 6566,
                    "Index Cond": "(movie_id = ci.movie_id)",
                    "Rows Removed by Index Recheck": 0,
                    "Filter": "(info_type_id < 4)",
                    "Rows Removed by Filter": 15
                  }
                ]
              }
            ]
          }
        ]
      }
    ]
  },
  "Planning Time": 1.005,
  "Triggers": [],
  "Execution Time": 722.315
}