[
  {
    "Plan": {
      "Node Type": "Aggregate",
      "Strategy": "Plain",
      "Partial Mode": "Finalize",
      "Parallel Aware": false,
      "Startup Cost": 120556.82,
      "Total Cost": 120556.83,
      "Plan Rows": 1,
      "Plan Width": 8,
      "Actual Startup Time": 210.234,
      "Actual Total Time": 227.764,
      "Actual Rows": 1,
      "Actual Loops": 1,
      "Plans": [
        {
          "Node Type": "Gather",
          "Parent Relationship": "Outer",
          "Parallel Aware": false,
          "Startup Cost": 120556.3,
          "Total Cost": 120556.81,
          "Plan Rows": 5,
          "Plan Width": 8,
          "Actual Startup Time": 210.048,
          "Actual Total Time": 227.747,
          "Actual Rows": 6,
          "Actual Loops": 1,
          "Workers Planned": 5,
          "Workers Launched": 5,
          "Single Copy": false,
          "Plans": [
            {
              "Node Type": "Aggregate",
              "Strategy": "Plain",
              "Partial Mode": "Partial",
              "Parent Relationship": "Outer",
              "Parallel Aware": false,
              "Startup Cost": 119556.3,
              "Total Cost": 119556.31,
              "Plan Rows": 1,
              "Plan Width": 8,
              "Actual Startup Time": 202.641,
              "Actual Total Time": 202.642,
              "Actual Rows": 1,
              "Actual Loops": 6,
              "Plans": [
                {
                  "Node Type": "Index Scan",
                  "Parent Relationship": "Outer",
                  "Parallel Aware": true,
                  "Scan Direction": "Forward",
                  "Index Name": "role_id_cast_info",
                  "Relation Name": "cast_info",
                  "Alias": "ci",
                  "Startup Cost": 0.56,
                  "Total Cost": 118067.1,
                  "Plan Rows": 595677,
                  "Plan Width": 0,
                  "Actual Startup Time": 0.104,
                  "Actual Total Time": 170.515,
                  "Actual Rows": 646900,
                  "Actual Loops": 6,
                  "Index Cond": "(role_id = 10)",
                  "Rows Removed by Index Recheck": 0,
                  "Filter": "(person_id > 1119750)",
                  "Rows Removed by Filter": 73603
                }
              ]
            }
          ]
        }
      ]
    },
    "Planning Time": 0.113,
    "Triggers": [],
    "Execution Time": 227.807
  }
]