[
  {
    "Plan": {
      "Node Type": "Aggregate",
      "Strategy": "Plain",
      "Partial Mode": "Finalize",
      "Parallel Aware": false,
      "Startup Cost": 47024.37,
      "Total Cost": 47024.38,
      "Plan Rows": 1,
      "Plan Width": 8,
      "Actual Startup Time": 176.676,
      "Actual Total Time": 187.74,
      "Actual Rows": 1,
      "Actual Loops": 1,
      "Plans": [
        {
          "Node Type": "Gather",
          "Parent Relationship": "Outer",
          "Parallel Aware": false,
          "Startup Cost": 47024.05,
          "Total Cost": 47024.36,
          "Plan Rows": 3,
          "Plan Width": 8,
          "Actual Startup Time": 176.52,
          "Actual Total Time": 187.732,
          "Actual Rows": 4,
          "Actual Loops": 1,
          "Workers Planned": 3,
          "Workers Launched": 3,
          "Single Copy": false,
          "Plans": [
            {
              "Node Type": "Aggregate",
              "Strategy": "Plain",
              "Partial Mode": "Partial",
              "Parent Relationship": "Outer",
              "Parallel Aware": false,
              "Startup Cost": 46024.05,
              "Total Cost": 46024.06,
              "Plan Rows": 1,
              "Plan Width": 8,
              "Actual Startup Time": 171.306,
              "Actual Total Time": 171.307,
              "Actual Rows": 1,
              "Actual Loops": 4,
              "Plans": [
                {
                  "Node Type": "Seq Scan",
                  "Parent Relationship": "Outer",
                  "Parallel Aware": true,
                  "Relation Name": "movie_keyword",
                  "Alias": "mk",
                  "Startup Cost": 0.0,
                  "Total Cost": 42695.65,
                  "Plan Rows": 1331360,
                  "Plan Width": 0,
                  "Actual Startup Time": 0.038,
                  "Actual Total Time": 124.411,
                  "Actual Rows": 1031978,
                  "Actual Loops": 4,
                  "Filter": "(keyword_id < 43605)",
                  "Rows Removed by Filter": 99004
                }
              ]
            }
          ]
        }
      ]
    },
    "Planning Time": 0.048,
    "Triggers": [],
    "Execution Time": 187.762
  }
]