{
  "Plan": {
    "Node Type": "Aggregate",
    "Strategy": "Plain",
    "Partial Mode": "Finalize",
    "Parallel Aware": false,
    "Startup Cost": 723992.97,
    "Total Cost": 723992.98,
    "Plan Rows": 1,
    "Plan Width": 8,
    "Actual Startup Time": 4111.337,
    "Actual Total Time": 4167.771,
    "Actual Rows": 1,
    "Actual Loops": 1,
    "Plans": [
      {
        "Node Type": "Gather",
        "Parent Relationship": "Outer",
        "Parallel Aware": false,
        "Startup Cost": 723992.86,
        "Total Cost": 723992.97,
        "Plan Rows": 1,
        "Plan Width": 8,
        "Actual Startup Time": 4108.312,
        "Actual Total Time": 4167.761,
        "Actual Rows": 2,
        "Actual Loops": 1,
        "Workers Planned": 1,
        "Workers Launched": 1,
        "Single Copy": false,
        "Plans": [
          {
            "Node Type": "Aggregate",
            "Strategy": "Plain",
            "Partial Mode": "Partial",
            "Parent Relationship": "Outer",
            "Parallel Aware": false,
            "Startup Cost": 722992.86,
            "Total Cost": 722992.87,
            "Plan Rows": 1,
            "Plan Width": 8,
            "Actual Startup Time": 4100.468,
            "Actual Total Time": 4100.795,
            "Actual Rows": 1,
            "Actual Loops": 2,
            "Plans": [
              {
                "Node Type": "Hash Join",
                "Parent Relationship": "Outer",
                "Parallel Aware": true,
                "Join Type": "Inner",
                "Startup Cost": 104132.83,
                "Total Cost": 720807.08,
                "Plan Rows": 874314,
                "Plan Width": 0,
                "Actual Startup Time": 1107.172,
                "Actual Total Time": 3939.924,
                "Actual Rows": 3691844,
                "Actual Loops": 2,
                "Inner Unique": false,
                "Hash Cond": "(ci.movie_id = t.id)",
                "Plans": [
                  {
                    "Node Type": "Seq Scan",
                    "Parent Relationship": "Outer",
                    "Parallel Aware": true,
                    "Relation Name": "cast_info",
                    "Alias": "ci",
                    "Startup Cost": 0.0,
                    "Total Cost": 572345.93,
                    "Plan Rows": 10449415,
                    "Plan Width": 4,
                    "Actual Startup Time": 537.811,
                    "Actual Total Time": 1731.022,
                    "Actual Rows": 7256648,
                    "Actual Loops": 2,
                    "Filter": "((person_id < 2791361) AND (role_id > 1))",
                    "Rows Removed by Filter": 10865524
                  },
                  {
                    "Node Type": "Hash",
                    "Parent Relationship": "Inner",
                    "Parallel Aware": true,
                    "Startup Cost": 102577.36,
                    "Total Cost": 102577.36,
                    "Plan Rows": 124438,
                    "Plan Width": 8,
                    "Actual Startup Time": 565.735,
                    "Actual Total Time": 566.06,
                    "Actual Rows": 245190,
                    "Actual Loops": 2,
                    "Hash Buckets": 524288,
                    "Original Hash Buckets": 262144,
                    "Hash Batches": 1,
                    "Original Hash Batches": 1,
                    "Peak Memory Usage": 25344,
                    "Plans": [
                      {
                        "Node Type": "Hash Join",
                        "Parent Relationship": "Outer",
                        "Parallel Aware": true,
                        "Join Type": "Inner",
                        "Startup Cost": 73323.64,
                        "Total Cost": 102577.36,
                        "Plan Rows": 124438,
                        "Plan Width": 8,
                        "Actual Startup Time": 332.336,
                        "Actual Total Time": 503.362,
                        "Actual Rows": 245190,
                        "Actual Loops": 2,
                        "Inner Unique": true,
                        "Hash Cond": "(mk.movie_id = t.id)",
                        "Plans": [
                          {
                            "Node Type": "Bitmap Heap Scan",
                            "Parent Relationship": "Outer",
                            "Parallel Aware": true,
                            "Relation Name": "movie_keyword",
                            "Alias": "mk",
                            "Startup Cost": 11445.34,
                            "Total Cost": 39866.05,
                            "Plan Rows": 317336,
                            "Plan Width": 4,
                            "Actual Startup Time": 31.041,
                            "Actual Total Time": 109.783,
                            "Actual Rows": 277863,
                            "Actual Loops": 2,
                            "Recheck Cond": "(keyword_id < 398)",
                            "Rows Removed by Index Recheck": 0,
                            "Exact Heap Blocks": 13327,
                            "Lossy Heap Blocks": 0,
                            "Plans": [
                              {
                                "Node Type": "Bitmap Index Scan",
                                "Parent Relationship": "Outer",
                                "Parallel Aware": false,
                                "Index Name": "keyword_id_movie_keyword",
                                "Startup Cost": 0.0,
                                "Total Cost": 11310.47,
                                "Plan Rows": 539472,
                                "Plan Width": 0,
                                "Actual Startup Time": 27.375,
                                "Actual Total Time": 27.376,
                                "Actual Rows": 555726,
                                "Actual Loops": 1,
                                "Index Cond": "(keyword_id < 398)"
                              }
                            ]
                          },
                          {
                            "Node Type": "Hash",
                            "Parent Relationship": "Inner",
                            "Parallel Aware": true,
                            "Startup Cost": 54588.39,
                            "Total Cost": 54588.39,
                            "Plan Rows": 583193,
                            "Plan Width": 4,
                            "Actual Startup Time": 293.767,
                            "Actual Total Time": 293.769,
                            "Actual Rows": 492524,
                            "Actual Loops": 2,
                            "Hash Buckets": 1048576,
                            "Original Hash Buckets": 1048576,
                            "Hash Batches": 1,
                            "Original Hash Batches": 1,
                            "Peak Memory Usage": 46784,
                            "Plans": [
                              {
                                "Node Type": "Seq Scan",
                                "Parent Relationship": "Outer",
                                "Parallel Aware": true,
                                "Relation Name": "title",
                                "Alias": "t",
                                "Startup Cost": 0.0,
                                "Total Cost": 54588.39,
                                "Plan Rows": 583193,
                                "Plan Width": 4,
                                "Actual Startup Time": 0.034,
                                "Actual Total Time": 152.36,
                                "Actual Rows": 492524,
                                "Actual Loops": 2,
                                "Filter": "(kind_id < 7)",
                                "Rows Removed by Filter": 771632
                              }
                            ]
                          }
                        ]
                      }
                    ]
                  }
                ]
              }
            ]
          }
        ]
      }
    ]
  },
  "Planning Time": 1.107,
  "Triggers": [],
  "Execution Time": 4167.888
}