[
  {
    "Plan": {
      "Node Type": "Aggregate",
      "Strategy": "Plain",
      "Partial Mode": "Finalize",
      "Parallel Aware": false,
      "Startup Cost": 111473.14,
      "Total Cost": 111473.15,
      "Plan Rows": 1,
      "Plan Width": 8,
      "Actual Startup Time": 627.862,
      "Actual Total Time": 651.161,
      "Actual Rows": 1,
      "Actual Loops": 1,
      "Plans": [
        {
          "Node Type": "Gather",
          "Parent Relationship": "Outer",
          "Parallel Aware": false,
          "Startup Cost": 111472.82,
          "Total Cost": 111473.13,
          "Plan Rows": 3,
          "Plan Width": 8,
          "Actual Startup Time": 624.376,
          "Actual Total Time": 651.153,
          "Actual Rows": 4,
          "Actual Loops": 1,
          "Workers Planned": 3,
          "Workers Launched": 3,
          "Single Copy": false,
          "Plans": [
            {
              "Node Type": "Aggregate",
              "Strategy": "Plain",
              "Partial Mode": "Partial",
              "Parent Relationship": "Outer",
              "Parallel Aware": false,
              "Startup Cost": 110472.82,
              "Total Cost": 110472.83,
              "Plan Rows": 1,
              "Plan Width": 8,
              "Actual Startup Time": 618.082,
              "Actual Total Time": 618.089,
              "Actual Rows": 1,
              "Actual Loops": 4,
              "Plans": [
                {
                  "Node Type": "Hash Join",
                  "Parent Relationship": "Outer",
                  "Parallel Aware": true,
                  "Join Type": "Inner",
                  "Startup Cost": 63174.04,
                  "Total Cost": 110345.29,
                  "Plan Rows": 51012,
                  "Plan Width": 0,
                  "Actual Startup Time": 329.233,
                  "Actual Total Time": 578.977,
                  "Actual Rows": 694126,
                  "Actual Loops": 4,
                  "Inner Unique": false,
                  "Hash Cond": "(mk.movie_id = t.id)",
                  "Plans": [
                    {
                      "Node Type": "Seq Scan",
                      "Parent Relationship": "Outer",
                      "Parallel Aware": true,
                      "Relation Name": "movie_keyword",
                      "Alias": "mk",
                      "Startup Cost": 0.0,
                      "Total Cost": 42695.65,
                      "Plan Rows": 1136814,
                      "Plan Width": 4,
                      "Actual Startup Time": 0.168,
                      "Actual Total Time": 141.876,
                      "Actual Rows": 879689,
                      "Actual Loops": 4,
                      "Filter": "(keyword_id > 959)",
                      "Rows Removed by Filter": 251294
                    },
                    {
                      "Node Type": "Hash",
                      "Parent Relationship": "Inner",
                      "Parallel Aware": true,
                      "Startup Cost": 62583.11,
                      "Total Cost": 62583.11,
                      "Plan Rows": 47274,
                      "Plan Width": 8,
                      "Actual Startup Time": 286.177,
                      "Actual Total Time": 286.183,
                      "Actual Rows": 66433,
                      "Actual Loops": 4,
                      "Hash Buckets": 524288,
                      "Original Hash Buckets": 131072,
                      "Hash Batches": 1,
                      "Original Hash Batches": 1,
                      "Peak Memory Usage": 17664,
                      "Plans": [
                        {
                          "Node Type": "Hash Join",
                          "Parent Relationship": "Outer",
                          "Parallel Aware": true,
                          "Join Type": "Inner",
                          "Startup Cost": 46449.12,
                          "Total Cost": 62583.11,
                          "Plan Rows": 47274,
                          "Plan Width": 8,
                          "Actual Startup Time": 188.375,
                          "Actual Total Time": 252.882,
                          "Actual Rows": 66433,
                          "Actual Loops": 4,
                          "Inner Unique": true,
                          "Hash Cond": "(mi_idx.movie_id = t.id)",
                          "Plans": [
                            {
                              "Node Type": "Seq Scan",
                              "Parent Relationship": "Outer",
                              "Parallel Aware": true,
                              "Relation Name": "movie_info_idx",
                              "Alias": "mi_idx",
                              "Startup Cost": 0.0,
                              "Total Cost": 15122.68,
                              "Plan Rows": 385260,
                              "Plan Width": 4,
                              "Actual Startup Time": 0.015,
                              "Actual Total Time": 48.917,
                              "Actual Rows": 230028,
                              "Actual Loops": 4,
                              "Filter": "(info_type_id > 99)",
                              "Rows Removed by Filter": 114981
                            },
                            {
                              "Node Type": "Hash",
                              "Parent Relationship": "Inner",
                              "Parallel Aware": true,
                              "Startup Cost": 45479.59,
                              "Total Cost": 45479.59,
                              "Plan Rows": 77563,
                              "Plan Width": 4,
                              "Actual Startup Time": 151.778,
                              "Actual Total Time": 151.78,
                              "Actual Rows": 100185,
                              "Actual Loops": 4,
                              "Hash Buckets": 524288,
                              "Original Hash Buckets": 524288,
                              "Hash Batches": 1,
                              "Original Hash Batches": 1,
                              "Peak Memory Usage": 19840,
                              "Plans": [
                                {
                                  "Node Type": "Seq Scan",
                                  "Parent Relationship": "Outer",
                                  "Parallel Aware": true,
                                  "Relation Name": "title",
                                  "Alias": "t",
                                  "Startup Cost": 0.0,
                                  "Total Cost": 45479.59,
                                  "Plan Rows": 77563,
                                  "Plan Width": 4,
                                  "Actual Startup Time": 60.278,
                                  "Actual Total Time": 113.284,
                                  "Actual Rows": 100185,
                                  "Actual Loops": 4,
                                  "Filter": "((kind_id < 2) AND (production_year < 2003))",
                                  "Rows Removed by Filter": 531893
                                }
                              ]
                            }
                          ]
                        }
                      ]
                    }
                  ]
                }
              ]
            }
          ]
        }
      ]
    },
    "Planning Time": 0.634,
    "Triggers": [],
    "Execution Time": 651.215
  }
]