{
  "Plan": {
    "Node Type": "Aggregate",
    "Strategy": "Plain",
    "Partial Mode": "Finalize",
    "Parallel Aware": false,
    "Startup Cost": 672700.17,
    "Total Cost": 672700.18,
    "Plan Rows": 1,
    "Plan Width": 8,
    "Actual Startup Time": 5275.002,
    "Actual Total Time": 5348.511,
    "Actual Rows": 1,
    "Actual Loops": 1,
    "Plans": [
      {
        "Node Type": "Gather",
        "Parent Relationship": "Outer",
        "Parallel Aware": false,
        "Startup Cost": 672700.06,
        "Total Cost": 672700.17,
        "Plan Rows": 1,
        "Plan Width": 8,
        "Actual Startup Time": 5268.419,
        "Actual Total Time": 5348.501,
        "Actual Rows": 2,
        "Actual Loops": 1,
        "Workers Planned": 1,
        "Workers Launched": 1,
        "Single Copy": false,
        "Plans": [
          {
            "Node Type": "Aggregate",
            "Strategy": "Plain",
            "Partial Mode": "Partial",
            "Parent Relationship": "Outer",
            "Parallel Aware": false,
            "Startup Cost": 671700.06,
            "Total Cost": 671700.07,
            "Plan Rows": 1,
            "Plan Width": 8,
            "Actual Startup Time": 5256.993,
            "Actual Total Time": 5257.314,
            "Actual Rows": 1,
            "Actual Loops": 2,
            "Plans": [
              {
                "Node Type": "Hash Join",
                "Parent Relationship": "Outer",
                "Parallel Aware": true,
                "Join Type": "Inner",
                "Startup Cost": 105031.31,
                "Total Cost": 665448.51,
                "Plan Rows": 2500620,
                "Plan Width": 0,
                "Actual Startup Time": 697.591,
                "Actual Total Time": 4988.467,
                "Actual Rows": 6425752,
                "Actual Loops": 2,
                "Inner Unique": false,
                "Hash Cond": "(ci.movie_id = t.id)",
                "Plans": [
                  {
                    "Node Type": "Seq Scan",
                    "Parent Relationship": "Outer",
                    "Parallel Aware": true,
                    "Relation Name": "cast_info",
                    "Alias": "ci",
                    "Startup Cost": 0.0,
                    "Total Cost": 465792.95,
                    "Plan Rows": 21310595,
                    "Plan Width": 4,
                    "Actual Startup Time": 0.016,
                    "Actual Total Time": 1341.234,
                    "Actual Rows": 18122172,
                    "Actual Loops": 2
                  },
                  {
                    "Node Type": "Hash",
                    "Parent Relationship": "Inner",
                    "Parallel Aware": true,
                    "Startup Cost": 102849.88,
                    "Total Cost": 102849.88,
                    "Plan Rows": 174514,
                    "Plan Width": 8,
                    "Actual Startup Time": 693.747,
                    "Actual Total Time": 694.066,
                    "Actual Rows": 155743,
                    "Actual Loops": 2,
                    "Hash Buckets": 524288,
                    "Original Hash Buckets": 524288,
                    "Hash Batches": 1,
                    "Original Hash Batches": 1,
                    "Peak Memory Usage": 16288,
                    "Plans": [
                      {
                        "Node Type": "Hash Join",
                        "Parent Relationship": "Outer",
                        "Parallel Aware": true,
                        "Join Type": "Inner",
                        "Startup Cost": 75756.36,
                        "Total Cost": 102849.88,
                        "Plan Rows": 174514,
                        "Plan Width": 8,
                        "Actual Startup Time": 543.648,
                        "Actual Total Time": 658.983,
                        "Actual Rows": 155743,
                        "Actual Loops": 2,
                        "Inner Unique": true,
                        "Hash Cond": "(mk.movie_id = t.id)",
                        "Plans": [
                          {
                            "Node Type": "Bitmap Heap Scan",
                            "Parent Relationship": "Outer",
                            "Parallel Aware": true,
                            "Relation Name": "movie_keyword",
                            "Alias": "mk",
                            "Startup Cost": 6295.66,
                            "Total Cost": 32931.08,
                            "Plan Rows": 174514,
                            "Plan Width": 4,
                            "Actual Startup Time": 18.738,
                            "Actual Total Time": 73.659,
                            "Actual Rows": 155743,
                            "Actual Loops": 2,
                            "Recheck Cond": "(keyword_id < 249)",
                            "Rows Removed by Index Recheck": 0,
                            "Exact Heap Blocks": 13350,
                            "Lossy Heap Blocks": 0,
                            "Plans": [
                              {
                                "Node Type": "Bitmap Index Scan",
                                "Parent Relationship": "Outer",
                                "Parallel Aware": false,
                                "Index Name": "keyword_id_movie_keyword",
                                "Startup Cost": 0.0,
                                "Total Cost": 6221.49,
                                "Plan Rows": 296674,
                                "Plan Width": 0,
                                "Actual Startup Time": 15.214,
                                "Actual Total Time": 15.214,
                                "Actual Rows": 311486,
                                "Actual Loops": 1,
                                "Index Cond": "(keyword_id < 249)"
                              }
                            ]
                          },
                          {
                            "Node Type": "Hash",
                            "Parent Relationship": "Inner",
                            "Parallel Aware": true,
                            "Startup Cost": 50870.31,
                            "Total Cost": 50870.31,
                            "Plan Rows": 1487231,
                            "Plan Width": 4,
                            "Actual Startup Time": 510.025,
                            "Actual Total Time": 510.026,
                            "Actual Rows": 1264156,
                            "Actual Loops": 2,
                            "Hash Buckets": 4194304,
                            "Original Hash Buckets": 4194304,
                            "Hash Batches": 1,
                            "Original Hash Batches": 1,
                            "Peak Memory Usage": 131712,
                            "Plans": [
                              {
                                "Node Type": "Seq Scan",
                                "Parent Relationship": "Outer",
                                "Parallel Aware": true,
                                "Relation Name": "title",
                                "Alias": "t",
                                "Startup Cost": 0.0,
                                "Total Cost": 50870.31,
                                "Plan Rows": 1487231,
                                "Plan Width": 4,
                                "Actual Startup Time": 0.027,
                                "Actual Total Time": 152.45,
                                "Actual Rows": 1264156,
                                "Actual Loops": 2
                              }
                            ]
                          }
                        ]
                      }
                    ]
                  }
                ]
              }
            ]
          }
        ]
      }
    ]
  },
  "Planning Time": 0.65,
  "Triggers": [],
  "Execution Time": 5348.599
}