[
  {
    "Plan": {
      "Node Type": "Aggregate",
      "Strategy": "Plain",
      "Partial Mode": "Finalize",
      "Parallel Aware": false,
      "Startup Cost": 125402.09,
      "Total Cost": 125402.1,
      "Plan Rows": 1,
      "Plan Width": 8,
      "Actual Startup Time": 491.424,
      "Actual Total Time": 513.699,
      "Actual Rows": 1,
      "Actual Loops": 1,
      "Plans": [
        {
          "Node Type": "Gather",
          "Parent Relationship": "Outer",
          "Parallel Aware": false,
          "Startup Cost": 125401.77,
          "Total Cost": 125402.08,
          "Plan Rows": 3,
          "Plan Width": 8,
          "Actual Startup Time": 489.574,
          "Actual Total Time": 513.688,
          "Actual Rows": 4,
          "Actual Loops": 1,
          "Workers Planned": 3,
          "Workers Launched": 3,
          "Single Copy": false,
          "Plans": [
            {
              "Node Type": "Aggregate",
              "Strategy": "Plain",
              "Partial Mode": "Partial",
              "Parent Relationship": "Outer",
              "Parallel Aware": false,
              "Startup Cost": 124401.77,
              "Total Cost": 124401.78,
              "Plan Rows": 1,
              "Plan Width": 8,
              "Actual Startup Time": 479.013,
              "Actual Total Time": 479.082,
              "Actual Rows": 1,
              "Actual Loops": 4,
              "Plans": [
                {
                  "Node Type": "Hash Join",
                  "Parent Relationship": "Outer",
                  "Parallel Aware": true,
                  "Join Type": "Inner",
                  "Startup Cost": 79320.13,
                  "Total Cost": 124120.86,
                  "Plan Rows": 112364,
                  "Plan Width": 0,
                  "Actual Startup Time": 261.672,
                  "Actual Total Time": 465.907,
                  "Actual Rows": 317068,
                  "Actual Loops": 4,
                  "Inner Unique": false,
                  "Hash Cond": "(mk.movie_id = t.id)",
                  "Plans": [
                    {
                      "Node Type": "Seq Scan",
                      "Parent Relationship": "Outer",
                      "Parallel Aware": true,
                      "Relation Name": "movie_keyword",
                      "Alias": "mk",
                      "Startup Cost": 0.0,
                      "Total Cost": 39047.32,
                      "Plan Rows": 1459332,
                      "Plan Width": 4,
                      "Actual Startup Time": 0.029,
                      "Actual Total Time": 89.424,
                      "Actual Rows": 1130982,
                      "Actual Loops": 4
                    },
                    {
                      "Node Type": "Hash",
                      "Parent Relationship": "Inner",
                      "Parallel Aware": true,
                      "Startup Cost": 78711.78,
                      "Total Cost": 78711.78,
                      "Plan Rows": 48668,
                      "Plan Width": 8,
                      "Actual Startup Time": 259.089,
                      "Actual Total Time": 259.156,
                      "Actual Rows": 35889,
                      "Actual Loops": 4,
                      "Hash Buckets": 262144,
                      "Original Hash Buckets": 262144,
                      "Hash Batches": 1,
                      "Original Hash Batches": 1,
                      "Peak Memory Usage": 7744,
                      "Plans": [
                        {
                          "Node Type": "Hash Join",
                          "Parent Relationship": "Outer",
                          "Parallel Aware": true,
                          "Join Type": "Inner",
                          "Startup Cost": 33416.59,
                          "Total Cost": 78711.78,
                          "Plan Rows": 48668,
                          "Plan Width": 8,
                          "Actual Startup Time": 105.061,
                          "Actual Total Time": 246.242,
                          "Actual Rows": 35889,
                          "Actual Loops": 4,
                          "Inner Unique": false,
                          "Hash Cond": "(t.id = mc.movie_id)",
                          "Plans": [
                            {
                              "Node Type": "Seq Scan",
                              "Parent Relationship": "Outer",
                              "Parallel Aware": true,
                              "Relation Name": "title",
                              "Alias": "t",
                              "Startup Cost": 0.0,
                              "Total Cost": 43898.92,
                              "Plan Rows": 247857,
                              "Plan Width": 4,
                              "Actual Startup Time": 0.017,
                              "Actual Total Time": 83.649,
                              "Actual Rows": 246262,
                              "Actual Loops": 4,
                              "Filter": "(kind_id < 7)",
                              "Rows Removed by Filter": 385816
                            },
                            {
                              "Node Type": "Hash",
                              "Parent Relationship": "Inner",
                              "Parallel Aware": true,
                              "Startup Cost": 31414.82,
                              "Total Cost": 31414.82,
                              "Plan Rows": 160142,
                              "Plan Width": 4,
                              "Actual Startup Time": 102.939,
                              "Actual Total Time": 102.94,
                              "Actual Rows": 72859,
                              "Actual Loops": 4,
                              "Hash Buckets": 524288,
                              "Original Hash Buckets": 524288,
                              "Hash Batches": 1,
                              "Original Hash Batches": 1,
                              "Peak Memory Usage": 15552,
                              "Plans": [
                                {
                                  "Node Type": "Seq Scan",
                                  "Parent Relationship": "Outer",
                                  "Parallel Aware": true,
                                  "Relation Name": "movie_companies",
                                  "Alias": "mc",
                                  "Startup Cost": 0.0,
                                  "Total Cost": 31414.82,
                                  "Plan Rows": 160142,
                                  "Plan Width": 4,
                                  "Actual Startup Time": 48.756,
                                  "Actual Total Time": 79.593,
                                  "Actual Rows": 72859,
                                  "Actual Loops": 4,
                                  "Filter": "((company_id < 4317) AND (company_type_id = 2))",
                                  "Rows Removed by Filter": 579423
                                }
                              ]
                            }
                          ]
                        }
                      ]
                    }
                  ]
                }
              ]
            }
          ]
        }
      ]
    },
    "Planning Time": 1.48,
    "Triggers": [],
    "Execution Time": 513.804
  }
]