[
  {
    "Plan": {
      "Node Type": "Aggregate",
      "Strategy": "Plain",
      "Partial Mode": "Finalize",
      "Parallel Aware": false,
      "Startup Cost": 66340.21,
      "Total Cost": 66340.22,
      "Plan Rows": 1,
      "Plan Width": 8,
      "Actual Startup Time": 111.6,
      "Actual Total Time": 126.675,
      "Actual Rows": 1,
      "Actual Loops": 1,
      "Plans": [
        {
          "Node Type": "Gather",
          "Parent Relationship": "Outer",
          "Parallel Aware": false,
          "Startup Cost": 66339.79,
          "Total Cost": 66340.2,
          "Plan Rows": 4,
          "Plan Width": 8,
          "Actual Startup Time": 111.485,
          "Actual Total Time": 126.668,
          "Actual Rows": 5,
          "Actual Loops": 1,
          "Workers Planned": 4,
          "Workers Launched": 4,
          "Single Copy": false,
          "Plans": [
            {
              "Node Type": "Aggregate",
              "Strategy": "Plain",
              "Partial Mode": "Partial",
              "Parent Relationship": "Outer",
              "Parallel Aware": false,
              "Startup Cost": 65339.79,
              "Total Cost": 65339.8,
              "Plan Rows": 1,
              "Plan Width": 8,
              "Actual Startup Time": 105.007,
              "Actual Total Time": 105.008,
              "Actual Rows": 1,
              "Actual Loops": 5,
              "Plans": [
                {
                  "Node Type": "Nested Loop",
                  "Parent Relationship": "Outer",
                  "Parallel Aware": false,
                  "Join Type": "Inner",
                  "Startup Cost": 0.43,
                  "Total Cost": 65329.07,
                  "Plan Rows": 4288,
                  "Plan Width": 0,
                  "Actual Startup Time": 54.132,
                  "Actual Total Time": 104.872,
                  "Actual Rows": 1673,
                  "Actual Loops": 5,
                  "Inner Unique": false,
                  "Plans": [
                    {
                      "Node Type": "Seq Scan",
                      "Parent Relationship": "Outer",
                      "Parallel Aware": true,
                      "Relation Name": "title",
                      "Alias": "t",
                      "Startup Cost": 0.0,
                      "Total Cost": 45479.1,
                      "Plan Rows": 2396,
                      "Plan Width": 4,
                      "Actual Startup Time": 53.921,
                      "Actual Total Time": 78.545,
                      "Actual Rows": 5821,
                      "Actual Loops": 5,
                      "Filter": "((kind_id < 7) AND (production_year < 1911))",
                      "Rows Removed by Filter": 499842
                    },
                    {
                      "Node Type": "Index Only Scan",
                      "Parent Relationship": "Inner",
                      "Parallel Aware": false,
                      "Scan Direction": "Forward",
                      "Index Name": "movie_id_movie_keyword",
                      "Relation Name": "movie_keyword",
                      "Alias": "mk",
                      "Startup Cost": 0.43,
                      "Total Cost": 7.83,
                      "Plan Rows": 45,
                      "Plan Width": 4,
                      "Actual Startup Time": 0.004,
                      "Actual Total Time": 0.004,
                      "Actual Rows": 0,
                      "Actual Loops": 29104,
                      "Index Cond": "(movie_id = t.id)",
                      "Rows Removed by Index Recheck": 0,
                      "Heap Fetches": 8367
                    }
                  ]
                }
              ]
            }
          ]
        }
      ]
    },
    "Planning Time": 0.405,
    "Triggers": [],
    "Execution Time": 126.724
  }
]