[
    {
        "Bao": {
            "Bao prediction": 441.939,
            "Bao recommended hint": "(no hint)"
        }
    },
    {
        "Plan": {
            "Node Type": "Aggregate",
            "Strategy": "Plain",
            "Partial Mode": "Finalize",
            "Parallel Aware": false,
            "Startup Cost": 32827.51,
            "Total Cost": 32827.52,
            "Plan Rows": 1,
            "Plan Width": 8,
            "Actual Startup Time": 102.927,
            "Actual Total Time": 107.49,
            "Actual Rows": 1,
            "Actual Loops": 1,
            "Output": [
                "count(*)"
            ],
            "Plans": [
                {
                    "Node Type": "Gather",
                    "Parent Relationship": "Outer",
                    "Parallel Aware": false,
                    "Startup Cost": 32827.2,
                    "Total Cost": 32827.51,
                    "Plan Rows": 3,
                    "Plan Width": 8,
                    "Actual Startup Time": 102.82,
                    "Actual Total Time": 107.482,
                    "Actual Rows": 4,
                    "Actual Loops": 1,
                    "Output": [
                        "(PARTIAL count(*))"
                    ],
                    "Workers Planned": 3,
                    "Workers Launched": 3,
                    "Single Copy": false,
                    "Plans": [
                        {
                            "Node Type": "Aggregate",
                            "Strategy": "Plain",
                            "Partial Mode": "Partial",
                            "Parent Relationship": "Outer",
                            "Parallel Aware": false,
                            "Startup Cost": 31827.2,
                            "Total Cost": 31827.21,
                            "Plan Rows": 1,
                            "Plan Width": 8,
                            "Actual Startup Time": 95.123,
                            "Actual Total Time": 95.124,
                            "Actual Rows": 1,
                            "Actual Loops": 4,
                            "Output": [
                                "PARTIAL count(*)"
                            ],
                            "Workers": [
                                {
                                    "Worker Number": 0,
                                    "Actual Startup Time": 92.691,
                                    "Actual Total Time": 92.692,
                                    "Actual Rows": 1,
                                    "Actual Loops": 1
                                },
                                {
                                    "Worker Number": 1,
                                    "Actual Startup Time": 92.656,
                                    "Actual Total Time": 92.657,
                                    "Actual Rows": 1,
                                    "Actual Loops": 1
                                },
                                {
                                    "Worker Number": 2,
                                    "Actual Startup Time": 92.951,
                                    "Actual Total Time": 92.952,
                                    "Actual Rows": 1,
                                    "Actual Loops": 1
                                }
                            ],
                            "Plans": [
                                {
                                    "Node Type": "Seq Scan",
                                    "Parent Relationship": "Outer",
                                    "Parallel Aware": true,
                                    "Relation Name": "movie_companies",
                                    "Schema": "public",
                                    "Alias": "mc",
                                    "Startup Cost": 0.0,
                                    "Total Cost": 31414.82,
                                    "Plan Rows": 164951,
                                    "Plan Width": 0,
                                    "Actual Startup Time": 47.118,
                                    "Actual Total Time": 84.91,
                                    "Actual Rows": 204932,
                                    "Actual Loops": 4,
                                    "Output": [
                                        "id",
                                        "movie_id",
                                        "company_id",
                                        "company_type_id",
                                        "note"
                                    ],
                                    "Filter": "((mc.company_id > 16536) AND (mc.company_type_id > 1))",
                                    "Rows Removed by Filter": 447350,
                                    "Workers": [
                                        {
                                            "Worker Number": 0,
                                            "Actual Startup Time": 44.682,
                                            "Actual Total Time": 82.59,
                                            "Actual Rows": 153297,
                                            "Actual Loops": 1
                                        },
                                        {
                                            "Worker Number": 1,
                                            "Actual Startup Time": 44.648,
                                            "Actual Total Time": 82.596,
                                            "Actual Rows": 237108,
                                            "Actual Loops": 1
                                        },
                                        {
                                            "Worker Number": 2,
                                            "Actual Startup Time": 44.944,
                                            "Actual Total Time": 82.81,
                                            "Actual Rows": 153889,
                                            "Actual Loops": 1
                                        }
                                    ]
                                }
                            ]
                        }
                    ]
                }
            ]
        },
        "Planning Time": 440.352,
        "Triggers": [],
        "Execution Time": 107.587
    }
]