[
  {
    "Plan": {
      "Node Type": "Aggregate",
      "Strategy": "Plain",
      "Partial Mode": "Finalize",
      "Parallel Aware": false,
      "Startup Cost": 44429.02,
      "Total Cost": 44429.03,
      "Plan Rows": 1,
      "Plan Width": 8,
      "Actual Startup Time": 127.458,
      "Actual Total Time": 137.258,
      "Actual Rows": 1,
      "Actual Loops": 1,
      "Plans": [
        {
          "Node Type": "Gather",
          "Parent Relationship": "Outer",
          "Parallel Aware": false,
          "Startup Cost": 44428.7,
          "Total Cost": 44429.01,
          "Plan Rows": 3,
          "Plan Width": 8,
          "Actual Startup Time": 127.34,
          "Actual Total Time": 137.248,
          "Actual Rows": 4,
          "Actual Loops": 1,
          "Workers Planned": 3,
          "Workers Launched": 3,
          "Single Copy": false,
          "Plans": [
            {
              "Node Type": "Aggregate",
              "Strategy": "Plain",
              "Partial Mode": "Partial",
              "Parent Relationship": "Outer",
              "Parallel Aware": false,
              "Startup Cost": 43428.7,
              "Total Cost": 43428.71,
              "Plan Rows": 1,
              "Plan Width": 8,
              "Actual Startup Time": 120.538,
              "Actual Total Time": 120.54,
              "Actual Rows": 1,
              "Actual Loops": 4,
              "Plans": [
                {
                  "Node Type": "Seq Scan",
                  "Parent Relationship": "Outer",
                  "Parallel Aware": true,
                  "Relation Name": "movie_keyword",
                  "Alias": "mk",
                  "Startup Cost": 0.0,
                  "Total Cost": 42695.65,
                  "Plan Rows": 293219,
                  "Plan Width": 0,
                  "Actual Startup Time": 0.055,
                  "Actual Total Time": 108.296,
                  "Actual Rows": 229430,
                  "Actual Loops": 4,
                  "Filter": "(keyword_id < 869)",
                  "Rows Removed by Filter": 901553
                }
              ]
            }
          ]
        }
      ]
    },
    "Planning Time": 0.183,
    "Triggers": [],
    "Execution Time": 137.323
  }
]