[
    {
        "Bao": {
            "Bao prediction": "NaN",
            "Bao recommended hint": "(no hint)"
        }
    },
    {
        "Plan": {
            "Node Type": "Aggregate",
            "Strategy": "Plain",
            "Partial Mode": "Finalize",
            "Parallel Aware": false,
            "Startup Cost": 36841.01,
            "Total Cost": 36841.02,
            "Plan Rows": 1,
            "Plan Width": 8,
            "Actual Startup Time": 48.605,
            "Actual Total Time": 52.183,
            "Actual Rows": 1,
            "Actual Loops": 1,
            "Output": [
                "count(*)"
            ],
            "Plans": [
                {
                    "Node Type": "Gather",
                    "Parent Relationship": "Outer",
                    "Parallel Aware": false,
                    "Startup Cost": 36840.89,
                    "Total Cost": 36841.0,
                    "Plan Rows": 1,
                    "Plan Width": 8,
                    "Actual Startup Time": 46.603,
                    "Actual Total Time": 52.176,
                    "Actual Rows": 2,
                    "Actual Loops": 1,
                    "Output": [
                        "(PARTIAL count(*))"
                    ],
                    "Workers Planned": 1,
                    "Workers Launched": 1,
                    "Single Copy": false,
                    "Plans": [
                        {
                            "Node Type": "Aggregate",
                            "Strategy": "Plain",
                            "Partial Mode": "Partial",
                            "Parent Relationship": "Outer",
                            "Parallel Aware": false,
                            "Startup Cost": 35840.89,
                            "Total Cost": 35840.9,
                            "Plan Rows": 1,
                            "Plan Width": 8,
                            "Actual Startup Time": 41.306,
                            "Actual Total Time": 41.31,
                            "Actual Rows": 1,
                            "Actual Loops": 2,
                            "Output": [
                                "PARTIAL count(*)"
                            ],
                            "Workers": [
                                {
                                    "Worker Number": 0,
                                    "Actual Startup Time": 36.432,
                                    "Actual Total Time": 36.437,
                                    "Actual Rows": 1,
                                    "Actual Loops": 1
                                }
                            ],
                            "Plans": [
                                {
                                    "Node Type": "Nested Loop",
                                    "Parent Relationship": "Outer",
                                    "Parallel Aware": false,
                                    "Join Type": "Inner",
                                    "Startup Cost": 18476.09,
                                    "Total Cost": 35840.76,
                                    "Plan Rows": 52,
                                    "Plan Width": 0,
                                    "Actual Startup Time": 39.397,
                                    "Actual Total Time": 41.301,
                                    "Actual Rows": 26,
                                    "Actual Loops": 2,
                                    "Inner Unique": false,
                                    "Workers": [
                                        {
                                            "Worker Number": 0,
                                            "Actual Startup Time": 36.425,
                                            "Actual Total Time": 36.43,
                                            "Actual Rows": 0,
                                            "Actual Loops": 1
                                        }
                                    ],
                                    "Plans": [
                                        {
                                            "Node Type": "Nested Loop",
                                            "Parent Relationship": "Outer",
                                            "Parallel Aware": false,
                                            "Join Type": "Inner",
                                            "Startup Cost": 18475.65,
                                            "Total Cost": 35705.98,
                                            "Plan Rows": 29,
                                            "Plan Width": 8,
                                            "Actual Startup Time": 39.388,
                                            "Actual Total Time": 41.247,
                                            "Actual Rows": 6,
                                            "Actual Loops": 2,
                                            "Output": [
                                                "t.id",
                                                "ci.movie_id"
                                            ],
                                            "Inner Unique": true,
                                            "Workers": [
                                                {
                                                    "Worker Number": 0,
                                                    "Actual Startup Time": 36.424,
                                                    "Actual Total Time": 36.428,
                                                    "Actual Rows": 0,
                                                    "Actual Loops": 1
                                                }
                                            ],
                                            "Plans": [
                                                {
                                                    "Node Type": "Bitmap Heap Scan",
                                                    "Parent Relationship": "Outer",
                                                    "Parallel Aware": true,
                                                    "Relation Name": "cast_info",
                                                    "Schema": "public",
                                                    "Alias": "ci",
                                                    "Startup Cost": 18475.22,
                                                    "Total Cost": 26121.43,
                                                    "Plan Rows": 1208,
                                                    "Plan Width": 4,
                                                    "Actual Startup Time": 36.263,
                                                    "Actual Total Time": 36.355,
                                                    "Actual Rows": 567,
                                                    "Actual Loops": 2,
                                                    "Output": [
                                                        "ci.id",
                                                        "ci.person_id",
                                                        "ci.movie_id",
                                                        "ci.person_role_id",
                                                        "ci.note",
                                                        "ci.nr_order",
                                                        "ci.role_id"
                                                    ],
                                                    "Recheck Cond": "((ci.person_id < 9279) AND (ci.role_id = 5))",
                                                    "Rows Removed by Index Recheck": 0,
                                                    "Exact Heap Blocks": 26,
                                                    "Lossy Heap Blocks": 0,
                                                    "Workers": [
                                                        {
                                                            "Worker Number": 0,
                                                            "Actual Startup Time": 30.702,
                                                            "Actual Total Time": 30.746,
                                                            "Actual Rows": 74,
                                                            "Actual Loops": 1
                                                        }
                                                    ],
                                                    "Plans": [
                                                        {
                                                            "Node Type": "BitmapAnd",
                                                            "Parent Relationship": "Outer",
                                                            "Parallel Aware": false,
                                                            "Startup Cost": 18475.22,
                                                            "Total Cost": 18475.22,
                                                            "Plan Rows": 2053,
                                                            "Plan Width": 0,
                                                            "Actual Startup Time": 41.776,
                                                            "Actual Total Time": 41.777,
                                                            "Actual Rows": 0,
                                                            "Actual Loops": 1,
                                                            "Plans": [
                                                                {
                                                                    "Node Type": "Bitmap Index Scan",
                                                                    "Parent Relationship": "Member",
                                                                    "Parallel Aware": false,
                                                                    "Index Name": "person_id_cast_info",
                                                                    "Startup Cost": 0.0,
                                                                    "Total Cost": 1730.22,
                                                                    "Plan Rows": 79154,
                                                                    "Plan Width": 0,
                                                                    "Actual Startup Time": 6.075,
                                                                    "Actual Total Time": 6.076,
                                                                    "Actual Rows": 80128,
                                                                    "Actual Loops": 1,
                                                                    "Index Cond": "(ci.person_id < 9279)"
                                                                },
                                                                {
                                                                    "Node Type": "Bitmap Index Scan",
                                                                    "Parent Relationship": "Member",
                                                                    "Parallel Aware": false,
                                                                    "Index Name": "role_id_cast_info",
                                                                    "Startup Cost": 0.0,
                                                                    "Total Cost": 16743.73,
                                                                    "Plan Rows": 940155,
                                                                    "Plan Width": 0,
                                                                    "Actual Startup Time": 35.648,
                                                                    "Actual Total Time": 35.648,
                                                                    "Actual Rows": 898389,
                                                                    "Actual Loops": 1,
                                                                    "Index Cond": "(ci.role_id = 5)"
                                                                }
                                                            ]
                                                        }
                                                    ]
                                                },
                                                {
                                                    "Node Type": "Index Scan",
                                                    "Parent Relationship": "Inner",
                                                    "Parallel Aware": false,
                                                    "Scan Direction": "Forward",
                                                    "Index Name": "title_pkey",
                                                    "Relation Name": "title",
                                                    "Schema": "public",
                                                    "Alias": "t",
                                                    "Startup Cost": 0.43,
                                                    "Total Cost": 7.93,
                                                    "Plan Rows": 1,
                                                    "Plan Width": 4,
                                                    "Actual Startup Time": 0.008,
                                                    "Actual Total Time": 0.008,
                                                    "Actual Rows": 0,
                                                    "Actual Loops": 1134,
                                                    "Output": [
                                                        "t.id",
                                                        "t.title",
                                                        "t.imdb_index",
                                                        "t.kind_id",
                                                        "t.production_year",
                                                        "t.imdb_id",
                                                        "t.phonetic_code",
                                                        "t.episode_of_id",
                                                        "t.season_nr",
                                                        "t.episode_nr",
                                                        "t.series_years",
                                                        "t.md5sum"
                                                    ],
                                                    "Index Cond": "(t.id = ci.movie_id)",
                                                    "Rows Removed by Index Recheck": 0,
                                                    "Filter": "((t.kind_id > 1) AND (t.production_year = 2004))",
                                                    "Rows Removed by Filter": 1,
                                                    "Workers": [
                                                        {
                                                            "Worker Number": 0,
                                                            "Actual Startup Time": 0.075,
                                                            "Actual Total Time": 0.075,
                                                            "Actual Rows": 0,
                                                            "Actual Loops": 74
                                                        }
                                                    ]
                                                }
                                            ]
                                        },
                                        {
                                            "Node Type": "Index Only Scan",
                                            "Parent Relationship": "Inner",
                                            "Parallel Aware": false,
                                            "Scan Direction": "Forward",
                                            "Index Name": "movie_id_movie_keyword",
                                            "Relation Name": "movie_keyword",
                                            "Schema": "public",
                                            "Alias": "mk",
                                            "Startup Cost": 0.43,
                                            "Total Cost": 4.19,
                                            "Plan Rows": 46,
                                            "Plan Width": 4,
                                            "Actual Startup Time": 0.008,
                                            "Actual Total Time": 0.009,
                                            "Actual Rows": 5,
                                            "Actual Loops": 11,
                                            "Output": [
                                                "mk.movie_id"
                                            ],
                                            "Index Cond": "(mk.movie_id = t.id)",
                                            "Rows Removed by Index Recheck": 0,
                                            "Heap Fetches": 52
                                        }
                                    ]
                                }
                            ]
                        }
                    ]
                }
            ]
        },
        "Planning Time": 231.182,
        "Triggers": [],
        "Execution Time": 52.278
    }
]