{
    "Plan": {
        "Node Type": "Aggregate",
        "Strategy": "Plain",
        "Partial Mode": "Finalize",
        "Parallel Aware": false,
        "Startup Cost": 258865.42,
        "Total Cost": 258865.43,
        "Plan Rows": 1,
        "Plan Width": 8,
        "Actual Startup Time": 671.215,
        "Actual Total Time": 751.688,
        "Actual Rows": 1,
        "Actual Loops": 1,
        "Output": [
            "count(*)"
        ],
        "Plans": [
            {
                "Node Type": "Gather",
                "Parent Relationship": "Outer",
                "Parallel Aware": false,
                "Startup Cost": 258864.89,
                "Total Cost": 258865.4,
                "Plan Rows": 5,
                "Plan Width": 8,
                "Actual Startup Time": 670.096,
                "Actual Total Time": 751.674,
                "Actual Rows": 6,
                "Actual Loops": 1,
                "Output": [
                    "(PARTIAL count(*))"
                ],
                "Workers Planned": 5,
                "Workers Launched": 5,
                "Single Copy": false,
                "Plans": [
                    {
                        "Node Type": "Aggregate",
                        "Strategy": "Plain",
                        "Partial Mode": "Partial",
                        "Parent Relationship": "Outer",
                        "Parallel Aware": false,
                        "Startup Cost": 257864.89,
                        "Total Cost": 257864.9,
                        "Plan Rows": 1,
                        "Plan Width": 8,
                        "Actual Startup Time": 660.438,
                        "Actual Total Time": 660.442,
                        "Actual Rows": 1,
                        "Actual Loops": 6,
                        "Output": [
                            "PARTIAL count(*)"
                        ],
                        "Workers": [
                            {
                                "Worker Number": 0,
                                "Actual Startup Time": 656.575,
                                "Actual Total Time": 656.579,
                                "Actual Rows": 1,
                                "Actual Loops": 1
                            },
                            {
                                "Worker Number": 1,
                                "Actual Startup Time": 657.372,
                                "Actual Total Time": 657.376,
                                "Actual Rows": 1,
                                "Actual Loops": 1
                            },
                            {
                                "Worker Number": 2,
                                "Actual Startup Time": 657.524,
                                "Actual Total Time": 657.527,
                                "Actual Rows": 1,
                                "Actual Loops": 1
                            },
                            {
                                "Worker Number": 3,
                                "Actual Startup Time": 657.745,
                                "Actual Total Time": 657.749,
                                "Actual Rows": 1,
                                "Actual Loops": 1
                            },
                            {
                                "Worker Number": 4,
                                "Actual Startup Time": 664.243,
                                "Actual Total Time": 664.247,
                                "Actual Rows": 1,
                                "Actual Loops": 1
                            }
                        ],
                        "Plans": [
                            {
                                "Node Type": "Nested Loop",
                                "Parent Relationship": "Outer",
                                "Parallel Aware": false,
                                "Join Type": "Inner",
                                "Startup Cost": 44109.27,
                                "Total Cost": 257733.41,
                                "Plan Rows": 52594,
                                "Plan Width": 0,
                                "Actual Startup Time": 100.871,
                                "Actual Total Time": 651.987,
                                "Actual Rows": 118607,
                                "Actual Loops": 6,
                                "Inner Unique": false,
                                "Join Filter": "(t.id = ci.movie_id)",
                                "Rows Removed by Join Filter": 0,
                                "Workers": [
                                    {
                                        "Worker Number": 0,
                                        "Actual Startup Time": 97.191,
                                        "Actual Total Time": 648.169,
                                        "Actual Rows": 82702,
                                        "Actual Loops": 1
                                    },
                                    {
                                        "Worker Number": 1,
                                        "Actual Startup Time": 97.792,
                                        "Actual Total Time": 648.853,
                                        "Actual Rows": 79868,
                                        "Actual Loops": 1
                                    },
                                    {
                                        "Worker Number": 2,
                                        "Actual Startup Time": 97.842,
                                        "Actual Total Time": 649.867,
                                        "Actual Rows": 129440,
                                        "Actual Loops": 1
                                    },
                                    {
                                        "Worker Number": 3,
                                        "Actual Startup Time": 98.14,
                                        "Actual Total Time": 650.676,
                                        "Actual Rows": 113829,
                                        "Actual Loops": 1
                                    },
                                    {
                                        "Worker Number": 4,
                                        "Actual Startup Time": 104.617,
                                        "Actual Total Time": 657.108,
                                        "Actual Rows": 118511,
                                        "Actual Loops": 1
                                    }
                                ],
                                "Plans": [
                                    {
                                        "Node Type": "Hash Join",
                                        "Parent Relationship": "Outer",
                                        "Parallel Aware": true,
                                        "Join Type": "Inner",
                                        "Startup Cost": 44108.71,
                                        "Total Cost": 243352.23,
                                        "Plan Rows": 3668,
                                        "Plan Width": 8,
                                        "Actual Startup Time": 100.772,
                                        "Actual Total Time": 413.32,
                                        "Actual Rows": 3426,
                                        "Actual Loops": 6,
                                        "Output": [
                                            "t.id",
                                            "mi.movie_id"
                                        ],
                                        "Inner Unique": true,
                                        "Hash Cond": "(mi.movie_id = t.id)",
                                        "Workers": [
                                            {
                                                "Worker Number": 0,
                                                "Actual Startup Time": 97.054,
                                                "Actual Total Time": 404.934,
                                                "Actual Rows": 2379,
                                                "Actual Loops": 1
                                            },
                                            {
                                                "Worker Number": 1,
                                                "Actual Startup Time": 97.666,
                                                "Actual Total Time": 404.437,
                                                "Actual Rows": 2289,
                                                "Actual Loops": 1
                                            },
                                            {
                                                "Worker Number": 2,
                                                "Actual Startup Time": 97.734,
                                                "Actual Total Time": 404.308,
                                                "Actual Rows": 3651,
                                                "Actual Loops": 1
                                            },
                                            {
                                                "Worker Number": 3,
                                                "Actual Startup Time": 98.039,
                                                "Actual Total Time": 406.209,
                                                "Actual Rows": 3160,
                                                "Actual Loops": 1
                                            },
                                            {
                                                "Worker Number": 4,
                                                "Actual Startup Time": 104.535,
                                                "Actual Total Time": 413.456,
                                                "Actual Rows": 3530,
                                                "Actual Loops": 1
                                            }
                                        ],
                                        "Plans": [
                                            {
                                                "Node Type": "Seq Scan",
                                                "Parent Relationship": "Outer",
                                                "Parallel Aware": true,
                                                "Relation Name": "movie_info",
                                                "Schema": "public",
                                                "Alias": "mi",
                                                "Startup Cost": 0.0,
                                                "Total Cost": 198880.74,
                                                "Plan Rows": 138206,
                                                "Plan Width": 4,
                                                "Actual Startup Time": 17.465,
                                                "Actual Total Time": 311.934,
                                                "Actual Rows": 110154,
                                                "Actual Loops": 6,
                                                "Output": [
                                                    "mi.id",
                                                    "mi.movie_id",
                                                    "mi.info_type_id",
                                                    "mi.info",
                                                    "mi.note"
                                                ],
                                                "Filter": "(mi.info_type_id = 18)",
                                                "Rows Removed by Filter": 2362466,
                                                "Workers": [
                                                    {
                                                        "Worker Number": 0,
                                                        "Actual Startup Time": 17.528,
                                                        "Actual Total Time": 310.342,
                                                        "Actual Rows": 70969,
                                                        "Actual Loops": 1
                                                    },
                                                    {
                                                        "Worker Number": 1,
                                                        "Actual Startup Time": 17.403,
                                                        "Actual Total Time": 309.973,
                                                        "Actual Rows": 74085,
                                                        "Actual Loops": 1
                                                    },
                                                    {
                                                        "Worker Number": 2,
                                                        "Actual Startup Time": 17.445,
                                                        "Actual Total Time": 308.932,
                                                        "Actual Rows": 108504,
                                                        "Actual Loops": 1
                                                    },
                                                    {
                                                        "Worker Number": 3,
                                                        "Actual Startup Time": 17.463,
                                                        "Actual Total Time": 309.528,
                                                        "Actual Rows": 99859,
                                                        "Actual Loops": 1
                                                    },
                                                    {
                                                        "Worker Number": 4,
                                                        "Actual Startup Time": 17.387,
                                                        "Actual Total Time": 310.161,
                                                        "Actual Rows": 117638,
                                                        "Actual Loops": 1
                                                    }
                                                ]
                                            },
                                            {
                                                "Node Type": "Hash",
                                                "Parent Relationship": "Inner",
                                                "Parallel Aware": true,
                                                "Startup Cost": 43899.01,
                                                "Total Cost": 43899.01,
                                                "Plan Rows": 16776,
                                                "Plan Width": 4,
                                                "Actual Startup Time": 81.625,
                                                "Actual Total Time": 81.626,
                                                "Actual Rows": 11224,
                                                "Actual Loops": 6,
                                                "Output": [
                                                    "t.id"
                                                ],
                                                "Hash Buckets": 131072,
                                                "Original Hash Buckets": 131072,
                                                "Hash Batches": 1,
                                                "Original Hash Batches": 1,
                                                "Peak Memory Usage": 3744,
                                                "Workers": [
                                                    {
                                                        "Worker Number": 0,
                                                        "Actual Startup Time": 78.762,
                                                        "Actual Total Time": 78.764,
                                                        "Actual Rows": 7766,
                                                        "Actual Loops": 1
                                                    },
                                                    {
                                                        "Worker Number": 1,
                                                        "Actual Startup Time": 79.463,
                                                        "Actual Total Time": 79.465,
                                                        "Actual Rows": 8054,
                                                        "Actual Loops": 1
                                                    },
                                                    {
                                                        "Worker Number": 2,
                                                        "Actual Startup Time": 79.681,
                                                        "Actual Total Time": 79.682,
                                                        "Actual Rows": 10998,
                                                        "Actual Loops": 1
                                                    },
                                                    {
                                                        "Worker Number": 3,
                                                        "Actual Startup Time": 79.852,
                                                        "Actual Total Time": 79.853,
                                                        "Actual Rows": 10344,
                                                        "Actual Loops": 1
                                                    },
                                                    {
                                                        "Worker Number": 4,
                                                        "Actual Startup Time": 86.688,
                                                        "Actual Total Time": 86.689,
                                                        "Actual Rows": 15385,
                                                        "Actual Loops": 1
                                                    }
                                                ],
                                                "Plans": [
                                                    {
                                                        "Node Type": "Seq Scan",
                                                        "Parent Relationship": "Outer",
                                                        "Parallel Aware": true,
                                                        "Relation Name": "title",
                                                        "Schema": "public",
                                                        "Alias": "t",
                                                        "Startup Cost": 0.0,
                                                        "Total Cost": 43899.01,
                                                        "Plan Rows": 16776,
                                                        "Plan Width": 4,
                                                        "Actual Startup Time": 0.077,
                                                        "Actual Total Time": 75.276,
                                                        "Actual Rows": 11224,
                                                        "Actual Loops": 6,
                                                        "Output": [
                                                            "t.id"
                                                        ],
                                                        "Filter": "(t.production_year > 2012)",
                                                        "Rows Removed by Filter": 410162,
                                                        "Workers": [
                                                            {
                                                                "Worker Number": 0,
                                                                "Actual Startup Time": 0.072,
                                                                "Actual Total Time": 72.982,
                                                                "Actual Rows": 7766,
                                                                "Actual Loops": 1
                                                            },
                                                            {
                                                                "Worker Number": 1,
                                                                "Actual Startup Time": 0.082,
                                                                "Actual Total Time": 73.539,
                                                                "Actual Rows": 8054,
                                                                "Actual Loops": 1
                                                            },
                                                            {
                                                                "Worker Number": 2,
                                                                "Actual Startup Time": 0.078,
                                                                "Actual Total Time": 73.456,
                                                                "Actual Rows": 10998,
                                                                "Actual Loops": 1
                                                            },
                                                            {
                                                                "Worker Number": 3,
                                                                "Actual Startup Time": 0.076,
                                                                "Actual Total Time": 74.095,
                                                                "Actual Rows": 10344,
                                                                "Actual Loops": 1
                                                            },
                                                            {
                                                                "Worker Number": 4,
                                                                "Actual Startup Time": 0.104,
                                                                "Actual Total Time": 78.74,
                                                                "Actual Rows": 15385,
                                                                "Actual Loops": 1
                                                            }
                                                        ]
                                                    }
                                                ]
                                            }
                                        ]
                                    },
                                    {
                                        "Node Type": "Index Only Scan",
                                        "Parent Relationship": "Inner",
                                        "Parallel Aware": false,
                                        "Scan Direction": "Forward",
                                        "Index Name": "movie_id_cast_info",
                                        "Relation Name": "cast_info",
                                        "Schema": "public",
                                        "Alias": "ci",
                                        "Startup Cost": 0.56,
                                        "Total Cost": 3.45,
                                        "Plan Rows": 38,
                                        "Plan Width": 4,
                                        "Actual Startup Time": 0.009,
                                        "Actual Total Time": 0.065,
                                        "Actual Rows": 35,
                                        "Actual Loops": 20558,
                                        "Output": [
                                            "ci.movie_id"
                                        ],
                                        "Index Cond": "(ci.movie_id = mi.movie_id)",
                                        "Rows Removed by Index Recheck": 0,
                                        "Heap Fetches": 711640,
                                        "Workers": [
                                            {
                                                "Worker Number": 0,
                                                "Actual Startup Time": 0.013,
                                                "Actual Total Time": 0.095,
                                                "Actual Rows": 35,
                                                "Actual Loops": 2379
                                            },
                                            {
                                                "Worker Number": 1,
                                                "Actual Startup Time": 0.013,
                                                "Actual Total Time": 0.1,
                                                "Actual Rows": 35,
                                                "Actual Loops": 2289
                                            },
                                            {
                                                "Worker Number": 2,
                                                "Actual Startup Time": 0.008,
                                                "Actual Total Time": 0.063,
                                                "Actual Rows": 35,
                                                "Actual Loops": 3651
                                            },
                                            {
                                                "Worker Number": 3,
                                                "Actual Startup Time": 0.01,
                                                "Actual Total Time": 0.073,
                                                "Actual Rows": 36,
                                                "Actual Loops": 3160
                                            },
                                            {
                                                "Worker Number": 4,
                                                "Actual Startup Time": 0.009,
                                                "Actual Total Time": 0.065,
                                                "Actual Rows": 34,
                                                "Actual Loops": 3530
                                            }
                                        ]
                                    }
                                ]
                            }
                        ]
                    }
                ]
            }
        ]
    },
    "Planning Time": 1.51,
    "Triggers": [],
    "Execution Time": 751.8
}