[
  {
    "Plan": {
      "Node Type": "Aggregate",
      "Strategy": "Plain",
      "Partial Mode": "Finalize",
      "Parallel Aware": false,
      "Startup Cost": 47210.24,
      "Total Cost": 47210.25,
      "Plan Rows": 1,
      "Plan Width": 8,
      "Actual Startup Time": 181.76,
      "Actual Total Time": 191.497,
      "Actual Rows": 1,
      "Actual Loops": 1,
      "Plans": [
        {
          "Node Type": "Gather",
          "Parent Relationship": "Outer",
          "Parallel Aware": false,
          "Startup Cost": 47209.92,
          "Total Cost": 47210.23,
          "Plan Rows": 3,
          "Plan Width": 8,
          "Actual Startup Time": 181.625,
          "Actual Total Time": 191.49,
          "Actual Rows": 4,
          "Actual Loops": 1,
          "Workers Planned": 3,
          "Workers Launched": 3,
          "Single Copy": false,
          "Plans": [
            {
              "Node Type": "Aggregate",
              "Strategy": "Plain",
              "Partial Mode": "Partial",
              "Parent Relationship": "Outer",
              "Parallel Aware": false,
              "Startup Cost": 46209.92,
              "Total Cost": 46209.93,
              "Plan Rows": 1,
              "Plan Width": 8,
              "Actual Startup Time": 173.1,
              "Actual Total Time": 173.101,
              "Actual Rows": 1,
              "Actual Loops": 4,
              "Plans": [
                {
                  "Node Type": "Seq Scan",
                  "Parent Relationship": "Outer",
                  "Parallel Aware": true,
                  "Relation Name": "movie_keyword",
                  "Alias": "mk",
                  "Startup Cost": 0.0,
                  "Total Cost": 42695.65,
                  "Plan Rows": 1405706,
                  "Plan Width": 0,
                  "Actual Startup Time": 0.076,
                  "Actual Total Time": 126.092,
                  "Actual Rows": 1085985,
                  "Actual Loops": 4,
                  "Filter": "(keyword_id > 128)",
                  "Rows Removed by Filter": 44997
                }
              ]
            }
          ]
        }
      ]
    },
    "Planning Time": 0.16,
    "Triggers": [],
    "Execution Time": 191.548
  }
]