[
  {
    "Plan": {
      "Node Type": "Aggregate",
      "Strategy": "Plain",
      "Partial Mode": "Finalize",
      "Parallel Aware": false,
      "Startup Cost": 88812.3,
      "Total Cost": 88812.31,
      "Plan Rows": 1,
      "Plan Width": 8,
      "Actual Startup Time": 230.209,
      "Actual Total Time": 247.785,
      "Actual Rows": 1,
      "Actual Loops": 1,
      "Plans": [
        {
          "Node Type": "Gather",
          "Parent Relationship": "Outer",
          "Parallel Aware": false,
          "Startup Cost": 88811.98,
          "Total Cost": 88812.29,
          "Plan Rows": 3,
          "Plan Width": 8,
          "Actual Startup Time": 228.557,
          "Actual Total Time": 247.775,
          "Actual Rows": 4,
          "Actual Loops": 1,
          "Workers Planned": 3,
          "Workers Launched": 3,
          "Single Copy": false,
          "Plans": [
            {
              "Node Type": "Aggregate",
              "Strategy": "Plain",
              "Partial Mode": "Partial",
              "Parent Relationship": "Outer",
              "Parallel Aware": false,
              "Startup Cost": 87811.98,
              "Total Cost": 87811.99,
              "Plan Rows": 1,
              "Plan Width": 8,
              "Actual Startup Time": 218.809,
              "Actual Total Time": 218.814,
              "Actual Rows": 1,
              "Actual Loops": 4,
              "Plans": [
                {
                  "Node Type": "Nested Loop",
                  "Parent Relationship": "Outer",
                  "Parallel Aware": false,
                  "Join Type": "Inner",
                  "Startup Cost": 55230.76,
                  "Total Cost": 87802.69,
                  "Plan Rows": 3716,
                  "Plan Width": 0,
                  "Actual Startup Time": 188.123,
                  "Actual Total Time": 218.75,
                  "Actual Rows": 622,
                  "Actual Loops": 4,
                  "Inner Unique": false,
                  "Join Filter": "(t.id = mk.movie_id)",
                  "Rows Removed by Join Filter": 0,
                  "Plans": [
                    {
                      "Node Type": "Hash Join",
                      "Parent Relationship": "Outer",
                      "Parallel Aware": true,
                      "Join Type": "Inner",
                      "Startup Cost": 55230.33,
                      "Total Cost": 76276.57,
                      "Plan Rows": 4729,
                      "Plan Width": 8,
                      "Actual Startup Time": 187.818,
                      "Actual Total Time": 211.067,
                      "Actual Rows": 1752,
                      "Actual Loops": 4,
                      "Inner Unique": true,
                      "Hash Cond": "(mc.movie_id = t.id)",
                      "Plans": [
                        {
                          "Node Type": "Bitmap Heap Scan",
                          "Parent Relationship": "Outer",
                          "Parallel Aware": true,
                          "Relation Name": "movie_companies",
                          "Alias": "mc",
                          "Startup Cost": 9221.19,
                          "Total Cost": 30082.21,
                          "Plan Rows": 70562,
                          "Plan Width": 4,
                          "Actual Startup Time": 51.955,
                          "Actual Total Time": 67.43,
                          "Actual Rows": 24707,
                          "Actual Loops": 4,
                          "Recheck Cond": "(company_id < 302)",
                          "Rows Removed by Index Recheck": 0,
                          "Filter": "(company_type_id > 1)",
                          "Rows Removed by Filter": 80802,
                          "Exact Heap Blocks": 7538,
                          "Lossy Heap Blocks": 0,
                          "Plans": [
                            {
                              "Node Type": "Bitmap Index Scan",
                              "Parent Relationship": "Outer",
                              "Parallel Aware": false,
                              "Index Name": "company_id_movie_companies",
                              "Startup Cost": 0.0,
                              "Total Cost": 9166.51,
                              "Plan Rows": 428010,
                              "Plan Width": 0,
                              "Actual Startup Time": 19.406,
                              "Actual Total Time": 19.407,
                              "Actual Rows": 422035,
                              "Actual Loops": 1,
                              "Index Cond": "(company_id < 302)"
                            }
                          ]
                        },
                        {
                          "Node Type": "Hash",
                          "Parent Relationship": "Inner",
                          "Parallel Aware": true,
                          "Startup Cost": 45479.59,
                          "Total Cost": 45479.59,
                          "Plan Rows": 42364,
                          "Plan Width": 4,
                          "Actual Startup Time": 133.273,
                          "Actual Total Time": 133.275,
                          "Actual Rows": 42517,
                          "Actual Loops": 4,
                          "Hash Buckets": 262144,
                          "Original Hash Buckets": 262144,
                          "Hash Batches": 1,
                          "Original Hash Batches": 1,
                          "Peak Memory Usage": 8800,
                          "Plans": [
                            {
                              "Node Type": "Seq Scan",
                              "Parent Relationship": "Outer",
                              "Parallel Aware": true,
                              "Relation Name": "title",
                              "Alias": "t",
                              "Startup Cost": 0.0,
                              "Total Cost": 45479.59,
                              "Plan Rows": 42364,
                              "Plan Width": 4,
                              "Actual Startup Time": 0.048,
                              "Actual Total Time": 113.879,
                              "Actual Rows": 42517,
                              "Actual Loops": 4,
                              "Filter": "((kind_id > 1) AND (production_year > 2011))",
                              "Rows Removed by Filter": 589561
                            }
                          ]
                        }
                      ]
                    },
                    {
                      "Node Type": "Index Scan",
                      "Parent Relationship": "Inner",
                      "Parallel Aware": false,
                      "Scan Direction": "Forward",
                      "Index Name": "movie_id_movie_keyword",
                      "Relation Name": "movie_keyword",
                      "Alias": "mk",
                      "Startup Cost": 0.43,
                      "Total Cost": 2.19,
                      "Plan Rows": 20,
                      "Plan Width": 4,
                      "Actual Startup Time": 0.004,
                      "Actual Total Time": 0.004,
                      "Actual Rows": 0,
                      "Actual Loops": 7007,
                      "Index Cond": "(movie_id = mc.movie_id)",
                      "Rows Removed by Index Recheck": 0,
                      "Filter": "(keyword_id < 3518)",
                      "Rows Removed by Filter": 0
                    }
                  ]
                }
              ]
            }
          ]
        }
      ]
    },
    "Planning Time": 1.483,
    "Triggers": [],
    "Execution Time": 247.894
  }
]