{
    "Plan": {
        "Node Type": "Aggregate",
        "Strategy": "Plain",
        "Partial Mode": "Finalize",
        "Parallel Aware": false,
        "Startup Cost": 245368.89,
        "Total Cost": 245368.9,
        "Plan Rows": 1,
        "Plan Width": 8,
        "Actual Startup Time": 546.126,
        "Actual Total Time": 592.964,
        "Actual Rows": 1,
        "Actual Loops": 1,
        "Output": [
            "count(*)"
        ],
        "Plans": [
            {
                "Node Type": "Gather",
                "Parent Relationship": "Outer",
                "Parallel Aware": false,
                "Startup Cost": 245368.36,
                "Total Cost": 245368.87,
                "Plan Rows": 5,
                "Plan Width": 8,
                "Actual Startup Time": 544.198,
                "Actual Total Time": 592.951,
                "Actual Rows": 6,
                "Actual Loops": 1,
                "Output": [
                    "(PARTIAL count(*))"
                ],
                "Workers Planned": 5,
                "Workers Launched": 5,
                "Single Copy": false,
                "Plans": [
                    {
                        "Node Type": "Aggregate",
                        "Strategy": "Plain",
                        "Partial Mode": "Partial",
                        "Parent Relationship": "Outer",
                        "Parallel Aware": false,
                        "Startup Cost": 244368.36,
                        "Total Cost": 244368.37,
                        "Plan Rows": 1,
                        "Plan Width": 8,
                        "Actual Startup Time": 533.781,
                        "Actual Total Time": 533.785,
                        "Actual Rows": 1,
                        "Actual Loops": 6,
                        "Output": [
                            "PARTIAL count(*)"
                        ],
                        "Workers": [
                            {
                                "Worker Number": 0,
                                "Actual Startup Time": 530.589,
                                "Actual Total Time": 530.593,
                                "Actual Rows": 1,
                                "Actual Loops": 1
                            },
                            {
                                "Worker Number": 1,
                                "Actual Startup Time": 531.894,
                                "Actual Total Time": 531.896,
                                "Actual Rows": 1,
                                "Actual Loops": 1
                            },
                            {
                                "Worker Number": 2,
                                "Actual Startup Time": 531.924,
                                "Actual Total Time": 531.927,
                                "Actual Rows": 1,
                                "Actual Loops": 1
                            },
                            {
                                "Worker Number": 3,
                                "Actual Startup Time": 532.226,
                                "Actual Total Time": 532.229,
                                "Actual Rows": 1,
                                "Actual Loops": 1
                            },
                            {
                                "Worker Number": 4,
                                "Actual Startup Time": 532.663,
                                "Actual Total Time": 532.666,
                                "Actual Rows": 1,
                                "Actual Loops": 1
                            }
                        ],
                        "Plans": [
                            {
                                "Node Type": "Hash Join",
                                "Parent Relationship": "Outer",
                                "Parallel Aware": true,
                                "Join Type": "Inner",
                                "Startup Cost": 44656.36,
                                "Total Cost": 244298.83,
                                "Plan Rows": 27815,
                                "Plan Width": 0,
                                "Actual Startup Time": 164.347,
                                "Actual Total Time": 527.293,
                                "Actual Rows": 113978,
                                "Actual Loops": 6,
                                "Inner Unique": true,
                                "Hash Cond": "(mi.movie_id = t.id)",
                                "Workers": [
                                    {
                                        "Worker Number": 0,
                                        "Actual Startup Time": 161.269,
                                        "Actual Total Time": 524.456,
                                        "Actual Rows": 97429,
                                        "Actual Loops": 1
                                    },
                                    {
                                        "Worker Number": 1,
                                        "Actual Startup Time": 162.153,
                                        "Actual Total Time": 525.539,
                                        "Actual Rows": 101516,
                                        "Actual Loops": 1
                                    },
                                    {
                                        "Worker Number": 2,
                                        "Actual Startup Time": 162.619,
                                        "Actual Total Time": 525.44,
                                        "Actual Rows": 104038,
                                        "Actual Loops": 1
                                    },
                                    {
                                        "Worker Number": 3,
                                        "Actual Startup Time": 162.918,
                                        "Actual Total Time": 525.764,
                                        "Actual Rows": 103269,
                                        "Actual Loops": 1
                                    },
                                    {
                                        "Worker Number": 4,
                                        "Actual Startup Time": 163.102,
                                        "Actual Total Time": 526.528,
                                        "Actual Rows": 97994,
                                        "Actual Loops": 1
                                    }
                                ],
                                "Plans": [
                                    {
                                        "Node Type": "Seq Scan",
                                        "Parent Relationship": "Outer",
                                        "Parallel Aware": true,
                                        "Relation Name": "movie_info",
                                        "Schema": "public",
                                        "Alias": "mi",
                                        "Startup Cost": 0.0,
                                        "Total Cost": 198880.74,
                                        "Plan Rows": 290184,
                                        "Plan Width": 4,
                                        "Actual Startup Time": 59.812,
                                        "Actual Total Time": 378.882,
                                        "Actual Rows": 233650,
                                        "Actual Loops": 6,
                                        "Output": [
                                            "mi.id",
                                            "mi.movie_id",
                                            "mi.info_type_id",
                                            "mi.info",
                                            "mi.note"
                                        ],
                                        "Filter": "(mi.info_type_id = 7)",
                                        "Rows Removed by Filter": 2238970,
                                        "Workers": [
                                            {
                                                "Worker Number": 0,
                                                "Actual Startup Time": 59.834,
                                                "Actual Total Time": 379.166,
                                                "Actual Rows": 198044,
                                                "Actual Loops": 1
                                            },
                                            {
                                                "Worker Number": 1,
                                                "Actual Startup Time": 59.746,
                                                "Actual Total Time": 379.871,
                                                "Actual Rows": 213260,
                                                "Actual Loops": 1
                                            },
                                            {
                                                "Worker Number": 2,
                                                "Actual Startup Time": 59.813,
                                                "Actual Total Time": 379.776,
                                                "Actual Rows": 212187,
                                                "Actual Loops": 1
                                            },
                                            {
                                                "Worker Number": 3,
                                                "Actual Startup Time": 59.829,
                                                "Actual Total Time": 379.773,
                                                "Actual Rows": 211534,
                                                "Actual Loops": 1
                                            },
                                            {
                                                "Worker Number": 4,
                                                "Actual Startup Time": 59.84,
                                                "Actual Total Time": 379.205,
                                                "Actual Rows": 197855,
                                                "Actual Loops": 1
                                            }
                                        ]
                                    },
                                    {
                                        "Node Type": "Hash",
                                        "Parent Relationship": "Inner",
                                        "Parallel Aware": true,
                                        "Startup Cost": 43899.01,
                                        "Total Cost": 43899.01,
                                        "Plan Rows": 60588,
                                        "Plan Width": 4,
                                        "Actual Startup Time": 102.047,
                                        "Actual Total Time": 102.048,
                                        "Actual Rows": 40233,
                                        "Actual Loops": 6,
                                        "Output": [
                                            "t.id"
                                        ],
                                        "Hash Buckets": 262144,
                                        "Original Hash Buckets": 262144,
                                        "Hash Batches": 1,
                                        "Original Hash Batches": 1,
                                        "Peak Memory Usage": 11584,
                                        "Workers": [
                                            {
                                                "Worker Number": 0,
                                                "Actual Startup Time": 100.296,
                                                "Actual Total Time": 100.297,
                                                "Actual Rows": 33780,
                                                "Actual Loops": 1
                                            },
                                            {
                                                "Worker Number": 1,
                                                "Actual Startup Time": 101.425,
                                                "Actual Total Time": 101.426,
                                                "Actual Rows": 35391,
                                                "Actual Loops": 1
                                            },
                                            {
                                                "Worker Number": 2,
                                                "Actual Startup Time": 101.767,
                                                "Actual Total Time": 101.768,
                                                "Actual Rows": 35725,
                                                "Actual Loops": 1
                                            },
                                            {
                                                "Worker Number": 3,
                                                "Actual Startup Time": 102.013,
                                                "Actual Total Time": 102.014,
                                                "Actual Rows": 36285,
                                                "Actual Loops": 1
                                            },
                                            {
                                                "Worker Number": 4,
                                                "Actual Startup Time": 102.452,
                                                "Actual Total Time": 102.454,
                                                "Actual Rows": 33370,
                                                "Actual Loops": 1
                                            }
                                        ],
                                        "Plans": [
                                            {
                                                "Node Type": "Seq Scan",
                                                "Parent Relationship": "Outer",
                                                "Parallel Aware": true,
                                                "Relation Name": "title",
                                                "Schema": "public",
                                                "Alias": "t",
                                                "Startup Cost": 0.0,
                                                "Total Cost": 43899.01,
                                                "Plan Rows": 60588,
                                                "Plan Width": 4,
                                                "Actual Startup Time": 0.073,
                                                "Actual Total Time": 85.445,
                                                "Actual Rows": 40233,
                                                "Actual Loops": 6,
                                                "Output": [
                                                    "t.id"
                                                ],
                                                "Filter": "(t.production_year < 1960)",
                                                "Rows Removed by Filter": 381152,
                                                "Workers": [
                                                    {
                                                        "Worker Number": 0,
                                                        "Actual Startup Time": 0.079,
                                                        "Actual Total Time": 84.232,
                                                        "Actual Rows": 33780,
                                                        "Actual Loops": 1
                                                    },
                                                    {
                                                        "Worker Number": 1,
                                                        "Actual Startup Time": 0.073,
                                                        "Actual Total Time": 85.407,
                                                        "Actual Rows": 35391,
                                                        "Actual Loops": 1
                                                    },
                                                    {
                                                        "Worker Number": 2,
                                                        "Actual Startup Time": 0.067,
                                                        "Actual Total Time": 85.845,
                                                        "Actual Rows": 35725,
                                                        "Actual Loops": 1
                                                    },
                                                    {
                                                        "Worker Number": 3,
                                                        "Actual Startup Time": 0.051,
                                                        "Actual Total Time": 86.426,
                                                        "Actual Rows": 36285,
                                                        "Actual Loops": 1
                                                    },
                                                    {
                                                        "Worker Number": 4,
                                                        "Actual Startup Time": 0.143,
                                                        "Actual Total Time": 85.962,
                                                        "Actual Rows": 33370,
                                                        "Actual Loops": 1
                                                    }
                                                ]
                                            }
                                        ]
                                    }
                                ]
                            }
                        ]
                    }
                ]
            }
        ]
    },
    "Planning Time": 0.727,
    "Triggers": [],
    "Execution Time": 593.044
}