[
  {
    "Plan": {
      "Node Type": "Aggregate",
      "Strategy": "Plain",
      "Partial Mode": "Finalize",
      "Parallel Aware": false,
      "Startup Cost": 335514.14,
      "Total Cost": 335514.15,
      "Plan Rows": 1,
      "Plan Width": 8,
      "Actual Startup Time": 727.728,
      "Actual Total Time": 770.647,
      "Actual Rows": 1,
      "Actual Loops": 1,
      "Plans": [
        {
          "Node Type": "Gather",
          "Parent Relationship": "Outer",
          "Parallel Aware": false,
          "Startup Cost": 335513.52,
          "Total Cost": 335514.13,
          "Plan Rows": 6,
          "Plan Width": 8,
          "Actual Startup Time": 727.555,
          "Actual Total Time": 770.633,
          "Actual Rows": 7,
          "Actual Loops": 1,
          "Workers Planned": 6,
          "Workers Launched": 6,
          "Single Copy": false,
          "Plans": [
            {
              "Node Type": "Aggregate",
              "Strategy": "Plain",
              "Partial Mode": "Partial",
              "Parent Relationship": "Outer",
              "Parallel Aware": false,
              "Startup Cost": 334513.52,
              "Total Cost": 334513.53,
              "Plan Rows": 1,
              "Plan Width": 8,
              "Actual Startup Time": 720.223,
              "Actual Total Time": 720.225,
              "Actual Rows": 1,
              "Actual Loops": 7,
              "Plans": [
                {
                  "Node Type": "Seq Scan",
                  "Parent Relationship": "Outer",
                  "Parallel Aware": true,
                  "Relation Name": "cast_info",
                  "Alias": "ci",
                  "Startup Cost": 0.0,
                  "Total Cost": 328211.39,
                  "Plan Rows": 2520850,
                  "Plan Width": 0,
                  "Actual Startup Time": 245.92,
                  "Actual Total Time": 609.797,
                  "Actual Rows": 2120926,
                  "Actual Loops": 7,
                  "Filter": "(person_id > 2167926)",
                  "Rows Removed by Filter": 3056838
                }
              ]
            }
          ]
        }
      ]
    },
    "Planning Time": 0.107,
    "Triggers": [],
    "Execution Time": 770.689
  }
]