{
    "Plan": {
        "Node Type": "Aggregate",
        "Strategy": "Plain",
        "Partial Mode": "Finalize",
        "Parallel Aware": false,
        "Startup Cost": 138712.14,
        "Total Cost": 138712.15,
        "Plan Rows": 1,
        "Plan Width": 8,
        "Actual Startup Time": 1432.829,
        "Actual Total Time": 1505.582,
        "Actual Rows": 1,
        "Actual Loops": 1,
        "Output": [
            "count(*)"
        ],
        "Plans": [
            {
                "Node Type": "Gather",
                "Parent Relationship": "Outer",
                "Parallel Aware": false,
                "Startup Cost": 138711.82,
                "Total Cost": 138712.13,
                "Plan Rows": 3,
                "Plan Width": 8,
                "Actual Startup Time": 1430.72,
                "Actual Total Time": 1505.572,
                "Actual Rows": 4,
                "Actual Loops": 1,
                "Output": [
                    "(PARTIAL count(*))"
                ],
                "Workers Planned": 3,
                "Workers Launched": 3,
                "Single Copy": false,
                "Plans": [
                    {
                        "Node Type": "Aggregate",
                        "Strategy": "Plain",
                        "Partial Mode": "Partial",
                        "Parent Relationship": "Outer",
                        "Parallel Aware": false,
                        "Startup Cost": 137711.82,
                        "Total Cost": 137711.83,
                        "Plan Rows": 1,
                        "Plan Width": 8,
                        "Actual Startup Time": 1421.07,
                        "Actual Total Time": 1421.073,
                        "Actual Rows": 1,
                        "Actual Loops": 4,
                        "Output": [
                            "PARTIAL count(*)"
                        ],
                        "Workers": [
                            {
                                "Worker Number": 0,
                                "Actual Startup Time": 1418.72,
                                "Actual Total Time": 1418.722,
                                "Actual Rows": 1,
                                "Actual Loops": 1
                            },
                            {
                                "Worker Number": 1,
                                "Actual Startup Time": 1417.886,
                                "Actual Total Time": 1417.889,
                                "Actual Rows": 1,
                                "Actual Loops": 1
                            },
                            {
                                "Worker Number": 2,
                                "Actual Startup Time": 1417.751,
                                "Actual Total Time": 1417.755,
                                "Actual Rows": 1,
                                "Actual Loops": 1
                            }
                        ],
                        "Plans": [
                            {
                                "Node Type": "Nested Loop",
                                "Parent Relationship": "Outer",
                                "Parallel Aware": false,
                                "Join Type": "Inner",
                                "Startup Cost": 48003.89,
                                "Total Cost": 137701.0,
                                "Plan Rows": 4331,
                                "Plan Width": 0,
                                "Actual Startup Time": 198.527,
                                "Actual Total Time": 1416.373,
                                "Actual Rows": 89918,
                                "Actual Loops": 4,
                                "Inner Unique": false,
                                "Workers": [
                                    {
                                        "Worker Number": 0,
                                        "Actual Startup Time": 195.418,
                                        "Actual Total Time": 1414.123,
                                        "Actual Rows": 86917,
                                        "Actual Loops": 1
                                    },
                                    {
                                        "Worker Number": 1,
                                        "Actual Startup Time": 195.765,
                                        "Actual Total Time": 1413.182,
                                        "Actual Rows": 88734,
                                        "Actual Loops": 1
                                    },
                                    {
                                        "Worker Number": 2,
                                        "Actual Startup Time": 195.941,
                                        "Actual Total Time": 1413.346,
                                        "Actual Rows": 83261,
                                        "Actual Loops": 1
                                    }
                                ],
                                "Plans": [
                                    {
                                        "Node Type": "Hash Join",
                                        "Parent Relationship": "Outer",
                                        "Parallel Aware": true,
                                        "Join Type": "Inner",
                                        "Startup Cost": 48003.32,
                                        "Total Cost": 90818.21,
                                        "Plan Rows": 14512,
                                        "Plan Width": 8,
                                        "Actual Startup Time": 197.982,
                                        "Actual Total Time": 285.207,
                                        "Actual Rows": 24823,
                                        "Actual Loops": 4,
                                        "Output": [
                                            "t.id",
                                            "mk.movie_id"
                                        ],
                                        "Inner Unique": true,
                                        "Hash Cond": "(mk.movie_id = t.id)",
                                        "Workers": [
                                            {
                                                "Worker Number": 0,
                                                "Actual Startup Time": 195.02,
                                                "Actual Total Time": 283.708,
                                                "Actual Rows": 23785,
                                                "Actual Loops": 1
                                            },
                                            {
                                                "Worker Number": 1,
                                                "Actual Startup Time": 195.018,
                                                "Actual Total Time": 283.118,
                                                "Actual Rows": 23783,
                                                "Actual Loops": 1
                                            },
                                            {
                                                "Worker Number": 2,
                                                "Actual Startup Time": 195.026,
                                                "Actual Total Time": 283.357,
                                                "Actual Rows": 23169,
                                                "Actual Loops": 1
                                            }
                                        ],
                                        "Plans": [
                                            {
                                                "Node Type": "Seq Scan",
                                                "Parent Relationship": "Outer",
                                                "Parallel Aware": true,
                                                "Relation Name": "movie_keyword",
                                                "Schema": "public",
                                                "Alias": "mk",
                                                "Startup Cost": 0.0,
                                                "Total Cost": 42695.65,
                                                "Plan Rows": 45425,
                                                "Plan Width": 4,
                                                "Actual Startup Time": 20.032,
                                                "Actual Total Time": 88.533,
                                                "Actual Rows": 33240,
                                                "Actual Loops": 4,
                                                "Output": [
                                                    "mk.id",
                                                    "mk.movie_id",
                                                    "mk.keyword_id"
                                                ],
                                                "Filter": "(mk.keyword_id > 75898)",
                                                "Rows Removed by Filter": 1097743,
                                                "Workers": [
                                                    {
                                                        "Worker Number": 0,
                                                        "Actual Startup Time": 20.039,
                                                        "Actual Total Time": 90.188,
                                                        "Actual Rows": 31700,
                                                        "Actual Loops": 1
                                                    },
                                                    {
                                                        "Worker Number": 1,
                                                        "Actual Startup Time": 20.034,
                                                        "Actual Total Time": 90.127,
                                                        "Actual Rows": 31921,
                                                        "Actual Loops": 1
                                                    },
                                                    {
                                                        "Worker Number": 2,
                                                        "Actual Startup Time": 20.032,
                                                        "Actual Total Time": 90.261,
                                                        "Actual Rows": 30971,
                                                        "Actual Loops": 1
                                                    }
                                                ]
                                            },
                                            {
                                                "Node Type": "Hash",
                                                "Parent Relationship": "Inner",
                                                "Parallel Aware": true,
                                                "Startup Cost": 45479.21,
                                                "Total Cost": 45479.21,
                                                "Plan Rows": 201929,
                                                "Plan Width": 4,
                                                "Actual Startup Time": 173.037,
                                                "Actual Total Time": 173.038,
                                                "Actual Rows": 179932,
                                                "Actual Loops": 4,
                                                "Output": [
                                                    "t.id"
                                                ],
                                                "Hash Buckets": 1048576,
                                                "Original Hash Buckets": 1048576,
                                                "Hash Batches": 1,
                                                "Original Hash Batches": 1,
                                                "Peak Memory Usage": 36384,
                                                "Workers": [
                                                    {
                                                        "Worker Number": 0,
                                                        "Actual Startup Time": 174.567,
                                                        "Actual Total Time": 174.567,
                                                        "Actual Rows": 173751,
                                                        "Actual Loops": 1
                                                    },
                                                    {
                                                        "Worker Number": 1,
                                                        "Actual Startup Time": 174.543,
                                                        "Actual Total Time": 174.543,
                                                        "Actual Rows": 174053,
                                                        "Actual Loops": 1
                                                    },
                                                    {
                                                        "Worker Number": 2,
                                                        "Actual Startup Time": 174.57,
                                                        "Actual Total Time": 174.571,
                                                        "Actual Rows": 172540,
                                                        "Actual Loops": 1
                                                    }
                                                ],
                                                "Plans": [
                                                    {
                                                        "Node Type": "Seq Scan",
                                                        "Parent Relationship": "Outer",
                                                        "Parallel Aware": true,
                                                        "Relation Name": "title",
                                                        "Schema": "public",
                                                        "Alias": "t",
                                                        "Startup Cost": 0.0,
                                                        "Total Cost": 45479.21,
                                                        "Plan Rows": 201929,
                                                        "Plan Width": 4,
                                                        "Actual Startup Time": 0.071,
                                                        "Actual Total Time": 105.113,
                                                        "Actual Rows": 179932,
                                                        "Actual Loops": 4,
                                                        "Output": [
                                                            "t.id"
                                                        ],
                                                        "Filter": "((t.kind_id < 7) AND (t.production_year > 1971))",
                                                        "Rows Removed by Filter": 452146,
                                                        "Workers": [
                                                            {
                                                                "Worker Number": 0,
                                                                "Actual Startup Time": 0.08,
                                                                "Actual Total Time": 106.862,
                                                                "Actual Rows": 173751,
                                                                "Actual Loops": 1
                                                            },
                                                            {
                                                                "Worker Number": 1,
                                                                "Actual Startup Time": 0.082,
                                                                "Actual Total Time": 106.978,
                                                                "Actual Rows": 174053,
                                                                "Actual Loops": 1
                                                            },
                                                            {
                                                                "Worker Number": 2,
                                                                "Actual Startup Time": 0.094,
                                                                "Actual Total Time": 106.831,
                                                                "Actual Rows": 172540,
                                                                "Actual Loops": 1
                                                            }
                                                        ]
                                                    }
                                                ]
                                            }
                                        ]
                                    },
                                    {
                                        "Node Type": "Index Scan",
                                        "Parent Relationship": "Inner",
                                        "Parallel Aware": false,
                                        "Scan Direction": "Forward",
                                        "Index Name": "movie_id_cast_info",
                                        "Relation Name": "cast_info",
                                        "Schema": "public",
                                        "Alias": "ci",
                                        "Startup Cost": 0.56,
                                        "Total Cost": 3.22,
                                        "Plan Rows": 1,
                                        "Plan Width": 4,
                                        "Actual Startup Time": 0.042,
                                        "Actual Total Time": 0.045,
                                        "Actual Rows": 4,
                                        "Actual Loops": 99291,
                                        "Output": [
                                            "ci.id",
                                            "ci.person_id",
                                            "ci.movie_id",
                                            "ci.person_role_id",
                                            "ci.note",
                                            "ci.nr_order",
                                            "ci.role_id"
                                        ],
                                        "Index Cond": "(ci.movie_id = t.id)",
                                        "Rows Removed by Index Recheck": 0,
                                        "Filter": "(ci.person_id > 3903593)",
                                        "Rows Removed by Filter": 60,
                                        "Workers": [
                                            {
                                                "Worker Number": 0,
                                                "Actual Startup Time": 0.044,
                                                "Actual Total Time": 0.047,
                                                "Actual Rows": 4,
                                                "Actual Loops": 23785
                                            },
                                            {
                                                "Worker Number": 1,
                                                "Actual Startup Time": 0.044,
                                                "Actual Total Time": 0.047,
                                                "Actual Rows": 4,
                                                "Actual Loops": 23783
                                            },
                                            {
                                                "Worker Number": 2,
                                                "Actual Startup Time": 0.045,
                                                "Actual Total Time": 0.048,
                                                "Actual Rows": 4,
                                                "Actual Loops": 23169
                                            }
                                        ]
                                    }
                                ]
                            }
                        ]
                    }
                ]
            }
        ]
    },
    "Planning Time": 1.501,
    "Triggers": [],
    "Execution Time": 1505.77
}