[
  {
    "Plan": {
      "Node Type": "Aggregate",
      "Strategy": "Plain",
      "Partial Mode": "Finalize",
      "Parallel Aware": false,
      "Startup Cost": 46156.21,
      "Total Cost": 46156.22,
      "Plan Rows": 1,
      "Plan Width": 8,
      "Actual Startup Time": 152.805,
      "Actual Total Time": 164.057,
      "Actual Rows": 1,
      "Actual Loops": 1,
      "Plans": [
        {
          "Node Type": "Gather",
          "Parent Relationship": "Outer",
          "Parallel Aware": false,
          "Startup Cost": 46155.89,
          "Total Cost": 46156.2,
          "Plan Rows": 3,
          "Plan Width": 8,
          "Actual Startup Time": 152.656,
          "Actual Total Time": 164.049,
          "Actual Rows": 4,
          "Actual Loops": 1,
          "Workers Planned": 3,
          "Workers Launched": 3,
          "Single Copy": false,
          "Plans": [
            {
              "Node Type": "Aggregate",
              "Strategy": "Plain",
              "Partial Mode": "Partial",
              "Parent Relationship": "Outer",
              "Parallel Aware": false,
              "Startup Cost": 45155.89,
              "Total Cost": 45155.9,
              "Plan Rows": 1,
              "Plan Width": 8,
              "Actual Startup Time": 148.804,
              "Actual Total Time": 148.805,
              "Actual Rows": 1,
              "Actual Loops": 4,
              "Plans": [
                {
                  "Node Type": "Seq Scan",
                  "Parent Relationship": "Outer",
                  "Parallel Aware": true,
                  "Relation Name": "movie_keyword",
                  "Alias": "mk",
                  "Startup Cost": 0.0,
                  "Total Cost": 42695.65,
                  "Plan Rows": 984095,
                  "Plan Width": 0,
                  "Actual Startup Time": 0.028,
                  "Actual Total Time": 113.802,
                  "Actual Rows": 764879,
                  "Actual Loops": 4,
                  "Filter": "(keyword_id < 11304)",
                  "Rows Removed by Filter": 366104
                }
              ]
            }
          ]
        }
      ]
    },
    "Planning Time": 0.099,
    "Triggers": [],
    "Execution Time": 164.097
  }
]