[
  {
    "Plan": {
      "Node Type": "Aggregate",
      "Strategy": "Plain",
      "Partial Mode": "Finalize",
      "Parallel Aware": false,
      "Startup Cost": 43111.14,
      "Total Cost": 43111.15,
      "Plan Rows": 1,
      "Plan Width": 8,
      "Actual Startup Time": 141.864,
      "Actual Total Time": 148.458,
      "Actual Rows": 1,
      "Actual Loops": 1,
      "Plans": [
        {
          "Node Type": "Gather",
          "Parent Relationship": "Outer",
          "Parallel Aware": false,
          "Startup Cost": 43110.82,
          "Total Cost": 43111.13,
          "Plan Rows": 3,
          "Plan Width": 8,
          "Actual Startup Time": 141.578,
          "Actual Total Time": 148.45,
          "Actual Rows": 4,
          "Actual Loops": 1,
          "Workers Planned": 3,
          "Workers Launched": 3,
          "Single Copy": false,
          "Plans": [
            {
              "Node Type": "Aggregate",
              "Strategy": "Plain",
              "Partial Mode": "Partial",
              "Parent Relationship": "Outer",
              "Parallel Aware": false,
              "Startup Cost": 42110.82,
              "Total Cost": 42110.83,
              "Plan Rows": 1,
              "Plan Width": 8,
              "Actual Startup Time": 136.342,
              "Actual Total Time": 136.344,
              "Actual Rows": 1,
              "Actual Loops": 4,
              "Plans": [
                {
                  "Node Type": "Bitmap Heap Scan",
                  "Parent Relationship": "Outer",
                  "Parallel Aware": true,
                  "Relation Name": "movie_keyword",
                  "Alias": "mk",
                  "Startup Cost": 14377.24,
                  "Total Cost": 41564.22,
                  "Plan Rows": 218639,
                  "Plan Width": 0,
                  "Actual Startup Time": 58.14,
                  "Actual Total Time": 127.026,
                  "Actual Rows": 169135,
                  "Actual Loops": 4,
                  "Recheck Cond": "(keyword_id > 27692)",
                  "Rows Removed by Index Recheck": 0,
                  "Exact Heap Blocks": 9743,
                  "Lossy Heap Blocks": 0,
                  "Plans": [
                    {
                      "Node Type": "Bitmap Index Scan",
                      "Parent Relationship": "Outer",
                      "Parallel Aware": false,
                      "Index Name": "keyword_id_movie_keyword",
                      "Startup Cost": 0.0,
                      "Total Cost": 14207.79,
                      "Plan Rows": 677781,
                      "Plan Width": 0,
                      "Actual Startup Time": 59.018,
                      "Actual Total Time": 59.019,
                      "Actual Rows": 676540,
                      "Actual Loops": 1,
                      "Index Cond": "(keyword_id > 27692)"
                    }
                  ]
                }
              ]
            }
          ]
        }
      ]
    },
    "Planning Time": 0.213,
    "Triggers": [],
    "Execution Time": 148.533
  }
]