[
  {
    "Plan": {
      "Node Type": "Aggregate",
      "Strategy": "Plain",
      "Partial Mode": "Finalize",
      "Parallel Aware": false,
      "Startup Cost": 43443.76,
      "Total Cost": 43443.77,
      "Plan Rows": 1,
      "Plan Width": 8,
      "Actual Startup Time": 147.721,
      "Actual Total Time": 157.428,
      "Actual Rows": 1,
      "Actual Loops": 1,
      "Plans": [
        {
          "Node Type": "Gather",
          "Parent Relationship": "Outer",
          "Parallel Aware": false,
          "Startup Cost": 43443.44,
          "Total Cost": 43443.75,
          "Plan Rows": 3,
          "Plan Width": 8,
          "Actual Startup Time": 147.408,
          "Actual Total Time": 157.419,
          "Actual Rows": 4,
          "Actual Loops": 1,
          "Workers Planned": 3,
          "Workers Launched": 3,
          "Single Copy": false,
          "Plans": [
            {
              "Node Type": "Aggregate",
              "Strategy": "Plain",
              "Partial Mode": "Partial",
              "Parent Relationship": "Outer",
              "Parallel Aware": false,
              "Startup Cost": 42443.44,
              "Total Cost": 42443.45,
              "Plan Rows": 1,
              "Plan Width": 8,
              "Actual Startup Time": 138.567,
              "Actual Total Time": 138.568,
              "Actual Rows": 1,
              "Actual Loops": 4,
              "Plans": [
                {
                  "Node Type": "Bitmap Heap Scan",
                  "Parent Relationship": "Outer",
                  "Parallel Aware": true,
                  "Relation Name": "movie_keyword",
                  "Alias": "mk",
                  "Startup Cost": 14648.12,
                  "Total Cost": 41886.55,
                  "Plan Rows": 222755,
                  "Plan Width": 0,
                  "Actual Startup Time": 54.445,
                  "Actual Total Time": 129.297,
                  "Actual Rows": 169135,
                  "Actual Loops": 4,
                  "Recheck Cond": "(keyword_id > 27692)",
                  "Rows Removed by Index Recheck": 0,
                  "Exact Heap Blocks": 10447,
                  "Lossy Heap Blocks": 0,
                  "Plans": [
                    {
                      "Node Type": "Bitmap Index Scan",
                      "Parent Relationship": "Outer",
                      "Parallel Aware": false,
                      "Index Name": "keyword_id_movie_keyword",
                      "Startup Cost": 0.0,
                      "Total Cost": 14475.48,
                      "Plan Rows": 690540,
                      "Plan Width": 0,
                      "Actual Startup Time": 58.886,
                      "Actual Total Time": 58.887,
                      "Actual Rows": 676540,
                      "Actual Loops": 1,
                      "Index Cond": "(keyword_id > 27692)"
                    }
                  ]
                }
              ]
            }
          ]
        }
      ]
    },
    "Planning Time": 0.162,
    "Triggers": [],
    "Execution Time": 157.499
  }
]