{
  "Plan": {
    "Node Type": "Aggregate",
    "Strategy": "Plain",
    "Partial Mode": "Finalize",
    "Parallel Aware": false,
    "Startup Cost": 93907.13,
    "Total Cost": 93907.14,
    "Plan Rows": 1,
    "Plan Width": 8,
    "Actual Startup Time": 281.58,
    "Actual Total Time": 294.784,
    "Actual Rows": 1,
    "Actual Loops": 1,
    "Plans": [
      {
        "Node Type": "Gather",
        "Parent Relationship": "Outer",
        "Parallel Aware": false,
        "Startup Cost": 93907.02,
        "Total Cost": 93907.13,
        "Plan Rows": 1,
        "Plan Width": 8,
        "Actual Startup Time": 281.254,
        "Actual Total Time": 294.776,
        "Actual Rows": 2,
        "Actual Loops": 1,
        "Workers Planned": 1,
        "Workers Launched": 1,
        "Single Copy": false,
        "Plans": [
          {
            "Node Type": "Aggregate",
            "Strategy": "Plain",
            "Partial Mode": "Partial",
            "Parent Relationship": "Outer",
            "Parallel Aware": false,
            "Startup Cost": 92907.02,
            "Total Cost": 92907.03,
            "Plan Rows": 1,
            "Plan Width": 8,
            "Actual Startup Time": 274.973,
            "Actual Total Time": 274.978,
            "Actual Rows": 1,
            "Actual Loops": 2,
            "Plans": [
              {
                "Node Type": "Nested Loop",
                "Parent Relationship": "Outer",
                "Parallel Aware": false,
                "Join Type": "Inner",
                "Startup Cost": 63458.25,
                "Total Cost": 92905.03,
                "Plan Rows": 794,
                "Plan Width": 0,
                "Actual Startup Time": 179.387,
                "Actual Total Time": 274.418,
                "Actual Rows": 8169,
                "Actual Loops": 2,
                "Inner Unique": false,
                "Join Filter": "(t.id = mi_idx.movie_id)",
                "Rows Removed by Join Filter": 0,
                "Plans": [
                  {
                    "Node Type": "Hash Join",
                    "Parent Relationship": "Outer",
                    "Parallel Aware": true,
                    "Join Type": "Inner",
                    "Startup Cost": 63457.82,
                    "Total Cost": 91971.26,
                    "Plan Rows": 1455,
                    "Plan Width": 8,
                    "Actual Startup Time": 179.286,
                    "Actual Total Time": 259.748,
                    "Actual Rows": 2846,
                    "Actual Loops": 2,
                    "Inner Unique": true,
                    "Hash Cond": "(mk.movie_id = t.id)",
                    "Plans": [
                      {
                        "Node Type": "Bitmap Heap Scan",
                        "Parent Relationship": "Outer",
                        "Parallel Aware": true,
                        "Relation Name": "movie_keyword",
                        "Alias": "mk",
                        "Startup Cost": 9680.5,
                        "Total Cost": 37489.41,
                        "Plan Rows": 268392,
                        "Plan Width": 4,
                        "Actual Startup Time": 41.095,
                        "Actual Total Time": 119.083,
                        "Actual Rows": 236272,
                        "Actual Loops": 2,
                        "Recheck Cond": "(keyword_id < 359)",
                        "Rows Removed by Index Recheck": 0,
                        "Exact Heap Blocks": 12347,
                        "Lossy Heap Blocks": 0,
                        "Plans": [
                          {
                            "Node Type": "Bitmap Index Scan",
                            "Parent Relationship": "Outer",
                            "Parallel Aware": false,
                            "Index Name": "keyword_id_movie_keyword",
                            "Startup Cost": 0.0,
                            "Total Cost": 9566.44,
                            "Plan Rows": 456267,
                            "Plan Width": 0,
                            "Actual Startup Time": 35.316,
                            "Actual Total Time": 35.316,
                            "Actual Rows": 472545,
                            "Actual Loops": 1,
                            "Index Cond": "(keyword_id < 359)"
                          }
                        ]
                      },
                      {
                        "Node Type": "Hash",
                        "Parent Relationship": "Inner",
                        "Parallel Aware": true,
                        "Startup Cost": 53676.54,
                        "Total Cost": 53676.54,
                        "Plan Rows": 8063,
                        "Plan Width": 4,
                        "Actual Startup Time": 109.974,
                        "Actual Total Time": 109.975,
                        "Actual Rows": 4370,
                        "Actual Loops": 2,
                        "Hash Buckets": 16384,
                        "Original Hash Buckets": 16384,
                        "Hash Batches": 1,
                        "Original Hash Batches": 1,
                        "Peak Memory Usage": 512,
                        "Plans": [
                          {
                            "Node Type": "Bitmap Heap Scan",
                            "Parent Relationship": "Outer",
                            "Parallel Aware": true,
                            "Relation Name": "title",
                            "Alias": "t",
                            "Startup Cost": 11826.28,
                            "Total Cost": 53676.54,
                            "Plan Rows": 8063,
                            "Plan Width": 4,
                            "Actual Startup Time": 40.854,
                            "Actual Total Time": 108.258,
                            "Actual Rows": 4370,
                            "Actual Loops": 2,
                            "Recheck Cond": "(kind_id = 1)",
                            "Rows Removed by Index Recheck": 0,
                            "Filter": "(production_year = 2001)",
                            "Rows Removed by Filter": 327042,
                            "Exact Heap Blocks": 7941,
                            "Lossy Heap Blocks": 0,
                            "Plans": [
                              {
                                "Node Type": "Bitmap Index Scan",
                                "Parent Relationship": "Outer",
                                "Parallel Aware": false,
                                "Index Name": "kind_id_title",
                                "Startup Cost": 0.0,
                                "Total Cost": 11822.85,
                                "Plan Rows": 663256,
                                "Plan Width": 0,
                                "Actual Startup Time": 42.774,
                                "Actual Total Time": 42.774,
                                "Actual Rows": 662825,
                                "Actual Loops": 1,
                                "Index Cond": "(kind_id = 1)"
                              }
                            ]
                          }
                        ]
                      }
                    ]
                  },
                  {
                    "Node Type": "Index Only Scan",
                    "Parent Relationship": "Inner",
                    "Parallel Aware": false,
                    "Scan Direction": "Forward",
                    "Index Name": "movie_id_movie_info_idx",
                    "Relation Name": "movie_info_idx",
                    "Alias": "mi_idx",
                    "Startup Cost": 0.43,
                    "Total Cost": 0.6,
                    "Plan Rows": 3,
                    "Plan Width": 4,
                    "Actual Startup Time": 0.004,
                    "Actual Total Time": 0.004,
                    "Actual Rows": 3,
                    "Actual Loops": 5692,
                    "Index Cond": "(movie_id = mk.movie_id)",
                    "Rows Removed by Index Recheck": 0,
                    "Heap Fetches": 16338
                  }
                ]
              }
            ]
          }
        ]
      }
    ]
  },
  "Planning Time": 1.019,
  "Triggers": [],
  "Execution Time": 294.901
}