[
  {
    "Plan": {
      "Node Type": "Aggregate",
      "Strategy": "Plain",
      "Partial Mode": "Finalize",
      "Parallel Aware": false,
      "Startup Cost": 48667.81,
      "Total Cost": 48667.82,
      "Plan Rows": 1,
      "Plan Width": 8,
      "Actual Startup Time": 108.849,
      "Actual Total Time": 131.071,
      "Actual Rows": 1,
      "Actual Loops": 1,
      "Plans": [
        {
          "Node Type": "Gather",
          "Parent Relationship": "Outer",
          "Parallel Aware": false,
          "Startup Cost": 48667.59,
          "Total Cost": 48667.8,
          "Plan Rows": 2,
          "Plan Width": 8,
          "Actual Startup Time": 108.617,
          "Actual Total Time": 131.063,
          "Actual Rows": 3,
          "Actual Loops": 1,
          "Workers Planned": 2,
          "Workers Launched": 2,
          "Single Copy": false,
          "Plans": [
            {
              "Node Type": "Aggregate",
              "Strategy": "Plain",
              "Partial Mode": "Partial",
              "Parent Relationship": "Outer",
              "Parallel Aware": false,
              "Startup Cost": 47667.59,
              "Total Cost": 47667.6,
              "Plan Rows": 1,
              "Plan Width": 8,
              "Actual Startup Time": 104.758,
              "Actual Total Time": 104.761,
              "Actual Rows": 1,
              "Actual Loops": 3,
              "Plans": [
                {
                  "Node Type": "Nested Loop",
                  "Parent Relationship": "Outer",
                  "Parallel Aware": false,
                  "Join Type": "Inner",
                  "Startup Cost": 208.09,
                  "Total Cost": 47660.17,
                  "Plan Rows": 2968,
                  "Plan Width": 0,
                  "Actual Startup Time": 5.361,
                  "Actual Total Time": 102.54,
                  "Actual Rows": 34077,
                  "Actual Loops": 3,
                  "Inner Unique": false,
                  "Plans": [
                    {
                      "Node Type": "Nested Loop",
                      "Parent Relationship": "Outer",
                      "Parallel Aware": false,
                      "Join Type": "Inner",
                      "Startup Cost": 207.66,
                      "Total Cost": 45093.31,
                      "Plan Rows": 781,
                      "Plan Width": 8,
                      "Actual Startup Time": 5.24,
                      "Actual Total Time": 32.15,
                      "Actual Rows": 1517,
                      "Actual Loops": 3,
                      "Inner Unique": true,
                      "Plans": [
                        {
                          "Node Type": "Bitmap Heap Scan",
                          "Parent Relationship": "Outer",
                          "Parallel Aware": true,
                          "Relation Name": "movie_keyword",
                          "Alias": "mk",
                          "Startup Cost": 207.23,
                          "Total Cost": 18617.01,
                          "Plan Rows": 4021,
                          "Plan Width": 4,
                          "Actual Startup Time": 4.938,
                          "Actual Total Time": 13.264,
                          "Actual Rows": 2564,
                          "Actual Loops": 3,
                          "Recheck Cond": "(keyword_id = 186)",
                          "Rows Removed by Index Recheck": 0,
                          "Exact Heap Blocks": 3053,
                          "Lossy Heap Blocks": 0,
                          "Plans": [
                            {
                              "Node Type": "Bitmap Index Scan",
                              "Parent Relationship": "Outer",
                              "Parallel Aware": false,
                              "Index Name": "keyword_id_movie_keyword",
                              "Startup Cost": 0.0,
                              "Total Cost": 204.81,
                              "Plan Rows": 9651,
                              "Plan Width": 0,
                              "Actual Startup Time": 5.386,
                              "Actual Total Time": 5.387,
                              "Actual Rows": 7692,
                              "Actual Loops": 1,
                              "Index Cond": "(keyword_id = 186)"
                            }
                          ]
                        },
                        {
                          "Node Type": "Index Scan",
                          "Parent Relationship": "Inner",
                          "Parallel Aware": false,
                          "Scan Direction": "Forward",
                          "Index Name": "title_pkey",
                          "Relation Name": "title",
                          "Alias": "t",
                          "Startup Cost": 0.43,
                          "Total Cost": 6.58,
                          "Plan Rows": 1,
                          "Plan Width": 4,
                          "Actual Startup Time": 0.007,
                          "Actual Total Time": 0.007,
                          "Actual Rows": 1,
                          "Actual Loops": 7692,
                          "Index Cond": "(id = mk.movie_id)",
                          "Rows Removed by Index Recheck": 0,
                          "Filter": "((kind_id < 7) AND (production_year < 2004))",
                          "Rows Removed by Filter": 0
                        }
                      ]
                    },
                    {
                      "Node Type": "Index Scan",
                      "Parent Relationship": "Inner",
                      "Parallel Aware": false,
                      "Scan Direction": "Forward",
                      "Index Name": "movie_id_movie_info",
                      "Relation Name": "movie_info",
                      "Alias": "mi",
                      "Startup Cost": 0.43,
                      "Total Cost": 3.02,
                      "Plan Rows": 27,
                      "Plan Width": 4,
                      "Actual Startup Time": 0.009,
                      "Actual Total Time": 0.044,
                      "Actual Rows": 22,
                      "Actual Loops": 4550,
                      "Index Cond": "(movie_id = t.id)",
                      "Rows Removed by Index Recheck": 0,
                      "Filter": "(info_type_id < 16)",
                      "Rows Removed by Filter": 22
                    }
                  ]
                }
              ]
            }
          ]
        }
      ]
    },
    "Planning Time": 1.488,
    "Triggers": [],
    "Execution Time": 131.233
  }
]