[
  {
    "Plan": {
      "Node Type": "Aggregate",
      "Strategy": "Plain",
      "Partial Mode": "Finalize",
      "Parallel Aware": false,
      "Startup Cost": 81529.69,
      "Total Cost": 81529.7,
      "Plan Rows": 1,
      "Plan Width": 8,
      "Actual Startup Time": 388.631,
      "Actual Total Time": 403.535,
      "Actual Rows": 1,
      "Actual Loops": 1,
      "Plans": [
        {
          "Node Type": "Gather",
          "Parent Relationship": "Outer",
          "Parallel Aware": false,
          "Startup Cost": 81529.27,
          "Total Cost": 81529.68,
          "Plan Rows": 4,
          "Plan Width": 8,
          "Actual Startup Time": 382.569,
          "Actual Total Time": 403.526,
          "Actual Rows": 5,
          "Actual Loops": 1,
          "Workers Planned": 4,
          "Workers Launched": 4,
          "Single Copy": false,
          "Plans": [
            {
              "Node Type": "Aggregate",
              "Strategy": "Plain",
              "Partial Mode": "Partial",
              "Parent Relationship": "Outer",
              "Parallel Aware": false,
              "Startup Cost": 80529.27,
              "Total Cost": 80529.28,
              "Plan Rows": 1,
              "Plan Width": 8,
              "Actual Startup Time": 372.609,
              "Actual Total Time": 372.612,
              "Actual Rows": 1,
              "Actual Loops": 5,
              "Plans": [
                {
                  "Node Type": "Hash Join",
                  "Parent Relationship": "Outer",
                  "Parallel Aware": true,
                  "Join Type": "Inner",
                  "Startup Cost": 34097.74,
                  "Total Cost": 80113.42,
                  "Plan Rows": 166341,
                  "Plan Width": 0,
                  "Actual Startup Time": 142.587,
                  "Actual Total Time": 364.591,
                  "Actual Rows": 182401,
                  "Actual Loops": 5,
                  "Inner Unique": false,
                  "Hash Cond": "(t.id = mc.movie_id)",
                  "Plans": [
                    {
                      "Node Type": "Seq Scan",
                      "Parent Relationship": "Outer",
                      "Parallel Aware": true,
                      "Relation Name": "title",
                      "Alias": "t",
                      "Startup Cost": 0.0,
                      "Total Cost": 42318.73,
                      "Plan Rows": 632073,
                      "Plan Width": 4,
                      "Actual Startup Time": 0.009,
                      "Actual Total Time": 64.292,
                      "Actual Rows": 505662,
                      "Actual Loops": 5
                    },
                    {
                      "Node Type": "Hash",
                      "Parent Relationship": "Inner",
                      "Parallel Aware": true,
                      "Startup Cost": 31414.82,
                      "Total Cost": 31414.82,
                      "Plan Rows": 214634,
                      "Plan Width": 4,
                      "Actual Startup Time": 138.259,
                      "Actual Total Time": 138.26,
                      "Actual Rows": 182401,
                      "Actual Loops": 5,
                      "Hash Buckets": 1048576,
                      "Original Hash Buckets": 1048576,
                      "Hash Batches": 1,
                      "Original Hash Batches": 1,
                      "Peak Memory Usage": 43936,
                      "Plans": [
                        {
                          "Node Type": "Seq Scan",
                          "Parent Relationship": "Outer",
                          "Parallel Aware": true,
                          "Relation Name": "movie_companies",
                          "Alias": "mc",
                          "Startup Cost": 0.0,
                          "Total Cost": 31414.82,
                          "Plan Rows": 214634,
                          "Plan Width": 4,
                          "Actual Startup Time": 45.139,
                          "Actual Total Time": 77.993,
                          "Actual Rows": 182401,
                          "Actual Loops": 5,
                          "Filter": "((company_id > 11255) AND (company_type_id = 2))",
                          "Rows Removed by Filter": 339424
                        }
                      ]
                    }
                  ]
                }
              ]
            }
          ]
        }
      ]
    },
    "Planning Time": 0.628,
    "Triggers": [],
    "Execution Time": 403.602
  }
]