[
  {
    "Plan": {
      "Node Type": "Aggregate",
      "Strategy": "Plain",
      "Partial Mode": "Finalize",
      "Parallel Aware": false,
      "Startup Cost": 313096.52,
      "Total Cost": 313096.53,
      "Plan Rows": 1,
      "Plan Width": 8,
      "Actual Startup Time": 1314.27,
      "Actual Total Time": 1368.566,
      "Actual Rows": 1,
      "Actual Loops": 1,
      "Plans": [
        {
          "Node Type": "Gather",
          "Parent Relationship": "Outer",
          "Parallel Aware": false,
          "Startup Cost": 313096.0,
          "Total Cost": 313096.51,
          "Plan Rows": 5,
          "Plan Width": 8,
          "Actual Startup Time": 1299.148,
          "Actual Total Time": 1368.547,
          "Actual Rows": 6,
          "Actual Loops": 1,
          "Workers Planned": 5,
          "Workers Launched": 5,
          "Single Copy": false,
          "Plans": [
            {
              "Node Type": "Aggregate",
              "Strategy": "Plain",
              "Partial Mode": "Partial",
              "Parent Relationship": "Outer",
              "Parallel Aware": false,
              "Startup Cost": 312096.0,
              "Total Cost": 312096.01,
              "Plan Rows": 1,
              "Plan Width": 8,
              "Actual Startup Time": 1283.29,
              "Actual Total Time": 1283.296,
              "Actual Rows": 1,
              "Actual Loops": 6,
              "Plans": [
                {
                  "Node Type": "Hash Join",
                  "Parent Relationship": "Outer",
                  "Parallel Aware": true,
                  "Join Type": "Inner",
                  "Startup Cost": 98887.46,
                  "Total Cost": 309536.28,
                  "Plan Rows": 1023887,
                  "Plan Width": 0,
                  "Actual Startup Time": 433.679,
                  "Actual Total Time": 1229.356,
                  "Actual Rows": 993286,
                  "Actual Loops": 6,
                  "Inner Unique": false,
                  "Hash Cond": "(mi.movie_id = t.id)",
                  "Plans": [
                    {
                      "Node Type": "Seq Scan",
                      "Parent Relationship": "Outer",
                      "Parallel Aware": true,
                      "Relation Name": "movie_info",
                      "Alias": "mi",
                      "Startup Cost": 0.0,
                      "Total Cost": 198952.16,
                      "Plan Rows": 2238345,
                      "Plan Width": 4,
                      "Actual Startup Time": 0.039,
                      "Actual Total Time": 400.76,
                      "Actual Rows": 1868457,
                      "Actual Loops": 6,
                      "Filter": "(info_type_id > 3)",
                      "Rows Removed by Filter": 604163
                    },
                    {
                      "Node Type": "Hash",
                      "Parent Relationship": "Inner",
                      "Parallel Aware": true,
                      "Startup Cost": 94224.09,
                      "Total Cost": 94224.09,
                      "Plan Rows": 373070,
                      "Plan Width": 8,
                      "Actual Startup Time": 427.664,
                      "Actual Total Time": 427.668,
                      "Actual Rows": 98717,
                      "Actual Loops": 6,
                      "Hash Buckets": 2097152,
                      "Original Hash Buckets": 2097152,
                      "Hash Batches": 1,
                      "Original Hash Batches": 1,
                      "Peak Memory Usage": 39648,
                      "Plans": [
                        {
                          "Node Type": "Hash Join",
                          "Parent Relationship": "Outer",
                          "Parallel Aware": true,
                          "Join Type": "Inner",
                          "Startup Cost": 49691.7,
                          "Total Cost": 94224.09,
                          "Plan Rows": 373070,
                          "Plan Width": 8,
                          "Actual Startup Time": 222.059,
                          "Actual Total Time": 382.239,
                          "Actual Rows": 98717,
                          "Actual Loops": 6,
                          "Inner Unique": true,
                          "Hash Cond": "(mk.movie_id = t.id)",
                          "Plans": [
                            {
                              "Node Type": "Seq Scan",
                              "Parent Relationship": "Outer",
                              "Parallel Aware": true,
                              "Relation Name": "movie_keyword",
                              "Alias": "mk",
                              "Startup Cost": 0.0,
                              "Total Cost": 42695.65,
                              "Plan Rows": 699709,
                              "Plan Width": 4,
                              "Actual Startup Time": 0.035,
                              "Actual Total Time": 95.01,
                              "Actual Rows": 362179,
                              "Actual Loops": 6,
                              "Filter": "(keyword_id < 4228)",
                              "Rows Removed by Filter": 391809
                            },
                            {
                              "Node Type": "Hash",
                              "Parent Relationship": "Inner",
                              "Parallel Aware": true,
                              "Startup Cost": 45479.1,
                              "Total Cost": 45479.1,
                              "Plan Rows": 337008,
                              "Plan Width": 4,
                              "Actual Startup Time": 218.896,
                              "Actual Total Time": 218.897,
                              "Actual Rows": 220948,
                              "Actual Loops": 6,
                              "Hash Buckets": 2097152,
                              "Original Hash Buckets": 2097152,
                              "Hash Batches": 1,
                              "Original Hash Batches": 1,
                              "Peak Memory Usage": 68352,
                              "Plans": [
                                {
                                  "Node Type": "Seq Scan",
                                  "Parent Relationship": "Outer",
                                  "Parallel Aware": true,
                                  "Relation Name": "title",
                                  "Alias": "t",
                                  "Startup Cost": 0.0,
                                  "Total Cost": 45479.1,
                                  "Plan Rows": 337008,
                                  "Plan Width": 4,
                                  "Actual Startup Time": 0.051,
                                  "Actual Total Time": 100.21,
                                  "Actual Rows": 220948,
                                  "Actual Loops": 6,
                                  "Filter": "((kind_id > 2) AND (production_year < 2010))",
                                  "Rows Removed by Filter": 200437
                                }
                              ]
                            }
                          ]
                        }
                      ]
                    }
                  ]
                }
              ]
            }
          ]
        }
      ]
    },
    "Planning Time": 1.467,
    "Triggers": [],
    "Execution Time": 1368.668
  }
]