[
  {
    "Plan": {
      "Node Type": "Aggregate",
      "Strategy": "Plain",
      "Partial Mode": "Finalize",
      "Parallel Aware": false,
      "Startup Cost": 335048.93,
      "Total Cost": 335048.94,
      "Plan Rows": 1,
      "Plan Width": 8,
      "Actual Startup Time": 407.901,
      "Actual Total Time": 430.468,
      "Actual Rows": 1,
      "Actual Loops": 1,
      "Plans": [
        {
          "Node Type": "Gather",
          "Parent Relationship": "Outer",
          "Parallel Aware": false,
          "Startup Cost": 335048.31,
          "Total Cost": 335048.92,
          "Plan Rows": 6,
          "Plan Width": 8,
          "Actual Startup Time": 407.831,
          "Actual Total Time": 430.459,
          "Actual Rows": 7,
          "Actual Loops": 1,
          "Workers Planned": 6,
          "Workers Launched": 6,
          "Single Copy": false,
          "Plans": [
            {
              "Node Type": "Aggregate",
              "Strategy": "Plain",
              "Partial Mode": "Partial",
              "Parent Relationship": "Outer",
              "Parallel Aware": false,
              "Startup Cost": 334048.31,
              "Total Cost": 334048.32,
              "Plan Rows": 1,
              "Plan Width": 8,
              "Actual Startup Time": 396.813,
              "Actual Total Time": 396.814,
              "Actual Rows": 1,
              "Actual Loops": 7,
              "Plans": [
                {
                  "Node Type": "Index Scan",
                  "Parent Relationship": "Outer",
                  "Parallel Aware": true,
                  "Scan Direction": "Forward",
                  "Index Name": "role_id_cast_info",
                  "Relation Name": "cast_info",
                  "Alias": "ci",
                  "Startup Cost": 0.56,
                  "Total Cost": 331632.96,
                  "Plan Rows": 966139,
                  "Plan Width": 0,
                  "Actual Startup Time": 0.222,
                  "Actual Total Time": 371.363,
                  "Actual Rows": 492499,
                  "Actual Loops": 7,
                  "Index Cond": "(role_id > 3)",
                  "Rows Removed by Index Recheck": 0,
                  "Filter": "(person_id < 1687396)",
                  "Rows Removed by Filter": 1238022
                }
              ]
            }
          ]
        }
      ]
    },
    "Planning Time": 0.216,
    "Triggers": [],
    "Execution Time": 430.529
  }
]