[
  {
    "Plan": {
      "Node Type": "Aggregate",
      "Strategy": "Plain",
      "Partial Mode": "Finalize",
      "Parallel Aware": false,
      "Startup Cost": 443873.28,
      "Total Cost": 443873.29,
      "Plan Rows": 1,
      "Plan Width": 8,
      "Actual Startup Time": 1467.657,
      "Actual Total Time": 1527.402,
      "Actual Rows": 1,
      "Actual Loops": 1,
      "Plans": [
        {
          "Node Type": "Gather",
          "Parent Relationship": "Outer",
          "Parallel Aware": false,
          "Startup Cost": 443872.65,
          "Total Cost": 443873.26,
          "Plan Rows": 6,
          "Plan Width": 8,
          "Actual Startup Time": 1451.8,
          "Actual Total Time": 1527.352,
          "Actual Rows": 7,
          "Actual Loops": 1,
          "Workers Planned": 6,
          "Workers Launched": 6,
          "Single Copy": false,
          "Plans": [
            {
              "Node Type": "Aggregate",
              "Strategy": "Plain",
              "Partial Mode": "Partial",
              "Parent Relationship": "Outer",
              "Parallel Aware": false,
              "Startup Cost": 442872.65,
              "Total Cost": 442872.66,
              "Plan Rows": 1,
              "Plan Width": 8,
              "Actual Startup Time": 1442.307,
              "Actual Total Time": 1442.459,
              "Actual Rows": 1,
              "Actual Loops": 7,
              "Plans": [
                {
                  "Node Type": "Hash Join",
                  "Parent Relationship": "Outer",
                  "Parallel Aware": true,
                  "Join Type": "Inner",
                  "Startup Cost": 84394.02,
                  "Total Cost": 440330.4,
                  "Plan Rows": 1016902,
                  "Plan Width": 0,
                  "Actual Startup Time": 575.375,
                  "Actual Total Time": 1402.677,
                  "Actual Rows": 950983,
                  "Actual Loops": 7,
                  "Inner Unique": false,
                  "Hash Cond": "(ci.movie_id = t.id)",
                  "Plans": [
                    {
                      "Node Type": "Seq Scan",
                      "Parent Relationship": "Outer",
                      "Parallel Aware": true,
                      "Relation Name": "cast_info",
                      "Alias": "ci",
                      "Startup Cost": 0.0,
                      "Total Cost": 343316.27,
                      "Plan Rows": 2490607,
                      "Plan Width": 4,
                      "Actual Startup Time": 206.611,
                      "Actual Total Time": 607.596,
                      "Actual Rows": 1500370,
                      "Actual Loops": 7,
                      "Filter": "((person_id < 2370092) AND (role_id > 1))",
                      "Rows Removed by Filter": 3677393
                    },
                    {
                      "Node Type": "Hash",
                      "Parent Relationship": "Inner",
                      "Parallel Aware": true,
                      "Startup Cost": 80231.35,
                      "Total Cost": 80231.35,
                      "Plan Rows": 333014,
                      "Plan Width": 8,
                      "Actual Startup Time": 366.934,
                      "Actual Total Time": 367.084,
                      "Actual Rows": 124118,
                      "Actual Loops": 7,
                      "Hash Buckets": 1048576,
                      "Original Hash Buckets": 1048576,
                      "Hash Batches": 1,
                      "Original Hash Batches": 1,
                      "Peak Memory Usage": 42304,
                      "Plans": [
                        {
                          "Node Type": "Hash Join",
                          "Parent Relationship": "Outer",
                          "Parallel Aware": true,
                          "Join Type": "Inner",
                          "Startup Cost": 49737.61,
                          "Total Cost": 80231.35,
                          "Plan Rows": 333014,
                          "Plan Width": 8,
                          "Actual Startup Time": 201.544,
                          "Actual Total Time": 318.126,
                          "Actual Rows": 124118,
                          "Actual Loops": 7,
                          "Inner Unique": true,
                          "Hash Cond": "(mc.movie_id = t.id)",
                          "Plans": [
                            {
                              "Node Type": "Seq Scan",
                              "Parent Relationship": "Outer",
                              "Parallel Aware": true,
                              "Relation Name": "movie_companies",
                              "Alias": "mc",
                              "Startup Cost": 0.0,
                              "Total Cost": 29310.68,
                              "Plan Rows": 450688,
                              "Plan Width": 4,
                              "Actual Startup Time": 0.018,
                              "Actual Total Time": 45.011,
                              "Actual Rows": 200792,
                              "Actual Loops": 7,
                              "Filter": "(company_id < 12297)",
                              "Rows Removed by Filter": 171940
                            },
                            {
                              "Node Type": "Hash",
                              "Parent Relationship": "Inner",
                              "Parallel Aware": true,
                              "Startup Cost": 43899.32,
                              "Total Cost": 43899.32,
                              "Plan Rows": 467063,
                              "Plan Width": 4,
                              "Actual Startup Time": 199.477,
                              "Actual Total Time": 199.478,
                              "Actual Rows": 266498,
                              "Actual Loops": 7,
                              "Hash Buckets": 2097152,
                              "Original Hash Buckets": 2097152,
                              "Hash Batches": 1,
                              "Original Hash Batches": 1,
                              "Peak Memory Usage": 89440,
                              "Plans": [
                                {
                                  "Node Type": "Seq Scan",
                                  "Parent Relationship": "Outer",
                                  "Parallel Aware": true,
                                  "Relation Name": "title",
                                  "Alias": "t",
                                  "Startup Cost": 0.0,
                                  "Total Cost": 43899.32,
                                  "Plan Rows": 467063,
                                  "Plan Width": 4,
                                  "Actual Startup Time": 0.04,
                                  "Actual Total Time": 79.462,
                                  "Actual Rows": 266498,
                                  "Actual Loops": 7,
                                  "Filter": "(kind_id > 1)",
                                  "Rows Removed by Filter": 94689
                                }
                              ]
                            }
                          ]
                        }
                      ]
                    }
                  ]
                }
              ]
            }
          ]
        }
      ]
    },
    "Planning Time": 0.446,
    "Triggers": [],
    "Execution Time": 1527.46
  }
]