{
  "Plan": {
    "Node Type": "Aggregate",
    "Strategy": "Plain",
    "Partial Mode": "Finalize",
    "Parallel Aware": false,
    "Startup Cost": 1208755.08,
    "Total Cost": 1208755.09,
    "Plan Rows": 1,
    "Plan Width": 8,
    "Actual Startup Time": 4592.337,
    "Actual Total Time": 4592.44,
    "Actual Rows": 1,
    "Actual Loops": 1,
    "Plans": [
      {
        "Node Type": "Gather",
        "Parent Relationship": "Outer",
        "Parallel Aware": false,
        "Startup Cost": 1208754.96,
        "Total Cost": 1208755.07,
        "Plan Rows": 1,
        "Plan Width": 8,
        "Actual Startup Time": 4592.324,
        "Actual Total Time": 4592.431,
        "Actual Rows": 2,
        "Actual Loops": 1,
        "Workers Planned": 1,
        "Workers Launched": 1,
        "Single Copy": false,
        "Plans": [
          {
            "Node Type": "Aggregate",
            "Strategy": "Plain",
            "Partial Mode": "Partial",
            "Parent Relationship": "Outer",
            "Parallel Aware": false,
            "Startup Cost": 1207754.96,
            "Total Cost": 1207754.97,
            "Plan Rows": 1,
            "Plan Width": 8,
            "Actual Startup Time": 4533.284,
            "Actual Total Time": 4533.289,
            "Actual Rows": 1,
            "Actual Loops": 2,
            "Plans": [
              {
                "Node Type": "Merge Join",
                "Parent Relationship": "Outer",
                "Parallel Aware": false,
                "Join Type": "Inner",
                "Startup Cost": 1140254.77,
                "Total Cost": 1202096.87,
                "Plan Rows": 2263236,
                "Plan Width": 0,
                "Actual Startup Time": 3424.379,
                "Actual Total Time": 4373.847,
                "Actual Rows": 4041582,
                "Actual Loops": 2,
                "Inner Unique": false,
                "Merge Cond": "(mi.movie_id = t.id)",
                "Plans": [
                  {
                    "Node Type": "Sort",
                    "Parent Relationship": "Outer",
                    "Parallel Aware": false,
                    "Startup Cost": 895930.4,
                    "Total Cost": 909879.22,
                    "Plan Rows": 5579529,
                    "Plan Width": 4,
                    "Actual Startup Time": 1827.429,
                    "Actual Total Time": 2003.613,
                    "Actual Rows": 4782192,
                    "Actual Loops": 2,
                    "Sort Key": [
                      "mi.movie_id"
                    ],
                    "Sort Method": "quicksort",
                    "Sort Space Used": 424091,
                    "Sort Space Type": "Memory",
                    "Workers": [
                      {
                        "Worker Number": 0,
                        "Sort Method": "quicksort",
                        "Sort Space Used": 417492,
                        "Sort Space Type": "Memory"
                      }
                    ],
                    "Plans": [
                      {
                        "Node Type": "Seq Scan",
                        "Parent Relationship": "Outer",
                        "Parallel Aware": true,
                        "Relation Name": "movie_info",
                        "Alias": "mi",
                        "Startup Cost": 0.0,
                        "Total Cost": 270696.42,
                        "Plan Rows": 5579529,
                        "Plan Width": 4,
                        "Actual Startup Time": 0.036,
                        "Actual Total Time": 818.423,
                        "Actual Rows": 4782576,
                        "Actual Loops": 2,
                        "Filter": "(info_type_id < 16)",
                        "Rows Removed by Filter": 2635284
                      }
                    ]
                  },
                  {
                    "Node Type": "Sort",
                    "Parent Relationship": "Inner",
                    "Parallel Aware": false,
                    "Startup Cost": 244324.2,
                    "Total Cost": 246888.09,
                    "Plan Rows": 1025557,
                    "Plan Width": 8,
                    "Actual Startup Time": 1596.933,
                    "Actual Total Time": 1735.614,
                    "Actual Rows": 4188130,
                    "Actual Loops": 2,
                    "Sort Key": [
                      "t.id"
                    ],
                    "Sort Method": "quicksort",
                    "Sort Space Used": 67270,
                    "Sort Space Type": "Memory",
                    "Workers": [
                      {
                        "Worker Number": 0,
                        "Sort Method": "quicksort",
                        "Sort Space Used": 67270,
                        "Sort Space Type": "Memory"
                      }
                    ],
                    "Plans": [
                      {
                        "Node Type": "Hash Join",
                        "Parent Relationship": "Outer",
                        "Parallel Aware": false,
                        "Join Type": "Inner",
                        "Startup Cost": 92068.27,
                        "Total Cost": 141932.71,
                        "Plan Rows": 1025557,
                        "Plan Width": 8,
                        "Actual Startup Time": 746.279,
                        "Actual Total Time": 1365.787,
                        "Actual Rows": 910786,
                        "Actual Loops": 2,
                        "Inner Unique": true,
                        "Hash Cond": "(mc.movie_id = t.id)",
                        "Plans": [
                          {
                            "Node Type": "Index Scan",
                            "Parent Relationship": "Outer",
                            "Parallel Aware": false,
                            "Scan Direction": "Forward",
                            "Index Name": "company_type_id_movie_companies",
                            "Relation Name": "movie_companies",
                            "Alias": "mc",
                            "Startup Cost": 0.43,
                            "Total Cost": 46387.42,
                            "Plan Rows": 1324742,
                            "Plan Width": 4,
                            "Actual Startup Time": 0.131,
                            "Actual Total Time": 177.275,
                            "Actual Rows": 1334883,
                            "Actual Loops": 2,
                            "Index Cond": "(company_type_id > 1)",
                            "Rows Removed by Index Recheck": 0
                          },
                          {
                            "Node Type": "Hash",
                            "Parent Relationship": "Inner",
                            "Parallel Aware": false,
                            "Startup Cost": 67601.66,
                            "Total Cost": 67601.66,
                            "Plan Rows": 1957294,
                            "Plan Width": 4,
                            "Actual Startup Time": 737.77,
                            "Actual Total Time": 737.772,
                            "Actual Rows": 1947263,
                            "Actual Loops": 2,
                            "Hash Buckets": 2097152,
                            "Original Hash Buckets": 2097152,
                            "Hash Batches": 1,
                            "Original Hash Batches": 1,
                            "Peak Memory Usage": 84843,
                            "Plans": [
                              {
                                "Node Type": "Seq Scan",
                                "Parent Relationship": "Outer",
                                "Parallel Aware": false,
                                "Relation Name": "title",
                                "Alias": "t",
                                "Startup Cost": 0.0,
                                "Total Cost": 67601.66,
                                "Plan Rows": 1957294,
                                "Plan Width": 4,
                                "Actual Startup Time": 0.04,
                                "Actual Total Time": 315.96,
                                "Actual Rows": 1947263,
                                "Actual Loops": 2,
                                "Filter": "(production_year > 1979)",
                                "Rows Removed by Filter": 581049
                              }
                            ]
                          }
                        ]
                      }
                    ]
                  }
                ]
              }
            ]
          }
        ]
      }
    ]
  },
  "Planning Time": 1.21,
  "Triggers": [],
  "Execution Time": 4614.758
}