[
  {
    "Plan": {
      "Node Type": "Aggregate",
      "Strategy": "Plain",
      "Partial Mode": "Finalize",
      "Parallel Aware": false,
      "Startup Cost": 30780.22,
      "Total Cost": 30780.23,
      "Plan Rows": 1,
      "Plan Width": 8,
      "Actual Startup Time": 76.983,
      "Actual Total Time": 85.559,
      "Actual Rows": 1,
      "Actual Loops": 1,
      "Plans": [
        {
          "Node Type": "Gather",
          "Parent Relationship": "Outer",
          "Parallel Aware": false,
          "Startup Cost": 30779.91,
          "Total Cost": 30780.22,
          "Plan Rows": 3,
          "Plan Width": 8,
          "Actual Startup Time": 76.855,
          "Actual Total Time": 85.553,
          "Actual Rows": 4,
          "Actual Loops": 1,
          "Workers Planned": 3,
          "Workers Launched": 3,
          "Single Copy": false,
          "Plans": [
            {
              "Node Type": "Aggregate",
              "Strategy": "Plain",
              "Partial Mode": "Partial",
              "Parent Relationship": "Outer",
              "Parallel Aware": false,
              "Startup Cost": 29779.91,
              "Total Cost": 29779.92,
              "Plan Rows": 1,
              "Plan Width": 8,
              "Actual Startup Time": 73.389,
              "Actual Total Time": 73.39,
              "Actual Rows": 1,
              "Actual Loops": 4,
              "Plans": [
                {
                  "Node Type": "Seq Scan",
                  "Parent Relationship": "Outer",
                  "Parallel Aware": true,
                  "Relation Name": "movie_companies",
                  "Alias": "mc",
                  "Startup Cost": 0.0,
                  "Total Cost": 29310.68,
                  "Plan Rows": 187690,
                  "Plan Width": 0,
                  "Actual Startup Time": 33.835,
                  "Actual Total Time": 66.811,
                  "Actual Rows": 144984,
                  "Actual Loops": 4,
                  "Filter": "(company_id > 71068)",
                  "Rows Removed by Filter": 507298
                }
              ]
            }
          ]
        }
      ]
    },
    "Planning Time": 0.086,
    "Triggers": [],
    "Execution Time": 85.585
  }
]