[
  {
    "Plan": {
      "Node Type": "Aggregate",
      "Strategy": "Plain",
      "Partial Mode": "Finalize",
      "Parallel Aware": false,
      "Startup Cost": 45860.21,
      "Total Cost": 45860.22,
      "Plan Rows": 1,
      "Plan Width": 8,
      "Actual Startup Time": 144.551,
      "Actual Total Time": 153.354,
      "Actual Rows": 1,
      "Actual Loops": 1,
      "Plans": [
        {
          "Node Type": "Gather",
          "Parent Relationship": "Outer",
          "Parallel Aware": false,
          "Startup Cost": 45859.89,
          "Total Cost": 45860.2,
          "Plan Rows": 3,
          "Plan Width": 8,
          "Actual Startup Time": 144.408,
          "Actual Total Time": 153.345,
          "Actual Rows": 4,
          "Actual Loops": 1,
          "Workers Planned": 3,
          "Workers Launched": 3,
          "Single Copy": false,
          "Plans": [
            {
              "Node Type": "Aggregate",
              "Strategy": "Plain",
              "Partial Mode": "Partial",
              "Parent Relationship": "Outer",
              "Parallel Aware": false,
              "Startup Cost": 44859.89,
              "Total Cost": 44859.9,
              "Plan Rows": 1,
              "Plan Width": 8,
              "Actual Startup Time": 139.095,
              "Actual Total Time": 139.096,
              "Actual Rows": 1,
              "Actual Loops": 4,
              "Plans": [
                {
                  "Node Type": "Seq Scan",
                  "Parent Relationship": "Outer",
                  "Parallel Aware": true,
                  "Relation Name": "movie_keyword",
                  "Alias": "mk",
                  "Startup Cost": 0.0,
                  "Total Cost": 42695.65,
                  "Plan Rows": 865696,
                  "Plan Width": 0,
                  "Actual Startup Time": 0.188,
                  "Actual Total Time": 109.907,
                  "Actual Rows": 670738,
                  "Actual Loops": 4,
                  "Filter": "(keyword_id > 3044)",
                  "Rows Removed by Filter": 460244
                }
              ]
            }
          ]
        }
      ]
    },
    "Planning Time": 0.097,
    "Triggers": [],
    "Execution Time": 153.388
  }
]