[
  {
    "Plan": {
      "Node Type": "Aggregate",
      "Strategy": "Plain",
      "Partial Mode": "Finalize",
      "Parallel Aware": false,
      "Startup Cost": 44350.32,
      "Total Cost": 44350.33,
      "Plan Rows": 1,
      "Plan Width": 8,
      "Actual Startup Time": 123.045,
      "Actual Total Time": 132.818,
      "Actual Rows": 1,
      "Actual Loops": 1,
      "Plans": [
        {
          "Node Type": "Gather",
          "Parent Relationship": "Outer",
          "Parallel Aware": false,
          "Startup Cost": 44350.0,
          "Total Cost": 44350.31,
          "Plan Rows": 3,
          "Plan Width": 8,
          "Actual Startup Time": 122.941,
          "Actual Total Time": 132.811,
          "Actual Rows": 4,
          "Actual Loops": 1,
          "Workers Planned": 3,
          "Workers Launched": 3,
          "Single Copy": false,
          "Plans": [
            {
              "Node Type": "Aggregate",
              "Strategy": "Plain",
              "Partial Mode": "Partial",
              "Parent Relationship": "Outer",
              "Parallel Aware": false,
              "Startup Cost": 43350.0,
              "Total Cost": 43350.01,
              "Plan Rows": 1,
              "Plan Width": 8,
              "Actual Startup Time": 114.516,
              "Actual Total Time": 114.517,
              "Actual Rows": 1,
              "Actual Loops": 4,
              "Plans": [
                {
                  "Node Type": "Seq Scan",
                  "Parent Relationship": "Outer",
                  "Parallel Aware": true,
                  "Relation Name": "movie_keyword",
                  "Alias": "mk",
                  "Startup Cost": 0.0,
                  "Total Cost": 42695.65,
                  "Plan Rows": 261738,
                  "Plan Width": 0,
                  "Actual Startup Time": 5.543,
                  "Actual Total Time": 104.389,
                  "Actual Rows": 199466,
                  "Actual Loops": 4,
                  "Filter": "(keyword_id > 23194)",
                  "Rows Removed by Filter": 931516
                }
              ]
            }
          ]
        }
      ]
    },
    "Planning Time": 0.189,
    "Triggers": [],
    "Execution Time": 132.874
  }
]