[
  {
    "Plan": {
      "Node Type": "Aggregate",
      "Strategy": "Plain",
      "Partial Mode": "Finalize",
      "Parallel Aware": false,
      "Startup Cost": 30956.16,
      "Total Cost": 30956.17,
      "Plan Rows": 1,
      "Plan Width": 8,
      "Actual Startup Time": 77.953,
      "Actual Total Time": 84.092,
      "Actual Rows": 1,
      "Actual Loops": 1,
      "Plans": [
        {
          "Node Type": "Gather",
          "Parent Relationship": "Outer",
          "Parallel Aware": false,
          "Startup Cost": 30955.84,
          "Total Cost": 30956.15,
          "Plan Rows": 3,
          "Plan Width": 8,
          "Actual Startup Time": 77.89,
          "Actual Total Time": 84.087,
          "Actual Rows": 4,
          "Actual Loops": 1,
          "Workers Planned": 3,
          "Workers Launched": 3,
          "Single Copy": false,
          "Plans": [
            {
              "Node Type": "Aggregate",
              "Strategy": "Plain",
              "Partial Mode": "Partial",
              "Parent Relationship": "Outer",
              "Parallel Aware": false,
              "Startup Cost": 29955.84,
              "Total Cost": 29955.85,
              "Plan Rows": 1,
              "Plan Width": 8,
              "Actual Startup Time": 73.618,
              "Actual Total Time": 73.619,
              "Actual Rows": 1,
              "Actual Loops": 4,
              "Plans": [
                {
                  "Node Type": "Seq Scan",
                  "Parent Relationship": "Outer",
                  "Parallel Aware": true,
                  "Relation Name": "movie_companies",
                  "Alias": "mc",
                  "Startup Cost": 0.0,
                  "Total Cost": 29310.68,
                  "Plan Rows": 258064,
                  "Plan Width": 0,
                  "Actual Startup Time": 0.031,
                  "Actual Total Time": 63.295,
                  "Actual Rows": 200181,
                  "Actual Loops": 4,
                  "Filter": "(company_id < 1756)",
                  "Rows Removed by Filter": 452102
                }
              ]
            }
          ]
        }
      ]
    },
    "Planning Time": 0.102,
    "Triggers": [],
    "Execution Time": 84.126
  }
]