[
  {
    "Plan": {
      "Node Type": "Aggregate",
      "Strategy": "Plain",
      "Partial Mode": "Finalize",
      "Parallel Aware": false,
      "Startup Cost": 46080.99,
      "Total Cost": 46081.0,
      "Plan Rows": 1,
      "Plan Width": 8,
      "Actual Startup Time": 188.735,
      "Actual Total Time": 197.72,
      "Actual Rows": 1,
      "Actual Loops": 1,
      "Plans": [
        {
          "Node Type": "Gather",
          "Parent Relationship": "Outer",
          "Parallel Aware": false,
          "Startup Cost": 46080.67,
          "Total Cost": 46080.98,
          "Plan Rows": 3,
          "Plan Width": 8,
          "Actual Startup Time": 188.614,
          "Actual Total Time": 197.71,
          "Actual Rows": 4,
          "Actual Loops": 1,
          "Workers Planned": 3,
          "Workers Launched": 3,
          "Single Copy": false,
          "Plans": [
            {
              "Node Type": "Aggregate",
              "Strategy": "Plain",
              "Partial Mode": "Partial",
              "Parent Relationship": "Outer",
              "Parallel Aware": false,
              "Startup Cost": 45080.67,
              "Total Cost": 45080.68,
              "Plan Rows": 1,
              "Plan Width": 8,
              "Actual Startup Time": 180.411,
              "Actual Total Time": 180.412,
              "Actual Rows": 1,
              "Actual Loops": 4,
              "Plans": [
                {
                  "Node Type": "Seq Scan",
                  "Parent Relationship": "Outer",
                  "Parallel Aware": true,
                  "Relation Name": "movie_keyword",
                  "Alias": "mk",
                  "Startup Cost": 0.0,
                  "Total Cost": 42695.65,
                  "Plan Rows": 954007,
                  "Plan Width": 0,
                  "Actual Startup Time": 0.164,
                  "Actual Total Time": 138.177,
                  "Actual Rows": 740613,
                  "Actual Loops": 4,
                  "Filter": "(keyword_id > 2341)",
                  "Rows Removed by Filter": 390370
                }
              ]
            }
          ]
        }
      ]
    },
    "Planning Time": 0.087,
    "Triggers": [],
    "Execution Time": 197.757
  }
]