[
  {
    "Plan": {
      "Node Type": "Aggregate",
      "Strategy": "Plain",
      "Partial Mode": "Finalize",
      "Parallel Aware": false,
      "Startup Cost": 46096.0,
      "Total Cost": 46096.01,
      "Plan Rows": 1,
      "Plan Width": 8,
      "Actual Startup Time": 151.628,
      "Actual Total Time": 159.329,
      "Actual Rows": 1,
      "Actual Loops": 1,
      "Plans": [
        {
          "Node Type": "Gather",
          "Parent Relationship": "Outer",
          "Parallel Aware": false,
          "Startup Cost": 46095.68,
          "Total Cost": 46095.99,
          "Plan Rows": 3,
          "Plan Width": 8,
          "Actual Startup Time": 151.377,
          "Actual Total Time": 159.32,
          "Actual Rows": 4,
          "Actual Loops": 1,
          "Workers Planned": 3,
          "Workers Launched": 3,
          "Single Copy": false,
          "Plans": [
            {
              "Node Type": "Aggregate",
              "Strategy": "Plain",
              "Partial Mode": "Partial",
              "Parent Relationship": "Outer",
              "Parallel Aware": false,
              "Startup Cost": 45095.68,
              "Total Cost": 45095.69,
              "Plan Rows": 1,
              "Plan Width": 8,
              "Actual Startup Time": 145.752,
              "Actual Total Time": 145.753,
              "Actual Rows": 1,
              "Actual Loops": 4,
              "Plans": [
                {
                  "Node Type": "Seq Scan",
                  "Parent Relationship": "Outer",
                  "Parallel Aware": true,
                  "Relation Name": "movie_keyword",
                  "Alias": "mk",
                  "Startup Cost": 0.0,
                  "Total Cost": 42695.65,
                  "Plan Rows": 960010,
                  "Plan Width": 0,
                  "Actual Startup Time": 0.366,
                  "Actual Total Time": 113.557,
                  "Actual Rows": 740613,
                  "Actual Loops": 4,
                  "Filter": "(keyword_id > 2341)",
                  "Rows Removed by Filter": 390370
                }
              ]
            }
          ]
        }
      ]
    },
    "Planning Time": 0.179,
    "Triggers": [],
    "Execution Time": 159.381
  }
]