[
  {
    "Plan": {
      "Node Type": "Aggregate",
      "Strategy": "Plain",
      "Partial Mode": "Finalize",
      "Parallel Aware": false,
      "Startup Cost": 337514.56,
      "Total Cost": 337514.57,
      "Plan Rows": 1,
      "Plan Width": 8,
      "Actual Startup Time": 789.498,
      "Actual Total Time": 837.738,
      "Actual Rows": 1,
      "Actual Loops": 1,
      "Plans": [
        {
          "Node Type": "Gather",
          "Parent Relationship": "Outer",
          "Parallel Aware": false,
          "Startup Cost": 337513.94,
          "Total Cost": 337514.55,
          "Plan Rows": 6,
          "Plan Width": 8,
          "Actual Startup Time": 789.179,
          "Actual Total Time": 837.729,
          "Actual Rows": 7,
          "Actual Loops": 1,
          "Workers Planned": 6,
          "Workers Launched": 6,
          "Single Copy": false,
          "Plans": [
            {
              "Node Type": "Aggregate",
              "Strategy": "Plain",
              "Partial Mode": "Partial",
              "Parent Relationship": "Outer",
              "Parallel Aware": false,
              "Startup Cost": 336513.94,
              "Total Cost": 336513.95,
              "Plan Rows": 1,
              "Plan Width": 8,
              "Actual Startup Time": 781.608,
              "Actual Total Time": 781.61,
              "Actual Rows": 1,
              "Actual Loops": 7,
              "Plans": [
                {
                  "Node Type": "Seq Scan",
                  "Parent Relationship": "Outer",
                  "Parallel Aware": true,
                  "Relation Name": "cast_info",
                  "Alias": "ci",
                  "Startup Cost": 0.0,
                  "Total Cost": 328211.39,
                  "Plan Rows": 3321019,
                  "Plan Width": 0,
                  "Actual Startup Time": 0.053,
                  "Actual Total Time": 630.132,
                  "Actual Rows": 2881423,
                  "Actual Loops": 7,
                  "Filter": "(person_id < 2026404)",
                  "Rows Removed by Filter": 2296341
                }
              ]
            }
          ]
        }
      ]
    },
    "Planning Time": 0.092,
    "Triggers": [],
    "Execution Time": 837.78
  }
]