{
  "Plan": {
    "Node Type": "Aggregate",
    "Strategy": "Plain",
    "Partial Mode": "Finalize",
    "Parallel Aware": false,
    "Startup Cost": 105618.55,
    "Total Cost": 105618.56,
    "Plan Rows": 1,
    "Plan Width": 8,
    "Actual Startup Time": 523.872,
    "Actual Total Time": 536.752,
    "Actual Rows": 1,
    "Actual Loops": 1,
    "Plans": [
      {
        "Node Type": "Gather",
        "Parent Relationship": "Outer",
        "Parallel Aware": false,
        "Startup Cost": 105618.44,
        "Total Cost": 105618.55,
        "Plan Rows": 1,
        "Plan Width": 8,
        "Actual Startup Time": 522.076,
        "Actual Total Time": 536.746,
        "Actual Rows": 2,
        "Actual Loops": 1,
        "Workers Planned": 1,
        "Workers Launched": 1,
        "Single Copy": false,
        "Plans": [
          {
            "Node Type": "Aggregate",
            "Strategy": "Plain",
            "Partial Mode": "Partial",
            "Parent Relationship": "Outer",
            "Parallel Aware": false,
            "Startup Cost": 104618.44,
            "Total Cost": 104618.45,
            "Plan Rows": 1,
            "Plan Width": 8,
            "Actual Startup Time": 516.239,
            "Actual Total Time": 516.244,
            "Actual Rows": 1,
            "Actual Loops": 2,
            "Plans": [
              {
                "Node Type": "Hash Join",
                "Parent Relationship": "Outer",
                "Parallel Aware": true,
                "Join Type": "Inner",
                "Startup Cost": 45432.88,
                "Total Cost": 104334.44,
                "Plan Rows": 113598,
                "Plan Width": 0,
                "Actual Startup Time": 222.048,
                "Actual Total Time": 502.919,
                "Actual Rows": 307724,
                "Actual Loops": 2,
                "Inner Unique": false,
                "Hash Cond": "(t.id = mc.movie_id)",
                "Plans": [
                  {
                    "Node Type": "Seq Scan",
                    "Parent Relationship": "Outer",
                    "Parallel Aware": true,
                    "Relation Name": "title",
                    "Alias": "t",
                    "Startup Cost": 0.0,
                    "Total Cost": 54588.39,
                    "Plan Rows": 583193,
                    "Plan Width": 4,
                    "Actual Startup Time": 0.012,
                    "Actual Total Time": 123.515,
                    "Actual Rows": 492524,
                    "Actual Loops": 2,
                    "Filter": "(kind_id < 7)",
                    "Rows Removed by Filter": 771632
                  },
                  {
                    "Node Type": "Hash",
                    "Parent Relationship": "Inner",
                    "Parallel Aware": true,
                    "Startup Cost": 41811.73,
                    "Total Cost": 41811.73,
                    "Plan Rows": 289692,
                    "Plan Width": 4,
                    "Actual Startup Time": 216.454,
                    "Actual Total Time": 216.456,
                    "Actual Rows": 406063,
                    "Actual Loops": 2,
                    "Hash Buckets": 1048576,
                    "Original Hash Buckets": 524288,
                    "Hash Batches": 1,
                    "Original Hash Batches": 1,
                    "Peak Memory Usage": 44096,
                    "Plans": [
                      {
                        "Node Type": "Seq Scan",
                        "Parent Relationship": "Outer",
                        "Parallel Aware": true,
                        "Relation Name": "movie_companies",
                        "Alias": "mc",
                        "Startup Cost": 0.0,
                        "Total Cost": 41811.73,
                        "Plan Rows": 289692,
                        "Plan Width": 4,
                        "Actual Startup Time": 62.704,
                        "Actual Total Time": 130.525,
                        "Actual Rows": 406063,
                        "Actual Loops": 2,
                        "Filter": "((company_id > 17292) AND (company_type_id > 1))",
                        "Rows Removed by Filter": 898502
                      }
                    ]
                  }
                ]
              }
            ]
          }
        ]
      }
    ]
  },
  "Planning Time": 0.628,
  "Triggers": [],
  "Execution Time": 536.818
}