[
  {
    "Plan": {
      "Node Type": "Aggregate",
      "Strategy": "Plain",
      "Partial Mode": "Finalize",
      "Parallel Aware": false,
      "Startup Cost": 335719.8,
      "Total Cost": 335719.81,
      "Plan Rows": 1,
      "Plan Width": 8,
      "Actual Startup Time": 746.811,
      "Actual Total Time": 792.651,
      "Actual Rows": 1,
      "Actual Loops": 1,
      "Plans": [
        {
          "Node Type": "Gather",
          "Parent Relationship": "Outer",
          "Parallel Aware": false,
          "Startup Cost": 335719.17,
          "Total Cost": 335719.78,
          "Plan Rows": 6,
          "Plan Width": 8,
          "Actual Startup Time": 746.626,
          "Actual Total Time": 792.637,
          "Actual Rows": 7,
          "Actual Loops": 1,
          "Workers Planned": 6,
          "Workers Launched": 6,
          "Single Copy": false,
          "Plans": [
            {
              "Node Type": "Aggregate",
              "Strategy": "Plain",
              "Partial Mode": "Partial",
              "Parent Relationship": "Outer",
              "Parallel Aware": false,
              "Startup Cost": 334719.17,
              "Total Cost": 334719.18,
              "Plan Rows": 1,
              "Plan Width": 8,
              "Actual Startup Time": 739.989,
              "Actual Total Time": 739.99,
              "Actual Rows": 1,
              "Actual Loops": 7,
              "Plans": [
                {
                  "Node Type": "Seq Scan",
                  "Parent Relationship": "Outer",
                  "Parallel Aware": true,
                  "Relation Name": "cast_info",
                  "Alias": "ci",
                  "Startup Cost": 0.0,
                  "Total Cost": 328211.39,
                  "Plan Rows": 2603113,
                  "Plan Width": 0,
                  "Actual Startup Time": 261.568,
                  "Actual Total Time": 627.923,
                  "Actual Rows": 2188224,
                  "Actual Loops": 7,
                  "Filter": "(person_id > 2109427)",
                  "Rows Removed by Filter": 2989539
                }
              ]
            }
          ]
        }
      ]
    },
    "Planning Time": 0.096,
    "Triggers": [],
    "Execution Time": 792.699
  }
]