[
  {
    "Plan": {
      "Node Type": "Aggregate",
      "Strategy": "Plain",
      "Partial Mode": "Finalize",
      "Parallel Aware": false,
      "Startup Cost": 49082.87,
      "Total Cost": 49082.88,
      "Plan Rows": 1,
      "Plan Width": 8,
      "Actual Startup Time": 69.933,
      "Actual Total Time": 77.271,
      "Actual Rows": 1,
      "Actual Loops": 1,
      "Plans": [
        {
          "Node Type": "Gather",
          "Parent Relationship": "Outer",
          "Parallel Aware": false,
          "Startup Cost": 49082.55,
          "Total Cost": 49082.86,
          "Plan Rows": 3,
          "Plan Width": 8,
          "Actual Startup Time": 69.543,
          "Actual Total Time": 77.264,
          "Actual Rows": 4,
          "Actual Loops": 1,
          "Workers Planned": 3,
          "Workers Launched": 3,
          "Single Copy": false,
          "Plans": [
            {
              "Node Type": "Aggregate",
              "Strategy": "Plain",
              "Partial Mode": "Partial",
              "Parent Relationship": "Outer",
              "Parallel Aware": false,
              "Startup Cost": 48082.55,
              "Total Cost": 48082.56,
              "Plan Rows": 1,
              "Plan Width": 8,
              "Actual Startup Time": 59.913,
              "Actual Total Time": 59.916,
              "Actual Rows": 1,
              "Actual Loops": 4,
              "Plans": [
                {
                  "Node Type": "Nested Loop",
                  "Parent Relationship": "Outer",
                  "Parallel Aware": false,
                  "Join Type": "Inner",
                  "Startup Cost": 21043.92,
                  "Total Cost": 48082.5,
                  "Plan Rows": 19,
                  "Plan Width": 0,
                  "Actual Startup Time": 55.907,
                  "Actual Total Time": 59.906,
                  "Actual Rows": 24,
                  "Actual Loops": 4,
                  "Inner Unique": true,
                  "Join Filter": "(mc.movie_id = t.id)",
                  "Rows Removed by Join Filter": 0,
                  "Plans": [
                    {
                      "Node Type": "Hash Join",
                      "Parent Relationship": "Outer",
                      "Parallel Aware": true,
                      "Join Type": "Inner",
                      "Startup Cost": 21043.49,
                      "Total Cost": 45819.22,
                      "Plan Rows": 678,
                      "Plan Width": 8,
                      "Actual Startup Time": 55.609,
                      "Actual Total Time": 58.255,
                      "Actual Rows": 185,
                      "Actual Loops": 4,
                      "Inner Unique": false,
                      "Hash Cond": "(mk.movie_id = mc.movie_id)",
                      "Plans": [
                        {
                          "Node Type": "Bitmap Heap Scan",
                          "Parent Relationship": "Outer",
                          "Parallel Aware": true,
                          "Relation Name": "movie_keyword",
                          "Alias": "mk",
                          "Startup Cost": 1203.11,
                          "Total Cost": 25885.34,
                          "Plan Rows": 18259,
                          "Plan Width": 4,
                          "Actual Startup Time": 13.639,
                          "Actual Total Time": 45.312,
                          "Actual Rows": 12924,
                          "Actual Loops": 4,
                          "Recheck Cond": "(keyword_id < 52)",
                          "Rows Removed by Index Recheck": 0,
                          "Exact Heap Blocks": 11351,
                          "Lossy Heap Blocks": 0,
                          "Plans": [
                            {
                              "Node Type": "Bitmap Index Scan",
                              "Parent Relationship": "Outer",
                              "Parallel Aware": false,
                              "Index Name": "keyword_id_movie_keyword",
                              "Startup Cost": 0.0,
                              "Total Cost": 1188.95,
                              "Plan Rows": 56603,
                              "Plan Width": 0,
                              "Actual Startup Time": 9.278,
                              "Actual Total Time": 9.278,
                              "Actual Rows": 51698,
                              "Actual Loops": 1,
                              "Index Cond": "(keyword_id < 52)"
                            }
                          ]
                        },
                        {
                          "Node Type": "Hash",
                          "Parent Relationship": "Inner",
                          "Parallel Aware": true,
                          "Startup Cost": 19767.69,
                          "Total Cost": 19767.69,
                          "Plan Rows": 5816,
                          "Plan Width": 4,
                          "Actual Startup Time": 7.954,
                          "Actual Total Time": 7.956,
                          "Actual Rows": 4140,
                          "Actual Loops": 4,
                          "Hash Buckets": 32768,
                          "Original Hash Buckets": 32768,
                          "Hash Batches": 1,
                          "Original Hash Batches": 1,
                          "Peak Memory Usage": 928,
                          "Plans": [
                            {
                              "Node Type": "Bitmap Heap Scan",
                              "Parent Relationship": "Outer",
                              "Parallel Aware": true,
                              "Relation Name": "movie_companies",
                              "Alias": "mc",
                              "Startup Cost": 392.16,
                              "Total Cost": 19767.69,
                              "Plan Rows": 5816,
                              "Plan Width": 4,
                              "Actual Startup Time": 0.707,
                              "Actual Total Time": 5.35,
                              "Actual Rows": 4140,
                              "Actual Loops": 4,
                              "Recheck Cond": "(company_id > 219405)",
                              "Rows Removed by Index Recheck": 0,
                              "Exact Heap Blocks": 461,
                              "Lossy Heap Blocks": 0,
                              "Plans": [
                                {
                                  "Node Type": "Bitmap Index Scan",
                                  "Parent Relationship": "Outer",
                                  "Parallel Aware": false,
                                  "Index Name": "company_id_movie_companies",
                                  "Startup Cost": 0.0,
                                  "Total Cost": 387.66,
                                  "Plan Rows": 18030,
                                  "Plan Width": 0,
                                  "Actual Startup Time": 2.108,
                                  "Actual Total Time": 2.108,
                                  "Actual Rows": 16561,
                                  "Actual Loops": 1,
                                  "Index Cond": "(company_id > 219405)"
                                }
                              ]
                            }
                          ]
                        }
                      ]
                    },
                    {
                      "Node Type": "Index Scan",
                      "Parent Relationship": "Inner",
                      "Parallel Aware": false,
                      "Scan Direction": "Forward",
                      "Index Name": "title_pkey",
                      "Relation Name": "title",
                      "Alias": "t",
                      "Startup Cost": 0.43,
                      "Total Cost": 3.33,
                      "Plan Rows": 1,
                      "Plan Width": 4,
                      "Actual Startup Time": 0.008,
                      "Actual Total Time": 0.008,
                      "Actual Rows": 0,
                      "Actual Loops": 740,
                      "Index Cond": "(id = mk.movie_id)",
                      "Rows Removed by Index Recheck": 0,
                      "Filter": "(production_year < 1971)",
                      "Rows Removed by Filter": 1
                    }
                  ]
                }
              ]
            }
          ]
        }
      ]
    },
    "Planning Time": 1.537,
    "Triggers": [],
    "Execution Time": 77.415
  }
]