[
  {
    "Plan": {
      "Node Type": "Aggregate",
      "Strategy": "Plain",
      "Partial Mode": "Finalize",
      "Parallel Aware": false,
      "Startup Cost": 31755.17,
      "Total Cost": 31755.18,
      "Plan Rows": 1,
      "Plan Width": 8,
      "Actual Startup Time": 110.364,
      "Actual Total Time": 118.807,
      "Actual Rows": 1,
      "Actual Loops": 1,
      "Plans": [
        {
          "Node Type": "Gather",
          "Parent Relationship": "Outer",
          "Parallel Aware": false,
          "Startup Cost": 31754.85,
          "Total Cost": 31755.16,
          "Plan Rows": 3,
          "Plan Width": 8,
          "Actual Startup Time": 110.234,
          "Actual Total Time": 118.798,
          "Actual Rows": 4,
          "Actual Loops": 1,
          "Workers Planned": 3,
          "Workers Launched": 3,
          "Single Copy": false,
          "Plans": [
            {
              "Node Type": "Aggregate",
              "Strategy": "Plain",
              "Partial Mode": "Partial",
              "Parent Relationship": "Outer",
              "Parallel Aware": false,
              "Startup Cost": 30754.85,
              "Total Cost": 30754.86,
              "Plan Rows": 1,
              "Plan Width": 8,
              "Actual Startup Time": 105.417,
              "Actual Total Time": 105.418,
              "Actual Rows": 1,
              "Actual Loops": 4,
              "Plans": [
                {
                  "Node Type": "Seq Scan",
                  "Parent Relationship": "Outer",
                  "Parallel Aware": true,
                  "Relation Name": "movie_companies",
                  "Alias": "mc",
                  "Startup Cost": 0.0,
                  "Total Cost": 29310.68,
                  "Plan Rows": 577668,
                  "Plan Width": 0,
                  "Actual Startup Time": 0.599,
                  "Actual Total Time": 82.38,
                  "Actual Rows": 447350,
                  "Actual Loops": 4,
                  "Filter": "(company_id > 1940)",
                  "Rows Removed by Filter": 204933
                }
              ]
            }
          ]
        }
      ]
    },
    "Planning Time": 0.191,
    "Triggers": [],
    "Execution Time": 118.863
  }
]