[
  {
    "Plan": {
      "Node Type": "Aggregate",
      "Strategy": "Plain",
      "Partial Mode": "Finalize",
      "Parallel Aware": false,
      "Startup Cost": 25182.11,
      "Total Cost": 25182.12,
      "Plan Rows": 1,
      "Plan Width": 8,
      "Actual Startup Time": 80.678,
      "Actual Total Time": 88.323,
      "Actual Rows": 1,
      "Actual Loops": 1,
      "Plans": [
        {
          "Node Type": "Gather",
          "Parent Relationship": "Outer",
          "Parallel Aware": false,
          "Startup Cost": 25181.79,
          "Total Cost": 25182.1,
          "Plan Rows": 3,
          "Plan Width": 8,
          "Actual Startup Time": 80.364,
          "Actual Total Time": 88.31,
          "Actual Rows": 4,
          "Actual Loops": 1,
          "Workers Planned": 3,
          "Workers Launched": 3,
          "Single Copy": false,
          "Plans": [
            {
              "Node Type": "Aggregate",
              "Strategy": "Plain",
              "Partial Mode": "Partial",
              "Parent Relationship": "Outer",
              "Parallel Aware": false,
              "Startup Cost": 24181.79,
              "Total Cost": 24181.8,
              "Plan Rows": 1,
              "Plan Width": 8,
              "Actual Startup Time": 74.483,
              "Actual Total Time": 74.485,
              "Actual Rows": 1,
              "Actual Loops": 4,
              "Plans": [
                {
                  "Node Type": "Bitmap Heap Scan",
                  "Parent Relationship": "Outer",
                  "Parallel Aware": true,
                  "Relation Name": "movie_companies",
                  "Alias": "mc",
                  "Startup Cost": 4408.05,
                  "Total Cost": 24017.83,
                  "Plan Rows": 65583,
                  "Plan Width": 0,
                  "Actual Startup Time": 26.262,
                  "Actual Total Time": 69.706,
                  "Actual Rows": 49174,
                  "Actual Loops": 4,
                  "Recheck Cond": "(company_id < 54)",
                  "Rows Removed by Index Recheck": 0,
                  "Exact Heap Blocks": 7172,
                  "Lossy Heap Blocks": 0,
                  "Plans": [
                    {
                      "Node Type": "Bitmap Index Scan",
                      "Parent Relationship": "Outer",
                      "Parallel Aware": false,
                      "Index Name": "company_id_movie_companies",
                      "Startup Cost": 0.0,
                      "Total Cost": 4357.23,
                      "Plan Rows": 203306,
                      "Plan Width": 0,
                      "Actual Startup Time": 26.974,
                      "Actual Total Time": 26.974,
                      "Actual Rows": 196698,
                      "Actual Loops": 1,
                      "Index Cond": "(company_id < 54)"
                    }
                  ]
                }
              ]
            }
          ]
        }
      ]
    },
    "Planning Time": 0.319,
    "Triggers": [],
    "Execution Time": 88.4
  }
]