{
  "Plan": {
    "Node Type": "Aggregate",
    "Strategy": "Plain",
    "Partial Mode": "Finalize",
    "Parallel Aware": false,
    "Startup Cost": 181801.38,
    "Total Cost": 181801.39,
    "Plan Rows": 1,
    "Plan Width": 8,
    "Actual Startup Time": 1225.232,
    "Actual Total Time": 1269.812,
    "Actual Rows": 1,
    "Actual Loops": 1,
    "Plans": [
      {
        "Node Type": "Gather",
        "Parent Relationship": "Outer",
        "Parallel Aware": false,
        "Startup Cost": 181801.27,
        "Total Cost": 181801.38,
        "Plan Rows": 1,
        "Plan Width": 8,
        "Actual Startup Time": 1218.702,
        "Actual Total Time": 1269.803,
        "Actual Rows": 2,
        "Actual Loops": 1,
        "Workers Planned": 1,
        "Workers Launched": 1,
        "Single Copy": false,
        "Plans": [
          {
            "Node Type": "Aggregate",
            "Strategy": "Plain",
            "Partial Mode": "Partial",
            "Parent Relationship": "Outer",
            "Parallel Aware": false,
            "Startup Cost": 180801.27,
            "Total Cost": 180801.28,
            "Plan Rows": 1,
            "Plan Width": 8,
            "Actual Startup Time": 1215.665,
            "Actual Total Time": 1215.67,
            "Actual Rows": 1,
            "Actual Loops": 2,
            "Plans": [
              {
                "Node Type": "Nested Loop",
                "Parent Relationship": "Outer",
                "Parallel Aware": false,
                "Join Type": "Inner",
                "Startup Cost": 59620.1,
                "Total Cost": 180239.17,
                "Plan Rows": 224842,
                "Plan Width": 0,
                "Actual Startup Time": 204.276,
                "Actual Total Time": 1154.456,
                "Actual Rows": 1427524,
                "Actual Loops": 2,
                "Inner Unique": false,
                "Join Filter": "(t.id = mi.movie_id)",
                "Rows Removed by Join Filter": 0,
                "Plans": [
                  {
                    "Node Type": "Hash Join",
                    "Parent Relationship": "Outer",
                    "Parallel Aware": true,
                    "Join Type": "Inner",
                    "Startup Cost": 59619.67,
                    "Total Cost": 79130.92,
                    "Plan Rows": 38452,
                    "Plan Width": 8,
                    "Actual Startup Time": 204.202,
                    "Actual Total Time": 357.92,
                    "Actual Rows": 74582,
                    "Actual Loops": 2,
                    "Inner Unique": true,
                    "Hash Cond": "(mi_idx.movie_id = t.id)",
                    "Plans": [
                      {
                        "Node Type": "Seq Scan",
                        "Parent Relationship": "Outer",
                        "Parallel Aware": true,
                        "Relation Name": "movie_info_idx",
                        "Alias": "mi_idx",
                        "Startup Cost": 0.0,
                        "Total Cost": 18082.32,
                        "Plan Rows": 544356,
                        "Plan Width": 4,
                        "Actual Startup Time": 0.02,
                        "Actual Total Time": 61.404,
                        "Actual Rows": 460055,
                        "Actual Loops": 2,
                        "Filter": "(info_type_id > 99)",
                        "Rows Removed by Filter": 229962
                      },
                      {
                        "Node Type": "Hash",
                        "Parent Relationship": "Inner",
                        "Parallel Aware": true,
                        "Startup Cost": 58306.47,
                        "Total Cost": 58306.47,
                        "Plan Rows": 105056,
                        "Plan Width": 4,
                        "Actual Startup Time": 200.787,
                        "Actual Total Time": 200.788,
                        "Actual Rows": 144112,
                        "Actual Loops": 2,
                        "Hash Buckets": 524288,
                        "Original Hash Buckets": 262144,
                        "Hash Batches": 1,
                        "Original Hash Batches": 1,
                        "Peak Memory Usage": 17440,
                        "Plans": [
                          {
                            "Node Type": "Seq Scan",
                            "Parent Relationship": "Outer",
                            "Parallel Aware": true,
                            "Relation Name": "title",
                            "Alias": "t",
                            "Startup Cost": 0.0,
                            "Total Cost": 58306.47,
                            "Plan Rows": 105056,
                            "Plan Width": 4,
                            "Actual Startup Time": 0.152,
                            "Actual Total Time": 152.44,
                            "Actual Rows": 144112,
                            "Actual Loops": 2,
                            "Filter": "((kind_id < 7) AND (production_year < 1977))",
                            "Rows Removed by Filter": 1120044
                          }
                        ]
                      }
                    ]
                  },
                  {
                    "Node Type": "Index Only Scan",
                    "Parent Relationship": "Inner",
                    "Parallel Aware": false,
                    "Scan Direction": "Forward",
                    "Index Name": "movie_id_movie_info",
                    "Relation Name": "movie_info",
                    "Alias": "mi",
                    "Startup Cost": 0.43,
                    "Total Cost": 2.1,
                    "Plan Rows": 42,
                    "Plan Width": 4,
                    "Actual Startup Time": 0.003,
                    "Actual Total Time": 0.009,
                    "Actual Rows": 19,
                    "Actual Loops": 149163,
                    "Index Cond": "(movie_id = mi_idx.movie_id)",
                    "Rows Removed by Index Recheck": 0,
                    "Heap Fetches": 2855049
                  }
                ]
              }
            ]
          }
        ]
      }
    ]
  },
  "Planning Time": 0.961,
  "Triggers": [],
  "Execution Time": 1269.93
}