[
  {
    "Plan": {
      "Node Type": "Aggregate",
      "Strategy": "Plain",
      "Partial Mode": "Simple",
      "Parallel Aware": false,
      "Startup Cost": 7501.81,
      "Total Cost": 7501.82,
      "Plan Rows": 1,
      "Plan Width": 96,
      "Actual Startup Time": 3366.631,
      "Actual Total Time": 3366.639,
      "Actual Rows": 1,
      "Actual Loops": 1,
      "Output": [
        "min(cn.name)",
        "min(mi_idx.info)",
        "min(t.title)"
      ],
      "Plans": [
        {
          "Node Type": "Nested Loop",
          "Parent Relationship": "Outer",
          "Parallel Aware": false,
          "Join Type": "Inner",
          "Startup Cost": 13.63,
          "Total Cost": 7501.8,
          "Plan Rows": 1,
          "Plan Width": 41,
          "Actual Startup Time": 36.71,
          "Actual Total Time": 3366.151,
          "Actual Rows": 955,
          "Actual Loops": 1,
          "Output": [
            "cn.name",
            "mi_idx.info",
            "t.title"
          ],
          "Inner Unique": true,
          "Plans": [
            {
              "Node Type": "Nested Loop",
              "Parent Relationship": "Outer",
              "Parallel Aware": false,
              "Join Type": "Inner",
              "Startup Cost": 13.5,
              "Total Cost": 7501.64,
              "Plan Rows": 1,
              "Plan Width": 45,
              "Actual Startup Time": 36.707,
              "Actual Total Time": 3364.862,
              "Actual Rows": 1103,
              "Actual Loops": 1,
              "Output": [
                "cc.status_id",
                "cn.name",
                "mi_idx.info",
                "t.title"
              ],
              "Inner Unique": true,
              "Plans": [
                {
                  "Node Type": "Nested Loop",
                  "Parent Relationship": "Outer",
                  "Parallel Aware": false,
                  "Join Type": "Inner",
                  "Startup Cost": 13.37,
                  "Total Cost": 7501.47,
                  "Plan Rows": 1,
                  "Plan Width": 49,
                  "Actual Startup Time": 36.507,
                  "Actual Total Time": 3356.417,
                  "Actual Rows": 5364,
                  "Actual Loops": 1,
                  "Output": [
                    "cc.subject_id",
                    "cc.status_id",
                    "cn.name",
                    "mi_idx.info",
                    "t.title"
                  ],
                  "Inner Unique": true,
                  "Plans": [
                    {
                      "Node Type": "Nested Loop",
                      "Parent Relationship": "Outer",
                      "Parallel Aware": false,
                      "Join Type": "Inner",
                      "Startup Cost": 12.95,
                      "Total Cost": 7500.93,
                      "Plan Rows": 1,
                      "Plan Width": 34,
                      "Actual Startup Time": 36.418,
                      "Actual Total Time": 3321.624,
                      "Actual Rows": 5535,
                      "Actual Loops": 1,
                      "Output": [
                        "cc.subject_id",
                        "cc.status_id",
                        "mc.company_id",
                        "mi_idx.info",
                        "t.title"
                      ],
                      "Inner Unique": false,
                      "Join Filter": "(mi.info_type_id = it1.id)",
                      "Rows Removed by Join Filter": 2779,
                      "Plans": [
                        {
                          "Node Type": "Seq Scan",
                          "Parent Relationship": "Outer",
                          "Parallel Aware": false,
                          "Relation Name": "info_type",
                          "Schema": "public",
                          "Alias": "it1",
                          "Startup Cost": 0.0,
                          "Total Cost": 2.41,
                          "Plan Rows": 1,
                          "Plan Width": 4,
                          "Actual Startup Time": 0.031,
                          "Actual Total Time": 0.037,
                          "Actual Rows": 1,
                          "Actual Loops": 1,
                          "Output": [
                            "it1.id",
                            "it1.info"
                          ],
                          "Filter": "((it1.info)::text = 'countries'::text)",
                          "Rows Removed by Filter": 112
                        },
                        {
                          "Node Type": "Nested Loop",
                          "Parent Relationship": "Inner",
                          "Parallel Aware": false,
                          "Join Type": "Inner",
                          "Startup Cost": 12.95,
                          "Total Cost": 7497.27,
                          "Plan Rows": 100,
                          "Plan Width": 38,
                          "Actual Startup Time": 36.382,
                          "Actual Total Time": 3319.951,
                          "Actual Rows": 8314,
                          "Actual Loops": 1,
                          "Output": [
                            "cc.subject_id",
                            "cc.status_id",
                            "mc.company_id",
                            "mi.info_type_id",
                            "mi_idx.info",
                            "t.title"
                          ],
                          "Inner Unique": true,
                          "Join Filter": "(t.kind_id = kt.id)",
                          "Rows Removed by Join Filter": 446,
                          "Plans": [
                            {
                              "Node Type": "Nested Loop",
                              "Parent Relationship": "Outer",
                              "Parallel Aware": false,
                              "Join Type": "Inner",
                              "Startup Cost": 12.95,
                              "Total Cost": 7496.16,
                              "Plan Rows": 1,
                              "Plan Width": 42,
                              "Actual Startup Time": 36.372,
                              "Actual Total Time": 3287.004,
                              "Actual Rows": 8524,
                              "Actual Loops": 1,
                              "Output": [
                                "cc.subject_id",
                                "cc.status_id",
                                "mc.company_id",
                                "mi.info_type_id",
                                "mi_idx.info",
                                "t.title",
                                "t.kind_id"
                              ],
                              "Inner Unique": false,
                              "Join Filter": "(t.id = mi.movie_id)",
                              "Rows Removed by Join Filter": 0,
                              "Plans": [
                                {
                                  "Node Type": "Nested Loop",
                                  "Parent Relationship": "Outer",
                                  "Parallel Aware": false,
                                  "Join Type": "Inner",
                                  "Startup Cost": 12.51,
                                  "Total Cost": 7494.57,
                                  "Plan Rows": 1,
                                  "Plan Width": 58,
                                  "Actual Startup Time": 21.324,
                                  "Actual Total Time": 1362.635,
                                  "Actual Rows": 22711,
                                  "Actual Loops": 1,
                                  "Output": [
                                    "cc.movie_id",
                                    "cc.subject_id",
                                    "cc.status_id",
                                    "mc.movie_id",
                                    "mc.company_id",
                                    "mi_idx.info",
                                    "mi_idx.movie_id",
                                    "mk.movie_id",
                                    "t.title",
                                    "t.kind_id",
                                    "t.id"
                                  ],
                                  "Inner Unique": true,
                                  "Plans": [
                                    {
                                      "Node Type": "Nested Loop",
                                      "Parent Relationship": "Outer",
                                      "Parallel Aware": false,
                                      "Join Type": "Inner",
                                      "Startup Cost": 12.08,
                                      "Total Cost": 7494.08,
                                      "Plan Rows": 1,
                                      "Plan Width": 33,
                                      "Actual Startup Time": 21.121,
                                      "Actual Total Time": 1146.016,
                                      "Actual Rows": 43624,
                                      "Actual Loops": 1,
                                      "Output": [
                                        "cc.movie_id",
                                        "cc.subject_id",
                                        "cc.status_id",
                                        "mc.movie_id",
                                        "mc.company_id",
                                        "mi_idx.info",
                                        "mi_idx.movie_id",
                                        "mk.movie_id"
                                      ],
                                      "Inner Unique": true,
                                      "Join Filter": "(mc.company_type_id = ct.id)",
                                      "Rows Removed by Join Filter": 10,
                                      "Plans": [
                                        {
                                          "Node Type": "Nested Loop",
                                          "Parent Relationship": "Outer",
                                          "Parallel Aware": false,
                                          "Join Type": "Inner",
                                          "Startup Cost": 12.08,
                                          "Total Cost": 7492.99,
                                          "Plan Rows": 1,
                                          "Plan Width": 37,
                                          "Actual Startup Time": 21.107,
                                          "Actual Total Time": 996.867,
                                          "Actual Rows": 43624,
                                          "Actual Loops": 1,
                                          "Output": [
                                            "cc.movie_id",
                                            "cc.subject_id",
                                            "cc.status_id",
                                            "mc.movie_id",
                                            "mc.company_type_id",
                                            "mc.company_id",
                                            "mi_idx.info",
                                            "mi_idx.movie_id",
                                            "mk.movie_id"
                                          ],
                                          "Inner Unique": false,
                                          "Plans": [
                                            {
                                              "Node Type": "Nested Loop",
                                              "Parent Relationship": "Outer",
                                              "Parallel Aware": false,
                                              "Join Type": "Inner",
                                              "Startup Cost": 11.65,
                                              "Total Cost": 7492.42,
                                              "Plan Rows": 1,
                                              "Plan Width": 25,
                                              "Actual Startup Time": 20.018,
                                              "Actual Total Time": 742.9,
                                              "Actual Rows": 8532,
                                              "Actual Loops": 1,
                                              "Output": [
                                                "cc.movie_id",
                                                "cc.subject_id",
                                                "cc.status_id",
                                                "mi_idx.info",
                                                "mi_idx.movie_id",
                                                "mk.movie_id"
                                              ],
                                              "Inner Unique": false,
                                              "Plans": [
                                                {
                                                  "Node Type": "Nested Loop",
                                                  "Parent Relationship": "Outer",
                                                  "Parallel Aware": false,
                                                  "Join Type": "Inner",
                                                  "Startup Cost": 11.23,
                                                  "Total Cost": 7491.94,
                                                  "Plan Rows": 1,
                                                  "Plan Width": 13,
                                                  "Actual Startup Time": 14.076,
                                                  "Actual Total Time": 694.614,
                                                  "Actual Rows": 11708,
                                                  "Actual Loops": 1,
                                                  "Output": [
                                                    "mi_idx.info",
                                                    "mi_idx.movie_id",
                                                    "mk.movie_id"
                                                  ],
                                                  "Inner Unique": false,
                                                  "Join Filter": "(mi_idx.info_type_id = it2.id)",
                                                  "Rows Removed by Join Filter": 6993,
                                                  "Plans": [
                                                    {
                                                      "Node Type": "Seq Scan",
                                                      "Parent Relationship": "Outer",
                                                      "Parallel Aware": false,
                                                      "Relation Name": "info_type",
                                                      "Schema": "public",
                                                      "Alias": "it2",
                                                      "Startup Cost": 0.0,
                                                      "Total Cost": 2.41,
                                                      "Plan Rows": 1,
                                                      "Plan Width": 4,
                                                      "Actual Startup Time": 0.032,
                                                      "Actual Total Time": 0.034,
                                                      "Actual Rows": 1,
                                                      "Actual Loops": 1,
                                                      "Output": [
                                                        "it2.id",
                                                        "it2.info"
                                                      ],
                                                      "Filter": "((it2.info)::text = 'rating'::text)",
                                                      "Rows Removed by Filter": 112
                                                    },
                                                    {
                                                      "Node Type": "Nested Loop",
                                                      "Parent Relationship": "Inner",
                                                      "Parallel Aware": false,
                                                      "Join Type": "Inner",
                                                      "Startup Cost": 11.23,
                                                      "Total Cost": 7488.41,
                                                      "Plan Rows": 89,
                                                      "Plan Width": 17,
                                                      "Actual Startup Time": 14.041,
                                                      "Actual Total Time": 691.336,
                                                      "Actual Rows": 18701,
                                                      "Actual Loops": 1,
                                                      "Output": [
                                                        "mk.movie_id",
                                                        "mi_idx.info",
                                                        "mi_idx.movie_id",
                                                        "mi_idx.info_type_id"
                                                      ],
                                                      "Inner Unique": false,
                                                      "Plans": [
                                                        {
                                                          "Node Type": "Nested Loop",
                                                          "Parent Relationship": "Outer",
                                                          "Parallel Aware": false,
                                                          "Join Type": "Inner",
                                                          "Startup Cost": 10.8,
                                                          "Total Cost": 7419.56,
                                                          "Plan Rows": 135,
                                                          "Plan Width": 4,
                                                          "Actual Startup Time": 13.811,
                                                          "Actual Total Time": 392.81,
                                                          "Actual Rows": 37091,
                                                          "Actual Loops": 1,
                                                          "Output": [
                                                            "mk.movie_id"
                                                          ],
                                                          "Inner Unique": false,
                                                          "Plans": [
                                                            {
                                                              "Node Type": "Seq Scan",
                                                              "Parent Relationship": "Outer",
                                                              "Parallel Aware": false,
                                                              "Relation Name": "keyword",
                                                              "Schema": "public",
                                                              "Alias": "k",
                                                              "Startup Cost": 0.0,
                                                              "Total Cost": 2961.55,
                                                              "Plan Rows": 4,
                                                              "Plan Width": 4,
                                                              "Actual Startup Time": 3.964,
                                                              "Actual Total Time": 21.089,
                                                              "Actual Rows": 3,
                                                              "Actual Loops": 1,
                                                              "Output": [
                                                                "k.id",
                                                                "k.keyword",
                                                                "k.phonetic_code"
                                                              ],
                                                              "Filter": "(k.keyword = ANY ('{murder,murder-in-title,blood,violence}'::text[]))",
                                                              "Rows Removed by Filter": 134167
                                                            },
                                                            {
                                                              "Node Type": "Bitmap Heap Scan",
                                                              "Parent Relationship": "Inner",
                                                              "Parallel Aware": false,
                                                              "Relation Name": "movie_keyword",
                                                              "Schema": "public",
                                                              "Alias": "mk",
                                                              "Startup Cost": 10.8,
                                                              "Total Cost": 1111.44,
                                                              "Plan Rows": 306,
                                                              "Plan Width": 8,
                                                              "Actual Startup Time": 5.308,
                                                              "Actual Total Time": 121.225,
                                                              "Actual Rows": 12364,
                                                              "Actual Loops": 3,
                                                              "Output": [
                                                                "mk.id",
                                                                "mk.movie_id",
                                                                "mk.keyword_id"
                                                              ],
                                                              "Recheck Cond": "(mk.keyword_id = k.id)",
                                                              "Rows Removed by Index Recheck": 0,
                                                              "Exact Heap Blocks": 26312,
                                                              "Lossy Heap Blocks": 0,
                                                              "Plans": [
                                                                {
                                                                  "Node Type": "Bitmap Index Scan",
                                                                  "Parent Relationship": "Outer",
                                                                  "Parallel Aware": false,
                                                                  "Index Name": "keyword_id_movie_keyword",
                                                                  "Startup Cost": 0.0,
                                                                  "Total Cost": 10.73,
                                                                  "Plan Rows": 306,
                                                                  "Plan Width": 0,
                                                                  "Actual Startup Time": 3.424,
                                                                  "Actual Total Time": 3.424,
                                                                  "Actual Rows": 12364,
                                                                  "Actual Loops": 3,
                                                                  "Index Cond": "(mk.keyword_id = k.id)"
                                                                }
                                                              ]
                                                            }
                                                          ]
                                                        },
                                                        {
                                                          "Node Type": "Index Scan",
                                                          "Parent Relationship": "Inner",
                                                          "Parallel Aware": false,
                                                          "Scan Direction": "Forward",
                                                          "Index Name": "movie_id_movie_info_idx",
                                                          "Relation Name": "movie_info_idx",
                                                          "Schema": "public",
                                                          "Alias": "mi_idx",
                                                          "Startup Cost": 0.43,
                                                          "Total Cost": 0.5,
                                                          "Plan Rows": 1,
                                                          "Plan Width": 13,
                                                          "Actual Startup Time": 0.007,
                                                          "Actual Total Time": 0.008,
                                                          "Actual Rows": 1,
                                                          "Actual Loops": 37091,
                                                          "Output": [
                                                            "mi_idx.id",
                                                            "mi_idx.movie_id",
                                                            "mi_idx.info_type_id",
                                                            "mi_idx.info",
                                                            "mi_idx.note"
                                                          ],
                                                          "Index Cond": "(mi_idx.movie_id = mk.movie_id)",
                                                          "Rows Removed by Index Recheck": 0,
                                                          "Filter": "(mi_idx.info > '6.5'::text)",
                                                          "Rows Removed by Filter": 2
                                                        }
                                                      ]
                                                    }
                                                  ]
                                                },
                                                {
                                                  "Node Type": "Index Scan",
                                                  "Parent Relationship": "Inner",
                                                  "Parallel Aware": false,
                                                  "Scan Direction": "Forward",
                                                  "Index Name": "movie_id_complete_cast",
                                                  "Relation Name": "complete_cast",
                                                  "Schema": "public",
                                                  "Alias": "cc",
                                                  "Startup Cost": 0.42,
                                                  "Total Cost": 0.46,
                                                  "Plan Rows": 2,
                                                  "Plan Width": 12,
                                                  "Actual Startup Time": 0.003,
                                                  "Actual Total Time": 0.004,
                                                  "Actual Rows": 1,
                                                  "Actual Loops": 11708,
                                                  "Output": [
                                                    "cc.id",
                                                    "cc.movie_id",
                                                    "cc.subject_id",
                                                    "cc.status_id"
                                                  ],
                                                  "Index Cond": "(cc.movie_id = mk.movie_id)",
                                                  "Rows Removed by Index Recheck": 0
                                                }
                                              ]
                                            },
                                            {
                                              "Node Type": "Index Scan",
                                              "Parent Relationship": "Inner",
                                              "Parallel Aware": false,
                                              "Scan Direction": "Forward",
                                              "Index Name": "movie_id_movie_companies",
                                              "Relation Name": "movie_companies",
                                              "Schema": "public",
                                              "Alias": "mc",
                                              "Startup Cost": 0.43,
                                              "Total Cost": 0.57,
                                              "Plan Rows": 1,
                                              "Plan Width": 12,
                                              "Actual Startup Time": 0.018,
                                              "Actual Total Time": 0.028,
                                              "Actual Rows": 5,
                                              "Actual Loops": 8532,
                                              "Output": [
                                                "mc.id",
                                                "mc.movie_id",
                                                "mc.company_id",
                                                "mc.company_type_id",
                                                "mc.note"
                                              ],
                                              "Index Cond": "(mc.movie_id = mk.movie_id)",
                                              "Rows Removed by Index Recheck": 0,
                                              "Filter": "((mc.note !~~ '%(USA)%'::text) AND (mc.note ~~ '%(200%)%'::text))",
                                              "Rows Removed by Filter": 12
                                            }
                                          ]
                                        },
                                        {
                                          "Node Type": "Seq Scan",
                                          "Parent Relationship": "Inner",
                                          "Parallel Aware": false,
                                          "Relation Name": "company_type",
                                          "Schema": "public",
                                          "Alias": "ct",
                                          "Startup Cost": 0.0,
                                          "Total Cost": 1.04,
                                          "Plan Rows": 4,
                                          "Plan Width": 4,
                                          "Actual Startup Time": 0.001,
                                          "Actual Total Time": 0.001,
                                          "Actual Rows": 1,
                                          "Actual Loops": 43624,
                                          "Output": [
                                            "ct.id",
                                            "ct.kind"
                                          ]
                                        }
                                      ]
                                    },
                                    {
                                      "Node Type": "Index Scan",
                                      "Parent Relationship": "Inner",
                                      "Parallel Aware": false,
                                      "Scan Direction": "Forward",
                                      "Index Name": "title_pkey",
                                      "Relation Name": "title",
                                      "Schema": "public",
                                      "Alias": "t",
                                      "Startup Cost": 0.43,
                                      "Total Cost": 0.49,
                                      "Plan Rows": 1,
                                      "Plan Width": 25,
                                      "Actual Startup Time": 0.004,
                                      "Actual Total Time": 0.004,
                                      "Actual Rows": 1,
                                      "Actual Loops": 43624,
                                      "Output": [
                                        "t.id",
                                        "t.title",
                                        "t.imdb_index",
                                        "t.kind_id",
                                        "t.production_year",
                                        "t.imdb_id",
                                        "t.phonetic_code",
                                        "t.episode_of_id",
                                        "t.season_nr",
                                        "t.episode_nr",
                                        "t.series_years",
                                        "t.md5sum"
                                      ],
                                      "Index Cond": "(t.id = mk.movie_id)",
                                      "Rows Removed by Index Recheck": 0,
                                      "Filter": "(t.production_year > 2000)",
                                      "Rows Removed by Filter": 0
                                    }
                                  ]
                                },
                                {
                                  "Node Type": "Index Scan",
                                  "Parent Relationship": "Inner",
                                  "Parallel Aware": false,
                                  "Scan Direction": "Forward",
                                  "Index Name": "movie_id_movie_info",
                                  "Relation Name": "movie_info",
                                  "Schema": "public",
                                  "Alias": "mi",
                                  "Startup Cost": 0.43,
                                  "Total Cost": 1.57,
                                  "Plan Rows": 1,
                                  "Plan Width": 8,
                                  "Actual Startup Time": 0.074,
                                  "Actual Total Time": 0.084,
                                  "Actual Rows": 0,
                                  "Actual Loops": 22711,
                                  "Output": [
                                    "mi.id",
                                    "mi.movie_id",
                                    "mi.info_type_id",
                                    "mi.info",
                                    "mi.note"
                                  ],
                                  "Index Cond": "(mi.movie_id = mk.movie_id)",
                                  "Rows Removed by Index Recheck": 0,
                                  "Filter": "(mi.info = ANY ('{Sweden,Germany,Swedish,German}'::text[]))",
                                  "Rows Removed by Filter": 293
                                }
                              ]
                            },
                            {
                              "Node Type": "Seq Scan",
                              "Parent Relationship": "Inner",
                              "Parallel Aware": false,
                              "Relation Name": "kind_type",
                              "Schema": "public",
                              "Alias": "kt",
                              "Startup Cost": 0.0,
                              "Total Cost": 1.09,
                              "Plan Rows": 2,
                              "Plan Width": 4,
                              "Actual Startup Time": 0.001,
                              "Actual Total Time": 0.001,
                              "Actual Rows": 1,
                              "Actual Loops": 8524,
                              "Output": [
                                "kt.id",
                                "kt.kind"
                              ],
                              "Filter": "((kt.kind)::text = ANY ('{movie,episode}'::text[]))",
                              "Rows Removed by Filter": 0
                            }
                          ]
                        }
                      ]
                    },
                    {
                      "Node Type": "Index Scan",
                      "Parent Relationship": "Inner",
                      "Parallel Aware": false,
                      "Scan Direction": "Forward",
                      "Index Name": "company_name_pkey",
                      "Relation Name": "company_name",
                      "Schema": "public",
                      "Alias": "cn",
                      "Startup Cost": 0.42,
                      "Total Cost": 0.54,
                      "Plan Rows": 1,
                      "Plan Width": 23,
                      "Actual Startup Time": 0.005,
                      "Actual Total Time": 0.005,
                      "Actual Rows": 1,
                      "Actual Loops": 5535,
                      "Output": [
                        "cn.id",
                        "cn.name",
                        "cn.country_code",
                        "cn.imdb_id",
                        "cn.name_pcode_nf",
                        "cn.name_pcode_sf",
                        "cn.md5sum"
                      ],
                      "Index Cond": "(cn.id = mc.company_id)",
                      "Rows Removed by Index Recheck": 0,
                      "Filter": "((cn.country_code)::text <> '[us]'::text)",
                      "Rows Removed by Filter": 0
                    }
                  ]
                },
                {
                  "Node Type": "Index Scan",
                  "Parent Relationship": "Inner",
                  "Parallel Aware": false,
                  "Scan Direction": "Forward",
                  "Index Name": "comp_cast_type_pkey",
                  "Relation Name": "comp_cast_type",
                  "Schema": "public",
                  "Alias": "cct1",
                  "Startup Cost": 0.13,
                  "Total Cost": 0.15,
                  "Plan Rows": 1,
                  "Plan Width": 4,
                  "Actual Startup Time": 0.001,
                  "Actual Total Time": 0.001,
                  "Actual Rows": 0,
                  "Actual Loops": 5364,
                  "Output": [
                    "cct1.id",
                    "cct1.kind"
                  ],
                  "Index Cond": "(cct1.id = cc.subject_id)",
                  "Rows Removed by Index Recheck": 0,
                  "Filter": "((cct1.kind)::text = 'crew'::text)",
                  "Rows Removed by Filter": 1
                }
              ]
            },
            {
              "Node Type": "Index Scan",
              "Parent Relationship": "Inner",
              "Parallel Aware": false,
              "Scan Direction": "Forward",
              "Index Name": "comp_cast_type_pkey",
              "Relation Name": "comp_cast_type",
              "Schema": "public",
              "Alias": "cct2",
              "Startup Cost": 0.13,
              "Total Cost": 0.15,
              "Plan Rows": 1,
              "Plan Width": 4,
              "Actual Startup Time": 0.001,
              "Actual Total Time": 0.001,
              "Actual Rows": 1,
              "Actual Loops": 1103,
              "Output": [
                "cct2.id",
                "cct2.kind"
              ],
              "Index Cond": "(cct2.id = cc.status_id)",
              "Rows Removed by Index Recheck": 0,
              "Filter": "((cct2.kind)::text <> 'complete+verified'::text)",
              "Rows Removed by Filter": 0
            }
          ]
        }
      ]
    },
    "Planning Time": 108367.867,
    "Triggers": [],
    "Execution Time": 3367.151
  }
]