{
  "Plan": {
    "Node Type": "Aggregate",
    "Strategy": "Plain",
    "Partial Mode": "Finalize",
    "Parallel Aware": false,
    "Startup Cost": 118488.94,
    "Total Cost": 118488.95,
    "Plan Rows": 1,
    "Plan Width": 8,
    "Actual Startup Time": 450.323,
    "Actual Total Time": 467.357,
    "Actual Rows": 1,
    "Actual Loops": 1,
    "Plans": [
      {
        "Node Type": "Gather",
        "Parent Relationship": "Outer",
        "Parallel Aware": false,
        "Startup Cost": 118488.83,
        "Total Cost": 118488.94,
        "Plan Rows": 1,
        "Plan Width": 8,
        "Actual Startup Time": 449.887,
        "Actual Total Time": 467.349,
        "Actual Rows": 2,
        "Actual Loops": 1,
        "Workers Planned": 1,
        "Workers Launched": 1,
        "Single Copy": false,
        "Plans": [
          {
            "Node Type": "Aggregate",
            "Strategy": "Plain",
            "Partial Mode": "Partial",
            "Parent Relationship": "Outer",
            "Parallel Aware": false,
            "Startup Cost": 117488.83,
            "Total Cost": 117488.84,
            "Plan Rows": 1,
            "Plan Width": 8,
            "Actual Startup Time": 445.225,
            "Actual Total Time": 445.228,
            "Actual Rows": 1,
            "Actual Loops": 2,
            "Plans": [
              {
                "Node Type": "Hash Join",
                "Parent Relationship": "Outer",
                "Parallel Aware": true,
                "Join Type": "Inner",
                "Startup Cost": 55502.41,
                "Total Cost": 117297.91,
                "Plan Rows": 76368,
                "Plan Width": 0,
                "Actual Startup Time": 153.003,
                "Actual Total Time": 442.914,
                "Actual Rows": 52650,
                "Actual Loops": 2,
                "Inner Unique": true,
                "Hash Cond": "(mk.movie_id = t.id)",
                "Plans": [
                  {
                    "Node Type": "Seq Scan",
                    "Parent Relationship": "Outer",
                    "Parallel Aware": true,
                    "Relation Name": "movie_keyword",
                    "Alias": "mk",
                    "Startup Cost": 0.0,
                    "Total Cost": 57718.19,
                    "Plan Rows": 1553253,
                    "Plan Width": 4,
                    "Actual Startup Time": 0.294,
                    "Actual Total Time": 189.943,
                    "Actual Rows": 1318264,
                    "Actual Loops": 2,
                    "Filter": "(keyword_id > 3225)",
                    "Rows Removed by Filter": 943702
                  },
                  {
                    "Node Type": "Hash",
                    "Parent Relationship": "Inner",
                    "Parallel Aware": true,
                    "Startup Cost": 54588.39,
                    "Total Cost": 54588.39,
                    "Plan Rows": 73122,
                    "Plan Width": 4,
                    "Actual Startup Time": 150.371,
                    "Actual Total Time": 150.372,
                    "Actual Rows": 59782,
                    "Actual Loops": 2,
                    "Hash Buckets": 131072,
                    "Original Hash Buckets": 131072,
                    "Hash Batches": 1,
                    "Original Hash Batches": 1,
                    "Peak Memory Usage": 5760,
                    "Plans": [
                      {
                        "Node Type": "Seq Scan",
                        "Parent Relationship": "Outer",
                        "Parallel Aware": true,
                        "Relation Name": "title",
                        "Alias": "t",
                        "Startup Cost": 0.0,
                        "Total Cost": 54588.39,
                        "Plan Rows": 73122,
                        "Plan Width": 4,
                        "Actual Startup Time": 0.042,
                        "Actual Total Time": 134.467,
                        "Actual Rows": 59782,
                        "Actual Loops": 2,
                        "Filter": "(production_year = 2007)",
                        "Rows Removed by Filter": 1204374
                      }
                    ]
                  }
                ]
              }
            ]
          }
        ]
      }
    ]
  },
  "Planning Time": 0.437,
  "Triggers": [],
  "Execution Time": 467.426
}