{
    "Plan": {
        "Node Type": "Aggregate",
        "Strategy": "Plain",
        "Partial Mode": "Simple",
        "Parallel Aware": false,
        "Startup Cost": 17408.42,
        "Total Cost": 17408.43,
        "Plan Rows": 1,
        "Plan Width": 8,
        "Actual Startup Time": 33.126,
        "Actual Total Time": 33.129,
        "Actual Rows": 1,
        "Actual Loops": 1,
        "Output": [
            "count(*)"
        ],
        "Plans": [
            {
                "Node Type": "Nested Loop",
                "Parent Relationship": "Outer",
                "Parallel Aware": false,
                "Join Type": "Inner",
                "Startup Cost": 1.42,
                "Total Cost": 17396.85,
                "Plan Rows": 4628,
                "Plan Width": 0,
                "Actual Startup Time": 15.41,
                "Actual Total Time": 32.869,
                "Actual Rows": 1221,
                "Actual Loops": 1,
                "Inner Unique": false,
                "Plans": [
                    {
                        "Node Type": "Nested Loop",
                        "Parent Relationship": "Outer",
                        "Parallel Aware": false,
                        "Join Type": "Inner",
                        "Startup Cost": 0.86,
                        "Total Cost": 15044.06,
                        "Plan Rows": 1153,
                        "Plan Width": 8,
                        "Actual Startup Time": 15.38,
                        "Actual Total Time": 18.24,
                        "Actual Rows": 224,
                        "Actual Loops": 1,
                        "Output": [
                            "t.id",
                            "mc.movie_id"
                        ],
                        "Inner Unique": true,
                        "Plans": [
                            {
                                "Node Type": "Index Scan",
                                "Parent Relationship": "Outer",
                                "Parallel Aware": false,
                                "Scan Direction": "Forward",
                                "Index Name": "company_id_movie_companies",
                                "Relation Name": "movie_companies",
                                "Schema": "public",
                                "Alias": "mc",
                                "Startup Cost": 0.43,
                                "Total Cost": 5652.09,
                                "Plan Rows": 1153,
                                "Plan Width": 4,
                                "Actual Startup Time": 15.341,
                                "Actual Total Time": 15.767,
                                "Actual Rows": 224,
                                "Actual Loops": 1,
                                "Output": [
                                    "mc.id",
                                    "mc.movie_id",
                                    "mc.company_id",
                                    "mc.company_type_id",
                                    "mc.note"
                                ],
                                "Index Cond": "(mc.company_id = 663)",
                                "Rows Removed by Index Recheck": 0,
                                "Filter": "(mc.company_type_id = 2)",
                                "Rows Removed by Filter": 1309
                            },
                            {
                                "Node Type": "Index Only Scan",
                                "Parent Relationship": "Inner",
                                "Parallel Aware": false,
                                "Scan Direction": "Forward",
                                "Index Name": "title_pkey",
                                "Relation Name": "title",
                                "Schema": "public",
                                "Alias": "t",
                                "Startup Cost": 0.43,
                                "Total Cost": 8.15,
                                "Plan Rows": 1,
                                "Plan Width": 4,
                                "Actual Startup Time": 0.01,
                                "Actual Total Time": 0.01,
                                "Actual Rows": 1,
                                "Actual Loops": 224,
                                "Output": [
                                    "t.id"
                                ],
                                "Index Cond": "(t.id = mc.movie_id)",
                                "Rows Removed by Index Recheck": 0,
                                "Heap Fetches": 224
                            }
                        ]
                    },
                    {
                        "Node Type": "Index Scan",
                        "Parent Relationship": "Inner",
                        "Parallel Aware": false,
                        "Scan Direction": "Forward",
                        "Index Name": "movie_id_cast_info",
                        "Relation Name": "cast_info",
                        "Schema": "public",
                        "Alias": "ci",
                        "Startup Cost": 0.56,
                        "Total Cost": 1.93,
                        "Plan Rows": 11,
                        "Plan Width": 4,
                        "Actual Startup Time": 0.014,
                        "Actual Total Time": 0.063,
                        "Actual Rows": 5,
                        "Actual Loops": 224,
                        "Output": [
                            "ci.id",
                            "ci.person_id",
                            "ci.movie_id",
                            "ci.person_role_id",
                            "ci.note",
                            "ci.nr_order",
                            "ci.role_id"
                        ],
                        "Index Cond": "(ci.movie_id = t.id)",
                        "Rows Removed by Index Recheck": 0,
                        "Filter": "(ci.person_id < 995744)",
                        "Rows Removed by Filter": 19
                    }
                ]
            }
        ]
    },
    "Planning Time": 1.756,
    "Triggers": [],
    "Execution Time": 33.213
}