[
  {
    "Plan": {
      "Node Type": "Aggregate",
      "Strategy": "Plain",
      "Partial Mode": "Finalize",
      "Parallel Aware": false,
      "Startup Cost": 186528.59,
      "Total Cost": 186528.6,
      "Plan Rows": 1,
      "Plan Width": 8,
      "Actual Startup Time": 146.863,
      "Actual Total Time": 156.431,
      "Actual Rows": 1,
      "Actual Loops": 1,
      "Plans": [
        {
          "Node Type": "Gather",
          "Parent Relationship": "Outer",
          "Parallel Aware": false,
          "Startup Cost": 186528.07,
          "Total Cost": 186528.58,
          "Plan Rows": 5,
          "Plan Width": 8,
          "Actual Startup Time": 146.011,
          "Actual Total Time": 156.418,
          "Actual Rows": 6,
          "Actual Loops": 1,
          "Workers Planned": 5,
          "Workers Launched": 5,
          "Single Copy": false,
          "Plans": [
            {
              "Node Type": "Aggregate",
              "Strategy": "Plain",
              "Partial Mode": "Partial",
              "Parent Relationship": "Outer",
              "Parallel Aware": false,
              "Startup Cost": 185528.07,
              "Total Cost": 185528.08,
              "Plan Rows": 1,
              "Plan Width": 8,
              "Actual Startup Time": 140.887,
              "Actual Total Time": 140.889,
              "Actual Rows": 1,
              "Actual Loops": 6,
              "Plans": [
                {
                  "Node Type": "Bitmap Heap Scan",
                  "Parent Relationship": "Outer",
                  "Parallel Aware": true,
                  "Relation Name": "movie_info",
                  "Alias": "mi",
                  "Startup Cost": 20184.38,
                  "Total Cost": 184969.62,
                  "Plan Rows": 223379,
                  "Plan Width": 0,
                  "Actual Startup Time": 47.157,
                  "Actual Total Time": 128.923,
                  "Actual Rows": 184823,
                  "Actual Loops": 6,
                  "Recheck Cond": "(info_type_id > 64)",
                  "Rows Removed by Index Recheck": 0,
                  "Exact Heap Blocks": 10907,
                  "Lossy Heap Blocks": 0,
                  "Plans": [
                    {
                      "Node Type": "Bitmap Index Scan",
                      "Parent Relationship": "Outer",
                      "Parallel Aware": false,
                      "Index Name": "info_type_id_movie_info",
                      "Startup Cost": 0.0,
                      "Total Cost": 19905.16,
                      "Plan Rows": 1116896,
                      "Plan Width": 0,
                      "Actual Startup Time": 46.095,
                      "Actual Total Time": 46.096,
                      "Actual Rows": 1108940,
                      "Actual Loops": 1,
                      "Index Cond": "(info_type_id > 64)"
                    }
                  ]
                }
              ]
            }
          ]
        }
      ]
    },
    "Planning Time": 0.093,
    "Triggers": [],
    "Execution Time": 156.471
  }
]