[
  {
    "Plan": {
      "Node Type": "Aggregate",
      "Strategy": "Plain",
      "Partial Mode": "Finalize",
      "Parallel Aware": false,
      "Startup Cost": 187478.93,
      "Total Cost": 187478.94,
      "Plan Rows": 1,
      "Plan Width": 8,
      "Actual Startup Time": 175.858,
      "Actual Total Time": 186.985,
      "Actual Rows": 1,
      "Actual Loops": 1,
      "Plans": [
        {
          "Node Type": "Gather",
          "Parent Relationship": "Outer",
          "Parallel Aware": false,
          "Startup Cost": 187478.4,
          "Total Cost": 187478.91,
          "Plan Rows": 5,
          "Plan Width": 8,
          "Actual Startup Time": 175.101,
          "Actual Total Time": 186.975,
          "Actual Rows": 6,
          "Actual Loops": 1,
          "Workers Planned": 5,
          "Workers Launched": 5,
          "Single Copy": false,
          "Plans": [
            {
              "Node Type": "Aggregate",
              "Strategy": "Plain",
              "Partial Mode": "Partial",
              "Parent Relationship": "Outer",
              "Parallel Aware": false,
              "Startup Cost": 186478.4,
              "Total Cost": 186478.41,
              "Plan Rows": 1,
              "Plan Width": 8,
              "Actual Startup Time": 164.55,
              "Actual Total Time": 164.552,
              "Actual Rows": 1,
              "Actual Loops": 6,
              "Plans": [
                {
                  "Node Type": "Bitmap Heap Scan",
                  "Parent Relationship": "Outer",
                  "Parallel Aware": true,
                  "Relation Name": "movie_info",
                  "Alias": "mi",
                  "Startup Cost": 21006.81,
                  "Total Cost": 185898.64,
                  "Plan Rows": 231906,
                  "Plan Width": 0,
                  "Actual Startup Time": 70.969,
                  "Actual Total Time": 150.942,
                  "Actual Rows": 184823,
                  "Actual Loops": 6,
                  "Recheck Cond": "(info_type_id > 64)",
                  "Rows Removed by Index Recheck": 0,
                  "Exact Heap Blocks": 9443,
                  "Lossy Heap Blocks": 0,
                  "Plans": [
                    {
                      "Node Type": "Bitmap Index Scan",
                      "Parent Relationship": "Outer",
                      "Parallel Aware": false,
                      "Index Name": "info_type_id_movie_info",
                      "Startup Cost": 0.0,
                      "Total Cost": 20716.92,
                      "Plan Rows": 1159532,
                      "Plan Width": 0,
                      "Actual Startup Time": 71.689,
                      "Actual Total Time": 71.689,
                      "Actual Rows": 1108940,
                      "Actual Loops": 1,
                      "Index Cond": "(info_type_id > 64)"
                    }
                  ]
                }
              ]
            }
          ]
        }
      ]
    },
    "Planning Time": 0.161,
    "Triggers": [],
    "Execution Time": 187.067
  }
]