[
  {
    "Plan": {
      "Node Type": "Aggregate",
      "Strategy": "Plain",
      "Partial Mode": "Finalize",
      "Parallel Aware": false,
      "Startup Cost": 92721.99,
      "Total Cost": 92722.0,
      "Plan Rows": 1,
      "Plan Width": 8,
      "Actual Startup Time": 319.767,
      "Actual Total Time": 337.947,
      "Actual Rows": 1,
      "Actual Loops": 1,
      "Plans": [
        {
          "Node Type": "Gather",
          "Parent Relationship": "Outer",
          "Parallel Aware": false,
          "Startup Cost": 92721.67,
          "Total Cost": 92721.98,
          "Plan Rows": 3,
          "Plan Width": 8,
          "Actual Startup Time": 319.357,
          "Actual Total Time": 337.938,
          "Actual Rows": 4,
          "Actual Loops": 1,
          "Workers Planned": 3,
          "Workers Launched": 3,
          "Single Copy": false,
          "Plans": [
            {
              "Node Type": "Aggregate",
              "Strategy": "Plain",
              "Partial Mode": "Partial",
              "Parent Relationship": "Outer",
              "Parallel Aware": false,
              "Startup Cost": 91721.67,
              "Total Cost": 91721.68,
              "Plan Rows": 1,
              "Plan Width": 8,
              "Actual Startup Time": 310.543,
              "Actual Total Time": 310.546,
              "Actual Rows": 1,
              "Actual Loops": 4,
              "Plans": [
                {
                  "Node Type": "Hash Join",
                  "Parent Relationship": "Outer",
                  "Parallel Aware": true,
                  "Join Type": "Inner",
                  "Startup Cost": 45609.5,
                  "Total Cost": 91668.8,
                  "Plan Rows": 21148,
                  "Plan Width": 0,
                  "Actual Startup Time": 152.94,
                  "Actual Total Time": 309.71,
                  "Actual Rows": 15594,
                  "Actual Loops": 4,
                  "Inner Unique": true,
                  "Hash Cond": "(mk.movie_id = t.id)",
                  "Plans": [
                    {
                      "Node Type": "Seq Scan",
                      "Parent Relationship": "Outer",
                      "Parallel Aware": true,
                      "Relation Name": "movie_keyword",
                      "Alias": "mk",
                      "Startup Cost": 0.0,
                      "Total Cost": 42695.65,
                      "Plan Rows": 1281386,
                      "Plan Width": 4,
                      "Actual Startup Time": 0.045,
                      "Actual Total Time": 120.266,
                      "Actual Rows": 989415,
                      "Actual Loops": 4,
                      "Filter": "(keyword_id > 398)",
                      "Rows Removed by Filter": 141568
                    },
                    {
                      "Node Type": "Hash",
                      "Parent Relationship": "Inner",
                      "Parallel Aware": true,
                      "Startup Cost": 45479.1,
                      "Total Cost": 45479.1,
                      "Plan Rows": 10432,
                      "Plan Width": 4,
                      "Actual Startup Time": 113.834,
                      "Actual Total Time": 113.836,
                      "Actual Rows": 26706,
                      "Actual Loops": 4,
                      "Hash Buckets": 131072,
                      "Original Hash Buckets": 65536,
                      "Hash Batches": 1,
                      "Original Hash Batches": 1,
                      "Peak Memory Usage": 5792,
                      "Plans": [
                        {
                          "Node Type": "Seq Scan",
                          "Parent Relationship": "Outer",
                          "Parallel Aware": true,
                          "Relation Name": "title",
                          "Alias": "t",
                          "Startup Cost": 0.0,
                          "Total Cost": 45479.1,
                          "Plan Rows": 10432,
                          "Plan Width": 4,
                          "Actual Startup Time": 66.637,
                          "Actual Total Time": 102.98,
                          "Actual Rows": 26706,
                          "Actual Loops": 4,
                          "Filter": "((kind_id < 7) AND (production_year < 1927))",
                          "Rows Removed by Filter": 605372
                        }
                      ]
                    }
                  ]
                }
              ]
            }
          ]
        }
      ]
    },
    "Planning Time": 0.728,
    "Triggers": [],
    "Execution Time": 338.017
  }
]