{
    "Plan": {
        "Node Type": "Aggregate",
        "Strategy": "Plain",
        "Partial Mode": "Finalize",
        "Parallel Aware": false,
        "Startup Cost": 287411.7,
        "Total Cost": 287411.71,
        "Plan Rows": 1,
        "Plan Width": 8,
        "Actual Startup Time": 1011.331,
        "Actual Total Time": 1070.492,
        "Actual Rows": 1,
        "Actual Loops": 1,
        "Output": [
            "count(*)"
        ],
        "Plans": [
            {
                "Node Type": "Gather",
                "Parent Relationship": "Outer",
                "Parallel Aware": false,
                "Startup Cost": 287411.17,
                "Total Cost": 287411.68,
                "Plan Rows": 5,
                "Plan Width": 8,
                "Actual Startup Time": 1002.259,
                "Actual Total Time": 1070.43,
                "Actual Rows": 6,
                "Actual Loops": 1,
                "Output": [
                    "(PARTIAL count(*))"
                ],
                "Workers Planned": 5,
                "Workers Launched": 5,
                "Single Copy": false,
                "Plans": [
                    {
                        "Node Type": "Aggregate",
                        "Strategy": "Plain",
                        "Partial Mode": "Partial",
                        "Parent Relationship": "Outer",
                        "Parallel Aware": false,
                        "Startup Cost": 286411.17,
                        "Total Cost": 286411.18,
                        "Plan Rows": 1,
                        "Plan Width": 8,
                        "Actual Startup Time": 991.643,
                        "Actual Total Time": 992.003,
                        "Actual Rows": 1,
                        "Actual Loops": 6,
                        "Output": [
                            "PARTIAL count(*)"
                        ],
                        "Workers": [
                            {
                                "Worker Number": 0,
                                "Actual Startup Time": 988.864,
                                "Actual Total Time": 988.87,
                                "Actual Rows": 1,
                                "Actual Loops": 1
                            },
                            {
                                "Worker Number": 1,
                                "Actual Startup Time": 990.312,
                                "Actual Total Time": 990.318,
                                "Actual Rows": 1,
                                "Actual Loops": 1
                            },
                            {
                                "Worker Number": 2,
                                "Actual Startup Time": 988.873,
                                "Actual Total Time": 988.893,
                                "Actual Rows": 1,
                                "Actual Loops": 1
                            },
                            {
                                "Worker Number": 3,
                                "Actual Startup Time": 990.077,
                                "Actual Total Time": 990.082,
                                "Actual Rows": 1,
                                "Actual Loops": 1
                            },
                            {
                                "Worker Number": 4,
                                "Actual Startup Time": 990.423,
                                "Actual Total Time": 990.429,
                                "Actual Rows": 1,
                                "Actual Loops": 1
                            }
                        ],
                        "Plans": [
                            {
                                "Node Type": "Hash Join",
                                "Parent Relationship": "Outer",
                                "Parallel Aware": true,
                                "Join Type": "Inner",
                                "Startup Cost": 81876.66,
                                "Total Cost": 285963.58,
                                "Plan Rows": 179039,
                                "Plan Width": 0,
                                "Actual Startup Time": 366.562,
                                "Actual Total Time": 981.037,
                                "Actual Rows": 154198,
                                "Actual Loops": 6,
                                "Inner Unique": false,
                                "Hash Cond": "(mi.movie_id = t.id)",
                                "Workers": [
                                    {
                                        "Worker Number": 0,
                                        "Actual Startup Time": 363.901,
                                        "Actual Total Time": 978.999,
                                        "Actual Rows": 137957,
                                        "Actual Loops": 1
                                    },
                                    {
                                        "Worker Number": 1,
                                        "Actual Startup Time": 364.486,
                                        "Actual Total Time": 979.698,
                                        "Actual Rows": 148465,
                                        "Actual Loops": 1
                                    },
                                    {
                                        "Worker Number": 2,
                                        "Actual Startup Time": 363.919,
                                        "Actual Total Time": 978.789,
                                        "Actual Rows": 140792,
                                        "Actual Loops": 1
                                    },
                                    {
                                        "Worker Number": 3,
                                        "Actual Startup Time": 365.256,
                                        "Actual Total Time": 979.443,
                                        "Actual Rows": 148827,
                                        "Actual Loops": 1
                                    },
                                    {
                                        "Worker Number": 4,
                                        "Actual Startup Time": 365.464,
                                        "Actual Total Time": 979.676,
                                        "Actual Rows": 150287,
                                        "Actual Loops": 1
                                    }
                                ],
                                "Plans": [
                                    {
                                        "Node Type": "Seq Scan",
                                        "Parent Relationship": "Outer",
                                        "Parallel Aware": true,
                                        "Relation Name": "movie_info",
                                        "Schema": "public",
                                        "Alias": "mi",
                                        "Startup Cost": 0.0,
                                        "Total Cost": 198880.74,
                                        "Plan Rows": 1234303,
                                        "Plan Width": 4,
                                        "Actual Startup Time": 21.94,
                                        "Actual Total Time": 444.147,
                                        "Actual Rows": 1037249,
                                        "Actual Loops": 6,
                                        "Output": [
                                            "mi.id",
                                            "mi.movie_id",
                                            "mi.info_type_id",
                                            "mi.info",
                                            "mi.note"
                                        ],
                                        "Filter": "(mi.info_type_id > 8)",
                                        "Rows Removed by Filter": 1435371,
                                        "Workers": [
                                            {
                                                "Worker Number": 0,
                                                "Actual Startup Time": 21.991,
                                                "Actual Total Time": 447.497,
                                                "Actual Rows": 917669,
                                                "Actual Loops": 1
                                            },
                                            {
                                                "Worker Number": 1,
                                                "Actual Startup Time": 21.909,
                                                "Actual Total Time": 451.084,
                                                "Actual Rows": 1010504,
                                                "Actual Loops": 1
                                            },
                                            {
                                                "Worker Number": 2,
                                                "Actual Startup Time": 21.982,
                                                "Actual Total Time": 447.773,
                                                "Actual Rows": 915795,
                                                "Actual Loops": 1
                                            },
                                            {
                                                "Worker Number": 3,
                                                "Actual Startup Time": 22.003,
                                                "Actual Total Time": 451.939,
                                                "Actual Rows": 1005816,
                                                "Actual Loops": 1
                                            },
                                            {
                                                "Worker Number": 4,
                                                "Actual Startup Time": 21.863,
                                                "Actual Total Time": 450.935,
                                                "Actual Rows": 992898,
                                                "Actual Loops": 1
                                            }
                                        ]
                                    },
                                    {
                                        "Node Type": "Hash",
                                        "Parent Relationship": "Inner",
                                        "Parallel Aware": true,
                                        "Startup Cost": 80397.88,
                                        "Total Cost": 80397.88,
                                        "Plan Rows": 118303,
                                        "Plan Width": 8,
                                        "Actual Startup Time": 341.967,
                                        "Actual Total Time": 342.322,
                                        "Actual Rows": 40247,
                                        "Actual Loops": 6,
                                        "Output": [
                                            "t.id",
                                            "mc.movie_id"
                                        ],
                                        "Hash Buckets": 524288,
                                        "Original Hash Buckets": 524288,
                                        "Hash Batches": 1,
                                        "Original Hash Batches": 1,
                                        "Peak Memory Usage": 13632,
                                        "Workers": [
                                            {
                                                "Worker Number": 0,
                                                "Actual Startup Time": 341.326,
                                                "Actual Total Time": 341.331,
                                                "Actual Rows": 35892,
                                                "Actual Loops": 1
                                            },
                                            {
                                                "Worker Number": 1,
                                                "Actual Startup Time": 341.72,
                                                "Actual Total Time": 341.725,
                                                "Actual Rows": 40623,
                                                "Actual Loops": 1
                                            },
                                            {
                                                "Worker Number": 2,
                                                "Actual Startup Time": 341.325,
                                                "Actual Total Time": 341.33,
                                                "Actual Rows": 37766,
                                                "Actual Loops": 1
                                            },
                                            {
                                                "Worker Number": 3,
                                                "Actual Startup Time": 342.556,
                                                "Actual Total Time": 342.56,
                                                "Actual Rows": 41719,
                                                "Actual Loops": 1
                                            },
                                            {
                                                "Worker Number": 4,
                                                "Actual Startup Time": 342.757,
                                                "Actual Total Time": 342.761,
                                                "Actual Rows": 41406,
                                                "Actual Loops": 1
                                            }
                                        ],
                                        "Plans": [
                                            {
                                                "Node Type": "Hash Join",
                                                "Parent Relationship": "Outer",
                                                "Parallel Aware": true,
                                                "Join Type": "Inner",
                                                "Startup Cost": 48015.75,
                                                "Total Cost": 80397.88,
                                                "Plan Rows": 118303,
                                                "Plan Width": 8,
                                                "Actual Startup Time": 227.547,
                                                "Actual Total Time": 324.295,
                                                "Actual Rows": 40247,
                                                "Actual Loops": 6,
                                                "Output": [
                                                    "t.id",
                                                    "mc.movie_id"
                                                ],
                                                "Inner Unique": true,
                                                "Hash Cond": "(mc.movie_id = t.id)",
                                                "Workers": [
                                                    {
                                                        "Worker Number": 0,
                                                        "Actual Startup Time": 227.116,
                                                        "Actual Total Time": 323.871,
                                                        "Actual Rows": 35892,
                                                        "Actual Loops": 1
                                                    },
                                                    {
                                                        "Worker Number": 1,
                                                        "Actual Startup Time": 227.587,
                                                        "Actual Total Time": 324.703,
                                                        "Actual Rows": 40623,
                                                        "Actual Loops": 1
                                                    },
                                                    {
                                                        "Worker Number": 2,
                                                        "Actual Startup Time": 227.074,
                                                        "Actual Total Time": 323.16,
                                                        "Actual Rows": 37766,
                                                        "Actual Loops": 1
                                                    },
                                                    {
                                                        "Worker Number": 3,
                                                        "Actual Startup Time": 227.744,
                                                        "Actual Total Time": 323.87,
                                                        "Actual Rows": 41719,
                                                        "Actual Loops": 1
                                                    },
                                                    {
                                                        "Worker Number": 4,
                                                        "Actual Startup Time": 227.706,
                                                        "Actual Total Time": 323.727,
                                                        "Actual Rows": 41406,
                                                        "Actual Loops": 1
                                                    }
                                                ],
                                                "Plans": [
                                                    {
                                                        "Node Type": "Seq Scan",
                                                        "Parent Relationship": "Outer",
                                                        "Parallel Aware": true,
                                                        "Relation Name": "movie_companies",
                                                        "Schema": "public",
                                                        "Alias": "mc",
                                                        "Startup Cost": 0.0,
                                                        "Total Cost": 31414.82,
                                                        "Plan Rows": 368500,
                                                        "Plan Width": 4,
                                                        "Actual Startup Time": 32.733,
                                                        "Actual Total Time": 70.983,
                                                        "Actual Rows": 160213,
                                                        "Actual Loops": 6,
                                                        "Output": [
                                                            "mc.id",
                                                            "mc.movie_id",
                                                            "mc.company_id",
                                                            "mc.company_type_id",
                                                            "mc.note"
                                                        ],
                                                        "Filter": "((mc.company_id < 85125) AND (mc.company_type_id = 2))",
                                                        "Rows Removed by Filter": 274642,
                                                        "Workers": [
                                                            {
                                                                "Worker Number": 0,
                                                                "Actual Startup Time": 32.841,
                                                                "Actual Total Time": 70.187,
                                                                "Actual Rows": 148030,
                                                                "Actual Loops": 1
                                                            },
                                                            {
                                                                "Worker Number": 1,
                                                                "Actual Startup Time": 32.656,
                                                                "Actual Total Time": 72.148,
                                                                "Actual Rows": 164496,
                                                                "Actual Loops": 1
                                                            },
                                                            {
                                                                "Worker Number": 2,
                                                                "Actual Startup Time": 32.829,
                                                                "Actual Total Time": 70.231,
                                                                "Actual Rows": 146069,
                                                                "Actual Loops": 1
                                                            },
                                                            {
                                                                "Worker Number": 3,
                                                                "Actual Startup Time": 32.685,
                                                                "Actual Total Time": 72.18,
                                                                "Actual Rows": 163160,
                                                                "Actual Loops": 1
                                                            },
                                                            {
                                                                "Worker Number": 4,
                                                                "Actual Startup Time": 32.684,
                                                                "Actual Total Time": 72.073,
                                                                "Actual Rows": 160728,
                                                                "Actual Loops": 1
                                                            }
                                                        ]
                                                    },
                                                    {
                                                        "Node Type": "Hash",
                                                        "Parent Relationship": "Inner",
                                                        "Parallel Aware": true,
                                                        "Startup Cost": 45479.21,
                                                        "Total Cost": 45479.21,
                                                        "Plan Rows": 202923,
                                                        "Plan Width": 4,
                                                        "Actual Startup Time": 192.534,
                                                        "Actual Total Time": 192.535,
                                                        "Actual Rows": 146031,
                                                        "Actual Loops": 6,
                                                        "Output": [
                                                            "t.id"
                                                        ],
                                                        "Hash Buckets": 1048576,
                                                        "Original Hash Buckets": 1048576,
                                                        "Hash Batches": 1,
                                                        "Original Hash Batches": 1,
                                                        "Peak Memory Usage": 42560,
                                                        "Workers": [
                                                            {
                                                                "Worker Number": 0,
                                                                "Actual Startup Time": 194.176,
                                                                "Actual Total Time": 194.178,
                                                                "Actual Rows": 128937,
                                                                "Actual Loops": 1
                                                            },
                                                            {
                                                                "Worker Number": 1,
                                                                "Actual Startup Time": 194.642,
                                                                "Actual Total Time": 194.643,
                                                                "Actual Rows": 138725,
                                                                "Actual Loops": 1
                                                            },
                                                            {
                                                                "Worker Number": 2,
                                                                "Actual Startup Time": 194.113,
                                                                "Actual Total Time": 194.115,
                                                                "Actual Rows": 127504,
                                                                "Actual Loops": 1
                                                            },
                                                            {
                                                                "Worker Number": 3,
                                                                "Actual Startup Time": 194.749,
                                                                "Actual Total Time": 194.75,
                                                                "Actual Rows": 140113,
                                                                "Actual Loops": 1
                                                            },
                                                            {
                                                                "Worker Number": 4,
                                                                "Actual Startup Time": 194.691,
                                                                "Actual Total Time": 194.692,
                                                                "Actual Rows": 137767,
                                                                "Actual Loops": 1
                                                            }
                                                        ],
                                                        "Plans": [
                                                            {
                                                                "Node Type": "Seq Scan",
                                                                "Parent Relationship": "Outer",
                                                                "Parallel Aware": true,
                                                                "Relation Name": "title",
                                                                "Schema": "public",
                                                                "Alias": "t",
                                                                "Startup Cost": 0.0,
                                                                "Total Cost": 45479.21,
                                                                "Plan Rows": 202923,
                                                                "Plan Width": 4,
                                                                "Actual Startup Time": 0.076,
                                                                "Actual Total Time": 106.167,
                                                                "Actual Rows": 146031,
                                                                "Actual Loops": 6,
                                                                "Output": [
                                                                    "t.id"
                                                                ],
                                                                "Filter": "((t.kind_id > 1) AND (t.production_year > 2004))",
                                                                "Rows Removed by Filter": 275354,
                                                                "Workers": [
                                                                    {
                                                                        "Worker Number": 0,
                                                                        "Actual Startup Time": 0.094,
                                                                        "Actual Total Time": 106.526,
                                                                        "Actual Rows": 128937,
                                                                        "Actual Loops": 1
                                                                    },
                                                                    {
                                                                        "Worker Number": 1,
                                                                        "Actual Startup Time": 0.082,
                                                                        "Actual Total Time": 108.117,
                                                                        "Actual Rows": 138725,
                                                                        "Actual Loops": 1
                                                                    },
                                                                    {
                                                                        "Worker Number": 2,
                                                                        "Actual Startup Time": 0.081,
                                                                        "Actual Total Time": 106.964,
                                                                        "Actual Rows": 127504,
                                                                        "Actual Loops": 1
                                                                    },
                                                                    {
                                                                        "Worker Number": 3,
                                                                        "Actual Startup Time": 0.089,
                                                                        "Actual Total Time": 109.123,
                                                                        "Actual Rows": 140113,
                                                                        "Actual Loops": 1
                                                                    },
                                                                    {
                                                                        "Worker Number": 4,
                                                                        "Actual Startup Time": 0.092,
                                                                        "Actual Total Time": 108.768,
                                                                        "Actual Rows": 137767,
                                                                        "Actual Loops": 1
                                                                    }
                                                                ]
                                                            }
                                                        ]
                                                    }
                                                ]
                                            }
                                        ]
                                    }
                                ]
                            }
                        ]
                    }
                ]
            }
        ]
    },
    "Planning Time": 1.74,
    "Triggers": [],
    "Execution Time": 1070.587
}