[
  {
    "Plan": {
      "Node Type": "Aggregate",
      "Strategy": "Plain",
      "Partial Mode": "Finalize",
      "Parallel Aware": false,
      "Startup Cost": 45381.71,
      "Total Cost": 45381.72,
      "Plan Rows": 1,
      "Plan Width": 8,
      "Actual Startup Time": 131.463,
      "Actual Total Time": 141.146,
      "Actual Rows": 1,
      "Actual Loops": 1,
      "Plans": [
        {
          "Node Type": "Gather",
          "Parent Relationship": "Outer",
          "Parallel Aware": false,
          "Startup Cost": 45381.4,
          "Total Cost": 45381.71,
          "Plan Rows": 3,
          "Plan Width": 8,
          "Actual Startup Time": 131.262,
          "Actual Total Time": 141.137,
          "Actual Rows": 4,
          "Actual Loops": 1,
          "Workers Planned": 3,
          "Workers Launched": 3,
          "Single Copy": false,
          "Plans": [
            {
              "Node Type": "Aggregate",
              "Strategy": "Plain",
              "Partial Mode": "Partial",
              "Parent Relationship": "Outer",
              "Parallel Aware": false,
              "Startup Cost": 44381.4,
              "Total Cost": 44381.41,
              "Plan Rows": 1,
              "Plan Width": 8,
              "Actual Startup Time": 127.569,
              "Actual Total Time": 127.571,
              "Actual Rows": 1,
              "Actual Loops": 4,
              "Plans": [
                {
                  "Node Type": "Seq Scan",
                  "Parent Relationship": "Outer",
                  "Parallel Aware": true,
                  "Relation Name": "movie_keyword",
                  "Alias": "mk",
                  "Startup Cost": 0.0,
                  "Total Cost": 42695.65,
                  "Plan Rows": 674297,
                  "Plan Width": 0,
                  "Actual Startup Time": 0.865,
                  "Actual Total Time": 104.736,
                  "Actual Rows": 518000,
                  "Actual Loops": 4,
                  "Filter": "(keyword_id > 5863)",
                  "Rows Removed by Filter": 612983
                }
              ]
            }
          ]
        }
      ]
    },
    "Planning Time": 0.19,
    "Triggers": [],
    "Execution Time": 141.201
  }
]