[
  {
    "Plan": {
      "Node Type": "Aggregate",
      "Strategy": "Plain",
      "Partial Mode": "Finalize",
      "Parallel Aware": false,
      "Startup Cost": 345913.27,
      "Total Cost": 345913.28,
      "Plan Rows": 1,
      "Plan Width": 8,
      "Actual Startup Time": 714.215,
      "Actual Total Time": 757.273,
      "Actual Rows": 1,
      "Actual Loops": 1,
      "Plans": [
        {
          "Node Type": "Gather",
          "Parent Relationship": "Outer",
          "Parallel Aware": false,
          "Startup Cost": 345912.65,
          "Total Cost": 345913.26,
          "Plan Rows": 6,
          "Plan Width": 8,
          "Actual Startup Time": 714.035,
          "Actual Total Time": 757.264,
          "Actual Rows": 7,
          "Actual Loops": 1,
          "Workers Planned": 6,
          "Workers Launched": 6,
          "Single Copy": false,
          "Plans": [
            {
              "Node Type": "Aggregate",
              "Strategy": "Plain",
              "Partial Mode": "Partial",
              "Parent Relationship": "Outer",
              "Parallel Aware": false,
              "Startup Cost": 344912.65,
              "Total Cost": 344912.66,
              "Plan Rows": 1,
              "Plan Width": 8,
              "Actual Startup Time": 704.93,
              "Actual Total Time": 704.931,
              "Actual Rows": 1,
              "Actual Loops": 7,
              "Plans": [
                {
                  "Node Type": "Seq Scan",
                  "Parent Relationship": "Outer",
                  "Parallel Aware": true,
                  "Relation Name": "cast_info",
                  "Alias": "ci",
                  "Startup Cost": 0.0,
                  "Total Cost": 343316.27,
                  "Plan Rows": 638550,
                  "Plan Width": 0,
                  "Actual Startup Time": 376.887,
                  "Actual Total Time": 645.593,
                  "Actual Rows": 1223329,
                  "Actual Loops": 7,
                  "Filter": "((person_id > 2831115) AND (role_id > 2))",
                  "Rows Removed by Filter": 3954435
                }
              ]
            }
          ]
        }
      ]
    },
    "Planning Time": 0.117,
    "Triggers": [],
    "Execution Time": 757.321
  }
]