{
  "Plan": {
    "Node Type": "Aggregate",
    "Strategy": "Plain",
    "Partial Mode": "Finalize",
    "Parallel Aware": false,
    "Startup Cost": 97087.97,
    "Total Cost": 97087.98,
    "Plan Rows": 1,
    "Plan Width": 8,
    "Actual Startup Time": 571.538,
    "Actual Total Time": 590.177,
    "Actual Rows": 1,
    "Actual Loops": 1,
    "Plans": [
      {
        "Node Type": "Gather",
        "Parent Relationship": "Outer",
        "Parallel Aware": false,
        "Startup Cost": 97087.85,
        "Total Cost": 97087.96,
        "Plan Rows": 1,
        "Plan Width": 8,
        "Actual Startup Time": 566.031,
        "Actual Total Time": 590.168,
        "Actual Rows": 2,
        "Actual Loops": 1,
        "Workers Planned": 1,
        "Workers Launched": 1,
        "Single Copy": false,
        "Plans": [
          {
            "Node Type": "Aggregate",
            "Strategy": "Plain",
            "Partial Mode": "Partial",
            "Parent Relationship": "Outer",
            "Parallel Aware": false,
            "Startup Cost": 96087.85,
            "Total Cost": 96087.86,
            "Plan Rows": 1,
            "Plan Width": 8,
            "Actual Startup Time": 554.745,
            "Actual Total Time": 554.749,
            "Actual Rows": 1,
            "Actual Loops": 2,
            "Plans": [
              {
                "Node Type": "Hash Join",
                "Parent Relationship": "Outer",
                "Parallel Aware": true,
                "Join Type": "Inner",
                "Startup Cost": 70324.35,
                "Total Cost": 96028.04,
                "Plan Rows": 23925,
                "Plan Width": 0,
                "Actual Startup Time": 520.348,
                "Actual Total Time": 553.813,
                "Actual Rows": 17364,
                "Actual Loops": 2,
                "Inner Unique": true,
                "Hash Cond": "(mk.movie_id = t.id)",
                "Plans": [
                  {
                    "Node Type": "Bitmap Heap Scan",
                    "Parent Relationship": "Outer",
                    "Parallel Aware": true,
                    "Relation Name": "movie_keyword",
                    "Alias": "mk",
                    "Startup Cost": 863.65,
                    "Total Cost": 26504.54,
                    "Plan Rows": 23925,
                    "Plan Width": 4,
                    "Actual Startup Time": 4.242,
                    "Actual Total Time": 24.334,
                    "Actual Rows": 17364,
                    "Actual Loops": 2,
                    "Recheck Cond": "(keyword_id < 42)",
                    "Rows Removed by Index Recheck": 0,
                    "Exact Heap Blocks": 8747,
                    "Lossy Heap Blocks": 0,
                    "Plans": [
                      {
                        "Node Type": "Bitmap Index Scan",
                        "Parent Relationship": "Outer",
                        "Parallel Aware": false,
                        "Index Name": "keyword_id_movie_keyword",
                        "Startup Cost": 0.0,
                        "Total Cost": 853.48,
                        "Plan Rows": 40673,
                        "Plan Width": 0,
                        "Actual Startup Time": 2.507,
                        "Actual Total Time": 2.508,
                        "Actual Rows": 34728,
                        "Actual Loops": 1,
                        "Index Cond": "(keyword_id < 42)"
                      }
                    ]
                  },
                  {
                    "Node Type": "Hash",
                    "Parent Relationship": "Inner",
                    "Parallel Aware": true,
                    "Startup Cost": 50870.31,
                    "Total Cost": 50870.31,
                    "Plan Rows": 1487231,
                    "Plan Width": 4,
                    "Actual Startup Time": 494.547,
                    "Actual Total Time": 494.548,
                    "Actual Rows": 1264156,
                    "Actual Loops": 2,
                    "Hash Buckets": 4194304,
                    "Original Hash Buckets": 4194304,
                    "Hash Batches": 1,
                    "Original Hash Batches": 1,
                    "Peak Memory Usage": 131712,
                    "Plans": [
                      {
                        "Node Type": "Seq Scan",
                        "Parent Relationship": "Outer",
                        "Parallel Aware": true,
                        "Relation Name": "title",
                        "Alias": "t",
                        "Startup Cost": 0.0,
                        "Total Cost": 50870.31,
                        "Plan Rows": 1487231,
                        "Plan Width": 4,
                        "Actual Startup Time": 0.02,
                        "Actual Total Time": 150.774,
                        "Actual Rows": 1264156,
                        "Actual Loops": 2
                      }
                    ]
                  }
                ]
              }
            ]
          }
        ]
      }
    ]
  },
  "Planning Time": 0.685,
  "Triggers": [],
  "Execution Time": 590.26
}