[
  {
    "Plan": {
      "Node Type": "Aggregate",
      "Strategy": "Plain",
      "Partial Mode": "Finalize",
      "Parallel Aware": false,
      "Startup Cost": 293285.41,
      "Total Cost": 293285.42,
      "Plan Rows": 1,
      "Plan Width": 8,
      "Actual Startup Time": 1405.172,
      "Actual Total Time": 1450.449,
      "Actual Rows": 1,
      "Actual Loops": 1,
      "Plans": [
        {
          "Node Type": "Gather",
          "Parent Relationship": "Outer",
          "Parallel Aware": false,
          "Startup Cost": 293284.89,
          "Total Cost": 293285.4,
          "Plan Rows": 5,
          "Plan Width": 8,
          "Actual Startup Time": 1395.322,
          "Actual Total Time": 1450.439,
          "Actual Rows": 6,
          "Actual Loops": 1,
          "Workers Planned": 5,
          "Workers Launched": 5,
          "Single Copy": false,
          "Plans": [
            {
              "Node Type": "Aggregate",
              "Strategy": "Plain",
              "Partial Mode": "Partial",
              "Parent Relationship": "Outer",
              "Parallel Aware": false,
              "Startup Cost": 292284.89,
              "Total Cost": 292284.9,
              "Plan Rows": 1,
              "Plan Width": 8,
              "Actual Startup Time": 1384.685,
              "Actual Total Time": 1384.691,
              "Actual Rows": 1,
              "Actual Loops": 6,
              "Plans": [
                {
                  "Node Type": "Hash Join",
                  "Parent Relationship": "Outer",
                  "Parallel Aware": true,
                  "Join Type": "Inner",
                  "Startup Cost": 86766.27,
                  "Total Cost": 291106.51,
                  "Plan Rows": 471352,
                  "Plan Width": 0,
                  "Actual Startup Time": 393.148,
                  "Actual Total Time": 1230.92,
                  "Actual Rows": 3765403,
                  "Actual Loops": 6,
                  "Inner Unique": false,
                  "Hash Cond": "(mi.movie_id = t.id)",
                  "Plans": [
                    {
                      "Node Type": "Seq Scan",
                      "Parent Relationship": "Outer",
                      "Parallel Aware": true,
                      "Relation Name": "movie_info",
                      "Alias": "mi",
                      "Startup Cost": 0.0,
                      "Total Cost": 191685.19,
                      "Plan Rows": 2969219,
                      "Plan Width": 4,
                      "Actual Startup Time": 0.053,
                      "Actual Total Time": 281.499,
                      "Actual Rows": 2472620,
                      "Actual Loops": 6
                    },
                    {
                      "Node Type": "Hash",
                      "Parent Relationship": "Inner",
                      "Parallel Aware": true,
                      "Startup Cost": 85147.82,
                      "Total Cost": 85147.82,
                      "Plan Rows": 129476,
                      "Plan Width": 8,
                      "Actual Startup Time": 390.497,
                      "Actual Total Time": 390.502,
                      "Actual Rows": 66874,
                      "Actual Loops": 6,
                      "Hash Buckets": 524288,
                      "Original Hash Buckets": 524288,
                      "Hash Batches": 1,
                      "Original Hash Batches": 1,
                      "Peak Memory Usage": 19904,
                      "Plans": [
                        {
                          "Node Type": "Hash Join",
                          "Parent Relationship": "Outer",
                          "Parallel Aware": true,
                          "Join Type": "Inner",
                          "Startup Cost": 58735.49,
                          "Total Cost": 85147.82,
                          "Plan Rows": 129476,
                          "Plan Width": 8,
                          "Actual Startup Time": 299.053,
                          "Actual Total Time": 366.953,
                          "Actual Rows": 66874,
                          "Actual Loops": 6,
                          "Inner Unique": true,
                          "Hash Cond": "(mk.movie_id = t.id)",
                          "Plans": [
                            {
                              "Node Type": "Bitmap Heap Scan",
                              "Parent Relationship": "Outer",
                              "Parallel Aware": true,
                              "Relation Name": "movie_keyword",
                              "Alias": "mk",
                              "Startup Cost": 8515.1,
                              "Total Cost": 34587.56,
                              "Plan Rows": 129476,
                              "Plan Width": 4,
                              "Actual Startup Time": 27.158,
                              "Actual Total Time": 68.708,
                              "Actual Rows": 66874,
                              "Actual Loops": 6,
                              "Recheck Cond": "(keyword_id > 43228)",
                              "Rows Removed by Index Recheck": 0,
                              "Exact Heap Blocks": 4523,
                              "Lossy Heap Blocks": 0,
                              "Plans": [
                                {
                                  "Node Type": "Bitmap Index Scan",
                                  "Parent Relationship": "Outer",
                                  "Parallel Aware": false,
                                  "Index Name": "keyword_id_movie_keyword",
                                  "Startup Cost": 0.0,
                                  "Total Cost": 8414.76,
                                  "Plan Rows": 401377,
                                  "Plan Width": 0,
                                  "Actual Startup Time": 23.735,
                                  "Actual Total Time": 23.736,
                                  "Actual Rows": 401244,
                                  "Actual Loops": 1,
                                  "Index Cond": "(keyword_id > 43228)"
                                }
                              ]
                            },
                            {
                              "Node Type": "Hash",
                              "Parent Relationship": "Inner",
                              "Parallel Aware": true,
                              "Startup Cost": 42319.06,
                              "Total Cost": 42319.06,
                              "Plan Rows": 632106,
                              "Plan Width": 4,
                              "Actual Startup Time": 266.953,
                              "Actual Total Time": 266.954,
                              "Actual Rows": 421385,
                              "Actual Loops": 6,
                              "Hash Buckets": 4194304,
                              "Original Hash Buckets": 4194304,
                              "Hash Batches": 1,
                              "Original Hash Batches": 1,
                              "Peak Memory Usage": 131744,
                              "Plans": [
                                {
                                  "Node Type": "Seq Scan",
                                  "Parent Relationship": "Outer",
                                  "Parallel Aware": true,
                                  "Relation Name": "title",
                                  "Alias": "t",
                                  "Startup Cost": 0.0,
                                  "Total Cost": 42319.06,
                                  "Plan Rows": 632106,
                                  "Plan Width": 4,
                                  "Actual Startup Time": 0.05,
                                  "Actual Total Time": 77.67,
                                  "Actual Rows": 421385,
                                  "Actual Loops": 6
                                }
                              ]
                            }
                          ]
                        }
                      ]
                    }
                  ]
                }
              ]
            }
          ]
        }
      ]
    },
    "Planning Time": 0.537,
    "Triggers": [],
    "Execution Time": 1450.511
  }
]