[
  {
    "Plan": {
      "Node Type": "Aggregate",
      "Strategy": "Plain",
      "Partial Mode": "Finalize",
      "Parallel Aware": false,
      "Startup Cost": 78742.61,
      "Total Cost": 78742.62,
      "Plan Rows": 1,
      "Plan Width": 8,
      "Actual Startup Time": 192.438,
      "Actual Total Time": 208.862,
      "Actual Rows": 1,
      "Actual Loops": 1,
      "Plans": [
        {
          "Node Type": "Gather",
          "Parent Relationship": "Outer",
          "Parallel Aware": false,
          "Startup Cost": 78742.29,
          "Total Cost": 78742.6,
          "Plan Rows": 3,
          "Plan Width": 8,
          "Actual Startup Time": 192.127,
          "Actual Total Time": 208.853,
          "Actual Rows": 4,
          "Actual Loops": 1,
          "Workers Planned": 3,
          "Workers Launched": 3,
          "Single Copy": false,
          "Plans": [
            {
              "Node Type": "Aggregate",
              "Strategy": "Plain",
              "Partial Mode": "Partial",
              "Parent Relationship": "Outer",
              "Parallel Aware": false,
              "Startup Cost": 77742.29,
              "Total Cost": 77742.3,
              "Plan Rows": 1,
              "Plan Width": 8,
              "Actual Startup Time": 183.445,
              "Actual Total Time": 183.448,
              "Actual Rows": 1,
              "Actual Loops": 4,
              "Plans": [
                {
                  "Node Type": "Hash Join",
                  "Parent Relationship": "Outer",
                  "Parallel Aware": true,
                  "Join Type": "Inner",
                  "Startup Cost": 45631.42,
                  "Total Cost": 77729.74,
                  "Plan Rows": 5020,
                  "Plan Width": 0,
                  "Actual Startup Time": 135.197,
                  "Actual Total Time": 183.286,
                  "Actual Rows": 2230,
                  "Actual Loops": 4,
                  "Inner Unique": true,
                  "Hash Cond": "(mc.movie_id = t.id)",
                  "Plans": [
                    {
                      "Node Type": "Seq Scan",
                      "Parent Relationship": "Outer",
                      "Parallel Aware": true,
                      "Relation Name": "movie_companies",
                      "Alias": "mc",
                      "Startup Cost": 0.0,
                      "Total Cost": 31414.82,
                      "Plan Rows": 260380,
                      "Plan Width": 4,
                      "Actual Startup Time": 31.921,
                      "Actual Total Time": 65.091,
                      "Actual Rows": 126174,
                      "Actual Loops": 4,
                      "Filter": "((company_id < 15571) AND (company_type_id = 2))",
                      "Rows Removed by Filter": 526109
                    },
                    {
                      "Node Type": "Hash",
                      "Parent Relationship": "Inner",
                      "Parallel Aware": true,
                      "Startup Cost": 45479.1,
                      "Total Cost": 45479.1,
                      "Plan Rows": 12186,
                      "Plan Width": 4,
                      "Actual Startup Time": 101.629,
                      "Actual Total Time": 101.63,
                      "Actual Rows": 8872,
                      "Actual Loops": 4,
                      "Hash Buckets": 65536,
                      "Original Hash Buckets": 65536,
                      "Hash Batches": 1,
                      "Original Hash Batches": 1,
                      "Peak Memory Usage": 1952,
                      "Plans": [
                        {
                          "Node Type": "Seq Scan",
                          "Parent Relationship": "Outer",
                          "Parallel Aware": true,
                          "Relation Name": "title",
                          "Alias": "t",
                          "Startup Cost": 0.0,
                          "Total Cost": 45479.1,
                          "Plan Rows": 12186,
                          "Plan Width": 4,
                          "Actual Startup Time": 0.275,
                          "Actual Total Time": 97.729,
                          "Actual Rows": 8872,
                          "Actual Loops": 4,
                          "Filter": "((kind_id < 7) AND (production_year = 2007))",
                          "Rows Removed by Filter": 623206
                        }
                      ]
                    }
                  ]
                }
              ]
            }
          ]
        }
      ]
    },
    "Planning Time": 0.704,
    "Triggers": [],
    "Execution Time": 208.933
  }
]