{
  "Plan": {
    "Node Type": "Aggregate",
    "Strategy": "Plain",
    "Partial Mode": "Finalize",
    "Parallel Aware": false,
    "Startup Cost": 83240.85,
    "Total Cost": 83240.86,
    "Plan Rows": 1,
    "Plan Width": 8,
    "Actual Startup Time": 315.737,
    "Actual Total Time": 326.629,
    "Actual Rows": 1,
    "Actual Loops": 1,
    "Plans": [
      {
        "Node Type": "Gather",
        "Parent Relationship": "Outer",
        "Parallel Aware": false,
        "Startup Cost": 83240.74,
        "Total Cost": 83240.85,
        "Plan Rows": 1,
        "Plan Width": 8,
        "Actual Startup Time": 315.381,
        "Actual Total Time": 326.619,
        "Actual Rows": 2,
        "Actual Loops": 1,
        "Workers Planned": 1,
        "Workers Launched": 1,
        "Single Copy": false,
        "Plans": [
          {
            "Node Type": "Aggregate",
            "Strategy": "Plain",
            "Partial Mode": "Partial",
            "Parent Relationship": "Outer",
            "Parallel Aware": false,
            "Startup Cost": 82240.74,
            "Total Cost": 82240.75,
            "Plan Rows": 1,
            "Plan Width": 8,
            "Actual Startup Time": 309.37,
            "Actual Total Time": 309.374,
            "Actual Rows": 1,
            "Actual Loops": 2,
            "Plans": [
              {
                "Node Type": "Hash Join",
                "Parent Relationship": "Outer",
                "Parallel Aware": true,
                "Join Type": "Inner",
                "Startup Cost": 21727.5,
                "Total Cost": 82168.16,
                "Plan Rows": 29029,
                "Plan Width": 0,
                "Actual Startup Time": 59.789,
                "Actual Total Time": 307.58,
                "Actual Rows": 35623,
                "Actual Loops": 2,
                "Inner Unique": false,
                "Hash Cond": "(t.id = mc.movie_id)",
                "Plans": [
                  {
                    "Node Type": "Seq Scan",
                    "Parent Relationship": "Outer",
                    "Parallel Aware": true,
                    "Relation Name": "title",
                    "Alias": "t",
                    "Startup Cost": 0.0,
                    "Total Cost": 54588.39,
                    "Plan Rows": 909042,
                    "Plan Width": 4,
                    "Actual Startup Time": 0.012,
                    "Actual Total Time": 152.353,
                    "Actual Rows": 775864,
                    "Actual Loops": 2,
                    "Filter": "(production_year < 2007)",
                    "Rows Removed by Filter": 488292
                  },
                  {
                    "Node Type": "Hash",
                    "Parent Relationship": "Inner",
                    "Parallel Aware": true,
                    "Startup Cost": 21133.83,
                    "Total Cost": 21133.83,
                    "Plan Rows": 47494,
                    "Plan Width": 4,
                    "Actual Startup Time": 57.388,
                    "Actual Total Time": 57.39,
                    "Actual Rows": 42036,
                    "Actual Loops": 2,
                    "Hash Buckets": 131072,
                    "Original Hash Buckets": 131072,
                    "Hash Batches": 1,
                    "Original Hash Batches": 1,
                    "Peak Memory Usage": 4352,
                    "Plans": [
                      {
                        "Node Type": "Bitmap Heap Scan",
                        "Parent Relationship": "Outer",
                        "Parallel Aware": true,
                        "Relation Name": "movie_companies",
                        "Alias": "mc",
                        "Startup Cost": 1750.16,
                        "Total Cost": 21133.83,
                        "Plan Rows": 47494,
                        "Plan Width": 4,
                        "Actual Startup Time": 13.119,
                        "Actual Total Time": 42.993,
                        "Actual Rows": 42036,
                        "Actual Loops": 2,
                        "Recheck Cond": "(company_id < 19)",
                        "Rows Removed by Index Recheck": 0,
                        "Exact Heap Blocks": 6508,
                        "Lossy Heap Blocks": 0,
                        "Plans": [
                          {
                            "Node Type": "Bitmap Index Scan",
                            "Parent Relationship": "Outer",
                            "Parallel Aware": false,
                            "Index Name": "company_id_movie_companies",
                            "Startup Cost": 0.0,
                            "Total Cost": 1729.97,
                            "Plan Rows": 80739,
                            "Plan Width": 0,
                            "Actual Startup Time": 13.372,
                            "Actual Total Time": 13.372,
                            "Actual Rows": 84071,
                            "Actual Loops": 1,
                            "Index Cond": "(company_id < 19)"
                          }
                        ]
                      }
                    ]
                  }
                ]
              }
            ]
          }
        ]
      }
    ]
  },
  "Planning Time": 0.577,
  "Triggers": [],
  "Execution Time": 326.726
}