{
  "Plan": {
    "Node Type": "Aggregate",
    "Strategy": "Plain",
    "Partial Mode": "Finalize",
    "Parallel Aware": false,
    "Startup Cost": 634205.34,
    "Total Cost": 634205.35,
    "Plan Rows": 1,
    "Plan Width": 8,
    "Actual Startup Time": 3071.02,
    "Actual Total Time": 3105.46,
    "Actual Rows": 1,
    "Actual Loops": 1,
    "Plans": [
      {
        "Node Type": "Gather",
        "Parent Relationship": "Outer",
        "Parallel Aware": false,
        "Startup Cost": 634205.23,
        "Total Cost": 634205.34,
        "Plan Rows": 1,
        "Plan Width": 8,
        "Actual Startup Time": 3066.515,
        "Actual Total Time": 3105.445,
        "Actual Rows": 2,
        "Actual Loops": 1,
        "Workers Planned": 1,
        "Workers Launched": 1,
        "Single Copy": false,
        "Plans": [
          {
            "Node Type": "Aggregate",
            "Strategy": "Plain",
            "Partial Mode": "Partial",
            "Parent Relationship": "Outer",
            "Parallel Aware": false,
            "Startup Cost": 633205.23,
            "Total Cost": 633205.24,
            "Plan Rows": 1,
            "Plan Width": 8,
            "Actual Startup Time": 3058.51,
            "Actual Total Time": 3058.524,
            "Actual Rows": 1,
            "Actual Loops": 2,
            "Plans": [
              {
                "Node Type": "Hash Join",
                "Parent Relationship": "Outer",
                "Parallel Aware": true,
                "Join Type": "Inner",
                "Startup Cost": 279326.41,
                "Total Cost": 627487.5,
                "Plan Rows": 2287091,
                "Plan Width": 0,
                "Actual Startup Time": 809.381,
                "Actual Total Time": 2964.89,
                "Actual Rows": 2256868,
                "Actual Loops": 2,
                "Inner Unique": true,
                "Hash Cond": "(ci.movie_id = t.id)",
                "Plans": [
                  {
                    "Node Type": "Bitmap Heap Scan",
                    "Parent Relationship": "Outer",
                    "Parallel Aware": true,
                    "Relation Name": "cast_info",
                    "Alias": "ci",
                    "Startup Cost": 213437.54,
                    "Total Cost": 551722.1,
                    "Plan Rows": 3762488,
                    "Plan Width": 4,
                    "Actual Startup Time": 384.337,
                    "Actual Total Time": 1085.521,
                    "Actual Rows": 3897948,
                    "Actual Loops": 2,
                    "Recheck Cond": "(person_id < 961629)",
                    "Rows Removed by Index Recheck": 0,
                    "Filter": "(role_id < 4)",
                    "Rows Removed by Filter": 990574,
                    "Exact Heap Blocks": 53970,
                    "Lossy Heap Blocks": 0,
                    "Plans": [
                      {
                        "Node Type": "Bitmap Index Scan",
                        "Parent Relationship": "Outer",
                        "Parallel Aware": false,
                        "Index Name": "person_id_cast_info",
                        "Startup Cost": 0.0,
                        "Total Cost": 211838.48,
                        "Plan Rows": 9701056,
                        "Plan Width": 0,
                        "Actual Startup Time": 365.654,
                        "Actual Total Time": 365.655,
                        "Actual Rows": 9777045,
                        "Actual Loops": 1,
                        "Index Cond": "(person_id < 961629)"
                      }
                    ]
                  },
                  {
                    "Node Type": "Hash",
                    "Parent Relationship": "Inner",
                    "Parallel Aware": true,
                    "Startup Cost": 54588.39,
                    "Total Cost": 54588.39,
                    "Plan Rows": 904038,
                    "Plan Width": 4,
                    "Actual Startup Time": 409.745,
                    "Actual Total Time": 409.747,
                    "Actual Rows": 771632,
                    "Actual Loops": 2,
                    "Hash Buckets": 2097152,
                    "Original Hash Buckets": 2097152,
                    "Hash Batches": 1,
                    "Original Hash Batches": 1,
                    "Peak Memory Usage": 76800,
                    "Plans": [
                      {
                        "Node Type": "Seq Scan",
                        "Parent Relationship": "Outer",
                        "Parallel Aware": true,
                        "Relation Name": "title",
                        "Alias": "t",
                        "Startup Cost": 0.0,
                        "Total Cost": 54588.39,
                        "Plan Rows": 904038,
                        "Plan Width": 4,
                        "Actual Startup Time": 0.03,
                        "Actual Total Time": 166.22,
                        "Actual Rows": 771632,
                        "Actual Loops": 2,
                        "Filter": "(kind_id = 7)",
                        "Rows Removed by Filter": 492524
                      }
                    ]
                  }
                ]
              }
            ]
          }
        ]
      }
    ]
  },
  "Planning Time": 0.664,
  "Triggers": [],
  "Execution Time": 3105.577
}