{
  "Plan": {
    "Node Type": "Aggregate",
    "Strategy": "Plain",
    "Partial Mode": "Finalize",
    "Parallel Aware": false,
    "Startup Cost": 686261.88,
    "Total Cost": 686261.89,
    "Plan Rows": 1,
    "Plan Width": 8,
    "Actual Startup Time": 4759.487,
    "Actual Total Time": 4831.274,
    "Actual Rows": 1,
    "Actual Loops": 1,
    "Plans": [
      {
        "Node Type": "Gather",
        "Parent Relationship": "Outer",
        "Parallel Aware": false,
        "Startup Cost": 686261.77,
        "Total Cost": 686261.88,
        "Plan Rows": 1,
        "Plan Width": 8,
        "Actual Startup Time": 4755.076,
        "Actual Total Time": 4831.264,
        "Actual Rows": 2,
        "Actual Loops": 1,
        "Workers Planned": 1,
        "Workers Launched": 1,
        "Single Copy": false,
        "Plans": [
          {
            "Node Type": "Aggregate",
            "Strategy": "Plain",
            "Partial Mode": "Partial",
            "Parent Relationship": "Outer",
            "Parallel Aware": false,
            "Startup Cost": 685261.77,
            "Total Cost": 685261.78,
            "Plan Rows": 1,
            "Plan Width": 8,
            "Actual Startup Time": 4747.285,
            "Actual Total Time": 4747.457,
            "Actual Rows": 1,
            "Actual Loops": 2,
            "Plans": [
              {
                "Node Type": "Hash Join",
                "Parent Relationship": "Outer",
                "Parallel Aware": true,
                "Join Type": "Inner",
                "Startup Cost": 588927.06,
                "Total Cost": 681826.62,
                "Plan Rows": 1374059,
                "Plan Width": 0,
                "Actual Startup Time": 3907.25,
                "Actual Total Time": 4573.976,
                "Actual Rows": 4413703,
                "Actual Loops": 2,
                "Inner Unique": false,
                "Hash Cond": "(mk.movie_id = t.id)",
                "Plans": [
                  {
                    "Node Type": "Seq Scan",
                    "Parent Relationship": "Outer",
                    "Parallel Aware": true,
                    "Relation Name": "movie_keyword",
                    "Alias": "mk",
                    "Startup Cost": 0.0,
                    "Total Cost": 57718.19,
                    "Plan Rows": 2167894,
                    "Plan Width": 4,
                    "Actual Startup Time": 0.055,
                    "Actual Total Time": 190.151,
                    "Actual Rows": 1838178,
                    "Actual Loops": 2,
                    "Filter": "(keyword_id > 807)",
                    "Rows Removed by Filter": 423788
                  },
                  {
                    "Node Type": "Hash",
                    "Parent Relationship": "Inner",
                    "Parallel Aware": true,
                    "Startup Cost": 577144.06,
                    "Total Cost": 577144.06,
                    "Plan Rows": 942640,
                    "Plan Width": 8,
                    "Actual Startup Time": 3891.99,
                    "Actual Total Time": 3892.16,
                    "Actual Rows": 827532,
                    "Actual Loops": 2,
                    "Hash Buckets": 2097152,
                    "Original Hash Buckets": 2097152,
                    "Hash Batches": 1,
                    "Original Hash Batches": 1,
                    "Peak Memory Usage": 81152,
                    "Plans": [
                      {
                        "Node Type": "Hash Join",
                        "Parent Relationship": "Outer",
                        "Parallel Aware": true,
                        "Join Type": "Inner",
                        "Startup Cost": 55410.7,
                        "Total Cost": 577144.06,
                        "Plan Rows": 942640,
                        "Plan Width": 8,
                        "Actual Startup Time": 144.905,
                        "Actual Total Time": 3651.719,
                        "Actual Rows": 827532,
                        "Actual Loops": 2,
                        "Inner Unique": true,
                        "Hash Cond": "(ci.movie_id = t.id)",
                        "Plans": [
                          {
                            "Node Type": "Seq Scan",
                            "Parent Relationship": "Outer",
                            "Parallel Aware": true,
                            "Relation Name": "cast_info",
                            "Alias": "ci",
                            "Startup Cost": 0.0,
                            "Total Cost": 465792.95,
                            "Plan Rows": 21310595,
                            "Plan Width": 4,
                            "Actual Startup Time": 0.013,
                            "Actual Total Time": 1288.355,
                            "Actual Rows": 18122172,
                            "Actual Loops": 2
                          },
                          {
                            "Node Type": "Hash",
                            "Parent Relationship": "Inner",
                            "Parallel Aware": true,
                            "Startup Cost": 54588.39,
                            "Total Cost": 54588.39,
                            "Plan Rows": 65785,
                            "Plan Width": 4,
                            "Actual Startup Time": 144.213,
                            "Actual Total Time": 144.214,
                            "Actual Rows": 54214,
                            "Actual Loops": 2,
                            "Hash Buckets": 131072,
                            "Original Hash Buckets": 131072,
                            "Hash Batches": 1,
                            "Original Hash Batches": 1,
                            "Peak Memory Usage": 5280,
                            "Plans": [
                              {
                                "Node Type": "Seq Scan",
                                "Parent Relationship": "Outer",
                                "Parallel Aware": true,
                                "Relation Name": "title",
                                "Alias": "t",
                                "Startup Cost": 0.0,
                                "Total Cost": 54588.39,
                                "Plan Rows": 65785,
                                "Plan Width": 4,
                                "Actual Startup Time": 0.03,
                                "Actual Total Time": 129.673,
                                "Actual Rows": 54214,
                                "Actual Loops": 2,
                                "Filter": "(production_year = 2006)",
                                "Rows Removed by Filter": 1209942
                              }
                            ]
                          }
                        ]
                      }
                    ]
                  }
                ]
              }
            ]
          }
        ]
      }
    ]
  },
  "Planning Time": 0.906,
  "Triggers": [],
  "Execution Time": 4831.415
}