[
  {
    "Plan": {
      "Node Type": "Aggregate",
      "Strategy": "Plain",
      "Partial Mode": "Finalize",
      "Parallel Aware": false,
      "Startup Cost": 444146.99,
      "Total Cost": 444147.0,
      "Plan Rows": 1,
      "Plan Width": 8,
      "Actual Startup Time": 739.739,
      "Actual Total Time": 764.593,
      "Actual Rows": 1,
      "Actual Loops": 1,
      "Plans": [
        {
          "Node Type": "Gather",
          "Parent Relationship": "Outer",
          "Parallel Aware": false,
          "Startup Cost": 444146.37,
          "Total Cost": 444146.98,
          "Plan Rows": 6,
          "Plan Width": 8,
          "Actual Startup Time": 725.059,
          "Actual Total Time": 764.581,
          "Actual Rows": 7,
          "Actual Loops": 1,
          "Workers Planned": 6,
          "Workers Launched": 6,
          "Single Copy": false,
          "Plans": [
            {
              "Node Type": "Aggregate",
              "Strategy": "Plain",
              "Partial Mode": "Partial",
              "Parent Relationship": "Outer",
              "Parallel Aware": false,
              "Startup Cost": 443146.37,
              "Total Cost": 443146.38,
              "Plan Rows": 1,
              "Plan Width": 8,
              "Actual Startup Time": 709.06,
              "Actual Total Time": 709.139,
              "Actual Rows": 1,
              "Actual Loops": 7,
              "Plans": [
                {
                  "Node Type": "Hash Join",
                  "Parent Relationship": "Outer",
                  "Parallel Aware": true,
                  "Join Type": "Inner",
                  "Startup Cost": 242435.0,
                  "Total Cost": 442551.8,
                  "Plan Rows": 237829,
                  "Plan Width": 0,
                  "Actual Startup Time": 517.319,
                  "Actual Total Time": 709.105,
                  "Actual Rows": 204,
                  "Actual Loops": 7,
                  "Inner Unique": false,
                  "Hash Cond": "(ci.movie_id = t.id)",
                  "Plans": [
                    {
                      "Node Type": "Index Scan",
                      "Parent Relationship": "Outer",
                      "Parallel Aware": true,
                      "Scan Direction": "Forward",
                      "Index Name": "role_id_cast_info",
                      "Relation Name": "cast_info",
                      "Alias": "ci",
                      "Startup Cost": 0.56,
                      "Total Cost": 197877.72,
                      "Plan Rows": 470394,
                      "Plan Width": 4,
                      "Actual Startup Time": 3.908,
                      "Actual Total Time": 196.333,
                      "Actual Rows": 376,
                      "Actual Loops": 7,
                      "Index Cond": "(role_id = 2)",
                      "Rows Removed by Index Recheck": 0,
                      "Filter": "(person_id < 1369844)",
                      "Rows Removed by Filter": 1064192
                    },
                    {
                      "Node Type": "Hash",
                      "Parent Relationship": "Inner",
                      "Parallel Aware": true,
                      "Startup Cost": 239238.7,
                      "Total Cost": 239238.7,
                      "Plan Rows": 255659,
                      "Plan Width": 8,
                      "Actual Startup Time": 506.271,
                      "Actual Total Time": 506.348,
                      "Actual Rows": 185570,
                      "Actual Loops": 7,
                      "Hash Buckets": 2097152,
                      "Original Hash Buckets": 2097152,
                      "Hash Batches": 1,
                      "Original Hash Batches": 1,
                      "Peak Memory Usage": 67296,
                      "Plans": [
                        {
                          "Node Type": "Hash Join",
                          "Parent Relationship": "Outer",
                          "Parallel Aware": true,
                          "Join Type": "Inner",
                          "Startup Cost": 73378.86,
                          "Total Cost": 239238.7,
                          "Plan Rows": 255659,
                          "Plan Width": 8,
                          "Actual Startup Time": 293.663,
                          "Actual Total Time": 419.426,
                          "Actual Rows": 185570,
                          "Actual Loops": 7,
                          "Inner Unique": true,
                          "Hash Cond": "(mi.movie_id = t.id)",
                          "Plans": [
                            {
                              "Node Type": "Bitmap Heap Scan",
                              "Parent Relationship": "Outer",
                              "Parallel Aware": true,
                              "Relation Name": "movie_info",
                              "Alias": "mi",
                              "Startup Cost": 23159.21,
                              "Total Cost": 188347.95,
                              "Plan Rows": 255659,
                              "Plan Width": 4,
                              "Actual Startup Time": 42.334,
                              "Actual Total Time": 69.89,
                              "Actual Rows": 185570,
                              "Actual Loops": 7,
                              "Recheck Cond": "(info_type_id = 4)",
                              "Rows Removed by Index Recheck": 0,
                              "Exact Heap Blocks": 1340,
                              "Lossy Heap Blocks": 0,
                              "Plans": [
                                {
                                  "Node Type": "Bitmap Index Scan",
                                  "Parent Relationship": "Outer",
                                  "Parallel Aware": false,
                                  "Index Name": "info_type_id_movie_info",
                                  "Startup Cost": 0.0,
                                  "Total Cost": 22839.64,
                                  "Plan Rows": 1278294,
                                  "Plan Width": 0,
                                  "Actual Startup Time": 41.007,
                                  "Actual Total Time": 41.008,
                                  "Actual Rows": 1298989,
                                  "Actual Loops": 1,
                                  "Index Cond": "(info_type_id = 4)"
                                }
                              ]
                            },
                            {
                              "Node Type": "Hash",
                              "Parent Relationship": "Inner",
                              "Parallel Aware": true,
                              "Startup Cost": 42318.73,
                              "Total Cost": 42318.73,
                              "Plan Rows": 632073,
                              "Plan Width": 4,
                              "Actual Startup Time": 247.268,
                              "Actual Total Time": 247.27,
                              "Actual Rows": 361187,
                              "Actual Loops": 7,
                              "Hash Buckets": 4194304,
                              "Original Hash Buckets": 4194304,
                              "Hash Batches": 1,
                              "Original Hash Batches": 1,
                              "Peak Memory Usage": 131776,
                              "Plans": [
                                {
                                  "Node Type": "Seq Scan",
                                  "Parent Relationship": "Outer",
                                  "Parallel Aware": true,
                                  "Relation Name": "title",
                                  "Alias": "t",
                                  "Startup Cost": 0.0,
                                  "Total Cost": 42318.73,
                                  "Plan Rows": 632073,
                                  "Plan Width": 4,
                                  "Actual Startup Time": 0.047,
                                  "Actual Total Time": 69.736,
                                  "Actual Rows": 361187,
                                  "Actual Loops": 7
                                }
                              ]
                            }
                          ]
                        }
                      ]
                    }
                  ]
                }
              ]
            }
          ]
        }
      ]
    },
    "Planning Time": 1.314,
    "Triggers": [],
    "Execution Time": 764.699
  }
]