[
    {
        "Bao": {
            "Bao prediction": 1298.232,
            "Bao recommended hint": "(no hint)"
        }
    },
    {
        "Plan": {
            "Node Type": "Aggregate",
            "Strategy": "Plain",
            "Partial Mode": "Finalize",
            "Parallel Aware": false,
            "Startup Cost": 509049.21,
            "Total Cost": 509049.22,
            "Plan Rows": 1,
            "Plan Width": 8,
            "Actual Startup Time": 4817.906,
            "Actual Total Time": 4877.773,
            "Actual Rows": 1,
            "Actual Loops": 1,
            "Output": [
                "count(*)"
            ],
            "Plans": [
                {
                    "Node Type": "Gather",
                    "Parent Relationship": "Outer",
                    "Parallel Aware": false,
                    "Startup Cost": 509048.59,
                    "Total Cost": 509049.2,
                    "Plan Rows": 6,
                    "Plan Width": 8,
                    "Actual Startup Time": 4775.355,
                    "Actual Total Time": 4877.76,
                    "Actual Rows": 7,
                    "Actual Loops": 1,
                    "Output": [
                        "(PARTIAL count(*))"
                    ],
                    "Workers Planned": 6,
                    "Workers Launched": 6,
                    "Single Copy": false,
                    "Plans": [
                        {
                            "Node Type": "Aggregate",
                            "Strategy": "Plain",
                            "Partial Mode": "Partial",
                            "Parent Relationship": "Outer",
                            "Parallel Aware": false,
                            "Startup Cost": 508048.59,
                            "Total Cost": 508048.6,
                            "Plan Rows": 1,
                            "Plan Width": 8,
                            "Actual Startup Time": 4744.29,
                            "Actual Total Time": 4745.838,
                            "Actual Rows": 1,
                            "Actual Loops": 7,
                            "Output": [
                                "PARTIAL count(*)"
                            ],
                            "Workers": [
                                {
                                    "Worker Number": 0,
                                    "Actual Startup Time": 4742.563,
                                    "Actual Total Time": 4742.567,
                                    "Actual Rows": 1,
                                    "Actual Loops": 1
                                },
                                {
                                    "Worker Number": 1,
                                    "Actual Startup Time": 4738.464,
                                    "Actual Total Time": 4738.469,
                                    "Actual Rows": 1,
                                    "Actual Loops": 1
                                },
                                {
                                    "Worker Number": 2,
                                    "Actual Startup Time": 4738.682,
                                    "Actual Total Time": 4738.687,
                                    "Actual Rows": 1,
                                    "Actual Loops": 1
                                },
                                {
                                    "Worker Number": 3,
                                    "Actual Startup Time": 4738.67,
                                    "Actual Total Time": 4738.675,
                                    "Actual Rows": 1,
                                    "Actual Loops": 1
                                },
                                {
                                    "Worker Number": 4,
                                    "Actual Startup Time": 4738.662,
                                    "Actual Total Time": 4738.666,
                                    "Actual Rows": 1,
                                    "Actual Loops": 1
                                },
                                {
                                    "Worker Number": 5,
                                    "Actual Startup Time": 4738.646,
                                    "Actual Total Time": 4738.651,
                                    "Actual Rows": 1,
                                    "Actual Loops": 1
                                }
                            ],
                            "Plans": [
                                {
                                    "Node Type": "Hash Join",
                                    "Parent Relationship": "Outer",
                                    "Parallel Aware": true,
                                    "Join Type": "Inner",
                                    "Startup Cost": 111852.0,
                                    "Total Cost": 491338.08,
                                    "Plan Rows": 6684202,
                                    "Plan Width": 0,
                                    "Actual Startup Time": 1018.182,
                                    "Actual Total Time": 3898.899,
                                    "Actual Rows": 19503695,
                                    "Actual Loops": 7,
                                    "Inner Unique": false,
                                    "Hash Cond": "(ci.movie_id = t.id)",
                                    "Workers": [
                                        {
                                            "Worker Number": 0,
                                            "Actual Startup Time": 1012.966,
                                            "Actual Total Time": 3888.293,
                                            "Actual Rows": 19546686,
                                            "Actual Loops": 1
                                        },
                                        {
                                            "Worker Number": 1,
                                            "Actual Startup Time": 1012.962,
                                            "Actual Total Time": 3894.617,
                                            "Actual Rows": 19050477,
                                            "Actual Loops": 1
                                        },
                                        {
                                            "Worker Number": 2,
                                            "Actual Startup Time": 1013.076,
                                            "Actual Total Time": 3894.582,
                                            "Actual Rows": 19206339,
                                            "Actual Loops": 1
                                        },
                                        {
                                            "Worker Number": 3,
                                            "Actual Startup Time": 1013.041,
                                            "Actual Total Time": 3896.946,
                                            "Actual Rows": 19527845,
                                            "Actual Loops": 1
                                        },
                                        {
                                            "Worker Number": 4,
                                            "Actual Startup Time": 1013.171,
                                            "Actual Total Time": 3871.423,
                                            "Actual Rows": 18672290,
                                            "Actual Loops": 1
                                        },
                                        {
                                            "Worker Number": 5,
                                            "Actual Startup Time": 1013.232,
                                            "Actual Total Time": 3872.783,
                                            "Actual Rows": 19027086,
                                            "Actual Loops": 1
                                        }
                                    ],
                                    "Plans": [
                                        {
                                            "Node Type": "Seq Scan",
                                            "Parent Relationship": "Outer",
                                            "Parallel Aware": true,
                                            "Relation Name": "cast_info",
                                            "Schema": "public",
                                            "Alias": "ci",
                                            "Startup Cost": 0.0,
                                            "Total Cost": 343318.94,
                                            "Plan Rows": 3894721,
                                            "Plan Width": 4,
                                            "Actual Startup Time": 258.654,
                                            "Actual Total Time": 735.823,
                                            "Actual Rows": 3361076,
                                            "Actual Loops": 7,
                                            "Output": [
                                                "ci.id",
                                                "ci.person_id",
                                                "ci.movie_id",
                                                "ci.person_role_id",
                                                "ci.note",
                                                "ci.nr_order",
                                                "ci.role_id"
                                            ],
                                            "Filter": "((ci.person_id > 21842) AND (ci.role_id > 1))",
                                            "Rows Removed by Filter": 1816687,
                                            "Workers": [
                                                {
                                                    "Worker Number": 0,
                                                    "Actual Startup Time": 258.669,
                                                    "Actual Total Time": 743.128,
                                                    "Actual Rows": 3423625,
                                                    "Actual Loops": 1
                                                },
                                                {
                                                    "Worker Number": 1,
                                                    "Actual Startup Time": 258.651,
                                                    "Actual Total Time": 747.358,
                                                    "Actual Rows": 3252966,
                                                    "Actual Loops": 1
                                                },
                                                {
                                                    "Worker Number": 2,
                                                    "Actual Startup Time": 258.651,
                                                    "Actual Total Time": 746.807,
                                                    "Actual Rows": 3288047,
                                                    "Actual Loops": 1
                                                },
                                                {
                                                    "Worker Number": 3,
                                                    "Actual Startup Time": 258.657,
                                                    "Actual Total Time": 743.054,
                                                    "Actual Rows": 3332809,
                                                    "Actual Loops": 1
                                                },
                                                {
                                                    "Worker Number": 4,
                                                    "Actual Startup Time": 258.606,
                                                    "Actual Total Time": 742.837,
                                                    "Actual Rows": 3178067,
                                                    "Actual Loops": 1
                                                },
                                                {
                                                    "Worker Number": 5,
                                                    "Actual Startup Time": 258.667,
                                                    "Actual Total Time": 742.897,
                                                    "Actual Rows": 3267115,
                                                    "Actual Loops": 1
                                                }
                                            ]
                                        },
                                        {
                                            "Node Type": "Hash",
                                            "Parent Relationship": "Inner",
                                            "Parallel Aware": true,
                                            "Startup Cost": 94355.39,
                                            "Total Cost": 94355.39,
                                            "Plan Rows": 1399729,
                                            "Plan Width": 8,
                                            "Actual Startup Time": 749.386,
                                            "Actual Total Time": 750.932,
                                            "Actual Rows": 641658,
                                            "Actual Loops": 7,
                                            "Output": [
                                                "t.id",
                                                "mk.movie_id"
                                            ],
                                            "Hash Buckets": 8388608,
                                            "Original Hash Buckets": 8388608,
                                            "Hash Batches": 1,
                                            "Original Hash Batches": 1,
                                            "Peak Memory Usage": 241344,
                                            "Workers": [
                                                {
                                                    "Worker Number": 0,
                                                    "Actual Startup Time": 753.447,
                                                    "Actual Total Time": 753.449,
                                                    "Actual Rows": 598521,
                                                    "Actual Loops": 1
                                                },
                                                {
                                                    "Worker Number": 1,
                                                    "Actual Startup Time": 753.467,
                                                    "Actual Total Time": 753.471,
                                                    "Actual Rows": 595893,
                                                    "Actual Loops": 1
                                                },
                                                {
                                                    "Worker Number": 2,
                                                    "Actual Startup Time": 753.628,
                                                    "Actual Total Time": 753.631,
                                                    "Actual Rows": 593483,
                                                    "Actual Loops": 1
                                                },
                                                {
                                                    "Worker Number": 3,
                                                    "Actual Startup Time": 753.651,
                                                    "Actual Total Time": 753.655,
                                                    "Actual Rows": 596163,
                                                    "Actual Loops": 1
                                                },
                                                {
                                                    "Worker Number": 4,
                                                    "Actual Startup Time": 753.658,
                                                    "Actual Total Time": 753.66,
                                                    "Actual Rows": 595540,
                                                    "Actual Loops": 1
                                                },
                                                {
                                                    "Worker Number": 5,
                                                    "Actual Startup Time": 753.811,
                                                    "Actual Total Time": 753.815,
                                                    "Actual Rows": 598342,
                                                    "Actual Loops": 1
                                                }
                                            ],
                                            "Plans": [
                                                {
                                                    "Node Type": "Hash Join",
                                                    "Parent Relationship": "Outer",
                                                    "Parallel Aware": true,
                                                    "Join Type": "Inner",
                                                    "Startup Cost": 51477.31,
                                                    "Total Cost": 94355.39,
                                                    "Plan Rows": 1399729,
                                                    "Plan Width": 8,
                                                    "Actual Startup Time": 278.356,
                                                    "Actual Total Time": 520.93,
                                                    "Actual Rows": 641658,
                                                    "Actual Loops": 7,
                                                    "Output": [
                                                        "t.id",
                                                        "mk.movie_id"
                                                    ],
                                                    "Inner Unique": true,
                                                    "Hash Cond": "(mk.movie_id = t.id)",
                                                    "Workers": [
                                                        {
                                                            "Worker Number": 0,
                                                            "Actual Startup Time": 278.291,
                                                            "Actual Total Time": 518.609,
                                                            "Actual Rows": 598521,
                                                            "Actual Loops": 1
                                                        },
                                                        {
                                                            "Worker Number": 1,
                                                            "Actual Startup Time": 278.232,
                                                            "Actual Total Time": 519.918,
                                                            "Actual Rows": 595893,
                                                            "Actual Loops": 1
                                                        },
                                                        {
                                                            "Worker Number": 2,
                                                            "Actual Startup Time": 278.4,
                                                            "Actual Total Time": 518.855,
                                                            "Actual Rows": 593483,
                                                            "Actual Loops": 1
                                                        },
                                                        {
                                                            "Worker Number": 3,
                                                            "Actual Startup Time": 278.211,
                                                            "Actual Total Time": 519.541,
                                                            "Actual Rows": 596163,
                                                            "Actual Loops": 1
                                                        },
                                                        {
                                                            "Worker Number": 4,
                                                            "Actual Startup Time": 278.359,
                                                            "Actual Total Time": 520.565,
                                                            "Actual Rows": 595540,
                                                            "Actual Loops": 1
                                                        },
                                                        {
                                                            "Worker Number": 5,
                                                            "Actual Startup Time": 278.374,
                                                            "Actual Total Time": 518.736,
                                                            "Actual Rows": 598342,
                                                            "Actual Loops": 1
                                                        }
                                                    ],
                                                    "Plans": [
                                                        {
                                                            "Node Type": "Seq Scan",
                                                            "Parent Relationship": "Outer",
                                                            "Parallel Aware": true,
                                                            "Relation Name": "movie_keyword",
                                                            "Schema": "public",
                                                            "Alias": "mk",
                                                            "Startup Cost": 0.0,
                                                            "Total Cost": 39047.32,
                                                            "Plan Rows": 1459332,
                                                            "Plan Width": 4,
                                                            "Actual Startup Time": 0.017,
                                                            "Actual Total Time": 75.384,
                                                            "Actual Rows": 646276,
                                                            "Actual Loops": 7,
                                                            "Output": [
                                                                "mk.id",
                                                                "mk.movie_id",
                                                                "mk.keyword_id"
                                                            ],
                                                            "Workers": [
                                                                {
                                                                    "Worker Number": 0,
                                                                    "Actual Startup Time": 0.016,
                                                                    "Actual Total Time": 76.409,
                                                                    "Actual Rows": 602545,
                                                                    "Actual Loops": 1
                                                                },
                                                                {
                                                                    "Worker Number": 1,
                                                                    "Actual Startup Time": 0.015,
                                                                    "Actual Total Time": 76.932,
                                                                    "Actual Rows": 600450,
                                                                    "Actual Loops": 1
                                                                },
                                                                {
                                                                    "Worker Number": 2,
                                                                    "Actual Startup Time": 0.025,
                                                                    "Actual Total Time": 76.648,
                                                                    "Actual Rows": 597550,
                                                                    "Actual Loops": 1
                                                                },
                                                                {
                                                                    "Worker Number": 3,
                                                                    "Actual Startup Time": 0.015,
                                                                    "Actual Total Time": 77.029,
                                                                    "Actual Rows": 599770,
                                                                    "Actual Loops": 1
                                                                },
                                                                {
                                                                    "Worker Number": 4,
                                                                    "Actual Startup Time": 0.014,
                                                                    "Actual Total Time": 76.605,
                                                                    "Actual Rows": 600510,
                                                                    "Actual Loops": 1
                                                                },
                                                                {
                                                                    "Worker Number": 5,
                                                                    "Actual Startup Time": 0.024,
                                                                    "Actual Total Time": 76.206,
                                                                    "Actual Rows": 602915,
                                                                    "Actual Loops": 1
                                                                }
                                                            ]
                                                        },
                                                        {
                                                            "Node Type": "Hash",
                                                            "Parent Relationship": "Inner",
                                                            "Parallel Aware": true,
                                                            "Startup Cost": 43899.01,
                                                            "Total Cost": 43899.01,
                                                            "Plan Rows": 606264,
                                                            "Plan Width": 4,
                                                            "Actual Startup Time": 274.921,
                                                            "Actual Total Time": 274.922,
                                                            "Actual Rows": 346730,
                                                            "Actual Loops": 7,
                                                            "Output": [
                                                                "t.id"
                                                            ],
                                                            "Hash Buckets": 4194304,
                                                            "Original Hash Buckets": 4194304,
                                                            "Hash Batches": 1,
                                                            "Original Hash Batches": 1,
                                                            "Peak Memory Usage": 127808,
                                                            "Workers": [
                                                                {
                                                                    "Worker Number": 0,
                                                                    "Actual Startup Time": 278.152,
                                                                    "Actual Total Time": 278.153,
                                                                    "Actual Rows": 316336,
                                                                    "Actual Loops": 1
                                                                },
                                                                {
                                                                    "Worker Number": 1,
                                                                    "Actual Startup Time": 278.088,
                                                                    "Actual Total Time": 278.089,
                                                                    "Actual Rows": 284698,
                                                                    "Actual Loops": 1
                                                                },
                                                                {
                                                                    "Worker Number": 2,
                                                                    "Actual Startup Time": 278.109,
                                                                    "Actual Total Time": 278.111,
                                                                    "Actual Rows": 316110,
                                                                    "Actual Loops": 1
                                                                },
                                                                {
                                                                    "Worker Number": 3,
                                                                    "Actual Startup Time": 278.109,
                                                                    "Actual Total Time": 278.111,
                                                                    "Actual Rows": 320284,
                                                                    "Actual Loops": 1
                                                                },
                                                                {
                                                                    "Worker Number": 4,
                                                                    "Actual Startup Time": 278.226,
                                                                    "Actual Total Time": 278.227,
                                                                    "Actual Rows": 315685,
                                                                    "Actual Loops": 1
                                                                },
                                                                {
                                                                    "Worker Number": 5,
                                                                    "Actual Startup Time": 278.12,
                                                                    "Actual Total Time": 278.121,
                                                                    "Actual Rows": 319671,
                                                                    "Actual Loops": 1
                                                                }
                                                            ],
                                                            "Plans": [
                                                                {
                                                                    "Node Type": "Seq Scan",
                                                                    "Parent Relationship": "Outer",
                                                                    "Parallel Aware": true,
                                                                    "Relation Name": "title",
                                                                    "Schema": "public",
                                                                    "Alias": "t",
                                                                    "Startup Cost": 0.0,
                                                                    "Total Cost": 43899.01,
                                                                    "Plan Rows": 606264,
                                                                    "Plan Width": 4,
                                                                    "Actual Startup Time": 0.058,
                                                                    "Actual Total Time": 93.912,
                                                                    "Actual Rows": 346730,
                                                                    "Actual Loops": 7,
                                                                    "Output": [
                                                                        "t.id"
                                                                    ],
                                                                    "Filter": "(t.production_year > 1910)",
                                                                    "Rows Removed by Filter": 14457,
                                                                    "Workers": [
                                                                        {
                                                                            "Worker Number": 0,
                                                                            "Actual Startup Time": 0.06,
                                                                            "Actual Total Time": 96.088,
                                                                            "Actual Rows": 316336,
                                                                            "Actual Loops": 1
                                                                        },
                                                                        {
                                                                            "Worker Number": 1,
                                                                            "Actual Startup Time": 0.067,
                                                                            "Actual Total Time": 100.693,
                                                                            "Actual Rows": 284698,
                                                                            "Actual Loops": 1
                                                                        },
                                                                        {
                                                                            "Worker Number": 2,
                                                                            "Actual Startup Time": 0.079,
                                                                            "Actual Total Time": 96.536,
                                                                            "Actual Rows": 316110,
                                                                            "Actual Loops": 1
                                                                        },
                                                                        {
                                                                            "Worker Number": 3,
                                                                            "Actual Startup Time": 0.06,
                                                                            "Actual Total Time": 96.347,
                                                                            "Actual Rows": 320284,
                                                                            "Actual Loops": 1
                                                                        },
                                                                        {
                                                                            "Worker Number": 4,
                                                                            "Actual Startup Time": 0.06,
                                                                            "Actual Total Time": 96.055,
                                                                            "Actual Rows": 315685,
                                                                            "Actual Loops": 1
                                                                        },
                                                                        {
                                                                            "Worker Number": 5,
                                                                            "Actual Startup Time": 0.061,
                                                                            "Actual Total Time": 96.39,
                                                                            "Actual Rows": 319671,
                                                                            "Actual Loops": 1
                                                                        }
                                                                    ]
                                                                }
                                                            ]
                                                        }
                                                    ]
                                                }
                                            ]
                                        }
                                    ]
                                }
                            ]
                        }
                    ]
                }
            ]
        },
        "Planning Time": 1723.206,
        "Triggers": [],
        "Execution Time": 4877.947
    }
]