[
  {
    "Plan": {
      "Node Type": "Aggregate",
      "Strategy": "Plain",
      "Partial Mode": "Finalize",
      "Parallel Aware": false,
      "Startup Cost": 309324.15,
      "Total Cost": 309324.16,
      "Plan Rows": 1,
      "Plan Width": 8,
      "Actual Startup Time": 4186.627,
      "Actual Total Time": 4266.633,
      "Actual Rows": 1,
      "Actual Loops": 1,
      "Plans": [
        {
          "Node Type": "Gather",
          "Parent Relationship": "Outer",
          "Parallel Aware": false,
          "Startup Cost": 309323.63,
          "Total Cost": 309324.14,
          "Plan Rows": 5,
          "Plan Width": 8,
          "Actual Startup Time": 4183.821,
          "Actual Total Time": 4266.623,
          "Actual Rows": 6,
          "Actual Loops": 1,
          "Workers Planned": 5,
          "Workers Launched": 5,
          "Single Copy": false,
          "Plans": [
            {
              "Node Type": "Aggregate",
              "Strategy": "Plain",
              "Partial Mode": "Partial",
              "Parent Relationship": "Outer",
              "Parallel Aware": false,
              "Startup Cost": 308323.63,
              "Total Cost": 308323.64,
              "Plan Rows": 1,
              "Plan Width": 8,
              "Actual Startup Time": 4172.171,
              "Actual Total Time": 4172.174,
              "Actual Rows": 1,
              "Actual Loops": 6,
              "Plans": [
                {
                  "Node Type": "Nested Loop",
                  "Parent Relationship": "Outer",
                  "Parallel Aware": false,
                  "Join Type": "Inner",
                  "Startup Cost": 55522.53,
                  "Total Cost": 307547.22,
                  "Plan Rows": 310562,
                  "Plan Width": 0,
                  "Actual Startup Time": 143.802,
                  "Actual Total Time": 3870.953,
                  "Actual Rows": 6139798,
                  "Actual Loops": 6,
                  "Inner Unique": false,
                  "Plans": [
                    {
                      "Node Type": "Hash Join",
                      "Parent Relationship": "Outer",
                      "Parallel Aware": true,
                      "Join Type": "Inner",
                      "Startup Cost": 55521.96,
                      "Total Cost": 218872.98,
                      "Plan Rows": 21674,
                      "Plan Width": 8,
                      "Actual Startup Time": 143.688,
                      "Actual Total Time": 192.21,
                      "Actual Rows": 66260,
                      "Actual Loops": 6,
                      "Inner Unique": true,
                      "Hash Cond": "(mi.movie_id = t.id)",
                      "Plans": [
                        {
                          "Node Type": "Bitmap Heap Scan",
                          "Parent Relationship": "Outer",
                          "Parallel Aware": true,
                          "Relation Name": "movie_info",
                          "Alias": "mi",
                          "Startup Cost": 8135.65,
                          "Total Cost": 171250.98,
                          "Plan Rows": 89786,
                          "Plan Width": 4,
                          "Actual Startup Time": 15.428,
                          "Actual Total Time": 30.336,
                          "Actual Rows": 71442,
                          "Actual Loops": 6,
                          "Recheck Cond": "(info_type_id > 104)",
                          "Rows Removed by Index Recheck": 0,
                          "Exact Heap Blocks": 1007,
                          "Lossy Heap Blocks": 0,
                          "Plans": [
                            {
                              "Node Type": "Bitmap Index Scan",
                              "Parent Relationship": "Outer",
                              "Parallel Aware": false,
                              "Index Name": "info_type_id_movie_info",
                              "Startup Cost": 0.0,
                              "Total Cost": 8023.42,
                              "Plan Rows": 448931,
                              "Plan Width": 0,
                              "Actual Startup Time": 14.59,
                              "Actual Total Time": 14.59,
                              "Actual Rows": 428651,
                              "Actual Loops": 1,
                              "Index Cond": "(info_type_id > 104)"
                            }
                          ]
                        },
                        {
                          "Node Type": "Hash",
                          "Parent Relationship": "Inner",
                          "Parallel Aware": true,
                          "Startup Cost": 45479.1,
                          "Total Cost": 45479.1,
                          "Plan Rows": 152577,
                          "Plan Width": 4,
                          "Actual Startup Time": 124.45,
                          "Actual Total Time": 124.451,
                          "Actual Rows": 87203,
                          "Actual Loops": 6,
                          "Hash Buckets": 1048576,
                          "Original Hash Buckets": 1048576,
                          "Hash Batches": 1,
                          "Original Hash Batches": 1,
                          "Peak Memory Usage": 28736,
                          "Plans": [
                            {
                              "Node Type": "Seq Scan",
                              "Parent Relationship": "Outer",
                              "Parallel Aware": true,
                              "Relation Name": "title",
                              "Alias": "t",
                              "Startup Cost": 0.0,
                              "Total Cost": 45479.1,
                              "Plan Rows": 152577,
                              "Plan Width": 4,
                              "Actual Startup Time": 45.725,
                              "Actual Total Time": 86.468,
                              "Actual Rows": 87203,
                              "Actual Loops": 6,
                              "Filter": "((production_year > 1936) AND (kind_id = 1))",
                              "Rows Removed by Filter": 334182
                            }
                          ]
                        }
                      ]
                    },
                    {
                      "Node Type": "Index Only Scan",
                      "Parent Relationship": "Inner",
                      "Parallel Aware": false,
                      "Scan Direction": "Forward",
                      "Index Name": "movie_id_cast_info",
                      "Relation Name": "cast_info",
                      "Alias": "ci",
                      "Startup Cost": 0.56,
                      "Total Cost": 3.72,
                      "Plan Rows": 37,
                      "Plan Width": 4,
                      "Actual Startup Time": 0.006,
                      "Actual Total Time": 0.049,
                      "Actual Rows": 93,
                      "Actual Loops": 397558,
                      "Index Cond": "(movie_id = t.id)",
                      "Rows Removed by Index Recheck": 0,
                      "Heap Fetches": 36838788
                    }
                  ]
                }
              ]
            }
          ]
        }
      ]
    },
    "Planning Time": 1.349,
    "Triggers": [],
    "Execution Time": 4266.761
  }
]