[
  {
    "Plan": {
      "Node Type": "Aggregate",
      "Strategy": "Plain",
      "Partial Mode": "Finalize",
      "Parallel Aware": false,
      "Startup Cost": 82159.44,
      "Total Cost": 82159.45,
      "Plan Rows": 1,
      "Plan Width": 8,
      "Actual Startup Time": 471.379,
      "Actual Total Time": 493.336,
      "Actual Rows": 1,
      "Actual Loops": 1,
      "Plans": [
        {
          "Node Type": "Gather",
          "Parent Relationship": "Outer",
          "Parallel Aware": false,
          "Startup Cost": 82159.12,
          "Total Cost": 82159.43,
          "Plan Rows": 3,
          "Plan Width": 8,
          "Actual Startup Time": 463.906,
          "Actual Total Time": 493.324,
          "Actual Rows": 4,
          "Actual Loops": 1,
          "Workers Planned": 3,
          "Workers Launched": 3,
          "Single Copy": false,
          "Plans": [
            {
              "Node Type": "Aggregate",
              "Strategy": "Plain",
              "Partial Mode": "Partial",
              "Parent Relationship": "Outer",
              "Parallel Aware": false,
              "Startup Cost": 81159.12,
              "Total Cost": 81159.13,
              "Plan Rows": 1,
              "Plan Width": 8,
              "Actual Startup Time": 453.596,
              "Actual Total Time": 453.599,
              "Actual Rows": 1,
              "Actual Loops": 4,
              "Plans": [
                {
                  "Node Type": "Hash Join",
                  "Parent Relationship": "Outer",
                  "Parallel Aware": true,
                  "Join Type": "Inner",
                  "Startup Cost": 50158.95,
                  "Total Cost": 80549.85,
                  "Plan Rows": 243708,
                  "Plan Width": 0,
                  "Actual Startup Time": 283.94,
                  "Actual Total Time": 449.525,
                  "Actual Rows": 78680,
                  "Actual Loops": 4,
                  "Inner Unique": true,
                  "Hash Cond": "(mc.movie_id = t.id)",
                  "Plans": [
                    {
                      "Node Type": "Seq Scan",
                      "Parent Relationship": "Outer",
                      "Parallel Aware": true,
                      "Relation Name": "movie_companies",
                      "Alias": "mc",
                      "Startup Cost": 0.0,
                      "Total Cost": 29310.68,
                      "Plan Rows": 411513,
                      "Plan Width": 4,
                      "Actual Startup Time": 0.011,
                      "Actual Total Time": 78.145,
                      "Actual Rows": 318562,
                      "Actual Loops": 4,
                      "Filter": "(company_type_id = 1)",
                      "Rows Removed by Filter": 333721
                    },
                    {
                      "Node Type": "Hash",
                      "Parent Relationship": "Inner",
                      "Parallel Aware": true,
                      "Startup Cost": 45479.59,
                      "Total Cost": 45479.59,
                      "Plan Rows": 374349,
                      "Plan Width": 4,
                      "Actual Startup Time": 277.264,
                      "Actual Total Time": 277.265,
                      "Actual Rows": 369610,
                      "Actual Loops": 4,
                      "Hash Buckets": 2097152,
                      "Original Hash Buckets": 2097152,
                      "Hash Batches": 1,
                      "Original Hash Batches": 1,
                      "Peak Memory Usage": 74272,
                      "Plans": [
                        {
                          "Node Type": "Seq Scan",
                          "Parent Relationship": "Outer",
                          "Parallel Aware": true,
                          "Relation Name": "title",
                          "Alias": "t",
                          "Startup Cost": 0.0,
                          "Total Cost": 45479.59,
                          "Plan Rows": 374349,
                          "Plan Width": 4,
                          "Actual Startup Time": 0.049,
                          "Actual Total Time": 128.148,
                          "Actual Rows": 369610,
                          "Actual Loops": 4,
                          "Filter": "((production_year > 0) AND (kind_id = 7))",
                          "Rows Removed by Filter": 262468
                        }
                      ]
                    }
                  ]
                }
              ]
            }
          ]
        }
      ]
    },
    "Planning Time": 0.571,
    "Triggers": [],
    "Execution Time": 493.402
  }
]