[
  {
    "Plan": {
      "Node Type": "Aggregate",
      "Strategy": "Plain",
      "Partial Mode": "Finalize",
      "Parallel Aware": false,
      "Startup Cost": 61760.58,
      "Total Cost": 61760.59,
      "Plan Rows": 1,
      "Plan Width": 8,
      "Actual Startup Time": 195.673,
      "Actual Total Time": 211.515,
      "Actual Rows": 1,
      "Actual Loops": 1,
      "Plans": [
        {
          "Node Type": "Gather",
          "Parent Relationship": "Outer",
          "Parallel Aware": false,
          "Startup Cost": 61760.37,
          "Total Cost": 61760.58,
          "Plan Rows": 2,
          "Plan Width": 8,
          "Actual Startup Time": 195.422,
          "Actual Total Time": 211.504,
          "Actual Rows": 3,
          "Actual Loops": 1,
          "Workers Planned": 2,
          "Workers Launched": 2,
          "Single Copy": false,
          "Plans": [
            {
              "Node Type": "Aggregate",
              "Strategy": "Plain",
              "Partial Mode": "Partial",
              "Parent Relationship": "Outer",
              "Parallel Aware": false,
              "Startup Cost": 60760.37,
              "Total Cost": 60760.38,
              "Plan Rows": 1,
              "Plan Width": 8,
              "Actual Startup Time": 187.597,
              "Actual Total Time": 187.6,
              "Actual Rows": 1,
              "Actual Loops": 3,
              "Plans": [
                {
                  "Node Type": "Hash Join",
                  "Parent Relationship": "Outer",
                  "Parallel Aware": true,
                  "Join Type": "Inner",
                  "Startup Cost": 45552.54,
                  "Total Cost": 60747.1,
                  "Plan Rows": 5308,
                  "Plan Width": 0,
                  "Actual Startup Time": 114.319,
                  "Actual Total Time": 187.466,
                  "Actual Rows": 2109,
                  "Actual Loops": 3,
                  "Inner Unique": true,
                  "Hash Cond": "(mi_idx.movie_id = t.id)",
                  "Plans": [
                    {
                      "Node Type": "Seq Scan",
                      "Parent Relationship": "Outer",
                      "Parallel Aware": true,
                      "Relation Name": "movie_info_idx",
                      "Alias": "mi_idx",
                      "Startup Cost": 0.0,
                      "Total Cost": 13685.15,
                      "Plan Rows": 575015,
                      "Plan Width": 4,
                      "Actual Startup Time": 0.017,
                      "Actual Total Time": 37.211,
                      "Actual Rows": 460012,
                      "Actual Loops": 3
                    },
                    {
                      "Node Type": "Hash",
                      "Parent Relationship": "Inner",
                      "Parallel Aware": true,
                      "Startup Cost": 45479.59,
                      "Total Cost": 45479.59,
                      "Plan Rows": 5836,
                      "Plan Width": 4,
                      "Actual Startup Time": 112.971,
                      "Actual Total Time": 112.972,
                      "Actual Rows": 8595,
                      "Actual Loops": 3,
                      "Hash Buckets": 32768,
                      "Original Hash Buckets": 32768,
                      "Hash Batches": 1,
                      "Original Hash Batches": 1,
                      "Peak Memory Usage": 1312,
                      "Plans": [
                        {
                          "Node Type": "Seq Scan",
                          "Parent Relationship": "Outer",
                          "Parallel Aware": true,
                          "Relation Name": "title",
                          "Alias": "t",
                          "Startup Cost": 0.0,
                          "Total Cost": 45479.59,
                          "Plan Rows": 5836,
                          "Plan Width": 4,
                          "Actual Startup Time": 0.259,
                          "Actual Total Time": 109.863,
                          "Actual Rows": 8595,
                          "Actual Loops": 3,
                          "Filter": "((kind_id < 4) AND (production_year > 2012))",
                          "Rows Removed by Filter": 834176
                        }
                      ]
                    }
                  ]
                }
              ]
            }
          ]
        }
      ]
    },
    "Planning Time": 0.365,
    "Triggers": [],
    "Execution Time": 211.561
  }
]