{
    "Plan": {
        "Node Type": "Aggregate",
        "Strategy": "Plain",
        "Partial Mode": "Simple",
        "Parallel Aware": false,
        "Startup Cost": 60015287387.41,
        "Total Cost": 60015287387.42,
        "Plan Rows": 1,
        "Plan Width": 96,
        "Actual Startup Time": 4455.925,
        "Actual Total Time": 4456.073,
        "Actual Rows": 1,
        "Actual Loops": 1,
        "Output": [
            "min(cn.name)",
            "min((lt.link)::text)",
            "min(t.title)"
        ],
        "Plans": [
            {
                "Node Type": "Nested Loop",
                "Parent Relationship": "Outer",
                "Parallel Aware": false,
                "Join Type": "Inner",
                "Startup Cost": 60015280081.67,
                "Total Cost": 60015287387.4,
                "Plan Rows": 1,
                "Plan Width": 48,
                "Actual Startup Time": 4405.691,
                "Actual Total Time": 4455.666,
                "Actual Rows": 1586,
                "Actual Loops": 1,
                "Output": [
                    "cn.name",
                    "lt.link",
                    "t.title"
                ],
                "Inner Unique": true,
                "Plans": [
                    {
                        "Node Type": "Hash Join",
                        "Parent Relationship": "Outer",
                        "Parallel Aware": false,
                        "Join Type": "Inner",
                        "Startup Cost": 50015280081.53,
                        "Total Cost": 50015287379.23,
                        "Plan Rows": 1,
                        "Plan Width": 52,
                        "Actual Startup Time": 4405.666,
                        "Actual Total Time": 4449.438,
                        "Actual Rows": 1682,
                        "Actual Loops": 1,
                        "Output": [
                            "cn.name",
                            "mc.company_type_id",
                            "lt.link",
                            "t.title"
                        ],
                        "Inner Unique": false,
                        "Hash Cond": "(cn.id = mc.company_id)",
                        "Plans": [
                            {
                                "Node Type": "Seq Scan",
                                "Parent Relationship": "Outer",
                                "Parallel Aware": false,
                                "Relation Name": "company_name",
                                "Schema": "public",
                                "Alias": "cn",
                                "Startup Cost": 10000000000.0,
                                "Total Cost": 10000007107.45,
                                "Plan Rows": 50732,
                                "Plan Width": 23,
                                "Actual Startup Time": 0.029,
                                "Actual Total Time": 41.484,
                                "Actual Rows": 48302,
                                "Actual Loops": 1,
                                "Output": [
                                    "cn.id",
                                    "cn.name",
                                    "cn.country_code",
                                    "cn.imdb_id",
                                    "cn.name_pcode_nf",
                                    "cn.name_pcode_sf",
                                    "cn.md5sum"
                                ],
                                "Filter": "(((cn.country_code)::text <> '[pl]'::text) AND ((cn.name ~~ '%Film%'::text) OR (cn.name ~~ '%Warner%'::text)))",
                                "Rows Removed by Filter": 186695
                            },
                            {
                                "Node Type": "Hash",
                                "Parent Relationship": "Inner",
                                "Parallel Aware": false,
                                "Startup Cost": 40015280081.52,
                                "Total Cost": 40015280081.52,
                                "Plan Rows": 1,
                                "Plan Width": 37,
                                "Actual Startup Time": 4404.198,
                                "Actual Total Time": 4404.343,
                                "Actual Rows": 3831,
                                "Actual Loops": 1,
                                "Output": [
                                    "mc.company_type_id",
                                    "mc.company_id",
                                    "lt.link",
                                    "t.title"
                                ],
                                "Hash Buckets": 4096,
                                "Original Hash Buckets": 1024,
                                "Hash Batches": 1,
                                "Original Hash Batches": 1,
                                "Peak Memory Usage": 281,
                                "Plans": [
                                    {
                                        "Node Type": "Hash Join",
                                        "Parent Relationship": "Outer",
                                        "Parallel Aware": false,
                                        "Join Type": "Inner",
                                        "Startup Cost": 40000346036.82,
                                        "Total Cost": 40015280081.52,
                                        "Plan Rows": 1,
                                        "Plan Width": 37,
                                        "Actual Startup Time": 1622.869,
                                        "Actual Total Time": 4403.562,
                                        "Actual Rows": 3831,
                                        "Actual Loops": 1,
                                        "Output": [
                                            "mc.company_type_id",
                                            "mc.company_id",
                                            "lt.link",
                                            "t.title"
                                        ],
                                        "Inner Unique": false,
                                        "Hash Cond": "(mk.keyword_id = k.id)",
                                        "Plans": [
                                            {
                                                "Node Type": "Merge Join",
                                                "Parent Relationship": "Outer",
                                                "Parallel Aware": false,
                                                "Join Type": "Inner",
                                                "Startup Cost": 30000343410.68,
                                                "Total Cost": 30015277119.98,
                                                "Plan Rows": 89439,
                                                "Plan Width": 41,
                                                "Actual Startup Time": 1080.749,
                                                "Actual Total Time": 4378.019,
                                                "Actual Rows": 58025,
                                                "Actual Loops": 1,
                                                "Output": [
                                                    "lt.link",
                                                    "mc.company_type_id",
                                                    "mc.company_id",
                                                    "mk.keyword_id",
                                                    "t.title"
                                                ],
                                                "Inner Unique": false,
                                                "Merge Cond": "(t.id = ml.movie_id)",
                                                "Plans": [
                                                    {
                                                        "Node Type": "Merge Join",
                                                        "Parent Relationship": "Outer",
                                                        "Parallel Aware": false,
                                                        "Join Type": "Inner",
                                                        "Startup Cost": 10000339184.19,
                                                        "Total Cost": 10000468512.98,
                                                        "Plan Rows": 169590,
                                                        "Plan Width": 25,
                                                        "Actual Startup Time": 1029.419,
                                                        "Actual Total Time": 1145.213,
                                                        "Actual Rows": 5246,
                                                        "Actual Loops": 1,
                                                        "Output": [
                                                            "mi.movie_id",
                                                            "t.title",
                                                            "t.id"
                                                        ],
                                                        "Inner Unique": false,
                                                        "Merge Cond": "(t.id = mi.movie_id)",
                                                        "Plans": [
                                                            {
                                                                "Node Type": "Index Scan",
                                                                "Parent Relationship": "Outer",
                                                                "Parallel Aware": false,
                                                                "Scan Direction": "Forward",
                                                                "Index Name": "title_pkey",
                                                                "Relation Name": "title",
                                                                "Schema": "public",
                                                                "Alias": "t",
                                                                "Startup Cost": 10000000000.43,
                                                                "Total Cost": 10000122983.71,
                                                                "Plan Rows": 739531,
                                                                "Plan Width": 21,
                                                                "Actual Startup Time": 0.027,
                                                                "Actual Total Time": 110.279,
                                                                "Actual Rows": 57976,
                                                                "Actual Loops": 1,
                                                                "Output": [
                                                                    "t.id",
                                                                    "t.title",
                                                                    "t.imdb_index",
                                                                    "t.kind_id",
                                                                    "t.production_year",
                                                                    "t.imdb_id",
                                                                    "t.phonetic_code",
                                                                    "t.episode_of_id",
                                                                    "t.season_nr",
                                                                    "t.episode_nr",
                                                                    "t.series_years",
                                                                    "t.md5sum"
                                                                ],
                                                                "Filter": "((t.production_year >= 1995) AND (t.production_year <= 2006))",
                                                                "Rows Removed by Filter": 106789
                                                            },
                                                            {
                                                                "Node Type": "Sort",
                                                                "Parent Relationship": "Inner",
                                                                "Parallel Aware": false,
                                                                "Startup Cost": 339183.47,
                                                                "Total Cost": 340632.96,
                                                                "Plan Rows": 579797,
                                                                "Plan Width": 4,
                                                                "Actual Startup Time": 1029.383,
                                                                "Actual Total Time": 1030.534,
                                                                "Actual Rows": 14644,
                                                                "Actual Loops": 1,
                                                                "Output": [
                                                                    "mi.movie_id"
                                                                ],
                                                                "Sort Key": [
                                                                    "mi.movie_id"
                                                                ],
                                                                "Sort Method": "quicksort",
                                                                "Sort Space Used": 52685,
                                                                "Sort Space Type": "Memory",
                                                                "Plans": [
                                                                    {
                                                                        "Node Type": "Gather",
                                                                        "Parent Relationship": "Outer",
                                                                        "Parallel Aware": false,
                                                                        "Startup Cost": 1000.0,
                                                                        "Total Cost": 283681.85,
                                                                        "Plan Rows": 579797,
                                                                        "Plan Width": 4,
                                                                        "Actual Startup Time": 2.423,
                                                                        "Actual Total Time": 889.207,
                                                                        "Actual Rows": 599651,
                                                                        "Actual Loops": 1,
                                                                        "Output": [
                                                                            "mi.movie_id"
                                                                        ],
                                                                        "Workers Planned": 5,
                                                                        "Workers Launched": 5,
                                                                        "Single Copy": false,
                                                                        "Plans": [
                                                                            {
                                                                                "Node Type": "Seq Scan",
                                                                                "Parent Relationship": "Outer",
                                                                                "Parallel Aware": true,
                                                                                "Relation Name": "movie_info",
                                                                                "Schema": "public",
                                                                                "Alias": "mi",
                                                                                "Startup Cost": 0.0,
                                                                                "Total Cost": 224702.15,
                                                                                "Plan Rows": 115959,
                                                                                "Plan Width": 4,
                                                                                "Actual Startup Time": 0.595,
                                                                                "Actual Total Time": 880.819,
                                                                                "Actual Rows": 99942,
                                                                                "Actual Loops": 6,
                                                                                "Output": [
                                                                                    "mi.movie_id"
                                                                                ],
                                                                                "Filter": "(mi.info = ANY ('{Norway,Swedish,Norwegian,Denish,USA,Denmark,Danish,America,Sweden}'::text[]))",
                                                                                "Rows Removed by Filter": 2372678,
                                                                                "Workers": [
                                                                                    {
                                                                                        "Worker Number": 0,
                                                                                        "Actual Startup Time": 0.354,
                                                                                        "Actual Total Time": 891.371,
                                                                                        "Actual Rows": 107905,
                                                                                        "Actual Loops": 1
                                                                                    },
                                                                                    {
                                                                                        "Worker Number": 1,
                                                                                        "Actual Startup Time": 0.391,
                                                                                        "Actual Total Time": 895.019,
                                                                                        "Actual Rows": 114503,
                                                                                        "Actual Loops": 1
                                                                                    },
                                                                                    {
                                                                                        "Worker Number": 2,
                                                                                        "Actual Startup Time": 0.369,
                                                                                        "Actual Total Time": 895.787,
                                                                                        "Actual Rows": 115030,
                                                                                        "Actual Loops": 1
                                                                                    },
                                                                                    {
                                                                                        "Worker Number": 3,
                                                                                        "Actual Startup Time": 0.23,
                                                                                        "Actual Total Time": 890.513,
                                                                                        "Actual Rows": 153579,
                                                                                        "Actual Loops": 1
                                                                                    },
                                                                                    {
                                                                                        "Worker Number": 4,
                                                                                        "Actual Startup Time": 0.255,
                                                                                        "Actual Total Time": 895.376,
                                                                                        "Actual Rows": 101177,
                                                                                        "Actual Loops": 1
                                                                                    }
                                                                                ]
                                                                            }
                                                                        ]
                                                                    }
                                                                ]
                                                            }
                                                        ]
                                                    },
                                                    {
                                                        "Node Type": "Materialize",
                                                        "Parent Relationship": "Inner",
                                                        "Parallel Aware": false,
                                                        "Startup Cost": 20000000004.81,
                                                        "Total Cost": 20014927792.42,
                                                        "Plan Rows": 198015,
                                                        "Plan Width": 36,
                                                        "Actual Startup Time": 5.324,
                                                        "Actual Total Time": 3216.243,
                                                        "Actual Rows": 93062,
                                                        "Actual Loops": 1,
                                                        "Output": [
                                                            "lt.link",
                                                            "ml.movie_id",
                                                            "mc.movie_id",
                                                            "mc.company_type_id",
                                                            "mc.company_id",
                                                            "mk.movie_id",
                                                            "mk.keyword_id"
                                                        ],
                                                        "Plans": [
                                                            {
                                                                "Node Type": "Nested Loop",
                                                                "Parent Relationship": "Outer",
                                                                "Parallel Aware": false,
                                                                "Join Type": "Inner",
                                                                "Startup Cost": 20000000004.81,
                                                                "Total Cost": 20014927297.38,
                                                                "Plan Rows": 198015,
                                                                "Plan Width": 36,
                                                                "Actual Startup Time": 5.316,
                                                                "Actual Total Time": 3188.752,
                                                                "Actual Rows": 54010,
                                                                "Actual Loops": 1,
                                                                "Output": [
                                                                    "lt.link",
                                                                    "ml.movie_id",
                                                                    "mc.movie_id",
                                                                    "mc.company_type_id",
                                                                    "mc.company_id",
                                                                    "mk.movie_id",
                                                                    "mk.keyword_id"
                                                                ],
                                                                "Inner Unique": true,
                                                                "Plans": [
                                                                    {
                                                                        "Node Type": "Merge Join",
                                                                        "Parent Relationship": "Outer",
                                                                        "Parallel Aware": false,
                                                                        "Join Type": "Inner",
                                                                        "Startup Cost": 10000000004.67,
                                                                        "Total Cost": 10000090149.58,
                                                                        "Plan Rows": 3565703,
                                                                        "Plan Width": 28,
                                                                        "Actual Startup Time": 0.078,
                                                                        "Actual Total Time": 382.629,
                                                                        "Actual Rows": 732182,
                                                                        "Actual Loops": 1,
                                                                        "Output": [
                                                                            "mc.movie_id",
                                                                            "mc.company_type_id",
                                                                            "mc.company_id",
                                                                            "mk.movie_id",
                                                                            "mk.keyword_id",
                                                                            "ml.link_type_id",
                                                                            "ml.movie_id"
                                                                        ],
                                                                        "Inner Unique": false,
                                                                        "Merge Cond": "(ml.movie_id = mk.movie_id)",
                                                                        "Plans": [
                                                                            {
                                                                                "Node Type": "Index Scan",
                                                                                "Parent Relationship": "Outer",
                                                                                "Parallel Aware": false,
                                                                                "Scan Direction": "Forward",
                                                                                "Index Name": "movie_id_movie_link",
                                                                                "Relation Name": "movie_link",
                                                                                "Schema": "public",
                                                                                "Alias": "ml",
                                                                                "Startup Cost": 10000000000.29,
                                                                                "Total Cost": 10000001111.51,
                                                                                "Plan Rows": 29997,
                                                                                "Plan Width": 8,
                                                                                "Actual Startup Time": 0.028,
                                                                                "Actual Total Time": 9.38,
                                                                                "Actual Rows": 29997,
                                                                                "Actual Loops": 1,
                                                                                "Output": [
                                                                                    "ml.id",
                                                                                    "ml.movie_id",
                                                                                    "ml.linked_movie_id",
                                                                                    "ml.link_type_id"
                                                                                ]
                                                                            },
                                                                            {
                                                                                "Node Type": "Materialize",
                                                                                "Parent Relationship": "Inner",
                                                                                "Parallel Aware": false,
                                                                                "Startup Cost": 0.86,
                                                                                "Total Cost": 2501093.34,
                                                                                "Plan Rows": 11826955,
                                                                                "Plan Width": 20,
                                                                                "Actual Startup Time": 0.046,
                                                                                "Actual Total Time": 218.732,
                                                                                "Actual Rows": 805088,
                                                                                "Actual Loops": 1,
                                                                                "Output": [
                                                                                    "mc.movie_id",
                                                                                    "mc.company_type_id",
                                                                                    "mc.company_id",
                                                                                    "mk.movie_id",
                                                                                    "mk.keyword_id"
                                                                                ],
                                                                                "Plans": [
                                                                                    {
                                                                                        "Node Type": "Nested Loop",
                                                                                        "Parent Relationship": "Outer",
                                                                                        "Parallel Aware": false,
                                                                                        "Join Type": "Inner",
                                                                                        "Startup Cost": 0.86,
                                                                                        "Total Cost": 2471525.96,
                                                                                        "Plan Rows": 11826955,
                                                                                        "Plan Width": 20,
                                                                                        "Actual Startup Time": 0.044,
                                                                                        "Actual Total Time": 110.784,
                                                                                        "Actual Rows": 112587,
                                                                                        "Actual Loops": 1,
                                                                                        "Output": [
                                                                                            "mc.movie_id",
                                                                                            "mc.company_type_id",
                                                                                            "mc.company_id",
                                                                                            "mk.movie_id",
                                                                                            "mk.keyword_id"
                                                                                        ],
                                                                                        "Inner Unique": false,
                                                                                        "Plans": [
                                                                                            {
                                                                                                "Node Type": "Index Scan",
                                                                                                "Parent Relationship": "Outer",
                                                                                                "Parallel Aware": false,
                                                                                                "Scan Direction": "Forward",
                                                                                                "Index Name": "movie_id_movie_companies",
                                                                                                "Relation Name": "movie_companies",
                                                                                                "Schema": "public",
                                                                                                "Alias": "mc",
                                                                                                "Startup Cost": 0.43,
                                                                                                "Total Cost": 140849.93,
                                                                                                "Plan Rows": 1265428,
                                                                                                "Plan Width": 12,
                                                                                                "Actual Startup Time": 0.023,
                                                                                                "Actual Total Time": 23.742,
                                                                                                "Actual Rows": 49158,
                                                                                                "Actual Loops": 1,
                                                                                                "Output": [
                                                                                                    "mc.id",
                                                                                                    "mc.movie_id",
                                                                                                    "mc.company_id",
                                                                                                    "mc.company_type_id",
                                                                                                    "mc.note"
                                                                                                ],
                                                                                                "Filter": "(mc.note IS NULL)",
                                                                                                "Rows Removed by Filter": 50743
                                                                                            },
                                                                                            {
                                                                                                "Node Type": "Index Scan",
                                                                                                "Parent Relationship": "Inner",
                                                                                                "Parallel Aware": false,
                                                                                                "Scan Direction": "Forward",
                                                                                                "Index Name": "movie_id_movie_keyword",
                                                                                                "Relation Name": "movie_keyword",
                                                                                                "Schema": "public",
                                                                                                "Alias": "mk",
                                                                                                "Startup Cost": 0.43,
                                                                                                "Total Cost": 1.38,
                                                                                                "Plan Rows": 46,
                                                                                                "Plan Width": 8,
                                                                                                "Actual Startup Time": 0.001,
                                                                                                "Actual Total Time": 0.001,
                                                                                                "Actual Rows": 2,
                                                                                                "Actual Loops": 49158,
                                                                                                "Output": [
                                                                                                    "mk.id",
                                                                                                    "mk.movie_id",
                                                                                                    "mk.keyword_id"
                                                                                                ],
                                                                                                "Index Cond": "(mk.movie_id = mc.movie_id)",
                                                                                                "Rows Removed by Index Recheck": 0
                                                                                            }
                                                                                        ]
                                                                                    }
                                                                                ]
                                                                            }
                                                                        ]
                                                                    },
                                                                    {
                                                                        "Node Type": "Bitmap Heap Scan",
                                                                        "Parent Relationship": "Inner",
                                                                        "Parallel Aware": false,
                                                                        "Relation Name": "link_type",
                                                                        "Schema": "public",
                                                                        "Alias": "lt",
                                                                        "Startup Cost": 0.15,
                                                                        "Total Cost": 4.16,
                                                                        "Plan Rows": 1,
                                                                        "Plan Width": 16,
                                                                        "Actual Startup Time": 0.002,
                                                                        "Actual Total Time": 0.002,
                                                                        "Actual Rows": 0,
                                                                        "Actual Loops": 732182,
                                                                        "Output": [
                                                                            "lt.id",
                                                                            "lt.link"
                                                                        ],
                                                                        "Recheck Cond": "(lt.id = ml.link_type_id)",
                                                                        "Rows Removed by Index Recheck": 0,
                                                                        "Filter": "((lt.link)::text ~~ '%follow%'::text)",
                                                                        "Rows Removed by Filter": 1,
                                                                        "Exact Heap Blocks": 732182,
                                                                        "Lossy Heap Blocks": 0,
                                                                        "Plans": [
                                                                            {
                                                                                "Node Type": "Bitmap Index Scan",
                                                                                "Parent Relationship": "Outer",
                                                                                "Parallel Aware": false,
                                                                                "Index Name": "link_type_pkey",
                                                                                "Startup Cost": 0.0,
                                                                                "Total Cost": 0.15,
                                                                                "Plan Rows": 1,
                                                                                "Plan Width": 0,
                                                                                "Actual Startup Time": 0.001,
                                                                                "Actual Total Time": 0.001,
                                                                                "Actual Rows": 1,
                                                                                "Actual Loops": 732182,
                                                                                "Index Cond": "(lt.id = ml.link_type_id)"
                                                                            }
                                                                        ]
                                                                    }
                                                                ]
                                                            }
                                                        ]
                                                    }
                                                ]
                                            },
                                            {
                                                "Node Type": "Hash",
                                                "Parent Relationship": "Inner",
                                                "Parallel Aware": false,
                                                "Startup Cost": 10000002626.12,
                                                "Total Cost": 10000002626.12,
                                                "Plan Rows": 1,
                                                "Plan Width": 4,
                                                "Actual Startup Time": 18.8,
                                                "Actual Total Time": 18.801,
                                                "Actual Rows": 1,
                                                "Actual Loops": 1,
                                                "Output": [
                                                    "k.id"
                                                ],
                                                "Hash Buckets": 1024,
                                                "Original Hash Buckets": 1024,
                                                "Hash Batches": 1,
                                                "Original Hash Batches": 1,
                                                "Peak Memory Usage": 9,
                                                "Plans": [
                                                    {
                                                        "Node Type": "Seq Scan",
                                                        "Parent Relationship": "Outer",
                                                        "Parallel Aware": false,
                                                        "Relation Name": "keyword",
                                                        "Schema": "public",
                                                        "Alias": "k",
                                                        "Startup Cost": 10000000000.0,
                                                        "Total Cost": 10000002626.12,
                                                        "Plan Rows": 1,
                                                        "Plan Width": 4,
                                                        "Actual Startup Time": 1.624,
                                                        "Actual Total Time": 18.793,
                                                        "Actual Rows": 1,
                                                        "Actual Loops": 1,
                                                        "Output": [
                                                            "k.id"
                                                        ],
                                                        "Filter": "(k.keyword = 'sequel'::text)",
                                                        "Rows Removed by Filter": 134169
                                                    }
                                                ]
                                            }
                                        ]
                                    }
                                ]
                            }
                        ]
                    },
                    {
                        "Node Type": "Bitmap Heap Scan",
                        "Parent Relationship": "Inner",
                        "Parallel Aware": false,
                        "Relation Name": "company_type",
                        "Schema": "public",
                        "Alias": "ct",
                        "Startup Cost": 0.14,
                        "Total Cost": 4.15,
                        "Plan Rows": 1,
                        "Plan Width": 4,
                        "Actual Startup Time": 0.002,
                        "Actual Total Time": 0.002,
                        "Actual Rows": 1,
                        "Actual Loops": 1682,
                        "Output": [
                            "ct.id",
                            "ct.kind"
                        ],
                        "Recheck Cond": "(ct.id = mc.company_type_id)",
                        "Rows Removed by Index Recheck": 0,
                        "Filter": "((ct.kind)::text = 'production companies'::text)",
                        "Rows Removed by Filter": 0,
                        "Exact Heap Blocks": 1682,
                        "Lossy Heap Blocks": 0,
                        "Plans": [
                            {
                                "Node Type": "Bitmap Index Scan",
                                "Parent Relationship": "Outer",
                                "Parallel Aware": false,
                                "Index Name": "company_type_pkey",
                                "Startup Cost": 0.0,
                                "Total Cost": 0.14,
                                "Plan Rows": 1,
                                "Plan Width": 0,
                                "Actual Startup Time": 0.001,
                                "Actual Total Time": 0.001,
                                "Actual Rows": 1,
                                "Actual Loops": 1682,
                                "Index Cond": "(ct.id = mc.company_type_id)"
                            }
                        ]
                    }
                ]
            }
        ]
    },
    "Planning Time": 15.307,
    "Triggers": [],
    "Execution Time": 4456.305
}