[
  {
    "Plan": {
      "Node Type": "Aggregate",
      "Strategy": "Plain",
      "Partial Mode": "Finalize",
      "Parallel Aware": false,
      "Startup Cost": 470223.13,
      "Total Cost": 470223.14,
      "Plan Rows": 1,
      "Plan Width": 8,
      "Actual Startup Time": 4146.312,
      "Actual Total Time": 4205.739,
      "Actual Rows": 1,
      "Actual Loops": 1,
      "Plans": [
        {
          "Node Type": "Gather",
          "Parent Relationship": "Outer",
          "Parallel Aware": false,
          "Startup Cost": 470222.5,
          "Total Cost": 470223.11,
          "Plan Rows": 6,
          "Plan Width": 8,
          "Actual Startup Time": 4124.684,
          "Actual Total Time": 4205.717,
          "Actual Rows": 7,
          "Actual Loops": 1,
          "Workers Planned": 6,
          "Workers Launched": 6,
          "Single Copy": false,
          "Plans": [
            {
              "Node Type": "Aggregate",
              "Strategy": "Plain",
              "Partial Mode": "Partial",
              "Parent Relationship": "Outer",
              "Parallel Aware": false,
              "Startup Cost": 469222.5,
              "Total Cost": 469222.51,
              "Plan Rows": 1,
              "Plan Width": 8,
              "Actual Startup Time": 4115.99,
              "Actual Total Time": 4116.672,
              "Actual Rows": 1,
              "Actual Loops": 7,
              "Plans": [
                {
                  "Node Type": "Hash Join",
                  "Parent Relationship": "Outer",
                  "Parallel Aware": true,
                  "Join Type": "Inner",
                  "Startup Cost": 96972.95,
                  "Total Cost": 464690.19,
                  "Plan Rows": 1812926,
                  "Plan Width": 0,
                  "Actual Startup Time": 569.806,
                  "Actual Total Time": 3457.75,
                  "Actual Rows": 12419771,
                  "Actual Loops": 7,
                  "Inner Unique": false,
                  "Hash Cond": "(ci.movie_id = t.id)",
                  "Plans": [
                    {
                      "Node Type": "Seq Scan",
                      "Parent Relationship": "Outer",
                      "Parallel Aware": true,
                      "Relation Name": "cast_info",
                      "Alias": "ci",
                      "Startup Cost": 0.0,
                      "Total Cost": 343316.27,
                      "Plan Rows": 4947418,
                      "Plan Width": 4,
                      "Actual Startup Time": 32.233,
                      "Actual Total Time": 840.799,
                      "Actual Rows": 4204360,
                      "Actual Loops": 7,
                      "Filter": "((person_id > 221292) AND (role_id < 10))",
                      "Rows Removed by Filter": 973403
                    },
                    {
                      "Node Type": "Hash",
                      "Parent Relationship": "Inner",
                      "Parallel Aware": true,
                      "Startup Cost": 93237.01,
                      "Total Cost": 93237.01,
                      "Plan Rows": 298875,
                      "Plan Width": 8,
                      "Actual Startup Time": 534.997,
                      "Actual Total Time": 535.677,
                      "Actual Rows": 330551,
                      "Actual Loops": 7,
                      "Hash Buckets": 4194304,
                      "Original Hash Buckets": 1048576,
                      "Hash Batches": 1,
                      "Original Hash Batches": 1,
                      "Peak Memory Usage": 148000,
                      "Plans": [
                        {
                          "Node Type": "Hash Join",
                          "Parent Relationship": "Outer",
                          "Parallel Aware": true,
                          "Join Type": "Inner",
                          "Startup Cost": 47556.11,
                          "Total Cost": 93237.01,
                          "Plan Rows": 298875,
                          "Plan Width": 8,
                          "Actual Startup Time": 141.716,
                          "Actual Total Time": 325.707,
                          "Actual Rows": 330551,
                          "Actual Loops": 7,
                          "Inner Unique": true,
                          "Hash Cond": "(mk.movie_id = t.id)",
                          "Plans": [
                            {
                              "Node Type": "Seq Scan",
                              "Parent Relationship": "Outer",
                              "Parallel Aware": true,
                              "Relation Name": "movie_keyword",
                              "Alias": "mk",
                              "Startup Cost": 0.0,
                              "Total Cost": 42695.65,
                              "Plan Rows": 1137237,
                              "Plan Width": 4,
                              "Actual Startup Time": 0.07,
                              "Actual Total Time": 90.97,
                              "Actual Rows": 502960,
                              "Actual Loops": 7,
                              "Filter": "(keyword_id > 957)",
                              "Rows Removed by Filter": 143315
                            },
                            {
                              "Node Type": "Hash",
                              "Parent Relationship": "Inner",
                              "Parallel Aware": true,
                              "Startup Cost": 45479.59,
                              "Total Cost": 45479.59,
                              "Plan Rows": 166122,
                              "Plan Width": 4,
                              "Actual Startup Time": 140.16,
                              "Actual Total Time": 140.162,
                              "Actual Rows": 96791,
                              "Actual Loops": 7,
                              "Hash Buckets": 1048576,
                              "Original Hash Buckets": 1048576,
                              "Hash Batches": 1,
                              "Original Hash Batches": 1,
                              "Peak Memory Usage": 34816,
                              "Plans": [
                                {
                                  "Node Type": "Seq Scan",
                                  "Parent Relationship": "Outer",
                                  "Parallel Aware": true,
                                  "Relation Name": "title",
                                  "Alias": "t",
                                  "Startup Cost": 0.0,
                                  "Total Cost": 45479.59,
                                  "Plan Rows": 166122,
                                  "Plan Width": 4,
                                  "Actual Startup Time": 0.043,
                                  "Actual Total Time": 83.582,
                                  "Actual Rows": 96791,
                                  "Actual Loops": 7,
                                  "Filter": "((kind_id < 3) AND (production_year < 2012))",
                                  "Rows Removed by Filter": 264397
                                }
                              ]
                            }
                          ]
                        }
                      ]
                    }
                  ]
                }
              ]
            }
          ]
        }
      ]
    },
    "Planning Time": 0.648,
    "Triggers": [],
    "Execution Time": 4205.805
  }
]