[
  {
    "Plan": {
      "Node Type": "Aggregate",
      "Strategy": "Plain",
      "Partial Mode": "Finalize",
      "Parallel Aware": false,
      "Startup Cost": 362960.89,
      "Total Cost": 362960.9,
      "Plan Rows": 1,
      "Plan Width": 8,
      "Actual Startup Time": 3677.929,
      "Actual Total Time": 3748.237,
      "Actual Rows": 1,
      "Actual Loops": 1,
      "Plans": [
        {
          "Node Type": "Gather",
          "Parent Relationship": "Outer",
          "Parallel Aware": false,
          "Startup Cost": 362960.37,
          "Total Cost": 362960.88,
          "Plan Rows": 5,
          "Plan Width": 8,
          "Actual Startup Time": 3675.307,
          "Actual Total Time": 3748.227,
          "Actual Rows": 6,
          "Actual Loops": 1,
          "Workers Planned": 5,
          "Workers Launched": 5,
          "Single Copy": false,
          "Plans": [
            {
              "Node Type": "Aggregate",
              "Strategy": "Plain",
              "Partial Mode": "Partial",
              "Parent Relationship": "Outer",
              "Parallel Aware": false,
              "Startup Cost": 361960.37,
              "Total Cost": 361960.38,
              "Plan Rows": 1,
              "Plan Width": 8,
              "Actual Startup Time": 3670.175,
              "Actual Total Time": 3670.179,
              "Actual Rows": 1,
              "Actual Loops": 6,
              "Plans": [
                {
                  "Node Type": "Nested Loop",
                  "Parent Relationship": "Outer",
                  "Parallel Aware": false,
                  "Join Type": "Inner",
                  "Startup Cost": 46323.74,
                  "Total Cost": 360253.82,
                  "Plan Rows": 682618,
                  "Plan Width": 0,
                  "Actual Startup Time": 113.301,
                  "Actual Total Time": 3473.498,
                  "Actual Rows": 4524744,
                  "Actual Loops": 6,
                  "Inner Unique": false,
                  "Join Filter": "(t.id = ci.movie_id)",
                  "Rows Removed by Join Filter": 0,
                  "Plans": [
                    {
                      "Node Type": "Hash Join",
                      "Parent Relationship": "Outer",
                      "Parallel Aware": true,
                      "Join Type": "Inner",
                      "Startup Cost": 46323.17,
                      "Total Cost": 246373.84,
                      "Plan Rows": 47607,
                      "Plan Width": 8,
                      "Actual Startup Time": 113.225,
                      "Actual Total Time": 460.637,
                      "Actual Rows": 100215,
                      "Actual Loops": 6,
                      "Inner Unique": true,
                      "Hash Cond": "(mi.movie_id = t.id)",
                      "Plans": [
                        {
                          "Node Type": "Seq Scan",
                          "Parent Relationship": "Outer",
                          "Parallel Aware": true,
                          "Relation Name": "movie_info",
                          "Alias": "mi",
                          "Startup Cost": 0.0,
                          "Total Cost": 198880.74,
                          "Plan Rows": 445687,
                          "Plan Width": 4,
                          "Actual Startup Time": 14.84,
                          "Actual Total Time": 272.359,
                          "Actual Rows": 372308,
                          "Actual Loops": 6,
                          "Filter": "(info_type_id > 16)",
                          "Rows Removed by Filter": 2100312
                        },
                        {
                          "Node Type": "Hash",
                          "Parent Relationship": "Inner",
                          "Parallel Aware": true,
                          "Startup Cost": 45479.21,
                          "Total Cost": 45479.21,
                          "Plan Rows": 67517,
                          "Plan Width": 4,
                          "Actual Startup Time": 96.611,
                          "Actual Total Time": 96.612,
                          "Actual Rows": 63768,
                          "Actual Loops": 6,
                          "Hash Buckets": 524288,
                          "Original Hash Buckets": 524288,
                          "Hash Batches": 1,
                          "Original Hash Batches": 1,
                          "Peak Memory Usage": 19168,
                          "Plans": [
                            {
                              "Node Type": "Seq Scan",
                              "Parent Relationship": "Outer",
                              "Parallel Aware": true,
                              "Relation Name": "title",
                              "Alias": "t",
                              "Startup Cost": 0.0,
                              "Total Cost": 45479.21,
                              "Plan Rows": 67517,
                              "Plan Width": 4,
                              "Actual Startup Time": 0.037,
                              "Actual Total Time": 71.044,
                              "Actual Rows": 63768,
                              "Actual Loops": 6,
                              "Filter": "((kind_id < 7) AND (production_year < 1990))",
                              "Rows Removed by Filter": 357617
                            }
                          ]
                        }
                      ]
                    },
                    {
                      "Node Type": "Index Only Scan",
                      "Parent Relationship": "Inner",
                      "Parallel Aware": false,
                      "Scan Direction": "Forward",
                      "Index Name": "movie_id_cast_info",
                      "Relation Name": "cast_info",
                      "Alias": "ci",
                      "Startup Cost": 0.56,
                      "Total Cost": 1.92,
                      "Plan Rows": 38,
                      "Plan Width": 4,
                      "Actual Startup Time": 0.005,
                      "Actual Total Time": 0.026,
                      "Actual Rows": 45,
                      "Actual Loops": 601289,
                      "Index Cond": "(movie_id = mi.movie_id)",
                      "Rows Removed by Index Recheck": 0,
                      "Heap Fetches": 27148463
                    }
                  ]
                }
              ]
            }
          ]
        }
      ]
    },
    "Planning Time": 1.069,
    "Triggers": [],
    "Execution Time": 3748.321
  }
]