[
  {
    "Plan": {
      "Node Type": "Aggregate",
      "Strategy": "Plain",
      "Partial Mode": "Finalize",
      "Parallel Aware": false,
      "Startup Cost": 78794.41,
      "Total Cost": 78794.42,
      "Plan Rows": 1,
      "Plan Width": 8,
      "Actual Startup Time": 293.561,
      "Actual Total Time": 300.544,
      "Actual Rows": 1,
      "Actual Loops": 1,
      "Plans": [
        {
          "Node Type": "Gather",
          "Parent Relationship": "Outer",
          "Parallel Aware": false,
          "Startup Cost": 78794.09,
          "Total Cost": 78794.4,
          "Plan Rows": 3,
          "Plan Width": 8,
          "Actual Startup Time": 292.246,
          "Actual Total Time": 300.537,
          "Actual Rows": 4,
          "Actual Loops": 1,
          "Workers Planned": 3,
          "Workers Launched": 3,
          "Single Copy": false,
          "Plans": [
            {
              "Node Type": "Aggregate",
              "Strategy": "Plain",
              "Partial Mode": "Partial",
              "Parent Relationship": "Outer",
              "Parallel Aware": false,
              "Startup Cost": 77794.09,
              "Total Cost": 77794.1,
              "Plan Rows": 1,
              "Plan Width": 8,
              "Actual Startup Time": 289.066,
              "Actual Total Time": 289.068,
              "Actual Rows": 1,
              "Actual Loops": 4,
              "Plans": [
                {
                  "Node Type": "Hash Join",
                  "Parent Relationship": "Outer",
                  "Parallel Aware": true,
                  "Join Type": "Inner",
                  "Startup Cost": 46144.81,
                  "Total Cost": 77620.4,
                  "Plan Rows": 69478,
                  "Plan Width": 0,
                  "Actual Startup Time": 117.038,
                  "Actual Total Time": 281.251,
                  "Actual Rows": 162314,
                  "Actual Loops": 4,
                  "Inner Unique": true,
                  "Hash Cond": "(mc.movie_id = t.id)",
                  "Plans": [
                    {
                      "Node Type": "Seq Scan",
                      "Parent Relationship": "Outer",
                      "Parallel Aware": true,
                      "Relation Name": "movie_companies",
                      "Alias": "mc",
                      "Startup Cost": 0.0,
                      "Total Cost": 29310.68,
                      "Plan Rows": 824728,
                      "Plan Width": 4,
                      "Actual Startup Time": 0.018,
                      "Actual Total Time": 72.77,
                      "Actual Rows": 638771,
                      "Actual Loops": 4,
                      "Filter": "(company_id < 188307)",
                      "Rows Removed by Filter": 13511
                    },
                    {
                      "Node Type": "Hash",
                      "Parent Relationship": "Inner",
                      "Parallel Aware": true,
                      "Startup Cost": 45479.21,
                      "Total Cost": 45479.21,
                      "Plan Rows": 53248,
                      "Plan Width": 4,
                      "Actual Startup Time": 115.945,
                      "Actual Total Time": 115.946,
                      "Actual Rows": 80145,
                      "Actual Loops": 4,
                      "Hash Buckets": 524288,
                      "Original Hash Buckets": 262144,
                      "Hash Batches": 1,
                      "Original Hash Batches": 1,
                      "Peak Memory Usage": 18752,
                      "Plans": [
                        {
                          "Node Type": "Seq Scan",
                          "Parent Relationship": "Outer",
                          "Parallel Aware": true,
                          "Relation Name": "title",
                          "Alias": "t",
                          "Startup Cost": 0.0,
                          "Total Cost": 45479.21,
                          "Plan Rows": 53248,
                          "Plan Width": 4,
                          "Actual Startup Time": 0.037,
                          "Actual Total Time": 83.529,
                          "Actual Rows": 80145,
                          "Actual Loops": 4,
                          "Filter": "((kind_id < 7) AND (production_year < 1982))",
                          "Rows Removed by Filter": 551933
                        }
                      ]
                    }
                  ]
                }
              ]
            }
          ]
        }
      ]
    },
    "Planning Time": 0.307,
    "Triggers": [],
    "Execution Time": 300.583
  }
]