{
  "Plan": {
    "Node Type": "Aggregate",
    "Strategy": "Plain",
    "Partial Mode": "Finalize",
    "Parallel Aware": false,
    "Startup Cost": 526806.05,
    "Total Cost": 526806.06,
    "Plan Rows": 1,
    "Plan Width": 8,
    "Actual Startup Time": 1982.31,
    "Actual Total Time": 2021.731,
    "Actual Rows": 1,
    "Actual Loops": 1,
    "Plans": [
      {
        "Node Type": "Gather",
        "Parent Relationship": "Outer",
        "Parallel Aware": false,
        "Startup Cost": 526805.94,
        "Total Cost": 526806.05,
        "Plan Rows": 1,
        "Plan Width": 8,
        "Actual Startup Time": 1978.285,
        "Actual Total Time": 2021.721,
        "Actual Rows": 2,
        "Actual Loops": 1,
        "Workers Planned": 1,
        "Workers Launched": 1,
        "Single Copy": false,
        "Plans": [
          {
            "Node Type": "Aggregate",
            "Strategy": "Plain",
            "Partial Mode": "Partial",
            "Parent Relationship": "Outer",
            "Parallel Aware": false,
            "Startup Cost": 525805.94,
            "Total Cost": 525805.95,
            "Plan Rows": 1,
            "Plan Width": 8,
            "Actual Startup Time": 1972.421,
            "Actual Total Time": 1973.261,
            "Actual Rows": 1,
            "Actual Loops": 2,
            "Plans": [
              {
                "Node Type": "Hash Join",
                "Parent Relationship": "Outer",
                "Parallel Aware": true,
                "Join Type": "Inner",
                "Startup Cost": 92396.11,
                "Total Cost": 522714.75,
                "Plan Rows": 1236476,
                "Plan Width": 0,
                "Actual Startup Time": 857.623,
                "Actual Total Time": 1940.613,
                "Actual Rows": 798157,
                "Actual Loops": 2,
                "Inner Unique": false,
                "Hash Cond": "(ci.movie_id = t.id)",
                "Plans": [
                  {
                    "Node Type": "Index Scan",
                    "Parent Relationship": "Outer",
                    "Parallel Aware": true,
                    "Scan Direction": "Forward",
                    "Index Name": "role_id_cast_info",
                    "Relation Name": "cast_info",
                    "Alias": "ci",
                    "Startup Cost": 0.56,
                    "Total Cost": 400977.7,
                    "Plan Rows": 5884830,
                    "Plan Width": 4,
                    "Actual Startup Time": 309.38,
                    "Actual Total Time": 881.148,
                    "Actual Rows": 3679341,
                    "Actual Loops": 2,
                    "Index Cond": "(role_id < 2)",
                    "Rows Removed by Index Recheck": 0,
                    "Filter": "(person_id > 712706)",
                    "Rows Removed by Filter": 2656003
                  },
                  {
                    "Node Type": "Hash",
                    "Parent Relationship": "Inner",
                    "Parallel Aware": true,
                    "Startup Cost": 88489.47,
                    "Total Cost": 88489.47,
                    "Plan Rows": 312486,
                    "Plan Width": 8,
                    "Actual Startup Time": 539.162,
                    "Actual Total Time": 540.0,
                    "Actual Rows": 139100,
                    "Actual Loops": 2,
                    "Hash Buckets": 1048576,
                    "Original Hash Buckets": 1048576,
                    "Hash Batches": 1,
                    "Original Hash Batches": 1,
                    "Peak Memory Usage": 19104,
                    "Plans": [
                      {
                        "Node Type": "Hash Join",
                        "Parent Relationship": "Outer",
                        "Parallel Aware": true,
                        "Join Type": "Inner",
                        "Startup Cost": 68978.22,
                        "Total Cost": 88489.47,
                        "Plan Rows": 312486,
                        "Plan Width": 8,
                        "Actual Startup Time": 351.807,
                        "Actual Total Time": 506.335,
                        "Actual Rows": 139100,
                        "Actual Loops": 2,
                        "Inner Unique": true,
                        "Hash Cond": "(mi_idx.movie_id = t.id)",
                        "Plans": [
                          {
                            "Node Type": "Seq Scan",
                            "Parent Relationship": "Outer",
                            "Parallel Aware": true,
                            "Relation Name": "movie_info_idx",
                            "Alias": "mi_idx",
                            "Startup Cost": 0.0,
                            "Total Cost": 18082.32,
                            "Plan Rows": 544356,
                            "Plan Width": 4,
                            "Actual Startup Time": 0.02,
                            "Actual Total Time": 58.777,
                            "Actual Rows": 460055,
                            "Actual Loops": 2,
                            "Filter": "(info_type_id > 99)",
                            "Rows Removed by Filter": 229962
                          },
                          {
                            "Node Type": "Hash",
                            "Parent Relationship": "Inner",
                            "Parallel Aware": true,
                            "Startup Cost": 58306.47,
                            "Total Cost": 58306.47,
                            "Plan Rows": 853740,
                            "Plan Width": 4,
                            "Actual Startup Time": 342.084,
                            "Actual Total Time": 342.085,
                            "Actual Rows": 719092,
                            "Actual Loops": 2,
                            "Hash Buckets": 2097152,
                            "Original Hash Buckets": 2097152,
                            "Hash Batches": 1,
                            "Original Hash Batches": 1,
                            "Peak Memory Usage": 72704,
                            "Plans": [
                              {
                                "Node Type": "Seq Scan",
                                "Parent Relationship": "Outer",
                                "Parallel Aware": true,
                                "Relation Name": "title",
                                "Alias": "t",
                                "Startup Cost": 0.0,
                                "Total Cost": 58306.47,
                                "Plan Rows": 853740,
                                "Plan Width": 4,
                                "Actual Startup Time": 0.035,
                                "Actual Total Time": 164.476,
                                "Actual Rows": 719092,
                                "Actual Loops": 2,
                                "Filter": "((production_year < 2013) AND (kind_id = 7))",
                                "Rows Removed by Filter": 545064
                              }
                            ]
                          }
                        ]
                      }
                    ]
                  }
                ]
              }
            ]
          }
        ]
      }
    ]
  },
  "Planning Time": 1.078,
  "Triggers": [],
  "Execution Time": 2021.825
}