[
  {
    "Plan": {
      "Node Type": "Aggregate",
      "Strategy": "Plain",
      "Partial Mode": "Finalize",
      "Parallel Aware": false,
      "Startup Cost": 94418.63,
      "Total Cost": 94418.64,
      "Plan Rows": 1,
      "Plan Width": 8,
      "Actual Startup Time": 687.634,
      "Actual Total Time": 708.891,
      "Actual Rows": 1,
      "Actual Loops": 1,
      "Plans": [
        {
          "Node Type": "Gather",
          "Parent Relationship": "Outer",
          "Parallel Aware": false,
          "Startup Cost": 94418.42,
          "Total Cost": 94418.63,
          "Plan Rows": 2,
          "Plan Width": 8,
          "Actual Startup Time": 679.113,
          "Actual Total Time": 708.883,
          "Actual Rows": 3,
          "Actual Loops": 1,
          "Workers Planned": 2,
          "Workers Launched": 2,
          "Single Copy": false,
          "Plans": [
            {
              "Node Type": "Aggregate",
              "Strategy": "Plain",
              "Partial Mode": "Partial",
              "Parent Relationship": "Outer",
              "Parallel Aware": false,
              "Startup Cost": 93418.42,
              "Total Cost": 93418.43,
              "Plan Rows": 1,
              "Plan Width": 8,
              "Actual Startup Time": 675.574,
              "Actual Total Time": 675.58,
              "Actual Rows": 1,
              "Actual Loops": 3,
              "Plans": [
                {
                  "Node Type": "Hash Join",
                  "Parent Relationship": "Outer",
                  "Parallel Aware": true,
                  "Join Type": "Inner",
                  "Startup Cost": 77391.51,
                  "Total Cost": 93337.44,
                  "Plan Rows": 32390,
                  "Plan Width": 0,
                  "Actual Startup Time": 572.213,
                  "Actual Total Time": 670.769,
                  "Actual Rows": 110570,
                  "Actual Loops": 3,
                  "Inner Unique": false,
                  "Hash Cond": "(mi_idx.movie_id = t.id)",
                  "Plans": [
                    {
                      "Node Type": "Seq Scan",
                      "Parent Relationship": "Outer",
                      "Parallel Aware": true,
                      "Relation Name": "movie_info_idx",
                      "Alias": "mi_idx",
                      "Startup Cost": 0.0,
                      "Total Cost": 13685.15,
                      "Plan Rows": 575015,
                      "Plan Width": 4,
                      "Actual Startup Time": 0.012,
                      "Actual Total Time": 39.096,
                      "Actual Rows": 460012,
                      "Actual Loops": 3
                    },
                    {
                      "Node Type": "Hash",
                      "Parent Relationship": "Inner",
                      "Parallel Aware": true,
                      "Startup Cost": 76817.22,
                      "Total Cost": 76817.22,
                      "Plan Rows": 45943,
                      "Plan Width": 8,
                      "Actual Startup Time": 569.715,
                      "Actual Total Time": 569.719,
                      "Actual Rows": 73336,
                      "Actual Loops": 3,
                      "Hash Buckets": 262144,
                      "Original Hash Buckets": 262144,
                      "Hash Batches": 1,
                      "Original Hash Batches": 1,
                      "Peak Memory Usage": 10688,
                      "Plans": [
                        {
                          "Node Type": "Hash Join",
                          "Parent Relationship": "Outer",
                          "Parallel Aware": true,
                          "Join Type": "Inner",
                          "Startup Cost": 56497.13,
                          "Total Cost": 76817.22,
                          "Plan Rows": 45943,
                          "Plan Width": 8,
                          "Actual Startup Time": 463.629,
                          "Actual Total Time": 543.746,
                          "Actual Rows": 73336,
                          "Actual Loops": 3,
                          "Inner Unique": true,
                          "Hash Cond": "(mc.movie_id = t.id)",
                          "Plans": [
                            {
                              "Node Type": "Bitmap Heap Scan",
                              "Parent Relationship": "Outer",
                              "Parallel Aware": true,
                              "Relation Name": "movie_companies",
                              "Alias": "mc",
                              "Startup Cost": 6276.75,
                              "Total Cost": 26476.24,
                              "Plan Rows": 45943,
                              "Plan Width": 4,
                              "Actual Startup Time": 13.231,
                              "Actual Total Time": 51.304,
                              "Actual Rows": 73336,
                              "Actual Loops": 3,
                              "Recheck Cond": "(company_id < 159)",
                              "Rows Removed by Index Recheck": 0,
                              "Filter": "(company_type_id < 2)",
                              "Rows Removed by Filter": 21769,
                              "Exact Heap Blocks": 7923,
                              "Lossy Heap Blocks": 0,
                              "Plans": [
                                {
                                  "Node Type": "Bitmap Index Scan",
                                  "Parent Relationship": "Outer",
                                  "Parallel Aware": false,
                                  "Index Name": "company_id_movie_companies",
                                  "Startup Cost": 0.0,
                                  "Total Cost": 6241.14,
                                  "Plan Rows": 291295,
                                  "Plan Width": 0,
                                  "Actual Startup Time": 10.702,
                                  "Actual Total Time": 10.703,
                                  "Actual Rows": 285317,
                                  "Actual Loops": 1,
                                  "Index Cond": "(company_id < 159)"
                                }
                              ]
                            },
                            {
                              "Node Type": "Hash",
                              "Parent Relationship": "Inner",
                              "Parallel Aware": true,
                              "Startup Cost": 42319.06,
                              "Total Cost": 42319.06,
                              "Plan Rows": 632106,
                              "Plan Width": 4,
                              "Actual Startup Time": 436.454,
                              "Actual Total Time": 436.455,
                              "Actual Rows": 842771,
                              "Actual Loops": 3,
                              "Hash Buckets": 4194304,
                              "Original Hash Buckets": 4194304,
                              "Hash Batches": 1,
                              "Original Hash Batches": 1,
                              "Peak Memory Usage": 131712,
                              "Plans": [
                                {
                                  "Node Type": "Seq Scan",
                                  "Parent Relationship": "Outer",
                                  "Parallel Aware": true,
                                  "Relation Name": "title",
                                  "Alias": "t",
                                  "Startup Cost": 0.0,
                                  "Total Cost": 42319.06,
                                  "Plan Rows": 632106,
                                  "Plan Width": 4,
                                  "Actual Startup Time": 0.053,
                                  "Actual Total Time": 117.129,
                                  "Actual Rows": 842771,
                                  "Actual Loops": 3
                                }
                              ]
                            }
                          ]
                        }
                      ]
                    }
                  ]
                }
              ]
            }
          ]
        }
      ]
    },
    "Planning Time": 1.426,
    "Triggers": [],
    "Execution Time": 708.993
  }
]