{
  "Plan": {
    "Node Type": "Aggregate",
    "Strategy": "Plain",
    "Partial Mode": "Finalize",
    "Parallel Aware": false,
    "Startup Cost": 259583.91,
    "Total Cost": 259583.92,
    "Plan Rows": 1,
    "Plan Width": 8,
    "Actual Startup Time": 1406.128,
    "Actual Total Time": 1407.758,
    "Actual Rows": 1,
    "Actual Loops": 1,
    "Plans": [
      {
        "Node Type": "Gather",
        "Parent Relationship": "Outer",
        "Parallel Aware": false,
        "Startup Cost": 259583.8,
        "Total Cost": 259583.91,
        "Plan Rows": 1,
        "Plan Width": 8,
        "Actual Startup Time": 1406.118,
        "Actual Total Time": 1407.752,
        "Actual Rows": 2,
        "Actual Loops": 1,
        "Workers Planned": 1,
        "Workers Launched": 1,
        "Single Copy": false,
        "Plans": [
          {
            "Node Type": "Aggregate",
            "Strategy": "Plain",
            "Partial Mode": "Partial",
            "Parent Relationship": "Outer",
            "Parallel Aware": false,
            "Startup Cost": 258583.8,
            "Total Cost": 258583.81,
            "Plan Rows": 1,
            "Plan Width": 8,
            "Actual Startup Time": 1389.455,
            "Actual Total Time": 1389.461,
            "Actual Rows": 1,
            "Actual Loops": 2,
            "Plans": [
              {
                "Node Type": "Merge Join",
                "Parent Relationship": "Outer",
                "Parallel Aware": false,
                "Join Type": "Inner",
                "Startup Cost": 251516.71,
                "Total Cost": 258279.55,
                "Plan Rows": 121698,
                "Plan Width": 0,
                "Actual Startup Time": 1165.824,
                "Actual Total Time": 1361.022,
                "Actual Rows": 725362,
                "Actual Loops": 2,
                "Inner Unique": false,
                "Merge Cond": "(mc.movie_id = t.id)",
                "Plans": [
                  {
                    "Node Type": "Sort",
                    "Parent Relationship": "Outer",
                    "Parallel Aware": false,
                    "Startup Cost": 95921.37,
                    "Total Cost": 97342.8,
                    "Plan Rows": 568573,
                    "Plan Width": 4,
                    "Actual Startup Time": 193.398,
                    "Actual Total Time": 209.077,
                    "Actual Rows": 406938,
                    "Actual Loops": 2,
                    "Sort Key": [
                      "mc.movie_id"
                    ],
                    "Sort Method": "quicksort",
                    "Sort Space Used": 33743,
                    "Sort Space Type": "Memory",
                    "Workers": [
                      {
                        "Worker Number": 0,
                        "Sort Method": "quicksort",
                        "Sort Space Used": 28984,
                        "Sort Space Type": "Memory"
                      }
                    ],
                    "Plans": [
                      {
                        "Node Type": "Index Scan",
                        "Parent Relationship": "Outer",
                        "Parallel Aware": true,
                        "Scan Direction": "Forward",
                        "Index Name": "company_type_id_movie_companies",
                        "Relation Name": "movie_companies",
                        "Alias": "mc",
                        "Startup Cost": 0.43,
                        "Total Cost": 41574.35,
                        "Plan Rows": 568573,
                        "Plan Width": 4,
                        "Actual Startup Time": 1.76,
                        "Actual Total Time": 121.447,
                        "Actual Rows": 406938,
                        "Actual Loops": 2,
                        "Index Cond": "(company_type_id < 2)",
                        "Rows Removed by Index Recheck": 0,
                        "Filter": "(company_id > 846)",
                        "Rows Removed by Filter": 230185
                      }
                    ]
                  },
                  {
                    "Node Type": "Sort",
                    "Parent Relationship": "Inner",
                    "Parallel Aware": false,
                    "Startup Cost": 155595.29,
                    "Total Cost": 156948.18,
                    "Plan Rows": 541158,
                    "Plan Width": 8,
                    "Actual Startup Time": 972.061,
                    "Actual Total Time": 1022.06,
                    "Actual Rows": 1423415,
                    "Actual Loops": 2,
                    "Sort Key": [
                      "mi_idx.movie_id"
                    ],
                    "Sort Method": "quicksort",
                    "Sort Space Used": 69310,
                    "Sort Space Type": "Memory",
                    "Workers": [
                      {
                        "Worker Number": 0,
                        "Sort Method": "quicksort",
                        "Sort Space Used": 69310,
                        "Sort Space Type": "Memory"
                      }
                    ],
                    "Plans": [
                      {
                        "Node Type": "Hash Join",
                        "Parent Relationship": "Outer",
                        "Parallel Aware": false,
                        "Join Type": "Inner",
                        "Startup Cost": 78703.7,
                        "Total Cost": 104061.65,
                        "Plan Rows": 541158,
                        "Plan Width": 8,
                        "Actual Startup Time": 381.734,
                        "Actual Total Time": 776.182,
                        "Actual Rows": 954317,
                        "Actual Loops": 2,
                        "Inner Unique": true,
                        "Hash Cond": "(mi_idx.movie_id = t.id)",
                        "Plans": [
                          {
                            "Node Type": "Seq Scan",
                            "Parent Relationship": "Outer",
                            "Parallel Aware": false,
                            "Relation Name": "movie_info_idx",
                            "Alias": "mi_idx",
                            "Startup Cost": 0.0,
                            "Total Cost": 21735.35,
                            "Plan Rows": 1380035,
                            "Plan Width": 4,
                            "Actual Startup Time": 0.033,
                            "Actual Total Time": 89.996,
                            "Actual Rows": 1380035,
                            "Actual Loops": 2
                          },
                          {
                            "Node Type": "Hash",
                            "Parent Relationship": "Inner",
                            "Parallel Aware": false,
                            "Startup Cost": 66310.85,
                            "Total Cost": 66310.85,
                            "Plan Rows": 991428,
                            "Plan Width": 4,
                            "Actual Startup Time": 378.98,
                            "Actual Total Time": 378.982,
                            "Actual Rows": 985048,
                            "Actual Loops": 2,
                            "Hash Buckets": 1048576,
                            "Original Hash Buckets": 1048576,
                            "Hash Batches": 1,
                            "Original Hash Batches": 1,
                            "Peak Memory Usage": 42823,
                            "Plans": [
                              {
                                "Node Type": "Bitmap Heap Scan",
                                "Parent Relationship": "Outer",
                                "Parallel Aware": false,
                                "Relation Name": "title",
                                "Alias": "t",
                                "Startup Cost": 17920.0,
                                "Total Cost": 66310.85,
                                "Plan Rows": 991428,
                                "Plan Width": 4,
                                "Actual Startup Time": 36.488,
                                "Actual Total Time": 181.694,
                                "Actual Rows": 985048,
                                "Actual Loops": 2,
                                "Recheck Cond": "(kind_id < 7)",
                                "Rows Removed by Index Recheck": 0,
                                "Exact Heap Blocks": 35472,
                                "Lossy Heap Blocks": 0,
                                "Plans": [
                                  {
                                    "Node Type": "Bitmap Index Scan",
                                    "Parent Relationship": "Outer",
                                    "Parallel Aware": false,
                                    "Index Name": "kind_id_title",
                                    "Startup Cost": 0.0,
                                    "Total Cost": 17672.14,
                                    "Plan Rows": 991428,
                                    "Plan Width": 0,
                                    "Actual Startup Time": 31.645,
                                    "Actual Total Time": 31.646,
                                    "Actual Rows": 985048,
                                    "Actual Loops": 2,
                                    "Index Cond": "(kind_id < 7)"
                                  }
                                ]
                              }
                            ]
                          }
                        ]
                      }
                    ]
                  }
                ]
              }
            ]
          }
        ]
      }
    ]
  },
  "Planning Time": 1.051,
  "Triggers": [],
  "Execution Time": 1411.788
}