{
  "Plan": {
    "Node Type": "Aggregate",
    "Strategy": "Plain",
    "Partial Mode": "Finalize",
    "Parallel Aware": false,
    "Startup Cost": 270774.54,
    "Total Cost": 270774.55,
    "Plan Rows": 1,
    "Plan Width": 8,
    "Actual Startup Time": 1273.847,
    "Actual Total Time": 1318.578,
    "Actual Rows": 1,
    "Actual Loops": 1,
    "Plans": [
      {
        "Node Type": "Gather",
        "Parent Relationship": "Outer",
        "Parallel Aware": false,
        "Startup Cost": 270774.42,
        "Total Cost": 270774.53,
        "Plan Rows": 1,
        "Plan Width": 8,
        "Actual Startup Time": 1272.432,
        "Actual Total Time": 1318.57,
        "Actual Rows": 2,
        "Actual Loops": 1,
        "Workers Planned": 1,
        "Workers Launched": 1,
        "Single Copy": false,
        "Plans": [
          {
            "Node Type": "Aggregate",
            "Strategy": "Plain",
            "Partial Mode": "Partial",
            "Parent Relationship": "Outer",
            "Parallel Aware": false,
            "Startup Cost": 269774.42,
            "Total Cost": 269774.43,
            "Plan Rows": 1,
            "Plan Width": 8,
            "Actual Startup Time": 1266.08,
            "Actual Total Time": 1266.084,
            "Actual Rows": 1,
            "Actual Loops": 2,
            "Plans": [
              {
                "Node Type": "Nested Loop",
                "Parent Relationship": "Outer",
                "Parallel Aware": false,
                "Join Type": "Inner",
                "Startup Cost": 57740.87,
                "Total Cost": 269370.29,
                "Plan Rows": 161655,
                "Plan Width": 0,
                "Actual Startup Time": 216.97,
                "Actual Total Time": 1231.983,
                "Actual Rows": 721372,
                "Actual Loops": 2,
                "Inner Unique": false,
                "Plans": [
                  {
                    "Node Type": "Hash Join",
                    "Parent Relationship": "Outer",
                    "Parallel Aware": true,
                    "Join Type": "Inner",
                    "Startup Cost": 57740.43,
                    "Total Cost": 76524.75,
                    "Plan Rows": 70156,
                    "Plan Width": 8,
                    "Actual Startup Time": 216.908,
                    "Actual Total Time": 320.266,
                    "Actual Rows": 104940,
                    "Actual Loops": 2,
                    "Inner Unique": true,
                    "Hash Cond": "(mi_idx.movie_id = t.id)",
                    "Plans": [
                      {
                        "Node Type": "Seq Scan",
                        "Parent Relationship": "Outer",
                        "Parallel Aware": true,
                        "Relation Name": "movie_info_idx",
                        "Alias": "mi_idx",
                        "Startup Cost": 0.0,
                        "Total Cost": 18082.32,
                        "Plan Rows": 267429,
                        "Plan Width": 4,
                        "Actual Startup Time": 0.023,
                        "Actual Total Time": 53.917,
                        "Actual Rows": 229962,
                        "Actual Loops": 2,
                        "Filter": "(info_type_id < 100)",
                        "Rows Removed by Filter": 460055
                      },
                      {
                        "Node Type": "Hash",
                        "Parent Relationship": "Inner",
                        "Parallel Aware": true,
                        "Startup Cost": 52863.55,
                        "Total Cost": 52863.55,
                        "Plan Rows": 390151,
                        "Plan Width": 4,
                        "Actual Startup Time": 169.649,
                        "Actual Total Time": 169.65,
                        "Actual Rows": 331412,
                        "Actual Loops": 2,
                        "Hash Buckets": 1048576,
                        "Original Hash Buckets": 1048576,
                        "Hash Batches": 1,
                        "Original Hash Batches": 1,
                        "Peak Memory Usage": 34144,
                        "Plans": [
                          {
                            "Node Type": "Bitmap Heap Scan",
                            "Parent Relationship": "Outer",
                            "Parallel Aware": true,
                            "Relation Name": "title",
                            "Alias": "t",
                            "Startup Cost": 11988.66,
                            "Total Cost": 52863.55,
                            "Plan Rows": 390151,
                            "Plan Width": 4,
                            "Actual Startup Time": 33.223,
                            "Actual Total Time": 94.194,
                            "Actual Rows": 331412,
                            "Actual Loops": 2,
                            "Recheck Cond": "(kind_id = 1)",
                            "Rows Removed by Index Recheck": 0,
                            "Exact Heap Blocks": 7717,
                            "Lossy Heap Blocks": 0,
                            "Plans": [
                              {
                                "Node Type": "Bitmap Index Scan",
                                "Parent Relationship": "Outer",
                                "Parallel Aware": false,
                                "Index Name": "kind_id_title",
                                "Startup Cost": 0.0,
                                "Total Cost": 11822.85,
                                "Plan Rows": 663256,
                                "Plan Width": 0,
                                "Actual Startup Time": 31.412,
                                "Actual Total Time": 31.413,
                                "Actual Rows": 662825,
                                "Actual Loops": 1,
                                "Index Cond": "(kind_id = 1)"
                              }
                            ]
                          }
                        ]
                      }
                    ]
                  },
                  {
                    "Node Type": "Index Scan",
                    "Parent Relationship": "Inner",
                    "Parallel Aware": false,
                    "Scan Direction": "Forward",
                    "Index Name": "movie_id_movie_info",
                    "Relation Name": "movie_info",
                    "Alias": "mi",
                    "Startup Cost": 0.43,
                    "Total Cost": 2.58,
                    "Plan Rows": 17,
                    "Plan Width": 4,
                    "Actual Startup Time": 0.002,
                    "Actual Total Time": 0.008,
                    "Actual Rows": 7,
                    "Actual Loops": 209880,
                    "Index Cond": "(movie_id = t.id)",
                    "Rows Removed by Index Recheck": 0,
                    "Filter": "(info_type_id < 7)",
                    "Rows Removed by Filter": 15
                  }
                ]
              }
            ]
          }
        ]
      }
    ]
  },
  "Planning Time": 1.052,
  "Triggers": [],
  "Execution Time": 1318.69
}