[
  {
    "Plan": {
      "Node Type": "Aggregate",
      "Strategy": "Plain",
      "Partial Mode": "Finalize",
      "Parallel Aware": false,
      "Startup Cost": 45025.95,
      "Total Cost": 45025.96,
      "Plan Rows": 1,
      "Plan Width": 8,
      "Actual Startup Time": 89.048,
      "Actual Total Time": 101.053,
      "Actual Rows": 1,
      "Actual Loops": 1,
      "Plans": [
        {
          "Node Type": "Gather",
          "Parent Relationship": "Outer",
          "Parallel Aware": false,
          "Startup Cost": 45025.53,
          "Total Cost": 45025.94,
          "Plan Rows": 4,
          "Plan Width": 8,
          "Actual Startup Time": 88.88,
          "Actual Total Time": 101.045,
          "Actual Rows": 5,
          "Actual Loops": 1,
          "Workers Planned": 4,
          "Workers Launched": 4,
          "Single Copy": false,
          "Plans": [
            {
              "Node Type": "Aggregate",
              "Strategy": "Plain",
              "Partial Mode": "Partial",
              "Parent Relationship": "Outer",
              "Parallel Aware": false,
              "Startup Cost": 44025.53,
              "Total Cost": 44025.54,
              "Plan Rows": 1,
              "Plan Width": 8,
              "Actual Startup Time": 82.203,
              "Actual Total Time": 82.205,
              "Actual Rows": 1,
              "Actual Loops": 5,
              "Plans": [
                {
                  "Node Type": "Seq Scan",
                  "Parent Relationship": "Outer",
                  "Parallel Aware": true,
                  "Relation Name": "title",
                  "Alias": "t",
                  "Startup Cost": 0.0,
                  "Total Cost": 43898.92,
                  "Plan Rows": 50644,
                  "Plan Width": 0,
                  "Actual Startup Time": 0.065,
                  "Actual Total Time": 79.998,
                  "Actual Rows": 42325,
                  "Actual Loops": 5,
                  "Filter": "(production_year < 1957)",
                  "Rows Removed by Filter": 463338
                }
              ]
            }
          ]
        }
      ]
    },
    "Planning Time": 0.106,
    "Triggers": [],
    "Execution Time": 101.096
  }
]