[
  {
    "Plan": {
      "Node Type": "Aggregate",
      "Strategy": "Plain",
      "Partial Mode": "Finalize",
      "Parallel Aware": false,
      "Startup Cost": 62067.56,
      "Total Cost": 62067.57,
      "Plan Rows": 1,
      "Plan Width": 8,
      "Actual Startup Time": 236.678,
      "Actual Total Time": 253.783,
      "Actual Rows": 1,
      "Actual Loops": 1,
      "Plans": [
        {
          "Node Type": "Gather",
          "Parent Relationship": "Outer",
          "Parallel Aware": false,
          "Startup Cost": 62067.35,
          "Total Cost": 62067.56,
          "Plan Rows": 2,
          "Plan Width": 8,
          "Actual Startup Time": 236.387,
          "Actual Total Time": 253.772,
          "Actual Rows": 3,
          "Actual Loops": 1,
          "Workers Planned": 2,
          "Workers Launched": 2,
          "Single Copy": false,
          "Plans": [
            {
              "Node Type": "Aggregate",
              "Strategy": "Plain",
              "Partial Mode": "Partial",
              "Parent Relationship": "Outer",
              "Parallel Aware": false,
              "Startup Cost": 61067.35,
              "Total Cost": 61067.36,
              "Plan Rows": 1,
              "Plan Width": 8,
              "Actual Startup Time": 230.048,
              "Actual Total Time": 230.052,
              "Actual Rows": 1,
              "Actual Loops": 3,
              "Plans": [
                {
                  "Node Type": "Hash Join",
                  "Parent Relationship": "Outer",
                  "Parallel Aware": true,
                  "Join Type": "Inner",
                  "Startup Cost": 45812.26,
                  "Total Cost": 61006.82,
                  "Plan Rows": 24210,
                  "Plan Width": 0,
                  "Actual Startup Time": 148.089,
                  "Actual Total Time": 230.037,
                  "Actual Rows": 48,
                  "Actual Loops": 3,
                  "Inner Unique": true,
                  "Hash Cond": "(mi_idx.movie_id = t.id)",
                  "Plans": [
                    {
                      "Node Type": "Seq Scan",
                      "Parent Relationship": "Outer",
                      "Parallel Aware": true,
                      "Relation Name": "movie_info_idx",
                      "Alias": "mi_idx",
                      "Startup Cost": 0.0,
                      "Total Cost": 13685.15,
                      "Plan Rows": 575015,
                      "Plan Width": 4,
                      "Actual Startup Time": 0.018,
                      "Actual Total Time": 47.149,
                      "Actual Rows": 460012,
                      "Actual Loops": 3
                    },
                    {
                      "Node Type": "Hash",
                      "Parent Relationship": "Inner",
                      "Parallel Aware": true,
                      "Startup Cost": 45479.59,
                      "Total Cost": 45479.59,
                      "Plan Rows": 26614,
                      "Plan Width": 4,
                      "Actual Startup Time": 137.955,
                      "Actual Total Time": 137.956,
                      "Actual Rows": 163,
                      "Actual Loops": 3,
                      "Hash Buckets": 131072,
                      "Original Hash Buckets": 131072,
                      "Hash Batches": 1,
                      "Original Hash Batches": 1,
                      "Peak Memory Usage": 1120,
                      "Plans": [
                        {
                          "Node Type": "Seq Scan",
                          "Parent Relationship": "Outer",
                          "Parallel Aware": true,
                          "Relation Name": "title",
                          "Alias": "t",
                          "Startup Cost": 0.0,
                          "Total Cost": 45479.59,
                          "Plan Rows": 26614,
                          "Plan Width": 4,
                          "Actual Startup Time": 4.559,
                          "Actual Total Time": 137.561,
                          "Actual Rows": 163,
                          "Actual Loops": 3,
                          "Filter": "((kind_id > 1) AND (production_year < 1947))",
                          "Rows Removed by Filter": 842608
                        }
                      ]
                    }
                  ]
                }
              ]
            }
          ]
        }
      ]
    },
    "Planning Time": 0.578,
    "Triggers": [],
    "Execution Time": 253.861
  }
]