{
  "Plan": {
    "Node Type": "Aggregate",
    "Strategy": "Plain",
    "Partial Mode": "Finalize",
    "Parallel Aware": false,
    "Startup Cost": 103066.99,
    "Total Cost": 103067.0,
    "Plan Rows": 1,
    "Plan Width": 8,
    "Actual Startup Time": 432.515,
    "Actual Total Time": 447.98,
    "Actual Rows": 1,
    "Actual Loops": 1,
    "Plans": [
      {
        "Node Type": "Gather",
        "Parent Relationship": "Outer",
        "Parallel Aware": false,
        "Startup Cost": 103066.88,
        "Total Cost": 103066.99,
        "Plan Rows": 1,
        "Plan Width": 8,
        "Actual Startup Time": 431.744,
        "Actual Total Time": 447.971,
        "Actual Rows": 2,
        "Actual Loops": 1,
        "Workers Planned": 1,
        "Workers Launched": 1,
        "Single Copy": false,
        "Plans": [
          {
            "Node Type": "Aggregate",
            "Strategy": "Plain",
            "Partial Mode": "Partial",
            "Parent Relationship": "Outer",
            "Parallel Aware": false,
            "Startup Cost": 102066.88,
            "Total Cost": 102066.89,
            "Plan Rows": 1,
            "Plan Width": 8,
            "Actual Startup Time": 425.727,
            "Actual Total Time": 425.73,
            "Actual Rows": 1,
            "Actual Loops": 2,
            "Plans": [
              {
                "Node Type": "Hash Join",
                "Parent Relationship": "Outer",
                "Parallel Aware": true,
                "Join Type": "Inner",
                "Startup Cost": 40320.84,
                "Total Cost": 101595.49,
                "Plan Rows": 188554,
                "Plan Width": 0,
                "Actual Startup Time": 141.763,
                "Actual Total Time": 421.743,
                "Actual Rows": 87634,
                "Actual Loops": 2,
                "Inner Unique": false,
                "Hash Cond": "(t.id = mc.movie_id)",
                "Plans": [
                  {
                    "Node Type": "Seq Scan",
                    "Parent Relationship": "Outer",
                    "Parallel Aware": true,
                    "Relation Name": "title",
                    "Alias": "t",
                    "Startup Cost": 0.0,
                    "Total Cost": 50870.31,
                    "Plan Rows": 1487231,
                    "Plan Width": 4,
                    "Actual Startup Time": 0.011,
                    "Actual Total Time": 116.389,
                    "Actual Rows": 1264156,
                    "Actual Loops": 2
                  },
                  {
                    "Node Type": "Hash",
                    "Parent Relationship": "Inner",
                    "Parallel Aware": true,
                    "Startup Cost": 37963.92,
                    "Total Cost": 37963.92,
                    "Plan Rows": 188554,
                    "Plan Width": 4,
                    "Actual Startup Time": 136.199,
                    "Actual Total Time": 136.201,
                    "Actual Rows": 87634,
                    "Actual Loops": 2,
                    "Hash Buckets": 524288,
                    "Original Hash Buckets": 524288,
                    "Hash Batches": 1,
                    "Original Hash Batches": 1,
                    "Peak Memory Usage": 11008,
                    "Plans": [
                      {
                        "Node Type": "Bitmap Heap Scan",
                        "Parent Relationship": "Outer",
                        "Parallel Aware": true,
                        "Relation Name": "movie_companies",
                        "Alias": "mc",
                        "Startup Cost": 13603.46,
                        "Total Cost": 37963.92,
                        "Plan Rows": 188554,
                        "Plan Width": 4,
                        "Actual Startup Time": 94.972,
                        "Actual Total Time": 117.445,
                        "Actual Rows": 87634,
                        "Actual Loops": 2,
                        "Recheck Cond": "(company_id < 817)",
                        "Rows Removed by Index Recheck": 0,
                        "Filter": "(company_type_id = 2)",
                        "Rows Removed by Filter": 225832,
                        "Exact Heap Blocks": 13169,
                        "Lossy Heap Blocks": 0,
                        "Plans": [
                          {
                            "Node Type": "Bitmap Index Scan",
                            "Parent Relationship": "Outer",
                            "Parallel Aware": false,
                            "Index Name": "company_id_movie_companies",
                            "Startup Cost": 0.0,
                            "Total Cost": 13523.32,
                            "Plan Rows": 631319,
                            "Plan Width": 0,
                            "Actual Startup Time": 47.669,
                            "Actual Total Time": 47.67,
                            "Actual Rows": 626934,
                            "Actual Loops": 1,
                            "Index Cond": "(company_id < 817)"
                          }
                        ]
                      }
                    ]
                  }
                ]
              }
            ]
          }
        ]
      }
    ]
  },
  "Planning Time": 0.709,
  "Triggers": [],
  "Execution Time": 448.071
}