{
  "Plan": {
    "Node Type": "Aggregate",
    "Strategy": "Plain",
    "Partial Mode": "Finalize",
    "Parallel Aware": false,
    "Startup Cost": 94257.95,
    "Total Cost": 94257.96,
    "Plan Rows": 1,
    "Plan Width": 8,
    "Actual Startup Time": 285.18,
    "Actual Total Time": 298.463,
    "Actual Rows": 1,
    "Actual Loops": 1,
    "Plans": [
      {
        "Node Type": "Gather",
        "Parent Relationship": "Outer",
        "Parallel Aware": false,
        "Startup Cost": 94257.84,
        "Total Cost": 94257.95,
        "Plan Rows": 1,
        "Plan Width": 8,
        "Actual Startup Time": 284.603,
        "Actual Total Time": 298.457,
        "Actual Rows": 2,
        "Actual Loops": 1,
        "Workers Planned": 1,
        "Workers Launched": 1,
        "Single Copy": false,
        "Plans": [
          {
            "Node Type": "Aggregate",
            "Strategy": "Plain",
            "Partial Mode": "Partial",
            "Parent Relationship": "Outer",
            "Parallel Aware": false,
            "Startup Cost": 93257.84,
            "Total Cost": 93257.85,
            "Plan Rows": 1,
            "Plan Width": 8,
            "Actual Startup Time": 280.784,
            "Actual Total Time": 280.788,
            "Actual Rows": 1,
            "Actual Loops": 2,
            "Plans": [
              {
                "Node Type": "Hash Join",
                "Parent Relationship": "Outer",
                "Parallel Aware": true,
                "Join Type": "Inner",
                "Startup Cost": 69048.16,
                "Total Cost": 93190.01,
                "Plan Rows": 27132,
                "Plan Width": 0,
                "Actual Startup Time": 191.617,
                "Actual Total Time": 279.319,
                "Actual Rows": 33176,
                "Actual Loops": 2,
                "Inner Unique": true,
                "Hash Cond": "(mc.movie_id = t.id)",
                "Plans": [
                  {
                    "Node Type": "Bitmap Heap Scan",
                    "Parent Relationship": "Outer",
                    "Parallel Aware": true,
                    "Relation Name": "movie_companies",
                    "Alias": "mc",
                    "Startup Cost": 13034.29,
                    "Total Cost": 36247.3,
                    "Plan Rows": 353841,
                    "Plan Width": 4,
                    "Actual Startup Time": 31.564,
                    "Actual Total Time": 72.675,
                    "Actual Rows": 307796,
                    "Actual Loops": 2,
                    "Recheck Cond": "(company_id > 63425)",
                    "Rows Removed by Index Recheck": 0,
                    "Exact Heap Blocks": 5631,
                    "Lossy Heap Blocks": 0,
                    "Plans": [
                      {
                        "Node Type": "Bitmap Index Scan",
                        "Parent Relationship": "Outer",
                        "Parallel Aware": false,
                        "Index Name": "company_id_movie_companies",
                        "Startup Cost": 0.0,
                        "Total Cost": 12883.9,
                        "Plan Rows": 601530,
                        "Plan Width": 0,
                        "Actual Startup Time": 30.237,
                        "Actual Total Time": 30.238,
                        "Actual Rows": 615593,
                        "Actual Loops": 1,
                        "Index Cond": "(company_id > 63425)"
                      }
                    ]
                  },
                  {
                    "Node Type": "Hash",
                    "Parent Relationship": "Inner",
                    "Parallel Aware": true,
                    "Startup Cost": 54588.39,
                    "Total Cost": 54588.39,
                    "Plan Rows": 114039,
                    "Plan Width": 4,
                    "Actual Startup Time": 156.885,
                    "Actual Total Time": 156.885,
                    "Actual Rows": 101498,
                    "Actual Loops": 2,
                    "Hash Buckets": 262144,
                    "Original Hash Buckets": 262144,
                    "Hash Batches": 1,
                    "Original Hash Batches": 1,
                    "Peak Memory Usage": 10016,
                    "Plans": [
                      {
                        "Node Type": "Seq Scan",
                        "Parent Relationship": "Outer",
                        "Parallel Aware": true,
                        "Relation Name": "title",
                        "Alias": "t",
                        "Startup Cost": 0.0,
                        "Total Cost": 54588.39,
                        "Plan Rows": 114039,
                        "Plan Width": 4,
                        "Actual Startup Time": 0.029,
                        "Actual Total Time": 135.014,
                        "Actual Rows": 101498,
                        "Actual Loops": 2,
                        "Filter": "(production_year < 1956)",
                        "Rows Removed by Filter": 1162658
                      }
                    ]
                  }
                ]
              }
            ]
          }
        ]
      }
    ]
  },
  "Planning Time": 0.443,
  "Triggers": [],
  "Execution Time": 298.561
}