[
    {
        "Bao": {
            "Bao prediction": 457.637,
            "Bao recommended hint": "(no hint)"
        }
    },
    {
        "Plan": {
            "Node Type": "Aggregate",
            "Strategy": "Plain",
            "Partial Mode": "Finalize",
            "Parallel Aware": false,
            "Startup Cost": 33186.12,
            "Total Cost": 33186.13,
            "Plan Rows": 1,
            "Plan Width": 8,
            "Actual Startup Time": 119.954,
            "Actual Total Time": 127.976,
            "Actual Rows": 1,
            "Actual Loops": 1,
            "Output": [
                "count(*)"
            ],
            "Plans": [
                {
                    "Node Type": "Gather",
                    "Parent Relationship": "Outer",
                    "Parallel Aware": false,
                    "Startup Cost": 33185.8,
                    "Total Cost": 33186.11,
                    "Plan Rows": 3,
                    "Plan Width": 8,
                    "Actual Startup Time": 119.868,
                    "Actual Total Time": 127.968,
                    "Actual Rows": 4,
                    "Actual Loops": 1,
                    "Output": [
                        "(PARTIAL count(*))"
                    ],
                    "Workers Planned": 3,
                    "Workers Launched": 3,
                    "Single Copy": false,
                    "Plans": [
                        {
                            "Node Type": "Aggregate",
                            "Strategy": "Plain",
                            "Partial Mode": "Partial",
                            "Parent Relationship": "Outer",
                            "Parallel Aware": false,
                            "Startup Cost": 32185.8,
                            "Total Cost": 32185.81,
                            "Plan Rows": 1,
                            "Plan Width": 8,
                            "Actual Startup Time": 112.077,
                            "Actual Total Time": 112.078,
                            "Actual Rows": 1,
                            "Actual Loops": 4,
                            "Output": [
                                "PARTIAL count(*)"
                            ],
                            "Workers": [
                                {
                                    "Worker Number": 0,
                                    "Actual Startup Time": 109.425,
                                    "Actual Total Time": 109.426,
                                    "Actual Rows": 1,
                                    "Actual Loops": 1
                                },
                                {
                                    "Worker Number": 1,
                                    "Actual Startup Time": 109.45,
                                    "Actual Total Time": 109.451,
                                    "Actual Rows": 1,
                                    "Actual Loops": 1
                                },
                                {
                                    "Worker Number": 2,
                                    "Actual Startup Time": 110.172,
                                    "Actual Total Time": 110.173,
                                    "Actual Rows": 1,
                                    "Actual Loops": 1
                                }
                            ],
                            "Plans": [
                                {
                                    "Node Type": "Seq Scan",
                                    "Parent Relationship": "Outer",
                                    "Parallel Aware": true,
                                    "Relation Name": "movie_companies",
                                    "Schema": "public",
                                    "Alias": "mc",
                                    "Startup Cost": 0.0,
                                    "Total Cost": 31414.82,
                                    "Plan Rows": 308392,
                                    "Plan Width": 0,
                                    "Actual Startup Time": 50.764,
                                    "Actual Total Time": 96.352,
                                    "Actual Rows": 279905,
                                    "Actual Loops": 4,
                                    "Output": [
                                        "id",
                                        "movie_id",
                                        "company_id",
                                        "company_type_id",
                                        "note"
                                    ],
                                    "Filter": "((mc.company_id > 1431) AND (mc.company_type_id > 1))",
                                    "Rows Removed by Filter": 372377,
                                    "Workers": [
                                        {
                                            "Worker Number": 0,
                                            "Actual Startup Time": 48.122,
                                            "Actual Total Time": 93.867,
                                            "Actual Rows": 237558,
                                            "Actual Loops": 1
                                        },
                                        {
                                            "Worker Number": 1,
                                            "Actual Startup Time": 48.126,
                                            "Actual Total Time": 93.864,
                                            "Actual Rows": 238145,
                                            "Actual Loops": 1
                                        },
                                        {
                                            "Worker Number": 2,
                                            "Actual Startup Time": 48.861,
                                            "Actual Total Time": 94.879,
                                            "Actual Rows": 233195,
                                            "Actual Loops": 1
                                        }
                                    ]
                                }
                            ]
                        }
                    ]
                }
            ]
        },
        "Planning Time": 673.812,
        "Triggers": [],
        "Execution Time": 128.061
    }
]