{
  "Plan": {
    "Node Type": "Aggregate",
    "Strategy": "Plain",
    "Partial Mode": "Simple",
    "Parallel Aware": false,
    "Startup Cost": 45733.29,
    "Total Cost": 45733.3,
    "Plan Rows": 1,
    "Plan Width": 96,
    "Actual Startup Time": 436.422,
    "Actual Total Time": 436.678,
    "Actual Rows": 1,
    "Actual Loops": 1,
    "Plans": [
      {
        "Node Type": "Gather",
        "Parent Relationship": "Outer",
        "Parallel Aware": false,
        "Startup Cost": 5745.34,
        "Total Cost": 45733.29,
        "Plan Rows": 1,
        "Plan Width": 66,
        "Actual Startup Time": 38.537,
        "Actual Total Time": 436.606,
        "Actual Rows": 244,
        "Actual Loops": 1,
        "Workers Planned": 1,
        "Workers Launched": 0,
        "Single Copy": false,
        "Plans": [
          {
            "Node Type": "Hash Join",
            "Parent Relationship": "Outer",
            "Parallel Aware": false,
            "Join Type": "Inner",
            "Startup Cost": 4745.34,
            "Total Cost": 44733.19,
            "Plan Rows": 1,
            "Plan Width": 66,
            "Actual Startup Time": 37.498,
            "Actual Total Time": 435.298,
            "Actual Rows": 244,
            "Actual Loops": 1,
            "Inner Unique": true,
            "Hash Cond": "(mi.info_type_id = it2.id)",
            "Plans": [
              {
                "Node Type": "Nested Loop",
                "Parent Relationship": "Outer",
                "Parallel Aware": false,
                "Join Type": "Inner",
                "Startup Cost": 4742.91,
                "Total Cost": 44730.58,
                "Plan Rows": 66,
                "Plan Width": 70,
                "Actual Startup Time": 37.427,
                "Actual Total Time": 434.908,
                "Actual Rows": 4882,
                "Actual Loops": 1,
                "Inner Unique": false,
                "Join Filter": "(miidx.movie_id = mi.movie_id)",
                "Rows Removed by Join Filter": 0,
                "Plans": [
                  {
                    "Node Type": "Hash Join",
                    "Parent Relationship": "Outer",
                    "Parallel Aware": false,
                    "Join Type": "Inner",
                    "Startup Cost": 4742.48,
                    "Total Cost": 44709.28,
                    "Plan Rows": 11,
                    "Plan Width": 35,
                    "Actual Startup Time": 37.411,
                    "Actual Total Time": 430.622,
                    "Actual Rows": 236,
                    "Actual Loops": 1,
                    "Inner Unique": true,
                    "Hash Cond": "(t.kind_id = kt.id)",
                    "Plans": [
                      {
                        "Node Type": "Nested Loop",
                        "Parent Relationship": "Outer",
                        "Parallel Aware": false,
                        "Join Type": "Inner",
                        "Startup Cost": 4741.38,
                        "Total Cost": 44707.84,
                        "Plan Rows": 80,
                        "Plan Width": 39,
                        "Actual Startup Time": 37.385,
                        "Actual Total Time": 430.378,
                        "Actual Rows": 2159,
                        "Actual Loops": 1,
                        "Inner Unique": true,
                        "Join Filter": "(miidx.movie_id = t.id)",
                        "Rows Removed by Join Filter": 0,
                        "Plans": [
                          {
                            "Node Type": "Hash Join",
                            "Parent Relationship": "Outer",
                            "Parallel Aware": false,
                            "Join Type": "Inner",
                            "Startup Cost": 4740.95,
                            "Total Cost": 44665.52,
                            "Plan Rows": 80,
                            "Plan Width": 14,
                            "Actual Startup Time": 37.369,
                            "Actual Total Time": 422.31,
                            "Actual Rows": 2159,
                            "Actual Loops": 1,
                            "Inner Unique": true,
                            "Hash Cond": "(miidx.info_type_id = it.id)",
                            "Plans": [
                              {
                                "Node Type": "Nested Loop",
                                "Parent Relationship": "Outer",
                                "Parallel Aware": false,
                                "Join Type": "Inner",
                                "Startup Cost": 4738.52,
                                "Total Cost": 44638.46,
                                "Plan Rows": 9047,
                                "Plan Width": 18,
                                "Actual Startup Time": 37.319,
                                "Actual Total Time": 421.583,
                                "Actual Rows": 6496,
                                "Actual Loops": 1,
                                "Inner Unique": false,
                                "Plans": [
                                  {
                                    "Node Type": "Hash Join",
                                    "Parent Relationship": "Outer",
                                    "Parallel Aware": false,
                                    "Join Type": "Inner",
                                    "Startup Cost": 4738.09,
                                    "Total Cost": 42972.55,
                                    "Plan Rows": 3133,
                                    "Plan Width": 4,
                                    "Actual Startup Time": 37.296,
                                    "Actual Total Time": 402.061,
                                    "Actual Rows": 12382,
                                    "Actual Loops": 1,
                                    "Inner Unique": true,
                                    "Hash Cond": "(mc.company_type_id = ct.id)",
                                    "Plans": [
                                      {
                                        "Node Type": "Hash Join",
                                        "Parent Relationship": "Outer",
                                        "Parallel Aware": true,
                                        "Join Type": "Inner",
                                        "Startup Cost": 4737.03,
                                        "Total Cost": 42903.73,
                                        "Plan Rows": 12533,
                                        "Plan Width": 8,
                                        "Actual Startup Time": 37.271,
                                        "Actual Total Time": 399.425,
                                        "Actual Rows": 31519,
                                        "Actual Loops": 1,
                                        "Inner Unique": true,
                                        "Hash Cond": "(mc.company_id = cn.id)",
                                        "Plans": [
                                          {
                                            "Node Type": "Seq Scan",
                                            "Parent Relationship": "Outer",
                                            "Parallel Aware": true,
                                            "Relation Name": "movie_companies",
                                            "Alias": "mc",
                                            "Startup Cost": 0.0,
                                            "Total Cost": 34137.82,
                                            "Plan Rows": 1534782,
                                            "Plan Width": 12,
                                            "Actual Startup Time": 0.005,
                                            "Actual Total Time": 165.013,
                                            "Actual Rows": 2609129,
                                            "Actual Loops": 1
                                          },
                                          {
                                            "Node Type": "Hash",
                                            "Parent Relationship": "Inner",
                                            "Parallel Aware": true,
                                            "Startup Cost": 4722.92,
                                            "Total Cost": 4722.92,
                                            "Plan Rows": 1129,
                                            "Plan Width": 4,
                                            "Actual Startup Time": 36.168,
                                            "Actual Total Time": 36.169,
                                            "Actual Rows": 1999,
                                            "Actual Loops": 1,
                                            "Hash Buckets": 2048,
                                            "Original Hash Buckets": 2048,
                                            "Hash Batches": 1,
                                            "Original Hash Batches": 1,
                                            "Peak Memory Usage": 112,
                                            "Plans": [
                                              {
                                                "Node Type": "Seq Scan",
                                                "Parent Relationship": "Outer",
                                                "Parallel Aware": true,
                                                "Relation Name": "company_name",
                                                "Alias": "cn",
                                                "Startup Cost": 0.0,
                                                "Total Cost": 4722.92,
                                                "Plan Rows": 1129,
                                                "Plan Width": 4,
                                                "Actual Startup Time": 0.048,
                                                "Actual Total Time": 35.491,
                                                "Actual Rows": 1999,
                                                "Actual Loops": 1,
                                                "Filter": "((country_code)::text = '[ph]'::text)",
                                                "Rows Removed by Filter": 232998
                                              }
                                            ]
                                          }
                                        ]
                                      },
                                      {
                                        "Node Type": "Hash",
                                        "Parent Relationship": "Inner",
                                        "Parallel Aware": false,
                                        "Startup Cost": 1.05,
                                        "Total Cost": 1.05,
                                        "Plan Rows": 1,
                                        "Plan Width": 4,
                                        "Actual Startup Time": 0.016,
                                        "Actual Total Time": 0.017,
                                        "Actual Rows": 1,
                                        "Actual Loops": 1,
                                        "Hash Buckets": 1024,
                                        "Original Hash Buckets": 1024,
                                        "Hash Batches": 1,
                                        "Original Hash Batches": 1,
                                        "Peak Memory Usage": 9,
                                        "Plans": [
                                          {
                                            "Node Type": "Seq Scan",
                                            "Parent Relationship": "Outer",
                                            "Parallel Aware": false,
                                            "Relation Name": "company_type",
                                            "Alias": "ct",
                                            "Startup Cost": 0.0,
                                            "Total Cost": 1.05,
                                            "Plan Rows": 1,
                                            "Plan Width": 4,
                                            "Actual Startup Time": 0.011,
                                            "Actual Total Time": 0.013,
                                            "Actual Rows": 1,
                                            "Actual Loops": 1,
                                            "Filter": "((kind)::text = 'distributors'::text)",
                                            "Rows Removed by Filter": 3
                                          }
                                        ]
                                      }
                                    ]
                                  },
                                  {
                                    "Node Type": "Index Scan",
                                    "Parent Relationship": "Inner",
                                    "Parallel Aware": false,
                                    "Scan Direction": "Forward",
                                    "Index Name": "movie_id_movie_info_idx",
                                    "Relation Name": "movie_info_idx",
                                    "Alias": "miidx",
                                    "Startup Cost": 0.43,
                                    "Total Cost": 0.5,
                                    "Plan Rows": 3,
                                    "Plan Width": 14,
                                    "Actual Startup Time": 0.001,
                                    "Actual Total Time": 0.001,
                                    "Actual Rows": 1,
                                    "Actual Loops": 12382,
                                    "Index Cond": "(movie_id = mc.movie_id)",
                                    "Rows Removed by Index Recheck": 0
                                  }
                                ]
                              },
                              {
                                "Node Type": "Hash",
                                "Parent Relationship": "Inner",
                                "Parallel Aware": false,
                                "Startup Cost": 2.41,
                                "Total Cost": 2.41,
                                "Plan Rows": 1,
                                "Plan Width": 4,
                                "Actual Startup Time": 0.041,
                                "Actual Total Time": 0.042,
                                "Actual Rows": 1,
                                "Actual Loops": 1,
                                "Hash Buckets": 1024,
                                "Original Hash Buckets": 1024,
                                "Hash Batches": 1,
                                "Original Hash Batches": 1,
                                "Peak Memory Usage": 9,
                                "Plans": [
                                  {
                                    "Node Type": "Seq Scan",
                                    "Parent Relationship": "Outer",
                                    "Parallel Aware": false,
                                    "Relation Name": "info_type",
                                    "Alias": "it",
                                    "Startup Cost": 0.0,
                                    "Total Cost": 2.41,
                                    "Plan Rows": 1,
                                    "Plan Width": 4,
                                    "Actual Startup Time": 0.034,
                                    "Actual Total Time": 0.038,
                                    "Actual Rows": 1,
                                    "Actual Loops": 1,
                                    "Filter": "((info)::text = 'rating'::text)",
                                    "Rows Removed by Filter": 112
                                  }
                                ]
                              }
                            ]
                          },
                          {
                            "Node Type": "Index Scan",
                            "Parent Relationship": "Inner",
                            "Parallel Aware": false,
                            "Scan Direction": "Forward",
                            "Index Name": "title_pkey",
                            "Relation Name": "title",
                            "Alias": "t",
                            "Startup Cost": 0.43,
                            "Total Cost": 0.52,
                            "Plan Rows": 1,
                            "Plan Width": 25,
                            "Actual Startup Time": 0.003,
                            "Actual Total Time": 0.003,
                            "Actual Rows": 1,
                            "Actual Loops": 2159,
                            "Index Cond": "(id = mc.movie_id)",
                            "Rows Removed by Index Recheck": 0
                          }
                        ]
                      },
                      {
                        "Node Type": "Hash",
                        "Parent Relationship": "Inner",
                        "Parallel Aware": false,
                        "Startup Cost": 1.09,
                        "Total Cost": 1.09,
                        "Plan Rows": 1,
                        "Plan Width": 4,
                        "Actual Startup Time": 0.018,
                        "Actual Total Time": 0.019,
                        "Actual Rows": 1,
                        "Actual Loops": 1,
                        "Hash Buckets": 1024,
                        "Original Hash Buckets": 1024,
                        "Hash Batches": 1,
                        "Original Hash Batches": 1,
                        "Peak Memory Usage": 9,
                        "Plans": [
                          {
                            "Node Type": "Seq Scan",
                            "Parent Relationship": "Outer",
                            "Parallel Aware": false,
                            "Relation Name": "kind_type",
                            "Alias": "kt",
                            "Startup Cost": 0.0,
                            "Total Cost": 1.09,
                            "Plan Rows": 1,
                            "Plan Width": 4,
                            "Actual Startup Time": 0.012,
                            "Actual Total Time": 0.014,
                            "Actual Rows": 1,
                            "Actual Loops": 1,
                            "Filter": "((kind)::text = 'tv series'::text)",
                            "Rows Removed by Filter": 6
                          }
                        ]
                      }
                    ]
                  },
                  {
                    "Node Type": "Index Scan",
                    "Parent Relationship": "Inner",
                    "Parallel Aware": false,
                    "Scan Direction": "Forward",
                    "Index Name": "movie_id_movie_info",
                    "Relation Name": "movie_info",
                    "Alias": "mi",
                    "Startup Cost": 0.43,
                    "Total Cost": 1.45,
                    "Plan Rows": 39,
                    "Plan Width": 51,
                    "Actual Startup Time": 0.006,
                    "Actual Total Time": 0.015,
                    "Actual Rows": 21,
                    "Actual Loops": 236,
                    "Index Cond": "(movie_id = mc.movie_id)",
                    "Rows Removed by Index Recheck": 0
                  }
                ]
              },
              {
                "Node Type": "Hash",
                "Parent Relationship": "Inner",
                "Parallel Aware": false,
                "Startup Cost": 2.41,
                "Total Cost": 2.41,
                "Plan Rows": 1,
                "Plan Width": 4,
                "Actual Startup Time": 0.056,
                "Actual Total Time": 0.057,
                "Actual Rows": 1,
                "Actual Loops": 1,
                "Hash Buckets": 1024,
                "Original Hash Buckets": 1024,
                "Hash Batches": 1,
                "Original Hash Batches": 1,
                "Peak Memory Usage": 9,
                "Plans": [
                  {
                    "Node Type": "Seq Scan",
                    "Parent Relationship": "Outer",
                    "Parallel Aware": false,
                    "Relation Name": "info_type",
                    "Alias": "it2",
                    "Startup Cost": 0.0,
                    "Total Cost": 2.41,
                    "Plan Rows": 1,
                    "Plan Width": 4,
                    "Actual Startup Time": 0.031,
                    "Actual Total Time": 0.05,
                    "Actual Rows": 1,
                    "Actual Loops": 1,
                    "Filter": "((info)::text = 'release dates'::text)",
                    "Rows Removed by Filter": 112
                  }
                ]
              }
            ]
          }
        ]
      }
    ]
  },
  "Planning Time": 2.593,
  "Triggers": [],
  "Execution Time": 436.848
}