[
  {
    "Plan": {
      "Node Type": "Aggregate",
      "Strategy": "Plain",
      "Partial Mode": "Finalize",
      "Parallel Aware": false,
      "Startup Cost": 73503.16,
      "Total Cost": 73503.17,
      "Plan Rows": 1,
      "Plan Width": 8,
      "Actual Startup Time": 151.239,
      "Actual Total Time": 166.298,
      "Actual Rows": 1,
      "Actual Loops": 1,
      "Plans": [
        {
          "Node Type": "Gather",
          "Parent Relationship": "Outer",
          "Parallel Aware": false,
          "Startup Cost": 73502.84,
          "Total Cost": 73503.15,
          "Plan Rows": 3,
          "Plan Width": 8,
          "Actual Startup Time": 149.978,
          "Actual Total Time": 166.29,
          "Actual Rows": 4,
          "Actual Loops": 1,
          "Workers Planned": 3,
          "Workers Launched": 3,
          "Single Copy": false,
          "Plans": [
            {
              "Node Type": "Aggregate",
              "Strategy": "Plain",
              "Partial Mode": "Partial",
              "Parent Relationship": "Outer",
              "Parallel Aware": false,
              "Startup Cost": 72502.84,
              "Total Cost": 72502.85,
              "Plan Rows": 1,
              "Plan Width": 8,
              "Actual Startup Time": 142.373,
              "Actual Total Time": 142.377,
              "Actual Rows": 1,
              "Actual Loops": 4,
              "Plans": [
                {
                  "Node Type": "Hash Join",
                  "Parent Relationship": "Outer",
                  "Parallel Aware": true,
                  "Join Type": "Inner",
                  "Startup Cost": 46999.43,
                  "Total Cost": 72500.13,
                  "Plan Rows": 1084,
                  "Plan Width": 0,
                  "Actual Startup Time": 127.433,
                  "Actual Total Time": 142.314,
                  "Actual Rows": 583,
                  "Actual Loops": 4,
                  "Inner Unique": true,
                  "Hash Cond": "(mk.movie_id = t.id)",
                  "Plans": [
                    {
                      "Node Type": "Bitmap Heap Scan",
                      "Parent Relationship": "Outer",
                      "Parallel Aware": true,
                      "Relation Name": "movie_keyword",
                      "Alias": "mk",
                      "Startup Cost": 875.35,
                      "Total Cost": 26341.2,
                      "Plan Rows": 13274,
                      "Plan Width": 4,
                      "Actual Startup Time": 5.008,
                      "Actual Total Time": 23.357,
                      "Actual Rows": 9102,
                      "Actual Loops": 4,
                      "Recheck Cond": "(keyword_id < 43)",
                      "Rows Removed by Index Recheck": 0,
                      "Exact Heap Blocks": 6673,
                      "Lossy Heap Blocks": 0,
                      "Plans": [
                        {
                          "Node Type": "Bitmap Index Scan",
                          "Parent Relationship": "Outer",
                          "Parallel Aware": false,
                          "Index Name": "keyword_id_movie_keyword",
                          "Startup Cost": 0.0,
                          "Total Cost": 865.06,
                          "Plan Rows": 41150,
                          "Plan Width": 0,
                          "Actual Startup Time": 3.183,
                          "Actual Total Time": 3.183,
                          "Actual Rows": 36407,
                          "Actual Loops": 1,
                          "Index Cond": "(keyword_id < 43)"
                        }
                      ]
                    },
                    {
                      "Node Type": "Hash",
                      "Parent Relationship": "Inner",
                      "Parallel Aware": true,
                      "Startup Cost": 45479.1,
                      "Total Cost": 45479.1,
                      "Plan Rows": 51599,
                      "Plan Width": 4,
                      "Actual Startup Time": 113.524,
                      "Actual Total Time": 113.524,
                      "Actual Rows": 45598,
                      "Actual Loops": 4,
                      "Hash Buckets": 262144,
                      "Original Hash Buckets": 262144,
                      "Hash Batches": 1,
                      "Original Hash Batches": 1,
                      "Peak Memory Usage": 9248,
                      "Plans": [
                        {
                          "Node Type": "Seq Scan",
                          "Parent Relationship": "Outer",
                          "Parallel Aware": true,
                          "Relation Name": "title",
                          "Alias": "t",
                          "Startup Cost": 0.0,
                          "Total Cost": 45479.1,
                          "Plan Rows": 51599,
                          "Plan Width": 4,
                          "Actual Startup Time": 47.551,
                          "Actual Total Time": 98.884,
                          "Actual Rows": 45598,
                          "Actual Loops": 4,
                          "Filter": "((production_year > 2007) AND (kind_id = 1))",
                          "Rows Removed by Filter": 586480
                        }
                      ]
                    }
                  ]
                }
              ]
            }
          ]
        }
      ]
    },
    "Planning Time": 0.659,
    "Triggers": [],
    "Execution Time": 166.386
  }
]