{
  "Plan": {
    "Node Type": "Aggregate",
    "Strategy": "Plain",
    "Partial Mode": "Finalize",
    "Parallel Aware": false,
    "Startup Cost": 559953.62,
    "Total Cost": 559953.63,
    "Plan Rows": 1,
    "Plan Width": 8,
    "Actual Startup Time": 1972.61,
    "Actual Total Time": 2005.116,
    "Actual Rows": 1,
    "Actual Loops": 1,
    "Plans": [
      {
        "Node Type": "Gather",
        "Parent Relationship": "Outer",
        "Parallel Aware": false,
        "Startup Cost": 559953.5,
        "Total Cost": 559953.61,
        "Plan Rows": 1,
        "Plan Width": 8,
        "Actual Startup Time": 1966.809,
        "Actual Total Time": 2005.107,
        "Actual Rows": 2,
        "Actual Loops": 1,
        "Workers Planned": 1,
        "Workers Launched": 1,
        "Single Copy": false,
        "Plans": [
          {
            "Node Type": "Aggregate",
            "Strategy": "Plain",
            "Partial Mode": "Partial",
            "Parent Relationship": "Outer",
            "Parallel Aware": false,
            "Startup Cost": 558953.5,
            "Total Cost": 558953.51,
            "Plan Rows": 1,
            "Plan Width": 8,
            "Actual Startup Time": 1954.676,
            "Actual Total Time": 1954.682,
            "Actual Rows": 1,
            "Actual Loops": 2,
            "Plans": [
              {
                "Node Type": "Hash Join",
                "Parent Relationship": "Outer",
                "Parallel Aware": true,
                "Join Type": "Inner",
                "Startup Cost": 239021.44,
                "Total Cost": 552083.86,
                "Plan Rows": 2747859,
                "Plan Width": 0,
                "Actual Startup Time": 1076.995,
                "Actual Total Time": 1883.32,
                "Actual Rows": 1701955,
                "Actual Loops": 2,
                "Inner Unique": false,
                "Hash Cond": "(ci.movie_id = t.id)",
                "Plans": [
                  {
                    "Node Type": "Bitmap Heap Scan",
                    "Parent Relationship": "Outer",
                    "Parallel Aware": true,
                    "Relation Name": "cast_info",
                    "Alias": "ci",
                    "Startup Cost": 94861.54,
                    "Total Cost": 379128.22,
                    "Plan Rows": 2526374,
                    "Plan Width": 4,
                    "Actual Startup Time": 170.451,
                    "Actual Total Time": 439.26,
                    "Actual Rows": 2045723,
                    "Actual Loops": 2,
                    "Recheck Cond": "(person_id > 3307116)",
                    "Rows Removed by Index Recheck": 0,
                    "Exact Heap Blocks": 28589,
                    "Lossy Heap Blocks": 0,
                    "Plans": [
                      {
                        "Node Type": "Bitmap Index Scan",
                        "Parent Relationship": "Outer",
                        "Parallel Aware": false,
                        "Index Name": "person_id_cast_info",
                        "Startup Cost": 0.0,
                        "Total Cost": 93787.84,
                        "Plan Rows": 4294836,
                        "Plan Width": 0,
                        "Actual Startup Time": 160.43,
                        "Actual Total Time": 160.431,
                        "Actual Rows": 4091446,
                        "Actual Loops": 1,
                        "Index Cond": "(person_id > 3307116)"
                      }
                    ]
                  },
                  {
                    "Node Type": "Hash",
                    "Parent Relationship": "Inner",
                    "Parallel Aware": true,
                    "Startup Cost": 123939.71,
                    "Total Cost": 123939.71,
                    "Plan Rows": 1617615,
                    "Plan Width": 8,
                    "Actual Startup Time": 885.502,
                    "Actual Total Time": 885.505,
                    "Actual Rows": 322730,
                    "Actual Loops": 2,
                    "Hash Buckets": 4194304,
                    "Original Hash Buckets": 4194304,
                    "Hash Batches": 1,
                    "Original Hash Batches": 1,
                    "Peak Memory Usage": 58048,
                    "Plans": [
                      {
                        "Node Type": "Hash Join",
                        "Parent Relationship": "Outer",
                        "Parallel Aware": true,
                        "Join Type": "Inner",
                        "Startup Cost": 65888.86,
                        "Total Cost": 123939.71,
                        "Plan Rows": 1617615,
                        "Plan Width": 8,
                        "Actual Startup Time": 403.364,
                        "Actual Total Time": 819.334,
                        "Actual Rows": 322730,
                        "Actual Loops": 2,
                        "Inner Unique": true,
                        "Hash Cond": "(mk.movie_id = t.id)",
                        "Plans": [
                          {
                            "Node Type": "Seq Scan",
                            "Parent Relationship": "Outer",
                            "Parallel Aware": true,
                            "Relation Name": "movie_keyword",
                            "Alias": "mk",
                            "Startup Cost": 0.0,
                            "Total Cost": 51065.35,
                            "Plan Rows": 2661135,
                            "Plan Width": 4,
                            "Actual Startup Time": 0.014,
                            "Actual Total Time": 166.262,
                            "Actual Rows": 2261965,
                            "Actual Loops": 2
                          },
                          {
                            "Node Type": "Hash",
                            "Parent Relationship": "Inner",
                            "Parallel Aware": true,
                            "Startup Cost": 54588.39,
                            "Total Cost": 54588.39,
                            "Plan Rows": 904038,
                            "Plan Width": 4,
                            "Actual Startup Time": 397.549,
                            "Actual Total Time": 397.55,
                            "Actual Rows": 771632,
                            "Actual Loops": 2,
                            "Hash Buckets": 2097152,
                            "Original Hash Buckets": 2097152,
                            "Hash Batches": 1,
                            "Original Hash Batches": 1,
                            "Peak Memory Usage": 76800,
                            "Plans": [
                              {
                                "Node Type": "Seq Scan",
                                "Parent Relationship": "Outer",
                                "Parallel Aware": true,
                                "Relation Name": "title",
                                "Alias": "t",
                                "Startup Cost": 0.0,
                                "Total Cost": 54588.39,
                                "Plan Rows": 904038,
                                "Plan Width": 4,
                                "Actual Startup Time": 0.029,
                                "Actual Total Time": 162.767,
                                "Actual Rows": 771632,
                                "Actual Loops": 2,
                                "Filter": "(kind_id = 7)",
                                "Rows Removed by Filter": 492524
                              }
                            ]
                          }
                        ]
                      }
                    ]
                  }
                ]
              }
            ]
          }
        ]
      }
    ]
  },
  "Planning Time": 1.077,
  "Triggers": [],
  "Execution Time": 2005.225
}