[
    {
        "Bao": {
            "Bao prediction": "NaN",
            "Bao recommended hint": "(no hint)"
        }
    },
    {
        "Plan": {
            "Node Type": "Aggregate",
            "Strategy": "Plain",
            "Partial Mode": "Finalize",
            "Parallel Aware": false,
            "Startup Cost": 69753.37,
            "Total Cost": 69753.38,
            "Plan Rows": 1,
            "Plan Width": 8,
            "Actual Startup Time": 148.732,
            "Actual Total Time": 162.908,
            "Actual Rows": 1,
            "Actual Loops": 1,
            "Output": [
                "count(*)"
            ],
            "Plans": [
                {
                    "Node Type": "Gather",
                    "Parent Relationship": "Outer",
                    "Parallel Aware": false,
                    "Startup Cost": 69753.05,
                    "Total Cost": 69753.36,
                    "Plan Rows": 3,
                    "Plan Width": 8,
                    "Actual Startup Time": 148.448,
                    "Actual Total Time": 162.901,
                    "Actual Rows": 4,
                    "Actual Loops": 1,
                    "Output": [
                        "(PARTIAL count(*))"
                    ],
                    "Workers Planned": 3,
                    "Workers Launched": 3,
                    "Single Copy": false,
                    "Plans": [
                        {
                            "Node Type": "Aggregate",
                            "Strategy": "Plain",
                            "Partial Mode": "Partial",
                            "Parent Relationship": "Outer",
                            "Parallel Aware": false,
                            "Startup Cost": 68753.05,
                            "Total Cost": 68753.06,
                            "Plan Rows": 1,
                            "Plan Width": 8,
                            "Actual Startup Time": 139.295,
                            "Actual Total Time": 139.299,
                            "Actual Rows": 1,
                            "Actual Loops": 4,
                            "Output": [
                                "PARTIAL count(*)"
                            ],
                            "Workers": [
                                {
                                    "Worker Number": 0,
                                    "Actual Startup Time": 136.128,
                                    "Actual Total Time": 136.132,
                                    "Actual Rows": 1,
                                    "Actual Loops": 1
                                },
                                {
                                    "Worker Number": 1,
                                    "Actual Startup Time": 136.082,
                                    "Actual Total Time": 136.086,
                                    "Actual Rows": 1,
                                    "Actual Loops": 1
                                },
                                {
                                    "Worker Number": 2,
                                    "Actual Startup Time": 136.919,
                                    "Actual Total Time": 136.923,
                                    "Actual Rows": 1,
                                    "Actual Loops": 1
                                }
                            ],
                            "Plans": [
                                {
                                    "Node Type": "Nested Loop",
                                    "Parent Relationship": "Outer",
                                    "Parallel Aware": false,
                                    "Join Type": "Inner",
                                    "Startup Cost": 46819.88,
                                    "Total Cost": 68745.58,
                                    "Plan Rows": 2988,
                                    "Plan Width": 0,
                                    "Actual Startup Time": 104.352,
                                    "Actual Total Time": 138.748,
                                    "Actual Rows": 5468,
                                    "Actual Loops": 4,
                                    "Inner Unique": false,
                                    "Join Filter": "(t.id = ci.movie_id)",
                                    "Rows Removed by Join Filter": 0,
                                    "Workers": [
                                        {
                                            "Worker Number": 0,
                                            "Actual Startup Time": 101.499,
                                            "Actual Total Time": 135.495,
                                            "Actual Rows": 3514,
                                            "Actual Loops": 1
                                        },
                                        {
                                            "Worker Number": 1,
                                            "Actual Startup Time": 101.602,
                                            "Actual Total Time": 135.57,
                                            "Actual Rows": 4125,
                                            "Actual Loops": 1
                                        },
                                        {
                                            "Worker Number": 2,
                                            "Actual Startup Time": 101.72,
                                            "Actual Total Time": 136.351,
                                            "Actual Rows": 3035,
                                            "Actual Loops": 1
                                        }
                                    ],
                                    "Plans": [
                                        {
                                            "Node Type": "Hash Join",
                                            "Parent Relationship": "Outer",
                                            "Parallel Aware": true,
                                            "Join Type": "Inner",
                                            "Startup Cost": 46819.32,
                                            "Total Cost": 66257.4,
                                            "Plan Rows": 208,
                                            "Plan Width": 8,
                                            "Actual Startup Time": 104.238,
                                            "Actual Total Time": 117.381,
                                            "Actual Rows": 188,
                                            "Actual Loops": 4,
                                            "Output": [
                                                "t.id",
                                                "mc.movie_id"
                                            ],
                                            "Inner Unique": true,
                                            "Hash Cond": "(mc.movie_id = t.id)",
                                            "Workers": [
                                                {
                                                    "Worker Number": 0,
                                                    "Actual Startup Time": 101.386,
                                                    "Actual Total Time": 111.069,
                                                    "Actual Rows": 114,
                                                    "Actual Loops": 1
                                                },
                                                {
                                                    "Worker Number": 1,
                                                    "Actual Startup Time": 101.457,
                                                    "Actual Total Time": 112.494,
                                                    "Actual Rows": 141,
                                                    "Actual Loops": 1
                                                },
                                                {
                                                    "Worker Number": 2,
                                                    "Actual Startup Time": 101.569,
                                                    "Actual Total Time": 113.49,
                                                    "Actual Rows": 111,
                                                    "Actual Loops": 1
                                                }
                                            ],
                                            "Plans": [
                                                {
                                                    "Node Type": "Bitmap Heap Scan",
                                                    "Parent Relationship": "Outer",
                                                    "Parallel Aware": true,
                                                    "Relation Name": "movie_companies",
                                                    "Schema": "public",
                                                    "Alias": "mc",
                                                    "Startup Cost": 2881.86,
                                                    "Total Cost": 22207.47,
                                                    "Plan Rows": 42848,
                                                    "Plan Width": 4,
                                                    "Actual Startup Time": 10.799,
                                                    "Actual Total Time": 19.382,
                                                    "Actual Rows": 33809,
                                                    "Actual Loops": 4,
                                                    "Output": [
                                                        "mc.id",
                                                        "mc.movie_id",
                                                        "mc.company_id",
                                                        "mc.company_type_id",
                                                        "mc.note"
                                                    ],
                                                    "Recheck Cond": "(mc.company_id > 138634)",
                                                    "Rows Removed by Index Recheck": 0,
                                                    "Exact Heap Blocks": 1985,
                                                    "Lossy Heap Blocks": 0,
                                                    "Workers": [
                                                        {
                                                            "Worker Number": 0,
                                                            "Actual Startup Time": 10.787,
                                                            "Actual Total Time": 17.605,
                                                            "Actual Rows": 17371,
                                                            "Actual Loops": 1
                                                        },
                                                        {
                                                            "Worker Number": 1,
                                                            "Actual Startup Time": 10.972,
                                                            "Actual Total Time": 18.579,
                                                            "Actual Rows": 25069,
                                                            "Actual Loops": 1
                                                        },
                                                        {
                                                            "Worker Number": 2,
                                                            "Actual Startup Time": 10.756,
                                                            "Actual Total Time": 18.63,
                                                            "Actual Rows": 20527,
                                                            "Actual Loops": 1
                                                        }
                                                    ],
                                                    "Plans": [
                                                        {
                                                            "Node Type": "Bitmap Index Scan",
                                                            "Parent Relationship": "Outer",
                                                            "Parallel Aware": false,
                                                            "Index Name": "company_id_movie_companies",
                                                            "Startup Cost": 0.0,
                                                            "Total Cost": 2848.65,
                                                            "Plan Rows": 132830,
                                                            "Plan Width": 0,
                                                            "Actual Startup Time": 10.177,
                                                            "Actual Total Time": 10.178,
                                                            "Actual Rows": 135235,
                                                            "Actual Loops": 1,
                                                            "Index Cond": "(mc.company_id > 138634)"
                                                        }
                                                    ]
                                                },
                                                {
                                                    "Node Type": "Hash",
                                                    "Parent Relationship": "Inner",
                                                    "Parallel Aware": true,
                                                    "Startup Cost": 43899.01,
                                                    "Total Cost": 43899.01,
                                                    "Plan Rows": 3076,
                                                    "Plan Width": 4,
                                                    "Actual Startup Time": 92.6,
                                                    "Actual Total Time": 92.601,
                                                    "Actual Rows": 3614,
                                                    "Actual Loops": 4,
                                                    "Output": [
                                                        "t.id"
                                                    ],
                                                    "Hash Buckets": 16384,
                                                    "Original Hash Buckets": 16384,
                                                    "Hash Batches": 1,
                                                    "Original Hash Batches": 1,
                                                    "Peak Memory Usage": 736,
                                                    "Workers": [
                                                        {
                                                            "Worker Number": 0,
                                                            "Actual Startup Time": 89.466,
                                                            "Actual Total Time": 89.467,
                                                            "Actual Rows": 2313,
                                                            "Actual Loops": 1
                                                        },
                                                        {
                                                            "Worker Number": 1,
                                                            "Actual Startup Time": 89.349,
                                                            "Actual Total Time": 89.35,
                                                            "Actual Rows": 3347,
                                                            "Actual Loops": 1
                                                        },
                                                        {
                                                            "Worker Number": 2,
                                                            "Actual Startup Time": 90.268,
                                                            "Actual Total Time": 90.269,
                                                            "Actual Rows": 2453,
                                                            "Actual Loops": 1
                                                        }
                                                    ],
                                                    "Plans": [
                                                        {
                                                            "Node Type": "Seq Scan",
                                                            "Parent Relationship": "Outer",
                                                            "Parallel Aware": true,
                                                            "Relation Name": "title",
                                                            "Schema": "public",
                                                            "Alias": "t",
                                                            "Startup Cost": 0.0,
                                                            "Total Cost": 43899.01,
                                                            "Plan Rows": 3076,
                                                            "Plan Width": 4,
                                                            "Actual Startup Time": 0.171,
                                                            "Actual Total Time": 90.618,
                                                            "Actual Rows": 3614,
                                                            "Actual Loops": 4,
                                                            "Output": [
                                                                "t.id"
                                                            ],
                                                            "Filter": "(t.production_year = 1981)",
                                                            "Rows Removed by Filter": 628464,
                                                            "Workers": [
                                                                {
                                                                    "Worker Number": 0,
                                                                    "Actual Startup Time": 0.065,
                                                                    "Actual Total Time": 87.595,
                                                                    "Actual Rows": 2313,
                                                                    "Actual Loops": 1
                                                                },
                                                                {
                                                                    "Worker Number": 1,
                                                                    "Actual Startup Time": 0.159,
                                                                    "Actual Total Time": 87.276,
                                                                    "Actual Rows": 3347,
                                                                    "Actual Loops": 1
                                                                },
                                                                {
                                                                    "Worker Number": 2,
                                                                    "Actual Startup Time": 0.433,
                                                                    "Actual Total Time": 88.279,
                                                                    "Actual Rows": 2453,
                                                                    "Actual Loops": 1
                                                                }
                                                            ]
                                                        }
                                                    ]
                                                }
                                            ]
                                        },
                                        {
                                            "Node Type": "Index Only Scan",
                                            "Parent Relationship": "Inner",
                                            "Parallel Aware": false,
                                            "Scan Direction": "Forward",
                                            "Index Name": "movie_id_cast_info",
                                            "Relation Name": "cast_info",
                                            "Schema": "public",
                                            "Alias": "ci",
                                            "Startup Cost": 0.56,
                                            "Total Cost": 11.49,
                                            "Plan Rows": 38,
                                            "Plan Width": 4,
                                            "Actual Startup Time": 0.022,
                                            "Actual Total Time": 0.108,
                                            "Actual Rows": 29,
                                            "Actual Loops": 754,
                                            "Output": [
                                                "ci.movie_id"
                                            ],
                                            "Index Cond": "(ci.movie_id = mc.movie_id)",
                                            "Rows Removed by Index Recheck": 0,
                                            "Heap Fetches": 21871,
                                            "Workers": [
                                                {
                                                    "Worker Number": 0,
                                                    "Actual Startup Time": 0.039,
                                                    "Actual Total Time": 0.205,
                                                    "Actual Rows": 31,
                                                    "Actual Loops": 114
                                                },
                                                {
                                                    "Worker Number": 1,
                                                    "Actual Startup Time": 0.029,
                                                    "Actual Total Time": 0.157,
                                                    "Actual Rows": 29,
                                                    "Actual Loops": 141
                                                },
                                                {
                                                    "Worker Number": 2,
                                                    "Actual Startup Time": 0.039,
                                                    "Actual Total Time": 0.197,
                                                    "Actual Rows": 27,
                                                    "Actual Loops": 111
                                                }
                                            ]
                                        }
                                    ]
                                }
                            ]
                        }
                    ]
                }
            ]
        },
        "Planning Time": 224.643,
        "Triggers": [],
        "Execution Time": 163.012
    }
]