[
  {
    "Plan": {
      "Node Type": "Aggregate",
      "Strategy": "Plain",
      "Partial Mode": "Finalize",
      "Parallel Aware": false,
      "Startup Cost": 319051.57,
      "Total Cost": 319051.58,
      "Plan Rows": 1,
      "Plan Width": 8,
      "Actual Startup Time": 209.75,
      "Actual Total Time": 241.786,
      "Actual Rows": 1,
      "Actual Loops": 1,
      "Plans": [
        {
          "Node Type": "Gather",
          "Parent Relationship": "Outer",
          "Parallel Aware": false,
          "Startup Cost": 319051.15,
          "Total Cost": 319051.56,
          "Plan Rows": 4,
          "Plan Width": 8,
          "Actual Startup Time": 209.433,
          "Actual Total Time": 241.777,
          "Actual Rows": 5,
          "Actual Loops": 1,
          "Workers Planned": 4,
          "Workers Launched": 4,
          "Single Copy": false,
          "Plans": [
            {
              "Node Type": "Aggregate",
              "Strategy": "Plain",
              "Partial Mode": "Partial",
              "Parent Relationship": "Outer",
              "Parallel Aware": false,
              "Startup Cost": 318051.15,
              "Total Cost": 318051.16,
              "Plan Rows": 1,
              "Plan Width": 8,
              "Actual Startup Time": 200.48,
              "Actual Total Time": 200.481,
              "Actual Rows": 1,
              "Actual Loops": 5,
              "Plans": [
                {
                  "Node Type": "Nested Loop",
                  "Parent Relationship": "Outer",
                  "Parallel Aware": false,
                  "Join Type": "Inner",
                  "Startup Cost": 0.56,
                  "Total Cost": 317919.28,
                  "Plan Rows": 52745,
                  "Plan Width": 0,
                  "Actual Startup Time": 59.465,
                  "Actual Total Time": 198.289,
                  "Actual Rows": 32200,
                  "Actual Loops": 5,
                  "Inner Unique": false,
                  "Plans": [
                    {
                      "Node Type": "Seq Scan",
                      "Parent Relationship": "Outer",
                      "Parallel Aware": true,
                      "Relation Name": "title",
                      "Alias": "t",
                      "Startup Cost": 0.0,
                      "Total Cost": 45479.1,
                      "Plan Rows": 3681,
                      "Plan Width": 4,
                      "Actual Startup Time": 59.338,
                      "Actual Total Time": 83.097,
                      "Actual Rows": 11969,
                      "Actual Loops": 5,
                      "Filter": "((production_year < 1915) AND (kind_id = 1))",
                      "Rows Removed by Filter": 493693
                    },
                    {
                      "Node Type": "Index Only Scan",
                      "Parent Relationship": "Inner",
                      "Parallel Aware": false,
                      "Scan Direction": "Forward",
                      "Index Name": "movie_id_cast_info",
                      "Relation Name": "cast_info",
                      "Alias": "ci",
                      "Startup Cost": 0.56,
                      "Total Cost": 73.64,
                      "Plan Rows": 37,
                      "Plan Width": 4,
                      "Actual Startup Time": 0.006,
                      "Actual Total Time": 0.009,
                      "Actual Rows": 3,
                      "Actual Loops": 59846,
                      "Index Cond": "(movie_id = t.id)",
                      "Rows Removed by Index Recheck": 0,
                      "Heap Fetches": 160999
                    }
                  ]
                }
              ]
            }
          ]
        }
      ]
    },
    "Planning Time": 0.597,
    "Triggers": [],
    "Execution Time": 241.861
  }
]