[
  {
    "Plan": {
      "Node Type": "Aggregate",
      "Strategy": "Plain",
      "Partial Mode": "Finalize",
      "Parallel Aware": false,
      "Startup Cost": 99399.14,
      "Total Cost": 99399.15,
      "Plan Rows": 1,
      "Plan Width": 8,
      "Actual Startup Time": 131.922,
      "Actual Total Time": 155.247,
      "Actual Rows": 1,
      "Actual Loops": 1,
      "Plans": [
        {
          "Node Type": "Gather",
          "Parent Relationship": "Outer",
          "Parallel Aware": false,
          "Startup Cost": 99398.72,
          "Total Cost": 99399.13,
          "Plan Rows": 4,
          "Plan Width": 8,
          "Actual Startup Time": 131.781,
          "Actual Total Time": 155.236,
          "Actual Rows": 5,
          "Actual Loops": 1,
          "Workers Planned": 4,
          "Workers Launched": 4,
          "Single Copy": false,
          "Plans": [
            {
              "Node Type": "Aggregate",
              "Strategy": "Plain",
              "Partial Mode": "Partial",
              "Parent Relationship": "Outer",
              "Parallel Aware": false,
              "Startup Cost": 98398.72,
              "Total Cost": 98398.73,
              "Plan Rows": 1,
              "Plan Width": 8,
              "Actual Startup Time": 124.322,
              "Actual Total Time": 124.323,
              "Actual Rows": 1,
              "Actual Loops": 5,
              "Plans": [
                {
                  "Node Type": "Nested Loop",
                  "Parent Relationship": "Outer",
                  "Parallel Aware": false,
                  "Join Type": "Inner",
                  "Startup Cost": 0.56,
                  "Total Cost": 98394.1,
                  "Plan Rows": 1848,
                  "Plan Width": 0,
                  "Actual Startup Time": 4.031,
                  "Actual Total Time": 124.081,
                  "Actual Rows": 2218,
                  "Actual Loops": 5,
                  "Inner Unique": false,
                  "Plans": [
                    {
                      "Node Type": "Seq Scan",
                      "Parent Relationship": "Outer",
                      "Parallel Aware": true,
                      "Relation Name": "title",
                      "Alias": "t",
                      "Startup Cost": 0.0,
                      "Total Cost": 45479.59,
                      "Plan Rows": 403,
                      "Plan Width": 4,
                      "Actual Startup Time": 1.703,
                      "Actual Total Time": 76.826,
                      "Actual Rows": 544,
                      "Actual Loops": 5,
                      "Filter": "((kind_id < 7) AND (production_year = 1950))",
                      "Rows Removed by Filter": 505118
                    },
                    {
                      "Node Type": "Index Scan",
                      "Parent Relationship": "Inner",
                      "Parallel Aware": false,
                      "Scan Direction": "Forward",
                      "Index Name": "movie_id_cast_info",
                      "Relation Name": "cast_info",
                      "Alias": "ci",
                      "Startup Cost": 0.56,
                      "Total Cost": 131.19,
                      "Plan Rows": 11,
                      "Plan Width": 4,
                      "Actual Startup Time": 0.064,
                      "Actual Total Time": 0.086,
                      "Actual Rows": 4,
                      "Actual Loops": 2720,
                      "Index Cond": "(movie_id = t.id)",
                      "Rows Removed by Index Recheck": 0,
                      "Filter": "(person_id > 2550841)",
                      "Rows Removed by Filter": 14
                    }
                  ]
                }
              ]
            }
          ]
        }
      ]
    },
    "Planning Time": 0.639,
    "Triggers": [],
    "Execution Time": 155.327
  }
]