[
    {
        "Bao": {
            "Bao prediction": "NaN",
            "Bao recommended hint": "(no hint)"
        }
    },
    {
        "Plan": {
            "Node Type": "Aggregate",
            "Strategy": "Plain",
            "Partial Mode": "Finalize",
            "Parallel Aware": false,
            "Startup Cost": 308046.88,
            "Total Cost": 308046.89,
            "Plan Rows": 1,
            "Plan Width": 8,
            "Actual Startup Time": 188.094,
            "Actual Total Time": 192.619,
            "Actual Rows": 1,
            "Actual Loops": 1,
            "Output": [
                "count(*)"
            ],
            "Plans": [
                {
                    "Node Type": "Gather",
                    "Parent Relationship": "Outer",
                    "Parallel Aware": false,
                    "Startup Cost": 308046.25,
                    "Total Cost": 308046.86,
                    "Plan Rows": 6,
                    "Plan Width": 8,
                    "Actual Startup Time": 187.73,
                    "Actual Total Time": 192.61,
                    "Actual Rows": 7,
                    "Actual Loops": 1,
                    "Output": [
                        "(PARTIAL count(*))"
                    ],
                    "Workers Planned": 6,
                    "Workers Launched": 6,
                    "Single Copy": false,
                    "Plans": [
                        {
                            "Node Type": "Aggregate",
                            "Strategy": "Plain",
                            "Partial Mode": "Partial",
                            "Parent Relationship": "Outer",
                            "Parallel Aware": false,
                            "Startup Cost": 307046.25,
                            "Total Cost": 307046.26,
                            "Plan Rows": 1,
                            "Plan Width": 8,
                            "Actual Startup Time": 177.31,
                            "Actual Total Time": 177.312,
                            "Actual Rows": 1,
                            "Actual Loops": 7,
                            "Output": [
                                "PARTIAL count(*)"
                            ],
                            "Workers": [
                                {
                                    "Worker Number": 0,
                                    "Actual Startup Time": 174.373,
                                    "Actual Total Time": 174.374,
                                    "Actual Rows": 1,
                                    "Actual Loops": 1
                                },
                                {
                                    "Worker Number": 1,
                                    "Actual Startup Time": 175.436,
                                    "Actual Total Time": 175.437,
                                    "Actual Rows": 1,
                                    "Actual Loops": 1
                                },
                                {
                                    "Worker Number": 2,
                                    "Actual Startup Time": 175.788,
                                    "Actual Total Time": 175.789,
                                    "Actual Rows": 1,
                                    "Actual Loops": 1
                                },
                                {
                                    "Worker Number": 3,
                                    "Actual Startup Time": 175.979,
                                    "Actual Total Time": 175.98,
                                    "Actual Rows": 1,
                                    "Actual Loops": 1
                                },
                                {
                                    "Worker Number": 4,
                                    "Actual Startup Time": 176.042,
                                    "Actual Total Time": 176.043,
                                    "Actual Rows": 1,
                                    "Actual Loops": 1
                                },
                                {
                                    "Worker Number": 5,
                                    "Actual Startup Time": 176.28,
                                    "Actual Total Time": 176.282,
                                    "Actual Rows": 1,
                                    "Actual Loops": 1
                                }
                            ],
                            "Plans": [
                                {
                                    "Node Type": "Bitmap Heap Scan",
                                    "Parent Relationship": "Outer",
                                    "Parallel Aware": true,
                                    "Relation Name": "cast_info",
                                    "Schema": "public",
                                    "Alias": "ci",
                                    "Startup Cost": 48108.4,
                                    "Total Cost": 306250.95,
                                    "Plan Rows": 318119,
                                    "Plan Width": 0,
                                    "Actual Startup Time": 75.764,
                                    "Actual Total Time": 160.82,
                                    "Actual Rows": 299557,
                                    "Actual Loops": 7,
                                    "Recheck Cond": "(ci.person_id < 214060)",
                                    "Rows Removed by Index Recheck": 0,
                                    "Filter": "(ci.role_id < 10)",
                                    "Rows Removed by Filter": 13393,
                                    "Exact Heap Blocks": 5169,
                                    "Lossy Heap Blocks": 0,
                                    "Workers": [
                                        {
                                            "Worker Number": 0,
                                            "Actual Startup Time": 72.827,
                                            "Actual Total Time": 158.281,
                                            "Actual Rows": 279869,
                                            "Actual Loops": 1
                                        },
                                        {
                                            "Worker Number": 1,
                                            "Actual Startup Time": 73.888,
                                            "Actual Total Time": 159.244,
                                            "Actual Rows": 282086,
                                            "Actual Loops": 1
                                        },
                                        {
                                            "Worker Number": 2,
                                            "Actual Startup Time": 74.403,
                                            "Actual Total Time": 159.542,
                                            "Actual Rows": 281727,
                                            "Actual Loops": 1
                                        },
                                        {
                                            "Worker Number": 3,
                                            "Actual Startup Time": 74.681,
                                            "Actual Total Time": 159.737,
                                            "Actual Rows": 282751,
                                            "Actual Loops": 1
                                        },
                                        {
                                            "Worker Number": 4,
                                            "Actual Startup Time": 74.458,
                                            "Actual Total Time": 159.836,
                                            "Actual Rows": 281317,
                                            "Actual Loops": 1
                                        },
                                        {
                                            "Worker Number": 5,
                                            "Actual Startup Time": 74.819,
                                            "Actual Total Time": 159.896,
                                            "Actual Rows": 203717,
                                            "Actual Loops": 1
                                        }
                                    ],
                                    "Plans": [
                                        {
                                            "Node Type": "Bitmap Index Scan",
                                            "Parent Relationship": "Outer",
                                            "Parallel Aware": false,
                                            "Index Name": "person_id_cast_info",
                                            "Startup Cost": 0.0,
                                            "Total Cost": 47631.22,
                                            "Plan Rows": 2182221,
                                            "Plan Width": 0,
                                            "Actual Startup Time": 81.908,
                                            "Actual Total Time": 81.909,
                                            "Actual Rows": 2190648,
                                            "Actual Loops": 1,
                                            "Index Cond": "(ci.person_id < 214060)"
                                        }
                                    ]
                                }
                            ]
                        }
                    ]
                }
            ]
        },
        "Planning Time": 200.674,
        "Triggers": [],
        "Execution Time": 192.722
    }
]