[
  {
    "Plan": {
      "Node Type": "Aggregate",
      "Strategy": "Plain",
      "Partial Mode": "Finalize",
      "Parallel Aware": false,
      "Startup Cost": 131975.32,
      "Total Cost": 131975.33,
      "Plan Rows": 1,
      "Plan Width": 8,
      "Actual Startup Time": 1122.108,
      "Actual Total Time": 1143.804,
      "Actual Rows": 1,
      "Actual Loops": 1,
      "Plans": [
        {
          "Node Type": "Gather",
          "Parent Relationship": "Outer",
          "Parallel Aware": false,
          "Startup Cost": 131975.0,
          "Total Cost": 131975.31,
          "Plan Rows": 3,
          "Plan Width": 8,
          "Actual Startup Time": 1117.55,
          "Actual Total Time": 1143.796,
          "Actual Rows": 4,
          "Actual Loops": 1,
          "Workers Planned": 3,
          "Workers Launched": 3,
          "Single Copy": false,
          "Plans": [
            {
              "Node Type": "Aggregate",
              "Strategy": "Plain",
              "Partial Mode": "Partial",
              "Parent Relationship": "Outer",
              "Parallel Aware": false,
              "Startup Cost": 130975.0,
              "Total Cost": 130975.01,
              "Plan Rows": 1,
              "Plan Width": 8,
              "Actual Startup Time": 1109.89,
              "Actual Total Time": 1110.276,
              "Actual Rows": 1,
              "Actual Loops": 4,
              "Plans": [
                {
                  "Node Type": "Hash Join",
                  "Parent Relationship": "Outer",
                  "Parallel Aware": true,
                  "Join Type": "Inner",
                  "Startup Cost": 82707.3,
                  "Total Cost": 130200.59,
                  "Plan Rows": 309763,
                  "Plan Width": 0,
                  "Actual Startup Time": 494.883,
                  "Actual Total Time": 952.947,
                  "Actual Rows": 4106385,
                  "Actual Loops": 4,
                  "Inner Unique": false,
                  "Hash Cond": "(mk.movie_id = t.id)",
                  "Plans": [
                    {
                      "Node Type": "Seq Scan",
                      "Parent Relationship": "Outer",
                      "Parallel Aware": true,
                      "Relation Name": "movie_keyword",
                      "Alias": "mk",
                      "Startup Cost": 0.0,
                      "Total Cost": 42695.65,
                      "Plan Rows": 1072861,
                      "Plan Width": 4,
                      "Actual Startup Time": 0.093,
                      "Actual Total Time": 103.721,
                      "Actual Rows": 829830,
                      "Actual Loops": 4,
                      "Filter": "(keyword_id > 1512)",
                      "Rows Removed by Filter": 301153
                    },
                    {
                      "Node Type": "Hash",
                      "Parent Relationship": "Inner",
                      "Parallel Aware": true,
                      "Startup Cost": 80426.1,
                      "Total Cost": 80426.1,
                      "Plan Rows": 182496,
                      "Plan Width": 8,
                      "Actual Startup Time": 489.919,
                      "Actual Total Time": 490.303,
                      "Actual Rows": 251455,
                      "Actual Loops": 4,
                      "Hash Buckets": 1048576,
                      "Original Hash Buckets": 1048576,
                      "Hash Batches": 1,
                      "Original Hash Batches": 1,
                      "Peak Memory Usage": 47584,
                      "Plans": [
                        {
                          "Node Type": "Hash Join",
                          "Parent Relationship": "Outer",
                          "Parallel Aware": true,
                          "Join Type": "Inner",
                          "Startup Cost": 34358.31,
                          "Total Cost": 80426.1,
                          "Plan Rows": 182496,
                          "Plan Width": 8,
                          "Actual Startup Time": 147.552,
                          "Actual Total Time": 417.365,
                          "Actual Rows": 251455,
                          "Actual Loops": 4,
                          "Inner Unique": false,
                          "Hash Cond": "(t.id = mc.movie_id)",
                          "Plans": [
                            {
                              "Node Type": "Seq Scan",
                              "Parent Relationship": "Outer",
                              "Parallel Aware": true,
                              "Relation Name": "title",
                              "Alias": "t",
                              "Startup Cost": 0.0,
                              "Total Cost": 42318.73,
                              "Plan Rows": 632073,
                              "Plan Width": 4,
                              "Actual Startup Time": 0.008,
                              "Actual Total Time": 70.462,
                              "Actual Rows": 632078,
                              "Actual Loops": 4
                            },
                            {
                              "Node Type": "Hash",
                              "Parent Relationship": "Inner",
                              "Parallel Aware": true,
                              "Startup Cost": 31414.82,
                              "Total Cost": 31414.82,
                              "Plan Rows": 235479,
                              "Plan Width": 4,
                              "Actual Startup Time": 144.952,
                              "Actual Total Time": 144.953,
                              "Actual Rows": 251455,
                              "Actual Loops": 4,
                              "Hash Buckets": 1048576,
                              "Original Hash Buckets": 1048576,
                              "Hash Batches": 1,
                              "Original Hash Batches": 1,
                              "Peak Memory Usage": 47584,
                              "Plans": [
                                {
                                  "Node Type": "Seq Scan",
                                  "Parent Relationship": "Outer",
                                  "Parallel Aware": true,
                                  "Relation Name": "movie_companies",
                                  "Alias": "mc",
                                  "Startup Cost": 0.0,
                                  "Total Cost": 31414.82,
                                  "Plan Rows": 235479,
                                  "Plan Width": 4,
                                  "Actual Startup Time": 0.047,
                                  "Actual Total Time": 77.404,
                                  "Actual Rows": 251455,
                                  "Actual Loops": 4,
                                  "Filter": "((company_id < 13543) AND (company_type_id = 1))",
                                  "Rows Removed by Filter": 400827
                                }
                              ]
                            }
                          ]
                        }
                      ]
                    }
                  ]
                }
              ]
            }
          ]
        }
      ]
    },
    "Planning Time": 1.437,
    "Triggers": [],
    "Execution Time": 1143.877
  }
]