[
  {
    "Plan": {
      "Node Type": "Aggregate",
      "Strategy": "Plain",
      "Partial Mode": "Finalize",
      "Parallel Aware": false,
      "Startup Cost": 120111.54,
      "Total Cost": 120111.55,
      "Plan Rows": 1,
      "Plan Width": 8,
      "Actual Startup Time": 228.436,
      "Actual Total Time": 249.325,
      "Actual Rows": 1,
      "Actual Loops": 1,
      "Plans": [
        {
          "Node Type": "Gather",
          "Parent Relationship": "Outer",
          "Parallel Aware": false,
          "Startup Cost": 120111.02,
          "Total Cost": 120111.53,
          "Plan Rows": 5,
          "Plan Width": 8,
          "Actual Startup Time": 226.694,
          "Actual Total Time": 249.309,
          "Actual Rows": 6,
          "Actual Loops": 1,
          "Workers Planned": 5,
          "Workers Launched": 5,
          "Single Copy": false,
          "Plans": [
            {
              "Node Type": "Aggregate",
              "Strategy": "Plain",
              "Partial Mode": "Partial",
              "Parent Relationship": "Outer",
              "Parallel Aware": false,
              "Startup Cost": 119111.02,
              "Total Cost": 119111.03,
              "Plan Rows": 1,
              "Plan Width": 8,
              "Actual Startup Time": 219.703,
              "Actual Total Time": 219.76,
              "Actual Rows": 1,
              "Actual Loops": 6,
              "Plans": [
                {
                  "Node Type": "Hash Join",
                  "Parent Relationship": "Outer",
                  "Parallel Aware": true,
                  "Join Type": "Inner",
                  "Startup Cost": 45663.29,
                  "Total Cost": 119099.46,
                  "Plan Rows": 4623,
                  "Plan Width": 0,
                  "Actual Startup Time": 94.008,
                  "Actual Total Time": 219.361,
                  "Actual Rows": 7375,
                  "Actual Loops": 6,
                  "Inner Unique": true,
                  "Hash Cond": "(ci.movie_id = t.id)",
                  "Plans": [
                    {
                      "Node Type": "Index Scan",
                      "Parent Relationship": "Outer",
                      "Parallel Aware": true,
                      "Scan Direction": "Forward",
                      "Index Name": "role_id_cast_info",
                      "Relation Name": "cast_info",
                      "Alias": "ci",
                      "Startup Cost": 0.56,
                      "Total Cost": 72913.16,
                      "Plan Rows": 199460,
                      "Plan Width": 4,
                      "Actual Startup Time": 0.185,
                      "Actual Total Time": 95.687,
                      "Actual Rows": 160088,
                      "Actual Loops": 6,
                      "Index Cond": "(role_id = 4)",
                      "Rows Removed by Index Recheck": 0,
                      "Filter": "(person_id < 1346080)",
                      "Rows Removed by Filter": 294736
                    },
                    {
                      "Node Type": "Hash",
                      "Parent Relationship": "Inner",
                      "Parallel Aware": true,
                      "Startup Cost": 45479.59,
                      "Total Cost": 45479.59,
                      "Plan Rows": 14651,
                      "Plan Width": 4,
                      "Actual Startup Time": 93.19,
                      "Actual Total Time": 93.192,
                      "Actual Rows": 28982,
                      "Actual Loops": 6,
                      "Hash Buckets": 262144,
                      "Original Hash Buckets": 65536,
                      "Hash Batches": 1,
                      "Original Hash Batches": 1,
                      "Peak Memory Usage": 10496,
                      "Plans": [
                        {
                          "Node Type": "Seq Scan",
                          "Parent Relationship": "Outer",
                          "Parallel Aware": true,
                          "Relation Name": "title",
                          "Alias": "t",
                          "Startup Cost": 0.0,
                          "Total Cost": 45479.59,
                          "Plan Rows": 14651,
                          "Plan Width": 4,
                          "Actual Startup Time": 0.602,
                          "Actual Total Time": 76.281,
                          "Actual Rows": 28982,
                          "Actual Loops": 6,
                          "Filter": "((kind_id < 4) AND (production_year < 1954))",
                          "Rows Removed by Filter": 392403
                        }
                      ]
                    }
                  ]
                }
              ]
            }
          ]
        }
      ]
    },
    "Planning Time": 0.351,
    "Triggers": [],
    "Execution Time": 249.374
  }
]