{
  "Plan": {
    "Node Type": "Aggregate",
    "Strategy": "Plain",
    "Partial Mode": "Finalize",
    "Parallel Aware": false,
    "Startup Cost": 180828.62,
    "Total Cost": 180828.63,
    "Plan Rows": 1,
    "Plan Width": 8,
    "Actual Startup Time": 180.726,
    "Actual Total Time": 201.947,
    "Actual Rows": 1,
    "Actual Loops": 1,
    "Plans": [
      {
        "Node Type": "Gather",
        "Parent Relationship": "Outer",
        "Parallel Aware": false,
        "Startup Cost": 180828.51,
        "Total Cost": 180828.62,
        "Plan Rows": 1,
        "Plan Width": 8,
        "Actual Startup Time": 180.614,
        "Actual Total Time": 201.94,
        "Actual Rows": 2,
        "Actual Loops": 1,
        "Workers Planned": 1,
        "Workers Launched": 1,
        "Single Copy": false,
        "Plans": [
          {
            "Node Type": "Aggregate",
            "Strategy": "Plain",
            "Partial Mode": "Partial",
            "Parent Relationship": "Outer",
            "Parallel Aware": false,
            "Startup Cost": 179828.51,
            "Total Cost": 179828.52,
            "Plan Rows": 1,
            "Plan Width": 8,
            "Actual Startup Time": 174.704,
            "Actual Total Time": 174.706,
            "Actual Rows": 1,
            "Actual Loops": 2,
            "Plans": [
              {
                "Node Type": "Nested Loop",
                "Parent Relationship": "Outer",
                "Parallel Aware": false,
                "Join Type": "Inner",
                "Startup Cost": 0.43,
                "Total Cost": 179817.99,
                "Plan Rows": 4208,
                "Plan Width": 0,
                "Actual Startup Time": 94.688,
                "Actual Total Time": 173.949,
                "Actual Rows": 12702,
                "Actual Loops": 2,
                "Inner Unique": false,
                "Plans": [
                  {
                    "Node Type": "Seq Scan",
                    "Parent Relationship": "Outer",
                    "Parallel Aware": true,
                    "Relation Name": "title",
                    "Alias": "t",
                    "Startup Cost": 0.0,
                    "Total Cost": 58306.47,
                    "Plan Rows": 836,
                    "Plan Width": 4,
                    "Actual Startup Time": 94.617,
                    "Actual Total Time": 138.408,
                    "Actual Rows": 1272,
                    "Actual Loops": 2,
                    "Filter": "((kind_id < 7) AND (production_year = 1930))",
                    "Rows Removed by Filter": 1262884
                  },
                  {
                    "Node Type": "Index Scan",
                    "Parent Relationship": "Inner",
                    "Parallel Aware": false,
                    "Scan Direction": "Forward",
                    "Index Name": "movie_id_movie_info",
                    "Relation Name": "movie_info",
                    "Alias": "mi",
                    "Startup Cost": 0.43,
                    "Total Cost": 144.99,
                    "Plan Rows": 36,
                    "Plan Width": 4,
                    "Actual Startup Time": 0.009,
                    "Actual Total Time": 0.027,
                    "Actual Rows": 10,
                    "Actual Loops": 2543,
                    "Index Cond": "(movie_id = t.id)",
                    "Rows Removed by Index Recheck": 0,
                    "Filter": "(info_type_id > 2)",
                    "Rows Removed by Filter": 2
                  }
                ]
              }
            ]
          }
        ]
      }
    ]
  },
  "Planning Time": 0.515,
  "Triggers": [],
  "Execution Time": 202.023
}