[
  {
    "Plan": {
      "Node Type": "Aggregate",
      "Strategy": "Plain",
      "Partial Mode": "Finalize",
      "Parallel Aware": false,
      "Startup Cost": 124462.3,
      "Total Cost": 124462.31,
      "Plan Rows": 1,
      "Plan Width": 8,
      "Actual Startup Time": 390.649,
      "Actual Total Time": 404.212,
      "Actual Rows": 1,
      "Actual Loops": 1,
      "Plans": [
        {
          "Node Type": "Gather",
          "Parent Relationship": "Outer",
          "Parallel Aware": false,
          "Startup Cost": 124461.88,
          "Total Cost": 124462.29,
          "Plan Rows": 4,
          "Plan Width": 8,
          "Actual Startup Time": 388.134,
          "Actual Total Time": 404.201,
          "Actual Rows": 5,
          "Actual Loops": 1,
          "Workers Planned": 4,
          "Workers Launched": 4,
          "Single Copy": false,
          "Plans": [
            {
              "Node Type": "Aggregate",
              "Strategy": "Plain",
              "Partial Mode": "Partial",
              "Parent Relationship": "Outer",
              "Parallel Aware": false,
              "Startup Cost": 123461.88,
              "Total Cost": 123461.89,
              "Plan Rows": 1,
              "Plan Width": 8,
              "Actual Startup Time": 379.192,
              "Actual Total Time": 379.295,
              "Actual Rows": 1,
              "Actual Loops": 5,
              "Plans": [
                {
                  "Node Type": "Hash Join",
                  "Parent Relationship": "Outer",
                  "Parallel Aware": true,
                  "Join Type": "Inner",
                  "Startup Cost": 78563.08,
                  "Total Cost": 123404.89,
                  "Plan Rows": 22798,
                  "Plan Width": 0,
                  "Actual Startup Time": 238.944,
                  "Actual Total Time": 376.941,
                  "Actual Rows": 40287,
                  "Actual Loops": 5,
                  "Inner Unique": false,
                  "Hash Cond": "(t.id = mc.movie_id)",
                  "Plans": [
                    {
                      "Node Type": "Seq Scan",
                      "Parent Relationship": "Outer",
                      "Parallel Aware": true,
                      "Relation Name": "title",
                      "Alias": "t",
                      "Startup Cost": 0.0,
                      "Total Cost": 42318.81,
                      "Plan Rows": 632080,
                      "Plan Width": 4,
                      "Actual Startup Time": 0.015,
                      "Actual Total Time": 65.448,
                      "Actual Rows": 505662,
                      "Actual Loops": 5
                    },
                    {
                      "Node Type": "Hash",
                      "Parent Relationship": "Inner",
                      "Parallel Aware": true,
                      "Startup Cost": 77799.56,
                      "Total Cost": 77799.56,
                      "Plan Rows": 61082,
                      "Plan Width": 8,
                      "Actual Startup Time": 225.697,
                      "Actual Total Time": 225.799,
                      "Actual Rows": 40287,
                      "Actual Loops": 5,
                      "Hash Buckets": 262144,
                      "Original Hash Buckets": 262144,
                      "Hash Batches": 1,
                      "Original Hash Batches": 1,
                      "Peak Memory Usage": 9984,
                      "Plans": [
                        {
                          "Node Type": "Hash Join",
                          "Parent Relationship": "Outer",
                          "Parallel Aware": true,
                          "Join Type": "Inner",
                          "Startup Cost": 31195.78,
                          "Total Cost": 77799.56,
                          "Plan Rows": 61082,
                          "Plan Width": 8,
                          "Actual Startup Time": 101.469,
                          "Actual Total Time": 211.954,
                          "Actual Rows": 40287,
                          "Actual Loops": 5,
                          "Inner Unique": false,
                          "Hash Cond": "(ci.movie_id = mc.movie_id)",
                          "Plans": [
                            {
                              "Node Type": "Index Scan",
                              "Parent Relationship": "Outer",
                              "Parallel Aware": true,
                              "Scan Direction": "Forward",
                              "Index Name": "role_id_cast_info",
                              "Relation Name": "cast_info",
                              "Alias": "ci",
                              "Startup Cost": 0.56,
                              "Total Cost": 45790.64,
                              "Plan Rows": 123332,
                              "Plan Width": 4,
                              "Actual Startup Time": 0.163,
                              "Actual Total Time": 64.218,
                              "Actual Rows": 165741,
                              "Actual Loops": 5,
                              "Index Cond": "(role_id = 8)",
                              "Rows Removed by Index Recheck": 0,
                              "Filter": "(person_id > 2609521)",
                              "Rows Removed by Filter": 174967
                            },
                            {
                              "Node Type": "Hash",
                              "Parent Relationship": "Inner",
                              "Parallel Aware": true,
                              "Startup Cost": 29310.68,
                              "Total Cost": 29310.68,
                              "Plan Rows": 150763,
                              "Plan Width": 4,
                              "Actual Startup Time": 99.772,
                              "Actual Total Time": 99.774,
                              "Actual Rows": 94368,
                              "Actual Loops": 5,
                              "Hash Buckets": 524288,
                              "Original Hash Buckets": 524288,
                              "Hash Batches": 1,
                              "Original Hash Batches": 1,
                              "Peak Memory Usage": 22656,
                              "Plans": [
                                {
                                  "Node Type": "Seq Scan",
                                  "Parent Relationship": "Outer",
                                  "Parallel Aware": true,
                                  "Relation Name": "movie_companies",
                                  "Alias": "mc",
                                  "Startup Cost": 0.0,
                                  "Total Cost": 29310.68,
                                  "Plan Rows": 150763,
                                  "Plan Width": 4,
                                  "Actual Startup Time": 41.387,
                                  "Actual Total Time": 69.39,
                                  "Actual Rows": 94368,
                                  "Actual Loops": 5,
                                  "Filter": "(company_id > 75913)",
                                  "Rows Removed by Filter": 427458
                                }
                              ]
                            }
                          ]
                        }
                      ]
                    }
                  ]
                }
              ]
            }
          ]
        }
      ]
    },
    "Planning Time": 1.43,
    "Triggers": [],
    "Execution Time": 404.297
  }
]