[
  {
    "Plan": {
      "Node Type": "Aggregate",
      "Strategy": "Plain",
      "Partial Mode": "Finalize",
      "Parallel Aware": false,
      "Startup Cost": 287056.27,
      "Total Cost": 287056.28,
      "Plan Rows": 1,
      "Plan Width": 8,
      "Actual Startup Time": 1175.033,
      "Actual Total Time": 1222.749,
      "Actual Rows": 1,
      "Actual Loops": 1,
      "Plans": [
        {
          "Node Type": "Gather",
          "Parent Relationship": "Outer",
          "Parallel Aware": false,
          "Startup Cost": 287055.74,
          "Total Cost": 287056.25,
          "Plan Rows": 5,
          "Plan Width": 8,
          "Actual Startup Time": 1166.028,
          "Actual Total Time": 1222.701,
          "Actual Rows": 6,
          "Actual Loops": 1,
          "Workers Planned": 5,
          "Workers Launched": 5,
          "Single Copy": false,
          "Plans": [
            {
              "Node Type": "Aggregate",
              "Strategy": "Plain",
              "Partial Mode": "Partial",
              "Parent Relationship": "Outer",
              "Parallel Aware": false,
              "Startup Cost": 286055.74,
              "Total Cost": 286055.75,
              "Plan Rows": 1,
              "Plan Width": 8,
              "Actual Startup Time": 1157.262,
              "Actual Total Time": 1157.456,
              "Actual Rows": 1,
              "Actual Loops": 6,
              "Plans": [
                {
                  "Node Type": "Hash Join",
                  "Parent Relationship": "Outer",
                  "Parallel Aware": true,
                  "Join Type": "Inner",
                  "Startup Cost": 79649.88,
                  "Total Cost": 284489.98,
                  "Plan Rows": 626305,
                  "Plan Width": 0,
                  "Actual Startup Time": 318.744,
                  "Actual Total Time": 1091.996,
                  "Actual Rows": 1546100,
                  "Actual Loops": 6,
                  "Inner Unique": false,
                  "Hash Cond": "(mi.movie_id = t.id)",
                  "Plans": [
                    {
                      "Node Type": "Seq Scan",
                      "Parent Relationship": "Outer",
                      "Parallel Aware": true,
                      "Relation Name": "movie_info",
                      "Alias": "mi",
                      "Startup Cost": 0.0,
                      "Total Cost": 191685.19,
                      "Plan Rows": 2969219,
                      "Plan Width": 4,
                      "Actual Startup Time": 0.034,
                      "Actual Total Time": 282.54,
                      "Actual Rows": 2472620,
                      "Actual Loops": 6
                    },
                    {
                      "Node Type": "Hash",
                      "Parent Relationship": "Inner",
                      "Parallel Aware": true,
                      "Startup Cost": 77499.36,
                      "Total Cost": 77499.36,
                      "Plan Rows": 172041,
                      "Plan Width": 8,
                      "Actual Startup Time": 314.748,
                      "Actual Total Time": 314.94,
                      "Actual Rows": 111767,
                      "Actual Loops": 6,
                      "Hash Buckets": 1048576,
                      "Original Hash Buckets": 1048576,
                      "Hash Batches": 1,
                      "Original Hash Batches": 1,
                      "Peak Memory Usage": 34496,
                      "Plans": [
                        {
                          "Node Type": "Hash Join",
                          "Parent Relationship": "Outer",
                          "Parallel Aware": true,
                          "Join Type": "Inner",
                          "Startup Cost": 47059.56,
                          "Total Cost": 77499.36,
                          "Plan Rows": 172041,
                          "Plan Width": 8,
                          "Actual Startup Time": 181.694,
                          "Actual Total Time": 269.154,
                          "Actual Rows": 111767,
                          "Actual Loops": 6,
                          "Inner Unique": true,
                          "Hash Cond": "(mc.movie_id = t.id)",
                          "Plans": [
                            {
                              "Node Type": "Seq Scan",
                              "Parent Relationship": "Outer",
                              "Parallel Aware": true,
                              "Relation Name": "movie_companies",
                              "Alias": "mc",
                              "Startup Cost": 0.0,
                              "Total Cost": 29310.68,
                              "Plan Rows": 430142,
                              "Plan Width": 4,
                              "Actual Startup Time": 23.084,
                              "Actual Total Time": 49.741,
                              "Actual Rows": 222480,
                              "Actual Loops": 6,
                              "Filter": "(company_type_id = 2)",
                              "Rows Removed by Filter": 212374
                            },
                            {
                              "Node Type": "Hash",
                              "Parent Relationship": "Inner",
                              "Parallel Aware": true,
                              "Startup Cost": 43899.32,
                              "Total Cost": 43899.32,
                              "Plan Rows": 252819,
                              "Plan Width": 4,
                              "Actual Startup Time": 156.842,
                              "Actual Total Time": 156.843,
                              "Actual Rows": 170292,
                              "Actual Loops": 6,
                              "Hash Buckets": 1048576,
                              "Original Hash Buckets": 1048576,
                              "Hash Batches": 1,
                              "Original Hash Batches": 1,
                              "Peak Memory Usage": 48288,
                              "Plans": [
                                {
                                  "Node Type": "Seq Scan",
                                  "Parent Relationship": "Outer",
                                  "Parallel Aware": true,
                                  "Relation Name": "title",
                                  "Alias": "t",
                                  "Startup Cost": 0.0,
                                  "Total Cost": 43899.32,
                                  "Plan Rows": 252819,
                                  "Plan Width": 4,
                                  "Actual Startup Time": 0.041,
                                  "Actual Total Time": 84.395,
                                  "Actual Rows": 170292,
                                  "Actual Loops": 6,
                                  "Filter": "(production_year < 2000)",
                                  "Rows Removed by Filter": 251093
                                }
                              ]
                            }
                          ]
                        }
                      ]
                    }
                  ]
                }
              ]
            }
          ]
        }
      ]
    },
    "Planning Time": 1.078,
    "Triggers": [],
    "Execution Time": 1222.84
  }
]