{
  "Plan": {
    "Node Type": "Aggregate",
    "Strategy": "Plain",
    "Partial Mode": "Finalize",
    "Parallel Aware": false,
    "Startup Cost": 1608817.73,
    "Total Cost": 1608817.74,
    "Plan Rows": 1,
    "Plan Width": 8,
    "Actual Startup Time": 23851.072,
    "Actual Total Time": 23966.547,
    "Actual Rows": 1,
    "Actual Loops": 1,
    "Plans": [
      {
        "Node Type": "Gather",
        "Parent Relationship": "Outer",
        "Parallel Aware": false,
        "Startup Cost": 1608817.62,
        "Total Cost": 1608817.73,
        "Plan Rows": 1,
        "Plan Width": 8,
        "Actual Startup Time": 23831.404,
        "Actual Total Time": 23966.539,
        "Actual Rows": 2,
        "Actual Loops": 1,
        "Workers Planned": 1,
        "Workers Launched": 1,
        "Single Copy": false,
        "Plans": [
          {
            "Node Type": "Aggregate",
            "Strategy": "Plain",
            "Partial Mode": "Partial",
            "Parent Relationship": "Outer",
            "Parallel Aware": false,
            "Startup Cost": 1607817.62,
            "Total Cost": 1607817.63,
            "Plan Rows": 1,
            "Plan Width": 8,
            "Actual Startup Time": 23801.724,
            "Actual Total Time": 23801.73,
            "Actual Rows": 1,
            "Actual Loops": 2,
            "Plans": [
              {
                "Node Type": "Hash Join",
                "Parent Relationship": "Outer",
                "Parallel Aware": true,
                "Join Type": "Inner",
                "Startup Cost": 782702.2,
                "Total Cost": 1471642.88,
                "Plan Rows": 54469896,
                "Plan Width": 0,
                "Actual Startup Time": 8921.714,
                "Actual Total Time": 21082.167,
                "Actual Rows": 66733916,
                "Actual Loops": 2,
                "Inner Unique": false,
                "Hash Cond": "(mi.movie_id = t.id)",
                "Plans": [
                  {
                    "Node Type": "Seq Scan",
                    "Parent Relationship": "Outer",
                    "Parallel Aware": true,
                    "Relation Name": "movie_info",
                    "Alias": "mi",
                    "Startup Cost": 0.0,
                    "Total Cost": 248955.74,
                    "Plan Rows": 8696274,
                    "Plan Width": 4,
                    "Actual Startup Time": 0.021,
                    "Actual Total Time": 662.724,
                    "Actual Rows": 7417860,
                    "Actual Loops": 2
                  },
                  {
                    "Node Type": "Hash",
                    "Parent Relationship": "Inner",
                    "Parallel Aware": true,
                    "Startup Cost": 666259.62,
                    "Total Cost": 666259.62,
                    "Plan Rows": 9315407,
                    "Plan Width": 8,
                    "Actual Startup Time": 8852.121,
                    "Actual Total Time": 8852.125,
                    "Actual Rows": 7159936,
                    "Actual Loops": 2,
                    "Hash Buckets": 16777216,
                    "Original Hash Buckets": 16777216,
                    "Hash Batches": 1,
                    "Original Hash Batches": 1,
                    "Peak Memory Usage": 691296,
                    "Plans": [
                      {
                        "Node Type": "Hash Join",
                        "Parent Relationship": "Outer",
                        "Parallel Aware": true,
                        "Join Type": "Inner",
                        "Startup Cost": 69460.7,
                        "Total Cost": 666259.62,
                        "Plan Rows": 9315407,
                        "Plan Width": 8,
                        "Actual Startup Time": 1453.424,
                        "Actual Total Time": 6262.236,
                        "Actual Rows": 7159936,
                        "Actual Loops": 2,
                        "Inner Unique": true,
                        "Hash Cond": "(ci.movie_id = t.id)",
                        "Plans": [
                          {
                            "Node Type": "Seq Scan",
                            "Parent Relationship": "Outer",
                            "Parallel Aware": true,
                            "Relation Name": "cast_info",
                            "Alias": "ci",
                            "Startup Cost": 0.0,
                            "Total Cost": 572345.93,
                            "Plan Rows": 9315407,
                            "Plan Width": 4,
                            "Actual Startup Time": 757.44,
                            "Actual Total Time": 2047.953,
                            "Actual Rows": 7159936,
                            "Actual Loops": 2,
                            "Filter": "((person_id > 1791979) AND (role_id < 10))",
                            "Rows Removed by Filter": 10962236
                          },
                          {
                            "Node Type": "Hash",
                            "Parent Relationship": "Inner",
                            "Parallel Aware": true,
                            "Startup Cost": 50870.31,
                            "Total Cost": 50870.31,
                            "Plan Rows": 1487231,
                            "Plan Width": 4,
                            "Actual Startup Time": 680.459,
                            "Actual Total Time": 680.46,
                            "Actual Rows": 1264156,
                            "Actual Loops": 2,
                            "Hash Buckets": 4194304,
                            "Original Hash Buckets": 4194304,
                            "Hash Batches": 1,
                            "Original Hash Batches": 1,
                            "Peak Memory Usage": 131680,
                            "Plans": [
                              {
                                "Node Type": "Seq Scan",
                                "Parent Relationship": "Outer",
                                "Parallel Aware": true,
                                "Relation Name": "title",
                                "Alias": "t",
                                "Startup Cost": 0.0,
                                "Total Cost": 50870.31,
                                "Plan Rows": 1487231,
                                "Plan Width": 4,
                                "Actual Startup Time": 0.04,
                                "Actual Total Time": 215.285,
                                "Actual Rows": 1264156,
                                "Actual Loops": 2
                              }
                            ]
                          }
                        ]
                      }
                    ]
                  }
                ]
              }
            ]
          }
        ]
      }
    ]
  },
  "Planning Time": 0.532,
  "Triggers": [],
  "Execution Time": 23966.612
}