{
  "Plan": {
    "Node Type": "Aggregate",
    "Strategy": "Plain",
    "Partial Mode": "Finalize",
    "Parallel Aware": false,
    "Startup Cost": 50553.31,
    "Total Cost": 50553.32,
    "Plan Rows": 1,
    "Plan Width": 8,
    "Actual Startup Time": 61.045,
    "Actual Total Time": 66.513,
    "Actual Rows": 1,
    "Actual Loops": 1,
    "Plans": [
      {
        "Node Type": "Gather",
        "Parent Relationship": "Outer",
        "Parallel Aware": false,
        "Startup Cost": 50553.2,
        "Total Cost": 50553.31,
        "Plan Rows": 1,
        "Plan Width": 8,
        "Actual Startup Time": 60.917,
        "Actual Total Time": 66.507,
        "Actual Rows": 2,
        "Actual Loops": 1,
        "Workers Planned": 1,
        "Workers Launched": 1,
        "Single Copy": false,
        "Plans": [
          {
            "Node Type": "Aggregate",
            "Strategy": "Plain",
            "Partial Mode": "Partial",
            "Parent Relationship": "Outer",
            "Parallel Aware": false,
            "Startup Cost": 49553.2,
            "Total Cost": 49553.21,
            "Plan Rows": 1,
            "Plan Width": 8,
            "Actual Startup Time": 55.419,
            "Actual Total Time": 55.421,
            "Actual Rows": 1,
            "Actual Loops": 2,
            "Plans": [
              {
                "Node Type": "Nested Loop",
                "Parent Relationship": "Outer",
                "Parallel Aware": false,
                "Join Type": "Inner",
                "Startup Cost": 1824.19,
                "Total Cost": 49551.17,
                "Plan Rows": 810,
                "Plan Width": 0,
                "Actual Startup Time": 14.76,
                "Actual Total Time": 55.208,
                "Actual Rows": 2229,
                "Actual Loops": 2,
                "Inner Unique": false,
                "Plans": [
                  {
                    "Node Type": "Bitmap Heap Scan",
                    "Parent Relationship": "Outer",
                    "Parallel Aware": true,
                    "Relation Name": "title",
                    "Alias": "t",
                    "Startup Cost": 1823.76,
                    "Total Cost": 38723.77,
                    "Plan Rows": 1484,
                    "Plan Width": 4,
                    "Actual Startup Time": 14.589,
                    "Actual Total Time": 44.811,
                    "Actual Rows": 1520,
                    "Actual Loops": 2,
                    "Recheck Cond": "(kind_id = 3)",
                    "Rows Removed by Index Recheck": 0,
                    "Filter": "(production_year = 2002)",
                    "Rows Removed by Filter": 48748,
                    "Exact Heap Blocks": 10646,
                    "Lossy Heap Blocks": 0,
                    "Plans": [
                      {
                        "Node Type": "Bitmap Index Scan",
                        "Parent Relationship": "Outer",
                        "Parallel Aware": false,
                        "Index Name": "kind_id_title",
                        "Startup Cost": 0.0,
                        "Total Cost": 1823.13,
                        "Plan Rows": 102227,
                        "Plan Width": 0,
                        "Actual Startup Time": 14.884,
                        "Actual Total Time": 14.885,
                        "Actual Rows": 100537,
                        "Actual Loops": 1,
                        "Index Cond": "(kind_id = 3)"
                      }
                    ]
                  },
                  {
                    "Node Type": "Index Only Scan",
                    "Parent Relationship": "Inner",
                    "Parallel Aware": false,
                    "Scan Direction": "Forward",
                    "Index Name": "movie_id_movie_info_idx",
                    "Relation Name": "movie_info_idx",
                    "Alias": "mi_idx",
                    "Startup Cost": 0.43,
                    "Total Cost": 7.27,
                    "Plan Rows": 3,
                    "Plan Width": 4,
                    "Actual Startup Time": 0.006,
                    "Actual Total Time": 0.006,
                    "Actual Rows": 1,
                    "Actual Loops": 3040,
                    "Index Cond": "(movie_id = t.id)",
                    "Rows Removed by Index Recheck": 0,
                    "Heap Fetches": 4458
                  }
                ]
              }
            ]
          }
        ]
      }
    ]
  },
  "Planning Time": 0.34,
  "Triggers": [],
  "Execution Time": 66.584
}