[
  {
    "Plan": {
      "Node Type": "Aggregate",
      "Strategy": "Plain",
      "Partial Mode": "Finalize",
      "Parallel Aware": false,
      "Startup Cost": 31006.98,
      "Total Cost": 31006.99,
      "Plan Rows": 1,
      "Plan Width": 8,
      "Actual Startup Time": 93.894,
      "Actual Total Time": 101.557,
      "Actual Rows": 1,
      "Actual Loops": 1,
      "Plans": [
        {
          "Node Type": "Gather",
          "Parent Relationship": "Outer",
          "Parallel Aware": false,
          "Startup Cost": 31006.66,
          "Total Cost": 31006.97,
          "Plan Rows": 3,
          "Plan Width": 8,
          "Actual Startup Time": 93.794,
          "Actual Total Time": 101.548,
          "Actual Rows": 4,
          "Actual Loops": 1,
          "Workers Planned": 3,
          "Workers Launched": 3,
          "Single Copy": false,
          "Plans": [
            {
              "Node Type": "Aggregate",
              "Strategy": "Plain",
              "Partial Mode": "Partial",
              "Parent Relationship": "Outer",
              "Parallel Aware": false,
              "Startup Cost": 30006.66,
              "Total Cost": 30006.67,
              "Plan Rows": 1,
              "Plan Width": 8,
              "Actual Startup Time": 87.041,
              "Actual Total Time": 87.042,
              "Actual Rows": 1,
              "Actual Loops": 4,
              "Plans": [
                {
                  "Node Type": "Seq Scan",
                  "Parent Relationship": "Outer",
                  "Parallel Aware": true,
                  "Relation Name": "movie_companies",
                  "Alias": "mc",
                  "Startup Cost": 0.0,
                  "Total Cost": 29310.68,
                  "Plan Rows": 278392,
                  "Plan Width": 0,
                  "Actual Startup Time": 0.038,
                  "Actual Total Time": 74.073,
                  "Actual Rows": 214601,
                  "Actual Loops": 4,
                  "Filter": "(company_id < 2466)",
                  "Rows Removed by Filter": 437681
                }
              ]
            }
          ]
        }
      ]
    },
    "Planning Time": 0.171,
    "Triggers": [],
    "Execution Time": 101.607
  }
]