{
  "Plan": {
    "Node Type": "Aggregate",
    "Strategy": "Plain",
    "Partial Mode": "Finalize",
    "Parallel Aware": false,
    "Startup Cost": 268189.89,
    "Total Cost": 268189.9,
    "Plan Rows": 1,
    "Plan Width": 8,
    "Actual Startup Time": 859.228,
    "Actual Total Time": 882.305,
    "Actual Rows": 1,
    "Actual Loops": 1,
    "Plans": [
      {
        "Node Type": "Gather",
        "Parent Relationship": "Outer",
        "Parallel Aware": false,
        "Startup Cost": 268189.78,
        "Total Cost": 268189.89,
        "Plan Rows": 1,
        "Plan Width": 8,
        "Actual Startup Time": 853.708,
        "Actual Total Time": 882.298,
        "Actual Rows": 2,
        "Actual Loops": 1,
        "Workers Planned": 1,
        "Workers Launched": 1,
        "Single Copy": false,
        "Plans": [
          {
            "Node Type": "Aggregate",
            "Strategy": "Plain",
            "Partial Mode": "Partial",
            "Parent Relationship": "Outer",
            "Parallel Aware": false,
            "Startup Cost": 267189.78,
            "Total Cost": 267189.79,
            "Plan Rows": 1,
            "Plan Width": 8,
            "Actual Startup Time": 847.134,
            "Actual Total Time": 847.14,
            "Actual Rows": 1,
            "Actual Loops": 2,
            "Plans": [
              {
                "Node Type": "Hash Join",
                "Parent Relationship": "Outer",
                "Parallel Aware": true,
                "Join Type": "Inner",
                "Startup Cost": 246884.48,
                "Total Cost": 266829.42,
                "Plan Rows": 144143,
                "Plan Width": 0,
                "Actual Startup Time": 678.558,
                "Actual Total Time": 825.74,
                "Actual Rows": 531814,
                "Actual Loops": 2,
                "Inner Unique": false,
                "Hash Cond": "(mi_idx.movie_id = t.id)",
                "Plans": [
                  {
                    "Node Type": "Seq Scan",
                    "Parent Relationship": "Outer",
                    "Parallel Aware": true,
                    "Relation Name": "movie_info_idx",
                    "Alias": "mi_idx",
                    "Startup Cost": 0.0,
                    "Total Cost": 16052.85,
                    "Plan Rows": 811785,
                    "Plan Width": 4,
                    "Actual Startup Time": 0.026,
                    "Actual Total Time": 47.559,
                    "Actual Rows": 690018,
                    "Actual Loops": 2
                  },
                  {
                    "Node Type": "Hash",
                    "Parent Relationship": "Inner",
                    "Parallel Aware": true,
                    "Startup Cost": 243583.51,
                    "Total Cost": 243583.51,
                    "Plan Rows": 264077,
                    "Plan Width": 8,
                    "Actual Startup Time": 672.885,
                    "Actual Total Time": 672.889,
                    "Actual Rows": 214326,
                    "Actual Loops": 2,
                    "Hash Buckets": 524288,
                    "Original Hash Buckets": 524288,
                    "Hash Batches": 1,
                    "Original Hash Batches": 1,
                    "Peak Memory Usage": 20896,
                    "Plans": [
                      {
                        "Node Type": "Hash Join",
                        "Parent Relationship": "Outer",
                        "Parallel Aware": true,
                        "Join Type": "Inner",
                        "Startup Cost": 77596.35,
                        "Total Cost": 243583.51,
                        "Plan Rows": 264077,
                        "Plan Width": 8,
                        "Actual Startup Time": 549.413,
                        "Actual Total Time": 633.679,
                        "Actual Rows": 214326,
                        "Actual Loops": 2,
                        "Inner Unique": true,
                        "Hash Cond": "(mi.movie_id = t.id)",
                        "Plans": [
                          {
                            "Node Type": "Bitmap Heap Scan",
                            "Parent Relationship": "Outer",
                            "Parallel Aware": true,
                            "Relation Name": "movie_info",
                            "Alias": "mi",
                            "Startup Cost": 8135.65,
                            "Total Cost": 173429.61,
                            "Plan Rows": 264077,
                            "Plan Width": 4,
                            "Actual Startup Time": 16.145,
                            "Actual Total Time": 40.752,
                            "Actual Rows": 214326,
                            "Actual Loops": 2,
                            "Recheck Cond": "(info_type_id > 104)",
                            "Rows Removed by Index Recheck": 0,
                            "Exact Heap Blocks": 2733,
                            "Lossy Heap Blocks": 0,
                            "Plans": [
                              {
                                "Node Type": "Bitmap Index Scan",
                                "Parent Relationship": "Outer",
                                "Parallel Aware": false,
                                "Index Name": "info_type_id_movie_info",
                                "Startup Cost": 0.0,
                                "Total Cost": 8023.42,
                                "Plan Rows": 448931,
                                "Plan Width": 0,
                                "Actual Startup Time": 15.43,
                                "Actual Total Time": 15.43,
                                "Actual Rows": 428651,
                                "Actual Loops": 1,
                                "Index Cond": "(info_type_id > 104)"
                              }
                            ]
                          },
                          {
                            "Node Type": "Hash",
                            "Parent Relationship": "Inner",
                            "Parallel Aware": true,
                            "Startup Cost": 50870.31,
                            "Total Cost": 50870.31,
                            "Plan Rows": 1487231,
                            "Plan Width": 4,
                            "Actual Startup Time": 514.74,
                            "Actual Total Time": 514.741,
                            "Actual Rows": 1264156,
                            "Actual Loops": 2,
                            "Hash Buckets": 4194304,
                            "Original Hash Buckets": 4194304,
                            "Hash Batches": 1,
                            "Original Hash Batches": 1,
                            "Peak Memory Usage": 131712,
                            "Plans": [
                              {
                                "Node Type": "Seq Scan",
                                "Parent Relationship": "Outer",
                                "Parallel Aware": true,
                                "Relation Name": "title",
                                "Alias": "t",
                                "Startup Cost": 0.0,
                                "Total Cost": 50870.31,
                                "Plan Rows": 1487231,
                                "Plan Width": 4,
                                "Actual Startup Time": 0.037,
                                "Actual Total Time": 154.222,
                                "Actual Rows": 1264156,
                                "Actual Loops": 2
                              }
                            ]
                          }
                        ]
                      }
                    ]
                  }
                ]
              }
            ]
          }
        ]
      }
    ]
  },
  "Planning Time": 0.836,
  "Triggers": [],
  "Execution Time": 882.403
}