{
  "Plan": {
    "Node Type": "Aggregate",
    "Strategy": "Plain",
    "Partial Mode": "Finalize",
    "Parallel Aware": false,
    "Startup Cost": 313817.71,
    "Total Cost": 313817.72,
    "Plan Rows": 1,
    "Plan Width": 8,
    "Actual Startup Time": 1591.296,
    "Actual Total Time": 1635.183,
    "Actual Rows": 1,
    "Actual Loops": 1,
    "Plans": [
      {
        "Node Type": "Gather",
        "Parent Relationship": "Outer",
        "Parallel Aware": false,
        "Startup Cost": 313817.6,
        "Total Cost": 313817.71,
        "Plan Rows": 1,
        "Plan Width": 8,
        "Actual Startup Time": 1590.887,
        "Actual Total Time": 1635.174,
        "Actual Rows": 2,
        "Actual Loops": 1,
        "Workers Planned": 1,
        "Workers Launched": 1,
        "Single Copy": false,
        "Plans": [
          {
            "Node Type": "Aggregate",
            "Strategy": "Plain",
            "Partial Mode": "Partial",
            "Parent Relationship": "Outer",
            "Parallel Aware": false,
            "Startup Cost": 312817.6,
            "Total Cost": 312817.61,
            "Plan Rows": 1,
            "Plan Width": 8,
            "Actual Startup Time": 1584.745,
            "Actual Total Time": 1584.75,
            "Actual Rows": 1,
            "Actual Loops": 2,
            "Plans": [
              {
                "Node Type": "Hash Join",
                "Parent Relationship": "Outer",
                "Parallel Aware": true,
                "Join Type": "Inner",
                "Startup Cost": 40091.03,
                "Total Cost": 311874.51,
                "Plan Rows": 377233,
                "Plan Width": 0,
                "Actual Startup Time": 89.935,
                "Actual Total Time": 1564.338,
                "Actual Rows": 440582,
                "Actual Loops": 2,
                "Inner Unique": true,
                "Hash Cond": "(mi.movie_id = t.id)",
                "Plans": [
                  {
                    "Node Type": "Seq Scan",
                    "Parent Relationship": "Outer",
                    "Parallel Aware": true,
                    "Relation Name": "movie_info",
                    "Alias": "mi",
                    "Startup Cost": 0.0,
                    "Total Cost": 248955.74,
                    "Plan Rows": 8696274,
                    "Plan Width": 4,
                    "Actual Startup Time": 0.01,
                    "Actual Total Time": 649.628,
                    "Actual Rows": 7417860,
                    "Actual Loops": 2
                  },
                  {
                    "Node Type": "Hash",
                    "Parent Relationship": "Inner",
                    "Parallel Aware": true,
                    "Startup Cost": 39284.6,
                    "Total Cost": 39284.6,
                    "Plan Rows": 64514,
                    "Plan Width": 4,
                    "Actual Startup Time": 66.873,
                    "Actual Total Time": 66.875,
                    "Actual Rows": 58959,
                    "Actual Loops": 2,
                    "Hash Buckets": 131072,
                    "Original Hash Buckets": 131072,
                    "Hash Batches": 1,
                    "Original Hash Batches": 1,
                    "Peak Memory Usage": 5696,
                    "Plans": [
                      {
                        "Node Type": "Bitmap Heap Scan",
                        "Parent Relationship": "Outer",
                        "Parallel Aware": true,
                        "Relation Name": "title",
                        "Alias": "t",
                        "Startup Cost": 2208.36,
                        "Total Cost": 39284.6,
                        "Plan Rows": 64514,
                        "Plan Width": 4,
                        "Actual Startup Time": 15.691,
                        "Actual Total Time": 53.822,
                        "Actual Rows": 58959,
                        "Actual Loops": 2,
                        "Recheck Cond": "(kind_id = 4)",
                        "Rows Removed by Index Recheck": 0,
                        "Filter": "(production_year > 1954)",
                        "Rows Removed by Filter": 158,
                        "Exact Heap Blocks": 9945,
                        "Lossy Heap Blocks": 0,
                        "Plans": [
                          {
                            "Node Type": "Bitmap Index Scan",
                            "Parent Relationship": "Outer",
                            "Parallel Aware": false,
                            "Index Name": "kind_id_title",
                            "Startup Cost": 0.0,
                            "Total Cost": 2180.94,
                            "Plan Rows": 122201,
                            "Plan Width": 0,
                            "Actual Startup Time": 15.083,
                            "Actual Total Time": 15.083,
                            "Actual Rows": 118234,
                            "Actual Loops": 1,
                            "Index Cond": "(kind_id = 4)"
                          }
                        ]
                      }
                    ]
                  }
                ]
              }
            ]
          }
        ]
      }
    ]
  },
  "Planning Time": 0.45,
  "Triggers": [],
  "Execution Time": 1635.291
}