[
  {
    "Plan": {
      "Node Type": "Aggregate",
      "Strategy": "Plain",
      "Partial Mode": "Finalize",
      "Parallel Aware": false,
      "Startup Cost": 339638.25,
      "Total Cost": 339638.26,
      "Plan Rows": 1,
      "Plan Width": 8,
      "Actual Startup Time": 824.014,
      "Actual Total Time": 877.752,
      "Actual Rows": 1,
      "Actual Loops": 1,
      "Plans": [
        {
          "Node Type": "Gather",
          "Parent Relationship": "Outer",
          "Parallel Aware": false,
          "Startup Cost": 339637.63,
          "Total Cost": 339638.24,
          "Plan Rows": 6,
          "Plan Width": 8,
          "Actual Startup Time": 823.818,
          "Actual Total Time": 877.739,
          "Actual Rows": 7,
          "Actual Loops": 1,
          "Workers Planned": 6,
          "Workers Launched": 6,
          "Single Copy": false,
          "Plans": [
            {
              "Node Type": "Aggregate",
              "Strategy": "Plain",
              "Partial Mode": "Partial",
              "Parent Relationship": "Outer",
              "Parallel Aware": false,
              "Startup Cost": 338637.63,
              "Total Cost": 338637.64,
              "Plan Rows": 1,
              "Plan Width": 8,
              "Actual Startup Time": 816.279,
              "Actual Total Time": 816.282,
              "Actual Rows": 1,
              "Actual Loops": 7,
              "Plans": [
                {
                  "Node Type": "Seq Scan",
                  "Parent Relationship": "Outer",
                  "Parallel Aware": true,
                  "Relation Name": "cast_info",
                  "Alias": "ci",
                  "Startup Cost": 0.0,
                  "Total Cost": 328211.39,
                  "Plan Rows": 4170494,
                  "Plan Width": 0,
                  "Actual Startup Time": 0.043,
                  "Actual Total Time": 644.836,
                  "Actual Rows": 3591905,
                  "Actual Loops": 7,
                  "Filter": "(person_id < 2592313)",
                  "Rows Removed by Filter": 1585859
                }
              ]
            }
          ]
        }
      ]
    },
    "Planning Time": 0.083,
    "Triggers": [],
    "Execution Time": 877.793
  }
]