[
  {
    "Plan": {
      "Node Type": "Aggregate",
      "Strategy": "Plain",
      "Partial Mode": "Finalize",
      "Parallel Aware": false,
      "Startup Cost": 108805.61,
      "Total Cost": 108805.62,
      "Plan Rows": 1,
      "Plan Width": 8,
      "Actual Startup Time": 334.529,
      "Actual Total Time": 354.333,
      "Actual Rows": 1,
      "Actual Loops": 1,
      "Plans": [
        {
          "Node Type": "Gather",
          "Parent Relationship": "Outer",
          "Parallel Aware": false,
          "Startup Cost": 108805.29,
          "Total Cost": 108805.6,
          "Plan Rows": 3,
          "Plan Width": 8,
          "Actual Startup Time": 333.991,
          "Actual Total Time": 354.326,
          "Actual Rows": 4,
          "Actual Loops": 1,
          "Workers Planned": 3,
          "Workers Launched": 3,
          "Single Copy": false,
          "Plans": [
            {
              "Node Type": "Aggregate",
              "Strategy": "Plain",
              "Partial Mode": "Partial",
              "Parent Relationship": "Outer",
              "Parallel Aware": false,
              "Startup Cost": 107805.29,
              "Total Cost": 107805.3,
              "Plan Rows": 1,
              "Plan Width": 8,
              "Actual Startup Time": 328.085,
              "Actual Total Time": 328.089,
              "Actual Rows": 1,
              "Actual Loops": 4,
              "Plans": [
                {
                  "Node Type": "Nested Loop",
                  "Parent Relationship": "Outer",
                  "Parallel Aware": false,
                  "Join Type": "Inner",
                  "Startup Cost": 44098.53,
                  "Total Cost": 107729.83,
                  "Plan Rows": 30183,
                  "Plan Width": 0,
                  "Actual Startup Time": 140.656,
                  "Actual Total Time": 327.25,
                  "Actual Rows": 12948,
                  "Actual Loops": 4,
                  "Inner Unique": false,
                  "Join Filter": "(t.id = mc.movie_id)",
                  "Rows Removed by Join Filter": 0,
                  "Plans": [
                    {
                      "Node Type": "Hash Join",
                      "Parent Relationship": "Outer",
                      "Parallel Aware": true,
                      "Join Type": "Inner",
                      "Startup Cost": 44098.1,
                      "Total Cost": 89845.88,
                      "Plan Rows": 29250,
                      "Plan Width": 8,
                      "Actual Startup Time": 140.575,
                      "Actual Total Time": 299.769,
                      "Actual Rows": 4716,
                      "Actual Loops": 4,
                      "Inner Unique": true,
                      "Hash Cond": "(mk.movie_id = t.id)",
                      "Plans": [
                        {
                          "Node Type": "Seq Scan",
                          "Parent Relationship": "Outer",
                          "Parallel Aware": true,
                          "Relation Name": "movie_keyword",
                          "Alias": "mk",
                          "Startup Cost": 0.0,
                          "Total Cost": 42695.65,
                          "Plan Rows": 1162718,
                          "Plan Width": 4,
                          "Actual Startup Time": 0.034,
                          "Actual Total Time": 126.934,
                          "Actual Rows": 905151,
                          "Actual Loops": 4,
                          "Filter": "(keyword_id < 20441)",
                          "Rows Removed by Filter": 225832
                        },
                        {
                          "Node Type": "Hash",
                          "Parent Relationship": "Inner",
                          "Parallel Aware": true,
                          "Startup Cost": 43899.32,
                          "Total Cost": 43899.32,
                          "Plan Rows": 15902,
                          "Plan Width": 4,
                          "Actual Startup Time": 102.362,
                          "Actual Total Time": 102.363,
                          "Actual Rows": 16879,
                          "Actual Loops": 4,
                          "Hash Buckets": 131072,
                          "Original Hash Buckets": 65536,
                          "Hash Batches": 1,
                          "Original Hash Batches": 1,
                          "Peak Memory Usage": 4288,
                          "Plans": [
                            {
                              "Node Type": "Seq Scan",
                              "Parent Relationship": "Outer",
                              "Parallel Aware": true,
                              "Relation Name": "title",
                              "Alias": "t",
                              "Startup Cost": 0.0,
                              "Total Cost": 43899.32,
                              "Plan Rows": 15902,
                              "Plan Width": 4,
                              "Actual Startup Time": 52.603,
                              "Actual Total Time": 93.771,
                              "Actual Rows": 16879,
                              "Actual Loops": 4,
                              "Filter": "(production_year < 1916)",
                              "Rows Removed by Filter": 615199
                            }
                          ]
                        }
                      ]
                    },
                    {
                      "Node Type": "Index Only Scan",
                      "Parent Relationship": "Inner",
                      "Parallel Aware": false,
                      "Scan Direction": "Forward",
                      "Index Name": "movie_id_movie_companies",
                      "Relation Name": "movie_companies",
                      "Alias": "mc",
                      "Startup Cost": 0.43,
                      "Total Cost": 0.55,
                      "Plan Rows": 5,
                      "Plan Width": 4,
                      "Actual Startup Time": 0.004,
                      "Actual Total Time": 0.005,
                      "Actual Rows": 3,
                      "Actual Loops": 18864,
                      "Index Cond": "(movie_id = mk.movie_id)",
                      "Rows Removed by Index Recheck": 0,
                      "Heap Fetches": 51793
                    }
                  ]
                }
              ]
            }
          ]
        }
      ]
    },
    "Planning Time": 0.609,
    "Triggers": [],
    "Execution Time": 354.382
  }
]