[
  {
    "Plan": {
      "Node Type": "Aggregate",
      "Strategy": "Plain",
      "Partial Mode": "Finalize",
      "Parallel Aware": false,
      "Startup Cost": 686282.32,
      "Total Cost": 686282.33,
      "Plan Rows": 1,
      "Plan Width": 96,
      "Actual Startup Time": 2706.138,
      "Actual Total Time": 2867.939,
      "Actual Rows": 1,
      "Actual Loops": 1,
      "Plans": [
        {
          "Node Type": "Gather",
          "Parent Relationship": "Outer",
          "Parallel Aware": false,
          "Startup Cost": 686281.88,
          "Total Cost": 686282.29,
          "Plan Rows": 4,
          "Plan Width": 96,
          "Actual Startup Time": 2699.293,
          "Actual Total Time": 2867.924,
          "Actual Rows": 5,
          "Actual Loops": 1,
          "Workers Planned": 4,
          "Workers Launched": 4,
          "Single Copy": false,
          "Plans": [
            {
              "Node Type": "Aggregate",
              "Strategy": "Plain",
              "Partial Mode": "Partial",
              "Parent Relationship": "Outer",
              "Parallel Aware": false,
              "Startup Cost": 685281.88,
              "Total Cost": 685281.89,
              "Plan Rows": 1,
              "Plan Width": 96,
              "Actual Startup Time": 2689.293,
              "Actual Total Time": 2689.422,
              "Actual Rows": 1,
              "Actual Loops": 5,
              "Plans": [
                {
                  "Node Type": "Hash Join",
                  "Parent Relationship": "Outer",
                  "Parallel Aware": true,
                  "Join Type": "Inner",
                  "Startup Cost": 615566.75,
                  "Total Cost": 685281.85,
                  "Plan Rows": 4,
                  "Plan Width": 66,
                  "Actual Startup Time": 2458.599,
                  "Actual Total Time": 2686.022,
                  "Actual Rows": 17096,
                  "Actual Loops": 5,
                  "Inner Unique": false,
                  "Hash Cond": "(n.id = ci.person_id)",
                  "Plans": [
                    {
                      "Node Type": "Seq Scan",
                      "Parent Relationship": "Outer",
                      "Parallel Aware": true,
                      "Relation Name": "name",
                      "Alias": "n",
                      "Startup Cost": 0.0,
                      "Total Cost": 68635.58,
                      "Plan Rows": 287866,
                      "Plan Width": 4,
                      "Actual Startup Time": 0.034,
                      "Actual Total Time": 158.186,
                      "Actual Rows": 347916,
                      "Actual Loops": 5,
                      "Filter": "((gender IS NOT NULL) AND ((gender)::text = 'm'::text))",
                      "Rows Removed by Filter": 485582
                    },
                    {
                      "Node Type": "Hash",
                      "Parent Relationship": "Inner",
                      "Parallel Aware": true,
                      "Startup Cost": 615566.62,
                      "Total Cost": 615566.62,
                      "Plan Rows": 11,
                      "Plan Width": 70,
                      "Actual Startup Time": 2457.47,
                      "Actual Total Time": 2457.596,
                      "Actual Rows": 35523,
                      "Actual Loops": 5,
                      "Hash Buckets": 262144,
                      "Original Hash Buckets": 1024,
                      "Hash Batches": 1,
                      "Original Hash Batches": 1,
                      "Peak Memory Usage": 15800,
                      "Plans": [
                        {
                          "Node Type": "Hash Join",
                          "Parent Relationship": "Outer",
                          "Parallel Aware": true,
                          "Join Type": "Inner",
                          "Startup Cost": 261932.93,
                          "Total Cost": 615566.62,
                          "Plan Rows": 11,
                          "Plan Width": 70,
                          "Actual Startup Time": 1025.584,
                          "Actual Total Time": 2379.79,
                          "Actual Rows": 35523,
                          "Actual Loops": 5,
                          "Inner Unique": false,
                          "Hash Cond": "(ci.movie_id = t.id)",
                          "Plans": [
                            {
                              "Node Type": "Seq Scan",
                              "Parent Relationship": "Outer",
                              "Parallel Aware": true,
                              "Relation Name": "cast_info",
                              "Alias": "ci",
                              "Startup Cost": 0.0,
                              "Total Cost": 350807.07,
                              "Plan Rows": 753763,
                              "Plan Width": 8,
                              "Actual Startup Time": 0.035,
                              "Actual Total Time": 1190.147,
                              "Actual Rows": 896875,
                              "Actual Loops": 5,
                              "Filter": "(note = ANY ('{(writer),(uncredited),\"(executive producer)\",(producer),(voice)}'::text[]))",
                              "Rows Removed by Filter": 6351994
                            },
                            {
                              "Node Type": "Hash",
                              "Parent Relationship": "Inner",
                              "Parallel Aware": true,
                              "Startup Cost": 261932.88,
                              "Total Cost": 261932.88,
                              "Plan Rows": 4,
                              "Plan Width": 78,
                              "Actual Startup Time": 1025.214,
                              "Actual Total Time": 1025.337,
                              "Actual Rows": 8879,
                              "Actual Loops": 5,
                              "Hash Buckets": 65536,
                              "Original Hash Buckets": 1024,
                              "Hash Batches": 1,
                              "Original Hash Batches": 1,
                              "Peak Memory Usage": 4376,
                              "Plans": [
                                {
                                  "Node Type": "Hash Join",
                                  "Parent Relationship": "Outer",
                                  "Parallel Aware": true,
                                  "Join Type": "Inner",
                                  "Startup Cost": 214983.4,
                                  "Total Cost": 261932.88,
                                  "Plan Rows": 4,
                                  "Plan Width": 78,
                                  "Actual Startup Time": 780.616,
                                  "Actual Total Time": 966.007,
                                  "Actual Rows": 8879,
                                  "Actual Loops": 5,
                                  "Inner Unique": false,
                                  "Hash Cond": "(t.id = mi.movie_id)",
                                  "Plans": [
                                    {
                                      "Node Type": "Seq Scan",
                                      "Parent Relationship": "Outer",
                                      "Parallel Aware": true,
                                      "Relation Name": "title",
                                      "Alias": "t",
                                      "Startup Cost": 0.0,
                                      "Total Cost": 45478.74,
                                      "Plan Rows": 392195,
                                      "Plan Width": 21,
                                      "Actual Startup Time": 0.032,
                                      "Actual Total Time": 121.066,
                                      "Actual Rows": 313411,
                                      "Actual Loops": 5,
                                      "Filter": "((production_year >= 1997) AND (production_year <= 2013))",
                                      "Rows Removed by Filter": 192252
                                    },
                                    {
                                      "Node Type": "Hash",
                                      "Parent Relationship": "Inner",
                                      "Parallel Aware": true,
                                      "Startup Cost": 214983.33,
                                      "Total Cost": 214983.33,
                                      "Plan Rows": 5,
                                      "Plan Width": 57,
                                      "Actual Startup Time": 779.734,
                                      "Actual Total Time": 779.854,
                                      "Actual Rows": 18540,
                                      "Actual Loops": 5,
                                      "Hash Buckets": 131072,
                                      "Original Hash Buckets": 1024,
                                      "Hash Batches": 1,
                                      "Original Hash Batches": 1,
                                      "Peak Memory Usage": 7256,
                                      "Plans": [
                                        {
                                          "Node Type": "Hash Join",
                                          "Parent Relationship": "Outer",
                                          "Parallel Aware": true,
                                          "Join Type": "Inner",
                                          "Startup Cost": 15743.69,
                                          "Total Cost": 214983.33,
                                          "Plan Rows": 5,
                                          "Plan Width": 57,
                                          "Actual Startup Time": 661.829,
                                          "Actual Total Time": 755.208,
                                          "Actual Rows": 18540,
                                          "Actual Loops": 5,
                                          "Inner Unique": false,
                                          "Hash Cond": "(mi.movie_id = mi_idx.movie_id)",
                                          "Plans": [
                                            {
                                              "Node Type": "Hash Join",
                                              "Parent Relationship": "Outer",
                                              "Parallel Aware": false,
                                              "Join Type": "Inner",
                                              "Startup Cost": 2.43,
                                              "Total Cost": 199240.25,
                                              "Plan Rows": 479,
                                              "Plan Width": 47,
                                              "Actual Startup Time": 543.454,
                                              "Actual Total Time": 614.497,
                                              "Actual Rows": 56274,
                                              "Actual Loops": 5,
                                              "Inner Unique": true,
                                              "Hash Cond": "(mi.info_type_id = it1.id)",
                                              "Plans": [
                                                {
                                                  "Node Type": "Seq Scan",
                                                  "Parent Relationship": "Outer",
                                                  "Parallel Aware": true,
                                                  "Relation Name": "movie_info",
                                                  "Alias": "mi",
                                                  "Startup Cost": 0.0,
                                                  "Total Cost": 199090.3,
                                                  "Plan Rows": 54169,
                                                  "Plan Width": 51,
                                                  "Actual Startup Time": 396.065,
                                                  "Actual Total Time": 604.436,
                                                  "Actual Rows": 56581,
                                                  "Actual Loops": 5,
                                                  "Filter": "((note IS NULL) AND (info = ANY ('{Family,Drama}'::text[])))",
                                                  "Rows Removed by Filter": 2910563
                                                },
                                                {
                                                  "Node Type": "Hash",
                                                  "Parent Relationship": "Inner",
                                                  "Parallel Aware": false,
                                                  "Startup Cost": 2.41,
                                                  "Total Cost": 2.41,
                                                  "Plan Rows": 1,
                                                  "Plan Width": 4,
                                                  "Actual Startup Time": 0.034,
                                                  "Actual Total Time": 0.035,
                                                  "Actual Rows": 1,
                                                  "Actual Loops": 5,
                                                  "Hash Buckets": 1024,
                                                  "Original Hash Buckets": 1024,
                                                  "Hash Batches": 1,
                                                  "Original Hash Batches": 1,
                                                  "Peak Memory Usage": 9,
                                                  "Plans": [
                                                    {
                                                      "Node Type": "Seq Scan",
                                                      "Parent Relationship": "Outer",
                                                      "Parallel Aware": false,
                                                      "Relation Name": "info_type",
                                                      "Alias": "it1",
                                                      "Startup Cost": 0.0,
                                                      "Total Cost": 2.41,
                                                      "Plan Rows": 1,
                                                      "Plan Width": 4,
                                                      "Actual Startup Time": 0.016,
                                                      "Actual Total Time": 0.024,
                                                      "Actual Rows": 1,
                                                      "Actual Loops": 5,
                                                      "Filter": "((info)::text = 'genres'::text)",
                                                      "Rows Removed by Filter": 112
                                                    }
                                                  ]
                                                }
                                              ]
                                            },
                                            {
                                              "Node Type": "Hash",
                                              "Parent Relationship": "Inner",
                                              "Parallel Aware": true,
                                              "Startup Cost": 15717.22,
                                              "Total Cost": 15717.22,
                                              "Plan Rows": 1924,
                                              "Plan Width": 10,
                                              "Actual Startup Time": 118.111,
                                              "Actual Total Time": 118.114,
                                              "Actual Rows": 72049,
                                              "Actual Loops": 5,
                                              "Hash Buckets": 524288,
                                              "Original Hash Buckets": 8192,
                                              "Hash Batches": 1,
                                              "Original Hash Batches": 1,
                                              "Peak Memory Usage": 22304,
                                              "Plans": [
                                                {
                                                  "Node Type": "Hash Join",
                                                  "Parent Relationship": "Outer",
                                                  "Parallel Aware": false,
                                                  "Join Type": "Inner",
                                                  "Startup Cost": 2.43,
                                                  "Total Cost": 15717.22,
                                                  "Plan Rows": 1924,
                                                  "Plan Width": 10,
                                                  "Actual Startup Time": 0.234,
                                                  "Actual Total Time": 75.631,
                                                  "Actual Rows": 72049,
                                                  "Actual Loops": 5,
                                                  "Inner Unique": true,
                                                  "Hash Cond": "(mi_idx.info_type_id = it2.id)",
                                                  "Plans": [
                                                    {
                                                      "Node Type": "Seq Scan",
                                                      "Parent Relationship": "Outer",
                                                      "Parallel Aware": true,
                                                      "Relation Name": "movie_info_idx",
                                                      "Alias": "mi_idx",
                                                      "Startup Cost": 0.0,
                                                      "Total Cost": 15122.68,
                                                      "Plan Rows": 217412,
                                                      "Plan Width": 14,
                                                      "Actual Startup Time": 0.082,
                                                      "Actual Total Time": 58.465,
                                                      "Actual Rows": 105255,
                                                      "Actual Loops": 5,
                                                      "Filter": "(info > '5'::text)",
                                                      "Rows Removed by Filter": 170752
                                                    },
                                                    {
                                                      "Node Type": "Hash",
                                                      "Parent Relationship": "Inner",
                                                      "Parallel Aware": false,
                                                      "Startup Cost": 2.41,
                                                      "Total Cost": 2.41,
                                                      "Plan Rows": 1,
                                                      "Plan Width": 4,
                                                      "Actual Startup Time": 0.11,
                                                      "Actual Total Time": 0.111,
                                                      "Actual Rows": 1,
                                                      "Actual Loops": 5,
                                                      "Hash Buckets": 1024,
                                                      "Original Hash Buckets": 1024,
                                                      "Hash Batches": 1,
                                                      "Original Hash Batches": 1,
                                                      "Peak Memory Usage": 9,
                                                      "Plans": [
                                                        {
                                                          "Node Type": "Seq Scan",
                                                          "Parent Relationship": "Outer",
                                                          "Parallel Aware": false,
                                                          "Relation Name": "info_type",
                                                          "Alias": "it2",
                                                          "Startup Cost": 0.0,
                                                          "Total Cost": 2.41,
                                                          "Plan Rows": 1,
                                                          "Plan Width": 4,
                                                          "Actual Startup Time": 0.086,
                                                          "Actual Total Time": 0.091,
                                                          "Actual Rows": 1,
                                                          "Actual Loops": 5,
                                                          "Filter": "((info)::text = 'rating'::text)",
                                                          "Rows Removed by Filter": 112
                                                        }
                                                      ]
                                                    }
                                                  ]
                                                }
                                              ]
                                            }
                                          ]
                                        }
                                      ]
                                    }
                                  ]
                                }
                              ]
                            }
                          ]
                        }
                      ]
                    }
                  ]
                }
              ]
            }
          ]
        }
      ]
    },
    "Planning Time": 8.922,
    "Triggers": [],
    "Execution Time": 2868.499
  }
]