{
  "Plan": {
    "Node Type": "Aggregate",
    "Strategy": "Plain",
    "Partial Mode": "Finalize",
    "Parallel Aware": false,
    "Startup Cost": 331179.69,
    "Total Cost": 331179.7,
    "Plan Rows": 1,
    "Plan Width": 8,
    "Actual Startup Time": 1297.759,
    "Actual Total Time": 1346.853,
    "Actual Rows": 1,
    "Actual Loops": 1,
    "Plans": [
      {
        "Node Type": "Gather",
        "Parent Relationship": "Outer",
        "Parallel Aware": false,
        "Startup Cost": 331179.58,
        "Total Cost": 331179.69,
        "Plan Rows": 1,
        "Plan Width": 8,
        "Actual Startup Time": 1297.609,
        "Actual Total Time": 1346.843,
        "Actual Rows": 2,
        "Actual Loops": 1,
        "Workers Planned": 1,
        "Workers Launched": 1,
        "Single Copy": false,
        "Plans": [
          {
            "Node Type": "Aggregate",
            "Strategy": "Plain",
            "Partial Mode": "Partial",
            "Parent Relationship": "Outer",
            "Parallel Aware": false,
            "Startup Cost": 330179.58,
            "Total Cost": 330179.59,
            "Plan Rows": 1,
            "Plan Width": 8,
            "Actual Startup Time": 1291.873,
            "Actual Total Time": 1291.876,
            "Actual Rows": 1,
            "Actual Loops": 2,
            "Plans": [
              {
                "Node Type": "Hash Join",
                "Parent Relationship": "Outer",
                "Parallel Aware": true,
                "Join Type": "Inner",
                "Startup Cost": 58347.78,
                "Total Cost": 330131.27,
                "Plan Rows": 19324,
                "Plan Width": 0,
                "Actual Startup Time": 138.628,
                "Actual Total Time": 1290.123,
                "Actual Rows": 31678,
                "Actual Loops": 2,
                "Inner Unique": true,
                "Hash Cond": "(mi.movie_id = t.id)",
                "Plans": [
                  {
                    "Node Type": "Seq Scan",
                    "Parent Relationship": "Outer",
                    "Parallel Aware": true,
                    "Relation Name": "movie_info",
                    "Alias": "mi",
                    "Startup Cost": 0.0,
                    "Total Cost": 248955.74,
                    "Plan Rows": 8696274,
                    "Plan Width": 4,
                    "Actual Startup Time": 0.009,
                    "Actual Total Time": 596.096,
                    "Actual Rows": 7417860,
                    "Actual Loops": 2
                  },
                  {
                    "Node Type": "Hash",
                    "Parent Relationship": "Inner",
                    "Parallel Aware": true,
                    "Startup Cost": 58306.47,
                    "Total Cost": 58306.47,
                    "Plan Rows": 3305,
                    "Plan Width": 4,
                    "Actual Startup Time": 137.081,
                    "Actual Total Time": 137.082,
                    "Actual Rows": 3116,
                    "Actual Loops": 2,
                    "Hash Buckets": 8192,
                    "Original Hash Buckets": 8192,
                    "Hash Batches": 1,
                    "Original Hash Batches": 1,
                    "Peak Memory Usage": 352,
                    "Plans": [
                      {
                        "Node Type": "Seq Scan",
                        "Parent Relationship": "Outer",
                        "Parallel Aware": true,
                        "Relation Name": "title",
                        "Alias": "t",
                        "Startup Cost": 0.0,
                        "Total Cost": 58306.47,
                        "Plan Rows": 3305,
                        "Plan Width": 4,
                        "Actual Startup Time": 1.114,
                        "Actual Total Time": 136.01,
                        "Actual Rows": 3116,
                        "Actual Loops": 2,
                        "Filter": "((kind_id < 7) AND (production_year = 1970))",
                        "Rows Removed by Filter": 1261040
                      }
                    ]
                  }
                ]
              }
            ]
          }
        ]
      }
    ]
  },
  "Planning Time": 0.411,
  "Triggers": [],
  "Execution Time": 1346.931
}