[
  {
    "Plan": {
      "Node Type": "Aggregate",
      "Strategy": "Plain",
      "Partial Mode": "Finalize",
      "Parallel Aware": false,
      "Startup Cost": 35268.45,
      "Total Cost": 35268.46,
      "Plan Rows": 1,
      "Plan Width": 8,
      "Actual Startup Time": 92.457,
      "Actual Total Time": 100.361,
      "Actual Rows": 1,
      "Actual Loops": 1,
      "Plans": [
        {
          "Node Type": "Gather",
          "Parent Relationship": "Outer",
          "Parallel Aware": false,
          "Startup Cost": 35268.13,
          "Total Cost": 35268.44,
          "Plan Rows": 3,
          "Plan Width": 8,
          "Actual Startup Time": 92.093,
          "Actual Total Time": 100.35,
          "Actual Rows": 4,
          "Actual Loops": 1,
          "Workers Planned": 3,
          "Workers Launched": 3,
          "Single Copy": false,
          "Plans": [
            {
              "Node Type": "Aggregate",
              "Strategy": "Plain",
              "Partial Mode": "Partial",
              "Parent Relationship": "Outer",
              "Parallel Aware": false,
              "Startup Cost": 34268.13,
              "Total Cost": 34268.14,
              "Plan Rows": 1,
              "Plan Width": 8,
              "Actual Startup Time": 88.259,
              "Actual Total Time": 88.261,
              "Actual Rows": 1,
              "Actual Loops": 4,
              "Plans": [
                {
                  "Node Type": "Bitmap Heap Scan",
                  "Parent Relationship": "Outer",
                  "Parallel Aware": true,
                  "Relation Name": "movie_keyword",
                  "Alias": "mk",
                  "Startup Cost": 7991.57,
                  "Total Cost": 33964.37,
                  "Plan Rows": 121504,
                  "Plan Width": 0,
                  "Actual Startup Time": 21.971,
                  "Actual Total Time": 82.986,
                  "Actual Rows": 94390,
                  "Actual Loops": 4,
                  "Recheck Cond": "(keyword_id > 45125)",
                  "Rows Removed by Index Recheck": 0,
                  "Exact Heap Blocks": 9175,
                  "Lossy Heap Blocks": 0,
                  "Plans": [
                    {
                      "Node Type": "Bitmap Index Scan",
                      "Parent Relationship": "Outer",
                      "Parallel Aware": false,
                      "Index Name": "keyword_id_movie_keyword",
                      "Startup Cost": 0.0,
                      "Total Cost": 7897.4,
                      "Plan Rows": 376663,
                      "Plan Width": 0,
                      "Actual Startup Time": 22.151,
                      "Actual Total Time": 22.151,
                      "Actual Rows": 377561,
                      "Actual Loops": 1,
                      "Index Cond": "(keyword_id > 45125)"
                    }
                  ]
                }
              ]
            }
          ]
        }
      ]
    },
    "Planning Time": 0.086,
    "Triggers": [],
    "Execution Time": 100.398
  }
]