{
  "Plan": {
    "Node Type": "Aggregate",
    "Strategy": "Plain",
    "Partial Mode": "Finalize",
    "Parallel Aware": false,
    "Startup Cost": 747384.0,
    "Total Cost": 747384.01,
    "Plan Rows": 1,
    "Plan Width": 8,
    "Actual Startup Time": 4128.14,
    "Actual Total Time": 4165.068,
    "Actual Rows": 1,
    "Actual Loops": 1,
    "Plans": [
      {
        "Node Type": "Gather",
        "Parent Relationship": "Outer",
        "Parallel Aware": false,
        "Startup Cost": 747383.89,
        "Total Cost": 747384.0,
        "Plan Rows": 1,
        "Plan Width": 8,
        "Actual Startup Time": 3833.281,
        "Actual Total Time": 4165.053,
        "Actual Rows": 2,
        "Actual Loops": 1,
        "Workers Planned": 1,
        "Workers Launched": 1,
        "Single Copy": false,
        "Plans": [
          {
            "Node Type": "Aggregate",
            "Strategy": "Plain",
            "Partial Mode": "Partial",
            "Parent Relationship": "Outer",
            "Parallel Aware": false,
            "Startup Cost": 746383.89,
            "Total Cost": 746383.9,
            "Plan Rows": 1,
            "Plan Width": 8,
            "Actual Startup Time": 3960.525,
            "Actual Total Time": 3960.534,
            "Actual Rows": 1,
            "Actual Loops": 2,
            "Plans": [
              {
                "Node Type": "Merge Join",
                "Parent Relationship": "Outer",
                "Parallel Aware": false,
                "Join Type": "Inner",
                "Startup Cost": 705844.31,
                "Total Cost": 742327.83,
                "Plan Rows": 1622424,
                "Plan Width": 0,
                "Actual Startup Time": 3107.62,
                "Actual Total Time": 3840.326,
                "Actual Rows": 3235144,
                "Actual Loops": 2,
                "Inner Unique": false,
                "Merge Cond": "(t.id = mk.movie_id)",
                "Plans": [
                  {
                    "Node Type": "Sort",
                    "Parent Relationship": "Outer",
                    "Parallel Aware": false,
                    "Startup Cost": 403258.45,
                    "Total Cost": 408119.85,
                    "Plan Rows": 1944562,
                    "Plan Width": 8,
                    "Actual Startup Time": 2348.314,
                    "Actual Total Time": 2497.992,
                    "Actual Rows": 1541422,
                    "Actual Loops": 2,
                    "Sort Key": [
                      "ci.movie_id"
                    ],
                    "Sort Method": "quicksort",
                    "Sort Space Used": 112736,
                    "Sort Space Type": "Memory",
                    "Workers": [
                      {
                        "Worker Number": 0,
                        "Sort Method": "quicksort",
                        "Sort Space Used": 130077,
                        "Sort Space Type": "Memory"
                      }
                    ],
                    "Plans": [
                      {
                        "Node Type": "Hash Join",
                        "Parent Relationship": "Outer",
                        "Parallel Aware": true,
                        "Join Type": "Inner",
                        "Startup Cost": 69775.59,
                        "Total Cost": 200139.09,
                        "Plan Rows": 1944562,
                        "Plan Width": 8,
                        "Actual Startup Time": 510.281,
                        "Actual Total Time": 1914.431,
                        "Actual Rows": 1541423,
                        "Actual Loops": 2,
                        "Inner Unique": true,
                        "Hash Cond": "(ci.movie_id = t.id)",
                        "Plans": [
                          {
                            "Node Type": "Index Scan",
                            "Parent Relationship": "Outer",
                            "Parallel Aware": true,
                            "Scan Direction": "Forward",
                            "Index Name": "role_id_cast_info",
                            "Relation Name": "cast_info",
                            "Alias": "ci",
                            "Startup Cost": 0.56,
                            "Total Cost": 124115.52,
                            "Plan Rows": 2380394,
                            "Plan Width": 4,
                            "Actual Startup Time": 0.048,
                            "Actual Total Time": 346.842,
                            "Actual Rows": 2004018,
                            "Actual Loops": 2,
                            "Index Cond": "(role_id = 3)",
                            "Rows Removed by Index Recheck": 0
                          },
                          {
                            "Node Type": "Hash",
                            "Parent Relationship": "Inner",
                            "Parallel Aware": true,
                            "Startup Cost": 54588.39,
                            "Total Cost": 54588.39,
                            "Plan Rows": 1214931,
                            "Plan Width": 4,
                            "Actual Startup Time": 495.556,
                            "Actual Total Time": 495.558,
                            "Actual Rows": 1032276,
                            "Actual Loops": 2,
                            "Hash Buckets": 2097152,
                            "Original Hash Buckets": 2097152,
                            "Hash Batches": 1,
                            "Original Hash Batches": 1,
                            "Peak Memory Usage": 97184,
                            "Plans": [
                              {
                                "Node Type": "Seq Scan",
                                "Parent Relationship": "Outer",
                                "Parallel Aware": true,
                                "Relation Name": "title",
                                "Alias": "t",
                                "Startup Cost": 0.0,
                                "Total Cost": 54588.39,
                                "Plan Rows": 1214931,
                                "Plan Width": 4,
                                "Actual Startup Time": 0.039,
                                "Actual Total Time": 206.346,
                                "Actual Rows": 1032276,
                                "Actual Loops": 2,
                                "Filter": "(production_year < 2011)",
                                "Rows Removed by Filter": 231880
                              }
                            ]
                          }
                        ]
                      }
                    ]
                  },
                  {
                    "Node Type": "Sort",
                    "Parent Relationship": "Inner",
                    "Parallel Aware": false,
                    "Startup Cost": 302584.79,
                    "Total Cost": 307858.43,
                    "Plan Rows": 2109454,
                    "Plan Width": 4,
                    "Actual Startup Time": 759.276,
                    "Actual Total Time": 911.878,
                    "Actual Rows": 4116774,
                    "Actual Loops": 2,
                    "Sort Key": [
                      "mk.movie_id"
                    ],
                    "Sort Method": "quicksort",
                    "Sort Space Used": 197354,
                    "Sort Space Type": "Memory",
                    "Workers": [
                      {
                        "Worker Number": 0,
                        "Sort Method": "quicksort",
                        "Sort Space Used": 197354,
                        "Sort Space Type": "Memory"
                      }
                    ],
                    "Plans": [
                      {
                        "Node Type": "Seq Scan",
                        "Parent Relationship": "Outer",
                        "Parallel Aware": false,
                        "Relation Name": "movie_keyword",
                        "Alias": "mk",
                        "Startup Cost": 0.0,
                        "Total Cost": 81003.12,
                        "Plan Rows": 2109454,
                        "Plan Width": 4,
                        "Actual Startup Time": 0.033,
                        "Actual Total Time": 377.574,
                        "Actual Rows": 2113052,
                        "Actual Loops": 2,
                        "Filter": "(keyword_id < 3843)",
                        "Rows Removed by Filter": 2410878
                      }
                    ]
                  }
                ]
              }
            ]
          }
        ]
      }
    ]
  },
  "Planning Time": 1.036,
  "Triggers": [],
  "Execution Time": 4181.363
}