[
  {
    "Plan": {
      "Node Type": "Aggregate",
      "Strategy": "Plain",
      "Partial Mode": "Finalize",
      "Parallel Aware": false,
      "Startup Cost": 339024.36,
      "Total Cost": 339024.37,
      "Plan Rows": 1,
      "Plan Width": 8,
      "Actual Startup Time": 717.221,
      "Actual Total Time": 778.88,
      "Actual Rows": 1,
      "Actual Loops": 1,
      "Plans": [
        {
          "Node Type": "Gather",
          "Parent Relationship": "Outer",
          "Parallel Aware": false,
          "Startup Cost": 339023.73,
          "Total Cost": 339024.34,
          "Plan Rows": 6,
          "Plan Width": 8,
          "Actual Startup Time": 717.068,
          "Actual Total Time": 778.871,
          "Actual Rows": 7,
          "Actual Loops": 1,
          "Workers Planned": 6,
          "Workers Launched": 6,
          "Single Copy": false,
          "Plans": [
            {
              "Node Type": "Aggregate",
              "Strategy": "Plain",
              "Partial Mode": "Partial",
              "Parent Relationship": "Outer",
              "Parallel Aware": false,
              "Startup Cost": 338023.73,
              "Total Cost": 338023.74,
              "Plan Rows": 1,
              "Plan Width": 8,
              "Actual Startup Time": 708.594,
              "Actual Total Time": 708.595,
              "Actual Rows": 1,
              "Actual Loops": 7,
              "Plans": [
                {
                  "Node Type": "Seq Scan",
                  "Parent Relationship": "Outer",
                  "Parallel Aware": true,
                  "Relation Name": "cast_info",
                  "Alias": "ci",
                  "Startup Cost": 0.0,
                  "Total Cost": 328162.03,
                  "Plan Rows": 3944683,
                  "Plan Width": 0,
                  "Actual Startup Time": 0.043,
                  "Actual Total Time": 572.222,
                  "Actual Rows": 3386174,
                  "Actual Loops": 7,
                  "Filter": "(person_id < 2428700)",
                  "Rows Removed by Filter": 1791589
                }
              ]
            }
          ]
        }
      ]
    },
    "Planning Time": 0.198,
    "Triggers": [],
    "Execution Time": 778.954
  }
]