[
    {
        "Bao": {
            "Bao prediction": "NaN",
            "Bao recommended hint": "(no hint)"
        }
    },
    {
        "Plan": {
            "Node Type": "Aggregate",
            "Strategy": "Plain",
            "Partial Mode": "Finalize",
            "Parallel Aware": false,
            "Startup Cost": 75194.33,
            "Total Cost": 75194.34,
            "Plan Rows": 1,
            "Plan Width": 8,
            "Actual Startup Time": 209.399,
            "Actual Total Time": 219.725,
            "Actual Rows": 1,
            "Actual Loops": 1,
            "Output": [
                "count(*)"
            ],
            "Plans": [
                {
                    "Node Type": "Gather",
                    "Parent Relationship": "Outer",
                    "Parallel Aware": false,
                    "Startup Cost": 75194.01,
                    "Total Cost": 75194.32,
                    "Plan Rows": 3,
                    "Plan Width": 8,
                    "Actual Startup Time": 208.914,
                    "Actual Total Time": 219.713,
                    "Actual Rows": 4,
                    "Actual Loops": 1,
                    "Output": [
                        "(PARTIAL count(*))"
                    ],
                    "Workers Planned": 3,
                    "Workers Launched": 3,
                    "Single Copy": false,
                    "Plans": [
                        {
                            "Node Type": "Aggregate",
                            "Strategy": "Plain",
                            "Partial Mode": "Partial",
                            "Parent Relationship": "Outer",
                            "Parallel Aware": false,
                            "Startup Cost": 74194.01,
                            "Total Cost": 74194.02,
                            "Plan Rows": 1,
                            "Plan Width": 8,
                            "Actual Startup Time": 200.256,
                            "Actual Total Time": 200.26,
                            "Actual Rows": 1,
                            "Actual Loops": 4,
                            "Output": [
                                "PARTIAL count(*)"
                            ],
                            "Workers": [
                                {
                                    "Worker Number": 0,
                                    "Actual Startup Time": 197.423,
                                    "Actual Total Time": 197.426,
                                    "Actual Rows": 1,
                                    "Actual Loops": 1
                                },
                                {
                                    "Worker Number": 1,
                                    "Actual Startup Time": 197.495,
                                    "Actual Total Time": 197.499,
                                    "Actual Rows": 1,
                                    "Actual Loops": 1
                                },
                                {
                                    "Worker Number": 2,
                                    "Actual Startup Time": 197.888,
                                    "Actual Total Time": 197.891,
                                    "Actual Rows": 1,
                                    "Actual Loops": 1
                                }
                            ],
                            "Plans": [
                                {
                                    "Node Type": "Hash Join",
                                    "Parent Relationship": "Outer",
                                    "Parallel Aware": true,
                                    "Join Type": "Inner",
                                    "Startup Cost": 44162.37,
                                    "Total Cost": 74171.83,
                                    "Plan Rows": 8873,
                                    "Plan Width": 0,
                                    "Actual Startup Time": 116.508,
                                    "Actual Total Time": 199.8,
                                    "Actual Rows": 6224,
                                    "Actual Loops": 4,
                                    "Inner Unique": true,
                                    "Hash Cond": "(mc.movie_id = t.id)",
                                    "Workers": [
                                        {
                                            "Worker Number": 0,
                                            "Actual Startup Time": 113.549,
                                            "Actual Total Time": 196.965,
                                            "Actual Rows": 7277,
                                            "Actual Loops": 1
                                        },
                                        {
                                            "Worker Number": 1,
                                            "Actual Startup Time": 113.698,
                                            "Actual Total Time": 196.997,
                                            "Actual Rows": 4710,
                                            "Actual Loops": 1
                                        },
                                        {
                                            "Worker Number": 2,
                                            "Actual Startup Time": 114.112,
                                            "Actual Total Time": 197.414,
                                            "Actual Rows": 7233,
                                            "Actual Loops": 1
                                        }
                                    ],
                                    "Plans": [
                                        {
                                            "Node Type": "Seq Scan",
                                            "Parent Relationship": "Outer",
                                            "Parallel Aware": true,
                                            "Relation Name": "movie_companies",
                                            "Schema": "public",
                                            "Alias": "mc",
                                            "Startup Cost": 0.0,
                                            "Total Cost": 29310.68,
                                            "Plan Rows": 266201,
                                            "Plan Width": 4,
                                            "Actual Startup Time": 12.111,
                                            "Actual Total Time": 67.113,
                                            "Actual Rows": 206893,
                                            "Actual Loops": 4,
                                            "Output": [
                                                "mc.id",
                                                "mc.movie_id",
                                                "mc.company_id",
                                                "mc.company_type_id",
                                                "mc.note"
                                            ],
                                            "Filter": "(mc.company_id > 27604)",
                                            "Rows Removed by Filter": 445390,
                                            "Workers": [
                                                {
                                                    "Worker Number": 0,
                                                    "Actual Startup Time": 12.065,
                                                    "Actual Total Time": 66.876,
                                                    "Actual Rows": 244103,
                                                    "Actual Loops": 1
                                                },
                                                {
                                                    "Worker Number": 1,
                                                    "Actual Startup Time": 12.105,
                                                    "Actual Total Time": 68.021,
                                                    "Actual Rows": 152647,
                                                    "Actual Loops": 1
                                                },
                                                {
                                                    "Worker Number": 2,
                                                    "Actual Startup Time": 12.11,
                                                    "Actual Total Time": 66.63,
                                                    "Actual Rows": 242943,
                                                    "Actual Loops": 1
                                                }
                                            ]
                                        },
                                        {
                                            "Node Type": "Hash",
                                            "Parent Relationship": "Inner",
                                            "Parallel Aware": true,
                                            "Startup Cost": 43899.01,
                                            "Total Cost": 43899.01,
                                            "Plan Rows": 21069,
                                            "Plan Width": 4,
                                            "Actual Startup Time": 103.126,
                                            "Actual Total Time": 103.127,
                                            "Actual Rows": 21148,
                                            "Actual Loops": 4,
                                            "Output": [
                                                "t.id"
                                            ],
                                            "Hash Buckets": 131072,
                                            "Original Hash Buckets": 131072,
                                            "Hash Batches": 1,
                                            "Original Hash Batches": 1,
                                            "Peak Memory Usage": 4384,
                                            "Workers": [
                                                {
                                                    "Worker Number": 0,
                                                    "Actual Startup Time": 100.625,
                                                    "Actual Total Time": 100.626,
                                                    "Actual Rows": 20443,
                                                    "Actual Loops": 1
                                                },
                                                {
                                                    "Worker Number": 1,
                                                    "Actual Startup Time": 100.795,
                                                    "Actual Total Time": 100.796,
                                                    "Actual Rows": 14846,
                                                    "Actual Loops": 1
                                                },
                                                {
                                                    "Worker Number": 2,
                                                    "Actual Startup Time": 101.162,
                                                    "Actual Total Time": 101.163,
                                                    "Actual Rows": 20745,
                                                    "Actual Loops": 1
                                                }
                                            ],
                                            "Plans": [
                                                {
                                                    "Node Type": "Seq Scan",
                                                    "Parent Relationship": "Outer",
                                                    "Parallel Aware": true,
                                                    "Relation Name": "title",
                                                    "Schema": "public",
                                                    "Alias": "t",
                                                    "Startup Cost": 0.0,
                                                    "Total Cost": 43899.01,
                                                    "Plan Rows": 21069,
                                                    "Plan Width": 4,
                                                    "Actual Startup Time": 0.051,
                                                    "Actual Total Time": 93.812,
                                                    "Actual Rows": 21148,
                                                    "Actual Loops": 4,
                                                    "Output": [
                                                        "t.id"
                                                    ],
                                                    "Filter": "(t.production_year = 2004)",
                                                    "Rows Removed by Filter": 610930,
                                                    "Workers": [
                                                        {
                                                            "Worker Number": 0,
                                                            "Actual Startup Time": 0.067,
                                                            "Actual Total Time": 92.04,
                                                            "Actual Rows": 20443,
                                                            "Actual Loops": 1
                                                        },
                                                        {
                                                            "Worker Number": 1,
                                                            "Actual Startup Time": 0.052,
                                                            "Actual Total Time": 92.403,
                                                            "Actual Rows": 14846,
                                                            "Actual Loops": 1
                                                        },
                                                        {
                                                            "Worker Number": 2,
                                                            "Actual Startup Time": 0.068,
                                                            "Actual Total Time": 92.187,
                                                            "Actual Rows": 20745,
                                                            "Actual Loops": 1
                                                        }
                                                    ]
                                                }
                                            ]
                                        }
                                    ]
                                }
                            ]
                        }
                    ]
                }
            ]
        },
        "Planning Time": 304.466,
        "Triggers": [],
        "Execution Time": 219.824
    }
]