[
  {
    "Plan": {
      "Node Type": "Aggregate",
      "Strategy": "Plain",
      "Partial Mode": "Finalize",
      "Parallel Aware": false,
      "Startup Cost": 95640.1,
      "Total Cost": 95640.11,
      "Plan Rows": 1,
      "Plan Width": 8,
      "Actual Startup Time": 394.021,
      "Actual Total Time": 412.511,
      "Actual Rows": 1,
      "Actual Loops": 1,
      "Plans": [
        {
          "Node Type": "Gather",
          "Parent Relationship": "Outer",
          "Parallel Aware": false,
          "Startup Cost": 95639.89,
          "Total Cost": 95640.1,
          "Plan Rows": 2,
          "Plan Width": 8,
          "Actual Startup Time": 391.384,
          "Actual Total Time": 412.502,
          "Actual Rows": 3,
          "Actual Loops": 1,
          "Workers Planned": 2,
          "Workers Launched": 2,
          "Single Copy": false,
          "Plans": [
            {
              "Node Type": "Aggregate",
              "Strategy": "Plain",
              "Partial Mode": "Partial",
              "Parent Relationship": "Outer",
              "Parallel Aware": false,
              "Startup Cost": 94639.89,
              "Total Cost": 94639.9,
              "Plan Rows": 1,
              "Plan Width": 8,
              "Actual Startup Time": 385.18,
              "Actual Total Time": 385.187,
              "Actual Rows": 1,
              "Actual Loops": 3,
              "Plans": [
                {
                  "Node Type": "Hash Join",
                  "Parent Relationship": "Outer",
                  "Parallel Aware": true,
                  "Join Type": "Inner",
                  "Startup Cost": 78623.24,
                  "Total Cost": 94563.39,
                  "Plan Rows": 30597,
                  "Plan Width": 0,
                  "Actual Startup Time": 339.817,
                  "Actual Total Time": 383.848,
                  "Actual Rows": 29640,
                  "Actual Loops": 3,
                  "Inner Unique": false,
                  "Hash Cond": "(mi_idx.movie_id = t.id)",
                  "Plans": [
                    {
                      "Node Type": "Seq Scan",
                      "Parent Relationship": "Outer",
                      "Parallel Aware": true,
                      "Relation Name": "movie_info_idx",
                      "Alias": "mi_idx",
                      "Startup Cost": 0.0,
                      "Total Cost": 13685.15,
                      "Plan Rows": 575015,
                      "Plan Width": 4,
                      "Actual Startup Time": 0.021,
                      "Actual Total Time": 36.664,
                      "Actual Rows": 460012,
                      "Actual Loops": 3
                    },
                    {
                      "Node Type": "Hash",
                      "Parent Relationship": "Inner",
                      "Parallel Aware": true,
                      "Startup Cost": 78080.74,
                      "Total Cost": 78080.74,
                      "Plan Rows": 43400,
                      "Plan Width": 8,
                      "Actual Startup Time": 305.225,
                      "Actual Total Time": 305.229,
                      "Actual Rows": 15941,
                      "Actual Loops": 3,
                      "Hash Buckets": 262144,
                      "Original Hash Buckets": 262144,
                      "Hash Batches": 1,
                      "Original Hash Batches": 1,
                      "Peak Memory Usage": 3936,
                      "Plans": [
                        {
                          "Node Type": "Hash Join",
                          "Parent Relationship": "Outer",
                          "Parallel Aware": true,
                          "Join Type": "Inner",
                          "Startup Cost": 46289.28,
                          "Total Cost": 78080.74,
                          "Plan Rows": 43400,
                          "Plan Width": 8,
                          "Actual Startup Time": 223.762,
                          "Actual Total Time": 300.228,
                          "Actual Rows": 15941,
                          "Actual Loops": 3,
                          "Inner Unique": true,
                          "Hash Cond": "(mc.movie_id = t.id)",
                          "Plans": [
                            {
                              "Node Type": "Seq Scan",
                              "Parent Relationship": "Outer",
                              "Parallel Aware": true,
                              "Relation Name": "movie_companies",
                              "Alias": "mc",
                              "Startup Cost": 0.0,
                              "Total Cost": 31414.82,
                              "Plan Rows": 143482,
                              "Plan Width": 4,
                              "Actual Startup Time": 13.248,
                              "Actual Total Time": 73.114,
                              "Actual Rows": 40571,
                              "Actual Loops": 3,
                              "Filter": "((company_id > 21319) AND (company_type_id = 1))",
                              "Rows Removed by Filter": 829139
                            },
                            {
                              "Node Type": "Hash",
                              "Parent Relationship": "Inner",
                              "Parallel Aware": true,
                              "Startup Cost": 43899.32,
                              "Total Cost": 43899.32,
                              "Plan Rows": 191197,
                              "Plan Width": 4,
                              "Actual Startup Time": 207.503,
                              "Actual Total Time": 207.505,
                              "Actual Rows": 260892,
                              "Actual Loops": 3,
                              "Hash Buckets": 1048576,
                              "Original Hash Buckets": 1048576,
                              "Hash Batches": 1,
                              "Original Hash Batches": 1,
                              "Peak Memory Usage": 38880,
                              "Plans": [
                                {
                                  "Node Type": "Seq Scan",
                                  "Parent Relationship": "Outer",
                                  "Parallel Aware": true,
                                  "Relation Name": "title",
                                  "Alias": "t",
                                  "Startup Cost": 0.0,
                                  "Total Cost": 43899.32,
                                  "Plan Rows": 191197,
                                  "Plan Width": 4,
                                  "Actual Startup Time": 0.043,
                                  "Actual Total Time": 120.244,
                                  "Actual Rows": 260892,
                                  "Actual Loops": 3,
                                  "Filter": "(production_year < 1994)",
                                  "Rows Removed by Filter": 581878
                                }
                              ]
                            }
                          ]
                        }
                      ]
                    }
                  ]
                }
              ]
            }
          ]
        }
      ]
    },
    "Planning Time": 0.57,
    "Triggers": [],
    "Execution Time": 412.556
  }
]