[
  {
    "Plan": {
      "Node Type": "Aggregate",
      "Strategy": "Plain",
      "Partial Mode": "Finalize",
      "Parallel Aware": false,
      "Startup Cost": 33052.19,
      "Total Cost": 33052.2,
      "Plan Rows": 1,
      "Plan Width": 8,
      "Actual Startup Time": 115.965,
      "Actual Total Time": 126.063,
      "Actual Rows": 1,
      "Actual Loops": 1,
      "Plans": [
        {
          "Node Type": "Gather",
          "Parent Relationship": "Outer",
          "Parallel Aware": false,
          "Startup Cost": 33051.87,
          "Total Cost": 33052.18,
          "Plan Rows": 3,
          "Plan Width": 8,
          "Actual Startup Time": 115.839,
          "Actual Total Time": 126.054,
          "Actual Rows": 4,
          "Actual Loops": 1,
          "Workers Planned": 3,
          "Workers Launched": 3,
          "Single Copy": false,
          "Plans": [
            {
              "Node Type": "Aggregate",
              "Strategy": "Plain",
              "Partial Mode": "Partial",
              "Parent Relationship": "Outer",
              "Parallel Aware": false,
              "Startup Cost": 32051.87,
              "Total Cost": 32051.88,
              "Plan Rows": 1,
              "Plan Width": 8,
              "Actual Startup Time": 107.285,
              "Actual Total Time": 107.286,
              "Actual Rows": 1,
              "Actual Loops": 4,
              "Plans": [
                {
                  "Node Type": "Seq Scan",
                  "Parent Relationship": "Outer",
                  "Parallel Aware": true,
                  "Relation Name": "movie_companies",
                  "Alias": "mc",
                  "Startup Cost": 0.0,
                  "Total Cost": 31414.82,
                  "Plan Rows": 254821,
                  "Plan Width": 0,
                  "Actual Startup Time": 6.311,
                  "Actual Total Time": 97.742,
                  "Actual Rows": 144070,
                  "Actual Loops": 4,
                  "Filter": "((company_id > 4626) AND (company_type_id < 2))",
                  "Rows Removed by Filter": 508213
                }
              ]
            }
          ]
        }
      ]
    },
    "Planning Time": 0.225,
    "Triggers": [],
    "Execution Time": 126.123
  }
]