[
  {
    "Plan": {
      "Node Type": "Aggregate",
      "Strategy": "Plain",
      "Partial Mode": "Finalize",
      "Parallel Aware": false,
      "Startup Cost": 346052.21,
      "Total Cost": 346052.22,
      "Plan Rows": 1,
      "Plan Width": 8,
      "Actual Startup Time": 700.1,
      "Actual Total Time": 752.901,
      "Actual Rows": 1,
      "Actual Loops": 1,
      "Plans": [
        {
          "Node Type": "Gather",
          "Parent Relationship": "Outer",
          "Parallel Aware": false,
          "Startup Cost": 346051.59,
          "Total Cost": 346052.2,
          "Plan Rows": 6,
          "Plan Width": 8,
          "Actual Startup Time": 699.817,
          "Actual Total Time": 752.891,
          "Actual Rows": 7,
          "Actual Loops": 1,
          "Workers Planned": 6,
          "Workers Launched": 6,
          "Single Copy": false,
          "Plans": [
            {
              "Node Type": "Aggregate",
              "Strategy": "Plain",
              "Partial Mode": "Partial",
              "Parent Relationship": "Outer",
              "Parallel Aware": false,
              "Startup Cost": 345051.59,
              "Total Cost": 345051.6,
              "Plan Rows": 1,
              "Plan Width": 8,
              "Actual Startup Time": 690.809,
              "Actual Total Time": 690.811,
              "Actual Rows": 1,
              "Actual Loops": 7,
              "Plans": [
                {
                  "Node Type": "Seq Scan",
                  "Parent Relationship": "Outer",
                  "Parallel Aware": true,
                  "Relation Name": "cast_info",
                  "Alias": "ci",
                  "Startup Cost": 0.0,
                  "Total Cost": 343316.27,
                  "Plan Rows": 694126,
                  "Plan Width": 0,
                  "Actual Startup Time": 342.058,
                  "Actual Total Time": 629.676,
                  "Actual Rows": 1329890,
                  "Actual Loops": 7,
                  "Filter": "((person_id > 2770720) AND (role_id > 2))",
                  "Rows Removed by Filter": 3847874
                }
              ]
            }
          ]
        }
      ]
    },
    "Planning Time": 0.106,
    "Triggers": [],
    "Execution Time": 752.945
  }
]