[
  {
    "Plan": {
      "Node Type": "Aggregate",
      "Strategy": "Plain",
      "Partial Mode": "Finalize",
      "Parallel Aware": false,
      "Startup Cost": 346030.29,
      "Total Cost": 346030.3,
      "Plan Rows": 1,
      "Plan Width": 8,
      "Actual Startup Time": 699.657,
      "Actual Total Time": 761.831,
      "Actual Rows": 1,
      "Actual Loops": 1,
      "Plans": [
        {
          "Node Type": "Gather",
          "Parent Relationship": "Outer",
          "Parallel Aware": false,
          "Startup Cost": 346029.66,
          "Total Cost": 346030.27,
          "Plan Rows": 6,
          "Plan Width": 8,
          "Actual Startup Time": 699.521,
          "Actual Total Time": 761.822,
          "Actual Rows": 7,
          "Actual Loops": 1,
          "Workers Planned": 6,
          "Workers Launched": 6,
          "Single Copy": false,
          "Plans": [
            {
              "Node Type": "Aggregate",
              "Strategy": "Plain",
              "Partial Mode": "Partial",
              "Parent Relationship": "Outer",
              "Parallel Aware": false,
              "Startup Cost": 345029.66,
              "Total Cost": 345029.67,
              "Plan Rows": 1,
              "Plan Width": 8,
              "Actual Startup Time": 690.513,
              "Actual Total Time": 690.514,
              "Actual Rows": 1,
              "Actual Loops": 7,
              "Plans": [
                {
                  "Node Type": "Seq Scan",
                  "Parent Relationship": "Outer",
                  "Parallel Aware": true,
                  "Relation Name": "cast_info",
                  "Alias": "ci",
                  "Startup Cost": 0.0,
                  "Total Cost": 343257.03,
                  "Plan Rows": 709054,
                  "Plan Width": 0,
                  "Actual Startup Time": 344.335,
                  "Actual Total Time": 633.529,
                  "Actual Rows": 1329890,
                  "Actual Loops": 7,
                  "Filter": "((person_id > 2770720) AND (role_id > 2))",
                  "Rows Removed by Filter": 3847874
                }
              ]
            }
          ]
        }
      ]
    },
    "Planning Time": 0.22,
    "Triggers": [],
    "Execution Time": 761.905
  }
]