[
  {
    "Plan": {
      "Node Type": "Aggregate",
      "Strategy": "Plain",
      "Partial Mode": "Finalize",
      "Parallel Aware": false,
      "Startup Cost": 350499.24,
      "Total Cost": 350499.25,
      "Plan Rows": 1,
      "Plan Width": 8,
      "Actual Startup Time": 814.177,
      "Actual Total Time": 886.274,
      "Actual Rows": 1,
      "Actual Loops": 1,
      "Plans": [
        {
          "Node Type": "Gather",
          "Parent Relationship": "Outer",
          "Parallel Aware": false,
          "Startup Cost": 350498.61,
          "Total Cost": 350499.22,
          "Plan Rows": 6,
          "Plan Width": 8,
          "Actual Startup Time": 813.959,
          "Actual Total Time": 886.253,
          "Actual Rows": 7,
          "Actual Loops": 1,
          "Workers Planned": 6,
          "Workers Launched": 6,
          "Single Copy": false,
          "Plans": [
            {
              "Node Type": "Aggregate",
              "Strategy": "Plain",
              "Partial Mode": "Partial",
              "Parent Relationship": "Outer",
              "Parallel Aware": false,
              "Startup Cost": 349498.61,
              "Total Cost": 349498.62,
              "Plan Rows": 1,
              "Plan Width": 8,
              "Actual Startup Time": 806.521,
              "Actual Total Time": 806.523,
              "Actual Rows": 1,
              "Actual Loops": 7,
              "Plans": [
                {
                  "Node Type": "Seq Scan",
                  "Parent Relationship": "Outer",
                  "Parallel Aware": true,
                  "Relation Name": "cast_info",
                  "Alias": "ci",
                  "Startup Cost": 0.0,
                  "Total Cost": 343316.27,
                  "Plan Rows": 2472936,
                  "Plan Width": 0,
                  "Actual Startup Time": 0.047,
                  "Actual Total Time": 689.878,
                  "Actual Rows": 2395023,
                  "Actual Loops": 7,
                  "Filter": "((person_id < 1757960) AND (role_id < 9))",
                  "Rows Removed by Filter": 2782740
                }
              ]
            }
          ]
        }
      ]
    },
    "Planning Time": 0.224,
    "Triggers": [],
    "Execution Time": 886.343
  }
]