{
  "Plan": {
    "Node Type": "Aggregate",
    "Strategy": "Plain",
    "Partial Mode": "Finalize",
    "Parallel Aware": false,
    "Startup Cost": 937261.39,
    "Total Cost": 937261.4,
    "Plan Rows": 1,
    "Plan Width": 8,
    "Actual Startup Time": 4784.116,
    "Actual Total Time": 4845.431,
    "Actual Rows": 1,
    "Actual Loops": 1,
    "Plans": [
      {
        "Node Type": "Gather",
        "Parent Relationship": "Outer",
        "Parallel Aware": false,
        "Startup Cost": 937261.27,
        "Total Cost": 937261.38,
        "Plan Rows": 1,
        "Plan Width": 8,
        "Actual Startup Time": 4781.443,
        "Actual Total Time": 4845.421,
        "Actual Rows": 2,
        "Actual Loops": 1,
        "Workers Planned": 1,
        "Workers Launched": 1,
        "Single Copy": false,
        "Plans": [
          {
            "Node Type": "Aggregate",
            "Strategy": "Plain",
            "Partial Mode": "Partial",
            "Parent Relationship": "Outer",
            "Parallel Aware": false,
            "Startup Cost": 936261.27,
            "Total Cost": 936261.28,
            "Plan Rows": 1,
            "Plan Width": 8,
            "Actual Startup Time": 4775.917,
            "Actual Total Time": 4776.245,
            "Actual Rows": 1,
            "Actual Loops": 2,
            "Plans": [
              {
                "Node Type": "Hash Join",
                "Parent Relationship": "Outer",
                "Parallel Aware": true,
                "Join Type": "Inner",
                "Startup Cost": 622698.38,
                "Total Cost": 926718.57,
                "Plan Rows": 3817081,
                "Plan Width": 0,
                "Actual Startup Time": 1864.67,
                "Actual Total Time": 4423.604,
                "Actual Rows": 8949034,
                "Actual Loops": 2,
                "Inner Unique": false,
                "Hash Cond": "(mi.movie_id = t.id)",
                "Plans": [
                  {
                    "Node Type": "Seq Scan",
                    "Parent Relationship": "Outer",
                    "Parallel Aware": true,
                    "Relation Name": "movie_info",
                    "Alias": "mi",
                    "Startup Cost": 0.0,
                    "Total Cost": 248955.74,
                    "Plan Rows": 8696274,
                    "Plan Width": 4,
                    "Actual Startup Time": 0.017,
                    "Actual Total Time": 646.45,
                    "Actual Rows": 7417860,
                    "Actual Loops": 2
                  },
                  {
                    "Node Type": "Hash",
                    "Parent Relationship": "Inner",
                    "Parallel Aware": true,
                    "Startup Cost": 614538.44,
                    "Total Cost": 614538.44,
                    "Plan Rows": 652795,
                    "Plan Width": 8,
                    "Actual Startup Time": 1824.79,
                    "Actual Total Time": 1825.116,
                    "Actual Rows": 250563,
                    "Actual Loops": 2,
                    "Hash Buckets": 2097152,
                    "Original Hash Buckets": 2097152,
                    "Hash Batches": 1,
                    "Original Hash Batches": 1,
                    "Peak Memory Usage": 36000,
                    "Plans": [
                      {
                        "Node Type": "Hash Join",
                        "Parent Relationship": "Outer",
                        "Parallel Aware": true,
                        "Join Type": "Inner",
                        "Startup Cost": 267689.31,
                        "Total Cost": 614538.44,
                        "Plan Rows": 652795,
                        "Plan Width": 8,
                        "Actual Startup Time": 1077.841,
                        "Actual Total Time": 1733.045,
                        "Actual Rows": 250563,
                        "Actual Loops": 2,
                        "Inner Unique": true,
                        "Hash Cond": "(ci.movie_id = t.id)",
                        "Plans": [
                          {
                            "Node Type": "Bitmap Heap Scan",
                            "Parent Relationship": "Outer",
                            "Parallel Aware": true,
                            "Relation Name": "cast_info",
                            "Alias": "ci",
                            "Startup Cost": 210617.5,
                            "Total Cost": 547774.85,
                            "Plan Rows": 3692105,
                            "Plan Width": 4,
                            "Actual Startup Time": 927.612,
                            "Actual Total Time": 1215.975,
                            "Actual Rows": 1356230,
                            "Actual Loops": 2,
                            "Recheck Cond": "(person_id < 949025)",
                            "Rows Removed by Index Recheck": 0,
                            "Filter": "(role_id > 1)",
                            "Rows Removed by Filter": 3471371,
                            "Exact Heap Blocks": 63320,
                            "Lossy Heap Blocks": 0,
                            "Plans": [
                              {
                                "Node Type": "Bitmap Index Scan",
                                "Parent Relationship": "Outer",
                                "Parallel Aware": false,
                                "Index Name": "person_id_cast_info",
                                "Startup Cost": 0.0,
                                "Total Cost": 209048.36,
                                "Plan Rows": 9573306,
                                "Plan Width": 0,
                                "Actual Startup Time": 508.757,
                                "Actual Total Time": 508.757,
                                "Actual Rows": 9655202,
                                "Actual Loops": 1,
                                "Index Cond": "(person_id < 949025)"
                              }
                            ]
                          },
                          {
                            "Node Type": "Hash",
                            "Parent Relationship": "Inner",
                            "Parallel Aware": true,
                            "Startup Cost": 53784.86,
                            "Total Cost": 53784.86,
                            "Plan Rows": 262955,
                            "Plan Width": 4,
                            "Actual Startup Time": 148.409,
                            "Actual Total Time": 148.41,
                            "Actual Rows": 162544,
                            "Actual Loops": 2,
                            "Hash Buckets": 524288,
                            "Original Hash Buckets": 524288,
                            "Hash Batches": 1,
                            "Original Hash Batches": 1,
                            "Peak Memory Usage": 16864,
                            "Plans": [
                              {
                                "Node Type": "Bitmap Heap Scan",
                                "Parent Relationship": "Outer",
                                "Parallel Aware": true,
                                "Relation Name": "title",
                                "Alias": "t",
                                "Startup Cost": 11934.61,
                                "Total Cost": 53784.86,
                                "Plan Rows": 262955,
                                "Plan Width": 4,
                                "Actual Startup Time": 21.869,
                                "Actual Total Time": 96.348,
                                "Actual Rows": 162544,
                                "Actual Loops": 2,
                                "Recheck Cond": "(kind_id = 1)",
                                "Rows Removed by Index Recheck": 0,
                                "Filter": "(production_year > 1992)",
                                "Rows Removed by Filter": 168868,
                                "Exact Heap Blocks": 8765,
                                "Lossy Heap Blocks": 0,
                                "Plans": [
                                  {
                                    "Node Type": "Bitmap Index Scan",
                                    "Parent Relationship": "Outer",
                                    "Parallel Aware": false,
                                    "Index Name": "kind_id_title",
                                    "Startup Cost": 0.0,
                                    "Total Cost": 11822.85,
                                    "Plan Rows": 663256,
                                    "Plan Width": 0,
                                    "Actual Startup Time": 20.029,
                                    "Actual Total Time": 20.029,
                                    "Actual Rows": 662825,
                                    "Actual Loops": 1,
                                    "Index Cond": "(kind_id = 1)"
                                  }
                                ]
                              }
                            ]
                          }
                        ]
                      }
                    ]
                  }
                ]
              }
            ]
          }
        ]
      }
    ]
  },
  "Planning Time": 0.414,
  "Triggers": [],
  "Execution Time": 4845.515
}