[
  {
    "Plan": {
      "Node Type": "Aggregate",
      "Strategy": "Plain",
      "Partial Mode": "Finalize",
      "Parallel Aware": false,
      "Startup Cost": 42714.14,
      "Total Cost": 42714.15,
      "Plan Rows": 1,
      "Plan Width": 8,
      "Actual Startup Time": 145.911,
      "Actual Total Time": 154.303,
      "Actual Rows": 1,
      "Actual Loops": 1,
      "Plans": [
        {
          "Node Type": "Gather",
          "Parent Relationship": "Outer",
          "Parallel Aware": false,
          "Startup Cost": 42713.82,
          "Total Cost": 42714.13,
          "Plan Rows": 3,
          "Plan Width": 8,
          "Actual Startup Time": 145.601,
          "Actual Total Time": 154.256,
          "Actual Rows": 4,
          "Actual Loops": 1,
          "Workers Planned": 3,
          "Workers Launched": 3,
          "Single Copy": false,
          "Plans": [
            {
              "Node Type": "Aggregate",
              "Strategy": "Plain",
              "Partial Mode": "Partial",
              "Parent Relationship": "Outer",
              "Parallel Aware": false,
              "Startup Cost": 41713.82,
              "Total Cost": 41713.83,
              "Plan Rows": 1,
              "Plan Width": 8,
              "Actual Startup Time": 137.151,
              "Actual Total Time": 137.153,
              "Actual Rows": 1,
              "Actual Loops": 4,
              "Plans": [
                {
                  "Node Type": "Bitmap Heap Scan",
                  "Parent Relationship": "Outer",
                  "Parallel Aware": true,
                  "Relation Name": "movie_keyword",
                  "Alias": "mk",
                  "Startup Cost": 14054.42,
                  "Total Cost": 41179.59,
                  "Plan Rows": 213694,
                  "Plan Width": 0,
                  "Actual Startup Time": 51.303,
                  "Actual Total Time": 128.119,
                  "Actual Rows": 167790,
                  "Actual Loops": 4,
                  "Recheck Cond": "(keyword_id < 536)",
                  "Rows Removed by Index Recheck": 0,
                  "Exact Heap Blocks": 9991,
                  "Lossy Heap Blocks": 0,
                  "Plans": [
                    {
                      "Node Type": "Bitmap Index Scan",
                      "Parent Relationship": "Outer",
                      "Parallel Aware": false,
                      "Index Name": "keyword_id_movie_keyword",
                      "Startup Cost": 0.0,
                      "Total Cost": 13888.81,
                      "Plan Rows": 662450,
                      "Plan Width": 0,
                      "Actual Startup Time": 55.28,
                      "Actual Total Time": 55.281,
                      "Actual Rows": 671159,
                      "Actual Loops": 1,
                      "Index Cond": "(keyword_id < 536)"
                    }
                  ]
                }
              ]
            }
          ]
        }
      ]
    },
    "Planning Time": 0.193,
    "Triggers": [],
    "Execution Time": 154.382
  }
]