[
  {
    "Plan": {
      "Node Type": "Aggregate",
      "Strategy": "Plain",
      "Partial Mode": "Finalize",
      "Parallel Aware": false,
      "Startup Cost": 200032.74,
      "Total Cost": 200032.75,
      "Plan Rows": 1,
      "Plan Width": 8,
      "Actual Startup Time": 1574.646,
      "Actual Total Time": 1637.094,
      "Actual Rows": 1,
      "Actual Loops": 1,
      "Plans": [
        {
          "Node Type": "Gather",
          "Parent Relationship": "Outer",
          "Parallel Aware": false,
          "Startup Cost": 200032.53,
          "Total Cost": 200032.74,
          "Plan Rows": 2,
          "Plan Width": 8,
          "Actual Startup Time": 1565.906,
          "Actual Total Time": 1637.082,
          "Actual Rows": 3,
          "Actual Loops": 1,
          "Workers Planned": 2,
          "Workers Launched": 2,
          "Single Copy": false,
          "Plans": [
            {
              "Node Type": "Aggregate",
              "Strategy": "Plain",
              "Partial Mode": "Partial",
              "Parent Relationship": "Outer",
              "Parallel Aware": false,
              "Startup Cost": 199032.53,
              "Total Cost": 199032.54,
              "Plan Rows": 1,
              "Plan Width": 8,
              "Actual Startup Time": 1562.424,
              "Actual Total Time": 1562.429,
              "Actual Rows": 1,
              "Actual Loops": 3,
              "Plans": [
                {
                  "Node Type": "Nested Loop",
                  "Parent Relationship": "Outer",
                  "Parallel Aware": false,
                  "Join Type": "Inner",
                  "Startup Cost": 47295.16,
                  "Total Cost": 198380.87,
                  "Plan Rows": 260662,
                  "Plan Width": 0,
                  "Actual Startup Time": 267.566,
                  "Actual Total Time": 1469.082,
                  "Actual Rows": 1452234,
                  "Actual Loops": 3,
                  "Inner Unique": false,
                  "Plans": [
                    {
                      "Node Type": "Hash Join",
                      "Parent Relationship": "Outer",
                      "Parallel Aware": true,
                      "Join Type": "Inner",
                      "Startup Cost": 47294.72,
                      "Total Cost": 62924.67,
                      "Plan Rows": 44393,
                      "Plan Width": 8,
                      "Actual Startup Time": 267.44,
                      "Actual Total Time": 376.404,
                      "Actual Rows": 66976,
                      "Actual Loops": 3,
                      "Inner Unique": true,
                      "Hash Cond": "(mi_idx.movie_id = t.id)",
                      "Plans": [
                        {
                          "Node Type": "Seq Scan",
                          "Parent Relationship": "Outer",
                          "Parallel Aware": true,
                          "Relation Name": "movie_info_idx",
                          "Alias": "mi_idx",
                          "Startup Cost": 0.0,
                          "Total Cost": 15122.68,
                          "Plan Rows": 193243,
                          "Plan Width": 4,
                          "Actual Startup Time": 0.013,
                          "Actual Total Time": 65.651,
                          "Actual Rows": 153308,
                          "Actual Loops": 3,
                          "Filter": "(info_type_id = 101)",
                          "Rows Removed by Filter": 306703
                        },
                        {
                          "Node Type": "Hash",
                          "Parent Relationship": "Inner",
                          "Parallel Aware": true,
                          "Startup Cost": 45479.59,
                          "Total Cost": 45479.59,
                          "Plan Rows": 145211,
                          "Plan Width": 4,
                          "Actual Startup Time": 222.218,
                          "Actual Total Time": 222.219,
                          "Actual Rows": 198243,
                          "Actual Loops": 3,
                          "Hash Buckets": 1048576,
                          "Original Hash Buckets": 1048576,
                          "Hash Batches": 1,
                          "Original Hash Batches": 1,
                          "Peak Memory Usage": 31488,
                          "Plans": [
                            {
                              "Node Type": "Seq Scan",
                              "Parent Relationship": "Outer",
                              "Parallel Aware": true,
                              "Relation Name": "title",
                              "Alias": "t",
                              "Startup Cost": 0.0,
                              "Total Cost": 45479.59,
                              "Plan Rows": 145211,
                              "Plan Width": 4,
                              "Actual Startup Time": 75.183,
                              "Actual Total Time": 149.615,
                              "Actual Rows": 198243,
                              "Actual Loops": 3,
                              "Filter": "((production_year < 2012) AND (kind_id = 1))",
                              "Rows Removed by Filter": 644527
                            }
                          ]
                        }
                      ]
                    },
                    {
                      "Node Type": "Index Only Scan",
                      "Parent Relationship": "Inner",
                      "Parallel Aware": false,
                      "Scan Direction": "Forward",
                      "Index Name": "movie_id_movie_info",
                      "Relation Name": "movie_info",
                      "Alias": "mi",
                      "Startup Cost": 0.43,
                      "Total Cost": 2.64,
                      "Plan Rows": 41,
                      "Plan Width": 4,
                      "Actual Startup Time": 0.004,
                      "Actual Total Time": 0.014,
                      "Actual Rows": 22,
                      "Actual Loops": 200928,
                      "Index Cond": "(movie_id = t.id)",
                      "Rows Removed by Index Recheck": 0,
                      "Heap Fetches": 4356701
                    }
                  ]
                }
              ]
            }
          ]
        }
      ]
    },
    "Planning Time": 0.599,
    "Triggers": [],
    "Execution Time": 1637.165
  }
]