[
    {
        "Bao": {
            "Bao prediction": "NaN",
            "Bao recommended hint": "(no hint)"
        }
    },
    {
        "Plan": {
            "Node Type": "Aggregate",
            "Strategy": "Plain",
            "Partial Mode": "Finalize",
            "Parallel Aware": false,
            "Startup Cost": 32737.46,
            "Total Cost": 32737.47,
            "Plan Rows": 1,
            "Plan Width": 8,
            "Actual Startup Time": 94.758,
            "Actual Total Time": 101.164,
            "Actual Rows": 1,
            "Actual Loops": 1,
            "Output": [
                "count(*)"
            ],
            "Plans": [
                {
                    "Node Type": "Gather",
                    "Parent Relationship": "Outer",
                    "Parallel Aware": false,
                    "Startup Cost": 32737.14,
                    "Total Cost": 32737.45,
                    "Plan Rows": 3,
                    "Plan Width": 8,
                    "Actual Startup Time": 94.627,
                    "Actual Total Time": 101.153,
                    "Actual Rows": 4,
                    "Actual Loops": 1,
                    "Output": [
                        "(PARTIAL count(*))"
                    ],
                    "Workers Planned": 3,
                    "Workers Launched": 3,
                    "Single Copy": false,
                    "Plans": [
                        {
                            "Node Type": "Aggregate",
                            "Strategy": "Plain",
                            "Partial Mode": "Partial",
                            "Parent Relationship": "Outer",
                            "Parallel Aware": false,
                            "Startup Cost": 31737.14,
                            "Total Cost": 31737.15,
                            "Plan Rows": 1,
                            "Plan Width": 8,
                            "Actual Startup Time": 85.775,
                            "Actual Total Time": 85.776,
                            "Actual Rows": 1,
                            "Actual Loops": 4,
                            "Output": [
                                "PARTIAL count(*)"
                            ],
                            "Workers": [
                                {
                                    "Worker Number": 0,
                                    "Actual Startup Time": 82.777,
                                    "Actual Total Time": 82.778,
                                    "Actual Rows": 1,
                                    "Actual Loops": 1
                                },
                                {
                                    "Worker Number": 1,
                                    "Actual Startup Time": 82.681,
                                    "Actual Total Time": 82.683,
                                    "Actual Rows": 1,
                                    "Actual Loops": 1
                                },
                                {
                                    "Worker Number": 2,
                                    "Actual Startup Time": 83.658,
                                    "Actual Total Time": 83.659,
                                    "Actual Rows": 1,
                                    "Actual Loops": 1
                                }
                            ],
                            "Plans": [
                                {
                                    "Node Type": "Seq Scan",
                                    "Parent Relationship": "Outer",
                                    "Parallel Aware": true,
                                    "Relation Name": "movie_companies",
                                    "Schema": "public",
                                    "Alias": "mc",
                                    "Startup Cost": 0.0,
                                    "Total Cost": 31414.82,
                                    "Plan Rows": 128930,
                                    "Plan Width": 0,
                                    "Actual Startup Time": 25.756,
                                    "Actual Total Time": 84.499,
                                    "Actual Rows": 20018,
                                    "Actual Loops": 4,
                                    "Output": [
                                        "id",
                                        "movie_id",
                                        "company_id",
                                        "company_type_id",
                                        "note"
                                    ],
                                    "Filter": "((mc.company_id > 28356) AND (mc.company_type_id < 2))",
                                    "Rows Removed by Filter": 632264,
                                    "Workers": [
                                        {
                                            "Worker Number": 0,
                                            "Actual Startup Time": 22.764,
                                            "Actual Total Time": 81.684,
                                            "Actual Rows": 19868,
                                            "Actual Loops": 1
                                        },
                                        {
                                            "Worker Number": 1,
                                            "Actual Startup Time": 22.676,
                                            "Actual Total Time": 81.489,
                                            "Actual Rows": 20482,
                                            "Actual Loops": 1
                                        },
                                        {
                                            "Worker Number": 2,
                                            "Actual Startup Time": 23.627,
                                            "Actual Total Time": 82.478,
                                            "Actual Rows": 15225,
                                            "Actual Loops": 1
                                        }
                                    ]
                                }
                            ]
                        }
                    ]
                }
            ]
        },
        "Planning Time": 325.21,
        "Triggers": [],
        "Execution Time": 101.266
    }
]