[
    {
        "Bao": {
            "Bao prediction": "NaN",
            "Bao recommended hint": "(no hint)"
        }
    },
    {
        "Plan": {
            "Node Type": "Aggregate",
            "Strategy": "Plain",
            "Partial Mode": "Finalize",
            "Parallel Aware": false,
            "Startup Cost": 308046.8,
            "Total Cost": 308046.81,
            "Plan Rows": 1,
            "Plan Width": 8,
            "Actual Startup Time": 211.009,
            "Actual Total Time": 218.052,
            "Actual Rows": 1,
            "Actual Loops": 1,
            "Output": [
                "count(*)"
            ],
            "Plans": [
                {
                    "Node Type": "Gather",
                    "Parent Relationship": "Outer",
                    "Parallel Aware": false,
                    "Startup Cost": 308046.17,
                    "Total Cost": 308046.78,
                    "Plan Rows": 6,
                    "Plan Width": 8,
                    "Actual Startup Time": 210.056,
                    "Actual Total Time": 218.045,
                    "Actual Rows": 7,
                    "Actual Loops": 1,
                    "Output": [
                        "(PARTIAL count(*))"
                    ],
                    "Workers Planned": 6,
                    "Workers Launched": 6,
                    "Single Copy": false,
                    "Plans": [
                        {
                            "Node Type": "Aggregate",
                            "Strategy": "Plain",
                            "Partial Mode": "Partial",
                            "Parent Relationship": "Outer",
                            "Parallel Aware": false,
                            "Startup Cost": 307046.17,
                            "Total Cost": 307046.18,
                            "Plan Rows": 1,
                            "Plan Width": 8,
                            "Actual Startup Time": 199.85,
                            "Actual Total Time": 199.852,
                            "Actual Rows": 1,
                            "Actual Loops": 7,
                            "Output": [
                                "PARTIAL count(*)"
                            ],
                            "Workers": [
                                {
                                    "Worker Number": 0,
                                    "Actual Startup Time": 197.174,
                                    "Actual Total Time": 197.175,
                                    "Actual Rows": 1,
                                    "Actual Loops": 1
                                },
                                {
                                    "Worker Number": 1,
                                    "Actual Startup Time": 197.837,
                                    "Actual Total Time": 197.838,
                                    "Actual Rows": 1,
                                    "Actual Loops": 1
                                },
                                {
                                    "Worker Number": 2,
                                    "Actual Startup Time": 198.09,
                                    "Actual Total Time": 198.091,
                                    "Actual Rows": 1,
                                    "Actual Loops": 1
                                },
                                {
                                    "Worker Number": 3,
                                    "Actual Startup Time": 198.518,
                                    "Actual Total Time": 198.519,
                                    "Actual Rows": 1,
                                    "Actual Loops": 1
                                },
                                {
                                    "Worker Number": 4,
                                    "Actual Startup Time": 198.77,
                                    "Actual Total Time": 198.772,
                                    "Actual Rows": 1,
                                    "Actual Loops": 1
                                },
                                {
                                    "Worker Number": 5,
                                    "Actual Startup Time": 198.818,
                                    "Actual Total Time": 198.819,
                                    "Actual Rows": 1,
                                    "Actual Loops": 1
                                }
                            ],
                            "Plans": [
                                {
                                    "Node Type": "Bitmap Heap Scan",
                                    "Parent Relationship": "Outer",
                                    "Parallel Aware": true,
                                    "Relation Name": "cast_info",
                                    "Schema": "public",
                                    "Alias": "ci",
                                    "Startup Cost": 48277.9,
                                    "Total Cost": 306453.47,
                                    "Plan Rows": 237082,
                                    "Plan Width": 0,
                                    "Actual Startup Time": 69.395,
                                    "Actual Total Time": 181.258,
                                    "Actual Rows": 326234,
                                    "Actual Loops": 7,
                                    "Recheck Cond": "(ci.person_id > 3615683)",
                                    "Rows Removed by Index Recheck": 0,
                                    "Filter": "(ci.role_id > 1)",
                                    "Rows Removed by Filter": 0,
                                    "Exact Heap Blocks": 7967,
                                    "Lossy Heap Blocks": 0,
                                    "Workers": [
                                        {
                                            "Worker Number": 0,
                                            "Actual Startup Time": 66.733,
                                            "Actual Total Time": 178.412,
                                            "Actual Rows": 245023,
                                            "Actual Loops": 1
                                        },
                                        {
                                            "Worker Number": 1,
                                            "Actual Startup Time": 67.679,
                                            "Actual Total Time": 179.547,
                                            "Actual Rows": 237788,
                                            "Actual Loops": 1
                                        },
                                        {
                                            "Worker Number": 2,
                                            "Actual Startup Time": 67.87,
                                            "Actual Total Time": 179.869,
                                            "Actual Rows": 237850,
                                            "Actual Loops": 1
                                        },
                                        {
                                            "Worker Number": 3,
                                            "Actual Startup Time": 67.983,
                                            "Actual Total Time": 180.355,
                                            "Actual Rows": 339758,
                                            "Actual Loops": 1
                                        },
                                        {
                                            "Worker Number": 4,
                                            "Actual Startup Time": 68.33,
                                            "Actual Total Time": 180.575,
                                            "Actual Rows": 344444,
                                            "Actual Loops": 1
                                        },
                                        {
                                            "Worker Number": 5,
                                            "Actual Startup Time": 68.312,
                                            "Actual Total Time": 180.65,
                                            "Actual Rows": 343475,
                                            "Actual Loops": 1
                                        }
                                    ],
                                    "Plans": [
                                        {
                                            "Node Type": "Bitmap Index Scan",
                                            "Parent Relationship": "Outer",
                                            "Parallel Aware": false,
                                            "Index Name": "person_id_cast_info",
                                            "Startup Cost": 0.0,
                                            "Total Cost": 47922.28,
                                            "Plan Rows": 2195428,
                                            "Plan Width": 0,
                                            "Actual Startup Time": 73.617,
                                            "Actual Total Time": 73.618,
                                            "Actual Rows": 2283636,
                                            "Actual Loops": 1,
                                            "Index Cond": "(ci.person_id > 3615683)"
                                        }
                                    ]
                                }
                            ]
                        }
                    ]
                }
            ]
        },
        "Planning Time": 198.591,
        "Triggers": [],
        "Execution Time": 218.156
    }
]