{
  "Plan": {
    "Node Type": "Aggregate",
    "Strategy": "Plain",
    "Partial Mode": "Finalize",
    "Parallel Aware": false,
    "Startup Cost": 541115.88,
    "Total Cost": 541115.89,
    "Plan Rows": 1,
    "Plan Width": 8,
    "Actual Startup Time": 1305.259,
    "Actual Total Time": 1335.026,
    "Actual Rows": 1,
    "Actual Loops": 1,
    "Plans": [
      {
        "Node Type": "Gather",
        "Parent Relationship": "Outer",
        "Parallel Aware": false,
        "Startup Cost": 541115.77,
        "Total Cost": 541115.88,
        "Plan Rows": 1,
        "Plan Width": 8,
        "Actual Startup Time": 1298.29,
        "Actual Total Time": 1335.016,
        "Actual Rows": 2,
        "Actual Loops": 1,
        "Workers Planned": 1,
        "Workers Launched": 1,
        "Single Copy": false,
        "Plans": [
          {
            "Node Type": "Aggregate",
            "Strategy": "Plain",
            "Partial Mode": "Partial",
            "Parent Relationship": "Outer",
            "Parallel Aware": false,
            "Startup Cost": 540115.77,
            "Total Cost": 540115.78,
            "Plan Rows": 1,
            "Plan Width": 8,
            "Actual Startup Time": 1286.491,
            "Actual Total Time": 1286.496,
            "Actual Rows": 1,
            "Actual Loops": 2,
            "Plans": [
              {
                "Node Type": "Hash Join",
                "Parent Relationship": "Outer",
                "Parallel Aware": true,
                "Join Type": "Inner",
                "Startup Cost": 215612.69,
                "Total Cost": 533674.92,
                "Plan Rows": 2576338,
                "Plan Width": 0,
                "Actual Startup Time": 841.358,
                "Actual Total Time": 1278.333,
                "Actual Rows": 182790,
                "Actual Loops": 2,
                "Inner Unique": true,
                "Hash Cond": "(ci.movie_id = t.id)",
                "Plans": [
                  {
                    "Node Type": "Bitmap Heap Scan",
                    "Parent Relationship": "Outer",
                    "Parallel Aware": true,
                    "Relation Name": "cast_info",
                    "Alias": "ci",
                    "Startup Cost": 146151.99,
                    "Total Cost": 457451.32,
                    "Plan Rows": 2576338,
                    "Plan Width": 4,
                    "Actual Startup Time": 320.845,
                    "Actual Total Time": 667.766,
                    "Actual Rows": 182790,
                    "Actual Loops": 2,
                    "Recheck Cond": "(person_id > 3008329)",
                    "Rows Removed by Index Recheck": 0,
                    "Filter": "(role_id < 4)",
                    "Rows Removed by Filter": 3059256,
                    "Exact Heap Blocks": 46375,
                    "Lossy Heap Blocks": 0,
                    "Plans": [
                      {
                        "Node Type": "Bitmap Index Scan",
                        "Parent Relationship": "Outer",
                        "Parallel Aware": false,
                        "Index Name": "person_id_cast_info",
                        "Startup Cost": 0.0,
                        "Total Cost": 145057.05,
                        "Plan Rows": 6642731,
                        "Plan Width": 0,
                        "Actual Startup Time": 306.245,
                        "Actual Total Time": 306.245,
                        "Actual Rows": 6484092,
                        "Actual Loops": 1,
                        "Index Cond": "(person_id > 3008329)"
                      }
                    ]
                  },
                  {
                    "Node Type": "Hash",
                    "Parent Relationship": "Inner",
                    "Parallel Aware": true,
                    "Startup Cost": 50870.31,
                    "Total Cost": 50870.31,
                    "Plan Rows": 1487231,
                    "Plan Width": 4,
                    "Actual Startup Time": 498.985,
                    "Actual Total Time": 498.986,
                    "Actual Rows": 1264156,
                    "Actual Loops": 2,
                    "Hash Buckets": 4194304,
                    "Original Hash Buckets": 4194304,
                    "Hash Batches": 1,
                    "Original Hash Batches": 1,
                    "Peak Memory Usage": 131680,
                    "Plans": [
                      {
                        "Node Type": "Seq Scan",
                        "Parent Relationship": "Outer",
                        "Parallel Aware": true,
                        "Relation Name": "title",
                        "Alias": "t",
                        "Startup Cost": 0.0,
                        "Total Cost": 50870.31,
                        "Plan Rows": 1487231,
                        "Plan Width": 4,
                        "Actual Startup Time": 0.026,
                        "Actual Total Time": 152.011,
                        "Actual Rows": 1264156,
                        "Actual Loops": 2
                      }
                    ]
                  }
                ]
              }
            ]
          }
        ]
      }
    ]
  },
  "Planning Time": 0.604,
  "Triggers": [],
  "Execution Time": 1335.117
}