[
    {
        "Bao": {
            "Bao prediction": "NaN",
            "Bao recommended hint": "(no hint)"
        }
    },
    {
        "Plan": {
            "Node Type": "Aggregate",
            "Strategy": "Plain",
            "Partial Mode": "Finalize",
            "Parallel Aware": false,
            "Startup Cost": 327453.35,
            "Total Cost": 327453.36,
            "Plan Rows": 1,
            "Plan Width": 8,
            "Actual Startup Time": 1260.37,
            "Actual Total Time": 1288.306,
            "Actual Rows": 1,
            "Actual Loops": 1,
            "Output": [
                "count(*)"
            ],
            "Plans": [
                {
                    "Node Type": "Gather",
                    "Parent Relationship": "Outer",
                    "Parallel Aware": false,
                    "Startup Cost": 327452.82,
                    "Total Cost": 327453.33,
                    "Plan Rows": 5,
                    "Plan Width": 8,
                    "Actual Startup Time": 1238.486,
                    "Actual Total Time": 1288.293,
                    "Actual Rows": 6,
                    "Actual Loops": 1,
                    "Output": [
                        "(PARTIAL count(*))"
                    ],
                    "Workers Planned": 5,
                    "Workers Launched": 5,
                    "Single Copy": false,
                    "Plans": [
                        {
                            "Node Type": "Aggregate",
                            "Strategy": "Plain",
                            "Partial Mode": "Partial",
                            "Parent Relationship": "Outer",
                            "Parallel Aware": false,
                            "Startup Cost": 326452.82,
                            "Total Cost": 326452.83,
                            "Plan Rows": 1,
                            "Plan Width": 8,
                            "Actual Startup Time": 1216.229,
                            "Actual Total Time": 1216.718,
                            "Actual Rows": 1,
                            "Actual Loops": 6,
                            "Output": [
                                "PARTIAL count(*)"
                            ],
                            "Workers": [
                                {
                                    "Worker Number": 0,
                                    "Actual Startup Time": 1212.827,
                                    "Actual Total Time": 1212.833,
                                    "Actual Rows": 1,
                                    "Actual Loops": 1
                                },
                                {
                                    "Worker Number": 1,
                                    "Actual Startup Time": 1211.47,
                                    "Actual Total Time": 1211.475,
                                    "Actual Rows": 1,
                                    "Actual Loops": 1
                                },
                                {
                                    "Worker Number": 2,
                                    "Actual Startup Time": 1211.849,
                                    "Actual Total Time": 1211.853,
                                    "Actual Rows": 1,
                                    "Actual Loops": 1
                                },
                                {
                                    "Worker Number": 3,
                                    "Actual Startup Time": 1211.617,
                                    "Actual Total Time": 1211.622,
                                    "Actual Rows": 1,
                                    "Actual Loops": 1
                                },
                                {
                                    "Worker Number": 4,
                                    "Actual Startup Time": 1211.863,
                                    "Actual Total Time": 1211.867,
                                    "Actual Rows": 1,
                                    "Actual Loops": 1
                                }
                            ],
                            "Plans": [
                                {
                                    "Node Type": "Hash Join",
                                    "Parent Relationship": "Outer",
                                    "Parallel Aware": true,
                                    "Join Type": "Inner",
                                    "Startup Cost": 102626.5,
                                    "Total Cost": 319661.35,
                                    "Plan Rows": 2716590,
                                    "Plan Width": 0,
                                    "Actual Startup Time": 421.789,
                                    "Actual Total Time": 1174.88,
                                    "Actual Rows": 915903,
                                    "Actual Loops": 6,
                                    "Inner Unique": false,
                                    "Hash Cond": "(mi.movie_id = t.id)",
                                    "Workers": [
                                        {
                                            "Worker Number": 0,
                                            "Actual Startup Time": 417.298,
                                            "Actual Total Time": 1169.401,
                                            "Actual Rows": 684695,
                                            "Actual Loops": 1
                                        },
                                        {
                                            "Worker Number": 1,
                                            "Actual Startup Time": 417.295,
                                            "Actual Total Time": 1172.436,
                                            "Actual Rows": 983159,
                                            "Actual Loops": 1
                                        },
                                        {
                                            "Worker Number": 2,
                                            "Actual Startup Time": 417.67,
                                            "Actual Total Time": 1171.198,
                                            "Actual Rows": 1040624,
                                            "Actual Loops": 1
                                        },
                                        {
                                            "Worker Number": 3,
                                            "Actual Startup Time": 417.098,
                                            "Actual Total Time": 1173.006,
                                            "Actual Rows": 970544,
                                            "Actual Loops": 1
                                        },
                                        {
                                            "Worker Number": 4,
                                            "Actual Startup Time": 417.776,
                                            "Actual Total Time": 1166.263,
                                            "Actual Rows": 719076,
                                            "Actual Loops": 1
                                        }
                                    ],
                                    "Plans": [
                                        {
                                            "Node Type": "Seq Scan",
                                            "Parent Relationship": "Outer",
                                            "Parallel Aware": true,
                                            "Relation Name": "movie_info",
                                            "Schema": "public",
                                            "Alias": "mi",
                                            "Startup Cost": 0.0,
                                            "Total Cost": 198880.74,
                                            "Plan Rows": 2504246,
                                            "Plan Width": 4,
                                            "Actual Startup Time": 0.05,
                                            "Actual Total Time": 351.167,
                                            "Actual Rows": 2100312,
                                            "Actual Loops": 6,
                                            "Output": [
                                                "mi.id",
                                                "mi.movie_id",
                                                "mi.info_type_id",
                                                "mi.info",
                                                "mi.note"
                                            ],
                                            "Filter": "(mi.info_type_id < 17)",
                                            "Rows Removed by Filter": 372308,
                                            "Workers": [
                                                {
                                                    "Worker Number": 0,
                                                    "Actual Startup Time": 0.035,
                                                    "Actual Total Time": 374.356,
                                                    "Actual Rows": 1604171,
                                                    "Actual Loops": 1
                                                },
                                                {
                                                    "Worker Number": 1,
                                                    "Actual Startup Time": 0.078,
                                                    "Actual Total Time": 343.598,
                                                    "Actual Rows": 2233155,
                                                    "Actual Loops": 1
                                                },
                                                {
                                                    "Worker Number": 2,
                                                    "Actual Startup Time": 0.031,
                                                    "Actual Total Time": 353.771,
                                                    "Actual Rows": 2358329,
                                                    "Actual Loops": 1
                                                },
                                                {
                                                    "Worker Number": 3,
                                                    "Actual Startup Time": 0.079,
                                                    "Actual Total Time": 345.523,
                                                    "Actual Rows": 2253105,
                                                    "Actual Loops": 1
                                                },
                                                {
                                                    "Worker Number": 4,
                                                    "Actual Startup Time": 0.066,
                                                    "Actual Total Time": 366.986,
                                                    "Actual Rows": 1522374,
                                                    "Actual Loops": 1
                                                }
                                            ]
                                        },
                                        {
                                            "Node Type": "Hash",
                                            "Parent Relationship": "Inner",
                                            "Parallel Aware": true,
                                            "Startup Cost": 91567.2,
                                            "Total Cost": 91567.2,
                                            "Plan Rows": 884744,
                                            "Plan Width": 8,
                                            "Actual Startup Time": 412.84,
                                            "Actual Total Time": 413.327,
                                            "Actual Rows": 107577,
                                            "Actual Loops": 6,
                                            "Output": [
                                                "t.id",
                                                "mk.movie_id"
                                            ],
                                            "Hash Buckets": 4194304,
                                            "Original Hash Buckets": 4194304,
                                            "Hash Batches": 1,
                                            "Original Hash Batches": 1,
                                            "Peak Memory Usage": 58080,
                                            "Workers": [
                                                {
                                                    "Worker Number": 0,
                                                    "Actual Startup Time": 415.714,
                                                    "Actual Total Time": 415.718,
                                                    "Actual Rows": 78394,
                                                    "Actual Loops": 1
                                                },
                                                {
                                                    "Worker Number": 1,
                                                    "Actual Startup Time": 415.921,
                                                    "Actual Total Time": 415.925,
                                                    "Actual Rows": 114332,
                                                    "Actual Loops": 1
                                                },
                                                {
                                                    "Worker Number": 2,
                                                    "Actual Startup Time": 416.196,
                                                    "Actual Total Time": 416.199,
                                                    "Actual Rows": 125466,
                                                    "Actual Loops": 1
                                                },
                                                {
                                                    "Worker Number": 3,
                                                    "Actual Startup Time": 416.066,
                                                    "Actual Total Time": 416.069,
                                                    "Actual Rows": 113361,
                                                    "Actual Loops": 1
                                                },
                                                {
                                                    "Worker Number": 4,
                                                    "Actual Startup Time": 416.216,
                                                    "Actual Total Time": 416.219,
                                                    "Actual Rows": 78336,
                                                    "Actual Loops": 1
                                                }
                                            ],
                                            "Plans": [
                                                {
                                                    "Node Type": "Hash Join",
                                                    "Parent Relationship": "Outer",
                                                    "Parallel Aware": true,
                                                    "Join Type": "Inner",
                                                    "Startup Cost": 48689.12,
                                                    "Total Cost": 91567.2,
                                                    "Plan Rows": 884744,
                                                    "Plan Width": 8,
                                                    "Actual Startup Time": 203.548,
                                                    "Actual Total Time": 366.664,
                                                    "Actual Rows": 107577,
                                                    "Actual Loops": 6,
                                                    "Output": [
                                                        "t.id",
                                                        "mk.movie_id"
                                                    ],
                                                    "Inner Unique": true,
                                                    "Hash Cond": "(mk.movie_id = t.id)",
                                                    "Workers": [
                                                        {
                                                            "Worker Number": 0,
                                                            "Actual Startup Time": 203.641,
                                                            "Actual Total Time": 366.39,
                                                            "Actual Rows": 78394,
                                                            "Actual Loops": 1
                                                        },
                                                        {
                                                            "Worker Number": 1,
                                                            "Actual Startup Time": 203.474,
                                                            "Actual Total Time": 365.97,
                                                            "Actual Rows": 114332,
                                                            "Actual Loops": 1
                                                        },
                                                        {
                                                            "Worker Number": 2,
                                                            "Actual Startup Time": 203.579,
                                                            "Actual Total Time": 365.628,
                                                            "Actual Rows": 125466,
                                                            "Actual Loops": 1
                                                        },
                                                        {
                                                            "Worker Number": 3,
                                                            "Actual Startup Time": 203.436,
                                                            "Actual Total Time": 366.053,
                                                            "Actual Rows": 113361,
                                                            "Actual Loops": 1
                                                        },
                                                        {
                                                            "Worker Number": 4,
                                                            "Actual Startup Time": 203.446,
                                                            "Actual Total Time": 365.515,
                                                            "Actual Rows": 78336,
                                                            "Actual Loops": 1
                                                        }
                                                    ],
                                                    "Plans": [
                                                        {
                                                            "Node Type": "Seq Scan",
                                                            "Parent Relationship": "Outer",
                                                            "Parallel Aware": true,
                                                            "Relation Name": "movie_keyword",
                                                            "Schema": "public",
                                                            "Alias": "mk",
                                                            "Startup Cost": 0.0,
                                                            "Total Cost": 39047.32,
                                                            "Plan Rows": 1459332,
                                                            "Plan Width": 4,
                                                            "Actual Startup Time": 0.019,
                                                            "Actual Total Time": 66.47,
                                                            "Actual Rows": 753988,
                                                            "Actual Loops": 6,
                                                            "Output": [
                                                                "mk.id",
                                                                "mk.movie_id",
                                                                "mk.keyword_id"
                                                            ],
                                                            "Workers": [
                                                                {
                                                                    "Worker Number": 0,
                                                                    "Actual Startup Time": 0.024,
                                                                    "Actual Total Time": 69.286,
                                                                    "Actual Rows": 553705,
                                                                    "Actual Loops": 1
                                                                },
                                                                {
                                                                    "Worker Number": 1,
                                                                    "Actual Startup Time": 0.019,
                                                                    "Actual Total Time": 66.859,
                                                                    "Actual Rows": 804935,
                                                                    "Actual Loops": 1
                                                                },
                                                                {
                                                                    "Worker Number": 2,
                                                                    "Actual Startup Time": 0.022,
                                                                    "Actual Total Time": 67.335,
                                                                    "Actual Rows": 864135,
                                                                    "Actual Loops": 1
                                                                },
                                                                {
                                                                    "Worker Number": 3,
                                                                    "Actual Startup Time": 0.018,
                                                                    "Actual Total Time": 66.754,
                                                                    "Actual Rows": 806230,
                                                                    "Actual Loops": 1
                                                                },
                                                                {
                                                                    "Worker Number": 4,
                                                                    "Actual Startup Time": 0.021,
                                                                    "Actual Total Time": 68.548,
                                                                    "Actual Rows": 540015,
                                                                    "Actual Loops": 1
                                                                }
                                                            ]
                                                        },
                                                        {
                                                            "Node Type": "Hash",
                                                            "Parent Relationship": "Inner",
                                                            "Parallel Aware": true,
                                                            "Startup Cost": 43899.01,
                                                            "Total Cost": 43899.01,
                                                            "Plan Rows": 383209,
                                                            "Plan Width": 4,
                                                            "Actual Startup Time": 201.265,
                                                            "Actual Total Time": 201.267,
                                                            "Actual Rows": 257211,
                                                            "Actual Loops": 6,
                                                            "Output": [
                                                                "t.id"
                                                            ],
                                                            "Hash Buckets": 2097152,
                                                            "Original Hash Buckets": 2097152,
                                                            "Hash Batches": 1,
                                                            "Original Hash Batches": 1,
                                                            "Peak Memory Usage": 76864,
                                                            "Workers": [
                                                                {
                                                                    "Worker Number": 0,
                                                                    "Actual Startup Time": 203.466,
                                                                    "Actual Total Time": 203.467,
                                                                    "Actual Rows": 196326,
                                                                    "Actual Loops": 1
                                                                },
                                                                {
                                                                    "Worker Number": 1,
                                                                    "Actual Startup Time": 203.334,
                                                                    "Actual Total Time": 203.335,
                                                                    "Actual Rows": 250445,
                                                                    "Actual Loops": 1
                                                                },
                                                                {
                                                                    "Worker Number": 2,
                                                                    "Actual Startup Time": 203.451,
                                                                    "Actual Total Time": 203.453,
                                                                    "Actual Rows": 268942,
                                                                    "Actual Loops": 1
                                                                },
                                                                {
                                                                    "Worker Number": 3,
                                                                    "Actual Startup Time": 203.203,
                                                                    "Actual Total Time": 203.204,
                                                                    "Actual Rows": 254215,
                                                                    "Actual Loops": 1
                                                                },
                                                                {
                                                                    "Worker Number": 4,
                                                                    "Actual Startup Time": 203.337,
                                                                    "Actual Total Time": 203.339,
                                                                    "Actual Rows": 193064,
                                                                    "Actual Loops": 1
                                                                }
                                                            ],
                                                            "Plans": [
                                                                {
                                                                    "Node Type": "Seq Scan",
                                                                    "Parent Relationship": "Outer",
                                                                    "Parallel Aware": true,
                                                                    "Relation Name": "title",
                                                                    "Schema": "public",
                                                                    "Alias": "t",
                                                                    "Startup Cost": 0.0,
                                                                    "Total Cost": 43899.01,
                                                                    "Plan Rows": 383209,
                                                                    "Plan Width": 4,
                                                                    "Actual Startup Time": 0.057,
                                                                    "Actual Total Time": 80.738,
                                                                    "Actual Rows": 257211,
                                                                    "Actual Loops": 6,
                                                                    "Output": [
                                                                        "t.id"
                                                                    ],
                                                                    "Filter": "(t.kind_id = 7)",
                                                                    "Rows Removed by Filter": 164175,
                                                                    "Workers": [
                                                                        {
                                                                            "Worker Number": 0,
                                                                            "Actual Startup Time": 0.07,
                                                                            "Actual Total Time": 85.974,
                                                                            "Actual Rows": 196326,
                                                                            "Actual Loops": 1
                                                                        },
                                                                        {
                                                                            "Worker Number": 1,
                                                                            "Actual Startup Time": 0.075,
                                                                            "Actual Total Time": 79.874,
                                                                            "Actual Rows": 250445,
                                                                            "Actual Loops": 1
                                                                        },
                                                                        {
                                                                            "Worker Number": 2,
                                                                            "Actual Startup Time": 0.052,
                                                                            "Actual Total Time": 82.667,
                                                                            "Actual Rows": 268942,
                                                                            "Actual Loops": 1
                                                                        },
                                                                        {
                                                                            "Worker Number": 3,
                                                                            "Actual Startup Time": 0.059,
                                                                            "Actual Total Time": 79.729,
                                                                            "Actual Rows": 254215,
                                                                            "Actual Loops": 1
                                                                        },
                                                                        {
                                                                            "Worker Number": 4,
                                                                            "Actual Startup Time": 0.069,
                                                                            "Actual Total Time": 84.091,
                                                                            "Actual Rows": 193064,
                                                                            "Actual Loops": 1
                                                                        }
                                                                    ]
                                                                }
                                                            ]
                                                        }
                                                    ]
                                                }
                                            ]
                                        }
                                    ]
                                }
                            ]
                        }
                    ]
                }
            ]
        },
        "Planning Time": 179.734,
        "Triggers": [],
        "Execution Time": 1288.406
    }
]