{
  "Plan": {
    "Node Type": "Aggregate",
    "Strategy": "Plain",
    "Partial Mode": "Finalize",
    "Parallel Aware": false,
    "Startup Cost": 405667.97,
    "Total Cost": 405667.98,
    "Plan Rows": 1,
    "Plan Width": 8,
    "Actual Startup Time": 4061.463,
    "Actual Total Time": 4112.979,
    "Actual Rows": 1,
    "Actual Loops": 1,
    "Plans": [
      {
        "Node Type": "Gather",
        "Parent Relationship": "Outer",
        "Parallel Aware": false,
        "Startup Cost": 405667.85,
        "Total Cost": 405667.96,
        "Plan Rows": 1,
        "Plan Width": 8,
        "Actual Startup Time": 4054.416,
        "Actual Total Time": 4112.969,
        "Actual Rows": 2,
        "Actual Loops": 1,
        "Workers Planned": 1,
        "Workers Launched": 1,
        "Single Copy": false,
        "Plans": [
          {
            "Node Type": "Aggregate",
            "Strategy": "Plain",
            "Partial Mode": "Partial",
            "Parent Relationship": "Outer",
            "Parallel Aware": false,
            "Startup Cost": 404667.85,
            "Total Cost": 404667.86,
            "Plan Rows": 1,
            "Plan Width": 8,
            "Actual Startup Time": 4044.99,
            "Actual Total Time": 4044.997,
            "Actual Rows": 1,
            "Actual Loops": 2,
            "Plans": [
              {
                "Node Type": "Hash Join",
                "Parent Relationship": "Outer",
                "Parallel Aware": true,
                "Join Type": "Inner",
                "Startup Cost": 354251.59,
                "Total Cost": 402548.02,
                "Plan Rows": 847935,
                "Plan Width": 0,
                "Actual Startup Time": 2063.322,
                "Actual Total Time": 3473.09,
                "Actual Rows": 14466588,
                "Actual Loops": 2,
                "Inner Unique": false,
                "Hash Cond": "(mc.movie_id = t.id)",
                "Plans": [
                  {
                    "Node Type": "Seq Scan",
                    "Parent Relationship": "Outer",
                    "Parallel Aware": true,
                    "Relation Name": "movie_companies",
                    "Alias": "mc",
                    "Startup Cost": 0.0,
                    "Total Cost": 37974.77,
                    "Plan Rows": 1422346,
                    "Plan Width": 4,
                    "Actual Startup Time": 0.033,
                    "Actual Total Time": 140.246,
                    "Actual Rows": 1211560,
                    "Actual Loops": 2,
                    "Filter": "(company_id < 118186)",
                    "Rows Removed by Filter": 93005
                  },
                  {
                    "Node Type": "Hash",
                    "Parent Relationship": "Inner",
                    "Parallel Aware": true,
                    "Startup Cost": 343168.87,
                    "Total Cost": 343168.87,
                    "Plan Rows": 886617,
                    "Plan Width": 8,
                    "Actual Startup Time": 2047.619,
                    "Actual Total Time": 2047.624,
                    "Actual Rows": 1406392,
                    "Actual Loops": 2,
                    "Hash Buckets": 4194304,
                    "Original Hash Buckets": 2097152,
                    "Hash Batches": 1,
                    "Original Hash Batches": 1,
                    "Peak Memory Usage": 159232,
                    "Plans": [
                      {
                        "Node Type": "Hash Join",
                        "Parent Relationship": "Outer",
                        "Parallel Aware": true,
                        "Join Type": "Inner",
                        "Startup Cost": 62762.29,
                        "Total Cost": 343168.87,
                        "Plan Rows": 886617,
                        "Plan Width": 8,
                        "Actual Startup Time": 304.476,
                        "Actual Total Time": 1655.018,
                        "Actual Rows": 1406392,
                        "Actual Loops": 2,
                        "Inner Unique": true,
                        "Hash Cond": "(mi.movie_id = t.id)",
                        "Plans": [
                          {
                            "Node Type": "Seq Scan",
                            "Parent Relationship": "Outer",
                            "Parallel Aware": true,
                            "Relation Name": "movie_info",
                            "Alias": "mi",
                            "Startup Cost": 0.0,
                            "Total Cost": 270696.42,
                            "Plan Rows": 3699105,
                            "Plan Width": 4,
                            "Actual Startup Time": 35.659,
                            "Actual Total Time": 724.765,
                            "Actual Rows": 3111747,
                            "Actual Loops": 2,
                            "Filter": "(info_type_id > 8)",
                            "Rows Removed by Filter": 4306113
                          },
                          {
                            "Node Type": "Hash",
                            "Parent Relationship": "Inner",
                            "Parallel Aware": true,
                            "Startup Cost": 58306.47,
                            "Total Cost": 58306.47,
                            "Plan Rows": 356466,
                            "Plan Width": 4,
                            "Actual Startup Time": 264.459,
                            "Actual Total Time": 264.46,
                            "Actual Rows": 337845,
                            "Actual Loops": 2,
                            "Hash Buckets": 1048576,
                            "Original Hash Buckets": 1048576,
                            "Hash Batches": 1,
                            "Original Hash Batches": 1,
                            "Peak Memory Usage": 34656,
                            "Plans": [
                              {
                                "Node Type": "Seq Scan",
                                "Parent Relationship": "Outer",
                                "Parallel Aware": true,
                                "Relation Name": "title",
                                "Alias": "t",
                                "Startup Cost": 0.0,
                                "Total Cost": 58306.47,
                                "Plan Rows": 356466,
                                "Plan Width": 4,
                                "Actual Startup Time": 0.057,
                                "Actual Total Time": 159.241,
                                "Actual Rows": 337845,
                                "Actual Loops": 2,
                                "Filter": "((kind_id < 7) AND (production_year < 2007))",
                                "Rows Removed by Filter": 926311
                              }
                            ]
                          }
                        ]
                      }
                    ]
                  }
                ]
              }
            ]
          }
        ]
      }
    ]
  },
  "Planning Time": 1.08,
  "Triggers": [],
  "Execution Time": 4113.076
}