{
  "Plan": {
    "Node Type": "Aggregate",
    "Strategy": "Plain",
    "Partial Mode": "Finalize",
    "Parallel Aware": false,
    "Startup Cost": 282550.96,
    "Total Cost": 282550.97,
    "Plan Rows": 1,
    "Plan Width": 8,
    "Actual Startup Time": 1249.488,
    "Actual Total Time": 1277.425,
    "Actual Rows": 1,
    "Actual Loops": 1,
    "Plans": [
      {
        "Node Type": "Gather",
        "Parent Relationship": "Outer",
        "Parallel Aware": false,
        "Startup Cost": 282550.85,
        "Total Cost": 282550.96,
        "Plan Rows": 1,
        "Plan Width": 8,
        "Actual Startup Time": 1244.992,
        "Actual Total Time": 1277.417,
        "Actual Rows": 2,
        "Actual Loops": 1,
        "Workers Planned": 1,
        "Workers Launched": 1,
        "Single Copy": false,
        "Plans": [
          {
            "Node Type": "Aggregate",
            "Strategy": "Plain",
            "Partial Mode": "Partial",
            "Parent Relationship": "Outer",
            "Parallel Aware": false,
            "Startup Cost": 281550.85,
            "Total Cost": 281550.86,
            "Plan Rows": 1,
            "Plan Width": 8,
            "Actual Startup Time": 1236.699,
            "Actual Total Time": 1236.706,
            "Actual Rows": 1,
            "Actual Loops": 2,
            "Plans": [
              {
                "Node Type": "Hash Join",
                "Parent Relationship": "Outer",
                "Parallel Aware": true,
                "Join Type": "Inner",
                "Startup Cost": 220028.26,
                "Total Cost": 281408.29,
                "Plan Rows": 57022,
                "Plan Width": 0,
                "Actual Startup Time": 869.265,
                "Actual Total Time": 1224.163,
                "Actual Rows": 323338,
                "Actual Loops": 2,
                "Inner Unique": false,
                "Hash Cond": "(mk.movie_id = t.id)",
                "Plans": [
                  {
                    "Node Type": "Seq Scan",
                    "Parent Relationship": "Outer",
                    "Parallel Aware": true,
                    "Relation Name": "movie_keyword",
                    "Alias": "mk",
                    "Startup Cost": 0.0,
                    "Total Cost": 51065.35,
                    "Plan Rows": 2661135,
                    "Plan Width": 4,
                    "Actual Startup Time": 0.015,
                    "Actual Total Time": 151.835,
                    "Actual Rows": 2261965,
                    "Actual Loops": 2
                  },
                  {
                    "Node Type": "Hash",
                    "Parent Relationship": "Inner",
                    "Parallel Aware": true,
                    "Startup Cost": 219629.91,
                    "Total Cost": 219629.91,
                    "Plan Rows": 31868,
                    "Plan Width": 8,
                    "Actual Startup Time": 867.8,
                    "Actual Total Time": 867.805,
                    "Actual Rows": 213936,
                    "Actual Loops": 2,
                    "Hash Buckets": 524288,
                    "Original Hash Buckets": 65536,
                    "Hash Batches": 1,
                    "Original Hash Batches": 1,
                    "Peak Memory Usage": 24448,
                    "Plans": [
                      {
                        "Node Type": "Hash Join",
                        "Parent Relationship": "Outer",
                        "Parallel Aware": true,
                        "Join Type": "Inner",
                        "Startup Cost": 69002.01,
                        "Total Cost": 219629.91,
                        "Plan Rows": 31868,
                        "Plan Width": 8,
                        "Actual Startup Time": 582.17,
                        "Actual Total Time": 813.188,
                        "Actual Rows": 213936,
                        "Actual Loops": 2,
                        "Inner Unique": true,
                        "Hash Cond": "(ci.movie_id = t.id)",
                        "Plans": [
                          {
                            "Node Type": "Index Scan",
                            "Parent Relationship": "Outer",
                            "Parallel Aware": true,
                            "Scan Direction": "Forward",
                            "Index Name": "role_id_cast_info",
                            "Relation Name": "cast_info",
                            "Alias": "ci",
                            "Startup Cost": 0.56,
                            "Total Cost": 150483.06,
                            "Plan Rows": 55394,
                            "Plan Width": 4,
                            "Actual Startup Time": 211.279,
                            "Actual Total Time": 309.351,
                            "Actual Rows": 345148,
                            "Actual Loops": 2,
                            "Index Cond": "(role_id > 9)",
                            "Rows Removed by Index Recheck": 0,
                            "Filter": "(person_id > 3928470)",
                            "Rows Removed by Filter": 1974420
                          },
                          {
                            "Node Type": "Hash",
                            "Parent Relationship": "Inner",
                            "Parallel Aware": true,
                            "Startup Cost": 58306.47,
                            "Total Cost": 58306.47,
                            "Plan Rows": 855598,
                            "Plan Width": 4,
                            "Actual Startup Time": 357.551,
                            "Actual Total Time": 357.552,
                            "Actual Rows": 739220,
                            "Actual Loops": 2,
                            "Hash Buckets": 2097152,
                            "Original Hash Buckets": 2097152,
                            "Hash Batches": 1,
                            "Original Hash Batches": 1,
                            "Peak Memory Usage": 74272,
                            "Plans": [
                              {
                                "Node Type": "Seq Scan",
                                "Parent Relationship": "Outer",
                                "Parallel Aware": true,
                                "Relation Name": "title",
                                "Alias": "t",
                                "Startup Cost": 0.0,
                                "Total Cost": 58306.47,
                                "Plan Rows": 855598,
                                "Plan Width": 4,
                                "Actual Startup Time": 0.027,
                                "Actual Total Time": 169.413,
                                "Actual Rows": 739220,
                                "Actual Loops": 2,
                                "Filter": "((production_year > 1915) AND (kind_id = 7))",
                                "Rows Removed by Filter": 524936
                              }
                            ]
                          }
                        ]
                      }
                    ]
                  }
                ]
              }
            ]
          }
        ]
      }
    ]
  },
  "Planning Time": 0.974,
  "Triggers": [],
  "Execution Time": 1277.512
}