[
    {
        "Bao": {
            "Bao prediction": "NaN",
            "Bao recommended hint": "(no hint)"
        }
    },
    {
        "Plan": {
            "Node Type": "Aggregate",
            "Strategy": "Plain",
            "Partial Mode": "Finalize",
            "Parallel Aware": false,
            "Startup Cost": 30221.78,
            "Total Cost": 30221.79,
            "Plan Rows": 1,
            "Plan Width": 8,
            "Actual Startup Time": 114.698,
            "Actual Total Time": 123.251,
            "Actual Rows": 1,
            "Actual Loops": 1,
            "Output": [
                "count(*)"
            ],
            "Plans": [
                {
                    "Node Type": "Gather",
                    "Parent Relationship": "Outer",
                    "Parallel Aware": false,
                    "Startup Cost": 30221.46,
                    "Total Cost": 30221.77,
                    "Plan Rows": 3,
                    "Plan Width": 8,
                    "Actual Startup Time": 114.307,
                    "Actual Total Time": 123.24,
                    "Actual Rows": 4,
                    "Actual Loops": 1,
                    "Output": [
                        "(PARTIAL count(*))"
                    ],
                    "Workers Planned": 3,
                    "Workers Launched": 3,
                    "Single Copy": false,
                    "Plans": [
                        {
                            "Node Type": "Aggregate",
                            "Strategy": "Plain",
                            "Partial Mode": "Partial",
                            "Parent Relationship": "Outer",
                            "Parallel Aware": false,
                            "Startup Cost": 29221.46,
                            "Total Cost": 29221.47,
                            "Plan Rows": 1,
                            "Plan Width": 8,
                            "Actual Startup Time": 104.458,
                            "Actual Total Time": 104.459,
                            "Actual Rows": 1,
                            "Actual Loops": 4,
                            "Output": [
                                "PARTIAL count(*)"
                            ],
                            "Workers": [
                                {
                                    "Worker Number": 0,
                                    "Actual Startup Time": 101.108,
                                    "Actual Total Time": 101.109,
                                    "Actual Rows": 1,
                                    "Actual Loops": 1
                                },
                                {
                                    "Worker Number": 1,
                                    "Actual Startup Time": 101.561,
                                    "Actual Total Time": 101.563,
                                    "Actual Rows": 1,
                                    "Actual Loops": 1
                                },
                                {
                                    "Worker Number": 2,
                                    "Actual Startup Time": 101.586,
                                    "Actual Total Time": 101.588,
                                    "Actual Rows": 1,
                                    "Actual Loops": 1
                                }
                            ],
                            "Plans": [
                                {
                                    "Node Type": "Bitmap Heap Scan",
                                    "Parent Relationship": "Outer",
                                    "Parallel Aware": true,
                                    "Relation Name": "movie_keyword",
                                    "Schema": "public",
                                    "Alias": "mk",
                                    "Startup Cost": 3882.25,
                                    "Total Cost": 29073.93,
                                    "Plan Rows": 59014,
                                    "Plan Width": 0,
                                    "Actual Startup Time": 31.621,
                                    "Actual Total Time": 100.746,
                                    "Actual Rows": 45811,
                                    "Actual Loops": 4,
                                    "Recheck Cond": "(mk.keyword_id > 71568)",
                                    "Rows Removed by Index Recheck": 0,
                                    "Exact Heap Blocks": 9067,
                                    "Lossy Heap Blocks": 0,
                                    "Workers": [
                                        {
                                            "Worker Number": 0,
                                            "Actual Startup Time": 28.572,
                                            "Actual Total Time": 97.947,
                                            "Actual Rows": 30253,
                                            "Actual Loops": 1
                                        },
                                        {
                                            "Worker Number": 1,
                                            "Actual Startup Time": 28.792,
                                            "Actual Total Time": 98.465,
                                            "Actual Rows": 40745,
                                            "Actual Loops": 1
                                        },
                                        {
                                            "Worker Number": 2,
                                            "Actual Startup Time": 28.784,
                                            "Actual Total Time": 98.612,
                                            "Actual Rows": 29024,
                                            "Actual Loops": 1
                                        }
                                    ],
                                    "Plans": [
                                        {
                                            "Node Type": "Bitmap Index Scan",
                                            "Parent Relationship": "Outer",
                                            "Parallel Aware": false,
                                            "Index Name": "keyword_id_movie_keyword",
                                            "Startup Cost": 0.0,
                                            "Total Cost": 3836.51,
                                            "Plan Rows": 182944,
                                            "Plan Width": 0,
                                            "Actual Startup Time": 35.571,
                                            "Actual Total Time": 35.571,
                                            "Actual Rows": 183245,
                                            "Actual Loops": 1,
                                            "Index Cond": "(mk.keyword_id > 71568)"
                                        }
                                    ]
                                }
                            ]
                        }
                    ]
                }
            ]
        },
        "Planning Time": 263.559,
        "Triggers": [],
        "Execution Time": 123.384
    }
]