[
  {
    "Plan": {
      "Node Type": "Aggregate",
      "Strategy": "Plain",
      "Partial Mode": "Finalize",
      "Parallel Aware": false,
      "Startup Cost": 26411.75,
      "Total Cost": 26411.76,
      "Plan Rows": 1,
      "Plan Width": 8,
      "Actual Startup Time": 80.637,
      "Actual Total Time": 86.571,
      "Actual Rows": 1,
      "Actual Loops": 1,
      "Plans": [
        {
          "Node Type": "Gather",
          "Parent Relationship": "Outer",
          "Parallel Aware": false,
          "Startup Cost": 26411.43,
          "Total Cost": 26411.74,
          "Plan Rows": 3,
          "Plan Width": 8,
          "Actual Startup Time": 80.419,
          "Actual Total Time": 86.565,
          "Actual Rows": 4,
          "Actual Loops": 1,
          "Workers Planned": 3,
          "Workers Launched": 3,
          "Single Copy": false,
          "Plans": [
            {
              "Node Type": "Aggregate",
              "Strategy": "Plain",
              "Partial Mode": "Partial",
              "Parent Relationship": "Outer",
              "Parallel Aware": false,
              "Startup Cost": 25411.43,
              "Total Cost": 25411.44,
              "Plan Rows": 1,
              "Plan Width": 8,
              "Actual Startup Time": 72.883,
              "Actual Total Time": 72.885,
              "Actual Rows": 1,
              "Actual Loops": 4,
              "Plans": [
                {
                  "Node Type": "Bitmap Heap Scan",
                  "Parent Relationship": "Outer",
                  "Parallel Aware": true,
                  "Relation Name": "movie_companies",
                  "Alias": "mc",
                  "Startup Cost": 5324.79,
                  "Total Cost": 25310.27,
                  "Plan Rows": 40466,
                  "Plan Width": 0,
                  "Actual Startup Time": 59.02,
                  "Actual Total Time": 72.044,
                  "Actual Rows": 14425,
                  "Actual Loops": 4,
                  "Recheck Cond": "(company_id < 115)",
                  "Rows Removed by Index Recheck": 0,
                  "Filter": "(company_type_id = 2)",
                  "Rows Removed by Filter": 47086,
                  "Exact Heap Blocks": 10332,
                  "Lossy Heap Blocks": 0,
                  "Plans": [
                    {
                      "Node Type": "Bitmap Index Scan",
                      "Parent Relationship": "Outer",
                      "Parallel Aware": false,
                      "Index Name": "company_id_movie_companies",
                      "Startup Cost": 0.0,
                      "Total Cost": 5293.43,
                      "Plan Rows": 247066,
                      "Plan Width": 0,
                      "Actual Startup Time": 29.918,
                      "Actual Total Time": 29.918,
                      "Actual Rows": 246042,
                      "Actual Loops": 1,
                      "Index Cond": "(company_id < 115)"
                    }
                  ]
                }
              ]
            }
          ]
        }
      ]
    },
    "Planning Time": 0.27,
    "Triggers": [],
    "Execution Time": 86.648
  }
]