{
    "Plan": {
        "Node Type": "Aggregate",
        "Strategy": "Plain",
        "Partial Mode": "Finalize",
        "Parallel Aware": false,
        "Startup Cost": 107702.01,
        "Total Cost": 107702.02,
        "Plan Rows": 1,
        "Plan Width": 8,
        "Actual Startup Time": 623.893,
        "Actual Total Time": 686.294,
        "Actual Rows": 1,
        "Actual Loops": 1,
        "Output": [
            "count(*)"
        ],
        "Plans": [
            {
                "Node Type": "Gather",
                "Parent Relationship": "Outer",
                "Parallel Aware": false,
                "Startup Cost": 107701.59,
                "Total Cost": 107702.0,
                "Plan Rows": 4,
                "Plan Width": 8,
                "Actual Startup Time": 623.486,
                "Actual Total Time": 686.285,
                "Actual Rows": 5,
                "Actual Loops": 1,
                "Output": [
                    "(PARTIAL count(*))"
                ],
                "Workers Planned": 4,
                "Workers Launched": 4,
                "Single Copy": false,
                "Plans": [
                    {
                        "Node Type": "Aggregate",
                        "Strategy": "Plain",
                        "Partial Mode": "Partial",
                        "Parent Relationship": "Outer",
                        "Parallel Aware": false,
                        "Startup Cost": 106701.59,
                        "Total Cost": 106701.6,
                        "Plan Rows": 1,
                        "Plan Width": 8,
                        "Actual Startup Time": 612.996,
                        "Actual Total Time": 612.999,
                        "Actual Rows": 1,
                        "Actual Loops": 5,
                        "Output": [
                            "PARTIAL count(*)"
                        ],
                        "Workers": [
                            {
                                "Worker Number": 0,
                                "Actual Startup Time": 609.805,
                                "Actual Total Time": 609.808,
                                "Actual Rows": 1,
                                "Actual Loops": 1
                            },
                            {
                                "Worker Number": 1,
                                "Actual Startup Time": 610.575,
                                "Actual Total Time": 610.579,
                                "Actual Rows": 1,
                                "Actual Loops": 1
                            },
                            {
                                "Worker Number": 2,
                                "Actual Startup Time": 610.895,
                                "Actual Total Time": 610.897,
                                "Actual Rows": 1,
                                "Actual Loops": 1
                            },
                            {
                                "Worker Number": 3,
                                "Actual Startup Time": 611.144,
                                "Actual Total Time": 611.147,
                                "Actual Rows": 1,
                                "Actual Loops": 1
                            }
                        ],
                        "Plans": [
                            {
                                "Node Type": "Nested Loop",
                                "Parent Relationship": "Outer",
                                "Parallel Aware": false,
                                "Join Type": "Inner",
                                "Startup Cost": 29559.88,
                                "Total Cost": 106545.97,
                                "Plan Rows": 62248,
                                "Plan Width": 0,
                                "Actual Startup Time": 66.91,
                                "Actual Total Time": 608.788,
                                "Actual Rows": 67225,
                                "Actual Loops": 5,
                                "Inner Unique": false,
                                "Workers": [
                                    {
                                        "Worker Number": 0,
                                        "Actual Startup Time": 64.057,
                                        "Actual Total Time": 605.813,
                                        "Actual Rows": 59255,
                                        "Actual Loops": 1
                                    },
                                    {
                                        "Worker Number": 1,
                                        "Actual Startup Time": 64.395,
                                        "Actual Total Time": 606.412,
                                        "Actual Rows": 61256,
                                        "Actual Loops": 1
                                    },
                                    {
                                        "Worker Number": 2,
                                        "Actual Startup Time": 64.774,
                                        "Actual Total Time": 606.939,
                                        "Actual Rows": 57512,
                                        "Actual Loops": 1
                                    },
                                    {
                                        "Worker Number": 3,
                                        "Actual Startup Time": 65.087,
                                        "Actual Total Time": 607.024,
                                        "Actual Rows": 59339,
                                        "Actual Loops": 1
                                    }
                                ],
                                "Plans": [
                                    {
                                        "Node Type": "Hash Join",
                                        "Parent Relationship": "Outer",
                                        "Parallel Aware": true,
                                        "Join Type": "Inner",
                                        "Startup Cost": 29559.32,
                                        "Total Cost": 75088.25,
                                        "Plan Rows": 15416,
                                        "Plan Width": 8,
                                        "Actual Startup Time": 66.612,
                                        "Actual Total Time": 208.753,
                                        "Actual Rows": 12415,
                                        "Actual Loops": 5,
                                        "Output": [
                                            "t.id",
                                            "mc.movie_id"
                                        ],
                                        "Inner Unique": false,
                                        "Hash Cond": "(t.id = mc.movie_id)",
                                        "Workers": [
                                            {
                                                "Worker Number": 0,
                                                "Actual Startup Time": 63.501,
                                                "Actual Total Time": 196.285,
                                                "Actual Rows": 11177,
                                                "Actual Loops": 1
                                            },
                                            {
                                                "Worker Number": 1,
                                                "Actual Startup Time": 64.117,
                                                "Actual Total Time": 198.036,
                                                "Actual Rows": 11038,
                                                "Actual Loops": 1
                                            },
                                            {
                                                "Worker Number": 2,
                                                "Actual Startup Time": 64.518,
                                                "Actual Total Time": 203.272,
                                                "Actual Rows": 11012,
                                                "Actual Loops": 1
                                            },
                                            {
                                                "Worker Number": 3,
                                                "Actual Startup Time": 64.753,
                                                "Actual Total Time": 200.501,
                                                "Actual Rows": 10792,
                                                "Actual Loops": 1
                                            }
                                        ],
                                        "Plans": [
                                            {
                                                "Node Type": "Seq Scan",
                                                "Parent Relationship": "Outer",
                                                "Parallel Aware": true,
                                                "Relation Name": "title",
                                                "Schema": "public",
                                                "Alias": "t",
                                                "Startup Cost": 0.0,
                                                "Total Cost": 42318.81,
                                                "Plan Rows": 632080,
                                                "Plan Width": 4,
                                                "Actual Startup Time": 0.021,
                                                "Actual Total Time": 61.873,
                                                "Actual Rows": 505662,
                                                "Actual Loops": 5,
                                                "Output": [
                                                    "t.id",
                                                    "t.title",
                                                    "t.imdb_index",
                                                    "t.kind_id",
                                                    "t.production_year",
                                                    "t.imdb_id",
                                                    "t.phonetic_code",
                                                    "t.episode_of_id",
                                                    "t.season_nr",
                                                    "t.episode_nr",
                                                    "t.series_years",
                                                    "t.md5sum"
                                                ],
                                                "Workers": [
                                                    {
                                                        "Worker Number": 0,
                                                        "Actual Startup Time": 0.022,
                                                        "Actual Total Time": 59.84,
                                                        "Actual Rows": 440587,
                                                        "Actual Loops": 1
                                                    },
                                                    {
                                                        "Worker Number": 1,
                                                        "Actual Startup Time": 0.029,
                                                        "Actual Total Time": 60.931,
                                                        "Actual Rows": 443911,
                                                        "Actual Loops": 1
                                                    },
                                                    {
                                                        "Worker Number": 2,
                                                        "Actual Startup Time": 0.025,
                                                        "Actual Total Time": 62.853,
                                                        "Actual Rows": 454550,
                                                        "Actual Loops": 1
                                                    },
                                                    {
                                                        "Worker Number": 3,
                                                        "Actual Startup Time": 0.026,
                                                        "Actual Total Time": 61.248,
                                                        "Actual Rows": 440752,
                                                        "Actual Loops": 1
                                                    }
                                                ]
                                            },
                                            {
                                                "Node Type": "Hash",
                                                "Parent Relationship": "Inner",
                                                "Parallel Aware": true,
                                                "Startup Cost": 29310.68,
                                                "Total Cost": 29310.68,
                                                "Plan Rows": 19891,
                                                "Plan Width": 4,
                                                "Actual Startup Time": 65.137,
                                                "Actual Total Time": 65.138,
                                                "Actual Rows": 12415,
                                                "Actual Loops": 5,
                                                "Output": [
                                                    "mc.movie_id"
                                                ],
                                                "Hash Buckets": 65536,
                                                "Original Hash Buckets": 65536,
                                                "Hash Batches": 1,
                                                "Original Hash Batches": 1,
                                                "Peak Memory Usage": 3072,
                                                "Workers": [
                                                    {
                                                        "Worker Number": 0,
                                                        "Actual Startup Time": 62.887,
                                                        "Actual Total Time": 62.888,
                                                        "Actual Rows": 9203,
                                                        "Actual Loops": 1
                                                    },
                                                    {
                                                        "Worker Number": 1,
                                                        "Actual Startup Time": 63.674,
                                                        "Actual Total Time": 63.675,
                                                        "Actual Rows": 10883,
                                                        "Actual Loops": 1
                                                    },
                                                    {
                                                        "Worker Number": 2,
                                                        "Actual Startup Time": 63.944,
                                                        "Actual Total Time": 63.945,
                                                        "Actual Rows": 11466,
                                                        "Actual Loops": 1
                                                    },
                                                    {
                                                        "Worker Number": 3,
                                                        "Actual Startup Time": 64.119,
                                                        "Actual Total Time": 64.12,
                                                        "Actual Rows": 10767,
                                                        "Actual Loops": 1
                                                    }
                                                ],
                                                "Plans": [
                                                    {
                                                        "Node Type": "Seq Scan",
                                                        "Parent Relationship": "Outer",
                                                        "Parallel Aware": true,
                                                        "Relation Name": "movie_companies",
                                                        "Schema": "public",
                                                        "Alias": "mc",
                                                        "Startup Cost": 0.0,
                                                        "Total Cost": 29310.68,
                                                        "Plan Rows": 19891,
                                                        "Plan Width": 4,
                                                        "Actual Startup Time": 0.132,
                                                        "Actual Total Time": 58.476,
                                                        "Actual Rows": 12415,
                                                        "Actual Loops": 5,
                                                        "Output": [
                                                            "mc.movie_id"
                                                        ],
                                                        "Filter": "(mc.company_id = 6)",
                                                        "Rows Removed by Filter": 509411,
                                                        "Workers": [
                                                            {
                                                                "Worker Number": 0,
                                                                "Actual Startup Time": 0.125,
                                                                "Actual Total Time": 56.747,
                                                                "Actual Rows": 9203,
                                                                "Actual Loops": 1
                                                            },
                                                            {
                                                                "Worker Number": 1,
                                                                "Actual Startup Time": 0.092,
                                                                "Actual Total Time": 57.582,
                                                                "Actual Rows": 10883,
                                                                "Actual Loops": 1
                                                            },
                                                            {
                                                                "Worker Number": 2,
                                                                "Actual Startup Time": 0.128,
                                                                "Actual Total Time": 58.396,
                                                                "Actual Rows": 11466,
                                                                "Actual Loops": 1
                                                            },
                                                            {
                                                                "Worker Number": 3,
                                                                "Actual Startup Time": 0.289,
                                                                "Actual Total Time": 57.692,
                                                                "Actual Rows": 10767,
                                                                "Actual Loops": 1
                                                            }
                                                        ]
                                                    }
                                                ]
                                            }
                                        ]
                                    },
                                    {
                                        "Node Type": "Index Scan",
                                        "Parent Relationship": "Inner",
                                        "Parallel Aware": false,
                                        "Scan Direction": "Forward",
                                        "Index Name": "movie_id_cast_info",
                                        "Relation Name": "cast_info",
                                        "Schema": "public",
                                        "Alias": "ci",
                                        "Startup Cost": 0.56,
                                        "Total Cost": 1.93,
                                        "Plan Rows": 11,
                                        "Plan Width": 4,
                                        "Actual Startup Time": 0.022,
                                        "Actual Total Time": 0.031,
                                        "Actual Rows": 5,
                                        "Actual Loops": 62075,
                                        "Output": [
                                            "ci.id",
                                            "ci.person_id",
                                            "ci.movie_id",
                                            "ci.person_role_id",
                                            "ci.note",
                                            "ci.nr_order",
                                            "ci.role_id"
                                        ],
                                        "Index Cond": "(ci.movie_id = t.id)",
                                        "Rows Removed by Index Recheck": 0,
                                        "Filter": "(ci.person_id > 2689678)",
                                        "Rows Removed by Filter": 15,
                                        "Workers": [
                                            {
                                                "Worker Number": 0,
                                                "Actual Startup Time": 0.025,
                                                "Actual Total Time": 0.036,
                                                "Actual Rows": 5,
                                                "Actual Loops": 11177
                                            },
                                            {
                                                "Worker Number": 1,
                                                "Actual Startup Time": 0.025,
                                                "Actual Total Time": 0.036,
                                                "Actual Rows": 6,
                                                "Actual Loops": 11038
                                            },
                                            {
                                                "Worker Number": 2,
                                                "Actual Startup Time": 0.025,
                                                "Actual Total Time": 0.036,
                                                "Actual Rows": 5,
                                                "Actual Loops": 11012
                                            },
                                            {
                                                "Worker Number": 3,
                                                "Actual Startup Time": 0.025,
                                                "Actual Total Time": 0.037,
                                                "Actual Rows": 5,
                                                "Actual Loops": 10792
                                            }
                                        ]
                                    }
                                ]
                            }
                        ]
                    }
                ]
            }
        ]
    },
    "Planning Time": 1.642,
    "Triggers": [],
    "Execution Time": 686.405
}