[
  {
    "Plan": {
      "Node Type": "Aggregate",
      "Strategy": "Plain",
      "Partial Mode": "Finalize",
      "Parallel Aware": false,
      "Startup Cost": 68163.76,
      "Total Cost": 68163.77,
      "Plan Rows": 1,
      "Plan Width": 8,
      "Actual Startup Time": 339.817,
      "Actual Total Time": 353.273,
      "Actual Rows": 1,
      "Actual Loops": 1,
      "Plans": [
        {
          "Node Type": "Gather",
          "Parent Relationship": "Outer",
          "Parallel Aware": false,
          "Startup Cost": 68163.34,
          "Total Cost": 68163.75,
          "Plan Rows": 4,
          "Plan Width": 8,
          "Actual Startup Time": 335.588,
          "Actual Total Time": 353.263,
          "Actual Rows": 5,
          "Actual Loops": 1,
          "Workers Planned": 4,
          "Workers Launched": 4,
          "Single Copy": false,
          "Plans": [
            {
              "Node Type": "Aggregate",
              "Strategy": "Plain",
              "Partial Mode": "Partial",
              "Parent Relationship": "Outer",
              "Parallel Aware": false,
              "Startup Cost": 67163.34,
              "Total Cost": 67163.35,
              "Plan Rows": 1,
              "Plan Width": 8,
              "Actual Startup Time": 325.478,
              "Actual Total Time": 325.481,
              "Actual Rows": 1,
              "Actual Loops": 5,
              "Plans": [
                {
                  "Node Type": "Hash Join",
                  "Parent Relationship": "Outer",
                  "Parallel Aware": true,
                  "Join Type": "Inner",
                  "Startup Cost": 19942.49,
                  "Total Cost": 66672.28,
                  "Plan Rows": 196424,
                  "Plan Width": 0,
                  "Actual Startup Time": 111.988,
                  "Actual Total Time": 318.719,
                  "Actual Rows": 158706,
                  "Actual Loops": 5,
                  "Inner Unique": false,
                  "Hash Cond": "(t.id = mi_idx.movie_id)",
                  "Plans": [
                    {
                      "Node Type": "Seq Scan",
                      "Parent Relationship": "Outer",
                      "Parallel Aware": true,
                      "Relation Name": "title",
                      "Alias": "t",
                      "Startup Cost": 0.0,
                      "Total Cost": 43898.92,
                      "Plan Rows": 536650,
                      "Plan Width": 4,
                      "Actual Startup Time": 0.013,
                      "Actual Total Time": 79.268,
                      "Actual Rows": 426595,
                      "Actual Loops": 5,
                      "Filter": "(production_year > 1966)",
                      "Rows Removed by Filter": 79068
                    },
                    {
                      "Node Type": "Hash",
                      "Parent Relationship": "Inner",
                      "Parallel Aware": true,
                      "Startup Cost": 15122.68,
                      "Total Cost": 15122.68,
                      "Plan Rows": 385585,
                      "Plan Width": 4,
                      "Actual Startup Time": 107.472,
                      "Actual Total Time": 107.473,
                      "Actual Rows": 184022,
                      "Actual Loops": 5,
                      "Hash Buckets": 1048576,
                      "Original Hash Buckets": 1048576,
                      "Hash Batches": 1,
                      "Original Hash Batches": 1,
                      "Peak Memory Usage": 44288,
                      "Plans": [
                        {
                          "Node Type": "Seq Scan",
                          "Parent Relationship": "Outer",
                          "Parallel Aware": true,
                          "Relation Name": "movie_info_idx",
                          "Alias": "mi_idx",
                          "Startup Cost": 0.0,
                          "Total Cost": 15122.68,
                          "Plan Rows": 385585,
                          "Plan Width": 4,
                          "Actual Startup Time": 0.069,
                          "Actual Total Time": 42.831,
                          "Actual Rows": 184022,
                          "Actual Loops": 5,
                          "Filter": "(info_type_id > 99)",
                          "Rows Removed by Filter": 91985
                        }
                      ]
                    }
                  ]
                }
              ]
            }
          ]
        }
      ]
    },
    "Planning Time": 0.57,
    "Triggers": [],
    "Execution Time": 353.354
  }
]