[
  {
    "Plan": {
      "Node Type": "Aggregate",
      "Strategy": "Plain",
      "Partial Mode": "Finalize",
      "Parallel Aware": false,
      "Startup Cost": 238931.6,
      "Total Cost": 238931.61,
      "Plan Rows": 1,
      "Plan Width": 8,
      "Actual Startup Time": 1290.77,
      "Actual Total Time": 1330.168,
      "Actual Rows": 1,
      "Actual Loops": 1,
      "Plans": [
        {
          "Node Type": "Gather",
          "Parent Relationship": "Outer",
          "Parallel Aware": false,
          "Startup Cost": 238931.28,
          "Total Cost": 238931.59,
          "Plan Rows": 3,
          "Plan Width": 8,
          "Actual Startup Time": 1288.001,
          "Actual Total Time": 1330.161,
          "Actual Rows": 4,
          "Actual Loops": 1,
          "Workers Planned": 3,
          "Workers Launched": 3,
          "Single Copy": false,
          "Plans": [
            {
              "Node Type": "Aggregate",
              "Strategy": "Plain",
              "Partial Mode": "Partial",
              "Parent Relationship": "Outer",
              "Parallel Aware": false,
              "Startup Cost": 237931.28,
              "Total Cost": 237931.29,
              "Plan Rows": 1,
              "Plan Width": 8,
              "Actual Startup Time": 1252.451,
              "Actual Total Time": 1252.455,
              "Actual Rows": 1,
              "Actual Loops": 4,
              "Plans": [
                {
                  "Node Type": "Nested Loop",
                  "Parent Relationship": "Outer",
                  "Parallel Aware": false,
                  "Join Type": "Inner",
                  "Startup Cost": 55892.86,
                  "Total Cost": 236692.42,
                  "Plan Rows": 495547,
                  "Plan Width": 0,
                  "Actual Startup Time": 502.125,
                  "Actual Total Time": 1201.721,
                  "Actual Rows": 1141298,
                  "Actual Loops": 4,
                  "Inner Unique": false,
                  "Plans": [
                    {
                      "Node Type": "Hash Join",
                      "Parent Relationship": "Outer",
                      "Parallel Aware": true,
                      "Join Type": "Inner",
                      "Startup Cost": 55892.43,
                      "Total Cost": 75958.92,
                      "Plan Rows": 84396,
                      "Plan Width": 8,
                      "Actual Startup Time": 502.022,
                      "Actual Total Time": 550.305,
                      "Actual Rows": 64288,
                      "Actual Loops": 4,
                      "Inner Unique": true,
                      "Hash Cond": "(mc.movie_id = t.id)",
                      "Plans": [
                        {
                          "Node Type": "Bitmap Heap Scan",
                          "Parent Relationship": "Outer",
                          "Parallel Aware": true,
                          "Relation Name": "movie_companies",
                          "Alias": "mc",
                          "Startup Cost": 5672.05,
                          "Total Cost": 25517.0,
                          "Plan Rows": 84396,
                          "Plan Width": 4,
                          "Actual Startup Time": 13.803,
                          "Actual Total Time": 28.002,
                          "Actual Rows": 64288,
                          "Actual Loops": 4,
                          "Recheck Cond": "(company_id > 99942)",
                          "Rows Removed by Index Recheck": 0,
                          "Exact Heap Blocks": 1317,
                          "Lossy Heap Blocks": 0,
                          "Plans": [
                            {
                              "Node Type": "Bitmap Index Scan",
                              "Parent Relationship": "Outer",
                              "Parallel Aware": false,
                              "Index Name": "company_id_movie_companies",
                              "Startup Cost": 0.0,
                              "Total Cost": 5606.64,
                              "Plan Rows": 261628,
                              "Plan Width": 0,
                              "Actual Startup Time": 13.106,
                              "Actual Total Time": 13.106,
                              "Actual Rows": 257153,
                              "Actual Loops": 1,
                              "Index Cond": "(company_id > 99942)"
                            }
                          ]
                        },
                        {
                          "Node Type": "Hash",
                          "Parent Relationship": "Inner",
                          "Parallel Aware": true,
                          "Startup Cost": 42319.06,
                          "Total Cost": 42319.06,
                          "Plan Rows": 632106,
                          "Plan Width": 4,
                          "Actual Startup Time": 473.668,
                          "Actual Total Time": 473.669,
                          "Actual Rows": 632078,
                          "Actual Loops": 4,
                          "Hash Buckets": 4194304,
                          "Original Hash Buckets": 4194304,
                          "Hash Batches": 1,
                          "Original Hash Batches": 1,
                          "Peak Memory Usage": 131744,
                          "Plans": [
                            {
                              "Node Type": "Seq Scan",
                              "Parent Relationship": "Outer",
                              "Parallel Aware": true,
                              "Relation Name": "title",
                              "Alias": "t",
                              "Startup Cost": 0.0,
                              "Total Cost": 42319.06,
                              "Plan Rows": 632106,
                              "Plan Width": 4,
                              "Actual Startup Time": 0.057,
                              "Actual Total Time": 115.253,
                              "Actual Rows": 632078,
                              "Actual Loops": 4
                            }
                          ]
                        }
                      ]
                    },
                    {
                      "Node Type": "Index Only Scan",
                      "Parent Relationship": "Inner",
                      "Parallel Aware": false,
                      "Scan Direction": "Forward",
                      "Index Name": "movie_id_movie_info",
                      "Relation Name": "movie_info",
                      "Alias": "mi",
                      "Startup Cost": 0.43,
                      "Total Cost": 1.49,
                      "Plan Rows": 41,
                      "Plan Width": 4,
                      "Actual Startup Time": 0.003,
                      "Actual Total Time": 0.009,
                      "Actual Rows": 18,
                      "Actual Loops": 257153,
                      "Index Cond": "(movie_id = t.id)",
                      "Rows Removed by Index Recheck": 0,
                      "Heap Fetches": 4565192
                    }
                  ]
                }
              ]
            }
          ]
        }
      ]
    },
    "Planning Time": 0.535,
    "Triggers": [],
    "Execution Time": 1330.238
  }
]