[
  {
    "Plan": {
      "Node Type": "Aggregate",
      "Strategy": "Plain",
      "Partial Mode": "Finalize",
      "Parallel Aware": false,
      "Startup Cost": 199170.07,
      "Total Cost": 199170.08,
      "Plan Rows": 1,
      "Plan Width": 8,
      "Actual Startup Time": 1030.56,
      "Actual Total Time": 1081.836,
      "Actual Rows": 1,
      "Actual Loops": 1,
      "Plans": [
        {
          "Node Type": "Gather",
          "Parent Relationship": "Outer",
          "Parallel Aware": false,
          "Startup Cost": 199169.65,
          "Total Cost": 199170.06,
          "Plan Rows": 4,
          "Plan Width": 8,
          "Actual Startup Time": 1028.937,
          "Actual Total Time": 1081.825,
          "Actual Rows": 5,
          "Actual Loops": 1,
          "Workers Planned": 4,
          "Workers Launched": 4,
          "Single Copy": false,
          "Plans": [
            {
              "Node Type": "Aggregate",
              "Strategy": "Plain",
              "Partial Mode": "Partial",
              "Parent Relationship": "Outer",
              "Parallel Aware": false,
              "Startup Cost": 198169.65,
              "Total Cost": 198169.66,
              "Plan Rows": 1,
              "Plan Width": 8,
              "Actual Startup Time": 1018.287,
              "Actual Total Time": 1018.293,
              "Actual Rows": 1,
              "Actual Loops": 5,
              "Plans": [
                {
                  "Node Type": "Nested Loop",
                  "Parent Relationship": "Outer",
                  "Parallel Aware": false,
                  "Join Type": "Inner",
                  "Startup Cost": 26489.1,
                  "Total Cost": 197223.52,
                  "Plan Rows": 378453,
                  "Plan Width": 0,
                  "Actual Startup Time": 164.887,
                  "Actual Total Time": 978.476,
                  "Actual Rows": 913038,
                  "Actual Loops": 5,
                  "Inner Unique": false,
                  "Plans": [
                    {
                      "Node Type": "Hash Join",
                      "Parent Relationship": "Outer",
                      "Parallel Aware": true,
                      "Join Type": "Inner",
                      "Startup Cost": 26488.66,
                      "Total Cost": 72176.54,
                      "Plan Rows": 64723,
                      "Plan Width": 8,
                      "Actual Startup Time": 164.79,
                      "Actual Total Time": 277.18,
                      "Actual Rows": 51431,
                      "Actual Loops": 5,
                      "Inner Unique": false,
                      "Hash Cond": "(t.id = mc.movie_id)",
                      "Plans": [
                        {
                          "Node Type": "Seq Scan",
                          "Parent Relationship": "Outer",
                          "Parallel Aware": true,
                          "Relation Name": "title",
                          "Alias": "t",
                          "Startup Cost": 0.0,
                          "Total Cost": 42318.73,
                          "Plan Rows": 632073,
                          "Plan Width": 4,
                          "Actual Startup Time": 0.013,
                          "Actual Total Time": 65.932,
                          "Actual Rows": 505662,
                          "Actual Loops": 5
                        },
                        {
                          "Node Type": "Hash",
                          "Parent Relationship": "Inner",
                          "Parallel Aware": true,
                          "Startup Cost": 25444.75,
                          "Total Cost": 25444.75,
                          "Plan Rows": 83513,
                          "Plan Width": 4,
                          "Actual Startup Time": 71.03,
                          "Actual Total Time": 71.031,
                          "Actual Rows": 51431,
                          "Actual Loops": 5,
                          "Hash Buckets": 262144,
                          "Original Hash Buckets": 262144,
                          "Hash Batches": 1,
                          "Original Hash Batches": 1,
                          "Peak Memory Usage": 12192,
                          "Plans": [
                            {
                              "Node Type": "Bitmap Heap Scan",
                              "Parent Relationship": "Outer",
                              "Parallel Aware": true,
                              "Relation Name": "movie_companies",
                              "Alias": "mc",
                              "Startup Cost": 5610.84,
                              "Total Cost": 25444.75,
                              "Plan Rows": 83513,
                              "Plan Width": 4,
                              "Actual Startup Time": 21.3,
                              "Actual Total Time": 47.868,
                              "Actual Rows": 51431,
                              "Actual Loops": 5,
                              "Recheck Cond": "(company_id > 99942)",
                              "Rows Removed by Index Recheck": 0,
                              "Exact Heap Blocks": 1846,
                              "Lossy Heap Blocks": 0,
                              "Plans": [
                                {
                                  "Node Type": "Bitmap Index Scan",
                                  "Parent Relationship": "Outer",
                                  "Parallel Aware": false,
                                  "Index Name": "company_id_movie_companies",
                                  "Startup Cost": 0.0,
                                  "Total Cost": 5546.11,
                                  "Plan Rows": 258891,
                                  "Plan Width": 0,
                                  "Actual Startup Time": 23.454,
                                  "Actual Total Time": 23.454,
                                  "Actual Rows": 257153,
                                  "Actual Loops": 1,
                                  "Index Cond": "(company_id > 99942)"
                                }
                              ]
                            }
                          ]
                        }
                      ]
                    },
                    {
                      "Node Type": "Index Only Scan",
                      "Parent Relationship": "Inner",
                      "Parallel Aware": false,
                      "Scan Direction": "Forward",
                      "Index Name": "movie_id_movie_info",
                      "Relation Name": "movie_info",
                      "Alias": "mi",
                      "Startup Cost": 0.43,
                      "Total Cost": 1.51,
                      "Plan Rows": 42,
                      "Plan Width": 4,
                      "Actual Startup Time": 0.004,
                      "Actual Total Time": 0.012,
                      "Actual Rows": 18,
                      "Actual Loops": 257153,
                      "Index Cond": "(movie_id = t.id)",
                      "Rows Removed by Index Recheck": 0,
                      "Heap Fetches": 4565192
                    }
                  ]
                }
              ]
            }
          ]
        }
      ]
    },
    "Planning Time": 1.393,
    "Triggers": [],
    "Execution Time": 1081.961
  }
]