[
  {
    "Plan": {
      "Node Type": "Aggregate",
      "Strategy": "Plain",
      "Partial Mode": "Finalize",
      "Parallel Aware": false,
      "Startup Cost": 545297.36,
      "Total Cost": 545297.37,
      "Plan Rows": 1,
      "Plan Width": 8,
      "Actual Startup Time": 1319.069,
      "Actual Total Time": 1368.441,
      "Actual Rows": 1,
      "Actual Loops": 1,
      "Plans": [
        {
          "Node Type": "Gather",
          "Parent Relationship": "Outer",
          "Parallel Aware": false,
          "Startup Cost": 545296.84,
          "Total Cost": 545297.35,
          "Plan Rows": 5,
          "Plan Width": 8,
          "Actual Startup Time": 1302.606,
          "Actual Total Time": 1368.432,
          "Actual Rows": 6,
          "Actual Loops": 1,
          "Workers Planned": 5,
          "Workers Launched": 5,
          "Single Copy": false,
          "Plans": [
            {
              "Node Type": "Aggregate",
              "Strategy": "Plain",
              "Partial Mode": "Partial",
              "Parent Relationship": "Outer",
              "Parallel Aware": false,
              "Startup Cost": 544296.84,
              "Total Cost": 544296.85,
              "Plan Rows": 1,
              "Plan Width": 8,
              "Actual Startup Time": 1288.923,
              "Actual Total Time": 1288.938,
              "Actual Rows": 1,
              "Actual Loops": 6,
              "Plans": [
                {
                  "Node Type": "Hash Join",
                  "Parent Relationship": "Outer",
                  "Parallel Aware": true,
                  "Join Type": "Inner",
                  "Startup Cost": 337333.16,
                  "Total Cost": 541810.49,
                  "Plan Rows": 994540,
                  "Plan Width": 0,
                  "Actual Startup Time": 475.37,
                  "Actual Total Time": 1260.17,
                  "Actual Rows": 711808,
                  "Actual Loops": 6,
                  "Inner Unique": false,
                  "Hash Cond": "(mi.movie_id = t.id)",
                  "Plans": [
                    {
                      "Node Type": "Seq Scan",
                      "Parent Relationship": "Outer",
                      "Parallel Aware": true,
                      "Relation Name": "movie_info",
                      "Alias": "mi",
                      "Startup Cost": 0.0,
                      "Total Cost": 191685.19,
                      "Plan Rows": 2969219,
                      "Plan Width": 4,
                      "Actual Startup Time": 0.025,
                      "Actual Total Time": 290.226,
                      "Actual Rows": 2472620,
                      "Actual Loops": 6
                    },
                    {
                      "Node Type": "Hash",
                      "Parent Relationship": "Inner",
                      "Parallel Aware": true,
                      "Startup Cost": 335568.8,
                      "Total Cost": 335568.8,
                      "Plan Rows": 141149,
                      "Plan Width": 8,
                      "Actual Startup Time": 472.677,
                      "Actual Total Time": 472.682,
                      "Actual Rows": 141671,
                      "Actual Loops": 6,
                      "Hash Buckets": 1048576,
                      "Original Hash Buckets": 1048576,
                      "Hash Batches": 1,
                      "Original Hash Batches": 1,
                      "Peak Memory Usage": 41536,
                      "Plans": [
                        {
                          "Node Type": "Hash Join",
                          "Parent Relationship": "Outer",
                          "Parallel Aware": true,
                          "Join Type": "Inner",
                          "Startup Cost": 79381.04,
                          "Total Cost": 335568.8,
                          "Plan Rows": 141149,
                          "Plan Width": 8,
                          "Actual Startup Time": 261.368,
                          "Actual Total Time": 416.792,
                          "Actual Rows": 141671,
                          "Actual Loops": 6,
                          "Inner Unique": true,
                          "Hash Cond": "(ci.movie_id = t.id)",
                          "Plans": [
                            {
                              "Node Type": "Bitmap Heap Scan",
                              "Parent Relationship": "Outer",
                              "Parallel Aware": true,
                              "Relation Name": "cast_info",
                              "Alias": "ci",
                              "Startup Cost": 30663.23,
                              "Total Cost": 286243.42,
                              "Plan Rows": 231455,
                              "Plan Width": 4,
                              "Actual Startup Time": 44.359,
                              "Actual Total Time": 96.3,
                              "Actual Rows": 219360,
                              "Actual Loops": 6,
                              "Recheck Cond": "(person_id > 3807200)",
                              "Rows Removed by Index Recheck": 0,
                              "Exact Heap Blocks": 3650,
                              "Lossy Heap Blocks": 0,
                              "Plans": [
                                {
                                  "Node Type": "Bitmap Index Scan",
                                  "Parent Relationship": "Outer",
                                  "Parallel Aware": false,
                                  "Index Name": "person_id_cast_info",
                                  "Startup Cost": 0.0,
                                  "Total Cost": 30316.05,
                                  "Plan Rows": 1388731,
                                  "Plan Width": 0,
                                  "Actual Startup Time": 41.423,
                                  "Actual Total Time": 41.424,
                                  "Actual Rows": 1316157,
                                  "Actual Loops": 1,
                                  "Index Cond": "(person_id > 3807200)"
                                }
                              ]
                            },
                            {
                              "Node Type": "Hash",
                              "Parent Relationship": "Inner",
                              "Parallel Aware": true,
                              "Startup Cost": 43899.32,
                              "Total Cost": 43899.32,
                              "Plan Rows": 385479,
                              "Plan Width": 4,
                              "Actual Startup Time": 214.45,
                              "Actual Total Time": 214.451,
                              "Actual Rows": 257211,
                              "Actual Loops": 6,
                              "Hash Buckets": 2097152,
                              "Original Hash Buckets": 2097152,
                              "Hash Batches": 1,
                              "Original Hash Batches": 1,
                              "Peak Memory Usage": 76832,
                              "Plans": [
                                {
                                  "Node Type": "Seq Scan",
                                  "Parent Relationship": "Outer",
                                  "Parallel Aware": true,
                                  "Relation Name": "title",
                                  "Alias": "t",
                                  "Startup Cost": 0.0,
                                  "Total Cost": 43899.32,
                                  "Plan Rows": 385479,
                                  "Plan Width": 4,
                                  "Actual Startup Time": 0.059,
                                  "Actual Total Time": 88.754,
                                  "Actual Rows": 257211,
                                  "Actual Loops": 6,
                                  "Filter": "(kind_id = 7)",
                                  "Rows Removed by Filter": 164175
                                }
                              ]
                            }
                          ]
                        }
                      ]
                    }
                  ]
                }
              ]
            }
          ]
        }
      ]
    },
    "Planning Time": 0.361,
    "Triggers": [],
    "Execution Time": 1368.503
  }
]