[
  {
    "Plan": {
      "Node Type": "Aggregate",
      "Strategy": "Plain",
      "Partial Mode": "Finalize",
      "Parallel Aware": false,
      "Startup Cost": 212739.96,
      "Total Cost": 212739.97,
      "Plan Rows": 1,
      "Plan Width": 8,
      "Actual Startup Time": 288.252,
      "Actual Total Time": 303.302,
      "Actual Rows": 1,
      "Actual Loops": 1,
      "Plans": [
        {
          "Node Type": "Gather",
          "Parent Relationship": "Outer",
          "Parallel Aware": false,
          "Startup Cost": 212739.33,
          "Total Cost": 212739.94,
          "Plan Rows": 6,
          "Plan Width": 8,
          "Actual Startup Time": 288.19,
          "Actual Total Time": 303.295,
          "Actual Rows": 7,
          "Actual Loops": 1,
          "Workers Planned": 6,
          "Workers Launched": 6,
          "Single Copy": false,
          "Plans": [
            {
              "Node Type": "Aggregate",
              "Strategy": "Plain",
              "Partial Mode": "Partial",
              "Parent Relationship": "Outer",
              "Parallel Aware": false,
              "Startup Cost": 211739.33,
              "Total Cost": 211739.34,
              "Plan Rows": 1,
              "Plan Width": 8,
              "Actual Startup Time": 278.85,
              "Actual Total Time": 278.851,
              "Actual Rows": 1,
              "Actual Loops": 7,
              "Plans": [
                {
                  "Node Type": "Index Scan",
                  "Parent Relationship": "Outer",
                  "Parallel Aware": true,
                  "Scan Direction": "Forward",
                  "Index Name": "role_id_cast_info",
                  "Relation Name": "cast_info",
                  "Alias": "ci",
                  "Startup Cost": 0.56,
                  "Total Cost": 209040.78,
                  "Plan Rows": 1079419,
                  "Plan Width": 0,
                  "Actual Startup Time": 0.195,
                  "Actual Total Time": 234.609,
                  "Actual Rows": 1008958,
                  "Actual Loops": 7,
                  "Index Cond": "(role_id > 6)",
                  "Rows Removed by Index Recheck": 0,
                  "Filter": "(person_id > 602889)",
                  "Rows Removed by Filter": 92848
                }
              ]
            }
          ]
        }
      ]
    },
    "Planning Time": 0.237,
    "Triggers": [],
    "Execution Time": 303.376
  }
]