[
  {
    "Plan": {
      "Node Type": "Aggregate",
      "Strategy": "Plain",
      "Partial Mode": "Finalize",
      "Parallel Aware": false,
      "Startup Cost": 286856.81,
      "Total Cost": 286856.82,
      "Plan Rows": 1,
      "Plan Width": 8,
      "Actual Startup Time": 1770.386,
      "Actual Total Time": 1817.728,
      "Actual Rows": 1,
      "Actual Loops": 1,
      "Plans": [
        {
          "Node Type": "Gather",
          "Parent Relationship": "Outer",
          "Parallel Aware": false,
          "Startup Cost": 286856.29,
          "Total Cost": 286856.8,
          "Plan Rows": 5,
          "Plan Width": 8,
          "Actual Startup Time": 1759.157,
          "Actual Total Time": 1817.715,
          "Actual Rows": 6,
          "Actual Loops": 1,
          "Workers Planned": 5,
          "Workers Launched": 5,
          "Single Copy": false,
          "Plans": [
            {
              "Node Type": "Aggregate",
              "Strategy": "Plain",
              "Partial Mode": "Partial",
              "Parent Relationship": "Outer",
              "Parallel Aware": false,
              "Startup Cost": 285856.29,
              "Total Cost": 285856.3,
              "Plan Rows": 1,
              "Plan Width": 8,
              "Actual Startup Time": 1748.556,
              "Actual Total Time": 1748.641,
              "Actual Rows": 1,
              "Actual Loops": 6,
              "Plans": [
                {
                  "Node Type": "Hash Join",
                  "Parent Relationship": "Outer",
                  "Parallel Aware": true,
                  "Join Type": "Inner",
                  "Startup Cost": 79161.69,
                  "Total Cost": 284089.5,
                  "Plan Rows": 706716,
                  "Plan Width": 0,
                  "Actual Startup Time": 332.849,
                  "Actual Total Time": 1526.266,
                  "Actual Rows": 5256483,
                  "Actual Loops": 6,
                  "Inner Unique": false,
                  "Hash Cond": "(mi.movie_id = t.id)",
                  "Plans": [
                    {
                      "Node Type": "Seq Scan",
                      "Parent Relationship": "Outer",
                      "Parallel Aware": true,
                      "Relation Name": "movie_info",
                      "Alias": "mi",
                      "Startup Cost": 0.0,
                      "Total Cost": 191560.33,
                      "Plan Rows": 2956733,
                      "Plan Width": 4,
                      "Actual Startup Time": 0.015,
                      "Actual Total Time": 303.38,
                      "Actual Rows": 2472620,
                      "Actual Loops": 6
                    },
                    {
                      "Node Type": "Hash",
                      "Parent Relationship": "Inner",
                      "Parallel Aware": true,
                      "Startup Cost": 76724.95,
                      "Total Cost": 76724.95,
                      "Plan Rows": 194939,
                      "Plan Width": 8,
                      "Actual Startup Time": 327.682,
                      "Actual Total Time": 327.765,
                      "Actual Rows": 149234,
                      "Actual Loops": 6,
                      "Hash Buckets": 1048576,
                      "Original Hash Buckets": 1048576,
                      "Hash Batches": 1,
                      "Original Hash Batches": 1,
                      "Peak Memory Usage": 43360,
                      "Plans": [
                        {
                          "Node Type": "Hash Join",
                          "Parent Relationship": "Outer",
                          "Parallel Aware": true,
                          "Join Type": "Inner",
                          "Startup Cost": 47309.06,
                          "Total Cost": 76724.95,
                          "Plan Rows": 194939,
                          "Plan Width": 8,
                          "Actual Startup Time": 128.142,
                          "Actual Total Time": 274.022,
                          "Actual Rows": 149234,
                          "Actual Loops": 6,
                          "Inner Unique": true,
                          "Hash Cond": "(mc.movie_id = t.id)",
                          "Plans": [
                            {
                              "Node Type": "Seq Scan",
                              "Parent Relationship": "Outer",
                              "Parallel Aware": true,
                              "Relation Name": "movie_companies",
                              "Alias": "mc",
                              "Startup Cost": 0.0,
                              "Total Cost": 27206.55,
                              "Plan Rows": 841655,
                              "Plan Width": 4,
                              "Actual Startup Time": 0.017,
                              "Actual Total Time": 46.734,
                              "Actual Rows": 434855,
                              "Actual Loops": 6
                            },
                            {
                              "Node Type": "Hash",
                              "Parent Relationship": "Inner",
                              "Parallel Aware": true,
                              "Startup Cost": 45479.1,
                              "Total Cost": 45479.1,
                              "Plan Rows": 146397,
                              "Plan Width": 4,
                              "Actual Startup Time": 126.296,
                              "Actual Total Time": 126.297,
                              "Actual Rows": 82160,
                              "Actual Loops": 6,
                              "Hash Buckets": 1048576,
                              "Original Hash Buckets": 1048576,
                              "Hash Batches": 1,
                              "Original Hash Batches": 1,
                              "Peak Memory Usage": 27552,
                              "Plans": [
                                {
                                  "Node Type": "Seq Scan",
                                  "Parent Relationship": "Outer",
                                  "Parallel Aware": true,
                                  "Relation Name": "title",
                                  "Alias": "t",
                                  "Startup Cost": 0.0,
                                  "Total Cost": 45479.1,
                                  "Plan Rows": 146397,
                                  "Plan Width": 4,
                                  "Actual Startup Time": 0.088,
                                  "Actual Total Time": 83.953,
                                  "Actual Rows": 82160,
                                  "Actual Loops": 6,
                                  "Filter": "((kind_id < 7) AND (production_year > 1998))",
                                  "Rows Removed by Filter": 339226
                                }
                              ]
                            }
                          ]
                        }
                      ]
                    }
                  ]
                }
              ]
            }
          ]
        }
      ]
    },
    "Planning Time": 1.391,
    "Triggers": [],
    "Execution Time": 1817.821
  }
]