[
  {
    "Plan": {
      "Node Type": "Aggregate",
      "Strategy": "Plain",
      "Partial Mode": "Finalize",
      "Parallel Aware": false,
      "Startup Cost": 47070.41,
      "Total Cost": 47070.42,
      "Plan Rows": 1,
      "Plan Width": 8,
      "Actual Startup Time": 174.405,
      "Actual Total Time": 185.466,
      "Actual Rows": 1,
      "Actual Loops": 1,
      "Plans": [
        {
          "Node Type": "Gather",
          "Parent Relationship": "Outer",
          "Parallel Aware": false,
          "Startup Cost": 47070.1,
          "Total Cost": 47070.41,
          "Plan Rows": 3,
          "Plan Width": 8,
          "Actual Startup Time": 174.287,
          "Actual Total Time": 185.457,
          "Actual Rows": 4,
          "Actual Loops": 1,
          "Workers Planned": 3,
          "Workers Launched": 3,
          "Single Copy": false,
          "Plans": [
            {
              "Node Type": "Aggregate",
              "Strategy": "Plain",
              "Partial Mode": "Partial",
              "Parent Relationship": "Outer",
              "Parallel Aware": false,
              "Startup Cost": 46070.1,
              "Total Cost": 46070.11,
              "Plan Rows": 1,
              "Plan Width": 8,
              "Actual Startup Time": 166.033,
              "Actual Total Time": 166.034,
              "Actual Rows": 1,
              "Actual Loops": 4,
              "Plans": [
                {
                  "Node Type": "Seq Scan",
                  "Parent Relationship": "Outer",
                  "Parallel Aware": true,
                  "Relation Name": "movie_keyword",
                  "Alias": "mk",
                  "Startup Cost": 0.0,
                  "Total Cost": 42695.65,
                  "Plan Rows": 1349777,
                  "Plan Width": 0,
                  "Actual Startup Time": 0.071,
                  "Actual Total Time": 120.904,
                  "Actual Rows": 1046162,
                  "Actual Loops": 4,
                  "Filter": "(keyword_id > 280)",
                  "Rows Removed by Filter": 84820
                }
              ]
            }
          ]
        }
      ]
    },
    "Planning Time": 0.096,
    "Triggers": [],
    "Execution Time": 185.496
  }
]