[
  {
    "Plan": {
      "Node Type": "Aggregate",
      "Strategy": "Plain",
      "Partial Mode": "Finalize",
      "Parallel Aware": false,
      "Startup Cost": 47082.96,
      "Total Cost": 47082.97,
      "Plan Rows": 1,
      "Plan Width": 8,
      "Actual Startup Time": 193.436,
      "Actual Total Time": 204.691,
      "Actual Rows": 1,
      "Actual Loops": 1,
      "Plans": [
        {
          "Node Type": "Gather",
          "Parent Relationship": "Outer",
          "Parallel Aware": false,
          "Startup Cost": 47082.64,
          "Total Cost": 47082.95,
          "Plan Rows": 3,
          "Plan Width": 8,
          "Actual Startup Time": 193.323,
          "Actual Total Time": 204.681,
          "Actual Rows": 4,
          "Actual Loops": 1,
          "Workers Planned": 3,
          "Workers Launched": 3,
          "Single Copy": false,
          "Plans": [
            {
              "Node Type": "Aggregate",
              "Strategy": "Plain",
              "Partial Mode": "Partial",
              "Parent Relationship": "Outer",
              "Parallel Aware": false,
              "Startup Cost": 46082.64,
              "Total Cost": 46082.65,
              "Plan Rows": 1,
              "Plan Width": 8,
              "Actual Startup Time": 185.012,
              "Actual Total Time": 185.013,
              "Actual Rows": 1,
              "Actual Loops": 4,
              "Plans": [
                {
                  "Node Type": "Seq Scan",
                  "Parent Relationship": "Outer",
                  "Parallel Aware": true,
                  "Relation Name": "movie_keyword",
                  "Alias": "mk",
                  "Startup Cost": 0.0,
                  "Total Cost": 42695.65,
                  "Plan Rows": 1354795,
                  "Plan Width": 0,
                  "Actual Startup Time": 0.078,
                  "Actual Total Time": 135.014,
                  "Actual Rows": 1046162,
                  "Actual Loops": 4,
                  "Filter": "(keyword_id > 280)",
                  "Rows Removed by Filter": 84820
                }
              ]
            }
          ]
        }
      ]
    },
    "Planning Time": 0.16,
    "Triggers": [],
    "Execution Time": 204.742
  }
]