[
  {
    "Plan": {
      "Node Type": "Aggregate",
      "Strategy": "Plain",
      "Partial Mode": "Finalize",
      "Parallel Aware": false,
      "Startup Cost": 337331.38,
      "Total Cost": 337331.39,
      "Plan Rows": 1,
      "Plan Width": 8,
      "Actual Startup Time": 803.414,
      "Actual Total Time": 872.094,
      "Actual Rows": 1,
      "Actual Loops": 1,
      "Plans": [
        {
          "Node Type": "Gather",
          "Parent Relationship": "Outer",
          "Parallel Aware": false,
          "Startup Cost": 337330.76,
          "Total Cost": 337331.37,
          "Plan Rows": 6,
          "Plan Width": 8,
          "Actual Startup Time": 803.289,
          "Actual Total Time": 872.08,
          "Actual Rows": 7,
          "Actual Loops": 1,
          "Workers Planned": 6,
          "Workers Launched": 6,
          "Single Copy": false,
          "Plans": [
            {
              "Node Type": "Aggregate",
              "Strategy": "Plain",
              "Partial Mode": "Partial",
              "Parent Relationship": "Outer",
              "Parallel Aware": false,
              "Startup Cost": 336330.76,
              "Total Cost": 336330.77,
              "Plan Rows": 1,
              "Plan Width": 8,
              "Actual Startup Time": 792.585,
              "Actual Total Time": 792.587,
              "Actual Rows": 1,
              "Actual Loops": 7,
              "Plans": [
                {
                  "Node Type": "Seq Scan",
                  "Parent Relationship": "Outer",
                  "Parallel Aware": true,
                  "Relation Name": "cast_info",
                  "Alias": "ci",
                  "Startup Cost": 0.0,
                  "Total Cost": 328162.03,
                  "Plan Rows": 3267493,
                  "Plan Width": 0,
                  "Actual Startup Time": 0.064,
                  "Actual Total Time": 648.728,
                  "Actual Rows": 2810377,
                  "Actual Loops": 7,
                  "Filter": "(person_id < 1971579)",
                  "Rows Removed by Filter": 2367387
                }
              ]
            }
          ]
        }
      ]
    },
    "Planning Time": 0.252,
    "Triggers": [],
    "Execution Time": 872.183
  }
]