[
  {
    "Plan": {
      "Node Type": "Aggregate",
      "Strategy": "Plain",
      "Partial Mode": "Finalize",
      "Parallel Aware": false,
      "Startup Cost": 313673.97,
      "Total Cost": 313673.98,
      "Plan Rows": 1,
      "Plan Width": 8,
      "Actual Startup Time": 219.188,
      "Actual Total Time": 230.253,
      "Actual Rows": 1,
      "Actual Loops": 1,
      "Plans": [
        {
          "Node Type": "Gather",
          "Parent Relationship": "Outer",
          "Parallel Aware": false,
          "Startup Cost": 313673.35,
          "Total Cost": 313673.96,
          "Plan Rows": 6,
          "Plan Width": 8,
          "Actual Startup Time": 218.726,
          "Actual Total Time": 230.232,
          "Actual Rows": 7,
          "Actual Loops": 1,
          "Workers Planned": 6,
          "Workers Launched": 6,
          "Single Copy": false,
          "Plans": [
            {
              "Node Type": "Aggregate",
              "Strategy": "Plain",
              "Partial Mode": "Partial",
              "Parent Relationship": "Outer",
              "Parallel Aware": false,
              "Startup Cost": 312673.35,
              "Total Cost": 312673.36,
              "Plan Rows": 1,
              "Plan Width": 8,
              "Actual Startup Time": 209.526,
              "Actual Total Time": 209.528,
              "Actual Rows": 1,
              "Actual Loops": 7,
              "Plans": [
                {
                  "Node Type": "Bitmap Heap Scan",
                  "Parent Relationship": "Outer",
                  "Parallel Aware": true,
                  "Relation Name": "cast_info",
                  "Alias": "ci",
                  "Startup Cost": 53260.69,
                  "Total Cost": 312001.33,
                  "Plan Rows": 268808,
                  "Plan Width": 0,
                  "Actual Startup Time": 91.27,
                  "Actual Total Time": 193.685,
                  "Actual Rows": 283682,
                  "Actual Loops": 7,
                  "Recheck Cond": "(person_id < 242232)",
                  "Rows Removed by Index Recheck": 0,
                  "Filter": "(role_id < 4)",
                  "Rows Removed by Filter": 73117,
                  "Exact Heap Blocks": 5752,
                  "Lossy Heap Blocks": 0,
                  "Plans": [
                    {
                      "Node Type": "Bitmap Index Scan",
                      "Parent Relationship": "Outer",
                      "Parallel Aware": false,
                      "Index Name": "person_id_cast_info",
                      "Startup Cost": 0.0,
                      "Total Cost": 52857.48,
                      "Plan Rows": 2421455,
                      "Plan Width": 0,
                      "Actual Startup Time": 96.032,
                      "Actual Total Time": 96.032,
                      "Actual Rows": 2497594,
                      "Actual Loops": 1,
                      "Index Cond": "(person_id < 242232)"
                    }
                  ]
                }
              ]
            }
          ]
        }
      ]
    },
    "Planning Time": 0.114,
    "Triggers": [],
    "Execution Time": 230.295
  }
]