[
  {
    "Plan": {
      "Node Type": "Aggregate",
      "Strategy": "Plain",
      "Partial Mode": "Finalize",
      "Parallel Aware": false,
      "Startup Cost": 42147.67,
      "Total Cost": 42147.68,
      "Plan Rows": 1,
      "Plan Width": 8,
      "Actual Startup Time": 284.979,
      "Actual Total Time": 342.507,
      "Actual Rows": 1,
      "Actual Loops": 1,
      "Plans": [
        {
          "Node Type": "Gather",
          "Parent Relationship": "Outer",
          "Parallel Aware": false,
          "Startup Cost": 42147.45,
          "Total Cost": 42147.66,
          "Plan Rows": 2,
          "Plan Width": 8,
          "Actual Startup Time": 284.713,
          "Actual Total Time": 342.494,
          "Actual Rows": 3,
          "Actual Loops": 1,
          "Workers Planned": 2,
          "Workers Launched": 2,
          "Single Copy": false,
          "Plans": [
            {
              "Node Type": "Aggregate",
              "Strategy": "Plain",
              "Partial Mode": "Partial",
              "Parent Relationship": "Outer",
              "Parallel Aware": false,
              "Startup Cost": 41147.45,
              "Total Cost": 41147.46,
              "Plan Rows": 1,
              "Plan Width": 8,
              "Actual Startup Time": 278.469,
              "Actual Total Time": 278.472,
              "Actual Rows": 1,
              "Actual Loops": 3,
              "Plans": [
                {
                  "Node Type": "Nested Loop",
                  "Parent Relationship": "Outer",
                  "Parallel Aware": false,
                  "Join Type": "Inner",
                  "Startup Cost": 146.02,
                  "Total Cost": 41046.1,
                  "Plan Rows": 40540,
                  "Plan Width": 0,
                  "Actual Startup Time": 2.17,
                  "Actual Total Time": 271.167,
                  "Actual Rows": 110193,
                  "Actual Loops": 3,
                  "Inner Unique": false,
                  "Plans": [
                    {
                      "Node Type": "Nested Loop",
                      "Parent Relationship": "Outer",
                      "Parallel Aware": false,
                      "Join Type": "Inner",
                      "Startup Cost": 145.45,
                      "Total Cost": 35013.79,
                      "Plan Rows": 2828,
                      "Plan Width": 8,
                      "Actual Startup Time": 2.016,
                      "Actual Total Time": 20.668,
                      "Actual Rows": 1533,
                      "Actual Loops": 3,
                      "Inner Unique": true,
                      "Plans": [
                        {
                          "Node Type": "Bitmap Heap Scan",
                          "Parent Relationship": "Outer",
                          "Parallel Aware": true,
                          "Relation Name": "movie_keyword",
                          "Alias": "mk",
                          "Startup Cost": 145.02,
                          "Total Cost": 15193.32,
                          "Plan Rows": 2828,
                          "Plan Width": 4,
                          "Actual Startup Time": 1.865,
                          "Actual Total Time": 7.742,
                          "Actual Rows": 1533,
                          "Actual Loops": 3,
                          "Recheck Cond": "(keyword_id = 110)",
                          "Rows Removed by Index Recheck": 0,
                          "Exact Heap Blocks": 2095,
                          "Lossy Heap Blocks": 0,
                          "Plans": [
                            {
                              "Node Type": "Bitmap Index Scan",
                              "Parent Relationship": "Outer",
                              "Parallel Aware": false,
                              "Index Name": "keyword_id_movie_keyword",
                              "Startup Cost": 0.0,
                              "Total Cost": 143.33,
                              "Plan Rows": 6786,
                              "Plan Width": 0,
                              "Actual Startup Time": 3.783,
                              "Actual Total Time": 3.783,
                              "Actual Rows": 4600,
                              "Actual Loops": 1,
                              "Index Cond": "(keyword_id = 110)"
                            }
                          ]
                        },
                        {
                          "Node Type": "Index Only Scan",
                          "Parent Relationship": "Inner",
                          "Parallel Aware": false,
                          "Scan Direction": "Forward",
                          "Index Name": "title_pkey",
                          "Relation Name": "title",
                          "Alias": "t",
                          "Startup Cost": 0.43,
                          "Total Cost": 7.01,
                          "Plan Rows": 1,
                          "Plan Width": 4,
                          "Actual Startup Time": 0.008,
                          "Actual Total Time": 0.008,
                          "Actual Rows": 1,
                          "Actual Loops": 4600,
                          "Index Cond": "(id = mk.movie_id)",
                          "Rows Removed by Index Recheck": 0,
                          "Heap Fetches": 4600
                        }
                      ]
                    },
                    {
                      "Node Type": "Index Only Scan",
                      "Parent Relationship": "Inner",
                      "Parallel Aware": false,
                      "Scan Direction": "Forward",
                      "Index Name": "movie_id_cast_info",
                      "Relation Name": "cast_info",
                      "Alias": "ci",
                      "Startup Cost": 0.56,
                      "Total Cost": 1.78,
                      "Plan Rows": 35,
                      "Plan Width": 4,
                      "Actual Startup Time": 0.012,
                      "Actual Total Time": 0.157,
                      "Actual Rows": 72,
                      "Actual Loops": 4600,
                      "Index Cond": "(movie_id = t.id)",
                      "Rows Removed by Index Recheck": 0,
                      "Heap Fetches": 330579
                    }
                  ]
                }
              ]
            }
          ]
        }
      ]
    },
    "Planning Time": 1.091,
    "Triggers": [],
    "Execution Time": 342.616
  }
]