[
  {
    "Plan": {
      "Node Type": "Aggregate",
      "Strategy": "Plain",
      "Partial Mode": "Finalize",
      "Parallel Aware": false,
      "Startup Cost": 200745.09,
      "Total Cost": 200745.1,
      "Plan Rows": 1,
      "Plan Width": 8,
      "Actual Startup Time": 288.017,
      "Actual Total Time": 302.386,
      "Actual Rows": 1,
      "Actual Loops": 1,
      "Plans": [
        {
          "Node Type": "Gather",
          "Parent Relationship": "Outer",
          "Parallel Aware": false,
          "Startup Cost": 200744.46,
          "Total Cost": 200745.07,
          "Plan Rows": 6,
          "Plan Width": 8,
          "Actual Startup Time": 287.91,
          "Actual Total Time": 302.376,
          "Actual Rows": 7,
          "Actual Loops": 1,
          "Workers Planned": 6,
          "Workers Launched": 6,
          "Single Copy": false,
          "Plans": [
            {
              "Node Type": "Aggregate",
              "Strategy": "Plain",
              "Partial Mode": "Partial",
              "Parent Relationship": "Outer",
              "Parallel Aware": false,
              "Startup Cost": 199744.46,
              "Total Cost": 199744.47,
              "Plan Rows": 1,
              "Plan Width": 8,
              "Actual Startup Time": 277.699,
              "Actual Total Time": 277.701,
              "Actual Rows": 1,
              "Actual Loops": 7,
              "Plans": [
                {
                  "Node Type": "Index Scan",
                  "Parent Relationship": "Outer",
                  "Parallel Aware": true,
                  "Scan Direction": "Forward",
                  "Index Name": "role_id_cast_info",
                  "Relation Name": "cast_info",
                  "Alias": "ci",
                  "Startup Cost": 0.56,
                  "Total Cost": 197877.72,
                  "Plan Rows": 746696,
                  "Plan Width": 0,
                  "Actual Startup Time": 0.206,
                  "Actual Total Time": 246.529,
                  "Actual Rows": 563354,
                  "Actual Loops": 7,
                  "Index Cond": "(role_id = 2)",
                  "Rows Removed by Index Recheck": 0,
                  "Filter": "(person_id < 2250136)",
                  "Rows Removed by Filter": 501213
                }
              ]
            }
          ]
        }
      ]
    },
    "Planning Time": 0.229,
    "Triggers": [],
    "Execution Time": 302.445
  }
]