[
  {
    "Plan": {
      "Node Type": "Aggregate",
      "Strategy": "Plain",
      "Partial Mode": "Finalize",
      "Parallel Aware": false,
      "Startup Cost": 44401.25,
      "Total Cost": 44401.26,
      "Plan Rows": 1,
      "Plan Width": 8,
      "Actual Startup Time": 146.538,
      "Actual Total Time": 158.099,
      "Actual Rows": 1,
      "Actual Loops": 1,
      "Plans": [
        {
          "Node Type": "Gather",
          "Parent Relationship": "Outer",
          "Parallel Aware": false,
          "Startup Cost": 44400.93,
          "Total Cost": 44401.24,
          "Plan Rows": 3,
          "Plan Width": 8,
          "Actual Startup Time": 146.378,
          "Actual Total Time": 158.089,
          "Actual Rows": 4,
          "Actual Loops": 1,
          "Workers Planned": 3,
          "Workers Launched": 3,
          "Single Copy": false,
          "Plans": [
            {
              "Node Type": "Aggregate",
              "Strategy": "Plain",
              "Partial Mode": "Partial",
              "Parent Relationship": "Outer",
              "Parallel Aware": false,
              "Startup Cost": 43400.93,
              "Total Cost": 43400.94,
              "Plan Rows": 1,
              "Plan Width": 8,
              "Actual Startup Time": 137.918,
              "Actual Total Time": 137.92,
              "Actual Rows": 1,
              "Actual Loops": 4,
              "Plans": [
                {
                  "Node Type": "Seq Scan",
                  "Parent Relationship": "Outer",
                  "Parallel Aware": true,
                  "Relation Name": "movie_keyword",
                  "Alias": "mk",
                  "Startup Cost": 0.0,
                  "Total Cost": 42695.65,
                  "Plan Rows": 282110,
                  "Plan Width": 0,
                  "Actual Startup Time": 2.274,
                  "Actual Total Time": 124.295,
                  "Actual Rows": 217079,
                  "Actual Loops": 4,
                  "Filter": "(keyword_id > 21200)",
                  "Rows Removed by Filter": 913904
                }
              ]
            }
          ]
        }
      ]
    },
    "Planning Time": 0.156,
    "Triggers": [],
    "Execution Time": 158.154
  }
]