[
  {
    "Plan": {
      "Node Type": "Aggregate",
      "Strategy": "Plain",
      "Partial Mode": "Finalize",
      "Parallel Aware": false,
      "Startup Cost": 44400.03,
      "Total Cost": 44400.04,
      "Plan Rows": 1,
      "Plan Width": 8,
      "Actual Startup Time": 125.329,
      "Actual Total Time": 133.824,
      "Actual Rows": 1,
      "Actual Loops": 1,
      "Plans": [
        {
          "Node Type": "Gather",
          "Parent Relationship": "Outer",
          "Parallel Aware": false,
          "Startup Cost": 44399.71,
          "Total Cost": 44400.02,
          "Plan Rows": 3,
          "Plan Width": 8,
          "Actual Startup Time": 125.193,
          "Actual Total Time": 133.815,
          "Actual Rows": 4,
          "Actual Loops": 1,
          "Workers Planned": 3,
          "Workers Launched": 3,
          "Single Copy": false,
          "Plans": [
            {
              "Node Type": "Aggregate",
              "Strategy": "Plain",
              "Partial Mode": "Partial",
              "Parent Relationship": "Outer",
              "Parallel Aware": false,
              "Startup Cost": 43399.71,
              "Total Cost": 43399.72,
              "Plan Rows": 1,
              "Plan Width": 8,
              "Actual Startup Time": 119.04,
              "Actual Total Time": 119.041,
              "Actual Rows": 1,
              "Actual Loops": 4,
              "Plans": [
                {
                  "Node Type": "Seq Scan",
                  "Parent Relationship": "Outer",
                  "Parallel Aware": true,
                  "Relation Name": "movie_keyword",
                  "Alias": "mk",
                  "Startup Cost": 0.0,
                  "Total Cost": 42695.65,
                  "Plan Rows": 281622,
                  "Plan Width": 0,
                  "Actual Startup Time": 4.777,
                  "Actual Total Time": 107.855,
                  "Actual Rows": 217079,
                  "Actual Loops": 4,
                  "Filter": "(keyword_id > 21200)",
                  "Rows Removed by Filter": 913904
                }
              ]
            }
          ]
        }
      ]
    },
    "Planning Time": 0.219,
    "Triggers": [],
    "Execution Time": 133.882
  }
]