[
  {
    "Plan": {
      "Node Type": "Aggregate",
      "Strategy": "Plain",
      "Partial Mode": "Finalize",
      "Parallel Aware": false,
      "Startup Cost": 106753.14,
      "Total Cost": 106753.15,
      "Plan Rows": 1,
      "Plan Width": 8,
      "Actual Startup Time": 794.991,
      "Actual Total Time": 814.136,
      "Actual Rows": 1,
      "Actual Loops": 1,
      "Plans": [
        {
          "Node Type": "Gather",
          "Parent Relationship": "Outer",
          "Parallel Aware": false,
          "Startup Cost": 106752.93,
          "Total Cost": 106753.14,
          "Plan Rows": 2,
          "Plan Width": 8,
          "Actual Startup Time": 786.226,
          "Actual Total Time": 814.127,
          "Actual Rows": 3,
          "Actual Loops": 1,
          "Workers Planned": 2,
          "Workers Launched": 2,
          "Single Copy": false,
          "Plans": [
            {
              "Node Type": "Aggregate",
              "Strategy": "Plain",
              "Partial Mode": "Partial",
              "Parent Relationship": "Outer",
              "Parallel Aware": false,
              "Startup Cost": 105752.93,
              "Total Cost": 105752.94,
              "Plan Rows": 1,
              "Plan Width": 8,
              "Actual Startup Time": 774.845,
              "Actual Total Time": 774.977,
              "Actual Rows": 1,
              "Actual Loops": 3,
              "Plans": [
                {
                  "Node Type": "Hash Join",
                  "Parent Relationship": "Outer",
                  "Parallel Aware": true,
                  "Join Type": "Inner",
                  "Startup Cost": 89367.96,
                  "Total Cost": 105515.62,
                  "Plan Rows": 94925,
                  "Plan Width": 0,
                  "Actual Startup Time": 627.739,
                  "Actual Total Time": 760.218,
                  "Actual Rows": 311044,
                  "Actual Loops": 3,
                  "Inner Unique": false,
                  "Hash Cond": "(mi_idx.movie_id = t.id)",
                  "Plans": [
                    {
                      "Node Type": "Seq Scan",
                      "Parent Relationship": "Outer",
                      "Parallel Aware": true,
                      "Relation Name": "movie_info_idx",
                      "Alias": "mi_idx",
                      "Startup Cost": 0.0,
                      "Total Cost": 13685.15,
                      "Plan Rows": 575015,
                      "Plan Width": 4,
                      "Actual Startup Time": 0.018,
                      "Actual Total Time": 39.5,
                      "Actual Rows": 460012,
                      "Actual Loops": 3
                    },
                    {
                      "Node Type": "Hash",
                      "Parent Relationship": "Inner",
                      "Parallel Aware": true,
                      "Startup Cost": 87684.89,
                      "Total Cost": 87684.89,
                      "Plan Rows": 134645,
                      "Plan Width": 8,
                      "Actual Startup Time": 625.495,
                      "Actual Total Time": 625.625,
                      "Actual Rows": 152035,
                      "Actual Loops": 3,
                      "Hash Buckets": 524288,
                      "Original Hash Buckets": 524288,
                      "Hash Batches": 1,
                      "Original Hash Batches": 1,
                      "Peak Memory Usage": 21984,
                      "Plans": [
                        {
                          "Node Type": "Hash Join",
                          "Parent Relationship": "Outer",
                          "Parallel Aware": true,
                          "Join Type": "Inner",
                          "Startup Cost": 60916.27,
                          "Total Cost": 87684.89,
                          "Plan Rows": 134645,
                          "Plan Width": 8,
                          "Actual Startup Time": 449.9,
                          "Actual Total Time": 579.655,
                          "Actual Rows": 152035,
                          "Actual Loops": 3,
                          "Inner Unique": true,
                          "Hash Cond": "(mk.movie_id = t.id)",
                          "Plans": [
                            {
                              "Node Type": "Bitmap Heap Scan",
                              "Parent Relationship": "Outer",
                              "Parallel Aware": true,
                              "Relation Name": "movie_keyword",
                              "Alias": "mk",
                              "Startup Cost": 10065.05,
                              "Total Cost": 36431.96,
                              "Plan Rows": 153033,
                              "Plan Width": 4,
                              "Actual Startup Time": 31.04,
                              "Actual Total Time": 96.561,
                              "Actual Rows": 157515,
                              "Actual Loops": 3,
                              "Recheck Cond": "(keyword_id < 359)",
                              "Rows Removed by Index Recheck": 0,
                              "Exact Heap Blocks": 10158,
                              "Lossy Heap Blocks": 0,
                              "Plans": [
                                {
                                  "Node Type": "Bitmap Index Scan",
                                  "Parent Relationship": "Outer",
                                  "Parallel Aware": false,
                                  "Index Name": "keyword_id_movie_keyword",
                                  "Startup Cost": 0.0,
                                  "Total Cost": 9946.45,
                                  "Plan Rows": 474402,
                                  "Plan Width": 0,
                                  "Actual Startup Time": 27.267,
                                  "Actual Total Time": 27.268,
                                  "Actual Rows": 472545,
                                  "Actual Loops": 1,
                                  "Index Cond": "(keyword_id < 359)"
                                }
                              ]
                            },
                            {
                              "Node Type": "Hash",
                              "Parent Relationship": "Inner",
                              "Parallel Aware": true,
                              "Startup Cost": 43899.32,
                              "Total Cost": 43899.32,
                              "Plan Rows": 556152,
                              "Plan Width": 4,
                              "Actual Startup Time": 410.973,
                              "Actual Total Time": 410.974,
                              "Actual Rows": 741523,
                              "Actual Loops": 3,
                              "Hash Buckets": 4194304,
                              "Original Hash Buckets": 4194304,
                              "Hash Batches": 1,
                              "Original Hash Batches": 1,
                              "Peak Memory Usage": 119872,
                              "Plans": [
                                {
                                  "Node Type": "Seq Scan",
                                  "Parent Relationship": "Outer",
                                  "Parallel Aware": true,
                                  "Relation Name": "title",
                                  "Alias": "t",
                                  "Startup Cost": 0.0,
                                  "Total Cost": 43899.32,
                                  "Plan Rows": 556152,
                                  "Plan Width": 4,
                                  "Actual Startup Time": 0.023,
                                  "Actual Total Time": 153.689,
                                  "Actual Rows": 741523,
                                  "Actual Loops": 3,
                                  "Filter": "(production_year < 2012)",
                                  "Rows Removed by Filter": 101248
                                }
                              ]
                            }
                          ]
                        }
                      ]
                    }
                  ]
                }
              ]
            }
          ]
        }
      ]
    },
    "Planning Time": 0.39,
    "Triggers": [],
    "Execution Time": 814.196
  }
]