[
  {
    "Plan": {
      "Node Type": "Aggregate",
      "Strategy": "Plain",
      "Partial Mode": "Finalize",
      "Parallel Aware": false,
      "Startup Cost": 33341.38,
      "Total Cost": 33341.39,
      "Plan Rows": 1,
      "Plan Width": 8,
      "Actual Startup Time": 104.806,
      "Actual Total Time": 112.48,
      "Actual Rows": 1,
      "Actual Loops": 1,
      "Plans": [
        {
          "Node Type": "Gather",
          "Parent Relationship": "Outer",
          "Parallel Aware": false,
          "Startup Cost": 33341.06,
          "Total Cost": 33341.37,
          "Plan Rows": 3,
          "Plan Width": 8,
          "Actual Startup Time": 104.682,
          "Actual Total Time": 112.47,
          "Actual Rows": 4,
          "Actual Loops": 1,
          "Workers Planned": 3,
          "Workers Launched": 3,
          "Single Copy": false,
          "Plans": [
            {
              "Node Type": "Aggregate",
              "Strategy": "Plain",
              "Partial Mode": "Partial",
              "Parent Relationship": "Outer",
              "Parallel Aware": false,
              "Startup Cost": 32341.06,
              "Total Cost": 32341.07,
              "Plan Rows": 1,
              "Plan Width": 8,
              "Actual Startup Time": 97.327,
              "Actual Total Time": 97.328,
              "Actual Rows": 1,
              "Actual Loops": 4,
              "Plans": [
                {
                  "Node Type": "Seq Scan",
                  "Parent Relationship": "Outer",
                  "Parallel Aware": true,
                  "Relation Name": "movie_companies",
                  "Alias": "mc",
                  "Startup Cost": 0.0,
                  "Total Cost": 31414.82,
                  "Plan Rows": 370497,
                  "Plan Width": 0,
                  "Actual Startup Time": 49.158,
                  "Actual Total Time": 86.715,
                  "Actual Rows": 246382,
                  "Actual Loops": 4,
                  "Filter": "((company_id < 88338) AND (company_type_id > 1))",
                  "Rows Removed by Filter": 405901
                }
              ]
            }
          ]
        }
      ]
    },
    "Planning Time": 0.249,
    "Triggers": [],
    "Execution Time": 112.54
  }
]