[
  {
    "Plan": {
      "Node Type": "Aggregate",
      "Strategy": "Plain",
      "Partial Mode": "Finalize",
      "Parallel Aware": false,
      "Startup Cost": 46865.13,
      "Total Cost": 46865.14,
      "Plan Rows": 1,
      "Plan Width": 8,
      "Actual Startup Time": 187.765,
      "Actual Total Time": 197.296,
      "Actual Rows": 1,
      "Actual Loops": 1,
      "Plans": [
        {
          "Node Type": "Gather",
          "Parent Relationship": "Outer",
          "Parallel Aware": false,
          "Startup Cost": 46864.81,
          "Total Cost": 46865.12,
          "Plan Rows": 3,
          "Plan Width": 8,
          "Actual Startup Time": 187.646,
          "Actual Total Time": 197.286,
          "Actual Rows": 4,
          "Actual Loops": 1,
          "Workers Planned": 3,
          "Workers Launched": 3,
          "Single Copy": false,
          "Plans": [
            {
              "Node Type": "Aggregate",
              "Strategy": "Plain",
              "Partial Mode": "Partial",
              "Parent Relationship": "Outer",
              "Parallel Aware": false,
              "Startup Cost": 45864.81,
              "Total Cost": 45864.82,
              "Plan Rows": 1,
              "Plan Width": 8,
              "Actual Startup Time": 179.202,
              "Actual Total Time": 179.203,
              "Actual Rows": 1,
              "Actual Loops": 4,
              "Plans": [
                {
                  "Node Type": "Seq Scan",
                  "Parent Relationship": "Outer",
                  "Parallel Aware": true,
                  "Relation Name": "movie_keyword",
                  "Alias": "mk",
                  "Startup Cost": 0.0,
                  "Total Cost": 42695.65,
                  "Plan Rows": 1267663,
                  "Plan Width": 0,
                  "Actual Startup Time": 0.11,
                  "Actual Total Time": 131.723,
                  "Actual Rows": 979296,
                  "Actual Loops": 4,
                  "Filter": "(keyword_id > 459)",
                  "Rows Removed by Filter": 151686
                }
              ]
            }
          ]
        }
      ]
    },
    "Planning Time": 0.192,
    "Triggers": [],
    "Execution Time": 197.36
  }
]