{
  "Plan": {
    "Node Type": "Aggregate",
    "Strategy": "Plain",
    "Partial Mode": "Finalize",
    "Parallel Aware": false,
    "Startup Cost": 76929.32,
    "Total Cost": 76929.33,
    "Plan Rows": 1,
    "Plan Width": 8,
    "Actual Startup Time": 167.192,
    "Actual Total Time": 181.117,
    "Actual Rows": 1,
    "Actual Loops": 1,
    "Plans": [
      {
        "Node Type": "Gather",
        "Parent Relationship": "Outer",
        "Parallel Aware": false,
        "Startup Cost": 76929.21,
        "Total Cost": 76929.32,
        "Plan Rows": 1,
        "Plan Width": 8,
        "Actual Startup Time": 167.04,
        "Actual Total Time": 181.111,
        "Actual Rows": 2,
        "Actual Loops": 1,
        "Workers Planned": 1,
        "Workers Launched": 1,
        "Single Copy": false,
        "Plans": [
          {
            "Node Type": "Aggregate",
            "Strategy": "Plain",
            "Partial Mode": "Partial",
            "Parent Relationship": "Outer",
            "Parallel Aware": false,
            "Startup Cost": 75929.21,
            "Total Cost": 75929.22,
            "Plan Rows": 1,
            "Plan Width": 8,
            "Actual Startup Time": 161.084,
            "Actual Total Time": 161.087,
            "Actual Rows": 1,
            "Actual Loops": 2,
            "Plans": [
              {
                "Node Type": "Hash Join",
                "Parent Relationship": "Outer",
                "Parallel Aware": true,
                "Join Type": "Inner",
                "Startup Cost": 56420.35,
                "Total Cost": 75928.69,
                "Plan Rows": 209,
                "Plan Width": 0,
                "Actual Startup Time": 141.946,
                "Actual Total Time": 161.032,
                "Actual Rows": 940,
                "Actual Loops": 2,
                "Inner Unique": true,
                "Hash Cond": "(mc.movie_id = t.id)",
                "Plans": [
                  {
                    "Node Type": "Bitmap Heap Scan",
                    "Parent Relationship": "Outer",
                    "Parallel Aware": true,
                    "Relation Name": "movie_companies",
                    "Alias": "mc",
                    "Startup Cost": 1750.16,
                    "Total Cost": 21133.83,
                    "Plan Rows": 47494,
                    "Plan Width": 4,
                    "Actual Startup Time": 5.313,
                    "Actual Total Time": 19.931,
                    "Actual Rows": 42036,
                    "Actual Loops": 2,
                    "Recheck Cond": "(company_id < 19)",
                    "Rows Removed by Index Recheck": 0,
                    "Exact Heap Blocks": 6126,
                    "Lossy Heap Blocks": 0,
                    "Plans": [
                      {
                        "Node Type": "Bitmap Index Scan",
                        "Parent Relationship": "Outer",
                        "Parallel Aware": false,
                        "Index Name": "company_id_movie_companies",
                        "Startup Cost": 0.0,
                        "Total Cost": 1729.97,
                        "Plan Rows": 80739,
                        "Plan Width": 0,
                        "Actual Startup Time": 4.165,
                        "Actual Total Time": 4.165,
                        "Actual Rows": 84071,
                        "Actual Loops": 1,
                        "Index Cond": "(company_id < 19)"
                      }
                    ]
                  },
                  {
                    "Node Type": "Hash",
                    "Parent Relationship": "Inner",
                    "Parallel Aware": true,
                    "Startup Cost": 54588.39,
                    "Total Cost": 54588.39,
                    "Plan Rows": 6544,
                    "Plan Width": 4,
                    "Actual Startup Time": 135.32,
                    "Actual Total Time": 135.321,
                    "Actual Rows": 5536,
                    "Actual Loops": 2,
                    "Hash Buckets": 16384,
                    "Original Hash Buckets": 16384,
                    "Hash Batches": 1,
                    "Original Hash Batches": 1,
                    "Peak Memory Usage": 576,
                    "Plans": [
                      {
                        "Node Type": "Seq Scan",
                        "Parent Relationship": "Outer",
                        "Parallel Aware": true,
                        "Relation Name": "title",
                        "Alias": "t",
                        "Startup Cost": 0.0,
                        "Total Cost": 54588.39,
                        "Plan Rows": 6544,
                        "Plan Width": 4,
                        "Actual Startup Time": 0.065,
                        "Actual Total Time": 133.086,
                        "Actual Rows": 5536,
                        "Actual Loops": 2,
                        "Filter": "(production_year = 1961)",
                        "Rows Removed by Filter": 1258620
                      }
                    ]
                  }
                ]
              }
            ]
          }
        ]
      }
    ]
  },
  "Planning Time": 0.564,
  "Triggers": [],
  "Execution Time": 181.209
}