{
  "Plan": {
    "Node Type": "Aggregate",
    "Strategy": "Plain",
    "Partial Mode": "Finalize",
    "Parallel Aware": false,
    "Startup Cost": 95622.35,
    "Total Cost": 95622.36,
    "Plan Rows": 1,
    "Plan Width": 8,
    "Actual Startup Time": 486.995,
    "Actual Total Time": 502.701,
    "Actual Rows": 1,
    "Actual Loops": 1,
    "Plans": [
      {
        "Node Type": "Gather",
        "Parent Relationship": "Outer",
        "Parallel Aware": false,
        "Startup Cost": 95622.24,
        "Total Cost": 95622.35,
        "Plan Rows": 1,
        "Plan Width": 8,
        "Actual Startup Time": 486.033,
        "Actual Total Time": 502.694,
        "Actual Rows": 2,
        "Actual Loops": 1,
        "Workers Planned": 1,
        "Workers Launched": 1,
        "Single Copy": false,
        "Plans": [
          {
            "Node Type": "Aggregate",
            "Strategy": "Plain",
            "Partial Mode": "Partial",
            "Parent Relationship": "Outer",
            "Parallel Aware": false,
            "Startup Cost": 94622.24,
            "Total Cost": 94622.25,
            "Plan Rows": 1,
            "Plan Width": 8,
            "Actual Startup Time": 480.127,
            "Actual Total Time": 480.131,
            "Actual Rows": 1,
            "Actual Loops": 2,
            "Plans": [
              {
                "Node Type": "Hash Join",
                "Parent Relationship": "Outer",
                "Parallel Aware": true,
                "Join Type": "Inner",
                "Startup Cost": 32586.75,
                "Total Cost": 94064.53,
                "Plan Rows": 223086,
                "Plan Width": 0,
                "Actual Startup Time": 130.684,
                "Actual Total Time": 472.503,
                "Actual Rows": 188311,
                "Actual Loops": 2,
                "Inner Unique": false,
                "Hash Cond": "(t.id = mc.movie_id)",
                "Plans": [
                  {
                    "Node Type": "Seq Scan",
                    "Parent Relationship": "Outer",
                    "Parallel Aware": true,
                    "Relation Name": "title",
                    "Alias": "t",
                    "Startup Cost": 0.0,
                    "Total Cost": 50870.31,
                    "Plan Rows": 1487231,
                    "Plan Width": 4,
                    "Actual Startup Time": 0.01,
                    "Actual Total Time": 116.705,
                    "Actual Rows": 1264156,
                    "Actual Loops": 2
                  },
                  {
                    "Node Type": "Hash",
                    "Parent Relationship": "Inner",
                    "Parallel Aware": true,
                    "Startup Cost": 29798.18,
                    "Total Cost": 29798.18,
                    "Plan Rows": 223086,
                    "Plan Width": 4,
                    "Actual Startup Time": 125.306,
                    "Actual Total Time": 125.307,
                    "Actual Rows": 188311,
                    "Actual Loops": 2,
                    "Hash Buckets": 524288,
                    "Original Hash Buckets": 524288,
                    "Hash Batches": 1,
                    "Original Hash Batches": 1,
                    "Peak Memory Usage": 18848,
                    "Plans": [
                      {
                        "Node Type": "Bitmap Heap Scan",
                        "Parent Relationship": "Outer",
                        "Parallel Aware": true,
                        "Relation Name": "movie_companies",
                        "Alias": "mc",
                        "Startup Cost": 8219.59,
                        "Total Cost": 29798.18,
                        "Plan Rows": 223086,
                        "Plan Width": 4,
                        "Actual Startup Time": 29.83,
                        "Actual Total Time": 84.612,
                        "Actual Rows": 188311,
                        "Actual Loops": 2,
                        "Recheck Cond": "(company_id < 225)",
                        "Rows Removed by Index Recheck": 0,
                        "Exact Heap Blocks": 11493,
                        "Lossy Heap Blocks": 0,
                        "Plans": [
                          {
                            "Node Type": "Bitmap Index Scan",
                            "Parent Relationship": "Outer",
                            "Parallel Aware": false,
                            "Index Name": "company_id_movie_companies",
                            "Startup Cost": 0.0,
                            "Total Cost": 8124.78,
                            "Plan Rows": 379247,
                            "Plan Width": 0,
                            "Actual Startup Time": 26.516,
                            "Actual Total Time": 26.517,
                            "Actual Rows": 376622,
                            "Actual Loops": 1,
                            "Index Cond": "(company_id < 225)"
                          }
                        ]
                      }
                    ]
                  }
                ]
              }
            ]
          }
        ]
      }
    ]
  },
  "Planning Time": 0.607,
  "Triggers": [],
  "Execution Time": 502.791
}