[
  {
    "Plan": {
      "Node Type": "Aggregate",
      "Strategy": "Plain",
      "Partial Mode": "Finalize",
      "Parallel Aware": false,
      "Startup Cost": 333023.19,
      "Total Cost": 333023.2,
      "Plan Rows": 1,
      "Plan Width": 8,
      "Actual Startup Time": 683.725,
      "Actual Total Time": 727.306,
      "Actual Rows": 1,
      "Actual Loops": 1,
      "Plans": [
        {
          "Node Type": "Gather",
          "Parent Relationship": "Outer",
          "Parallel Aware": false,
          "Startup Cost": 333022.57,
          "Total Cost": 333023.18,
          "Plan Rows": 6,
          "Plan Width": 8,
          "Actual Startup Time": 683.527,
          "Actual Total Time": 727.292,
          "Actual Rows": 7,
          "Actual Loops": 1,
          "Workers Planned": 6,
          "Workers Launched": 6,
          "Single Copy": false,
          "Plans": [
            {
              "Node Type": "Aggregate",
              "Strategy": "Plain",
              "Partial Mode": "Partial",
              "Parent Relationship": "Outer",
              "Parallel Aware": false,
              "Startup Cost": 332022.57,
              "Total Cost": 332022.58,
              "Plan Rows": 1,
              "Plan Width": 8,
              "Actual Startup Time": 675.203,
              "Actual Total Time": 675.204,
              "Actual Rows": 1,
              "Actual Loops": 7,
              "Plans": [
                {
                  "Node Type": "Seq Scan",
                  "Parent Relationship": "Outer",
                  "Parallel Aware": true,
                  "Relation Name": "cast_info",
                  "Alias": "ci",
                  "Startup Cost": 0.0,
                  "Total Cost": 328211.39,
                  "Plan Rows": 1524470,
                  "Plan Width": 0,
                  "Actual Startup Time": 335.542,
                  "Actual Total Time": 611.233,
                  "Actual Rows": 1289778,
                  "Actual Loops": 7,
                  "Filter": "(person_id > 2793850)",
                  "Rows Removed by Filter": 3887985
                }
              ]
            }
          ]
        }
      ]
    },
    "Planning Time": 0.29,
    "Triggers": [],
    "Execution Time": 727.373
  }
]