[
    {
        "Bao": {
            "Bao prediction": "NaN",
            "Bao recommended hint": "(no hint)"
        }
    },
    {
        "Plan": {
            "Node Type": "Aggregate",
            "Strategy": "Plain",
            "Partial Mode": "Finalize",
            "Parallel Aware": false,
            "Startup Cost": 44177.67,
            "Total Cost": 44177.68,
            "Plan Rows": 1,
            "Plan Width": 8,
            "Actual Startup Time": 223.441,
            "Actual Total Time": 234.841,
            "Actual Rows": 1,
            "Actual Loops": 1,
            "Output": [
                "count(*)"
            ],
            "Plans": [
                {
                    "Node Type": "Gather",
                    "Parent Relationship": "Outer",
                    "Parallel Aware": false,
                    "Startup Cost": 44177.35,
                    "Total Cost": 44177.66,
                    "Plan Rows": 3,
                    "Plan Width": 8,
                    "Actual Startup Time": 222.924,
                    "Actual Total Time": 234.822,
                    "Actual Rows": 4,
                    "Actual Loops": 1,
                    "Output": [
                        "(PARTIAL count(*))"
                    ],
                    "Workers Planned": 3,
                    "Workers Launched": 3,
                    "Single Copy": false,
                    "Plans": [
                        {
                            "Node Type": "Aggregate",
                            "Strategy": "Plain",
                            "Partial Mode": "Partial",
                            "Parent Relationship": "Outer",
                            "Parallel Aware": false,
                            "Startup Cost": 43177.35,
                            "Total Cost": 43177.36,
                            "Plan Rows": 1,
                            "Plan Width": 8,
                            "Actual Startup Time": 212.65,
                            "Actual Total Time": 212.653,
                            "Actual Rows": 1,
                            "Actual Loops": 4,
                            "Output": [
                                "PARTIAL count(*)"
                            ],
                            "Workers": [
                                {
                                    "Worker Number": 0,
                                    "Actual Startup Time": 209.538,
                                    "Actual Total Time": 209.542,
                                    "Actual Rows": 1,
                                    "Actual Loops": 1
                                },
                                {
                                    "Worker Number": 1,
                                    "Actual Startup Time": 209.38,
                                    "Actual Total Time": 209.384,
                                    "Actual Rows": 1,
                                    "Actual Loops": 1
                                },
                                {
                                    "Worker Number": 2,
                                    "Actual Startup Time": 209.377,
                                    "Actual Total Time": 209.381,
                                    "Actual Rows": 1,
                                    "Actual Loops": 1
                                }
                            ],
                            "Plans": [
                                {
                                    "Node Type": "Bitmap Heap Scan",
                                    "Parent Relationship": "Outer",
                                    "Parallel Aware": true,
                                    "Relation Name": "movie_keyword",
                                    "Schema": "public",
                                    "Alias": "mk",
                                    "Startup Cost": 15245.99,
                                    "Total Cost": 42597.79,
                                    "Plan Rows": 231824,
                                    "Plan Width": 0,
                                    "Actual Startup Time": 80.342,
                                    "Actual Total Time": 199.224,
                                    "Actual Rows": 176736,
                                    "Actual Loops": 4,
                                    "Recheck Cond": "(mk.keyword_id > 26710)",
                                    "Rows Removed by Index Recheck": 0,
                                    "Exact Heap Blocks": 8500,
                                    "Lossy Heap Blocks": 0,
                                    "Workers": [
                                        {
                                            "Worker Number": 0,
                                            "Actual Startup Time": 77.331,
                                            "Actual Total Time": 198.546,
                                            "Actual Rows": 133354,
                                            "Actual Loops": 1
                                        },
                                        {
                                            "Worker Number": 1,
                                            "Actual Startup Time": 77.245,
                                            "Actual Total Time": 196.71,
                                            "Actual Rows": 160609,
                                            "Actual Loops": 1
                                        },
                                        {
                                            "Worker Number": 2,
                                            "Actual Startup Time": 77.26,
                                            "Actual Total Time": 196.611,
                                            "Actual Rows": 157961,
                                            "Actual Loops": 1
                                        }
                                    ],
                                    "Plans": [
                                        {
                                            "Node Type": "Bitmap Index Scan",
                                            "Parent Relationship": "Outer",
                                            "Parallel Aware": false,
                                            "Index Name": "keyword_id_movie_keyword",
                                            "Startup Cost": 0.0,
                                            "Total Cost": 15066.33,
                                            "Plan Rows": 718653,
                                            "Plan Width": 0,
                                            "Actual Startup Time": 83.853,
                                            "Actual Total Time": 83.854,
                                            "Actual Rows": 706942,
                                            "Actual Loops": 1,
                                            "Index Cond": "(mk.keyword_id > 26710)"
                                        }
                                    ]
                                }
                            ]
                        }
                    ]
                }
            ]
        },
        "Planning Time": 307.611,
        "Triggers": [],
        "Execution Time": 234.993
    }
]