[
  {
    "Plan": {
      "Node Type": "Aggregate",
      "Strategy": "Plain",
      "Partial Mode": "Finalize",
      "Parallel Aware": false,
      "Startup Cost": 62456.23,
      "Total Cost": 62456.24,
      "Plan Rows": 1,
      "Plan Width": 8,
      "Actual Startup Time": 174.933,
      "Actual Total Time": 188.292,
      "Actual Rows": 1,
      "Actual Loops": 1,
      "Plans": [
        {
          "Node Type": "Gather",
          "Parent Relationship": "Outer",
          "Parallel Aware": false,
          "Startup Cost": 62456.02,
          "Total Cost": 62456.23,
          "Plan Rows": 2,
          "Plan Width": 8,
          "Actual Startup Time": 174.805,
          "Actual Total Time": 188.285,
          "Actual Rows": 3,
          "Actual Loops": 1,
          "Workers Planned": 2,
          "Workers Launched": 2,
          "Single Copy": false,
          "Plans": [
            {
              "Node Type": "Aggregate",
              "Strategy": "Plain",
              "Partial Mode": "Partial",
              "Parent Relationship": "Outer",
              "Parallel Aware": false,
              "Startup Cost": 61456.02,
              "Total Cost": 61456.03,
              "Plan Rows": 1,
              "Plan Width": 8,
              "Actual Startup Time": 167.228,
              "Actual Total Time": 167.23,
              "Actual Rows": 1,
              "Actual Loops": 3,
              "Plans": [
                {
                  "Node Type": "Hash Join",
                  "Parent Relationship": "Outer",
                  "Parallel Aware": true,
                  "Join Type": "Inner",
                  "Startup Cost": 45809.09,
                  "Total Cost": 61435.96,
                  "Plan Rows": 8022,
                  "Plan Width": 0,
                  "Actual Startup Time": 139.386,
                  "Actual Total Time": 167.22,
                  "Actual Rows": 11,
                  "Actual Loops": 3,
                  "Inner Unique": true,
                  "Hash Cond": "(mi_idx.movie_id = t.id)",
                  "Plans": [
                    {
                      "Node Type": "Seq Scan",
                      "Parent Relationship": "Outer",
                      "Parallel Aware": true,
                      "Relation Name": "movie_info_idx",
                      "Alias": "mi_idx",
                      "Startup Cost": 0.0,
                      "Total Cost": 15122.68,
                      "Plan Rows": 192074,
                      "Plan Width": 4,
                      "Actual Startup Time": 0.027,
                      "Actual Total Time": 38.558,
                      "Actual Rows": 153395,
                      "Actual Loops": 3,
                      "Filter": "(info_type_id > 100)",
                      "Rows Removed by Filter": 306617
                    },
                    {
                      "Node Type": "Hash",
                      "Parent Relationship": "Inner",
                      "Parallel Aware": true,
                      "Startup Cost": 45479.1,
                      "Total Cost": 45479.1,
                      "Plan Rows": 26399,
                      "Plan Width": 4,
                      "Actual Startup Time": 113.389,
                      "Actual Total Time": 113.39,
                      "Actual Rows": 122,
                      "Actual Loops": 3,
                      "Hash Buckets": 131072,
                      "Original Hash Buckets": 131072,
                      "Hash Batches": 1,
                      "Original Hash Batches": 1,
                      "Peak Memory Usage": 1120,
                      "Plans": [
                        {
                          "Node Type": "Seq Scan",
                          "Parent Relationship": "Outer",
                          "Parallel Aware": true,
                          "Relation Name": "title",
                          "Alias": "t",
                          "Startup Cost": 0.0,
                          "Total Cost": 45479.1,
                          "Plan Rows": 26399,
                          "Plan Width": 4,
                          "Actual Startup Time": 16.774,
                          "Actual Total Time": 113.095,
                          "Actual Rows": 122,
                          "Actual Loops": 3,
                          "Filter": "((kind_id > 2) AND (production_year < 1946))",
                          "Rows Removed by Filter": 842648
                        }
                      ]
                    }
                  ]
                }
              ]
            }
          ]
        }
      ]
    },
    "Planning Time": 0.615,
    "Triggers": [],
    "Execution Time": 188.361
  }
]