[
  {
    "Plan": {
      "Node Type": "Aggregate",
      "Strategy": "Plain",
      "Partial Mode": "Finalize",
      "Parallel Aware": false,
      "Startup Cost": 54367.87,
      "Total Cost": 54367.88,
      "Plan Rows": 1,
      "Plan Width": 8,
      "Actual Startup Time": 66.865,
      "Actual Total Time": 75.512,
      "Actual Rows": 1,
      "Actual Loops": 1,
      "Plans": [
        {
          "Node Type": "Gather",
          "Parent Relationship": "Outer",
          "Parallel Aware": false,
          "Startup Cost": 54367.55,
          "Total Cost": 54367.86,
          "Plan Rows": 3,
          "Plan Width": 8,
          "Actual Startup Time": 66.682,
          "Actual Total Time": 75.506,
          "Actual Rows": 4,
          "Actual Loops": 1,
          "Workers Planned": 3,
          "Workers Launched": 3,
          "Single Copy": false,
          "Plans": [
            {
              "Node Type": "Aggregate",
              "Strategy": "Plain",
              "Partial Mode": "Partial",
              "Parent Relationship": "Outer",
              "Parallel Aware": false,
              "Startup Cost": 53367.55,
              "Total Cost": 53367.56,
              "Plan Rows": 1,
              "Plan Width": 8,
              "Actual Startup Time": 59.771,
              "Actual Total Time": 59.773,
              "Actual Rows": 1,
              "Actual Loops": 4,
              "Plans": [
                {
                  "Node Type": "Nested Loop",
                  "Parent Relationship": "Outer",
                  "Parallel Aware": false,
                  "Join Type": "Inner",
                  "Startup Cost": 237.5,
                  "Total Cost": 53364.34,
                  "Plan Rows": 1284,
                  "Plan Width": 0,
                  "Actual Startup Time": 6.691,
                  "Actual Total Time": 59.28,
                  "Actual Rows": 5275,
                  "Actual Loops": 4,
                  "Inner Unique": false,
                  "Plans": [
                    {
                      "Node Type": "Bitmap Heap Scan",
                      "Parent Relationship": "Outer",
                      "Parallel Aware": true,
                      "Relation Name": "title",
                      "Alias": "t",
                      "Startup Cost": 237.07,
                      "Total Cost": 26144.36,
                      "Plan Rows": 3442,
                      "Plan Width": 4,
                      "Actual Startup Time": 6.31,
                      "Actual Total Time": 20.622,
                      "Actual Rows": 2873,
                      "Actual Loops": 4,
                      "Recheck Cond": "(kind_id = 6)",
                      "Rows Removed by Index Recheck": 0,
                      "Filter": "(production_year < 2011)",
                      "Rows Removed by Filter": 277,
                      "Exact Heap Blocks": 3512,
                      "Lossy Heap Blocks": 0,
                      "Plans": [
                        {
                          "Node Type": "Bitmap Index Scan",
                          "Parent Relationship": "Outer",
                          "Parallel Aware": false,
                          "Index Name": "kind_id_title",
                          "Startup Cost": 0.0,
                          "Total Cost": 234.4,
                          "Plan Rows": 13063,
                          "Plan Width": 0,
                          "Actual Startup Time": 8.6,
                          "Actual Total Time": 8.601,
                          "Actual Rows": 12600,
                          "Actual Loops": 1,
                          "Index Cond": "(kind_id = 6)"
                        }
                      ]
                    },
                    {
                      "Node Type": "Index Scan",
                      "Parent Relationship": "Inner",
                      "Parallel Aware": false,
                      "Scan Direction": "Forward",
                      "Index Name": "movie_id_movie_keyword",
                      "Relation Name": "movie_keyword",
                      "Alias": "mk",
                      "Startup Cost": 0.43,
                      "Total Cost": 7.82,
                      "Plan Rows": 9,
                      "Plan Width": 4,
                      "Actual Startup Time": 0.012,
                      "Actual Total Time": 0.013,
                      "Actual Rows": 2,
                      "Actual Loops": 11491,
                      "Index Cond": "(movie_id = t.id)",
                      "Rows Removed by Index Recheck": 0,
                      "Filter": "(keyword_id > 20090)",
                      "Rows Removed by Filter": 5
                    }
                  ]
                }
              ]
            }
          ]
        }
      ]
    },
    "Planning Time": 0.638,
    "Triggers": [],
    "Execution Time": 75.598
  }
]