[
  {
    "Plan": {
      "Node Type": "Aggregate",
      "Strategy": "Plain",
      "Partial Mode": "Finalize",
      "Parallel Aware": false,
      "Startup Cost": 45081.14,
      "Total Cost": 45081.15,
      "Plan Rows": 1,
      "Plan Width": 8,
      "Actual Startup Time": 137.265,
      "Actual Total Time": 146.841,
      "Actual Rows": 1,
      "Actual Loops": 1,
      "Plans": [
        {
          "Node Type": "Gather",
          "Parent Relationship": "Outer",
          "Parallel Aware": false,
          "Startup Cost": 45080.82,
          "Total Cost": 45081.13,
          "Plan Rows": 3,
          "Plan Width": 8,
          "Actual Startup Time": 137.118,
          "Actual Total Time": 146.83,
          "Actual Rows": 4,
          "Actual Loops": 1,
          "Workers Planned": 3,
          "Workers Launched": 3,
          "Single Copy": false,
          "Plans": [
            {
              "Node Type": "Aggregate",
              "Strategy": "Plain",
              "Partial Mode": "Partial",
              "Parent Relationship": "Outer",
              "Parallel Aware": false,
              "Startup Cost": 44080.82,
              "Total Cost": 44080.83,
              "Plan Rows": 1,
              "Plan Width": 8,
              "Actual Startup Time": 130.513,
              "Actual Total Time": 130.515,
              "Actual Rows": 1,
              "Actual Loops": 4,
              "Plans": [
                {
                  "Node Type": "Seq Scan",
                  "Parent Relationship": "Outer",
                  "Parallel Aware": true,
                  "Relation Name": "movie_keyword",
                  "Alias": "mk",
                  "Startup Cost": 0.0,
                  "Total Cost": 42695.65,
                  "Plan Rows": 554067,
                  "Plan Width": 0,
                  "Actual Startup Time": 1.229,
                  "Actual Total Time": 110.066,
                  "Actual Rows": 430596,
                  "Actual Loops": 4,
                  "Filter": "(keyword_id > 8232)",
                  "Rows Removed by Filter": 700387
                }
              ]
            }
          ]
        }
      ]
    },
    "Planning Time": 0.194,
    "Triggers": [],
    "Execution Time": 146.908
  }
]