[
    {
        "Bao": {
            "Bao prediction": "NaN",
            "Bao recommended hint": "(no hint)"
        }
    },
    {
        "Plan": {
            "Node Type": "Aggregate",
            "Strategy": "Plain",
            "Partial Mode": "Finalize",
            "Parallel Aware": false,
            "Startup Cost": 33371.57,
            "Total Cost": 33371.58,
            "Plan Rows": 1,
            "Plan Width": 8,
            "Actual Startup Time": 101.629,
            "Actual Total Time": 106.586,
            "Actual Rows": 1,
            "Actual Loops": 1,
            "Output": [
                "count(*)"
            ],
            "Plans": [
                {
                    "Node Type": "Gather",
                    "Parent Relationship": "Outer",
                    "Parallel Aware": false,
                    "Startup Cost": 33371.25,
                    "Total Cost": 33371.56,
                    "Plan Rows": 3,
                    "Plan Width": 8,
                    "Actual Startup Time": 101.5,
                    "Actual Total Time": 106.578,
                    "Actual Rows": 4,
                    "Actual Loops": 1,
                    "Output": [
                        "(PARTIAL count(*))"
                    ],
                    "Workers Planned": 3,
                    "Workers Launched": 3,
                    "Single Copy": false,
                    "Plans": [
                        {
                            "Node Type": "Aggregate",
                            "Strategy": "Plain",
                            "Partial Mode": "Partial",
                            "Parent Relationship": "Outer",
                            "Parallel Aware": false,
                            "Startup Cost": 32371.25,
                            "Total Cost": 32371.26,
                            "Plan Rows": 1,
                            "Plan Width": 8,
                            "Actual Startup Time": 93.643,
                            "Actual Total Time": 93.644,
                            "Actual Rows": 1,
                            "Actual Loops": 4,
                            "Output": [
                                "PARTIAL count(*)"
                            ],
                            "Workers": [
                                {
                                    "Worker Number": 0,
                                    "Actual Startup Time": 90.835,
                                    "Actual Total Time": 90.836,
                                    "Actual Rows": 1,
                                    "Actual Loops": 1
                                },
                                {
                                    "Worker Number": 1,
                                    "Actual Startup Time": 91.134,
                                    "Actual Total Time": 91.134,
                                    "Actual Rows": 1,
                                    "Actual Loops": 1
                                },
                                {
                                    "Worker Number": 2,
                                    "Actual Startup Time": 91.366,
                                    "Actual Total Time": 91.367,
                                    "Actual Rows": 1,
                                    "Actual Loops": 1
                                }
                            ],
                            "Plans": [
                                {
                                    "Node Type": "Seq Scan",
                                    "Parent Relationship": "Outer",
                                    "Parallel Aware": true,
                                    "Relation Name": "movie_companies",
                                    "Schema": "public",
                                    "Alias": "mc",
                                    "Startup Cost": 0.0,
                                    "Total Cost": 31414.82,
                                    "Plan Rows": 382573,
                                    "Plan Width": 0,
                                    "Actual Startup Time": 41.731,
                                    "Actual Total Time": 79.758,
                                    "Actual Rows": 317704,
                                    "Actual Loops": 4,
                                    "Output": [
                                        "id",
                                        "movie_id",
                                        "company_id",
                                        "company_type_id",
                                        "note"
                                    ],
                                    "Filter": "((mc.company_id > 145) AND (mc.company_type_id > 1))",
                                    "Rows Removed by Filter": 334578,
                                    "Workers": [
                                        {
                                            "Worker Number": 0,
                                            "Actual Startup Time": 38.934,
                                            "Actual Total Time": 77.081,
                                            "Actual Rows": 338480,
                                            "Actual Loops": 1
                                        },
                                        {
                                            "Worker Number": 1,
                                            "Actual Startup Time": 39.222,
                                            "Actual Total Time": 77.68,
                                            "Actual Rows": 334443,
                                            "Actual Loops": 1
                                        },
                                        {
                                            "Worker Number": 2,
                                            "Actual Startup Time": 39.431,
                                            "Actual Total Time": 77.567,
                                            "Actual Rows": 210271,
                                            "Actual Loops": 1
                                        }
                                    ]
                                }
                            ]
                        }
                    ]
                }
            ]
        },
        "Planning Time": 175.194,
        "Triggers": [],
        "Execution Time": 106.626
    }
]