[
  {
    "Plan": {
      "Node Type": "Aggregate",
      "Strategy": "Plain",
      "Partial Mode": "Finalize",
      "Parallel Aware": false,
      "Startup Cost": 94347.11,
      "Total Cost": 94347.12,
      "Plan Rows": 1,
      "Plan Width": 8,
      "Actual Startup Time": 1153.206,
      "Actual Total Time": 1201.281,
      "Actual Rows": 1,
      "Actual Loops": 1,
      "Plans": [
        {
          "Node Type": "Gather",
          "Parent Relationship": "Outer",
          "Parallel Aware": false,
          "Startup Cost": 94346.69,
          "Total Cost": 94347.1,
          "Plan Rows": 4,
          "Plan Width": 8,
          "Actual Startup Time": 1153.191,
          "Actual Total Time": 1201.271,
          "Actual Rows": 5,
          "Actual Loops": 1,
          "Workers Planned": 4,
          "Workers Launched": 4,
          "Single Copy": false,
          "Plans": [
            {
              "Node Type": "Aggregate",
              "Strategy": "Plain",
              "Partial Mode": "Partial",
              "Parent Relationship": "Outer",
              "Parallel Aware": false,
              "Startup Cost": 93346.69,
              "Total Cost": 93346.7,
              "Plan Rows": 1,
              "Plan Width": 8,
              "Actual Startup Time": 1138.938,
              "Actual Total Time": 1138.94,
              "Actual Rows": 1,
              "Actual Loops": 5,
              "Plans": [
                {
                  "Node Type": "Nested Loop",
                  "Parent Relationship": "Outer",
                  "Parallel Aware": false,
                  "Join Type": "Inner",
                  "Startup Cost": 1.0,
                  "Total Cost": 93327.28,
                  "Plan Rows": 7767,
                  "Plan Width": 0,
                  "Actual Startup Time": 3.788,
                  "Actual Total Time": 1129.155,
                  "Actual Rows": 105047,
                  "Actual Loops": 5,
                  "Inner Unique": false,
                  "Join Filter": "(t.id = ci.movie_id)",
                  "Rows Removed by Join Filter": 0,
                  "Plans": [
                    {
                      "Node Type": "Nested Loop",
                      "Parent Relationship": "Outer",
                      "Parallel Aware": false,
                      "Join Type": "Inner",
                      "Startup Cost": 0.43,
                      "Total Cost": 85428.42,
                      "Plan Rows": 3224,
                      "Plan Width": 8,
                      "Actual Startup Time": 2.367,
                      "Actual Total Time": 706.177,
                      "Actual Rows": 6523,
                      "Actual Loops": 5,
                      "Inner Unique": false,
                      "Plans": [
                        {
                          "Node Type": "Seq Scan",
                          "Parent Relationship": "Outer",
                          "Parallel Aware": true,
                          "Relation Name": "title",
                          "Alias": "t",
                          "Startup Cost": 0.0,
                          "Total Cost": 45479.59,
                          "Plan Rows": 5911,
                          "Plan Width": 4,
                          "Actual Startup Time": 0.238,
                          "Actual Total Time": 88.702,
                          "Actual Rows": 4127,
                          "Actual Loops": 5,
                          "Filter": "((kind_id < 7) AND (production_year = 2002))",
                          "Rows Removed by Filter": 501536
                        },
                        {
                          "Node Type": "Index Scan",
                          "Parent Relationship": "Inner",
                          "Parallel Aware": false,
                          "Scan Direction": "Forward",
                          "Index Name": "movie_id_movie_keyword",
                          "Relation Name": "movie_keyword",
                          "Alias": "mk",
                          "Startup Cost": 0.43,
                          "Total Cost": 6.62,
                          "Plan Rows": 14,
                          "Plan Width": 4,
                          "Actual Startup Time": 0.147,
                          "Actual Total Time": 0.149,
                          "Actual Rows": 2,
                          "Actual Loops": 20633,
                          "Index Cond": "(movie_id = t.id)",
                          "Rows Removed by Index Recheck": 0,
                          "Filter": "(keyword_id > 12109)",
                          "Rows Removed by Filter": 4
                        }
                      ]
                    },
                    {
                      "Node Type": "Index Scan",
                      "Parent Relationship": "Inner",
                      "Parallel Aware": false,
                      "Scan Direction": "Forward",
                      "Index Name": "movie_id_cast_info",
                      "Relation Name": "cast_info",
                      "Alias": "ci",
                      "Startup Cost": 0.56,
                      "Total Cost": 2.38,
                      "Plan Rows": 6,
                      "Plan Width": 4,
                      "Actual Startup Time": 0.041,
                      "Actual Total Time": 0.061,
                      "Actual Rows": 16,
                      "Actual Loops": 32615,
                      "Index Cond": "(movie_id = mk.movie_id)",
                      "Rows Removed by Index Recheck": 0,
                      "Filter": "(person_id > 3044503)",
                      "Rows Removed by Filter": 45
                    }
                  ]
                }
              ]
            }
          ]
        }
      ]
    },
    "Planning Time": 1.416,
    "Triggers": [],
    "Execution Time": 1201.393
  }
]