{
  "Plan": {
    "Node Type": "Aggregate",
    "Strategy": "Plain",
    "Partial Mode": "Finalize",
    "Parallel Aware": false,
    "Startup Cost": 359762.41,
    "Total Cost": 359762.42,
    "Plan Rows": 1,
    "Plan Width": 8,
    "Actual Startup Time": 1105.471,
    "Actual Total Time": 1119.345,
    "Actual Rows": 1,
    "Actual Loops": 1,
    "Plans": [
      {
        "Node Type": "Gather",
        "Parent Relationship": "Outer",
        "Parallel Aware": false,
        "Startup Cost": 359762.3,
        "Total Cost": 359762.41,
        "Plan Rows": 1,
        "Plan Width": 8,
        "Actual Startup Time": 1102.798,
        "Actual Total Time": 1119.339,
        "Actual Rows": 2,
        "Actual Loops": 1,
        "Workers Planned": 1,
        "Workers Launched": 1,
        "Single Copy": false,
        "Plans": [
          {
            "Node Type": "Aggregate",
            "Strategy": "Plain",
            "Partial Mode": "Partial",
            "Parent Relationship": "Outer",
            "Parallel Aware": false,
            "Startup Cost": 358762.3,
            "Total Cost": 358762.31,
            "Plan Rows": 1,
            "Plan Width": 8,
            "Actual Startup Time": 1099.722,
            "Actual Total Time": 1099.726,
            "Actual Rows": 1,
            "Actual Loops": 2,
            "Plans": [
              {
                "Node Type": "Merge Join",
                "Parent Relationship": "Outer",
                "Parallel Aware": false,
                "Join Type": "Inner",
                "Startup Cost": 180670.48,
                "Total Cost": 357759.82,
                "Plan Rows": 400989,
                "Plan Width": 0,
                "Actual Startup Time": 989.994,
                "Actual Total Time": 1094.679,
                "Actual Rows": 117796,
                "Actual Loops": 2,
                "Inner Unique": false,
                "Merge Cond": "(mk.movie_id = t.id)",
                "Plans": [
                  {
                    "Node Type": "Index Scan",
                    "Parent Relationship": "Outer",
                    "Parallel Aware": true,
                    "Scan Direction": "Forward",
                    "Index Name": "movie_id_movie_keyword",
                    "Relation Name": "movie_keyword",
                    "Alias": "mk",
                    "Startup Cost": 0.43,
                    "Total Cost": 165212.95,
                    "Plan Rows": 2244330,
                    "Plan Width": 4,
                    "Actual Startup Time": 0.035,
                    "Actual Total Time": 63.208,
                    "Actual Rows": 349316,
                    "Actual Loops": 2,
                    "Filter": "(keyword_id < 26978)",
                    "Rows Removed by Filter": 64956
                  },
                  {
                    "Node Type": "Sort",
                    "Parent Relationship": "Inner",
                    "Parallel Aware": false,
                    "Startup Cost": 180669.8,
                    "Total Cost": 181799.11,
                    "Plan Rows": 451724,
                    "Plan Width": 8,
                    "Actual Startup Time": 989.944,
                    "Actual Total Time": 998.131,
                    "Actual Rows": 222840,
                    "Actual Loops": 2,
                    "Sort Key": [
                      "t.id"
                    ],
                    "Sort Method": "quicksort",
                    "Sort Space Used": 8554,
                    "Sort Space Type": "Memory",
                    "Workers": [
                      {
                        "Worker Number": 0,
                        "Sort Method": "quicksort",
                        "Sort Space Used": 8554,
                        "Sort Space Type": "Memory"
                      }
                    ],
                    "Plans": [
                      {
                        "Node Type": "Hash Join",
                        "Parent Relationship": "Outer",
                        "Parallel Aware": false,
                        "Join Type": "Inner",
                        "Startup Cost": 82435.07,
                        "Total Cost": 138241.43,
                        "Plan Rows": 451724,
                        "Plan Width": 8,
                        "Actual Startup Time": 422.545,
                        "Actual Total Time": 968.154,
                        "Actual Rows": 116940,
                        "Actual Loops": 2,
                        "Inner Unique": true,
                        "Hash Cond": "(mc.movie_id = t.id)",
                        "Plans": [
                          {
                            "Node Type": "Seq Scan",
                            "Parent Relationship": "Outer",
                            "Parallel Aware": false,
                            "Relation Name": "movie_companies",
                            "Alias": "mc",
                            "Startup Cost": 0.0,
                            "Total Cost": 51404.11,
                            "Plan Rows": 1677044,
                            "Plan Width": 4,
                            "Actual Startup Time": 8.899,
                            "Actual Total Time": 224.624,
                            "Actual Rows": 1676829,
                            "Actual Loops": 2,
                            "Filter": "(company_id > 3352)",
                            "Rows Removed by Filter": 932300
                          },
                          {
                            "Node Type": "Hash",
                            "Parent Relationship": "Inner",
                            "Parallel Aware": false,
                            "Startup Cost": 73922.39,
                            "Total Cost": 73922.39,
                            "Plan Rows": 681014,
                            "Plan Width": 4,
                            "Actual Startup Time": 409.552,
                            "Actual Total Time": 409.553,
                            "Actual Rows": 739679,
                            "Actual Loops": 2,
                            "Hash Buckets": 1048576,
                            "Original Hash Buckets": 1048576,
                            "Hash Batches": 1,
                            "Original Hash Batches": 1,
                            "Peak Memory Usage": 34197,
                            "Plans": [
                              {
                                "Node Type": "Seq Scan",
                                "Parent Relationship": "Outer",
                                "Parallel Aware": false,
                                "Relation Name": "title",
                                "Alias": "t",
                                "Startup Cost": 0.0,
                                "Total Cost": 73922.39,
                                "Plan Rows": 681014,
                                "Plan Width": 4,
                                "Actual Startup Time": 0.025,
                                "Actual Total Time": 261.651,
                                "Actual Rows": 739679,
                                "Actual Loops": 2,
                                "Filter": "((production_year > 2004) AND (kind_id = 7))",
                                "Rows Removed by Filter": 1788633
                              }
                            ]
                          }
                        ]
                      }
                    ]
                  }
                ]
              }
            ]
          }
        ]
      }
    ]
  },
  "Planning Time": 0.869,
  "Triggers": [],
  "Execution Time": 1119.674
}