[
  {
    "Plan": {
      "Node Type": "Aggregate",
      "Strategy": "Plain",
      "Partial Mode": "Finalize",
      "Parallel Aware": false,
      "Startup Cost": 36157.49,
      "Total Cost": 36157.5,
      "Plan Rows": 1,
      "Plan Width": 8,
      "Actual Startup Time": 136.065,
      "Actual Total Time": 142.004,
      "Actual Rows": 1,
      "Actual Loops": 1,
      "Plans": [
        {
          "Node Type": "Gather",
          "Parent Relationship": "Outer",
          "Parallel Aware": false,
          "Startup Cost": 36157.17,
          "Total Cost": 36157.48,
          "Plan Rows": 3,
          "Plan Width": 8,
          "Actual Startup Time": 135.819,
          "Actual Total Time": 141.993,
          "Actual Rows": 4,
          "Actual Loops": 1,
          "Workers Planned": 3,
          "Workers Launched": 3,
          "Single Copy": false,
          "Plans": [
            {
              "Node Type": "Aggregate",
              "Strategy": "Plain",
              "Partial Mode": "Partial",
              "Parent Relationship": "Outer",
              "Parallel Aware": false,
              "Startup Cost": 35157.17,
              "Total Cost": 35157.18,
              "Plan Rows": 1,
              "Plan Width": 8,
              "Actual Startup Time": 129.22,
              "Actual Total Time": 129.223,
              "Actual Rows": 1,
              "Actual Loops": 4,
              "Plans": [
                {
                  "Node Type": "Bitmap Heap Scan",
                  "Parent Relationship": "Outer",
                  "Parallel Aware": true,
                  "Relation Name": "movie_keyword",
                  "Alias": "mk",
                  "Startup Cost": 8715.7,
                  "Total Cost": 34825.92,
                  "Plan Rows": 132498,
                  "Plan Width": 0,
                  "Actual Startup Time": 47.279,
                  "Actual Total Time": 121.865,
                  "Actual Rows": 101783,
                  "Actual Loops": 4,
                  "Recheck Cond": "(keyword_id > 42523)",
                  "Rows Removed by Index Recheck": 0,
                  "Exact Heap Blocks": 7446,
                  "Lossy Heap Blocks": 0,
                  "Plans": [
                    {
                      "Node Type": "Bitmap Index Scan",
                      "Parent Relationship": "Outer",
                      "Parallel Aware": false,
                      "Index Name": "keyword_id_movie_keyword",
                      "Startup Cost": 0.0,
                      "Total Cost": 8613.01,
                      "Plan Rows": 410744,
                      "Plan Width": 0,
                      "Actual Startup Time": 47.741,
                      "Actual Total Time": 47.741,
                      "Actual Rows": 407131,
                      "Actual Loops": 1,
                      "Index Cond": "(keyword_id > 42523)"
                    }
                  ]
                }
              ]
            }
          ]
        }
      ]
    },
    "Planning Time": 0.166,
    "Triggers": [],
    "Execution Time": 142.072
  }
]