[
  {
    "Plan": {
      "Node Type": "Aggregate",
      "Strategy": "Plain",
      "Partial Mode": "Finalize",
      "Parallel Aware": false,
      "Startup Cost": 36384.17,
      "Total Cost": 36384.18,
      "Plan Rows": 1,
      "Plan Width": 8,
      "Actual Startup Time": 124.05,
      "Actual Total Time": 132.098,
      "Actual Rows": 1,
      "Actual Loops": 1,
      "Plans": [
        {
          "Node Type": "Gather",
          "Parent Relationship": "Outer",
          "Parallel Aware": false,
          "Startup Cost": 36383.85,
          "Total Cost": 36384.16,
          "Plan Rows": 3,
          "Plan Width": 8,
          "Actual Startup Time": 123.781,
          "Actual Total Time": 132.091,
          "Actual Rows": 4,
          "Actual Loops": 1,
          "Workers Planned": 3,
          "Workers Launched": 3,
          "Single Copy": false,
          "Plans": [
            {
              "Node Type": "Aggregate",
              "Strategy": "Plain",
              "Partial Mode": "Partial",
              "Parent Relationship": "Outer",
              "Parallel Aware": false,
              "Startup Cost": 35383.85,
              "Total Cost": 35383.86,
              "Plan Rows": 1,
              "Plan Width": 8,
              "Actual Startup Time": 115.163,
              "Actual Total Time": 115.164,
              "Actual Rows": 1,
              "Actual Loops": 4,
              "Plans": [
                {
                  "Node Type": "Bitmap Heap Scan",
                  "Parent Relationship": "Outer",
                  "Parallel Aware": true,
                  "Relation Name": "movie_keyword",
                  "Alias": "mk",
                  "Startup Cost": 8899.84,
                  "Total Cost": 35045.51,
                  "Plan Rows": 135334,
                  "Plan Width": 0,
                  "Actual Startup Time": 42.649,
                  "Actual Total Time": 109.273,
                  "Actual Rows": 101783,
                  "Actual Loops": 4,
                  "Recheck Cond": "(keyword_id > 42523)",
                  "Rows Removed by Index Recheck": 0,
                  "Exact Heap Blocks": 10786,
                  "Lossy Heap Blocks": 0,
                  "Plans": [
                    {
                      "Node Type": "Bitmap Index Scan",
                      "Parent Relationship": "Outer",
                      "Parallel Aware": false,
                      "Index Name": "keyword_id_movie_keyword",
                      "Startup Cost": 0.0,
                      "Total Cost": 8794.95,
                      "Plan Rows": 419536,
                      "Plan Width": 0,
                      "Actual Startup Time": 46.378,
                      "Actual Total Time": 46.379,
                      "Actual Rows": 407131,
                      "Actual Loops": 1,
                      "Index Cond": "(keyword_id > 42523)"
                    }
                  ]
                }
              ]
            }
          ]
        }
      ]
    },
    "Planning Time": 0.152,
    "Triggers": [],
    "Execution Time": 132.167
  }
]