[
  {
    "Plan": {
      "Node Type": "Aggregate",
      "Strategy": "Plain",
      "Partial Mode": "Finalize",
      "Parallel Aware": false,
      "Startup Cost": 331046.36,
      "Total Cost": 331046.37,
      "Plan Rows": 1,
      "Plan Width": 8,
      "Actual Startup Time": 237.179,
      "Actual Total Time": 247.181,
      "Actual Rows": 1,
      "Actual Loops": 1,
      "Plans": [
        {
          "Node Type": "Gather",
          "Parent Relationship": "Outer",
          "Parallel Aware": false,
          "Startup Cost": 331045.74,
          "Total Cost": 331046.35,
          "Plan Rows": 6,
          "Plan Width": 8,
          "Actual Startup Time": 236.058,
          "Actual Total Time": 247.172,
          "Actual Rows": 7,
          "Actual Loops": 1,
          "Workers Planned": 6,
          "Workers Launched": 6,
          "Single Copy": false,
          "Plans": [
            {
              "Node Type": "Aggregate",
              "Strategy": "Plain",
              "Partial Mode": "Partial",
              "Parent Relationship": "Outer",
              "Parallel Aware": false,
              "Startup Cost": 330045.74,
              "Total Cost": 330045.75,
              "Plan Rows": 1,
              "Plan Width": 8,
              "Actual Startup Time": 225.252,
              "Actual Total Time": 225.254,
              "Actual Rows": 1,
              "Actual Loops": 7,
              "Plans": [
                {
                  "Node Type": "Bitmap Heap Scan",
                  "Parent Relationship": "Outer",
                  "Parallel Aware": true,
                  "Relation Name": "cast_info",
                  "Alias": "ci",
                  "Startup Cost": 68699.39,
                  "Total Cost": 329192.72,
                  "Plan Rows": 341206,
                  "Plan Width": 0,
                  "Actual Startup Time": 181.585,
                  "Actual Total Time": 220.135,
                  "Actual Rows": 127615,
                  "Actual Loops": 7,
                  "Recheck Cond": "(person_id < 309175)",
                  "Rows Removed by Index Recheck": 0,
                  "Filter": "(role_id > 1)",
                  "Rows Removed by Filter": 328408,
                  "Exact Heap Blocks": 7761,
                  "Lossy Heap Blocks": 0,
                  "Plans": [
                    {
                      "Node Type": "Bitmap Index Scan",
                      "Parent Relationship": "Outer",
                      "Parallel Aware": false,
                      "Index Name": "person_id_cast_info",
                      "Startup Cost": 0.0,
                      "Total Cost": 68187.58,
                      "Plan Rows": 3122535,
                      "Plan Width": 0,
                      "Actual Startup Time": 119.407,
                      "Actual Total Time": 119.407,
                      "Actual Rows": 3192161,
                      "Actual Loops": 1,
                      "Index Cond": "(person_id < 309175)"
                    }
                  ]
                }
              ]
            }
          ]
        }
      ]
    },
    "Planning Time": 0.206,
    "Triggers": [],
    "Execution Time": 247.264
  }
]