[
  {
    "Plan": {
      "Node Type": "Aggregate",
      "Strategy": "Plain",
      "Partial Mode": "Finalize",
      "Parallel Aware": false,
      "Startup Cost": 45483.61,
      "Total Cost": 45483.62,
      "Plan Rows": 1,
      "Plan Width": 8,
      "Actual Startup Time": 157.848,
      "Actual Total Time": 167.494,
      "Actual Rows": 1,
      "Actual Loops": 1,
      "Plans": [
        {
          "Node Type": "Gather",
          "Parent Relationship": "Outer",
          "Parallel Aware": false,
          "Startup Cost": 45483.29,
          "Total Cost": 45483.6,
          "Plan Rows": 3,
          "Plan Width": 8,
          "Actual Startup Time": 157.715,
          "Actual Total Time": 167.486,
          "Actual Rows": 4,
          "Actual Loops": 1,
          "Workers Planned": 3,
          "Workers Launched": 3,
          "Single Copy": false,
          "Plans": [
            {
              "Node Type": "Aggregate",
              "Strategy": "Plain",
              "Partial Mode": "Partial",
              "Parent Relationship": "Outer",
              "Parallel Aware": false,
              "Startup Cost": 44483.29,
              "Total Cost": 44483.3,
              "Plan Rows": 1,
              "Plan Width": 8,
              "Actual Startup Time": 150.996,
              "Actual Total Time": 150.997,
              "Actual Rows": 1,
              "Actual Loops": 4,
              "Plans": [
                {
                  "Node Type": "Seq Scan",
                  "Parent Relationship": "Outer",
                  "Parallel Aware": true,
                  "Relation Name": "movie_keyword",
                  "Alias": "mk",
                  "Startup Cost": 0.0,
                  "Total Cost": 42695.65,
                  "Plan Rows": 715054,
                  "Plan Width": 0,
                  "Actual Startup Time": 0.043,
                  "Actual Total Time": 122.669,
                  "Actual Rows": 558278,
                  "Actual Loops": 4,
                  "Filter": "(keyword_id < 4596)",
                  "Rows Removed by Filter": 572704
                }
              ]
            }
          ]
        }
      ]
    },
    "Planning Time": 0.091,
    "Triggers": [],
    "Execution Time": 167.523
  }
]