[
  {
    "Plan": {
      "Node Type": "Aggregate",
      "Strategy": "Plain",
      "Partial Mode": "Finalize",
      "Parallel Aware": false,
      "Startup Cost": 82956.15,
      "Total Cost": 82956.16,
      "Plan Rows": 1,
      "Plan Width": 8,
      "Actual Startup Time": 394.808,
      "Actual Total Time": 411.085,
      "Actual Rows": 1,
      "Actual Loops": 1,
      "Plans": [
        {
          "Node Type": "Gather",
          "Parent Relationship": "Outer",
          "Parallel Aware": false,
          "Startup Cost": 82955.83,
          "Total Cost": 82956.14,
          "Plan Rows": 3,
          "Plan Width": 8,
          "Actual Startup Time": 384.69,
          "Actual Total Time": 411.077,
          "Actual Rows": 4,
          "Actual Loops": 1,
          "Workers Planned": 3,
          "Workers Launched": 3,
          "Single Copy": false,
          "Plans": [
            {
              "Node Type": "Aggregate",
              "Strategy": "Plain",
              "Partial Mode": "Partial",
              "Parent Relationship": "Outer",
              "Parallel Aware": false,
              "Startup Cost": 81955.83,
              "Total Cost": 81955.84,
              "Plan Rows": 1,
              "Plan Width": 8,
              "Actual Startup Time": 371.587,
              "Actual Total Time": 371.591,
              "Actual Rows": 1,
              "Actual Loops": 4,
              "Plans": [
                {
                  "Node Type": "Hash Join",
                  "Parent Relationship": "Outer",
                  "Parallel Aware": true,
                  "Join Type": "Inner",
                  "Startup Cost": 49390.02,
                  "Total Cost": 81587.11,
                  "Plan Rows": 147487,
                  "Plan Width": 0,
                  "Actual Startup Time": 283.429,
                  "Actual Total Time": 369.451,
                  "Actual Rows": 50253,
                  "Actual Loops": 4,
                  "Inner Unique": true,
                  "Hash Cond": "(mc.movie_id = t.id)",
                  "Plans": [
                    {
                      "Node Type": "Seq Scan",
                      "Parent Relationship": "Outer",
                      "Parallel Aware": true,
                      "Relation Name": "movie_companies",
                      "Alias": "mc",
                      "Startup Cost": 0.0,
                      "Total Cost": 31414.82,
                      "Plan Rows": 298008,
                      "Plan Width": 4,
                      "Actual Startup Time": 31.303,
                      "Actual Total Time": 64.004,
                      "Actual Rows": 152711,
                      "Actual Loops": 4,
                      "Filter": "((company_id < 31542) AND (company_type_id = 2))",
                      "Rows Removed by Filter": 499571
                    },
                    {
                      "Node Type": "Hash",
                      "Parent Relationship": "Inner",
                      "Parallel Aware": true,
                      "Startup Cost": 45479.59,
                      "Total Cost": 45479.59,
                      "Plan Rows": 312835,
                      "Plan Width": 4,
                      "Actual Startup Time": 243.99,
                      "Actual Total Time": 243.992,
                      "Actual Rows": 340994,
                      "Actual Loops": 4,
                      "Hash Buckets": 2097152,
                      "Original Hash Buckets": 2097152,
                      "Hash Batches": 1,
                      "Original Hash Batches": 1,
                      "Peak Memory Usage": 69792,
                      "Plans": [
                        {
                          "Node Type": "Seq Scan",
                          "Parent Relationship": "Outer",
                          "Parallel Aware": true,
                          "Relation Name": "title",
                          "Alias": "t",
                          "Startup Cost": 0.0,
                          "Total Cost": 45479.59,
                          "Plan Rows": 312835,
                          "Plan Width": 4,
                          "Actual Startup Time": 0.059,
                          "Actual Total Time": 110.316,
                          "Actual Rows": 340994,
                          "Actual Loops": 4,
                          "Filter": "((kind_id > 2) AND (production_year > 1989))",
                          "Rows Removed by Filter": 291084
                        }
                      ]
                    }
                  ]
                }
              ]
            }
          ]
        }
      ]
    },
    "Planning Time": 0.707,
    "Triggers": [],
    "Execution Time": 411.159
  }
]