[
    {
        "Bao": {
            "Bao prediction": "NaN",
            "Bao recommended hint": "(no hint)"
        }
    },
    {
        "Plan": {
            "Node Type": "Aggregate",
            "Strategy": "Plain",
            "Partial Mode": "Finalize",
            "Parallel Aware": false,
            "Startup Cost": 342606.77,
            "Total Cost": 342606.78,
            "Plan Rows": 1,
            "Plan Width": 8,
            "Actual Startup Time": 330.614,
            "Actual Total Time": 339.509,
            "Actual Rows": 1,
            "Actual Loops": 1,
            "Output": [
                "count(*)"
            ],
            "Plans": [
                {
                    "Node Type": "Gather",
                    "Parent Relationship": "Outer",
                    "Parallel Aware": false,
                    "Startup Cost": 342606.14,
                    "Total Cost": 342606.75,
                    "Plan Rows": 6,
                    "Plan Width": 8,
                    "Actual Startup Time": 327.321,
                    "Actual Total Time": 339.501,
                    "Actual Rows": 7,
                    "Actual Loops": 1,
                    "Output": [
                        "(PARTIAL count(*))"
                    ],
                    "Workers Planned": 6,
                    "Workers Launched": 6,
                    "Single Copy": false,
                    "Plans": [
                        {
                            "Node Type": "Aggregate",
                            "Strategy": "Plain",
                            "Partial Mode": "Partial",
                            "Parent Relationship": "Outer",
                            "Parallel Aware": false,
                            "Startup Cost": 341606.14,
                            "Total Cost": 341606.15,
                            "Plan Rows": 1,
                            "Plan Width": 8,
                            "Actual Startup Time": 315.525,
                            "Actual Total Time": 315.529,
                            "Actual Rows": 1,
                            "Actual Loops": 7,
                            "Output": [
                                "PARTIAL count(*)"
                            ],
                            "Workers": [
                                {
                                    "Worker Number": 0,
                                    "Actual Startup Time": 314.217,
                                    "Actual Total Time": 314.22,
                                    "Actual Rows": 1,
                                    "Actual Loops": 1
                                },
                                {
                                    "Worker Number": 1,
                                    "Actual Startup Time": 313.514,
                                    "Actual Total Time": 313.517,
                                    "Actual Rows": 1,
                                    "Actual Loops": 1
                                },
                                {
                                    "Worker Number": 2,
                                    "Actual Startup Time": 313.552,
                                    "Actual Total Time": 313.555,
                                    "Actual Rows": 1,
                                    "Actual Loops": 1
                                },
                                {
                                    "Worker Number": 3,
                                    "Actual Startup Time": 313.722,
                                    "Actual Total Time": 313.726,
                                    "Actual Rows": 1,
                                    "Actual Loops": 1
                                },
                                {
                                    "Worker Number": 4,
                                    "Actual Startup Time": 313.64,
                                    "Actual Total Time": 313.653,
                                    "Actual Rows": 1,
                                    "Actual Loops": 1
                                },
                                {
                                    "Worker Number": 5,
                                    "Actual Startup Time": 313.712,
                                    "Actual Total Time": 313.715,
                                    "Actual Rows": 1,
                                    "Actual Loops": 1
                                }
                            ],
                            "Plans": [
                                {
                                    "Node Type": "Hash Join",
                                    "Parent Relationship": "Outer",
                                    "Parallel Aware": true,
                                    "Join Type": "Inner",
                                    "Startup Cost": 84348.02,
                                    "Total Cost": 341413.95,
                                    "Plan Rows": 76876,
                                    "Plan Width": 0,
                                    "Actual Startup Time": 181.309,
                                    "Actual Total Time": 310.649,
                                    "Actual Rows": 76062,
                                    "Actual Loops": 7,
                                    "Inner Unique": true,
                                    "Hash Cond": "(ci.movie_id = t.id)",
                                    "Workers": [
                                        {
                                            "Worker Number": 0,
                                            "Actual Startup Time": 179.719,
                                            "Actual Total Time": 308.797,
                                            "Actual Rows": 63086,
                                            "Actual Loops": 1
                                        },
                                        {
                                            "Worker Number": 1,
                                            "Actual Startup Time": 179.468,
                                            "Actual Total Time": 308.488,
                                            "Actual Rows": 57613,
                                            "Actual Loops": 1
                                        },
                                        {
                                            "Worker Number": 2,
                                            "Actual Startup Time": 179.401,
                                            "Actual Total Time": 308.914,
                                            "Actual Rows": 75058,
                                            "Actual Loops": 1
                                        },
                                        {
                                            "Worker Number": 3,
                                            "Actual Startup Time": 179.69,
                                            "Actual Total Time": 308.648,
                                            "Actual Rows": 83916,
                                            "Actual Loops": 1
                                        },
                                        {
                                            "Worker Number": 4,
                                            "Actual Startup Time": 179.643,
                                            "Actual Total Time": 309.006,
                                            "Actual Rows": 74361,
                                            "Actual Loops": 1
                                        },
                                        {
                                            "Worker Number": 5,
                                            "Actual Startup Time": 179.515,
                                            "Actual Total Time": 308.59,
                                            "Actual Rows": 71238,
                                            "Actual Loops": 1
                                        }
                                    ],
                                    "Plans": [
                                        {
                                            "Node Type": "Bitmap Heap Scan",
                                            "Parent Relationship": "Outer",
                                            "Parallel Aware": true,
                                            "Relation Name": "cast_info",
                                            "Schema": "public",
                                            "Alias": "ci",
                                            "Startup Cost": 38351.04,
                                            "Total Cost": 294656.99,
                                            "Plan Rows": 289516,
                                            "Plan Width": 4,
                                            "Actual Startup Time": 60.29,
                                            "Actual Total Time": 113.812,
                                            "Actual Rows": 249412,
                                            "Actual Loops": 7,
                                            "Output": [
                                                "ci.id",
                                                "ci.person_id",
                                                "ci.movie_id",
                                                "ci.person_role_id",
                                                "ci.note",
                                                "ci.nr_order",
                                                "ci.role_id"
                                            ],
                                            "Recheck Cond": "(ci.person_id < 174139)",
                                            "Rows Removed by Index Recheck": 0,
                                            "Exact Heap Blocks": 3634,
                                            "Lossy Heap Blocks": 0,
                                            "Workers": [
                                                {
                                                    "Worker Number": 0,
                                                    "Actual Startup Time": 60.438,
                                                    "Actual Total Time": 116.226,
                                                    "Actual Rows": 206464,
                                                    "Actual Loops": 1
                                                },
                                                {
                                                    "Worker Number": 1,
                                                    "Actual Startup Time": 60.494,
                                                    "Actual Total Time": 115.374,
                                                    "Actual Rows": 191699,
                                                    "Actual Loops": 1
                                                },
                                                {
                                                    "Worker Number": 2,
                                                    "Actual Startup Time": 60.32,
                                                    "Actual Total Time": 113.06,
                                                    "Actual Rows": 245191,
                                                    "Actual Loops": 1
                                                },
                                                {
                                                    "Worker Number": 3,
                                                    "Actual Startup Time": 60.2,
                                                    "Actual Total Time": 114.625,
                                                    "Actual Rows": 273432,
                                                    "Actual Loops": 1
                                                },
                                                {
                                                    "Worker Number": 4,
                                                    "Actual Startup Time": 60.285,
                                                    "Actual Total Time": 113.224,
                                                    "Actual Rows": 243807,
                                                    "Actual Loops": 1
                                                },
                                                {
                                                    "Worker Number": 5,
                                                    "Actual Startup Time": 60.334,
                                                    "Actual Total Time": 115.41,
                                                    "Actual Rows": 233359,
                                                    "Actual Loops": 1
                                                }
                                            ],
                                            "Plans": [
                                                {
                                                    "Node Type": "Bitmap Index Scan",
                                                    "Parent Relationship": "Outer",
                                                    "Parallel Aware": false,
                                                    "Index Name": "person_id_cast_info",
                                                    "Startup Cost": 0.0,
                                                    "Total Cost": 37916.77,
                                                    "Plan Rows": 1737094,
                                                    "Plan Width": 0,
                                                    "Actual Startup Time": 57.227,
                                                    "Actual Total Time": 57.228,
                                                    "Actual Rows": 1745883,
                                                    "Actual Loops": 1,
                                                    "Index Cond": "(ci.person_id < 174139)"
                                                }
                                            ]
                                        },
                                        {
                                            "Node Type": "Hash",
                                            "Parent Relationship": "Inner",
                                            "Parallel Aware": true,
                                            "Startup Cost": 43899.01,
                                            "Total Cost": 43899.01,
                                            "Plan Rows": 167838,
                                            "Plan Width": 4,
                                            "Actual Startup Time": 117.748,
                                            "Actual Total Time": 117.749,
                                            "Actual Rows": 94689,
                                            "Actual Loops": 7,
                                            "Output": [
                                                "t.id"
                                            ],
                                            "Hash Buckets": 1048576,
                                            "Original Hash Buckets": 1048576,
                                            "Hash Batches": 1,
                                            "Original Hash Batches": 1,
                                            "Peak Memory Usage": 34208,
                                            "Workers": [
                                                {
                                                    "Worker Number": 0,
                                                    "Actual Startup Time": 118.711,
                                                    "Actual Total Time": 118.713,
                                                    "Actual Rows": 71984,
                                                    "Actual Loops": 1
                                                },
                                                {
                                                    "Worker Number": 1,
                                                    "Actual Startup Time": 118.56,
                                                    "Actual Total Time": 118.561,
                                                    "Actual Rows": 70833,
                                                    "Actual Loops": 1
                                                },
                                                {
                                                    "Worker Number": 2,
                                                    "Actual Startup Time": 118.629,
                                                    "Actual Total Time": 118.63,
                                                    "Actual Rows": 97139,
                                                    "Actual Loops": 1
                                                },
                                                {
                                                    "Worker Number": 3,
                                                    "Actual Startup Time": 118.799,
                                                    "Actual Total Time": 118.799,
                                                    "Actual Rows": 102509,
                                                    "Actual Loops": 1
                                                },
                                                {
                                                    "Worker Number": 4,
                                                    "Actual Startup Time": 118.716,
                                                    "Actual Total Time": 118.716,
                                                    "Actual Rows": 96933,
                                                    "Actual Loops": 1
                                                },
                                                {
                                                    "Worker Number": 5,
                                                    "Actual Startup Time": 118.77,
                                                    "Actual Total Time": 118.771,
                                                    "Actual Rows": 100522,
                                                    "Actual Loops": 1
                                                }
                                            ],
                                            "Plans": [
                                                {
                                                    "Node Type": "Seq Scan",
                                                    "Parent Relationship": "Outer",
                                                    "Parallel Aware": true,
                                                    "Relation Name": "title",
                                                    "Schema": "public",
                                                    "Alias": "t",
                                                    "Startup Cost": 0.0,
                                                    "Total Cost": 43899.01,
                                                    "Plan Rows": 167838,
                                                    "Plan Width": 4,
                                                    "Actual Startup Time": 42.033,
                                                    "Actual Total Time": 76.696,
                                                    "Actual Rows": 94689,
                                                    "Actual Loops": 7,
                                                    "Output": [
                                                        "t.id"
                                                    ],
                                                    "Filter": "(t.kind_id = 1)",
                                                    "Rows Removed by Filter": 266498,
                                                    "Workers": [
                                                        {
                                                            "Worker Number": 0,
                                                            "Actual Startup Time": 48.086,
                                                            "Actual Total Time": 78.705,
                                                            "Actual Rows": 71984,
                                                            "Actual Loops": 1
                                                        },
                                                        {
                                                            "Worker Number": 1,
                                                            "Actual Startup Time": 5.668,
                                                            "Actual Total Time": 77.857,
                                                            "Actual Rows": 70833,
                                                            "Actual Loops": 1
                                                        },
                                                        {
                                                            "Worker Number": 2,
                                                            "Actual Startup Time": 48.011,
                                                            "Actual Total Time": 76.338,
                                                            "Actual Rows": 97139,
                                                            "Actual Loops": 1
                                                        },
                                                        {
                                                            "Worker Number": 3,
                                                            "Actual Startup Time": 48.211,
                                                            "Actual Total Time": 77.177,
                                                            "Actual Rows": 102509,
                                                            "Actual Loops": 1
                                                        },
                                                        {
                                                            "Worker Number": 4,
                                                            "Actual Startup Time": 48.113,
                                                            "Actual Total Time": 76.343,
                                                            "Actual Rows": 96933,
                                                            "Actual Loops": 1
                                                        },
                                                        {
                                                            "Worker Number": 5,
                                                            "Actual Startup Time": 48.005,
                                                            "Actual Total Time": 77.03,
                                                            "Actual Rows": 100522,
                                                            "Actual Loops": 1
                                                        }
                                                    ]
                                                }
                                            ]
                                        }
                                    ]
                                }
                            ]
                        }
                    ]
                }
            ]
        },
        "Planning Time": 187.476,
        "Triggers": [],
        "Execution Time": 339.626
    }
]