{
  "Plan": {
    "Node Type": "Aggregate",
    "Strategy": "Plain",
    "Partial Mode": "Finalize",
    "Parallel Aware": false,
    "Startup Cost": 365448.99,
    "Total Cost": 365449.0,
    "Plan Rows": 1,
    "Plan Width": 8,
    "Actual Startup Time": 4255.116,
    "Actual Total Time": 4294.443,
    "Actual Rows": 1,
    "Actual Loops": 1,
    "Plans": [
      {
        "Node Type": "Gather",
        "Parent Relationship": "Outer",
        "Parallel Aware": false,
        "Startup Cost": 365448.88,
        "Total Cost": 365448.99,
        "Plan Rows": 1,
        "Plan Width": 8,
        "Actual Startup Time": 4249.597,
        "Actual Total Time": 4294.433,
        "Actual Rows": 2,
        "Actual Loops": 1,
        "Workers Planned": 1,
        "Workers Launched": 1,
        "Single Copy": false,
        "Plans": [
          {
            "Node Type": "Aggregate",
            "Strategy": "Plain",
            "Partial Mode": "Partial",
            "Parent Relationship": "Outer",
            "Parallel Aware": false,
            "Startup Cost": 364448.88,
            "Total Cost": 364448.89,
            "Plan Rows": 1,
            "Plan Width": 8,
            "Actual Startup Time": 4238.217,
            "Actual Total Time": 4238.221,
            "Actual Rows": 1,
            "Actual Loops": 2,
            "Plans": [
              {
                "Node Type": "Hash Join",
                "Parent Relationship": "Outer",
                "Parallel Aware": true,
                "Join Type": "Inner",
                "Startup Cost": 72139.78,
                "Total Cost": 343923.27,
                "Plan Rows": 8210246,
                "Plan Width": 0,
                "Actual Startup Time": 669.742,
                "Actual Total Time": 3921.651,
                "Actual Rows": 6986472,
                "Actual Loops": 2,
                "Inner Unique": true,
                "Hash Cond": "(mi.movie_id = t.id)",
                "Plans": [
                  {
                    "Node Type": "Seq Scan",
                    "Parent Relationship": "Outer",
                    "Parallel Aware": true,
                    "Relation Name": "movie_info",
                    "Alias": "mi",
                    "Startup Cost": 0.0,
                    "Total Cost": 248955.74,
                    "Plan Rows": 8696274,
                    "Plan Width": 4,
                    "Actual Startup Time": 0.012,
                    "Actual Total Time": 717.934,
                    "Actual Rows": 7417860,
                    "Actual Loops": 2
                  },
                  {
                    "Node Type": "Hash",
                    "Parent Relationship": "Inner",
                    "Parallel Aware": true,
                    "Startup Cost": 54588.39,
                    "Total Cost": 54588.39,
                    "Plan Rows": 1404111,
                    "Plan Width": 4,
                    "Actual Startup Time": 647.394,
                    "Actual Total Time": 647.396,
                    "Actual Rows": 1191433,
                    "Actual Loops": 2,
                    "Hash Buckets": 4194304,
                    "Original Hash Buckets": 4194304,
                    "Hash Batches": 1,
                    "Original Hash Batches": 1,
                    "Peak Memory Usage": 126016,
                    "Plans": [
                      {
                        "Node Type": "Seq Scan",
                        "Parent Relationship": "Outer",
                        "Parallel Aware": true,
                        "Relation Name": "title",
                        "Alias": "t",
                        "Startup Cost": 0.0,
                        "Total Cost": 54588.39,
                        "Plan Rows": 1404111,
                        "Plan Width": 4,
                        "Actual Startup Time": 0.032,
                        "Actual Total Time": 218.505,
                        "Actual Rows": 1191433,
                        "Actual Loops": 2,
                        "Filter": "(production_year > 1916)",
                        "Rows Removed by Filter": 72723
                      }
                    ]
                  }
                ]
              }
            ]
          }
        ]
      }
    ]
  },
  "Planning Time": 0.643,
  "Triggers": [],
  "Execution Time": 4294.512
}