{
  "Plan": {
    "Node Type": "Aggregate",
    "Strategy": "Plain",
    "Partial Mode": "Finalize",
    "Parallel Aware": false,
    "Startup Cost": 573189.78,
    "Total Cost": 573189.79,
    "Plan Rows": 1,
    "Plan Width": 8,
    "Actual Startup Time": 2508.208,
    "Actual Total Time": 2534.721,
    "Actual Rows": 1,
    "Actual Loops": 1,
    "Plans": [
      {
        "Node Type": "Gather",
        "Parent Relationship": "Outer",
        "Parallel Aware": false,
        "Startup Cost": 573189.67,
        "Total Cost": 573189.78,
        "Plan Rows": 1,
        "Plan Width": 8,
        "Actual Startup Time": 2482.649,
        "Actual Total Time": 2534.711,
        "Actual Rows": 2,
        "Actual Loops": 1,
        "Workers Planned": 1,
        "Workers Launched": 1,
        "Single Copy": false,
        "Plans": [
          {
            "Node Type": "Aggregate",
            "Strategy": "Plain",
            "Partial Mode": "Partial",
            "Parent Relationship": "Outer",
            "Parallel Aware": false,
            "Startup Cost": 572189.67,
            "Total Cost": 572189.68,
            "Plan Rows": 1,
            "Plan Width": 8,
            "Actual Startup Time": 2474.761,
            "Actual Total Time": 2474.767,
            "Actual Rows": 1,
            "Actual Loops": 2,
            "Plans": [
              {
                "Node Type": "Merge Join",
                "Parent Relationship": "Outer",
                "Parallel Aware": false,
                "Join Type": "Inner",
                "Startup Cost": 545478.03,
                "Total Cost": 570220.15,
                "Plan Rows": 787809,
                "Plan Width": 0,
                "Actual Startup Time": 1995.55,
                "Actual Total Time": 2444.713,
                "Actual Rows": 724461,
                "Actual Loops": 2,
                "Inner Unique": false,
                "Merge Cond": "(t.id = ci.movie_id)",
                "Plans": [
                  {
                    "Node Type": "Sort",
                    "Parent Relationship": "Outer",
                    "Parallel Aware": false,
                    "Startup Cost": 406312.6,
                    "Total Cost": 412781.1,
                    "Plan Rows": 2587402,
                    "Plan Width": 8,
                    "Actual Startup Time": 1541.065,
                    "Actual Total Time": 1639.118,
                    "Actual Rows": 2249986,
                    "Actual Loops": 2,
                    "Sort Key": [
                      "mk.movie_id"
                    ],
                    "Sort Method": "quicksort",
                    "Sort Space Used": 205956,
                    "Sort Space Type": "Memory",
                    "Workers": [
                      {
                        "Worker Number": 0,
                        "Sort Method": "quicksort",
                        "Sort Space Used": 201589,
                        "Sort Space Type": "Memory"
                      }
                    ],
                    "Plans": [
                      {
                        "Node Type": "Hash Join",
                        "Parent Relationship": "Outer",
                        "Parallel Aware": true,
                        "Join Type": "Inner",
                        "Startup Cost": 72663.69,
                        "Total Cost": 130714.53,
                        "Plan Rows": 2587402,
                        "Plan Width": 8,
                        "Actual Startup Time": 564.949,
                        "Actual Total Time": 1133.996,
                        "Actual Rows": 2249986,
                        "Actual Loops": 2,
                        "Inner Unique": true,
                        "Hash Cond": "(mk.movie_id = t.id)",
                        "Plans": [
                          {
                            "Node Type": "Seq Scan",
                            "Parent Relationship": "Outer",
                            "Parallel Aware": true,
                            "Relation Name": "movie_keyword",
                            "Alias": "mk",
                            "Startup Cost": 0.0,
                            "Total Cost": 51065.35,
                            "Plan Rows": 2661135,
                            "Plan Width": 4,
                            "Actual Startup Time": 0.012,
                            "Actual Total Time": 160.927,
                            "Actual Rows": 2261965,
                            "Actual Loops": 2
                          },
                          {
                            "Node Type": "Hash",
                            "Parent Relationship": "Inner",
                            "Parallel Aware": true,
                            "Startup Cost": 54588.39,
                            "Total Cost": 54588.39,
                            "Plan Rows": 1446024,
                            "Plan Width": 4,
                            "Actual Startup Time": 542.498,
                            "Actual Total Time": 542.499,
                            "Actual Rows": 1228109,
                            "Actual Loops": 2,
                            "Hash Buckets": 4194304,
                            "Original Hash Buckets": 4194304,
                            "Hash Batches": 1,
                            "Original Hash Batches": 1,
                            "Peak Memory Usage": 128864,
                            "Plans": [
                              {
                                "Node Type": "Seq Scan",
                                "Parent Relationship": "Outer",
                                "Parallel Aware": true,
                                "Relation Name": "title",
                                "Alias": "t",
                                "Startup Cost": 0.0,
                                "Total Cost": 54588.39,
                                "Plan Rows": 1446024,
                                "Plan Width": 4,
                                "Actual Startup Time": 0.027,
                                "Actual Total Time": 177.277,
                                "Actual Rows": 1228109,
                                "Actual Loops": 2,
                                "Filter": "(production_year > 0)",
                                "Rows Removed by Filter": 36047
                              }
                            ]
                          }
                        ]
                      }
                    ]
                  },
                  {
                    "Node Type": "Sort",
                    "Parent Relationship": "Inner",
                    "Parallel Aware": false,
                    "Startup Cost": 139165.35,
                    "Total Cost": 141089.88,
                    "Plan Rows": 769812,
                    "Plan Width": 4,
                    "Actual Startup Time": 454.453,
                    "Actual Total Time": 567.969,
                    "Actual Rows": 1513447,
                    "Actual Loops": 2,
                    "Sort Key": [
                      "ci.movie_id"
                    ],
                    "Sort Method": "quicksort",
                    "Sort Space Used": 66112,
                    "Sort Space Type": "Memory",
                    "Workers": [
                      {
                        "Worker Number": 0,
                        "Sort Method": "quicksort",
                        "Sort Space Used": 66112,
                        "Sort Space Type": "Memory"
                      }
                    ],
                    "Plans": [
                      {
                        "Node Type": "Index Scan",
                        "Parent Relationship": "Outer",
                        "Parallel Aware": false,
                        "Scan Direction": "Forward",
                        "Index Name": "role_id_cast_info",
                        "Relation Name": "cast_info",
                        "Alias": "ci",
                        "Startup Cost": 0.56,
                        "Total Cost": 63900.26,
                        "Plan Rows": 769812,
                        "Plan Width": 4,
                        "Actual Startup Time": 0.124,
                        "Actual Total Time": 234.465,
                        "Actual Rows": 886084,
                        "Actual Loops": 2,
                        "Index Cond": "(role_id = 8)",
                        "Rows Removed by Index Recheck": 0,
                        "Filter": "(person_id > 2008030)",
                        "Rows Removed by Filter": 817459
                      }
                    ]
                  }
                ]
              }
            ]
          }
        ]
      }
    ]
  },
  "Planning Time": 0.883,
  "Triggers": [],
  "Execution Time": 2542.57
}