[
  {
    "Plan": {
      "Node Type": "Aggregate",
      "Strategy": "Plain",
      "Partial Mode": "Finalize",
      "Parallel Aware": false,
      "Startup Cost": 44817.08,
      "Total Cost": 44817.09,
      "Plan Rows": 1,
      "Plan Width": 8,
      "Actual Startup Time": 136.771,
      "Actual Total Time": 144.151,
      "Actual Rows": 1,
      "Actual Loops": 1,
      "Plans": [
        {
          "Node Type": "Gather",
          "Parent Relationship": "Outer",
          "Parallel Aware": false,
          "Startup Cost": 44816.76,
          "Total Cost": 44817.07,
          "Plan Rows": 3,
          "Plan Width": 8,
          "Actual Startup Time": 136.633,
          "Actual Total Time": 144.142,
          "Actual Rows": 4,
          "Actual Loops": 1,
          "Workers Planned": 3,
          "Workers Launched": 3,
          "Single Copy": false,
          "Plans": [
            {
              "Node Type": "Aggregate",
              "Strategy": "Plain",
              "Partial Mode": "Partial",
              "Parent Relationship": "Outer",
              "Parallel Aware": false,
              "Startup Cost": 43816.76,
              "Total Cost": 43816.77,
              "Plan Rows": 1,
              "Plan Width": 8,
              "Actual Startup Time": 128.274,
              "Actual Total Time": 128.275,
              "Actual Rows": 1,
              "Actual Loops": 4,
              "Plans": [
                {
                  "Node Type": "Seq Scan",
                  "Parent Relationship": "Outer",
                  "Parallel Aware": true,
                  "Relation Name": "movie_keyword",
                  "Alias": "mk",
                  "Startup Cost": 0.0,
                  "Total Cost": 42695.65,
                  "Plan Rows": 448444,
                  "Plan Width": 0,
                  "Actual Startup Time": 2.086,
                  "Actual Total Time": 110.99,
                  "Actual Rows": 348621,
                  "Actual Loops": 4,
                  "Filter": "(keyword_id > 12014)",
                  "Rows Removed by Filter": 782362
                }
              ]
            }
          ]
        }
      ]
    },
    "Planning Time": 0.214,
    "Triggers": [],
    "Execution Time": 144.252
  }
]