{
  "Plan": {
    "Node Type": "Aggregate",
    "Strategy": "Plain",
    "Partial Mode": "Finalize",
    "Parallel Aware": false,
    "Startup Cost": 412355.97,
    "Total Cost": 412355.98,
    "Plan Rows": 1,
    "Plan Width": 8,
    "Actual Startup Time": 2690.651,
    "Actual Total Time": 2754.253,
    "Actual Rows": 1,
    "Actual Loops": 1,
    "Plans": [
      {
        "Node Type": "Gather",
        "Parent Relationship": "Outer",
        "Parallel Aware": false,
        "Startup Cost": 412355.85,
        "Total Cost": 412355.96,
        "Plan Rows": 1,
        "Plan Width": 8,
        "Actual Startup Time": 2687.53,
        "Actual Total Time": 2754.241,
        "Actual Rows": 2,
        "Actual Loops": 1,
        "Workers Planned": 1,
        "Workers Launched": 1,
        "Single Copy": false,
        "Plans": [
          {
            "Node Type": "Aggregate",
            "Strategy": "Plain",
            "Partial Mode": "Partial",
            "Parent Relationship": "Outer",
            "Parallel Aware": false,
            "Startup Cost": 411355.85,
            "Total Cost": 411355.86,
            "Plan Rows": 1,
            "Plan Width": 8,
            "Actual Startup Time": 2681.416,
            "Actual Total Time": 2681.727,
            "Actual Rows": 1,
            "Actual Loops": 2,
            "Plans": [
              {
                "Node Type": "Hash Join",
                "Parent Relationship": "Outer",
                "Parallel Aware": true,
                "Join Type": "Inner",
                "Startup Cost": 120038.38,
                "Total Cost": 408447.75,
                "Plan Rows": 1163243,
                "Plan Width": 0,
                "Actual Startup Time": 602.691,
                "Actual Total Time": 2490.655,
                "Actual Rows": 3905120,
                "Actual Loops": 2,
                "Inner Unique": false,
                "Hash Cond": "(mi.movie_id = t.id)",
                "Plans": [
                  {
                    "Node Type": "Seq Scan",
                    "Parent Relationship": "Outer",
                    "Parallel Aware": true,
                    "Relation Name": "movie_info",
                    "Alias": "mi",
                    "Startup Cost": 0.0,
                    "Total Cost": 248955.74,
                    "Plan Rows": 8696274,
                    "Plan Width": 4,
                    "Actual Startup Time": 0.02,
                    "Actual Total Time": 720.888,
                    "Actual Rows": 7417860,
                    "Actual Loops": 2
                  },
                  {
                    "Node Type": "Hash",
                    "Parent Relationship": "Inner",
                    "Parallel Aware": true,
                    "Startup Cost": 117551.67,
                    "Total Cost": 117551.67,
                    "Plan Rows": 198937,
                    "Plan Width": 8,
                    "Actual Startup Time": 596.433,
                    "Actual Total Time": 596.742,
                    "Actual Rows": 100634,
                    "Actual Loops": 2,
                    "Hash Buckets": 524288,
                    "Original Hash Buckets": 524288,
                    "Hash Batches": 1,
                    "Original Hash Batches": 1,
                    "Peak Memory Usage": 12000,
                    "Plans": [
                      {
                        "Node Type": "Hash Join",
                        "Parent Relationship": "Outer",
                        "Parallel Aware": true,
                        "Join Type": "Inner",
                        "Startup Cost": 83428.48,
                        "Total Cost": 117551.67,
                        "Plan Rows": 198937,
                        "Plan Width": 8,
                        "Actual Startup Time": 356.033,
                        "Actual Total Time": 573.225,
                        "Actual Rows": 100634,
                        "Actual Loops": 2,
                        "Inner Unique": true,
                        "Hash Cond": "(mk.movie_id = t.id)",
                        "Plans": [
                          {
                            "Node Type": "Bitmap Heap Scan",
                            "Parent Relationship": "Outer",
                            "Parallel Aware": true,
                            "Relation Name": "movie_keyword",
                            "Alias": "mk",
                            "Startup Cost": 23055.02,
                            "Total Cost": 55500.08,
                            "Plan Rows": 639285,
                            "Plan Width": 4,
                            "Actual Startup Time": 58.197,
                            "Actual Total Time": 169.184,
                            "Actual Rows": 551343,
                            "Actual Loops": 2,
                            "Recheck Cond": "(keyword_id < 1135)",
                            "Rows Removed by Index Recheck": 0,
                            "Exact Heap Blocks": 15726,
                            "Lossy Heap Blocks": 0,
                            "Plans": [
                              {
                                "Node Type": "Bitmap Index Scan",
                                "Parent Relationship": "Outer",
                                "Parallel Aware": false,
                                "Index Name": "keyword_id_movie_keyword",
                                "Startup Cost": 0.0,
                                "Total Cost": 22783.32,
                                "Plan Rows": 1086785,
                                "Plan Width": 0,
                                "Actual Startup Time": 54.531,
                                "Actual Total Time": 54.531,
                                "Actual Rows": 1102686,
                                "Actual Loops": 1,
                                "Index Cond": "(keyword_id < 1135)"
                              }
                            ]
                          },
                          {
                            "Node Type": "Hash",
                            "Parent Relationship": "Inner",
                            "Parallel Aware": true,
                            "Startup Cost": 54588.39,
                            "Total Cost": 54588.39,
                            "Plan Rows": 462806,
                            "Plan Width": 4,
                            "Actual Startup Time": 291.102,
                            "Actual Total Time": 291.103,
                            "Actual Rows": 392463,
                            "Actual Loops": 2,
                            "Hash Buckets": 1048576,
                            "Original Hash Buckets": 1048576,
                            "Hash Batches": 1,
                            "Original Hash Batches": 1,
                            "Peak Memory Usage": 38912,
                            "Plans": [
                              {
                                "Node Type": "Seq Scan",
                                "Parent Relationship": "Outer",
                                "Parallel Aware": true,
                                "Relation Name": "title",
                                "Alias": "t",
                                "Startup Cost": 0.0,
                                "Total Cost": 54588.39,
                                "Plan Rows": 462806,
                                "Plan Width": 4,
                                "Actual Startup Time": 0.039,
                                "Actual Total Time": 177.508,
                                "Actual Rows": 392463,
                                "Actual Loops": 2,
                                "Filter": "(production_year > 2007)",
                                "Rows Removed by Filter": 871693
                              }
                            ]
                          }
                        ]
                      }
                    ]
                  }
                ]
              }
            ]
          }
        ]
      }
    ]
  },
  "Planning Time": 1.016,
  "Triggers": [],
  "Execution Time": 2754.376
}