[
  {
    "Plan": {
      "Node Type": "Aggregate",
      "Strategy": "Plain",
      "Partial Mode": "Finalize",
      "Parallel Aware": false,
      "Startup Cost": 94922.95,
      "Total Cost": 94922.96,
      "Plan Rows": 1,
      "Plan Width": 8,
      "Actual Startup Time": 422.224,
      "Actual Total Time": 438.674,
      "Actual Rows": 1,
      "Actual Loops": 1,
      "Plans": [
        {
          "Node Type": "Gather",
          "Parent Relationship": "Outer",
          "Parallel Aware": false,
          "Startup Cost": 94922.64,
          "Total Cost": 94922.95,
          "Plan Rows": 3,
          "Plan Width": 8,
          "Actual Startup Time": 412.4,
          "Actual Total Time": 438.66,
          "Actual Rows": 4,
          "Actual Loops": 1,
          "Workers Planned": 3,
          "Workers Launched": 3,
          "Single Copy": false,
          "Plans": [
            {
              "Node Type": "Aggregate",
              "Strategy": "Plain",
              "Partial Mode": "Partial",
              "Parent Relationship": "Outer",
              "Parallel Aware": false,
              "Startup Cost": 93922.64,
              "Total Cost": 93922.65,
              "Plan Rows": 1,
              "Plan Width": 8,
              "Actual Startup Time": 404.418,
              "Actual Total Time": 404.423,
              "Actual Rows": 1,
              "Actual Loops": 4,
              "Plans": [
                {
                  "Node Type": "Hash Join",
                  "Parent Relationship": "Outer",
                  "Parallel Aware": true,
                  "Join Type": "Inner",
                  "Startup Cost": 49341.24,
                  "Total Cost": 93323.68,
                  "Plan Rows": 239581,
                  "Plan Width": 0,
                  "Actual Startup Time": 237.445,
                  "Actual Total Time": 399.487,
                  "Actual Rows": 105300,
                  "Actual Loops": 4,
                  "Inner Unique": true,
                  "Hash Cond": "(mk.movie_id = t.id)",
                  "Plans": [
                    {
                      "Node Type": "Seq Scan",
                      "Parent Relationship": "Outer",
                      "Parallel Aware": true,
                      "Relation Name": "movie_keyword",
                      "Alias": "mk",
                      "Startup Cost": 0.0,
                      "Total Cost": 42695.65,
                      "Plan Rows": 490207,
                      "Plan Width": 4,
                      "Actual Startup Time": 0.74,
                      "Actual Total Time": 102.212,
                      "Actual Rows": 377189,
                      "Actual Loops": 4,
                      "Filter": "(keyword_id > 10734)",
                      "Rows Removed by Filter": 753794
                    },
                    {
                      "Node Type": "Hash",
                      "Parent Relationship": "Inner",
                      "Parallel Aware": true,
                      "Startup Cost": 45479.59,
                      "Total Cost": 45479.59,
                      "Plan Rows": 308932,
                      "Plan Width": 4,
                      "Actual Startup Time": 231.477,
                      "Actual Total Time": 231.479,
                      "Actual Rows": 299344,
                      "Actual Loops": 4,
                      "Hash Buckets": 2097152,
                      "Original Hash Buckets": 2097152,
                      "Hash Batches": 1,
                      "Original Hash Batches": 1,
                      "Peak Memory Usage": 63296,
                      "Plans": [
                        {
                          "Node Type": "Seq Scan",
                          "Parent Relationship": "Outer",
                          "Parallel Aware": true,
                          "Relation Name": "title",
                          "Alias": "t",
                          "Startup Cost": 0.0,
                          "Total Cost": 45479.59,
                          "Plan Rows": 308932,
                          "Plan Width": 4,
                          "Actual Startup Time": 0.038,
                          "Actual Total Time": 114.324,
                          "Actual Rows": 299344,
                          "Actual Loops": 4,
                          "Filter": "((kind_id > 1) AND (production_year < 2008))",
                          "Rows Removed by Filter": 332734
                        }
                      ]
                    }
                  ]
                }
              ]
            }
          ]
        }
      ]
    },
    "Planning Time": 0.264,
    "Triggers": [],
    "Execution Time": 438.714
  }
]