{
    "Plan": {
        "Node Type": "Aggregate",
        "Strategy": "Plain",
        "Partial Mode": "Finalize",
        "Parallel Aware": false,
        "Startup Cost": 89880.79,
        "Total Cost": 89880.8,
        "Plan Rows": 1,
        "Plan Width": 8,
        "Actual Startup Time": 229.109,
        "Actual Total Time": 252.375,
        "Actual Rows": 1,
        "Actual Loops": 1,
        "Output": [
            "count(*)"
        ],
        "Plans": [
            {
                "Node Type": "Gather",
                "Parent Relationship": "Outer",
                "Parallel Aware": false,
                "Startup Cost": 89880.47,
                "Total Cost": 89880.78,
                "Plan Rows": 3,
                "Plan Width": 8,
                "Actual Startup Time": 228.784,
                "Actual Total Time": 252.366,
                "Actual Rows": 4,
                "Actual Loops": 1,
                "Output": [
                    "(PARTIAL count(*))"
                ],
                "Workers Planned": 3,
                "Workers Launched": 3,
                "Single Copy": false,
                "Plans": [
                    {
                        "Node Type": "Aggregate",
                        "Strategy": "Plain",
                        "Partial Mode": "Partial",
                        "Parent Relationship": "Outer",
                        "Parallel Aware": false,
                        "Startup Cost": 88880.47,
                        "Total Cost": 88880.48,
                        "Plan Rows": 1,
                        "Plan Width": 8,
                        "Actual Startup Time": 221.192,
                        "Actual Total Time": 221.195,
                        "Actual Rows": 1,
                        "Actual Loops": 4,
                        "Output": [
                            "PARTIAL count(*)"
                        ],
                        "Workers": [
                            {
                                "Worker Number": 0,
                                "Actual Startup Time": 219.391,
                                "Actual Total Time": 219.394,
                                "Actual Rows": 1,
                                "Actual Loops": 1
                            },
                            {
                                "Worker Number": 1,
                                "Actual Startup Time": 219.753,
                                "Actual Total Time": 219.756,
                                "Actual Rows": 1,
                                "Actual Loops": 1
                            },
                            {
                                "Worker Number": 2,
                                "Actual Startup Time": 217.591,
                                "Actual Total Time": 217.594,
                                "Actual Rows": 1,
                                "Actual Loops": 1
                            }
                        ],
                        "Plans": [
                            {
                                "Node Type": "Hash Join",
                                "Parent Relationship": "Outer",
                                "Parallel Aware": true,
                                "Join Type": "Inner",
                                "Startup Cost": 45628.32,
                                "Total Cost": 88870.65,
                                "Plan Rows": 3930,
                                "Plan Width": 0,
                                "Actual Startup Time": 104.292,
                                "Actual Total Time": 220.821,
                                "Actual Rows": 5777,
                                "Actual Loops": 4,
                                "Inner Unique": true,
                                "Hash Cond": "(mk.movie_id = t.id)",
                                "Workers": [
                                    {
                                        "Worker Number": 0,
                                        "Actual Startup Time": 102.234,
                                        "Actual Total Time": 219.052,
                                        "Actual Rows": 5218,
                                        "Actual Loops": 1
                                    },
                                    {
                                        "Worker Number": 1,
                                        "Actual Startup Time": 102.75,
                                        "Actual Total Time": 219.375,
                                        "Actual Rows": 5972,
                                        "Actual Loops": 1
                                    },
                                    {
                                        "Worker Number": 2,
                                        "Actual Startup Time": 101.138,
                                        "Actual Total Time": 217.198,
                                        "Actual Rows": 3806,
                                        "Actual Loops": 1
                                    }
                                ],
                                "Plans": [
                                    {
                                        "Node Type": "Seq Scan",
                                        "Parent Relationship": "Outer",
                                        "Parallel Aware": true,
                                        "Relation Name": "movie_keyword",
                                        "Schema": "public",
                                        "Alias": "mk",
                                        "Startup Cost": 0.0,
                                        "Total Cost": 42695.65,
                                        "Plan Rows": 208257,
                                        "Plan Width": 4,
                                        "Actual Startup Time": 2.968,
                                        "Actual Total Time": 103.405,
                                        "Actual Rows": 157890,
                                        "Actual Loops": 4,
                                        "Output": [
                                            "mk.id",
                                            "mk.movie_id",
                                            "mk.keyword_id"
                                        ],
                                        "Filter": "(mk.keyword_id > 29033)",
                                        "Rows Removed by Filter": 973092,
                                        "Workers": [
                                            {
                                                "Worker Number": 0,
                                                "Actual Startup Time": 2.989,
                                                "Actual Total Time": 103.819,
                                                "Actual Rows": 147924,
                                                "Actual Loops": 1
                                            },
                                            {
                                                "Worker Number": 1,
                                                "Actual Startup Time": 2.898,
                                                "Actual Total Time": 104.344,
                                                "Actual Rows": 156703,
                                                "Actual Loops": 1
                                            },
                                            {
                                                "Worker Number": 2,
                                                "Actual Startup Time": 2.978,
                                                "Actual Total Time": 104.184,
                                                "Actual Rows": 105733,
                                                "Actual Loops": 1
                                            }
                                        ]
                                    },
                                    {
                                        "Node Type": "Hash",
                                        "Parent Relationship": "Inner",
                                        "Parallel Aware": true,
                                        "Startup Cost": 45479.21,
                                        "Total Cost": 45479.21,
                                        "Plan Rows": 11929,
                                        "Plan Width": 4,
                                        "Actual Startup Time": 99.5,
                                        "Actual Total Time": 99.501,
                                        "Actual Rows": 9688,
                                        "Actual Loops": 4,
                                        "Output": [
                                            "t.id"
                                        ],
                                        "Hash Buckets": 65536,
                                        "Original Hash Buckets": 65536,
                                        "Hash Batches": 1,
                                        "Original Hash Batches": 1,
                                        "Peak Memory Usage": 2112,
                                        "Workers": [
                                            {
                                                "Worker Number": 0,
                                                "Actual Startup Time": 98.571,
                                                "Actual Total Time": 98.571,
                                                "Actual Rows": 8893,
                                                "Actual Loops": 1
                                            },
                                            {
                                                "Worker Number": 1,
                                                "Actual Startup Time": 98.947,
                                                "Actual Total Time": 98.947,
                                                "Actual Rows": 9894,
                                                "Actual Loops": 1
                                            },
                                            {
                                                "Worker Number": 2,
                                                "Actual Startup Time": 96.648,
                                                "Actual Total Time": 96.649,
                                                "Actual Rows": 6754,
                                                "Actual Loops": 1
                                            }
                                        ],
                                        "Plans": [
                                            {
                                                "Node Type": "Seq Scan",
                                                "Parent Relationship": "Outer",
                                                "Parallel Aware": true,
                                                "Relation Name": "title",
                                                "Schema": "public",
                                                "Alias": "t",
                                                "Startup Cost": 0.0,
                                                "Total Cost": 45479.21,
                                                "Plan Rows": 11929,
                                                "Plan Width": 4,
                                                "Actual Startup Time": 0.536,
                                                "Actual Total Time": 95.032,
                                                "Actual Rows": 9688,
                                                "Actual Loops": 4,
                                                "Output": [
                                                    "t.id"
                                                ],
                                                "Filter": "((t.kind_id < 7) AND (t.production_year = 2008))",
                                                "Rows Removed by Filter": 622390,
                                                "Workers": [
                                                    {
                                                        "Worker Number": 0,
                                                        "Actual Startup Time": 0.176,
                                                        "Actual Total Time": 94.113,
                                                        "Actual Rows": 8893,
                                                        "Actual Loops": 1
                                                    },
                                                    {
                                                        "Worker Number": 1,
                                                        "Actual Startup Time": 1.454,
                                                        "Actual Total Time": 94.268,
                                                        "Actual Rows": 9894,
                                                        "Actual Loops": 1
                                                    },
                                                    {
                                                        "Worker Number": 2,
                                                        "Actual Startup Time": 0.377,
                                                        "Actual Total Time": 92.473,
                                                        "Actual Rows": 6754,
                                                        "Actual Loops": 1
                                                    }
                                                ]
                                            }
                                        ]
                                    }
                                ]
                            }
                        ]
                    }
                ]
            }
        ]
    },
    "Planning Time": 0.708,
    "Triggers": [],
    "Execution Time": 252.452
}