[
  {
    "Plan": {
      "Node Type": "Aggregate",
      "Strategy": "Plain",
      "Partial Mode": "Finalize",
      "Parallel Aware": false,
      "Startup Cost": 45665.61,
      "Total Cost": 45665.62,
      "Plan Rows": 1,
      "Plan Width": 8,
      "Actual Startup Time": 179.563,
      "Actual Total Time": 189.896,
      "Actual Rows": 1,
      "Actual Loops": 1,
      "Plans": [
        {
          "Node Type": "Gather",
          "Parent Relationship": "Outer",
          "Parallel Aware": false,
          "Startup Cost": 45665.29,
          "Total Cost": 45665.6,
          "Plan Rows": 3,
          "Plan Width": 8,
          "Actual Startup Time": 179.301,
          "Actual Total Time": 189.885,
          "Actual Rows": 4,
          "Actual Loops": 1,
          "Workers Planned": 3,
          "Workers Launched": 3,
          "Single Copy": false,
          "Plans": [
            {
              "Node Type": "Aggregate",
              "Strategy": "Plain",
              "Partial Mode": "Partial",
              "Parent Relationship": "Outer",
              "Parallel Aware": false,
              "Startup Cost": 44665.29,
              "Total Cost": 44665.3,
              "Plan Rows": 1,
              "Plan Width": 8,
              "Actual Startup Time": 173.209,
              "Actual Total Time": 173.211,
              "Actual Rows": 1,
              "Actual Loops": 4,
              "Plans": [
                {
                  "Node Type": "Seq Scan",
                  "Parent Relationship": "Outer",
                  "Parallel Aware": true,
                  "Relation Name": "movie_keyword",
                  "Alias": "mk",
                  "Startup Cost": 0.0,
                  "Total Cost": 42695.65,
                  "Plan Rows": 787856,
                  "Plan Width": 0,
                  "Actual Startup Time": 0.047,
                  "Actual Total Time": 139.892,
                  "Actual Rows": 615624,
                  "Actual Loops": 4,
                  "Filter": "(keyword_id < 5908)",
                  "Rows Removed by Filter": 515358
                }
              ]
            }
          ]
        }
      ]
    },
    "Planning Time": 0.165,
    "Triggers": [],
    "Execution Time": 189.943
  }
]