[
  {
    "Plan": {
      "Node Type": "Aggregate",
      "Strategy": "Plain",
      "Partial Mode": "Finalize",
      "Parallel Aware": false,
      "Startup Cost": 32691.58,
      "Total Cost": 32691.59,
      "Plan Rows": 1,
      "Plan Width": 8,
      "Actual Startup Time": 88.118,
      "Actual Total Time": 94.128,
      "Actual Rows": 1,
      "Actual Loops": 1,
      "Plans": [
        {
          "Node Type": "Gather",
          "Parent Relationship": "Outer",
          "Parallel Aware": false,
          "Startup Cost": 32691.27,
          "Total Cost": 32691.58,
          "Plan Rows": 3,
          "Plan Width": 8,
          "Actual Startup Time": 88.001,
          "Actual Total Time": 94.119,
          "Actual Rows": 4,
          "Actual Loops": 1,
          "Workers Planned": 3,
          "Workers Launched": 3,
          "Single Copy": false,
          "Plans": [
            {
              "Node Type": "Aggregate",
              "Strategy": "Plain",
              "Partial Mode": "Partial",
              "Parent Relationship": "Outer",
              "Parallel Aware": false,
              "Startup Cost": 31691.27,
              "Total Cost": 31691.28,
              "Plan Rows": 1,
              "Plan Width": 8,
              "Actual Startup Time": 80.659,
              "Actual Total Time": 80.66,
              "Actual Rows": 1,
              "Actual Loops": 4,
              "Plans": [
                {
                  "Node Type": "Seq Scan",
                  "Parent Relationship": "Outer",
                  "Parallel Aware": true,
                  "Relation Name": "movie_companies",
                  "Alias": "mc",
                  "Startup Cost": 0.0,
                  "Total Cost": 31414.82,
                  "Plan Rows": 110579,
                  "Plan Width": 0,
                  "Actual Startup Time": 0.051,
                  "Actual Total Time": 71.357,
                  "Actual Rows": 123559,
                  "Actual Loops": 4,
                  "Filter": "((company_id < 1284) AND (company_type_id < 2))",
                  "Rows Removed by Filter": 528723
                }
              ]
            }
          ]
        }
      ]
    },
    "Planning Time": 0.226,
    "Triggers": [],
    "Execution Time": 94.185
  }
]