{
  "Plan": {
    "Node Type": "Aggregate",
    "Strategy": "Plain",
    "Partial Mode": "Finalize",
    "Parallel Aware": false,
    "Startup Cost": 119481.32,
    "Total Cost": 119481.33,
    "Plan Rows": 1,
    "Plan Width": 8,
    "Actual Startup Time": 897.971,
    "Actual Total Time": 918.702,
    "Actual Rows": 1,
    "Actual Loops": 1,
    "Plans": [
      {
        "Node Type": "Gather",
        "Parent Relationship": "Outer",
        "Parallel Aware": false,
        "Startup Cost": 119481.21,
        "Total Cost": 119481.32,
        "Plan Rows": 1,
        "Plan Width": 8,
        "Actual Startup Time": 889.71,
        "Actual Total Time": 918.692,
        "Actual Rows": 2,
        "Actual Loops": 1,
        "Workers Planned": 1,
        "Workers Launched": 1,
        "Single Copy": false,
        "Plans": [
          {
            "Node Type": "Aggregate",
            "Strategy": "Plain",
            "Partial Mode": "Partial",
            "Parent Relationship": "Outer",
            "Parallel Aware": false,
            "Startup Cost": 118481.21,
            "Total Cost": 118481.22,
            "Plan Rows": 1,
            "Plan Width": 8,
            "Actual Startup Time": 876.752,
            "Actual Total Time": 876.756,
            "Actual Rows": 1,
            "Actual Loops": 2,
            "Plans": [
              {
                "Node Type": "Hash Join",
                "Parent Relationship": "Outer",
                "Parallel Aware": true,
                "Join Type": "Inner",
                "Startup Cost": 85962.01,
                "Total Cost": 117337.21,
                "Plan Rows": 457600,
                "Plan Width": 0,
                "Actual Startup Time": 632.292,
                "Actual Total Time": 855.172,
                "Actual Rows": 395697,
                "Actual Loops": 2,
                "Inner Unique": true,
                "Hash Cond": "(mk.movie_id = t.id)",
                "Plans": [
                  {
                    "Node Type": "Bitmap Heap Scan",
                    "Parent Relationship": "Outer",
                    "Parallel Aware": true,
                    "Relation Name": "movie_keyword",
                    "Alias": "mk",
                    "Startup Cost": 16501.31,
                    "Total Cost": 46675.31,
                    "Plan Rows": 457600,
                    "Plan Width": 4,
                    "Actual Startup Time": 42.994,
                    "Actual Total Time": 141.097,
                    "Actual Rows": 395697,
                    "Actual Loops": 2,
                    "Recheck Cond": "(keyword_id < 763)",
                    "Rows Removed by Index Recheck": 0,
                    "Exact Heap Blocks": 15326,
                    "Lossy Heap Blocks": 0,
                    "Plans": [
                      {
                        "Node Type": "Bitmap Index Scan",
                        "Parent Relationship": "Outer",
                        "Parallel Aware": false,
                        "Index Name": "keyword_id_movie_keyword",
                        "Startup Cost": 0.0,
                        "Total Cost": 16306.83,
                        "Plan Rows": 777920,
                        "Plan Width": 0,
                        "Actual Startup Time": 39.463,
                        "Actual Total Time": 39.464,
                        "Actual Rows": 791394,
                        "Actual Loops": 1,
                        "Index Cond": "(keyword_id < 763)"
                      }
                    ]
                  },
                  {
                    "Node Type": "Hash",
                    "Parent Relationship": "Inner",
                    "Parallel Aware": true,
                    "Startup Cost": 50870.31,
                    "Total Cost": 50870.31,
                    "Plan Rows": 1487231,
                    "Plan Width": 4,
                    "Actual Startup Time": 566.612,
                    "Actual Total Time": 566.613,
                    "Actual Rows": 1264156,
                    "Actual Loops": 2,
                    "Hash Buckets": 4194304,
                    "Original Hash Buckets": 4194304,
                    "Hash Batches": 1,
                    "Original Hash Batches": 1,
                    "Peak Memory Usage": 131712,
                    "Plans": [
                      {
                        "Node Type": "Seq Scan",
                        "Parent Relationship": "Outer",
                        "Parallel Aware": true,
                        "Relation Name": "title",
                        "Alias": "t",
                        "Startup Cost": 0.0,
                        "Total Cost": 50870.31,
                        "Plan Rows": 1487231,
                        "Plan Width": 4,
                        "Actual Startup Time": 0.026,
                        "Actual Total Time": 178.626,
                        "Actual Rows": 1264156,
                        "Actual Loops": 2
                      }
                    ]
                  }
                ]
              }
            ]
          }
        ]
      }
    ]
  },
  "Planning Time": 0.64,
  "Triggers": [],
  "Execution Time": 918.788
}