[
  {
    "Plan": {
      "Node Type": "Aggregate",
      "Strategy": "Plain",
      "Partial Mode": "Simple",
      "Parallel Aware": false,
      "Startup Cost": 987.99,
      "Total Cost": 988.0,
      "Plan Rows": 1,
      "Plan Width": 8,
      "Actual Startup Time": 11.227,
      "Actual Total Time": 11.229,
      "Actual Rows": 1,
      "Actual Loops": 1,
      "Plans": [
        {
          "Node Type": "Index Scan",
          "Parent Relationship": "Outer",
          "Parallel Aware": false,
          "Scan Direction": "Forward",
          "Index Name": "person_id_cast_info",
          "Relation Name": "cast_info",
          "Alias": "ci",
          "Startup Cost": 0.56,
          "Total Cost": 987.07,
          "Plan Rows": 371,
          "Plan Width": 0,
          "Actual Startup Time": 11.19,
          "Actual Total Time": 11.213,
          "Actual Rows": 33,
          "Actual Loops": 1,
          "Index Cond": "(person_id = 1942285)",
          "Rows Removed by Index Recheck": 0,
          "Filter": "(role_id < 6)",
          "Rows Removed by Filter": 0
        }
      ]
    },
    "Planning Time": 0.225,
    "Triggers": [],
    "Execution Time": 11.279
  }
]