{
  "Plan": {
    "Node Type": "Aggregate",
    "Strategy": "Plain",
    "Partial Mode": "Finalize",
    "Parallel Aware": false,
    "Startup Cost": 58843.61,
    "Total Cost": 58843.62,
    "Plan Rows": 1,
    "Plan Width": 8,
    "Actual Startup Time": 37.175,
    "Actual Total Time": 41.264,
    "Actual Rows": 1,
    "Actual Loops": 1,
    "Plans": [
      {
        "Node Type": "Gather",
        "Parent Relationship": "Outer",
        "Parallel Aware": false,
        "Startup Cost": 58843.49,
        "Total Cost": 58843.6,
        "Plan Rows": 1,
        "Plan Width": 8,
        "Actual Startup Time": 37.067,
        "Actual Total Time": 41.258,
        "Actual Rows": 2,
        "Actual Loops": 1,
        "Workers Planned": 1,
        "Workers Launched": 1,
        "Single Copy": false,
        "Plans": [
          {
            "Node Type": "Aggregate",
            "Strategy": "Plain",
            "Partial Mode": "Partial",
            "Parent Relationship": "Outer",
            "Parallel Aware": false,
            "Startup Cost": 57843.49,
            "Total Cost": 57843.5,
            "Plan Rows": 1,
            "Plan Width": 8,
            "Actual Startup Time": 30.992,
            "Actual Total Time": 30.994,
            "Actual Rows": 1,
            "Actual Loops": 2,
            "Plans": [
              {
                "Node Type": "Nested Loop",
                "Parent Relationship": "Outer",
                "Parallel Aware": false,
                "Join Type": "Inner",
                "Startup Cost": 383.22,
                "Total Cost": 57823.98,
                "Plan Rows": 7805,
                "Plan Width": 0,
                "Actual Startup Time": 29.821,
                "Actual Total Time": 30.985,
                "Actual Rows": 44,
                "Actual Loops": 2,
                "Inner Unique": false,
                "Plans": [
                  {
                    "Node Type": "Nested Loop",
                    "Parent Relationship": "Outer",
                    "Parallel Aware": false,
                    "Join Type": "Inner",
                    "Startup Cost": 382.78,
                    "Total Cost": 53960.74,
                    "Plan Rows": 1335,
                    "Plan Width": 8,
                    "Actual Startup Time": 29.754,
                    "Actual Total Time": 30.813,
                    "Actual Rows": 4,
                    "Actual Loops": 2,
                    "Inner Unique": true,
                    "Plans": [
                      {
                        "Node Type": "Bitmap Heap Scan",
                        "Parent Relationship": "Outer",
                        "Parallel Aware": true,
                        "Relation Name": "movie_companies",
                        "Alias": "mc",
                        "Startup Cost": 382.35,
                        "Total Cost": 19756.67,
                        "Plan Rows": 5087,
                        "Plan Width": 4,
                        "Actual Startup Time": 1.89,
                        "Actual Total Time": 4.666,
                        "Actual Rows": 4040,
                        "Actual Loops": 2,
                        "Recheck Cond": "(company_id = 166)",
                        "Rows Removed by Index Recheck": 0,
                        "Filter": "(company_type_id < 2)",
                        "Rows Removed by Filter": 4070,
                        "Exact Heap Blocks": 451,
                        "Lossy Heap Blocks": 0,
                        "Plans": [
                          {
                            "Node Type": "Bitmap Index Scan",
                            "Parent Relationship": "Outer",
                            "Parallel Aware": false,
                            "Index Name": "company_id_movie_companies",
                            "Startup Cost": 0.0,
                            "Total Cost": 380.19,
                            "Plan Rows": 17568,
                            "Plan Width": 0,
                            "Actual Startup Time": 3.392,
                            "Actual Total Time": 3.393,
                            "Actual Rows": 16220,
                            "Actual Loops": 1,
                            "Index Cond": "(company_id = 166)"
                          }
                        ]
                      },
                      {
                        "Node Type": "Index Scan",
                        "Parent Relationship": "Inner",
                        "Parallel Aware": false,
                        "Scan Direction": "Forward",
                        "Index Name": "title_pkey",
                        "Relation Name": "title",
                        "Alias": "t",
                        "Startup Cost": 0.43,
                        "Total Cost": 6.72,
                        "Plan Rows": 1,
                        "Plan Width": 4,
                        "Actual Startup Time": 0.006,
                        "Actual Total Time": 0.006,
                        "Actual Rows": 0,
                        "Actual Loops": 8081,
                        "Index Cond": "(id = mc.movie_id)",
                        "Rows Removed by Index Recheck": 0,
                        "Filter": "(kind_id < 2)",
                        "Rows Removed by Filter": 1
                      }
                    ]
                  },
                  {
                    "Node Type": "Index Only Scan",
                    "Parent Relationship": "Inner",
                    "Parallel Aware": false,
                    "Scan Direction": "Forward",
                    "Index Name": "movie_id_movie_info",
                    "Relation Name": "movie_info",
                    "Alias": "mi",
                    "Startup Cost": 0.43,
                    "Total Cost": 2.47,
                    "Plan Rows": 42,
                    "Plan Width": 4,
                    "Actual Startup Time": 0.025,
                    "Actual Total Time": 0.047,
                    "Actual Rows": 12,
                    "Actual Loops": 7,
                    "Index Cond": "(movie_id = t.id)",
                    "Rows Removed by Index Recheck": 0,
                    "Heap Fetches": 87
                  }
                ]
              }
            ]
          }
        ]
      }
    ]
  },
  "Planning Time": 1.021,
  "Triggers": [],
  "Execution Time": 41.363
}