[
  {
    "Plan": {
      "Node Type": "Aggregate",
      "Strategy": "Plain",
      "Partial Mode": "Finalize",
      "Parallel Aware": false,
      "Startup Cost": 219349.77,
      "Total Cost": 219349.78,
      "Plan Rows": 1,
      "Plan Width": 8,
      "Actual Startup Time": 128.033,
      "Actual Total Time": 150.43,
      "Actual Rows": 1,
      "Actual Loops": 1,
      "Plans": [
        {
          "Node Type": "Gather",
          "Parent Relationship": "Outer",
          "Parallel Aware": false,
          "Startup Cost": 219349.35,
          "Total Cost": 219349.76,
          "Plan Rows": 4,
          "Plan Width": 8,
          "Actual Startup Time": 127.74,
          "Actual Total Time": 150.422,
          "Actual Rows": 5,
          "Actual Loops": 1,
          "Workers Planned": 4,
          "Workers Launched": 4,
          "Single Copy": false,
          "Plans": [
            {
              "Node Type": "Aggregate",
              "Strategy": "Plain",
              "Partial Mode": "Partial",
              "Parent Relationship": "Outer",
              "Parallel Aware": false,
              "Startup Cost": 218349.35,
              "Total Cost": 218349.36,
              "Plan Rows": 1,
              "Plan Width": 8,
              "Actual Startup Time": 122.596,
              "Actual Total Time": 122.597,
              "Actual Rows": 1,
              "Actual Loops": 5,
              "Plans": [
                {
                  "Node Type": "Nested Loop",
                  "Parent Relationship": "Outer",
                  "Parallel Aware": false,
                  "Join Type": "Inner",
                  "Startup Cost": 0.43,
                  "Total Cost": 218309.03,
                  "Plan Rows": 16128,
                  "Plan Width": 0,
                  "Actual Startup Time": 50.505,
                  "Actual Total Time": 121.231,
                  "Actual Rows": 19191,
                  "Actual Loops": 5,
                  "Inner Unique": false,
                  "Plans": [
                    {
                      "Node Type": "Seq Scan",
                      "Parent Relationship": "Outer",
                      "Parallel Aware": true,
                      "Relation Name": "title",
                      "Alias": "t",
                      "Startup Cost": 0.0,
                      "Total Cost": 43899.32,
                      "Plan Rows": 2747,
                      "Plan Width": 4,
                      "Actual Startup Time": 45.695,
                      "Actual Total Time": 72.693,
                      "Actual Rows": 2247,
                      "Actual Loops": 5,
                      "Filter": "(production_year < 1903)",
                      "Rows Removed by Filter": 503416
                    },
                    {
                      "Node Type": "Index Only Scan",
                      "Parent Relationship": "Inner",
                      "Parallel Aware": false,
                      "Scan Direction": "Forward",
                      "Index Name": "movie_id_movie_info",
                      "Relation Name": "movie_info",
                      "Alias": "mi",
                      "Startup Cost": 0.43,
                      "Total Cost": 63.08,
                      "Plan Rows": 41,
                      "Plan Width": 4,
                      "Actual Startup Time": 0.009,
                      "Actual Total Time": 0.02,
                      "Actual Rows": 9,
                      "Actual Loops": 11234,
                      "Index Cond": "(movie_id = t.id)",
                      "Rows Removed by Index Recheck": 0,
                      "Heap Fetches": 95957
                    }
                  ]
                }
              ]
            }
          ]
        }
      ]
    },
    "Planning Time": 0.21,
    "Triggers": [],
    "Execution Time": 150.47
  }
]