[
  {
    "Plan": {
      "Node Type": "Aggregate",
      "Strategy": "Plain",
      "Partial Mode": "Finalize",
      "Parallel Aware": false,
      "Startup Cost": 79480.61,
      "Total Cost": 79480.62,
      "Plan Rows": 1,
      "Plan Width": 8,
      "Actual Startup Time": 298.701,
      "Actual Total Time": 314.322,
      "Actual Rows": 1,
      "Actual Loops": 1,
      "Plans": [
        {
          "Node Type": "Gather",
          "Parent Relationship": "Outer",
          "Parallel Aware": false,
          "Startup Cost": 79480.29,
          "Total Cost": 79480.6,
          "Plan Rows": 3,
          "Plan Width": 8,
          "Actual Startup Time": 294.43,
          "Actual Total Time": 314.314,
          "Actual Rows": 4,
          "Actual Loops": 1,
          "Workers Planned": 3,
          "Workers Launched": 3,
          "Single Copy": false,
          "Plans": [
            {
              "Node Type": "Aggregate",
              "Strategy": "Plain",
              "Partial Mode": "Partial",
              "Parent Relationship": "Outer",
              "Parallel Aware": false,
              "Startup Cost": 78480.29,
              "Total Cost": 78480.3,
              "Plan Rows": 1,
              "Plan Width": 8,
              "Actual Startup Time": 285.167,
              "Actual Total Time": 285.172,
              "Actual Rows": 1,
              "Actual Loops": 4,
              "Plans": [
                {
                  "Node Type": "Hash Join",
                  "Parent Relationship": "Outer",
                  "Parallel Aware": true,
                  "Join Type": "Inner",
                  "Startup Cost": 52929.43,
                  "Total Cost": 78416.4,
                  "Plan Rows": 25555,
                  "Plan Width": 0,
                  "Actual Startup Time": 216.004,
                  "Actual Total Time": 284.632,
                  "Actual Rows": 5825,
                  "Actual Loops": 4,
                  "Inner Unique": true,
                  "Hash Cond": "(mk.movie_id = t.id)",
                  "Plans": [
                    {
                      "Node Type": "Bitmap Heap Scan",
                      "Parent Relationship": "Outer",
                      "Parallel Aware": true,
                      "Relation Name": "movie_keyword",
                      "Alias": "mk",
                      "Startup Cost": 4493.24,
                      "Total Cost": 29800.94,
                      "Plan Rows": 68296,
                      "Plan Width": 4,
                      "Actual Startup Time": 27.323,
                      "Actual Total Time": 75.047,
                      "Actual Rows": 52146,
                      "Actual Loops": 4,
                      "Recheck Cond": "(keyword_id < 140)",
                      "Rows Removed by Index Recheck": 0,
                      "Exact Heap Blocks": 8206,
                      "Lossy Heap Blocks": 0,
                      "Plans": [
                        {
                          "Node Type": "Bitmap Index Scan",
                          "Parent Relationship": "Outer",
                          "Parallel Aware": false,
                          "Index Name": "keyword_id_movie_keyword",
                          "Startup Cost": 0.0,
                          "Total Cost": 4440.31,
                          "Plan Rows": 211717,
                          "Plan Width": 0,
                          "Actual Startup Time": 21.73,
                          "Actual Total Time": 21.731,
                          "Actual Rows": 208584,
                          "Actual Loops": 1,
                          "Index Cond": "(keyword_id < 140)"
                        }
                      ]
                    },
                    {
                      "Node Type": "Hash",
                      "Parent Relationship": "Inner",
                      "Parallel Aware": true,
                      "Startup Cost": 45479.59,
                      "Total Cost": 45479.59,
                      "Plan Rows": 236528,
                      "Plan Width": 4,
                      "Actual Startup Time": 184.955,
                      "Actual Total Time": 184.956,
                      "Actual Rows": 219009,
                      "Actual Loops": 4,
                      "Hash Buckets": 1048576,
                      "Original Hash Buckets": 1048576,
                      "Hash Batches": 1,
                      "Original Hash Batches": 1,
                      "Peak Memory Usage": 42528,
                      "Plans": [
                        {
                          "Node Type": "Seq Scan",
                          "Parent Relationship": "Outer",
                          "Parallel Aware": true,
                          "Relation Name": "title",
                          "Alias": "t",
                          "Startup Cost": 0.0,
                          "Total Cost": 45479.59,
                          "Plan Rows": 236528,
                          "Plan Width": 4,
                          "Actual Startup Time": 0.039,
                          "Actual Total Time": 110.506,
                          "Actual Rows": 219009,
                          "Actual Loops": 4,
                          "Filter": "((production_year < 2007) AND (kind_id = 7))",
                          "Rows Removed by Filter": 413069
                        }
                      ]
                    }
                  ]
                }
              ]
            }
          ]
        }
      ]
    },
    "Planning Time": 0.283,
    "Triggers": [],
    "Execution Time": 314.374
  }
]