[
  {
    "Plan": {
      "Node Type": "Aggregate",
      "Strategy": "Plain",
      "Partial Mode": "Finalize",
      "Parallel Aware": false,
      "Startup Cost": 83456.18,
      "Total Cost": 83456.19,
      "Plan Rows": 1,
      "Plan Width": 8,
      "Actual Startup Time": 217.257,
      "Actual Total Time": 235.796,
      "Actual Rows": 1,
      "Actual Loops": 1,
      "Plans": [
        {
          "Node Type": "Gather",
          "Parent Relationship": "Outer",
          "Parallel Aware": false,
          "Startup Cost": 83455.86,
          "Total Cost": 83456.17,
          "Plan Rows": 3,
          "Plan Width": 8,
          "Actual Startup Time": 215.61,
          "Actual Total Time": 235.788,
          "Actual Rows": 4,
          "Actual Loops": 1,
          "Workers Planned": 3,
          "Workers Launched": 3,
          "Single Copy": false,
          "Plans": [
            {
              "Node Type": "Aggregate",
              "Strategy": "Plain",
              "Partial Mode": "Partial",
              "Parent Relationship": "Outer",
              "Parallel Aware": false,
              "Startup Cost": 82455.86,
              "Total Cost": 82455.87,
              "Plan Rows": 1,
              "Plan Width": 8,
              "Actual Startup Time": 210.131,
              "Actual Total Time": 210.196,
              "Actual Rows": 1,
              "Actual Loops": 4,
              "Plans": [
                {
                  "Node Type": "Nested Loop",
                  "Parent Relationship": "Outer",
                  "Parallel Aware": false,
                  "Join Type": "Inner",
                  "Startup Cost": 52484.46,
                  "Total Cost": 82442.18,
                  "Plan Rows": 5474,
                  "Plan Width": 0,
                  "Actual Startup Time": 187.908,
                  "Actual Total Time": 209.412,
                  "Actual Rows": 16242,
                  "Actual Loops": 4,
                  "Inner Unique": false,
                  "Plans": [
                    {
                      "Node Type": "Hash Join",
                      "Parent Relationship": "Outer",
                      "Parallel Aware": true,
                      "Join Type": "Inner",
                      "Startup Cost": 52484.03,
                      "Total Cost": 72853.61,
                      "Plan Rows": 3416,
                      "Plan Width": 8,
                      "Actual Startup Time": 187.775,
                      "Actual Total Time": 195.722,
                      "Actual Rows": 940,
                      "Actual Loops": 4,
                      "Inner Unique": true,
                      "Hash Cond": "(mc.movie_id = t.id)",
                      "Plans": [
                        {
                          "Node Type": "Bitmap Heap Scan",
                          "Parent Relationship": "Outer",
                          "Parallel Aware": true,
                          "Relation Name": "movie_companies",
                          "Alias": "mc",
                          "Startup Cost": 6458.07,
                          "Total Cost": 26697.97,
                          "Plan Rows": 49400,
                          "Plan Width": 4,
                          "Actual Startup Time": 53.683,
                          "Actual Total Time": 64.696,
                          "Actual Rows": 17123,
                          "Actual Loops": 4,
                          "Recheck Cond": "(company_id < 160)",
                          "Rows Removed by Index Recheck": 0,
                          "Filter": "(company_type_id > 1)",
                          "Rows Removed by Filter": 56096,
                          "Exact Heap Blocks": 7119,
                          "Lossy Heap Blocks": 0,
                          "Plans": [
                            {
                              "Node Type": "Bitmap Index Scan",
                              "Parent Relationship": "Outer",
                              "Parallel Aware": false,
                              "Index Name": "company_id_movie_companies",
                              "Startup Cost": 0.0,
                              "Total Cost": 6419.78,
                              "Plan Rows": 299647,
                              "Plan Width": 0,
                              "Actual Startup Time": 20.494,
                              "Actual Total Time": 20.495,
                              "Actual Rows": 292877,
                              "Actual Loops": 1,
                              "Index Cond": "(company_id < 160)"
                            }
                          ]
                        },
                        {
                          "Node Type": "Hash",
                          "Parent Relationship": "Inner",
                          "Parallel Aware": true,
                          "Startup Cost": 45479.59,
                          "Total Cost": 45479.59,
                          "Plan Rows": 43710,
                          "Plan Width": 4,
                          "Actual Startup Time": 123.973,
                          "Actual Total Time": 123.974,
                          "Actual Rows": 78891,
                          "Actual Loops": 4,
                          "Hash Buckets": 524288,
                          "Original Hash Buckets": 262144,
                          "Hash Batches": 1,
                          "Original Hash Batches": 1,
                          "Peak Memory Usage": 18560,
                          "Plans": [
                            {
                              "Node Type": "Seq Scan",
                              "Parent Relationship": "Outer",
                              "Parallel Aware": true,
                              "Relation Name": "title",
                              "Alias": "t",
                              "Startup Cost": 0.0,
                              "Total Cost": 45479.59,
                              "Plan Rows": 43710,
                              "Plan Width": 4,
                              "Actual Startup Time": 50.311,
                              "Actual Total Time": 92.405,
                              "Actual Rows": 78891,
                              "Actual Loops": 4,
                              "Filter": "((production_year < 1990) AND (kind_id = 1))",
                              "Rows Removed by Filter": 553187
                            }
                          ]
                        }
                      ]
                    },
                    {
                      "Node Type": "Index Scan",
                      "Parent Relationship": "Inner",
                      "Parallel Aware": false,
                      "Scan Direction": "Forward",
                      "Index Name": "movie_id_movie_keyword",
                      "Relation Name": "movie_keyword",
                      "Alias": "mk",
                      "Startup Cost": 0.43,
                      "Total Cost": 2.4,
                      "Plan Rows": 41,
                      "Plan Width": 4,
                      "Actual Startup Time": 0.01,
                      "Actual Total Time": 0.013,
                      "Actual Rows": 17,
                      "Actual Loops": 3761,
                      "Index Cond": "(movie_id = t.id)",
                      "Rows Removed by Index Recheck": 0,
                      "Filter": "(keyword_id > 355)",
                      "Rows Removed by Filter": 2
                    }
                  ]
                }
              ]
            }
          ]
        }
      ]
    },
    "Planning Time": 0.968,
    "Triggers": [],
    "Execution Time": 235.862
  }
]