[
    {
        "Bao": {
            "Bao prediction": 456.768,
            "Bao recommended hint": "SET enable_mergejoin TO off; SET enable_indexscan TO off; "
        }
    },
    {
        "Plan": {
            "Node Type": "Aggregate",
            "Strategy": "Plain",
            "Partial Mode": "Finalize",
            "Parallel Aware": false,
            "Startup Cost": 346083.1,
            "Total Cost": 346083.11,
            "Plan Rows": 1,
            "Plan Width": 8,
            "Actual Startup Time": 611.788,
            "Actual Total Time": 639.084,
            "Actual Rows": 1,
            "Actual Loops": 1,
            "Output": [
                "count(*)"
            ],
            "Plans": [
                {
                    "Node Type": "Gather",
                    "Parent Relationship": "Outer",
                    "Parallel Aware": false,
                    "Startup Cost": 346082.47,
                    "Total Cost": 346083.08,
                    "Plan Rows": 6,
                    "Plan Width": 8,
                    "Actual Startup Time": 611.687,
                    "Actual Total Time": 639.075,
                    "Actual Rows": 7,
                    "Actual Loops": 1,
                    "Output": [
                        "(PARTIAL count(*))"
                    ],
                    "Workers Planned": 6,
                    "Workers Launched": 6,
                    "Single Copy": false,
                    "Plans": [
                        {
                            "Node Type": "Aggregate",
                            "Strategy": "Plain",
                            "Partial Mode": "Partial",
                            "Parent Relationship": "Outer",
                            "Parallel Aware": false,
                            "Startup Cost": 345082.47,
                            "Total Cost": 345082.48,
                            "Plan Rows": 1,
                            "Plan Width": 8,
                            "Actual Startup Time": 602.412,
                            "Actual Total Time": 602.413,
                            "Actual Rows": 1,
                            "Actual Loops": 7,
                            "Output": [
                                "PARTIAL count(*)"
                            ],
                            "Workers": [
                                {
                                    "Worker Number": 0,
                                    "Actual Startup Time": 600.412,
                                    "Actual Total Time": 600.412,
                                    "Actual Rows": 1,
                                    "Actual Loops": 1
                                },
                                {
                                    "Worker Number": 1,
                                    "Actual Startup Time": 600.567,
                                    "Actual Total Time": 600.568,
                                    "Actual Rows": 1,
                                    "Actual Loops": 1
                                },
                                {
                                    "Worker Number": 2,
                                    "Actual Startup Time": 600.595,
                                    "Actual Total Time": 600.596,
                                    "Actual Rows": 1,
                                    "Actual Loops": 1
                                },
                                {
                                    "Worker Number": 3,
                                    "Actual Startup Time": 601.231,
                                    "Actual Total Time": 601.231,
                                    "Actual Rows": 1,
                                    "Actual Loops": 1
                                },
                                {
                                    "Worker Number": 4,
                                    "Actual Startup Time": 601.631,
                                    "Actual Total Time": 601.631,
                                    "Actual Rows": 1,
                                    "Actual Loops": 1
                                },
                                {
                                    "Worker Number": 5,
                                    "Actual Startup Time": 601.632,
                                    "Actual Total Time": 601.634,
                                    "Actual Rows": 1,
                                    "Actual Loops": 1
                                }
                            ],
                            "Plans": [
                                {
                                    "Node Type": "Seq Scan",
                                    "Parent Relationship": "Outer",
                                    "Parallel Aware": true,
                                    "Relation Name": "cast_info",
                                    "Schema": "public",
                                    "Alias": "ci",
                                    "Startup Cost": 0.0,
                                    "Total Cost": 343318.94,
                                    "Plan Rows": 705412,
                                    "Plan Width": 0,
                                    "Actual Startup Time": 214.866,
                                    "Actual Total Time": 586.723,
                                    "Actual Rows": 356262,
                                    "Actual Loops": 7,
                                    "Output": [
                                        "id",
                                        "person_id",
                                        "movie_id",
                                        "person_role_id",
                                        "note",
                                        "nr_order",
                                        "role_id"
                                    ],
                                    "Filter": "((ci.person_id < 2054869) AND (ci.role_id = 2))",
                                    "Rows Removed by Filter": 4821502,
                                    "Workers": [
                                        {
                                            "Worker Number": 0,
                                            "Actual Startup Time": 212.872,
                                            "Actual Total Time": 585.064,
                                            "Actual Rows": 377064,
                                            "Actual Loops": 1
                                        },
                                        {
                                            "Worker Number": 1,
                                            "Actual Startup Time": 213.035,
                                            "Actual Total Time": 585.296,
                                            "Actual Rows": 375501,
                                            "Actual Loops": 1
                                        },
                                        {
                                            "Worker Number": 2,
                                            "Actual Startup Time": 213.04,
                                            "Actual Total Time": 584.795,
                                            "Actual Rows": 239159,
                                            "Actual Loops": 1
                                        },
                                        {
                                            "Worker Number": 3,
                                            "Actual Startup Time": 213.68,
                                            "Actual Total Time": 585.88,
                                            "Actual Rows": 353995,
                                            "Actual Loops": 1
                                        },
                                        {
                                            "Worker Number": 4,
                                            "Actual Startup Time": 214.077,
                                            "Actual Total Time": 586.318,
                                            "Actual Rows": 353483,
                                            "Actual Loops": 1
                                        },
                                        {
                                            "Worker Number": 5,
                                            "Actual Startup Time": 214.082,
                                            "Actual Total Time": 586.301,
                                            "Actual Rows": 353181,
                                            "Actual Loops": 1
                                        }
                                    ]
                                }
                            ]
                        }
                    ]
                }
            ]
        },
        "Planning Time": 1559.03,
        "Triggers": [],
        "Execution Time": 639.211
    }
]