[
  {
    "Plan": {
      "Node Type": "Aggregate",
      "Strategy": "Plain",
      "Partial Mode": "Finalize",
      "Parallel Aware": false,
      "Startup Cost": 17641.65,
      "Total Cost": 17641.66,
      "Plan Rows": 1,
      "Plan Width": 8,
      "Actual Startup Time": 77.239,
      "Actual Total Time": 91.595,
      "Actual Rows": 1,
      "Actual Loops": 1,
      "Plans": [
        {
          "Node Type": "Gather",
          "Parent Relationship": "Outer",
          "Parallel Aware": false,
          "Startup Cost": 17641.54,
          "Total Cost": 17641.65,
          "Plan Rows": 1,
          "Plan Width": 8,
          "Actual Startup Time": 77.061,
          "Actual Total Time": 91.586,
          "Actual Rows": 2,
          "Actual Loops": 1,
          "Workers Planned": 1,
          "Workers Launched": 1,
          "Single Copy": false,
          "Plans": [
            {
              "Node Type": "Aggregate",
              "Strategy": "Plain",
              "Partial Mode": "Partial",
              "Parent Relationship": "Outer",
              "Parallel Aware": false,
              "Startup Cost": 16641.54,
              "Total Cost": 16641.55,
              "Plan Rows": 1,
              "Plan Width": 8,
              "Actual Startup Time": 71.105,
              "Actual Total Time": 71.107,
              "Actual Rows": 1,
              "Actual Loops": 2,
              "Plans": [
                {
                  "Node Type": "Nested Loop",
                  "Parent Relationship": "Outer",
                  "Parallel Aware": false,
                  "Join Type": "Inner",
                  "Startup Cost": 43.57,
                  "Total Cost": 16603.09,
                  "Plan Rows": 15382,
                  "Plan Width": 0,
                  "Actual Startup Time": 1.293,
                  "Actual Total Time": 67.843,
                  "Actual Rows": 41430,
                  "Actual Loops": 2,
                  "Inner Unique": false,
                  "Plans": [
                    {
                      "Node Type": "Nested Loop",
                      "Parent Relationship": "Outer",
                      "Parallel Aware": false,
                      "Join Type": "Inner",
                      "Startup Cost": 43.01,
                      "Total Cost": 14253.07,
                      "Plan Rows": 1074,
                      "Plan Width": 8,
                      "Actual Startup Time": 1.124,
                      "Actual Total Time": 4.702,
                      "Actual Rows": 722,
                      "Actual Loops": 2,
                      "Inner Unique": true,
                      "Plans": [
                        {
                          "Node Type": "Bitmap Heap Scan",
                          "Parent Relationship": "Outer",
                          "Parallel Aware": true,
                          "Relation Name": "movie_keyword",
                          "Alias": "mk",
                          "Startup Cost": 42.58,
                          "Total Cost": 5679.5,
                          "Plan Rows": 1074,
                          "Plan Width": 4,
                          "Actual Startup Time": 0.99,
                          "Actual Total Time": 1.892,
                          "Actual Rows": 722,
                          "Actual Loops": 2,
                          "Recheck Cond": "(keyword_id > 132758)",
                          "Rows Removed by Index Recheck": 0,
                          "Exact Heap Blocks": 391,
                          "Lossy Heap Blocks": 0,
                          "Plans": [
                            {
                              "Node Type": "Bitmap Index Scan",
                              "Parent Relationship": "Outer",
                              "Parallel Aware": false,
                              "Index Name": "keyword_id_movie_keyword",
                              "Startup Cost": 0.0,
                              "Total Cost": 42.12,
                              "Plan Rows": 1825,
                              "Plan Width": 0,
                              "Actual Startup Time": 1.599,
                              "Actual Total Time": 1.599,
                              "Actual Rows": 1443,
                              "Actual Loops": 1,
                              "Index Cond": "(keyword_id > 132758)"
                            }
                          ]
                        },
                        {
                          "Node Type": "Index Only Scan",
                          "Parent Relationship": "Inner",
                          "Parallel Aware": false,
                          "Scan Direction": "Forward",
                          "Index Name": "title_pkey",
                          "Relation Name": "title",
                          "Alias": "t",
                          "Startup Cost": 0.43,
                          "Total Cost": 7.98,
                          "Plan Rows": 1,
                          "Plan Width": 4,
                          "Actual Startup Time": 0.003,
                          "Actual Total Time": 0.003,
                          "Actual Rows": 1,
                          "Actual Loops": 1443,
                          "Index Cond": "(id = mk.movie_id)",
                          "Rows Removed by Index Recheck": 0,
                          "Heap Fetches": 1443
                        }
                      ]
                    },
                    {
                      "Node Type": "Index Only Scan",
                      "Parent Relationship": "Inner",
                      "Parallel Aware": false,
                      "Scan Direction": "Forward",
                      "Index Name": "movie_id_cast_info",
                      "Relation Name": "cast_info",
                      "Alias": "ci",
                      "Startup Cost": 0.56,
                      "Total Cost": 1.82,
                      "Plan Rows": 37,
                      "Plan Width": 4,
                      "Actual Startup Time": 0.008,
                      "Actual Total Time": 0.081,
                      "Actual Rows": 57,
                      "Actual Loops": 1443,
                      "Index Cond": "(movie_id = t.id)",
                      "Rows Removed by Index Recheck": 0,
                      "Heap Fetches": 82861
                    }
                  ]
                }
              ]
            }
          ]
        }
      ]
    },
    "Planning Time": 1.427,
    "Triggers": [],
    "Execution Time": 91.701
  }
]