[
  {
    "Plan": {
      "Node Type": "Aggregate",
      "Strategy": "Plain",
      "Partial Mode": "Finalize",
      "Parallel Aware": false,
      "Startup Cost": 32739.77,
      "Total Cost": 32739.78,
      "Plan Rows": 1,
      "Plan Width": 8,
      "Actual Startup Time": 107.46,
      "Actual Total Time": 118.178,
      "Actual Rows": 1,
      "Actual Loops": 1,
      "Plans": [
        {
          "Node Type": "Gather",
          "Parent Relationship": "Outer",
          "Parallel Aware": false,
          "Startup Cost": 32739.45,
          "Total Cost": 32739.76,
          "Plan Rows": 3,
          "Plan Width": 8,
          "Actual Startup Time": 107.338,
          "Actual Total Time": 118.168,
          "Actual Rows": 4,
          "Actual Loops": 1,
          "Workers Planned": 3,
          "Workers Launched": 3,
          "Single Copy": false,
          "Plans": [
            {
              "Node Type": "Aggregate",
              "Strategy": "Plain",
              "Partial Mode": "Partial",
              "Parent Relationship": "Outer",
              "Parallel Aware": false,
              "Startup Cost": 31739.45,
              "Total Cost": 31739.46,
              "Plan Rows": 1,
              "Plan Width": 8,
              "Actual Startup Time": 100.609,
              "Actual Total Time": 100.61,
              "Actual Rows": 1,
              "Actual Loops": 4,
              "Plans": [
                {
                  "Node Type": "Seq Scan",
                  "Parent Relationship": "Outer",
                  "Parallel Aware": true,
                  "Relation Name": "movie_companies",
                  "Alias": "mc",
                  "Startup Cost": 0.0,
                  "Total Cost": 31414.82,
                  "Plan Rows": 129854,
                  "Plan Width": 0,
                  "Actual Startup Time": 0.048,
                  "Actual Total Time": 88.976,
                  "Actual Rows": 143796,
                  "Actual Loops": 4,
                  "Filter": "((company_id < 1865) AND (company_type_id = 1))",
                  "Rows Removed by Filter": 508486
                }
              ]
            }
          ]
        }
      ]
    },
    "Planning Time": 0.272,
    "Triggers": [],
    "Execution Time": 118.234
  }
]