[
    {
        "Bao": {
            "Bao prediction": "NaN",
            "Bao recommended hint": "(no hint)"
        }
    },
    {
        "Plan": {
            "Node Type": "Aggregate",
            "Strategy": "Plain",
            "Partial Mode": "Finalize",
            "Parallel Aware": false,
            "Startup Cost": 23056.04,
            "Total Cost": 23056.05,
            "Plan Rows": 1,
            "Plan Width": 8,
            "Actual Startup Time": 29.763,
            "Actual Total Time": 33.469,
            "Actual Rows": 1,
            "Actual Loops": 1,
            "Output": [
                "count(*)"
            ],
            "Plans": [
                {
                    "Node Type": "Gather",
                    "Parent Relationship": "Outer",
                    "Parallel Aware": false,
                    "Startup Cost": 23055.72,
                    "Total Cost": 23056.03,
                    "Plan Rows": 3,
                    "Plan Width": 8,
                    "Actual Startup Time": 29.626,
                    "Actual Total Time": 33.464,
                    "Actual Rows": 4,
                    "Actual Loops": 1,
                    "Output": [
                        "(PARTIAL count(*))"
                    ],
                    "Workers Planned": 3,
                    "Workers Launched": 3,
                    "Single Copy": false,
                    "Plans": [
                        {
                            "Node Type": "Aggregate",
                            "Strategy": "Plain",
                            "Partial Mode": "Partial",
                            "Parent Relationship": "Outer",
                            "Parallel Aware": false,
                            "Startup Cost": 22055.72,
                            "Total Cost": 22055.73,
                            "Plan Rows": 1,
                            "Plan Width": 8,
                            "Actual Startup Time": 21.354,
                            "Actual Total Time": 21.355,
                            "Actual Rows": 1,
                            "Actual Loops": 4,
                            "Output": [
                                "PARTIAL count(*)"
                            ],
                            "Workers": [
                                {
                                    "Worker Number": 0,
                                    "Actual Startup Time": 18.468,
                                    "Actual Total Time": 18.469,
                                    "Actual Rows": 1,
                                    "Actual Loops": 1
                                },
                                {
                                    "Worker Number": 1,
                                    "Actual Startup Time": 18.642,
                                    "Actual Total Time": 18.643,
                                    "Actual Rows": 1,
                                    "Actual Loops": 1
                                },
                                {
                                    "Worker Number": 2,
                                    "Actual Startup Time": 18.923,
                                    "Actual Total Time": 18.924,
                                    "Actual Rows": 1,
                                    "Actual Loops": 1
                                }
                            ],
                            "Plans": [
                                {
                                    "Node Type": "Bitmap Heap Scan",
                                    "Parent Relationship": "Outer",
                                    "Parallel Aware": true,
                                    "Relation Name": "movie_companies",
                                    "Schema": "public",
                                    "Alias": "mc",
                                    "Startup Cost": 2670.22,
                                    "Total Cost": 21956.47,
                                    "Plan Rows": 39700,
                                    "Plan Width": 0,
                                    "Actual Startup Time": 1.755,
                                    "Actual Total Time": 19.132,
                                    "Actual Rows": 31463,
                                    "Actual Loops": 4,
                                    "Recheck Cond": "(mc.company_id > 143338)",
                                    "Rows Removed by Index Recheck": 0,
                                    "Exact Heap Blocks": 2596,
                                    "Lossy Heap Blocks": 0,
                                    "Workers": [
                                        {
                                            "Worker Number": 0,
                                            "Actual Startup Time": 0.164,
                                            "Actual Total Time": 16.836,
                                            "Actual Rows": 11440,
                                            "Actual Loops": 1
                                        },
                                        {
                                            "Worker Number": 1,
                                            "Actual Startup Time": 0.183,
                                            "Actual Total Time": 16.995,
                                            "Actual Rows": 11466,
                                            "Actual Loops": 1
                                        },
                                        {
                                            "Worker Number": 2,
                                            "Actual Startup Time": 0.177,
                                            "Actual Total Time": 17.293,
                                            "Actual Rows": 11964,
                                            "Actual Loops": 1
                                        }
                                    ],
                                    "Plans": [
                                        {
                                            "Node Type": "Bitmap Index Scan",
                                            "Parent Relationship": "Outer",
                                            "Parallel Aware": false,
                                            "Index Name": "company_id_movie_companies",
                                            "Startup Cost": 0.0,
                                            "Total Cost": 2639.45,
                                            "Plan Rows": 123070,
                                            "Plan Width": 0,
                                            "Actual Startup Time": 5.928,
                                            "Actual Total Time": 5.929,
                                            "Actual Rows": 125853,
                                            "Actual Loops": 1,
                                            "Index Cond": "(mc.company_id > 143338)"
                                        }
                                    ]
                                }
                            ]
                        }
                    ]
                }
            ]
        },
        "Planning Time": 187.931,
        "Triggers": [],
        "Execution Time": 33.51
    }
]