{
    "Plan": {
        "Node Type": "Aggregate",
        "Strategy": "Plain",
        "Partial Mode": "Simple",
        "Parallel Aware": false,
        "Startup Cost": 30067313873.36,
        "Total Cost": 30067313873.37,
        "Plan Rows": 1,
        "Plan Width": 64,
        "Actual Startup Time": 6225.563,
        "Actual Total Time": 6312.792,
        "Actual Rows": 1,
        "Actual Loops": 1,
        "Output": [
            "min(chn.name)",
            "min(t.title)"
        ],
        "Plans": [
            {
                "Node Type": "Hash Join",
                "Parent Relationship": "Outer",
                "Parallel Aware": false,
                "Join Type": "Inner",
                "Startup Cost": 30067311961.86,
                "Total Cost": 30067313332.19,
                "Plan Rows": 108235,
                "Plan Width": 33,
                "Actual Startup Time": 6221.715,
                "Actual Total Time": 6310.959,
                "Actual Rows": 17101,
                "Actual Loops": 1,
                "Output": [
                    "chn.name",
                    "t.title"
                ],
                "Inner Unique": false,
                "Hash Cond": "(ct.id = mc.company_type_id)",
                "Plans": [
                    {
                        "Node Type": "Index Scan",
                        "Parent Relationship": "Outer",
                        "Parallel Aware": false,
                        "Scan Direction": "Forward",
                        "Index Name": "company_type_pkey",
                        "Relation Name": "company_type",
                        "Schema": "public",
                        "Alias": "ct",
                        "Startup Cost": 10000000000.13,
                        "Total Cost": 10000000012.19,
                        "Plan Rows": 4,
                        "Plan Width": 4,
                        "Actual Startup Time": 0.025,
                        "Actual Total Time": 0.035,
                        "Actual Rows": 4,
                        "Actual Loops": 1,
                        "Output": [
                            "ct.id",
                            "ct.kind"
                        ]
                    },
                    {
                        "Node Type": "Hash",
                        "Parent Relationship": "Inner",
                        "Parallel Aware": false,
                        "Startup Cost": 20067310608.79,
                        "Total Cost": 20067310608.79,
                        "Plan Rows": 108235,
                        "Plan Width": 37,
                        "Actual Startup Time": 6221.479,
                        "Actual Total Time": 6308.704,
                        "Actual Rows": 17101,
                        "Actual Loops": 1,
                        "Output": [
                            "chn.name",
                            "mc.company_type_id",
                            "t.title"
                        ],
                        "Hash Buckets": 131072,
                        "Original Hash Buckets": 131072,
                        "Hash Batches": 1,
                        "Original Hash Batches": 1,
                        "Peak Memory Usage": 2235,
                        "Plans": [
                            {
                                "Node Type": "Gather",
                                "Parent Relationship": "Outer",
                                "Parallel Aware": false,
                                "Startup Cost": 20004774685.16,
                                "Total Cost": 20067310608.79,
                                "Plan Rows": 108235,
                                "Plan Width": 37,
                                "Actual Startup Time": 6080.134,
                                "Actual Total Time": 6306.848,
                                "Actual Rows": 17101,
                                "Actual Loops": 1,
                                "Output": [
                                    "chn.name",
                                    "mc.company_type_id",
                                    "t.title"
                                ],
                                "Workers Planned": 4,
                                "Workers Launched": 4,
                                "Single Copy": false,
                                "Plans": [
                                    {
                                        "Node Type": "Hash Join",
                                        "Parent Relationship": "Outer",
                                        "Parallel Aware": true,
                                        "Join Type": "Inner",
                                        "Startup Cost": 20004773685.16,
                                        "Total Cost": 20067298785.29,
                                        "Plan Rows": 27059,
                                        "Plan Width": 37,
                                        "Actual Startup Time": 6037.531,
                                        "Actual Total Time": 6158.544,
                                        "Actual Rows": 3420,
                                        "Actual Loops": 5,
                                        "Output": [
                                            "chn.name",
                                            "mc.company_type_id",
                                            "t.title"
                                        ],
                                        "Inner Unique": false,
                                        "Hash Cond": "(chn.id = ci.person_role_id)",
                                        "Workers": [
                                            {
                                                "Worker Number": 0,
                                                "Actual Startup Time": 6027.346,
                                                "Actual Total Time": 6148.788,
                                                "Actual Rows": 2881,
                                                "Actual Loops": 1
                                            },
                                            {
                                                "Worker Number": 1,
                                                "Actual Startup Time": 6027.045,
                                                "Actual Total Time": 6148.844,
                                                "Actual Rows": 2766,
                                                "Actual Loops": 1
                                            },
                                            {
                                                "Worker Number": 2,
                                                "Actual Startup Time": 6027.274,
                                                "Actual Total Time": 6149.012,
                                                "Actual Rows": 4051,
                                                "Actual Loops": 1
                                            },
                                            {
                                                "Worker Number": 3,
                                                "Actual Startup Time": 6027.216,
                                                "Actual Total Time": 6148.94,
                                                "Actual Rows": 4078,
                                                "Actual Loops": 1
                                            }
                                        ],
                                        "Plans": [
                                            {
                                                "Node Type": "Seq Scan",
                                                "Parent Relationship": "Outer",
                                                "Parallel Aware": true,
                                                "Relation Name": "char_name",
                                                "Schema": "public",
                                                "Alias": "chn",
                                                "Startup Cost": 0.0,
                                                "Total Cost": 44298.57,
                                                "Plan Rows": 785057,
                                                "Plan Width": 20,
                                                "Actual Startup Time": 0.024,
                                                "Actual Total Time": 65.953,
                                                "Actual Rows": 628068,
                                                "Actual Loops": 5,
                                                "Output": [
                                                    "chn.id",
                                                    "chn.name",
                                                    "chn.imdb_index",
                                                    "chn.imdb_id",
                                                    "chn.name_pcode_nf",
                                                    "chn.surname_pcode",
                                                    "chn.md5sum"
                                                ],
                                                "Workers": [
                                                    {
                                                        "Worker Number": 0,
                                                        "Actual Startup Time": 0.02,
                                                        "Actual Total Time": 68.556,
                                                        "Actual Rows": 577731,
                                                        "Actual Loops": 1
                                                    },
                                                    {
                                                        "Worker Number": 1,
                                                        "Actual Startup Time": 0.029,
                                                        "Actual Total Time": 68.304,
                                                        "Actual Rows": 578831,
                                                        "Actual Loops": 1
                                                    },
                                                    {
                                                        "Worker Number": 2,
                                                        "Actual Startup Time": 0.032,
                                                        "Actual Total Time": 66.564,
                                                        "Actual Rows": 606812,
                                                        "Actual Loops": 1
                                                    },
                                                    {
                                                        "Worker Number": 3,
                                                        "Actual Startup Time": 0.032,
                                                        "Actual Total Time": 66.916,
                                                        "Actual Rows": 609061,
                                                        "Actual Loops": 1
                                                    }
                                                ]
                                            },
                                            {
                                                "Node Type": "Hash",
                                                "Parent Relationship": "Inner",
                                                "Parallel Aware": true,
                                                "Startup Cost": 20004772889.31,
                                                "Total Cost": 20004772889.31,
                                                "Plan Rows": 63668,
                                                "Plan Width": 25,
                                                "Actual Startup Time": 6035.671,
                                                "Actual Total Time": 6035.683,
                                                "Actual Rows": 14560,
                                                "Actual Loops": 5,
                                                "Output": [
                                                    "ci.person_role_id",
                                                    "mc.company_type_id",
                                                    "t.title"
                                                ],
                                                "Hash Buckets": 131072,
                                                "Original Hash Buckets": 131072,
                                                "Hash Batches": 1,
                                                "Original Hash Batches": 1,
                                                "Peak Memory Usage": 2144,
                                                "Workers": [
                                                    {
                                                        "Worker Number": 0,
                                                        "Actual Startup Time": 6026.41,
                                                        "Actual Total Time": 6026.424,
                                                        "Actual Rows": 10964,
                                                        "Actual Loops": 1
                                                    },
                                                    {
                                                        "Worker Number": 1,
                                                        "Actual Startup Time": 6026.429,
                                                        "Actual Total Time": 6026.441,
                                                        "Actual Rows": 13077,
                                                        "Actual Loops": 1
                                                    },
                                                    {
                                                        "Worker Number": 2,
                                                        "Actual Startup Time": 6026.623,
                                                        "Actual Total Time": 6026.634,
                                                        "Actual Rows": 14443,
                                                        "Actual Loops": 1
                                                    },
                                                    {
                                                        "Worker Number": 3,
                                                        "Actual Startup Time": 6026.619,
                                                        "Actual Total Time": 6026.629,
                                                        "Actual Rows": 18220,
                                                        "Actual Loops": 1
                                                    }
                                                ],
                                                "Plans": [
                                                    {
                                                        "Node Type": "Hash Join",
                                                        "Parent Relationship": "Outer",
                                                        "Parallel Aware": false,
                                                        "Join Type": "Inner",
                                                        "Startup Cost": 20004717400.2,
                                                        "Total Cost": 20004772889.31,
                                                        "Plan Rows": 63668,
                                                        "Plan Width": 25,
                                                        "Actual Startup Time": 6000.039,
                                                        "Actual Total Time": 6031.947,
                                                        "Actual Rows": 14560,
                                                        "Actual Loops": 5,
                                                        "Output": [
                                                            "ci.person_role_id",
                                                            "mc.company_type_id",
                                                            "t.title"
                                                        ],
                                                        "Inner Unique": false,
                                                        "Hash Cond": "(ci.role_id = rt.id)",
                                                        "Workers": [
                                                            {
                                                                "Worker Number": 0,
                                                                "Actual Startup Time": 5990.919,
                                                                "Actual Total Time": 6024.875,
                                                                "Actual Rows": 10964,
                                                                "Actual Loops": 1
                                                            },
                                                            {
                                                                "Worker Number": 1,
                                                                "Actual Startup Time": 5990.812,
                                                                "Actual Total Time": 6022.411,
                                                                "Actual Rows": 13077,
                                                                "Actual Loops": 1
                                                            },
                                                            {
                                                                "Worker Number": 2,
                                                                "Actual Startup Time": 5990.938,
                                                                "Actual Total Time": 6022.475,
                                                                "Actual Rows": 14443,
                                                                "Actual Loops": 1
                                                            },
                                                            {
                                                                "Worker Number": 3,
                                                                "Actual Startup Time": 5990.915,
                                                                "Actual Total Time": 6022.23,
                                                                "Actual Rows": 18220,
                                                                "Actual Loops": 1
                                                            }
                                                        ],
                                                        "Plans": [
                                                            {
                                                                "Node Type": "Hash Join",
                                                                "Parent Relationship": "Outer",
                                                                "Parallel Aware": true,
                                                                "Join Type": "Inner",
                                                                "Startup Cost": 10004717398.93,
                                                                "Total Cost": 10004772012.6,
                                                                "Plan Rows": 63668,
                                                                "Plan Width": 29,
                                                                "Actual Startup Time": 5999.915,
                                                                "Actual Total Time": 6029.767,
                                                                "Actual Rows": 14560,
                                                                "Actual Loops": 5,
                                                                "Output": [
                                                                    "ci.person_role_id",
                                                                    "ci.role_id",
                                                                    "mc.company_type_id",
                                                                    "t.title"
                                                                ],
                                                                "Inner Unique": false,
                                                                "Hash Cond": "(t.id = ci.movie_id)",
                                                                "Workers": [
                                                                    {
                                                                        "Worker Number": 0,
                                                                        "Actual Startup Time": 5990.792,
                                                                        "Actual Total Time": 6023.071,
                                                                        "Actual Rows": 10964,
                                                                        "Actual Loops": 1
                                                                    },
                                                                    {
                                                                        "Worker Number": 1,
                                                                        "Actual Startup Time": 5990.691,
                                                                        "Actual Total Time": 6020.414,
                                                                        "Actual Rows": 13077,
                                                                        "Actual Loops": 1
                                                                    },
                                                                    {
                                                                        "Worker Number": 2,
                                                                        "Actual Startup Time": 5990.783,
                                                                        "Actual Total Time": 6020.251,
                                                                        "Actual Rows": 14443,
                                                                        "Actual Loops": 1
                                                                    },
                                                                    {
                                                                        "Worker Number": 3,
                                                                        "Actual Startup Time": 5990.755,
                                                                        "Actual Total Time": 6019.573,
                                                                        "Actual Rows": 18220,
                                                                        "Actual Loops": 1
                                                                    }
                                                                ],
                                                                "Plans": [
                                                                    {
                                                                        "Node Type": "Hash Join",
                                                                        "Parent Relationship": "Outer",
                                                                        "Parallel Aware": true,
                                                                        "Join Type": "Inner",
                                                                        "Startup Cost": 10003828667.46,
                                                                        "Total Cost": 10003883020.32,
                                                                        "Plan Rows": 22121,
                                                                        "Plan Width": 29,
                                                                        "Actual Startup Time": 3728.465,
                                                                        "Actual Total Time": 3745.949,
                                                                        "Actual Rows": 6085,
                                                                        "Actual Loops": 5,
                                                                        "Output": [
                                                                            "mc.movie_id",
                                                                            "mc.company_type_id",
                                                                            "t.title",
                                                                            "t.id"
                                                                        ],
                                                                        "Inner Unique": false,
                                                                        "Hash Cond": "(cn.id = mc.company_id)",
                                                                        "Workers": [
                                                                            {
                                                                                "Worker Number": 0,
                                                                                "Actual Startup Time": 3728.441,
                                                                                "Actual Total Time": 3746.949,
                                                                                "Actual Rows": 5441,
                                                                                "Actual Loops": 1
                                                                            },
                                                                            {
                                                                                "Worker Number": 1,
                                                                                "Actual Startup Time": 3728.534,
                                                                                "Actual Total Time": 3745.767,
                                                                                "Actual Rows": 5727,
                                                                                "Actual Loops": 1
                                                                            },
                                                                            {
                                                                                "Worker Number": 2,
                                                                                "Actual Startup Time": 3728.45,
                                                                                "Actual Total Time": 3746.341,
                                                                                "Actual Rows": 6005,
                                                                                "Actual Loops": 1
                                                                            },
                                                                            {
                                                                                "Worker Number": 3,
                                                                                "Actual Startup Time": 3728.454,
                                                                                "Actual Total Time": 3745.624,
                                                                                "Actual Rows": 5374,
                                                                                "Actual Loops": 1
                                                                            }
                                                                        ],
                                                                        "Plans": [
                                                                            {
                                                                                "Node Type": "Seq Scan",
                                                                                "Parent Relationship": "Outer",
                                                                                "Parallel Aware": true,
                                                                                "Relation Name": "company_name",
                                                                                "Schema": "public",
                                                                                "Alias": "cn",
                                                                                "Startup Cost": 0.0,
                                                                                "Total Cost": 4722.92,
                                                                                "Plan Rows": 9460,
                                                                                "Plan Width": 4,
                                                                                "Actual Startup Time": 0.024,
                                                                                "Actual Total Time": 12.339,
                                                                                "Actual Rows": 3209,
                                                                                "Actual Loops": 5,
                                                                                "Output": [
                                                                                    "cn.id",
                                                                                    "cn.name",
                                                                                    "cn.country_code",
                                                                                    "cn.imdb_id",
                                                                                    "cn.name_pcode_nf",
                                                                                    "cn.name_pcode_sf",
                                                                                    "cn.md5sum"
                                                                                ],
                                                                                "Filter": "((cn.country_code)::text = '[gb]'::text)",
                                                                                "Rows Removed by Filter": 43790,
                                                                                "Workers": [
                                                                                    {
                                                                                        "Worker Number": 0,
                                                                                        "Actual Startup Time": 0.029,
                                                                                        "Actual Total Time": 13.403,
                                                                                        "Actual Rows": 3043,
                                                                                        "Actual Loops": 1
                                                                                    },
                                                                                    {
                                                                                        "Worker Number": 1,
                                                                                        "Actual Startup Time": 0.026,
                                                                                        "Actual Total Time": 10.062,
                                                                                        "Actual Rows": 2809,
                                                                                        "Actual Loops": 1
                                                                                    },
                                                                                    {
                                                                                        "Worker Number": 2,
                                                                                        "Actual Startup Time": 0.024,
                                                                                        "Actual Total Time": 13.46,
                                                                                        "Actual Rows": 3566,
                                                                                        "Actual Loops": 1
                                                                                    },
                                                                                    {
                                                                                        "Worker Number": 3,
                                                                                        "Actual Startup Time": 0.026,
                                                                                        "Actual Total Time": 13.118,
                                                                                        "Actual Rows": 3214,
                                                                                        "Actual Loops": 1
                                                                                    }
                                                                                ]
                                                                            },
                                                                            {
                                                                                "Node Type": "Hash",
                                                                                "Parent Relationship": "Inner",
                                                                                "Parallel Aware": true,
                                                                                "Startup Cost": 10003826451.7,
                                                                                "Total Cost": 10003826451.7,
                                                                                "Plan Rows": 177261,
                                                                                "Plan Width": 33,
                                                                                "Actual Startup Time": 3722.624,
                                                                                "Actual Total Time": 3722.627,
                                                                                "Actual Rows": 81850,
                                                                                "Actual Loops": 5,
                                                                                "Output": [
                                                                                    "mc.movie_id",
                                                                                    "mc.company_id",
                                                                                    "mc.company_type_id",
                                                                                    "t.title",
                                                                                    "t.id"
                                                                                ],
                                                                                "Hash Buckets": 1048576,
                                                                                "Original Hash Buckets": 1048576,
                                                                                "Hash Batches": 1,
                                                                                "Original Hash Batches": 1,
                                                                                "Peak Memory Usage": 36768,
                                                                                "Workers": [
                                                                                    {
                                                                                        "Worker Number": 0,
                                                                                        "Actual Startup Time": 3728.264,
                                                                                        "Actual Total Time": 3728.267,
                                                                                        "Actual Rows": 75546,
                                                                                        "Actual Loops": 1
                                                                                    },
                                                                                    {
                                                                                        "Worker Number": 1,
                                                                                        "Actual Startup Time": 3728.186,
                                                                                        "Actual Total Time": 3728.19,
                                                                                        "Actual Rows": 74713,
                                                                                        "Actual Loops": 1
                                                                                    },
                                                                                    {
                                                                                        "Worker Number": 2,
                                                                                        "Actual Startup Time": 3728.319,
                                                                                        "Actual Total Time": 3728.323,
                                                                                        "Actual Rows": 76595,
                                                                                        "Actual Loops": 1
                                                                                    },
                                                                                    {
                                                                                        "Worker Number": 3,
                                                                                        "Actual Startup Time": 3728.313,
                                                                                        "Actual Total Time": 3728.316,
                                                                                        "Actual Rows": 76962,
                                                                                        "Actual Loops": 1
                                                                                    }
                                                                                ],
                                                                                "Plans": [
                                                                                    {
                                                                                        "Node Type": "Nested Loop",
                                                                                        "Parent Relationship": "Outer",
                                                                                        "Parallel Aware": false,
                                                                                        "Join Type": "Inner",
                                                                                        "Startup Cost": 10000000000.88,
                                                                                        "Total Cost": 10003826451.7,
                                                                                        "Plan Rows": 177261,
                                                                                        "Plan Width": 33,
                                                                                        "Actual Startup Time": 0.507,
                                                                                        "Actual Total Time": 3608.992,
                                                                                        "Actual Rows": 81850,
                                                                                        "Actual Loops": 5,
                                                                                        "Output": [
                                                                                            "mc.movie_id",
                                                                                            "mc.company_id",
                                                                                            "mc.company_type_id",
                                                                                            "t.title",
                                                                                            "t.id"
                                                                                        ],
                                                                                        "Inner Unique": true,
                                                                                        "Workers": [
                                                                                            {
                                                                                                "Worker Number": 0,
                                                                                                "Actual Startup Time": 0.767,
                                                                                                "Actual Total Time": 3605.589,
                                                                                                "Actual Rows": 75546,
                                                                                                "Actual Loops": 1
                                                                                            },
                                                                                            {
                                                                                                "Worker Number": 1,
                                                                                                "Actual Startup Time": 0.888,
                                                                                                "Actual Total Time": 3605.491,
                                                                                                "Actual Rows": 74713,
                                                                                                "Actual Loops": 1
                                                                                            },
                                                                                            {
                                                                                                "Worker Number": 2,
                                                                                                "Actual Startup Time": 0.448,
                                                                                                "Actual Total Time": 3608.861,
                                                                                                "Actual Rows": 76595,
                                                                                                "Actual Loops": 1
                                                                                            },
                                                                                            {
                                                                                                "Worker Number": 3,
                                                                                                "Actual Startup Time": 0.339,
                                                                                                "Actual Total Time": 3621.442,
                                                                                                "Actual Rows": 76962,
                                                                                                "Actual Loops": 1
                                                                                            }
                                                                                        ],
                                                                                        "Plans": [
                                                                                            {
                                                                                                "Node Type": "Index Scan",
                                                                                                "Parent Relationship": "Outer",
                                                                                                "Parallel Aware": true,
                                                                                                "Scan Direction": "Forward",
                                                                                                "Index Name": "company_type_id_movie_companies",
                                                                                                "Relation Name": "movie_companies",
                                                                                                "Schema": "public",
                                                                                                "Alias": "mc",
                                                                                                "Startup Cost": 0.43,
                                                                                                "Total Cost": 67155.62,
                                                                                                "Plan Rows": 841655,
                                                                                                "Plan Width": 12,
                                                                                                "Actual Startup Time": 0.19,
                                                                                                "Actual Total Time": 227.823,
                                                                                                "Actual Rows": 521826,
                                                                                                "Actual Loops": 5,
                                                                                                "Output": [
                                                                                                    "mc.id",
                                                                                                    "mc.movie_id",
                                                                                                    "mc.company_id",
                                                                                                    "mc.company_type_id",
                                                                                                    "mc.note"
                                                                                                ],
                                                                                                "Workers": [
                                                                                                    {
                                                                                                        "Worker Number": 0,
                                                                                                        "Actual Startup Time": 0.348,
                                                                                                        "Actual Total Time": 229.764,
                                                                                                        "Actual Rows": 473132,
                                                                                                        "Actual Loops": 1
                                                                                                    },
                                                                                                    {
                                                                                                        "Worker Number": 1,
                                                                                                        "Actual Startup Time": 0.175,
                                                                                                        "Actual Total Time": 231.032,
                                                                                                        "Actual Rows": 483677,
                                                                                                        "Actual Loops": 1
                                                                                                    },
                                                                                                    {
                                                                                                        "Worker Number": 2,
                                                                                                        "Actual Startup Time": 0.113,
                                                                                                        "Actual Total Time": 230.739,
                                                                                                        "Actual Rows": 492249,
                                                                                                        "Actual Loops": 1
                                                                                                    },
                                                                                                    {
                                                                                                        "Worker Number": 3,
                                                                                                        "Actual Startup Time": 0.264,
                                                                                                        "Actual Total Time": 229.291,
                                                                                                        "Actual Rows": 485267,
                                                                                                        "Actual Loops": 1
                                                                                                    }
                                                                                                ]
                                                                                            },
                                                                                            {
                                                                                                "Node Type": "Bitmap Heap Scan",
                                                                                                "Parent Relationship": "Inner",
                                                                                                "Parallel Aware": false,
                                                                                                "Relation Name": "title",
                                                                                                "Schema": "public",
                                                                                                "Alias": "t",
                                                                                                "Startup Cost": 0.45,
                                                                                                "Total Cost": 4.47,
                                                                                                "Plan Rows": 1,
                                                                                                "Plan Width": 21,
                                                                                                "Actual Startup Time": 0.004,
                                                                                                "Actual Total Time": 0.004,
                                                                                                "Actual Rows": 0,
                                                                                                "Actual Loops": 2609129,
                                                                                                "Output": [
                                                                                                    "t.id",
                                                                                                    "t.title",
                                                                                                    "t.imdb_index",
                                                                                                    "t.kind_id",
                                                                                                    "t.production_year",
                                                                                                    "t.imdb_id",
                                                                                                    "t.phonetic_code",
                                                                                                    "t.episode_of_id",
                                                                                                    "t.season_nr",
                                                                                                    "t.episode_nr",
                                                                                                    "t.series_years",
                                                                                                    "t.md5sum"
                                                                                                ],
                                                                                                "Recheck Cond": "(t.id = mc.movie_id)",
                                                                                                "Rows Removed by Index Recheck": 0,
                                                                                                "Filter": "(t.production_year > 2009)",
                                                                                                "Rows Removed by Filter": 1,
                                                                                                "Exact Heap Blocks": 674804,
                                                                                                "Lossy Heap Blocks": 0,
                                                                                                "Workers": [
                                                                                                    {
                                                                                                        "Worker Number": 0,
                                                                                                        "Actual Startup Time": 0.005,
                                                                                                        "Actual Total Time": 0.005,
                                                                                                        "Actual Rows": 0,
                                                                                                        "Actual Loops": 473132
                                                                                                    },
                                                                                                    {
                                                                                                        "Worker Number": 1,
                                                                                                        "Actual Startup Time": 0.005,
                                                                                                        "Actual Total Time": 0.005,
                                                                                                        "Actual Rows": 0,
                                                                                                        "Actual Loops": 483677
                                                                                                    },
                                                                                                    {
                                                                                                        "Worker Number": 2,
                                                                                                        "Actual Startup Time": 0.005,
                                                                                                        "Actual Total Time": 0.005,
                                                                                                        "Actual Rows": 0,
                                                                                                        "Actual Loops": 492249
                                                                                                    },
                                                                                                    {
                                                                                                        "Worker Number": 3,
                                                                                                        "Actual Startup Time": 0.005,
                                                                                                        "Actual Total Time": 0.005,
                                                                                                        "Actual Rows": 0,
                                                                                                        "Actual Loops": 485267
                                                                                                    }
                                                                                                ],
                                                                                                "Plans": [
                                                                                                    {
                                                                                                        "Node Type": "Bitmap Index Scan",
                                                                                                        "Parent Relationship": "Outer",
                                                                                                        "Parallel Aware": false,
                                                                                                        "Index Name": "title_pkey",
                                                                                                        "Startup Cost": 0.0,
                                                                                                        "Total Cost": 0.45,
                                                                                                        "Plan Rows": 1,
                                                                                                        "Plan Width": 0,
                                                                                                        "Actual Startup Time": 0.003,
                                                                                                        "Actual Total Time": 0.003,
                                                                                                        "Actual Rows": 1,
                                                                                                        "Actual Loops": 2609129,
                                                                                                        "Index Cond": "(t.id = mc.movie_id)",
                                                                                                        "Workers": [
                                                                                                            {
                                                                                                                "Worker Number": 0,
                                                                                                                "Actual Startup Time": 0.003,
                                                                                                                "Actual Total Time": 0.003,
                                                                                                                "Actual Rows": 1,
                                                                                                                "Actual Loops": 473132
                                                                                                            },
                                                                                                            {
                                                                                                                "Worker Number": 1,
                                                                                                                "Actual Startup Time": 0.003,
                                                                                                                "Actual Total Time": 0.003,
                                                                                                                "Actual Rows": 1,
                                                                                                                "Actual Loops": 483677
                                                                                                            },
                                                                                                            {
                                                                                                                "Worker Number": 2,
                                                                                                                "Actual Startup Time": 0.003,
                                                                                                                "Actual Total Time": 0.003,
                                                                                                                "Actual Rows": 1,
                                                                                                                "Actual Loops": 492249
                                                                                                            },
                                                                                                            {
                                                                                                                "Worker Number": 3,
                                                                                                                "Actual Startup Time": 0.003,
                                                                                                                "Actual Total Time": 0.003,
                                                                                                                "Actual Rows": 1,
                                                                                                                "Actual Loops": 485267
                                                                                                            }
                                                                                                        ]
                                                                                                    }
                                                                                                ]
                                                                                            }
                                                                                        ]
                                                                                    }
                                                                                ]
                                                                            }
                                                                        ]
                                                                    },
                                                                    {
                                                                        "Node Type": "Hash",
                                                                        "Parent Relationship": "Inner",
                                                                        "Parallel Aware": true,
                                                                        "Startup Cost": 883073.06,
                                                                        "Total Cost": 883073.06,
                                                                        "Plan Rows": 452672,
                                                                        "Plan Width": 12,
                                                                        "Actual Startup Time": 2259.801,
                                                                        "Actual Total Time": 2259.802,
                                                                        "Actual Rows": 499491,
                                                                        "Actual Loops": 5,
                                                                        "Output": [
                                                                            "ci.movie_id",
                                                                            "ci.person_role_id",
                                                                            "ci.role_id"
                                                                        ],
                                                                        "Hash Buckets": 4194304,
                                                                        "Original Hash Buckets": 4194304,
                                                                        "Hash Batches": 1,
                                                                        "Original Hash Batches": 1,
                                                                        "Peak Memory Usage": 136864,
                                                                        "Workers": [
                                                                            {
                                                                                "Worker Number": 0,
                                                                                "Actual Startup Time": 2262.118,
                                                                                "Actual Total Time": 2262.119,
                                                                                "Actual Rows": 421795,
                                                                                "Actual Loops": 1
                                                                            },
                                                                            {
                                                                                "Worker Number": 1,
                                                                                "Actual Startup Time": 2262.09,
                                                                                "Actual Total Time": 2262.091,
                                                                                "Actual Rows": 454401,
                                                                                "Actual Loops": 1
                                                                            },
                                                                            {
                                                                                "Worker Number": 2,
                                                                                "Actual Startup Time": 2262.176,
                                                                                "Actual Total Time": 2262.177,
                                                                                "Actual Rows": 450507,
                                                                                "Actual Loops": 1
                                                                            },
                                                                            {
                                                                                "Worker Number": 3,
                                                                                "Actual Startup Time": 2262.158,
                                                                                "Actual Total Time": 2262.158,
                                                                                "Actual Rows": 453904,
                                                                                "Actual Loops": 1
                                                                            }
                                                                        ],
                                                                        "Plans": [
                                                                            {
                                                                                "Node Type": "Index Scan",
                                                                                "Parent Relationship": "Outer",
                                                                                "Parallel Aware": true,
                                                                                "Scan Direction": "Forward",
                                                                                "Index Name": "role_id_cast_info",
                                                                                "Relation Name": "cast_info",
                                                                                "Schema": "public",
                                                                                "Alias": "ci",
                                                                                "Startup Cost": 0.56,
                                                                                "Total Cost": 883073.06,
                                                                                "Plan Rows": 452672,
                                                                                "Plan Width": 12,
                                                                                "Actual Startup Time": 0.264,
                                                                                "Actual Total Time": 1840.396,
                                                                                "Actual Rows": 499491,
                                                                                "Actual Loops": 5,
                                                                                "Output": [
                                                                                    "ci.movie_id",
                                                                                    "ci.person_role_id",
                                                                                    "ci.role_id"
                                                                                ],
                                                                                "Filter": "(ci.note ~~ '%(as%'::text)",
                                                                                "Rows Removed by Filter": 6749378,
                                                                                "Workers": [
                                                                                    {
                                                                                        "Worker Number": 0,
                                                                                        "Actual Startup Time": 0.491,
                                                                                        "Actual Total Time": 1835.603,
                                                                                        "Actual Rows": 421795,
                                                                                        "Actual Loops": 1
                                                                                    },
                                                                                    {
                                                                                        "Worker Number": 1,
                                                                                        "Actual Startup Time": 0.357,
                                                                                        "Actual Total Time": 1846.023,
                                                                                        "Actual Rows": 454401,
                                                                                        "Actual Loops": 1
                                                                                    },
                                                                                    {
                                                                                        "Worker Number": 2,
                                                                                        "Actual Startup Time": 0.174,
                                                                                        "Actual Total Time": 1854.947,
                                                                                        "Actual Rows": 450507,
                                                                                        "Actual Loops": 1
                                                                                    },
                                                                                    {
                                                                                        "Worker Number": 3,
                                                                                        "Actual Startup Time": 0.261,
                                                                                        "Actual Total Time": 1849.659,
                                                                                        "Actual Rows": 453904,
                                                                                        "Actual Loops": 1
                                                                                    }
                                                                                ]
                                                                            }
                                                                        ]
                                                                    }
                                                                ]
                                                            },
                                                            {
                                                                "Node Type": "Hash",
                                                                "Parent Relationship": "Inner",
                                                                "Parallel Aware": false,
                                                                "Startup Cost": 10000000001.12,
                                                                "Total Cost": 10000000001.12,
                                                                "Plan Rows": 12,
                                                                "Plan Width": 4,
                                                                "Actual Startup Time": 0.071,
                                                                "Actual Total Time": 0.072,
                                                                "Actual Rows": 12,
                                                                "Actual Loops": 5,
                                                                "Output": [
                                                                    "rt.id"
                                                                ],
                                                                "Hash Buckets": 1024,
                                                                "Original Hash Buckets": 1024,
                                                                "Hash Batches": 1,
                                                                "Original Hash Batches": 1,
                                                                "Peak Memory Usage": 9,
                                                                "Workers": [
                                                                    {
                                                                        "Worker Number": 0,
                                                                        "Actual Startup Time": 0.081,
                                                                        "Actual Total Time": 0.082,
                                                                        "Actual Rows": 12,
                                                                        "Actual Loops": 1
                                                                    },
                                                                    {
                                                                        "Worker Number": 1,
                                                                        "Actual Startup Time": 0.076,
                                                                        "Actual Total Time": 0.077,
                                                                        "Actual Rows": 12,
                                                                        "Actual Loops": 1
                                                                    },
                                                                    {
                                                                        "Worker Number": 2,
                                                                        "Actual Startup Time": 0.079,
                                                                        "Actual Total Time": 0.08,
                                                                        "Actual Rows": 12,
                                                                        "Actual Loops": 1
                                                                    },
                                                                    {
                                                                        "Worker Number": 3,
                                                                        "Actual Startup Time": 0.079,
                                                                        "Actual Total Time": 0.079,
                                                                        "Actual Rows": 12,
                                                                        "Actual Loops": 1
                                                                    }
                                                                ],
                                                                "Plans": [
                                                                    {
                                                                        "Node Type": "Seq Scan",
                                                                        "Parent Relationship": "Outer",
                                                                        "Parallel Aware": false,
                                                                        "Relation Name": "role_type",
                                                                        "Schema": "public",
                                                                        "Alias": "rt",
                                                                        "Startup Cost": 10000000000.0,
                                                                        "Total Cost": 10000000001.12,
                                                                        "Plan Rows": 12,
                                                                        "Plan Width": 4,
                                                                        "Actual Startup Time": 0.04,
                                                                        "Actual Total Time": 0.046,
                                                                        "Actual Rows": 12,
                                                                        "Actual Loops": 5,
                                                                        "Output": [
                                                                            "rt.id"
                                                                        ],
                                                                        "Workers": [
                                                                            {
                                                                                "Worker Number": 0,
                                                                                "Actual Startup Time": 0.046,
                                                                                "Actual Total Time": 0.052,
                                                                                "Actual Rows": 12,
                                                                                "Actual Loops": 1
                                                                            },
                                                                            {
                                                                                "Worker Number": 1,
                                                                                "Actual Startup Time": 0.042,
                                                                                "Actual Total Time": 0.048,
                                                                                "Actual Rows": 12,
                                                                                "Actual Loops": 1
                                                                            },
                                                                            {
                                                                                "Worker Number": 2,
                                                                                "Actual Startup Time": 0.044,
                                                                                "Actual Total Time": 0.05,
                                                                                "Actual Rows": 12,
                                                                                "Actual Loops": 1
                                                                            },
                                                                            {
                                                                                "Worker Number": 3,
                                                                                "Actual Startup Time": 0.044,
                                                                                "Actual Total Time": 0.05,
                                                                                "Actual Rows": 12,
                                                                                "Actual Loops": 1
                                                                            }
                                                                        ]
                                                                    }
                                                                ]
                                                            }
                                                        ]
                                                    }
                                                ]
                                            }
                                        ]
                                    }
                                ]
                            }
                        ]
                    }
                ]
            }
        ]
    },
    "Planning Time": 4.11,
    "Triggers": [],
    "Execution Time": 6313.059
}