[
  {
    "Plan": {
      "Node Type": "Aggregate",
      "Strategy": "Plain",
      "Partial Mode": "Finalize",
      "Parallel Aware": false,
      "Startup Cost": 46456.71,
      "Total Cost": 46456.72,
      "Plan Rows": 1,
      "Plan Width": 8,
      "Actual Startup Time": 173.445,
      "Actual Total Time": 184.947,
      "Actual Rows": 1,
      "Actual Loops": 1,
      "Plans": [
        {
          "Node Type": "Gather",
          "Parent Relationship": "Outer",
          "Parallel Aware": false,
          "Startup Cost": 46456.4,
          "Total Cost": 46456.71,
          "Plan Rows": 3,
          "Plan Width": 8,
          "Actual Startup Time": 173.299,
          "Actual Total Time": 184.937,
          "Actual Rows": 4,
          "Actual Loops": 1,
          "Workers Planned": 3,
          "Workers Launched": 3,
          "Single Copy": false,
          "Plans": [
            {
              "Node Type": "Aggregate",
              "Strategy": "Plain",
              "Partial Mode": "Partial",
              "Parent Relationship": "Outer",
              "Parallel Aware": false,
              "Startup Cost": 45456.4,
              "Total Cost": 45456.41,
              "Plan Rows": 1,
              "Plan Width": 8,
              "Actual Startup Time": 169.047,
              "Actual Total Time": 169.048,
              "Actual Rows": 1,
              "Actual Loops": 4,
              "Plans": [
                {
                  "Node Type": "Seq Scan",
                  "Parent Relationship": "Outer",
                  "Parallel Aware": true,
                  "Relation Name": "movie_keyword",
                  "Alias": "mk",
                  "Startup Cost": 0.0,
                  "Total Cost": 42695.65,
                  "Plan Rows": 1104297,
                  "Plan Width": 0,
                  "Actual Startup Time": 0.135,
                  "Actual Total Time": 126.524,
                  "Actual Rows": 853616,
                  "Actual Loops": 4,
                  "Filter": "(keyword_id > 1135)",
                  "Rows Removed by Filter": 277366
                }
              ]
            }
          ]
        }
      ]
    },
    "Planning Time": 0.192,
    "Triggers": [],
    "Execution Time": 185.002
  }
]