[
  {
    "Plan": {
      "Node Type": "Aggregate",
      "Strategy": "Plain",
      "Partial Mode": "Finalize",
      "Parallel Aware": false,
      "Startup Cost": 46461.58,
      "Total Cost": 46461.59,
      "Plan Rows": 1,
      "Plan Width": 8,
      "Actual Startup Time": 170.252,
      "Actual Total Time": 179.632,
      "Actual Rows": 1,
      "Actual Loops": 1,
      "Plans": [
        {
          "Node Type": "Gather",
          "Parent Relationship": "Outer",
          "Parallel Aware": false,
          "Startup Cost": 46461.26,
          "Total Cost": 46461.57,
          "Plan Rows": 3,
          "Plan Width": 8,
          "Actual Startup Time": 170.13,
          "Actual Total Time": 179.623,
          "Actual Rows": 4,
          "Actual Loops": 1,
          "Workers Planned": 3,
          "Workers Launched": 3,
          "Single Copy": false,
          "Plans": [
            {
              "Node Type": "Aggregate",
              "Strategy": "Plain",
              "Partial Mode": "Partial",
              "Parent Relationship": "Outer",
              "Parallel Aware": false,
              "Startup Cost": 45461.26,
              "Total Cost": 45461.27,
              "Plan Rows": 1,
              "Plan Width": 8,
              "Actual Startup Time": 162.799,
              "Actual Total Time": 162.8,
              "Actual Rows": 1,
              "Actual Loops": 4,
              "Plans": [
                {
                  "Node Type": "Seq Scan",
                  "Parent Relationship": "Outer",
                  "Parallel Aware": true,
                  "Relation Name": "movie_keyword",
                  "Alias": "mk",
                  "Startup Cost": 0.0,
                  "Total Cost": 42695.65,
                  "Plan Rows": 1106244,
                  "Plan Width": 0,
                  "Actual Startup Time": 0.174,
                  "Actual Total Time": 123.766,
                  "Actual Rows": 853616,
                  "Actual Loops": 4,
                  "Filter": "(keyword_id > 1135)",
                  "Rows Removed by Filter": 277366
                }
              ]
            }
          ]
        }
      ]
    },
    "Planning Time": 0.181,
    "Triggers": [],
    "Execution Time": 179.685
  }
]