{
  "Plan": {
    "Node Type": "Aggregate",
    "Strategy": "Plain",
    "Partial Mode": "Finalize",
    "Parallel Aware": false,
    "Startup Cost": 175009.38,
    "Total Cost": 175009.39,
    "Plan Rows": 1,
    "Plan Width": 8,
    "Actual Startup Time": 2019.251,
    "Actual Total Time": 2048.593,
    "Actual Rows": 1,
    "Actual Loops": 1,
    "Plans": [
      {
        "Node Type": "Gather",
        "Parent Relationship": "Outer",
        "Parallel Aware": false,
        "Startup Cost": 175009.26,
        "Total Cost": 175009.37,
        "Plan Rows": 1,
        "Plan Width": 8,
        "Actual Startup Time": 2010.402,
        "Actual Total Time": 2048.585,
        "Actual Rows": 2,
        "Actual Loops": 1,
        "Workers Planned": 1,
        "Workers Launched": 1,
        "Single Copy": false,
        "Plans": [
          {
            "Node Type": "Aggregate",
            "Strategy": "Plain",
            "Partial Mode": "Partial",
            "Parent Relationship": "Outer",
            "Parallel Aware": false,
            "Startup Cost": 174009.26,
            "Total Cost": 174009.27,
            "Plan Rows": 1,
            "Plan Width": 8,
            "Actual Startup Time": 2005.406,
            "Actual Total Time": 2007.463,
            "Actual Rows": 1,
            "Actual Loops": 2,
            "Plans": [
              {
                "Node Type": "Hash Join",
                "Parent Relationship": "Outer",
                "Parallel Aware": true,
                "Join Type": "Inner",
                "Startup Cost": 128114.92,
                "Total Cost": 173419.05,
                "Plan Rows": 236084,
                "Plan Width": 0,
                "Actual Startup Time": 930.97,
                "Actual Total Time": 1652.878,
                "Actual Rows": 9192540,
                "Actual Loops": 2,
                "Inner Unique": false,
                "Hash Cond": "(mc.movie_id = t.id)",
                "Plans": [
                  {
                    "Node Type": "Index Scan",
                    "Parent Relationship": "Outer",
                    "Parallel Aware": true,
                    "Scan Direction": "Forward",
                    "Index Name": "company_type_id_movie_companies",
                    "Relation Name": "movie_companies",
                    "Alias": "mc",
                    "Startup Cost": 0.43,
                    "Total Cost": 41574.35,
                    "Plan Rows": 624394,
                    "Plan Width": 4,
                    "Actual Startup Time": 0.212,
                    "Actual Total Time": 103.391,
                    "Actual Rows": 467056,
                    "Actual Loops": 2,
                    "Index Cond": "(company_type_id < 2)",
                    "Rows Removed by Index Recheck": 0,
                    "Filter": "(company_id > 352)",
                    "Rows Removed by Filter": 170067
                  },
                  {
                    "Node Type": "Hash",
                    "Parent Relationship": "Inner",
                    "Parallel Aware": true,
                    "Startup Cost": 121085.44,
                    "Total Cost": 121085.44,
                    "Plan Rows": 562324,
                    "Plan Width": 8,
                    "Actual Startup Time": 879.183,
                    "Actual Total Time": 881.238,
                    "Actual Rows": 1173966,
                    "Actual Loops": 2,
                    "Hash Buckets": 4194304,
                    "Original Hash Buckets": 1048576,
                    "Hash Batches": 1,
                    "Original Hash Batches": 1,
                    "Peak Memory Usage": 149216,
                    "Plans": [
                      {
                        "Node Type": "Hash Join",
                        "Parent Relationship": "Outer",
                        "Parallel Aware": true,
                        "Join Type": "Inner",
                        "Startup Cost": 57740.43,
                        "Total Cost": 121085.44,
                        "Plan Rows": 562324,
                        "Plan Width": 8,
                        "Actual Startup Time": 233.96,
                        "Actual Total Time": 618.544,
                        "Actual Rows": 1173966,
                        "Actual Loops": 2,
                        "Inner Unique": true,
                        "Hash Cond": "(mk.movie_id = t.id)",
                        "Plans": [
                          {
                            "Node Type": "Seq Scan",
                            "Parent Relationship": "Outer",
                            "Parallel Aware": true,
                            "Relation Name": "movie_keyword",
                            "Alias": "mk",
                            "Startup Cost": 0.0,
                            "Total Cost": 57718.19,
                            "Plan Rows": 2143545,
                            "Plan Width": 4,
                            "Actual Startup Time": 0.062,
                            "Actual Total Time": 206.564,
                            "Actual Rows": 1813956,
                            "Actual Loops": 2,
                            "Filter": "(keyword_id > 845)",
                            "Rows Removed by Filter": 448008
                          },
                          {
                            "Node Type": "Hash",
                            "Parent Relationship": "Inner",
                            "Parallel Aware": true,
                            "Startup Cost": 52863.55,
                            "Total Cost": 52863.55,
                            "Plan Rows": 390151,
                            "Plan Width": 4,
                            "Actual Startup Time": 165.863,
                            "Actual Total Time": 165.865,
                            "Actual Rows": 331412,
                            "Actual Loops": 2,
                            "Hash Buckets": 1048576,
                            "Original Hash Buckets": 1048576,
                            "Hash Batches": 1,
                            "Original Hash Batches": 1,
                            "Peak Memory Usage": 34176,
                            "Plans": [
                              {
                                "Node Type": "Bitmap Heap Scan",
                                "Parent Relationship": "Outer",
                                "Parallel Aware": true,
                                "Relation Name": "title",
                                "Alias": "t",
                                "Startup Cost": 11988.66,
                                "Total Cost": 52863.55,
                                "Plan Rows": 390151,
                                "Plan Width": 4,
                                "Actual Startup Time": 24.998,
                                "Actual Total Time": 86.332,
                                "Actual Rows": 331412,
                                "Actual Loops": 2,
                                "Recheck Cond": "(kind_id = 1)",
                                "Rows Removed by Index Recheck": 0,
                                "Exact Heap Blocks": 7801,
                                "Lossy Heap Blocks": 0,
                                "Plans": [
                                  {
                                    "Node Type": "Bitmap Index Scan",
                                    "Parent Relationship": "Outer",
                                    "Parallel Aware": false,
                                    "Index Name": "kind_id_title",
                                    "Startup Cost": 0.0,
                                    "Total Cost": 11822.85,
                                    "Plan Rows": 663256,
                                    "Plan Width": 0,
                                    "Actual Startup Time": 23.089,
                                    "Actual Total Time": 23.09,
                                    "Actual Rows": 662825,
                                    "Actual Loops": 1,
                                    "Index Cond": "(kind_id = 1)"
                                  }
                                ]
                              }
                            ]
                          }
                        ]
                      }
                    ]
                  }
                ]
              }
            ]
          }
        ]
      }
    ]
  },
  "Planning Time": 1.061,
  "Triggers": [],
  "Execution Time": 2048.701
}