{
  "Plan": {
    "Node Type": "Aggregate",
    "Strategy": "Plain",
    "Partial Mode": "Finalize",
    "Parallel Aware": false,
    "Startup Cost": 75192.33,
    "Total Cost": 75192.34,
    "Plan Rows": 1,
    "Plan Width": 8,
    "Actual Startup Time": 231.452,
    "Actual Total Time": 244.573,
    "Actual Rows": 1,
    "Actual Loops": 1,
    "Plans": [
      {
        "Node Type": "Gather",
        "Parent Relationship": "Outer",
        "Parallel Aware": false,
        "Startup Cost": 75192.21,
        "Total Cost": 75192.32,
        "Plan Rows": 1,
        "Plan Width": 8,
        "Actual Startup Time": 231.327,
        "Actual Total Time": 244.565,
        "Actual Rows": 2,
        "Actual Loops": 1,
        "Workers Planned": 1,
        "Workers Launched": 1,
        "Single Copy": false,
        "Plans": [
          {
            "Node Type": "Aggregate",
            "Strategy": "Plain",
            "Partial Mode": "Partial",
            "Parent Relationship": "Outer",
            "Parallel Aware": false,
            "Startup Cost": 74192.21,
            "Total Cost": 74192.22,
            "Plan Rows": 1,
            "Plan Width": 8,
            "Actual Startup Time": 225.75,
            "Actual Total Time": 225.753,
            "Actual Rows": 1,
            "Actual Loops": 2,
            "Plans": [
              {
                "Node Type": "Hash Join",
                "Parent Relationship": "Outer",
                "Parallel Aware": true,
                "Join Type": "Inner",
                "Startup Cost": 54683.83,
                "Total Cost": 74185.28,
                "Plan Rows": 2775,
                "Plan Width": 0,
                "Actual Startup Time": 138.047,
                "Actual Total Time": 225.568,
                "Actual Rows": 3238,
                "Actual Loops": 2,
                "Inner Unique": true,
                "Hash Cond": "(mi_idx.movie_id = t.id)",
                "Plans": [
                  {
                    "Node Type": "Seq Scan",
                    "Parent Relationship": "Outer",
                    "Parallel Aware": true,
                    "Relation Name": "movie_info_idx",
                    "Alias": "mi_idx",
                    "Startup Cost": 0.0,
                    "Total Cost": 18082.32,
                    "Plan Rows": 540622,
                    "Plan Width": 4,
                    "Actual Startup Time": 0.029,
                    "Actual Total Time": 56.149,
                    "Actual Rows": 459925,
                    "Actual Loops": 2,
                    "Filter": "(info_type_id < 101)",
                    "Rows Removed by Filter": 230092
                  },
                  {
                    "Node Type": "Hash",
                    "Parent Relationship": "Inner",
                    "Parallel Aware": true,
                    "Startup Cost": 54588.39,
                    "Total Cost": 54588.39,
                    "Plan Rows": 7635,
                    "Plan Width": 4,
                    "Actual Startup Time": 136.415,
                    "Actual Total Time": 136.416,
                    "Actual Rows": 7027,
                    "Actual Loops": 2,
                    "Hash Buckets": 16384,
                    "Original Hash Buckets": 16384,
                    "Hash Batches": 1,
                    "Original Hash Batches": 1,
                    "Peak Memory Usage": 704,
                    "Plans": [
                      {
                        "Node Type": "Seq Scan",
                        "Parent Relationship": "Outer",
                        "Parallel Aware": true,
                        "Relation Name": "title",
                        "Alias": "t",
                        "Startup Cost": 0.0,
                        "Total Cost": 54588.39,
                        "Plan Rows": 7635,
                        "Plan Width": 4,
                        "Actual Startup Time": 0.171,
                        "Actual Total Time": 133.825,
                        "Actual Rows": 7027,
                        "Actual Loops": 2,
                        "Filter": "(production_year = 1975)",
                        "Rows Removed by Filter": 1257129
                      }
                    ]
                  }
                ]
              }
            ]
          }
        ]
      }
    ]
  },
  "Planning Time": 0.467,
  "Triggers": [],
  "Execution Time": 244.642
}