{
  "Plan": {
    "Node Type": "Aggregate",
    "Strategy": "Plain",
    "Partial Mode": "Finalize",
    "Parallel Aware": false,
    "Startup Cost": 362674.53,
    "Total Cost": 362674.54,
    "Plan Rows": 1,
    "Plan Width": 8,
    "Actual Startup Time": 2607.227,
    "Actual Total Time": 2656.902,
    "Actual Rows": 1,
    "Actual Loops": 1,
    "Plans": [
      {
        "Node Type": "Gather",
        "Parent Relationship": "Outer",
        "Parallel Aware": false,
        "Startup Cost": 362674.42,
        "Total Cost": 362674.53,
        "Plan Rows": 1,
        "Plan Width": 8,
        "Actual Startup Time": 2605.035,
        "Actual Total Time": 2656.892,
        "Actual Rows": 2,
        "Actual Loops": 1,
        "Workers Planned": 1,
        "Workers Launched": 1,
        "Single Copy": false,
        "Plans": [
          {
            "Node Type": "Aggregate",
            "Strategy": "Plain",
            "Partial Mode": "Partial",
            "Parent Relationship": "Outer",
            "Parallel Aware": false,
            "Startup Cost": 361674.42,
            "Total Cost": 361674.43,
            "Plan Rows": 1,
            "Plan Width": 8,
            "Actual Startup Time": 2599.416,
            "Actual Total Time": 2599.419,
            "Actual Rows": 1,
            "Actual Loops": 2,
            "Plans": [
              {
                "Node Type": "Hash Join",
                "Parent Relationship": "Outer",
                "Parallel Aware": true,
                "Join Type": "Inner",
                "Startup Cost": 63844.83,
                "Total Cost": 355677.47,
                "Plan Rows": 2398781,
                "Plan Width": 0,
                "Actual Startup Time": 263.915,
                "Actual Total Time": 2435.626,
                "Actual Rows": 4164654,
                "Actual Loops": 2,
                "Inner Unique": true,
                "Hash Cond": "(mi.movie_id = t.id)",
                "Plans": [
                  {
                    "Node Type": "Seq Scan",
                    "Parent Relationship": "Outer",
                    "Parallel Aware": true,
                    "Relation Name": "movie_info",
                    "Alias": "mi",
                    "Startup Cost": 0.0,
                    "Total Cost": 270696.42,
                    "Plan Rows": 8051879,
                    "Plan Width": 4,
                    "Actual Startup Time": 0.011,
                    "Actual Total Time": 791.673,
                    "Actual Rows": 6897920,
                    "Actual Loops": 2,
                    "Filter": "(info_type_id < 81)",
                    "Rows Removed by Filter": 519940
                  },
                  {
                    "Node Type": "Hash",
                    "Parent Relationship": "Inner",
                    "Parallel Aware": true,
                    "Startup Cost": 58306.47,
                    "Total Cost": 58306.47,
                    "Plan Rows": 443069,
                    "Plan Width": 4,
                    "Actual Startup Time": 251.807,
                    "Actual Total Time": 251.808,
                    "Actual Rows": 396972,
                    "Actual Loops": 2,
                    "Hash Buckets": 1048576,
                    "Original Hash Buckets": 1048576,
                    "Hash Batches": 1,
                    "Original Hash Batches": 1,
                    "Peak Memory Usage": 39264,
                    "Plans": [
                      {
                        "Node Type": "Seq Scan",
                        "Parent Relationship": "Outer",
                        "Parallel Aware": true,
                        "Relation Name": "title",
                        "Alias": "t",
                        "Startup Cost": 0.0,
                        "Total Cost": 58306.47,
                        "Plan Rows": 443069,
                        "Plan Width": 4,
                        "Actual Startup Time": 0.04,
                        "Actual Total Time": 158.509,
                        "Actual Rows": 396972,
                        "Actual Loops": 2,
                        "Filter": "((kind_id < 7) AND (production_year < 2010))",
                        "Rows Removed by Filter": 867184
                      }
                    ]
                  }
                ]
              }
            ]
          }
        ]
      }
    ]
  },
  "Planning Time": 0.676,
  "Triggers": [],
  "Execution Time": 2656.981
}