{
  "Plan": {
    "Node Type": "Aggregate",
    "Strategy": "Plain",
    "Partial Mode": "Finalize",
    "Parallel Aware": false,
    "Startup Cost": 594961.36,
    "Total Cost": 594961.37,
    "Plan Rows": 1,
    "Plan Width": 8,
    "Actual Startup Time": 5721.363,
    "Actual Total Time": 5757.264,
    "Actual Rows": 1,
    "Actual Loops": 1,
    "Plans": [
      {
        "Node Type": "Gather",
        "Parent Relationship": "Outer",
        "Parallel Aware": false,
        "Startup Cost": 594961.24,
        "Total Cost": 594961.35,
        "Plan Rows": 1,
        "Plan Width": 8,
        "Actual Startup Time": 5712.844,
        "Actual Total Time": 5757.256,
        "Actual Rows": 2,
        "Actual Loops": 1,
        "Workers Planned": 1,
        "Workers Launched": 1,
        "Single Copy": false,
        "Plans": [
          {
            "Node Type": "Aggregate",
            "Strategy": "Plain",
            "Partial Mode": "Partial",
            "Parent Relationship": "Outer",
            "Parallel Aware": false,
            "Startup Cost": 593961.24,
            "Total Cost": 593961.25,
            "Plan Rows": 1,
            "Plan Width": 8,
            "Actual Startup Time": 5708.785,
            "Actual Total Time": 5711.593,
            "Actual Rows": 1,
            "Actual Loops": 2,
            "Plans": [
              {
                "Node Type": "Hash Join",
                "Parent Relationship": "Outer",
                "Parallel Aware": true,
                "Join Type": "Inner",
                "Startup Cost": 135863.83,
                "Total Cost": 583727.37,
                "Plan Rows": 4093549,
                "Plan Width": 0,
                "Actual Startup Time": 1439.583,
                "Actual Total Time": 4773.445,
                "Actual Rows": 22986443,
                "Actual Loops": 2,
                "Inner Unique": false,
                "Hash Cond": "(ci.movie_id = t.id)",
                "Plans": [
                  {
                    "Node Type": "Index Scan",
                    "Parent Relationship": "Outer",
                    "Parallel Aware": true,
                    "Scan Direction": "Forward",
                    "Index Name": "role_id_cast_info",
                    "Relation Name": "cast_info",
                    "Alias": "ci",
                    "Startup Cost": 0.56,
                    "Total Cost": 400977.7,
                    "Plan Rows": 6081789,
                    "Plan Width": 4,
                    "Actual Startup Time": 265.032,
                    "Actual Total Time": 899.516,
                    "Actual Rows": 4030174,
                    "Actual Loops": 2,
                    "Index Cond": "(role_id < 2)",
                    "Rows Removed by Index Recheck": 0,
                    "Filter": "(person_id > 617483)",
                    "Rows Removed by Filter": 2305170
                  },
                  {
                    "Node Type": "Hash",
                    "Parent Relationship": "Inner",
                    "Parallel Aware": true,
                    "Startup Cost": 123350.39,
                    "Total Cost": 123350.39,
                    "Plan Rows": 1001030,
                    "Plan Width": 8,
                    "Actual Startup Time": 1163.198,
                    "Actual Total Time": 1166.004,
                    "Actual Rows": 1927369,
                    "Actual Loops": 2,
                    "Hash Buckets": 4194304,
                    "Original Hash Buckets": 2097152,
                    "Hash Batches": 1,
                    "Original Hash Batches": 1,
                    "Peak Memory Usage": 200000,
                    "Plans": [
                      {
                        "Node Type": "Hash Join",
                        "Parent Relationship": "Outer",
                        "Parallel Aware": true,
                        "Join Type": "Inner",
                        "Startup Cost": 65299.54,
                        "Total Cost": 123350.39,
                        "Plan Rows": 1001030,
                        "Plan Width": 8,
                        "Actual Startup Time": 261.049,
                        "Actual Total Time": 802.82,
                        "Actual Rows": 1927369,
                        "Actual Loops": 2,
                        "Inner Unique": true,
                        "Hash Cond": "(mk.movie_id = t.id)",
                        "Plans": [
                          {
                            "Node Type": "Seq Scan",
                            "Parent Relationship": "Outer",
                            "Parallel Aware": true,
                            "Relation Name": "movie_keyword",
                            "Alias": "mk",
                            "Startup Cost": 0.0,
                            "Total Cost": 51065.35,
                            "Plan Rows": 2661135,
                            "Plan Width": 4,
                            "Actual Startup Time": 0.012,
                            "Actual Total Time": 155.884,
                            "Actual Rows": 2261965,
                            "Actual Loops": 2
                          },
                          {
                            "Node Type": "Hash",
                            "Parent Relationship": "Inner",
                            "Parallel Aware": true,
                            "Startup Cost": 58306.47,
                            "Total Cost": 58306.47,
                            "Plan Rows": 559446,
                            "Plan Width": 4,
                            "Actual Startup Time": 257.461,
                            "Actual Total Time": 257.462,
                            "Actual Rows": 471364,
                            "Actual Loops": 2,
                            "Hash Buckets": 1048576,
                            "Original Hash Buckets": 1048576,
                            "Hash Batches": 1,
                            "Original Hash Batches": 1,
                            "Peak Memory Usage": 45088,
                            "Plans": [
                              {
                                "Node Type": "Seq Scan",
                                "Parent Relationship": "Outer",
                                "Parallel Aware": true,
                                "Relation Name": "title",
                                "Alias": "t",
                                "Startup Cost": 0.0,
                                "Total Cost": 58306.47,
                                "Plan Rows": 559446,
                                "Plan Width": 4,
                                "Actual Startup Time": 0.026,
                                "Actual Total Time": 148.499,
                                "Actual Rows": 471364,
                                "Actual Loops": 2,
                                "Filter": "((kind_id < 7) AND (production_year > 1911))",
                                "Rows Removed by Filter": 792792
                              }
                            ]
                          }
                        ]
                      }
                    ]
                  }
                ]
              }
            ]
          }
        ]
      }
    ]
  },
  "Planning Time": 0.528,
  "Triggers": [],
  "Execution Time": 5757.323
}