[
  {
    "Bao": {
      "Bao prediction": 4059.626,
      "Bao recommended hint": "SET enable_hashjoin TO off; SET enable_mergejoin TO off; "
    }
  },
  {
    "Plan": {
      "Node Type": "Aggregate",
      "Strategy": "Plain",
      "Partial Mode": "Simple",
      "Parallel Aware": false,
      "Startup Cost": 48053.24,
      "Total Cost": 48053.25,
      "Plan Rows": 1,
      "Plan Width": 96,
      "Actual Startup Time": 9307.609,
      "Actual Total Time": 9307.613,
      "Actual Rows": 1,
      "Actual Loops": 1,
      "Plans": [
        {
          "Node Type": "Nested Loop",
          "Parent Relationship": "Outer",
          "Parallel Aware": false,
          "Join Type": "Inner",
          "Startup Cost": 6244.11,
          "Total Cost": 48053.1,
          "Plan Rows": 19,
          "Plan Width": 66,
          "Actual Startup Time": 85.53,
          "Actual Total Time": 9300.14,
          "Actual Rows": 28073,
          "Actual Loops": 1,
          "Inner Unique": true,
          "Plans": [
            {
              "Node Type": "Nested Loop",
              "Parent Relationship": "Outer",
              "Parallel Aware": false,
              "Join Type": "Inner",
              "Startup Cost": 6243.68,
              "Total Cost": 48020.73,
              "Plan Rows": 47,
              "Plan Width": 70,
              "Actual Startup Time": 68.352,
              "Actual Total Time": 9004.711,
              "Actual Rows": 54155,
              "Actual Loops": 1,
              "Inner Unique": false,
              "Plans": [
                {
                  "Node Type": "Nested Loop",
                  "Parent Relationship": "Outer",
                  "Parallel Aware": false,
                  "Join Type": "Inner",
                  "Startup Cost": 6243.11,
                  "Total Cost": 47938.24,
                  "Plan Rows": 41,
                  "Plan Width": 78,
                  "Actual Startup Time": 48.893,
                  "Actual Total Time": 4539.223,
                  "Actual Rows": 102516,
                  "Actual Loops": 1,
                  "Inner Unique": true,
                  "Join Filter": "(mi.movie_id = t.id)",
                  "Rows Removed by Join Filter": 0,
                  "Plans": [
                    {
                      "Node Type": "Nested Loop",
                      "Parent Relationship": "Outer",
                      "Parallel Aware": false,
                      "Join Type": "Inner",
                      "Startup Cost": 6242.68,
                      "Total Cost": 47914.03,
                      "Plan Rows": 41,
                      "Plan Width": 57,
                      "Actual Startup Time": 48.861,
                      "Actual Total Time": 4223.154,
                      "Actual Rows": 102516,
                      "Actual Loops": 1,
                      "Inner Unique": false,
                      "Join Filter": "(mi.info_type_id = it1.id)",
                      "Rows Removed by Join Filter": 2376,
                      "Plans": [
                        {
                          "Node Type": "Seq Scan",
                          "Parent Relationship": "Outer",
                          "Parallel Aware": false,
                          "Relation Name": "info_type",
                          "Alias": "it1",
                          "Startup Cost": 0.0,
                          "Total Cost": 2.41,
                          "Plan Rows": 1,
                          "Plan Width": 4,
                          "Actual Startup Time": 0.016,
                          "Actual Total Time": 0.022,
                          "Actual Rows": 1,
                          "Actual Loops": 1,
                          "Filter": "((info)::text = 'genres'::text)",
                          "Rows Removed by Filter": 112
                        },
                        {
                          "Node Type": "Nested Loop",
                          "Parent Relationship": "Inner",
                          "Parallel Aware": false,
                          "Join Type": "Inner",
                          "Startup Cost": 6242.68,
                          "Total Cost": 47853.73,
                          "Plan Rows": 4631,
                          "Plan Width": 61,
                          "Actual Startup Time": 48.841,
                          "Actual Total Time": 4208.206,
                          "Actual Rows": 104892,
                          "Actual Loops": 1,
                          "Inner Unique": false,
                          "Plans": [
                            {
                              "Node Type": "Nested Loop",
                              "Parent Relationship": "Outer",
                              "Parallel Aware": false,
                              "Join Type": "Inner",
                              "Startup Cost": 6242.25,
                              "Total Cost": 21942.36,
                              "Plan Rows": 12213,
                              "Plan Width": 10,
                              "Actual Startup Time": 47.738,
                              "Actual Total Time": 179.536,
                              "Actual Rows": 459925,
                              "Actual Loops": 1,
                              "Inner Unique": false,
                              "Plans": [
                                {
                                  "Node Type": "Seq Scan",
                                  "Parent Relationship": "Outer",
                                  "Parallel Aware": false,
                                  "Relation Name": "info_type",
                                  "Alias": "it2",
                                  "Startup Cost": 0.0,
                                  "Total Cost": 2.41,
                                  "Plan Rows": 1,
                                  "Plan Width": 4,
                                  "Actual Startup Time": 0.013,
                                  "Actual Total Time": 0.017,
                                  "Actual Rows": 1,
                                  "Actual Loops": 1,
                                  "Filter": "((info)::text = 'votes'::text)",
                                  "Rows Removed by Filter": 112
                                },
                                {
                                  "Node Type": "Bitmap Heap Scan",
                                  "Parent Relationship": "Inner",
                                  "Parallel Aware": false,
                                  "Relation Name": "movie_info_idx",
                                  "Alias": "mi_idx",
                                  "Startup Cost": 6242.25,
                                  "Total Cost": 18489.86,
                                  "Plan Rows": 345009,
                                  "Plan Width": 14,
                                  "Actual Startup Time": 47.717,
                                  "Actual Total Time": 122.834,
                                  "Actual Rows": 459925,
                                  "Actual Loops": 1,
                                  "Recheck Cond": "(info_type_id = it2.id)",
                                  "Rows Removed by Index Recheck": 0,
                                  "Exact Heap Blocks": 7934,
                                  "Lossy Heap Blocks": 0,
                                  "Plans": [
                                    {
                                      "Node Type": "Bitmap Index Scan",
                                      "Parent Relationship": "Outer",
                                      "Parallel Aware": false,
                                      "Index Name": "info_type_id_movie_info_idx",
                                      "Startup Cost": 0.0,
                                      "Total Cost": 6155.99,
                                      "Plan Rows": 345009,
                                      "Plan Width": 0,
                                      "Actual Startup Time": 46.274,
                                      "Actual Total Time": 46.274,
                                      "Actual Rows": 459925,
                                      "Actual Loops": 1,
                                      "Index Cond": "(info_type_id = it2.id)"
                                    }
                                  ]
                                }
                              ]
                            },
                            {
                              "Node Type": "Index Scan",
                              "Parent Relationship": "Inner",
                              "Parallel Aware": false,
                              "Scan Direction": "Forward",
                              "Index Name": "movie_id_movie_info",
                              "Relation Name": "movie_info",
                              "Alias": "mi",
                              "Startup Cost": 0.43,
                              "Total Cost": 2.11,
                              "Plan Rows": 1,
                              "Plan Width": 51,
                              "Actual Startup Time": 0.008,
                              "Actual Total Time": 0.009,
                              "Actual Rows": 0,
                              "Actual Loops": 459925,
                              "Index Cond": "(movie_id = mi_idx.movie_id)",
                              "Rows Removed by Index Recheck": 0,
                              "Filter": "(info = ANY ('{Horror,Action,Sci-Fi,Thriller,Crime,War}'::text[]))",
                              "Rows Removed by Filter": 15
                            }
                          ]
                        }
                      ]
                    },
                    {
                      "Node Type": "Index Scan",
                      "Parent Relationship": "Inner",
                      "Parallel Aware": false,
                      "Scan Direction": "Forward",
                      "Index Name": "title_pkey",
                      "Relation Name": "title",
                      "Alias": "t",
                      "Startup Cost": 0.43,
                      "Total Cost": 0.58,
                      "Plan Rows": 1,
                      "Plan Width": 21,
                      "Actual Startup Time": 0.003,
                      "Actual Total Time": 0.003,
                      "Actual Rows": 1,
                      "Actual Loops": 102516,
                      "Index Cond": "(id = mi_idx.movie_id)",
                      "Rows Removed by Index Recheck": 0
                    }
                  ]
                },
                {
                  "Node Type": "Index Scan",
                  "Parent Relationship": "Inner",
                  "Parallel Aware": false,
                  "Scan Direction": "Forward",
                  "Index Name": "movie_id_cast_info",
                  "Relation Name": "cast_info",
                  "Alias": "ci",
                  "Startup Cost": 0.56,
                  "Total Cost": 2.0,
                  "Plan Rows": 1,
                  "Plan Width": 8,
                  "Actual Startup Time": 0.038,
                  "Actual Total Time": 0.043,
                  "Actual Rows": 1,
                  "Actual Loops": 102516,
                  "Index Cond": "(movie_id = t.id)",
                  "Rows Removed by Index Recheck": 0,
                  "Filter": "(note = ANY ('{(writer),\"(head writer)\",\"(written by)\",(story),\"(story editor)\"}'::text[]))",
                  "Rows Removed by Filter": 39
                }
              ]
            },
            {
              "Node Type": "Index Scan",
              "Parent Relationship": "Inner",
              "Parallel Aware": false,
              "Scan Direction": "Forward",
              "Index Name": "name_pkey",
              "Relation Name": "name",
              "Alias": "n",
              "Startup Cost": 0.43,
              "Total Cost": 0.69,
              "Plan Rows": 1,
              "Plan Width": 4,
              "Actual Startup Time": 0.005,
              "Actual Total Time": 0.005,
              "Actual Rows": 1,
              "Actual Loops": 54155,
              "Index Cond": "(id = ci.person_id)",
              "Rows Removed by Index Recheck": 0,
              "Filter": "((gender)::text = 'm'::text)",
              "Rows Removed by Filter": 0
            }
          ]
        }
      ]
    },
    "Planning Time": 483.776,
    "Triggers": [],
    "Execution Time": 9308.064
  }
]