[
  {
    "Plan": {
      "Node Type": "Aggregate",
      "Strategy": "Plain",
      "Partial Mode": "Finalize",
      "Parallel Aware": false,
      "Startup Cost": 436306.69,
      "Total Cost": 436306.7,
      "Plan Rows": 1,
      "Plan Width": 8,
      "Actual Startup Time": 2013.567,
      "Actual Total Time": 2084.162,
      "Actual Rows": 1,
      "Actual Loops": 1,
      "Plans": [
        {
          "Node Type": "Gather",
          "Parent Relationship": "Outer",
          "Parallel Aware": false,
          "Startup Cost": 436306.07,
          "Total Cost": 436306.68,
          "Plan Rows": 6,
          "Plan Width": 8,
          "Actual Startup Time": 1983.9,
          "Actual Total Time": 2084.147,
          "Actual Rows": 7,
          "Actual Loops": 1,
          "Workers Planned": 6,
          "Workers Launched": 6,
          "Single Copy": false,
          "Plans": [
            {
              "Node Type": "Aggregate",
              "Strategy": "Plain",
              "Partial Mode": "Partial",
              "Parent Relationship": "Outer",
              "Parallel Aware": false,
              "Startup Cost": 435306.07,
              "Total Cost": 435306.08,
              "Plan Rows": 1,
              "Plan Width": 8,
              "Actual Startup Time": 1973.262,
              "Actual Total Time": 1973.367,
              "Actual Rows": 1,
              "Actual Loops": 7,
              "Plans": [
                {
                  "Node Type": "Hash Join",
                  "Parent Relationship": "Outer",
                  "Parallel Aware": true,
                  "Join Type": "Inner",
                  "Startup Cost": 92483.92,
                  "Total Cost": 433377.34,
                  "Plan Rows": 771491,
                  "Plan Width": 0,
                  "Actual Startup Time": 699.865,
                  "Actual Total Time": 1785.887,
                  "Actual Rows": 4846832,
                  "Actual Loops": 7,
                  "Inner Unique": false,
                  "Hash Cond": "(ci.movie_id = t.id)",
                  "Plans": [
                    {
                      "Node Type": "Seq Scan",
                      "Parent Relationship": "Outer",
                      "Parallel Aware": true,
                      "Relation Name": "cast_info",
                      "Alias": "ci",
                      "Startup Cost": 0.0,
                      "Total Cost": 328162.03,
                      "Plan Rows": 2731391,
                      "Plan Width": 4,
                      "Actual Startup Time": 296.348,
                      "Actual Total Time": 592.268,
                      "Actual Rows": 2303098,
                      "Actual Loops": 7,
                      "Filter": "(role_id > 2)",
                      "Rows Removed by Filter": 2874666
                    },
                    {
                      "Node Type": "Hash",
                      "Parent Relationship": "Inner",
                      "Parallel Aware": true,
                      "Startup Cost": 89604.38,
                      "Total Cost": 89604.38,
                      "Plan Rows": 230363,
                      "Plan Width": 8,
                      "Actual Startup Time": 400.198,
                      "Actual Total Time": 400.301,
                      "Actual Rows": 310837,
                      "Actual Loops": 7,
                      "Hash Buckets": 4194304,
                      "Original Hash Buckets": 1048576,
                      "Hash Batches": 1,
                      "Original Hash Batches": 1,
                      "Peak Memory Usage": 142528,
                      "Plans": [
                        {
                          "Node Type": "Hash Join",
                          "Parent Relationship": "Outer",
                          "Parallel Aware": true,
                          "Join Type": "Inner",
                          "Startup Cost": 46726.3,
                          "Total Cost": 89604.38,
                          "Plan Rows": 230363,
                          "Plan Width": 8,
                          "Actual Startup Time": 107.073,
                          "Actual Total Time": 253.717,
                          "Actual Rows": 310837,
                          "Actual Loops": 7,
                          "Inner Unique": true,
                          "Hash Cond": "(mk.movie_id = t.id)",
                          "Plans": [
                            {
                              "Node Type": "Seq Scan",
                              "Parent Relationship": "Outer",
                              "Parallel Aware": true,
                              "Relation Name": "movie_keyword",
                              "Alias": "mk",
                              "Startup Cost": 0.0,
                              "Total Cost": 39047.32,
                              "Plan Rows": 1459332,
                              "Plan Width": 4,
                              "Actual Startup Time": 0.025,
                              "Actual Total Time": 57.009,
                              "Actual Rows": 646276,
                              "Actual Loops": 7
                            },
                            {
                              "Node Type": "Hash",
                              "Parent Relationship": "Inner",
                              "Parallel Aware": true,
                              "Startup Cost": 45479.1,
                              "Total Cost": 45479.1,
                              "Plan Rows": 99776,
                              "Plan Width": 4,
                              "Actual Startup Time": 106.116,
                              "Actual Total Time": 106.117,
                              "Actual Rows": 71516,
                              "Actual Loops": 7,
                              "Hash Buckets": 524288,
                              "Original Hash Buckets": 524288,
                              "Hash Batches": 1,
                              "Original Hash Batches": 1,
                              "Peak Memory Usage": 23808,
                              "Plans": [
                                {
                                  "Node Type": "Seq Scan",
                                  "Parent Relationship": "Outer",
                                  "Parallel Aware": true,
                                  "Relation Name": "title",
                                  "Alias": "t",
                                  "Startup Cost": 0.0,
                                  "Total Cost": 45479.1,
                                  "Plan Rows": 99776,
                                  "Plan Width": 4,
                                  "Actual Startup Time": 0.052,
                                  "Actual Total Time": 75.393,
                                  "Actual Rows": 71516,
                                  "Actual Loops": 7,
                                  "Filter": "((kind_id < 7) AND (production_year < 2000))",
                                  "Rows Removed by Filter": 289672
                                }
                              ]
                            }
                          ]
                        }
                      ]
                    }
                  ]
                }
              ]
            }
          ]
        }
      ]
    },
    "Planning Time": 1.272,
    "Triggers": [],
    "Execution Time": 2084.264
  }
]