{
  "Plan": {
    "Node Type": "Aggregate",
    "Strategy": "Plain",
    "Partial Mode": "Finalize",
    "Parallel Aware": false,
    "Startup Cost": 111481.79,
    "Total Cost": 111481.8,
    "Plan Rows": 1,
    "Plan Width": 8,
    "Actual Startup Time": 656.256,
    "Actual Total Time": 668.585,
    "Actual Rows": 1,
    "Actual Loops": 1,
    "Plans": [
      {
        "Node Type": "Gather",
        "Parent Relationship": "Outer",
        "Parallel Aware": false,
        "Startup Cost": 111481.68,
        "Total Cost": 111481.79,
        "Plan Rows": 1,
        "Plan Width": 8,
        "Actual Startup Time": 654.297,
        "Actual Total Time": 668.574,
        "Actual Rows": 2,
        "Actual Loops": 1,
        "Workers Planned": 1,
        "Workers Launched": 1,
        "Single Copy": false,
        "Plans": [
          {
            "Node Type": "Aggregate",
            "Strategy": "Plain",
            "Partial Mode": "Partial",
            "Parent Relationship": "Outer",
            "Parallel Aware": false,
            "Startup Cost": 110481.68,
            "Total Cost": 110481.69,
            "Plan Rows": 1,
            "Plan Width": 8,
            "Actual Startup Time": 648.787,
            "Actual Total Time": 649.123,
            "Actual Rows": 1,
            "Actual Loops": 2,
            "Plans": [
              {
                "Node Type": "Hash Join",
                "Parent Relationship": "Outer",
                "Parallel Aware": true,
                "Join Type": "Inner",
                "Startup Cost": 44779.29,
                "Total Cost": 110092.71,
                "Plan Rows": 155587,
                "Plan Width": 0,
                "Actual Startup Time": 241.123,
                "Actual Total Time": 642.335,
                "Actual Rows": 153394,
                "Actual Loops": 2,
                "Inner Unique": false,
                "Hash Cond": "(t.id = mc.movie_id)",
                "Plans": [
                  {
                    "Node Type": "Seq Scan",
                    "Parent Relationship": "Outer",
                    "Parallel Aware": true,
                    "Relation Name": "title",
                    "Alias": "t",
                    "Startup Cost": 0.0,
                    "Total Cost": 58306.47,
                    "Plan Rows": 974677,
                    "Plan Width": 4,
                    "Actual Startup Time": 0.015,
                    "Actual Total Time": 156.686,
                    "Actual Rows": 880984,
                    "Actual Loops": 2,
                    "Filter": "((kind_id > 1) AND (production_year > 1957))",
                    "Rows Removed by Filter": 383172
                  },
                  {
                    "Node Type": "Hash",
                    "Parent Relationship": "Inner",
                    "Parallel Aware": true,
                    "Startup Cost": 41811.73,
                    "Total Cost": 41811.73,
                    "Plan Rows": 237405,
                    "Plan Width": 4,
                    "Actual Startup Time": 235.035,
                    "Actual Total Time": 235.035,
                    "Actual Rows": 366650,
                    "Actual Loops": 2,
                    "Hash Buckets": 1048576,
                    "Original Hash Buckets": 524288,
                    "Hash Batches": 1,
                    "Original Hash Batches": 1,
                    "Peak Memory Usage": 41024,
                    "Plans": [
                      {
                        "Node Type": "Seq Scan",
                        "Parent Relationship": "Outer",
                        "Parallel Aware": true,
                        "Relation Name": "movie_companies",
                        "Alias": "mc",
                        "Startup Cost": 0.0,
                        "Total Cost": 41811.73,
                        "Plan Rows": 237405,
                        "Plan Width": 4,
                        "Actual Startup Time": 62.226,
                        "Actual Total Time": 130.378,
                        "Actual Rows": 366650,
                        "Actual Loops": 2,
                        "Filter": "((company_id > 29342) AND (company_type_id = 2))",
                        "Rows Removed by Filter": 937915
                      }
                    ]
                  }
                ]
              }
            ]
          }
        ]
      }
    ]
  },
  "Planning Time": 0.81,
  "Triggers": [],
  "Execution Time": 668.662
}