{
  "Plan": {
    "Node Type": "Aggregate",
    "Strategy": "Plain",
    "Partial Mode": "Finalize",
    "Parallel Aware": false,
    "Startup Cost": 99152.64,
    "Total Cost": 99152.65,
    "Plan Rows": 1,
    "Plan Width": 8,
    "Actual Startup Time": 344.927,
    "Actual Total Time": 363.752,
    "Actual Rows": 1,
    "Actual Loops": 1,
    "Plans": [
      {
        "Node Type": "Gather",
        "Parent Relationship": "Outer",
        "Parallel Aware": false,
        "Startup Cost": 99152.53,
        "Total Cost": 99152.64,
        "Plan Rows": 1,
        "Plan Width": 8,
        "Actual Startup Time": 344.629,
        "Actual Total Time": 363.743,
        "Actual Rows": 2,
        "Actual Loops": 1,
        "Workers Planned": 1,
        "Workers Launched": 1,
        "Single Copy": false,
        "Plans": [
          {
            "Node Type": "Aggregate",
            "Strategy": "Plain",
            "Partial Mode": "Partial",
            "Parent Relationship": "Outer",
            "Parallel Aware": false,
            "Startup Cost": 98152.53,
            "Total Cost": 98152.54,
            "Plan Rows": 1,
            "Plan Width": 8,
            "Actual Startup Time": 338.625,
            "Actual Total Time": 338.63,
            "Actual Rows": 1,
            "Actual Loops": 2,
            "Plans": [
              {
                "Node Type": "Nested Loop",
                "Parent Relationship": "Outer",
                "Parallel Aware": false,
                "Join Type": "Inner",
                "Startup Cost": 54693.55,
                "Total Cost": 98145.92,
                "Plan Rows": 2642,
                "Plan Width": 0,
                "Actual Startup Time": 155.984,
                "Actual Total Time": 337.572,
                "Actual Rows": 19327,
                "Actual Loops": 2,
                "Inner Unique": false,
                "Join Filter": "(t.id = mk.movie_id)",
                "Rows Removed by Join Filter": 0,
                "Plans": [
                  {
                    "Node Type": "Hash Join",
                    "Parent Relationship": "Outer",
                    "Parallel Aware": true,
                    "Join Type": "Inner",
                    "Startup Cost": 54693.11,
                    "Total Cost": 93712.55,
                    "Plan Rows": 2242,
                    "Plan Width": 8,
                    "Actual Startup Time": 155.335,
                    "Actual Total Time": 311.446,
                    "Actual Rows": 2998,
                    "Actual Loops": 2,
                    "Inner Unique": true,
                    "Hash Cond": "(mc.movie_id = t.id)",
                    "Plans": [
                      {
                        "Node Type": "Seq Scan",
                        "Parent Relationship": "Outer",
                        "Parallel Aware": true,
                        "Relation Name": "movie_companies",
                        "Alias": "mc",
                        "Startup Cost": 0.0,
                        "Total Cost": 37974.77,
                        "Plan Rows": 397968,
                        "Plan Width": 4,
                        "Actual Startup Time": 0.023,
                        "Actual Total Time": 120.844,
                        "Actual Rows": 334955,
                        "Actual Loops": 2,
                        "Filter": "(company_id < 1067)",
                        "Rows Removed by Filter": 969610
                      },
                      {
                        "Node Type": "Hash",
                        "Parent Relationship": "Inner",
                        "Parallel Aware": true,
                        "Startup Cost": 54588.39,
                        "Total Cost": 54588.39,
                        "Plan Rows": 8378,
                        "Plan Width": 4,
                        "Actual Startup Time": 154.333,
                        "Actual Total Time": 154.335,
                        "Actual Rows": 7228,
                        "Actual Loops": 2,
                        "Hash Buckets": 16384,
                        "Original Hash Buckets": 16384,
                        "Hash Batches": 1,
                        "Original Hash Batches": 1,
                        "Peak Memory Usage": 736,
                        "Plans": [
                          {
                            "Node Type": "Seq Scan",
                            "Parent Relationship": "Outer",
                            "Parallel Aware": true,
                            "Relation Name": "title",
                            "Alias": "t",
                            "Startup Cost": 0.0,
                            "Total Cost": 54588.39,
                            "Plan Rows": 8378,
                            "Plan Width": 4,
                            "Actual Startup Time": 0.102,
                            "Actual Total Time": 151.128,
                            "Actual Rows": 7228,
                            "Actual Loops": 2,
                            "Filter": "(production_year = 1981)",
                            "Rows Removed by Filter": 1256928
                          }
                        ]
                      }
                    ]
                  },
                  {
                    "Node Type": "Index Scan",
                    "Parent Relationship": "Inner",
                    "Parallel Aware": false,
                    "Scan Direction": "Forward",
                    "Index Name": "movie_id_movie_keyword",
                    "Relation Name": "movie_keyword",
                    "Alias": "mk",
                    "Startup Cost": 0.43,
                    "Total Cost": 1.6,
                    "Plan Rows": 30,
                    "Plan Width": 4,
                    "Actual Startup Time": 0.006,
                    "Actual Total Time": 0.008,
                    "Actual Rows": 6,
                    "Actual Loops": 5995,
                    "Index Cond": "(movie_id = mc.movie_id)",
                    "Rows Removed by Index Recheck": 0,
                    "Filter": "(keyword_id > 2327)",
                    "Rows Removed by Filter": 3
                  }
                ]
              }
            ]
          }
        ]
      }
    ]
  },
  "Planning Time": 0.794,
  "Triggers": [],
  "Execution Time": 363.833
}