[
  {
    "Plan": {
      "Node Type": "Aggregate",
      "Strategy": "Plain",
      "Partial Mode": "Finalize",
      "Parallel Aware": false,
      "Startup Cost": 204932.1,
      "Total Cost": 204932.11,
      "Plan Rows": 1,
      "Plan Width": 8,
      "Actual Startup Time": 149.261,
      "Actual Total Time": 170.849,
      "Actual Rows": 1,
      "Actual Loops": 1,
      "Plans": [
        {
          "Node Type": "Gather",
          "Parent Relationship": "Outer",
          "Parallel Aware": false,
          "Startup Cost": 204931.68,
          "Total Cost": 204932.09,
          "Plan Rows": 4,
          "Plan Width": 8,
          "Actual Startup Time": 149.099,
          "Actual Total Time": 170.838,
          "Actual Rows": 5,
          "Actual Loops": 1,
          "Workers Planned": 4,
          "Workers Launched": 4,
          "Single Copy": false,
          "Plans": [
            {
              "Node Type": "Aggregate",
              "Strategy": "Plain",
              "Partial Mode": "Partial",
              "Parent Relationship": "Outer",
              "Parallel Aware": false,
              "Startup Cost": 203931.68,
              "Total Cost": 203931.69,
              "Plan Rows": 1,
              "Plan Width": 8,
              "Actual Startup Time": 141.274,
              "Actual Total Time": 141.275,
              "Actual Rows": 1,
              "Actual Loops": 5,
              "Plans": [
                {
                  "Node Type": "Nested Loop",
                  "Parent Relationship": "Outer",
                  "Parallel Aware": false,
                  "Join Type": "Inner",
                  "Startup Cost": 0.56,
                  "Total Cost": 203895.25,
                  "Plan Rows": 14571,
                  "Plan Width": 0,
                  "Actual Startup Time": 0.461,
                  "Actual Total Time": 140.325,
                  "Actual Rows": 8157,
                  "Actual Loops": 5,
                  "Inner Unique": false,
                  "Plans": [
                    {
                      "Node Type": "Seq Scan",
                      "Parent Relationship": "Outer",
                      "Parallel Aware": true,
                      "Relation Name": "title",
                      "Alias": "t",
                      "Startup Cost": 0.0,
                      "Total Cost": 45479.59,
                      "Plan Rows": 1526,
                      "Plan Width": 4,
                      "Actual Startup Time": 0.278,
                      "Actual Total Time": 83.075,
                      "Actual Rows": 1140,
                      "Actual Loops": 5,
                      "Filter": "((kind_id > 1) AND (production_year = 1956))",
                      "Rows Removed by Filter": 504522
                    },
                    {
                      "Node Type": "Index Scan",
                      "Parent Relationship": "Inner",
                      "Parallel Aware": false,
                      "Scan Direction": "Forward",
                      "Index Name": "movie_id_cast_info",
                      "Relation Name": "cast_info",
                      "Alias": "ci",
                      "Startup Cost": 0.56,
                      "Total Cost": 103.58,
                      "Plan Rows": 23,
                      "Plan Width": 4,
                      "Actual Startup Time": 0.013,
                      "Actual Total Time": 0.049,
                      "Actual Rows": 7,
                      "Actual Loops": 5700,
                      "Index Cond": "(movie_id = t.id)",
                      "Rows Removed by Index Recheck": 0,
                      "Filter": "(role_id < 4)",
                      "Rows Removed by Filter": 2
                    }
                  ]
                }
              ]
            }
          ]
        }
      ]
    },
    "Planning Time": 0.577,
    "Triggers": [],
    "Execution Time": 170.93
  }
]