[
  {
    "Plan": {
      "Node Type": "Aggregate",
      "Strategy": "Plain",
      "Partial Mode": "Finalize",
      "Parallel Aware": false,
      "Startup Cost": 42784.06,
      "Total Cost": 42784.07,
      "Plan Rows": 1,
      "Plan Width": 8,
      "Actual Startup Time": 146.532,
      "Actual Total Time": 155.014,
      "Actual Rows": 1,
      "Actual Loops": 1,
      "Plans": [
        {
          "Node Type": "Gather",
          "Parent Relationship": "Outer",
          "Parallel Aware": false,
          "Startup Cost": 42783.74,
          "Total Cost": 42784.05,
          "Plan Rows": 3,
          "Plan Width": 8,
          "Actual Startup Time": 146.224,
          "Actual Total Time": 155.006,
          "Actual Rows": 4,
          "Actual Loops": 1,
          "Workers Planned": 3,
          "Workers Launched": 3,
          "Single Copy": false,
          "Plans": [
            {
              "Node Type": "Aggregate",
              "Strategy": "Plain",
              "Partial Mode": "Partial",
              "Parent Relationship": "Outer",
              "Parallel Aware": false,
              "Startup Cost": 41783.74,
              "Total Cost": 41783.75,
              "Plan Rows": 1,
              "Plan Width": 8,
              "Actual Startup Time": 137.773,
              "Actual Total Time": 137.774,
              "Actual Rows": 1,
              "Actual Loops": 4,
              "Plans": [
                {
                  "Node Type": "Bitmap Heap Scan",
                  "Parent Relationship": "Outer",
                  "Parallel Aware": true,
                  "Relation Name": "movie_keyword",
                  "Alias": "mk",
                  "Startup Cost": 14111.3,
                  "Total Cost": 41247.33,
                  "Plan Rows": 214563,
                  "Plan Width": 0,
                  "Actual Startup Time": 53.7,
                  "Actual Total Time": 129.138,
                  "Actual Rows": 163668,
                  "Actual Loops": 4,
                  "Recheck Cond": "(keyword_id > 28716)",
                  "Rows Removed by Index Recheck": 0,
                  "Exact Heap Blocks": 9990,
                  "Lossy Heap Blocks": 0,
                  "Plans": [
                    {
                      "Node Type": "Bitmap Index Scan",
                      "Parent Relationship": "Outer",
                      "Parallel Aware": false,
                      "Index Name": "keyword_id_movie_keyword",
                      "Startup Cost": 0.0,
                      "Total Cost": 13945.01,
                      "Plan Rows": 665144,
                      "Plan Width": 0,
                      "Actual Startup Time": 57.844,
                      "Actual Total Time": 57.845,
                      "Actual Rows": 654671,
                      "Actual Loops": 1,
                      "Index Cond": "(keyword_id > 28716)"
                    }
                  ]
                }
              ]
            }
          ]
        }
      ]
    },
    "Planning Time": 0.158,
    "Triggers": [],
    "Execution Time": 155.084
  }
]