[
  {
    "Plan": {
      "Node Type": "Aggregate",
      "Strategy": "Plain",
      "Partial Mode": "Finalize",
      "Parallel Aware": false,
      "Startup Cost": 44700.85,
      "Total Cost": 44700.86,
      "Plan Rows": 1,
      "Plan Width": 8,
      "Actual Startup Time": 142.899,
      "Actual Total Time": 152.732,
      "Actual Rows": 1,
      "Actual Loops": 1,
      "Plans": [
        {
          "Node Type": "Gather",
          "Parent Relationship": "Outer",
          "Parallel Aware": false,
          "Startup Cost": 44700.53,
          "Total Cost": 44700.84,
          "Plan Rows": 3,
          "Plan Width": 8,
          "Actual Startup Time": 142.757,
          "Actual Total Time": 152.722,
          "Actual Rows": 4,
          "Actual Loops": 1,
          "Workers Planned": 3,
          "Workers Launched": 3,
          "Single Copy": false,
          "Plans": [
            {
              "Node Type": "Aggregate",
              "Strategy": "Plain",
              "Partial Mode": "Partial",
              "Parent Relationship": "Outer",
              "Parallel Aware": false,
              "Startup Cost": 43700.53,
              "Total Cost": 43700.54,
              "Plan Rows": 1,
              "Plan Width": 8,
              "Actual Startup Time": 137.065,
              "Actual Total Time": 137.067,
              "Actual Rows": 1,
              "Actual Loops": 4,
              "Plans": [
                {
                  "Node Type": "Seq Scan",
                  "Parent Relationship": "Outer",
                  "Parallel Aware": true,
                  "Relation Name": "movie_keyword",
                  "Alias": "mk",
                  "Startup Cost": 0.0,
                  "Total Cost": 42695.65,
                  "Plan Rows": 401950,
                  "Plan Width": 0,
                  "Actual Startup Time": 2.162,
                  "Actual Total Time": 119.297,
                  "Actual Rows": 312364,
                  "Actual Loops": 4,
                  "Filter": "(keyword_id > 14438)",
                  "Rows Removed by Filter": 818618
                }
              ]
            }
          ]
        }
      ]
    },
    "Planning Time": 0.187,
    "Triggers": [],
    "Execution Time": 152.788
  }
]