[
    {
        "Bao": {
            "Bao prediction": 1279.593,
            "Bao recommended hint": "SET enable_mergejoin TO off; "
        }
    },
    {
        "Plan": {
            "Node Type": "Aggregate",
            "Strategy": "Plain",
            "Partial Mode": "Finalize",
            "Parallel Aware": false,
            "Startup Cost": 118111.91,
            "Total Cost": 118111.92,
            "Plan Rows": 1,
            "Plan Width": 8,
            "Actual Startup Time": 477.677,
            "Actual Total Time": 491.968,
            "Actual Rows": 1,
            "Actual Loops": 1,
            "Output": [
                "count(*)"
            ],
            "Plans": [
                {
                    "Node Type": "Gather",
                    "Parent Relationship": "Outer",
                    "Parallel Aware": false,
                    "Startup Cost": 118111.49,
                    "Total Cost": 118111.9,
                    "Plan Rows": 4,
                    "Plan Width": 8,
                    "Actual Startup Time": 472.599,
                    "Actual Total Time": 491.957,
                    "Actual Rows": 5,
                    "Actual Loops": 1,
                    "Output": [
                        "(PARTIAL count(*))"
                    ],
                    "Workers Planned": 4,
                    "Workers Launched": 4,
                    "Single Copy": false,
                    "Plans": [
                        {
                            "Node Type": "Aggregate",
                            "Strategy": "Plain",
                            "Partial Mode": "Partial",
                            "Parent Relationship": "Outer",
                            "Parallel Aware": false,
                            "Startup Cost": 117111.49,
                            "Total Cost": 117111.5,
                            "Plan Rows": 1,
                            "Plan Width": 8,
                            "Actual Startup Time": 462.493,
                            "Actual Total Time": 462.647,
                            "Actual Rows": 1,
                            "Actual Loops": 5,
                            "Output": [
                                "PARTIAL count(*)"
                            ],
                            "Workers": [
                                {
                                    "Worker Number": 0,
                                    "Actual Startup Time": 460.07,
                                    "Actual Total Time": 460.076,
                                    "Actual Rows": 1,
                                    "Actual Loops": 1
                                },
                                {
                                    "Worker Number": 1,
                                    "Actual Startup Time": 460.399,
                                    "Actual Total Time": 460.404,
                                    "Actual Rows": 1,
                                    "Actual Loops": 1
                                },
                                {
                                    "Worker Number": 2,
                                    "Actual Startup Time": 460.131,
                                    "Actual Total Time": 460.137,
                                    "Actual Rows": 1,
                                    "Actual Loops": 1
                                },
                                {
                                    "Worker Number": 3,
                                    "Actual Startup Time": 460.16,
                                    "Actual Total Time": 460.166,
                                    "Actual Rows": 1,
                                    "Actual Loops": 1
                                }
                            ],
                            "Plans": [
                                {
                                    "Node Type": "Hash Join",
                                    "Parent Relationship": "Outer",
                                    "Parallel Aware": true,
                                    "Join Type": "Inner",
                                    "Startup Cost": 71864.67,
                                    "Total Cost": 117039.43,
                                    "Plan Rows": 28823,
                                    "Plan Width": 0,
                                    "Actual Startup Time": 286.685,
                                    "Actual Total Time": 459.296,
                                    "Actual Rows": 44645,
                                    "Actual Loops": 5,
                                    "Inner Unique": false,
                                    "Hash Cond": "(t.id = mc.movie_id)",
                                    "Workers": [
                                        {
                                            "Worker Number": 0,
                                            "Actual Startup Time": 284.299,
                                            "Actual Total Time": 456.723,
                                            "Actual Rows": 43069,
                                            "Actual Loops": 1
                                        },
                                        {
                                            "Worker Number": 1,
                                            "Actual Startup Time": 284.336,
                                            "Actual Total Time": 456.971,
                                            "Actual Rows": 44223,
                                            "Actual Loops": 1
                                        },
                                        {
                                            "Worker Number": 2,
                                            "Actual Startup Time": 284.403,
                                            "Actual Total Time": 456.801,
                                            "Actual Rows": 42666,
                                            "Actual Loops": 1
                                        },
                                        {
                                            "Worker Number": 3,
                                            "Actual Startup Time": 284.454,
                                            "Actual Total Time": 456.768,
                                            "Actual Rows": 43894,
                                            "Actual Loops": 1
                                        }
                                    ],
                                    "Plans": [
                                        {
                                            "Node Type": "Seq Scan",
                                            "Parent Relationship": "Outer",
                                            "Parallel Aware": true,
                                            "Relation Name": "title",
                                            "Schema": "public",
                                            "Alias": "t",
                                            "Startup Cost": 0.0,
                                            "Total Cost": 42318.81,
                                            "Plan Rows": 632080,
                                            "Plan Width": 4,
                                            "Actual Startup Time": 0.016,
                                            "Actual Total Time": 74.537,
                                            "Actual Rows": 505662,
                                            "Actual Loops": 5,
                                            "Output": [
                                                "t.id",
                                                "t.title",
                                                "t.imdb_index",
                                                "t.kind_id",
                                                "t.production_year",
                                                "t.imdb_id",
                                                "t.phonetic_code",
                                                "t.episode_of_id",
                                                "t.season_nr",
                                                "t.episode_nr",
                                                "t.series_years",
                                                "t.md5sum"
                                            ],
                                            "Workers": [
                                                {
                                                    "Worker Number": 0,
                                                    "Actual Startup Time": 0.009,
                                                    "Actual Total Time": 76.649,
                                                    "Actual Rows": 492635,
                                                    "Actual Loops": 1
                                                },
                                                {
                                                    "Worker Number": 1,
                                                    "Actual Startup Time": 0.016,
                                                    "Actual Total Time": 76.943,
                                                    "Actual Rows": 492863,
                                                    "Actual Loops": 1
                                                },
                                                {
                                                    "Worker Number": 2,
                                                    "Actual Startup Time": 0.032,
                                                    "Actual Total Time": 77.073,
                                                    "Actual Rows": 485952,
                                                    "Actual Loops": 1
                                                },
                                                {
                                                    "Worker Number": 3,
                                                    "Actual Startup Time": 0.011,
                                                    "Actual Total Time": 77.025,
                                                    "Actual Rows": 495324,
                                                    "Actual Loops": 1
                                                }
                                            ]
                                        },
                                        {
                                            "Node Type": "Hash",
                                            "Parent Relationship": "Inner",
                                            "Parallel Aware": true,
                                            "Startup Cost": 69436.35,
                                            "Total Cost": 69436.35,
                                            "Plan Rows": 194265,
                                            "Plan Width": 8,
                                            "Actual Startup Time": 282.466,
                                            "Actual Total Time": 282.619,
                                            "Actual Rows": 44645,
                                            "Actual Loops": 5,
                                            "Output": [
                                                "mc.movie_id",
                                                "mk.movie_id"
                                            ],
                                            "Hash Buckets": 1048576,
                                            "Original Hash Buckets": 1048576,
                                            "Hash Batches": 1,
                                            "Original Hash Batches": 1,
                                            "Peak Memory Usage": 16992,
                                            "Workers": [
                                                {
                                                    "Worker Number": 0,
                                                    "Actual Startup Time": 283.819,
                                                    "Actual Total Time": 283.823,
                                                    "Actual Rows": 41483,
                                                    "Actual Loops": 1
                                                },
                                                {
                                                    "Worker Number": 1,
                                                    "Actual Startup Time": 283.695,
                                                    "Actual Total Time": 283.699,
                                                    "Actual Rows": 41982,
                                                    "Actual Loops": 1
                                                },
                                                {
                                                    "Worker Number": 2,
                                                    "Actual Startup Time": 283.903,
                                                    "Actual Total Time": 283.907,
                                                    "Actual Rows": 47907,
                                                    "Actual Loops": 1
                                                },
                                                {
                                                    "Worker Number": 3,
                                                    "Actual Startup Time": 283.975,
                                                    "Actual Total Time": 283.98,
                                                    "Actual Rows": 41543,
                                                    "Actual Loops": 1
                                                }
                                            ],
                                            "Plans": [
                                                {
                                                    "Node Type": "Hash Join",
                                                    "Parent Relationship": "Outer",
                                                    "Parallel Aware": true,
                                                    "Join Type": "Inner",
                                                    "Startup Cost": 42321.88,
                                                    "Total Cost": 69436.35,
                                                    "Plan Rows": 194265,
                                                    "Plan Width": 8,
                                                    "Actual Startup Time": 178.732,
                                                    "Actual Total Time": 259.72,
                                                    "Actual Rows": 44645,
                                                    "Actual Loops": 5,
                                                    "Output": [
                                                        "mc.movie_id",
                                                        "mk.movie_id"
                                                    ],
                                                    "Inner Unique": false,
                                                    "Hash Cond": "(mk.movie_id = mc.movie_id)",
                                                    "Workers": [
                                                        {
                                                            "Worker Number": 0,
                                                            "Actual Startup Time": 178.797,
                                                            "Actual Total Time": 259.502,
                                                            "Actual Rows": 41483,
                                                            "Actual Loops": 1
                                                        },
                                                        {
                                                            "Worker Number": 1,
                                                            "Actual Startup Time": 178.716,
                                                            "Actual Total Time": 259.573,
                                                            "Actual Rows": 41982,
                                                            "Actual Loops": 1
                                                        },
                                                        {
                                                            "Worker Number": 2,
                                                            "Actual Startup Time": 178.519,
                                                            "Actual Total Time": 260.183,
                                                            "Actual Rows": 47907,
                                                            "Actual Loops": 1
                                                        },
                                                        {
                                                            "Worker Number": 3,
                                                            "Actual Startup Time": 178.787,
                                                            "Actual Total Time": 259.137,
                                                            "Actual Rows": 41543,
                                                            "Actual Loops": 1
                                                        }
                                                    ],
                                                    "Plans": [
                                                        {
                                                            "Node Type": "Bitmap Heap Scan",
                                                            "Parent Relationship": "Outer",
                                                            "Parallel Aware": true,
                                                            "Relation Name": "movie_keyword",
                                                            "Schema": "public",
                                                            "Alias": "mk",
                                                            "Startup Cost": 7644.57,
                                                            "Total Cost": 33551.3,
                                                            "Plan Rows": 116218,
                                                            "Plan Width": 4,
                                                            "Actual Startup Time": 44.116,
                                                            "Actual Total Time": 95.972,
                                                            "Actual Rows": 72657,
                                                            "Actual Loops": 5,
                                                            "Output": [
                                                                "mk.id",
                                                                "mk.movie_id",
                                                                "mk.keyword_id"
                                                            ],
                                                            "Recheck Cond": "(mk.keyword_id < 334)",
                                                            "Rows Removed by Index Recheck": 0,
                                                            "Exact Heap Blocks": 5493,
                                                            "Lossy Heap Blocks": 0,
                                                            "Workers": [
                                                                {
                                                                    "Worker Number": 0,
                                                                    "Actual Startup Time": 44.124,
                                                                    "Actual Total Time": 97.018,
                                                                    "Actual Rows": 67952,
                                                                    "Actual Loops": 1
                                                                },
                                                                {
                                                                    "Worker Number": 1,
                                                                    "Actual Startup Time": 44.051,
                                                                    "Actual Total Time": 96.72,
                                                                    "Actual Rows": 67457,
                                                                    "Actual Loops": 1
                                                                },
                                                                {
                                                                    "Worker Number": 2,
                                                                    "Actual Startup Time": 44.024,
                                                                    "Actual Total Time": 97.336,
                                                                    "Actual Rows": 78152,
                                                                    "Actual Loops": 1
                                                                },
                                                                {
                                                                    "Worker Number": 3,
                                                                    "Actual Startup Time": 44.317,
                                                                    "Actual Total Time": 97.046,
                                                                    "Actual Rows": 67841,
                                                                    "Actual Loops": 1
                                                                }
                                                            ],
                                                            "Plans": [
                                                                {
                                                                    "Node Type": "Bitmap Index Scan",
                                                                    "Parent Relationship": "Outer",
                                                                    "Parallel Aware": false,
                                                                    "Index Name": "keyword_id_movie_keyword",
                                                                    "Startup Cost": 0.0,
                                                                    "Total Cost": 7554.5,
                                                                    "Plan Rows": 360276,
                                                                    "Plan Width": 0,
                                                                    "Actual Startup Time": 38.349,
                                                                    "Actual Total Time": 38.35,
                                                                    "Actual Rows": 363285,
                                                                    "Actual Loops": 1,
                                                                    "Index Cond": "(mk.keyword_id < 334)",
                                                                    "Workers": [
                                                                        {
                                                                            "Worker Number": 2,
                                                                            "Actual Startup Time": 38.349,
                                                                            "Actual Total Time": 38.35,
                                                                            "Actual Rows": 363285,
                                                                            "Actual Loops": 1
                                                                        }
                                                                    ]
                                                                }
                                                            ]
                                                        },
                                                        {
                                                            "Node Type": "Hash",
                                                            "Parent Relationship": "Inner",
                                                            "Parallel Aware": true,
                                                            "Startup Cost": 31414.82,
                                                            "Total Cost": 31414.82,
                                                            "Plan Rows": 260999,
                                                            "Plan Width": 4,
                                                            "Actual Startup Time": 132.26,
                                                            "Actual Total Time": 132.261,
                                                            "Actual Rows": 101477,
                                                            "Actual Loops": 5,
                                                            "Output": [
                                                                "mc.movie_id"
                                                            ],
                                                            "Hash Buckets": 1048576,
                                                            "Original Hash Buckets": 1048576,
                                                            "Hash Batches": 1,
                                                            "Original Hash Batches": 1,
                                                            "Peak Memory Usage": 28096,
                                                            "Workers": [
                                                                {
                                                                    "Worker Number": 0,
                                                                    "Actual Startup Time": 134.391,
                                                                    "Actual Total Time": 134.392,
                                                                    "Actual Rows": 99535,
                                                                    "Actual Loops": 1
                                                                },
                                                                {
                                                                    "Worker Number": 1,
                                                                    "Actual Startup Time": 134.386,
                                                                    "Actual Total Time": 134.386,
                                                                    "Actual Rows": 101431,
                                                                    "Actual Loops": 1
                                                                },
                                                                {
                                                                    "Worker Number": 2,
                                                                    "Actual Startup Time": 134.407,
                                                                    "Actual Total Time": 134.409,
                                                                    "Actual Rows": 100004,
                                                                    "Actual Loops": 1
                                                                },
                                                                {
                                                                    "Worker Number": 3,
                                                                    "Actual Startup Time": 134.358,
                                                                    "Actual Total Time": 134.36,
                                                                    "Actual Rows": 100484,
                                                                    "Actual Loops": 1
                                                                }
                                                            ],
                                                            "Plans": [
                                                                {
                                                                    "Node Type": "Seq Scan",
                                                                    "Parent Relationship": "Outer",
                                                                    "Parallel Aware": true,
                                                                    "Relation Name": "movie_companies",
                                                                    "Schema": "public",
                                                                    "Alias": "mc",
                                                                    "Startup Cost": 0.0,
                                                                    "Total Cost": 31414.82,
                                                                    "Plan Rows": 260999,
                                                                    "Plan Width": 4,
                                                                    "Actual Startup Time": 47.849,
                                                                    "Actual Total Time": 87.319,
                                                                    "Actual Rows": 101477,
                                                                    "Actual Loops": 5,
                                                                    "Output": [
                                                                        "mc.movie_id"
                                                                    ],
                                                                    "Filter": "((mc.company_id < 15820) AND (mc.company_type_id = 2))",
                                                                    "Rows Removed by Filter": 420348,
                                                                    "Workers": [
                                                                        {
                                                                            "Worker Number": 0,
                                                                            "Actual Startup Time": 47.859,
                                                                            "Actual Total Time": 88.022,
                                                                            "Actual Rows": 99535,
                                                                            "Actual Loops": 1
                                                                        },
                                                                        {
                                                                            "Worker Number": 1,
                                                                            "Actual Startup Time": 47.84,
                                                                            "Actual Total Time": 88.055,
                                                                            "Actual Rows": 101431,
                                                                            "Actual Loops": 1
                                                                        },
                                                                        {
                                                                            "Worker Number": 2,
                                                                            "Actual Startup Time": 47.835,
                                                                            "Actual Total Time": 87.949,
                                                                            "Actual Rows": 100004,
                                                                            "Actual Loops": 1
                                                                        },
                                                                        {
                                                                            "Worker Number": 3,
                                                                            "Actual Startup Time": 47.819,
                                                                            "Actual Total Time": 87.773,
                                                                            "Actual Rows": 100484,
                                                                            "Actual Loops": 1
                                                                        }
                                                                    ]
                                                                }
                                                            ]
                                                        }
                                                    ]
                                                }
                                            ]
                                        }
                                    ]
                                }
                            ]
                        }
                    ]
                }
            ]
        },
        "Planning Time": 503.86,
        "Triggers": [],
        "Execution Time": 492.119
    }
]