[
    {
        "Bao": {
            "Bao prediction": "NaN",
            "Bao recommended hint": "(no hint)"
        }
    },
    {
        "Plan": {
            "Node Type": "Aggregate",
            "Strategy": "Plain",
            "Partial Mode": "Finalize",
            "Parallel Aware": false,
            "Startup Cost": 343757.31,
            "Total Cost": 343757.32,
            "Plan Rows": 1,
            "Plan Width": 8,
            "Actual Startup Time": 864.27,
            "Actual Total Time": 893.945,
            "Actual Rows": 1,
            "Actual Loops": 1,
            "Output": [
                "count(*)"
            ],
            "Plans": [
                {
                    "Node Type": "Gather",
                    "Parent Relationship": "Outer",
                    "Parallel Aware": false,
                    "Startup Cost": 343756.68,
                    "Total Cost": 343757.29,
                    "Plan Rows": 6,
                    "Plan Width": 8,
                    "Actual Startup Time": 864.171,
                    "Actual Total Time": 893.938,
                    "Actual Rows": 7,
                    "Actual Loops": 1,
                    "Output": [
                        "(PARTIAL count(*))"
                    ],
                    "Workers Planned": 6,
                    "Workers Launched": 6,
                    "Single Copy": false,
                    "Plans": [
                        {
                            "Node Type": "Aggregate",
                            "Strategy": "Plain",
                            "Partial Mode": "Partial",
                            "Parent Relationship": "Outer",
                            "Parallel Aware": false,
                            "Startup Cost": 342756.68,
                            "Total Cost": 342756.69,
                            "Plan Rows": 1,
                            "Plan Width": 8,
                            "Actual Startup Time": 854.482,
                            "Actual Total Time": 854.483,
                            "Actual Rows": 1,
                            "Actual Loops": 7,
                            "Output": [
                                "PARTIAL count(*)"
                            ],
                            "Workers": [
                                {
                                    "Worker Number": 0,
                                    "Actual Startup Time": 852.278,
                                    "Actual Total Time": 852.279,
                                    "Actual Rows": 1,
                                    "Actual Loops": 1
                                },
                                {
                                    "Worker Number": 1,
                                    "Actual Startup Time": 852.654,
                                    "Actual Total Time": 852.655,
                                    "Actual Rows": 1,
                                    "Actual Loops": 1
                                },
                                {
                                    "Worker Number": 2,
                                    "Actual Startup Time": 852.888,
                                    "Actual Total Time": 852.889,
                                    "Actual Rows": 1,
                                    "Actual Loops": 1
                                },
                                {
                                    "Worker Number": 3,
                                    "Actual Startup Time": 853.107,
                                    "Actual Total Time": 853.108,
                                    "Actual Rows": 1,
                                    "Actual Loops": 1
                                },
                                {
                                    "Worker Number": 4,
                                    "Actual Startup Time": 853.26,
                                    "Actual Total Time": 853.261,
                                    "Actual Rows": 1,
                                    "Actual Loops": 1
                                },
                                {
                                    "Worker Number": 5,
                                    "Actual Startup Time": 853.384,
                                    "Actual Total Time": 853.385,
                                    "Actual Rows": 1,
                                    "Actual Loops": 1
                                }
                            ],
                            "Plans": [
                                {
                                    "Node Type": "Seq Scan",
                                    "Parent Relationship": "Outer",
                                    "Parallel Aware": true,
                                    "Relation Name": "cast_info",
                                    "Schema": "public",
                                    "Alias": "ci",
                                    "Startup Cost": 0.0,
                                    "Total Cost": 328213.62,
                                    "Plan Rows": 5817227,
                                    "Plan Width": 0,
                                    "Actual Startup Time": 22.79,
                                    "Actual Total Time": 621.281,
                                    "Actual Rows": 4980899,
                                    "Actual Loops": 7,
                                    "Output": [
                                        "id",
                                        "person_id",
                                        "movie_id",
                                        "person_role_id",
                                        "note",
                                        "nr_order",
                                        "role_id"
                                    ],
                                    "Filter": "(ci.person_id > 137861)",
                                    "Rows Removed by Filter": 196865,
                                    "Workers": [
                                        {
                                            "Worker Number": 0,
                                            "Actual Startup Time": 20.588,
                                            "Actual Total Time": 626.794,
                                            "Actual Rows": 5515962,
                                            "Actual Loops": 1
                                        },
                                        {
                                            "Worker Number": 1,
                                            "Actual Startup Time": 20.975,
                                            "Actual Total Time": 627.244,
                                            "Actual Rows": 5511285,
                                            "Actual Loops": 1
                                        },
                                        {
                                            "Worker Number": 2,
                                            "Actual Startup Time": 21.173,
                                            "Actual Total Time": 622.845,
                                            "Actual Rows": 3489415,
                                            "Actual Loops": 1
                                        },
                                        {
                                            "Worker Number": 3,
                                            "Actual Startup Time": 21.407,
                                            "Actual Total Time": 622.765,
                                            "Actual Rows": 3482551,
                                            "Actual Loops": 1
                                        },
                                        {
                                            "Worker Number": 4,
                                            "Actual Startup Time": 21.576,
                                            "Actual Total Time": 637.76,
                                            "Actual Rows": 5229622,
                                            "Actual Loops": 1
                                        },
                                        {
                                            "Worker Number": 5,
                                            "Actual Startup Time": 21.711,
                                            "Actual Total Time": 638.616,
                                            "Actual Rows": 5219735,
                                            "Actual Loops": 1
                                        }
                                    ]
                                }
                            ]
                        }
                    ]
                }
            ]
        },
        "Planning Time": 177.345,
        "Triggers": [],
        "Execution Time": 894.0
    }
]