[
  {
    "Plan": {
      "Node Type": "Aggregate",
      "Strategy": "Plain",
      "Partial Mode": "Finalize",
      "Parallel Aware": false,
      "Startup Cost": 48301.83,
      "Total Cost": 48301.84,
      "Plan Rows": 1,
      "Plan Width": 8,
      "Actual Startup Time": 49.401,
      "Actual Total Time": 55.173,
      "Actual Rows": 1,
      "Actual Loops": 1,
      "Plans": [
        {
          "Node Type": "Gather",
          "Parent Relationship": "Outer",
          "Parallel Aware": false,
          "Startup Cost": 48301.41,
          "Total Cost": 48301.82,
          "Plan Rows": 4,
          "Plan Width": 8,
          "Actual Startup Time": 49.19,
          "Actual Total Time": 55.167,
          "Actual Rows": 5,
          "Actual Loops": 1,
          "Workers Planned": 4,
          "Workers Launched": 4,
          "Single Copy": false,
          "Plans": [
            {
              "Node Type": "Aggregate",
              "Strategy": "Plain",
              "Partial Mode": "Partial",
              "Parent Relationship": "Outer",
              "Parallel Aware": false,
              "Startup Cost": 47301.41,
              "Total Cost": 47301.42,
              "Plan Rows": 1,
              "Plan Width": 8,
              "Actual Startup Time": 44.106,
              "Actual Total Time": 44.108,
              "Actual Rows": 1,
              "Actual Loops": 5,
              "Plans": [
                {
                  "Node Type": "Nested Loop",
                  "Parent Relationship": "Outer",
                  "Parallel Aware": false,
                  "Join Type": "Inner",
                  "Startup Cost": 2108.02,
                  "Total Cost": 47299.95,
                  "Plan Rows": 584,
                  "Plan Width": 0,
                  "Actual Startup Time": 5.841,
                  "Actual Total Time": 43.867,
                  "Actual Rows": 2619,
                  "Actual Loops": 5,
                  "Inner Unique": false,
                  "Plans": [
                    {
                      "Node Type": "Bitmap Heap Scan",
                      "Parent Relationship": "Outer",
                      "Parallel Aware": true,
                      "Relation Name": "title",
                      "Alias": "t",
                      "Startup Cost": 2107.59,
                      "Total Cost": 38548.68,
                      "Plan Rows": 985,
                      "Plan Width": 4,
                      "Actual Startup Time": 5.555,
                      "Actual Total Time": 25.436,
                      "Actual Rows": 1545,
                      "Actual Loops": 5,
                      "Recheck Cond": "(kind_id = 4)",
                      "Rows Removed by Index Recheck": 0,
                      "Filter": "(production_year = 2004)",
                      "Rows Removed by Filter": 22101,
                      "Exact Heap Blocks": 6056,
                      "Lossy Heap Blocks": 0,
                      "Plans": [
                        {
                          "Node Type": "Bitmap Index Scan",
                          "Parent Relationship": "Outer",
                          "Parallel Aware": false,
                          "Index Name": "kind_id_title",
                          "Startup Cost": 0.0,
                          "Total Cost": 2106.61,
                          "Plan Rows": 118157,
                          "Plan Width": 0,
                          "Actual Startup Time": 7.56,
                          "Actual Total Time": 7.561,
                          "Actual Rows": 118234,
                          "Actual Loops": 1,
                          "Index Cond": "(kind_id = 4)"
                        }
                      ]
                    },
                    {
                      "Node Type": "Index Scan",
                      "Parent Relationship": "Inner",
                      "Parallel Aware": false,
                      "Scan Direction": "Forward",
                      "Index Name": "movie_id_movie_keyword",
                      "Relation Name": "movie_keyword",
                      "Alias": "mk",
                      "Startup Cost": 0.43,
                      "Total Cost": 8.73,
                      "Plan Rows": 15,
                      "Plan Width": 4,
                      "Actual Startup Time": 0.011,
                      "Actual Total Time": 0.011,
                      "Actual Rows": 2,
                      "Actual Loops": 7727,
                      "Index Cond": "(movie_id = t.id)",
                      "Rows Removed by Index Recheck": 0,
                      "Filter": "(keyword_id > 11136)",
                      "Rows Removed by Filter": 2
                    }
                  ]
                }
              ]
            }
          ]
        }
      ]
    },
    "Planning Time": 0.29,
    "Triggers": [],
    "Execution Time": 55.218
  }
]