[
    {
        "Bao": {
            "Bao prediction": "NaN",
            "Bao recommended hint": "(no hint)"
        }
    },
    {
        "Plan": {
            "Node Type": "Aggregate",
            "Strategy": "Plain",
            "Partial Mode": "Finalize",
            "Parallel Aware": false,
            "Startup Cost": 33189.14,
            "Total Cost": 33189.15,
            "Plan Rows": 1,
            "Plan Width": 8,
            "Actual Startup Time": 96.471,
            "Actual Total Time": 101.622,
            "Actual Rows": 1,
            "Actual Loops": 1,
            "Output": [
                "count(*)"
            ],
            "Plans": [
                {
                    "Node Type": "Gather",
                    "Parent Relationship": "Outer",
                    "Parallel Aware": false,
                    "Startup Cost": 33188.82,
                    "Total Cost": 33189.13,
                    "Plan Rows": 3,
                    "Plan Width": 8,
                    "Actual Startup Time": 96.362,
                    "Actual Total Time": 101.615,
                    "Actual Rows": 4,
                    "Actual Loops": 1,
                    "Output": [
                        "(PARTIAL count(*))"
                    ],
                    "Workers Planned": 3,
                    "Workers Launched": 3,
                    "Single Copy": false,
                    "Plans": [
                        {
                            "Node Type": "Aggregate",
                            "Strategy": "Plain",
                            "Partial Mode": "Partial",
                            "Parent Relationship": "Outer",
                            "Parallel Aware": false,
                            "Startup Cost": 32188.82,
                            "Total Cost": 32188.83,
                            "Plan Rows": 1,
                            "Plan Width": 8,
                            "Actual Startup Time": 88.32,
                            "Actual Total Time": 88.321,
                            "Actual Rows": 1,
                            "Actual Loops": 4,
                            "Output": [
                                "PARTIAL count(*)"
                            ],
                            "Workers": [
                                {
                                    "Worker Number": 0,
                                    "Actual Startup Time": 85.514,
                                    "Actual Total Time": 85.516,
                                    "Actual Rows": 1,
                                    "Actual Loops": 1
                                },
                                {
                                    "Worker Number": 1,
                                    "Actual Startup Time": 85.591,
                                    "Actual Total Time": 85.592,
                                    "Actual Rows": 1,
                                    "Actual Loops": 1
                                },
                                {
                                    "Worker Number": 2,
                                    "Actual Startup Time": 86.056,
                                    "Actual Total Time": 86.057,
                                    "Actual Rows": 1,
                                    "Actual Loops": 1
                                }
                            ],
                            "Plans": [
                                {
                                    "Node Type": "Seq Scan",
                                    "Parent Relationship": "Outer",
                                    "Parallel Aware": true,
                                    "Relation Name": "movie_companies",
                                    "Schema": "public",
                                    "Alias": "mc",
                                    "Startup Cost": 0.0,
                                    "Total Cost": 31414.82,
                                    "Plan Rows": 309602,
                                    "Plan Width": 0,
                                    "Actual Startup Time": 41.29,
                                    "Actual Total Time": 76.647,
                                    "Actual Rows": 281248,
                                    "Actual Loops": 4,
                                    "Output": [
                                        "id",
                                        "movie_id",
                                        "company_id",
                                        "company_type_id",
                                        "note"
                                    ],
                                    "Filter": "((mc.company_id > 1402) AND (mc.company_type_id = 2))",
                                    "Rows Removed by Filter": 371034,
                                    "Workers": [
                                        {
                                            "Worker Number": 0,
                                            "Actual Startup Time": 38.486,
                                            "Actual Total Time": 74.017,
                                            "Actual Rows": 268977,
                                            "Actual Loops": 1
                                        },
                                        {
                                            "Worker Number": 1,
                                            "Actual Startup Time": 38.56,
                                            "Actual Total Time": 74.075,
                                            "Actual Rows": 269840,
                                            "Actual Loops": 1
                                        },
                                        {
                                            "Worker Number": 2,
                                            "Actual Startup Time": 39.024,
                                            "Actual Total Time": 74.686,
                                            "Actual Rows": 268774,
                                            "Actual Loops": 1
                                        }
                                    ]
                                }
                            ]
                        }
                    ]
                }
            ]
        },
        "Planning Time": 187.125,
        "Triggers": [],
        "Execution Time": 101.661
    }
]