[
  {
    "Plan": {
      "Node Type": "Aggregate",
      "Strategy": "Plain",
      "Partial Mode": "Finalize",
      "Parallel Aware": false,
      "Startup Cost": 32703.68,
      "Total Cost": 32703.69,
      "Plan Rows": 1,
      "Plan Width": 8,
      "Actual Startup Time": 69.236,
      "Actual Total Time": 76.584,
      "Actual Rows": 1,
      "Actual Loops": 1,
      "Plans": [
        {
          "Node Type": "Gather",
          "Parent Relationship": "Outer",
          "Parallel Aware": false,
          "Startup Cost": 32703.37,
          "Total Cost": 32703.68,
          "Plan Rows": 3,
          "Plan Width": 8,
          "Actual Startup Time": 69.094,
          "Actual Total Time": 76.578,
          "Actual Rows": 4,
          "Actual Loops": 1,
          "Workers Planned": 3,
          "Workers Launched": 3,
          "Single Copy": false,
          "Plans": [
            {
              "Node Type": "Aggregate",
              "Strategy": "Plain",
              "Partial Mode": "Partial",
              "Parent Relationship": "Outer",
              "Parallel Aware": false,
              "Startup Cost": 31703.37,
              "Total Cost": 31703.38,
              "Plan Rows": 1,
              "Plan Width": 8,
              "Actual Startup Time": 63.851,
              "Actual Total Time": 63.852,
              "Actual Rows": 1,
              "Actual Loops": 4,
              "Plans": [
                {
                  "Node Type": "Seq Scan",
                  "Parent Relationship": "Outer",
                  "Parallel Aware": true,
                  "Relation Name": "movie_companies",
                  "Alias": "mc",
                  "Startup Cost": 0.0,
                  "Total Cost": 31414.82,
                  "Plan Rows": 115419,
                  "Plan Width": 0,
                  "Actual Startup Time": 19.485,
                  "Actual Total Time": 63.29,
                  "Actual Rows": 10491,
                  "Actual Loops": 4,
                  "Filter": "((company_id > 41375) AND (company_type_id < 2))",
                  "Rows Removed by Filter": 641791
                }
              ]
            }
          ]
        }
      ]
    },
    "Planning Time": 0.088,
    "Triggers": [],
    "Execution Time": 76.607
  }
]