[
    {
        "Bao": {
            "Bao prediction": "NaN",
            "Bao recommended hint": "(no hint)"
        }
    },
    {
        "Plan": {
            "Node Type": "Aggregate",
            "Strategy": "Plain",
            "Partial Mode": "Finalize",
            "Parallel Aware": false,
            "Startup Cost": 346717.67,
            "Total Cost": 346717.68,
            "Plan Rows": 1,
            "Plan Width": 8,
            "Actual Startup Time": 676.897,
            "Actual Total Time": 716.866,
            "Actual Rows": 1,
            "Actual Loops": 1,
            "Output": [
                "count(*)"
            ],
            "Plans": [
                {
                    "Node Type": "Gather",
                    "Parent Relationship": "Outer",
                    "Parallel Aware": false,
                    "Startup Cost": 346717.05,
                    "Total Cost": 346717.66,
                    "Plan Rows": 6,
                    "Plan Width": 8,
                    "Actual Startup Time": 676.803,
                    "Actual Total Time": 716.858,
                    "Actual Rows": 7,
                    "Actual Loops": 1,
                    "Output": [
                        "(PARTIAL count(*))"
                    ],
                    "Workers Planned": 6,
                    "Workers Launched": 6,
                    "Single Copy": false,
                    "Plans": [
                        {
                            "Node Type": "Aggregate",
                            "Strategy": "Plain",
                            "Partial Mode": "Partial",
                            "Parent Relationship": "Outer",
                            "Parallel Aware": false,
                            "Startup Cost": 345717.05,
                            "Total Cost": 345717.06,
                            "Plan Rows": 1,
                            "Plan Width": 8,
                            "Actual Startup Time": 666.85,
                            "Actual Total Time": 666.851,
                            "Actual Rows": 1,
                            "Actual Loops": 7,
                            "Output": [
                                "PARTIAL count(*)"
                            ],
                            "Workers": [
                                {
                                    "Worker Number": 0,
                                    "Actual Startup Time": 664.653,
                                    "Actual Total Time": 664.654,
                                    "Actual Rows": 1,
                                    "Actual Loops": 1
                                },
                                {
                                    "Worker Number": 1,
                                    "Actual Startup Time": 664.72,
                                    "Actual Total Time": 664.721,
                                    "Actual Rows": 1,
                                    "Actual Loops": 1
                                },
                                {
                                    "Worker Number": 2,
                                    "Actual Startup Time": 664.723,
                                    "Actual Total Time": 664.724,
                                    "Actual Rows": 1,
                                    "Actual Loops": 1
                                },
                                {
                                    "Worker Number": 3,
                                    "Actual Startup Time": 665.725,
                                    "Actual Total Time": 665.726,
                                    "Actual Rows": 1,
                                    "Actual Loops": 1
                                },
                                {
                                    "Worker Number": 4,
                                    "Actual Startup Time": 665.891,
                                    "Actual Total Time": 665.892,
                                    "Actual Rows": 1,
                                    "Actual Loops": 1
                                },
                                {
                                    "Worker Number": 5,
                                    "Actual Startup Time": 665.885,
                                    "Actual Total Time": 665.886,
                                    "Actual Rows": 1,
                                    "Actual Loops": 1
                                }
                            ],
                            "Plans": [
                                {
                                    "Node Type": "Seq Scan",
                                    "Parent Relationship": "Outer",
                                    "Parallel Aware": true,
                                    "Relation Name": "cast_info",
                                    "Schema": "public",
                                    "Alias": "ci",
                                    "Startup Cost": 0.0,
                                    "Total Cost": 343318.94,
                                    "Plan Rows": 959244,
                                    "Plan Width": 0,
                                    "Actual Startup Time": 317.755,
                                    "Actual Total Time": 601.45,
                                    "Actual Rows": 1502849,
                                    "Actual Loops": 7,
                                    "Output": [
                                        "id",
                                        "person_id",
                                        "movie_id",
                                        "person_role_id",
                                        "note",
                                        "nr_order",
                                        "role_id"
                                    ],
                                    "Filter": "((ci.person_id > 2360287) AND (ci.role_id > 2))",
                                    "Rows Removed by Filter": 3674915,
                                    "Workers": [
                                        {
                                            "Worker Number": 0,
                                            "Actual Startup Time": 315.564,
                                            "Actual Total Time": 600.441,
                                            "Actual Rows": 1537897,
                                            "Actual Loops": 1
                                        },
                                        {
                                            "Worker Number": 1,
                                            "Actual Startup Time": 315.625,
                                            "Actual Total Time": 600.72,
                                            "Actual Rows": 1536416,
                                            "Actual Loops": 1
                                        },
                                        {
                                            "Worker Number": 2,
                                            "Actual Startup Time": 315.614,
                                            "Actual Total Time": 600.994,
                                            "Actual Rows": 1526374,
                                            "Actual Loops": 1
                                        },
                                        {
                                            "Worker Number": 3,
                                            "Actual Startup Time": 316.626,
                                            "Actual Total Time": 602.597,
                                            "Actual Rows": 1521379,
                                            "Actual Loops": 1
                                        },
                                        {
                                            "Worker Number": 4,
                                            "Actual Startup Time": 316.804,
                                            "Actual Total Time": 603.168,
                                            "Actual Rows": 1521560,
                                            "Actual Loops": 1
                                        },
                                        {
                                            "Worker Number": 5,
                                            "Actual Startup Time": 316.806,
                                            "Actual Total Time": 599.916,
                                            "Actual Rows": 971514,
                                            "Actual Loops": 1
                                        }
                                    ]
                                }
                            ]
                        }
                    ]
                }
            ]
        },
        "Planning Time": 204.3,
        "Triggers": [],
        "Execution Time": 716.935
    }
]