{
  "Plan": {
    "Node Type": "Aggregate",
    "Strategy": "Plain",
    "Partial Mode": "Finalize",
    "Parallel Aware": false,
    "Startup Cost": 136582.69,
    "Total Cost": 136582.7,
    "Plan Rows": 1,
    "Plan Width": 8,
    "Actual Startup Time": 508.283,
    "Actual Total Time": 561.588,
    "Actual Rows": 1,
    "Actual Loops": 1,
    "Plans": [
      {
        "Node Type": "Gather",
        "Parent Relationship": "Outer",
        "Parallel Aware": false,
        "Startup Cost": 136582.58,
        "Total Cost": 136582.69,
        "Plan Rows": 1,
        "Plan Width": 8,
        "Actual Startup Time": 508.07,
        "Actual Total Time": 561.58,
        "Actual Rows": 2,
        "Actual Loops": 1,
        "Workers Planned": 1,
        "Workers Launched": 1,
        "Single Copy": false,
        "Plans": [
          {
            "Node Type": "Aggregate",
            "Strategy": "Plain",
            "Partial Mode": "Partial",
            "Parent Relationship": "Outer",
            "Parallel Aware": false,
            "Startup Cost": 135582.58,
            "Total Cost": 135582.59,
            "Plan Rows": 1,
            "Plan Width": 8,
            "Actual Startup Time": 504.045,
            "Actual Total Time": 504.048,
            "Actual Rows": 1,
            "Actual Loops": 2,
            "Plans": [
              {
                "Node Type": "Nested Loop",
                "Parent Relationship": "Outer",
                "Parallel Aware": false,
                "Join Type": "Inner",
                "Startup Cost": 59090.98,
                "Total Cost": 135169.88,
                "Plan Rows": 165079,
                "Plan Width": 0,
                "Actual Startup Time": 149.033,
                "Actual Total Time": 493.689,
                "Actual Rows": 203462,
                "Actual Loops": 2,
                "Inner Unique": false,
                "Join Filter": "(t.id = ci.movie_id)",
                "Rows Removed by Join Filter": 0,
                "Plans": [
                  {
                    "Node Type": "Hash Join",
                    "Parent Relationship": "Outer",
                    "Parallel Aware": true,
                    "Join Type": "Inner",
                    "Startup Cost": 59090.42,
                    "Total Cost": 77889.87,
                    "Plan Rows": 11521,
                    "Plan Width": 8,
                    "Actual Startup Time": 148.966,
                    "Actual Total Time": 236.894,
                    "Actual Rows": 5692,
                    "Actual Loops": 2,
                    "Inner Unique": true,
                    "Hash Cond": "(mi_idx.movie_id = t.id)",
                    "Plans": [
                      {
                        "Node Type": "Seq Scan",
                        "Parent Relationship": "Outer",
                        "Parallel Aware": true,
                        "Relation Name": "movie_info_idx",
                        "Alias": "mi_idx",
                        "Startup Cost": 0.0,
                        "Total Cost": 18082.32,
                        "Plan Rows": 273193,
                        "Plan Width": 4,
                        "Actual Startup Time": 0.019,
                        "Actual Total Time": 47.516,
                        "Actual Rows": 229962,
                        "Actual Loops": 2,
                        "Filter": "(info_type_id = 100)",
                        "Rows Removed by Filter": 460055
                      },
                      {
                        "Node Type": "Hash",
                        "Parent Relationship": "Inner",
                        "Parallel Aware": true,
                        "Startup Cost": 58306.47,
                        "Total Cost": 58306.47,
                        "Plan Rows": 62716,
                        "Plan Width": 4,
                        "Actual Startup Time": 146.924,
                        "Actual Total Time": 146.925,
                        "Actual Rows": 54256,
                        "Actual Loops": 2,
                        "Hash Buckets": 131072,
                        "Original Hash Buckets": 131072,
                        "Hash Batches": 1,
                        "Original Hash Batches": 1,
                        "Peak Memory Usage": 5312,
                        "Plans": [
                          {
                            "Node Type": "Seq Scan",
                            "Parent Relationship": "Outer",
                            "Parallel Aware": true,
                            "Relation Name": "title",
                            "Alias": "t",
                            "Startup Cost": 0.0,
                            "Total Cost": 58306.47,
                            "Plan Rows": 62716,
                            "Plan Width": 4,
                            "Actual Startup Time": 0.024,
                            "Actual Total Time": 133.283,
                            "Actual Rows": 54256,
                            "Actual Loops": 2,
                            "Filter": "((kind_id > 1) AND (production_year = 2010))",
                            "Rows Removed by Filter": 1209900
                          }
                        ]
                      }
                    ]
                  },
                  {
                    "Node Type": "Index Only Scan",
                    "Parent Relationship": "Inner",
                    "Parallel Aware": false,
                    "Scan Direction": "Forward",
                    "Index Name": "movie_id_cast_info",
                    "Relation Name": "cast_info",
                    "Alias": "ci",
                    "Startup Cost": 0.56,
                    "Total Cost": 4.51,
                    "Plan Rows": 37,
                    "Plan Width": 4,
                    "Actual Startup Time": 0.006,
                    "Actual Total Time": 0.042,
                    "Actual Rows": 36,
                    "Actual Loops": 11384,
                    "Index Cond": "(movie_id = mi_idx.movie_id)",
                    "Rows Removed by Index Recheck": 0,
                    "Heap Fetches": 406924
                  }
                ]
              }
            ]
          }
        ]
      }
    ]
  },
  "Planning Time": 0.926,
  "Triggers": [],
  "Execution Time": 561.691
}