[
  {
    "Plan": {
      "Node Type": "Aggregate",
      "Strategy": "Plain",
      "Partial Mode": "Finalize",
      "Parallel Aware": false,
      "Startup Cost": 45219.55,
      "Total Cost": 45219.56,
      "Plan Rows": 1,
      "Plan Width": 8,
      "Actual Startup Time": 128.418,
      "Actual Total Time": 135.741,
      "Actual Rows": 1,
      "Actual Loops": 1,
      "Plans": [
        {
          "Node Type": "Gather",
          "Parent Relationship": "Outer",
          "Parallel Aware": false,
          "Startup Cost": 45219.23,
          "Total Cost": 45219.54,
          "Plan Rows": 3,
          "Plan Width": 8,
          "Actual Startup Time": 128.314,
          "Actual Total Time": 135.734,
          "Actual Rows": 4,
          "Actual Loops": 1,
          "Workers Planned": 3,
          "Workers Launched": 3,
          "Single Copy": false,
          "Plans": [
            {
              "Node Type": "Aggregate",
              "Strategy": "Plain",
              "Partial Mode": "Partial",
              "Parent Relationship": "Outer",
              "Parallel Aware": false,
              "Startup Cost": 44219.23,
              "Total Cost": 44219.24,
              "Plan Rows": 1,
              "Plan Width": 8,
              "Actual Startup Time": 122.666,
              "Actual Total Time": 122.668,
              "Actual Rows": 1,
              "Actual Loops": 4,
              "Plans": [
                {
                  "Node Type": "Seq Scan",
                  "Parent Relationship": "Outer",
                  "Parallel Aware": true,
                  "Relation Name": "movie_keyword",
                  "Alias": "mk",
                  "Startup Cost": 0.0,
                  "Total Cost": 42695.65,
                  "Plan Rows": 609432,
                  "Plan Width": 0,
                  "Actual Startup Time": 0.04,
                  "Actual Total Time": 101.494,
                  "Actual Rows": 473379,
                  "Actual Loops": 4,
                  "Filter": "(keyword_id < 3237)",
                  "Rows Removed by Filter": 657604
                }
              ]
            }
          ]
        }
      ]
    },
    "Planning Time": 0.16,
    "Triggers": [],
    "Execution Time": 135.812
  }
]