[
  {
    "Plan": {
      "Node Type": "Aggregate",
      "Strategy": "Plain",
      "Partial Mode": "Finalize",
      "Parallel Aware": false,
      "Startup Cost": 45078.05,
      "Total Cost": 45078.06,
      "Plan Rows": 1,
      "Plan Width": 8,
      "Actual Startup Time": 128.071,
      "Actual Total Time": 138.199,
      "Actual Rows": 1,
      "Actual Loops": 1,
      "Plans": [
        {
          "Node Type": "Gather",
          "Parent Relationship": "Outer",
          "Parallel Aware": false,
          "Startup Cost": 45077.73,
          "Total Cost": 45078.04,
          "Plan Rows": 3,
          "Plan Width": 8,
          "Actual Startup Time": 127.892,
          "Actual Total Time": 138.189,
          "Actual Rows": 4,
          "Actual Loops": 1,
          "Workers Planned": 3,
          "Workers Launched": 3,
          "Single Copy": false,
          "Plans": [
            {
              "Node Type": "Aggregate",
              "Strategy": "Plain",
              "Partial Mode": "Partial",
              "Parent Relationship": "Outer",
              "Parallel Aware": false,
              "Startup Cost": 44077.73,
              "Total Cost": 44077.74,
              "Plan Rows": 1,
              "Plan Width": 8,
              "Actual Startup Time": 123.636,
              "Actual Total Time": 123.637,
              "Actual Rows": 1,
              "Actual Loops": 4,
              "Plans": [
                {
                  "Node Type": "Seq Scan",
                  "Parent Relationship": "Outer",
                  "Parallel Aware": true,
                  "Relation Name": "movie_keyword",
                  "Alias": "mk",
                  "Startup Cost": 0.0,
                  "Total Cost": 42695.65,
                  "Plan Rows": 552831,
                  "Plan Width": 0,
                  "Actual Startup Time": 1.031,
                  "Actual Total Time": 104.969,
                  "Actual Rows": 426514,
                  "Actual Loops": 4,
                  "Filter": "(keyword_id > 8431)",
                  "Rows Removed by Filter": 704468
                }
              ]
            }
          ]
        }
      ]
    },
    "Planning Time": 0.145,
    "Triggers": [],
    "Execution Time": 138.238
  }
]