{
  "Plan": {
    "Node Type": "Aggregate",
    "Strategy": "Plain",
    "Partial Mode": "Finalize",
    "Parallel Aware": false,
    "Startup Cost": 640183.06,
    "Total Cost": 640183.07,
    "Plan Rows": 1,
    "Plan Width": 8,
    "Actual Startup Time": 342.685,
    "Actual Total Time": 396.988,
    "Actual Rows": 1,
    "Actual Loops": 1,
    "Plans": [
      {
        "Node Type": "Gather",
        "Parent Relationship": "Outer",
        "Parallel Aware": false,
        "Startup Cost": 640182.95,
        "Total Cost": 640183.06,
        "Plan Rows": 1,
        "Plan Width": 8,
        "Actual Startup Time": 342.491,
        "Actual Total Time": 396.98,
        "Actual Rows": 2,
        "Actual Loops": 1,
        "Workers Planned": 1,
        "Workers Launched": 1,
        "Single Copy": false,
        "Plans": [
          {
            "Node Type": "Aggregate",
            "Strategy": "Plain",
            "Partial Mode": "Partial",
            "Parent Relationship": "Outer",
            "Parallel Aware": false,
            "Startup Cost": 639182.95,
            "Total Cost": 639182.96,
            "Plan Rows": 1,
            "Plan Width": 8,
            "Actual Startup Time": 336.712,
            "Actual Total Time": 336.714,
            "Actual Rows": 1,
            "Actual Loops": 2,
            "Plans": [
              {
                "Node Type": "Nested Loop",
                "Parent Relationship": "Outer",
                "Parallel Aware": false,
                "Join Type": "Inner",
                "Startup Cost": 11826.33,
                "Total Cost": 639031.26,
                "Plan Rows": 60676,
                "Plan Width": 0,
                "Actual Startup Time": 32.865,
                "Actual Total Time": 332.05,
                "Actual Rows": 45908,
                "Actual Loops": 2,
                "Inner Unique": false,
                "Plans": [
                  {
                    "Node Type": "Bitmap Heap Scan",
                    "Parent Relationship": "Outer",
                    "Parallel Aware": true,
                    "Relation Name": "title",
                    "Alias": "t",
                    "Startup Cost": 11825.77,
                    "Total Cost": 53676.03,
                    "Plan Rows": 6866,
                    "Plan Width": 4,
                    "Actual Startup Time": 31.822,
                    "Actual Total Time": 93.662,
                    "Actual Rows": 3538,
                    "Actual Loops": 2,
                    "Recheck Cond": "(kind_id = 1)",
                    "Rows Removed by Index Recheck": 0,
                    "Filter": "(production_year = 1998)",
                    "Rows Removed by Filter": 327875,
                    "Exact Heap Blocks": 9266,
                    "Lossy Heap Blocks": 0,
                    "Plans": [
                      {
                        "Node Type": "Bitmap Index Scan",
                        "Parent Relationship": "Outer",
                        "Parallel Aware": false,
                        "Index Name": "kind_id_title",
                        "Startup Cost": 0.0,
                        "Total Cost": 11822.85,
                        "Plan Rows": 663256,
                        "Plan Width": 0,
                        "Actual Startup Time": 33.906,
                        "Actual Total Time": 33.906,
                        "Actual Rows": 662825,
                        "Actual Loops": 1,
                        "Index Cond": "(kind_id = 1)"
                      }
                    ]
                  },
                  {
                    "Node Type": "Index Scan",
                    "Parent Relationship": "Inner",
                    "Parallel Aware": false,
                    "Scan Direction": "Forward",
                    "Index Name": "movie_id_cast_info",
                    "Relation Name": "cast_info",
                    "Alias": "ci",
                    "Startup Cost": 0.56,
                    "Total Cost": 85.02,
                    "Plan Rows": 23,
                    "Plan Width": 4,
                    "Actual Startup Time": 0.031,
                    "Actual Total Time": 0.065,
                    "Actual Rows": 13,
                    "Actual Loops": 7075,
                    "Index Cond": "(movie_id = t.id)",
                    "Rows Removed by Index Recheck": 0,
                    "Filter": "((person_id > 210424) AND (role_id > 1))",
                    "Rows Removed by Filter": 7
                  }
                ]
              }
            ]
          }
        ]
      }
    ]
  },
  "Planning Time": 0.256,
  "Triggers": [],
  "Execution Time": 397.057
}