[
  {
    "Plan": {
      "Node Type": "Aggregate",
      "Strategy": "Plain",
      "Partial Mode": "Finalize",
      "Parallel Aware": false,
      "Startup Cost": 50342.55,
      "Total Cost": 50342.56,
      "Plan Rows": 1,
      "Plan Width": 8,
      "Actual Startup Time": 50.312,
      "Actual Total Time": 57.192,
      "Actual Rows": 1,
      "Actual Loops": 1,
      "Plans": [
        {
          "Node Type": "Gather",
          "Parent Relationship": "Outer",
          "Parallel Aware": false,
          "Startup Cost": 50342.23,
          "Total Cost": 50342.54,
          "Plan Rows": 3,
          "Plan Width": 8,
          "Actual Startup Time": 50.063,
          "Actual Total Time": 57.185,
          "Actual Rows": 4,
          "Actual Loops": 1,
          "Workers Planned": 3,
          "Workers Launched": 3,
          "Single Copy": false,
          "Plans": [
            {
              "Node Type": "Aggregate",
              "Strategy": "Plain",
              "Partial Mode": "Partial",
              "Parent Relationship": "Outer",
              "Parallel Aware": false,
              "Startup Cost": 49342.23,
              "Total Cost": 49342.24,
              "Plan Rows": 1,
              "Plan Width": 8,
              "Actual Startup Time": 40.553,
              "Actual Total Time": 40.554,
              "Actual Rows": 1,
              "Actual Loops": 4,
              "Plans": [
                {
                  "Node Type": "Nested Loop",
                  "Parent Relationship": "Outer",
                  "Parallel Aware": false,
                  "Join Type": "Inner",
                  "Startup Cost": 257.62,
                  "Total Cost": 49333.93,
                  "Plan Rows": 3319,
                  "Plan Width": 0,
                  "Actual Startup Time": 2.892,
                  "Actual Total Time": 40.523,
                  "Actual Rows": 97,
                  "Actual Loops": 4,
                  "Inner Unique": false,
                  "Plans": [
                    {
                      "Node Type": "Nested Loop",
                      "Parent Relationship": "Outer",
                      "Parallel Aware": false,
                      "Join Type": "Inner",
                      "Startup Cost": 257.19,
                      "Total Cost": 44807.52,
                      "Plan Rows": 2336,
                      "Plan Width": 8,
                      "Actual Startup Time": 2.646,
                      "Actual Total Time": 38.242,
                      "Actual Rows": 32,
                      "Actual Loops": 4,
                      "Inner Unique": true,
                      "Plans": [
                        {
                          "Node Type": "Bitmap Heap Scan",
                          "Parent Relationship": "Outer",
                          "Parallel Aware": true,
                          "Relation Name": "movie_keyword",
                          "Alias": "mk",
                          "Startup Cost": 256.76,
                          "Total Cost": 20636.31,
                          "Plan Rows": 3843,
                          "Plan Width": 4,
                          "Actual Startup Time": 2.448,
                          "Actual Total Time": 12.01,
                          "Actual Rows": 2636,
                          "Actual Loops": 4,
                          "Recheck Cond": "(keyword_id = 398)",
                          "Rows Removed by Index Recheck": 0,
                          "Exact Heap Blocks": 3609,
                          "Lossy Heap Blocks": 0,
                          "Plans": [
                            {
                              "Node Type": "Bitmap Index Scan",
                              "Parent Relationship": "Outer",
                              "Parallel Aware": false,
                              "Index Name": "keyword_id_movie_keyword",
                              "Startup Cost": 0.0,
                              "Total Cost": 253.78,
                              "Plan Rows": 11913,
                              "Plan Width": 0,
                              "Actual Startup Time": 6.244,
                              "Actual Total Time": 6.244,
                              "Actual Rows": 10544,
                              "Actual Loops": 1,
                              "Index Cond": "(keyword_id = 398)"
                            }
                          ]
                        },
                        {
                          "Node Type": "Index Scan",
                          "Parent Relationship": "Inner",
                          "Parallel Aware": false,
                          "Scan Direction": "Forward",
                          "Index Name": "title_pkey",
                          "Relation Name": "title",
                          "Alias": "t",
                          "Startup Cost": 0.43,
                          "Total Cost": 6.29,
                          "Plan Rows": 1,
                          "Plan Width": 4,
                          "Actual Startup Time": 0.009,
                          "Actual Total Time": 0.009,
                          "Actual Rows": 0,
                          "Actual Loops": 10544,
                          "Index Cond": "(id = mk.movie_id)",
                          "Rows Removed by Index Recheck": 0,
                          "Filter": "(kind_id = 7)",
                          "Rows Removed by Filter": 1
                        }
                      ]
                    },
                    {
                      "Node Type": "Index Scan",
                      "Parent Relationship": "Inner",
                      "Parallel Aware": false,
                      "Scan Direction": "Forward",
                      "Index Name": "movie_id_movie_info",
                      "Relation Name": "movie_info",
                      "Alias": "mi",
                      "Startup Cost": 0.43,
                      "Total Cost": 1.84,
                      "Plan Rows": 10,
                      "Plan Width": 4,
                      "Actual Startup Time": 0.036,
                      "Actual Total Time": 0.068,
                      "Actual Rows": 3,
                      "Actual Loops": 130,
                      "Index Cond": "(movie_id = t.id)",
                      "Rows Removed by Index Recheck": 0,
                      "Filter": "(info_type_id < 4)",
                      "Rows Removed by Filter": 12
                    }
                  ]
                }
              ]
            }
          ]
        }
      ]
    },
    "Planning Time": 1.429,
    "Triggers": [],
    "Execution Time": 57.288
  }
]