[
  {
    "Plan": {
      "Node Type": "Aggregate",
      "Strategy": "Plain",
      "Partial Mode": "Finalize",
      "Parallel Aware": false,
      "Startup Cost": 33412.38,
      "Total Cost": 33412.39,
      "Plan Rows": 1,
      "Plan Width": 8,
      "Actual Startup Time": 99.477,
      "Actual Total Time": 108.726,
      "Actual Rows": 1,
      "Actual Loops": 1,
      "Plans": [
        {
          "Node Type": "Gather",
          "Parent Relationship": "Outer",
          "Parallel Aware": false,
          "Startup Cost": 33412.07,
          "Total Cost": 33412.38,
          "Plan Rows": 3,
          "Plan Width": 8,
          "Actual Startup Time": 99.359,
          "Actual Total Time": 108.718,
          "Actual Rows": 4,
          "Actual Loops": 1,
          "Workers Planned": 3,
          "Workers Launched": 3,
          "Single Copy": false,
          "Plans": [
            {
              "Node Type": "Aggregate",
              "Strategy": "Plain",
              "Partial Mode": "Partial",
              "Parent Relationship": "Outer",
              "Parallel Aware": false,
              "Startup Cost": 32412.07,
              "Total Cost": 32412.08,
              "Plan Rows": 1,
              "Plan Width": 8,
              "Actual Startup Time": 95.228,
              "Actual Total Time": 95.229,
              "Actual Rows": 1,
              "Actual Loops": 4,
              "Plans": [
                {
                  "Node Type": "Seq Scan",
                  "Parent Relationship": "Outer",
                  "Parallel Aware": true,
                  "Relation Name": "movie_companies",
                  "Alias": "mc",
                  "Startup Cost": 0.0,
                  "Total Cost": 31414.82,
                  "Plan Rows": 398899,
                  "Plan Width": 0,
                  "Actual Startup Time": 0.018,
                  "Actual Total Time": 80.126,
                  "Actual Rows": 302549,
                  "Actual Loops": 4,
                  "Filter": "((company_id > 11) AND (company_type_id = 1))",
                  "Rows Removed by Filter": 349733
                }
              ]
            }
          ]
        }
      ]
    },
    "Planning Time": 0.256,
    "Triggers": [],
    "Execution Time": 108.775
  }
]