{
  "Plan": {
    "Node Type": "Aggregate",
    "Strategy": "Plain",
    "Partial Mode": "Finalize",
    "Parallel Aware": false,
    "Startup Cost": 117077.33,
    "Total Cost": 117077.34,
    "Plan Rows": 1,
    "Plan Width": 8,
    "Actual Startup Time": 419.46,
    "Actual Total Time": 436.902,
    "Actual Rows": 1,
    "Actual Loops": 1,
    "Plans": [
      {
        "Node Type": "Gather",
        "Parent Relationship": "Outer",
        "Parallel Aware": false,
        "Startup Cost": 117077.21,
        "Total Cost": 117077.32,
        "Plan Rows": 1,
        "Plan Width": 8,
        "Actual Startup Time": 418.886,
        "Actual Total Time": 436.894,
        "Actual Rows": 2,
        "Actual Loops": 1,
        "Workers Planned": 1,
        "Workers Launched": 1,
        "Single Copy": false,
        "Plans": [
          {
            "Node Type": "Aggregate",
            "Strategy": "Plain",
            "Partial Mode": "Partial",
            "Parent Relationship": "Outer",
            "Parallel Aware": false,
            "Startup Cost": 116077.21,
            "Total Cost": 116077.22,
            "Plan Rows": 1,
            "Plan Width": 8,
            "Actual Startup Time": 413.335,
            "Actual Total Time": 413.338,
            "Actual Rows": 1,
            "Actual Loops": 2,
            "Plans": [
              {
                "Node Type": "Hash Join",
                "Parent Relationship": "Outer",
                "Parallel Aware": true,
                "Join Type": "Inner",
                "Startup Cost": 56209.69,
                "Total Cost": 115912.38,
                "Plan Rows": 65932,
                "Plan Width": 0,
                "Actual Startup Time": 170.878,
                "Actual Total Time": 409.469,
                "Actual Rows": 97682,
                "Actual Loops": 2,
                "Inner Unique": true,
                "Hash Cond": "(mk.movie_id = t.id)",
                "Plans": [
                  {
                    "Node Type": "Seq Scan",
                    "Parent Relationship": "Outer",
                    "Parallel Aware": true,
                    "Relation Name": "movie_keyword",
                    "Alias": "mk",
                    "Startup Cost": 0.0,
                    "Total Cost": 57718.19,
                    "Plan Rows": 756001,
                    "Plan Width": 4,
                    "Actual Startup Time": 0.011,
                    "Actual Total Time": 162.552,
                    "Actual Rows": 648521,
                    "Actual Loops": 2,
                    "Filter": "(keyword_id < 1684)",
                    "Rows Removed by Filter": 1613444
                  },
                  {
                    "Node Type": "Hash",
                    "Parent Relationship": "Inner",
                    "Parallel Aware": true,
                    "Startup Cost": 54588.39,
                    "Total Cost": 54588.39,
                    "Plan Rows": 129704,
                    "Plan Width": 4,
                    "Actual Startup Time": 167.076,
                    "Actual Total Time": 167.077,
                    "Actual Rows": 115442,
                    "Actual Loops": 2,
                    "Hash Buckets": 262144,
                    "Original Hash Buckets": 262144,
                    "Hash Batches": 1,
                    "Original Hash Batches": 1,
                    "Peak Memory Usage": 11136,
                    "Plans": [
                      {
                        "Node Type": "Seq Scan",
                        "Parent Relationship": "Outer",
                        "Parallel Aware": true,
                        "Relation Name": "title",
                        "Alias": "t",
                        "Startup Cost": 0.0,
                        "Total Cost": 54588.39,
                        "Plan Rows": 129704,
                        "Plan Width": 4,
                        "Actual Startup Time": 0.059,
                        "Actual Total Time": 140.082,
                        "Actual Rows": 115442,
                        "Actual Loops": 2,
                        "Filter": "(production_year < 1959)",
                        "Rows Removed by Filter": 1148714
                      }
                    ]
                  }
                ]
              }
            ]
          }
        ]
      }
    ]
  },
  "Planning Time": 0.491,
  "Triggers": [],
  "Execution Time": 436.972
}