[
  {
    "Plan": {
      "Node Type": "Aggregate",
      "Strategy": "Plain",
      "Partial Mode": "Finalize",
      "Parallel Aware": false,
      "Startup Cost": 338756.23,
      "Total Cost": 338756.24,
      "Plan Rows": 1,
      "Plan Width": 8,
      "Actual Startup Time": 533.695,
      "Actual Total Time": 554.885,
      "Actual Rows": 1,
      "Actual Loops": 1,
      "Plans": [
        {
          "Node Type": "Gather",
          "Parent Relationship": "Outer",
          "Parallel Aware": false,
          "Startup Cost": 338755.61,
          "Total Cost": 338756.22,
          "Plan Rows": 6,
          "Plan Width": 8,
          "Actual Startup Time": 533.465,
          "Actual Total Time": 554.875,
          "Actual Rows": 7,
          "Actual Loops": 1,
          "Workers Planned": 6,
          "Workers Launched": 6,
          "Single Copy": false,
          "Plans": [
            {
              "Node Type": "Aggregate",
              "Strategy": "Plain",
              "Partial Mode": "Partial",
              "Parent Relationship": "Outer",
              "Parallel Aware": false,
              "Startup Cost": 337755.61,
              "Total Cost": 337755.62,
              "Plan Rows": 1,
              "Plan Width": 8,
              "Actual Startup Time": 523.348,
              "Actual Total Time": 523.35,
              "Actual Rows": 1,
              "Actual Loops": 7,
              "Plans": [
                {
                  "Node Type": "Index Scan",
                  "Parent Relationship": "Outer",
                  "Parallel Aware": true,
                  "Scan Direction": "Forward",
                  "Index Name": "role_id_cast_info",
                  "Relation Name": "cast_info",
                  "Alias": "ci",
                  "Startup Cost": 0.56,
                  "Total Cost": 335235.55,
                  "Plan Rows": 1008024,
                  "Plan Width": 0,
                  "Actual Startup Time": 0.231,
                  "Actual Total Time": 429.433,
                  "Actual Rows": 1810098,
                  "Actual Loops": 7,
                  "Index Cond": "(role_id < 2)",
                  "Rows Removed by Index Recheck": 0,
                  "Filter": "(person_id < 1743364)",
                  "Rows Removed by Filter": 0
                }
              ]
            }
          ]
        }
      ]
    },
    "Planning Time": 0.239,
    "Triggers": [],
    "Execution Time": 554.954
  }
]