{
    "Plan": {
        "Node Type": "Aggregate",
        "Strategy": "Plain",
        "Partial Mode": "Finalize",
        "Parallel Aware": false,
        "Startup Cost": 162422.72,
        "Total Cost": 162422.73,
        "Plan Rows": 1,
        "Plan Width": 8,
        "Actual Startup Time": 276.575,
        "Actual Total Time": 301.124,
        "Actual Rows": 1,
        "Actual Loops": 1,
        "Output": [
            "count(*)"
        ],
        "Plans": [
            {
                "Node Type": "Gather",
                "Parent Relationship": "Outer",
                "Parallel Aware": false,
                "Startup Cost": 162422.19,
                "Total Cost": 162422.7,
                "Plan Rows": 5,
                "Plan Width": 8,
                "Actual Startup Time": 276.394,
                "Actual Total Time": 301.111,
                "Actual Rows": 6,
                "Actual Loops": 1,
                "Output": [
                    "(PARTIAL count(*))"
                ],
                "Workers Planned": 5,
                "Workers Launched": 5,
                "Single Copy": false,
                "Plans": [
                    {
                        "Node Type": "Aggregate",
                        "Strategy": "Plain",
                        "Partial Mode": "Partial",
                        "Parent Relationship": "Outer",
                        "Parallel Aware": false,
                        "Startup Cost": 161422.19,
                        "Total Cost": 161422.2,
                        "Plan Rows": 1,
                        "Plan Width": 8,
                        "Actual Startup Time": 265.751,
                        "Actual Total Time": 265.755,
                        "Actual Rows": 1,
                        "Actual Loops": 6,
                        "Output": [
                            "PARTIAL count(*)"
                        ],
                        "Workers": [
                            {
                                "Worker Number": 0,
                                "Actual Startup Time": 262.942,
                                "Actual Total Time": 262.946,
                                "Actual Rows": 1,
                                "Actual Loops": 1
                            },
                            {
                                "Worker Number": 1,
                                "Actual Startup Time": 263.777,
                                "Actual Total Time": 263.779,
                                "Actual Rows": 1,
                                "Actual Loops": 1
                            },
                            {
                                "Worker Number": 2,
                                "Actual Startup Time": 263.848,
                                "Actual Total Time": 263.851,
                                "Actual Rows": 1,
                                "Actual Loops": 1
                            },
                            {
                                "Worker Number": 3,
                                "Actual Startup Time": 263.773,
                                "Actual Total Time": 263.778,
                                "Actual Rows": 1,
                                "Actual Loops": 1
                            },
                            {
                                "Worker Number": 4,
                                "Actual Startup Time": 264.639,
                                "Actual Total Time": 264.643,
                                "Actual Rows": 1,
                                "Actual Loops": 1
                            }
                        ],
                        "Plans": [
                            {
                                "Node Type": "Hash Join",
                                "Parent Relationship": "Outer",
                                "Parallel Aware": true,
                                "Join Type": "Inner",
                                "Startup Cost": 45500.72,
                                "Total Cost": 161421.63,
                                "Plan Rows": 227,
                                "Plan Width": 0,
                                "Actual Startup Time": 75.89,
                                "Actual Total Time": 265.695,
                                "Actual Rows": 298,
                                "Actual Loops": 6,
                                "Inner Unique": true,
                                "Hash Cond": "(ci.movie_id = t.id)",
                                "Workers": [
                                    {
                                        "Worker Number": 0,
                                        "Actual Startup Time": 73.148,
                                        "Actual Total Time": 262.886,
                                        "Actual Rows": 286,
                                        "Actual Loops": 1
                                    },
                                    {
                                        "Worker Number": 1,
                                        "Actual Startup Time": 74.411,
                                        "Actual Total Time": 263.726,
                                        "Actual Rows": 294,
                                        "Actual Loops": 1
                                    },
                                    {
                                        "Worker Number": 2,
                                        "Actual Startup Time": 74.035,
                                        "Actual Total Time": 263.794,
                                        "Actual Rows": 250,
                                        "Actual Loops": 1
                                    },
                                    {
                                        "Worker Number": 3,
                                        "Actual Startup Time": 74.296,
                                        "Actual Total Time": 263.723,
                                        "Actual Rows": 266,
                                        "Actual Loops": 1
                                    },
                                    {
                                        "Worker Number": 4,
                                        "Actual Startup Time": 74.149,
                                        "Actual Total Time": 264.582,
                                        "Actual Rows": 303,
                                        "Actual Loops": 1
                                    }
                                ],
                                "Plans": [
                                    {
                                        "Node Type": "Index Scan",
                                        "Parent Relationship": "Outer",
                                        "Parallel Aware": true,
                                        "Scan Direction": "Forward",
                                        "Index Name": "role_id_cast_info",
                                        "Relation Name": "cast_info",
                                        "Schema": "public",
                                        "Alias": "ci",
                                        "Startup Cost": 0.56,
                                        "Total Cost": 115696.32,
                                        "Plan Rows": 85773,
                                        "Plan Width": 4,
                                        "Actual Startup Time": 0.172,
                                        "Actual Total Time": 151.694,
                                        "Actual Rows": 406942,
                                        "Actual Loops": 6,
                                        "Output": [
                                            "ci.id",
                                            "ci.person_id",
                                            "ci.movie_id",
                                            "ci.person_role_id",
                                            "ci.note",
                                            "ci.nr_order",
                                            "ci.role_id"
                                        ],
                                        "Index Cond": "(ci.role_id = 10)",
                                        "Rows Removed by Index Recheck": 0,
                                        "Filter": "(ci.person_id > 3389811)",
                                        "Rows Removed by Filter": 313561,
                                        "Workers": [
                                            {
                                                "Worker Number": 0,
                                                "Actual Startup Time": 0.361,
                                                "Actual Total Time": 153.424,
                                                "Actual Rows": 375584,
                                                "Actual Loops": 1
                                            },
                                            {
                                                "Worker Number": 1,
                                                "Actual Startup Time": 0.128,
                                                "Actual Total Time": 151.984,
                                                "Actual Rows": 394061,
                                                "Actual Loops": 1
                                            },
                                            {
                                                "Worker Number": 2,
                                                "Actual Startup Time": 0.071,
                                                "Actual Total Time": 152.008,
                                                "Actual Rows": 389023,
                                                "Actual Loops": 1
                                            },
                                            {
                                                "Worker Number": 3,
                                                "Actual Startup Time": 0.154,
                                                "Actual Total Time": 153.355,
                                                "Actual Rows": 371751,
                                                "Actual Loops": 1
                                            },
                                            {
                                                "Worker Number": 4,
                                                "Actual Startup Time": 0.29,
                                                "Actual Total Time": 151.992,
                                                "Actual Rows": 392051,
                                                "Actual Loops": 1
                                            }
                                        ]
                                    },
                                    {
                                        "Node Type": "Hash",
                                        "Parent Relationship": "Inner",
                                        "Parallel Aware": true,
                                        "Startup Cost": 45479.21,
                                        "Total Cost": 45479.21,
                                        "Plan Rows": 1676,
                                        "Plan Width": 4,
                                        "Actual Startup Time": 72.883,
                                        "Actual Total Time": 72.884,
                                        "Actual Rows": 1039,
                                        "Actual Loops": 6,
                                        "Output": [
                                            "t.id"
                                        ],
                                        "Hash Buckets": 8192,
                                        "Original Hash Buckets": 8192,
                                        "Hash Batches": 1,
                                        "Original Hash Batches": 1,
                                        "Peak Memory Usage": 448,
                                        "Workers": [
                                            {
                                                "Worker Number": 0,
                                                "Actual Startup Time": 70.661,
                                                "Actual Total Time": 70.663,
                                                "Actual Rows": 959,
                                                "Actual Loops": 1
                                            },
                                            {
                                                "Worker Number": 1,
                                                "Actual Startup Time": 71.598,
                                                "Actual Total Time": 71.599,
                                                "Actual Rows": 919,
                                                "Actual Loops": 1
                                            },
                                            {
                                                "Worker Number": 2,
                                                "Actual Startup Time": 71.692,
                                                "Actual Total Time": 71.693,
                                                "Actual Rows": 1015,
                                                "Actual Loops": 1
                                            },
                                            {
                                                "Worker Number": 3,
                                                "Actual Startup Time": 71.62,
                                                "Actual Total Time": 71.621,
                                                "Actual Rows": 890,
                                                "Actual Loops": 1
                                            },
                                            {
                                                "Worker Number": 4,
                                                "Actual Startup Time": 72.478,
                                                "Actual Total Time": 72.479,
                                                "Actual Rows": 982,
                                                "Actual Loops": 1
                                            }
                                        ],
                                        "Plans": [
                                            {
                                                "Node Type": "Seq Scan",
                                                "Parent Relationship": "Outer",
                                                "Parallel Aware": true,
                                                "Relation Name": "title",
                                                "Schema": "public",
                                                "Alias": "t",
                                                "Startup Cost": 0.0,
                                                "Total Cost": 45479.21,
                                                "Plan Rows": 1676,
                                                "Plan Width": 4,
                                                "Actual Startup Time": 2.202,
                                                "Actual Total Time": 72.262,
                                                "Actual Rows": 1039,
                                                "Actual Loops": 6,
                                                "Output": [
                                                    "t.id"
                                                ],
                                                "Filter": "((t.kind_id < 7) AND (t.production_year = 1970))",
                                                "Rows Removed by Filter": 420347,
                                                "Workers": [
                                                    {
                                                        "Worker Number": 0,
                                                        "Actual Startup Time": 3.904,
                                                        "Actual Total Time": 69.998,
                                                        "Actual Rows": 959,
                                                        "Actual Loops": 1
                                                    },
                                                    {
                                                        "Worker Number": 1,
                                                        "Actual Startup Time": 0.323,
                                                        "Actual Total Time": 70.996,
                                                        "Actual Rows": 919,
                                                        "Actual Loops": 1
                                                    },
                                                    {
                                                        "Worker Number": 2,
                                                        "Actual Startup Time": 5.525,
                                                        "Actual Total Time": 71.043,
                                                        "Actual Rows": 1015,
                                                        "Actual Loops": 1
                                                    },
                                                    {
                                                        "Worker Number": 3,
                                                        "Actual Startup Time": 2.869,
                                                        "Actual Total Time": 70.982,
                                                        "Actual Rows": 890,
                                                        "Actual Loops": 1
                                                    },
                                                    {
                                                        "Worker Number": 4,
                                                        "Actual Startup Time": 0.396,
                                                        "Actual Total Time": 71.852,
                                                        "Actual Rows": 982,
                                                        "Actual Loops": 1
                                                    }
                                                ]
                                            }
                                        ]
                                    }
                                ]
                            }
                        ]
                    }
                ]
            }
        ]
    },
    "Planning Time": 0.735,
    "Triggers": [],
    "Execution Time": 301.215
}