[
  {
    "Plan": {
      "Node Type": "Aggregate",
      "Strategy": "Plain",
      "Partial Mode": "Finalize",
      "Parallel Aware": false,
      "Startup Cost": 49708.44,
      "Total Cost": 49708.45,
      "Plan Rows": 1,
      "Plan Width": 8,
      "Actual Startup Time": 136.074,
      "Actual Total Time": 157.058,
      "Actual Rows": 1,
      "Actual Loops": 1,
      "Plans": [
        {
          "Node Type": "Gather",
          "Parent Relationship": "Outer",
          "Parallel Aware": false,
          "Startup Cost": 49708.02,
          "Total Cost": 49708.43,
          "Plan Rows": 4,
          "Plan Width": 8,
          "Actual Startup Time": 135.879,
          "Actual Total Time": 157.047,
          "Actual Rows": 5,
          "Actual Loops": 1,
          "Workers Planned": 4,
          "Workers Launched": 4,
          "Single Copy": false,
          "Plans": [
            {
              "Node Type": "Aggregate",
              "Strategy": "Plain",
              "Partial Mode": "Partial",
              "Parent Relationship": "Outer",
              "Parallel Aware": false,
              "Startup Cost": 48708.02,
              "Total Cost": 48708.03,
              "Plan Rows": 1,
              "Plan Width": 8,
              "Actual Startup Time": 125.397,
              "Actual Total Time": 125.399,
              "Actual Rows": 1,
              "Actual Loops": 5,
              "Plans": [
                {
                  "Node Type": "Nested Loop",
                  "Parent Relationship": "Outer",
                  "Parallel Aware": false,
                  "Join Type": "Inner",
                  "Startup Cost": 1.0,
                  "Total Cost": 48703.35,
                  "Plan Rows": 1869,
                  "Plan Width": 0,
                  "Actual Startup Time": 64.559,
                  "Actual Total Time": 125.311,
                  "Actual Rows": 806,
                  "Actual Loops": 5,
                  "Inner Unique": false,
                  "Join Filter": "(t.id = ci.movie_id)",
                  "Rows Removed by Join Filter": 0,
                  "Plans": [
                    {
                      "Node Type": "Nested Loop",
                      "Parent Relationship": "Outer",
                      "Parallel Aware": false,
                      "Join Type": "Inner",
                      "Startup Cost": 0.43,
                      "Total Cost": 47497.56,
                      "Plan Rows": 678,
                      "Plan Width": 8,
                      "Actual Startup Time": 63.736,
                      "Actual Total Time": 93.26,
                      "Actual Rows": 2112,
                      "Actual Loops": 5,
                      "Inner Unique": false,
                      "Plans": [
                        {
                          "Node Type": "Seq Scan",
                          "Parent Relationship": "Outer",
                          "Parallel Aware": true,
                          "Relation Name": "title",
                          "Alias": "t",
                          "Startup Cost": 0.0,
                          "Total Cost": 43899.32,
                          "Plan Rows": 379,
                          "Plan Width": 4,
                          "Actual Startup Time": 63.572,
                          "Actual Total Time": 85.838,
                          "Actual Rows": 569,
                          "Actual Loops": 5,
                          "Filter": "(production_year = 1926)",
                          "Rows Removed by Filter": 505093
                        },
                        {
                          "Node Type": "Index Only Scan",
                          "Parent Relationship": "Inner",
                          "Parallel Aware": false,
                          "Scan Direction": "Forward",
                          "Index Name": "movie_id_movie_keyword",
                          "Relation Name": "movie_keyword",
                          "Alias": "mk",
                          "Startup Cost": 0.43,
                          "Total Cost": 9.03,
                          "Plan Rows": 46,
                          "Plan Width": 4,
                          "Actual Startup Time": 0.011,
                          "Actual Total Time": 0.012,
                          "Actual Rows": 4,
                          "Actual Loops": 2847,
                          "Index Cond": "(movie_id = t.id)",
                          "Rows Removed by Index Recheck": 0,
                          "Heap Fetches": 10560
                        }
                      ]
                    },
                    {
                      "Node Type": "Index Scan",
                      "Parent Relationship": "Inner",
                      "Parallel Aware": false,
                      "Scan Direction": "Forward",
                      "Index Name": "movie_id_cast_info",
                      "Relation Name": "cast_info",
                      "Alias": "ci",
                      "Startup Cost": 0.56,
                      "Total Cost": 1.69,
                      "Plan Rows": 7,
                      "Plan Width": 4,
                      "Actual Startup Time": 0.013,
                      "Actual Total Time": 0.015,
                      "Actual Rows": 0,
                      "Actual Loops": 10560,
                      "Index Cond": "(movie_id = mk.movie_id)",
                      "Rows Removed by Index Recheck": 0,
                      "Filter": "((person_id > 1638965) AND (role_id = 1))",
                      "Rows Removed by Filter": 15
                    }
                  ]
                }
              ]
            }
          ]
        }
      ]
    },
    "Planning Time": 1.249,
    "Triggers": [],
    "Execution Time": 157.142
  }
]