[
  {
    "Plan": {
      "Node Type": "Aggregate",
      "Strategy": "Plain",
      "Partial Mode": "Finalize",
      "Parallel Aware": false,
      "Startup Cost": 44873.7,
      "Total Cost": 44873.71,
      "Plan Rows": 1,
      "Plan Width": 8,
      "Actual Startup Time": 132.459,
      "Actual Total Time": 139.683,
      "Actual Rows": 1,
      "Actual Loops": 1,
      "Plans": [
        {
          "Node Type": "Gather",
          "Parent Relationship": "Outer",
          "Parallel Aware": false,
          "Startup Cost": 44873.38,
          "Total Cost": 44873.69,
          "Plan Rows": 3,
          "Plan Width": 8,
          "Actual Startup Time": 132.338,
          "Actual Total Time": 139.675,
          "Actual Rows": 4,
          "Actual Loops": 1,
          "Workers Planned": 3,
          "Workers Launched": 3,
          "Single Copy": false,
          "Plans": [
            {
              "Node Type": "Aggregate",
              "Strategy": "Plain",
              "Partial Mode": "Partial",
              "Parent Relationship": "Outer",
              "Parallel Aware": false,
              "Startup Cost": 43873.38,
              "Total Cost": 43873.39,
              "Plan Rows": 1,
              "Plan Width": 8,
              "Actual Startup Time": 128.716,
              "Actual Total Time": 128.717,
              "Actual Rows": 1,
              "Actual Loops": 4,
              "Plans": [
                {
                  "Node Type": "Seq Scan",
                  "Parent Relationship": "Outer",
                  "Parallel Aware": true,
                  "Relation Name": "movie_keyword",
                  "Alias": "mk",
                  "Startup Cost": 0.0,
                  "Total Cost": 42695.65,
                  "Plan Rows": 471090,
                  "Plan Width": 0,
                  "Actual Startup Time": 0.695,
                  "Actual Total Time": 109.279,
                  "Actual Rows": 363718,
                  "Actual Loops": 4,
                  "Filter": "(keyword_id > 11462)",
                  "Rows Removed by Filter": 767264
                }
              ]
            }
          ]
        }
      ]
    },
    "Planning Time": 0.181,
    "Triggers": [],
    "Execution Time": 139.736
  }
]