[
  {
    "Plan": {
      "Node Type": "Aggregate",
      "Strategy": "Plain",
      "Partial Mode": "Finalize",
      "Parallel Aware": false,
      "Startup Cost": 335322.21,
      "Total Cost": 335322.22,
      "Plan Rows": 1,
      "Plan Width": 8,
      "Actual Startup Time": 748.212,
      "Actual Total Time": 794.027,
      "Actual Rows": 1,
      "Actual Loops": 1,
      "Plans": [
        {
          "Node Type": "Gather",
          "Parent Relationship": "Outer",
          "Parallel Aware": false,
          "Startup Cost": 335321.58,
          "Total Cost": 335322.19,
          "Plan Rows": 6,
          "Plan Width": 8,
          "Actual Startup Time": 748.004,
          "Actual Total Time": 794.016,
          "Actual Rows": 7,
          "Actual Loops": 1,
          "Workers Planned": 6,
          "Workers Launched": 6,
          "Single Copy": false,
          "Plans": [
            {
              "Node Type": "Aggregate",
              "Strategy": "Plain",
              "Partial Mode": "Partial",
              "Parent Relationship": "Outer",
              "Parallel Aware": false,
              "Startup Cost": 334321.58,
              "Total Cost": 334321.59,
              "Plan Rows": 1,
              "Plan Width": 8,
              "Actual Startup Time": 740.54,
              "Actual Total Time": 740.542,
              "Actual Rows": 1,
              "Actual Loops": 7,
              "Plans": [
                {
                  "Node Type": "Seq Scan",
                  "Parent Relationship": "Outer",
                  "Parallel Aware": true,
                  "Relation Name": "cast_info",
                  "Alias": "ci",
                  "Startup Cost": 0.0,
                  "Total Cost": 328211.39,
                  "Plan Rows": 2444076,
                  "Plan Width": 0,
                  "Actual Startup Time": 0.047,
                  "Actual Total Time": 624.51,
                  "Actual Rows": 2113802,
                  "Actual Loops": 7,
                  "Filter": "(person_id < 1459249)",
                  "Rows Removed by Filter": 3063961
                }
              ]
            }
          ]
        }
      ]
    },
    "Planning Time": 0.207,
    "Triggers": [],
    "Execution Time": 794.098
  }
]