[
  {
    "Plan": {
      "Node Type": "Aggregate",
      "Strategy": "Plain",
      "Partial Mode": "Finalize",
      "Parallel Aware": false,
      "Startup Cost": 85815.73,
      "Total Cost": 85815.74,
      "Plan Rows": 1,
      "Plan Width": 8,
      "Actual Startup Time": 136.645,
      "Actual Total Time": 159.806,
      "Actual Rows": 1,
      "Actual Loops": 1,
      "Plans": [
        {
          "Node Type": "Gather",
          "Parent Relationship": "Outer",
          "Parallel Aware": false,
          "Startup Cost": 85815.31,
          "Total Cost": 85815.72,
          "Plan Rows": 4,
          "Plan Width": 8,
          "Actual Startup Time": 136.544,
          "Actual Total Time": 159.799,
          "Actual Rows": 5,
          "Actual Loops": 1,
          "Workers Planned": 4,
          "Workers Launched": 4,
          "Single Copy": false,
          "Plans": [
            {
              "Node Type": "Aggregate",
              "Strategy": "Plain",
              "Partial Mode": "Partial",
              "Parent Relationship": "Outer",
              "Parallel Aware": false,
              "Startup Cost": 84815.31,
              "Total Cost": 84815.32,
              "Plan Rows": 1,
              "Plan Width": 8,
              "Actual Startup Time": 127.18,
              "Actual Total Time": 127.181,
              "Actual Rows": 1,
              "Actual Loops": 5,
              "Plans": [
                {
                  "Node Type": "Nested Loop",
                  "Parent Relationship": "Outer",
                  "Parallel Aware": false,
                  "Join Type": "Inner",
                  "Startup Cost": 0.56,
                  "Total Cost": 84805.41,
                  "Plan Rows": 3958,
                  "Plan Width": 0,
                  "Actual Startup Time": 60.588,
                  "Actual Total Time": 126.241,
                  "Actual Rows": 9555,
                  "Actual Loops": 5,
                  "Inner Unique": false,
                  "Plans": [
                    {
                      "Node Type": "Seq Scan",
                      "Parent Relationship": "Outer",
                      "Parallel Aware": true,
                      "Relation Name": "title",
                      "Alias": "t",
                      "Startup Cost": 0.0,
                      "Total Cost": 45479.1,
                      "Plan Rows": 276,
                      "Plan Width": 4,
                      "Actual Startup Time": 60.48,
                      "Actual Total Time": 81.833,
                      "Actual Rows": 492,
                      "Actual Loops": 5,
                      "Filter": "((kind_id = 1) AND (production_year = 1950))",
                      "Rows Removed by Filter": 505170
                    },
                    {
                      "Node Type": "Index Only Scan",
                      "Parent Relationship": "Inner",
                      "Parallel Aware": false,
                      "Scan Direction": "Forward",
                      "Index Name": "movie_id_cast_info",
                      "Relation Name": "cast_info",
                      "Alias": "ci",
                      "Startup Cost": 0.56,
                      "Total Cost": 142.12,
                      "Plan Rows": 37,
                      "Plan Width": 4,
                      "Actual Startup Time": 0.014,
                      "Actual Total Time": 0.087,
                      "Actual Rows": 19,
                      "Actual Loops": 2462,
                      "Index Cond": "(movie_id = t.id)",
                      "Rows Removed by Index Recheck": 0,
                      "Heap Fetches": 47775
                    }
                  ]
                }
              ]
            }
          ]
        }
      ]
    },
    "Planning Time": 0.583,
    "Triggers": [],
    "Execution Time": 159.878
  }
]