[
  {
    "Plan": {
      "Node Type": "Aggregate",
      "Strategy": "Plain",
      "Partial Mode": "Finalize",
      "Parallel Aware": false,
      "Startup Cost": 579899.39,
      "Total Cost": 579899.4,
      "Plan Rows": 1,
      "Plan Width": 8,
      "Actual Startup Time": 5028.651,
      "Actual Total Time": 5119.442,
      "Actual Rows": 1,
      "Actual Loops": 1,
      "Plans": [
        {
          "Node Type": "Gather",
          "Parent Relationship": "Outer",
          "Parallel Aware": false,
          "Startup Cost": 579898.76,
          "Total Cost": 579899.37,
          "Plan Rows": 6,
          "Plan Width": 8,
          "Actual Startup Time": 5017.064,
          "Actual Total Time": 5119.431,
          "Actual Rows": 7,
          "Actual Loops": 1,
          "Workers Planned": 6,
          "Workers Launched": 6,
          "Single Copy": false,
          "Plans": [
            {
              "Node Type": "Aggregate",
              "Strategy": "Plain",
              "Partial Mode": "Partial",
              "Parent Relationship": "Outer",
              "Parallel Aware": false,
              "Startup Cost": 578898.76,
              "Total Cost": 578898.77,
              "Plan Rows": 1,
              "Plan Width": 8,
              "Actual Startup Time": 5003.059,
              "Actual Total Time": 5003.063,
              "Actual Rows": 1,
              "Actual Loops": 7,
              "Plans": [
                {
                  "Node Type": "Nested Loop",
                  "Parent Relationship": "Outer",
                  "Parallel Aware": false,
                  "Join Type": "Inner",
                  "Startup Cost": 48045.05,
                  "Total Cost": 577547.24,
                  "Plan Rows": 540607,
                  "Plan Width": 0,
                  "Actual Startup Time": 388.6,
                  "Actual Total Time": 4736.505,
                  "Actual Rows": 6032739,
                  "Actual Loops": 7,
                  "Inner Unique": false,
                  "Plans": [
                    {
                      "Node Type": "Hash Join",
                      "Parent Relationship": "Outer",
                      "Parallel Aware": true,
                      "Join Type": "Inner",
                      "Startup Cost": 48044.61,
                      "Total Cost": 373657.87,
                      "Plan Rows": 92070,
                      "Plan Width": 8,
                      "Actual Startup Time": 388.476,
                      "Actual Total Time": 872.992,
                      "Actual Rows": 299331,
                      "Actual Loops": 7,
                      "Inner Unique": true,
                      "Hash Cond": "(ci.movie_id = t.id)",
                      "Plans": [
                        {
                          "Node Type": "Index Scan",
                          "Parent Relationship": "Outer",
                          "Parallel Aware": true,
                          "Scan Direction": "Forward",
                          "Index Name": "role_id_cast_info",
                          "Relation Name": "cast_info",
                          "Alias": "ci",
                          "Startup Cost": 0.56,
                          "Total Cost": 325153.08,
                          "Plan Rows": 175519,
                          "Plan Width": 4,
                          "Actual Startup Time": 196.526,
                          "Actual Total Time": 391.931,
                          "Actual Rows": 442521,
                          "Actual Loops": 7,
                          "Index Cond": "(role_id > 3)",
                          "Rows Removed by Index Recheck": 0,
                          "Filter": "(person_id > 3491337)",
                          "Rows Removed by Filter": 1288000
                        },
                        {
                          "Node Type": "Hash",
                          "Parent Relationship": "Inner",
                          "Parallel Aware": true,
                          "Startup Cost": 43899.32,
                          "Total Cost": 43899.32,
                          "Plan Rows": 331578,
                          "Plan Width": 4,
                          "Actual Startup Time": 187.685,
                          "Actual Total Time": 187.686,
                          "Actual Rows": 188980,
                          "Actual Loops": 7,
                          "Hash Buckets": 2097152,
                          "Original Hash Buckets": 2097152,
                          "Hash Batches": 1,
                          "Original Hash Batches": 1,
                          "Peak Memory Usage": 68256,
                          "Plans": [
                            {
                              "Node Type": "Seq Scan",
                              "Parent Relationship": "Outer",
                              "Parallel Aware": true,
                              "Relation Name": "title",
                              "Alias": "t",
                              "Startup Cost": 0.0,
                              "Total Cost": 43899.32,
                              "Plan Rows": 331578,
                              "Plan Width": 4,
                              "Actual Startup Time": 0.053,
                              "Actual Total Time": 85.741,
                              "Actual Rows": 188980,
                              "Actual Loops": 7,
                              "Filter": "(production_year > 2001)",
                              "Rows Removed by Filter": 172207
                            }
                          ]
                        }
                      ]
                    },
                    {
                      "Node Type": "Index Only Scan",
                      "Parent Relationship": "Inner",
                      "Parallel Aware": false,
                      "Scan Direction": "Forward",
                      "Index Name": "movie_id_movie_info",
                      "Relation Name": "movie_info",
                      "Alias": "mi",
                      "Startup Cost": 0.43,
                      "Total Cost": 1.8,
                      "Plan Rows": 41,
                      "Plan Width": 4,
                      "Actual Startup Time": 0.004,
                      "Actual Total Time": 0.011,
                      "Actual Rows": 20,
                      "Actual Loops": 2095320,
                      "Index Cond": "(movie_id = t.id)",
                      "Rows Removed by Index Recheck": 0,
                      "Heap Fetches": 42229175
                    }
                  ]
                }
              ]
            }
          ]
        }
      ]
    },
    "Planning Time": 1.021,
    "Triggers": [],
    "Execution Time": 5119.536
  }
]