[
  {
    "Plan": {
      "Node Type": "Aggregate",
      "Strategy": "Plain",
      "Partial Mode": "Finalize",
      "Parallel Aware": false,
      "Startup Cost": 77798.08,
      "Total Cost": 77798.09,
      "Plan Rows": 1,
      "Plan Width": 8,
      "Actual Startup Time": 358.933,
      "Actual Total Time": 374.223,
      "Actual Rows": 1,
      "Actual Loops": 1,
      "Plans": [
        {
          "Node Type": "Gather",
          "Parent Relationship": "Outer",
          "Parallel Aware": false,
          "Startup Cost": 77797.66,
          "Total Cost": 77798.07,
          "Plan Rows": 4,
          "Plan Width": 8,
          "Actual Startup Time": 349.06,
          "Actual Total Time": 374.212,
          "Actual Rows": 5,
          "Actual Loops": 1,
          "Workers Planned": 4,
          "Workers Launched": 4,
          "Single Copy": false,
          "Plans": [
            {
              "Node Type": "Aggregate",
              "Strategy": "Plain",
              "Partial Mode": "Partial",
              "Parent Relationship": "Outer",
              "Parallel Aware": false,
              "Startup Cost": 76797.66,
              "Total Cost": 76797.67,
              "Plan Rows": 1,
              "Plan Width": 8,
              "Actual Startup Time": 336.635,
              "Actual Total Time": 336.637,
              "Actual Rows": 1,
              "Actual Loops": 5,
              "Plans": [
                {
                  "Node Type": "Hash Join",
                  "Parent Relationship": "Outer",
                  "Parallel Aware": true,
                  "Join Type": "Inner",
                  "Startup Cost": 50220.95,
                  "Total Cost": 76680.91,
                  "Plan Rows": 46700,
                  "Plan Width": 0,
                  "Actual Startup Time": 288.072,
                  "Actual Total Time": 335.649,
                  "Actual Rows": 18894,
                  "Actual Loops": 5,
                  "Inner Unique": true,
                  "Hash Cond": "(ci.movie_id = t.id)",
                  "Plans": [
                    {
                      "Node Type": "Index Scan",
                      "Parent Relationship": "Outer",
                      "Parallel Aware": true,
                      "Scan Direction": "Forward",
                      "Index Name": "role_id_cast_info",
                      "Relation Name": "cast_info",
                      "Alias": "ci",
                      "Startup Cost": 0.56,
                      "Total Cost": 26337.94,
                      "Plan Rows": 46700,
                      "Plan Width": 4,
                      "Actual Startup Time": 0.424,
                      "Actual Total Time": 32.81,
                      "Actual Rows": 18894,
                      "Actual Loops": 5,
                      "Index Cond": "(role_id = 5)",
                      "Rows Removed by Index Recheck": 0,
                      "Filter": "(person_id < 706761)",
                      "Rows Removed by Filter": 160784
                    },
                    {
                      "Node Type": "Hash",
                      "Parent Relationship": "Inner",
                      "Parallel Aware": true,
                      "Startup Cost": 42319.06,
                      "Total Cost": 42319.06,
                      "Plan Rows": 632106,
                      "Plan Width": 4,
                      "Actual Startup Time": 281.008,
                      "Actual Total Time": 281.009,
                      "Actual Rows": 505662,
                      "Actual Loops": 5,
                      "Hash Buckets": 4194304,
                      "Original Hash Buckets": 4194304,
                      "Hash Batches": 1,
                      "Original Hash Batches": 1,
                      "Peak Memory Usage": 131776,
                      "Plans": [
                        {
                          "Node Type": "Seq Scan",
                          "Parent Relationship": "Outer",
                          "Parallel Aware": true,
                          "Relation Name": "title",
                          "Alias": "t",
                          "Startup Cost": 0.0,
                          "Total Cost": 42319.06,
                          "Plan Rows": 632106,
                          "Plan Width": 4,
                          "Actual Startup Time": 0.035,
                          "Actual Total Time": 82.945,
                          "Actual Rows": 505662,
                          "Actual Loops": 5
                        }
                      ]
                    }
                  ]
                }
              ]
            }
          ]
        }
      ]
    },
    "Planning Time": 0.306,
    "Triggers": [],
    "Execution Time": 374.266
  }
]