{
  "Plan": {
    "Node Type": "Aggregate",
    "Strategy": "Plain",
    "Partial Mode": "Finalize",
    "Parallel Aware": false,
    "Startup Cost": 124989.35,
    "Total Cost": 124989.36,
    "Plan Rows": 1,
    "Plan Width": 8,
    "Actual Startup Time": 501.299,
    "Actual Total Time": 518.464,
    "Actual Rows": 1,
    "Actual Loops": 1,
    "Plans": [
      {
        "Node Type": "Gather",
        "Parent Relationship": "Outer",
        "Parallel Aware": false,
        "Startup Cost": 124989.23,
        "Total Cost": 124989.34,
        "Plan Rows": 1,
        "Plan Width": 8,
        "Actual Startup Time": 500.501,
        "Actual Total Time": 518.457,
        "Actual Rows": 2,
        "Actual Loops": 1,
        "Workers Planned": 1,
        "Workers Launched": 1,
        "Single Copy": false,
        "Plans": [
          {
            "Node Type": "Aggregate",
            "Strategy": "Plain",
            "Partial Mode": "Partial",
            "Parent Relationship": "Outer",
            "Parallel Aware": false,
            "Startup Cost": 123989.23,
            "Total Cost": 123989.24,
            "Plan Rows": 1,
            "Plan Width": 8,
            "Actual Startup Time": 494.762,
            "Actual Total Time": 494.765,
            "Actual Rows": 1,
            "Actual Loops": 2,
            "Plans": [
              {
                "Node Type": "Hash Join",
                "Parent Relationship": "Outer",
                "Parallel Aware": true,
                "Join Type": "Inner",
                "Startup Cost": 61335.91,
                "Total Cost": 123326.21,
                "Plan Rows": 265208,
                "Plan Width": 0,
                "Actual Startup Time": 187.167,
                "Actual Total Time": 493.125,
                "Actual Rows": 41810,
                "Actual Loops": 2,
                "Inner Unique": true,
                "Hash Cond": "(mk.movie_id = t.id)",
                "Plans": [
                  {
                    "Node Type": "Seq Scan",
                    "Parent Relationship": "Outer",
                    "Parallel Aware": true,
                    "Relation Name": "movie_keyword",
                    "Alias": "mk",
                    "Startup Cost": 0.0,
                    "Total Cost": 57718.19,
                    "Plan Rows": 1627469,
                    "Plan Width": 4,
                    "Actual Startup Time": 0.015,
                    "Actual Total Time": 191.042,
                    "Actual Rows": 1383002,
                    "Actual Loops": 2,
                    "Filter": "(keyword_id < 7882)",
                    "Rows Removed by Filter": 878962
                  },
                  {
                    "Node Type": "Hash",
                    "Parent Relationship": "Inner",
                    "Parallel Aware": true,
                    "Startup Cost": 58306.47,
                    "Total Cost": 58306.47,
                    "Plan Rows": 242355,
                    "Plan Width": 4,
                    "Actual Startup Time": 181.257,
                    "Actual Total Time": 181.258,
                    "Actual Rows": 150768,
                    "Actual Loops": 2,
                    "Hash Buckets": 524288,
                    "Original Hash Buckets": 524288,
                    "Hash Batches": 1,
                    "Original Hash Batches": 1,
                    "Peak Memory Usage": 15936,
                    "Plans": [
                      {
                        "Node Type": "Seq Scan",
                        "Parent Relationship": "Outer",
                        "Parallel Aware": true,
                        "Relation Name": "title",
                        "Alias": "t",
                        "Startup Cost": 0.0,
                        "Total Cost": 58306.47,
                        "Plan Rows": 242355,
                        "Plan Width": 4,
                        "Actual Startup Time": 0.032,
                        "Actual Total Time": 144.29,
                        "Actual Rows": 150768,
                        "Actual Loops": 2,
                        "Filter": "((production_year < 1990) AND (kind_id = 7))",
                        "Rows Removed by Filter": 1113388
                      }
                    ]
                  }
                ]
              }
            ]
          }
        ]
      }
    ]
  },
  "Planning Time": 0.603,
  "Triggers": [],
  "Execution Time": 518.53
}