[
  {
    "Plan": {
      "Node Type": "Aggregate",
      "Strategy": "Plain",
      "Partial Mode": "Finalize",
      "Parallel Aware": false,
      "Startup Cost": 31150.87,
      "Total Cost": 31150.88,
      "Plan Rows": 1,
      "Plan Width": 8,
      "Actual Startup Time": 96.475,
      "Actual Total Time": 102.336,
      "Actual Rows": 1,
      "Actual Loops": 1,
      "Plans": [
        {
          "Node Type": "Gather",
          "Parent Relationship": "Outer",
          "Parallel Aware": false,
          "Startup Cost": 31150.55,
          "Total Cost": 31150.86,
          "Plan Rows": 3,
          "Plan Width": 8,
          "Actual Startup Time": 96.36,
          "Actual Total Time": 102.328,
          "Actual Rows": 4,
          "Actual Loops": 1,
          "Workers Planned": 3,
          "Workers Launched": 3,
          "Single Copy": false,
          "Plans": [
            {
              "Node Type": "Aggregate",
              "Strategy": "Plain",
              "Partial Mode": "Partial",
              "Parent Relationship": "Outer",
              "Parallel Aware": false,
              "Startup Cost": 30150.55,
              "Total Cost": 30150.56,
              "Plan Rows": 1,
              "Plan Width": 8,
              "Actual Startup Time": 90.08,
              "Actual Total Time": 90.081,
              "Actual Rows": 1,
              "Actual Loops": 4,
              "Plans": [
                {
                  "Node Type": "Seq Scan",
                  "Parent Relationship": "Outer",
                  "Parallel Aware": true,
                  "Relation Name": "movie_companies",
                  "Alias": "mc",
                  "Startup Cost": 0.0,
                  "Total Cost": 29310.68,
                  "Plan Rows": 335948,
                  "Plan Width": 0,
                  "Actual Startup Time": 0.04,
                  "Actual Total Time": 75.039,
                  "Actual Rows": 261052,
                  "Actual Loops": 4,
                  "Filter": "(company_id < 6040)",
                  "Rows Removed by Filter": 391230
                }
              ]
            }
          ]
        }
      ]
    },
    "Planning Time": 0.095,
    "Triggers": [],
    "Execution Time": 102.366
  }
]