[
    {
        "Bao": {
            "Bao prediction": 660.961,
            "Bao recommended hint": "(no hint)"
        }
    },
    {
        "Plan": {
            "Node Type": "Aggregate",
            "Strategy": "Plain",
            "Partial Mode": "Finalize",
            "Parallel Aware": false,
            "Startup Cost": 281839.92,
            "Total Cost": 281839.93,
            "Plan Rows": 1,
            "Plan Width": 8,
            "Actual Startup Time": 195.771,
            "Actual Total Time": 203.791,
            "Actual Rows": 1,
            "Actual Loops": 1,
            "Output": [
                "count(*)"
            ],
            "Plans": [
                {
                    "Node Type": "Gather",
                    "Parent Relationship": "Outer",
                    "Parallel Aware": false,
                    "Startup Cost": 281839.3,
                    "Total Cost": 281839.91,
                    "Plan Rows": 6,
                    "Plan Width": 8,
                    "Actual Startup Time": 194.724,
                    "Actual Total Time": 203.777,
                    "Actual Rows": 7,
                    "Actual Loops": 1,
                    "Output": [
                        "(PARTIAL count(*))"
                    ],
                    "Workers Planned": 6,
                    "Workers Launched": 6,
                    "Single Copy": false,
                    "Plans": [
                        {
                            "Node Type": "Aggregate",
                            "Strategy": "Plain",
                            "Partial Mode": "Partial",
                            "Parent Relationship": "Outer",
                            "Parallel Aware": false,
                            "Startup Cost": 280839.3,
                            "Total Cost": 280839.31,
                            "Plan Rows": 1,
                            "Plan Width": 8,
                            "Actual Startup Time": 183.87,
                            "Actual Total Time": 183.872,
                            "Actual Rows": 1,
                            "Actual Loops": 7,
                            "Output": [
                                "PARTIAL count(*)"
                            ],
                            "Workers": [
                                {
                                    "Worker Number": 0,
                                    "Actual Startup Time": 181.376,
                                    "Actual Total Time": 181.378,
                                    "Actual Rows": 1,
                                    "Actual Loops": 1
                                },
                                {
                                    "Worker Number": 1,
                                    "Actual Startup Time": 181.414,
                                    "Actual Total Time": 181.416,
                                    "Actual Rows": 1,
                                    "Actual Loops": 1
                                },
                                {
                                    "Worker Number": 2,
                                    "Actual Startup Time": 181.362,
                                    "Actual Total Time": 181.364,
                                    "Actual Rows": 1,
                                    "Actual Loops": 1
                                },
                                {
                                    "Worker Number": 3,
                                    "Actual Startup Time": 182.806,
                                    "Actual Total Time": 182.808,
                                    "Actual Rows": 1,
                                    "Actual Loops": 1
                                },
                                {
                                    "Worker Number": 4,
                                    "Actual Startup Time": 182.937,
                                    "Actual Total Time": 182.938,
                                    "Actual Rows": 1,
                                    "Actual Loops": 1
                                },
                                {
                                    "Worker Number": 5,
                                    "Actual Startup Time": 183.354,
                                    "Actual Total Time": 183.356,
                                    "Actual Rows": 1,
                                    "Actual Loops": 1
                                }
                            ],
                            "Plans": [
                                {
                                    "Node Type": "Bitmap Heap Scan",
                                    "Parent Relationship": "Outer",
                                    "Parallel Aware": true,
                                    "Relation Name": "cast_info",
                                    "Schema": "public",
                                    "Alias": "ci",
                                    "Startup Cost": 25288.95,
                                    "Total Cost": 280362.08,
                                    "Plan Rows": 190890,
                                    "Plan Width": 0,
                                    "Actual Startup Time": 89.475,
                                    "Actual Total Time": 170.067,
                                    "Actual Rows": 176966,
                                    "Actual Loops": 7,
                                    "Recheck Cond": "(ci.person_id > 3822139)",
                                    "Rows Removed by Index Recheck": 0,
                                    "Exact Heap Blocks": 3923,
                                    "Lossy Heap Blocks": 0,
                                    "Workers": [
                                        {
                                            "Worker Number": 0,
                                            "Actual Startup Time": 86.779,
                                            "Actual Total Time": 168.346,
                                            "Actual Rows": 158246,
                                            "Actual Loops": 1
                                        },
                                        {
                                            "Worker Number": 1,
                                            "Actual Startup Time": 87.243,
                                            "Actual Total Time": 168.394,
                                            "Actual Rows": 156972,
                                            "Actual Loops": 1
                                        },
                                        {
                                            "Worker Number": 2,
                                            "Actual Startup Time": 87.381,
                                            "Actual Total Time": 168.501,
                                            "Actual Rows": 153223,
                                            "Actual Loops": 1
                                        },
                                        {
                                            "Worker Number": 3,
                                            "Actual Startup Time": 89.238,
                                            "Actual Total Time": 169.451,
                                            "Actual Rows": 166679,
                                            "Actual Loops": 1
                                        },
                                        {
                                            "Worker Number": 4,
                                            "Actual Startup Time": 88.241,
                                            "Actual Total Time": 169.306,
                                            "Actual Rows": 168452,
                                            "Actual Loops": 1
                                        },
                                        {
                                            "Worker Number": 5,
                                            "Actual Startup Time": 88.689,
                                            "Actual Total Time": 170.043,
                                            "Actual Rows": 162517,
                                            "Actual Loops": 1
                                        }
                                    ],
                                    "Plans": [
                                        {
                                            "Node Type": "Bitmap Index Scan",
                                            "Parent Relationship": "Outer",
                                            "Parallel Aware": false,
                                            "Index Name": "person_id_cast_info",
                                            "Startup Cost": 0.0,
                                            "Total Cost": 25002.61,
                                            "Plan Rows": 1145340,
                                            "Plan Width": 0,
                                            "Actual Startup Time": 94.481,
                                            "Actual Total Time": 94.482,
                                            "Actual Rows": 1238759,
                                            "Actual Loops": 1,
                                            "Index Cond": "(ci.person_id > 3822139)"
                                        }
                                    ]
                                }
                            ]
                        }
                    ]
                }
            ]
        },
        "Planning Time": 1633.244,
        "Triggers": [],
        "Execution Time": 203.921
    }
]