[
  {
    "Plan": {
      "Node Type": "Aggregate",
      "Strategy": "Plain",
      "Partial Mode": "Finalize",
      "Parallel Aware": false,
      "Startup Cost": 526657.34,
      "Total Cost": 526657.35,
      "Plan Rows": 1,
      "Plan Width": 32,
      "Actual Startup Time": 3738.439,
      "Actual Total Time": 3873.384,
      "Actual Rows": 1,
      "Actual Loops": 1,
      "Plans": [
        {
          "Node Type": "Gather",
          "Parent Relationship": "Outer",
          "Parallel Aware": false,
          "Startup Cost": 526657.02,
          "Total Cost": 526657.33,
          "Plan Rows": 3,
          "Plan Width": 32,
          "Actual Startup Time": 3733.678,
          "Actual Total Time": 3873.371,
          "Actual Rows": 4,
          "Actual Loops": 1,
          "Workers Planned": 3,
          "Workers Launched": 3,
          "Single Copy": false,
          "Plans": [
            {
              "Node Type": "Aggregate",
              "Strategy": "Plain",
              "Partial Mode": "Partial",
              "Parent Relationship": "Outer",
              "Parallel Aware": false,
              "Startup Cost": 525657.02,
              "Total Cost": 525657.03,
              "Plan Rows": 1,
              "Plan Width": 32,
              "Actual Startup Time": 3723.264,
              "Actual Total Time": 3723.403,
              "Actual Rows": 1,
              "Actual Loops": 4,
              "Plans": [
                {
                  "Node Type": "Hash Join",
                  "Parent Relationship": "Outer",
                  "Parallel Aware": true,
                  "Join Type": "Inner",
                  "Startup Cost": 495294.02,
                  "Total Cost": 525656.93,
                  "Plan Rows": 37,
                  "Plan Width": 15,
                  "Actual Startup Time": 3519.694,
                  "Actual Total Time": 3713.327,
                  "Actual Rows": 137156,
                  "Actual Loops": 4,
                  "Inner Unique": true,
                  "Hash Cond": "(mc.company_id = cn.id)",
                  "Plans": [
                    {
                      "Node Type": "Hash Join",
                      "Parent Relationship": "Outer",
                      "Parallel Aware": true,
                      "Join Type": "Inner",
                      "Startup Cost": 489188.76,
                      "Total Cost": 519551.57,
                      "Plan Rows": 37,
                      "Plan Width": 19,
                      "Actual Startup Time": 3472.663,
                      "Actual Total Time": 3638.468,
                      "Actual Rows": 137156,
                      "Actual Loops": 4,
                      "Inner Unique": false,
                      "Hash Cond": "(mc.movie_id = ci.movie_id)",
                      "Plans": [
                        {
                          "Node Type": "Seq Scan",
                          "Parent Relationship": "Outer",
                          "Parallel Aware": true,
                          "Relation Name": "movie_companies",
                          "Alias": "mc",
                          "Startup Cost": 0.0,
                          "Total Cost": 27206.55,
                          "Plan Rows": 841655,
                          "Plan Width": 8,
                          "Actual Startup Time": 0.016,
                          "Actual Total Time": 69.505,
                          "Actual Rows": 652282,
                          "Actual Loops": 4
                        },
                        {
                          "Node Type": "Hash",
                          "Parent Relationship": "Inner",
                          "Parallel Aware": true,
                          "Startup Cost": 489188.66,
                          "Total Cost": 489188.66,
                          "Plan Rows": 8,
                          "Plan Width": 27,
                          "Actual Startup Time": 3472.319,
                          "Actual Total Time": 3472.454,
                          "Actual Rows": 18560,
                          "Actual Loops": 4,
                          "Hash Buckets": 131072,
                          "Original Hash Buckets": 1024,
                          "Hash Batches": 1,
                          "Original Hash Batches": 1,
                          "Peak Memory Usage": 6712,
                          "Plans": [
                            {
                              "Node Type": "Hash Join",
                              "Parent Relationship": "Outer",
                              "Parallel Aware": true,
                              "Join Type": "Inner",
                              "Startup Cost": 159355.02,
                              "Total Cost": 489188.66,
                              "Plan Rows": 8,
                              "Plan Width": 27,
                              "Actual Startup Time": 827.286,
                              "Actual Total Time": 3196.586,
                              "Actual Rows": 18560,
                              "Actual Loops": 4,
                              "Inner Unique": false,
                              "Hash Cond": "(ci.movie_id = t.id)",
                              "Plans": [
                                {
                                  "Node Type": "Hash Join",
                                  "Parent Relationship": "Outer",
                                  "Parallel Aware": true,
                                  "Join Type": "Inner",
                                  "Startup Cost": 69161.75,
                                  "Total Cost": 398080.5,
                                  "Plan Rows": 243966,
                                  "Plan Width": 19,
                                  "Actual Startup Time": 255.02,
                                  "Actual Total Time": 2526.479,
                                  "Actual Rows": 542266,
                                  "Actual Loops": 4,
                                  "Inner Unique": true,
                                  "Hash Cond": "(ci.person_id = n.id)",
                                  "Plans": [
                                    {
                                      "Node Type": "Seq Scan",
                                      "Parent Relationship": "Outer",
                                      "Parallel Aware": true,
                                      "Relation Name": "cast_info",
                                      "Alias": "ci",
                                      "Startup Cost": 0.0,
                                      "Total Cost": 313068.58,
                                      "Plan Rows": 6038158,
                                      "Plan Width": 8,
                                      "Actual Startup Time": 0.016,
                                      "Actual Total Time": 1137.185,
                                      "Actual Rows": 9061086,
                                      "Actual Loops": 4
                                    },
                                    {
                                      "Node Type": "Hash",
                                      "Parent Relationship": "Inner",
                                      "Parallel Aware": true,
                                      "Startup Cost": 68635.58,
                                      "Total Cost": 68635.58,
                                      "Plan Rows": 42093,
                                      "Plan Width": 19,
                                      "Actual Startup Time": 254.055,
                                      "Actual Total Time": 254.057,
                                      "Actual Rows": 58372,
                                      "Actual Loops": 4,
                                      "Hash Buckets": 262144,
                                      "Original Hash Buckets": 262144,
                                      "Hash Batches": 1,
                                      "Original Hash Batches": 1,
                                      "Peak Memory Usage": 14784,
                                      "Plans": [
                                        {
                                          "Node Type": "Seq Scan",
                                          "Parent Relationship": "Outer",
                                          "Parallel Aware": true,
                                          "Relation Name": "name",
                                          "Alias": "n",
                                          "Startup Cost": 0.0,
                                          "Total Cost": 68635.58,
                                          "Plan Rows": 42093,
                                          "Plan Width": 19,
                                          "Actual Startup Time": 0.066,
                                          "Actual Total Time": 216.86,
                                          "Actual Rows": 58372,
                                          "Actual Loops": 4,
                                          "Filter": "(name ~~ '%W%'::text)",
                                          "Rows Removed by Filter": 983501
                                        }
                                      ]
                                    }
                                  ]
                                },
                                {
                                  "Node Type": "Hash",
                                  "Parent Relationship": "Inner",
                                  "Parallel Aware": true,
                                  "Startup Cost": 90193.17,
                                  "Total Cost": 90193.17,
                                  "Plan Rows": 8,
                                  "Plan Width": 8,
                                  "Actual Startup Time": 571.066,
                                  "Actual Total Time": 571.072,
                                  "Actual Rows": 10460,
                                  "Actual Loops": 4,
                                  "Hash Buckets": 65536,
                                  "Original Hash Buckets": 1024,
                                  "Hash Batches": 1,
                                  "Original Hash Batches": 1,
                                  "Peak Memory Usage": 2712,
                                  "Plans": [
                                    {
                                      "Node Type": "Hash Join",
                                      "Parent Relationship": "Outer",
                                      "Parallel Aware": true,
                                      "Join Type": "Inner",
                                      "Startup Cost": 45504.47,
                                      "Total Cost": 90193.17,
                                      "Plan Rows": 8,
                                      "Plan Width": 8,
                                      "Actual Startup Time": 309.268,
                                      "Actual Total Time": 531.54,
                                      "Actual Rows": 10460,
                                      "Actual Loops": 4,
                                      "Inner Unique": false,
                                      "Hash Cond": "(t.id = mk.movie_id)",
                                      "Plans": [
                                        {
                                          "Node Type": "Seq Scan",
                                          "Parent Relationship": "Outer",
                                          "Parallel Aware": true,
                                          "Relation Name": "title",
                                          "Alias": "t",
                                          "Startup Cost": 0.0,
                                          "Total Cost": 42318.49,
                                          "Plan Rows": 632049,
                                          "Plan Width": 4,
                                          "Actual Startup Time": 0.023,
                                          "Actual Total Time": 119.41,
                                          "Actual Rows": 632078,
                                          "Actual Loops": 4
                                        },
                                        {
                                          "Node Type": "Hash",
                                          "Parent Relationship": "Inner",
                                          "Parallel Aware": true,
                                          "Startup Cost": 45504.33,
                                          "Total Cost": 45504.33,
                                          "Plan Rows": 11,
                                          "Plan Width": 4,
                                          "Actual Startup Time": 309.091,
                                          "Actual Total Time": 309.094,
                                          "Actual Rows": 10460,
                                          "Actual Loops": 4,
                                          "Hash Buckets": 65536,
                                          "Original Hash Buckets": 1024,
                                          "Hash Batches": 1,
                                          "Original Hash Batches": 1,
                                          "Peak Memory Usage": 2712,
                                          "Plans": [
                                            {
                                              "Node Type": "Hash Join",
                                              "Parent Relationship": "Outer",
                                              "Parallel Aware": false,
                                              "Join Type": "Inner",
                                              "Startup Cost": 2626.14,
                                              "Total Cost": 45504.33,
                                              "Plan Rows": 11,
                                              "Plan Width": 4,
                                              "Actual Startup Time": 18.762,
                                              "Actual Total Time": 264.625,
                                              "Actual Rows": 10460,
                                              "Actual Loops": 4,
                                              "Inner Unique": true,
                                              "Hash Cond": "(mk.keyword_id = k.id)",
                                              "Plans": [
                                                {
                                                  "Node Type": "Seq Scan",
                                                  "Parent Relationship": "Outer",
                                                  "Parallel Aware": true,
                                                  "Relation Name": "movie_keyword",
                                                  "Alias": "mk",
                                                  "Startup Cost": 0.0,
                                                  "Total Cost": 39047.32,
                                                  "Plan Rows": 1459332,
                                                  "Plan Width": 8,
                                                  "Actual Startup Time": 0.033,
                                                  "Actual Total Time": 143.824,
                                                  "Actual Rows": 1130982,
                                                  "Actual Loops": 4
                                                },
                                                {
                                                  "Node Type": "Hash",
                                                  "Parent Relationship": "Inner",
                                                  "Parallel Aware": false,
                                                  "Startup Cost": 2626.12,
                                                  "Total Cost": 2626.12,
                                                  "Plan Rows": 1,
                                                  "Plan Width": 4,
                                                  "Actual Startup Time": 18.654,
                                                  "Actual Total Time": 18.655,
                                                  "Actual Rows": 1,
                                                  "Actual Loops": 4,
                                                  "Hash Buckets": 1024,
                                                  "Original Hash Buckets": 1024,
                                                  "Hash Batches": 1,
                                                  "Original Hash Batches": 1,
                                                  "Peak Memory Usage": 9,
                                                  "Plans": [
                                                    {
                                                      "Node Type": "Seq Scan",
                                                      "Parent Relationship": "Outer",
                                                      "Parallel Aware": false,
                                                      "Relation Name": "keyword",
                                                      "Alias": "k",
                                                      "Startup Cost": 0.0,
                                                      "Total Cost": 2626.12,
                                                      "Plan Rows": 1,
                                                      "Plan Width": 4,
                                                      "Actual Startup Time": 1.022,
                                                      "Actual Total Time": 18.647,
                                                      "Actual Rows": 1,
                                                      "Actual Loops": 4,
                                                      "Filter": "(keyword = 'character-name-in-title'::text)",
                                                      "Rows Removed by Filter": 134169
                                                    }
                                                  ]
                                                }
                                              ]
                                            }
                                          ]
                                        }
                                      ]
                                    }
                                  ]
                                }
                              ]
                            }
                          ]
                        }
                      ]
                    },
                    {
                      "Node Type": "Hash",
                      "Parent Relationship": "Inner",
                      "Parallel Aware": true,
                      "Startup Cost": 4377.34,
                      "Total Cost": 4377.34,
                      "Plan Rows": 138234,
                      "Plan Width": 4,
                      "Actual Startup Time": 45.04,
                      "Actual Total Time": 45.041,
                      "Actual Rows": 58749,
                      "Actual Loops": 4,
                      "Hash Buckets": 262144,
                      "Original Hash Buckets": 262144,
                      "Hash Batches": 1,
                      "Original Hash Batches": 1,
                      "Peak Memory Usage": 11328,
                      "Plans": [
                        {
                          "Node Type": "Seq Scan",
                          "Parent Relationship": "Outer",
                          "Parallel Aware": true,
                          "Relation Name": "company_name",
                          "Alias": "cn",
                          "Startup Cost": 0.0,
                          "Total Cost": 4377.34,
                          "Plan Rows": 138234,
                          "Plan Width": 4,
                          "Actual Startup Time": 0.071,
                          "Actual Total Time": 21.898,
                          "Actual Rows": 58749,
                          "Actual Loops": 4
                        }
                      ]
                    }
                  ]
                }
              ]
            }
          ]
        }
      ]
    },
    "Planning Time": 13.759,
    "Triggers": [],
    "Execution Time": 3873.854
  }
]