[
    {
        "Bao": {
            "Bao prediction": "NaN",
            "Bao recommended hint": "(no hint)"
        }
    },
    {
        "Plan": {
            "Node Type": "Aggregate",
            "Strategy": "Plain",
            "Partial Mode": "Simple",
            "Parallel Aware": false,
            "Startup Cost": 26562.98,
            "Total Cost": 26562.99,
            "Plan Rows": 1,
            "Plan Width": 8,
            "Actual Startup Time": 29.176,
            "Actual Total Time": 29.177,
            "Actual Rows": 1,
            "Actual Loops": 1,
            "Output": [
                "count(*)"
            ],
            "Plans": [
                {
                    "Node Type": "Bitmap Heap Scan",
                    "Parent Relationship": "Outer",
                    "Parallel Aware": false,
                    "Relation Name": "movie_keyword",
                    "Schema": "public",
                    "Alias": "mk",
                    "Startup Cost": 1235.65,
                    "Total Cost": 26417.43,
                    "Plan Rows": 58222,
                    "Plan Width": 0,
                    "Actual Startup Time": 5.536,
                    "Actual Total Time": 26.909,
                    "Actual Rows": 53154,
                    "Actual Loops": 1,
                    "Recheck Cond": "(mk.keyword_id > 98144)",
                    "Rows Removed by Index Recheck": 0,
                    "Exact Heap Blocks": 12727,
                    "Lossy Heap Blocks": 0,
                    "Plans": [
                        {
                            "Node Type": "Bitmap Index Scan",
                            "Parent Relationship": "Outer",
                            "Parallel Aware": false,
                            "Index Name": "keyword_id_movie_keyword",
                            "Startup Cost": 0.0,
                            "Total Cost": 1221.1,
                            "Plan Rows": 58222,
                            "Plan Width": 0,
                            "Actual Startup Time": 3.587,
                            "Actual Total Time": 3.587,
                            "Actual Rows": 53154,
                            "Actual Loops": 1,
                            "Index Cond": "(mk.keyword_id > 98144)"
                        }
                    ]
                }
            ]
        },
        "Planning Time": 224.816,
        "Triggers": [],
        "Execution Time": 29.212
    }
]