[
  {
    "Plan": {
      "Node Type": "Aggregate",
      "Strategy": "Plain",
      "Partial Mode": "Finalize",
      "Parallel Aware": false,
      "Startup Cost": 432321.73,
      "Total Cost": 432321.74,
      "Plan Rows": 1,
      "Plan Width": 8,
      "Actual Startup Time": 2842.122,
      "Actual Total Time": 2917.341,
      "Actual Rows": 1,
      "Actual Loops": 1,
      "Plans": [
        {
          "Node Type": "Gather",
          "Parent Relationship": "Outer",
          "Parallel Aware": false,
          "Startup Cost": 432321.41,
          "Total Cost": 432321.72,
          "Plan Rows": 3,
          "Plan Width": 8,
          "Actual Startup Time": 2838.696,
          "Actual Total Time": 2917.332,
          "Actual Rows": 4,
          "Actual Loops": 1,
          "Workers Planned": 3,
          "Workers Launched": 3,
          "Single Copy": false,
          "Plans": [
            {
              "Node Type": "Aggregate",
              "Strategy": "Plain",
              "Partial Mode": "Partial",
              "Parent Relationship": "Outer",
              "Parallel Aware": false,
              "Startup Cost": 431321.41,
              "Total Cost": 431321.42,
              "Plan Rows": 1,
              "Plan Width": 8,
              "Actual Startup Time": 2831.286,
              "Actual Total Time": 2831.29,
              "Actual Rows": 1,
              "Actual Loops": 4,
              "Plans": [
                {
                  "Node Type": "Nested Loop",
                  "Parent Relationship": "Outer",
                  "Parallel Aware": false,
                  "Join Type": "Inner",
                  "Startup Cost": 46438.85,
                  "Total Cost": 429516.77,
                  "Plan Rows": 721856,
                  "Plan Width": 0,
                  "Actual Startup Time": 171.61,
                  "Actual Total Time": 2764.098,
                  "Actual Rows": 1394642,
                  "Actual Loops": 4,
                  "Inner Unique": false,
                  "Join Filter": "(t.id = ci.movie_id)",
                  "Rows Removed by Join Filter": 0,
                  "Plans": [
                    {
                      "Node Type": "Hash Join",
                      "Parent Relationship": "Outer",
                      "Parallel Aware": true,
                      "Join Type": "Inner",
                      "Startup Cost": 46438.28,
                      "Total Cost": 90101.63,
                      "Plan Rows": 118478,
                      "Plan Width": 8,
                      "Actual Startup Time": 171.474,
                      "Actual Total Time": 333.559,
                      "Actual Rows": 125675,
                      "Actual Loops": 4,
                      "Inner Unique": true,
                      "Hash Cond": "(mk.movie_id = t.id)",
                      "Plans": [
                        {
                          "Node Type": "Seq Scan",
                          "Parent Relationship": "Outer",
                          "Parallel Aware": true,
                          "Relation Name": "movie_keyword",
                          "Alias": "mk",
                          "Startup Cost": 0.0,
                          "Total Cost": 42695.65,
                          "Plan Rows": 368647,
                          "Plan Width": 4,
                          "Actual Startup Time": 0.012,
                          "Actual Total Time": 92.214,
                          "Actual Rows": 285604,
                          "Actual Loops": 4,
                          "Filter": "(keyword_id < 1301)",
                          "Rows Removed by Filter": 845379
                        },
                        {
                          "Node Type": "Hash",
                          "Parent Relationship": "Inner",
                          "Parallel Aware": true,
                          "Startup Cost": 43899.01,
                          "Total Cost": 43899.01,
                          "Plan Rows": 203142,
                          "Plan Width": 4,
                          "Actual Startup Time": 166.845,
                          "Actual Total Time": 166.845,
                          "Actual Rows": 203176,
                          "Actual Loops": 4,
                          "Hash Buckets": 1048576,
                          "Original Hash Buckets": 1048576,
                          "Hash Batches": 1,
                          "Original Hash Batches": 1,
                          "Peak Memory Usage": 40032,
                          "Plans": [
                            {
                              "Node Type": "Seq Scan",
                              "Parent Relationship": "Outer",
                              "Parallel Aware": true,
                              "Relation Name": "title",
                              "Alias": "t",
                              "Startup Cost": 0.0,
                              "Total Cost": 43899.01,
                              "Plan Rows": 203142,
                              "Plan Width": 4,
                              "Actual Startup Time": 0.029,
                              "Actual Total Time": 95.205,
                              "Actual Rows": 203176,
                              "Actual Loops": 4,
                              "Filter": "(production_year < 1995)",
                              "Rows Removed by Filter": 428902
                            }
                          ]
                        }
                      ]
                    },
                    {
                      "Node Type": "Index Scan",
                      "Parent Relationship": "Inner",
                      "Parallel Aware": false,
                      "Scan Direction": "Forward",
                      "Index Name": "movie_id_cast_info",
                      "Relation Name": "cast_info",
                      "Alias": "ci",
                      "Startup Cost": 0.56,
                      "Total Cost": 2.66,
                      "Plan Rows": 16,
                      "Plan Width": 4,
                      "Actual Startup Time": 0.011,
                      "Actual Total Time": 0.018,
                      "Actual Rows": 11,
                      "Actual Loops": 502700,
                      "Index Cond": "(movie_id = mk.movie_id)",
                      "Rows Removed by Index Recheck": 0,
                      "Filter": "(person_id > 2089637)",
                      "Rows Removed by Filter": 23
                    }
                  ]
                }
              ]
            }
          ]
        }
      ]
    },
    "Planning Time": 1.313,
    "Triggers": [],
    "Execution Time": 2917.428
  }
]