[
    {
        "Bao": {
            "Bao prediction": "NaN",
            "Bao recommended hint": "(no hint)"
        }
    },
    {
        "Plan": {
            "Node Type": "Aggregate",
            "Strategy": "Plain",
            "Partial Mode": "Finalize",
            "Parallel Aware": false,
            "Startup Cost": 32669.83,
            "Total Cost": 32669.84,
            "Plan Rows": 1,
            "Plan Width": 8,
            "Actual Startup Time": 88.434,
            "Actual Total Time": 93.305,
            "Actual Rows": 1,
            "Actual Loops": 1,
            "Output": [
                "count(*)"
            ],
            "Plans": [
                {
                    "Node Type": "Gather",
                    "Parent Relationship": "Outer",
                    "Parallel Aware": false,
                    "Startup Cost": 32669.51,
                    "Total Cost": 32669.82,
                    "Plan Rows": 3,
                    "Plan Width": 8,
                    "Actual Startup Time": 88.336,
                    "Actual Total Time": 93.297,
                    "Actual Rows": 4,
                    "Actual Loops": 1,
                    "Output": [
                        "(PARTIAL count(*))"
                    ],
                    "Workers Planned": 3,
                    "Workers Launched": 3,
                    "Single Copy": false,
                    "Plans": [
                        {
                            "Node Type": "Aggregate",
                            "Strategy": "Plain",
                            "Partial Mode": "Partial",
                            "Parent Relationship": "Outer",
                            "Parallel Aware": false,
                            "Startup Cost": 31669.51,
                            "Total Cost": 31669.52,
                            "Plan Rows": 1,
                            "Plan Width": 8,
                            "Actual Startup Time": 80.104,
                            "Actual Total Time": 80.105,
                            "Actual Rows": 1,
                            "Actual Loops": 4,
                            "Output": [
                                "PARTIAL count(*)"
                            ],
                            "Workers": [
                                {
                                    "Worker Number": 0,
                                    "Actual Startup Time": 77.42,
                                    "Actual Total Time": 77.422,
                                    "Actual Rows": 1,
                                    "Actual Loops": 1
                                },
                                {
                                    "Worker Number": 1,
                                    "Actual Startup Time": 77.471,
                                    "Actual Total Time": 77.472,
                                    "Actual Rows": 1,
                                    "Actual Loops": 1
                                },
                                {
                                    "Worker Number": 2,
                                    "Actual Startup Time": 77.834,
                                    "Actual Total Time": 77.835,
                                    "Actual Rows": 1,
                                    "Actual Loops": 1
                                }
                            ],
                            "Plans": [
                                {
                                    "Node Type": "Seq Scan",
                                    "Parent Relationship": "Outer",
                                    "Parallel Aware": true,
                                    "Relation Name": "movie_companies",
                                    "Schema": "public",
                                    "Alias": "mc",
                                    "Startup Cost": 0.0,
                                    "Total Cost": 31414.82,
                                    "Plan Rows": 101878,
                                    "Plan Width": 0,
                                    "Actual Startup Time": 39.665,
                                    "Actual Total Time": 73.316,
                                    "Actual Rows": 152304,
                                    "Actual Loops": 4,
                                    "Output": [
                                        "id",
                                        "movie_id",
                                        "company_id",
                                        "company_type_id",
                                        "note"
                                    ],
                                    "Filter": "((mc.company_id > 62709) AND (mc.company_type_id > 1))",
                                    "Rows Removed by Filter": 499978,
                                    "Workers": [
                                        {
                                            "Worker Number": 0,
                                            "Actual Startup Time": 36.987,
                                            "Actual Total Time": 70.725,
                                            "Actual Rows": 161255,
                                            "Actual Loops": 1
                                        },
                                        {
                                            "Worker Number": 1,
                                            "Actual Startup Time": 37.023,
                                            "Actual Total Time": 70.825,
                                            "Actual Rows": 99772,
                                            "Actual Loops": 1
                                        },
                                        {
                                            "Worker Number": 2,
                                            "Actual Startup Time": 37.398,
                                            "Actual Total Time": 71.321,
                                            "Actual Rows": 156229,
                                            "Actual Loops": 1
                                        }
                                    ]
                                }
                            ]
                        }
                    ]
                }
            ]
        },
        "Planning Time": 178.465,
        "Triggers": [],
        "Execution Time": 93.38
    }
]