{
  "Plan": {
    "Node Type": "Aggregate",
    "Strategy": "Plain",
    "Partial Mode": "Finalize",
    "Parallel Aware": false,
    "Startup Cost": 102193.02,
    "Total Cost": 102193.03,
    "Plan Rows": 1,
    "Plan Width": 8,
    "Actual Startup Time": 394.969,
    "Actual Total Time": 407.858,
    "Actual Rows": 1,
    "Actual Loops": 1,
    "Plans": [
      {
        "Node Type": "Gather",
        "Parent Relationship": "Outer",
        "Parallel Aware": false,
        "Startup Cost": 102192.9,
        "Total Cost": 102193.01,
        "Plan Rows": 1,
        "Plan Width": 8,
        "Actual Startup Time": 394.595,
        "Actual Total Time": 407.848,
        "Actual Rows": 2,
        "Actual Loops": 1,
        "Workers Planned": 1,
        "Workers Launched": 1,
        "Single Copy": false,
        "Plans": [
          {
            "Node Type": "Aggregate",
            "Strategy": "Plain",
            "Partial Mode": "Partial",
            "Parent Relationship": "Outer",
            "Parallel Aware": false,
            "Startup Cost": 101192.9,
            "Total Cost": 101192.91,
            "Plan Rows": 1,
            "Plan Width": 8,
            "Actual Startup Time": 390.906,
            "Actual Total Time": 390.91,
            "Actual Rows": 1,
            "Actual Loops": 2,
            "Plans": [
              {
                "Node Type": "Hash Join",
                "Parent Relationship": "Outer",
                "Parallel Aware": true,
                "Join Type": "Inner",
                "Startup Cost": 38900.65,
                "Total Cost": 101153.03,
                "Plan Rows": 15951,
                "Plan Width": 0,
                "Actual Startup Time": 117.205,
                "Actual Total Time": 390.001,
                "Actual Rows": 15008,
                "Actual Loops": 2,
                "Inner Unique": true,
                "Hash Cond": "(mk.movie_id = t.id)",
                "Plans": [
                  {
                    "Node Type": "Seq Scan",
                    "Parent Relationship": "Outer",
                    "Parallel Aware": true,
                    "Relation Name": "movie_keyword",
                    "Alias": "mk",
                    "Startup Cost": 0.0,
                    "Total Cost": 57718.19,
                    "Plan Rows": 1727305,
                    "Plan Width": 4,
                    "Actual Startup Time": 0.242,
                    "Actual Total Time": 222.93,
                    "Actual Rows": 1461608,
                    "Actual Loops": 2,
                    "Filter": "(keyword_id > 2477)",
                    "Rows Removed by Filter": 800356
                  },
                  {
                    "Node Type": "Hash",
                    "Parent Relationship": "Inner",
                    "Parallel Aware": true,
                    "Startup Cost": 38728.97,
                    "Total Cost": 38728.97,
                    "Plan Rows": 13734,
                    "Plan Width": 4,
                    "Actual Startup Time": 54.622,
                    "Actual Total Time": 54.623,
                    "Actual Rows": 14374,
                    "Actual Loops": 2,
                    "Hash Buckets": 32768,
                    "Original Hash Buckets": 32768,
                    "Hash Batches": 1,
                    "Original Hash Batches": 1,
                    "Peak Memory Usage": 1408,
                    "Plans": [
                      {
                        "Node Type": "Bitmap Heap Scan",
                        "Parent Relationship": "Outer",
                        "Parallel Aware": true,
                        "Relation Name": "title",
                        "Alias": "t",
                        "Startup Cost": 1828.97,
                        "Total Cost": 38728.97,
                        "Plan Rows": 13734,
                        "Plan Width": 4,
                        "Actual Startup Time": 15.779,
                        "Actual Total Time": 50.922,
                        "Actual Rows": 14374,
                        "Actual Loops": 2,
                        "Recheck Cond": "(kind_id = 3)",
                        "Rows Removed by Index Recheck": 0,
                        "Filter": "(production_year < 1985)",
                        "Rows Removed by Filter": 35895,
                        "Exact Heap Blocks": 11137,
                        "Lossy Heap Blocks": 0,
                        "Plans": [
                          {
                            "Node Type": "Bitmap Index Scan",
                            "Parent Relationship": "Outer",
                            "Parallel Aware": false,
                            "Index Name": "kind_id_title",
                            "Startup Cost": 0.0,
                            "Total Cost": 1823.13,
                            "Plan Rows": 102227,
                            "Plan Width": 0,
                            "Actual Startup Time": 13.936,
                            "Actual Total Time": 13.936,
                            "Actual Rows": 100537,
                            "Actual Loops": 1,
                            "Index Cond": "(kind_id = 3)"
                          }
                        ]
                      }
                    ]
                  }
                ]
              }
            ]
          }
        ]
      }
    ]
  },
  "Planning Time": 0.476,
  "Triggers": [],
  "Execution Time": 407.946
}