[
    {
        "Bao": {
            "Bao prediction": "NaN",
            "Bao recommended hint": "(no hint)"
        }
    },
    {
        "Plan": {
            "Node Type": "Aggregate",
            "Strategy": "Plain",
            "Partial Mode": "Finalize",
            "Parallel Aware": false,
            "Startup Cost": 348475.57,
            "Total Cost": 348475.58,
            "Plan Rows": 1,
            "Plan Width": 8,
            "Actual Startup Time": 819.201,
            "Actual Total Time": 850.066,
            "Actual Rows": 1,
            "Actual Loops": 1,
            "Output": [
                "count(*)"
            ],
            "Plans": [
                {
                    "Node Type": "Gather",
                    "Parent Relationship": "Outer",
                    "Parallel Aware": false,
                    "Startup Cost": 348474.94,
                    "Total Cost": 348475.55,
                    "Plan Rows": 6,
                    "Plan Width": 8,
                    "Actual Startup Time": 819.089,
                    "Actual Total Time": 850.056,
                    "Actual Rows": 7,
                    "Actual Loops": 1,
                    "Output": [
                        "(PARTIAL count(*))"
                    ],
                    "Workers Planned": 6,
                    "Workers Launched": 6,
                    "Single Copy": false,
                    "Plans": [
                        {
                            "Node Type": "Aggregate",
                            "Strategy": "Plain",
                            "Partial Mode": "Partial",
                            "Parent Relationship": "Outer",
                            "Parallel Aware": false,
                            "Startup Cost": 347474.94,
                            "Total Cost": 347474.95,
                            "Plan Rows": 1,
                            "Plan Width": 8,
                            "Actual Startup Time": 809.313,
                            "Actual Total Time": 809.314,
                            "Actual Rows": 1,
                            "Actual Loops": 7,
                            "Output": [
                                "PARTIAL count(*)"
                            ],
                            "Workers": [
                                {
                                    "Worker Number": 0,
                                    "Actual Startup Time": 806.904,
                                    "Actual Total Time": 806.906,
                                    "Actual Rows": 1,
                                    "Actual Loops": 1
                                },
                                {
                                    "Worker Number": 1,
                                    "Actual Startup Time": 807.078,
                                    "Actual Total Time": 807.079,
                                    "Actual Rows": 1,
                                    "Actual Loops": 1
                                },
                                {
                                    "Worker Number": 2,
                                    "Actual Startup Time": 807.76,
                                    "Actual Total Time": 807.761,
                                    "Actual Rows": 1,
                                    "Actual Loops": 1
                                },
                                {
                                    "Worker Number": 3,
                                    "Actual Startup Time": 808.159,
                                    "Actual Total Time": 808.16,
                                    "Actual Rows": 1,
                                    "Actual Loops": 1
                                },
                                {
                                    "Worker Number": 4,
                                    "Actual Startup Time": 808.178,
                                    "Actual Total Time": 808.18,
                                    "Actual Rows": 1,
                                    "Actual Loops": 1
                                },
                                {
                                    "Worker Number": 5,
                                    "Actual Startup Time": 808.455,
                                    "Actual Total Time": 808.457,
                                    "Actual Rows": 1,
                                    "Actual Loops": 1
                                }
                            ],
                            "Plans": [
                                {
                                    "Node Type": "Seq Scan",
                                    "Parent Relationship": "Outer",
                                    "Parallel Aware": true,
                                    "Relation Name": "cast_info",
                                    "Schema": "public",
                                    "Alias": "ci",
                                    "Startup Cost": 0.0,
                                    "Total Cost": 343318.94,
                                    "Plan Rows": 1662400,
                                    "Plan Width": 0,
                                    "Actual Startup Time": 416.144,
                                    "Actual Total Time": 760.073,
                                    "Actual Rows": 788725,
                                    "Actual Loops": 7,
                                    "Output": [
                                        "id",
                                        "person_id",
                                        "movie_id",
                                        "person_role_id",
                                        "note",
                                        "nr_order",
                                        "role_id"
                                    ],
                                    "Filter": "((ci.person_id < 2291625) AND (ci.role_id > 2))",
                                    "Rows Removed by Filter": 4389038,
                                    "Workers": [
                                        {
                                            "Worker Number": 0,
                                            "Actual Startup Time": 413.771,
                                            "Actual Total Time": 759.286,
                                            "Actual Rows": 695726,
                                            "Actual Loops": 1
                                        },
                                        {
                                            "Worker Number": 1,
                                            "Actual Startup Time": 413.916,
                                            "Actual Total Time": 759.835,
                                            "Actual Rows": 692216,
                                            "Actual Loops": 1
                                        },
                                        {
                                            "Worker Number": 2,
                                            "Actual Startup Time": 414.592,
                                            "Actual Total Time": 759.847,
                                            "Actual Rows": 700670,
                                            "Actual Loops": 1
                                        },
                                        {
                                            "Worker Number": 3,
                                            "Actual Startup Time": 414.973,
                                            "Actual Total Time": 760.634,
                                            "Actual Rows": 695665,
                                            "Actual Loops": 1
                                        },
                                        {
                                            "Worker Number": 4,
                                            "Actual Startup Time": 414.998,
                                            "Actual Total Time": 760.868,
                                            "Actual Rows": 691649,
                                            "Actual Loops": 1
                                        },
                                        {
                                            "Worker Number": 5,
                                            "Actual Startup Time": 415.28,
                                            "Actual Total Time": 761.002,
                                            "Actual Rows": 1114620,
                                            "Actual Loops": 1
                                        }
                                    ]
                                }
                            ]
                        }
                    ]
                }
            ]
        },
        "Planning Time": 278.468,
        "Triggers": [],
        "Execution Time": 850.124
    }
]