{
  "Plan": {
    "Node Type": "Aggregate",
    "Strategy": "Plain",
    "Partial Mode": "Simple",
    "Parallel Aware": false,
    "Startup Cost": 7704.79,
    "Total Cost": 7704.8,
    "Plan Rows": 1,
    "Plan Width": 64,
    "Actual Startup Time": 592.556,
    "Actual Total Time": 592.565,
    "Actual Rows": 1,
    "Actual Loops": 1,
    "Plans": [
      {
        "Node Type": "Nested Loop",
        "Parent Relationship": "Outer",
        "Parallel Aware": false,
        "Join Type": "Inner",
        "Startup Cost": 12.11,
        "Total Cost": 7704.79,
        "Plan Rows": 1,
        "Plan Width": 23,
        "Actual Startup Time": 10.639,
        "Actual Total Time": 592.391,
        "Actual Rows": 249,
        "Actual Loops": 1,
        "Inner Unique": true,
        "Join Filter": "(t.kind_id = kt.id)",
        "Rows Removed by Join Filter": 5335,
        "Plans": [
          {
            "Node Type": "Nested Loop",
            "Parent Relationship": "Outer",
            "Parallel Aware": false,
            "Join Type": "Inner",
            "Startup Cost": 12.11,
            "Total Cost": 7703.68,
            "Plan Rows": 1,
            "Plan Width": 27,
            "Actual Startup Time": 5.696,
            "Actual Total Time": 578.641,
            "Actual Rows": 2818,
            "Actual Loops": 1,
            "Inner Unique": true,
            "Join Filter": "(mi.info_type_id = it1.id)",
            "Rows Removed by Join Filter": 3260,
            "Plans": [
              {
                "Node Type": "Nested Loop",
                "Parent Relationship": "Outer",
                "Parallel Aware": false,
                "Join Type": "Inner",
                "Startup Cost": 12.11,
                "Total Cost": 7701.25,
                "Plan Rows": 1,
                "Plan Width": 31,
                "Actual Startup Time": 5.672,
                "Actual Total Time": 515.313,
                "Actual Rows": 6078,
                "Actual Loops": 1,
                "Inner Unique": false,
                "Plans": [
                  {
                    "Node Type": "Nested Loop",
                    "Parent Relationship": "Outer",
                    "Parallel Aware": false,
                    "Join Type": "Inner",
                    "Startup Cost": 11.68,
                    "Total Cost": 7697.58,
                    "Plan Rows": 2,
                    "Plan Width": 39,
                    "Actual Startup Time": 5.604,
                    "Actual Total Time": 272.133,
                    "Actual Rows": 3725,
                    "Actual Loops": 1,
                    "Inner Unique": false,
                    "Join Filter": "(mi_idx.info_type_id = it2.id)",
                    "Rows Removed by Join Filter": 9744,
                    "Plans": [
                      {
                        "Node Type": "Seq Scan",
                        "Parent Relationship": "Outer",
                        "Parallel Aware": false,
                        "Relation Name": "info_type",
                        "Alias": "it2",
                        "Startup Cost": 0.0,
                        "Total Cost": 2.41,
                        "Plan Rows": 1,
                        "Plan Width": 4,
                        "Actual Startup Time": 0.043,
                        "Actual Total Time": 0.05,
                        "Actual Rows": 1,
                        "Actual Loops": 1,
                        "Filter": "((info)::text = 'rating'::text)",
                        "Rows Removed by Filter": 112
                      },
                      {
                        "Node Type": "Nested Loop",
                        "Parent Relationship": "Inner",
                        "Parallel Aware": false,
                        "Join Type": "Inner",
                        "Startup Cost": 11.68,
                        "Total Cost": 7692.75,
                        "Plan Rows": 193,
                        "Plan Width": 43,
                        "Actual Startup Time": 5.49,
                        "Actual Total Time": 270.077,
                        "Actual Rows": 13469,
                        "Actual Loops": 1,
                        "Inner Unique": true,
                        "Plans": [
                          {
                            "Node Type": "Nested Loop",
                            "Parent Relationship": "Outer",
                            "Parallel Aware": false,
                            "Join Type": "Inner",
                            "Startup Cost": 11.25,
                            "Total Cost": 7519.37,
                            "Plan Rows": 354,
                            "Plan Width": 18,
                            "Actual Startup Time": 5.466,
                            "Actual Total Time": 153.947,
                            "Actual Rows": 35103,
                            "Actual Loops": 1,
                            "Inner Unique": false,
                            "Plans": [
                              {
                                "Node Type": "Nested Loop",
                                "Parent Relationship": "Outer",
                                "Parallel Aware": false,
                                "Join Type": "Inner",
                                "Startup Cost": 10.82,
                                "Total Cost": 7447.81,
                                "Plan Rows": 135,
                                "Plan Width": 4,
                                "Actual Startup Time": 5.423,
                                "Actual Total Time": 64.669,
                                "Actual Rows": 15405,
                                "Actual Loops": 1,
                                "Inner Unique": false,
                                "Plans": [
                                  {
                                    "Node Type": "Seq Scan",
                                    "Parent Relationship": "Outer",
                                    "Parallel Aware": false,
                                    "Relation Name": "keyword",
                                    "Alias": "k",
                                    "Startup Cost": 0.0,
                                    "Total Cost": 2961.55,
                                    "Plan Rows": 4,
                                    "Plan Width": 4,
                                    "Actual Startup Time": 1.368,
                                    "Actual Total Time": 23.267,
                                    "Actual Rows": 3,
                                    "Actual Loops": 1,
                                    "Filter": "((keyword IS NOT NULL) AND (keyword = ANY ('{fight,violence,violence,rpg}'::text[])))",
                                    "Rows Removed by Filter": 134167
                                  },
                                  {
                                    "Node Type": "Bitmap Heap Scan",
                                    "Parent Relationship": "Inner",
                                    "Parallel Aware": false,
                                    "Relation Name": "movie_keyword",
                                    "Alias": "mk",
                                    "Startup Cost": 10.82,
                                    "Total Cost": 1118.49,
                                    "Plan Rows": 308,
                                    "Plan Width": 8,
                                    "Actual Startup Time": 2.295,
                                    "Actual Total Time": 12.977,
                                    "Actual Rows": 5135,
                                    "Actual Loops": 3,
                                    "Recheck Cond": "(keyword_id = k.id)",
                                    "Rows Removed by Index Recheck": 0,
                                    "Exact Heap Blocks": 12229,
                                    "Lossy Heap Blocks": 0,
                                    "Plans": [
                                      {
                                        "Node Type": "Bitmap Index Scan",
                                        "Parent Relationship": "Outer",
                                        "Parallel Aware": false,
                                        "Index Name": "keyword_id_movie_keyword",
                                        "Startup Cost": 0.0,
                                        "Total Cost": 10.74,
                                        "Plan Rows": 308,
                                        "Plan Width": 0,
                                        "Actual Startup Time": 1.112,
                                        "Actual Total Time": 1.112,
                                        "Actual Rows": 5135,
                                        "Actual Loops": 3,
                                        "Index Cond": "(keyword_id = k.id)"
                                      }
                                    ]
                                  }
                                ]
                              },
                              {
                                "Node Type": "Index Scan",
                                "Parent Relationship": "Inner",
                                "Parallel Aware": false,
                                "Scan Direction": "Forward",
                                "Index Name": "movie_id_movie_info_idx",
                                "Relation Name": "movie_info_idx",
                                "Alias": "mi_idx",
                                "Startup Cost": 0.43,
                                "Total Cost": 0.5,
                                "Plan Rows": 3,
                                "Plan Width": 14,
                                "Actual Startup Time": 0.004,
                                "Actual Total Time": 0.005,
                                "Actual Rows": 2,
                                "Actual Loops": 15405,
                                "Index Cond": "(movie_id = mk.movie_id)",
                                "Rows Removed by Index Recheck": 0,
                                "Filter": "(info < '7.1'::text)",
                                "Rows Removed by Filter": 0
                              }
                            ]
                          },
                          {
                            "Node Type": "Index Scan",
                            "Parent Relationship": "Inner",
                            "Parallel Aware": false,
                            "Scan Direction": "Forward",
                            "Index Name": "title_pkey",
                            "Relation Name": "title",
                            "Alias": "t",
                            "Startup Cost": 0.43,
                            "Total Cost": 0.49,
                            "Plan Rows": 1,
                            "Plan Width": 25,
                            "Actual Startup Time": 0.003,
                            "Actual Total Time": 0.003,
                            "Actual Rows": 0,
                            "Actual Loops": 35103,
                            "Index Cond": "(id = mk.movie_id)",
                            "Rows Removed by Index Recheck": 0,
                            "Filter": "(production_year > 2000)",
                            "Rows Removed by Filter": 1
                          }
                        ]
                      }
                    ]
                  },
                  {
                    "Node Type": "Index Scan",
                    "Parent Relationship": "Inner",
                    "Parallel Aware": false,
                    "Scan Direction": "Forward",
                    "Index Name": "movie_id_movie_info",
                    "Relation Name": "movie_info",
                    "Alias": "mi",
                    "Startup Cost": 0.43,
                    "Total Cost": 1.8,
                    "Plan Rows": 4,
                    "Plan Width": 8,
                    "Actual Startup Time": 0.016,
                    "Actual Total Time": 0.064,
                    "Actual Rows": 2,
                    "Actual Loops": 3725,
                    "Index Cond": "(movie_id = mk.movie_id)",
                    "Rows Removed by Index Recheck": 0,
                    "Filter": "(info = ANY ('{Sweden,Norway,German,Germany,America,Swedish,USA,English,Danish,Japan}'::text[]))",
                    "Rows Removed by Filter": 69
                  }
                ]
              },
              {
                "Node Type": "Seq Scan",
                "Parent Relationship": "Inner",
                "Parallel Aware": false,
                "Relation Name": "info_type",
                "Alias": "it1",
                "Startup Cost": 0.0,
                "Total Cost": 2.41,
                "Plan Rows": 1,
                "Plan Width": 4,
                "Actual Startup Time": 0.004,
                "Actual Total Time": 0.008,
                "Actual Rows": 1,
                "Actual Loops": 6078,
                "Filter": "((info)::text = 'countries'::text)",
                "Rows Removed by Filter": 63
              }
            ]
          },
          {
            "Node Type": "Seq Scan",
            "Parent Relationship": "Inner",
            "Parallel Aware": false,
            "Relation Name": "kind_type",
            "Alias": "kt",
            "Startup Cost": 0.0,
            "Total Cost": 1.09,
            "Plan Rows": 2,
            "Plan Width": 4,
            "Actual Startup Time": 0.002,
            "Actual Total Time": 0.003,
            "Actual Rows": 2,
            "Actual Loops": 2818,
            "Filter": "((kind)::text = ANY ('{\"video game\",\"tv series\"}'::text[]))",
            "Rows Removed by Filter": 5
          }
        ]
      }
    ]
  },
  "Planning Time": 2.565,
  "Triggers": [],
  "Execution Time": 592.738
}