[
  {
    "Plan": {
      "Node Type": "Aggregate",
      "Strategy": "Plain",
      "Partial Mode": "Simple",
      "Parallel Aware": false,
      "Startup Cost": 39996.18,
      "Total Cost": 39996.19,
      "Plan Rows": 1,
      "Plan Width": 8,
      "Actual Startup Time": 51.833,
      "Actual Total Time": 51.834,
      "Actual Rows": 1,
      "Actual Loops": 1,
      "Plans": [
        {
          "Node Type": "Bitmap Heap Scan",
          "Parent Relationship": "Outer",
          "Parallel Aware": false,
          "Relation Name": "title",
          "Alias": "t",
          "Startup Cost": 2168.13,
          "Total Cost": 39987.86,
          "Plan Rows": 3327,
          "Plan Width": 0,
          "Actual Startup Time": 16.184,
          "Actual Total Time": 51.743,
          "Actual Rows": 1148,
          "Actual Loops": 1,
          "Recheck Cond": "(kind_id = 4)",
          "Rows Removed by Index Recheck": 0,
          "Filter": "(production_year > 2012)",
          "Rows Removed by Filter": 117086,
          "Exact Heap Blocks": 12711,
          "Lossy Heap Blocks": 0,
          "Plans": [
            {
              "Node Type": "Bitmap Index Scan",
              "Parent Relationship": "Outer",
              "Parallel Aware": false,
              "Index Name": "kind_id_title",
              "Startup Cost": 0.0,
              "Total Cost": 2167.3,
              "Plan Rows": 121449,
              "Plan Width": 0,
              "Actual Startup Time": 12.381,
              "Actual Total Time": 12.381,
              "Actual Rows": 118234,
              "Actual Loops": 1,
              "Index Cond": "(kind_id = 4)"
            }
          ]
        }
      ]
    },
    "Planning Time": 0.13,
    "Triggers": [],
    "Execution Time": 51.88
  }
]