[
  {
    "Plan": {
      "Node Type": "Aggregate",
      "Strategy": "Plain",
      "Partial Mode": "Simple",
      "Parallel Aware": false,
      "Startup Cost": 40021.1,
      "Total Cost": 40021.11,
      "Plan Rows": 1,
      "Plan Width": 8,
      "Actual Startup Time": 63.322,
      "Actual Total Time": 63.324,
      "Actual Rows": 1,
      "Actual Loops": 1,
      "Plans": [
        {
          "Node Type": "Bitmap Heap Scan",
          "Parent Relationship": "Outer",
          "Parallel Aware": false,
          "Relation Name": "title",
          "Alias": "t",
          "Startup Cost": 2181.77,
          "Total Cost": 40012.78,
          "Plan Rows": 3328,
          "Plan Width": 0,
          "Actual Startup Time": 20.685,
          "Actual Total Time": 63.206,
          "Actual Rows": 1148,
          "Actual Loops": 1,
          "Recheck Cond": "(kind_id = 4)",
          "Rows Removed by Index Recheck": 0,
          "Filter": "(production_year > 2012)",
          "Rows Removed by Filter": 117086,
          "Exact Heap Blocks": 12711,
          "Lossy Heap Blocks": 0,
          "Plans": [
            {
              "Node Type": "Bitmap Index Scan",
              "Parent Relationship": "Outer",
              "Parallel Aware": false,
              "Index Name": "kind_id_title",
              "Startup Cost": 0.0,
              "Total Cost": 2180.94,
              "Plan Rows": 122201,
              "Plan Width": 0,
              "Actual Startup Time": 16.461,
              "Actual Total Time": 16.462,
              "Actual Rows": 118234,
              "Actual Loops": 1,
              "Index Cond": "(kind_id = 4)"
            }
          ]
        }
      ]
    },
    "Planning Time": 0.179,
    "Triggers": [],
    "Execution Time": 63.395
  }
]