[
  {
    "Plan": {
      "Node Type": "Aggregate",
      "Strategy": "Plain",
      "Partial Mode": "Finalize",
      "Parallel Aware": false,
      "Startup Cost": 72049.03,
      "Total Cost": 72049.04,
      "Plan Rows": 1,
      "Plan Width": 8,
      "Actual Startup Time": 87.489,
      "Actual Total Time": 100.033,
      "Actual Rows": 1,
      "Actual Loops": 1,
      "Plans": [
        {
          "Node Type": "Gather",
          "Parent Relationship": "Outer",
          "Parallel Aware": false,
          "Startup Cost": 72048.71,
          "Total Cost": 72049.02,
          "Plan Rows": 3,
          "Plan Width": 8,
          "Actual Startup Time": 87.229,
          "Actual Total Time": 100.026,
          "Actual Rows": 4,
          "Actual Loops": 1,
          "Workers Planned": 3,
          "Workers Launched": 3,
          "Single Copy": false,
          "Plans": [
            {
              "Node Type": "Aggregate",
              "Strategy": "Plain",
              "Partial Mode": "Partial",
              "Parent Relationship": "Outer",
              "Parallel Aware": false,
              "Startup Cost": 71048.71,
              "Total Cost": 71048.72,
              "Plan Rows": 1,
              "Plan Width": 8,
              "Actual Startup Time": 77.957,
              "Actual Total Time": 77.959,
              "Actual Rows": 1,
              "Actual Loops": 4,
              "Plans": [
                {
                  "Node Type": "Nested Loop",
                  "Parent Relationship": "Outer",
                  "Parallel Aware": false,
                  "Join Type": "Inner",
                  "Startup Cost": 673.12,
                  "Total Cost": 71038.74,
                  "Plan Rows": 3987,
                  "Plan Width": 0,
                  "Actual Startup Time": 8.404,
                  "Actual Total Time": 77.136,
                  "Actual Rows": 7067,
                  "Actual Loops": 4,
                  "Inner Unique": true,
                  "Plans": [
                    {
                      "Node Type": "Bitmap Heap Scan",
                      "Parent Relationship": "Outer",
                      "Parallel Aware": true,
                      "Relation Name": "movie_keyword",
                      "Alias": "mk",
                      "Startup Cost": 672.69,
                      "Total Cost": 26560.77,
                      "Plan Rows": 10167,
                      "Plan Width": 4,
                      "Actual Startup Time": 8.258,
                      "Actual Total Time": 26.527,
                      "Actual Rows": 7360,
                      "Actual Loops": 4,
                      "Recheck Cond": "(keyword_id = 359)",
                      "Rows Removed by Index Recheck": 0,
                      "Exact Heap Blocks": 7250,
                      "Lossy Heap Blocks": 0,
                      "Plans": [
                        {
                          "Node Type": "Bitmap Index Scan",
                          "Parent Relationship": "Outer",
                          "Parallel Aware": false,
                          "Index Name": "keyword_id_movie_keyword",
                          "Startup Cost": 0.0,
                          "Total Cost": 664.81,
                          "Plan Rows": 31517,
                          "Plan Width": 0,
                          "Actual Startup Time": 11.972,
                          "Actual Total Time": 11.972,
                          "Actual Rows": 29440,
                          "Actual Loops": 1,
                          "Index Cond": "(keyword_id = 359)"
                        }
                      ]
                    },
                    {
                      "Node Type": "Index Scan",
                      "Parent Relationship": "Inner",
                      "Parallel Aware": false,
                      "Scan Direction": "Forward",
                      "Index Name": "title_pkey",
                      "Relation Name": "title",
                      "Alias": "t",
                      "Startup Cost": 0.43,
                      "Total Cost": 4.37,
                      "Plan Rows": 1,
                      "Plan Width": 4,
                      "Actual Startup Time": 0.006,
                      "Actual Total Time": 0.006,
                      "Actual Rows": 1,
                      "Actual Loops": 29440,
                      "Index Cond": "(id = mk.movie_id)",
                      "Rows Removed by Index Recheck": 0,
                      "Filter": "(kind_id < 7)",
                      "Rows Removed by Filter": 0
                    }
                  ]
                }
              ]
            }
          ]
        }
      ]
    },
    "Planning Time": 0.611,
    "Triggers": [],
    "Execution Time": 100.124
  }
]