[
  {
    "Plan": {
      "Node Type": "Aggregate",
      "Strategy": "Plain",
      "Partial Mode": "Finalize",
      "Parallel Aware": false,
      "Startup Cost": 372166.35,
      "Total Cost": 372166.36,
      "Plan Rows": 1,
      "Plan Width": 8,
      "Actual Startup Time": 574.638,
      "Actual Total Time": 597.242,
      "Actual Rows": 1,
      "Actual Loops": 1,
      "Plans": [
        {
          "Node Type": "Gather",
          "Parent Relationship": "Outer",
          "Parallel Aware": false,
          "Startup Cost": 372165.73,
          "Total Cost": 372166.34,
          "Plan Rows": 6,
          "Plan Width": 8,
          "Actual Startup Time": 554.642,
          "Actual Total Time": 597.232,
          "Actual Rows": 7,
          "Actual Loops": 1,
          "Workers Planned": 6,
          "Workers Launched": 6,
          "Single Copy": false,
          "Plans": [
            {
              "Node Type": "Aggregate",
              "Strategy": "Plain",
              "Partial Mode": "Partial",
              "Parent Relationship": "Outer",
              "Parallel Aware": false,
              "Startup Cost": 371165.73,
              "Total Cost": 371165.74,
              "Plan Rows": 1,
              "Plan Width": 8,
              "Actual Startup Time": 535.47,
              "Actual Total Time": 535.475,
              "Actual Rows": 1,
              "Actual Loops": 7,
              "Plans": [
                {
                  "Node Type": "Hash Join",
                  "Parent Relationship": "Outer",
                  "Parallel Aware": true,
                  "Join Type": "Inner",
                  "Startup Cost": 110780.7,
                  "Total Cost": 370781.17,
                  "Plan Rows": 153825,
                  "Plan Width": 0,
                  "Actual Startup Time": 451.472,
                  "Actual Total Time": 531.071,
                  "Actual Rows": 83552,
                  "Actual Loops": 7,
                  "Inner Unique": true,
                  "Hash Cond": "(ci.movie_id = t.id)",
                  "Plans": [
                    {
                      "Node Type": "Bitmap Heap Scan",
                      "Parent Relationship": "Outer",
                      "Parallel Aware": true,
                      "Relation Name": "cast_info",
                      "Alias": "ci",
                      "Startup Cost": 60560.32,
                      "Total Cost": 320156.99,
                      "Plan Rows": 153825,
                      "Plan Width": 4,
                      "Actual Startup Time": 179.816,
                      "Actual Total Time": 208.878,
                      "Actual Rows": 83552,
                      "Actual Loops": 7,
                      "Recheck Cond": "(person_id < 276681)",
                      "Rows Removed by Index Recheck": 0,
                      "Filter": "(role_id > 3)",
                      "Rows Removed by Filter": 324883,
                      "Exact Heap Blocks": 5963,
                      "Lossy Heap Blocks": 0,
                      "Plans": [
                        {
                          "Node Type": "Bitmap Index Scan",
                          "Parent Relationship": "Outer",
                          "Parallel Aware": false,
                          "Index Name": "person_id_cast_info",
                          "Startup Cost": 0.0,
                          "Total Cost": 60329.58,
                          "Plan Rows": 2763869,
                          "Plan Width": 0,
                          "Actual Startup Time": 97.766,
                          "Actual Total Time": 97.766,
                          "Actual Rows": 2859045,
                          "Actual Loops": 1,
                          "Index Cond": "(person_id < 276681)"
                        }
                      ]
                    },
                    {
                      "Node Type": "Hash",
                      "Parent Relationship": "Inner",
                      "Parallel Aware": true,
                      "Startup Cost": 42319.06,
                      "Total Cost": 42319.06,
                      "Plan Rows": 632106,
                      "Plan Width": 4,
                      "Actual Startup Time": 265.604,
                      "Actual Total Time": 265.606,
                      "Actual Rows": 361187,
                      "Actual Loops": 7,
                      "Hash Buckets": 4194304,
                      "Original Hash Buckets": 4194304,
                      "Hash Batches": 1,
                      "Original Hash Batches": 1,
                      "Peak Memory Usage": 131808,
                      "Plans": [
                        {
                          "Node Type": "Seq Scan",
                          "Parent Relationship": "Outer",
                          "Parallel Aware": true,
                          "Relation Name": "title",
                          "Alias": "t",
                          "Startup Cost": 0.0,
                          "Total Cost": 42319.06,
                          "Plan Rows": 632106,
                          "Plan Width": 4,
                          "Actual Startup Time": 0.049,
                          "Actual Total Time": 78.564,
                          "Actual Rows": 361187,
                          "Actual Loops": 7
                        }
                      ]
                    }
                  ]
                }
              ]
            }
          ]
        }
      ]
    },
    "Planning Time": 0.615,
    "Triggers": [],
    "Execution Time": 597.337
  }
]