{
  "Plan": {
    "Node Type": "Aggregate",
    "Strategy": "Plain",
    "Partial Mode": "Finalize",
    "Parallel Aware": false,
    "Startup Cost": 76287.09,
    "Total Cost": 76287.1,
    "Plan Rows": 1,
    "Plan Width": 8,
    "Actual Startup Time": 263.704,
    "Actual Total Time": 276.661,
    "Actual Rows": 1,
    "Actual Loops": 1,
    "Plans": [
      {
        "Node Type": "Gather",
        "Parent Relationship": "Outer",
        "Parallel Aware": false,
        "Startup Cost": 76286.98,
        "Total Cost": 76287.09,
        "Plan Rows": 1,
        "Plan Width": 8,
        "Actual Startup Time": 263.263,
        "Actual Total Time": 276.655,
        "Actual Rows": 2,
        "Actual Loops": 1,
        "Workers Planned": 1,
        "Workers Launched": 1,
        "Single Copy": false,
        "Plans": [
          {
            "Node Type": "Aggregate",
            "Strategy": "Plain",
            "Partial Mode": "Partial",
            "Parent Relationship": "Outer",
            "Parallel Aware": false,
            "Startup Cost": 75286.98,
            "Total Cost": 75286.99,
            "Plan Rows": 1,
            "Plan Width": 8,
            "Actual Startup Time": 257.471,
            "Actual Total Time": 257.474,
            "Actual Rows": 1,
            "Actual Loops": 2,
            "Plans": [
              {
                "Node Type": "Hash Join",
                "Parent Relationship": "Outer",
                "Parallel Aware": true,
                "Join Type": "Inner",
                "Startup Cost": 55694.74,
                "Total Cost": 75205.99,
                "Plan Rows": 32395,
                "Plan Width": 0,
                "Actual Startup Time": 177.203,
                "Actual Total Time": 256.489,
                "Actual Rows": 23868,
                "Actual Loops": 2,
                "Inner Unique": true,
                "Hash Cond": "(mi_idx.movie_id = t.id)",
                "Plans": [
                  {
                    "Node Type": "Seq Scan",
                    "Parent Relationship": "Outer",
                    "Parallel Aware": true,
                    "Relation Name": "movie_info_idx",
                    "Alias": "mi_idx",
                    "Startup Cost": 0.0,
                    "Total Cost": 18082.32,
                    "Plan Rows": 544356,
                    "Plan Width": 4,
                    "Actual Startup Time": 0.019,
                    "Actual Total Time": 57.177,
                    "Actual Rows": 460055,
                    "Actual Loops": 2,
                    "Filter": "(info_type_id > 99)",
                    "Rows Removed by Filter": 229962
                  },
                  {
                    "Node Type": "Hash",
                    "Parent Relationship": "Inner",
                    "Parallel Aware": true,
                    "Startup Cost": 54588.39,
                    "Total Cost": 54588.39,
                    "Plan Rows": 88508,
                    "Plan Width": 4,
                    "Actual Startup Time": 154.248,
                    "Actual Total Time": 154.248,
                    "Actual Rows": 76620,
                    "Actual Loops": 2,
                    "Hash Buckets": 262144,
                    "Original Hash Buckets": 262144,
                    "Hash Batches": 1,
                    "Original Hash Batches": 1,
                    "Peak Memory Usage": 8064,
                    "Plans": [
                      {
                        "Node Type": "Seq Scan",
                        "Parent Relationship": "Outer",
                        "Parallel Aware": true,
                        "Relation Name": "title",
                        "Alias": "t",
                        "Startup Cost": 0.0,
                        "Total Cost": 54588.39,
                        "Plan Rows": 88508,
                        "Plan Width": 4,
                        "Actual Startup Time": 7.971,
                        "Actual Total Time": 137.796,
                        "Actual Rows": 76620,
                        "Actual Loops": 2,
                        "Filter": "(production_year < 1946)",
                        "Rows Removed by Filter": 1187536
                      }
                    ]
                  }
                ]
              }
            ]
          }
        ]
      }
    ]
  },
  "Planning Time": 0.434,
  "Triggers": [],
  "Execution Time": 276.729
}