{
    "Plan": {
        "Node Type": "Aggregate",
        "Strategy": "Plain",
        "Partial Mode": "Simple",
        "Parallel Aware": false,
        "Startup Cost": 60000755751.07,
        "Total Cost": 60000755751.08,
        "Plan Rows": 1,
        "Plan Width": 96,
        "Actual Startup Time": 3760.456,
        "Actual Total Time": 3821.577,
        "Actual Rows": 1,
        "Actual Loops": 1,
        "Output": [
            "min(chn.name)",
            "min(n.name)",
            "min(t.title)"
        ],
        "Plans": [
            {
                "Node Type": "Gather",
                "Parent Relationship": "Outer",
                "Parallel Aware": false,
                "Startup Cost": 60000725369.36,
                "Total Cost": 60000755751.06,
                "Plan Rows": 1,
                "Plan Width": 48,
                "Actual Startup Time": 3682.53,
                "Actual Total Time": 3821.559,
                "Actual Rows": 5,
                "Actual Loops": 1,
                "Output": [
                    "chn.name",
                    "n.name",
                    "t.title"
                ],
                "Workers Planned": 3,
                "Workers Launched": 3,
                "Single Copy": false,
                "Plans": [
                    {
                        "Node Type": "Hash Join",
                        "Parent Relationship": "Outer",
                        "Parallel Aware": true,
                        "Join Type": "Inner",
                        "Startup Cost": 60000724369.36,
                        "Total Cost": 60000754750.96,
                        "Plan Rows": 1,
                        "Plan Width": 48,
                        "Actual Startup Time": 3723.491,
                        "Actual Total Time": 3741.018,
                        "Actual Rows": 1,
                        "Actual Loops": 4,
                        "Output": [
                            "chn.name",
                            "n.name",
                            "t.title"
                        ],
                        "Inner Unique": false,
                        "Hash Cond": "(ci.person_id = n.id)",
                        "Workers": [
                            {
                                "Worker Number": 0,
                                "Actual Startup Time": 3737.104,
                                "Actual Total Time": 3737.124,
                                "Actual Rows": 0,
                                "Actual Loops": 1
                            },
                            {
                                "Worker Number": 1,
                                "Actual Startup Time": 3737.211,
                                "Actual Total Time": 3737.231,
                                "Actual Rows": 0,
                                "Actual Loops": 1
                            },
                            {
                                "Worker Number": 2,
                                "Actual Startup Time": 3737.916,
                                "Actual Total Time": 3737.935,
                                "Actual Rows": 0,
                                "Actual Loops": 1
                            }
                        ],
                        "Plans": [
                            {
                                "Node Type": "Nested Loop",
                                "Parent Relationship": "Outer",
                                "Parallel Aware": false,
                                "Join Type": "Inner",
                                "Startup Cost": 60000633930.55,
                                "Total Cost": 60000664312.13,
                                "Plan Rows": 1,
                                "Plan Width": 37,
                                "Actual Startup Time": 3443.827,
                                "Actual Total Time": 3461.35,
                                "Actual Rows": 2,
                                "Actual Loops": 4,
                                "Output": [
                                    "chn.name",
                                    "ci.person_id",
                                    "t.title"
                                ],
                                "Inner Unique": true,
                                "Workers": [
                                    {
                                        "Worker Number": 0,
                                        "Actual Startup Time": 3461.101,
                                        "Actual Total Time": 3461.119,
                                        "Actual Rows": 0,
                                        "Actual Loops": 1
                                    },
                                    {
                                        "Worker Number": 1,
                                        "Actual Startup Time": 3461.089,
                                        "Actual Total Time": 3461.107,
                                        "Actual Rows": 0,
                                        "Actual Loops": 1
                                    },
                                    {
                                        "Worker Number": 2,
                                        "Actual Startup Time": 3461.834,
                                        "Actual Total Time": 3461.851,
                                        "Actual Rows": 0,
                                        "Actual Loops": 1
                                    }
                                ],
                                "Plans": [
                                    {
                                        "Node Type": "Nested Loop",
                                        "Parent Relationship": "Outer",
                                        "Parallel Aware": false,
                                        "Join Type": "Inner",
                                        "Startup Cost": 50000633930.12,
                                        "Total Cost": 50000664306.08,
                                        "Plan Rows": 1,
                                        "Plan Width": 41,
                                        "Actual Startup Time": 3443.759,
                                        "Actual Total Time": 3461.076,
                                        "Actual Rows": 52,
                                        "Actual Loops": 4,
                                        "Output": [
                                            "chn.name",
                                            "ci.person_id",
                                            "mk.keyword_id",
                                            "t.title"
                                        ],
                                        "Inner Unique": false,
                                        "Join Filter": "(t.id = mk.movie_id)",
                                        "Rows Removed by Join Filter": 0,
                                        "Workers": [
                                            {
                                                "Worker Number": 0,
                                                "Actual Startup Time": 3461.099,
                                                "Actual Total Time": 3461.117,
                                                "Actual Rows": 0,
                                                "Actual Loops": 1
                                            },
                                            {
                                                "Worker Number": 1,
                                                "Actual Startup Time": 3461.088,
                                                "Actual Total Time": 3461.104,
                                                "Actual Rows": 0,
                                                "Actual Loops": 1
                                            },
                                            {
                                                "Worker Number": 2,
                                                "Actual Startup Time": 3461.833,
                                                "Actual Total Time": 3461.848,
                                                "Actual Rows": 0,
                                                "Actual Loops": 1
                                            }
                                        ],
                                        "Plans": [
                                            {
                                                "Node Type": "Nested Loop",
                                                "Parent Relationship": "Outer",
                                                "Parallel Aware": false,
                                                "Join Type": "Inner",
                                                "Startup Cost": 40000633929.3,
                                                "Total Cost": 40000664300.11,
                                                "Plan Rows": 1,
                                                "Plan Width": 53,
                                                "Actual Startup Time": 3443.751,
                                                "Actual Total Time": 3461.045,
                                                "Actual Rows": 2,
                                                "Actual Loops": 4,
                                                "Output": [
                                                    "chn.name",
                                                    "ci.movie_id",
                                                    "ci.person_id",
                                                    "mc.movie_id",
                                                    "mi.movie_id",
                                                    "t.title",
                                                    "t.id"
                                                ],
                                                "Inner Unique": true,
                                                "Workers": [
                                                    {
                                                        "Worker Number": 0,
                                                        "Actual Startup Time": 3461.098,
                                                        "Actual Total Time": 3461.114,
                                                        "Actual Rows": 0,
                                                        "Actual Loops": 1
                                                    },
                                                    {
                                                        "Worker Number": 1,
                                                        "Actual Startup Time": 3461.086,
                                                        "Actual Total Time": 3461.102,
                                                        "Actual Rows": 0,
                                                        "Actual Loops": 1
                                                    },
                                                    {
                                                        "Worker Number": 2,
                                                        "Actual Startup Time": 3461.832,
                                                        "Actual Total Time": 3461.846,
                                                        "Actual Rows": 0,
                                                        "Actual Loops": 1
                                                    }
                                                ],
                                                "Plans": [
                                                    {
                                                        "Node Type": "Hash Join",
                                                        "Parent Relationship": "Outer",
                                                        "Parallel Aware": true,
                                                        "Join Type": "Inner",
                                                        "Startup Cost": 30000633928.87,
                                                        "Total Cost": 30000664291.64,
                                                        "Plan Rows": 1,
                                                        "Plan Width": 57,
                                                        "Actual Startup Time": 3425.069,
                                                        "Actual Total Time": 3460.302,
                                                        "Actual Rows": 156,
                                                        "Actual Loops": 4,
                                                        "Output": [
                                                            "chn.name",
                                                            "ci.movie_id",
                                                            "ci.person_id",
                                                            "mc.movie_id",
                                                            "mc.company_id",
                                                            "mi.movie_id",
                                                            "t.title",
                                                            "t.id"
                                                        ],
                                                        "Inner Unique": false,
                                                        "Hash Cond": "(t.id = ci.movie_id)",
                                                        "Workers": [
                                                            {
                                                                "Worker Number": 0,
                                                                "Actual Startup Time": 3461.097,
                                                                "Actual Total Time": 3461.111,
                                                                "Actual Rows": 0,
                                                                "Actual Loops": 1
                                                            },
                                                            {
                                                                "Worker Number": 1,
                                                                "Actual Startup Time": 3388.686,
                                                                "Actual Total Time": 3460.312,
                                                                "Actual Rows": 160,
                                                                "Actual Loops": 1
                                                            },
                                                            {
                                                                "Worker Number": 2,
                                                                "Actual Startup Time": 3461.831,
                                                                "Actual Total Time": 3461.844,
                                                                "Actual Rows": 0,
                                                                "Actual Loops": 1
                                                            }
                                                        ],
                                                        "Plans": [
                                                            {
                                                                "Node Type": "Hash Join",
                                                                "Parent Relationship": "Outer",
                                                                "Parallel Aware": false,
                                                                "Join Type": "Inner",
                                                                "Startup Cost": 10000132881.76,
                                                                "Total Cost": 10000163244.52,
                                                                "Plan Rows": 1,
                                                                "Plan Width": 33,
                                                                "Actual Startup Time": 1325.956,
                                                                "Actual Total Time": 1361.055,
                                                                "Actual Rows": 21,
                                                                "Actual Loops": 4,
                                                                "Output": [
                                                                    "mi.movie_id",
                                                                    "mc.movie_id",
                                                                    "mc.company_id",
                                                                    "t.title",
                                                                    "t.id"
                                                                ],
                                                                "Inner Unique": false,
                                                                "Hash Cond": "(mc.movie_id = t.id)",
                                                                "Workers": [
                                                                    {
                                                                        "Worker Number": 0,
                                                                        "Actual Startup Time": 1362.187,
                                                                        "Actual Total Time": 1362.195,
                                                                        "Actual Rows": 0,
                                                                        "Actual Loops": 1
                                                                    },
                                                                    {
                                                                        "Worker Number": 1,
                                                                        "Actual Startup Time": 1289.774,
                                                                        "Actual Total Time": 1361.281,
                                                                        "Actual Rows": 24,
                                                                        "Actual Loops": 1
                                                                    },
                                                                    {
                                                                        "Worker Number": 2,
                                                                        "Actual Startup Time": 1362.155,
                                                                        "Actual Total Time": 1362.162,
                                                                        "Actual Rows": 0,
                                                                        "Actual Loops": 1
                                                                    }
                                                                ],
                                                                "Plans": [
                                                                    {
                                                                        "Node Type": "Seq Scan",
                                                                        "Parent Relationship": "Outer",
                                                                        "Parallel Aware": true,
                                                                        "Relation Name": "movie_companies",
                                                                        "Schema": "public",
                                                                        "Alias": "mc",
                                                                        "Startup Cost": 0.0,
                                                                        "Total Cost": 27206.55,
                                                                        "Plan Rows": 841655,
                                                                        "Plan Width": 8,
                                                                        "Actual Startup Time": 0.053,
                                                                        "Actual Total Time": 65.585,
                                                                        "Actual Rows": 652282,
                                                                        "Actual Loops": 4,
                                                                        "Output": [
                                                                            "mc.id",
                                                                            "mc.movie_id",
                                                                            "mc.company_id",
                                                                            "mc.company_type_id",
                                                                            "mc.note"
                                                                        ],
                                                                        "Workers": [
                                                                            {
                                                                                "Worker Number": 0,
                                                                                "Actual Startup Time": 0.078,
                                                                                "Actual Total Time": 68.13,
                                                                                "Actual Rows": 604530,
                                                                                "Actual Loops": 1
                                                                            },
                                                                            {
                                                                                "Worker Number": 1,
                                                                                "Actual Startup Time": 0.048,
                                                                                "Actual Total Time": 67.343,
                                                                                "Actual Rows": 599920,
                                                                                "Actual Loops": 1
                                                                            },
                                                                            {
                                                                                "Worker Number": 2,
                                                                                "Actual Startup Time": 0.073,
                                                                                "Actual Total Time": 69.076,
                                                                                "Actual Rows": 615877,
                                                                                "Actual Loops": 1
                                                                            }
                                                                        ]
                                                                    },
                                                                    {
                                                                        "Node Type": "Hash",
                                                                        "Parent Relationship": "Inner",
                                                                        "Parallel Aware": false,
                                                                        "Startup Cost": 10000132881.74,
                                                                        "Total Cost": 10000132881.74,
                                                                        "Plan Rows": 1,
                                                                        "Plan Width": 25,
                                                                        "Actual Startup Time": 1255.121,
                                                                        "Actual Total Time": 1255.128,
                                                                        "Actual Rows": 10,
                                                                        "Actual Loops": 4,
                                                                        "Output": [
                                                                            "mi.movie_id",
                                                                            "t.title",
                                                                            "t.id"
                                                                        ],
                                                                        "Hash Buckets": 1024,
                                                                        "Original Hash Buckets": 1024,
                                                                        "Hash Batches": 1,
                                                                        "Original Hash Batches": 1,
                                                                        "Peak Memory Usage": 9,
                                                                        "Workers": [
                                                                            {
                                                                                "Worker Number": 0,
                                                                                "Actual Startup Time": 1255.131,
                                                                                "Actual Total Time": 1255.138,
                                                                                "Actual Rows": 10,
                                                                                "Actual Loops": 1
                                                                            },
                                                                            {
                                                                                "Worker Number": 1,
                                                                                "Actual Startup Time": 1255.173,
                                                                                "Actual Total Time": 1255.18,
                                                                                "Actual Rows": 10,
                                                                                "Actual Loops": 1
                                                                            },
                                                                            {
                                                                                "Worker Number": 2,
                                                                                "Actual Startup Time": 1255.096,
                                                                                "Actual Total Time": 1255.101,
                                                                                "Actual Rows": 10,
                                                                                "Actual Loops": 1
                                                                            }
                                                                        ],
                                                                        "Plans": [
                                                                            {
                                                                                "Node Type": "Hash Join",
                                                                                "Parent Relationship": "Outer",
                                                                                "Parallel Aware": false,
                                                                                "Join Type": "Inner",
                                                                                "Startup Cost": 10000132879.31,
                                                                                "Total Cost": 10000132881.74,
                                                                                "Plan Rows": 1,
                                                                                "Plan Width": 25,
                                                                                "Actual Startup Time": 1255.104,
                                                                                "Actual Total Time": 1255.119,
                                                                                "Actual Rows": 10,
                                                                                "Actual Loops": 4,
                                                                                "Output": [
                                                                                    "mi.movie_id",
                                                                                    "t.title",
                                                                                    "t.id"
                                                                                ],
                                                                                "Inner Unique": false,
                                                                                "Hash Cond": "(it.id = mi.info_type_id)",
                                                                                "Workers": [
                                                                                    {
                                                                                        "Worker Number": 0,
                                                                                        "Actual Startup Time": 1255.112,
                                                                                        "Actual Total Time": 1255.128,
                                                                                        "Actual Rows": 10,
                                                                                        "Actual Loops": 1
                                                                                    },
                                                                                    {
                                                                                        "Worker Number": 1,
                                                                                        "Actual Startup Time": 1255.158,
                                                                                        "Actual Total Time": 1255.171,
                                                                                        "Actual Rows": 10,
                                                                                        "Actual Loops": 1
                                                                                    },
                                                                                    {
                                                                                        "Worker Number": 2,
                                                                                        "Actual Startup Time": 1255.08,
                                                                                        "Actual Total Time": 1255.093,
                                                                                        "Actual Rows": 10,
                                                                                        "Actual Loops": 1
                                                                                    }
                                                                                ],
                                                                                "Plans": [
                                                                                    {
                                                                                        "Node Type": "Seq Scan",
                                                                                        "Parent Relationship": "Outer",
                                                                                        "Parallel Aware": false,
                                                                                        "Relation Name": "info_type",
                                                                                        "Schema": "public",
                                                                                        "Alias": "it",
                                                                                        "Startup Cost": 0.0,
                                                                                        "Total Cost": 2.41,
                                                                                        "Plan Rows": 1,
                                                                                        "Plan Width": 4,
                                                                                        "Actual Startup Time": 0.057,
                                                                                        "Actual Total Time": 0.064,
                                                                                        "Actual Rows": 1,
                                                                                        "Actual Loops": 4,
                                                                                        "Output": [
                                                                                            "it.id",
                                                                                            "it.info"
                                                                                        ],
                                                                                        "Filter": "((it.info)::text = 'release dates'::text)",
                                                                                        "Rows Removed by Filter": 112,
                                                                                        "Workers": [
                                                                                            {
                                                                                                "Worker Number": 0,
                                                                                                "Actual Startup Time": 0.082,
                                                                                                "Actual Total Time": 0.089,
                                                                                                "Actual Rows": 1,
                                                                                                "Actual Loops": 1
                                                                                            },
                                                                                            {
                                                                                                "Worker Number": 1,
                                                                                                "Actual Startup Time": 0.049,
                                                                                                "Actual Total Time": 0.055,
                                                                                                "Actual Rows": 1,
                                                                                                "Actual Loops": 1
                                                                                            },
                                                                                            {
                                                                                                "Worker Number": 2,
                                                                                                "Actual Startup Time": 0.078,
                                                                                                "Actual Total Time": 0.085,
                                                                                                "Actual Rows": 1,
                                                                                                "Actual Loops": 1
                                                                                            }
                                                                                        ]
                                                                                    },
                                                                                    {
                                                                                        "Node Type": "Hash",
                                                                                        "Parent Relationship": "Inner",
                                                                                        "Parallel Aware": false,
                                                                                        "Startup Cost": 10000132879.21,
                                                                                        "Total Cost": 10000132879.21,
                                                                                        "Plan Rows": 8,
                                                                                        "Plan Width": 29,
                                                                                        "Actual Startup Time": 1255.026,
                                                                                        "Actual Total Time": 1255.03,
                                                                                        "Actual Rows": 10,
                                                                                        "Actual Loops": 4,
                                                                                        "Output": [
                                                                                            "mi.movie_id",
                                                                                            "mi.info_type_id",
                                                                                            "t.title",
                                                                                            "t.id"
                                                                                        ],
                                                                                        "Hash Buckets": 1024,
                                                                                        "Original Hash Buckets": 1024,
                                                                                        "Hash Batches": 1,
                                                                                        "Original Hash Batches": 1,
                                                                                        "Peak Memory Usage": 9,
                                                                                        "Workers": [
                                                                                            {
                                                                                                "Worker Number": 0,
                                                                                                "Actual Startup Time": 1255.002,
                                                                                                "Actual Total Time": 1255.007,
                                                                                                "Actual Rows": 10,
                                                                                                "Actual Loops": 1
                                                                                            },
                                                                                            {
                                                                                                "Worker Number": 1,
                                                                                                "Actual Startup Time": 1255.092,
                                                                                                "Actual Total Time": 1255.096,
                                                                                                "Actual Rows": 10,
                                                                                                "Actual Loops": 1
                                                                                            },
                                                                                            {
                                                                                                "Worker Number": 2,
                                                                                                "Actual Startup Time": 1254.973,
                                                                                                "Actual Total Time": 1254.977,
                                                                                                "Actual Rows": 10,
                                                                                                "Actual Loops": 1
                                                                                            }
                                                                                        ],
                                                                                        "Plans": [
                                                                                            {
                                                                                                "Node Type": "Nested Loop",
                                                                                                "Parent Relationship": "Outer",
                                                                                                "Parallel Aware": false,
                                                                                                "Join Type": "Inner",
                                                                                                "Startup Cost": 10000000005.16,
                                                                                                "Total Cost": 10000132879.21,
                                                                                                "Plan Rows": 8,
                                                                                                "Plan Width": 29,
                                                                                                "Actual Startup Time": 295.647,
                                                                                                "Actual Total Time": 1255.011,
                                                                                                "Actual Rows": 10,
                                                                                                "Actual Loops": 4,
                                                                                                "Output": [
                                                                                                    "mi.movie_id",
                                                                                                    "mi.info_type_id",
                                                                                                    "t.title",
                                                                                                    "t.id"
                                                                                                ],
                                                                                                "Inner Unique": false,
                                                                                                "Workers": [
                                                                                                    {
                                                                                                        "Worker Number": 0,
                                                                                                        "Actual Startup Time": 295.619,
                                                                                                        "Actual Total Time": 1254.988,
                                                                                                        "Actual Rows": 10,
                                                                                                        "Actual Loops": 1
                                                                                                    },
                                                                                                    {
                                                                                                        "Worker Number": 1,
                                                                                                        "Actual Startup Time": 295.702,
                                                                                                        "Actual Total Time": 1255.08,
                                                                                                        "Actual Rows": 10,
                                                                                                        "Actual Loops": 1
                                                                                                    },
                                                                                                    {
                                                                                                        "Worker Number": 2,
                                                                                                        "Actual Startup Time": 295.585,
                                                                                                        "Actual Total Time": 1254.96,
                                                                                                        "Actual Rows": 10,
                                                                                                        "Actual Loops": 1
                                                                                                    }
                                                                                                ],
                                                                                                "Plans": [
                                                                                                    {
                                                                                                        "Node Type": "Index Scan",
                                                                                                        "Parent Relationship": "Outer",
                                                                                                        "Parallel Aware": false,
                                                                                                        "Scan Direction": "Forward",
                                                                                                        "Index Name": "title_pkey",
                                                                                                        "Relation Name": "title",
                                                                                                        "Schema": "public",
                                                                                                        "Alias": "t",
                                                                                                        "Startup Cost": 0.43,
                                                                                                        "Total Cost": 122983.71,
                                                                                                        "Plan Rows": 62,
                                                                                                        "Plan Width": 21,
                                                                                                        "Actual Startup Time": 295.531,
                                                                                                        "Actual Total Time": 1254.264,
                                                                                                        "Actual Rows": 9,
                                                                                                        "Actual Loops": 4,
                                                                                                        "Output": [
                                                                                                            "t.id",
                                                                                                            "t.title",
                                                                                                            "t.imdb_index",
                                                                                                            "t.kind_id",
                                                                                                            "t.production_year",
                                                                                                            "t.imdb_id",
                                                                                                            "t.phonetic_code",
                                                                                                            "t.episode_of_id",
                                                                                                            "t.season_nr",
                                                                                                            "t.episode_nr",
                                                                                                            "t.series_years",
                                                                                                            "t.md5sum"
                                                                                                        ],
                                                                                                        "Filter": "((t.title ~~ 'Kung Fu Panda%'::text) AND (t.production_year > 2008))",
                                                                                                        "Rows Removed by Filter": 2528303,
                                                                                                        "Workers": [
                                                                                                            {
                                                                                                                "Worker Number": 0,
                                                                                                                "Actual Startup Time": 295.495,
                                                                                                                "Actual Total Time": 1254.154,
                                                                                                                "Actual Rows": 9,
                                                                                                                "Actual Loops": 1
                                                                                                            },
                                                                                                            {
                                                                                                                "Worker Number": 1,
                                                                                                                "Actual Startup Time": 295.579,
                                                                                                                "Actual Total Time": 1254.246,
                                                                                                                "Actual Rows": 9,
                                                                                                                "Actual Loops": 1
                                                                                                            },
                                                                                                            {
                                                                                                                "Worker Number": 2,
                                                                                                                "Actual Startup Time": 295.459,
                                                                                                                "Actual Total Time": 1254.12,
                                                                                                                "Actual Rows": 9,
                                                                                                                "Actual Loops": 1
                                                                                                            }
                                                                                                        ]
                                                                                                    },
                                                                                                    {
                                                                                                        "Node Type": "Bitmap Heap Scan",
                                                                                                        "Parent Relationship": "Inner",
                                                                                                        "Parallel Aware": false,
                                                                                                        "Relation Name": "movie_info",
                                                                                                        "Schema": "public",
                                                                                                        "Alias": "mi",
                                                                                                        "Startup Cost": 4.73,
                                                                                                        "Total Cost": 159.59,
                                                                                                        "Plan Rows": 1,
                                                                                                        "Plan Width": 8,
                                                                                                        "Actual Startup Time": 0.056,
                                                                                                        "Actual Total Time": 0.075,
                                                                                                        "Actual Rows": 1,
                                                                                                        "Actual Loops": 36,
                                                                                                        "Output": [
                                                                                                            "mi.id",
                                                                                                            "mi.movie_id",
                                                                                                            "mi.info_type_id",
                                                                                                            "mi.info",
                                                                                                            "mi.note"
                                                                                                        ],
                                                                                                        "Recheck Cond": "(mi.movie_id = t.id)",
                                                                                                        "Rows Removed by Index Recheck": 0,
                                                                                                        "Filter": "((mi.info IS NOT NULL) AND ((mi.info ~~ 'Japan:%201%'::text) OR (mi.info ~~ 'USA:%201%'::text)))",
                                                                                                        "Rows Removed by Filter": 34,
                                                                                                        "Exact Heap Blocks": 66,
                                                                                                        "Lossy Heap Blocks": 0,
                                                                                                        "Workers": [
                                                                                                            {
                                                                                                                "Worker Number": 0,
                                                                                                                "Actual Startup Time": 0.063,
                                                                                                                "Actual Total Time": 0.085,
                                                                                                                "Actual Rows": 1,
                                                                                                                "Actual Loops": 9
                                                                                                            },
                                                                                                            {
                                                                                                                "Worker Number": 1,
                                                                                                                "Actual Startup Time": 0.063,
                                                                                                                "Actual Total Time": 0.085,
                                                                                                                "Actual Rows": 1,
                                                                                                                "Actual Loops": 9
                                                                                                            },
                                                                                                            {
                                                                                                                "Worker Number": 2,
                                                                                                                "Actual Startup Time": 0.063,
                                                                                                                "Actual Total Time": 0.086,
                                                                                                                "Actual Rows": 1,
                                                                                                                "Actual Loops": 9
                                                                                                            }
                                                                                                        ],
                                                                                                        "Plans": [
                                                                                                            {
                                                                                                                "Node Type": "Bitmap Index Scan",
                                                                                                                "Parent Relationship": "Outer",
                                                                                                                "Parallel Aware": false,
                                                                                                                "Index Name": "movie_id_movie_info",
                                                                                                                "Startup Cost": 0.0,
                                                                                                                "Total Cost": 4.73,
                                                                                                                "Plan Rows": 39,
                                                                                                                "Plan Width": 0,
                                                                                                                "Actual Startup Time": 0.035,
                                                                                                                "Actual Total Time": 0.035,
                                                                                                                "Actual Rows": 35,
                                                                                                                "Actual Loops": 36,
                                                                                                                "Index Cond": "(mi.movie_id = t.id)",
                                                                                                                "Workers": [
                                                                                                                    {
                                                                                                                        "Worker Number": 0,
                                                                                                                        "Actual Startup Time": 0.037,
                                                                                                                        "Actual Total Time": 0.037,
                                                                                                                        "Actual Rows": 35,
                                                                                                                        "Actual Loops": 9
                                                                                                                    },
                                                                                                                    {
                                                                                                                        "Worker Number": 1,
                                                                                                                        "Actual Startup Time": 0.037,
                                                                                                                        "Actual Total Time": 0.037,
                                                                                                                        "Actual Rows": 35,
                                                                                                                        "Actual Loops": 9
                                                                                                                    },
                                                                                                                    {
                                                                                                                        "Worker Number": 2,
                                                                                                                        "Actual Startup Time": 0.038,
                                                                                                                        "Actual Total Time": 0.038,
                                                                                                                        "Actual Rows": 35,
                                                                                                                        "Actual Loops": 9
                                                                                                                    }
                                                                                                                ]
                                                                                                            }
                                                                                                        ]
                                                                                                    }
                                                                                                ]
                                                                                            }
                                                                                        ]
                                                                                    }
                                                                                ]
                                                                            }
                                                                        ]
                                                                    }
                                                                ]
                                                            },
                                                            {
                                                                "Node Type": "Hash",
                                                                "Parent Relationship": "Inner",
                                                                "Parallel Aware": true,
                                                                "Startup Cost": 20000500828.09,
                                                                "Total Cost": 20000500828.09,
                                                                "Plan Rows": 17522,
                                                                "Plan Width": 24,
                                                                "Actual Startup Time": 2098.461,
                                                                "Actual Total Time": 2098.466,
                                                                "Actual Rows": 63913,
                                                                "Actual Loops": 4,
                                                                "Output": [
                                                                    "chn.name",
                                                                    "ci.movie_id",
                                                                    "ci.person_id"
                                                                ],
                                                                "Hash Buckets": 262144,
                                                                "Original Hash Buckets": 131072,
                                                                "Hash Batches": 1,
                                                                "Original Hash Batches": 1,
                                                                "Peak Memory Usage": 16768,
                                                                "Workers": [
                                                                    {
                                                                        "Worker Number": 0,
                                                                        "Actual Startup Time": 2098.802,
                                                                        "Actual Total Time": 2098.807,
                                                                        "Actual Rows": 58887,
                                                                        "Actual Loops": 1
                                                                    },
                                                                    {
                                                                        "Worker Number": 1,
                                                                        "Actual Startup Time": 2098.726,
                                                                        "Actual Total Time": 2098.732,
                                                                        "Actual Rows": 56917,
                                                                        "Actual Loops": 1
                                                                    },
                                                                    {
                                                                        "Worker Number": 2,
                                                                        "Actual Startup Time": 2098.775,
                                                                        "Actual Total Time": 2098.78,
                                                                        "Actual Rows": 60748,
                                                                        "Actual Loops": 1
                                                                    }
                                                                ],
                                                                "Plans": [
                                                                    {
                                                                        "Node Type": "Merge Join",
                                                                        "Parent Relationship": "Outer",
                                                                        "Parallel Aware": false,
                                                                        "Join Type": "Inner",
                                                                        "Startup Cost": 20000496664.32,
                                                                        "Total Cost": 20000500828.09,
                                                                        "Plan Rows": 17522,
                                                                        "Plan Width": 24,
                                                                        "Actual Startup Time": 1782.509,
                                                                        "Actual Total Time": 1998.418,
                                                                        "Actual Rows": 63913,
                                                                        "Actual Loops": 4,
                                                                        "Output": [
                                                                            "chn.name",
                                                                            "ci.movie_id",
                                                                            "ci.person_id"
                                                                        ],
                                                                        "Inner Unique": false,
                                                                        "Merge Cond": "(chn.id = ci.person_role_id)",
                                                                        "Workers": [
                                                                            {
                                                                                "Worker Number": 0,
                                                                                "Actual Startup Time": 1728.269,
                                                                                "Actual Total Time": 1932.082,
                                                                                "Actual Rows": 58887,
                                                                                "Actual Loops": 1
                                                                            },
                                                                            {
                                                                                "Worker Number": 1,
                                                                                "Actual Startup Time": 1860.614,
                                                                                "Actual Total Time": 2059.649,
                                                                                "Actual Rows": 56917,
                                                                                "Actual Loops": 1
                                                                            },
                                                                            {
                                                                                "Worker Number": 2,
                                                                                "Actual Startup Time": 1728.297,
                                                                                "Actual Total Time": 1928.079,
                                                                                "Actual Rows": 60748,
                                                                                "Actual Loops": 1
                                                                            }
                                                                        ],
                                                                        "Plans": [
                                                                            {
                                                                                "Node Type": "Sort",
                                                                                "Parent Relationship": "Outer",
                                                                                "Parallel Aware": false,
                                                                                "Startup Cost": 10000121165.22,
                                                                                "Total Cost": 10000123127.86,
                                                                                "Plan Rows": 785057,
                                                                                "Plan Width": 20,
                                                                                "Actual Startup Time": 501.08,
                                                                                "Actual Total Time": 598.377,
                                                                                "Actual Rows": 785049,
                                                                                "Actual Loops": 4,
                                                                                "Output": [
                                                                                    "chn.name",
                                                                                    "chn.id"
                                                                                ],
                                                                                "Sort Key": [
                                                                                    "chn.id"
                                                                                ],
                                                                                "Sort Method": "quicksort",
                                                                                "Sort Space Used": 93778,
                                                                                "Sort Space Type": "Memory",
                                                                                "Workers": [
                                                                                    {
                                                                                        "Worker Number": 0,
                                                                                        "Actual Startup Time": 486.5,
                                                                                        "Actual Total Time": 576.67,
                                                                                        "Actual Rows": 718555,
                                                                                        "Actual Loops": 1
                                                                                    },
                                                                                    {
                                                                                        "Worker Number": 1,
                                                                                        "Actual Startup Time": 486.484,
                                                                                        "Actual Total Time": 575.137,
                                                                                        "Actual Rows": 718623,
                                                                                        "Actual Loops": 1
                                                                                    },
                                                                                    {
                                                                                        "Worker Number": 2,
                                                                                        "Actual Startup Time": 486.861,
                                                                                        "Actual Total Time": 575.207,
                                                                                        "Actual Rows": 717911,
                                                                                        "Actual Loops": 1
                                                                                    }
                                                                                ],
                                                                                "Plans": [
                                                                                    {
                                                                                        "Node Type": "Seq Scan",
                                                                                        "Parent Relationship": "Outer",
                                                                                        "Parallel Aware": true,
                                                                                        "Relation Name": "char_name",
                                                                                        "Schema": "public",
                                                                                        "Alias": "chn",
                                                                                        "Startup Cost": 10000000000.0,
                                                                                        "Total Cost": 10000044298.57,
                                                                                        "Plan Rows": 785057,
                                                                                        "Plan Width": 20,
                                                                                        "Actual Startup Time": 0.026,
                                                                                        "Actual Total Time": 143.77,
                                                                                        "Actual Rows": 785085,
                                                                                        "Actual Loops": 4,
                                                                                        "Output": [
                                                                                            "chn.name",
                                                                                            "chn.id"
                                                                                        ],
                                                                                        "Workers": [
                                                                                            {
                                                                                                "Worker Number": 0,
                                                                                                "Actual Startup Time": 0.029,
                                                                                                "Actual Total Time": 141.865,
                                                                                                "Actual Rows": 718577,
                                                                                                "Actual Loops": 1
                                                                                            },
                                                                                            {
                                                                                                "Worker Number": 1,
                                                                                                "Actual Startup Time": 0.028,
                                                                                                "Actual Total Time": 141.256,
                                                                                                "Actual Rows": 718655,
                                                                                                "Actual Loops": 1
                                                                                            },
                                                                                            {
                                                                                                "Worker Number": 2,
                                                                                                "Actual Startup Time": 0.036,
                                                                                                "Actual Total Time": 141.291,
                                                                                                "Actual Rows": 717943,
                                                                                                "Actual Loops": 1
                                                                                            }
                                                                                        ]
                                                                                    }
                                                                                ]
                                                                            },
                                                                            {
                                                                                "Node Type": "Sort",
                                                                                "Parent Relationship": "Inner",
                                                                                "Parallel Aware": false,
                                                                                "Startup Cost": 10000375481.38,
                                                                                "Total Cost": 10000375656.6,
                                                                                "Plan Rows": 70089,
                                                                                "Plan Width": 12,
                                                                                "Actual Startup Time": 1281.41,
                                                                                "Actual Total Time": 1303.954,
                                                                                "Actual Rows": 255652,
                                                                                "Actual Loops": 4,
                                                                                "Output": [
                                                                                    "ci.movie_id",
                                                                                    "ci.person_id",
                                                                                    "ci.person_role_id"
                                                                                ],
                                                                                "Sort Key": [
                                                                                    "ci.person_role_id"
                                                                                ],
                                                                                "Sort Method": "quicksort",
                                                                                "Sort Space Used": 25234,
                                                                                "Sort Space Type": "Memory",
                                                                                "Workers": [
                                                                                    {
                                                                                        "Worker Number": 0,
                                                                                        "Actual Startup Time": 1241.75,
                                                                                        "Actual Total Time": 1264.52,
                                                                                        "Actual Rows": 255652,
                                                                                        "Actual Loops": 1
                                                                                    },
                                                                                    {
                                                                                        "Worker Number": 1,
                                                                                        "Actual Startup Time": 1374.11,
                                                                                        "Actual Total Time": 1395.663,
                                                                                        "Actual Rows": 255652,
                                                                                        "Actual Loops": 1
                                                                                    },
                                                                                    {
                                                                                        "Worker Number": 2,
                                                                                        "Actual Startup Time": 1241.424,
                                                                                        "Actual Total Time": 1263.46,
                                                                                        "Actual Rows": 255652,
                                                                                        "Actual Loops": 1
                                                                                    }
                                                                                ],
                                                                                "Plans": [
                                                                                    {
                                                                                        "Node Type": "Nested Loop",
                                                                                        "Parent Relationship": "Outer",
                                                                                        "Parallel Aware": false,
                                                                                        "Join Type": "Inner",
                                                                                        "Startup Cost": 10000058701.62,
                                                                                        "Total Cost": 10000369840.3,
                                                                                        "Plan Rows": 70089,
                                                                                        "Plan Width": 12,
                                                                                        "Actual Startup Time": 387.24,
                                                                                        "Actual Total Time": 1213.801,
                                                                                        "Actual Rows": 276166,
                                                                                        "Actual Loops": 4,
                                                                                        "Output": [
                                                                                            "ci.movie_id",
                                                                                            "ci.person_id",
                                                                                            "ci.person_role_id"
                                                                                        ],
                                                                                        "Inner Unique": false,
                                                                                        "Workers": [
                                                                                            {
                                                                                                "Worker Number": 0,
                                                                                                "Actual Startup Time": 407.386,
                                                                                                "Actual Total Time": 1174.248,
                                                                                                "Actual Rows": 276166,
                                                                                                "Actual Loops": 1
                                                                                            },
                                                                                            {
                                                                                                "Worker Number": 1,
                                                                                                "Actual Startup Time": 407.448,
                                                                                                "Actual Total Time": 1297.836,
                                                                                                "Actual Rows": 276166,
                                                                                                "Actual Loops": 1
                                                                                            },
                                                                                            {
                                                                                                "Worker Number": 2,
                                                                                                "Actual Startup Time": 407.102,
                                                                                                "Actual Total Time": 1172.138,
                                                                                                "Actual Rows": 276166,
                                                                                                "Actual Loops": 1
                                                                                            }
                                                                                        ],
                                                                                        "Plans": [
                                                                                            {
                                                                                                "Node Type": "Index Scan",
                                                                                                "Parent Relationship": "Outer",
                                                                                                "Parallel Aware": false,
                                                                                                "Scan Direction": "Forward",
                                                                                                "Index Name": "role_type_pkey",
                                                                                                "Relation Name": "role_type",
                                                                                                "Schema": "public",
                                                                                                "Alias": "rt",
                                                                                                "Startup Cost": 0.14,
                                                                                                "Total Cost": 12.35,
                                                                                                "Plan Rows": 1,
                                                                                                "Plan Width": 4,
                                                                                                "Actual Startup Time": 0.038,
                                                                                                "Actual Total Time": 0.046,
                                                                                                "Actual Rows": 1,
                                                                                                "Actual Loops": 4,
                                                                                                "Output": [
                                                                                                    "rt.id",
                                                                                                    "rt.role"
                                                                                                ],
                                                                                                "Filter": "((rt.role)::text = 'actress'::text)",
                                                                                                "Rows Removed by Filter": 11,
                                                                                                "Workers": [
                                                                                                    {
                                                                                                        "Worker Number": 0,
                                                                                                        "Actual Startup Time": 0.04,
                                                                                                        "Actual Total Time": 0.048,
                                                                                                        "Actual Rows": 1,
                                                                                                        "Actual Loops": 1
                                                                                                    },
                                                                                                    {
                                                                                                        "Worker Number": 1,
                                                                                                        "Actual Startup Time": 0.052,
                                                                                                        "Actual Total Time": 0.059,
                                                                                                        "Actual Rows": 1,
                                                                                                        "Actual Loops": 1
                                                                                                    },
                                                                                                    {
                                                                                                        "Worker Number": 2,
                                                                                                        "Actual Startup Time": 0.036,
                                                                                                        "Actual Total Time": 0.044,
                                                                                                        "Actual Rows": 1,
                                                                                                        "Actual Loops": 1
                                                                                                    }
                                                                                                ]
                                                                                            },
                                                                                            {
                                                                                                "Node Type": "Bitmap Heap Scan",
                                                                                                "Parent Relationship": "Inner",
                                                                                                "Parallel Aware": false,
                                                                                                "Relation Name": "cast_info",
                                                                                                "Schema": "public",
                                                                                                "Alias": "ci",
                                                                                                "Startup Cost": 58701.48,
                                                                                                "Total Cost": 369063.35,
                                                                                                "Plan Rows": 76460,
                                                                                                "Plan Width": 16,
                                                                                                "Actual Startup Time": 387.187,
                                                                                                "Actual Total Time": 1188.582,
                                                                                                "Actual Rows": 276166,
                                                                                                "Actual Loops": 4,
                                                                                                "Output": [
                                                                                                    "ci.id",
                                                                                                    "ci.person_id",
                                                                                                    "ci.movie_id",
                                                                                                    "ci.person_role_id",
                                                                                                    "ci.note",
                                                                                                    "ci.nr_order",
                                                                                                    "ci.role_id"
                                                                                                ],
                                                                                                "Recheck Cond": "(ci.role_id = rt.id)",
                                                                                                "Rows Removed by Index Recheck": 0,
                                                                                                "Filter": "(ci.note = ANY ('{(voice),\"(voice: Japanese version)\",\"(voice) (uncredited)\",\"(voice: English version)\"}'::text[]))",
                                                                                                "Rows Removed by Filter": 7175807,
                                                                                                "Exact Heap Blocks": 49087,
                                                                                                "Lossy Heap Blocks": 0,
                                                                                                "Workers": [
                                                                                                    {
                                                                                                        "Worker Number": 0,
                                                                                                        "Actual Startup Time": 407.333,
                                                                                                        "Actual Total Time": 1151.394,
                                                                                                        "Actual Rows": 276166,
                                                                                                        "Actual Loops": 1
                                                                                                    },
                                                                                                    {
                                                                                                        "Worker Number": 1,
                                                                                                        "Actual Startup Time": 407.382,
                                                                                                        "Actual Total Time": 1269.994,
                                                                                                        "Actual Rows": 276166,
                                                                                                        "Actual Loops": 1
                                                                                                    },
                                                                                                    {
                                                                                                        "Worker Number": 2,
                                                                                                        "Actual Startup Time": 407.054,
                                                                                                        "Actual Total Time": 1148.593,
                                                                                                        "Actual Rows": 276166,
                                                                                                        "Actual Loops": 1
                                                                                                    }
                                                                                                ],
                                                                                                "Plans": [
                                                                                                    {
                                                                                                        "Node Type": "Bitmap Index Scan",
                                                                                                        "Parent Relationship": "Outer",
                                                                                                        "Parallel Aware": false,
                                                                                                        "Index Name": "role_id_cast_info",
                                                                                                        "Startup Cost": 0.0,
                                                                                                        "Total Cost": 58682.37,
                                                                                                        "Plan Rows": 3295707,
                                                                                                        "Plan Width": 0,
                                                                                                        "Actual Startup Time": 376.389,
                                                                                                        "Actual Total Time": 376.39,
                                                                                                        "Actual Rows": 7451973,
                                                                                                        "Actual Loops": 4,
                                                                                                        "Index Cond": "(ci.role_id = rt.id)",
                                                                                                        "Workers": [
                                                                                                            {
                                                                                                                "Worker Number": 0,
                                                                                                                "Actual Startup Time": 396.516,
                                                                                                                "Actual Total Time": 396.516,
                                                                                                                "Actual Rows": 7451973,
                                                                                                                "Actual Loops": 1
                                                                                                            },
                                                                                                            {
                                                                                                                "Worker Number": 1,
                                                                                                                "Actual Startup Time": 396.516,
                                                                                                                "Actual Total Time": 396.516,
                                                                                                                "Actual Rows": 7451973,
                                                                                                                "Actual Loops": 1
                                                                                                            },
                                                                                                            {
                                                                                                                "Worker Number": 2,
                                                                                                                "Actual Startup Time": 396.186,
                                                                                                                "Actual Total Time": 396.186,
                                                                                                                "Actual Rows": 7451973,
                                                                                                                "Actual Loops": 1
                                                                                                            }
                                                                                                        ]
                                                                                                    }
                                                                                                ]
                                                                                            }
                                                                                        ]
                                                                                    }
                                                                                ]
                                                                            }
                                                                        ]
                                                                    }
                                                                ]
                                                            }
                                                        ]
                                                    },
                                                    {
                                                        "Node Type": "Bitmap Heap Scan",
                                                        "Parent Relationship": "Inner",
                                                        "Parallel Aware": false,
                                                        "Relation Name": "company_name",
                                                        "Schema": "public",
                                                        "Alias": "cn",
                                                        "Startup Cost": 0.43,
                                                        "Total Cost": 4.45,
                                                        "Plan Rows": 1,
                                                        "Plan Width": 4,
                                                        "Actual Startup Time": 0.003,
                                                        "Actual Total Time": 0.003,
                                                        "Actual Rows": 0,
                                                        "Actual Loops": 624,
                                                        "Output": [
                                                            "cn.id",
                                                            "cn.name",
                                                            "cn.country_code",
                                                            "cn.imdb_id",
                                                            "cn.name_pcode_nf",
                                                            "cn.name_pcode_sf",
                                                            "cn.md5sum"
                                                        ],
                                                        "Recheck Cond": "(cn.id = mc.company_id)",
                                                        "Rows Removed by Index Recheck": 0,
                                                        "Filter": "(((cn.country_code)::text = '[us]'::text) AND (cn.name = 'NBC Universal Television'::text))",
                                                        "Rows Removed by Filter": 1,
                                                        "Exact Heap Blocks": 464,
                                                        "Lossy Heap Blocks": 0,
                                                        "Workers": [
                                                            {
                                                                "Worker Number": 1,
                                                                "Actual Startup Time": 0.003,
                                                                "Actual Total Time": 0.003,
                                                                "Actual Rows": 0,
                                                                "Actual Loops": 160
                                                            }
                                                        ],
                                                        "Plans": [
                                                            {
                                                                "Node Type": "Bitmap Index Scan",
                                                                "Parent Relationship": "Outer",
                                                                "Parallel Aware": false,
                                                                "Index Name": "company_name_pkey",
                                                                "Startup Cost": 0.0,
                                                                "Total Cost": 0.43,
                                                                "Plan Rows": 1,
                                                                "Plan Width": 0,
                                                                "Actual Startup Time": 0.002,
                                                                "Actual Total Time": 0.002,
                                                                "Actual Rows": 1,
                                                                "Actual Loops": 624,
                                                                "Index Cond": "(cn.id = mc.company_id)",
                                                                "Workers": [
                                                                    {
                                                                        "Worker Number": 1,
                                                                        "Actual Startup Time": 0.002,
                                                                        "Actual Total Time": 0.002,
                                                                        "Actual Rows": 1,
                                                                        "Actual Loops": 160
                                                                    }
                                                                ]
                                                            }
                                                        ]
                                                    }
                                                ]
                                            },
                                            {
                                                "Node Type": "Bitmap Heap Scan",
                                                "Parent Relationship": "Inner",
                                                "Parallel Aware": false,
                                                "Relation Name": "movie_keyword",
                                                "Schema": "public",
                                                "Alias": "mk",
                                                "Startup Cost": 0.82,
                                                "Total Cost": 5.4,
                                                "Plan Rows": 46,
                                                "Plan Width": 8,
                                                "Actual Startup Time": 0.006,
                                                "Actual Total Time": 0.01,
                                                "Actual Rows": 35,
                                                "Actual Loops": 6,
                                                "Output": [
                                                    "mk.id",
                                                    "mk.movie_id",
                                                    "mk.keyword_id"
                                                ],
                                                "Recheck Cond": "(mk.movie_id = mc.movie_id)",
                                                "Rows Removed by Index Recheck": 0,
                                                "Exact Heap Blocks": 6,
                                                "Lossy Heap Blocks": 0,
                                                "Plans": [
                                                    {
                                                        "Node Type": "Bitmap Index Scan",
                                                        "Parent Relationship": "Outer",
                                                        "Parallel Aware": false,
                                                        "Index Name": "movie_id_movie_keyword",
                                                        "Startup Cost": 0.0,
                                                        "Total Cost": 0.81,
                                                        "Plan Rows": 46,
                                                        "Plan Width": 0,
                                                        "Actual Startup Time": 0.004,
                                                        "Actual Total Time": 0.004,
                                                        "Actual Rows": 35,
                                                        "Actual Loops": 6,
                                                        "Index Cond": "(mk.movie_id = mc.movie_id)"
                                                    }
                                                ]
                                            }
                                        ]
                                    },
                                    {
                                        "Node Type": "Bitmap Heap Scan",
                                        "Parent Relationship": "Inner",
                                        "Parallel Aware": false,
                                        "Relation Name": "keyword",
                                        "Schema": "public",
                                        "Alias": "k",
                                        "Startup Cost": 0.43,
                                        "Total Cost": 4.45,
                                        "Plan Rows": 1,
                                        "Plan Width": 4,
                                        "Actual Startup Time": 0.004,
                                        "Actual Total Time": 0.004,
                                        "Actual Rows": 0,
                                        "Actual Loops": 210,
                                        "Output": [
                                            "k.id",
                                            "k.keyword",
                                            "k.phonetic_code"
                                        ],
                                        "Recheck Cond": "(k.id = mk.keyword_id)",
                                        "Rows Removed by Index Recheck": 0,
                                        "Filter": "(k.keyword = ANY ('{death,murder,sequel,voice-over}'::text[]))",
                                        "Rows Removed by Filter": 1,
                                        "Exact Heap Blocks": 210,
                                        "Lossy Heap Blocks": 0,
                                        "Plans": [
                                            {
                                                "Node Type": "Bitmap Index Scan",
                                                "Parent Relationship": "Outer",
                                                "Parallel Aware": false,
                                                "Index Name": "keyword_pkey",
                                                "Startup Cost": 0.0,
                                                "Total Cost": 0.43,
                                                "Plan Rows": 1,
                                                "Plan Width": 0,
                                                "Actual Startup Time": 0.002,
                                                "Actual Total Time": 0.002,
                                                "Actual Rows": 1,
                                                "Actual Loops": 210,
                                                "Index Cond": "(k.id = mk.keyword_id)"
                                            }
                                        ]
                                    }
                                ]
                            },
                            {
                                "Node Type": "Hash",
                                "Parent Relationship": "Inner",
                                "Parallel Aware": true,
                                "Startup Cost": 90413.27,
                                "Total Cost": 90413.27,
                                "Plan Rows": 2044,
                                "Plan Width": 23,
                                "Actual Startup Time": 279.072,
                                "Actual Total Time": 279.073,
                                "Actual Rows": 2631,
                                "Actual Loops": 4,
                                "Output": [
                                    "an.person_id",
                                    "n.name",
                                    "n.id"
                                ],
                                "Hash Buckets": 16384,
                                "Original Hash Buckets": 8192,
                                "Hash Batches": 1,
                                "Original Hash Batches": 1,
                                "Peak Memory Usage": 896,
                                "Workers": [
                                    {
                                        "Worker Number": 0,
                                        "Actual Startup Time": 275.403,
                                        "Actual Total Time": 275.404,
                                        "Actual Rows": 2331,
                                        "Actual Loops": 1
                                    },
                                    {
                                        "Worker Number": 1,
                                        "Actual Startup Time": 275.434,
                                        "Actual Total Time": 275.436,
                                        "Actual Rows": 2343,
                                        "Actual Loops": 1
                                    },
                                    {
                                        "Worker Number": 2,
                                        "Actual Startup Time": 275.479,
                                        "Actual Total Time": 275.481,
                                        "Actual Rows": 2350,
                                        "Actual Loops": 1
                                    }
                                ],
                                "Plans": [
                                    {
                                        "Node Type": "Nested Loop",
                                        "Parent Relationship": "Outer",
                                        "Parallel Aware": false,
                                        "Join Type": "Inner",
                                        "Startup Cost": 0.42,
                                        "Total Cost": 90413.27,
                                        "Plan Rows": 2044,
                                        "Plan Width": 23,
                                        "Actual Startup Time": 102.51,
                                        "Actual Total Time": 268.113,
                                        "Actual Rows": 2631,
                                        "Actual Loops": 4,
                                        "Output": [
                                            "an.person_id",
                                            "n.name",
                                            "n.id"
                                        ],
                                        "Inner Unique": false,
                                        "Workers": [
                                            {
                                                "Worker Number": 0,
                                                "Actual Startup Time": 98.894,
                                                "Actual Total Time": 261.779,
                                                "Actual Rows": 2331,
                                                "Actual Loops": 1
                                            },
                                            {
                                                "Worker Number": 1,
                                                "Actual Startup Time": 98.876,
                                                "Actual Total Time": 259.82,
                                                "Actual Rows": 2343,
                                                "Actual Loops": 1
                                            },
                                            {
                                                "Worker Number": 2,
                                                "Actual Startup Time": 98.92,
                                                "Actual Total Time": 262.753,
                                                "Actual Rows": 2350,
                                                "Actual Loops": 1
                                            }
                                        ],
                                        "Plans": [
                                            {
                                                "Node Type": "Seq Scan",
                                                "Parent Relationship": "Outer",
                                                "Parallel Aware": true,
                                                "Relation Name": "name",
                                                "Schema": "public",
                                                "Alias": "n",
                                                "Startup Cost": 0.0,
                                                "Total Cost": 71241.31,
                                                "Plan Rows": 9452,
                                                "Plan Width": 19,
                                                "Actual Startup Time": 102.382,
                                                "Actual Total Time": 232.621,
                                                "Actual Rows": 12503,
                                                "Actual Loops": 4,
                                                "Output": [
                                                    "n.id",
                                                    "n.name",
                                                    "n.imdb_index",
                                                    "n.imdb_id",
                                                    "n.gender",
                                                    "n.name_pcode_cf",
                                                    "n.name_pcode_nf",
                                                    "n.surname_pcode",
                                                    "n.md5sum"
                                                ],
                                                "Filter": "((n.name ~~ '%An%'::text) AND ((n.gender)::text = 'f'::text))",
                                                "Rows Removed by Filter": 1029370,
                                                "Workers": [
                                                    {
                                                        "Worker Number": 0,
                                                        "Actual Startup Time": 98.742,
                                                        "Actual Total Time": 226.14,
                                                        "Actual Rows": 10973,
                                                        "Actual Loops": 1
                                                    },
                                                    {
                                                        "Worker Number": 1,
                                                        "Actual Startup Time": 98.728,
                                                        "Actual Total Time": 224.761,
                                                        "Actual Rows": 10864,
                                                        "Actual Loops": 1
                                                    },
                                                    {
                                                        "Worker Number": 2,
                                                        "Actual Startup Time": 98.756,
                                                        "Actual Total Time": 226.773,
                                                        "Actual Rows": 11234,
                                                        "Actual Loops": 1
                                                    }
                                                ]
                                            },
                                            {
                                                "Node Type": "Index Scan",
                                                "Parent Relationship": "Inner",
                                                "Parallel Aware": false,
                                                "Scan Direction": "Forward",
                                                "Index Name": "person_id_aka_name",
                                                "Relation Name": "aka_name",
                                                "Schema": "public",
                                                "Alias": "an",
                                                "Startup Cost": 0.42,
                                                "Total Cost": 2.01,
                                                "Plan Rows": 2,
                                                "Plan Width": 4,
                                                "Actual Startup Time": 0.002,
                                                "Actual Total Time": 0.002,
                                                "Actual Rows": 0,
                                                "Actual Loops": 50011,
                                                "Output": [
                                                    "an.id",
                                                    "an.person_id",
                                                    "an.name",
                                                    "an.imdb_index",
                                                    "an.name_pcode_cf",
                                                    "an.name_pcode_nf",
                                                    "an.surname_pcode",
                                                    "an.md5sum"
                                                ],
                                                "Index Cond": "(an.person_id = n.id)",
                                                "Rows Removed by Index Recheck": 0,
                                                "Workers": [
                                                    {
                                                        "Worker Number": 0,
                                                        "Actual Startup Time": 0.003,
                                                        "Actual Total Time": 0.003,
                                                        "Actual Rows": 0,
                                                        "Actual Loops": 10973
                                                    },
                                                    {
                                                        "Worker Number": 1,
                                                        "Actual Startup Time": 0.003,
                                                        "Actual Total Time": 0.003,
                                                        "Actual Rows": 0,
                                                        "Actual Loops": 10864
                                                    },
                                                    {
                                                        "Worker Number": 2,
                                                        "Actual Startup Time": 0.003,
                                                        "Actual Total Time": 0.003,
                                                        "Actual Rows": 0,
                                                        "Actual Loops": 11234
                                                    }
                                                ]
                                            }
                                        ]
                                    }
                                ]
                            }
                        ]
                    }
                ]
            }
        ]
    },
    "Planning Time": 65.476,
    "Triggers": [],
    "Execution Time": 3821.912
}