[
  {
    "Plan": {
      "Node Type": "Aggregate",
      "Strategy": "Plain",
      "Partial Mode": "Finalize",
      "Parallel Aware": false,
      "Startup Cost": 458066.38,
      "Total Cost": 458066.39,
      "Plan Rows": 1,
      "Plan Width": 8,
      "Actual Startup Time": 2014.196,
      "Actual Total Time": 2068.029,
      "Actual Rows": 1,
      "Actual Loops": 1,
      "Plans": [
        {
          "Node Type": "Gather",
          "Parent Relationship": "Outer",
          "Parallel Aware": false,
          "Startup Cost": 458065.76,
          "Total Cost": 458066.37,
          "Plan Rows": 6,
          "Plan Width": 8,
          "Actual Startup Time": 2003.785,
          "Actual Total Time": 2068.012,
          "Actual Rows": 7,
          "Actual Loops": 1,
          "Workers Planned": 6,
          "Workers Launched": 6,
          "Single Copy": false,
          "Plans": [
            {
              "Node Type": "Aggregate",
              "Strategy": "Plain",
              "Partial Mode": "Partial",
              "Parent Relationship": "Outer",
              "Parallel Aware": false,
              "Startup Cost": 457065.76,
              "Total Cost": 457065.77,
              "Plan Rows": 1,
              "Plan Width": 8,
              "Actual Startup Time": 1982.626,
              "Actual Total Time": 1982.942,
              "Actual Rows": 1,
              "Actual Loops": 7,
              "Plans": [
                {
                  "Node Type": "Hash Join",
                  "Parent Relationship": "Outer",
                  "Parallel Aware": true,
                  "Join Type": "Inner",
                  "Startup Cost": 98140.12,
                  "Total Cost": 446952.86,
                  "Plan Rows": 4045160,
                  "Plan Width": 0,
                  "Actual Startup Time": 362.088,
                  "Actual Total Time": 1902.897,
                  "Actual Rows": 1609837,
                  "Actual Loops": 7,
                  "Inner Unique": false,
                  "Hash Cond": "(ci.movie_id = t.id)",
                  "Plans": [
                    {
                      "Node Type": "Seq Scan",
                      "Parent Relationship": "Outer",
                      "Parallel Aware": true,
                      "Relation Name": "cast_info",
                      "Alias": "ci",
                      "Startup Cost": 0.0,
                      "Total Cost": 313106.51,
                      "Plan Rows": 6041951,
                      "Plan Width": 4,
                      "Actual Startup Time": 0.064,
                      "Actual Total Time": 581.844,
                      "Actual Rows": 5177763,
                      "Actual Loops": 7
                    },
                    {
                      "Node Type": "Hash",
                      "Parent Relationship": "Inner",
                      "Parallel Aware": true,
                      "Startup Cost": 91314.27,
                      "Total Cost": 91314.27,
                      "Plan Rows": 546068,
                      "Plan Width": 8,
                      "Actual Startup Time": 356.41,
                      "Actual Total Time": 356.724,
                      "Actual Rows": 55406,
                      "Actual Loops": 7,
                      "Hash Buckets": 2097152,
                      "Original Hash Buckets": 2097152,
                      "Hash Batches": 1,
                      "Original Hash Batches": 1,
                      "Peak Memory Usage": 31680,
                      "Plans": [
                        {
                          "Node Type": "Hash Join",
                          "Parent Relationship": "Outer",
                          "Parallel Aware": true,
                          "Join Type": "Inner",
                          "Startup Cost": 48436.19,
                          "Total Cost": 91314.27,
                          "Plan Rows": 546068,
                          "Plan Width": 8,
                          "Actual Startup Time": 181.34,
                          "Actual Total Time": 330.07,
                          "Actual Rows": 55406,
                          "Actual Loops": 7,
                          "Inner Unique": true,
                          "Hash Cond": "(mk.movie_id = t.id)",
                          "Plans": [
                            {
                              "Node Type": "Seq Scan",
                              "Parent Relationship": "Outer",
                              "Parallel Aware": true,
                              "Relation Name": "movie_keyword",
                              "Alias": "mk",
                              "Startup Cost": 0.0,
                              "Total Cost": 39047.32,
                              "Plan Rows": 1459332,
                              "Plan Width": 4,
                              "Actual Startup Time": 0.039,
                              "Actual Total Time": 65.232,
                              "Actual Rows": 646276,
                              "Actual Loops": 7
                            },
                            {
                              "Node Type": "Hash",
                              "Parent Relationship": "Inner",
                              "Parallel Aware": true,
                              "Startup Cost": 45479.59,
                              "Total Cost": 45479.59,
                              "Plan Rows": 236528,
                              "Plan Width": 4,
                              "Actual Startup Time": 179.548,
                              "Actual Total Time": 179.55,
                              "Actual Rows": 125148,
                              "Actual Loops": 7,
                              "Hash Buckets": 1048576,
                              "Original Hash Buckets": 1048576,
                              "Hash Batches": 1,
                              "Original Hash Batches": 1,
                              "Peak Memory Usage": 42592,
                              "Plans": [
                                {
                                  "Node Type": "Seq Scan",
                                  "Parent Relationship": "Outer",
                                  "Parallel Aware": true,
                                  "Relation Name": "title",
                                  "Alias": "t",
                                  "Startup Cost": 0.0,
                                  "Total Cost": 45479.59,
                                  "Plan Rows": 236528,
                                  "Plan Width": 4,
                                  "Actual Startup Time": 0.063,
                                  "Actual Total Time": 102.053,
                                  "Actual Rows": 125148,
                                  "Actual Loops": 7,
                                  "Filter": "((production_year < 2007) AND (kind_id = 7))",
                                  "Rows Removed by Filter": 236039
                                }
                              ]
                            }
                          ]
                        }
                      ]
                    }
                  ]
                }
              ]
            }
          ]
        }
      ]
    },
    "Planning Time": 1.364,
    "Triggers": [],
    "Execution Time": 2068.126
  }
]