[
    {
        "Bao": {
            "Bao prediction": "NaN",
            "Bao recommended hint": "(no hint)"
        }
    },
    {
        "Plan": {
            "Node Type": "Aggregate",
            "Strategy": "Plain",
            "Partial Mode": "Finalize",
            "Parallel Aware": false,
            "Startup Cost": 39548.11,
            "Total Cost": 39548.12,
            "Plan Rows": 1,
            "Plan Width": 8,
            "Actual Startup Time": 123.66,
            "Actual Total Time": 130.923,
            "Actual Rows": 1,
            "Actual Loops": 1,
            "Output": [
                "count(*)"
            ],
            "Plans": [
                {
                    "Node Type": "Gather",
                    "Parent Relationship": "Outer",
                    "Parallel Aware": false,
                    "Startup Cost": 39547.79,
                    "Total Cost": 39548.1,
                    "Plan Rows": 3,
                    "Plan Width": 8,
                    "Actual Startup Time": 123.353,
                    "Actual Total Time": 130.917,
                    "Actual Rows": 4,
                    "Actual Loops": 1,
                    "Output": [
                        "(PARTIAL count(*))"
                    ],
                    "Workers Planned": 3,
                    "Workers Launched": 3,
                    "Single Copy": false,
                    "Plans": [
                        {
                            "Node Type": "Aggregate",
                            "Strategy": "Plain",
                            "Partial Mode": "Partial",
                            "Parent Relationship": "Outer",
                            "Parallel Aware": false,
                            "Startup Cost": 38547.79,
                            "Total Cost": 38547.8,
                            "Plan Rows": 1,
                            "Plan Width": 8,
                            "Actual Startup Time": 114.865,
                            "Actual Total Time": 114.867,
                            "Actual Rows": 1,
                            "Actual Loops": 4,
                            "Output": [
                                "PARTIAL count(*)"
                            ],
                            "Workers": [
                                {
                                    "Worker Number": 0,
                                    "Actual Startup Time": 112.052,
                                    "Actual Total Time": 112.054,
                                    "Actual Rows": 1,
                                    "Actual Loops": 1
                                },
                                {
                                    "Worker Number": 1,
                                    "Actual Startup Time": 112.151,
                                    "Actual Total Time": 112.152,
                                    "Actual Rows": 1,
                                    "Actual Loops": 1
                                },
                                {
                                    "Worker Number": 2,
                                    "Actual Startup Time": 112.269,
                                    "Actual Total Time": 112.27,
                                    "Actual Rows": 1,
                                    "Actual Loops": 1
                                }
                            ],
                            "Plans": [
                                {
                                    "Node Type": "Bitmap Heap Scan",
                                    "Parent Relationship": "Outer",
                                    "Parallel Aware": true,
                                    "Relation Name": "movie_keyword",
                                    "Schema": "public",
                                    "Alias": "mk",
                                    "Startup Cost": 11476.49,
                                    "Total Cost": 38111.57,
                                    "Plan Rows": 174487,
                                    "Plan Width": 0,
                                    "Actual Startup Time": 39.332,
                                    "Actual Total Time": 107.522,
                                    "Actual Rows": 134057,
                                    "Actual Loops": 4,
                                    "Recheck Cond": "(mk.keyword_id > 34249)",
                                    "Rows Removed by Index Recheck": 0,
                                    "Exact Heap Blocks": 10524,
                                    "Lossy Heap Blocks": 0,
                                    "Workers": [
                                        {
                                            "Worker Number": 0,
                                            "Actual Startup Time": 36.481,
                                            "Actual Total Time": 105.481,
                                            "Actual Rows": 102242,
                                            "Actual Loops": 1
                                        },
                                        {
                                            "Worker Number": 1,
                                            "Actual Startup Time": 36.9,
                                            "Actual Total Time": 105.588,
                                            "Actual Rows": 102758,
                                            "Actual Loops": 1
                                        },
                                        {
                                            "Worker Number": 2,
                                            "Actual Startup Time": 36.812,
                                            "Actual Total Time": 106.209,
                                            "Actual Rows": 87071,
                                            "Actual Loops": 1
                                        }
                                    ],
                                    "Plans": [
                                        {
                                            "Node Type": "Bitmap Index Scan",
                                            "Parent Relationship": "Outer",
                                            "Parallel Aware": false,
                                            "Index Name": "keyword_id_movie_keyword",
                                            "Startup Cost": 0.0,
                                            "Total Cost": 11341.26,
                                            "Plan Rows": 540910,
                                            "Plan Width": 0,
                                            "Actual Startup Time": 43.752,
                                            "Actual Total Time": 43.753,
                                            "Actual Rows": 536229,
                                            "Actual Loops": 1,
                                            "Index Cond": "(mk.keyword_id > 34249)"
                                        }
                                    ]
                                }
                            ]
                        }
                    ]
                }
            ]
        },
        "Planning Time": 187.231,
        "Triggers": [],
        "Execution Time": 130.988
    }
]