[
  {
    "Plan": {
      "Node Type": "Aggregate",
      "Strategy": "Plain",
      "Partial Mode": "Finalize",
      "Parallel Aware": false,
      "Startup Cost": 31527.25,
      "Total Cost": 31527.26,
      "Plan Rows": 1,
      "Plan Width": 8,
      "Actual Startup Time": 100.525,
      "Actual Total Time": 107.631,
      "Actual Rows": 1,
      "Actual Loops": 1,
      "Plans": [
        {
          "Node Type": "Gather",
          "Parent Relationship": "Outer",
          "Parallel Aware": false,
          "Startup Cost": 31526.93,
          "Total Cost": 31527.24,
          "Plan Rows": 3,
          "Plan Width": 8,
          "Actual Startup Time": 100.399,
          "Actual Total Time": 107.623,
          "Actual Rows": 4,
          "Actual Loops": 1,
          "Workers Planned": 3,
          "Workers Launched": 3,
          "Single Copy": false,
          "Plans": [
            {
              "Node Type": "Aggregate",
              "Strategy": "Plain",
              "Partial Mode": "Partial",
              "Parent Relationship": "Outer",
              "Parallel Aware": false,
              "Startup Cost": 30526.93,
              "Total Cost": 30526.94,
              "Plan Rows": 1,
              "Plan Width": 8,
              "Actual Startup Time": 94.504,
              "Actual Total Time": 94.505,
              "Actual Rows": 1,
              "Actual Loops": 4,
              "Plans": [
                {
                  "Node Type": "Seq Scan",
                  "Parent Relationship": "Outer",
                  "Parallel Aware": true,
                  "Relation Name": "movie_companies",
                  "Alias": "mc",
                  "Startup Cost": 0.0,
                  "Total Cost": 29310.68,
                  "Plan Rows": 486501,
                  "Plan Width": 0,
                  "Actual Startup Time": 0.036,
                  "Actual Total Time": 75.877,
                  "Actual Rows": 374788,
                  "Actual Loops": 4,
                  "Filter": "(company_id < 14002)",
                  "Rows Removed by Filter": 277494
                }
              ]
            }
          ]
        }
      ]
    },
    "Planning Time": 0.119,
    "Triggers": [],
    "Execution Time": 107.67
  }
]