[
  {
    "Plan": {
      "Node Type": "Aggregate",
      "Strategy": "Plain",
      "Partial Mode": "Finalize",
      "Parallel Aware": false,
      "Startup Cost": 133708.69,
      "Total Cost": 133708.7,
      "Plan Rows": 1,
      "Plan Width": 8,
      "Actual Startup Time": 1311.784,
      "Actual Total Time": 1331.269,
      "Actual Rows": 1,
      "Actual Loops": 1,
      "Plans": [
        {
          "Node Type": "Gather",
          "Parent Relationship": "Outer",
          "Parallel Aware": false,
          "Startup Cost": 133708.37,
          "Total Cost": 133708.68,
          "Plan Rows": 3,
          "Plan Width": 8,
          "Actual Startup Time": 1305.027,
          "Actual Total Time": 1331.259,
          "Actual Rows": 4,
          "Actual Loops": 1,
          "Workers Planned": 3,
          "Workers Launched": 3,
          "Single Copy": false,
          "Plans": [
            {
              "Node Type": "Aggregate",
              "Strategy": "Plain",
              "Partial Mode": "Partial",
              "Parent Relationship": "Outer",
              "Parallel Aware": false,
              "Startup Cost": 132708.37,
              "Total Cost": 132708.38,
              "Plan Rows": 1,
              "Plan Width": 8,
              "Actual Startup Time": 1296.104,
              "Actual Total Time": 1296.388,
              "Actual Rows": 1,
              "Actual Loops": 4,
              "Plans": [
                {
                  "Node Type": "Hash Join",
                  "Parent Relationship": "Outer",
                  "Parallel Aware": true,
                  "Join Type": "Inner",
                  "Startup Cost": 85184.2,
                  "Total Cost": 131206.2,
                  "Plan Rows": 600870,
                  "Plan Width": 0,
                  "Actual Startup Time": 478.722,
                  "Actual Total Time": 1064.985,
                  "Actual Rows": 5872176,
                  "Actual Loops": 4,
                  "Inner Unique": false,
                  "Hash Cond": "(mk.movie_id = t.id)",
                  "Plans": [
                    {
                      "Node Type": "Seq Scan",
                      "Parent Relationship": "Outer",
                      "Parallel Aware": true,
                      "Relation Name": "movie_keyword",
                      "Alias": "mk",
                      "Startup Cost": 0.0,
                      "Total Cost": 39047.32,
                      "Plan Rows": 1459332,
                      "Plan Width": 4,
                      "Actual Startup Time": 0.057,
                      "Actual Total Time": 87.894,
                      "Actual Rows": 1130982,
                      "Actual Loops": 4
                    },
                    {
                      "Node Type": "Hash",
                      "Parent Relationship": "Inner",
                      "Parallel Aware": true,
                      "Startup Cost": 81931.05,
                      "Total Cost": 81931.05,
                      "Plan Rows": 260252,
                      "Plan Width": 8,
                      "Actual Startup Time": 472.702,
                      "Actual Total Time": 472.985,
                      "Actual Rows": 228381,
                      "Actual Loops": 4,
                      "Hash Buckets": 1048576,
                      "Original Hash Buckets": 1048576,
                      "Hash Batches": 1,
                      "Original Hash Batches": 1,
                      "Peak Memory Usage": 44000,
                      "Plans": [
                        {
                          "Node Type": "Hash Join",
                          "Parent Relationship": "Outer",
                          "Parallel Aware": true,
                          "Join Type": "Inner",
                          "Startup Cost": 35612.43,
                          "Total Cost": 81931.05,
                          "Plan Rows": 260252,
                          "Plan Width": 8,
                          "Actual Startup Time": 150.701,
                          "Actual Total Time": 409.32,
                          "Actual Rows": 228381,
                          "Actual Loops": 4,
                          "Inner Unique": false,
                          "Hash Cond": "(t.id = mc.movie_id)",
                          "Plans": [
                            {
                              "Node Type": "Seq Scan",
                              "Parent Relationship": "Outer",
                              "Parallel Aware": true,
                              "Relation Name": "title",
                              "Alias": "t",
                              "Startup Cost": 0.0,
                              "Total Cost": 42318.73,
                              "Plan Rows": 632073,
                              "Plan Width": 4,
                              "Actual Startup Time": 0.009,
                              "Actual Total Time": 77.073,
                              "Actual Rows": 632078,
                              "Actual Loops": 4
                            },
                            {
                              "Node Type": "Hash",
                              "Parent Relationship": "Inner",
                              "Parallel Aware": true,
                              "Startup Cost": 31414.82,
                              "Total Cost": 31414.82,
                              "Plan Rows": 335809,
                              "Plan Width": 4,
                              "Actual Startup Time": 148.028,
                              "Actual Total Time": 148.029,
                              "Actual Rows": 228381,
                              "Actual Loops": 4,
                              "Hash Buckets": 1048576,
                              "Original Hash Buckets": 1048576,
                              "Hash Batches": 1,
                              "Original Hash Batches": 1,
                              "Peak Memory Usage": 44000,
                              "Plans": [
                                {
                                  "Node Type": "Seq Scan",
                                  "Parent Relationship": "Outer",
                                  "Parallel Aware": true,
                                  "Relation Name": "movie_companies",
                                  "Alias": "mc",
                                  "Startup Cost": 0.0,
                                  "Total Cost": 31414.82,
                                  "Plan Rows": 335809,
                                  "Plan Width": 4,
                                  "Actual Startup Time": 0.233,
                                  "Actual Total Time": 80.621,
                                  "Actual Rows": 228381,
                                  "Actual Loops": 4,
                                  "Filter": "((company_id > 432) AND (company_type_id = 1))",
                                  "Rows Removed by Filter": 423902
                                }
                              ]
                            }
                          ]
                        }
                      ]
                    }
                  ]
                }
              ]
            }
          ]
        }
      ]
    },
    "Planning Time": 1.461,
    "Triggers": [],
    "Execution Time": 1331.366
  }
]