[
  {
    "Plan": {
      "Node Type": "Aggregate",
      "Strategy": "Plain",
      "Partial Mode": "Finalize",
      "Parallel Aware": false,
      "Startup Cost": 199614.32,
      "Total Cost": 199614.33,
      "Plan Rows": 1,
      "Plan Width": 8,
      "Actual Startup Time": 253.123,
      "Actual Total Time": 267.519,
      "Actual Rows": 1,
      "Actual Loops": 1,
      "Plans": [
        {
          "Node Type": "Gather",
          "Parent Relationship": "Outer",
          "Parallel Aware": false,
          "Startup Cost": 199613.7,
          "Total Cost": 199614.31,
          "Plan Rows": 6,
          "Plan Width": 8,
          "Actual Startup Time": 253.009,
          "Actual Total Time": 267.508,
          "Actual Rows": 7,
          "Actual Loops": 1,
          "Workers Planned": 6,
          "Workers Launched": 6,
          "Single Copy": false,
          "Plans": [
            {
              "Node Type": "Aggregate",
              "Strategy": "Plain",
              "Partial Mode": "Partial",
              "Parent Relationship": "Outer",
              "Parallel Aware": false,
              "Startup Cost": 198613.7,
              "Total Cost": 198613.71,
              "Plan Rows": 1,
              "Plan Width": 8,
              "Actual Startup Time": 242.445,
              "Actual Total Time": 242.446,
              "Actual Rows": 1,
              "Actual Loops": 7,
              "Plans": [
                {
                  "Node Type": "Index Scan",
                  "Parent Relationship": "Outer",
                  "Parallel Aware": true,
                  "Scan Direction": "Forward",
                  "Index Name": "role_id_cast_info",
                  "Relation Name": "cast_info",
                  "Alias": "ci",
                  "Startup Cost": 0.56,
                  "Total Cost": 197877.72,
                  "Plan Rows": 294389,
                  "Plan Width": 0,
                  "Actual Startup Time": 13.027,
                  "Actual Total Time": 242.417,
                  "Actual Rows": 225,
                  "Actual Loops": 7,
                  "Index Cond": "(role_id = 2)",
                  "Rows Removed by Index Recheck": 0,
                  "Filter": "(person_id < 868331)",
                  "Rows Removed by Filter": 1064342
                }
              ]
            }
          ]
        }
      ]
    },
    "Planning Time": 0.245,
    "Triggers": [],
    "Execution Time": 267.586
  }
]