[
  {
    "Plan": {
      "Node Type": "Aggregate",
      "Strategy": "Plain",
      "Partial Mode": "Finalize",
      "Parallel Aware": false,
      "Startup Cost": 55629.13,
      "Total Cost": 55629.14,
      "Plan Rows": 1,
      "Plan Width": 8,
      "Actual Startup Time": 74.045,
      "Actual Total Time": 84.81,
      "Actual Rows": 1,
      "Actual Loops": 1,
      "Plans": [
        {
          "Node Type": "Gather",
          "Parent Relationship": "Outer",
          "Parallel Aware": false,
          "Startup Cost": 55628.71,
          "Total Cost": 55629.12,
          "Plan Rows": 4,
          "Plan Width": 8,
          "Actual Startup Time": 73.287,
          "Actual Total Time": 84.802,
          "Actual Rows": 5,
          "Actual Loops": 1,
          "Workers Planned": 4,
          "Workers Launched": 4,
          "Single Copy": false,
          "Plans": [
            {
              "Node Type": "Aggregate",
              "Strategy": "Plain",
              "Partial Mode": "Partial",
              "Parent Relationship": "Outer",
              "Parallel Aware": false,
              "Startup Cost": 54628.71,
              "Total Cost": 54628.72,
              "Plan Rows": 1,
              "Plan Width": 8,
              "Actual Startup Time": 63.36,
              "Actual Total Time": 63.362,
              "Actual Rows": 1,
              "Actual Loops": 5,
              "Plans": [
                {
                  "Node Type": "Nested Loop",
                  "Parent Relationship": "Outer",
                  "Parallel Aware": false,
                  "Join Type": "Inner",
                  "Startup Cost": 1699.84,
                  "Total Cost": 54623.58,
                  "Plan Rows": 2053,
                  "Plan Width": 0,
                  "Actual Startup Time": 7.735,
                  "Actual Total Time": 63.218,
                  "Actual Rows": 885,
                  "Actual Loops": 5,
                  "Inner Unique": false,
                  "Plans": [
                    {
                      "Node Type": "Bitmap Heap Scan",
                      "Parent Relationship": "Outer",
                      "Parallel Aware": true,
                      "Relation Name": "title",
                      "Alias": "t",
                      "Startup Cost": 1699.41,
                      "Total Cost": 38053.92,
                      "Plan Rows": 1960,
                      "Plan Width": 4,
                      "Actual Startup Time": 7.512,
                      "Actual Total Time": 55.405,
                      "Actual Rows": 485,
                      "Actual Loops": 5,
                      "Recheck Cond": "(kind_id = 2)",
                      "Rows Removed by Index Recheck": 0,
                      "Filter": "(production_year < 1958)",
                      "Rows Removed by Filter": 17685,
                      "Exact Heap Blocks": 12082,
                      "Lossy Heap Blocks": 0,
                      "Plans": [
                        {
                          "Node Type": "Bitmap Index Scan",
                          "Parent Relationship": "Outer",
                          "Parallel Aware": false,
                          "Index Name": "kind_id_title",
                          "Startup Cost": 0.0,
                          "Total Cost": 1697.45,
                          "Plan Rows": 95069,
                          "Plan Width": 0,
                          "Actual Startup Time": 9.933,
                          "Actual Total Time": 9.934,
                          "Actual Rows": 90852,
                          "Actual Loops": 1,
                          "Index Cond": "(kind_id = 2)"
                        }
                      ]
                    },
                    {
                      "Node Type": "Index Scan",
                      "Parent Relationship": "Inner",
                      "Parallel Aware": false,
                      "Scan Direction": "Forward",
                      "Index Name": "movie_id_movie_keyword",
                      "Relation Name": "movie_keyword",
                      "Alias": "mk",
                      "Startup Cost": 0.43,
                      "Total Cost": 8.18,
                      "Plan Rows": 27,
                      "Plan Width": 4,
                      "Actual Startup Time": 0.014,
                      "Actual Total Time": 0.015,
                      "Actual Rows": 2,
                      "Actual Loops": 2425,
                      "Index Cond": "(movie_id = t.id)",
                      "Rows Removed by Index Recheck": 0,
                      "Filter": "(keyword_id < 7403)",
                      "Rows Removed by Filter": 0
                    }
                  ]
                }
              ]
            }
          ]
        }
      ]
    },
    "Planning Time": 0.422,
    "Triggers": [],
    "Execution Time": 84.855
  }
]