[
  {
    "Plan": {
      "Node Type": "Aggregate",
      "Strategy": "Plain",
      "Partial Mode": "Finalize",
      "Parallel Aware": false,
      "Startup Cost": 47031.51,
      "Total Cost": 47031.52,
      "Plan Rows": 1,
      "Plan Width": 8,
      "Actual Startup Time": 92.056,
      "Actual Total Time": 104.033,
      "Actual Rows": 1,
      "Actual Loops": 1,
      "Plans": [
        {
          "Node Type": "Gather",
          "Parent Relationship": "Outer",
          "Parallel Aware": false,
          "Startup Cost": 47031.09,
          "Total Cost": 47031.5,
          "Plan Rows": 4,
          "Plan Width": 8,
          "Actual Startup Time": 91.781,
          "Actual Total Time": 104.021,
          "Actual Rows": 5,
          "Actual Loops": 1,
          "Workers Planned": 4,
          "Workers Launched": 4,
          "Single Copy": false,
          "Plans": [
            {
              "Node Type": "Aggregate",
              "Strategy": "Plain",
              "Partial Mode": "Partial",
              "Parent Relationship": "Outer",
              "Parallel Aware": false,
              "Startup Cost": 46031.09,
              "Total Cost": 46031.1,
              "Plan Rows": 1,
              "Plan Width": 8,
              "Actual Startup Time": 86.309,
              "Actual Total Time": 86.31,
              "Actual Rows": 1,
              "Actual Loops": 5,
              "Plans": [
                {
                  "Node Type": "Seq Scan",
                  "Parent Relationship": "Outer",
                  "Parallel Aware": true,
                  "Relation Name": "title",
                  "Alias": "t",
                  "Startup Cost": 0.0,
                  "Total Cost": 45479.59,
                  "Plan Rows": 220602,
                  "Plan Width": 0,
                  "Actual Startup Time": 0.032,
                  "Actual Total Time": 79.519,
                  "Actual Rows": 159478,
                  "Actual Loops": 5,
                  "Filter": "((kind_id < 7) AND (production_year > 1955))",
                  "Rows Removed by Filter": 346185
                }
              ]
            }
          ]
        }
      ]
    },
    "Planning Time": 0.09,
    "Triggers": [],
    "Execution Time": 104.061
  }
]