{
  "Plan": {
    "Node Type": "Aggregate",
    "Strategy": "Plain",
    "Partial Mode": "Finalize",
    "Parallel Aware": false,
    "Startup Cost": 599513.04,
    "Total Cost": 599513.05,
    "Plan Rows": 1,
    "Plan Width": 8,
    "Actual Startup Time": 4850.68,
    "Actual Total Time": 4917.183,
    "Actual Rows": 1,
    "Actual Loops": 1,
    "Plans": [
      {
        "Node Type": "Gather",
        "Parent Relationship": "Outer",
        "Parallel Aware": false,
        "Startup Cost": 599512.92,
        "Total Cost": 599513.03,
        "Plan Rows": 1,
        "Plan Width": 8,
        "Actual Startup Time": 4848.953,
        "Actual Total Time": 4917.172,
        "Actual Rows": 2,
        "Actual Loops": 1,
        "Workers Planned": 1,
        "Workers Launched": 1,
        "Single Copy": false,
        "Plans": [
          {
            "Node Type": "Aggregate",
            "Strategy": "Plain",
            "Partial Mode": "Partial",
            "Parent Relationship": "Outer",
            "Parallel Aware": false,
            "Startup Cost": 598512.92,
            "Total Cost": 598512.93,
            "Plan Rows": 1,
            "Plan Width": 8,
            "Actual Startup Time": 4843.365,
            "Actual Total Time": 4843.368,
            "Actual Rows": 1,
            "Actual Loops": 2,
            "Plans": [
              {
                "Node Type": "Hash Join",
                "Parent Relationship": "Outer",
                "Parallel Aware": true,
                "Join Type": "Inner",
                "Startup Cost": 63085.06,
                "Total Cost": 584818.41,
                "Plan Rows": 5477806,
                "Plan Width": 0,
                "Actual Startup Time": 233.078,
                "Actual Total Time": 4699.45,
                "Actual Rows": 3607166,
                "Actual Loops": 2,
                "Inner Unique": true,
                "Hash Cond": "(ci.movie_id = t.id)",
                "Plans": [
                  {
                    "Node Type": "Seq Scan",
                    "Parent Relationship": "Outer",
                    "Parallel Aware": true,
                    "Relation Name": "cast_info",
                    "Alias": "ci",
                    "Startup Cost": 0.0,
                    "Total Cost": 465792.95,
                    "Plan Rows": 21310595,
                    "Plan Width": 4,
                    "Actual Startup Time": 0.015,
                    "Actual Total Time": 1325.072,
                    "Actual Rows": 18122172,
                    "Actual Loops": 2
                  },
                  {
                    "Node Type": "Hash",
                    "Parent Relationship": "Inner",
                    "Parallel Aware": true,
                    "Startup Cost": 58306.47,
                    "Total Cost": 58306.47,
                    "Plan Rows": 382287,
                    "Plan Width": 4,
                    "Actual Startup Time": 223.453,
                    "Actual Total Time": 223.454,
                    "Actual Rows": 278398,
                    "Actual Loops": 2,
                    "Hash Buckets": 1048576,
                    "Original Hash Buckets": 1048576,
                    "Hash Batches": 1,
                    "Original Hash Batches": 1,
                    "Peak Memory Usage": 30016,
                    "Plans": [
                      {
                        "Node Type": "Seq Scan",
                        "Parent Relationship": "Outer",
                        "Parallel Aware": true,
                        "Relation Name": "title",
                        "Alias": "t",
                        "Startup Cost": 0.0,
                        "Total Cost": 58306.47,
                        "Plan Rows": 382287,
                        "Plan Width": 4,
                        "Actual Startup Time": 0.029,
                        "Actual Total Time": 151.277,
                        "Actual Rows": 278398,
                        "Actual Loops": 2,
                        "Filter": "((production_year < 2001) AND (kind_id = 7))",
                        "Rows Removed by Filter": 985758
                      }
                    ]
                  }
                ]
              }
            ]
          }
        ]
      }
    ]
  },
  "Planning Time": 0.613,
  "Triggers": [],
  "Execution Time": 4917.264
}