[
  {
    "Plan": {
      "Node Type": "Aggregate",
      "Strategy": "Plain",
      "Partial Mode": "Finalize",
      "Parallel Aware": false,
      "Startup Cost": 46446.37,
      "Total Cost": 46446.38,
      "Plan Rows": 1,
      "Plan Width": 8,
      "Actual Startup Time": 177.41,
      "Actual Total Time": 186.42,
      "Actual Rows": 1,
      "Actual Loops": 1,
      "Plans": [
        {
          "Node Type": "Gather",
          "Parent Relationship": "Outer",
          "Parallel Aware": false,
          "Startup Cost": 46446.05,
          "Total Cost": 46446.36,
          "Plan Rows": 3,
          "Plan Width": 8,
          "Actual Startup Time": 177.275,
          "Actual Total Time": 186.41,
          "Actual Rows": 4,
          "Actual Loops": 1,
          "Workers Planned": 3,
          "Workers Launched": 3,
          "Single Copy": false,
          "Plans": [
            {
              "Node Type": "Aggregate",
              "Strategy": "Plain",
              "Partial Mode": "Partial",
              "Parent Relationship": "Outer",
              "Parallel Aware": false,
              "Startup Cost": 45446.05,
              "Total Cost": 45446.06,
              "Plan Rows": 1,
              "Plan Width": 8,
              "Actual Startup Time": 172.582,
              "Actual Total Time": 172.583,
              "Actual Rows": 1,
              "Actual Loops": 4,
              "Plans": [
                {
                  "Node Type": "Seq Scan",
                  "Parent Relationship": "Outer",
                  "Parallel Aware": true,
                  "Relation Name": "movie_keyword",
                  "Alias": "mk",
                  "Startup Cost": 0.0,
                  "Total Cost": 42695.65,
                  "Plan Rows": 1100158,
                  "Plan Width": 0,
                  "Actual Startup Time": 0.149,
                  "Actual Total Time": 131.568,
                  "Actual Rows": 850321,
                  "Actual Loops": 4,
                  "Filter": "(keyword_id > 1198)",
                  "Rows Removed by Filter": 280661
                }
              ]
            }
          ]
        }
      ]
    },
    "Planning Time": 0.183,
    "Triggers": [],
    "Execution Time": 186.476
  }
]