{
  "Plan": {
    "Node Type": "Aggregate",
    "Strategy": "Plain",
    "Partial Mode": "Finalize",
    "Parallel Aware": false,
    "Startup Cost": 677306.62,
    "Total Cost": 677306.63,
    "Plan Rows": 1,
    "Plan Width": 8,
    "Actual Startup Time": 3422.319,
    "Actual Total Time": 3480.23,
    "Actual Rows": 1,
    "Actual Loops": 1,
    "Plans": [
      {
        "Node Type": "Gather",
        "Parent Relationship": "Outer",
        "Parallel Aware": false,
        "Startup Cost": 677306.51,
        "Total Cost": 677306.62,
        "Plan Rows": 1,
        "Plan Width": 8,
        "Actual Startup Time": 3418.793,
        "Actual Total Time": 3480.22,
        "Actual Rows": 2,
        "Actual Loops": 1,
        "Workers Planned": 1,
        "Workers Launched": 1,
        "Single Copy": false,
        "Plans": [
          {
            "Node Type": "Aggregate",
            "Strategy": "Plain",
            "Partial Mode": "Partial",
            "Parent Relationship": "Outer",
            "Parallel Aware": false,
            "Startup Cost": 676306.51,
            "Total Cost": 676306.52,
            "Plan Rows": 1,
            "Plan Width": 8,
            "Actual Startup Time": 3406.216,
            "Actual Total Time": 3406.22,
            "Actual Rows": 1,
            "Actual Loops": 2,
            "Plans": [
              {
                "Node Type": "Hash Join",
                "Parent Relationship": "Outer",
                "Parallel Aware": true,
                "Join Type": "Inner",
                "Startup Cost": 69460.7,
                "Total Cost": 659477.32,
                "Plan Rows": 6731678,
                "Plan Width": 0,
                "Actual Startup Time": 1121.141,
                "Actual Total Time": 3306.441,
                "Actual Rows": 2445798,
                "Actual Loops": 2,
                "Inner Unique": true,
                "Hash Cond": "(ci.movie_id = t.id)",
                "Plans": [
                  {
                    "Node Type": "Seq Scan",
                    "Parent Relationship": "Outer",
                    "Parallel Aware": true,
                    "Relation Name": "cast_info",
                    "Alias": "ci",
                    "Startup Cost": 0.0,
                    "Total Cost": 572345.93,
                    "Plan Rows": 6731678,
                    "Plan Width": 4,
                    "Actual Startup Time": 543.666,
                    "Actual Total Time": 1561.109,
                    "Actual Rows": 2445798,
                    "Actual Loops": 2,
                    "Filter": "((person_id < 1732957) AND (role_id > 1))",
                    "Rows Removed by Filter": 15676374
                  },
                  {
                    "Node Type": "Hash",
                    "Parent Relationship": "Inner",
                    "Parallel Aware": true,
                    "Startup Cost": 50870.31,
                    "Total Cost": 50870.31,
                    "Plan Rows": 1487231,
                    "Plan Width": 4,
                    "Actual Startup Time": 555.575,
                    "Actual Total Time": 555.576,
                    "Actual Rows": 1264156,
                    "Actual Loops": 2,
                    "Hash Buckets": 4194304,
                    "Original Hash Buckets": 4194304,
                    "Hash Batches": 1,
                    "Original Hash Batches": 1,
                    "Peak Memory Usage": 131712,
                    "Plans": [
                      {
                        "Node Type": "Seq Scan",
                        "Parent Relationship": "Outer",
                        "Parallel Aware": true,
                        "Relation Name": "title",
                        "Alias": "t",
                        "Startup Cost": 0.0,
                        "Total Cost": 50870.31,
                        "Plan Rows": 1487231,
                        "Plan Width": 4,
                        "Actual Startup Time": 0.044,
                        "Actual Total Time": 154.753,
                        "Actual Rows": 1264156,
                        "Actual Loops": 2
                      }
                    ]
                  }
                ]
              }
            ]
          }
        ]
      }
    ]
  },
  "Planning Time": 0.543,
  "Triggers": [],
  "Execution Time": 3480.302
}