[
  {
    "Plan": {
      "Node Type": "Aggregate",
      "Strategy": "Plain",
      "Partial Mode": "Finalize",
      "Parallel Aware": false,
      "Startup Cost": 82160.8,
      "Total Cost": 82160.81,
      "Plan Rows": 1,
      "Plan Width": 8,
      "Actual Startup Time": 259.961,
      "Actual Total Time": 281.504,
      "Actual Rows": 1,
      "Actual Loops": 1,
      "Plans": [
        {
          "Node Type": "Gather",
          "Parent Relationship": "Outer",
          "Parallel Aware": false,
          "Startup Cost": 82160.49,
          "Total Cost": 82160.8,
          "Plan Rows": 3,
          "Plan Width": 8,
          "Actual Startup Time": 259.21,
          "Actual Total Time": 281.478,
          "Actual Rows": 4,
          "Actual Loops": 1,
          "Workers Planned": 3,
          "Workers Launched": 3,
          "Single Copy": false,
          "Plans": [
            {
              "Node Type": "Aggregate",
              "Strategy": "Plain",
              "Partial Mode": "Partial",
              "Parent Relationship": "Outer",
              "Parallel Aware": false,
              "Startup Cost": 81160.49,
              "Total Cost": 81160.5,
              "Plan Rows": 1,
              "Plan Width": 8,
              "Actual Startup Time": 249.763,
              "Actual Total Time": 249.767,
              "Actual Rows": 1,
              "Actual Loops": 4,
              "Plans": [
                {
                  "Node Type": "Hash Join",
                  "Parent Relationship": "Outer",
                  "Parallel Aware": true,
                  "Join Type": "Inner",
                  "Startup Cost": 38184.23,
                  "Total Cost": 81062.31,
                  "Plan Rows": 39272,
                  "Plan Width": 0,
                  "Actual Startup Time": 77.76,
                  "Actual Total Time": 248.324,
                  "Actual Rows": 36624,
                  "Actual Loops": 4,
                  "Inner Unique": true,
                  "Hash Cond": "(mk.movie_id = t.id)",
                  "Plans": [
                    {
                      "Node Type": "Seq Scan",
                      "Parent Relationship": "Outer",
                      "Parallel Aware": true,
                      "Relation Name": "movie_keyword",
                      "Alias": "mk",
                      "Startup Cost": 0.0,
                      "Total Cost": 39047.32,
                      "Plan Rows": 1459332,
                      "Plan Width": 4,
                      "Actual Startup Time": 0.022,
                      "Actual Total Time": 87.754,
                      "Actual Rows": 1130982,
                      "Actual Loops": 4
                    },
                    {
                      "Node Type": "Hash",
                      "Parent Relationship": "Inner",
                      "Parallel Aware": true,
                      "Startup Cost": 37971.6,
                      "Total Cost": 37971.6,
                      "Plan Rows": 17010,
                      "Plan Width": 4,
                      "Actual Startup Time": 76.024,
                      "Actual Total Time": 76.025,
                      "Actual Rows": 18274,
                      "Actual Loops": 4,
                      "Hash Buckets": 131072,
                      "Original Hash Buckets": 131072,
                      "Hash Batches": 1,
                      "Original Hash Batches": 1,
                      "Peak Memory Usage": 3968,
                      "Plans": [
                        {
                          "Node Type": "Bitmap Heap Scan",
                          "Parent Relationship": "Outer",
                          "Parallel Aware": true,
                          "Relation Name": "title",
                          "Alias": "t",
                          "Startup Cost": 1633.55,
                          "Total Cost": 37971.6,
                          "Plan Rows": 17010,
                          "Plan Width": 4,
                          "Actual Startup Time": 20.306,
                          "Actual Total Time": 69.087,
                          "Actual Rows": 18274,
                          "Actual Loops": 4,
                          "Recheck Cond": "(kind_id = 2)",
                          "Rows Removed by Index Recheck": 0,
                          "Filter": "(production_year > 1983)",
                          "Rows Removed by Filter": 4438,
                          "Exact Heap Blocks": 14120,
                          "Lossy Heap Blocks": 0,
                          "Plans": [
                            {
                              "Node Type": "Bitmap Index Scan",
                              "Parent Relationship": "Outer",
                              "Parallel Aware": false,
                              "Index Name": "kind_id_title",
                              "Startup Cost": 0.0,
                              "Total Cost": 1616.54,
                              "Plan Rows": 90681,
                              "Plan Width": 0,
                              "Actual Startup Time": 18.122,
                              "Actual Total Time": 18.122,
                              "Actual Rows": 90852,
                              "Actual Loops": 1,
                              "Index Cond": "(kind_id = 2)"
                            }
                          ]
                        }
                      ]
                    }
                  ]
                }
              ]
            }
          ]
        }
      ]
    },
    "Planning Time": 0.637,
    "Triggers": [],
    "Execution Time": 281.612
  }
]