{
  "Plan": {
    "Node Type": "Aggregate",
    "Strategy": "Plain",
    "Partial Mode": "Finalize",
    "Parallel Aware": false,
    "Startup Cost": 975577.86,
    "Total Cost": 975577.87,
    "Plan Rows": 1,
    "Plan Width": 8,
    "Actual Startup Time": 12974.512,
    "Actual Total Time": 13114.26,
    "Actual Rows": 1,
    "Actual Loops": 1,
    "Plans": [
      {
        "Node Type": "Gather",
        "Parent Relationship": "Outer",
        "Parallel Aware": false,
        "Startup Cost": 975577.75,
        "Total Cost": 975577.86,
        "Plan Rows": 1,
        "Plan Width": 8,
        "Actual Startup Time": 12952.293,
        "Actual Total Time": 13114.252,
        "Actual Rows": 2,
        "Actual Loops": 1,
        "Workers Planned": 1,
        "Workers Launched": 1,
        "Single Copy": false,
        "Plans": [
          {
            "Node Type": "Aggregate",
            "Strategy": "Plain",
            "Partial Mode": "Partial",
            "Parent Relationship": "Outer",
            "Parallel Aware": false,
            "Startup Cost": 974577.75,
            "Total Cost": 974577.76,
            "Plan Rows": 1,
            "Plan Width": 8,
            "Actual Startup Time": 12902.929,
            "Actual Total Time": 12902.936,
            "Actual Rows": 1,
            "Actual Loops": 2,
            "Plans": [
              {
                "Node Type": "Hash Join",
                "Parent Relationship": "Outer",
                "Parallel Aware": true,
                "Join Type": "Inner",
                "Startup Cost": 721549.07,
                "Total Cost": 927240.24,
                "Plan Rows": 18935004,
                "Plan Width": 0,
                "Actual Startup Time": 11384.412,
                "Actual Total Time": 12545.289,
                "Actual Rows": 9100498,
                "Actual Loops": 2,
                "Inner Unique": false,
                "Hash Cond": "(mk.movie_id = t.id)",
                "Plans": [
                  {
                    "Node Type": "Seq Scan",
                    "Parent Relationship": "Outer",
                    "Parallel Aware": true,
                    "Relation Name": "movie_keyword",
                    "Alias": "mk",
                    "Startup Cost": 0.0,
                    "Total Cost": 51065.35,
                    "Plan Rows": 2661135,
                    "Plan Width": 4,
                    "Actual Startup Time": 0.011,
                    "Actual Total Time": 162.401,
                    "Actual Rows": 2261965,
                    "Actual Loops": 2
                  },
                  {
                    "Node Type": "Hash",
                    "Parent Relationship": "Inner",
                    "Parallel Aware": true,
                    "Startup Cost": 589271.27,
                    "Total Cost": 589271.27,
                    "Plan Rows": 10582224,
                    "Plan Width": 8,
                    "Actual Startup Time": 11282.97,
                    "Actual Total Time": 11282.975,
                    "Actual Rows": 8610354,
                    "Actual Loops": 2,
                    "Hash Buckets": 33554432,
                    "Original Hash Buckets": 33554432,
                    "Hash Batches": 1,
                    "Original Hash Batches": 1,
                    "Peak Memory Usage": 935840,
                    "Plans": [
                      {
                        "Node Type": "Hash Join",
                        "Parent Relationship": "Outer",
                        "Parallel Aware": true,
                        "Join Type": "Inner",
                        "Startup Cost": 67537.92,
                        "Total Cost": 589271.27,
                        "Plan Rows": 10582224,
                        "Plan Width": 8,
                        "Actual Startup Time": 316.459,
                        "Actual Total Time": 7587.668,
                        "Actual Rows": 8610354,
                        "Actual Loops": 2,
                        "Inner Unique": true,
                        "Hash Cond": "(ci.movie_id = t.id)",
                        "Plans": [
                          {
                            "Node Type": "Seq Scan",
                            "Parent Relationship": "Outer",
                            "Parallel Aware": true,
                            "Relation Name": "cast_info",
                            "Alias": "ci",
                            "Startup Cost": 0.0,
                            "Total Cost": 465792.95,
                            "Plan Rows": 21310595,
                            "Plan Width": 4,
                            "Actual Startup Time": 0.014,
                            "Actual Total Time": 1507.015,
                            "Actual Rows": 18122172,
                            "Actual Loops": 2
                          },
                          {
                            "Node Type": "Hash",
                            "Parent Relationship": "Inner",
                            "Parallel Aware": true,
                            "Startup Cost": 58306.47,
                            "Total Cost": 58306.47,
                            "Plan Rows": 738516,
                            "Plan Width": 4,
                            "Actual Startup Time": 310.489,
                            "Actual Total Time": 310.49,
                            "Actual Rows": 610767,
                            "Actual Loops": 2,
                            "Hash Buckets": 2097152,
                            "Original Hash Buckets": 2097152,
                            "Hash Batches": 1,
                            "Original Hash Batches": 1,
                            "Peak Memory Usage": 64192,
                            "Plans": [
                              {
                                "Node Type": "Seq Scan",
                                "Parent Relationship": "Outer",
                                "Parallel Aware": true,
                                "Relation Name": "title",
                                "Alias": "t",
                                "Startup Cost": 0.0,
                                "Total Cost": 58306.47,
                                "Plan Rows": 738516,
                                "Plan Width": 4,
                                "Actual Startup Time": 0.046,
                                "Actual Total Time": 161.588,
                                "Actual Rows": 610767,
                                "Actual Loops": 2,
                                "Filter": "((production_year < 2011) AND (kind_id = 7))",
                                "Rows Removed by Filter": 653389
                              }
                            ]
                          }
                        ]
                      }
                    ]
                  }
                ]
              }
            ]
          }
        ]
      }
    ]
  },
  "Planning Time": 0.878,
  "Triggers": [],
  "Execution Time": 13114.345
}