{
  "Plan": {
    "Node Type": "Aggregate",
    "Strategy": "Plain",
    "Partial Mode": "Finalize",
    "Parallel Aware": false,
    "Startup Cost": 412142.72,
    "Total Cost": 412142.73,
    "Plan Rows": 1,
    "Plan Width": 8,
    "Actual Startup Time": 3823.809,
    "Actual Total Time": 3864.174,
    "Actual Rows": 1,
    "Actual Loops": 1,
    "Plans": [
      {
        "Node Type": "Gather",
        "Parent Relationship": "Outer",
        "Parallel Aware": false,
        "Startup Cost": 412142.61,
        "Total Cost": 412142.72,
        "Plan Rows": 1,
        "Plan Width": 8,
        "Actual Startup Time": 3821.433,
        "Actual Total Time": 3864.167,
        "Actual Rows": 2,
        "Actual Loops": 1,
        "Workers Planned": 1,
        "Workers Launched": 1,
        "Single Copy": false,
        "Plans": [
          {
            "Node Type": "Aggregate",
            "Strategy": "Plain",
            "Partial Mode": "Partial",
            "Parent Relationship": "Outer",
            "Parallel Aware": false,
            "Startup Cost": 411142.61,
            "Total Cost": 411142.62,
            "Plan Rows": 1,
            "Plan Width": 8,
            "Actual Startup Time": 3815.531,
            "Actual Total Time": 3815.537,
            "Actual Rows": 1,
            "Actual Loops": 2,
            "Plans": [
              {
                "Node Type": "Hash Join",
                "Parent Relationship": "Outer",
                "Parallel Aware": true,
                "Join Type": "Inner",
                "Startup Cost": 122955.76,
                "Total Cost": 409168.19,
                "Plan Rows": 789766,
                "Plan Width": 0,
                "Actual Startup Time": 569.483,
                "Actual Total Time": 3173.216,
                "Actual Rows": 16371568,
                "Actual Loops": 2,
                "Inner Unique": false,
                "Hash Cond": "(mi.movie_id = t.id)",
                "Plans": [
                  {
                    "Node Type": "Seq Scan",
                    "Parent Relationship": "Outer",
                    "Parallel Aware": true,
                    "Relation Name": "movie_info",
                    "Alias": "mi",
                    "Startup Cost": 0.0,
                    "Total Cost": 248955.74,
                    "Plan Rows": 8696274,
                    "Plan Width": 4,
                    "Actual Startup Time": 0.015,
                    "Actual Total Time": 607.825,
                    "Actual Rows": 7417860,
                    "Actual Loops": 2
                  },
                  {
                    "Node Type": "Hash",
                    "Parent Relationship": "Inner",
                    "Parallel Aware": true,
                    "Startup Cost": 121267.45,
                    "Total Cost": 121267.45,
                    "Plan Rows": 135065,
                    "Plan Width": 8,
                    "Actual Startup Time": 566.192,
                    "Actual Total Time": 566.196,
                    "Actual Rows": 367852,
                    "Actual Loops": 2,
                    "Hash Buckets": 1048576,
                    "Original Hash Buckets": 262144,
                    "Hash Batches": 1,
                    "Original Hash Batches": 1,
                    "Peak Memory Usage": 43168,
                    "Plans": [
                      {
                        "Node Type": "Hash Join",
                        "Parent Relationship": "Outer",
                        "Parallel Aware": true,
                        "Join Type": "Inner",
                        "Startup Cost": 60398.21,
                        "Total Cost": 121267.45,
                        "Plan Rows": 135065,
                        "Plan Width": 8,
                        "Actual Startup Time": 183.357,
                        "Actual Total Time": 488.803,
                        "Actual Rows": 367852,
                        "Actual Loops": 2,
                        "Inner Unique": true,
                        "Hash Cond": "(mk.movie_id = t.id)",
                        "Plans": [
                          {
                            "Node Type": "Seq Scan",
                            "Parent Relationship": "Outer",
                            "Parallel Aware": true,
                            "Relation Name": "movie_keyword",
                            "Alias": "mk",
                            "Startup Cost": 0.0,
                            "Total Cost": 57718.19,
                            "Plan Rows": 1200401,
                            "Plan Width": 4,
                            "Actual Startup Time": 0.013,
                            "Actual Total Time": 176.5,
                            "Actual Rows": 1019562,
                            "Actual Loops": 2,
                            "Filter": "(keyword_id < 3644)",
                            "Rows Removed by Filter": 1242404
                          },
                          {
                            "Node Type": "Hash",
                            "Parent Relationship": "Inner",
                            "Parallel Aware": true,
                            "Startup Cost": 58306.47,
                            "Total Cost": 58306.47,
                            "Plan Rows": 167339,
                            "Plan Width": 4,
                            "Actual Startup Time": 180.412,
                            "Actual Total Time": 180.413,
                            "Actual Rows": 200746,
                            "Actual Loops": 2,
                            "Hash Buckets": 524288,
                            "Original Hash Buckets": 524288,
                            "Hash Batches": 1,
                            "Original Hash Batches": 1,
                            "Peak Memory Usage": 19840,
                            "Plans": [
                              {
                                "Node Type": "Seq Scan",
                                "Parent Relationship": "Outer",
                                "Parallel Aware": true,
                                "Relation Name": "title",
                                "Alias": "t",
                                "Startup Cost": 0.0,
                                "Total Cost": 58306.47,
                                "Plan Rows": 167339,
                                "Plan Width": 4,
                                "Actual Startup Time": 0.036,
                                "Actual Total Time": 137.915,
                                "Actual Rows": 200746,
                                "Actual Loops": 2,
                                "Filter": "((kind_id < 7) AND (production_year < 1992))",
                                "Rows Removed by Filter": 1063410
                              }
                            ]
                          }
                        ]
                      }
                    ]
                  }
                ]
              }
            ]
          }
        ]
      }
    ]
  },
  "Planning Time": 0.675,
  "Triggers": [],
  "Execution Time": 3864.238
}