[
  {
    "Plan": {
      "Node Type": "Aggregate",
      "Strategy": "Plain",
      "Partial Mode": "Simple",
      "Parallel Aware": false,
      "Startup Cost": 5287.04,
      "Total Cost": 5287.05,
      "Plan Rows": 1,
      "Plan Width": 8,
      "Actual Startup Time": 8.545,
      "Actual Total Time": 8.548,
      "Actual Rows": 1,
      "Actual Loops": 1,
      "Plans": [
        {
          "Node Type": "Nested Loop",
          "Parent Relationship": "Outer",
          "Parallel Aware": false,
          "Join Type": "Inner",
          "Startup Cost": 1.43,
          "Total Cost": 5285.17,
          "Plan Rows": 750,
          "Plan Width": 0,
          "Actual Startup Time": 0.953,
          "Actual Total Time": 8.447,
          "Actual Rows": 333,
          "Actual Loops": 1,
          "Inner Unique": false,
          "Plans": [
            {
              "Node Type": "Nested Loop",
              "Parent Relationship": "Outer",
              "Parallel Aware": false,
              "Join Type": "Inner",
              "Startup Cost": 0.99,
              "Total Cost": 4555.17,
              "Plan Rows": 419,
              "Plan Width": 8,
              "Actual Startup Time": 0.88,
              "Actual Total Time": 4.4,
              "Actual Rows": 149,
              "Actual Loops": 1,
              "Inner Unique": true,
              "Plans": [
                {
                  "Node Type": "Index Scan",
                  "Parent Relationship": "Outer",
                  "Parallel Aware": false,
                  "Scan Direction": "Forward",
                  "Index Name": "person_id_cast_info",
                  "Relation Name": "cast_info",
                  "Alias": "ci",
                  "Startup Cost": 0.56,
                  "Total Cost": 1059.67,
                  "Plan Rows": 419,
                  "Plan Width": 4,
                  "Actual Startup Time": 0.847,
                  "Actual Total Time": 1.066,
                  "Actual Rows": 149,
                  "Actual Loops": 1,
                  "Index Cond": "(person_id = 517010)",
                  "Rows Removed by Index Recheck": 0,
                  "Filter": "(role_id < 9)",
                  "Rows Removed by Filter": 0
                },
                {
                  "Node Type": "Index Only Scan",
                  "Parent Relationship": "Inner",
                  "Parallel Aware": false,
                  "Scan Direction": "Forward",
                  "Index Name": "title_pkey",
                  "Relation Name": "title",
                  "Alias": "t",
                  "Startup Cost": 0.43,
                  "Total Cost": 8.34,
                  "Plan Rows": 1,
                  "Plan Width": 4,
                  "Actual Startup Time": 0.021,
                  "Actual Total Time": 0.021,
                  "Actual Rows": 1,
                  "Actual Loops": 149,
                  "Index Cond": "(id = ci.movie_id)",
                  "Rows Removed by Index Recheck": 0,
                  "Heap Fetches": 149
                }
              ]
            },
            {
              "Node Type": "Index Only Scan",
              "Parent Relationship": "Inner",
              "Parallel Aware": false,
              "Scan Direction": "Forward",
              "Index Name": "movie_id_movie_keyword",
              "Relation Name": "movie_keyword",
              "Alias": "mk",
              "Startup Cost": 0.43,
              "Total Cost": 1.29,
              "Plan Rows": 45,
              "Plan Width": 4,
              "Actual Startup Time": 0.024,
              "Actual Total Time": 0.025,
              "Actual Rows": 2,
              "Actual Loops": 149,
              "Index Cond": "(movie_id = t.id)",
              "Rows Removed by Index Recheck": 0,
              "Heap Fetches": 333
            }
          ]
        }
      ]
    },
    "Planning Time": 1.263,
    "Triggers": [],
    "Execution Time": 8.62
  }
]