[
  {
    "Plan": {
      "Node Type": "Aggregate",
      "Strategy": "Plain",
      "Partial Mode": "Finalize",
      "Parallel Aware": false,
      "Startup Cost": 45938.5,
      "Total Cost": 45938.51,
      "Plan Rows": 1,
      "Plan Width": 8,
      "Actual Startup Time": 165.188,
      "Actual Total Time": 171.227,
      "Actual Rows": 1,
      "Actual Loops": 1,
      "Plans": [
        {
          "Node Type": "Gather",
          "Parent Relationship": "Outer",
          "Parallel Aware": false,
          "Startup Cost": 45938.18,
          "Total Cost": 45938.49,
          "Plan Rows": 3,
          "Plan Width": 8,
          "Actual Startup Time": 165.12,
          "Actual Total Time": 171.219,
          "Actual Rows": 4,
          "Actual Loops": 1,
          "Workers Planned": 3,
          "Workers Launched": 3,
          "Single Copy": false,
          "Plans": [
            {
              "Node Type": "Aggregate",
              "Strategy": "Plain",
              "Partial Mode": "Partial",
              "Parent Relationship": "Outer",
              "Parallel Aware": false,
              "Startup Cost": 44938.18,
              "Total Cost": 44938.19,
              "Plan Rows": 1,
              "Plan Width": 8,
              "Actual Startup Time": 162.002,
              "Actual Total Time": 162.003,
              "Actual Rows": 1,
              "Actual Loops": 4,
              "Plans": [
                {
                  "Node Type": "Seq Scan",
                  "Parent Relationship": "Outer",
                  "Parallel Aware": true,
                  "Relation Name": "movie_keyword",
                  "Alias": "mk",
                  "Startup Cost": 0.0,
                  "Total Cost": 42695.65,
                  "Plan Rows": 897011,
                  "Plan Width": 0,
                  "Actual Startup Time": 0.019,
                  "Actual Total Time": 124.205,
                  "Actual Rows": 700820,
                  "Actual Loops": 4,
                  "Filter": "(keyword_id < 8238)",
                  "Rows Removed by Filter": 430162
                }
              ]
            }
          ]
        }
      ]
    },
    "Planning Time": 0.075,
    "Triggers": [],
    "Execution Time": 171.256
  }
]