[
  {
    "Plan": {
      "Node Type": "Aggregate",
      "Strategy": "Plain",
      "Partial Mode": "Finalize",
      "Parallel Aware": false,
      "Startup Cost": 45959.36,
      "Total Cost": 45959.37,
      "Plan Rows": 1,
      "Plan Width": 8,
      "Actual Startup Time": 160.078,
      "Actual Total Time": 170.194,
      "Actual Rows": 1,
      "Actual Loops": 1,
      "Plans": [
        {
          "Node Type": "Gather",
          "Parent Relationship": "Outer",
          "Parallel Aware": false,
          "Startup Cost": 45959.04,
          "Total Cost": 45959.35,
          "Plan Rows": 3,
          "Plan Width": 8,
          "Actual Startup Time": 159.932,
          "Actual Total Time": 170.184,
          "Actual Rows": 4,
          "Actual Loops": 1,
          "Workers Planned": 3,
          "Workers Launched": 3,
          "Single Copy": false,
          "Plans": [
            {
              "Node Type": "Aggregate",
              "Strategy": "Plain",
              "Partial Mode": "Partial",
              "Parent Relationship": "Outer",
              "Parallel Aware": false,
              "Startup Cost": 44959.04,
              "Total Cost": 44959.05,
              "Plan Rows": 1,
              "Plan Width": 8,
              "Actual Startup Time": 151.297,
              "Actual Total Time": 151.298,
              "Actual Rows": 1,
              "Actual Loops": 4,
              "Plans": [
                {
                  "Node Type": "Seq Scan",
                  "Parent Relationship": "Outer",
                  "Parallel Aware": true,
                  "Relation Name": "movie_keyword",
                  "Alias": "mk",
                  "Startup Cost": 0.0,
                  "Total Cost": 42695.65,
                  "Plan Rows": 905355,
                  "Plan Width": 0,
                  "Actual Startup Time": 0.059,
                  "Actual Total Time": 120.089,
                  "Actual Rows": 700820,
                  "Actual Loops": 4,
                  "Filter": "(keyword_id < 8238)",
                  "Rows Removed by Filter": 430162
                }
              ]
            }
          ]
        }
      ]
    },
    "Planning Time": 0.194,
    "Triggers": [],
    "Execution Time": 170.254
  }
]