[
  {
    "Plan": {
      "Node Type": "Aggregate",
      "Strategy": "Plain",
      "Partial Mode": "Finalize",
      "Parallel Aware": false,
      "Startup Cost": 384354.03,
      "Total Cost": 384354.04,
      "Plan Rows": 1,
      "Plan Width": 8,
      "Actual Startup Time": 2603.271,
      "Actual Total Time": 2670.334,
      "Actual Rows": 1,
      "Actual Loops": 1,
      "Plans": [
        {
          "Node Type": "Gather",
          "Parent Relationship": "Outer",
          "Parallel Aware": false,
          "Startup Cost": 384353.41,
          "Total Cost": 384354.02,
          "Plan Rows": 6,
          "Plan Width": 8,
          "Actual Startup Time": 2595.067,
          "Actual Total Time": 2670.324,
          "Actual Rows": 7,
          "Actual Loops": 1,
          "Workers Planned": 6,
          "Workers Launched": 6,
          "Single Copy": false,
          "Plans": [
            {
              "Node Type": "Aggregate",
              "Strategy": "Plain",
              "Partial Mode": "Partial",
              "Parent Relationship": "Outer",
              "Parallel Aware": false,
              "Startup Cost": 383353.41,
              "Total Cost": 383353.42,
              "Plan Rows": 1,
              "Plan Width": 8,
              "Actual Startup Time": 2583.565,
              "Actual Total Time": 2583.568,
              "Actual Rows": 1,
              "Actual Loops": 7,
              "Plans": [
                {
                  "Node Type": "Hash Join",
                  "Parent Relationship": "Outer",
                  "Parallel Aware": true,
                  "Join Type": "Inner",
                  "Startup Cost": 48556.71,
                  "Total Cost": 377473.51,
                  "Plan Rows": 2351959,
                  "Plan Width": 0,
                  "Actual Startup Time": 201.166,
                  "Actual Total Time": 2458.543,
                  "Actual Rows": 2250678,
                  "Actual Loops": 7,
                  "Inner Unique": true,
                  "Hash Cond": "(ci.movie_id = t.id)",
                  "Plans": [
                    {
                      "Node Type": "Seq Scan",
                      "Parent Relationship": "Outer",
                      "Parallel Aware": true,
                      "Relation Name": "cast_info",
                      "Alias": "ci",
                      "Startup Cost": 0.0,
                      "Total Cost": 313067.02,
                      "Plan Rows": 6038002,
                      "Plan Width": 4,
                      "Actual Startup Time": 0.022,
                      "Actual Total Time": 623.564,
                      "Actual Rows": 5177763,
                      "Actual Loops": 7
                    },
                    {
                      "Node Type": "Hash",
                      "Parent Relationship": "Inner",
                      "Parallel Aware": true,
                      "Startup Cost": 45479.1,
                      "Total Cost": 45479.1,
                      "Plan Rows": 246209,
                      "Plan Width": 4,
                      "Actual Startup Time": 197.938,
                      "Actual Total Time": 197.939,
                      "Actual Rows": 151084,
                      "Actual Loops": 7,
                      "Hash Buckets": 2097152,
                      "Original Hash Buckets": 1048576,
                      "Hash Batches": 1,
                      "Original Hash Batches": 1,
                      "Peak Memory Usage": 66048,
                      "Plans": [
                        {
                          "Node Type": "Seq Scan",
                          "Parent Relationship": "Outer",
                          "Parallel Aware": true,
                          "Relation Name": "title",
                          "Alias": "t",
                          "Startup Cost": 0.0,
                          "Total Cost": 45479.1,
                          "Plan Rows": 246209,
                          "Plan Width": 4,
                          "Actual Startup Time": 0.035,
                          "Actual Total Time": 89.176,
                          "Actual Rows": 151084,
                          "Actual Loops": 7,
                          "Filter": "((kind_id > 1) AND (production_year > 2001))",
                          "Rows Removed by Filter": 210103
                        }
                      ]
                    }
                  ]
                }
              ]
            }
          ]
        }
      ]
    },
    "Planning Time": 0.567,
    "Triggers": [],
    "Execution Time": 2670.42
  }
]