[
  {
    "Plan": {
      "Node Type": "Aggregate",
      "Strategy": "Plain",
      "Partial Mode": "Finalize",
      "Parallel Aware": false,
      "Startup Cost": 343305.37,
      "Total Cost": 343305.38,
      "Plan Rows": 1,
      "Plan Width": 8,
      "Actual Startup Time": 840.108,
      "Actual Total Time": 882.609,
      "Actual Rows": 1,
      "Actual Loops": 1,
      "Plans": [
        {
          "Node Type": "Gather",
          "Parent Relationship": "Outer",
          "Parallel Aware": false,
          "Startup Cost": 343304.75,
          "Total Cost": 343305.36,
          "Plan Rows": 6,
          "Plan Width": 8,
          "Actual Startup Time": 839.932,
          "Actual Total Time": 882.597,
          "Actual Rows": 7,
          "Actual Loops": 1,
          "Workers Planned": 6,
          "Workers Launched": 6,
          "Single Copy": false,
          "Plans": [
            {
              "Node Type": "Aggregate",
              "Strategy": "Plain",
              "Partial Mode": "Partial",
              "Parent Relationship": "Outer",
              "Parallel Aware": false,
              "Startup Cost": 342304.75,
              "Total Cost": 342304.76,
              "Plan Rows": 1,
              "Plan Width": 8,
              "Actual Startup Time": 832.717,
              "Actual Total Time": 832.719,
              "Actual Rows": 1,
              "Actual Loops": 7,
              "Plans": [
                {
                  "Node Type": "Seq Scan",
                  "Parent Relationship": "Outer",
                  "Parallel Aware": true,
                  "Relation Name": "cast_info",
                  "Alias": "ci",
                  "Startup Cost": 0.0,
                  "Total Cost": 328211.39,
                  "Plan Rows": 5637342,
                  "Plan Width": 0,
                  "Actual Startup Time": 0.047,
                  "Actual Total Time": 614.545,
                  "Actual Rows": 4841125,
                  "Actual Loops": 7,
                  "Filter": "(person_id < 3601908)",
                  "Rows Removed by Filter": 336638
                }
              ]
            }
          ]
        }
      ]
    },
    "Planning Time": 0.1,
    "Triggers": [],
    "Execution Time": 882.657
  }
]