{
  "Plan": {
    "Node Type": "Aggregate",
    "Strategy": "Plain",
    "Partial Mode": "Finalize",
    "Parallel Aware": false,
    "Startup Cost": 36680.54,
    "Total Cost": 36680.55,
    "Plan Rows": 1,
    "Plan Width": 8,
    "Actual Startup Time": 65.939,
    "Actual Total Time": 76.869,
    "Actual Rows": 1,
    "Actual Loops": 1,
    "Plans": [
      {
        "Node Type": "Gather",
        "Parent Relationship": "Outer",
        "Parallel Aware": false,
        "Startup Cost": 36680.43,
        "Total Cost": 36680.54,
        "Plan Rows": 1,
        "Plan Width": 8,
        "Actual Startup Time": 65.813,
        "Actual Total Time": 76.861,
        "Actual Rows": 2,
        "Actual Loops": 1,
        "Workers Planned": 1,
        "Workers Launched": 1,
        "Single Copy": false,
        "Plans": [
          {
            "Node Type": "Aggregate",
            "Strategy": "Plain",
            "Partial Mode": "Partial",
            "Parent Relationship": "Outer",
            "Parallel Aware": false,
            "Startup Cost": 35680.43,
            "Total Cost": 35680.44,
            "Plan Rows": 1,
            "Plan Width": 8,
            "Actual Startup Time": 59.978,
            "Actual Total Time": 59.981,
            "Actual Rows": 1,
            "Actual Loops": 2,
            "Plans": [
              {
                "Node Type": "Nested Loop",
                "Parent Relationship": "Outer",
                "Parallel Aware": false,
                "Join Type": "Inner",
                "Startup Cost": 172.96,
                "Total Cost": 35673.74,
                "Plan Rows": 2674,
                "Plan Width": 0,
                "Actual Startup Time": 2.528,
                "Actual Total Time": 59.475,
                "Actual Rows": 3626,
                "Actual Loops": 2,
                "Inner Unique": false,
                "Plans": [
                  {
                    "Node Type": "Nested Loop",
                    "Parent Relationship": "Outer",
                    "Parallel Aware": false,
                    "Join Type": "Inner",
                    "Startup Cost": 172.53,
                    "Total Cost": 31828.27,
                    "Plan Rows": 2266,
                    "Plan Width": 8,
                    "Actual Startup Time": 2.351,
                    "Actual Total Time": 24.923,
                    "Actual Rows": 2175,
                    "Actual Loops": 2,
                    "Inner Unique": true,
                    "Plans": [
                      {
                        "Node Type": "Bitmap Heap Scan",
                        "Parent Relationship": "Outer",
                        "Parallel Aware": true,
                        "Relation Name": "movie_companies",
                        "Alias": "mc",
                        "Startup Cost": 172.1,
                        "Total Cost": 14742.27,
                        "Plan Rows": 2266,
                        "Plan Width": 4,
                        "Actual Startup Time": 2.216,
                        "Actual Total Time": 8.464,
                        "Actual Rows": 2175,
                        "Actual Loops": 2,
                        "Recheck Cond": "(company_id = 225)",
                        "Rows Removed by Index Recheck": 0,
                        "Filter": "(company_type_id < 2)",
                        "Rows Removed by Filter": 2338,
                        "Exact Heap Blocks": 2520,
                        "Lossy Heap Blocks": 0,
                        "Plans": [
                          {
                            "Node Type": "Bitmap Index Scan",
                            "Parent Relationship": "Outer",
                            "Parallel Aware": false,
                            "Index Name": "company_id_movie_companies",
                            "Startup Cost": 0.0,
                            "Total Cost": 171.13,
                            "Plan Rows": 7827,
                            "Plan Width": 0,
                            "Actual Startup Time": 3.087,
                            "Actual Total Time": 3.088,
                            "Actual Rows": 9025,
                            "Actual Loops": 1,
                            "Index Cond": "(company_id = 225)"
                          }
                        ]
                      },
                      {
                        "Node Type": "Index Only Scan",
                        "Parent Relationship": "Inner",
                        "Parallel Aware": false,
                        "Scan Direction": "Forward",
                        "Index Name": "title_pkey",
                        "Relation Name": "title",
                        "Alias": "t",
                        "Startup Cost": 0.43,
                        "Total Cost": 7.54,
                        "Plan Rows": 1,
                        "Plan Width": 4,
                        "Actual Startup Time": 0.007,
                        "Actual Total Time": 0.007,
                        "Actual Rows": 1,
                        "Actual Loops": 4350,
                        "Index Cond": "(id = mc.movie_id)",
                        "Rows Removed by Index Recheck": 0,
                        "Heap Fetches": 4350
                      }
                    ]
                  },
                  {
                    "Node Type": "Index Scan",
                    "Parent Relationship": "Inner",
                    "Parallel Aware": false,
                    "Scan Direction": "Forward",
                    "Index Name": "movie_id_movie_info",
                    "Relation Name": "movie_info",
                    "Alias": "mi",
                    "Startup Cost": 0.43,
                    "Total Cost": 1.62,
                    "Plan Rows": 8,
                    "Plan Width": 4,
                    "Actual Startup Time": 0.009,
                    "Actual Total Time": 0.015,
                    "Actual Rows": 2,
                    "Actual Loops": 4350,
                    "Index Cond": "(movie_id = t.id)",
                    "Rows Removed by Index Recheck": 0,
                    "Filter": "(info_type_id = 16)",
                    "Rows Removed by Filter": 7
                  }
                ]
              }
            ]
          }
        ]
      }
    ]
  },
  "Planning Time": 0.679,
  "Triggers": [],
  "Execution Time": 76.955
}