[
  {
    "Plan": {
      "Node Type": "Aggregate",
      "Strategy": "Plain",
      "Partial Mode": "Finalize",
      "Parallel Aware": false,
      "Startup Cost": 96796.66,
      "Total Cost": 96796.67,
      "Plan Rows": 1,
      "Plan Width": 8,
      "Actual Startup Time": 958.082,
      "Actual Total Time": 1038.416,
      "Actual Rows": 1,
      "Actual Loops": 1,
      "Plans": [
        {
          "Node Type": "Gather",
          "Parent Relationship": "Outer",
          "Parallel Aware": false,
          "Startup Cost": 96796.24,
          "Total Cost": 96796.65,
          "Plan Rows": 4,
          "Plan Width": 8,
          "Actual Startup Time": 957.658,
          "Actual Total Time": 1038.406,
          "Actual Rows": 5,
          "Actual Loops": 1,
          "Workers Planned": 4,
          "Workers Launched": 4,
          "Single Copy": false,
          "Plans": [
            {
              "Node Type": "Aggregate",
              "Strategy": "Plain",
              "Partial Mode": "Partial",
              "Parent Relationship": "Outer",
              "Parallel Aware": false,
              "Startup Cost": 95796.24,
              "Total Cost": 95796.25,
              "Plan Rows": 1,
              "Plan Width": 8,
              "Actual Startup Time": 947.021,
              "Actual Total Time": 947.025,
              "Actual Rows": 1,
              "Actual Loops": 5,
              "Plans": [
                {
                  "Node Type": "Nested Loop",
                  "Parent Relationship": "Outer",
                  "Parallel Aware": false,
                  "Join Type": "Inner",
                  "Startup Cost": 21782.14,
                  "Total Cost": 95491.11,
                  "Plan Rows": 122051,
                  "Plan Width": 0,
                  "Actual Startup Time": 100.553,
                  "Actual Total Time": 921.923,
                  "Actual Rows": 465416,
                  "Actual Loops": 5,
                  "Inner Unique": false,
                  "Plans": [
                    {
                      "Node Type": "Hash Join",
                      "Parent Relationship": "Outer",
                      "Parallel Aware": true,
                      "Join Type": "Inner",
                      "Startup Cost": 21781.58,
                      "Total Cost": 66778.18,
                      "Plan Rows": 8518,
                      "Plan Width": 8,
                      "Actual Startup Time": 100.446,
                      "Actual Total Time": 165.479,
                      "Actual Rows": 17441,
                      "Actual Loops": 5,
                      "Inner Unique": false,
                      "Hash Cond": "(t.id = mc.movie_id)",
                      "Plans": [
                        {
                          "Node Type": "Seq Scan",
                          "Parent Relationship": "Outer",
                          "Parallel Aware": true,
                          "Relation Name": "title",
                          "Alias": "t",
                          "Startup Cost": 0.0,
                          "Total Cost": 43898.92,
                          "Plan Rows": 214041,
                          "Plan Width": 4,
                          "Actual Startup Time": 0.021,
                          "Actual Total Time": 79.41,
                          "Actual Rows": 170843,
                          "Actual Loops": 5,
                          "Filter": "(kind_id < 4)",
                          "Rows Removed by Filter": 334820
                        },
                        {
                          "Node Type": "Hash",
                          "Parent Relationship": "Inner",
                          "Parallel Aware": true,
                          "Startup Cost": 21375.88,
                          "Total Cost": 21375.88,
                          "Plan Rows": 32456,
                          "Plan Width": 4,
                          "Actual Startup Time": 36.033,
                          "Actual Total Time": 36.035,
                          "Actual Rows": 19039,
                          "Actual Loops": 5,
                          "Hash Buckets": 131072,
                          "Original Hash Buckets": 131072,
                          "Hash Batches": 1,
                          "Original Hash Batches": 1,
                          "Peak Memory Usage": 4864,
                          "Plans": [
                            {
                              "Node Type": "Bitmap Heap Scan",
                              "Parent Relationship": "Outer",
                              "Parallel Aware": true,
                              "Relation Name": "movie_companies",
                              "Alias": "mc",
                              "Startup Cost": 2180.18,
                              "Total Cost": 21375.88,
                              "Plan Rows": 32456,
                              "Plan Width": 4,
                              "Actual Startup Time": 6.78,
                              "Actual Total Time": 24.808,
                              "Actual Rows": 19039,
                              "Actual Loops": 5,
                              "Recheck Cond": "(company_id > 160464)",
                              "Rows Removed by Index Recheck": 0,
                              "Exact Heap Blocks": 1153,
                              "Lossy Heap Blocks": 0,
                              "Plans": [
                                {
                                  "Node Type": "Bitmap Index Scan",
                                  "Parent Relationship": "Outer",
                                  "Parallel Aware": false,
                                  "Index Name": "company_id_movie_companies",
                                  "Startup Cost": 0.0,
                                  "Total Cost": 2155.03,
                                  "Plan Rows": 100613,
                                  "Plan Width": 0,
                                  "Actual Startup Time": 10.562,
                                  "Actual Total Time": 10.563,
                                  "Actual Rows": 95197,
                                  "Actual Loops": 1,
                                  "Index Cond": "(company_id > 160464)"
                                }
                              ]
                            }
                          ]
                        }
                      ]
                    },
                    {
                      "Node Type": "Index Only Scan",
                      "Parent Relationship": "Inner",
                      "Parallel Aware": false,
                      "Scan Direction": "Forward",
                      "Index Name": "movie_id_cast_info",
                      "Relation Name": "cast_info",
                      "Alias": "ci",
                      "Startup Cost": 0.56,
                      "Total Cost": 3.0,
                      "Plan Rows": 37,
                      "Plan Width": 4,
                      "Actual Startup Time": 0.007,
                      "Actual Total Time": 0.041,
                      "Actual Rows": 27,
                      "Actual Loops": 87203,
                      "Index Cond": "(movie_id = t.id)",
                      "Rows Removed by Index Recheck": 0,
                      "Heap Fetches": 2327078
                    }
                  ]
                }
              ]
            }
          ]
        }
      ]
    },
    "Planning Time": 1.388,
    "Triggers": [],
    "Execution Time": 1038.553
  }
]