[
  {
    "Plan": {
      "Node Type": "Aggregate",
      "Strategy": "Plain",
      "Partial Mode": "Finalize",
      "Parallel Aware": false,
      "Startup Cost": 80857.96,
      "Total Cost": 80857.97,
      "Plan Rows": 1,
      "Plan Width": 8,
      "Actual Startup Time": 334.163,
      "Actual Total Time": 350.174,
      "Actual Rows": 1,
      "Actual Loops": 1,
      "Plans": [
        {
          "Node Type": "Gather",
          "Parent Relationship": "Outer",
          "Parallel Aware": false,
          "Startup Cost": 80857.65,
          "Total Cost": 80857.96,
          "Plan Rows": 3,
          "Plan Width": 8,
          "Actual Startup Time": 330.923,
          "Actual Total Time": 350.165,
          "Actual Rows": 4,
          "Actual Loops": 1,
          "Workers Planned": 3,
          "Workers Launched": 3,
          "Single Copy": false,
          "Plans": [
            {
              "Node Type": "Aggregate",
              "Strategy": "Plain",
              "Partial Mode": "Partial",
              "Parent Relationship": "Outer",
              "Parallel Aware": false,
              "Startup Cost": 79857.65,
              "Total Cost": 79857.66,
              "Plan Rows": 1,
              "Plan Width": 8,
              "Actual Startup Time": 321.823,
              "Actual Total Time": 321.827,
              "Actual Rows": 1,
              "Actual Loops": 4,
              "Plans": [
                {
                  "Node Type": "Hash Join",
                  "Parent Relationship": "Outer",
                  "Parallel Aware": true,
                  "Join Type": "Inner",
                  "Startup Cost": 47235.75,
                  "Total Cost": 79646.71,
                  "Plan Rows": 84373,
                  "Plan Width": 0,
                  "Actual Startup Time": 209.97,
                  "Actual Total Time": 316.752,
                  "Actual Rows": 111687,
                  "Actual Loops": 4,
                  "Inner Unique": true,
                  "Hash Cond": "(mc.movie_id = t.id)",
                  "Plans": [
                    {
                      "Node Type": "Seq Scan",
                      "Parent Relationship": "Outer",
                      "Parallel Aware": true,
                      "Relation Name": "movie_companies",
                      "Alias": "mc",
                      "Startup Cost": 0.0,
                      "Total Cost": 31414.82,
                      "Plan Rows": 379485,
                      "Plan Width": 4,
                      "Actual Startup Time": 34.665,
                      "Actual Total Time": 75.13,
                      "Actual Rows": 261318,
                      "Actual Loops": 4,
                      "Filter": "((company_id < 94992) AND (company_type_id = 2))",
                      "Rows Removed by Filter": 390965
                    },
                    {
                      "Node Type": "Hash",
                      "Parent Relationship": "Inner",
                      "Parallel Aware": true,
                      "Startup Cost": 45479.1,
                      "Total Cost": 45479.1,
                      "Plan Rows": 140532,
                      "Plan Width": 4,
                      "Actual Startup Time": 169.995,
                      "Actual Total Time": 169.996,
                      "Actual Rows": 160446,
                      "Actual Loops": 4,
                      "Hash Buckets": 1048576,
                      "Original Hash Buckets": 1048576,
                      "Hash Batches": 1,
                      "Original Hash Batches": 1,
                      "Peak Memory Usage": 33344,
                      "Plans": [
                        {
                          "Node Type": "Seq Scan",
                          "Parent Relationship": "Outer",
                          "Parallel Aware": true,
                          "Relation Name": "title",
                          "Alias": "t",
                          "Startup Cost": 0.0,
                          "Total Cost": 45479.1,
                          "Plan Rows": 140532,
                          "Plan Width": 4,
                          "Actual Startup Time": 0.047,
                          "Actual Total Time": 108.429,
                          "Actual Rows": 160446,
                          "Actual Loops": 4,
                          "Filter": "((kind_id < 7) AND (production_year < 2006))",
                          "Rows Removed by Filter": 471632
                        }
                      ]
                    }
                  ]
                }
              ]
            }
          ]
        }
      ]
    },
    "Planning Time": 0.671,
    "Triggers": [],
    "Execution Time": 350.242
  }
]