[
  {
    "Plan": {
      "Node Type": "Aggregate",
      "Strategy": "Plain",
      "Partial Mode": "Finalize",
      "Parallel Aware": false,
      "Startup Cost": 91300.04,
      "Total Cost": 91300.05,
      "Plan Rows": 1,
      "Plan Width": 8,
      "Actual Startup Time": 348.584,
      "Actual Total Time": 373.136,
      "Actual Rows": 1,
      "Actual Loops": 1,
      "Plans": [
        {
          "Node Type": "Gather",
          "Parent Relationship": "Outer",
          "Parallel Aware": false,
          "Startup Cost": 91299.62,
          "Total Cost": 91300.03,
          "Plan Rows": 4,
          "Plan Width": 8,
          "Actual Startup Time": 347.41,
          "Actual Total Time": 373.126,
          "Actual Rows": 5,
          "Actual Loops": 1,
          "Workers Planned": 4,
          "Workers Launched": 4,
          "Single Copy": false,
          "Plans": [
            {
              "Node Type": "Aggregate",
              "Strategy": "Plain",
              "Partial Mode": "Partial",
              "Parent Relationship": "Outer",
              "Parallel Aware": false,
              "Startup Cost": 90299.62,
              "Total Cost": 90299.63,
              "Plan Rows": 1,
              "Plan Width": 8,
              "Actual Startup Time": 337.316,
              "Actual Total Time": 337.397,
              "Actual Rows": 1,
              "Actual Loops": 5,
              "Plans": [
                {
                  "Node Type": "Nested Loop",
                  "Parent Relationship": "Outer",
                  "Parallel Aware": false,
                  "Join Type": "Inner",
                  "Startup Cost": 25416.42,
                  "Total Cost": 90274.0,
                  "Plan Rows": 10248,
                  "Plan Width": 0,
                  "Actual Startup Time": 91.02,
                  "Actual Total Time": 330.268,
                  "Actual Rows": 124264,
                  "Actual Loops": 5,
                  "Inner Unique": false,
                  "Plans": [
                    {
                      "Node Type": "Hash Join",
                      "Parent Relationship": "Outer",
                      "Parallel Aware": true,
                      "Join Type": "Inner",
                      "Startup Cost": 25415.99,
                      "Total Cost": 70590.54,
                      "Plan Rows": 11269,
                      "Plan Width": 8,
                      "Actual Startup Time": 90.865,
                      "Actual Total Time": 214.284,
                      "Actual Rows": 10899,
                      "Actual Loops": 5,
                      "Inner Unique": false,
                      "Hash Cond": "(t.id = mc.movie_id)",
                      "Plans": [
                        {
                          "Node Type": "Seq Scan",
                          "Parent Relationship": "Outer",
                          "Parallel Aware": true,
                          "Relation Name": "title",
                          "Alias": "t",
                          "Startup Cost": 0.0,
                          "Total Cost": 43898.92,
                          "Plan Rows": 247857,
                          "Plan Width": 4,
                          "Actual Startup Time": 0.014,
                          "Actual Total Time": 78.49,
                          "Actual Rows": 197010,
                          "Actual Loops": 5,
                          "Filter": "(kind_id < 7)",
                          "Rows Removed by Filter": 308653
                        },
                        {
                          "Node Type": "Hash",
                          "Parent Relationship": "Inner",
                          "Parallel Aware": true,
                          "Startup Cost": 24952.47,
                          "Total Cost": 24952.47,
                          "Plan Rows": 37082,
                          "Plan Width": 4,
                          "Actual Startup Time": 89.367,
                          "Actual Total Time": 89.368,
                          "Actual Rows": 35655,
                          "Actual Loops": 5,
                          "Hash Buckets": 262144,
                          "Original Hash Buckets": 131072,
                          "Hash Batches": 1,
                          "Original Hash Batches": 1,
                          "Peak Memory Usage": 10144,
                          "Plans": [
                            {
                              "Node Type": "Bitmap Heap Scan",
                              "Parent Relationship": "Outer",
                              "Parallel Aware": true,
                              "Relation Name": "movie_companies",
                              "Alias": "mc",
                              "Startup Cost": 5032.55,
                              "Total Cost": 24952.47,
                              "Plan Rows": 37082,
                              "Plan Width": 4,
                              "Actual Startup Time": 24.003,
                              "Actual Total Time": 67.304,
                              "Actual Rows": 35655,
                              "Actual Loops": 5,
                              "Recheck Cond": "(company_id < 93)",
                              "Rows Removed by Index Recheck": 0,
                              "Filter": "(company_type_id < 2)",
                              "Rows Removed by Filter": 10878,
                              "Exact Heap Blocks": 6243,
                              "Lossy Heap Blocks": 0,
                              "Plans": [
                                {
                                  "Node Type": "Bitmap Index Scan",
                                  "Parent Relationship": "Outer",
                                  "Parallel Aware": false,
                                  "Index Name": "company_id_movie_companies",
                                  "Startup Cost": 0.0,
                                  "Total Cost": 5003.81,
                                  "Plan Rows": 233517,
                                  "Plan Width": 0,
                                  "Actual Startup Time": 24.512,
                                  "Actual Total Time": 24.512,
                                  "Actual Rows": 232665,
                                  "Actual Loops": 1,
                                  "Index Cond": "(company_id < 93)"
                                }
                              ]
                            }
                          ]
                        }
                      ]
                    },
                    {
                      "Node Type": "Index Scan",
                      "Parent Relationship": "Inner",
                      "Parallel Aware": false,
                      "Scan Direction": "Forward",
                      "Index Name": "movie_id_movie_keyword",
                      "Relation Name": "movie_keyword",
                      "Alias": "mk",
                      "Startup Cost": 0.43,
                      "Total Cost": 1.52,
                      "Plan Rows": 23,
                      "Plan Width": 4,
                      "Actual Startup Time": 0.006,
                      "Actual Total Time": 0.009,
                      "Actual Rows": 11,
                      "Actual Loops": 54496,
                      "Index Cond": "(movie_id = t.id)",
                      "Rows Removed by Index Recheck": 0,
                      "Filter": "(keyword_id < 4935)",
                      "Rows Removed by Filter": 12
                    }
                  ]
                }
              ]
            }
          ]
        }
      ]
    },
    "Planning Time": 1.542,
    "Triggers": [],
    "Execution Time": 373.249
  }
]