[
  {
    "Plan": {
      "Node Type": "Aggregate",
      "Strategy": "Plain",
      "Partial Mode": "Finalize",
      "Parallel Aware": false,
      "Startup Cost": 283448.72,
      "Total Cost": 283448.73,
      "Plan Rows": 1,
      "Plan Width": 8,
      "Actual Startup Time": 159.117,
      "Actual Total Time": 165.581,
      "Actual Rows": 1,
      "Actual Loops": 1,
      "Plans": [
        {
          "Node Type": "Gather",
          "Parent Relationship": "Outer",
          "Parallel Aware": false,
          "Startup Cost": 283448.09,
          "Total Cost": 283448.7,
          "Plan Rows": 6,
          "Plan Width": 8,
          "Actual Startup Time": 158.648,
          "Actual Total Time": 165.574,
          "Actual Rows": 7,
          "Actual Loops": 1,
          "Workers Planned": 6,
          "Workers Launched": 6,
          "Single Copy": false,
          "Plans": [
            {
              "Node Type": "Aggregate",
              "Strategy": "Plain",
              "Partial Mode": "Partial",
              "Parent Relationship": "Outer",
              "Parallel Aware": false,
              "Startup Cost": 282448.09,
              "Total Cost": 282448.1,
              "Plan Rows": 1,
              "Plan Width": 8,
              "Actual Startup Time": 149.33,
              "Actual Total Time": 149.331,
              "Actual Rows": 1,
              "Actual Loops": 7,
              "Plans": [
                {
                  "Node Type": "Bitmap Heap Scan",
                  "Parent Relationship": "Outer",
                  "Parallel Aware": true,
                  "Relation Name": "cast_info",
                  "Alias": "ci",
                  "Startup Cost": 26341.97,
                  "Total Cost": 282014.77,
                  "Plan Rows": 173329,
                  "Plan Width": 0,
                  "Actual Startup Time": 72.969,
                  "Actual Total Time": 137.42,
                  "Actual Rows": 166199,
                  "Actual Loops": 7,
                  "Recheck Cond": "(person_id < 122699)",
                  "Rows Removed by Index Recheck": 0,
                  "Filter": "(role_id < 10)",
                  "Rows Removed by Filter": 6997,
                  "Exact Heap Blocks": 3386,
                  "Lossy Heap Blocks": 0,
                  "Plans": [
                    {
                      "Node Type": "Bitmap Index Scan",
                      "Parent Relationship": "Outer",
                      "Parallel Aware": false,
                      "Index Name": "person_id_cast_info",
                      "Startup Cost": 0.0,
                      "Total Cost": 26081.97,
                      "Plan Rows": 1194321,
                      "Plan Width": 0,
                      "Actual Startup Time": 79.157,
                      "Actual Total Time": 79.157,
                      "Actual Rows": 1212372,
                      "Actual Loops": 1,
                      "Index Cond": "(person_id < 122699)"
                    }
                  ]
                }
              ]
            }
          ]
        }
      ]
    },
    "Planning Time": 0.226,
    "Triggers": [],
    "Execution Time": 165.659
  }
]