[
  {
    "Plan": {
      "Node Type": "Aggregate",
      "Strategy": "Plain",
      "Partial Mode": "Finalize",
      "Parallel Aware": false,
      "Startup Cost": 25981.59,
      "Total Cost": 25981.6,
      "Plan Rows": 1,
      "Plan Width": 8,
      "Actual Startup Time": 50.87,
      "Actual Total Time": 54.896,
      "Actual Rows": 1,
      "Actual Loops": 1,
      "Plans": [
        {
          "Node Type": "Gather",
          "Parent Relationship": "Outer",
          "Parallel Aware": false,
          "Startup Cost": 25981.28,
          "Total Cost": 25981.59,
          "Plan Rows": 3,
          "Plan Width": 8,
          "Actual Startup Time": 50.671,
          "Actual Total Time": 54.888,
          "Actual Rows": 4,
          "Actual Loops": 1,
          "Workers Planned": 3,
          "Workers Launched": 3,
          "Single Copy": false,
          "Plans": [
            {
              "Node Type": "Aggregate",
              "Strategy": "Plain",
              "Partial Mode": "Partial",
              "Parent Relationship": "Outer",
              "Parallel Aware": false,
              "Startup Cost": 24981.28,
              "Total Cost": 24981.29,
              "Plan Rows": 1,
              "Plan Width": 8,
              "Actual Startup Time": 43.824,
              "Actual Total Time": 43.825,
              "Actual Rows": 1,
              "Actual Loops": 4,
              "Plans": [
                {
                  "Node Type": "Bitmap Heap Scan",
                  "Parent Relationship": "Outer",
                  "Parallel Aware": true,
                  "Relation Name": "movie_companies",
                  "Alias": "mc",
                  "Startup Cost": 5061.68,
                  "Total Cost": 24793.01,
                  "Plan Rows": 75307,
                  "Plan Width": 0,
                  "Actual Startup Time": 9.466,
                  "Actual Total Time": 38.802,
                  "Actual Rows": 57688,
                  "Actual Loops": 4,
                  "Recheck Cond": "(company_id > 105255)",
                  "Rows Removed by Index Recheck": 0,
                  "Exact Heap Blocks": 2111,
                  "Lossy Heap Blocks": 0,
                  "Plans": [
                    {
                      "Node Type": "Bitmap Index Scan",
                      "Parent Relationship": "Outer",
                      "Parallel Aware": false,
                      "Index Name": "company_id_movie_companies",
                      "Startup Cost": 0.0,
                      "Total Cost": 5003.31,
                      "Plan Rows": 233451,
                      "Plan Width": 0,
                      "Actual Startup Time": 14.558,
                      "Actual Total Time": 14.559,
                      "Actual Rows": 230754,
                      "Actual Loops": 1,
                      "Index Cond": "(company_id > 105255)"
                    }
                  ]
                }
              ]
            }
          ]
        }
      ]
    },
    "Planning Time": 0.228,
    "Triggers": [],
    "Execution Time": 54.972
  }
]