[
  {
    "Plan": {
      "Node Type": "Aggregate",
      "Strategy": "Plain",
      "Partial Mode": "Finalize",
      "Parallel Aware": false,
      "Startup Cost": 32216.6,
      "Total Cost": 32216.61,
      "Plan Rows": 1,
      "Plan Width": 8,
      "Actual Startup Time": 95.044,
      "Actual Total Time": 101.958,
      "Actual Rows": 1,
      "Actual Loops": 1,
      "Plans": [
        {
          "Node Type": "Gather",
          "Parent Relationship": "Outer",
          "Parallel Aware": false,
          "Startup Cost": 32216.28,
          "Total Cost": 32216.59,
          "Plan Rows": 3,
          "Plan Width": 8,
          "Actual Startup Time": 94.762,
          "Actual Total Time": 101.944,
          "Actual Rows": 4,
          "Actual Loops": 1,
          "Workers Planned": 3,
          "Workers Launched": 3,
          "Single Copy": false,
          "Plans": [
            {
              "Node Type": "Aggregate",
              "Strategy": "Plain",
              "Partial Mode": "Partial",
              "Parent Relationship": "Outer",
              "Parallel Aware": false,
              "Startup Cost": 31216.28,
              "Total Cost": 31216.29,
              "Plan Rows": 1,
              "Plan Width": 8,
              "Actual Startup Time": 87.738,
              "Actual Total Time": 87.74,
              "Actual Rows": 1,
              "Actual Loops": 4,
              "Plans": [
                {
                  "Node Type": "Bitmap Heap Scan",
                  "Parent Relationship": "Outer",
                  "Parallel Aware": true,
                  "Relation Name": "movie_companies",
                  "Alias": "mc",
                  "Startup Cost": 9997.75,
                  "Total Cost": 31033.29,
                  "Plan Rows": 73195,
                  "Plan Width": 0,
                  "Actual Startup Time": 22.143,
                  "Actual Total Time": 81.536,
                  "Actual Rows": 86074,
                  "Actual Loops": 4,
                  "Recheck Cond": "(company_id < 391)",
                  "Rows Removed by Index Recheck": 0,
                  "Filter": "(company_type_id = 1)",
                  "Rows Removed by Filter": 28329,
                  "Exact Heap Blocks": 8589,
                  "Lossy Heap Blocks": 0,
                  "Plans": [
                    {
                      "Node Type": "Bitmap Index Scan",
                      "Parent Relationship": "Outer",
                      "Parallel Aware": false,
                      "Index Name": "company_id_movie_companies",
                      "Startup Cost": 0.0,
                      "Total Cost": 9941.02,
                      "Plan Rows": 464079,
                      "Plan Width": 0,
                      "Actual Startup Time": 25.755,
                      "Actual Total Time": 25.756,
                      "Actual Rows": 457609,
                      "Actual Loops": 1,
                      "Index Cond": "(company_id < 391)"
                    }
                  ]
                }
              ]
            }
          ]
        }
      ]
    },
    "Planning Time": 0.204,
    "Triggers": [],
    "Execution Time": 102.032
  }
]