[
  {
    "Plan": {
      "Node Type": "Aggregate",
      "Strategy": "Plain",
      "Partial Mode": "Finalize",
      "Parallel Aware": false,
      "Startup Cost": 348726.12,
      "Total Cost": 348726.13,
      "Plan Rows": 1,
      "Plan Width": 8,
      "Actual Startup Time": 664.338,
      "Actual Total Time": 721.951,
      "Actual Rows": 1,
      "Actual Loops": 1,
      "Plans": [
        {
          "Node Type": "Gather",
          "Parent Relationship": "Outer",
          "Parallel Aware": false,
          "Startup Cost": 348725.5,
          "Total Cost": 348726.11,
          "Plan Rows": 6,
          "Plan Width": 8,
          "Actual Startup Time": 664.197,
          "Actual Total Time": 721.939,
          "Actual Rows": 7,
          "Actual Loops": 1,
          "Workers Planned": 6,
          "Workers Launched": 6,
          "Single Copy": false,
          "Plans": [
            {
              "Node Type": "Aggregate",
              "Strategy": "Plain",
              "Partial Mode": "Partial",
              "Parent Relationship": "Outer",
              "Parallel Aware": false,
              "Startup Cost": 347725.5,
              "Total Cost": 347725.51,
              "Plan Rows": 1,
              "Plan Width": 8,
              "Actual Startup Time": 653.565,
              "Actual Total Time": 653.567,
              "Actual Rows": 1,
              "Actual Loops": 7,
              "Plans": [
                {
                  "Node Type": "Seq Scan",
                  "Parent Relationship": "Outer",
                  "Parallel Aware": true,
                  "Relation Name": "cast_info",
                  "Alias": "ci",
                  "Startup Cost": 0.0,
                  "Total Cost": 343257.03,
                  "Plan Rows": 1787387,
                  "Plan Width": 0,
                  "Actual Startup Time": 342.738,
                  "Actual Total Time": 619.503,
                  "Actual Rows": 811352,
                  "Actual Loops": 7,
                  "Filter": "((person_id < 2433198) AND (role_id > 2))",
                  "Rows Removed by Filter": 4366411
                }
              ]
            }
          ]
        }
      ]
    },
    "Planning Time": 0.213,
    "Triggers": [],
    "Execution Time": 722.02
  }
]