[
  {
    "Plan": {
      "Node Type": "Aggregate",
      "Strategy": "Plain",
      "Partial Mode": "Finalize",
      "Parallel Aware": false,
      "Startup Cost": 31028.19,
      "Total Cost": 31028.2,
      "Plan Rows": 1,
      "Plan Width": 8,
      "Actual Startup Time": 100.577,
      "Actual Total Time": 106.883,
      "Actual Rows": 1,
      "Actual Loops": 1,
      "Plans": [
        {
          "Node Type": "Gather",
          "Parent Relationship": "Outer",
          "Parallel Aware": false,
          "Startup Cost": 31027.87,
          "Total Cost": 31028.18,
          "Plan Rows": 3,
          "Plan Width": 8,
          "Actual Startup Time": 100.441,
          "Actual Total Time": 106.872,
          "Actual Rows": 4,
          "Actual Loops": 1,
          "Workers Planned": 3,
          "Workers Launched": 3,
          "Single Copy": false,
          "Plans": [
            {
              "Node Type": "Aggregate",
              "Strategy": "Plain",
              "Partial Mode": "Partial",
              "Parent Relationship": "Outer",
              "Parallel Aware": false,
              "Startup Cost": 30027.87,
              "Total Cost": 30027.88,
              "Plan Rows": 1,
              "Plan Width": 8,
              "Actual Startup Time": 93.594,
              "Actual Total Time": 93.595,
              "Actual Rows": 1,
              "Actual Loops": 4,
              "Plans": [
                {
                  "Node Type": "Seq Scan",
                  "Parent Relationship": "Outer",
                  "Parallel Aware": true,
                  "Relation Name": "movie_companies",
                  "Alias": "mc",
                  "Startup Cost": 0.0,
                  "Total Cost": 29310.68,
                  "Plan Rows": 286875,
                  "Plan Width": 0,
                  "Actual Startup Time": 20.344,
                  "Actual Total Time": 82.098,
                  "Actual Rows": 220144,
                  "Actual Loops": 4,
                  "Filter": "(company_id > 22832)",
                  "Rows Removed by Filter": 432138
                }
              ]
            }
          ]
        }
      ]
    },
    "Planning Time": 0.183,
    "Triggers": [],
    "Execution Time": 106.931
  }
]