[
  {
    "Plan": {
      "Node Type": "Aggregate",
      "Strategy": "Plain",
      "Partial Mode": "Finalize",
      "Parallel Aware": false,
      "Startup Cost": 426343.94,
      "Total Cost": 426343.95,
      "Plan Rows": 1,
      "Plan Width": 8,
      "Actual Startup Time": 3035.469,
      "Actual Total Time": 3090.634,
      "Actual Rows": 1,
      "Actual Loops": 1,
      "Plans": [
        {
          "Node Type": "Gather",
          "Parent Relationship": "Outer",
          "Parallel Aware": false,
          "Startup Cost": 426343.42,
          "Total Cost": 426343.93,
          "Plan Rows": 5,
          "Plan Width": 8,
          "Actual Startup Time": 3030.283,
          "Actual Total Time": 3090.624,
          "Actual Rows": 6,
          "Actual Loops": 1,
          "Workers Planned": 5,
          "Workers Launched": 5,
          "Single Copy": false,
          "Plans": [
            {
              "Node Type": "Aggregate",
              "Strategy": "Plain",
              "Partial Mode": "Partial",
              "Parent Relationship": "Outer",
              "Parallel Aware": false,
              "Startup Cost": 425343.42,
              "Total Cost": 425343.43,
              "Plan Rows": 1,
              "Plan Width": 8,
              "Actual Startup Time": 3021.036,
              "Actual Total Time": 3021.038,
              "Actual Rows": 1,
              "Actual Loops": 6,
              "Plans": [
                {
                  "Node Type": "Nested Loop",
                  "Parent Relationship": "Outer",
                  "Parallel Aware": false,
                  "Join Type": "Inner",
                  "Startup Cost": 95065.82,
                  "Total Cost": 423294.28,
                  "Plan Rows": 819655,
                  "Plan Width": 0,
                  "Actual Startup Time": 306.912,
                  "Actual Total Time": 2931.662,
                  "Actual Rows": 1876432,
                  "Actual Loops": 6,
                  "Inner Unique": false,
                  "Plans": [
                    {
                      "Node Type": "Merge Join",
                      "Parent Relationship": "Outer",
                      "Parallel Aware": false,
                      "Join Type": "Inner",
                      "Startup Cost": 95065.25,
                      "Total Cost": 190163.1,
                      "Plan Rows": 109421,
                      "Plan Width": 8,
                      "Actual Startup Time": 306.818,
                      "Actual Total Time": 681.971,
                      "Actual Rows": 91251,
                      "Actual Loops": 6,
                      "Inner Unique": false,
                      "Merge Cond": "(t.id = mk.movie_id)",
                      "Plans": [
                        {
                          "Node Type": "Index Only Scan",
                          "Parent Relationship": "Outer",
                          "Parallel Aware": true,
                          "Scan Direction": "Forward",
                          "Index Name": "title_pkey",
                          "Relation Name": "title",
                          "Alias": "t",
                          "Startup Cost": 0.43,
                          "Total Cost": 90115.52,
                          "Plan Rows": 505664,
                          "Plan Width": 4,
                          "Actual Startup Time": 0.131,
                          "Actual Total Time": 283.486,
                          "Actual Rows": 420965,
                          "Actual Loops": 6,
                          "Heap Fetches": 2525791
                        },
                        {
                          "Node Type": "Sort",
                          "Parent Relationship": "Inner",
                          "Parallel Aware": false,
                          "Startup Cost": 95044.4,
                          "Total Cost": 96412.17,
                          "Plan Rows": 547105,
                          "Plan Width": 4,
                          "Actual Startup Time": 306.54,
                          "Actual Total Time": 335.133,
                          "Actual Rows": 547506,
                          "Actual Loops": 6,
                          "Sort Key": [
                            "mk.movie_id"
                          ],
                          "Sort Method": "quicksort",
                          "Sort Space Used": 50241,
                          "Sort Space Type": "Memory",
                          "Workers": [
                            {
                              "Worker Number": 0,
                              "Sort Method": "quicksort",
                              "Sort Space Used": 50241,
                              "Sort Space Type": "Memory"
                            },
                            {
                              "Worker Number": 1,
                              "Sort Method": "quicksort",
                              "Sort Space Used": 50241,
                              "Sort Space Type": "Memory"
                            },
                            {
                              "Worker Number": 2,
                              "Sort Method": "quicksort",
                              "Sort Space Used": 50241,
                              "Sort Space Type": "Memory"
                            },
                            {
                              "Worker Number": 3,
                              "Sort Method": "quicksort",
                              "Sort Space Used": 50241,
                              "Sort Space Type": "Memory"
                            },
                            {
                              "Worker Number": 4,
                              "Sort Method": "quicksort",
                              "Sort Space Used": 50241,
                              "Sort Space Type": "Memory"
                            }
                          ],
                          "Plans": [
                            {
                              "Node Type": "Bitmap Heap Scan",
                              "Parent Relationship": "Outer",
                              "Parallel Aware": false,
                              "Relation Name": "movie_keyword",
                              "Alias": "mk",
                              "Startup Cost": 11608.5,
                              "Total Cost": 42901.31,
                              "Plan Rows": 547105,
                              "Plan Width": 4,
                              "Actual Startup Time": 58.958,
                              "Actual Total Time": 187.693,
                              "Actual Rows": 547506,
                              "Actual Loops": 6,
                              "Recheck Cond": "(keyword_id < 394)",
                              "Rows Removed by Index Recheck": 0,
                              "Exact Heap Blocks": 24274,
                              "Lossy Heap Blocks": 0,
                              "Plans": [
                                {
                                  "Node Type": "Bitmap Index Scan",
                                  "Parent Relationship": "Outer",
                                  "Parallel Aware": false,
                                  "Index Name": "keyword_id_movie_keyword",
                                  "Startup Cost": 0.0,
                                  "Total Cost": 11471.72,
                                  "Plan Rows": 547105,
                                  "Plan Width": 0,
                                  "Actual Startup Time": 55.799,
                                  "Actual Total Time": 55.799,
                                  "Actual Rows": 547506,
                                  "Actual Loops": 6,
                                  "Index Cond": "(keyword_id < 394)"
                                }
                              ]
                            }
                          ]
                        }
                      ]
                    },
                    {
                      "Node Type": "Index Scan",
                      "Parent Relationship": "Inner",
                      "Parallel Aware": false,
                      "Scan Direction": "Forward",
                      "Index Name": "movie_id_cast_info",
                      "Relation Name": "cast_info",
                      "Alias": "ci",
                      "Startup Cost": 0.56,
                      "Total Cost": 1.93,
                      "Plan Rows": 20,
                      "Plan Width": 4,
                      "Actual Startup Time": 0.004,
                      "Actual Total Time": 0.023,
                      "Actual Rows": 21,
                      "Actual Loops": 547506,
                      "Index Cond": "(movie_id = t.id)",
                      "Rows Removed by Index Recheck": 0,
                      "Filter": "(person_id < 1878073)",
                      "Rows Removed by Filter": 18
                    }
                  ]
                }
              ]
            }
          ]
        }
      ]
    },
    "Planning Time": 1.35,
    "Triggers": [],
    "Execution Time": 3099.32
  }
]