[
  {
    "Plan": {
      "Node Type": "Aggregate",
      "Strategy": "Plain",
      "Partial Mode": "Finalize",
      "Parallel Aware": false,
      "Startup Cost": 417088.98,
      "Total Cost": 417088.99,
      "Plan Rows": 1,
      "Plan Width": 8,
      "Actual Startup Time": 3395.86,
      "Actual Total Time": 3483.714,
      "Actual Rows": 1,
      "Actual Loops": 1,
      "Plans": [
        {
          "Node Type": "Gather",
          "Parent Relationship": "Outer",
          "Parallel Aware": false,
          "Startup Cost": 417088.46,
          "Total Cost": 417088.97,
          "Plan Rows": 5,
          "Plan Width": 8,
          "Actual Startup Time": 3390.185,
          "Actual Total Time": 3483.704,
          "Actual Rows": 6,
          "Actual Loops": 1,
          "Workers Planned": 5,
          "Workers Launched": 5,
          "Single Copy": false,
          "Plans": [
            {
              "Node Type": "Aggregate",
              "Strategy": "Plain",
              "Partial Mode": "Partial",
              "Parent Relationship": "Outer",
              "Parallel Aware": false,
              "Startup Cost": 416088.46,
              "Total Cost": 416088.47,
              "Plan Rows": 1,
              "Plan Width": 8,
              "Actual Startup Time": 3379.492,
              "Actual Total Time": 3379.495,
              "Actual Rows": 1,
              "Actual Loops": 6,
              "Plans": [
                {
                  "Node Type": "Nested Loop",
                  "Parent Relationship": "Outer",
                  "Parallel Aware": false,
                  "Join Type": "Inner",
                  "Startup Cost": 93623.53,
                  "Total Cost": 414095.16,
                  "Plan Rows": 797320,
                  "Plan Width": 0,
                  "Actual Startup Time": 314.472,
                  "Actual Total Time": 3290.533,
                  "Actual Rows": 1876432,
                  "Actual Loops": 6,
                  "Inner Unique": false,
                  "Plans": [
                    {
                      "Node Type": "Merge Join",
                      "Parent Relationship": "Outer",
                      "Parallel Aware": false,
                      "Join Type": "Inner",
                      "Startup Cost": 93622.96,
                      "Total Cost": 188655.0,
                      "Plan Rows": 107322,
                      "Plan Width": 8,
                      "Actual Startup Time": 314.345,
                      "Actual Total Time": 730.024,
                      "Actual Rows": 91251,
                      "Actual Loops": 6,
                      "Inner Unique": false,
                      "Merge Cond": "(t.id = mk.movie_id)",
                      "Plans": [
                        {
                          "Node Type": "Index Only Scan",
                          "Parent Relationship": "Outer",
                          "Parallel Aware": true,
                          "Scan Direction": "Forward",
                          "Index Name": "title_pkey",
                          "Relation Name": "title",
                          "Alias": "t",
                          "Startup Cost": 0.43,
                          "Total Cost": 90113.62,
                          "Plan Rows": 505659,
                          "Plan Width": 4,
                          "Actual Startup Time": 0.2,
                          "Actual Total Time": 323.497,
                          "Actual Rows": 420965,
                          "Actual Loops": 6,
                          "Heap Fetches": 2525791
                        },
                        {
                          "Node Type": "Sort",
                          "Parent Relationship": "Inner",
                          "Parallel Aware": false,
                          "Startup Cost": 93612.41,
                          "Total Cost": 94953.93,
                          "Plan Rows": 536608,
                          "Plan Width": 4,
                          "Actual Startup Time": 313.933,
                          "Actual Total Time": 343.41,
                          "Actual Rows": 547506,
                          "Actual Loops": 6,
                          "Sort Key": [
                            "mk.movie_id"
                          ],
                          "Sort Method": "quicksort",
                          "Sort Space Used": 50241,
                          "Sort Space Type": "Memory",
                          "Workers": [
                            {
                              "Worker Number": 0,
                              "Sort Method": "quicksort",
                              "Sort Space Used": 50241,
                              "Sort Space Type": "Memory"
                            },
                            {
                              "Worker Number": 1,
                              "Sort Method": "quicksort",
                              "Sort Space Used": 50241,
                              "Sort Space Type": "Memory"
                            },
                            {
                              "Worker Number": 2,
                              "Sort Method": "quicksort",
                              "Sort Space Used": 50241,
                              "Sort Space Type": "Memory"
                            },
                            {
                              "Worker Number": 3,
                              "Sort Method": "quicksort",
                              "Sort Space Used": 50241,
                              "Sort Space Type": "Memory"
                            },
                            {
                              "Worker Number": 4,
                              "Sort Method": "quicksort",
                              "Sort Space Used": 50241,
                              "Sort Space Type": "Memory"
                            }
                          ],
                          "Plans": [
                            {
                              "Node Type": "Bitmap Heap Scan",
                              "Parent Relationship": "Outer",
                              "Parallel Aware": false,
                              "Relation Name": "movie_keyword",
                              "Alias": "mk",
                              "Startup Cost": 11383.14,
                              "Total Cost": 42544.74,
                              "Plan Rows": 536608,
                              "Plan Width": 4,
                              "Actual Startup Time": 51.461,
                              "Actual Total Time": 189.911,
                              "Actual Rows": 547506,
                              "Actual Loops": 6,
                              "Recheck Cond": "(keyword_id < 394)",
                              "Rows Removed by Index Recheck": 0,
                              "Exact Heap Blocks": 24274,
                              "Lossy Heap Blocks": 0,
                              "Plans": [
                                {
                                  "Node Type": "Bitmap Index Scan",
                                  "Parent Relationship": "Outer",
                                  "Parallel Aware": false,
                                  "Index Name": "keyword_id_movie_keyword",
                                  "Startup Cost": 0.0,
                                  "Total Cost": 11248.99,
                                  "Plan Rows": 536608,
                                  "Plan Width": 0,
                                  "Actual Startup Time": 48.167,
                                  "Actual Total Time": 48.168,
                                  "Actual Rows": 547506,
                                  "Actual Loops": 6,
                                  "Index Cond": "(keyword_id < 394)"
                                }
                              ]
                            }
                          ]
                        }
                      ]
                    },
                    {
                      "Node Type": "Index Scan",
                      "Parent Relationship": "Inner",
                      "Parallel Aware": false,
                      "Scan Direction": "Forward",
                      "Index Name": "movie_id_cast_info",
                      "Relation Name": "cast_info",
                      "Alias": "ci",
                      "Startup Cost": 0.56,
                      "Total Cost": 1.91,
                      "Plan Rows": 19,
                      "Plan Width": 4,
                      "Actual Startup Time": 0.004,
                      "Actual Total Time": 0.026,
                      "Actual Rows": 21,
                      "Actual Loops": 547506,
                      "Index Cond": "(movie_id = t.id)",
                      "Rows Removed by Index Recheck": 0,
                      "Filter": "(person_id < 1878073)",
                      "Rows Removed by Filter": 18
                    }
                  ]
                }
              ]
            }
          ]
        }
      ]
    },
    "Planning Time": 1.373,
    "Triggers": [],
    "Execution Time": 3492.431
  }
]