[
  {
    "Plan": {
      "Node Type": "Aggregate",
      "Strategy": "Plain",
      "Partial Mode": "Finalize",
      "Parallel Aware": false,
      "Startup Cost": 38482.89,
      "Total Cost": 38482.9,
      "Plan Rows": 1,
      "Plan Width": 8,
      "Actual Startup Time": 131.934,
      "Actual Total Time": 140.585,
      "Actual Rows": 1,
      "Actual Loops": 1,
      "Plans": [
        {
          "Node Type": "Gather",
          "Parent Relationship": "Outer",
          "Parallel Aware": false,
          "Startup Cost": 38482.57,
          "Total Cost": 38482.88,
          "Plan Rows": 3,
          "Plan Width": 8,
          "Actual Startup Time": 131.593,
          "Actual Total Time": 140.577,
          "Actual Rows": 4,
          "Actual Loops": 1,
          "Workers Planned": 3,
          "Workers Launched": 3,
          "Single Copy": false,
          "Plans": [
            {
              "Node Type": "Aggregate",
              "Strategy": "Plain",
              "Partial Mode": "Partial",
              "Parent Relationship": "Outer",
              "Parallel Aware": false,
              "Startup Cost": 37482.57,
              "Total Cost": 37482.58,
              "Plan Rows": 1,
              "Plan Width": 8,
              "Actual Startup Time": 125.988,
              "Actual Total Time": 125.99,
              "Actual Rows": 1,
              "Actual Loops": 4,
              "Plans": [
                {
                  "Node Type": "Bitmap Heap Scan",
                  "Parent Relationship": "Outer",
                  "Parallel Aware": true,
                  "Relation Name": "movie_keyword",
                  "Alias": "mk",
                  "Startup Cost": 10608.53,
                  "Total Cost": 37079.23,
                  "Plan Rows": 161336,
                  "Plan Width": 0,
                  "Actual Startup Time": 45.14,
                  "Actual Total Time": 118.703,
                  "Actual Rows": 121800,
                  "Actual Loops": 4,
                  "Recheck Cond": "(keyword_id > 36861)",
                  "Rows Removed by Index Recheck": 0,
                  "Exact Heap Blocks": 10937,
                  "Lossy Heap Blocks": 0,
                  "Plans": [
                    {
                      "Node Type": "Bitmap Index Scan",
                      "Parent Relationship": "Outer",
                      "Parallel Aware": false,
                      "Index Name": "keyword_id_movie_keyword",
                      "Startup Cost": 0.0,
                      "Total Cost": 10483.5,
                      "Plan Rows": 500142,
                      "Plan Width": 0,
                      "Actual Startup Time": 46.569,
                      "Actual Total Time": 46.57,
                      "Actual Rows": 487199,
                      "Actual Loops": 1,
                      "Index Cond": "(keyword_id > 36861)"
                    }
                  ]
                }
              ]
            }
          ]
        }
      ]
    },
    "Planning Time": 0.153,
    "Triggers": [],
    "Execution Time": 140.652
  }
]