[
    {
        "Bao": {
            "Bao prediction": "NaN",
            "Bao recommended hint": "(no hint)"
        }
    },
    {
        "Plan": {
            "Node Type": "Aggregate",
            "Strategy": "Plain",
            "Partial Mode": "Finalize",
            "Parallel Aware": false,
            "Startup Cost": 279664.69,
            "Total Cost": 279664.7,
            "Plan Rows": 1,
            "Plan Width": 8,
            "Actual Startup Time": 96.772,
            "Actual Total Time": 99.748,
            "Actual Rows": 1,
            "Actual Loops": 1,
            "Output": [
                "count(*)"
            ],
            "Plans": [
                {
                    "Node Type": "Gather",
                    "Parent Relationship": "Outer",
                    "Parallel Aware": false,
                    "Startup Cost": 279664.06,
                    "Total Cost": 279664.67,
                    "Plan Rows": 6,
                    "Plan Width": 8,
                    "Actual Startup Time": 96.446,
                    "Actual Total Time": 99.739,
                    "Actual Rows": 7,
                    "Actual Loops": 1,
                    "Output": [
                        "(PARTIAL count(*))"
                    ],
                    "Workers Planned": 6,
                    "Workers Launched": 6,
                    "Single Copy": false,
                    "Plans": [
                        {
                            "Node Type": "Aggregate",
                            "Strategy": "Plain",
                            "Partial Mode": "Partial",
                            "Parent Relationship": "Outer",
                            "Parallel Aware": false,
                            "Startup Cost": 278664.06,
                            "Total Cost": 278664.07,
                            "Plan Rows": 1,
                            "Plan Width": 8,
                            "Actual Startup Time": 86.215,
                            "Actual Total Time": 86.216,
                            "Actual Rows": 1,
                            "Actual Loops": 7,
                            "Output": [
                                "PARTIAL count(*)"
                            ],
                            "Workers": [
                                {
                                    "Worker Number": 0,
                                    "Actual Startup Time": 83.705,
                                    "Actual Total Time": 83.707,
                                    "Actual Rows": 1,
                                    "Actual Loops": 1
                                },
                                {
                                    "Worker Number": 1,
                                    "Actual Startup Time": 84.375,
                                    "Actual Total Time": 84.376,
                                    "Actual Rows": 1,
                                    "Actual Loops": 1
                                },
                                {
                                    "Worker Number": 2,
                                    "Actual Startup Time": 84.423,
                                    "Actual Total Time": 84.425,
                                    "Actual Rows": 1,
                                    "Actual Loops": 1
                                },
                                {
                                    "Worker Number": 3,
                                    "Actual Startup Time": 84.743,
                                    "Actual Total Time": 84.744,
                                    "Actual Rows": 1,
                                    "Actual Loops": 1
                                },
                                {
                                    "Worker Number": 4,
                                    "Actual Startup Time": 84.888,
                                    "Actual Total Time": 84.89,
                                    "Actual Rows": 1,
                                    "Actual Loops": 1
                                },
                                {
                                    "Worker Number": 5,
                                    "Actual Startup Time": 85.485,
                                    "Actual Total Time": 85.486,
                                    "Actual Rows": 1,
                                    "Actual Loops": 1
                                }
                            ],
                            "Plans": [
                                {
                                    "Node Type": "Bitmap Heap Scan",
                                    "Parent Relationship": "Outer",
                                    "Parallel Aware": true,
                                    "Relation Name": "cast_info",
                                    "Schema": "public",
                                    "Alias": "ci",
                                    "Startup Cost": 23334.99,
                                    "Total Cost": 278223.72,
                                    "Plan Rows": 176138,
                                    "Plan Width": 0,
                                    "Actual Startup Time": 31.616,
                                    "Actual Total Time": 75.14,
                                    "Actual Rows": 154556,
                                    "Actual Loops": 7,
                                    "Recheck Cond": "(ci.person_id < 110604)",
                                    "Rows Removed by Index Recheck": 0,
                                    "Exact Heap Blocks": 3409,
                                    "Lossy Heap Blocks": 0,
                                    "Workers": [
                                        {
                                            "Worker Number": 0,
                                            "Actual Startup Time": 29.476,
                                            "Actual Total Time": 73.13,
                                            "Actual Rows": 121782,
                                            "Actual Loops": 1
                                        },
                                        {
                                            "Worker Number": 1,
                                            "Actual Startup Time": 30.065,
                                            "Actual Total Time": 73.976,
                                            "Actual Rows": 115406,
                                            "Actual Loops": 1
                                        },
                                        {
                                            "Worker Number": 2,
                                            "Actual Startup Time": 29.754,
                                            "Actual Total Time": 73.809,
                                            "Actual Rows": 117192,
                                            "Actual Loops": 1
                                        },
                                        {
                                            "Worker Number": 3,
                                            "Actual Startup Time": 30.217,
                                            "Actual Total Time": 74.022,
                                            "Actual Rows": 122258,
                                            "Actual Loops": 1
                                        },
                                        {
                                            "Worker Number": 4,
                                            "Actual Startup Time": 30.192,
                                            "Actual Total Time": 74.009,
                                            "Actual Rows": 126098,
                                            "Actual Loops": 1
                                        },
                                        {
                                            "Worker Number": 5,
                                            "Actual Startup Time": 30.763,
                                            "Actual Total Time": 74.95,
                                            "Actual Rows": 116717,
                                            "Actual Loops": 1
                                        }
                                    ],
                                    "Plans": [
                                        {
                                            "Node Type": "Bitmap Index Scan",
                                            "Parent Relationship": "Outer",
                                            "Parallel Aware": false,
                                            "Index Name": "person_id_cast_info",
                                            "Startup Cost": 0.0,
                                            "Total Cost": 23070.78,
                                            "Plan Rows": 1056829,
                                            "Plan Width": 0,
                                            "Actual Startup Time": 39.253,
                                            "Actual Total Time": 39.253,
                                            "Actual Rows": 1081894,
                                            "Actual Loops": 1,
                                            "Index Cond": "(ci.person_id < 110604)"
                                        }
                                    ]
                                }
                            ]
                        }
                    ]
                }
            ]
        },
        "Planning Time": 175.195,
        "Triggers": [],
        "Execution Time": 99.913
    }
]