[
  {
    "Plan": {
      "Node Type": "Aggregate",
      "Strategy": "Plain",
      "Partial Mode": "Finalize",
      "Parallel Aware": false,
      "Startup Cost": 46419.41,
      "Total Cost": 46419.42,
      "Plan Rows": 1,
      "Plan Width": 8,
      "Actual Startup Time": 119.827,
      "Actual Total Time": 130.962,
      "Actual Rows": 1,
      "Actual Loops": 1,
      "Plans": [
        {
          "Node Type": "Gather",
          "Parent Relationship": "Outer",
          "Parallel Aware": false,
          "Startup Cost": 46418.99,
          "Total Cost": 46419.4,
          "Plan Rows": 4,
          "Plan Width": 8,
          "Actual Startup Time": 119.617,
          "Actual Total Time": 130.949,
          "Actual Rows": 5,
          "Actual Loops": 1,
          "Workers Planned": 4,
          "Workers Launched": 4,
          "Single Copy": false,
          "Plans": [
            {
              "Node Type": "Aggregate",
              "Strategy": "Plain",
              "Partial Mode": "Partial",
              "Parent Relationship": "Outer",
              "Parallel Aware": false,
              "Startup Cost": 45418.99,
              "Total Cost": 45419.0,
              "Plan Rows": 1,
              "Plan Width": 8,
              "Actual Startup Time": 114.366,
              "Actual Total Time": 114.367,
              "Actual Rows": 1,
              "Actual Loops": 5,
              "Plans": [
                {
                  "Node Type": "Seq Scan",
                  "Parent Relationship": "Outer",
                  "Parallel Aware": true,
                  "Relation Name": "title",
                  "Alias": "t",
                  "Startup Cost": 0.0,
                  "Total Cost": 43899.32,
                  "Plan Rows": 607866,
                  "Plan Width": 0,
                  "Actual Startup Time": 0.027,
                  "Actual Total Time": 91.27,
                  "Actual Rows": 486342,
                  "Actual Loops": 5,
                  "Filter": "(production_year > 1909)",
                  "Rows Removed by Filter": 19320
                }
              ]
            }
          ]
        }
      ]
    },
    "Planning Time": 0.099,
    "Triggers": [],
    "Execution Time": 130.999
  }
]