[
  {
    "Plan": {
      "Node Type": "Aggregate",
      "Strategy": "Plain",
      "Partial Mode": "Finalize",
      "Parallel Aware": false,
      "Startup Cost": 46421.94,
      "Total Cost": 46421.95,
      "Plan Rows": 1,
      "Plan Width": 8,
      "Actual Startup Time": 144.133,
      "Actual Total Time": 155.678,
      "Actual Rows": 1,
      "Actual Loops": 1,
      "Plans": [
        {
          "Node Type": "Gather",
          "Parent Relationship": "Outer",
          "Parallel Aware": false,
          "Startup Cost": 46421.52,
          "Total Cost": 46421.93,
          "Plan Rows": 4,
          "Plan Width": 8,
          "Actual Startup Time": 144.003,
          "Actual Total Time": 155.669,
          "Actual Rows": 5,
          "Actual Loops": 1,
          "Workers Planned": 4,
          "Workers Launched": 4,
          "Single Copy": false,
          "Plans": [
            {
              "Node Type": "Aggregate",
              "Strategy": "Plain",
              "Partial Mode": "Partial",
              "Parent Relationship": "Outer",
              "Parallel Aware": false,
              "Startup Cost": 45421.52,
              "Total Cost": 45421.53,
              "Plan Rows": 1,
              "Plan Width": 8,
              "Actual Startup Time": 135.025,
              "Actual Total Time": 135.027,
              "Actual Rows": 1,
              "Actual Loops": 5,
              "Plans": [
                {
                  "Node Type": "Seq Scan",
                  "Parent Relationship": "Outer",
                  "Parallel Aware": true,
                  "Relation Name": "title",
                  "Alias": "t",
                  "Startup Cost": 0.0,
                  "Total Cost": 43898.92,
                  "Plan Rows": 609043,
                  "Plan Width": 0,
                  "Actual Startup Time": 0.042,
                  "Actual Total Time": 107.154,
                  "Actual Rows": 486342,
                  "Actual Loops": 5,
                  "Filter": "(production_year > 1909)",
                  "Rows Removed by Filter": 19320
                }
              ]
            }
          ]
        }
      ]
    },
    "Planning Time": 0.131,
    "Triggers": [],
    "Execution Time": 155.735
  }
]