[
  {
    "Plan": {
      "Node Type": "Aggregate",
      "Strategy": "Plain",
      "Partial Mode": "Finalize",
      "Parallel Aware": false,
      "Startup Cost": 33110.11,
      "Total Cost": 33110.12,
      "Plan Rows": 1,
      "Plan Width": 8,
      "Actual Startup Time": 94.652,
      "Actual Total Time": 102.259,
      "Actual Rows": 1,
      "Actual Loops": 1,
      "Plans": [
        {
          "Node Type": "Gather",
          "Parent Relationship": "Outer",
          "Parallel Aware": false,
          "Startup Cost": 33109.8,
          "Total Cost": 33110.11,
          "Plan Rows": 3,
          "Plan Width": 8,
          "Actual Startup Time": 94.554,
          "Actual Total Time": 102.251,
          "Actual Rows": 4,
          "Actual Loops": 1,
          "Workers Planned": 3,
          "Workers Launched": 3,
          "Single Copy": false,
          "Plans": [
            {
              "Node Type": "Aggregate",
              "Strategy": "Plain",
              "Partial Mode": "Partial",
              "Parent Relationship": "Outer",
              "Parallel Aware": false,
              "Startup Cost": 32109.8,
              "Total Cost": 32109.81,
              "Plan Rows": 1,
              "Plan Width": 8,
              "Actual Startup Time": 87.696,
              "Actual Total Time": 87.698,
              "Actual Rows": 1,
              "Actual Loops": 4,
              "Plans": [
                {
                  "Node Type": "Seq Scan",
                  "Parent Relationship": "Outer",
                  "Parallel Aware": true,
                  "Relation Name": "movie_companies",
                  "Alias": "mc",
                  "Startup Cost": 0.0,
                  "Total Cost": 31414.82,
                  "Plan Rows": 277991,
                  "Plan Width": 0,
                  "Actual Startup Time": 47.968,
                  "Actual Total Time": 81.605,
                  "Actual Rows": 136478,
                  "Actual Loops": 4,
                  "Filter": "((company_id < 19966) AND (company_type_id = 2))",
                  "Rows Removed by Filter": 515805
                }
              ]
            }
          ]
        }
      ]
    },
    "Planning Time": 0.215,
    "Triggers": [],
    "Execution Time": 102.315
  }
]