{
  "Plan": {
    "Node Type": "Aggregate",
    "Strategy": "Plain",
    "Partial Mode": "Finalize",
    "Parallel Aware": false,
    "Startup Cost": 396456.33,
    "Total Cost": 396456.34,
    "Plan Rows": 1,
    "Plan Width": 8,
    "Actual Startup Time": 1637.982,
    "Actual Total Time": 1691.308,
    "Actual Rows": 1,
    "Actual Loops": 1,
    "Plans": [
      {
        "Node Type": "Gather",
        "Parent Relationship": "Outer",
        "Parallel Aware": false,
        "Startup Cost": 396456.22,
        "Total Cost": 396456.33,
        "Plan Rows": 1,
        "Plan Width": 8,
        "Actual Startup Time": 1635.576,
        "Actual Total Time": 1691.3,
        "Actual Rows": 2,
        "Actual Loops": 1,
        "Workers Planned": 1,
        "Workers Launched": 1,
        "Single Copy": false,
        "Plans": [
          {
            "Node Type": "Aggregate",
            "Strategy": "Plain",
            "Partial Mode": "Partial",
            "Parent Relationship": "Outer",
            "Parallel Aware": false,
            "Startup Cost": 395456.22,
            "Total Cost": 395456.23,
            "Plan Rows": 1,
            "Plan Width": 8,
            "Actual Startup Time": 1628.884,
            "Actual Total Time": 1628.89,
            "Actual Rows": 1,
            "Actual Loops": 2,
            "Plans": [
              {
                "Node Type": "Hash Join",
                "Parent Relationship": "Outer",
                "Parallel Aware": true,
                "Join Type": "Inner",
                "Startup Cost": 106175.54,
                "Total Cost": 394050.71,
                "Plan Rows": 562206,
                "Plan Width": 0,
                "Actual Startup Time": 569.29,
                "Actual Total Time": 1593.824,
                "Actual Rows": 845973,
                "Actual Loops": 2,
                "Inner Unique": false,
                "Hash Cond": "(mi.movie_id = t.id)",
                "Plans": [
                  {
                    "Node Type": "Seq Scan",
                    "Parent Relationship": "Outer",
                    "Parallel Aware": true,
                    "Relation Name": "movie_info",
                    "Alias": "mi",
                    "Startup Cost": 0.0,
                    "Total Cost": 270696.42,
                    "Plan Rows": 3699105,
                    "Plan Width": 4,
                    "Actual Startup Time": 33.604,
                    "Actual Total Time": 653.356,
                    "Actual Rows": 3111747,
                    "Actual Loops": 2,
                    "Filter": "(info_type_id > 8)",
                    "Rows Removed by Filter": 4306113
                  },
                  {
                    "Node Type": "Hash",
                    "Parent Relationship": "Inner",
                    "Parallel Aware": true,
                    "Startup Cost": 103350.09,
                    "Total Cost": 103350.09,
                    "Plan Rows": 226036,
                    "Plan Width": 8,
                    "Actual Startup Time": 530.157,
                    "Actual Total Time": 530.161,
                    "Actual Rows": 175788,
                    "Actual Loops": 2,
                    "Hash Buckets": 524288,
                    "Original Hash Buckets": 524288,
                    "Hash Batches": 1,
                    "Original Hash Batches": 1,
                    "Peak Memory Usage": 17888,
                    "Plans": [
                      {
                        "Node Type": "Hash Join",
                        "Parent Relationship": "Outer",
                        "Parallel Aware": true,
                        "Join Type": "Inner",
                        "Startup Cost": 41781.85,
                        "Total Cost": 103350.09,
                        "Plan Rows": 226036,
                        "Plan Width": 8,
                        "Actual Startup Time": 186.04,
                        "Actual Total Time": 491.899,
                        "Actual Rows": 175788,
                        "Actual Loops": 2,
                        "Inner Unique": false,
                        "Hash Cond": "(t.id = mc.movie_id)",
                        "Plans": [
                          {
                            "Node Type": "Seq Scan",
                            "Parent Relationship": "Outer",
                            "Parallel Aware": true,
                            "Relation Name": "title",
                            "Alias": "t",
                            "Startup Cost": 0.0,
                            "Total Cost": 54588.39,
                            "Plan Rows": 904038,
                            "Plan Width": 4,
                            "Actual Startup Time": 0.012,
                            "Actual Total Time": 137.619,
                            "Actual Rows": 771632,
                            "Actual Loops": 2,
                            "Filter": "(kind_id = 7)",
                            "Rows Removed by Filter": 492524
                          },
                          {
                            "Node Type": "Hash",
                            "Parent Relationship": "Inner",
                            "Parallel Aware": true,
                            "Startup Cost": 37133.71,
                            "Total Cost": 37133.71,
                            "Plan Rows": 371851,
                            "Plan Width": 4,
                            "Actual Startup Time": 179.098,
                            "Actual Total Time": 179.099,
                            "Actual Rows": 314108,
                            "Actual Loops": 2,
                            "Hash Buckets": 1048576,
                            "Original Hash Buckets": 1048576,
                            "Hash Batches": 1,
                            "Original Hash Batches": 1,
                            "Peak Memory Usage": 32800,
                            "Plans": [
                              {
                                "Node Type": "Bitmap Heap Scan",
                                "Parent Relationship": "Outer",
                                "Parallel Aware": true,
                                "Relation Name": "movie_companies",
                                "Alias": "mc",
                                "Startup Cost": 13695.57,
                                "Total Cost": 37133.71,
                                "Plan Rows": 371851,
                                "Plan Width": 4,
                                "Actual Startup Time": 34.455,
                                "Actual Total Time": 106.064,
                                "Actual Rows": 314108,
                                "Actual Loops": 2,
                                "Recheck Cond": "(company_id < 823)",
                                "Rows Removed by Index Recheck": 0,
                                "Exact Heap Blocks": 10860,
                                "Lossy Heap Blocks": 0,
                                "Plans": [
                                  {
                                    "Node Type": "Bitmap Index Scan",
                                    "Parent Relationship": "Outer",
                                    "Parallel Aware": false,
                                    "Index Name": "company_id_movie_companies",
                                    "Startup Cost": 0.0,
                                    "Total Cost": 13537.53,
                                    "Plan Rows": 632147,
                                    "Plan Width": 0,
                                    "Actual Startup Time": 31.624,
                                    "Actual Total Time": 31.624,
                                    "Actual Rows": 628215,
                                    "Actual Loops": 1,
                                    "Index Cond": "(company_id < 823)"
                                  }
                                ]
                              }
                            ]
                          }
                        ]
                      }
                    ]
                  }
                ]
              }
            ]
          }
        ]
      }
    ]
  },
  "Planning Time": 0.977,
  "Triggers": [],
  "Execution Time": 1691.476
}