[
  {
    "Plan": {
      "Node Type": "Aggregate",
      "Strategy": "Plain",
      "Partial Mode": "Finalize",
      "Parallel Aware": false,
      "Startup Cost": 243722.01,
      "Total Cost": 243722.02,
      "Plan Rows": 1,
      "Plan Width": 8,
      "Actual Startup Time": 789.585,
      "Actual Total Time": 839.853,
      "Actual Rows": 1,
      "Actual Loops": 1,
      "Plans": [
        {
          "Node Type": "Gather",
          "Parent Relationship": "Outer",
          "Parallel Aware": false,
          "Startup Cost": 243721.59,
          "Total Cost": 243722.0,
          "Plan Rows": 4,
          "Plan Width": 8,
          "Actual Startup Time": 789.119,
          "Actual Total Time": 839.837,
          "Actual Rows": 5,
          "Actual Loops": 1,
          "Workers Planned": 4,
          "Workers Launched": 4,
          "Single Copy": false,
          "Plans": [
            {
              "Node Type": "Aggregate",
              "Strategy": "Plain",
              "Partial Mode": "Partial",
              "Parent Relationship": "Outer",
              "Parallel Aware": false,
              "Startup Cost": 242721.59,
              "Total Cost": 242721.6,
              "Plan Rows": 1,
              "Plan Width": 8,
              "Actual Startup Time": 780.398,
              "Actual Total Time": 780.4,
              "Actual Rows": 1,
              "Actual Loops": 5,
              "Plans": [
                {
                  "Node Type": "Nested Loop",
                  "Parent Relationship": "Outer",
                  "Parallel Aware": false,
                  "Join Type": "Inner",
                  "Startup Cost": 1.0,
                  "Total Cost": 242219.1,
                  "Plan Rows": 200995,
                  "Plan Width": 0,
                  "Actual Startup Time": 57.207,
                  "Actual Total Time": 728.52,
                  "Actual Rows": 1072110,
                  "Actual Loops": 5,
                  "Inner Unique": false,
                  "Join Filter": "(t.id = ci.movie_id)",
                  "Rows Removed by Join Filter": 0,
                  "Plans": [
                    {
                      "Node Type": "Nested Loop",
                      "Parent Relationship": "Outer",
                      "Parallel Aware": false,
                      "Join Type": "Inner",
                      "Startup Cost": 0.43,
                      "Total Cost": 218132.59,
                      "Plan Rows": 14019,
                      "Plan Width": 8,
                      "Actual Startup Time": 57.109,
                      "Actual Total Time": 124.042,
                      "Actual Rows": 16800,
                      "Actual Loops": 5,
                      "Inner Unique": false,
                      "Plans": [
                        {
                          "Node Type": "Seq Scan",
                          "Parent Relationship": "Outer",
                          "Parallel Aware": true,
                          "Relation Name": "title",
                          "Alias": "t",
                          "Startup Cost": 0.0,
                          "Total Cost": 45479.59,
                          "Plan Rows": 2388,
                          "Plan Width": 4,
                          "Actual Startup Time": 56.979,
                          "Actual Total Time": 79.318,
                          "Actual Rows": 1117,
                          "Actual Loops": 5,
                          "Filter": "((kind_id = 1) AND (production_year = 1995))",
                          "Rows Removed by Filter": 504545
                        },
                        {
                          "Node Type": "Index Only Scan",
                          "Parent Relationship": "Inner",
                          "Parallel Aware": false,
                          "Scan Direction": "Forward",
                          "Index Name": "movie_id_movie_info",
                          "Relation Name": "movie_info",
                          "Alias": "mi",
                          "Startup Cost": 0.43,
                          "Total Cost": 71.89,
                          "Plan Rows": 41,
                          "Plan Width": 4,
                          "Actual Startup Time": 0.012,
                          "Actual Total Time": 0.038,
                          "Actual Rows": 15,
                          "Actual Loops": 5587,
                          "Index Cond": "(movie_id = t.id)",
                          "Rows Removed by Index Recheck": 0,
                          "Heap Fetches": 84002
                        }
                      ]
                    },
                    {
                      "Node Type": "Index Only Scan",
                      "Parent Relationship": "Inner",
                      "Parallel Aware": false,
                      "Scan Direction": "Forward",
                      "Index Name": "movie_id_cast_info",
                      "Relation Name": "cast_info",
                      "Alias": "ci",
                      "Startup Cost": 0.56,
                      "Total Cost": 1.28,
                      "Plan Rows": 35,
                      "Plan Width": 4,
                      "Actual Startup Time": 0.005,
                      "Actual Total Time": 0.03,
                      "Actual Rows": 64,
                      "Actual Loops": 84002,
                      "Index Cond": "(movie_id = mi.movie_id)",
                      "Rows Removed by Index Recheck": 0,
                      "Heap Fetches": 5360551
                    }
                  ]
                }
              ]
            }
          ]
        }
      ]
    },
    "Planning Time": 1.318,
    "Triggers": [],
    "Execution Time": 839.95
  }
]