[
  {
    "Plan": {
      "Node Type": "Aggregate",
      "Strategy": "Plain",
      "Partial Mode": "Finalize",
      "Parallel Aware": false,
      "Startup Cost": 376007.2,
      "Total Cost": 376007.21,
      "Plan Rows": 1,
      "Plan Width": 8,
      "Actual Startup Time": 510.473,
      "Actual Total Time": 589.568,
      "Actual Rows": 1,
      "Actual Loops": 1,
      "Plans": [
        {
          "Node Type": "Gather",
          "Parent Relationship": "Outer",
          "Parallel Aware": false,
          "Startup Cost": 376006.78,
          "Total Cost": 376007.19,
          "Plan Rows": 4,
          "Plan Width": 8,
          "Actual Startup Time": 509.979,
          "Actual Total Time": 589.558,
          "Actual Rows": 5,
          "Actual Loops": 1,
          "Workers Planned": 4,
          "Workers Launched": 4,
          "Single Copy": false,
          "Plans": [
            {
              "Node Type": "Aggregate",
              "Strategy": "Plain",
              "Partial Mode": "Partial",
              "Parent Relationship": "Outer",
              "Parallel Aware": false,
              "Startup Cost": 375006.78,
              "Total Cost": 375006.79,
              "Plan Rows": 1,
              "Plan Width": 8,
              "Actual Startup Time": 501.769,
              "Actual Total Time": 501.771,
              "Actual Rows": 1,
              "Actual Loops": 5,
              "Plans": [
                {
                  "Node Type": "Nested Loop",
                  "Parent Relationship": "Outer",
                  "Parallel Aware": false,
                  "Join Type": "Inner",
                  "Startup Cost": 0.56,
                  "Total Cost": 374619.82,
                  "Plan Rows": 154785,
                  "Plan Width": 0,
                  "Actual Startup Time": 0.299,
                  "Actual Total Time": 494.228,
                  "Actual Rows": 128525,
                  "Actual Loops": 5,
                  "Inner Unique": false,
                  "Plans": [
                    {
                      "Node Type": "Seq Scan",
                      "Parent Relationship": "Outer",
                      "Parallel Aware": true,
                      "Relation Name": "title",
                      "Alias": "t",
                      "Startup Cost": 0.0,
                      "Total Cost": 43898.92,
                      "Plan Rows": 16476,
                      "Plan Width": 4,
                      "Actual Startup Time": 0.055,
                      "Actual Total Time": 60.47,
                      "Actual Rows": 12765,
                      "Actual Loops": 5,
                      "Filter": "(production_year = 2013)",
                      "Rows Removed by Filter": 492897
                    },
                    {
                      "Node Type": "Index Scan",
                      "Parent Relationship": "Inner",
                      "Parallel Aware": false,
                      "Scan Direction": "Forward",
                      "Index Name": "movie_id_cast_info",
                      "Relation Name": "cast_info",
                      "Alias": "ci",
                      "Startup Cost": 0.56,
                      "Total Cost": 19.83,
                      "Plan Rows": 24,
                      "Plan Width": 4,
                      "Actual Startup Time": 0.016,
                      "Actual Total Time": 0.033,
                      "Actual Rows": 10,
                      "Actual Loops": 63827,
                      "Index Cond": "(movie_id = t.id)",
                      "Rows Removed by Index Recheck": 0,
                      "Filter": "(role_id > 1)",
                      "Rows Removed by Filter": 5
                    }
                  ]
                }
              ]
            }
          ]
        }
      ]
    },
    "Planning Time": 0.621,
    "Triggers": [],
    "Execution Time": 589.671
  }
]