[
  {
    "Plan": {
      "Node Type": "Aggregate",
      "Strategy": "Plain",
      "Partial Mode": "Finalize",
      "Parallel Aware": false,
      "Startup Cost": 116571.07,
      "Total Cost": 116571.08,
      "Plan Rows": 1,
      "Plan Width": 8,
      "Actual Startup Time": 427.164,
      "Actual Total Time": 465.248,
      "Actual Rows": 1,
      "Actual Loops": 1,
      "Plans": [
        {
          "Node Type": "Gather",
          "Parent Relationship": "Outer",
          "Parallel Aware": false,
          "Startup Cost": 116570.75,
          "Total Cost": 116571.06,
          "Plan Rows": 3,
          "Plan Width": 8,
          "Actual Startup Time": 426.479,
          "Actual Total Time": 465.236,
          "Actual Rows": 4,
          "Actual Loops": 1,
          "Workers Planned": 3,
          "Workers Launched": 3,
          "Single Copy": false,
          "Plans": [
            {
              "Node Type": "Aggregate",
              "Strategy": "Plain",
              "Partial Mode": "Partial",
              "Parent Relationship": "Outer",
              "Parallel Aware": false,
              "Startup Cost": 115570.75,
              "Total Cost": 115570.76,
              "Plan Rows": 1,
              "Plan Width": 8,
              "Actual Startup Time": 420.533,
              "Actual Total Time": 420.537,
              "Actual Rows": 1,
              "Actual Loops": 4,
              "Plans": [
                {
                  "Node Type": "Nested Loop",
                  "Parent Relationship": "Outer",
                  "Parallel Aware": false,
                  "Join Type": "Inner",
                  "Startup Cost": 44273.83,
                  "Total Cost": 115327.26,
                  "Plan Rows": 97396,
                  "Plan Width": 0,
                  "Actual Startup Time": 147.248,
                  "Actual Total Time": 410.912,
                  "Actual Rows": 162454,
                  "Actual Loops": 4,
                  "Inner Unique": false,
                  "Join Filter": "(t.id = mi.movie_id)",
                  "Rows Removed by Join Filter": 0,
                  "Plans": [
                    {
                      "Node Type": "Hash Join",
                      "Parent Relationship": "Outer",
                      "Parallel Aware": true,
                      "Join Type": "Inner",
                      "Startup Cost": 44273.4,
                      "Total Cost": 74503.8,
                      "Plan Rows": 16587,
                      "Plan Width": 8,
                      "Actual Startup Time": 147.119,
                      "Actual Total Time": 237.555,
                      "Actual Rows": 7104,
                      "Actual Loops": 4,
                      "Inner Unique": true,
                      "Hash Cond": "(mc.movie_id = t.id)",
                      "Plans": [
                        {
                          "Node Type": "Seq Scan",
                          "Parent Relationship": "Outer",
                          "Parallel Aware": true,
                          "Relation Name": "movie_companies",
                          "Alias": "mc",
                          "Startup Cost": 0.0,
                          "Total Cost": 29310.68,
                          "Plan Rows": 350370,
                          "Plan Width": 4,
                          "Actual Startup Time": 0.011,
                          "Actual Total Time": 75.344,
                          "Actual Rows": 272973,
                          "Actual Loops": 4,
                          "Filter": "(company_id < 7314)",
                          "Rows Removed by Filter": 379309
                        },
                        {
                          "Node Type": "Hash",
                          "Parent Relationship": "Inner",
                          "Parallel Aware": true,
                          "Startup Cost": 43899.32,
                          "Total Cost": 43899.32,
                          "Plan Rows": 29926,
                          "Plan Width": 4,
                          "Actual Startup Time": 116.022,
                          "Actual Total Time": 116.023,
                          "Actual Rows": 32581,
                          "Actual Loops": 4,
                          "Hash Buckets": 131072,
                          "Original Hash Buckets": 131072,
                          "Hash Batches": 1,
                          "Original Hash Batches": 1,
                          "Peak Memory Usage": 6176,
                          "Plans": [
                            {
                              "Node Type": "Seq Scan",
                              "Parent Relationship": "Outer",
                              "Parallel Aware": true,
                              "Relation Name": "title",
                              "Alias": "t",
                              "Startup Cost": 0.0,
                              "Total Cost": 43899.32,
                              "Plan Rows": 29926,
                              "Plan Width": 4,
                              "Actual Startup Time": 54.805,
                              "Actual Total Time": 104.302,
                              "Actual Rows": 32581,
                              "Actual Loops": 4,
                              "Filter": "(production_year < 1936)",
                              "Rows Removed by Filter": 599497
                            }
                          ]
                        }
                      ]
                    },
                    {
                      "Node Type": "Index Only Scan",
                      "Parent Relationship": "Inner",
                      "Parallel Aware": false,
                      "Scan Direction": "Forward",
                      "Index Name": "movie_id_movie_info",
                      "Relation Name": "movie_info",
                      "Alias": "mi",
                      "Startup Cost": 0.43,
                      "Total Cost": 1.95,
                      "Plan Rows": 41,
                      "Plan Width": 4,
                      "Actual Startup Time": 0.007,
                      "Actual Total Time": 0.022,
                      "Actual Rows": 23,
                      "Actual Loops": 28416,
                      "Index Cond": "(movie_id = mc.movie_id)",
                      "Rows Removed by Index Recheck": 0,
                      "Heap Fetches": 649815
                    }
                  ]
                }
              ]
            }
          ]
        }
      ]
    },
    "Planning Time": 1.519,
    "Triggers": [],
    "Execution Time": 465.347
  }
]