[
  {
    "Plan": {
      "Node Type": "Aggregate",
      "Strategy": "Plain",
      "Partial Mode": "Finalize",
      "Parallel Aware": false,
      "Startup Cost": 272280.34,
      "Total Cost": 272280.35,
      "Plan Rows": 1,
      "Plan Width": 8,
      "Actual Startup Time": 671.819,
      "Actual Total Time": 713.66,
      "Actual Rows": 1,
      "Actual Loops": 1,
      "Plans": [
        {
          "Node Type": "Gather",
          "Parent Relationship": "Outer",
          "Parallel Aware": false,
          "Startup Cost": 272279.81,
          "Total Cost": 272280.32,
          "Plan Rows": 5,
          "Plan Width": 8,
          "Actual Startup Time": 667.439,
          "Actual Total Time": 713.648,
          "Actual Rows": 6,
          "Actual Loops": 1,
          "Workers Planned": 5,
          "Workers Launched": 5,
          "Single Copy": false,
          "Plans": [
            {
              "Node Type": "Aggregate",
              "Strategy": "Plain",
              "Partial Mode": "Partial",
              "Parent Relationship": "Outer",
              "Parallel Aware": false,
              "Startup Cost": 271279.81,
              "Total Cost": 271279.82,
              "Plan Rows": 1,
              "Plan Width": 8,
              "Actual Startup Time": 655.671,
              "Actual Total Time": 655.761,
              "Actual Rows": 1,
              "Actual Loops": 6,
              "Plans": [
                {
                  "Node Type": "Hash Join",
                  "Parent Relationship": "Outer",
                  "Parallel Aware": true,
                  "Join Type": "Inner",
                  "Startup Cost": 63527.82,
                  "Total Cost": 270768.03,
                  "Plan Rows": 204713,
                  "Plan Width": 0,
                  "Actual Startup Time": 199.184,
                  "Actual Total Time": 650.846,
                  "Actual Rows": 120432,
                  "Actual Loops": 6,
                  "Inner Unique": false,
                  "Hash Cond": "(mi.movie_id = t.id)",
                  "Plans": [
                    {
                      "Node Type": "Seq Scan",
                      "Parent Relationship": "Outer",
                      "Parallel Aware": true,
                      "Relation Name": "movie_info",
                      "Alias": "mi",
                      "Startup Cost": 0.0,
                      "Total Cost": 198952.16,
                      "Plan Rows": 1982687,
                      "Plan Width": 4,
                      "Actual Startup Time": 15.961,
                      "Actual Total Time": 324.417,
                      "Actual Rows": 1651959,
                      "Actual Loops": 6,
                      "Filter": "(info_type_id > 4)",
                      "Rows Removed by Filter": 820661
                    },
                    {
                      "Node Type": "Hash",
                      "Parent Relationship": "Inner",
                      "Parallel Aware": true,
                      "Startup Cost": 62168.2,
                      "Total Cost": 62168.2,
                      "Plan Rows": 108770,
                      "Plan Width": 8,
                      "Actual Startup Time": 181.13,
                      "Actual Total Time": 181.219,
                      "Actual Rows": 19309,
                      "Actual Loops": 6,
                      "Hash Buckets": 262144,
                      "Original Hash Buckets": 262144,
                      "Hash Batches": 1,
                      "Original Hash Batches": 1,
                      "Peak Memory Usage": 6720,
                      "Plans": [
                        {
                          "Node Type": "Hash Join",
                          "Parent Relationship": "Outer",
                          "Parallel Aware": true,
                          "Join Type": "Inner",
                          "Startup Cost": 46973.64,
                          "Total Cost": 62168.2,
                          "Plan Rows": 108770,
                          "Plan Width": 8,
                          "Actual Startup Time": 121.511,
                          "Actual Total Time": 175.778,
                          "Actual Rows": 19309,
                          "Actual Loops": 6,
                          "Inner Unique": true,
                          "Hash Cond": "(mi_idx.movie_id = t.id)",
                          "Plans": [
                            {
                              "Node Type": "Seq Scan",
                              "Parent Relationship": "Outer",
                              "Parallel Aware": true,
                              "Relation Name": "movie_info_idx",
                              "Alias": "mi_idx",
                              "Startup Cost": 0.0,
                              "Total Cost": 13685.15,
                              "Plan Rows": 575015,
                              "Plan Width": 4,
                              "Actual Startup Time": 0.032,
                              "Actual Total Time": 20.013,
                              "Actual Rows": 230006,
                              "Actual Loops": 6
                            },
                            {
                              "Node Type": "Hash",
                              "Parent Relationship": "Inner",
                              "Parallel Aware": true,
                              "Startup Cost": 45479.1,
                              "Total Cost": 45479.1,
                              "Plan Rows": 119563,
                              "Plan Width": 4,
                              "Actual Startup Time": 119.752,
                              "Actual Total Time": 119.753,
                              "Actual Rows": 86388,
                              "Actual Loops": 6,
                              "Hash Buckets": 524288,
                              "Original Hash Buckets": 524288,
                              "Hash Batches": 1,
                              "Original Hash Batches": 1,
                              "Peak Memory Usage": 24448,
                              "Plans": [
                                {
                                  "Node Type": "Seq Scan",
                                  "Parent Relationship": "Outer",
                                  "Parallel Aware": true,
                                  "Relation Name": "title",
                                  "Alias": "t",
                                  "Startup Cost": 0.0,
                                  "Total Cost": 45479.1,
                                  "Plan Rows": 119563,
                                  "Plan Width": 4,
                                  "Actual Startup Time": 0.038,
                                  "Actual Total Time": 81.457,
                                  "Actual Rows": 86388,
                                  "Actual Loops": 6,
                                  "Filter": "((production_year > 2007) AND (kind_id = 7))",
                                  "Rows Removed by Filter": 334998
                                }
                              ]
                            }
                          ]
                        }
                      ]
                    }
                  ]
                }
              ]
            }
          ]
        }
      ]
    },
    "Planning Time": 1.401,
    "Triggers": [],
    "Execution Time": 713.804
  }
]