[
  {
    "Plan": {
      "Node Type": "Aggregate",
      "Strategy": "Plain",
      "Partial Mode": "Finalize",
      "Parallel Aware": false,
      "Startup Cost": 52390.55,
      "Total Cost": 52390.56,
      "Plan Rows": 1,
      "Plan Width": 8,
      "Actual Startup Time": 102.986,
      "Actual Total Time": 116.082,
      "Actual Rows": 1,
      "Actual Loops": 1,
      "Plans": [
        {
          "Node Type": "Gather",
          "Parent Relationship": "Outer",
          "Parallel Aware": false,
          "Startup Cost": 52390.13,
          "Total Cost": 52390.54,
          "Plan Rows": 4,
          "Plan Width": 8,
          "Actual Startup Time": 102.798,
          "Actual Total Time": 116.074,
          "Actual Rows": 5,
          "Actual Loops": 1,
          "Workers Planned": 4,
          "Workers Launched": 4,
          "Single Copy": false,
          "Plans": [
            {
              "Node Type": "Aggregate",
              "Strategy": "Plain",
              "Partial Mode": "Partial",
              "Parent Relationship": "Outer",
              "Parallel Aware": false,
              "Startup Cost": 51390.13,
              "Total Cost": 51390.14,
              "Plan Rows": 1,
              "Plan Width": 8,
              "Actual Startup Time": 93.09,
              "Actual Total Time": 93.092,
              "Actual Rows": 1,
              "Actual Loops": 5,
              "Plans": [
                {
                  "Node Type": "Nested Loop",
                  "Parent Relationship": "Outer",
                  "Parallel Aware": false,
                  "Join Type": "Inner",
                  "Startup Cost": 0.43,
                  "Total Cost": 51388.99,
                  "Plan Rows": 453,
                  "Plan Width": 0,
                  "Actual Startup Time": 25.855,
                  "Actual Total Time": 93.078,
                  "Actual Rows": 12,
                  "Actual Loops": 5,
                  "Inner Unique": false,
                  "Plans": [
                    {
                      "Node Type": "Seq Scan",
                      "Parent Relationship": "Outer",
                      "Parallel Aware": true,
                      "Relation Name": "title",
                      "Alias": "t",
                      "Startup Cost": 0.0,
                      "Total Cost": 45479.59,
                      "Plan Rows": 647,
                      "Plan Width": 4,
                      "Actual Startup Time": 1.657,
                      "Actual Total Time": 91.556,
                      "Actual Rows": 60,
                      "Actual Loops": 5,
                      "Filter": "((kind_id > 1) AND (production_year > 2013))",
                      "Rows Removed by Filter": 505603
                    },
                    {
                      "Node Type": "Index Scan",
                      "Parent Relationship": "Inner",
                      "Parallel Aware": false,
                      "Scan Direction": "Forward",
                      "Index Name": "movie_id_movie_keyword",
                      "Relation Name": "movie_keyword",
                      "Alias": "mk",
                      "Startup Cost": 0.43,
                      "Total Cost": 8.95,
                      "Plan Rows": 18,
                      "Plan Width": 4,
                      "Actual Startup Time": 0.024,
                      "Actual Total Time": 0.024,
                      "Actual Rows": 0,
                      "Actual Loops": 298,
                      "Index Cond": "(movie_id = t.id)",
                      "Rows Removed by Index Recheck": 0,
                      "Filter": "(keyword_id > 7924)",
                      "Rows Removed by Filter": 0
                    }
                  ]
                }
              ]
            }
          ]
        }
      ]
    },
    "Planning Time": 0.406,
    "Triggers": [],
    "Execution Time": 116.13
  }
]