[
  {
    "Plan": {
      "Node Type": "Aggregate",
      "Strategy": "Plain",
      "Partial Mode": "Finalize",
      "Parallel Aware": false,
      "Startup Cost": 553041.75,
      "Total Cost": 553041.76,
      "Plan Rows": 1,
      "Plan Width": 8,
      "Actual Startup Time": 2221.31,
      "Actual Total Time": 2282.163,
      "Actual Rows": 1,
      "Actual Loops": 1,
      "Plans": [
        {
          "Node Type": "Gather",
          "Parent Relationship": "Outer",
          "Parallel Aware": false,
          "Startup Cost": 553041.23,
          "Total Cost": 553041.74,
          "Plan Rows": 5,
          "Plan Width": 8,
          "Actual Startup Time": 2179.506,
          "Actual Total Time": 2282.141,
          "Actual Rows": 6,
          "Actual Loops": 1,
          "Workers Planned": 5,
          "Workers Launched": 5,
          "Single Copy": false,
          "Plans": [
            {
              "Node Type": "Aggregate",
              "Strategy": "Plain",
              "Partial Mode": "Partial",
              "Parent Relationship": "Outer",
              "Parallel Aware": false,
              "Startup Cost": 552041.23,
              "Total Cost": 552041.24,
              "Plan Rows": 1,
              "Plan Width": 8,
              "Actual Startup Time": 2171.505,
              "Actual Total Time": 2171.713,
              "Actual Rows": 1,
              "Actual Loops": 6,
              "Plans": [
                {
                  "Node Type": "Hash Join",
                  "Parent Relationship": "Outer",
                  "Parallel Aware": true,
                  "Join Type": "Inner",
                  "Startup Cost": 344802.74,
                  "Total Cost": 549389.99,
                  "Plan Rows": 1060495,
                  "Plan Width": 0,
                  "Actual Startup Time": 803.201,
                  "Actual Total Time": 2045.608,
                  "Actual Rows": 2495613,
                  "Actual Loops": 6,
                  "Inner Unique": false,
                  "Hash Cond": "(mi.movie_id = t.id)",
                  "Plans": [
                    {
                      "Node Type": "Seq Scan",
                      "Parent Relationship": "Outer",
                      "Parallel Aware": true,
                      "Relation Name": "movie_info",
                      "Alias": "mi",
                      "Startup Cost": 0.0,
                      "Total Cost": 191685.19,
                      "Plan Rows": 2969219,
                      "Plan Width": 4,
                      "Actual Startup Time": 0.028,
                      "Actual Total Time": 346.189,
                      "Actual Rows": 2472620,
                      "Actual Loops": 6
                    },
                    {
                      "Node Type": "Hash",
                      "Parent Relationship": "Inner",
                      "Parallel Aware": true,
                      "Startup Cost": 342921.36,
                      "Total Cost": 342921.36,
                      "Plan Rows": 150510,
                      "Plan Width": 8,
                      "Actual Startup Time": 801.066,
                      "Actual Total Time": 801.273,
                      "Actual Rows": 199498,
                      "Actual Loops": 6,
                      "Hash Buckets": 2097152,
                      "Original Hash Buckets": 1048576,
                      "Hash Batches": 1,
                      "Original Hash Batches": 1,
                      "Peak Memory Usage": 71520,
                      "Plans": [
                        {
                          "Node Type": "Hash Join",
                          "Parent Relationship": "Outer",
                          "Parallel Aware": true,
                          "Join Type": "Inner",
                          "Startup Cost": 85791.13,
                          "Total Cost": 342921.36,
                          "Plan Rows": 150510,
                          "Plan Width": 8,
                          "Actual Startup Time": 443.9,
                          "Actual Total Time": 656.057,
                          "Actual Rows": 199498,
                          "Actual Loops": 6,
                          "Inner Unique": true,
                          "Hash Cond": "(ci.movie_id = t.id)",
                          "Plans": [
                            {
                              "Node Type": "Bitmap Heap Scan",
                              "Parent Relationship": "Outer",
                              "Parallel Aware": true,
                              "Relation Name": "cast_info",
                              "Alias": "ci",
                              "Startup Cost": 35570.75,
                              "Total Cost": 292305.89,
                              "Plan Rows": 150510,
                              "Plan Width": 4,
                              "Actual Startup Time": 113.373,
                              "Actual Total Time": 189.366,
                              "Actual Rows": 199498,
                              "Actual Loops": 6,
                              "Recheck Cond": "(person_id < 166250)",
                              "Rows Removed by Index Recheck": 0,
                              "Filter": "(role_id < 3)",
                              "Rows Removed by Filter": 78580,
                              "Exact Heap Blocks": 4232,
                              "Lossy Heap Blocks": 0,
                              "Plans": [
                                {
                                  "Node Type": "Bitmap Index Scan",
                                  "Parent Relationship": "Outer",
                                  "Parallel Aware": false,
                                  "Index Name": "person_id_cast_info",
                                  "Startup Cost": 0.0,
                                  "Total Cost": 35344.99,
                                  "Plan Rows": 1619256,
                                  "Plan Width": 0,
                                  "Actual Startup Time": 108.78,
                                  "Actual Total Time": 108.781,
                                  "Actual Rows": 1668462,
                                  "Actual Loops": 1,
                                  "Index Cond": "(person_id < 166250)"
                                }
                              ]
                            },
                            {
                              "Node Type": "Hash",
                              "Parent Relationship": "Inner",
                              "Parallel Aware": true,
                              "Startup Cost": 42319.06,
                              "Total Cost": 42319.06,
                              "Plan Rows": 632106,
                              "Plan Width": 4,
                              "Actual Startup Time": 325.222,
                              "Actual Total Time": 325.223,
                              "Actual Rows": 421385,
                              "Actual Loops": 6,
                              "Hash Buckets": 4194304,
                              "Original Hash Buckets": 4194304,
                              "Hash Batches": 1,
                              "Original Hash Batches": 1,
                              "Peak Memory Usage": 131776,
                              "Plans": [
                                {
                                  "Node Type": "Seq Scan",
                                  "Parent Relationship": "Outer",
                                  "Parallel Aware": true,
                                  "Relation Name": "title",
                                  "Alias": "t",
                                  "Startup Cost": 0.0,
                                  "Total Cost": 42319.06,
                                  "Plan Rows": 632106,
                                  "Plan Width": 4,
                                  "Actual Startup Time": 0.054,
                                  "Actual Total Time": 95.507,
                                  "Actual Rows": 421385,
                                  "Actual Loops": 6
                                }
                              ]
                            }
                          ]
                        }
                      ]
                    }
                  ]
                }
              ]
            }
          ]
        }
      ]
    },
    "Planning Time": 0.682,
    "Triggers": [],
    "Execution Time": 2282.232
  }
]