[
  {
    "Plan": {
      "Node Type": "Aggregate",
      "Strategy": "Plain",
      "Partial Mode": "Finalize",
      "Parallel Aware": false,
      "Startup Cost": 164781.13,
      "Total Cost": 164781.14,
      "Plan Rows": 1,
      "Plan Width": 8,
      "Actual Startup Time": 358.324,
      "Actual Total Time": 385.977,
      "Actual Rows": 1,
      "Actual Loops": 1,
      "Plans": [
        {
          "Node Type": "Gather",
          "Parent Relationship": "Outer",
          "Parallel Aware": false,
          "Startup Cost": 164780.61,
          "Total Cost": 164781.12,
          "Plan Rows": 5,
          "Plan Width": 8,
          "Actual Startup Time": 358.05,
          "Actual Total Time": 385.964,
          "Actual Rows": 6,
          "Actual Loops": 1,
          "Workers Planned": 5,
          "Workers Launched": 5,
          "Single Copy": false,
          "Plans": [
            {
              "Node Type": "Aggregate",
              "Strategy": "Plain",
              "Partial Mode": "Partial",
              "Parent Relationship": "Outer",
              "Parallel Aware": false,
              "Startup Cost": 163780.61,
              "Total Cost": 163780.62,
              "Plan Rows": 1,
              "Plan Width": 8,
              "Actual Startup Time": 347.625,
              "Actual Total Time": 347.628,
              "Actual Rows": 1,
              "Actual Loops": 6,
              "Plans": [
                {
                  "Node Type": "Hash Join",
                  "Parent Relationship": "Outer",
                  "Parallel Aware": true,
                  "Join Type": "Inner",
                  "Startup Cost": 45578.83,
                  "Total Cost": 163753.58,
                  "Plan Rows": 10812,
                  "Plan Width": 0,
                  "Actual Startup Time": 90.948,
                  "Actual Total Time": 346.889,
                  "Actual Rows": 8033,
                  "Actual Loops": 6,
                  "Inner Unique": true,
                  "Hash Cond": "(ci.movie_id = t.id)",
                  "Plans": [
                    {
                      "Node Type": "Index Scan",
                      "Parent Relationship": "Outer",
                      "Parallel Aware": true,
                      "Scan Direction": "Forward",
                      "Index Name": "role_id_cast_info",
                      "Relation Name": "cast_info",
                      "Alias": "ci",
                      "Startup Cost": 0.56,
                      "Total Cost": 115902.88,
                      "Plan Rows": 865691,
                      "Plan Width": 4,
                      "Actual Startup Time": 0.18,
                      "Actual Total Time": 163.808,
                      "Actual Rows": 720503,
                      "Actual Loops": 6,
                      "Index Cond": "(role_id = 10)",
                      "Rows Removed by Index Recheck": 0
                    },
                    {
                      "Node Type": "Hash",
                      "Parent Relationship": "Inner",
                      "Parallel Aware": true,
                      "Startup Cost": 45479.59,
                      "Total Cost": 45479.59,
                      "Plan Rows": 7894,
                      "Plan Width": 4,
                      "Actual Startup Time": 89.744,
                      "Actual Total Time": 89.745,
                      "Actual Rows": 2962,
                      "Actual Loops": 6,
                      "Hash Buckets": 32768,
                      "Original Hash Buckets": 32768,
                      "Hash Batches": 1,
                      "Original Hash Batches": 1,
                      "Peak Memory Usage": 1088,
                      "Plans": [
                        {
                          "Node Type": "Seq Scan",
                          "Parent Relationship": "Outer",
                          "Parallel Aware": true,
                          "Relation Name": "title",
                          "Alias": "t",
                          "Startup Cost": 0.0,
                          "Total Cost": 45479.59,
                          "Plan Rows": 7894,
                          "Plan Width": 4,
                          "Actual Startup Time": 56.508,
                          "Actual Total Time": 88.06,
                          "Actual Rows": 2962,
                          "Actual Loops": 6,
                          "Filter": "((kind_id = 1) AND (production_year = 2007))",
                          "Rows Removed by Filter": 418423
                        }
                      ]
                    }
                  ]
                }
              ]
            }
          ]
        }
      ]
    },
    "Planning Time": 0.373,
    "Triggers": [],
    "Execution Time": 386.05
  }
]