[
    {
        "Bao": {
            "Bao prediction": "NaN",
            "Bao recommended hint": "(no hint)"
        }
    },
    {
        "Plan": {
            "Node Type": "Aggregate",
            "Strategy": "Plain",
            "Partial Mode": "Finalize",
            "Parallel Aware": false,
            "Startup Cost": 29447.43,
            "Total Cost": 29447.44,
            "Plan Rows": 1,
            "Plan Width": 8,
            "Actual Startup Time": 59.689,
            "Actual Total Time": 64.394,
            "Actual Rows": 1,
            "Actual Loops": 1,
            "Output": [
                "count(*)"
            ],
            "Plans": [
                {
                    "Node Type": "Gather",
                    "Parent Relationship": "Outer",
                    "Parallel Aware": false,
                    "Startup Cost": 29447.11,
                    "Total Cost": 29447.42,
                    "Plan Rows": 3,
                    "Plan Width": 8,
                    "Actual Startup Time": 59.409,
                    "Actual Total Time": 64.386,
                    "Actual Rows": 4,
                    "Actual Loops": 1,
                    "Output": [
                        "(PARTIAL count(*))"
                    ],
                    "Workers Planned": 3,
                    "Workers Launched": 3,
                    "Single Copy": false,
                    "Plans": [
                        {
                            "Node Type": "Aggregate",
                            "Strategy": "Plain",
                            "Partial Mode": "Partial",
                            "Parent Relationship": "Outer",
                            "Parallel Aware": false,
                            "Startup Cost": 28447.11,
                            "Total Cost": 28447.12,
                            "Plan Rows": 1,
                            "Plan Width": 8,
                            "Actual Startup Time": 50.833,
                            "Actual Total Time": 50.834,
                            "Actual Rows": 1,
                            "Actual Loops": 4,
                            "Output": [
                                "PARTIAL count(*)"
                            ],
                            "Workers": [
                                {
                                    "Worker Number": 0,
                                    "Actual Startup Time": 47.833,
                                    "Actual Total Time": 47.834,
                                    "Actual Rows": 1,
                                    "Actual Loops": 1
                                },
                                {
                                    "Worker Number": 1,
                                    "Actual Startup Time": 48.05,
                                    "Actual Total Time": 48.051,
                                    "Actual Rows": 1,
                                    "Actual Loops": 1
                                },
                                {
                                    "Worker Number": 2,
                                    "Actual Startup Time": 48.475,
                                    "Actual Total Time": 48.476,
                                    "Actual Rows": 1,
                                    "Actual Loops": 1
                                }
                            ],
                            "Plans": [
                                {
                                    "Node Type": "Bitmap Heap Scan",
                                    "Parent Relationship": "Outer",
                                    "Parallel Aware": true,
                                    "Relation Name": "movie_keyword",
                                    "Schema": "public",
                                    "Alias": "mk",
                                    "Startup Cost": 3251.79,
                                    "Total Cost": 28323.56,
                                    "Plan Rows": 49422,
                                    "Plan Width": 0,
                                    "Actual Startup Time": 5.367,
                                    "Actual Total Time": 48.356,
                                    "Actual Rows": 36320,
                                    "Actual Loops": 4,
                                    "Recheck Cond": "(mk.keyword_id > 74338)",
                                    "Rows Removed by Index Recheck": 0,
                                    "Exact Heap Blocks": 11670,
                                    "Lossy Heap Blocks": 0,
                                    "Workers": [
                                        {
                                            "Worker Number": 0,
                                            "Actual Startup Time": 2.493,
                                            "Actual Total Time": 45.721,
                                            "Actual Rows": 18099,
                                            "Actual Loops": 1
                                        },
                                        {
                                            "Worker Number": 1,
                                            "Actual Startup Time": 2.64,
                                            "Actual Total Time": 46.09,
                                            "Actual Rows": 19607,
                                            "Actual Loops": 1
                                        },
                                        {
                                            "Worker Number": 2,
                                            "Actual Startup Time": 3.056,
                                            "Actual Total Time": 46.395,
                                            "Actual Rows": 19273,
                                            "Actual Loops": 1
                                        }
                                    ],
                                    "Plans": [
                                        {
                                            "Node Type": "Bitmap Index Scan",
                                            "Parent Relationship": "Outer",
                                            "Parallel Aware": false,
                                            "Index Name": "keyword_id_movie_keyword",
                                            "Startup Cost": 0.0,
                                            "Total Cost": 3213.48,
                                            "Plan Rows": 153207,
                                            "Plan Width": 0,
                                            "Actual Startup Time": 10.321,
                                            "Actual Total Time": 10.321,
                                            "Actual Rows": 145278,
                                            "Actual Loops": 1,
                                            "Index Cond": "(mk.keyword_id > 74338)"
                                        }
                                    ]
                                }
                            ]
                        }
                    ]
                }
            ]
        },
        "Planning Time": 177.269,
        "Triggers": [],
        "Execution Time": 64.486
    }
]