[
  {
    "Plan": {
      "Node Type": "Aggregate",
      "Strategy": "Plain",
      "Partial Mode": "Finalize",
      "Parallel Aware": false,
      "Startup Cost": 342539.73,
      "Total Cost": 342539.74,
      "Plan Rows": 1,
      "Plan Width": 8,
      "Actual Startup Time": 962.713,
      "Actual Total Time": 1015.829,
      "Actual Rows": 1,
      "Actual Loops": 1,
      "Plans": [
        {
          "Node Type": "Gather",
          "Parent Relationship": "Outer",
          "Parallel Aware": false,
          "Startup Cost": 342539.11,
          "Total Cost": 342539.72,
          "Plan Rows": 6,
          "Plan Width": 8,
          "Actual Startup Time": 962.503,
          "Actual Total Time": 1015.813,
          "Actual Rows": 7,
          "Actual Loops": 1,
          "Workers Planned": 6,
          "Workers Launched": 6,
          "Single Copy": false,
          "Plans": [
            {
              "Node Type": "Aggregate",
              "Strategy": "Plain",
              "Partial Mode": "Partial",
              "Parent Relationship": "Outer",
              "Parallel Aware": false,
              "Startup Cost": 341539.11,
              "Total Cost": 341539.12,
              "Plan Rows": 1,
              "Plan Width": 8,
              "Actual Startup Time": 954.153,
              "Actual Total Time": 954.155,
              "Actual Rows": 1,
              "Actual Loops": 7,
              "Plans": [
                {
                  "Node Type": "Seq Scan",
                  "Parent Relationship": "Outer",
                  "Parallel Aware": true,
                  "Relation Name": "cast_info",
                  "Alias": "ci",
                  "Startup Cost": 0.0,
                  "Total Cost": 328211.39,
                  "Plan Rows": 5331086,
                  "Plan Width": 0,
                  "Actual Startup Time": 57.9,
                  "Actual Total Time": 710.474,
                  "Actual Rows": 4544829,
                  "Actual Loops": 7,
                  "Filter": "(person_id > 427794)",
                  "Rows Removed by Filter": 632935
                }
              ]
            }
          ]
        }
      ]
    },
    "Planning Time": 0.206,
    "Triggers": [],
    "Execution Time": 1015.9
  }
]