[
  {
    "Plan": {
      "Node Type": "Aggregate",
      "Strategy": "Plain",
      "Partial Mode": "Finalize",
      "Parallel Aware": false,
      "Startup Cost": 60745.46,
      "Total Cost": 60745.47,
      "Plan Rows": 1,
      "Plan Width": 8,
      "Actual Startup Time": 421.955,
      "Actual Total Time": 438.96,
      "Actual Rows": 1,
      "Actual Loops": 1,
      "Plans": [
        {
          "Node Type": "Gather",
          "Parent Relationship": "Outer",
          "Parallel Aware": false,
          "Startup Cost": 60745.14,
          "Total Cost": 60745.45,
          "Plan Rows": 3,
          "Plan Width": 8,
          "Actual Startup Time": 413.942,
          "Actual Total Time": 438.951,
          "Actual Rows": 4,
          "Actual Loops": 1,
          "Workers Planned": 3,
          "Workers Launched": 3,
          "Single Copy": false,
          "Plans": [
            {
              "Node Type": "Aggregate",
              "Strategy": "Plain",
              "Partial Mode": "Partial",
              "Parent Relationship": "Outer",
              "Parallel Aware": false,
              "Startup Cost": 59745.14,
              "Total Cost": 59745.15,
              "Plan Rows": 1,
              "Plan Width": 8,
              "Actual Startup Time": 394.492,
              "Actual Total Time": 394.496,
              "Actual Rows": 1,
              "Actual Loops": 4,
              "Plans": [
                {
                  "Node Type": "Hash Join",
                  "Parent Relationship": "Outer",
                  "Parallel Aware": true,
                  "Join Type": "Inner",
                  "Startup Cost": 50220.21,
                  "Total Cost": 59668.2,
                  "Plan Rows": 30778,
                  "Plan Width": 0,
                  "Actual Startup Time": 348.199,
                  "Actual Total Time": 392.138,
                  "Actual Rows": 52422,
                  "Actual Loops": 4,
                  "Inner Unique": true,
                  "Hash Cond": "(ci.movie_id = t.id)",
                  "Plans": [
                    {
                      "Node Type": "Index Scan",
                      "Parent Relationship": "Outer",
                      "Parallel Aware": true,
                      "Scan Direction": "Forward",
                      "Index Name": "role_id_cast_info",
                      "Relation Name": "cast_info",
                      "Alias": "ci",
                      "Startup Cost": 0.56,
                      "Total Cost": 9367.76,
                      "Plan Rows": 30778,
                      "Plan Width": 4,
                      "Actual Startup Time": 0.342,
                      "Actual Total Time": 12.629,
                      "Actual Rows": 52422,
                      "Actual Loops": 4,
                      "Index Cond": "(role_id = 7)",
                      "Rows Removed by Index Recheck": 0,
                      "Filter": "(person_id > 2656368)",
                      "Rows Removed by Filter": 16678
                    },
                    {
                      "Node Type": "Hash",
                      "Parent Relationship": "Inner",
                      "Parallel Aware": true,
                      "Startup Cost": 42318.73,
                      "Total Cost": 42318.73,
                      "Plan Rows": 632073,
                      "Plan Width": 4,
                      "Actual Startup Time": 336.289,
                      "Actual Total Time": 336.29,
                      "Actual Rows": 632078,
                      "Actual Loops": 4,
                      "Hash Buckets": 4194304,
                      "Original Hash Buckets": 4194304,
                      "Hash Batches": 1,
                      "Original Hash Batches": 1,
                      "Peak Memory Usage": 131776,
                      "Plans": [
                        {
                          "Node Type": "Seq Scan",
                          "Parent Relationship": "Outer",
                          "Parallel Aware": true,
                          "Relation Name": "title",
                          "Alias": "t",
                          "Startup Cost": 0.0,
                          "Total Cost": 42318.73,
                          "Plan Rows": 632073,
                          "Plan Width": 4,
                          "Actual Startup Time": 0.043,
                          "Actual Total Time": 98.759,
                          "Actual Rows": 632078,
                          "Actual Loops": 4
                        }
                      ]
                    }
                  ]
                }
              ]
            }
          ]
        }
      ]
    },
    "Planning Time": 0.66,
    "Triggers": [],
    "Execution Time": 439.043
  }
]