[
  {
    "Plan": {
      "Node Type": "Aggregate",
      "Strategy": "Plain",
      "Partial Mode": "Finalize",
      "Parallel Aware": false,
      "Startup Cost": 427505.9,
      "Total Cost": 427505.91,
      "Plan Rows": 1,
      "Plan Width": 8,
      "Actual Startup Time": 2120.785,
      "Actual Total Time": 2182.085,
      "Actual Rows": 1,
      "Actual Loops": 1,
      "Plans": [
        {
          "Node Type": "Gather",
          "Parent Relationship": "Outer",
          "Parallel Aware": false,
          "Startup Cost": 427505.28,
          "Total Cost": 427505.89,
          "Plan Rows": 6,
          "Plan Width": 8,
          "Actual Startup Time": 2107.596,
          "Actual Total Time": 2182.072,
          "Actual Rows": 7,
          "Actual Loops": 1,
          "Workers Planned": 6,
          "Workers Launched": 6,
          "Single Copy": false,
          "Plans": [
            {
              "Node Type": "Aggregate",
              "Strategy": "Plain",
              "Partial Mode": "Partial",
              "Parent Relationship": "Outer",
              "Parallel Aware": false,
              "Startup Cost": 426505.28,
              "Total Cost": 426505.29,
              "Plan Rows": 1,
              "Plan Width": 8,
              "Actual Startup Time": 2097.66,
              "Actual Total Time": 2097.903,
              "Actual Rows": 1,
              "Actual Loops": 7,
              "Plans": [
                {
                  "Node Type": "Hash Join",
                  "Parent Relationship": "Outer",
                  "Parallel Aware": true,
                  "Join Type": "Inner",
                  "Startup Cost": 80596.97,
                  "Total Cost": 425142.2,
                  "Plan Rows": 545233,
                  "Plan Width": 0,
                  "Actual Startup Time": 454.648,
                  "Actual Total Time": 1966.275,
                  "Actual Rows": 2484120,
                  "Actual Loops": 7,
                  "Inner Unique": false,
                  "Hash Cond": "(ci.movie_id = t.id)",
                  "Plans": [
                    {
                      "Node Type": "Seq Scan",
                      "Parent Relationship": "Outer",
                      "Parallel Aware": true,
                      "Relation Name": "cast_info",
                      "Alias": "ci",
                      "Startup Cost": 0.0,
                      "Total Cost": 328211.39,
                      "Plan Rows": 3886674,
                      "Plan Width": 4,
                      "Actual Startup Time": 145.821,
                      "Actual Total Time": 686.512,
                      "Actual Rows": 3318570,
                      "Actual Loops": 7,
                      "Filter": "(person_id > 1285905)",
                      "Rows Removed by Filter": 1859194
                    },
                    {
                      "Node Type": "Hash",
                      "Parent Relationship": "Inner",
                      "Parallel Aware": true,
                      "Startup Cost": 79166.75,
                      "Total Cost": 79166.75,
                      "Plan Rows": 114417,
                      "Plan Width": 8,
                      "Actual Startup Time": 307.011,
                      "Actual Total Time": 307.252,
                      "Actual Rows": 101484,
                      "Actual Loops": 7,
                      "Hash Buckets": 1048576,
                      "Original Hash Buckets": 524288,
                      "Hash Batches": 1,
                      "Original Hash Batches": 1,
                      "Peak Memory Usage": 40192,
                      "Plans": [
                        {
                          "Node Type": "Hash Join",
                          "Parent Relationship": "Outer",
                          "Parallel Aware": true,
                          "Join Type": "Inner",
                          "Startup Cost": 46982.15,
                          "Total Cost": 79166.75,
                          "Plan Rows": 114417,
                          "Plan Width": 8,
                          "Actual Startup Time": 149.581,
                          "Actual Total Time": 245.842,
                          "Actual Rows": 101484,
                          "Actual Loops": 7,
                          "Inner Unique": true,
                          "Hash Cond": "(mc.movie_id = t.id)",
                          "Plans": [
                            {
                              "Node Type": "Seq Scan",
                              "Parent Relationship": "Outer",
                              "Parallel Aware": true,
                              "Relation Name": "movie_companies",
                              "Alias": "mc",
                              "Startup Cost": 0.0,
                              "Total Cost": 31414.82,
                              "Plan Rows": 293253,
                              "Plan Width": 4,
                              "Actual Startup Time": 0.292,
                              "Actual Total Time": 53.75,
                              "Actual Rows": 106910,
                              "Actual Loops": 7,
                              "Filter": "((company_id > 1451) AND (company_type_id < 2))",
                              "Rows Removed by Filter": 265823
                            },
                            {
                              "Node Type": "Hash",
                              "Parent Relationship": "Inner",
                              "Parallel Aware": true,
                              "Startup Cost": 43899.32,
                              "Total Cost": 43899.32,
                              "Plan Rows": 246626,
                              "Plan Width": 4,
                              "Actual Startup Time": 147.873,
                              "Actual Total Time": 147.875,
                              "Actual Rows": 140721,
                              "Actual Loops": 7,
                              "Hash Buckets": 1048576,
                              "Original Hash Buckets": 1048576,
                              "Hash Batches": 1,
                              "Original Hash Batches": 1,
                              "Peak Memory Usage": 46848,
                              "Plans": [
                                {
                                  "Node Type": "Seq Scan",
                                  "Parent Relationship": "Outer",
                                  "Parallel Aware": true,
                                  "Relation Name": "title",
                                  "Alias": "t",
                                  "Startup Cost": 0.0,
                                  "Total Cost": 43899.32,
                                  "Plan Rows": 246626,
                                  "Plan Width": 4,
                                  "Actual Startup Time": 0.042,
                                  "Actual Total Time": 81.273,
                                  "Actual Rows": 140721,
                                  "Actual Loops": 7,
                                  "Filter": "(kind_id < 7)",
                                  "Rows Removed by Filter": 220466
                                }
                              ]
                            }
                          ]
                        }
                      ]
                    }
                  ]
                }
              ]
            }
          ]
        }
      ]
    },
    "Planning Time": 0.684,
    "Triggers": [],
    "Execution Time": 2182.152
  }
]