[
  {
    "Plan": {
      "Node Type": "Aggregate",
      "Strategy": "Plain",
      "Partial Mode": "Finalize",
      "Parallel Aware": false,
      "Startup Cost": 89603.68,
      "Total Cost": 89603.69,
      "Plan Rows": 1,
      "Plan Width": 8,
      "Actual Startup Time": 321.874,
      "Actual Total Time": 340.922,
      "Actual Rows": 1,
      "Actual Loops": 1,
      "Plans": [
        {
          "Node Type": "Gather",
          "Parent Relationship": "Outer",
          "Parallel Aware": false,
          "Startup Cost": 89603.36,
          "Total Cost": 89603.67,
          "Plan Rows": 3,
          "Plan Width": 8,
          "Actual Startup Time": 321.088,
          "Actual Total Time": 340.911,
          "Actual Rows": 4,
          "Actual Loops": 1,
          "Workers Planned": 3,
          "Workers Launched": 3,
          "Single Copy": false,
          "Plans": [
            {
              "Node Type": "Aggregate",
              "Strategy": "Plain",
              "Partial Mode": "Partial",
              "Parent Relationship": "Outer",
              "Parallel Aware": false,
              "Startup Cost": 88603.36,
              "Total Cost": 88603.37,
              "Plan Rows": 1,
              "Plan Width": 8,
              "Actual Startup Time": 313.839,
              "Actual Total Time": 313.843,
              "Actual Rows": 1,
              "Actual Loops": 4,
              "Plans": [
                {
                  "Node Type": "Hash Join",
                  "Parent Relationship": "Outer",
                  "Parallel Aware": true,
                  "Join Type": "Inner",
                  "Startup Cost": 45647.51,
                  "Total Cost": 88525.59,
                  "Plan Rows": 31107,
                  "Plan Width": 0,
                  "Actual Startup Time": 120.01,
                  "Actual Total Time": 310.439,
                  "Actual Rows": 72260,
                  "Actual Loops": 4,
                  "Inner Unique": true,
                  "Hash Cond": "(mk.movie_id = t.id)",
                  "Plans": [
                    {
                      "Node Type": "Seq Scan",
                      "Parent Relationship": "Outer",
                      "Parallel Aware": true,
                      "Relation Name": "movie_keyword",
                      "Alias": "mk",
                      "Startup Cost": 0.0,
                      "Total Cost": 39047.32,
                      "Plan Rows": 1459332,
                      "Plan Width": 4,
                      "Actual Startup Time": 0.023,
                      "Actual Total Time": 94.627,
                      "Actual Rows": 1130982,
                      "Actual Loops": 4
                    },
                    {
                      "Node Type": "Hash",
                      "Parent Relationship": "Inner",
                      "Parallel Aware": true,
                      "Startup Cost": 45479.1,
                      "Total Cost": 45479.1,
                      "Plan Rows": 13473,
                      "Plan Width": 4,
                      "Actual Startup Time": 115.17,
                      "Actual Total Time": 115.171,
                      "Actual Rows": 34655,
                      "Actual Loops": 4,
                      "Hash Buckets": 262144,
                      "Original Hash Buckets": 65536,
                      "Hash Batches": 1,
                      "Original Hash Batches": 1,
                      "Peak Memory Usage": 9120,
                      "Plans": [
                        {
                          "Node Type": "Seq Scan",
                          "Parent Relationship": "Outer",
                          "Parallel Aware": true,
                          "Relation Name": "title",
                          "Alias": "t",
                          "Startup Cost": 0.0,
                          "Total Cost": 45479.1,
                          "Plan Rows": 13473,
                          "Plan Width": 4,
                          "Actual Startup Time": 13.298,
                          "Actual Total Time": 98.414,
                          "Actual Rows": 34655,
                          "Actual Loops": 4,
                          "Filter": "((kind_id < 7) AND (production_year < 1939))",
                          "Rows Removed by Filter": 597423
                        }
                      ]
                    }
                  ]
                }
              ]
            }
          ]
        }
      ]
    },
    "Planning Time": 0.658,
    "Triggers": [],
    "Execution Time": 340.989
  }
]