{
  "Plan": {
    "Node Type": "Aggregate",
    "Strategy": "Plain",
    "Partial Mode": "Finalize",
    "Parallel Aware": false,
    "Startup Cost": 804300.2,
    "Total Cost": 804300.21,
    "Plan Rows": 1,
    "Plan Width": 8,
    "Actual Startup Time": 4166.243,
    "Actual Total Time": 4219.81,
    "Actual Rows": 1,
    "Actual Loops": 1,
    "Plans": [
      {
        "Node Type": "Gather",
        "Parent Relationship": "Outer",
        "Parallel Aware": false,
        "Startup Cost": 804300.08,
        "Total Cost": 804300.19,
        "Plan Rows": 1,
        "Plan Width": 8,
        "Actual Startup Time": 4162.924,
        "Actual Total Time": 4219.8,
        "Actual Rows": 2,
        "Actual Loops": 1,
        "Workers Planned": 1,
        "Workers Launched": 1,
        "Single Copy": false,
        "Plans": [
          {
            "Node Type": "Aggregate",
            "Strategy": "Plain",
            "Partial Mode": "Partial",
            "Parent Relationship": "Outer",
            "Parallel Aware": false,
            "Startup Cost": 803300.08,
            "Total Cost": 803300.09,
            "Plan Rows": 1,
            "Plan Width": 8,
            "Actual Startup Time": 4153.627,
            "Actual Total Time": 4153.635,
            "Actual Rows": 1,
            "Actual Loops": 2,
            "Plans": [
              {
                "Node Type": "Hash Join",
                "Parent Relationship": "Outer",
                "Parallel Aware": true,
                "Join Type": "Inner",
                "Startup Cost": 489846.93,
                "Total Cost": 793790.1,
                "Plan Rows": 3803993,
                "Plan Width": 0,
                "Actual Startup Time": 1571.73,
                "Actual Total Time": 4031.322,
                "Actual Rows": 3091644,
                "Actual Loops": 2,
                "Inner Unique": false,
                "Hash Cond": "(mi.movie_id = t.id)",
                "Plans": [
                  {
                    "Node Type": "Seq Scan",
                    "Parent Relationship": "Outer",
                    "Parallel Aware": true,
                    "Relation Name": "movie_info",
                    "Alias": "mi",
                    "Startup Cost": 0.0,
                    "Total Cost": 248955.74,
                    "Plan Rows": 8696274,
                    "Plan Width": 4,
                    "Actual Startup Time": 0.027,
                    "Actual Total Time": 709.43,
                    "Actual Rows": 7417860,
                    "Actual Loops": 2
                  },
                  {
                    "Node Type": "Hash",
                    "Parent Relationship": "Inner",
                    "Parallel Aware": true,
                    "Startup Cost": 481714.98,
                    "Total Cost": 481714.98,
                    "Plan Rows": 650556,
                    "Plan Width": 8,
                    "Actual Startup Time": 1556.687,
                    "Actual Total Time": 1556.693,
                    "Actual Rows": 583960,
                    "Actual Loops": 2,
                    "Hash Buckets": 2097152,
                    "Original Hash Buckets": 2097152,
                    "Hash Batches": 1,
                    "Original Hash Batches": 1,
                    "Peak Memory Usage": 62080,
                    "Plans": [
                      {
                        "Node Type": "Hash Join",
                        "Parent Relationship": "Outer",
                        "Parallel Aware": true,
                        "Join Type": "Inner",
                        "Startup Cost": 177123.65,
                        "Total Cost": 481714.98,
                        "Plan Rows": 650556,
                        "Plan Width": 8,
                        "Actual Startup Time": 441.294,
                        "Actual Total Time": 1359.664,
                        "Actual Rows": 583960,
                        "Actual Loops": 2,
                        "Inner Unique": true,
                        "Hash Cond": "(ci.movie_id = t.id)",
                        "Plans": [
                          {
                            "Node Type": "Bitmap Heap Scan",
                            "Parent Relationship": "Outer",
                            "Parallel Aware": true,
                            "Relation Name": "cast_info",
                            "Alias": "ci",
                            "Startup Cost": 113804.92,
                            "Total Cost": 412062.37,
                            "Plan Rows": 2412904,
                            "Plan Width": 4,
                            "Actual Startup Time": 187.803,
                            "Actual Total Time": 579.681,
                            "Actual Rows": 2390268,
                            "Actual Loops": 2,
                            "Recheck Cond": "(person_id < 515303)",
                            "Rows Removed by Index Recheck": 0,
                            "Filter": "(role_id < 8)",
                            "Rows Removed by Filter": 275046,
                            "Exact Heap Blocks": 29692,
                            "Lossy Heap Blocks": 0,
                            "Plans": [
                              {
                                "Node Type": "Bitmap Index Scan",
                                "Parent Relationship": "Outer",
                                "Parallel Aware": false,
                                "Index Name": "person_id_cast_info",
                                "Startup Cost": 0.0,
                                "Total Cost": 112779.44,
                                "Plan Rows": 5164650,
                                "Plan Width": 0,
                                "Actual Startup Time": 178.224,
                                "Actual Total Time": 178.224,
                                "Actual Rows": 5330629,
                                "Actual Loops": 1,
                                "Index Cond": "(person_id < 515303)"
                              }
                            ]
                          },
                          {
                            "Node Type": "Hash",
                            "Parent Relationship": "Inner",
                            "Parallel Aware": true,
                            "Startup Cost": 58306.47,
                            "Total Cost": 58306.47,
                            "Plan Rows": 400981,
                            "Plan Width": 4,
                            "Actual Startup Time": 249.311,
                            "Actual Total Time": 249.313,
                            "Actual Rows": 298248,
                            "Actual Loops": 2,
                            "Hash Buckets": 1048576,
                            "Original Hash Buckets": 1048576,
                            "Hash Batches": 1,
                            "Original Hash Batches": 1,
                            "Peak Memory Usage": 31552,
                            "Plans": [
                              {
                                "Node Type": "Seq Scan",
                                "Parent Relationship": "Outer",
                                "Parallel Aware": true,
                                "Relation Name": "title",
                                "Alias": "t",
                                "Startup Cost": 0.0,
                                "Total Cost": 58306.47,
                                "Plan Rows": 400981,
                                "Plan Width": 4,
                                "Actual Startup Time": 0.054,
                                "Actual Total Time": 158.062,
                                "Actual Rows": 298248,
                                "Actual Loops": 2,
                                "Filter": "((production_year < 2002) AND (kind_id = 7))",
                                "Rows Removed by Filter": 965908
                              }
                            ]
                          }
                        ]
                      }
                    ]
                  }
                ]
              }
            ]
          }
        ]
      }
    ]
  },
  "Planning Time": 0.994,
  "Triggers": [],
  "Execution Time": 4219.949
}