[
  {
    "Plan": {
      "Node Type": "Aggregate",
      "Strategy": "Plain",
      "Partial Mode": "Finalize",
      "Parallel Aware": false,
      "Startup Cost": 397651.19,
      "Total Cost": 397651.2,
      "Plan Rows": 1,
      "Plan Width": 8,
      "Actual Startup Time": 1194.364,
      "Actual Total Time": 1257.659,
      "Actual Rows": 1,
      "Actual Loops": 1,
      "Plans": [
        {
          "Node Type": "Gather",
          "Parent Relationship": "Outer",
          "Parallel Aware": false,
          "Startup Cost": 397650.56,
          "Total Cost": 397651.17,
          "Plan Rows": 6,
          "Plan Width": 8,
          "Actual Startup Time": 1193.172,
          "Actual Total Time": 1257.648,
          "Actual Rows": 7,
          "Actual Loops": 1,
          "Workers Planned": 6,
          "Workers Launched": 6,
          "Single Copy": false,
          "Plans": [
            {
              "Node Type": "Aggregate",
              "Strategy": "Plain",
              "Partial Mode": "Partial",
              "Parent Relationship": "Outer",
              "Parallel Aware": false,
              "Startup Cost": 396650.56,
              "Total Cost": 396650.57,
              "Plan Rows": 1,
              "Plan Width": 8,
              "Actual Startup Time": 1183.515,
              "Actual Total Time": 1183.519,
              "Actual Rows": 1,
              "Actual Loops": 7,
              "Plans": [
                {
                  "Node Type": "Hash Join",
                  "Parent Relationship": "Outer",
                  "Parallel Aware": true,
                  "Join Type": "Inner",
                  "Startup Cost": 45753.65,
                  "Total Cost": 396405.82,
                  "Plan Rows": 97896,
                  "Plan Width": 0,
                  "Actual Startup Time": 84.525,
                  "Actual Total Time": 1178.012,
                  "Actual Rows": 97024,
                  "Actual Loops": 7,
                  "Inner Unique": true,
                  "Hash Cond": "(ci.movie_id = t.id)",
                  "Plans": [
                    {
                      "Node Type": "Seq Scan",
                      "Parent Relationship": "Outer",
                      "Parallel Aware": true,
                      "Relation Name": "cast_info",
                      "Alias": "ci",
                      "Startup Cost": 0.0,
                      "Total Cost": 343257.03,
                      "Plan Rows": 2817193,
                      "Plan Width": 4,
                      "Actual Startup Time": 0.024,
                      "Actual Total Time": 727.811,
                      "Actual Rows": 2666764,
                      "Actual Loops": 7,
                      "Filter": "((person_id < 1951943) AND (role_id < 10))",
                      "Rows Removed by Filter": 2510999
                    },
                    {
                      "Node Type": "Hash",
                      "Parent Relationship": "Inner",
                      "Parallel Aware": true,
                      "Startup Cost": 45479.1,
                      "Total Cost": 45479.1,
                      "Plan Rows": 21964,
                      "Plan Width": 4,
                      "Actual Startup Time": 82.879,
                      "Actual Total Time": 82.88,
                      "Actual Rows": 13233,
                      "Actual Loops": 7,
                      "Hash Buckets": 131072,
                      "Original Hash Buckets": 131072,
                      "Hash Batches": 1,
                      "Original Hash Batches": 1,
                      "Peak Memory Usage": 4768,
                      "Plans": [
                        {
                          "Node Type": "Seq Scan",
                          "Parent Relationship": "Outer",
                          "Parallel Aware": true,
                          "Relation Name": "title",
                          "Alias": "t",
                          "Startup Cost": 0.0,
                          "Total Cost": 45479.1,
                          "Plan Rows": 21964,
                          "Plan Width": 4,
                          "Actual Startup Time": 0.041,
                          "Actual Total Time": 76.245,
                          "Actual Rows": 13233,
                          "Actual Loops": 7,
                          "Filter": "((kind_id = 7) AND (production_year = 2010))",
                          "Rows Removed by Filter": 347955
                        }
                      ]
                    }
                  ]
                }
              ]
            }
          ]
        }
      ]
    },
    "Planning Time": 0.666,
    "Triggers": [],
    "Execution Time": 1257.748
  }
]