[
  {
    "Plan": {
      "Node Type": "Aggregate",
      "Strategy": "Plain",
      "Partial Mode": "Finalize",
      "Parallel Aware": false,
      "Startup Cost": 229950.39,
      "Total Cost": 229950.4,
      "Plan Rows": 1,
      "Plan Width": 8,
      "Actual Startup Time": 2500.696,
      "Actual Total Time": 2526.65,
      "Actual Rows": 1,
      "Actual Loops": 1,
      "Plans": [
        {
          "Node Type": "Gather",
          "Parent Relationship": "Outer",
          "Parallel Aware": false,
          "Startup Cost": 229949.97,
          "Total Cost": 229950.38,
          "Plan Rows": 4,
          "Plan Width": 8,
          "Actual Startup Time": 2500.476,
          "Actual Total Time": 2526.636,
          "Actual Rows": 5,
          "Actual Loops": 1,
          "Workers Planned": 4,
          "Workers Launched": 4,
          "Single Copy": false,
          "Plans": [
            {
              "Node Type": "Aggregate",
              "Strategy": "Plain",
              "Partial Mode": "Partial",
              "Parent Relationship": "Outer",
              "Parallel Aware": false,
              "Startup Cost": 228949.97,
              "Total Cost": 228949.98,
              "Plan Rows": 1,
              "Plan Width": 8,
              "Actual Startup Time": 2491.336,
              "Actual Total Time": 2491.339,
              "Actual Rows": 1,
              "Actual Loops": 5,
              "Plans": [
                {
                  "Node Type": "Nested Loop",
                  "Parent Relationship": "Outer",
                  "Parallel Aware": false,
                  "Join Type": "Inner",
                  "Startup Cost": 0.43,
                  "Total Cost": 228905.28,
                  "Plan Rows": 17876,
                  "Plan Width": 0,
                  "Actual Startup Time": 3.494,
                  "Actual Total Time": 2489.06,
                  "Actual Rows": 6091,
                  "Actual Loops": 5,
                  "Inner Unique": false,
                  "Plans": [
                    {
                      "Node Type": "Seq Scan",
                      "Parent Relationship": "Outer",
                      "Parallel Aware": true,
                      "Relation Name": "title",
                      "Alias": "t",
                      "Startup Cost": 0.0,
                      "Total Cost": 45479.59,
                      "Plan Rows": 4703,
                      "Plan Width": 4,
                      "Actual Startup Time": 0.099,
                      "Actual Total Time": 198.586,
                      "Actual Rows": 3777,
                      "Actual Loops": 5,
                      "Filter": "((kind_id = 7) AND (production_year = 1994))",
                      "Rows Removed by Filter": 501885
                    },
                    {
                      "Node Type": "Index Scan",
                      "Parent Relationship": "Inner",
                      "Parallel Aware": false,
                      "Scan Direction": "Forward",
                      "Index Name": "movie_id_movie_info",
                      "Relation Name": "movie_info",
                      "Alias": "mi",
                      "Startup Cost": 0.43,
                      "Total Cost": 38.73,
                      "Plan Rows": 27,
                      "Plan Width": 4,
                      "Actual Startup Time": 0.595,
                      "Actual Total Time": 0.604,
                      "Actual Rows": 2,
                      "Actual Loops": 18886,
                      "Index Cond": "(movie_id = t.id)",
                      "Rows Removed by Index Recheck": 0,
                      "Filter": "(info_type_id < 16)",
                      "Rows Removed by Filter": 1
                    }
                  ]
                }
              ]
            }
          ]
        }
      ]
    },
    "Planning Time": 0.681,
    "Triggers": [],
    "Execution Time": 2526.733
  }
]