{
  "Plan": {
    "Node Type": "Aggregate",
    "Strategy": "Plain",
    "Partial Mode": "Finalize",
    "Parallel Aware": false,
    "Startup Cost": 164086.9,
    "Total Cost": 164086.91,
    "Plan Rows": 1,
    "Plan Width": 8,
    "Actual Startup Time": 143.545,
    "Actual Total Time": 152.772,
    "Actual Rows": 1,
    "Actual Loops": 1,
    "Plans": [
      {
        "Node Type": "Gather",
        "Parent Relationship": "Outer",
        "Parallel Aware": false,
        "Startup Cost": 164086.78,
        "Total Cost": 164086.89,
        "Plan Rows": 1,
        "Plan Width": 8,
        "Actual Startup Time": 143.42,
        "Actual Total Time": 152.764,
        "Actual Rows": 2,
        "Actual Loops": 1,
        "Workers Planned": 1,
        "Workers Launched": 1,
        "Single Copy": false,
        "Plans": [
          {
            "Node Type": "Aggregate",
            "Strategy": "Plain",
            "Partial Mode": "Partial",
            "Parent Relationship": "Outer",
            "Parallel Aware": false,
            "Startup Cost": 163086.78,
            "Total Cost": 163086.79,
            "Plan Rows": 1,
            "Plan Width": 8,
            "Actual Startup Time": 137.343,
            "Actual Total Time": 137.345,
            "Actual Rows": 1,
            "Actual Loops": 2,
            "Plans": [
              {
                "Node Type": "Nested Loop",
                "Parent Relationship": "Outer",
                "Parallel Aware": false,
                "Join Type": "Inner",
                "Startup Cost": 0.43,
                "Total Cost": 163076.49,
                "Plan Rows": 4117,
                "Plan Width": 0,
                "Actual Startup Time": 72.154,
                "Actual Total Time": 137.335,
                "Actual Rows": 5,
                "Actual Loops": 2,
                "Inner Unique": false,
                "Plans": [
                  {
                    "Node Type": "Seq Scan",
                    "Parent Relationship": "Outer",
                    "Parallel Aware": true,
                    "Relation Name": "title",
                    "Alias": "t",
                    "Startup Cost": 0.0,
                    "Total Cost": 58306.47,
                    "Plan Rows": 704,
                    "Plan Width": 4,
                    "Actual Startup Time": 65.266,
                    "Actual Total Time": 137.187,
                    "Actual Rows": 6,
                    "Actual Loops": 2,
                    "Filter": "((kind_id > 3) AND (production_year = 1936))",
                    "Rows Removed by Filter": 1264150
                  },
                  {
                    "Node Type": "Index Only Scan",
                    "Parent Relationship": "Inner",
                    "Parallel Aware": false,
                    "Scan Direction": "Forward",
                    "Index Name": "movie_id_movie_info",
                    "Relation Name": "movie_info",
                    "Alias": "mi",
                    "Startup Cost": 0.43,
                    "Total Cost": 148.4,
                    "Plan Rows": 42,
                    "Plan Width": 4,
                    "Actual Startup Time": 0.024,
                    "Actual Total Time": 0.024,
                    "Actual Rows": 1,
                    "Actual Loops": 11,
                    "Index Cond": "(movie_id = t.id)",
                    "Rows Removed by Index Recheck": 0,
                    "Heap Fetches": 10
                  }
                ]
              }
            ]
          }
        ]
      }
    ]
  },
  "Planning Time": 0.452,
  "Triggers": [],
  "Execution Time": 152.852
}