[
  {
    "Plan": {
      "Node Type": "Aggregate",
      "Strategy": "Plain",
      "Partial Mode": "Finalize",
      "Parallel Aware": false,
      "Startup Cost": 32617.41,
      "Total Cost": 32617.42,
      "Plan Rows": 1,
      "Plan Width": 8,
      "Actual Startup Time": 85.492,
      "Actual Total Time": 93.353,
      "Actual Rows": 1,
      "Actual Loops": 1,
      "Plans": [
        {
          "Node Type": "Gather",
          "Parent Relationship": "Outer",
          "Parallel Aware": false,
          "Startup Cost": 32617.09,
          "Total Cost": 32617.4,
          "Plan Rows": 3,
          "Plan Width": 8,
          "Actual Startup Time": 85.4,
          "Actual Total Time": 93.347,
          "Actual Rows": 4,
          "Actual Loops": 1,
          "Workers Planned": 3,
          "Workers Launched": 3,
          "Single Copy": false,
          "Plans": [
            {
              "Node Type": "Aggregate",
              "Strategy": "Plain",
              "Partial Mode": "Partial",
              "Parent Relationship": "Outer",
              "Parallel Aware": false,
              "Startup Cost": 31617.09,
              "Total Cost": 31617.1,
              "Plan Rows": 1,
              "Plan Width": 8,
              "Actual Startup Time": 78.409,
              "Actual Total Time": 78.41,
              "Actual Rows": 1,
              "Actual Loops": 4,
              "Plans": [
                {
                  "Node Type": "Seq Scan",
                  "Parent Relationship": "Outer",
                  "Parallel Aware": true,
                  "Relation Name": "movie_companies",
                  "Alias": "mc",
                  "Startup Cost": 0.0,
                  "Total Cost": 31414.82,
                  "Plan Rows": 80909,
                  "Plan Width": 0,
                  "Actual Startup Time": 43.178,
                  "Actual Total Time": 73.263,
                  "Actual Rows": 122151,
                  "Actual Loops": 4,
                  "Filter": "((company_id > 74784) AND (company_type_id = 2))",
                  "Rows Removed by Filter": 530131
                }
              ]
            }
          ]
        }
      ]
    },
    "Planning Time": 0.223,
    "Triggers": [],
    "Execution Time": 93.409
  }
]