[
    {
        "Bao": {
            "Bao prediction": 924.96,
            "Bao recommended hint": "SET enable_mergejoin TO off; "
        }
    },
    {
        "Plan": {
            "Node Type": "Aggregate",
            "Strategy": "Plain",
            "Partial Mode": "Finalize",
            "Parallel Aware": false,
            "Startup Cost": 315155.36,
            "Total Cost": 315155.37,
            "Plan Rows": 1,
            "Plan Width": 8,
            "Actual Startup Time": 256.326,
            "Actual Total Time": 263.6,
            "Actual Rows": 1,
            "Actual Loops": 1,
            "Output": [
                "count(*)"
            ],
            "Plans": [
                {
                    "Node Type": "Gather",
                    "Parent Relationship": "Outer",
                    "Parallel Aware": false,
                    "Startup Cost": 315154.94,
                    "Total Cost": 315155.35,
                    "Plan Rows": 4,
                    "Plan Width": 8,
                    "Actual Startup Time": 252.594,
                    "Actual Total Time": 263.591,
                    "Actual Rows": 5,
                    "Actual Loops": 1,
                    "Output": [
                        "(PARTIAL count(*))"
                    ],
                    "Workers Planned": 4,
                    "Workers Launched": 4,
                    "Single Copy": false,
                    "Plans": [
                        {
                            "Node Type": "Aggregate",
                            "Strategy": "Plain",
                            "Partial Mode": "Partial",
                            "Parent Relationship": "Outer",
                            "Parallel Aware": false,
                            "Startup Cost": 314154.94,
                            "Total Cost": 314154.95,
                            "Plan Rows": 1,
                            "Plan Width": 8,
                            "Actual Startup Time": 243.609,
                            "Actual Total Time": 243.722,
                            "Actual Rows": 1,
                            "Actual Loops": 5,
                            "Output": [
                                "PARTIAL count(*)"
                            ],
                            "Workers": [
                                {
                                    "Worker Number": 0,
                                    "Actual Startup Time": 241.118,
                                    "Actual Total Time": 241.121,
                                    "Actual Rows": 1,
                                    "Actual Loops": 1
                                },
                                {
                                    "Worker Number": 1,
                                    "Actual Startup Time": 241.387,
                                    "Actual Total Time": 241.391,
                                    "Actual Rows": 1,
                                    "Actual Loops": 1
                                },
                                {
                                    "Worker Number": 2,
                                    "Actual Startup Time": 241.48,
                                    "Actual Total Time": 241.484,
                                    "Actual Rows": 1,
                                    "Actual Loops": 1
                                },
                                {
                                    "Worker Number": 3,
                                    "Actual Startup Time": 242.228,
                                    "Actual Total Time": 242.231,
                                    "Actual Rows": 1,
                                    "Actual Loops": 1
                                }
                            ],
                            "Plans": [
                                {
                                    "Node Type": "Hash Join",
                                    "Parent Relationship": "Outer",
                                    "Parallel Aware": true,
                                    "Join Type": "Inner",
                                    "Startup Cost": 266683.77,
                                    "Total Cost": 314108.78,
                                    "Plan Rows": 18465,
                                    "Plan Width": 0,
                                    "Actual Startup Time": 132.429,
                                    "Actual Total Time": 242.067,
                                    "Actual Rows": 25683,
                                    "Actual Loops": 5,
                                    "Inner Unique": false,
                                    "Hash Cond": "(t.id = ci.movie_id)",
                                    "Workers": [
                                        {
                                            "Worker Number": 0,
                                            "Actual Startup Time": 130.028,
                                            "Actual Total Time": 239.275,
                                            "Actual Rows": 20304,
                                            "Actual Loops": 1
                                        },
                                        {
                                            "Worker Number": 1,
                                            "Actual Startup Time": 130.299,
                                            "Actual Total Time": 239.766,
                                            "Actual Rows": 27848,
                                            "Actual Loops": 1
                                        },
                                        {
                                            "Worker Number": 2,
                                            "Actual Startup Time": 130.398,
                                            "Actual Total Time": 239.89,
                                            "Actual Rows": 27337,
                                            "Actual Loops": 1
                                        },
                                        {
                                            "Worker Number": 3,
                                            "Actual Startup Time": 130.653,
                                            "Actual Total Time": 240.616,
                                            "Actual Rows": 27972,
                                            "Actual Loops": 1
                                        }
                                    ],
                                    "Plans": [
                                        {
                                            "Node Type": "Seq Scan",
                                            "Parent Relationship": "Outer",
                                            "Parallel Aware": true,
                                            "Relation Name": "title",
                                            "Schema": "public",
                                            "Alias": "t",
                                            "Startup Cost": 0.0,
                                            "Total Cost": 45479.21,
                                            "Plan Rows": 191502,
                                            "Plan Width": 4,
                                            "Actual Startup Time": 0.009,
                                            "Actual Total Time": 72.322,
                                            "Actual Rows": 136456,
                                            "Actual Loops": 5,
                                            "Output": [
                                                "t.id",
                                                "t.title",
                                                "t.imdb_index",
                                                "t.kind_id",
                                                "t.production_year",
                                                "t.imdb_id",
                                                "t.phonetic_code",
                                                "t.episode_of_id",
                                                "t.season_nr",
                                                "t.episode_nr",
                                                "t.series_years",
                                                "t.md5sum"
                                            ],
                                            "Filter": "((t.production_year < 2004) AND (t.kind_id = 7))",
                                            "Rows Removed by Filter": 369206,
                                            "Workers": [
                                                {
                                                    "Worker Number": 0,
                                                    "Actual Startup Time": 0.01,
                                                    "Actual Total Time": 75.594,
                                                    "Actual Rows": 106692,
                                                    "Actual Loops": 1
                                                },
                                                {
                                                    "Worker Number": 1,
                                                    "Actual Startup Time": 0.008,
                                                    "Actual Total Time": 71.975,
                                                    "Actual Rows": 147153,
                                                    "Actual Loops": 1
                                                },
                                                {
                                                    "Worker Number": 2,
                                                    "Actual Startup Time": 0.008,
                                                    "Actual Total Time": 72.029,
                                                    "Actual Rows": 146591,
                                                    "Actual Loops": 1
                                                },
                                                {
                                                    "Worker Number": 3,
                                                    "Actual Startup Time": 0.009,
                                                    "Actual Total Time": 72.41,
                                                    "Actual Rows": 149784,
                                                    "Actual Loops": 1
                                                }
                                            ]
                                        },
                                        {
                                            "Node Type": "Hash",
                                            "Parent Relationship": "Inner",
                                            "Parallel Aware": true,
                                            "Startup Cost": 266175.87,
                                            "Total Cost": 266175.87,
                                            "Plan Rows": 40632,
                                            "Plan Width": 4,
                                            "Actual Startup Time": 130.567,
                                            "Actual Total Time": 130.568,
                                            "Actual Rows": 116898,
                                            "Actual Loops": 5,
                                            "Output": [
                                                "ci.movie_id"
                                            ],
                                            "Hash Buckets": 1048576,
                                            "Original Hash Buckets": 262144,
                                            "Hash Batches": 1,
                                            "Original Hash Batches": 1,
                                            "Peak Memory Usage": 37312,
                                            "Workers": [
                                                {
                                                    "Worker Number": 0,
                                                    "Actual Startup Time": 129.616,
                                                    "Actual Total Time": 129.618,
                                                    "Actual Rows": 94089,
                                                    "Actual Loops": 1
                                                },
                                                {
                                                    "Worker Number": 1,
                                                    "Actual Startup Time": 129.862,
                                                    "Actual Total Time": 129.864,
                                                    "Actual Rows": 113864,
                                                    "Actual Loops": 1
                                                },
                                                {
                                                    "Worker Number": 2,
                                                    "Actual Startup Time": 129.941,
                                                    "Actual Total Time": 129.942,
                                                    "Actual Rows": 117060,
                                                    "Actual Loops": 1
                                                },
                                                {
                                                    "Worker Number": 3,
                                                    "Actual Startup Time": 130.135,
                                                    "Actual Total Time": 130.137,
                                                    "Actual Rows": 110272,
                                                    "Actual Loops": 1
                                                }
                                            ],
                                            "Plans": [
                                                {
                                                    "Node Type": "Bitmap Heap Scan",
                                                    "Parent Relationship": "Outer",
                                                    "Parallel Aware": true,
                                                    "Relation Name": "cast_info",
                                                    "Schema": "public",
                                                    "Alias": "ci",
                                                    "Startup Cost": 12109.03,
                                                    "Total Cost": 266175.87,
                                                    "Plan Rows": 40632,
                                                    "Plan Width": 4,
                                                    "Actual Startup Time": 35.163,
                                                    "Actual Total Time": 73.533,
                                                    "Actual Rows": 116898,
                                                    "Actual Loops": 5,
                                                    "Output": [
                                                        "ci.movie_id"
                                                    ],
                                                    "Recheck Cond": "(ci.person_id > 3949040)",
                                                    "Rows Removed by Index Recheck": 0,
                                                    "Filter": "(ci.role_id > 2)",
                                                    "Rows Removed by Filter": 0,
                                                    "Exact Heap Blocks": 2151,
                                                    "Lossy Heap Blocks": 0,
                                                    "Workers": [
                                                        {
                                                            "Worker Number": 0,
                                                            "Actual Startup Time": 34.222,
                                                            "Actual Total Time": 74.012,
                                                            "Actual Rows": 94089,
                                                            "Actual Loops": 1
                                                        },
                                                        {
                                                            "Worker Number": 1,
                                                            "Actual Startup Time": 34.522,
                                                            "Actual Total Time": 73.962,
                                                            "Actual Rows": 113864,
                                                            "Actual Loops": 1
                                                        },
                                                        {
                                                            "Worker Number": 2,
                                                            "Actual Startup Time": 34.759,
                                                            "Actual Total Time": 73.917,
                                                            "Actual Rows": 117060,
                                                            "Actual Loops": 1
                                                        },
                                                        {
                                                            "Worker Number": 3,
                                                            "Actual Startup Time": 34.671,
                                                            "Actual Total Time": 74.37,
                                                            "Actual Rows": 110272,
                                                            "Actual Loops": 1
                                                        }
                                                    ],
                                                    "Plans": [
                                                        {
                                                            "Node Type": "Bitmap Index Scan",
                                                            "Parent Relationship": "Outer",
                                                            "Parallel Aware": false,
                                                            "Index Name": "person_id_cast_info",
                                                            "Startup Cost": 0.0,
                                                            "Total Cost": 12048.09,
                                                            "Plan Rows": 551936,
                                                            "Plan Width": 0,
                                                            "Actual Startup Time": 35.851,
                                                            "Actual Total Time": 35.852,
                                                            "Actual Rows": 584489,
                                                            "Actual Loops": 1,
                                                            "Index Cond": "(ci.person_id > 3949040)"
                                                        }
                                                    ]
                                                }
                                            ]
                                        }
                                    ]
                                }
                            ]
                        }
                    ]
                }
            ]
        },
        "Planning Time": 377.236,
        "Triggers": [],
        "Execution Time": 263.725
    }
]