[
  {
    "Plan": {
      "Node Type": "Aggregate",
      "Strategy": "Plain",
      "Partial Mode": "Finalize",
      "Parallel Aware": false,
      "Startup Cost": 30860.61,
      "Total Cost": 30860.62,
      "Plan Rows": 1,
      "Plan Width": 8,
      "Actual Startup Time": 90.046,
      "Actual Total Time": 97.615,
      "Actual Rows": 1,
      "Actual Loops": 1,
      "Plans": [
        {
          "Node Type": "Gather",
          "Parent Relationship": "Outer",
          "Parallel Aware": false,
          "Startup Cost": 30860.29,
          "Total Cost": 30860.6,
          "Plan Rows": 3,
          "Plan Width": 8,
          "Actual Startup Time": 89.958,
          "Actual Total Time": 97.607,
          "Actual Rows": 4,
          "Actual Loops": 1,
          "Workers Planned": 3,
          "Workers Launched": 3,
          "Single Copy": false,
          "Plans": [
            {
              "Node Type": "Aggregate",
              "Strategy": "Plain",
              "Partial Mode": "Partial",
              "Parent Relationship": "Outer",
              "Parallel Aware": false,
              "Startup Cost": 29860.29,
              "Total Cost": 29860.3,
              "Plan Rows": 1,
              "Plan Width": 8,
              "Actual Startup Time": 83.017,
              "Actual Total Time": 83.018,
              "Actual Rows": 1,
              "Actual Loops": 4,
              "Plans": [
                {
                  "Node Type": "Seq Scan",
                  "Parent Relationship": "Outer",
                  "Parallel Aware": true,
                  "Relation Name": "movie_companies",
                  "Alias": "mc",
                  "Startup Cost": 0.0,
                  "Total Cost": 29310.68,
                  "Plan Rows": 219844,
                  "Plan Width": 0,
                  "Actual Startup Time": 0.038,
                  "Actual Total Time": 71.838,
                  "Actual Rows": 169026,
                  "Actual Loops": 4,
                  "Filter": "(company_id < 1112)",
                  "Rows Removed by Filter": 483256
                }
              ]
            }
          ]
        }
      ]
    },
    "Planning Time": 0.19,
    "Triggers": [],
    "Execution Time": 97.672
  }
]