[
  {
    "Plan": {
      "Node Type": "Aggregate",
      "Strategy": "Plain",
      "Partial Mode": "Finalize",
      "Parallel Aware": false,
      "Startup Cost": 39078.71,
      "Total Cost": 39078.72,
      "Plan Rows": 1,
      "Plan Width": 8,
      "Actual Startup Time": 122.817,
      "Actual Total Time": 131.867,
      "Actual Rows": 1,
      "Actual Loops": 1,
      "Plans": [
        {
          "Node Type": "Gather",
          "Parent Relationship": "Outer",
          "Parallel Aware": false,
          "Startup Cost": 39078.49,
          "Total Cost": 39078.7,
          "Plan Rows": 2,
          "Plan Width": 8,
          "Actual Startup Time": 121.23,
          "Actual Total Time": 131.86,
          "Actual Rows": 3,
          "Actual Loops": 1,
          "Workers Planned": 2,
          "Workers Launched": 2,
          "Single Copy": false,
          "Plans": [
            {
              "Node Type": "Aggregate",
              "Strategy": "Plain",
              "Partial Mode": "Partial",
              "Parent Relationship": "Outer",
              "Parallel Aware": false,
              "Startup Cost": 38078.49,
              "Total Cost": 38078.5,
              "Plan Rows": 1,
              "Plan Width": 8,
              "Actual Startup Time": 114.859,
              "Actual Total Time": 114.864,
              "Actual Rows": 1,
              "Actual Loops": 3,
              "Plans": [
                {
                  "Node Type": "Nested Loop",
                  "Parent Relationship": "Outer",
                  "Parallel Aware": false,
                  "Join Type": "Inner",
                  "Startup Cost": 17678.09,
                  "Total Cost": 38076.88,
                  "Plan Rows": 645,
                  "Plan Width": 0,
                  "Actual Startup Time": 95.609,
                  "Actual Total Time": 114.709,
                  "Actual Rows": 1356,
                  "Actual Loops": 3,
                  "Inner Unique": true,
                  "Plans": [
                    {
                      "Node Type": "Hash Join",
                      "Parent Relationship": "Outer",
                      "Parallel Aware": true,
                      "Join Type": "Inner",
                      "Startup Cost": 17677.66,
                      "Total Cost": 35002.51,
                      "Plan Rows": 3648,
                      "Plan Width": 8,
                      "Actual Startup Time": 95.546,
                      "Actual Total Time": 104.045,
                      "Actual Rows": 1356,
                      "Actual Loops": 3,
                      "Inner Unique": false,
                      "Hash Cond": "(mk.movie_id = mi_idx.movie_id)",
                      "Plans": [
                        {
                          "Node Type": "Bitmap Heap Scan",
                          "Parent Relationship": "Outer",
                          "Parallel Aware": true,
                          "Relation Name": "movie_keyword",
                          "Alias": "mk",
                          "Startup Cost": 183.04,
                          "Total Cost": 17479.26,
                          "Plan Rows": 3581,
                          "Plan Width": 4,
                          "Actual Startup Time": 3.142,
                          "Actual Total Time": 9.407,
                          "Actual Rows": 2263,
                          "Actual Loops": 3,
                          "Recheck Cond": "(keyword_id = 495)",
                          "Rows Removed by Index Recheck": 0,
                          "Exact Heap Blocks": 2874,
                          "Lossy Heap Blocks": 0,
                          "Plans": [
                            {
                              "Node Type": "Bitmap Index Scan",
                              "Parent Relationship": "Outer",
                              "Parallel Aware": false,
                              "Index Name": "keyword_id_movie_keyword",
                              "Startup Cost": 0.0,
                              "Total Cost": 180.89,
                              "Plan Rows": 8595,
                              "Plan Width": 0,
                              "Actual Startup Time": 2.427,
                              "Actual Total Time": 2.428,
                              "Actual Rows": 6790,
                              "Actual Loops": 1,
                              "Index Cond": "(keyword_id = 495)"
                            }
                          ]
                        },
                        {
                          "Node Type": "Hash",
                          "Parent Relationship": "Inner",
                          "Parallel Aware": true,
                          "Startup Cost": 15122.68,
                          "Total Cost": 15122.68,
                          "Plan Rows": 189755,
                          "Plan Width": 4,
                          "Actual Startup Time": 88.365,
                          "Actual Total Time": 88.366,
                          "Actual Rows": 153308,
                          "Actual Loops": 3,
                          "Hash Buckets": 524288,
                          "Original Hash Buckets": 524288,
                          "Hash Batches": 1,
                          "Original Hash Batches": 1,
                          "Peak Memory Usage": 22112,
                          "Plans": [
                            {
                              "Node Type": "Seq Scan",
                              "Parent Relationship": "Outer",
                              "Parallel Aware": true,
                              "Relation Name": "movie_info_idx",
                              "Alias": "mi_idx",
                              "Startup Cost": 0.0,
                              "Total Cost": 15122.68,
                              "Plan Rows": 189755,
                              "Plan Width": 4,
                              "Actual Startup Time": 0.042,
                              "Actual Total Time": 49.345,
                              "Actual Rows": 153308,
                              "Actual Loops": 3,
                              "Filter": "(info_type_id < 100)",
                              "Rows Removed by Filter": 306703
                            }
                          ]
                        }
                      ]
                    },
                    {
                      "Node Type": "Index Only Scan",
                      "Parent Relationship": "Inner",
                      "Parallel Aware": false,
                      "Scan Direction": "Forward",
                      "Index Name": "title_pkey",
                      "Relation Name": "title",
                      "Alias": "t",
                      "Startup Cost": 0.43,
                      "Total Cost": 0.84,
                      "Plan Rows": 1,
                      "Plan Width": 4,
                      "Actual Startup Time": 0.007,
                      "Actual Total Time": 0.007,
                      "Actual Rows": 1,
                      "Actual Loops": 4068,
                      "Index Cond": "(id = mi_idx.movie_id)",
                      "Rows Removed by Index Recheck": 0,
                      "Heap Fetches": 4068
                    }
                  ]
                }
              ]
            }
          ]
        }
      ]
    },
    "Planning Time": 1.513,
    "Triggers": [],
    "Execution Time": 131.979
  }
]