[
  {
    "Plan": {
      "Node Type": "Aggregate",
      "Strategy": "Plain",
      "Partial Mode": "Finalize",
      "Parallel Aware": false,
      "Startup Cost": 33090.19,
      "Total Cost": 33090.2,
      "Plan Rows": 1,
      "Plan Width": 8,
      "Actual Startup Time": 101.248,
      "Actual Total Time": 108.978,
      "Actual Rows": 1,
      "Actual Loops": 1,
      "Plans": [
        {
          "Node Type": "Gather",
          "Parent Relationship": "Outer",
          "Parallel Aware": false,
          "Startup Cost": 33089.87,
          "Total Cost": 33090.18,
          "Plan Rows": 3,
          "Plan Width": 8,
          "Actual Startup Time": 101.119,
          "Actual Total Time": 108.969,
          "Actual Rows": 4,
          "Actual Loops": 1,
          "Workers Planned": 3,
          "Workers Launched": 3,
          "Single Copy": false,
          "Plans": [
            {
              "Node Type": "Aggregate",
              "Strategy": "Plain",
              "Partial Mode": "Partial",
              "Parent Relationship": "Outer",
              "Parallel Aware": false,
              "Startup Cost": 32089.87,
              "Total Cost": 32089.88,
              "Plan Rows": 1,
              "Plan Width": 8,
              "Actual Startup Time": 94.863,
              "Actual Total Time": 94.865,
              "Actual Rows": 1,
              "Actual Loops": 4,
              "Plans": [
                {
                  "Node Type": "Seq Scan",
                  "Parent Relationship": "Outer",
                  "Parallel Aware": true,
                  "Relation Name": "movie_companies",
                  "Alias": "mc",
                  "Startup Cost": 0.0,
                  "Total Cost": 31414.82,
                  "Plan Rows": 270020,
                  "Plan Width": 0,
                  "Actual Startup Time": 0.038,
                  "Actual Total Time": 79.055,
                  "Actual Rows": 285602,
                  "Actual Loops": 4,
                  "Filter": "((company_id < 20151) AND (company_type_id < 2))",
                  "Rows Removed by Filter": 366680
                }
              ]
            }
          ]
        }
      ]
    },
    "Planning Time": 0.224,
    "Triggers": [],
    "Execution Time": 109.039
  }
]