[
  {
    "Plan": {
      "Node Type": "Aggregate",
      "Strategy": "Plain",
      "Partial Mode": "Finalize",
      "Parallel Aware": false,
      "Startup Cost": 435533.0,
      "Total Cost": 435533.01,
      "Plan Rows": 1,
      "Plan Width": 8,
      "Actual Startup Time": 1864.709,
      "Actual Total Time": 1930.96,
      "Actual Rows": 1,
      "Actual Loops": 1,
      "Plans": [
        {
          "Node Type": "Gather",
          "Parent Relationship": "Outer",
          "Parallel Aware": false,
          "Startup Cost": 435532.37,
          "Total Cost": 435532.98,
          "Plan Rows": 6,
          "Plan Width": 8,
          "Actual Startup Time": 1856.452,
          "Actual Total Time": 1930.933,
          "Actual Rows": 7,
          "Actual Loops": 1,
          "Workers Planned": 6,
          "Workers Launched": 6,
          "Single Copy": false,
          "Plans": [
            {
              "Node Type": "Aggregate",
              "Strategy": "Plain",
              "Partial Mode": "Partial",
              "Parent Relationship": "Outer",
              "Parallel Aware": false,
              "Startup Cost": 434532.37,
              "Total Cost": 434532.38,
              "Plan Rows": 1,
              "Plan Width": 8,
              "Actual Startup Time": 1845.288,
              "Actual Total Time": 1845.393,
              "Actual Rows": 1,
              "Actual Loops": 7,
              "Plans": [
                {
                  "Node Type": "Hash Join",
                  "Parent Relationship": "Outer",
                  "Parallel Aware": true,
                  "Join Type": "Inner",
                  "Startup Cost": 92474.21,
                  "Total Cost": 431760.44,
                  "Plan Rows": 1108774,
                  "Plan Width": 0,
                  "Actual Startup Time": 374.21,
                  "Actual Total Time": 1800.934,
                  "Actual Rows": 885042,
                  "Actual Loops": 7,
                  "Inner Unique": false,
                  "Hash Cond": "(ci.movie_id = t.id)",
                  "Plans": [
                    {
                      "Node Type": "Seq Scan",
                      "Parent Relationship": "Outer",
                      "Parallel Aware": true,
                      "Relation Name": "cast_info",
                      "Alias": "ci",
                      "Startup Cost": 0.0,
                      "Total Cost": 313067.02,
                      "Plan Rows": 6038002,
                      "Plan Width": 4,
                      "Actual Startup Time": 0.023,
                      "Actual Total Time": 584.701,
                      "Actual Rows": 5177763,
                      "Actual Loops": 7
                    },
                    {
                      "Node Type": "Hash",
                      "Parent Relationship": "Inner",
                      "Parallel Aware": true,
                      "Startup Cost": 90602.12,
                      "Total Cost": 90602.12,
                      "Plan Rows": 149767,
                      "Plan Width": 8,
                      "Actual Startup Time": 371.958,
                      "Actual Total Time": 372.062,
                      "Actual Rows": 38840,
                      "Actual Loops": 7,
                      "Hash Buckets": 524288,
                      "Original Hash Buckets": 524288,
                      "Hash Batches": 1,
                      "Original Hash Batches": 1,
                      "Peak Memory Usage": 14848,
                      "Plans": [
                        {
                          "Node Type": "Hash Join",
                          "Parent Relationship": "Outer",
                          "Parallel Aware": true,
                          "Join Type": "Inner",
                          "Startup Cost": 63077.33,
                          "Total Cost": 90602.12,
                          "Plan Rows": 149767,
                          "Plan Width": 8,
                          "Actual Startup Time": 262.996,
                          "Actual Total Time": 356.172,
                          "Actual Rows": 38840,
                          "Actual Loops": 7,
                          "Inner Unique": true,
                          "Hash Cond": "(mk.movie_id = t.id)",
                          "Plans": [
                            {
                              "Node Type": "Bitmap Heap Scan",
                              "Parent Relationship": "Outer",
                              "Parallel Aware": true,
                              "Relation Name": "movie_keyword",
                              "Alias": "mk",
                              "Startup Cost": 13350.17,
                              "Total Cost": 40342.02,
                              "Plan Rows": 203028,
                              "Plan Width": 4,
                              "Actual Startup Time": 41.791,
                              "Actual Total Time": 94.958,
                              "Actual Rows": 91675,
                              "Actual Loops": 7,
                              "Recheck Cond": "(keyword_id < 498)",
                              "Rows Removed by Index Recheck": 0,
                              "Exact Heap Blocks": 3581,
                              "Lossy Heap Blocks": 0,
                              "Plans": [
                                {
                                  "Node Type": "Bitmap Index Scan",
                                  "Parent Relationship": "Outer",
                                  "Parallel Aware": false,
                                  "Index Name": "keyword_id_movie_keyword",
                                  "Startup Cost": 0.0,
                                  "Total Cost": 13192.83,
                                  "Plan Rows": 629386,
                                  "Plan Width": 0,
                                  "Actual Startup Time": 37.981,
                                  "Actual Total Time": 37.982,
                                  "Actual Rows": 641726,
                                  "Actual Loops": 1,
                                  "Index Cond": "(keyword_id < 498)"
                                }
                              ]
                            },
                            {
                              "Node Type": "Hash",
                              "Parent Relationship": "Inner",
                              "Parallel Aware": true,
                              "Startup Cost": 43898.92,
                              "Total Cost": 43898.92,
                              "Plan Rows": 466259,
                              "Plan Width": 4,
                              "Actual Startup Time": 218.001,
                              "Actual Total Time": 218.002,
                              "Actual Rows": 266498,
                              "Actual Loops": 7,
                              "Hash Buckets": 2097152,
                              "Original Hash Buckets": 2097152,
                              "Hash Batches": 1,
                              "Original Hash Batches": 1,
                              "Peak Memory Usage": 89504,
                              "Plans": [
                                {
                                  "Node Type": "Seq Scan",
                                  "Parent Relationship": "Outer",
                                  "Parallel Aware": true,
                                  "Relation Name": "title",
                                  "Alias": "t",
                                  "Startup Cost": 0.0,
                                  "Total Cost": 43898.92,
                                  "Plan Rows": 466259,
                                  "Plan Width": 4,
                                  "Actual Startup Time": 0.052,
                                  "Actual Total Time": 85.993,
                                  "Actual Rows": 266498,
                                  "Actual Loops": 7,
                                  "Filter": "(kind_id > 1)",
                                  "Rows Removed by Filter": 94689
                                }
                              ]
                            }
                          ]
                        }
                      ]
                    }
                  ]
                }
              ]
            }
          ]
        }
      ]
    },
    "Planning Time": 1.339,
    "Triggers": [],
    "Execution Time": 1931.074
  }
]