{
    "Plan": {
        "Node Type": "Aggregate",
        "Strategy": "Plain",
        "Partial Mode": "Finalize",
        "Parallel Aware": false,
        "Startup Cost": 78970.59,
        "Total Cost": 78970.6,
        "Plan Rows": 1,
        "Plan Width": 8,
        "Actual Startup Time": 188.047,
        "Actual Total Time": 204.123,
        "Actual Rows": 1,
        "Actual Loops": 1,
        "Output": [
            "count(*)"
        ],
        "Plans": [
            {
                "Node Type": "Gather",
                "Parent Relationship": "Outer",
                "Parallel Aware": false,
                "Startup Cost": 78970.28,
                "Total Cost": 78970.59,
                "Plan Rows": 3,
                "Plan Width": 8,
                "Actual Startup Time": 187.604,
                "Actual Total Time": 204.116,
                "Actual Rows": 4,
                "Actual Loops": 1,
                "Output": [
                    "(PARTIAL count(*))"
                ],
                "Workers Planned": 3,
                "Workers Launched": 3,
                "Single Copy": false,
                "Plans": [
                    {
                        "Node Type": "Aggregate",
                        "Strategy": "Plain",
                        "Partial Mode": "Partial",
                        "Parent Relationship": "Outer",
                        "Parallel Aware": false,
                        "Startup Cost": 77970.28,
                        "Total Cost": 77970.29,
                        "Plan Rows": 1,
                        "Plan Width": 8,
                        "Actual Startup Time": 182.009,
                        "Actual Total Time": 182.013,
                        "Actual Rows": 1,
                        "Actual Loops": 4,
                        "Output": [
                            "PARTIAL count(*)"
                        ],
                        "Workers": [
                            {
                                "Worker Number": 0,
                                "Actual Startup Time": 180.15,
                                "Actual Total Time": 180.152,
                                "Actual Rows": 1,
                                "Actual Loops": 1
                            },
                            {
                                "Worker Number": 1,
                                "Actual Startup Time": 180.107,
                                "Actual Total Time": 180.109,
                                "Actual Rows": 1,
                                "Actual Loops": 1
                            },
                            {
                                "Worker Number": 2,
                                "Actual Startup Time": 180.656,
                                "Actual Total Time": 180.66,
                                "Actual Rows": 1,
                                "Actual Loops": 1
                            }
                        ],
                        "Plans": [
                            {
                                "Node Type": "Hash Join",
                                "Parent Relationship": "Outer",
                                "Parallel Aware": true,
                                "Join Type": "Inner",
                                "Startup Cost": 45594.32,
                                "Total Cost": 77957.12,
                                "Plan Rows": 5262,
                                "Plan Width": 0,
                                "Actual Startup Time": 148.175,
                                "Actual Total Time": 181.555,
                                "Actual Rows": 10185,
                                "Actual Loops": 4,
                                "Inner Unique": true,
                                "Hash Cond": "(mc.movie_id = t.id)",
                                "Workers": [
                                    {
                                        "Worker Number": 0,
                                        "Actual Startup Time": 146.29,
                                        "Actual Total Time": 179.69,
                                        "Actual Rows": 10067,
                                        "Actual Loops": 1
                                    },
                                    {
                                        "Worker Number": 1,
                                        "Actual Startup Time": 146.277,
                                        "Actual Total Time": 179.653,
                                        "Actual Rows": 9804,
                                        "Actual Loops": 1
                                    },
                                    {
                                        "Worker Number": 2,
                                        "Actual Startup Time": 146.838,
                                        "Actual Total Time": 180.229,
                                        "Actual Rows": 9180,
                                        "Actual Loops": 1
                                    }
                                ],
                                "Plans": [
                                    {
                                        "Node Type": "Seq Scan",
                                        "Parent Relationship": "Outer",
                                        "Parallel Aware": true,
                                        "Relation Name": "movie_companies",
                                        "Schema": "public",
                                        "Alias": "mc",
                                        "Startup Cost": 0.0,
                                        "Total Cost": 31414.82,
                                        "Plan Rows": 361137,
                                        "Plan Width": 4,
                                        "Actual Startup Time": 28.874,
                                        "Actual Total Time": 62.888,
                                        "Actual Rows": 229179,
                                        "Actual Loops": 4,
                                        "Output": [
                                            "mc.id",
                                            "mc.movie_id",
                                            "mc.company_id",
                                            "mc.company_type_id",
                                            "mc.note"
                                        ],
                                        "Filter": "((mc.company_id < 80227) AND (mc.company_type_id = 2))",
                                        "Rows Removed by Filter": 423104,
                                        "Workers": [
                                            {
                                                "Worker Number": 0,
                                                "Actual Startup Time": 28.886,
                                                "Actual Total Time": 63.001,
                                                "Actual Rows": 225917,
                                                "Actual Loops": 1
                                            },
                                            {
                                                "Worker Number": 1,
                                                "Actual Startup Time": 28.875,
                                                "Actual Total Time": 63.112,
                                                "Actual Rows": 224343,
                                                "Actual Loops": 1
                                            },
                                            {
                                                "Worker Number": 2,
                                                "Actual Startup Time": 28.838,
                                                "Actual Total Time": 62.37,
                                                "Actual Rows": 207353,
                                                "Actual Loops": 1
                                            }
                                        ]
                                    },
                                    {
                                        "Node Type": "Hash",
                                        "Parent Relationship": "Inner",
                                        "Parallel Aware": true,
                                        "Startup Cost": 45479.21,
                                        "Total Cost": 45479.21,
                                        "Plan Rows": 9209,
                                        "Plan Width": 4,
                                        "Actual Startup Time": 93.483,
                                        "Actual Total Time": 93.484,
                                        "Actual Rows": 12292,
                                        "Actual Loops": 4,
                                        "Output": [
                                            "t.id"
                                        ],
                                        "Hash Buckets": 65536,
                                        "Original Hash Buckets": 65536,
                                        "Hash Batches": 1,
                                        "Original Hash Batches": 1,
                                        "Peak Memory Usage": 2528,
                                        "Workers": [
                                            {
                                                "Worker Number": 0,
                                                "Actual Startup Time": 92.237,
                                                "Actual Total Time": 92.238,
                                                "Actual Rows": 11536,
                                                "Actual Loops": 1
                                            },
                                            {
                                                "Worker Number": 1,
                                                "Actual Startup Time": 92.248,
                                                "Actual Total Time": 92.248,
                                                "Actual Rows": 11547,
                                                "Actual Loops": 1
                                            },
                                            {
                                                "Worker Number": 2,
                                                "Actual Startup Time": 92.844,
                                                "Actual Total Time": 92.845,
                                                "Actual Rows": 10839,
                                                "Actual Loops": 1
                                            }
                                        ],
                                        "Plans": [
                                            {
                                                "Node Type": "Seq Scan",
                                                "Parent Relationship": "Outer",
                                                "Parallel Aware": true,
                                                "Relation Name": "title",
                                                "Schema": "public",
                                                "Alias": "t",
                                                "Startup Cost": 0.0,
                                                "Total Cost": 45479.21,
                                                "Plan Rows": 9209,
                                                "Plan Width": 4,
                                                "Actual Startup Time": 58.763,
                                                "Actual Total Time": 89.744,
                                                "Actual Rows": 12292,
                                                "Actual Loops": 4,
                                                "Output": [
                                                    "t.id"
                                                ],
                                                "Filter": "((t.production_year < 1998) AND (t.kind_id = 3))",
                                                "Rows Removed by Filter": 619786,
                                                "Workers": [
                                                    {
                                                        "Worker Number": 0,
                                                        "Actual Startup Time": 59.699,
                                                        "Actual Total Time": 88.695,
                                                        "Actual Rows": 11536,
                                                        "Actual Loops": 1
                                                    },
                                                    {
                                                        "Worker Number": 1,
                                                        "Actual Startup Time": 59.682,
                                                        "Actual Total Time": 88.559,
                                                        "Actual Rows": 11547,
                                                        "Actual Loops": 1
                                                    },
                                                    {
                                                        "Worker Number": 2,
                                                        "Actual Startup Time": 57.172,
                                                        "Actual Total Time": 89.148,
                                                        "Actual Rows": 10839,
                                                        "Actual Loops": 1
                                                    }
                                                ]
                                            }
                                        ]
                                    }
                                ]
                            }
                        ]
                    }
                ]
            }
        ]
    },
    "Planning Time": 0.733,
    "Triggers": [],
    "Execution Time": 204.18
}