[
  {
    "Plan": {
      "Node Type": "Aggregate",
      "Strategy": "Plain",
      "Partial Mode": "Finalize",
      "Parallel Aware": false,
      "Startup Cost": 44865.2,
      "Total Cost": 44865.21,
      "Plan Rows": 1,
      "Plan Width": 8,
      "Actual Startup Time": 132.145,
      "Actual Total Time": 141.442,
      "Actual Rows": 1,
      "Actual Loops": 1,
      "Plans": [
        {
          "Node Type": "Gather",
          "Parent Relationship": "Outer",
          "Parallel Aware": false,
          "Startup Cost": 44864.89,
          "Total Cost": 44865.2,
          "Plan Rows": 3,
          "Plan Width": 8,
          "Actual Startup Time": 132.022,
          "Actual Total Time": 141.433,
          "Actual Rows": 4,
          "Actual Loops": 1,
          "Workers Planned": 3,
          "Workers Launched": 3,
          "Single Copy": false,
          "Plans": [
            {
              "Node Type": "Aggregate",
              "Strategy": "Plain",
              "Partial Mode": "Partial",
              "Parent Relationship": "Outer",
              "Parallel Aware": false,
              "Startup Cost": 43864.89,
              "Total Cost": 43864.9,
              "Plan Rows": 1,
              "Plan Width": 8,
              "Actual Startup Time": 125.878,
              "Actual Total Time": 125.878,
              "Actual Rows": 1,
              "Actual Loops": 4,
              "Plans": [
                {
                  "Node Type": "Seq Scan",
                  "Parent Relationship": "Outer",
                  "Parallel Aware": true,
                  "Relation Name": "movie_keyword",
                  "Alias": "mk",
                  "Startup Cost": 0.0,
                  "Total Cost": 42695.65,
                  "Plan Rows": 467693,
                  "Plan Width": 0,
                  "Actual Startup Time": 1.878,
                  "Actual Total Time": 108.075,
                  "Actual Rows": 364254,
                  "Actual Loops": 4,
                  "Filter": "(keyword_id > 11426)",
                  "Rows Removed by Filter": 766729
                }
              ]
            }
          ]
        }
      ]
    },
    "Planning Time": 0.187,
    "Triggers": [],
    "Execution Time": 141.498
  }
]