[
  {
    "Plan": {
      "Node Type": "Aggregate",
      "Strategy": "Plain",
      "Partial Mode": "Finalize",
      "Parallel Aware": false,
      "Startup Cost": 249167.45,
      "Total Cost": 249167.46,
      "Plan Rows": 1,
      "Plan Width": 8,
      "Actual Startup Time": 531.15,
      "Actual Total Time": 576.972,
      "Actual Rows": 1,
      "Actual Loops": 1,
      "Plans": [
        {
          "Node Type": "Gather",
          "Parent Relationship": "Outer",
          "Parallel Aware": false,
          "Startup Cost": 249166.93,
          "Total Cost": 249167.44,
          "Plan Rows": 5,
          "Plan Width": 8,
          "Actual Startup Time": 528.044,
          "Actual Total Time": 576.962,
          "Actual Rows": 6,
          "Actual Loops": 1,
          "Workers Planned": 5,
          "Workers Launched": 5,
          "Single Copy": false,
          "Plans": [
            {
              "Node Type": "Aggregate",
              "Strategy": "Plain",
              "Partial Mode": "Partial",
              "Parent Relationship": "Outer",
              "Parallel Aware": false,
              "Startup Cost": 248166.93,
              "Total Cost": 248166.94,
              "Plan Rows": 1,
              "Plan Width": 8,
              "Actual Startup Time": 517.89,
              "Actual Total Time": 517.893,
              "Actual Rows": 1,
              "Actual Loops": 6,
              "Plans": [
                {
                  "Node Type": "Hash Join",
                  "Parent Relationship": "Outer",
                  "Parallel Aware": true,
                  "Join Type": "Inner",
                  "Startup Cost": 46986.37,
                  "Total Cost": 247824.3,
                  "Plan Rows": 137049,
                  "Plan Width": 0,
                  "Actual Startup Time": 147.047,
                  "Actual Total Time": 508.838,
                  "Actual Rows": 216286,
                  "Actual Loops": 6,
                  "Inner Unique": true,
                  "Hash Cond": "(mi.movie_id = t.id)",
                  "Plans": [
                    {
                      "Node Type": "Seq Scan",
                      "Parent Relationship": "Outer",
                      "Parallel Aware": true,
                      "Relation Name": "movie_info",
                      "Alias": "mi",
                      "Startup Cost": 0.0,
                      "Total Cost": 198952.16,
                      "Plan Rows": 718388,
                      "Plan Width": 4,
                      "Actual Startup Time": 28.448,
                      "Actual Total Time": 294.997,
                      "Actual Rows": 604163,
                      "Actual Loops": 6,
                      "Filter": "(info_type_id < 4)",
                      "Rows Removed by Filter": 1868457
                    },
                    {
                      "Node Type": "Hash",
                      "Parent Relationship": "Inner",
                      "Parallel Aware": true,
                      "Startup Cost": 45479.1,
                      "Total Cost": 45479.1,
                      "Plan Rows": 120582,
                      "Plan Width": 4,
                      "Actual Startup Time": 103.86,
                      "Actual Total Time": 103.861,
                      "Actual Rows": 59204,
                      "Actual Loops": 6,
                      "Hash Buckets": 524288,
                      "Original Hash Buckets": 524288,
                      "Hash Batches": 1,
                      "Original Hash Batches": 1,
                      "Peak Memory Usage": 18080,
                      "Plans": [
                        {
                          "Node Type": "Seq Scan",
                          "Parent Relationship": "Outer",
                          "Parallel Aware": true,
                          "Relation Name": "title",
                          "Alias": "t",
                          "Startup Cost": 0.0,
                          "Total Cost": 45479.1,
                          "Plan Rows": 120582,
                          "Plan Width": 4,
                          "Actual Startup Time": 43.653,
                          "Actual Total Time": 83.214,
                          "Actual Rows": 59204,
                          "Actual Loops": 6,
                          "Filter": "((production_year > 1986) AND (kind_id = 1))",
                          "Rows Removed by Filter": 362181
                        }
                      ]
                    }
                  ]
                }
              ]
            }
          ]
        }
      ]
    },
    "Planning Time": 0.606,
    "Triggers": [],
    "Execution Time": 577.05
  }
]