[
    {
        "Bao": {
            "Bao prediction": "NaN",
            "Bao recommended hint": "(no hint)"
        }
    },
    {
        "Plan": {
            "Node Type": "Aggregate",
            "Strategy": "Plain",
            "Partial Mode": "Finalize",
            "Parallel Aware": false,
            "Startup Cost": 32821.91,
            "Total Cost": 32821.92,
            "Plan Rows": 1,
            "Plan Width": 8,
            "Actual Startup Time": 97.48,
            "Actual Total Time": 106.907,
            "Actual Rows": 1,
            "Actual Loops": 1,
            "Output": [
                "count(*)"
            ],
            "Plans": [
                {
                    "Node Type": "Gather",
                    "Parent Relationship": "Outer",
                    "Parallel Aware": false,
                    "Startup Cost": 32821.59,
                    "Total Cost": 32821.9,
                    "Plan Rows": 3,
                    "Plan Width": 8,
                    "Actual Startup Time": 97.387,
                    "Actual Total Time": 106.898,
                    "Actual Rows": 4,
                    "Actual Loops": 1,
                    "Output": [
                        "(PARTIAL count(*))"
                    ],
                    "Workers Planned": 3,
                    "Workers Launched": 3,
                    "Single Copy": false,
                    "Plans": [
                        {
                            "Node Type": "Aggregate",
                            "Strategy": "Plain",
                            "Partial Mode": "Partial",
                            "Parent Relationship": "Outer",
                            "Parallel Aware": false,
                            "Startup Cost": 31821.59,
                            "Total Cost": 31821.6,
                            "Plan Rows": 1,
                            "Plan Width": 8,
                            "Actual Startup Time": 89.247,
                            "Actual Total Time": 89.248,
                            "Actual Rows": 1,
                            "Actual Loops": 4,
                            "Output": [
                                "PARTIAL count(*)"
                            ],
                            "Workers": [
                                {
                                    "Worker Number": 0,
                                    "Actual Startup Time": 86.297,
                                    "Actual Total Time": 86.298,
                                    "Actual Rows": 1,
                                    "Actual Loops": 1
                                },
                                {
                                    "Worker Number": 1,
                                    "Actual Startup Time": 86.721,
                                    "Actual Total Time": 86.723,
                                    "Actual Rows": 1,
                                    "Actual Loops": 1
                                },
                                {
                                    "Worker Number": 2,
                                    "Actual Startup Time": 86.997,
                                    "Actual Total Time": 86.998,
                                    "Actual Rows": 1,
                                    "Actual Loops": 1
                                }
                            ],
                            "Plans": [
                                {
                                    "Node Type": "Seq Scan",
                                    "Parent Relationship": "Outer",
                                    "Parallel Aware": true,
                                    "Relation Name": "movie_companies",
                                    "Schema": "public",
                                    "Alias": "mc",
                                    "Startup Cost": 0.0,
                                    "Total Cost": 31414.82,
                                    "Plan Rows": 162708,
                                    "Plan Width": 0,
                                    "Actual Startup Time": 20.857,
                                    "Actual Total Time": 85.824,
                                    "Actual Rows": 50204,
                                    "Actual Loops": 4,
                                    "Output": [
                                        "id",
                                        "movie_id",
                                        "company_id",
                                        "company_type_id",
                                        "note"
                                    ],
                                    "Filter": "((mc.company_id > 15555) AND (mc.company_type_id < 2))",
                                    "Rows Removed by Filter": 602078,
                                    "Workers": [
                                        {
                                            "Worker Number": 0,
                                            "Actual Startup Time": 17.911,
                                            "Actual Total Time": 83.106,
                                            "Actual Rows": 41964,
                                            "Actual Loops": 1
                                        },
                                        {
                                            "Worker Number": 1,
                                            "Actual Startup Time": 18.335,
                                            "Actual Total Time": 83.622,
                                            "Actual Rows": 54567,
                                            "Actual Loops": 1
                                        },
                                        {
                                            "Worker Number": 2,
                                            "Actual Startup Time": 18.599,
                                            "Actual Total Time": 83.83,
                                            "Actual Rows": 42150,
                                            "Actual Loops": 1
                                        }
                                    ]
                                }
                            ]
                        }
                    ]
                }
            ]
        },
        "Planning Time": 303.224,
        "Triggers": [],
        "Execution Time": 106.976
    }
]