[
  {
    "Plan": {
      "Node Type": "Aggregate",
      "Strategy": "Plain",
      "Partial Mode": "Finalize",
      "Parallel Aware": false,
      "Startup Cost": 350454.21,
      "Total Cost": 350454.22,
      "Plan Rows": 1,
      "Plan Width": 8,
      "Actual Startup Time": 844.935,
      "Actual Total Time": 905.779,
      "Actual Rows": 1,
      "Actual Loops": 1,
      "Plans": [
        {
          "Node Type": "Gather",
          "Parent Relationship": "Outer",
          "Parallel Aware": false,
          "Startup Cost": 350453.59,
          "Total Cost": 350454.2,
          "Plan Rows": 6,
          "Plan Width": 8,
          "Actual Startup Time": 844.716,
          "Actual Total Time": 905.768,
          "Actual Rows": 7,
          "Actual Loops": 1,
          "Workers Planned": 6,
          "Workers Launched": 6,
          "Single Copy": false,
          "Plans": [
            {
              "Node Type": "Aggregate",
              "Strategy": "Plain",
              "Partial Mode": "Partial",
              "Parent Relationship": "Outer",
              "Parallel Aware": false,
              "Startup Cost": 349453.59,
              "Total Cost": 349453.6,
              "Plan Rows": 1,
              "Plan Width": 8,
              "Actual Startup Time": 834.559,
              "Actual Total Time": 834.561,
              "Actual Rows": 1,
              "Actual Loops": 7,
              "Plans": [
                {
                  "Node Type": "Seq Scan",
                  "Parent Relationship": "Outer",
                  "Parallel Aware": true,
                  "Relation Name": "cast_info",
                  "Alias": "ci",
                  "Startup Cost": 0.0,
                  "Total Cost": 343316.27,
                  "Plan Rows": 2454926,
                  "Plan Width": 0,
                  "Actual Startup Time": 383.362,
                  "Actual Total Time": 744.227,
                  "Actual Rows": 1893472,
                  "Actual Loops": 7,
                  "Filter": "((person_id < 3521822) AND (role_id > 2))",
                  "Rows Removed by Filter": 3284292
                }
              ]
            }
          ]
        }
      ]
    },
    "Planning Time": 0.097,
    "Triggers": [],
    "Execution Time": 905.829
  }
]