[
  {
    "Plan": {
      "Node Type": "Aggregate",
      "Strategy": "Plain",
      "Partial Mode": "Finalize",
      "Parallel Aware": false,
      "Startup Cost": 432626.98,
      "Total Cost": 432626.99,
      "Plan Rows": 1,
      "Plan Width": 8,
      "Actual Startup Time": 1459.734,
      "Actual Total Time": 1489.501,
      "Actual Rows": 1,
      "Actual Loops": 1,
      "Plans": [
        {
          "Node Type": "Gather",
          "Parent Relationship": "Outer",
          "Parallel Aware": false,
          "Startup Cost": 432626.36,
          "Total Cost": 432626.97,
          "Plan Rows": 6,
          "Plan Width": 8,
          "Actual Startup Time": 1453.948,
          "Actual Total Time": 1489.483,
          "Actual Rows": 7,
          "Actual Loops": 1,
          "Workers Planned": 6,
          "Workers Launched": 6,
          "Single Copy": false,
          "Plans": [
            {
              "Node Type": "Aggregate",
              "Strategy": "Plain",
              "Partial Mode": "Partial",
              "Parent Relationship": "Outer",
              "Parallel Aware": false,
              "Startup Cost": 431626.36,
              "Total Cost": 431626.37,
              "Plan Rows": 1,
              "Plan Width": 8,
              "Actual Startup Time": 1446.486,
              "Actual Total Time": 1446.545,
              "Actual Rows": 1,
              "Actual Loops": 7,
              "Plans": [
                {
                  "Node Type": "Hash Join",
                  "Parent Relationship": "Outer",
                  "Parallel Aware": true,
                  "Join Type": "Inner",
                  "Startup Cost": 80087.16,
                  "Total Cost": 428494.38,
                  "Plan Rows": 1252790,
                  "Plan Width": 0,
                  "Actual Startup Time": 244.647,
                  "Actual Total Time": 1398.942,
                  "Actual Rows": 1098037,
                  "Actual Loops": 7,
                  "Inner Unique": false,
                  "Hash Cond": "(ci.movie_id = t.id)",
                  "Plans": [
                    {
                      "Node Type": "Seq Scan",
                      "Parent Relationship": "Outer",
                      "Parallel Aware": true,
                      "Relation Name": "cast_info",
                      "Alias": "ci",
                      "Startup Cost": 0.0,
                      "Total Cost": 328213.62,
                      "Plan Rows": 4307295,
                      "Plan Width": 4,
                      "Actual Startup Time": 0.023,
                      "Actual Total Time": 548.077,
                      "Actual Rows": 3684738,
                      "Actual Loops": 7,
                      "Filter": "(person_id < 2665026)",
                      "Rows Removed by Filter": 1493025
                    },
                    {
                      "Node Type": "Hash",
                      "Parent Relationship": "Inner",
                      "Parallel Aware": true,
                      "Startup Cost": 77121.96,
                      "Total Cost": 77121.96,
                      "Plan Rows": 237216,
                      "Plan Width": 8,
                      "Actual Startup Time": 242.671,
                      "Actual Total Time": 242.73,
                      "Actual Rows": 71097,
                      "Actual Loops": 7,
                      "Hash Buckets": 1048576,
                      "Original Hash Buckets": 1048576,
                      "Hash Batches": 1,
                      "Original Hash Batches": 1,
                      "Peak Memory Usage": 27776,
                      "Plans": [
                        {
                          "Node Type": "Hash Join",
                          "Parent Relationship": "Outer",
                          "Parallel Aware": true,
                          "Join Type": "Inner",
                          "Startup Cost": 47706.07,
                          "Total Cost": 77121.96,
                          "Plan Rows": 237216,
                          "Plan Width": 8,
                          "Actual Startup Time": 112.233,
                          "Actual Total Time": 216.159,
                          "Actual Rows": 71097,
                          "Actual Loops": 7,
                          "Inner Unique": true,
                          "Hash Cond": "(mc.movie_id = t.id)",
                          "Plans": [
                            {
                              "Node Type": "Seq Scan",
                              "Parent Relationship": "Outer",
                              "Parallel Aware": true,
                              "Relation Name": "movie_companies",
                              "Alias": "mc",
                              "Startup Cost": 0.0,
                              "Total Cost": 27206.55,
                              "Plan Rows": 841655,
                              "Plan Width": 4,
                              "Actual Startup Time": 0.023,
                              "Actual Total Time": 35.674,
                              "Actual Rows": 372733,
                              "Actual Loops": 7
                            },
                            {
                              "Node Type": "Hash",
                              "Parent Relationship": "Inner",
                              "Parallel Aware": true,
                              "Startup Cost": 45479.21,
                              "Total Cost": 45479.21,
                              "Plan Rows": 178149,
                              "Plan Width": 4,
                              "Actual Startup Time": 110.941,
                              "Actual Total Time": 110.942,
                              "Actual Rows": 86919,
                              "Actual Loops": 7,
                              "Hash Buckets": 1048576,
                              "Original Hash Buckets": 1048576,
                              "Hash Batches": 1,
                              "Original Hash Batches": 1,
                              "Peak Memory Usage": 32128,
                              "Plans": [
                                {
                                  "Node Type": "Seq Scan",
                                  "Parent Relationship": "Outer",
                                  "Parallel Aware": true,
                                  "Relation Name": "title",
                                  "Alias": "t",
                                  "Startup Cost": 0.0,
                                  "Total Cost": 45479.21,
                                  "Plan Rows": 178149,
                                  "Plan Width": 4,
                                  "Actual Startup Time": 0.045,
                                  "Actual Total Time": 71.613,
                                  "Actual Rows": 86919,
                                  "Actual Loops": 7,
                                  "Filter": "((kind_id > 2) AND (production_year < 2000))",
                                  "Rows Removed by Filter": 274269
                                }
                              ]
                            }
                          ]
                        }
                      ]
                    }
                  ]
                }
              ]
            }
          ]
        }
      ]
    },
    "Planning Time": 0.448,
    "Triggers": [],
    "Execution Time": 1489.545
  }
]