[
  {
    "Plan": {
      "Node Type": "Aggregate",
      "Strategy": "Plain",
      "Partial Mode": "Finalize",
      "Parallel Aware": false,
      "Startup Cost": 46596.06,
      "Total Cost": 46596.07,
      "Plan Rows": 1,
      "Plan Width": 8,
      "Actual Startup Time": 178.067,
      "Actual Total Time": 187.942,
      "Actual Rows": 1,
      "Actual Loops": 1,
      "Plans": [
        {
          "Node Type": "Gather",
          "Parent Relationship": "Outer",
          "Parallel Aware": false,
          "Startup Cost": 46595.75,
          "Total Cost": 46596.06,
          "Plan Rows": 3,
          "Plan Width": 8,
          "Actual Startup Time": 177.899,
          "Actual Total Time": 187.931,
          "Actual Rows": 4,
          "Actual Loops": 1,
          "Workers Planned": 3,
          "Workers Launched": 3,
          "Single Copy": false,
          "Plans": [
            {
              "Node Type": "Aggregate",
              "Strategy": "Plain",
              "Partial Mode": "Partial",
              "Parent Relationship": "Outer",
              "Parallel Aware": false,
              "Startup Cost": 45595.75,
              "Total Cost": 45595.76,
              "Plan Rows": 1,
              "Plan Width": 8,
              "Actual Startup Time": 170.987,
              "Actual Total Time": 170.988,
              "Actual Rows": 1,
              "Actual Loops": 4,
              "Plans": [
                {
                  "Node Type": "Seq Scan",
                  "Parent Relationship": "Outer",
                  "Parallel Aware": true,
                  "Relation Name": "movie_keyword",
                  "Alias": "mk",
                  "Startup Cost": 0.0,
                  "Total Cost": 42695.65,
                  "Plan Rows": 1160037,
                  "Plan Width": 0,
                  "Actual Startup Time": 0.055,
                  "Actual Total Time": 127.78,
                  "Actual Rows": 902248,
                  "Actual Loops": 4,
                  "Filter": "(keyword_id < 20333)",
                  "Rows Removed by Filter": 228734
                }
              ]
            }
          ]
        }
      ]
    },
    "Planning Time": 0.186,
    "Triggers": [],
    "Execution Time": 187.991
  }
]