[
  {
    "Plan": {
      "Node Type": "Aggregate",
      "Strategy": "Plain",
      "Partial Mode": "Finalize",
      "Parallel Aware": false,
      "Startup Cost": 86247.19,
      "Total Cost": 86247.2,
      "Plan Rows": 1,
      "Plan Width": 8,
      "Actual Startup Time": 505.419,
      "Actual Total Time": 523.729,
      "Actual Rows": 1,
      "Actual Loops": 1,
      "Plans": [
        {
          "Node Type": "Gather",
          "Parent Relationship": "Outer",
          "Parallel Aware": false,
          "Startup Cost": 86246.87,
          "Total Cost": 86247.18,
          "Plan Rows": 3,
          "Plan Width": 8,
          "Actual Startup Time": 495.157,
          "Actual Total Time": 523.72,
          "Actual Rows": 4,
          "Actual Loops": 1,
          "Workers Planned": 3,
          "Workers Launched": 3,
          "Single Copy": false,
          "Plans": [
            {
              "Node Type": "Aggregate",
              "Strategy": "Plain",
              "Partial Mode": "Partial",
              "Parent Relationship": "Outer",
              "Parallel Aware": false,
              "Startup Cost": 85246.87,
              "Total Cost": 85246.88,
              "Plan Rows": 1,
              "Plan Width": 8,
              "Actual Startup Time": 476.42,
              "Actual Total Time": 476.424,
              "Actual Rows": 1,
              "Actual Loops": 4,
              "Plans": [
                {
                  "Node Type": "Hash Join",
                  "Parent Relationship": "Outer",
                  "Parallel Aware": true,
                  "Join Type": "Inner",
                  "Startup Cost": 58558.2,
                  "Total Cost": 84929.89,
                  "Plan Rows": 126790,
                  "Plan Width": 0,
                  "Actual Startup Time": 381.569,
                  "Actual Total Time": 470.93,
                  "Actual Rows": 95380,
                  "Actual Loops": 4,
                  "Inner Unique": true,
                  "Hash Cond": "(mk.movie_id = t.id)",
                  "Plans": [
                    {
                      "Node Type": "Bitmap Heap Scan",
                      "Parent Relationship": "Outer",
                      "Parallel Aware": true,
                      "Relation Name": "movie_keyword",
                      "Alias": "mk",
                      "Startup Cost": 8338.55,
                      "Total Cost": 34377.43,
                      "Plan Rows": 126790,
                      "Plan Width": 4,
                      "Actual Startup Time": 39.888,
                      "Actual Total Time": 90.86,
                      "Actual Rows": 95380,
                      "Actual Loops": 4,
                      "Recheck Cond": "(keyword_id > 44824)",
                      "Rows Removed by Index Recheck": 0,
                      "Exact Heap Blocks": 7217,
                      "Lossy Heap Blocks": 0,
                      "Plans": [
                        {
                          "Node Type": "Bitmap Index Scan",
                          "Parent Relationship": "Outer",
                          "Parallel Aware": false,
                          "Index Name": "keyword_id_movie_keyword",
                          "Startup Cost": 0.0,
                          "Total Cost": 8240.29,
                          "Plan Rows": 393048,
                          "Plan Width": 0,
                          "Actual Startup Time": 34.534,
                          "Actual Total Time": 34.534,
                          "Actual Rows": 381519,
                          "Actual Loops": 1,
                          "Index Cond": "(keyword_id > 44824)"
                        }
                      ]
                    },
                    {
                      "Node Type": "Hash",
                      "Parent Relationship": "Inner",
                      "Parallel Aware": true,
                      "Startup Cost": 42318.73,
                      "Total Cost": 42318.73,
                      "Plan Rows": 632073,
                      "Plan Width": 4,
                      "Actual Startup Time": 330.202,
                      "Actual Total Time": 330.203,
                      "Actual Rows": 632078,
                      "Actual Loops": 4,
                      "Hash Buckets": 4194304,
                      "Original Hash Buckets": 4194304,
                      "Hash Batches": 1,
                      "Original Hash Batches": 1,
                      "Peak Memory Usage": 131744,
                      "Plans": [
                        {
                          "Node Type": "Seq Scan",
                          "Parent Relationship": "Outer",
                          "Parallel Aware": true,
                          "Relation Name": "title",
                          "Alias": "t",
                          "Startup Cost": 0.0,
                          "Total Cost": 42318.73,
                          "Plan Rows": 632073,
                          "Plan Width": 4,
                          "Actual Startup Time": 0.034,
                          "Actual Total Time": 99.297,
                          "Actual Rows": 632078,
                          "Actual Loops": 4
                        }
                      ]
                    }
                  ]
                }
              ]
            }
          ]
        }
      ]
    },
    "Planning Time": 0.664,
    "Triggers": [],
    "Execution Time": 523.816
  }
]