[
  {
    "Plan": {
      "Node Type": "Aggregate",
      "Strategy": "Plain",
      "Partial Mode": "Finalize",
      "Parallel Aware": false,
      "Startup Cost": 37646.32,
      "Total Cost": 37646.33,
      "Plan Rows": 1,
      "Plan Width": 8,
      "Actual Startup Time": 111.898,
      "Actual Total Time": 121.035,
      "Actual Rows": 1,
      "Actual Loops": 1,
      "Plans": [
        {
          "Node Type": "Gather",
          "Parent Relationship": "Outer",
          "Parallel Aware": false,
          "Startup Cost": 37646.0,
          "Total Cost": 37646.31,
          "Plan Rows": 3,
          "Plan Width": 8,
          "Actual Startup Time": 111.543,
          "Actual Total Time": 121.027,
          "Actual Rows": 4,
          "Actual Loops": 1,
          "Workers Planned": 3,
          "Workers Launched": 3,
          "Single Copy": false,
          "Plans": [
            {
              "Node Type": "Aggregate",
              "Strategy": "Plain",
              "Partial Mode": "Partial",
              "Parent Relationship": "Outer",
              "Parallel Aware": false,
              "Startup Cost": 36646.0,
              "Total Cost": 36646.01,
              "Plan Rows": 1,
              "Plan Width": 8,
              "Actual Startup Time": 104.293,
              "Actual Total Time": 104.295,
              "Actual Rows": 1,
              "Actual Loops": 4,
              "Plans": [
                {
                  "Node Type": "Bitmap Heap Scan",
                  "Parent Relationship": "Outer",
                  "Parallel Aware": true,
                  "Relation Name": "movie_keyword",
                  "Alias": "mk",
                  "Startup Cost": 9927.46,
                  "Total Cost": 36268.58,
                  "Plan Rows": 150969,
                  "Plan Width": 0,
                  "Actual Startup Time": 26.672,
                  "Actual Total Time": 97.214,
                  "Actual Rows": 115990,
                  "Actual Loops": 4,
                  "Recheck Cond": "(keyword_id > 38326)",
                  "Rows Removed by Index Recheck": 0,
                  "Exact Heap Blocks": 10153,
                  "Lossy Heap Blocks": 0,
                  "Plans": [
                    {
                      "Node Type": "Bitmap Index Scan",
                      "Parent Relationship": "Outer",
                      "Parallel Aware": false,
                      "Index Name": "keyword_id_movie_keyword",
                      "Startup Cost": 0.0,
                      "Total Cost": 9810.46,
                      "Plan Rows": 468004,
                      "Plan Width": 0,
                      "Actual Startup Time": 30.074,
                      "Actual Total Time": 30.074,
                      "Actual Rows": 463960,
                      "Actual Loops": 1,
                      "Index Cond": "(keyword_id > 38326)"
                    }
                  ]
                }
              ]
            }
          ]
        }
      ]
    },
    "Planning Time": 0.226,
    "Triggers": [],
    "Execution Time": 121.109
  }
]