[
    {
        "Bao": {
            "Bao prediction": "NaN",
            "Bao recommended hint": "(no hint)"
        }
    },
    {
        "Plan": {
            "Node Type": "Aggregate",
            "Strategy": "Plain",
            "Partial Mode": "Finalize",
            "Parallel Aware": false,
            "Startup Cost": 185217.03,
            "Total Cost": 185217.04,
            "Plan Rows": 1,
            "Plan Width": 8,
            "Actual Startup Time": 139.289,
            "Actual Total Time": 146.73,
            "Actual Rows": 1,
            "Actual Loops": 1,
            "Output": [
                "count(*)"
            ],
            "Plans": [
                {
                    "Node Type": "Gather",
                    "Parent Relationship": "Outer",
                    "Parallel Aware": false,
                    "Startup Cost": 185216.51,
                    "Total Cost": 185217.02,
                    "Plan Rows": 5,
                    "Plan Width": 8,
                    "Actual Startup Time": 136.707,
                    "Actual Total Time": 146.723,
                    "Actual Rows": 6,
                    "Actual Loops": 1,
                    "Output": [
                        "(PARTIAL count(*))"
                    ],
                    "Workers Planned": 5,
                    "Workers Launched": 5,
                    "Single Copy": false,
                    "Plans": [
                        {
                            "Node Type": "Aggregate",
                            "Strategy": "Plain",
                            "Partial Mode": "Partial",
                            "Parent Relationship": "Outer",
                            "Parallel Aware": false,
                            "Startup Cost": 184216.51,
                            "Total Cost": 184216.52,
                            "Plan Rows": 1,
                            "Plan Width": 8,
                            "Actual Startup Time": 126.43,
                            "Actual Total Time": 126.433,
                            "Actual Rows": 1,
                            "Actual Loops": 6,
                            "Output": [
                                "PARTIAL count(*)"
                            ],
                            "Workers": [
                                {
                                    "Worker Number": 0,
                                    "Actual Startup Time": 123.854,
                                    "Actual Total Time": 123.858,
                                    "Actual Rows": 1,
                                    "Actual Loops": 1
                                },
                                {
                                    "Worker Number": 1,
                                    "Actual Startup Time": 124.073,
                                    "Actual Total Time": 124.077,
                                    "Actual Rows": 1,
                                    "Actual Loops": 1
                                },
                                {
                                    "Worker Number": 2,
                                    "Actual Startup Time": 124.36,
                                    "Actual Total Time": 124.363,
                                    "Actual Rows": 1,
                                    "Actual Loops": 1
                                },
                                {
                                    "Worker Number": 3,
                                    "Actual Startup Time": 124.916,
                                    "Actual Total Time": 124.919,
                                    "Actual Rows": 1,
                                    "Actual Loops": 1
                                },
                                {
                                    "Worker Number": 4,
                                    "Actual Startup Time": 125.052,
                                    "Actual Total Time": 125.056,
                                    "Actual Rows": 1,
                                    "Actual Loops": 1
                                }
                            ],
                            "Plans": [
                                {
                                    "Node Type": "Nested Loop",
                                    "Parent Relationship": "Outer",
                                    "Parallel Aware": false,
                                    "Join Type": "Inner",
                                    "Startup Cost": 12377.74,
                                    "Total Cost": 184208.47,
                                    "Plan Rows": 3214,
                                    "Plan Width": 0,
                                    "Actual Startup Time": 52.527,
                                    "Actual Total Time": 125.11,
                                    "Actual Rows": 20572,
                                    "Actual Loops": 6,
                                    "Inner Unique": true,
                                    "Workers": [
                                        {
                                            "Worker Number": 0,
                                            "Actual Startup Time": 50.024,
                                            "Actual Total Time": 122.455,
                                            "Actual Rows": 14857,
                                            "Actual Loops": 1
                                        },
                                        {
                                            "Worker Number": 1,
                                            "Actual Startup Time": 50.219,
                                            "Actual Total Time": 122.666,
                                            "Actual Rows": 14963,
                                            "Actual Loops": 1
                                        },
                                        {
                                            "Worker Number": 2,
                                            "Actual Startup Time": 50.488,
                                            "Actual Total Time": 123.117,
                                            "Actual Rows": 21503,
                                            "Actual Loops": 1
                                        },
                                        {
                                            "Worker Number": 3,
                                            "Actual Startup Time": 50.858,
                                            "Actual Total Time": 123.603,
                                            "Actual Rows": 21745,
                                            "Actual Loops": 1
                                        },
                                        {
                                            "Worker Number": 4,
                                            "Actual Startup Time": 51.186,
                                            "Actual Total Time": 123.732,
                                            "Actual Rows": 21759,
                                            "Actual Loops": 1
                                        }
                                    ],
                                    "Plans": [
                                        {
                                            "Node Type": "Hash Join",
                                            "Parent Relationship": "Outer",
                                            "Parallel Aware": true,
                                            "Join Type": "Inner",
                                            "Startup Cost": 12377.31,
                                            "Total Cost": 175195.51,
                                            "Plan Rows": 8610,
                                            "Plan Width": 8,
                                            "Actual Startup Time": 52.446,
                                            "Actual Total Time": 66.782,
                                            "Actual Rows": 20572,
                                            "Actual Loops": 6,
                                            "Output": [
                                                "ci.movie_id",
                                                "mi.movie_id"
                                            ],
                                            "Inner Unique": false,
                                            "Hash Cond": "(mi.movie_id = ci.movie_id)",
                                            "Workers": [
                                                {
                                                    "Worker Number": 0,
                                                    "Actual Startup Time": 49.927,
                                                    "Actual Total Time": 64.447,
                                                    "Actual Rows": 14857,
                                                    "Actual Loops": 1
                                                },
                                                {
                                                    "Worker Number": 1,
                                                    "Actual Startup Time": 50.123,
                                                    "Actual Total Time": 64.604,
                                                    "Actual Rows": 14963,
                                                    "Actual Loops": 1
                                                },
                                                {
                                                    "Worker Number": 2,
                                                    "Actual Startup Time": 50.404,
                                                    "Actual Total Time": 64.635,
                                                    "Actual Rows": 21503,
                                                    "Actual Loops": 1
                                                },
                                                {
                                                    "Worker Number": 3,
                                                    "Actual Startup Time": 50.772,
                                                    "Actual Total Time": 64.728,
                                                    "Actual Rows": 21745,
                                                    "Actual Loops": 1
                                                },
                                                {
                                                    "Worker Number": 4,
                                                    "Actual Startup Time": 51.088,
                                                    "Actual Total Time": 65.146,
                                                    "Actual Rows": 21759,
                                                    "Actual Loops": 1
                                                }
                                            ],
                                            "Plans": [
                                                {
                                                    "Node Type": "Bitmap Heap Scan",
                                                    "Parent Relationship": "Outer",
                                                    "Parallel Aware": true,
                                                    "Relation Name": "movie_info",
                                                    "Schema": "public",
                                                    "Alias": "mi",
                                                    "Startup Cost": 2456.66,
                                                    "Total Cost": 164773.69,
                                                    "Plan Rows": 27051,
                                                    "Plan Width": 4,
                                                    "Actual Startup Time": 7.827,
                                                    "Actual Total Time": 15.376,
                                                    "Actual Rows": 24581,
                                                    "Actual Loops": 6,
                                                    "Output": [
                                                        "mi.id",
                                                        "mi.movie_id",
                                                        "mi.info_type_id",
                                                        "mi.info",
                                                        "mi.note"
                                                    ],
                                                    "Recheck Cond": "(mi.info_type_id = 107)",
                                                    "Rows Removed by Index Recheck": 0,
                                                    "Exact Heap Blocks": 1200,
                                                    "Lossy Heap Blocks": 0,
                                                    "Workers": [
                                                        {
                                                            "Worker Number": 0,
                                                            "Actual Startup Time": 7.848,
                                                            "Actual Total Time": 15.564,
                                                            "Actual Rows": 17615,
                                                            "Actual Loops": 1
                                                        },
                                                        {
                                                            "Worker Number": 1,
                                                            "Actual Startup Time": 7.897,
                                                            "Actual Total Time": 15.399,
                                                            "Actual Rows": 18076,
                                                            "Actual Loops": 1
                                                        },
                                                        {
                                                            "Worker Number": 2,
                                                            "Actual Startup Time": 7.808,
                                                            "Actual Total Time": 15.704,
                                                            "Actual Rows": 25865,
                                                            "Actual Loops": 1
                                                        },
                                                        {
                                                            "Worker Number": 3,
                                                            "Actual Startup Time": 7.815,
                                                            "Actual Total Time": 15.279,
                                                            "Actual Rows": 25497,
                                                            "Actual Loops": 1
                                                        },
                                                        {
                                                            "Worker Number": 4,
                                                            "Actual Startup Time": 7.811,
                                                            "Actual Total Time": 15.338,
                                                            "Actual Rows": 25594,
                                                            "Actual Loops": 1
                                                        }
                                                    ],
                                                    "Plans": [
                                                        {
                                                            "Node Type": "Bitmap Index Scan",
                                                            "Parent Relationship": "Outer",
                                                            "Parallel Aware": false,
                                                            "Index Name": "info_type_id_movie_info",
                                                            "Startup Cost": 0.0,
                                                            "Total Cost": 2422.85,
                                                            "Plan Rows": 135255,
                                                            "Plan Width": 0,
                                                            "Actual Startup Time": 7.149,
                                                            "Actual Total Time": 7.15,
                                                            "Actual Rows": 147487,
                                                            "Actual Loops": 1,
                                                            "Index Cond": "(mi.info_type_id = 107)",
                                                            "Workers": [
                                                                {
                                                                    "Worker Number": 2,
                                                                    "Actual Startup Time": 7.149,
                                                                    "Actual Total Time": 7.15,
                                                                    "Actual Rows": 147487,
                                                                    "Actual Loops": 1
                                                                }
                                                            ]
                                                        }
                                                    ]
                                                },
                                                {
                                                    "Node Type": "Hash",
                                                    "Parent Relationship": "Inner",
                                                    "Parallel Aware": true,
                                                    "Startup Cost": 8709.54,
                                                    "Total Cost": 8709.54,
                                                    "Plan Rows": 96889,
                                                    "Plan Width": 4,
                                                    "Actual Startup Time": 43.065,
                                                    "Actual Total Time": 43.066,
                                                    "Actual Rows": 52588,
                                                    "Actual Loops": 6,
                                                    "Output": [
                                                        "ci.movie_id"
                                                    ],
                                                    "Hash Buckets": 524288,
                                                    "Original Hash Buckets": 524288,
                                                    "Hash Batches": 1,
                                                    "Original Hash Batches": 1,
                                                    "Peak Memory Usage": 16480,
                                                    "Workers": [
                                                        {
                                                            "Worker Number": 0,
                                                            "Actual Startup Time": 41.513,
                                                            "Actual Total Time": 41.514,
                                                            "Actual Rows": 37440,
                                                            "Actual Loops": 1
                                                        },
                                                        {
                                                            "Worker Number": 1,
                                                            "Actual Startup Time": 41.683,
                                                            "Actual Total Time": 41.683,
                                                            "Actual Rows": 42510,
                                                            "Actual Loops": 1
                                                        },
                                                        {
                                                            "Worker Number": 2,
                                                            "Actual Startup Time": 41.952,
                                                            "Actual Total Time": 41.952,
                                                            "Actual Rows": 42510,
                                                            "Actual Loops": 1
                                                        },
                                                        {
                                                            "Worker Number": 3,
                                                            "Actual Startup Time": 42.386,
                                                            "Actual Total Time": 42.387,
                                                            "Actual Rows": 44850,
                                                            "Actual Loops": 1
                                                        },
                                                        {
                                                            "Worker Number": 4,
                                                            "Actual Startup Time": 42.691,
                                                            "Actual Total Time": 42.692,
                                                            "Actual Rows": 44850,
                                                            "Actual Loops": 1
                                                        }
                                                    ],
                                                    "Plans": [
                                                        {
                                                            "Node Type": "Index Scan",
                                                            "Parent Relationship": "Outer",
                                                            "Parallel Aware": true,
                                                            "Scan Direction": "Forward",
                                                            "Index Name": "role_id_cast_info",
                                                            "Relation Name": "cast_info",
                                                            "Schema": "public",
                                                            "Alias": "ci",
                                                            "Startup Cost": 0.56,
                                                            "Total Cost": 8709.54,
                                                            "Plan Rows": 96889,
                                                            "Plan Width": 4,
                                                            "Actual Startup Time": 0.11,
                                                            "Actual Total Time": 19.933,
                                                            "Actual Rows": 52588,
                                                            "Actual Loops": 6,
                                                            "Output": [
                                                                "ci.movie_id"
                                                            ],
                                                            "Index Cond": "(ci.role_id > 10)",
                                                            "Rows Removed by Index Recheck": 0,
                                                            "Filter": "(ci.person_id > 24558)",
                                                            "Rows Removed by Filter": 98,
                                                            "Workers": [
                                                                {
                                                                    "Worker Number": 0,
                                                                    "Actual Startup Time": 0.125,
                                                                    "Actual Total Time": 19.609,
                                                                    "Actual Rows": 37440,
                                                                    "Actual Loops": 1
                                                                },
                                                                {
                                                                    "Worker Number": 1,
                                                                    "Actual Startup Time": 0.109,
                                                                    "Actual Total Time": 19.603,
                                                                    "Actual Rows": 42510,
                                                                    "Actual Loops": 1
                                                                },
                                                                {
                                                                    "Worker Number": 2,
                                                                    "Actual Startup Time": 0.121,
                                                                    "Actual Total Time": 19.759,
                                                                    "Actual Rows": 42510,
                                                                    "Actual Loops": 1
                                                                },
                                                                {
                                                                    "Worker Number": 3,
                                                                    "Actual Startup Time": 0.122,
                                                                    "Actual Total Time": 19.86,
                                                                    "Actual Rows": 44850,
                                                                    "Actual Loops": 1
                                                                },
                                                                {
                                                                    "Worker Number": 4,
                                                                    "Actual Startup Time": 0.15,
                                                                    "Actual Total Time": 20.141,
                                                                    "Actual Rows": 44850,
                                                                    "Actual Loops": 1
                                                                }
                                                            ]
                                                        }
                                                    ]
                                                }
                                            ]
                                        },
                                        {
                                            "Node Type": "Index Only Scan",
                                            "Parent Relationship": "Inner",
                                            "Parallel Aware": false,
                                            "Scan Direction": "Forward",
                                            "Index Name": "title_pkey",
                                            "Relation Name": "title",
                                            "Schema": "public",
                                            "Alias": "t",
                                            "Startup Cost": 0.43,
                                            "Total Cost": 1.05,
                                            "Plan Rows": 1,
                                            "Plan Width": 4,
                                            "Actual Startup Time": 0.003,
                                            "Actual Total Time": 0.003,
                                            "Actual Rows": 1,
                                            "Actual Loops": 123431,
                                            "Output": [
                                                "t.id"
                                            ],
                                            "Index Cond": "(t.id = ci.movie_id)",
                                            "Rows Removed by Index Recheck": 0,
                                            "Heap Fetches": 123431,
                                            "Workers": [
                                                {
                                                    "Worker Number": 0,
                                                    "Actual Startup Time": 0.003,
                                                    "Actual Total Time": 0.003,
                                                    "Actual Rows": 1,
                                                    "Actual Loops": 14857
                                                },
                                                {
                                                    "Worker Number": 1,
                                                    "Actual Startup Time": 0.003,
                                                    "Actual Total Time": 0.003,
                                                    "Actual Rows": 1,
                                                    "Actual Loops": 14963
                                                },
                                                {
                                                    "Worker Number": 2,
                                                    "Actual Startup Time": 0.002,
                                                    "Actual Total Time": 0.002,
                                                    "Actual Rows": 1,
                                                    "Actual Loops": 21503
                                                },
                                                {
                                                    "Worker Number": 3,
                                                    "Actual Startup Time": 0.002,
                                                    "Actual Total Time": 0.002,
                                                    "Actual Rows": 1,
                                                    "Actual Loops": 21745
                                                },
                                                {
                                                    "Worker Number": 4,
                                                    "Actual Startup Time": 0.002,
                                                    "Actual Total Time": 0.002,
                                                    "Actual Rows": 1,
                                                    "Actual Loops": 21759
                                                }
                                            ]
                                        }
                                    ]
                                }
                            ]
                        }
                    ]
                }
            ]
        },
        "Planning Time": 184.942,
        "Triggers": [],
        "Execution Time": 146.799
    }
]