[
  {
    "Plan": {
      "Node Type": "Aggregate",
      "Strategy": "Plain",
      "Partial Mode": "Finalize",
      "Parallel Aware": false,
      "Startup Cost": 31401.18,
      "Total Cost": 31401.19,
      "Plan Rows": 1,
      "Plan Width": 8,
      "Actual Startup Time": 101.376,
      "Actual Total Time": 109.715,
      "Actual Rows": 1,
      "Actual Loops": 1,
      "Plans": [
        {
          "Node Type": "Gather",
          "Parent Relationship": "Outer",
          "Parallel Aware": false,
          "Startup Cost": 31400.87,
          "Total Cost": 31401.18,
          "Plan Rows": 3,
          "Plan Width": 8,
          "Actual Startup Time": 101.267,
          "Actual Total Time": 109.703,
          "Actual Rows": 4,
          "Actual Loops": 1,
          "Workers Planned": 3,
          "Workers Launched": 3,
          "Single Copy": false,
          "Plans": [
            {
              "Node Type": "Aggregate",
              "Strategy": "Plain",
              "Partial Mode": "Partial",
              "Parent Relationship": "Outer",
              "Parallel Aware": false,
              "Startup Cost": 30400.87,
              "Total Cost": 30400.88,
              "Plan Rows": 1,
              "Plan Width": 8,
              "Actual Startup Time": 95.349,
              "Actual Total Time": 95.351,
              "Actual Rows": 1,
              "Actual Loops": 4,
              "Plans": [
                {
                  "Node Type": "Seq Scan",
                  "Parent Relationship": "Outer",
                  "Parallel Aware": true,
                  "Relation Name": "movie_companies",
                  "Alias": "mc",
                  "Startup Cost": 0.0,
                  "Total Cost": 29310.68,
                  "Plan Rows": 436074,
                  "Plan Width": 0,
                  "Actual Startup Time": 0.034,
                  "Actual Total Time": 77.492,
                  "Actual Rows": 336559,
                  "Actual Loops": 4,
                  "Filter": "(company_id < 11539)",
                  "Rows Removed by Filter": 315724
                }
              ]
            }
          ]
        }
      ]
    },
    "Planning Time": 0.198,
    "Triggers": [],
    "Execution Time": 109.781
  }
]