[
  {
    "Plan": {
      "Node Type": "Aggregate",
      "Strategy": "Plain",
      "Partial Mode": "Finalize",
      "Parallel Aware": false,
      "Startup Cost": 34712.42,
      "Total Cost": 34712.43,
      "Plan Rows": 1,
      "Plan Width": 8,
      "Actual Startup Time": 115.917,
      "Actual Total Time": 124.109,
      "Actual Rows": 1,
      "Actual Loops": 1,
      "Plans": [
        {
          "Node Type": "Gather",
          "Parent Relationship": "Outer",
          "Parallel Aware": false,
          "Startup Cost": 34712.11,
          "Total Cost": 34712.42,
          "Plan Rows": 3,
          "Plan Width": 8,
          "Actual Startup Time": 115.627,
          "Actual Total Time": 124.095,
          "Actual Rows": 4,
          "Actual Loops": 1,
          "Workers Planned": 3,
          "Workers Launched": 3,
          "Single Copy": false,
          "Plans": [
            {
              "Node Type": "Aggregate",
              "Strategy": "Plain",
              "Partial Mode": "Partial",
              "Parent Relationship": "Outer",
              "Parallel Aware": false,
              "Startup Cost": 33712.11,
              "Total Cost": 33712.12,
              "Plan Rows": 1,
              "Plan Width": 8,
              "Actual Startup Time": 111.218,
              "Actual Total Time": 111.219,
              "Actual Rows": 1,
              "Actual Loops": 4,
              "Plans": [
                {
                  "Node Type": "Bitmap Heap Scan",
                  "Parent Relationship": "Outer",
                  "Parallel Aware": true,
                  "Relation Name": "movie_keyword",
                  "Alias": "mk",
                  "Startup Cost": 7538.57,
                  "Total Cost": 33425.52,
                  "Plan Rows": 114636,
                  "Plan Width": 0,
                  "Actual Startup Time": 44.88,
                  "Actual Total Time": 105.916,
                  "Actual Rows": 88554,
                  "Actual Loops": 4,
                  "Recheck Cond": "(keyword_id > 47127)",
                  "Rows Removed by Index Recheck": 0,
                  "Exact Heap Blocks": 10933,
                  "Lossy Heap Blocks": 0,
                  "Plans": [
                    {
                      "Node Type": "Bitmap Index Scan",
                      "Parent Relationship": "Outer",
                      "Parallel Aware": false,
                      "Index Name": "keyword_id_movie_keyword",
                      "Startup Cost": 0.0,
                      "Total Cost": 7449.72,
                      "Plan Rows": 355372,
                      "Plan Width": 0,
                      "Actual Startup Time": 44.48,
                      "Actual Total Time": 44.481,
                      "Actual Rows": 354217,
                      "Actual Loops": 1,
                      "Index Cond": "(keyword_id > 47127)"
                    }
                  ]
                }
              ]
            }
          ]
        }
      ]
    },
    "Planning Time": 0.186,
    "Triggers": [],
    "Execution Time": 124.183
  }
]