[
  {
    "Plan": {
      "Node Type": "Aggregate",
      "Strategy": "Plain",
      "Partial Mode": "Finalize",
      "Parallel Aware": false,
      "Startup Cost": 109520.71,
      "Total Cost": 109520.72,
      "Plan Rows": 1,
      "Plan Width": 8,
      "Actual Startup Time": 901.153,
      "Actual Total Time": 923.209,
      "Actual Rows": 1,
      "Actual Loops": 1,
      "Plans": [
        {
          "Node Type": "Gather",
          "Parent Relationship": "Outer",
          "Parallel Aware": false,
          "Startup Cost": 109520.49,
          "Total Cost": 109520.7,
          "Plan Rows": 2,
          "Plan Width": 8,
          "Actual Startup Time": 889.385,
          "Actual Total Time": 923.2,
          "Actual Rows": 3,
          "Actual Loops": 1,
          "Workers Planned": 2,
          "Workers Launched": 2,
          "Single Copy": false,
          "Plans": [
            {
              "Node Type": "Aggregate",
              "Strategy": "Plain",
              "Partial Mode": "Partial",
              "Parent Relationship": "Outer",
              "Parallel Aware": false,
              "Startup Cost": 108520.49,
              "Total Cost": 108520.5,
              "Plan Rows": 1,
              "Plan Width": 8,
              "Actual Startup Time": 882.759,
              "Actual Total Time": 882.965,
              "Actual Rows": 1,
              "Actual Loops": 3,
              "Plans": [
                {
                  "Node Type": "Hash Join",
                  "Parent Relationship": "Outer",
                  "Parallel Aware": true,
                  "Join Type": "Inner",
                  "Startup Cost": 91932.96,
                  "Total Cost": 108194.74,
                  "Plan Rows": 130301,
                  "Plan Width": 0,
                  "Actual Startup Time": 731.13,
                  "Actual Total Time": 862.212,
                  "Actual Rows": 447215,
                  "Actual Loops": 3,
                  "Inner Unique": false,
                  "Hash Cond": "(mi_idx.movie_id = t.id)",
                  "Plans": [
                    {
                      "Node Type": "Seq Scan",
                      "Parent Relationship": "Outer",
                      "Parallel Aware": true,
                      "Relation Name": "movie_info_idx",
                      "Alias": "mi_idx",
                      "Startup Cost": 0.0,
                      "Total Cost": 13685.15,
                      "Plan Rows": 575015,
                      "Plan Width": 4,
                      "Actual Startup Time": 0.019,
                      "Actual Total Time": 41.885,
                      "Actual Rows": 460012,
                      "Actual Loops": 3
                    },
                    {
                      "Node Type": "Hash",
                      "Parent Relationship": "Inner",
                      "Parallel Aware": true,
                      "Startup Cost": 89622.66,
                      "Total Cost": 89622.66,
                      "Plan Rows": 184824,
                      "Plan Width": 8,
                      "Actual Startup Time": 716.567,
                      "Actual Total Time": 716.771,
                      "Actual Rows": 190994,
                      "Actual Loops": 3,
                      "Hash Buckets": 1048576,
                      "Original Hash Buckets": 1048576,
                      "Hash Batches": 1,
                      "Original Hash Batches": 1,
                      "Peak Memory Usage": 30656,
                      "Plans": [
                        {
                          "Node Type": "Hash Join",
                          "Parent Relationship": "Outer",
                          "Parallel Aware": true,
                          "Join Type": "Inner",
                          "Startup Cost": 62373.2,
                          "Total Cost": 89622.66,
                          "Plan Rows": 184824,
                          "Plan Width": 8,
                          "Actual Startup Time": 533.114,
                          "Actual Total Time": 663.482,
                          "Actual Rows": 190994,
                          "Actual Loops": 3,
                          "Inner Unique": true,
                          "Hash Cond": "(mk.movie_id = t.id)",
                          "Plans": [
                            {
                              "Node Type": "Bitmap Heap Scan",
                              "Parent Relationship": "Outer",
                              "Parallel Aware": true,
                              "Relation Name": "movie_keyword",
                              "Alias": "mk",
                              "Startup Cost": 12152.82,
                              "Total Cost": 38917.11,
                              "Plan Rows": 184824,
                              "Plan Width": 4,
                              "Actual Startup Time": 35.759,
                              "Actual Total Time": 103.035,
                              "Actual Rows": 190994,
                              "Actual Loops": 3,
                              "Recheck Cond": "(keyword_id > 32082)",
                              "Rows Removed by Index Recheck": 0,
                              "Exact Heap Blocks": 10268,
                              "Lossy Heap Blocks": 0,
                              "Plans": [
                                {
                                  "Node Type": "Bitmap Index Scan",
                                  "Parent Relationship": "Outer",
                                  "Parallel Aware": false,
                                  "Index Name": "keyword_id_movie_keyword",
                                  "Startup Cost": 0.0,
                                  "Total Cost": 12009.58,
                                  "Plan Rows": 572953,
                                  "Plan Width": 0,
                                  "Actual Startup Time": 31.95,
                                  "Actual Total Time": 31.95,
                                  "Actual Rows": 572983,
                                  "Actual Loops": 1,
                                  "Index Cond": "(keyword_id > 32082)"
                                }
                              ]
                            },
                            {
                              "Node Type": "Hash",
                              "Parent Relationship": "Inner",
                              "Parallel Aware": true,
                              "Startup Cost": 42319.06,
                              "Total Cost": 42319.06,
                              "Plan Rows": 632106,
                              "Plan Width": 4,
                              "Actual Startup Time": 486.721,
                              "Actual Total Time": 486.722,
                              "Actual Rows": 842771,
                              "Actual Loops": 3,
                              "Hash Buckets": 4194304,
                              "Original Hash Buckets": 4194304,
                              "Hash Batches": 1,
                              "Original Hash Batches": 1,
                              "Peak Memory Usage": 131712,
                              "Plans": [
                                {
                                  "Node Type": "Seq Scan",
                                  "Parent Relationship": "Outer",
                                  "Parallel Aware": true,
                                  "Relation Name": "title",
                                  "Alias": "t",
                                  "Startup Cost": 0.0,
                                  "Total Cost": 42319.06,
                                  "Plan Rows": 632106,
                                  "Plan Width": 4,
                                  "Actual Startup Time": 0.052,
                                  "Actual Total Time": 142.238,
                                  "Actual Rows": 842771,
                                  "Actual Loops": 3
                                }
                              ]
                            }
                          ]
                        }
                      ]
                    }
                  ]
                }
              ]
            }
          ]
        }
      ]
    },
    "Planning Time": 0.774,
    "Triggers": [],
    "Execution Time": 923.278
  }
]