{
  "Plan": {
    "Node Type": "Aggregate",
    "Strategy": "Plain",
    "Partial Mode": "Finalize",
    "Parallel Aware": false,
    "Startup Cost": 331396.21,
    "Total Cost": 331396.22,
    "Plan Rows": 1,
    "Plan Width": 8,
    "Actual Startup Time": 1511.517,
    "Actual Total Time": 1561.02,
    "Actual Rows": 1,
    "Actual Loops": 1,
    "Plans": [
      {
        "Node Type": "Gather",
        "Parent Relationship": "Outer",
        "Parallel Aware": false,
        "Startup Cost": 331396.1,
        "Total Cost": 331396.21,
        "Plan Rows": 1,
        "Plan Width": 8,
        "Actual Startup Time": 1511.167,
        "Actual Total Time": 1561.011,
        "Actual Rows": 2,
        "Actual Loops": 1,
        "Workers Planned": 1,
        "Workers Launched": 1,
        "Single Copy": false,
        "Plans": [
          {
            "Node Type": "Aggregate",
            "Strategy": "Plain",
            "Partial Mode": "Partial",
            "Parent Relationship": "Outer",
            "Parallel Aware": false,
            "Startup Cost": 330396.1,
            "Total Cost": 330396.11,
            "Plan Rows": 1,
            "Plan Width": 8,
            "Actual Startup Time": 1505.541,
            "Actual Total Time": 1505.545,
            "Actual Rows": 1,
            "Actual Loops": 2,
            "Plans": [
              {
                "Node Type": "Hash Join",
                "Parent Relationship": "Outer",
                "Parallel Aware": true,
                "Join Type": "Inner",
                "Startup Cost": 58447.58,
                "Total Cost": 330231.07,
                "Plan Rows": 66012,
                "Plan Width": 0,
                "Actual Startup Time": 166.438,
                "Actual Total Time": 1493.994,
                "Actual Rows": 280339,
                "Actual Loops": 2,
                "Inner Unique": true,
                "Hash Cond": "(mi.movie_id = t.id)",
                "Plans": [
                  {
                    "Node Type": "Seq Scan",
                    "Parent Relationship": "Outer",
                    "Parallel Aware": true,
                    "Relation Name": "movie_info",
                    "Alias": "mi",
                    "Startup Cost": 0.0,
                    "Total Cost": 248955.74,
                    "Plan Rows": 8696274,
                    "Plan Width": 4,
                    "Actual Startup Time": 0.009,
                    "Actual Total Time": 632.261,
                    "Actual Rows": 7417860,
                    "Actual Loops": 2
                  },
                  {
                    "Node Type": "Hash",
                    "Parent Relationship": "Inner",
                    "Parallel Aware": true,
                    "Startup Cost": 58306.47,
                    "Total Cost": 58306.47,
                    "Plan Rows": 11289,
                    "Plan Width": 4,
                    "Actual Startup Time": 145.193,
                    "Actual Total Time": 145.194,
                    "Actual Rows": 25860,
                    "Actual Loops": 2,
                    "Hash Buckets": 65536,
                    "Original Hash Buckets": 32768,
                    "Hash Batches": 1,
                    "Original Hash Batches": 1,
                    "Peak Memory Usage": 2816,
                    "Plans": [
                      {
                        "Node Type": "Seq Scan",
                        "Parent Relationship": "Outer",
                        "Parallel Aware": true,
                        "Relation Name": "title",
                        "Alias": "t",
                        "Startup Cost": 0.0,
                        "Total Cost": 58306.47,
                        "Plan Rows": 11289,
                        "Plan Width": 4,
                        "Actual Startup Time": 91.385,
                        "Actual Total Time": 138.458,
                        "Actual Rows": 25860,
                        "Actual Loops": 2,
                        "Filter": "((kind_id < 7) AND (production_year < 1914))",
                        "Rows Removed by Filter": 1238296
                      }
                    ]
                  }
                ]
              }
            ]
          }
        ]
      }
    ]
  },
  "Planning Time": 0.449,
  "Triggers": [],
  "Execution Time": 1561.1
}