{
  "Plan": {
    "Node Type": "Aggregate",
    "Strategy": "Plain",
    "Partial Mode": "Finalize",
    "Parallel Aware": false,
    "Startup Cost": 1440270.29,
    "Total Cost": 1440270.3,
    "Plan Rows": 1,
    "Plan Width": 8,
    "Actual Startup Time": 17422.449,
    "Actual Total Time": 17498.104,
    "Actual Rows": 1,
    "Actual Loops": 1,
    "Plans": [
      {
        "Node Type": "Gather",
        "Parent Relationship": "Outer",
        "Parallel Aware": false,
        "Startup Cost": 1440270.18,
        "Total Cost": 1440270.29,
        "Plan Rows": 1,
        "Plan Width": 8,
        "Actual Startup Time": 17422.381,
        "Actual Total Time": 17498.088,
        "Actual Rows": 2,
        "Actual Loops": 1,
        "Workers Planned": 1,
        "Workers Launched": 1,
        "Single Copy": false,
        "Plans": [
          {
            "Node Type": "Aggregate",
            "Strategy": "Plain",
            "Partial Mode": "Partial",
            "Parent Relationship": "Outer",
            "Parallel Aware": false,
            "Startup Cost": 1439270.18,
            "Total Cost": 1439270.19,
            "Plan Rows": 1,
            "Plan Width": 8,
            "Actual Startup Time": 17416.078,
            "Actual Total Time": 17416.08,
            "Actual Rows": 1,
            "Actual Loops": 2,
            "Plans": [
              {
                "Node Type": "Merge Join",
                "Parent Relationship": "Outer",
                "Parallel Aware": false,
                "Join Type": "Inner",
                "Startup Cost": 21.88,
                "Total Cost": 1428675.92,
                "Plan Rows": 4237701,
                "Plan Width": 0,
                "Actual Startup Time": 7.081,
                "Actual Total Time": 14480.289,
                "Actual Rows": 76125654,
                "Actual Loops": 2,
                "Inner Unique": false,
                "Merge Cond": "(mi.movie_id = t.id)",
                "Plans": [
                  {
                    "Node Type": "Index Only Scan",
                    "Parent Relationship": "Outer",
                    "Parallel Aware": true,
                    "Scan Direction": "Forward",
                    "Index Name": "movie_id_movie_info",
                    "Relation Name": "movie_info",
                    "Alias": "mi",
                    "Startup Cost": 0.43,
                    "Total Cost": 1018223.42,
                    "Plan Rows": 8696274,
                    "Plan Width": 4,
                    "Actual Startup Time": 0.109,
                    "Actual Total Time": 2302.454,
                    "Actual Rows": 7417283,
                    "Actual Loops": 2,
                    "Heap Fetches": 14834566
                  },
                  {
                    "Node Type": "Materialize",
                    "Parent Relationship": "Inner",
                    "Parallel Aware": false,
                    "Startup Cost": 14.63,
                    "Total Cost": 328476.4,
                    "Plan Rows": 1232039,
                    "Plan Width": 8,
                    "Actual Startup Time": 0.269,
                    "Actual Total Time": 5235.297,
                    "Actual Rows": 77239260,
                    "Actual Loops": 2,
                    "Plans": [
                      {
                        "Node Type": "Merge Join",
                        "Parent Relationship": "Outer",
                        "Parallel Aware": false,
                        "Join Type": "Inner",
                        "Startup Cost": 14.63,
                        "Total Cost": 325396.3,
                        "Plan Rows": 1232039,
                        "Plan Width": 8,
                        "Actual Startup Time": 0.259,
                        "Actual Total Time": 2430.848,
                        "Actual Rows": 2263832,
                        "Actual Loops": 2,
                        "Inner Unique": true,
                        "Merge Cond": "(mk.movie_id = t.id)",
                        "Plans": [
                          {
                            "Node Type": "Index Only Scan",
                            "Parent Relationship": "Outer",
                            "Parallel Aware": false,
                            "Scan Direction": "Forward",
                            "Index Name": "movie_id_movie_keyword",
                            "Relation Name": "movie_keyword",
                            "Alias": "mk",
                            "Startup Cost": 0.43,
                            "Total Cost": 177188.06,
                            "Plan Rows": 4523930,
                            "Plan Width": 4,
                            "Actual Startup Time": 0.14,
                            "Actual Total Time": 784.348,
                            "Actual Rows": 4523930,
                            "Actual Loops": 2,
                            "Heap Fetches": 9047860
                          },
                          {
                            "Node Type": "Index Scan",
                            "Parent Relationship": "Inner",
                            "Parallel Aware": false,
                            "Scan Direction": "Forward",
                            "Index Name": "title_pkey",
                            "Relation Name": "title",
                            "Alias": "t",
                            "Startup Cost": 0.43,
                            "Total Cost": 122981.43,
                            "Plan Rows": 688551,
                            "Plan Width": 4,
                            "Actual Startup Time": 0.093,
                            "Actual Total Time": 1272.115,
                            "Actual Rows": 585214,
                            "Actual Loops": 2,
                            "Filter": "((kind_id < 7) AND (production_year > 1990))",
                            "Rows Removed by Filter": 1940759
                          }
                        ]
                      }
                    ]
                  }
                ]
              }
            ]
          }
        ]
      }
    ]
  },
  "Planning Time": 1.036,
  "Triggers": [],
  "Execution Time": 17498.235
}