[
    {
        "Bao": {
            "Bao prediction": "NaN",
            "Bao recommended hint": "(no hint)"
        }
    },
    {
        "Plan": {
            "Node Type": "Aggregate",
            "Strategy": "Plain",
            "Partial Mode": "Simple",
            "Parallel Aware": false,
            "Startup Cost": 11609.52,
            "Total Cost": 11609.53,
            "Plan Rows": 1,
            "Plan Width": 8,
            "Actual Startup Time": 6.936,
            "Actual Total Time": 6.937,
            "Actual Rows": 1,
            "Actual Loops": 1,
            "Output": [
                "count(*)"
            ],
            "Plans": [
                {
                    "Node Type": "Bitmap Heap Scan",
                    "Parent Relationship": "Outer",
                    "Parallel Aware": false,
                    "Relation Name": "movie_companies",
                    "Schema": "public",
                    "Alias": "mc",
                    "Startup Cost": 112.2,
                    "Total Cost": 11596.69,
                    "Plan Rows": 5131,
                    "Plan Width": 0,
                    "Actual Startup Time": 1.331,
                    "Actual Total Time": 6.58,
                    "Actual Rows": 5164,
                    "Actual Loops": 1,
                    "Recheck Cond": "(mc.company_id = 1709)",
                    "Rows Removed by Index Recheck": 0,
                    "Exact Heap Blocks": 3075,
                    "Lossy Heap Blocks": 0,
                    "Plans": [
                        {
                            "Node Type": "Bitmap Index Scan",
                            "Parent Relationship": "Outer",
                            "Parallel Aware": false,
                            "Index Name": "company_id_movie_companies",
                            "Startup Cost": 0.0,
                            "Total Cost": 110.91,
                            "Plan Rows": 5131,
                            "Plan Width": 0,
                            "Actual Startup Time": 0.852,
                            "Actual Total Time": 0.852,
                            "Actual Rows": 5164,
                            "Actual Loops": 1,
                            "Index Cond": "(mc.company_id = 1709)"
                        }
                    ]
                }
            ]
        },
        "Planning Time": 307.093,
        "Triggers": [],
        "Execution Time": 6.987
    }
]