{
  "Plan": {
    "Node Type": "Aggregate",
    "Strategy": "Plain",
    "Partial Mode": "Finalize",
    "Parallel Aware": false,
    "Startup Cost": 952779.86,
    "Total Cost": 952779.87,
    "Plan Rows": 1,
    "Plan Width": 8,
    "Actual Startup Time": 3880.725,
    "Actual Total Time": 3970.453,
    "Actual Rows": 1,
    "Actual Loops": 1,
    "Plans": [
      {
        "Node Type": "Gather",
        "Parent Relationship": "Outer",
        "Parallel Aware": false,
        "Startup Cost": 952779.75,
        "Total Cost": 952779.86,
        "Plan Rows": 1,
        "Plan Width": 8,
        "Actual Startup Time": 3879.591,
        "Actual Total Time": 3970.443,
        "Actual Rows": 2,
        "Actual Loops": 1,
        "Workers Planned": 1,
        "Workers Launched": 1,
        "Single Copy": false,
        "Plans": [
          {
            "Node Type": "Aggregate",
            "Strategy": "Plain",
            "Partial Mode": "Partial",
            "Parent Relationship": "Outer",
            "Parallel Aware": false,
            "Startup Cost": 951779.75,
            "Total Cost": 951779.76,
            "Plan Rows": 1,
            "Plan Width": 8,
            "Actual Startup Time": 3873.907,
            "Actual Total Time": 3874.317,
            "Actual Rows": 1,
            "Actual Loops": 2,
            "Plans": [
              {
                "Node Type": "Hash Join",
                "Parent Relationship": "Outer",
                "Parallel Aware": true,
                "Join Type": "Inner",
                "Startup Cost": 649169.52,
                "Total Cost": 948745.66,
                "Plan Rows": 1213636,
                "Plan Width": 0,
                "Actual Startup Time": 2087.492,
                "Actual Total Time": 3788.818,
                "Actual Rows": 2102100,
                "Actual Loops": 2,
                "Inner Unique": false,
                "Hash Cond": "(mi.movie_id = t.id)",
                "Plans": [
                  {
                    "Node Type": "Seq Scan",
                    "Parent Relationship": "Outer",
                    "Parallel Aware": true,
                    "Relation Name": "movie_info",
                    "Alias": "mi",
                    "Startup Cost": 0.0,
                    "Total Cost": 248955.74,
                    "Plan Rows": 8696274,
                    "Plan Width": 4,
                    "Actual Startup Time": 0.026,
                    "Actual Total Time": 675.192,
                    "Actual Rows": 7417860,
                    "Actual Loops": 2
                  },
                  {
                    "Node Type": "Hash",
                    "Parent Relationship": "Inner",
                    "Parallel Aware": true,
                    "Startup Cost": 646575.09,
                    "Total Cost": 646575.09,
                    "Plan Rows": 207555,
                    "Plan Width": 8,
                    "Actual Startup Time": 2079.612,
                    "Actual Total Time": 2080.019,
                    "Actual Rows": 118587,
                    "Actual Loops": 2,
                    "Hash Buckets": 524288,
                    "Original Hash Buckets": 524288,
                    "Hash Batches": 1,
                    "Original Hash Batches": 1,
                    "Peak Memory Usage": 13408,
                    "Plans": [
                      {
                        "Node Type": "Hash Join",
                        "Parent Relationship": "Outer",
                        "Parallel Aware": true,
                        "Join Type": "Inner",
                        "Startup Cost": 58970.26,
                        "Total Cost": 646575.09,
                        "Plan Rows": 207555,
                        "Plan Width": 8,
                        "Actual Startup Time": 839.524,
                        "Actual Total Time": 2041.729,
                        "Actual Rows": 118587,
                        "Actual Loops": 2,
                        "Inner Unique": true,
                        "Hash Cond": "(ci.movie_id = t.id)",
                        "Plans": [
                          {
                            "Node Type": "Seq Scan",
                            "Parent Relationship": "Outer",
                            "Parallel Aware": true,
                            "Relation Name": "cast_info",
                            "Alias": "ci",
                            "Startup Cost": 0.0,
                            "Total Cost": 572345.93,
                            "Plan Rows": 5812906,
                            "Plan Width": 4,
                            "Actual Startup Time": 561.951,
                            "Actual Total Time": 1548.27,
                            "Actual Rows": 2102940,
                            "Actual Loops": 2,
                            "Filter": "((person_id < 1483546) AND (role_id > 1))",
                            "Rows Removed by Filter": 16019232
                          },
                          {
                            "Node Type": "Hash",
                            "Parent Relationship": "Inner",
                            "Parallel Aware": true,
                            "Startup Cost": 58306.47,
                            "Total Cost": 58306.47,
                            "Plan Rows": 53103,
                            "Plan Width": 4,
                            "Actual Startup Time": 175.445,
                            "Actual Total Time": 175.446,
                            "Actual Rows": 97486,
                            "Actual Loops": 2,
                            "Hash Buckets": 262144,
                            "Original Hash Buckets": 131072,
                            "Hash Batches": 1,
                            "Original Hash Batches": 1,
                            "Peak Memory Usage": 10720,
                            "Plans": [
                              {
                                "Node Type": "Seq Scan",
                                "Parent Relationship": "Outer",
                                "Parallel Aware": true,
                                "Relation Name": "title",
                                "Alias": "t",
                                "Startup Cost": 0.0,
                                "Total Cost": 58306.47,
                                "Plan Rows": 53103,
                                "Plan Width": 4,
                                "Actual Startup Time": 0.147,
                                "Actual Total Time": 144.004,
                                "Actual Rows": 97486,
                                "Actual Loops": 2,
                                "Filter": "((kind_id < 7) AND (production_year < 1960))",
                                "Rows Removed by Filter": 1166670
                              }
                            ]
                          }
                        ]
                      }
                    ]
                  }
                ]
              }
            ]
          }
        ]
      }
    ]
  },
  "Planning Time": 1.003,
  "Triggers": [],
  "Execution Time": 3970.552
}