{
  "Plan": {
    "Node Type": "Aggregate",
    "Strategy": "Plain",
    "Partial Mode": "Finalize",
    "Parallel Aware": false,
    "Startup Cost": 969645.29,
    "Total Cost": 969645.3,
    "Plan Rows": 1,
    "Plan Width": 8,
    "Actual Startup Time": 5730.251,
    "Actual Total Time": 5835.548,
    "Actual Rows": 1,
    "Actual Loops": 1,
    "Plans": [
      {
        "Node Type": "Gather",
        "Parent Relationship": "Outer",
        "Parallel Aware": false,
        "Startup Cost": 969645.18,
        "Total Cost": 969645.29,
        "Plan Rows": 1,
        "Plan Width": 8,
        "Actual Startup Time": 5728.018,
        "Actual Total Time": 5835.54,
        "Actual Rows": 2,
        "Actual Loops": 1,
        "Workers Planned": 1,
        "Workers Launched": 1,
        "Single Copy": false,
        "Plans": [
          {
            "Node Type": "Aggregate",
            "Strategy": "Plain",
            "Partial Mode": "Partial",
            "Parent Relationship": "Outer",
            "Parallel Aware": false,
            "Startup Cost": 968645.18,
            "Total Cost": 968645.19,
            "Plan Rows": 1,
            "Plan Width": 8,
            "Actual Startup Time": 5721.652,
            "Actual Total Time": 5721.658,
            "Actual Rows": 1,
            "Actual Loops": 2,
            "Plans": [
              {
                "Node Type": "Hash Join",
                "Parent Relationship": "Outer",
                "Parallel Aware": true,
                "Join Type": "Inner",
                "Startup Cost": 618956.87,
                "Total Cost": 964720.8,
                "Plan Rows": 1569751,
                "Plan Width": 0,
                "Actual Startup Time": 3346.634,
                "Actual Total Time": 5499.032,
                "Actual Rows": 5666768,
                "Actual Loops": 2,
                "Inner Unique": false,
                "Hash Cond": "(mi.movie_id = t.id)",
                "Plans": [
                  {
                    "Node Type": "Seq Scan",
                    "Parent Relationship": "Outer",
                    "Parallel Aware": true,
                    "Relation Name": "movie_info",
                    "Alias": "mi",
                    "Startup Cost": 0.0,
                    "Total Cost": 270696.42,
                    "Plan Rows": 6583369,
                    "Plan Width": 4,
                    "Actual Startup Time": 0.018,
                    "Actual Total Time": 739.024,
                    "Actual Rows": 5605372,
                    "Actual Loops": 2,
                    "Filter": "(info_type_id > 3)",
                    "Rows Removed by Filter": 1812488
                  },
                  {
                    "Node Type": "Hash",
                    "Parent Relationship": "Inner",
                    "Parallel Aware": true,
                    "Startup Cost": 614524.15,
                    "Total Cost": 614524.15,
                    "Plan Rows": 354618,
                    "Plan Width": 8,
                    "Actual Startup Time": 3333.607,
                    "Actual Total Time": 3333.611,
                    "Actual Rows": 402562,
                    "Actual Loops": 2,
                    "Hash Buckets": 1048576,
                    "Original Hash Buckets": 1048576,
                    "Hash Batches": 1,
                    "Original Hash Batches": 1,
                    "Peak Memory Usage": 39712,
                    "Plans": [
                      {
                        "Node Type": "Hash Join",
                        "Parent Relationship": "Outer",
                        "Parallel Aware": true,
                        "Join Type": "Inner",
                        "Startup Cost": 58778.31,
                        "Total Cost": 614524.15,
                        "Plan Rows": 354618,
                        "Plan Width": 8,
                        "Actual Startup Time": 636.634,
                        "Actual Total Time": 3213.014,
                        "Actual Rows": 402562,
                        "Actual Loops": 2,
                        "Inner Unique": true,
                        "Hash Cond": "(ci.movie_id = t.id)",
                        "Plans": [
                          {
                            "Node Type": "Seq Scan",
                            "Parent Relationship": "Outer",
                            "Parallel Aware": true,
                            "Relation Name": "cast_info",
                            "Alias": "ci",
                            "Startup Cost": 0.0,
                            "Total Cost": 519069.44,
                            "Plan Rows": 13971936,
                            "Plan Width": 4,
                            "Actual Startup Time": 476.564,
                            "Actual Total Time": 1711.659,
                            "Actual Rows": 11786828,
                            "Actual Loops": 2,
                            "Filter": "(role_id > 1)",
                            "Rows Removed by Filter": 6335344
                          },
                          {
                            "Node Type": "Hash",
                            "Parent Relationship": "Inner",
                            "Parallel Aware": true,
                            "Startup Cost": 58306.47,
                            "Total Cost": 58306.47,
                            "Plan Rows": 37747,
                            "Plan Width": 4,
                            "Actual Startup Time": 159.557,
                            "Actual Total Time": 159.558,
                            "Actual Rows": 82466,
                            "Actual Loops": 2,
                            "Hash Buckets": 262144,
                            "Original Hash Buckets": 65536,
                            "Hash Batches": 1,
                            "Original Hash Batches": 1,
                            "Peak Memory Usage": 10080,
                            "Plans": [
                              {
                                "Node Type": "Seq Scan",
                                "Parent Relationship": "Outer",
                                "Parallel Aware": true,
                                "Relation Name": "title",
                                "Alias": "t",
                                "Startup Cost": 0.0,
                                "Total Cost": 58306.47,
                                "Plan Rows": 37747,
                                "Plan Width": 4,
                                "Actual Startup Time": 0.495,
                                "Actual Total Time": 138.113,
                                "Actual Rows": 82466,
                                "Actual Loops": 2,
                                "Filter": "((kind_id < 7) AND (production_year < 1951))",
                                "Rows Removed by Filter": 1181690
                              }
                            ]
                          }
                        ]
                      }
                    ]
                  }
                ]
              }
            ]
          }
        ]
      }
    ]
  },
  "Planning Time": 0.974,
  "Triggers": [],
  "Execution Time": 5835.649
}