[
  {
    "Plan": {
      "Node Type": "Aggregate",
      "Strategy": "Plain",
      "Partial Mode": "Simple",
      "Parallel Aware": false,
      "Startup Cost": 5591.64,
      "Total Cost": 5591.65,
      "Plan Rows": 1,
      "Plan Width": 8,
      "Actual Startup Time": 4.257,
      "Actual Total Time": 4.259,
      "Actual Rows": 1,
      "Actual Loops": 1,
      "Plans": [
        {
          "Node Type": "Index Only Scan",
          "Parent Relationship": "Outer",
          "Parallel Aware": false,
          "Scan Direction": "Forward",
          "Index Name": "company_id_movie_companies",
          "Relation Name": "movie_companies",
          "Alias": "mc",
          "Startup Cost": 0.43,
          "Total Cost": 5585.98,
          "Plan Rows": 2261,
          "Plan Width": 0,
          "Actual Startup Time": 0.236,
          "Actual Total Time": 3.915,
          "Actual Rows": 1939,
          "Actual Loops": 1,
          "Index Cond": "(company_id = 11151)",
          "Rows Removed by Index Recheck": 0,
          "Heap Fetches": 1939
        }
      ]
    },
    "Planning Time": 0.181,
    "Triggers": [],
    "Execution Time": 4.313
  }
]