{
  "Plan": {
    "Node Type": "Aggregate",
    "Strategy": "Plain",
    "Partial Mode": "Finalize",
    "Parallel Aware": false,
    "Startup Cost": 125189.62,
    "Total Cost": 125189.63,
    "Plan Rows": 1,
    "Plan Width": 8,
    "Actual Startup Time": 372.682,
    "Actual Total Time": 406.254,
    "Actual Rows": 1,
    "Actual Loops": 1,
    "Plans": [
      {
        "Node Type": "Gather",
        "Parent Relationship": "Outer",
        "Parallel Aware": false,
        "Startup Cost": 125189.51,
        "Total Cost": 125189.62,
        "Plan Rows": 1,
        "Plan Width": 8,
        "Actual Startup Time": 372.418,
        "Actual Total Time": 406.247,
        "Actual Rows": 2,
        "Actual Loops": 1,
        "Workers Planned": 1,
        "Workers Launched": 1,
        "Single Copy": false,
        "Plans": [
          {
            "Node Type": "Aggregate",
            "Strategy": "Plain",
            "Partial Mode": "Partial",
            "Parent Relationship": "Outer",
            "Parallel Aware": false,
            "Startup Cost": 124189.51,
            "Total Cost": 124189.52,
            "Plan Rows": 1,
            "Plan Width": 8,
            "Actual Startup Time": 366.22,
            "Actual Total Time": 366.224,
            "Actual Rows": 1,
            "Actual Loops": 2,
            "Plans": [
              {
                "Node Type": "Nested Loop",
                "Parent Relationship": "Outer",
                "Parallel Aware": false,
                "Join Type": "Inner",
                "Startup Cost": 58724.07,
                "Total Cost": 124089.56,
                "Plan Rows": 39978,
                "Plan Width": 0,
                "Actual Startup Time": 173.336,
                "Actual Total Time": 360.001,
                "Actual Rows": 138000,
                "Actual Loops": 2,
                "Inner Unique": false,
                "Join Filter": "(t.id = mi.movie_id)",
                "Rows Removed by Join Filter": 0,
                "Plans": [
                  {
                    "Node Type": "Hash Join",
                    "Parent Relationship": "Outer",
                    "Parallel Aware": true,
                    "Join Type": "Inner",
                    "Startup Cost": 58723.64,
                    "Total Cost": 101098.2,
                    "Plan Rows": 6837,
                    "Plan Width": 8,
                    "Actual Startup Time": 173.26,
                    "Actual Total Time": 251.277,
                    "Actual Rows": 4612,
                    "Actual Loops": 2,
                    "Inner Unique": true,
                    "Hash Cond": "(mc.movie_id = t.id)",
                    "Plans": [
                      {
                        "Node Type": "Index Scan",
                        "Parent Relationship": "Outer",
                        "Parallel Aware": true,
                        "Scan Direction": "Forward",
                        "Index Name": "company_type_id_movie_companies",
                        "Relation Name": "movie_companies",
                        "Alias": "mc",
                        "Startup Cost": 0.43,
                        "Total Cost": 41574.35,
                        "Plan Rows": 305005,
                        "Plan Width": 4,
                        "Actual Startup Time": 27.819,
                        "Actual Total Time": 90.104,
                        "Actual Rows": 112090,
                        "Actual Loops": 2,
                        "Index Cond": "(company_type_id = 1)",
                        "Rows Removed by Index Recheck": 0,
                        "Filter": "(company_id > 14670)",
                        "Rows Removed by Filter": 525032
                      },
                      {
                        "Node Type": "Hash",
                        "Parent Relationship": "Inner",
                        "Parallel Aware": true,
                        "Startup Cost": 58306.47,
                        "Total Cost": 58306.47,
                        "Plan Rows": 33339,
                        "Plan Width": 4,
                        "Actual Startup Time": 144.414,
                        "Actual Total Time": 144.415,
                        "Actual Rows": 24538,
                        "Actual Loops": 2,
                        "Hash Buckets": 65536,
                        "Original Hash Buckets": 65536,
                        "Hash Batches": 1,
                        "Original Hash Batches": 1,
                        "Peak Memory Usage": 2464,
                        "Plans": [
                          {
                            "Node Type": "Seq Scan",
                            "Parent Relationship": "Outer",
                            "Parallel Aware": true,
                            "Relation Name": "title",
                            "Alias": "t",
                            "Startup Cost": 0.0,
                            "Total Cost": 58306.47,
                            "Plan Rows": 33339,
                            "Plan Width": 4,
                            "Actual Startup Time": 0.125,
                            "Actual Total Time": 138.388,
                            "Actual Rows": 24538,
                            "Actual Loops": 2,
                            "Filter": "((kind_id < 7) AND (production_year = 2010))",
                            "Rows Removed by Filter": 1239618
                          }
                        ]
                      }
                    ]
                  },
                  {
                    "Node Type": "Index Only Scan",
                    "Parent Relationship": "Inner",
                    "Parallel Aware": false,
                    "Scan Direction": "Forward",
                    "Index Name": "movie_id_movie_info",
                    "Relation Name": "movie_info",
                    "Alias": "mi",
                    "Startup Cost": 0.43,
                    "Total Cost": 2.84,
                    "Plan Rows": 42,
                    "Plan Width": 4,
                    "Actual Startup Time": 0.007,
                    "Actual Total Time": 0.021,
                    "Actual Rows": 30,
                    "Actual Loops": 9225,
                    "Index Cond": "(movie_id = mc.movie_id)",
                    "Rows Removed by Index Recheck": 0,
                    "Heap Fetches": 276001
                  }
                ]
              }
            ]
          }
        ]
      }
    ]
  },
  "Planning Time": 0.989,
  "Triggers": [],
  "Execution Time": 406.343
}