[
    {
        "Bao": {
            "Bao prediction": "NaN",
            "Bao recommended hint": "(no hint)"
        }
    },
    {
        "Plan": {
            "Node Type": "Aggregate",
            "Strategy": "Plain",
            "Partial Mode": "Finalize",
            "Parallel Aware": false,
            "Startup Cost": 31086.93,
            "Total Cost": 31086.94,
            "Plan Rows": 1,
            "Plan Width": 8,
            "Actual Startup Time": 130.844,
            "Actual Total Time": 141.415,
            "Actual Rows": 1,
            "Actual Loops": 1,
            "Output": [
                "count(*)"
            ],
            "Plans": [
                {
                    "Node Type": "Gather",
                    "Parent Relationship": "Outer",
                    "Parallel Aware": false,
                    "Startup Cost": 31086.61,
                    "Total Cost": 31086.92,
                    "Plan Rows": 3,
                    "Plan Width": 8,
                    "Actual Startup Time": 130.474,
                    "Actual Total Time": 141.403,
                    "Actual Rows": 4,
                    "Actual Loops": 1,
                    "Output": [
                        "(PARTIAL count(*))"
                    ],
                    "Workers Planned": 3,
                    "Workers Launched": 3,
                    "Single Copy": false,
                    "Plans": [
                        {
                            "Node Type": "Aggregate",
                            "Strategy": "Plain",
                            "Partial Mode": "Partial",
                            "Parent Relationship": "Outer",
                            "Parallel Aware": false,
                            "Startup Cost": 30086.61,
                            "Total Cost": 30086.62,
                            "Plan Rows": 1,
                            "Plan Width": 8,
                            "Actual Startup Time": 120.797,
                            "Actual Total Time": 120.8,
                            "Actual Rows": 1,
                            "Actual Loops": 4,
                            "Output": [
                                "PARTIAL count(*)"
                            ],
                            "Workers": [
                                {
                                    "Worker Number": 0,
                                    "Actual Startup Time": 117.653,
                                    "Actual Total Time": 117.655,
                                    "Actual Rows": 1,
                                    "Actual Loops": 1
                                },
                                {
                                    "Worker Number": 1,
                                    "Actual Startup Time": 117.655,
                                    "Actual Total Time": 117.657,
                                    "Actual Rows": 1,
                                    "Actual Loops": 1
                                },
                                {
                                    "Worker Number": 2,
                                    "Actual Startup Time": 118.103,
                                    "Actual Total Time": 118.106,
                                    "Actual Rows": 1,
                                    "Actual Loops": 1
                                }
                            ],
                            "Plans": [
                                {
                                    "Node Type": "Bitmap Heap Scan",
                                    "Parent Relationship": "Outer",
                                    "Parallel Aware": true,
                                    "Relation Name": "movie_companies",
                                    "Schema": "public",
                                    "Alias": "mc",
                                    "Startup Cost": 9083.63,
                                    "Total Cost": 29913.29,
                                    "Plan Rows": 69326,
                                    "Plan Width": 0,
                                    "Actual Startup Time": 95.041,
                                    "Actual Total Time": 118.918,
                                    "Actual Rows": 24676,
                                    "Actual Loops": 4,
                                    "Recheck Cond": "(mc.company_id < 293)",
                                    "Rows Removed by Index Recheck": 0,
                                    "Filter": "(mc.company_type_id = 2)",
                                    "Rows Removed by Filter": 80276,
                                    "Exact Heap Blocks": 7419,
                                    "Lossy Heap Blocks": 0,
                                    "Workers": [
                                        {
                                            "Worker Number": 0,
                                            "Actual Startup Time": 91.903,
                                            "Actual Total Time": 115.975,
                                            "Actual Rows": 22482,
                                            "Actual Loops": 1
                                        },
                                        {
                                            "Worker Number": 1,
                                            "Actual Startup Time": 91.898,
                                            "Actual Total Time": 115.963,
                                            "Actual Rows": 22259,
                                            "Actual Loops": 1
                                        },
                                        {
                                            "Worker Number": 2,
                                            "Actual Startup Time": 92.342,
                                            "Actual Total Time": 116.479,
                                            "Actual Rows": 21578,
                                            "Actual Loops": 1
                                        }
                                    ],
                                    "Plans": [
                                        {
                                            "Node Type": "Bitmap Index Scan",
                                            "Parent Relationship": "Outer",
                                            "Parallel Aware": false,
                                            "Index Name": "company_id_movie_companies",
                                            "Startup Cost": 0.0,
                                            "Total Cost": 9029.91,
                                            "Plan Rows": 421530,
                                            "Plan Width": 0,
                                            "Actual Startup Time": 46.157,
                                            "Actual Total Time": 46.158,
                                            "Actual Rows": 419809,
                                            "Actual Loops": 1,
                                            "Index Cond": "(mc.company_id < 293)"
                                        }
                                    ]
                                }
                            ]
                        }
                    ]
                }
            ]
        },
        "Planning Time": 317.161,
        "Triggers": [],
        "Execution Time": 141.543
    }
]