[
  {
    "Plan": {
      "Node Type": "Aggregate",
      "Strategy": "Plain",
      "Partial Mode": "Finalize",
      "Parallel Aware": false,
      "Startup Cost": 99492.27,
      "Total Cost": 99492.28,
      "Plan Rows": 1,
      "Plan Width": 8,
      "Actual Startup Time": 823.573,
      "Actual Total Time": 842.024,
      "Actual Rows": 1,
      "Actual Loops": 1,
      "Plans": [
        {
          "Node Type": "Gather",
          "Parent Relationship": "Outer",
          "Parallel Aware": false,
          "Startup Cost": 99492.06,
          "Total Cost": 99492.27,
          "Plan Rows": 2,
          "Plan Width": 8,
          "Actual Startup Time": 814.774,
          "Actual Total Time": 842.014,
          "Actual Rows": 3,
          "Actual Loops": 1,
          "Workers Planned": 2,
          "Workers Launched": 2,
          "Single Copy": false,
          "Plans": [
            {
              "Node Type": "Aggregate",
              "Strategy": "Plain",
              "Partial Mode": "Partial",
              "Parent Relationship": "Outer",
              "Parallel Aware": false,
              "Startup Cost": 98492.06,
              "Total Cost": 98492.07,
              "Plan Rows": 1,
              "Plan Width": 8,
              "Actual Startup Time": 807.82,
              "Actual Total Time": 808.332,
              "Actual Rows": 1,
              "Actual Loops": 3,
              "Plans": [
                {
                  "Node Type": "Hash Join",
                  "Parent Relationship": "Outer",
                  "Parallel Aware": true,
                  "Join Type": "Inner",
                  "Startup Cost": 81668.39,
                  "Total Cost": 98000.95,
                  "Plan Rows": 196443,
                  "Plan Width": 0,
                  "Actual Startup Time": 636.695,
                  "Actual Total Time": 790.512,
                  "Actual Rows": 409048,
                  "Actual Loops": 3,
                  "Inner Unique": false,
                  "Hash Cond": "(mi_idx.movie_id = t.id)",
                  "Plans": [
                    {
                      "Node Type": "Seq Scan",
                      "Parent Relationship": "Outer",
                      "Parallel Aware": true,
                      "Relation Name": "movie_info_idx",
                      "Alias": "mi_idx",
                      "Startup Cost": 0.0,
                      "Total Cost": 13685.15,
                      "Plan Rows": 575015,
                      "Plan Width": 4,
                      "Actual Startup Time": 0.034,
                      "Actual Total Time": 38.619,
                      "Actual Rows": 460012,
                      "Actual Loops": 3
                    },
                    {
                      "Node Type": "Hash",
                      "Parent Relationship": "Inner",
                      "Parallel Aware": true,
                      "Startup Cost": 78969.19,
                      "Total Cost": 78969.19,
                      "Plan Rows": 215936,
                      "Plan Width": 8,
                      "Actual Startup Time": 631.233,
                      "Actual Total Time": 631.743,
                      "Actual Rows": 292436,
                      "Actual Loops": 3,
                      "Hash Buckets": 1048576,
                      "Original Hash Buckets": 1048576,
                      "Hash Batches": 1,
                      "Original Hash Batches": 1,
                      "Peak Memory Usage": 42560,
                      "Plans": [
                        {
                          "Node Type": "Hash Join",
                          "Parent Relationship": "Outer",
                          "Parallel Aware": true,
                          "Join Type": "Inner",
                          "Startup Cost": 32793.52,
                          "Total Cost": 78969.19,
                          "Plan Rows": 215936,
                          "Plan Width": 8,
                          "Actual Startup Time": 184.507,
                          "Actual Total Time": 547.009,
                          "Actual Rows": 292436,
                          "Actual Loops": 3,
                          "Inner Unique": false,
                          "Hash Cond": "(t.id = mc.movie_id)",
                          "Plans": [
                            {
                              "Node Type": "Seq Scan",
                              "Parent Relationship": "Outer",
                              "Parallel Aware": true,
                              "Relation Name": "title",
                              "Alias": "t",
                              "Startup Cost": 0.0,
                              "Total Cost": 42318.73,
                              "Plan Rows": 632073,
                              "Plan Width": 4,
                              "Actual Startup Time": 0.013,
                              "Actual Total Time": 92.157,
                              "Actual Rows": 842771,
                              "Actual Loops": 3
                            },
                            {
                              "Node Type": "Hash",
                              "Parent Relationship": "Inner",
                              "Parallel Aware": true,
                              "Startup Cost": 29310.68,
                              "Total Cost": 29310.68,
                              "Plan Rows": 278627,
                              "Plan Width": 4,
                              "Actual Startup Time": 181.291,
                              "Actual Total Time": 181.292,
                              "Actual Rows": 292436,
                              "Actual Loops": 3,
                              "Hash Buckets": 1048576,
                              "Original Hash Buckets": 1048576,
                              "Hash Batches": 1,
                              "Original Hash Batches": 1,
                              "Peak Memory Usage": 42560,
                              "Plans": [
                                {
                                  "Node Type": "Seq Scan",
                                  "Parent Relationship": "Outer",
                                  "Parallel Aware": true,
                                  "Relation Name": "movie_companies",
                                  "Alias": "mc",
                                  "Startup Cost": 0.0,
                                  "Total Cost": 29310.68,
                                  "Plan Rows": 278627,
                                  "Plan Width": 4,
                                  "Actual Startup Time": 23.821,
                                  "Actual Total Time": 97.226,
                                  "Actual Rows": 292436,
                                  "Actual Loops": 3,
                                  "Filter": "(company_id > 23057)",
                                  "Rows Removed by Filter": 577274
                                }
                              ]
                            }
                          ]
                        }
                      ]
                    }
                  ]
                }
              ]
            }
          ]
        }
      ]
    },
    "Planning Time": 0.826,
    "Triggers": [],
    "Execution Time": 842.104
  }
]