[
  {
    "Plan": {
      "Node Type": "Aggregate",
      "Strategy": "Plain",
      "Partial Mode": "Finalize",
      "Parallel Aware": false,
      "Startup Cost": 122102.95,
      "Total Cost": 122102.96,
      "Plan Rows": 1,
      "Plan Width": 8,
      "Actual Startup Time": 194.924,
      "Actual Total Time": 206.279,
      "Actual Rows": 1,
      "Actual Loops": 1,
      "Plans": [
        {
          "Node Type": "Gather",
          "Parent Relationship": "Outer",
          "Parallel Aware": false,
          "Startup Cost": 122102.43,
          "Total Cost": 122102.93,
          "Plan Rows": 5,
          "Plan Width": 8,
          "Actual Startup Time": 194.714,
          "Actual Total Time": 206.269,
          "Actual Rows": 6,
          "Actual Loops": 1,
          "Workers Planned": 5,
          "Workers Launched": 5,
          "Single Copy": false,
          "Plans": [
            {
              "Node Type": "Aggregate",
              "Strategy": "Plain",
              "Partial Mode": "Partial",
              "Parent Relationship": "Outer",
              "Parallel Aware": false,
              "Startup Cost": 121102.43,
              "Total Cost": 121102.43,
              "Plan Rows": 1,
              "Plan Width": 8,
              "Actual Startup Time": 184.32,
              "Actual Total Time": 184.321,
              "Actual Rows": 1,
              "Actual Loops": 6,
              "Plans": [
                {
                  "Node Type": "Index Scan",
                  "Parent Relationship": "Outer",
                  "Parallel Aware": true,
                  "Scan Direction": "Forward",
                  "Index Name": "role_id_cast_info",
                  "Relation Name": "cast_info",
                  "Alias": "ci",
                  "Startup Cost": 0.56,
                  "Total Cost": 119623.46,
                  "Plan Rows": 591588,
                  "Plan Width": 0,
                  "Actual Startup Time": 0.174,
                  "Actual Total Time": 154.75,
                  "Actual Rows": 644289,
                  "Actual Loops": 6,
                  "Index Cond": "(role_id = 10)",
                  "Rows Removed by Index Recheck": 0,
                  "Filter": "(person_id > 1158466)",
                  "Rows Removed by Filter": 76214
                }
              ]
            }
          ]
        }
      ]
    },
    "Planning Time": 0.214,
    "Triggers": [],
    "Execution Time": 206.34
  }
]