[
    {
        "Bao": {
            "Bao prediction": 677.722,
            "Bao recommended hint": "(no hint)"
        }
    },
    {
        "Plan": {
            "Node Type": "Aggregate",
            "Strategy": "Plain",
            "Partial Mode": "Finalize",
            "Parallel Aware": false,
            "Startup Cost": 318786.43,
            "Total Cost": 318786.44,
            "Plan Rows": 1,
            "Plan Width": 8,
            "Actual Startup Time": 228.443,
            "Actual Total Time": 233.821,
            "Actual Rows": 1,
            "Actual Loops": 1,
            "Output": [
                "count(*)"
            ],
            "Plans": [
                {
                    "Node Type": "Gather",
                    "Parent Relationship": "Outer",
                    "Parallel Aware": false,
                    "Startup Cost": 318785.81,
                    "Total Cost": 318786.42,
                    "Plan Rows": 6,
                    "Plan Width": 8,
                    "Actual Startup Time": 227.511,
                    "Actual Total Time": 233.813,
                    "Actual Rows": 7,
                    "Actual Loops": 1,
                    "Output": [
                        "(PARTIAL count(*))"
                    ],
                    "Workers Planned": 6,
                    "Workers Launched": 6,
                    "Single Copy": false,
                    "Plans": [
                        {
                            "Node Type": "Aggregate",
                            "Strategy": "Plain",
                            "Partial Mode": "Partial",
                            "Parent Relationship": "Outer",
                            "Parallel Aware": false,
                            "Startup Cost": 317785.81,
                            "Total Cost": 317785.82,
                            "Plan Rows": 1,
                            "Plan Width": 8,
                            "Actual Startup Time": 217.383,
                            "Actual Total Time": 217.384,
                            "Actual Rows": 1,
                            "Actual Loops": 7,
                            "Output": [
                                "PARTIAL count(*)"
                            ],
                            "Workers": [
                                {
                                    "Worker Number": 0,
                                    "Actual Startup Time": 215.431,
                                    "Actual Total Time": 215.432,
                                    "Actual Rows": 1,
                                    "Actual Loops": 1
                                },
                                {
                                    "Worker Number": 1,
                                    "Actual Startup Time": 215.424,
                                    "Actual Total Time": 215.426,
                                    "Actual Rows": 1,
                                    "Actual Loops": 1
                                },
                                {
                                    "Worker Number": 2,
                                    "Actual Startup Time": 215.437,
                                    "Actual Total Time": 215.438,
                                    "Actual Rows": 1,
                                    "Actual Loops": 1
                                },
                                {
                                    "Worker Number": 3,
                                    "Actual Startup Time": 215.974,
                                    "Actual Total Time": 215.975,
                                    "Actual Rows": 1,
                                    "Actual Loops": 1
                                },
                                {
                                    "Worker Number": 4,
                                    "Actual Startup Time": 215.956,
                                    "Actual Total Time": 215.957,
                                    "Actual Rows": 1,
                                    "Actual Loops": 1
                                },
                                {
                                    "Worker Number": 5,
                                    "Actual Startup Time": 216.75,
                                    "Actual Total Time": 216.751,
                                    "Actual Rows": 1,
                                    "Actual Loops": 1
                                }
                            ],
                            "Plans": [
                                {
                                    "Node Type": "Bitmap Heap Scan",
                                    "Parent Relationship": "Outer",
                                    "Parallel Aware": true,
                                    "Relation Name": "cast_info",
                                    "Schema": "public",
                                    "Alias": "ci",
                                    "Startup Cost": 58083.97,
                                    "Total Cost": 317397.01,
                                    "Plan Rows": 155520,
                                    "Plan Width": 0,
                                    "Actual Startup Time": 106.387,
                                    "Actual Total Time": 202.053,
                                    "Actual Rows": 277741,
                                    "Actual Loops": 7,
                                    "Recheck Cond": "(ci.person_id < 259101)",
                                    "Rows Removed by Index Recheck": 0,
                                    "Filter": "(ci.role_id = 1)",
                                    "Rows Removed by Filter": 108563,
                                    "Exact Heap Blocks": 5909,
                                    "Lossy Heap Blocks": 0,
                                    "Workers": [
                                        {
                                            "Worker Number": 0,
                                            "Actual Startup Time": 104.685,
                                            "Actual Total Time": 200.301,
                                            "Actual Rows": 248899,
                                            "Actual Loops": 1
                                        },
                                        {
                                            "Worker Number": 1,
                                            "Actual Startup Time": 104.501,
                                            "Actual Total Time": 200.36,
                                            "Actual Rows": 254058,
                                            "Actual Loops": 1
                                        },
                                        {
                                            "Worker Number": 2,
                                            "Actual Startup Time": 104.592,
                                            "Actual Total Time": 200.229,
                                            "Actual Rows": 256610,
                                            "Actual Loops": 1
                                        },
                                        {
                                            "Worker Number": 3,
                                            "Actual Startup Time": 104.92,
                                            "Actual Total Time": 200.749,
                                            "Actual Rows": 248923,
                                            "Actual Loops": 1
                                        },
                                        {
                                            "Worker Number": 4,
                                            "Actual Startup Time": 104.961,
                                            "Actual Total Time": 200.815,
                                            "Actual Rows": 249087,
                                            "Actual Loops": 1
                                        },
                                        {
                                            "Worker Number": 5,
                                            "Actual Startup Time": 105.728,
                                            "Actual Total Time": 201.559,
                                            "Actual Rows": 254677,
                                            "Actual Loops": 1
                                        }
                                    ],
                                    "Plans": [
                                        {
                                            "Node Type": "Bitmap Index Scan",
                                            "Parent Relationship": "Outer",
                                            "Parallel Aware": false,
                                            "Index Name": "person_id_cast_info",
                                            "Startup Cost": 0.0,
                                            "Total Cost": 57850.68,
                                            "Plan Rows": 2650416,
                                            "Plan Width": 0,
                                            "Actual Startup Time": 110.87,
                                            "Actual Total Time": 110.871,
                                            "Actual Rows": 2704124,
                                            "Actual Loops": 1,
                                            "Index Cond": "(ci.person_id < 259101)"
                                        }
                                    ]
                                }
                            ]
                        }
                    ]
                }
            ]
        },
        "Planning Time": 567.219,
        "Triggers": [],
        "Execution Time": 233.921
    }
]