[
    {
        "Bao": {
            "Bao prediction": "NaN",
            "Bao recommended hint": "(no hint)"
        }
    },
    {
        "Plan": {
            "Node Type": "Aggregate",
            "Strategy": "Plain",
            "Partial Mode": "Finalize",
            "Parallel Aware": false,
            "Startup Cost": 33626.22,
            "Total Cost": 33626.23,
            "Plan Rows": 1,
            "Plan Width": 8,
            "Actual Startup Time": 91.608,
            "Actual Total Time": 98.498,
            "Actual Rows": 1,
            "Actual Loops": 1,
            "Output": [
                "count(*)"
            ],
            "Plans": [
                {
                    "Node Type": "Gather",
                    "Parent Relationship": "Outer",
                    "Parallel Aware": false,
                    "Startup Cost": 33625.9,
                    "Total Cost": 33626.21,
                    "Plan Rows": 3,
                    "Plan Width": 8,
                    "Actual Startup Time": 91.267,
                    "Actual Total Time": 98.49,
                    "Actual Rows": 4,
                    "Actual Loops": 1,
                    "Output": [
                        "(PARTIAL count(*))"
                    ],
                    "Workers Planned": 3,
                    "Workers Launched": 3,
                    "Single Copy": false,
                    "Plans": [
                        {
                            "Node Type": "Aggregate",
                            "Strategy": "Plain",
                            "Partial Mode": "Partial",
                            "Parent Relationship": "Outer",
                            "Parallel Aware": false,
                            "Startup Cost": 32625.9,
                            "Total Cost": 32625.91,
                            "Plan Rows": 1,
                            "Plan Width": 8,
                            "Actual Startup Time": 82.704,
                            "Actual Total Time": 82.706,
                            "Actual Rows": 1,
                            "Actual Loops": 4,
                            "Output": [
                                "PARTIAL count(*)"
                            ],
                            "Workers": [
                                {
                                    "Worker Number": 0,
                                    "Actual Startup Time": 79.326,
                                    "Actual Total Time": 79.327,
                                    "Actual Rows": 1,
                                    "Actual Loops": 1
                                },
                                {
                                    "Worker Number": 1,
                                    "Actual Startup Time": 80.125,
                                    "Actual Total Time": 80.126,
                                    "Actual Rows": 1,
                                    "Actual Loops": 1
                                },
                                {
                                    "Worker Number": 2,
                                    "Actual Startup Time": 80.351,
                                    "Actual Total Time": 80.352,
                                    "Actual Rows": 1,
                                    "Actual Loops": 1
                                }
                            ],
                            "Plans": [
                                {
                                    "Node Type": "Bitmap Heap Scan",
                                    "Parent Relationship": "Outer",
                                    "Parallel Aware": true,
                                    "Relation Name": "movie_keyword",
                                    "Schema": "public",
                                    "Alias": "mk",
                                    "Startup Cost": 6654.62,
                                    "Total Cost": 32373.02,
                                    "Plan Rows": 101152,
                                    "Plan Width": 0,
                                    "Actual Startup Time": 17.958,
                                    "Actual Total Time": 78.053,
                                    "Actual Rows": 77829,
                                    "Actual Loops": 4,
                                    "Recheck Cond": "(mk.keyword_id > 52425)",
                                    "Rows Removed by Index Recheck": 0,
                                    "Exact Heap Blocks": 10804,
                                    "Lossy Heap Blocks": 0,
                                    "Workers": [
                                        {
                                            "Worker Number": 0,
                                            "Actual Startup Time": 14.75,
                                            "Actual Total Time": 75.35,
                                            "Actual Rows": 49695,
                                            "Actual Loops": 1
                                        },
                                        {
                                            "Worker Number": 1,
                                            "Actual Startup Time": 15.522,
                                            "Actual Total Time": 76.031,
                                            "Actual Rows": 55195,
                                            "Actual Loops": 1
                                        },
                                        {
                                            "Worker Number": 2,
                                            "Actual Startup Time": 15.591,
                                            "Actual Total Time": 76.312,
                                            "Actual Rows": 54483,
                                            "Actual Loops": 1
                                        }
                                    ],
                                    "Plans": [
                                        {
                                            "Node Type": "Bitmap Index Scan",
                                            "Parent Relationship": "Outer",
                                            "Parallel Aware": false,
                                            "Index Name": "keyword_id_movie_keyword",
                                            "Startup Cost": 0.0,
                                            "Total Cost": 6576.22,
                                            "Plan Rows": 313572,
                                            "Plan Width": 0,
                                            "Actual Startup Time": 22.787,
                                            "Actual Total Time": 22.788,
                                            "Actual Rows": 311317,
                                            "Actual Loops": 1,
                                            "Index Cond": "(mk.keyword_id > 52425)"
                                        }
                                    ]
                                }
                            ]
                        }
                    ]
                }
            ]
        },
        "Planning Time": 236.442,
        "Triggers": [],
        "Execution Time": 98.55
    }
]