[
  {
    "Plan": {
      "Node Type": "Aggregate",
      "Strategy": "Plain",
      "Partial Mode": "Finalize",
      "Parallel Aware": false,
      "Startup Cost": 349142.18,
      "Total Cost": 349142.19,
      "Plan Rows": 1,
      "Plan Width": 8,
      "Actual Startup Time": 813.448,
      "Actual Total Time": 874.706,
      "Actual Rows": 1,
      "Actual Loops": 1,
      "Plans": [
        {
          "Node Type": "Gather",
          "Parent Relationship": "Outer",
          "Parallel Aware": false,
          "Startup Cost": 349141.55,
          "Total Cost": 349142.16,
          "Plan Rows": 6,
          "Plan Width": 8,
          "Actual Startup Time": 813.272,
          "Actual Total Time": 874.696,
          "Actual Rows": 7,
          "Actual Loops": 1,
          "Workers Planned": 6,
          "Workers Launched": 6,
          "Single Copy": false,
          "Plans": [
            {
              "Node Type": "Aggregate",
              "Strategy": "Plain",
              "Partial Mode": "Partial",
              "Parent Relationship": "Outer",
              "Parallel Aware": false,
              "Startup Cost": 348141.55,
              "Total Cost": 348141.57,
              "Plan Rows": 1,
              "Plan Width": 8,
              "Actual Startup Time": 802.502,
              "Actual Total Time": 802.504,
              "Actual Rows": 1,
              "Actual Loops": 7,
              "Plans": [
                {
                  "Node Type": "Seq Scan",
                  "Parent Relationship": "Outer",
                  "Parallel Aware": true,
                  "Relation Name": "cast_info",
                  "Alias": "ci",
                  "Startup Cost": 0.0,
                  "Total Cost": 343316.27,
                  "Plan Rows": 1930114,
                  "Plan Width": 0,
                  "Actual Startup Time": 366.372,
                  "Actual Total Time": 714.832,
                  "Actual Rows": 1899029,
                  "Actual Loops": 7,
                  "Filter": "((person_id > 993816) AND (role_id > 2))",
                  "Rows Removed by Filter": 3278734
                }
              ]
            }
          ]
        }
      ]
    },
    "Planning Time": 0.195,
    "Triggers": [],
    "Execution Time": 874.774
  }
]