[
  {
    "Plan": {
      "Node Type": "Aggregate",
      "Strategy": "Plain",
      "Partial Mode": "Finalize",
      "Parallel Aware": false,
      "Startup Cost": 349192.77,
      "Total Cost": 349192.78,
      "Plan Rows": 1,
      "Plan Width": 8,
      "Actual Startup Time": 766.29,
      "Actual Total Time": 826.571,
      "Actual Rows": 1,
      "Actual Loops": 1,
      "Plans": [
        {
          "Node Type": "Gather",
          "Parent Relationship": "Outer",
          "Parallel Aware": false,
          "Startup Cost": 349192.15,
          "Total Cost": 349192.76,
          "Plan Rows": 6,
          "Plan Width": 8,
          "Actual Startup Time": 766.155,
          "Actual Total Time": 826.56,
          "Actual Rows": 7,
          "Actual Loops": 1,
          "Workers Planned": 6,
          "Workers Launched": 6,
          "Single Copy": false,
          "Plans": [
            {
              "Node Type": "Aggregate",
              "Strategy": "Plain",
              "Partial Mode": "Partial",
              "Parent Relationship": "Outer",
              "Parallel Aware": false,
              "Startup Cost": 348192.15,
              "Total Cost": 348192.16,
              "Plan Rows": 1,
              "Plan Width": 8,
              "Actual Startup Time": 755.623,
              "Actual Total Time": 755.623,
              "Actual Rows": 1,
              "Actual Loops": 7,
              "Plans": [
                {
                  "Node Type": "Seq Scan",
                  "Parent Relationship": "Outer",
                  "Parallel Aware": true,
                  "Relation Name": "cast_info",
                  "Alias": "ci",
                  "Startup Cost": 0.0,
                  "Total Cost": 343257.03,
                  "Plan Rows": 1974047,
                  "Plan Width": 0,
                  "Actual Startup Time": 345.691,
                  "Actual Total Time": 671.501,
                  "Actual Rows": 1899029,
                  "Actual Loops": 7,
                  "Filter": "((person_id > 993816) AND (role_id > 2))",
                  "Rows Removed by Filter": 3278734
                }
              ]
            }
          ]
        }
      ]
    },
    "Planning Time": 0.22,
    "Triggers": [],
    "Execution Time": 826.642
  }
]