[
  {
    "Plan": {
      "Node Type": "Aggregate",
      "Strategy": "Plain",
      "Partial Mode": "Finalize",
      "Parallel Aware": false,
      "Startup Cost": 32729.45,
      "Total Cost": 32729.46,
      "Plan Rows": 1,
      "Plan Width": 8,
      "Actual Startup Time": 87.459,
      "Actual Total Time": 93.831,
      "Actual Rows": 1,
      "Actual Loops": 1,
      "Plans": [
        {
          "Node Type": "Gather",
          "Parent Relationship": "Outer",
          "Parallel Aware": false,
          "Startup Cost": 32729.13,
          "Total Cost": 32729.44,
          "Plan Rows": 3,
          "Plan Width": 8,
          "Actual Startup Time": 87.346,
          "Actual Total Time": 93.825,
          "Actual Rows": 4,
          "Actual Loops": 1,
          "Workers Planned": 3,
          "Workers Launched": 3,
          "Single Copy": false,
          "Plans": [
            {
              "Node Type": "Aggregate",
              "Strategy": "Plain",
              "Partial Mode": "Partial",
              "Parent Relationship": "Outer",
              "Parallel Aware": false,
              "Startup Cost": 31729.13,
              "Total Cost": 31729.14,
              "Plan Rows": 1,
              "Plan Width": 8,
              "Actual Startup Time": 83.84,
              "Actual Total Time": 83.841,
              "Actual Rows": 1,
              "Actual Loops": 4,
              "Plans": [
                {
                  "Node Type": "Seq Scan",
                  "Parent Relationship": "Outer",
                  "Parallel Aware": true,
                  "Relation Name": "movie_companies",
                  "Alias": "mc",
                  "Startup Cost": 0.0,
                  "Total Cost": 31414.82,
                  "Plan Rows": 125725,
                  "Plan Width": 0,
                  "Actual Startup Time": 35.08,
                  "Actual Total Time": 74.63,
                  "Actual Rows": 175428,
                  "Actual Loops": 4,
                  "Filter": "((company_id > 36031) AND (company_type_id = 2))",
                  "Rows Removed by Filter": 476854
                }
              ]
            }
          ]
        }
      ]
    },
    "Planning Time": 0.087,
    "Triggers": [],
    "Execution Time": 93.862
  }
]