{
  "Plan": {
    "Node Type": "Aggregate",
    "Strategy": "Plain",
    "Partial Mode": "Finalize",
    "Parallel Aware": false,
    "Startup Cost": 122425.06,
    "Total Cost": 122425.07,
    "Plan Rows": 1,
    "Plan Width": 8,
    "Actual Startup Time": 476.124,
    "Actual Total Time": 493.158,
    "Actual Rows": 1,
    "Actual Loops": 1,
    "Plans": [
      {
        "Node Type": "Gather",
        "Parent Relationship": "Outer",
        "Parallel Aware": false,
        "Startup Cost": 122424.95,
        "Total Cost": 122425.06,
        "Plan Rows": 1,
        "Plan Width": 8,
        "Actual Startup Time": 475.269,
        "Actual Total Time": 493.152,
        "Actual Rows": 2,
        "Actual Loops": 1,
        "Workers Planned": 1,
        "Workers Launched": 1,
        "Single Copy": false,
        "Plans": [
          {
            "Node Type": "Aggregate",
            "Strategy": "Plain",
            "Partial Mode": "Partial",
            "Parent Relationship": "Outer",
            "Parallel Aware": false,
            "Startup Cost": 121424.95,
            "Total Cost": 121424.96,
            "Plan Rows": 1,
            "Plan Width": 8,
            "Actual Startup Time": 472.022,
            "Actual Total Time": 472.025,
            "Actual Rows": 1,
            "Actual Loops": 2,
            "Plans": [
              {
                "Node Type": "Hash Join",
                "Parent Relationship": "Outer",
                "Parallel Aware": true,
                "Join Type": "Inner",
                "Startup Cost": 60911.36,
                "Total Cost": 121095.83,
                "Plan Rows": 131648,
                "Plan Width": 0,
                "Actual Startup Time": 207.92,
                "Actual Total Time": 470.439,
                "Actual Rows": 36828,
                "Actual Loops": 2,
                "Inner Unique": true,
                "Hash Cond": "(mk.movie_id = t.id)",
                "Plans": [
                  {
                    "Node Type": "Seq Scan",
                    "Parent Relationship": "Outer",
                    "Parallel Aware": true,
                    "Relation Name": "movie_keyword",
                    "Alias": "mk",
                    "Startup Cost": 0.0,
                    "Total Cost": 57718.19,
                    "Plan Rows": 939535,
                    "Plan Width": 4,
                    "Actual Startup Time": 0.844,
                    "Actual Total Time": 173.605,
                    "Actual Rows": 800742,
                    "Actual Loops": 2,
                    "Filter": "(keyword_id > 9553)",
                    "Rows Removed by Filter": 1461222
                  },
                  {
                    "Node Type": "Hash",
                    "Parent Relationship": "Inner",
                    "Parallel Aware": true,
                    "Startup Cost": 58306.47,
                    "Total Cost": 58306.47,
                    "Plan Rows": 208391,
                    "Plan Width": 4,
                    "Actual Startup Time": 202.525,
                    "Actual Total Time": 202.526,
                    "Actual Rows": 186000,
                    "Actual Loops": 2,
                    "Hash Buckets": 524288,
                    "Original Hash Buckets": 524288,
                    "Hash Batches": 1,
                    "Original Hash Batches": 1,
                    "Peak Memory Usage": 18656,
                    "Plans": [
                      {
                        "Node Type": "Seq Scan",
                        "Parent Relationship": "Outer",
                        "Parallel Aware": true,
                        "Relation Name": "title",
                        "Alias": "t",
                        "Startup Cost": 0.0,
                        "Total Cost": 58306.47,
                        "Plan Rows": 208391,
                        "Plan Width": 4,
                        "Actual Startup Time": 0.02,
                        "Actual Total Time": 146.09,
                        "Actual Rows": 186000,
                        "Actual Loops": 2,
                        "Filter": "((kind_id > 3) AND (production_year > 2009))",
                        "Rows Removed by Filter": 1078156
                      }
                    ]
                  }
                ]
              }
            ]
          }
        ]
      }
    ]
  },
  "Planning Time": 0.492,
  "Triggers": [],
  "Execution Time": 493.22
}