[
  {
    "Plan": {
      "Node Type": "Aggregate",
      "Strategy": "Plain",
      "Partial Mode": "Finalize",
      "Parallel Aware": false,
      "Startup Cost": 46488.42,
      "Total Cost": 46488.43,
      "Plan Rows": 1,
      "Plan Width": 8,
      "Actual Startup Time": 90.227,
      "Actual Total Time": 101.72,
      "Actual Rows": 1,
      "Actual Loops": 1,
      "Plans": [
        {
          "Node Type": "Gather",
          "Parent Relationship": "Outer",
          "Parallel Aware": false,
          "Startup Cost": 46488.0,
          "Total Cost": 46488.41,
          "Plan Rows": 4,
          "Plan Width": 8,
          "Actual Startup Time": 89.938,
          "Actual Total Time": 101.71,
          "Actual Rows": 5,
          "Actual Loops": 1,
          "Workers Planned": 4,
          "Workers Launched": 4,
          "Single Copy": false,
          "Plans": [
            {
              "Node Type": "Aggregate",
              "Strategy": "Plain",
              "Partial Mode": "Partial",
              "Parent Relationship": "Outer",
              "Parallel Aware": false,
              "Startup Cost": 45488.0,
              "Total Cost": 45488.01,
              "Plan Rows": 1,
              "Plan Width": 8,
              "Actual Startup Time": 82.717,
              "Actual Total Time": 82.718,
              "Actual Rows": 1,
              "Actual Loops": 5,
              "Plans": [
                {
                  "Node Type": "Seq Scan",
                  "Parent Relationship": "Outer",
                  "Parallel Aware": true,
                  "Relation Name": "title",
                  "Alias": "t",
                  "Startup Cost": 0.0,
                  "Total Cost": 45479.1,
                  "Plan Rows": 3559,
                  "Plan Width": 0,
                  "Actual Startup Time": 0.123,
                  "Actual Total Time": 82.362,
                  "Actual Rows": 2720,
                  "Actual Loops": 5,
                  "Filter": "((kind_id > 1) AND (production_year = 1985))",
                  "Rows Removed by Filter": 502943
                }
              ]
            }
          ]
        }
      ]
    },
    "Planning Time": 0.186,
    "Triggers": [],
    "Execution Time": 101.786
  }
]