{
    "Plan": {
        "Node Type": "Aggregate",
        "Strategy": "Plain",
        "Partial Mode": "Finalize",
        "Parallel Aware": false,
        "Startup Cost": 92448.83,
        "Total Cost": 92448.84,
        "Plan Rows": 1,
        "Plan Width": 8,
        "Actual Startup Time": 333.165,
        "Actual Total Time": 354.995,
        "Actual Rows": 1,
        "Actual Loops": 1,
        "Output": [
            "count(*)"
        ],
        "Plans": [
            {
                "Node Type": "Gather",
                "Parent Relationship": "Outer",
                "Parallel Aware": false,
                "Startup Cost": 92448.51,
                "Total Cost": 92448.82,
                "Plan Rows": 3,
                "Plan Width": 8,
                "Actual Startup Time": 331.438,
                "Actual Total Time": 354.985,
                "Actual Rows": 4,
                "Actual Loops": 1,
                "Output": [
                    "(PARTIAL count(*))"
                ],
                "Workers Planned": 3,
                "Workers Launched": 3,
                "Single Copy": false,
                "Plans": [
                    {
                        "Node Type": "Aggregate",
                        "Strategy": "Plain",
                        "Partial Mode": "Partial",
                        "Parent Relationship": "Outer",
                        "Parallel Aware": false,
                        "Startup Cost": 91448.51,
                        "Total Cost": 91448.52,
                        "Plan Rows": 1,
                        "Plan Width": 8,
                        "Actual Startup Time": 323.421,
                        "Actual Total Time": 323.424,
                        "Actual Rows": 1,
                        "Actual Loops": 4,
                        "Output": [
                            "PARTIAL count(*)"
                        ],
                        "Workers": [
                            {
                                "Worker Number": 0,
                                "Actual Startup Time": 319.597,
                                "Actual Total Time": 319.6,
                                "Actual Rows": 1,
                                "Actual Loops": 1
                            },
                            {
                                "Worker Number": 1,
                                "Actual Startup Time": 323.181,
                                "Actual Total Time": 323.184,
                                "Actual Rows": 1,
                                "Actual Loops": 1
                            },
                            {
                                "Worker Number": 2,
                                "Actual Startup Time": 320.301,
                                "Actual Total Time": 320.303,
                                "Actual Rows": 1,
                                "Actual Loops": 1
                            }
                        ],
                        "Plans": [
                            {
                                "Node Type": "Hash Join",
                                "Parent Relationship": "Outer",
                                "Parallel Aware": true,
                                "Join Type": "Inner",
                                "Startup Cost": 46590.05,
                                "Total Cost": 91193.11,
                                "Plan Rows": 102161,
                                "Plan Width": 0,
                                "Actual Startup Time": 131.963,
                                "Actual Total Time": 318.468,
                                "Actual Rows": 104493,
                                "Actual Loops": 4,
                                "Inner Unique": true,
                                "Hash Cond": "(mk.movie_id = t.id)",
                                "Workers": [
                                    {
                                        "Worker Number": 0,
                                        "Actual Startup Time": 128.266,
                                        "Actual Total Time": 314.536,
                                        "Actual Rows": 73035,
                                        "Actual Loops": 1
                                    },
                                    {
                                        "Worker Number": 1,
                                        "Actual Startup Time": 131.709,
                                        "Actual Total Time": 318.711,
                                        "Actual Rows": 101080,
                                        "Actual Loops": 1
                                    },
                                    {
                                        "Worker Number": 2,
                                        "Actual Startup Time": 128.706,
                                        "Actual Total Time": 315.605,
                                        "Actual Rows": 109872,
                                        "Actual Loops": 1
                                    }
                                ],
                                "Plans": [
                                    {
                                        "Node Type": "Seq Scan",
                                        "Parent Relationship": "Outer",
                                        "Parallel Aware": true,
                                        "Relation Name": "movie_keyword",
                                        "Schema": "public",
                                        "Alias": "mk",
                                        "Startup Cost": 0.0,
                                        "Total Cost": 42695.65,
                                        "Plan Rows": 726632,
                                        "Plan Width": 4,
                                        "Actual Startup Time": 0.241,
                                        "Actual Total Time": 123.816,
                                        "Actual Rows": 562553,
                                        "Actual Loops": 4,
                                        "Output": [
                                            "mk.id",
                                            "mk.movie_id",
                                            "mk.keyword_id"
                                        ],
                                        "Filter": "(mk.keyword_id > 4791)",
                                        "Rows Removed by Filter": 568429,
                                        "Workers": [
                                            {
                                                "Worker Number": 0,
                                                "Actual Startup Time": 0.244,
                                                "Actual Total Time": 127.071,
                                                "Actual Rows": 388947,
                                                "Actual Loops": 1
                                            },
                                            {
                                                "Worker Number": 1,
                                                "Actual Startup Time": 0.23,
                                                "Actual Total Time": 125.659,
                                                "Actual Rows": 547983,
                                                "Actual Loops": 1
                                            },
                                            {
                                                "Worker Number": 2,
                                                "Actual Startup Time": 0.245,
                                                "Actual Total Time": 126.989,
                                                "Actual Rows": 585140,
                                                "Actual Loops": 1
                                            }
                                        ]
                                    },
                                    {
                                        "Node Type": "Hash",
                                        "Parent Relationship": "Inner",
                                        "Parallel Aware": true,
                                        "Startup Cost": 45479.21,
                                        "Total Cost": 45479.21,
                                        "Plan Rows": 88867,
                                        "Plan Width": 4,
                                        "Actual Startup Time": 128.362,
                                        "Actual Total Time": 128.363,
                                        "Actual Rows": 75522,
                                        "Actual Loops": 4,
                                        "Output": [
                                            "t.id"
                                        ],
                                        "Hash Buckets": 524288,
                                        "Original Hash Buckets": 524288,
                                        "Hash Batches": 1,
                                        "Original Hash Batches": 1,
                                        "Peak Memory Usage": 15968,
                                        "Workers": [
                                            {
                                                "Worker Number": 0,
                                                "Actual Startup Time": 127.153,
                                                "Actual Total Time": 127.154,
                                                "Actual Rows": 55443,
                                                "Actual Loops": 1
                                            },
                                            {
                                                "Worker Number": 1,
                                                "Actual Startup Time": 130.957,
                                                "Actual Total Time": 130.958,
                                                "Actual Rows": 70722,
                                                "Actual Loops": 1
                                            },
                                            {
                                                "Worker Number": 2,
                                                "Actual Startup Time": 127.764,
                                                "Actual Total Time": 127.765,
                                                "Actual Rows": 78707,
                                                "Actual Loops": 1
                                            }
                                        ],
                                        "Plans": [
                                            {
                                                "Node Type": "Seq Scan",
                                                "Parent Relationship": "Outer",
                                                "Parallel Aware": true,
                                                "Relation Name": "title",
                                                "Schema": "public",
                                                "Alias": "t",
                                                "Startup Cost": 0.0,
                                                "Total Cost": 45479.21,
                                                "Plan Rows": 88867,
                                                "Plan Width": 4,
                                                "Actual Startup Time": 0.08,
                                                "Actual Total Time": 101.799,
                                                "Actual Rows": 75522,
                                                "Actual Loops": 4,
                                                "Output": [
                                                    "t.id"
                                                ],
                                                "Filter": "((t.kind_id < 7) AND (t.production_year > 2006))",
                                                "Rows Removed by Filter": 556556,
                                                "Workers": [
                                                    {
                                                        "Worker Number": 0,
                                                        "Actual Startup Time": 0.119,
                                                        "Actual Total Time": 103.171,
                                                        "Actual Rows": 55443,
                                                        "Actual Loops": 1
                                                    },
                                                    {
                                                        "Worker Number": 1,
                                                        "Actual Startup Time": 0.059,
                                                        "Actual Total Time": 101.171,
                                                        "Actual Rows": 70722,
                                                        "Actual Loops": 1
                                                    },
                                                    {
                                                        "Worker Number": 2,
                                                        "Actual Startup Time": 0.071,
                                                        "Actual Total Time": 101.906,
                                                        "Actual Rows": 78707,
                                                        "Actual Loops": 1
                                                    }
                                                ]
                                            }
                                        ]
                                    }
                                ]
                            }
                        ]
                    }
                ]
            }
        ]
    },
    "Planning Time": 0.733,
    "Triggers": [],
    "Execution Time": 355.076
}