[
  {
    "Plan": {
      "Node Type": "Aggregate",
      "Strategy": "Plain",
      "Partial Mode": "Finalize",
      "Parallel Aware": false,
      "Startup Cost": 68969.95,
      "Total Cost": 68969.96,
      "Plan Rows": 1,
      "Plan Width": 8,
      "Actual Startup Time": 156.982,
      "Actual Total Time": 170.001,
      "Actual Rows": 1,
      "Actual Loops": 1,
      "Plans": [
        {
          "Node Type": "Gather",
          "Parent Relationship": "Outer",
          "Parallel Aware": false,
          "Startup Cost": 68969.64,
          "Total Cost": 68969.95,
          "Plan Rows": 3,
          "Plan Width": 8,
          "Actual Startup Time": 156.415,
          "Actual Total Time": 169.99,
          "Actual Rows": 4,
          "Actual Loops": 1,
          "Workers Planned": 3,
          "Workers Launched": 3,
          "Single Copy": false,
          "Plans": [
            {
              "Node Type": "Aggregate",
              "Strategy": "Plain",
              "Partial Mode": "Partial",
              "Parent Relationship": "Outer",
              "Parallel Aware": false,
              "Startup Cost": 67969.64,
              "Total Cost": 67969.65,
              "Plan Rows": 1,
              "Plan Width": 8,
              "Actual Startup Time": 147.672,
              "Actual Total Time": 147.677,
              "Actual Rows": 1,
              "Actual Loops": 4,
              "Plans": [
                {
                  "Node Type": "Hash Join",
                  "Parent Relationship": "Outer",
                  "Parallel Aware": true,
                  "Join Type": "Inner",
                  "Startup Cost": 42508.0,
                  "Total Cost": 67966.02,
                  "Plan Rows": 1448,
                  "Plan Width": 0,
                  "Actual Startup Time": 96.409,
                  "Actual Total Time": 147.657,
                  "Actual Rows": 114,
                  "Actual Loops": 4,
                  "Inner Unique": true,
                  "Hash Cond": "(mk.movie_id = t.id)",
                  "Plans": [
                    {
                      "Node Type": "Bitmap Heap Scan",
                      "Parent Relationship": "Outer",
                      "Parallel Aware": true,
                      "Relation Name": "movie_keyword",
                      "Alias": "mk",
                      "Startup Cost": 4367.24,
                      "Total Cost": 29651.01,
                      "Plan Rows": 66381,
                      "Plan Width": 4,
                      "Actual Startup Time": 16.473,
                      "Actual Total Time": 58.874,
                      "Actual Rows": 50343,
                      "Actual Loops": 4,
                      "Recheck Cond": "(keyword_id > 68334)",
                      "Rows Removed by Index Recheck": 0,
                      "Exact Heap Blocks": 5540,
                      "Lossy Heap Blocks": 0,
                      "Plans": [
                        {
                          "Node Type": "Bitmap Index Scan",
                          "Parent Relationship": "Outer",
                          "Parallel Aware": false,
                          "Index Name": "keyword_id_movie_keyword",
                          "Startup Cost": 0.0,
                          "Total Cost": 4315.8,
                          "Plan Rows": 205782,
                          "Plan Width": 0,
                          "Actual Startup Time": 13.38,
                          "Actual Total Time": 13.381,
                          "Actual Rows": 201373,
                          "Actual Loops": 1,
                          "Index Cond": "(keyword_id > 68334)"
                        }
                      ]
                    },
                    {
                      "Node Type": "Hash",
                      "Parent Relationship": "Inner",
                      "Parallel Aware": true,
                      "Startup Cost": 37968.38,
                      "Total Cost": 37968.38,
                      "Plan Rows": 13790,
                      "Plan Width": 4,
                      "Actual Startup Time": 78.542,
                      "Actual Total Time": 78.543,
                      "Actual Rows": 13954,
                      "Actual Loops": 4,
                      "Hash Buckets": 65536,
                      "Original Hash Buckets": 65536,
                      "Hash Batches": 1,
                      "Original Hash Batches": 1,
                      "Peak Memory Usage": 2752,
                      "Plans": [
                        {
                          "Node Type": "Bitmap Heap Scan",
                          "Parent Relationship": "Outer",
                          "Parallel Aware": true,
                          "Relation Name": "title",
                          "Alias": "t",
                          "Startup Cost": 1630.33,
                          "Total Cost": 37968.38,
                          "Plan Rows": 13790,
                          "Plan Width": 4,
                          "Actual Startup Time": 19.939,
                          "Actual Total Time": 72.246,
                          "Actual Rows": 13954,
                          "Actual Loops": 4,
                          "Recheck Cond": "(kind_id = 2)",
                          "Rows Removed by Index Recheck": 0,
                          "Filter": "(production_year > 1997)",
                          "Rows Removed by Filter": 8759,
                          "Exact Heap Blocks": 12362,
                          "Lossy Heap Blocks": 0,
                          "Plans": [
                            {
                              "Node Type": "Bitmap Index Scan",
                              "Parent Relationship": "Outer",
                              "Parallel Aware": false,
                              "Index Name": "kind_id_title",
                              "Startup Cost": 0.0,
                              "Total Cost": 1616.54,
                              "Plan Rows": 90681,
                              "Plan Width": 0,
                              "Actual Startup Time": 17.533,
                              "Actual Total Time": 17.533,
                              "Actual Rows": 90852,
                              "Actual Loops": 1,
                              "Index Cond": "(kind_id = 2)"
                            }
                          ]
                        }
                      ]
                    }
                  ]
                }
              ]
            }
          ]
        }
      ]
    },
    "Planning Time": 0.655,
    "Triggers": [],
    "Execution Time": 170.106
  }
]