[
    {
        "Bao": {
            "Bao prediction": 791.555,
            "Bao recommended hint": "SET enable_nestloop TO off; "
        }
    },
    {
        "Plan": {
            "Node Type": "Aggregate",
            "Strategy": "Plain",
            "Partial Mode": "Finalize",
            "Parallel Aware": false,
            "Startup Cost": 295780.98,
            "Total Cost": 295780.99,
            "Plan Rows": 1,
            "Plan Width": 8,
            "Actual Startup Time": 947.855,
            "Actual Total Time": 990.693,
            "Actual Rows": 1,
            "Actual Loops": 1,
            "Output": [
                "count(*)"
            ],
            "Plans": [
                {
                    "Node Type": "Gather",
                    "Parent Relationship": "Outer",
                    "Parallel Aware": false,
                    "Startup Cost": 295780.46,
                    "Total Cost": 295780.97,
                    "Plan Rows": 5,
                    "Plan Width": 8,
                    "Actual Startup Time": 947.683,
                    "Actual Total Time": 990.683,
                    "Actual Rows": 6,
                    "Actual Loops": 1,
                    "Output": [
                        "(PARTIAL count(*))"
                    ],
                    "Workers Planned": 5,
                    "Workers Launched": 5,
                    "Single Copy": false,
                    "Plans": [
                        {
                            "Node Type": "Aggregate",
                            "Strategy": "Plain",
                            "Partial Mode": "Partial",
                            "Parent Relationship": "Outer",
                            "Parallel Aware": false,
                            "Startup Cost": 294780.46,
                            "Total Cost": 294780.47,
                            "Plan Rows": 1,
                            "Plan Width": 8,
                            "Actual Startup Time": 937.561,
                            "Actual Total Time": 937.583,
                            "Actual Rows": 1,
                            "Actual Loops": 6,
                            "Output": [
                                "PARTIAL count(*)"
                            ],
                            "Workers": [
                                {
                                    "Worker Number": 0,
                                    "Actual Startup Time": 935.368,
                                    "Actual Total Time": 935.372,
                                    "Actual Rows": 1,
                                    "Actual Loops": 1
                                },
                                {
                                    "Worker Number": 1,
                                    "Actual Startup Time": 935.351,
                                    "Actual Total Time": 935.356,
                                    "Actual Rows": 1,
                                    "Actual Loops": 1
                                },
                                {
                                    "Worker Number": 2,
                                    "Actual Startup Time": 935.388,
                                    "Actual Total Time": 935.394,
                                    "Actual Rows": 1,
                                    "Actual Loops": 1
                                },
                                {
                                    "Worker Number": 3,
                                    "Actual Startup Time": 936.072,
                                    "Actual Total Time": 936.076,
                                    "Actual Rows": 1,
                                    "Actual Loops": 1
                                },
                                {
                                    "Worker Number": 4,
                                    "Actual Startup Time": 936.382,
                                    "Actual Total Time": 936.387,
                                    "Actual Rows": 1,
                                    "Actual Loops": 1
                                }
                            ],
                            "Plans": [
                                {
                                    "Node Type": "Hash Join",
                                    "Parent Relationship": "Outer",
                                    "Parallel Aware": true,
                                    "Join Type": "Inner",
                                    "Startup Cost": 92209.67,
                                    "Total Cost": 294779.75,
                                    "Plan Rows": 285,
                                    "Plan Width": 0,
                                    "Actual Startup Time": 372.648,
                                    "Actual Total Time": 937.536,
                                    "Actual Rows": 248,
                                    "Actual Loops": 6,
                                    "Inner Unique": false,
                                    "Hash Cond": "(mi.movie_id = t.id)",
                                    "Workers": [
                                        {
                                            "Worker Number": 0,
                                            "Actual Startup Time": 370.449,
                                            "Actual Total Time": 935.318,
                                            "Actual Rows": 228,
                                            "Actual Loops": 1
                                        },
                                        {
                                            "Worker Number": 1,
                                            "Actual Startup Time": 370.005,
                                            "Actual Total Time": 935.314,
                                            "Actual Rows": 180,
                                            "Actual Loops": 1
                                        },
                                        {
                                            "Worker Number": 2,
                                            "Actual Startup Time": 371.322,
                                            "Actual Total Time": 935.35,
                                            "Actual Rows": 200,
                                            "Actual Loops": 1
                                        },
                                        {
                                            "Worker Number": 3,
                                            "Actual Startup Time": 369.551,
                                            "Actual Total Time": 936.036,
                                            "Actual Rows": 179,
                                            "Actual Loops": 1
                                        },
                                        {
                                            "Worker Number": 4,
                                            "Actual Startup Time": 370.148,
                                            "Actual Total Time": 936.337,
                                            "Actual Rows": 266,
                                            "Actual Loops": 1
                                        }
                                    ],
                                    "Plans": [
                                        {
                                            "Node Type": "Seq Scan",
                                            "Parent Relationship": "Outer",
                                            "Parallel Aware": true,
                                            "Relation Name": "movie_info",
                                            "Schema": "public",
                                            "Alias": "mi",
                                            "Startup Cost": 0.0,
                                            "Total Cost": 191503.19,
                                            "Plan Rows": 2951019,
                                            "Plan Width": 4,
                                            "Actual Startup Time": 0.027,
                                            "Actual Total Time": 355.444,
                                            "Actual Rows": 2472620,
                                            "Actual Loops": 6,
                                            "Output": [
                                                "mi.id",
                                                "mi.movie_id",
                                                "mi.info_type_id",
                                                "mi.info",
                                                "mi.note"
                                            ],
                                            "Workers": [
                                                {
                                                    "Worker Number": 0,
                                                    "Actual Startup Time": 0.037,
                                                    "Actual Total Time": 362.34,
                                                    "Actual Rows": 2107178,
                                                    "Actual Loops": 1
                                                },
                                                {
                                                    "Worker Number": 1,
                                                    "Actual Startup Time": 0.028,
                                                    "Actual Total Time": 363.142,
                                                    "Actual Rows": 2103490,
                                                    "Actual Loops": 1
                                                },
                                                {
                                                    "Worker Number": 2,
                                                    "Actual Startup Time": 0.026,
                                                    "Actual Total Time": 362.791,
                                                    "Actual Rows": 2101827,
                                                    "Actual Loops": 1
                                                },
                                                {
                                                    "Worker Number": 3,
                                                    "Actual Startup Time": 0.03,
                                                    "Actual Total Time": 362.796,
                                                    "Actual Rows": 2104271,
                                                    "Actual Loops": 1
                                                },
                                                {
                                                    "Worker Number": 4,
                                                    "Actual Startup Time": 0.031,
                                                    "Actual Total Time": 362.451,
                                                    "Actual Rows": 2111579,
                                                    "Actual Loops": 1
                                                }
                                            ]
                                        },
                                        {
                                            "Node Type": "Hash",
                                            "Parent Relationship": "Inner",
                                            "Parallel Aware": true,
                                            "Startup Cost": 92209.05,
                                            "Total Cost": 92209.05,
                                            "Plan Rows": 49,
                                            "Plan Width": 8,
                                            "Actual Startup Time": 361.702,
                                            "Actual Total Time": 361.705,
                                            "Actual Rows": 6,
                                            "Actual Loops": 6,
                                            "Output": [
                                                "t.id",
                                                "mk.movie_id"
                                            ],
                                            "Hash Buckets": 1024,
                                            "Original Hash Buckets": 1024,
                                            "Hash Batches": 1,
                                            "Original Hash Batches": 1,
                                            "Peak Memory Usage": 200,
                                            "Workers": [
                                                {
                                                    "Worker Number": 0,
                                                    "Actual Startup Time": 360.011,
                                                    "Actual Total Time": 360.013,
                                                    "Actual Rows": 4,
                                                    "Actual Loops": 1
                                                },
                                                {
                                                    "Worker Number": 1,
                                                    "Actual Startup Time": 360.01,
                                                    "Actual Total Time": 360.013,
                                                    "Actual Rows": 1,
                                                    "Actual Loops": 1
                                                },
                                                {
                                                    "Worker Number": 2,
                                                    "Actual Startup Time": 360.053,
                                                    "Actual Total Time": 360.056,
                                                    "Actual Rows": 11,
                                                    "Actual Loops": 1
                                                },
                                                {
                                                    "Worker Number": 3,
                                                    "Actual Startup Time": 360.723,
                                                    "Actual Total Time": 360.725,
                                                    "Actual Rows": 5,
                                                    "Actual Loops": 1
                                                },
                                                {
                                                    "Worker Number": 4,
                                                    "Actual Startup Time": 361.121,
                                                    "Actual Total Time": 361.123,
                                                    "Actual Rows": 9,
                                                    "Actual Loops": 1
                                                }
                                            ],
                                            "Plans": [
                                                {
                                                    "Node Type": "Merge Join",
                                                    "Parent Relationship": "Outer",
                                                    "Parallel Aware": false,
                                                    "Join Type": "Inner",
                                                    "Startup Cost": 939.23,
                                                    "Total Cost": 92209.05,
                                                    "Plan Rows": 49,
                                                    "Plan Width": 8,
                                                    "Actual Startup Time": 270.757,
                                                    "Actual Total Time": 361.498,
                                                    "Actual Rows": 6,
                                                    "Actual Loops": 6,
                                                    "Output": [
                                                        "t.id",
                                                        "mk.movie_id"
                                                    ],
                                                    "Inner Unique": false,
                                                    "Merge Cond": "(t.id = mk.movie_id)",
                                                    "Workers": [
                                                        {
                                                            "Worker Number": 0,
                                                            "Actual Startup Time": 251.948,
                                                            "Actual Total Time": 359.908,
                                                            "Actual Rows": 4,
                                                            "Actual Loops": 1
                                                        },
                                                        {
                                                            "Worker Number": 1,
                                                            "Actual Startup Time": 359.247,
                                                            "Actual Total Time": 359.864,
                                                            "Actual Rows": 1,
                                                            "Actual Loops": 1
                                                        },
                                                        {
                                                            "Worker Number": 2,
                                                            "Actual Startup Time": 245.68,
                                                            "Actual Total Time": 359.876,
                                                            "Actual Rows": 11,
                                                            "Actual Loops": 1
                                                        },
                                                        {
                                                            "Worker Number": 3,
                                                            "Actual Startup Time": 250.925,
                                                            "Actual Total Time": 360.536,
                                                            "Actual Rows": 5,
                                                            "Actual Loops": 1
                                                        },
                                                        {
                                                            "Worker Number": 4,
                                                            "Actual Startup Time": 245.783,
                                                            "Actual Total Time": 360.779,
                                                            "Actual Rows": 9,
                                                            "Actual Loops": 1
                                                        }
                                                    ],
                                                    "Plans": [
                                                        {
                                                            "Node Type": "Index Only Scan",
                                                            "Parent Relationship": "Outer",
                                                            "Parallel Aware": true,
                                                            "Scan Direction": "Forward",
                                                            "Index Name": "title_pkey",
                                                            "Relation Name": "title",
                                                            "Schema": "public",
                                                            "Alias": "t",
                                                            "Startup Cost": 0.43,
                                                            "Total Cost": 90115.52,
                                                            "Plan Rows": 505664,
                                                            "Plan Width": 4,
                                                            "Actual Startup Time": 0.144,
                                                            "Actual Total Time": 330.604,
                                                            "Actual Rows": 419008,
                                                            "Actual Loops": 6,
                                                            "Output": [
                                                                "t.id"
                                                            ],
                                                            "Heap Fetches": 2514045,
                                                            "Workers": [
                                                                {
                                                                    "Worker Number": 0,
                                                                    "Actual Startup Time": 0.167,
                                                                    "Actual Total Time": 327.709,
                                                                    "Actual Rows": 397264,
                                                                    "Actual Loops": 1
                                                                },
                                                                {
                                                                    "Worker Number": 1,
                                                                    "Actual Startup Time": 0.237,
                                                                    "Actual Total Time": 328.282,
                                                                    "Actual Rows": 392132,
                                                                    "Actual Loops": 1
                                                                },
                                                                {
                                                                    "Worker Number": 2,
                                                                    "Actual Startup Time": 0.144,
                                                                    "Actual Total Time": 327.904,
                                                                    "Actual Rows": 395784,
                                                                    "Actual Loops": 1
                                                                },
                                                                {
                                                                    "Worker Number": 3,
                                                                    "Actual Startup Time": 0.123,
                                                                    "Actual Total Time": 330.371,
                                                                    "Actual Rows": 372208,
                                                                    "Actual Loops": 1
                                                                },
                                                                {
                                                                    "Worker Number": 4,
                                                                    "Actual Startup Time": 0.142,
                                                                    "Actual Total Time": 330.749,
                                                                    "Actual Rows": 369546,
                                                                    "Actual Loops": 1
                                                                }
                                                            ]
                                                        },
                                                        {
                                                            "Node Type": "Sort",
                                                            "Parent Relationship": "Inner",
                                                            "Parallel Aware": false,
                                                            "Startup Cost": 918.38,
                                                            "Total Cost": 918.99,
                                                            "Plan Rows": 244,
                                                            "Plan Width": 4,
                                                            "Actual Startup Time": 1.597,
                                                            "Actual Total Time": 1.613,
                                                            "Actual Rows": 39,
                                                            "Actual Loops": 6,
                                                            "Output": [
                                                                "mk.movie_id"
                                                            ],
                                                            "Sort Key": [
                                                                "mk.movie_id"
                                                            ],
                                                            "Sort Method": "quicksort",
                                                            "Sort Space Used": 26,
                                                            "Sort Space Type": "Memory",
                                                            "Workers": [
                                                                {
                                                                    "Worker Number": 0,
                                                                    "Actual Startup Time": 1.919,
                                                                    "Actual Total Time": 1.936,
                                                                    "Actual Rows": 39,
                                                                    "Actual Loops": 1
                                                                },
                                                                {
                                                                    "Worker Number": 1,
                                                                    "Actual Startup Time": 1.802,
                                                                    "Actual Total Time": 1.82,
                                                                    "Actual Rows": 39,
                                                                    "Actual Loops": 1
                                                                },
                                                                {
                                                                    "Worker Number": 2,
                                                                    "Actual Startup Time": 1.925,
                                                                    "Actual Total Time": 1.941,
                                                                    "Actual Rows": 39,
                                                                    "Actual Loops": 1
                                                                },
                                                                {
                                                                    "Worker Number": 3,
                                                                    "Actual Startup Time": 1.818,
                                                                    "Actual Total Time": 1.833,
                                                                    "Actual Rows": 39,
                                                                    "Actual Loops": 1
                                                                },
                                                                {
                                                                    "Worker Number": 4,
                                                                    "Actual Startup Time": 1.867,
                                                                    "Actual Total Time": 1.883,
                                                                    "Actual Rows": 39,
                                                                    "Actual Loops": 1
                                                                }
                                                            ],
                                                            "Plans": [
                                                                {
                                                                    "Node Type": "Bitmap Heap Scan",
                                                                    "Parent Relationship": "Outer",
                                                                    "Parallel Aware": false,
                                                                    "Relation Name": "movie_keyword",
                                                                    "Schema": "public",
                                                                    "Alias": "mk",
                                                                    "Startup Cost": 6.32,
                                                                    "Total Cost": 908.7,
                                                                    "Plan Rows": 244,
                                                                    "Plan Width": 4,
                                                                    "Actual Startup Time": 0.233,
                                                                    "Actual Total Time": 1.493,
                                                                    "Actual Rows": 39,
                                                                    "Actual Loops": 6,
                                                                    "Output": [
                                                                        "mk.movie_id"
                                                                    ],
                                                                    "Recheck Cond": "(mk.keyword_id = 77796)",
                                                                    "Rows Removed by Index Recheck": 0,
                                                                    "Exact Heap Blocks": 39,
                                                                    "Lossy Heap Blocks": 0,
                                                                    "Workers": [
                                                                        {
                                                                            "Worker Number": 0,
                                                                            "Actual Startup Time": 0.254,
                                                                            "Actual Total Time": 1.8,
                                                                            "Actual Rows": 39,
                                                                            "Actual Loops": 1
                                                                        },
                                                                        {
                                                                            "Worker Number": 1,
                                                                            "Actual Startup Time": 0.271,
                                                                            "Actual Total Time": 1.68,
                                                                            "Actual Rows": 39,
                                                                            "Actual Loops": 1
                                                                        },
                                                                        {
                                                                            "Worker Number": 2,
                                                                            "Actual Startup Time": 0.267,
                                                                            "Actual Total Time": 1.804,
                                                                            "Actual Rows": 39,
                                                                            "Actual Loops": 1
                                                                        },
                                                                        {
                                                                            "Worker Number": 3,
                                                                            "Actual Startup Time": 0.249,
                                                                            "Actual Total Time": 1.701,
                                                                            "Actual Rows": 39,
                                                                            "Actual Loops": 1
                                                                        },
                                                                        {
                                                                            "Worker Number": 4,
                                                                            "Actual Startup Time": 0.265,
                                                                            "Actual Total Time": 1.746,
                                                                            "Actual Rows": 39,
                                                                            "Actual Loops": 1
                                                                        }
                                                                    ],
                                                                    "Plans": [
                                                                        {
                                                                            "Node Type": "Bitmap Index Scan",
                                                                            "Parent Relationship": "Outer",
                                                                            "Parallel Aware": false,
                                                                            "Index Name": "keyword_id_movie_keyword",
                                                                            "Startup Cost": 0.0,
                                                                            "Total Cost": 6.26,
                                                                            "Plan Rows": 244,
                                                                            "Plan Width": 0,
                                                                            "Actual Startup Time": 0.169,
                                                                            "Actual Total Time": 0.169,
                                                                            "Actual Rows": 39,
                                                                            "Actual Loops": 6,
                                                                            "Index Cond": "(mk.keyword_id = 77796)",
                                                                            "Workers": [
                                                                                {
                                                                                    "Worker Number": 0,
                                                                                    "Actual Startup Time": 0.188,
                                                                                    "Actual Total Time": 0.188,
                                                                                    "Actual Rows": 39,
                                                                                    "Actual Loops": 1
                                                                                },
                                                                                {
                                                                                    "Worker Number": 1,
                                                                                    "Actual Startup Time": 0.183,
                                                                                    "Actual Total Time": 0.183,
                                                                                    "Actual Rows": 39,
                                                                                    "Actual Loops": 1
                                                                                },
                                                                                {
                                                                                    "Worker Number": 2,
                                                                                    "Actual Startup Time": 0.198,
                                                                                    "Actual Total Time": 0.199,
                                                                                    "Actual Rows": 39,
                                                                                    "Actual Loops": 1
                                                                                },
                                                                                {
                                                                                    "Worker Number": 3,
                                                                                    "Actual Startup Time": 0.183,
                                                                                    "Actual Total Time": 0.183,
                                                                                    "Actual Rows": 39,
                                                                                    "Actual Loops": 1
                                                                                },
                                                                                {
                                                                                    "Worker Number": 4,
                                                                                    "Actual Startup Time": 0.196,
                                                                                    "Actual Total Time": 0.196,
                                                                                    "Actual Rows": 39,
                                                                                    "Actual Loops": 1
                                                                                }
                                                                            ]
                                                                        }
                                                                    ]
                                                                }
                                                            ]
                                                        }
                                                    ]
                                                }
                                            ]
                                        }
                                    ]
                                }
                            ]
                        }
                    ]
                }
            ]
        },
        "Planning Time": 909.824,
        "Triggers": [],
        "Execution Time": 990.858
    }
]