[
  {
    "Plan": {
      "Node Type": "Aggregate",
      "Strategy": "Plain",
      "Partial Mode": "Finalize",
      "Parallel Aware": false,
      "Startup Cost": 44950.29,
      "Total Cost": 44950.3,
      "Plan Rows": 1,
      "Plan Width": 8,
      "Actual Startup Time": 133.546,
      "Actual Total Time": 140.724,
      "Actual Rows": 1,
      "Actual Loops": 1,
      "Plans": [
        {
          "Node Type": "Gather",
          "Parent Relationship": "Outer",
          "Parallel Aware": false,
          "Startup Cost": 44949.98,
          "Total Cost": 44950.29,
          "Plan Rows": 3,
          "Plan Width": 8,
          "Actual Startup Time": 133.457,
          "Actual Total Time": 140.714,
          "Actual Rows": 4,
          "Actual Loops": 1,
          "Workers Planned": 3,
          "Workers Launched": 3,
          "Single Copy": false,
          "Plans": [
            {
              "Node Type": "Aggregate",
              "Strategy": "Plain",
              "Partial Mode": "Partial",
              "Parent Relationship": "Outer",
              "Parallel Aware": false,
              "Startup Cost": 43949.98,
              "Total Cost": 43949.99,
              "Plan Rows": 1,
              "Plan Width": 8,
              "Actual Startup Time": 126.48,
              "Actual Total Time": 126.481,
              "Actual Rows": 1,
              "Actual Loops": 4,
              "Plans": [
                {
                  "Node Type": "Seq Scan",
                  "Parent Relationship": "Outer",
                  "Parallel Aware": true,
                  "Relation Name": "movie_keyword",
                  "Alias": "mk",
                  "Startup Cost": 0.0,
                  "Total Cost": 42695.65,
                  "Plan Rows": 501729,
                  "Plan Width": 0,
                  "Actual Startup Time": 0.05,
                  "Actual Total Time": 106.745,
                  "Actual Rows": 387787,
                  "Actual Loops": 4,
                  "Filter": "(keyword_id < 2292)",
                  "Rows Removed by Filter": 743196
                }
              ]
            }
          ]
        }
      ]
    },
    "Planning Time": 0.195,
    "Triggers": [],
    "Execution Time": 140.787
  }
]