[
  {
    "Plan": {
      "Node Type": "Aggregate",
      "Strategy": "Plain",
      "Partial Mode": "Finalize",
      "Parallel Aware": false,
      "Startup Cost": 245471.32,
      "Total Cost": 245471.33,
      "Plan Rows": 1,
      "Plan Width": 8,
      "Actual Startup Time": 2311.887,
      "Actual Total Time": 2370.066,
      "Actual Rows": 1,
      "Actual Loops": 1,
      "Plans": [
        {
          "Node Type": "Gather",
          "Parent Relationship": "Outer",
          "Parallel Aware": false,
          "Startup Cost": 245471.0,
          "Total Cost": 245471.31,
          "Plan Rows": 3,
          "Plan Width": 8,
          "Actual Startup Time": 2308.808,
          "Actual Total Time": 2370.056,
          "Actual Rows": 4,
          "Actual Loops": 1,
          "Workers Planned": 3,
          "Workers Launched": 3,
          "Single Copy": false,
          "Plans": [
            {
              "Node Type": "Aggregate",
              "Strategy": "Plain",
              "Partial Mode": "Partial",
              "Parent Relationship": "Outer",
              "Parallel Aware": false,
              "Startup Cost": 244471.0,
              "Total Cost": 244471.01,
              "Plan Rows": 1,
              "Plan Width": 8,
              "Actual Startup Time": 2299.659,
              "Actual Total Time": 2299.662,
              "Actual Rows": 1,
              "Actual Loops": 4,
              "Plans": [
                {
                  "Node Type": "Nested Loop",
                  "Parent Relationship": "Outer",
                  "Parallel Aware": false,
                  "Join Type": "Inner",
                  "Startup Cost": 57812.73,
                  "Total Cost": 243528.37,
                  "Plan Rows": 377053,
                  "Plan Width": 0,
                  "Actual Startup Time": 209.147,
                  "Actual Total Time": 2102.711,
                  "Actual Rows": 4847674,
                  "Actual Loops": 4,
                  "Inner Unique": false,
                  "Plans": [
                    {
                      "Node Type": "Hash Join",
                      "Parent Relationship": "Outer",
                      "Parallel Aware": true,
                      "Join Type": "Inner",
                      "Startup Cost": 57812.29,
                      "Total Cost": 84753.49,
                      "Plan Rows": 64484,
                      "Plan Width": 8,
                      "Actual Startup Time": 209.038,
                      "Actual Total Time": 312.508,
                      "Actual Rows": 114289,
                      "Actual Loops": 4,
                      "Inner Unique": true,
                      "Hash Cond": "(mk.movie_id = t.id)",
                      "Plans": [
                        {
                          "Node Type": "Bitmap Heap Scan",
                          "Parent Relationship": "Outer",
                          "Parallel Aware": true,
                          "Relation Name": "movie_keyword",
                          "Alias": "mk",
                          "Startup Cost": 10815.17,
                          "Total Cost": 37324.7,
                          "Plan Rows": 164443,
                          "Plan Width": 4,
                          "Actual Startup Time": 27.409,
                          "Actual Total Time": 73.087,
                          "Actual Rows": 130220,
                          "Actual Loops": 4,
                          "Recheck Cond": "(keyword_id < 382)",
                          "Rows Removed by Index Recheck": 0,
                          "Exact Heap Blocks": 6937,
                          "Lossy Heap Blocks": 0,
                          "Plans": [
                            {
                              "Node Type": "Bitmap Index Scan",
                              "Parent Relationship": "Outer",
                              "Parallel Aware": false,
                              "Index Name": "keyword_id_movie_keyword",
                              "Startup Cost": 0.0,
                              "Total Cost": 10687.72,
                              "Plan Rows": 509772,
                              "Plan Width": 0,
                              "Actual Startup Time": 23.749,
                              "Actual Total Time": 23.749,
                              "Actual Rows": 520878,
                              "Actual Loops": 1,
                              "Index Cond": "(keyword_id < 382)"
                            }
                          ]
                        },
                        {
                          "Node Type": "Hash",
                          "Parent Relationship": "Inner",
                          "Parallel Aware": true,
                          "Startup Cost": 43898.92,
                          "Total Cost": 43898.92,
                          "Plan Rows": 247857,
                          "Plan Width": 4,
                          "Actual Startup Time": 176.647,
                          "Actual Total Time": 176.648,
                          "Actual Rows": 246262,
                          "Actual Loops": 4,
                          "Hash Buckets": 1048576,
                          "Original Hash Buckets": 1048576,
                          "Hash Batches": 1,
                          "Original Hash Batches": 1,
                          "Peak Memory Usage": 46816,
                          "Plans": [
                            {
                              "Node Type": "Seq Scan",
                              "Parent Relationship": "Outer",
                              "Parallel Aware": true,
                              "Relation Name": "title",
                              "Alias": "t",
                              "Startup Cost": 0.0,
                              "Total Cost": 43898.92,
                              "Plan Rows": 247857,
                              "Plan Width": 4,
                              "Actual Startup Time": 0.04,
                              "Actual Total Time": 99.896,
                              "Actual Rows": 246262,
                              "Actual Loops": 4,
                              "Filter": "(kind_id < 7)",
                              "Rows Removed by Filter": 385816
                            }
                          ]
                        }
                      ]
                    },
                    {
                      "Node Type": "Index Only Scan",
                      "Parent Relationship": "Inner",
                      "Parallel Aware": false,
                      "Scan Direction": "Forward",
                      "Index Name": "movie_id_movie_info",
                      "Relation Name": "movie_info",
                      "Alias": "mi",
                      "Startup Cost": 0.43,
                      "Total Cost": 2.04,
                      "Plan Rows": 42,
                      "Plan Width": 4,
                      "Actual Startup Time": 0.003,
                      "Actual Total Time": 0.013,
                      "Actual Rows": 42,
                      "Actual Loops": 457157,
                      "Index Cond": "(movie_id = t.id)",
                      "Rows Removed by Index Recheck": 0,
                      "Heap Fetches": 19390698
                    }
                  ]
                }
              ]
            }
          ]
        }
      ]
    },
    "Planning Time": 1.338,
    "Triggers": [],
    "Execution Time": 2370.195
  }
]