[
  {
    "Plan": {
      "Node Type": "Aggregate",
      "Strategy": "Plain",
      "Partial Mode": "Finalize",
      "Parallel Aware": false,
      "Startup Cost": 39789.12,
      "Total Cost": 39789.13,
      "Plan Rows": 1,
      "Plan Width": 8,
      "Actual Startup Time": 130.828,
      "Actual Total Time": 139.271,
      "Actual Rows": 1,
      "Actual Loops": 1,
      "Plans": [
        {
          "Node Type": "Gather",
          "Parent Relationship": "Outer",
          "Parallel Aware": false,
          "Startup Cost": 39788.8,
          "Total Cost": 39789.11,
          "Plan Rows": 3,
          "Plan Width": 8,
          "Actual Startup Time": 130.483,
          "Actual Total Time": 139.262,
          "Actual Rows": 4,
          "Actual Loops": 1,
          "Workers Planned": 3,
          "Workers Launched": 3,
          "Single Copy": false,
          "Plans": [
            {
              "Node Type": "Aggregate",
              "Strategy": "Plain",
              "Partial Mode": "Partial",
              "Parent Relationship": "Outer",
              "Parallel Aware": false,
              "Startup Cost": 38788.8,
              "Total Cost": 38788.81,
              "Plan Rows": 1,
              "Plan Width": 8,
              "Actual Startup Time": 126.055,
              "Actual Total Time": 126.057,
              "Actual Rows": 1,
              "Actual Loops": 4,
              "Plans": [
                {
                  "Node Type": "Bitmap Heap Scan",
                  "Parent Relationship": "Outer",
                  "Parallel Aware": true,
                  "Relation Name": "movie_keyword",
                  "Alias": "mk",
                  "Startup Cost": 11672.52,
                  "Total Cost": 38345.09,
                  "Plan Rows": 177485,
                  "Plan Width": 0,
                  "Actual Startup Time": 46.111,
                  "Actual Total Time": 118.39,
                  "Actual Rows": 137678,
                  "Actual Loops": 4,
                  "Recheck Cond": "(keyword_id > 33479)",
                  "Rows Removed by Index Recheck": 0,
                  "Exact Heap Blocks": 10009,
                  "Lossy Heap Blocks": 0,
                  "Plans": [
                    {
                      "Node Type": "Bitmap Index Scan",
                      "Parent Relationship": "Outer",
                      "Parallel Aware": false,
                      "Index Name": "keyword_id_movie_keyword",
                      "Startup Cost": 0.0,
                      "Total Cost": 11534.97,
                      "Plan Rows": 550205,
                      "Plan Width": 0,
                      "Actual Startup Time": 46.364,
                      "Actual Total Time": 46.364,
                      "Actual Rows": 550712,
                      "Actual Loops": 1,
                      "Index Cond": "(keyword_id > 33479)"
                    }
                  ]
                }
              ]
            }
          ]
        }
      ]
    },
    "Planning Time": 0.146,
    "Triggers": [],
    "Execution Time": 139.331
  }
]