{
  "Plan": {
    "Node Type": "Aggregate",
    "Strategy": "Plain",
    "Partial Mode": "Finalize",
    "Parallel Aware": false,
    "Startup Cost": 43824.08,
    "Total Cost": 43824.09,
    "Plan Rows": 1,
    "Plan Width": 32,
    "Actual Startup Time": 208.537,
    "Actual Total Time": 230.279,
    "Actual Rows": 1,
    "Actual Loops": 1,
    "Plans": [
      {
        "Node Type": "Gather",
        "Parent Relationship": "Outer",
        "Parallel Aware": false,
        "Startup Cost": 43823.76,
        "Total Cost": 43824.07,
        "Plan Rows": 3,
        "Plan Width": 32,
        "Actual Startup Time": 208.286,
        "Actual Total Time": 230.27,
        "Actual Rows": 4,
        "Actual Loops": 1,
        "Workers Planned": 3,
        "Workers Launched": 3,
        "Single Copy": false,
        "Plans": [
          {
            "Node Type": "Aggregate",
            "Strategy": "Plain",
            "Partial Mode": "Partial",
            "Parent Relationship": "Outer",
            "Parallel Aware": false,
            "Startup Cost": 42823.76,
            "Total Cost": 42823.77,
            "Plan Rows": 1,
            "Plan Width": 32,
            "Actual Startup Time": 197.741,
            "Actual Total Time": 197.748,
            "Actual Rows": 1,
            "Actual Loops": 4,
            "Plans": [
              {
                "Node Type": "Hash Join",
                "Parent Relationship": "Outer",
                "Parallel Aware": false,
                "Join Type": "Inner",
                "Startup Cost": 5.47,
                "Total Cost": 42823.53,
                "Plan Rows": 94,
                "Plan Width": 17,
                "Actual Startup Time": 197.735,
                "Actual Total Time": 197.741,
                "Actual Rows": 0,
                "Actual Loops": 4,
                "Inner Unique": true,
                "Hash Cond": "(mi.info_type_id = it.id)",
                "Plans": [
                  {
                    "Node Type": "Nested Loop",
                    "Parent Relationship": "Outer",
                    "Parallel Aware": false,
                    "Join Type": "Inner",
                    "Startup Cost": 1.93,
                    "Total Cost": 42819.73,
                    "Plan Rows": 94,
                    "Plan Width": 21,
                    "Actual Startup Time": 197.732,
                    "Actual Total Time": 197.738,
                    "Actual Rows": 0,
                    "Actual Loops": 4,
                    "Inner Unique": false,
                    "Plans": [
                      {
                        "Node Type": "Hash Join",
                        "Parent Relationship": "Outer",
                        "Parallel Aware": false,
                        "Join Type": "Inner",
                        "Startup Cost": 1.49,
                        "Total Cost": 42156.69,
                        "Plan Rows": 343,
                        "Plan Width": 25,
                        "Actual Startup Time": 197.731,
                        "Actual Total Time": 197.735,
                        "Actual Rows": 0,
                        "Actual Loops": 4,
                        "Inner Unique": true,
                        "Hash Cond": "(mc.company_type_id = ct.id)",
                        "Plans": [
                          {
                            "Node Type": "Nested Loop",
                            "Parent Relationship": "Outer",
                            "Parallel Aware": false,
                            "Join Type": "Inner",
                            "Startup Cost": 0.43,
                            "Total Cost": 42148.21,
                            "Plan Rows": 1373,
                            "Plan Width": 29,
                            "Actual Startup Time": 13.492,
                            "Actual Total Time": 195.812,
                            "Actual Rows": 5932,
                            "Actual Loops": 4,
                            "Inner Unique": true,
                            "Plans": [
                              {
                                "Node Type": "Seq Scan",
                                "Parent Relationship": "Outer",
                                "Parallel Aware": true,
                                "Relation Name": "movie_companies",
                                "Alias": "mc",
                                "Startup Cost": 0.0,
                                "Total Cost": 31414.82,
                                "Plan Rows": 1447,
                                "Plan Width": 8,
                                "Actual Startup Time": 13.323,
                                "Actual Total Time": 139.755,
                                "Actual Rows": 6006,
                                "Actual Loops": 4,
                                "Filter": "((note ~~ '%(theatrical)%'::text) AND (note ~~ '%(France)%'::text))",
                                "Rows Removed by Filter": 646276
                              },
                              {
                                "Node Type": "Index Scan",
                                "Parent Relationship": "Inner",
                                "Parallel Aware": false,
                                "Scan Direction": "Forward",
                                "Index Name": "title_pkey",
                                "Relation Name": "title",
                                "Alias": "t",
                                "Startup Cost": 0.43,
                                "Total Cost": 7.42,
                                "Plan Rows": 1,
                                "Plan Width": 21,
                                "Actual Startup Time": 0.009,
                                "Actual Total Time": 0.009,
                                "Actual Rows": 1,
                                "Actual Loops": 24025,
                                "Index Cond": "(id = mc.movie_id)",
                                "Rows Removed by Index Recheck": 0,
                                "Filter": "(production_year < 2013)",
                                "Rows Removed by Filter": 0
                              }
                            ]
                          },
                          {
                            "Node Type": "Hash",
                            "Parent Relationship": "Inner",
                            "Parallel Aware": false,
                            "Startup Cost": 1.05,
                            "Total Cost": 1.05,
                            "Plan Rows": 1,
                            "Plan Width": 4,
                            "Actual Startup Time": 0.064,
                            "Actual Total Time": 0.065,
                            "Actual Rows": 1,
                            "Actual Loops": 4,
                            "Hash Buckets": 1024,
                            "Original Hash Buckets": 1024,
                            "Hash Batches": 1,
                            "Original Hash Batches": 1,
                            "Peak Memory Usage": 9,
                            "Plans": [
                              {
                                "Node Type": "Seq Scan",
                                "Parent Relationship": "Outer",
                                "Parallel Aware": false,
                                "Relation Name": "company_type",
                                "Alias": "ct",
                                "Startup Cost": 0.0,
                                "Total Cost": 1.05,
                                "Plan Rows": 1,
                                "Plan Width": 4,
                                "Actual Startup Time": 0.046,
                                "Actual Total Time": 0.049,
                                "Actual Rows": 1,
                                "Actual Loops": 4,
                                "Filter": "((kind)::text = 'production companies'::text)",
                                "Rows Removed by Filter": 3
                              }
                            ]
                          }
                        ]
                      },
                      {
                        "Node Type": "Index Scan",
                        "Parent Relationship": "Inner",
                        "Parallel Aware": false,
                        "Scan Direction": "Forward",
                        "Index Name": "movie_id_movie_info",
                        "Relation Name": "movie_info",
                        "Alias": "mi",
                        "Startup Cost": 0.43,
                        "Total Cost": 1.92,
                        "Plan Rows": 1,
                        "Plan Width": 8,
                        "Actual Startup Time": 0.0,
                        "Actual Total Time": 0.0,
                        "Actual Rows": 0,
                        "Actual Loops": 0,
                        "Index Cond": "(movie_id = t.id)",
                        "Rows Removed by Index Recheck": 0,
                        "Filter": "(info = ANY ('{Sweden,Norway,Germany,Denmark,Swedish,Denish,Norwegian,German}'::text[]))",
                        "Rows Removed by Filter": 0
                      }
                    ]
                  },
                  {
                    "Node Type": "Hash",
                    "Parent Relationship": "Inner",
                    "Parallel Aware": false,
                    "Startup Cost": 2.13,
                    "Total Cost": 2.13,
                    "Plan Rows": 113,
                    "Plan Width": 4,
                    "Actual Startup Time": 0.0,
                    "Actual Total Time": 0.0,
                    "Actual Rows": 0,
                    "Actual Loops": 0,
                    "Plans": [
                      {
                        "Node Type": "Seq Scan",
                        "Parent Relationship": "Outer",
                        "Parallel Aware": false,
                        "Relation Name": "info_type",
                        "Alias": "it",
                        "Startup Cost": 0.0,
                        "Total Cost": 2.13,
                        "Plan Rows": 113,
                        "Plan Width": 4,
                        "Actual Startup Time": 0.0,
                        "Actual Total Time": 0.0,
                        "Actual Rows": 0,
                        "Actual Loops": 0
                      }
                    ]
                  }
                ]
              }
            ]
          }
        ]
      }
    ]
  },
  "Planning Time": 8.172,
  "Triggers": [],
  "Execution Time": 230.682
}