[
  {
    "Plan": {
      "Node Type": "Aggregate",
      "Strategy": "Plain",
      "Partial Mode": "Finalize",
      "Parallel Aware": false,
      "Startup Cost": 47312.54,
      "Total Cost": 47312.55,
      "Plan Rows": 1,
      "Plan Width": 8,
      "Actual Startup Time": 177.92,
      "Actual Total Time": 188.638,
      "Actual Rows": 1,
      "Actual Loops": 1,
      "Plans": [
        {
          "Node Type": "Gather",
          "Parent Relationship": "Outer",
          "Parallel Aware": false,
          "Startup Cost": 47312.23,
          "Total Cost": 47312.54,
          "Plan Rows": 3,
          "Plan Width": 8,
          "Actual Startup Time": 177.827,
          "Actual Total Time": 188.632,
          "Actual Rows": 4,
          "Actual Loops": 1,
          "Workers Planned": 3,
          "Workers Launched": 3,
          "Single Copy": false,
          "Plans": [
            {
              "Node Type": "Aggregate",
              "Strategy": "Plain",
              "Partial Mode": "Partial",
              "Parent Relationship": "Outer",
              "Parallel Aware": false,
              "Startup Cost": 46312.23,
              "Total Cost": 46312.24,
              "Plan Rows": 1,
              "Plan Width": 8,
              "Actual Startup Time": 174.551,
              "Actual Total Time": 174.552,
              "Actual Rows": 1,
              "Actual Loops": 4,
              "Plans": [
                {
                  "Node Type": "Seq Scan",
                  "Parent Relationship": "Outer",
                  "Parallel Aware": true,
                  "Relation Name": "movie_keyword",
                  "Alias": "mk",
                  "Startup Cost": 0.0,
                  "Total Cost": 42695.65,
                  "Plan Rows": 1446629,
                  "Plan Width": 0,
                  "Actual Startup Time": 0.025,
                  "Actual Total Time": 123.299,
                  "Actual Rows": 1123991,
                  "Actual Loops": 4,
                  "Filter": "(keyword_id > 33)",
                  "Rows Removed by Filter": 6992
                }
              ]
            }
          ]
        }
      ]
    },
    "Planning Time": 0.142,
    "Triggers": [],
    "Execution Time": 188.667
  }
]