[
  {
    "Plan": {
      "Node Type": "Aggregate",
      "Strategy": "Plain",
      "Partial Mode": "Finalize",
      "Parallel Aware": false,
      "Startup Cost": 172815.56,
      "Total Cost": 172815.57,
      "Plan Rows": 1,
      "Plan Width": 8,
      "Actual Startup Time": 662.635,
      "Actual Total Time": 716.151,
      "Actual Rows": 1,
      "Actual Loops": 1,
      "Plans": [
        {
          "Node Type": "Gather",
          "Parent Relationship": "Outer",
          "Parallel Aware": false,
          "Startup Cost": 172815.04,
          "Total Cost": 172815.55,
          "Plan Rows": 5,
          "Plan Width": 8,
          "Actual Startup Time": 659.24,
          "Actual Total Time": 716.139,
          "Actual Rows": 6,
          "Actual Loops": 1,
          "Workers Planned": 5,
          "Workers Launched": 5,
          "Single Copy": false,
          "Plans": [
            {
              "Node Type": "Aggregate",
              "Strategy": "Plain",
              "Partial Mode": "Partial",
              "Parent Relationship": "Outer",
              "Parallel Aware": false,
              "Startup Cost": 171815.04,
              "Total Cost": 171815.05,
              "Plan Rows": 1,
              "Plan Width": 8,
              "Actual Startup Time": 651.187,
              "Actual Total Time": 651.193,
              "Actual Rows": 1,
              "Actual Loops": 6,
              "Plans": [
                {
                  "Node Type": "Nested Loop",
                  "Parent Relationship": "Outer",
                  "Parallel Aware": false,
                  "Join Type": "Inner",
                  "Startup Cost": 47825.56,
                  "Total Cost": 171541.24,
                  "Plan Rows": 109520,
                  "Plan Width": 0,
                  "Actual Startup Time": 144.051,
                  "Actual Total Time": 633.935,
                  "Actual Rows": 289239,
                  "Actual Loops": 6,
                  "Inner Unique": false,
                  "Plans": [
                    {
                      "Node Type": "Hash Join",
                      "Parent Relationship": "Outer",
                      "Parallel Aware": true,
                      "Join Type": "Inner",
                      "Startup Cost": 47825.13,
                      "Total Cost": 120902.69,
                      "Plan Rows": 18652,
                      "Plan Width": 8,
                      "Actual Startup Time": 143.921,
                      "Actual Total Time": 272.157,
                      "Actual Rows": 13830,
                      "Actual Loops": 6,
                      "Inner Unique": true,
                      "Hash Cond": "(ci.movie_id = t.id)",
                      "Plans": [
                        {
                          "Node Type": "Index Scan",
                          "Parent Relationship": "Outer",
                          "Parallel Aware": true,
                          "Scan Direction": "Forward",
                          "Index Name": "role_id_cast_info",
                          "Relation Name": "cast_info",
                          "Alias": "ci",
                          "Startup Cost": 0.56,
                          "Total Cost": 72913.16,
                          "Plan Rows": 62848,
                          "Plan Width": 4,
                          "Actual Startup Time": 0.256,
                          "Actual Total Time": 99.807,
                          "Actual Rows": 51379,
                          "Actual Loops": 6,
                          "Index Cond": "(role_id = 4)",
                          "Rows Removed by Index Recheck": 0,
                          "Filter": "(person_id < 427497)",
                          "Rows Removed by Filter": 403445
                        },
                        {
                          "Node Type": "Hash",
                          "Parent Relationship": "Inner",
                          "Parallel Aware": true,
                          "Startup Cost": 45479.59,
                          "Total Cost": 45479.59,
                          "Plan Rows": 187598,
                          "Plan Width": 4,
                          "Actual Startup Time": 141.133,
                          "Actual Total Time": 141.134,
                          "Actual Rows": 132324,
                          "Actual Loops": 6,
                          "Hash Buckets": 1048576,
                          "Original Hash Buckets": 1048576,
                          "Hash Batches": 1,
                          "Original Hash Batches": 1,
                          "Peak Memory Usage": 39328,
                          "Plans": [
                            {
                              "Node Type": "Seq Scan",
                              "Parent Relationship": "Outer",
                              "Parallel Aware": true,
                              "Relation Name": "title",
                              "Alias": "t",
                              "Startup Cost": 0.0,
                              "Total Cost": 45479.59,
                              "Plan Rows": 187598,
                              "Plan Width": 4,
                              "Actual Startup Time": 0.035,
                              "Actual Total Time": 84.847,
                              "Actual Rows": 132324,
                              "Actual Loops": 6,
                              "Filter": "((kind_id < 7) AND (production_year < 2010))",
                              "Rows Removed by Filter": 289062
                            }
                          ]
                        }
                      ]
                    },
                    {
                      "Node Type": "Index Only Scan",
                      "Parent Relationship": "Inner",
                      "Parallel Aware": false,
                      "Scan Direction": "Forward",
                      "Index Name": "movie_id_movie_info",
                      "Relation Name": "movie_info",
                      "Alias": "mi",
                      "Startup Cost": 0.43,
                      "Total Cost": 2.3,
                      "Plan Rows": 41,
                      "Plan Width": 4,
                      "Actual Startup Time": 0.008,
                      "Actual Total Time": 0.024,
                      "Actual Rows": 21,
                      "Actual Loops": 82977,
                      "Index Cond": "(movie_id = t.id)",
                      "Rows Removed by Index Recheck": 0,
                      "Heap Fetches": 1735432
                    }
                  ]
                }
              ]
            }
          ]
        }
      ]
    },
    "Planning Time": 0.503,
    "Triggers": [],
    "Execution Time": 716.234
  }
]