[
    {
        "Bao": {
            "Bao prediction": "NaN",
            "Bao recommended hint": "(no hint)"
        }
    },
    {
        "Plan": {
            "Node Type": "Aggregate",
            "Strategy": "Plain",
            "Partial Mode": "Simple",
            "Parallel Aware": false,
            "Startup Cost": 20317.06,
            "Total Cost": 20317.07,
            "Plan Rows": 1,
            "Plan Width": 8,
            "Actual Startup Time": 11.835,
            "Actual Total Time": 11.836,
            "Actual Rows": 1,
            "Actual Loops": 1,
            "Output": [
                "count(*)"
            ],
            "Plans": [
                {
                    "Node Type": "Bitmap Heap Scan",
                    "Parent Relationship": "Outer",
                    "Parallel Aware": false,
                    "Relation Name": "movie_companies",
                    "Schema": "public",
                    "Alias": "mc",
                    "Startup Cost": 785.72,
                    "Total Cost": 20270.72,
                    "Plan Rows": 18534,
                    "Plan Width": 0,
                    "Actual Startup Time": 11.111,
                    "Actual Total Time": 11.791,
                    "Actual Rows": 619,
                    "Actual Loops": 1,
                    "Recheck Cond": "(mc.company_id = 160)",
                    "Rows Removed by Index Recheck": 0,
                    "Filter": "(mc.company_type_id = 2)",
                    "Rows Removed by Filter": 35517,
                    "Exact Heap Blocks": 4319,
                    "Lossy Heap Blocks": 0,
                    "Plans": [
                        {
                            "Node Type": "Bitmap Index Scan",
                            "Parent Relationship": "Outer",
                            "Parallel Aware": false,
                            "Index Name": "company_id_movie_companies",
                            "Startup Cost": 0.0,
                            "Total Cost": 781.08,
                            "Plan Rows": 36354,
                            "Plan Width": 0,
                            "Actual Startup Time": 2.124,
                            "Actual Total Time": 2.125,
                            "Actual Rows": 36136,
                            "Actual Loops": 1,
                            "Index Cond": "(mc.company_id = 160)"
                        }
                    ]
                }
            ]
        },
        "Planning Time": 199.421,
        "Triggers": [],
        "Execution Time": 11.877
    }
]