[
  {
    "Plan": {
      "Node Type": "Aggregate",
      "Strategy": "Plain",
      "Partial Mode": "Finalize",
      "Parallel Aware": false,
      "Startup Cost": 301239.72,
      "Total Cost": 301239.73,
      "Plan Rows": 1,
      "Plan Width": 8,
      "Actual Startup Time": 4546.049,
      "Actual Total Time": 4595.741,
      "Actual Rows": 1,
      "Actual Loops": 1,
      "Plans": [
        {
          "Node Type": "Gather",
          "Parent Relationship": "Outer",
          "Parallel Aware": false,
          "Startup Cost": 301239.2,
          "Total Cost": 301239.71,
          "Plan Rows": 5,
          "Plan Width": 8,
          "Actual Startup Time": 4534.363,
          "Actual Total Time": 4595.73,
          "Actual Rows": 6,
          "Actual Loops": 1,
          "Workers Planned": 5,
          "Workers Launched": 5,
          "Single Copy": false,
          "Plans": [
            {
              "Node Type": "Aggregate",
              "Strategy": "Plain",
              "Partial Mode": "Partial",
              "Parent Relationship": "Outer",
              "Parallel Aware": false,
              "Startup Cost": 300239.2,
              "Total Cost": 300239.21,
              "Plan Rows": 1,
              "Plan Width": 8,
              "Actual Startup Time": 4526.638,
              "Actual Total Time": 4526.763,
              "Actual Rows": 1,
              "Actual Loops": 6,
              "Plans": [
                {
                  "Node Type": "Hash Join",
                  "Parent Relationship": "Outer",
                  "Parallel Aware": true,
                  "Join Type": "Inner",
                  "Startup Cost": 92546.02,
                  "Total Cost": 298111.37,
                  "Plan Rows": 851131,
                  "Plan Width": 0,
                  "Actual Startup Time": 550.217,
                  "Actual Total Time": 3295.557,
                  "Actual Rows": 27442301,
                  "Actual Loops": 6,
                  "Inner Unique": false,
                  "Hash Cond": "(mi.movie_id = t.id)",
                  "Plans": [
                    {
                      "Node Type": "Seq Scan",
                      "Parent Relationship": "Outer",
                      "Parallel Aware": true,
                      "Relation Name": "movie_info",
                      "Alias": "mi",
                      "Startup Cost": 0.0,
                      "Total Cost": 191685.19,
                      "Plan Rows": 2969219,
                      "Plan Width": 4,
                      "Actual Startup Time": 0.032,
                      "Actual Total Time": 299.353,
                      "Actual Rows": 2472620,
                      "Actual Loops": 6
                    },
                    {
                      "Node Type": "Hash",
                      "Parent Relationship": "Inner",
                      "Parallel Aware": true,
                      "Startup Cost": 89623.53,
                      "Total Cost": 89623.53,
                      "Plan Rows": 233799,
                      "Plan Width": 8,
                      "Actual Startup Time": 532.707,
                      "Actual Total Time": 532.83,
                      "Actual Rows": 381240,
                      "Actual Loops": 6,
                      "Hash Buckets": 4194304,
                      "Original Hash Buckets": 1048576,
                      "Hash Batches": 1,
                      "Original Hash Batches": 1,
                      "Peak Memory Usage": 146944,
                      "Plans": [
                        {
                          "Node Type": "Hash Join",
                          "Parent Relationship": "Outer",
                          "Parallel Aware": true,
                          "Join Type": "Inner",
                          "Startup Cost": 46745.45,
                          "Total Cost": 89623.53,
                          "Plan Rows": 233799,
                          "Plan Width": 8,
                          "Actual Startup Time": 147.11,
                          "Actual Total Time": 315.555,
                          "Actual Rows": 381240,
                          "Actual Loops": 6,
                          "Inner Unique": true,
                          "Hash Cond": "(mk.movie_id = t.id)",
                          "Plans": [
                            {
                              "Node Type": "Seq Scan",
                              "Parent Relationship": "Outer",
                              "Parallel Aware": true,
                              "Relation Name": "movie_keyword",
                              "Alias": "mk",
                              "Startup Cost": 0.0,
                              "Total Cost": 39047.32,
                              "Plan Rows": 1459332,
                              "Plan Width": 4,
                              "Actual Startup Time": 0.03,
                              "Actual Total Time": 76.676,
                              "Actual Rows": 753988,
                              "Actual Loops": 6
                            },
                            {
                              "Node Type": "Hash",
                              "Parent Relationship": "Inner",
                              "Parallel Aware": true,
                              "Startup Cost": 45479.59,
                              "Total Cost": 45479.59,
                              "Plan Rows": 101269,
                              "Plan Width": 4,
                              "Actual Startup Time": 116.358,
                              "Actual Total Time": 116.36,
                              "Actual Rows": 76024,
                              "Actual Loops": 6,
                              "Hash Buckets": 524288,
                              "Original Hash Buckets": 524288,
                              "Hash Batches": 1,
                              "Original Hash Batches": 1,
                              "Peak Memory Usage": 22048,
                              "Plans": [
                                {
                                  "Node Type": "Seq Scan",
                                  "Parent Relationship": "Outer",
                                  "Parallel Aware": true,
                                  "Relation Name": "title",
                                  "Alias": "t",
                                  "Startup Cost": 0.0,
                                  "Total Cost": 45479.59,
                                  "Plan Rows": 101269,
                                  "Plan Width": 4,
                                  "Actual Startup Time": 48.452,
                                  "Actual Total Time": 85.102,
                                  "Actual Rows": 76024,
                                  "Actual Loops": 6,
                                  "Filter": "((production_year < 2007) AND (kind_id = 1))",
                                  "Rows Removed by Filter": 345361
                                }
                              ]
                            }
                          ]
                        }
                      ]
                    }
                  ]
                }
              ]
            }
          ]
        }
      ]
    },
    "Planning Time": 0.505,
    "Triggers": [],
    "Execution Time": 4595.794
  }
]