[
  {
    "Plan": {
      "Node Type": "Aggregate",
      "Strategy": "Plain",
      "Partial Mode": "Finalize",
      "Parallel Aware": false,
      "Startup Cost": 46053.44,
      "Total Cost": 46053.45,
      "Plan Rows": 1,
      "Plan Width": 8,
      "Actual Startup Time": 132.074,
      "Actual Total Time": 139.245,
      "Actual Rows": 1,
      "Actual Loops": 1,
      "Plans": [
        {
          "Node Type": "Gather",
          "Parent Relationship": "Outer",
          "Parallel Aware": false,
          "Startup Cost": 46053.12,
          "Total Cost": 46053.43,
          "Plan Rows": 3,
          "Plan Width": 8,
          "Actual Startup Time": 131.997,
          "Actual Total Time": 139.239,
          "Actual Rows": 4,
          "Actual Loops": 1,
          "Workers Planned": 3,
          "Workers Launched": 3,
          "Single Copy": false,
          "Plans": [
            {
              "Node Type": "Aggregate",
              "Strategy": "Plain",
              "Partial Mode": "Partial",
              "Parent Relationship": "Outer",
              "Parallel Aware": false,
              "Startup Cost": 45053.12,
              "Total Cost": 45053.13,
              "Plan Rows": 1,
              "Plan Width": 8,
              "Actual Startup Time": 129.445,
              "Actual Total Time": 129.445,
              "Actual Rows": 1,
              "Actual Loops": 4,
              "Plans": [
                {
                  "Node Type": "Seq Scan",
                  "Parent Relationship": "Outer",
                  "Parallel Aware": true,
                  "Relation Name": "movie_keyword",
                  "Alias": "mk",
                  "Startup Cost": 0.0,
                  "Total Cost": 42695.65,
                  "Plan Rows": 942988,
                  "Plan Width": 0,
                  "Actual Startup Time": 0.13,
                  "Actual Total Time": 99.12,
                  "Actual Rows": 730698,
                  "Actual Loops": 4,
                  "Filter": "(keyword_id > 2481)",
                  "Rows Removed by Filter": 400284
                }
              ]
            }
          ]
        }
      ]
    },
    "Planning Time": 0.08,
    "Triggers": [],
    "Execution Time": 139.281
  }
]