[
  {
    "Plan": {
      "Node Type": "Aggregate",
      "Strategy": "Plain",
      "Partial Mode": "Finalize",
      "Parallel Aware": false,
      "Startup Cost": 259272.55,
      "Total Cost": 259272.56,
      "Plan Rows": 1,
      "Plan Width": 8,
      "Actual Startup Time": 1827.149,
      "Actual Total Time": 1845.713,
      "Actual Rows": 1,
      "Actual Loops": 1,
      "Plans": [
        {
          "Node Type": "Gather",
          "Parent Relationship": "Outer",
          "Parallel Aware": false,
          "Startup Cost": 259272.13,
          "Total Cost": 259272.54,
          "Plan Rows": 4,
          "Plan Width": 8,
          "Actual Startup Time": 1827.135,
          "Actual Total Time": 1845.704,
          "Actual Rows": 5,
          "Actual Loops": 1,
          "Workers Planned": 4,
          "Workers Launched": 4,
          "Single Copy": false,
          "Plans": [
            {
              "Node Type": "Aggregate",
              "Strategy": "Plain",
              "Partial Mode": "Partial",
              "Parent Relationship": "Outer",
              "Parallel Aware": false,
              "Startup Cost": 258272.13,
              "Total Cost": 258272.14,
              "Plan Rows": 1,
              "Plan Width": 8,
              "Actual Startup Time": 1738.974,
              "Actual Total Time": 1738.977,
              "Actual Rows": 1,
              "Actual Loops": 5,
              "Plans": [
                {
                  "Node Type": "Nested Loop",
                  "Parent Relationship": "Outer",
                  "Parallel Aware": false,
                  "Join Type": "Inner",
                  "Startup Cost": 127104.44,
                  "Total Cost": 257445.94,
                  "Plan Rows": 330476,
                  "Plan Width": 0,
                  "Actual Startup Time": 305.095,
                  "Actual Total Time": 1712.335,
                  "Actual Rows": 534378,
                  "Actual Loops": 5,
                  "Inner Unique": false,
                  "Plans": [
                    {
                      "Node Type": "Merge Join",
                      "Parent Relationship": "Outer",
                      "Parallel Aware": false,
                      "Join Type": "Inner",
                      "Startup Cost": 127103.88,
                      "Total Cost": 130809.02,
                      "Plan Rows": 37906,
                      "Plan Width": 8,
                      "Actual Startup Time": 304.952,
                      "Actual Total Time": 403.685,
                      "Actual Rows": 37949,
                      "Actual Loops": 5,
                      "Inner Unique": false,
                      "Merge Cond": "(t.id = mi_idx.movie_id)",
                      "Plans": [
                        {
                          "Node Type": "Sort",
                          "Parent Relationship": "Outer",
                          "Parallel Aware": false,
                          "Startup Cost": 62539.83,
                          "Total Cost": 63066.84,
                          "Plan Rows": 210804,
                          "Plan Width": 4,
                          "Actual Startup Time": 133.807,
                          "Actual Total Time": 162.595,
                          "Actual Rows": 169686,
                          "Actual Loops": 5,
                          "Sort Key": [
                            "t.id"
                          ],
                          "Sort Method": "quicksort",
                          "Sort Space Used": 16913,
                          "Sort Space Type": "Memory",
                          "Workers": [
                            {
                              "Worker Number": 0,
                              "Sort Method": "quicksort",
                              "Sort Space Used": 13083,
                              "Sort Space Type": "Memory"
                            },
                            {
                              "Worker Number": 1,
                              "Sort Method": "quicksort",
                              "Sort Space Used": 13805,
                              "Sort Space Type": "Memory"
                            },
                            {
                              "Worker Number": 2,
                              "Sort Method": "quicksort",
                              "Sort Space Used": 13091,
                              "Sort Space Type": "Memory"
                            },
                            {
                              "Worker Number": 3,
                              "Sort Method": "quicksort",
                              "Sort Space Used": 13634,
                              "Sort Space Type": "Memory"
                            }
                          ],
                          "Plans": [
                            {
                              "Node Type": "Seq Scan",
                              "Parent Relationship": "Outer",
                              "Parallel Aware": true,
                              "Relation Name": "title",
                              "Alias": "t",
                              "Startup Cost": 0.0,
                              "Total Cost": 43898.92,
                              "Plan Rows": 210804,
                              "Plan Width": 4,
                              "Actual Startup Time": 0.041,
                              "Actual Total Time": 90.504,
                              "Actual Rows": 169828,
                              "Actual Loops": 5,
                              "Filter": "(production_year < 1996)",
                              "Rows Removed by Filter": 335834
                            }
                          ]
                        },
                        {
                          "Node Type": "Sort",
                          "Parent Relationship": "Inner",
                          "Parallel Aware": false,
                          "Startup Cost": 64564.02,
                          "Total Cost": 65700.6,
                          "Plan Rows": 454630,
                          "Plan Width": 4,
                          "Actual Startup Time": 171.13,
                          "Actual Total Time": 194.166,
                          "Actual Rows": 459925,
                          "Actual Loops": 5,
                          "Sort Key": [
                            "mi_idx.movie_id"
                          ],
                          "Sort Method": "quicksort",
                          "Sort Space Used": 33847,
                          "Sort Space Type": "Memory",
                          "Workers": [
                            {
                              "Worker Number": 0,
                              "Sort Method": "quicksort",
                              "Sort Space Used": 33847,
                              "Sort Space Type": "Memory"
                            },
                            {
                              "Worker Number": 1,
                              "Sort Method": "quicksort",
                              "Sort Space Used": 33847,
                              "Sort Space Type": "Memory"
                            },
                            {
                              "Worker Number": 2,
                              "Sort Method": "quicksort",
                              "Sort Space Used": 33847,
                              "Sort Space Type": "Memory"
                            },
                            {
                              "Worker Number": 3,
                              "Sort Method": "quicksort",
                              "Sort Space Used": 33847,
                              "Sort Space Type": "Memory"
                            }
                          ],
                          "Plans": [
                            {
                              "Node Type": "Bitmap Heap Scan",
                              "Parent Relationship": "Outer",
                              "Parallel Aware": false,
                              "Relation Name": "movie_info_idx",
                              "Alias": "mi_idx",
                              "Startup Cost": 8223.81,
                              "Total Cost": 21841.68,
                              "Plan Rows": 454630,
                              "Plan Width": 4,
                              "Actual Startup Time": 19.664,
                              "Actual Total Time": 79.764,
                              "Actual Rows": 459925,
                              "Actual Loops": 5,
                              "Recheck Cond": "(info_type_id = 99)",
                              "Rows Removed by Index Recheck": 0,
                              "Exact Heap Blocks": 7934,
                              "Lossy Heap Blocks": 0,
                              "Plans": [
                                {
                                  "Node Type": "Bitmap Index Scan",
                                  "Parent Relationship": "Outer",
                                  "Parallel Aware": false,
                                  "Index Name": "info_type_id_movie_info_idx",
                                  "Startup Cost": 0.0,
                                  "Total Cost": 8110.15,
                                  "Plan Rows": 454630,
                                  "Plan Width": 0,
                                  "Actual Startup Time": 18.71,
                                  "Actual Total Time": 18.71,
                                  "Actual Rows": 459925,
                                  "Actual Loops": 5,
                                  "Index Cond": "(info_type_id = 99)"
                                }
                              ]
                            }
                          ]
                        }
                      ]
                    },
                    {
                      "Node Type": "Index Scan",
                      "Parent Relationship": "Inner",
                      "Parallel Aware": false,
                      "Scan Direction": "Forward",
                      "Index Name": "movie_id_cast_info",
                      "Relation Name": "cast_info",
                      "Alias": "ci",
                      "Startup Cost": 0.56,
                      "Total Cost": 3.12,
                      "Plan Rows": 22,
                      "Plan Width": 4,
                      "Actual Startup Time": 0.015,
                      "Actual Total Time": 0.033,
                      "Actual Rows": 14,
                      "Actual Loops": 189745,
                      "Index Cond": "(movie_id = t.id)",
                      "Rows Removed by Index Recheck": 0,
                      "Filter": "(person_id > 1396155)",
                      "Rows Removed by Filter": 12
                    }
                  ]
                }
              ]
            }
          ]
        }
      ]
    },
    "Planning Time": 1.327,
    "Triggers": [],
    "Execution Time": 1849.45
  }
]