{
  "Plan": {
    "Node Type": "Aggregate",
    "Strategy": "Plain",
    "Partial Mode": "Finalize",
    "Parallel Aware": false,
    "Startup Cost": 283548.89,
    "Total Cost": 283548.9,
    "Plan Rows": 1,
    "Plan Width": 8,
    "Actual Startup Time": 673.311,
    "Actual Total Time": 692.355,
    "Actual Rows": 1,
    "Actual Loops": 1,
    "Plans": [
      {
        "Node Type": "Gather",
        "Parent Relationship": "Outer",
        "Parallel Aware": false,
        "Startup Cost": 283548.78,
        "Total Cost": 283548.89,
        "Plan Rows": 1,
        "Plan Width": 8,
        "Actual Startup Time": 672.039,
        "Actual Total Time": 692.346,
        "Actual Rows": 2,
        "Actual Loops": 1,
        "Workers Planned": 1,
        "Workers Launched": 1,
        "Single Copy": false,
        "Plans": [
          {
            "Node Type": "Aggregate",
            "Strategy": "Plain",
            "Partial Mode": "Partial",
            "Parent Relationship": "Outer",
            "Parallel Aware": false,
            "Startup Cost": 282548.78,
            "Total Cost": 282548.79,
            "Plan Rows": 1,
            "Plan Width": 8,
            "Actual Startup Time": 666.123,
            "Actual Total Time": 666.128,
            "Actual Rows": 1,
            "Actual Loops": 2,
            "Plans": [
              {
                "Node Type": "Hash Join",
                "Parent Relationship": "Outer",
                "Parallel Aware": true,
                "Join Type": "Inner",
                "Startup Cost": 99422.35,
                "Total Cost": 282021.91,
                "Plan Rows": 210749,
                "Plan Width": 0,
                "Actual Startup Time": 302.539,
                "Actual Total Time": 660.525,
                "Actual Rows": 124474,
                "Actual Loops": 2,
                "Inner Unique": true,
                "Hash Cond": "(mi.movie_id = t.id)",
                "Plans": [
                  {
                    "Node Type": "Bitmap Heap Scan",
                    "Parent Relationship": "Outer",
                    "Parallel Aware": true,
                    "Relation Name": "movie_info",
                    "Alias": "mi",
                    "Startup Cost": 41958.26,
                    "Total Cost": 220981.46,
                    "Plan Rows": 1362416,
                    "Plan Width": 4,
                    "Actual Startup Time": 82.024,
                    "Actual Total Time": 259.661,
                    "Actual Rows": 1116925,
                    "Actual Loops": 2,
                    "Recheck Cond": "(info_type_id > 16)",
                    "Rows Removed by Index Recheck": 0,
                    "Exact Heap Blocks": 29715,
                    "Lossy Heap Blocks": 0,
                    "Plans": [
                      {
                        "Node Type": "Bitmap Index Scan",
                        "Parent Relationship": "Outer",
                        "Parallel Aware": false,
                        "Index Name": "info_type_id_movie_info",
                        "Startup Cost": 0.0,
                        "Total Cost": 41379.24,
                        "Plan Rows": 2316107,
                        "Plan Width": 0,
                        "Actual Startup Time": 73.972,
                        "Actual Total Time": 73.973,
                        "Actual Rows": 2233850,
                        "Actual Loops": 1,
                        "Index Cond": "(info_type_id > 16)"
                      }
                    ]
                  },
                  {
                    "Node Type": "Hash",
                    "Parent Relationship": "Inner",
                    "Parallel Aware": true,
                    "Startup Cost": 54588.39,
                    "Total Cost": 54588.39,
                    "Plan Rows": 230056,
                    "Plan Width": 4,
                    "Actual Startup Time": 214.776,
                    "Actual Total Time": 214.777,
                    "Actual Rows": 195833,
                    "Actual Loops": 2,
                    "Hash Buckets": 524288,
                    "Original Hash Buckets": 524288,
                    "Hash Batches": 1,
                    "Original Hash Batches": 1,
                    "Peak Memory Usage": 19456,
                    "Plans": [
                      {
                        "Node Type": "Seq Scan",
                        "Parent Relationship": "Outer",
                        "Parallel Aware": true,
                        "Relation Name": "title",
                        "Alias": "t",
                        "Startup Cost": 0.0,
                        "Total Cost": 54588.39,
                        "Plan Rows": 230056,
                        "Plan Width": 4,
                        "Actual Startup Time": 0.028,
                        "Actual Total Time": 151.331,
                        "Actual Rows": 195833,
                        "Actual Loops": 2,
                        "Filter": "(production_year > 2010)",
                        "Rows Removed by Filter": 1068323
                      }
                    ]
                  }
                ]
              }
            ]
          }
        ]
      }
    ]
  },
  "Planning Time": 0.585,
  "Triggers": [],
  "Execution Time": 692.445
}