[
  {
    "Plan": {
      "Node Type": "Aggregate",
      "Strategy": "Plain",
      "Partial Mode": "Finalize",
      "Parallel Aware": false,
      "Startup Cost": 76056.35,
      "Total Cost": 76056.36,
      "Plan Rows": 1,
      "Plan Width": 8,
      "Actual Startup Time": 232.842,
      "Actual Total Time": 241.974,
      "Actual Rows": 1,
      "Actual Loops": 1,
      "Plans": [
        {
          "Node Type": "Gather",
          "Parent Relationship": "Outer",
          "Parallel Aware": false,
          "Startup Cost": 76056.03,
          "Total Cost": 76056.34,
          "Plan Rows": 3,
          "Plan Width": 8,
          "Actual Startup Time": 232.113,
          "Actual Total Time": 241.968,
          "Actual Rows": 4,
          "Actual Loops": 1,
          "Workers Planned": 3,
          "Workers Launched": 3,
          "Single Copy": false,
          "Plans": [
            {
              "Node Type": "Aggregate",
              "Strategy": "Plain",
              "Partial Mode": "Partial",
              "Parent Relationship": "Outer",
              "Parallel Aware": false,
              "Startup Cost": 75056.03,
              "Total Cost": 75056.04,
              "Plan Rows": 1,
              "Plan Width": 8,
              "Actual Startup Time": 227.33,
              "Actual Total Time": 227.333,
              "Actual Rows": 1,
              "Actual Loops": 4,
              "Plans": [
                {
                  "Node Type": "Hash Join",
                  "Parent Relationship": "Outer",
                  "Parallel Aware": true,
                  "Join Type": "Inner",
                  "Startup Cost": 45606.3,
                  "Total Cost": 75022.18,
                  "Plan Rows": 13538,
                  "Plan Width": 0,
                  "Actual Startup Time": 113.804,
                  "Actual Total Time": 224.956,
                  "Actual Rows": 47880,
                  "Actual Loops": 4,
                  "Inner Unique": true,
                  "Hash Cond": "(mc.movie_id = t.id)",
                  "Plans": [
                    {
                      "Node Type": "Seq Scan",
                      "Parent Relationship": "Outer",
                      "Parallel Aware": true,
                      "Relation Name": "movie_companies",
                      "Alias": "mc",
                      "Startup Cost": 0.0,
                      "Total Cost": 27206.55,
                      "Plan Rows": 841655,
                      "Plan Width": 4,
                      "Actual Startup Time": 0.018,
                      "Actual Total Time": 56.513,
                      "Actual Rows": 652282,
                      "Actual Loops": 4
                    },
                    {
                      "Node Type": "Hash",
                      "Parent Relationship": "Inner",
                      "Parallel Aware": true,
                      "Startup Cost": 45479.21,
                      "Total Cost": 45479.21,
                      "Plan Rows": 10167,
                      "Plan Width": 4,
                      "Actual Startup Time": 89.565,
                      "Actual Total Time": 89.566,
                      "Actual Rows": 25298,
                      "Actual Loops": 4,
                      "Hash Buckets": 131072,
                      "Original Hash Buckets": 65536,
                      "Hash Batches": 1,
                      "Original Hash Batches": 1,
                      "Peak Memory Usage": 5568,
                      "Plans": [
                        {
                          "Node Type": "Seq Scan",
                          "Parent Relationship": "Outer",
                          "Parallel Aware": true,
                          "Relation Name": "title",
                          "Alias": "t",
                          "Startup Cost": 0.0,
                          "Total Cost": 45479.21,
                          "Plan Rows": 10167,
                          "Plan Width": 4,
                          "Actual Startup Time": 46.269,
                          "Actual Total Time": 79.179,
                          "Actual Rows": 25298,
                          "Actual Loops": 4,
                          "Filter": "((kind_id < 7) AND (production_year < 1925))",
                          "Rows Removed by Filter": 606780
                        }
                      ]
                    }
                  ]
                }
              ]
            }
          ]
        }
      ]
    },
    "Planning Time": 0.167,
    "Triggers": [],
    "Execution Time": 241.998
  }
]