[
  {
    "Plan": {
      "Node Type": "Aggregate",
      "Strategy": "Plain",
      "Partial Mode": "Finalize",
      "Parallel Aware": false,
      "Startup Cost": 313976.77,
      "Total Cost": 313976.78,
      "Plan Rows": 1,
      "Plan Width": 8,
      "Actual Startup Time": 159.847,
      "Actual Total Time": 174.659,
      "Actual Rows": 1,
      "Actual Loops": 1,
      "Plans": [
        {
          "Node Type": "Gather",
          "Parent Relationship": "Outer",
          "Parallel Aware": false,
          "Startup Cost": 313976.14,
          "Total Cost": 313976.75,
          "Plan Rows": 6,
          "Plan Width": 8,
          "Actual Startup Time": 159.001,
          "Actual Total Time": 174.636,
          "Actual Rows": 7,
          "Actual Loops": 1,
          "Workers Planned": 6,
          "Workers Launched": 6,
          "Single Copy": false,
          "Plans": [
            {
              "Node Type": "Aggregate",
              "Strategy": "Plain",
              "Partial Mode": "Partial",
              "Parent Relationship": "Outer",
              "Parallel Aware": false,
              "Startup Cost": 312976.14,
              "Total Cost": 312976.15,
              "Plan Rows": 1,
              "Plan Width": 8,
              "Actual Startup Time": 150.119,
              "Actual Total Time": 150.123,
              "Actual Rows": 1,
              "Actual Loops": 7,
              "Plans": [
                {
                  "Node Type": "Hash Join",
                  "Parent Relationship": "Outer",
                  "Parallel Aware": true,
                  "Join Type": "Inner",
                  "Startup Cost": 58634.03,
                  "Total Cost": 312964.54,
                  "Plan Rows": 4640,
                  "Plan Width": 0,
                  "Actual Startup Time": 103.21,
                  "Actual Total Time": 149.775,
                  "Actual Rows": 4039,
                  "Actual Loops": 7,
                  "Inner Unique": true,
                  "Hash Cond": "(ci.movie_id = t.id)",
                  "Plans": [
                    {
                      "Node Type": "Bitmap Heap Scan",
                      "Parent Relationship": "Outer",
                      "Parallel Aware": true,
                      "Relation Name": "cast_info",
                      "Alias": "ci",
                      "Startup Cost": 14397.32,
                      "Total Cost": 268442.59,
                      "Plan Rows": 108662,
                      "Plan Width": 4,
                      "Actual Startup Time": 23.516,
                      "Actual Total Time": 49.248,
                      "Actual Rows": 96383,
                      "Actual Loops": 7,
                      "Recheck Cond": "(person_id < 71935)",
                      "Rows Removed by Index Recheck": 0,
                      "Exact Heap Blocks": 1833,
                      "Lossy Heap Blocks": 0,
                      "Plans": [
                        {
                          "Node Type": "Bitmap Index Scan",
                          "Parent Relationship": "Outer",
                          "Parallel Aware": false,
                          "Index Name": "person_id_cast_info",
                          "Startup Cost": 0.0,
                          "Total Cost": 14234.33,
                          "Plan Rows": 651969,
                          "Plan Width": 0,
                          "Actual Startup Time": 22.356,
                          "Actual Total Time": 22.357,
                          "Actual Rows": 674680,
                          "Actual Loops": 1,
                          "Index Cond": "(person_id < 71935)"
                        }
                      ]
                    },
                    {
                      "Node Type": "Hash",
                      "Parent Relationship": "Inner",
                      "Parallel Aware": true,
                      "Startup Cost": 43899.32,
                      "Total Cost": 43899.32,
                      "Plan Rows": 26991,
                      "Plan Width": 4,
                      "Actual Startup Time": 78.891,
                      "Actual Total Time": 78.892,
                      "Actual Rows": 15490,
                      "Actual Loops": 7,
                      "Hash Buckets": 131072,
                      "Original Hash Buckets": 131072,
                      "Hash Batches": 1,
                      "Original Hash Batches": 1,
                      "Peak Memory Usage": 5344,
                      "Plans": [
                        {
                          "Node Type": "Seq Scan",
                          "Parent Relationship": "Outer",
                          "Parallel Aware": true,
                          "Relation Name": "title",
                          "Alias": "t",
                          "Startup Cost": 0.0,
                          "Total Cost": 43899.32,
                          "Plan Rows": 26991,
                          "Plan Width": 4,
                          "Actual Startup Time": 0.041,
                          "Actual Total Time": 71.421,
                          "Actual Rows": 15490,
                          "Actual Loops": 7,
                          "Filter": "(production_year = 2006)",
                          "Rows Removed by Filter": 345698
                        }
                      ]
                    }
                  ]
                }
              ]
            }
          ]
        }
      ]
    },
    "Planning Time": 0.302,
    "Triggers": [],
    "Execution Time": 174.708
  }
]