[
  {
    "Plan": {
      "Node Type": "Aggregate",
      "Strategy": "Plain",
      "Partial Mode": "Finalize",
      "Parallel Aware": false,
      "Startup Cost": 315056.79,
      "Total Cost": 315056.8,
      "Plan Rows": 1,
      "Plan Width": 8,
      "Actual Startup Time": 170.535,
      "Actual Total Time": 181.691,
      "Actual Rows": 1,
      "Actual Loops": 1,
      "Plans": [
        {
          "Node Type": "Gather",
          "Parent Relationship": "Outer",
          "Parallel Aware": false,
          "Startup Cost": 315056.17,
          "Total Cost": 315056.78,
          "Plan Rows": 6,
          "Plan Width": 8,
          "Actual Startup Time": 169.185,
          "Actual Total Time": 181.683,
          "Actual Rows": 7,
          "Actual Loops": 1,
          "Workers Planned": 6,
          "Workers Launched": 6,
          "Single Copy": false,
          "Plans": [
            {
              "Node Type": "Aggregate",
              "Strategy": "Plain",
              "Partial Mode": "Partial",
              "Parent Relationship": "Outer",
              "Parallel Aware": false,
              "Startup Cost": 314056.17,
              "Total Cost": 314056.18,
              "Plan Rows": 1,
              "Plan Width": 8,
              "Actual Startup Time": 157.697,
              "Actual Total Time": 157.702,
              "Actual Rows": 1,
              "Actual Loops": 7,
              "Plans": [
                {
                  "Node Type": "Hash Join",
                  "Parent Relationship": "Outer",
                  "Parallel Aware": true,
                  "Join Type": "Inner",
                  "Startup Cost": 59604.09,
                  "Total Cost": 314043.36,
                  "Plan Rows": 5124,
                  "Plan Width": 0,
                  "Actual Startup Time": 113.4,
                  "Actual Total Time": 157.356,
                  "Actual Rows": 4039,
                  "Actual Loops": 7,
                  "Inner Unique": true,
                  "Hash Cond": "(ci.movie_id = t.id)",
                  "Plans": [
                    {
                      "Node Type": "Bitmap Heap Scan",
                      "Parent Relationship": "Outer",
                      "Parallel Aware": true,
                      "Relation Name": "cast_info",
                      "Alias": "ci",
                      "Startup Cost": 15355.69,
                      "Total Cost": 269490.84,
                      "Plan Rows": 115852,
                      "Plan Width": 4,
                      "Actual Startup Time": 31.801,
                      "Actual Total Time": 54.916,
                      "Actual Rows": 96383,
                      "Actual Loops": 7,
                      "Recheck Cond": "(person_id < 71935)",
                      "Rows Removed by Index Recheck": 0,
                      "Exact Heap Blocks": 1343,
                      "Lossy Heap Blocks": 0,
                      "Plans": [
                        {
                          "Node Type": "Bitmap Index Scan",
                          "Parent Relationship": "Outer",
                          "Parallel Aware": false,
                          "Index Name": "person_id_cast_info",
                          "Startup Cost": 0.0,
                          "Total Cost": 15181.91,
                          "Plan Rows": 695113,
                          "Plan Width": 0,
                          "Actual Startup Time": 30.628,
                          "Actual Total Time": 30.629,
                          "Actual Rows": 674680,
                          "Actual Loops": 1,
                          "Index Cond": "(person_id < 71935)"
                        }
                      ]
                    },
                    {
                      "Node Type": "Hash",
                      "Parent Relationship": "Inner",
                      "Parallel Aware": true,
                      "Startup Cost": 43898.92,
                      "Total Cost": 43898.92,
                      "Plan Rows": 27959,
                      "Plan Width": 4,
                      "Actual Startup Time": 80.148,
                      "Actual Total Time": 80.15,
                      "Actual Rows": 15490,
                      "Actual Loops": 7,
                      "Hash Buckets": 131072,
                      "Original Hash Buckets": 131072,
                      "Hash Batches": 1,
                      "Original Hash Batches": 1,
                      "Peak Memory Usage": 5376,
                      "Plans": [
                        {
                          "Node Type": "Seq Scan",
                          "Parent Relationship": "Outer",
                          "Parallel Aware": true,
                          "Relation Name": "title",
                          "Alias": "t",
                          "Startup Cost": 0.0,
                          "Total Cost": 43898.92,
                          "Plan Rows": 27959,
                          "Plan Width": 4,
                          "Actual Startup Time": 0.045,
                          "Actual Total Time": 72.714,
                          "Actual Rows": 15490,
                          "Actual Loops": 7,
                          "Filter": "(production_year = 2006)",
                          "Rows Removed by Filter": 345698
                        }
                      ]
                    }
                  ]
                }
              ]
            }
          ]
        }
      ]
    },
    "Planning Time": 0.615,
    "Triggers": [],
    "Execution Time": 181.782
  }
]