[
    {
        "Bao": {
            "Bao prediction": "NaN",
            "Bao recommended hint": "(no hint)"
        }
    },
    {
        "Plan": {
            "Node Type": "Aggregate",
            "Strategy": "Plain",
            "Partial Mode": "Finalize",
            "Parallel Aware": false,
            "Startup Cost": 57314.69,
            "Total Cost": 57314.7,
            "Plan Rows": 1,
            "Plan Width": 8,
            "Actual Startup Time": 92.129,
            "Actual Total Time": 100.83,
            "Actual Rows": 1,
            "Actual Loops": 1,
            "Output": [
                "count(*)"
            ],
            "Plans": [
                {
                    "Node Type": "Gather",
                    "Parent Relationship": "Outer",
                    "Parallel Aware": false,
                    "Startup Cost": 57314.27,
                    "Total Cost": 57314.68,
                    "Plan Rows": 4,
                    "Plan Width": 8,
                    "Actual Startup Time": 92.002,
                    "Actual Total Time": 100.816,
                    "Actual Rows": 5,
                    "Actual Loops": 1,
                    "Output": [
                        "(PARTIAL count(*))"
                    ],
                    "Workers Planned": 4,
                    "Workers Launched": 4,
                    "Single Copy": false,
                    "Plans": [
                        {
                            "Node Type": "Aggregate",
                            "Strategy": "Plain",
                            "Partial Mode": "Partial",
                            "Parent Relationship": "Outer",
                            "Parallel Aware": false,
                            "Startup Cost": 56314.27,
                            "Total Cost": 56314.28,
                            "Plan Rows": 1,
                            "Plan Width": 8,
                            "Actual Startup Time": 82.872,
                            "Actual Total Time": 82.874,
                            "Actual Rows": 1,
                            "Actual Loops": 5,
                            "Output": [
                                "PARTIAL count(*)"
                            ],
                            "Workers": [
                                {
                                    "Worker Number": 0,
                                    "Actual Startup Time": 80.155,
                                    "Actual Total Time": 80.156,
                                    "Actual Rows": 1,
                                    "Actual Loops": 1
                                },
                                {
                                    "Worker Number": 1,
                                    "Actual Startup Time": 80.558,
                                    "Actual Total Time": 80.558,
                                    "Actual Rows": 1,
                                    "Actual Loops": 1
                                },
                                {
                                    "Worker Number": 2,
                                    "Actual Startup Time": 80.866,
                                    "Actual Total Time": 80.867,
                                    "Actual Rows": 1,
                                    "Actual Loops": 1
                                },
                                {
                                    "Worker Number": 3,
                                    "Actual Startup Time": 81.104,
                                    "Actual Total Time": 81.105,
                                    "Actual Rows": 1,
                                    "Actual Loops": 1
                                }
                            ],
                            "Plans": [
                                {
                                    "Node Type": "Nested Loop",
                                    "Parent Relationship": "Outer",
                                    "Parallel Aware": false,
                                    "Join Type": "Inner",
                                    "Startup Cost": 0.43,
                                    "Total Cost": 56308.85,
                                    "Plan Rows": 2167,
                                    "Plan Width": 0,
                                    "Actual Startup Time": 1.728,
                                    "Actual Total Time": 82.521,
                                    "Actual Rows": 6747,
                                    "Actual Loops": 5,
                                    "Inner Unique": false,
                                    "Workers": [
                                        {
                                            "Worker Number": 0,
                                            "Actual Startup Time": 1.056,
                                            "Actual Total Time": 79.834,
                                            "Actual Rows": 5460,
                                            "Actual Loops": 1
                                        },
                                        {
                                            "Worker Number": 1,
                                            "Actual Startup Time": 1.219,
                                            "Actual Total Time": 80.27,
                                            "Actual Rows": 4979,
                                            "Actual Loops": 1
                                        },
                                        {
                                            "Worker Number": 2,
                                            "Actual Startup Time": 4.611,
                                            "Actual Total Time": 80.535,
                                            "Actual Rows": 6131,
                                            "Actual Loops": 1
                                        },
                                        {
                                            "Worker Number": 3,
                                            "Actual Startup Time": 1.635,
                                            "Actual Total Time": 80.8,
                                            "Actual Rows": 5304,
                                            "Actual Loops": 1
                                        }
                                    ],
                                    "Plans": [
                                        {
                                            "Node Type": "Seq Scan",
                                            "Parent Relationship": "Outer",
                                            "Parallel Aware": true,
                                            "Relation Name": "title",
                                            "Schema": "public",
                                            "Alias": "t",
                                            "Startup Cost": 0.0,
                                            "Total Cost": 45479.21,
                                            "Plan Rows": 1211,
                                            "Plan Width": 4,
                                            "Actual Startup Time": 1.155,
                                            "Actual Total Time": 67.844,
                                            "Actual Rows": 1330,
                                            "Actual Loops": 5,
                                            "Output": [
                                                "t.id",
                                                "t.title",
                                                "t.imdb_index",
                                                "t.kind_id",
                                                "t.production_year",
                                                "t.imdb_id",
                                                "t.phonetic_code",
                                                "t.episode_of_id",
                                                "t.season_nr",
                                                "t.episode_nr",
                                                "t.series_years",
                                                "t.md5sum"
                                            ],
                                            "Filter": "((t.kind_id < 7) AND (t.production_year = 1981))",
                                            "Rows Removed by Filter": 504332,
                                            "Workers": [
                                                {
                                                    "Worker Number": 0,
                                                    "Actual Startup Time": 0.858,
                                                    "Actual Total Time": 63.833,
                                                    "Actual Rows": 1164,
                                                    "Actual Loops": 1
                                                },
                                                {
                                                    "Worker Number": 1,
                                                    "Actual Startup Time": 1.025,
                                                    "Actual Total Time": 64.651,
                                                    "Actual Rows": 1124,
                                                    "Actual Loops": 1
                                                },
                                                {
                                                    "Worker Number": 2,
                                                    "Actual Startup Time": 2.349,
                                                    "Actual Total Time": 64.831,
                                                    "Actual Rows": 1089,
                                                    "Actual Loops": 1
                                                },
                                                {
                                                    "Worker Number": 3,
                                                    "Actual Startup Time": 1.441,
                                                    "Actual Total Time": 65.047,
                                                    "Actual Rows": 1104,
                                                    "Actual Loops": 1
                                                }
                                            ]
                                        },
                                        {
                                            "Node Type": "Index Only Scan",
                                            "Parent Relationship": "Inner",
                                            "Parallel Aware": false,
                                            "Scan Direction": "Forward",
                                            "Index Name": "movie_id_movie_keyword",
                                            "Relation Name": "movie_keyword",
                                            "Schema": "public",
                                            "Alias": "mk",
                                            "Startup Cost": 0.43,
                                            "Total Cost": 8.48,
                                            "Plan Rows": 46,
                                            "Plan Width": 4,
                                            "Actual Startup Time": 0.01,
                                            "Actual Total Time": 0.01,
                                            "Actual Rows": 5,
                                            "Actual Loops": 6650,
                                            "Output": [
                                                "mk.movie_id"
                                            ],
                                            "Index Cond": "(mk.movie_id = t.id)",
                                            "Rows Removed by Index Recheck": 0,
                                            "Heap Fetches": 33735,
                                            "Workers": [
                                                {
                                                    "Worker Number": 0,
                                                    "Actual Startup Time": 0.012,
                                                    "Actual Total Time": 0.013,
                                                    "Actual Rows": 5,
                                                    "Actual Loops": 1164
                                                },
                                                {
                                                    "Worker Number": 1,
                                                    "Actual Startup Time": 0.012,
                                                    "Actual Total Time": 0.013,
                                                    "Actual Rows": 4,
                                                    "Actual Loops": 1124
                                                },
                                                {
                                                    "Worker Number": 2,
                                                    "Actual Startup Time": 0.013,
                                                    "Actual Total Time": 0.014,
                                                    "Actual Rows": 6,
                                                    "Actual Loops": 1089
                                                },
                                                {
                                                    "Worker Number": 3,
                                                    "Actual Startup Time": 0.013,
                                                    "Actual Total Time": 0.013,
                                                    "Actual Rows": 5,
                                                    "Actual Loops": 1104
                                                }
                                            ]
                                        }
                                    ]
                                }
                            ]
                        }
                    ]
                }
            ]
        },
        "Planning Time": 176.323,
        "Triggers": [],
        "Execution Time": 100.961
    }
]