{
  "Plan": {
    "Node Type": "Aggregate",
    "Strategy": "Plain",
    "Partial Mode": "Finalize",
    "Parallel Aware": false,
    "Startup Cost": 92301.5,
    "Total Cost": 92301.51,
    "Plan Rows": 1,
    "Plan Width": 8,
    "Actual Startup Time": 376.067,
    "Actual Total Time": 416.145,
    "Actual Rows": 1,
    "Actual Loops": 1,
    "Plans": [
      {
        "Node Type": "Gather",
        "Parent Relationship": "Outer",
        "Parallel Aware": false,
        "Startup Cost": 92301.39,
        "Total Cost": 92301.5,
        "Plan Rows": 1,
        "Plan Width": 8,
        "Actual Startup Time": 375.789,
        "Actual Total Time": 416.135,
        "Actual Rows": 2,
        "Actual Loops": 1,
        "Workers Planned": 1,
        "Workers Launched": 1,
        "Single Copy": false,
        "Plans": [
          {
            "Node Type": "Aggregate",
            "Strategy": "Plain",
            "Partial Mode": "Partial",
            "Parent Relationship": "Outer",
            "Parallel Aware": false,
            "Startup Cost": 91301.39,
            "Total Cost": 91301.4,
            "Plan Rows": 1,
            "Plan Width": 8,
            "Actual Startup Time": 369.797,
            "Actual Total Time": 369.801,
            "Actual Rows": 1,
            "Actual Loops": 2,
            "Plans": [
              {
                "Node Type": "Nested Loop",
                "Parent Relationship": "Outer",
                "Parallel Aware": false,
                "Join Type": "Inner",
                "Startup Cost": 58503.13,
                "Total Cost": 91258.85,
                "Plan Rows": 17015,
                "Plan Width": 0,
                "Actual Startup Time": 151.768,
                "Actual Total Time": 367.97,
                "Actual Rows": 30649,
                "Actual Loops": 2,
                "Inner Unique": false,
                "Join Filter": "(t.id = ci.movie_id)",
                "Rows Removed by Join Filter": 0,
                "Plans": [
                  {
                    "Node Type": "Hash Join",
                    "Parent Relationship": "Outer",
                    "Parallel Aware": true,
                    "Join Type": "Inner",
                    "Startup Cost": 58502.57,
                    "Total Cost": 77286.88,
                    "Plan Rows": 2821,
                    "Plan Width": 8,
                    "Actual Startup Time": 151.353,
                    "Actual Total Time": 228.155,
                    "Actual Rows": 2635,
                    "Actual Loops": 2,
                    "Inner Unique": true,
                    "Hash Cond": "(mi_idx.movie_id = t.id)",
                    "Plans": [
                      {
                        "Node Type": "Seq Scan",
                        "Parent Relationship": "Outer",
                        "Parallel Aware": true,
                        "Relation Name": "movie_info_idx",
                        "Alias": "mi_idx",
                        "Startup Cost": 0.0,
                        "Total Cost": 18082.32,
                        "Plan Rows": 267429,
                        "Plan Width": 4,
                        "Actual Startup Time": 0.021,
                        "Actual Total Time": 49.549,
                        "Actual Rows": 229962,
                        "Actual Loops": 2,
                        "Filter": "(info_type_id = 99)",
                        "Rows Removed by Filter": 460055
                      },
                      {
                        "Node Type": "Hash",
                        "Parent Relationship": "Inner",
                        "Parallel Aware": true,
                        "Startup Cost": 58306.47,
                        "Total Cost": 58306.47,
                        "Plan Rows": 15688,
                        "Plan Width": 4,
                        "Actual Startup Time": 149.877,
                        "Actual Total Time": 149.878,
                        "Actual Rows": 15425,
                        "Actual Loops": 2,
                        "Hash Buckets": 32768,
                        "Original Hash Buckets": 32768,
                        "Hash Batches": 1,
                        "Original Hash Batches": 1,
                        "Peak Memory Usage": 1504,
                        "Plans": [
                          {
                            "Node Type": "Seq Scan",
                            "Parent Relationship": "Outer",
                            "Parallel Aware": true,
                            "Relation Name": "title",
                            "Alias": "t",
                            "Startup Cost": 0.0,
                            "Total Cost": 58306.47,
                            "Plan Rows": 15688,
                            "Plan Width": 4,
                            "Actual Startup Time": 0.036,
                            "Actual Total Time": 144.899,
                            "Actual Rows": 15425,
                            "Actual Loops": 2,
                            "Filter": "((kind_id > 1) AND (production_year = 1995))",
                            "Rows Removed by Filter": 1248731
                          }
                        ]
                      }
                    ]
                  },
                  {
                    "Node Type": "Index Scan",
                    "Parent Relationship": "Inner",
                    "Parallel Aware": false,
                    "Scan Direction": "Forward",
                    "Index Name": "movie_id_cast_info",
                    "Relation Name": "cast_info",
                    "Alias": "ci",
                    "Startup Cost": 0.56,
                    "Total Cost": 4.77,
                    "Plan Rows": 15,
                    "Plan Width": 4,
                    "Actual Startup Time": 0.033,
                    "Actual Total Time": 0.052,
                    "Actual Rows": 12,
                    "Actual Loops": 5270,
                    "Index Cond": "(movie_id = mi_idx.movie_id)",
                    "Rows Removed by Index Recheck": 0,
                    "Filter": "((person_id < 3589271) AND (role_id > 2))",
                    "Rows Removed by Filter": 17
                  }
                ]
              }
            ]
          }
        ]
      }
    ]
  },
  "Planning Time": 1.083,
  "Triggers": [],
  "Execution Time": 416.249
}