[
  {
    "Plan": {
      "Node Type": "Aggregate",
      "Strategy": "Plain",
      "Partial Mode": "Simple",
      "Parallel Aware": false,
      "Startup Cost": 17738.08,
      "Total Cost": 17738.09,
      "Plan Rows": 1,
      "Plan Width": 64,
      "Actual Startup Time": 6252.006,
      "Actual Total Time": 6252.013,
      "Actual Rows": 1,
      "Actual Loops": 1,
      "Plans": [
        {
          "Node Type": "Nested Loop",
          "Parent Relationship": "Outer",
          "Parallel Aware": false,
          "Join Type": "Inner",
          "Startup Cost": 13.91,
          "Total Cost": 17738.07,
          "Plan Rows": 1,
          "Plan Width": 32,
          "Actual Startup Time": 54.723,
          "Actual Total Time": 6250.309,
          "Actual Rows": 4317,
          "Actual Loops": 1,
          "Inner Unique": true,
          "Plans": [
            {
              "Node Type": "Nested Loop",
              "Parent Relationship": "Outer",
              "Parallel Aware": false,
              "Join Type": "Inner",
              "Startup Cost": 13.48,
              "Total Cost": 17737.62,
              "Plan Rows": 1,
              "Plan Width": 21,
              "Actual Startup Time": 54.645,
              "Actual Total Time": 6198.916,
              "Actual Rows": 4317,
              "Actual Loops": 1,
              "Inner Unique": true,
              "Plans": [
                {
                  "Node Type": "Nested Loop",
                  "Parent Relationship": "Outer",
                  "Parallel Aware": false,
                  "Join Type": "Inner",
                  "Startup Cost": 13.05,
                  "Total Cost": 17732.58,
                  "Plan Rows": 11,
                  "Plan Width": 25,
                  "Actual Startup Time": 48.265,
                  "Actual Total Time": 3511.41,
                  "Actual Rows": 1234246,
                  "Actual Loops": 1,
                  "Inner Unique": false,
                  "Join Filter": "(t.id = ci.movie_id)",
                  "Rows Removed by Join Filter": 0,
                  "Plans": [
                    {
                      "Node Type": "Nested Loop",
                      "Parent Relationship": "Outer",
                      "Parallel Aware": false,
                      "Join Type": "Inner",
                      "Startup Cost": 12.48,
                      "Total Cost": 17724.89,
                      "Plan Rows": 4,
                      "Plan Width": 29,
                      "Actual Startup Time": 48.219,
                      "Actual Total Time": 932.716,
                      "Actual Rows": 13867,
                      "Actual Loops": 1,
                      "Inner Unique": true,
                      "Plans": [
                        {
                          "Node Type": "Nested Loop",
                          "Parent Relationship": "Outer",
                          "Parallel Aware": false,
                          "Join Type": "Inner",
                          "Startup Cost": 12.35,
                          "Total Cost": 17721.04,
                          "Plan Rows": 25,
                          "Plan Width": 33,
                          "Actual Startup Time": 8.371,
                          "Actual Total Time": 905.911,
                          "Actual Rows": 16528,
                          "Actual Loops": 1,
                          "Inner Unique": true,
                          "Plans": [
                            {
                              "Node Type": "Nested Loop",
                              "Parent Relationship": "Outer",
                              "Parallel Aware": false,
                              "Join Type": "Inner",
                              "Startup Cost": 11.92,
                              "Total Cost": 17706.83,
                              "Plan Rows": 29,
                              "Plan Width": 8,
                              "Actual Startup Time": 7.954,
                              "Actual Total Time": 742.599,
                              "Actual Rows": 22083,
                              "Actual Loops": 1,
                              "Inner Unique": false,
                              "Join Filter": "(cc.status_id = cct2.id)",
                              "Rows Removed by Join Filter": 22083,
                              "Plans": [
                                {
                                  "Node Type": "Index Scan",
                                  "Parent Relationship": "Outer",
                                  "Parallel Aware": false,
                                  "Scan Direction": "Forward",
                                  "Index Name": "comp_cast_type_pkey",
                                  "Relation Name": "comp_cast_type",
                                  "Alias": "cct2",
                                  "Startup Cost": 0.13,
                                  "Total Cost": 12.2,
                                  "Plan Rows": 1,
                                  "Plan Width": 4,
                                  "Actual Startup Time": 0.043,
                                  "Actual Total Time": 0.046,
                                  "Actual Rows": 2,
                                  "Actual Loops": 1,
                                  "Filter": "((kind)::text ~~ '%complete%'::text)",
                                  "Rows Removed by Filter": 2
                                },
                                {
                                  "Node Type": "Nested Loop",
                                  "Parent Relationship": "Inner",
                                  "Parallel Aware": false,
                                  "Join Type": "Inner",
                                  "Startup Cost": 11.79,
                                  "Total Cost": 17693.2,
                                  "Plan Rows": 115,
                                  "Plan Width": 12,
                                  "Actual Startup Time": 5.684,
                                  "Actual Total Time": 368.23,
                                  "Actual Rows": 22083,
                                  "Actual Loops": 2,
                                  "Inner Unique": false,
                                  "Join Filter": "(cc.subject_id = cct1.id)",
                                  "Rows Removed by Join Filter": 10057,
                                  "Plans": [
                                    {
                                      "Node Type": "Index Scan",
                                      "Parent Relationship": "Outer",
                                      "Parallel Aware": false,
                                      "Scan Direction": "Forward",
                                      "Index Name": "comp_cast_type_pkey",
                                      "Relation Name": "comp_cast_type",
                                      "Alias": "cct1",
                                      "Startup Cost": 0.13,
                                      "Total Cost": 12.2,
                                      "Plan Rows": 1,
                                      "Plan Width": 4,
                                      "Actual Startup Time": 0.009,
                                      "Actual Total Time": 0.012,
                                      "Actual Rows": 1,
                                      "Actual Loops": 2,
                                      "Filter": "((kind)::text = 'cast'::text)",
                                      "Rows Removed by Filter": 3
                                    },
                                    {
                                      "Node Type": "Nested Loop",
                                      "Parent Relationship": "Inner",
                                      "Parallel Aware": false,
                                      "Join Type": "Inner",
                                      "Startup Cost": 11.66,
                                      "Total Cost": 17675.23,
                                      "Plan Rows": 461,
                                      "Plan Width": 16,
                                      "Actual Startup Time": 5.673,
                                      "Actual Total Time": 363.875,
                                      "Actual Rows": 32140,
                                      "Actual Loops": 2,
                                      "Inner Unique": false,
                                      "Plans": [
                                        {
                                          "Node Type": "Nested Loop",
                                          "Parent Relationship": "Outer",
                                          "Parallel Aware": false,
                                          "Join Type": "Inner",
                                          "Startup Cost": 11.24,
                                          "Total Cost": 17514.81,
                                          "Plan Rows": 337,
                                          "Plan Width": 4,
                                          "Actual Startup Time": 5.515,
                                          "Actual Total Time": 227.471,
                                          "Actual Rows": 66053,
                                          "Actual Loops": 2,
                                          "Inner Unique": false,
                                          "Plans": [
                                            {
                                              "Node Type": "Index Scan",
                                              "Parent Relationship": "Outer",
                                              "Parallel Aware": false,
                                              "Scan Direction": "Forward",
                                              "Index Name": "keyword_pkey",
                                              "Relation Name": "keyword",
                                              "Alias": "k",
                                              "Startup Cost": 0.42,
                                              "Total Cost": 6684.73,
                                              "Plan Rows": 10,
                                              "Plan Width": 4,
                                              "Actual Startup Time": 0.678,
                                              "Actual Total Time": 65.582,
                                              "Actual Rows": 9,
                                              "Actual Loops": 2,
                                              "Filter": "(keyword = ANY ('{murder,superhero,violence,death,claw,blood,superhero,fight,sequel,spoof-title}'::text[]))",
                                              "Rows Removed by Filter": 134161
                                            },
                                            {
                                              "Node Type": "Bitmap Heap Scan",
                                              "Parent Relationship": "Inner",
                                              "Parallel Aware": false,
                                              "Relation Name": "movie_keyword",
                                              "Alias": "mk",
                                              "Startup Cost": 10.82,
                                              "Total Cost": 1079.93,
                                              "Plan Rows": 308,
                                              "Plan Width": 8,
                                              "Actual Startup Time": 1.712,
                                              "Actual Total Time": 17.078,
                                              "Actual Rows": 7339,
                                              "Actual Loops": 18,
                                              "Recheck Cond": "(keyword_id = k.id)",
                                              "Rows Removed by Index Recheck": 0,
                                              "Exact Heap Blocks": 93498,
                                              "Lossy Heap Blocks": 0,
                                              "Plans": [
                                                {
                                                  "Node Type": "Bitmap Index Scan",
                                                  "Parent Relationship": "Outer",
                                                  "Parallel Aware": false,
                                                  "Index Name": "keyword_id_movie_keyword",
                                                  "Startup Cost": 0.0,
                                                  "Total Cost": 10.74,
                                                  "Plan Rows": 308,
                                                  "Plan Width": 0,
                                                  "Actual Startup Time": 1.034,
                                                  "Actual Total Time": 1.034,
                                                  "Actual Rows": 7339,
                                                  "Actual Loops": 18,
                                                  "Index Cond": "(keyword_id = k.id)"
                                                }
                                              ]
                                            }
                                          ]
                                        },
                                        {
                                          "Node Type": "Index Scan",
                                          "Parent Relationship": "Inner",
                                          "Parallel Aware": false,
                                          "Scan Direction": "Forward",
                                          "Index Name": "movie_id_complete_cast",
                                          "Relation Name": "complete_cast",
                                          "Alias": "cc",
                                          "Startup Cost": 0.42,
                                          "Total Cost": 0.46,
                                          "Plan Rows": 2,
                                          "Plan Width": 12,
                                          "Actual Startup Time": 0.002,
                                          "Actual Total Time": 0.002,
                                          "Actual Rows": 0,
                                          "Actual Loops": 132106,
                                          "Index Cond": "(movie_id = mk.movie_id)",
                                          "Rows Removed by Index Recheck": 0
                                        }
                                      ]
                                    }
                                  ]
                                }
                              ]
                            },
                            {
                              "Node Type": "Index Scan",
                              "Parent Relationship": "Inner",
                              "Parallel Aware": false,
                              "Scan Direction": "Forward",
                              "Index Name": "title_pkey",
                              "Relation Name": "title",
                              "Alias": "t",
                              "Startup Cost": 0.43,
                              "Total Cost": 0.49,
                              "Plan Rows": 1,
                              "Plan Width": 25,
                              "Actual Startup Time": 0.007,
                              "Actual Total Time": 0.007,
                              "Actual Rows": 1,
                              "Actual Loops": 22083,
                              "Index Cond": "(id = mk.movie_id)",
                              "Rows Removed by Index Recheck": 0,
                              "Filter": "(production_year > 1964)",
                              "Rows Removed by Filter": 0
                            }
                          ]
                        },
                        {
                          "Node Type": "Index Scan",
                          "Parent Relationship": "Inner",
                          "Parallel Aware": false,
                          "Scan Direction": "Forward",
                          "Index Name": "kind_type_pkey",
                          "Relation Name": "kind_type",
                          "Alias": "kt",
                          "Startup Cost": 0.13,
                          "Total Cost": 0.15,
                          "Plan Rows": 1,
                          "Plan Width": 4,
                          "Actual Startup Time": 0.001,
                          "Actual Total Time": 0.001,
                          "Actual Rows": 1,
                          "Actual Loops": 16528,
                          "Index Cond": "(id = t.kind_id)",
                          "Rows Removed by Index Recheck": 0,
                          "Filter": "((kind)::text = 'movie'::text)",
                          "Rows Removed by Filter": 0
                        }
                      ]
                    },
                    {
                      "Node Type": "Index Scan",
                      "Parent Relationship": "Inner",
                      "Parallel Aware": false,
                      "Scan Direction": "Forward",
                      "Index Name": "movie_id_cast_info",
                      "Relation Name": "cast_info",
                      "Alias": "ci",
                      "Startup Cost": 0.56,
                      "Total Cost": 1.5,
                      "Plan Rows": 34,
                      "Plan Width": 12,
                      "Actual Startup Time": 0.009,
                      "Actual Total Time": 0.173,
                      "Actual Rows": 89,
                      "Actual Loops": 13867,
                      "Index Cond": "(movie_id = mk.movie_id)",
                      "Rows Removed by Index Recheck": 0
                    }
                  ]
                },
                {
                  "Node Type": "Index Scan",
                  "Parent Relationship": "Inner",
                  "Parallel Aware": false,
                  "Scan Direction": "Forward",
                  "Index Name": "char_name_pkey",
                  "Relation Name": "char_name",
                  "Alias": "chn",
                  "Startup Cost": 0.43,
                  "Total Cost": 0.46,
                  "Plan Rows": 1,
                  "Plan Width": 4,
                  "Actual Startup Time": 0.002,
                  "Actual Total Time": 0.002,
                  "Actual Rows": 0,
                  "Actual Loops": 1234246,
                  "Index Cond": "(id = ci.person_role_id)",
                  "Rows Removed by Index Recheck": 0,
                  "Filter": "((name IS NOT NULL) AND ((name ~~ '%Mr.%'::text) OR (name ~~ '%Benson%'::text)))",
                  "Rows Removed by Filter": 0
                }
              ]
            },
            {
              "Node Type": "Index Scan",
              "Parent Relationship": "Inner",
              "Parallel Aware": false,
              "Scan Direction": "Forward",
              "Index Name": "name_pkey",
              "Relation Name": "name",
              "Alias": "n",
              "Startup Cost": 0.43,
              "Total Cost": 0.46,
              "Plan Rows": 1,
              "Plan Width": 19,
              "Actual Startup Time": 0.011,
              "Actual Total Time": 0.011,
              "Actual Rows": 1,
              "Actual Loops": 4317,
              "Index Cond": "(id = ci.person_id)",
              "Rows Removed by Index Recheck": 0
            }
          ]
        }
      ]
    },
    "Planning Time": 20.251,
    "Triggers": [],
    "Execution Time": 6252.45
  }
]