[
  {
    "Plan": {
      "Node Type": "Aggregate",
      "Strategy": "Plain",
      "Partial Mode": "Finalize",
      "Parallel Aware": false,
      "Startup Cost": 350332.25,
      "Total Cost": 350332.26,
      "Plan Rows": 1,
      "Plan Width": 8,
      "Actual Startup Time": 401.275,
      "Actual Total Time": 458.607,
      "Actual Rows": 1,
      "Actual Loops": 1,
      "Plans": [
        {
          "Node Type": "Gather",
          "Parent Relationship": "Outer",
          "Parallel Aware": false,
          "Startup Cost": 350331.83,
          "Total Cost": 350332.24,
          "Plan Rows": 4,
          "Plan Width": 8,
          "Actual Startup Time": 400.905,
          "Actual Total Time": 458.598,
          "Actual Rows": 5,
          "Actual Loops": 1,
          "Workers Planned": 4,
          "Workers Launched": 4,
          "Single Copy": false,
          "Plans": [
            {
              "Node Type": "Aggregate",
              "Strategy": "Plain",
              "Partial Mode": "Partial",
              "Parent Relationship": "Outer",
              "Parallel Aware": false,
              "Startup Cost": 349331.83,
              "Total Cost": 349331.84,
              "Plan Rows": 1,
              "Plan Width": 8,
              "Actual Startup Time": 395.667,
              "Actual Total Time": 395.669,
              "Actual Rows": 1,
              "Actual Loops": 5,
              "Plans": [
                {
                  "Node Type": "Nested Loop",
                  "Parent Relationship": "Outer",
                  "Parallel Aware": false,
                  "Join Type": "Inner",
                  "Startup Cost": 0.56,
                  "Total Cost": 349236.05,
                  "Plan Rows": 38313,
                  "Plan Width": 0,
                  "Actual Startup Time": 38.033,
                  "Actual Total Time": 394.17,
                  "Actual Rows": 16984,
                  "Actual Loops": 5,
                  "Inner Unique": false,
                  "Plans": [
                    {
                      "Node Type": "Seq Scan",
                      "Parent Relationship": "Outer",
                      "Parallel Aware": true,
                      "Relation Name": "title",
                      "Alias": "t",
                      "Startup Cost": 0.0,
                      "Total Cost": 45479.59,
                      "Plan Rows": 10447,
                      "Plan Width": 4,
                      "Actual Startup Time": 37.432,
                      "Actual Total Time": 75.481,
                      "Actual Rows": 7912,
                      "Actual Loops": 5,
                      "Filter": "((kind_id = 1) AND (production_year = 2012))",
                      "Rows Removed by Filter": 497750
                    },
                    {
                      "Node Type": "Index Scan",
                      "Parent Relationship": "Inner",
                      "Parallel Aware": false,
                      "Scan Direction": "Forward",
                      "Index Name": "movie_id_cast_info",
                      "Relation Name": "cast_info",
                      "Alias": "ci",
                      "Startup Cost": 0.56,
                      "Total Cost": 28.99,
                      "Plan Rows": 9,
                      "Plan Width": 4,
                      "Actual Startup Time": 0.03,
                      "Actual Total Time": 0.04,
                      "Actual Rows": 2,
                      "Actual Loops": 39560,
                      "Index Cond": "(movie_id = t.id)",
                      "Rows Removed by Index Recheck": 0,
                      "Filter": "((person_id < 1419104) AND (role_id > 1))",
                      "Rows Removed by Filter": 14
                    }
                  ]
                }
              ]
            }
          ]
        }
      ]
    },
    "Planning Time": 0.576,
    "Triggers": [],
    "Execution Time": 458.662
  }
]