[
  {
    "Plan": {
      "Node Type": "Aggregate",
      "Strategy": "Plain",
      "Partial Mode": "Finalize",
      "Parallel Aware": false,
      "Startup Cost": 126746.22,
      "Total Cost": 126746.23,
      "Plan Rows": 1,
      "Plan Width": 8,
      "Actual Startup Time": 248.361,
      "Actual Total Time": 268.06,
      "Actual Rows": 1,
      "Actual Loops": 1,
      "Plans": [
        {
          "Node Type": "Gather",
          "Parent Relationship": "Outer",
          "Parallel Aware": false,
          "Startup Cost": 126745.9,
          "Total Cost": 126746.21,
          "Plan Rows": 3,
          "Plan Width": 8,
          "Actual Startup Time": 246.183,
          "Actual Total Time": 268.052,
          "Actual Rows": 4,
          "Actual Loops": 1,
          "Workers Planned": 3,
          "Workers Launched": 3,
          "Single Copy": false,
          "Plans": [
            {
              "Node Type": "Aggregate",
              "Strategy": "Plain",
              "Partial Mode": "Partial",
              "Parent Relationship": "Outer",
              "Parallel Aware": false,
              "Startup Cost": 125745.9,
              "Total Cost": 125745.91,
              "Plan Rows": 1,
              "Plan Width": 8,
              "Actual Startup Time": 236.033,
              "Actual Total Time": 236.037,
              "Actual Rows": 1,
              "Actual Loops": 4,
              "Plans": [
                {
                  "Node Type": "Nested Loop",
                  "Parent Relationship": "Outer",
                  "Parallel Aware": false,
                  "Join Type": "Inner",
                  "Startup Cost": 52220.53,
                  "Total Cost": 125582.05,
                  "Plan Rows": 65542,
                  "Plan Width": 0,
                  "Actual Startup Time": 150.697,
                  "Actual Total Time": 235.21,
                  "Actual Rows": 12164,
                  "Actual Loops": 4,
                  "Inner Unique": false,
                  "Plans": [
                    {
                      "Node Type": "Hash Join",
                      "Parent Relationship": "Outer",
                      "Parallel Aware": true,
                      "Join Type": "Inner",
                      "Startup Cost": 52220.1,
                      "Total Cost": 77990.52,
                      "Plan Rows": 11209,
                      "Plan Width": 8,
                      "Actual Startup Time": 150.615,
                      "Actual Total Time": 213.76,
                      "Actual Rows": 1468,
                      "Actual Loops": 4,
                      "Inner Unique": true,
                      "Hash Cond": "(mk.movie_id = t.id)",
                      "Plans": [
                        {
                          "Node Type": "Bitmap Heap Scan",
                          "Parent Relationship": "Outer",
                          "Parallel Aware": true,
                          "Relation Name": "movie_keyword",
                          "Alias": "mk",
                          "Startup Cost": 5723.48,
                          "Total Cost": 31265.43,
                          "Plan Rows": 87036,
                          "Plan Width": 4,
                          "Actual Startup Time": 21.039,
                          "Actual Total Time": 65.982,
                          "Actual Rows": 70962,
                          "Actual Loops": 4,
                          "Recheck Cond": "(keyword_id < 236)",
                          "Rows Removed by Index Recheck": 0,
                          "Exact Heap Blocks": 8523,
                          "Lossy Heap Blocks": 0,
                          "Plans": [
                            {
                              "Node Type": "Bitmap Index Scan",
                              "Parent Relationship": "Outer",
                              "Parallel Aware": false,
                              "Index Name": "keyword_id_movie_keyword",
                              "Startup Cost": 0.0,
                              "Total Cost": 5656.02,
                              "Plan Rows": 269812,
                              "Plan Width": 0,
                              "Actual Startup Time": 17.416,
                              "Actual Total Time": 17.417,
                              "Actual Rows": 283847,
                              "Actual Loops": 1,
                              "Index Cond": "(keyword_id < 236)"
                            }
                          ]
                        },
                        {
                          "Node Type": "Hash",
                          "Parent Relationship": "Inner",
                          "Parallel Aware": true,
                          "Startup Cost": 45479.1,
                          "Total Cost": 45479.1,
                          "Plan Rows": 81402,
                          "Plan Width": 4,
                          "Actual Startup Time": 125.76,
                          "Actual Total Time": 125.761,
                          "Actual Rows": 87384,
                          "Actual Loops": 4,
                          "Hash Buckets": 524288,
                          "Original Hash Buckets": 524288,
                          "Hash Batches": 1,
                          "Original Hash Batches": 1,
                          "Peak Memory Usage": 17824,
                          "Plans": [
                            {
                              "Node Type": "Seq Scan",
                              "Parent Relationship": "Outer",
                              "Parallel Aware": true,
                              "Relation Name": "title",
                              "Alias": "t",
                              "Startup Cost": 0.0,
                              "Total Cost": 45479.1,
                              "Plan Rows": 81402,
                              "Plan Width": 4,
                              "Actual Startup Time": 0.033,
                              "Actual Total Time": 94.038,
                              "Actual Rows": 87384,
                              "Actual Loops": 4,
                              "Filter": "((production_year > 2009) AND (kind_id = 7))",
                              "Rows Removed by Filter": 544694
                            }
                          ]
                        }
                      ]
                    },
                    {
                      "Node Type": "Index Only Scan",
                      "Parent Relationship": "Inner",
                      "Parallel Aware": false,
                      "Scan Direction": "Forward",
                      "Index Name": "movie_id_movie_info",
                      "Relation Name": "movie_info",
                      "Alias": "mi",
                      "Startup Cost": 0.43,
                      "Total Cost": 3.83,
                      "Plan Rows": 42,
                      "Plan Width": 4,
                      "Actual Startup Time": 0.006,
                      "Actual Total Time": 0.013,
                      "Actual Rows": 8,
                      "Actual Loops": 5873,
                      "Index Cond": "(movie_id = t.id)",
                      "Rows Removed by Index Recheck": 0,
                      "Heap Fetches": 48657
                    }
                  ]
                }
              ]
            }
          ]
        }
      ]
    },
    "Planning Time": 1.388,
    "Triggers": [],
    "Execution Time": 268.17
  }
]