[
  {
    "Plan": {
      "Node Type": "Aggregate",
      "Strategy": "Plain",
      "Partial Mode": "Finalize",
      "Parallel Aware": false,
      "Startup Cost": 44904.02,
      "Total Cost": 44904.03,
      "Plan Rows": 1,
      "Plan Width": 8,
      "Actual Startup Time": 95.12,
      "Actual Total Time": 106.943,
      "Actual Rows": 1,
      "Actual Loops": 1,
      "Plans": [
        {
          "Node Type": "Gather",
          "Parent Relationship": "Outer",
          "Parallel Aware": false,
          "Startup Cost": 44903.6,
          "Total Cost": 44904.01,
          "Plan Rows": 4,
          "Plan Width": 8,
          "Actual Startup Time": 94.869,
          "Actual Total Time": 106.934,
          "Actual Rows": 5,
          "Actual Loops": 1,
          "Workers Planned": 4,
          "Workers Launched": 4,
          "Single Copy": false,
          "Plans": [
            {
              "Node Type": "Aggregate",
              "Strategy": "Plain",
              "Partial Mode": "Partial",
              "Parent Relationship": "Outer",
              "Parallel Aware": false,
              "Startup Cost": 43903.6,
              "Total Cost": 43903.61,
              "Plan Rows": 1,
              "Plan Width": 8,
              "Actual Startup Time": 87.283,
              "Actual Total Time": 87.284,
              "Actual Rows": 1,
              "Actual Loops": 5,
              "Plans": [
                {
                  "Node Type": "Seq Scan",
                  "Parent Relationship": "Outer",
                  "Parallel Aware": true,
                  "Relation Name": "title",
                  "Alias": "t",
                  "Startup Cost": 0.0,
                  "Total Cost": 43898.92,
                  "Plan Rows": 1875,
                  "Plan Width": 0,
                  "Actual Startup Time": 59.572,
                  "Actual Total Time": 87.112,
                  "Actual Rows": 1534,
                  "Actual Loops": 5,
                  "Filter": "(production_year = 1915)",
                  "Rows Removed by Filter": 504128
                }
              ]
            }
          ]
        }
      ]
    },
    "Planning Time": 0.149,
    "Triggers": [],
    "Execution Time": 107.005
  }
]