[
  {
    "Plan": {
      "Node Type": "Aggregate",
      "Strategy": "Plain",
      "Partial Mode": "Finalize",
      "Parallel Aware": false,
      "Startup Cost": 46882.02,
      "Total Cost": 46882.03,
      "Plan Rows": 1,
      "Plan Width": 8,
      "Actual Startup Time": 200.488,
      "Actual Total Time": 210.397,
      "Actual Rows": 1,
      "Actual Loops": 1,
      "Plans": [
        {
          "Node Type": "Gather",
          "Parent Relationship": "Outer",
          "Parallel Aware": false,
          "Startup Cost": 46881.7,
          "Total Cost": 46882.01,
          "Plan Rows": 3,
          "Plan Width": 8,
          "Actual Startup Time": 200.336,
          "Actual Total Time": 210.385,
          "Actual Rows": 4,
          "Actual Loops": 1,
          "Workers Planned": 3,
          "Workers Launched": 3,
          "Single Copy": false,
          "Plans": [
            {
              "Node Type": "Aggregate",
              "Strategy": "Plain",
              "Partial Mode": "Partial",
              "Parent Relationship": "Outer",
              "Parallel Aware": false,
              "Startup Cost": 45881.7,
              "Total Cost": 45881.71,
              "Plan Rows": 1,
              "Plan Width": 8,
              "Actual Startup Time": 196.771,
              "Actual Total Time": 196.773,
              "Actual Rows": 1,
              "Actual Loops": 4,
              "Plans": [
                {
                  "Node Type": "Seq Scan",
                  "Parent Relationship": "Outer",
                  "Parallel Aware": true,
                  "Relation Name": "movie_keyword",
                  "Alias": "mk",
                  "Startup Cost": 0.0,
                  "Total Cost": 42695.65,
                  "Plan Rows": 1274420,
                  "Plan Width": 0,
                  "Actual Startup Time": 0.04,
                  "Actual Total Time": 142.308,
                  "Actual Rows": 985120,
                  "Actual Loops": 4,
                  "Filter": "(keyword_id > 413)",
                  "Rows Removed by Filter": 145863
                }
              ]
            }
          ]
        }
      ]
    },
    "Planning Time": 0.1,
    "Triggers": [],
    "Execution Time": 210.428
  }
]