[
  {
    "Plan": {
      "Node Type": "Aggregate",
      "Strategy": "Plain",
      "Partial Mode": "Finalize",
      "Parallel Aware": false,
      "Startup Cost": 45608.16,
      "Total Cost": 45608.17,
      "Plan Rows": 1,
      "Plan Width": 8,
      "Actual Startup Time": 149.594,
      "Actual Total Time": 161.103,
      "Actual Rows": 1,
      "Actual Loops": 1,
      "Plans": [
        {
          "Node Type": "Gather",
          "Parent Relationship": "Outer",
          "Parallel Aware": false,
          "Startup Cost": 45607.84,
          "Total Cost": 45608.15,
          "Plan Rows": 3,
          "Plan Width": 8,
          "Actual Startup Time": 149.478,
          "Actual Total Time": 161.096,
          "Actual Rows": 4,
          "Actual Loops": 1,
          "Workers Planned": 3,
          "Workers Launched": 3,
          "Single Copy": false,
          "Plans": [
            {
              "Node Type": "Aggregate",
              "Strategy": "Plain",
              "Partial Mode": "Partial",
              "Parent Relationship": "Outer",
              "Parallel Aware": false,
              "Startup Cost": 44607.84,
              "Total Cost": 44607.85,
              "Plan Rows": 1,
              "Plan Width": 8,
              "Actual Startup Time": 145.657,
              "Actual Total Time": 145.658,
              "Actual Rows": 1,
              "Actual Loops": 4,
              "Plans": [
                {
                  "Node Type": "Seq Scan",
                  "Parent Relationship": "Outer",
                  "Parallel Aware": true,
                  "Relation Name": "movie_keyword",
                  "Alias": "mk",
                  "Startup Cost": 0.0,
                  "Total Cost": 42695.65,
                  "Plan Rows": 764874,
                  "Plan Width": 0,
                  "Actual Startup Time": 0.353,
                  "Actual Total Time": 116.789,
                  "Actual Rows": 589557,
                  "Actual Loops": 4,
                  "Filter": "(keyword_id > 4178)",
                  "Rows Removed by Filter": 541426
                }
              ]
            }
          ]
        }
      ]
    },
    "Planning Time": 0.115,
    "Triggers": [],
    "Execution Time": 161.14
  }
]