{
    "Plan": {
        "Node Type": "Aggregate",
        "Strategy": "Plain",
        "Partial Mode": "Simple",
        "Parallel Aware": false,
        "Startup Cost": 20000096225.92,
        "Total Cost": 20000096225.93,
        "Plan Rows": 1,
        "Plan Width": 8,
        "Actual Startup Time": 128.59,
        "Actual Total Time": 128.594,
        "Actual Rows": 1,
        "Actual Loops": 1,
        "Output": [
            "count(*)"
        ],
        "Plans": [
            {
                "Node Type": "Nested Loop",
                "Parent Relationship": "Outer",
                "Parallel Aware": false,
                "Join Type": "Inner",
                "Startup Cost": 20000000233.75,
                "Total Cost": 20000096216.6,
                "Plan Rows": 3729,
                "Plan Width": 0,
                "Actual Startup Time": 42.13,
                "Actual Total Time": 128.367,
                "Actual Rows": 3241,
                "Actual Loops": 1,
                "Inner Unique": false,
                "Plans": [
                    {
                        "Node Type": "Nested Loop",
                        "Parent Relationship": "Outer",
                        "Parallel Aware": false,
                        "Join Type": "Inner",
                        "Startup Cost": 10000000231.62,
                        "Total Cost": 10000089198.1,
                        "Plan Rows": 639,
                        "Plan Width": 8,
                        "Actual Startup Time": 42.07,
                        "Actual Total Time": 119.627,
                        "Actual Rows": 93,
                        "Actual Loops": 1,
                        "Output": [
                            "t.id",
                            "mc.movie_id"
                        ],
                        "Inner Unique": true,
                        "Plans": [
                            {
                                "Node Type": "Bitmap Heap Scan",
                                "Parent Relationship": "Outer",
                                "Parallel Aware": false,
                                "Relation Name": "movie_companies",
                                "Schema": "public",
                                "Alias": "mc",
                                "Startup Cost": 228.64,
                                "Total Cost": 16820.14,
                                "Plan Rows": 10350,
                                "Plan Width": 4,
                                "Actual Startup Time": 3.061,
                                "Actual Total Time": 14.473,
                                "Actual Rows": 10667,
                                "Actual Loops": 1,
                                "Output": [
                                    "mc.id",
                                    "mc.movie_id",
                                    "mc.company_id",
                                    "mc.company_type_id",
                                    "mc.note"
                                ],
                                "Recheck Cond": "(mc.company_id = 11)",
                                "Rows Removed by Index Recheck": 0,
                                "Exact Heap Blocks": 1230,
                                "Lossy Heap Blocks": 0,
                                "Plans": [
                                    {
                                        "Node Type": "Bitmap Index Scan",
                                        "Parent Relationship": "Outer",
                                        "Parallel Aware": false,
                                        "Index Name": "company_id_movie_companies",
                                        "Startup Cost": 0.0,
                                        "Total Cost": 226.06,
                                        "Plan Rows": 10350,
                                        "Plan Width": 0,
                                        "Actual Startup Time": 2.565,
                                        "Actual Total Time": 2.565,
                                        "Actual Rows": 10667,
                                        "Actual Loops": 1,
                                        "Index Cond": "(mc.company_id = 11)"
                                    }
                                ]
                            },
                            {
                                "Node Type": "Bitmap Heap Scan",
                                "Parent Relationship": "Inner",
                                "Parallel Aware": false,
                                "Relation Name": "title",
                                "Schema": "public",
                                "Alias": "t",
                                "Startup Cost": 2.98,
                                "Total Cost": 6.99,
                                "Plan Rows": 1,
                                "Plan Width": 4,
                                "Actual Startup Time": 0.008,
                                "Actual Total Time": 0.008,
                                "Actual Rows": 0,
                                "Actual Loops": 10667,
                                "Output": [
                                    "t.id",
                                    "t.title",
                                    "t.imdb_index",
                                    "t.kind_id",
                                    "t.production_year",
                                    "t.imdb_id",
                                    "t.phonetic_code",
                                    "t.episode_of_id",
                                    "t.season_nr",
                                    "t.episode_nr",
                                    "t.series_years",
                                    "t.md5sum"
                                ],
                                "Recheck Cond": "(t.id = mc.movie_id)",
                                "Rows Removed by Index Recheck": 0,
                                "Filter": "(t.production_year < 1947)",
                                "Rows Removed by Filter": 1,
                                "Exact Heap Blocks": 10667,
                                "Lossy Heap Blocks": 0,
                                "Plans": [
                                    {
                                        "Node Type": "Bitmap Index Scan",
                                        "Parent Relationship": "Outer",
                                        "Parallel Aware": false,
                                        "Index Name": "title_pkey",
                                        "Startup Cost": 0.0,
                                        "Total Cost": 2.98,
                                        "Plan Rows": 1,
                                        "Plan Width": 0,
                                        "Actual Startup Time": 0.003,
                                        "Actual Total Time": 0.003,
                                        "Actual Rows": 1,
                                        "Actual Loops": 10667,
                                        "Index Cond": "(t.id = mc.movie_id)"
                                    }
                                ]
                            }
                        ]
                    },
                    {
                        "Node Type": "Bitmap Heap Scan",
                        "Parent Relationship": "Inner",
                        "Parallel Aware": false,
                        "Relation Name": "movie_info",
                        "Schema": "public",
                        "Alias": "mi",
                        "Startup Cost": 2.13,
                        "Total Cost": 10.59,
                        "Plan Rows": 39,
                        "Plan Width": 4,
                        "Actual Startup Time": 0.028,
                        "Actual Total Time": 0.089,
                        "Actual Rows": 35,
                        "Actual Loops": 93,
                        "Output": [
                            "mi.id",
                            "mi.movie_id",
                            "mi.info_type_id",
                            "mi.info",
                            "mi.note"
                        ],
                        "Recheck Cond": "(mi.movie_id = t.id)",
                        "Rows Removed by Index Recheck": 0,
                        "Exact Heap Blocks": 1254,
                        "Lossy Heap Blocks": 0,
                        "Plans": [
                            {
                                "Node Type": "Bitmap Index Scan",
                                "Parent Relationship": "Outer",
                                "Parallel Aware": false,
                                "Index Name": "movie_id_movie_info",
                                "Startup Cost": 0.0,
                                "Total Cost": 2.12,
                                "Plan Rows": 39,
                                "Plan Width": 0,
                                "Actual Startup Time": 0.021,
                                "Actual Total Time": 0.021,
                                "Actual Rows": 35,
                                "Actual Loops": 93,
                                "Index Cond": "(mi.movie_id = t.id)"
                            }
                        ]
                    }
                ]
            }
        ]
    },
    "Planning Time": 3.722,
    "Triggers": [],
    "Execution Time": 129.108
}