[
  {
    "Plan": {
      "Node Type": "Aggregate",
      "Strategy": "Plain",
      "Partial Mode": "Finalize",
      "Parallel Aware": false,
      "Startup Cost": 452822.71,
      "Total Cost": 452822.72,
      "Plan Rows": 1,
      "Plan Width": 8,
      "Actual Startup Time": 2636.621,
      "Actual Total Time": 2704.167,
      "Actual Rows": 1,
      "Actual Loops": 1,
      "Plans": [
        {
          "Node Type": "Gather",
          "Parent Relationship": "Outer",
          "Parallel Aware": false,
          "Startup Cost": 452822.08,
          "Total Cost": 452822.69,
          "Plan Rows": 6,
          "Plan Width": 8,
          "Actual Startup Time": 2620.799,
          "Actual Total Time": 2704.122,
          "Actual Rows": 7,
          "Actual Loops": 1,
          "Workers Planned": 6,
          "Workers Launched": 6,
          "Single Copy": false,
          "Plans": [
            {
              "Node Type": "Aggregate",
              "Strategy": "Plain",
              "Partial Mode": "Partial",
              "Parent Relationship": "Outer",
              "Parallel Aware": false,
              "Startup Cost": 451822.08,
              "Total Cost": 451822.09,
              "Plan Rows": 1,
              "Plan Width": 8,
              "Actual Startup Time": 2610.732,
              "Actual Total Time": 2610.969,
              "Actual Rows": 1,
              "Actual Loops": 7,
              "Plans": [
                {
                  "Node Type": "Hash Join",
                  "Parent Relationship": "Outer",
                  "Parallel Aware": true,
                  "Join Type": "Inner",
                  "Startup Cost": 95004.19,
                  "Total Cost": 446048.14,
                  "Plan Rows": 2309577,
                  "Plan Width": 0,
                  "Actual Startup Time": 536.174,
                  "Actual Total Time": 2322.12,
                  "Actual Rows": 6151011,
                  "Actual Loops": 7,
                  "Inner Unique": false,
                  "Hash Cond": "(ci.movie_id = t.id)",
                  "Plans": [
                    {
                      "Node Type": "Seq Scan",
                      "Parent Relationship": "Outer",
                      "Parallel Aware": true,
                      "Relation Name": "cast_info",
                      "Alias": "ci",
                      "Startup Cost": 0.0,
                      "Total Cost": 328211.39,
                      "Plan Rows": 4101952,
                      "Plan Width": 4,
                      "Actual Startup Time": 135.838,
                      "Actual Total Time": 657.553,
                      "Actual Rows": 3499348,
                      "Actual Loops": 7,
                      "Filter": "(person_id > 1153868)",
                      "Rows Removed by Filter": 1678415
                    },
                    {
                      "Node Type": "Hash",
                      "Parent Relationship": "Inner",
                      "Parallel Aware": true,
                      "Startup Cost": 89263.83,
                      "Total Cost": 89263.83,
                      "Plan Rows": 459229,
                      "Plan Width": 8,
                      "Actual Startup Time": 397.186,
                      "Actual Total Time": 397.421,
                      "Actual Rows": 285584,
                      "Actual Loops": 7,
                      "Hash Buckets": 2097152,
                      "Original Hash Buckets": 2097152,
                      "Hash Batches": 1,
                      "Original Hash Batches": 1,
                      "Peak Memory Usage": 94688,
                      "Plans": [
                        {
                          "Node Type": "Hash Join",
                          "Parent Relationship": "Outer",
                          "Parallel Aware": true,
                          "Join Type": "Inner",
                          "Startup Cost": 46385.75,
                          "Total Cost": 89263.83,
                          "Plan Rows": 459229,
                          "Plan Width": 8,
                          "Actual Startup Time": 139.105,
                          "Actual Total Time": 301.881,
                          "Actual Rows": 285584,
                          "Actual Loops": 7,
                          "Inner Unique": true,
                          "Hash Cond": "(mk.movie_id = t.id)",
                          "Plans": [
                            {
                              "Node Type": "Seq Scan",
                              "Parent Relationship": "Outer",
                              "Parallel Aware": true,
                              "Relation Name": "movie_keyword",
                              "Alias": "mk",
                              "Startup Cost": 0.0,
                              "Total Cost": 39047.32,
                              "Plan Rows": 1459332,
                              "Plan Width": 4,
                              "Actual Startup Time": 0.037,
                              "Actual Total Time": 62.923,
                              "Actual Rows": 646276,
                              "Actual Loops": 7
                            },
                            {
                              "Node Type": "Hash",
                              "Parent Relationship": "Inner",
                              "Parallel Aware": true,
                              "Startup Cost": 43899.32,
                              "Total Cost": 43899.32,
                              "Plan Rows": 198914,
                              "Plan Width": 4,
                              "Actual Startup Time": 137.932,
                              "Actual Total Time": 137.935,
                              "Actual Rows": 116101,
                              "Actual Loops": 7,
                              "Hash Buckets": 1048576,
                              "Original Hash Buckets": 1048576,
                              "Hash Batches": 1,
                              "Original Hash Batches": 1,
                              "Peak Memory Usage": 40096,
                              "Plans": [
                                {
                                  "Node Type": "Seq Scan",
                                  "Parent Relationship": "Outer",
                                  "Parallel Aware": true,
                                  "Relation Name": "title",
                                  "Alias": "t",
                                  "Startup Cost": 0.0,
                                  "Total Cost": 43899.32,
                                  "Plan Rows": 198914,
                                  "Plan Width": 4,
                                  "Actual Startup Time": 0.044,
                                  "Actual Total Time": 80.905,
                                  "Actual Rows": 116101,
                                  "Actual Loops": 7,
                                  "Filter": "(production_year < 1995)",
                                  "Rows Removed by Filter": 245087
                                }
                              ]
                            }
                          ]
                        }
                      ]
                    }
                  ]
                }
              ]
            }
          ]
        }
      ]
    },
    "Planning Time": 0.472,
    "Triggers": [],
    "Execution Time": 2704.226
  }
]