[
  {
    "Plan": {
      "Node Type": "Aggregate",
      "Strategy": "Plain",
      "Partial Mode": "Finalize",
      "Parallel Aware": false,
      "Startup Cost": 452943.78,
      "Total Cost": 452943.79,
      "Plan Rows": 1,
      "Plan Width": 8,
      "Actual Startup Time": 2578.151,
      "Actual Total Time": 2640.656,
      "Actual Rows": 1,
      "Actual Loops": 1,
      "Plans": [
        {
          "Node Type": "Gather",
          "Parent Relationship": "Outer",
          "Parallel Aware": false,
          "Startup Cost": 452943.15,
          "Total Cost": 452943.76,
          "Plan Rows": 6,
          "Plan Width": 8,
          "Actual Startup Time": 2564.189,
          "Actual Total Time": 2640.642,
          "Actual Rows": 7,
          "Actual Loops": 1,
          "Workers Planned": 6,
          "Workers Launched": 6,
          "Single Copy": false,
          "Plans": [
            {
              "Node Type": "Aggregate",
              "Strategy": "Plain",
              "Partial Mode": "Partial",
              "Parent Relationship": "Outer",
              "Parallel Aware": false,
              "Startup Cost": 451943.15,
              "Total Cost": 451943.16,
              "Plan Rows": 1,
              "Plan Width": 8,
              "Actual Startup Time": 2549.33,
              "Actual Total Time": 2549.594,
              "Actual Rows": 1,
              "Actual Loops": 7,
              "Plans": [
                {
                  "Node Type": "Hash Join",
                  "Parent Relationship": "Outer",
                  "Parallel Aware": true,
                  "Join Type": "Inner",
                  "Startup Cost": 95121.73,
                  "Total Cost": 446114.03,
                  "Plan Rows": 2331649,
                  "Plan Width": 0,
                  "Actual Startup Time": 497.58,
                  "Actual Total Time": 2276.493,
                  "Actual Rows": 6151011,
                  "Actual Loops": 7,
                  "Inner Unique": false,
                  "Hash Cond": "(ci.movie_id = t.id)",
                  "Plans": [
                    {
                      "Node Type": "Seq Scan",
                      "Parent Relationship": "Outer",
                      "Parallel Aware": true,
                      "Relation Name": "cast_info",
                      "Alias": "ci",
                      "Startup Cost": 0.0,
                      "Total Cost": 328162.03,
                      "Plan Rows": 4082350,
                      "Plan Width": 4,
                      "Actual Startup Time": 117.512,
                      "Actual Total Time": 621.202,
                      "Actual Rows": 3499348,
                      "Actual Loops": 7,
                      "Filter": "(person_id > 1153868)",
                      "Rows Removed by Filter": 1678415
                    },
                    {
                      "Node Type": "Hash",
                      "Parent Relationship": "Inner",
                      "Parallel Aware": true,
                      "Startup Cost": 89298.97,
                      "Total Cost": 89298.97,
                      "Plan Rows": 465821,
                      "Plan Width": 8,
                      "Actual Startup Time": 375.258,
                      "Actual Total Time": 375.52,
                      "Actual Rows": 285584,
                      "Actual Loops": 7,
                      "Hash Buckets": 2097152,
                      "Original Hash Buckets": 2097152,
                      "Hash Batches": 1,
                      "Original Hash Batches": 1,
                      "Peak Memory Usage": 94752,
                      "Plans": [
                        {
                          "Node Type": "Hash Join",
                          "Parent Relationship": "Outer",
                          "Parallel Aware": true,
                          "Join Type": "Inner",
                          "Startup Cost": 46420.89,
                          "Total Cost": 89298.97,
                          "Plan Rows": 465821,
                          "Plan Width": 8,
                          "Actual Startup Time": 136.727,
                          "Actual Total Time": 289.262,
                          "Actual Rows": 285584,
                          "Actual Loops": 7,
                          "Inner Unique": true,
                          "Hash Cond": "(mk.movie_id = t.id)",
                          "Plans": [
                            {
                              "Node Type": "Seq Scan",
                              "Parent Relationship": "Outer",
                              "Parallel Aware": true,
                              "Relation Name": "movie_keyword",
                              "Alias": "mk",
                              "Startup Cost": 0.0,
                              "Total Cost": 39047.32,
                              "Plan Rows": 1459332,
                              "Plan Width": 4,
                              "Actual Startup Time": 0.032,
                              "Actual Total Time": 59.784,
                              "Actual Rows": 646276,
                              "Actual Loops": 7
                            },
                            {
                              "Node Type": "Hash",
                              "Parent Relationship": "Inner",
                              "Parallel Aware": true,
                              "Startup Cost": 43898.92,
                              "Total Cost": 43898.92,
                              "Plan Rows": 201758,
                              "Plan Width": 4,
                              "Actual Startup Time": 135.336,
                              "Actual Total Time": 135.337,
                              "Actual Rows": 116101,
                              "Actual Loops": 7,
                              "Hash Buckets": 1048576,
                              "Original Hash Buckets": 1048576,
                              "Hash Batches": 1,
                              "Original Hash Batches": 1,
                              "Peak Memory Usage": 40096,
                              "Plans": [
                                {
                                  "Node Type": "Seq Scan",
                                  "Parent Relationship": "Outer",
                                  "Parallel Aware": true,
                                  "Relation Name": "title",
                                  "Alias": "t",
                                  "Startup Cost": 0.0,
                                  "Total Cost": 43898.92,
                                  "Plan Rows": 201758,
                                  "Plan Width": 4,
                                  "Actual Startup Time": 0.049,
                                  "Actual Total Time": 78.36,
                                  "Actual Rows": 116101,
                                  "Actual Loops": 7,
                                  "Filter": "(production_year < 1995)",
                                  "Rows Removed by Filter": 245087
                                }
                              ]
                            }
                          ]
                        }
                      ]
                    }
                  ]
                }
              ]
            }
          ]
        }
      ]
    },
    "Planning Time": 1.111,
    "Triggers": [],
    "Execution Time": 2640.747
  }
]