[
    {
        "Bao": {
            "Bao prediction": "NaN",
            "Bao recommended hint": "(no hint)"
        }
    },
    {
        "Plan": {
            "Node Type": "Aggregate",
            "Strategy": "Plain",
            "Partial Mode": "Finalize",
            "Parallel Aware": false,
            "Startup Cost": 33259.33,
            "Total Cost": 33259.34,
            "Plan Rows": 1,
            "Plan Width": 8,
            "Actual Startup Time": 112.829,
            "Actual Total Time": 117.946,
            "Actual Rows": 1,
            "Actual Loops": 1,
            "Output": [
                "count(*)"
            ],
            "Plans": [
                {
                    "Node Type": "Gather",
                    "Parent Relationship": "Outer",
                    "Parallel Aware": false,
                    "Startup Cost": 33259.01,
                    "Total Cost": 33259.32,
                    "Plan Rows": 3,
                    "Plan Width": 8,
                    "Actual Startup Time": 112.709,
                    "Actual Total Time": 117.937,
                    "Actual Rows": 4,
                    "Actual Loops": 1,
                    "Output": [
                        "(PARTIAL count(*))"
                    ],
                    "Workers Planned": 3,
                    "Workers Launched": 3,
                    "Single Copy": false,
                    "Plans": [
                        {
                            "Node Type": "Aggregate",
                            "Strategy": "Plain",
                            "Partial Mode": "Partial",
                            "Parent Relationship": "Outer",
                            "Parallel Aware": false,
                            "Startup Cost": 32259.01,
                            "Total Cost": 32259.02,
                            "Plan Rows": 1,
                            "Plan Width": 8,
                            "Actual Startup Time": 104.433,
                            "Actual Total Time": 104.435,
                            "Actual Rows": 1,
                            "Actual Loops": 4,
                            "Output": [
                                "PARTIAL count(*)"
                            ],
                            "Workers": [
                                {
                                    "Worker Number": 0,
                                    "Actual Startup Time": 101.623,
                                    "Actual Total Time": 101.624,
                                    "Actual Rows": 1,
                                    "Actual Loops": 1
                                },
                                {
                                    "Worker Number": 1,
                                    "Actual Startup Time": 101.892,
                                    "Actual Total Time": 101.894,
                                    "Actual Rows": 1,
                                    "Actual Loops": 1
                                },
                                {
                                    "Worker Number": 2,
                                    "Actual Startup Time": 101.957,
                                    "Actual Total Time": 101.958,
                                    "Actual Rows": 1,
                                    "Actual Loops": 1
                                }
                            ],
                            "Plans": [
                                {
                                    "Node Type": "Seq Scan",
                                    "Parent Relationship": "Outer",
                                    "Parallel Aware": true,
                                    "Relation Name": "movie_companies",
                                    "Schema": "public",
                                    "Alias": "mc",
                                    "Startup Cost": 0.0,
                                    "Total Cost": 31414.82,
                                    "Plan Rows": 337676,
                                    "Plan Width": 0,
                                    "Actual Startup Time": 49.89,
                                    "Actual Total Time": 93.157,
                                    "Actual Rows": 194924,
                                    "Actual Loops": 4,
                                    "Output": [
                                        "id",
                                        "movie_id",
                                        "company_id",
                                        "company_type_id",
                                        "note"
                                    ],
                                    "Filter": "((mc.company_id < 71756) AND (mc.company_type_id > 1))",
                                    "Rows Removed by Filter": 457358,
                                    "Workers": [
                                        {
                                            "Worker Number": 0,
                                            "Actual Startup Time": 47.068,
                                            "Actual Total Time": 90.636,
                                            "Actual Rows": 164933,
                                            "Actual Loops": 1
                                        },
                                        {
                                            "Worker Number": 1,
                                            "Actual Startup Time": 47.362,
                                            "Actual Total Time": 91.082,
                                            "Actual Rows": 159970,
                                            "Actual Loops": 1
                                        },
                                        {
                                            "Worker Number": 2,
                                            "Actual Startup Time": 47.416,
                                            "Actual Total Time": 91.1,
                                            "Actual Rows": 265357,
                                            "Actual Loops": 1
                                        }
                                    ]
                                }
                            ]
                        }
                    ]
                }
            ]
        },
        "Planning Time": 277.719,
        "Triggers": [],
        "Execution Time": 118.021
    }
]