{
  "Plan": {
    "Node Type": "Aggregate",
    "Strategy": "Plain",
    "Partial Mode": "Finalize",
    "Parallel Aware": false,
    "Startup Cost": 123781.94,
    "Total Cost": 123781.95,
    "Plan Rows": 1,
    "Plan Width": 8,
    "Actual Startup Time": 647.73,
    "Actual Total Time": 665.861,
    "Actual Rows": 1,
    "Actual Loops": 1,
    "Plans": [
      {
        "Node Type": "Gather",
        "Parent Relationship": "Outer",
        "Parallel Aware": false,
        "Startup Cost": 123781.83,
        "Total Cost": 123781.94,
        "Plan Rows": 1,
        "Plan Width": 8,
        "Actual Startup Time": 646.463,
        "Actual Total Time": 665.853,
        "Actual Rows": 2,
        "Actual Loops": 1,
        "Workers Planned": 1,
        "Workers Launched": 1,
        "Single Copy": false,
        "Plans": [
          {
            "Node Type": "Aggregate",
            "Strategy": "Plain",
            "Partial Mode": "Partial",
            "Parent Relationship": "Outer",
            "Parallel Aware": false,
            "Startup Cost": 122781.83,
            "Total Cost": 122781.84,
            "Plan Rows": 1,
            "Plan Width": 8,
            "Actual Startup Time": 639.908,
            "Actual Total Time": 639.912,
            "Actual Rows": 1,
            "Actual Loops": 2,
            "Plans": [
              {
                "Node Type": "Hash Join",
                "Parent Relationship": "Outer",
                "Parallel Aware": true,
                "Join Type": "Inner",
                "Startup Cost": 60933.49,
                "Total Cost": 122291.92,
                "Plan Rows": 195963,
                "Plan Width": 0,
                "Actual Startup Time": 241.49,
                "Actual Total Time": 628.937,
                "Actual Rows": 209046,
                "Actual Loops": 2,
                "Inner Unique": true,
                "Hash Cond": "(mk.movie_id = t.id)",
                "Plans": [
                  {
                    "Node Type": "Seq Scan",
                    "Parent Relationship": "Outer",
                    "Parallel Aware": true,
                    "Relation Name": "movie_keyword",
                    "Alias": "mk",
                    "Startup Cost": 0.0,
                    "Total Cost": 57718.19,
                    "Plan Rows": 1386752,
                    "Plan Width": 4,
                    "Actual Startup Time": 0.015,
                    "Actual Total Time": 229.489,
                    "Actual Rows": 1177942,
                    "Actual Loops": 2,
                    "Filter": "(keyword_id < 5295)",
                    "Rows Removed by Filter": 1084024
                  },
                  {
                    "Node Type": "Hash",
                    "Parent Relationship": "Inner",
                    "Parallel Aware": true,
                    "Startup Cost": 58306.47,
                    "Total Cost": 58306.47,
                    "Plan Rows": 210162,
                    "Plan Width": 4,
                    "Actual Startup Time": 235.035,
                    "Actual Total Time": 235.037,
                    "Actual Rows": 151044,
                    "Actual Loops": 2,
                    "Hash Buckets": 524288,
                    "Original Hash Buckets": 524288,
                    "Hash Batches": 1,
                    "Original Hash Batches": 1,
                    "Peak Memory Usage": 15936,
                    "Plans": [
                      {
                        "Node Type": "Seq Scan",
                        "Parent Relationship": "Outer",
                        "Parallel Aware": true,
                        "Relation Name": "title",
                        "Alias": "t",
                        "Startup Cost": 0.0,
                        "Total Cost": 58306.47,
                        "Plan Rows": 210162,
                        "Plan Width": 4,
                        "Actual Startup Time": 0.062,
                        "Actual Total Time": 180.994,
                        "Actual Rows": 151044,
                        "Actual Loops": 2,
                        "Filter": "((kind_id < 7) AND (production_year > 2006))",
                        "Rows Removed by Filter": 1113112
                      }
                    ]
                  }
                ]
              }
            ]
          }
        ]
      }
    ]
  },
  "Planning Time": 0.59,
  "Triggers": [],
  "Execution Time": 665.952
}