[
  {
    "Plan": {
      "Node Type": "Aggregate",
      "Strategy": "Plain",
      "Partial Mode": "Finalize",
      "Parallel Aware": false,
      "Startup Cost": 82918.19,
      "Total Cost": 82918.2,
      "Plan Rows": 1,
      "Plan Width": 8,
      "Actual Startup Time": 315.16,
      "Actual Total Time": 332.254,
      "Actual Rows": 1,
      "Actual Loops": 1,
      "Plans": [
        {
          "Node Type": "Gather",
          "Parent Relationship": "Outer",
          "Parallel Aware": false,
          "Startup Cost": 82917.77,
          "Total Cost": 82918.18,
          "Plan Rows": 4,
          "Plan Width": 8,
          "Actual Startup Time": 313.112,
          "Actual Total Time": 332.244,
          "Actual Rows": 5,
          "Actual Loops": 1,
          "Workers Planned": 4,
          "Workers Launched": 4,
          "Single Copy": false,
          "Plans": [
            {
              "Node Type": "Aggregate",
              "Strategy": "Plain",
              "Partial Mode": "Partial",
              "Parent Relationship": "Outer",
              "Parallel Aware": false,
              "Startup Cost": 81917.77,
              "Total Cost": 81917.78,
              "Plan Rows": 1,
              "Plan Width": 8,
              "Actual Startup Time": 303.52,
              "Actual Total Time": 303.522,
              "Actual Rows": 1,
              "Actual Loops": 5,
              "Plans": [
                {
                  "Node Type": "Hash Join",
                  "Parent Relationship": "Outer",
                  "Parallel Aware": true,
                  "Join Type": "Inner",
                  "Startup Cost": 35122.46,
                  "Total Cost": 81343.08,
                  "Plan Rows": 229874,
                  "Plan Width": 0,
                  "Actual Startup Time": 118.15,
                  "Actual Total Time": 298.123,
                  "Actual Rows": 119908,
                  "Actual Loops": 5,
                  "Inner Unique": false,
                  "Hash Cond": "(t.id = mc.movie_id)",
                  "Plans": [
                    {
                      "Node Type": "Seq Scan",
                      "Parent Relationship": "Outer",
                      "Parallel Aware": true,
                      "Relation Name": "title",
                      "Alias": "t",
                      "Startup Cost": 0.0,
                      "Total Cost": 42318.73,
                      "Plan Rows": 632073,
                      "Plan Width": 4,
                      "Actual Startup Time": 0.013,
                      "Actual Total Time": 61.648,
                      "Actual Rows": 505662,
                      "Actual Loops": 5
                    },
                    {
                      "Node Type": "Hash",
                      "Parent Relationship": "Inner",
                      "Parallel Aware": true,
                      "Startup Cost": 31414.82,
                      "Total Cost": 31414.82,
                      "Plan Rows": 296611,
                      "Plan Width": 4,
                      "Actual Startup Time": 113.874,
                      "Actual Total Time": 113.875,
                      "Actual Rows": 119908,
                      "Actual Loops": 5,
                      "Hash Buckets": 1048576,
                      "Original Hash Buckets": 1048576,
                      "Hash Batches": 1,
                      "Original Hash Batches": 1,
                      "Peak Memory Usage": 31744,
                      "Plans": [
                        {
                          "Node Type": "Seq Scan",
                          "Parent Relationship": "Outer",
                          "Parallel Aware": true,
                          "Relation Name": "movie_companies",
                          "Alias": "mc",
                          "Startup Cost": 0.0,
                          "Total Cost": 31414.82,
                          "Plan Rows": 296611,
                          "Plan Width": 4,
                          "Actual Startup Time": 45.671,
                          "Actual Total Time": 74.524,
                          "Actual Rows": 119908,
                          "Actual Loops": 5,
                          "Filter": "((company_id < 28958) AND (company_type_id = 2))",
                          "Rows Removed by Filter": 401917
                        }
                      ]
                    }
                  ]
                }
              ]
            }
          ]
        }
      ]
    },
    "Planning Time": 0.642,
    "Triggers": [],
    "Execution Time": 332.324
  }
]