[
  {
    "Plan": {
      "Node Type": "Aggregate",
      "Strategy": "Plain",
      "Partial Mode": "Finalize",
      "Parallel Aware": false,
      "Startup Cost": 355074.76,
      "Total Cost": 355074.77,
      "Plan Rows": 1,
      "Plan Width": 8,
      "Actual Startup Time": 924.777,
      "Actual Total Time": 975.244,
      "Actual Rows": 1,
      "Actual Loops": 1,
      "Plans": [
        {
          "Node Type": "Gather",
          "Parent Relationship": "Outer",
          "Parallel Aware": false,
          "Startup Cost": 355074.13,
          "Total Cost": 355074.74,
          "Plan Rows": 6,
          "Plan Width": 8,
          "Actual Startup Time": 924.521,
          "Actual Total Time": 975.221,
          "Actual Rows": 7,
          "Actual Loops": 1,
          "Workers Planned": 6,
          "Workers Launched": 6,
          "Single Copy": false,
          "Plans": [
            {
              "Node Type": "Aggregate",
              "Strategy": "Plain",
              "Partial Mode": "Partial",
              "Parent Relationship": "Outer",
              "Parallel Aware": false,
              "Startup Cost": 354074.13,
              "Total Cost": 354074.14,
              "Plan Rows": 1,
              "Plan Width": 8,
              "Actual Startup Time": 916.781,
              "Actual Total Time": 916.782,
              "Actual Rows": 1,
              "Actual Loops": 7,
              "Plans": [
                {
                  "Node Type": "Seq Scan",
                  "Parent Relationship": "Outer",
                  "Parallel Aware": true,
                  "Relation Name": "cast_info",
                  "Alias": "ci",
                  "Startup Cost": 0.0,
                  "Total Cost": 343316.27,
                  "Plan Rows": 4303144,
                  "Plan Width": 0,
                  "Actual Startup Time": 0.05,
                  "Actual Total Time": 738.564,
                  "Actual Rows": 4050559,
                  "Actual Loops": 7,
                  "Filter": "((person_id < 3098462) AND (role_id < 9))",
                  "Rows Removed by Filter": 1127205
                }
              ]
            }
          ]
        }
      ]
    },
    "Planning Time": 0.106,
    "Triggers": [],
    "Execution Time": 975.286
  }
]