{
  "Plan": {
    "Node Type": "Aggregate",
    "Strategy": "Plain",
    "Partial Mode": "Finalize",
    "Parallel Aware": false,
    "Startup Cost": 100503.91,
    "Total Cost": 100503.92,
    "Plan Rows": 1,
    "Plan Width": 8,
    "Actual Startup Time": 440.572,
    "Actual Total Time": 458.351,
    "Actual Rows": 1,
    "Actual Loops": 1,
    "Plans": [
      {
        "Node Type": "Gather",
        "Parent Relationship": "Outer",
        "Parallel Aware": false,
        "Startup Cost": 100503.8,
        "Total Cost": 100503.91,
        "Plan Rows": 1,
        "Plan Width": 8,
        "Actual Startup Time": 439.681,
        "Actual Total Time": 458.341,
        "Actual Rows": 2,
        "Actual Loops": 1,
        "Workers Planned": 1,
        "Workers Launched": 1,
        "Single Copy": false,
        "Plans": [
          {
            "Node Type": "Aggregate",
            "Strategy": "Plain",
            "Partial Mode": "Partial",
            "Parent Relationship": "Outer",
            "Parallel Aware": false,
            "Startup Cost": 99503.8,
            "Total Cost": 99503.81,
            "Plan Rows": 1,
            "Plan Width": 8,
            "Actual Startup Time": 434.168,
            "Actual Total Time": 434.171,
            "Actual Rows": 1,
            "Actual Loops": 2,
            "Plans": [
              {
                "Node Type": "Hash Join",
                "Parent Relationship": "Outer",
                "Parallel Aware": true,
                "Join Type": "Inner",
                "Startup Cost": 59371.83,
                "Total Cost": 99392.16,
                "Plan Rows": 44657,
                "Plan Width": 0,
                "Actual Startup Time": 247.641,
                "Actual Total Time": 428.092,
                "Actual Rows": 119920,
                "Actual Loops": 2,
                "Inner Unique": true,
                "Hash Cond": "(mc.movie_id = t.id)",
                "Plans": [
                  {
                    "Node Type": "Seq Scan",
                    "Parent Relationship": "Outer",
                    "Parallel Aware": true,
                    "Relation Name": "movie_companies",
                    "Alias": "mc",
                    "Startup Cost": 0.0,
                    "Total Cost": 37974.77,
                    "Plan Rows": 779260,
                    "Plan Width": 4,
                    "Actual Startup Time": 53.303,
                    "Actual Total Time": 128.937,
                    "Actual Rows": 667442,
                    "Actual Loops": 2,
                    "Filter": "(company_type_id > 1)",
                    "Rows Removed by Filter": 637123
                  },
                  {
                    "Node Type": "Hash",
                    "Parent Relationship": "Inner",
                    "Parallel Aware": true,
                    "Startup Cost": 58306.47,
                    "Total Cost": 58306.47,
                    "Plan Rows": 85229,
                    "Plan Width": 4,
                    "Actual Startup Time": 190.183,
                    "Actual Total Time": 190.184,
                    "Actual Rows": 125938,
                    "Actual Loops": 2,
                    "Hash Buckets": 262144,
                    "Original Hash Buckets": 262144,
                    "Hash Batches": 1,
                    "Original Hash Batches": 1,
                    "Peak Memory Usage": 11936,
                    "Plans": [
                      {
                        "Node Type": "Seq Scan",
                        "Parent Relationship": "Outer",
                        "Parallel Aware": true,
                        "Relation Name": "title",
                        "Alias": "t",
                        "Startup Cost": 0.0,
                        "Total Cost": 58306.47,
                        "Plan Rows": 85229,
                        "Plan Width": 4,
                        "Actual Startup Time": 0.155,
                        "Actual Total Time": 159.159,
                        "Actual Rows": 125938,
                        "Actual Loops": 2,
                        "Filter": "((kind_id < 7) AND (production_year < 1971))",
                        "Rows Removed by Filter": 1138218
                      }
                    ]
                  }
                ]
              }
            ]
          }
        ]
      }
    ]
  },
  "Planning Time": 0.459,
  "Triggers": [],
  "Execution Time": 458.424
}