[
  {
    "Plan": {
      "Node Type": "Aggregate",
      "Strategy": "Plain",
      "Partial Mode": "Simple",
      "Parallel Aware": false,
      "Startup Cost": 987.07,
      "Total Cost": 987.08,
      "Plan Rows": 1,
      "Plan Width": 8,
      "Actual Startup Time": 21.251,
      "Actual Total Time": 21.252,
      "Actual Rows": 1,
      "Actual Loops": 1,
      "Plans": [
        {
          "Node Type": "Index Only Scan",
          "Parent Relationship": "Outer",
          "Parallel Aware": false,
          "Scan Direction": "Forward",
          "Index Name": "person_id_cast_info",
          "Relation Name": "cast_info",
          "Alias": "ci",
          "Startup Cost": 0.56,
          "Total Cost": 985.86,
          "Plan Rows": 484,
          "Plan Width": 0,
          "Actual Startup Time": 19.011,
          "Actual Total Time": 20.93,
          "Actual Rows": 1929,
          "Actual Loops": 1,
          "Index Cond": "(person_id = 1138158)",
          "Rows Removed by Index Recheck": 0,
          "Heap Fetches": 1929
        }
      ]
    },
    "Planning Time": 0.078,
    "Triggers": [],
    "Execution Time": 21.278
  }
]