[
  {
    "Plan": {
      "Node Type": "Aggregate",
      "Strategy": "Plain",
      "Partial Mode": "Finalize",
      "Parallel Aware": false,
      "Startup Cost": 61868.18,
      "Total Cost": 61868.19,
      "Plan Rows": 1,
      "Plan Width": 8,
      "Actual Startup Time": 231.899,
      "Actual Total Time": 246.709,
      "Actual Rows": 1,
      "Actual Loops": 1,
      "Plans": [
        {
          "Node Type": "Gather",
          "Parent Relationship": "Outer",
          "Parallel Aware": false,
          "Startup Cost": 61867.97,
          "Total Cost": 61868.18,
          "Plan Rows": 2,
          "Plan Width": 8,
          "Actual Startup Time": 231.552,
          "Actual Total Time": 246.701,
          "Actual Rows": 3,
          "Actual Loops": 1,
          "Workers Planned": 2,
          "Workers Launched": 2,
          "Single Copy": false,
          "Plans": [
            {
              "Node Type": "Aggregate",
              "Strategy": "Plain",
              "Partial Mode": "Partial",
              "Parent Relationship": "Outer",
              "Parallel Aware": false,
              "Startup Cost": 60867.97,
              "Total Cost": 60867.98,
              "Plan Rows": 1,
              "Plan Width": 8,
              "Actual Startup Time": 228.251,
              "Actual Total Time": 228.254,
              "Actual Rows": 1,
              "Actual Loops": 3,
              "Plans": [
                {
                  "Node Type": "Hash Join",
                  "Parent Relationship": "Outer",
                  "Parallel Aware": true,
                  "Join Type": "Inner",
                  "Startup Cost": 45643.57,
                  "Total Cost": 60838.13,
                  "Plan Rows": 11934,
                  "Plan Width": 0,
                  "Actual Startup Time": 129.817,
                  "Actual Total Time": 227.944,
                  "Actual Rows": 5040,
                  "Actual Loops": 3,
                  "Inner Unique": true,
                  "Hash Cond": "(mi_idx.movie_id = t.id)",
                  "Plans": [
                    {
                      "Node Type": "Seq Scan",
                      "Parent Relationship": "Outer",
                      "Parallel Aware": true,
                      "Relation Name": "movie_info_idx",
                      "Alias": "mi_idx",
                      "Startup Cost": 0.0,
                      "Total Cost": 13685.15,
                      "Plan Rows": 575015,
                      "Plan Width": 4,
                      "Actual Startup Time": 0.012,
                      "Actual Total Time": 45.406,
                      "Actual Rows": 460012,
                      "Actual Loops": 3
                    },
                    {
                      "Node Type": "Hash",
                      "Parent Relationship": "Inner",
                      "Parallel Aware": true,
                      "Startup Cost": 45479.59,
                      "Total Cost": 45479.59,
                      "Plan Rows": 13119,
                      "Plan Width": 4,
                      "Actual Startup Time": 129.05,
                      "Actual Total Time": 129.051,
                      "Actual Rows": 18827,
                      "Actual Loops": 3,
                      "Hash Buckets": 65536,
                      "Original Hash Buckets": 65536,
                      "Hash Batches": 1,
                      "Original Hash Batches": 1,
                      "Peak Memory Usage": 2784,
                      "Plans": [
                        {
                          "Node Type": "Seq Scan",
                          "Parent Relationship": "Outer",
                          "Parallel Aware": true,
                          "Relation Name": "title",
                          "Alias": "t",
                          "Startup Cost": 0.0,
                          "Total Cost": 45479.59,
                          "Plan Rows": 13119,
                          "Plan Width": 4,
                          "Actual Startup Time": 0.028,
                          "Actual Total Time": 121.383,
                          "Actual Rows": 18827,
                          "Actual Loops": 3,
                          "Filter": "((kind_id = 7) AND (production_year = 2004))",
                          "Rows Removed by Filter": 823944
                        }
                      ]
                    }
                  ]
                }
              ]
            }
          ]
        }
      ]
    },
    "Planning Time": 0.296,
    "Triggers": [],
    "Execution Time": 246.755
  }
]