[
  {
    "Plan": {
      "Node Type": "Aggregate",
      "Strategy": "Plain",
      "Partial Mode": "Finalize",
      "Parallel Aware": false,
      "Startup Cost": 85872.38,
      "Total Cost": 85872.39,
      "Plan Rows": 1,
      "Plan Width": 8,
      "Actual Startup Time": 254.238,
      "Actual Total Time": 266.573,
      "Actual Rows": 1,
      "Actual Loops": 1,
      "Plans": [
        {
          "Node Type": "Gather",
          "Parent Relationship": "Outer",
          "Parallel Aware": false,
          "Startup Cost": 85872.07,
          "Total Cost": 85872.38,
          "Plan Rows": 3,
          "Plan Width": 8,
          "Actual Startup Time": 253.568,
          "Actual Total Time": 266.563,
          "Actual Rows": 4,
          "Actual Loops": 1,
          "Workers Planned": 3,
          "Workers Launched": 3,
          "Single Copy": false,
          "Plans": [
            {
              "Node Type": "Aggregate",
              "Strategy": "Plain",
              "Partial Mode": "Partial",
              "Parent Relationship": "Outer",
              "Parallel Aware": false,
              "Startup Cost": 84872.07,
              "Total Cost": 84872.08,
              "Plan Rows": 1,
              "Plan Width": 8,
              "Actual Startup Time": 244.777,
              "Actual Total Time": 244.781,
              "Actual Rows": 1,
              "Actual Loops": 4,
              "Plans": [
                {
                  "Node Type": "Hash Join",
                  "Parent Relationship": "Outer",
                  "Parallel Aware": true,
                  "Join Type": "Inner",
                  "Startup Cost": 38973.24,
                  "Total Cost": 84731.11,
                  "Plan Rows": 56384,
                  "Plan Width": 0,
                  "Actual Startup Time": 96.376,
                  "Actual Total Time": 240.509,
                  "Actual Rows": 102534,
                  "Actual Loops": 4,
                  "Inner Unique": true,
                  "Hash Cond": "(mk.movie_id = t.id)",
                  "Plans": [
                    {
                      "Node Type": "Seq Scan",
                      "Parent Relationship": "Outer",
                      "Parallel Aware": true,
                      "Relation Name": "movie_keyword",
                      "Alias": "mk",
                      "Startup Cost": 0.0,
                      "Total Cost": 42695.65,
                      "Plan Rows": 1166557,
                      "Plan Width": 4,
                      "Actual Startup Time": 0.027,
                      "Actual Total Time": 107.857,
                      "Actual Rows": 906390,
                      "Actual Loops": 4,
                      "Filter": "(keyword_id < 20555)",
                      "Rows Removed by Filter": 224593
                    },
                    {
                      "Node Type": "Hash",
                      "Parent Relationship": "Inner",
                      "Parallel Aware": true,
                      "Startup Cost": 38591.37,
                      "Total Cost": 38591.37,
                      "Plan Rows": 30550,
                      "Plan Width": 4,
                      "Actual Startup Time": 60.882,
                      "Actual Total Time": 60.884,
                      "Actual Rows": 29558,
                      "Actual Loops": 4,
                      "Hash Buckets": 131072,
                      "Original Hash Buckets": 131072,
                      "Hash Batches": 1,
                      "Original Hash Batches": 1,
                      "Peak Memory Usage": 5696,
                      "Plans": [
                        {
                          "Node Type": "Bitmap Heap Scan",
                          "Parent Relationship": "Outer",
                          "Parallel Aware": true,
                          "Relation Name": "title",
                          "Alias": "t",
                          "Startup Cost": 2211.49,
                          "Total Cost": 38591.37,
                          "Plan Rows": 30550,
                          "Plan Width": 4,
                          "Actual Startup Time": 15.01,
                          "Actual Total Time": 49.763,
                          "Actual Rows": 29558,
                          "Actual Loops": 4,
                          "Recheck Cond": "(kind_id = 4)",
                          "Rows Removed by Index Recheck": 0,
                          "Exact Heap Blocks": 7197,
                          "Lossy Heap Blocks": 0,
                          "Plans": [
                            {
                              "Node Type": "Bitmap Index Scan",
                              "Parent Relationship": "Outer",
                              "Parallel Aware": false,
                              "Index Name": "kind_id_title",
                              "Startup Cost": 0.0,
                              "Total Cost": 2180.94,
                              "Plan Rows": 122201,
                              "Plan Width": 0,
                              "Actual Startup Time": 14.887,
                              "Actual Total Time": 14.888,
                              "Actual Rows": 118234,
                              "Actual Loops": 1,
                              "Index Cond": "(kind_id = 4)"
                            }
                          ]
                        }
                      ]
                    }
                  ]
                }
              ]
            }
          ]
        }
      ]
    },
    "Planning Time": 0.682,
    "Triggers": [],
    "Execution Time": 266.662
  }
]