[
  {
    "Plan": {
      "Node Type": "Aggregate",
      "Strategy": "Plain",
      "Partial Mode": "Finalize",
      "Parallel Aware": false,
      "Startup Cost": 127449.01,
      "Total Cost": 127449.02,
      "Plan Rows": 1,
      "Plan Width": 8,
      "Actual Startup Time": 749.459,
      "Actual Total Time": 768.402,
      "Actual Rows": 1,
      "Actual Loops": 1,
      "Plans": [
        {
          "Node Type": "Gather",
          "Parent Relationship": "Outer",
          "Parallel Aware": false,
          "Startup Cost": 127448.69,
          "Total Cost": 127449.0,
          "Plan Rows": 3,
          "Plan Width": 8,
          "Actual Startup Time": 744.017,
          "Actual Total Time": 768.394,
          "Actual Rows": 4,
          "Actual Loops": 1,
          "Workers Planned": 3,
          "Workers Launched": 3,
          "Single Copy": false,
          "Plans": [
            {
              "Node Type": "Aggregate",
              "Strategy": "Plain",
              "Partial Mode": "Partial",
              "Parent Relationship": "Outer",
              "Parallel Aware": false,
              "Startup Cost": 126448.69,
              "Total Cost": 126448.7,
              "Plan Rows": 1,
              "Plan Width": 8,
              "Actual Startup Time": 731.661,
              "Actual Total Time": 731.667,
              "Actual Rows": 1,
              "Actual Loops": 4,
              "Plans": [
                {
                  "Node Type": "Hash Join",
                  "Parent Relationship": "Outer",
                  "Parallel Aware": true,
                  "Join Type": "Inner",
                  "Startup Cost": 81176.55,
                  "Total Cost": 126120.21,
                  "Plan Rows": 131392,
                  "Plan Width": 0,
                  "Actual Startup Time": 345.739,
                  "Actual Total Time": 645.179,
                  "Actual Rows": 2141981,
                  "Actual Loops": 4,
                  "Inner Unique": false,
                  "Hash Cond": "(mk.movie_id = t.id)",
                  "Plans": [
                    {
                      "Node Type": "Seq Scan",
                      "Parent Relationship": "Outer",
                      "Parallel Aware": true,
                      "Relation Name": "movie_keyword",
                      "Alias": "mk",
                      "Startup Cost": 0.0,
                      "Total Cost": 39047.32,
                      "Plan Rows": 1459332,
                      "Plan Width": 4,
                      "Actual Startup Time": 0.029,
                      "Actual Total Time": 88.67,
                      "Actual Rows": 1130982,
                      "Actual Loops": 4
                    },
                    {
                      "Node Type": "Hash",
                      "Parent Relationship": "Inner",
                      "Parallel Aware": true,
                      "Startup Cost": 80258.66,
                      "Total Cost": 80258.66,
                      "Plan Rows": 73431,
                      "Plan Width": 8,
                      "Actual Startup Time": 306.574,
                      "Actual Total Time": 306.578,
                      "Actual Rows": 78624,
                      "Actual Loops": 4,
                      "Hash Buckets": 524288,
                      "Original Hash Buckets": 262144,
                      "Hash Batches": 1,
                      "Original Hash Batches": 1,
                      "Peak Memory Usage": 18496,
                      "Plans": [
                        {
                          "Node Type": "Hash Join",
                          "Parent Relationship": "Outer",
                          "Parallel Aware": true,
                          "Join Type": "Inner",
                          "Startup Cost": 48304.9,
                          "Total Cost": 80258.66,
                          "Plan Rows": 73431,
                          "Plan Width": 8,
                          "Actual Startup Time": 190.147,
                          "Actual Total Time": 277.684,
                          "Actual Rows": 78624,
                          "Actual Loops": 4,
                          "Inner Unique": true,
                          "Hash Cond": "(mc.movie_id = t.id)",
                          "Plans": [
                            {
                              "Node Type": "Seq Scan",
                              "Parent Relationship": "Outer",
                              "Parallel Aware": true,
                              "Relation Name": "movie_companies",
                              "Alias": "mc",
                              "Startup Cost": 0.0,
                              "Total Cost": 31414.82,
                              "Plan Rows": 205313,
                              "Plan Width": 4,
                              "Actual Startup Time": 9.321,
                              "Actual Total Time": 62.644,
                              "Actual Rows": 97841,
                              "Actual Loops": 4,
                              "Filter": "((company_id > 11339) AND (company_type_id = 1))",
                              "Rows Removed by Filter": 554442
                            },
                            {
                              "Node Type": "Hash",
                              "Parent Relationship": "Inner",
                              "Parallel Aware": true,
                              "Startup Cost": 45479.1,
                              "Total Cost": 45479.1,
                              "Plan Rows": 226064,
                              "Plan Width": 4,
                              "Actual Startup Time": 177.427,
                              "Actual Total Time": 177.428,
                              "Actual Rows": 205664,
                              "Actual Loops": 4,
                              "Hash Buckets": 1048576,
                              "Original Hash Buckets": 1048576,
                              "Hash Batches": 1,
                              "Original Hash Batches": 1,
                              "Peak Memory Usage": 40448,
                              "Plans": [
                                {
                                  "Node Type": "Seq Scan",
                                  "Parent Relationship": "Outer",
                                  "Parallel Aware": true,
                                  "Relation Name": "title",
                                  "Alias": "t",
                                  "Startup Cost": 0.0,
                                  "Total Cost": 45479.1,
                                  "Plan Rows": 226064,
                                  "Plan Width": 4,
                                  "Actual Startup Time": 0.05,
                                  "Actual Total Time": 104.228,
                                  "Actual Rows": 205664,
                                  "Actual Loops": 4,
                                  "Filter": "((kind_id < 7) AND (production_year > 1946))",
                                  "Rows Removed by Filter": 426414
                                }
                              ]
                            }
                          ]
                        }
                      ]
                    }
                  ]
                }
              ]
            }
          ]
        }
      ]
    },
    "Planning Time": 1.421,
    "Triggers": [],
    "Execution Time": 768.485
  }
]