[
  {
    "Plan": {
      "Node Type": "Aggregate",
      "Strategy": "Plain",
      "Partial Mode": "Finalize",
      "Parallel Aware": false,
      "Startup Cost": 33148.1,
      "Total Cost": 33148.11,
      "Plan Rows": 1,
      "Plan Width": 8,
      "Actual Startup Time": 102.295,
      "Actual Total Time": 110.075,
      "Actual Rows": 1,
      "Actual Loops": 1,
      "Plans": [
        {
          "Node Type": "Gather",
          "Parent Relationship": "Outer",
          "Parallel Aware": false,
          "Startup Cost": 33147.78,
          "Total Cost": 33148.09,
          "Plan Rows": 3,
          "Plan Width": 8,
          "Actual Startup Time": 102.169,
          "Actual Total Time": 110.068,
          "Actual Rows": 4,
          "Actual Loops": 1,
          "Workers Planned": 3,
          "Workers Launched": 3,
          "Single Copy": false,
          "Plans": [
            {
              "Node Type": "Aggregate",
              "Strategy": "Plain",
              "Partial Mode": "Partial",
              "Parent Relationship": "Outer",
              "Parallel Aware": false,
              "Startup Cost": 32147.78,
              "Total Cost": 32147.79,
              "Plan Rows": 1,
              "Plan Width": 8,
              "Actual Startup Time": 94.388,
              "Actual Total Time": 94.389,
              "Actual Rows": 1,
              "Actual Loops": 4,
              "Plans": [
                {
                  "Node Type": "Seq Scan",
                  "Parent Relationship": "Outer",
                  "Parallel Aware": true,
                  "Relation Name": "movie_companies",
                  "Alias": "mc",
                  "Startup Cost": 0.0,
                  "Total Cost": 31414.82,
                  "Plan Rows": 293186,
                  "Plan Width": 0,
                  "Actual Startup Time": 49.591,
                  "Actual Total Time": 83.935,
                  "Actual Rows": 275145,
                  "Actual Loops": 4,
                  "Filter": "((company_id > 1877) AND (company_type_id > 1))",
                  "Rows Removed by Filter": 377137
                }
              ]
            }
          ]
        }
      ]
    },
    "Planning Time": 0.216,
    "Triggers": [],
    "Execution Time": 110.133
  }
]