{
    "Plan": {
        "Node Type": "Aggregate",
        "Strategy": "Plain",
        "Partial Mode": "Finalize",
        "Parallel Aware": false,
        "Startup Cost": 205138.51,
        "Total Cost": 205138.52,
        "Plan Rows": 1,
        "Plan Width": 8,
        "Actual Startup Time": 172.037,
        "Actual Total Time": 198.441,
        "Actual Rows": 1,
        "Actual Loops": 1,
        "Output": [
            "count(*)"
        ],
        "Plans": [
            {
                "Node Type": "Gather",
                "Parent Relationship": "Outer",
                "Parallel Aware": false,
                "Startup Cost": 205138.09,
                "Total Cost": 205138.5,
                "Plan Rows": 4,
                "Plan Width": 8,
                "Actual Startup Time": 171.596,
                "Actual Total Time": 198.431,
                "Actual Rows": 5,
                "Actual Loops": 1,
                "Output": [
                    "(PARTIAL count(*))"
                ],
                "Workers Planned": 4,
                "Workers Launched": 4,
                "Single Copy": false,
                "Plans": [
                    {
                        "Node Type": "Aggregate",
                        "Strategy": "Plain",
                        "Partial Mode": "Partial",
                        "Parent Relationship": "Outer",
                        "Parallel Aware": false,
                        "Startup Cost": 204138.09,
                        "Total Cost": 204138.1,
                        "Plan Rows": 1,
                        "Plan Width": 8,
                        "Actual Startup Time": 161.959,
                        "Actual Total Time": 161.961,
                        "Actual Rows": 1,
                        "Actual Loops": 5,
                        "Output": [
                            "PARTIAL count(*)"
                        ],
                        "Workers": [
                            {
                                "Worker Number": 0,
                                "Actual Startup Time": 159.382,
                                "Actual Total Time": 159.383,
                                "Actual Rows": 1,
                                "Actual Loops": 1
                            },
                            {
                                "Worker Number": 1,
                                "Actual Startup Time": 159.243,
                                "Actual Total Time": 159.244,
                                "Actual Rows": 1,
                                "Actual Loops": 1
                            },
                            {
                                "Worker Number": 2,
                                "Actual Startup Time": 160.002,
                                "Actual Total Time": 160.003,
                                "Actual Rows": 1,
                                "Actual Loops": 1
                            },
                            {
                                "Worker Number": 3,
                                "Actual Startup Time": 160.334,
                                "Actual Total Time": 160.336,
                                "Actual Rows": 1,
                                "Actual Loops": 1
                            }
                        ],
                        "Plans": [
                            {
                                "Node Type": "Nested Loop",
                                "Parent Relationship": "Outer",
                                "Parallel Aware": false,
                                "Join Type": "Inner",
                                "Startup Cost": 0.56,
                                "Total Cost": 204136.47,
                                "Plan Rows": 651,
                                "Plan Width": 0,
                                "Actual Startup Time": 22.702,
                                "Actual Total Time": 161.905,
                                "Actual Rows": 265,
                                "Actual Loops": 5,
                                "Inner Unique": false,
                                "Workers": [
                                    {
                                        "Worker Number": 0,
                                        "Actual Startup Time": 33.512,
                                        "Actual Total Time": 159.335,
                                        "Actual Rows": 213,
                                        "Actual Loops": 1
                                    },
                                    {
                                        "Worker Number": 1,
                                        "Actual Startup Time": 8.892,
                                        "Actual Total Time": 159.188,
                                        "Actual Rows": 150,
                                        "Actual Loops": 1
                                    },
                                    {
                                        "Worker Number": 2,
                                        "Actual Startup Time": 5.12,
                                        "Actual Total Time": 159.94,
                                        "Actual Rows": 155,
                                        "Actual Loops": 1
                                    },
                                    {
                                        "Worker Number": 3,
                                        "Actual Startup Time": 53.3,
                                        "Actual Total Time": 160.294,
                                        "Actual Rows": 197,
                                        "Actual Loops": 1
                                    }
                                ],
                                "Plans": [
                                    {
                                        "Node Type": "Seq Scan",
                                        "Parent Relationship": "Outer",
                                        "Parallel Aware": true,
                                        "Relation Name": "title",
                                        "Schema": "public",
                                        "Alias": "t",
                                        "Startup Cost": 0.0,
                                        "Total Cost": 45479.21,
                                        "Plan Rows": 1418,
                                        "Plan Width": 4,
                                        "Actual Startup Time": 1.682,
                                        "Actual Total Time": 79.398,
                                        "Actual Rows": 1218,
                                        "Actual Loops": 5,
                                        "Output": [
                                            "t.id",
                                            "t.title",
                                            "t.imdb_index",
                                            "t.kind_id",
                                            "t.production_year",
                                            "t.imdb_id",
                                            "t.phonetic_code",
                                            "t.episode_of_id",
                                            "t.season_nr",
                                            "t.episode_nr",
                                            "t.series_years",
                                            "t.md5sum"
                                        ],
                                        "Filter": "((t.kind_id < 7) AND (t.production_year = 1968))",
                                        "Rows Removed by Filter": 504444,
                                        "Workers": [
                                            {
                                                "Worker Number": 0,
                                                "Actual Startup Time": 2.995,
                                                "Actual Total Time": 74.117,
                                                "Actual Rows": 992,
                                                "Actual Loops": 1
                                            },
                                            {
                                                "Worker Number": 1,
                                                "Actual Startup Time": 3.168,
                                                "Actual Total Time": 71.974,
                                                "Actual Rows": 747,
                                                "Actual Loops": 1
                                            },
                                            {
                                                "Worker Number": 2,
                                                "Actual Startup Time": 1.425,
                                                "Actual Total Time": 70.478,
                                                "Actual Rows": 578,
                                                "Actual Loops": 1
                                            },
                                            {
                                                "Worker Number": 3,
                                                "Actual Startup Time": 0.434,
                                                "Actual Total Time": 72.08,
                                                "Actual Rows": 1028,
                                                "Actual Loops": 1
                                            }
                                        ]
                                    },
                                    {
                                        "Node Type": "Index Scan",
                                        "Parent Relationship": "Inner",
                                        "Parallel Aware": false,
                                        "Scan Direction": "Forward",
                                        "Index Name": "movie_id_cast_info",
                                        "Relation Name": "cast_info",
                                        "Schema": "public",
                                        "Alias": "ci",
                                        "Startup Cost": 0.56,
                                        "Total Cost": 111.88,
                                        "Plan Rows": 1,
                                        "Plan Width": 4,
                                        "Actual Startup Time": 0.066,
                                        "Actual Total Time": 0.067,
                                        "Actual Rows": 0,
                                        "Actual Loops": 6090,
                                        "Output": [
                                            "ci.id",
                                            "ci.person_id",
                                            "ci.movie_id",
                                            "ci.person_role_id",
                                            "ci.note",
                                            "ci.nr_order",
                                            "ci.role_id"
                                        ],
                                        "Index Cond": "(ci.movie_id = t.id)",
                                        "Rows Removed by Index Recheck": 0,
                                        "Filter": "((ci.person_id > 3688194) AND (ci.role_id > 1))",
                                        "Rows Removed by Filter": 14,
                                        "Workers": [
                                            {
                                                "Worker Number": 0,
                                                "Actual Startup Time": 0.084,
                                                "Actual Total Time": 0.085,
                                                "Actual Rows": 0,
                                                "Actual Loops": 992
                                            },
                                            {
                                                "Worker Number": 1,
                                                "Actual Startup Time": 0.115,
                                                "Actual Total Time": 0.116,
                                                "Actual Rows": 0,
                                                "Actual Loops": 747
                                            },
                                            {
                                                "Worker Number": 2,
                                                "Actual Startup Time": 0.152,
                                                "Actual Total Time": 0.153,
                                                "Actual Rows": 0,
                                                "Actual Loops": 578
                                            },
                                            {
                                                "Worker Number": 3,
                                                "Actual Startup Time": 0.084,
                                                "Actual Total Time": 0.085,
                                                "Actual Rows": 0,
                                                "Actual Loops": 1028
                                            }
                                        ]
                                    }
                                ]
                            }
                        ]
                    }
                ]
            }
        ]
    },
    "Planning Time": 0.685,
    "Triggers": [],
    "Execution Time": 198.522
}