[
  {
    "Plan": {
      "Node Type": "Aggregate",
      "Strategy": "Plain",
      "Partial Mode": "Finalize",
      "Parallel Aware": false,
      "Startup Cost": 422997.94,
      "Total Cost": 422997.95,
      "Plan Rows": 1,
      "Plan Width": 8,
      "Actual Startup Time": 2845.583,
      "Actual Total Time": 2949.013,
      "Actual Rows": 1,
      "Actual Loops": 1,
      "Plans": [
        {
          "Node Type": "Gather",
          "Parent Relationship": "Outer",
          "Parallel Aware": false,
          "Startup Cost": 422997.42,
          "Total Cost": 422997.93,
          "Plan Rows": 5,
          "Plan Width": 8,
          "Actual Startup Time": 2843.799,
          "Actual Total Time": 2949.003,
          "Actual Rows": 6,
          "Actual Loops": 1,
          "Workers Planned": 5,
          "Workers Launched": 5,
          "Single Copy": false,
          "Plans": [
            {
              "Node Type": "Aggregate",
              "Strategy": "Plain",
              "Partial Mode": "Partial",
              "Parent Relationship": "Outer",
              "Parallel Aware": false,
              "Startup Cost": 421997.42,
              "Total Cost": 421997.43,
              "Plan Rows": 1,
              "Plan Width": 8,
              "Actual Startup Time": 2833.208,
              "Actual Total Time": 2833.211,
              "Actual Rows": 1,
              "Actual Loops": 6,
              "Plans": [
                {
                  "Node Type": "Nested Loop",
                  "Parent Relationship": "Outer",
                  "Parallel Aware": false,
                  "Join Type": "Inner",
                  "Startup Cost": 44340.59,
                  "Total Cost": 421327.19,
                  "Plan Rows": 268091,
                  "Plan Width": 0,
                  "Actual Startup Time": 97.135,
                  "Actual Total Time": 2817.423,
                  "Actual Rows": 259628,
                  "Actual Loops": 6,
                  "Inner Unique": false,
                  "Join Filter": "(t.id = ci.movie_id)",
                  "Rows Removed by Join Filter": 0,
                  "Plans": [
                    {
                      "Node Type": "Hash Join",
                      "Parent Relationship": "Outer",
                      "Parallel Aware": true,
                      "Join Type": "Inner",
                      "Startup Cost": 44340.03,
                      "Total Cost": 248271.93,
                      "Plan Rows": 105914,
                      "Plan Width": 8,
                      "Actual Startup Time": 93.973,
                      "Actual Total Time": 678.614,
                      "Actual Rows": 223552,
                      "Actual Loops": 6,
                      "Inner Unique": true,
                      "Hash Cond": "(mi.movie_id = t.id)",
                      "Plans": [
                        {
                          "Node Type": "Seq Scan",
                          "Parent Relationship": "Outer",
                          "Parallel Aware": true,
                          "Relation Name": "movie_info",
                          "Alias": "mi",
                          "Startup Cost": 0.0,
                          "Total Cost": 198952.16,
                          "Plan Rows": 1897040,
                          "Plan Width": 4,
                          "Actual Startup Time": 0.026,
                          "Actual Total Time": 331.102,
                          "Actual Rows": 1594192,
                          "Actual Loops": 6,
                          "Filter": "(info_type_id < 16)",
                          "Rows Removed by Filter": 878428
                        },
                        {
                          "Node Type": "Hash",
                          "Parent Relationship": "Inner",
                          "Parallel Aware": true,
                          "Startup Cost": 43898.92,
                          "Total Cost": 43898.92,
                          "Plan Rows": 35289,
                          "Plan Width": 4,
                          "Actual Startup Time": 87.102,
                          "Actual Total Time": 87.103,
                          "Actual Rows": 23889,
                          "Actual Loops": 6,
                          "Hash Buckets": 262144,
                          "Original Hash Buckets": 262144,
                          "Hash Batches": 1,
                          "Original Hash Batches": 1,
                          "Peak Memory Usage": 7808,
                          "Plans": [
                            {
                              "Node Type": "Seq Scan",
                              "Parent Relationship": "Outer",
                              "Parallel Aware": true,
                              "Relation Name": "title",
                              "Alias": "t",
                              "Startup Cost": 0.0,
                              "Total Cost": 43898.92,
                              "Plan Rows": 35289,
                              "Plan Width": 4,
                              "Actual Startup Time": 10.1,
                              "Actual Total Time": 78.447,
                              "Actual Rows": 23889,
                              "Actual Loops": 6,
                              "Filter": "(production_year < 1941)",
                              "Rows Removed by Filter": 397496
                            }
                          ]
                        }
                      ]
                    },
                    {
                      "Node Type": "Index Scan",
                      "Parent Relationship": "Inner",
                      "Parallel Aware": false,
                      "Scan Direction": "Forward",
                      "Index Name": "movie_id_cast_info",
                      "Relation Name": "cast_info",
                      "Alias": "ci",
                      "Startup Cost": 0.56,
                      "Total Cost": 1.56,
                      "Plan Rows": 6,
                      "Plan Width": 4,
                      "Actual Startup Time": 0.008,
                      "Actual Total Time": 0.009,
                      "Actual Rows": 1,
                      "Actual Loops": 1341311,
                      "Index Cond": "(movie_id = mi.movie_id)",
                      "Rows Removed by Index Recheck": 0,
                      "Filter": "((person_id < 1878372) AND (role_id > 3))",
                      "Rows Removed by Filter": 8
                    }
                  ]
                }
              ]
            }
          ]
        }
      ]
    },
    "Planning Time": 1.152,
    "Triggers": [],
    "Execution Time": 2949.112
  }
]