{
  "Plan": {
    "Node Type": "Aggregate",
    "Strategy": "Plain",
    "Partial Mode": "Finalize",
    "Parallel Aware": false,
    "Startup Cost": 2521538.64,
    "Total Cost": 2521538.65,
    "Plan Rows": 1,
    "Plan Width": 8,
    "Actual Startup Time": 17517.617,
    "Actual Total Time": 17594.383,
    "Actual Rows": 1,
    "Actual Loops": 1,
    "Plans": [
      {
        "Node Type": "Gather",
        "Parent Relationship": "Outer",
        "Parallel Aware": false,
        "Startup Cost": 2521538.53,
        "Total Cost": 2521538.64,
        "Plan Rows": 1,
        "Plan Width": 8,
        "Actual Startup Time": 17515.384,
        "Actual Total Time": 17594.374,
        "Actual Rows": 2,
        "Actual Loops": 1,
        "Workers Planned": 1,
        "Workers Launched": 1,
        "Single Copy": false,
        "Plans": [
          {
            "Node Type": "Aggregate",
            "Strategy": "Plain",
            "Partial Mode": "Partial",
            "Parent Relationship": "Outer",
            "Parallel Aware": false,
            "Startup Cost": 2520538.53,
            "Total Cost": 2520538.54,
            "Plan Rows": 1,
            "Plan Width": 8,
            "Actual Startup Time": 17509.128,
            "Actual Total Time": 17509.13,
            "Actual Rows": 1,
            "Actual Loops": 2,
            "Plans": [
              {
                "Node Type": "Merge Join",
                "Parent Relationship": "Outer",
                "Parallel Aware": false,
                "Join Type": "Inner",
                "Startup Cost": 120688.07,
                "Total Cost": 2509504.47,
                "Plan Rows": 4413624,
                "Plan Width": 0,
                "Actual Startup Time": 363.791,
                "Actual Total Time": 17311.189,
                "Actual Rows": 4036292,
                "Actual Loops": 2,
                "Inner Unique": false,
                "Merge Cond": "(t.id = mc.movie_id)",
                "Plans": [
                  {
                    "Node Type": "Merge Join",
                    "Parent Relationship": "Outer",
                    "Parallel Aware": false,
                    "Join Type": "Inner",
                    "Startup Cost": 43.77,
                    "Total Cost": 2286741.19,
                    "Plan Rows": 15325324,
                    "Plan Width": 8,
                    "Actual Startup Time": 0.39,
                    "Actual Total Time": 15703.346,
                    "Actual Rows": 13007450,
                    "Actual Loops": 2,
                    "Inner Unique": true,
                    "Merge Cond": "(ci.movie_id = t.id)",
                    "Plans": [
                      {
                        "Node Type": "Index Scan",
                        "Parent Relationship": "Outer",
                        "Parallel Aware": true,
                        "Scan Direction": "Forward",
                        "Index Name": "movie_id_cast_info",
                        "Relation Name": "cast_info",
                        "Alias": "ci",
                        "Startup Cost": 0.56,
                        "Total Cost": 1978621.64,
                        "Plan Rows": 15325324,
                        "Plan Width": 4,
                        "Actual Startup Time": 0.142,
                        "Actual Total Time": 12614.213,
                        "Actual Rows": 13007450,
                        "Actual Loops": 2,
                        "Filter": "(person_id > 1006061)",
                        "Rows Removed by Filter": 5113249
                      },
                      {
                        "Node Type": "Index Only Scan",
                        "Parent Relationship": "Inner",
                        "Parallel Aware": false,
                        "Scan Direction": "Forward",
                        "Index Name": "title_pkey",
                        "Relation Name": "title",
                        "Alias": "t",
                        "Startup Cost": 0.43,
                        "Total Cost": 110339.97,
                        "Plan Rows": 2528293,
                        "Plan Width": 4,
                        "Actual Startup Time": 0.13,
                        "Actual Total Time": 1446.527,
                        "Actual Rows": 2525678,
                        "Actual Loops": 2,
                        "Heap Fetches": 5051357
                      }
                    ]
                  },
                  {
                    "Node Type": "Sort",
                    "Parent Relationship": "Inner",
                    "Parallel Aware": false,
                    "Startup Cost": 120597.43,
                    "Total Cost": 122417.77,
                    "Plan Rows": 728137,
                    "Plan Width": 4,
                    "Actual Startup Time": 352.233,
                    "Actual Total Time": 537.187,
                    "Actual Rows": 4282836,
                    "Actual Loops": 2,
                    "Sort Key": [
                      "mc.movie_id"
                    ],
                    "Sort Method": "quicksort",
                    "Sort Space Used": 33787,
                    "Sort Space Type": "Memory",
                    "Workers": [
                      {
                        "Worker Number": 0,
                        "Sort Method": "quicksort",
                        "Sort Space Used": 33787,
                        "Sort Space Type": "Memory"
                      }
                    ],
                    "Plans": [
                      {
                        "Node Type": "Index Scan",
                        "Parent Relationship": "Outer",
                        "Parallel Aware": false,
                        "Scan Direction": "Forward",
                        "Index Name": "company_type_id_movie_companies",
                        "Relation Name": "movie_companies",
                        "Alias": "mc",
                        "Startup Cost": 0.43,
                        "Total Cost": 49699.27,
                        "Plan Rows": 728137,
                        "Plan Width": 4,
                        "Actual Startup Time": 0.221,
                        "Actual Total Time": 239.096,
                        "Actual Rows": 458643,
                        "Actual Loops": 2,
                        "Index Cond": "(company_type_id = 2)",
                        "Rows Removed by Index Recheck": 0,
                        "Filter": "(company_id < 12690)",
                        "Rows Removed by Filter": 876240
                      }
                    ]
                  }
                ]
              }
            ]
          }
        ]
      }
    ]
  },
  "Planning Time": 1.016,
  "Triggers": [],
  "Execution Time": 17594.515
}