[
  {
    "Plan": {
      "Node Type": "Aggregate",
      "Strategy": "Plain",
      "Partial Mode": "Finalize",
      "Parallel Aware": false,
      "Startup Cost": 34581.0,
      "Total Cost": 34581.01,
      "Plan Rows": 1,
      "Plan Width": 8,
      "Actual Startup Time": 116.601,
      "Actual Total Time": 125.28,
      "Actual Rows": 1,
      "Actual Loops": 1,
      "Plans": [
        {
          "Node Type": "Gather",
          "Parent Relationship": "Outer",
          "Parallel Aware": false,
          "Startup Cost": 34580.69,
          "Total Cost": 34581.0,
          "Plan Rows": 3,
          "Plan Width": 8,
          "Actual Startup Time": 116.286,
          "Actual Total Time": 125.271,
          "Actual Rows": 4,
          "Actual Loops": 1,
          "Workers Planned": 3,
          "Workers Launched": 3,
          "Single Copy": false,
          "Plans": [
            {
              "Node Type": "Aggregate",
              "Strategy": "Plain",
              "Partial Mode": "Partial",
              "Parent Relationship": "Outer",
              "Parallel Aware": false,
              "Startup Cost": 33580.69,
              "Total Cost": 33580.7,
              "Plan Rows": 1,
              "Plan Width": 8,
              "Actual Startup Time": 110.663,
              "Actual Total Time": 110.665,
              "Actual Rows": 1,
              "Actual Loops": 4,
              "Plans": [
                {
                  "Node Type": "Bitmap Heap Scan",
                  "Parent Relationship": "Outer",
                  "Parallel Aware": true,
                  "Relation Name": "movie_keyword",
                  "Alias": "mk",
                  "Startup Cost": 7431.52,
                  "Total Cost": 33298.16,
                  "Plan Rows": 113011,
                  "Plan Width": 0,
                  "Actual Startup Time": 39.898,
                  "Actual Total Time": 105.564,
                  "Actual Rows": 87014,
                  "Actual Loops": 4,
                  "Recheck Cond": "(keyword_id < 303)",
                  "Rows Removed by Index Recheck": 0,
                  "Exact Heap Blocks": 12000,
                  "Lossy Heap Blocks": 0,
                  "Plans": [
                    {
                      "Node Type": "Bitmap Index Scan",
                      "Parent Relationship": "Outer",
                      "Parallel Aware": false,
                      "Index Name": "keyword_id_movie_keyword",
                      "Startup Cost": 0.0,
                      "Total Cost": 7343.94,
                      "Plan Rows": 350334,
                      "Plan Width": 0,
                      "Actual Startup Time": 40.937,
                      "Actual Total Time": 40.938,
                      "Actual Rows": 348056,
                      "Actual Loops": 1,
                      "Index Cond": "(keyword_id < 303)"
                    }
                  ]
                }
              ]
            }
          ]
        }
      ]
    },
    "Planning Time": 0.187,
    "Triggers": [],
    "Execution Time": 125.369
  }
]