[
  {
    "Plan": {
      "Node Type": "Aggregate",
      "Strategy": "Plain",
      "Partial Mode": "Finalize",
      "Parallel Aware": false,
      "Startup Cost": 37734.91,
      "Total Cost": 37734.92,
      "Plan Rows": 1,
      "Plan Width": 8,
      "Actual Startup Time": 49.957,
      "Actual Total Time": 56.806,
      "Actual Rows": 1,
      "Actual Loops": 1,
      "Plans": [
        {
          "Node Type": "Gather",
          "Parent Relationship": "Outer",
          "Parallel Aware": false,
          "Startup Cost": 37734.69,
          "Total Cost": 37734.9,
          "Plan Rows": 2,
          "Plan Width": 8,
          "Actual Startup Time": 49.768,
          "Actual Total Time": 56.801,
          "Actual Rows": 3,
          "Actual Loops": 1,
          "Workers Planned": 2,
          "Workers Launched": 2,
          "Single Copy": false,
          "Plans": [
            {
              "Node Type": "Aggregate",
              "Strategy": "Plain",
              "Partial Mode": "Partial",
              "Parent Relationship": "Outer",
              "Parallel Aware": false,
              "Startup Cost": 36734.69,
              "Total Cost": 36734.7,
              "Plan Rows": 1,
              "Plan Width": 8,
              "Actual Startup Time": 43.732,
              "Actual Total Time": 43.734,
              "Actual Rows": 1,
              "Actual Loops": 3,
              "Plans": [
                {
                  "Node Type": "Nested Loop",
                  "Parent Relationship": "Outer",
                  "Parallel Aware": false,
                  "Join Type": "Inner",
                  "Startup Cost": 156.96,
                  "Total Cost": 36727.15,
                  "Plan Rows": 3016,
                  "Plan Width": 0,
                  "Actual Startup Time": 4.284,
                  "Actual Total Time": 43.316,
                  "Actual Rows": 2517,
                  "Actual Loops": 3,
                  "Inner Unique": true,
                  "Plans": [
                    {
                      "Node Type": "Bitmap Heap Scan",
                      "Parent Relationship": "Outer",
                      "Parallel Aware": true,
                      "Relation Name": "movie_keyword",
                      "Alias": "mk",
                      "Startup Cost": 156.53,
                      "Total Cost": 15809.74,
                      "Plan Rows": 3016,
                      "Plan Width": 4,
                      "Actual Startup Time": 4.125,
                      "Actual Total Time": 15.658,
                      "Actual Rows": 2517,
                      "Actual Loops": 3,
                      "Recheck Cond": "(keyword_id = 910)",
                      "Rows Removed by Index Recheck": 0,
                      "Exact Heap Blocks": 3727,
                      "Lossy Heap Blocks": 0,
                      "Plans": [
                        {
                          "Node Type": "Bitmap Index Scan",
                          "Parent Relationship": "Outer",
                          "Parallel Aware": false,
                          "Index Name": "keyword_id_movie_keyword",
                          "Startup Cost": 0.0,
                          "Total Cost": 154.72,
                          "Plan Rows": 7238,
                          "Plan Width": 0,
                          "Actual Startup Time": 5.582,
                          "Actual Total Time": 5.582,
                          "Actual Rows": 7552,
                          "Actual Loops": 1,
                          "Index Cond": "(keyword_id = 910)"
                        }
                      ]
                    },
                    {
                      "Node Type": "Index Only Scan",
                      "Parent Relationship": "Inner",
                      "Parallel Aware": false,
                      "Scan Direction": "Forward",
                      "Index Name": "title_pkey",
                      "Relation Name": "title",
                      "Alias": "t",
                      "Startup Cost": 0.43,
                      "Total Cost": 6.94,
                      "Plan Rows": 1,
                      "Plan Width": 4,
                      "Actual Startup Time": 0.01,
                      "Actual Total Time": 0.01,
                      "Actual Rows": 1,
                      "Actual Loops": 7552,
                      "Index Cond": "(id = mk.movie_id)",
                      "Rows Removed by Index Recheck": 0,
                      "Heap Fetches": 7552
                    }
                  ]
                }
              ]
            }
          ]
        }
      ]
    },
    "Planning Time": 0.556,
    "Triggers": [],
    "Execution Time": 56.883
  }
]