[
  {
    "Plan": {
      "Node Type": "Aggregate",
      "Strategy": "Plain",
      "Partial Mode": "Finalize",
      "Parallel Aware": false,
      "Startup Cost": 403662.14,
      "Total Cost": 403662.15,
      "Plan Rows": 1,
      "Plan Width": 8,
      "Actual Startup Time": 1413.661,
      "Actual Total Time": 1473.853,
      "Actual Rows": 1,
      "Actual Loops": 1,
      "Plans": [
        {
          "Node Type": "Gather",
          "Parent Relationship": "Outer",
          "Parallel Aware": false,
          "Startup Cost": 403661.51,
          "Total Cost": 403662.12,
          "Plan Rows": 6,
          "Plan Width": 8,
          "Actual Startup Time": 1397.784,
          "Actual Total Time": 1473.839,
          "Actual Rows": 7,
          "Actual Loops": 1,
          "Workers Planned": 6,
          "Workers Launched": 6,
          "Single Copy": false,
          "Plans": [
            {
              "Node Type": "Aggregate",
              "Strategy": "Plain",
              "Partial Mode": "Partial",
              "Parent Relationship": "Outer",
              "Parallel Aware": false,
              "Startup Cost": 402661.51,
              "Total Cost": 402661.52,
              "Plan Rows": 1,
              "Plan Width": 8,
              "Actual Startup Time": 1382.138,
              "Actual Total Time": 1382.149,
              "Actual Rows": 1,
              "Actual Loops": 7,
              "Plans": [
                {
                  "Node Type": "Hash Join",
                  "Parent Relationship": "Outer",
                  "Parallel Aware": true,
                  "Join Type": "Inner",
                  "Startup Cost": 49931.02,
                  "Total Cost": 398673.2,
                  "Plan Rows": 1595326,
                  "Plan Width": 0,
                  "Actual Startup Time": 563.626,
                  "Actual Total Time": 1339.248,
                  "Actual Rows": 921637,
                  "Actual Loops": 7,
                  "Inner Unique": true,
                  "Hash Cond": "(ci.movie_id = t.id)",
                  "Plans": [
                    {
                      "Node Type": "Seq Scan",
                      "Parent Relationship": "Outer",
                      "Parallel Aware": true,
                      "Relation Name": "cast_info",
                      "Alias": "ci",
                      "Startup Cost": 0.0,
                      "Total Cost": 343257.03,
                      "Plan Rows": 2089577,
                      "Plan Width": 4,
                      "Actual Startup Time": 344.951,
                      "Actual Total Time": 645.485,
                      "Actual Rows": 1098961,
                      "Actual Loops": 7,
                      "Filter": "((person_id < 2842400) AND (role_id > 2))",
                      "Rows Removed by Filter": 4078802
                    },
                    {
                      "Node Type": "Hash",
                      "Parent Relationship": "Inner",
                      "Parallel Aware": true,
                      "Startup Cost": 43898.92,
                      "Total Cost": 43898.92,
                      "Plan Rows": 482568,
                      "Plan Width": 4,
                      "Actual Startup Time": 213.55,
                      "Actual Total Time": 213.551,
                      "Actual Rows": 274004,
                      "Actual Loops": 7,
                      "Hash Buckets": 2097152,
                      "Original Hash Buckets": 2097152,
                      "Hash Batches": 1,
                      "Original Hash Batches": 1,
                      "Peak Memory Usage": 91520,
                      "Plans": [
                        {
                          "Node Type": "Seq Scan",
                          "Parent Relationship": "Outer",
                          "Parallel Aware": true,
                          "Relation Name": "title",
                          "Alias": "t",
                          "Startup Cost": 0.0,
                          "Total Cost": 43898.92,
                          "Plan Rows": 482568,
                          "Plan Width": 4,
                          "Actual Startup Time": 0.043,
                          "Actual Total Time": 84.667,
                          "Actual Rows": 274004,
                          "Actual Loops": 7,
                          "Filter": "(production_year > 1981)",
                          "Rows Removed by Filter": 87183
                        }
                      ]
                    }
                  ]
                }
              ]
            }
          ]
        }
      ]
    },
    "Planning Time": 0.619,
    "Triggers": [],
    "Execution Time": 1473.941
  }
]