{
  "Plan": {
    "Node Type": "Aggregate",
    "Strategy": "Plain",
    "Partial Mode": "Simple",
    "Parallel Aware": false,
    "Startup Cost": 1561.05,
    "Total Cost": 1561.06,
    "Plan Rows": 1,
    "Plan Width": 8,
    "Actual Startup Time": 4.922,
    "Actual Total Time": 4.925,
    "Actual Rows": 1,
    "Actual Loops": 1,
    "Plans": [
      {
        "Node Type": "Nested Loop",
        "Parent Relationship": "Outer",
        "Parallel Aware": false,
        "Join Type": "Inner",
        "Startup Cost": 1.42,
        "Total Cost": 1560.94,
        "Plan Rows": 46,
        "Plan Width": 0,
        "Actual Startup Time": 0.371,
        "Actual Total Time": 4.767,
        "Actual Rows": 478,
        "Actual Loops": 1,
        "Inner Unique": false,
        "Plans": [
          {
            "Node Type": "Nested Loop",
            "Parent Relationship": "Outer",
            "Parallel Aware": false,
            "Join Type": "Inner",
            "Startup Cost": 0.99,
            "Total Cost": 1532.87,
            "Plan Rows": 45,
            "Plan Width": 8,
            "Actual Startup Time": 0.348,
            "Actual Total Time": 2.791,
            "Actual Rows": 260,
            "Actual Loops": 1,
            "Inner Unique": true,
            "Plans": [
              {
                "Node Type": "Index Scan",
                "Parent Relationship": "Outer",
                "Parallel Aware": false,
                "Scan Direction": "Forward",
                "Index Name": "person_id_cast_info",
                "Relation Name": "cast_info",
                "Alias": "ci",
                "Startup Cost": 0.56,
                "Total Cost": 1059.67,
                "Plan Rows": 56,
                "Plan Width": 4,
                "Actual Startup Time": 0.322,
                "Actual Total Time": 0.692,
                "Actual Rows": 260,
                "Actual Loops": 1,
                "Index Cond": "(person_id = 2718292)",
                "Rows Removed by Index Recheck": 0,
                "Filter": "(role_id = 3)",
                "Rows Removed by Filter": 253
              },
              {
                "Node Type": "Index Scan",
                "Parent Relationship": "Inner",
                "Parallel Aware": false,
                "Scan Direction": "Forward",
                "Index Name": "title_pkey",
                "Relation Name": "title",
                "Alias": "t",
                "Startup Cost": 0.43,
                "Total Cost": 8.45,
                "Plan Rows": 1,
                "Plan Width": 4,
                "Actual Startup Time": 0.007,
                "Actual Total Time": 0.007,
                "Actual Rows": 1,
                "Actual Loops": 260,
                "Index Cond": "(id = ci.movie_id)",
                "Rows Removed by Index Recheck": 0,
                "Filter": "(production_year > 1975)",
                "Rows Removed by Filter": 0
              }
            ]
          },
          {
            "Node Type": "Index Only Scan",
            "Parent Relationship": "Inner",
            "Parallel Aware": false,
            "Scan Direction": "Forward",
            "Index Name": "movie_id_movie_companies",
            "Relation Name": "movie_companies",
            "Alias": "mc",
            "Startup Cost": 0.43,
            "Total Cost": 0.57,
            "Plan Rows": 5,
            "Plan Width": 4,
            "Actual Startup Time": 0.005,
            "Actual Total Time": 0.006,
            "Actual Rows": 2,
            "Actual Loops": 260,
            "Index Cond": "(movie_id = t.id)",
            "Rows Removed by Index Recheck": 0,
            "Heap Fetches": 478
          }
        ]
      }
    ]
  },
  "Planning Time": 1.003,
  "Triggers": [],
  "Execution Time": 4.996
}