[
  {
    "Plan": {
      "Node Type": "Aggregate",
      "Strategy": "Plain",
      "Partial Mode": "Finalize",
      "Parallel Aware": false,
      "Startup Cost": 119036.37,
      "Total Cost": 119036.38,
      "Plan Rows": 1,
      "Plan Width": 8,
      "Actual Startup Time": 660.555,
      "Actual Total Time": 680.882,
      "Actual Rows": 1,
      "Actual Loops": 1,
      "Plans": [
        {
          "Node Type": "Gather",
          "Parent Relationship": "Outer",
          "Parallel Aware": false,
          "Startup Cost": 119036.05,
          "Total Cost": 119036.36,
          "Plan Rows": 3,
          "Plan Width": 8,
          "Actual Startup Time": 647.399,
          "Actual Total Time": 680.869,
          "Actual Rows": 4,
          "Actual Loops": 1,
          "Workers Planned": 3,
          "Workers Launched": 3,
          "Single Copy": false,
          "Plans": [
            {
              "Node Type": "Aggregate",
              "Strategy": "Plain",
              "Partial Mode": "Partial",
              "Parent Relationship": "Outer",
              "Parallel Aware": false,
              "Startup Cost": 118036.05,
              "Total Cost": 118036.06,
              "Plan Rows": 1,
              "Plan Width": 8,
              "Actual Startup Time": 638.174,
              "Actual Total Time": 638.18,
              "Actual Rows": 1,
              "Actual Loops": 4,
              "Plans": [
                {
                  "Node Type": "Hash Join",
                  "Parent Relationship": "Outer",
                  "Parallel Aware": true,
                  "Join Type": "Inner",
                  "Startup Cost": 85065.45,
                  "Total Cost": 117918.94,
                  "Plan Rows": 46846,
                  "Plan Width": 0,
                  "Actual Startup Time": 537.066,
                  "Actual Total Time": 631.77,
                  "Actual Rows": 149816,
                  "Actual Loops": 4,
                  "Inner Unique": false,
                  "Hash Cond": "(mc.movie_id = t.id)",
                  "Plans": [
                    {
                      "Node Type": "Seq Scan",
                      "Parent Relationship": "Outer",
                      "Parallel Aware": true,
                      "Relation Name": "movie_companies",
                      "Alias": "mc",
                      "Startup Cost": 0.0,
                      "Total Cost": 31414.82,
                      "Plan Rows": 343349,
                      "Plan Width": 4,
                      "Actual Startup Time": 31.832,
                      "Actual Total Time": 70.904,
                      "Actual Rows": 299482,
                      "Actual Loops": 4,
                      "Filter": "((company_id > 472) AND (company_type_id = 2))",
                      "Rows Removed by Filter": 352800
                    },
                    {
                      "Node Type": "Hash",
                      "Parent Relationship": "Inner",
                      "Parallel Aware": true,
                      "Startup Cost": 83674.51,
                      "Total Cost": 83674.51,
                      "Plan Rows": 111275,
                      "Plan Width": 8,
                      "Actual Startup Time": 502.014,
                      "Actual Total Time": 502.018,
                      "Actual Rows": 90923,
                      "Actual Loops": 4,
                      "Hash Buckets": 524288,
                      "Original Hash Buckets": 524288,
                      "Hash Batches": 1,
                      "Original Hash Batches": 1,
                      "Peak Memory Usage": 18368,
                      "Plans": [
                        {
                          "Node Type": "Hash Join",
                          "Parent Relationship": "Outer",
                          "Parallel Aware": true,
                          "Join Type": "Inner",
                          "Startup Cost": 57537.47,
                          "Total Cost": 83674.51,
                          "Plan Rows": 111275,
                          "Plan Width": 8,
                          "Actual Startup Time": 382.261,
                          "Actual Total Time": 473.415,
                          "Actual Rows": 90923,
                          "Actual Loops": 4,
                          "Inner Unique": true,
                          "Hash Cond": "(mk.movie_id = t.id)",
                          "Plans": [
                            {
                              "Node Type": "Bitmap Heap Scan",
                              "Parent Relationship": "Outer",
                              "Parallel Aware": true,
                              "Relation Name": "movie_keyword",
                              "Alias": "mk",
                              "Startup Cost": 7317.83,
                              "Total Cost": 33162.77,
                              "Plan Rows": 111275,
                              "Plan Width": 4,
                              "Actual Startup Time": 24.262,
                              "Actual Total Time": 73.921,
                              "Actual Rows": 90923,
                              "Actual Loops": 4,
                              "Recheck Cond": "(keyword_id < 335)",
                              "Rows Removed by Index Recheck": 0,
                              "Exact Heap Blocks": 6374,
                              "Lossy Heap Blocks": 0,
                              "Plans": [
                                {
                                  "Node Type": "Bitmap Index Scan",
                                  "Parent Relationship": "Outer",
                                  "Parallel Aware": false,
                                  "Index Name": "keyword_id_movie_keyword",
                                  "Startup Cost": 0.0,
                                  "Total Cost": 7231.59,
                                  "Plan Rows": 344954,
                                  "Plan Width": 0,
                                  "Actual Startup Time": 20.667,
                                  "Actual Total Time": 20.668,
                                  "Actual Rows": 363692,
                                  "Actual Loops": 1,
                                  "Index Cond": "(keyword_id < 335)"
                                }
                              ]
                            },
                            {
                              "Node Type": "Hash",
                              "Parent Relationship": "Inner",
                              "Parallel Aware": true,
                              "Startup Cost": 42318.73,
                              "Total Cost": 42318.73,
                              "Plan Rows": 632073,
                              "Plan Width": 4,
                              "Actual Startup Time": 349.216,
                              "Actual Total Time": 349.217,
                              "Actual Rows": 632078,
                              "Actual Loops": 4,
                              "Hash Buckets": 4194304,
                              "Original Hash Buckets": 4194304,
                              "Hash Batches": 1,
                              "Original Hash Batches": 1,
                              "Peak Memory Usage": 131776,
                              "Plans": [
                                {
                                  "Node Type": "Seq Scan",
                                  "Parent Relationship": "Outer",
                                  "Parallel Aware": true,
                                  "Relation Name": "title",
                                  "Alias": "t",
                                  "Startup Cost": 0.0,
                                  "Total Cost": 42318.73,
                                  "Plan Rows": 632073,
                                  "Plan Width": 4,
                                  "Actual Startup Time": 0.045,
                                  "Actual Total Time": 98.795,
                                  "Actual Rows": 632078,
                                  "Actual Loops": 4
                                }
                              ]
                            }
                          ]
                        }
                      ]
                    }
                  ]
                }
              ]
            }
          ]
        }
      ]
    },
    "Planning Time": 1.519,
    "Triggers": [],
    "Execution Time": 680.994
  }
]