[
    {
        "Bao": {
            "Bao prediction": "NaN",
            "Bao recommended hint": "(no hint)"
        }
    },
    {
        "Plan": {
            "Node Type": "Aggregate",
            "Strategy": "Plain",
            "Partial Mode": "Finalize",
            "Parallel Aware": false,
            "Startup Cost": 378760.74,
            "Total Cost": 378760.75,
            "Plan Rows": 1,
            "Plan Width": 8,
            "Actual Startup Time": 870.29,
            "Actual Total Time": 901.967,
            "Actual Rows": 1,
            "Actual Loops": 1,
            "Output": [
                "count(*)"
            ],
            "Plans": [
                {
                    "Node Type": "Gather",
                    "Parent Relationship": "Outer",
                    "Parallel Aware": false,
                    "Startup Cost": 378760.11,
                    "Total Cost": 378760.72,
                    "Plan Rows": 6,
                    "Plan Width": 8,
                    "Actual Startup Time": 864.545,
                    "Actual Total Time": 901.958,
                    "Actual Rows": 7,
                    "Actual Loops": 1,
                    "Output": [
                        "(PARTIAL count(*))"
                    ],
                    "Workers Planned": 6,
                    "Workers Launched": 6,
                    "Single Copy": false,
                    "Plans": [
                        {
                            "Node Type": "Aggregate",
                            "Strategy": "Plain",
                            "Partial Mode": "Partial",
                            "Parent Relationship": "Outer",
                            "Parallel Aware": false,
                            "Startup Cost": 377760.11,
                            "Total Cost": 377760.12,
                            "Plan Rows": 1,
                            "Plan Width": 8,
                            "Actual Startup Time": 853.836,
                            "Actual Total Time": 853.839,
                            "Actual Rows": 1,
                            "Actual Loops": 7,
                            "Output": [
                                "PARTIAL count(*)"
                            ],
                            "Workers": [
                                {
                                    "Worker Number": 0,
                                    "Actual Startup Time": 851.215,
                                    "Actual Total Time": 851.218,
                                    "Actual Rows": 1,
                                    "Actual Loops": 1
                                },
                                {
                                    "Worker Number": 1,
                                    "Actual Startup Time": 851.673,
                                    "Actual Total Time": 851.676,
                                    "Actual Rows": 1,
                                    "Actual Loops": 1
                                },
                                {
                                    "Worker Number": 2,
                                    "Actual Startup Time": 852.098,
                                    "Actual Total Time": 852.101,
                                    "Actual Rows": 1,
                                    "Actual Loops": 1
                                },
                                {
                                    "Worker Number": 3,
                                    "Actual Startup Time": 852.343,
                                    "Actual Total Time": 852.347,
                                    "Actual Rows": 1,
                                    "Actual Loops": 1
                                },
                                {
                                    "Worker Number": 4,
                                    "Actual Startup Time": 852.666,
                                    "Actual Total Time": 852.668,
                                    "Actual Rows": 1,
                                    "Actual Loops": 1
                                },
                                {
                                    "Worker Number": 5,
                                    "Actual Startup Time": 853.041,
                                    "Actual Total Time": 853.043,
                                    "Actual Rows": 1,
                                    "Actual Loops": 1
                                }
                            ],
                            "Plans": [
                                {
                                    "Node Type": "Hash Join",
                                    "Parent Relationship": "Outer",
                                    "Parallel Aware": true,
                                    "Join Type": "Inner",
                                    "Startup Cost": 45996.98,
                                    "Total Cost": 377043.66,
                                    "Plan Rows": 286580,
                                    "Plan Width": 0,
                                    "Actual Startup Time": 424.865,
                                    "Actual Total Time": 839.618,
                                    "Actual Rows": 275951,
                                    "Actual Loops": 7,
                                    "Inner Unique": true,
                                    "Hash Cond": "(ci.movie_id = t.id)",
                                    "Workers": [
                                        {
                                            "Worker Number": 0,
                                            "Actual Startup Time": 422.273,
                                            "Actual Total Time": 836.141,
                                            "Actual Rows": 199634,
                                            "Actual Loops": 1
                                        },
                                        {
                                            "Worker Number": 1,
                                            "Actual Startup Time": 422.736,
                                            "Actual Total Time": 837.821,
                                            "Actual Rows": 300059,
                                            "Actual Loops": 1
                                        },
                                        {
                                            "Worker Number": 2,
                                            "Actual Startup Time": 423.123,
                                            "Actual Total Time": 838.624,
                                            "Actual Rows": 280954,
                                            "Actual Loops": 1
                                        },
                                        {
                                            "Worker Number": 3,
                                            "Actual Startup Time": 423.37,
                                            "Actual Total Time": 836.891,
                                            "Actual Rows": 204397,
                                            "Actual Loops": 1
                                        },
                                        {
                                            "Worker Number": 4,
                                            "Actual Startup Time": 424.009,
                                            "Actual Total Time": 838.828,
                                            "Actual Rows": 300303,
                                            "Actual Loops": 1
                                        },
                                        {
                                            "Worker Number": 5,
                                            "Actual Startup Time": 424.041,
                                            "Actual Total Time": 839.15,
                                            "Actual Rows": 301739,
                                            "Actual Loops": 1
                                        }
                                    ],
                                    "Plans": [
                                        {
                                            "Node Type": "Seq Scan",
                                            "Parent Relationship": "Outer",
                                            "Parallel Aware": true,
                                            "Relation Name": "cast_info",
                                            "Schema": "public",
                                            "Alias": "ci",
                                            "Startup Cost": 0.0,
                                            "Total Cost": 328213.62,
                                            "Plan Rows": 1079263,
                                            "Plan Width": 4,
                                            "Actual Startup Time": 316.612,
                                            "Actual Total Time": 511.67,
                                            "Actual Rows": 919629,
                                            "Actual Loops": 7,
                                            "Output": [
                                                "ci.id",
                                                "ci.person_id",
                                                "ci.movie_id",
                                                "ci.person_role_id",
                                                "ci.note",
                                                "ci.nr_order",
                                                "ci.role_id"
                                            ],
                                            "Filter": "(ci.person_id > 3011788)",
                                            "Rows Removed by Filter": 4258134,
                                            "Workers": [
                                                {
                                                    "Worker Number": 0,
                                                    "Actual Startup Time": 316.616,
                                                    "Actual Total Time": 518.524,
                                                    "Actual Rows": 673047,
                                                    "Actual Loops": 1
                                                },
                                                {
                                                    "Worker Number": 1,
                                                    "Actual Startup Time": 316.585,
                                                    "Actual Total Time": 514.511,
                                                    "Actual Rows": 999554,
                                                    "Actual Loops": 1
                                                },
                                                {
                                                    "Worker Number": 2,
                                                    "Actual Startup Time": 316.605,
                                                    "Actual Total Time": 505.053,
                                                    "Actual Rows": 947092,
                                                    "Actual Loops": 1
                                                },
                                                {
                                                    "Worker Number": 3,
                                                    "Actual Startup Time": 316.626,
                                                    "Actual Total Time": 518.567,
                                                    "Actual Rows": 671474,
                                                    "Actual Loops": 1
                                                },
                                                {
                                                    "Worker Number": 4,
                                                    "Actual Startup Time": 316.618,
                                                    "Actual Total Time": 514.462,
                                                    "Actual Rows": 991776,
                                                    "Actual Loops": 1
                                                },
                                                {
                                                    "Worker Number": 5,
                                                    "Actual Startup Time": 316.619,
                                                    "Actual Total Time": 516.219,
                                                    "Actual Rows": 1003101,
                                                    "Actual Loops": 1
                                                }
                                            ]
                                        },
                                        {
                                            "Node Type": "Hash",
                                            "Parent Relationship": "Inner",
                                            "Parallel Aware": true,
                                            "Startup Cost": 43899.01,
                                            "Total Cost": 43899.01,
                                            "Plan Rows": 167838,
                                            "Plan Width": 4,
                                            "Actual Startup Time": 105.969,
                                            "Actual Total Time": 105.97,
                                            "Actual Rows": 94689,
                                            "Actual Loops": 7,
                                            "Output": [
                                                "t.id"
                                            ],
                                            "Hash Buckets": 1048576,
                                            "Original Hash Buckets": 1048576,
                                            "Hash Batches": 1,
                                            "Original Hash Batches": 1,
                                            "Peak Memory Usage": 34240,
                                            "Workers": [
                                                {
                                                    "Worker Number": 0,
                                                    "Actual Startup Time": 104.838,
                                                    "Actual Total Time": 104.839,
                                                    "Actual Rows": 68443,
                                                    "Actual Loops": 1
                                                },
                                                {
                                                    "Worker Number": 1,
                                                    "Actual Startup Time": 105.255,
                                                    "Actual Total Time": 105.256,
                                                    "Actual Rows": 101743,
                                                    "Actual Loops": 1
                                                },
                                                {
                                                    "Worker Number": 2,
                                                    "Actual Startup Time": 105.769,
                                                    "Actual Total Time": 105.77,
                                                    "Actual Rows": 97509,
                                                    "Actual Loops": 1
                                                },
                                                {
                                                    "Worker Number": 3,
                                                    "Actual Startup Time": 105.969,
                                                    "Actual Total Time": 105.97,
                                                    "Actual Rows": 69702,
                                                    "Actual Loops": 1
                                                },
                                                {
                                                    "Worker Number": 4,
                                                    "Actual Startup Time": 106.305,
                                                    "Actual Total Time": 106.306,
                                                    "Actual Rows": 101022,
                                                    "Actual Loops": 1
                                                },
                                                {
                                                    "Worker Number": 5,
                                                    "Actual Startup Time": 106.664,
                                                    "Actual Total Time": 106.665,
                                                    "Actual Rows": 101431,
                                                    "Actual Loops": 1
                                                }
                                            ],
                                            "Plans": [
                                                {
                                                    "Node Type": "Seq Scan",
                                                    "Parent Relationship": "Outer",
                                                    "Parallel Aware": true,
                                                    "Relation Name": "title",
                                                    "Schema": "public",
                                                    "Alias": "t",
                                                    "Startup Cost": 0.0,
                                                    "Total Cost": 43899.01,
                                                    "Plan Rows": 167838,
                                                    "Plan Width": 4,
                                                    "Actual Startup Time": 37.073,
                                                    "Actual Total Time": 71.028,
                                                    "Actual Rows": 94689,
                                                    "Actual Loops": 7,
                                                    "Output": [
                                                        "t.id"
                                                    ],
                                                    "Filter": "(t.kind_id = 1)",
                                                    "Rows Removed by Filter": 266498,
                                                    "Workers": [
                                                        {
                                                            "Worker Number": 0,
                                                            "Actual Startup Time": 41.476,
                                                            "Actual Total Time": 70.845,
                                                            "Actual Rows": 68443,
                                                            "Actual Loops": 1
                                                        },
                                                        {
                                                            "Worker Number": 1,
                                                            "Actual Startup Time": 41.799,
                                                            "Actual Total Time": 70.987,
                                                            "Actual Rows": 101743,
                                                            "Actual Loops": 1
                                                        },
                                                        {
                                                            "Worker Number": 2,
                                                            "Actual Startup Time": 42.345,
                                                            "Actual Total Time": 70.14,
                                                            "Actual Rows": 97509,
                                                            "Actual Loops": 1
                                                        },
                                                        {
                                                            "Worker Number": 3,
                                                            "Actual Startup Time": 42.701,
                                                            "Actual Total Time": 72.114,
                                                            "Actual Rows": 69702,
                                                            "Actual Loops": 1
                                                        },
                                                        {
                                                            "Worker Number": 4,
                                                            "Actual Startup Time": 42.982,
                                                            "Actual Total Time": 71.818,
                                                            "Actual Rows": 101022,
                                                            "Actual Loops": 1
                                                        },
                                                        {
                                                            "Worker Number": 5,
                                                            "Actual Startup Time": 4.616,
                                                            "Actual Total Time": 72.304,
                                                            "Actual Rows": 101431,
                                                            "Actual Loops": 1
                                                        }
                                                    ]
                                                }
                                            ]
                                        }
                                    ]
                                }
                            ]
                        }
                    ]
                }
            ]
        },
        "Planning Time": 177.464,
        "Triggers": [],
        "Execution Time": 902.068
    }
]