[
  {
    "Plan": {
      "Node Type": "Aggregate",
      "Strategy": "Plain",
      "Partial Mode": "Finalize",
      "Parallel Aware": false,
      "Startup Cost": 274319.93,
      "Total Cost": 274319.94,
      "Plan Rows": 1,
      "Plan Width": 8,
      "Actual Startup Time": 45.588,
      "Actual Total Time": 49.227,
      "Actual Rows": 1,
      "Actual Loops": 1,
      "Plans": [
        {
          "Node Type": "Gather",
          "Parent Relationship": "Outer",
          "Parallel Aware": false,
          "Startup Cost": 274319.41,
          "Total Cost": 274319.92,
          "Plan Rows": 5,
          "Plan Width": 8,
          "Actual Startup Time": 45.404,
          "Actual Total Time": 49.221,
          "Actual Rows": 6,
          "Actual Loops": 1,
          "Workers Planned": 5,
          "Workers Launched": 5,
          "Single Copy": false,
          "Plans": [
            {
              "Node Type": "Aggregate",
              "Strategy": "Plain",
              "Partial Mode": "Partial",
              "Parent Relationship": "Outer",
              "Parallel Aware": false,
              "Startup Cost": 273319.41,
              "Total Cost": 273319.42,
              "Plan Rows": 1,
              "Plan Width": 8,
              "Actual Startup Time": 38.584,
              "Actual Total Time": 38.585,
              "Actual Rows": 1,
              "Actual Loops": 6,
              "Plans": [
                {
                  "Node Type": "Bitmap Heap Scan",
                  "Parent Relationship": "Outer",
                  "Parallel Aware": true,
                  "Relation Name": "cast_info",
                  "Alias": "ci",
                  "Startup Cost": 8912.9,
                  "Total Cost": 273117.58,
                  "Plan Rows": 80731,
                  "Plan Width": 0,
                  "Actual Startup Time": 12.676,
                  "Actual Total Time": 34.169,
                  "Actual Rows": 61297,
                  "Actual Loops": 6,
                  "Recheck Cond": "(person_id > 3994301)",
                  "Rows Removed by Index Recheck": 0,
                  "Exact Heap Blocks": 1887,
                  "Lossy Heap Blocks": 0,
                  "Plans": [
                    {
                      "Node Type": "Bitmap Index Scan",
                      "Parent Relationship": "Outer",
                      "Parallel Aware": false,
                      "Index Name": "person_id_cast_info",
                      "Startup Cost": 0.0,
                      "Total Cost": 8811.99,
                      "Plan Rows": 403656,
                      "Plan Width": 0,
                      "Actual Startup Time": 18.075,
                      "Actual Total Time": 18.075,
                      "Actual Rows": 367783,
                      "Actual Loops": 1,
                      "Index Cond": "(person_id > 3994301)"
                    }
                  ]
                }
              ]
            }
          ]
        }
      ]
    },
    "Planning Time": 0.275,
    "Triggers": [],
    "Execution Time": 49.299
  }
]