[
  {
    "Plan": {
      "Node Type": "Aggregate",
      "Strategy": "Plain",
      "Partial Mode": "Finalize",
      "Parallel Aware": false,
      "Startup Cost": 354024.78,
      "Total Cost": 354024.79,
      "Plan Rows": 1,
      "Plan Width": 8,
      "Actual Startup Time": 923.397,
      "Actual Total Time": 989.517,
      "Actual Rows": 1,
      "Actual Loops": 1,
      "Plans": [
        {
          "Node Type": "Gather",
          "Parent Relationship": "Outer",
          "Parallel Aware": false,
          "Startup Cost": 354024.16,
          "Total Cost": 354024.77,
          "Plan Rows": 6,
          "Plan Width": 8,
          "Actual Startup Time": 923.192,
          "Actual Total Time": 989.502,
          "Actual Rows": 7,
          "Actual Loops": 1,
          "Workers Planned": 6,
          "Workers Launched": 6,
          "Single Copy": false,
          "Plans": [
            {
              "Node Type": "Aggregate",
              "Strategy": "Plain",
              "Partial Mode": "Partial",
              "Parent Relationship": "Outer",
              "Parallel Aware": false,
              "Startup Cost": 353024.16,
              "Total Cost": 353024.17,
              "Plan Rows": 1,
              "Plan Width": 8,
              "Actual Startup Time": 912.548,
              "Actual Total Time": 912.549,
              "Actual Rows": 1,
              "Actual Loops": 7,
              "Plans": [
                {
                  "Node Type": "Seq Scan",
                  "Parent Relationship": "Outer",
                  "Parallel Aware": true,
                  "Relation Name": "cast_info",
                  "Alias": "ci",
                  "Startup Cost": 0.0,
                  "Total Cost": 343316.27,
                  "Plan Rows": 3883155,
                  "Plan Width": 0,
                  "Actual Startup Time": 256.071,
                  "Actual Total Time": 769.303,
                  "Actual Rows": 3317591,
                  "Actual Loops": 7,
                  "Filter": "((person_id < 3997600) AND (role_id > 1))",
                  "Rows Removed by Filter": 1860172
                }
              ]
            }
          ]
        }
      ]
    },
    "Planning Time": 0.303,
    "Triggers": [],
    "Execution Time": 989.595
  }
]