[
  {
    "Plan": {
      "Node Type": "Aggregate",
      "Strategy": "Plain",
      "Partial Mode": "Finalize",
      "Parallel Aware": false,
      "Startup Cost": 380687.31,
      "Total Cost": 380687.32,
      "Plan Rows": 1,
      "Plan Width": 8,
      "Actual Startup Time": 5948.225,
      "Actual Total Time": 6048.656,
      "Actual Rows": 1,
      "Actual Loops": 1,
      "Plans": [
        {
          "Node Type": "Gather",
          "Parent Relationship": "Outer",
          "Parallel Aware": false,
          "Startup Cost": 380686.99,
          "Total Cost": 380687.3,
          "Plan Rows": 3,
          "Plan Width": 8,
          "Actual Startup Time": 5943.884,
          "Actual Total Time": 6048.645,
          "Actual Rows": 4,
          "Actual Loops": 1,
          "Workers Planned": 3,
          "Workers Launched": 3,
          "Single Copy": false,
          "Plans": [
            {
              "Node Type": "Aggregate",
              "Strategy": "Plain",
              "Partial Mode": "Partial",
              "Parent Relationship": "Outer",
              "Parallel Aware": false,
              "Startup Cost": 379686.99,
              "Total Cost": 379687.0,
              "Plan Rows": 1,
              "Plan Width": 8,
              "Actual Startup Time": 5935.681,
              "Actual Total Time": 5935.684,
              "Actual Rows": 1,
              "Actual Loops": 4,
              "Plans": [
                {
                  "Node Type": "Nested Loop",
                  "Parent Relationship": "Outer",
                  "Parallel Aware": false,
                  "Join Type": "Inner",
                  "Startup Cost": 47671.78,
                  "Total Cost": 376398.55,
                  "Plan Rows": 1315377,
                  "Plan Width": 0,
                  "Actual Startup Time": 180.946,
                  "Actual Total Time": 5569.985,
                  "Actual Rows": 8892428,
                  "Actual Loops": 4,
                  "Inner Unique": false,
                  "Join Filter": "(t.id = ci.movie_id)",
                  "Rows Removed by Join Filter": 0,
                  "Plans": [
                    {
                      "Node Type": "Hash Join",
                      "Parent Relationship": "Outer",
                      "Parallel Aware": true,
                      "Join Type": "Inner",
                      "Startup Cost": 47671.21,
                      "Total Cost": 91235.1,
                      "Plan Rows": 91743,
                      "Plan Width": 8,
                      "Actual Startup Time": 180.829,
                      "Actual Total Time": 346.633,
                      "Actual Rows": 181191,
                      "Actual Loops": 4,
                      "Inner Unique": true,
                      "Hash Cond": "(mk.movie_id = t.id)",
                      "Plans": [
                        {
                          "Node Type": "Seq Scan",
                          "Parent Relationship": "Outer",
                          "Parallel Aware": true,
                          "Relation Name": "movie_keyword",
                          "Alias": "mk",
                          "Startup Cost": 0.0,
                          "Total Cost": 42695.65,
                          "Plan Rows": 330755,
                          "Plan Width": 4,
                          "Actual Startup Time": 1.248,
                          "Actual Total Time": 97.893,
                          "Actual Rows": 255736,
                          "Actual Loops": 4,
                          "Filter": "(keyword_id > 17540)",
                          "Rows Removed by Filter": 875246
                        },
                        {
                          "Node Type": "Hash",
                          "Parent Relationship": "Inner",
                          "Parallel Aware": true,
                          "Startup Cost": 45479.59,
                          "Total Cost": 45479.59,
                          "Plan Rows": 175330,
                          "Plan Width": 4,
                          "Actual Startup Time": 174.709,
                          "Actual Total Time": 174.71,
                          "Actual Rows": 187483,
                          "Actual Loops": 4,
                          "Hash Buckets": 1048576,
                          "Original Hash Buckets": 1048576,
                          "Hash Batches": 1,
                          "Original Hash Batches": 1,
                          "Peak Memory Usage": 37568,
                          "Plans": [
                            {
                              "Node Type": "Seq Scan",
                              "Parent Relationship": "Outer",
                              "Parallel Aware": true,
                              "Relation Name": "title",
                              "Alias": "t",
                              "Startup Cost": 0.0,
                              "Total Cost": 45479.59,
                              "Plan Rows": 175330,
                              "Plan Width": 4,
                              "Actual Startup Time": 0.042,
                              "Actual Total Time": 104.731,
                              "Actual Rows": 187483,
                              "Actual Loops": 4,
                              "Filter": "((kind_id < 7) AND (production_year < 2009))",
                              "Rows Removed by Filter": 444595
                            }
                          ]
                        }
                      ]
                    },
                    {
                      "Node Type": "Index Only Scan",
                      "Parent Relationship": "Inner",
                      "Parallel Aware": false,
                      "Scan Direction": "Forward",
                      "Index Name": "movie_id_cast_info",
                      "Relation Name": "cast_info",
                      "Alias": "ci",
                      "Startup Cost": 0.56,
                      "Total Cost": 2.67,
                      "Plan Rows": 35,
                      "Plan Width": 4,
                      "Actual Startup Time": 0.004,
                      "Actual Total Time": 0.025,
                      "Actual Rows": 49,
                      "Actual Loops": 724765,
                      "Index Cond": "(movie_id = mk.movie_id)",
                      "Rows Removed by Index Recheck": 0,
                      "Heap Fetches": 35569711
                    }
                  ]
                }
              ]
            }
          ]
        }
      ]
    },
    "Planning Time": 1.199,
    "Triggers": [],
    "Execution Time": 6048.759
  }
]