[
  {
    "Plan": {
      "Node Type": "Aggregate",
      "Strategy": "Plain",
      "Partial Mode": "Finalize",
      "Parallel Aware": false,
      "Startup Cost": 467406.34,
      "Total Cost": 467406.35,
      "Plan Rows": 1,
      "Plan Width": 8,
      "Actual Startup Time": 1428.106,
      "Actual Total Time": 1485.127,
      "Actual Rows": 1,
      "Actual Loops": 1,
      "Plans": [
        {
          "Node Type": "Gather",
          "Parent Relationship": "Outer",
          "Parallel Aware": false,
          "Startup Cost": 467405.82,
          "Total Cost": 467406.33,
          "Plan Rows": 5,
          "Plan Width": 8,
          "Actual Startup Time": 1423.43,
          "Actual Total Time": 1485.116,
          "Actual Rows": 6,
          "Actual Loops": 1,
          "Workers Planned": 5,
          "Workers Launched": 5,
          "Single Copy": false,
          "Plans": [
            {
              "Node Type": "Aggregate",
              "Strategy": "Plain",
              "Partial Mode": "Partial",
              "Parent Relationship": "Outer",
              "Parallel Aware": false,
              "Startup Cost": 466405.82,
              "Total Cost": 466405.83,
              "Plan Rows": 1,
              "Plan Width": 8,
              "Actual Startup Time": 1409.068,
              "Actual Total Time": 1409.111,
              "Actual Rows": 1,
              "Actual Loops": 6,
              "Plans": [
                {
                  "Node Type": "Hash Join",
                  "Parent Relationship": "Outer",
                  "Parallel Aware": true,
                  "Join Type": "Inner",
                  "Startup Cost": 258210.13,
                  "Total Cost": 463077.25,
                  "Plan Rows": 1331426,
                  "Plan Width": 0,
                  "Actual Startup Time": 626.933,
                  "Actual Total Time": 1387.207,
                  "Actual Rows": 449901,
                  "Actual Loops": 6,
                  "Inner Unique": false,
                  "Hash Cond": "(mi.movie_id = t.id)",
                  "Plans": [
                    {
                      "Node Type": "Seq Scan",
                      "Parent Relationship": "Outer",
                      "Parallel Aware": true,
                      "Relation Name": "movie_info",
                      "Alias": "mi",
                      "Startup Cost": 0.0,
                      "Total Cost": 191560.33,
                      "Plan Rows": 2956733,
                      "Plan Width": 4,
                      "Actual Startup Time": 0.04,
                      "Actual Total Time": 326.492,
                      "Actual Rows": 2472620,
                      "Actual Loops": 6
                    },
                    {
                      "Node Type": "Hash",
                      "Parent Relationship": "Inner",
                      "Parallel Aware": true,
                      "Startup Cost": 255838.25,
                      "Total Cost": 255838.25,
                      "Plan Rows": 189750,
                      "Plan Width": 8,
                      "Actual Startup Time": 620.729,
                      "Actual Total Time": 620.771,
                      "Actual Rows": 66220,
                      "Actual Loops": 6,
                      "Hash Buckets": 2097152,
                      "Original Hash Buckets": 2097152,
                      "Hash Batches": 1,
                      "Original Hash Batches": 1,
                      "Peak Memory Usage": 32032,
                      "Plans": [
                        {
                          "Node Type": "Hash Join",
                          "Parent Relationship": "Outer",
                          "Parallel Aware": true,
                          "Join Type": "Inner",
                          "Startup Cost": 46635.95,
                          "Total Cost": 255838.25,
                          "Plan Rows": 189750,
                          "Plan Width": 8,
                          "Actual Startup Time": 108.492,
                          "Actual Total Time": 582.288,
                          "Actual Rows": 66220,
                          "Actual Loops": 6,
                          "Inner Unique": true,
                          "Hash Cond": "(ci.movie_id = t.id)",
                          "Plans": [
                            {
                              "Node Type": "Index Scan",
                              "Parent Relationship": "Outer",
                              "Parallel Aware": true,
                              "Scan Direction": "Forward",
                              "Index Name": "role_id_cast_info",
                              "Relation Name": "cast_info",
                              "Alias": "ci",
                              "Startup Cost": 0.56,
                              "Total Cost": 205799.38,
                              "Plan Rows": 1296560,
                              "Plan Width": 4,
                              "Actual Startup Time": 0.125,
                              "Actual Total Time": 247.724,
                              "Actual Rows": 1285440,
                              "Actual Loops": 6,
                              "Index Cond": "(role_id > 6)",
                              "Rows Removed by Index Recheck": 0
                            },
                            {
                              "Node Type": "Hash",
                              "Parent Relationship": "Inner",
                              "Parallel Aware": true,
                              "Startup Cost": 45479.1,
                              "Total Cost": 45479.1,
                              "Plan Rows": 92503,
                              "Plan Width": 4,
                              "Actual Startup Time": 107.053,
                              "Actual Total Time": 107.054,
                              "Actual Rows": 39381,
                              "Actual Loops": 6,
                              "Hash Buckets": 524288,
                              "Original Hash Buckets": 524288,
                              "Hash Batches": 1,
                              "Original Hash Batches": 1,
                              "Peak Memory Usage": 13408,
                              "Plans": [
                                {
                                  "Node Type": "Seq Scan",
                                  "Parent Relationship": "Outer",
                                  "Parallel Aware": true,
                                  "Relation Name": "title",
                                  "Alias": "t",
                                  "Startup Cost": 0.0,
                                  "Total Cost": 45479.1,
                                  "Plan Rows": 92503,
                                  "Plan Width": 4,
                                  "Actual Startup Time": 0.044,
                                  "Actual Total Time": 85.691,
                                  "Actual Rows": 39381,
                                  "Actual Loops": 6,
                                  "Filter": "((kind_id > 3) AND (production_year < 1984))",
                                  "Rows Removed by Filter": 382004
                                }
                              ]
                            }
                          ]
                        }
                      ]
                    }
                  ]
                }
              ]
            }
          ]
        }
      ]
    },
    "Planning Time": 1.376,
    "Triggers": [],
    "Execution Time": 1485.247
  }
]