{
  "Plan": {
    "Node Type": "Aggregate",
    "Strategy": "Plain",
    "Partial Mode": "Finalize",
    "Parallel Aware": false,
    "Startup Cost": 84946.67,
    "Total Cost": 84946.68,
    "Plan Rows": 1,
    "Plan Width": 8,
    "Actual Startup Time": 226.564,
    "Actual Total Time": 242.933,
    "Actual Rows": 1,
    "Actual Loops": 1,
    "Plans": [
      {
        "Node Type": "Gather",
        "Parent Relationship": "Outer",
        "Parallel Aware": false,
        "Startup Cost": 84946.56,
        "Total Cost": 84946.67,
        "Plan Rows": 1,
        "Plan Width": 8,
        "Actual Startup Time": 226.118,
        "Actual Total Time": 242.923,
        "Actual Rows": 2,
        "Actual Loops": 1,
        "Workers Planned": 1,
        "Workers Launched": 1,
        "Single Copy": false,
        "Plans": [
          {
            "Node Type": "Aggregate",
            "Strategy": "Plain",
            "Partial Mode": "Partial",
            "Parent Relationship": "Outer",
            "Parallel Aware": false,
            "Startup Cost": 83946.56,
            "Total Cost": 83946.57,
            "Plan Rows": 1,
            "Plan Width": 8,
            "Actual Startup Time": 219.95,
            "Actual Total Time": 219.956,
            "Actual Rows": 1,
            "Actual Loops": 2,
            "Plans": [
              {
                "Node Type": "Nested Loop",
                "Parent Relationship": "Outer",
                "Parallel Aware": false,
                "Join Type": "Inner",
                "Startup Cost": 60524.29,
                "Total Cost": 83943.62,
                "Plan Rows": 1176,
                "Plan Width": 0,
                "Actual Startup Time": 197.35,
                "Actual Total Time": 219.878,
                "Actual Rows": 1486,
                "Actual Loops": 2,
                "Inner Unique": false,
                "Join Filter": "(t.id = mk.movie_id)",
                "Rows Removed by Join Filter": 0,
                "Plans": [
                  {
                    "Node Type": "Hash Join",
                    "Parent Relationship": "Outer",
                    "Parallel Aware": true,
                    "Join Type": "Inner",
                    "Startup Cost": 60523.85,
                    "Total Cost": 81891.92,
                    "Plan Rows": 657,
                    "Plan Width": 8,
                    "Actual Startup Time": 197.227,
                    "Actual Total Time": 216.209,
                    "Actual Rows": 342,
                    "Actual Loops": 2,
                    "Inner Unique": true,
                    "Hash Cond": "(mc.movie_id = t.id)",
                    "Plans": [
                      {
                        "Node Type": "Bitmap Heap Scan",
                        "Parent Relationship": "Outer",
                        "Parallel Aware": true,
                        "Relation Name": "movie_companies",
                        "Alias": "mc",
                        "Startup Cost": 5783.03,
                        "Total Cost": 26940.71,
                        "Plan Rows": 80144,
                        "Plan Width": 4,
                        "Actual Startup Time": 45.023,
                        "Actual Total Time": 59.336,
                        "Actual Rows": 31242,
                        "Actual Loops": 2,
                        "Recheck Cond": "(company_id < 139)",
                        "Rows Removed by Index Recheck": 0,
                        "Filter": "(company_type_id > 1)",
                        "Rows Removed by Filter": 101924,
                        "Exact Heap Blocks": 10155,
                        "Lossy Heap Blocks": 0,
                        "Plans": [
                          {
                            "Node Type": "Bitmap Index Scan",
                            "Parent Relationship": "Outer",
                            "Parallel Aware": false,
                            "Index Name": "company_id_movie_companies",
                            "Startup Cost": 0.0,
                            "Total Cost": 5748.97,
                            "Plan Rows": 268338,
                            "Plan Width": 0,
                            "Actual Startup Time": 12.78,
                            "Actual Total Time": 12.781,
                            "Actual Rows": 266330,
                            "Actual Loops": 1,
                            "Index Cond": "(company_id < 139)"
                          }
                        ]
                      },
                      {
                        "Node Type": "Hash",
                        "Parent Relationship": "Inner",
                        "Parallel Aware": true,
                        "Startup Cost": 54588.39,
                        "Total Cost": 54588.39,
                        "Plan Rows": 12195,
                        "Plan Width": 4,
                        "Actual Startup Time": 150.818,
                        "Actual Total Time": 150.819,
                        "Actual Rows": 10656,
                        "Actual Loops": 2,
                        "Hash Buckets": 32768,
                        "Original Hash Buckets": 32768,
                        "Hash Batches": 1,
                        "Original Hash Batches": 1,
                        "Peak Memory Usage": 1120,
                        "Plans": [
                          {
                            "Node Type": "Seq Scan",
                            "Parent Relationship": "Outer",
                            "Parallel Aware": true,
                            "Relation Name": "title",
                            "Alias": "t",
                            "Startup Cost": 0.0,
                            "Total Cost": 54588.39,
                            "Plan Rows": 12195,
                            "Plan Width": 4,
                            "Actual Startup Time": 0.048,
                            "Actual Total Time": 145.959,
                            "Actual Rows": 10656,
                            "Actual Loops": 2,
                            "Filter": "(production_year = 1989)",
                            "Rows Removed by Filter": 1253500
                          }
                        ]
                      }
                    ]
                  },
                  {
                    "Node Type": "Index Only Scan",
                    "Parent Relationship": "Inner",
                    "Parallel Aware": false,
                    "Scan Direction": "Forward",
                    "Index Name": "movie_id_movie_keyword",
                    "Relation Name": "movie_keyword",
                    "Alias": "mk",
                    "Startup Cost": 0.43,
                    "Total Cost": 2.56,
                    "Plan Rows": 45,
                    "Plan Width": 4,
                    "Actual Startup Time": 0.009,
                    "Actual Total Time": 0.01,
                    "Actual Rows": 4,
                    "Actual Loops": 683,
                    "Index Cond": "(movie_id = mc.movie_id)",
                    "Rows Removed by Index Recheck": 0,
                    "Heap Fetches": 2973
                  }
                ]
              }
            ]
          }
        ]
      }
    ]
  },
  "Planning Time": 0.96,
  "Triggers": [],
  "Execution Time": 243.06
}