[
  {
    "Plan": {
      "Node Type": "Aggregate",
      "Strategy": "Plain",
      "Partial Mode": "Finalize",
      "Parallel Aware": false,
      "Startup Cost": 319015.14,
      "Total Cost": 319015.15,
      "Plan Rows": 1,
      "Plan Width": 8,
      "Actual Startup Time": 3213.336,
      "Actual Total Time": 3263.851,
      "Actual Rows": 1,
      "Actual Loops": 1,
      "Plans": [
        {
          "Node Type": "Gather",
          "Parent Relationship": "Outer",
          "Parallel Aware": false,
          "Startup Cost": 319014.61,
          "Total Cost": 319015.12,
          "Plan Rows": 5,
          "Plan Width": 8,
          "Actual Startup Time": 3189.782,
          "Actual Total Time": 3263.832,
          "Actual Rows": 6,
          "Actual Loops": 1,
          "Workers Planned": 5,
          "Workers Launched": 5,
          "Single Copy": false,
          "Plans": [
            {
              "Node Type": "Aggregate",
              "Strategy": "Plain",
              "Partial Mode": "Partial",
              "Parent Relationship": "Outer",
              "Parallel Aware": false,
              "Startup Cost": 318014.61,
              "Total Cost": 318014.62,
              "Plan Rows": 1,
              "Plan Width": 8,
              "Actual Startup Time": 3179.009,
              "Actual Total Time": 3179.974,
              "Actual Rows": 1,
              "Actual Loops": 6,
              "Plans": [
                {
                  "Node Type": "Hash Join",
                  "Parent Relationship": "Outer",
                  "Parallel Aware": true,
                  "Join Type": "Inner",
                  "Startup Cost": 104029.07,
                  "Total Cost": 314422.57,
                  "Plan Rows": 1436817,
                  "Plan Width": 0,
                  "Actual Startup Time": 697.883,
                  "Actual Total Time": 2469.874,
                  "Actual Rows": 14205286,
                  "Actual Loops": 6,
                  "Inner Unique": false,
                  "Hash Cond": "(mi.movie_id = t.id)",
                  "Plans": [
                    {
                      "Node Type": "Seq Scan",
                      "Parent Relationship": "Outer",
                      "Parallel Aware": true,
                      "Relation Name": "movie_info",
                      "Alias": "mi",
                      "Startup Cost": 0.0,
                      "Total Cost": 199108.24,
                      "Plan Rows": 1773429,
                      "Plan Width": 4,
                      "Actual Startup Time": 17.923,
                      "Actual Total Time": 354.401,
                      "Actual Rows": 1491793,
                      "Actual Loops": 6,
                      "Filter": "(info_type_id > 6)",
                      "Rows Removed by Filter": 980827
                    },
                    {
                      "Node Type": "Hash",
                      "Parent Relationship": "Inner",
                      "Parallel Aware": true,
                      "Startup Cost": 95768.96,
                      "Total Cost": 95768.96,
                      "Plan Rows": 660809,
                      "Plan Width": 8,
                      "Actual Startup Time": 675.023,
                      "Actual Total Time": 675.986,
                      "Actual Rows": 352655,
                      "Actual Loops": 6,
                      "Hash Buckets": 4194304,
                      "Original Hash Buckets": 2097152,
                      "Hash Batches": 1,
                      "Original Hash Batches": 1,
                      "Peak Memory Usage": 132032,
                      "Plans": [
                        {
                          "Node Type": "Hash Join",
                          "Parent Relationship": "Outer",
                          "Parallel Aware": true,
                          "Join Type": "Inner",
                          "Startup Cost": 51194.57,
                          "Total Cost": 95768.96,
                          "Plan Rows": 660809,
                          "Plan Width": 8,
                          "Actual Startup Time": 304.91,
                          "Actual Total Time": 489.452,
                          "Actual Rows": 352655,
                          "Actual Loops": 6,
                          "Inner Unique": true,
                          "Hash Cond": "(mk.movie_id = t.id)",
                          "Plans": [
                            {
                              "Node Type": "Seq Scan",
                              "Parent Relationship": "Outer",
                              "Parallel Aware": true,
                              "Relation Name": "movie_keyword",
                              "Alias": "mk",
                              "Startup Cost": 0.0,
                              "Total Cost": 42695.65,
                              "Plan Rows": 715708,
                              "Plan Width": 4,
                              "Actual Startup Time": 0.031,
                              "Actual Total Time": 91.104,
                              "Actual Rows": 372506,
                              "Actual Loops": 6,
                              "Filter": "(keyword_id < 4605)",
                              "Rows Removed by Filter": 381482
                            },
                            {
                              "Node Type": "Hash",
                              "Parent Relationship": "Inner",
                              "Parallel Aware": true,
                              "Startup Cost": 43899.32,
                              "Total Cost": 43899.32,
                              "Plan Rows": 583620,
                              "Plan Width": 4,
                              "Actual Startup Time": 300.235,
                              "Actual Total Time": 300.237,
                              "Actual Rows": 387649,
                              "Actual Loops": 6,
                              "Hash Buckets": 4194304,
                              "Original Hash Buckets": 4194304,
                              "Hash Batches": 1,
                              "Original Hash Batches": 1,
                              "Peak Memory Usage": 123872,
                              "Plans": [
                                {
                                  "Node Type": "Seq Scan",
                                  "Parent Relationship": "Outer",
                                  "Parallel Aware": true,
                                  "Relation Name": "title",
                                  "Alias": "t",
                                  "Startup Cost": 0.0,
                                  "Total Cost": 43899.32,
                                  "Plan Rows": 583620,
                                  "Plan Width": 4,
                                  "Actual Startup Time": 0.063,
                                  "Actual Total Time": 99.799,
                                  "Actual Rows": 387649,
                                  "Actual Loops": 6,
                                  "Filter": "(production_year > 1935)",
                                  "Rows Removed by Filter": 33736
                                }
                              ]
                            }
                          ]
                        }
                      ]
                    }
                  ]
                }
              ]
            }
          ]
        }
      ]
    },
    "Planning Time": 0.84,
    "Triggers": [],
    "Execution Time": 3263.917
  }
]