[
  {
    "Plan": {
      "Node Type": "Aggregate",
      "Strategy": "Plain",
      "Partial Mode": "Finalize",
      "Parallel Aware": false,
      "Startup Cost": 82126.09,
      "Total Cost": 82126.1,
      "Plan Rows": 1,
      "Plan Width": 8,
      "Actual Startup Time": 70.503,
      "Actual Total Time": 78.963,
      "Actual Rows": 1,
      "Actual Loops": 1,
      "Plans": [
        {
          "Node Type": "Gather",
          "Parent Relationship": "Outer",
          "Parallel Aware": false,
          "Startup Cost": 82125.67,
          "Total Cost": 82126.08,
          "Plan Rows": 4,
          "Plan Width": 8,
          "Actual Startup Time": 70.1,
          "Actual Total Time": 78.956,
          "Actual Rows": 5,
          "Actual Loops": 1,
          "Workers Planned": 4,
          "Workers Launched": 4,
          "Single Copy": false,
          "Plans": [
            {
              "Node Type": "Aggregate",
              "Strategy": "Plain",
              "Partial Mode": "Partial",
              "Parent Relationship": "Outer",
              "Parallel Aware": false,
              "Startup Cost": 81125.67,
              "Total Cost": 81125.68,
              "Plan Rows": 1,
              "Plan Width": 8,
              "Actual Startup Time": 61.071,
              "Actual Total Time": 61.072,
              "Actual Rows": 1,
              "Actual Loops": 5,
              "Plans": [
                {
                  "Node Type": "Nested Loop",
                  "Parent Relationship": "Outer",
                  "Parallel Aware": false,
                  "Join Type": "Inner",
                  "Startup Cost": 2181.8,
                  "Total Cost": 81114.91,
                  "Plan Rows": 4306,
                  "Plan Width": 0,
                  "Actual Startup Time": 15.406,
                  "Actual Total Time": 60.607,
                  "Actual Rows": 2820,
                  "Actual Loops": 5,
                  "Inner Unique": false,
                  "Plans": [
                    {
                      "Node Type": "Bitmap Heap Scan",
                      "Parent Relationship": "Outer",
                      "Parallel Aware": true,
                      "Relation Name": "title",
                      "Alias": "t",
                      "Startup Cost": 2181.24,
                      "Total Cost": 38637.49,
                      "Plan Rows": 300,
                      "Plan Width": 4,
                      "Actual Startup Time": 15.144,
                      "Actual Total Time": 37.295,
                      "Actual Rows": 277,
                      "Actual Loops": 5,
                      "Recheck Cond": "(kind_id = 4)",
                      "Rows Removed by Index Recheck": 0,
                      "Filter": "(production_year = 1991)",
                      "Rows Removed by Filter": 23369,
                      "Exact Heap Blocks": 7904,
                      "Lossy Heap Blocks": 0,
                      "Plans": [
                        {
                          "Node Type": "Bitmap Index Scan",
                          "Parent Relationship": "Outer",
                          "Parallel Aware": false,
                          "Index Name": "kind_id_title",
                          "Startup Cost": 0.0,
                          "Total Cost": 2180.94,
                          "Plan Rows": 122201,
                          "Plan Width": 0,
                          "Actual Startup Time": 18.254,
                          "Actual Total Time": 18.255,
                          "Actual Rows": 118234,
                          "Actual Loops": 1,
                          "Index Cond": "(kind_id = 4)"
                        }
                      ]
                    },
                    {
                      "Node Type": "Index Only Scan",
                      "Parent Relationship": "Inner",
                      "Parallel Aware": false,
                      "Scan Direction": "Forward",
                      "Index Name": "movie_id_cast_info",
                      "Relation Name": "cast_info",
                      "Alias": "ci",
                      "Startup Cost": 0.56,
                      "Total Cost": 141.22,
                      "Plan Rows": 37,
                      "Plan Width": 4,
                      "Actual Startup Time": 0.022,
                      "Actual Total Time": 0.082,
                      "Actual Rows": 10,
                      "Actual Loops": 1387,
                      "Index Cond": "(movie_id = t.id)",
                      "Rows Removed by Index Recheck": 0,
                      "Heap Fetches": 14098
                    }
                  ]
                }
              ]
            }
          ]
        }
      ]
    },
    "Planning Time": 0.589,
    "Triggers": [],
    "Execution Time": 79.099
  }
]