{
  "Plan": {
    "Node Type": "Aggregate",
    "Strategy": "Plain",
    "Partial Mode": "Finalize",
    "Parallel Aware": false,
    "Startup Cost": 102614.19,
    "Total Cost": 102614.2,
    "Plan Rows": 1,
    "Plan Width": 8,
    "Actual Startup Time": 488.887,
    "Actual Total Time": 505.811,
    "Actual Rows": 1,
    "Actual Loops": 1,
    "Plans": [
      {
        "Node Type": "Gather",
        "Parent Relationship": "Outer",
        "Parallel Aware": false,
        "Startup Cost": 102614.08,
        "Total Cost": 102614.19,
        "Plan Rows": 1,
        "Plan Width": 8,
        "Actual Startup Time": 487.073,
        "Actual Total Time": 505.803,
        "Actual Rows": 2,
        "Actual Loops": 1,
        "Workers Planned": 1,
        "Workers Launched": 1,
        "Single Copy": false,
        "Plans": [
          {
            "Node Type": "Aggregate",
            "Strategy": "Plain",
            "Partial Mode": "Partial",
            "Parent Relationship": "Outer",
            "Parallel Aware": false,
            "Startup Cost": 101614.08,
            "Total Cost": 101614.09,
            "Plan Rows": 1,
            "Plan Width": 8,
            "Actual Startup Time": 481.175,
            "Actual Total Time": 481.179,
            "Actual Rows": 1,
            "Actual Loops": 2,
            "Plans": [
              {
                "Node Type": "Hash Join",
                "Parent Relationship": "Outer",
                "Parallel Aware": true,
                "Join Type": "Inner",
                "Startup Cost": 72442.2,
                "Total Cost": 101326.9,
                "Plan Rows": 114871,
                "Plan Width": 0,
                "Actual Startup Time": 335.482,
                "Actual Total Time": 472.52,
                "Actual Rows": 213044,
                "Actual Loops": 2,
                "Inner Unique": true,
                "Hash Cond": "(mk.movie_id = t.id)",
                "Plans": [
                  {
                    "Node Type": "Bitmap Heap Scan",
                    "Parent Relationship": "Outer",
                    "Parallel Aware": true,
                    "Relation Name": "movie_keyword",
                    "Alias": "mk",
                    "Startup Cost": 10563.9,
                    "Total Cost": 38679.64,
                    "Plan Rows": 292939,
                    "Plan Width": 4,
                    "Actual Startup Time": 30.743,
                    "Actual Total Time": 106.867,
                    "Actual Rows": 242548,
                    "Actual Loops": 2,
                    "Recheck Cond": "(keyword_id > 36987)",
                    "Rows Removed by Index Recheck": 0,
                    "Exact Heap Blocks": 13651,
                    "Lossy Heap Blocks": 0,
                    "Plans": [
                      {
                        "Node Type": "Bitmap Index Scan",
                        "Parent Relationship": "Outer",
                        "Parallel Aware": false,
                        "Index Name": "keyword_id_movie_keyword",
                        "Startup Cost": 0.0,
                        "Total Cost": 10439.4,
                        "Plan Rows": 497996,
                        "Plan Width": 0,
                        "Actual Startup Time": 27.309,
                        "Actual Total Time": 27.309,
                        "Actual Rows": 485097,
                        "Actual Loops": 1,
                        "Index Cond": "(keyword_id > 36987)"
                      }
                    ]
                  },
                  {
                    "Node Type": "Hash",
                    "Parent Relationship": "Inner",
                    "Parallel Aware": true,
                    "Startup Cost": 54588.39,
                    "Total Cost": 54588.39,
                    "Plan Rows": 583193,
                    "Plan Width": 4,
                    "Actual Startup Time": 295.828,
                    "Actual Total Time": 295.829,
                    "Actual Rows": 492524,
                    "Actual Loops": 2,
                    "Hash Buckets": 1048576,
                    "Original Hash Buckets": 1048576,
                    "Hash Batches": 1,
                    "Original Hash Batches": 1,
                    "Peak Memory Usage": 46752,
                    "Plans": [
                      {
                        "Node Type": "Seq Scan",
                        "Parent Relationship": "Outer",
                        "Parallel Aware": true,
                        "Relation Name": "title",
                        "Alias": "t",
                        "Startup Cost": 0.0,
                        "Total Cost": 54588.39,
                        "Plan Rows": 583193,
                        "Plan Width": 4,
                        "Actual Startup Time": 0.052,
                        "Actual Total Time": 159.541,
                        "Actual Rows": 492524,
                        "Actual Loops": 2,
                        "Filter": "(kind_id < 7)",
                        "Rows Removed by Filter": 771632
                      }
                    ]
                  }
                ]
              }
            ]
          }
        ]
      }
    ]
  },
  "Planning Time": 0.578,
  "Triggers": [],
  "Execution Time": 505.899
}