[
  {
    "Plan": {
      "Node Type": "Aggregate",
      "Strategy": "Plain",
      "Partial Mode": "Finalize",
      "Parallel Aware": false,
      "Startup Cost": 51760.81,
      "Total Cost": 51760.82,
      "Plan Rows": 1,
      "Plan Width": 8,
      "Actual Startup Time": 102.475,
      "Actual Total Time": 116.243,
      "Actual Rows": 1,
      "Actual Loops": 1,
      "Plans": [
        {
          "Node Type": "Gather",
          "Parent Relationship": "Outer",
          "Parallel Aware": false,
          "Startup Cost": 51760.39,
          "Total Cost": 51760.8,
          "Plan Rows": 4,
          "Plan Width": 8,
          "Actual Startup Time": 102.357,
          "Actual Total Time": 116.236,
          "Actual Rows": 5,
          "Actual Loops": 1,
          "Workers Planned": 4,
          "Workers Launched": 4,
          "Single Copy": false,
          "Plans": [
            {
              "Node Type": "Aggregate",
              "Strategy": "Plain",
              "Partial Mode": "Partial",
              "Parent Relationship": "Outer",
              "Parallel Aware": false,
              "Startup Cost": 50760.39,
              "Total Cost": 50760.4,
              "Plan Rows": 1,
              "Plan Width": 8,
              "Actual Startup Time": 92.306,
              "Actual Total Time": 92.307,
              "Actual Rows": 1,
              "Actual Loops": 5,
              "Plans": [
                {
                  "Node Type": "Nested Loop",
                  "Parent Relationship": "Outer",
                  "Parallel Aware": false,
                  "Join Type": "Inner",
                  "Startup Cost": 0.43,
                  "Total Cost": 50759.38,
                  "Plan Rows": 405,
                  "Plan Width": 0,
                  "Actual Startup Time": 7.617,
                  "Actual Total Time": 92.226,
                  "Actual Rows": 852,
                  "Actual Loops": 5,
                  "Inner Unique": false,
                  "Plans": [
                    {
                      "Node Type": "Seq Scan",
                      "Parent Relationship": "Outer",
                      "Parallel Aware": true,
                      "Relation Name": "title",
                      "Alias": "t",
                      "Startup Cost": 0.0,
                      "Total Cost": 45479.1,
                      "Plan Rows": 742,
                      "Plan Width": 4,
                      "Actual Startup Time": 3.029,
                      "Actual Total Time": 84.373,
                      "Actual Rows": 729,
                      "Actual Loops": 5,
                      "Filter": "((kind_id < 6) AND (production_year = 1957))",
                      "Rows Removed by Filter": 504933
                    },
                    {
                      "Node Type": "Index Only Scan",
                      "Parent Relationship": "Inner",
                      "Parallel Aware": false,
                      "Scan Direction": "Forward",
                      "Index Name": "movie_id_movie_info_idx",
                      "Relation Name": "movie_info_idx",
                      "Alias": "mi_idx",
                      "Startup Cost": 0.43,
                      "Total Cost": 7.09,
                      "Plan Rows": 3,
                      "Plan Width": 4,
                      "Actual Startup Time": 0.01,
                      "Actual Total Time": 0.01,
                      "Actual Rows": 1,
                      "Actual Loops": 3646,
                      "Index Cond": "(movie_id = t.id)",
                      "Rows Removed by Index Recheck": 0,
                      "Heap Fetches": 4260
                    }
                  ]
                }
              ]
            }
          ]
        }
      ]
    },
    "Planning Time": 0.6,
    "Triggers": [],
    "Execution Time": 116.314
  }
]