[
  {
    "Plan": {
      "Node Type": "Aggregate",
      "Strategy": "Plain",
      "Partial Mode": "Finalize",
      "Parallel Aware": false,
      "Startup Cost": 344196.1,
      "Total Cost": 344196.11,
      "Plan Rows": 1,
      "Plan Width": 8,
      "Actual Startup Time": 924.351,
      "Actual Total Time": 988.746,
      "Actual Rows": 1,
      "Actual Loops": 1,
      "Plans": [
        {
          "Node Type": "Gather",
          "Parent Relationship": "Outer",
          "Parallel Aware": false,
          "Startup Cost": 344195.48,
          "Total Cost": 344196.09,
          "Plan Rows": 6,
          "Plan Width": 8,
          "Actual Startup Time": 924.096,
          "Actual Total Time": 988.734,
          "Actual Rows": 7,
          "Actual Loops": 1,
          "Workers Planned": 6,
          "Workers Launched": 6,
          "Single Copy": false,
          "Plans": [
            {
              "Node Type": "Aggregate",
              "Strategy": "Plain",
              "Partial Mode": "Partial",
              "Parent Relationship": "Outer",
              "Parallel Aware": false,
              "Startup Cost": 343195.48,
              "Total Cost": 343195.49,
              "Plan Rows": 1,
              "Plan Width": 8,
              "Actual Startup Time": 913.769,
              "Actual Total Time": 913.77,
              "Actual Rows": 1,
              "Actual Loops": 7,
              "Plans": [
                {
                  "Node Type": "Seq Scan",
                  "Parent Relationship": "Outer",
                  "Parallel Aware": true,
                  "Relation Name": "cast_info",
                  "Alias": "ci",
                  "Startup Cost": 0.0,
                  "Total Cost": 328162.03,
                  "Plan Rows": 6013380,
                  "Plan Width": 0,
                  "Actual Startup Time": 0.052,
                  "Actual Total Time": 681.573,
                  "Actual Rows": 5154021,
                  "Actual Loops": 7,
                  "Filter": "(person_id < 4035384)",
                  "Rows Removed by Filter": 23742
                }
              ]
            }
          ]
        }
      ]
    },
    "Planning Time": 0.281,
    "Triggers": [],
    "Execution Time": 988.815
  }
]