[
  {
    "Plan": {
      "Node Type": "Aggregate",
      "Strategy": "Plain",
      "Partial Mode": "Simple",
      "Parallel Aware": false,
      "Startup Cost": 162113.63,
      "Total Cost": 162113.64,
      "Plan Rows": 1,
      "Plan Width": 8,
      "Actual Startup Time": 33.931,
      "Actual Total Time": 33.932,
      "Actual Rows": 1,
      "Actual Loops": 1,
      "Plans": [
        {
          "Node Type": "Index Scan",
          "Parent Relationship": "Outer",
          "Parallel Aware": false,
          "Scan Direction": "Forward",
          "Index Name": "person_id_cast_info",
          "Relation Name": "cast_info",
          "Alias": "ci",
          "Startup Cost": 0.56,
          "Total Cost": 162055.04,
          "Plan Rows": 23436,
          "Plan Width": 0,
          "Actual Startup Time": 0.126,
          "Actual Total Time": 32.625,
          "Actual Rows": 11780,
          "Actual Loops": 1,
          "Index Cond": "(person_id < 10826)",
          "Rows Removed by Index Recheck": 0,
          "Filter": "(role_id > 4)",
          "Rows Removed by Filter": 80474
        }
      ]
    },
    "Planning Time": 0.342,
    "Triggers": [],
    "Execution Time": 33.98
  }
]