[
  {
    "Plan": {
      "Node Type": "Aggregate",
      "Strategy": "Plain",
      "Partial Mode": "Finalize",
      "Parallel Aware": false,
      "Startup Cost": 332670.54,
      "Total Cost": 332670.55,
      "Plan Rows": 1,
      "Plan Width": 8,
      "Actual Startup Time": 711.391,
      "Actual Total Time": 777.249,
      "Actual Rows": 1,
      "Actual Loops": 1,
      "Plans": [
        {
          "Node Type": "Gather",
          "Parent Relationship": "Outer",
          "Parallel Aware": false,
          "Startup Cost": 332669.92,
          "Total Cost": 332670.53,
          "Plan Rows": 6,
          "Plan Width": 8,
          "Actual Startup Time": 711.273,
          "Actual Total Time": 777.227,
          "Actual Rows": 7,
          "Actual Loops": 1,
          "Workers Planned": 6,
          "Workers Launched": 6,
          "Single Copy": false,
          "Plans": [
            {
              "Node Type": "Aggregate",
              "Strategy": "Plain",
              "Partial Mode": "Partial",
              "Parent Relationship": "Outer",
              "Parallel Aware": false,
              "Startup Cost": 331669.92,
              "Total Cost": 331669.93,
              "Plan Rows": 1,
              "Plan Width": 8,
              "Actual Startup Time": 702.49,
              "Actual Total Time": 702.491,
              "Actual Rows": 1,
              "Actual Loops": 7,
              "Plans": [
                {
                  "Node Type": "Seq Scan",
                  "Parent Relationship": "Outer",
                  "Parallel Aware": true,
                  "Relation Name": "cast_info",
                  "Alias": "ci",
                  "Startup Cost": 0.0,
                  "Total Cost": 328162.03,
                  "Plan Rows": 1403156,
                  "Plan Width": 0,
                  "Actual Startup Time": 363.115,
                  "Actual Total Time": 640.345,
                  "Actual Rows": 1188948,
                  "Actual Loops": 7,
                  "Filter": "(person_id > 2850679)",
                  "Rows Removed by Filter": 3988815
                }
              ]
            }
          ]
        }
      ]
    },
    "Planning Time": 0.2,
    "Triggers": [],
    "Execution Time": 777.325
  }
]