[
  {
    "Plan": {
      "Node Type": "Aggregate",
      "Strategy": "Plain",
      "Partial Mode": "Finalize",
      "Parallel Aware": false,
      "Startup Cost": 239031.16,
      "Total Cost": 239031.17,
      "Plan Rows": 1,
      "Plan Width": 8,
      "Actual Startup Time": 722.758,
      "Actual Total Time": 765.938,
      "Actual Rows": 1,
      "Actual Loops": 1,
      "Plans": [
        {
          "Node Type": "Gather",
          "Parent Relationship": "Outer",
          "Parallel Aware": false,
          "Startup Cost": 239030.64,
          "Total Cost": 239031.15,
          "Plan Rows": 5,
          "Plan Width": 8,
          "Actual Startup Time": 721.623,
          "Actual Total Time": 765.925,
          "Actual Rows": 6,
          "Actual Loops": 1,
          "Workers Planned": 5,
          "Workers Launched": 5,
          "Single Copy": false,
          "Plans": [
            {
              "Node Type": "Aggregate",
              "Strategy": "Plain",
              "Partial Mode": "Partial",
              "Parent Relationship": "Outer",
              "Parallel Aware": false,
              "Startup Cost": 238030.64,
              "Total Cost": 238030.65,
              "Plan Rows": 1,
              "Plan Width": 8,
              "Actual Startup Time": 712.308,
              "Actual Total Time": 712.312,
              "Actual Rows": 1,
              "Actual Loops": 6,
              "Plans": [
                {
                  "Node Type": "Hash Join",
                  "Parent Relationship": "Outer",
                  "Parallel Aware": true,
                  "Join Type": "Inner",
                  "Startup Cost": 38335.67,
                  "Total Cost": 237815.08,
                  "Plan Rows": 86223,
                  "Plan Width": 0,
                  "Actual Startup Time": 47.235,
                  "Actual Total Time": 705.855,
                  "Actual Rows": 103044,
                  "Actual Loops": 6,
                  "Inner Unique": true,
                  "Hash Cond": "(mi.movie_id = t.id)",
                  "Plans": [
                    {
                      "Node Type": "Seq Scan",
                      "Parent Relationship": "Outer",
                      "Parallel Aware": true,
                      "Relation Name": "movie_info",
                      "Alias": "mi",
                      "Startup Cost": 0.0,
                      "Total Cost": 191685.19,
                      "Plan Rows": 2969219,
                      "Plan Width": 4,
                      "Actual Startup Time": 0.029,
                      "Actual Total Time": 343.85,
                      "Actual Rows": 2472620,
                      "Actual Loops": 6
                    },
                    {
                      "Node Type": "Hash",
                      "Parent Relationship": "Inner",
                      "Parallel Aware": true,
                      "Startup Cost": 38106.22,
                      "Total Cost": 38106.22,
                      "Plan Rows": 18356,
                      "Plan Width": 4,
                      "Actual Startup Time": 36.324,
                      "Actual Total Time": 36.326,
                      "Actual Rows": 12376,
                      "Actual Loops": 6,
                      "Hash Buckets": 131072,
                      "Original Hash Buckets": 131072,
                      "Hash Batches": 1,
                      "Original Hash Batches": 1,
                      "Peak Memory Usage": 4032,
                      "Plans": [
                        {
                          "Node Type": "Bitmap Heap Scan",
                          "Parent Relationship": "Outer",
                          "Parallel Aware": true,
                          "Relation Name": "title",
                          "Alias": "t",
                          "Startup Cost": 1745.08,
                          "Total Cost": 38106.22,
                          "Plan Rows": 18356,
                          "Plan Width": 4,
                          "Actual Startup Time": 2.02,
                          "Actual Total Time": 31.155,
                          "Actual Rows": 12376,
                          "Actual Loops": 6,
                          "Recheck Cond": "(kind_id = 3)",
                          "Rows Removed by Index Recheck": 0,
                          "Filter": "(production_year > 1982)",
                          "Rows Removed by Filter": 4380,
                          "Exact Heap Blocks": 5827,
                          "Lossy Heap Blocks": 0,
                          "Plans": [
                            {
                              "Node Type": "Bitmap Index Scan",
                              "Parent Relationship": "Outer",
                              "Parallel Aware": false,
                              "Index Name": "kind_id_title",
                              "Startup Cost": 0.0,
                              "Total Cost": 1726.72,
                              "Plan Rows": 96839,
                              "Plan Width": 0,
                              "Actual Startup Time": 5.957,
                              "Actual Total Time": 5.958,
                              "Actual Rows": 100537,
                              "Actual Loops": 1,
                              "Index Cond": "(kind_id = 3)"
                            }
                          ]
                        }
                      ]
                    }
                  ]
                }
              ]
            }
          ]
        }
      ]
    },
    "Planning Time": 0.27,
    "Triggers": [],
    "Execution Time": 765.997
  }
]