[
  {
    "Plan": {
      "Node Type": "Aggregate",
      "Strategy": "Plain",
      "Partial Mode": "Finalize",
      "Parallel Aware": false,
      "Startup Cost": 151073.35,
      "Total Cost": 151073.36,
      "Plan Rows": 1,
      "Plan Width": 8,
      "Actual Startup Time": 1587.354,
      "Actual Total Time": 1640.647,
      "Actual Rows": 1,
      "Actual Loops": 1,
      "Plans": [
        {
          "Node Type": "Gather",
          "Parent Relationship": "Outer",
          "Parallel Aware": false,
          "Startup Cost": 151072.93,
          "Total Cost": 151073.34,
          "Plan Rows": 4,
          "Plan Width": 8,
          "Actual Startup Time": 1576.329,
          "Actual Total Time": 1640.636,
          "Actual Rows": 5,
          "Actual Loops": 1,
          "Workers Planned": 4,
          "Workers Launched": 4,
          "Single Copy": false,
          "Plans": [
            {
              "Node Type": "Aggregate",
              "Strategy": "Plain",
              "Partial Mode": "Partial",
              "Parent Relationship": "Outer",
              "Parallel Aware": false,
              "Startup Cost": 150072.93,
              "Total Cost": 150072.94,
              "Plan Rows": 1,
              "Plan Width": 8,
              "Actual Startup Time": 1567.209,
              "Actual Total Time": 1567.212,
              "Actual Rows": 1,
              "Actual Loops": 5,
              "Plans": [
                {
                  "Node Type": "Nested Loop",
                  "Parent Relationship": "Outer",
                  "Parallel Aware": false,
                  "Join Type": "Inner",
                  "Startup Cost": 50355.42,
                  "Total Cost": 149534.08,
                  "Plan Rows": 215539,
                  "Plan Width": 0,
                  "Actual Startup Time": 272.152,
                  "Actual Total Time": 1523.738,
                  "Actual Rows": 860979,
                  "Actual Loops": 5,
                  "Inner Unique": false,
                  "Plans": [
                    {
                      "Node Type": "Hash Join",
                      "Parent Relationship": "Outer",
                      "Parallel Aware": true,
                      "Join Type": "Inner",
                      "Startup Cost": 50354.99,
                      "Total Cost": 76810.31,
                      "Plan Rows": 36708,
                      "Plan Width": 8,
                      "Actual Startup Time": 272.032,
                      "Actual Total Time": 405.136,
                      "Actual Rows": 88364,
                      "Actual Loops": 5,
                      "Inner Unique": true,
                      "Hash Cond": "(ci.movie_id = t.id)",
                      "Plans": [
                        {
                          "Node Type": "Index Scan",
                          "Parent Relationship": "Outer",
                          "Parallel Aware": true,
                          "Scan Direction": "Forward",
                          "Index Name": "role_id_cast_info",
                          "Relation Name": "cast_info",
                          "Alias": "ci",
                          "Startup Cost": 0.56,
                          "Total Cost": 26337.94,
                          "Plan Rows": 44932,
                          "Plan Width": 4,
                          "Actual Startup Time": 0.102,
                          "Actual Total Time": 46.541,
                          "Actual Rows": 107819,
                          "Actual Loops": 5,
                          "Index Cond": "(role_id = 5)",
                          "Rows Removed by Index Recheck": 0,
                          "Filter": "(person_id > 2980471)",
                          "Rows Removed by Filter": 71858
                        },
                        {
                          "Node Type": "Hash",
                          "Parent Relationship": "Inner",
                          "Parallel Aware": true,
                          "Startup Cost": 43899.32,
                          "Total Cost": 43899.32,
                          "Plan Rows": 516408,
                          "Plan Width": 4,
                          "Actual Startup Time": 267.081,
                          "Actual Total Time": 267.082,
                          "Actual Rows": 412910,
                          "Actual Loops": 5,
                          "Hash Buckets": 2097152,
                          "Original Hash Buckets": 2097152,
                          "Hash Batches": 1,
                          "Original Hash Batches": 1,
                          "Peak Memory Usage": 97248,
                          "Plans": [
                            {
                              "Node Type": "Seq Scan",
                              "Parent Relationship": "Outer",
                              "Parallel Aware": true,
                              "Relation Name": "title",
                              "Alias": "t",
                              "Startup Cost": 0.0,
                              "Total Cost": 43899.32,
                              "Plan Rows": 516408,
                              "Plan Width": 4,
                              "Actual Startup Time": 0.04,
                              "Actual Total Time": 104.078,
                              "Actual Rows": 412910,
                              "Actual Loops": 5,
                              "Filter": "(production_year < 2011)",
                              "Rows Removed by Filter": 92752
                            }
                          ]
                        }
                      ]
                    },
                    {
                      "Node Type": "Index Only Scan",
                      "Parent Relationship": "Inner",
                      "Parallel Aware": false,
                      "Scan Direction": "Forward",
                      "Index Name": "movie_id_movie_info",
                      "Relation Name": "movie_info",
                      "Alias": "mi",
                      "Startup Cost": 0.43,
                      "Total Cost": 1.57,
                      "Plan Rows": 41,
                      "Plan Width": 4,
                      "Actual Startup Time": 0.005,
                      "Actual Total Time": 0.012,
                      "Actual Rows": 10,
                      "Actual Loops": 441821,
                      "Index Cond": "(movie_id = t.id)",
                      "Rows Removed by Index Recheck": 0,
                      "Heap Fetches": 4304895
                    }
                  ]
                }
              ]
            }
          ]
        }
      ]
    },
    "Planning Time": 0.894,
    "Triggers": [],
    "Execution Time": 1640.728
  }
]