[
  {
    "Plan": {
      "Node Type": "Aggregate",
      "Strategy": "Plain",
      "Partial Mode": "Finalize",
      "Parallel Aware": false,
      "Startup Cost": 77207.51,
      "Total Cost": 77207.52,
      "Plan Rows": 1,
      "Plan Width": 8,
      "Actual Startup Time": 321.494,
      "Actual Total Time": 338.745,
      "Actual Rows": 1,
      "Actual Loops": 1,
      "Plans": [
        {
          "Node Type": "Gather",
          "Parent Relationship": "Outer",
          "Parallel Aware": false,
          "Startup Cost": 77207.19,
          "Total Cost": 77207.5,
          "Plan Rows": 3,
          "Plan Width": 8,
          "Actual Startup Time": 320.187,
          "Actual Total Time": 338.729,
          "Actual Rows": 4,
          "Actual Loops": 1,
          "Workers Planned": 3,
          "Workers Launched": 3,
          "Single Copy": false,
          "Plans": [
            {
              "Node Type": "Aggregate",
              "Strategy": "Plain",
              "Partial Mode": "Partial",
              "Parent Relationship": "Outer",
              "Parallel Aware": false,
              "Startup Cost": 76207.19,
              "Total Cost": 76207.2,
              "Plan Rows": 1,
              "Plan Width": 8,
              "Actual Startup Time": 313.349,
              "Actual Total Time": 313.353,
              "Actual Rows": 1,
              "Actual Loops": 4,
              "Plans": [
                {
                  "Node Type": "Hash Join",
                  "Parent Relationship": "Outer",
                  "Parallel Aware": true,
                  "Join Type": "Inner",
                  "Startup Cost": 46515.45,
                  "Total Cost": 75931.34,
                  "Plan Rows": 110341,
                  "Plan Width": 0,
                  "Actual Startup Time": 134.831,
                  "Actual Total Time": 307.158,
                  "Actual Rows": 116780,
                  "Actual Loops": 4,
                  "Inner Unique": true,
                  "Hash Cond": "(mc.movie_id = t.id)",
                  "Plans": [
                    {
                      "Node Type": "Seq Scan",
                      "Parent Relationship": "Outer",
                      "Parallel Aware": true,
                      "Relation Name": "movie_companies",
                      "Alias": "mc",
                      "Startup Cost": 0.0,
                      "Total Cost": 27206.55,
                      "Plan Rows": 841655,
                      "Plan Width": 4,
                      "Actual Startup Time": 0.01,
                      "Actual Total Time": 65.132,
                      "Actual Rows": 652282,
                      "Actual Loops": 4
                    },
                    {
                      "Node Type": "Hash",
                      "Parent Relationship": "Inner",
                      "Parallel Aware": true,
                      "Startup Cost": 45479.59,
                      "Total Cost": 45479.59,
                      "Plan Rows": 82869,
                      "Plan Width": 4,
                      "Actual Startup Time": 131.348,
                      "Actual Total Time": 131.349,
                      "Actual Rows": 67321,
                      "Actual Loops": 4,
                      "Hash Buckets": 524288,
                      "Original Hash Buckets": 524288,
                      "Hash Batches": 1,
                      "Original Hash Batches": 1,
                      "Peak Memory Usage": 14688,
                      "Plans": [
                        {
                          "Node Type": "Seq Scan",
                          "Parent Relationship": "Outer",
                          "Parallel Aware": true,
                          "Relation Name": "title",
                          "Alias": "t",
                          "Startup Cost": 0.0,
                          "Total Cost": 45479.59,
                          "Plan Rows": 82869,
                          "Plan Width": 4,
                          "Actual Startup Time": 0.046,
                          "Actual Total Time": 103.083,
                          "Actual Rows": 67321,
                          "Actual Loops": 4,
                          "Filter": "((kind_id < 3) AND (production_year > 2004))",
                          "Rows Removed by Filter": 564757
                        }
                      ]
                    }
                  ]
                }
              ]
            }
          ]
        }
      ]
    },
    "Planning Time": 0.71,
    "Triggers": [],
    "Execution Time": 338.816
  }
]