[
  {
    "Plan": {
      "Node Type": "Aggregate",
      "Strategy": "Plain",
      "Partial Mode": "Simple",
      "Parallel Aware": false,
      "Startup Cost": 20374.32,
      "Total Cost": 20374.33,
      "Plan Rows": 1,
      "Plan Width": 8,
      "Actual Startup Time": 11.616,
      "Actual Total Time": 11.617,
      "Actual Rows": 1,
      "Actual Loops": 1,
      "Plans": [
        {
          "Node Type": "Bitmap Heap Scan",
          "Parent Relationship": "Outer",
          "Parallel Aware": false,
          "Relation Name": "movie_companies",
          "Alias": "mc",
          "Startup Cost": 764.65,
          "Total Cost": 20286.51,
          "Plan Rows": 35125,
          "Plan Width": 0,
          "Actual Startup Time": 1.576,
          "Actual Total Time": 9.259,
          "Actual Rows": 34680,
          "Actual Loops": 1,
          "Recheck Cond": "(company_id > 203795)",
          "Rows Removed by Index Recheck": 0,
          "Exact Heap Blocks": 1379,
          "Lossy Heap Blocks": 0,
          "Plans": [
            {
              "Node Type": "Bitmap Index Scan",
              "Parent Relationship": "Outer",
              "Parallel Aware": false,
              "Index Name": "company_id_movie_companies",
              "Startup Cost": 0.0,
              "Total Cost": 755.87,
              "Plan Rows": 35125,
              "Plan Width": 0,
              "Actual Startup Time": 1.403,
              "Actual Total Time": 1.403,
              "Actual Rows": 34680,
              "Actual Loops": 1,
              "Index Cond": "(company_id > 203795)"
            }
          ]
        }
      ]
    },
    "Planning Time": 0.111,
    "Triggers": [],
    "Execution Time": 11.644
  }
]