{
    "Plan": {
        "Node Type": "Aggregate",
        "Strategy": "Plain",
        "Partial Mode": "Simple",
        "Parallel Aware": false,
        "Startup Cost": 90001383574.54,
        "Total Cost": 90001383574.55,
        "Plan Rows": 1,
        "Plan Width": 96,
        "Actual Startup Time": 3701.841,
        "Actual Total Time": 3701.997,
        "Actual Rows": 1,
        "Actual Loops": 1,
        "Output": [
            "min(chn.name)",
            "min(n.name)",
            "min(t.title)"
        ],
        "Plans": [
            {
                "Node Type": "Nested Loop",
                "Parent Relationship": "Outer",
                "Parallel Aware": false,
                "Join Type": "Inner",
                "Startup Cost": 90001190856.58,
                "Total Cost": 90001383574.53,
                "Plan Rows": 1,
                "Plan Width": 48,
                "Actual Startup Time": 3590.279,
                "Actual Total Time": 3701.97,
                "Actual Rows": 30,
                "Actual Loops": 1,
                "Output": [
                    "chn.name",
                    "n.name",
                    "t.title"
                ],
                "Inner Unique": true,
                "Plans": [
                    {
                        "Node Type": "Nested Loop",
                        "Parent Relationship": "Outer",
                        "Parallel Aware": false,
                        "Join Type": "Inner",
                        "Startup Cost": 80001190856.44,
                        "Total Cost": 80001383566.36,
                        "Plan Rows": 1,
                        "Plan Width": 52,
                        "Actual Startup Time": 3590.267,
                        "Actual Total Time": 3701.822,
                        "Actual Rows": 30,
                        "Actual Loops": 1,
                        "Output": [
                            "ci.role_id",
                            "chn.name",
                            "n.name",
                            "t.title"
                        ],
                        "Inner Unique": true,
                        "Join Filter": "(ci.person_id = n.id)",
                        "Rows Removed by Join Filter": 0,
                        "Plans": [
                            {
                                "Node Type": "Nested Loop",
                                "Parent Relationship": "Outer",
                                "Parallel Aware": false,
                                "Join Type": "Inner",
                                "Startup Cost": 70001190855.93,
                                "Total Cost": 70001383561.82,
                                "Plan Rows": 1,
                                "Plan Width": 45,
                                "Actual Startup Time": 3586.729,
                                "Actual Total Time": 3699.472,
                                "Actual Rows": 378,
                                "Actual Loops": 1,
                                "Output": [
                                    "an.person_id",
                                    "ci.person_id",
                                    "ci.role_id",
                                    "chn.name",
                                    "t.title"
                                ],
                                "Inner Unique": true,
                                "Plans": [
                                    {
                                        "Node Type": "Nested Loop",
                                        "Parent Relationship": "Outer",
                                        "Parallel Aware": false,
                                        "Join Type": "Inner",
                                        "Startup Cost": 60001190855.5,
                                        "Total Cost": 60001383555.77,
                                        "Plan Rows": 1,
                                        "Plan Width": 49,
                                        "Actual Startup Time": 3585.857,
                                        "Actual Total Time": 3624.383,
                                        "Actual Rows": 15035,
                                        "Actual Loops": 1,
                                        "Output": [
                                            "an.person_id",
                                            "ci.person_id",
                                            "ci.role_id",
                                            "chn.name",
                                            "mk.keyword_id",
                                            "t.title"
                                        ],
                                        "Inner Unique": false,
                                        "Plans": [
                                            {
                                                "Node Type": "Merge Join",
                                                "Parent Relationship": "Outer",
                                                "Parallel Aware": false,
                                                "Join Type": "Inner",
                                                "Startup Cost": 50001190855.05,
                                                "Total Cost": 50001383551.27,
                                                "Plan Rows": 1,
                                                "Plan Width": 45,
                                                "Actual Startup Time": 3585.813,
                                                "Actual Total Time": 3590.325,
                                                "Actual Rows": 5558,
                                                "Actual Loops": 1,
                                                "Output": [
                                                    "chn.name",
                                                    "ci.person_id",
                                                    "ci.role_id",
                                                    "mk.keyword_id",
                                                    "t.title"
                                                ],
                                                "Inner Unique": false,
                                                "Merge Cond": "(t.id = mk.movie_id)",
                                                "Plans": [
                                                    {
                                                        "Node Type": "Nested Loop",
                                                        "Parent Relationship": "Outer",
                                                        "Parallel Aware": false,
                                                        "Join Type": "Inner",
                                                        "Startup Cost": 50001190854.62,
                                                        "Total Cost": 50001195063.97,
                                                        "Plan Rows": 1,
                                                        "Plan Width": 57,
                                                        "Actual Startup Time": 3113.518,
                                                        "Actual Total Time": 3115.163,
                                                        "Actual Rows": 144,
                                                        "Actual Loops": 1,
                                                        "Output": [
                                                            "chn.name",
                                                            "ci.movie_id",
                                                            "ci.person_id",
                                                            "ci.role_id",
                                                            "mc.movie_id",
                                                            "mi.movie_id",
                                                            "t.title",
                                                            "t.id"
                                                        ],
                                                        "Inner Unique": true,
                                                        "Plans": [
                                                            {
                                                                "Node Type": "Merge Join",
                                                                "Parent Relationship": "Outer",
                                                                "Parallel Aware": false,
                                                                "Join Type": "Inner",
                                                                "Startup Cost": 40001190854.12,
                                                                "Total Cost": 40001195059.46,
                                                                "Plan Rows": 1,
                                                                "Plan Width": 45,
                                                                "Actual Startup Time": 3113.446,
                                                                "Actual Total Time": 3113.718,
                                                                "Actual Rows": 147,
                                                                "Actual Loops": 1,
                                                                "Output": [
                                                                    "ci.movie_id",
                                                                    "ci.person_id",
                                                                    "ci.role_id",
                                                                    "ci.person_role_id",
                                                                    "mc.movie_id",
                                                                    "mi.movie_id",
                                                                    "t.title",
                                                                    "t.id"
                                                                ],
                                                                "Inner Unique": false,
                                                                "Merge Cond": "(t.id = ci.movie_id)",
                                                                "Plans": [
                                                                    {
                                                                        "Node Type": "Sort",
                                                                        "Parent Relationship": "Outer",
                                                                        "Parallel Aware": false,
                                                                        "Startup Cost": 40000124800.84,
                                                                        "Total Cost": 40000124800.84,
                                                                        "Plan Rows": 1,
                                                                        "Plan Width": 29,
                                                                        "Actual Startup Time": 1456.706,
                                                                        "Actual Total Time": 1456.721,
                                                                        "Actual Rows": 6,
                                                                        "Actual Loops": 1,
                                                                        "Output": [
                                                                            "mc.movie_id",
                                                                            "mi.movie_id",
                                                                            "t.title",
                                                                            "t.id"
                                                                        ],
                                                                        "Sort Key": [
                                                                            "mc.movie_id"
                                                                        ],
                                                                        "Sort Method": "quicksort",
                                                                        "Sort Space Used": 25,
                                                                        "Sort Space Type": "Memory",
                                                                        "Plans": [
                                                                            {
                                                                                "Node Type": "Hash Join",
                                                                                "Parent Relationship": "Outer",
                                                                                "Parallel Aware": false,
                                                                                "Join Type": "Inner",
                                                                                "Startup Cost": 40000124786.84,
                                                                                "Total Cost": 40000124800.83,
                                                                                "Plan Rows": 1,
                                                                                "Plan Width": 29,
                                                                                "Actual Startup Time": 1456.673,
                                                                                "Actual Total Time": 1456.705,
                                                                                "Actual Rows": 6,
                                                                                "Actual Loops": 1,
                                                                                "Output": [
                                                                                    "mc.movie_id",
                                                                                    "mi.movie_id",
                                                                                    "t.title",
                                                                                    "t.id"
                                                                                ],
                                                                                "Inner Unique": false,
                                                                                "Hash Cond": "(it.id = mi.info_type_id)",
                                                                                "Plans": [
                                                                                    {
                                                                                        "Node Type": "Index Scan",
                                                                                        "Parent Relationship": "Outer",
                                                                                        "Parallel Aware": false,
                                                                                        "Scan Direction": "Forward",
                                                                                        "Index Name": "info_type_pkey",
                                                                                        "Relation Name": "info_type",
                                                                                        "Schema": "public",
                                                                                        "Alias": "it",
                                                                                        "Startup Cost": 0.14,
                                                                                        "Total Cost": 14.12,
                                                                                        "Plan Rows": 1,
                                                                                        "Plan Width": 4,
                                                                                        "Actual Startup Time": 0.036,
                                                                                        "Actual Total Time": 0.055,
                                                                                        "Actual Rows": 1,
                                                                                        "Actual Loops": 1,
                                                                                        "Output": [
                                                                                            "it.id",
                                                                                            "it.info"
                                                                                        ],
                                                                                        "Filter": "((it.info)::text = 'release dates'::text)",
                                                                                        "Rows Removed by Filter": 112
                                                                                    },
                                                                                    {
                                                                                        "Node Type": "Hash",
                                                                                        "Parent Relationship": "Inner",
                                                                                        "Parallel Aware": false,
                                                                                        "Startup Cost": 40000124786.68,
                                                                                        "Total Cost": 40000124786.68,
                                                                                        "Plan Rows": 1,
                                                                                        "Plan Width": 33,
                                                                                        "Actual Startup Time": 1456.625,
                                                                                        "Actual Total Time": 1456.634,
                                                                                        "Actual Rows": 6,
                                                                                        "Actual Loops": 1,
                                                                                        "Output": [
                                                                                            "mc.movie_id",
                                                                                            "mi.movie_id",
                                                                                            "mi.info_type_id",
                                                                                            "t.title",
                                                                                            "t.id"
                                                                                        ],
                                                                                        "Hash Buckets": 1024,
                                                                                        "Original Hash Buckets": 1024,
                                                                                        "Hash Batches": 1,
                                                                                        "Original Hash Batches": 1,
                                                                                        "Peak Memory Usage": 9,
                                                                                        "Plans": [
                                                                                            {
                                                                                                "Node Type": "Nested Loop",
                                                                                                "Parent Relationship": "Outer",
                                                                                                "Parallel Aware": false,
                                                                                                "Join Type": "Inner",
                                                                                                "Startup Cost": 40000000006.14,
                                                                                                "Total Cost": 40000124786.68,
                                                                                                "Plan Rows": 1,
                                                                                                "Plan Width": 33,
                                                                                                "Actual Startup Time": 1178.163,
                                                                                                "Actual Total Time": 1456.623,
                                                                                                "Actual Rows": 6,
                                                                                                "Actual Loops": 1,
                                                                                                "Output": [
                                                                                                    "mc.movie_id",
                                                                                                    "mi.movie_id",
                                                                                                    "mi.info_type_id",
                                                                                                    "t.title",
                                                                                                    "t.id"
                                                                                                ],
                                                                                                "Inner Unique": false,
                                                                                                "Join Filter": "(t.id = mi.movie_id)",
                                                                                                "Rows Removed by Join Filter": 0,
                                                                                                "Plans": [
                                                                                                    {
                                                                                                        "Node Type": "Nested Loop",
                                                                                                        "Parent Relationship": "Outer",
                                                                                                        "Parallel Aware": false,
                                                                                                        "Join Type": "Inner",
                                                                                                        "Startup Cost": 30000000005.33,
                                                                                                        "Total Cost": 30000124781.17,
                                                                                                        "Plan Rows": 1,
                                                                                                        "Plan Width": 25,
                                                                                                        "Actual Startup Time": 426.99,
                                                                                                        "Actual Total Time": 1456.363,
                                                                                                        "Actual Rows": 5,
                                                                                                        "Actual Loops": 1,
                                                                                                        "Output": [
                                                                                                            "mc.movie_id",
                                                                                                            "t.title",
                                                                                                            "t.id"
                                                                                                        ],
                                                                                                        "Inner Unique": true,
                                                                                                        "Plans": [
                                                                                                            {
                                                                                                                "Node Type": "Nested Loop",
                                                                                                                "Parent Relationship": "Outer",
                                                                                                                "Parallel Aware": false,
                                                                                                                "Join Type": "Inner",
                                                                                                                "Startup Cost": 20000000004.9,
                                                                                                                "Total Cost": 20000124492.57,
                                                                                                                "Plan Rows": 64,
                                                                                                                "Plan Width": 29,
                                                                                                                "Actual Startup Time": 426.943,
                                                                                                                "Actual Total Time": 1455.936,
                                                                                                                "Actual Rows": 38,
                                                                                                                "Actual Loops": 1,
                                                                                                                "Output": [
                                                                                                                    "mc.movie_id",
                                                                                                                    "mc.company_id",
                                                                                                                    "t.title",
                                                                                                                    "t.id"
                                                                                                                ],
                                                                                                                "Inner Unique": false,
                                                                                                                "Plans": [
                                                                                                                    {
                                                                                                                        "Node Type": "Index Scan",
                                                                                                                        "Parent Relationship": "Outer",
                                                                                                                        "Parallel Aware": false,
                                                                                                                        "Scan Direction": "Forward",
                                                                                                                        "Index Name": "title_pkey",
                                                                                                                        "Relation Name": "title",
                                                                                                                        "Schema": "public",
                                                                                                                        "Alias": "t",
                                                                                                                        "Startup Cost": 10000000000.43,
                                                                                                                        "Total Cost": 10000122983.71,
                                                                                                                        "Plan Rows": 62,
                                                                                                                        "Plan Width": 21,
                                                                                                                        "Actual Startup Time": 344.96,
                                                                                                                        "Actual Total Time": 1455.692,
                                                                                                                        "Actual Rows": 9,
                                                                                                                        "Actual Loops": 1,
                                                                                                                        "Output": [
                                                                                                                            "t.id",
                                                                                                                            "t.title",
                                                                                                                            "t.imdb_index",
                                                                                                                            "t.kind_id",
                                                                                                                            "t.production_year",
                                                                                                                            "t.imdb_id",
                                                                                                                            "t.phonetic_code",
                                                                                                                            "t.episode_of_id",
                                                                                                                            "t.season_nr",
                                                                                                                            "t.episode_nr",
                                                                                                                            "t.series_years",
                                                                                                                            "t.md5sum"
                                                                                                                        ],
                                                                                                                        "Filter": "((t.title ~~ 'Kung Fu Panda%'::text) AND (t.production_year > 2008))",
                                                                                                                        "Rows Removed by Filter": 2528303
                                                                                                                    },
                                                                                                                    {
                                                                                                                        "Node Type": "Bitmap Heap Scan",
                                                                                                                        "Parent Relationship": "Inner",
                                                                                                                        "Parallel Aware": false,
                                                                                                                        "Relation Name": "movie_companies",
                                                                                                                        "Schema": "public",
                                                                                                                        "Alias": "mc",
                                                                                                                        "Startup Cost": 4.47,
                                                                                                                        "Total Cost": 24.29,
                                                                                                                        "Plan Rows": 5,
                                                                                                                        "Plan Width": 8,
                                                                                                                        "Actual Startup Time": 0.014,
                                                                                                                        "Actual Total Time": 0.016,
                                                                                                                        "Actual Rows": 4,
                                                                                                                        "Actual Loops": 9,
                                                                                                                        "Output": [
                                                                                                                            "mc.id",
                                                                                                                            "mc.movie_id",
                                                                                                                            "mc.company_id",
                                                                                                                            "mc.company_type_id",
                                                                                                                            "mc.note"
                                                                                                                        ],
                                                                                                                        "Recheck Cond": "(mc.movie_id = t.id)",
                                                                                                                        "Rows Removed by Index Recheck": 0,
                                                                                                                        "Exact Heap Blocks": 12,
                                                                                                                        "Lossy Heap Blocks": 0,
                                                                                                                        "Plans": [
                                                                                                                            {
                                                                                                                                "Node Type": "Bitmap Index Scan",
                                                                                                                                "Parent Relationship": "Outer",
                                                                                                                                "Parallel Aware": false,
                                                                                                                                "Index Name": "movie_id_movie_companies",
                                                                                                                                "Startup Cost": 0.0,
                                                                                                                                "Total Cost": 4.47,
                                                                                                                                "Plan Rows": 5,
                                                                                                                                "Plan Width": 0,
                                                                                                                                "Actual Startup Time": 0.01,
                                                                                                                                "Actual Total Time": 0.01,
                                                                                                                                "Actual Rows": 4,
                                                                                                                                "Actual Loops": 9,
                                                                                                                                "Index Cond": "(mc.movie_id = t.id)"
                                                                                                                            }
                                                                                                                        ]
                                                                                                                    }
                                                                                                                ]
                                                                                                            },
                                                                                                            {
                                                                                                                "Node Type": "Bitmap Heap Scan",
                                                                                                                "Parent Relationship": "Inner",
                                                                                                                "Parallel Aware": false,
                                                                                                                "Relation Name": "company_name",
                                                                                                                "Schema": "public",
                                                                                                                "Alias": "cn",
                                                                                                                "Startup Cost": 0.43,
                                                                                                                "Total Cost": 4.45,
                                                                                                                "Plan Rows": 1,
                                                                                                                "Plan Width": 4,
                                                                                                                "Actual Startup Time": 0.008,
                                                                                                                "Actual Total Time": 0.008,
                                                                                                                "Actual Rows": 0,
                                                                                                                "Actual Loops": 38,
                                                                                                                "Output": [
                                                                                                                    "cn.id",
                                                                                                                    "cn.name",
                                                                                                                    "cn.country_code",
                                                                                                                    "cn.imdb_id",
                                                                                                                    "cn.name_pcode_nf",
                                                                                                                    "cn.name_pcode_sf",
                                                                                                                    "cn.md5sum"
                                                                                                                ],
                                                                                                                "Recheck Cond": "(cn.id = mc.company_id)",
                                                                                                                "Rows Removed by Index Recheck": 0,
                                                                                                                "Filter": "(((cn.country_code)::text = '[us]'::text) AND (cn.name = 'DreamWorks Animation'::text))",
                                                                                                                "Rows Removed by Filter": 1,
                                                                                                                "Exact Heap Blocks": 38,
                                                                                                                "Lossy Heap Blocks": 0,
                                                                                                                "Plans": [
                                                                                                                    {
                                                                                                                        "Node Type": "Bitmap Index Scan",
                                                                                                                        "Parent Relationship": "Outer",
                                                                                                                        "Parallel Aware": false,
                                                                                                                        "Index Name": "company_name_pkey",
                                                                                                                        "Startup Cost": 0.0,
                                                                                                                        "Total Cost": 0.43,
                                                                                                                        "Plan Rows": 1,
                                                                                                                        "Plan Width": 0,
                                                                                                                        "Actual Startup Time": 0.005,
                                                                                                                        "Actual Total Time": 0.005,
                                                                                                                        "Actual Rows": 1,
                                                                                                                        "Actual Loops": 38,
                                                                                                                        "Index Cond": "(cn.id = mc.company_id)"
                                                                                                                    }
                                                                                                                ]
                                                                                                            }
                                                                                                        ]
                                                                                                    },
                                                                                                    {
                                                                                                        "Node Type": "Bitmap Heap Scan",
                                                                                                        "Parent Relationship": "Inner",
                                                                                                        "Parallel Aware": false,
                                                                                                        "Relation Name": "movie_info",
                                                                                                        "Schema": "public",
                                                                                                        "Alias": "mi",
                                                                                                        "Startup Cost": 0.81,
                                                                                                        "Total Cost": 5.49,
                                                                                                        "Plan Rows": 1,
                                                                                                        "Plan Width": 8,
                                                                                                        "Actual Startup Time": 0.027,
                                                                                                        "Actual Total Time": 0.047,
                                                                                                        "Actual Rows": 1,
                                                                                                        "Actual Loops": 5,
                                                                                                        "Output": [
                                                                                                            "mi.id",
                                                                                                            "mi.movie_id",
                                                                                                            "mi.info_type_id",
                                                                                                            "mi.info",
                                                                                                            "mi.note"
                                                                                                        ],
                                                                                                        "Recheck Cond": "(mi.movie_id = mc.movie_id)",
                                                                                                        "Rows Removed by Index Recheck": 0,
                                                                                                        "Filter": "((mi.info IS NOT NULL) AND ((mi.info ~~ 'Japan:%201%'::text) OR (mi.info ~~ 'USA:%201%'::text)))",
                                                                                                        "Rows Removed by Filter": 61,
                                                                                                        "Exact Heap Blocks": 57,
                                                                                                        "Lossy Heap Blocks": 0,
                                                                                                        "Plans": [
                                                                                                            {
                                                                                                                "Node Type": "Bitmap Index Scan",
                                                                                                                "Parent Relationship": "Outer",
                                                                                                                "Parallel Aware": false,
                                                                                                                "Index Name": "movie_id_movie_info",
                                                                                                                "Startup Cost": 0.0,
                                                                                                                "Total Cost": 0.81,
                                                                                                                "Plan Rows": 39,
                                                                                                                "Plan Width": 0,
                                                                                                                "Actual Startup Time": 0.013,
                                                                                                                "Actual Total Time": 0.013,
                                                                                                                "Actual Rows": 62,
                                                                                                                "Actual Loops": 5,
                                                                                                                "Index Cond": "(mi.movie_id = mc.movie_id)"
                                                                                                            }
                                                                                                        ]
                                                                                                    }
                                                                                                ]
                                                                                            }
                                                                                        ]
                                                                                    }
                                                                                ]
                                                                            }
                                                                        ]
                                                                    },
                                                                    {
                                                                        "Node Type": "Sort",
                                                                        "Parent Relationship": "Inner",
                                                                        "Parallel Aware": false,
                                                                        "Startup Cost": 1066053.29,
                                                                        "Total Cost": 1068155.95,
                                                                        "Plan Rows": 841064,
                                                                        "Plan Width": 16,
                                                                        "Actual Startup Time": 1548.332,
                                                                        "Actual Total Time": 1609.096,
                                                                        "Actual Rows": 753639,
                                                                        "Actual Loops": 1,
                                                                        "Output": [
                                                                            "ci.movie_id",
                                                                            "ci.person_id",
                                                                            "ci.role_id",
                                                                            "ci.person_role_id"
                                                                        ],
                                                                        "Sort Key": [
                                                                            "ci.movie_id"
                                                                        ],
                                                                        "Sort Method": "quicksort",
                                                                        "Sort Space Used": 65239,
                                                                        "Sort Space Type": "Memory",
                                                                        "Plans": [
                                                                            {
                                                                                "Node Type": "Gather",
                                                                                "Parent Relationship": "Outer",
                                                                                "Parallel Aware": false,
                                                                                "Startup Cost": 1000.57,
                                                                                "Total Cost": 983284.79,
                                                                                "Plan Rows": 841064,
                                                                                "Plan Width": 16,
                                                                                "Actual Startup Time": 0.551,
                                                                                "Actual Total Time": 1392.67,
                                                                                "Actual Rows": 867477,
                                                                                "Actual Loops": 1,
                                                                                "Output": [
                                                                                    "ci.movie_id",
                                                                                    "ci.person_id",
                                                                                    "ci.role_id",
                                                                                    "ci.person_role_id"
                                                                                ],
                                                                                "Workers Planned": 6,
                                                                                "Workers Launched": 6,
                                                                                "Single Copy": false,
                                                                                "Plans": [
                                                                                    {
                                                                                        "Node Type": "Index Scan",
                                                                                        "Parent Relationship": "Outer",
                                                                                        "Parallel Aware": true,
                                                                                        "Scan Direction": "Forward",
                                                                                        "Index Name": "role_id_cast_info",
                                                                                        "Relation Name": "cast_info",
                                                                                        "Schema": "public",
                                                                                        "Alias": "ci",
                                                                                        "Startup Cost": 0.56,
                                                                                        "Total Cost": 898178.39,
                                                                                        "Plan Rows": 140177,
                                                                                        "Plan Width": 16,
                                                                                        "Actual Startup Time": 0.285,
                                                                                        "Actual Total Time": 1370.932,
                                                                                        "Actual Rows": 123925,
                                                                                        "Actual Loops": 7,
                                                                                        "Output": [
                                                                                            "ci.movie_id",
                                                                                            "ci.person_id",
                                                                                            "ci.role_id",
                                                                                            "ci.person_role_id"
                                                                                        ],
                                                                                        "Filter": "(ci.note = ANY ('{(voice),\"(voice: Japanese version)\",\"(voice) (uncredited)\",\"(voice: English version)\"}'::text[]))",
                                                                                        "Rows Removed by Filter": 5053838,
                                                                                        "Workers": [
                                                                                            {
                                                                                                "Worker Number": 0,
                                                                                                "Actual Startup Time": 0.23,
                                                                                                "Actual Total Time": 1393.901,
                                                                                                "Actual Rows": 124795,
                                                                                                "Actual Loops": 1
                                                                                            },
                                                                                            {
                                                                                                "Worker Number": 1,
                                                                                                "Actual Startup Time": 0.188,
                                                                                                "Actual Total Time": 1394.811,
                                                                                                "Actual Rows": 124919,
                                                                                                "Actual Loops": 1
                                                                                            },
                                                                                            {
                                                                                                "Worker Number": 2,
                                                                                                "Actual Startup Time": 0.191,
                                                                                                "Actual Total Time": 1395.028,
                                                                                                "Actual Rows": 124770,
                                                                                                "Actual Loops": 1
                                                                                            },
                                                                                            {
                                                                                                "Worker Number": 3,
                                                                                                "Actual Startup Time": 0.519,
                                                                                                "Actual Total Time": 1396.874,
                                                                                                "Actual Rows": 121452,
                                                                                                "Actual Loops": 1
                                                                                            },
                                                                                            {
                                                                                                "Worker Number": 4,
                                                                                                "Actual Startup Time": 0.616,
                                                                                                "Actual Total Time": 1396.382,
                                                                                                "Actual Rows": 121094,
                                                                                                "Actual Loops": 1
                                                                                            },
                                                                                            {
                                                                                                "Worker Number": 5,
                                                                                                "Actual Startup Time": 0.22,
                                                                                                "Actual Total Time": 1397.074,
                                                                                                "Actual Rows": 120590,
                                                                                                "Actual Loops": 1
                                                                                            }
                                                                                        ]
                                                                                    }
                                                                                ]
                                                                            }
                                                                        ]
                                                                    }
                                                                ]
                                                            },
                                                            {
                                                                "Node Type": "Bitmap Heap Scan",
                                                                "Parent Relationship": "Inner",
                                                                "Parallel Aware": false,
                                                                "Relation Name": "char_name",
                                                                "Schema": "public",
                                                                "Alias": "chn",
                                                                "Startup Cost": 0.49,
                                                                "Total Cost": 4.5,
                                                                "Plan Rows": 1,
                                                                "Plan Width": 20,
                                                                "Actual Startup Time": 0.007,
                                                                "Actual Total Time": 0.007,
                                                                "Actual Rows": 1,
                                                                "Actual Loops": 147,
                                                                "Output": [
                                                                    "chn.id",
                                                                    "chn.name",
                                                                    "chn.imdb_index",
                                                                    "chn.imdb_id",
                                                                    "chn.name_pcode_nf",
                                                                    "chn.surname_pcode",
                                                                    "chn.md5sum"
                                                                ],
                                                                "Recheck Cond": "(chn.id = ci.person_role_id)",
                                                                "Rows Removed by Index Recheck": 0,
                                                                "Exact Heap Blocks": 144,
                                                                "Lossy Heap Blocks": 0,
                                                                "Plans": [
                                                                    {
                                                                        "Node Type": "Bitmap Index Scan",
                                                                        "Parent Relationship": "Outer",
                                                                        "Parallel Aware": false,
                                                                        "Index Name": "char_name_pkey",
                                                                        "Startup Cost": 0.0,
                                                                        "Total Cost": 0.49,
                                                                        "Plan Rows": 1,
                                                                        "Plan Width": 0,
                                                                        "Actual Startup Time": 0.006,
                                                                        "Actual Total Time": 0.006,
                                                                        "Actual Rows": 1,
                                                                        "Actual Loops": 147,
                                                                        "Index Cond": "(chn.id = ci.person_role_id)"
                                                                    }
                                                                ]
                                                            }
                                                        ]
                                                    },
                                                    {
                                                        "Node Type": "Index Scan",
                                                        "Parent Relationship": "Inner",
                                                        "Parallel Aware": false,
                                                        "Scan Direction": "Forward",
                                                        "Index Name": "movie_id_movie_keyword",
                                                        "Relation Name": "movie_keyword",
                                                        "Schema": "public",
                                                        "Alias": "mk",
                                                        "Startup Cost": 0.43,
                                                        "Total Cost": 177177.46,
                                                        "Plan Rows": 4523930,
                                                        "Plan Width": 8,
                                                        "Actual Startup Time": 0.025,
                                                        "Actual Total Time": 327.856,
                                                        "Actual Rows": 2399630,
                                                        "Actual Loops": 1,
                                                        "Output": [
                                                            "mk.id",
                                                            "mk.movie_id",
                                                            "mk.keyword_id"
                                                        ]
                                                    }
                                                ]
                                            },
                                            {
                                                "Node Type": "Bitmap Heap Scan",
                                                "Parent Relationship": "Inner",
                                                "Parallel Aware": false,
                                                "Relation Name": "aka_name",
                                                "Schema": "public",
                                                "Alias": "an",
                                                "Startup Cost": 0.46,
                                                "Total Cost": 4.48,
                                                "Plan Rows": 2,
                                                "Plan Width": 4,
                                                "Actual Startup Time": 0.003,
                                                "Actual Total Time": 0.004,
                                                "Actual Rows": 3,
                                                "Actual Loops": 5558,
                                                "Output": [
                                                    "an.id",
                                                    "an.person_id",
                                                    "an.name",
                                                    "an.imdb_index",
                                                    "an.name_pcode_cf",
                                                    "an.name_pcode_nf",
                                                    "an.surname_pcode",
                                                    "an.md5sum"
                                                ],
                                                "Recheck Cond": "(an.person_id = ci.person_id)",
                                                "Rows Removed by Index Recheck": 0,
                                                "Exact Heap Blocks": 6099,
                                                "Lossy Heap Blocks": 0,
                                                "Plans": [
                                                    {
                                                        "Node Type": "Bitmap Index Scan",
                                                        "Parent Relationship": "Outer",
                                                        "Parallel Aware": false,
                                                        "Index Name": "person_id_aka_name",
                                                        "Startup Cost": 0.0,
                                                        "Total Cost": 0.46,
                                                        "Plan Rows": 2,
                                                        "Plan Width": 0,
                                                        "Actual Startup Time": 0.002,
                                                        "Actual Total Time": 0.002,
                                                        "Actual Rows": 3,
                                                        "Actual Loops": 5558,
                                                        "Index Cond": "(an.person_id = ci.person_id)"
                                                    }
                                                ]
                                            }
                                        ]
                                    },
                                    {
                                        "Node Type": "Bitmap Heap Scan",
                                        "Parent Relationship": "Inner",
                                        "Parallel Aware": false,
                                        "Relation Name": "keyword",
                                        "Schema": "public",
                                        "Alias": "k",
                                        "Startup Cost": 0.43,
                                        "Total Cost": 4.45,
                                        "Plan Rows": 1,
                                        "Plan Width": 4,
                                        "Actual Startup Time": 0.003,
                                        "Actual Total Time": 0.003,
                                        "Actual Rows": 0,
                                        "Actual Loops": 15035,
                                        "Output": [
                                            "k.id",
                                            "k.keyword",
                                            "k.phonetic_code"
                                        ],
                                        "Recheck Cond": "(k.id = mk.keyword_id)",
                                        "Rows Removed by Index Recheck": 0,
                                        "Filter": "(k.keyword = ANY ('{blood,female-nudity,sequel,martial-artist}'::text[]))",
                                        "Rows Removed by Filter": 1,
                                        "Exact Heap Blocks": 15035,
                                        "Lossy Heap Blocks": 0,
                                        "Plans": [
                                            {
                                                "Node Type": "Bitmap Index Scan",
                                                "Parent Relationship": "Outer",
                                                "Parallel Aware": false,
                                                "Index Name": "keyword_pkey",
                                                "Startup Cost": 0.0,
                                                "Total Cost": 0.43,
                                                "Plan Rows": 1,
                                                "Plan Width": 0,
                                                "Actual Startup Time": 0.002,
                                                "Actual Total Time": 0.002,
                                                "Actual Rows": 1,
                                                "Actual Loops": 15035,
                                                "Index Cond": "(k.id = mk.keyword_id)"
                                            }
                                        ]
                                    }
                                ]
                            },
                            {
                                "Node Type": "Bitmap Heap Scan",
                                "Parent Relationship": "Inner",
                                "Parallel Aware": false,
                                "Relation Name": "name",
                                "Schema": "public",
                                "Alias": "n",
                                "Startup Cost": 0.5,
                                "Total Cost": 4.52,
                                "Plan Rows": 1,
                                "Plan Width": 19,
                                "Actual Startup Time": 0.004,
                                "Actual Total Time": 0.004,
                                "Actual Rows": 0,
                                "Actual Loops": 378,
                                "Output": [
                                    "n.id",
                                    "n.name",
                                    "n.imdb_index",
                                    "n.imdb_id",
                                    "n.gender",
                                    "n.name_pcode_cf",
                                    "n.name_pcode_nf",
                                    "n.surname_pcode",
                                    "n.md5sum"
                                ],
                                "Recheck Cond": "(n.id = an.person_id)",
                                "Rows Removed by Index Recheck": 0,
                                "Filter": "((n.name ~~ '%An%'::text) AND ((n.gender)::text = 'f'::text))",
                                "Rows Removed by Filter": 1,
                                "Exact Heap Blocks": 378,
                                "Lossy Heap Blocks": 0,
                                "Plans": [
                                    {
                                        "Node Type": "Bitmap Index Scan",
                                        "Parent Relationship": "Outer",
                                        "Parallel Aware": false,
                                        "Index Name": "name_pkey",
                                        "Startup Cost": 0.0,
                                        "Total Cost": 0.5,
                                        "Plan Rows": 1,
                                        "Plan Width": 0,
                                        "Actual Startup Time": 0.003,
                                        "Actual Total Time": 0.003,
                                        "Actual Rows": 1,
                                        "Actual Loops": 378,
                                        "Index Cond": "(n.id = an.person_id)"
                                    }
                                ]
                            }
                        ]
                    },
                    {
                        "Node Type": "Bitmap Heap Scan",
                        "Parent Relationship": "Inner",
                        "Parallel Aware": false,
                        "Relation Name": "role_type",
                        "Schema": "public",
                        "Alias": "rt",
                        "Startup Cost": 0.14,
                        "Total Cost": 4.16,
                        "Plan Rows": 1,
                        "Plan Width": 4,
                        "Actual Startup Time": 0.002,
                        "Actual Total Time": 0.003,
                        "Actual Rows": 1,
                        "Actual Loops": 30,
                        "Output": [
                            "rt.id",
                            "rt.role"
                        ],
                        "Recheck Cond": "(rt.id = ci.role_id)",
                        "Rows Removed by Index Recheck": 0,
                        "Filter": "((rt.role)::text = 'actress'::text)",
                        "Rows Removed by Filter": 0,
                        "Exact Heap Blocks": 30,
                        "Lossy Heap Blocks": 0,
                        "Plans": [
                            {
                                "Node Type": "Bitmap Index Scan",
                                "Parent Relationship": "Outer",
                                "Parallel Aware": false,
                                "Index Name": "role_type_pkey",
                                "Startup Cost": 0.0,
                                "Total Cost": 0.14,
                                "Plan Rows": 1,
                                "Plan Width": 0,
                                "Actual Startup Time": 0.001,
                                "Actual Total Time": 0.001,
                                "Actual Rows": 1,
                                "Actual Loops": 30,
                                "Index Cond": "(rt.id = ci.role_id)"
                            }
                        ]
                    }
                ]
            }
        ]
    },
    "Planning Time": 68.665,
    "Triggers": [],
    "Execution Time": 3702.203
}