[
  {
    "Plan": {
      "Node Type": "Aggregate",
      "Strategy": "Plain",
      "Partial Mode": "Finalize",
      "Parallel Aware": false,
      "Startup Cost": 77387.62,
      "Total Cost": 77387.63,
      "Plan Rows": 1,
      "Plan Width": 8,
      "Actual Startup Time": 218.653,
      "Actual Total Time": 234.458,
      "Actual Rows": 1,
      "Actual Loops": 1,
      "Plans": [
        {
          "Node Type": "Gather",
          "Parent Relationship": "Outer",
          "Parallel Aware": false,
          "Startup Cost": 77387.3,
          "Total Cost": 77387.61,
          "Plan Rows": 3,
          "Plan Width": 8,
          "Actual Startup Time": 218.252,
          "Actual Total Time": 234.448,
          "Actual Rows": 4,
          "Actual Loops": 1,
          "Workers Planned": 3,
          "Workers Launched": 3,
          "Single Copy": false,
          "Plans": [
            {
              "Node Type": "Aggregate",
              "Strategy": "Plain",
              "Partial Mode": "Partial",
              "Parent Relationship": "Outer",
              "Parallel Aware": false,
              "Startup Cost": 76387.3,
              "Total Cost": 76387.31,
              "Plan Rows": 1,
              "Plan Width": 8,
              "Actual Startup Time": 209.498,
              "Actual Total Time": 209.501,
              "Actual Rows": 1,
              "Actual Loops": 4,
              "Plans": [
                {
                  "Node Type": "Hash Join",
                  "Parent Relationship": "Outer",
                  "Parallel Aware": true,
                  "Join Type": "Inner",
                  "Startup Cost": 45664.0,
                  "Total Cost": 76356.51,
                  "Plan Rows": 12319,
                  "Plan Width": 0,
                  "Actual Startup Time": 101.908,
                  "Actual Total Time": 209.305,
                  "Actual Rows": 4076,
                  "Actual Loops": 4,
                  "Inner Unique": true,
                  "Hash Cond": "(mc.movie_id = t.id)",
                  "Plans": [
                    {
                      "Node Type": "Seq Scan",
                      "Parent Relationship": "Outer",
                      "Parallel Aware": true,
                      "Relation Name": "movie_companies",
                      "Alias": "mc",
                      "Startup Cost": 0.0,
                      "Total Cost": 29310.68,
                      "Plan Rows": 526410,
                      "Plan Width": 4,
                      "Actual Startup Time": 0.02,
                      "Actual Total Time": 66.315,
                      "Actual Rows": 404574,
                      "Actual Loops": 4,
                      "Filter": "(company_id < 17043)",
                      "Rows Removed by Filter": 247708
                    },
                    {
                      "Node Type": "Hash",
                      "Parent Relationship": "Inner",
                      "Parallel Aware": true,
                      "Startup Cost": 45479.1,
                      "Total Cost": 45479.1,
                      "Plan Rows": 14792,
                      "Plan Width": 4,
                      "Actual Startup Time": 100.211,
                      "Actual Total Time": 100.212,
                      "Actual Rows": 15688,
                      "Actual Loops": 4,
                      "Hash Buckets": 65536,
                      "Original Hash Buckets": 65536,
                      "Hash Batches": 1,
                      "Original Hash Batches": 1,
                      "Peak Memory Usage": 3040,
                      "Plans": [
                        {
                          "Node Type": "Seq Scan",
                          "Parent Relationship": "Outer",
                          "Parallel Aware": true,
                          "Relation Name": "title",
                          "Alias": "t",
                          "Startup Cost": 0.0,
                          "Total Cost": 45479.1,
                          "Plan Rows": 14792,
                          "Plan Width": 4,
                          "Actual Startup Time": 0.04,
                          "Actual Total Time": 93.78,
                          "Actual Rows": 15688,
                          "Actual Loops": 4,
                          "Filter": "((kind_id = 7) AND (production_year = 2005))",
                          "Rows Removed by Filter": 616390
                        }
                      ]
                    }
                  ]
                }
              ]
            }
          ]
        }
      ]
    },
    "Planning Time": 0.661,
    "Triggers": [],
    "Execution Time": 234.535
  }
]