[
  {
    "Plan": {
      "Node Type": "Aggregate",
      "Strategy": "Plain",
      "Partial Mode": "Finalize",
      "Parallel Aware": false,
      "Startup Cost": 30974.4,
      "Total Cost": 30974.41,
      "Plan Rows": 1,
      "Plan Width": 8,
      "Actual Startup Time": 103.032,
      "Actual Total Time": 110.511,
      "Actual Rows": 1,
      "Actual Loops": 1,
      "Plans": [
        {
          "Node Type": "Gather",
          "Parent Relationship": "Outer",
          "Parallel Aware": false,
          "Startup Cost": 30974.08,
          "Total Cost": 30974.39,
          "Plan Rows": 3,
          "Plan Width": 8,
          "Actual Startup Time": 102.932,
          "Actual Total Time": 110.503,
          "Actual Rows": 4,
          "Actual Loops": 1,
          "Workers Planned": 3,
          "Workers Launched": 3,
          "Single Copy": false,
          "Plans": [
            {
              "Node Type": "Aggregate",
              "Strategy": "Plain",
              "Partial Mode": "Partial",
              "Parent Relationship": "Outer",
              "Parallel Aware": false,
              "Startup Cost": 29974.08,
              "Total Cost": 29974.09,
              "Plan Rows": 1,
              "Plan Width": 8,
              "Actual Startup Time": 94.093,
              "Actual Total Time": 94.094,
              "Actual Rows": 1,
              "Actual Loops": 4,
              "Plans": [
                {
                  "Node Type": "Seq Scan",
                  "Parent Relationship": "Outer",
                  "Parallel Aware": true,
                  "Relation Name": "movie_companies",
                  "Alias": "mc",
                  "Startup Cost": 0.0,
                  "Total Cost": 29310.68,
                  "Plan Rows": 265360,
                  "Plan Width": 0,
                  "Actual Startup Time": 28.236,
                  "Actual Total Time": 84.587,
                  "Actual Rows": 209015,
                  "Actual Loops": 4,
                  "Filter": "(company_id > 26667)",
                  "Rows Removed by Filter": 443267
                }
              ]
            }
          ]
        }
      ]
    },
    "Planning Time": 0.204,
    "Triggers": [],
    "Execution Time": 110.571
  }
]