[
  {
    "Plan": {
      "Node Type": "Aggregate",
      "Strategy": "Plain",
      "Partial Mode": "Finalize",
      "Parallel Aware": false,
      "Startup Cost": 46480.22,
      "Total Cost": 46480.23,
      "Plan Rows": 1,
      "Plan Width": 8,
      "Actual Startup Time": 70.4,
      "Actual Total Time": 77.499,
      "Actual Rows": 1,
      "Actual Loops": 1,
      "Plans": [
        {
          "Node Type": "Gather",
          "Parent Relationship": "Outer",
          "Parallel Aware": false,
          "Startup Cost": 46479.8,
          "Total Cost": 46480.21,
          "Plan Rows": 4,
          "Plan Width": 8,
          "Actual Startup Time": 70.321,
          "Actual Total Time": 77.493,
          "Actual Rows": 5,
          "Actual Loops": 1,
          "Workers Planned": 4,
          "Workers Launched": 4,
          "Single Copy": false,
          "Plans": [
            {
              "Node Type": "Aggregate",
              "Strategy": "Plain",
              "Partial Mode": "Partial",
              "Parent Relationship": "Outer",
              "Parallel Aware": false,
              "Startup Cost": 45479.8,
              "Total Cost": 45479.81,
              "Plan Rows": 1,
              "Plan Width": 8,
              "Actual Startup Time": 66.197,
              "Actual Total Time": 66.198,
              "Actual Rows": 1,
              "Actual Loops": 5,
              "Plans": [
                {
                  "Node Type": "Seq Scan",
                  "Parent Relationship": "Outer",
                  "Parallel Aware": true,
                  "Relation Name": "title",
                  "Alias": "t",
                  "Startup Cost": 0.0,
                  "Total Cost": 45479.21,
                  "Plan Rows": 236,
                  "Plan Width": 0,
                  "Actual Startup Time": 42.673,
                  "Actual Total Time": 66.12,
                  "Actual Rows": 683,
                  "Actual Loops": 5,
                  "Filter": "((kind_id < 3) AND (production_year = 1909))",
                  "Rows Removed by Filter": 504979
                }
              ]
            }
          ]
        }
      ]
    },
    "Planning Time": 0.082,
    "Triggers": [],
    "Execution Time": 77.526
  }
]