[
  {
    "Plan": {
      "Node Type": "Aggregate",
      "Strategy": "Plain",
      "Partial Mode": "Finalize",
      "Parallel Aware": false,
      "Startup Cost": 38715.11,
      "Total Cost": 38715.12,
      "Plan Rows": 1,
      "Plan Width": 8,
      "Actual Startup Time": 133.757,
      "Actual Total Time": 142.31,
      "Actual Rows": 1,
      "Actual Loops": 1,
      "Plans": [
        {
          "Node Type": "Gather",
          "Parent Relationship": "Outer",
          "Parallel Aware": false,
          "Startup Cost": 38714.79,
          "Total Cost": 38715.1,
          "Plan Rows": 3,
          "Plan Width": 8,
          "Actual Startup Time": 133.472,
          "Actual Total Time": 142.302,
          "Actual Rows": 4,
          "Actual Loops": 1,
          "Workers Planned": 3,
          "Workers Launched": 3,
          "Single Copy": false,
          "Plans": [
            {
              "Node Type": "Aggregate",
              "Strategy": "Plain",
              "Partial Mode": "Partial",
              "Parent Relationship": "Outer",
              "Parallel Aware": false,
              "Startup Cost": 37714.79,
              "Total Cost": 37714.8,
              "Plan Rows": 1,
              "Plan Width": 8,
              "Actual Startup Time": 126.439,
              "Actual Total Time": 126.44,
              "Actual Rows": 1,
              "Actual Loops": 4,
              "Plans": [
                {
                  "Node Type": "Bitmap Heap Scan",
                  "Parent Relationship": "Outer",
                  "Parallel Aware": true,
                  "Relation Name": "movie_keyword",
                  "Alias": "mk",
                  "Startup Cost": 10797.62,
                  "Total Cost": 37304.26,
                  "Plan Rows": 164212,
                  "Plan Width": 0,
                  "Actual Startup Time": 45.642,
                  "Actual Total Time": 118.417,
                  "Actual Rows": 129560,
                  "Actual Loops": 4,
                  "Recheck Cond": "(keyword_id < 381)",
                  "Rows Removed by Index Recheck": 0,
                  "Exact Heap Blocks": 10478,
                  "Lossy Heap Blocks": 0,
                  "Plans": [
                    {
                      "Node Type": "Bitmap Index Scan",
                      "Parent Relationship": "Outer",
                      "Parallel Aware": false,
                      "Index Name": "keyword_id_movie_keyword",
                      "Startup Cost": 0.0,
                      "Total Cost": 10670.35,
                      "Plan Rows": 509056,
                      "Plan Width": 0,
                      "Actual Startup Time": 48.318,
                      "Actual Total Time": 48.318,
                      "Actual Rows": 518241,
                      "Actual Loops": 1,
                      "Index Cond": "(keyword_id < 381)"
                    }
                  ]
                }
              ]
            }
          ]
        }
      ]
    },
    "Planning Time": 0.154,
    "Triggers": [],
    "Execution Time": 142.374
  }
]