[
  {
    "Plan": {
      "Node Type": "Aggregate",
      "Strategy": "Plain",
      "Partial Mode": "Finalize",
      "Parallel Aware": false,
      "Startup Cost": 302170.94,
      "Total Cost": 302170.95,
      "Plan Rows": 1,
      "Plan Width": 8,
      "Actual Startup Time": 2815.005,
      "Actual Total Time": 2870.506,
      "Actual Rows": 1,
      "Actual Loops": 1,
      "Plans": [
        {
          "Node Type": "Gather",
          "Parent Relationship": "Outer",
          "Parallel Aware": false,
          "Startup Cost": 302170.62,
          "Total Cost": 302170.93,
          "Plan Rows": 3,
          "Plan Width": 8,
          "Actual Startup Time": 2801.552,
          "Actual Total Time": 2870.488,
          "Actual Rows": 4,
          "Actual Loops": 1,
          "Workers Planned": 3,
          "Workers Launched": 3,
          "Single Copy": false,
          "Plans": [
            {
              "Node Type": "Aggregate",
              "Strategy": "Plain",
              "Partial Mode": "Partial",
              "Parent Relationship": "Outer",
              "Parallel Aware": false,
              "Startup Cost": 301170.62,
              "Total Cost": 301170.63,
              "Plan Rows": 1,
              "Plan Width": 8,
              "Actual Startup Time": 2788.904,
              "Actual Total Time": 2789.531,
              "Actual Rows": 1,
              "Actual Loops": 4,
              "Plans": [
                {
                  "Node Type": "Hash Join",
                  "Parent Relationship": "Outer",
                  "Parallel Aware": true,
                  "Join Type": "Inner",
                  "Startup Cost": 252435.51,
                  "Total Cost": 299822.19,
                  "Plan Rows": 539371,
                  "Plan Width": 0,
                  "Actual Startup Time": 1061.903,
                  "Actual Total Time": 2232.854,
                  "Actual Rows": 11591105,
                  "Actual Loops": 4,
                  "Inner Unique": false,
                  "Hash Cond": "(mk.movie_id = t.id)",
                  "Plans": [
                    {
                      "Node Type": "Seq Scan",
                      "Parent Relationship": "Outer",
                      "Parallel Aware": true,
                      "Relation Name": "movie_keyword",
                      "Alias": "mk",
                      "Startup Cost": 0.0,
                      "Total Cost": 42695.65,
                      "Plan Rows": 963277,
                      "Plan Width": 4,
                      "Actual Startup Time": 0.151,
                      "Actual Total Time": 122.447,
                      "Actual Rows": 742364,
                      "Actual Loops": 4,
                      "Filter": "(keyword_id > 2303)",
                      "Rows Removed by Filter": 388618
                    },
                    {
                      "Node Type": "Hash",
                      "Parent Relationship": "Inner",
                      "Parallel Aware": true,
                      "Startup Cost": 248896.32,
                      "Total Cost": 248896.32,
                      "Plan Rows": 283135,
                      "Plan Width": 8,
                      "Actual Startup Time": 1053.608,
                      "Actual Total Time": 1054.233,
                      "Actual Rows": 393408,
                      "Actual Loops": 4,
                      "Hash Buckets": 2097152,
                      "Original Hash Buckets": 2097152,
                      "Hash Batches": 1,
                      "Original Hash Batches": 1,
                      "Peak Memory Usage": 77984,
                      "Plans": [
                        {
                          "Node Type": "Hash Join",
                          "Parent Relationship": "Outer",
                          "Parallel Aware": true,
                          "Join Type": "Inner",
                          "Startup Cost": 48728.2,
                          "Total Cost": 248896.32,
                          "Plan Rows": 283135,
                          "Plan Width": 8,
                          "Actual Startup Time": 320.359,
                          "Actual Total Time": 925.288,
                          "Actual Rows": 393408,
                          "Actual Loops": 4,
                          "Inner Unique": true,
                          "Hash Cond": "(mi.movie_id = t.id)",
                          "Plans": [
                            {
                              "Node Type": "Seq Scan",
                              "Parent Relationship": "Outer",
                              "Parallel Aware": true,
                              "Relation Name": "movie_info",
                              "Alias": "mi",
                              "Startup Cost": 0.0,
                              "Total Cost": 198952.16,
                              "Plan Rows": 463221,
                              "Plan Width": 4,
                              "Actual Startup Time": 25.594,
                              "Actual Total Time": 444.215,
                              "Actual Rows": 558462,
                              "Actual Loops": 4,
                              "Filter": "(info_type_id > 16)",
                              "Rows Removed by Filter": 3150468
                            },
                            {
                              "Node Type": "Hash",
                              "Parent Relationship": "Inner",
                              "Parallel Aware": true,
                              "Startup Cost": 43898.92,
                              "Total Cost": 43898.92,
                              "Plan Rows": 386343,
                              "Plan Width": 4,
                              "Actual Startup Time": 290.067,
                              "Actual Total Time": 290.068,
                              "Actual Rows": 387932,
                              "Actual Loops": 4,
                              "Hash Buckets": 2097152,
                              "Original Hash Buckets": 2097152,
                              "Hash Batches": 1,
                              "Original Hash Batches": 1,
                              "Peak Memory Usage": 77152,
                              "Plans": [
                                {
                                  "Node Type": "Seq Scan",
                                  "Parent Relationship": "Outer",
                                  "Parallel Aware": true,
                                  "Relation Name": "title",
                                  "Alias": "t",
                                  "Startup Cost": 0.0,
                                  "Total Cost": 43898.92,
                                  "Plan Rows": 386343,
                                  "Plan Width": 4,
                                  "Actual Startup Time": 0.057,
                                  "Actual Total Time": 124.335,
                                  "Actual Rows": 387932,
                                  "Actual Loops": 4,
                                  "Filter": "(production_year < 2007)",
                                  "Rows Removed by Filter": 244146
                                }
                              ]
                            }
                          ]
                        }
                      ]
                    }
                  ]
                }
              ]
            }
          ]
        }
      ]
    },
    "Planning Time": 1.415,
    "Triggers": [],
    "Execution Time": 2870.631
  }
]