[
  {
    "Plan": {
      "Node Type": "Aggregate",
      "Strategy": "Plain",
      "Partial Mode": "Finalize",
      "Parallel Aware": false,
      "Startup Cost": 46625.39,
      "Total Cost": 46625.4,
      "Plan Rows": 1,
      "Plan Width": 8,
      "Actual Startup Time": 175.135,
      "Actual Total Time": 184.816,
      "Actual Rows": 1,
      "Actual Loops": 1,
      "Plans": [
        {
          "Node Type": "Gather",
          "Parent Relationship": "Outer",
          "Parallel Aware": false,
          "Startup Cost": 46625.07,
          "Total Cost": 46625.38,
          "Plan Rows": 3,
          "Plan Width": 8,
          "Actual Startup Time": 175.017,
          "Actual Total Time": 184.806,
          "Actual Rows": 4,
          "Actual Loops": 1,
          "Workers Planned": 3,
          "Workers Launched": 3,
          "Single Copy": false,
          "Plans": [
            {
              "Node Type": "Aggregate",
              "Strategy": "Plain",
              "Partial Mode": "Partial",
              "Parent Relationship": "Outer",
              "Parallel Aware": false,
              "Startup Cost": 45625.07,
              "Total Cost": 45625.08,
              "Plan Rows": 1,
              "Plan Width": 8,
              "Actual Startup Time": 170.113,
              "Actual Total Time": 170.114,
              "Actual Rows": 1,
              "Actual Loops": 4,
              "Plans": [
                {
                  "Node Type": "Seq Scan",
                  "Parent Relationship": "Outer",
                  "Parallel Aware": true,
                  "Relation Name": "movie_keyword",
                  "Alias": "mk",
                  "Startup Cost": 0.0,
                  "Total Cost": 42695.65,
                  "Plan Rows": 1171767,
                  "Plan Width": 0,
                  "Actual Startup Time": 0.036,
                  "Actual Total Time": 127.717,
                  "Actual Rows": 908644,
                  "Actual Loops": 4,
                  "Filter": "(keyword_id < 20742)",
                  "Rows Removed by Filter": 222339
                }
              ]
            }
          ]
        }
      ]
    },
    "Planning Time": 0.188,
    "Triggers": [],
    "Execution Time": 184.881
  }
]