[
  {
    "Plan": {
      "Node Type": "Aggregate",
      "Strategy": "Plain",
      "Partial Mode": "Finalize",
      "Parallel Aware": false,
      "Startup Cost": 84945.21,
      "Total Cost": 84945.22,
      "Plan Rows": 1,
      "Plan Width": 8,
      "Actual Startup Time": 215.149,
      "Actual Total Time": 240.932,
      "Actual Rows": 1,
      "Actual Loops": 1,
      "Plans": [
        {
          "Node Type": "Gather",
          "Parent Relationship": "Outer",
          "Parallel Aware": false,
          "Startup Cost": 84944.9,
          "Total Cost": 84945.21,
          "Plan Rows": 3,
          "Plan Width": 8,
          "Actual Startup Time": 214.57,
          "Actual Total Time": 240.923,
          "Actual Rows": 4,
          "Actual Loops": 1,
          "Workers Planned": 3,
          "Workers Launched": 3,
          "Single Copy": false,
          "Plans": [
            {
              "Node Type": "Aggregate",
              "Strategy": "Plain",
              "Partial Mode": "Partial",
              "Parent Relationship": "Outer",
              "Parallel Aware": false,
              "Startup Cost": 83944.9,
              "Total Cost": 83944.91,
              "Plan Rows": 1,
              "Plan Width": 8,
              "Actual Startup Time": 210.487,
              "Actual Total Time": 210.491,
              "Actual Rows": 1,
              "Actual Loops": 4,
              "Plans": [
                {
                  "Node Type": "Nested Loop",
                  "Parent Relationship": "Outer",
                  "Parallel Aware": false,
                  "Join Type": "Inner",
                  "Startup Cost": 50324.38,
                  "Total Cost": 83919.18,
                  "Plan Rows": 10287,
                  "Plan Width": 0,
                  "Actual Startup Time": 114.362,
                  "Actual Total Time": 208.538,
                  "Actual Rows": 26688,
                  "Actual Loops": 4,
                  "Inner Unique": false,
                  "Join Filter": "(t.id = mi.movie_id)",
                  "Rows Removed by Join Filter": 0,
                  "Plans": [
                    {
                      "Node Type": "Hash Join",
                      "Parent Relationship": "Outer",
                      "Parallel Aware": true,
                      "Join Type": "Inner",
                      "Startup Cost": 50323.94,
                      "Total Cost": 70612.82,
                      "Plan Rows": 1752,
                      "Plan Width": 8,
                      "Actual Startup Time": 114.234,
                      "Actual Total Time": 145.832,
                      "Actual Rows": 2895,
                      "Actual Loops": 4,
                      "Inner Unique": true,
                      "Hash Cond": "(mc.movie_id = t.id)",
                      "Plans": [
                        {
                          "Node Type": "Bitmap Heap Scan",
                          "Parent Relationship": "Outer",
                          "Parallel Aware": true,
                          "Relation Name": "movie_companies",
                          "Alias": "mc",
                          "Startup Cost": 6129.29,
                          "Total Cost": 26295.12,
                          "Plan Rows": 46876,
                          "Plan Width": 4,
                          "Actual Startup Time": 11.637,
                          "Actual Total Time": 29.026,
                          "Actual Rows": 69861,
                          "Actual Loops": 4,
                          "Recheck Cond": "(company_id > 96020)",
                          "Rows Removed by Index Recheck": 0,
                          "Filter": "(company_type_id = 2)",
                          "Rows Removed by Filter": 0,
                          "Exact Heap Blocks": 2212,
                          "Lossy Heap Blocks": 0,
                          "Plans": [
                            {
                              "Node Type": "Bitmap Index Scan",
                              "Parent Relationship": "Outer",
                              "Parallel Aware": false,
                              "Index Name": "company_id_movie_companies",
                              "Startup Cost": 0.0,
                              "Total Cost": 6092.97,
                              "Plan Rows": 284338,
                              "Plan Width": 0,
                              "Actual Startup Time": 10.975,
                              "Actual Total Time": 10.975,
                              "Actual Rows": 279445,
                              "Actual Loops": 1,
                              "Index Cond": "(company_id > 96020)"
                            }
                          ]
                        },
                        {
                          "Node Type": "Hash",
                          "Parent Relationship": "Inner",
                          "Parallel Aware": true,
                          "Startup Cost": 43899.32,
                          "Total Cost": 43899.32,
                          "Plan Rows": 23626,
                          "Plan Width": 4,
                          "Actual Startup Time": 101.922,
                          "Actual Total Time": 101.923,
                          "Actual Rows": 24645,
                          "Actual Loops": 4,
                          "Hash Buckets": 131072,
                          "Original Hash Buckets": 131072,
                          "Hash Batches": 1,
                          "Original Hash Batches": 1,
                          "Peak Memory Usage": 4928,
                          "Plans": [
                            {
                              "Node Type": "Seq Scan",
                              "Parent Relationship": "Outer",
                              "Parallel Aware": true,
                              "Relation Name": "title",
                              "Alias": "t",
                              "Startup Cost": 0.0,
                              "Total Cost": 43899.32,
                              "Plan Rows": 23626,
                              "Plan Width": 4,
                              "Actual Startup Time": 38.112,
                              "Actual Total Time": 93.084,
                              "Actual Rows": 24645,
                              "Actual Loops": 4,
                              "Filter": "(production_year < 1924)",
                              "Rows Removed by Filter": 607433
                            }
                          ]
                        }
                      ]
                    },
                    {
                      "Node Type": "Index Only Scan",
                      "Parent Relationship": "Inner",
                      "Parallel Aware": false,
                      "Scan Direction": "Forward",
                      "Index Name": "movie_id_movie_info",
                      "Relation Name": "movie_info",
                      "Alias": "mi",
                      "Startup Cost": 0.43,
                      "Total Cost": 7.08,
                      "Plan Rows": 41,
                      "Plan Width": 4,
                      "Actual Startup Time": 0.008,
                      "Actual Total Time": 0.02,
                      "Actual Rows": 9,
                      "Actual Loops": 11579,
                      "Index Cond": "(movie_id = mc.movie_id)",
                      "Rows Removed by Index Recheck": 0,
                      "Heap Fetches": 106751
                    }
                  ]
                }
              ]
            }
          ]
        }
      ]
    },
    "Planning Time": 0.582,
    "Triggers": [],
    "Execution Time": 240.989
  }
]