[
  {
    "Plan": {
      "Node Type": "Aggregate",
      "Strategy": "Plain",
      "Partial Mode": "Finalize",
      "Parallel Aware": false,
      "Startup Cost": 85011.1,
      "Total Cost": 85011.11,
      "Plan Rows": 1,
      "Plan Width": 8,
      "Actual Startup Time": 217.735,
      "Actual Total Time": 242.924,
      "Actual Rows": 1,
      "Actual Loops": 1,
      "Plans": [
        {
          "Node Type": "Gather",
          "Parent Relationship": "Outer",
          "Parallel Aware": false,
          "Startup Cost": 85010.78,
          "Total Cost": 85011.09,
          "Plan Rows": 3,
          "Plan Width": 8,
          "Actual Startup Time": 217.18,
          "Actual Total Time": 242.915,
          "Actual Rows": 4,
          "Actual Loops": 1,
          "Workers Planned": 3,
          "Workers Launched": 3,
          "Single Copy": false,
          "Plans": [
            {
              "Node Type": "Aggregate",
              "Strategy": "Plain",
              "Partial Mode": "Partial",
              "Parent Relationship": "Outer",
              "Parallel Aware": false,
              "Startup Cost": 84010.78,
              "Total Cost": 84010.79,
              "Plan Rows": 1,
              "Plan Width": 8,
              "Actual Startup Time": 207.59,
              "Actual Total Time": 207.594,
              "Actual Rows": 1,
              "Actual Loops": 4,
              "Plans": [
                {
                  "Node Type": "Nested Loop",
                  "Parent Relationship": "Outer",
                  "Parallel Aware": false,
                  "Join Type": "Inner",
                  "Startup Cost": 50254.77,
                  "Total Cost": 83985.32,
                  "Plan Rows": 10185,
                  "Plan Width": 0,
                  "Actual Startup Time": 120.481,
                  "Actual Total Time": 205.962,
                  "Actual Rows": 26688,
                  "Actual Loops": 4,
                  "Inner Unique": false,
                  "Join Filter": "(t.id = mi.movie_id)",
                  "Rows Removed by Join Filter": 0,
                  "Plans": [
                    {
                      "Node Type": "Hash Join",
                      "Parent Relationship": "Outer",
                      "Parallel Aware": true,
                      "Join Type": "Inner",
                      "Startup Cost": 50254.34,
                      "Total Cost": 70525.45,
                      "Plan Rows": 1742,
                      "Plan Width": 8,
                      "Actual Startup Time": 120.305,
                      "Actual Total Time": 148.746,
                      "Actual Rows": 2895,
                      "Actual Loops": 4,
                      "Inner Unique": true,
                      "Hash Cond": "(mc.movie_id = t.id)",
                      "Plans": [
                        {
                          "Node Type": "Bitmap Heap Scan",
                          "Parent Relationship": "Outer",
                          "Parallel Aware": true,
                          "Relation Name": "movie_companies",
                          "Alias": "mc",
                          "Startup Cost": 6056.5,
                          "Total Cost": 26206.75,
                          "Plan Rows": 46043,
                          "Plan Width": 4,
                          "Actual Startup Time": 14.745,
                          "Actual Total Time": 30.308,
                          "Actual Rows": 69861,
                          "Actual Loops": 4,
                          "Recheck Cond": "(company_id > 96020)",
                          "Rows Removed by Index Recheck": 0,
                          "Filter": "(company_type_id = 2)",
                          "Rows Removed by Filter": 0,
                          "Exact Heap Blocks": 1849,
                          "Lossy Heap Blocks": 0,
                          "Plans": [
                            {
                              "Node Type": "Bitmap Index Scan",
                              "Parent Relationship": "Outer",
                              "Parallel Aware": false,
                              "Index Name": "company_id_movie_companies",
                              "Startup Cost": 0.0,
                              "Total Cost": 6020.82,
                              "Plan Rows": 281118,
                              "Plan Width": 0,
                              "Actual Startup Time": 13.881,
                              "Actual Total Time": 13.882,
                              "Actual Rows": 279445,
                              "Actual Loops": 1,
                              "Index Cond": "(company_id > 96020)"
                            }
                          ]
                        },
                        {
                          "Node Type": "Hash",
                          "Parent Relationship": "Inner",
                          "Parallel Aware": true,
                          "Startup Cost": 43898.92,
                          "Total Cost": 43898.92,
                          "Plan Rows": 23914,
                          "Plan Width": 4,
                          "Actual Startup Time": 103.813,
                          "Actual Total Time": 103.813,
                          "Actual Rows": 24645,
                          "Actual Loops": 4,
                          "Hash Buckets": 131072,
                          "Original Hash Buckets": 131072,
                          "Hash Batches": 1,
                          "Original Hash Batches": 1,
                          "Peak Memory Usage": 4928,
                          "Plans": [
                            {
                              "Node Type": "Seq Scan",
                              "Parent Relationship": "Outer",
                              "Parallel Aware": true,
                              "Relation Name": "title",
                              "Alias": "t",
                              "Startup Cost": 0.0,
                              "Total Cost": 43898.92,
                              "Plan Rows": 23914,
                              "Plan Width": 4,
                              "Actual Startup Time": 57.832,
                              "Actual Total Time": 96.234,
                              "Actual Rows": 24645,
                              "Actual Loops": 4,
                              "Filter": "(production_year < 1924)",
                              "Rows Removed by Filter": 607433
                            }
                          ]
                        }
                      ]
                    },
                    {
                      "Node Type": "Index Only Scan",
                      "Parent Relationship": "Inner",
                      "Parallel Aware": false,
                      "Scan Direction": "Forward",
                      "Index Name": "movie_id_movie_info",
                      "Relation Name": "movie_info",
                      "Alias": "mi",
                      "Startup Cost": 0.43,
                      "Total Cost": 7.2,
                      "Plan Rows": 42,
                      "Plan Width": 4,
                      "Actual Startup Time": 0.008,
                      "Actual Total Time": 0.018,
                      "Actual Rows": 9,
                      "Actual Loops": 11579,
                      "Index Cond": "(movie_id = mc.movie_id)",
                      "Rows Removed by Index Recheck": 0,
                      "Heap Fetches": 106751
                    }
                  ]
                }
              ]
            }
          ]
        }
      ]
    },
    "Planning Time": 1.476,
    "Triggers": [],
    "Execution Time": 243.035
  }
]