[
  {
    "Plan": {
      "Node Type": "Aggregate",
      "Strategy": "Plain",
      "Partial Mode": "Simple",
      "Parallel Aware": false,
      "Startup Cost": 20678.73,
      "Total Cost": 20678.74,
      "Plan Rows": 1,
      "Plan Width": 8,
      "Actual Startup Time": 28.22,
      "Actual Total Time": 28.221,
      "Actual Rows": 1,
      "Actual Loops": 1,
      "Plans": [
        {
          "Node Type": "Bitmap Heap Scan",
          "Parent Relationship": "Outer",
          "Parallel Aware": false,
          "Relation Name": "movie_companies",
          "Alias": "mc",
          "Startup Cost": 1076.98,
          "Total Cost": 20615.4,
          "Plan Rows": 25333,
          "Plan Width": 0,
          "Actual Startup Time": 5.928,
          "Actual Total Time": 23.937,
          "Actual Rows": 47275,
          "Actual Loops": 1,
          "Recheck Cond": "(company_id > 193599)",
          "Rows Removed by Index Recheck": 0,
          "Filter": "(company_type_id = 2)",
          "Rows Removed by Filter": 0,
          "Exact Heap Blocks": 1782,
          "Lossy Heap Blocks": 0,
          "Plans": [
            {
              "Node Type": "Bitmap Index Scan",
              "Parent Relationship": "Outer",
              "Parallel Aware": false,
              "Index Name": "company_id_movie_companies",
              "Startup Cost": 0.0,
              "Total Cost": 1070.64,
              "Plan Rows": 49895,
              "Plan Width": 0,
              "Actual Startup Time": 5.372,
              "Actual Total Time": 5.372,
              "Actual Rows": 47275,
              "Actual Loops": 1,
              "Index Cond": "(company_id > 193599)"
            }
          ]
        }
      ]
    },
    "Planning Time": 0.208,
    "Triggers": [],
    "Execution Time": 28.277
  }
]