{
  "Plan": {
    "Node Type": "Aggregate",
    "Strategy": "Plain",
    "Partial Mode": "Finalize",
    "Parallel Aware": false,
    "Startup Cost": 52336.25,
    "Total Cost": 52336.26,
    "Plan Rows": 1,
    "Plan Width": 8,
    "Actual Startup Time": 55.894,
    "Actual Total Time": 62.661,
    "Actual Rows": 1,
    "Actual Loops": 1,
    "Plans": [
      {
        "Node Type": "Gather",
        "Parent Relationship": "Outer",
        "Parallel Aware": false,
        "Startup Cost": 52336.14,
        "Total Cost": 52336.25,
        "Plan Rows": 1,
        "Plan Width": 8,
        "Actual Startup Time": 55.671,
        "Actual Total Time": 62.655,
        "Actual Rows": 2,
        "Actual Loops": 1,
        "Workers Planned": 1,
        "Workers Launched": 1,
        "Single Copy": false,
        "Plans": [
          {
            "Node Type": "Aggregate",
            "Strategy": "Plain",
            "Partial Mode": "Partial",
            "Parent Relationship": "Outer",
            "Parallel Aware": false,
            "Startup Cost": 51336.14,
            "Total Cost": 51336.15,
            "Plan Rows": 1,
            "Plan Width": 8,
            "Actual Startup Time": 49.318,
            "Actual Total Time": 49.32,
            "Actual Rows": 1,
            "Actual Loops": 2,
            "Plans": [
              {
                "Node Type": "Nested Loop",
                "Parent Relationship": "Outer",
                "Parallel Aware": false,
                "Join Type": "Inner",
                "Startup Cost": 171.23,
                "Total Cost": 51331.84,
                "Plan Rows": 1721,
                "Plan Width": 0,
                "Actual Startup Time": 3.983,
                "Actual Total Time": 48.976,
                "Actual Rows": 2944,
                "Actual Loops": 2,
                "Inner Unique": false,
                "Plans": [
                  {
                    "Node Type": "Nested Loop",
                    "Parent Relationship": "Outer",
                    "Parallel Aware": false,
                    "Join Type": "Inner",
                    "Startup Cost": 170.8,
                    "Total Cost": 48840.66,
                    "Plan Rows": 4701,
                    "Plan Width": 8,
                    "Actual Startup Time": 3.721,
                    "Actual Total Time": 32.967,
                    "Actual Rows": 3820,
                    "Actual Loops": 2,
                    "Inner Unique": true,
                    "Plans": [
                      {
                        "Node Type": "Bitmap Heap Scan",
                        "Parent Relationship": "Outer",
                        "Parallel Aware": true,
                        "Relation Name": "movie_keyword",
                        "Alias": "mk",
                        "Startup Cost": 170.37,
                        "Total Cost": 16785.14,
                        "Plan Rows": 4701,
                        "Plan Width": 4,
                        "Actual Startup Time": 3.611,
                        "Actual Total Time": 11.322,
                        "Actual Rows": 3820,
                        "Actual Loops": 2,
                        "Recheck Cond": "(keyword_id = 3660)",
                        "Rows Removed by Index Recheck": 0,
                        "Exact Heap Blocks": 3454,
                        "Lossy Heap Blocks": 0,
                        "Plans": [
                          {
                            "Node Type": "Bitmap Index Scan",
                            "Parent Relationship": "Outer",
                            "Parallel Aware": false,
                            "Index Name": "keyword_id_movie_keyword",
                            "Startup Cost": 0.0,
                            "Total Cost": 168.37,
                            "Plan Rows": 7992,
                            "Plan Width": 0,
                            "Actual Startup Time": 4.864,
                            "Actual Total Time": 4.865,
                            "Actual Rows": 7640,
                            "Actual Loops": 1,
                            "Index Cond": "(keyword_id = 3660)"
                          }
                        ]
                      },
                      {
                        "Node Type": "Index Only Scan",
                        "Parent Relationship": "Inner",
                        "Parallel Aware": false,
                        "Scan Direction": "Forward",
                        "Index Name": "title_pkey",
                        "Relation Name": "title",
                        "Alias": "t",
                        "Startup Cost": 0.43,
                        "Total Cost": 6.82,
                        "Plan Rows": 1,
                        "Plan Width": 4,
                        "Actual Startup Time": 0.005,
                        "Actual Total Time": 0.005,
                        "Actual Rows": 1,
                        "Actual Loops": 7640,
                        "Index Cond": "(id = mk.movie_id)",
                        "Rows Removed by Index Recheck": 0,
                        "Heap Fetches": 7640
                      }
                    ]
                  },
                  {
                    "Node Type": "Index Scan",
                    "Parent Relationship": "Inner",
                    "Parallel Aware": false,
                    "Scan Direction": "Forward",
                    "Index Name": "movie_id_movie_info_idx",
                    "Relation Name": "movie_info_idx",
                    "Alias": "mi_idx",
                    "Startup Cost": 0.43,
                    "Total Cost": 0.51,
                    "Plan Rows": 2,
                    "Plan Width": 4,
                    "Actual Startup Time": 0.004,
                    "Actual Total Time": 0.004,
                    "Actual Rows": 1,
                    "Actual Loops": 7640,
                    "Index Cond": "(movie_id = t.id)",
                    "Rows Removed by Index Recheck": 0,
                    "Filter": "(info_type_id > 99)",
                    "Rows Removed by Filter": 0
                  }
                ]
              }
            ]
          }
        ]
      }
    ]
  },
  "Planning Time": 0.959,
  "Triggers": [],
  "Execution Time": 62.759
}