{
  "Plan": {
    "Node Type": "Aggregate",
    "Strategy": "Plain",
    "Partial Mode": "Finalize",
    "Parallel Aware": false,
    "Startup Cost": 130509.47,
    "Total Cost": 130509.48,
    "Plan Rows": 1,
    "Plan Width": 8,
    "Actual Startup Time": 841.691,
    "Actual Total Time": 859.508,
    "Actual Rows": 1,
    "Actual Loops": 1,
    "Plans": [
      {
        "Node Type": "Gather",
        "Parent Relationship": "Outer",
        "Parallel Aware": false,
        "Startup Cost": 130509.35,
        "Total Cost": 130509.46,
        "Plan Rows": 1,
        "Plan Width": 8,
        "Actual Startup Time": 839.535,
        "Actual Total Time": 859.499,
        "Actual Rows": 2,
        "Actual Loops": 1,
        "Workers Planned": 1,
        "Workers Launched": 1,
        "Single Copy": false,
        "Plans": [
          {
            "Node Type": "Aggregate",
            "Strategy": "Plain",
            "Partial Mode": "Partial",
            "Parent Relationship": "Outer",
            "Parallel Aware": false,
            "Startup Cost": 129509.35,
            "Total Cost": 129509.36,
            "Plan Rows": 1,
            "Plan Width": 8,
            "Actual Startup Time": 833.791,
            "Actual Total Time": 834.376,
            "Actual Rows": 1,
            "Actual Loops": 2,
            "Plans": [
              {
                "Node Type": "Hash Join",
                "Parent Relationship": "Outer",
                "Parallel Aware": true,
                "Join Type": "Inner",
                "Startup Cost": 84825.63,
                "Total Cost": 129260.02,
                "Plan Rows": 99733,
                "Plan Width": 0,
                "Actual Startup Time": 647.339,
                "Actual Total Time": 824.612,
                "Actual Rows": 242504,
                "Actual Loops": 2,
                "Inner Unique": false,
                "Hash Cond": "(mc.movie_id = t.id)",
                "Plans": [
                  {
                    "Node Type": "Seq Scan",
                    "Parent Relationship": "Outer",
                    "Parallel Aware": true,
                    "Relation Name": "movie_companies",
                    "Alias": "mc",
                    "Startup Cost": 0.0,
                    "Total Cost": 41811.73,
                    "Plan Rows": 542935,
                    "Plan Width": 4,
                    "Actual Startup Time": 49.321,
                    "Actual Total Time": 114.449,
                    "Actual Rows": 552348,
                    "Actual Loops": 2,
                    "Filter": "((company_id > 1684) AND (company_type_id = 2))",
                    "Rows Removed by Filter": 752216
                  },
                  {
                    "Node Type": "Hash",
                    "Parent Relationship": "Inner",
                    "Parallel Aware": true,
                    "Startup Cost": 81410.72,
                    "Total Cost": 81410.72,
                    "Plan Rows": 273193,
                    "Plan Width": 8,
                    "Actual Startup Time": 592.246,
                    "Actual Total Time": 592.829,
                    "Actual Rows": 229962,
                    "Actual Loops": 2,
                    "Hash Buckets": 524288,
                    "Original Hash Buckets": 524288,
                    "Hash Batches": 1,
                    "Original Hash Batches": 1,
                    "Peak Memory Usage": 22112,
                    "Plans": [
                      {
                        "Node Type": "Hash Join",
                        "Parent Relationship": "Outer",
                        "Parallel Aware": true,
                        "Join Type": "Inner",
                        "Startup Cost": 21497.23,
                        "Total Cost": 81410.72,
                        "Plan Rows": 273193,
                        "Plan Width": 8,
                        "Actual Startup Time": 122.734,
                        "Actual Total Time": 532.19,
                        "Actual Rows": 229962,
                        "Actual Loops": 2,
                        "Inner Unique": false,
                        "Hash Cond": "(t.id = mi_idx.movie_id)",
                        "Plans": [
                          {
                            "Node Type": "Seq Scan",
                            "Parent Relationship": "Outer",
                            "Parallel Aware": true,
                            "Relation Name": "title",
                            "Alias": "t",
                            "Startup Cost": 0.0,
                            "Total Cost": 50870.31,
                            "Plan Rows": 1487231,
                            "Plan Width": 4,
                            "Actual Startup Time": 0.008,
                            "Actual Total Time": 119.084,
                            "Actual Rows": 1264156,
                            "Actual Loops": 2
                          },
                          {
                            "Node Type": "Hash",
                            "Parent Relationship": "Inner",
                            "Parallel Aware": true,
                            "Startup Cost": 18082.32,
                            "Total Cost": 18082.32,
                            "Plan Rows": 273193,
                            "Plan Width": 4,
                            "Actual Startup Time": 119.261,
                            "Actual Total Time": 119.263,
                            "Actual Rows": 229962,
                            "Actual Loops": 2,
                            "Hash Buckets": 524288,
                            "Original Hash Buckets": 524288,
                            "Hash Batches": 1,
                            "Original Hash Batches": 1,
                            "Peak Memory Usage": 22112,
                            "Plans": [
                              {
                                "Node Type": "Seq Scan",
                                "Parent Relationship": "Outer",
                                "Parallel Aware": true,
                                "Relation Name": "movie_info_idx",
                                "Alias": "mi_idx",
                                "Startup Cost": 0.0,
                                "Total Cost": 18082.32,
                                "Plan Rows": 273193,
                                "Plan Width": 4,
                                "Actual Startup Time": 0.063,
                                "Actual Total Time": 66.657,
                                "Actual Rows": 229962,
                                "Actual Loops": 2,
                                "Filter": "(info_type_id = 100)",
                                "Rows Removed by Filter": 460055
                              }
                            ]
                          }
                        ]
                      }
                    ]
                  }
                ]
              }
            ]
          }
        ]
      }
    ]
  },
  "Planning Time": 0.918,
  "Triggers": [],
  "Execution Time": 859.623
}