[
    {
        "Bao": {
            "Bao prediction": "NaN",
            "Bao recommended hint": "(no hint)"
        }
    },
    {
        "Plan": {
            "Node Type": "Aggregate",
            "Strategy": "Plain",
            "Partial Mode": "Finalize",
            "Parallel Aware": false,
            "Startup Cost": 379747.14,
            "Total Cost": 379747.15,
            "Plan Rows": 1,
            "Plan Width": 8,
            "Actual Startup Time": 688.367,
            "Actual Total Time": 716.102,
            "Actual Rows": 1,
            "Actual Loops": 1,
            "Output": [
                "count(*)"
            ],
            "Plans": [
                {
                    "Node Type": "Gather",
                    "Parent Relationship": "Outer",
                    "Parallel Aware": false,
                    "Startup Cost": 379746.51,
                    "Total Cost": 379747.12,
                    "Plan Rows": 6,
                    "Plan Width": 8,
                    "Actual Startup Time": 676.48,
                    "Actual Total Time": 716.088,
                    "Actual Rows": 7,
                    "Actual Loops": 1,
                    "Output": [
                        "(PARTIAL count(*))"
                    ],
                    "Workers Planned": 6,
                    "Workers Launched": 6,
                    "Single Copy": false,
                    "Plans": [
                        {
                            "Node Type": "Aggregate",
                            "Strategy": "Plain",
                            "Partial Mode": "Partial",
                            "Parent Relationship": "Outer",
                            "Parallel Aware": false,
                            "Startup Cost": 378746.51,
                            "Total Cost": 378746.52,
                            "Plan Rows": 1,
                            "Plan Width": 8,
                            "Actual Startup Time": 661.236,
                            "Actual Total Time": 661.24,
                            "Actual Rows": 1,
                            "Actual Loops": 7,
                            "Output": [
                                "PARTIAL count(*)"
                            ],
                            "Workers": [
                                {
                                    "Worker Number": 0,
                                    "Actual Startup Time": 658.556,
                                    "Actual Total Time": 658.559,
                                    "Actual Rows": 1,
                                    "Actual Loops": 1
                                },
                                {
                                    "Worker Number": 1,
                                    "Actual Startup Time": 658.59,
                                    "Actual Total Time": 658.593,
                                    "Actual Rows": 1,
                                    "Actual Loops": 1
                                },
                                {
                                    "Worker Number": 2,
                                    "Actual Startup Time": 658.605,
                                    "Actual Total Time": 658.608,
                                    "Actual Rows": 1,
                                    "Actual Loops": 1
                                },
                                {
                                    "Worker Number": 3,
                                    "Actual Startup Time": 659.57,
                                    "Actual Total Time": 659.573,
                                    "Actual Rows": 1,
                                    "Actual Loops": 1
                                },
                                {
                                    "Worker Number": 4,
                                    "Actual Startup Time": 658.789,
                                    "Actual Total Time": 658.794,
                                    "Actual Rows": 1,
                                    "Actual Loops": 1
                                },
                                {
                                    "Worker Number": 5,
                                    "Actual Startup Time": 659.03,
                                    "Actual Total Time": 659.033,
                                    "Actual Rows": 1,
                                    "Actual Loops": 1
                                }
                            ],
                            "Plans": [
                                {
                                    "Node Type": "Hash Join",
                                    "Parent Relationship": "Outer",
                                    "Parallel Aware": true,
                                    "Join Type": "Inner",
                                    "Startup Cost": 117630.52,
                                    "Total Cost": 378109.67,
                                    "Plan Rows": 254738,
                                    "Plan Width": 0,
                                    "Actual Startup Time": 400.11,
                                    "Actual Total Time": 649.126,
                                    "Actual Rows": 216436,
                                    "Actual Loops": 7,
                                    "Inner Unique": true,
                                    "Hash Cond": "(ci.movie_id = t.id)",
                                    "Workers": [
                                        {
                                            "Worker Number": 0,
                                            "Actual Startup Time": 397.374,
                                            "Actual Total Time": 644.814,
                                            "Actual Rows": 180005,
                                            "Actual Loops": 1
                                        },
                                        {
                                            "Worker Number": 1,
                                            "Actual Startup Time": 398.055,
                                            "Actual Total Time": 646.85,
                                            "Actual Rows": 230560,
                                            "Actual Loops": 1
                                        },
                                        {
                                            "Worker Number": 2,
                                            "Actual Startup Time": 397.883,
                                            "Actual Total Time": 646.852,
                                            "Actual Rows": 229943,
                                            "Actual Loops": 1
                                        },
                                        {
                                            "Worker Number": 3,
                                            "Actual Startup Time": 397.196,
                                            "Actual Total Time": 646.14,
                                            "Actual Rows": 186811,
                                            "Actual Loops": 1
                                        },
                                        {
                                            "Worker Number": 4,
                                            "Actual Startup Time": 397.924,
                                            "Actual Total Time": 646.965,
                                            "Actual Rows": 212354,
                                            "Actual Loops": 1
                                        },
                                        {
                                            "Worker Number": 5,
                                            "Actual Startup Time": 397.903,
                                            "Actual Total Time": 647.983,
                                            "Actual Rows": 226042,
                                            "Actual Loops": 1
                                        }
                                    ],
                                    "Plans": [
                                        {
                                            "Node Type": "Bitmap Heap Scan",
                                            "Parent Relationship": "Outer",
                                            "Parallel Aware": true,
                                            "Relation Name": "cast_info",
                                            "Schema": "public",
                                            "Alias": "ci",
                                            "Startup Cost": 68244.57,
                                            "Total Cost": 327371.35,
                                            "Plan Rows": 515183,
                                            "Plan Width": 4,
                                            "Actual Startup Time": 225.864,
                                            "Actual Total Time": 310.06,
                                            "Actual Rows": 448775,
                                            "Actual Loops": 7,
                                            "Output": [
                                                "ci.id",
                                                "ci.person_id",
                                                "ci.movie_id",
                                                "ci.person_role_id",
                                                "ci.note",
                                                "ci.nr_order",
                                                "ci.role_id"
                                            ],
                                            "Recheck Cond": "(ci.person_id < 304287)",
                                            "Rows Removed by Index Recheck": 0,
                                            "Exact Heap Blocks": 5743,
                                            "Lossy Heap Blocks": 0,
                                            "Workers": [
                                                {
                                                    "Worker Number": 0,
                                                    "Actual Startup Time": 225.804,
                                                    "Actual Total Time": 313.35,
                                                    "Actual Rows": 363929,
                                                    "Actual Loops": 1
                                                },
                                                {
                                                    "Worker Number": 1,
                                                    "Actual Startup Time": 226.291,
                                                    "Actual Total Time": 309.545,
                                                    "Actual Rows": 479329,
                                                    "Actual Loops": 1
                                                },
                                                {
                                                    "Worker Number": 2,
                                                    "Actual Startup Time": 226.079,
                                                    "Actual Total Time": 309.292,
                                                    "Actual Rows": 478210,
                                                    "Actual Loops": 1
                                                },
                                                {
                                                    "Worker Number": 3,
                                                    "Actual Startup Time": 225.47,
                                                    "Actual Total Time": 313.057,
                                                    "Actual Rows": 390610,
                                                    "Actual Loops": 1
                                                },
                                                {
                                                    "Worker Number": 4,
                                                    "Actual Startup Time": 225.888,
                                                    "Actual Total Time": 312.139,
                                                    "Actual Rows": 438430,
                                                    "Actual Loops": 1
                                                },
                                                {
                                                    "Worker Number": 5,
                                                    "Actual Startup Time": 225.719,
                                                    "Actual Total Time": 311.26,
                                                    "Actual Rows": 469117,
                                                    "Actual Loops": 1
                                                }
                                            ],
                                            "Plans": [
                                                {
                                                    "Node Type": "Bitmap Index Scan",
                                                    "Parent Relationship": "Outer",
                                                    "Parallel Aware": false,
                                                    "Index Name": "person_id_cast_info",
                                                    "Startup Cost": 0.0,
                                                    "Total Cost": 67471.79,
                                                    "Plan Rows": 3091097,
                                                    "Plan Width": 0,
                                                    "Actual Startup Time": 217.084,
                                                    "Actual Total Time": 217.085,
                                                    "Actual Rows": 3141423,
                                                    "Actual Loops": 1,
                                                    "Index Cond": "(ci.person_id < 304287)",
                                                    "Workers": [
                                                        {
                                                            "Worker Number": 3,
                                                            "Actual Startup Time": 217.084,
                                                            "Actual Total Time": 217.085,
                                                            "Actual Rows": 3141423,
                                                            "Actual Loops": 1
                                                        }
                                                    ]
                                                }
                                            ]
                                        },
                                        {
                                            "Node Type": "Hash",
                                            "Parent Relationship": "Inner",
                                            "Parallel Aware": true,
                                            "Startup Cost": 45479.21,
                                            "Total Cost": 45479.21,
                                            "Plan Rows": 312540,
                                            "Plan Width": 4,
                                            "Actual Startup Time": 169.39,
                                            "Actual Total Time": 169.391,
                                            "Actual Rows": 174505,
                                            "Actual Loops": 7,
                                            "Output": [
                                                "t.id"
                                            ],
                                            "Hash Buckets": 2097152,
                                            "Original Hash Buckets": 2097152,
                                            "Hash Batches": 1,
                                            "Original Hash Batches": 1,
                                            "Peak Memory Usage": 64288,
                                            "Workers": [
                                                {
                                                    "Worker Number": 0,
                                                    "Actual Startup Time": 171.079,
                                                    "Actual Total Time": 171.08,
                                                    "Actual Rows": 131852,
                                                    "Actual Loops": 1
                                                },
                                                {
                                                    "Worker Number": 1,
                                                    "Actual Startup Time": 171.129,
                                                    "Actual Total Time": 171.13,
                                                    "Actual Rows": 171640,
                                                    "Actual Loops": 1
                                                },
                                                {
                                                    "Worker Number": 2,
                                                    "Actual Startup Time": 171.072,
                                                    "Actual Total Time": 171.072,
                                                    "Actual Rows": 171060,
                                                    "Actual Loops": 1
                                                },
                                                {
                                                    "Worker Number": 3,
                                                    "Actual Startup Time": 171.087,
                                                    "Actual Total Time": 171.088,
                                                    "Actual Rows": 129944,
                                                    "Actual Loops": 1
                                                },
                                                {
                                                    "Worker Number": 4,
                                                    "Actual Startup Time": 171.351,
                                                    "Actual Total Time": 171.353,
                                                    "Actual Rows": 181904,
                                                    "Actual Loops": 1
                                                },
                                                {
                                                    "Worker Number": 5,
                                                    "Actual Startup Time": 171.621,
                                                    "Actual Total Time": 171.622,
                                                    "Actual Rows": 178327,
                                                    "Actual Loops": 1
                                                }
                                            ],
                                            "Plans": [
                                                {
                                                    "Node Type": "Seq Scan",
                                                    "Parent Relationship": "Outer",
                                                    "Parallel Aware": true,
                                                    "Relation Name": "title",
                                                    "Schema": "public",
                                                    "Alias": "t",
                                                    "Startup Cost": 0.0,
                                                    "Total Cost": 45479.21,
                                                    "Plan Rows": 312540,
                                                    "Plan Width": 4,
                                                    "Actual Startup Time": 0.048,
                                                    "Actual Total Time": 79.084,
                                                    "Actual Rows": 174505,
                                                    "Actual Loops": 7,
                                                    "Output": [
                                                        "t.id"
                                                    ],
                                                    "Filter": "((t.production_year < 2011) AND (t.kind_id = 7))",
                                                    "Rows Removed by Filter": 186683,
                                                    "Workers": [
                                                        {
                                                            "Worker Number": 0,
                                                            "Actual Startup Time": 0.056,
                                                            "Actual Total Time": 83.272,
                                                            "Actual Rows": 131852,
                                                            "Actual Loops": 1
                                                        },
                                                        {
                                                            "Worker Number": 1,
                                                            "Actual Startup Time": 0.047,
                                                            "Actual Total Time": 80.212,
                                                            "Actual Rows": 171640,
                                                            "Actual Loops": 1
                                                        },
                                                        {
                                                            "Worker Number": 2,
                                                            "Actual Startup Time": 0.066,
                                                            "Actual Total Time": 80.18,
                                                            "Actual Rows": 171060,
                                                            "Actual Loops": 1
                                                        },
                                                        {
                                                            "Worker Number": 3,
                                                            "Actual Startup Time": 0.052,
                                                            "Actual Total Time": 80.087,
                                                            "Actual Rows": 129944,
                                                            "Actual Loops": 1
                                                        },
                                                        {
                                                            "Worker Number": 4,
                                                            "Actual Startup Time": 0.04,
                                                            "Actual Total Time": 79.082,
                                                            "Actual Rows": 181904,
                                                            "Actual Loops": 1
                                                        },
                                                        {
                                                            "Worker Number": 5,
                                                            "Actual Startup Time": 0.056,
                                                            "Actual Total Time": 80.031,
                                                            "Actual Rows": 178327,
                                                            "Actual Loops": 1
                                                        }
                                                    ]
                                                }
                                            ]
                                        }
                                    ]
                                }
                            ]
                        }
                    ]
                }
            ]
        },
        "Planning Time": 345.587,
        "Triggers": [],
        "Execution Time": 716.26
    }
]