[
  {
    "Plan": {
      "Node Type": "Aggregate",
      "Strategy": "Plain",
      "Partial Mode": "Finalize",
      "Parallel Aware": false,
      "Startup Cost": 85663.69,
      "Total Cost": 85663.7,
      "Plan Rows": 1,
      "Plan Width": 8,
      "Actual Startup Time": 323.957,
      "Actual Total Time": 338.926,
      "Actual Rows": 1,
      "Actual Loops": 1,
      "Plans": [
        {
          "Node Type": "Gather",
          "Parent Relationship": "Outer",
          "Parallel Aware": false,
          "Startup Cost": 85663.37,
          "Total Cost": 85663.68,
          "Plan Rows": 3,
          "Plan Width": 8,
          "Actual Startup Time": 320.35,
          "Actual Total Time": 338.917,
          "Actual Rows": 4,
          "Actual Loops": 1,
          "Workers Planned": 3,
          "Workers Launched": 3,
          "Single Copy": false,
          "Plans": [
            {
              "Node Type": "Aggregate",
              "Strategy": "Plain",
              "Partial Mode": "Partial",
              "Parent Relationship": "Outer",
              "Parallel Aware": false,
              "Startup Cost": 84663.37,
              "Total Cost": 84663.38,
              "Plan Rows": 1,
              "Plan Width": 8,
              "Actual Startup Time": 310.942,
              "Actual Total Time": 310.945,
              "Actual Rows": 1,
              "Actual Loops": 4,
              "Plans": [
                {
                  "Node Type": "Hash Join",
                  "Parent Relationship": "Outer",
                  "Parallel Aware": true,
                  "Join Type": "Inner",
                  "Startup Cost": 57471.34,
                  "Total Cost": 84543.46,
                  "Plan Rows": 47964,
                  "Plan Width": 0,
                  "Actual Startup Time": 208.991,
                  "Actual Total Time": 308.117,
                  "Actual Rows": 52953,
                  "Actual Loops": 4,
                  "Inner Unique": true,
                  "Hash Cond": "(mk.movie_id = t.id)",
                  "Plans": [
                    {
                      "Node Type": "Bitmap Heap Scan",
                      "Parent Relationship": "Outer",
                      "Parallel Aware": true,
                      "Relation Name": "movie_keyword",
                      "Alias": "mk",
                      "Startup Cost": 11383.14,
                      "Total Cost": 38000.89,
                      "Plan Rows": 173099,
                      "Plan Width": 4,
                      "Actual Startup Time": 32.087,
                      "Actual Total Time": 91.817,
                      "Actual Rows": 136876,
                      "Actual Loops": 4,
                      "Recheck Cond": "(keyword_id < 394)",
                      "Rows Removed by Index Recheck": 0,
                      "Exact Heap Blocks": 6955,
                      "Lossy Heap Blocks": 0,
                      "Plans": [
                        {
                          "Node Type": "Bitmap Index Scan",
                          "Parent Relationship": "Outer",
                          "Parallel Aware": false,
                          "Index Name": "keyword_id_movie_keyword",
                          "Startup Cost": 0.0,
                          "Total Cost": 11248.99,
                          "Plan Rows": 536608,
                          "Plan Width": 0,
                          "Actual Startup Time": 28.463,
                          "Actual Total Time": 28.464,
                          "Actual Rows": 547506,
                          "Actual Loops": 1,
                          "Index Cond": "(keyword_id < 394)"
                        }
                      ]
                    },
                    {
                      "Node Type": "Hash",
                      "Parent Relationship": "Inner",
                      "Parallel Aware": true,
                      "Startup Cost": 43898.92,
                      "Total Cost": 43898.92,
                      "Plan Rows": 175142,
                      "Plan Width": 4,
                      "Actual Startup Time": 171.772,
                      "Actual Total Time": 171.773,
                      "Actual Rows": 176796,
                      "Actual Loops": 4,
                      "Hash Buckets": 1048576,
                      "Original Hash Buckets": 1048576,
                      "Hash Batches": 1,
                      "Original Hash Batches": 1,
                      "Peak Memory Usage": 35936,
                      "Plans": [
                        {
                          "Node Type": "Seq Scan",
                          "Parent Relationship": "Outer",
                          "Parallel Aware": true,
                          "Relation Name": "title",
                          "Alias": "t",
                          "Startup Cost": 0.0,
                          "Total Cost": 43898.92,
                          "Plan Rows": 175142,
                          "Plan Width": 4,
                          "Actual Startup Time": 0.045,
                          "Actual Total Time": 103.605,
                          "Actual Rows": 176796,
                          "Actual Loops": 4,
                          "Filter": "(production_year < 1991)",
                          "Rows Removed by Filter": 455282
                        }
                      ]
                    }
                  ]
                }
              ]
            }
          ]
        }
      ]
    },
    "Planning Time": 0.608,
    "Triggers": [],
    "Execution Time": 339.018
  }
]