[
  {
    "Plan": {
      "Node Type": "Aggregate",
      "Strategy": "Plain",
      "Partial Mode": "Finalize",
      "Parallel Aware": false,
      "Startup Cost": 27723.97,
      "Total Cost": 27723.98,
      "Plan Rows": 1,
      "Plan Width": 8,
      "Actual Startup Time": 58.368,
      "Actual Total Time": 63.03,
      "Actual Rows": 1,
      "Actual Loops": 1,
      "Plans": [
        {
          "Node Type": "Gather",
          "Parent Relationship": "Outer",
          "Parallel Aware": false,
          "Startup Cost": 27723.55,
          "Total Cost": 27723.96,
          "Plan Rows": 4,
          "Plan Width": 8,
          "Actual Startup Time": 58.176,
          "Actual Total Time": 63.02,
          "Actual Rows": 5,
          "Actual Loops": 1,
          "Workers Planned": 4,
          "Workers Launched": 4,
          "Single Copy": false,
          "Plans": [
            {
              "Node Type": "Aggregate",
              "Strategy": "Plain",
              "Partial Mode": "Partial",
              "Parent Relationship": "Outer",
              "Parallel Aware": false,
              "Startup Cost": 26723.55,
              "Total Cost": 26723.56,
              "Plan Rows": 1,
              "Plan Width": 8,
              "Actual Startup Time": 51.736,
              "Actual Total Time": 51.737,
              "Actual Rows": 1,
              "Actual Loops": 5,
              "Plans": [
                {
                  "Node Type": "Index Scan",
                  "Parent Relationship": "Outer",
                  "Parallel Aware": true,
                  "Scan Direction": "Forward",
                  "Index Name": "role_id_cast_info",
                  "Relation Name": "cast_info",
                  "Alias": "ci",
                  "Startup Cost": 0.56,
                  "Total Cost": 26337.94,
                  "Plan Rows": 154245,
                  "Plan Width": 0,
                  "Actual Startup Time": 0.182,
                  "Actual Total Time": 43.408,
                  "Actual Rows": 145662,
                  "Actual Loops": 5,
                  "Index Cond": "(role_id = 5)",
                  "Rows Removed by Index Recheck": 0,
                  "Filter": "(person_id > 1249710)",
                  "Rows Removed by Filter": 34016
                }
              ]
            }
          ]
        }
      ]
    },
    "Planning Time": 0.244,
    "Triggers": [],
    "Execution Time": 63.092
  }
]