{
  "Plan": {
    "Node Type": "Aggregate",
    "Strategy": "Plain",
    "Partial Mode": "Finalize",
    "Parallel Aware": false,
    "Startup Cost": 117801.81,
    "Total Cost": 117801.82,
    "Plan Rows": 1,
    "Plan Width": 8,
    "Actual Startup Time": 480.245,
    "Actual Total Time": 496.564,
    "Actual Rows": 1,
    "Actual Loops": 1,
    "Plans": [
      {
        "Node Type": "Gather",
        "Parent Relationship": "Outer",
        "Parallel Aware": false,
        "Startup Cost": 117801.7,
        "Total Cost": 117801.81,
        "Plan Rows": 1,
        "Plan Width": 8,
        "Actual Startup Time": 480.091,
        "Actual Total Time": 496.557,
        "Actual Rows": 2,
        "Actual Loops": 1,
        "Workers Planned": 1,
        "Workers Launched": 1,
        "Single Copy": false,
        "Plans": [
          {
            "Node Type": "Aggregate",
            "Strategy": "Plain",
            "Partial Mode": "Partial",
            "Parent Relationship": "Outer",
            "Parallel Aware": false,
            "Startup Cost": 116801.7,
            "Total Cost": 116801.71,
            "Plan Rows": 1,
            "Plan Width": 8,
            "Actual Startup Time": 474.361,
            "Actual Total Time": 474.364,
            "Actual Rows": 1,
            "Actual Loops": 2,
            "Plans": [
              {
                "Node Type": "Hash Join",
                "Parent Relationship": "Outer",
                "Parallel Aware": true,
                "Join Type": "Inner",
                "Startup Cost": 54771.2,
                "Total Cost": 116761.69,
                "Plan Rows": 16004,
                "Plan Width": 0,
                "Actual Startup Time": 153.21,
                "Actual Total Time": 473.414,
                "Actual Rows": 16662,
                "Actual Loops": 2,
                "Inner Unique": true,
                "Hash Cond": "(mk.movie_id = t.id)",
                "Plans": [
                  {
                    "Node Type": "Seq Scan",
                    "Parent Relationship": "Outer",
                    "Parallel Aware": true,
                    "Relation Name": "movie_keyword",
                    "Alias": "mk",
                    "Startup Cost": 0.0,
                    "Total Cost": 57718.19,
                    "Plan Rows": 1627536,
                    "Plan Width": 4,
                    "Actual Startup Time": 0.285,
                    "Actual Total Time": 219.474,
                    "Actual Rows": 1377380,
                    "Actual Loops": 2,
                    "Filter": "(keyword_id > 2867)",
                    "Rows Removed by Filter": 884586
                  },
                  {
                    "Node Type": "Hash",
                    "Parent Relationship": "Inner",
                    "Parallel Aware": true,
                    "Startup Cost": 54588.39,
                    "Total Cost": 54588.39,
                    "Plan Rows": 14625,
                    "Plan Width": 4,
                    "Actual Startup Time": 151.038,
                    "Actual Total Time": 151.039,
                    "Actual Rows": 11900,
                    "Actual Loops": 2,
                    "Hash Buckets": 32768,
                    "Original Hash Buckets": 32768,
                    "Hash Batches": 1,
                    "Original Hash Batches": 1,
                    "Peak Memory Usage": 1216,
                    "Plans": [
                      {
                        "Node Type": "Seq Scan",
                        "Parent Relationship": "Outer",
                        "Parallel Aware": true,
                        "Relation Name": "title",
                        "Alias": "t",
                        "Startup Cost": 0.0,
                        "Total Cost": 54588.39,
                        "Plan Rows": 14625,
                        "Plan Width": 4,
                        "Actual Startup Time": 0.086,
                        "Actual Total Time": 146.077,
                        "Actual Rows": 11900,
                        "Actual Loops": 2,
                        "Filter": "(production_year = 1991)",
                        "Rows Removed by Filter": 1252256
                      }
                    ]
                  }
                ]
              }
            ]
          }
        ]
      }
    ]
  },
  "Planning Time": 0.481,
  "Triggers": [],
  "Execution Time": 496.638
}