[
  {
    "Plan": {
      "Node Type": "Aggregate",
      "Strategy": "Plain",
      "Partial Mode": "Finalize",
      "Parallel Aware": false,
      "Startup Cost": 60283.06,
      "Total Cost": 60283.07,
      "Plan Rows": 1,
      "Plan Width": 8,
      "Actual Startup Time": 204.335,
      "Actual Total Time": 219.152,
      "Actual Rows": 1,
      "Actual Loops": 1,
      "Plans": [
        {
          "Node Type": "Gather",
          "Parent Relationship": "Outer",
          "Parallel Aware": false,
          "Startup Cost": 60282.84,
          "Total Cost": 60283.05,
          "Plan Rows": 2,
          "Plan Width": 8,
          "Actual Startup Time": 203.916,
          "Actual Total Time": 219.144,
          "Actual Rows": 3,
          "Actual Loops": 1,
          "Workers Planned": 2,
          "Workers Launched": 2,
          "Single Copy": false,
          "Plans": [
            {
              "Node Type": "Aggregate",
              "Strategy": "Plain",
              "Partial Mode": "Partial",
              "Parent Relationship": "Outer",
              "Parallel Aware": false,
              "Startup Cost": 59282.84,
              "Total Cost": 59282.85,
              "Plan Rows": 1,
              "Plan Width": 8,
              "Actual Startup Time": 197.43,
              "Actual Total Time": 197.434,
              "Actual Rows": 1,
              "Actual Loops": 3,
              "Plans": [
                {
                  "Node Type": "Hash Join",
                  "Parent Relationship": "Outer",
                  "Parallel Aware": true,
                  "Join Type": "Inner",
                  "Startup Cost": 44059.2,
                  "Total Cost": 59253.76,
                  "Plan Rows": 11635,
                  "Plan Width": 0,
                  "Actual Startup Time": 148.971,
                  "Actual Total Time": 197.193,
                  "Actual Rows": 4055,
                  "Actual Loops": 3,
                  "Inner Unique": true,
                  "Hash Cond": "(mi_idx.movie_id = t.id)",
                  "Plans": [
                    {
                      "Node Type": "Seq Scan",
                      "Parent Relationship": "Outer",
                      "Parallel Aware": true,
                      "Relation Name": "movie_info_idx",
                      "Alias": "mi_idx",
                      "Startup Cost": 0.0,
                      "Total Cost": 13685.15,
                      "Plan Rows": 575015,
                      "Plan Width": 4,
                      "Actual Startup Time": 0.008,
                      "Actual Total Time": 38.084,
                      "Actual Rows": 460012,
                      "Actual Loops": 3
                    },
                    {
                      "Node Type": "Hash",
                      "Parent Relationship": "Inner",
                      "Parallel Aware": true,
                      "Startup Cost": 43899.32,
                      "Total Cost": 43899.32,
                      "Plan Rows": 12790,
                      "Plan Width": 4,
                      "Actual Startup Time": 115.392,
                      "Actual Total Time": 115.393,
                      "Actual Rows": 17241,
                      "Actual Loops": 3,
                      "Hash Buckets": 65536,
                      "Original Hash Buckets": 65536,
                      "Hash Batches": 1,
                      "Original Hash Batches": 1,
                      "Peak Memory Usage": 2560,
                      "Plans": [
                        {
                          "Node Type": "Seq Scan",
                          "Parent Relationship": "Outer",
                          "Parallel Aware": true,
                          "Relation Name": "title",
                          "Alias": "t",
                          "Startup Cost": 0.0,
                          "Total Cost": 43899.32,
                          "Plan Rows": 12790,
                          "Plan Width": 4,
                          "Actual Startup Time": 61.727,
                          "Actual Total Time": 110.131,
                          "Actual Rows": 17241,
                          "Actual Loops": 3,
                          "Filter": "(production_year < 1914)",
                          "Rows Removed by Filter": 825530
                        }
                      ]
                    }
                  ]
                }
              ]
            }
          ]
        }
      ]
    },
    "Planning Time": 0.506,
    "Triggers": [],
    "Execution Time": 219.208
  }
]