[
  {
    "Plan": {
      "Node Type": "Aggregate",
      "Strategy": "Plain",
      "Partial Mode": "Finalize",
      "Parallel Aware": false,
      "Startup Cost": 33120.71,
      "Total Cost": 33120.72,
      "Plan Rows": 1,
      "Plan Width": 8,
      "Actual Startup Time": 112.428,
      "Actual Total Time": 121.169,
      "Actual Rows": 1,
      "Actual Loops": 1,
      "Plans": [
        {
          "Node Type": "Gather",
          "Parent Relationship": "Outer",
          "Parallel Aware": false,
          "Startup Cost": 33120.4,
          "Total Cost": 33120.71,
          "Plan Rows": 3,
          "Plan Width": 8,
          "Actual Startup Time": 112.312,
          "Actual Total Time": 121.161,
          "Actual Rows": 4,
          "Actual Loops": 1,
          "Workers Planned": 3,
          "Workers Launched": 3,
          "Single Copy": false,
          "Plans": [
            {
              "Node Type": "Aggregate",
              "Strategy": "Plain",
              "Partial Mode": "Partial",
              "Parent Relationship": "Outer",
              "Parallel Aware": false,
              "Startup Cost": 32120.4,
              "Total Cost": 32120.41,
              "Plan Rows": 1,
              "Plan Width": 8,
              "Actual Startup Time": 105.488,
              "Actual Total Time": 105.489,
              "Actual Rows": 1,
              "Actual Loops": 4,
              "Plans": [
                {
                  "Node Type": "Seq Scan",
                  "Parent Relationship": "Outer",
                  "Parallel Aware": true,
                  "Relation Name": "movie_companies",
                  "Alias": "mc",
                  "Startup Cost": 0.0,
                  "Total Cost": 31414.82,
                  "Plan Rows": 282231,
                  "Plan Width": 0,
                  "Actual Startup Time": 0.038,
                  "Actual Total Time": 88.193,
                  "Actual Rows": 299663,
                  "Actual Loops": 4,
                  "Filter": "((company_id < 29406) AND (company_type_id = 1))",
                  "Rows Removed by Filter": 352620
                }
              ]
            }
          ]
        }
      ]
    },
    "Planning Time": 0.18,
    "Triggers": [],
    "Execution Time": 121.198
  }
]