[
    {
        "Bao": {
            "Bao prediction": 908.228,
            "Bao recommended hint": "SET enable_mergejoin TO off; "
        }
    },
    {
        "Plan": {
            "Node Type": "Aggregate",
            "Strategy": "Plain",
            "Partial Mode": "Finalize",
            "Parallel Aware": false,
            "Startup Cost": 77862.51,
            "Total Cost": 77862.52,
            "Plan Rows": 1,
            "Plan Width": 8,
            "Actual Startup Time": 329.689,
            "Actual Total Time": 337.299,
            "Actual Rows": 1,
            "Actual Loops": 1,
            "Output": [
                "count(*)"
            ],
            "Plans": [
                {
                    "Node Type": "Gather",
                    "Parent Relationship": "Outer",
                    "Parallel Aware": false,
                    "Startup Cost": 77862.09,
                    "Total Cost": 77862.5,
                    "Plan Rows": 4,
                    "Plan Width": 8,
                    "Actual Startup Time": 327.186,
                    "Actual Total Time": 337.275,
                    "Actual Rows": 5,
                    "Actual Loops": 1,
                    "Output": [
                        "(PARTIAL count(*))"
                    ],
                    "Workers Planned": 4,
                    "Workers Launched": 4,
                    "Single Copy": false,
                    "Plans": [
                        {
                            "Node Type": "Aggregate",
                            "Strategy": "Plain",
                            "Partial Mode": "Partial",
                            "Parent Relationship": "Outer",
                            "Parallel Aware": false,
                            "Startup Cost": 76862.09,
                            "Total Cost": 76862.1,
                            "Plan Rows": 1,
                            "Plan Width": 8,
                            "Actual Startup Time": 318.202,
                            "Actual Total Time": 318.206,
                            "Actual Rows": 1,
                            "Actual Loops": 5,
                            "Output": [
                                "PARTIAL count(*)"
                            ],
                            "Workers": [
                                {
                                    "Worker Number": 0,
                                    "Actual Startup Time": 316.147,
                                    "Actual Total Time": 316.15,
                                    "Actual Rows": 1,
                                    "Actual Loops": 1
                                },
                                {
                                    "Worker Number": 1,
                                    "Actual Startup Time": 315.985,
                                    "Actual Total Time": 315.989,
                                    "Actual Rows": 1,
                                    "Actual Loops": 1
                                },
                                {
                                    "Worker Number": 2,
                                    "Actual Startup Time": 316.127,
                                    "Actual Total Time": 316.131,
                                    "Actual Rows": 1,
                                    "Actual Loops": 1
                                },
                                {
                                    "Worker Number": 3,
                                    "Actual Startup Time": 316.312,
                                    "Actual Total Time": 316.315,
                                    "Actual Rows": 1,
                                    "Actual Loops": 1
                                }
                            ],
                            "Plans": [
                                {
                                    "Node Type": "Hash Join",
                                    "Parent Relationship": "Outer",
                                    "Parallel Aware": true,
                                    "Join Type": "Inner",
                                    "Startup Cost": 30804.48,
                                    "Total Cost": 76609.55,
                                    "Plan Rows": 101016,
                                    "Plan Width": 0,
                                    "Actual Startup Time": 122.587,
                                    "Actual Total Time": 312.311,
                                    "Actual Rows": 81897,
                                    "Actual Loops": 5,
                                    "Inner Unique": false,
                                    "Hash Cond": "(t.id = mc.movie_id)",
                                    "Workers": [
                                        {
                                            "Worker Number": 0,
                                            "Actual Startup Time": 115.025,
                                            "Actual Total Time": 310.289,
                                            "Actual Rows": 78740,
                                            "Actual Loops": 1
                                        },
                                        {
                                            "Worker Number": 1,
                                            "Actual Startup Time": 111.455,
                                            "Actual Total Time": 310.158,
                                            "Actual Rows": 78462,
                                            "Actual Loops": 1
                                        },
                                        {
                                            "Worker Number": 2,
                                            "Actual Startup Time": 129.027,
                                            "Actual Total Time": 310.204,
                                            "Actual Rows": 79036,
                                            "Actual Loops": 1
                                        },
                                        {
                                            "Worker Number": 3,
                                            "Actual Startup Time": 108.573,
                                            "Actual Total Time": 310.411,
                                            "Actual Rows": 78227,
                                            "Actual Loops": 1
                                        }
                                    ],
                                    "Plans": [
                                        {
                                            "Node Type": "Seq Scan",
                                            "Parent Relationship": "Outer",
                                            "Parallel Aware": true,
                                            "Relation Name": "title",
                                            "Schema": "public",
                                            "Alias": "t",
                                            "Startup Cost": 0.0,
                                            "Total Cost": 42318.81,
                                            "Plan Rows": 632080,
                                            "Plan Width": 4,
                                            "Actual Startup Time": 0.009,
                                            "Actual Total Time": 73.66,
                                            "Actual Rows": 505662,
                                            "Actual Loops": 5,
                                            "Output": [
                                                "t.id",
                                                "t.title",
                                                "t.imdb_index",
                                                "t.kind_id",
                                                "t.production_year",
                                                "t.imdb_id",
                                                "t.phonetic_code",
                                                "t.episode_of_id",
                                                "t.season_nr",
                                                "t.episode_nr",
                                                "t.series_years",
                                                "t.md5sum"
                                            ],
                                            "Workers": [
                                                {
                                                    "Worker Number": 0,
                                                    "Actual Startup Time": 0.008,
                                                    "Actual Total Time": 76.046,
                                                    "Actual Rows": 486434,
                                                    "Actual Loops": 1
                                                },
                                                {
                                                    "Worker Number": 1,
                                                    "Actual Startup Time": 0.013,
                                                    "Actual Total Time": 76.046,
                                                    "Actual Rows": 486901,
                                                    "Actual Loops": 1
                                                },
                                                {
                                                    "Worker Number": 2,
                                                    "Actual Startup Time": 0.007,
                                                    "Actual Total Time": 76.15,
                                                    "Actual Rows": 483899,
                                                    "Actual Loops": 1
                                                },
                                                {
                                                    "Worker Number": 3,
                                                    "Actual Startup Time": 0.011,
                                                    "Actual Total Time": 76.388,
                                                    "Actual Rows": 481169,
                                                    "Actual Loops": 1
                                                }
                                            ]
                                        },
                                        {
                                            "Node Type": "Hash",
                                            "Parent Relationship": "Inner",
                                            "Parallel Aware": true,
                                            "Startup Cost": 29175.19,
                                            "Total Cost": 29175.19,
                                            "Plan Rows": 130343,
                                            "Plan Width": 4,
                                            "Actual Startup Time": 103.706,
                                            "Actual Total Time": 103.707,
                                            "Actual Rows": 81897,
                                            "Actual Loops": 5,
                                            "Output": [
                                                "mc.movie_id"
                                            ],
                                            "Hash Buckets": 524288,
                                            "Original Hash Buckets": 524288,
                                            "Hash Batches": 1,
                                            "Original Hash Batches": 1,
                                            "Peak Memory Usage": 20224,
                                            "Workers": [
                                                {
                                                    "Worker Number": 0,
                                                    "Actual Startup Time": 103.689,
                                                    "Actual Total Time": 103.69,
                                                    "Actual Rows": 70086,
                                                    "Actual Loops": 1
                                                },
                                                {
                                                    "Worker Number": 1,
                                                    "Actual Startup Time": 103.799,
                                                    "Actual Total Time": 103.8,
                                                    "Actual Rows": 72870,
                                                    "Actual Loops": 1
                                                },
                                                {
                                                    "Worker Number": 2,
                                                    "Actual Startup Time": 103.974,
                                                    "Actual Total Time": 103.976,
                                                    "Actual Rows": 70433,
                                                    "Actual Loops": 1
                                                },
                                                {
                                                    "Worker Number": 3,
                                                    "Actual Startup Time": 104.187,
                                                    "Actual Total Time": 104.188,
                                                    "Actual Rows": 70455,
                                                    "Actual Loops": 1
                                                }
                                            ],
                                            "Plans": [
                                                {
                                                    "Node Type": "Bitmap Heap Scan",
                                                    "Parent Relationship": "Outer",
                                                    "Parallel Aware": true,
                                                    "Relation Name": "movie_companies",
                                                    "Schema": "public",
                                                    "Alias": "mc",
                                                    "Startup Cost": 8755.91,
                                                    "Total Cost": 29175.19,
                                                    "Plan Rows": 130343,
                                                    "Plan Width": 4,
                                                    "Actual Startup Time": 36.215,
                                                    "Actual Total Time": 70.043,
                                                    "Actual Rows": 81897,
                                                    "Actual Loops": 5,
                                                    "Output": [
                                                        "mc.movie_id"
                                                    ],
                                                    "Recheck Cond": "(mc.company_id > 81115)",
                                                    "Rows Removed by Index Recheck": 0,
                                                    "Exact Heap Blocks": 2165,
                                                    "Lossy Heap Blocks": 0,
                                                    "Workers": [
                                                        {
                                                            "Worker Number": 0,
                                                            "Actual Startup Time": 36.224,
                                                            "Actual Total Time": 71.248,
                                                            "Actual Rows": 70086,
                                                            "Actual Loops": 1
                                                        },
                                                        {
                                                            "Worker Number": 1,
                                                            "Actual Startup Time": 36.288,
                                                            "Actual Total Time": 71.323,
                                                            "Actual Rows": 72870,
                                                            "Actual Loops": 1
                                                        },
                                                        {
                                                            "Worker Number": 2,
                                                            "Actual Startup Time": 36.234,
                                                            "Actual Total Time": 70.992,
                                                            "Actual Rows": 70433,
                                                            "Actual Loops": 1
                                                        },
                                                        {
                                                            "Worker Number": 3,
                                                            "Actual Startup Time": 36.179,
                                                            "Actual Total Time": 70.852,
                                                            "Actual Rows": 70455,
                                                            "Actual Loops": 1
                                                        }
                                                    ],
                                                    "Plans": [
                                                        {
                                                            "Node Type": "Bitmap Index Scan",
                                                            "Parent Relationship": "Outer",
                                                            "Parallel Aware": false,
                                                            "Index Name": "company_id_movie_companies",
                                                            "Startup Cost": 0.0,
                                                            "Total Cost": 8654.9,
                                                            "Plan Rows": 404062,
                                                            "Plan Width": 0,
                                                            "Actual Startup Time": 34.826,
                                                            "Actual Total Time": 34.827,
                                                            "Actual Rows": 409483,
                                                            "Actual Loops": 1,
                                                            "Index Cond": "(mc.company_id > 81115)"
                                                        }
                                                    ]
                                                }
                                            ]
                                        }
                                    ]
                                }
                            ]
                        }
                    ]
                }
            ]
        },
        "Planning Time": 2206.174,
        "Triggers": [],
        "Execution Time": 337.433
    }
]