[
  {
    "Plan": {
      "Node Type": "Aggregate",
      "Strategy": "Plain",
      "Partial Mode": "Simple",
      "Parallel Aware": false,
      "Startup Cost": 26243.38,
      "Total Cost": 26243.39,
      "Plan Rows": 1,
      "Plan Width": 8,
      "Actual Startup Time": 39.393,
      "Actual Total Time": 39.394,
      "Actual Rows": 1,
      "Actual Loops": 1,
      "Plans": [
        {
          "Node Type": "Bitmap Heap Scan",
          "Parent Relationship": "Outer",
          "Parallel Aware": false,
          "Relation Name": "movie_keyword",
          "Alias": "mk",
          "Startup Cost": 1038.23,
          "Total Cost": 26121.51,
          "Plan Rows": 48748,
          "Plan Width": 0,
          "Actual Startup Time": 8.383,
          "Actual Total Time": 35.926,
          "Actual Rows": 49107,
          "Actual Loops": 1,
          "Recheck Cond": "(keyword_id > 99971)",
          "Rows Removed by Index Recheck": 0,
          "Exact Heap Blocks": 12099,
          "Lossy Heap Blocks": 0,
          "Plans": [
            {
              "Node Type": "Bitmap Index Scan",
              "Parent Relationship": "Outer",
              "Parallel Aware": false,
              "Index Name": "keyword_id_movie_keyword",
              "Startup Cost": 0.0,
              "Total Cost": 1026.04,
              "Plan Rows": 48748,
              "Plan Width": 0,
              "Actual Startup Time": 5.155,
              "Actual Total Time": 5.156,
              "Actual Rows": 49107,
              "Actual Loops": 1,
              "Index Cond": "(keyword_id > 99971)"
            }
          ]
        }
      ]
    },
    "Planning Time": 0.131,
    "Triggers": [],
    "Execution Time": 39.425
  }
]