[
  {
    "Plan": {
      "Node Type": "Aggregate",
      "Strategy": "Plain",
      "Partial Mode": "Simple",
      "Parallel Aware": false,
      "Startup Cost": 26272.21,
      "Total Cost": 26272.22,
      "Plan Rows": 1,
      "Plan Width": 8,
      "Actual Startup Time": 46.257,
      "Actual Total Time": 46.258,
      "Actual Rows": 1,
      "Actual Loops": 1,
      "Plans": [
        {
          "Node Type": "Bitmap Heap Scan",
          "Parent Relationship": "Outer",
          "Parallel Aware": false,
          "Relation Name": "movie_keyword",
          "Alias": "mk",
          "Startup Cost": 1065.39,
          "Total Cost": 26146.74,
          "Plan Rows": 50188,
          "Plan Width": 0,
          "Actual Startup Time": 14.037,
          "Actual Total Time": 42.655,
          "Actual Rows": 49107,
          "Actual Loops": 1,
          "Recheck Cond": "(keyword_id > 99971)",
          "Rows Removed by Index Recheck": 0,
          "Exact Heap Blocks": 12099,
          "Lossy Heap Blocks": 0,
          "Plans": [
            {
              "Node Type": "Bitmap Index Scan",
              "Parent Relationship": "Outer",
              "Parallel Aware": false,
              "Index Name": "keyword_id_movie_keyword",
              "Startup Cost": 0.0,
              "Total Cost": 1052.84,
              "Plan Rows": 50188,
              "Plan Width": 0,
              "Actual Startup Time": 9.397,
              "Actual Total Time": 9.397,
              "Actual Rows": 49107,
              "Actual Loops": 1,
              "Index Cond": "(keyword_id > 99971)"
            }
          ]
        }
      ]
    },
    "Planning Time": 0.283,
    "Triggers": [],
    "Execution Time": 46.314
  }
]