[
  {
    "Plan": {
      "Node Type": "Aggregate",
      "Strategy": "Plain",
      "Partial Mode": "Finalize",
      "Parallel Aware": false,
      "Startup Cost": 80399.21,
      "Total Cost": 80399.22,
      "Plan Rows": 1,
      "Plan Width": 8,
      "Actual Startup Time": 272.893,
      "Actual Total Time": 288.632,
      "Actual Rows": 1,
      "Actual Loops": 1,
      "Plans": [
        {
          "Node Type": "Gather",
          "Parent Relationship": "Outer",
          "Parallel Aware": false,
          "Startup Cost": 80398.89,
          "Total Cost": 80399.2,
          "Plan Rows": 3,
          "Plan Width": 8,
          "Actual Startup Time": 270.081,
          "Actual Total Time": 288.624,
          "Actual Rows": 4,
          "Actual Loops": 1,
          "Workers Planned": 3,
          "Workers Launched": 3,
          "Single Copy": false,
          "Plans": [
            {
              "Node Type": "Aggregate",
              "Strategy": "Plain",
              "Partial Mode": "Partial",
              "Parent Relationship": "Outer",
              "Parallel Aware": false,
              "Startup Cost": 79398.89,
              "Total Cost": 79398.9,
              "Plan Rows": 1,
              "Plan Width": 8,
              "Actual Startup Time": 264.832,
              "Actual Total Time": 264.837,
              "Actual Rows": 1,
              "Actual Loops": 4,
              "Plans": [
                {
                  "Node Type": "Hash Join",
                  "Parent Relationship": "Outer",
                  "Parallel Aware": true,
                  "Join Type": "Inner",
                  "Startup Cost": 46895.21,
                  "Total Cost": 79240.18,
                  "Plan Rows": 63485,
                  "Plan Width": 0,
                  "Actual Startup Time": 179.539,
                  "Actual Total Time": 261.358,
                  "Actual Rows": 85455,
                  "Actual Loops": 4,
                  "Inner Unique": true,
                  "Hash Cond": "(mc.movie_id = t.id)",
                  "Plans": [
                    {
                      "Node Type": "Seq Scan",
                      "Parent Relationship": "Outer",
                      "Parallel Aware": true,
                      "Relation Name": "movie_companies",
                      "Alias": "mc",
                      "Startup Cost": 0.0,
                      "Total Cost": 31414.82,
                      "Plan Rows": 354344,
                      "Plan Width": 4,
                      "Actual Startup Time": 30.44,
                      "Actual Total Time": 64.557,
                      "Actual Rows": 219070,
                      "Actual Loops": 4,
                      "Filter": "((company_id < 76675) AND (company_type_id = 2))",
                      "Rows Removed by Filter": 433212
                    },
                    {
                      "Node Type": "Hash",
                      "Parent Relationship": "Inner",
                      "Parallel Aware": true,
                      "Startup Cost": 45479.59,
                      "Total Cost": 45479.59,
                      "Plan Rows": 113250,
                      "Plan Width": 4,
                      "Actual Startup Time": 147.583,
                      "Actual Total Time": 147.586,
                      "Actual Rows": 136826,
                      "Actual Loops": 4,
                      "Hash Buckets": 1048576,
                      "Original Hash Buckets": 524288,
                      "Hash Batches": 1,
                      "Original Hash Batches": 1,
                      "Peak Memory Usage": 33760,
                      "Plans": [
                        {
                          "Node Type": "Seq Scan",
                          "Parent Relationship": "Outer",
                          "Parallel Aware": true,
                          "Relation Name": "title",
                          "Alias": "t",
                          "Startup Cost": 0.0,
                          "Total Cost": 45479.59,
                          "Plan Rows": 113250,
                          "Plan Width": 4,
                          "Actual Startup Time": 0.037,
                          "Actual Total Time": 91.778,
                          "Actual Rows": 136826,
                          "Actual Loops": 4,
                          "Filter": "((kind_id < 4) AND (production_year < 2005))",
                          "Rows Removed by Filter": 495252
                        }
                      ]
                    }
                  ]
                }
              ]
            }
          ]
        }
      ]
    },
    "Planning Time": 0.505,
    "Triggers": [],
    "Execution Time": 288.665
  }
]