{
  "Plan": {
    "Node Type": "Aggregate",
    "Strategy": "Plain",
    "Partial Mode": "Finalize",
    "Parallel Aware": false,
    "Startup Cost": 455673.03,
    "Total Cost": 455673.04,
    "Plan Rows": 1,
    "Plan Width": 8,
    "Actual Startup Time": 3836.326,
    "Actual Total Time": 3866.99,
    "Actual Rows": 1,
    "Actual Loops": 1,
    "Plans": [
      {
        "Node Type": "Gather",
        "Parent Relationship": "Outer",
        "Parallel Aware": false,
        "Startup Cost": 455672.92,
        "Total Cost": 455673.03,
        "Plan Rows": 1,
        "Plan Width": 8,
        "Actual Startup Time": 3836.08,
        "Actual Total Time": 3866.982,
        "Actual Rows": 2,
        "Actual Loops": 1,
        "Workers Planned": 1,
        "Workers Launched": 1,
        "Single Copy": false,
        "Plans": [
          {
            "Node Type": "Aggregate",
            "Strategy": "Plain",
            "Partial Mode": "Partial",
            "Parent Relationship": "Outer",
            "Parallel Aware": false,
            "Startup Cost": 454672.92,
            "Total Cost": 454672.93,
            "Plan Rows": 1,
            "Plan Width": 8,
            "Actual Startup Time": 3830.387,
            "Actual Total Time": 3830.389,
            "Actual Rows": 1,
            "Actual Loops": 2,
            "Plans": [
              {
                "Node Type": "Merge Join",
                "Parent Relationship": "Outer",
                "Parallel Aware": false,
                "Join Type": "Inner",
                "Startup Cost": 20.21,
                "Total Cost": 452198.82,
                "Plan Rows": 989639,
                "Plan Width": 0,
                "Actual Startup Time": 9.28,
                "Actual Total Time": 3641.696,
                "Actual Rows": 4403710,
                "Actual Loops": 2,
                "Inner Unique": false,
                "Merge Cond": "(t.id = mc.movie_id)",
                "Plans": [
                  {
                    "Node Type": "Merge Join",
                    "Parent Relationship": "Outer",
                    "Parallel Aware": false,
                    "Join Type": "Inner",
                    "Startup Cost": 13.92,
                    "Total Cost": 293622.13,
                    "Plan Rows": 958978,
                    "Plan Width": 8,
                    "Actual Startup Time": 8.412,
                    "Actual Total Time": 1765.085,
                    "Actual Rows": 534722,
                    "Actual Loops": 2,
                    "Inner Unique": true,
                    "Merge Cond": "(mk.movie_id = t.id)",
                    "Plans": [
                      {
                        "Node Type": "Index Only Scan",
                        "Parent Relationship": "Outer",
                        "Parallel Aware": true,
                        "Scan Direction": "Forward",
                        "Index Name": "movie_id_movie_keyword",
                        "Relation Name": "movie_keyword",
                        "Alias": "mk",
                        "Startup Cost": 0.43,
                        "Total Cost": 158560.11,
                        "Plan Rows": 2661135,
                        "Plan Width": 4,
                        "Actual Startup Time": 0.104,
                        "Actual Total Time": 405.583,
                        "Actual Rows": 2261958,
                        "Actual Loops": 2,
                        "Heap Fetches": 4523915
                      },
                      {
                        "Node Type": "Index Scan",
                        "Parent Relationship": "Inner",
                        "Parallel Aware": false,
                        "Scan Direction": "Forward",
                        "Index Name": "title_pkey",
                        "Relation Name": "title",
                        "Alias": "t",
                        "Startup Cost": 0.43,
                        "Total Cost": 116660.7,
                        "Plan Rows": 911106,
                        "Plan Width": 4,
                        "Actual Startup Time": 0.235,
                        "Actual Total Time": 1173.055,
                        "Actual Rows": 904204,
                        "Actual Loops": 2,
                        "Filter": "(production_year > 2006)",
                        "Rows Removed by Filter": 1621482
                      }
                    ]
                  },
                  {
                    "Node Type": "Index Only Scan",
                    "Parent Relationship": "Inner",
                    "Parallel Aware": false,
                    "Scan Direction": "Forward",
                    "Index Name": "movie_id_movie_companies",
                    "Relation Name": "movie_companies",
                    "Alias": "mc",
                    "Startup Cost": 0.43,
                    "Total Cost": 140059.44,
                    "Plan Rows": 2609129,
                    "Plan Width": 4,
                    "Actual Startup Time": 0.085,
                    "Actual Total Time": 1358.684,
                    "Actual Rows": 6860876,
                    "Actual Loops": 2,
                    "Heap Fetches": 13721753
                  }
                ]
              }
            ]
          }
        ]
      }
    ]
  },
  "Planning Time": 0.939,
  "Triggers": [],
  "Execution Time": 3867.159
}