[
  {
    "Plan": {
      "Node Type": "Aggregate",
      "Strategy": "Plain",
      "Partial Mode": "Finalize",
      "Parallel Aware": false,
      "Startup Cost": 33189.69,
      "Total Cost": 33189.7,
      "Plan Rows": 1,
      "Plan Width": 8,
      "Actual Startup Time": 90.095,
      "Actual Total Time": 97.144,
      "Actual Rows": 1,
      "Actual Loops": 1,
      "Plans": [
        {
          "Node Type": "Gather",
          "Parent Relationship": "Outer",
          "Parallel Aware": false,
          "Startup Cost": 33189.37,
          "Total Cost": 33189.68,
          "Plan Rows": 3,
          "Plan Width": 8,
          "Actual Startup Time": 90.015,
          "Actual Total Time": 97.138,
          "Actual Rows": 4,
          "Actual Loops": 1,
          "Workers Planned": 3,
          "Workers Launched": 3,
          "Single Copy": false,
          "Plans": [
            {
              "Node Type": "Aggregate",
              "Strategy": "Plain",
              "Partial Mode": "Partial",
              "Parent Relationship": "Outer",
              "Parallel Aware": false,
              "Startup Cost": 32189.37,
              "Total Cost": 32189.38,
              "Plan Rows": 1,
              "Plan Width": 8,
              "Actual Startup Time": 84.401,
              "Actual Total Time": 84.402,
              "Actual Rows": 1,
              "Actual Loops": 4,
              "Plans": [
                {
                  "Node Type": "Seq Scan",
                  "Parent Relationship": "Outer",
                  "Parallel Aware": true,
                  "Relation Name": "movie_companies",
                  "Alias": "mc",
                  "Startup Cost": 0.0,
                  "Total Cost": 31414.82,
                  "Plan Rows": 309821,
                  "Plan Width": 0,
                  "Actual Startup Time": 0.35,
                  "Actual Total Time": 74.926,
                  "Actual Rows": 200791,
                  "Actual Loops": 4,
                  "Filter": "((company_id > 917) AND (company_type_id < 2))",
                  "Rows Removed by Filter": 451491
                }
              ]
            }
          ]
        }
      ]
    },
    "Planning Time": 0.135,
    "Triggers": [],
    "Execution Time": 97.181
  }
]