[
    {
        "Bao": {
            "Bao prediction": 507.362,
            "Bao recommended hint": "SET enable_mergejoin TO off; SET enable_indexscan TO off; "
        }
    },
    {
        "Plan": {
            "Node Type": "Aggregate",
            "Strategy": "Plain",
            "Partial Mode": "Simple",
            "Parallel Aware": false,
            "Startup Cost": 8774.18,
            "Total Cost": 8774.19,
            "Plan Rows": 1,
            "Plan Width": 8,
            "Actual Startup Time": 5.299,
            "Actual Total Time": 5.301,
            "Actual Rows": 1,
            "Actual Loops": 1,
            "Output": [
                "count(*)"
            ],
            "Plans": [
                {
                    "Node Type": "Bitmap Heap Scan",
                    "Parent Relationship": "Outer",
                    "Parallel Aware": false,
                    "Relation Name": "movie_companies",
                    "Schema": "public",
                    "Alias": "mc",
                    "Startup Cost": 74.72,
                    "Total Cost": 8765.7,
                    "Plan Rows": 3392,
                    "Plan Width": 0,
                    "Actual Startup Time": 1.179,
                    "Actual Total Time": 4.733,
                    "Actual Rows": 3430,
                    "Actual Loops": 1,
                    "Recheck Cond": "(mc.company_id = 428)",
                    "Rows Removed by Index Recheck": 0,
                    "Exact Heap Blocks": 1089,
                    "Lossy Heap Blocks": 0,
                    "Plans": [
                        {
                            "Node Type": "Bitmap Index Scan",
                            "Parent Relationship": "Outer",
                            "Parallel Aware": false,
                            "Index Name": "company_id_movie_companies",
                            "Startup Cost": 0.0,
                            "Total Cost": 73.87,
                            "Plan Rows": 3392,
                            "Plan Width": 0,
                            "Actual Startup Time": 0.749,
                            "Actual Total Time": 0.75,
                            "Actual Rows": 3430,
                            "Actual Loops": 1,
                            "Index Cond": "(mc.company_id = 428)"
                        }
                    ]
                }
            ]
        },
        "Planning Time": 1588.798,
        "Triggers": [],
        "Execution Time": 5.412
    }
]