[
  {
    "Plan": {
      "Node Type": "Aggregate",
      "Strategy": "Plain",
      "Partial Mode": "Finalize",
      "Parallel Aware": false,
      "Startup Cost": 32821.66,
      "Total Cost": 32821.67,
      "Plan Rows": 1,
      "Plan Width": 8,
      "Actual Startup Time": 95.001,
      "Actual Total Time": 102.114,
      "Actual Rows": 1,
      "Actual Loops": 1,
      "Plans": [
        {
          "Node Type": "Gather",
          "Parent Relationship": "Outer",
          "Parallel Aware": false,
          "Startup Cost": 32821.34,
          "Total Cost": 32821.65,
          "Plan Rows": 3,
          "Plan Width": 8,
          "Actual Startup Time": 94.832,
          "Actual Total Time": 102.104,
          "Actual Rows": 4,
          "Actual Loops": 1,
          "Workers Planned": 3,
          "Workers Launched": 3,
          "Single Copy": false,
          "Plans": [
            {
              "Node Type": "Aggregate",
              "Strategy": "Plain",
              "Partial Mode": "Partial",
              "Parent Relationship": "Outer",
              "Parallel Aware": false,
              "Startup Cost": 31821.34,
              "Total Cost": 31821.35,
              "Plan Rows": 1,
              "Plan Width": 8,
              "Actual Startup Time": 87.245,
              "Actual Total Time": 87.247,
              "Actual Rows": 1,
              "Actual Loops": 4,
              "Plans": [
                {
                  "Node Type": "Seq Scan",
                  "Parent Relationship": "Outer",
                  "Parallel Aware": true,
                  "Relation Name": "movie_companies",
                  "Alias": "mc",
                  "Startup Cost": 0.0,
                  "Total Cost": 31414.82,
                  "Plan Rows": 162609,
                  "Plan Width": 0,
                  "Actual Startup Time": 49.098,
                  "Actual Total Time": 83.344,
                  "Actual Rows": 74142,
                  "Actual Loops": 4,
                  "Filter": "((company_id < 4595) AND (company_type_id > 1))",
                  "Rows Removed by Filter": 578140
                }
              ]
            }
          ]
        }
      ]
    },
    "Planning Time": 0.141,
    "Triggers": [],
    "Execution Time": 102.155
  }
]