[
  {
    "Plan": {
      "Node Type": "Aggregate",
      "Strategy": "Plain",
      "Partial Mode": "Finalize",
      "Parallel Aware": false,
      "Startup Cost": 342561.36,
      "Total Cost": 342561.37,
      "Plan Rows": 1,
      "Plan Width": 8,
      "Actual Startup Time": 851.509,
      "Actual Total Time": 914.845,
      "Actual Rows": 1,
      "Actual Loops": 1,
      "Plans": [
        {
          "Node Type": "Gather",
          "Parent Relationship": "Outer",
          "Parallel Aware": false,
          "Startup Cost": 342560.74,
          "Total Cost": 342561.35,
          "Plan Rows": 6,
          "Plan Width": 8,
          "Actual Startup Time": 851.358,
          "Actual Total Time": 914.834,
          "Actual Rows": 7,
          "Actual Loops": 1,
          "Workers Planned": 6,
          "Workers Launched": 6,
          "Single Copy": false,
          "Plans": [
            {
              "Node Type": "Aggregate",
              "Strategy": "Plain",
              "Partial Mode": "Partial",
              "Parent Relationship": "Outer",
              "Parallel Aware": false,
              "Startup Cost": 341560.74,
              "Total Cost": 341560.75,
              "Plan Rows": 1,
              "Plan Width": 8,
              "Actual Startup Time": 841.634,
              "Actual Total Time": 841.635,
              "Actual Rows": 1,
              "Actual Loops": 7,
              "Plans": [
                {
                  "Node Type": "Seq Scan",
                  "Parent Relationship": "Outer",
                  "Parallel Aware": true,
                  "Relation Name": "cast_info",
                  "Alias": "ci",
                  "Startup Cost": 0.0,
                  "Total Cost": 328162.03,
                  "Plan Rows": 5359484,
                  "Plan Width": 0,
                  "Actual Startup Time": 59.074,
                  "Actual Total Time": 651.267,
                  "Actual Rows": 4578597,
                  "Actual Loops": 7,
                  "Filter": "(person_id > 403628)",
                  "Rows Removed by Filter": 599167
                }
              ]
            }
          ]
        }
      ]
    },
    "Planning Time": 0.108,
    "Triggers": [],
    "Execution Time": 914.896
  }
]