[
    {
        "Bao": {
            "Bao prediction": "NaN",
            "Bao recommended hint": "(no hint)"
        }
    },
    {
        "Plan": {
            "Node Type": "Aggregate",
            "Strategy": "Plain",
            "Partial Mode": "Finalize",
            "Parallel Aware": false,
            "Startup Cost": 526779.65,
            "Total Cost": 526779.66,
            "Plan Rows": 1,
            "Plan Width": 8,
            "Actual Startup Time": 7105.556,
            "Actual Total Time": 7188.421,
            "Actual Rows": 1,
            "Actual Loops": 1,
            "Output": [
                "count(*)"
            ],
            "Plans": [
                {
                    "Node Type": "Gather",
                    "Parent Relationship": "Outer",
                    "Parallel Aware": false,
                    "Startup Cost": 526779.13,
                    "Total Cost": 526779.64,
                    "Plan Rows": 5,
                    "Plan Width": 8,
                    "Actual Startup Time": 7101.531,
                    "Actual Total Time": 7188.409,
                    "Actual Rows": 6,
                    "Actual Loops": 1,
                    "Output": [
                        "(PARTIAL count(*))"
                    ],
                    "Workers Planned": 5,
                    "Workers Launched": 5,
                    "Single Copy": false,
                    "Plans": [
                        {
                            "Node Type": "Aggregate",
                            "Strategy": "Plain",
                            "Partial Mode": "Partial",
                            "Parent Relationship": "Outer",
                            "Parallel Aware": false,
                            "Startup Cost": 525779.13,
                            "Total Cost": 525779.14,
                            "Plan Rows": 1,
                            "Plan Width": 8,
                            "Actual Startup Time": 7091.037,
                            "Actual Total Time": 7091.04,
                            "Actual Rows": 1,
                            "Actual Loops": 6,
                            "Output": [
                                "PARTIAL count(*)"
                            ],
                            "Workers": [
                                {
                                    "Worker Number": 0,
                                    "Actual Startup Time": 7088.457,
                                    "Actual Total Time": 7088.46,
                                    "Actual Rows": 1,
                                    "Actual Loops": 1
                                },
                                {
                                    "Worker Number": 1,
                                    "Actual Startup Time": 7088.73,
                                    "Actual Total Time": 7088.732,
                                    "Actual Rows": 1,
                                    "Actual Loops": 1
                                },
                                {
                                    "Worker Number": 2,
                                    "Actual Startup Time": 7088.908,
                                    "Actual Total Time": 7088.91,
                                    "Actual Rows": 1,
                                    "Actual Loops": 1
                                },
                                {
                                    "Worker Number": 3,
                                    "Actual Startup Time": 7089.429,
                                    "Actual Total Time": 7089.431,
                                    "Actual Rows": 1,
                                    "Actual Loops": 1
                                },
                                {
                                    "Worker Number": 4,
                                    "Actual Startup Time": 7089.827,
                                    "Actual Total Time": 7089.83,
                                    "Actual Rows": 1,
                                    "Actual Loops": 1
                                }
                            ],
                            "Plans": [
                                {
                                    "Node Type": "Nested Loop",
                                    "Parent Relationship": "Outer",
                                    "Parallel Aware": false,
                                    "Join Type": "Inner",
                                    "Startup Cost": 46060.36,
                                    "Total Cost": 523360.77,
                                    "Plan Rows": 967343,
                                    "Plan Width": 0,
                                    "Actual Startup Time": 101.827,
                                    "Actual Total Time": 6974.661,
                                    "Actual Rows": 2440525,
                                    "Actual Loops": 6,
                                    "Inner Unique": false,
                                    "Join Filter": "(t.id = ci.movie_id)",
                                    "Rows Removed by Join Filter": 0,
                                    "Workers": [
                                        {
                                            "Worker Number": 0,
                                            "Actual Startup Time": 99.543,
                                            "Actual Total Time": 6969.648,
                                            "Actual Rows": 2135560,
                                            "Actual Loops": 1
                                        },
                                        {
                                            "Worker Number": 1,
                                            "Actual Startup Time": 99.381,
                                            "Actual Total Time": 6971.804,
                                            "Actual Rows": 2509617,
                                            "Actual Loops": 1
                                        },
                                        {
                                            "Worker Number": 2,
                                            "Actual Startup Time": 99.58,
                                            "Actual Total Time": 6977.313,
                                            "Actual Rows": 2362771,
                                            "Actual Loops": 1
                                        },
                                        {
                                            "Worker Number": 3,
                                            "Actual Startup Time": 100.549,
                                            "Actual Total Time": 6973.669,
                                            "Actual Rows": 2452159,
                                            "Actual Loops": 1
                                        },
                                        {
                                            "Worker Number": 4,
                                            "Actual Startup Time": 100.458,
                                            "Actual Total Time": 6972.887,
                                            "Actual Rows": 2517488,
                                            "Actual Loops": 1
                                        }
                                    ],
                                    "Plans": [
                                        {
                                            "Node Type": "Hash Join",
                                            "Parent Relationship": "Outer",
                                            "Parallel Aware": true,
                                            "Join Type": "Inner",
                                            "Startup Cost": 46059.8,
                                            "Total Cost": 250798.12,
                                            "Plan Rows": 163974,
                                            "Plan Width": 8,
                                            "Actual Startup Time": 101.513,
                                            "Actual Total Time": 814.453,
                                            "Actual Rows": 409635,
                                            "Actual Loops": 6,
                                            "Output": [
                                                "t.id",
                                                "mi.movie_id"
                                            ],
                                            "Inner Unique": true,
                                            "Hash Cond": "(mi.movie_id = t.id)",
                                            "Workers": [
                                                {
                                                    "Worker Number": 0,
                                                    "Actual Startup Time": 98.702,
                                                    "Actual Total Time": 802.188,
                                                    "Actual Rows": 343456,
                                                    "Actual Loops": 1
                                                },
                                                {
                                                    "Worker Number": 1,
                                                    "Actual Startup Time": 99.294,
                                                    "Actual Total Time": 807.237,
                                                    "Actual Rows": 418995,
                                                    "Actual Loops": 1
                                                },
                                                {
                                                    "Worker Number": 2,
                                                    "Actual Startup Time": 99.395,
                                                    "Actual Total Time": 815.077,
                                                    "Actual Rows": 403694,
                                                    "Actual Loops": 1
                                                },
                                                {
                                                    "Worker Number": 3,
                                                    "Actual Startup Time": 99.926,
                                                    "Actual Total Time": 816.745,
                                                    "Actual Rows": 412826,
                                                    "Actual Loops": 1
                                                },
                                                {
                                                    "Worker Number": 4,
                                                    "Actual Startup Time": 100.369,
                                                    "Actual Total Time": 811.01,
                                                    "Actual Rows": 422685,
                                                    "Actual Loops": 1
                                                }
                                            ],
                                            "Plans": [
                                                {
                                                    "Node Type": "Seq Scan",
                                                    "Parent Relationship": "Outer",
                                                    "Parallel Aware": true,
                                                    "Relation Name": "movie_info",
                                                    "Schema": "public",
                                                    "Alias": "mi",
                                                    "Startup Cost": 0.0,
                                                    "Total Cost": 198880.74,
                                                    "Plan Rows": 2231456,
                                                    "Plan Width": 4,
                                                    "Actual Startup Time": 0.02,
                                                    "Actual Total Time": 300.993,
                                                    "Actual Rows": 1868457,
                                                    "Actual Loops": 6,
                                                    "Output": [
                                                        "mi.id",
                                                        "mi.movie_id",
                                                        "mi.info_type_id",
                                                        "mi.info",
                                                        "mi.note"
                                                    ],
                                                    "Filter": "(mi.info_type_id > 3)",
                                                    "Rows Removed by Filter": 604163,
                                                    "Workers": [
                                                        {
                                                            "Worker Number": 0,
                                                            "Actual Startup Time": 0.028,
                                                            "Actual Total Time": 301.812,
                                                            "Actual Rows": 1600452,
                                                            "Actual Loops": 1
                                                        },
                                                        {
                                                            "Worker Number": 1,
                                                            "Actual Startup Time": 0.023,
                                                            "Actual Total Time": 306.429,
                                                            "Actual Rows": 1873666,
                                                            "Actual Loops": 1
                                                        },
                                                        {
                                                            "Worker Number": 2,
                                                            "Actual Startup Time": 0.021,
                                                            "Actual Total Time": 300.035,
                                                            "Actual Rows": 1820486,
                                                            "Actual Loops": 1
                                                        },
                                                        {
                                                            "Worker Number": 3,
                                                            "Actual Startup Time": 0.02,
                                                            "Actual Total Time": 310.13,
                                                            "Actual Rows": 1859976,
                                                            "Actual Loops": 1
                                                        },
                                                        {
                                                            "Worker Number": 4,
                                                            "Actual Startup Time": 0.022,
                                                            "Actual Total Time": 306.574,
                                                            "Actual Rows": 1878934,
                                                            "Actual Loops": 1
                                                        }
                                                    ]
                                                },
                                                {
                                                    "Node Type": "Hash",
                                                    "Parent Relationship": "Inner",
                                                    "Parallel Aware": true,
                                                    "Startup Cost": 45479.21,
                                                    "Total Cost": 45479.21,
                                                    "Plan Rows": 46447,
                                                    "Plan Width": 4,
                                                    "Actual Startup Time": 99.28,
                                                    "Actual Total Time": 99.281,
                                                    "Actual Rows": 48037,
                                                    "Actual Loops": 6,
                                                    "Output": [
                                                        "t.id"
                                                    ],
                                                    "Hash Buckets": 524288,
                                                    "Original Hash Buckets": 262144,
                                                    "Hash Batches": 1,
                                                    "Original Hash Batches": 1,
                                                    "Peak Memory Usage": 17504,
                                                    "Workers": [
                                                        {
                                                            "Worker Number": 0,
                                                            "Actual Startup Time": 97.598,
                                                            "Actual Total Time": 97.598,
                                                            "Actual Rows": 32583,
                                                            "Actual Loops": 1
                                                        },
                                                        {
                                                            "Worker Number": 1,
                                                            "Actual Startup Time": 98.123,
                                                            "Actual Total Time": 98.123,
                                                            "Actual Rows": 47789,
                                                            "Actual Loops": 1
                                                        },
                                                        {
                                                            "Worker Number": 2,
                                                            "Actual Startup Time": 98.274,
                                                            "Actual Total Time": 98.275,
                                                            "Actual Rows": 46401,
                                                            "Actual Loops": 1
                                                        },
                                                        {
                                                            "Worker Number": 3,
                                                            "Actual Startup Time": 98.889,
                                                            "Actual Total Time": 98.889,
                                                            "Actual Rows": 47703,
                                                            "Actual Loops": 1
                                                        },
                                                        {
                                                            "Worker Number": 4,
                                                            "Actual Startup Time": 99.299,
                                                            "Actual Total Time": 99.3,
                                                            "Actual Rows": 48587,
                                                            "Actual Loops": 1
                                                        }
                                                    ],
                                                    "Plans": [
                                                        {
                                                            "Node Type": "Seq Scan",
                                                            "Parent Relationship": "Outer",
                                                            "Parallel Aware": true,
                                                            "Relation Name": "title",
                                                            "Schema": "public",
                                                            "Alias": "t",
                                                            "Startup Cost": 0.0,
                                                            "Total Cost": 45479.21,
                                                            "Plan Rows": 46447,
                                                            "Plan Width": 4,
                                                            "Actual Startup Time": 0.107,
                                                            "Actual Total Time": 75.886,
                                                            "Actual Rows": 48037,
                                                            "Actual Loops": 6,
                                                            "Output": [
                                                                "t.id"
                                                            ],
                                                            "Filter": "((t.kind_id < 7) AND (t.production_year < 1977))",
                                                            "Rows Removed by Filter": 373348,
                                                            "Workers": [
                                                                {
                                                                    "Worker Number": 0,
                                                                    "Actual Startup Time": 0.058,
                                                                    "Actual Total Time": 75.388,
                                                                    "Actual Rows": 32583,
                                                                    "Actual Loops": 1
                                                                },
                                                                {
                                                                    "Worker Number": 1,
                                                                    "Actual Startup Time": 0.193,
                                                                    "Actual Total Time": 74.975,
                                                                    "Actual Rows": 47789,
                                                                    "Actual Loops": 1
                                                                },
                                                                {
                                                                    "Worker Number": 2,
                                                                    "Actual Startup Time": 0.104,
                                                                    "Actual Total Time": 74.74,
                                                                    "Actual Rows": 46401,
                                                                    "Actual Loops": 1
                                                                },
                                                                {
                                                                    "Worker Number": 3,
                                                                    "Actual Startup Time": 0.168,
                                                                    "Actual Total Time": 76.046,
                                                                    "Actual Rows": 47703,
                                                                    "Actual Loops": 1
                                                                },
                                                                {
                                                                    "Worker Number": 4,
                                                                    "Actual Startup Time": 0.04,
                                                                    "Actual Total Time": 76.306,
                                                                    "Actual Rows": 48587,
                                                                    "Actual Loops": 1
                                                                }
                                                            ]
                                                        }
                                                    ]
                                                }
                                            ]
                                        },
                                        {
                                            "Node Type": "Index Scan",
                                            "Parent Relationship": "Inner",
                                            "Parallel Aware": false,
                                            "Scan Direction": "Forward",
                                            "Index Name": "movie_id_cast_info",
                                            "Relation Name": "cast_info",
                                            "Schema": "public",
                                            "Alias": "ci",
                                            "Startup Cost": 0.56,
                                            "Total Cost": 1.46,
                                            "Plan Rows": 16,
                                            "Plan Width": 4,
                                            "Actual Startup Time": 0.01,
                                            "Actual Total Time": 0.014,
                                            "Actual Rows": 6,
                                            "Actual Loops": 2457812,
                                            "Output": [
                                                "ci.id",
                                                "ci.person_id",
                                                "ci.movie_id",
                                                "ci.person_role_id",
                                                "ci.note",
                                                "ci.nr_order",
                                                "ci.role_id"
                                            ],
                                            "Index Cond": "(ci.movie_id = mi.movie_id)",
                                            "Rows Removed by Index Recheck": 0,
                                            "Filter": "(ci.person_id > 2148019)",
                                            "Rows Removed by Filter": 16,
                                            "Workers": [
                                                {
                                                    "Worker Number": 0,
                                                    "Actual Startup Time": 0.012,
                                                    "Actual Total Time": 0.017,
                                                    "Actual Rows": 6,
                                                    "Actual Loops": 343456
                                                },
                                                {
                                                    "Worker Number": 1,
                                                    "Actual Startup Time": 0.01,
                                                    "Actual Total Time": 0.014,
                                                    "Actual Rows": 6,
                                                    "Actual Loops": 418995
                                                },
                                                {
                                                    "Worker Number": 2,
                                                    "Actual Startup Time": 0.01,
                                                    "Actual Total Time": 0.015,
                                                    "Actual Rows": 6,
                                                    "Actual Loops": 403694
                                                },
                                                {
                                                    "Worker Number": 3,
                                                    "Actual Startup Time": 0.01,
                                                    "Actual Total Time": 0.014,
                                                    "Actual Rows": 6,
                                                    "Actual Loops": 412826
                                                },
                                                {
                                                    "Worker Number": 4,
                                                    "Actual Startup Time": 0.009,
                                                    "Actual Total Time": 0.014,
                                                    "Actual Rows": 6,
                                                    "Actual Loops": 422685
                                                }
                                            ]
                                        }
                                    ]
                                }
                            ]
                        }
                    ]
                }
            ]
        },
        "Planning Time": 192.474,
        "Triggers": [],
        "Execution Time": 7188.576
    }
]