[
  {
    "Plan": {
      "Node Type": "Aggregate",
      "Strategy": "Plain",
      "Partial Mode": "Finalize",
      "Parallel Aware": false,
      "Startup Cost": 692420.21,
      "Total Cost": 692420.22,
      "Plan Rows": 1,
      "Plan Width": 8,
      "Actual Startup Time": 7237.663,
      "Actual Total Time": 7327.336,
      "Actual Rows": 1,
      "Actual Loops": 1,
      "Plans": [
        {
          "Node Type": "Gather",
          "Parent Relationship": "Outer",
          "Parallel Aware": false,
          "Startup Cost": 692419.59,
          "Total Cost": 692420.2,
          "Plan Rows": 6,
          "Plan Width": 8,
          "Actual Startup Time": 7160.819,
          "Actual Total Time": 7327.321,
          "Actual Rows": 7,
          "Actual Loops": 1,
          "Workers Planned": 6,
          "Workers Launched": 6,
          "Single Copy": false,
          "Plans": [
            {
              "Node Type": "Aggregate",
              "Strategy": "Plain",
              "Partial Mode": "Partial",
              "Parent Relationship": "Outer",
              "Parallel Aware": false,
              "Startup Cost": 691419.59,
              "Total Cost": 691419.6,
              "Plan Rows": 1,
              "Plan Width": 8,
              "Actual Startup Time": 7111.381,
              "Actual Total Time": 7112.34,
              "Actual Rows": 1,
              "Actual Loops": 7,
              "Plans": [
                {
                  "Node Type": "Hash Join",
                  "Parent Relationship": "Outer",
                  "Parallel Aware": true,
                  "Join Type": "Inner",
                  "Startup Cost": 274376.19,
                  "Total Cost": 659233.51,
                  "Plan Rows": 12874429,
                  "Plan Width": 0,
                  "Actual Startup Time": 2140.505,
                  "Actual Total Time": 6211.729,
                  "Actual Rows": 20387185,
                  "Actual Loops": 7,
                  "Inner Unique": false,
                  "Hash Cond": "(ci.movie_id = t.id)",
                  "Plans": [
                    {
                      "Node Type": "Seq Scan",
                      "Parent Relationship": "Outer",
                      "Parallel Aware": true,
                      "Relation Name": "cast_info",
                      "Alias": "ci",
                      "Startup Cost": 0.0,
                      "Total Cost": 343257.03,
                      "Plan Rows": 3170286,
                      "Plan Width": 4,
                      "Actual Startup Time": 233.469,
                      "Actual Total Time": 707.138,
                      "Actual Rows": 2354910,
                      "Actual Loops": 7,
                      "Filter": "((person_id < 2957800) AND (role_id > 1))",
                      "Rows Removed by Filter": 2822854
                    },
                    {
                      "Node Type": "Hash",
                      "Parent Relationship": "Inner",
                      "Parallel Aware": true,
                      "Startup Cost": 248707.91,
                      "Total Cost": 248707.91,
                      "Plan Rows": 2053463,
                      "Plan Width": 8,
                      "Actual Startup Time": 1886.255,
                      "Actual Total Time": 1887.213,
                      "Actual Rows": 1298955,
                      "Actual Loops": 7,
                      "Hash Buckets": 16777216,
                      "Original Hash Buckets": 16777216,
                      "Hash Batches": 1,
                      "Original Hash Batches": 1,
                      "Peak Memory Usage": 486912,
                      "Plans": [
                        {
                          "Node Type": "Hash Join",
                          "Parent Relationship": "Outer",
                          "Parallel Aware": true,
                          "Join Type": "Inner",
                          "Startup Cost": 49386.14,
                          "Total Cost": 248707.91,
                          "Plan Rows": 2053463,
                          "Plan Width": 8,
                          "Actual Startup Time": 206.315,
                          "Actual Total Time": 1242.439,
                          "Actual Rows": 1298955,
                          "Actual Loops": 7,
                          "Inner Unique": true,
                          "Hash Cond": "(mi.movie_id = t.id)",
                          "Plans": [
                            {
                              "Node Type": "Seq Scan",
                              "Parent Relationship": "Outer",
                              "Parallel Aware": true,
                              "Relation Name": "movie_info",
                              "Alias": "mi",
                              "Startup Cost": 0.0,
                              "Total Cost": 191560.33,
                              "Plan Rows": 2956733,
                              "Plan Width": 4,
                              "Actual Startup Time": 0.034,
                              "Actual Total Time": 312.467,
                              "Actual Rows": 2119389,
                              "Actual Loops": 7
                            },
                            {
                              "Node Type": "Hash",
                              "Parent Relationship": "Inner",
                              "Parallel Aware": true,
                              "Startup Cost": 43898.92,
                              "Total Cost": 43898.92,
                              "Plan Rows": 438978,
                              "Plan Width": 4,
                              "Actual Startup Time": 203.841,
                              "Actual Total Time": 203.842,
                              "Actual Rows": 249862,
                              "Actual Loops": 7,
                              "Hash Buckets": 2097152,
                              "Original Hash Buckets": 2097152,
                              "Hash Batches": 1,
                              "Original Hash Batches": 1,
                              "Peak Memory Usage": 84928,
                              "Plans": [
                                {
                                  "Node Type": "Seq Scan",
                                  "Parent Relationship": "Outer",
                                  "Parallel Aware": true,
                                  "Relation Name": "title",
                                  "Alias": "t",
                                  "Startup Cost": 0.0,
                                  "Total Cost": 43898.92,
                                  "Plan Rows": 438978,
                                  "Plan Width": 4,
                                  "Actual Startup Time": 0.058,
                                  "Actual Total Time": 88.188,
                                  "Actual Rows": 249862,
                                  "Actual Loops": 7,
                                  "Filter": "(production_year > 1990)",
                                  "Rows Removed by Filter": 111326
                                }
                              ]
                            }
                          ]
                        }
                      ]
                    }
                  ]
                }
              ]
            }
          ]
        }
      ]
    },
    "Planning Time": 1.426,
    "Triggers": [],
    "Execution Time": 7327.43
  }
]