[
  {
    "Plan": {
      "Node Type": "Aggregate",
      "Strategy": "Plain",
      "Partial Mode": "Finalize",
      "Parallel Aware": false,
      "Startup Cost": 46343.7,
      "Total Cost": 46343.71,
      "Plan Rows": 1,
      "Plan Width": 8,
      "Actual Startup Time": 164.124,
      "Actual Total Time": 173.632,
      "Actual Rows": 1,
      "Actual Loops": 1,
      "Plans": [
        {
          "Node Type": "Gather",
          "Parent Relationship": "Outer",
          "Parallel Aware": false,
          "Startup Cost": 46343.38,
          "Total Cost": 46343.69,
          "Plan Rows": 3,
          "Plan Width": 8,
          "Actual Startup Time": 163.85,
          "Actual Total Time": 173.62,
          "Actual Rows": 4,
          "Actual Loops": 1,
          "Workers Planned": 3,
          "Workers Launched": 3,
          "Single Copy": false,
          "Plans": [
            {
              "Node Type": "Aggregate",
              "Strategy": "Plain",
              "Partial Mode": "Partial",
              "Parent Relationship": "Outer",
              "Parallel Aware": false,
              "Startup Cost": 45343.38,
              "Total Cost": 45343.39,
              "Plan Rows": 1,
              "Plan Width": 8,
              "Actual Startup Time": 157.401,
              "Actual Total Time": 157.402,
              "Actual Rows": 1,
              "Actual Loops": 4,
              "Plans": [
                {
                  "Node Type": "Seq Scan",
                  "Parent Relationship": "Outer",
                  "Parallel Aware": true,
                  "Relation Name": "movie_keyword",
                  "Alias": "mk",
                  "Startup Cost": 0.0,
                  "Total Cost": 42695.65,
                  "Plan Rows": 1059092,
                  "Plan Width": 0,
                  "Actual Startup Time": 0.044,
                  "Actual Total Time": 119.669,
                  "Actual Rows": 819878,
                  "Actual Loops": 4,
                  "Filter": "(keyword_id < 14528)",
                  "Rows Removed by Filter": 311105
                }
              ]
            }
          ]
        }
      ]
    },
    "Planning Time": 0.08,
    "Triggers": [],
    "Execution Time": 173.658
  }
]