{
  "Plan": {
    "Node Type": "Aggregate",
    "Strategy": "Plain",
    "Partial Mode": "Finalize",
    "Parallel Aware": false,
    "Startup Cost": 100157.03,
    "Total Cost": 100157.04,
    "Plan Rows": 1,
    "Plan Width": 8,
    "Actual Startup Time": 334.427,
    "Actual Total Time": 343.523,
    "Actual Rows": 1,
    "Actual Loops": 1,
    "Plans": [
      {
        "Node Type": "Gather",
        "Parent Relationship": "Outer",
        "Parallel Aware": false,
        "Startup Cost": 100156.92,
        "Total Cost": 100157.03,
        "Plan Rows": 1,
        "Plan Width": 8,
        "Actual Startup Time": 333.852,
        "Actual Total Time": 343.514,
        "Actual Rows": 2,
        "Actual Loops": 1,
        "Workers Planned": 1,
        "Workers Launched": 1,
        "Single Copy": false,
        "Plans": [
          {
            "Node Type": "Aggregate",
            "Strategy": "Plain",
            "Partial Mode": "Partial",
            "Parent Relationship": "Outer",
            "Parallel Aware": false,
            "Startup Cost": 99156.92,
            "Total Cost": 99156.93,
            "Plan Rows": 1,
            "Plan Width": 8,
            "Actual Startup Time": 327.889,
            "Actual Total Time": 327.893,
            "Actual Rows": 1,
            "Actual Loops": 2,
            "Plans": [
              {
                "Node Type": "Hash Join",
                "Parent Relationship": "Outer",
                "Parallel Aware": true,
                "Join Type": "Inner",
                "Startup Cost": 64388.85,
                "Total Cost": 99096.66,
                "Plan Rows": 24102,
                "Plan Width": 0,
                "Actual Startup Time": 187.925,
                "Actual Total Time": 324.772,
                "Actual Rows": 74067,
                "Actual Loops": 2,
                "Inner Unique": true,
                "Hash Cond": "(mk.movie_id = t.id)",
                "Plans": [
                  {
                    "Node Type": "Bitmap Heap Scan",
                    "Parent Relationship": "Outer",
                    "Parallel Aware": true,
                    "Relation Name": "movie_keyword",
                    "Alias": "mk",
                    "Startup Cost": 24448.27,
                    "Total Cost": 57376.5,
                    "Plan Rows": 677938,
                    "Plan Width": 4,
                    "Actual Startup Time": 72.023,
                    "Actual Total Time": 182.164,
                    "Actual Rows": 578951,
                    "Actual Loops": 2,
                    "Recheck Cond": "(keyword_id > 16131)",
                    "Rows Removed by Index Recheck": 0,
                    "Exact Heap Blocks": 14157,
                    "Lossy Heap Blocks": 0,
                    "Plans": [
                      {
                        "Node Type": "Bitmap Index Scan",
                        "Parent Relationship": "Outer",
                        "Parallel Aware": false,
                        "Index Name": "keyword_id_movie_keyword",
                        "Startup Cost": 0.0,
                        "Total Cost": 24160.15,
                        "Plan Rows": 1152495,
                        "Plan Width": 0,
                        "Actual Startup Time": 68.349,
                        "Actual Total Time": 68.35,
                        "Actual Rows": 1157902,
                        "Actual Loops": 1,
                        "Index Cond": "(keyword_id > 16131)"
                      }
                    ]
                  },
                  {
                    "Node Type": "Hash",
                    "Parent Relationship": "Inner",
                    "Parallel Aware": true,
                    "Startup Cost": 39279.65,
                    "Total Cost": 39279.65,
                    "Plan Rows": 52874,
                    "Plan Width": 4,
                    "Actual Startup Time": 72.22,
                    "Actual Total Time": 72.221,
                    "Actual Rows": 58252,
                    "Actual Loops": 2,
                    "Hash Buckets": 131072,
                    "Original Hash Buckets": 131072,
                    "Hash Batches": 1,
                    "Original Hash Batches": 1,
                    "Peak Memory Usage": 5600,
                    "Plans": [
                      {
                        "Node Type": "Bitmap Heap Scan",
                        "Parent Relationship": "Outer",
                        "Parallel Aware": true,
                        "Relation Name": "title",
                        "Alias": "t",
                        "Startup Cost": 2203.41,
                        "Total Cost": 39279.65,
                        "Plan Rows": 52874,
                        "Plan Width": 4,
                        "Actual Startup Time": 16.749,
                        "Actual Total Time": 56.205,
                        "Actual Rows": 58252,
                        "Actual Loops": 2,
                        "Recheck Cond": "(kind_id = 4)",
                        "Rows Removed by Index Recheck": 0,
                        "Filter": "(production_year > 1985)",
                        "Rows Removed by Filter": 865,
                        "Exact Heap Blocks": 9261,
                        "Lossy Heap Blocks": 0,
                        "Plans": [
                          {
                            "Node Type": "Bitmap Index Scan",
                            "Parent Relationship": "Outer",
                            "Parallel Aware": false,
                            "Index Name": "kind_id_title",
                            "Startup Cost": 0.0,
                            "Total Cost": 2180.94,
                            "Plan Rows": 122201,
                            "Plan Width": 0,
                            "Actual Startup Time": 16.461,
                            "Actual Total Time": 16.461,
                            "Actual Rows": 118234,
                            "Actual Loops": 1,
                            "Index Cond": "(kind_id = 4)"
                          }
                        ]
                      }
                    ]
                  }
                ]
              }
            ]
          }
        ]
      }
    ]
  },
  "Planning Time": 0.469,
  "Triggers": [],
  "Execution Time": 343.627
}