{
  "Plan": {
    "Node Type": "Aggregate",
    "Strategy": "Plain",
    "Partial Mode": "Finalize",
    "Parallel Aware": false,
    "Startup Cost": 326976.83,
    "Total Cost": 326976.84,
    "Plan Rows": 1,
    "Plan Width": 8,
    "Actual Startup Time": 1372.179,
    "Actual Total Time": 1416.513,
    "Actual Rows": 1,
    "Actual Loops": 1,
    "Plans": [
      {
        "Node Type": "Gather",
        "Parent Relationship": "Outer",
        "Parallel Aware": false,
        "Startup Cost": 326976.72,
        "Total Cost": 326976.83,
        "Plan Rows": 1,
        "Plan Width": 8,
        "Actual Startup Time": 1371.926,
        "Actual Total Time": 1416.502,
        "Actual Rows": 2,
        "Actual Loops": 1,
        "Workers Planned": 1,
        "Workers Launched": 1,
        "Single Copy": false,
        "Plans": [
          {
            "Node Type": "Aggregate",
            "Strategy": "Plain",
            "Partial Mode": "Partial",
            "Parent Relationship": "Outer",
            "Parallel Aware": false,
            "Startup Cost": 325976.72,
            "Total Cost": 325976.73,
            "Plan Rows": 1,
            "Plan Width": 8,
            "Actual Startup Time": 1365.879,
            "Actual Total Time": 1365.883,
            "Actual Rows": 1,
            "Actual Loops": 2,
            "Plans": [
              {
                "Node Type": "Hash Join",
                "Parent Relationship": "Outer",
                "Parallel Aware": true,
                "Join Type": "Inner",
                "Startup Cost": 53917.18,
                "Total Cost": 325700.67,
                "Plan Rows": 110418,
                "Plan Width": 0,
                "Actual Startup Time": 116.76,
                "Actual Total Time": 1358.781,
                "Actual Rows": 157235,
                "Actual Loops": 2,
                "Inner Unique": true,
                "Hash Cond": "(mi.movie_id = t.id)",
                "Plans": [
                  {
                    "Node Type": "Seq Scan",
                    "Parent Relationship": "Outer",
                    "Parallel Aware": true,
                    "Relation Name": "movie_info",
                    "Alias": "mi",
                    "Startup Cost": 0.0,
                    "Total Cost": 248955.74,
                    "Plan Rows": 8696274,
                    "Plan Width": 4,
                    "Actual Startup Time": 0.011,
                    "Actual Total Time": 630.417,
                    "Actual Rows": 7417860,
                    "Actual Loops": 2
                  },
                  {
                    "Node Type": "Hash",
                    "Parent Relationship": "Inner",
                    "Parallel Aware": true,
                    "Startup Cost": 53681.13,
                    "Total Cost": 53681.13,
                    "Plan Rows": 18884,
                    "Plan Width": 4,
                    "Actual Startup Time": 97.887,
                    "Actual Total Time": 97.889,
                    "Actual Rows": 11054,
                    "Actual Loops": 2,
                    "Hash Buckets": 32768,
                    "Original Hash Buckets": 32768,
                    "Hash Batches": 1,
                    "Original Hash Batches": 1,
                    "Peak Memory Usage": 1152,
                    "Plans": [
                      {
                        "Node Type": "Bitmap Heap Scan",
                        "Parent Relationship": "Outer",
                        "Parallel Aware": true,
                        "Relation Name": "title",
                        "Alias": "t",
                        "Startup Cost": 11830.88,
                        "Total Cost": 53681.13,
                        "Plan Rows": 18884,
                        "Plan Width": 4,
                        "Actual Startup Time": 37.949,
                        "Actual Total Time": 94.854,
                        "Actual Rows": 11054,
                        "Actual Loops": 2,
                        "Recheck Cond": "(kind_id < 2)",
                        "Rows Removed by Index Recheck": 0,
                        "Filter": "(production_year = 2008)",
                        "Rows Removed by Filter": 320359,
                        "Exact Heap Blocks": 9468,
                        "Lossy Heap Blocks": 0,
                        "Plans": [
                          {
                            "Node Type": "Bitmap Index Scan",
                            "Parent Relationship": "Outer",
                            "Parallel Aware": false,
                            "Index Name": "kind_id_title",
                            "Startup Cost": 0.0,
                            "Total Cost": 11822.85,
                            "Plan Rows": 663256,
                            "Plan Width": 0,
                            "Actual Startup Time": 40.359,
                            "Actual Total Time": 40.359,
                            "Actual Rows": 662825,
                            "Actual Loops": 1,
                            "Index Cond": "(kind_id < 2)"
                          }
                        ]
                      }
                    ]
                  }
                ]
              }
            ]
          }
        ]
      }
    ]
  },
  "Planning Time": 0.429,
  "Triggers": [],
  "Execution Time": 1416.618
}