[
  {
    "Plan": {
      "Node Type": "Aggregate",
      "Strategy": "Plain",
      "Partial Mode": "Finalize",
      "Parallel Aware": false,
      "Startup Cost": 42242.44,
      "Total Cost": 42242.45,
      "Plan Rows": 1,
      "Plan Width": 8,
      "Actual Startup Time": 132.011,
      "Actual Total Time": 137.294,
      "Actual Rows": 1,
      "Actual Loops": 1,
      "Plans": [
        {
          "Node Type": "Gather",
          "Parent Relationship": "Outer",
          "Parallel Aware": false,
          "Startup Cost": 42242.12,
          "Total Cost": 42242.43,
          "Plan Rows": 3,
          "Plan Width": 8,
          "Actual Startup Time": 131.732,
          "Actual Total Time": 137.288,
          "Actual Rows": 4,
          "Actual Loops": 1,
          "Workers Planned": 3,
          "Workers Launched": 3,
          "Single Copy": false,
          "Plans": [
            {
              "Node Type": "Aggregate",
              "Strategy": "Plain",
              "Partial Mode": "Partial",
              "Parent Relationship": "Outer",
              "Parallel Aware": false,
              "Startup Cost": 41242.12,
              "Total Cost": 41242.13,
              "Plan Rows": 1,
              "Plan Width": 8,
              "Actual Startup Time": 126.916,
              "Actual Total Time": 126.917,
              "Actual Rows": 1,
              "Actual Loops": 4,
              "Plans": [
                {
                  "Node Type": "Bitmap Heap Scan",
                  "Parent Relationship": "Outer",
                  "Parallel Aware": true,
                  "Relation Name": "movie_keyword",
                  "Alias": "mk",
                  "Startup Cost": 13670.24,
                  "Total Cost": 40722.47,
                  "Plan Rows": 207859,
                  "Plan Width": 0,
                  "Actual Startup Time": 44.187,
                  "Actual Total Time": 118.204,
                  "Actual Rows": 157678,
                  "Actual Loops": 4,
                  "Recheck Cond": "(keyword_id > 29089)",
                  "Rows Removed by Index Recheck": 0,
                  "Exact Heap Blocks": 9632,
                  "Lossy Heap Blocks": 0,
                  "Plans": [
                    {
                      "Node Type": "Bitmap Index Scan",
                      "Parent Relationship": "Outer",
                      "Parallel Aware": false,
                      "Index Name": "keyword_id_movie_keyword",
                      "Startup Cost": 0.0,
                      "Total Cost": 13509.15,
                      "Plan Rows": 644362,
                      "Plan Width": 0,
                      "Actual Startup Time": 45.0,
                      "Actual Total Time": 45.0,
                      "Actual Rows": 630714,
                      "Actual Loops": 1,
                      "Index Cond": "(keyword_id > 29089)"
                    }
                  ]
                }
              ]
            }
          ]
        }
      ]
    },
    "Planning Time": 0.093,
    "Triggers": [],
    "Execution Time": 137.332
  }
]