{
  "Plan": {
    "Node Type": "Aggregate",
    "Strategy": "Plain",
    "Partial Mode": "Finalize",
    "Parallel Aware": false,
    "Startup Cost": 352652.23,
    "Total Cost": 352652.24,
    "Plan Rows": 1,
    "Plan Width": 8,
    "Actual Startup Time": 1986.096,
    "Actual Total Time": 2043.199,
    "Actual Rows": 1,
    "Actual Loops": 1,
    "Plans": [
      {
        "Node Type": "Gather",
        "Parent Relationship": "Outer",
        "Parallel Aware": false,
        "Startup Cost": 352652.12,
        "Total Cost": 352652.23,
        "Plan Rows": 1,
        "Plan Width": 8,
        "Actual Startup Time": 1983.65,
        "Actual Total Time": 2043.188,
        "Actual Rows": 2,
        "Actual Loops": 1,
        "Workers Planned": 1,
        "Workers Launched": 1,
        "Single Copy": false,
        "Plans": [
          {
            "Node Type": "Aggregate",
            "Strategy": "Plain",
            "Partial Mode": "Partial",
            "Parent Relationship": "Outer",
            "Parallel Aware": false,
            "Startup Cost": 351652.12,
            "Total Cost": 351652.13,
            "Plan Rows": 1,
            "Plan Width": 8,
            "Actual Startup Time": 1978.202,
            "Actual Total Time": 1978.206,
            "Actual Rows": 1,
            "Actual Loops": 2,
            "Plans": [
              {
                "Node Type": "Hash Join",
                "Parent Relationship": "Outer",
                "Parallel Aware": true,
                "Join Type": "Inner",
                "Startup Cost": 62878.73,
                "Total Cost": 348221.44,
                "Plan Rows": 1372272,
                "Plan Width": 0,
                "Actual Startup Time": 296.081,
                "Actual Total Time": 1965.353,
                "Actual Rows": 252332,
                "Actual Loops": 2,
                "Inner Unique": true,
                "Hash Cond": "(mi.movie_id = t.id)",
                "Plans": [
                  {
                    "Node Type": "Seq Scan",
                    "Parent Relationship": "Outer",
                    "Parallel Aware": true,
                    "Relation Name": "movie_info",
                    "Alias": "mi",
                    "Startup Cost": 0.0,
                    "Total Cost": 270696.42,
                    "Plan Rows": 5579529,
                    "Plan Width": 4,
                    "Actual Startup Time": 0.013,
                    "Actual Total Time": 832.66,
                    "Actual Rows": 4782576,
                    "Actual Loops": 2,
                    "Filter": "(info_type_id < 16)",
                    "Rows Removed by Filter": 2635284
                  },
                  {
                    "Node Type": "Hash",
                    "Parent Relationship": "Inner",
                    "Parallel Aware": true,
                    "Startup Cost": 58306.47,
                    "Total Cost": 58306.47,
                    "Plan Rows": 365781,
                    "Plan Width": 4,
                    "Actual Startup Time": 284.931,
                    "Actual Total Time": 284.932,
                    "Actual Rows": 338464,
                    "Actual Loops": 2,
                    "Hash Buckets": 1048576,
                    "Original Hash Buckets": 1048576,
                    "Hash Batches": 1,
                    "Original Hash Batches": 1,
                    "Peak Memory Usage": 34688,
                    "Plans": [
                      {
                        "Node Type": "Seq Scan",
                        "Parent Relationship": "Outer",
                        "Parallel Aware": true,
                        "Relation Name": "title",
                        "Alias": "t",
                        "Startup Cost": 0.0,
                        "Total Cost": 58306.47,
                        "Plan Rows": 365781,
                        "Plan Width": 4,
                        "Actual Startup Time": 0.033,
                        "Actual Total Time": 183.391,
                        "Actual Rows": 338464,
                        "Actual Loops": 2,
                        "Filter": "((production_year > 2005) AND (kind_id = 7))",
                        "Rows Removed by Filter": 925692
                      }
                    ]
                  }
                ]
              }
            ]
          }
        ]
      }
    ]
  },
  "Planning Time": 0.592,
  "Triggers": [],
  "Execution Time": 2043.281
}