[
  {
    "Plan": {
      "Node Type": "Aggregate",
      "Strategy": "Plain",
      "Partial Mode": "Finalize",
      "Parallel Aware": false,
      "Startup Cost": 82625.93,
      "Total Cost": 82625.94,
      "Plan Rows": 1,
      "Plan Width": 8,
      "Actual Startup Time": 414.073,
      "Actual Total Time": 429.194,
      "Actual Rows": 1,
      "Actual Loops": 1,
      "Plans": [
        {
          "Node Type": "Gather",
          "Parent Relationship": "Outer",
          "Parallel Aware": false,
          "Startup Cost": 82625.61,
          "Total Cost": 82625.92,
          "Plan Rows": 3,
          "Plan Width": 8,
          "Actual Startup Time": 408.009,
          "Actual Total Time": 429.184,
          "Actual Rows": 4,
          "Actual Loops": 1,
          "Workers Planned": 3,
          "Workers Launched": 3,
          "Single Copy": false,
          "Plans": [
            {
              "Node Type": "Aggregate",
              "Strategy": "Plain",
              "Partial Mode": "Partial",
              "Parent Relationship": "Outer",
              "Parallel Aware": false,
              "Startup Cost": 81625.61,
              "Total Cost": 81625.62,
              "Plan Rows": 1,
              "Plan Width": 8,
              "Actual Startup Time": 395.866,
              "Actual Total Time": 395.869,
              "Actual Rows": 1,
              "Actual Loops": 4,
              "Plans": [
                {
                  "Node Type": "Hash Join",
                  "Parent Relationship": "Outer",
                  "Parallel Aware": true,
                  "Join Type": "Inner",
                  "Startup Cost": 49773.84,
                  "Total Cost": 81476.58,
                  "Plan Rows": 59613,
                  "Plan Width": 0,
                  "Actual Startup Time": 277.108,
                  "Actual Total Time": 392.579,
                  "Actual Rows": 64014,
                  "Actual Loops": 4,
                  "Inner Unique": true,
                  "Hash Cond": "(mc.movie_id = t.id)",
                  "Plans": [
                    {
                      "Node Type": "Seq Scan",
                      "Parent Relationship": "Outer",
                      "Parallel Aware": true,
                      "Relation Name": "movie_companies",
                      "Alias": "mc",
                      "Startup Cost": 0.0,
                      "Total Cost": 31414.82,
                      "Plan Rows": 109687,
                      "Plan Width": 4,
                      "Actual Startup Time": 0.012,
                      "Actual Total Time": 70.231,
                      "Actual Rows": 123312,
                      "Actual Loops": 4,
                      "Filter": "((company_id < 1275) AND (company_type_id < 2))",
                      "Rows Removed by Filter": 528970
                    },
                    {
                      "Node Type": "Hash",
                      "Parent Relationship": "Inner",
                      "Parallel Aware": true,
                      "Startup Cost": 45479.59,
                      "Total Cost": 45479.59,
                      "Plan Rows": 343540,
                      "Plan Width": 4,
                      "Actual Startup Time": 269.06,
                      "Actual Total Time": 269.061,
                      "Actual Rows": 362658,
                      "Actual Loops": 4,
                      "Hash Buckets": 2097152,
                      "Original Hash Buckets": 2097152,
                      "Hash Batches": 1,
                      "Original Hash Batches": 1,
                      "Peak Memory Usage": 73184,
                      "Plans": [
                        {
                          "Node Type": "Seq Scan",
                          "Parent Relationship": "Outer",
                          "Parallel Aware": true,
                          "Relation Name": "title",
                          "Alias": "t",
                          "Startup Cost": 0.0,
                          "Total Cost": 45479.59,
                          "Plan Rows": 343540,
                          "Plan Width": 4,
                          "Actual Startup Time": 0.059,
                          "Actual Total Time": 124.922,
                          "Actual Rows": 362658,
                          "Actual Loops": 4,
                          "Filter": "((production_year > 1956) AND (kind_id = 7))",
                          "Rows Removed by Filter": 269420
                        }
                      ]
                    }
                  ]
                }
              ]
            }
          ]
        }
      ]
    },
    "Planning Time": 0.811,
    "Triggers": [],
    "Execution Time": 429.267
  }
]