[
  {
    "Plan": {
      "Node Type": "Aggregate",
      "Strategy": "Plain",
      "Partial Mode": "Finalize",
      "Parallel Aware": false,
      "Startup Cost": 81253.29,
      "Total Cost": 81253.3,
      "Plan Rows": 1,
      "Plan Width": 8,
      "Actual Startup Time": 281.58,
      "Actual Total Time": 295.881,
      "Actual Rows": 1,
      "Actual Loops": 1,
      "Plans": [
        {
          "Node Type": "Gather",
          "Parent Relationship": "Outer",
          "Parallel Aware": false,
          "Startup Cost": 81252.87,
          "Total Cost": 81253.28,
          "Plan Rows": 4,
          "Plan Width": 8,
          "Actual Startup Time": 278.109,
          "Actual Total Time": 295.869,
          "Actual Rows": 5,
          "Actual Loops": 1,
          "Workers Planned": 4,
          "Workers Launched": 4,
          "Single Copy": false,
          "Plans": [
            {
              "Node Type": "Aggregate",
              "Strategy": "Plain",
              "Partial Mode": "Partial",
              "Parent Relationship": "Outer",
              "Parallel Aware": false,
              "Startup Cost": 80252.87,
              "Total Cost": 80252.88,
              "Plan Rows": 1,
              "Plan Width": 8,
              "Actual Startup Time": 268.66,
              "Actual Total Time": 268.663,
              "Actual Rows": 1,
              "Actual Loops": 5,
              "Plans": [
                {
                  "Node Type": "Hash Join",
                  "Parent Relationship": "Outer",
                  "Parallel Aware": true,
                  "Join Type": "Inner",
                  "Startup Cost": 32795.57,
                  "Total Cost": 80136.9,
                  "Plan Rows": 46390,
                  "Plan Width": 0,
                  "Actual Startup Time": 107.042,
                  "Actual Total Time": 265.962,
                  "Actual Rows": 51211,
                  "Actual Loops": 5,
                  "Inner Unique": false,
                  "Hash Cond": "(t.id = mc.movie_id)",
                  "Plans": [
                    {
                      "Node Type": "Seq Scan",
                      "Parent Relationship": "Outer",
                      "Parallel Aware": true,
                      "Relation Name": "title",
                      "Alias": "t",
                      "Startup Cost": 0.0,
                      "Total Cost": 45479.1,
                      "Plan Rows": 342518,
                      "Plan Width": 4,
                      "Actual Startup Time": 0.016,
                      "Actual Total Time": 85.695,
                      "Actual Rows": 290126,
                      "Actual Loops": 5,
                      "Filter": "((production_year > 1956) AND (kind_id = 7))",
                      "Rows Removed by Filter": 215536
                    },
                    {
                      "Node Type": "Hash",
                      "Parent Relationship": "Inner",
                      "Parallel Aware": true,
                      "Startup Cost": 31414.82,
                      "Total Cost": 31414.82,
                      "Plan Rows": 110460,
                      "Plan Width": 4,
                      "Actual Startup Time": 103.993,
                      "Actual Total Time": 103.994,
                      "Actual Rows": 98650,
                      "Actual Loops": 5,
                      "Hash Buckets": 524288,
                      "Original Hash Buckets": 524288,
                      "Hash Batches": 1,
                      "Original Hash Batches": 1,
                      "Peak Memory Usage": 23488,
                      "Plans": [
                        {
                          "Node Type": "Seq Scan",
                          "Parent Relationship": "Outer",
                          "Parallel Aware": true,
                          "Relation Name": "movie_companies",
                          "Alias": "mc",
                          "Startup Cost": 0.0,
                          "Total Cost": 31414.82,
                          "Plan Rows": 110460,
                          "Plan Width": 4,
                          "Actual Startup Time": 0.042,
                          "Actual Total Time": 68.092,
                          "Actual Rows": 98650,
                          "Actual Loops": 5,
                          "Filter": "((company_id < 1275) AND (company_type_id < 2))",
                          "Rows Removed by Filter": 423176
                        }
                      ]
                    }
                  ]
                }
              ]
            }
          ]
        }
      ]
    },
    "Planning Time": 0.653,
    "Triggers": [],
    "Execution Time": 295.952
  }
]