[
  {
    "Plan": {
      "Node Type": "Aggregate",
      "Strategy": "Plain",
      "Partial Mode": "Finalize",
      "Parallel Aware": false,
      "Startup Cost": 37057.06,
      "Total Cost": 37057.07,
      "Plan Rows": 1,
      "Plan Width": 8,
      "Actual Startup Time": 119.676,
      "Actual Total Time": 128.144,
      "Actual Rows": 1,
      "Actual Loops": 1,
      "Plans": [
        {
          "Node Type": "Gather",
          "Parent Relationship": "Outer",
          "Parallel Aware": false,
          "Startup Cost": 37056.74,
          "Total Cost": 37057.05,
          "Plan Rows": 3,
          "Plan Width": 8,
          "Actual Startup Time": 119.339,
          "Actual Total Time": 128.136,
          "Actual Rows": 4,
          "Actual Loops": 1,
          "Workers Planned": 3,
          "Workers Launched": 3,
          "Single Copy": false,
          "Plans": [
            {
              "Node Type": "Aggregate",
              "Strategy": "Plain",
              "Partial Mode": "Partial",
              "Parent Relationship": "Outer",
              "Parallel Aware": false,
              "Startup Cost": 36056.74,
              "Total Cost": 36056.75,
              "Plan Rows": 1,
              "Plan Width": 8,
              "Actual Startup Time": 110.627,
              "Actual Total Time": 110.629,
              "Actual Rows": 1,
              "Actual Loops": 4,
              "Plans": [
                {
                  "Node Type": "Bitmap Heap Scan",
                  "Parent Relationship": "Outer",
                  "Parallel Aware": true,
                  "Relation Name": "movie_keyword",
                  "Alias": "mk",
                  "Startup Cost": 9447.85,
                  "Total Cost": 35697.59,
                  "Plan Rows": 143659,
                  "Plan Width": 0,
                  "Actual Startup Time": 40.721,
                  "Actual Total Time": 104.544,
                  "Actual Rows": 108585,
                  "Actual Loops": 4,
                  "Recheck Cond": "(keyword_id > 40391)",
                  "Rows Removed by Index Recheck": 0,
                  "Exact Heap Blocks": 10886,
                  "Lossy Heap Blocks": 0,
                  "Plans": [
                    {
                      "Node Type": "Bitmap Index Scan",
                      "Parent Relationship": "Outer",
                      "Parallel Aware": false,
                      "Index Name": "keyword_id_movie_keyword",
                      "Startup Cost": 0.0,
                      "Total Cost": 9336.51,
                      "Plan Rows": 445344,
                      "Plan Width": 0,
                      "Actual Startup Time": 45.281,
                      "Actual Total Time": 45.282,
                      "Actual Rows": 434339,
                      "Actual Loops": 1,
                      "Index Cond": "(keyword_id > 40391)"
                    }
                  ]
                }
              ]
            }
          ]
        }
      ]
    },
    "Planning Time": 0.208,
    "Triggers": [],
    "Execution Time": 128.216
  }
]