[
  {
    "Plan": {
      "Node Type": "Aggregate",
      "Strategy": "Plain",
      "Partial Mode": "Finalize",
      "Parallel Aware": false,
      "Startup Cost": 253276.58,
      "Total Cost": 253276.59,
      "Plan Rows": 1,
      "Plan Width": 8,
      "Actual Startup Time": 825.057,
      "Actual Total Time": 871.786,
      "Actual Rows": 1,
      "Actual Loops": 1,
      "Plans": [
        {
          "Node Type": "Gather",
          "Parent Relationship": "Outer",
          "Parallel Aware": false,
          "Startup Cost": 253276.06,
          "Total Cost": 253276.57,
          "Plan Rows": 5,
          "Plan Width": 8,
          "Actual Startup Time": 823.072,
          "Actual Total Time": 871.774,
          "Actual Rows": 6,
          "Actual Loops": 1,
          "Workers Planned": 5,
          "Workers Launched": 5,
          "Single Copy": false,
          "Plans": [
            {
              "Node Type": "Aggregate",
              "Strategy": "Plain",
              "Partial Mode": "Partial",
              "Parent Relationship": "Outer",
              "Parallel Aware": false,
              "Startup Cost": 252276.06,
              "Total Cost": 252276.07,
              "Plan Rows": 1,
              "Plan Width": 8,
              "Actual Startup Time": 812.825,
              "Actual Total Time": 812.828,
              "Actual Rows": 1,
              "Actual Loops": 6,
              "Plans": [
                {
                  "Node Type": "Hash Join",
                  "Parent Relationship": "Outer",
                  "Parallel Aware": true,
                  "Join Type": "Inner",
                  "Startup Cost": 47269.47,
                  "Total Cost": 251201.38,
                  "Plan Rows": 429874,
                  "Plan Width": 0,
                  "Actual Startup Time": 140.052,
                  "Actual Total Time": 784.247,
                  "Actual Rows": 625246,
                  "Actual Loops": 6,
                  "Inner Unique": true,
                  "Hash Cond": "(mi.movie_id = t.id)",
                  "Plans": [
                    {
                      "Node Type": "Seq Scan",
                      "Parent Relationship": "Outer",
                      "Parallel Aware": true,
                      "Relation Name": "movie_info",
                      "Alias": "mi",
                      "Startup Cost": 0.0,
                      "Total Cost": 198952.16,
                      "Plan Rows": 1897040,
                      "Plan Width": 4,
                      "Actual Startup Time": 0.04,
                      "Actual Total Time": 353.781,
                      "Actual Rows": 1594192,
                      "Actual Loops": 6,
                      "Filter": "(info_type_id < 16)",
                      "Rows Removed by Filter": 878428
                    },
                    {
                      "Node Type": "Hash",
                      "Parent Relationship": "Inner",
                      "Parallel Aware": true,
                      "Startup Cost": 45479.1,
                      "Total Cost": 45479.1,
                      "Plan Rows": 143230,
                      "Plan Width": 4,
                      "Actual Startup Time": 123.068,
                      "Actual Total Time": 123.069,
                      "Actual Rows": 75667,
                      "Actual Loops": 6,
                      "Hash Buckets": 1048576,
                      "Original Hash Buckets": 1048576,
                      "Hash Batches": 1,
                      "Original Hash Batches": 1,
                      "Peak Memory Usage": 26048,
                      "Plans": [
                        {
                          "Node Type": "Seq Scan",
                          "Parent Relationship": "Outer",
                          "Parallel Aware": true,
                          "Relation Name": "title",
                          "Alias": "t",
                          "Startup Cost": 0.0,
                          "Total Cost": 45479.1,
                          "Plan Rows": 143230,
                          "Plan Width": 4,
                          "Actual Startup Time": 46.218,
                          "Actual Total Time": 88.206,
                          "Actual Rows": 75667,
                          "Actual Loops": 6,
                          "Filter": "((production_year > 1963) AND (kind_id = 1))",
                          "Rows Removed by Filter": 345718
                        }
                      ]
                    }
                  ]
                }
              ]
            }
          ]
        }
      ]
    },
    "Planning Time": 0.669,
    "Triggers": [],
    "Execution Time": 871.869
  }
]