[
  {
    "Plan": {
      "Node Type": "Aggregate",
      "Strategy": "Plain",
      "Partial Mode": "Finalize",
      "Parallel Aware": false,
      "Startup Cost": 224761.42,
      "Total Cost": 224761.43,
      "Plan Rows": 1,
      "Plan Width": 8,
      "Actual Startup Time": 210.215,
      "Actual Total Time": 237.871,
      "Actual Rows": 1,
      "Actual Loops": 1,
      "Plans": [
        {
          "Node Type": "Gather",
          "Parent Relationship": "Outer",
          "Parallel Aware": false,
          "Startup Cost": 224760.9,
          "Total Cost": 224761.41,
          "Plan Rows": 5,
          "Plan Width": 8,
          "Actual Startup Time": 209.278,
          "Actual Total Time": 237.862,
          "Actual Rows": 6,
          "Actual Loops": 1,
          "Workers Planned": 5,
          "Workers Launched": 5,
          "Single Copy": false,
          "Plans": [
            {
              "Node Type": "Aggregate",
              "Strategy": "Plain",
              "Partial Mode": "Partial",
              "Parent Relationship": "Outer",
              "Parallel Aware": false,
              "Startup Cost": 223760.9,
              "Total Cost": 223760.91,
              "Plan Rows": 1,
              "Plan Width": 8,
              "Actual Startup Time": 198.282,
              "Actual Total Time": 198.288,
              "Actual Rows": 1,
              "Actual Loops": 6,
              "Plans": [
                {
                  "Node Type": "Nested Loop",
                  "Parent Relationship": "Outer",
                  "Parallel Aware": false,
                  "Join Type": "Inner",
                  "Startup Cost": 51974.02,
                  "Total Cost": 223709.52,
                  "Plan Rows": 20552,
                  "Plan Width": 0,
                  "Actual Startup Time": 100.427,
                  "Actual Total Time": 196.774,
                  "Actual Rows": 19029,
                  "Actual Loops": 6,
                  "Inner Unique": false,
                  "Join Filter": "(t.id = ci.movie_id)",
                  "Rows Removed by Join Filter": 0,
                  "Plans": [
                    {
                      "Node Type": "Hash Join",
                      "Parent Relationship": "Outer",
                      "Parallel Aware": true,
                      "Join Type": "Inner",
                      "Startup Cost": 51973.46,
                      "Total Cost": 215023.35,
                      "Plan Rows": 1434,
                      "Plan Width": 8,
                      "Actual Startup Time": 100.311,
                      "Actual Total Time": 140.001,
                      "Actual Rows": 512,
                      "Actual Loops": 6,
                      "Inner Unique": true,
                      "Hash Cond": "(mi.movie_id = t.id)",
                      "Plans": [
                        {
                          "Node Type": "Bitmap Heap Scan",
                          "Parent Relationship": "Outer",
                          "Parallel Aware": true,
                          "Relation Name": "movie_info",
                          "Alias": "mi",
                          "Startup Cost": 6332.18,
                          "Total Cost": 169198.65,
                          "Plan Rows": 69877,
                          "Plan Width": 4,
                          "Actual Startup Time": 17.383,
                          "Actual Total Time": 47.2,
                          "Actual Rows": 54810,
                          "Actual Loops": 6,
                          "Recheck Cond": "(info_type_id = 98)",
                          "Rows Removed by Index Recheck": 0,
                          "Exact Heap Blocks": 8116,
                          "Lossy Heap Blocks": 0,
                          "Plans": [
                            {
                              "Node Type": "Bitmap Index Scan",
                              "Parent Relationship": "Outer",
                              "Parallel Aware": false,
                              "Index Name": "info_type_id_movie_info",
                              "Startup Cost": 0.0,
                              "Total Cost": 6244.84,
                              "Plan Rows": 349387,
                              "Plan Width": 0,
                              "Actual Startup Time": 13.664,
                              "Actual Total Time": 13.665,
                              "Actual Rows": 328857,
                              "Actual Loops": 1,
                              "Index Cond": "(info_type_id = 98)"
                            }
                          ]
                        },
                        {
                          "Node Type": "Hash",
                          "Parent Relationship": "Inner",
                          "Parallel Aware": true,
                          "Startup Cost": 45479.1,
                          "Total Cost": 45479.1,
                          "Plan Rows": 12974,
                          "Plan Width": 4,
                          "Actual Startup Time": 81.26,
                          "Actual Total Time": 81.261,
                          "Actual Rows": 9413,
                          "Actual Loops": 6,
                          "Hash Buckets": 65536,
                          "Original Hash Buckets": 65536,
                          "Hash Batches": 1,
                          "Original Hash Batches": 1,
                          "Peak Memory Usage": 2816,
                          "Plans": [
                            {
                              "Node Type": "Seq Scan",
                              "Parent Relationship": "Outer",
                              "Parallel Aware": true,
                              "Relation Name": "title",
                              "Alias": "t",
                              "Startup Cost": 0.0,
                              "Total Cost": 45479.1,
                              "Plan Rows": 12974,
                              "Plan Width": 4,
                              "Actual Startup Time": 0.058,
                              "Actual Total Time": 76.593,
                              "Actual Rows": 9413,
                              "Actual Loops": 6,
                              "Filter": "((kind_id = 7) AND (production_year = 2004))",
                              "Rows Removed by Filter": 411972
                            }
                          ]
                        }
                      ]
                    },
                    {
                      "Node Type": "Index Only Scan",
                      "Parent Relationship": "Inner",
                      "Parallel Aware": false,
                      "Scan Direction": "Forward",
                      "Index Name": "movie_id_cast_info",
                      "Relation Name": "cast_info",
                      "Alias": "ci",
                      "Startup Cost": 0.56,
                      "Total Cost": 5.59,
                      "Plan Rows": 37,
                      "Plan Width": 4,
                      "Actual Startup Time": 0.014,
                      "Actual Total Time": 0.106,
                      "Actual Rows": 37,
                      "Actual Loops": 3072,
                      "Index Cond": "(movie_id = mi.movie_id)",
                      "Rows Removed by Index Recheck": 0,
                      "Heap Fetches": 114175
                    }
                  ]
                }
              ]
            }
          ]
        }
      ]
    },
    "Planning Time": 1.39,
    "Triggers": [],
    "Execution Time": 237.995
  }
]