[
  {
    "Plan": {
      "Node Type": "Aggregate",
      "Strategy": "Plain",
      "Partial Mode": "Finalize",
      "Parallel Aware": false,
      "Startup Cost": 45472.58,
      "Total Cost": 45472.59,
      "Plan Rows": 1,
      "Plan Width": 8,
      "Actual Startup Time": 161.808,
      "Actual Total Time": 171.414,
      "Actual Rows": 1,
      "Actual Loops": 1,
      "Plans": [
        {
          "Node Type": "Gather",
          "Parent Relationship": "Outer",
          "Parallel Aware": false,
          "Startup Cost": 45472.26,
          "Total Cost": 45472.57,
          "Plan Rows": 3,
          "Plan Width": 8,
          "Actual Startup Time": 161.729,
          "Actual Total Time": 171.404,
          "Actual Rows": 4,
          "Actual Loops": 1,
          "Workers Planned": 3,
          "Workers Launched": 3,
          "Single Copy": false,
          "Plans": [
            {
              "Node Type": "Aggregate",
              "Strategy": "Plain",
              "Partial Mode": "Partial",
              "Parent Relationship": "Outer",
              "Parallel Aware": false,
              "Startup Cost": 44472.26,
              "Total Cost": 44472.27,
              "Plan Rows": 1,
              "Plan Width": 8,
              "Actual Startup Time": 152.945,
              "Actual Total Time": 152.946,
              "Actual Rows": 1,
              "Actual Loops": 4,
              "Plans": [
                {
                  "Node Type": "Seq Scan",
                  "Parent Relationship": "Outer",
                  "Parallel Aware": true,
                  "Relation Name": "movie_keyword",
                  "Alias": "mk",
                  "Startup Cost": 0.0,
                  "Total Cost": 42695.65,
                  "Plan Rows": 710643,
                  "Plan Width": 0,
                  "Actual Startup Time": 0.776,
                  "Actual Total Time": 124.423,
                  "Actual Rows": 550099,
                  "Actual Loops": 4,
                  "Filter": "(keyword_id > 5071)",
                  "Rows Removed by Filter": 580883
                }
              ]
            }
          ]
        }
      ]
    },
    "Planning Time": 0.189,
    "Triggers": [],
    "Execution Time": 171.485
  }
]