[
  {
    "Plan": {
      "Node Type": "Aggregate",
      "Strategy": "Plain",
      "Partial Mode": "Finalize",
      "Parallel Aware": false,
      "Startup Cost": 33132.93,
      "Total Cost": 33132.94,
      "Plan Rows": 1,
      "Plan Width": 8,
      "Actual Startup Time": 103.537,
      "Actual Total Time": 112.081,
      "Actual Rows": 1,
      "Actual Loops": 1,
      "Plans": [
        {
          "Node Type": "Gather",
          "Parent Relationship": "Outer",
          "Parallel Aware": false,
          "Startup Cost": 33132.61,
          "Total Cost": 33132.92,
          "Plan Rows": 3,
          "Plan Width": 8,
          "Actual Startup Time": 103.416,
          "Actual Total Time": 112.071,
          "Actual Rows": 4,
          "Actual Loops": 1,
          "Workers Planned": 3,
          "Workers Launched": 3,
          "Single Copy": false,
          "Plans": [
            {
              "Node Type": "Aggregate",
              "Strategy": "Plain",
              "Partial Mode": "Partial",
              "Parent Relationship": "Outer",
              "Parallel Aware": false,
              "Startup Cost": 32132.61,
              "Total Cost": 32132.62,
              "Plan Rows": 1,
              "Plan Width": 8,
              "Actual Startup Time": 94.488,
              "Actual Total Time": 94.49,
              "Actual Rows": 1,
              "Actual Loops": 4,
              "Plans": [
                {
                  "Node Type": "Seq Scan",
                  "Parent Relationship": "Outer",
                  "Parallel Aware": true,
                  "Relation Name": "movie_companies",
                  "Alias": "mc",
                  "Startup Cost": 0.0,
                  "Total Cost": 31414.82,
                  "Plan Rows": 287117,
                  "Plan Width": 0,
                  "Actual Startup Time": 0.598,
                  "Actual Total Time": 84.806,
                  "Actual Rows": 179775,
                  "Actual Loops": 4,
                  "Filter": "((company_id > 1705) AND (company_type_id = 1))",
                  "Rows Removed by Filter": 472507
                }
              ]
            }
          ]
        }
      ]
    },
    "Planning Time": 0.225,
    "Triggers": [],
    "Execution Time": 112.141
  }
]