[
  {
    "Plan": {
      "Node Type": "Aggregate",
      "Strategy": "Plain",
      "Partial Mode": "Simple",
      "Parallel Aware": false,
      "Startup Cost": 4391.72,
      "Total Cost": 4391.73,
      "Plan Rows": 1,
      "Plan Width": 8,
      "Actual Startup Time": 1.288,
      "Actual Total Time": 1.29,
      "Actual Rows": 1,
      "Actual Loops": 1,
      "Plans": [
        {
          "Node Type": "Nested Loop",
          "Parent Relationship": "Outer",
          "Parallel Aware": false,
          "Join Type": "Inner",
          "Startup Cost": 0.99,
          "Total Cost": 4391.69,
          "Plan Rows": 14,
          "Plan Width": 0,
          "Actual Startup Time": 0.206,
          "Actual Total Time": 1.279,
          "Actual Rows": 5,
          "Actual Loops": 1,
          "Inner Unique": true,
          "Plans": [
            {
              "Node Type": "Index Scan",
              "Parent Relationship": "Outer",
              "Parallel Aware": false,
              "Scan Direction": "Forward",
              "Index Name": "person_id_cast_info",
              "Relation Name": "cast_info",
              "Alias": "ci",
              "Startup Cost": 0.56,
              "Total Cost": 987.07,
              "Plan Rows": 408,
              "Plan Width": 4,
              "Actual Startup Time": 0.177,
              "Actual Total Time": 0.372,
              "Actual Rows": 54,
              "Actual Loops": 1,
              "Index Cond": "(person_id = 215916)",
              "Rows Removed by Index Recheck": 0,
              "Filter": "(role_id < 9)",
              "Rows Removed by Filter": 0
            },
            {
              "Node Type": "Index Scan",
              "Parent Relationship": "Inner",
              "Parallel Aware": false,
              "Scan Direction": "Forward",
              "Index Name": "title_pkey",
              "Relation Name": "title",
              "Alias": "t",
              "Startup Cost": 0.43,
              "Total Cost": 8.34,
              "Plan Rows": 1,
              "Plan Width": 4,
              "Actual Startup Time": 0.016,
              "Actual Total Time": 0.016,
              "Actual Rows": 0,
              "Actual Loops": 54,
              "Index Cond": "(id = ci.movie_id)",
              "Rows Removed by Index Recheck": 0,
              "Filter": "((kind_id < 7) AND (production_year > 2011))",
              "Rows Removed by Filter": 1
            }
          ]
        }
      ]
    },
    "Planning Time": 0.846,
    "Triggers": [],
    "Execution Time": 1.713
  }
]