[
  {
    "Plan": {
      "Node Type": "Aggregate",
      "Strategy": "Plain",
      "Partial Mode": "Finalize",
      "Parallel Aware": false,
      "Startup Cost": 131363.03,
      "Total Cost": 131363.04,
      "Plan Rows": 1,
      "Plan Width": 8,
      "Actual Startup Time": 890.977,
      "Actual Total Time": 913.231,
      "Actual Rows": 1,
      "Actual Loops": 1,
      "Plans": [
        {
          "Node Type": "Gather",
          "Parent Relationship": "Outer",
          "Parallel Aware": false,
          "Startup Cost": 131362.71,
          "Total Cost": 131363.02,
          "Plan Rows": 3,
          "Plan Width": 8,
          "Actual Startup Time": 885.368,
          "Actual Total Time": 913.221,
          "Actual Rows": 4,
          "Actual Loops": 1,
          "Workers Planned": 3,
          "Workers Launched": 3,
          "Single Copy": false,
          "Plans": [
            {
              "Node Type": "Aggregate",
              "Strategy": "Plain",
              "Partial Mode": "Partial",
              "Parent Relationship": "Outer",
              "Parallel Aware": false,
              "Startup Cost": 130362.71,
              "Total Cost": 130362.72,
              "Plan Rows": 1,
              "Plan Width": 8,
              "Actual Startup Time": 876.296,
              "Actual Total Time": 876.638,
              "Actual Rows": 1,
              "Actual Loops": 4,
              "Plans": [
                {
                  "Node Type": "Hash Join",
                  "Parent Relationship": "Outer",
                  "Parallel Aware": true,
                  "Join Type": "Inner",
                  "Startup Cost": 81505.39,
                  "Total Cost": 129414.36,
                  "Plan Rows": 379339,
                  "Plan Width": 0,
                  "Actual Startup Time": 526.101,
                  "Actual Total Time": 823.578,
                  "Actual Rows": 1256307,
                  "Actual Loops": 4,
                  "Inner Unique": false,
                  "Hash Cond": "(mk.movie_id = t.id)",
                  "Plans": [
                    {
                      "Node Type": "Seq Scan",
                      "Parent Relationship": "Outer",
                      "Parallel Aware": true,
                      "Relation Name": "movie_keyword",
                      "Alias": "mk",
                      "Startup Cost": 0.0,
                      "Total Cost": 42695.65,
                      "Plan Rows": 1137325,
                      "Plan Width": 4,
                      "Actual Startup Time": 0.035,
                      "Actual Total Time": 113.123,
                      "Actual Rows": 883189,
                      "Actual Loops": 4,
                      "Filter": "(keyword_id < 18665)",
                      "Rows Removed by Filter": 247794
                    },
                    {
                      "Node Type": "Hash",
                      "Parent Relationship": "Inner",
                      "Parallel Aware": true,
                      "Startup Cost": 78870.15,
                      "Total Cost": 78870.15,
                      "Plan Rows": 210819,
                      "Plan Width": 8,
                      "Actual Startup Time": 520.8,
                      "Actual Total Time": 521.141,
                      "Actual Rows": 214229,
                      "Actual Loops": 4,
                      "Hash Buckets": 1048576,
                      "Original Hash Buckets": 1048576,
                      "Hash Batches": 1,
                      "Original Hash Batches": 1,
                      "Peak Memory Usage": 41792,
                      "Plans": [
                        {
                          "Node Type": "Hash Join",
                          "Parent Relationship": "Outer",
                          "Parallel Aware": true,
                          "Join Type": "Inner",
                          "Startup Cost": 32710.99,
                          "Total Cost": 78870.15,
                          "Plan Rows": 210819,
                          "Plan Width": 8,
                          "Actual Startup Time": 154.538,
                          "Actual Total Time": 451.134,
                          "Actual Rows": 214229,
                          "Actual Loops": 4,
                          "Inner Unique": false,
                          "Hash Cond": "(t.id = mc.movie_id)",
                          "Plans": [
                            {
                              "Node Type": "Seq Scan",
                              "Parent Relationship": "Outer",
                              "Parallel Aware": true,
                              "Relation Name": "title",
                              "Alias": "t",
                              "Startup Cost": 0.0,
                              "Total Cost": 42318.73,
                              "Plan Rows": 632073,
                              "Plan Width": 4,
                              "Actual Startup Time": 0.012,
                              "Actual Total Time": 77.623,
                              "Actual Rows": 632078,
                              "Actual Loops": 4
                            },
                            {
                              "Node Type": "Hash",
                              "Parent Relationship": "Inner",
                              "Parallel Aware": true,
                              "Startup Cost": 29310.68,
                              "Total Cost": 29310.68,
                              "Plan Rows": 272025,
                              "Plan Width": 4,
                              "Actual Startup Time": 152.021,
                              "Actual Total Time": 152.022,
                              "Actual Rows": 214229,
                              "Actual Loops": 4,
                              "Hash Buckets": 1048576,
                              "Original Hash Buckets": 1048576,
                              "Hash Batches": 1,
                              "Original Hash Batches": 1,
                              "Peak Memory Usage": 41792,
                              "Plans": [
                                {
                                  "Node Type": "Seq Scan",
                                  "Parent Relationship": "Outer",
                                  "Parallel Aware": true,
                                  "Relation Name": "movie_companies",
                                  "Alias": "mc",
                                  "Startup Cost": 0.0,
                                  "Total Cost": 29310.68,
                                  "Plan Rows": 272025,
                                  "Plan Width": 4,
                                  "Actual Startup Time": 22.42,
                                  "Actual Total Time": 81.826,
                                  "Actual Rows": 214229,
                                  "Actual Loops": 4,
                                  "Filter": "(company_id > 24615)",
                                  "Rows Removed by Filter": 438053
                                }
                              ]
                            }
                          ]
                        }
                      ]
                    }
                  ]
                }
              ]
            }
          ]
        }
      ]
    },
    "Planning Time": 1.462,
    "Triggers": [],
    "Execution Time": 913.368
  }
]