{
  "Plan": {
    "Node Type": "Aggregate",
    "Strategy": "Plain",
    "Partial Mode": "Simple",
    "Parallel Aware": false,
    "Startup Cost": 92398.9,
    "Total Cost": 92398.91,
    "Plan Rows": 1,
    "Plan Width": 96,
    "Actual Startup Time": 2209.322,
    "Actual Total Time": 2346.092,
    "Actual Rows": 1,
    "Actual Loops": 1,
    "Plans": [
      {
        "Node Type": "Gather",
        "Parent Relationship": "Outer",
        "Parallel Aware": false,
        "Startup Cost": 67432.53,
        "Total Cost": 92398.9,
        "Plan Rows": 1,
        "Plan Width": 66,
        "Actual Startup Time": 521.059,
        "Actual Total Time": 2344.012,
        "Actual Rows": 10875,
        "Actual Loops": 1,
        "Workers Planned": 1,
        "Workers Launched": 1,
        "Single Copy": false,
        "Plans": [
          {
            "Node Type": "Nested Loop",
            "Parent Relationship": "Outer",
            "Parallel Aware": false,
            "Join Type": "Inner",
            "Startup Cost": 66432.53,
            "Total Cost": 91398.8,
            "Plan Rows": 1,
            "Plan Width": 66,
            "Actual Startup Time": 524.982,
            "Actual Total Time": 2192.621,
            "Actual Rows": 5438,
            "Actual Loops": 2,
            "Inner Unique": true,
            "Plans": [
              {
                "Node Type": "Nested Loop",
                "Parent Relationship": "Outer",
                "Parallel Aware": false,
                "Join Type": "Inner",
                "Startup Cost": 66432.39,
                "Total Cost": 91396.5,
                "Plan Rows": 14,
                "Plan Width": 70,
                "Actual Startup Time": 524.959,
                "Actual Total Time": 2185.288,
                "Actual Rows": 5438,
                "Actual Loops": 2,
                "Inner Unique": true,
                "Plans": [
                  {
                    "Node Type": "Nested Loop",
                    "Parent Relationship": "Outer",
                    "Parallel Aware": false,
                    "Join Type": "Inner",
                    "Startup Cost": 66431.96,
                    "Total Cost": 91347.81,
                    "Plan Rows": 95,
                    "Plan Width": 74,
                    "Actual Startup Time": 501.473,
                    "Actual Total Time": 2011.239,
                    "Actual Rows": 31170,
                    "Actual Loops": 2,
                    "Inner Unique": false,
                    "Plans": [
                      {
                        "Node Type": "Nested Loop",
                        "Parent Relationship": "Outer",
                        "Parallel Aware": false,
                        "Join Type": "Inner",
                        "Startup Cost": 66431.39,
                        "Total Cost": 91199.49,
                        "Plan Rows": 53,
                        "Plan Width": 82,
                        "Actual Startup Time": 501.065,
                        "Actual Total Time": 1580.795,
                        "Actual Rows": 4515,
                        "Actual Loops": 2,
                        "Inner Unique": false,
                        "Plans": [
                          {
                            "Node Type": "Hash Join",
                            "Parent Relationship": "Outer",
                            "Parallel Aware": false,
                            "Join Type": "Inner",
                            "Startup Cost": 66430.96,
                            "Total Cost": 86716.1,
                            "Plan Rows": 2233,
                            "Plan Width": 31,
                            "Actual Startup Time": 499.522,
                            "Actual Total Time": 779.377,
                            "Actual Rows": 78821,
                            "Actual Loops": 2,
                            "Inner Unique": true,
                            "Hash Cond": "(mi_idx.info_type_id = it2.id)",
                            "Plans": [
                              {
                                "Node Type": "Hash Join",
                                "Parent Relationship": "Outer",
                                "Parallel Aware": true,
                                "Join Type": "Inner",
                                "Startup Cost": 66428.53,
                                "Total Cost": 86026.54,
                                "Plan Rows": 252302,
                                "Plan Width": 35,
                                "Actual Startup Time": 499.187,
                                "Actual Total Time": 755.89,
                                "Actual Rows": 176158,
                                "Actual Loops": 2,
                                "Inner Unique": true,
                                "Hash Cond": "(mi_idx.movie_id = t.id)",
                                "Plans": [
                                  {
                                    "Node Type": "Seq Scan",
                                    "Parent Relationship": "Outer",
                                    "Parallel Aware": true,
                                    "Relation Name": "movie_info_idx",
                                    "Alias": "mi_idx",
                                    "Startup Cost": 0.0,
                                    "Total Cost": 18082.32,
                                    "Plan Rows": 577406,
                                    "Plan Width": 14,
                                    "Actual Startup Time": 0.022,
                                    "Actual Total Time": 95.333,
                                    "Actual Rows": 491744,
                                    "Actual Loops": 2,
                                    "Filter": "(info > '10'::text)",
                                    "Rows Removed by Filter": 198273
                                  },
                                  {
                                    "Node Type": "Hash",
                                    "Parent Relationship": "Inner",
                                    "Parallel Aware": true,
                                    "Startup Cost": 58305.62,
                                    "Total Cost": 58305.62,
                                    "Plan Rows": 649833,
                                    "Plan Width": 21,
                                    "Actual Startup Time": 485.504,
                                    "Actual Total Time": 485.505,
                                    "Actual Rows": 552205,
                                    "Actual Loops": 2,
                                    "Hash Buckets": 2097152,
                                    "Original Hash Buckets": 2097152,
                                    "Hash Batches": 1,
                                    "Original Hash Batches": 1,
                                    "Peak Memory Usage": 78368,
                                    "Plans": [
                                      {
                                        "Node Type": "Seq Scan",
                                        "Parent Relationship": "Outer",
                                        "Parallel Aware": true,
                                        "Relation Name": "title",
                                        "Alias": "t",
                                        "Startup Cost": 0.0,
                                        "Total Cost": 58305.62,
                                        "Plan Rows": 649833,
                                        "Plan Width": 21,
                                        "Actual Startup Time": 0.04,
                                        "Actual Total Time": 214.003,
                                        "Actual Rows": 552205,
                                        "Actual Loops": 2,
                                        "Filter": "((production_year >= 2005) AND (production_year <= 2013))",
                                        "Rows Removed by Filter": 711951
                                      }
                                    ]
                                  }
                                ]
                              },
                              {
                                "Node Type": "Hash",
                                "Parent Relationship": "Inner",
                                "Parallel Aware": false,
                                "Startup Cost": 2.41,
                                "Total Cost": 2.41,
                                "Plan Rows": 1,
                                "Plan Width": 4,
                                "Actual Startup Time": 0.069,
                                "Actual Total Time": 0.07,
                                "Actual Rows": 1,
                                "Actual Loops": 2,
                                "Hash Buckets": 1024,
                                "Original Hash Buckets": 1024,
                                "Hash Batches": 1,
                                "Original Hash Batches": 1,
                                "Peak Memory Usage": 9,
                                "Plans": [
                                  {
                                    "Node Type": "Seq Scan",
                                    "Parent Relationship": "Outer",
                                    "Parallel Aware": false,
                                    "Relation Name": "info_type",
                                    "Alias": "it2",
                                    "Startup Cost": 0.0,
                                    "Total Cost": 2.41,
                                    "Plan Rows": 1,
                                    "Plan Width": 4,
                                    "Actual Startup Time": 0.049,
                                    "Actual Total Time": 0.054,
                                    "Actual Rows": 1,
                                    "Actual Loops": 2,
                                    "Filter": "((info)::text = 'rating'::text)",
                                    "Rows Removed by Filter": 112
                                  }
                                ]
                              }
                            ]
                          },
                          {
                            "Node Type": "Index Scan",
                            "Parent Relationship": "Inner",
                            "Parallel Aware": false,
                            "Scan Direction": "Forward",
                            "Index Name": "movie_id_movie_info",
                            "Relation Name": "movie_info",
                            "Alias": "mi",
                            "Startup Cost": 0.43,
                            "Total Cost": 2.0,
                            "Plan Rows": 1,
                            "Plan Width": 51,
                            "Actual Startup Time": 0.01,
                            "Actual Total Time": 0.01,
                            "Actual Rows": 0,
                            "Actual Loops": 157642,
                            "Index Cond": "(movie_id = t.id)",
                            "Rows Removed by Index Recheck": 0,
                            "Filter": "((note IS NULL) AND (info = ANY ('{War,Action}'::text[])))",
                            "Rows Removed by Filter": 14
                          }
                        ]
                      },
                      {
                        "Node Type": "Index Scan",
                        "Parent Relationship": "Inner",
                        "Parallel Aware": false,
                        "Scan Direction": "Forward",
                        "Index Name": "movie_id_cast_info",
                        "Relation Name": "cast_info",
                        "Alias": "ci",
                        "Startup Cost": 0.56,
                        "Total Cost": 2.76,
                        "Plan Rows": 4,
                        "Plan Width": 8,
                        "Actual Startup Time": 0.038,
                        "Actual Total Time": 0.094,
                        "Actual Rows": 7,
                        "Actual Loops": 9030,
                        "Index Cond": "(movie_id = t.id)",
                        "Rows Removed by Index Recheck": 0,
                        "Filter": "(note = ANY ('{(producer),(uncredited),(voice),\"(executive producer)\",(writer)}'::text[]))",
                        "Rows Removed by Filter": 39
                      }
                    ]
                  },
                  {
                    "Node Type": "Index Scan",
                    "Parent Relationship": "Inner",
                    "Parallel Aware": false,
                    "Scan Direction": "Forward",
                    "Index Name": "name_pkey",
                    "Relation Name": "name",
                    "Alias": "n",
                    "Startup Cost": 0.43,
                    "Total Cost": 0.51,
                    "Plan Rows": 1,
                    "Plan Width": 4,
                    "Actual Startup Time": 0.005,
                    "Actual Total Time": 0.005,
                    "Actual Rows": 0,
                    "Actual Loops": 62340,
                    "Index Cond": "(id = ci.person_id)",
                    "Rows Removed by Index Recheck": 0,
                    "Filter": "((gender IS NOT NULL) AND ((gender)::text = 'f'::text))",
                    "Rows Removed by Filter": 1
                  }
                ]
              },
              {
                "Node Type": "Index Scan",
                "Parent Relationship": "Inner",
                "Parallel Aware": false,
                "Scan Direction": "Forward",
                "Index Name": "info_type_pkey",
                "Relation Name": "info_type",
                "Alias": "it1",
                "Startup Cost": 0.14,
                "Total Cost": 0.16,
                "Plan Rows": 1,
                "Plan Width": 4,
                "Actual Startup Time": 0.001,
                "Actual Total Time": 0.001,
                "Actual Rows": 1,
                "Actual Loops": 10875,
                "Index Cond": "(id = mi.info_type_id)",
                "Rows Removed by Index Recheck": 0,
                "Filter": "((info)::text = 'genres'::text)",
                "Rows Removed by Filter": 0
              }
            ]
          }
        ]
      }
    ]
  },
  "Planning Time": 2.13,
  "Triggers": [],
  "Execution Time": 2346.247
}