{
  "Plan": {
    "Node Type": "Aggregate",
    "Strategy": "Plain",
    "Partial Mode": "Finalize",
    "Parallel Aware": false,
    "Startup Cost": 657660.59,
    "Total Cost": 657660.6,
    "Plan Rows": 1,
    "Plan Width": 8,
    "Actual Startup Time": 3833.169,
    "Actual Total Time": 3899.458,
    "Actual Rows": 1,
    "Actual Loops": 1,
    "Plans": [
      {
        "Node Type": "Gather",
        "Parent Relationship": "Outer",
        "Parallel Aware": false,
        "Startup Cost": 657660.48,
        "Total Cost": 657660.59,
        "Plan Rows": 1,
        "Plan Width": 8,
        "Actual Startup Time": 3831.885,
        "Actual Total Time": 3899.447,
        "Actual Rows": 2,
        "Actual Loops": 1,
        "Workers Planned": 1,
        "Workers Launched": 1,
        "Single Copy": false,
        "Plans": [
          {
            "Node Type": "Aggregate",
            "Strategy": "Plain",
            "Partial Mode": "Partial",
            "Parent Relationship": "Outer",
            "Parallel Aware": false,
            "Startup Cost": 656660.48,
            "Total Cost": 656660.49,
            "Plan Rows": 1,
            "Plan Width": 8,
            "Actual Startup Time": 3825.786,
            "Actual Total Time": 3825.791,
            "Actual Rows": 1,
            "Actual Loops": 2,
            "Plans": [
              {
                "Node Type": "Hash Join",
                "Parent Relationship": "Outer",
                "Parallel Aware": true,
                "Join Type": "Inner",
                "Startup Cost": 85376.9,
                "Total Cost": 656408.68,
                "Plan Rows": 100719,
                "Plan Width": 0,
                "Actual Startup Time": 216.87,
                "Actual Total Time": 3807.312,
                "Actual Rows": 409822,
                "Actual Loops": 2,
                "Inner Unique": false,
                "Hash Cond": "(t.id = mc.movie_id)",
                "Plans": [
                  {
                    "Node Type": "Hash Join",
                    "Parent Relationship": "Outer",
                    "Parallel Aware": true,
                    "Join Type": "Inner",
                    "Startup Cost": 39163.81,
                    "Total Cost": 606944.29,
                    "Plan Rows": 425415,
                    "Plan Width": 8,
                    "Actual Startup Time": 38.748,
                    "Actual Total Time": 3402.799,
                    "Actual Rows": 608171,
                    "Actual Loops": 2,
                    "Inner Unique": true,
                    "Hash Cond": "(ci.movie_id = t.id)",
                    "Plans": [
                      {
                        "Node Type": "Seq Scan",
                        "Parent Relationship": "Outer",
                        "Parallel Aware": true,
                        "Relation Name": "cast_info",
                        "Alias": "ci",
                        "Startup Cost": 0.0,
                        "Total Cost": 519069.44,
                        "Plan Rows": 18556556,
                        "Plan Width": 4,
                        "Actual Startup Time": 0.012,
                        "Actual Total Time": 1852.562,
                        "Actual Rows": 15802604,
                        "Actual Loops": 2,
                        "Filter": "(role_id < 10)",
                        "Rows Removed by Filter": 2319568
                      },
                      {
                        "Node Type": "Hash",
                        "Parent Relationship": "Inner",
                        "Parallel Aware": true,
                        "Startup Cost": 38737.63,
                        "Total Cost": 38737.63,
                        "Plan Rows": 34095,
                        "Plan Width": 4,
                        "Actual Startup Time": 38.55,
                        "Actual Total Time": 38.551,
                        "Actual Rows": 36756,
                        "Actual Loops": 2,
                        "Hash Buckets": 131072,
                        "Original Hash Buckets": 65536,
                        "Hash Batches": 1,
                        "Original Hash Batches": 1,
                        "Peak Memory Usage": 4448,
                        "Plans": [
                          {
                            "Node Type": "Bitmap Heap Scan",
                            "Parent Relationship": "Outer",
                            "Parallel Aware": true,
                            "Relation Name": "title",
                            "Alias": "t",
                            "Startup Cost": 1837.62,
                            "Total Cost": 38737.63,
                            "Plan Rows": 34095,
                            "Plan Width": 4,
                            "Actual Startup Time": 5.972,
                            "Actual Total Time": 30.459,
                            "Actual Rows": 36756,
                            "Actual Loops": 2,
                            "Recheck Cond": "(kind_id = 3)",
                            "Rows Removed by Index Recheck": 0,
                            "Filter": "(production_year < 2006)",
                            "Rows Removed by Filter": 13513,
                            "Exact Heap Blocks": 7799,
                            "Lossy Heap Blocks": 0,
                            "Plans": [
                              {
                                "Node Type": "Bitmap Index Scan",
                                "Parent Relationship": "Outer",
                                "Parallel Aware": false,
                                "Index Name": "kind_id_title",
                                "Startup Cost": 0.0,
                                "Total Cost": 1823.13,
                                "Plan Rows": 102227,
                                "Plan Width": 0,
                                "Actual Startup Time": 4.283,
                                "Actual Total Time": 4.283,
                                "Actual Rows": 100537,
                                "Actual Loops": 1,
                                "Index Cond": "(kind_id = 3)"
                              }
                            ]
                          }
                        ]
                      }
                    ]
                  },
                  {
                    "Node Type": "Hash",
                    "Parent Relationship": "Inner",
                    "Parallel Aware": true,
                    "Startup Cost": 41811.73,
                    "Total Cost": 41811.73,
                    "Plan Rows": 352109,
                    "Plan Width": 4,
                    "Actual Startup Time": 169.203,
                    "Actual Total Time": 169.203,
                    "Actual Rows": 194042,
                    "Actual Loops": 2,
                    "Hash Buckets": 1048576,
                    "Original Hash Buckets": 1048576,
                    "Hash Batches": 1,
                    "Original Hash Batches": 1,
                    "Peak Memory Usage": 23392,
                    "Plans": [
                      {
                        "Node Type": "Seq Scan",
                        "Parent Relationship": "Outer",
                        "Parallel Aware": true,
                        "Relation Name": "movie_companies",
                        "Alias": "mc",
                        "Startup Cost": 0.0,
                        "Total Cost": 41811.73,
                        "Plan Rows": 352109,
                        "Plan Width": 4,
                        "Actual Startup Time": 68.419,
                        "Actual Total Time": 124.362,
                        "Actual Rows": 194042,
                        "Actual Loops": 2,
                        "Filter": "((company_id < 10078) AND (company_type_id > 1))",
                        "Rows Removed by Filter": 1110522
                      }
                    ]
                  }
                ]
              }
            ]
          }
        ]
      }
    ]
  },
  "Planning Time": 1.118,
  "Triggers": [],
  "Execution Time": 3899.586
}