[
    {
        "Bao": {
            "Bao prediction": "NaN",
            "Bao recommended hint": "(no hint)"
        }
    },
    {
        "Plan": {
            "Node Type": "Aggregate",
            "Strategy": "Plain",
            "Partial Mode": "Finalize",
            "Parallel Aware": false,
            "Startup Cost": 402121.99,
            "Total Cost": 402122.0,
            "Plan Rows": 1,
            "Plan Width": 8,
            "Actual Startup Time": 1524.61,
            "Actual Total Time": 1559.741,
            "Actual Rows": 1,
            "Actual Loops": 1,
            "Output": [
                "count(*)"
            ],
            "Plans": [
                {
                    "Node Type": "Gather",
                    "Parent Relationship": "Outer",
                    "Parallel Aware": false,
                    "Startup Cost": 402121.37,
                    "Total Cost": 402121.98,
                    "Plan Rows": 6,
                    "Plan Width": 8,
                    "Actual Startup Time": 1521.96,
                    "Actual Total Time": 1559.732,
                    "Actual Rows": 7,
                    "Actual Loops": 1,
                    "Output": [
                        "(PARTIAL count(*))"
                    ],
                    "Workers Planned": 6,
                    "Workers Launched": 6,
                    "Single Copy": false,
                    "Plans": [
                        {
                            "Node Type": "Aggregate",
                            "Strategy": "Plain",
                            "Partial Mode": "Partial",
                            "Parent Relationship": "Outer",
                            "Parallel Aware": false,
                            "Startup Cost": 401121.37,
                            "Total Cost": 401121.38,
                            "Plan Rows": 1,
                            "Plan Width": 8,
                            "Actual Startup Time": 1511.504,
                            "Actual Total Time": 1511.507,
                            "Actual Rows": 1,
                            "Actual Loops": 7,
                            "Output": [
                                "PARTIAL count(*)"
                            ],
                            "Workers": [
                                {
                                    "Worker Number": 0,
                                    "Actual Startup Time": 1509.048,
                                    "Actual Total Time": 1509.051,
                                    "Actual Rows": 1,
                                    "Actual Loops": 1
                                },
                                {
                                    "Worker Number": 1,
                                    "Actual Startup Time": 1509.628,
                                    "Actual Total Time": 1509.631,
                                    "Actual Rows": 1,
                                    "Actual Loops": 1
                                },
                                {
                                    "Worker Number": 2,
                                    "Actual Startup Time": 1509.709,
                                    "Actual Total Time": 1509.712,
                                    "Actual Rows": 1,
                                    "Actual Loops": 1
                                },
                                {
                                    "Worker Number": 3,
                                    "Actual Startup Time": 1509.858,
                                    "Actual Total Time": 1509.861,
                                    "Actual Rows": 1,
                                    "Actual Loops": 1
                                },
                                {
                                    "Worker Number": 4,
                                    "Actual Startup Time": 1510.301,
                                    "Actual Total Time": 1510.304,
                                    "Actual Rows": 1,
                                    "Actual Loops": 1
                                },
                                {
                                    "Worker Number": 5,
                                    "Actual Startup Time": 1510.581,
                                    "Actual Total Time": 1510.584,
                                    "Actual Rows": 1,
                                    "Actual Loops": 1
                                }
                            ],
                            "Plans": [
                                {
                                    "Node Type": "Hash Join",
                                    "Parent Relationship": "Outer",
                                    "Parallel Aware": true,
                                    "Join Type": "Inner",
                                    "Startup Cost": 47358.8,
                                    "Total Cost": 399192.28,
                                    "Plan Rows": 771634,
                                    "Plan Width": 0,
                                    "Actual Startup Time": 374.537,
                                    "Actual Total Time": 1473.082,
                                    "Actual Rows": 576408,
                                    "Actual Loops": 7,
                                    "Inner Unique": true,
                                    "Hash Cond": "(ci.movie_id = t.id)",
                                    "Workers": [
                                        {
                                            "Worker Number": 0,
                                            "Actual Startup Time": 372.039,
                                            "Actual Total Time": 1472.203,
                                            "Actual Rows": 783654,
                                            "Actual Loops": 1
                                        },
                                        {
                                            "Worker Number": 1,
                                            "Actual Startup Time": 372.649,
                                            "Actual Total Time": 1470.172,
                                            "Actual Rows": 541237,
                                            "Actual Loops": 1
                                        },
                                        {
                                            "Worker Number": 2,
                                            "Actual Startup Time": 372.904,
                                            "Actual Total Time": 1471.172,
                                            "Actual Rows": 523942,
                                            "Actual Loops": 1
                                        },
                                        {
                                            "Worker Number": 3,
                                            "Actual Startup Time": 372.893,
                                            "Actual Total Time": 1470.624,
                                            "Actual Rows": 531389,
                                            "Actual Loops": 1
                                        },
                                        {
                                            "Worker Number": 4,
                                            "Actual Startup Time": 373.314,
                                            "Actual Total Time": 1471.957,
                                            "Actual Rows": 521656,
                                            "Actual Loops": 1
                                        },
                                        {
                                            "Worker Number": 5,
                                            "Actual Startup Time": 373.889,
                                            "Actual Total Time": 1472.477,
                                            "Actual Rows": 516470,
                                            "Actual Loops": 1
                                        }
                                    ],
                                    "Plans": [
                                        {
                                            "Node Type": "Seq Scan",
                                            "Parent Relationship": "Outer",
                                            "Parallel Aware": true,
                                            "Relation Name": "cast_info",
                                            "Schema": "public",
                                            "Alias": "ci",
                                            "Startup Cost": 0.0,
                                            "Total Cost": 343318.94,
                                            "Plan Rows": 3243632,
                                            "Plan Width": 4,
                                            "Actual Startup Time": 250.849,
                                            "Actual Total Time": 816.362,
                                            "Actual Rows": 2483309,
                                            "Actual Loops": 7,
                                            "Output": [
                                                "ci.id",
                                                "ci.person_id",
                                                "ci.movie_id",
                                                "ci.person_role_id",
                                                "ci.note",
                                                "ci.nr_order",
                                                "ci.role_id"
                                            ],
                                            "Filter": "((ci.person_id < 3031919) AND (ci.role_id > 1))",
                                            "Rows Removed by Filter": 2694455,
                                            "Workers": [
                                                {
                                                    "Worker Number": 0,
                                                    "Actual Startup Time": 250.866,
                                                    "Actual Total Time": 793.014,
                                                    "Actual Rows": 3360305,
                                                    "Actual Loops": 1
                                                },
                                                {
                                                    "Worker Number": 1,
                                                    "Actual Startup Time": 250.845,
                                                    "Actual Total Time": 825.394,
                                                    "Actual Rows": 2313528,
                                                    "Actual Loops": 1
                                                },
                                                {
                                                    "Worker Number": 2,
                                                    "Actual Startup Time": 250.842,
                                                    "Actual Total Time": 828.279,
                                                    "Actual Rows": 2262059,
                                                    "Actual Loops": 1
                                                },
                                                {
                                                    "Worker Number": 3,
                                                    "Actual Startup Time": 250.849,
                                                    "Actual Total Time": 822.74,
                                                    "Actual Rows": 2286217,
                                                    "Actual Loops": 1
                                                },
                                                {
                                                    "Worker Number": 4,
                                                    "Actual Startup Time": 250.855,
                                                    "Actual Total Time": 830.24,
                                                    "Actual Rows": 2249193,
                                                    "Actual Loops": 1
                                                },
                                                {
                                                    "Worker Number": 5,
                                                    "Actual Startup Time": 250.836,
                                                    "Actual Total Time": 828.702,
                                                    "Actual Rows": 2236319,
                                                    "Actual Loops": 1
                                                }
                                            ]
                                        },
                                        {
                                            "Node Type": "Hash",
                                            "Parent Relationship": "Inner",
                                            "Parallel Aware": true,
                                            "Startup Cost": 45479.21,
                                            "Total Cost": 45479.21,
                                            "Plan Rows": 150367,
                                            "Plan Width": 4,
                                            "Actual Startup Time": 120.904,
                                            "Actual Total Time": 120.905,
                                            "Actual Rows": 69232,
                                            "Actual Loops": 7,
                                            "Output": [
                                                "t.id"
                                            ],
                                            "Hash Buckets": 1048576,
                                            "Original Hash Buckets": 1048576,
                                            "Hash Batches": 1,
                                            "Original Hash Batches": 1,
                                            "Peak Memory Usage": 27264,
                                            "Workers": [
                                                {
                                                    "Worker Number": 0,
                                                    "Actual Startup Time": 120.465,
                                                    "Actual Total Time": 120.466,
                                                    "Actual Rows": 91974,
                                                    "Actual Loops": 1
                                                },
                                                {
                                                    "Worker Number": 1,
                                                    "Actual Startup Time": 121.021,
                                                    "Actual Total Time": 121.022,
                                                    "Actual Rows": 63992,
                                                    "Actual Loops": 1
                                                },
                                                {
                                                    "Worker Number": 2,
                                                    "Actual Startup Time": 121.073,
                                                    "Actual Total Time": 121.074,
                                                    "Actual Rows": 63614,
                                                    "Actual Loops": 1
                                                },
                                                {
                                                    "Worker Number": 3,
                                                    "Actual Startup Time": 121.187,
                                                    "Actual Total Time": 121.188,
                                                    "Actual Rows": 63842,
                                                    "Actual Loops": 1
                                                },
                                                {
                                                    "Worker Number": 4,
                                                    "Actual Startup Time": 121.74,
                                                    "Actual Total Time": 121.741,
                                                    "Actual Rows": 59501,
                                                    "Actual Loops": 1
                                                },
                                                {
                                                    "Worker Number": 5,
                                                    "Actual Startup Time": 121.993,
                                                    "Actual Total Time": 121.993,
                                                    "Actual Rows": 59356,
                                                    "Actual Loops": 1
                                                }
                                            ],
                                            "Plans": [
                                                {
                                                    "Node Type": "Seq Scan",
                                                    "Parent Relationship": "Outer",
                                                    "Parallel Aware": true,
                                                    "Relation Name": "title",
                                                    "Schema": "public",
                                                    "Alias": "t",
                                                    "Startup Cost": 0.0,
                                                    "Total Cost": 45479.21,
                                                    "Plan Rows": 150367,
                                                    "Plan Width": 4,
                                                    "Actual Startup Time": 45.571,
                                                    "Actual Total Time": 87.956,
                                                    "Actual Rows": 69232,
                                                    "Actual Loops": 7,
                                                    "Output": [
                                                        "t.id"
                                                    ],
                                                    "Filter": "((t.production_year > 1953) AND (t.kind_id = 1))",
                                                    "Rows Removed by Filter": 291955,
                                                    "Workers": [
                                                        {
                                                            "Worker Number": 0,
                                                            "Actual Startup Time": 51.963,
                                                            "Actual Total Time": 86.797,
                                                            "Actual Rows": 91974,
                                                            "Actual Loops": 1
                                                        },
                                                        {
                                                            "Worker Number": 1,
                                                            "Actual Startup Time": 52.213,
                                                            "Actual Total Time": 88.924,
                                                            "Actual Rows": 63992,
                                                            "Actual Loops": 1
                                                        },
                                                        {
                                                            "Worker Number": 2,
                                                            "Actual Startup Time": 52.157,
                                                            "Actual Total Time": 88.832,
                                                            "Actual Rows": 63614,
                                                            "Actual Loops": 1
                                                        },
                                                        {
                                                            "Worker Number": 3,
                                                            "Actual Startup Time": 52.015,
                                                            "Actual Total Time": 89.296,
                                                            "Actual Rows": 63842,
                                                            "Actual Loops": 1
                                                        },
                                                        {
                                                            "Worker Number": 4,
                                                            "Actual Startup Time": 52.058,
                                                            "Actual Total Time": 88.054,
                                                            "Actual Rows": 59501,
                                                            "Actual Loops": 1
                                                        },
                                                        {
                                                            "Worker Number": 5,
                                                            "Actual Startup Time": 6.464,
                                                            "Actual Total Time": 88.298,
                                                            "Actual Rows": 59356,
                                                            "Actual Loops": 1
                                                        }
                                                    ]
                                                }
                                            ]
                                        }
                                    ]
                                }
                            ]
                        }
                    ]
                }
            ]
        },
        "Planning Time": 314.257,
        "Triggers": [],
        "Execution Time": 1559.82
    }
]