{
  "Plan": {
    "Node Type": "Aggregate",
    "Strategy": "Plain",
    "Partial Mode": "Finalize",
    "Parallel Aware": false,
    "Startup Cost": 745169.53,
    "Total Cost": 745169.54,
    "Plan Rows": 1,
    "Plan Width": 64,
    "Actual Startup Time": 5764.053,
    "Actual Total Time": 5800.092,
    "Actual Rows": 1,
    "Actual Loops": 1,
    "Plans": [
      {
        "Node Type": "Gather",
        "Parent Relationship": "Outer",
        "Parallel Aware": false,
        "Startup Cost": 745169.41,
        "Total Cost": 745169.52,
        "Plan Rows": 1,
        "Plan Width": 64,
        "Actual Startup Time": 5764.039,
        "Actual Total Time": 5800.082,
        "Actual Rows": 2,
        "Actual Loops": 1,
        "Workers Planned": 1,
        "Workers Launched": 1,
        "Single Copy": false,
        "Plans": [
          {
            "Node Type": "Aggregate",
            "Strategy": "Plain",
            "Partial Mode": "Partial",
            "Parent Relationship": "Outer",
            "Parallel Aware": false,
            "Startup Cost": 744169.41,
            "Total Cost": 744169.42,
            "Plan Rows": 1,
            "Plan Width": 64,
            "Actual Startup Time": 5708.538,
            "Actual Total Time": 5709.602,
            "Actual Rows": 1,
            "Actual Loops": 2,
            "Plans": [
              {
                "Node Type": "Nested Loop",
                "Parent Relationship": "Outer",
                "Parallel Aware": false,
                "Join Type": "Inner",
                "Startup Cost": 744045.76,
                "Total Cost": 744169.29,
                "Plan Rows": 24,
                "Plan Width": 32,
                "Actual Startup Time": 4839.885,
                "Actual Total Time": 5636.885,
                "Actual Rows": 880322,
                "Actual Loops": 2,
                "Inner Unique": false,
                "Plans": [
                  {
                    "Node Type": "Merge Join",
                    "Parent Relationship": "Outer",
                    "Parallel Aware": false,
                    "Join Type": "Inner",
                    "Startup Cost": 744045.33,
                    "Total Cost": 744109.23,
                    "Plan Rows": 111,
                    "Plan Width": 40,
                    "Actual Startup Time": 4839.778,
                    "Actual Total Time": 4933.493,
                    "Actual Rows": 393522,
                    "Actual Loops": 2,
                    "Inner Unique": true,
                    "Merge Cond": "(mi.info_type_id = it.id)",
                    "Plans": [
                      {
                        "Node Type": "Sort",
                        "Parent Relationship": "Outer",
                        "Parallel Aware": false,
                        "Startup Cost": 744042.91,
                        "Total Cost": 744074.3,
                        "Plan Rows": 12556,
                        "Plan Width": 44,
                        "Actual Startup Time": 4622.734,
                        "Actual Total Time": 4759.349,
                        "Actual Rows": 1599456,
                        "Actual Loops": 2,
                        "Sort Key": [
                          "mi.info_type_id"
                        ],
                        "Sort Method": "quicksort",
                        "Sort Space Used": 338029,
                        "Sort Space Type": "Memory",
                        "Workers": [
                          {
                            "Worker Number": 0,
                            "Sort Method": "quicksort",
                            "Sort Space Used": 319770,
                            "Sort Space Type": "Memory"
                          }
                        ],
                        "Plans": [
                          {
                            "Node Type": "Nested Loop",
                            "Parent Relationship": "Outer",
                            "Parallel Aware": false,
                            "Join Type": "Inner",
                            "Startup Cost": 668864.95,
                            "Total Cost": 743188.09,
                            "Plan Rows": 12556,
                            "Plan Width": 44,
                            "Actual Startup Time": 2224.157,
                            "Actual Total Time": 4010.446,
                            "Actual Rows": 2213420,
                            "Actual Loops": 2,
                            "Inner Unique": false,
                            "Join Filter": "(t.id = mi.movie_id)",
                            "Rows Removed by Join Filter": 0,
                            "Plans": [
                              {
                                "Node Type": "Nested Loop",
                                "Parent Relationship": "Outer",
                                "Parallel Aware": false,
                                "Join Type": "Inner",
                                "Startup Cost": 668864.52,
                                "Total Cost": 738925.7,
                                "Plan Rows": 2135,
                                "Plan Width": 52,
                                "Actual Startup Time": 2224.109,
                                "Actual Total Time": 3197.494,
                                "Actual Rows": 48660,
                                "Actual Loops": 2,
                                "Inner Unique": true,
                                "Plans": [
                                  {
                                    "Node Type": "Nested Loop",
                                    "Parent Relationship": "Outer",
                                    "Parallel Aware": false,
                                    "Join Type": "Inner",
                                    "Startup Cost": 668864.09,
                                    "Total Cost": 737524.6,
                                    "Plan Rows": 2135,
                                    "Plan Width": 56,
                                    "Actual Startup Time": 2224.054,
                                    "Actual Total Time": 3046.301,
                                    "Actual Rows": 52162,
                                    "Actual Loops": 2,
                                    "Inner Unique": true,
                                    "Plans": [
                                      {
                                        "Node Type": "Nested Loop",
                                        "Parent Relationship": "Outer",
                                        "Parallel Aware": false,
                                        "Join Type": "Inner",
                                        "Startup Cost": 668863.67,
                                        "Total Cost": 734920.73,
                                        "Plan Rows": 5839,
                                        "Plan Width": 60,
                                        "Actual Startup Time": 2224.016,
                                        "Actual Total Time": 2774.004,
                                        "Actual Rows": 144564,
                                        "Actual Loops": 2,
                                        "Inner Unique": false,
                                        "Plans": [
                                          {
                                            "Node Type": "Hash Join",
                                            "Parent Relationship": "Outer",
                                            "Parallel Aware": false,
                                            "Join Type": "Inner",
                                            "Startup Cost": 668863.24,
                                            "Total Cost": 731248.21,
                                            "Plan Rows": 5659,
                                            "Plan Width": 52,
                                            "Actual Startup Time": 2223.904,
                                            "Actual Total Time": 2569.653,
                                            "Actual Rows": 84132,
                                            "Actual Loops": 2,
                                            "Inner Unique": true,
                                            "Hash Cond": "(ci.role_id = rt.id)",
                                            "Plans": [
                                              {
                                                "Node Type": "Hash Join",
                                                "Parent Relationship": "Outer",
                                                "Parallel Aware": true,
                                                "Join Type": "Inner",
                                                "Startup Cost": 668862.07,
                                                "Total Cost": 731005.84,
                                                "Plan Rows": 67906,
                                                "Plan Width": 56,
                                                "Actual Startup Time": 2223.646,
                                                "Actual Total Time": 2554.951,
                                                "Actual Rows": 84152,
                                                "Actual Loops": 2,
                                                "Inner Unique": false,
                                                "Hash Cond": "(t.id = ci.movie_id)",
                                                "Plans": [
                                                  {
                                                    "Node Type": "Seq Scan",
                                                    "Parent Relationship": "Outer",
                                                    "Parallel Aware": true,
                                                    "Relation Name": "title",
                                                    "Alias": "t",
                                                    "Startup Cost": 0.0,
                                                    "Total Cost": 54589.98,
                                                    "Plan Rows": 817639,
                                                    "Plan Width": 21,
                                                    "Actual Startup Time": 0.013,
                                                    "Actual Total Time": 143.273,
                                                    "Actual Rows": 690726,
                                                    "Actual Loops": 2,
                                                    "Filter": "(production_year > 2000)",
                                                    "Rows Removed by Filter": 573430
                                                  },
                                                  {
                                                    "Node Type": "Hash",
                                                    "Parent Relationship": "Inner",
                                                    "Parallel Aware": true,
                                                    "Startup Cost": 667317.97,
                                                    "Total Cost": 667317.97,
                                                    "Plan Rows": 123528,
                                                    "Plan Width": 35,
                                                    "Actual Startup Time": 2220.33,
                                                    "Actual Total Time": 2221.381,
                                                    "Actual Rows": 138045,
                                                    "Actual Loops": 2,
                                                    "Hash Buckets": 524288,
                                                    "Original Hash Buckets": 262144,
                                                    "Hash Batches": 1,
                                                    "Original Hash Batches": 1,
                                                    "Peak Memory Usage": 25344,
                                                    "Plans": [
                                                      {
                                                        "Node Type": "Hash Join",
                                                        "Parent Relationship": "Outer",
                                                        "Parallel Aware": true,
                                                        "Join Type": "Inner",
                                                        "Startup Cost": 93298.14,
                                                        "Total Cost": 667317.97,
                                                        "Plan Rows": 123528,
                                                        "Plan Width": 35,
                                                        "Actual Startup Time": 977.735,
                                                        "Actual Total Time": 2153.914,
                                                        "Actual Rows": 138045,
                                                        "Actual Loops": 2,
                                                        "Inner Unique": true,
                                                        "Hash Cond": "(ci.person_id = n.id)",
                                                        "Plans": [
                                                          {
                                                            "Node Type": "Seq Scan",
                                                            "Parent Relationship": "Outer",
                                                            "Parallel Aware": true,
                                                            "Relation Name": "cast_info",
                                                            "Alias": "ci",
                                                            "Startup Cost": 0.0,
                                                            "Total Cost": 572608.98,
                                                            "Plan Rows": 537469,
                                                            "Plan Width": 16,
                                                            "Actual Startup Time": 0.017,
                                                            "Actual Total Time": 1654.364,
                                                            "Actual Rows": 433738,
                                                            "Actual Loops": 2,
                                                            "Filter": "(note = ANY ('{(voice),\"(voice: Japanese version)\",\"(voice) (uncredited)\",\"(voice: English version)\"}'::text[]))",
                                                            "Rows Removed by Filter": 17688434
                                                          },
                                                          {
                                                            "Node Type": "Hash",
                                                            "Parent Relationship": "Inner",
                                                            "Parallel Aware": true,
                                                            "Startup Cost": 86255.48,
                                                            "Total Cost": 86255.48,
                                                            "Plan Rows": 563413,
                                                            "Plan Width": 19,
                                                            "Actual Startup Time": 419.488,
                                                            "Actual Total Time": 419.489,
                                                            "Actual Rows": 480778,
                                                            "Actual Loops": 2,
                                                            "Hash Buckets": 1048576,
                                                            "Original Hash Buckets": 1048576,
                                                            "Hash Batches": 1,
                                                            "Original Hash Batches": 1,
                                                            "Peak Memory Usage": 60544,
                                                            "Plans": [
                                                              {
                                                                "Node Type": "Seq Scan",
                                                                "Parent Relationship": "Outer",
                                                                "Parallel Aware": true,
                                                                "Relation Name": "name",
                                                                "Alias": "n",
                                                                "Startup Cost": 0.0,
                                                                "Total Cost": 86255.48,
                                                                "Plan Rows": 563413,
                                                                "Plan Width": 19,
                                                                "Actual Startup Time": 104.962,
                                                                "Actual Total Time": 247.175,
                                                                "Actual Rows": 480778,
                                                                "Actual Loops": 2,
                                                                "Filter": "((gender)::text = 'f'::text)",
                                                                "Rows Removed by Filter": 1602968
                                                              }
                                                            ]
                                                          }
                                                        ]
                                                      }
                                                    ]
                                                  }
                                                ]
                                              },
                                              {
                                                "Node Type": "Hash",
                                                "Parent Relationship": "Inner",
                                                "Parallel Aware": false,
                                                "Startup Cost": 1.15,
                                                "Total Cost": 1.15,
                                                "Plan Rows": 1,
                                                "Plan Width": 4,
                                                "Actual Startup Time": 0.07,
                                                "Actual Total Time": 0.071,
                                                "Actual Rows": 1,
                                                "Actual Loops": 2,
                                                "Hash Buckets": 1024,
                                                "Original Hash Buckets": 1024,
                                                "Hash Batches": 1,
                                                "Original Hash Batches": 1,
                                                "Peak Memory Usage": 9,
                                                "Plans": [
                                                  {
                                                    "Node Type": "Seq Scan",
                                                    "Parent Relationship": "Outer",
                                                    "Parallel Aware": false,
                                                    "Relation Name": "role_type",
                                                    "Alias": "rt",
                                                    "Startup Cost": 0.0,
                                                    "Total Cost": 1.15,
                                                    "Plan Rows": 1,
                                                    "Plan Width": 4,
                                                    "Actual Startup Time": 0.044,
                                                    "Actual Total Time": 0.049,
                                                    "Actual Rows": 1,
                                                    "Actual Loops": 2,
                                                    "Filter": "((role)::text = 'actress'::text)",
                                                    "Rows Removed by Filter": 11
                                                  }
                                                ]
                                              }
                                            ]
                                          },
                                          {
                                            "Node Type": "Index Scan",
                                            "Parent Relationship": "Inner",
                                            "Parallel Aware": false,
                                            "Scan Direction": "Forward",
                                            "Index Name": "movie_id_movie_companies",
                                            "Relation Name": "movie_companies",
                                            "Alias": "mc",
                                            "Startup Cost": 0.43,
                                            "Total Cost": 0.6,
                                            "Plan Rows": 5,
                                            "Plan Width": 8,
                                            "Actual Startup Time": 0.002,
                                            "Actual Total Time": 0.002,
                                            "Actual Rows": 2,
                                            "Actual Loops": 168264,
                                            "Index Cond": "(movie_id = t.id)",
                                            "Rows Removed by Index Recheck": 0
                                          }
                                        ]
                                      },
                                      {
                                        "Node Type": "Index Scan",
                                        "Parent Relationship": "Inner",
                                        "Parallel Aware": false,
                                        "Scan Direction": "Forward",
                                        "Index Name": "company_name_pkey",
                                        "Relation Name": "company_name",
                                        "Alias": "cn",
                                        "Startup Cost": 0.42,
                                        "Total Cost": 0.45,
                                        "Plan Rows": 1,
                                        "Plan Width": 4,
                                        "Actual Startup Time": 0.002,
                                        "Actual Total Time": 0.002,
                                        "Actual Rows": 0,
                                        "Actual Loops": 289127,
                                        "Index Cond": "(id = mc.company_id)",
                                        "Rows Removed by Index Recheck": 0,
                                        "Filter": "((country_code)::text = '[us]'::text)",
                                        "Rows Removed by Filter": 1
                                      }
                                    ]
                                  },
                                  {
                                    "Node Type": "Index Only Scan",
                                    "Parent Relationship": "Inner",
                                    "Parallel Aware": false,
                                    "Scan Direction": "Forward",
                                    "Index Name": "char_name_pkey",
                                    "Relation Name": "char_name",
                                    "Alias": "chn",
                                    "Startup Cost": 0.43,
                                    "Total Cost": 0.66,
                                    "Plan Rows": 1,
                                    "Plan Width": 4,
                                    "Actual Startup Time": 0.003,
                                    "Actual Total Time": 0.003,
                                    "Actual Rows": 1,
                                    "Actual Loops": 104325,
                                    "Index Cond": "(id = ci.person_role_id)",
                                    "Rows Removed by Index Recheck": 0,
                                    "Heap Fetches": 97320
                                  }
                                ]
                              },
                              {
                                "Node Type": "Index Scan",
                                "Parent Relationship": "Inner",
                                "Parallel Aware": false,
                                "Scan Direction": "Forward",
                                "Index Name": "movie_id_movie_info",
                                "Relation Name": "movie_info",
                                "Alias": "mi",
                                "Startup Cost": 0.43,
                                "Total Cost": 1.48,
                                "Plan Rows": 41,
                                "Plan Width": 8,
                                "Actual Startup Time": 0.002,
                                "Actual Total Time": 0.011,
                                "Actual Rows": 45,
                                "Actual Loops": 97320,
                                "Index Cond": "(movie_id = mc.movie_id)",
                                "Rows Removed by Index Recheck": 0
                              }
                            ]
                          }
                        ]
                      },
                      {
                        "Node Type": "Sort",
                        "Parent Relationship": "Inner",
                        "Parallel Aware": false,
                        "Startup Cost": 2.42,
                        "Total Cost": 2.43,
                        "Plan Rows": 1,
                        "Plan Width": 4,
                        "Actual Startup Time": 0.07,
                        "Actual Total Time": 0.071,
                        "Actual Rows": 1,
                        "Actual Loops": 2,
                        "Sort Key": [
                          "it.id"
                        ],
                        "Sort Method": "quicksort",
                        "Sort Space Used": 25,
                        "Sort Space Type": "Memory",
                        "Workers": [
                          {
                            "Worker Number": 0,
                            "Sort Method": "quicksort",
                            "Sort Space Used": 25,
                            "Sort Space Type": "Memory"
                          }
                        ],
                        "Plans": [
                          {
                            "Node Type": "Seq Scan",
                            "Parent Relationship": "Outer",
                            "Parallel Aware": false,
                            "Relation Name": "info_type",
                            "Alias": "it",
                            "Startup Cost": 0.0,
                            "Total Cost": 2.41,
                            "Plan Rows": 1,
                            "Plan Width": 4,
                            "Actual Startup Time": 0.04,
                            "Actual Total Time": 0.044,
                            "Actual Rows": 1,
                            "Actual Loops": 2,
                            "Filter": "((info)::text = 'release dates'::text)",
                            "Rows Removed by Filter": 112
                          }
                        ]
                      }
                    ]
                  },
                  {
                    "Node Type": "Index Only Scan",
                    "Parent Relationship": "Inner",
                    "Parallel Aware": false,
                    "Scan Direction": "Forward",
                    "Index Name": "person_id_aka_name",
                    "Relation Name": "aka_name",
                    "Alias": "an",
                    "Startup Cost": 0.42,
                    "Total Cost": 0.52,
                    "Plan Rows": 2,
                    "Plan Width": 4,
                    "Actual Startup Time": 0.001,
                    "Actual Total Time": 0.001,
                    "Actual Rows": 2,
                    "Actual Loops": 787043,
                    "Index Cond": "(person_id = n.id)",
                    "Rows Removed by Index Recheck": 0,
                    "Heap Fetches": 1760645
                  }
                ]
              }
            ]
          }
        ]
      }
    ]
  },
  "Planning Time": 3.31,
  "Triggers": [],
  "Execution Time": 5814.344
}