[
    {
        "Bao": {
            "Bao prediction": 449.262,
            "Bao recommended hint": "(no hint)"
        }
    },
    {
        "Plan": {
            "Node Type": "Aggregate",
            "Strategy": "Plain",
            "Partial Mode": "Finalize",
            "Parallel Aware": false,
            "Startup Cost": 205667.9,
            "Total Cost": 205667.91,
            "Plan Rows": 1,
            "Plan Width": 8,
            "Actual Startup Time": 301.41,
            "Actual Total Time": 314.48,
            "Actual Rows": 1,
            "Actual Loops": 1,
            "Output": [
                "count(*)"
            ],
            "Plans": [
                {
                    "Node Type": "Gather",
                    "Parent Relationship": "Outer",
                    "Parallel Aware": false,
                    "Startup Cost": 205667.27,
                    "Total Cost": 205667.88,
                    "Plan Rows": 6,
                    "Plan Width": 8,
                    "Actual Startup Time": 301.277,
                    "Actual Total Time": 314.473,
                    "Actual Rows": 7,
                    "Actual Loops": 1,
                    "Output": [
                        "(PARTIAL count(*))"
                    ],
                    "Workers Planned": 6,
                    "Workers Launched": 6,
                    "Single Copy": false,
                    "Plans": [
                        {
                            "Node Type": "Aggregate",
                            "Strategy": "Plain",
                            "Partial Mode": "Partial",
                            "Parent Relationship": "Outer",
                            "Parallel Aware": false,
                            "Startup Cost": 204667.27,
                            "Total Cost": 204667.28,
                            "Plan Rows": 1,
                            "Plan Width": 8,
                            "Actual Startup Time": 291.426,
                            "Actual Total Time": 291.427,
                            "Actual Rows": 1,
                            "Actual Loops": 7,
                            "Output": [
                                "PARTIAL count(*)"
                            ],
                            "Workers": [
                                {
                                    "Worker Number": 0,
                                    "Actual Startup Time": 289.423,
                                    "Actual Total Time": 289.424,
                                    "Actual Rows": 1,
                                    "Actual Loops": 1
                                },
                                {
                                    "Worker Number": 1,
                                    "Actual Startup Time": 289.602,
                                    "Actual Total Time": 289.603,
                                    "Actual Rows": 1,
                                    "Actual Loops": 1
                                },
                                {
                                    "Worker Number": 2,
                                    "Actual Startup Time": 289.884,
                                    "Actual Total Time": 289.885,
                                    "Actual Rows": 1,
                                    "Actual Loops": 1
                                },
                                {
                                    "Worker Number": 3,
                                    "Actual Startup Time": 289.8,
                                    "Actual Total Time": 289.802,
                                    "Actual Rows": 1,
                                    "Actual Loops": 1
                                },
                                {
                                    "Worker Number": 4,
                                    "Actual Startup Time": 290.212,
                                    "Actual Total Time": 290.213,
                                    "Actual Rows": 1,
                                    "Actual Loops": 1
                                },
                                {
                                    "Worker Number": 5,
                                    "Actual Startup Time": 290.596,
                                    "Actual Total Time": 290.597,
                                    "Actual Rows": 1,
                                    "Actual Loops": 1
                                }
                            ],
                            "Plans": [
                                {
                                    "Node Type": "Index Scan",
                                    "Parent Relationship": "Outer",
                                    "Parallel Aware": true,
                                    "Scan Direction": "Forward",
                                    "Index Name": "role_id_cast_info",
                                    "Relation Name": "cast_info",
                                    "Schema": "public",
                                    "Alias": "ci",
                                    "Startup Cost": 0.56,
                                    "Total Cost": 204547.44,
                                    "Plan Rows": 47933,
                                    "Plan Width": 0,
                                    "Actual Startup Time": 185.438,
                                    "Actual Total Time": 278.177,
                                    "Actual Rows": 207289,
                                    "Actual Loops": 7,
                                    "Output": [
                                        "id",
                                        "person_id",
                                        "movie_id",
                                        "person_role_id",
                                        "note",
                                        "nr_order",
                                        "role_id"
                                    ],
                                    "Index Cond": "(ci.role_id > 6)",
                                    "Rows Removed by Index Recheck": 0,
                                    "Filter": "(ci.person_id > 3777400)",
                                    "Rows Removed by Filter": 894517,
                                    "Workers": [
                                        {
                                            "Worker Number": 0,
                                            "Actual Startup Time": 183.437,
                                            "Actual Total Time": 276.208,
                                            "Actual Rows": 189516,
                                            "Actual Loops": 1
                                        },
                                        {
                                            "Worker Number": 1,
                                            "Actual Startup Time": 183.655,
                                            "Actual Total Time": 276.109,
                                            "Actual Rows": 193255,
                                            "Actual Loops": 1
                                        },
                                        {
                                            "Worker Number": 2,
                                            "Actual Startup Time": 183.848,
                                            "Actual Total Time": 276.301,
                                            "Actual Rows": 195026,
                                            "Actual Loops": 1
                                        },
                                        {
                                            "Worker Number": 3,
                                            "Actual Startup Time": 183.846,
                                            "Actual Total Time": 276.36,
                                            "Actual Rows": 193289,
                                            "Actual Loops": 1
                                        },
                                        {
                                            "Worker Number": 4,
                                            "Actual Startup Time": 184.191,
                                            "Actual Total Time": 276.669,
                                            "Actual Rows": 193698,
                                            "Actual Loops": 1
                                        },
                                        {
                                            "Worker Number": 5,
                                            "Actual Startup Time": 184.627,
                                            "Actual Total Time": 277.565,
                                            "Actual Rows": 186728,
                                            "Actual Loops": 1
                                        }
                                    ]
                                }
                            ]
                        }
                    ]
                }
            ]
        },
        "Planning Time": 1418.87,
        "Triggers": [],
        "Execution Time": 314.583
    }
]