{
  "Plan": {
    "Node Type": "Aggregate",
    "Strategy": "Plain",
    "Partial Mode": "Finalize",
    "Parallel Aware": false,
    "Startup Cost": 118597.38,
    "Total Cost": 118597.39,
    "Plan Rows": 1,
    "Plan Width": 8,
    "Actual Startup Time": 410.416,
    "Actual Total Time": 421.749,
    "Actual Rows": 1,
    "Actual Loops": 1,
    "Plans": [
      {
        "Node Type": "Gather",
        "Parent Relationship": "Outer",
        "Parallel Aware": false,
        "Startup Cost": 118597.27,
        "Total Cost": 118597.38,
        "Plan Rows": 1,
        "Plan Width": 8,
        "Actual Startup Time": 410.149,
        "Actual Total Time": 421.742,
        "Actual Rows": 2,
        "Actual Loops": 1,
        "Workers Planned": 1,
        "Workers Launched": 1,
        "Single Copy": false,
        "Plans": [
          {
            "Node Type": "Aggregate",
            "Strategy": "Plain",
            "Partial Mode": "Partial",
            "Parent Relationship": "Outer",
            "Parallel Aware": false,
            "Startup Cost": 117597.27,
            "Total Cost": 117597.28,
            "Plan Rows": 1,
            "Plan Width": 8,
            "Actual Startup Time": 403.999,
            "Actual Total Time": 404.003,
            "Actual Rows": 1,
            "Actual Loops": 2,
            "Plans": [
              {
                "Node Type": "Hash Join",
                "Parent Relationship": "Outer",
                "Parallel Aware": true,
                "Join Type": "Inner",
                "Startup Cost": 53810.44,
                "Total Cost": 117556.26,
                "Plan Rows": 16404,
                "Plan Width": 0,
                "Actual Startup Time": 156.253,
                "Actual Total Time": 403.382,
                "Actual Rows": 12635,
                "Actual Loops": 2,
                "Inner Unique": true,
                "Hash Cond": "(mk.movie_id = t.id)",
                "Plans": [
                  {
                    "Node Type": "Seq Scan",
                    "Parent Relationship": "Outer",
                    "Parallel Aware": true,
                    "Relation Name": "movie_keyword",
                    "Alias": "mk",
                    "Startup Cost": 0.0,
                    "Total Cost": 57718.19,
                    "Plan Rows": 2296236,
                    "Plan Width": 4,
                    "Actual Startup Time": 0.041,
                    "Actual Total Time": 191.071,
                    "Actual Rows": 1946288,
                    "Actual Loops": 2,
                    "Filter": "(keyword_id > 492)",
                    "Rows Removed by Filter": 315677
                  },
                  {
                    "Node Type": "Hash",
                    "Parent Relationship": "Inner",
                    "Parallel Aware": true,
                    "Startup Cost": 53677.62,
                    "Total Cost": 53677.62,
                    "Plan Rows": 10625,
                    "Plan Width": 4,
                    "Actual Startup Time": 98.212,
                    "Actual Total Time": 98.213,
                    "Actual Rows": 11010,
                    "Actual Loops": 2,
                    "Hash Buckets": 32768,
                    "Original Hash Buckets": 32768,
                    "Hash Batches": 1,
                    "Original Hash Batches": 1,
                    "Peak Memory Usage": 1152,
                    "Plans": [
                      {
                        "Node Type": "Bitmap Heap Scan",
                        "Parent Relationship": "Outer",
                        "Parallel Aware": true,
                        "Relation Name": "title",
                        "Alias": "t",
                        "Startup Cost": 11827.37,
                        "Total Cost": 53677.62,
                        "Plan Rows": 10625,
                        "Plan Width": 4,
                        "Actual Startup Time": 37.864,
                        "Actual Total Time": 95.23,
                        "Actual Rows": 11010,
                        "Actual Loops": 2,
                        "Recheck Cond": "(kind_id < 2)",
                        "Rows Removed by Index Recheck": 0,
                        "Filter": "(production_year > 2012)",
                        "Rows Removed by Filter": 320402,
                        "Exact Heap Blocks": 9448,
                        "Lossy Heap Blocks": 0,
                        "Plans": [
                          {
                            "Node Type": "Bitmap Index Scan",
                            "Parent Relationship": "Outer",
                            "Parallel Aware": false,
                            "Index Name": "kind_id_title",
                            "Startup Cost": 0.0,
                            "Total Cost": 11822.85,
                            "Plan Rows": 663256,
                            "Plan Width": 0,
                            "Actual Startup Time": 40.548,
                            "Actual Total Time": 40.548,
                            "Actual Rows": 662825,
                            "Actual Loops": 1,
                            "Index Cond": "(kind_id < 2)"
                          }
                        ]
                      }
                    ]
                  }
                ]
              }
            ]
          }
        ]
      }
    ]
  },
  "Planning Time": 0.509,
  "Triggers": [],
  "Execution Time": 421.84
}