{
    "Plan": {
        "Node Type": "Aggregate",
        "Strategy": "Plain",
        "Partial Mode": "Simple",
        "Parallel Aware": false,
        "Startup Cost": 72605.67,
        "Total Cost": 72605.68,
        "Plan Rows": 1,
        "Plan Width": 128,
        "Actual Startup Time": 234.083,
        "Actual Total Time": 255.829,
        "Actual Rows": 1,
        "Actual Loops": 1,
        "Output": [
            "min(an.name)",
            "min(chn.name)",
            "min(n.name)",
            "min(t.title)"
        ],
        "Plans": [
            {
                "Node Type": "Nested Loop",
                "Parent Relationship": "Outer",
                "Parallel Aware": false,
                "Join Type": "Inner",
                "Startup Cost": 1003.86,
                "Total Cost": 72605.66,
                "Plan Rows": 1,
                "Plan Width": 64,
                "Actual Startup Time": 117.558,
                "Actual Total Time": 255.79,
                "Actual Rows": 40,
                "Actual Loops": 1,
                "Output": [
                    "an.name",
                    "chn.name",
                    "n.name",
                    "t.title"
                ],
                "Inner Unique": true,
                "Plans": [
                    {
                        "Node Type": "Nested Loop",
                        "Parent Relationship": "Outer",
                        "Parallel Aware": false,
                        "Join Type": "Inner",
                        "Startup Cost": 1003.43,
                        "Total Cost": 72604.94,
                        "Plan Rows": 1,
                        "Plan Width": 55,
                        "Actual Startup Time": 112.265,
                        "Actual Total Time": 255.292,
                        "Actual Rows": 94,
                        "Actual Loops": 1,
                        "Output": [
                            "an.name",
                            "ci.movie_id",
                            "chn.name",
                            "mc.movie_id",
                            "n.name"
                        ],
                        "Inner Unique": true,
                        "Plans": [
                            {
                                "Node Type": "Nested Loop",
                                "Parent Relationship": "Outer",
                                "Parallel Aware": false,
                                "Join Type": "Inner",
                                "Startup Cost": 1003.01,
                                "Total Cost": 72604.35,
                                "Plan Rows": 1,
                                "Plan Width": 59,
                                "Actual Startup Time": 112.248,
                                "Actual Total Time": 254.925,
                                "Actual Rows": 94,
                                "Actual Loops": 1,
                                "Output": [
                                    "an.name",
                                    "ci.movie_id",
                                    "chn.name",
                                    "mc.movie_id",
                                    "mc.company_id",
                                    "n.name"
                                ],
                                "Inner Unique": true,
                                "Plans": [
                                    {
                                        "Node Type": "Gather",
                                        "Parent Relationship": "Outer",
                                        "Parallel Aware": false,
                                        "Startup Cost": 1002.58,
                                        "Total Cost": 72603.62,
                                        "Plan Rows": 1,
                                        "Plan Width": 47,
                                        "Actual Startup Time": 112.201,
                                        "Actual Total Time": 254.304,
                                        "Actual Rows": 103,
                                        "Actual Loops": 1,
                                        "Output": [
                                            "an.name",
                                            "ci.movie_id",
                                            "ci.person_role_id",
                                            "mc.movie_id",
                                            "mc.company_id",
                                            "n.name"
                                        ],
                                        "Workers Planned": 4,
                                        "Workers Launched": 4,
                                        "Single Copy": false,
                                        "Plans": [
                                            {
                                                "Node Type": "Nested Loop",
                                                "Parent Relationship": "Outer",
                                                "Parallel Aware": false,
                                                "Join Type": "Inner",
                                                "Startup Cost": 2.58,
                                                "Total Cost": 71603.52,
                                                "Plan Rows": 1,
                                                "Plan Width": 47,
                                                "Actual Startup Time": 102.203,
                                                "Actual Total Time": 222.748,
                                                "Actual Rows": 21,
                                                "Actual Loops": 5,
                                                "Output": [
                                                    "an.name",
                                                    "ci.movie_id",
                                                    "ci.person_role_id",
                                                    "mc.movie_id",
                                                    "mc.company_id",
                                                    "n.name"
                                                ],
                                                "Inner Unique": false,
                                                "Workers": [
                                                    {
                                                        "Worker Number": 0,
                                                        "Actual Startup Time": 99.029,
                                                        "Actual Total Time": 220.451,
                                                        "Actual Rows": 8,
                                                        "Actual Loops": 1
                                                    },
                                                    {
                                                        "Worker Number": 1,
                                                        "Actual Startup Time": 99.626,
                                                        "Actual Total Time": 220.429,
                                                        "Actual Rows": 13,
                                                        "Actual Loops": 1
                                                    },
                                                    {
                                                        "Worker Number": 2,
                                                        "Actual Startup Time": 101.974,
                                                        "Actual Total Time": 220.412,
                                                        "Actual Rows": 21,
                                                        "Actual Loops": 1
                                                    },
                                                    {
                                                        "Worker Number": 3,
                                                        "Actual Startup Time": 99.085,
                                                        "Actual Total Time": 220.836,
                                                        "Actual Rows": 27,
                                                        "Actual Loops": 1
                                                    }
                                                ],
                                                "Plans": [
                                                    {
                                                        "Node Type": "Hash Join",
                                                        "Parent Relationship": "Outer",
                                                        "Parallel Aware": false,
                                                        "Join Type": "Inner",
                                                        "Startup Cost": 2.15,
                                                        "Total Cost": 71602.79,
                                                        "Plan Rows": 1,
                                                        "Plan Width": 39,
                                                        "Actual Startup Time": 102.054,
                                                        "Actual Total Time": 221.621,
                                                        "Actual Rows": 53,
                                                        "Actual Loops": 5,
                                                        "Output": [
                                                            "an.name",
                                                            "ci.movie_id",
                                                            "ci.person_role_id",
                                                            "n.name"
                                                        ],
                                                        "Inner Unique": true,
                                                        "Hash Cond": "(ci.role_id = rt.id)",
                                                        "Workers": [
                                                            {
                                                                "Worker Number": 0,
                                                                "Actual Startup Time": 98.941,
                                                                "Actual Total Time": 219.836,
                                                                "Actual Rows": 11,
                                                                "Actual Loops": 1
                                                            },
                                                            {
                                                                "Worker Number": 1,
                                                                "Actual Startup Time": 99.557,
                                                                "Actual Total Time": 218.951,
                                                                "Actual Rows": 38,
                                                                "Actual Loops": 1
                                                            },
                                                            {
                                                                "Worker Number": 2,
                                                                "Actual Startup Time": 101.769,
                                                                "Actual Total Time": 218.901,
                                                                "Actual Rows": 78,
                                                                "Actual Loops": 1
                                                            },
                                                            {
                                                                "Worker Number": 3,
                                                                "Actual Startup Time": 98.982,
                                                                "Actual Total Time": 219.418,
                                                                "Actual Rows": 63,
                                                                "Actual Loops": 1
                                                            }
                                                        ],
                                                        "Plans": [
                                                            {
                                                                "Node Type": "Nested Loop",
                                                                "Parent Relationship": "Outer",
                                                                "Parallel Aware": false,
                                                                "Join Type": "Inner",
                                                                "Startup Cost": 0.99,
                                                                "Total Cost": 71601.59,
                                                                "Plan Rows": 9,
                                                                "Plan Width": 43,
                                                                "Actual Startup Time": 101.839,
                                                                "Actual Total Time": 221.376,
                                                                "Actual Rows": 53,
                                                                "Actual Loops": 5,
                                                                "Output": [
                                                                    "an.name",
                                                                    "ci.movie_id",
                                                                    "ci.role_id",
                                                                    "ci.person_role_id",
                                                                    "n.name"
                                                                ],
                                                                "Inner Unique": false,
                                                                "Join Filter": "(n.id = ci.person_id)",
                                                                "Rows Removed by Join Filter": 0,
                                                                "Workers": [
                                                                    {
                                                                        "Worker Number": 0,
                                                                        "Actual Startup Time": 98.683,
                                                                        "Actual Total Time": 219.561,
                                                                        "Actual Rows": 11,
                                                                        "Actual Loops": 1
                                                                    },
                                                                    {
                                                                        "Worker Number": 1,
                                                                        "Actual Startup Time": 99.307,
                                                                        "Actual Total Time": 218.671,
                                                                        "Actual Rows": 38,
                                                                        "Actual Loops": 1
                                                                    },
                                                                    {
                                                                        "Worker Number": 2,
                                                                        "Actual Startup Time": 101.546,
                                                                        "Actual Total Time": 218.641,
                                                                        "Actual Rows": 78,
                                                                        "Actual Loops": 1
                                                                    },
                                                                    {
                                                                        "Worker Number": 3,
                                                                        "Actual Startup Time": 98.673,
                                                                        "Actual Total Time": 219.073,
                                                                        "Actual Rows": 63,
                                                                        "Actual Loops": 1
                                                                    }
                                                                ],
                                                                "Plans": [
                                                                    {
                                                                        "Node Type": "Nested Loop",
                                                                        "Parent Relationship": "Outer",
                                                                        "Parallel Aware": false,
                                                                        "Join Type": "Inner",
                                                                        "Startup Cost": 0.42,
                                                                        "Total Cost": 71538.65,
                                                                        "Plan Rows": 5,
                                                                        "Plan Width": 39,
                                                                        "Actual Startup Time": 98.888,
                                                                        "Actual Total Time": 214.86,
                                                                        "Actual Rows": 259,
                                                                        "Actual Loops": 5,
                                                                        "Output": [
                                                                            "an.name",
                                                                            "an.person_id",
                                                                            "n.name",
                                                                            "n.id"
                                                                        ],
                                                                        "Inner Unique": false,
                                                                        "Workers": [
                                                                            {
                                                                                "Worker Number": 0,
                                                                                "Actual Startup Time": 96.48,
                                                                                "Actual Total Time": 213.066,
                                                                                "Actual Rows": 228,
                                                                                "Actual Loops": 1
                                                                            },
                                                                            {
                                                                                "Worker Number": 1,
                                                                                "Actual Startup Time": 96.58,
                                                                                "Actual Total Time": 211.43,
                                                                                "Actual Rows": 254,
                                                                                "Actual Loops": 1
                                                                            },
                                                                            {
                                                                                "Worker Number": 2,
                                                                                "Actual Startup Time": 96.187,
                                                                                "Actual Total Time": 211.44,
                                                                                "Actual Rows": 270,
                                                                                "Actual Loops": 1
                                                                            },
                                                                            {
                                                                                "Worker Number": 3,
                                                                                "Actual Startup Time": 96.552,
                                                                                "Actual Total Time": 212.043,
                                                                                "Actual Rows": 210,
                                                                                "Actual Loops": 1
                                                                            }
                                                                        ],
                                                                        "Plans": [
                                                                            {
                                                                                "Node Type": "Seq Scan",
                                                                                "Parent Relationship": "Outer",
                                                                                "Parallel Aware": true,
                                                                                "Relation Name": "name",
                                                                                "Schema": "public",
                                                                                "Alias": "n",
                                                                                "Startup Cost": 0.0,
                                                                                "Total Cost": 71241.31,
                                                                                "Plan Rows": 24,
                                                                                "Plan Width": 19,
                                                                                "Actual Startup Time": 98.486,
                                                                                "Actual Total Time": 207.988,
                                                                                "Actual Rows": 1082,
                                                                                "Actual Loops": 5,
                                                                                "Output": [
                                                                                    "n.id",
                                                                                    "n.name",
                                                                                    "n.imdb_index",
                                                                                    "n.imdb_id",
                                                                                    "n.gender",
                                                                                    "n.name_pcode_cf",
                                                                                    "n.name_pcode_nf",
                                                                                    "n.surname_pcode",
                                                                                    "n.md5sum"
                                                                                ],
                                                                                "Filter": "((n.name ~~ '%Angel%'::text) AND ((n.gender)::text = 'f'::text))",
                                                                                "Rows Removed by Filter": 832416,
                                                                                "Workers": [
                                                                                    {
                                                                                        "Worker Number": 0,
                                                                                        "Actual Startup Time": 95.909,
                                                                                        "Actual Total Time": 205.582,
                                                                                        "Actual Rows": 1003,
                                                                                        "Actual Loops": 1
                                                                                    },
                                                                                    {
                                                                                        "Worker Number": 1,
                                                                                        "Actual Startup Time": 95.987,
                                                                                        "Actual Total Time": 204.125,
                                                                                        "Actual Rows": 1036,
                                                                                        "Actual Loops": 1
                                                                                    },
                                                                                    {
                                                                                        "Worker Number": 2,
                                                                                        "Actual Startup Time": 95.844,
                                                                                        "Actual Total Time": 204.215,
                                                                                        "Actual Rows": 1004,
                                                                                        "Actual Loops": 1
                                                                                    },
                                                                                    {
                                                                                        "Worker Number": 3,
                                                                                        "Actual Startup Time": 96.403,
                                                                                        "Actual Total Time": 204.433,
                                                                                        "Actual Rows": 901,
                                                                                        "Actual Loops": 1
                                                                                    }
                                                                                ]
                                                                            },
                                                                            {
                                                                                "Node Type": "Index Scan",
                                                                                "Parent Relationship": "Inner",
                                                                                "Parallel Aware": false,
                                                                                "Scan Direction": "Forward",
                                                                                "Index Name": "person_id_aka_name",
                                                                                "Relation Name": "aka_name",
                                                                                "Schema": "public",
                                                                                "Alias": "an",
                                                                                "Startup Cost": 0.42,
                                                                                "Total Cost": 12.37,
                                                                                "Plan Rows": 2,
                                                                                "Plan Width": 20,
                                                                                "Actual Startup Time": 0.006,
                                                                                "Actual Total Time": 0.006,
                                                                                "Actual Rows": 0,
                                                                                "Actual Loops": 5409,
                                                                                "Output": [
                                                                                    "an.id",
                                                                                    "an.person_id",
                                                                                    "an.name",
                                                                                    "an.imdb_index",
                                                                                    "an.name_pcode_cf",
                                                                                    "an.name_pcode_nf",
                                                                                    "an.surname_pcode",
                                                                                    "an.md5sum"
                                                                                ],
                                                                                "Index Cond": "(an.person_id = n.id)",
                                                                                "Rows Removed by Index Recheck": 0,
                                                                                "Workers": [
                                                                                    {
                                                                                        "Worker Number": 0,
                                                                                        "Actual Startup Time": 0.007,
                                                                                        "Actual Total Time": 0.007,
                                                                                        "Actual Rows": 0,
                                                                                        "Actual Loops": 1003
                                                                                    },
                                                                                    {
                                                                                        "Worker Number": 1,
                                                                                        "Actual Startup Time": 0.006,
                                                                                        "Actual Total Time": 0.006,
                                                                                        "Actual Rows": 0,
                                                                                        "Actual Loops": 1036
                                                                                    },
                                                                                    {
                                                                                        "Worker Number": 2,
                                                                                        "Actual Startup Time": 0.006,
                                                                                        "Actual Total Time": 0.006,
                                                                                        "Actual Rows": 0,
                                                                                        "Actual Loops": 1004
                                                                                    },
                                                                                    {
                                                                                        "Worker Number": 3,
                                                                                        "Actual Startup Time": 0.007,
                                                                                        "Actual Total Time": 0.008,
                                                                                        "Actual Rows": 0,
                                                                                        "Actual Loops": 901
                                                                                    }
                                                                                ]
                                                                            }
                                                                        ]
                                                                    },
                                                                    {
                                                                        "Node Type": "Index Scan",
                                                                        "Parent Relationship": "Inner",
                                                                        "Parallel Aware": false,
                                                                        "Scan Direction": "Forward",
                                                                        "Index Name": "person_id_cast_info",
                                                                        "Relation Name": "cast_info",
                                                                        "Schema": "public",
                                                                        "Alias": "ci",
                                                                        "Startup Cost": 0.56,
                                                                        "Total Cost": 12.46,
                                                                        "Plan Rows": 10,
                                                                        "Plan Width": 16,
                                                                        "Actual Startup Time": 0.023,
                                                                        "Actual Total Time": 0.025,
                                                                        "Actual Rows": 0,
                                                                        "Actual Loops": 1296,
                                                                        "Output": [
                                                                            "ci.id",
                                                                            "ci.person_id",
                                                                            "ci.movie_id",
                                                                            "ci.person_role_id",
                                                                            "ci.note",
                                                                            "ci.nr_order",
                                                                            "ci.role_id"
                                                                        ],
                                                                        "Index Cond": "(ci.person_id = an.person_id)",
                                                                        "Rows Removed by Index Recheck": 0,
                                                                        "Filter": "(ci.note = '(voice)'::text)",
                                                                        "Rows Removed by Filter": 43,
                                                                        "Workers": [
                                                                            {
                                                                                "Worker Number": 0,
                                                                                "Actual Startup Time": 0.027,
                                                                                "Actual Total Time": 0.028,
                                                                                "Actual Rows": 0,
                                                                                "Actual Loops": 228
                                                                            },
                                                                            {
                                                                                "Worker Number": 1,
                                                                                "Actual Startup Time": 0.026,
                                                                                "Actual Total Time": 0.028,
                                                                                "Actual Rows": 0,
                                                                                "Actual Loops": 254
                                                                            },
                                                                            {
                                                                                "Worker Number": 2,
                                                                                "Actual Startup Time": 0.025,
                                                                                "Actual Total Time": 0.026,
                                                                                "Actual Rows": 0,
                                                                                "Actual Loops": 270
                                                                            },
                                                                            {
                                                                                "Worker Number": 3,
                                                                                "Actual Startup Time": 0.031,
                                                                                "Actual Total Time": 0.033,
                                                                                "Actual Rows": 0,
                                                                                "Actual Loops": 210
                                                                            }
                                                                        ]
                                                                    }
                                                                ]
                                                            },
                                                            {
                                                                "Node Type": "Hash",
                                                                "Parent Relationship": "Inner",
                                                                "Parallel Aware": false,
                                                                "Startup Cost": 1.15,
                                                                "Total Cost": 1.15,
                                                                "Plan Rows": 1,
                                                                "Plan Width": 4,
                                                                "Actual Startup Time": 0.047,
                                                                "Actual Total Time": 0.048,
                                                                "Actual Rows": 1,
                                                                "Actual Loops": 5,
                                                                "Output": [
                                                                    "rt.id"
                                                                ],
                                                                "Hash Buckets": 1024,
                                                                "Original Hash Buckets": 1024,
                                                                "Hash Batches": 1,
                                                                "Original Hash Batches": 1,
                                                                "Peak Memory Usage": 9,
                                                                "Workers": [
                                                                    {
                                                                        "Worker Number": 0,
                                                                        "Actual Startup Time": 0.057,
                                                                        "Actual Total Time": 0.058,
                                                                        "Actual Rows": 1,
                                                                        "Actual Loops": 1
                                                                    },
                                                                    {
                                                                        "Worker Number": 1,
                                                                        "Actual Startup Time": 0.046,
                                                                        "Actual Total Time": 0.047,
                                                                        "Actual Rows": 1,
                                                                        "Actual Loops": 1
                                                                    },
                                                                    {
                                                                        "Worker Number": 2,
                                                                        "Actual Startup Time": 0.04,
                                                                        "Actual Total Time": 0.041,
                                                                        "Actual Rows": 1,
                                                                        "Actual Loops": 1
                                                                    },
                                                                    {
                                                                        "Worker Number": 3,
                                                                        "Actual Startup Time": 0.072,
                                                                        "Actual Total Time": 0.073,
                                                                        "Actual Rows": 1,
                                                                        "Actual Loops": 1
                                                                    }
                                                                ],
                                                                "Plans": [
                                                                    {
                                                                        "Node Type": "Seq Scan",
                                                                        "Parent Relationship": "Outer",
                                                                        "Parallel Aware": false,
                                                                        "Relation Name": "role_type",
                                                                        "Schema": "public",
                                                                        "Alias": "rt",
                                                                        "Startup Cost": 0.0,
                                                                        "Total Cost": 1.15,
                                                                        "Plan Rows": 1,
                                                                        "Plan Width": 4,
                                                                        "Actual Startup Time": 0.033,
                                                                        "Actual Total Time": 0.036,
                                                                        "Actual Rows": 1,
                                                                        "Actual Loops": 5,
                                                                        "Output": [
                                                                            "rt.id"
                                                                        ],
                                                                        "Filter": "((rt.role)::text = 'actress'::text)",
                                                                        "Rows Removed by Filter": 11,
                                                                        "Workers": [
                                                                            {
                                                                                "Worker Number": 0,
                                                                                "Actual Startup Time": 0.04,
                                                                                "Actual Total Time": 0.042,
                                                                                "Actual Rows": 1,
                                                                                "Actual Loops": 1
                                                                            },
                                                                            {
                                                                                "Worker Number": 1,
                                                                                "Actual Startup Time": 0.031,
                                                                                "Actual Total Time": 0.034,
                                                                                "Actual Rows": 1,
                                                                                "Actual Loops": 1
                                                                            },
                                                                            {
                                                                                "Worker Number": 2,
                                                                                "Actual Startup Time": 0.027,
                                                                                "Actual Total Time": 0.03,
                                                                                "Actual Rows": 1,
                                                                                "Actual Loops": 1
                                                                            },
                                                                            {
                                                                                "Worker Number": 3,
                                                                                "Actual Startup Time": 0.053,
                                                                                "Actual Total Time": 0.056,
                                                                                "Actual Rows": 1,
                                                                                "Actual Loops": 1
                                                                            }
                                                                        ]
                                                                    }
                                                                ]
                                                            }
                                                        ]
                                                    },
                                                    {
                                                        "Node Type": "Index Scan",
                                                        "Parent Relationship": "Inner",
                                                        "Parallel Aware": false,
                                                        "Scan Direction": "Forward",
                                                        "Index Name": "movie_id_movie_companies",
                                                        "Relation Name": "movie_companies",
                                                        "Schema": "public",
                                                        "Alias": "mc",
                                                        "Startup Cost": 0.43,
                                                        "Total Cost": 0.72,
                                                        "Plan Rows": 1,
                                                        "Plan Width": 8,
                                                        "Actual Startup Time": 0.018,
                                                        "Actual Total Time": 0.021,
                                                        "Actual Rows": 0,
                                                        "Actual Loops": 265,
                                                        "Output": [
                                                            "mc.id",
                                                            "mc.movie_id",
                                                            "mc.company_id",
                                                            "mc.company_type_id",
                                                            "mc.note"
                                                        ],
                                                        "Index Cond": "(mc.movie_id = ci.movie_id)",
                                                        "Rows Removed by Index Recheck": 0,
                                                        "Filter": "((mc.note ~~ '%(200%)%'::text) AND ((mc.note ~~ '%(USA)%'::text) OR (mc.note ~~ '%(worldwide)%'::text)))",
                                                        "Rows Removed by Filter": 4,
                                                        "Workers": [
                                                            {
                                                                "Worker Number": 0,
                                                                "Actual Startup Time": 0.048,
                                                                "Actual Total Time": 0.054,
                                                                "Actual Rows": 1,
                                                                "Actual Loops": 11
                                                            },
                                                            {
                                                                "Worker Number": 1,
                                                                "Actual Startup Time": 0.034,
                                                                "Actual Total Time": 0.038,
                                                                "Actual Rows": 0,
                                                                "Actual Loops": 38
                                                            },
                                                            {
                                                                "Worker Number": 2,
                                                                "Actual Startup Time": 0.017,
                                                                "Actual Total Time": 0.019,
                                                                "Actual Rows": 0,
                                                                "Actual Loops": 78
                                                            },
                                                            {
                                                                "Worker Number": 3,
                                                                "Actual Startup Time": 0.019,
                                                                "Actual Total Time": 0.022,
                                                                "Actual Rows": 0,
                                                                "Actual Loops": 63
                                                            }
                                                        ]
                                                    }
                                                ]
                                            }
                                        ]
                                    },
                                    {
                                        "Node Type": "Index Scan",
                                        "Parent Relationship": "Inner",
                                        "Parallel Aware": false,
                                        "Scan Direction": "Forward",
                                        "Index Name": "char_name_pkey",
                                        "Relation Name": "char_name",
                                        "Schema": "public",
                                        "Alias": "chn",
                                        "Startup Cost": 0.43,
                                        "Total Cost": 0.73,
                                        "Plan Rows": 1,
                                        "Plan Width": 20,
                                        "Actual Startup Time": 0.005,
                                        "Actual Total Time": 0.005,
                                        "Actual Rows": 1,
                                        "Actual Loops": 103,
                                        "Output": [
                                            "chn.id",
                                            "chn.name",
                                            "chn.imdb_index",
                                            "chn.imdb_id",
                                            "chn.name_pcode_nf",
                                            "chn.surname_pcode",
                                            "chn.md5sum"
                                        ],
                                        "Index Cond": "(chn.id = ci.person_role_id)",
                                        "Rows Removed by Index Recheck": 0
                                    }
                                ]
                            },
                            {
                                "Node Type": "Index Scan",
                                "Parent Relationship": "Inner",
                                "Parallel Aware": false,
                                "Scan Direction": "Forward",
                                "Index Name": "company_name_pkey",
                                "Relation Name": "company_name",
                                "Schema": "public",
                                "Alias": "cn",
                                "Startup Cost": 0.42,
                                "Total Cost": 0.6,
                                "Plan Rows": 1,
                                "Plan Width": 4,
                                "Actual Startup Time": 0.003,
                                "Actual Total Time": 0.003,
                                "Actual Rows": 1,
                                "Actual Loops": 94,
                                "Output": [
                                    "cn.id",
                                    "cn.name",
                                    "cn.country_code",
                                    "cn.imdb_id",
                                    "cn.name_pcode_nf",
                                    "cn.name_pcode_sf",
                                    "cn.md5sum"
                                ],
                                "Index Cond": "(cn.id = mc.company_id)",
                                "Rows Removed by Index Recheck": 0,
                                "Filter": "((cn.country_code)::text = '[us]'::text)",
                                "Rows Removed by Filter": 0
                            }
                        ]
                    },
                    {
                        "Node Type": "Index Scan",
                        "Parent Relationship": "Inner",
                        "Parallel Aware": false,
                        "Scan Direction": "Forward",
                        "Index Name": "title_pkey",
                        "Relation Name": "title",
                        "Schema": "public",
                        "Alias": "t",
                        "Startup Cost": 0.43,
                        "Total Cost": 0.72,
                        "Plan Rows": 1,
                        "Plan Width": 21,
                        "Actual Startup Time": 0.005,
                        "Actual Total Time": 0.005,
                        "Actual Rows": 0,
                        "Actual Loops": 94,
                        "Output": [
                            "t.id",
                            "t.title",
                            "t.imdb_index",
                            "t.kind_id",
                            "t.production_year",
                            "t.imdb_id",
                            "t.phonetic_code",
                            "t.episode_of_id",
                            "t.season_nr",
                            "t.episode_nr",
                            "t.series_years",
                            "t.md5sum"
                        ],
                        "Index Cond": "(t.id = ci.movie_id)",
                        "Rows Removed by Index Recheck": 0,
                        "Filter": "((t.production_year >= 2007) AND (t.production_year <= 2010))",
                        "Rows Removed by Filter": 1
                    }
                ]
            }
        ]
    },
    "Planning Time": 14.712,
    "Triggers": [],
    "Execution Time": 255.981
}