[
  {
    "Plan": {
      "Node Type": "Aggregate",
      "Strategy": "Plain",
      "Partial Mode": "Finalize",
      "Parallel Aware": false,
      "Startup Cost": 46792.85,
      "Total Cost": 46792.86,
      "Plan Rows": 1,
      "Plan Width": 8,
      "Actual Startup Time": 107.61,
      "Actual Total Time": 120.037,
      "Actual Rows": 1,
      "Actual Loops": 1,
      "Plans": [
        {
          "Node Type": "Gather",
          "Parent Relationship": "Outer",
          "Parallel Aware": false,
          "Startup Cost": 46792.43,
          "Total Cost": 46792.84,
          "Plan Rows": 4,
          "Plan Width": 8,
          "Actual Startup Time": 107.296,
          "Actual Total Time": 120.026,
          "Actual Rows": 5,
          "Actual Loops": 1,
          "Workers Planned": 4,
          "Workers Launched": 4,
          "Single Copy": false,
          "Plans": [
            {
              "Node Type": "Aggregate",
              "Strategy": "Plain",
              "Partial Mode": "Partial",
              "Parent Relationship": "Outer",
              "Parallel Aware": false,
              "Startup Cost": 45792.43,
              "Total Cost": 45792.44,
              "Plan Rows": 1,
              "Plan Width": 8,
              "Actual Startup Time": 97.535,
              "Actual Total Time": 97.536,
              "Actual Rows": 1,
              "Actual Loops": 5,
              "Plans": [
                {
                  "Node Type": "Seq Scan",
                  "Parent Relationship": "Outer",
                  "Parallel Aware": true,
                  "Relation Name": "title",
                  "Alias": "t",
                  "Startup Cost": 0.0,
                  "Total Cost": 45479.59,
                  "Plan Rows": 125136,
                  "Plan Width": 0,
                  "Actual Startup Time": 49.05,
                  "Actual Total Time": 94.199,
                  "Actual Rows": 74726,
                  "Actual Loops": 5,
                  "Filter": "((production_year > 1982) AND (kind_id = 1))",
                  "Rows Removed by Filter": 430936
                }
              ]
            }
          ]
        }
      ]
    },
    "Planning Time": 0.199,
    "Triggers": [],
    "Execution Time": 120.099
  }
]