[
  {
    "Plan": {
      "Node Type": "Aggregate",
      "Strategy": "Plain",
      "Partial Mode": "Finalize",
      "Parallel Aware": false,
      "Startup Cost": 81234.8,
      "Total Cost": 81234.81,
      "Plan Rows": 1,
      "Plan Width": 8,
      "Actual Startup Time": 253.761,
      "Actual Total Time": 269.815,
      "Actual Rows": 1,
      "Actual Loops": 1,
      "Plans": [
        {
          "Node Type": "Gather",
          "Parent Relationship": "Outer",
          "Parallel Aware": false,
          "Startup Cost": 81234.38,
          "Total Cost": 81234.79,
          "Plan Rows": 4,
          "Plan Width": 8,
          "Actual Startup Time": 251.558,
          "Actual Total Time": 269.805,
          "Actual Rows": 5,
          "Actual Loops": 1,
          "Workers Planned": 4,
          "Workers Launched": 4,
          "Single Copy": false,
          "Plans": [
            {
              "Node Type": "Aggregate",
              "Strategy": "Plain",
              "Partial Mode": "Partial",
              "Parent Relationship": "Outer",
              "Parallel Aware": false,
              "Startup Cost": 80234.38,
              "Total Cost": 80234.39,
              "Plan Rows": 1,
              "Plan Width": 8,
              "Actual Startup Time": 241.728,
              "Actual Total Time": 241.731,
              "Actual Rows": 1,
              "Actual Loops": 5,
              "Plans": [
                {
                  "Node Type": "Hash Join",
                  "Parent Relationship": "Outer",
                  "Parallel Aware": true,
                  "Join Type": "Inner",
                  "Startup Cost": 32968.86,
                  "Total Cost": 80118.46,
                  "Plan Rows": 46368,
                  "Plan Width": 0,
                  "Actual Startup Time": 94.205,
                  "Actual Total Time": 240.375,
                  "Actual Rows": 19240,
                  "Actual Loops": 5,
                  "Inner Unique": false,
                  "Hash Cond": "(t.id = mc.movie_id)",
                  "Plans": [
                    {
                      "Node Type": "Seq Scan",
                      "Parent Relationship": "Outer",
                      "Parallel Aware": true,
                      "Relation Name": "title",
                      "Alias": "t",
                      "Startup Cost": 0.0,
                      "Total Cost": 45479.1,
                      "Plan Rows": 304185,
                      "Plan Width": 4,
                      "Actual Startup Time": 0.016,
                      "Actual Total Time": 89.556,
                      "Actual Rows": 265766,
                      "Actual Loops": 5,
                      "Filter": "((kind_id > 1) AND (production_year > 1994))",
                      "Rows Removed by Filter": 239897
                    },
                    {
                      "Node Type": "Hash",
                      "Parent Relationship": "Inner",
                      "Parallel Aware": true,
                      "Startup Cost": 31414.82,
                      "Total Cost": 31414.82,
                      "Plan Rows": 124323,
                      "Plan Width": 4,
                      "Actual Startup Time": 91.052,
                      "Actual Total Time": 91.053,
                      "Actual Rows": 44635,
                      "Actual Loops": 5,
                      "Hash Buckets": 524288,
                      "Original Hash Buckets": 524288,
                      "Hash Batches": 1,
                      "Original Hash Batches": 1,
                      "Peak Memory Usage": 12896,
                      "Plans": [
                        {
                          "Node Type": "Seq Scan",
                          "Parent Relationship": "Outer",
                          "Parallel Aware": true,
                          "Relation Name": "movie_companies",
                          "Alias": "mc",
                          "Startup Cost": 0.0,
                          "Total Cost": 31414.82,
                          "Plan Rows": 124323,
                          "Plan Width": 4,
                          "Actual Startup Time": 43.778,
                          "Actual Total Time": 73.552,
                          "Actual Rows": 44635,
                          "Actual Loops": 5,
                          "Filter": "((company_id < 1475) AND (company_type_id = 2))",
                          "Rows Removed by Filter": 477191
                        }
                      ]
                    }
                  ]
                }
              ]
            }
          ]
        }
      ]
    },
    "Planning Time": 0.682,
    "Triggers": [],
    "Execution Time": 269.896
  }
]