[
    {
        "Bao": {
            "Bao prediction": "NaN",
            "Bao recommended hint": "(no hint)"
        }
    },
    {
        "Plan": {
            "Node Type": "Aggregate",
            "Strategy": "Plain",
            "Partial Mode": "Finalize",
            "Parallel Aware": false,
            "Startup Cost": 25971.81,
            "Total Cost": 25971.82,
            "Plan Rows": 1,
            "Plan Width": 8,
            "Actual Startup Time": 48.068,
            "Actual Total Time": 51.865,
            "Actual Rows": 1,
            "Actual Loops": 1,
            "Output": [
                "count(*)"
            ],
            "Plans": [
                {
                    "Node Type": "Gather",
                    "Parent Relationship": "Outer",
                    "Parallel Aware": false,
                    "Startup Cost": 25971.49,
                    "Total Cost": 25971.8,
                    "Plan Rows": 3,
                    "Plan Width": 8,
                    "Actual Startup Time": 47.902,
                    "Actual Total Time": 51.859,
                    "Actual Rows": 4,
                    "Actual Loops": 1,
                    "Output": [
                        "(PARTIAL count(*))"
                    ],
                    "Workers Planned": 3,
                    "Workers Launched": 3,
                    "Single Copy": false,
                    "Plans": [
                        {
                            "Node Type": "Aggregate",
                            "Strategy": "Plain",
                            "Partial Mode": "Partial",
                            "Parent Relationship": "Outer",
                            "Parallel Aware": false,
                            "Startup Cost": 24971.49,
                            "Total Cost": 24971.5,
                            "Plan Rows": 1,
                            "Plan Width": 8,
                            "Actual Startup Time": 38.581,
                            "Actual Total Time": 38.582,
                            "Actual Rows": 1,
                            "Actual Loops": 4,
                            "Output": [
                                "PARTIAL count(*)"
                            ],
                            "Workers": [
                                {
                                    "Worker Number": 0,
                                    "Actual Startup Time": 35.141,
                                    "Actual Total Time": 35.143,
                                    "Actual Rows": 1,
                                    "Actual Loops": 1
                                },
                                {
                                    "Worker Number": 1,
                                    "Actual Startup Time": 35.676,
                                    "Actual Total Time": 35.678,
                                    "Actual Rows": 1,
                                    "Actual Loops": 1
                                },
                                {
                                    "Worker Number": 2,
                                    "Actual Startup Time": 35.898,
                                    "Actual Total Time": 35.899,
                                    "Actual Rows": 1,
                                    "Actual Loops": 1
                                }
                            ],
                            "Plans": [
                                {
                                    "Node Type": "Bitmap Heap Scan",
                                    "Parent Relationship": "Outer",
                                    "Parallel Aware": true,
                                    "Relation Name": "movie_companies",
                                    "Schema": "public",
                                    "Alias": "mc",
                                    "Startup Cost": 4971.06,
                                    "Total Cost": 24876.69,
                                    "Plan Rows": 37919,
                                    "Plan Width": 0,
                                    "Actual Startup Time": 4.875,
                                    "Actual Total Time": 34.645,
                                    "Actual Rows": 58486,
                                    "Actual Loops": 4,
                                    "Recheck Cond": "(mc.company_id > 104433)",
                                    "Rows Removed by Index Recheck": 0,
                                    "Filter": "(mc.company_type_id > 1)",
                                    "Rows Removed by Filter": 0,
                                    "Exact Heap Blocks": 2545,
                                    "Lossy Heap Blocks": 0,
                                    "Workers": [
                                        {
                                            "Worker Number": 0,
                                            "Actual Startup Time": 1.593,
                                            "Actual Total Time": 31.613,
                                            "Actual Rows": 35905,
                                            "Actual Loops": 1
                                        },
                                        {
                                            "Worker Number": 1,
                                            "Actual Startup Time": 2.038,
                                            "Actual Total Time": 32.107,
                                            "Actual Rows": 33724,
                                            "Actual Loops": 1
                                        },
                                        {
                                            "Worker Number": 2,
                                            "Actual Startup Time": 2.252,
                                            "Actual Total Time": 32.371,
                                            "Actual Rows": 32967,
                                            "Actual Loops": 1
                                        }
                                    ],
                                    "Plans": [
                                        {
                                            "Node Type": "Bitmap Index Scan",
                                            "Parent Relationship": "Outer",
                                            "Parallel Aware": false,
                                            "Index Name": "company_id_movie_companies",
                                            "Startup Cost": 0.0,
                                            "Total Cost": 4941.67,
                                            "Plan Rows": 230565,
                                            "Plan Width": 0,
                                            "Actual Startup Time": 12.887,
                                            "Actual Total Time": 12.887,
                                            "Actual Rows": 233944,
                                            "Actual Loops": 1,
                                            "Index Cond": "(mc.company_id > 104433)"
                                        }
                                    ]
                                }
                            ]
                        }
                    ]
                }
            ]
        },
        "Planning Time": 200.414,
        "Triggers": [],
        "Execution Time": 51.948
    }
]