[
  {
    "Plan": {
      "Node Type": "Aggregate",
      "Strategy": "Plain",
      "Partial Mode": "Finalize",
      "Parallel Aware": false,
      "Startup Cost": 31982.05,
      "Total Cost": 31982.06,
      "Plan Rows": 1,
      "Plan Width": 8,
      "Actual Startup Time": 98.0,
      "Actual Total Time": 105.792,
      "Actual Rows": 1,
      "Actual Loops": 1,
      "Plans": [
        {
          "Node Type": "Gather",
          "Parent Relationship": "Outer",
          "Parallel Aware": false,
          "Startup Cost": 31981.74,
          "Total Cost": 31982.05,
          "Plan Rows": 3,
          "Plan Width": 8,
          "Actual Startup Time": 97.732,
          "Actual Total Time": 105.784,
          "Actual Rows": 4,
          "Actual Loops": 1,
          "Workers Planned": 3,
          "Workers Launched": 3,
          "Single Copy": false,
          "Plans": [
            {
              "Node Type": "Aggregate",
              "Strategy": "Plain",
              "Partial Mode": "Partial",
              "Parent Relationship": "Outer",
              "Parallel Aware": false,
              "Startup Cost": 30981.74,
              "Total Cost": 30981.75,
              "Plan Rows": 1,
              "Plan Width": 8,
              "Actual Startup Time": 94.637,
              "Actual Total Time": 94.638,
              "Actual Rows": 1,
              "Actual Loops": 4,
              "Plans": [
                {
                  "Node Type": "Seq Scan",
                  "Parent Relationship": "Outer",
                  "Parallel Aware": true,
                  "Relation Name": "movie_companies",
                  "Alias": "mc",
                  "Startup Cost": 0.0,
                  "Total Cost": 29310.68,
                  "Plan Rows": 668422,
                  "Plan Width": 0,
                  "Actual Startup Time": 0.012,
                  "Actual Total Time": 72.681,
                  "Actual Rows": 518546,
                  "Actual Loops": 4,
                  "Filter": "(company_id < 72433)",
                  "Rows Removed by Filter": 133736
                }
              ]
            }
          ]
        }
      ]
    },
    "Planning Time": 0.096,
    "Triggers": [],
    "Execution Time": 105.822
  }
]