[
  {
    "Plan": {
      "Node Type": "Aggregate",
      "Strategy": "Plain",
      "Partial Mode": "Finalize",
      "Parallel Aware": false,
      "Startup Cost": 46726.42,
      "Total Cost": 46726.43,
      "Plan Rows": 1,
      "Plan Width": 8,
      "Actual Startup Time": 105.65,
      "Actual Total Time": 119.262,
      "Actual Rows": 1,
      "Actual Loops": 1,
      "Plans": [
        {
          "Node Type": "Gather",
          "Parent Relationship": "Outer",
          "Parallel Aware": false,
          "Startup Cost": 46726.0,
          "Total Cost": 46726.41,
          "Plan Rows": 4,
          "Plan Width": 8,
          "Actual Startup Time": 105.34,
          "Actual Total Time": 119.239,
          "Actual Rows": 5,
          "Actual Loops": 1,
          "Workers Planned": 4,
          "Workers Launched": 4,
          "Single Copy": false,
          "Plans": [
            {
              "Node Type": "Aggregate",
              "Strategy": "Plain",
              "Partial Mode": "Partial",
              "Parent Relationship": "Outer",
              "Parallel Aware": false,
              "Startup Cost": 45726.0,
              "Total Cost": 45726.01,
              "Plan Rows": 1,
              "Plan Width": 8,
              "Actual Startup Time": 100.394,
              "Actual Total Time": 100.396,
              "Actual Rows": 1,
              "Actual Loops": 5,
              "Plans": [
                {
                  "Node Type": "Seq Scan",
                  "Parent Relationship": "Outer",
                  "Parallel Aware": true,
                  "Relation Name": "title",
                  "Alias": "t",
                  "Startup Cost": 0.0,
                  "Total Cost": 45479.59,
                  "Plan Rows": 98566,
                  "Plan Width": 0,
                  "Actual Startup Time": 0.04,
                  "Actual Total Time": 96.352,
                  "Actual Rows": 67199,
                  "Actual Loops": 5,
                  "Filter": "((kind_id < 7) AND (production_year > 2005))",
                  "Rows Removed by Filter": 438464
                }
              ]
            }
          ]
        }
      ]
    },
    "Planning Time": 0.188,
    "Triggers": [],
    "Execution Time": 119.332
  }
]