{
  "Plan": {
    "Node Type": "Aggregate",
    "Strategy": "Plain",
    "Partial Mode": "Finalize",
    "Parallel Aware": false,
    "Startup Cost": 301695.57,
    "Total Cost": 301695.58,
    "Plan Rows": 1,
    "Plan Width": 8,
    "Actual Startup Time": 695.496,
    "Actual Total Time": 715.327,
    "Actual Rows": 1,
    "Actual Loops": 1,
    "Plans": [
      {
        "Node Type": "Gather",
        "Parent Relationship": "Outer",
        "Parallel Aware": false,
        "Startup Cost": 301695.45,
        "Total Cost": 301695.56,
        "Plan Rows": 1,
        "Plan Width": 8,
        "Actual Startup Time": 694.153,
        "Actual Total Time": 715.321,
        "Actual Rows": 2,
        "Actual Loops": 1,
        "Workers Planned": 1,
        "Workers Launched": 1,
        "Single Copy": false,
        "Plans": [
          {
            "Node Type": "Aggregate",
            "Strategy": "Plain",
            "Partial Mode": "Partial",
            "Parent Relationship": "Outer",
            "Parallel Aware": false,
            "Startup Cost": 300695.45,
            "Total Cost": 300695.46,
            "Plan Rows": 1,
            "Plan Width": 8,
            "Actual Startup Time": 688.131,
            "Actual Total Time": 688.135,
            "Actual Rows": 1,
            "Actual Loops": 2,
            "Plans": [
              {
                "Node Type": "Hash Join",
                "Parent Relationship": "Outer",
                "Parallel Aware": true,
                "Join Type": "Inner",
                "Startup Cost": 111489.8,
                "Total Cost": 300017.02,
                "Plan Rows": 271372,
                "Plan Width": 0,
                "Actual Startup Time": 298.081,
                "Actual Total Time": 678.58,
                "Actual Rows": 218274,
                "Actual Loops": 2,
                "Inner Unique": true,
                "Hash Cond": "(mi.movie_id = t.id)",
                "Plans": [
                  {
                    "Node Type": "Bitmap Heap Scan",
                    "Parent Relationship": "Outer",
                    "Parallel Aware": true,
                    "Relation Name": "movie_info",
                    "Alias": "mi",
                    "Startup Cost": 54025.71,
                    "Total Cost": 237947.81,
                    "Plan Rows": 1754328,
                    "Plan Width": 4,
                    "Actual Startup Time": 104.166,
                    "Actual Total Time": 248.192,
                    "Actual Rows": 1518360,
                    "Actual Loops": 2,
                    "Recheck Cond": "(info_type_id = 16)",
                    "Rows Removed by Index Recheck": 0,
                    "Exact Heap Blocks": 13205,
                    "Lossy Heap Blocks": 0,
                    "Plans": [
                      {
                        "Node Type": "Bitmap Index Scan",
                        "Parent Relationship": "Outer",
                        "Parallel Aware": false,
                        "Index Name": "info_type_id_movie_info",
                        "Startup Cost": 0.0,
                        "Total Cost": 53280.12,
                        "Plan Rows": 2982358,
                        "Plan Width": 0,
                        "Actual Startup Time": 99.969,
                        "Actual Total Time": 99.97,
                        "Actual Rows": 3036719,
                        "Actual Loops": 1,
                        "Index Cond": "(info_type_id = 16)"
                      }
                    ]
                  },
                  {
                    "Node Type": "Hash",
                    "Parent Relationship": "Inner",
                    "Parallel Aware": true,
                    "Startup Cost": 54588.39,
                    "Total Cost": 54588.39,
                    "Plan Rows": 230056,
                    "Plan Width": 4,
                    "Actual Startup Time": 188.146,
                    "Actual Total Time": 188.147,
                    "Actual Rows": 195833,
                    "Actual Loops": 2,
                    "Hash Buckets": 524288,
                    "Original Hash Buckets": 524288,
                    "Hash Batches": 1,
                    "Original Hash Batches": 1,
                    "Peak Memory Usage": 19424,
                    "Plans": [
                      {
                        "Node Type": "Seq Scan",
                        "Parent Relationship": "Outer",
                        "Parallel Aware": true,
                        "Relation Name": "title",
                        "Alias": "t",
                        "Startup Cost": 0.0,
                        "Total Cost": 54588.39,
                        "Plan Rows": 230056,
                        "Plan Width": 4,
                        "Actual Startup Time": 0.032,
                        "Actual Total Time": 140.131,
                        "Actual Rows": 195833,
                        "Actual Loops": 2,
                        "Filter": "(production_year > 2010)",
                        "Rows Removed by Filter": 1068323
                      }
                    ]
                  }
                ]
              }
            ]
          }
        ]
      }
    ]
  },
  "Planning Time": 0.629,
  "Triggers": [],
  "Execution Time": 715.417
}