[
  {
    "Plan": {
      "Node Type": "Aggregate",
      "Strategy": "Plain",
      "Partial Mode": "Finalize",
      "Parallel Aware": false,
      "Startup Cost": 76606.0,
      "Total Cost": 76606.01,
      "Plan Rows": 1,
      "Plan Width": 8,
      "Actual Startup Time": 222.826,
      "Actual Total Time": 240.021,
      "Actual Rows": 1,
      "Actual Loops": 1,
      "Plans": [
        {
          "Node Type": "Gather",
          "Parent Relationship": "Outer",
          "Parallel Aware": false,
          "Startup Cost": 76605.68,
          "Total Cost": 76605.99,
          "Plan Rows": 3,
          "Plan Width": 8,
          "Actual Startup Time": 222.324,
          "Actual Total Time": 240.012,
          "Actual Rows": 4,
          "Actual Loops": 1,
          "Workers Planned": 3,
          "Workers Launched": 3,
          "Single Copy": false,
          "Plans": [
            {
              "Node Type": "Aggregate",
              "Strategy": "Plain",
              "Partial Mode": "Partial",
              "Parent Relationship": "Outer",
              "Parallel Aware": false,
              "Startup Cost": 75605.68,
              "Total Cost": 75605.69,
              "Plan Rows": 1,
              "Plan Width": 8,
              "Actual Startup Time": 213.468,
              "Actual Total Time": 213.471,
              "Actual Rows": 1,
              "Actual Loops": 4,
              "Plans": [
                {
                  "Node Type": "Hash Join",
                  "Parent Relationship": "Outer",
                  "Parallel Aware": true,
                  "Join Type": "Inner",
                  "Startup Cost": 45710.07,
                  "Total Cost": 75589.87,
                  "Plan Rows": 6324,
                  "Plan Width": 0,
                  "Actual Startup Time": 118.758,
                  "Actual Total Time": 213.257,
                  "Actual Rows": 3556,
                  "Actual Loops": 4,
                  "Inner Unique": true,
                  "Hash Cond": "(mc.movie_id = t.id)",
                  "Plans": [
                    {
                      "Node Type": "Seq Scan",
                      "Parent Relationship": "Outer",
                      "Parallel Aware": true,
                      "Relation Name": "movie_companies",
                      "Alias": "mc",
                      "Startup Cost": 0.0,
                      "Total Cost": 29310.68,
                      "Plan Rows": 216805,
                      "Plan Width": 4,
                      "Actual Startup Time": 0.014,
                      "Actual Total Time": 69.554,
                      "Actual Rows": 166657,
                      "Actual Loops": 4,
                      "Filter": "(company_id < 1025)",
                      "Rows Removed by Filter": 485626
                    },
                    {
                      "Node Type": "Hash",
                      "Parent Relationship": "Inner",
                      "Parallel Aware": true,
                      "Startup Cost": 45479.59,
                      "Total Cost": 45479.59,
                      "Plan Rows": 18439,
                      "Plan Width": 4,
                      "Actual Startup Time": 117.324,
                      "Actual Total Time": 117.325,
                      "Actual Rows": 21019,
                      "Actual Loops": 4,
                      "Hash Buckets": 131072,
                      "Original Hash Buckets": 131072,
                      "Hash Batches": 1,
                      "Original Hash Batches": 1,
                      "Peak Memory Usage": 4352,
                      "Plans": [
                        {
                          "Node Type": "Seq Scan",
                          "Parent Relationship": "Outer",
                          "Parallel Aware": true,
                          "Relation Name": "title",
                          "Alias": "t",
                          "Startup Cost": 0.0,
                          "Total Cost": 45479.59,
                          "Plan Rows": 18439,
                          "Plan Width": 4,
                          "Actual Startup Time": 0.084,
                          "Actual Total Time": 107.757,
                          "Actual Rows": 21019,
                          "Actual Loops": 4,
                          "Filter": "((kind_id = 7) AND (production_year = 2007))",
                          "Rows Removed by Filter": 611059
                        }
                      ]
                    }
                  ]
                }
              ]
            }
          ]
        }
      ]
    },
    "Planning Time": 0.333,
    "Triggers": [],
    "Execution Time": 240.071
  }
]