[
  {
    "Plan": {
      "Node Type": "Aggregate",
      "Strategy": "Plain",
      "Partial Mode": "Finalize",
      "Parallel Aware": false,
      "Startup Cost": 62149.9,
      "Total Cost": 62149.91,
      "Plan Rows": 1,
      "Plan Width": 8,
      "Actual Startup Time": 193.068,
      "Actual Total Time": 206.904,
      "Actual Rows": 1,
      "Actual Loops": 1,
      "Plans": [
        {
          "Node Type": "Gather",
          "Parent Relationship": "Outer",
          "Parallel Aware": false,
          "Startup Cost": 62149.68,
          "Total Cost": 62149.89,
          "Plan Rows": 2,
          "Plan Width": 8,
          "Actual Startup Time": 192.766,
          "Actual Total Time": 206.894,
          "Actual Rows": 3,
          "Actual Loops": 1,
          "Workers Planned": 2,
          "Workers Launched": 2,
          "Single Copy": false,
          "Plans": [
            {
              "Node Type": "Aggregate",
              "Strategy": "Plain",
              "Partial Mode": "Partial",
              "Parent Relationship": "Outer",
              "Parallel Aware": false,
              "Startup Cost": 61149.68,
              "Total Cost": 61149.69,
              "Plan Rows": 1,
              "Plan Width": 8,
              "Actual Startup Time": 185.095,
              "Actual Total Time": 185.099,
              "Actual Rows": 1,
              "Actual Loops": 3,
              "Plans": [
                {
                  "Node Type": "Hash Join",
                  "Parent Relationship": "Outer",
                  "Parallel Aware": true,
                  "Join Type": "Inner",
                  "Startup Cost": 45526.89,
                  "Total Cost": 61146.82,
                  "Plan Rows": 1146,
                  "Plan Width": 0,
                  "Actual Startup Time": 125.915,
                  "Actual Total Time": 185.006,
                  "Actual Rows": 1123,
                  "Actual Loops": 3,
                  "Inner Unique": true,
                  "Hash Cond": "(mi_idx.movie_id = t.id)",
                  "Plans": [
                    {
                      "Node Type": "Seq Scan",
                      "Parent Relationship": "Outer",
                      "Parallel Aware": true,
                      "Relation Name": "movie_info_idx",
                      "Alias": "mi_idx",
                      "Startup Cost": 0.0,
                      "Total Cost": 15122.68,
                      "Plan Rows": 189429,
                      "Plan Width": 4,
                      "Actual Startup Time": 0.026,
                      "Actual Total Time": 41.721,
                      "Actual Rows": 153308,
                      "Actual Loops": 3,
                      "Filter": "(info_type_id < 100)",
                      "Rows Removed by Filter": 306703
                    },
                    {
                      "Node Type": "Hash",
                      "Parent Relationship": "Inner",
                      "Parallel Aware": true,
                      "Startup Cost": 45479.1,
                      "Total Cost": 45479.1,
                      "Plan Rows": 3823,
                      "Plan Width": 4,
                      "Actual Startup Time": 124.673,
                      "Actual Total Time": 124.674,
                      "Actual Rows": 5458,
                      "Actual Loops": 3,
                      "Hash Buckets": 16384,
                      "Original Hash Buckets": 16384,
                      "Hash Batches": 1,
                      "Original Hash Batches": 1,
                      "Peak Memory Usage": 832,
                      "Plans": [
                        {
                          "Node Type": "Seq Scan",
                          "Parent Relationship": "Outer",
                          "Parallel Aware": true,
                          "Relation Name": "title",
                          "Alias": "t",
                          "Startup Cost": 0.0,
                          "Total Cost": 45479.1,
                          "Plan Rows": 3823,
                          "Plan Width": 4,
                          "Actual Startup Time": 0.08,
                          "Actual Total Time": 121.757,
                          "Actual Rows": 5458,
                          "Actual Loops": 3,
                          "Filter": "((kind_id > 1) AND (production_year = 1989))",
                          "Rows Removed by Filter": 837313
                        }
                      ]
                    }
                  ]
                }
              ]
            }
          ]
        }
      ]
    },
    "Planning Time": 0.635,
    "Triggers": [],
    "Execution Time": 206.974
  }
]