{
  "Plan": {
    "Node Type": "Aggregate",
    "Strategy": "Plain",
    "Partial Mode": "Finalize",
    "Parallel Aware": false,
    "Startup Cost": 598216.3,
    "Total Cost": 598216.31,
    "Plan Rows": 1,
    "Plan Width": 8,
    "Actual Startup Time": 3629.675,
    "Actual Total Time": 3670.079,
    "Actual Rows": 1,
    "Actual Loops": 1,
    "Plans": [
      {
        "Node Type": "Gather",
        "Parent Relationship": "Outer",
        "Parallel Aware": false,
        "Startup Cost": 598216.19,
        "Total Cost": 598216.3,
        "Plan Rows": 1,
        "Plan Width": 8,
        "Actual Startup Time": 3628.445,
        "Actual Total Time": 3670.071,
        "Actual Rows": 2,
        "Actual Loops": 1,
        "Workers Planned": 1,
        "Workers Launched": 1,
        "Single Copy": false,
        "Plans": [
          {
            "Node Type": "Aggregate",
            "Strategy": "Plain",
            "Partial Mode": "Partial",
            "Parent Relationship": "Outer",
            "Parallel Aware": false,
            "Startup Cost": 597216.19,
            "Total Cost": 597216.2,
            "Plan Rows": 1,
            "Plan Width": 8,
            "Actual Startup Time": 3623.092,
            "Actual Total Time": 3623.097,
            "Actual Rows": 1,
            "Actual Loops": 2,
            "Plans": [
              {
                "Node Type": "Nested Loop",
                "Parent Relationship": "Outer",
                "Parallel Aware": false,
                "Join Type": "Inner",
                "Startup Cost": 94287.86,
                "Total Cost": 595759.91,
                "Plan Rows": 582514,
                "Plan Width": 0,
                "Actual Startup Time": 204.218,
                "Actual Total Time": 3457.207,
                "Actual Rows": 4073555,
                "Actual Loops": 2,
                "Inner Unique": false,
                "Join Filter": "(t.id = mi.movie_id)",
                "Rows Removed by Join Filter": 0,
                "Plans": [
                  {
                    "Node Type": "Hash Join",
                    "Parent Relationship": "Outer",
                    "Parallel Aware": true,
                    "Join Type": "Inner",
                    "Startup Cost": 94287.42,
                    "Total Cost": 364421.03,
                    "Plan Rows": 99621,
                    "Plan Width": 8,
                    "Actual Startup Time": 204.087,
                    "Actual Total Time": 610.422,
                    "Actual Rows": 144508,
                    "Actual Loops": 2,
                    "Inner Unique": true,
                    "Hash Cond": "(ci.movie_id = t.id)",
                    "Plans": [
                      {
                        "Node Type": "Bitmap Heap Scan",
                        "Parent Relationship": "Outer",
                        "Parallel Aware": true,
                        "Relation Name": "cast_info",
                        "Alias": "ci",
                        "Startup Cost": 38253.22,
                        "Total Cost": 306257.83,
                        "Plan Rows": 811050,
                        "Plan Width": 4,
                        "Actual Startup Time": 57.231,
                        "Actual Total Time": 174.925,
                        "Actual Rows": 788220,
                        "Actual Loops": 2,
                        "Recheck Cond": "(person_id < 174817)",
                        "Rows Removed by Index Recheck": 0,
                        "Filter": "(role_id < 8)",
                        "Rows Removed by Filter": 88034,
                        "Exact Heap Blocks": 9584,
                        "Lossy Heap Blocks": 0,
                        "Plans": [
                          {
                            "Node Type": "Bitmap Index Scan",
                            "Parent Relationship": "Outer",
                            "Parallel Aware": false,
                            "Index Name": "person_id_cast_info",
                            "Startup Cost": 0.0,
                            "Total Cost": 37908.53,
                            "Plan Rows": 1735995,
                            "Plan Width": 0,
                            "Actual Startup Time": 54.387,
                            "Actual Total Time": 54.388,
                            "Actual Rows": 1752508,
                            "Actual Loops": 1,
                            "Index Cond": "(person_id < 174817)"
                          }
                        ]
                      },
                      {
                        "Node Type": "Hash",
                        "Parent Relationship": "Inner",
                        "Parallel Aware": true,
                        "Startup Cost": 53750.75,
                        "Total Cost": 53750.75,
                        "Plan Rows": 182676,
                        "Plan Width": 4,
                        "Actual Startup Time": 141.809,
                        "Actual Total Time": 141.811,
                        "Actual Rows": 200370,
                        "Actual Loops": 2,
                        "Hash Buckets": 524288,
                        "Original Hash Buckets": 524288,
                        "Hash Batches": 1,
                        "Original Hash Batches": 1,
                        "Peak Memory Usage": 19808,
                        "Plans": [
                          {
                            "Node Type": "Bitmap Heap Scan",
                            "Parent Relationship": "Outer",
                            "Parallel Aware": true,
                            "Relation Name": "title",
                            "Alias": "t",
                            "Startup Cost": 11900.49,
                            "Total Cost": 53750.75,
                            "Plan Rows": 182676,
                            "Plan Width": 4,
                            "Actual Startup Time": 35.305,
                            "Actual Total Time": 99.069,
                            "Actual Rows": 200370,
                            "Actual Loops": 2,
                            "Recheck Cond": "(kind_id = 1)",
                            "Rows Removed by Index Recheck": 0,
                            "Filter": "(production_year < 2003)",
                            "Rows Removed by Filter": 131042,
                            "Exact Heap Blocks": 7975,
                            "Lossy Heap Blocks": 0,
                            "Plans": [
                              {
                                "Node Type": "Bitmap Index Scan",
                                "Parent Relationship": "Outer",
                                "Parallel Aware": false,
                                "Index Name": "kind_id_title",
                                "Startup Cost": 0.0,
                                "Total Cost": 11822.85,
                                "Plan Rows": 663256,
                                "Plan Width": 0,
                                "Actual Startup Time": 33.557,
                                "Actual Total Time": 33.557,
                                "Actual Rows": 662825,
                                "Actual Loops": 1,
                                "Index Cond": "(kind_id = 1)"
                              }
                            ]
                          }
                        ]
                      }
                    ]
                  },
                  {
                    "Node Type": "Index Only Scan",
                    "Parent Relationship": "Inner",
                    "Parallel Aware": false,
                    "Scan Direction": "Forward",
                    "Index Name": "movie_id_movie_info",
                    "Relation Name": "movie_info",
                    "Alias": "mi",
                    "Startup Cost": 0.43,
                    "Total Cost": 1.8,
                    "Plan Rows": 42,
                    "Plan Width": 4,
                    "Actual Startup Time": 0.005,
                    "Actual Total Time": 0.017,
                    "Actual Rows": 28,
                    "Actual Loops": 289015,
                    "Index Cond": "(movie_id = ci.movie_id)",
                    "Rows Removed by Index Recheck": 0,
                    "Heap Fetches": 8147110
                  }
                ]
              }
            ]
          }
        ]
      }
    ]
  },
  "Planning Time": 0.972,
  "Triggers": [],
  "Execution Time": 3670.208
}