{
  "Plan": {
    "Node Type": "Aggregate",
    "Strategy": "Plain",
    "Partial Mode": "Finalize",
    "Parallel Aware": false,
    "Startup Cost": 585172.94,
    "Total Cost": 585172.95,
    "Plan Rows": 1,
    "Plan Width": 8,
    "Actual Startup Time": 2362.025,
    "Actual Total Time": 2434.919,
    "Actual Rows": 1,
    "Actual Loops": 1,
    "Plans": [
      {
        "Node Type": "Gather",
        "Parent Relationship": "Outer",
        "Parallel Aware": false,
        "Startup Cost": 585172.83,
        "Total Cost": 585172.94,
        "Plan Rows": 1,
        "Plan Width": 8,
        "Actual Startup Time": 2359.789,
        "Actual Total Time": 2434.909,
        "Actual Rows": 2,
        "Actual Loops": 1,
        "Workers Planned": 1,
        "Workers Launched": 1,
        "Single Copy": false,
        "Plans": [
          {
            "Node Type": "Aggregate",
            "Strategy": "Plain",
            "Partial Mode": "Partial",
            "Parent Relationship": "Outer",
            "Parallel Aware": false,
            "Startup Cost": 584172.83,
            "Total Cost": 584172.84,
            "Plan Rows": 1,
            "Plan Width": 8,
            "Actual Startup Time": 2354.218,
            "Actual Total Time": 2354.222,
            "Actual Rows": 1,
            "Actual Loops": 2,
            "Plans": [
              {
                "Node Type": "Nested Loop",
                "Parent Relationship": "Outer",
                "Parallel Aware": false,
                "Join Type": "Inner",
                "Startup Cost": 60121.69,
                "Total Cost": 579455.44,
                "Plan Rows": 1886958,
                "Plan Width": 0,
                "Actual Startup Time": 300.559,
                "Actual Total Time": 2270.782,
                "Actual Rows": 1784470,
                "Actual Loops": 2,
                "Inner Unique": false,
                "Plans": [
                  {
                    "Node Type": "Hash Join",
                    "Parent Relationship": "Outer",
                    "Parallel Aware": true,
                    "Join Type": "Inner",
                    "Startup Cost": 60121.13,
                    "Total Cost": 103094.37,
                    "Plan Rows": 131688,
                    "Plan Width": 8,
                    "Actual Startup Time": 300.482,
                    "Actual Total Time": 463.222,
                    "Actual Rows": 106566,
                    "Actual Loops": 2,
                    "Inner Unique": true,
                    "Hash Cond": "(mc.movie_id = t.id)",
                    "Plans": [
                      {
                        "Node Type": "Seq Scan",
                        "Parent Relationship": "Outer",
                        "Parallel Aware": true,
                        "Relation Name": "movie_companies",
                        "Alias": "mc",
                        "Startup Cost": 0.0,
                        "Total Cost": 41811.73,
                        "Plan Rows": 442481,
                        "Plan Width": 4,
                        "Actual Startup Time": 51.168,
                        "Actual Total Time": 112.111,
                        "Actual Rows": 235592,
                        "Actual Loops": 2,
                        "Filter": "((company_id < 13518) AND (company_type_id = 2))",
                        "Rows Removed by Filter": 1068973
                      },
                      {
                        "Node Type": "Hash",
                        "Parent Relationship": "Inner",
                        "Parallel Aware": true,
                        "Startup Cost": 54588.39,
                        "Total Cost": 54588.39,
                        "Plan Rows": 442619,
                        "Plan Width": 4,
                        "Actual Startup Time": 240.633,
                        "Actual Total Time": 240.634,
                        "Actual Rows": 377951,
                        "Actual Loops": 2,
                        "Hash Buckets": 1048576,
                        "Original Hash Buckets": 1048576,
                        "Hash Batches": 1,
                        "Original Hash Batches": 1,
                        "Peak Memory Usage": 37792,
                        "Plans": [
                          {
                            "Node Type": "Seq Scan",
                            "Parent Relationship": "Outer",
                            "Parallel Aware": true,
                            "Relation Name": "title",
                            "Alias": "t",
                            "Startup Cost": 0.0,
                            "Total Cost": 54588.39,
                            "Plan Rows": 442619,
                            "Plan Width": 4,
                            "Actual Startup Time": 0.028,
                            "Actual Total Time": 146.944,
                            "Actual Rows": 377951,
                            "Actual Loops": 2,
                            "Filter": "(production_year < 1993)",
                            "Rows Removed by Filter": 886205
                          }
                        ]
                      }
                    ]
                  },
                  {
                    "Node Type": "Index Only Scan",
                    "Parent Relationship": "Inner",
                    "Parallel Aware": false,
                    "Scan Direction": "Forward",
                    "Index Name": "movie_id_cast_info",
                    "Relation Name": "cast_info",
                    "Alias": "ci",
                    "Startup Cost": 0.56,
                    "Total Cost": 3.25,
                    "Plan Rows": 37,
                    "Plan Width": 4,
                    "Actual Startup Time": 0.004,
                    "Actual Total Time": 0.016,
                    "Actual Rows": 17,
                    "Actual Loops": 213133,
                    "Index Cond": "(movie_id = t.id)",
                    "Rows Removed by Index Recheck": 0,
                    "Heap Fetches": 3568941
                  }
                ]
              }
            ]
          }
        ]
      }
    ]
  },
  "Planning Time": 0.967,
  "Triggers": [],
  "Execution Time": 2435.022
}