[
    {
        "Bao": {
            "Bao prediction": 441.885,
            "Bao recommended hint": "(no hint)"
        }
    },
    {
        "Plan": {
            "Node Type": "Aggregate",
            "Strategy": "Plain",
            "Partial Mode": "Finalize",
            "Parallel Aware": false,
            "Startup Cost": 32821.57,
            "Total Cost": 32821.58,
            "Plan Rows": 1,
            "Plan Width": 8,
            "Actual Startup Time": 120.257,
            "Actual Total Time": 126.075,
            "Actual Rows": 1,
            "Actual Loops": 1,
            "Output": [
                "count(*)"
            ],
            "Plans": [
                {
                    "Node Type": "Gather",
                    "Parent Relationship": "Outer",
                    "Parallel Aware": false,
                    "Startup Cost": 32821.25,
                    "Total Cost": 32821.56,
                    "Plan Rows": 3,
                    "Plan Width": 8,
                    "Actual Startup Time": 120.171,
                    "Actual Total Time": 126.067,
                    "Actual Rows": 4,
                    "Actual Loops": 1,
                    "Output": [
                        "(PARTIAL count(*))"
                    ],
                    "Workers Planned": 3,
                    "Workers Launched": 3,
                    "Single Copy": false,
                    "Plans": [
                        {
                            "Node Type": "Aggregate",
                            "Strategy": "Plain",
                            "Partial Mode": "Partial",
                            "Parent Relationship": "Outer",
                            "Parallel Aware": false,
                            "Startup Cost": 31821.25,
                            "Total Cost": 31821.26,
                            "Plan Rows": 1,
                            "Plan Width": 8,
                            "Actual Startup Time": 112.525,
                            "Actual Total Time": 112.526,
                            "Actual Rows": 1,
                            "Actual Loops": 4,
                            "Output": [
                                "PARTIAL count(*)"
                            ],
                            "Workers": [
                                {
                                    "Worker Number": 0,
                                    "Actual Startup Time": 109.855,
                                    "Actual Total Time": 109.857,
                                    "Actual Rows": 1,
                                    "Actual Loops": 1
                                },
                                {
                                    "Worker Number": 1,
                                    "Actual Startup Time": 110.201,
                                    "Actual Total Time": 110.202,
                                    "Actual Rows": 1,
                                    "Actual Loops": 1
                                },
                                {
                                    "Worker Number": 2,
                                    "Actual Startup Time": 110.467,
                                    "Actual Total Time": 110.468,
                                    "Actual Rows": 1,
                                    "Actual Loops": 1
                                }
                            ],
                            "Plans": [
                                {
                                    "Node Type": "Seq Scan",
                                    "Parent Relationship": "Outer",
                                    "Parallel Aware": true,
                                    "Relation Name": "movie_companies",
                                    "Schema": "public",
                                    "Alias": "mc",
                                    "Startup Cost": 0.0,
                                    "Total Cost": 31414.82,
                                    "Plan Rows": 162573,
                                    "Plan Width": 0,
                                    "Actual Startup Time": 51.125,
                                    "Actual Total Time": 99.427,
                                    "Actual Rows": 203639,
                                    "Actual Loops": 4,
                                    "Output": [
                                        "id",
                                        "movie_id",
                                        "company_id",
                                        "company_type_id",
                                        "note"
                                    ],
                                    "Filter": "((mc.company_id > 17009) AND (mc.company_type_id = 2))",
                                    "Rows Removed by Filter": 448643,
                                    "Workers": [
                                        {
                                            "Worker Number": 0,
                                            "Actual Startup Time": 48.442,
                                            "Actual Total Time": 97.117,
                                            "Actual Rows": 193075,
                                            "Actual Loops": 1
                                        },
                                        {
                                            "Worker Number": 1,
                                            "Actual Startup Time": 48.811,
                                            "Actual Total Time": 97.313,
                                            "Actual Rows": 196045,
                                            "Actual Loops": 1
                                        },
                                        {
                                            "Worker Number": 2,
                                            "Actual Startup Time": 49.074,
                                            "Actual Total Time": 97.519,
                                            "Actual Rows": 196117,
                                            "Actual Loops": 1
                                        }
                                    ]
                                }
                            ]
                        }
                    ]
                }
            ]
        },
        "Planning Time": 604.997,
        "Triggers": [],
        "Execution Time": 126.151
    }
]