[
  {
    "Plan": {
      "Node Type": "Aggregate",
      "Strategy": "Plain",
      "Partial Mode": "Finalize",
      "Parallel Aware": false,
      "Startup Cost": 147002.07,
      "Total Cost": 147002.08,
      "Plan Rows": 1,
      "Plan Width": 8,
      "Actual Startup Time": 2688.339,
      "Actual Total Time": 2719.655,
      "Actual Rows": 1,
      "Actual Loops": 1,
      "Plans": [
        {
          "Node Type": "Gather",
          "Parent Relationship": "Outer",
          "Parallel Aware": false,
          "Startup Cost": 147001.75,
          "Total Cost": 147002.06,
          "Plan Rows": 3,
          "Plan Width": 8,
          "Actual Startup Time": 2676.45,
          "Actual Total Time": 2719.645,
          "Actual Rows": 4,
          "Actual Loops": 1,
          "Workers Planned": 3,
          "Workers Launched": 3,
          "Single Copy": false,
          "Plans": [
            {
              "Node Type": "Aggregate",
              "Strategy": "Plain",
              "Partial Mode": "Partial",
              "Parent Relationship": "Outer",
              "Parallel Aware": false,
              "Startup Cost": 146001.75,
              "Total Cost": 146001.76,
              "Plan Rows": 1,
              "Plan Width": 8,
              "Actual Startup Time": 2663.796,
              "Actual Total Time": 2664.899,
              "Actual Rows": 1,
              "Actual Loops": 4,
              "Plans": [
                {
                  "Node Type": "Hash Join",
                  "Parent Relationship": "Outer",
                  "Parallel Aware": true,
                  "Join Type": "Inner",
                  "Startup Cost": 90235.76,
                  "Total Cost": 142626.94,
                  "Plan Rows": 1349925,
                  "Plan Width": 0,
                  "Actual Startup Time": 1066.715,
                  "Actual Total Time": 2176.502,
                  "Actual Rows": 7998245,
                  "Actual Loops": 4,
                  "Inner Unique": false,
                  "Hash Cond": "(mk.movie_id = t.id)",
                  "Plans": [
                    {
                      "Node Type": "Seq Scan",
                      "Parent Relationship": "Outer",
                      "Parallel Aware": true,
                      "Relation Name": "movie_keyword",
                      "Alias": "mk",
                      "Startup Cost": 0.0,
                      "Total Cost": 42695.65,
                      "Plan Rows": 1424249,
                      "Plan Width": 4,
                      "Actual Startup Time": 0.045,
                      "Actual Total Time": 157.077,
                      "Actual Rows": 1103808,
                      "Actual Loops": 4,
                      "Filter": "(keyword_id < 80383)",
                      "Rows Removed by Filter": 27174
                    },
                    {
                      "Node Type": "Hash",
                      "Parent Relationship": "Inner",
                      "Parallel Aware": true,
                      "Startup Cost": 80572.55,
                      "Total Cost": 80572.55,
                      "Plan Rows": 773057,
                      "Plan Width": 8,
                      "Actual Startup Time": 1056.478,
                      "Actual Total Time": 1057.579,
                      "Actual Rows": 574520,
                      "Actual Loops": 4,
                      "Hash Buckets": 4194304,
                      "Original Hash Buckets": 4194304,
                      "Hash Batches": 1,
                      "Original Hash Batches": 1,
                      "Peak Memory Usage": 122752,
                      "Plans": [
                        {
                          "Node Type": "Hash Join",
                          "Parent Relationship": "Outer",
                          "Parallel Aware": true,
                          "Join Type": "Inner",
                          "Startup Cost": 51156.66,
                          "Total Cost": 80572.55,
                          "Plan Rows": 773057,
                          "Plan Width": 8,
                          "Actual Startup Time": 444.173,
                          "Actual Total Time": 819.421,
                          "Actual Rows": 574520,
                          "Actual Loops": 4,
                          "Inner Unique": true,
                          "Hash Cond": "(mc.movie_id = t.id)",
                          "Plans": [
                            {
                              "Node Type": "Seq Scan",
                              "Parent Relationship": "Outer",
                              "Parallel Aware": true,
                              "Relation Name": "movie_companies",
                              "Alias": "mc",
                              "Startup Cost": 0.0,
                              "Total Cost": 27206.55,
                              "Plan Rows": 841655,
                              "Plan Width": 4,
                              "Actual Startup Time": 0.009,
                              "Actual Total Time": 83.498,
                              "Actual Rows": 652282,
                              "Actual Loops": 4
                            },
                            {
                              "Node Type": "Hash",
                              "Parent Relationship": "Inner",
                              "Parallel Aware": true,
                              "Startup Cost": 43899.32,
                              "Total Cost": 43899.32,
                              "Plan Rows": 580587,
                              "Plan Width": 4,
                              "Actual Startup Time": 434.917,
                              "Actual Total Time": 434.919,
                              "Actual Rows": 578772,
                              "Actual Loops": 4,
                              "Hash Buckets": 4194304,
                              "Original Hash Buckets": 4194304,
                              "Hash Batches": 1,
                              "Original Hash Batches": 1,
                              "Peak Memory Usage": 123424,
                              "Plans": [
                                {
                                  "Node Type": "Seq Scan",
                                  "Parent Relationship": "Outer",
                                  "Parallel Aware": true,
                                  "Relation Name": "title",
                                  "Alias": "t",
                                  "Startup Cost": 0.0,
                                  "Total Cost": 43899.32,
                                  "Plan Rows": 580587,
                                  "Plan Width": 4,
                                  "Actual Startup Time": 0.054,
                                  "Actual Total Time": 150.339,
                                  "Actual Rows": 578772,
                                  "Actual Loops": 4,
                                  "Filter": "(production_year > 1939)",
                                  "Rows Removed by Filter": 53306
                                }
                              ]
                            }
                          ]
                        }
                      ]
                    }
                  ]
                }
              ]
            }
          ]
        }
      ]
    },
    "Planning Time": 0.607,
    "Triggers": [],
    "Execution Time": 2719.717
  }
]