{
    "Plan": {
        "Node Type": "Aggregate",
        "Strategy": "Plain",
        "Partial Mode": "Simple",
        "Parallel Aware": false,
        "Startup Cost": 20001005231.74,
        "Total Cost": 20001005231.75,
        "Plan Rows": 1,
        "Plan Width": 96,
        "Actual Startup Time": 3952.319,
        "Actual Total Time": 3952.601,
        "Actual Rows": 1,
        "Actual Loops": 1,
        "Output": [
            "min(k.keyword)",
            "min(n.name)",
            "min(t.title)"
        ],
        "Plans": [
            {
                "Node Type": "Nested Loop",
                "Parent Relationship": "Outer",
                "Parallel Aware": false,
                "Join Type": "Inner",
                "Startup Cost": 20000998875.94,
                "Total Cost": 20001005231.73,
                "Plan Rows": 1,
                "Plan Width": 48,
                "Actual Startup Time": 3860.418,
                "Actual Total Time": 3951.622,
                "Actual Rows": 2947,
                "Actual Loops": 1,
                "Output": [
                    "k.keyword",
                    "n.name",
                    "t.title"
                ],
                "Inner Unique": true,
                "Join Filter": "(mk.movie_id = t.id)",
                "Rows Removed by Join Filter": 0,
                "Plans": [
                    {
                        "Node Type": "Hash Join",
                        "Parent Relationship": "Outer",
                        "Parallel Aware": false,
                        "Join Type": "Inner",
                        "Startup Cost": 10000998875.5,
                        "Total Cost": 10001005227.27,
                        "Plan Rows": 1,
                        "Plan Width": 39,
                        "Actual Startup Time": 3860.342,
                        "Actual Total Time": 3914.791,
                        "Actual Rows": 6408,
                        "Actual Loops": 1,
                        "Output": [
                            "ci.movie_id",
                            "mk.movie_id",
                            "k.keyword",
                            "n.name"
                        ],
                        "Inner Unique": false,
                        "Hash Cond": "(k.id = mk.keyword_id)",
                        "Plans": [
                            {
                                "Node Type": "Index Scan",
                                "Parent Relationship": "Outer",
                                "Parallel Aware": false,
                                "Scan Direction": "Forward",
                                "Index Name": "keyword_pkey",
                                "Relation Name": "keyword",
                                "Schema": "public",
                                "Alias": "k",
                                "Startup Cost": 0.42,
                                "Total Cost": 6349.2,
                                "Plan Rows": 8,
                                "Plan Width": 20,
                                "Actual Startup Time": 0.737,
                                "Actual Total Time": 52.717,
                                "Actual Rows": 5,
                                "Actual Loops": 1,
                                "Output": [
                                    "k.id",
                                    "k.keyword",
                                    "k.phonetic_code"
                                ],
                                "Filter": "(k.keyword = ANY ('{sequel,based-on-novel,based-on-novel,blood,violence,violence,based-on-comic,violence}'::text[]))",
                                "Rows Removed by Filter": 134165
                            },
                            {
                                "Node Type": "Hash",
                                "Parent Relationship": "Inner",
                                "Parallel Aware": false,
                                "Startup Cost": 10000998657.7,
                                "Total Cost": 10000998657.7,
                                "Plan Rows": 17390,
                                "Plan Width": 27,
                                "Actual Startup Time": 3859.509,
                                "Actual Total Time": 3859.787,
                                "Actual Rows": 637843,
                                "Actual Loops": 1,
                                "Output": [
                                    "ci.movie_id",
                                    "mk.keyword_id",
                                    "mk.movie_id",
                                    "n.name"
                                ],
                                "Hash Buckets": 1048576,
                                "Original Hash Buckets": 32768,
                                "Hash Batches": 1,
                                "Original Hash Batches": 1,
                                "Peak Memory Usage": 46489,
                                "Plans": [
                                    {
                                        "Node Type": "Merge Join",
                                        "Parent Relationship": "Outer",
                                        "Parallel Aware": false,
                                        "Join Type": "Inner",
                                        "Startup Cost": 10000975777.26,
                                        "Total Cost": 10000998657.7,
                                        "Plan Rows": 17390,
                                        "Plan Width": 27,
                                        "Actual Startup Time": 3246.939,
                                        "Actual Total Time": 3756.589,
                                        "Actual Rows": 637843,
                                        "Actual Loops": 1,
                                        "Output": [
                                            "ci.movie_id",
                                            "mk.keyword_id",
                                            "mk.movie_id",
                                            "n.name"
                                        ],
                                        "Inner Unique": false,
                                        "Merge Cond": "(mk.movie_id = ci.movie_id)",
                                        "Plans": [
                                            {
                                                "Node Type": "Sort",
                                                "Parent Relationship": "Outer",
                                                "Parallel Aware": false,
                                                "Startup Cost": 569794.43,
                                                "Total Cost": 581104.25,
                                                "Plan Rows": 4523930,
                                                "Plan Width": 8,
                                                "Actual Startup Time": 1623.452,
                                                "Actual Total Time": 1796.582,
                                                "Actual Rows": 4523928,
                                                "Actual Loops": 1,
                                                "Output": [
                                                    "mk.keyword_id",
                                                    "mk.movie_id"
                                                ],
                                                "Sort Key": [
                                                    "mk.movie_id"
                                                ],
                                                "Sort Method": "quicksort",
                                                "Sort Space Used": 408668,
                                                "Sort Space Type": "Memory",
                                                "Plans": [
                                                    {
                                                        "Node Type": "Seq Scan",
                                                        "Parent Relationship": "Outer",
                                                        "Parallel Aware": false,
                                                        "Relation Name": "movie_keyword",
                                                        "Schema": "public",
                                                        "Alias": "mk",
                                                        "Startup Cost": 0.0,
                                                        "Total Cost": 69693.3,
                                                        "Plan Rows": 4523930,
                                                        "Plan Width": 8,
                                                        "Actual Startup Time": 0.024,
                                                        "Actual Total Time": 583.79,
                                                        "Actual Rows": 4523930,
                                                        "Actual Loops": 1,
                                                        "Output": [
                                                            "mk.keyword_id",
                                                            "mk.movie_id"
                                                        ]
                                                    }
                                                ]
                                            },
                                            {
                                                "Node Type": "Sort",
                                                "Parent Relationship": "Inner",
                                                "Parallel Aware": false,
                                                "Startup Cost": 10000405982.82,
                                                "Total Cost": 10000405991.88,
                                                "Plan Rows": 3627,
                                                "Plan Width": 19,
                                                "Actual Startup Time": 1623.39,
                                                "Actual Total Time": 1657.677,
                                                "Actual Rows": 703101,
                                                "Actual Loops": 1,
                                                "Output": [
                                                    "ci.movie_id",
                                                    "n.name"
                                                ],
                                                "Sort Key": [
                                                    "ci.movie_id"
                                                ],
                                                "Sort Method": "quicksort",
                                                "Sort Space Used": 10477,
                                                "Sort Space Type": "Memory",
                                                "Plans": [
                                                    {
                                                        "Node Type": "Gather",
                                                        "Parent Relationship": "Outer",
                                                        "Parallel Aware": false,
                                                        "Startup Cost": 10000069637.89,
                                                        "Total Cost": 10000405768.38,
                                                        "Plan Rows": 3627,
                                                        "Plan Width": 19,
                                                        "Actual Startup Time": 393.509,
                                                        "Actual Total Time": 1605.425,
                                                        "Actual Rows": 94781,
                                                        "Actual Loops": 1,
                                                        "Output": [
                                                            "ci.movie_id",
                                                            "n.name"
                                                        ],
                                                        "Workers Planned": 6,
                                                        "Workers Launched": 6,
                                                        "Single Copy": false,
                                                        "Plans": [
                                                            {
                                                                "Node Type": "Hash Join",
                                                                "Parent Relationship": "Outer",
                                                                "Parallel Aware": true,
                                                                "Join Type": "Inner",
                                                                "Startup Cost": 10000068637.89,
                                                                "Total Cost": 10000404405.68,
                                                                "Plan Rows": 604,
                                                                "Plan Width": 19,
                                                                "Actual Startup Time": 362.752,
                                                                "Actual Total Time": 1594.194,
                                                                "Actual Rows": 13540,
                                                                "Actual Loops": 7,
                                                                "Output": [
                                                                    "ci.movie_id",
                                                                    "n.name"
                                                                ],
                                                                "Inner Unique": false,
                                                                "Hash Cond": "(ci.person_id = n.id)",
                                                                "Workers": [
                                                                    {
                                                                        "Worker Number": 0,
                                                                        "Actual Startup Time": 402.998,
                                                                        "Actual Total Time": 1593.883,
                                                                        "Actual Rows": 14666,
                                                                        "Actual Loops": 1
                                                                    },
                                                                    {
                                                                        "Worker Number": 1,
                                                                        "Actual Startup Time": 374.255,
                                                                        "Actual Total Time": 1593.284,
                                                                        "Actual Rows": 15823,
                                                                        "Actual Loops": 1
                                                                    },
                                                                    {
                                                                        "Worker Number": 2,
                                                                        "Actual Startup Time": 359.937,
                                                                        "Actual Total Time": 1594.722,
                                                                        "Actual Rows": 16083,
                                                                        "Actual Loops": 1
                                                                    },
                                                                    {
                                                                        "Worker Number": 3,
                                                                        "Actual Startup Time": 302.069,
                                                                        "Actual Total Time": 1594.412,
                                                                        "Actual Rows": 15588,
                                                                        "Actual Loops": 1
                                                                    },
                                                                    {
                                                                        "Worker Number": 4,
                                                                        "Actual Startup Time": 402.57,
                                                                        "Actual Total Time": 1594.724,
                                                                        "Actual Rows": 14596,
                                                                        "Actual Loops": 1
                                                                    },
                                                                    {
                                                                        "Worker Number": 5,
                                                                        "Actual Startup Time": 304.505,
                                                                        "Actual Total Time": 1594.211,
                                                                        "Actual Rows": 15546,
                                                                        "Actual Loops": 1
                                                                    }
                                                                ],
                                                                "Plans": [
                                                                    {
                                                                        "Node Type": "Seq Scan",
                                                                        "Parent Relationship": "Outer",
                                                                        "Parallel Aware": true,
                                                                        "Relation Name": "cast_info",
                                                                        "Schema": "public",
                                                                        "Alias": "ci",
                                                                        "Startup Cost": 10000000000.0,
                                                                        "Total Cost": 10000313108.29,
                                                                        "Plan Rows": 6042129,
                                                                        "Plan Width": 8,
                                                                        "Actual Startup Time": 0.027,
                                                                        "Actual Total Time": 684.708,
                                                                        "Actual Rows": 5177763,
                                                                        "Actual Loops": 7,
                                                                        "Output": [
                                                                            "ci.id",
                                                                            "ci.person_id",
                                                                            "ci.movie_id",
                                                                            "ci.person_role_id",
                                                                            "ci.note",
                                                                            "ci.nr_order",
                                                                            "ci.role_id"
                                                                        ],
                                                                        "Workers": [
                                                                            {
                                                                                "Worker Number": 0,
                                                                                "Actual Startup Time": 0.029,
                                                                                "Actual Total Time": 693.732,
                                                                                "Actual Rows": 4852152,
                                                                                "Actual Loops": 1
                                                                            },
                                                                            {
                                                                                "Worker Number": 1,
                                                                                "Actual Startup Time": 0.031,
                                                                                "Actual Total Time": 693.811,
                                                                                "Actual Rows": 4903579,
                                                                                "Actual Loops": 1
                                                                            },
                                                                            {
                                                                                "Worker Number": 2,
                                                                                "Actual Startup Time": 0.033,
                                                                                "Actual Total Time": 694.967,
                                                                                "Actual Rows": 4899658,
                                                                                "Actual Loops": 1
                                                                            },
                                                                            {
                                                                                "Worker Number": 3,
                                                                                "Actual Startup Time": 0.032,
                                                                                "Actual Total Time": 699.729,
                                                                                "Actual Rows": 4903350,
                                                                                "Actual Loops": 1
                                                                            },
                                                                            {
                                                                                "Worker Number": 4,
                                                                                "Actual Startup Time": 0.026,
                                                                                "Actual Total Time": 699.085,
                                                                                "Actual Rows": 5001640,
                                                                                "Actual Loops": 1
                                                                            },
                                                                            {
                                                                                "Worker Number": 5,
                                                                                "Actual Startup Time": 0.031,
                                                                                "Actual Total Time": 694.196,
                                                                                "Actual Rows": 4893906,
                                                                                "Actual Loops": 1
                                                                            }
                                                                        ]
                                                                    },
                                                                    {
                                                                        "Node Type": "Hash",
                                                                        "Parent Relationship": "Inner",
                                                                        "Parallel Aware": true,
                                                                        "Startup Cost": 68636.59,
                                                                        "Total Cost": 68636.59,
                                                                        "Plan Rows": 104,
                                                                        "Plan Width": 19,
                                                                        "Actual Startup Time": 302.557,
                                                                        "Actual Total Time": 302.558,
                                                                        "Actual Rows": 1530,
                                                                        "Actual Loops": 7,
                                                                        "Output": [
                                                                            "n.name",
                                                                            "n.id"
                                                                        ],
                                                                        "Hash Buckets": 8192,
                                                                        "Original Hash Buckets": 1024,
                                                                        "Hash Batches": 1,
                                                                        "Original Hash Batches": 1,
                                                                        "Peak Memory Usage": 792,
                                                                        "Workers": [
                                                                            {
                                                                                "Worker Number": 0,
                                                                                "Actual Startup Time": 300.47,
                                                                                "Actual Total Time": 300.471,
                                                                                "Actual Rows": 894,
                                                                                "Actual Loops": 1
                                                                            },
                                                                            {
                                                                                "Worker Number": 1,
                                                                                "Actual Startup Time": 300.714,
                                                                                "Actual Total Time": 300.715,
                                                                                "Actual Rows": 1703,
                                                                                "Actual Loops": 1
                                                                            },
                                                                            {
                                                                                "Worker Number": 2,
                                                                                "Actual Startup Time": 301.034,
                                                                                "Actual Total Time": 301.035,
                                                                                "Actual Rows": 1024,
                                                                                "Actual Loops": 1
                                                                            },
                                                                            {
                                                                                "Worker Number": 3,
                                                                                "Actual Startup Time": 301.04,
                                                                                "Actual Total Time": 301.042,
                                                                                "Actual Rows": 1549,
                                                                                "Actual Loops": 1
                                                                            },
                                                                            {
                                                                                "Worker Number": 4,
                                                                                "Actual Startup Time": 301.08,
                                                                                "Actual Total Time": 301.081,
                                                                                "Actual Rows": 1572,
                                                                                "Actual Loops": 1
                                                                            },
                                                                            {
                                                                                "Worker Number": 5,
                                                                                "Actual Startup Time": 301.145,
                                                                                "Actual Total Time": 301.146,
                                                                                "Actual Rows": 980,
                                                                                "Actual Loops": 1
                                                                            }
                                                                        ],
                                                                        "Plans": [
                                                                            {
                                                                                "Node Type": "Seq Scan",
                                                                                "Parent Relationship": "Outer",
                                                                                "Parallel Aware": true,
                                                                                "Relation Name": "name",
                                                                                "Schema": "public",
                                                                                "Alias": "n",
                                                                                "Startup Cost": 0.0,
                                                                                "Total Cost": 68636.59,
                                                                                "Plan Rows": 104,
                                                                                "Plan Width": 19,
                                                                                "Actual Startup Time": 7.922,
                                                                                "Actual Total Time": 147.238,
                                                                                "Actual Rows": 1530,
                                                                                "Actual Loops": 7,
                                                                                "Output": [
                                                                                    "n.name",
                                                                                    "n.id"
                                                                                ],
                                                                                "Filter": "(n.name ~~ '%Williams,%'::text)",
                                                                                "Rows Removed by Filter": 593826,
                                                                                "Workers": [
                                                                                    {
                                                                                        "Worker Number": 0,
                                                                                        "Actual Startup Time": 1.578,
                                                                                        "Actual Total Time": 106.687,
                                                                                        "Actual Rows": 894,
                                                                                        "Actual Loops": 1
                                                                                    },
                                                                                    {
                                                                                        "Worker Number": 1,
                                                                                        "Actual Startup Time": 13.091,
                                                                                        "Actual Total Time": 146.154,
                                                                                        "Actual Rows": 1703,
                                                                                        "Actual Loops": 1
                                                                                    },
                                                                                    {
                                                                                        "Worker Number": 2,
                                                                                        "Actual Startup Time": 11.907,
                                                                                        "Actual Total Time": 107.401,
                                                                                        "Actual Rows": 1024,
                                                                                        "Actual Loops": 1
                                                                                    },
                                                                                    {
                                                                                        "Worker Number": 3,
                                                                                        "Actual Startup Time": 16.981,
                                                                                        "Actual Total Time": 146.321,
                                                                                        "Actual Rows": 1549,
                                                                                        "Actual Loops": 1
                                                                                    },
                                                                                    {
                                                                                        "Worker Number": 4,
                                                                                        "Actual Startup Time": 2.332,
                                                                                        "Actual Total Time": 146.315,
                                                                                        "Actual Rows": 1572,
                                                                                        "Actual Loops": 1
                                                                                    },
                                                                                    {
                                                                                        "Worker Number": 5,
                                                                                        "Actual Startup Time": 9.465,
                                                                                        "Actual Total Time": 107.385,
                                                                                        "Actual Rows": 980,
                                                                                        "Actual Loops": 1
                                                                                    }
                                                                                ]
                                                                            }
                                                                        ]
                                                                    }
                                                                ]
                                                            }
                                                        ]
                                                    }
                                                ]
                                            }
                                        ]
                                    }
                                ]
                            }
                        ]
                    },
                    {
                        "Node Type": "Bitmap Heap Scan",
                        "Parent Relationship": "Inner",
                        "Parallel Aware": false,
                        "Relation Name": "title",
                        "Schema": "public",
                        "Alias": "t",
                        "Startup Cost": 0.44,
                        "Total Cost": 4.45,
                        "Plan Rows": 1,
                        "Plan Width": 21,
                        "Actual Startup Time": 0.004,
                        "Actual Total Time": 0.004,
                        "Actual Rows": 0,
                        "Actual Loops": 6408,
                        "Output": [
                            "t.id",
                            "t.title",
                            "t.imdb_index",
                            "t.kind_id",
                            "t.production_year",
                            "t.imdb_id",
                            "t.phonetic_code",
                            "t.episode_of_id",
                            "t.season_nr",
                            "t.episode_nr",
                            "t.series_years",
                            "t.md5sum"
                        ],
                        "Recheck Cond": "(t.id = ci.movie_id)",
                        "Rows Removed by Index Recheck": 0,
                        "Filter": "(t.production_year > 1998)",
                        "Rows Removed by Filter": 1,
                        "Exact Heap Blocks": 6408,
                        "Lossy Heap Blocks": 0,
                        "Plans": [
                            {
                                "Node Type": "Bitmap Index Scan",
                                "Parent Relationship": "Outer",
                                "Parallel Aware": false,
                                "Index Name": "title_pkey",
                                "Startup Cost": 0.0,
                                "Total Cost": 0.44,
                                "Plan Rows": 1,
                                "Plan Width": 0,
                                "Actual Startup Time": 0.003,
                                "Actual Total Time": 0.003,
                                "Actual Rows": 1,
                                "Actual Loops": 6408,
                                "Index Cond": "(t.id = ci.movie_id)"
                            }
                        ]
                    }
                ]
            }
        ]
    },
    "Planning Time": 1.869,
    "Triggers": [],
    "Execution Time": 3953.16
}