{
  "Plan": {
    "Node Type": "Aggregate",
    "Strategy": "Plain",
    "Partial Mode": "Finalize",
    "Parallel Aware": false,
    "Startup Cost": 321312.15,
    "Total Cost": 321312.16,
    "Plan Rows": 1,
    "Plan Width": 8,
    "Actual Startup Time": 2734.879,
    "Actual Total Time": 2764.515,
    "Actual Rows": 1,
    "Actual Loops": 1,
    "Plans": [
      {
        "Node Type": "Gather",
        "Parent Relationship": "Outer",
        "Parallel Aware": false,
        "Startup Cost": 321312.04,
        "Total Cost": 321312.15,
        "Plan Rows": 1,
        "Plan Width": 8,
        "Actual Startup Time": 2730.4,
        "Actual Total Time": 2764.497,
        "Actual Rows": 2,
        "Actual Loops": 1,
        "Workers Planned": 1,
        "Workers Launched": 1,
        "Single Copy": false,
        "Plans": [
          {
            "Node Type": "Aggregate",
            "Strategy": "Plain",
            "Partial Mode": "Partial",
            "Parent Relationship": "Outer",
            "Parallel Aware": false,
            "Startup Cost": 320312.04,
            "Total Cost": 320312.05,
            "Plan Rows": 1,
            "Plan Width": 8,
            "Actual Startup Time": 2722.706,
            "Actual Total Time": 2722.713,
            "Actual Rows": 1,
            "Actual Loops": 2,
            "Plans": [
              {
                "Node Type": "Hash Join",
                "Parent Relationship": "Outer",
                "Parallel Aware": true,
                "Join Type": "Inner",
                "Startup Cost": 63946.88,
                "Total Cost": 314553.32,
                "Plan Rows": 2303488,
                "Plan Width": 0,
                "Actual Startup Time": 451.088,
                "Actual Total Time": 2598.089,
                "Actual Rows": 2328494,
                "Actual Loops": 2,
                "Inner Unique": true,
                "Hash Cond": "(ci.movie_id = t.id)",
                "Plans": [
                  {
                    "Node Type": "Index Scan",
                    "Parent Relationship": "Outer",
                    "Parallel Aware": true,
                    "Scan Direction": "Forward",
                    "Index Name": "role_id_cast_info",
                    "Relation Name": "cast_info",
                    "Alias": "ci",
                    "Startup Cost": 0.56,
                    "Total Cost": 238594.73,
                    "Plan Rows": 4576095,
                    "Plan Width": 4,
                    "Actual Startup Time": 0.074,
                    "Actual Total Time": 671.139,
                    "Actual Rows": 3856320,
                    "Actual Loops": 2,
                    "Index Cond": "(role_id > 6)",
                    "Rows Removed by Index Recheck": 0
                  },
                  {
                    "Node Type": "Hash",
                    "Parent Relationship": "Inner",
                    "Parallel Aware": true,
                    "Startup Cost": 54588.39,
                    "Total Cost": 54588.39,
                    "Plan Rows": 748634,
                    "Plan Width": 4,
                    "Actual Startup Time": 435.967,
                    "Actual Total Time": 435.968,
                    "Actual Rows": 630148,
                    "Actual Loops": 2,
                    "Hash Buckets": 2097152,
                    "Original Hash Buckets": 2097152,
                    "Hash Batches": 1,
                    "Original Hash Batches": 1,
                    "Peak Memory Usage": 65728,
                    "Plans": [
                      {
                        "Node Type": "Seq Scan",
                        "Parent Relationship": "Outer",
                        "Parallel Aware": true,
                        "Relation Name": "title",
                        "Alias": "t",
                        "Startup Cost": 0.0,
                        "Total Cost": 54588.39,
                        "Plan Rows": 748634,
                        "Plan Width": 4,
                        "Actual Startup Time": 0.028,
                        "Actual Total Time": 212.1,
                        "Actual Rows": 630148,
                        "Actual Loops": 2,
                        "Filter": "(production_year > 2002)",
                        "Rows Removed by Filter": 634008
                      }
                    ]
                  }
                ]
              }
            ]
          }
        ]
      }
    ]
  },
  "Planning Time": 0.731,
  "Triggers": [],
  "Execution Time": 2764.613
}