{
  "Plan": {
    "Node Type": "Aggregate",
    "Strategy": "Plain",
    "Partial Mode": "Finalize",
    "Parallel Aware": false,
    "Startup Cost": 112878.15,
    "Total Cost": 112878.16,
    "Plan Rows": 1,
    "Plan Width": 8,
    "Actual Startup Time": 819.492,
    "Actual Total Time": 832.724,
    "Actual Rows": 1,
    "Actual Loops": 1,
    "Plans": [
      {
        "Node Type": "Gather",
        "Parent Relationship": "Outer",
        "Parallel Aware": false,
        "Startup Cost": 112878.04,
        "Total Cost": 112878.15,
        "Plan Rows": 1,
        "Plan Width": 8,
        "Actual Startup Time": 817.921,
        "Actual Total Time": 832.715,
        "Actual Rows": 2,
        "Actual Loops": 1,
        "Workers Planned": 1,
        "Workers Launched": 1,
        "Single Copy": false,
        "Plans": [
          {
            "Node Type": "Aggregate",
            "Strategy": "Plain",
            "Partial Mode": "Partial",
            "Parent Relationship": "Outer",
            "Parallel Aware": false,
            "Startup Cost": 111878.04,
            "Total Cost": 111878.05,
            "Plan Rows": 1,
            "Plan Width": 8,
            "Actual Startup Time": 812.031,
            "Actual Total Time": 812.035,
            "Actual Rows": 1,
            "Actual Loops": 2,
            "Plans": [
              {
                "Node Type": "Hash Join",
                "Parent Relationship": "Outer",
                "Parallel Aware": true,
                "Join Type": "Inner",
                "Startup Cost": 47738.26,
                "Total Cost": 110692.73,
                "Plan Rows": 474123,
                "Plan Width": 0,
                "Actual Startup Time": 253.689,
                "Actual Total Time": 791.74,
                "Actual Rows": 512264,
                "Actual Loops": 2,
                "Inner Unique": false,
                "Hash Cond": "(t.id = mc.movie_id)",
                "Plans": [
                  {
                    "Node Type": "Seq Scan",
                    "Parent Relationship": "Outer",
                    "Parallel Aware": true,
                    "Relation Name": "title",
                    "Alias": "t",
                    "Startup Cost": 0.0,
                    "Total Cost": 50870.31,
                    "Plan Rows": 1487231,
                    "Plan Width": 4,
                    "Actual Startup Time": 0.017,
                    "Actual Total Time": 120.791,
                    "Actual Rows": 1264156,
                    "Actual Loops": 2
                  },
                  {
                    "Node Type": "Hash",
                    "Parent Relationship": "Inner",
                    "Parallel Aware": true,
                    "Startup Cost": 41811.73,
                    "Total Cost": 41811.73,
                    "Plan Rows": 474123,
                    "Plan Width": 4,
                    "Actual Startup Time": 244.273,
                    "Actual Total Time": 244.274,
                    "Actual Rows": 512264,
                    "Actual Loops": 2,
                    "Hash Buckets": 1048576,
                    "Original Hash Buckets": 1048576,
                    "Hash Batches": 1,
                    "Original Hash Batches": 1,
                    "Peak Memory Usage": 48288,
                    "Plans": [
                      {
                        "Node Type": "Seq Scan",
                        "Parent Relationship": "Outer",
                        "Parallel Aware": true,
                        "Relation Name": "movie_companies",
                        "Alias": "mc",
                        "Startup Cost": 0.0,
                        "Total Cost": 41811.73,
                        "Plan Rows": 474123,
                        "Plan Width": 4,
                        "Actual Startup Time": 67.692,
                        "Actual Total Time": 140.623,
                        "Actual Rows": 512264,
                        "Actual Loops": 2,
                        "Filter": "((company_id > 5378) AND (company_type_id = 2))",
                        "Rows Removed by Filter": 792300
                      }
                    ]
                  }
                ]
              }
            ]
          }
        ]
      }
    ]
  },
  "Planning Time": 0.734,
  "Triggers": [],
  "Execution Time": 832.799
}