[
  {
    "Plan": {
      "Node Type": "Aggregate",
      "Strategy": "Plain",
      "Partial Mode": "Finalize",
      "Parallel Aware": false,
      "Startup Cost": 337124.15,
      "Total Cost": 337124.16,
      "Plan Rows": 1,
      "Plan Width": 8,
      "Actual Startup Time": 805.503,
      "Actual Total Time": 873.55,
      "Actual Rows": 1,
      "Actual Loops": 1,
      "Plans": [
        {
          "Node Type": "Gather",
          "Parent Relationship": "Outer",
          "Parallel Aware": false,
          "Startup Cost": 337123.53,
          "Total Cost": 337124.14,
          "Plan Rows": 6,
          "Plan Width": 8,
          "Actual Startup Time": 805.388,
          "Actual Total Time": 873.539,
          "Actual Rows": 7,
          "Actual Loops": 1,
          "Workers Planned": 6,
          "Workers Launched": 6,
          "Single Copy": false,
          "Plans": [
            {
              "Node Type": "Aggregate",
              "Strategy": "Plain",
              "Partial Mode": "Partial",
              "Parent Relationship": "Outer",
              "Parallel Aware": false,
              "Startup Cost": 336123.53,
              "Total Cost": 336123.54,
              "Plan Rows": 1,
              "Plan Width": 8,
              "Actual Startup Time": 795.026,
              "Actual Total Time": 795.028,
              "Actual Rows": 1,
              "Actual Loops": 7,
              "Plans": [
                {
                  "Node Type": "Seq Scan",
                  "Parent Relationship": "Outer",
                  "Parallel Aware": true,
                  "Relation Name": "cast_info",
                  "Alias": "ci",
                  "Startup Cost": 0.0,
                  "Total Cost": 328162.03,
                  "Plan Rows": 3184600,
                  "Plan Width": 0,
                  "Actual Startup Time": 0.05,
                  "Actual Total Time": 655.443,
                  "Actual Rows": 2741760,
                  "Actual Loops": 7,
                  "Filter": "(person_id < 1917726)",
                  "Rows Removed by Filter": 2436003
                }
              ]
            }
          ]
        }
      ]
    },
    "Planning Time": 0.167,
    "Triggers": [],
    "Execution Time": 873.621
  }
]