[
  {
    "Plan": {
      "Node Type": "Aggregate",
      "Strategy": "Plain",
      "Partial Mode": "Finalize",
      "Parallel Aware": false,
      "Startup Cost": 129581.69,
      "Total Cost": 129581.7,
      "Plan Rows": 1,
      "Plan Width": 8,
      "Actual Startup Time": 734.352,
      "Actual Total Time": 764.468,
      "Actual Rows": 1,
      "Actual Loops": 1,
      "Plans": [
        {
          "Node Type": "Gather",
          "Parent Relationship": "Outer",
          "Parallel Aware": false,
          "Startup Cost": 129581.37,
          "Total Cost": 129581.68,
          "Plan Rows": 3,
          "Plan Width": 8,
          "Actual Startup Time": 729.612,
          "Actual Total Time": 764.45,
          "Actual Rows": 4,
          "Actual Loops": 1,
          "Workers Planned": 3,
          "Workers Launched": 3,
          "Single Copy": false,
          "Plans": [
            {
              "Node Type": "Aggregate",
              "Strategy": "Plain",
              "Partial Mode": "Partial",
              "Parent Relationship": "Outer",
              "Parallel Aware": false,
              "Startup Cost": 128581.37,
              "Total Cost": 128581.38,
              "Plan Rows": 1,
              "Plan Width": 8,
              "Actual Startup Time": 720.734,
              "Actual Total Time": 720.87,
              "Actual Rows": 1,
              "Actual Loops": 4,
              "Plans": [
                {
                  "Node Type": "Hash Join",
                  "Parent Relationship": "Outer",
                  "Parallel Aware": true,
                  "Join Type": "Inner",
                  "Startup Cost": 82154.98,
                  "Total Cost": 127628.08,
                  "Plan Rows": 381316,
                  "Plan Width": 0,
                  "Actual Startup Time": 431.131,
                  "Actual Total Time": 695.044,
                  "Actual Rows": 548836,
                  "Actual Loops": 4,
                  "Inner Unique": false,
                  "Hash Cond": "(mk.movie_id = t.id)",
                  "Plans": [
                    {
                      "Node Type": "Seq Scan",
                      "Parent Relationship": "Outer",
                      "Parallel Aware": true,
                      "Relation Name": "movie_keyword",
                      "Alias": "mk",
                      "Startup Cost": 0.0,
                      "Total Cost": 39047.32,
                      "Plan Rows": 1459332,
                      "Plan Width": 4,
                      "Actual Startup Time": 0.048,
                      "Actual Total Time": 101.837,
                      "Actual Rows": 1130982,
                      "Actual Loops": 4
                    },
                    {
                      "Node Type": "Hash",
                      "Parent Relationship": "Inner",
                      "Parallel Aware": true,
                      "Startup Cost": 80090.5,
                      "Total Cost": 80090.5,
                      "Plan Rows": 165158,
                      "Plan Width": 8,
                      "Actual Startup Time": 425.925,
                      "Actual Total Time": 426.055,
                      "Actual Rows": 105965,
                      "Actual Loops": 4,
                      "Hash Buckets": 1048576,
                      "Original Hash Buckets": 1048576,
                      "Hash Batches": 1,
                      "Original Hash Batches": 1,
                      "Peak Memory Usage": 24832,
                      "Plans": [
                        {
                          "Node Type": "Hash Join",
                          "Parent Relationship": "Outer",
                          "Parallel Aware": true,
                          "Join Type": "Inner",
                          "Startup Cost": 34078.64,
                          "Total Cost": 80090.5,
                          "Plan Rows": 165158,
                          "Plan Width": 8,
                          "Actual Startup Time": 140.946,
                          "Actual Total Time": 381.894,
                          "Actual Rows": 105965,
                          "Actual Loops": 4,
                          "Inner Unique": false,
                          "Hash Cond": "(t.id = mc.movie_id)",
                          "Plans": [
                            {
                              "Node Type": "Seq Scan",
                              "Parent Relationship": "Outer",
                              "Parallel Aware": true,
                              "Relation Name": "title",
                              "Alias": "t",
                              "Startup Cost": 0.0,
                              "Total Cost": 42318.73,
                              "Plan Rows": 632073,
                              "Plan Width": 4,
                              "Actual Startup Time": 0.011,
                              "Actual Total Time": 87.82,
                              "Actual Rows": 632078,
                              "Actual Loops": 4
                            },
                            {
                              "Node Type": "Hash",
                              "Parent Relationship": "Inner",
                              "Parallel Aware": true,
                              "Startup Cost": 31414.82,
                              "Total Cost": 31414.82,
                              "Plan Rows": 213106,
                              "Plan Width": 4,
                              "Actual Startup Time": 138.288,
                              "Actual Total Time": 138.29,
                              "Actual Rows": 105965,
                              "Actual Loops": 4,
                              "Hash Buckets": 1048576,
                              "Original Hash Buckets": 1048576,
                              "Hash Batches": 1,
                              "Original Hash Batches": 1,
                              "Peak Memory Usage": 24832,
                              "Plans": [
                                {
                                  "Node Type": "Seq Scan",
                                  "Parent Relationship": "Outer",
                                  "Parallel Aware": true,
                                  "Relation Name": "movie_companies",
                                  "Alias": "mc",
                                  "Startup Cost": 0.0,
                                  "Total Cost": 31414.82,
                                  "Plan Rows": 213106,
                                  "Plan Width": 4,
                                  "Actual Startup Time": 54.829,
                                  "Actual Total Time": 94.598,
                                  "Actual Rows": 105965,
                                  "Actual Loops": 4,
                                  "Filter": "((company_id < 11266) AND (company_type_id = 2))",
                                  "Rows Removed by Filter": 546317
                                }
                              ]
                            }
                          ]
                        }
                      ]
                    }
                  ]
                }
              ]
            }
          ]
        }
      ]
    },
    "Planning Time": 1.377,
    "Triggers": [],
    "Execution Time": 764.553
  }
]