[
    {
        "Bao": {
            "Bao prediction": "NaN",
            "Bao recommended hint": "(no hint)"
        }
    },
    {
        "Plan": {
            "Node Type": "Aggregate",
            "Strategy": "Plain",
            "Partial Mode": "Finalize",
            "Parallel Aware": false,
            "Startup Cost": 33293.25,
            "Total Cost": 33293.26,
            "Plan Rows": 1,
            "Plan Width": 8,
            "Actual Startup Time": 104.152,
            "Actual Total Time": 109.202,
            "Actual Rows": 1,
            "Actual Loops": 1,
            "Output": [
                "count(*)"
            ],
            "Plans": [
                {
                    "Node Type": "Gather",
                    "Parent Relationship": "Outer",
                    "Parallel Aware": false,
                    "Startup Cost": 33292.93,
                    "Total Cost": 33293.24,
                    "Plan Rows": 3,
                    "Plan Width": 8,
                    "Actual Startup Time": 104.072,
                    "Actual Total Time": 109.193,
                    "Actual Rows": 4,
                    "Actual Loops": 1,
                    "Output": [
                        "(PARTIAL count(*))"
                    ],
                    "Workers Planned": 3,
                    "Workers Launched": 3,
                    "Single Copy": false,
                    "Plans": [
                        {
                            "Node Type": "Aggregate",
                            "Strategy": "Plain",
                            "Partial Mode": "Partial",
                            "Parent Relationship": "Outer",
                            "Parallel Aware": false,
                            "Startup Cost": 32292.93,
                            "Total Cost": 32292.94,
                            "Plan Rows": 1,
                            "Plan Width": 8,
                            "Actual Startup Time": 95.886,
                            "Actual Total Time": 95.887,
                            "Actual Rows": 1,
                            "Actual Loops": 4,
                            "Output": [
                                "PARTIAL count(*)"
                            ],
                            "Workers": [
                                {
                                    "Worker Number": 0,
                                    "Actual Startup Time": 92.836,
                                    "Actual Total Time": 92.837,
                                    "Actual Rows": 1,
                                    "Actual Loops": 1
                                },
                                {
                                    "Worker Number": 1,
                                    "Actual Startup Time": 93.325,
                                    "Actual Total Time": 93.327,
                                    "Actual Rows": 1,
                                    "Actual Loops": 1
                                },
                                {
                                    "Worker Number": 2,
                                    "Actual Startup Time": 93.633,
                                    "Actual Total Time": 93.634,
                                    "Actual Rows": 1,
                                    "Actual Loops": 1
                                }
                            ],
                            "Plans": [
                                {
                                    "Node Type": "Seq Scan",
                                    "Parent Relationship": "Outer",
                                    "Parallel Aware": true,
                                    "Relation Name": "movie_companies",
                                    "Schema": "public",
                                    "Alias": "mc",
                                    "Startup Cost": 0.0,
                                    "Total Cost": 31414.82,
                                    "Plan Rows": 351244,
                                    "Plan Width": 0,
                                    "Actual Startup Time": 45.755,
                                    "Actual Total Time": 85.215,
                                    "Actual Rows": 214579,
                                    "Actual Loops": 4,
                                    "Output": [
                                        "id",
                                        "movie_id",
                                        "company_id",
                                        "company_type_id",
                                        "note"
                                    ],
                                    "Filter": "((mc.company_id < 75554) AND (mc.company_type_id > 1))",
                                    "Rows Removed by Filter": 437703,
                                    "Workers": [
                                        {
                                            "Worker Number": 0,
                                            "Actual Startup Time": 42.706,
                                            "Actual Total Time": 82.618,
                                            "Actual Rows": 251172,
                                            "Actual Loops": 1
                                        },
                                        {
                                            "Worker Number": 1,
                                            "Actual Startup Time": 43.21,
                                            "Actual Total Time": 82.906,
                                            "Actual Rows": 256647,
                                            "Actual Loops": 1
                                        },
                                        {
                                            "Worker Number": 2,
                                            "Actual Startup Time": 43.497,
                                            "Actual Total Time": 83.119,
                                            "Actual Rows": 159689,
                                            "Actual Loops": 1
                                        }
                                    ]
                                }
                            ]
                        }
                    ]
                }
            ]
        },
        "Planning Time": 338.104,
        "Triggers": [],
        "Execution Time": 109.254
    }
]