[
  {
    "Plan": {
      "Node Type": "Aggregate",
      "Strategy": "Plain",
      "Partial Mode": "Finalize",
      "Parallel Aware": false,
      "Startup Cost": 184914.31,
      "Total Cost": 184914.32,
      "Plan Rows": 1,
      "Plan Width": 64,
      "Actual Startup Time": 1420.989,
      "Actual Total Time": 1520.972,
      "Actual Rows": 1,
      "Actual Loops": 1,
      "Plans": [
        {
          "Node Type": "Gather",
          "Parent Relationship": "Outer",
          "Parallel Aware": false,
          "Startup Cost": 184913.88,
          "Total Cost": 184914.29,
          "Plan Rows": 4,
          "Plan Width": 64,
          "Actual Startup Time": 1401.268,
          "Actual Total Time": 1520.951,
          "Actual Rows": 5,
          "Actual Loops": 1,
          "Workers Planned": 4,
          "Workers Launched": 4,
          "Single Copy": false,
          "Plans": [
            {
              "Node Type": "Aggregate",
              "Strategy": "Plain",
              "Partial Mode": "Partial",
              "Parent Relationship": "Outer",
              "Parallel Aware": false,
              "Startup Cost": 183913.88,
              "Total Cost": 183913.89,
              "Plan Rows": 1,
              "Plan Width": 64,
              "Actual Startup Time": 1383.682,
              "Actual Total Time": 1383.696,
              "Actual Rows": 1,
              "Actual Loops": 5,
              "Plans": [
                {
                  "Node Type": "Hash Join",
                  "Parent Relationship": "Outer",
                  "Parallel Aware": false,
                  "Join Type": "Inner",
                  "Startup Cost": 89093.77,
                  "Total Cost": 183799.37,
                  "Plan Rows": 22902,
                  "Plan Width": 33,
                  "Actual Startup Time": 736.393,
                  "Actual Total Time": 1382.67,
                  "Actual Rows": 3420,
                  "Actual Loops": 5,
                  "Inner Unique": true,
                  "Hash Cond": "(ci.role_id = rt.id)",
                  "Plans": [
                    {
                      "Node Type": "Hash Join",
                      "Parent Relationship": "Outer",
                      "Parallel Aware": true,
                      "Join Type": "Inner",
                      "Startup Cost": 89092.5,
                      "Total Cost": 183716.75,
                      "Plan Rows": 22902,
                      "Plan Width": 37,
                      "Actual Startup Time": 735.994,
                      "Actual Total Time": 1381.162,
                      "Actual Rows": 3420,
                      "Actual Loops": 5,
                      "Inner Unique": true,
                      "Hash Cond": "(ci.person_role_id = chn.id)",
                      "Plans": [
                        {
                          "Node Type": "Nested Loop",
                          "Parent Relationship": "Outer",
                          "Parallel Aware": false,
                          "Join Type": "Inner",
                          "Startup Cost": 34947.71,
                          "Total Cost": 129511.85,
                          "Plan Rows": 22902,
                          "Plan Width": 25,
                          "Actual Startup Time": 182.322,
                          "Actual Total Time": 816.244,
                          "Actual Rows": 14560,
                          "Actual Loops": 5,
                          "Inner Unique": false,
                          "Join Filter": "(t.id = ci.movie_id)",
                          "Rows Removed by Join Filter": 0,
                          "Plans": [
                            {
                              "Node Type": "Hash Join",
                              "Parent Relationship": "Outer",
                              "Parallel Aware": false,
                              "Join Type": "Inner",
                              "Startup Cost": 34946.69,
                              "Total Cost": 79419.31,
                              "Plan Rows": 8997,
                              "Plan Width": 25,
                              "Actual Startup Time": 181.587,
                              "Actual Total Time": 315.289,
                              "Actual Rows": 6085,
                              "Actual Loops": 5,
                              "Inner Unique": true,
                              "Hash Cond": "(mc.company_type_id = ct.id)",
                              "Plans": [
                                {
                                  "Node Type": "Hash Join",
                                  "Parent Relationship": "Outer",
                                  "Parallel Aware": true,
                                  "Join Type": "Inner",
                                  "Startup Cost": 34945.6,
                                  "Total Cost": 79369.58,
                                  "Plan Rows": 8997,
                                  "Plan Width": 29,
                                  "Actual Startup Time": 181.477,
                                  "Actual Total Time": 312.84,
                                  "Actual Rows": 6085,
                                  "Actual Loops": 5,
                                  "Inner Unique": false,
                                  "Hash Cond": "(t.id = mc.movie_id)",
                                  "Plans": [
                                    {
                                      "Node Type": "Seq Scan",
                                      "Parent Relationship": "Outer",
                                      "Parallel Aware": true,
                                      "Relation Name": "title",
                                      "Alias": "t",
                                      "Startup Cost": 0.0,
                                      "Total Cost": 43898.62,
                                      "Plan Rows": 132358,
                                      "Plan Width": 21,
                                      "Actual Startup Time": 0.024,
                                      "Actual Total Time": 88.84,
                                      "Actual Rows": 106674,
                                      "Actual Loops": 5,
                                      "Filter": "(production_year > 2009)",
                                      "Rows Removed by Filter": 398989
                                    },
                                    {
                                      "Node Type": "Hash",
                                      "Parent Relationship": "Inner",
                                      "Parallel Aware": true,
                                      "Startup Cost": 34252.67,
                                      "Total Cost": 34252.67,
                                      "Plan Rows": 55435,
                                      "Plan Width": 8,
                                      "Actual Startup Time": 180.877,
                                      "Actual Total Time": 180.881,
                                      "Actual Rows": 40947,
                                      "Actual Loops": 5,
                                      "Hash Buckets": 262144,
                                      "Original Hash Buckets": 262144,
                                      "Hash Batches": 1,
                                      "Original Hash Batches": 1,
                                      "Peak Memory Usage": 10144,
                                      "Plans": [
                                        {
                                          "Node Type": "Hash Join",
                                          "Parent Relationship": "Outer",
                                          "Parallel Aware": true,
                                          "Join Type": "Inner",
                                          "Startup Cost": 4836.73,
                                          "Total Cost": 34252.67,
                                          "Plan Rows": 55435,
                                          "Plan Width": 8,
                                          "Actual Startup Time": 14.424,
                                          "Actual Total Time": 165.288,
                                          "Actual Rows": 40947,
                                          "Actual Loops": 5,
                                          "Inner Unique": true,
                                          "Hash Cond": "(mc.company_id = cn.id)",
                                          "Plans": [
                                            {
                                              "Node Type": "Seq Scan",
                                              "Parent Relationship": "Outer",
                                              "Parallel Aware": true,
                                              "Relation Name": "movie_companies",
                                              "Alias": "mc",
                                              "Startup Cost": 0.0,
                                              "Total Cost": 27206.55,
                                              "Plan Rows": 841655,
                                              "Plan Width": 12,
                                              "Actual Startup Time": 0.019,
                                              "Actual Total Time": 75.382,
                                              "Actual Rows": 521826,
                                              "Actual Loops": 5
                                            },
                                            {
                                              "Node Type": "Hash",
                                              "Parent Relationship": "Inner",
                                              "Parallel Aware": true,
                                              "Startup Cost": 4722.92,
                                              "Total Cost": 4722.92,
                                              "Plan Rows": 9105,
                                              "Plan Width": 4,
                                              "Actual Startup Time": 14.158,
                                              "Actual Total Time": 14.159,
                                              "Actual Rows": 3209,
                                              "Actual Loops": 5,
                                              "Hash Buckets": 16384,
                                              "Original Hash Buckets": 16384,
                                              "Hash Batches": 1,
                                              "Original Hash Batches": 1,
                                              "Peak Memory Usage": 832,
                                              "Plans": [
                                                {
                                                  "Node Type": "Seq Scan",
                                                  "Parent Relationship": "Outer",
                                                  "Parallel Aware": true,
                                                  "Relation Name": "company_name",
                                                  "Alias": "cn",
                                                  "Startup Cost": 0.0,
                                                  "Total Cost": 4722.92,
                                                  "Plan Rows": 9105,
                                                  "Plan Width": 4,
                                                  "Actual Startup Time": 0.046,
                                                  "Actual Total Time": 12.737,
                                                  "Actual Rows": 3209,
                                                  "Actual Loops": 5,
                                                  "Filter": "((country_code)::text = '[gb]'::text)",
                                                  "Rows Removed by Filter": 43790
                                                }
                                              ]
                                            }
                                          ]
                                        }
                                      ]
                                    }
                                  ]
                                },
                                {
                                  "Node Type": "Hash",
                                  "Parent Relationship": "Inner",
                                  "Parallel Aware": false,
                                  "Startup Cost": 1.04,
                                  "Total Cost": 1.04,
                                  "Plan Rows": 4,
                                  "Plan Width": 4,
                                  "Actual Startup Time": 0.052,
                                  "Actual Total Time": 0.053,
                                  "Actual Rows": 4,
                                  "Actual Loops": 5,
                                  "Hash Buckets": 1024,
                                  "Original Hash Buckets": 1024,
                                  "Hash Batches": 1,
                                  "Original Hash Batches": 1,
                                  "Peak Memory Usage": 9,
                                  "Plans": [
                                    {
                                      "Node Type": "Seq Scan",
                                      "Parent Relationship": "Outer",
                                      "Parallel Aware": false,
                                      "Relation Name": "company_type",
                                      "Alias": "ct",
                                      "Startup Cost": 0.0,
                                      "Total Cost": 1.04,
                                      "Plan Rows": 4,
                                      "Plan Width": 4,
                                      "Actual Startup Time": 0.035,
                                      "Actual Total Time": 0.036,
                                      "Actual Rows": 4,
                                      "Actual Loops": 5
                                    }
                                  ]
                                }
                              ]
                            },
                            {
                              "Node Type": "Bitmap Heap Scan",
                              "Parent Relationship": "Inner",
                              "Parallel Aware": false,
                              "Relation Name": "cast_info",
                              "Alias": "ci",
                              "Startup Cost": 1.02,
                              "Total Cost": 5.53,
                              "Plan Rows": 3,
                              "Plan Width": 12,
                              "Actual Startup Time": 0.044,
                              "Actual Total Time": 0.079,
                              "Actual Rows": 2,
                              "Actual Loops": 30423,
                              "Recheck Cond": "(movie_id = mc.movie_id)",
                              "Rows Removed by Index Recheck": 0,
                              "Filter": "(note ~~ '%(as%'::text)",
                              "Rows Removed by Filter": 27,
                              "Exact Heap Blocks": 134391,
                              "Lossy Heap Blocks": 0,
                              "Plans": [
                                {
                                  "Node Type": "Bitmap Index Scan",
                                  "Parent Relationship": "Outer",
                                  "Parallel Aware": false,
                                  "Index Name": "movie_id_cast_info",
                                  "Startup Cost": 0.0,
                                  "Total Cost": 1.02,
                                  "Plan Rows": 34,
                                  "Plan Width": 0,
                                  "Actual Startup Time": 0.01,
                                  "Actual Total Time": 0.01,
                                  "Actual Rows": 29,
                                  "Actual Loops": 30423,
                                  "Index Cond": "(movie_id = mc.movie_id)"
                                }
                              ]
                            }
                          ]
                        },
                        {
                          "Node Type": "Hash",
                          "Parent Relationship": "Inner",
                          "Parallel Aware": true,
                          "Startup Cost": 44325.46,
                          "Total Cost": 44325.46,
                          "Plan Rows": 785546,
                          "Plan Width": 20,
                          "Actual Startup Time": 544.857,
                          "Actual Total Time": 544.86,
                          "Actual Rows": 628068,
                          "Actual Loops": 5,
                          "Hash Buckets": 4194304,
                          "Original Hash Buckets": 4194304,
                          "Hash Batches": 1,
                          "Original Hash Batches": 1,
                          "Peak Memory Usage": 205120,
                          "Plans": [
                            {
                              "Node Type": "Seq Scan",
                              "Parent Relationship": "Outer",
                              "Parallel Aware": true,
                              "Relation Name": "char_name",
                              "Alias": "chn",
                              "Startup Cost": 0.0,
                              "Total Cost": 44325.46,
                              "Plan Rows": 785546,
                              "Plan Width": 20,
                              "Actual Startup Time": 0.084,
                              "Actual Total Time": 158.498,
                              "Actual Rows": 628068,
                              "Actual Loops": 5
                            }
                          ]
                        }
                      ]
                    },
                    {
                      "Node Type": "Hash",
                      "Parent Relationship": "Inner",
                      "Parallel Aware": false,
                      "Startup Cost": 1.12,
                      "Total Cost": 1.12,
                      "Plan Rows": 12,
                      "Plan Width": 4,
                      "Actual Startup Time": 0.084,
                      "Actual Total Time": 0.085,
                      "Actual Rows": 12,
                      "Actual Loops": 5,
                      "Hash Buckets": 1024,
                      "Original Hash Buckets": 1024,
                      "Hash Batches": 1,
                      "Original Hash Batches": 1,
                      "Peak Memory Usage": 9,
                      "Plans": [
                        {
                          "Node Type": "Seq Scan",
                          "Parent Relationship": "Outer",
                          "Parallel Aware": false,
                          "Relation Name": "role_type",
                          "Alias": "rt",
                          "Startup Cost": 0.0,
                          "Total Cost": 1.12,
                          "Plan Rows": 12,
                          "Plan Width": 4,
                          "Actual Startup Time": 0.05,
                          "Actual Total Time": 0.055,
                          "Actual Rows": 12,
                          "Actual Loops": 5
                        }
                      ]
                    }
                  ]
                }
              ]
            }
          ]
        }
      ]
    },
    "Planning Time": 11.547,
    "Triggers": [],
    "Execution Time": 1521.55
  }
]