[
  {
    "Plan": {
      "Node Type": "Aggregate",
      "Strategy": "Plain",
      "Partial Mode": "Finalize",
      "Parallel Aware": false,
      "Startup Cost": 14715.6,
      "Total Cost": 14715.61,
      "Plan Rows": 1,
      "Plan Width": 8,
      "Actual Startup Time": 11.675,
      "Actual Total Time": 13.378,
      "Actual Rows": 1,
      "Actual Loops": 1,
      "Plans": [
        {
          "Node Type": "Gather",
          "Parent Relationship": "Outer",
          "Parallel Aware": false,
          "Startup Cost": 14715.49,
          "Total Cost": 14715.6,
          "Plan Rows": 1,
          "Plan Width": 8,
          "Actual Startup Time": 8.408,
          "Actual Total Time": 13.362,
          "Actual Rows": 2,
          "Actual Loops": 1,
          "Workers Planned": 1,
          "Workers Launched": 1,
          "Single Copy": false,
          "Plans": [
            {
              "Node Type": "Aggregate",
              "Strategy": "Plain",
              "Partial Mode": "Partial",
              "Parent Relationship": "Outer",
              "Parallel Aware": false,
              "Startup Cost": 13715.49,
              "Total Cost": 13715.5,
              "Plan Rows": 1,
              "Plan Width": 8,
              "Actual Startup Time": 3.972,
              "Actual Total Time": 3.975,
              "Actual Rows": 1,
              "Actual Loops": 2,
              "Plans": [
                {
                  "Node Type": "Nested Loop",
                  "Parent Relationship": "Outer",
                  "Parallel Aware": false,
                  "Join Type": "Inner",
                  "Startup Cost": 61.41,
                  "Total Cost": 13713.54,
                  "Plan Rows": 781,
                  "Plan Width": 0,
                  "Actual Startup Time": 1.04,
                  "Actual Total Time": 3.913,
                  "Actual Rows": 264,
                  "Actual Loops": 2,
                  "Inner Unique": true,
                  "Plans": [
                    {
                      "Node Type": "Bitmap Heap Scan",
                      "Parent Relationship": "Outer",
                      "Parallel Aware": true,
                      "Relation Name": "movie_companies",
                      "Alias": "mc",
                      "Startup Cost": 60.98,
                      "Total Cost": 7386.77,
                      "Plan Rows": 781,
                      "Plan Width": 4,
                      "Actual Startup Time": 1.022,
                      "Actual Total Time": 1.893,
                      "Actual Rows": 264,
                      "Actual Loops": 2,
                      "Recheck Cond": "(company_id = 2042)",
                      "Rows Removed by Index Recheck": 0,
                      "Filter": "(company_type_id = 1)",
                      "Rows Removed by Filter": 874,
                      "Exact Heap Blocks": 245,
                      "Lossy Heap Blocks": 0,
                      "Plans": [
                        {
                          "Node Type": "Bitmap Index Scan",
                          "Parent Relationship": "Outer",
                          "Parallel Aware": false,
                          "Index Name": "company_id_movie_companies",
                          "Startup Cost": 0.0,
                          "Total Cost": 60.65,
                          "Plan Rows": 2696,
                          "Plan Width": 0,
                          "Actual Startup Time": 1.831,
                          "Actual Total Time": 1.832,
                          "Actual Rows": 2274,
                          "Actual Loops": 1,
                          "Index Cond": "(company_id = 2042)"
                        }
                      ]
                    },
                    {
                      "Node Type": "Index Only Scan",
                      "Parent Relationship": "Inner",
                      "Parallel Aware": false,
                      "Scan Direction": "Forward",
                      "Index Name": "title_pkey",
                      "Relation Name": "title",
                      "Alias": "t",
                      "Startup Cost": 0.43,
                      "Total Cost": 8.1,
                      "Plan Rows": 1,
                      "Plan Width": 4,
                      "Actual Startup Time": 0.007,
                      "Actual Total Time": 0.007,
                      "Actual Rows": 1,
                      "Actual Loops": 527,
                      "Index Cond": "(id = mc.movie_id)",
                      "Rows Removed by Index Recheck": 0,
                      "Heap Fetches": 527
                    }
                  ]
                }
              ]
            }
          ]
        }
      ]
    },
    "Planning Time": 0.612,
    "Triggers": [],
    "Execution Time": 13.472
  }
]