[
  {
    "Plan": {
      "Node Type": "Aggregate",
      "Strategy": "Plain",
      "Partial Mode": "Finalize",
      "Parallel Aware": false,
      "Startup Cost": 61280.52,
      "Total Cost": 61280.53,
      "Plan Rows": 1,
      "Plan Width": 8,
      "Actual Startup Time": 70.942,
      "Actual Total Time": 76.499,
      "Actual Rows": 1,
      "Actual Loops": 1,
      "Plans": [
        {
          "Node Type": "Gather",
          "Parent Relationship": "Outer",
          "Parallel Aware": false,
          "Startup Cost": 61280.2,
          "Total Cost": 61280.51,
          "Plan Rows": 3,
          "Plan Width": 8,
          "Actual Startup Time": 70.479,
          "Actual Total Time": 76.491,
          "Actual Rows": 4,
          "Actual Loops": 1,
          "Workers Planned": 3,
          "Workers Launched": 3,
          "Single Copy": false,
          "Plans": [
            {
              "Node Type": "Aggregate",
              "Strategy": "Plain",
              "Partial Mode": "Partial",
              "Parent Relationship": "Outer",
              "Parallel Aware": false,
              "Startup Cost": 60280.2,
              "Total Cost": 60280.21,
              "Plan Rows": 1,
              "Plan Width": 8,
              "Actual Startup Time": 61.683,
              "Actual Total Time": 61.684,
              "Actual Rows": 1,
              "Actual Loops": 4,
              "Plans": [
                {
                  "Node Type": "Nested Loop",
                  "Parent Relationship": "Outer",
                  "Parallel Aware": false,
                  "Join Type": "Inner",
                  "Startup Cost": 1109.09,
                  "Total Cost": 60259.15,
                  "Plan Rows": 8423,
                  "Plan Width": 0,
                  "Actual Startup Time": 5.104,
                  "Actual Total Time": 60.614,
                  "Actual Rows": 12200,
                  "Actual Loops": 4,
                  "Inner Unique": true,
                  "Plans": [
                    {
                      "Node Type": "Bitmap Heap Scan",
                      "Parent Relationship": "Outer",
                      "Parallel Aware": true,
                      "Relation Name": "movie_companies",
                      "Alias": "mc",
                      "Startup Cost": 1108.66,
                      "Total Cost": 20147.5,
                      "Plan Rows": 8423,
                      "Plan Width": 4,
                      "Actual Startup Time": 4.925,
                      "Actual Total Time": 10.873,
                      "Actual Rows": 12200,
                      "Actual Loops": 4,
                      "Recheck Cond": "(company_id > 192384)",
                      "Rows Removed by Index Recheck": 0,
                      "Filter": "(company_type_id = 2)",
                      "Rows Removed by Filter": 0,
                      "Exact Heap Blocks": 707,
                      "Lossy Heap Blocks": 0,
                      "Plans": [
                        {
                          "Node Type": "Bitmap Index Scan",
                          "Parent Relationship": "Outer",
                          "Parallel Aware": false,
                          "Index Name": "company_id_movie_companies",
                          "Startup Cost": 0.0,
                          "Total Cost": 1102.13,
                          "Plan Rows": 51427,
                          "Plan Width": 0,
                          "Actual Startup Time": 11.977,
                          "Actual Total Time": 11.978,
                          "Actual Rows": 48801,
                          "Actual Loops": 1,
                          "Index Cond": "(company_id > 192384)"
                        }
                      ]
                    },
                    {
                      "Node Type": "Index Only Scan",
                      "Parent Relationship": "Inner",
                      "Parallel Aware": false,
                      "Scan Direction": "Forward",
                      "Index Name": "title_pkey",
                      "Relation Name": "title",
                      "Alias": "t",
                      "Startup Cost": 0.43,
                      "Total Cost": 4.76,
                      "Plan Rows": 1,
                      "Plan Width": 4,
                      "Actual Startup Time": 0.004,
                      "Actual Total Time": 0.004,
                      "Actual Rows": 1,
                      "Actual Loops": 48801,
                      "Index Cond": "(id = mc.movie_id)",
                      "Rows Removed by Index Recheck": 0,
                      "Heap Fetches": 48801
                    }
                  ]
                }
              ]
            }
          ]
        }
      ]
    },
    "Planning Time": 0.679,
    "Triggers": [],
    "Execution Time": 76.583
  }
]