{
  "Plan": {
    "Node Type": "Aggregate",
    "Strategy": "Plain",
    "Partial Mode": "Finalize",
    "Parallel Aware": false,
    "Startup Cost": 481564.1,
    "Total Cost": 481564.11,
    "Plan Rows": 1,
    "Plan Width": 8,
    "Actual Startup Time": 1055.109,
    "Actual Total Time": 1109.467,
    "Actual Rows": 1,
    "Actual Loops": 1,
    "Plans": [
      {
        "Node Type": "Gather",
        "Parent Relationship": "Outer",
        "Parallel Aware": false,
        "Startup Cost": 481563.99,
        "Total Cost": 481564.1,
        "Plan Rows": 1,
        "Plan Width": 8,
        "Actual Startup Time": 1055.097,
        "Actual Total Time": 1109.459,
        "Actual Rows": 2,
        "Actual Loops": 1,
        "Workers Planned": 1,
        "Workers Launched": 1,
        "Single Copy": false,
        "Plans": [
          {
            "Node Type": "Aggregate",
            "Strategy": "Plain",
            "Partial Mode": "Partial",
            "Parent Relationship": "Outer",
            "Parallel Aware": false,
            "Startup Cost": 480563.99,
            "Total Cost": 480564.0,
            "Plan Rows": 1,
            "Plan Width": 8,
            "Actual Startup Time": 1049.561,
            "Actual Total Time": 1049.565,
            "Actual Rows": 1,
            "Actual Loops": 2,
            "Plans": [
              {
                "Node Type": "Nested Loop",
                "Parent Relationship": "Outer",
                "Parallel Aware": false,
                "Join Type": "Inner",
                "Startup Cost": 88193.75,
                "Total Cost": 480435.24,
                "Plan Rows": 51499,
                "Plan Width": 0,
                "Actual Startup Time": 240.632,
                "Actual Total Time": 1046.081,
                "Actual Rows": 47937,
                "Actual Loops": 2,
                "Inner Unique": false,
                "Join Filter": "(t.id = mi.movie_id)",
                "Rows Removed by Join Filter": 0,
                "Plans": [
                  {
                    "Node Type": "Hash Join",
                    "Parent Relationship": "Outer",
                    "Parallel Aware": true,
                    "Join Type": "Inner",
                    "Startup Cost": 88193.31,
                    "Total Cost": 352289.45,
                    "Plan Rows": 63302,
                    "Plan Width": 8,
                    "Actual Startup Time": 240.492,
                    "Actual Total Time": 477.398,
                    "Actual Rows": 23595,
                    "Actual Loops": 2,
                    "Inner Unique": true,
                    "Hash Cond": "(ci.movie_id = t.id)",
                    "Plans": [
                      {
                        "Node Type": "Bitmap Heap Scan",
                        "Parent Relationship": "Outer",
                        "Parallel Aware": true,
                        "Relation Name": "cast_info",
                        "Alias": "ci",
                        "Startup Cost": 28326.77,
                        "Total Cost": 290442.81,
                        "Plan Rows": 754323,
                        "Plan Width": 4,
                        "Actual Startup Time": 48.452,
                        "Actual Total Time": 122.575,
                        "Actual Rows": 631818,
                        "Actual Loops": 2,
                        "Recheck Cond": "(person_id > 3817112)",
                        "Rows Removed by Index Recheck": 0,
                        "Exact Heap Blocks": 9834,
                        "Lossy Heap Blocks": 0,
                        "Plans": [
                          {
                            "Node Type": "Bitmap Index Scan",
                            "Parent Relationship": "Outer",
                            "Parallel Aware": false,
                            "Index Name": "person_id_cast_info",
                            "Startup Cost": 0.0,
                            "Total Cost": 28006.18,
                            "Plan Rows": 1282349,
                            "Plan Width": 0,
                            "Actual Startup Time": 45.666,
                            "Actual Total Time": 45.667,
                            "Actual Rows": 1263636,
                            "Actual Loops": 1,
                            "Index Cond": "(person_id > 3817112)"
                          }
                        ]
                      },
                      {
                        "Node Type": "Hash",
                        "Parent Relationship": "Inner",
                        "Parallel Aware": true,
                        "Startup Cost": 58306.47,
                        "Total Cost": 58306.47,
                        "Plan Rows": 124806,
                        "Plan Width": 4,
                        "Actual Startup Time": 188.828,
                        "Actual Total Time": 188.829,
                        "Actual Rows": 163727,
                        "Actual Loops": 2,
                        "Hash Buckets": 524288,
                        "Original Hash Buckets": 262144,
                        "Hash Batches": 1,
                        "Original Hash Batches": 1,
                        "Peak Memory Usage": 18976,
                        "Plans": [
                          {
                            "Node Type": "Seq Scan",
                            "Parent Relationship": "Outer",
                            "Parallel Aware": true,
                            "Relation Name": "title",
                            "Alias": "t",
                            "Startup Cost": 0.0,
                            "Total Cost": 58306.47,
                            "Plan Rows": 124806,
                            "Plan Width": 4,
                            "Actual Startup Time": 0.077,
                            "Actual Total Time": 148.721,
                            "Actual Rows": 163727,
                            "Actual Loops": 2,
                            "Filter": "((kind_id < 7) AND (production_year < 1983))",
                            "Rows Removed by Filter": 1100429
                          }
                        ]
                      }
                    ]
                  },
                  {
                    "Node Type": "Index Scan",
                    "Parent Relationship": "Inner",
                    "Parallel Aware": false,
                    "Scan Direction": "Forward",
                    "Index Name": "movie_id_movie_info",
                    "Relation Name": "movie_info",
                    "Alias": "mi",
                    "Startup Cost": 0.43,
                    "Total Cost": 1.95,
                    "Plan Rows": 6,
                    "Plan Width": 4,
                    "Actual Startup Time": 0.01,
                    "Actual Total Time": 0.024,
                    "Actual Rows": 2,
                    "Actual Loops": 47190,
                    "Index Cond": "(movie_id = ci.movie_id)",
                    "Rows Removed by Index Recheck": 0,
                    "Filter": "(info_type_id < 3)",
                    "Rows Removed by Filter": 28
                  }
                ]
              }
            ]
          }
        ]
      }
    ]
  },
  "Planning Time": 0.974,
  "Triggers": [],
  "Execution Time": 1109.589
}