{
  "Plan": {
    "Node Type": "Aggregate",
    "Strategy": "Plain",
    "Partial Mode": "Finalize",
    "Parallel Aware": false,
    "Startup Cost": 97279.69,
    "Total Cost": 97279.7,
    "Plan Rows": 1,
    "Plan Width": 8,
    "Actual Startup Time": 69.739,
    "Actual Total Time": 76.821,
    "Actual Rows": 1,
    "Actual Loops": 1,
    "Plans": [
      {
        "Node Type": "Gather",
        "Parent Relationship": "Outer",
        "Parallel Aware": false,
        "Startup Cost": 97279.58,
        "Total Cost": 97279.69,
        "Plan Rows": 1,
        "Plan Width": 8,
        "Actual Startup Time": 69.628,
        "Actual Total Time": 76.814,
        "Actual Rows": 2,
        "Actual Loops": 1,
        "Workers Planned": 1,
        "Workers Launched": 1,
        "Single Copy": false,
        "Plans": [
          {
            "Node Type": "Aggregate",
            "Strategy": "Plain",
            "Partial Mode": "Partial",
            "Parent Relationship": "Outer",
            "Parallel Aware": false,
            "Startup Cost": 96279.58,
            "Total Cost": 96279.59,
            "Plan Rows": 1,
            "Plan Width": 8,
            "Actual Startup Time": 63.36,
            "Actual Total Time": 63.362,
            "Actual Rows": 1,
            "Actual Loops": 2,
            "Plans": [
              {
                "Node Type": "Nested Loop",
                "Parent Relationship": "Outer",
                "Parallel Aware": false,
                "Join Type": "Inner",
                "Startup Cost": 271.44,
                "Total Cost": 96257.84,
                "Plan Rows": 8696,
                "Plan Width": 0,
                "Actual Startup Time": 3.653,
                "Actual Total Time": 62.582,
                "Actual Rows": 8302,
                "Actual Loops": 2,
                "Inner Unique": true,
                "Plans": [
                  {
                    "Node Type": "Bitmap Heap Scan",
                    "Parent Relationship": "Outer",
                    "Parallel Aware": true,
                    "Relation Name": "movie_info",
                    "Alias": "mi",
                    "Startup Cost": 271.01,
                    "Total Cost": 44404.27,
                    "Plan Rows": 8696,
                    "Plan Width": 4,
                    "Actual Startup Time": 3.512,
                    "Actual Total Time": 11.166,
                    "Actual Rows": 8302,
                    "Actual Loops": 2,
                    "Recheck Cond": "(info_type_id = 102)",
                    "Rows Removed by Index Recheck": 0,
                    "Exact Heap Blocks": 2931,
                    "Lossy Heap Blocks": 0,
                    "Plans": [
                      {
                        "Node Type": "Bitmap Index Scan",
                        "Parent Relationship": "Outer",
                        "Parallel Aware": false,
                        "Index Name": "info_type_id_movie_info",
                        "Startup Cost": 0.0,
                        "Total Cost": 267.31,
                        "Plan Rows": 14784,
                        "Plan Width": 0,
                        "Actual Startup Time": 4.69,
                        "Actual Total Time": 4.69,
                        "Actual Rows": 16603,
                        "Actual Loops": 1,
                        "Index Cond": "(info_type_id = 102)"
                      }
                    ]
                  },
                  {
                    "Node Type": "Index Only Scan",
                    "Parent Relationship": "Inner",
                    "Parallel Aware": false,
                    "Scan Direction": "Forward",
                    "Index Name": "title_pkey",
                    "Relation Name": "title",
                    "Alias": "t",
                    "Startup Cost": 0.43,
                    "Total Cost": 5.96,
                    "Plan Rows": 1,
                    "Plan Width": 4,
                    "Actual Startup Time": 0.006,
                    "Actual Total Time": 0.006,
                    "Actual Rows": 1,
                    "Actual Loops": 16603,
                    "Index Cond": "(id = mi.movie_id)",
                    "Rows Removed by Index Recheck": 0,
                    "Heap Fetches": 16603
                  }
                ]
              }
            ]
          }
        ]
      }
    ]
  },
  "Planning Time": 0.694,
  "Triggers": [],
  "Execution Time": 76.908
}