[
  {
    "Plan": {
      "Node Type": "Aggregate",
      "Strategy": "Plain",
      "Partial Mode": "Finalize",
      "Parallel Aware": false,
      "Startup Cost": 47018.9,
      "Total Cost": 47018.91,
      "Plan Rows": 1,
      "Plan Width": 8,
      "Actual Startup Time": 168.089,
      "Actual Total Time": 176.71,
      "Actual Rows": 1,
      "Actual Loops": 1,
      "Plans": [
        {
          "Node Type": "Gather",
          "Parent Relationship": "Outer",
          "Parallel Aware": false,
          "Startup Cost": 47018.58,
          "Total Cost": 47018.89,
          "Plan Rows": 3,
          "Plan Width": 8,
          "Actual Startup Time": 167.944,
          "Actual Total Time": 176.702,
          "Actual Rows": 4,
          "Actual Loops": 1,
          "Workers Planned": 3,
          "Workers Launched": 3,
          "Single Copy": false,
          "Plans": [
            {
              "Node Type": "Aggregate",
              "Strategy": "Plain",
              "Partial Mode": "Partial",
              "Parent Relationship": "Outer",
              "Parallel Aware": false,
              "Startup Cost": 46018.58,
              "Total Cost": 46018.59,
              "Plan Rows": 1,
              "Plan Width": 8,
              "Actual Startup Time": 162.918,
              "Actual Total Time": 162.92,
              "Actual Rows": 1,
              "Actual Loops": 4,
              "Plans": [
                {
                  "Node Type": "Seq Scan",
                  "Parent Relationship": "Outer",
                  "Parallel Aware": true,
                  "Relation Name": "movie_keyword",
                  "Alias": "mk",
                  "Startup Cost": 0.0,
                  "Total Cost": 42695.65,
                  "Plan Rows": 1329170,
                  "Plan Width": 0,
                  "Actual Startup Time": 0.037,
                  "Actual Total Time": 118.482,
                  "Actual Rows": 1030248,
                  "Actual Loops": 4,
                  "Filter": "(keyword_id < 43084)",
                  "Rows Removed by Filter": 100734
                }
              ]
            }
          ]
        }
      ]
    },
    "Planning Time": 0.08,
    "Triggers": [],
    "Execution Time": 176.735
  }
]