[
  {
    "Plan": {
      "Node Type": "Aggregate",
      "Strategy": "Plain",
      "Partial Mode": "Finalize",
      "Parallel Aware": false,
      "Startup Cost": 89913.61,
      "Total Cost": 89913.62,
      "Plan Rows": 1,
      "Plan Width": 8,
      "Actual Startup Time": 218.546,
      "Actual Total Time": 240.324,
      "Actual Rows": 1,
      "Actual Loops": 1,
      "Plans": [
        {
          "Node Type": "Gather",
          "Parent Relationship": "Outer",
          "Parallel Aware": false,
          "Startup Cost": 89913.19,
          "Total Cost": 89913.6,
          "Plan Rows": 4,
          "Plan Width": 8,
          "Actual Startup Time": 218.152,
          "Actual Total Time": 240.313,
          "Actual Rows": 5,
          "Actual Loops": 1,
          "Workers Planned": 4,
          "Workers Launched": 4,
          "Single Copy": false,
          "Plans": [
            {
              "Node Type": "Aggregate",
              "Strategy": "Plain",
              "Partial Mode": "Partial",
              "Parent Relationship": "Outer",
              "Parallel Aware": false,
              "Startup Cost": 88913.19,
              "Total Cost": 88913.2,
              "Plan Rows": 1,
              "Plan Width": 8,
              "Actual Startup Time": 207.494,
              "Actual Total Time": 207.498,
              "Actual Rows": 1,
              "Actual Loops": 5,
              "Plans": [
                {
                  "Node Type": "Nested Loop",
                  "Parent Relationship": "Outer",
                  "Parallel Aware": false,
                  "Join Type": "Inner",
                  "Startup Cost": 20730.54,
                  "Total Cost": 88877.72,
                  "Plan Rows": 14191,
                  "Plan Width": 0,
                  "Actual Startup Time": 137.355,
                  "Actual Total Time": 207.226,
                  "Actual Rows": 2659,
                  "Actual Loops": 5,
                  "Inner Unique": false,
                  "Plans": [
                    {
                      "Node Type": "Hash Join",
                      "Parent Relationship": "Outer",
                      "Parallel Aware": true,
                      "Join Type": "Inner",
                      "Startup Cost": 20730.11,
                      "Total Cost": 66999.13,
                      "Plan Rows": 12030,
                      "Plan Width": 8,
                      "Actual Startup Time": 137.251,
                      "Actual Total Time": 159.273,
                      "Actual Rows": 1963,
                      "Actual Loops": 5,
                      "Inner Unique": false,
                      "Hash Cond": "(t.id = mc.movie_id)",
                      "Plans": [
                        {
                          "Node Type": "Seq Scan",
                          "Parent Relationship": "Outer",
                          "Parallel Aware": true,
                          "Relation Name": "title",
                          "Alias": "t",
                          "Startup Cost": 0.0,
                          "Total Cost": 43898.92,
                          "Plan Rows": 466259,
                          "Plan Width": 4,
                          "Actual Startup Time": 0.02,
                          "Actual Total Time": 82.016,
                          "Actual Rows": 373097,
                          "Actual Loops": 5,
                          "Filter": "(kind_id > 1)",
                          "Rows Removed by Filter": 132565
                        },
                        {
                          "Node Type": "Hash",
                          "Parent Relationship": "Inner",
                          "Parallel Aware": true,
                          "Startup Cost": 20467.06,
                          "Total Cost": 20467.06,
                          "Plan Rows": 21044,
                          "Plan Width": 4,
                          "Actual Startup Time": 22.996,
                          "Actual Total Time": 22.998,
                          "Actual Rows": 12491,
                          "Actual Loops": 5,
                          "Hash Buckets": 65536,
                          "Original Hash Buckets": 65536,
                          "Hash Batches": 1,
                          "Original Hash Batches": 1,
                          "Peak Memory Usage": 3008,
                          "Plans": [
                            {
                              "Node Type": "Bitmap Heap Scan",
                              "Parent Relationship": "Outer",
                              "Parallel Aware": true,
                              "Relation Name": "movie_companies",
                              "Alias": "mc",
                              "Startup Cost": 1414.01,
                              "Total Cost": 20467.06,
                              "Plan Rows": 21044,
                              "Plan Width": 4,
                              "Actual Startup Time": 2.106,
                              "Actual Total Time": 15.47,
                              "Actual Rows": 12491,
                              "Actual Loops": 5,
                              "Recheck Cond": "(company_id > 182022)",
                              "Rows Removed by Index Recheck": 0,
                              "Exact Heap Blocks": 787,
                              "Lossy Heap Blocks": 0,
                              "Plans": [
                                {
                                  "Node Type": "Bitmap Index Scan",
                                  "Parent Relationship": "Outer",
                                  "Parallel Aware": false,
                                  "Index Name": "company_id_movie_companies",
                                  "Startup Cost": 0.0,
                                  "Total Cost": 1397.7,
                                  "Plan Rows": 65236,
                                  "Plan Width": 0,
                                  "Actual Startup Time": 7.369,
                                  "Actual Total Time": 7.369,
                                  "Actual Rows": 62456,
                                  "Actual Loops": 1,
                                  "Index Cond": "(company_id > 182022)"
                                }
                              ]
                            }
                          ]
                        }
                      ]
                    },
                    {
                      "Node Type": "Index Scan",
                      "Parent Relationship": "Inner",
                      "Parallel Aware": false,
                      "Scan Direction": "Forward",
                      "Index Name": "movie_id_movie_info",
                      "Relation Name": "movie_info",
                      "Alias": "mi",
                      "Startup Cost": 0.43,
                      "Total Cost": 1.74,
                      "Plan Rows": 8,
                      "Plan Width": 4,
                      "Actual Startup Time": 0.015,
                      "Actual Total Time": 0.024,
                      "Actual Rows": 1,
                      "Actual Loops": 9814,
                      "Index Cond": "(movie_id = t.id)",
                      "Rows Removed by Index Recheck": 0,
                      "Filter": "(info_type_id = 16)",
                      "Rows Removed by Filter": 9
                    }
                  ]
                }
              ]
            }
          ]
        }
      ]
    },
    "Planning Time": 1.465,
    "Triggers": [],
    "Execution Time": 240.451
  }
]