[
  {
    "Plan": {
      "Node Type": "Aggregate",
      "Strategy": "Plain",
      "Partial Mode": "Finalize",
      "Parallel Aware": false,
      "Startup Cost": 30105.04,
      "Total Cost": 30105.05,
      "Plan Rows": 1,
      "Plan Width": 8,
      "Actual Startup Time": 62.635,
      "Actual Total Time": 67.4,
      "Actual Rows": 1,
      "Actual Loops": 1,
      "Plans": [
        {
          "Node Type": "Gather",
          "Parent Relationship": "Outer",
          "Parallel Aware": false,
          "Startup Cost": 30104.72,
          "Total Cost": 30105.03,
          "Plan Rows": 3,
          "Plan Width": 8,
          "Actual Startup Time": 62.415,
          "Actual Total Time": 67.393,
          "Actual Rows": 4,
          "Actual Loops": 1,
          "Workers Planned": 3,
          "Workers Launched": 3,
          "Single Copy": false,
          "Plans": [
            {
              "Node Type": "Aggregate",
              "Strategy": "Plain",
              "Partial Mode": "Partial",
              "Parent Relationship": "Outer",
              "Parallel Aware": false,
              "Startup Cost": 29104.72,
              "Total Cost": 29104.73,
              "Plan Rows": 1,
              "Plan Width": 8,
              "Actual Startup Time": 59.239,
              "Actual Total Time": 59.24,
              "Actual Rows": 1,
              "Actual Loops": 4,
              "Plans": [
                {
                  "Node Type": "Bitmap Heap Scan",
                  "Parent Relationship": "Outer",
                  "Parallel Aware": true,
                  "Relation Name": "movie_keyword",
                  "Alias": "mk",
                  "Startup Cost": 3787.32,
                  "Total Cost": 28960.82,
                  "Plan Rows": 57560,
                  "Plan Width": 0,
                  "Actual Startup Time": 13.741,
                  "Actual Total Time": 56.436,
                  "Actual Rows": 45343,
                  "Actual Loops": 4,
                  "Recheck Cond": "(keyword_id > 71605)",
                  "Rows Removed by Index Recheck": 0,
                  "Exact Heap Blocks": 7465,
                  "Lossy Heap Blocks": 0,
                  "Plans": [
                    {
                      "Node Type": "Bitmap Index Scan",
                      "Parent Relationship": "Outer",
                      "Parallel Aware": false,
                      "Index Name": "keyword_id_movie_keyword",
                      "Startup Cost": 0.0,
                      "Total Cost": 3742.71,
                      "Plan Rows": 178437,
                      "Plan Width": 0,
                      "Actual Startup Time": 13.201,
                      "Actual Total Time": 13.202,
                      "Actual Rows": 181372,
                      "Actual Loops": 1,
                      "Index Cond": "(keyword_id > 71605)"
                    }
                  ]
                }
              ]
            }
          ]
        }
      ]
    },
    "Planning Time": 0.081,
    "Triggers": [],
    "Execution Time": 67.438
  }
]