{
  "Plan": {
    "Node Type": "Aggregate",
    "Strategy": "Plain",
    "Partial Mode": "Finalize",
    "Parallel Aware": false,
    "Startup Cost": 100749.99,
    "Total Cost": 100750.0,
    "Plan Rows": 1,
    "Plan Width": 8,
    "Actual Startup Time": 633.336,
    "Actual Total Time": 651.706,
    "Actual Rows": 1,
    "Actual Loops": 1,
    "Plans": [
      {
        "Node Type": "Gather",
        "Parent Relationship": "Outer",
        "Parallel Aware": false,
        "Startup Cost": 100749.88,
        "Total Cost": 100749.99,
        "Plan Rows": 1,
        "Plan Width": 8,
        "Actual Startup Time": 629.277,
        "Actual Total Time": 651.699,
        "Actual Rows": 2,
        "Actual Loops": 1,
        "Workers Planned": 1,
        "Workers Launched": 1,
        "Single Copy": false,
        "Plans": [
          {
            "Node Type": "Aggregate",
            "Strategy": "Plain",
            "Partial Mode": "Partial",
            "Parent Relationship": "Outer",
            "Parallel Aware": false,
            "Startup Cost": 99749.88,
            "Total Cost": 99749.89,
            "Plan Rows": 1,
            "Plan Width": 8,
            "Actual Startup Time": 616.937,
            "Actual Total Time": 616.94,
            "Actual Rows": 1,
            "Actual Loops": 2,
            "Plans": [
              {
                "Node Type": "Hash Join",
                "Parent Relationship": "Outer",
                "Parallel Aware": true,
                "Join Type": "Inner",
                "Startup Cost": 73380.74,
                "Total Cost": 99478.23,
                "Plan Rows": 108661,
                "Plan Width": 0,
                "Actual Startup Time": 545.061,
                "Actual Total Time": 612.82,
                "Actual Rows": 92478,
                "Actual Loops": 2,
                "Inner Unique": true,
                "Hash Cond": "(mk.movie_id = t.id)",
                "Plans": [
                  {
                    "Node Type": "Bitmap Heap Scan",
                    "Parent Relationship": "Outer",
                    "Parallel Aware": true,
                    "Relation Name": "movie_keyword",
                    "Alias": "mk",
                    "Startup Cost": 3920.04,
                    "Total Cost": 29732.29,
                    "Plan Rows": 108661,
                    "Plan Width": 4,
                    "Actual Startup Time": 13.991,
                    "Actual Total Time": 54.141,
                    "Actual Rows": 92478,
                    "Actual Loops": 2,
                    "Recheck Cond": "(keyword_id > 71480)",
                    "Rows Removed by Index Recheck": 0,
                    "Exact Heap Blocks": 11072,
                    "Lossy Heap Blocks": 0,
                    "Plans": [
                      {
                        "Node Type": "Bitmap Index Scan",
                        "Parent Relationship": "Outer",
                        "Parallel Aware": false,
                        "Index Name": "keyword_id_movie_keyword",
                        "Startup Cost": 0.0,
                        "Total Cost": 3873.85,
                        "Plan Rows": 184723,
                        "Plan Width": 0,
                        "Actual Startup Time": 11.134,
                        "Actual Total Time": 11.134,
                        "Actual Rows": 184956,
                        "Actual Loops": 1,
                        "Index Cond": "(keyword_id > 71480)"
                      }
                    ]
                  },
                  {
                    "Node Type": "Hash",
                    "Parent Relationship": "Inner",
                    "Parallel Aware": true,
                    "Startup Cost": 50870.31,
                    "Total Cost": 50870.31,
                    "Plan Rows": 1487231,
                    "Plan Width": 4,
                    "Actual Startup Time": 509.835,
                    "Actual Total Time": 509.835,
                    "Actual Rows": 1264156,
                    "Actual Loops": 2,
                    "Hash Buckets": 4194304,
                    "Original Hash Buckets": 4194304,
                    "Hash Batches": 1,
                    "Original Hash Batches": 1,
                    "Peak Memory Usage": 131712,
                    "Plans": [
                      {
                        "Node Type": "Seq Scan",
                        "Parent Relationship": "Outer",
                        "Parallel Aware": true,
                        "Relation Name": "title",
                        "Alias": "t",
                        "Startup Cost": 0.0,
                        "Total Cost": 50870.31,
                        "Plan Rows": 1487231,
                        "Plan Width": 4,
                        "Actual Startup Time": 0.019,
                        "Actual Total Time": 151.609,
                        "Actual Rows": 1264156,
                        "Actual Loops": 2
                      }
                    ]
                  }
                ]
              }
            ]
          }
        ]
      }
    ]
  },
  "Planning Time": 0.65,
  "Triggers": [],
  "Execution Time": 651.791
}