[
    {
        "Bao": {
            "Bao prediction": 878.708,
            "Bao recommended hint": "(no hint)"
        }
    },
    {
        "Plan": {
            "Node Type": "Aggregate",
            "Strategy": "Plain",
            "Partial Mode": "Finalize",
            "Parallel Aware": false,
            "Startup Cost": 72423.35,
            "Total Cost": 72423.36,
            "Plan Rows": 1,
            "Plan Width": 8,
            "Actual Startup Time": 282.753,
            "Actual Total Time": 293.573,
            "Actual Rows": 1,
            "Actual Loops": 1,
            "Output": [
                "count(*)"
            ],
            "Plans": [
                {
                    "Node Type": "Gather",
                    "Parent Relationship": "Outer",
                    "Parallel Aware": false,
                    "Startup Cost": 72422.93,
                    "Total Cost": 72423.34,
                    "Plan Rows": 4,
                    "Plan Width": 8,
                    "Actual Startup Time": 280.61,
                    "Actual Total Time": 293.562,
                    "Actual Rows": 5,
                    "Actual Loops": 1,
                    "Output": [
                        "(PARTIAL count(*))"
                    ],
                    "Workers Planned": 4,
                    "Workers Launched": 4,
                    "Single Copy": false,
                    "Plans": [
                        {
                            "Node Type": "Aggregate",
                            "Strategy": "Plain",
                            "Partial Mode": "Partial",
                            "Parent Relationship": "Outer",
                            "Parallel Aware": false,
                            "Startup Cost": 71422.93,
                            "Total Cost": 71422.94,
                            "Plan Rows": 1,
                            "Plan Width": 8,
                            "Actual Startup Time": 271.267,
                            "Actual Total Time": 271.271,
                            "Actual Rows": 1,
                            "Actual Loops": 5,
                            "Output": [
                                "PARTIAL count(*)"
                            ],
                            "Workers": [
                                {
                                    "Worker Number": 0,
                                    "Actual Startup Time": 269.031,
                                    "Actual Total Time": 269.035,
                                    "Actual Rows": 1,
                                    "Actual Loops": 1
                                },
                                {
                                    "Worker Number": 1,
                                    "Actual Startup Time": 269.016,
                                    "Actual Total Time": 269.021,
                                    "Actual Rows": 1,
                                    "Actual Loops": 1
                                },
                                {
                                    "Worker Number": 2,
                                    "Actual Startup Time": 268.959,
                                    "Actual Total Time": 268.963,
                                    "Actual Rows": 1,
                                    "Actual Loops": 1
                                },
                                {
                                    "Worker Number": 3,
                                    "Actual Startup Time": 269.519,
                                    "Actual Total Time": 269.522,
                                    "Actual Rows": 1,
                                    "Actual Loops": 1
                                }
                            ],
                            "Plans": [
                                {
                                    "Node Type": "Hash Join",
                                    "Parent Relationship": "Outer",
                                    "Parallel Aware": true,
                                    "Join Type": "Inner",
                                    "Startup Cost": 25615.26,
                                    "Total Cost": 71279.52,
                                    "Plan Rows": 57366,
                                    "Plan Width": 0,
                                    "Actual Startup Time": 183.824,
                                    "Actual Total Time": 267.931,
                                    "Actual Rows": 46642,
                                    "Actual Loops": 5,
                                    "Inner Unique": false,
                                    "Hash Cond": "(t.id = mc.movie_id)",
                                    "Workers": [
                                        {
                                            "Worker Number": 0,
                                            "Actual Startup Time": 191.092,
                                            "Actual Total Time": 265.722,
                                            "Actual Rows": 44720,
                                            "Actual Loops": 1
                                        },
                                        {
                                            "Worker Number": 1,
                                            "Actual Startup Time": 179.128,
                                            "Actual Total Time": 265.743,
                                            "Actual Rows": 44559,
                                            "Actual Loops": 1
                                        },
                                        {
                                            "Worker Number": 2,
                                            "Actual Startup Time": 181.846,
                                            "Actual Total Time": 265.846,
                                            "Actual Rows": 42250,
                                            "Actual Loops": 1
                                        },
                                        {
                                            "Worker Number": 3,
                                            "Actual Startup Time": 178.247,
                                            "Actual Total Time": 266.18,
                                            "Actual Rows": 45236,
                                            "Actual Loops": 1
                                        }
                                    ],
                                    "Plans": [
                                        {
                                            "Node Type": "Seq Scan",
                                            "Parent Relationship": "Outer",
                                            "Parallel Aware": true,
                                            "Relation Name": "title",
                                            "Schema": "public",
                                            "Alias": "t",
                                            "Startup Cost": 0.0,
                                            "Total Cost": 42318.81,
                                            "Plan Rows": 632080,
                                            "Plan Width": 4,
                                            "Actual Startup Time": 0.011,
                                            "Actual Total Time": 80.087,
                                            "Actual Rows": 505662,
                                            "Actual Loops": 5,
                                            "Output": [
                                                "t.id",
                                                "t.title",
                                                "t.imdb_index",
                                                "t.kind_id",
                                                "t.production_year",
                                                "t.imdb_id",
                                                "t.phonetic_code",
                                                "t.episode_of_id",
                                                "t.season_nr",
                                                "t.episode_nr",
                                                "t.series_years",
                                                "t.md5sum"
                                            ],
                                            "Workers": [
                                                {
                                                    "Worker Number": 0,
                                                    "Actual Startup Time": 0.008,
                                                    "Actual Total Time": 83.576,
                                                    "Actual Rows": 487248,
                                                    "Actual Loops": 1
                                                },
                                                {
                                                    "Worker Number": 1,
                                                    "Actual Startup Time": 0.011,
                                                    "Actual Total Time": 83.185,
                                                    "Actual Rows": 487922,
                                                    "Actual Loops": 1
                                                },
                                                {
                                                    "Worker Number": 2,
                                                    "Actual Startup Time": 0.007,
                                                    "Actual Total Time": 78.736,
                                                    "Actual Rows": 443234,
                                                    "Actual Loops": 1
                                                },
                                                {
                                                    "Worker Number": 3,
                                                    "Actual Startup Time": 0.021,
                                                    "Actual Total Time": 83.701,
                                                    "Actual Rows": 490945,
                                                    "Actual Loops": 1
                                                }
                                            ]
                                        },
                                        {
                                            "Node Type": "Hash",
                                            "Parent Relationship": "Inner",
                                            "Parallel Aware": true,
                                            "Startup Cost": 24690.01,
                                            "Total Cost": 24690.01,
                                            "Plan Rows": 74020,
                                            "Plan Width": 4,
                                            "Actual Startup Time": 71.385,
                                            "Actual Total Time": 71.387,
                                            "Actual Rows": 46642,
                                            "Actual Loops": 5,
                                            "Output": [
                                                "mc.movie_id"
                                            ],
                                            "Hash Buckets": 262144,
                                            "Original Hash Buckets": 262144,
                                            "Hash Batches": 1,
                                            "Original Hash Batches": 1,
                                            "Peak Memory Usage": 11232,
                                            "Workers": [
                                                {
                                                    "Worker Number": 0,
                                                    "Actual Startup Time": 70.647,
                                                    "Actual Total Time": 70.648,
                                                    "Actual Rows": 38854,
                                                    "Actual Loops": 1
                                                },
                                                {
                                                    "Worker Number": 1,
                                                    "Actual Startup Time": 70.636,
                                                    "Actual Total Time": 70.637,
                                                    "Actual Rows": 39863,
                                                    "Actual Loops": 1
                                                },
                                                {
                                                    "Worker Number": 2,
                                                    "Actual Startup Time": 70.559,
                                                    "Actual Total Time": 70.561,
                                                    "Actual Rows": 32645,
                                                    "Actual Loops": 1
                                                },
                                                {
                                                    "Worker Number": 3,
                                                    "Actual Startup Time": 70.963,
                                                    "Actual Total Time": 70.964,
                                                    "Actual Rows": 41410,
                                                    "Actual Loops": 1
                                                }
                                            ],
                                            "Plans": [
                                                {
                                                    "Node Type": "Bitmap Heap Scan",
                                                    "Parent Relationship": "Outer",
                                                    "Parallel Aware": true,
                                                    "Relation Name": "movie_companies",
                                                    "Schema": "public",
                                                    "Alias": "mc",
                                                    "Startup Cost": 4974.76,
                                                    "Total Cost": 24690.01,
                                                    "Plan Rows": 74020,
                                                    "Plan Width": 4,
                                                    "Actual Startup Time": 22.858,
                                                    "Actual Total Time": 50.663,
                                                    "Actual Rows": 46642,
                                                    "Actual Loops": 5,
                                                    "Output": [
                                                        "mc.movie_id"
                                                    ],
                                                    "Recheck Cond": "(mc.company_id > 104665)",
                                                    "Rows Removed by Index Recheck": 0,
                                                    "Exact Heap Blocks": 1586,
                                                    "Lossy Heap Blocks": 0,
                                                    "Workers": [
                                                        {
                                                            "Worker Number": 0,
                                                            "Actual Startup Time": 22.114,
                                                            "Actual Total Time": 50.866,
                                                            "Actual Rows": 38854,
                                                            "Actual Loops": 1
                                                        },
                                                        {
                                                            "Worker Number": 1,
                                                            "Actual Startup Time": 22.219,
                                                            "Actual Total Time": 51.341,
                                                            "Actual Rows": 39863,
                                                            "Actual Loops": 1
                                                        },
                                                        {
                                                            "Worker Number": 2,
                                                            "Actual Startup Time": 22.023,
                                                            "Actual Total Time": 50.147,
                                                            "Actual Rows": 32645,
                                                            "Actual Loops": 1
                                                        },
                                                        {
                                                            "Worker Number": 3,
                                                            "Actual Startup Time": 22.481,
                                                            "Actual Total Time": 51.327,
                                                            "Actual Rows": 41410,
                                                            "Actual Loops": 1
                                                        }
                                                    ],
                                                    "Plans": [
                                                        {
                                                            "Node Type": "Bitmap Index Scan",
                                                            "Parent Relationship": "Outer",
                                                            "Parallel Aware": false,
                                                            "Index Name": "company_id_movie_companies",
                                                            "Startup Cost": 0.0,
                                                            "Total Cost": 4917.4,
                                                            "Plan Rows": 229462,
                                                            "Plan Width": 0,
                                                            "Actual Startup Time": 24.326,
                                                            "Actual Total Time": 24.327,
                                                            "Actual Rows": 233210,
                                                            "Actual Loops": 1,
                                                            "Index Cond": "(mc.company_id > 104665)"
                                                        }
                                                    ]
                                                }
                                            ]
                                        }
                                    ]
                                }
                            ]
                        }
                    ]
                }
            ]
        },
        "Planning Time": 2431.991,
        "Triggers": [],
        "Execution Time": 293.778
    }
]