[
  {
    "Plan": {
      "Node Type": "Aggregate",
      "Strategy": "Plain",
      "Partial Mode": "Finalize",
      "Parallel Aware": false,
      "Startup Cost": 45619.0,
      "Total Cost": 45619.01,
      "Plan Rows": 1,
      "Plan Width": 8,
      "Actual Startup Time": 140.25,
      "Actual Total Time": 150.912,
      "Actual Rows": 1,
      "Actual Loops": 1,
      "Plans": [
        {
          "Node Type": "Gather",
          "Parent Relationship": "Outer",
          "Parallel Aware": false,
          "Startup Cost": 45618.68,
          "Total Cost": 45618.99,
          "Plan Rows": 3,
          "Plan Width": 8,
          "Actual Startup Time": 140.102,
          "Actual Total Time": 150.903,
          "Actual Rows": 4,
          "Actual Loops": 1,
          "Workers Planned": 3,
          "Workers Launched": 3,
          "Single Copy": false,
          "Plans": [
            {
              "Node Type": "Aggregate",
              "Strategy": "Plain",
              "Partial Mode": "Partial",
              "Parent Relationship": "Outer",
              "Parallel Aware": false,
              "Startup Cost": 44618.68,
              "Total Cost": 44618.69,
              "Plan Rows": 1,
              "Plan Width": 8,
              "Actual Startup Time": 136.445,
              "Actual Total Time": 136.446,
              "Actual Rows": 1,
              "Actual Loops": 4,
              "Plans": [
                {
                  "Node Type": "Seq Scan",
                  "Parent Relationship": "Outer",
                  "Parallel Aware": true,
                  "Relation Name": "movie_keyword",
                  "Alias": "mk",
                  "Startup Cost": 0.0,
                  "Total Cost": 42695.65,
                  "Plan Rows": 769210,
                  "Plan Width": 0,
                  "Actual Startup Time": 0.357,
                  "Actual Total Time": 109.657,
                  "Actual Rows": 592592,
                  "Actual Loops": 4,
                  "Filter": "(keyword_id > 4063)",
                  "Rows Removed by Filter": 538390
                }
              ]
            }
          ]
        }
      ]
    },
    "Planning Time": 0.102,
    "Triggers": [],
    "Execution Time": 150.952
  }
]