{
    "Plan": {
        "Node Type": "Aggregate",
        "Strategy": "Plain",
        "Partial Mode": "Simple",
        "Parallel Aware": false,
        "Startup Cost": 50002060164.95,
        "Total Cost": 50002060164.96,
        "Plan Rows": 1,
        "Plan Width": 96,
        "Actual Startup Time": 8001.732,
        "Actual Total Time": 8001.743,
        "Actual Rows": 1,
        "Actual Loops": 1,
        "Output": [
            "min(cn.name)",
            "min((lt.link)::text)",
            "min(t.title)"
        ],
        "Plans": [
            {
                "Node Type": "Nested Loop",
                "Parent Relationship": "Outer",
                "Parallel Aware": false,
                "Join Type": "Inner",
                "Startup Cost": 50002059944.24,
                "Total Cost": 50002060164.94,
                "Plan Rows": 1,
                "Plan Width": 48,
                "Actual Startup Time": 7999.922,
                "Actual Total Time": 8001.642,
                "Actual Rows": 330,
                "Actual Loops": 1,
                "Output": [
                    "cn.name",
                    "lt.link",
                    "t.title"
                ],
                "Inner Unique": true,
                "Plans": [
                    {
                        "Node Type": "Hash Join",
                        "Parent Relationship": "Outer",
                        "Parallel Aware": false,
                        "Join Type": "Inner",
                        "Startup Cost": 40002059944.11,
                        "Total Cost": 40002060156.78,
                        "Plan Rows": 1,
                        "Plan Width": 52,
                        "Actual Startup Time": 7999.898,
                        "Actual Total Time": 8000.453,
                        "Actual Rows": 330,
                        "Actual Loops": 1,
                        "Output": [
                            "cn.name",
                            "mc.company_type_id",
                            "lt.link",
                            "t.title"
                        ],
                        "Inner Unique": false,
                        "Hash Cond": "(ml.movie_id = t.id)",
                        "Plans": [
                            {
                                "Node Type": "Nested Loop",
                                "Parent Relationship": "Outer",
                                "Parallel Aware": false,
                                "Join Type": "Inner",
                                "Startup Cost": 20000000038.82,
                                "Total Cost": 20000000245.23,
                                "Plan Rows": 1666,
                                "Plan Width": 16,
                                "Actual Startup Time": 0.258,
                                "Actual Total Time": 0.947,
                                "Actual Rows": 2315,
                                "Actual Loops": 1,
                                "Output": [
                                    "lt.link",
                                    "ml.movie_id"
                                ],
                                "Inner Unique": false,
                                "Plans": [
                                    {
                                        "Node Type": "Seq Scan",
                                        "Parent Relationship": "Outer",
                                        "Parallel Aware": false,
                                        "Relation Name": "link_type",
                                        "Schema": "public",
                                        "Alias": "lt",
                                        "Startup Cost": 10000000000.0,
                                        "Total Cost": 10000000001.23,
                                        "Plan Rows": 1,
                                        "Plan Width": 16,
                                        "Actual Startup Time": 0.024,
                                        "Actual Total Time": 0.031,
                                        "Actual Rows": 2,
                                        "Actual Loops": 1,
                                        "Output": [
                                            "lt.id",
                                            "lt.link"
                                        ],
                                        "Filter": "((lt.link)::text ~~ '%follow%'::text)",
                                        "Rows Removed by Filter": 16
                                    },
                                    {
                                        "Node Type": "Bitmap Heap Scan",
                                        "Parent Relationship": "Inner",
                                        "Parallel Aware": false,
                                        "Relation Name": "movie_link",
                                        "Schema": "public",
                                        "Alias": "ml",
                                        "Startup Cost": 38.82,
                                        "Total Cost": 225.26,
                                        "Plan Rows": 1875,
                                        "Plan Width": 8,
                                        "Actual Startup Time": 0.146,
                                        "Actual Total Time": 0.36,
                                        "Actual Rows": 1158,
                                        "Actual Loops": 2,
                                        "Output": [
                                            "ml.id",
                                            "ml.movie_id",
                                            "ml.linked_movie_id",
                                            "ml.link_type_id"
                                        ],
                                        "Recheck Cond": "(ml.link_type_id = lt.id)",
                                        "Rows Removed by Index Recheck": 0,
                                        "Exact Heap Blocks": 191,
                                        "Lossy Heap Blocks": 0,
                                        "Plans": [
                                            {
                                                "Node Type": "Bitmap Index Scan",
                                                "Parent Relationship": "Outer",
                                                "Parallel Aware": false,
                                                "Index Name": "link_type_id_movie_link",
                                                "Startup Cost": 0.0,
                                                "Total Cost": 38.35,
                                                "Plan Rows": 1875,
                                                "Plan Width": 0,
                                                "Actual Startup Time": 0.119,
                                                "Actual Total Time": 0.119,
                                                "Actual Rows": 1158,
                                                "Actual Loops": 2,
                                                "Index Cond": "(ml.link_type_id = lt.id)"
                                            }
                                        ]
                                    }
                                ]
                            },
                            {
                                "Node Type": "Hash",
                                "Parent Relationship": "Inner",
                                "Parallel Aware": false,
                                "Startup Cost": 20002059905.25,
                                "Total Cost": 20002059905.25,
                                "Plan Rows": 3,
                                "Plan Width": 56,
                                "Actual Startup Time": 7999.299,
                                "Actual Total Time": 7999.307,
                                "Actual Rows": 168,
                                "Actual Loops": 1,
                                "Output": [
                                    "cn.name",
                                    "mc.movie_id",
                                    "mc.company_type_id",
                                    "mi.movie_id",
                                    "mk.movie_id",
                                    "t.title",
                                    "t.id"
                                ],
                                "Hash Buckets": 1024,
                                "Original Hash Buckets": 1024,
                                "Hash Batches": 1,
                                "Original Hash Batches": 1,
                                "Peak Memory Usage": 24,
                                "Plans": [
                                    {
                                        "Node Type": "Merge Join",
                                        "Parent Relationship": "Outer",
                                        "Parallel Aware": false,
                                        "Join Type": "Inner",
                                        "Startup Cost": 20002059651.65,
                                        "Total Cost": 20002059905.25,
                                        "Plan Rows": 3,
                                        "Plan Width": 56,
                                        "Actual Startup Time": 7989.957,
                                        "Actual Total Time": 7999.255,
                                        "Actual Rows": 168,
                                        "Actual Loops": 1,
                                        "Output": [
                                            "cn.name",
                                            "mc.movie_id",
                                            "mc.company_type_id",
                                            "mi.movie_id",
                                            "mk.movie_id",
                                            "t.title",
                                            "t.id"
                                        ],
                                        "Inner Unique": false,
                                        "Merge Cond": "(cn.id = mc.company_id)",
                                        "Plans": [
                                            {
                                                "Node Type": "Sort",
                                                "Parent Relationship": "Outer",
                                                "Parallel Aware": false,
                                                "Startup Cost": 11072.31,
                                                "Total Cost": 11199.14,
                                                "Plan Rows": 50732,
                                                "Plan Width": 23,
                                                "Actual Startup Time": 88.949,
                                                "Actual Total Time": 93.838,
                                                "Actual Rows": 48116,
                                                "Actual Loops": 1,
                                                "Output": [
                                                    "cn.name",
                                                    "cn.id"
                                                ],
                                                "Sort Key": [
                                                    "cn.id"
                                                ],
                                                "Sort Method": "quicksort",
                                                "Sort Space Used": 5023,
                                                "Sort Space Type": "Memory",
                                                "Plans": [
                                                    {
                                                        "Node Type": "Seq Scan",
                                                        "Parent Relationship": "Outer",
                                                        "Parallel Aware": false,
                                                        "Relation Name": "company_name",
                                                        "Schema": "public",
                                                        "Alias": "cn",
                                                        "Startup Cost": 0.0,
                                                        "Total Cost": 7107.45,
                                                        "Plan Rows": 50732,
                                                        "Plan Width": 23,
                                                        "Actual Startup Time": 0.028,
                                                        "Actual Total Time": 69.953,
                                                        "Actual Rows": 48302,
                                                        "Actual Loops": 1,
                                                        "Output": [
                                                            "cn.name",
                                                            "cn.id"
                                                        ],
                                                        "Filter": "(((cn.country_code)::text <> '[pl]'::text) AND ((cn.name ~~ '%Film%'::text) OR (cn.name ~~ '%Warner%'::text)))",
                                                        "Rows Removed by Filter": 186695
                                                    }
                                                ]
                                            },
                                            {
                                                "Node Type": "Sort",
                                                "Parent Relationship": "Inner",
                                                "Parallel Aware": false,
                                                "Startup Cost": 20002048579.34,
                                                "Total Cost": 20002048579.39,
                                                "Plan Rows": 20,
                                                "Plan Width": 41,
                                                "Actual Startup Time": 7900.997,
                                                "Actual Total Time": 7901.148,
                                                "Actual Rows": 1326,
                                                "Actual Loops": 1,
                                                "Output": [
                                                    "mk.movie_id",
                                                    "mc.movie_id",
                                                    "mc.company_type_id",
                                                    "mc.company_id",
                                                    "mi.movie_id",
                                                    "t.title",
                                                    "t.id"
                                                ],
                                                "Sort Key": [
                                                    "mc.company_id"
                                                ],
                                                "Sort Method": "quicksort",
                                                "Sort Space Used": 181,
                                                "Sort Space Type": "Memory",
                                                "Plans": [
                                                    {
                                                        "Node Type": "Merge Join",
                                                        "Parent Relationship": "Outer",
                                                        "Parallel Aware": false,
                                                        "Join Type": "Inner",
                                                        "Startup Cost": 20000802239.33,
                                                        "Total Cost": 20002048578.91,
                                                        "Plan Rows": 20,
                                                        "Plan Width": 41,
                                                        "Actual Startup Time": 2675.987,
                                                        "Actual Total Time": 7900.312,
                                                        "Actual Rows": 1326,
                                                        "Actual Loops": 1,
                                                        "Output": [
                                                            "mk.movie_id",
                                                            "mc.movie_id",
                                                            "mc.company_type_id",
                                                            "mc.company_id",
                                                            "mi.movie_id",
                                                            "t.title",
                                                            "t.id"
                                                        ],
                                                        "Inner Unique": false,
                                                        "Merge Cond": "(mi.movie_id = t.id)",
                                                        "Plans": [
                                                            {
                                                                "Node Type": "Index Scan",
                                                                "Parent Relationship": "Outer",
                                                                "Parallel Aware": false,
                                                                "Scan Direction": "Forward",
                                                                "Index Name": "movie_id_movie_info",
                                                                "Relation Name": "movie_info",
                                                                "Schema": "public",
                                                                "Alias": "mi",
                                                                "Startup Cost": 0.43,
                                                                "Total Cost": 1244423.19,
                                                                "Plan Rows": 766695,
                                                                "Plan Width": 4,
                                                                "Actual Startup Time": 0.052,
                                                                "Actual Total Time": 5182.635,
                                                                "Actual Rows": 821180,
                                                                "Actual Loops": 1,
                                                                "Output": [
                                                                    "mi.id",
                                                                    "mi.movie_id",
                                                                    "mi.info_type_id",
                                                                    "mi.info",
                                                                    "mi.note"
                                                                ],
                                                                "Filter": "(mi.info = ANY ('{Danish,Sweden,Denish,Norway,English,American,America,Denmark,Norwegian}'::text[]))",
                                                                "Rows Removed by Filter": 14007197
                                                            },
                                                            {
                                                                "Node Type": "Sort",
                                                                "Parent Relationship": "Inner",
                                                                "Parallel Aware": false,
                                                                "Startup Cost": 20000802238.9,
                                                                "Total Cost": 20000802238.92,
                                                                "Plan Rows": 10,
                                                                "Plan Width": 37,
                                                                "Actual Startup Time": 2674.554,
                                                                "Actual Total Time": 2674.933,
                                                                "Actual Rows": 1634,
                                                                "Actual Loops": 1,
                                                                "Output": [
                                                                    "mk.movie_id",
                                                                    "mc.movie_id",
                                                                    "mc.company_type_id",
                                                                    "mc.company_id",
                                                                    "t.title",
                                                                    "t.id"
                                                                ],
                                                                "Sort Key": [
                                                                    "mk.movie_id"
                                                                ],
                                                                "Sort Method": "quicksort",
                                                                "Sort Space Used": 198,
                                                                "Sort Space Type": "Memory",
                                                                "Plans": [
                                                                    {
                                                                        "Node Type": "Hash Join",
                                                                        "Parent Relationship": "Outer",
                                                                        "Parallel Aware": false,
                                                                        "Join Type": "Inner",
                                                                        "Startup Cost": 20000796885.6,
                                                                        "Total Cost": 20000802238.73,
                                                                        "Plan Rows": 10,
                                                                        "Plan Width": 37,
                                                                        "Actual Startup Time": 2636.947,
                                                                        "Actual Total Time": 2674.173,
                                                                        "Actual Rows": 1533,
                                                                        "Actual Loops": 1,
                                                                        "Output": [
                                                                            "mk.movie_id",
                                                                            "mc.movie_id",
                                                                            "mc.company_type_id",
                                                                            "mc.company_id",
                                                                            "t.title",
                                                                            "t.id"
                                                                        ],
                                                                        "Inner Unique": false,
                                                                        "Hash Cond": "(t.id = mc.movie_id)",
                                                                        "Plans": [
                                                                            {
                                                                                "Node Type": "Hash Join",
                                                                                "Parent Relationship": "Outer",
                                                                                "Parallel Aware": false,
                                                                                "Join Type": "Inner",
                                                                                "Startup Cost": 20000736186.46,
                                                                                "Total Cost": 20000741539.54,
                                                                                "Plan Rows": 4,
                                                                                "Plan Width": 25,
                                                                                "Actual Startup Time": 1976.313,
                                                                                "Actual Total Time": 2012.475,
                                                                                "Actual Rows": 1375,
                                                                                "Actual Loops": 1,
                                                                                "Output": [
                                                                                    "mk.movie_id",
                                                                                    "t.title",
                                                                                    "t.id"
                                                                                ],
                                                                                "Inner Unique": false,
                                                                                "Hash Cond": "(k.id = mk.keyword_id)",
                                                                                "Plans": [
                                                                                    {
                                                                                        "Node Type": "Index Scan",
                                                                                        "Parent Relationship": "Outer",
                                                                                        "Parallel Aware": false,
                                                                                        "Scan Direction": "Forward",
                                                                                        "Index Name": "keyword_pkey",
                                                                                        "Relation Name": "keyword",
                                                                                        "Schema": "public",
                                                                                        "Alias": "k",
                                                                                        "Startup Cost": 10000000000.42,
                                                                                        "Total Cost": 10000005342.92,
                                                                                        "Plan Rows": 1,
                                                                                        "Plan Width": 4,
                                                                                        "Actual Startup Time": 0.283,
                                                                                        "Actual Total Time": 36.077,
                                                                                        "Actual Rows": 1,
                                                                                        "Actual Loops": 1,
                                                                                        "Output": [
                                                                                            "k.id",
                                                                                            "k.keyword",
                                                                                            "k.phonetic_code"
                                                                                        ],
                                                                                        "Filter": "(k.keyword = 'sequel'::text)",
                                                                                        "Rows Removed by Filter": 134169
                                                                                    },
                                                                                    {
                                                                                        "Node Type": "Hash",
                                                                                        "Parent Relationship": "Inner",
                                                                                        "Parallel Aware": false,
                                                                                        "Startup Cost": 10000730003.35,
                                                                                        "Total Cost": 10000730003.35,
                                                                                        "Plan Rows": 494615,
                                                                                        "Plan Width": 29,
                                                                                        "Actual Startup Time": 1975.478,
                                                                                        "Actual Total Time": 1975.48,
                                                                                        "Actual Rows": 542090,
                                                                                        "Actual Loops": 1,
                                                                                        "Output": [
                                                                                            "mk.movie_id",
                                                                                            "mk.keyword_id",
                                                                                            "t.title",
                                                                                            "t.id"
                                                                                        ],
                                                                                        "Hash Buckets": 1048576,
                                                                                        "Original Hash Buckets": 524288,
                                                                                        "Hash Batches": 1,
                                                                                        "Original Hash Batches": 1,
                                                                                        "Peak Memory Usage": 42029,
                                                                                        "Plans": [
                                                                                            {
                                                                                                "Node Type": "Hash Join",
                                                                                                "Parent Relationship": "Outer",
                                                                                                "Parallel Aware": false,
                                                                                                "Join Type": "Inner",
                                                                                                "Startup Cost": 10000233726.58,
                                                                                                "Total Cost": 10000730003.35,
                                                                                                "Plan Rows": 494615,
                                                                                                "Plan Width": 29,
                                                                                                "Actual Startup Time": 1490.54,
                                                                                                "Actual Total Time": 1869.676,
                                                                                                "Actual Rows": 542090,
                                                                                                "Actual Loops": 1,
                                                                                                "Output": [
                                                                                                    "mk.movie_id",
                                                                                                    "mk.keyword_id",
                                                                                                    "t.title",
                                                                                                    "t.id"
                                                                                                ],
                                                                                                "Inner Unique": false,
                                                                                                "Hash Cond": "(t.id = mk.movie_id)",
                                                                                                "Plans": [
                                                                                                    {
                                                                                                        "Node Type": "Seq Scan",
                                                                                                        "Parent Relationship": "Outer",
                                                                                                        "Parallel Aware": false,
                                                                                                        "Relation Name": "title",
                                                                                                        "Schema": "public",
                                                                                                        "Alias": "t",
                                                                                                        "Startup Cost": 0.0,
                                                                                                        "Total Cost": 73922.83,
                                                                                                        "Plan Rows": 276429,
                                                                                                        "Plan Width": 21,
                                                                                                        "Actual Startup Time": 0.02,
                                                                                                        "Actual Total Time": 235.536,
                                                                                                        "Actual Rows": 273528,
                                                                                                        "Actual Loops": 1,
                                                                                                        "Output": [
                                                                                                            "t.id",
                                                                                                            "t.title",
                                                                                                            "t.imdb_index",
                                                                                                            "t.kind_id",
                                                                                                            "t.production_year",
                                                                                                            "t.imdb_id",
                                                                                                            "t.phonetic_code",
                                                                                                            "t.episode_of_id",
                                                                                                            "t.season_nr",
                                                                                                            "t.episode_nr",
                                                                                                            "t.series_years",
                                                                                                            "t.md5sum"
                                                                                                        ],
                                                                                                        "Filter": "((t.production_year >= 2001) AND (t.production_year <= 2004))",
                                                                                                        "Rows Removed by Filter": 2254784
                                                                                                    },
                                                                                                    {
                                                                                                        "Node Type": "Hash",
                                                                                                        "Parent Relationship": "Inner",
                                                                                                        "Parallel Aware": false,
                                                                                                        "Startup Cost": 10000177177.46,
                                                                                                        "Total Cost": 10000177177.46,
                                                                                                        "Plan Rows": 4523930,
                                                                                                        "Plan Width": 8,
                                                                                                        "Actual Startup Time": 1481.798,
                                                                                                        "Actual Total Time": 1481.799,
                                                                                                        "Actual Rows": 4523930,
                                                                                                        "Actual Loops": 1,
                                                                                                        "Output": [
                                                                                                            "mk.movie_id",
                                                                                                            "mk.keyword_id"
                                                                                                        ],
                                                                                                        "Hash Buckets": 8388608,
                                                                                                        "Original Hash Buckets": 8388608,
                                                                                                        "Hash Batches": 1,
                                                                                                        "Original Hash Batches": 1,
                                                                                                        "Peak Memory Usage": 242253,
                                                                                                        "Plans": [
                                                                                                            {
                                                                                                                "Node Type": "Index Scan",
                                                                                                                "Parent Relationship": "Outer",
                                                                                                                "Parallel Aware": false,
                                                                                                                "Scan Direction": "Forward",
                                                                                                                "Index Name": "movie_id_movie_keyword",
                                                                                                                "Relation Name": "movie_keyword",
                                                                                                                "Schema": "public",
                                                                                                                "Alias": "mk",
                                                                                                                "Startup Cost": 10000000000.43,
                                                                                                                "Total Cost": 10000177177.46,
                                                                                                                "Plan Rows": 4523930,
                                                                                                                "Plan Width": 8,
                                                                                                                "Actual Startup Time": 0.027,
                                                                                                                "Actual Total Time": 823.148,
                                                                                                                "Actual Rows": 4523930,
                                                                                                                "Actual Loops": 1,
                                                                                                                "Output": [
                                                                                                                    "mk.movie_id",
                                                                                                                    "mk.keyword_id"
                                                                                                                ]
                                                                                                            }
                                                                                                        ]
                                                                                                    }
                                                                                                ]
                                                                                            }
                                                                                        ]
                                                                                    }
                                                                                ]
                                                                            },
                                                                            {
                                                                                "Node Type": "Hash",
                                                                                "Parent Relationship": "Inner",
                                                                                "Parallel Aware": false,
                                                                                "Startup Cost": 44881.29,
                                                                                "Total Cost": 44881.29,
                                                                                "Plan Rows": 1265428,
                                                                                "Plan Width": 12,
                                                                                "Actual Startup Time": 658.71,
                                                                                "Actual Total Time": 658.71,
                                                                                "Actual Rows": 1271989,
                                                                                "Actual Loops": 1,
                                                                                "Output": [
                                                                                    "mc.movie_id",
                                                                                    "mc.company_type_id",
                                                                                    "mc.company_id"
                                                                                ],
                                                                                "Hash Buckets": 2097152,
                                                                                "Original Hash Buckets": 2097152,
                                                                                "Hash Batches": 1,
                                                                                "Original Hash Batches": 1,
                                                                                "Peak Memory Usage": 71040,
                                                                                "Plans": [
                                                                                    {
                                                                                        "Node Type": "Seq Scan",
                                                                                        "Parent Relationship": "Outer",
                                                                                        "Parallel Aware": false,
                                                                                        "Relation Name": "movie_companies",
                                                                                        "Schema": "public",
                                                                                        "Alias": "mc",
                                                                                        "Startup Cost": 0.0,
                                                                                        "Total Cost": 44881.29,
                                                                                        "Plan Rows": 1265428,
                                                                                        "Plan Width": 12,
                                                                                        "Actual Startup Time": 0.024,
                                                                                        "Actual Total Time": 347.894,
                                                                                        "Actual Rows": 1271989,
                                                                                        "Actual Loops": 1,
                                                                                        "Output": [
                                                                                            "mc.movie_id",
                                                                                            "mc.company_type_id",
                                                                                            "mc.company_id"
                                                                                        ],
                                                                                        "Filter": "(mc.note IS NULL)",
                                                                                        "Rows Removed by Filter": 1337140
                                                                                    }
                                                                                ]
                                                                            }
                                                                        ]
                                                                    }
                                                                ]
                                                            }
                                                        ]
                                                    }
                                                ]
                                            }
                                        ]
                                    }
                                ]
                            }
                        ]
                    },
                    {
                        "Node Type": "Bitmap Heap Scan",
                        "Parent Relationship": "Inner",
                        "Parallel Aware": false,
                        "Relation Name": "company_type",
                        "Schema": "public",
                        "Alias": "ct",
                        "Startup Cost": 0.14,
                        "Total Cost": 4.15,
                        "Plan Rows": 1,
                        "Plan Width": 4,
                        "Actual Startup Time": 0.002,
                        "Actual Total Time": 0.002,
                        "Actual Rows": 1,
                        "Actual Loops": 330,
                        "Output": [
                            "ct.id",
                            "ct.kind"
                        ],
                        "Recheck Cond": "(ct.id = mc.company_type_id)",
                        "Rows Removed by Index Recheck": 0,
                        "Filter": "((ct.kind)::text = 'production companies'::text)",
                        "Rows Removed by Filter": 0,
                        "Exact Heap Blocks": 330,
                        "Lossy Heap Blocks": 0,
                        "Plans": [
                            {
                                "Node Type": "Bitmap Index Scan",
                                "Parent Relationship": "Outer",
                                "Parallel Aware": false,
                                "Index Name": "company_type_pkey",
                                "Startup Cost": 0.0,
                                "Total Cost": 0.14,
                                "Plan Rows": 1,
                                "Plan Width": 0,
                                "Actual Startup Time": 0.001,
                                "Actual Total Time": 0.001,
                                "Actual Rows": 1,
                                "Actual Loops": 330,
                                "Index Cond": "(ct.id = mc.company_type_id)"
                            }
                        ]
                    }
                ]
            }
        ]
    },
    "Planning Time": 14.0,
    "Triggers": [],
    "Execution Time": 8004.31
}