[
  {
    "Plan": {
      "Node Type": "Aggregate",
      "Strategy": "Plain",
      "Partial Mode": "Simple",
      "Parallel Aware": false,
      "Startup Cost": 39366.63,
      "Total Cost": 39366.64,
      "Plan Rows": 1,
      "Plan Width": 8,
      "Actual Startup Time": 60.377,
      "Actual Total Time": 60.378,
      "Actual Rows": 1,
      "Actual Loops": 1,
      "Plans": [
        {
          "Node Type": "Bitmap Heap Scan",
          "Parent Relationship": "Outer",
          "Parallel Aware": false,
          "Relation Name": "title",
          "Alias": "t",
          "Startup Cost": 1743.93,
          "Total Cost": 39194.52,
          "Plan Rows": 68844,
          "Plan Width": 0,
          "Actual Startup Time": 17.867,
          "Actual Total Time": 55.669,
          "Actual Rows": 85275,
          "Actual Loops": 1,
          "Recheck Cond": "(kind_id = 3)",
          "Rows Removed by Index Recheck": 0,
          "Filter": "(production_year < 2009)",
          "Rows Removed by Filter": 15262,
          "Exact Heap Blocks": 12707,
          "Lossy Heap Blocks": 0,
          "Plans": [
            {
              "Node Type": "Bitmap Index Scan",
              "Parent Relationship": "Outer",
              "Parallel Aware": false,
              "Index Name": "kind_id_title",
              "Startup Cost": 0.0,
              "Total Cost": 1726.72,
              "Plan Rows": 96839,
              "Plan Width": 0,
              "Actual Startup Time": 13.584,
              "Actual Total Time": 13.585,
              "Actual Rows": 100537,
              "Actual Loops": 1,
              "Index Cond": "(kind_id = 3)"
            }
          ]
        }
      ]
    },
    "Planning Time": 0.156,
    "Triggers": [],
    "Execution Time": 60.429
  }
]