[
  {
    "Plan": {
      "Node Type": "Aggregate",
      "Strategy": "Plain",
      "Partial Mode": "Finalize",
      "Parallel Aware": false,
      "Startup Cost": 41908.82,
      "Total Cost": 41908.83,
      "Plan Rows": 1,
      "Plan Width": 8,
      "Actual Startup Time": 143.055,
      "Actual Total Time": 149.6,
      "Actual Rows": 1,
      "Actual Loops": 1,
      "Plans": [
        {
          "Node Type": "Gather",
          "Parent Relationship": "Outer",
          "Parallel Aware": false,
          "Startup Cost": 41908.5,
          "Total Cost": 41908.81,
          "Plan Rows": 3,
          "Plan Width": 8,
          "Actual Startup Time": 142.806,
          "Actual Total Time": 149.59,
          "Actual Rows": 4,
          "Actual Loops": 1,
          "Workers Planned": 3,
          "Workers Launched": 3,
          "Single Copy": false,
          "Plans": [
            {
              "Node Type": "Aggregate",
              "Strategy": "Plain",
              "Partial Mode": "Partial",
              "Parent Relationship": "Outer",
              "Parallel Aware": false,
              "Startup Cost": 40908.5,
              "Total Cost": 40908.51,
              "Plan Rows": 1,
              "Plan Width": 8,
              "Actual Startup Time": 139.042,
              "Actual Total Time": 139.044,
              "Actual Rows": 1,
              "Actual Loops": 4,
              "Plans": [
                {
                  "Node Type": "Bitmap Heap Scan",
                  "Parent Relationship": "Outer",
                  "Parallel Aware": true,
                  "Relation Name": "movie_keyword",
                  "Alias": "mk",
                  "Startup Cost": 13398.74,
                  "Total Cost": 40399.21,
                  "Plan Rows": 203717,
                  "Plan Width": 0,
                  "Actual Startup Time": 52.551,
                  "Actual Total Time": 129.803,
                  "Actual Rows": 160092,
                  "Actual Loops": 4,
                  "Recheck Cond": "(keyword_id > 29029)",
                  "Rows Removed by Index Recheck": 0,
                  "Exact Heap Blocks": 9042,
                  "Lossy Heap Blocks": 0,
                  "Plans": [
                    {
                      "Node Type": "Bitmap Index Scan",
                      "Parent Relationship": "Outer",
                      "Parallel Aware": false,
                      "Index Name": "keyword_id_movie_keyword",
                      "Startup Cost": 0.0,
                      "Total Cost": 13240.86,
                      "Plan Rows": 631524,
                      "Plan Width": 0,
                      "Actual Startup Time": 52.15,
                      "Actual Total Time": 52.15,
                      "Actual Rows": 640368,
                      "Actual Loops": 1,
                      "Index Cond": "(keyword_id > 29029)"
                    }
                  ]
                }
              ]
            }
          ]
        }
      ]
    },
    "Planning Time": 0.058,
    "Triggers": [],
    "Execution Time": 149.635
  }
]