[
    {
        "Bao": {
            "Bao prediction": "NaN",
            "Bao recommended hint": "(no hint)"
        }
    },
    {
        "Plan": {
            "Node Type": "Aggregate",
            "Strategy": "Plain",
            "Partial Mode": "Finalize",
            "Parallel Aware": false,
            "Startup Cost": 242567.98,
            "Total Cost": 242567.99,
            "Plan Rows": 1,
            "Plan Width": 8,
            "Actual Startup Time": 348.131,
            "Actual Total Time": 359.279,
            "Actual Rows": 1,
            "Actual Loops": 1,
            "Output": [
                "count(*)"
            ],
            "Plans": [
                {
                    "Node Type": "Gather",
                    "Parent Relationship": "Outer",
                    "Parallel Aware": false,
                    "Startup Cost": 242567.45,
                    "Total Cost": 242567.96,
                    "Plan Rows": 5,
                    "Plan Width": 8,
                    "Actual Startup Time": 337.064,
                    "Actual Total Time": 359.268,
                    "Actual Rows": 6,
                    "Actual Loops": 1,
                    "Output": [
                        "(PARTIAL count(*))"
                    ],
                    "Workers Planned": 5,
                    "Workers Launched": 5,
                    "Single Copy": false,
                    "Plans": [
                        {
                            "Node Type": "Aggregate",
                            "Strategy": "Plain",
                            "Partial Mode": "Partial",
                            "Parent Relationship": "Outer",
                            "Parallel Aware": false,
                            "Startup Cost": 241567.45,
                            "Total Cost": 241567.46,
                            "Plan Rows": 1,
                            "Plan Width": 8,
                            "Actual Startup Time": 326.874,
                            "Actual Total Time": 327.038,
                            "Actual Rows": 1,
                            "Actual Loops": 6,
                            "Output": [
                                "PARTIAL count(*)"
                            ],
                            "Workers": [
                                {
                                    "Worker Number": 0,
                                    "Actual Startup Time": 324.3,
                                    "Actual Total Time": 324.303,
                                    "Actual Rows": 1,
                                    "Actual Loops": 1
                                },
                                {
                                    "Worker Number": 1,
                                    "Actual Startup Time": 324.272,
                                    "Actual Total Time": 324.276,
                                    "Actual Rows": 1,
                                    "Actual Loops": 1
                                },
                                {
                                    "Worker Number": 2,
                                    "Actual Startup Time": 324.256,
                                    "Actual Total Time": 324.259,
                                    "Actual Rows": 1,
                                    "Actual Loops": 1
                                },
                                {
                                    "Worker Number": 3,
                                    "Actual Startup Time": 326.13,
                                    "Actual Total Time": 326.133,
                                    "Actual Rows": 1,
                                    "Actual Loops": 1
                                },
                                {
                                    "Worker Number": 4,
                                    "Actual Startup Time": 325.549,
                                    "Actual Total Time": 325.553,
                                    "Actual Rows": 1,
                                    "Actual Loops": 1
                                }
                            ],
                            "Plans": [
                                {
                                    "Node Type": "Hash Join",
                                    "Parent Relationship": "Outer",
                                    "Parallel Aware": true,
                                    "Join Type": "Inner",
                                    "Startup Cost": 74900.07,
                                    "Total Cost": 241282.1,
                                    "Plan Rows": 114142,
                                    "Plan Width": 0,
                                    "Actual Startup Time": 241.436,
                                    "Actual Total Time": 326.282,
                                    "Actual Rows": 7180,
                                    "Actual Loops": 6,
                                    "Inner Unique": true,
                                    "Hash Cond": "(mi.movie_id = t.id)",
                                    "Workers": [
                                        {
                                            "Worker Number": 0,
                                            "Actual Startup Time": 238.503,
                                            "Actual Total Time": 323.618,
                                            "Actual Rows": 14947,
                                            "Actual Loops": 1
                                        },
                                        {
                                            "Worker Number": 1,
                                            "Actual Startup Time": 239.169,
                                            "Actual Total Time": 323.535,
                                            "Actual Rows": 5272,
                                            "Actual Loops": 1
                                        },
                                        {
                                            "Worker Number": 2,
                                            "Actual Startup Time": 239.483,
                                            "Actual Total Time": 323.472,
                                            "Actual Rows": 5595,
                                            "Actual Loops": 1
                                        },
                                        {
                                            "Worker Number": 3,
                                            "Actual Startup Time": 239.791,
                                            "Actual Total Time": 325.395,
                                            "Actual Rows": 5293,
                                            "Actual Loops": 1
                                        },
                                        {
                                            "Worker Number": 4,
                                            "Actual Startup Time": 240.181,
                                            "Actual Total Time": 324.771,
                                            "Actual Rows": 5817,
                                            "Actual Loops": 1
                                        }
                                    ],
                                    "Plans": [
                                        {
                                            "Node Type": "Bitmap Heap Scan",
                                            "Parent Relationship": "Outer",
                                            "Parallel Aware": true,
                                            "Relation Name": "movie_info",
                                            "Schema": "public",
                                            "Alias": "mi",
                                            "Startup Cost": 26313.05,
                                            "Total Cost": 191933.34,
                                            "Plan Rows": 290184,
                                            "Plan Width": 4,
                                            "Actual Startup Time": 60.073,
                                            "Actual Total Time": 97.82,
                                            "Actual Rows": 233650,
                                            "Actual Loops": 6,
                                            "Output": [
                                                "mi.id",
                                                "mi.movie_id",
                                                "mi.info_type_id",
                                                "mi.info",
                                                "mi.note"
                                            ],
                                            "Recheck Cond": "(mi.info_type_id = 7)",
                                            "Rows Removed by Index Recheck": 0,
                                            "Exact Heap Blocks": 1839,
                                            "Lossy Heap Blocks": 0,
                                            "Workers": [
                                                {
                                                    "Worker Number": 0,
                                                    "Actual Startup Time": 59.826,
                                                    "Actual Total Time": 97.243,
                                                    "Actual Rows": 313346,
                                                    "Actual Loops": 1
                                                },
                                                {
                                                    "Worker Number": 1,
                                                    "Actual Startup Time": 59.956,
                                                    "Actual Total Time": 99.205,
                                                    "Actual Rows": 172875,
                                                    "Actual Loops": 1
                                                },
                                                {
                                                    "Worker Number": 2,
                                                    "Actual Startup Time": 60.137,
                                                    "Actual Total Time": 97.957,
                                                    "Actual Rows": 214532,
                                                    "Actual Loops": 1
                                                },
                                                {
                                                    "Worker Number": 3,
                                                    "Actual Startup Time": 60.109,
                                                    "Actual Total Time": 98.919,
                                                    "Actual Rows": 230610,
                                                    "Actual Loops": 1
                                                },
                                                {
                                                    "Worker Number": 4,
                                                    "Actual Startup Time": 60.069,
                                                    "Actual Total Time": 97.936,
                                                    "Actual Rows": 214058,
                                                    "Actual Loops": 1
                                                }
                                            ],
                                            "Plans": [
                                                {
                                                    "Node Type": "Bitmap Index Scan",
                                                    "Parent Relationship": "Outer",
                                                    "Parallel Aware": false,
                                                    "Index Name": "info_type_id_movie_info",
                                                    "Startup Cost": 0.0,
                                                    "Total Cost": 25950.32,
                                                    "Plan Rows": 1450918,
                                                    "Plan Width": 0,
                                                    "Actual Startup Time": 58.38,
                                                    "Actual Total Time": 58.38,
                                                    "Actual Rows": 1401902,
                                                    "Actual Loops": 1,
                                                    "Index Cond": "(mi.info_type_id = 7)",
                                                    "Workers": [
                                                        {
                                                            "Worker Number": 0,
                                                            "Actual Startup Time": 58.38,
                                                            "Actual Total Time": 58.38,
                                                            "Actual Rows": 1401902,
                                                            "Actual Loops": 1
                                                        }
                                                    ]
                                                }
                                            ]
                                        },
                                        {
                                            "Node Type": "Hash",
                                            "Parent Relationship": "Inner",
                                            "Parallel Aware": true,
                                            "Startup Cost": 45479.21,
                                            "Total Cost": 45479.21,
                                            "Plan Rows": 248625,
                                            "Plan Width": 4,
                                            "Actual Startup Time": 179.07,
                                            "Actual Total Time": 179.071,
                                            "Actual Rows": 183182,
                                            "Actual Loops": 6,
                                            "Output": [
                                                "t.id"
                                            ],
                                            "Hash Buckets": 2097152,
                                            "Original Hash Buckets": 1048576,
                                            "Hash Batches": 1,
                                            "Original Hash Batches": 1,
                                            "Peak Memory Usage": 67648,
                                            "Workers": [
                                                {
                                                    "Worker Number": 0,
                                                    "Actual Startup Time": 178.257,
                                                    "Actual Total Time": 178.258,
                                                    "Actual Rows": 182805,
                                                    "Actual Loops": 1
                                                },
                                                {
                                                    "Worker Number": 1,
                                                    "Actual Startup Time": 178.208,
                                                    "Actual Total Time": 178.209,
                                                    "Actual Rows": 130444,
                                                    "Actual Loops": 1
                                                },
                                                {
                                                    "Worker Number": 2,
                                                    "Actual Startup Time": 178.187,
                                                    "Actual Total Time": 178.187,
                                                    "Actual Rows": 165745,
                                                    "Actual Loops": 1
                                                },
                                                {
                                                    "Worker Number": 3,
                                                    "Actual Startup Time": 179.244,
                                                    "Actual Total Time": 179.245,
                                                    "Actual Rows": 185338,
                                                    "Actual Loops": 1
                                                },
                                                {
                                                    "Worker Number": 4,
                                                    "Actual Startup Time": 179.478,
                                                    "Actual Total Time": 179.479,
                                                    "Actual Rows": 165202,
                                                    "Actual Loops": 1
                                                }
                                            ],
                                            "Plans": [
                                                {
                                                    "Node Type": "Seq Scan",
                                                    "Parent Relationship": "Outer",
                                                    "Parallel Aware": true,
                                                    "Relation Name": "title",
                                                    "Schema": "public",
                                                    "Alias": "t",
                                                    "Startup Cost": 0.0,
                                                    "Total Cost": 45479.21,
                                                    "Plan Rows": 248625,
                                                    "Plan Width": 4,
                                                    "Actual Startup Time": 0.041,
                                                    "Actual Total Time": 80.354,
                                                    "Actual Rows": 183182,
                                                    "Actual Loops": 6,
                                                    "Output": [
                                                        "t.id"
                                                    ],
                                                    "Filter": "((t.production_year > 1994) AND (t.kind_id = 7))",
                                                    "Rows Removed by Filter": 238203,
                                                    "Workers": [
                                                        {
                                                            "Worker Number": 0,
                                                            "Actual Startup Time": 0.039,
                                                            "Actual Total Time": 81.568,
                                                            "Actual Rows": 182805,
                                                            "Actual Loops": 1
                                                        },
                                                        {
                                                            "Worker Number": 1,
                                                            "Actual Startup Time": 0.054,
                                                            "Actual Total Time": 82.876,
                                                            "Actual Rows": 130444,
                                                            "Actual Loops": 1
                                                        },
                                                        {
                                                            "Worker Number": 2,
                                                            "Actual Startup Time": 0.045,
                                                            "Actual Total Time": 80.843,
                                                            "Actual Rows": 165745,
                                                            "Actual Loops": 1
                                                        },
                                                        {
                                                            "Worker Number": 3,
                                                            "Actual Startup Time": 0.049,
                                                            "Actual Total Time": 81.575,
                                                            "Actual Rows": 185338,
                                                            "Actual Loops": 1
                                                        },
                                                        {
                                                            "Worker Number": 4,
                                                            "Actual Startup Time": 0.046,
                                                            "Actual Total Time": 81.613,
                                                            "Actual Rows": 165202,
                                                            "Actual Loops": 1
                                                        }
                                                    ]
                                                }
                                            ]
                                        }
                                    ]
                                }
                            ]
                        }
                    ]
                }
            ]
        },
        "Planning Time": 178.674,
        "Triggers": [],
        "Execution Time": 359.357
    }
]