[
  {
    "Plan": {
      "Node Type": "Aggregate",
      "Strategy": "Plain",
      "Partial Mode": "Finalize",
      "Parallel Aware": false,
      "Startup Cost": 33180.93,
      "Total Cost": 33180.94,
      "Plan Rows": 1,
      "Plan Width": 8,
      "Actual Startup Time": 86.941,
      "Actual Total Time": 95.213,
      "Actual Rows": 1,
      "Actual Loops": 1,
      "Plans": [
        {
          "Node Type": "Gather",
          "Parent Relationship": "Outer",
          "Parallel Aware": false,
          "Startup Cost": 33180.61,
          "Total Cost": 33180.92,
          "Plan Rows": 3,
          "Plan Width": 8,
          "Actual Startup Time": 86.85,
          "Actual Total Time": 95.206,
          "Actual Rows": 4,
          "Actual Loops": 1,
          "Workers Planned": 3,
          "Workers Launched": 3,
          "Single Copy": false,
          "Plans": [
            {
              "Node Type": "Aggregate",
              "Strategy": "Plain",
              "Partial Mode": "Partial",
              "Parent Relationship": "Outer",
              "Parallel Aware": false,
              "Startup Cost": 32180.61,
              "Total Cost": 32180.62,
              "Plan Rows": 1,
              "Plan Width": 8,
              "Actual Startup Time": 83.578,
              "Actual Total Time": 83.579,
              "Actual Rows": 1,
              "Actual Loops": 4,
              "Plans": [
                {
                  "Node Type": "Seq Scan",
                  "Parent Relationship": "Outer",
                  "Parallel Aware": true,
                  "Relation Name": "movie_companies",
                  "Alias": "mc",
                  "Startup Cost": 0.0,
                  "Total Cost": 31414.82,
                  "Plan Rows": 306317,
                  "Plan Width": 0,
                  "Actual Startup Time": 0.017,
                  "Actual Total Time": 70.188,
                  "Actual Rows": 312840,
                  "Actual Loops": 4,
                  "Filter": "((company_id < 52463) AND (company_type_id = 1))",
                  "Rows Removed by Filter": 339442
                }
              ]
            }
          ]
        }
      ]
    },
    "Planning Time": 0.255,
    "Triggers": [],
    "Execution Time": 95.245
  }
]