[
  {
    "Plan": {
      "Node Type": "Aggregate",
      "Strategy": "Plain",
      "Partial Mode": "Finalize",
      "Parallel Aware": false,
      "Startup Cost": 330922.36,
      "Total Cost": 330922.37,
      "Plan Rows": 1,
      "Plan Width": 8,
      "Actual Startup Time": 663.733,
      "Actual Total Time": 722.912,
      "Actual Rows": 1,
      "Actual Loops": 1,
      "Plans": [
        {
          "Node Type": "Gather",
          "Parent Relationship": "Outer",
          "Parallel Aware": false,
          "Startup Cost": 330921.74,
          "Total Cost": 330922.35,
          "Plan Rows": 6,
          "Plan Width": 8,
          "Actual Startup Time": 663.503,
          "Actual Total Time": 722.898,
          "Actual Rows": 7,
          "Actual Loops": 1,
          "Workers Planned": 6,
          "Workers Launched": 6,
          "Single Copy": false,
          "Plans": [
            {
              "Node Type": "Aggregate",
              "Strategy": "Plain",
              "Partial Mode": "Partial",
              "Parent Relationship": "Outer",
              "Parallel Aware": false,
              "Startup Cost": 329921.74,
              "Total Cost": 329921.75,
              "Plan Rows": 1,
              "Plan Width": 8,
              "Actual Startup Time": 652.582,
              "Actual Total Time": 652.584,
              "Actual Rows": 1,
              "Actual Loops": 7,
              "Plans": [
                {
                  "Node Type": "Seq Scan",
                  "Parent Relationship": "Outer",
                  "Parallel Aware": true,
                  "Relation Name": "cast_info",
                  "Alias": "ci",
                  "Startup Cost": 0.0,
                  "Total Cost": 328211.39,
                  "Plan Rows": 684138,
                  "Plan Width": 0,
                  "Actual Startup Time": 0.05,
                  "Actual Total Time": 616.999,
                  "Actual Rows": 609077,
                  "Actual Loops": 7,
                  "Filter": "(person_id < 411060)",
                  "Rows Removed by Filter": 4568687
                }
              ]
            }
          ]
        }
      ]
    },
    "Planning Time": 0.206,
    "Triggers": [],
    "Execution Time": 722.986
  }
]