[
    {
        "Bao": {
            "Bao prediction": "NaN",
            "Bao recommended hint": "(no hint)"
        }
    },
    {
        "Plan": {
            "Node Type": "Aggregate",
            "Strategy": "Plain",
            "Partial Mode": "Finalize",
            "Parallel Aware": false,
            "Startup Cost": 271845.79,
            "Total Cost": 271845.8,
            "Plan Rows": 1,
            "Plan Width": 8,
            "Actual Startup Time": 105.922,
            "Actual Total Time": 110.026,
            "Actual Rows": 1,
            "Actual Loops": 1,
            "Output": [
                "count(*)"
            ],
            "Plans": [
                {
                    "Node Type": "Gather",
                    "Parent Relationship": "Outer",
                    "Parallel Aware": false,
                    "Startup Cost": 271845.16,
                    "Total Cost": 271845.77,
                    "Plan Rows": 6,
                    "Plan Width": 8,
                    "Actual Startup Time": 105.554,
                    "Actual Total Time": 110.016,
                    "Actual Rows": 7,
                    "Actual Loops": 1,
                    "Output": [
                        "(PARTIAL count(*))"
                    ],
                    "Workers Planned": 6,
                    "Workers Launched": 6,
                    "Single Copy": false,
                    "Plans": [
                        {
                            "Node Type": "Aggregate",
                            "Strategy": "Plain",
                            "Partial Mode": "Partial",
                            "Parent Relationship": "Outer",
                            "Parallel Aware": false,
                            "Startup Cost": 270845.16,
                            "Total Cost": 270845.17,
                            "Plan Rows": 1,
                            "Plan Width": 8,
                            "Actual Startup Time": 94.193,
                            "Actual Total Time": 94.194,
                            "Actual Rows": 1,
                            "Actual Loops": 7,
                            "Output": [
                                "PARTIAL count(*)"
                            ],
                            "Workers": [
                                {
                                    "Worker Number": 0,
                                    "Actual Startup Time": 91.739,
                                    "Actual Total Time": 91.74,
                                    "Actual Rows": 1,
                                    "Actual Loops": 1
                                },
                                {
                                    "Worker Number": 1,
                                    "Actual Startup Time": 91.697,
                                    "Actual Total Time": 91.699,
                                    "Actual Rows": 1,
                                    "Actual Loops": 1
                                },
                                {
                                    "Worker Number": 2,
                                    "Actual Startup Time": 91.776,
                                    "Actual Total Time": 91.777,
                                    "Actual Rows": 1,
                                    "Actual Loops": 1
                                },
                                {
                                    "Worker Number": 3,
                                    "Actual Startup Time": 92.843,
                                    "Actual Total Time": 92.844,
                                    "Actual Rows": 1,
                                    "Actual Loops": 1
                                },
                                {
                                    "Worker Number": 4,
                                    "Actual Startup Time": 92.993,
                                    "Actual Total Time": 92.994,
                                    "Actual Rows": 1,
                                    "Actual Loops": 1
                                },
                                {
                                    "Worker Number": 5,
                                    "Actual Startup Time": 93.295,
                                    "Actual Total Time": 93.297,
                                    "Actual Rows": 1,
                                    "Actual Loops": 1
                                }
                            ],
                            "Plans": [
                                {
                                    "Node Type": "Bitmap Heap Scan",
                                    "Parent Relationship": "Outer",
                                    "Parallel Aware": true,
                                    "Relation Name": "cast_info",
                                    "Schema": "public",
                                    "Alias": "ci",
                                    "Startup Cost": 16077.91,
                                    "Total Cost": 270588.73,
                                    "Plan Rows": 102572,
                                    "Plan Width": 0,
                                    "Actual Startup Time": 39.042,
                                    "Actual Total Time": 85.581,
                                    "Actual Rows": 100842,
                                    "Actual Loops": 7,
                                    "Recheck Cond": "(ci.person_id < 79247)",
                                    "Rows Removed by Index Recheck": 0,
                                    "Filter": "(ci.role_id < 9)",
                                    "Rows Removed by Filter": 5701,
                                    "Exact Heap Blocks": 1739,
                                    "Lossy Heap Blocks": 0,
                                    "Workers": [
                                        {
                                            "Worker Number": 0,
                                            "Actual Startup Time": 36.796,
                                            "Actual Total Time": 83.505,
                                            "Actual Rows": 83789,
                                            "Actual Loops": 1
                                        },
                                        {
                                            "Worker Number": 1,
                                            "Actual Startup Time": 36.316,
                                            "Actual Total Time": 83.13,
                                            "Actual Rows": 92697,
                                            "Actual Loops": 1
                                        },
                                        {
                                            "Worker Number": 2,
                                            "Actual Startup Time": 36.404,
                                            "Actual Total Time": 83.304,
                                            "Actual Rows": 91945,
                                            "Actual Loops": 1
                                        },
                                        {
                                            "Worker Number": 3,
                                            "Actual Startup Time": 38.157,
                                            "Actual Total Time": 84.642,
                                            "Actual Rows": 88199,
                                            "Actual Loops": 1
                                        },
                                        {
                                            "Worker Number": 4,
                                            "Actual Startup Time": 37.601,
                                            "Actual Total Time": 84.743,
                                            "Actual Rows": 92356,
                                            "Actual Loops": 1
                                        },
                                        {
                                            "Worker Number": 5,
                                            "Actual Startup Time": 38.827,
                                            "Actual Total Time": 84.92,
                                            "Actual Rows": 89860,
                                            "Actual Loops": 1
                                        }
                                    ],
                                    "Plans": [
                                        {
                                            "Node Type": "Bitmap Index Scan",
                                            "Parent Relationship": "Outer",
                                            "Parallel Aware": false,
                                            "Index Name": "person_id_cast_info",
                                            "Startup Cost": 0.0,
                                            "Total Cost": 15924.05,
                                            "Plan Rows": 729531,
                                            "Plan Width": 0,
                                            "Actual Startup Time": 47.36,
                                            "Actual Total Time": 47.36,
                                            "Actual Rows": 745801,
                                            "Actual Loops": 1,
                                            "Index Cond": "(ci.person_id < 79247)"
                                        }
                                    ]
                                }
                            ]
                        }
                    ]
                }
            ]
        },
        "Planning Time": 331.004,
        "Triggers": [],
        "Execution Time": 110.114
    }
]