[
  {
    "Plan": {
      "Node Type": "Aggregate",
      "Strategy": "Plain",
      "Partial Mode": "Finalize",
      "Parallel Aware": false,
      "Startup Cost": 332771.66,
      "Total Cost": 332771.67,
      "Plan Rows": 1,
      "Plan Width": 8,
      "Actual Startup Time": 614.14,
      "Actual Total Time": 655.876,
      "Actual Rows": 1,
      "Actual Loops": 1,
      "Plans": [
        {
          "Node Type": "Gather",
          "Parent Relationship": "Outer",
          "Parallel Aware": false,
          "Startup Cost": 332771.04,
          "Total Cost": 332771.65,
          "Plan Rows": 6,
          "Plan Width": 8,
          "Actual Startup Time": 613.908,
          "Actual Total Time": 655.861,
          "Actual Rows": 7,
          "Actual Loops": 1,
          "Workers Planned": 6,
          "Workers Launched": 6,
          "Single Copy": false,
          "Plans": [
            {
              "Node Type": "Aggregate",
              "Strategy": "Plain",
              "Partial Mode": "Partial",
              "Parent Relationship": "Outer",
              "Parallel Aware": false,
              "Startup Cost": 331771.04,
              "Total Cost": 331771.05,
              "Plan Rows": 1,
              "Plan Width": 8,
              "Actual Startup Time": 606.56,
              "Actual Total Time": 606.561,
              "Actual Rows": 1,
              "Actual Loops": 7,
              "Plans": [
                {
                  "Node Type": "Seq Scan",
                  "Parent Relationship": "Outer",
                  "Parallel Aware": true,
                  "Relation Name": "cast_info",
                  "Alias": "ci",
                  "Startup Cost": 0.0,
                  "Total Cost": 328211.39,
                  "Plan Rows": 1423859,
                  "Plan Width": 0,
                  "Actual Startup Time": 0.044,
                  "Actual Total Time": 548.435,
                  "Actual Rows": 1230126,
                  "Actual Loops": 7,
                  "Filter": "(person_id < 846375)",
                  "Rows Removed by Filter": 3947637
                }
              ]
            }
          ]
        }
      ]
    },
    "Planning Time": 0.084,
    "Triggers": [],
    "Execution Time": 655.916
  }
]