[
  {
    "Plan": {
      "Node Type": "Aggregate",
      "Strategy": "Plain",
      "Partial Mode": "Finalize",
      "Parallel Aware": false,
      "Startup Cost": 332693.0,
      "Total Cost": 332693.01,
      "Plan Rows": 1,
      "Plan Width": 8,
      "Actual Startup Time": 626.446,
      "Actual Total Time": 684.886,
      "Actual Rows": 1,
      "Actual Loops": 1,
      "Plans": [
        {
          "Node Type": "Gather",
          "Parent Relationship": "Outer",
          "Parallel Aware": false,
          "Startup Cost": 332692.38,
          "Total Cost": 332692.99,
          "Plan Rows": 6,
          "Plan Width": 8,
          "Actual Startup Time": 626.291,
          "Actual Total Time": 684.876,
          "Actual Rows": 7,
          "Actual Loops": 1,
          "Workers Planned": 6,
          "Workers Launched": 6,
          "Single Copy": false,
          "Plans": [
            {
              "Node Type": "Aggregate",
              "Strategy": "Plain",
              "Partial Mode": "Partial",
              "Parent Relationship": "Outer",
              "Parallel Aware": false,
              "Startup Cost": 331692.38,
              "Total Cost": 331692.39,
              "Plan Rows": 1,
              "Plan Width": 8,
              "Actual Startup Time": 616.605,
              "Actual Total Time": 616.606,
              "Actual Rows": 1,
              "Actual Loops": 7,
              "Plans": [
                {
                  "Node Type": "Seq Scan",
                  "Parent Relationship": "Outer",
                  "Parallel Aware": true,
                  "Relation Name": "cast_info",
                  "Alias": "ci",
                  "Startup Cost": 0.0,
                  "Total Cost": 328162.03,
                  "Plan Rows": 1412141,
                  "Plan Width": 0,
                  "Actual Startup Time": 0.054,
                  "Actual Total Time": 561.229,
                  "Actual Rows": 1230126,
                  "Actual Loops": 7,
                  "Filter": "(person_id < 846375)",
                  "Rows Removed by Filter": 3947637
                }
              ]
            }
          ]
        }
      ]
    },
    "Planning Time": 0.168,
    "Triggers": [],
    "Execution Time": 684.955
  }
]