[
  {
    "Plan": {
      "Node Type": "Aggregate",
      "Strategy": "Plain",
      "Partial Mode": "Finalize",
      "Parallel Aware": false,
      "Startup Cost": 63151.58,
      "Total Cost": 63151.59,
      "Plan Rows": 1,
      "Plan Width": 8,
      "Actual Startup Time": 122.177,
      "Actual Total Time": 136.984,
      "Actual Rows": 1,
      "Actual Loops": 1,
      "Plans": [
        {
          "Node Type": "Gather",
          "Parent Relationship": "Outer",
          "Parallel Aware": false,
          "Startup Cost": 63151.16,
          "Total Cost": 63151.57,
          "Plan Rows": 4,
          "Plan Width": 8,
          "Actual Startup Time": 121.91,
          "Actual Total Time": 136.974,
          "Actual Rows": 5,
          "Actual Loops": 1,
          "Workers Planned": 4,
          "Workers Launched": 4,
          "Single Copy": false,
          "Plans": [
            {
              "Node Type": "Aggregate",
              "Strategy": "Plain",
              "Partial Mode": "Partial",
              "Parent Relationship": "Outer",
              "Parallel Aware": false,
              "Startup Cost": 62151.16,
              "Total Cost": 62151.17,
              "Plan Rows": 1,
              "Plan Width": 8,
              "Actual Startup Time": 111.302,
              "Actual Total Time": 111.304,
              "Actual Rows": 1,
              "Actual Loops": 5,
              "Plans": [
                {
                  "Node Type": "Nested Loop",
                  "Parent Relationship": "Outer",
                  "Parallel Aware": false,
                  "Join Type": "Inner",
                  "Startup Cost": 0.43,
                  "Total Cost": 62148.74,
                  "Plan Rows": 970,
                  "Plan Width": 0,
                  "Actual Startup Time": 66.715,
                  "Actual Total Time": 111.191,
                  "Actual Rows": 1672,
                  "Actual Loops": 5,
                  "Inner Unique": false,
                  "Plans": [
                    {
                      "Node Type": "Seq Scan",
                      "Parent Relationship": "Outer",
                      "Parallel Aware": true,
                      "Relation Name": "title",
                      "Alias": "t",
                      "Startup Cost": 0.0,
                      "Total Cost": 45479.59,
                      "Plan Rows": 2014,
                      "Plan Width": 4,
                      "Actual Startup Time": 66.428,
                      "Actual Total Time": 96.495,
                      "Actual Rows": 1067,
                      "Actual Loops": 5,
                      "Filter": "((kind_id = 1) AND (production_year = 1994))",
                      "Rows Removed by Filter": 504595
                    },
                    {
                      "Node Type": "Index Scan",
                      "Parent Relationship": "Inner",
                      "Parallel Aware": false,
                      "Scan Direction": "Forward",
                      "Index Name": "movie_id_movie_keyword",
                      "Relation Name": "movie_keyword",
                      "Alias": "mk",
                      "Startup Cost": 0.43,
                      "Total Cost": 8.16,
                      "Plan Rows": 12,
                      "Plan Width": 4,
                      "Actual Startup Time": 0.012,
                      "Actual Total Time": 0.013,
                      "Actual Rows": 2,
                      "Actual Loops": 5336,
                      "Index Cond": "(movie_id = t.id)",
                      "Rows Removed by Index Recheck": 0,
                      "Filter": "(keyword_id > 14894)",
                      "Rows Removed by Filter": 5
                    }
                  ]
                }
              ]
            }
          ]
        }
      ]
    },
    "Planning Time": 0.627,
    "Triggers": [],
    "Execution Time": 137.048
  }
]