{
  "Plan": {
    "Node Type": "Aggregate",
    "Strategy": "Plain",
    "Partial Mode": "Finalize",
    "Parallel Aware": false,
    "Startup Cost": 137749.05,
    "Total Cost": 137749.06,
    "Plan Rows": 1,
    "Plan Width": 8,
    "Actual Startup Time": 151.632,
    "Actual Total Time": 163.331,
    "Actual Rows": 1,
    "Actual Loops": 1,
    "Plans": [
      {
        "Node Type": "Gather",
        "Parent Relationship": "Outer",
        "Parallel Aware": false,
        "Startup Cost": 137748.94,
        "Total Cost": 137749.05,
        "Plan Rows": 1,
        "Plan Width": 8,
        "Actual Startup Time": 151.468,
        "Actual Total Time": 163.325,
        "Actual Rows": 2,
        "Actual Loops": 1,
        "Workers Planned": 1,
        "Workers Launched": 1,
        "Single Copy": false,
        "Plans": [
          {
            "Node Type": "Aggregate",
            "Strategy": "Plain",
            "Partial Mode": "Partial",
            "Parent Relationship": "Outer",
            "Parallel Aware": false,
            "Startup Cost": 136748.94,
            "Total Cost": 136748.95,
            "Plan Rows": 1,
            "Plan Width": 8,
            "Actual Startup Time": 145.66,
            "Actual Total Time": 145.663,
            "Actual Rows": 1,
            "Actual Loops": 2,
            "Plans": [
              {
                "Node Type": "Hash Join",
                "Parent Relationship": "Outer",
                "Parallel Aware": true,
                "Join Type": "Inner",
                "Startup Cost": 55259.97,
                "Total Cost": 136748.75,
                "Plan Rows": 75,
                "Plan Width": 0,
                "Actual Startup Time": 137.95,
                "Actual Total Time": 145.651,
                "Actual Rows": 62,
                "Actual Loops": 2,
                "Inner Unique": true,
                "Hash Cond": "(mi.movie_id = t.id)",
                "Plans": [
                  {
                    "Node Type": "Bitmap Heap Scan",
                    "Parent Relationship": "Outer",
                    "Parallel Aware": true,
                    "Relation Name": "movie_info",
                    "Alias": "mi",
                    "Startup Cost": 600.32,
                    "Total Cost": 82038.11,
                    "Plan Rows": 19422,
                    "Plan Width": 4,
                    "Actual Startup Time": 2.692,
                    "Actual Total Time": 8.79,
                    "Actual Rows": 16026,
                    "Actual Loops": 2,
                    "Recheck Cond": "(info_type_id > 108)",
                    "Rows Removed by Index Recheck": 0,
                    "Exact Heap Blocks": 2484,
                    "Lossy Heap Blocks": 0,
                    "Plans": [
                      {
                        "Node Type": "Bitmap Index Scan",
                        "Parent Relationship": "Outer",
                        "Parallel Aware": false,
                        "Index Name": "info_type_id_movie_info",
                        "Startup Cost": 0.0,
                        "Total Cost": 592.06,
                        "Plan Rows": 33017,
                        "Plan Width": 0,
                        "Actual Startup Time": 2.194,
                        "Actual Total Time": 2.195,
                        "Actual Rows": 32053,
                        "Actual Loops": 1,
                        "Index Cond": "(info_type_id > 108)"
                      }
                    ]
                  },
                  {
                    "Node Type": "Hash",
                    "Parent Relationship": "Inner",
                    "Parallel Aware": true,
                    "Startup Cost": 54588.39,
                    "Total Cost": 54588.39,
                    "Plan Rows": 5701,
                    "Plan Width": 4,
                    "Actual Startup Time": 134.299,
                    "Actual Total Time": 134.299,
                    "Actual Rows": 5258,
                    "Actual Loops": 2,
                    "Hash Buckets": 16384,
                    "Original Hash Buckets": 16384,
                    "Hash Batches": 1,
                    "Original Hash Batches": 1,
                    "Peak Memory Usage": 576,
                    "Plans": [
                      {
                        "Node Type": "Seq Scan",
                        "Parent Relationship": "Outer",
                        "Parallel Aware": true,
                        "Relation Name": "title",
                        "Alias": "t",
                        "Startup Cost": 0.0,
                        "Total Cost": 54588.39,
                        "Plan Rows": 5701,
                        "Plan Width": 4,
                        "Actual Startup Time": 0.099,
                        "Actual Total Time": 132.15,
                        "Actual Rows": 5258,
                        "Actual Loops": 2,
                        "Filter": "(production_year = 1959)",
                        "Rows Removed by Filter": 1258898
                      }
                    ]
                  }
                ]
              }
            ]
          }
        ]
      }
    ]
  },
  "Planning Time": 0.448,
  "Triggers": [],
  "Execution Time": 163.423
}