[
  {
    "Plan": {
      "Node Type": "Aggregate",
      "Strategy": "Plain",
      "Partial Mode": "Simple",
      "Parallel Aware": false,
      "Startup Cost": 188226.61,
      "Total Cost": 188226.62,
      "Plan Rows": 1,
      "Plan Width": 64,
      "Actual Startup Time": 29108.5,
      "Actual Total Time": 29108.644,
      "Actual Rows": 1,
      "Actual Loops": 1,
      "Output": [
        "min(n.name)",
        "min(t.title)"
      ],
      "Plans": [
        {
          "Node Type": "Nested Loop",
          "Parent Relationship": "Outer",
          "Parallel Aware": false,
          "Join Type": "Inner",
          "Startup Cost": 3.56,
          "Total Cost": 188226.58,
          "Plan Rows": 7,
          "Plan Width": 32,
          "Actual Startup Time": 354.554,
          "Actual Total Time": 29101.746,
          "Actual Rows": 3575,
          "Actual Loops": 1,
          "Output": [
            "n.name",
            "t.title"
          ],
          "Inner Unique": false,
          "Join Filter": "(n.id = an.person_id)",
          "Rows Removed by Join Filter": 0,
          "Plans": [
            {
              "Node Type": "Nested Loop",
              "Parent Relationship": "Outer",
              "Parallel Aware": false,
              "Join Type": "Inner",
              "Startup Cost": 3.14,
              "Total Cost": 188224.91,
              "Plan Rows": 3,
              "Plan Width": 40,
              "Actual Startup Time": 120.373,
              "Actual Total Time": 28937.727,
              "Actual Rows": 2632,
              "Actual Loops": 1,
              "Output": [
                "ci.person_id",
                "n.name",
                "n.id",
                "t.title"
              ],
              "Inner Unique": true,
              "Plans": [
                {
                  "Node Type": "Nested Loop",
                  "Parent Relationship": "Outer",
                  "Parallel Aware": false,
                  "Join Type": "Inner",
                  "Startup Cost": 2.72,
                  "Total Cost": 188221.34,
                  "Plan Rows": 8,
                  "Plan Width": 44,
                  "Actual Startup Time": 119.23,
                  "Actual Total Time": 27955.667,
                  "Actual Rows": 8585,
                  "Actual Loops": 1,
                  "Output": [
                    "ci.person_id",
                    "mc.company_id",
                    "n.name",
                    "n.id",
                    "t.title"
                  ],
                  "Inner Unique": false,
                  "Plans": [
                    {
                      "Node Type": "Nested Loop",
                      "Parent Relationship": "Outer",
                      "Parallel Aware": false,
                      "Join Type": "Inner",
                      "Startup Cost": 2.29,
                      "Total Cost": 188220.05,
                      "Plan Rows": 2,
                      "Plan Width": 52,
                      "Actual Startup Time": 118.354,
                      "Actual Total Time": 27549.633,
                      "Actual Rows": 2129,
                      "Actual Loops": 1,
                      "Output": [
                        "ci.movie_id",
                        "ci.person_id",
                        "mi.movie_id",
                        "n.name",
                        "n.id",
                        "t.title",
                        "t.id"
                      ],
                      "Inner Unique": true,
                      "Plans": [
                        {
                          "Node Type": "Nested Loop",
                          "Parent Relationship": "Outer",
                          "Parallel Aware": false,
                          "Join Type": "Inner",
                          "Startup Cost": 1.86,
                          "Total Cost": 188218.7,
                          "Plan Rows": 2,
                          "Plan Width": 56,
                          "Actual Startup Time": 116.679,
                          "Actual Total Time": 26988.546,
                          "Actual Rows": 2265,
                          "Actual Loops": 1,
                          "Output": [
                            "ci.movie_id",
                            "ci.person_id",
                            "ci.person_role_id",
                            "mi.movie_id",
                            "n.name",
                            "n.id",
                            "t.title",
                            "t.id"
                          ],
                          "Inner Unique": false,
                          "Join Filter": "(mi.info_type_id = it.id)",
                          "Rows Removed by Join Filter": 0,
                          "Plans": [
                            {
                              "Node Type": "Seq Scan",
                              "Parent Relationship": "Outer",
                              "Parallel Aware": false,
                              "Relation Name": "info_type",
                              "Schema": "public",
                              "Alias": "it",
                              "Startup Cost": 0.0,
                              "Total Cost": 2.41,
                              "Plan Rows": 1,
                              "Plan Width": 4,
                              "Actual Startup Time": 1.115,
                              "Actual Total Time": 1.24,
                              "Actual Rows": 1,
                              "Actual Loops": 1,
                              "Output": [
                                "it.id",
                                "it.info"
                              ],
                              "Filter": "((it.info)::text = 'release dates'::text)",
                              "Rows Removed by Filter": 112
                            },
                            {
                              "Node Type": "Nested Loop",
                              "Parent Relationship": "Inner",
                              "Parallel Aware": false,
                              "Join Type": "Inner",
                              "Startup Cost": 1.86,
                              "Total Cost": 188214.17,
                              "Plan Rows": 169,
                              "Plan Width": 60,
                              "Actual Startup Time": 115.499,
                              "Actual Total Time": 26976.573,
                              "Actual Rows": 2265,
                              "Actual Loops": 1,
                              "Output": [
                                "ci.movie_id",
                                "ci.person_id",
                                "ci.person_role_id",
                                "mi.movie_id",
                                "mi.info_type_id",
                                "n.name",
                                "n.id",
                                "t.title",
                                "t.id"
                              ],
                              "Inner Unique": false,
                              "Plans": [
                                {
                                  "Node Type": "Nested Loop",
                                  "Parent Relationship": "Outer",
                                  "Parallel Aware": false,
                                  "Join Type": "Inner",
                                  "Startup Cost": 1.42,
                                  "Total Cost": 187537.76,
                                  "Plan Rows": 347,
                                  "Plan Width": 52,
                                  "Actual Startup Time": 113.268,
                                  "Actual Total Time": 23487.902,
                                  "Actual Rows": 3686,
                                  "Actual Loops": 1,
                                  "Output": [
                                    "ci.movie_id",
                                    "ci.person_id",
                                    "ci.person_role_id",
                                    "n.name",
                                    "n.id",
                                    "t.title",
                                    "t.id"
                                  ],
                                  "Inner Unique": true,
                                  "Plans": [
                                    {
                                      "Node Type": "Nested Loop",
                                      "Parent Relationship": "Outer",
                                      "Parallel Aware": false,
                                      "Join Type": "Inner",
                                      "Startup Cost": 0.99,
                                      "Total Cost": 187115.44,
                                      "Plan Rows": 636,
                                      "Plan Width": 31,
                                      "Actual Startup Time": 111.803,
                                      "Actual Total Time": 20993.799,
                                      "Actual Rows": 6552,
                                      "Actual Loops": 1,
                                      "Output": [
                                        "ci.movie_id",
                                        "ci.person_id",
                                        "ci.person_role_id",
                                        "n.name",
                                        "n.id"
                                      ],
                                      "Inner Unique": true,
                                      "Plans": [
                                        {
                                          "Node Type": "Nested Loop",
                                          "Parent Relationship": "Outer",
                                          "Parallel Aware": false,
                                          "Join Type": "Inner",
                                          "Startup Cost": 0.56,
                                          "Total Cost": 131858.72,
                                          "Plan Rows": 70089,
                                          "Plan Width": 12,
                                          "Actual Startup Time": 9.501,
                                          "Actual Total Time": 16038.989,
                                          "Actual Rows": 276166,
                                          "Actual Loops": 1,
                                          "Output": [
                                            "ci.movie_id",
                                            "ci.person_id",
                                            "ci.person_role_id"
                                          ],
                                          "Inner Unique": false,
                                          "Plans": [
                                            {
                                              "Node Type": "Seq Scan",
                                              "Parent Relationship": "Outer",
                                              "Parallel Aware": false,
                                              "Relation Name": "role_type",
                                              "Schema": "public",
                                              "Alias": "rt",
                                              "Startup Cost": 0.0,
                                              "Total Cost": 1.15,
                                              "Plan Rows": 1,
                                              "Plan Width": 4,
                                              "Actual Startup Time": 0.653,
                                              "Actual Total Time": 0.85,
                                              "Actual Rows": 1,
                                              "Actual Loops": 1,
                                              "Output": [
                                                "rt.id",
                                                "rt.role"
                                              ],
                                              "Filter": "((rt.role)::text = 'actress'::text)",
                                              "Rows Removed by Filter": 11
                                            },
                                            {
                                              "Node Type": "Index Scan",
                                              "Parent Relationship": "Inner",
                                              "Parallel Aware": false,
                                              "Scan Direction": "Forward",
                                              "Index Name": "role_id_cast_info",
                                              "Relation Name": "cast_info",
                                              "Schema": "public",
                                              "Alias": "ci",
                                              "Startup Cost": 0.56,
                                              "Total Cost": 131092.97,
                                              "Plan Rows": 76460,
                                              "Plan Width": 16,
                                              "Actual Startup Time": 8.819,
                                              "Actual Total Time": 15994.094,
                                              "Actual Rows": 276166,
                                              "Actual Loops": 1,
                                              "Output": [
                                                "ci.id",
                                                "ci.person_id",
                                                "ci.movie_id",
                                                "ci.person_role_id",
                                                "ci.note",
                                                "ci.nr_order",
                                                "ci.role_id"
                                              ],
                                              "Index Cond": "(ci.role_id = rt.id)",
                                              "Rows Removed by Index Recheck": 0,
                                              "Filter": "(ci.note = ANY ('{(voice),\"(voice: Japanese version)\",\"(voice) (uncredited)\",\"(voice: English version)\"}'::text[]))",
                                              "Rows Removed by Filter": 7175807
                                            }
                                          ]
                                        },
                                        {
                                          "Node Type": "Index Scan",
                                          "Parent Relationship": "Inner",
                                          "Parallel Aware": false,
                                          "Scan Direction": "Forward",
                                          "Index Name": "name_pkey",
                                          "Relation Name": "name",
                                          "Schema": "public",
                                          "Alias": "n",
                                          "Startup Cost": 0.43,
                                          "Total Cost": 0.79,
                                          "Plan Rows": 1,
                                          "Plan Width": 19,
                                          "Actual Startup Time": 0.017,
                                          "Actual Total Time": 0.017,
                                          "Actual Rows": 0,
                                          "Actual Loops": 276166,
                                          "Output": [
                                            "n.id",
                                            "n.name",
                                            "n.imdb_index",
                                            "n.imdb_id",
                                            "n.gender",
                                            "n.name_pcode_cf",
                                            "n.name_pcode_nf",
                                            "n.surname_pcode",
                                            "n.md5sum"
                                          ],
                                          "Index Cond": "(n.id = ci.person_id)",
                                          "Rows Removed by Index Recheck": 0,
                                          "Filter": "((n.name ~~ '%An%'::text) AND ((n.gender)::text = 'f'::text))",
                                          "Rows Removed by Filter": 1
                                        }
                                      ]
                                    },
                                    {
                                      "Node Type": "Index Scan",
                                      "Parent Relationship": "Inner",
                                      "Parallel Aware": false,
                                      "Scan Direction": "Forward",
                                      "Index Name": "title_pkey",
                                      "Relation Name": "title",
                                      "Schema": "public",
                                      "Alias": "t",
                                      "Startup Cost": 0.43,
                                      "Total Cost": 0.66,
                                      "Plan Rows": 1,
                                      "Plan Width": 21,
                                      "Actual Startup Time": 0.366,
                                      "Actual Total Time": 0.366,
                                      "Actual Rows": 1,
                                      "Actual Loops": 6552,
                                      "Output": [
                                        "t.id",
                                        "t.title",
                                        "t.imdb_index",
                                        "t.kind_id",
                                        "t.production_year",
                                        "t.imdb_id",
                                        "t.phonetic_code",
                                        "t.episode_of_id",
                                        "t.season_nr",
                                        "t.episode_nr",
                                        "t.series_years",
                                        "t.md5sum"
                                      ],
                                      "Index Cond": "(t.id = ci.movie_id)",
                                      "Rows Removed by Index Recheck": 0,
                                      "Filter": "(t.production_year > 2000)",
                                      "Rows Removed by Filter": 0
                                    }
                                  ]
                                },
                                {
                                  "Node Type": "Index Scan",
                                  "Parent Relationship": "Inner",
                                  "Parallel Aware": false,
                                  "Scan Direction": "Forward",
                                  "Index Name": "movie_id_movie_info",
                                  "Relation Name": "movie_info",
                                  "Schema": "public",
                                  "Alias": "mi",
                                  "Startup Cost": 0.43,
                                  "Total Cost": 1.94,
                                  "Plan Rows": 1,
                                  "Plan Width": 8,
                                  "Actual Startup Time": 0.716,
                                  "Actual Total Time": 0.926,
                                  "Actual Rows": 1,
                                  "Actual Loops": 3686,
                                  "Output": [
                                    "mi.id",
                                    "mi.movie_id",
                                    "mi.info_type_id",
                                    "mi.info",
                                    "mi.note"
                                  ],
                                  "Index Cond": "(mi.movie_id = t.id)",
                                  "Rows Removed by Index Recheck": 0,
                                  "Filter": "((mi.info IS NOT NULL) AND ((mi.info ~~ 'Japan:%200%'::text) OR (mi.info ~~ 'USA:%200%'::text)))",
                                  "Rows Removed by Filter": 15
                                }
                              ]
                            }
                          ]
                        },
                        {
                          "Node Type": "Index Only Scan",
                          "Parent Relationship": "Inner",
                          "Parallel Aware": false,
                          "Scan Direction": "Forward",
                          "Index Name": "char_name_pkey",
                          "Relation Name": "char_name",
                          "Schema": "public",
                          "Alias": "chn",
                          "Startup Cost": 0.43,
                          "Total Cost": 0.67,
                          "Plan Rows": 1,
                          "Plan Width": 4,
                          "Actual Startup Time": 0.219,
                          "Actual Total Time": 0.219,
                          "Actual Rows": 1,
                          "Actual Loops": 2265,
                          "Output": [
                            "chn.id"
                          ],
                          "Index Cond": "(chn.id = ci.person_role_id)",
                          "Rows Removed by Index Recheck": 0,
                          "Heap Fetches": 2129
                        }
                      ]
                    },
                    {
                      "Node Type": "Index Scan",
                      "Parent Relationship": "Inner",
                      "Parallel Aware": false,
                      "Scan Direction": "Forward",
                      "Index Name": "movie_id_movie_companies",
                      "Relation Name": "movie_companies",
                      "Schema": "public",
                      "Alias": "mc",
                      "Startup Cost": 0.43,
                      "Total Cost": 0.6,
                      "Plan Rows": 5,
                      "Plan Width": 8,
                      "Actual Startup Time": 0.139,
                      "Actual Total Time": 0.167,
                      "Actual Rows": 4,
                      "Actual Loops": 2129,
                      "Output": [
                        "mc.id",
                        "mc.movie_id",
                        "mc.company_id",
                        "mc.company_type_id",
                        "mc.note"
                      ],
                      "Index Cond": "(mc.movie_id = t.id)",
                      "Rows Removed by Index Recheck": 0
                    }
                  ]
                },
                {
                  "Node Type": "Index Scan",
                  "Parent Relationship": "Inner",
                  "Parallel Aware": false,
                  "Scan Direction": "Forward",
                  "Index Name": "company_name_pkey",
                  "Relation Name": "company_name",
                  "Schema": "public",
                  "Alias": "cn",
                  "Startup Cost": 0.42,
                  "Total Cost": 0.45,
                  "Plan Rows": 1,
                  "Plan Width": 4,
                  "Actual Startup Time": 0.108,
                  "Actual Total Time": 0.108,
                  "Actual Rows": 0,
                  "Actual Loops": 8585,
                  "Output": [
                    "cn.id",
                    "cn.name",
                    "cn.country_code",
                    "cn.imdb_id",
                    "cn.name_pcode_nf",
                    "cn.name_pcode_sf",
                    "cn.md5sum"
                  ],
                  "Index Cond": "(cn.id = mc.company_id)",
                  "Rows Removed by Index Recheck": 0,
                  "Filter": "((cn.country_code)::text = '[us]'::text)",
                  "Rows Removed by Filter": 1
                }
              ]
            },
            {
              "Node Type": "Index Only Scan",
              "Parent Relationship": "Inner",
              "Parallel Aware": false,
              "Scan Direction": "Forward",
              "Index Name": "person_id_aka_name",
              "Relation Name": "aka_name",
              "Schema": "public",
              "Alias": "an",
              "Startup Cost": 0.42,
              "Total Cost": 0.53,
              "Plan Rows": 2,
              "Plan Width": 4,
              "Actual Startup Time": 0.044,
              "Actual Total Time": 0.046,
              "Actual Rows": 1,
              "Actual Loops": 2632,
              "Output": [
                "an.person_id"
              ],
              "Index Cond": "(an.person_id = ci.person_id)",
              "Rows Removed by Index Recheck": 0,
              "Heap Fetches": 3575
            }
          ]
        }
      ]
    },
    "Planning Time": 113.407,
    "Triggers": [],
    "Execution Time": 29129.093
  }
]