[
  {
    "Plan": {
      "Node Type": "Aggregate",
      "Strategy": "Plain",
      "Partial Mode": "Simple",
      "Parallel Aware": false,
      "Startup Cost": 188343.87,
      "Total Cost": 188343.88,
      "Plan Rows": 1,
      "Plan Width": 64,
      "Actual Startup Time": 27372.581,
      "Actual Total Time": 27372.85,
      "Actual Rows": 1,
      "Actual Loops": 1,
      "Output": [
        "min(n.name)",
        "min(t.title)"
      ],
      "Plans": [
        {
          "Node Type": "Nested Loop",
          "Parent Relationship": "Outer",
          "Parallel Aware": false,
          "Join Type": "Inner",
          "Startup Cost": 3.56,
          "Total Cost": 188343.83,
          "Plan Rows": 7,
          "Plan Width": 32,
          "Actual Startup Time": 315.827,
          "Actual Total Time": 27360.437,
          "Actual Rows": 3575,
          "Actual Loops": 1,
          "Output": [
            "n.name",
            "t.title"
          ],
          "Inner Unique": true,
          "Plans": [
            {
              "Node Type": "Nested Loop",
              "Parent Relationship": "Outer",
              "Parallel Aware": false,
              "Join Type": "Inner",
              "Startup Cost": 3.15,
              "Total Cost": 188334.91,
              "Plan Rows": 20,
              "Plan Width": 36,
              "Actual Startup Time": 312.748,
              "Actual Total Time": 26856.589,
              "Actual Rows": 11692,
              "Actual Loops": 1,
              "Output": [
                "mc.company_id",
                "n.name",
                "t.title"
              ],
              "Inner Unique": false,
              "Plans": [
                {
                  "Node Type": "Nested Loop",
                  "Parent Relationship": "Outer",
                  "Parallel Aware": false,
                  "Join Type": "Inner",
                  "Startup Cost": 2.71,
                  "Total Cost": 188332.31,
                  "Plan Rows": 4,
                  "Plan Width": 44,
                  "Actual Startup Time": 311.392,
                  "Actual Total Time": 26642.459,
                  "Actual Rows": 3628,
                  "Actual Loops": 1,
                  "Output": [
                    "ci.movie_id",
                    "mi.movie_id",
                    "n.name",
                    "t.title",
                    "t.id"
                  ],
                  "Inner Unique": true,
                  "Plans": [
                    {
                      "Node Type": "Nested Loop",
                      "Parent Relationship": "Outer",
                      "Parallel Aware": false,
                      "Join Type": "Inner",
                      "Startup Cost": 2.28,
                      "Total Cost": 188329.62,
                      "Plan Rows": 4,
                      "Plan Width": 48,
                      "Actual Startup Time": 309.051,
                      "Actual Total Time": 26357.625,
                      "Actual Rows": 3715,
                      "Actual Loops": 1,
                      "Output": [
                        "ci.movie_id",
                        "ci.person_role_id",
                        "mi.movie_id",
                        "n.name",
                        "t.title",
                        "t.id"
                      ],
                      "Inner Unique": false,
                      "Join Filter": "(n.id = an.person_id)",
                      "Rows Removed by Join Filter": 0,
                      "Plans": [
                        {
                          "Node Type": "Nested Loop",
                          "Parent Relationship": "Outer",
                          "Parallel Aware": false,
                          "Join Type": "Inner",
                          "Startup Cost": 1.86,
                          "Total Cost": 188218.7,
                          "Plan Rows": 200,
                          "Plan Width": 56,
                          "Actual Startup Time": 92.758,
                          "Actual Total Time": 26160.27,
                          "Actual Rows": 2265,
                          "Actual Loops": 1,
                          "Output": [
                            "ci.movie_id",
                            "ci.person_id",
                            "ci.person_role_id",
                            "mi.movie_id",
                            "n.name",
                            "n.id",
                            "t.title",
                            "t.id"
                          ],
                          "Inner Unique": false,
                          "Join Filter": "(mi.info_type_id = it.id)",
                          "Rows Removed by Join Filter": 0,
                          "Plans": [
                            {
                              "Node Type": "Seq Scan",
                              "Parent Relationship": "Outer",
                              "Parallel Aware": false,
                              "Relation Name": "info_type",
                              "Schema": "public",
                              "Alias": "it",
                              "Startup Cost": 0.0,
                              "Total Cost": 2.41,
                              "Plan Rows": 1,
                              "Plan Width": 4,
                              "Actual Startup Time": 1.363,
                              "Actual Total Time": 1.56,
                              "Actual Rows": 1,
                              "Actual Loops": 1,
                              "Output": [
                                "it.id",
                                "it.info"
                              ],
                              "Filter": "((it.info)::text = 'release dates'::text)",
                              "Rows Removed by Filter": 112
                            },
                            {
                              "Node Type": "Nested Loop",
                              "Parent Relationship": "Inner",
                              "Parallel Aware": false,
                              "Join Type": "Inner",
                              "Startup Cost": 1.86,
                              "Total Cost": 188214.17,
                              "Plan Rows": 169,
                              "Plan Width": 60,
                              "Actual Startup Time": 91.317,
                              "Actual Total Time": 26150.747,
                              "Actual Rows": 2265,
                              "Actual Loops": 1,
                              "Output": [
                                "ci.movie_id",
                                "ci.person_id",
                                "ci.person_role_id",
                                "mi.movie_id",
                                "mi.info_type_id",
                                "n.name",
                                "n.id",
                                "t.title",
                                "t.id"
                              ],
                              "Inner Unique": false,
                              "Plans": [
                                {
                                  "Node Type": "Nested Loop",
                                  "Parent Relationship": "Outer",
                                  "Parallel Aware": false,
                                  "Join Type": "Inner",
                                  "Startup Cost": 1.42,
                                  "Total Cost": 187537.76,
                                  "Plan Rows": 347,
                                  "Plan Width": 52,
                                  "Actual Startup Time": 89.559,
                                  "Actual Total Time": 23051.624,
                                  "Actual Rows": 3686,
                                  "Actual Loops": 1,
                                  "Output": [
                                    "ci.movie_id",
                                    "ci.person_id",
                                    "ci.person_role_id",
                                    "n.name",
                                    "n.id",
                                    "t.title",
                                    "t.id"
                                  ],
                                  "Inner Unique": true,
                                  "Plans": [
                                    {
                                      "Node Type": "Nested Loop",
                                      "Parent Relationship": "Outer",
                                      "Parallel Aware": false,
                                      "Join Type": "Inner",
                                      "Startup Cost": 0.99,
                                      "Total Cost": 187115.44,
                                      "Plan Rows": 636,
                                      "Plan Width": 31,
                                      "Actual Startup Time": 89.012,
                                      "Actual Total Time": 20722.322,
                                      "Actual Rows": 6552,
                                      "Actual Loops": 1,
                                      "Output": [
                                        "ci.movie_id",
                                        "ci.person_id",
                                        "ci.person_role_id",
                                        "n.name",
                                        "n.id"
                                      ],
                                      "Inner Unique": true,
                                      "Plans": [
                                        {
                                          "Node Type": "Nested Loop",
                                          "Parent Relationship": "Outer",
                                          "Parallel Aware": false,
                                          "Join Type": "Inner",
                                          "Startup Cost": 0.56,
                                          "Total Cost": 131858.72,
                                          "Plan Rows": 70089,
                                          "Plan Width": 12,
                                          "Actual Startup Time": 13.7,
                                          "Actual Total Time": 15950.44,
                                          "Actual Rows": 276166,
                                          "Actual Loops": 1,
                                          "Output": [
                                            "ci.movie_id",
                                            "ci.person_id",
                                            "ci.person_role_id"
                                          ],
                                          "Inner Unique": false,
                                          "Plans": [
                                            {
                                              "Node Type": "Seq Scan",
                                              "Parent Relationship": "Outer",
                                              "Parallel Aware": false,
                                              "Relation Name": "role_type",
                                              "Schema": "public",
                                              "Alias": "rt",
                                              "Startup Cost": 0.0,
                                              "Total Cost": 1.15,
                                              "Plan Rows": 1,
                                              "Plan Width": 4,
                                              "Actual Startup Time": 0.297,
                                              "Actual Total Time": 0.578,
                                              "Actual Rows": 1,
                                              "Actual Loops": 1,
                                              "Output": [
                                                "rt.id",
                                                "rt.role"
                                              ],
                                              "Filter": "((rt.role)::text = 'actress'::text)",
                                              "Rows Removed by Filter": 11
                                            },
                                            {
                                              "Node Type": "Index Scan",
                                              "Parent Relationship": "Inner",
                                              "Parallel Aware": false,
                                              "Scan Direction": "Forward",
                                              "Index Name": "role_id_cast_info",
                                              "Relation Name": "cast_info",
                                              "Schema": "public",
                                              "Alias": "ci",
                                              "Startup Cost": 0.56,
                                              "Total Cost": 131092.97,
                                              "Plan Rows": 76460,
                                              "Plan Width": 16,
                                              "Actual Startup Time": 13.307,
                                              "Actual Total Time": 15896.267,
                                              "Actual Rows": 276166,
                                              "Actual Loops": 1,
                                              "Output": [
                                                "ci.id",
                                                "ci.person_id",
                                                "ci.movie_id",
                                                "ci.person_role_id",
                                                "ci.note",
                                                "ci.nr_order",
                                                "ci.role_id"
                                              ],
                                              "Index Cond": "(ci.role_id = rt.id)",
                                              "Rows Removed by Index Recheck": 0,
                                              "Filter": "(ci.note = ANY ('{(voice),\"(voice: Japanese version)\",\"(voice) (uncredited)\",\"(voice: English version)\"}'::text[]))",
                                              "Rows Removed by Filter": 7175807
                                            }
                                          ]
                                        },
                                        {
                                          "Node Type": "Index Scan",
                                          "Parent Relationship": "Inner",
                                          "Parallel Aware": false,
                                          "Scan Direction": "Forward",
                                          "Index Name": "name_pkey",
                                          "Relation Name": "name",
                                          "Schema": "public",
                                          "Alias": "n",
                                          "Startup Cost": 0.43,
                                          "Total Cost": 0.79,
                                          "Plan Rows": 1,
                                          "Plan Width": 19,
                                          "Actual Startup Time": 0.017,
                                          "Actual Total Time": 0.017,
                                          "Actual Rows": 0,
                                          "Actual Loops": 276166,
                                          "Output": [
                                            "n.id",
                                            "n.name",
                                            "n.imdb_index",
                                            "n.imdb_id",
                                            "n.gender",
                                            "n.name_pcode_cf",
                                            "n.name_pcode_nf",
                                            "n.surname_pcode",
                                            "n.md5sum"
                                          ],
                                          "Index Cond": "(n.id = ci.person_id)",
                                          "Rows Removed by Index Recheck": 0,
                                          "Filter": "((n.name ~~ '%An%'::text) AND ((n.gender)::text = 'f'::text))",
                                          "Rows Removed by Filter": 1
                                        }
                                      ]
                                    },
                                    {
                                      "Node Type": "Index Scan",
                                      "Parent Relationship": "Inner",
                                      "Parallel Aware": false,
                                      "Scan Direction": "Forward",
                                      "Index Name": "title_pkey",
                                      "Relation Name": "title",
                                      "Schema": "public",
                                      "Alias": "t",
                                      "Startup Cost": 0.43,
                                      "Total Cost": 0.66,
                                      "Plan Rows": 1,
                                      "Plan Width": 21,
                                      "Actual Startup Time": 0.346,
                                      "Actual Total Time": 0.346,
                                      "Actual Rows": 1,
                                      "Actual Loops": 6552,
                                      "Output": [
                                        "t.id",
                                        "t.title",
                                        "t.imdb_index",
                                        "t.kind_id",
                                        "t.production_year",
                                        "t.imdb_id",
                                        "t.phonetic_code",
                                        "t.episode_of_id",
                                        "t.season_nr",
                                        "t.episode_nr",
                                        "t.series_years",
                                        "t.md5sum"
                                      ],
                                      "Index Cond": "(t.id = ci.movie_id)",
                                      "Rows Removed by Index Recheck": 0,
                                      "Filter": "(t.production_year > 2000)",
                                      "Rows Removed by Filter": 0
                                    }
                                  ]
                                },
                                {
                                  "Node Type": "Index Scan",
                                  "Parent Relationship": "Inner",
                                  "Parallel Aware": false,
                                  "Scan Direction": "Forward",
                                  "Index Name": "movie_id_movie_info",
                                  "Relation Name": "movie_info",
                                  "Schema": "public",
                                  "Alias": "mi",
                                  "Startup Cost": 0.43,
                                  "Total Cost": 1.94,
                                  "Plan Rows": 1,
                                  "Plan Width": 8,
                                  "Actual Startup Time": 0.635,
                                  "Actual Total Time": 0.827,
                                  "Actual Rows": 1,
                                  "Actual Loops": 3686,
                                  "Output": [
                                    "mi.id",
                                    "mi.movie_id",
                                    "mi.info_type_id",
                                    "mi.info",
                                    "mi.note"
                                  ],
                                  "Index Cond": "(mi.movie_id = t.id)",
                                  "Rows Removed by Index Recheck": 0,
                                  "Filter": "((mi.info IS NOT NULL) AND ((mi.info ~~ 'Japan:%200%'::text) OR (mi.info ~~ 'USA:%200%'::text)))",
                                  "Rows Removed by Filter": 15
                                }
                              ]
                            }
                          ]
                        },
                        {
                          "Node Type": "Index Only Scan",
                          "Parent Relationship": "Inner",
                          "Parallel Aware": false,
                          "Scan Direction": "Forward",
                          "Index Name": "person_id_aka_name",
                          "Relation Name": "aka_name",
                          "Schema": "public",
                          "Alias": "an",
                          "Startup Cost": 0.42,
                          "Total Cost": 0.53,
                          "Plan Rows": 2,
                          "Plan Width": 4,
                          "Actual Startup Time": 0.062,
                          "Actual Total Time": 0.068,
                          "Actual Rows": 2,
                          "Actual Loops": 2265,
                          "Output": [
                            "an.person_id"
                          ],
                          "Index Cond": "(an.person_id = ci.person_id)",
                          "Rows Removed by Index Recheck": 0,
                          "Heap Fetches": 3715
                        }
                      ]
                    },
                    {
                      "Node Type": "Index Only Scan",
                      "Parent Relationship": "Inner",
                      "Parallel Aware": false,
                      "Scan Direction": "Forward",
                      "Index Name": "char_name_pkey",
                      "Relation Name": "char_name",
                      "Schema": "public",
                      "Alias": "chn",
                      "Startup Cost": 0.43,
                      "Total Cost": 0.67,
                      "Plan Rows": 1,
                      "Plan Width": 4,
                      "Actual Startup Time": 0.066,
                      "Actual Total Time": 0.066,
                      "Actual Rows": 1,
                      "Actual Loops": 3715,
                      "Output": [
                        "chn.id"
                      ],
                      "Index Cond": "(chn.id = ci.person_role_id)",
                      "Rows Removed by Index Recheck": 0,
                      "Heap Fetches": 3628
                    }
                  ]
                },
                {
                  "Node Type": "Index Scan",
                  "Parent Relationship": "Inner",
                  "Parallel Aware": false,
                  "Scan Direction": "Forward",
                  "Index Name": "movie_id_movie_companies",
                  "Relation Name": "movie_companies",
                  "Schema": "public",
                  "Alias": "mc",
                  "Startup Cost": 0.43,
                  "Total Cost": 0.6,
                  "Plan Rows": 5,
                  "Plan Width": 8,
                  "Actual Startup Time": 0.042,
                  "Actual Total Time": 0.051,
                  "Actual Rows": 3,
                  "Actual Loops": 3628,
                  "Output": [
                    "mc.id",
                    "mc.movie_id",
                    "mc.company_id",
                    "mc.company_type_id",
                    "mc.note"
                  ],
                  "Index Cond": "(mc.movie_id = t.id)",
                  "Rows Removed by Index Recheck": 0
                }
              ]
            },
            {
              "Node Type": "Index Scan",
              "Parent Relationship": "Inner",
              "Parallel Aware": false,
              "Scan Direction": "Forward",
              "Index Name": "company_name_pkey",
              "Relation Name": "company_name",
              "Schema": "public",
              "Alias": "cn",
              "Startup Cost": 0.42,
              "Total Cost": 0.45,
              "Plan Rows": 1,
              "Plan Width": 4,
              "Actual Startup Time": 0.041,
              "Actual Total Time": 0.041,
              "Actual Rows": 0,
              "Actual Loops": 11692,
              "Output": [
                "cn.id",
                "cn.name",
                "cn.country_code",
                "cn.imdb_id",
                "cn.name_pcode_nf",
                "cn.name_pcode_sf",
                "cn.md5sum"
              ],
              "Index Cond": "(cn.id = mc.company_id)",
              "Rows Removed by Index Recheck": 0,
              "Filter": "((cn.country_code)::text = '[us]'::text)",
              "Rows Removed by Filter": 1
            }
          ]
        }
      ]
    },
    "Planning Time": 22367.904,
    "Triggers": [],
    "Execution Time": 27387.091
  }
]