[
  {
    "Plan": {
      "Node Type": "Aggregate",
      "Strategy": "Plain",
      "Partial Mode": "Finalize",
      "Parallel Aware": false,
      "Startup Cost": 205535.99,
      "Total Cost": 205536.0,
      "Plan Rows": 1,
      "Plan Width": 8,
      "Actual Startup Time": 1462.771,
      "Actual Total Time": 1497.859,
      "Actual Rows": 1,
      "Actual Loops": 1,
      "Plans": [
        {
          "Node Type": "Gather",
          "Parent Relationship": "Outer",
          "Parallel Aware": false,
          "Startup Cost": 205535.67,
          "Total Cost": 205535.98,
          "Plan Rows": 3,
          "Plan Width": 8,
          "Actual Startup Time": 1441.111,
          "Actual Total Time": 1497.848,
          "Actual Rows": 4,
          "Actual Loops": 1,
          "Workers Planned": 3,
          "Workers Launched": 3,
          "Single Copy": false,
          "Plans": [
            {
              "Node Type": "Aggregate",
              "Strategy": "Plain",
              "Partial Mode": "Partial",
              "Parent Relationship": "Outer",
              "Parallel Aware": false,
              "Startup Cost": 204535.67,
              "Total Cost": 204535.68,
              "Plan Rows": 1,
              "Plan Width": 8,
              "Actual Startup Time": 1422.837,
              "Actual Total Time": 1423.78,
              "Actual Rows": 1,
              "Actual Loops": 4,
              "Plans": [
                {
                  "Node Type": "Hash Join",
                  "Parent Relationship": "Outer",
                  "Parallel Aware": true,
                  "Join Type": "Inner",
                  "Startup Cost": 169693.44,
                  "Total Cost": 202047.07,
                  "Plan Rows": 995441,
                  "Plan Width": 0,
                  "Actual Startup Time": 1035.094,
                  "Actual Total Time": 1375.339,
                  "Actual Rows": 1126872,
                  "Actual Loops": 4,
                  "Inner Unique": false,
                  "Hash Cond": "(mc.movie_id = t.id)",
                  "Plans": [
                    {
                      "Node Type": "Seq Scan",
                      "Parent Relationship": "Outer",
                      "Parallel Aware": true,
                      "Relation Name": "movie_companies",
                      "Alias": "mc",
                      "Startup Cost": 0.0,
                      "Total Cost": 27206.55,
                      "Plan Rows": 841655,
                      "Plan Width": 4,
                      "Actual Startup Time": 0.022,
                      "Actual Total Time": 62.289,
                      "Actual Rows": 652282,
                      "Actual Loops": 4
                    },
                    {
                      "Node Type": "Hash",
                      "Parent Relationship": "Inner",
                      "Parallel Aware": true,
                      "Startup Cost": 162217.79,
                      "Total Cost": 162217.79,
                      "Plan Rows": 598052,
                      "Plan Width": 8,
                      "Actual Startup Time": 1024.03,
                      "Actual Total Time": 1024.972,
                      "Actual Rows": 522089,
                      "Actual Loops": 4,
                      "Hash Buckets": 4194304,
                      "Original Hash Buckets": 4194304,
                      "Hash Batches": 1,
                      "Original Hash Batches": 1,
                      "Peak Memory Usage": 114496,
                      "Plans": [
                        {
                          "Node Type": "Hash Join",
                          "Parent Relationship": "Outer",
                          "Parallel Aware": true,
                          "Join Type": "Inner",
                          "Startup Cost": 50220.21,
                          "Total Cost": 162217.79,
                          "Plan Rows": 598052,
                          "Plan Width": 8,
                          "Actual Startup Time": 349.742,
                          "Actual Total Time": 819.232,
                          "Actual Rows": 522089,
                          "Actual Loops": 4,
                          "Inner Unique": true,
                          "Hash Cond": "(ci.movie_id = t.id)",
                          "Plans": [
                            {
                              "Node Type": "Index Scan",
                              "Parent Relationship": "Outer",
                              "Parallel Aware": true,
                              "Scan Direction": "Forward",
                              "Index Name": "role_id_cast_info",
                              "Relation Name": "cast_info",
                              "Alias": "ci",
                              "Startup Cost": 0.56,
                              "Total Cost": 110428.26,
                              "Plan Rows": 598052,
                              "Plan Width": 4,
                              "Actual Startup Time": 0.285,
                              "Actual Total Time": 188.341,
                              "Actual Rows": 522089,
                              "Actual Loops": 4,
                              "Index Cond": "(role_id = 3)",
                              "Rows Removed by Index Recheck": 0,
                              "Filter": "(person_id < 2766384)",
                              "Rows Removed by Filter": 479920
                            },
                            {
                              "Node Type": "Hash",
                              "Parent Relationship": "Inner",
                              "Parallel Aware": true,
                              "Startup Cost": 42318.73,
                              "Total Cost": 42318.73,
                              "Plan Rows": 632073,
                              "Plan Width": 4,
                              "Actual Startup Time": 343.579,
                              "Actual Total Time": 343.581,
                              "Actual Rows": 632078,
                              "Actual Loops": 4,
                              "Hash Buckets": 4194304,
                              "Original Hash Buckets": 4194304,
                              "Hash Batches": 1,
                              "Original Hash Batches": 1,
                              "Peak Memory Usage": 131712,
                              "Plans": [
                                {
                                  "Node Type": "Seq Scan",
                                  "Parent Relationship": "Outer",
                                  "Parallel Aware": true,
                                  "Relation Name": "title",
                                  "Alias": "t",
                                  "Startup Cost": 0.0,
                                  "Total Cost": 42318.73,
                                  "Plan Rows": 632073,
                                  "Plan Width": 4,
                                  "Actual Startup Time": 0.048,
                                  "Actual Total Time": 101.192,
                                  "Actual Rows": 632078,
                                  "Actual Loops": 4
                                }
                              ]
                            }
                          ]
                        }
                      ]
                    }
                  ]
                }
              ]
            }
          ]
        }
      ]
    },
    "Planning Time": 1.424,
    "Triggers": [],
    "Execution Time": 1497.95
  }
]