[
  {
    "Plan": {
      "Node Type": "Aggregate",
      "Strategy": "Plain",
      "Partial Mode": "Finalize",
      "Parallel Aware": false,
      "Startup Cost": 31889.99,
      "Total Cost": 31890.0,
      "Plan Rows": 1,
      "Plan Width": 8,
      "Actual Startup Time": 118.89,
      "Actual Total Time": 127.599,
      "Actual Rows": 1,
      "Actual Loops": 1,
      "Plans": [
        {
          "Node Type": "Gather",
          "Parent Relationship": "Outer",
          "Parallel Aware": false,
          "Startup Cost": 31889.68,
          "Total Cost": 31889.99,
          "Plan Rows": 3,
          "Plan Width": 8,
          "Actual Startup Time": 118.633,
          "Actual Total Time": 127.591,
          "Actual Rows": 4,
          "Actual Loops": 1,
          "Workers Planned": 3,
          "Workers Launched": 3,
          "Single Copy": false,
          "Plans": [
            {
              "Node Type": "Aggregate",
              "Strategy": "Plain",
              "Partial Mode": "Partial",
              "Parent Relationship": "Outer",
              "Parallel Aware": false,
              "Startup Cost": 30889.68,
              "Total Cost": 30889.69,
              "Plan Rows": 1,
              "Plan Width": 8,
              "Actual Startup Time": 113.171,
              "Actual Total Time": 113.172,
              "Actual Rows": 1,
              "Actual Loops": 4,
              "Plans": [
                {
                  "Node Type": "Seq Scan",
                  "Parent Relationship": "Outer",
                  "Parallel Aware": true,
                  "Relation Name": "movie_companies",
                  "Alias": "mc",
                  "Startup Cost": 0.0,
                  "Total Cost": 29310.68,
                  "Plan Rows": 631598,
                  "Plan Width": 0,
                  "Actual Startup Time": 0.028,
                  "Actual Total Time": 87.158,
                  "Actual Rows": 491020,
                  "Actual Loops": 4,
                  "Filter": "(company_id < 55938)",
                  "Rows Removed by Filter": 161262
                }
              ]
            }
          ]
        }
      ]
    },
    "Planning Time": 0.069,
    "Triggers": [],
    "Execution Time": 127.623
  }
]