{
  "Plan": {
    "Node Type": "Aggregate",
    "Strategy": "Plain",
    "Partial Mode": "Finalize",
    "Parallel Aware": false,
    "Startup Cost": 96537.71,
    "Total Cost": 96537.72,
    "Plan Rows": 1,
    "Plan Width": 8,
    "Actual Startup Time": 332.064,
    "Actual Total Time": 347.644,
    "Actual Rows": 1,
    "Actual Loops": 1,
    "Plans": [
      {
        "Node Type": "Gather",
        "Parent Relationship": "Outer",
        "Parallel Aware": false,
        "Startup Cost": 96537.6,
        "Total Cost": 96537.71,
        "Plan Rows": 1,
        "Plan Width": 8,
        "Actual Startup Time": 331.575,
        "Actual Total Time": 347.635,
        "Actual Rows": 2,
        "Actual Loops": 1,
        "Workers Planned": 1,
        "Workers Launched": 1,
        "Single Copy": false,
        "Plans": [
          {
            "Node Type": "Aggregate",
            "Strategy": "Plain",
            "Partial Mode": "Partial",
            "Parent Relationship": "Outer",
            "Parallel Aware": false,
            "Startup Cost": 95537.6,
            "Total Cost": 95537.61,
            "Plan Rows": 1,
            "Plan Width": 8,
            "Actual Startup Time": 325.991,
            "Actual Total Time": 325.995,
            "Actual Rows": 1,
            "Actual Loops": 2,
            "Plans": [
              {
                "Node Type": "Hash Join",
                "Parent Relationship": "Outer",
                "Parallel Aware": true,
                "Join Type": "Inner",
                "Startup Cost": 55488.16,
                "Total Cost": 95446.18,
                "Plan Rows": 36567,
                "Plan Width": 0,
                "Actual Startup Time": 155.63,
                "Actual Total Time": 324.847,
                "Actual Rows": 26033,
                "Actual Loops": 2,
                "Inner Unique": true,
                "Hash Cond": "(mc.movie_id = t.id)",
                "Plans": [
                  {
                    "Node Type": "Seq Scan",
                    "Parent Relationship": "Outer",
                    "Parallel Aware": true,
                    "Relation Name": "movie_companies",
                    "Alias": "mc",
                    "Startup Cost": 0.0,
                    "Total Cost": 37974.77,
                    "Plan Rows": 755522,
                    "Plan Width": 4,
                    "Actual Startup Time": 0.015,
                    "Actual Total Time": 107.513,
                    "Actual Rows": 637123,
                    "Actual Loops": 2,
                    "Filter": "(company_type_id = 1)",
                    "Rows Removed by Filter": 667442
                  },
                  {
                    "Node Type": "Hash",
                    "Parent Relationship": "Inner",
                    "Parallel Aware": true,
                    "Startup Cost": 54588.39,
                    "Total Cost": 54588.39,
                    "Plan Rows": 71982,
                    "Plan Width": 4,
                    "Actual Startup Time": 152.934,
                    "Actual Total Time": 152.935,
                    "Actual Rows": 61430,
                    "Actual Loops": 2,
                    "Hash Buckets": 131072,
                    "Original Hash Buckets": 131072,
                    "Hash Batches": 1,
                    "Original Hash Batches": 1,
                    "Peak Memory Usage": 5856,
                    "Plans": [
                      {
                        "Node Type": "Seq Scan",
                        "Parent Relationship": "Outer",
                        "Parallel Aware": true,
                        "Relation Name": "title",
                        "Alias": "t",
                        "Startup Cost": 0.0,
                        "Total Cost": 54588.39,
                        "Plan Rows": 71982,
                        "Plan Width": 4,
                        "Actual Startup Time": 0.036,
                        "Actual Total Time": 137.227,
                        "Actual Rows": 61430,
                        "Actual Loops": 2,
                        "Filter": "(production_year = 2008)",
                        "Rows Removed by Filter": 1202726
                      }
                    ]
                  }
                ]
              }
            ]
          }
        ]
      }
    ]
  },
  "Planning Time": 0.411,
  "Triggers": [],
  "Execution Time": 347.711
}