{
    "Plan": {
        "Node Type": "Aggregate",
        "Strategy": "Plain",
        "Partial Mode": "Finalize",
        "Parallel Aware": false,
        "Startup Cost": 286157.08,
        "Total Cost": 286157.09,
        "Plan Rows": 1,
        "Plan Width": 8,
        "Actual Startup Time": 2264.253,
        "Actual Total Time": 2343.93,
        "Actual Rows": 1,
        "Actual Loops": 1,
        "Output": [
            "count(*)"
        ],
        "Plans": [
            {
                "Node Type": "Gather",
                "Parent Relationship": "Outer",
                "Parallel Aware": false,
                "Startup Cost": 286156.77,
                "Total Cost": 286157.08,
                "Plan Rows": 3,
                "Plan Width": 8,
                "Actual Startup Time": 2261.848,
                "Actual Total Time": 2343.917,
                "Actual Rows": 4,
                "Actual Loops": 1,
                "Output": [
                    "(PARTIAL count(*))"
                ],
                "Workers Planned": 3,
                "Workers Launched": 3,
                "Single Copy": false,
                "Plans": [
                    {
                        "Node Type": "Aggregate",
                        "Strategy": "Plain",
                        "Partial Mode": "Partial",
                        "Parent Relationship": "Outer",
                        "Parallel Aware": false,
                        "Startup Cost": 285156.77,
                        "Total Cost": 285156.78,
                        "Plan Rows": 1,
                        "Plan Width": 8,
                        "Actual Startup Time": 2252.778,
                        "Actual Total Time": 2252.783,
                        "Actual Rows": 1,
                        "Actual Loops": 4,
                        "Output": [
                            "PARTIAL count(*)"
                        ],
                        "Workers": [
                            {
                                "Worker Number": 0,
                                "Actual Startup Time": 2249.663,
                                "Actual Total Time": 2249.667,
                                "Actual Rows": 1,
                                "Actual Loops": 1
                            },
                            {
                                "Worker Number": 1,
                                "Actual Startup Time": 2250.444,
                                "Actual Total Time": 2250.448,
                                "Actual Rows": 1,
                                "Actual Loops": 1
                            },
                            {
                                "Worker Number": 2,
                                "Actual Startup Time": 2249.965,
                                "Actual Total Time": 2249.969,
                                "Actual Rows": 1,
                                "Actual Loops": 1
                            }
                        ],
                        "Plans": [
                            {
                                "Node Type": "Nested Loop",
                                "Parent Relationship": "Outer",
                                "Parallel Aware": false,
                                "Join Type": "Inner",
                                "Startup Cost": 48321.17,
                                "Total Cost": 285022.96,
                                "Plan Rows": 53524,
                                "Plan Width": 0,
                                "Actual Startup Time": 195.791,
                                "Actual Total Time": 2230.423,
                                "Actual Rows": 421125,
                                "Actual Loops": 4,
                                "Inner Unique": false,
                                "Workers": [
                                    {
                                        "Worker Number": 0,
                                        "Actual Startup Time": 192.82,
                                        "Actual Total Time": 2228.444,
                                        "Actual Rows": 448475,
                                        "Actual Loops": 1
                                    },
                                    {
                                        "Worker Number": 1,
                                        "Actual Startup Time": 192.929,
                                        "Actual Total Time": 2225.122,
                                        "Actual Rows": 325260,
                                        "Actual Loops": 1
                                    },
                                    {
                                        "Worker Number": 2,
                                        "Actual Startup Time": 193.893,
                                        "Actual Total Time": 2227.169,
                                        "Actual Rows": 481376,
                                        "Actual Loops": 1
                                    }
                                ],
                                "Plans": [
                                    {
                                        "Node Type": "Hash Join",
                                        "Parent Relationship": "Outer",
                                        "Parallel Aware": true,
                                        "Join Type": "Inner",
                                        "Startup Cost": 48320.61,
                                        "Total Cost": 80213.97,
                                        "Plan Rows": 65561,
                                        "Plan Width": 8,
                                        "Actual Startup Time": 195.038,
                                        "Actual Total Time": 292.456,
                                        "Actual Rows": 58002,
                                        "Actual Loops": 4,
                                        "Output": [
                                            "t.id",
                                            "mc.movie_id"
                                        ],
                                        "Inner Unique": true,
                                        "Hash Cond": "(mc.movie_id = t.id)",
                                        "Workers": [
                                            {
                                                "Worker Number": 0,
                                                "Actual Startup Time": 192.079,
                                                "Actual Total Time": 289.298,
                                                "Actual Rows": 63455,
                                                "Actual Loops": 1
                                            },
                                            {
                                                "Worker Number": 1,
                                                "Actual Startup Time": 192.207,
                                                "Actual Total Time": 294.059,
                                                "Actual Rows": 46399,
                                                "Actual Loops": 1
                                            },
                                            {
                                                "Worker Number": 2,
                                                "Actual Startup Time": 192.398,
                                                "Actual Total Time": 289.905,
                                                "Actual Rows": 63073,
                                                "Actual Loops": 1
                                            }
                                        ],
                                        "Plans": [
                                            {
                                                "Node Type": "Seq Scan",
                                                "Parent Relationship": "Outer",
                                                "Parallel Aware": true,
                                                "Relation Name": "movie_companies",
                                                "Schema": "public",
                                                "Alias": "mc",
                                                "Startup Cost": 0.0,
                                                "Total Cost": 31414.82,
                                                "Plan Rows": 182303,
                                                "Plan Width": 4,
                                                "Actual Startup Time": 9.609,
                                                "Actual Total Time": 65.04,
                                                "Actual Rows": 72044,
                                                "Actual Loops": 4,
                                                "Output": [
                                                    "mc.id",
                                                    "mc.movie_id",
                                                    "mc.company_id",
                                                    "mc.company_type_id",
                                                    "mc.note"
                                                ],
                                                "Filter": "((mc.company_id > 12981) AND (mc.company_type_id < 2))",
                                                "Rows Removed by Filter": 580238,
                                                "Workers": [
                                                    {
                                                        "Worker Number": 0,
                                                        "Actual Startup Time": 9.594,
                                                        "Actual Total Time": 64.985,
                                                        "Actual Rows": 78935,
                                                        "Actual Loops": 1
                                                    },
                                                    {
                                                        "Worker Number": 1,
                                                        "Actual Startup Time": 9.615,
                                                        "Actual Total Time": 69.409,
                                                        "Actual Rows": 57594,
                                                        "Actual Loops": 1
                                                    },
                                                    {
                                                        "Worker Number": 2,
                                                        "Actual Startup Time": 9.613,
                                                        "Actual Total Time": 65.41,
                                                        "Actual Rows": 78568,
                                                        "Actual Loops": 1
                                                    }
                                                ]
                                            },
                                            {
                                                "Node Type": "Hash",
                                                "Parent Relationship": "Inner",
                                                "Parallel Aware": true,
                                                "Startup Cost": 45479.21,
                                                "Total Cost": 45479.21,
                                                "Plan Rows": 227312,
                                                "Plan Width": 4,
                                                "Actual Startup Time": 180.634,
                                                "Actual Total Time": 180.635,
                                                "Actual Rows": 208069,
                                                "Actual Loops": 4,
                                                "Output": [
                                                    "t.id"
                                                ],
                                                "Hash Buckets": 1048576,
                                                "Original Hash Buckets": 1048576,
                                                "Hash Batches": 1,
                                                "Original Hash Batches": 1,
                                                "Peak Memory Usage": 40800,
                                                "Workers": [
                                                    {
                                                        "Worker Number": 0,
                                                        "Actual Startup Time": 182.118,
                                                        "Actual Total Time": 182.119,
                                                        "Actual Rows": 223263,
                                                        "Actual Loops": 1
                                                    },
                                                    {
                                                        "Worker Number": 1,
                                                        "Actual Startup Time": 182.229,
                                                        "Actual Total Time": 182.23,
                                                        "Actual Rows": 156033,
                                                        "Actual Loops": 1
                                                    },
                                                    {
                                                        "Worker Number": 2,
                                                        "Actual Startup Time": 182.393,
                                                        "Actual Total Time": 182.394,
                                                        "Actual Rows": 223627,
                                                        "Actual Loops": 1
                                                    }
                                                ],
                                                "Plans": [
                                                    {
                                                        "Node Type": "Seq Scan",
                                                        "Parent Relationship": "Outer",
                                                        "Parallel Aware": true,
                                                        "Relation Name": "title",
                                                        "Schema": "public",
                                                        "Alias": "t",
                                                        "Startup Cost": 0.0,
                                                        "Total Cost": 45479.21,
                                                        "Plan Rows": 227312,
                                                        "Plan Width": 4,
                                                        "Actual Startup Time": 0.067,
                                                        "Actual Total Time": 108.565,
                                                        "Actual Rows": 208069,
                                                        "Actual Loops": 4,
                                                        "Output": [
                                                            "t.id"
                                                        ],
                                                        "Filter": "((t.kind_id < 7) AND (t.production_year > 1941))",
                                                        "Rows Removed by Filter": 424009,
                                                        "Workers": [
                                                            {
                                                                "Worker Number": 0,
                                                                "Actual Startup Time": 0.079,
                                                                "Actual Total Time": 108.761,
                                                                "Actual Rows": 223263,
                                                                "Actual Loops": 1
                                                            },
                                                            {
                                                                "Worker Number": 1,
                                                                "Actual Startup Time": 0.081,
                                                                "Actual Total Time": 111.296,
                                                                "Actual Rows": 156033,
                                                                "Actual Loops": 1
                                                            },
                                                            {
                                                                "Worker Number": 2,
                                                                "Actual Startup Time": 0.085,
                                                                "Actual Total Time": 108.693,
                                                                "Actual Rows": 223627,
                                                                "Actual Loops": 1
                                                            }
                                                        ]
                                                    }
                                                ]
                                            }
                                        ]
                                    },
                                    {
                                        "Node Type": "Index Scan",
                                        "Parent Relationship": "Inner",
                                        "Parallel Aware": false,
                                        "Scan Direction": "Forward",
                                        "Index Name": "movie_id_cast_info",
                                        "Relation Name": "cast_info",
                                        "Schema": "public",
                                        "Alias": "ci",
                                        "Startup Cost": 0.56,
                                        "Total Cost": 3.1,
                                        "Plan Rows": 2,
                                        "Plan Width": 4,
                                        "Actual Startup Time": 0.026,
                                        "Actual Total Time": 0.033,
                                        "Actual Rows": 7,
                                        "Actual Loops": 232009,
                                        "Output": [
                                            "ci.id",
                                            "ci.person_id",
                                            "ci.movie_id",
                                            "ci.person_role_id",
                                            "ci.note",
                                            "ci.nr_order",
                                            "ci.role_id"
                                        ],
                                        "Index Cond": "(ci.movie_id = t.id)",
                                        "Rows Removed by Index Recheck": 0,
                                        "Filter": "((ci.person_id > 2726557) AND (ci.role_id > 6))",
                                        "Rows Removed by Filter": 28,
                                        "Workers": [
                                            {
                                                "Worker Number": 0,
                                                "Actual Startup Time": 0.024,
                                                "Actual Total Time": 0.03,
                                                "Actual Rows": 7,
                                                "Actual Loops": 63455
                                            },
                                            {
                                                "Worker Number": 1,
                                                "Actual Startup Time": 0.032,
                                                "Actual Total Time": 0.04,
                                                "Actual Rows": 7,
                                                "Actual Loops": 46399
                                            },
                                            {
                                                "Worker Number": 2,
                                                "Actual Startup Time": 0.024,
                                                "Actual Total Time": 0.03,
                                                "Actual Rows": 8,
                                                "Actual Loops": 63073
                                            }
                                        ]
                                    }
                                ]
                            }
                        ]
                    }
                ]
            }
        ]
    },
    "Planning Time": 1.695,
    "Triggers": [],
    "Execution Time": 2344.051
}