[
  {
    "Plan": {
      "Node Type": "Aggregate",
      "Strategy": "Plain",
      "Partial Mode": "Finalize",
      "Parallel Aware": false,
      "Startup Cost": 335429.38,
      "Total Cost": 335429.39,
      "Plan Rows": 1,
      "Plan Width": 8,
      "Actual Startup Time": 655.283,
      "Actual Total Time": 712.912,
      "Actual Rows": 1,
      "Actual Loops": 1,
      "Plans": [
        {
          "Node Type": "Gather",
          "Parent Relationship": "Outer",
          "Parallel Aware": false,
          "Startup Cost": 335428.75,
          "Total Cost": 335429.36,
          "Plan Rows": 6,
          "Plan Width": 8,
          "Actual Startup Time": 655.155,
          "Actual Total Time": 712.905,
          "Actual Rows": 7,
          "Actual Loops": 1,
          "Workers Planned": 6,
          "Workers Launched": 6,
          "Single Copy": false,
          "Plans": [
            {
              "Node Type": "Aggregate",
              "Strategy": "Plain",
              "Partial Mode": "Partial",
              "Parent Relationship": "Outer",
              "Parallel Aware": false,
              "Startup Cost": 334428.75,
              "Total Cost": 334428.76,
              "Plan Rows": 1,
              "Plan Width": 8,
              "Actual Startup Time": 648.501,
              "Actual Total Time": 648.502,
              "Actual Rows": 1,
              "Actual Loops": 7,
              "Plans": [
                {
                  "Node Type": "Seq Scan",
                  "Parent Relationship": "Outer",
                  "Parallel Aware": true,
                  "Relation Name": "cast_info",
                  "Alias": "ci",
                  "Startup Cost": 0.0,
                  "Total Cost": 328162.03,
                  "Plan Rows": 2506691,
                  "Plan Width": 0,
                  "Actual Startup Time": 223.087,
                  "Actual Total Time": 561.038,
                  "Actual Rows": 2143839,
                  "Actual Loops": 7,
                  "Filter": "(person_id > 2146952)",
                  "Rows Removed by Filter": 3033924
                }
              ]
            }
          ]
        }
      ]
    },
    "Planning Time": 0.194,
    "Triggers": [],
    "Execution Time": 712.985
  }
]