{
  "Plan": {
    "Node Type": "Aggregate",
    "Strategy": "Plain",
    "Partial Mode": "Finalize",
    "Parallel Aware": false,
    "Startup Cost": 96704.16,
    "Total Cost": 96704.17,
    "Plan Rows": 1,
    "Plan Width": 8,
    "Actual Startup Time": 541.336,
    "Actual Total Time": 551.146,
    "Actual Rows": 1,
    "Actual Loops": 1,
    "Plans": [
      {
        "Node Type": "Gather",
        "Parent Relationship": "Outer",
        "Parallel Aware": false,
        "Startup Cost": 96704.05,
        "Total Cost": 96704.16,
        "Plan Rows": 1,
        "Plan Width": 8,
        "Actual Startup Time": 540.742,
        "Actual Total Time": 551.137,
        "Actual Rows": 2,
        "Actual Loops": 1,
        "Workers Planned": 1,
        "Workers Launched": 1,
        "Single Copy": false,
        "Plans": [
          {
            "Node Type": "Aggregate",
            "Strategy": "Plain",
            "Partial Mode": "Partial",
            "Parent Relationship": "Outer",
            "Parallel Aware": false,
            "Startup Cost": 95704.05,
            "Total Cost": 95704.06,
            "Plan Rows": 1,
            "Plan Width": 8,
            "Actual Startup Time": 534.86,
            "Actual Total Time": 534.864,
            "Actual Rows": 1,
            "Actual Loops": 2,
            "Plans": [
              {
                "Node Type": "Hash Join",
                "Parent Relationship": "Outer",
                "Parallel Aware": true,
                "Join Type": "Inner",
                "Startup Cost": 33539.32,
                "Total Cost": 95107.79,
                "Plan Rows": 238504,
                "Plan Width": 0,
                "Actual Startup Time": 143.882,
                "Actual Total Time": 526.307,
                "Actual Rows": 204742,
                "Actual Loops": 2,
                "Inner Unique": false,
                "Hash Cond": "(t.id = mc.movie_id)",
                "Plans": [
                  {
                    "Node Type": "Seq Scan",
                    "Parent Relationship": "Outer",
                    "Parallel Aware": true,
                    "Relation Name": "title",
                    "Alias": "t",
                    "Startup Cost": 0.0,
                    "Total Cost": 50870.31,
                    "Plan Rows": 1487231,
                    "Plan Width": 4,
                    "Actual Startup Time": 0.01,
                    "Actual Total Time": 119.588,
                    "Actual Rows": 1264156,
                    "Actual Loops": 2
                  },
                  {
                    "Node Type": "Hash",
                    "Parent Relationship": "Inner",
                    "Parallel Aware": true,
                    "Startup Cost": 30558.02,
                    "Total Cost": 30558.02,
                    "Plan Rows": 238504,
                    "Plan Width": 4,
                    "Actual Startup Time": 128.503,
                    "Actual Total Time": 128.505,
                    "Actual Rows": 204742,
                    "Actual Loops": 2,
                    "Hash Buckets": 524288,
                    "Original Hash Buckets": 524288,
                    "Hash Batches": 1,
                    "Original Hash Batches": 1,
                    "Peak Memory Usage": 20128,
                    "Plans": [
                      {
                        "Node Type": "Bitmap Heap Scan",
                        "Parent Relationship": "Outer",
                        "Parallel Aware": true,
                        "Relation Name": "movie_companies",
                        "Alias": "mc",
                        "Startup Cost": 8786.72,
                        "Total Cost": 30558.02,
                        "Plan Rows": 238504,
                        "Plan Width": 4,
                        "Actual Startup Time": 35.028,
                        "Actual Total Time": 78.244,
                        "Actual Rows": 204742,
                        "Actual Loops": 2,
                        "Recheck Cond": "(company_id > 81115)",
                        "Rows Removed by Index Recheck": 0,
                        "Exact Heap Blocks": 4157,
                        "Lossy Heap Blocks": 0,
                        "Plans": [
                          {
                            "Node Type": "Bitmap Index Scan",
                            "Parent Relationship": "Outer",
                            "Parallel Aware": false,
                            "Index Name": "company_id_movie_companies",
                            "Startup Cost": 0.0,
                            "Total Cost": 8685.36,
                            "Plan Rows": 405457,
                            "Plan Width": 0,
                            "Actual Startup Time": 34.166,
                            "Actual Total Time": 34.166,
                            "Actual Rows": 409483,
                            "Actual Loops": 1,
                            "Index Cond": "(company_id > 81115)"
                          }
                        ]
                      }
                    ]
                  }
                ]
              }
            ]
          }
        ]
      }
    ]
  },
  "Planning Time": 0.587,
  "Triggers": [],
  "Execution Time": 551.24
}