[
  {
    "Plan": {
      "Node Type": "Aggregate",
      "Strategy": "Plain",
      "Partial Mode": "Finalize",
      "Parallel Aware": false,
      "Startup Cost": 44507.25,
      "Total Cost": 44507.26,
      "Plan Rows": 1,
      "Plan Width": 8,
      "Actual Startup Time": 121.037,
      "Actual Total Time": 129.814,
      "Actual Rows": 1,
      "Actual Loops": 1,
      "Plans": [
        {
          "Node Type": "Gather",
          "Parent Relationship": "Outer",
          "Parallel Aware": false,
          "Startup Cost": 44506.94,
          "Total Cost": 44507.25,
          "Plan Rows": 3,
          "Plan Width": 8,
          "Actual Startup Time": 120.925,
          "Actual Total Time": 129.805,
          "Actual Rows": 4,
          "Actual Loops": 1,
          "Workers Planned": 3,
          "Workers Launched": 3,
          "Single Copy": false,
          "Plans": [
            {
              "Node Type": "Aggregate",
              "Strategy": "Plain",
              "Partial Mode": "Partial",
              "Parent Relationship": "Outer",
              "Parallel Aware": false,
              "Startup Cost": 43506.94,
              "Total Cost": 43506.95,
              "Plan Rows": 1,
              "Plan Width": 8,
              "Actual Startup Time": 115.272,
              "Actual Total Time": 115.273,
              "Actual Rows": 1,
              "Actual Loops": 4,
              "Plans": [
                {
                  "Node Type": "Seq Scan",
                  "Parent Relationship": "Outer",
                  "Parallel Aware": true,
                  "Relation Name": "movie_keyword",
                  "Alias": "mk",
                  "Startup Cost": 0.0,
                  "Total Cost": 42695.65,
                  "Plan Rows": 324513,
                  "Plan Width": 0,
                  "Actual Startup Time": 0.059,
                  "Actual Total Time": 102.841,
                  "Actual Rows": 252243,
                  "Actual Loops": 4,
                  "Filter": "(keyword_id < 973)",
                  "Rows Removed by Filter": 878740
                }
              ]
            }
          ]
        }
      ]
    },
    "Planning Time": 0.189,
    "Triggers": [],
    "Execution Time": 129.912
  }
]