[
  {
    "Plan": {
      "Node Type": "Aggregate",
      "Strategy": "Plain",
      "Partial Mode": "Finalize",
      "Parallel Aware": false,
      "Startup Cost": 32912.78,
      "Total Cost": 32912.79,
      "Plan Rows": 1,
      "Plan Width": 8,
      "Actual Startup Time": 99.972,
      "Actual Total Time": 106.179,
      "Actual Rows": 1,
      "Actual Loops": 1,
      "Plans": [
        {
          "Node Type": "Gather",
          "Parent Relationship": "Outer",
          "Parallel Aware": false,
          "Startup Cost": 32912.47,
          "Total Cost": 32912.78,
          "Plan Rows": 3,
          "Plan Width": 8,
          "Actual Startup Time": 99.871,
          "Actual Total Time": 106.171,
          "Actual Rows": 4,
          "Actual Loops": 1,
          "Workers Planned": 3,
          "Workers Launched": 3,
          "Single Copy": false,
          "Plans": [
            {
              "Node Type": "Aggregate",
              "Strategy": "Plain",
              "Partial Mode": "Partial",
              "Parent Relationship": "Outer",
              "Parallel Aware": false,
              "Startup Cost": 31912.47,
              "Total Cost": 31912.48,
              "Plan Rows": 1,
              "Plan Width": 8,
              "Actual Startup Time": 91.742,
              "Actual Total Time": 91.743,
              "Actual Rows": 1,
              "Actual Loops": 4,
              "Plans": [
                {
                  "Node Type": "Seq Scan",
                  "Parent Relationship": "Outer",
                  "Parallel Aware": true,
                  "Relation Name": "movie_companies",
                  "Alias": "mc",
                  "Startup Cost": 0.0,
                  "Total Cost": 31414.82,
                  "Plan Rows": 199059,
                  "Plan Width": 0,
                  "Actual Startup Time": 0.043,
                  "Actual Total Time": 77.691,
                  "Actual Rows": 209893,
                  "Actual Loops": 4,
                  "Filter": "((company_id < 11149) AND (company_type_id = 1))",
                  "Rows Removed by Filter": 442389
                }
              ]
            }
          ]
        }
      ]
    },
    "Planning Time": 0.199,
    "Triggers": [],
    "Execution Time": 106.231
  }
]