{
  "Plan": {
    "Node Type": "Aggregate",
    "Strategy": "Plain",
    "Partial Mode": "Finalize",
    "Parallel Aware": false,
    "Startup Cost": 97368.23,
    "Total Cost": 97368.24,
    "Plan Rows": 1,
    "Plan Width": 8,
    "Actual Startup Time": 427.229,
    "Actual Total Time": 444.96,
    "Actual Rows": 1,
    "Actual Loops": 1,
    "Plans": [
      {
        "Node Type": "Gather",
        "Parent Relationship": "Outer",
        "Parallel Aware": false,
        "Startup Cost": 97368.12,
        "Total Cost": 97368.23,
        "Plan Rows": 1,
        "Plan Width": 8,
        "Actual Startup Time": 425.225,
        "Actual Total Time": 444.953,
        "Actual Rows": 2,
        "Actual Loops": 1,
        "Workers Planned": 1,
        "Workers Launched": 1,
        "Single Copy": false,
        "Plans": [
          {
            "Node Type": "Aggregate",
            "Strategy": "Plain",
            "Partial Mode": "Partial",
            "Parent Relationship": "Outer",
            "Parallel Aware": false,
            "Startup Cost": 96368.12,
            "Total Cost": 96368.13,
            "Plan Rows": 1,
            "Plan Width": 8,
            "Actual Startup Time": 419.142,
            "Actual Total Time": 419.146,
            "Actual Rows": 1,
            "Actual Loops": 2,
            "Plans": [
              {
                "Node Type": "Hash Join",
                "Parent Relationship": "Outer",
                "Parallel Aware": true,
                "Join Type": "Inner",
                "Startup Cost": 68660.73,
                "Total Cost": 96183.8,
                "Plan Rows": 73725,
                "Plan Width": 0,
                "Actual Startup Time": 308.258,
                "Actual Total Time": 414.853,
                "Actual Rows": 94734,
                "Actual Loops": 2,
                "Inner Unique": true,
                "Hash Cond": "(mk.movie_id = t.id)",
                "Plans": [
                  {
                    "Node Type": "Bitmap Heap Scan",
                    "Parent Relationship": "Outer",
                    "Parallel Aware": true,
                    "Relation Name": "movie_keyword",
                    "Alias": "mk",
                    "Startup Cost": 7317.83,
                    "Total Cost": 34308.25,
                    "Plan Rows": 202914,
                    "Plan Width": 4,
                    "Actual Startup Time": 25.653,
                    "Actual Total Time": 83.206,
                    "Actual Rows": 181846,
                    "Actual Loops": 2,
                    "Recheck Cond": "(keyword_id < 335)",
                    "Rows Removed by Index Recheck": 0,
                    "Exact Heap Blocks": 13066,
                    "Lossy Heap Blocks": 0,
                    "Plans": [
                      {
                        "Node Type": "Bitmap Index Scan",
                        "Parent Relationship": "Outer",
                        "Parallel Aware": false,
                        "Index Name": "keyword_id_movie_keyword",
                        "Startup Cost": 0.0,
                        "Total Cost": 7231.59,
                        "Plan Rows": 344954,
                        "Plan Width": 0,
                        "Actual Startup Time": 22.076,
                        "Actual Total Time": 22.077,
                        "Actual Rows": 363692,
                        "Actual Loops": 1,
                        "Index Cond": "(keyword_id < 335)"
                      }
                    ]
                  },
                  {
                    "Node Type": "Hash",
                    "Parent Relationship": "Inner",
                    "Parallel Aware": true,
                    "Startup Cost": 54588.39,
                    "Total Cost": 54588.39,
                    "Plan Rows": 540361,
                    "Plan Width": 4,
                    "Actual Startup Time": 273.343,
                    "Actual Total Time": 273.344,
                    "Actual Rows": 462302,
                    "Actual Loops": 2,
                    "Hash Buckets": 1048576,
                    "Original Hash Buckets": 1048576,
                    "Hash Batches": 1,
                    "Original Hash Batches": 1,
                    "Peak Memory Usage": 44384,
                    "Plans": [
                      {
                        "Node Type": "Seq Scan",
                        "Parent Relationship": "Outer",
                        "Parallel Aware": true,
                        "Relation Name": "title",
                        "Alias": "t",
                        "Startup Cost": 0.0,
                        "Total Cost": 54588.39,
                        "Plan Rows": 540361,
                        "Plan Width": 4,
                        "Actual Startup Time": 0.032,
                        "Actual Total Time": 158.085,
                        "Actual Rows": 462302,
                        "Actual Loops": 2,
                        "Filter": "(production_year < 1998)",
                        "Rows Removed by Filter": 801854
                      }
                    ]
                  }
                ]
              }
            ]
          }
        ]
      }
    ]
  },
  "Planning Time": 0.445,
  "Triggers": [],
  "Execution Time": 445.051
}