{
  "Plan": {
    "Node Type": "Aggregate",
    "Strategy": "Plain",
    "Partial Mode": "Finalize",
    "Parallel Aware": false,
    "Startup Cost": 122584.45,
    "Total Cost": 122584.46,
    "Plan Rows": 1,
    "Plan Width": 8,
    "Actual Startup Time": 628.075,
    "Actual Total Time": 641.251,
    "Actual Rows": 1,
    "Actual Loops": 1,
    "Plans": [
      {
        "Node Type": "Gather",
        "Parent Relationship": "Outer",
        "Parallel Aware": false,
        "Startup Cost": 122584.34,
        "Total Cost": 122584.45,
        "Plan Rows": 1,
        "Plan Width": 8,
        "Actual Startup Time": 627.032,
        "Actual Total Time": 641.242,
        "Actual Rows": 2,
        "Actual Loops": 1,
        "Workers Planned": 1,
        "Workers Launched": 1,
        "Single Copy": false,
        "Plans": [
          {
            "Node Type": "Aggregate",
            "Strategy": "Plain",
            "Partial Mode": "Partial",
            "Parent Relationship": "Outer",
            "Parallel Aware": false,
            "Startup Cost": 121584.34,
            "Total Cost": 121584.35,
            "Plan Rows": 1,
            "Plan Width": 8,
            "Actual Startup Time": 621.5,
            "Actual Total Time": 621.503,
            "Actual Rows": 1,
            "Actual Loops": 2,
            "Plans": [
              {
                "Node Type": "Hash Join",
                "Parent Relationship": "Outer",
                "Parallel Aware": true,
                "Join Type": "Inner",
                "Startup Cost": 62155.92,
                "Total Cost": 120206.76,
                "Plan Rows": 551032,
                "Plan Width": 0,
                "Actual Startup Time": 198.648,
                "Actual Total Time": 591.108,
                "Actual Rows": 745444,
                "Actual Loops": 2,
                "Inner Unique": true,
                "Hash Cond": "(mk.movie_id = t.id)",
                "Plans": [
                  {
                    "Node Type": "Seq Scan",
                    "Parent Relationship": "Outer",
                    "Parallel Aware": true,
                    "Relation Name": "movie_keyword",
                    "Alias": "mk",
                    "Startup Cost": 0.0,
                    "Total Cost": 51065.35,
                    "Plan Rows": 2661135,
                    "Plan Width": 4,
                    "Actual Startup Time": 0.012,
                    "Actual Total Time": 148.256,
                    "Actual Rows": 2261965,
                    "Actual Loops": 2
                  },
                  {
                    "Node Type": "Hash",
                    "Parent Relationship": "Inner",
                    "Parallel Aware": true,
                    "Startup Cost": 58306.47,
                    "Total Cost": 58306.47,
                    "Plan Rows": 307956,
                    "Plan Width": 4,
                    "Actual Startup Time": 192.904,
                    "Actual Total Time": 192.905,
                    "Actual Rows": 220459,
                    "Actual Loops": 2,
                    "Hash Buckets": 524288,
                    "Original Hash Buckets": 524288,
                    "Hash Batches": 1,
                    "Original Hash Batches": 1,
                    "Peak Memory Usage": 21376,
                    "Plans": [
                      {
                        "Node Type": "Seq Scan",
                        "Parent Relationship": "Outer",
                        "Parallel Aware": true,
                        "Relation Name": "title",
                        "Alias": "t",
                        "Startup Cost": 0.0,
                        "Total Cost": 58306.47,
                        "Plan Rows": 307956,
                        "Plan Width": 4,
                        "Actual Startup Time": 0.028,
                        "Actual Total Time": 143.429,
                        "Actual Rows": 220459,
                        "Actual Loops": 2,
                        "Filter": "((kind_id < 7) AND (production_year > 2001))",
                        "Rows Removed by Filter": 1043697
                      }
                    ]
                  }
                ]
              }
            ]
          }
        ]
      }
    ]
  },
  "Planning Time": 0.688,
  "Triggers": [],
  "Execution Time": 641.317
}