{
  "Plan": {
    "Node Type": "Aggregate",
    "Strategy": "Plain",
    "Partial Mode": "Finalize",
    "Parallel Aware": false,
    "Startup Cost": 335472.31,
    "Total Cost": 335472.32,
    "Plan Rows": 1,
    "Plan Width": 8,
    "Actual Startup Time": 2152.045,
    "Actual Total Time": 2193.598,
    "Actual Rows": 1,
    "Actual Loops": 1,
    "Plans": [
      {
        "Node Type": "Gather",
        "Parent Relationship": "Outer",
        "Parallel Aware": false,
        "Startup Cost": 335472.2,
        "Total Cost": 335472.31,
        "Plan Rows": 1,
        "Plan Width": 8,
        "Actual Startup Time": 2151.199,
        "Actual Total Time": 2193.591,
        "Actual Rows": 2,
        "Actual Loops": 1,
        "Workers Planned": 1,
        "Workers Launched": 1,
        "Single Copy": false,
        "Plans": [
          {
            "Node Type": "Aggregate",
            "Strategy": "Plain",
            "Partial Mode": "Partial",
            "Parent Relationship": "Outer",
            "Parallel Aware": false,
            "Startup Cost": 334472.2,
            "Total Cost": 334472.21,
            "Plan Rows": 1,
            "Plan Width": 8,
            "Actual Startup Time": 2146.987,
            "Actual Total Time": 2146.99,
            "Actual Rows": 1,
            "Actual Loops": 2,
            "Plans": [
              {
                "Node Type": "Hash Join",
                "Parent Relationship": "Outer",
                "Parallel Aware": true,
                "Join Type": "Inner",
                "Startup Cost": 60326.44,
                "Total Cost": 332109.93,
                "Plan Rows": 944908,
                "Plan Width": 0,
                "Actual Startup Time": 216.822,
                "Actual Total Time": 2058.53,
                "Actual Rows": 2199296,
                "Actual Loops": 2,
                "Inner Unique": true,
                "Hash Cond": "(mi.movie_id = t.id)",
                "Plans": [
                  {
                    "Node Type": "Seq Scan",
                    "Parent Relationship": "Outer",
                    "Parallel Aware": true,
                    "Relation Name": "movie_info",
                    "Alias": "mi",
                    "Startup Cost": 0.0,
                    "Total Cost": 248955.74,
                    "Plan Rows": 8696274,
                    "Plan Width": 4,
                    "Actual Startup Time": 0.012,
                    "Actual Total Time": 648.117,
                    "Actual Rows": 7417860,
                    "Actual Loops": 2
                  },
                  {
                    "Node Type": "Hash",
                    "Parent Relationship": "Inner",
                    "Parallel Aware": true,
                    "Startup Cost": 58306.47,
                    "Total Cost": 58306.47,
                    "Plan Rows": 161598,
                    "Plan Width": 4,
                    "Actual Startup Time": 210.23,
                    "Actual Total Time": 210.231,
                    "Actual Rows": 196010,
                    "Actual Loops": 2,
                    "Hash Buckets": 524288,
                    "Original Hash Buckets": 524288,
                    "Hash Batches": 1,
                    "Original Hash Batches": 1,
                    "Peak Memory Usage": 19456,
                    "Plans": [
                      {
                        "Node Type": "Seq Scan",
                        "Parent Relationship": "Outer",
                        "Parallel Aware": true,
                        "Relation Name": "title",
                        "Alias": "t",
                        "Startup Cost": 0.0,
                        "Total Cost": 58306.47,
                        "Plan Rows": 161598,
                        "Plan Width": 4,
                        "Actual Startup Time": 0.041,
                        "Actual Total Time": 152.103,
                        "Actual Rows": 196010,
                        "Actual Loops": 2,
                        "Filter": "((kind_id < 7) AND (production_year < 1991))",
                        "Rows Removed by Filter": 1068146
                      }
                    ]
                  }
                ]
              }
            ]
          }
        ]
      }
    ]
  },
  "Planning Time": 0.493,
  "Triggers": [],
  "Execution Time": 2193.662
}