{
  "Plan": {
    "Node Type": "Aggregate",
    "Strategy": "Plain",
    "Partial Mode": "Finalize",
    "Parallel Aware": false,
    "Startup Cost": 335489.52,
    "Total Cost": 335489.53,
    "Plan Rows": 1,
    "Plan Width": 8,
    "Actual Startup Time": 179.552,
    "Actual Total Time": 197.79,
    "Actual Rows": 1,
    "Actual Loops": 1,
    "Plans": [
      {
        "Node Type": "Gather",
        "Parent Relationship": "Outer",
        "Parallel Aware": false,
        "Startup Cost": 335489.41,
        "Total Cost": 335489.52,
        "Plan Rows": 1,
        "Plan Width": 8,
        "Actual Startup Time": 179.414,
        "Actual Total Time": 197.783,
        "Actual Rows": 2,
        "Actual Loops": 1,
        "Workers Planned": 1,
        "Workers Launched": 1,
        "Single Copy": false,
        "Plans": [
          {
            "Node Type": "Aggregate",
            "Strategy": "Plain",
            "Partial Mode": "Partial",
            "Parent Relationship": "Outer",
            "Parallel Aware": false,
            "Startup Cost": 334489.41,
            "Total Cost": 334489.42,
            "Plan Rows": 1,
            "Plan Width": 8,
            "Actual Startup Time": 173.806,
            "Actual Total Time": 173.808,
            "Actual Rows": 1,
            "Actual Loops": 2,
            "Plans": [
              {
                "Node Type": "Nested Loop",
                "Parent Relationship": "Outer",
                "Parallel Aware": false,
                "Join Type": "Inner",
                "Startup Cost": 0.56,
                "Total Cost": 334476.88,
                "Plan Rows": 5011,
                "Plan Width": 0,
                "Actual Startup Time": 94.988,
                "Actual Total Time": 173.738,
                "Actual Rows": 462,
                "Actual Loops": 2,
                "Inner Unique": false,
                "Plans": [
                  {
                    "Node Type": "Seq Scan",
                    "Parent Relationship": "Outer",
                    "Parallel Aware": true,
                    "Relation Name": "title",
                    "Alias": "t",
                    "Startup Cost": 0.0,
                    "Total Cost": 54588.39,
                    "Plan Rows": 2330,
                    "Plan Width": 4,
                    "Actual Startup Time": 94.712,
                    "Actual Total Time": 142.78,
                    "Actual Rows": 2298,
                    "Actual Loops": 2,
                    "Filter": "(production_year = 1910)",
                    "Rows Removed by Filter": 1261858
                  },
                  {
                    "Node Type": "Index Scan",
                    "Parent Relationship": "Inner",
                    "Parallel Aware": false,
                    "Scan Direction": "Forward",
                    "Index Name": "movie_id_cast_info",
                    "Relation Name": "cast_info",
                    "Alias": "ci",
                    "Startup Cost": 0.56,
                    "Total Cost": 120.06,
                    "Plan Rows": 6,
                    "Plan Width": 4,
                    "Actual Startup Time": 0.013,
                    "Actual Total Time": 0.013,
                    "Actual Rows": 0,
                    "Actual Loops": 4597,
                    "Index Cond": "(movie_id = t.id)",
                    "Rows Removed by Index Recheck": 0,
                    "Filter": "((person_id > 3040729) AND (role_id < 10))",
                    "Rows Removed by Filter": 2
                  }
                ]
              }
            ]
          }
        ]
      }
    ]
  },
  "Planning Time": 0.262,
  "Triggers": [],
  "Execution Time": 197.835
}