{
  "Plan": {
    "Node Type": "Aggregate",
    "Strategy": "Plain",
    "Partial Mode": "Finalize",
    "Parallel Aware": false,
    "Startup Cost": 296650.27,
    "Total Cost": 296650.28,
    "Plan Rows": 1,
    "Plan Width": 8,
    "Actual Startup Time": 974.072,
    "Actual Total Time": 1001.419,
    "Actual Rows": 1,
    "Actual Loops": 1,
    "Plans": [
      {
        "Node Type": "Gather",
        "Parent Relationship": "Outer",
        "Parallel Aware": false,
        "Startup Cost": 296650.16,
        "Total Cost": 296650.27,
        "Plan Rows": 1,
        "Plan Width": 8,
        "Actual Startup Time": 973.787,
        "Actual Total Time": 1001.409,
        "Actual Rows": 2,
        "Actual Loops": 1,
        "Workers Planned": 1,
        "Workers Launched": 1,
        "Single Copy": false,
        "Plans": [
          {
            "Node Type": "Aggregate",
            "Strategy": "Plain",
            "Partial Mode": "Partial",
            "Parent Relationship": "Outer",
            "Parallel Aware": false,
            "Startup Cost": 295650.16,
            "Total Cost": 295650.17,
            "Plan Rows": 1,
            "Plan Width": 8,
            "Actual Startup Time": 967.908,
            "Actual Total Time": 967.911,
            "Actual Rows": 1,
            "Actual Loops": 2,
            "Plans": [
              {
                "Node Type": "Hash Join",
                "Parent Relationship": "Outer",
                "Parallel Aware": true,
                "Join Type": "Inner",
                "Startup Cost": 58382.46,
                "Total Cost": 295606.22,
                "Plan Rows": 17575,
                "Plan Width": 0,
                "Actual Startup Time": 142.679,
                "Actual Total Time": 967.242,
                "Actual Rows": 9552,
                "Actual Loops": 2,
                "Inner Unique": true,
                "Hash Cond": "(ci.movie_id = t.id)",
                "Plans": [
                  {
                    "Node Type": "Index Scan",
                    "Parent Relationship": "Outer",
                    "Parallel Aware": true,
                    "Scan Direction": "Forward",
                    "Index Name": "role_id_cast_info",
                    "Relation Name": "cast_info",
                    "Alias": "ci",
                    "Startup Cost": 0.56,
                    "Total Cost": 225853.5,
                    "Plan Rows": 4331734,
                    "Plan Width": 4,
                    "Actual Startup Time": 0.157,
                    "Actual Total Time": 496.047,
                    "Actual Rows": 3725986,
                    "Actual Loops": 2,
                    "Index Cond": "(role_id = 2)",
                    "Rows Removed by Index Recheck": 0
                  },
                  {
                    "Node Type": "Hash",
                    "Parent Relationship": "Inner",
                    "Parallel Aware": true,
                    "Startup Cost": 58306.47,
                    "Total Cost": 58306.47,
                    "Plan Rows": 6034,
                    "Plan Width": 4,
                    "Actual Startup Time": 140.229,
                    "Actual Total Time": 140.23,
                    "Actual Rows": 4655,
                    "Actual Loops": 2,
                    "Hash Buckets": 16384,
                    "Original Hash Buckets": 16384,
                    "Hash Batches": 1,
                    "Original Hash Batches": 1,
                    "Peak Memory Usage": 512,
                    "Plans": [
                      {
                        "Node Type": "Seq Scan",
                        "Parent Relationship": "Outer",
                        "Parallel Aware": true,
                        "Relation Name": "title",
                        "Alias": "t",
                        "Startup Cost": 0.0,
                        "Total Cost": 58306.47,
                        "Plan Rows": 6034,
                        "Plan Width": 4,
                        "Actual Startup Time": 0.341,
                        "Actual Total Time": 138.436,
                        "Actual Rows": 4655,
                        "Actual Loops": 2,
                        "Filter": "((kind_id > 1) AND (production_year = 1965))",
                        "Rows Removed by Filter": 1259501
                      }
                    ]
                  }
                ]
              }
            ]
          }
        ]
      }
    ]
  },
  "Planning Time": 0.484,
  "Triggers": [],
  "Execution Time": 1001.496
}