[
  {
    "Plan": {
      "Node Type": "Aggregate",
      "Strategy": "Plain",
      "Partial Mode": "Finalize",
      "Parallel Aware": false,
      "Startup Cost": 70154.95,
      "Total Cost": 70154.96,
      "Plan Rows": 1,
      "Plan Width": 8,
      "Actual Startup Time": 115.8,
      "Actual Total Time": 128.444,
      "Actual Rows": 1,
      "Actual Loops": 1,
      "Plans": [
        {
          "Node Type": "Gather",
          "Parent Relationship": "Outer",
          "Parallel Aware": false,
          "Startup Cost": 70154.53,
          "Total Cost": 70154.94,
          "Plan Rows": 4,
          "Plan Width": 8,
          "Actual Startup Time": 115.649,
          "Actual Total Time": 128.434,
          "Actual Rows": 5,
          "Actual Loops": 1,
          "Workers Planned": 4,
          "Workers Launched": 4,
          "Single Copy": false,
          "Plans": [
            {
              "Node Type": "Aggregate",
              "Strategy": "Plain",
              "Partial Mode": "Partial",
              "Parent Relationship": "Outer",
              "Parallel Aware": false,
              "Startup Cost": 69154.53,
              "Total Cost": 69154.54,
              "Plan Rows": 1,
              "Plan Width": 8,
              "Actual Startup Time": 105.489,
              "Actual Total Time": 105.491,
              "Actual Rows": 1,
              "Actual Loops": 5,
              "Plans": [
                {
                  "Node Type": "Nested Loop",
                  "Parent Relationship": "Outer",
                  "Parallel Aware": false,
                  "Join Type": "Inner",
                  "Startup Cost": 0.43,
                  "Total Cost": 69149.35,
                  "Plan Rows": 2072,
                  "Plan Width": 0,
                  "Actual Startup Time": 0.919,
                  "Actual Total Time": 105.308,
                  "Actual Rows": 2273,
                  "Actual Loops": 5,
                  "Inner Unique": false,
                  "Plans": [
                    {
                      "Node Type": "Seq Scan",
                      "Parent Relationship": "Outer",
                      "Parallel Aware": true,
                      "Relation Name": "title",
                      "Alias": "t",
                      "Startup Cost": 0.0,
                      "Total Cost": 43899.32,
                      "Plan Rows": 3266,
                      "Plan Width": 4,
                      "Actual Startup Time": 0.148,
                      "Actual Total Time": 82.721,
                      "Actual Rows": 2808,
                      "Actual Loops": 5,
                      "Filter": "(production_year = 1977)",
                      "Rows Removed by Filter": 502855
                    },
                    {
                      "Node Type": "Index Scan",
                      "Parent Relationship": "Inner",
                      "Parallel Aware": false,
                      "Scan Direction": "Forward",
                      "Index Name": "movie_id_movie_keyword",
                      "Relation Name": "movie_keyword",
                      "Alias": "mk",
                      "Startup Cost": 0.43,
                      "Total Cost": 7.57,
                      "Plan Rows": 16,
                      "Plan Width": 4,
                      "Actual Startup Time": 0.007,
                      "Actual Total Time": 0.007,
                      "Actual Rows": 1,
                      "Actual Loops": 14038,
                      "Index Cond": "(movie_id = t.id)",
                      "Rows Removed by Index Recheck": 0,
                      "Filter": "(keyword_id < 2477)",
                      "Rows Removed by Filter": 2
                    }
                  ]
                }
              ]
            }
          ]
        }
      ]
    },
    "Planning Time": 0.634,
    "Triggers": [],
    "Execution Time": 128.518
  }
]