[
  {
    "Plan": {
      "Node Type": "Aggregate",
      "Strategy": "Plain",
      "Partial Mode": "Finalize",
      "Parallel Aware": false,
      "Startup Cost": 330892.44,
      "Total Cost": 330892.45,
      "Plan Rows": 1,
      "Plan Width": 8,
      "Actual Startup Time": 1116.476,
      "Actual Total Time": 1210.484,
      "Actual Rows": 1,
      "Actual Loops": 1,
      "Plans": [
        {
          "Node Type": "Gather",
          "Parent Relationship": "Outer",
          "Parallel Aware": false,
          "Startup Cost": 330891.92,
          "Total Cost": 330892.43,
          "Plan Rows": 5,
          "Plan Width": 8,
          "Actual Startup Time": 1115.288,
          "Actual Total Time": 1210.47,
          "Actual Rows": 6,
          "Actual Loops": 1,
          "Workers Planned": 5,
          "Workers Launched": 5,
          "Single Copy": false,
          "Plans": [
            {
              "Node Type": "Aggregate",
              "Strategy": "Plain",
              "Partial Mode": "Partial",
              "Parent Relationship": "Outer",
              "Parallel Aware": false,
              "Startup Cost": 329891.92,
              "Total Cost": 329891.93,
              "Plan Rows": 1,
              "Plan Width": 8,
              "Actual Startup Time": 1104.351,
              "Actual Total Time": 1104.356,
              "Actual Rows": 1,
              "Actual Loops": 6,
              "Plans": [
                {
                  "Node Type": "Nested Loop",
                  "Parent Relationship": "Outer",
                  "Parallel Aware": false,
                  "Join Type": "Inner",
                  "Startup Cost": 45785.44,
                  "Total Cost": 329150.2,
                  "Plan Rows": 296688,
                  "Plan Width": 0,
                  "Actual Startup Time": 109.01,
                  "Actual Total Time": 1089.734,
                  "Actual Rows": 273369,
                  "Actual Loops": 6,
                  "Inner Unique": false,
                  "Join Filter": "(t.id = ci.movie_id)",
                  "Rows Removed by Join Filter": 0,
                  "Plans": [
                    {
                      "Node Type": "Hash Join",
                      "Parent Relationship": "Outer",
                      "Parallel Aware": true,
                      "Join Type": "Inner",
                      "Startup Cost": 45784.87,
                      "Total Cost": 247841.61,
                      "Plan Rows": 45771,
                      "Plan Width": 8,
                      "Actual Startup Time": 108.82,
                      "Actual Total Time": 525.638,
                      "Actual Rows": 23502,
                      "Actual Loops": 6,
                      "Inner Unique": true,
                      "Hash Cond": "(mi.movie_id = t.id)",
                      "Plans": [
                        {
                          "Node Type": "Seq Scan",
                          "Parent Relationship": "Outer",
                          "Parallel Aware": true,
                          "Relation Name": "movie_info",
                          "Alias": "mi",
                          "Startup Cost": 0.0,
                          "Total Cost": 198952.16,
                          "Plan Rows": 1182693,
                          "Plan Width": 4,
                          "Actual Startup Time": 16.985,
                          "Actual Total Time": 310.02,
                          "Actual Rows": 978171,
                          "Actual Loops": 6,
                          "Filter": "(info_type_id > 13)",
                          "Rows Removed by Filter": 1494449
                        },
                        {
                          "Node Type": "Hash",
                          "Parent Relationship": "Inner",
                          "Parallel Aware": true,
                          "Startup Cost": 45479.1,
                          "Total Cost": 45479.1,
                          "Plan Rows": 24462,
                          "Plan Width": 4,
                          "Actual Startup Time": 90.182,
                          "Actual Total Time": 90.183,
                          "Actual Rows": 18400,
                          "Actual Loops": 6,
                          "Hash Buckets": 131072,
                          "Original Hash Buckets": 131072,
                          "Hash Batches": 1,
                          "Original Hash Batches": 1,
                          "Peak Memory Usage": 5472,
                          "Plans": [
                            {
                              "Node Type": "Seq Scan",
                              "Parent Relationship": "Outer",
                              "Parallel Aware": true,
                              "Relation Name": "title",
                              "Alias": "t",
                              "Startup Cost": 0.0,
                              "Total Cost": 45479.1,
                              "Plan Rows": 24462,
                              "Plan Width": 4,
                              "Actual Startup Time": 0.043,
                              "Actual Total Time": 81.501,
                              "Actual Rows": 18400,
                              "Actual Loops": 6,
                              "Filter": "((kind_id = 7) AND (production_year = 2012))",
                              "Rows Removed by Filter": 402985
                            }
                          ]
                        }
                      ]
                    },
                    {
                      "Node Type": "Index Scan",
                      "Parent Relationship": "Inner",
                      "Parallel Aware": false,
                      "Scan Direction": "Forward",
                      "Index Name": "movie_id_cast_info",
                      "Relation Name": "cast_info",
                      "Alias": "ci",
                      "Startup Cost": 0.56,
                      "Total Cost": 1.56,
                      "Plan Rows": 17,
                      "Plan Width": 4,
                      "Actual Startup Time": 0.014,
                      "Actual Total Time": 0.023,
                      "Actual Rows": 12,
                      "Actual Loops": 141012,
                      "Index Cond": "(movie_id = mi.movie_id)",
                      "Rows Removed by Index Recheck": 0,
                      "Filter": "(role_id > 2)",
                      "Rows Removed by Filter": 9
                    }
                  ]
                }
              ]
            }
          ]
        }
      ]
    },
    "Planning Time": 1.443,
    "Triggers": [],
    "Execution Time": 1210.605
  }
]