[
  {
    "Plan": {
      "Node Type": "Aggregate",
      "Strategy": "Plain",
      "Partial Mode": "Finalize",
      "Parallel Aware": false,
      "Startup Cost": 45657.51,
      "Total Cost": 45657.52,
      "Plan Rows": 1,
      "Plan Width": 8,
      "Actual Startup Time": 152.083,
      "Actual Total Time": 162.297,
      "Actual Rows": 1,
      "Actual Loops": 1,
      "Plans": [
        {
          "Node Type": "Gather",
          "Parent Relationship": "Outer",
          "Parallel Aware": false,
          "Startup Cost": 45657.19,
          "Total Cost": 45657.5,
          "Plan Rows": 3,
          "Plan Width": 8,
          "Actual Startup Time": 151.971,
          "Actual Total Time": 162.289,
          "Actual Rows": 4,
          "Actual Loops": 1,
          "Workers Planned": 3,
          "Workers Launched": 3,
          "Single Copy": false,
          "Plans": [
            {
              "Node Type": "Aggregate",
              "Strategy": "Plain",
              "Partial Mode": "Partial",
              "Parent Relationship": "Outer",
              "Parallel Aware": false,
              "Startup Cost": 44657.19,
              "Total Cost": 44657.2,
              "Plan Rows": 1,
              "Plan Width": 8,
              "Actual Startup Time": 144.951,
              "Actual Total Time": 144.953,
              "Actual Rows": 1,
              "Actual Loops": 4,
              "Plans": [
                {
                  "Node Type": "Seq Scan",
                  "Parent Relationship": "Outer",
                  "Parallel Aware": true,
                  "Relation Name": "movie_keyword",
                  "Alias": "mk",
                  "Startup Cost": 0.0,
                  "Total Cost": 42695.65,
                  "Plan Rows": 784616,
                  "Plan Width": 0,
                  "Actual Startup Time": 0.053,
                  "Actual Total Time": 116.196,
                  "Actual Rows": 608744,
                  "Actual Loops": 4,
                  "Filter": "(keyword_id < 5776)",
                  "Rows Removed by Filter": 522239
                }
              ]
            }
          ]
        }
      ]
    },
    "Planning Time": 0.187,
    "Triggers": [],
    "Execution Time": 162.353
  }
]