[
  {
    "Plan": {
      "Node Type": "Aggregate",
      "Strategy": "Plain",
      "Partial Mode": "Finalize",
      "Parallel Aware": false,
      "Startup Cost": 219379.64,
      "Total Cost": 219379.65,
      "Plan Rows": 1,
      "Plan Width": 8,
      "Actual Startup Time": 272.817,
      "Actual Total Time": 289.059,
      "Actual Rows": 1,
      "Actual Loops": 1,
      "Plans": [
        {
          "Node Type": "Gather",
          "Parent Relationship": "Outer",
          "Parallel Aware": false,
          "Startup Cost": 219379.11,
          "Total Cost": 219379.62,
          "Plan Rows": 5,
          "Plan Width": 8,
          "Actual Startup Time": 267.414,
          "Actual Total Time": 289.047,
          "Actual Rows": 6,
          "Actual Loops": 1,
          "Workers Planned": 5,
          "Workers Launched": 5,
          "Single Copy": false,
          "Plans": [
            {
              "Node Type": "Aggregate",
              "Strategy": "Plain",
              "Partial Mode": "Partial",
              "Parent Relationship": "Outer",
              "Parallel Aware": false,
              "Startup Cost": 218379.11,
              "Total Cost": 218379.12,
              "Plan Rows": 1,
              "Plan Width": 8,
              "Actual Startup Time": 257.077,
              "Actual Total Time": 257.081,
              "Actual Rows": 1,
              "Actual Loops": 6,
              "Plans": [
                {
                  "Node Type": "Hash Join",
                  "Parent Relationship": "Outer",
                  "Parallel Aware": true,
                  "Join Type": "Inner",
                  "Startup Cost": 55196.06,
                  "Total Cost": 218308.56,
                  "Plan Rows": 28220,
                  "Plan Width": 0,
                  "Actual Startup Time": 198.949,
                  "Actual Total Time": 253.37,
                  "Actual Rows": 51697,
                  "Actual Loops": 6,
                  "Inner Unique": true,
                  "Hash Cond": "(mi.movie_id = t.id)",
                  "Plans": [
                    {
                      "Node Type": "Bitmap Heap Scan",
                      "Parent Relationship": "Outer",
                      "Parallel Aware": true,
                      "Relation Name": "movie_info",
                      "Alias": "mi",
                      "Startup Cost": 6704.59,
                      "Total Cost": 169622.8,
                      "Plan Rows": 74017,
                      "Plan Width": 4,
                      "Actual Startup Time": 21.381,
                      "Actual Total Time": 49.33,
                      "Actual Rows": 61370,
                      "Actual Loops": 6,
                      "Recheck Cond": "(info_type_id = 17)",
                      "Rows Removed by Index Recheck": 0,
                      "Exact Heap Blocks": 1721,
                      "Lossy Heap Blocks": 0,
                      "Plans": [
                        {
                          "Node Type": "Bitmap Index Scan",
                          "Parent Relationship": "Outer",
                          "Parallel Aware": false,
                          "Index Name": "info_type_id_movie_info",
                          "Startup Cost": 0.0,
                          "Total Cost": 6612.07,
                          "Plan Rows": 370084,
                          "Plan Width": 0,
                          "Actual Startup Time": 18.892,
                          "Actual Total Time": 18.893,
                          "Actual Rows": 368218,
                          "Actual Loops": 1,
                          "Index Cond": "(info_type_id = 17)"
                        }
                      ]
                    },
                    {
                      "Node Type": "Hash",
                      "Parent Relationship": "Inner",
                      "Parallel Aware": true,
                      "Startup Cost": 45479.1,
                      "Total Cost": 45479.1,
                      "Plan Rows": 240990,
                      "Plan Width": 4,
                      "Actual Startup Time": 174.017,
                      "Actual Total Time": 174.018,
                      "Actual Rows": 162963,
                      "Actual Loops": 6,
                      "Hash Buckets": 1048576,
                      "Original Hash Buckets": 1048576,
                      "Hash Batches": 1,
                      "Original Hash Batches": 1,
                      "Peak Memory Usage": 46560,
                      "Plans": [
                        {
                          "Node Type": "Seq Scan",
                          "Parent Relationship": "Outer",
                          "Parallel Aware": true,
                          "Relation Name": "title",
                          "Alias": "t",
                          "Startup Cost": 0.0,
                          "Total Cost": 45479.1,
                          "Plan Rows": 240990,
                          "Plan Width": 4,
                          "Actual Startup Time": 0.048,
                          "Actual Total Time": 97.933,
                          "Actual Rows": 162963,
                          "Actual Loops": 6,
                          "Filter": "((kind_id < 7) AND (production_year > 0))",
                          "Rows Removed by Filter": 258422
                        }
                      ]
                    }
                  ]
                }
              ]
            }
          ]
        }
      ]
    },
    "Planning Time": 0.608,
    "Triggers": [],
    "Execution Time": 289.156
  }
]