[
  {
    "Plan": {
      "Node Type": "Aggregate",
      "Strategy": "Plain",
      "Partial Mode": "Finalize",
      "Parallel Aware": false,
      "Startup Cost": 33379.19,
      "Total Cost": 33379.2,
      "Plan Rows": 1,
      "Plan Width": 8,
      "Actual Startup Time": 100.978,
      "Actual Total Time": 108.794,
      "Actual Rows": 1,
      "Actual Loops": 1,
      "Plans": [
        {
          "Node Type": "Gather",
          "Parent Relationship": "Outer",
          "Parallel Aware": false,
          "Startup Cost": 33378.87,
          "Total Cost": 33379.18,
          "Plan Rows": 3,
          "Plan Width": 8,
          "Actual Startup Time": 100.861,
          "Actual Total Time": 108.786,
          "Actual Rows": 4,
          "Actual Loops": 1,
          "Workers Planned": 3,
          "Workers Launched": 3,
          "Single Copy": false,
          "Plans": [
            {
              "Node Type": "Aggregate",
              "Strategy": "Plain",
              "Partial Mode": "Partial",
              "Parent Relationship": "Outer",
              "Parallel Aware": false,
              "Startup Cost": 32378.87,
              "Total Cost": 32378.88,
              "Plan Rows": 1,
              "Plan Width": 8,
              "Actual Startup Time": 93.91,
              "Actual Total Time": 93.911,
              "Actual Rows": 1,
              "Actual Loops": 4,
              "Plans": [
                {
                  "Node Type": "Seq Scan",
                  "Parent Relationship": "Outer",
                  "Parallel Aware": true,
                  "Relation Name": "movie_companies",
                  "Alias": "mc",
                  "Startup Cost": 0.0,
                  "Total Cost": 31414.82,
                  "Plan Rows": 385621,
                  "Plan Width": 0,
                  "Actual Startup Time": 48.403,
                  "Actual Total Time": 83.49,
                  "Actual Rows": 270586,
                  "Actual Loops": 4,
                  "Filter": "((company_id < 100724) AND (company_type_id = 2))",
                  "Rows Removed by Filter": 381696
                }
              ]
            }
          ]
        }
      ]
    },
    "Planning Time": 0.175,
    "Triggers": [],
    "Execution Time": 108.862
  }
]