[
  {
    "Plan": {
      "Node Type": "Aggregate",
      "Strategy": "Plain",
      "Partial Mode": "Finalize",
      "Parallel Aware": false,
      "Startup Cost": 11543.53,
      "Total Cost": 11543.54,
      "Plan Rows": 1,
      "Plan Width": 8,
      "Actual Startup Time": 33.165,
      "Actual Total Time": 36.761,
      "Actual Rows": 1,
      "Actual Loops": 1,
      "Plans": [
        {
          "Node Type": "Gather",
          "Parent Relationship": "Outer",
          "Parallel Aware": false,
          "Startup Cost": 11543.42,
          "Total Cost": 11543.53,
          "Plan Rows": 1,
          "Plan Width": 8,
          "Actual Startup Time": 32.983,
          "Actual Total Time": 36.755,
          "Actual Rows": 2,
          "Actual Loops": 1,
          "Workers Planned": 1,
          "Workers Launched": 1,
          "Single Copy": false,
          "Plans": [
            {
              "Node Type": "Aggregate",
              "Strategy": "Plain",
              "Partial Mode": "Partial",
              "Parent Relationship": "Outer",
              "Parallel Aware": false,
              "Startup Cost": 10543.42,
              "Total Cost": 10543.43,
              "Plan Rows": 1,
              "Plan Width": 8,
              "Actual Startup Time": 26.843,
              "Actual Total Time": 26.844,
              "Actual Rows": 1,
              "Actual Loops": 2,
              "Plans": [
                {
                  "Node Type": "Nested Loop",
                  "Parent Relationship": "Outer",
                  "Parallel Aware": false,
                  "Join Type": "Inner",
                  "Startup Cost": 44.02,
                  "Total Cost": 10543.26,
                  "Plan Rows": 61,
                  "Plan Width": 0,
                  "Actual Startup Time": 19.394,
                  "Actual Total Time": 26.801,
                  "Actual Rows": 234,
                  "Actual Loops": 2,
                  "Inner Unique": true,
                  "Plans": [
                    {
                      "Node Type": "Bitmap Heap Scan",
                      "Parent Relationship": "Outer",
                      "Parallel Aware": true,
                      "Relation Name": "movie_companies",
                      "Alias": "mc",
                      "Startup Cost": 43.59,
                      "Total Cost": 5822.89,
                      "Plan Rows": 576,
                      "Plan Width": 4,
                      "Actual Startup Time": 1.811,
                      "Actual Total Time": 6.612,
                      "Actual Rows": 1984,
                      "Actual Loops": 2,
                      "Recheck Cond": "(company_id < 6)",
                      "Rows Removed by Index Recheck": 0,
                      "Filter": "(company_type_id < 2)",
                      "Rows Removed by Filter": 372,
                      "Exact Heap Blocks": 1605,
                      "Lossy Heap Blocks": 0,
                      "Plans": [
                        {
                          "Node Type": "Bitmap Index Scan",
                          "Parent Relationship": "Outer",
                          "Parallel Aware": false,
                          "Index Name": "company_id_movie_companies",
                          "Startup Cost": 0.0,
                          "Total Cost": 43.35,
                          "Plan Rows": 1989,
                          "Plan Width": 0,
                          "Actual Startup Time": 2.626,
                          "Actual Total Time": 2.626,
                          "Actual Rows": 4712,
                          "Actual Loops": 1,
                          "Index Cond": "(company_id < 6)"
                        }
                      ]
                    },
                    {
                      "Node Type": "Index Scan",
                      "Parent Relationship": "Inner",
                      "Parallel Aware": false,
                      "Scan Direction": "Forward",
                      "Index Name": "title_pkey",
                      "Relation Name": "title",
                      "Alias": "t",
                      "Startup Cost": 0.43,
                      "Total Cost": 8.2,
                      "Plan Rows": 1,
                      "Plan Width": 4,
                      "Actual Startup Time": 0.01,
                      "Actual Total Time": 0.01,
                      "Actual Rows": 0,
                      "Actual Loops": 3969,
                      "Index Cond": "(id = mc.movie_id)",
                      "Rows Removed by Index Recheck": 0,
                      "Filter": "((production_year > 2005) AND (kind_id = 1))",
                      "Rows Removed by Filter": 1
                    }
                  ]
                }
              ]
            }
          ]
        }
      ]
    },
    "Planning Time": 0.672,
    "Triggers": [],
    "Execution Time": 36.844
  }
]