[
  {
    "Plan": {
      "Node Type": "Aggregate",
      "Strategy": "Plain",
      "Partial Mode": "Simple",
      "Parallel Aware": false,
      "Startup Cost": 717861.4,
      "Total Cost": 717861.41,
      "Plan Rows": 1,
      "Plan Width": 64,
      "Actual Startup Time": 4807.855,
      "Actual Total Time": 4837.527,
      "Actual Rows": 1,
      "Actual Loops": 1,
      "Plans": [
        {
          "Node Type": "Merge Join",
          "Parent Relationship": "Outer",
          "Parallel Aware": false,
          "Join Type": "Inner",
          "Startup Cost": 581290.64,
          "Total Cost": 717859.94,
          "Plan Rows": 292,
          "Plan Width": 33,
          "Actual Startup Time": 4807.844,
          "Actual Total Time": 4837.513,
          "Actual Rows": 0,
          "Actual Loops": 1,
          "Inner Unique": false,
          "Merge Cond": "(chn.id = ci.person_role_id)",
          "Plans": [
            {
              "Node Type": "Index Scan",
              "Parent Relationship": "Outer",
              "Parallel Aware": false,
              "Scan Direction": "Forward",
              "Index Name": "char_name_pkey",
              "Relation Name": "char_name",
              "Alias": "chn",
              "Startup Cost": 0.43,
              "Total Cost": 128716.85,
              "Plan Rows": 3140339,
              "Plan Width": 20,
              "Actual Startup Time": 0.013,
              "Actual Total Time": 0.016,
              "Actual Rows": 1,
              "Actual Loops": 1
            },
            {
              "Node Type": "Sort",
              "Parent Relationship": "Inner",
              "Parallel Aware": false,
              "Startup Cost": 581290.14,
              "Total Cost": 581290.87,
              "Plan Rows": 292,
              "Plan Width": 21,
              "Actual Startup Time": 4807.826,
              "Actual Total Time": 4837.491,
              "Actual Rows": 0,
              "Actual Loops": 1,
              "Sort Key": [
                "ci.person_role_id"
              ],
              "Sort Method": "quicksort",
              "Sort Space Used": 25,
              "Sort Space Type": "Memory",
              "Plans": [
                {
                  "Node Type": "Merge Join",
                  "Parent Relationship": "Outer",
                  "Parallel Aware": false,
                  "Join Type": "Inner",
                  "Startup Cost": 581273.78,
                  "Total Cost": 581278.18,
                  "Plan Rows": 292,
                  "Plan Width": 21,
                  "Actual Startup Time": 4807.801,
                  "Actual Total Time": 4837.466,
                  "Actual Rows": 0,
                  "Actual Loops": 1,
                  "Inner Unique": true,
                  "Merge Cond": "(mc.company_type_id = ct.id)",
                  "Plans": [
                    {
                      "Node Type": "Sort",
                      "Parent Relationship": "Outer",
                      "Parallel Aware": false,
                      "Startup Cost": 581272.7,
                      "Total Cost": 581273.43,
                      "Plan Rows": 292,
                      "Plan Width": 25,
                      "Actual Startup Time": 4807.8,
                      "Actual Total Time": 4837.462,
                      "Actual Rows": 0,
                      "Actual Loops": 1,
                      "Sort Key": [
                        "mc.company_type_id"
                      ],
                      "Sort Method": "quicksort",
                      "Sort Space Used": 25,
                      "Sort Space Type": "Memory",
                      "Plans": [
                        {
                          "Node Type": "Merge Join",
                          "Parent Relationship": "Outer",
                          "Parallel Aware": false,
                          "Join Type": "Inner",
                          "Startup Cost": 579795.58,
                          "Total Cost": 581260.74,
                          "Plan Rows": 292,
                          "Plan Width": 25,
                          "Actual Startup Time": 4807.777,
                          "Actual Total Time": 4837.439,
                          "Actual Rows": 0,
                          "Actual Loops": 1,
                          "Inner Unique": false,
                          "Merge Cond": "(t.id = ci.movie_id)",
                          "Plans": [
                            {
                              "Node Type": "Gather Merge",
                              "Parent Relationship": "Outer",
                              "Parallel Aware": false,
                              "Startup Cost": 204210.86,
                              "Total Cost": 205052.46,
                              "Plan Rows": 2305,
                              "Plan Width": 29,
                              "Actual Startup Time": 3085.115,
                              "Actual Total Time": 3102.827,
                              "Actual Rows": 1221,
                              "Actual Loops": 1,
                              "Workers Planned": 4,
                              "Workers Launched": 4,
                              "Plans": [
                                {
                                  "Node Type": "Merge Join",
                                  "Parent Relationship": "Outer",
                                  "Parallel Aware": false,
                                  "Join Type": "Inner",
                                  "Startup Cost": 203210.8,
                                  "Total Cost": 203777.85,
                                  "Plan Rows": 576,
                                  "Plan Width": 29,
                                  "Actual Startup Time": 3074.367,
                                  "Actual Total Time": 3094.451,
                                  "Actual Rows": 249,
                                  "Actual Loops": 5,
                                  "Inner Unique": false,
                                  "Merge Cond": "(t.id = mc.movie_id)",
                                  "Plans": [
                                    {
                                      "Node Type": "Sort",
                                      "Parent Relationship": "Outer",
                                      "Parallel Aware": false,
                                      "Startup Cost": 51969.35,
                                      "Total Cost": 52212.86,
                                      "Plan Rows": 97402,
                                      "Plan Width": 21,
                                      "Actual Startup Time": 237.478,
                                      "Actual Total Time": 248.582,
                                      "Actual Rows": 78224,
                                      "Actual Loops": 5,
                                      "Sort Key": [
                                        "t.id"
                                      ],
                                      "Sort Method": "quicksort",
                                      "Sort Space Used": 9168,
                                      "Sort Space Type": "Memory",
                                      "Workers": [
                                        {
                                          "Worker Number": 0,
                                          "Sort Method": "quicksort",
                                          "Sort Space Used": 5971,
                                          "Sort Space Type": "Memory"
                                        },
                                        {
                                          "Worker Number": 1,
                                          "Sort Method": "quicksort",
                                          "Sort Space Used": 8862,
                                          "Sort Space Type": "Memory"
                                        },
                                        {
                                          "Worker Number": 2,
                                          "Sort Method": "quicksort",
                                          "Sort Space Used": 6113,
                                          "Sort Space Type": "Memory"
                                        },
                                        {
                                          "Worker Number": 3,
                                          "Sort Method": "quicksort",
                                          "Sort Space Used": 9679,
                                          "Sort Space Type": "Memory"
                                        }
                                      ],
                                      "Plans": [
                                        {
                                          "Node Type": "Seq Scan",
                                          "Parent Relationship": "Outer",
                                          "Parallel Aware": true,
                                          "Relation Name": "title",
                                          "Alias": "t",
                                          "Startup Cost": 0.0,
                                          "Total Cost": 43898.79,
                                          "Plan Rows": 97402,
                                          "Plan Width": 21,
                                          "Actual Startup Time": 0.088,
                                          "Actual Total Time": 198.217,
                                          "Actual Rows": 78333,
                                          "Actual Loops": 5,
                                          "Filter": "(production_year > 2010)",
                                          "Rows Removed by Filter": 427329
                                        }
                                      ]
                                    },
                                    {
                                      "Node Type": "Sort",
                                      "Parent Relationship": "Inner",
                                      "Parallel Aware": false,
                                      "Startup Cost": 151241.43,
                                      "Total Cost": 151278.82,
                                      "Plan Rows": 14955,
                                      "Plan Width": 8,
                                      "Actual Startup Time": 2835.945,
                                      "Actual Total Time": 2836.81,
                                      "Actual Rows": 8737,
                                      "Actual Loops": 5,
                                      "Sort Key": [
                                        "mc.movie_id"
                                      ],
                                      "Sort Method": "quicksort",
                                      "Sort Space Used": 797,
                                      "Sort Space Type": "Memory",
                                      "Workers": [
                                        {
                                          "Worker Number": 0,
                                          "Sort Method": "quicksort",
                                          "Sort Space Used": 797,
                                          "Sort Space Type": "Memory"
                                        },
                                        {
                                          "Worker Number": 1,
                                          "Sort Method": "quicksort",
                                          "Sort Space Used": 797,
                                          "Sort Space Type": "Memory"
                                        },
                                        {
                                          "Worker Number": 2,
                                          "Sort Method": "quicksort",
                                          "Sort Space Used": 797,
                                          "Sort Space Type": "Memory"
                                        },
                                        {
                                          "Worker Number": 3,
                                          "Sort Method": "quicksort",
                                          "Sort Space Used": 797,
                                          "Sort Space Type": "Memory"
                                        }
                                      ],
                                      "Plans": [
                                        {
                                          "Node Type": "Merge Join",
                                          "Parent Relationship": "Outer",
                                          "Parallel Aware": false,
                                          "Join Type": "Inner",
                                          "Startup Cost": 49.73,
                                          "Total Cost": 150204.43,
                                          "Plan Rows": 14955,
                                          "Plan Width": 8,
                                          "Actual Startup Time": 473.005,
                                          "Actual Total Time": 2832.006,
                                          "Actual Rows": 8790,
                                          "Actual Loops": 5,
                                          "Inner Unique": false,
                                          "Merge Cond": "(cn.id = mc.company_id)",
                                          "Plans": [
                                            {
                                              "Node Type": "Index Scan",
                                              "Parent Relationship": "Outer",
                                              "Parallel Aware": false,
                                              "Scan Direction": "Forward",
                                              "Index Name": "company_name_pkey",
                                              "Relation Name": "company_name",
                                              "Alias": "cn",
                                              "Startup Cost": 0.42,
                                              "Total Cost": 12474.79,
                                              "Plan Rows": 1347,
                                              "Plan Width": 4,
                                              "Actual Startup Time": 1.76,
                                              "Actual Total Time": 244.867,
                                              "Actual Rows": 1361,
                                              "Actual Loops": 5,
                                              "Filter": "((country_code)::text = '[ru]'::text)",
                                              "Rows Removed by Filter": 233636
                                            },
                                            {
                                              "Node Type": "Index Scan",
                                              "Parent Relationship": "Inner",
                                              "Parallel Aware": false,
                                              "Scan Direction": "Forward",
                                              "Index Name": "company_id_movie_companies",
                                              "Relation Name": "movie_companies",
                                              "Alias": "mc",
                                              "Startup Cost": 0.43,
                                              "Total Cost": 131053.9,
                                              "Plan Rows": 2609129,
                                              "Plan Width": 12,
                                              "Actual Startup Time": 0.058,
                                              "Actual Total Time": 2379.777,
                                              "Actual Rows": 2608750,
                                              "Actual Loops": 5
                                            }
                                          ]
                                        }
                                      ]
                                    }
                                  ]
                                }
                              ]
                            },
                            {
                              "Node Type": "Sort",
                              "Parent Relationship": "Inner",
                              "Parallel Aware": false,
                              "Startup Cost": 375584.73,
                              "Total Cost": 375893.43,
                              "Plan Rows": 123480,
                              "Plan Width": 8,
                              "Actual Startup Time": 1705.007,
                              "Actual Total Time": 1734.525,
                              "Actual Rows": 13,
                              "Actual Loops": 1,
                              "Sort Key": [
                                "ci.movie_id"
                              ],
                              "Sort Method": "quicksort",
                              "Sort Space Used": 25,
                              "Sort Space Type": "Memory",
                              "Plans": [
                                {
                                  "Node Type": "Gather",
                                  "Parent Relationship": "Outer",
                                  "Parallel Aware": false,
                                  "Startup Cost": 351353.47,
                                  "Total Cost": 365142.07,
                                  "Plan Rows": 123480,
                                  "Plan Width": 8,
                                  "Actual Startup Time": 1699.729,
                                  "Actual Total Time": 1734.473,
                                  "Actual Rows": 13,
                                  "Actual Loops": 1,
                                  "Workers Planned": 6,
                                  "Workers Launched": 3,
                                  "Single Copy": false,
                                  "Plans": [
                                    {
                                      "Node Type": "Merge Join",
                                      "Parent Relationship": "Outer",
                                      "Parallel Aware": false,
                                      "Join Type": "Inner",
                                      "Startup Cost": 350353.47,
                                      "Total Cost": 351794.07,
                                      "Plan Rows": 20580,
                                      "Plan Width": 8,
                                      "Actual Startup Time": 1687.456,
                                      "Actual Total Time": 1687.461,
                                      "Actual Rows": 3,
                                      "Actual Loops": 4,
                                      "Inner Unique": true,
                                      "Merge Cond": "(ci.role_id = rt.id)",
                                      "Plans": [
                                        {
                                          "Node Type": "Sort",
                                          "Parent Relationship": "Outer",
                                          "Parallel Aware": false,
                                          "Startup Cost": 350352.31,
                                          "Total Cost": 350969.71,
                                          "Plan Rows": 246960,
                                          "Plan Width": 12,
                                          "Actual Startup Time": 1687.315,
                                          "Actual Total Time": 1687.318,
                                          "Actual Rows": 4,
                                          "Actual Loops": 4,
                                          "Sort Key": [
                                            "ci.role_id"
                                          ],
                                          "Sort Method": "quicksort",
                                          "Sort Space Used": 27672,
                                          "Sort Space Type": "Memory",
                                          "Workers": [
                                            {
                                              "Worker Number": 0,
                                              "Sort Method": "quicksort",
                                              "Sort Space Used": 29499,
                                              "Sort Space Type": "Memory"
                                            },
                                            {
                                              "Worker Number": 1,
                                              "Sort Method": "quicksort",
                                              "Sort Space Used": 29707,
                                              "Sort Space Type": "Memory"
                                            },
                                            {
                                              "Worker Number": 2,
                                              "Sort Method": "quicksort",
                                              "Sort Space Used": 29562,
                                              "Sort Space Type": "Memory"
                                            }
                                          ],
                                          "Plans": [
                                            {
                                              "Node Type": "Seq Scan",
                                              "Parent Relationship": "Outer",
                                              "Parallel Aware": true,
                                              "Relation Name": "cast_info",
                                              "Alias": "ci",
                                              "Startup Cost": 0.0,
                                              "Total Cost": 328232.2,
                                              "Plan Rows": 246960,
                                              "Plan Width": 12,
                                              "Actual Startup Time": 308.478,
                                              "Actual Total Time": 1617.184,
                                              "Actual Rows": 358860,
                                              "Actual Loops": 4,
                                              "Filter": "(note ~~ '%(producer)%'::text)",
                                              "Rows Removed by Filter": 8702226
                                            }
                                          ]
                                        },
                                        {
                                          "Node Type": "Sort",
                                          "Parent Relationship": "Inner",
                                          "Parallel Aware": false,
                                          "Startup Cost": 1.16,
                                          "Total Cost": 1.16,
                                          "Plan Rows": 1,
                                          "Plan Width": 4,
                                          "Actual Startup Time": 0.125,
                                          "Actual Total Time": 0.126,
                                          "Actual Rows": 1,
                                          "Actual Loops": 4,
                                          "Sort Key": [
                                            "rt.id"
                                          ],
                                          "Sort Method": "quicksort",
                                          "Sort Space Used": 25,
                                          "Sort Space Type": "Memory",
                                          "Workers": [
                                            {
                                              "Worker Number": 0,
                                              "Sort Method": "quicksort",
                                              "Sort Space Used": 25,
                                              "Sort Space Type": "Memory"
                                            },
                                            {
                                              "Worker Number": 1,
                                              "Sort Method": "quicksort",
                                              "Sort Space Used": 25,
                                              "Sort Space Type": "Memory"
                                            },
                                            {
                                              "Worker Number": 2,
                                              "Sort Method": "quicksort",
                                              "Sort Space Used": 25,
                                              "Sort Space Type": "Memory"
                                            }
                                          ],
                                          "Plans": [
                                            {
                                              "Node Type": "Seq Scan",
                                              "Parent Relationship": "Outer",
                                              "Parallel Aware": false,
                                              "Relation Name": "role_type",
                                              "Alias": "rt",
                                              "Startup Cost": 0.0,
                                              "Total Cost": 1.15,
                                              "Plan Rows": 1,
                                              "Plan Width": 4,
                                              "Actual Startup Time": 0.091,
                                              "Actual Total Time": 0.093,
                                              "Actual Rows": 1,
                                              "Actual Loops": 4,
                                              "Filter": "((role)::text = 'actor'::text)",
                                              "Rows Removed by Filter": 11
                                            }
                                          ]
                                        }
                                      ]
                                    }
                                  ]
                                }
                              ]
                            }
                          ]
                        }
                      ]
                    },
                    {
                      "Node Type": "Sort",
                      "Parent Relationship": "Inner",
                      "Parallel Aware": false,
                      "Startup Cost": 1.08,
                      "Total Cost": 1.09,
                      "Plan Rows": 4,
                      "Plan Width": 4,
                      "Actual Startup Time": 0.0,
                      "Actual Total Time": 0.0,
                      "Actual Rows": 0,
                      "Actual Loops": 0,
                      "Sort Key": [
                        "ct.id"
                      ],
                      "Plans": [
                        {
                          "Node Type": "Seq Scan",
                          "Parent Relationship": "Outer",
                          "Parallel Aware": false,
                          "Relation Name": "company_type",
                          "Alias": "ct",
                          "Startup Cost": 0.0,
                          "Total Cost": 1.04,
                          "Plan Rows": 4,
                          "Plan Width": 4,
                          "Actual Startup Time": 0.0,
                          "Actual Total Time": 0.0,
                          "Actual Rows": 0,
                          "Actual Loops": 0
                        }
                      ]
                    }
                  ]
                }
              ]
            }
          ]
        }
      ]
    },
    "Planning Time": 12.226,
    "Triggers": [],
    "Execution Time": 4841.587
  }
]