[
  {
    "Plan": {
      "Node Type": "Aggregate",
      "Strategy": "Plain",
      "Partial Mode": "Finalize",
      "Parallel Aware": false,
      "Startup Cost": 339758.47,
      "Total Cost": 339758.48,
      "Plan Rows": 1,
      "Plan Width": 8,
      "Actual Startup Time": 719.181,
      "Actual Total Time": 760.364,
      "Actual Rows": 1,
      "Actual Loops": 1,
      "Plans": [
        {
          "Node Type": "Gather",
          "Parent Relationship": "Outer",
          "Parallel Aware": false,
          "Startup Cost": 339757.85,
          "Total Cost": 339758.46,
          "Plan Rows": 6,
          "Plan Width": 8,
          "Actual Startup Time": 718.998,
          "Actual Total Time": 760.354,
          "Actual Rows": 7,
          "Actual Loops": 1,
          "Workers Planned": 6,
          "Workers Launched": 6,
          "Single Copy": false,
          "Plans": [
            {
              "Node Type": "Aggregate",
              "Strategy": "Plain",
              "Partial Mode": "Partial",
              "Parent Relationship": "Outer",
              "Parallel Aware": false,
              "Startup Cost": 338757.85,
              "Total Cost": 338757.86,
              "Plan Rows": 1,
              "Plan Width": 8,
              "Actual Startup Time": 712.049,
              "Actual Total Time": 712.05,
              "Actual Rows": 1,
              "Actual Loops": 7,
              "Plans": [
                {
                  "Node Type": "Seq Scan",
                  "Parent Relationship": "Outer",
                  "Parallel Aware": true,
                  "Relation Name": "cast_info",
                  "Alias": "ci",
                  "Startup Cost": 0.0,
                  "Total Cost": 328211.39,
                  "Plan Rows": 4218582,
                  "Plan Width": 0,
                  "Actual Startup Time": 114.016,
                  "Actual Total Time": 560.005,
                  "Actual Rows": 3603180,
                  "Actual Loops": 7,
                  "Filter": "(person_id > 1082394)",
                  "Rows Removed by Filter": 1574584
                }
              ]
            }
          ]
        }
      ]
    },
    "Planning Time": 0.092,
    "Triggers": [],
    "Execution Time": 760.406
  }
]