[
  {
    "Plan": {
      "Node Type": "Aggregate",
      "Strategy": "Plain",
      "Partial Mode": "Finalize",
      "Parallel Aware": false,
      "Startup Cost": 30705.7,
      "Total Cost": 30705.71,
      "Plan Rows": 1,
      "Plan Width": 8,
      "Actual Startup Time": 87.016,
      "Actual Total Time": 92.783,
      "Actual Rows": 1,
      "Actual Loops": 1,
      "Plans": [
        {
          "Node Type": "Gather",
          "Parent Relationship": "Outer",
          "Parallel Aware": false,
          "Startup Cost": 30705.38,
          "Total Cost": 30705.69,
          "Plan Rows": 3,
          "Plan Width": 8,
          "Actual Startup Time": 86.89,
          "Actual Total Time": 92.775,
          "Actual Rows": 4,
          "Actual Loops": 1,
          "Workers Planned": 3,
          "Workers Launched": 3,
          "Single Copy": false,
          "Plans": [
            {
              "Node Type": "Aggregate",
              "Strategy": "Plain",
              "Partial Mode": "Partial",
              "Parent Relationship": "Outer",
              "Parallel Aware": false,
              "Startup Cost": 29705.38,
              "Total Cost": 29705.39,
              "Plan Rows": 1,
              "Plan Width": 8,
              "Actual Startup Time": 78.643,
              "Actual Total Time": 78.644,
              "Actual Rows": 1,
              "Actual Loops": 4,
              "Plans": [
                {
                  "Node Type": "Seq Scan",
                  "Parent Relationship": "Outer",
                  "Parallel Aware": true,
                  "Relation Name": "movie_companies",
                  "Alias": "mc",
                  "Startup Cost": 0.0,
                  "Total Cost": 29310.68,
                  "Plan Rows": 157880,
                  "Plan Width": 0,
                  "Actual Startup Time": 46.625,
                  "Actual Total Time": 73.61,
                  "Actual Rows": 124150,
                  "Actual Loops": 4,
                  "Filter": "(company_id > 74363)",
                  "Rows Removed by Filter": 528132
                }
              ]
            }
          ]
        }
      ]
    },
    "Planning Time": 0.19,
    "Triggers": [],
    "Execution Time": 92.833
  }
]