[
  {
    "Plan": {
      "Node Type": "Aggregate",
      "Strategy": "Plain",
      "Partial Mode": "Finalize",
      "Parallel Aware": false,
      "Startup Cost": 24505.97,
      "Total Cost": 24505.98,
      "Plan Rows": 1,
      "Plan Width": 8,
      "Actual Startup Time": 52.264,
      "Actual Total Time": 57.713,
      "Actual Rows": 1,
      "Actual Loops": 1,
      "Plans": [
        {
          "Node Type": "Gather",
          "Parent Relationship": "Outer",
          "Parallel Aware": false,
          "Startup Cost": 24505.76,
          "Total Cost": 24505.97,
          "Plan Rows": 2,
          "Plan Width": 8,
          "Actual Startup Time": 52.132,
          "Actual Total Time": 57.705,
          "Actual Rows": 3,
          "Actual Loops": 1,
          "Workers Planned": 2,
          "Workers Launched": 2,
          "Single Copy": false,
          "Plans": [
            {
              "Node Type": "Aggregate",
              "Strategy": "Plain",
              "Partial Mode": "Partial",
              "Parent Relationship": "Outer",
              "Parallel Aware": false,
              "Startup Cost": 23505.76,
              "Total Cost": 23505.77,
              "Plan Rows": 1,
              "Plan Width": 8,
              "Actual Startup Time": 44.027,
              "Actual Total Time": 44.029,
              "Actual Rows": 1,
              "Actual Loops": 3,
              "Plans": [
                {
                  "Node Type": "Nested Loop",
                  "Parent Relationship": "Outer",
                  "Parallel Aware": false,
                  "Join Type": "Inner",
                  "Startup Cost": 88.85,
                  "Total Cost": 23504.98,
                  "Plan Rows": 312,
                  "Plan Width": 0,
                  "Actual Startup Time": 2.752,
                  "Actual Total Time": 43.723,
                  "Actual Rows": 1477,
                  "Actual Loops": 3,
                  "Inner Unique": true,
                  "Plans": [
                    {
                      "Node Type": "Nested Loop",
                      "Parent Relationship": "Outer",
                      "Parallel Aware": false,
                      "Join Type": "Inner",
                      "Startup Cost": 88.42,
                      "Total Cost": 22097.86,
                      "Plan Rows": 1685,
                      "Plan Width": 8,
                      "Actual Startup Time": 2.592,
                      "Actual Total Time": 27.149,
                      "Actual Rows": 1477,
                      "Actual Loops": 3,
                      "Inner Unique": false,
                      "Plans": [
                        {
                          "Node Type": "Bitmap Heap Scan",
                          "Parent Relationship": "Outer",
                          "Parallel Aware": true,
                          "Relation Name": "movie_keyword",
                          "Alias": "mk",
                          "Startup Cost": 87.99,
                          "Total Cost": 10726.09,
                          "Plan Rows": 1697,
                          "Plan Width": 4,
                          "Actual Startup Time": 2.373,
                          "Actual Total Time": 10.443,
                          "Actual Rows": 1637,
                          "Actual Loops": 3,
                          "Recheck Cond": "(keyword_id = 1116)",
                          "Rows Removed by Index Recheck": 0,
                          "Exact Heap Blocks": 3065,
                          "Lossy Heap Blocks": 0,
                          "Plans": [
                            {
                              "Node Type": "Bitmap Index Scan",
                              "Parent Relationship": "Outer",
                              "Parallel Aware": false,
                              "Index Name": "keyword_id_movie_keyword",
                              "Startup Cost": 0.0,
                              "Total Cost": 86.97,
                              "Plan Rows": 4072,
                              "Plan Width": 0,
                              "Actual Startup Time": 4.497,
                              "Actual Total Time": 4.497,
                              "Actual Rows": 4910,
                              "Actual Loops": 1,
                              "Index Cond": "(keyword_id = 1116)"
                            }
                          ]
                        },
                        {
                          "Node Type": "Index Scan",
                          "Parent Relationship": "Inner",
                          "Parallel Aware": false,
                          "Scan Direction": "Forward",
                          "Index Name": "movie_id_movie_info_idx",
                          "Relation Name": "movie_info_idx",
                          "Alias": "mi_idx",
                          "Startup Cost": 0.43,
                          "Total Cost": 6.69,
                          "Plan Rows": 1,
                          "Plan Width": 4,
                          "Actual Startup Time": 0.009,
                          "Actual Total Time": 0.009,
                          "Actual Rows": 1,
                          "Actual Loops": 4910,
                          "Index Cond": "(movie_id = mk.movie_id)",
                          "Rows Removed by Index Recheck": 0,
                          "Filter": "(info_type_id = 100)",
                          "Rows Removed by Filter": 2
                        }
                      ]
                    },
                    {
                      "Node Type": "Index Only Scan",
                      "Parent Relationship": "Inner",
                      "Parallel Aware": false,
                      "Scan Direction": "Forward",
                      "Index Name": "title_pkey",
                      "Relation Name": "title",
                      "Alias": "t",
                      "Startup Cost": 0.43,
                      "Total Cost": 0.84,
                      "Plan Rows": 1,
                      "Plan Width": 4,
                      "Actual Startup Time": 0.011,
                      "Actual Total Time": 0.011,
                      "Actual Rows": 1,
                      "Actual Loops": 4432,
                      "Index Cond": "(id = mi_idx.movie_id)",
                      "Rows Removed by Index Recheck": 0,
                      "Heap Fetches": 4432
                    }
                  ]
                }
              ]
            }
          ]
        }
      ]
    },
    "Planning Time": 1.332,
    "Triggers": [],
    "Execution Time": 57.813
  }
]