[
    {
        "Bao": {
            "Bao prediction": "NaN",
            "Bao recommended hint": "(no hint)"
        }
    },
    {
        "Plan": {
            "Node Type": "Aggregate",
            "Strategy": "Plain",
            "Partial Mode": "Finalize",
            "Parallel Aware": false,
            "Startup Cost": 424045.58,
            "Total Cost": 424045.59,
            "Plan Rows": 1,
            "Plan Width": 8,
            "Actual Startup Time": 2185.155,
            "Actual Total Time": 2218.082,
            "Actual Rows": 1,
            "Actual Loops": 1,
            "Output": [
                "count(*)"
            ],
            "Plans": [
                {
                    "Node Type": "Gather",
                    "Parent Relationship": "Outer",
                    "Parallel Aware": false,
                    "Startup Cost": 424044.95,
                    "Total Cost": 424045.56,
                    "Plan Rows": 6,
                    "Plan Width": 8,
                    "Actual Startup Time": 2173.505,
                    "Actual Total Time": 2218.069,
                    "Actual Rows": 7,
                    "Actual Loops": 1,
                    "Output": [
                        "(PARTIAL count(*))"
                    ],
                    "Workers Planned": 6,
                    "Workers Launched": 6,
                    "Single Copy": false,
                    "Plans": [
                        {
                            "Node Type": "Aggregate",
                            "Strategy": "Plain",
                            "Partial Mode": "Partial",
                            "Parent Relationship": "Outer",
                            "Parallel Aware": false,
                            "Startup Cost": 423044.95,
                            "Total Cost": 423044.96,
                            "Plan Rows": 1,
                            "Plan Width": 8,
                            "Actual Startup Time": 2163.111,
                            "Actual Total Time": 2163.398,
                            "Actual Rows": 1,
                            "Actual Loops": 7,
                            "Output": [
                                "PARTIAL count(*)"
                            ],
                            "Workers": [
                                {
                                    "Worker Number": 0,
                                    "Actual Startup Time": 2159.599,
                                    "Actual Total Time": 2159.603,
                                    "Actual Rows": 1,
                                    "Actual Loops": 1
                                },
                                {
                                    "Worker Number": 1,
                                    "Actual Startup Time": 2161.201,
                                    "Actual Total Time": 2161.206,
                                    "Actual Rows": 1,
                                    "Actual Loops": 1
                                },
                                {
                                    "Worker Number": 2,
                                    "Actual Startup Time": 2161.575,
                                    "Actual Total Time": 2161.587,
                                    "Actual Rows": 1,
                                    "Actual Loops": 1
                                },
                                {
                                    "Worker Number": 3,
                                    "Actual Startup Time": 2161.781,
                                    "Actual Total Time": 2161.785,
                                    "Actual Rows": 1,
                                    "Actual Loops": 1
                                },
                                {
                                    "Worker Number": 4,
                                    "Actual Startup Time": 2162.039,
                                    "Actual Total Time": 2162.043,
                                    "Actual Rows": 1,
                                    "Actual Loops": 1
                                },
                                {
                                    "Worker Number": 5,
                                    "Actual Startup Time": 2162.555,
                                    "Actual Total Time": 2162.559,
                                    "Actual Rows": 1,
                                    "Actual Loops": 1
                                }
                            ],
                            "Plans": [
                                {
                                    "Node Type": "Hash Join",
                                    "Parent Relationship": "Outer",
                                    "Parallel Aware": true,
                                    "Join Type": "Inner",
                                    "Startup Cost": 65034.48,
                                    "Total Cost": 419956.0,
                                    "Plan Rows": 1235580,
                                    "Plan Width": 0,
                                    "Actual Startup Time": 229.964,
                                    "Actual Total Time": 2017.913,
                                    "Actual Rows": 3449767,
                                    "Actual Loops": 7,
                                    "Inner Unique": false,
                                    "Hash Cond": "(ci.movie_id = t.id)",
                                    "Workers": [
                                        {
                                            "Worker Number": 0,
                                            "Actual Startup Time": 225.443,
                                            "Actual Total Time": 2020.133,
                                            "Actual Rows": 3460326,
                                            "Actual Loops": 1
                                        },
                                        {
                                            "Worker Number": 1,
                                            "Actual Startup Time": 228.208,
                                            "Actual Total Time": 2010.319,
                                            "Actual Rows": 3059091,
                                            "Actual Loops": 1
                                        },
                                        {
                                            "Worker Number": 2,
                                            "Actual Startup Time": 228.572,
                                            "Actual Total Time": 2016.108,
                                            "Actual Rows": 3490630,
                                            "Actual Loops": 1
                                        },
                                        {
                                            "Worker Number": 3,
                                            "Actual Startup Time": 228.819,
                                            "Actual Total Time": 2017.76,
                                            "Actual Rows": 3436789,
                                            "Actual Loops": 1
                                        },
                                        {
                                            "Worker Number": 4,
                                            "Actual Startup Time": 229.027,
                                            "Actual Total Time": 2023.746,
                                            "Actual Rows": 3466338,
                                            "Actual Loops": 1
                                        },
                                        {
                                            "Worker Number": 5,
                                            "Actual Startup Time": 229.59,
                                            "Actual Total Time": 2018.331,
                                            "Actual Rows": 3460897,
                                            "Actual Loops": 1
                                        }
                                    ],
                                    "Plans": [
                                        {
                                            "Node Type": "Seq Scan",
                                            "Parent Relationship": "Outer",
                                            "Parallel Aware": true,
                                            "Relation Name": "cast_info",
                                            "Schema": "public",
                                            "Alias": "ci",
                                            "Startup Cost": 0.0,
                                            "Total Cost": 328213.62,
                                            "Plan Rows": 5749244,
                                            "Plan Width": 4,
                                            "Actual Startup Time": 0.02,
                                            "Actual Total Time": 585.045,
                                            "Actual Rows": 4912607,
                                            "Actual Loops": 7,
                                            "Output": [
                                                "ci.id",
                                                "ci.person_id",
                                                "ci.movie_id",
                                                "ci.person_role_id",
                                                "ci.note",
                                                "ci.nr_order",
                                                "ci.role_id"
                                            ],
                                            "Filter": "(ci.person_id < 3695415)",
                                            "Rows Removed by Filter": 265156,
                                            "Workers": [
                                                {
                                                    "Worker Number": 0,
                                                    "Actual Startup Time": 0.016,
                                                    "Actual Total Time": 599.501,
                                                    "Actual Rows": 4905697,
                                                    "Actual Loops": 1
                                                },
                                                {
                                                    "Worker Number": 1,
                                                    "Actual Startup Time": 0.016,
                                                    "Actual Total Time": 613.323,
                                                    "Actual Rows": 4308475,
                                                    "Actual Loops": 1
                                                },
                                                {
                                                    "Worker Number": 2,
                                                    "Actual Startup Time": 0.021,
                                                    "Actual Total Time": 590.546,
                                                    "Actual Rows": 4973288,
                                                    "Actual Loops": 1
                                                },
                                                {
                                                    "Worker Number": 3,
                                                    "Actual Startup Time": 0.027,
                                                    "Actual Total Time": 588.876,
                                                    "Actual Rows": 4895015,
                                                    "Actual Loops": 1
                                                },
                                                {
                                                    "Worker Number": 4,
                                                    "Actual Startup Time": 0.024,
                                                    "Actual Total Time": 597.951,
                                                    "Actual Rows": 4914165,
                                                    "Actual Loops": 1
                                                },
                                                {
                                                    "Worker Number": 5,
                                                    "Actual Startup Time": 0.025,
                                                    "Actual Total Time": 591.051,
                                                    "Actual Rows": 4960532,
                                                    "Actual Loops": 1
                                                }
                                            ]
                                        },
                                        {
                                            "Node Type": "Hash",
                                            "Parent Relationship": "Inner",
                                            "Parallel Aware": true,
                                            "Startup Cost": 62204.45,
                                            "Total Cost": 62204.45,
                                            "Plan Rows": 226402,
                                            "Plan Width": 8,
                                            "Actual Startup Time": 227.77,
                                            "Actual Total Time": 228.055,
                                            "Actual Rows": 136331,
                                            "Actual Loops": 7,
                                            "Output": [
                                                "t.id",
                                                "mi_idx.movie_id"
                                            ],
                                            "Hash Buckets": 1048576,
                                            "Original Hash Buckets": 1048576,
                                            "Hash Batches": 1,
                                            "Original Hash Batches": 1,
                                            "Peak Memory Usage": 45632,
                                            "Workers": [
                                                {
                                                    "Worker Number": 0,
                                                    "Actual Startup Time": 224.624,
                                                    "Actual Total Time": 224.627,
                                                    "Actual Rows": 134584,
                                                    "Actual Loops": 1
                                                },
                                                {
                                                    "Worker Number": 1,
                                                    "Actual Startup Time": 227.372,
                                                    "Actual Total Time": 227.376,
                                                    "Actual Rows": 134999,
                                                    "Actual Loops": 1
                                                },
                                                {
                                                    "Worker Number": 2,
                                                    "Actual Startup Time": 227.754,
                                                    "Actual Total Time": 227.764,
                                                    "Actual Rows": 136885,
                                                    "Actual Loops": 1
                                                },
                                                {
                                                    "Worker Number": 3,
                                                    "Actual Startup Time": 228.057,
                                                    "Actual Total Time": 228.06,
                                                    "Actual Rows": 134706,
                                                    "Actual Loops": 1
                                                },
                                                {
                                                    "Worker Number": 4,
                                                    "Actual Startup Time": 228.229,
                                                    "Actual Total Time": 228.232,
                                                    "Actual Rows": 133257,
                                                    "Actual Loops": 1
                                                },
                                                {
                                                    "Worker Number": 5,
                                                    "Actual Startup Time": 228.708,
                                                    "Actual Total Time": 228.711,
                                                    "Actual Rows": 134823,
                                                    "Actual Loops": 1
                                                }
                                            ],
                                            "Plans": [
                                                {
                                                    "Node Type": "Hash Join",
                                                    "Parent Relationship": "Outer",
                                                    "Parallel Aware": true,
                                                    "Join Type": "Inner",
                                                    "Startup Cost": 47009.89,
                                                    "Total Cost": 62204.45,
                                                    "Plan Rows": 226402,
                                                    "Plan Width": 8,
                                                    "Actual Startup Time": 125.834,
                                                    "Actual Total Time": 189.99,
                                                    "Actual Rows": 136331,
                                                    "Actual Loops": 7,
                                                    "Output": [
                                                        "t.id",
                                                        "mi_idx.movie_id"
                                                    ],
                                                    "Inner Unique": true,
                                                    "Hash Cond": "(mi_idx.movie_id = t.id)",
                                                    "Workers": [
                                                        {
                                                            "Worker Number": 0,
                                                            "Actual Startup Time": 122.65,
                                                            "Actual Total Time": 186.163,
                                                            "Actual Rows": 134584,
                                                            "Actual Loops": 1
                                                        },
                                                        {
                                                            "Worker Number": 1,
                                                            "Actual Startup Time": 125.391,
                                                            "Actual Total Time": 189.485,
                                                            "Actual Rows": 134999,
                                                            "Actual Loops": 1
                                                        },
                                                        {
                                                            "Worker Number": 2,
                                                            "Actual Startup Time": 125.72,
                                                            "Actual Total Time": 190.194,
                                                            "Actual Rows": 136885,
                                                            "Actual Loops": 1
                                                        },
                                                        {
                                                            "Worker Number": 3,
                                                            "Actual Startup Time": 126.043,
                                                            "Actual Total Time": 190.083,
                                                            "Actual Rows": 134706,
                                                            "Actual Loops": 1
                                                        },
                                                        {
                                                            "Worker Number": 4,
                                                            "Actual Startup Time": 126.474,
                                                            "Actual Total Time": 190.295,
                                                            "Actual Rows": 133257,
                                                            "Actual Loops": 1
                                                        },
                                                        {
                                                            "Worker Number": 5,
                                                            "Actual Startup Time": 126.841,
                                                            "Actual Total Time": 191.019,
                                                            "Actual Rows": 134823,
                                                            "Actual Loops": 1
                                                        }
                                                    ],
                                                    "Plans": [
                                                        {
                                                            "Node Type": "Seq Scan",
                                                            "Parent Relationship": "Outer",
                                                            "Parallel Aware": true,
                                                            "Relation Name": "movie_info_idx",
                                                            "Schema": "public",
                                                            "Alias": "mi_idx",
                                                            "Startup Cost": 0.0,
                                                            "Total Cost": 13685.15,
                                                            "Plan Rows": 575015,
                                                            "Plan Width": 4,
                                                            "Actual Startup Time": 0.03,
                                                            "Actual Total Time": 18.859,
                                                            "Actual Rows": 197148,
                                                            "Actual Loops": 7,
                                                            "Output": [
                                                                "mi_idx.id",
                                                                "mi_idx.movie_id",
                                                                "mi_idx.info_type_id",
                                                                "mi_idx.info",
                                                                "mi_idx.note"
                                                            ],
                                                            "Workers": [
                                                                {
                                                                    "Worker Number": 0,
                                                                    "Actual Startup Time": 0.04,
                                                                    "Actual Total Time": 18.604,
                                                                    "Actual Rows": 190292,
                                                                    "Actual Loops": 1
                                                                },
                                                                {
                                                                    "Worker Number": 1,
                                                                    "Actual Startup Time": 0.041,
                                                                    "Actual Total Time": 19.451,
                                                                    "Actual Rows": 196010,
                                                                    "Actual Loops": 1
                                                                },
                                                                {
                                                                    "Worker Number": 2,
                                                                    "Actual Startup Time": 0.023,
                                                                    "Actual Total Time": 19.725,
                                                                    "Actual Rows": 196740,
                                                                    "Actual Loops": 1
                                                                },
                                                                {
                                                                    "Worker Number": 3,
                                                                    "Actual Startup Time": 0.039,
                                                                    "Actual Total Time": 19.611,
                                                                    "Actual Rows": 194366,
                                                                    "Actual Loops": 1
                                                                },
                                                                {
                                                                    "Worker Number": 4,
                                                                    "Actual Startup Time": 0.026,
                                                                    "Actual Total Time": 19.045,
                                                                    "Actual Rows": 193041,
                                                                    "Actual Loops": 1
                                                                },
                                                                {
                                                                    "Worker Number": 5,
                                                                    "Actual Startup Time": 0.035,
                                                                    "Actual Total Time": 19.645,
                                                                    "Actual Rows": 197059,
                                                                    "Actual Loops": 1
                                                                }
                                                            ]
                                                        },
                                                        {
                                                            "Node Type": "Hash",
                                                            "Parent Relationship": "Inner",
                                                            "Parallel Aware": true,
                                                            "Startup Cost": 43899.01,
                                                            "Total Cost": 43899.01,
                                                            "Plan Rows": 248871,
                                                            "Plan Width": 4,
                                                            "Actual Startup Time": 124.819,
                                                            "Actual Total Time": 124.82,
                                                            "Actual Rows": 140721,
                                                            "Actual Loops": 7,
                                                            "Output": [
                                                                "t.id"
                                                            ],
                                                            "Hash Buckets": 1048576,
                                                            "Original Hash Buckets": 1048576,
                                                            "Hash Batches": 1,
                                                            "Original Hash Batches": 1,
                                                            "Peak Memory Usage": 46816,
                                                            "Workers": [
                                                                {
                                                                    "Worker Number": 0,
                                                                    "Actual Startup Time": 122.5,
                                                                    "Actual Total Time": 122.501,
                                                                    "Actual Rows": 126208,
                                                                    "Actual Loops": 1
                                                                },
                                                                {
                                                                    "Worker Number": 1,
                                                                    "Actual Startup Time": 125.253,
                                                                    "Actual Total Time": 125.254,
                                                                    "Actual Rows": 137292,
                                                                    "Actual Loops": 1
                                                                },
                                                                {
                                                                    "Worker Number": 2,
                                                                    "Actual Startup Time": 125.601,
                                                                    "Actual Total Time": 125.602,
                                                                    "Actual Rows": 140478,
                                                                    "Actual Loops": 1
                                                                },
                                                                {
                                                                    "Worker Number": 3,
                                                                    "Actual Startup Time": 125.862,
                                                                    "Actual Total Time": 125.863,
                                                                    "Actual Rows": 136226,
                                                                    "Actual Loops": 1
                                                                },
                                                                {
                                                                    "Worker Number": 4,
                                                                    "Actual Startup Time": 126.133,
                                                                    "Actual Total Time": 126.134,
                                                                    "Actual Rows": 125586,
                                                                    "Actual Loops": 1
                                                                },
                                                                {
                                                                    "Worker Number": 5,
                                                                    "Actual Startup Time": 126.588,
                                                                    "Actual Total Time": 126.589,
                                                                    "Actual Rows": 138130,
                                                                    "Actual Loops": 1
                                                                }
                                                            ],
                                                            "Plans": [
                                                                {
                                                                    "Node Type": "Seq Scan",
                                                                    "Parent Relationship": "Outer",
                                                                    "Parallel Aware": true,
                                                                    "Relation Name": "title",
                                                                    "Schema": "public",
                                                                    "Alias": "t",
                                                                    "Startup Cost": 0.0,
                                                                    "Total Cost": 43899.01,
                                                                    "Plan Rows": 248871,
                                                                    "Plan Width": 4,
                                                                    "Actual Startup Time": 0.054,
                                                                    "Actual Total Time": 72.116,
                                                                    "Actual Rows": 140721,
                                                                    "Actual Loops": 7,
                                                                    "Output": [
                                                                        "t.id"
                                                                    ],
                                                                    "Filter": "(t.kind_id < 7)",
                                                                    "Rows Removed by Filter": 220466,
                                                                    "Workers": [
                                                                        {
                                                                            "Worker Number": 0,
                                                                            "Actual Startup Time": 0.048,
                                                                            "Actual Total Time": 71.935,
                                                                            "Actual Rows": 126208,
                                                                            "Actual Loops": 1
                                                                        },
                                                                        {
                                                                            "Worker Number": 1,
                                                                            "Actual Startup Time": 0.068,
                                                                            "Actual Total Time": 73.049,
                                                                            "Actual Rows": 137292,
                                                                            "Actual Loops": 1
                                                                        },
                                                                        {
                                                                            "Worker Number": 2,
                                                                            "Actual Startup Time": 0.06,
                                                                            "Actual Total Time": 73.285,
                                                                            "Actual Rows": 140478,
                                                                            "Actual Loops": 1
                                                                        },
                                                                        {
                                                                            "Worker Number": 3,
                                                                            "Actual Startup Time": 0.069,
                                                                            "Actual Total Time": 72.588,
                                                                            "Actual Rows": 136226,
                                                                            "Actual Loops": 1
                                                                        },
                                                                        {
                                                                            "Worker Number": 4,
                                                                            "Actual Startup Time": 0.056,
                                                                            "Actual Total Time": 72.531,
                                                                            "Actual Rows": 125586,
                                                                            "Actual Loops": 1
                                                                        },
                                                                        {
                                                                            "Worker Number": 5,
                                                                            "Actual Startup Time": 0.065,
                                                                            "Actual Total Time": 73.1,
                                                                            "Actual Rows": 138130,
                                                                            "Actual Loops": 1
                                                                        }
                                                                    ]
                                                                }
                                                            ]
                                                        }
                                                    ]
                                                }
                                            ]
                                        }
                                    ]
                                }
                            ]
                        }
                    ]
                }
            ]
        },
        "Planning Time": 180.418,
        "Triggers": [],
        "Execution Time": 2218.16
    }
]