[
  {
    "Plan": {
      "Node Type": "Aggregate",
      "Strategy": "Plain",
      "Partial Mode": "Finalize",
      "Parallel Aware": false,
      "Startup Cost": 80276.98,
      "Total Cost": 80276.99,
      "Plan Rows": 1,
      "Plan Width": 8,
      "Actual Startup Time": 561.93,
      "Actual Total Time": 583.076,
      "Actual Rows": 1,
      "Actual Loops": 1,
      "Plans": [
        {
          "Node Type": "Gather",
          "Parent Relationship": "Outer",
          "Parallel Aware": false,
          "Startup Cost": 80276.67,
          "Total Cost": 80276.98,
          "Plan Rows": 3,
          "Plan Width": 8,
          "Actual Startup Time": 542.982,
          "Actual Total Time": 583.064,
          "Actual Rows": 4,
          "Actual Loops": 1,
          "Workers Planned": 3,
          "Workers Launched": 3,
          "Single Copy": false,
          "Plans": [
            {
              "Node Type": "Aggregate",
              "Strategy": "Plain",
              "Partial Mode": "Partial",
              "Parent Relationship": "Outer",
              "Parallel Aware": false,
              "Startup Cost": 79276.67,
              "Total Cost": 79276.68,
              "Plan Rows": 1,
              "Plan Width": 8,
              "Actual Startup Time": 529.129,
              "Actual Total Time": 529.134,
              "Actual Rows": 1,
              "Actual Loops": 4,
              "Plans": [
                {
                  "Node Type": "Hash Join",
                  "Parent Relationship": "Outer",
                  "Parallel Aware": true,
                  "Join Type": "Inner",
                  "Startup Cost": 58353.11,
                  "Total Cost": 78974.03,
                  "Plan Rows": 121053,
                  "Plan Width": 0,
                  "Actual Startup Time": 423.641,
                  "Actual Total Time": 523.009,
                  "Actual Rows": 92983,
                  "Actual Loops": 4,
                  "Inner Unique": true,
                  "Hash Cond": "(mc.movie_id = t.id)",
                  "Plans": [
                    {
                      "Node Type": "Bitmap Heap Scan",
                      "Parent Relationship": "Outer",
                      "Parallel Aware": true,
                      "Relation Name": "movie_companies",
                      "Alias": "mc",
                      "Startup Cost": 8132.73,
                      "Total Cost": 28435.89,
                      "Plan Rows": 121053,
                      "Plan Width": 4,
                      "Actual Startup Time": 26.539,
                      "Actual Total Time": 66.986,
                      "Actual Rows": 92983,
                      "Actual Loops": 4,
                      "Recheck Cond": "(company_id < 207)",
                      "Rows Removed by Index Recheck": 0,
                      "Exact Heap Blocks": 5457,
                      "Lossy Heap Blocks": 0,
                      "Plans": [
                        {
                          "Node Type": "Bitmap Index Scan",
                          "Parent Relationship": "Outer",
                          "Parallel Aware": false,
                          "Index Name": "company_id_movie_companies",
                          "Startup Cost": 0.0,
                          "Total Cost": 8038.91,
                          "Plan Rows": 375264,
                          "Plan Width": 0,
                          "Actual Startup Time": 22.443,
                          "Actual Total Time": 22.444,
                          "Actual Rows": 371931,
                          "Actual Loops": 1,
                          "Index Cond": "(company_id < 207)"
                        }
                      ]
                    },
                    {
                      "Node Type": "Hash",
                      "Parent Relationship": "Inner",
                      "Parallel Aware": true,
                      "Startup Cost": 42319.06,
                      "Total Cost": 42319.06,
                      "Plan Rows": 632106,
                      "Plan Width": 4,
                      "Actual Startup Time": 386.911,
                      "Actual Total Time": 386.912,
                      "Actual Rows": 632078,
                      "Actual Loops": 4,
                      "Hash Buckets": 4194304,
                      "Original Hash Buckets": 4194304,
                      "Hash Batches": 1,
                      "Original Hash Batches": 1,
                      "Peak Memory Usage": 131744,
                      "Plans": [
                        {
                          "Node Type": "Seq Scan",
                          "Parent Relationship": "Outer",
                          "Parallel Aware": true,
                          "Relation Name": "title",
                          "Alias": "t",
                          "Startup Cost": 0.0,
                          "Total Cost": 42319.06,
                          "Plan Rows": 632106,
                          "Plan Width": 4,
                          "Actual Startup Time": 0.05,
                          "Actual Total Time": 121.238,
                          "Actual Rows": 632078,
                          "Actual Loops": 4
                        }
                      ]
                    }
                  ]
                }
              ]
            }
          ]
        }
      ]
    },
    "Planning Time": 0.546,
    "Triggers": [],
    "Execution Time": 583.139
  }
]