{
  "Plan": {
    "Node Type": "Aggregate",
    "Strategy": "Plain",
    "Partial Mode": "Finalize",
    "Parallel Aware": false,
    "Startup Cost": 435470.27,
    "Total Cost": 435470.28,
    "Plan Rows": 1,
    "Plan Width": 8,
    "Actual Startup Time": 4528.095,
    "Actual Total Time": 4583.742,
    "Actual Rows": 1,
    "Actual Loops": 1,
    "Plans": [
      {
        "Node Type": "Gather",
        "Parent Relationship": "Outer",
        "Parallel Aware": false,
        "Startup Cost": 435470.16,
        "Total Cost": 435470.27,
        "Plan Rows": 1,
        "Plan Width": 8,
        "Actual Startup Time": 4523.196,
        "Actual Total Time": 4583.733,
        "Actual Rows": 2,
        "Actual Loops": 1,
        "Workers Planned": 1,
        "Workers Launched": 1,
        "Single Copy": false,
        "Plans": [
          {
            "Node Type": "Aggregate",
            "Strategy": "Plain",
            "Partial Mode": "Partial",
            "Parent Relationship": "Outer",
            "Parallel Aware": false,
            "Startup Cost": 434470.16,
            "Total Cost": 434470.17,
            "Plan Rows": 1,
            "Plan Width": 8,
            "Actual Startup Time": 4517.041,
            "Actual Total Time": 4517.047,
            "Actual Rows": 1,
            "Actual Loops": 2,
            "Plans": [
              {
                "Node Type": "Hash Join",
                "Parent Relationship": "Outer",
                "Parallel Aware": true,
                "Join Type": "Inner",
                "Startup Cost": 126159.03,
                "Total Cost": 431454.07,
                "Plan Rows": 1206434,
                "Plan Width": 0,
                "Actual Startup Time": 747.743,
                "Actual Total Time": 3725.599,
                "Actual Rows": 20340404,
                "Actual Loops": 2,
                "Inner Unique": false,
                "Hash Cond": "(mi.movie_id = t.id)",
                "Plans": [
                  {
                    "Node Type": "Seq Scan",
                    "Parent Relationship": "Outer",
                    "Parallel Aware": true,
                    "Relation Name": "movie_info",
                    "Alias": "mi",
                    "Startup Cost": 0.0,
                    "Total Cost": 270696.42,
                    "Plan Rows": 7333858,
                    "Plan Width": 4,
                    "Actual Startup Time": 0.018,
                    "Actual Total Time": 751.39,
                    "Actual Rows": 6300935,
                    "Actual Loops": 2,
                    "Filter": "(info_type_id < 17)",
                    "Rows Removed by Filter": 1116925
                  },
                  {
                    "Node Type": "Hash",
                    "Parent Relationship": "Inner",
                    "Parallel Aware": true,
                    "Startup Cost": 123100.88,
                    "Total Cost": 123100.88,
                    "Plan Rows": 244652,
                    "Plan Width": 8,
                    "Actual Startup Time": 740.647,
                    "Actual Total Time": 740.651,
                    "Actual Rows": 654453,
                    "Actual Loops": 2,
                    "Hash Buckets": 2097152,
                    "Original Hash Buckets": 524288,
                    "Hash Batches": 1,
                    "Original Hash Batches": 1,
                    "Peak Memory Usage": 79904,
                    "Plans": [
                      {
                        "Node Type": "Hash Join",
                        "Parent Relationship": "Outer",
                        "Parallel Aware": true,
                        "Join Type": "Inner",
                        "Startup Cost": 61083.52,
                        "Total Cost": 123100.88,
                        "Plan Rows": 244652,
                        "Plan Width": 8,
                        "Actual Startup Time": 213.044,
                        "Actual Total Time": 591.447,
                        "Actual Rows": 654453,
                        "Actual Loops": 2,
                        "Inner Unique": true,
                        "Hash Cond": "(mk.movie_id = t.id)",
                        "Plans": [
                          {
                            "Node Type": "Seq Scan",
                            "Parent Relationship": "Outer",
                            "Parallel Aware": true,
                            "Relation Name": "movie_keyword",
                            "Alias": "mk",
                            "Startup Cost": 0.0,
                            "Total Cost": 57718.19,
                            "Plan Rows": 1637774,
                            "Plan Width": 4,
                            "Actual Startup Time": 0.012,
                            "Actual Total Time": 194.924,
                            "Actual Rows": 1388206,
                            "Actual Loops": 2,
                            "Filter": "(keyword_id < 7989)",
                            "Rows Removed by Filter": 873758
                          },
                          {
                            "Node Type": "Hash",
                            "Parent Relationship": "Inner",
                            "Parallel Aware": true,
                            "Startup Cost": 58306.47,
                            "Total Cost": 58306.47,
                            "Plan Rows": 222164,
                            "Plan Width": 4,
                            "Actual Startup Time": 209.347,
                            "Actual Total Time": 209.348,
                            "Actual Rows": 242410,
                            "Actual Loops": 2,
                            "Hash Buckets": 524288,
                            "Original Hash Buckets": 524288,
                            "Hash Batches": 1,
                            "Original Hash Batches": 1,
                            "Peak Memory Usage": 23104,
                            "Plans": [
                              {
                                "Node Type": "Seq Scan",
                                "Parent Relationship": "Outer",
                                "Parallel Aware": true,
                                "Relation Name": "title",
                                "Alias": "t",
                                "Startup Cost": 0.0,
                                "Total Cost": 58306.47,
                                "Plan Rows": 222164,
                                "Plan Width": 4,
                                "Actual Startup Time": 0.062,
                                "Actual Total Time": 153.452,
                                "Actual Rows": 242410,
                                "Actual Loops": 2,
                                "Filter": "((kind_id < 7) AND (production_year < 1999))",
                                "Rows Removed by Filter": 1021746
                              }
                            ]
                          }
                        ]
                      }
                    ]
                  }
                ]
              }
            ]
          }
        ]
      }
    ]
  },
  "Planning Time": 1.019,
  "Triggers": [],
  "Execution Time": 4583.831
}