{
  "Plan": {
    "Node Type": "Aggregate",
    "Strategy": "Plain",
    "Partial Mode": "Finalize",
    "Parallel Aware": false,
    "Startup Cost": 363176.73,
    "Total Cost": 363176.74,
    "Plan Rows": 1,
    "Plan Width": 8,
    "Actual Startup Time": 735.659,
    "Actual Total Time": 751.121,
    "Actual Rows": 1,
    "Actual Loops": 1,
    "Plans": [
      {
        "Node Type": "Gather",
        "Parent Relationship": "Outer",
        "Parallel Aware": false,
        "Startup Cost": 363176.61,
        "Total Cost": 363176.72,
        "Plan Rows": 1,
        "Plan Width": 8,
        "Actual Startup Time": 731.543,
        "Actual Total Time": 751.111,
        "Actual Rows": 2,
        "Actual Loops": 1,
        "Workers Planned": 1,
        "Workers Launched": 1,
        "Single Copy": false,
        "Plans": [
          {
            "Node Type": "Aggregate",
            "Strategy": "Plain",
            "Partial Mode": "Partial",
            "Parent Relationship": "Outer",
            "Parallel Aware": false,
            "Startup Cost": 362176.61,
            "Total Cost": 362176.62,
            "Plan Rows": 1,
            "Plan Width": 8,
            "Actual Startup Time": 723.823,
            "Actual Total Time": 723.828,
            "Actual Rows": 1,
            "Actual Loops": 2,
            "Plans": [
              {
                "Node Type": "Hash Join",
                "Parent Relationship": "Outer",
                "Parallel Aware": true,
                "Join Type": "Inner",
                "Startup Cost": 97043.02,
                "Total Cost": 361673.78,
                "Plan Rows": 201134,
                "Plan Width": 0,
                "Actual Startup Time": 423.141,
                "Actual Total Time": 708.928,
                "Actual Rows": 347035,
                "Actual Loops": 2,
                "Inner Unique": true,
                "Hash Cond": "(ci.movie_id = t.id)",
                "Plans": [
                  {
                    "Node Type": "Bitmap Heap Scan",
                    "Parent Relationship": "Outer",
                    "Parallel Aware": true,
                    "Relation Name": "cast_info",
                    "Alias": "ci",
                    "Startup Cost": 27533.88,
                    "Total Cost": 291288.48,
                    "Plan Rows": 333774,
                    "Plan Width": 4,
                    "Actual Startup Time": 39.383,
                    "Actual Total Time": 133.283,
                    "Actual Rows": 616876,
                    "Actual Loops": 2,
                    "Recheck Cond": "(person_id > 3823007)",
                    "Rows Removed by Index Recheck": 0,
                    "Filter": "(role_id > 2)",
                    "Rows Removed by Filter": 0,
                    "Exact Heap Blocks": 9282,
                    "Lossy Heap Blocks": 0,
                    "Plans": [
                      {
                        "Node Type": "Bitmap Index Scan",
                        "Parent Relationship": "Outer",
                        "Parallel Aware": false,
                        "Index Name": "person_id_cast_info",
                        "Startup Cost": 0.0,
                        "Total Cost": 27392.02,
                        "Plan Rows": 1254328,
                        "Plan Width": 0,
                        "Actual Startup Time": 36.721,
                        "Actual Total Time": 36.722,
                        "Actual Rows": 1233752,
                        "Actual Loops": 1,
                        "Index Cond": "(person_id > 3823007)"
                      }
                    ]
                  },
                  {
                    "Node Type": "Hash",
                    "Parent Relationship": "Inner",
                    "Parallel Aware": true,
                    "Startup Cost": 58306.47,
                    "Total Cost": 58306.47,
                    "Plan Rows": 896214,
                    "Plan Width": 4,
                    "Actual Startup Time": 369.163,
                    "Actual Total Time": 369.164,
                    "Actual Rows": 753616,
                    "Actual Loops": 2,
                    "Hash Buckets": 2097152,
                    "Original Hash Buckets": 2097152,
                    "Hash Batches": 1,
                    "Original Hash Batches": 1,
                    "Peak Memory Usage": 75392,
                    "Plans": [
                      {
                        "Node Type": "Seq Scan",
                        "Parent Relationship": "Outer",
                        "Parallel Aware": true,
                        "Relation Name": "title",
                        "Alias": "t",
                        "Startup Cost": 0.0,
                        "Total Cost": 58306.47,
                        "Plan Rows": 896214,
                        "Plan Width": 4,
                        "Actual Startup Time": 0.029,
                        "Actual Total Time": 171.183,
                        "Actual Rows": 753616,
                        "Actual Loops": 2,
                        "Filter": "((kind_id > 1) AND (production_year < 2011))",
                        "Rows Removed by Filter": 510540
                      }
                    ]
                  }
                ]
              }
            ]
          }
        ]
      }
    ]
  },
  "Planning Time": 0.708,
  "Triggers": [],
  "Execution Time": 751.214
}