[
  {
    "Plan": {
      "Node Type": "Aggregate",
      "Strategy": "Plain",
      "Partial Mode": "Finalize",
      "Parallel Aware": false,
      "Startup Cost": 76924.99,
      "Total Cost": 76925.0,
      "Plan Rows": 1,
      "Plan Width": 8,
      "Actual Startup Time": 338.386,
      "Actual Total Time": 353.249,
      "Actual Rows": 1,
      "Actual Loops": 1,
      "Plans": [
        {
          "Node Type": "Gather",
          "Parent Relationship": "Outer",
          "Parallel Aware": false,
          "Startup Cost": 76924.67,
          "Total Cost": 76924.98,
          "Plan Rows": 3,
          "Plan Width": 8,
          "Actual Startup Time": 332.549,
          "Actual Total Time": 353.24,
          "Actual Rows": 4,
          "Actual Loops": 1,
          "Workers Planned": 3,
          "Workers Launched": 3,
          "Single Copy": false,
          "Plans": [
            {
              "Node Type": "Aggregate",
              "Strategy": "Plain",
              "Partial Mode": "Partial",
              "Parent Relationship": "Outer",
              "Parallel Aware": false,
              "Startup Cost": 75924.67,
              "Total Cost": 75924.68,
              "Plan Rows": 1,
              "Plan Width": 8,
              "Actual Startup Time": 320.574,
              "Actual Total Time": 320.578,
              "Actual Rows": 1,
              "Actual Loops": 4,
              "Plans": [
                {
                  "Node Type": "Hash Join",
                  "Parent Relationship": "Outer",
                  "Parallel Aware": true,
                  "Join Type": "Inner",
                  "Startup Cost": 51148.53,
                  "Total Cost": 75888.73,
                  "Plan Rows": 14376,
                  "Plan Width": 0,
                  "Actual Startup Time": 290.443,
                  "Actual Total Time": 319.787,
                  "Actual Rows": 13200,
                  "Actual Loops": 4,
                  "Inner Unique": true,
                  "Hash Cond": "(mk.movie_id = t.id)",
                  "Plans": [
                    {
                      "Node Type": "Bitmap Heap Scan",
                      "Parent Relationship": "Outer",
                      "Parallel Aware": true,
                      "Relation Name": "movie_keyword",
                      "Alias": "mk",
                      "Startup Cost": 1247.05,
                      "Total Cost": 25937.58,
                      "Plan Rows": 18923,
                      "Plan Width": 4,
                      "Actual Startup Time": 5.365,
                      "Actual Total Time": 24.409,
                      "Actual Rows": 14612,
                      "Actual Loops": 4,
                      "Recheck Cond": "(keyword_id = 16264)",
                      "Rows Removed by Index Recheck": 0,
                      "Exact Heap Blocks": 4746,
                      "Lossy Heap Blocks": 0,
                      "Plans": [
                        {
                          "Node Type": "Bitmap Index Scan",
                          "Parent Relationship": "Outer",
                          "Parallel Aware": false,
                          "Index Name": "keyword_id_movie_keyword",
                          "Startup Cost": 0.0,
                          "Total Cost": 1232.38,
                          "Plan Rows": 58660,
                          "Plan Width": 0,
                          "Actual Startup Time": 3.76,
                          "Actual Total Time": 3.76,
                          "Actual Rows": 58448,
                          "Actual Loops": 1,
                          "Index Cond": "(keyword_id = 16264)"
                        }
                      ]
                    },
                    {
                      "Node Type": "Hash",
                      "Parent Relationship": "Inner",
                      "Parallel Aware": true,
                      "Startup Cost": 43898.92,
                      "Total Cost": 43898.92,
                      "Plan Rows": 480205,
                      "Plan Width": 4,
                      "Actual Startup Time": 277.607,
                      "Actual Total Time": 277.608,
                      "Actual Rows": 480712,
                      "Actual Loops": 4,
                      "Hash Buckets": 2097152,
                      "Original Hash Buckets": 2097152,
                      "Hash Batches": 1,
                      "Original Hash Batches": 1,
                      "Peak Memory Usage": 91712,
                      "Plans": [
                        {
                          "Node Type": "Seq Scan",
                          "Parent Relationship": "Outer",
                          "Parallel Aware": true,
                          "Relation Name": "title",
                          "Alias": "t",
                          "Startup Cost": 0.0,
                          "Total Cost": 43898.92,
                          "Plan Rows": 480205,
                          "Plan Width": 4,
                          "Actual Startup Time": 0.04,
                          "Actual Total Time": 111.428,
                          "Actual Rows": 480712,
                          "Actual Loops": 4,
                          "Filter": "(production_year < 2010)",
                          "Rows Removed by Filter": 151366
                        }
                      ]
                    }
                  ]
                }
              ]
            }
          ]
        }
      ]
    },
    "Planning Time": 0.621,
    "Triggers": [],
    "Execution Time": 353.344
  }
]