[
  {
    "Plan": {
      "Node Type": "Aggregate",
      "Strategy": "Plain",
      "Partial Mode": "Finalize",
      "Parallel Aware": false,
      "Startup Cost": 162729.33,
      "Total Cost": 162729.34,
      "Plan Rows": 1,
      "Plan Width": 8,
      "Actual Startup Time": 629.74,
      "Actual Total Time": 651.889,
      "Actual Rows": 1,
      "Actual Loops": 1,
      "Plans": [
        {
          "Node Type": "Gather",
          "Parent Relationship": "Outer",
          "Parallel Aware": false,
          "Startup Cost": 162728.81,
          "Total Cost": 162729.32,
          "Plan Rows": 5,
          "Plan Width": 8,
          "Actual Startup Time": 603.68,
          "Actual Total Time": 651.876,
          "Actual Rows": 6,
          "Actual Loops": 1,
          "Workers Planned": 5,
          "Workers Launched": 5,
          "Single Copy": false,
          "Plans": [
            {
              "Node Type": "Aggregate",
              "Strategy": "Plain",
              "Partial Mode": "Partial",
              "Parent Relationship": "Outer",
              "Parallel Aware": false,
              "Startup Cost": 161728.81,
              "Total Cost": 161728.82,
              "Plan Rows": 1,
              "Plan Width": 8,
              "Actual Startup Time": 583.167,
              "Actual Total Time": 583.171,
              "Actual Rows": 1,
              "Actual Loops": 6,
              "Plans": [
                {
                  "Node Type": "Hash Join",
                  "Parent Relationship": "Outer",
                  "Parallel Aware": true,
                  "Join Type": "Inner",
                  "Startup Cost": 50220.21,
                  "Total Cost": 161201.54,
                  "Plan Rows": 210909,
                  "Plan Width": 0,
                  "Actual Startup Time": 291.532,
                  "Actual Total Time": 568.539,
                  "Actual Rows": 317994,
                  "Actual Loops": 6,
                  "Inner Unique": true,
                  "Hash Cond": "(ci.movie_id = t.id)",
                  "Plans": [
                    {
                      "Node Type": "Index Scan",
                      "Parent Relationship": "Outer",
                      "Parallel Aware": true,
                      "Scan Direction": "Forward",
                      "Index Name": "role_id_cast_info",
                      "Relation Name": "cast_info",
                      "Alias": "ci",
                      "Startup Cost": 0.56,
                      "Total Cost": 110428.26,
                      "Plan Rows": 210909,
                      "Plan Width": 4,
                      "Actual Startup Time": 23.665,
                      "Actual Total Time": 130.274,
                      "Actual Rows": 317994,
                      "Actual Loops": 6,
                      "Index Cond": "(role_id = 3)",
                      "Rows Removed by Index Recheck": 0,
                      "Filter": "(person_id > 2767721)",
                      "Rows Removed by Filter": 350012
                    },
                    {
                      "Node Type": "Hash",
                      "Parent Relationship": "Inner",
                      "Parallel Aware": true,
                      "Startup Cost": 42318.73,
                      "Total Cost": 42318.73,
                      "Plan Rows": 632073,
                      "Plan Width": 4,
                      "Actual Startup Time": 260.248,
                      "Actual Total Time": 260.249,
                      "Actual Rows": 421385,
                      "Actual Loops": 6,
                      "Hash Buckets": 4194304,
                      "Original Hash Buckets": 4194304,
                      "Hash Batches": 1,
                      "Original Hash Batches": 1,
                      "Peak Memory Usage": 131808,
                      "Plans": [
                        {
                          "Node Type": "Seq Scan",
                          "Parent Relationship": "Outer",
                          "Parallel Aware": true,
                          "Relation Name": "title",
                          "Alias": "t",
                          "Startup Cost": 0.0,
                          "Total Cost": 42318.73,
                          "Plan Rows": 632073,
                          "Plan Width": 4,
                          "Actual Startup Time": 0.061,
                          "Actual Total Time": 76.774,
                          "Actual Rows": 421385,
                          "Actual Loops": 6
                        }
                      ]
                    }
                  ]
                }
              ]
            }
          ]
        }
      ]
    },
    "Planning Time": 0.69,
    "Triggers": [],
    "Execution Time": 651.973
  }
]