[
  {
    "Plan": {
      "Node Type": "Aggregate",
      "Strategy": "Plain",
      "Partial Mode": "Finalize",
      "Parallel Aware": false,
      "Startup Cost": 46078.85,
      "Total Cost": 46078.86,
      "Plan Rows": 1,
      "Plan Width": 8,
      "Actual Startup Time": 162.235,
      "Actual Total Time": 172.588,
      "Actual Rows": 1,
      "Actual Loops": 1,
      "Plans": [
        {
          "Node Type": "Gather",
          "Parent Relationship": "Outer",
          "Parallel Aware": false,
          "Startup Cost": 46078.53,
          "Total Cost": 46078.84,
          "Plan Rows": 3,
          "Plan Width": 8,
          "Actual Startup Time": 162.082,
          "Actual Total Time": 172.581,
          "Actual Rows": 4,
          "Actual Loops": 1,
          "Workers Planned": 3,
          "Workers Launched": 3,
          "Single Copy": false,
          "Plans": [
            {
              "Node Type": "Aggregate",
              "Strategy": "Plain",
              "Partial Mode": "Partial",
              "Parent Relationship": "Outer",
              "Parallel Aware": false,
              "Startup Cost": 45078.53,
              "Total Cost": 45078.54,
              "Plan Rows": 1,
              "Plan Width": 8,
              "Actual Startup Time": 153.424,
              "Actual Total Time": 153.425,
              "Actual Rows": 1,
              "Actual Loops": 4,
              "Plans": [
                {
                  "Node Type": "Seq Scan",
                  "Parent Relationship": "Outer",
                  "Parallel Aware": true,
                  "Relation Name": "movie_keyword",
                  "Alias": "mk",
                  "Startup Cost": 0.0,
                  "Total Cost": 42695.65,
                  "Plan Rows": 953150,
                  "Plan Width": 0,
                  "Actual Startup Time": 0.071,
                  "Actual Total Time": 119.832,
                  "Actual Rows": 740570,
                  "Actual Loops": 4,
                  "Filter": "(keyword_id < 10063)",
                  "Rows Removed by Filter": 390413
                }
              ]
            }
          ]
        }
      ]
    },
    "Planning Time": 0.055,
    "Triggers": [],
    "Execution Time": 172.611
  }
]