[
  {
    "Plan": {
      "Node Type": "Aggregate",
      "Strategy": "Plain",
      "Partial Mode": "Finalize",
      "Parallel Aware": false,
      "Startup Cost": 46937.0,
      "Total Cost": 46937.01,
      "Plan Rows": 1,
      "Plan Width": 8,
      "Actual Startup Time": 127.129,
      "Actual Total Time": 139.894,
      "Actual Rows": 1,
      "Actual Loops": 1,
      "Plans": [
        {
          "Node Type": "Gather",
          "Parent Relationship": "Outer",
          "Parallel Aware": false,
          "Startup Cost": 46936.78,
          "Total Cost": 46936.99,
          "Plan Rows": 2,
          "Plan Width": 8,
          "Actual Startup Time": 126.69,
          "Actual Total Time": 139.886,
          "Actual Rows": 3,
          "Actual Loops": 1,
          "Workers Planned": 2,
          "Workers Launched": 2,
          "Single Copy": false,
          "Plans": [
            {
              "Node Type": "Aggregate",
              "Strategy": "Plain",
              "Partial Mode": "Partial",
              "Parent Relationship": "Outer",
              "Parallel Aware": false,
              "Startup Cost": 45936.78,
              "Total Cost": 45936.79,
              "Plan Rows": 1,
              "Plan Width": 8,
              "Actual Startup Time": 118.253,
              "Actual Total Time": 118.257,
              "Actual Rows": 1,
              "Actual Loops": 3,
              "Plans": [
                {
                  "Node Type": "Nested Loop",
                  "Parent Relationship": "Outer",
                  "Parallel Aware": false,
                  "Join Type": "Inner",
                  "Startup Cost": 20540.19,
                  "Total Cost": 45933.62,
                  "Plan Rows": 1264,
                  "Plan Width": 0,
                  "Actual Startup Time": 29.182,
                  "Actual Total Time": 118.053,
                  "Actual Rows": 1694,
                  "Actual Loops": 3,
                  "Inner Unique": true,
                  "Join Filter": "(mc.movie_id = t.id)",
                  "Rows Removed by Join Filter": 0,
                  "Plans": [
                    {
                      "Node Type": "Hash Join",
                      "Parent Relationship": "Outer",
                      "Parallel Aware": true,
                      "Join Type": "Inner",
                      "Startup Cost": 20539.76,
                      "Total Cost": 36644.5,
                      "Plan Rows": 10821,
                      "Plan Width": 8,
                      "Actual Startup Time": 29.071,
                      "Actual Total Time": 90.185,
                      "Actual Rows": 3932,
                      "Actual Loops": 3,
                      "Inner Unique": false,
                      "Hash Cond": "(mi_idx.movie_id = mc.movie_id)",
                      "Plans": [
                        {
                          "Node Type": "Seq Scan",
                          "Parent Relationship": "Outer",
                          "Parallel Aware": true,
                          "Relation Name": "movie_info_idx",
                          "Alias": "mi_idx",
                          "Startup Cost": 0.0,
                          "Total Cost": 15122.68,
                          "Plan Rows": 189429,
                          "Plan Width": 4,
                          "Actual Startup Time": 0.03,
                          "Actual Total Time": 41.332,
                          "Actual Rows": 153308,
                          "Actual Loops": 3,
                          "Filter": "(info_type_id = 99)",
                          "Rows Removed by Filter": 306703
                        },
                        {
                          "Node Type": "Hash",
                          "Parent Relationship": "Inner",
                          "Parallel Aware": true,
                          "Startup Cost": 20427.89,
                          "Total Cost": 20427.89,
                          "Plan Rows": 8950,
                          "Plan Width": 4,
                          "Actual Startup Time": 28.055,
                          "Actual Total Time": 28.057,
                          "Actual Rows": 9101,
                          "Actual Loops": 3,
                          "Hash Buckets": 32768,
                          "Original Hash Buckets": 32768,
                          "Hash Batches": 1,
                          "Original Hash Batches": 1,
                          "Peak Memory Usage": 1344,
                          "Plans": [
                            {
                              "Node Type": "Bitmap Heap Scan",
                              "Parent Relationship": "Outer",
                              "Parallel Aware": true,
                              "Relation Name": "movie_companies",
                              "Alias": "mc",
                              "Startup Cost": 603.45,
                              "Total Cost": 20427.89,
                              "Plan Rows": 8950,
                              "Plan Width": 4,
                              "Actual Startup Time": 5.47,
                              "Actual Total Time": 24.289,
                              "Actual Rows": 9101,
                              "Actual Loops": 3,
                              "Recheck Cond": "(company_id = 27)",
                              "Rows Removed by Index Recheck": 0,
                              "Exact Heap Blocks": 5578,
                              "Lossy Heap Blocks": 0,
                              "Plans": [
                                {
                                  "Node Type": "Bitmap Index Scan",
                                  "Parent Relationship": "Outer",
                                  "Parallel Aware": false,
                                  "Index Name": "company_id_movie_companies",
                                  "Startup Cost": 0.0,
                                  "Total Cost": 596.51,
                                  "Plan Rows": 27744,
                                  "Plan Width": 0,
                                  "Actual Startup Time": 8.331,
                                  "Actual Total Time": 8.331,
                                  "Actual Rows": 27303,
                                  "Actual Loops": 1,
                                  "Index Cond": "(company_id = 27)"
                                }
                              ]
                            }
                          ]
                        }
                      ]
                    },
                    {
                      "Node Type": "Index Scan",
                      "Parent Relationship": "Inner",
                      "Parallel Aware": false,
                      "Scan Direction": "Forward",
                      "Index Name": "title_pkey",
                      "Relation Name": "title",
                      "Alias": "t",
                      "Startup Cost": 0.43,
                      "Total Cost": 0.85,
                      "Plan Rows": 1,
                      "Plan Width": 4,
                      "Actual Startup Time": 0.007,
                      "Actual Total Time": 0.007,
                      "Actual Rows": 0,
                      "Actual Loops": 11796,
                      "Index Cond": "(id = mi_idx.movie_id)",
                      "Rows Removed by Index Recheck": 0,
                      "Filter": "(kind_id = 7)",
                      "Rows Removed by Filter": 1
                    }
                  ]
                }
              ]
            }
          ]
        }
      ]
    },
    "Planning Time": 1.559,
    "Triggers": [],
    "Execution Time": 140.002
  }
]