[
  {
    "Plan": {
      "Node Type": "Aggregate",
      "Strategy": "Plain",
      "Partial Mode": "Finalize",
      "Parallel Aware": false,
      "Startup Cost": 322371.92,
      "Total Cost": 322371.93,
      "Plan Rows": 1,
      "Plan Width": 8,
      "Actual Startup Time": 295.16,
      "Actual Total Time": 308.887,
      "Actual Rows": 1,
      "Actual Loops": 1,
      "Plans": [
        {
          "Node Type": "Gather",
          "Parent Relationship": "Outer",
          "Parallel Aware": false,
          "Startup Cost": 322371.3,
          "Total Cost": 322371.91,
          "Plan Rows": 6,
          "Plan Width": 8,
          "Actual Startup Time": 294.028,
          "Actual Total Time": 308.877,
          "Actual Rows": 7,
          "Actual Loops": 1,
          "Workers Planned": 6,
          "Workers Launched": 6,
          "Single Copy": false,
          "Plans": [
            {
              "Node Type": "Aggregate",
              "Strategy": "Plain",
              "Partial Mode": "Partial",
              "Parent Relationship": "Outer",
              "Parallel Aware": false,
              "Startup Cost": 321371.3,
              "Total Cost": 321371.31,
              "Plan Rows": 1,
              "Plan Width": 8,
              "Actual Startup Time": 286.898,
              "Actual Total Time": 286.902,
              "Actual Rows": 1,
              "Actual Loops": 7,
              "Plans": [
                {
                  "Node Type": "Bitmap Heap Scan",
                  "Parent Relationship": "Outer",
                  "Parallel Aware": true,
                  "Relation Name": "cast_info",
                  "Alias": "ci",
                  "Startup Cost": 60998.87,
                  "Total Cost": 320620.47,
                  "Plan Rows": 300330,
                  "Plan Width": 0,
                  "Actual Startup Time": 125.095,
                  "Actual Total Time": 265.466,
                  "Actual Rows": 381757,
                  "Actual Loops": 7,
                  "Recheck Cond": "(person_id > 3547719)",
                  "Rows Removed by Index Recheck": 0,
                  "Filter": "(role_id > 1)",
                  "Rows Removed by Filter": 0,
                  "Exact Heap Blocks": 8803,
                  "Lossy Heap Blocks": 0,
                  "Plans": [
                    {
                      "Node Type": "Bitmap Index Scan",
                      "Parent Relationship": "Outer",
                      "Parallel Aware": false,
                      "Index Name": "person_id_cast_info",
                      "Startup Cost": 0.0,
                      "Total Cost": 60548.37,
                      "Plan Rows": 2773841,
                      "Plan Width": 0,
                      "Actual Startup Time": 125.165,
                      "Actual Total Time": 125.166,
                      "Actual Rows": 2672301,
                      "Actual Loops": 1,
                      "Index Cond": "(person_id > 3547719)"
                    }
                  ]
                }
              ]
            }
          ]
        }
      ]
    },
    "Planning Time": 0.201,
    "Triggers": [],
    "Execution Time": 308.963
  }
]