[
    {
        "Bao": {
            "Bao prediction": "NaN",
            "Bao recommended hint": "(no hint)"
        }
    },
    {
        "Plan": {
            "Node Type": "Aggregate",
            "Strategy": "Plain",
            "Partial Mode": "Finalize",
            "Parallel Aware": false,
            "Startup Cost": 282450.65,
            "Total Cost": 282450.66,
            "Plan Rows": 1,
            "Plan Width": 8,
            "Actual Startup Time": 123.174,
            "Actual Total Time": 128.223,
            "Actual Rows": 1,
            "Actual Loops": 1,
            "Output": [
                "count(*)"
            ],
            "Plans": [
                {
                    "Node Type": "Gather",
                    "Parent Relationship": "Outer",
                    "Parallel Aware": false,
                    "Startup Cost": 282450.02,
                    "Total Cost": 282450.63,
                    "Plan Rows": 6,
                    "Plan Width": 8,
                    "Actual Startup Time": 122.669,
                    "Actual Total Time": 128.215,
                    "Actual Rows": 7,
                    "Actual Loops": 1,
                    "Output": [
                        "(PARTIAL count(*))"
                    ],
                    "Workers Planned": 6,
                    "Workers Launched": 6,
                    "Single Copy": false,
                    "Plans": [
                        {
                            "Node Type": "Aggregate",
                            "Strategy": "Plain",
                            "Partial Mode": "Partial",
                            "Parent Relationship": "Outer",
                            "Parallel Aware": false,
                            "Startup Cost": 281450.02,
                            "Total Cost": 281450.03,
                            "Plan Rows": 1,
                            "Plan Width": 8,
                            "Actual Startup Time": 112.267,
                            "Actual Total Time": 112.268,
                            "Actual Rows": 1,
                            "Actual Loops": 7,
                            "Output": [
                                "PARTIAL count(*)"
                            ],
                            "Workers": [
                                {
                                    "Worker Number": 0,
                                    "Actual Startup Time": 109.794,
                                    "Actual Total Time": 109.795,
                                    "Actual Rows": 1,
                                    "Actual Loops": 1
                                },
                                {
                                    "Worker Number": 1,
                                    "Actual Startup Time": 110.079,
                                    "Actual Total Time": 110.08,
                                    "Actual Rows": 1,
                                    "Actual Loops": 1
                                },
                                {
                                    "Worker Number": 2,
                                    "Actual Startup Time": 110.506,
                                    "Actual Total Time": 110.507,
                                    "Actual Rows": 1,
                                    "Actual Loops": 1
                                },
                                {
                                    "Worker Number": 3,
                                    "Actual Startup Time": 110.824,
                                    "Actual Total Time": 110.825,
                                    "Actual Rows": 1,
                                    "Actual Loops": 1
                                },
                                {
                                    "Worker Number": 4,
                                    "Actual Startup Time": 110.992,
                                    "Actual Total Time": 110.994,
                                    "Actual Rows": 1,
                                    "Actual Loops": 1
                                },
                                {
                                    "Worker Number": 5,
                                    "Actual Startup Time": 111.43,
                                    "Actual Total Time": 111.431,
                                    "Actual Rows": 1,
                                    "Actual Loops": 1
                                }
                            ],
                            "Plans": [
                                {
                                    "Node Type": "Bitmap Heap Scan",
                                    "Parent Relationship": "Outer",
                                    "Parallel Aware": true,
                                    "Relation Name": "cast_info",
                                    "Schema": "public",
                                    "Alias": "ci",
                                    "Startup Cost": 25837.55,
                                    "Total Cost": 280962.44,
                                    "Plan Rows": 195032,
                                    "Plan Width": 0,
                                    "Actual Startup Time": 42.508,
                                    "Actual Total Time": 100.977,
                                    "Actual Rows": 180414,
                                    "Actual Loops": 7,
                                    "Recheck Cond": "(ci.person_id > 3817170)",
                                    "Rows Removed by Index Recheck": 0,
                                    "Exact Heap Blocks": 4917,
                                    "Lossy Heap Blocks": 0,
                                    "Workers": [
                                        {
                                            "Worker Number": 0,
                                            "Actual Startup Time": 40.328,
                                            "Actual Total Time": 98.823,
                                            "Actual Rows": 159907,
                                            "Actual Loops": 1
                                        },
                                        {
                                            "Worker Number": 1,
                                            "Actual Startup Time": 40.609,
                                            "Actual Total Time": 98.976,
                                            "Actual Rows": 128430,
                                            "Actual Loops": 1
                                        },
                                        {
                                            "Worker Number": 2,
                                            "Actual Startup Time": 40.685,
                                            "Actual Total Time": 99.457,
                                            "Actual Rows": 162148,
                                            "Actual Loops": 1
                                        },
                                        {
                                            "Worker Number": 3,
                                            "Actual Startup Time": 40.972,
                                            "Actual Total Time": 99.825,
                                            "Actual Rows": 160675,
                                            "Actual Loops": 1
                                        },
                                        {
                                            "Worker Number": 4,
                                            "Actual Startup Time": 41.38,
                                            "Actual Total Time": 100.014,
                                            "Actual Rows": 160745,
                                            "Actual Loops": 1
                                        },
                                        {
                                            "Worker Number": 5,
                                            "Actual Startup Time": 41.58,
                                            "Actual Total Time": 101.045,
                                            "Actual Rows": 151149,
                                            "Actual Loops": 1
                                        }
                                    ],
                                    "Plans": [
                                        {
                                            "Node Type": "Bitmap Index Scan",
                                            "Parent Relationship": "Outer",
                                            "Parallel Aware": false,
                                            "Index Name": "person_id_cast_info",
                                            "Startup Cost": 0.0,
                                            "Total Cost": 25545.0,
                                            "Plan Rows": 1170191,
                                            "Plan Width": 0,
                                            "Actual Startup Time": 49.359,
                                            "Actual Total Time": 49.359,
                                            "Actual Rows": 1262895,
                                            "Actual Loops": 1,
                                            "Index Cond": "(ci.person_id > 3817170)"
                                        }
                                    ]
                                }
                            ]
                        }
                    ]
                }
            ]
        },
        "Planning Time": 198.535,
        "Triggers": [],
        "Execution Time": 128.298
    }
]