[
  {
    "Plan": {
      "Node Type": "Aggregate",
      "Strategy": "Plain",
      "Partial Mode": "Finalize",
      "Parallel Aware": false,
      "Startup Cost": 82125.56,
      "Total Cost": 82125.57,
      "Plan Rows": 1,
      "Plan Width": 8,
      "Actual Startup Time": 500.383,
      "Actual Total Time": 515.666,
      "Actual Rows": 1,
      "Actual Loops": 1,
      "Plans": [
        {
          "Node Type": "Gather",
          "Parent Relationship": "Outer",
          "Parallel Aware": false,
          "Startup Cost": 82125.25,
          "Total Cost": 82125.56,
          "Plan Rows": 3,
          "Plan Width": 8,
          "Actual Startup Time": 493.634,
          "Actual Total Time": 515.628,
          "Actual Rows": 4,
          "Actual Loops": 1,
          "Workers Planned": 3,
          "Workers Launched": 3,
          "Single Copy": false,
          "Plans": [
            {
              "Node Type": "Aggregate",
              "Strategy": "Plain",
              "Partial Mode": "Partial",
              "Parent Relationship": "Outer",
              "Parallel Aware": false,
              "Startup Cost": 81125.25,
              "Total Cost": 81125.26,
              "Plan Rows": 1,
              "Plan Width": 8,
              "Actual Startup Time": 481.787,
              "Actual Total Time": 481.791,
              "Actual Rows": 1,
              "Actual Loops": 4,
              "Plans": [
                {
                  "Node Type": "Hash Join",
                  "Parent Relationship": "Outer",
                  "Parallel Aware": true,
                  "Join Type": "Inner",
                  "Startup Cost": 50074.76,
                  "Total Cost": 80382.83,
                  "Plan Rows": 296965,
                  "Plan Width": 0,
                  "Actual Startup Time": 317.216,
                  "Actual Total Time": 472.641,
                  "Actual Rows": 199941,
                  "Actual Loops": 4,
                  "Inner Unique": true,
                  "Hash Cond": "(mc.movie_id = t.id)",
                  "Plans": [
                    {
                      "Node Type": "Seq Scan",
                      "Parent Relationship": "Outer",
                      "Parallel Aware": true,
                      "Relation Name": "movie_companies",
                      "Alias": "mc",
                      "Startup Cost": 0.0,
                      "Total Cost": 29310.68,
                      "Plan Rows": 379959,
                      "Plan Width": 4,
                      "Actual Startup Time": 9.987,
                      "Actual Total Time": 69.46,
                      "Actual Rows": 292570,
                      "Actual Loops": 4,
                      "Filter": "(company_id > 12808)",
                      "Rows Removed by Filter": 359713
                    },
                    {
                      "Node Type": "Hash",
                      "Parent Relationship": "Inner",
                      "Parallel Aware": true,
                      "Startup Cost": 43899.32,
                      "Total Cost": 43899.32,
                      "Plan Rows": 494035,
                      "Plan Width": 4,
                      "Actual Startup Time": 299.254,
                      "Actual Total Time": 299.255,
                      "Actual Rows": 490547,
                      "Actual Loops": 4,
                      "Hash Buckets": 2097152,
                      "Original Hash Buckets": 2097152,
                      "Hash Batches": 1,
                      "Original Hash Batches": 1,
                      "Peak Memory Usage": 93216,
                      "Plans": [
                        {
                          "Node Type": "Seq Scan",
                          "Parent Relationship": "Outer",
                          "Parallel Aware": true,
                          "Relation Name": "title",
                          "Alias": "t",
                          "Startup Cost": 0.0,
                          "Total Cost": 43899.32,
                          "Plan Rows": 494035,
                          "Plan Width": 4,
                          "Actual Startup Time": 0.026,
                          "Actual Total Time": 120.703,
                          "Actual Rows": 490547,
                          "Actual Loops": 4,
                          "Filter": "(production_year > 1978)",
                          "Rows Removed by Filter": 141531
                        }
                      ]
                    }
                  ]
                }
              ]
            }
          ]
        }
      ]
    },
    "Planning Time": 0.657,
    "Triggers": [],
    "Execution Time": 515.734
  }
]