[
  {
    "Plan": {
      "Node Type": "Aggregate",
      "Strategy": "Plain",
      "Partial Mode": "Finalize",
      "Parallel Aware": false,
      "Startup Cost": 46161.99,
      "Total Cost": 46162.0,
      "Plan Rows": 1,
      "Plan Width": 8,
      "Actual Startup Time": 172.209,
      "Actual Total Time": 181.531,
      "Actual Rows": 1,
      "Actual Loops": 1,
      "Plans": [
        {
          "Node Type": "Gather",
          "Parent Relationship": "Outer",
          "Parallel Aware": false,
          "Startup Cost": 46161.67,
          "Total Cost": 46161.98,
          "Plan Rows": 3,
          "Plan Width": 8,
          "Actual Startup Time": 172.04,
          "Actual Total Time": 181.523,
          "Actual Rows": 4,
          "Actual Loops": 1,
          "Workers Planned": 3,
          "Workers Launched": 3,
          "Single Copy": false,
          "Plans": [
            {
              "Node Type": "Aggregate",
              "Strategy": "Plain",
              "Partial Mode": "Partial",
              "Parent Relationship": "Outer",
              "Parallel Aware": false,
              "Startup Cost": 45161.67,
              "Total Cost": 45161.68,
              "Plan Rows": 1,
              "Plan Width": 8,
              "Actual Startup Time": 163.635,
              "Actual Total Time": 163.637,
              "Actual Rows": 1,
              "Actual Loops": 4,
              "Plans": [
                {
                  "Node Type": "Seq Scan",
                  "Parent Relationship": "Outer",
                  "Parallel Aware": true,
                  "Relation Name": "movie_keyword",
                  "Alias": "mk",
                  "Startup Cost": 0.0,
                  "Total Cost": 42695.65,
                  "Plan Rows": 986407,
                  "Plan Width": 0,
                  "Actual Startup Time": 0.329,
                  "Actual Total Time": 127.078,
                  "Actual Rows": 760588,
                  "Actual Loops": 4,
                  "Filter": "(keyword_id > 2114)",
                  "Rows Removed by Filter": 370394
                }
              ]
            }
          ]
        }
      ]
    },
    "Planning Time": 0.157,
    "Triggers": [],
    "Execution Time": 181.583
  }
]