{
  "Plan": {
    "Node Type": "Aggregate",
    "Strategy": "Plain",
    "Partial Mode": "Simple",
    "Parallel Aware": false,
    "Startup Cost": 1448166.18,
    "Total Cost": 1448166.19,
    "Plan Rows": 1,
    "Plan Width": 64,
    "Actual Startup Time": 5270.483,
    "Actual Total Time": 5270.738,
    "Actual Rows": 1,
    "Actual Loops": 1,
    "Plans": [
      {
        "Node Type": "Merge Join",
        "Parent Relationship": "Outer",
        "Parallel Aware": false,
        "Join Type": "Inner",
        "Startup Cost": 1435490.29,
        "Total Cost": 1448166.17,
        "Plan Rows": 1,
        "Plan Width": 32,
        "Actual Startup Time": 5269.301,
        "Actual Total Time": 5270.725,
        "Actual Rows": 15,
        "Actual Loops": 1,
        "Inner Unique": false,
        "Merge Cond": "(cn.id = mc.company_id)",
        "Plans": [
          {
            "Node Type": "Index Scan",
            "Parent Relationship": "Outer",
            "Parallel Aware": false,
            "Scan Direction": "Forward",
            "Index Name": "company_name_pkey",
            "Relation Name": "company_name",
            "Alias": "cn",
            "Startup Cost": 0.42,
            "Total Cost": 12469.43,
            "Plan Rows": 85931,
            "Plan Width": 4,
            "Actual Startup Time": 0.025,
            "Actual Total Time": 1.813,
            "Actual Rows": 926,
            "Actual Loops": 1,
            "Filter": "((country_code)::text = '[us]'::text)",
            "Rows Removed by Filter": 1641
          },
          {
            "Node Type": "Sort",
            "Parent Relationship": "Inner",
            "Parallel Aware": false,
            "Startup Cost": 1435489.87,
            "Total Cost": 1435489.88,
            "Plan Rows": 1,
            "Plan Width": 36,
            "Actual Startup Time": 5268.607,
            "Actual Total Time": 5268.862,
            "Actual Rows": 15,
            "Actual Loops": 1,
            "Sort Key": [
              "mc.company_id"
            ],
            "Sort Method": "quicksort",
            "Sort Space Used": 26,
            "Sort Space Type": "Memory",
            "Plans": [
              {
                "Node Type": "Merge Join",
                "Parent Relationship": "Outer",
                "Parallel Aware": false,
                "Join Type": "Inner",
                "Startup Cost": 1434953.95,
                "Total Cost": 1435489.86,
                "Plan Rows": 1,
                "Plan Width": 36,
                "Actual Startup Time": 5268.592,
                "Actual Total Time": 5268.849,
                "Actual Rows": 15,
                "Actual Loops": 1,
                "Inner Unique": false,
                "Merge Cond": "(t.id = mc.movie_id)",
                "Plans": [
                  {
                    "Node Type": "Sort",
                    "Parent Relationship": "Outer",
                    "Parallel Aware": false,
                    "Startup Cost": 1368632.94,
                    "Total Cost": 1368632.94,
                    "Plan Rows": 1,
                    "Plan Width": 44,
                    "Actual Startup Time": 4908.903,
                    "Actual Total Time": 4909.131,
                    "Actual Rows": 5,
                    "Actual Loops": 1,
                    "Sort Key": [
                      "t.id"
                    ],
                    "Sort Method": "quicksort",
                    "Sort Space Used": 25,
                    "Sort Space Type": "Memory",
                    "Plans": [
                      {
                        "Node Type": "Merge Join",
                        "Parent Relationship": "Outer",
                        "Parallel Aware": false,
                        "Join Type": "Inner",
                        "Startup Cost": 1368632.9,
                        "Total Cost": 1368632.93,
                        "Plan Rows": 1,
                        "Plan Width": 44,
                        "Actual Startup Time": 4908.896,
                        "Actual Total Time": 4909.123,
                        "Actual Rows": 5,
                        "Actual Loops": 1,
                        "Inner Unique": true,
                        "Merge Cond": "(mi.info_type_id = it.id)",
                        "Plans": [
                          {
                            "Node Type": "Sort",
                            "Parent Relationship": "Outer",
                            "Parallel Aware": false,
                            "Startup Cost": 1368630.48,
                            "Total Cost": 1368630.49,
                            "Plan Rows": 1,
                            "Plan Width": 48,
                            "Actual Startup Time": 4908.863,
                            "Actual Total Time": 4909.087,
                            "Actual Rows": 5,
                            "Actual Loops": 1,
                            "Sort Key": [
                              "mi.info_type_id"
                            ],
                            "Sort Method": "quicksort",
                            "Sort Space Used": 25,
                            "Sort Space Type": "Memory",
                            "Plans": [
                              {
                                "Node Type": "Merge Join",
                                "Parent Relationship": "Outer",
                                "Parallel Aware": false,
                                "Join Type": "Inner",
                                "Startup Cost": 1367846.06,
                                "Total Cost": 1368630.47,
                                "Plan Rows": 1,
                                "Plan Width": 48,
                                "Actual Startup Time": 4908.852,
                                "Actual Total Time": 4909.079,
                                "Actual Rows": 5,
                                "Actual Loops": 1,
                                "Inner Unique": false,
                                "Merge Cond": "(t.id = mi.movie_id)",
                                "Plans": [
                                  {
                                    "Node Type": "Sort",
                                    "Parent Relationship": "Outer",
                                    "Parallel Aware": false,
                                    "Startup Cost": 1044434.36,
                                    "Total Cost": 1044434.36,
                                    "Plan Rows": 1,
                                    "Plan Width": 40,
                                    "Actual Startup Time": 4030.049,
                                    "Actual Total Time": 4030.237,
                                    "Actual Rows": 5,
                                    "Actual Loops": 1,
                                    "Sort Key": [
                                      "t.id"
                                    ],
                                    "Sort Method": "quicksort",
                                    "Sort Space Used": 25,
                                    "Sort Space Type": "Memory",
                                    "Plans": [
                                      {
                                        "Node Type": "Merge Join",
                                        "Parent Relationship": "Outer",
                                        "Parallel Aware": false,
                                        "Join Type": "Inner",
                                        "Startup Cost": 907868.55,
                                        "Total Cost": 1044434.35,
                                        "Plan Rows": 1,
                                        "Plan Width": 40,
                                        "Actual Startup Time": 4030.038,
                                        "Actual Total Time": 4030.228,
                                        "Actual Rows": 5,
                                        "Actual Loops": 1,
                                        "Inner Unique": false,
                                        "Merge Cond": "(chn.id = ci.person_role_id)",
                                        "Plans": [
                                          {
                                            "Node Type": "Index Only Scan",
                                            "Parent Relationship": "Outer",
                                            "Parallel Aware": false,
                                            "Scan Direction": "Forward",
                                            "Index Name": "char_name_pkey",
                                            "Relation Name": "char_name",
                                            "Alias": "chn",
                                            "Startup Cost": 0.43,
                                            "Total Cost": 128715.58,
                                            "Plan Rows": 3140252,
                                            "Plan Width": 4,
                                            "Actual Startup Time": 0.034,
                                            "Actual Total Time": 819.574,
                                            "Actual Rows": 2184245,
                                            "Actual Loops": 1,
                                            "Heap Fetches": 2184245
                                          },
                                          {
                                            "Node Type": "Sort",
                                            "Parent Relationship": "Inner",
                                            "Parallel Aware": false,
                                            "Startup Cost": 907868.12,
                                            "Total Cost": 907868.12,
                                            "Plan Rows": 1,
                                            "Plan Width": 44,
                                            "Actual Startup Time": 3111.38,
                                            "Actual Total Time": 3111.566,
                                            "Actual Rows": 5,
                                            "Actual Loops": 1,
                                            "Sort Key": [
                                              "ci.person_role_id"
                                            ],
                                            "Sort Method": "quicksort",
                                            "Sort Space Used": 25,
                                            "Sort Space Type": "Memory",
                                            "Plans": [
                                              {
                                                "Node Type": "Merge Join",
                                                "Parent Relationship": "Outer",
                                                "Parallel Aware": false,
                                                "Join Type": "Inner",
                                                "Startup Cost": 833587.23,
                                                "Total Cost": 907868.11,
                                                "Plan Rows": 1,
                                                "Plan Width": 44,
                                                "Actual Startup Time": 3111.367,
                                                "Actual Total Time": 3111.556,
                                                "Actual Rows": 5,
                                                "Actual Loops": 1,
                                                "Inner Unique": false,
                                                "Merge Cond": "(an.person_id = n.id)",
                                                "Plans": [
                                                  {
                                                    "Node Type": "Index Only Scan",
                                                    "Parent Relationship": "Outer",
                                                    "Parallel Aware": false,
                                                    "Scan Direction": "Forward",
                                                    "Index Name": "person_id_aka_name",
                                                    "Relation Name": "aka_name",
                                                    "Alias": "an",
                                                    "Startup Cost": 0.42,
                                                    "Total Cost": 72027.93,
                                                    "Plan Rows": 901343,
                                                    "Plan Width": 4,
                                                    "Actual Startup Time": 0.033,
                                                    "Actual Total Time": 129.402,
                                                    "Actual Rows": 469059,
                                                    "Actual Loops": 1,
                                                    "Heap Fetches": 469059
                                                  },
                                                  {
                                                    "Node Type": "Sort",
                                                    "Parent Relationship": "Inner",
                                                    "Parallel Aware": false,
                                                    "Startup Cost": 833586.8,
                                                    "Total Cost": 833586.81,
                                                    "Plan Rows": 1,
                                                    "Plan Width": 52,
                                                    "Actual Startup Time": 2961.419,
                                                    "Actual Total Time": 2961.603,
                                                    "Actual Rows": 1,
                                                    "Actual Loops": 1,
                                                    "Sort Key": [
                                                      "ci.person_id"
                                                    ],
                                                    "Sort Method": "quicksort",
                                                    "Sort Space Used": 25,
                                                    "Sort Space Type": "Memory",
                                                    "Plans": [
                                                      {
                                                        "Node Type": "Merge Join",
                                                        "Parent Relationship": "Outer",
                                                        "Parallel Aware": false,
                                                        "Join Type": "Inner",
                                                        "Startup Cost": 833586.77,
                                                        "Total Cost": 833586.79,
                                                        "Plan Rows": 1,
                                                        "Plan Width": 52,
                                                        "Actual Startup Time": 2961.415,
                                                        "Actual Total Time": 2961.599,
                                                        "Actual Rows": 1,
                                                        "Actual Loops": 1,
                                                        "Inner Unique": true,
                                                        "Merge Cond": "(ci.role_id = rt.id)",
                                                        "Plans": [
                                                          {
                                                            "Node Type": "Sort",
                                                            "Parent Relationship": "Outer",
                                                            "Parallel Aware": false,
                                                            "Startup Cost": 833585.61,
                                                            "Total Cost": 833585.61,
                                                            "Plan Rows": 1,
                                                            "Plan Width": 56,
                                                            "Actual Startup Time": 2961.39,
                                                            "Actual Total Time": 2961.571,
                                                            "Actual Rows": 1,
                                                            "Actual Loops": 1,
                                                            "Sort Key": [
                                                              "ci.role_id"
                                                            ],
                                                            "Sort Method": "quicksort",
                                                            "Sort Space Used": 25,
                                                            "Sort Space Type": "Memory",
                                                            "Plans": [
                                                              {
                                                                "Node Type": "Merge Join",
                                                                "Parent Relationship": "Outer",
                                                                "Parallel Aware": false,
                                                                "Join Type": "Inner",
                                                                "Startup Cost": 833585.08,
                                                                "Total Cost": 833585.6,
                                                                "Plan Rows": 1,
                                                                "Plan Width": 56,
                                                                "Actual Startup Time": 2961.189,
                                                                "Actual Total Time": 2961.565,
                                                                "Actual Rows": 1,
                                                                "Actual Loops": 1,
                                                                "Inner Unique": true,
                                                                "Merge Cond": "(ci.person_id = n.id)",
                                                                "Plans": [
                                                                  {
                                                                    "Node Type": "Sort",
                                                                    "Parent Relationship": "Outer",
                                                                    "Parallel Aware": false,
                                                                    "Startup Cost": 740188.35,
                                                                    "Total Cost": 740188.37,
                                                                    "Plan Rows": 7,
                                                                    "Plan Width": 37,
                                                                    "Actual Startup Time": 2687.394,
                                                                    "Actual Total Time": 2687.541,
                                                                    "Actual Rows": 71,
                                                                    "Actual Loops": 1,
                                                                    "Sort Key": [
                                                                      "ci.person_id"
                                                                    ],
                                                                    "Sort Method": "quicksort",
                                                                    "Sort Space Used": 31,
                                                                    "Sort Space Type": "Memory",
                                                                    "Plans": [
                                                                      {
                                                                        "Node Type": "Merge Join",
                                                                        "Parent Relationship": "Outer",
                                                                        "Parallel Aware": false,
                                                                        "Join Type": "Inner",
                                                                        "Startup Cost": 736320.57,
                                                                        "Total Cost": 740188.25,
                                                                        "Plan Rows": 7,
                                                                        "Plan Width": 37,
                                                                        "Actual Startup Time": 2616.967,
                                                                        "Actual Total Time": 2687.513,
                                                                        "Actual Rows": 71,
                                                                        "Actual Loops": 1,
                                                                        "Inner Unique": false,
                                                                        "Merge Cond": "(t.id = ci.movie_id)",
                                                                        "Plans": [
                                                                          {
                                                                            "Node Type": "Sort",
                                                                            "Parent Relationship": "Outer",
                                                                            "Parallel Aware": false,
                                                                            "Startup Cost": 63029.59,
                                                                            "Total Cost": 63029.65,
                                                                            "Plan Rows": 23,
                                                                            "Plan Width": 21,
                                                                            "Actual Startup Time": 154.866,
                                                                            "Actual Total Time": 154.977,
                                                                            "Actual Rows": 7,
                                                                            "Actual Loops": 1,
                                                                            "Sort Key": [
                                                                              "t.id"
                                                                            ],
                                                                            "Sort Method": "quicksort",
                                                                            "Sort Space Used": 25,
                                                                            "Sort Space Type": "Memory",
                                                                            "Plans": [
                                                                              {
                                                                                "Node Type": "Gather",
                                                                                "Parent Relationship": "Outer",
                                                                                "Parallel Aware": false,
                                                                                "Startup Cost": 1000.0,
                                                                                "Total Cost": 63029.07,
                                                                                "Plan Rows": 23,
                                                                                "Plan Width": 21,
                                                                                "Actual Startup Time": 30.499,
                                                                                "Actual Total Time": 154.955,
                                                                                "Actual Rows": 7,
                                                                                "Actual Loops": 1,
                                                                                "Workers Planned": 1,
                                                                                "Workers Launched": 1,
                                                                                "Single Copy": false,
                                                                                "Plans": [
                                                                                  {
                                                                                    "Node Type": "Seq Scan",
                                                                                    "Parent Relationship": "Outer",
                                                                                    "Parallel Aware": true,
                                                                                    "Relation Name": "title",
                                                                                    "Alias": "t",
                                                                                    "Startup Cost": 0.0,
                                                                                    "Total Cost": 62026.77,
                                                                                    "Plan Rows": 14,
                                                                                    "Plan Width": 21,
                                                                                    "Actual Startup Time": 27.524,
                                                                                    "Actual Total Time": 148.705,
                                                                                    "Actual Rows": 4,
                                                                                    "Actual Loops": 2,
                                                                                    "Filter": "((production_year >= 2007) AND (production_year <= 2008) AND (title ~~ '%Kung%Fu%Panda%'::text))",
                                                                                    "Rows Removed by Filter": 1264152
                                                                                  }
                                                                                ]
                                                                              }
                                                                            ]
                                                                          },
                                                                          {
                                                                            "Node Type": "Sort",
                                                                            "Parent Relationship": "Inner",
                                                                            "Parallel Aware": false,
                                                                            "Startup Cost": 673290.98,
                                                                            "Total Cost": 675224.73,
                                                                            "Plan Rows": 773500,
                                                                            "Plan Width": 16,
                                                                            "Actual Startup Time": 2451.676,
                                                                            "Actual Total Time": 2494.422,
                                                                            "Actual Rows": 619340,
                                                                            "Actual Loops": 1,
                                                                            "Sort Key": [
                                                                              "ci.movie_id"
                                                                            ],
                                                                            "Sort Method": "quicksort",
                                                                            "Sort Space Used": 58037,
                                                                            "Sort Space Type": "Memory",
                                                                            "Plans": [
                                                                              {
                                                                                "Node Type": "Gather",
                                                                                "Parent Relationship": "Outer",
                                                                                "Parallel Aware": false,
                                                                                "Startup Cost": 1000.0,
                                                                                "Total Cost": 597638.65,
                                                                                "Plan Rows": 773500,
                                                                                "Plan Width": 16,
                                                                                "Actual Startup Time": 0.265,
                                                                                "Actual Total Time": 2308.597,
                                                                                "Actual Rows": 713828,
                                                                                "Actual Loops": 1,
                                                                                "Workers Planned": 1,
                                                                                "Workers Launched": 0,
                                                                                "Single Copy": false,
                                                                                "Plans": [
                                                                                  {
                                                                                    "Node Type": "Seq Scan",
                                                                                    "Parent Relationship": "Outer",
                                                                                    "Parallel Aware": true,
                                                                                    "Relation Name": "cast_info",
                                                                                    "Alias": "ci",
                                                                                    "Startup Cost": 0.0,
                                                                                    "Total Cost": 519288.65,
                                                                                    "Plan Rows": 455000,
                                                                                    "Plan Width": 16,
                                                                                    "Actual Startup Time": 0.013,
                                                                                    "Actual Total Time": 2266.749,
                                                                                    "Actual Rows": 713828,
                                                                                    "Actual Loops": 1,
                                                                                    "Filter": "(note = '(voice)'::text)",
                                                                                    "Rows Removed by Filter": 35530516
                                                                                  }
                                                                                ]
                                                                              }
                                                                            ]
                                                                          }
                                                                        ]
                                                                      }
                                                                    ]
                                                                  },
                                                                  {
                                                                    "Node Type": "Sort",
                                                                    "Parent Relationship": "Inner",
                                                                    "Parallel Aware": false,
                                                                    "Startup Cost": 93396.73,
                                                                    "Total Cost": 93396.97,
                                                                    "Plan Rows": 96,
                                                                    "Plan Width": 19,
                                                                    "Actual Startup Time": 273.475,
                                                                    "Actual Total Time": 273.742,
                                                                    "Actual Rows": 4973,
                                                                    "Actual Loops": 1,
                                                                    "Sort Key": [
                                                                      "n.id"
                                                                    ],
                                                                    "Sort Method": "quicksort",
                                                                    "Sort Space Used": 603,
                                                                    "Sort Space Type": "Memory",
                                                                    "Plans": [
                                                                      {
                                                                        "Node Type": "Gather",
                                                                        "Parent Relationship": "Outer",
                                                                        "Parallel Aware": false,
                                                                        "Startup Cost": 1000.0,
                                                                        "Total Cost": 93393.57,
                                                                        "Plan Rows": 96,
                                                                        "Plan Width": 19,
                                                                        "Actual Startup Time": 124.429,
                                                                        "Actual Total Time": 272.467,
                                                                        "Actual Rows": 5409,
                                                                        "Actual Loops": 1,
                                                                        "Workers Planned": 1,
                                                                        "Workers Launched": 1,
                                                                        "Single Copy": false,
                                                                        "Plans": [
                                                                          {
                                                                            "Node Type": "Seq Scan",
                                                                            "Parent Relationship": "Outer",
                                                                            "Parallel Aware": true,
                                                                            "Relation Name": "name",
                                                                            "Alias": "n",
                                                                            "Startup Cost": 0.0,
                                                                            "Total Cost": 92383.97,
                                                                            "Plan Rows": 56,
                                                                            "Plan Width": 19,
                                                                            "Actual Startup Time": 118.711,
                                                                            "Actual Total Time": 266.092,
                                                                            "Actual Rows": 2704,
                                                                            "Actual Loops": 2,
                                                                            "Filter": "((name ~~ '%Angel%'::text) AND ((gender)::text = 'f'::text))",
                                                                            "Rows Removed by Filter": 2081041
                                                                          }
                                                                        ]
                                                                      }
                                                                    ]
                                                                  }
                                                                ]
                                                              }
                                                            ]
                                                          },
                                                          {
                                                            "Node Type": "Sort",
                                                            "Parent Relationship": "Inner",
                                                            "Parallel Aware": false,
                                                            "Startup Cost": 1.16,
                                                            "Total Cost": 1.16,
                                                            "Plan Rows": 1,
                                                            "Plan Width": 4,
                                                            "Actual Startup Time": 0.023,
                                                            "Actual Total Time": 0.024,
                                                            "Actual Rows": 1,
                                                            "Actual Loops": 1,
                                                            "Sort Key": [
                                                              "rt.id"
                                                            ],
                                                            "Sort Method": "quicksort",
                                                            "Sort Space Used": 25,
                                                            "Sort Space Type": "Memory",
                                                            "Plans": [
                                                              {
                                                                "Node Type": "Seq Scan",
                                                                "Parent Relationship": "Outer",
                                                                "Parallel Aware": false,
                                                                "Relation Name": "role_type",
                                                                "Alias": "rt",
                                                                "Startup Cost": 0.0,
                                                                "Total Cost": 1.15,
                                                                "Plan Rows": 1,
                                                                "Plan Width": 4,
                                                                "Actual Startup Time": 0.013,
                                                                "Actual Total Time": 0.015,
                                                                "Actual Rows": 1,
                                                                "Actual Loops": 1,
                                                                "Filter": "((role)::text = 'actress'::text)",
                                                                "Rows Removed by Filter": 11
                                                              }
                                                            ]
                                                          }
                                                        ]
                                                      }
                                                    ]
                                                  }
                                                ]
                                              }
                                            ]
                                          }
                                        ]
                                      }
                                    ]
                                  },
                                  {
                                    "Node Type": "Sort",
                                    "Parent Relationship": "Inner",
                                    "Parallel Aware": false,
                                    "Startup Cost": 323411.7,
                                    "Total Cost": 323803.9,
                                    "Plan Rows": 156879,
                                    "Plan Width": 8,
                                    "Actual Startup Time": 873.922,
                                    "Actual Total Time": 875.946,
                                    "Actual Rows": 54277,
                                    "Actual Loops": 1,
                                    "Sort Key": [
                                      "mi.movie_id"
                                    ],
                                    "Sort Method": "quicksort",
                                    "Sort Space Used": 6329,
                                    "Sort Space Type": "Memory",
                                    "Plans": [
                                      {
                                        "Node Type": "Gather",
                                        "Parent Relationship": "Outer",
                                        "Parallel Aware": false,
                                        "Startup Cost": 1000.0,
                                        "Total Cost": 309873.6,
                                        "Plan Rows": 156879,
                                        "Plan Width": 8,
                                        "Actual Startup Time": 233.054,
                                        "Actual Total Time": 863.089,
                                        "Actual Rows": 69478,
                                        "Actual Loops": 1,
                                        "Workers Planned": 1,
                                        "Workers Launched": 1,
                                        "Single Copy": false,
                                        "Plans": [
                                          {
                                            "Node Type": "Seq Scan",
                                            "Parent Relationship": "Outer",
                                            "Parallel Aware": true,
                                            "Relation Name": "movie_info",
                                            "Alias": "mi",
                                            "Startup Cost": 0.0,
                                            "Total Cost": 293185.7,
                                            "Plan Rows": 92282,
                                            "Plan Width": 8,
                                            "Actual Startup Time": 227.326,
                                            "Actual Total Time": 853.408,
                                            "Actual Rows": 34739,
                                            "Actual Loops": 2,
                                            "Filter": "((info IS NOT NULL) AND ((info ~~ 'Japan:%2007%'::text) OR (info ~~ 'USA:%2008%'::text)))",
                                            "Rows Removed by Filter": 7383121
                                          }
                                        ]
                                      }
                                    ]
                                  }
                                ]
                              }
                            ]
                          },
                          {
                            "Node Type": "Sort",
                            "Parent Relationship": "Inner",
                            "Parallel Aware": false,
                            "Startup Cost": 2.42,
                            "Total Cost": 2.43,
                            "Plan Rows": 1,
                            "Plan Width": 4,
                            "Actual Startup Time": 0.03,
                            "Actual Total Time": 0.031,
                            "Actual Rows": 1,
                            "Actual Loops": 1,
                            "Sort Key": [
                              "it.id"
                            ],
                            "Sort Method": "quicksort",
                            "Sort Space Used": 25,
                            "Sort Space Type": "Memory",
                            "Plans": [
                              {
                                "Node Type": "Seq Scan",
                                "Parent Relationship": "Outer",
                                "Parallel Aware": false,
                                "Relation Name": "info_type",
                                "Alias": "it",
                                "Startup Cost": 0.0,
                                "Total Cost": 2.41,
                                "Plan Rows": 1,
                                "Plan Width": 4,
                                "Actual Startup Time": 0.017,
                                "Actual Total Time": 0.022,
                                "Actual Rows": 1,
                                "Actual Loops": 1,
                                "Filter": "((info)::text = 'release dates'::text)",
                                "Rows Removed by Filter": 112
                              }
                            ]
                          }
                        ]
                      }
                    ]
                  },
                  {
                    "Node Type": "Sort",
                    "Parent Relationship": "Inner",
                    "Parallel Aware": false,
                    "Startup Cost": 66321.01,
                    "Total Cost": 66588.96,
                    "Plan Rows": 107178,
                    "Plan Width": 8,
                    "Actual Startup Time": 349.516,
                    "Actual Total Time": 353.747,
                    "Actual Rows": 124085,
                    "Actual Loops": 1,
                    "Sort Key": [
                      "mc.movie_id"
                    ],
                    "Sort Method": "quicksort",
                    "Sort Space Used": 15450,
                    "Sort Space Type": "Memory",
                    "Plans": [
                      {
                        "Node Type": "Gather",
                        "Parent Relationship": "Outer",
                        "Parallel Aware": false,
                        "Startup Cost": 1000.0,
                        "Total Cost": 57366.48,
                        "Plan Rows": 107178,
                        "Plan Width": 8,
                        "Actual Startup Time": 0.289,
                        "Actual Total Time": 317.095,
                        "Actual Rows": 198519,
                        "Actual Loops": 1,
                        "Workers Planned": 1,
                        "Workers Launched": 0,
                        "Single Copy": false,
                        "Plans": [
                          {
                            "Node Type": "Seq Scan",
                            "Parent Relationship": "Outer",
                            "Parallel Aware": true,
                            "Relation Name": "movie_companies",
                            "Alias": "mc",
                            "Startup Cost": 0.0,
                            "Total Cost": 45648.68,
                            "Plan Rows": 63046,
                            "Plan Width": 8,
                            "Actual Startup Time": 0.009,
                            "Actual Total Time": 305.489,
                            "Actual Rows": 198519,
                            "Actual Loops": 1,
                            "Filter": "((note ~~ '%(200%)%'::text) AND ((note ~~ '%(USA)%'::text) OR (note ~~ '%(worldwide)%'::text)))",
                            "Rows Removed by Filter": 2410610
                          }
                        ]
                      }
                    ]
                  }
                ]
              }
            ]
          }
        ]
      }
    ]
  },
  "Planning Time": 4.131,
  "Triggers": [],
  "Execution Time": 5271.019
}