[
  {
    "Plan": {
      "Node Type": "Aggregate",
      "Strategy": "Plain",
      "Partial Mode": "Finalize",
      "Parallel Aware": false,
      "Startup Cost": 100476.84,
      "Total Cost": 100476.85,
      "Plan Rows": 1,
      "Plan Width": 8,
      "Actual Startup Time": 628.87,
      "Actual Total Time": 645.285,
      "Actual Rows": 1,
      "Actual Loops": 1,
      "Plans": [
        {
          "Node Type": "Gather",
          "Parent Relationship": "Outer",
          "Parallel Aware": false,
          "Startup Cost": 100476.62,
          "Total Cost": 100476.83,
          "Plan Rows": 2,
          "Plan Width": 8,
          "Actual Startup Time": 624.466,
          "Actual Total Time": 645.277,
          "Actual Rows": 3,
          "Actual Loops": 1,
          "Workers Planned": 2,
          "Workers Launched": 2,
          "Single Copy": false,
          "Plans": [
            {
              "Node Type": "Aggregate",
              "Strategy": "Plain",
              "Partial Mode": "Partial",
              "Parent Relationship": "Outer",
              "Parallel Aware": false,
              "Startup Cost": 99476.62,
              "Total Cost": 99476.63,
              "Plan Rows": 1,
              "Plan Width": 8,
              "Actual Startup Time": 617.129,
              "Actual Total Time": 617.456,
              "Actual Rows": 1,
              "Actual Loops": 3,
              "Plans": [
                {
                  "Node Type": "Hash Join",
                  "Parent Relationship": "Outer",
                  "Parallel Aware": true,
                  "Join Type": "Inner",
                  "Startup Cost": 82792.85,
                  "Total Cost": 99055.46,
                  "Plan Rows": 168465,
                  "Plan Width": 0,
                  "Actual Startup Time": 497.466,
                  "Actual Total Time": 609.494,
                  "Actual Rows": 195160,
                  "Actual Loops": 3,
                  "Inner Unique": false,
                  "Hash Cond": "(mi_idx.movie_id = t.id)",
                  "Plans": [
                    {
                      "Node Type": "Seq Scan",
                      "Parent Relationship": "Outer",
                      "Parallel Aware": true,
                      "Relation Name": "movie_info_idx",
                      "Alias": "mi_idx",
                      "Startup Cost": 0.0,
                      "Total Cost": 13685.15,
                      "Plan Rows": 575015,
                      "Plan Width": 4,
                      "Actual Startup Time": 0.029,
                      "Actual Total Time": 35.573,
                      "Actual Rows": 460012,
                      "Actual Loops": 3
                    },
                    {
                      "Node Type": "Hash",
                      "Parent Relationship": "Inner",
                      "Parallel Aware": true,
                      "Startup Cost": 80478.08,
                      "Total Cost": 80478.08,
                      "Plan Rows": 185182,
                      "Plan Width": 8,
                      "Actual Startup Time": 490.817,
                      "Actual Total Time": 491.142,
                      "Actual Rows": 155592,
                      "Actual Loops": 3,
                      "Hash Buckets": 1048576,
                      "Original Hash Buckets": 1048576,
                      "Hash Batches": 1,
                      "Original Hash Batches": 1,
                      "Peak Memory Usage": 26496,
                      "Plans": [
                        {
                          "Node Type": "Hash Join",
                          "Parent Relationship": "Outer",
                          "Parallel Aware": true,
                          "Join Type": "Inner",
                          "Startup Cost": 34401.62,
                          "Total Cost": 80478.08,
                          "Plan Rows": 185182,
                          "Plan Width": 8,
                          "Actual Startup Time": 149.971,
                          "Actual Total Time": 435.475,
                          "Actual Rows": 155592,
                          "Actual Loops": 3,
                          "Inner Unique": false,
                          "Hash Cond": "(t.id = mc.movie_id)",
                          "Plans": [
                            {
                              "Node Type": "Seq Scan",
                              "Parent Relationship": "Outer",
                              "Parallel Aware": true,
                              "Relation Name": "title",
                              "Alias": "t",
                              "Startup Cost": 0.0,
                              "Total Cost": 42318.73,
                              "Plan Rows": 632073,
                              "Plan Width": 4,
                              "Actual Startup Time": 0.011,
                              "Actual Total Time": 92.25,
                              "Actual Rows": 842771,
                              "Actual Loops": 3
                            },
                            {
                              "Node Type": "Hash",
                              "Parent Relationship": "Inner",
                              "Parallel Aware": true,
                              "Startup Cost": 31414.82,
                              "Total Cost": 31414.82,
                              "Plan Rows": 238944,
                              "Plan Width": 4,
                              "Actual Startup Time": 146.417,
                              "Actual Total Time": 146.418,
                              "Actual Rows": 155592,
                              "Actual Loops": 3,
                              "Hash Buckets": 1048576,
                              "Original Hash Buckets": 1048576,
                              "Hash Batches": 1,
                              "Original Hash Batches": 1,
                              "Peak Memory Usage": 26464,
                              "Plans": [
                                {
                                  "Node Type": "Seq Scan",
                                  "Parent Relationship": "Outer",
                                  "Parallel Aware": true,
                                  "Relation Name": "movie_companies",
                                  "Alias": "mc",
                                  "Startup Cost": 0.0,
                                  "Total Cost": 31414.82,
                                  "Plan Rows": 238944,
                                  "Plan Width": 4,
                                  "Actual Startup Time": 54.394,
                                  "Actual Total Time": 96.636,
                                  "Actual Rows": 155592,
                                  "Actual Loops": 3,
                                  "Filter": "((company_id < 13114) AND (company_type_id = 2))",
                                  "Rows Removed by Filter": 714118
                                }
                              ]
                            }
                          ]
                        }
                      ]
                    }
                  ]
                }
              ]
            }
          ]
        }
      ]
    },
    "Planning Time": 1.305,
    "Triggers": [],
    "Execution Time": 645.354
  }
]