[
  {
    "Plan": {
      "Node Type": "Aggregate",
      "Strategy": "Plain",
      "Partial Mode": "Finalize",
      "Parallel Aware": false,
      "Startup Cost": 31475.97,
      "Total Cost": 31475.98,
      "Plan Rows": 1,
      "Plan Width": 8,
      "Actual Startup Time": 111.797,
      "Actual Total Time": 117.859,
      "Actual Rows": 1,
      "Actual Loops": 1,
      "Plans": [
        {
          "Node Type": "Gather",
          "Parent Relationship": "Outer",
          "Parallel Aware": false,
          "Startup Cost": 31475.65,
          "Total Cost": 31475.96,
          "Plan Rows": 3,
          "Plan Width": 8,
          "Actual Startup Time": 111.67,
          "Actual Total Time": 117.852,
          "Actual Rows": 4,
          "Actual Loops": 1,
          "Workers Planned": 3,
          "Workers Launched": 3,
          "Single Copy": false,
          "Plans": [
            {
              "Node Type": "Aggregate",
              "Strategy": "Plain",
              "Partial Mode": "Partial",
              "Parent Relationship": "Outer",
              "Parallel Aware": false,
              "Startup Cost": 30475.65,
              "Total Cost": 30475.66,
              "Plan Rows": 1,
              "Plan Width": 8,
              "Actual Startup Time": 104.966,
              "Actual Total Time": 104.967,
              "Actual Rows": 1,
              "Actual Loops": 4,
              "Plans": [
                {
                  "Node Type": "Seq Scan",
                  "Parent Relationship": "Outer",
                  "Parallel Aware": true,
                  "Relation Name": "movie_companies",
                  "Alias": "mc",
                  "Startup Cost": 0.0,
                  "Total Cost": 29310.68,
                  "Plan Rows": 465987,
                  "Plan Width": 0,
                  "Actual Startup Time": 18.683,
                  "Actual Total Time": 87.676,
                  "Actual Rows": 358351,
                  "Actual Loops": 4,
                  "Filter": "(company_id > 9999)",
                  "Rows Removed by Filter": 293931
                }
              ]
            }
          ]
        }
      ]
    },
    "Planning Time": 0.118,
    "Triggers": [],
    "Execution Time": 117.906
  }
]