[
  {
    "Plan": {
      "Node Type": "Aggregate",
      "Strategy": "Plain",
      "Partial Mode": "Finalize",
      "Parallel Aware": false,
      "Startup Cost": 330286.04,
      "Total Cost": 330286.05,
      "Plan Rows": 1,
      "Plan Width": 8,
      "Actual Startup Time": 1371.534,
      "Actual Total Time": 1399.891,
      "Actual Rows": 1,
      "Actual Loops": 1,
      "Plans": [
        {
          "Node Type": "Gather",
          "Parent Relationship": "Outer",
          "Parallel Aware": false,
          "Startup Cost": 330285.83,
          "Total Cost": 330286.04,
          "Plan Rows": 2,
          "Plan Width": 8,
          "Actual Startup Time": 1361.356,
          "Actual Total Time": 1399.883,
          "Actual Rows": 3,
          "Actual Loops": 1,
          "Workers Planned": 2,
          "Workers Launched": 2,
          "Single Copy": false,
          "Plans": [
            {
              "Node Type": "Aggregate",
              "Strategy": "Plain",
              "Partial Mode": "Partial",
              "Parent Relationship": "Outer",
              "Parallel Aware": false,
              "Startup Cost": 329285.83,
              "Total Cost": 329285.84,
              "Plan Rows": 1,
              "Plan Width": 8,
              "Actual Startup Time": 1350.98,
              "Actual Total Time": 1350.987,
              "Actual Rows": 1,
              "Actual Loops": 3,
              "Plans": [
                {
                  "Node Type": "Hash Join",
                  "Parent Relationship": "Outer",
                  "Parallel Aware": true,
                  "Join Type": "Inner",
                  "Startup Cost": 311599.48,
                  "Total Cost": 328178.9,
                  "Plan Rows": 442773,
                  "Plan Width": 0,
                  "Actual Startup Time": 1184.75,
                  "Actual Total Time": 1333.509,
                  "Actual Rows": 462446,
                  "Actual Loops": 3,
                  "Inner Unique": false,
                  "Hash Cond": "(mi_idx.movie_id = t.id)",
                  "Plans": [
                    {
                      "Node Type": "Seq Scan",
                      "Parent Relationship": "Outer",
                      "Parallel Aware": true,
                      "Relation Name": "movie_info_idx",
                      "Alias": "mi_idx",
                      "Startup Cost": 0.0,
                      "Total Cost": 13685.15,
                      "Plan Rows": 575015,
                      "Plan Width": 4,
                      "Actual Startup Time": 0.023,
                      "Actual Total Time": 34.09,
                      "Actual Rows": 460012,
                      "Actual Loops": 3
                    },
                    {
                      "Node Type": "Hash",
                      "Parent Relationship": "Inner",
                      "Parallel Aware": true,
                      "Startup Cost": 307543.57,
                      "Total Cost": 307543.57,
                      "Plan Rows": 324473,
                      "Plan Width": 8,
                      "Actual Startup Time": 1175.7,
                      "Actual Total Time": 1175.705,
                      "Actual Rows": 339840,
                      "Actual Loops": 3,
                      "Hash Buckets": 2097152,
                      "Original Hash Buckets": 2097152,
                      "Hash Batches": 1,
                      "Original Hash Batches": 1,
                      "Peak Memory Usage": 56320,
                      "Plans": [
                        {
                          "Node Type": "Hash Join",
                          "Parent Relationship": "Outer",
                          "Parallel Aware": true,
                          "Join Type": "Inner",
                          "Startup Cost": 51581.48,
                          "Total Cost": 307543.57,
                          "Plan Rows": 324473,
                          "Plan Width": 8,
                          "Actual Startup Time": 425.727,
                          "Actual Total Time": 1046.634,
                          "Actual Rows": 339840,
                          "Actual Loops": 3,
                          "Inner Unique": true,
                          "Hash Cond": "(ci.movie_id = t.id)",
                          "Plans": [
                            {
                              "Node Type": "Index Scan",
                              "Parent Relationship": "Outer",
                              "Parallel Aware": true,
                              "Scan Direction": "Forward",
                              "Index Name": "role_id_cast_info",
                              "Relation Name": "cast_info",
                              "Alias": "ci",
                              "Startup Cost": 0.56,
                              "Total Cost": 255086.64,
                              "Plan Rows": 333720,
                              "Plan Width": 4,
                              "Actual Startup Time": 0.235,
                              "Actual Total Time": 421.323,
                              "Actual Rows": 343063,
                              "Actual Loops": 3,
                              "Index Cond": "(role_id > 4)",
                              "Rows Removed by Index Recheck": 0,
                              "Filter": "(person_id < 762404)",
                              "Rows Removed by Filter": 2785172
                            },
                            {
                              "Node Type": "Hash",
                              "Parent Relationship": "Inner",
                              "Parallel Aware": true,
                              "Startup Cost": 43898.92,
                              "Total Cost": 43898.92,
                              "Plan Rows": 614560,
                              "Plan Width": 4,
                              "Actual Startup Time": 416.375,
                              "Actual Total Time": 416.376,
                              "Actual Rows": 818739,
                              "Actual Loops": 3,
                              "Hash Buckets": 4194304,
                              "Original Hash Buckets": 4194304,
                              "Hash Batches": 1,
                              "Original Hash Batches": 1,
                              "Peak Memory Usage": 128896,
                              "Plans": [
                                {
                                  "Node Type": "Seq Scan",
                                  "Parent Relationship": "Outer",
                                  "Parallel Aware": true,
                                  "Relation Name": "title",
                                  "Alias": "t",
                                  "Startup Cost": 0.0,
                                  "Total Cost": 43898.92,
                                  "Plan Rows": 614560,
                                  "Plan Width": 4,
                                  "Actual Startup Time": 0.047,
                                  "Actual Total Time": 135.579,
                                  "Actual Rows": 818739,
                                  "Actual Loops": 3,
                                  "Filter": "(production_year > 0)",
                                  "Rows Removed by Filter": 24031
                                }
                              ]
                            }
                          ]
                        }
                      ]
                    }
                  ]
                }
              ]
            }
          ]
        }
      ]
    },
    "Planning Time": 1.123,
    "Triggers": [],
    "Execution Time": 1399.978
  }
]