{
    "Plan": {
        "Node Type": "Aggregate",
        "Strategy": "Plain",
        "Partial Mode": "Finalize",
        "Parallel Aware": false,
        "Startup Cost": 334067.65,
        "Total Cost": 334067.66,
        "Plan Rows": 1,
        "Plan Width": 8,
        "Actual Startup Time": 929.53,
        "Actual Total Time": 997.948,
        "Actual Rows": 1,
        "Actual Loops": 1,
        "Output": [
            "count(*)"
        ],
        "Plans": [
            {
                "Node Type": "Gather",
                "Parent Relationship": "Outer",
                "Parallel Aware": false,
                "Startup Cost": 334067.02,
                "Total Cost": 334067.63,
                "Plan Rows": 6,
                "Plan Width": 8,
                "Actual Startup Time": 929.399,
                "Actual Total Time": 997.935,
                "Actual Rows": 7,
                "Actual Loops": 1,
                "Output": [
                    "(PARTIAL count(*))"
                ],
                "Workers Planned": 6,
                "Workers Launched": 6,
                "Single Copy": false,
                "Plans": [
                    {
                        "Node Type": "Aggregate",
                        "Strategy": "Plain",
                        "Partial Mode": "Partial",
                        "Parent Relationship": "Outer",
                        "Parallel Aware": false,
                        "Startup Cost": 333067.02,
                        "Total Cost": 333067.03,
                        "Plan Rows": 1,
                        "Plan Width": 8,
                        "Actual Startup Time": 918.992,
                        "Actual Total Time": 918.994,
                        "Actual Rows": 1,
                        "Actual Loops": 7,
                        "Output": [
                            "PARTIAL count(*)"
                        ],
                        "Workers": [
                            {
                                "Worker Number": 0,
                                "Actual Startup Time": 915.953,
                                "Actual Total Time": 915.955,
                                "Actual Rows": 1,
                                "Actual Loops": 1
                            },
                            {
                                "Worker Number": 1,
                                "Actual Startup Time": 917.054,
                                "Actual Total Time": 917.055,
                                "Actual Rows": 1,
                                "Actual Loops": 1
                            },
                            {
                                "Worker Number": 2,
                                "Actual Startup Time": 917.373,
                                "Actual Total Time": 917.373,
                                "Actual Rows": 1,
                                "Actual Loops": 1
                            },
                            {
                                "Worker Number": 3,
                                "Actual Startup Time": 917.523,
                                "Actual Total Time": 917.524,
                                "Actual Rows": 1,
                                "Actual Loops": 1
                            },
                            {
                                "Worker Number": 4,
                                "Actual Startup Time": 918.798,
                                "Actual Total Time": 918.799,
                                "Actual Rows": 1,
                                "Actual Loops": 1
                            },
                            {
                                "Worker Number": 5,
                                "Actual Startup Time": 918.071,
                                "Actual Total Time": 918.072,
                                "Actual Rows": 1,
                                "Actual Loops": 1
                            }
                        ],
                        "Plans": [
                            {
                                "Node Type": "Seq Scan",
                                "Parent Relationship": "Outer",
                                "Parallel Aware": true,
                                "Relation Name": "cast_info",
                                "Schema": "public",
                                "Alias": "ci",
                                "Startup Cost": 0.0,
                                "Total Cost": 328213.62,
                                "Plan Rows": 1941362,
                                "Plan Width": 0,
                                "Actual Startup Time": 0.08,
                                "Actual Total Time": 811.942,
                                "Actual Rows": 1672586,
                                "Actual Loops": 7,
                                "Output": [
                                    "id",
                                    "person_id",
                                    "movie_id",
                                    "person_role_id",
                                    "note",
                                    "nr_order",
                                    "role_id"
                                ],
                                "Filter": "(ci.person_id < 1149655)",
                                "Rows Removed by Filter": 3505177,
                                "Workers": [
                                    {
                                        "Worker Number": 0,
                                        "Actual Startup Time": 0.083,
                                        "Actual Total Time": 813.012,
                                        "Actual Rows": 1626689,
                                        "Actual Loops": 1
                                    },
                                    {
                                        "Worker Number": 1,
                                        "Actual Startup Time": 0.096,
                                        "Actual Total Time": 809.944,
                                        "Actual Rows": 1684619,
                                        "Actual Loops": 1
                                    },
                                    {
                                        "Worker Number": 2,
                                        "Actual Startup Time": 0.075,
                                        "Actual Total Time": 809.922,
                                        "Actual Rows": 1690359,
                                        "Actual Loops": 1
                                    },
                                    {
                                        "Worker Number": 3,
                                        "Actual Startup Time": 0.103,
                                        "Actual Total Time": 810.763,
                                        "Actual Rows": 1661264,
                                        "Actual Loops": 1
                                    },
                                    {
                                        "Worker Number": 4,
                                        "Actual Startup Time": 0.074,
                                        "Actual Total Time": 811.26,
                                        "Actual Rows": 1689190,
                                        "Actual Loops": 1
                                    },
                                    {
                                        "Worker Number": 5,
                                        "Actual Startup Time": 0.07,
                                        "Actual Total Time": 810.753,
                                        "Actual Rows": 1688311,
                                        "Actual Loops": 1
                                    }
                                ]
                            }
                        ]
                    }
                ]
            }
        ]
    },
    "Planning Time": 1.898,
    "Triggers": [],
    "Execution Time": 998.299
}