[
  {
    "Plan": {
      "Node Type": "Aggregate",
      "Strategy": "Plain",
      "Partial Mode": "Finalize",
      "Parallel Aware": false,
      "Startup Cost": 46698.65,
      "Total Cost": 46698.66,
      "Plan Rows": 1,
      "Plan Width": 8,
      "Actual Startup Time": 160.956,
      "Actual Total Time": 170.415,
      "Actual Rows": 1,
      "Actual Loops": 1,
      "Plans": [
        {
          "Node Type": "Gather",
          "Parent Relationship": "Outer",
          "Parallel Aware": false,
          "Startup Cost": 46698.33,
          "Total Cost": 46698.64,
          "Plan Rows": 3,
          "Plan Width": 8,
          "Actual Startup Time": 160.86,
          "Actual Total Time": 170.407,
          "Actual Rows": 4,
          "Actual Loops": 1,
          "Workers Planned": 3,
          "Workers Launched": 3,
          "Single Copy": false,
          "Plans": [
            {
              "Node Type": "Aggregate",
              "Strategy": "Plain",
              "Partial Mode": "Partial",
              "Parent Relationship": "Outer",
              "Parallel Aware": false,
              "Startup Cost": 45698.33,
              "Total Cost": 45698.34,
              "Plan Rows": 1,
              "Plan Width": 8,
              "Actual Startup Time": 157.598,
              "Actual Total Time": 157.599,
              "Actual Rows": 1,
              "Actual Loops": 4,
              "Plans": [
                {
                  "Node Type": "Seq Scan",
                  "Parent Relationship": "Outer",
                  "Parallel Aware": true,
                  "Relation Name": "movie_keyword",
                  "Alias": "mk",
                  "Startup Cost": 0.0,
                  "Total Cost": 42695.65,
                  "Plan Rows": 1201071,
                  "Plan Width": 0,
                  "Actual Startup Time": 0.026,
                  "Actual Total Time": 115.863,
                  "Actual Rows": 932133,
                  "Actual Loops": 4,
                  "Filter": "(keyword_id < 23375)",
                  "Rows Removed by Filter": 198850
                }
              ]
            }
          ]
        }
      ]
    },
    "Planning Time": 0.122,
    "Triggers": [],
    "Execution Time": 170.47
  }
]