{
  "Plan": {
    "Node Type": "Aggregate",
    "Strategy": "Plain",
    "Partial Mode": "Finalize",
    "Parallel Aware": false,
    "Startup Cost": 381231.08,
    "Total Cost": 381231.09,
    "Plan Rows": 1,
    "Plan Width": 8,
    "Actual Startup Time": 1357.236,
    "Actual Total Time": 1433.318,
    "Actual Rows": 1,
    "Actual Loops": 1,
    "Plans": [
      {
        "Node Type": "Gather",
        "Parent Relationship": "Outer",
        "Parallel Aware": false,
        "Startup Cost": 381230.97,
        "Total Cost": 381231.08,
        "Plan Rows": 1,
        "Plan Width": 8,
        "Actual Startup Time": 1356.195,
        "Actual Total Time": 1433.308,
        "Actual Rows": 2,
        "Actual Loops": 1,
        "Workers Planned": 1,
        "Workers Launched": 1,
        "Single Copy": false,
        "Plans": [
          {
            "Node Type": "Aggregate",
            "Strategy": "Plain",
            "Partial Mode": "Partial",
            "Parent Relationship": "Outer",
            "Parallel Aware": false,
            "Startup Cost": 380230.97,
            "Total Cost": 380230.98,
            "Plan Rows": 1,
            "Plan Width": 8,
            "Actual Startup Time": 1350.436,
            "Actual Total Time": 1350.44,
            "Actual Rows": 1,
            "Actual Loops": 2,
            "Plans": [
              {
                "Node Type": "Nested Loop",
                "Parent Relationship": "Outer",
                "Parallel Aware": false,
                "Join Type": "Inner",
                "Startup Cost": 60701.21,
                "Total Cost": 378709.21,
                "Plan Rows": 608702,
                "Plan Width": 0,
                "Actual Startup Time": 239.932,
                "Actual Total Time": 1325.115,
                "Actual Rows": 538880,
                "Actual Loops": 2,
                "Inner Unique": false,
                "Join Filter": "(t.id = ci.movie_id)",
                "Rows Removed by Join Filter": 0,
                "Plans": [
                  {
                    "Node Type": "Hash Join",
                    "Parent Relationship": "Outer",
                    "Parallel Aware": true,
                    "Join Type": "Inner",
                    "Startup Cost": 60700.64,
                    "Total Cost": 104530.68,
                    "Plan Rows": 99021,
                    "Plan Width": 8,
                    "Actual Startup Time": 239.84,
                    "Actual Total Time": 422.995,
                    "Actual Rows": 43224,
                    "Actual Loops": 2,
                    "Inner Unique": true,
                    "Hash Cond": "(mc.movie_id = t.id)",
                    "Plans": [
                      {
                        "Node Type": "Seq Scan",
                        "Parent Relationship": "Outer",
                        "Parallel Aware": true,
                        "Relation Name": "movie_companies",
                        "Alias": "mc",
                        "Startup Cost": 0.0,
                        "Total Cost": 41811.73,
                        "Plan Rows": 768881,
                        "Plan Width": 4,
                        "Actual Startup Time": 49.452,
                        "Actual Total Time": 117.08,
                        "Actual Rows": 651298,
                        "Actual Loops": 2,
                        "Filter": "((company_id < 205794) AND (company_type_id > 1))",
                        "Rows Removed by Filter": 653266
                      },
                      {
                        "Node Type": "Hash",
                        "Parent Relationship": "Inner",
                        "Parallel Aware": true,
                        "Startup Cost": 58306.47,
                        "Total Cost": 58306.47,
                        "Plan Rows": 191534,
                        "Plan Width": 4,
                        "Actual Startup Time": 184.986,
                        "Actual Total Time": 184.987,
                        "Actual Rows": 174767,
                        "Actual Loops": 2,
                        "Hash Buckets": 524288,
                        "Original Hash Buckets": 524288,
                        "Hash Batches": 1,
                        "Original Hash Batches": 1,
                        "Peak Memory Usage": 17792,
                        "Plans": [
                          {
                            "Node Type": "Seq Scan",
                            "Parent Relationship": "Outer",
                            "Parallel Aware": true,
                            "Relation Name": "title",
                            "Alias": "t",
                            "Startup Cost": 0.0,
                            "Total Cost": 58306.47,
                            "Plan Rows": 191534,
                            "Plan Width": 4,
                            "Actual Startup Time": 0.031,
                            "Actual Total Time": 144.279,
                            "Actual Rows": 174767,
                            "Actual Loops": 2,
                            "Filter": "((production_year > 2009) AND (kind_id = 7))",
                            "Rows Removed by Filter": 1089389
                          }
                        ]
                      }
                    ]
                  },
                  {
                    "Node Type": "Index Scan",
                    "Parent Relationship": "Inner",
                    "Parallel Aware": false,
                    "Scan Direction": "Forward",
                    "Index Name": "movie_id_cast_info",
                    "Relation Name": "cast_info",
                    "Alias": "ci",
                    "Startup Cost": 0.56,
                    "Total Cost": 2.57,
                    "Plan Rows": 16,
                    "Plan Width": 4,
                    "Actual Startup Time": 0.007,
                    "Actual Total Time": 0.02,
                    "Actual Rows": 12,
                    "Actual Loops": 86447,
                    "Index Cond": "(movie_id = mc.movie_id)",
                    "Rows Removed by Index Recheck": 0,
                    "Filter": "((person_id > 1649461) AND (role_id < 8))",
                    "Rows Removed by Filter": 23
                  }
                ]
              }
            ]
          }
        ]
      }
    ]
  },
  "Planning Time": 1.134,
  "Triggers": [],
  "Execution Time": 1433.425
}