[
  {
    "Plan": {
      "Node Type": "Aggregate",
      "Strategy": "Plain",
      "Partial Mode": "Finalize",
      "Parallel Aware": false,
      "Startup Cost": 61760.91,
      "Total Cost": 61760.92,
      "Plan Rows": 1,
      "Plan Width": 8,
      "Actual Startup Time": 191.238,
      "Actual Total Time": 204.794,
      "Actual Rows": 1,
      "Actual Loops": 1,
      "Plans": [
        {
          "Node Type": "Gather",
          "Parent Relationship": "Outer",
          "Parallel Aware": false,
          "Startup Cost": 61760.7,
          "Total Cost": 61760.91,
          "Plan Rows": 2,
          "Plan Width": 8,
          "Actual Startup Time": 190.999,
          "Actual Total Time": 204.787,
          "Actual Rows": 3,
          "Actual Loops": 1,
          "Workers Planned": 2,
          "Workers Launched": 2,
          "Single Copy": false,
          "Plans": [
            {
              "Node Type": "Aggregate",
              "Strategy": "Plain",
              "Partial Mode": "Partial",
              "Parent Relationship": "Outer",
              "Parallel Aware": false,
              "Startup Cost": 60760.7,
              "Total Cost": 60760.71,
              "Plan Rows": 1,
              "Plan Width": 8,
              "Actual Startup Time": 185.098,
              "Actual Total Time": 185.101,
              "Actual Rows": 1,
              "Actual Loops": 3,
              "Plans": [
                {
                  "Node Type": "Hash Join",
                  "Parent Relationship": "Outer",
                  "Parallel Aware": true,
                  "Join Type": "Inner",
                  "Startup Cost": 45552.74,
                  "Total Cost": 60747.3,
                  "Plan Rows": 5360,
                  "Plan Width": 0,
                  "Actual Startup Time": 113.959,
                  "Actual Total Time": 184.95,
                  "Actual Rows": 3187,
                  "Actual Loops": 3,
                  "Inner Unique": true,
                  "Hash Cond": "(mi_idx.movie_id = t.id)",
                  "Plans": [
                    {
                      "Node Type": "Seq Scan",
                      "Parent Relationship": "Outer",
                      "Parallel Aware": true,
                      "Relation Name": "movie_info_idx",
                      "Alias": "mi_idx",
                      "Startup Cost": 0.0,
                      "Total Cost": 13685.15,
                      "Plan Rows": 575015,
                      "Plan Width": 4,
                      "Actual Startup Time": 0.026,
                      "Actual Total Time": 34.854,
                      "Actual Rows": 460012,
                      "Actual Loops": 3
                    },
                    {
                      "Node Type": "Hash",
                      "Parent Relationship": "Inner",
                      "Parallel Aware": true,
                      "Startup Cost": 45479.1,
                      "Total Cost": 45479.1,
                      "Plan Rows": 5891,
                      "Plan Width": 4,
                      "Actual Startup Time": 112.337,
                      "Actual Total Time": 112.338,
                      "Actual Rows": 8662,
                      "Actual Loops": 3,
                      "Hash Buckets": 32768,
                      "Original Hash Buckets": 32768,
                      "Hash Batches": 1,
                      "Original Hash Batches": 1,
                      "Peak Memory Usage": 1344,
                      "Plans": [
                        {
                          "Node Type": "Seq Scan",
                          "Parent Relationship": "Outer",
                          "Parallel Aware": true,
                          "Relation Name": "title",
                          "Alias": "t",
                          "Startup Cost": 0.0,
                          "Total Cost": 45479.1,
                          "Plan Rows": 5891,
                          "Plan Width": 4,
                          "Actual Startup Time": 0.041,
                          "Actual Total Time": 108.579,
                          "Actual Rows": 8662,
                          "Actual Loops": 3,
                          "Filter": "((kind_id = 7) AND (production_year = 1997))",
                          "Rows Removed by Filter": 834109
                        }
                      ]
                    }
                  ]
                }
              ]
            }
          ]
        }
      ]
    },
    "Planning Time": 0.531,
    "Triggers": [],
    "Execution Time": 204.854
  }
]