[
  {
    "Plan": {
      "Node Type": "Aggregate",
      "Strategy": "Plain",
      "Partial Mode": "Finalize",
      "Parallel Aware": false,
      "Startup Cost": 140974.39,
      "Total Cost": 140974.4,
      "Plan Rows": 1,
      "Plan Width": 8,
      "Actual Startup Time": 1384.135,
      "Actual Total Time": 1420.267,
      "Actual Rows": 1,
      "Actual Loops": 1,
      "Plans": [
        {
          "Node Type": "Gather",
          "Parent Relationship": "Outer",
          "Parallel Aware": false,
          "Startup Cost": 140974.07,
          "Total Cost": 140974.38,
          "Plan Rows": 3,
          "Plan Width": 8,
          "Actual Startup Time": 1361.521,
          "Actual Total Time": 1420.257,
          "Actual Rows": 4,
          "Actual Loops": 1,
          "Workers Planned": 3,
          "Workers Launched": 3,
          "Single Copy": false,
          "Plans": [
            {
              "Node Type": "Aggregate",
              "Strategy": "Plain",
              "Partial Mode": "Partial",
              "Parent Relationship": "Outer",
              "Parallel Aware": false,
              "Startup Cost": 139974.07,
              "Total Cost": 139974.08,
              "Plan Rows": 1,
              "Plan Width": 8,
              "Actual Startup Time": 1343.214,
              "Actual Total Time": 1344.127,
              "Actual Rows": 1,
              "Actual Loops": 4,
              "Plans": [
                {
                  "Node Type": "Hash Join",
                  "Parent Relationship": "Outer",
                  "Parallel Aware": true,
                  "Join Type": "Inner",
                  "Startup Cost": 103744.74,
                  "Total Cost": 138243.95,
                  "Plan Rows": 692047,
                  "Plan Width": 0,
                  "Actual Startup Time": 695.015,
                  "Actual Total Time": 1177.363,
                  "Actual Rows": 4264618,
                  "Actual Loops": 4,
                  "Inner Unique": false,
                  "Hash Cond": "(mc.movie_id = t.id)",
                  "Plans": [
                    {
                      "Node Type": "Seq Scan",
                      "Parent Relationship": "Outer",
                      "Parallel Aware": true,
                      "Relation Name": "movie_companies",
                      "Alias": "mc",
                      "Startup Cost": 0.0,
                      "Total Cost": 29310.68,
                      "Plan Rows": 788299,
                      "Plan Width": 4,
                      "Actual Startup Time": 0.022,
                      "Actual Total Time": 70.807,
                      "Actual Rows": 611964,
                      "Actual Loops": 4,
                      "Filter": "(company_id < 127257)",
                      "Rows Removed by Filter": 40318
                    },
                    {
                      "Node Type": "Hash",
                      "Parent Relationship": "Inner",
                      "Parallel Aware": true,
                      "Startup Cost": 94794.79,
                      "Total Cost": 94794.79,
                      "Plan Rows": 715996,
                      "Plan Width": 8,
                      "Actual Startup Time": 683.002,
                      "Actual Total Time": 683.913,
                      "Actual Rows": 552903,
                      "Actual Loops": 4,
                      "Hash Buckets": 4194304,
                      "Original Hash Buckets": 4194304,
                      "Hash Batches": 1,
                      "Original Hash Batches": 1,
                      "Peak Memory Usage": 119360,
                      "Plans": [
                        {
                          "Node Type": "Hash Join",
                          "Parent Relationship": "Outer",
                          "Parallel Aware": true,
                          "Join Type": "Inner",
                          "Startup Cost": 50219.64,
                          "Total Cost": 94794.79,
                          "Plan Rows": 715996,
                          "Plan Width": 8,
                          "Actual Startup Time": 330.815,
                          "Actual Total Time": 551.145,
                          "Actual Rows": 552903,
                          "Actual Loops": 4,
                          "Inner Unique": true,
                          "Hash Cond": "(mk.movie_id = t.id)",
                          "Plans": [
                            {
                              "Node Type": "Seq Scan",
                              "Parent Relationship": "Outer",
                              "Parallel Aware": true,
                              "Relation Name": "movie_keyword",
                              "Alias": "mk",
                              "Startup Cost": 0.0,
                              "Total Cost": 42695.65,
                              "Plan Rows": 715996,
                              "Plan Width": 4,
                              "Actual Startup Time": 0.305,
                              "Actual Total Time": 108.704,
                              "Actual Rows": 552903,
                              "Actual Loops": 4,
                              "Filter": "(keyword_id > 4966)",
                              "Rows Removed by Filter": 578080
                            },
                            {
                              "Node Type": "Hash",
                              "Parent Relationship": "Inner",
                              "Parallel Aware": true,
                              "Startup Cost": 42318.73,
                              "Total Cost": 42318.73,
                              "Plan Rows": 632073,
                              "Plan Width": 4,
                              "Actual Startup Time": 324.714,
                              "Actual Total Time": 324.715,
                              "Actual Rows": 632078,
                              "Actual Loops": 4,
                              "Hash Buckets": 4194304,
                              "Original Hash Buckets": 4194304,
                              "Hash Batches": 1,
                              "Original Hash Batches": 1,
                              "Peak Memory Usage": 131744,
                              "Plans": [
                                {
                                  "Node Type": "Seq Scan",
                                  "Parent Relationship": "Outer",
                                  "Parallel Aware": true,
                                  "Relation Name": "title",
                                  "Alias": "t",
                                  "Startup Cost": 0.0,
                                  "Total Cost": 42318.73,
                                  "Plan Rows": 632073,
                                  "Plan Width": 4,
                                  "Actual Startup Time": 0.038,
                                  "Actual Total Time": 93.944,
                                  "Actual Rows": 632078,
                                  "Actual Loops": 4
                                }
                              ]
                            }
                          ]
                        }
                      ]
                    }
                  ]
                }
              ]
            }
          ]
        }
      ]
    },
    "Planning Time": 1.486,
    "Triggers": [],
    "Execution Time": 1420.349
  }
]