[
  {
    "Plan": {
      "Node Type": "Aggregate",
      "Strategy": "Plain",
      "Partial Mode": "Finalize",
      "Parallel Aware": false,
      "Startup Cost": 45239.77,
      "Total Cost": 45239.78,
      "Plan Rows": 1,
      "Plan Width": 8,
      "Actual Startup Time": 146.783,
      "Actual Total Time": 155.995,
      "Actual Rows": 1,
      "Actual Loops": 1,
      "Plans": [
        {
          "Node Type": "Gather",
          "Parent Relationship": "Outer",
          "Parallel Aware": false,
          "Startup Cost": 45239.45,
          "Total Cost": 45239.76,
          "Plan Rows": 3,
          "Plan Width": 8,
          "Actual Startup Time": 146.663,
          "Actual Total Time": 155.986,
          "Actual Rows": 4,
          "Actual Loops": 1,
          "Workers Planned": 3,
          "Workers Launched": 3,
          "Single Copy": false,
          "Plans": [
            {
              "Node Type": "Aggregate",
              "Strategy": "Plain",
              "Partial Mode": "Partial",
              "Parent Relationship": "Outer",
              "Parallel Aware": false,
              "Startup Cost": 44239.45,
              "Total Cost": 44239.46,
              "Plan Rows": 1,
              "Plan Width": 8,
              "Actual Startup Time": 139.954,
              "Actual Total Time": 139.955,
              "Actual Rows": 1,
              "Actual Loops": 4,
              "Plans": [
                {
                  "Node Type": "Seq Scan",
                  "Parent Relationship": "Outer",
                  "Parallel Aware": true,
                  "Relation Name": "movie_keyword",
                  "Alias": "mk",
                  "Startup Cost": 0.0,
                  "Total Cost": 42695.65,
                  "Plan Rows": 617519,
                  "Plan Width": 0,
                  "Actual Startup Time": 0.051,
                  "Actual Total Time": 116.033,
                  "Actual Rows": 479714,
                  "Actual Loops": 4,
                  "Filter": "(keyword_id < 3306)",
                  "Rows Removed by Filter": 651268
                }
              ]
            }
          ]
        }
      ]
    },
    "Planning Time": 0.179,
    "Triggers": [],
    "Execution Time": 156.049
  }
]