[
  {
    "Plan": {
      "Node Type": "Aggregate",
      "Strategy": "Plain",
      "Partial Mode": "Finalize",
      "Parallel Aware": false,
      "Startup Cost": 45475.24,
      "Total Cost": 45475.25,
      "Plan Rows": 1,
      "Plan Width": 8,
      "Actual Startup Time": 151.001,
      "Actual Total Time": 160.17,
      "Actual Rows": 1,
      "Actual Loops": 1,
      "Plans": [
        {
          "Node Type": "Gather",
          "Parent Relationship": "Outer",
          "Parallel Aware": false,
          "Startup Cost": 45474.92,
          "Total Cost": 45475.23,
          "Plan Rows": 3,
          "Plan Width": 8,
          "Actual Startup Time": 150.906,
          "Actual Total Time": 160.162,
          "Actual Rows": 4,
          "Actual Loops": 1,
          "Workers Planned": 3,
          "Workers Launched": 3,
          "Single Copy": false,
          "Plans": [
            {
              "Node Type": "Aggregate",
              "Strategy": "Plain",
              "Partial Mode": "Partial",
              "Parent Relationship": "Outer",
              "Parallel Aware": false,
              "Startup Cost": 44474.92,
              "Total Cost": 44474.93,
              "Plan Rows": 1,
              "Plan Width": 8,
              "Actual Startup Time": 142.99,
              "Actual Total Time": 142.99,
              "Actual Rows": 1,
              "Actual Loops": 4,
              "Plans": [
                {
                  "Node Type": "Seq Scan",
                  "Parent Relationship": "Outer",
                  "Parallel Aware": true,
                  "Relation Name": "movie_keyword",
                  "Alias": "mk",
                  "Startup Cost": 0.0,
                  "Total Cost": 42695.65,
                  "Plan Rows": 711707,
                  "Plan Width": 0,
                  "Actual Startup Time": 0.067,
                  "Actual Total Time": 116.338,
                  "Actual Rows": 552396,
                  "Actual Loops": 4,
                  "Filter": "(keyword_id < 4458)",
                  "Rows Removed by Filter": 578586
                }
              ]
            }
          ]
        }
      ]
    },
    "Planning Time": 0.188,
    "Triggers": [],
    "Execution Time": 160.228
  }
]