[
  {
    "Plan": {
      "Node Type": "Aggregate",
      "Strategy": "Plain",
      "Partial Mode": "Finalize",
      "Parallel Aware": false,
      "Startup Cost": 549418.65,
      "Total Cost": 549418.66,
      "Plan Rows": 1,
      "Plan Width": 64,
      "Actual Startup Time": 3746.901,
      "Actual Total Time": 3911.442,
      "Actual Rows": 1,
      "Actual Loops": 1,
      "Plans": [
        {
          "Node Type": "Gather",
          "Parent Relationship": "Outer",
          "Parallel Aware": false,
          "Startup Cost": 549418.32,
          "Total Cost": 549418.63,
          "Plan Rows": 3,
          "Plan Width": 64,
          "Actual Startup Time": 3743.455,
          "Actual Total Time": 3911.428,
          "Actual Rows": 4,
          "Actual Loops": 1,
          "Workers Planned": 3,
          "Workers Launched": 3,
          "Single Copy": false,
          "Plans": [
            {
              "Node Type": "Aggregate",
              "Strategy": "Plain",
              "Partial Mode": "Partial",
              "Parent Relationship": "Outer",
              "Parallel Aware": false,
              "Startup Cost": 548418.32,
              "Total Cost": 548418.33,
              "Plan Rows": 1,
              "Plan Width": 64,
              "Actual Startup Time": 3732.887,
              "Actual Total Time": 3733.23,
              "Actual Rows": 1,
              "Actual Loops": 4,
              "Plans": [
                {
                  "Node Type": "Hash Join",
                  "Parent Relationship": "Outer",
                  "Parallel Aware": true,
                  "Join Type": "Inner",
                  "Startup Cost": 533023.26,
                  "Total Cost": 548417.2,
                  "Plan Rows": 224,
                  "Plan Width": 33,
                  "Actual Startup Time": 3639.59,
                  "Actual Total Time": 3726.488,
                  "Actual Rows": 62367,
                  "Actual Loops": 4,
                  "Inner Unique": false,
                  "Hash Cond": "(an.person_id = n.id)",
                  "Plans": [
                    {
                      "Node Type": "Seq Scan",
                      "Parent Relationship": "Outer",
                      "Parallel Aware": true,
                      "Relation Name": "aka_name",
                      "Alias": "an",
                      "Startup Cost": 0.0,
                      "Total Cost": 14303.56,
                      "Plan Rows": 290756,
                      "Plan Width": 20,
                      "Actual Startup Time": 0.022,
                      "Actual Total Time": 41.048,
                      "Actual Rows": 225336,
                      "Actual Loops": 4
                    },
                    {
                      "Node Type": "Hash",
                      "Parent Relationship": "Inner",
                      "Parallel Aware": true,
                      "Startup Cost": 533022.33,
                      "Total Cost": 533022.33,
                      "Plan Rows": 74,
                      "Plan Width": 25,
                      "Actual Startup Time": 3638.651,
                      "Actual Total Time": 3638.992,
                      "Actual Rows": 42320,
                      "Actual Loops": 4,
                      "Hash Buckets": 262144,
                      "Original Hash Buckets": 1024,
                      "Hash Batches": 1,
                      "Original Hash Batches": 1,
                      "Peak Memory Usage": 15160,
                      "Plans": [
                        {
                          "Node Type": "Hash Join",
                          "Parent Relationship": "Outer",
                          "Parallel Aware": true,
                          "Join Type": "Inner",
                          "Startup Cost": 463084.37,
                          "Total Cost": 533022.33,
                          "Plan Rows": 74,
                          "Plan Width": 25,
                          "Actual Startup Time": 3259.047,
                          "Actual Total Time": 3601.119,
                          "Actual Rows": 42320,
                          "Actual Loops": 4,
                          "Inner Unique": false,
                          "Hash Cond": "(n.id = ci.person_id)",
                          "Plans": [
                            {
                              "Node Type": "Seq Scan",
                              "Parent Relationship": "Outer",
                              "Parallel Aware": true,
                              "Relation Name": "name",
                              "Alias": "n",
                              "Startup Cost": 0.0,
                              "Total Cost": 66031.07,
                              "Plan Rows": 1041807,
                              "Plan Width": 4,
                              "Actual Startup Time": 0.019,
                              "Actual Total Time": 167.719,
                              "Actual Rows": 1041873,
                              "Actual Loops": 4
                            },
                            {
                              "Node Type": "Hash",
                              "Parent Relationship": "Inner",
                              "Parallel Aware": true,
                              "Startup Cost": 463083.76,
                              "Total Cost": 463083.76,
                              "Plan Rows": 49,
                              "Plan Width": 21,
                              "Actual Startup Time": 3258.851,
                              "Actual Total Time": 3259.189,
                              "Actual Rows": 42320,
                              "Actual Loops": 4,
                              "Hash Buckets": 262144,
                              "Original Hash Buckets": 1024,
                              "Hash Batches": 1,
                              "Original Hash Batches": 1,
                              "Peak Memory Usage": 14584,
                              "Plans": [
                                {
                                  "Node Type": "Hash Join",
                                  "Parent Relationship": "Outer",
                                  "Parallel Aware": true,
                                  "Join Type": "Inner",
                                  "Startup Cost": 127371.95,
                                  "Total Cost": 463083.76,
                                  "Plan Rows": 49,
                                  "Plan Width": 21,
                                  "Actual Startup Time": 841.744,
                                  "Actual Total Time": 3149.791,
                                  "Actual Rows": 42320,
                                  "Actual Loops": 4,
                                  "Inner Unique": false,
                                  "Hash Cond": "(ci.movie_id = t.id)",
                                  "Plans": [
                                    {
                                      "Node Type": "Seq Scan",
                                      "Parent Relationship": "Outer",
                                      "Parallel Aware": true,
                                      "Relation Name": "cast_info",
                                      "Alias": "ci",
                                      "Startup Cost": 0.0,
                                      "Total Cost": 313068.58,
                                      "Plan Rows": 6038158,
                                      "Plan Width": 8,
                                      "Actual Startup Time": 0.022,
                                      "Actual Total Time": 1158.933,
                                      "Actual Rows": 9061086,
                                      "Actual Loops": 4
                                    },
                                    {
                                      "Node Type": "Hash",
                                      "Parent Relationship": "Inner",
                                      "Parallel Aware": true,
                                      "Startup Cost": 127371.87,
                                      "Total Cost": 127371.87,
                                      "Plan Rows": 6,
                                      "Plan Width": 29,
                                      "Actual Startup Time": 841.47,
                                      "Actual Total Time": 841.806,
                                      "Actual Rows": 1692,
                                      "Actual Loops": 4,
                                      "Hash Buckets": 8192,
                                      "Original Hash Buckets": 1024,
                                      "Hash Batches": 1,
                                      "Original Hash Batches": 1,
                                      "Peak Memory Usage": 632,
                                      "Plans": [
                                        {
                                          "Node Type": "Hash Join",
                                          "Parent Relationship": "Outer",
                                          "Parallel Aware": true,
                                          "Join Type": "Inner",
                                          "Startup Cost": 97009.06,
                                          "Total Cost": 127371.87,
                                          "Plan Rows": 6,
                                          "Plan Width": 29,
                                          "Actual Startup Time": 651.19,
                                          "Actual Total Time": 819.197,
                                          "Actual Rows": 1692,
                                          "Actual Loops": 4,
                                          "Inner Unique": true,
                                          "Hash Cond": "(mc.company_id = cn.id)",
                                          "Plans": [
                                            {
                                              "Node Type": "Hash Join",
                                              "Parent Relationship": "Outer",
                                              "Parallel Aware": true,
                                              "Join Type": "Inner",
                                              "Startup Cost": 91659.43,
                                              "Total Cost": 122022.19,
                                              "Plan Rows": 17,
                                              "Plan Width": 33,
                                              "Actual Startup Time": 619.573,
                                              "Actual Total Time": 786.441,
                                              "Actual Rows": 2167,
                                              "Actual Loops": 4,
                                              "Inner Unique": false,
                                              "Hash Cond": "(mc.movie_id = t.id)",
                                              "Plans": [
                                                {
                                                  "Node Type": "Seq Scan",
                                                  "Parent Relationship": "Outer",
                                                  "Parallel Aware": true,
                                                  "Relation Name": "movie_companies",
                                                  "Alias": "mc",
                                                  "Startup Cost": 0.0,
                                                  "Total Cost": 27206.55,
                                                  "Plan Rows": 841655,
                                                  "Plan Width": 8,
                                                  "Actual Startup Time": 0.034,
                                                  "Actual Total Time": 86.781,
                                                  "Actual Rows": 652282,
                                                  "Actual Loops": 4
                                                },
                                                {
                                                  "Node Type": "Hash",
                                                  "Parent Relationship": "Inner",
                                                  "Parallel Aware": true,
                                                  "Startup Cost": 91659.41,
                                                  "Total Cost": 91659.41,
                                                  "Plan Rows": 2,
                                                  "Plan Width": 25,
                                                  "Actual Startup Time": 618.917,
                                                  "Actual Total Time": 619.247,
                                                  "Actual Rows": 1356,
                                                  "Actual Loops": 4,
                                                  "Hash Buckets": 8192,
                                                  "Original Hash Buckets": 1024,
                                                  "Hash Batches": 1,
                                                  "Original Hash Batches": 1,
                                                  "Peak Memory Usage": 568,
                                                  "Plans": [
                                                    {
                                                      "Node Type": "Hash Join",
                                                      "Parent Relationship": "Outer",
                                                      "Parallel Aware": true,
                                                      "Join Type": "Inner",
                                                      "Startup Cost": 45504.47,
                                                      "Total Cost": 91659.41,
                                                      "Plan Rows": 2,
                                                      "Plan Width": 25,
                                                      "Actual Startup Time": 304.66,
                                                      "Actual Total Time": 491.437,
                                                      "Actual Rows": 1356,
                                                      "Actual Loops": 4,
                                                      "Inner Unique": false,
                                                      "Hash Cond": "(t.id = mk.movie_id)",
                                                      "Plans": [
                                                        {
                                                          "Node Type": "Seq Scan",
                                                          "Parent Relationship": "Outer",
                                                          "Parallel Aware": true,
                                                          "Relation Name": "title",
                                                          "Alias": "t",
                                                          "Startup Cost": 0.0,
                                                          "Total Cost": 45478.74,
                                                          "Plan Rows": 180318,
                                                          "Plan Width": 21,
                                                          "Actual Startup Time": 0.032,
                                                          "Actual Total Time": 151.946,
                                                          "Actual Rows": 178439,
                                                          "Actual Loops": 4,
                                                          "Filter": "((episode_nr >= 5) AND (episode_nr <= 123))",
                                                          "Rows Removed by Filter": 453639
                                                        },
                                                        {
                                                          "Node Type": "Hash",
                                                          "Parent Relationship": "Inner",
                                                          "Parallel Aware": true,
                                                          "Startup Cost": 45504.33,
                                                          "Total Cost": 45504.33,
                                                          "Plan Rows": 11,
                                                          "Plan Width": 4,
                                                          "Actual Startup Time": 304.305,
                                                          "Actual Total Time": 304.31,
                                                          "Actual Rows": 10460,
                                                          "Actual Loops": 4,
                                                          "Hash Buckets": 65536,
                                                          "Original Hash Buckets": 1024,
                                                          "Hash Batches": 1,
                                                          "Original Hash Batches": 1,
                                                          "Peak Memory Usage": 2712,
                                                          "Plans": [
                                                            {
                                                              "Node Type": "Hash Join",
                                                              "Parent Relationship": "Outer",
                                                              "Parallel Aware": false,
                                                              "Join Type": "Inner",
                                                              "Startup Cost": 2626.14,
                                                              "Total Cost": 45504.33,
                                                              "Plan Rows": 11,
                                                              "Plan Width": 4,
                                                              "Actual Startup Time": 18.687,
                                                              "Actual Total Time": 268.683,
                                                              "Actual Rows": 10460,
                                                              "Actual Loops": 4,
                                                              "Inner Unique": true,
                                                              "Hash Cond": "(mk.keyword_id = k.id)",
                                                              "Plans": [
                                                                {
                                                                  "Node Type": "Seq Scan",
                                                                  "Parent Relationship": "Outer",
                                                                  "Parallel Aware": true,
                                                                  "Relation Name": "movie_keyword",
                                                                  "Alias": "mk",
                                                                  "Startup Cost": 0.0,
                                                                  "Total Cost": 39047.32,
                                                                  "Plan Rows": 1459332,
                                                                  "Plan Width": 8,
                                                                  "Actual Startup Time": 0.034,
                                                                  "Actual Total Time": 147.024,
                                                                  "Actual Rows": 1130982,
                                                                  "Actual Loops": 4
                                                                },
                                                                {
                                                                  "Node Type": "Hash",
                                                                  "Parent Relationship": "Inner",
                                                                  "Parallel Aware": false,
                                                                  "Startup Cost": 2626.12,
                                                                  "Total Cost": 2626.12,
                                                                  "Plan Rows": 1,
                                                                  "Plan Width": 4,
                                                                  "Actual Startup Time": 18.582,
                                                                  "Actual Total Time": 18.584,
                                                                  "Actual Rows": 1,
                                                                  "Actual Loops": 4,
                                                                  "Hash Buckets": 1024,
                                                                  "Original Hash Buckets": 1024,
                                                                  "Hash Batches": 1,
                                                                  "Original Hash Batches": 1,
                                                                  "Peak Memory Usage": 9,
                                                                  "Plans": [
                                                                    {
                                                                      "Node Type": "Seq Scan",
                                                                      "Parent Relationship": "Outer",
                                                                      "Parallel Aware": false,
                                                                      "Relation Name": "keyword",
                                                                      "Alias": "k",
                                                                      "Startup Cost": 0.0,
                                                                      "Total Cost": 2626.12,
                                                                      "Plan Rows": 1,
                                                                      "Plan Width": 4,
                                                                      "Actual Startup Time": 1.014,
                                                                      "Actual Total Time": 18.576,
                                                                      "Actual Rows": 1,
                                                                      "Actual Loops": 4,
                                                                      "Filter": "(keyword = 'character-name-in-title'::text)",
                                                                      "Rows Removed by Filter": 134169
                                                                    }
                                                                  ]
                                                                }
                                                              ]
                                                            }
                                                          ]
                                                        }
                                                      ]
                                                    }
                                                  ]
                                                }
                                              ]
                                            },
                                            {
                                              "Node Type": "Hash",
                                              "Parent Relationship": "Inner",
                                              "Parallel Aware": true,
                                              "Startup Cost": 4722.92,
                                              "Total Cost": 4722.92,
                                              "Plan Rows": 50137,
                                              "Plan Width": 4,
                                              "Actual Startup Time": 31.162,
                                              "Actual Total Time": 31.163,
                                              "Actual Rows": 21211,
                                              "Actual Loops": 4,
                                              "Hash Buckets": 131072,
                                              "Original Hash Buckets": 131072,
                                              "Hash Batches": 1,
                                              "Original Hash Batches": 1,
                                              "Peak Memory Usage": 4384,
                                              "Plans": [
                                                {
                                                  "Node Type": "Seq Scan",
                                                  "Parent Relationship": "Outer",
                                                  "Parallel Aware": true,
                                                  "Relation Name": "company_name",
                                                  "Alias": "cn",
                                                  "Startup Cost": 0.0,
                                                  "Total Cost": 4722.92,
                                                  "Plan Rows": 50137,
                                                  "Plan Width": 4,
                                                  "Actual Startup Time": 0.075,
                                                  "Actual Total Time": 22.305,
                                                  "Actual Rows": 21211,
                                                  "Actual Loops": 4,
                                                  "Filter": "((country_code)::text = '[us]'::text)",
                                                  "Rows Removed by Filter": 37538
                                                }
                                              ]
                                            }
                                          ]
                                        }
                                      ]
                                    }
                                  ]
                                }
                              ]
                            }
                          ]
                        }
                      ]
                    }
                  ]
                }
              ]
            }
          ]
        }
      ]
    },
    "Planning Time": 19.185,
    "Triggers": [],
    "Execution Time": 3911.904
  }
]