[
  {
    "Plan": {
      "Node Type": "Aggregate",
      "Strategy": "Plain",
      "Partial Mode": "Finalize",
      "Parallel Aware": false,
      "Startup Cost": 30847.95,
      "Total Cost": 30847.96,
      "Plan Rows": 1,
      "Plan Width": 8,
      "Actual Startup Time": 88.207,
      "Actual Total Time": 95.269,
      "Actual Rows": 1,
      "Actual Loops": 1,
      "Plans": [
        {
          "Node Type": "Gather",
          "Parent Relationship": "Outer",
          "Parallel Aware": false,
          "Startup Cost": 30847.63,
          "Total Cost": 30847.94,
          "Plan Rows": 3,
          "Plan Width": 8,
          "Actual Startup Time": 88.071,
          "Actual Total Time": 95.262,
          "Actual Rows": 4,
          "Actual Loops": 1,
          "Workers Planned": 3,
          "Workers Launched": 3,
          "Single Copy": false,
          "Plans": [
            {
              "Node Type": "Aggregate",
              "Strategy": "Plain",
              "Partial Mode": "Partial",
              "Parent Relationship": "Outer",
              "Parallel Aware": false,
              "Startup Cost": 29847.63,
              "Total Cost": 29847.64,
              "Plan Rows": 1,
              "Plan Width": 8,
              "Actual Startup Time": 81.061,
              "Actual Total Time": 81.062,
              "Actual Rows": 1,
              "Actual Loops": 4,
              "Plans": [
                {
                  "Node Type": "Seq Scan",
                  "Parent Relationship": "Outer",
                  "Parallel Aware": true,
                  "Relation Name": "movie_companies",
                  "Alias": "mc",
                  "Startup Cost": 0.0,
                  "Total Cost": 29310.68,
                  "Plan Rows": 214780,
                  "Plan Width": 0,
                  "Actual Startup Time": 28.399,
                  "Actual Total Time": 73.417,
                  "Actual Rows": 164760,
                  "Actual Loops": 4,
                  "Filter": "(company_id > 52693)",
                  "Rows Removed by Filter": 487522
                }
              ]
            }
          ]
        }
      ]
    },
    "Planning Time": 0.088,
    "Triggers": [],
    "Execution Time": 95.296
  }
]