[
  {
    "Plan": {
      "Node Type": "Aggregate",
      "Strategy": "Plain",
      "Partial Mode": "Finalize",
      "Parallel Aware": false,
      "Startup Cost": 30832.75,
      "Total Cost": 30832.76,
      "Plan Rows": 1,
      "Plan Width": 8,
      "Actual Startup Time": 93.23,
      "Actual Total Time": 100.828,
      "Actual Rows": 1,
      "Actual Loops": 1,
      "Plans": [
        {
          "Node Type": "Gather",
          "Parent Relationship": "Outer",
          "Parallel Aware": false,
          "Startup Cost": 30832.43,
          "Total Cost": 30832.74,
          "Plan Rows": 3,
          "Plan Width": 8,
          "Actual Startup Time": 93.033,
          "Actual Total Time": 100.821,
          "Actual Rows": 4,
          "Actual Loops": 1,
          "Workers Planned": 3,
          "Workers Launched": 3,
          "Single Copy": false,
          "Plans": [
            {
              "Node Type": "Aggregate",
              "Strategy": "Plain",
              "Partial Mode": "Partial",
              "Parent Relationship": "Outer",
              "Parallel Aware": false,
              "Startup Cost": 29832.43,
              "Total Cost": 29832.44,
              "Plan Rows": 1,
              "Plan Width": 8,
              "Actual Startup Time": 84.554,
              "Actual Total Time": 84.555,
              "Actual Rows": 1,
              "Actual Loops": 4,
              "Plans": [
                {
                  "Node Type": "Seq Scan",
                  "Parent Relationship": "Outer",
                  "Parallel Aware": true,
                  "Relation Name": "movie_companies",
                  "Alias": "mc",
                  "Startup Cost": 0.0,
                  "Total Cost": 29310.68,
                  "Plan Rows": 208701,
                  "Plan Width": 0,
                  "Actual Startup Time": 37.667,
                  "Actual Total Time": 77.806,
                  "Actual Rows": 164760,
                  "Actual Loops": 4,
                  "Filter": "(company_id > 52693)",
                  "Rows Removed by Filter": 487522
                }
              ]
            }
          ]
        }
      ]
    },
    "Planning Time": 0.167,
    "Triggers": [],
    "Execution Time": 100.879
  }
]