[
  {
    "Plan": {
      "Node Type": "Aggregate",
      "Strategy": "Plain",
      "Partial Mode": "Finalize",
      "Parallel Aware": false,
      "Startup Cost": 33124.71,
      "Total Cost": 33124.72,
      "Plan Rows": 1,
      "Plan Width": 8,
      "Actual Startup Time": 89.489,
      "Actual Total Time": 95.095,
      "Actual Rows": 1,
      "Actual Loops": 1,
      "Plans": [
        {
          "Node Type": "Gather",
          "Parent Relationship": "Outer",
          "Parallel Aware": false,
          "Startup Cost": 33124.4,
          "Total Cost": 33124.71,
          "Plan Rows": 3,
          "Plan Width": 8,
          "Actual Startup Time": 89.348,
          "Actual Total Time": 95.088,
          "Actual Rows": 4,
          "Actual Loops": 1,
          "Workers Planned": 3,
          "Workers Launched": 3,
          "Single Copy": false,
          "Plans": [
            {
              "Node Type": "Aggregate",
              "Strategy": "Plain",
              "Partial Mode": "Partial",
              "Parent Relationship": "Outer",
              "Parallel Aware": false,
              "Startup Cost": 32124.4,
              "Total Cost": 32124.41,
              "Plan Rows": 1,
              "Plan Width": 8,
              "Actual Startup Time": 80.919,
              "Actual Total Time": 80.92,
              "Actual Rows": 1,
              "Actual Loops": 4,
              "Plans": [
                {
                  "Node Type": "Seq Scan",
                  "Parent Relationship": "Outer",
                  "Parallel Aware": true,
                  "Relation Name": "movie_companies",
                  "Alias": "mc",
                  "Startup Cost": 0.0,
                  "Total Cost": 31414.82,
                  "Plan Rows": 283831,
                  "Plan Width": 0,
                  "Actual Startup Time": 45.812,
                  "Actual Total Time": 75.042,
                  "Actual Rows": 141147,
                  "Actual Loops": 4,
                  "Filter": "((company_id < 22982) AND (company_type_id = 2))",
                  "Rows Removed by Filter": 511135
                }
              ]
            }
          ]
        }
      ]
    },
    "Planning Time": 0.136,
    "Triggers": [],
    "Execution Time": 95.133
  }
]