[
    {
        "Bao": {
            "Bao prediction": 451.511,
            "Bao recommended hint": "(no hint)"
        }
    },
    {
        "Plan": {
            "Node Type": "Aggregate",
            "Strategy": "Plain",
            "Partial Mode": "Finalize",
            "Parallel Aware": false,
            "Startup Cost": 33101.4,
            "Total Cost": 33101.41,
            "Plan Rows": 1,
            "Plan Width": 8,
            "Actual Startup Time": 132.074,
            "Actual Total Time": 139.96,
            "Actual Rows": 1,
            "Actual Loops": 1,
            "Output": [
                "count(*)"
            ],
            "Plans": [
                {
                    "Node Type": "Gather",
                    "Parent Relationship": "Outer",
                    "Parallel Aware": false,
                    "Startup Cost": 33101.08,
                    "Total Cost": 33101.39,
                    "Plan Rows": 3,
                    "Plan Width": 8,
                    "Actual Startup Time": 131.968,
                    "Actual Total Time": 139.952,
                    "Actual Rows": 4,
                    "Actual Loops": 1,
                    "Output": [
                        "(PARTIAL count(*))"
                    ],
                    "Workers Planned": 3,
                    "Workers Launched": 3,
                    "Single Copy": false,
                    "Plans": [
                        {
                            "Node Type": "Aggregate",
                            "Strategy": "Plain",
                            "Partial Mode": "Partial",
                            "Parent Relationship": "Outer",
                            "Parallel Aware": false,
                            "Startup Cost": 32101.08,
                            "Total Cost": 32101.09,
                            "Plan Rows": 1,
                            "Plan Width": 8,
                            "Actual Startup Time": 124.152,
                            "Actual Total Time": 124.153,
                            "Actual Rows": 1,
                            "Actual Loops": 4,
                            "Output": [
                                "PARTIAL count(*)"
                            ],
                            "Workers": [
                                {
                                    "Worker Number": 0,
                                    "Actual Startup Time": 121.585,
                                    "Actual Total Time": 121.586,
                                    "Actual Rows": 1,
                                    "Actual Loops": 1
                                },
                                {
                                    "Worker Number": 1,
                                    "Actual Startup Time": 121.561,
                                    "Actual Total Time": 121.562,
                                    "Actual Rows": 1,
                                    "Actual Loops": 1
                                },
                                {
                                    "Worker Number": 2,
                                    "Actual Startup Time": 122.066,
                                    "Actual Total Time": 122.068,
                                    "Actual Rows": 1,
                                    "Actual Loops": 1
                                }
                            ],
                            "Plans": [
                                {
                                    "Node Type": "Seq Scan",
                                    "Parent Relationship": "Outer",
                                    "Parallel Aware": true,
                                    "Relation Name": "movie_companies",
                                    "Schema": "public",
                                    "Alias": "mc",
                                    "Startup Cost": 0.0,
                                    "Total Cost": 31414.82,
                                    "Plan Rows": 274504,
                                    "Plan Width": 0,
                                    "Actual Startup Time": 0.05,
                                    "Actual Total Time": 102.182,
                                    "Actual Rows": 291662,
                                    "Actual Loops": 4,
                                    "Output": [
                                        "id",
                                        "movie_id",
                                        "company_id",
                                        "company_type_id",
                                        "note"
                                    ],
                                    "Filter": "((mc.company_id < 23159) AND (mc.company_type_id < 2))",
                                    "Rows Removed by Filter": 360620,
                                    "Workers": [
                                        {
                                            "Worker Number": 0,
                                            "Actual Startup Time": 0.056,
                                            "Actual Total Time": 100.951,
                                            "Actual Rows": 268879,
                                            "Actual Loops": 1
                                        },
                                        {
                                            "Worker Number": 1,
                                            "Actual Startup Time": 0.061,
                                            "Actual Total Time": 101.345,
                                            "Actual Rows": 271628,
                                            "Actual Loops": 1
                                        },
                                        {
                                            "Worker Number": 2,
                                            "Actual Startup Time": 0.058,
                                            "Actual Total Time": 101.192,
                                            "Actual Rows": 270470,
                                            "Actual Loops": 1
                                        }
                                    ]
                                }
                            ]
                        }
                    ]
                }
            ]
        },
        "Planning Time": 1914.672,
        "Triggers": [],
        "Execution Time": 140.072
    }
]