[
  {
    "Plan": {
      "Node Type": "Aggregate",
      "Strategy": "Plain",
      "Partial Mode": "Finalize",
      "Parallel Aware": false,
      "Startup Cost": 92000.92,
      "Total Cost": 92000.93,
      "Plan Rows": 1,
      "Plan Width": 8,
      "Actual Startup Time": 295.398,
      "Actual Total Time": 322.396,
      "Actual Rows": 1,
      "Actual Loops": 1,
      "Plans": [
        {
          "Node Type": "Gather",
          "Parent Relationship": "Outer",
          "Parallel Aware": false,
          "Startup Cost": 92000.61,
          "Total Cost": 92000.92,
          "Plan Rows": 3,
          "Plan Width": 8,
          "Actual Startup Time": 295.117,
          "Actual Total Time": 322.385,
          "Actual Rows": 4,
          "Actual Loops": 1,
          "Workers Planned": 3,
          "Workers Launched": 3,
          "Single Copy": false,
          "Plans": [
            {
              "Node Type": "Aggregate",
              "Strategy": "Plain",
              "Partial Mode": "Partial",
              "Parent Relationship": "Outer",
              "Parallel Aware": false,
              "Startup Cost": 91000.61,
              "Total Cost": 91000.62,
              "Plan Rows": 1,
              "Plan Width": 8,
              "Actual Startup Time": 289.047,
              "Actual Total Time": 289.05,
              "Actual Rows": 1,
              "Actual Loops": 4,
              "Plans": [
                {
                  "Node Type": "Nested Loop",
                  "Parent Relationship": "Outer",
                  "Parallel Aware": false,
                  "Join Type": "Inner",
                  "Startup Cost": 45629.42,
                  "Total Cost": 90990.91,
                  "Plan Rows": 3880,
                  "Plan Width": 0,
                  "Actual Startup Time": 95.534,
                  "Actual Total Time": 288.493,
                  "Actual Rows": 4170,
                  "Actual Loops": 4,
                  "Inner Unique": false,
                  "Join Filter": "(t.id = mi.movie_id)",
                  "Rows Removed by Join Filter": 0,
                  "Plans": [
                    {
                      "Node Type": "Hash Join",
                      "Parent Relationship": "Outer",
                      "Parallel Aware": true,
                      "Join Type": "Inner",
                      "Startup Cost": 45628.99,
                      "Total Cost": 75975.89,
                      "Plan Rows": 7464,
                      "Plan Width": 8,
                      "Actual Startup Time": 95.44,
                      "Actual Total Time": 197.523,
                      "Actual Rows": 4137,
                      "Actual Loops": 4,
                      "Inner Unique": true,
                      "Hash Cond": "(mc.movie_id = t.id)",
                      "Plans": [
                        {
                          "Node Type": "Seq Scan",
                          "Parent Relationship": "Outer",
                          "Parallel Aware": true,
                          "Relation Name": "movie_companies",
                          "Alias": "mc",
                          "Startup Cost": 0.0,
                          "Total Cost": 29310.68,
                          "Plan Rows": 394752,
                          "Plan Width": 4,
                          "Actual Startup Time": 0.023,
                          "Actual Total Time": 67.618,
                          "Actual Rows": 308964,
                          "Actual Loops": 4,
                          "Filter": "(company_id < 11146)",
                          "Rows Removed by Filter": 343319
                        },
                        {
                          "Node Type": "Hash",
                          "Parent Relationship": "Inner",
                          "Parallel Aware": true,
                          "Startup Cost": 45479.59,
                          "Total Cost": 45479.59,
                          "Plan Rows": 11952,
                          "Plan Width": 4,
                          "Actual Startup Time": 94.176,
                          "Actual Total Time": 94.177,
                          "Actual Rows": 11275,
                          "Actual Loops": 4,
                          "Hash Buckets": 65536,
                          "Original Hash Buckets": 65536,
                          "Hash Batches": 1,
                          "Original Hash Batches": 1,
                          "Peak Memory Usage": 2336,
                          "Plans": [
                            {
                              "Node Type": "Seq Scan",
                              "Parent Relationship": "Outer",
                              "Parallel Aware": true,
                              "Relation Name": "title",
                              "Alias": "t",
                              "Startup Cost": 0.0,
                              "Total Cost": 45479.59,
                              "Plan Rows": 11952,
                              "Plan Width": 4,
                              "Actual Startup Time": 0.082,
                              "Actual Total Time": 90.204,
                              "Actual Rows": 11275,
                              "Actual Loops": 4,
                              "Filter": "((kind_id < 3) AND (production_year = 2012))",
                              "Rows Removed by Filter": 620803
                            }
                          ]
                        }
                      ]
                    },
                    {
                      "Node Type": "Index Scan",
                      "Parent Relationship": "Inner",
                      "Parallel Aware": false,
                      "Scan Direction": "Forward",
                      "Index Name": "movie_id_movie_info",
                      "Relation Name": "movie_info",
                      "Alias": "mi",
                      "Startup Cost": 0.43,
                      "Total Cost": 1.96,
                      "Plan Rows": 4,
                      "Plan Width": 4,
                      "Actual Startup Time": 0.018,
                      "Actual Total Time": 0.021,
                      "Actual Rows": 1,
                      "Actual Loops": 16547,
                      "Index Cond": "(movie_id = mc.movie_id)",
                      "Rows Removed by Index Recheck": 0,
                      "Filter": "(info_type_id = 2)",
                      "Rows Removed by Filter": 34
                    }
                  ]
                }
              ]
            }
          ]
        }
      ]
    },
    "Planning Time": 1.575,
    "Triggers": [],
    "Execution Time": 322.501
  }
]