[
  {
    "Plan": {
      "Node Type": "Aggregate",
      "Strategy": "Plain",
      "Partial Mode": "Finalize",
      "Parallel Aware": false,
      "Startup Cost": 346651.59,
      "Total Cost": 346651.6,
      "Plan Rows": 1,
      "Plan Width": 8,
      "Actual Startup Time": 650.157,
      "Actual Total Time": 700.427,
      "Actual Rows": 1,
      "Actual Loops": 1,
      "Plans": [
        {
          "Node Type": "Gather",
          "Parent Relationship": "Outer",
          "Parallel Aware": false,
          "Startup Cost": 346650.97,
          "Total Cost": 346651.58,
          "Plan Rows": 6,
          "Plan Width": 8,
          "Actual Startup Time": 649.997,
          "Actual Total Time": 700.408,
          "Actual Rows": 7,
          "Actual Loops": 1,
          "Workers Planned": 6,
          "Workers Launched": 6,
          "Single Copy": false,
          "Plans": [
            {
              "Node Type": "Aggregate",
              "Strategy": "Plain",
              "Partial Mode": "Partial",
              "Parent Relationship": "Outer",
              "Parallel Aware": false,
              "Startup Cost": 345650.97,
              "Total Cost": 345650.98,
              "Plan Rows": 1,
              "Plan Width": 8,
              "Actual Startup Time": 642.898,
              "Actual Total Time": 642.899,
              "Actual Rows": 1,
              "Actual Loops": 7,
              "Plans": [
                {
                  "Node Type": "Seq Scan",
                  "Parent Relationship": "Outer",
                  "Parallel Aware": true,
                  "Relation Name": "cast_info",
                  "Alias": "ci",
                  "Startup Cost": 0.0,
                  "Total Cost": 343316.27,
                  "Plan Rows": 933879,
                  "Plan Width": 0,
                  "Actual Startup Time": 329.771,
                  "Actual Total Time": 616.958,
                  "Actual Rows": 506372,
                  "Actual Loops": 7,
                  "Filter": "((person_id < 1261549) AND (role_id > 2))",
                  "Rows Removed by Filter": 4671391
                }
              ]
            }
          ]
        }
      ]
    },
    "Planning Time": 0.133,
    "Triggers": [],
    "Execution Time": 700.476
  }
]