[
  {
    "Plan": {
      "Node Type": "Aggregate",
      "Strategy": "Plain",
      "Partial Mode": "Finalize",
      "Parallel Aware": false,
      "Startup Cost": 284871.76,
      "Total Cost": 284871.77,
      "Plan Rows": 1,
      "Plan Width": 8,
      "Actual Startup Time": 1330.388,
      "Actual Total Time": 1379.955,
      "Actual Rows": 1,
      "Actual Loops": 1,
      "Plans": [
        {
          "Node Type": "Gather",
          "Parent Relationship": "Outer",
          "Parallel Aware": false,
          "Startup Cost": 284871.24,
          "Total Cost": 284871.75,
          "Plan Rows": 5,
          "Plan Width": 8,
          "Actual Startup Time": 1323.813,
          "Actual Total Time": 1379.944,
          "Actual Rows": 6,
          "Actual Loops": 1,
          "Workers Planned": 5,
          "Workers Launched": 5,
          "Single Copy": false,
          "Plans": [
            {
              "Node Type": "Aggregate",
              "Strategy": "Plain",
              "Partial Mode": "Partial",
              "Parent Relationship": "Outer",
              "Parallel Aware": false,
              "Startup Cost": 283871.24,
              "Total Cost": 283871.25,
              "Plan Rows": 1,
              "Plan Width": 8,
              "Actual Startup Time": 1313.074,
              "Actual Total Time": 1313.172,
              "Actual Rows": 1,
              "Actual Loops": 6,
              "Plans": [
                {
                  "Node Type": "Hash Join",
                  "Parent Relationship": "Outer",
                  "Parallel Aware": true,
                  "Join Type": "Inner",
                  "Startup Cost": 79194.39,
                  "Total Cost": 282985.43,
                  "Plan Rows": 354321,
                  "Plan Width": 0,
                  "Actual Startup Time": 273.661,
                  "Actual Total Time": 1182.649,
                  "Actual Rows": 3038237,
                  "Actual Loops": 6,
                  "Inner Unique": false,
                  "Hash Cond": "(mi.movie_id = t.id)",
                  "Plans": [
                    {
                      "Node Type": "Seq Scan",
                      "Parent Relationship": "Outer",
                      "Parallel Aware": true,
                      "Relation Name": "movie_info",
                      "Alias": "mi",
                      "Startup Cost": 0.0,
                      "Total Cost": 191560.33,
                      "Plan Rows": 2956733,
                      "Plan Width": 4,
                      "Actual Startup Time": 0.016,
                      "Actual Total Time": 310.319,
                      "Actual Rows": 2472620,
                      "Actual Loops": 6
                    },
                    {
                      "Node Type": "Hash",
                      "Parent Relationship": "Inner",
                      "Parallel Aware": true,
                      "Startup Cost": 77972.7,
                      "Total Cost": 77972.7,
                      "Plan Rows": 97735,
                      "Plan Width": 8,
                      "Actual Startup Time": 269.742,
                      "Actual Total Time": 269.838,
                      "Actual Rows": 62628,
                      "Actual Loops": 6,
                      "Hash Buckets": 524288,
                      "Original Hash Buckets": 524288,
                      "Hash Batches": 1,
                      "Original Hash Batches": 1,
                      "Peak Memory Usage": 18880,
                      "Plans": [
                        {
                          "Node Type": "Hash Join",
                          "Parent Relationship": "Outer",
                          "Parallel Aware": true,
                          "Join Type": "Inner",
                          "Startup Cost": 47781.7,
                          "Total Cost": 77972.7,
                          "Plan Rows": 97735,
                          "Plan Width": 8,
                          "Actual Startup Time": 144.049,
                          "Actual Total Time": 247.026,
                          "Actual Rows": 62628,
                          "Actual Loops": 6,
                          "Inner Unique": true,
                          "Hash Cond": "(mc.movie_id = t.id)",
                          "Plans": [
                            {
                              "Node Type": "Seq Scan",
                              "Parent Relationship": "Outer",
                              "Parallel Aware": true,
                              "Relation Name": "movie_companies",
                              "Alias": "mc",
                              "Startup Cost": 0.0,
                              "Total Cost": 29310.68,
                              "Plan Rows": 335359,
                              "Plan Width": 4,
                              "Actual Startup Time": 0.023,
                              "Actual Total Time": 52.785,
                              "Actual Rows": 172986,
                              "Actual Loops": 6,
                              "Filter": "(company_id < 5898)",
                              "Rows Removed by Filter": 261868
                            },
                            {
                              "Node Type": "Hash",
                              "Parent Relationship": "Inner",
                              "Parallel Aware": true,
                              "Startup Cost": 45479.1,
                              "Total Cost": 45479.1,
                              "Plan Rows": 184208,
                              "Plan Width": 4,
                              "Actual Startup Time": 141.769,
                              "Actual Total Time": 141.77,
                              "Actual Rows": 105985,
                              "Actual Loops": 6,
                              "Hash Buckets": 1048576,
                              "Original Hash Buckets": 1048576,
                              "Hash Batches": 1,
                              "Original Hash Batches": 1,
                              "Peak Memory Usage": 33152,
                              "Plans": [
                                {
                                  "Node Type": "Seq Scan",
                                  "Parent Relationship": "Outer",
                                  "Parallel Aware": true,
                                  "Relation Name": "title",
                                  "Alias": "t",
                                  "Startup Cost": 0.0,
                                  "Total Cost": 45479.1,
                                  "Plan Rows": 184208,
                                  "Plan Width": 4,
                                  "Actual Startup Time": 0.049,
                                  "Actual Total Time": 88.453,
                                  "Actual Rows": 105985,
                                  "Actual Loops": 6,
                                  "Filter": "((kind_id < 7) AND (production_year > 1984))",
                                  "Rows Removed by Filter": 315400
                                }
                              ]
                            }
                          ]
                        }
                      ]
                    }
                  ]
                }
              ]
            }
          ]
        }
      ]
    },
    "Planning Time": 1.466,
    "Triggers": [],
    "Execution Time": 1380.056
  }
]