{
  "Plan": {
    "Node Type": "Aggregate",
    "Strategy": "Plain",
    "Partial Mode": "Finalize",
    "Parallel Aware": false,
    "Startup Cost": 658787.28,
    "Total Cost": 658787.29,
    "Plan Rows": 1,
    "Plan Width": 8,
    "Actual Startup Time": 7038.04,
    "Actual Total Time": 7118.997,
    "Actual Rows": 1,
    "Actual Loops": 1,
    "Plans": [
      {
        "Node Type": "Gather",
        "Parent Relationship": "Outer",
        "Parallel Aware": false,
        "Startup Cost": 658787.17,
        "Total Cost": 658787.28,
        "Plan Rows": 1,
        "Plan Width": 8,
        "Actual Startup Time": 7032.441,
        "Actual Total Time": 7118.989,
        "Actual Rows": 2,
        "Actual Loops": 1,
        "Workers Planned": 1,
        "Workers Launched": 1,
        "Single Copy": false,
        "Plans": [
          {
            "Node Type": "Aggregate",
            "Strategy": "Plain",
            "Partial Mode": "Partial",
            "Parent Relationship": "Outer",
            "Parallel Aware": false,
            "Startup Cost": 657787.17,
            "Total Cost": 657787.18,
            "Plan Rows": 1,
            "Plan Width": 8,
            "Actual Startup Time": 7020.376,
            "Actual Total Time": 7020.379,
            "Actual Rows": 1,
            "Actual Loops": 2,
            "Plans": [
              {
                "Node Type": "Hash Join",
                "Parent Relationship": "Outer",
                "Parallel Aware": true,
                "Join Type": "Inner",
                "Startup Cost": 71327.26,
                "Total Cost": 626676.37,
                "Plan Rows": 12444318,
                "Plan Width": 0,
                "Actual Startup Time": 793.923,
                "Actual Total Time": 6562.88,
                "Actual Rows": 11124794,
                "Actual Loops": 2,
                "Inner Unique": true,
                "Hash Cond": "(ci.movie_id = t.id)",
                "Plans": [
                  {
                    "Node Type": "Seq Scan",
                    "Parent Relationship": "Outer",
                    "Parallel Aware": true,
                    "Relation Name": "cast_info",
                    "Alias": "ci",
                    "Startup Cost": 0.0,
                    "Total Cost": 519069.44,
                    "Plan Rows": 13820804,
                    "Plan Width": 4,
                    "Actual Startup Time": 276.045,
                    "Actual Total Time": 1482.982,
                    "Actual Rows": 11753352,
                    "Actual Loops": 2,
                    "Filter": "(person_id > 1256209)",
                    "Rows Removed by Filter": 6368820
                  },
                  {
                    "Node Type": "Hash",
                    "Parent Relationship": "Inner",
                    "Parallel Aware": true,
                    "Startup Cost": 54588.39,
                    "Total Cost": 54588.39,
                    "Plan Rows": 1339110,
                    "Plan Width": 4,
                    "Actual Startup Time": 496.425,
                    "Actual Total Time": 496.426,
                    "Actual Rows": 1134214,
                    "Actual Loops": 2,
                    "Hash Buckets": 4194304,
                    "Original Hash Buckets": 4194304,
                    "Hash Batches": 1,
                    "Original Hash Batches": 1,
                    "Peak Memory Usage": 121536,
                    "Plans": [
                      {
                        "Node Type": "Seq Scan",
                        "Parent Relationship": "Outer",
                        "Parallel Aware": true,
                        "Relation Name": "title",
                        "Alias": "t",
                        "Startup Cost": 0.0,
                        "Total Cost": 54588.39,
                        "Plan Rows": 1339110,
                        "Plan Width": 4,
                        "Actual Startup Time": 0.022,
                        "Actual Total Time": 176.246,
                        "Actual Rows": 1134214,
                        "Actual Loops": 2,
                        "Filter": "(production_year > 1953)",
                        "Rows Removed by Filter": 129942
                      }
                    ]
                  }
                ]
              }
            ]
          }
        ]
      }
    ]
  },
  "Planning Time": 0.677,
  "Triggers": [],
  "Execution Time": 7119.086
}