{
    "Plan": {
        "Node Type": "Aggregate",
        "Strategy": "Plain",
        "Partial Mode": "Finalize",
        "Parallel Aware": false,
        "Startup Cost": 404681.51,
        "Total Cost": 404681.52,
        "Plan Rows": 1,
        "Plan Width": 8,
        "Actual Startup Time": 1633.91,
        "Actual Total Time": 1668.561,
        "Actual Rows": 1,
        "Actual Loops": 1,
        "Output": [
            "count(*)"
        ],
        "Plans": [
            {
                "Node Type": "Gather",
                "Parent Relationship": "Outer",
                "Parallel Aware": false,
                "Startup Cost": 404680.89,
                "Total Cost": 404681.5,
                "Plan Rows": 6,
                "Plan Width": 8,
                "Actual Startup Time": 1619.433,
                "Actual Total Time": 1668.55,
                "Actual Rows": 7,
                "Actual Loops": 1,
                "Output": [
                    "(PARTIAL count(*))"
                ],
                "Workers Planned": 6,
                "Workers Launched": 6,
                "Single Copy": false,
                "Plans": [
                    {
                        "Node Type": "Aggregate",
                        "Strategy": "Plain",
                        "Partial Mode": "Partial",
                        "Parent Relationship": "Outer",
                        "Parallel Aware": false,
                        "Startup Cost": 403680.89,
                        "Total Cost": 403680.9,
                        "Plan Rows": 1,
                        "Plan Width": 8,
                        "Actual Startup Time": 1596.524,
                        "Actual Total Time": 1596.527,
                        "Actual Rows": 1,
                        "Actual Loops": 7,
                        "Output": [
                            "PARTIAL count(*)"
                        ],
                        "Workers": [
                            {
                                "Worker Number": 0,
                                "Actual Startup Time": 1594.427,
                                "Actual Total Time": 1594.43,
                                "Actual Rows": 1,
                                "Actual Loops": 1
                            },
                            {
                                "Worker Number": 1,
                                "Actual Startup Time": 1592.499,
                                "Actual Total Time": 1592.502,
                                "Actual Rows": 1,
                                "Actual Loops": 1
                            },
                            {
                                "Worker Number": 2,
                                "Actual Startup Time": 1592.418,
                                "Actual Total Time": 1592.421,
                                "Actual Rows": 1,
                                "Actual Loops": 1
                            },
                            {
                                "Worker Number": 3,
                                "Actual Startup Time": 1592.72,
                                "Actual Total Time": 1592.723,
                                "Actual Rows": 1,
                                "Actual Loops": 1
                            },
                            {
                                "Worker Number": 4,
                                "Actual Startup Time": 1592.441,
                                "Actual Total Time": 1592.445,
                                "Actual Rows": 1,
                                "Actual Loops": 1
                            },
                            {
                                "Worker Number": 5,
                                "Actual Startup Time": 1592.695,
                                "Actual Total Time": 1592.698,
                                "Actual Rows": 1,
                                "Actual Loops": 1
                            }
                        ],
                        "Plans": [
                            {
                                "Node Type": "Hash Join",
                                "Parent Relationship": "Outer",
                                "Parallel Aware": true,
                                "Join Type": "Inner",
                                "Startup Cost": 51571.12,
                                "Total Cost": 399214.72,
                                "Plan Rows": 1786465,
                                "Plan Width": 0,
                                "Actual Startup Time": 246.94,
                                "Actual Total Time": 1513.288,
                                "Actual Rows": 1794516,
                                "Actual Loops": 7,
                                "Inner Unique": true,
                                "Hash Cond": "(ci.movie_id = t.id)",
                                "Workers": [
                                    {
                                        "Worker Number": 0,
                                        "Actual Startup Time": 243.135,
                                        "Actual Total Time": 1497.86,
                                        "Actual Rows": 1371271,
                                        "Actual Loops": 1
                                    },
                                    {
                                        "Worker Number": 1,
                                        "Actual Startup Time": 243.31,
                                        "Actual Total Time": 1511.4,
                                        "Actual Rows": 1865108,
                                        "Actual Loops": 1
                                    },
                                    {
                                        "Worker Number": 2,
                                        "Actual Startup Time": 243.233,
                                        "Actual Total Time": 1513.133,
                                        "Actual Rows": 1866812,
                                        "Actual Loops": 1
                                    },
                                    {
                                        "Worker Number": 3,
                                        "Actual Startup Time": 243.249,
                                        "Actual Total Time": 1511.142,
                                        "Actual Rows": 1876012,
                                        "Actual Loops": 1
                                    },
                                    {
                                        "Worker Number": 4,
                                        "Actual Startup Time": 243.311,
                                        "Actual Total Time": 1517.518,
                                        "Actual Rows": 1629534,
                                        "Actual Loops": 1
                                    },
                                    {
                                        "Worker Number": 5,
                                        "Actual Startup Time": 243.298,
                                        "Actual Total Time": 1510.497,
                                        "Actual Rows": 1892858,
                                        "Actual Loops": 1
                                    }
                                ],
                                "Plans": [
                                    {
                                        "Node Type": "Index Scan",
                                        "Parent Relationship": "Outer",
                                        "Parallel Aware": true,
                                        "Scan Direction": "Forward",
                                        "Index Name": "role_id_cast_info",
                                        "Relation Name": "cast_info",
                                        "Schema": "public",
                                        "Alias": "ci",
                                        "Startup Cost": 0.56,
                                        "Total Cost": 342814.42,
                                        "Plan Rows": 1839898,
                                        "Plan Width": 4,
                                        "Actual Startup Time": 0.219,
                                        "Actual Total Time": 418.804,
                                        "Actual Rows": 1810098,
                                        "Actual Loops": 7,
                                        "Output": [
                                            "ci.id",
                                            "ci.person_id",
                                            "ci.movie_id",
                                            "ci.person_role_id",
                                            "ci.note",
                                            "ci.nr_order",
                                            "ci.role_id"
                                        ],
                                        "Index Cond": "(ci.role_id < 2)",
                                        "Rows Removed by Index Recheck": 0,
                                        "Filter": "(ci.person_id < 3188270)",
                                        "Rows Removed by Filter": 0,
                                        "Workers": [
                                            {
                                                "Worker Number": 0,
                                                "Actual Startup Time": 0.222,
                                                "Actual Total Time": 469.193,
                                                "Actual Rows": 1384473,
                                                "Actual Loops": 1
                                            },
                                            {
                                                "Worker Number": 1,
                                                "Actual Startup Time": 0.328,
                                                "Actual Total Time": 422.41,
                                                "Actual Rows": 1880970,
                                                "Actual Loops": 1
                                            },
                                            {
                                                "Worker Number": 2,
                                                "Actual Startup Time": 0.251,
                                                "Actual Total Time": 420.017,
                                                "Actual Rows": 1882922,
                                                "Actual Loops": 1
                                            },
                                            {
                                                "Worker Number": 3,
                                                "Actual Startup Time": 0.135,
                                                "Actual Total Time": 423.378,
                                                "Actual Rows": 1890720,
                                                "Actual Loops": 1
                                            },
                                            {
                                                "Worker Number": 4,
                                                "Actual Startup Time": 0.303,
                                                "Actual Total Time": 405.99,
                                                "Actual Rows": 1643850,
                                                "Actual Loops": 1
                                            },
                                            {
                                                "Worker Number": 5,
                                                "Actual Startup Time": 0.167,
                                                "Actual Total Time": 425.743,
                                                "Actual Rows": 1909442,
                                                "Actual Loops": 1
                                            }
                                        ]
                                    },
                                    {
                                        "Node Type": "Hash",
                                        "Parent Relationship": "Inner",
                                        "Parallel Aware": true,
                                        "Startup Cost": 43899.01,
                                        "Total Cost": 43899.01,
                                        "Plan Rows": 613724,
                                        "Plan Width": 4,
                                        "Actual Startup Time": 239.867,
                                        "Actual Total Time": 239.868,
                                        "Actual Rows": 350888,
                                        "Actual Loops": 7,
                                        "Output": [
                                            "t.id"
                                        ],
                                        "Hash Buckets": 4194304,
                                        "Original Hash Buckets": 4194304,
                                        "Hash Batches": 1,
                                        "Original Hash Batches": 1,
                                        "Peak Memory Usage": 128992,
                                        "Workers": [
                                            {
                                                "Worker Number": 0,
                                                "Actual Startup Time": 242.478,
                                                "Actual Total Time": 242.479,
                                                "Actual Rows": 263314,
                                                "Actual Loops": 1
                                            },
                                            {
                                                "Worker Number": 1,
                                                "Actual Startup Time": 242.504,
                                                "Actual Total Time": 242.505,
                                                "Actual Rows": 351851,
                                                "Actual Loops": 1
                                            },
                                            {
                                                "Worker Number": 2,
                                                "Actual Startup Time": 242.494,
                                                "Actual Total Time": 242.495,
                                                "Actual Rows": 350279,
                                                "Actual Loops": 1
                                            },
                                            {
                                                "Worker Number": 3,
                                                "Actual Startup Time": 242.614,
                                                "Actual Total Time": 242.615,
                                                "Actual Rows": 354418,
                                                "Actual Loops": 1
                                            },
                                            {
                                                "Worker Number": 4,
                                                "Actual Startup Time": 242.531,
                                                "Actual Total Time": 242.532,
                                                "Actual Rows": 307683,
                                                "Actual Loops": 1
                                            },
                                            {
                                                "Worker Number": 5,
                                                "Actual Startup Time": 242.626,
                                                "Actual Total Time": 242.626,
                                                "Actual Rows": 352117,
                                                "Actual Loops": 1
                                            }
                                        ],
                                        "Plans": [
                                            {
                                                "Node Type": "Seq Scan",
                                                "Parent Relationship": "Outer",
                                                "Parallel Aware": true,
                                                "Relation Name": "title",
                                                "Schema": "public",
                                                "Alias": "t",
                                                "Startup Cost": 0.0,
                                                "Total Cost": 43899.01,
                                                "Plan Rows": 613724,
                                                "Plan Width": 4,
                                                "Actual Startup Time": 0.062,
                                                "Actual Total Time": 78.837,
                                                "Actual Rows": 350888,
                                                "Actual Loops": 7,
                                                "Output": [
                                                    "t.id"
                                                ],
                                                "Filter": "(t.production_year > 0)",
                                                "Rows Removed by Filter": 10299,
                                                "Workers": [
                                                    {
                                                        "Worker Number": 0,
                                                        "Actual Startup Time": 0.069,
                                                        "Actual Total Time": 84.41,
                                                        "Actual Rows": 263314,
                                                        "Actual Loops": 1
                                                    },
                                                    {
                                                        "Worker Number": 1,
                                                        "Actual Startup Time": 0.072,
                                                        "Actual Total Time": 79.745,
                                                        "Actual Rows": 351851,
                                                        "Actual Loops": 1
                                                    },
                                                    {
                                                        "Worker Number": 2,
                                                        "Actual Startup Time": 0.074,
                                                        "Actual Total Time": 82.245,
                                                        "Actual Rows": 350279,
                                                        "Actual Loops": 1
                                                    },
                                                    {
                                                        "Worker Number": 3,
                                                        "Actual Startup Time": 0.064,
                                                        "Actual Total Time": 80.546,
                                                        "Actual Rows": 354418,
                                                        "Actual Loops": 1
                                                    },
                                                    {
                                                        "Worker Number": 4,
                                                        "Actual Startup Time": 0.073,
                                                        "Actual Total Time": 77.247,
                                                        "Actual Rows": 307683,
                                                        "Actual Loops": 1
                                                    },
                                                    {
                                                        "Worker Number": 5,
                                                        "Actual Startup Time": 0.069,
                                                        "Actual Total Time": 79.983,
                                                        "Actual Rows": 352117,
                                                        "Actual Loops": 1
                                                    }
                                                ]
                                            }
                                        ]
                                    }
                                ]
                            }
                        ]
                    }
                ]
            }
        ]
    },
    "Planning Time": 0.732,
    "Triggers": [],
    "Execution Time": 1668.651
}