[
    {
        "Bao": {
            "Bao prediction": "NaN",
            "Bao recommended hint": "(no hint)"
        }
    },
    {
        "Plan": {
            "Node Type": "Aggregate",
            "Strategy": "Plain",
            "Partial Mode": "Finalize",
            "Parallel Aware": false,
            "Startup Cost": 255091.06,
            "Total Cost": 255091.07,
            "Plan Rows": 1,
            "Plan Width": 8,
            "Actual Startup Time": 1327.982,
            "Actual Total Time": 1364.734,
            "Actual Rows": 1,
            "Actual Loops": 1,
            "Output": [
                "count(*)"
            ],
            "Plans": [
                {
                    "Node Type": "Gather",
                    "Parent Relationship": "Outer",
                    "Parallel Aware": false,
                    "Startup Cost": 255090.54,
                    "Total Cost": 255091.05,
                    "Plan Rows": 5,
                    "Plan Width": 8,
                    "Actual Startup Time": 1311.827,
                    "Actual Total Time": 1364.721,
                    "Actual Rows": 6,
                    "Actual Loops": 1,
                    "Output": [
                        "(PARTIAL count(*))"
                    ],
                    "Workers Planned": 5,
                    "Workers Launched": 5,
                    "Single Copy": false,
                    "Plans": [
                        {
                            "Node Type": "Aggregate",
                            "Strategy": "Plain",
                            "Partial Mode": "Partial",
                            "Parent Relationship": "Outer",
                            "Parallel Aware": false,
                            "Startup Cost": 254090.54,
                            "Total Cost": 254090.55,
                            "Plan Rows": 1,
                            "Plan Width": 8,
                            "Actual Startup Time": 1298.467,
                            "Actual Total Time": 1298.47,
                            "Actual Rows": 1,
                            "Actual Loops": 6,
                            "Output": [
                                "PARTIAL count(*)"
                            ],
                            "Workers": [
                                {
                                    "Worker Number": 0,
                                    "Actual Startup Time": 1297.01,
                                    "Actual Total Time": 1297.013,
                                    "Actual Rows": 1,
                                    "Actual Loops": 1
                                },
                                {
                                    "Worker Number": 1,
                                    "Actual Startup Time": 1295.594,
                                    "Actual Total Time": 1295.596,
                                    "Actual Rows": 1,
                                    "Actual Loops": 1
                                },
                                {
                                    "Worker Number": 2,
                                    "Actual Startup Time": 1295.618,
                                    "Actual Total Time": 1295.621,
                                    "Actual Rows": 1,
                                    "Actual Loops": 1
                                },
                                {
                                    "Worker Number": 3,
                                    "Actual Startup Time": 1295.571,
                                    "Actual Total Time": 1295.573,
                                    "Actual Rows": 1,
                                    "Actual Loops": 1
                                },
                                {
                                    "Worker Number": 4,
                                    "Actual Startup Time": 1295.927,
                                    "Actual Total Time": 1295.93,
                                    "Actual Rows": 1,
                                    "Actual Loops": 1
                                }
                            ],
                            "Plans": [
                                {
                                    "Node Type": "Hash Join",
                                    "Parent Relationship": "Outer",
                                    "Parallel Aware": true,
                                    "Join Type": "Inner",
                                    "Startup Cost": 50320.43,
                                    "Total Cost": 249570.06,
                                    "Plan Rows": 1808193,
                                    "Plan Width": 0,
                                    "Actual Startup Time": 228.455,
                                    "Actual Total Time": 1245.037,
                                    "Actual Rows": 901372,
                                    "Actual Loops": 6,
                                    "Inner Unique": true,
                                    "Hash Cond": "(mi.movie_id = t.id)",
                                    "Workers": [
                                        {
                                            "Worker Number": 0,
                                            "Actual Startup Time": 225.916,
                                            "Actual Total Time": 1241.303,
                                            "Actual Rows": 779347,
                                            "Actual Loops": 1
                                        },
                                        {
                                            "Worker Number": 1,
                                            "Actual Startup Time": 225.76,
                                            "Actual Total Time": 1247.643,
                                            "Actual Rows": 1099000,
                                            "Actual Loops": 1
                                        },
                                        {
                                            "Worker Number": 2,
                                            "Actual Startup Time": 225.789,
                                            "Actual Total Time": 1240.117,
                                            "Actual Rows": 773133,
                                            "Actual Loops": 1
                                        },
                                        {
                                            "Worker Number": 3,
                                            "Actual Startup Time": 225.835,
                                            "Actual Total Time": 1246.785,
                                            "Actual Rows": 1089274,
                                            "Actual Loops": 1
                                        },
                                        {
                                            "Worker Number": 4,
                                            "Actual Startup Time": 226.058,
                                            "Actual Total Time": 1240.381,
                                            "Actual Rows": 778205,
                                            "Actual Loops": 1
                                        }
                                    ],
                                    "Plans": [
                                        {
                                            "Node Type": "Seq Scan",
                                            "Parent Relationship": "Outer",
                                            "Parallel Aware": true,
                                            "Relation Name": "movie_info",
                                            "Schema": "public",
                                            "Alias": "mi",
                                            "Startup Cost": 0.0,
                                            "Total Cost": 191503.19,
                                            "Plan Rows": 2951019,
                                            "Plan Width": 4,
                                            "Actual Startup Time": 0.025,
                                            "Actual Total Time": 327.779,
                                            "Actual Rows": 2472620,
                                            "Actual Loops": 6,
                                            "Output": [
                                                "mi.id",
                                                "mi.movie_id",
                                                "mi.info_type_id",
                                                "mi.info",
                                                "mi.note"
                                            ],
                                            "Workers": [
                                                {
                                                    "Worker Number": 0,
                                                    "Actual Startup Time": 0.031,
                                                    "Actual Total Time": 345.129,
                                                    "Actual Rows": 2118401,
                                                    "Actual Loops": 1
                                                },
                                                {
                                                    "Worker Number": 1,
                                                    "Actual Startup Time": 0.024,
                                                    "Actual Total Time": 328.674,
                                                    "Actual Rows": 3015759,
                                                    "Actual Loops": 1
                                                },
                                                {
                                                    "Worker Number": 2,
                                                    "Actual Startup Time": 0.032,
                                                    "Actual Total Time": 345.977,
                                                    "Actual Rows": 2112024,
                                                    "Actual Loops": 1
                                                },
                                                {
                                                    "Worker Number": 3,
                                                    "Actual Startup Time": 0.025,
                                                    "Actual Total Time": 314.426,
                                                    "Actual Rows": 3015737,
                                                    "Actual Loops": 1
                                                },
                                                {
                                                    "Worker Number": 4,
                                                    "Actual Startup Time": 0.026,
                                                    "Actual Total Time": 355.063,
                                                    "Actual Rows": 2111812,
                                                    "Actual Loops": 1
                                                }
                                            ]
                                        },
                                        {
                                            "Node Type": "Hash",
                                            "Parent Relationship": "Inner",
                                            "Parallel Aware": true,
                                            "Startup Cost": 45479.21,
                                            "Total Cost": 45479.21,
                                            "Plan Rows": 387298,
                                            "Plan Width": 4,
                                            "Actual Startup Time": 223.255,
                                            "Actual Total Time": 223.255,
                                            "Actual Rows": 257839,
                                            "Actual Loops": 6,
                                            "Output": [
                                                "t.id"
                                            ],
                                            "Hash Buckets": 2097152,
                                            "Original Hash Buckets": 2097152,
                                            "Hash Batches": 1,
                                            "Original Hash Batches": 1,
                                            "Peak Memory Usage": 76992,
                                            "Workers": [
                                                {
                                                    "Worker Number": 0,
                                                    "Actual Startup Time": 224.983,
                                                    "Actual Total Time": 224.984,
                                                    "Actual Rows": 216337,
                                                    "Actual Loops": 1
                                                },
                                                {
                                                    "Worker Number": 1,
                                                    "Actual Startup Time": 225.03,
                                                    "Actual Total Time": 225.03,
                                                    "Actual Rows": 299590,
                                                    "Actual Loops": 1
                                                },
                                                {
                                                    "Worker Number": 2,
                                                    "Actual Startup Time": 224.96,
                                                    "Actual Total Time": 224.961,
                                                    "Actual Rows": 213162,
                                                    "Actual Loops": 1
                                                },
                                                {
                                                    "Worker Number": 3,
                                                    "Actual Startup Time": 224.94,
                                                    "Actual Total Time": 224.941,
                                                    "Actual Rows": 296856,
                                                    "Actual Loops": 1
                                                },
                                                {
                                                    "Worker Number": 4,
                                                    "Actual Startup Time": 225.216,
                                                    "Actual Total Time": 225.217,
                                                    "Actual Rows": 217723,
                                                    "Actual Loops": 1
                                                }
                                            ],
                                            "Plans": [
                                                {
                                                    "Node Type": "Seq Scan",
                                                    "Parent Relationship": "Outer",
                                                    "Parallel Aware": true,
                                                    "Relation Name": "title",
                                                    "Schema": "public",
                                                    "Alias": "t",
                                                    "Startup Cost": 0.0,
                                                    "Total Cost": 45479.21,
                                                    "Plan Rows": 387298,
                                                    "Plan Width": 4,
                                                    "Actual Startup Time": 0.049,
                                                    "Actual Total Time": 95.291,
                                                    "Actual Rows": 257839,
                                                    "Actual Loops": 6,
                                                    "Output": [
                                                        "t.id"
                                                    ],
                                                    "Filter": "((t.kind_id > 2) AND (t.production_year < 2012))",
                                                    "Rows Removed by Filter": 163546,
                                                    "Workers": [
                                                        {
                                                            "Worker Number": 0,
                                                            "Actual Startup Time": 0.054,
                                                            "Actual Total Time": 98.519,
                                                            "Actual Rows": 216337,
                                                            "Actual Loops": 1
                                                        },
                                                        {
                                                            "Worker Number": 1,
                                                            "Actual Startup Time": 0.057,
                                                            "Actual Total Time": 94.991,
                                                            "Actual Rows": 299590,
                                                            "Actual Loops": 1
                                                        },
                                                        {
                                                            "Worker Number": 2,
                                                            "Actual Startup Time": 0.046,
                                                            "Actual Total Time": 97.461,
                                                            "Actual Rows": 213162,
                                                            "Actual Loops": 1
                                                        },
                                                        {
                                                            "Worker Number": 3,
                                                            "Actual Startup Time": 0.058,
                                                            "Actual Total Time": 93.027,
                                                            "Actual Rows": 296856,
                                                            "Actual Loops": 1
                                                        },
                                                        {
                                                            "Worker Number": 4,
                                                            "Actual Startup Time": 0.065,
                                                            "Actual Total Time": 100.4,
                                                            "Actual Rows": 217723,
                                                            "Actual Loops": 1
                                                        }
                                                    ]
                                                }
                                            ]
                                        }
                                    ]
                                }
                            ]
                        }
                    ]
                }
            ]
        },
        "Planning Time": 334.092,
        "Triggers": [],
        "Execution Time": 1364.838
    }
]