[
    {
        "Bao": {
            "Bao prediction": "NaN",
            "Bao recommended hint": "(no hint)"
        }
    },
    {
        "Plan": {
            "Node Type": "Aggregate",
            "Strategy": "Plain",
            "Partial Mode": "Finalize",
            "Parallel Aware": false,
            "Startup Cost": 35251.38,
            "Total Cost": 35251.39,
            "Plan Rows": 1,
            "Plan Width": 8,
            "Actual Startup Time": 99.356,
            "Actual Total Time": 105.514,
            "Actual Rows": 1,
            "Actual Loops": 1,
            "Output": [
                "count(*)"
            ],
            "Plans": [
                {
                    "Node Type": "Gather",
                    "Parent Relationship": "Outer",
                    "Parallel Aware": false,
                    "Startup Cost": 35251.06,
                    "Total Cost": 35251.37,
                    "Plan Rows": 3,
                    "Plan Width": 8,
                    "Actual Startup Time": 99.055,
                    "Actual Total Time": 105.506,
                    "Actual Rows": 4,
                    "Actual Loops": 1,
                    "Output": [
                        "(PARTIAL count(*))"
                    ],
                    "Workers Planned": 3,
                    "Workers Launched": 3,
                    "Single Copy": false,
                    "Plans": [
                        {
                            "Node Type": "Aggregate",
                            "Strategy": "Plain",
                            "Partial Mode": "Partial",
                            "Parent Relationship": "Outer",
                            "Parallel Aware": false,
                            "Startup Cost": 34251.06,
                            "Total Cost": 34251.07,
                            "Plan Rows": 1,
                            "Plan Width": 8,
                            "Actual Startup Time": 90.423,
                            "Actual Total Time": 90.425,
                            "Actual Rows": 1,
                            "Actual Loops": 4,
                            "Output": [
                                "PARTIAL count(*)"
                            ],
                            "Workers": [
                                {
                                    "Worker Number": 0,
                                    "Actual Startup Time": 87.609,
                                    "Actual Total Time": 87.61,
                                    "Actual Rows": 1,
                                    "Actual Loops": 1
                                },
                                {
                                    "Worker Number": 1,
                                    "Actual Startup Time": 87.618,
                                    "Actual Total Time": 87.619,
                                    "Actual Rows": 1,
                                    "Actual Loops": 1
                                },
                                {
                                    "Worker Number": 2,
                                    "Actual Startup Time": 87.925,
                                    "Actual Total Time": 87.927,
                                    "Actual Rows": 1,
                                    "Actual Loops": 1
                                }
                            ],
                            "Plans": [
                                {
                                    "Node Type": "Bitmap Heap Scan",
                                    "Parent Relationship": "Outer",
                                    "Parallel Aware": true,
                                    "Relation Name": "movie_keyword",
                                    "Schema": "public",
                                    "Alias": "mk",
                                    "Startup Cost": 7977.98,
                                    "Total Cost": 33947.88,
                                    "Plan Rows": 121272,
                                    "Plan Width": 0,
                                    "Actual Startup Time": 23.069,
                                    "Actual Total Time": 85.039,
                                    "Actual Rows": 93160,
                                    "Actual Loops": 4,
                                    "Recheck Cond": "(mk.keyword_id > 45439)",
                                    "Rows Removed by Index Recheck": 0,
                                    "Exact Heap Blocks": 10886,
                                    "Lossy Heap Blocks": 0,
                                    "Workers": [
                                        {
                                            "Worker Number": 0,
                                            "Actual Startup Time": 20.428,
                                            "Actual Total Time": 82.793,
                                            "Actual Rows": 67018,
                                            "Actual Loops": 1
                                        },
                                        {
                                            "Worker Number": 1,
                                            "Actual Startup Time": 20.367,
                                            "Actual Total Time": 83.035,
                                            "Actual Rows": 58672,
                                            "Actual Loops": 1
                                        },
                                        {
                                            "Worker Number": 2,
                                            "Actual Startup Time": 20.59,
                                            "Actual Total Time": 83.034,
                                            "Actual Rows": 66412,
                                            "Actual Loops": 1
                                        }
                                    ],
                                    "Plans": [
                                        {
                                            "Node Type": "Bitmap Index Scan",
                                            "Parent Relationship": "Outer",
                                            "Parallel Aware": false,
                                            "Index Name": "keyword_id_movie_keyword",
                                            "Startup Cost": 0.0,
                                            "Total Cost": 7884.0,
                                            "Plan Rows": 375942,
                                            "Plan Width": 0,
                                            "Actual Startup Time": 27.629,
                                            "Actual Total Time": 27.63,
                                            "Actual Rows": 372642,
                                            "Actual Loops": 1,
                                            "Index Cond": "(mk.keyword_id > 45439)"
                                        }
                                    ]
                                }
                            ]
                        }
                    ]
                }
            ]
        },
        "Planning Time": 216.482,
        "Triggers": [],
        "Execution Time": 105.614
    }
]