[
  {
    "Plan": {
      "Node Type": "Aggregate",
      "Strategy": "Plain",
      "Partial Mode": "Finalize",
      "Parallel Aware": false,
      "Startup Cost": 10295.37,
      "Total Cost": 10295.38,
      "Plan Rows": 1,
      "Plan Width": 8,
      "Actual Startup Time": 24.899,
      "Actual Total Time": 28.898,
      "Actual Rows": 1,
      "Actual Loops": 1,
      "Plans": [
        {
          "Node Type": "Gather",
          "Parent Relationship": "Outer",
          "Parallel Aware": false,
          "Startup Cost": 10295.05,
          "Total Cost": 10295.36,
          "Plan Rows": 3,
          "Plan Width": 8,
          "Actual Startup Time": 24.826,
          "Actual Total Time": 28.893,
          "Actual Rows": 4,
          "Actual Loops": 1,
          "Workers Planned": 3,
          "Workers Launched": 3,
          "Single Copy": false,
          "Plans": [
            {
              "Node Type": "Aggregate",
              "Strategy": "Plain",
              "Partial Mode": "Partial",
              "Parent Relationship": "Outer",
              "Parallel Aware": false,
              "Startup Cost": 9295.05,
              "Total Cost": 9295.06,
              "Plan Rows": 1,
              "Plan Width": 8,
              "Actual Startup Time": 20.758,
              "Actual Total Time": 20.759,
              "Actual Rows": 1,
              "Actual Loops": 4,
              "Plans": [
                {
                  "Node Type": "Index Scan",
                  "Parent Relationship": "Outer",
                  "Parallel Aware": true,
                  "Scan Direction": "Forward",
                  "Index Name": "role_id_cast_info",
                  "Relation Name": "cast_info",
                  "Alias": "ci",
                  "Startup Cost": 0.56,
                  "Total Cost": 9091.72,
                  "Plan Rows": 81330,
                  "Plan Width": 0,
                  "Actual Startup Time": 0.085,
                  "Actual Total Time": 19.303,
                  "Actual Rows": 24398,
                  "Actual Loops": 4,
                  "Index Cond": "(role_id > 10)",
                  "Rows Removed by Index Recheck": 0,
                  "Filter": "(person_id < 2949531)",
                  "Rows Removed by Filter": 54632
                }
              ]
            }
          ]
        }
      ]
    },
    "Planning Time": 0.117,
    "Triggers": [],
    "Execution Time": 28.931
  }
]