[
  {
    "Plan": {
      "Node Type": "Aggregate",
      "Strategy": "Plain",
      "Partial Mode": "Finalize",
      "Parallel Aware": false,
      "Startup Cost": 99371.63,
      "Total Cost": 99371.64,
      "Plan Rows": 1,
      "Plan Width": 8,
      "Actual Startup Time": 260.51,
      "Actual Total Time": 282.591,
      "Actual Rows": 1,
      "Actual Loops": 1,
      "Plans": [
        {
          "Node Type": "Gather",
          "Parent Relationship": "Outer",
          "Parallel Aware": false,
          "Startup Cost": 99371.32,
          "Total Cost": 99371.63,
          "Plan Rows": 3,
          "Plan Width": 8,
          "Actual Startup Time": 259.677,
          "Actual Total Time": 282.581,
          "Actual Rows": 4,
          "Actual Loops": 1,
          "Workers Planned": 3,
          "Workers Launched": 3,
          "Single Copy": false,
          "Plans": [
            {
              "Node Type": "Aggregate",
              "Strategy": "Plain",
              "Partial Mode": "Partial",
              "Parent Relationship": "Outer",
              "Parallel Aware": false,
              "Startup Cost": 98371.32,
              "Total Cost": 98371.33,
              "Plan Rows": 1,
              "Plan Width": 8,
              "Actual Startup Time": 252.014,
              "Actual Total Time": 252.018,
              "Actual Rows": 1,
              "Actual Loops": 4,
              "Plans": [
                {
                  "Node Type": "Nested Loop",
                  "Parent Relationship": "Outer",
                  "Parallel Aware": false,
                  "Join Type": "Inner",
                  "Startup Cost": 44209.75,
                  "Total Cost": 98346.1,
                  "Plan Rows": 10086,
                  "Plan Width": 0,
                  "Actual Startup Time": 100.299,
                  "Actual Total Time": 248.112,
                  "Actual Rows": 95688,
                  "Actual Loops": 4,
                  "Inner Unique": false,
                  "Join Filter": "(t.id = mk.movie_id)",
                  "Rows Removed by Join Filter": 0,
                  "Plans": [
                    {
                      "Node Type": "Hash Join",
                      "Parent Relationship": "Outer",
                      "Parallel Aware": true,
                      "Join Type": "Inner",
                      "Startup Cost": 44209.32,
                      "Total Cost": 76430.1,
                      "Plan Rows": 12046,
                      "Plan Width": 8,
                      "Actual Startup Time": 100.086,
                      "Actual Total Time": 185.348,
                      "Actual Rows": 6774,
                      "Actual Loops": 4,
                      "Inner Unique": true,
                      "Hash Cond": "(mc.movie_id = t.id)",
                      "Plans": [
                        {
                          "Node Type": "Seq Scan",
                          "Parent Relationship": "Outer",
                          "Parallel Aware": true,
                          "Relation Name": "movie_companies",
                          "Alias": "mc",
                          "Startup Cost": 0.0,
                          "Total Cost": 31414.82,
                          "Plan Rows": 307033,
                          "Plan Width": 4,
                          "Actual Startup Time": 0.19,
                          "Actual Total Time": 62.471,
                          "Actual Rows": 200711,
                          "Actual Loops": 4,
                          "Filter": "((company_id > 923) AND (company_type_id = 1))",
                          "Rows Removed by Filter": 451572
                        },
                        {
                          "Node Type": "Hash",
                          "Parent Relationship": "Inner",
                          "Parallel Aware": true,
                          "Startup Cost": 43899.32,
                          "Total Cost": 43899.32,
                          "Plan Rows": 24800,
                          "Plan Width": 4,
                          "Actual Startup Time": 98.816,
                          "Actual Total Time": 98.817,
                          "Actual Rows": 23751,
                          "Actual Loops": 4,
                          "Hash Buckets": 131072,
                          "Original Hash Buckets": 131072,
                          "Hash Batches": 1,
                          "Original Hash Batches": 1,
                          "Peak Memory Usage": 4800,
                          "Plans": [
                            {
                              "Node Type": "Seq Scan",
                              "Parent Relationship": "Outer",
                              "Parallel Aware": true,
                              "Relation Name": "title",
                              "Alias": "t",
                              "Startup Cost": 0.0,
                              "Total Cost": 43899.32,
                              "Plan Rows": 24800,
                              "Plan Width": 4,
                              "Actual Startup Time": 0.049,
                              "Actual Total Time": 89.504,
                              "Actual Rows": 23751,
                              "Actual Loops": 4,
                              "Filter": "(production_year = 2005)",
                              "Rows Removed by Filter": 608327
                            }
                          ]
                        }
                      ]
                    },
                    {
                      "Node Type": "Index Scan",
                      "Parent Relationship": "Inner",
                      "Parallel Aware": false,
                      "Scan Direction": "Forward",
                      "Index Name": "movie_id_movie_keyword",
                      "Relation Name": "movie_keyword",
                      "Alias": "mk",
                      "Startup Cost": 0.43,
                      "Total Cost": 1.54,
                      "Plan Rows": 22,
                      "Plan Width": 4,
                      "Actual Startup Time": 0.004,
                      "Actual Total Time": 0.008,
                      "Actual Rows": 14,
                      "Actual Loops": 27097,
                      "Index Cond": "(movie_id = mc.movie_id)",
                      "Rows Removed by Index Recheck": 0,
                      "Filter": "(keyword_id < 3921)",
                      "Rows Removed by Filter": 17
                    }
                  ]
                }
              ]
            }
          ]
        }
      ]
    },
    "Planning Time": 0.773,
    "Triggers": [],
    "Execution Time": 282.659
  }
]