[
  {
    "Plan": {
      "Node Type": "Aggregate",
      "Strategy": "Plain",
      "Partial Mode": "Finalize",
      "Parallel Aware": false,
      "Startup Cost": 33369.08,
      "Total Cost": 33369.09,
      "Plan Rows": 1,
      "Plan Width": 8,
      "Actual Startup Time": 99.378,
      "Actual Total Time": 106.824,
      "Actual Rows": 1,
      "Actual Loops": 1,
      "Plans": [
        {
          "Node Type": "Gather",
          "Parent Relationship": "Outer",
          "Parallel Aware": false,
          "Startup Cost": 33368.77,
          "Total Cost": 33369.08,
          "Plan Rows": 3,
          "Plan Width": 8,
          "Actual Startup Time": 99.207,
          "Actual Total Time": 106.818,
          "Actual Rows": 4,
          "Actual Loops": 1,
          "Workers Planned": 3,
          "Workers Launched": 3,
          "Single Copy": false,
          "Plans": [
            {
              "Node Type": "Aggregate",
              "Strategy": "Plain",
              "Partial Mode": "Partial",
              "Parent Relationship": "Outer",
              "Parallel Aware": false,
              "Startup Cost": 32368.77,
              "Total Cost": 32368.78,
              "Plan Rows": 1,
              "Plan Width": 8,
              "Actual Startup Time": 91.441,
              "Actual Total Time": 91.443,
              "Actual Rows": 1,
              "Actual Loops": 4,
              "Plans": [
                {
                  "Node Type": "Seq Scan",
                  "Parent Relationship": "Outer",
                  "Parallel Aware": true,
                  "Relation Name": "movie_companies",
                  "Alias": "mc",
                  "Startup Cost": 0.0,
                  "Total Cost": 31414.82,
                  "Plan Rows": 381579,
                  "Plan Width": 0,
                  "Actual Startup Time": 45.249,
                  "Actual Total Time": 80.625,
                  "Actual Rows": 261882,
                  "Actual Loops": 4,
                  "Filter": "((company_id < 95132) AND (company_type_id > 1))",
                  "Rows Removed by Filter": 390400
                }
              ]
            }
          ]
        }
      ]
    },
    "Planning Time": 0.128,
    "Triggers": [],
    "Execution Time": 106.859
  }
]