[
  {
    "Plan": {
      "Node Type": "Aggregate",
      "Strategy": "Plain",
      "Partial Mode": "Finalize",
      "Parallel Aware": false,
      "Startup Cost": 297629.49,
      "Total Cost": 297629.5,
      "Plan Rows": 1,
      "Plan Width": 8,
      "Actual Startup Time": 1496.992,
      "Actual Total Time": 1543.806,
      "Actual Rows": 1,
      "Actual Loops": 1,
      "Plans": [
        {
          "Node Type": "Gather",
          "Parent Relationship": "Outer",
          "Parallel Aware": false,
          "Startup Cost": 297628.97,
          "Total Cost": 297629.48,
          "Plan Rows": 5,
          "Plan Width": 8,
          "Actual Startup Time": 1482.722,
          "Actual Total Time": 1543.794,
          "Actual Rows": 6,
          "Actual Loops": 1,
          "Workers Planned": 5,
          "Workers Launched": 5,
          "Single Copy": false,
          "Plans": [
            {
              "Node Type": "Aggregate",
              "Strategy": "Plain",
              "Partial Mode": "Partial",
              "Parent Relationship": "Outer",
              "Parallel Aware": false,
              "Startup Cost": 296628.97,
              "Total Cost": 296628.98,
              "Plan Rows": 1,
              "Plan Width": 8,
              "Actual Startup Time": 1472.861,
              "Actual Total Time": 1473.267,
              "Actual Rows": 1,
              "Actual Loops": 6,
              "Plans": [
                {
                  "Node Type": "Hash Join",
                  "Parent Relationship": "Outer",
                  "Parallel Aware": true,
                  "Join Type": "Inner",
                  "Startup Cost": 85007.86,
                  "Total Cost": 294817.48,
                  "Plan Rows": 724595,
                  "Plan Width": 0,
                  "Actual Startup Time": 384.975,
                  "Actual Total Time": 1294.195,
                  "Actual Rows": 4511896,
                  "Actual Loops": 6,
                  "Inner Unique": false,
                  "Hash Cond": "(mi.movie_id = t.id)",
                  "Plans": [
                    {
                      "Node Type": "Seq Scan",
                      "Parent Relationship": "Outer",
                      "Parallel Aware": true,
                      "Relation Name": "movie_info",
                      "Alias": "mi",
                      "Startup Cost": 0.0,
                      "Total Cost": 199108.24,
                      "Plan Rows": 2230394,
                      "Plan Width": 4,
                      "Actual Startup Time": 0.035,
                      "Actual Total Time": 338.653,
                      "Actual Rows": 1868457,
                      "Actual Loops": 6,
                      "Filter": "(info_type_id > 3)",
                      "Rows Removed by Filter": 604163
                    },
                    {
                      "Node Type": "Hash",
                      "Parent Relationship": "Inner",
                      "Parallel Aware": true,
                      "Startup Cost": 81695.7,
                      "Total Cost": 81695.7,
                      "Plan Rows": 264973,
                      "Plan Width": 8,
                      "Actual Startup Time": 380.174,
                      "Actual Total Time": 380.578,
                      "Actual Rows": 109310,
                      "Actual Loops": 6,
                      "Hash Buckets": 1048576,
                      "Original Hash Buckets": 1048576,
                      "Hash Batches": 1,
                      "Original Hash Batches": 1,
                      "Peak Memory Usage": 33952,
                      "Plans": [
                        {
                          "Node Type": "Hash Join",
                          "Parent Relationship": "Outer",
                          "Parallel Aware": true,
                          "Join Type": "Inner",
                          "Startup Cost": 49254.65,
                          "Total Cost": 81695.7,
                          "Plan Rows": 264973,
                          "Plan Width": 8,
                          "Actual Startup Time": 225.843,
                          "Actual Total Time": 334.815,
                          "Actual Rows": 109310,
                          "Actual Loops": 6,
                          "Inner Unique": true,
                          "Hash Cond": "(mc.movie_id = t.id)",
                          "Plans": [
                            {
                              "Node Type": "Seq Scan",
                              "Parent Relationship": "Outer",
                              "Parallel Aware": true,
                              "Relation Name": "movie_companies",
                              "Alias": "mc",
                              "Startup Cost": 0.0,
                              "Total Cost": 31414.82,
                              "Plan Rows": 390945,
                              "Plan Width": 4,
                              "Actual Startup Time": 0.016,
                              "Actual Total Time": 51.699,
                              "Actual Rows": 194277,
                              "Actual Loops": 6,
                              "Filter": "((company_id > 19) AND (company_type_id < 2))",
                              "Rows Removed by Filter": 240578
                            },
                            {
                              "Node Type": "Hash",
                              "Parent Relationship": "Inner",
                              "Parallel Aware": true,
                              "Startup Cost": 43899.32,
                              "Total Cost": 43899.32,
                              "Plan Rows": 428426,
                              "Plan Width": 4,
                              "Actual Startup Time": 222.384,
                              "Actual Total Time": 222.386,
                              "Actual Rows": 283386,
                              "Actual Loops": 6,
                              "Hash Buckets": 2097152,
                              "Original Hash Buckets": 2097152,
                              "Hash Batches": 1,
                              "Original Hash Batches": 1,
                              "Peak Memory Usage": 83008,
                              "Plans": [
                                {
                                  "Node Type": "Seq Scan",
                                  "Parent Relationship": "Outer",
                                  "Parallel Aware": true,
                                  "Relation Name": "title",
                                  "Alias": "t",
                                  "Startup Cost": 0.0,
                                  "Total Cost": 43899.32,
                                  "Plan Rows": 428426,
                                  "Plan Width": 4,
                                  "Actual Startup Time": 0.044,
                                  "Actual Total Time": 88.165,
                                  "Actual Rows": 283386,
                                  "Actual Loops": 6,
                                  "Filter": "(production_year > 1992)",
                                  "Rows Removed by Filter": 137999
                                }
                              ]
                            }
                          ]
                        }
                      ]
                    }
                  ]
                }
              ]
            }
          ]
        }
      ]
    },
    "Planning Time": 1.297,
    "Triggers": [],
    "Execution Time": 1543.923
  }
]