{
  "Plan": {
    "Node Type": "Aggregate",
    "Strategy": "Plain",
    "Partial Mode": "Finalize",
    "Parallel Aware": false,
    "Startup Cost": 263037.9,
    "Total Cost": 263037.91,
    "Plan Rows": 1,
    "Plan Width": 8,
    "Actual Startup Time": 1189.251,
    "Actual Total Time": 1216.052,
    "Actual Rows": 1,
    "Actual Loops": 1,
    "Plans": [
      {
        "Node Type": "Gather",
        "Parent Relationship": "Outer",
        "Parallel Aware": false,
        "Startup Cost": 263037.79,
        "Total Cost": 263037.9,
        "Plan Rows": 1,
        "Plan Width": 8,
        "Actual Startup Time": 1183.59,
        "Actual Total Time": 1216.043,
        "Actual Rows": 2,
        "Actual Loops": 1,
        "Workers Planned": 1,
        "Workers Launched": 1,
        "Single Copy": false,
        "Plans": [
          {
            "Node Type": "Aggregate",
            "Strategy": "Plain",
            "Partial Mode": "Partial",
            "Parent Relationship": "Outer",
            "Parallel Aware": false,
            "Startup Cost": 262037.79,
            "Total Cost": 262037.8,
            "Plan Rows": 1,
            "Plan Width": 8,
            "Actual Startup Time": 1177.624,
            "Actual Total Time": 1178.182,
            "Actual Rows": 1,
            "Actual Loops": 2,
            "Plans": [
              {
                "Node Type": "Hash Join",
                "Parent Relationship": "Outer",
                "Parallel Aware": true,
                "Join Type": "Inner",
                "Startup Cost": 125879.74,
                "Total Cost": 261555.58,
                "Plan Rows": 192883,
                "Plan Width": 0,
                "Actual Startup Time": 699.87,
                "Actual Total Time": 1150.973,
                "Actual Rows": 705866,
                "Actual Loops": 2,
                "Inner Unique": false,
                "Hash Cond": "(ci.movie_id = t.id)",
                "Plans": [
                  {
                    "Node Type": "Index Scan",
                    "Parent Relationship": "Outer",
                    "Parallel Aware": true,
                    "Scan Direction": "Forward",
                    "Index Name": "role_id_cast_info",
                    "Relation Name": "cast_info",
                    "Alias": "ci",
                    "Startup Cost": 0.56,
                    "Total Cost": 130066.5,
                    "Plan Rows": 1193413,
                    "Plan Width": 4,
                    "Actual Startup Time": 0.081,
                    "Actual Total Time": 263.469,
                    "Actual Rows": 690602,
                    "Actual Loops": 2,
                    "Index Cond": "(role_id = 3)",
                    "Rows Removed by Index Recheck": 0,
                    "Filter": "(person_id < 1803856)",
                    "Rows Removed by Filter": 1313417
                  },
                  {
                    "Node Type": "Hash",
                    "Parent Relationship": "Inner",
                    "Parallel Aware": true,
                    "Startup Cost": 122874.53,
                    "Total Cost": 122874.53,
                    "Plan Rows": 240371,
                    "Plan Width": 8,
                    "Actual Startup Time": 694.307,
                    "Actual Total Time": 694.863,
                    "Actual Rows": 600132,
                    "Actual Loops": 2,
                    "Hash Buckets": 2097152,
                    "Original Hash Buckets": 524288,
                    "Hash Batches": 1,
                    "Original Hash Batches": 1,
                    "Peak Memory Usage": 75648,
                    "Plans": [
                      {
                        "Node Type": "Hash Join",
                        "Parent Relationship": "Outer",
                        "Parallel Aware": true,
                        "Join Type": "Inner",
                        "Startup Cost": 61719.76,
                        "Total Cost": 122874.53,
                        "Plan Rows": 240371,
                        "Plan Width": 8,
                        "Actual Startup Time": 227.521,
                        "Actual Total Time": 560.519,
                        "Actual Rows": 600132,
                        "Actual Loops": 2,
                        "Inner Unique": true,
                        "Hash Cond": "(mk.movie_id = t.id)",
                        "Plans": [
                          {
                            "Node Type": "Seq Scan",
                            "Parent Relationship": "Outer",
                            "Parallel Aware": true,
                            "Relation Name": "movie_keyword",
                            "Alias": "mk",
                            "Startup Cost": 0.0,
                            "Total Cost": 57718.19,
                            "Plan Rows": 1309172,
                            "Plan Width": 4,
                            "Actual Startup Time": 0.438,
                            "Actual Total Time": 186.746,
                            "Actual Rows": 1111108,
                            "Actual Loops": 2,
                            "Filter": "(keyword_id > 4928)",
                            "Rows Removed by Filter": 1150857
                          },
                          {
                            "Node Type": "Hash",
                            "Parent Relationship": "Inner",
                            "Parallel Aware": true,
                            "Startup Cost": 58306.47,
                            "Total Cost": 58306.47,
                            "Plan Rows": 273063,
                            "Plan Width": 4,
                            "Actual Startup Time": 223.295,
                            "Actual Total Time": 223.295,
                            "Actual Rows": 278746,
                            "Actual Loops": 2,
                            "Hash Buckets": 1048576,
                            "Original Hash Buckets": 524288,
                            "Hash Batches": 1,
                            "Original Hash Batches": 1,
                            "Peak Memory Usage": 34144,
                            "Plans": [
                              {
                                "Node Type": "Seq Scan",
                                "Parent Relationship": "Outer",
                                "Parallel Aware": true,
                                "Relation Name": "title",
                                "Alias": "t",
                                "Startup Cost": 0.0,
                                "Total Cost": 58306.47,
                                "Plan Rows": 273063,
                                "Plan Width": 4,
                                "Actual Startup Time": 0.041,
                                "Actual Total Time": 150.062,
                                "Actual Rows": 278746,
                                "Actual Loops": 2,
                                "Filter": "((kind_id < 7) AND (production_year < 2003))",
                                "Rows Removed by Filter": 985410
                              }
                            ]
                          }
                        ]
                      }
                    ]
                  }
                ]
              }
            ]
          }
        ]
      }
    ]
  },
  "Planning Time": 1.058,
  "Triggers": [],
  "Execution Time": 1216.139
}