{
  "Plan": {
    "Node Type": "Aggregate",
    "Strategy": "Plain",
    "Partial Mode": "Finalize",
    "Parallel Aware": false,
    "Startup Cost": 129604.07,
    "Total Cost": 129604.08,
    "Plan Rows": 1,
    "Plan Width": 8,
    "Actual Startup Time": 679.087,
    "Actual Total Time": 696.088,
    "Actual Rows": 1,
    "Actual Loops": 1,
    "Plans": [
      {
        "Node Type": "Gather",
        "Parent Relationship": "Outer",
        "Parallel Aware": false,
        "Startup Cost": 129603.96,
        "Total Cost": 129604.07,
        "Plan Rows": 1,
        "Plan Width": 8,
        "Actual Startup Time": 677.814,
        "Actual Total Time": 696.08,
        "Actual Rows": 2,
        "Actual Loops": 1,
        "Workers Planned": 1,
        "Workers Launched": 1,
        "Single Copy": false,
        "Plans": [
          {
            "Node Type": "Aggregate",
            "Strategy": "Plain",
            "Partial Mode": "Partial",
            "Parent Relationship": "Outer",
            "Parallel Aware": false,
            "Startup Cost": 128603.96,
            "Total Cost": 128603.97,
            "Plan Rows": 1,
            "Plan Width": 8,
            "Actual Startup Time": 672.048,
            "Actual Total Time": 672.051,
            "Actual Rows": 1,
            "Actual Loops": 2,
            "Plans": [
              {
                "Node Type": "Hash Join",
                "Parent Relationship": "Outer",
                "Parallel Aware": true,
                "Join Type": "Inner",
                "Startup Cost": 62454.72,
                "Total Cost": 127126.27,
                "Plan Rows": 591074,
                "Plan Width": 0,
                "Actual Startup Time": 224.397,
                "Actual Total Time": 639.609,
                "Actual Rows": 839537,
                "Actual Loops": 2,
                "Inner Unique": true,
                "Hash Cond": "(mk.movie_id = t.id)",
                "Plans": [
                  {
                    "Node Type": "Seq Scan",
                    "Parent Relationship": "Outer",
                    "Parallel Aware": true,
                    "Relation Name": "movie_keyword",
                    "Alias": "mk",
                    "Startup Cost": 0.0,
                    "Total Cost": 57718.19,
                    "Plan Rows": 2648896,
                    "Plan Width": 4,
                    "Actual Startup Time": 0.014,
                    "Actual Total Time": 198.6,
                    "Actual Rows": 2252606,
                    "Actual Loops": 2,
                    "Filter": "(keyword_id < 118264)",
                    "Rows Removed by Filter": 9359
                  },
                  {
                    "Node Type": "Hash",
                    "Parent Relationship": "Inner",
                    "Parallel Aware": true,
                    "Startup Cost": 58306.47,
                    "Total Cost": 58306.47,
                    "Plan Rows": 331860,
                    "Plan Width": 4,
                    "Actual Startup Time": 215.247,
                    "Actual Total Time": 215.248,
                    "Actual Rows": 238584,
                    "Actual Loops": 2,
                    "Hash Buckets": 1048576,
                    "Original Hash Buckets": 1048576,
                    "Hash Batches": 1,
                    "Original Hash Batches": 1,
                    "Peak Memory Usage": 26912,
                    "Plans": [
                      {
                        "Node Type": "Seq Scan",
                        "Parent Relationship": "Outer",
                        "Parallel Aware": true,
                        "Relation Name": "title",
                        "Alias": "t",
                        "Startup Cost": 0.0,
                        "Total Cost": 58306.47,
                        "Plan Rows": 331860,
                        "Plan Width": 4,
                        "Actual Startup Time": 0.041,
                        "Actual Total Time": 150.125,
                        "Actual Rows": 238584,
                        "Actual Loops": 2,
                        "Filter": "((kind_id < 7) AND (production_year > 1999))",
                        "Rows Removed by Filter": 1025572
                      }
                    ]
                  }
                ]
              }
            ]
          }
        ]
      }
    ]
  },
  "Planning Time": 0.784,
  "Triggers": [],
  "Execution Time": 696.157
}