{
  "Plan": {
    "Node Type": "Aggregate",
    "Strategy": "Plain",
    "Partial Mode": "Finalize",
    "Parallel Aware": false,
    "Startup Cost": 98268.11,
    "Total Cost": 98268.12,
    "Plan Rows": 1,
    "Plan Width": 8,
    "Actual Startup Time": 290.161,
    "Actual Total Time": 307.282,
    "Actual Rows": 1,
    "Actual Loops": 1,
    "Plans": [
      {
        "Node Type": "Gather",
        "Parent Relationship": "Outer",
        "Parallel Aware": false,
        "Startup Cost": 98268.0,
        "Total Cost": 98268.11,
        "Plan Rows": 1,
        "Plan Width": 8,
        "Actual Startup Time": 289.822,
        "Actual Total Time": 307.275,
        "Actual Rows": 2,
        "Actual Loops": 1,
        "Workers Planned": 1,
        "Workers Launched": 1,
        "Single Copy": false,
        "Plans": [
          {
            "Node Type": "Aggregate",
            "Strategy": "Plain",
            "Partial Mode": "Partial",
            "Parent Relationship": "Outer",
            "Parallel Aware": false,
            "Startup Cost": 97268.0,
            "Total Cost": 97268.01,
            "Plan Rows": 1,
            "Plan Width": 8,
            "Actual Startup Time": 283.741,
            "Actual Total Time": 283.744,
            "Actual Rows": 1,
            "Actual Loops": 2,
            "Plans": [
              {
                "Node Type": "Hash Join",
                "Parent Relationship": "Outer",
                "Parallel Aware": true,
                "Join Type": "Inner",
                "Startup Cost": 67561.71,
                "Total Cost": 97244.46,
                "Plan Rows": 9414,
                "Plan Width": 0,
                "Actual Startup Time": 178.636,
                "Actual Total Time": 283.506,
                "Actual Rows": 2854,
                "Actual Loops": 2,
                "Inner Unique": true,
                "Hash Cond": "(mk.movie_id = t.id)",
                "Plans": [
                  {
                    "Node Type": "Bitmap Heap Scan",
                    "Parent Relationship": "Outer",
                    "Parallel Aware": true,
                    "Relation Name": "movie_keyword",
                    "Alias": "mk",
                    "Startup Cost": 12467.06,
                    "Total Cost": 41242.34,
                    "Plan Rows": 345702,
                    "Plan Width": 4,
                    "Actual Startup Time": 32.05,
                    "Actual Total Time": 103.317,
                    "Actual Rows": 300576,
                    "Actual Loops": 2,
                    "Recheck Cond": "(keyword_id < 445)",
                    "Rows Removed by Index Recheck": 0,
                    "Exact Heap Blocks": 14584,
                    "Lossy Heap Blocks": 0,
                    "Plans": [
                      {
                        "Node Type": "Bitmap Index Scan",
                        "Parent Relationship": "Outer",
                        "Parallel Aware": false,
                        "Index Name": "keyword_id_movie_keyword",
                        "Startup Cost": 0.0,
                        "Total Cost": 12320.14,
                        "Plan Rows": 587694,
                        "Plan Width": 0,
                        "Actual Startup Time": 28.44,
                        "Actual Total Time": 28.44,
                        "Actual Rows": 601152,
                        "Actual Loops": 1,
                        "Index Cond": "(keyword_id < 445)"
                      }
                    ]
                  },
                  {
                    "Node Type": "Hash",
                    "Parent Relationship": "Inner",
                    "Parallel Aware": true,
                    "Startup Cost": 54588.39,
                    "Total Cost": 54588.39,
                    "Plan Rows": 40501,
                    "Plan Width": 4,
                    "Actual Startup Time": 144.026,
                    "Actual Total Time": 144.026,
                    "Actual Rows": 33671,
                    "Actual Loops": 2,
                    "Hash Buckets": 131072,
                    "Original Hash Buckets": 131072,
                    "Hash Batches": 1,
                    "Original Hash Batches": 1,
                    "Peak Memory Usage": 3680,
                    "Plans": [
                      {
                        "Node Type": "Seq Scan",
                        "Parent Relationship": "Outer",
                        "Parallel Aware": true,
                        "Relation Name": "title",
                        "Alias": "t",
                        "Startup Cost": 0.0,
                        "Total Cost": 54588.39,
                        "Plan Rows": 40501,
                        "Plan Width": 4,
                        "Actual Startup Time": 0.089,
                        "Actual Total Time": 133.511,
                        "Actual Rows": 33671,
                        "Actual Loops": 2,
                        "Filter": "(production_year > 2012)",
                        "Rows Removed by Filter": 1230485
                      }
                    ]
                  }
                ]
              }
            ]
          }
        ]
      }
    ]
  },
  "Planning Time": 0.472,
  "Triggers": [],
  "Execution Time": 307.377
}