{
  "Plan": {
    "Node Type": "Aggregate",
    "Strategy": "Plain",
    "Partial Mode": "Finalize",
    "Parallel Aware": false,
    "Startup Cost": 41806.62,
    "Total Cost": 41806.63,
    "Plan Rows": 1,
    "Plan Width": 8,
    "Actual Startup Time": 50.216,
    "Actual Total Time": 55.647,
    "Actual Rows": 1,
    "Actual Loops": 1,
    "Plans": [
      {
        "Node Type": "Gather",
        "Parent Relationship": "Outer",
        "Parallel Aware": false,
        "Startup Cost": 41806.51,
        "Total Cost": 41806.62,
        "Plan Rows": 1,
        "Plan Width": 8,
        "Actual Startup Time": 50.109,
        "Actual Total Time": 55.64,
        "Actual Rows": 2,
        "Actual Loops": 1,
        "Workers Planned": 1,
        "Workers Launched": 1,
        "Single Copy": false,
        "Plans": [
          {
            "Node Type": "Aggregate",
            "Strategy": "Plain",
            "Partial Mode": "Partial",
            "Parent Relationship": "Outer",
            "Parallel Aware": false,
            "Startup Cost": 40806.51,
            "Total Cost": 40806.52,
            "Plan Rows": 1,
            "Plan Width": 8,
            "Actual Startup Time": 43.901,
            "Actual Total Time": 43.903,
            "Actual Rows": 1,
            "Actual Loops": 2,
            "Plans": [
              {
                "Node Type": "Nested Loop",
                "Parent Relationship": "Outer",
                "Parallel Aware": false,
                "Join Type": "Inner",
                "Startup Cost": 216.88,
                "Total Cost": 40805.13,
                "Plan Rows": 550,
                "Plan Width": 0,
                "Actual Startup Time": 4.595,
                "Actual Total Time": 43.883,
                "Actual Rows": 32,
                "Actual Loops": 2,
                "Inner Unique": false,
                "Plans": [
                  {
                    "Node Type": "Nested Loop",
                    "Parent Relationship": "Outer",
                    "Parallel Aware": false,
                    "Join Type": "Inner",
                    "Startup Cost": 216.44,
                    "Total Cost": 37563.49,
                    "Plan Rows": 1745,
                    "Plan Width": 8,
                    "Actual Startup Time": 4.28,
                    "Actual Total Time": 37.594,
                    "Actual Rows": 174,
                    "Actual Loops": 2,
                    "Inner Unique": true,
                    "Plans": [
                      {
                        "Node Type": "Bitmap Heap Scan",
                        "Parent Relationship": "Outer",
                        "Parallel Aware": true,
                        "Relation Name": "movie_companies",
                        "Alias": "mc",
                        "Startup Cost": 216.01,
                        "Total Cost": 16477.46,
                        "Plan Rows": 2871,
                        "Plan Width": 4,
                        "Actual Startup Time": 4.125,
                        "Actual Total Time": 14.037,
                        "Actual Rows": 3560,
                        "Actual Loops": 2,
                        "Recheck Cond": "(company_id = 2561)",
                        "Rows Removed by Index Recheck": 0,
                        "Filter": "(company_type_id < 2)",
                        "Rows Removed by Filter": 1520,
                        "Exact Heap Blocks": 4460,
                        "Lossy Heap Blocks": 0,
                        "Plans": [
                          {
                            "Node Type": "Bitmap Index Scan",
                            "Parent Relationship": "Outer",
                            "Parallel Aware": false,
                            "Index Name": "company_id_movie_companies",
                            "Startup Cost": 0.0,
                            "Total Cost": 214.79,
                            "Plan Rows": 9915,
                            "Plan Width": 0,
                            "Actual Startup Time": 5.544,
                            "Actual Total Time": 5.545,
                            "Actual Rows": 10160,
                            "Actual Loops": 1,
                            "Index Cond": "(company_id = 2561)"
                          }
                        ]
                      },
                      {
                        "Node Type": "Index Scan",
                        "Parent Relationship": "Inner",
                        "Parallel Aware": false,
                        "Scan Direction": "Forward",
                        "Index Name": "title_pkey",
                        "Relation Name": "title",
                        "Alias": "t",
                        "Startup Cost": 0.43,
                        "Total Cost": 7.34,
                        "Plan Rows": 1,
                        "Plan Width": 4,
                        "Actual Startup Time": 0.006,
                        "Actual Total Time": 0.006,
                        "Actual Rows": 0,
                        "Actual Loops": 7120,
                        "Index Cond": "(id = mc.movie_id)",
                        "Rows Removed by Index Recheck": 0,
                        "Filter": "(kind_id = 7)",
                        "Rows Removed by Filter": 1
                      }
                    ]
                  },
                  {
                    "Node Type": "Index Scan",
                    "Parent Relationship": "Inner",
                    "Parallel Aware": false,
                    "Scan Direction": "Forward",
                    "Index Name": "movie_id_movie_info",
                    "Relation Name": "movie_info",
                    "Alias": "mi",
                    "Startup Cost": 0.43,
                    "Total Cost": 1.84,
                    "Plan Rows": 2,
                    "Plan Width": 4,
                    "Actual Startup Time": 0.029,
                    "Actual Total Time": 0.035,
                    "Actual Rows": 0,
                    "Actual Loops": 349,
                    "Index Cond": "(movie_id = t.id)",
                    "Rows Removed by Index Recheck": 0,
                    "Filter": "(info_type_id = 1)",
                    "Rows Removed by Filter": 31
                  }
                ]
              }
            ]
          }
        ]
      }
    ]
  },
  "Planning Time": 1.02,
  "Triggers": [],
  "Execution Time": 55.746
}