[
  {
    "Plan": {
      "Node Type": "Aggregate",
      "Strategy": "Plain",
      "Partial Mode": "Finalize",
      "Parallel Aware": false,
      "Startup Cost": 332545.24,
      "Total Cost": 332545.25,
      "Plan Rows": 1,
      "Plan Width": 8,
      "Actual Startup Time": 622.151,
      "Actual Total Time": 653.672,
      "Actual Rows": 1,
      "Actual Loops": 1,
      "Plans": [
        {
          "Node Type": "Gather",
          "Parent Relationship": "Outer",
          "Parallel Aware": false,
          "Startup Cost": 332544.62,
          "Total Cost": 332545.23,
          "Plan Rows": 6,
          "Plan Width": 8,
          "Actual Startup Time": 622.057,
          "Actual Total Time": 653.665,
          "Actual Rows": 7,
          "Actual Loops": 1,
          "Workers Planned": 6,
          "Workers Launched": 6,
          "Single Copy": false,
          "Plans": [
            {
              "Node Type": "Aggregate",
              "Strategy": "Plain",
              "Partial Mode": "Partial",
              "Parent Relationship": "Outer",
              "Parallel Aware": false,
              "Startup Cost": 331544.62,
              "Total Cost": 331544.63,
              "Plan Rows": 1,
              "Plan Width": 8,
              "Actual Startup Time": 614.506,
              "Actual Total Time": 614.507,
              "Actual Rows": 1,
              "Actual Loops": 7,
              "Plans": [
                {
                  "Node Type": "Seq Scan",
                  "Parent Relationship": "Outer",
                  "Parallel Aware": true,
                  "Relation Name": "cast_info",
                  "Alias": "ci",
                  "Startup Cost": 0.0,
                  "Total Cost": 328213.62,
                  "Plan Rows": 1332400,
                  "Plan Width": 0,
                  "Actual Startup Time": 0.046,
                  "Actual Total Time": 553.323,
                  "Actual Rows": 1169237,
                  "Actual Loops": 7,
                  "Filter": "(person_id < 799960)",
                  "Rows Removed by Filter": 4008526
                }
              ]
            }
          ]
        }
      ]
    },
    "Planning Time": 0.061,
    "Triggers": [],
    "Execution Time": 653.699
  }
]