[
  {
    "Plan": {
      "Node Type": "Aggregate",
      "Strategy": "Plain",
      "Partial Mode": "Finalize",
      "Parallel Aware": false,
      "Startup Cost": 332507.05,
      "Total Cost": 332507.06,
      "Plan Rows": 1,
      "Plan Width": 8,
      "Actual Startup Time": 608.992,
      "Actual Total Time": 669.12,
      "Actual Rows": 1,
      "Actual Loops": 1,
      "Plans": [
        {
          "Node Type": "Gather",
          "Parent Relationship": "Outer",
          "Parallel Aware": false,
          "Startup Cost": 332506.42,
          "Total Cost": 332507.03,
          "Plan Rows": 6,
          "Plan Width": 8,
          "Actual Startup Time": 608.889,
          "Actual Total Time": 669.111,
          "Actual Rows": 7,
          "Actual Loops": 1,
          "Workers Planned": 6,
          "Workers Launched": 6,
          "Single Copy": false,
          "Plans": [
            {
              "Node Type": "Aggregate",
              "Strategy": "Plain",
              "Partial Mode": "Partial",
              "Parent Relationship": "Outer",
              "Parallel Aware": false,
              "Startup Cost": 331506.42,
              "Total Cost": 331506.43,
              "Plan Rows": 1,
              "Plan Width": 8,
              "Actual Startup Time": 599.376,
              "Actual Total Time": 599.377,
              "Actual Rows": 1,
              "Actual Loops": 7,
              "Plans": [
                {
                  "Node Type": "Seq Scan",
                  "Parent Relationship": "Outer",
                  "Parallel Aware": true,
                  "Relation Name": "cast_info",
                  "Alias": "ci",
                  "Startup Cost": 0.0,
                  "Total Cost": 328162.03,
                  "Plan Rows": 1337758,
                  "Plan Width": 0,
                  "Actual Startup Time": 0.055,
                  "Actual Total Time": 544.895,
                  "Actual Rows": 1169237,
                  "Actual Loops": 7,
                  "Filter": "(person_id < 799960)",
                  "Rows Removed by Filter": 4008526
                }
              ]
            }
          ]
        }
      ]
    },
    "Planning Time": 0.192,
    "Triggers": [],
    "Execution Time": 669.192
  }
]