[
    {
        "Bao": {
            "Bao prediction": "NaN",
            "Bao recommended hint": "(no hint)"
        }
    },
    {
        "Plan": {
            "Node Type": "Aggregate",
            "Strategy": "Plain",
            "Partial Mode": "Finalize",
            "Parallel Aware": false,
            "Startup Cost": 33240.75,
            "Total Cost": 33240.76,
            "Plan Rows": 1,
            "Plan Width": 8,
            "Actual Startup Time": 102.563,
            "Actual Total Time": 107.094,
            "Actual Rows": 1,
            "Actual Loops": 1,
            "Output": [
                "count(*)"
            ],
            "Plans": [
                {
                    "Node Type": "Gather",
                    "Parent Relationship": "Outer",
                    "Parallel Aware": false,
                    "Startup Cost": 33240.43,
                    "Total Cost": 33240.74,
                    "Plan Rows": 3,
                    "Plan Width": 8,
                    "Actual Startup Time": 102.465,
                    "Actual Total Time": 107.086,
                    "Actual Rows": 4,
                    "Actual Loops": 1,
                    "Output": [
                        "(PARTIAL count(*))"
                    ],
                    "Workers Planned": 3,
                    "Workers Launched": 3,
                    "Single Copy": false,
                    "Plans": [
                        {
                            "Node Type": "Aggregate",
                            "Strategy": "Plain",
                            "Partial Mode": "Partial",
                            "Parent Relationship": "Outer",
                            "Parallel Aware": false,
                            "Startup Cost": 32240.43,
                            "Total Cost": 32240.44,
                            "Plan Rows": 1,
                            "Plan Width": 8,
                            "Actual Startup Time": 93.39,
                            "Actual Total Time": 93.391,
                            "Actual Rows": 1,
                            "Actual Loops": 4,
                            "Output": [
                                "PARTIAL count(*)"
                            ],
                            "Workers": [
                                {
                                    "Worker Number": 0,
                                    "Actual Startup Time": 89.207,
                                    "Actual Total Time": 89.208,
                                    "Actual Rows": 1,
                                    "Actual Loops": 1
                                },
                                {
                                    "Worker Number": 1,
                                    "Actual Startup Time": 90.214,
                                    "Actual Total Time": 90.215,
                                    "Actual Rows": 1,
                                    "Actual Loops": 1
                                },
                                {
                                    "Worker Number": 2,
                                    "Actual Startup Time": 92.04,
                                    "Actual Total Time": 92.041,
                                    "Actual Rows": 1,
                                    "Actual Loops": 1
                                }
                            ],
                            "Plans": [
                                {
                                    "Node Type": "Seq Scan",
                                    "Parent Relationship": "Outer",
                                    "Parallel Aware": true,
                                    "Relation Name": "movie_companies",
                                    "Schema": "public",
                                    "Alias": "mc",
                                    "Startup Cost": 0.0,
                                    "Total Cost": 31414.82,
                                    "Plan Rows": 330244,
                                    "Plan Width": 0,
                                    "Actual Startup Time": 43.147,
                                    "Actual Total Time": 80.447,
                                    "Actual Rows": 291376,
                                    "Actual Loops": 4,
                                    "Output": [
                                        "id",
                                        "movie_id",
                                        "company_id",
                                        "company_type_id",
                                        "note"
                                    ],
                                    "Filter": "((mc.company_id > 688) AND (mc.company_type_id = 2))",
                                    "Rows Removed by Filter": 360907,
                                    "Workers": [
                                        {
                                            "Worker Number": 0,
                                            "Actual Startup Time": 38.967,
                                            "Actual Total Time": 76.534,
                                            "Actual Rows": 309601,
                                            "Actual Loops": 1
                                        },
                                        {
                                            "Worker Number": 1,
                                            "Actual Startup Time": 39.97,
                                            "Actual Total Time": 77.477,
                                            "Actual Rows": 194423,
                                            "Actual Loops": 1
                                        },
                                        {
                                            "Worker Number": 2,
                                            "Actual Startup Time": 41.798,
                                            "Actual Total Time": 79.328,
                                            "Actual Rows": 308996,
                                            "Actual Loops": 1
                                        }
                                    ]
                                }
                            ]
                        }
                    ]
                }
            ]
        },
        "Planning Time": 196.857,
        "Triggers": [],
        "Execution Time": 107.154
    }
]