[
  {
    "Plan": {
      "Node Type": "Aggregate",
      "Strategy": "Plain",
      "Partial Mode": "Finalize",
      "Parallel Aware": false,
      "Startup Cost": 31106.55,
      "Total Cost": 31106.56,
      "Plan Rows": 1,
      "Plan Width": 8,
      "Actual Startup Time": 106.513,
      "Actual Total Time": 113.833,
      "Actual Rows": 1,
      "Actual Loops": 1,
      "Plans": [
        {
          "Node Type": "Gather",
          "Parent Relationship": "Outer",
          "Parallel Aware": false,
          "Startup Cost": 31106.24,
          "Total Cost": 31106.55,
          "Plan Rows": 3,
          "Plan Width": 8,
          "Actual Startup Time": 106.18,
          "Actual Total Time": 113.825,
          "Actual Rows": 4,
          "Actual Loops": 1,
          "Workers Planned": 3,
          "Workers Launched": 3,
          "Single Copy": false,
          "Plans": [
            {
              "Node Type": "Aggregate",
              "Strategy": "Plain",
              "Partial Mode": "Partial",
              "Parent Relationship": "Outer",
              "Parallel Aware": false,
              "Startup Cost": 30106.24,
              "Total Cost": 30106.25,
              "Plan Rows": 1,
              "Plan Width": 8,
              "Actual Startup Time": 99.263,
              "Actual Total Time": 99.265,
              "Actual Rows": 1,
              "Actual Loops": 4,
              "Plans": [
                {
                  "Node Type": "Seq Scan",
                  "Parent Relationship": "Outer",
                  "Parallel Aware": true,
                  "Relation Name": "movie_companies",
                  "Alias": "mc",
                  "Startup Cost": 0.0,
                  "Total Cost": 29310.68,
                  "Plan Rows": 318222,
                  "Plan Width": 0,
                  "Actual Startup Time": 0.046,
                  "Actual Total Time": 84.281,
                  "Actual Rows": 247610,
                  "Actual Loops": 4,
                  "Filter": "(company_id < 4599)",
                  "Rows Removed by Filter": 404673
                }
              ]
            }
          ]
        }
      ]
    },
    "Planning Time": 0.081,
    "Triggers": [],
    "Execution Time": 113.862
  }
]