{
  "Plan": {
    "Node Type": "Aggregate",
    "Strategy": "Plain",
    "Partial Mode": "Finalize",
    "Parallel Aware": false,
    "Startup Cost": 140025.22,
    "Total Cost": 140025.23,
    "Plan Rows": 1,
    "Plan Width": 8,
    "Actual Startup Time": 666.287,
    "Actual Total Time": 688.095,
    "Actual Rows": 1,
    "Actual Loops": 1,
    "Plans": [
      {
        "Node Type": "Gather",
        "Parent Relationship": "Outer",
        "Parallel Aware": false,
        "Startup Cost": 140025.11,
        "Total Cost": 140025.22,
        "Plan Rows": 1,
        "Plan Width": 8,
        "Actual Startup Time": 666.276,
        "Actual Total Time": 688.089,
        "Actual Rows": 2,
        "Actual Loops": 1,
        "Workers Planned": 1,
        "Workers Launched": 1,
        "Single Copy": false,
        "Plans": [
          {
            "Node Type": "Aggregate",
            "Strategy": "Plain",
            "Partial Mode": "Partial",
            "Parent Relationship": "Outer",
            "Parallel Aware": false,
            "Startup Cost": 139025.11,
            "Total Cost": 139025.12,
            "Plan Rows": 1,
            "Plan Width": 8,
            "Actual Startup Time": 659.633,
            "Actual Total Time": 659.636,
            "Actual Rows": 1,
            "Actual Loops": 2,
            "Plans": [
              {
                "Node Type": "Nested Loop",
                "Parent Relationship": "Outer",
                "Parallel Aware": false,
                "Join Type": "Inner",
                "Startup Cost": 59124.18,
                "Total Cost": 138952.28,
                "Plan Rows": 29134,
                "Plan Width": 0,
                "Actual Startup Time": 188.204,
                "Actual Total Time": 643.185,
                "Actual Rows": 386984,
                "Actual Loops": 2,
                "Inner Unique": false,
                "Join Filter": "(t.id = mk.movie_id)",
                "Rows Removed by Join Filter": 0,
                "Plans": [
                  {
                    "Node Type": "Hash Join",
                    "Parent Relationship": "Outer",
                    "Parallel Aware": true,
                    "Join Type": "Inner",
                    "Startup Cost": 59123.74,
                    "Total Cost": 77307.53,
                    "Plan Rows": 35688,
                    "Plan Width": 8,
                    "Actual Startup Time": 188.151,
                    "Actual Total Time": 331.447,
                    "Actual Rows": 72171,
                    "Actual Loops": 2,
                    "Inner Unique": true,
                    "Hash Cond": "(mi_idx.movie_id = t.id)",
                    "Plans": [
                      {
                        "Node Type": "Seq Scan",
                        "Parent Relationship": "Outer",
                        "Parallel Aware": true,
                        "Relation Name": "movie_info_idx",
                        "Alias": "mi_idx",
                        "Startup Cost": 0.0,
                        "Total Cost": 16052.85,
                        "Plan Rows": 811785,
                        "Plan Width": 4,
                        "Actual Startup Time": 0.018,
                        "Actual Total Time": 50.22,
                        "Actual Rows": 690018,
                        "Actual Loops": 2
                      },
                      {
                        "Node Type": "Hash",
                        "Parent Relationship": "Inner",
                        "Parallel Aware": true,
                        "Startup Cost": 58306.47,
                        "Total Cost": 58306.47,
                        "Plan Rows": 65382,
                        "Plan Width": 4,
                        "Actual Startup Time": 185.637,
                        "Actual Total Time": 185.638,
                        "Actual Rows": 108690,
                        "Actual Loops": 2,
                        "Hash Buckets": 262144,
                        "Original Hash Buckets": 131072,
                        "Hash Batches": 1,
                        "Original Hash Batches": 1,
                        "Peak Memory Usage": 11584,
                        "Plans": [
                          {
                            "Node Type": "Seq Scan",
                            "Parent Relationship": "Outer",
                            "Parallel Aware": true,
                            "Relation Name": "title",
                            "Alias": "t",
                            "Startup Cost": 0.0,
                            "Total Cost": 58306.47,
                            "Plan Rows": 65382,
                            "Plan Width": 4,
                            "Actual Startup Time": 0.191,
                            "Actual Total Time": 150.933,
                            "Actual Rows": 108690,
                            "Actual Loops": 2,
                            "Filter": "((kind_id < 7) AND (production_year < 1965))",
                            "Rows Removed by Filter": 1155466
                          }
                        ]
                      }
                    ]
                  },
                  {
                    "Node Type": "Index Scan",
                    "Parent Relationship": "Inner",
                    "Parallel Aware": false,
                    "Scan Direction": "Forward",
                    "Index Name": "movie_id_movie_keyword",
                    "Relation Name": "movie_keyword",
                    "Alias": "mk",
                    "Startup Cost": 0.43,
                    "Total Cost": 1.46,
                    "Plan Rows": 21,
                    "Plan Width": 4,
                    "Actual Startup Time": 0.002,
                    "Actual Total Time": 0.004,
                    "Actual Rows": 5,
                    "Actual Loops": 144342,
                    "Index Cond": "(movie_id = mi_idx.movie_id)",
                    "Rows Removed by Index Recheck": 0,
                    "Filter": "(keyword_id < 3664)",
                    "Rows Removed by Filter": 8
                  }
                ]
              }
            ]
          }
        ]
      }
    ]
  },
  "Planning Time": 0.968,
  "Triggers": [],
  "Execution Time": 688.182
}