{
  "Plan": {
    "Node Type": "Aggregate",
    "Strategy": "Plain",
    "Partial Mode": "Finalize",
    "Parallel Aware": false,
    "Startup Cost": 328941.35,
    "Total Cost": 328941.36,
    "Plan Rows": 1,
    "Plan Width": 8,
    "Actual Startup Time": 1289.349,
    "Actual Total Time": 1337.528,
    "Actual Rows": 1,
    "Actual Loops": 1,
    "Plans": [
      {
        "Node Type": "Gather",
        "Parent Relationship": "Outer",
        "Parallel Aware": false,
        "Startup Cost": 328941.24,
        "Total Cost": 328941.35,
        "Plan Rows": 1,
        "Plan Width": 8,
        "Actual Startup Time": 1289.009,
        "Actual Total Time": 1337.518,
        "Actual Rows": 2,
        "Actual Loops": 1,
        "Workers Planned": 1,
        "Workers Launched": 1,
        "Single Copy": false,
        "Plans": [
          {
            "Node Type": "Aggregate",
            "Strategy": "Plain",
            "Partial Mode": "Partial",
            "Parent Relationship": "Outer",
            "Parallel Aware": false,
            "Startup Cost": 327941.24,
            "Total Cost": 327941.25,
            "Plan Rows": 1,
            "Plan Width": 8,
            "Actual Startup Time": 1283.057,
            "Actual Total Time": 1283.06,
            "Actual Rows": 1,
            "Actual Loops": 2,
            "Plans": [
              {
                "Node Type": "Hash Join",
                "Parent Relationship": "Outer",
                "Parallel Aware": true,
                "Join Type": "Inner",
                "Startup Cost": 56121.45,
                "Total Cost": 327904.94,
                "Plan Rows": 14522,
                "Plan Width": 0,
                "Actual Startup Time": 135.331,
                "Actual Total Time": 1281.415,
                "Actual Rows": 28972,
                "Actual Loops": 2,
                "Inner Unique": true,
                "Hash Cond": "(mi.movie_id = t.id)",
                "Plans": [
                  {
                    "Node Type": "Seq Scan",
                    "Parent Relationship": "Outer",
                    "Parallel Aware": true,
                    "Relation Name": "movie_info",
                    "Alias": "mi",
                    "Startup Cost": 0.0,
                    "Total Cost": 248955.74,
                    "Plan Rows": 8696274,
                    "Plan Width": 4,
                    "Actual Startup Time": 0.011,
                    "Actual Total Time": 605.16,
                    "Actual Rows": 7417860,
                    "Actual Loops": 2
                  },
                  {
                    "Node Type": "Hash",
                    "Parent Relationship": "Inner",
                    "Parallel Aware": true,
                    "Startup Cost": 56090.4,
                    "Total Cost": 56090.4,
                    "Plan Rows": 2484,
                    "Plan Width": 4,
                    "Actual Startup Time": 133.722,
                    "Actual Total Time": 133.723,
                    "Actual Rows": 2566,
                    "Actual Loops": 2,
                    "Hash Buckets": 8192,
                    "Original Hash Buckets": 8192,
                    "Hash Batches": 1,
                    "Original Hash Batches": 1,
                    "Peak Memory Usage": 288,
                    "Plans": [
                      {
                        "Node Type": "Bitmap Heap Scan",
                        "Parent Relationship": "Outer",
                        "Parallel Aware": true,
                        "Relation Name": "title",
                        "Alias": "t",
                        "Startup Cost": 13440.01,
                        "Total Cost": 56090.4,
                        "Plan Rows": 2484,
                        "Plan Width": 4,
                        "Actual Startup Time": 49.014,
                        "Actual Total Time": 132.747,
                        "Actual Rows": 2566,
                        "Actual Loops": 2,
                        "Recheck Cond": "(kind_id < 3)",
                        "Rows Removed by Index Recheck": 0,
                        "Filter": "(production_year = 1979)",
                        "Rows Removed by Filter": 374272,
                        "Exact Heap Blocks": 28289,
                        "Lossy Heap Blocks": 0,
                        "Plans": [
                          {
                            "Node Type": "Bitmap Index Scan",
                            "Parent Relationship": "Outer",
                            "Parallel Aware": false,
                            "Index Name": "kind_id_title",
                            "Startup Cost": 0.0,
                            "Total Cost": 13438.96,
                            "Plan Rows": 753937,
                            "Plan Width": 0,
                            "Actual Startup Time": 47.119,
                            "Actual Total Time": 47.119,
                            "Actual Rows": 753677,
                            "Actual Loops": 1,
                            "Index Cond": "(kind_id < 3)"
                          }
                        ]
                      }
                    ]
                  }
                ]
              }
            ]
          }
        ]
      }
    ]
  },
  "Planning Time": 0.448,
  "Triggers": [],
  "Execution Time": 1337.634
}