[
  {
    "Plan": {
      "Node Type": "Aggregate",
      "Strategy": "Plain",
      "Partial Mode": "Finalize",
      "Parallel Aware": false,
      "Startup Cost": 45662.86,
      "Total Cost": 45662.87,
      "Plan Rows": 1,
      "Plan Width": 8,
      "Actual Startup Time": 164.561,
      "Actual Total Time": 175.354,
      "Actual Rows": 1,
      "Actual Loops": 1,
      "Plans": [
        {
          "Node Type": "Gather",
          "Parent Relationship": "Outer",
          "Parallel Aware": false,
          "Startup Cost": 45662.54,
          "Total Cost": 45662.85,
          "Plan Rows": 3,
          "Plan Width": 8,
          "Actual Startup Time": 164.408,
          "Actual Total Time": 175.343,
          "Actual Rows": 4,
          "Actual Loops": 1,
          "Workers Planned": 3,
          "Workers Launched": 3,
          "Single Copy": false,
          "Plans": [
            {
              "Node Type": "Aggregate",
              "Strategy": "Plain",
              "Partial Mode": "Partial",
              "Parent Relationship": "Outer",
              "Parallel Aware": false,
              "Startup Cost": 44662.54,
              "Total Cost": 44662.55,
              "Plan Rows": 1,
              "Plan Width": 8,
              "Actual Startup Time": 157.272,
              "Actual Total Time": 157.274,
              "Actual Rows": 1,
              "Actual Loops": 4,
              "Plans": [
                {
                  "Node Type": "Seq Scan",
                  "Parent Relationship": "Outer",
                  "Parallel Aware": true,
                  "Relation Name": "movie_keyword",
                  "Alias": "mk",
                  "Startup Cost": 0.0,
                  "Total Cost": 42695.65,
                  "Plan Rows": 786755,
                  "Plan Width": 0,
                  "Actual Startup Time": 0.055,
                  "Actual Total Time": 125.57,
                  "Actual Rows": 614529,
                  "Actual Loops": 4,
                  "Filter": "(keyword_id < 5892)",
                  "Rows Removed by Filter": 516453
                }
              ]
            }
          ]
        }
      ]
    },
    "Planning Time": 0.184,
    "Triggers": [],
    "Execution Time": 175.407
  }
]