{
  "Plan": {
    "Node Type": "Aggregate",
    "Strategy": "Plain",
    "Partial Mode": "Finalize",
    "Parallel Aware": false,
    "Startup Cost": 670504.86,
    "Total Cost": 670504.87,
    "Plan Rows": 1,
    "Plan Width": 8,
    "Actual Startup Time": 8156.534,
    "Actual Total Time": 8224.655,
    "Actual Rows": 1,
    "Actual Loops": 1,
    "Plans": [
      {
        "Node Type": "Gather",
        "Parent Relationship": "Outer",
        "Parallel Aware": false,
        "Startup Cost": 670504.74,
        "Total Cost": 670504.85,
        "Plan Rows": 1,
        "Plan Width": 8,
        "Actual Startup Time": 8152.383,
        "Actual Total Time": 8224.645,
        "Actual Rows": 2,
        "Actual Loops": 1,
        "Workers Planned": 1,
        "Workers Launched": 1,
        "Single Copy": false,
        "Plans": [
          {
            "Node Type": "Aggregate",
            "Strategy": "Plain",
            "Partial Mode": "Partial",
            "Parent Relationship": "Outer",
            "Parallel Aware": false,
            "Startup Cost": 669504.74,
            "Total Cost": 669504.75,
            "Plan Rows": 1,
            "Plan Width": 8,
            "Actual Startup Time": 8140.373,
            "Actual Total Time": 8140.377,
            "Actual Rows": 1,
            "Actual Loops": 2,
            "Plans": [
              {
                "Node Type": "Hash Join",
                "Parent Relationship": "Outer",
                "Parallel Aware": true,
                "Join Type": "Inner",
                "Startup Cost": 71273.15,
                "Total Cost": 633023.25,
                "Plan Rows": 14592596,
                "Plan Width": 0,
                "Actual Startup Time": 584.025,
                "Actual Total Time": 7603.328,
                "Actual Rows": 12937484,
                "Actual Loops": 2,
                "Inner Unique": true,
                "Hash Cond": "(ci.movie_id = t.id)",
                "Plans": [
                  {
                    "Node Type": "Seq Scan",
                    "Parent Relationship": "Outer",
                    "Parallel Aware": true,
                    "Relation Name": "cast_info",
                    "Alias": "ci",
                    "Startup Cost": 0.0,
                    "Total Cost": 519069.44,
                    "Plan Rows": 16259274,
                    "Plan Width": 4,
                    "Actual Startup Time": 0.018,
                    "Actual Total Time": 1891.449,
                    "Actual Rows": 13879015,
                    "Actual Loops": 2,
                    "Filter": "(role_id < 6)",
                    "Rows Removed by Filter": 4243157
                  },
                  {
                    "Node Type": "Hash",
                    "Parent Relationship": "Inner",
                    "Parallel Aware": true,
                    "Startup Cost": 54588.39,
                    "Total Cost": 54588.39,
                    "Plan Rows": 1334781,
                    "Plan Width": 4,
                    "Actual Startup Time": 562.306,
                    "Actual Total Time": 562.307,
                    "Actual Rows": 1130614,
                    "Actual Loops": 2,
                    "Hash Buckets": 4194304,
                    "Original Hash Buckets": 4194304,
                    "Hash Batches": 1,
                    "Original Hash Batches": 1,
                    "Peak Memory Usage": 121248,
                    "Plans": [
                      {
                        "Node Type": "Seq Scan",
                        "Parent Relationship": "Outer",
                        "Parallel Aware": true,
                        "Relation Name": "title",
                        "Alias": "t",
                        "Startup Cost": 0.0,
                        "Total Cost": 54588.39,
                        "Plan Rows": 1334781,
                        "Plan Width": 4,
                        "Actual Startup Time": 0.028,
                        "Actual Total Time": 211.431,
                        "Actual Rows": 1130614,
                        "Actual Loops": 2,
                        "Filter": "(production_year > 1954)",
                        "Rows Removed by Filter": 133542
                      }
                    ]
                  }
                ]
              }
            ]
          }
        ]
      }
    ]
  },
  "Planning Time": 0.648,
  "Triggers": [],
  "Execution Time": 8224.737
}