{
  "Plan": {
    "Node Type": "Aggregate",
    "Strategy": "Plain",
    "Partial Mode": "Finalize",
    "Parallel Aware": false,
    "Startup Cost": 166069.35,
    "Total Cost": 166069.36,
    "Plan Rows": 1,
    "Plan Width": 8,
    "Actual Startup Time": 1049.954,
    "Actual Total Time": 1064.713,
    "Actual Rows": 1,
    "Actual Loops": 1,
    "Plans": [
      {
        "Node Type": "Gather",
        "Parent Relationship": "Outer",
        "Parallel Aware": false,
        "Startup Cost": 166069.23,
        "Total Cost": 166069.34,
        "Plan Rows": 1,
        "Plan Width": 8,
        "Actual Startup Time": 1045.75,
        "Actual Total Time": 1064.705,
        "Actual Rows": 2,
        "Actual Loops": 1,
        "Workers Planned": 1,
        "Workers Launched": 1,
        "Single Copy": false,
        "Plans": [
          {
            "Node Type": "Aggregate",
            "Strategy": "Plain",
            "Partial Mode": "Partial",
            "Parent Relationship": "Outer",
            "Parallel Aware": false,
            "Startup Cost": 165069.23,
            "Total Cost": 165069.24,
            "Plan Rows": 1,
            "Plan Width": 8,
            "Actual Startup Time": 1040.628,
            "Actual Total Time": 1040.633,
            "Actual Rows": 1,
            "Actual Loops": 2,
            "Plans": [
              {
                "Node Type": "Hash Join",
                "Parent Relationship": "Outer",
                "Parallel Aware": true,
                "Join Type": "Inner",
                "Startup Cost": 90713.16,
                "Total Cost": 164379.48,
                "Plan Rows": 275899,
                "Plan Width": 0,
                "Actual Startup Time": 482.872,
                "Actual Total Time": 1022.547,
                "Actual Rows": 417618,
                "Actual Loops": 2,
                "Inner Unique": false,
                "Hash Cond": "(t.id = mi_idx.movie_id)",
                "Plans": [
                  {
                    "Node Type": "Hash Join",
                    "Parent Relationship": "Outer",
                    "Parallel Aware": true,
                    "Join Type": "Inner",
                    "Startup Cost": 69242.99,
                    "Total Cost": 133716.61,
                    "Plan Rows": 1513956,
                    "Plan Width": 8,
                    "Actual Startup Time": 368.592,
                    "Actual Total Time": 805.343,
                    "Actual Rows": 707277,
                    "Actual Loops": 2,
                    "Inner Unique": true,
                    "Hash Cond": "(mk.movie_id = t.id)",
                    "Plans": [
                      {
                        "Node Type": "Seq Scan",
                        "Parent Relationship": "Outer",
                        "Parallel Aware": true,
                        "Relation Name": "movie_keyword",
                        "Alias": "mk",
                        "Startup Cost": 0.0,
                        "Total Cost": 57718.19,
                        "Plan Rows": 2573491,
                        "Plan Width": 4,
                        "Actual Startup Time": 0.011,
                        "Actual Total Time": 195.091,
                        "Actual Rows": 2180084,
                        "Actual Loops": 2,
                        "Filter": "(keyword_id > 117)",
                        "Rows Removed by Filter": 81880
                      },
                      {
                        "Node Type": "Hash",
                        "Parent Relationship": "Inner",
                        "Parallel Aware": true,
                        "Startup Cost": 58306.47,
                        "Total Cost": 58306.47,
                        "Plan Rows": 874922,
                        "Plan Width": 4,
                        "Actual Startup Time": 362.703,
                        "Actual Total Time": 362.704,
                        "Actual Rows": 800460,
                        "Actual Loops": 2,
                        "Hash Buckets": 2097152,
                        "Original Hash Buckets": 2097152,
                        "Hash Batches": 1,
                        "Original Hash Batches": 1,
                        "Peak Memory Usage": 79040,
                        "Plans": [
                          {
                            "Node Type": "Seq Scan",
                            "Parent Relationship": "Outer",
                            "Parallel Aware": true,
                            "Relation Name": "title",
                            "Alias": "t",
                            "Startup Cost": 0.0,
                            "Total Cost": 58306.47,
                            "Plan Rows": 874922,
                            "Plan Width": 4,
                            "Actual Startup Time": 0.016,
                            "Actual Total Time": 161.811,
                            "Actual Rows": 800460,
                            "Actual Loops": 2,
                            "Filter": "((kind_id > 1) AND (production_year > 1975))",
                            "Rows Removed by Filter": 463696
                          }
                        ]
                      }
                    ]
                  },
                  {
                    "Node Type": "Hash",
                    "Parent Relationship": "Inner",
                    "Parallel Aware": true,
                    "Startup Cost": 18082.32,
                    "Total Cost": 18082.32,
                    "Plan Rows": 271028,
                    "Plan Width": 4,
                    "Actual Startup Time": 111.166,
                    "Actual Total Time": 111.166,
                    "Actual Rows": 229962,
                    "Actual Loops": 2,
                    "Hash Buckets": 524288,
                    "Original Hash Buckets": 524288,
                    "Hash Batches": 1,
                    "Original Hash Batches": 1,
                    "Peak Memory Usage": 22144,
                    "Plans": [
                      {
                        "Node Type": "Seq Scan",
                        "Parent Relationship": "Outer",
                        "Parallel Aware": true,
                        "Relation Name": "movie_info_idx",
                        "Alias": "mi_idx",
                        "Startup Cost": 0.0,
                        "Total Cost": 18082.32,
                        "Plan Rows": 271028,
                        "Plan Width": 4,
                        "Actual Startup Time": 0.049,
                        "Actual Total Time": 63.735,
                        "Actual Rows": 229962,
                        "Actual Loops": 2,
                        "Filter": "(info_type_id = 101)",
                        "Rows Removed by Filter": 460055
                      }
                    ]
                  }
                ]
              }
            ]
          }
        ]
      }
    ]
  },
  "Planning Time": 0.464,
  "Triggers": [],
  "Execution Time": 1064.762
}