[
  {
    "Plan": {
      "Node Type": "Aggregate",
      "Strategy": "Plain",
      "Partial Mode": "Finalize",
      "Parallel Aware": false,
      "Startup Cost": 307771.93,
      "Total Cost": 307771.94,
      "Plan Rows": 1,
      "Plan Width": 8,
      "Actual Startup Time": 1120.232,
      "Actual Total Time": 1166.409,
      "Actual Rows": 1,
      "Actual Loops": 1,
      "Plans": [
        {
          "Node Type": "Gather",
          "Parent Relationship": "Outer",
          "Parallel Aware": false,
          "Startup Cost": 307771.41,
          "Total Cost": 307771.92,
          "Plan Rows": 5,
          "Plan Width": 8,
          "Actual Startup Time": 1106.275,
          "Actual Total Time": 1166.395,
          "Actual Rows": 6,
          "Actual Loops": 1,
          "Workers Planned": 5,
          "Workers Launched": 5,
          "Single Copy": false,
          "Plans": [
            {
              "Node Type": "Aggregate",
              "Strategy": "Plain",
              "Partial Mode": "Partial",
              "Parent Relationship": "Outer",
              "Parallel Aware": false,
              "Startup Cost": 306771.41,
              "Total Cost": 306771.42,
              "Plan Rows": 1,
              "Plan Width": 8,
              "Actual Startup Time": 1098.052,
              "Actual Total Time": 1098.371,
              "Actual Rows": 1,
              "Actual Loops": 6,
              "Plans": [
                {
                  "Node Type": "Hash Join",
                  "Parent Relationship": "Outer",
                  "Parallel Aware": true,
                  "Join Type": "Inner",
                  "Startup Cost": 97908.18,
                  "Total Cost": 304132.71,
                  "Plan Rows": 1055478,
                  "Plan Width": 0,
                  "Actual Startup Time": 365.41,
                  "Actual Total Time": 1053.707,
                  "Actual Rows": 997413,
                  "Actual Loops": 6,
                  "Inner Unique": false,
                  "Hash Cond": "(mi.movie_id = t.id)",
                  "Plans": [
                    {
                      "Node Type": "Seq Scan",
                      "Parent Relationship": "Outer",
                      "Parallel Aware": true,
                      "Relation Name": "movie_info",
                      "Alias": "mi",
                      "Startup Cost": 0.0,
                      "Total Cost": 191685.19,
                      "Plan Rows": 2969219,
                      "Plan Width": 4,
                      "Actual Startup Time": 0.052,
                      "Actual Total Time": 292.783,
                      "Actual Rows": 2472620,
                      "Actual Loops": 6
                    },
                    {
                      "Node Type": "Hash",
                      "Parent Relationship": "Inner",
                      "Parallel Aware": true,
                      "Startup Cost": 94284.04,
                      "Total Cost": 94284.04,
                      "Plan Rows": 289931,
                      "Plan Width": 8,
                      "Actual Startup Time": 362.348,
                      "Actual Total Time": 362.665,
                      "Actual Rows": 80542,
                      "Actual Loops": 6,
                      "Hash Buckets": 1048576,
                      "Original Hash Buckets": 1048576,
                      "Hash Batches": 1,
                      "Original Hash Batches": 1,
                      "Peak Memory Usage": 27200,
                      "Plans": [
                        {
                          "Node Type": "Hash Join",
                          "Parent Relationship": "Outer",
                          "Parallel Aware": true,
                          "Join Type": "Inner",
                          "Startup Cost": 50354.95,
                          "Total Cost": 94284.04,
                          "Plan Rows": 289931,
                          "Plan Width": 8,
                          "Actual Startup Time": 221.26,
                          "Actual Total Time": 337.198,
                          "Actual Rows": 80542,
                          "Actual Loops": 6,
                          "Inner Unique": true,
                          "Hash Cond": "(mk.movie_id = t.id)",
                          "Plans": [
                            {
                              "Node Type": "Seq Scan",
                              "Parent Relationship": "Outer",
                              "Parallel Aware": true,
                              "Relation Name": "movie_keyword",
                              "Alias": "mk",
                              "Startup Cost": 0.0,
                              "Total Cost": 42695.65,
                              "Plan Rows": 469881,
                              "Plan Width": 4,
                              "Actual Startup Time": 0.661,
                              "Actual Total Time": 71.786,
                              "Actual Rows": 241960,
                              "Actual Loops": 6,
                              "Filter": "(keyword_id > 11509)",
                              "Rows Removed by Filter": 512029
                            },
                            {
                              "Node Type": "Hash",
                              "Parent Relationship": "Inner",
                              "Parallel Aware": true,
                              "Startup Cost": 45479.59,
                              "Total Cost": 45479.59,
                              "Plan Rows": 390029,
                              "Plan Width": 4,
                              "Actual Startup Time": 217.586,
                              "Actual Total Time": 217.588,
                              "Actual Rows": 257839,
                              "Actual Loops": 6,
                              "Hash Buckets": 2097152,
                              "Original Hash Buckets": 2097152,
                              "Hash Batches": 1,
                              "Original Hash Batches": 1,
                              "Peak Memory Usage": 76992,
                              "Plans": [
                                {
                                  "Node Type": "Seq Scan",
                                  "Parent Relationship": "Outer",
                                  "Parallel Aware": true,
                                  "Relation Name": "title",
                                  "Alias": "t",
                                  "Startup Cost": 0.0,
                                  "Total Cost": 45479.59,
                                  "Plan Rows": 390029,
                                  "Plan Width": 4,
                                  "Actual Startup Time": 0.076,
                                  "Actual Total Time": 91.416,
                                  "Actual Rows": 257839,
                                  "Actual Loops": 6,
                                  "Filter": "((kind_id > 2) AND (production_year < 2012))",
                                  "Rows Removed by Filter": 163546
                                }
                              ]
                            }
                          ]
                        }
                      ]
                    }
                  ]
                }
              ]
            }
          ]
        }
      ]
    },
    "Planning Time": 0.576,
    "Triggers": [],
    "Execution Time": 1166.479
  }
]