[
  {
    "Plan": {
      "Node Type": "Aggregate",
      "Strategy": "Plain",
      "Partial Mode": "Finalize",
      "Parallel Aware": false,
      "Startup Cost": 224345.61,
      "Total Cost": 224345.62,
      "Plan Rows": 1,
      "Plan Width": 8,
      "Actual Startup Time": 135.795,
      "Actual Total Time": 157.53,
      "Actual Rows": 1,
      "Actual Loops": 1,
      "Plans": [
        {
          "Node Type": "Gather",
          "Parent Relationship": "Outer",
          "Parallel Aware": false,
          "Startup Cost": 224345.19,
          "Total Cost": 224345.6,
          "Plan Rows": 4,
          "Plan Width": 8,
          "Actual Startup Time": 135.65,
          "Actual Total Time": 157.523,
          "Actual Rows": 5,
          "Actual Loops": 1,
          "Workers Planned": 4,
          "Workers Launched": 4,
          "Single Copy": false,
          "Plans": [
            {
              "Node Type": "Aggregate",
              "Strategy": "Plain",
              "Partial Mode": "Partial",
              "Parent Relationship": "Outer",
              "Parallel Aware": false,
              "Startup Cost": 223345.19,
              "Total Cost": 223345.2,
              "Plan Rows": 1,
              "Plan Width": 8,
              "Actual Startup Time": 130.275,
              "Actual Total Time": 130.276,
              "Actual Rows": 1,
              "Actual Loops": 5,
              "Plans": [
                {
                  "Node Type": "Nested Loop",
                  "Parent Relationship": "Outer",
                  "Parallel Aware": false,
                  "Join Type": "Inner",
                  "Startup Cost": 0.43,
                  "Total Cost": 223294.48,
                  "Plan Rows": 20287,
                  "Plan Width": 0,
                  "Actual Startup Time": 50.458,
                  "Actual Total Time": 128.649,
                  "Actual Rows": 23491,
                  "Actual Loops": 5,
                  "Inner Unique": false,
                  "Plans": [
                    {
                      "Node Type": "Seq Scan",
                      "Parent Relationship": "Outer",
                      "Parallel Aware": true,
                      "Relation Name": "title",
                      "Alias": "t",
                      "Startup Cost": 0.0,
                      "Total Cost": 45479.59,
                      "Plan Rows": 3455,
                      "Plan Width": 4,
                      "Actual Startup Time": 50.328,
                      "Actual Total Time": 75.148,
                      "Actual Rows": 1516,
                      "Actual Loops": 5,
                      "Filter": "((kind_id = 1) AND (production_year = 1999))",
                      "Rows Removed by Filter": 504147
                    },
                    {
                      "Node Type": "Index Only Scan",
                      "Parent Relationship": "Inner",
                      "Parallel Aware": false,
                      "Scan Direction": "Forward",
                      "Index Name": "movie_id_movie_info",
                      "Relation Name": "movie_info",
                      "Alias": "mi",
                      "Startup Cost": 0.43,
                      "Total Cost": 51.06,
                      "Plan Rows": 41,
                      "Plan Width": 4,
                      "Actual Startup Time": 0.011,
                      "Actual Total Time": 0.033,
                      "Actual Rows": 15,
                      "Actual Loops": 7578,
                      "Index Cond": "(movie_id = t.id)",
                      "Rows Removed by Index Recheck": 0,
                      "Heap Fetches": 117453
                    }
                  ]
                }
              ]
            }
          ]
        }
      ]
    },
    "Planning Time": 0.235,
    "Triggers": [],
    "Execution Time": 157.567
  }
]