[
  {
    "Plan": {
      "Node Type": "Aggregate",
      "Strategy": "Plain",
      "Partial Mode": "Finalize",
      "Parallel Aware": false,
      "Startup Cost": 133086.6,
      "Total Cost": 133086.61,
      "Plan Rows": 1,
      "Plan Width": 8,
      "Actual Startup Time": 1034.918,
      "Actual Total Time": 1067.584,
      "Actual Rows": 1,
      "Actual Loops": 1,
      "Plans": [
        {
          "Node Type": "Gather",
          "Parent Relationship": "Outer",
          "Parallel Aware": false,
          "Startup Cost": 133086.28,
          "Total Cost": 133086.59,
          "Plan Rows": 3,
          "Plan Width": 8,
          "Actual Startup Time": 1033.456,
          "Actual Total Time": 1067.574,
          "Actual Rows": 4,
          "Actual Loops": 1,
          "Workers Planned": 3,
          "Workers Launched": 3,
          "Single Copy": false,
          "Plans": [
            {
              "Node Type": "Aggregate",
              "Strategy": "Plain",
              "Partial Mode": "Partial",
              "Parent Relationship": "Outer",
              "Parallel Aware": false,
              "Startup Cost": 132086.28,
              "Total Cost": 132086.29,
              "Plan Rows": 1,
              "Plan Width": 8,
              "Actual Startup Time": 1022.092,
              "Actual Total Time": 1022.096,
              "Actual Rows": 1,
              "Actual Loops": 4,
              "Plans": [
                {
                  "Node Type": "Nested Loop",
                  "Parent Relationship": "Outer",
                  "Parallel Aware": false,
                  "Join Type": "Inner",
                  "Startup Cost": 45611.66,
                  "Total Cost": 131855.24,
                  "Plan Rows": 92416,
                  "Plan Width": 0,
                  "Actual Startup Time": 104.443,
                  "Actual Total Time": 969.033,
                  "Actual Rows": 1146486,
                  "Actual Loops": 4,
                  "Inner Unique": false,
                  "Join Filter": "(t.id = mi.movie_id)",
                  "Rows Removed by Join Filter": 0,
                  "Plans": [
                    {
                      "Node Type": "Hash Join",
                      "Parent Relationship": "Outer",
                      "Parallel Aware": true,
                      "Join Type": "Inner",
                      "Startup Cost": 45611.22,
                      "Total Cost": 88489.3,
                      "Plan Rows": 24313,
                      "Plan Width": 8,
                      "Actual Startup Time": 104.331,
                      "Actual Total Time": 282.653,
                      "Actual Rows": 37758,
                      "Actual Loops": 4,
                      "Inner Unique": true,
                      "Hash Cond": "(mk.movie_id = t.id)",
                      "Plans": [
                        {
                          "Node Type": "Seq Scan",
                          "Parent Relationship": "Outer",
                          "Parallel Aware": true,
                          "Relation Name": "movie_keyword",
                          "Alias": "mk",
                          "Startup Cost": 0.0,
                          "Total Cost": 39047.32,
                          "Plan Rows": 1459332,
                          "Plan Width": 4,
                          "Actual Startup Time": 0.029,
                          "Actual Total Time": 87.583,
                          "Actual Rows": 1130982,
                          "Actual Loops": 4
                        },
                        {
                          "Node Type": "Hash",
                          "Parent Relationship": "Inner",
                          "Parallel Aware": true,
                          "Startup Cost": 45479.59,
                          "Total Cost": 45479.59,
                          "Plan Rows": 10531,
                          "Plan Width": 4,
                          "Actual Startup Time": 102.8,
                          "Actual Total Time": 102.801,
                          "Actual Rows": 8476,
                          "Actual Loops": 4,
                          "Hash Buckets": 65536,
                          "Original Hash Buckets": 65536,
                          "Hash Batches": 1,
                          "Original Hash Batches": 1,
                          "Peak Memory Usage": 1920,
                          "Plans": [
                            {
                              "Node Type": "Seq Scan",
                              "Parent Relationship": "Outer",
                              "Parallel Aware": true,
                              "Relation Name": "title",
                              "Alias": "t",
                              "Startup Cost": 0.0,
                              "Total Cost": 45479.59,
                              "Plan Rows": 10531,
                              "Plan Width": 4,
                              "Actual Startup Time": 0.443,
                              "Actual Total Time": 99.017,
                              "Actual Rows": 8476,
                              "Actual Loops": 4,
                              "Filter": "((kind_id < 7) AND (production_year = 2006))",
                              "Rows Removed by Filter": 623602
                            }
                          ]
                        }
                      ]
                    },
                    {
                      "Node Type": "Index Scan",
                      "Parent Relationship": "Inner",
                      "Parallel Aware": false,
                      "Scan Direction": "Forward",
                      "Index Name": "movie_id_movie_info",
                      "Relation Name": "movie_info",
                      "Alias": "mi",
                      "Startup Cost": 0.43,
                      "Total Cost": 1.45,
                      "Plan Rows": 27,
                      "Plan Width": 4,
                      "Actual Startup Time": 0.003,
                      "Actual Total Time": 0.015,
                      "Actual Rows": 30,
                      "Actual Loops": 151030,
                      "Index Cond": "(movie_id = mk.movie_id)",
                      "Rows Removed by Index Recheck": 0,
                      "Filter": "(info_type_id < 16)",
                      "Rows Removed by Filter": 35
                    }
                  ]
                }
              ]
            }
          ]
        }
      ]
    },
    "Planning Time": 1.424,
    "Triggers": [],
    "Execution Time": 1067.678
  }
]