[
  {
    "Plan": {
      "Node Type": "Aggregate",
      "Strategy": "Plain",
      "Partial Mode": "Finalize",
      "Parallel Aware": false,
      "Startup Cost": 335472.46,
      "Total Cost": 335472.47,
      "Plan Rows": 1,
      "Plan Width": 8,
      "Actual Startup Time": 708.475,
      "Actual Total Time": 769.912,
      "Actual Rows": 1,
      "Actual Loops": 1,
      "Plans": [
        {
          "Node Type": "Gather",
          "Parent Relationship": "Outer",
          "Parallel Aware": false,
          "Startup Cost": 335471.83,
          "Total Cost": 335472.44,
          "Plan Rows": 6,
          "Plan Width": 8,
          "Actual Startup Time": 708.346,
          "Actual Total Time": 769.899,
          "Actual Rows": 7,
          "Actual Loops": 1,
          "Workers Planned": 6,
          "Workers Launched": 6,
          "Single Copy": false,
          "Plans": [
            {
              "Node Type": "Aggregate",
              "Strategy": "Plain",
              "Partial Mode": "Partial",
              "Parent Relationship": "Outer",
              "Parallel Aware": false,
              "Startup Cost": 334471.83,
              "Total Cost": 334471.84,
              "Plan Rows": 1,
              "Plan Width": 8,
              "Actual Startup Time": 699.072,
              "Actual Total Time": 699.073,
              "Actual Rows": 1,
              "Actual Loops": 7,
              "Plans": [
                {
                  "Node Type": "Seq Scan",
                  "Parent Relationship": "Outer",
                  "Parallel Aware": true,
                  "Relation Name": "cast_info",
                  "Alias": "ci",
                  "Startup Cost": 0.0,
                  "Total Cost": 328162.03,
                  "Plan Rows": 2523922,
                  "Plan Width": 0,
                  "Actual Startup Time": 242.752,
                  "Actual Total Time": 601.519,
                  "Actual Rows": 2156281,
                  "Actual Loops": 7,
                  "Filter": "(person_id > 2135888)",
                  "Rows Removed by Filter": 3021483
                }
              ]
            }
          ]
        }
      ]
    },
    "Planning Time": 0.203,
    "Triggers": [],
    "Execution Time": 769.987
  }
]