{
  "Plan": {
    "Node Type": "Aggregate",
    "Strategy": "Plain",
    "Partial Mode": "Finalize",
    "Parallel Aware": false,
    "Startup Cost": 409166.93,
    "Total Cost": 409166.94,
    "Plan Rows": 1,
    "Plan Width": 8,
    "Actual Startup Time": 1864.455,
    "Actual Total Time": 1919.447,
    "Actual Rows": 1,
    "Actual Loops": 1,
    "Plans": [
      {
        "Node Type": "Gather",
        "Parent Relationship": "Outer",
        "Parallel Aware": false,
        "Startup Cost": 409166.82,
        "Total Cost": 409166.93,
        "Plan Rows": 1,
        "Plan Width": 8,
        "Actual Startup Time": 1862.792,
        "Actual Total Time": 1919.437,
        "Actual Rows": 2,
        "Actual Loops": 1,
        "Workers Planned": 1,
        "Workers Launched": 1,
        "Single Copy": false,
        "Plans": [
          {
            "Node Type": "Aggregate",
            "Strategy": "Plain",
            "Partial Mode": "Partial",
            "Parent Relationship": "Outer",
            "Parallel Aware": false,
            "Startup Cost": 408166.82,
            "Total Cost": 408166.83,
            "Plan Rows": 1,
            "Plan Width": 8,
            "Actual Startup Time": 1856.994,
            "Actual Total Time": 1857.177,
            "Actual Rows": 1,
            "Actual Loops": 2,
            "Plans": [
              {
                "Node Type": "Hash Join",
                "Parent Relationship": "Outer",
                "Parallel Aware": true,
                "Join Type": "Inner",
                "Startup Cost": 110452.93,
                "Total Cost": 405813.66,
                "Plan Rows": 941264,
                "Plan Width": 0,
                "Actual Startup Time": 527.221,
                "Actual Total Time": 1821.425,
                "Actual Rows": 860372,
                "Actual Loops": 2,
                "Inner Unique": false,
                "Hash Cond": "(mi.movie_id = t.id)",
                "Plans": [
                  {
                    "Node Type": "Seq Scan",
                    "Parent Relationship": "Outer",
                    "Parallel Aware": true,
                    "Relation Name": "movie_info",
                    "Alias": "mi",
                    "Startup Cost": 0.0,
                    "Total Cost": 270696.42,
                    "Plan Rows": 5100654,
                    "Plan Width": 4,
                    "Actual Startup Time": 0.011,
                    "Actual Total Time": 706.629,
                    "Actual Rows": 4393291,
                    "Actual Loops": 2,
                    "Filter": "(info_type_id < 13)",
                    "Rows Removed by Filter": 3024569
                  },
                  {
                    "Node Type": "Hash",
                    "Parent Relationship": "Inner",
                    "Parallel Aware": true,
                    "Startup Cost": 107022.29,
                    "Total Cost": 107022.29,
                    "Plan Rows": 274451,
                    "Plan Width": 8,
                    "Actual Startup Time": 520.226,
                    "Actual Total Time": 520.409,
                    "Actual Rows": 134036,
                    "Actual Loops": 2,
                    "Hash Buckets": 524288,
                    "Original Hash Buckets": 524288,
                    "Hash Batches": 1,
                    "Original Hash Batches": 1,
                    "Peak Memory Usage": 14592,
                    "Plans": [
                      {
                        "Node Type": "Hash Join",
                        "Parent Relationship": "Outer",
                        "Parallel Aware": true,
                        "Join Type": "Inner",
                        "Startup Cost": 45242.36,
                        "Total Cost": 107022.29,
                        "Plan Rows": 274451,
                        "Plan Width": 8,
                        "Actual Startup Time": 153.351,
                        "Actual Total Time": 483.488,
                        "Actual Rows": 134036,
                        "Actual Loops": 2,
                        "Inner Unique": false,
                        "Hash Cond": "(t.id = mc.movie_id)",
                        "Plans": [
                          {
                            "Node Type": "Seq Scan",
                            "Parent Relationship": "Outer",
                            "Parallel Aware": true,
                            "Relation Name": "title",
                            "Alias": "t",
                            "Startup Cost": 0.0,
                            "Total Cost": 50870.31,
                            "Plan Rows": 1487231,
                            "Plan Width": 4,
                            "Actual Startup Time": 0.011,
                            "Actual Total Time": 117.44,
                            "Actual Rows": 1264156,
                            "Actual Loops": 2
                          },
                          {
                            "Node Type": "Hash",
                            "Parent Relationship": "Inner",
                            "Parallel Aware": true,
                            "Startup Cost": 41811.73,
                            "Total Cost": 41811.73,
                            "Plan Rows": 274451,
                            "Plan Width": 4,
                            "Actual Startup Time": 149.469,
                            "Actual Total Time": 149.469,
                            "Actual Rows": 134036,
                            "Actual Loops": 2,
                            "Hash Buckets": 524288,
                            "Original Hash Buckets": 524288,
                            "Hash Batches": 1,
                            "Original Hash Batches": 1,
                            "Peak Memory Usage": 14624,
                            "Plans": [
                              {
                                "Node Type": "Seq Scan",
                                "Parent Relationship": "Outer",
                                "Parallel Aware": true,
                                "Relation Name": "movie_companies",
                                "Alias": "mc",
                                "Startup Cost": 0.0,
                                "Total Cost": 41811.73,
                                "Plan Rows": 274451,
                                "Plan Width": 4,
                                "Actual Startup Time": 65.951,
                                "Actual Total Time": 118.004,
                                "Actual Rows": 134036,
                                "Actual Loops": 2,
                                "Filter": "((company_id < 3141) AND (company_type_id > 1))",
                                "Rows Removed by Filter": 1170528
                              }
                            ]
                          }
                        ]
                      }
                    ]
                  }
                ]
              }
            ]
          }
        ]
      }
    ]
  },
  "Planning Time": 0.985,
  "Triggers": [],
  "Execution Time": 1919.551
}