[
  {
    "Plan": {
      "Node Type": "Aggregate",
      "Strategy": "Plain",
      "Partial Mode": "Finalize",
      "Parallel Aware": false,
      "Startup Cost": 332283.24,
      "Total Cost": 332283.25,
      "Plan Rows": 1,
      "Plan Width": 8,
      "Actual Startup Time": 611.682,
      "Actual Total Time": 655.566,
      "Actual Rows": 1,
      "Actual Loops": 1,
      "Plans": [
        {
          "Node Type": "Gather",
          "Parent Relationship": "Outer",
          "Parallel Aware": false,
          "Startup Cost": 332282.62,
          "Total Cost": 332283.23,
          "Plan Rows": 6,
          "Plan Width": 8,
          "Actual Startup Time": 611.43,
          "Actual Total Time": 655.549,
          "Actual Rows": 7,
          "Actual Loops": 1,
          "Workers Planned": 6,
          "Workers Launched": 6,
          "Single Copy": false,
          "Plans": [
            {
              "Node Type": "Aggregate",
              "Strategy": "Plain",
              "Partial Mode": "Partial",
              "Parent Relationship": "Outer",
              "Parallel Aware": false,
              "Startup Cost": 331282.62,
              "Total Cost": 331282.63,
              "Plan Rows": 1,
              "Plan Width": 8,
              "Actual Startup Time": 604.067,
              "Actual Total Time": 604.069,
              "Actual Rows": 1,
              "Actual Loops": 7,
              "Plans": [
                {
                  "Node Type": "Seq Scan",
                  "Parent Relationship": "Outer",
                  "Parallel Aware": true,
                  "Relation Name": "cast_info",
                  "Alias": "ci",
                  "Startup Cost": 0.0,
                  "Total Cost": 328211.39,
                  "Plan Rows": 1228491,
                  "Plan Width": 0,
                  "Actual Startup Time": 341.606,
                  "Actual Total Time": 557.297,
                  "Actual Rows": 1041539,
                  "Actual Loops": 7,
                  "Filter": "(person_id > 2940135)",
                  "Rows Removed by Filter": 4136224
                }
              ]
            }
          ]
        }
      ]
    },
    "Planning Time": 0.121,
    "Triggers": [],
    "Execution Time": 655.614
  }
]