{
  "Plan": {
    "Node Type": "Aggregate",
    "Strategy": "Plain",
    "Partial Mode": "Finalize",
    "Parallel Aware": false,
    "Startup Cost": 210741.15,
    "Total Cost": 210741.16,
    "Plan Rows": 1,
    "Plan Width": 8,
    "Actual Startup Time": 996.633,
    "Actual Total Time": 1016.651,
    "Actual Rows": 1,
    "Actual Loops": 1,
    "Plans": [
      {
        "Node Type": "Gather",
        "Parent Relationship": "Outer",
        "Parallel Aware": false,
        "Startup Cost": 210741.04,
        "Total Cost": 210741.15,
        "Plan Rows": 1,
        "Plan Width": 8,
        "Actual Startup Time": 994.058,
        "Actual Total Time": 1016.643,
        "Actual Rows": 2,
        "Actual Loops": 1,
        "Workers Planned": 1,
        "Workers Launched": 1,
        "Single Copy": false,
        "Plans": [
          {
            "Node Type": "Aggregate",
            "Strategy": "Plain",
            "Partial Mode": "Partial",
            "Parent Relationship": "Outer",
            "Parallel Aware": false,
            "Startup Cost": 209741.04,
            "Total Cost": 209741.05,
            "Plan Rows": 1,
            "Plan Width": 8,
            "Actual Startup Time": 987.897,
            "Actual Total Time": 987.903,
            "Actual Rows": 1,
            "Actual Loops": 2,
            "Plans": [
              {
                "Node Type": "Hash Join",
                "Parent Relationship": "Outer",
                "Parallel Aware": true,
                "Join Type": "Inner",
                "Startup Cost": 148082.05,
                "Total Cost": 209557.8,
                "Plan Rows": 73294,
                "Plan Width": 0,
                "Actual Startup Time": 523.423,
                "Actual Total Time": 956.122,
                "Actual Rows": 618933,
                "Actual Loops": 2,
                "Inner Unique": false,
                "Hash Cond": "(mk.movie_id = t.id)",
                "Plans": [
                  {
                    "Node Type": "Seq Scan",
                    "Parent Relationship": "Outer",
                    "Parallel Aware": true,
                    "Relation Name": "movie_keyword",
                    "Alias": "mk",
                    "Startup Cost": 0.0,
                    "Total Cost": 51065.35,
                    "Plan Rows": 2661135,
                    "Plan Width": 4,
                    "Actual Startup Time": 0.028,
                    "Actual Total Time": 184.664,
                    "Actual Rows": 2261965,
                    "Actual Loops": 2
                  },
                  {
                    "Node Type": "Hash",
                    "Parent Relationship": "Inner",
                    "Parallel Aware": true,
                    "Startup Cost": 147570.03,
                    "Total Cost": 147570.03,
                    "Plan Rows": 40962,
                    "Plan Width": 8,
                    "Actual Startup Time": 520.979,
                    "Actual Total Time": 520.983,
                    "Actual Rows": 23721,
                    "Actual Loops": 2,
                    "Hash Buckets": 131072,
                    "Original Hash Buckets": 131072,
                    "Hash Batches": 1,
                    "Original Hash Batches": 1,
                    "Peak Memory Usage": 2912,
                    "Plans": [
                      {
                        "Node Type": "Merge Join",
                        "Parent Relationship": "Outer",
                        "Parallel Aware": false,
                        "Join Type": "Inner",
                        "Startup Cost": 143777.65,
                        "Total Cost": 147570.03,
                        "Plan Rows": 40962,
                        "Plan Width": 8,
                        "Actual Startup Time": 394.364,
                        "Actual Total Time": 491.278,
                        "Actual Rows": 23721,
                        "Actual Loops": 2,
                        "Inner Unique": false,
                        "Merge Cond": "(t.id = mc.movie_id)",
                        "Plans": [
                          {
                            "Node Type": "Sort",
                            "Parent Relationship": "Outer",
                            "Parallel Aware": false,
                            "Startup Cost": 96184.72,
                            "Total Cost": 97293.45,
                            "Plan Rows": 443492,
                            "Plan Width": 4,
                            "Actual Startup Time": 258.904,
                            "Actual Total Time": 298.423,
                            "Actual Rows": 376191,
                            "Actual Loops": 2,
                            "Sort Key": [
                              "t.id"
                            ],
                            "Sort Method": "quicksort",
                            "Sort Space Used": 35941,
                            "Sort Space Type": "Memory",
                            "Workers": [
                              {
                                "Worker Number": 0,
                                "Sort Method": "quicksort",
                                "Sort Space Used": 17820,
                                "Sort Space Type": "Memory"
                              }
                            ],
                            "Plans": [
                              {
                                "Node Type": "Seq Scan",
                                "Parent Relationship": "Outer",
                                "Parallel Aware": true,
                                "Relation Name": "title",
                                "Alias": "t",
                                "Startup Cost": 0.0,
                                "Total Cost": 54588.39,
                                "Plan Rows": 443492,
                                "Plan Width": 4,
                                "Actual Startup Time": 0.035,
                                "Actual Total Time": 162.117,
                                "Actual Rows": 376838,
                                "Actual Loops": 2,
                                "Filter": "(kind_id < 3)",
                                "Rows Removed by Filter": 887318
                              }
                            ]
                          },
                          {
                            "Node Type": "Sort",
                            "Parent Relationship": "Inner",
                            "Parallel Aware": false,
                            "Startup Cost": 47592.89,
                            "Total Cost": 48176.68,
                            "Plan Rows": 233517,
                            "Plan Width": 4,
                            "Actual Startup Time": 135.447,
                            "Actual Total Time": 147.125,
                            "Actual Rows": 232665,
                            "Actual Loops": 2,
                            "Sort Key": [
                              "mc.movie_id"
                            ],
                            "Sort Method": "quicksort",
                            "Sort Space Used": 17051,
                            "Sort Space Type": "Memory",
                            "Workers": [
                              {
                                "Worker Number": 0,
                                "Sort Method": "quicksort",
                                "Sort Space Used": 17051,
                                "Sort Space Type": "Memory"
                              }
                            ],
                            "Plans": [
                              {
                                "Node Type": "Bitmap Heap Scan",
                                "Parent Relationship": "Outer",
                                "Parallel Aware": false,
                                "Relation Name": "movie_companies",
                                "Alias": "mc",
                                "Startup Cost": 5062.19,
                                "Total Cost": 26771.15,
                                "Plan Rows": 233517,
                                "Plan Width": 4,
                                "Actual Startup Time": 14.926,
                                "Actual Total Time": 80.181,
                                "Actual Rows": 232665,
                                "Actual Loops": 2,
                                "Recheck Cond": "(company_id < 93)",
                                "Rows Removed by Index Recheck": 0,
                                "Exact Heap Blocks": 16627,
                                "Lossy Heap Blocks": 0,
                                "Plans": [
                                  {
                                    "Node Type": "Bitmap Index Scan",
                                    "Parent Relationship": "Outer",
                                    "Parallel Aware": false,
                                    "Index Name": "company_id_movie_companies",
                                    "Startup Cost": 0.0,
                                    "Total Cost": 5003.81,
                                    "Plan Rows": 233517,
                                    "Plan Width": 0,
                                    "Actual Startup Time": 12.255,
                                    "Actual Total Time": 12.256,
                                    "Actual Rows": 232665,
                                    "Actual Loops": 2,
                                    "Index Cond": "(company_id < 93)"
                                  }
                                ]
                              }
                            ]
                          }
                        ]
                      }
                    ]
                  }
                ]
              }
            ]
          }
        ]
      }
    ]
  },
  "Planning Time": 1.05,
  "Triggers": [],
  "Execution Time": 1016.773
}