{
  "Plan": {
    "Node Type": "Aggregate",
    "Strategy": "Plain",
    "Partial Mode": "Finalize",
    "Parallel Aware": false,
    "Startup Cost": 130149.62,
    "Total Cost": 130149.63,
    "Plan Rows": 1,
    "Plan Width": 8,
    "Actual Startup Time": 543.018,
    "Actual Total Time": 575.999,
    "Actual Rows": 1,
    "Actual Loops": 1,
    "Plans": [
      {
        "Node Type": "Gather",
        "Parent Relationship": "Outer",
        "Parallel Aware": false,
        "Startup Cost": 130149.51,
        "Total Cost": 130149.62,
        "Plan Rows": 1,
        "Plan Width": 8,
        "Actual Startup Time": 542.882,
        "Actual Total Time": 575.981,
        "Actual Rows": 2,
        "Actual Loops": 1,
        "Workers Planned": 1,
        "Workers Launched": 1,
        "Single Copy": false,
        "Plans": [
          {
            "Node Type": "Aggregate",
            "Strategy": "Plain",
            "Partial Mode": "Partial",
            "Parent Relationship": "Outer",
            "Parallel Aware": false,
            "Startup Cost": 129149.51,
            "Total Cost": 129149.52,
            "Plan Rows": 1,
            "Plan Width": 8,
            "Actual Startup Time": 536.646,
            "Actual Total Time": 536.649,
            "Actual Rows": 1,
            "Actual Loops": 2,
            "Plans": [
              {
                "Node Type": "Nested Loop",
                "Parent Relationship": "Outer",
                "Parallel Aware": false,
                "Join Type": "Inner",
                "Startup Cost": 58411.14,
                "Total Cost": 129133.27,
                "Plan Rows": 6497,
                "Plan Width": 0,
                "Actual Startup Time": 146.914,
                "Actual Total Time": 532.682,
                "Actual Rows": 84478,
                "Actual Loops": 2,
                "Inner Unique": false,
                "Join Filter": "(t.id = mi.movie_id)",
                "Rows Removed by Join Filter": 0,
                "Plans": [
                  {
                    "Node Type": "Hash Join",
                    "Parent Relationship": "Outer",
                    "Parallel Aware": true,
                    "Join Type": "Inner",
                    "Startup Cost": 58410.71,
                    "Total Cost": 118707.18,
                    "Plan Rows": 5508,
                    "Plan Width": 8,
                    "Actual Startup Time": 146.79,
                    "Actual Total Time": 364.038,
                    "Actual Rows": 10930,
                    "Actual Loops": 2,
                    "Inner Unique": true,
                    "Hash Cond": "(mk.movie_id = t.id)",
                    "Plans": [
                      {
                        "Node Type": "Seq Scan",
                        "Parent Relationship": "Outer",
                        "Parallel Aware": true,
                        "Relation Name": "movie_keyword",
                        "Alias": "mk",
                        "Startup Cost": 0.0,
                        "Total Cost": 57718.19,
                        "Plan Rows": 982204,
                        "Plan Width": 4,
                        "Actual Startup Time": 0.772,
                        "Actual Total Time": 162.465,
                        "Actual Rows": 838128,
                        "Actual Loops": 2,
                        "Filter": "(keyword_id > 8679)",
                        "Rows Removed by Filter": 1423837
                      },
                      {
                        "Node Type": "Hash",
                        "Parent Relationship": "Inner",
                        "Parallel Aware": true,
                        "Startup Cost": 58306.47,
                        "Total Cost": 58306.47,
                        "Plan Rows": 8339,
                        "Plan Width": 4,
                        "Actual Startup Time": 143.679,
                        "Actual Total Time": 143.679,
                        "Actual Rows": 5918,
                        "Actual Loops": 2,
                        "Hash Buckets": 16384,
                        "Original Hash Buckets": 16384,
                        "Hash Batches": 1,
                        "Original Hash Batches": 1,
                        "Peak Memory Usage": 640,
                        "Plans": [
                          {
                            "Node Type": "Seq Scan",
                            "Parent Relationship": "Outer",
                            "Parallel Aware": true,
                            "Relation Name": "title",
                            "Alias": "t",
                            "Startup Cost": 0.0,
                            "Total Cost": 58306.47,
                            "Plan Rows": 8339,
                            "Plan Width": 4,
                            "Actual Startup Time": 0.249,
                            "Actual Total Time": 141.719,
                            "Actual Rows": 5918,
                            "Actual Loops": 2,
                            "Filter": "((kind_id < 7) AND (production_year = 1995))",
                            "Rows Removed by Filter": 1258238
                          }
                        ]
                      }
                    ]
                  },
                  {
                    "Node Type": "Index Scan",
                    "Parent Relationship": "Inner",
                    "Parallel Aware": false,
                    "Scan Direction": "Forward",
                    "Index Name": "movie_id_movie_info",
                    "Relation Name": "movie_info",
                    "Alias": "mi",
                    "Startup Cost": 0.43,
                    "Total Cost": 1.79,
                    "Plan Rows": 8,
                    "Plan Width": 4,
                    "Actual Startup Time": 0.006,
                    "Actual Total Time": 0.015,
                    "Actual Rows": 8,
                    "Actual Loops": 21859,
                    "Index Cond": "(movie_id = mk.movie_id)",
                    "Rows Removed by Index Recheck": 0,
                    "Filter": "(info_type_id = 16)",
                    "Rows Removed by Filter": 64
                  }
                ]
              }
            ]
          }
        ]
      }
    ]
  },
  "Planning Time": 1.031,
  "Triggers": [],
  "Execution Time": 576.094
}