[
  {
    "Plan": {
      "Node Type": "Aggregate",
      "Strategy": "Plain",
      "Partial Mode": "Finalize",
      "Parallel Aware": false,
      "Startup Cost": 46219.81,
      "Total Cost": 46219.82,
      "Plan Rows": 1,
      "Plan Width": 8,
      "Actual Startup Time": 156.712,
      "Actual Total Time": 166.369,
      "Actual Rows": 1,
      "Actual Loops": 1,
      "Plans": [
        {
          "Node Type": "Gather",
          "Parent Relationship": "Outer",
          "Parallel Aware": false,
          "Startup Cost": 46219.5,
          "Total Cost": 46219.81,
          "Plan Rows": 3,
          "Plan Width": 8,
          "Actual Startup Time": 156.597,
          "Actual Total Time": 166.359,
          "Actual Rows": 4,
          "Actual Loops": 1,
          "Workers Planned": 3,
          "Workers Launched": 3,
          "Single Copy": false,
          "Plans": [
            {
              "Node Type": "Aggregate",
              "Strategy": "Plain",
              "Partial Mode": "Partial",
              "Parent Relationship": "Outer",
              "Parallel Aware": false,
              "Startup Cost": 45219.5,
              "Total Cost": 45219.51,
              "Plan Rows": 1,
              "Plan Width": 8,
              "Actual Startup Time": 150.431,
              "Actual Total Time": 150.433,
              "Actual Rows": 1,
              "Actual Loops": 4,
              "Plans": [
                {
                  "Node Type": "Seq Scan",
                  "Parent Relationship": "Outer",
                  "Parallel Aware": true,
                  "Relation Name": "movie_keyword",
                  "Alias": "mk",
                  "Startup Cost": 0.0,
                  "Total Cost": 42695.65,
                  "Plan Rows": 1009537,
                  "Plan Width": 0,
                  "Actual Startup Time": 0.049,
                  "Actual Total Time": 117.09,
                  "Actual Rows": 781296,
                  "Actual Loops": 4,
                  "Filter": "(keyword_id < 11976)",
                  "Rows Removed by Filter": 349687
                }
              ]
            }
          ]
        }
      ]
    },
    "Planning Time": 0.179,
    "Triggers": [],
    "Execution Time": 166.432
  }
]