{
    "Plan": {
        "Node Type": "Aggregate",
        "Strategy": "Plain",
        "Partial Mode": "Finalize",
        "Parallel Aware": false,
        "Startup Cost": 247165.83,
        "Total Cost": 247165.84,
        "Plan Rows": 1,
        "Plan Width": 8,
        "Actual Startup Time": 439.342,
        "Actual Total Time": 476.769,
        "Actual Rows": 1,
        "Actual Loops": 1,
        "Output": [
            "count(*)"
        ],
        "Plans": [
            {
                "Node Type": "Gather",
                "Parent Relationship": "Outer",
                "Parallel Aware": false,
                "Startup Cost": 247165.31,
                "Total Cost": 247165.82,
                "Plan Rows": 5,
                "Plan Width": 8,
                "Actual Startup Time": 438.714,
                "Actual Total Time": 476.757,
                "Actual Rows": 6,
                "Actual Loops": 1,
                "Output": [
                    "(PARTIAL count(*))"
                ],
                "Workers Planned": 5,
                "Workers Launched": 5,
                "Single Copy": false,
                "Plans": [
                    {
                        "Node Type": "Aggregate",
                        "Strategy": "Plain",
                        "Partial Mode": "Partial",
                        "Parent Relationship": "Outer",
                        "Parallel Aware": false,
                        "Startup Cost": 246165.31,
                        "Total Cost": 246165.32,
                        "Plan Rows": 1,
                        "Plan Width": 8,
                        "Actual Startup Time": 429.023,
                        "Actual Total Time": 429.026,
                        "Actual Rows": 1,
                        "Actual Loops": 6,
                        "Output": [
                            "PARTIAL count(*)"
                        ],
                        "Workers": [
                            {
                                "Worker Number": 0,
                                "Actual Startup Time": 426.355,
                                "Actual Total Time": 426.358,
                                "Actual Rows": 1,
                                "Actual Loops": 1
                            },
                            {
                                "Worker Number": 1,
                                "Actual Startup Time": 427.641,
                                "Actual Total Time": 427.643,
                                "Actual Rows": 1,
                                "Actual Loops": 1
                            },
                            {
                                "Worker Number": 2,
                                "Actual Startup Time": 427.552,
                                "Actual Total Time": 427.555,
                                "Actual Rows": 1,
                                "Actual Loops": 1
                            },
                            {
                                "Worker Number": 3,
                                "Actual Startup Time": 427.359,
                                "Actual Total Time": 427.362,
                                "Actual Rows": 1,
                                "Actual Loops": 1
                            },
                            {
                                "Worker Number": 4,
                                "Actual Startup Time": 427.358,
                                "Actual Total Time": 427.361,
                                "Actual Rows": 1,
                                "Actual Loops": 1
                            }
                        ],
                        "Plans": [
                            {
                                "Node Type": "Hash Join",
                                "Parent Relationship": "Outer",
                                "Parallel Aware": true,
                                "Join Type": "Inner",
                                "Startup Cost": 45672.06,
                                "Total Cost": 246128.68,
                                "Plan Rows": 14653,
                                "Plan Width": 0,
                                "Actual Startup Time": 218.569,
                                "Actual Total Time": 428.451,
                                "Actual Rows": 11257,
                                "Actual Loops": 6,
                                "Inner Unique": true,
                                "Hash Cond": "(mi.movie_id = t.id)",
                                "Workers": [
                                    {
                                        "Worker Number": 0,
                                        "Actual Startup Time": 215.917,
                                        "Actual Total Time": 425.812,
                                        "Actual Rows": 9843,
                                        "Actual Loops": 1
                                    },
                                    {
                                        "Worker Number": 1,
                                        "Actual Startup Time": 217.085,
                                        "Actual Total Time": 427.045,
                                        "Actual Rows": 11230,
                                        "Actual Loops": 1
                                    },
                                    {
                                        "Worker Number": 2,
                                        "Actual Startup Time": 217.13,
                                        "Actual Total Time": 427.009,
                                        "Actual Rows": 9966,
                                        "Actual Loops": 1
                                    },
                                    {
                                        "Worker Number": 3,
                                        "Actual Startup Time": 216.95,
                                        "Actual Total Time": 426.773,
                                        "Actual Rows": 11504,
                                        "Actual Loops": 1
                                    },
                                    {
                                        "Worker Number": 4,
                                        "Actual Startup Time": 216.921,
                                        "Actual Total Time": 426.786,
                                        "Actual Rows": 11145,
                                        "Actual Loops": 1
                                    }
                                ],
                                "Plans": [
                                    {
                                        "Node Type": "Seq Scan",
                                        "Parent Relationship": "Outer",
                                        "Parallel Aware": true,
                                        "Relation Name": "movie_info",
                                        "Schema": "public",
                                        "Alias": "mi",
                                        "Startup Cost": 0.0,
                                        "Total Cost": 198880.74,
                                        "Plan Rows": 600336,
                                        "Plan Width": 4,
                                        "Actual Startup Time": 70.21,
                                        "Actual Total Time": 294.593,
                                        "Actual Rows": 506120,
                                        "Actual Loops": 6,
                                        "Output": [
                                            "mi.id",
                                            "mi.movie_id",
                                            "mi.info_type_id",
                                            "mi.info",
                                            "mi.note"
                                        ],
                                        "Filter": "(mi.info_type_id = 16)",
                                        "Rows Removed by Filter": 1966500,
                                        "Workers": [
                                            {
                                                "Worker Number": 0,
                                                "Actual Startup Time": 70.229,
                                                "Actual Total Time": 295.341,
                                                "Actual Rows": 465619,
                                                "Actual Loops": 1
                                            },
                                            {
                                                "Worker Number": 1,
                                                "Actual Startup Time": 70.22,
                                                "Actual Total Time": 295.4,
                                                "Actual Rows": 468926,
                                                "Actual Loops": 1
                                            },
                                            {
                                                "Worker Number": 2,
                                                "Actual Startup Time": 70.223,
                                                "Actual Total Time": 295.296,
                                                "Actual Rows": 466031,
                                                "Actual Loops": 1
                                            },
                                            {
                                                "Worker Number": 3,
                                                "Actual Startup Time": 70.237,
                                                "Actual Total Time": 294.744,
                                                "Actual Rows": 498763,
                                                "Actual Loops": 1
                                            },
                                            {
                                                "Worker Number": 4,
                                                "Actual Startup Time": 70.148,
                                                "Actual Total Time": 294.856,
                                                "Actual Rows": 498023,
                                                "Actual Loops": 1
                                            }
                                        ]
                                    },
                                    {
                                        "Node Type": "Hash",
                                        "Parent Relationship": "Inner",
                                        "Parallel Aware": true,
                                        "Startup Cost": 45479.21,
                                        "Total Cost": 45479.21,
                                        "Plan Rows": 15428,
                                        "Plan Width": 4,
                                        "Actual Startup Time": 79.09,
                                        "Actual Total Time": 79.091,
                                        "Actual Rows": 10264,
                                        "Actual Loops": 6,
                                        "Output": [
                                            "t.id"
                                        ],
                                        "Hash Buckets": 65536,
                                        "Original Hash Buckets": 65536,
                                        "Hash Batches": 1,
                                        "Original Hash Batches": 1,
                                        "Peak Memory Usage": 3072,
                                        "Workers": [
                                            {
                                                "Worker Number": 0,
                                                "Actual Startup Time": 77.179,
                                                "Actual Total Time": 77.18,
                                                "Actual Rows": 8999,
                                                "Actual Loops": 1
                                            },
                                            {
                                                "Worker Number": 1,
                                                "Actual Startup Time": 78.368,
                                                "Actual Total Time": 78.368,
                                                "Actual Rows": 9543,
                                                "Actual Loops": 1
                                            },
                                            {
                                                "Worker Number": 2,
                                                "Actual Startup Time": 78.288,
                                                "Actual Total Time": 78.289,
                                                "Actual Rows": 9083,
                                                "Actual Loops": 1
                                            },
                                            {
                                                "Worker Number": 3,
                                                "Actual Startup Time": 78.146,
                                                "Actual Total Time": 78.147,
                                                "Actual Rows": 9969,
                                                "Actual Loops": 1
                                            },
                                            {
                                                "Worker Number": 4,
                                                "Actual Startup Time": 78.148,
                                                "Actual Total Time": 78.149,
                                                "Actual Rows": 10026,
                                                "Actual Loops": 1
                                            }
                                        ],
                                        "Plans": [
                                            {
                                                "Node Type": "Seq Scan",
                                                "Parent Relationship": "Outer",
                                                "Parallel Aware": true,
                                                "Relation Name": "title",
                                                "Schema": "public",
                                                "Alias": "t",
                                                "Startup Cost": 0.0,
                                                "Total Cost": 45479.21,
                                                "Plan Rows": 15428,
                                                "Plan Width": 4,
                                                "Actual Startup Time": 42.534,
                                                "Actual Total Time": 74.749,
                                                "Actual Rows": 10264,
                                                "Actual Loops": 6,
                                                "Output": [
                                                    "t.id"
                                                ],
                                                "Filter": "((t.production_year > 2011) AND (t.kind_id = 1))",
                                                "Rows Removed by Filter": 411122,
                                                "Workers": [
                                                    {
                                                        "Worker Number": 0,
                                                        "Actual Startup Time": 47.802,
                                                        "Actual Total Time": 72.718,
                                                        "Actual Rows": 8999,
                                                        "Actual Loops": 1
                                                    },
                                                    {
                                                        "Worker Number": 1,
                                                        "Actual Startup Time": 48.959,
                                                        "Actual Total Time": 74.905,
                                                        "Actual Rows": 9543,
                                                        "Actual Loops": 1
                                                    },
                                                    {
                                                        "Worker Number": 2,
                                                        "Actual Startup Time": 5.17,
                                                        "Actual Total Time": 73.827,
                                                        "Actual Rows": 9083,
                                                        "Actual Loops": 1
                                                    },
                                                    {
                                                        "Worker Number": 3,
                                                        "Actual Startup Time": 48.806,
                                                        "Actual Total Time": 73.743,
                                                        "Actual Rows": 9969,
                                                        "Actual Loops": 1
                                                    },
                                                    {
                                                        "Worker Number": 4,
                                                        "Actual Startup Time": 49.504,
                                                        "Actual Total Time": 73.756,
                                                        "Actual Rows": 10026,
                                                        "Actual Loops": 1
                                                    }
                                                ]
                                            }
                                        ]
                                    }
                                ]
                            }
                        ]
                    }
                ]
            }
        ]
    },
    "Planning Time": 0.714,
    "Triggers": [],
    "Execution Time": 476.85
}