[
  {
    "Plan": {
      "Node Type": "Aggregate",
      "Strategy": "Plain",
      "Partial Mode": "Finalize",
      "Parallel Aware": false,
      "Startup Cost": 46285.16,
      "Total Cost": 46285.17,
      "Plan Rows": 1,
      "Plan Width": 8,
      "Actual Startup Time": 144.629,
      "Actual Total Time": 153.388,
      "Actual Rows": 1,
      "Actual Loops": 1,
      "Plans": [
        {
          "Node Type": "Gather",
          "Parent Relationship": "Outer",
          "Parallel Aware": false,
          "Startup Cost": 46284.84,
          "Total Cost": 46285.15,
          "Plan Rows": 3,
          "Plan Width": 8,
          "Actual Startup Time": 144.498,
          "Actual Total Time": 153.381,
          "Actual Rows": 4,
          "Actual Loops": 1,
          "Workers Planned": 3,
          "Workers Launched": 3,
          "Single Copy": false,
          "Plans": [
            {
              "Node Type": "Aggregate",
              "Strategy": "Plain",
              "Partial Mode": "Partial",
              "Parent Relationship": "Outer",
              "Parallel Aware": false,
              "Startup Cost": 45284.84,
              "Total Cost": 45284.85,
              "Plan Rows": 1,
              "Plan Width": 8,
              "Actual Startup Time": 139.693,
              "Actual Total Time": 139.694,
              "Actual Rows": 1,
              "Actual Loops": 4,
              "Plans": [
                {
                  "Node Type": "Seq Scan",
                  "Parent Relationship": "Outer",
                  "Parallel Aware": true,
                  "Relation Name": "movie_keyword",
                  "Alias": "mk",
                  "Startup Cost": 0.0,
                  "Total Cost": 42695.65,
                  "Plan Rows": 1035675,
                  "Plan Width": 0,
                  "Actual Startup Time": 0.033,
                  "Actual Total Time": 107.335,
                  "Actual Rows": 801995,
                  "Actual Loops": 4,
                  "Filter": "(keyword_id < 13300)",
                  "Rows Removed by Filter": 328987
                }
              ]
            }
          ]
        }
      ]
    },
    "Planning Time": 0.074,
    "Triggers": [],
    "Execution Time": 153.412
  }
]