[
  {
    "Plan": {
      "Node Type": "Aggregate",
      "Strategy": "Plain",
      "Partial Mode": "Finalize",
      "Parallel Aware": false,
      "Startup Cost": 33256.51,
      "Total Cost": 33256.52,
      "Plan Rows": 1,
      "Plan Width": 8,
      "Actual Startup Time": 91.927,
      "Actual Total Time": 100.511,
      "Actual Rows": 1,
      "Actual Loops": 1,
      "Plans": [
        {
          "Node Type": "Gather",
          "Parent Relationship": "Outer",
          "Parallel Aware": false,
          "Startup Cost": 33256.19,
          "Total Cost": 33256.5,
          "Plan Rows": 3,
          "Plan Width": 8,
          "Actual Startup Time": 91.781,
          "Actual Total Time": 100.502,
          "Actual Rows": 4,
          "Actual Loops": 1,
          "Workers Planned": 3,
          "Workers Launched": 3,
          "Single Copy": false,
          "Plans": [
            {
              "Node Type": "Aggregate",
              "Strategy": "Plain",
              "Partial Mode": "Partial",
              "Parent Relationship": "Outer",
              "Parallel Aware": false,
              "Startup Cost": 32256.19,
              "Total Cost": 32256.2,
              "Plan Rows": 1,
              "Plan Width": 8,
              "Actual Startup Time": 87.134,
              "Actual Total Time": 87.136,
              "Actual Rows": 1,
              "Actual Loops": 4,
              "Plans": [
                {
                  "Node Type": "Seq Scan",
                  "Parent Relationship": "Outer",
                  "Parallel Aware": true,
                  "Relation Name": "movie_companies",
                  "Alias": "mc",
                  "Startup Cost": 0.0,
                  "Total Cost": 31414.82,
                  "Plan Rows": 336548,
                  "Plan Width": 0,
                  "Actual Startup Time": 40.667,
                  "Actual Total Time": 77.846,
                  "Actual Rows": 192711,
                  "Actual Loops": 4,
                  "Filter": "((company_id < 71559) AND (company_type_id > 1))",
                  "Rows Removed by Filter": 459572
                }
              ]
            }
          ]
        }
      ]
    },
    "Planning Time": 0.178,
    "Triggers": [],
    "Execution Time": 100.558
  }
]