[
  {
    "Plan": {
      "Node Type": "Aggregate",
      "Strategy": "Plain",
      "Partial Mode": "Finalize",
      "Parallel Aware": false,
      "Startup Cost": 33258.59,
      "Total Cost": 33258.6,
      "Plan Rows": 1,
      "Plan Width": 8,
      "Actual Startup Time": 97.621,
      "Actual Total Time": 105.419,
      "Actual Rows": 1,
      "Actual Loops": 1,
      "Plans": [
        {
          "Node Type": "Gather",
          "Parent Relationship": "Outer",
          "Parallel Aware": false,
          "Startup Cost": 33258.28,
          "Total Cost": 33258.59,
          "Plan Rows": 3,
          "Plan Width": 8,
          "Actual Startup Time": 97.517,
          "Actual Total Time": 105.41,
          "Actual Rows": 4,
          "Actual Loops": 1,
          "Workers Planned": 3,
          "Workers Launched": 3,
          "Single Copy": false,
          "Plans": [
            {
              "Node Type": "Aggregate",
              "Strategy": "Plain",
              "Partial Mode": "Partial",
              "Parent Relationship": "Outer",
              "Parallel Aware": false,
              "Startup Cost": 32258.28,
              "Total Cost": 32258.29,
              "Plan Rows": 1,
              "Plan Width": 8,
              "Actual Startup Time": 89.822,
              "Actual Total Time": 89.823,
              "Actual Rows": 1,
              "Actual Loops": 4,
              "Plans": [
                {
                  "Node Type": "Seq Scan",
                  "Parent Relationship": "Outer",
                  "Parallel Aware": true,
                  "Relation Name": "movie_companies",
                  "Alias": "mc",
                  "Startup Cost": 0.0,
                  "Total Cost": 31414.82,
                  "Plan Rows": 337383,
                  "Plan Width": 0,
                  "Actual Startup Time": 49.176,
                  "Actual Total Time": 82.138,
                  "Actual Rows": 192711,
                  "Actual Loops": 4,
                  "Filter": "((company_id < 71559) AND (company_type_id > 1))",
                  "Rows Removed by Filter": 459572
                }
              ]
            }
          ]
        }
      ]
    },
    "Planning Time": 0.218,
    "Triggers": [],
    "Execution Time": 105.477
  }
]