[
  {
    "Plan": {
      "Node Type": "Aggregate",
      "Strategy": "Plain",
      "Partial Mode": "Finalize",
      "Parallel Aware": false,
      "Startup Cost": 28844.34,
      "Total Cost": 28844.35,
      "Plan Rows": 1,
      "Plan Width": 8,
      "Actual Startup Time": 62.557,
      "Actual Total Time": 67.99,
      "Actual Rows": 1,
      "Actual Loops": 1,
      "Plans": [
        {
          "Node Type": "Gather",
          "Parent Relationship": "Outer",
          "Parallel Aware": false,
          "Startup Cost": 28844.02,
          "Total Cost": 28844.33,
          "Plan Rows": 3,
          "Plan Width": 8,
          "Actual Startup Time": 62.298,
          "Actual Total Time": 67.984,
          "Actual Rows": 4,
          "Actual Loops": 1,
          "Workers Planned": 3,
          "Workers Launched": 3,
          "Single Copy": false,
          "Plans": [
            {
              "Node Type": "Aggregate",
              "Strategy": "Plain",
              "Partial Mode": "Partial",
              "Parent Relationship": "Outer",
              "Parallel Aware": false,
              "Startup Cost": 27844.02,
              "Total Cost": 27844.03,
              "Plan Rows": 1,
              "Plan Width": 8,
              "Actual Startup Time": 58.889,
              "Actual Total Time": 58.89,
              "Actual Rows": 1,
              "Actual Loops": 4,
              "Plans": [
                {
                  "Node Type": "Bitmap Heap Scan",
                  "Parent Relationship": "Outer",
                  "Parallel Aware": true,
                  "Relation Name": "movie_keyword",
                  "Alias": "mk",
                  "Startup Cost": 2760.58,
                  "Total Cost": 27739.12,
                  "Plan Rows": 41963,
                  "Plan Width": 0,
                  "Actual Startup Time": 18.698,
                  "Actual Total Time": 56.775,
                  "Actual Rows": 30372,
                  "Actual Loops": 4,
                  "Recheck Cond": "(keyword_id > 77734)",
                  "Rows Removed by Index Recheck": 0,
                  "Exact Heap Blocks": 10535,
                  "Lossy Heap Blocks": 0,
                  "Plans": [
                    {
                      "Node Type": "Bitmap Index Scan",
                      "Parent Relationship": "Outer",
                      "Parallel Aware": false,
                      "Index Name": "keyword_id_movie_keyword",
                      "Startup Cost": 0.0,
                      "Total Cost": 2728.06,
                      "Plan Rows": 130084,
                      "Plan Width": 0,
                      "Actual Startup Time": 17.025,
                      "Actual Total Time": 17.026,
                      "Actual Rows": 121488,
                      "Actual Loops": 1,
                      "Index Cond": "(keyword_id > 77734)"
                    }
                  ]
                }
              ]
            }
          ]
        }
      ]
    },
    "Planning Time": 0.114,
    "Triggers": [],
    "Execution Time": 68.035
  }
]