[
  {
    "Plan": {
      "Node Type": "Aggregate",
      "Strategy": "Plain",
      "Partial Mode": "Simple",
      "Parallel Aware": false,
      "Startup Cost": 94923.19,
      "Total Cost": 94923.2,
      "Plan Rows": 1,
      "Plan Width": 64,
      "Actual Startup Time": 269.358,
      "Actual Total Time": 299.498,
      "Actual Rows": 1,
      "Actual Loops": 1,
      "Plans": [
        {
          "Node Type": "Nested Loop",
          "Parent Relationship": "Outer",
          "Parallel Aware": false,
          "Join Type": "Inner",
          "Startup Cost": 1004.44,
          "Total Cost": 94923.18,
          "Plan Rows": 1,
          "Plan Width": 32,
          "Actual Startup Time": 116.172,
          "Actual Total Time": 299.215,
          "Actual Rows": 1260,
          "Actual Loops": 1,
          "Inner Unique": true,
          "Plans": [
            {
              "Node Type": "Gather",
              "Parent Relationship": "Outer",
              "Parallel Aware": false,
              "Startup Cost": 1004.01,
              "Total Cost": 94922.68,
              "Plan Rows": 1,
              "Plan Width": 36,
              "Actual Startup Time": 116.079,
              "Actual Total Time": 292.777,
              "Actual Rows": 1296,
              "Actual Loops": 1,
              "Workers Planned": 4,
              "Workers Launched": 4,
              "Single Copy": false,
              "Plans": [
                {
                  "Node Type": "Nested Loop",
                  "Parent Relationship": "Outer",
                  "Parallel Aware": false,
                  "Join Type": "Inner",
                  "Startup Cost": 4.01,
                  "Total Cost": 93922.58,
                  "Plan Rows": 1,
                  "Plan Width": 36,
                  "Actual Startup Time": 104.575,
                  "Actual Total Time": 255.774,
                  "Actual Rows": 259,
                  "Actual Loops": 5,
                  "Inner Unique": true,
                  "Plans": [
                    {
                      "Node Type": "Nested Loop",
                      "Parent Relationship": "Outer",
                      "Parallel Aware": false,
                      "Join Type": "Inner",
                      "Startup Cost": 3.87,
                      "Total Cost": 93920.45,
                      "Plan Rows": 13,
                      "Plan Width": 40,
                      "Actual Startup Time": 104.548,
                      "Actual Total Time": 255.299,
                      "Actual Rows": 259,
                      "Actual Loops": 5,
                      "Inner Unique": false,
                      "Join Filter": "(t.id = mi.movie_id)",
                      "Rows Removed by Join Filter": 0,
                      "Plans": [
                        {
                          "Node Type": "Nested Loop",
                          "Parent Relationship": "Outer",
                          "Parallel Aware": false,
                          "Join Type": "Inner",
                          "Startup Cost": 3.43,
                          "Total Cost": 93893.15,
                          "Plan Rows": 17,
                          "Plan Width": 48,
                          "Actual Startup Time": 103.77,
                          "Actual Total Time": 244.458,
                          "Actual Rows": 187,
                          "Actual Loops": 5,
                          "Inner Unique": true,
                          "Plans": [
                            {
                              "Node Type": "Nested Loop",
                              "Parent Relationship": "Outer",
                              "Parallel Aware": false,
                              "Join Type": "Inner",
                              "Startup Cost": 3.01,
                              "Total Cost": 93869.61,
                              "Plan Rows": 48,
                              "Plan Width": 52,
                              "Actual Startup Time": 103.653,
                              "Actual Total Time": 243.33,
                              "Actual Rows": 192,
                              "Actual Loops": 5,
                              "Inner Unique": false,
                              "Join Filter": "(t.id = mc.movie_id)",
                              "Rows Removed by Join Filter": 0,
                              "Plans": [
                                {
                                  "Node Type": "Nested Loop",
                                  "Parent Relationship": "Outer",
                                  "Parallel Aware": false,
                                  "Join Type": "Inner",
                                  "Startup Cost": 2.58,
                                  "Total Cost": 93775.87,
                                  "Plan Rows": 160,
                                  "Plan Width": 44,
                                  "Actual Startup Time": 102.771,
                                  "Actual Total Time": 240.63,
                                  "Actual Rows": 226,
                                  "Actual Loops": 5,
                                  "Inner Unique": true,
                                  "Plans": [
                                    {
                                      "Node Type": "Hash Join",
                                      "Parent Relationship": "Outer",
                                      "Parallel Aware": false,
                                      "Join Type": "Inner",
                                      "Startup Cost": 2.15,
                                      "Total Cost": 93559.71,
                                      "Plan Rows": 431,
                                      "Plan Width": 23,
                                      "Actual Startup Time": 101.488,
                                      "Actual Total Time": 235.764,
                                      "Actual Rows": 513,
                                      "Actual Loops": 5,
                                      "Inner Unique": true,
                                      "Hash Cond": "(ci.role_id = rt.id)",
                                      "Plans": [
                                        {
                                          "Node Type": "Nested Loop",
                                          "Parent Relationship": "Outer",
                                          "Parallel Aware": false,
                                          "Join Type": "Inner",
                                          "Startup Cost": 0.99,
                                          "Total Cost": 93540.18,
                                          "Plan Rows": 5170,
                                          "Plan Width": 27,
                                          "Actual Startup Time": 101.218,
                                          "Actual Total Time": 235.262,
                                          "Actual Rows": 741,
                                          "Actual Loops": 5,
                                          "Inner Unique": false,
                                          "Join Filter": "(n.id = ci.person_id)",
                                          "Rows Removed by Join Filter": 0,
                                          "Plans": [
                                            {
                                              "Node Type": "Nested Loop",
                                              "Parent Relationship": "Outer",
                                              "Parallel Aware": false,
                                              "Join Type": "Inner",
                                              "Startup Cost": 0.42,
                                              "Total Cost": 86180.41,
                                              "Plan Rows": 529,
                                              "Plan Width": 23,
                                              "Actual Startup Time": 99.668,
                                              "Actual Total Time": 225.186,
                                              "Actual Rows": 197,
                                              "Actual Loops": 5,
                                              "Inner Unique": false,
                                              "Plans": [
                                                {
                                                  "Node Type": "Seq Scan",
                                                  "Parent Relationship": "Outer",
                                                  "Parallel Aware": true,
                                                  "Relation Name": "name",
                                                  "Alias": "n",
                                                  "Startup Cost": 0.0,
                                                  "Total Cost": 71241.41,
                                                  "Plan Rows": 2447,
                                                  "Plan Width": 19,
                                                  "Actual Startup Time": 99.209,
                                                  "Actual Total Time": 217.197,
                                                  "Actual Rows": 1014,
                                                  "Actual Loops": 5,
                                                  "Filter": "((name ~~ '%ten%'::text) AND ((gender)::text = 'f'::text))",
                                                  "Rows Removed by Filter": 832484
                                                },
                                                {
                                                  "Node Type": "Index Only Scan",
                                                  "Parent Relationship": "Inner",
                                                  "Parallel Aware": false,
                                                  "Scan Direction": "Forward",
                                                  "Index Name": "person_id_aka_name",
                                                  "Relation Name": "aka_name",
                                                  "Alias": "an",
                                                  "Startup Cost": 0.42,
                                                  "Total Cost": 6.09,
                                                  "Plan Rows": 2,
                                                  "Plan Width": 4,
                                                  "Actual Startup Time": 0.007,
                                                  "Actual Total Time": 0.007,
                                                  "Actual Rows": 0,
                                                  "Actual Loops": 5069,
                                                  "Index Cond": "(person_id = n.id)",
                                                  "Rows Removed by Index Recheck": 0,
                                                  "Heap Fetches": 985
                                                }
                                              ]
                                            },
                                            {
                                              "Node Type": "Index Scan",
                                              "Parent Relationship": "Inner",
                                              "Parallel Aware": false,
                                              "Scan Direction": "Forward",
                                              "Index Name": "person_id_cast_info",
                                              "Relation Name": "cast_info",
                                              "Alias": "ci",
                                              "Startup Cost": 0.56,
                                              "Total Cost": 13.29,
                                              "Plan Rows": 50,
                                              "Plan Width": 16,
                                              "Actual Startup Time": 0.04,
                                              "Actual Total Time": 0.05,
                                              "Actual Rows": 4,
                                              "Actual Loops": 985,
                                              "Index Cond": "(person_id = an.person_id)",
                                              "Rows Removed by Index Recheck": 0,
                                              "Filter": "(note = ANY ('{(voice),\"(executive producer)\",(producer),(uncredited)}'::text[]))",
                                              "Rows Removed by Filter": 47
                                            }
                                          ]
                                        },
                                        {
                                          "Node Type": "Hash",
                                          "Parent Relationship": "Inner",
                                          "Parallel Aware": false,
                                          "Startup Cost": 1.15,
                                          "Total Cost": 1.15,
                                          "Plan Rows": 1,
                                          "Plan Width": 4,
                                          "Actual Startup Time": 0.056,
                                          "Actual Total Time": 0.057,
                                          "Actual Rows": 1,
                                          "Actual Loops": 5,
                                          "Hash Buckets": 1024,
                                          "Original Hash Buckets": 1024,
                                          "Hash Batches": 1,
                                          "Original Hash Batches": 1,
                                          "Peak Memory Usage": 9,
                                          "Plans": [
                                            {
                                              "Node Type": "Seq Scan",
                                              "Parent Relationship": "Outer",
                                              "Parallel Aware": false,
                                              "Relation Name": "role_type",
                                              "Alias": "rt",
                                              "Startup Cost": 0.0,
                                              "Total Cost": 1.15,
                                              "Plan Rows": 1,
                                              "Plan Width": 4,
                                              "Actual Startup Time": 0.03,
                                              "Actual Total Time": 0.035,
                                              "Actual Rows": 1,
                                              "Actual Loops": 5,
                                              "Filter": "((role)::text = 'actress'::text)",
                                              "Rows Removed by Filter": 11
                                            }
                                          ]
                                        }
                                      ]
                                    },
                                    {
                                      "Node Type": "Index Scan",
                                      "Parent Relationship": "Inner",
                                      "Parallel Aware": false,
                                      "Scan Direction": "Forward",
                                      "Index Name": "title_pkey",
                                      "Relation Name": "title",
                                      "Alias": "t",
                                      "Startup Cost": 0.43,
                                      "Total Cost": 0.5,
                                      "Plan Rows": 1,
                                      "Plan Width": 21,
                                      "Actual Startup Time": 0.009,
                                      "Actual Total Time": 0.009,
                                      "Actual Rows": 0,
                                      "Actual Loops": 2563,
                                      "Index Cond": "(id = ci.movie_id)",
                                      "Rows Removed by Index Recheck": 0,
                                      "Filter": "((production_year >= 2002) AND (production_year <= 2010))",
                                      "Rows Removed by Filter": 1
                                    }
                                  ]
                                },
                                {
                                  "Node Type": "Index Scan",
                                  "Parent Relationship": "Inner",
                                  "Parallel Aware": false,
                                  "Scan Direction": "Forward",
                                  "Index Name": "movie_id_movie_companies",
                                  "Relation Name": "movie_companies",
                                  "Alias": "mc",
                                  "Startup Cost": 0.43,
                                  "Total Cost": 0.57,
                                  "Plan Rows": 1,
                                  "Plan Width": 8,
                                  "Actual Startup Time": 0.009,
                                  "Actual Total Time": 0.011,
                                  "Actual Rows": 1,
                                  "Actual Loops": 1129,
                                  "Index Cond": "(movie_id = ci.movie_id)",
                                  "Rows Removed by Index Recheck": 0,
                                  "Filter": "((note IS NOT NULL) AND ((note ~~ '%(USA)%'::text) OR (note ~~ '%(worldwide)%'::text)))",
                                  "Rows Removed by Filter": 3
                                }
                              ]
                            },
                            {
                              "Node Type": "Index Scan",
                              "Parent Relationship": "Inner",
                              "Parallel Aware": false,
                              "Scan Direction": "Forward",
                              "Index Name": "company_name_pkey",
                              "Relation Name": "company_name",
                              "Alias": "cn",
                              "Startup Cost": 0.42,
                              "Total Cost": 0.49,
                              "Plan Rows": 1,
                              "Plan Width": 4,
                              "Actual Startup Time": 0.005,
                              "Actual Total Time": 0.005,
                              "Actual Rows": 1,
                              "Actual Loops": 958,
                              "Index Cond": "(id = mc.company_id)",
                              "Rows Removed by Index Recheck": 0,
                              "Filter": "((country_code)::text = '[us]'::text)",
                              "Rows Removed by Filter": 0
                            }
                          ]
                        },
                        {
                          "Node Type": "Index Scan",
                          "Parent Relationship": "Inner",
                          "Parallel Aware": false,
                          "Scan Direction": "Forward",
                          "Index Name": "movie_id_movie_info",
                          "Relation Name": "movie_info",
                          "Alias": "mi",
                          "Startup Cost": 0.43,
                          "Total Cost": 1.59,
                          "Plan Rows": 1,
                          "Plan Width": 8,
                          "Actual Startup Time": 0.028,
                          "Actual Total Time": 0.057,
                          "Actual Rows": 1,
                          "Actual Loops": 937,
                          "Index Cond": "(movie_id = ci.movie_id)",
                          "Rows Removed by Index Recheck": 0,
                          "Filter": "((info IS NOT NULL) AND ((info ~~ 'Japan:%200%'::text) OR (info ~~ 'USA:%200%'::text)))",
                          "Rows Removed by Filter": 91
                        }
                      ]
                    },
                    {
                      "Node Type": "Index Scan",
                      "Parent Relationship": "Inner",
                      "Parallel Aware": false,
                      "Scan Direction": "Forward",
                      "Index Name": "info_type_pkey",
                      "Relation Name": "info_type",
                      "Alias": "it",
                      "Startup Cost": 0.14,
                      "Total Cost": 0.16,
                      "Plan Rows": 1,
                      "Plan Width": 4,
                      "Actual Startup Time": 0.001,
                      "Actual Total Time": 0.001,
                      "Actual Rows": 1,
                      "Actual Loops": 1296,
                      "Index Cond": "(id = mi.info_type_id)",
                      "Rows Removed by Index Recheck": 0,
                      "Filter": "((info)::text = 'release dates'::text)",
                      "Rows Removed by Filter": 0
                    }
                  ]
                }
              ]
            },
            {
              "Node Type": "Index Only Scan",
              "Parent Relationship": "Inner",
              "Parallel Aware": false,
              "Scan Direction": "Forward",
              "Index Name": "char_name_pkey",
              "Relation Name": "char_name",
              "Alias": "chn",
              "Startup Cost": 0.43,
              "Total Cost": 0.5,
              "Plan Rows": 1,
              "Plan Width": 4,
              "Actual Startup Time": 0.004,
              "Actual Total Time": 0.004,
              "Actual Rows": 1,
              "Actual Loops": 1296,
              "Index Cond": "(id = ci.person_role_id)",
              "Rows Removed by Index Recheck": 0,
              "Heap Fetches": 1260
            }
          ]
        }
      ]
    },
    "Planning Time": 42.271,
    "Triggers": [],
    "Execution Time": 299.947
  }
]