[
  {
    "Bao": {
      "Bao prediction": 545.514,
      "Bao recommended hint": "SET enable_mergejoin TO off; SET enable_indexscan TO off; "
    }
  },
  {
    "Plan": {
      "Node Type": "Aggregate",
      "Strategy": "Plain",
      "Partial Mode": "Finalize",
      "Parallel Aware": false,
      "Startup Cost": 59510.62,
      "Total Cost": 59510.63,
      "Plan Rows": 1,
      "Plan Width": 64,
      "Actual Startup Time": 881.968,
      "Actual Total Time": 944.828,
      "Actual Rows": 1,
      "Actual Loops": 1,
      "Plans": [
        {
          "Node Type": "Gather",
          "Parent Relationship": "Outer",
          "Parallel Aware": false,
          "Startup Cost": 59510.4,
          "Total Cost": 59510.61,
          "Plan Rows": 2,
          "Plan Width": 64,
          "Actual Startup Time": 880.489,
          "Actual Total Time": 944.801,
          "Actual Rows": 3,
          "Actual Loops": 1,
          "Workers Planned": 2,
          "Workers Launched": 2,
          "Single Copy": false,
          "Plans": [
            {
              "Node Type": "Aggregate",
              "Strategy": "Plain",
              "Partial Mode": "Partial",
              "Parent Relationship": "Outer",
              "Parallel Aware": false,
              "Startup Cost": 58510.4,
              "Total Cost": 58510.41,
              "Plan Rows": 1,
              "Plan Width": 64,
              "Actual Startup Time": 868.124,
              "Actual Total Time": 868.246,
              "Actual Rows": 1,
              "Actual Loops": 3,
              "Plans": [
                {
                  "Node Type": "Nested Loop",
                  "Parent Relationship": "Outer",
                  "Parallel Aware": false,
                  "Join Type": "Inner",
                  "Startup Cost": 36815.15,
                  "Total Cost": 58510.35,
                  "Plan Rows": 10,
                  "Plan Width": 60,
                  "Actual Startup Time": 306.975,
                  "Actual Total Time": 868.123,
                  "Actual Rows": 161,
                  "Actual Loops": 3,
                  "Inner Unique": true,
                  "Plans": [
                    {
                      "Node Type": "Nested Loop",
                      "Parent Relationship": "Outer",
                      "Parallel Aware": false,
                      "Join Type": "Inner",
                      "Startup Cost": 36814.72,
                      "Total Cost": 58465.95,
                      "Plan Rows": 10,
                      "Plan Width": 64,
                      "Actual Startup Time": 306.894,
                      "Actual Total Time": 865.154,
                      "Actual Rows": 161,
                      "Actual Loops": 3,
                      "Inner Unique": false,
                      "Plans": [
                        {
                          "Node Type": "Nested Loop",
                          "Parent Relationship": "Outer",
                          "Parallel Aware": false,
                          "Join Type": "Inner",
                          "Startup Cost": 36813.88,
                          "Total Cost": 58460.05,
                          "Plan Rows": 1,
                          "Plan Width": 76,
                          "Actual Startup Time": 292.1,
                          "Actual Total Time": 863.798,
                          "Actual Rows": 24,
                          "Actual Loops": 3,
                          "Inner Unique": true,
                          "Plans": [
                            {
                              "Node Type": "Nested Loop",
                              "Parent Relationship": "Outer",
                              "Parallel Aware": false,
                              "Join Type": "Inner",
                              "Startup Cost": 36813.34,
                              "Total Cost": 58455.5,
                              "Plan Rows": 1,
                              "Plan Width": 55,
                              "Actual Startup Time": 291.965,
                              "Actual Total Time": 862.76,
                              "Actual Rows": 24,
                              "Actual Loops": 3,
                              "Inner Unique": true,
                              "Join Filter": "(mc.company_type_id = ct.id)",
                              "Rows Removed by Join Filter": 0,
                              "Plans": [
                                {
                                  "Node Type": "Hash Join",
                                  "Parent Relationship": "Outer",
                                  "Parallel Aware": false,
                                  "Join Type": "Inner",
                                  "Startup Cost": 36813.34,
                                  "Total Cost": 58454.41,
                                  "Plan Rows": 1,
                                  "Plan Width": 59,
                                  "Actual Startup Time": 291.928,
                                  "Actual Total Time": 862.581,
                                  "Actual Rows": 24,
                                  "Actual Loops": 3,
                                  "Inner Unique": true,
                                  "Hash Cond": "(mi.info_type_id = it1.id)",
                                  "Plans": [
                                    {
                                      "Node Type": "Nested Loop",
                                      "Parent Relationship": "Outer",
                                      "Parallel Aware": false,
                                      "Join Type": "Inner",
                                      "Startup Cost": 36810.91,
                                      "Total Cost": 58451.98,
                                      "Plan Rows": 2,
                                      "Plan Width": 63,
                                      "Actual Startup Time": 291.43,
                                      "Actual Total Time": 862.039,
                                      "Actual Rows": 24,
                                      "Actual Loops": 3,
                                      "Inner Unique": false,
                                      "Plans": [
                                        {
                                          "Node Type": "Hash Join",
                                          "Parent Relationship": "Outer",
                                          "Parallel Aware": true,
                                          "Join Type": "Inner",
                                          "Startup Cost": 36809.56,
                                          "Total Cost": 45079.58,
                                          "Plan Rows": 2194,
                                          "Plan Width": 12,
                                          "Actual Startup Time": 279.577,
                                          "Actual Total Time": 399.482,
                                          "Actual Rows": 4566,
                                          "Actual Loops": 3,
                                          "Inner Unique": false,
                                          "Hash Cond": "(at.movie_id = mc.movie_id)",
                                          "Plans": [
                                            {
                                              "Node Type": "Seq Scan",
                                              "Parent Relationship": "Outer",
                                              "Parallel Aware": true,
                                              "Relation Name": "aka_title",
                                              "Alias": "at",
                                              "Startup Cost": 0.0,
                                              "Total Cost": 7698.13,
                                              "Plan Rows": 150613,
                                              "Plan Width": 4,
                                              "Actual Startup Time": 0.147,
                                              "Actual Total Time": 76.554,
                                              "Actual Rows": 120491,
                                              "Actual Loops": 3
                                            },
                                            {
                                              "Node Type": "Hash",
                                              "Parent Relationship": "Inner",
                                              "Parallel Aware": true,
                                              "Startup Cost": 36780.18,
                                              "Total Cost": 36780.18,
                                              "Plan Rows": 2351,
                                              "Plan Width": 8,
                                              "Actual Startup Time": 278.689,
                                              "Actual Total Time": 278.798,
                                              "Actual Rows": 14612,
                                              "Actual Loops": 3,
                                              "Hash Buckets": 65536,
                                              "Original Hash Buckets": 8192,
                                              "Hash Batches": 1,
                                              "Original Hash Batches": 1,
                                              "Peak Memory Usage": 2720,
                                              "Plans": [
                                                {
                                                  "Node Type": "Hash Join",
                                                  "Parent Relationship": "Outer",
                                                  "Parallel Aware": true,
                                                  "Join Type": "Inner",
                                                  "Startup Cost": 5348.31,
                                                  "Total Cost": 36780.18,
                                                  "Plan Rows": 2351,
                                                  "Plan Width": 8,
                                                  "Actual Startup Time": 60.186,
                                                  "Actual Total Time": 260.086,
                                                  "Actual Rows": 14612,
                                                  "Actual Loops": 3,
                                                  "Inner Unique": true,
                                                  "Hash Cond": "(mc.company_id = cn.id)",
                                                  "Plans": [
                                                    {
                                                      "Node Type": "Seq Scan",
                                                      "Parent Relationship": "Outer",
                                                      "Parallel Aware": true,
                                                      "Relation Name": "movie_companies",
                                                      "Alias": "mc",
                                                      "Startup Cost": 0.0,
                                                      "Total Cost": 31414.82,
                                                      "Plan Rows": 6496,
                                                      "Plan Width": 12,
                                                      "Actual Startup Time": 0.056,
                                                      "Actual Total Time": 190.399,
                                                      "Actual Rows": 20555,
                                                      "Actual Loops": 3,
                                                      "Filter": "((note ~~ '%(200%)%'::text) AND (note ~~ '%(worldwide)%'::text))",
                                                      "Rows Removed by Filter": 849155
                                                    },
                                                    {
                                                      "Node Type": "Hash",
                                                      "Parent Relationship": "Inner",
                                                      "Parallel Aware": true,
                                                      "Startup Cost": 4722.92,
                                                      "Total Cost": 4722.92,
                                                      "Plan Rows": 50031,
                                                      "Plan Width": 4,
                                                      "Actual Startup Time": 59.269,
                                                      "Actual Total Time": 59.271,
                                                      "Actual Rows": 28281,
                                                      "Actual Loops": 3,
                                                      "Hash Buckets": 131072,
                                                      "Original Hash Buckets": 131072,
                                                      "Hash Batches": 1,
                                                      "Original Hash Batches": 1,
                                                      "Peak Memory Usage": 4416,
                                                      "Plans": [
                                                        {
                                                          "Node Type": "Seq Scan",
                                                          "Parent Relationship": "Outer",
                                                          "Parallel Aware": true,
                                                          "Relation Name": "company_name",
                                                          "Alias": "cn",
                                                          "Startup Cost": 0.0,
                                                          "Total Cost": 4722.92,
                                                          "Plan Rows": 50031,
                                                          "Plan Width": 4,
                                                          "Actual Startup Time": 0.086,
                                                          "Actual Total Time": 44.27,
                                                          "Actual Rows": 28281,
                                                          "Actual Loops": 3,
                                                          "Filter": "((country_code)::text = '[us]'::text)",
                                                          "Rows Removed by Filter": 50051
                                                        }
                                                      ]
                                                    }
                                                  ]
                                                }
                                              ]
                                            }
                                          ]
                                        },
                                        {
                                          "Node Type": "Bitmap Heap Scan",
                                          "Parent Relationship": "Inner",
                                          "Parallel Aware": false,
                                          "Relation Name": "movie_info",
                                          "Alias": "mi",
                                          "Startup Cost": 1.35,
                                          "Total Cost": 6.08,
                                          "Plan Rows": 1,
                                          "Plan Width": 51,
                                          "Actual Startup Time": 0.098,
                                          "Actual Total Time": 0.098,
                                          "Actual Rows": 0,
                                          "Actual Loops": 13699,
                                          "Recheck Cond": "(movie_id = at.movie_id)",
                                          "Rows Removed by Index Recheck": 0,
                                          "Filter": "((note ~~ '%internet%'::text) AND (info ~~ 'USA:% 200%'::text))",
                                          "Rows Removed by Filter": 61,
                                          "Exact Heap Blocks": 68917,
                                          "Lossy Heap Blocks": 0,
                                          "Plans": [
                                            {
                                              "Node Type": "Bitmap Index Scan",
                                              "Parent Relationship": "Outer",
                                              "Parallel Aware": false,
                                              "Index Name": "movie_id_movie_info",
                                              "Startup Cost": 0.0,
                                              "Total Cost": 1.35,
                                              "Plan Rows": 42,
                                              "Plan Width": 0,
                                              "Actual Startup Time": 0.025,
                                              "Actual Total Time": 0.025,
                                              "Actual Rows": 61,
                                              "Actual Loops": 13699,
                                              "Index Cond": "(movie_id = at.movie_id)"
                                            }
                                          ]
                                        }
                                      ]
                                    },
                                    {
                                      "Node Type": "Hash",
                                      "Parent Relationship": "Inner",
                                      "Parallel Aware": false,
                                      "Startup Cost": 2.41,
                                      "Total Cost": 2.41,
                                      "Plan Rows": 1,
                                      "Plan Width": 4,
                                      "Actual Startup Time": 0.115,
                                      "Actual Total Time": 0.116,
                                      "Actual Rows": 1,
                                      "Actual Loops": 3,
                                      "Hash Buckets": 1024,
                                      "Original Hash Buckets": 1024,
                                      "Hash Batches": 1,
                                      "Original Hash Batches": 1,
                                      "Peak Memory Usage": 9,
                                      "Plans": [
                                        {
                                          "Node Type": "Seq Scan",
                                          "Parent Relationship": "Outer",
                                          "Parallel Aware": false,
                                          "Relation Name": "info_type",
                                          "Alias": "it1",
                                          "Startup Cost": 0.0,
                                          "Total Cost": 2.41,
                                          "Plan Rows": 1,
                                          "Plan Width": 4,
                                          "Actual Startup Time": 0.069,
                                          "Actual Total Time": 0.085,
                                          "Actual Rows": 1,
                                          "Actual Loops": 3,
                                          "Filter": "((info)::text = 'release dates'::text)",
                                          "Rows Removed by Filter": 112
                                        }
                                      ]
                                    }
                                  ]
                                },
                                {
                                  "Node Type": "Seq Scan",
                                  "Parent Relationship": "Inner",
                                  "Parallel Aware": false,
                                  "Relation Name": "company_type",
                                  "Alias": "ct",
                                  "Startup Cost": 0.0,
                                  "Total Cost": 1.04,
                                  "Plan Rows": 4,
                                  "Plan Width": 4,
                                  "Actual Startup Time": 0.003,
                                  "Actual Total Time": 0.003,
                                  "Actual Rows": 1,
                                  "Actual Loops": 71
                                }
                              ]
                            },
                            {
                              "Node Type": "Bitmap Heap Scan",
                              "Parent Relationship": "Inner",
                              "Parallel Aware": false,
                              "Relation Name": "title",
                              "Alias": "t",
                              "Startup Cost": 0.54,
                              "Total Cost": 4.55,
                              "Plan Rows": 1,
                              "Plan Width": 21,
                              "Actual Startup Time": 0.039,
                              "Actual Total Time": 0.039,
                              "Actual Rows": 1,
                              "Actual Loops": 71,
                              "Recheck Cond": "(id = at.movie_id)",
                              "Rows Removed by Index Recheck": 0,
                              "Filter": "(production_year < 2010)",
                              "Rows Removed by Filter": 0,
                              "Exact Heap Blocks": 29,
                              "Lossy Heap Blocks": 0,
                              "Plans": [
                                {
                                  "Node Type": "Bitmap Index Scan",
                                  "Parent Relationship": "Outer",
                                  "Parallel Aware": false,
                                  "Index Name": "title_pkey",
                                  "Startup Cost": 0.0,
                                  "Total Cost": 0.54,
                                  "Plan Rows": 1,
                                  "Plan Width": 0,
                                  "Actual Startup Time": 0.025,
                                  "Actual Total Time": 0.025,
                                  "Actual Rows": 1,
                                  "Actual Loops": 71,
                                  "Index Cond": "(id = at.movie_id)"
                                }
                              ]
                            }
                          ]
                        },
                        {
                          "Node Type": "Bitmap Heap Scan",
                          "Parent Relationship": "Inner",
                          "Parallel Aware": false,
                          "Relation Name": "movie_keyword",
                          "Alias": "mk",
                          "Startup Cost": 0.84,
                          "Total Cost": 5.43,
                          "Plan Rows": 47,
                          "Plan Width": 8,
                          "Actual Startup Time": 0.05,
                          "Actual Total Time": 0.051,
                          "Actual Rows": 7,
                          "Actual Loops": 71,
                          "Recheck Cond": "(movie_id = t.id)",
                          "Rows Removed by Index Recheck": 0,
                          "Exact Heap Blocks": 19,
                          "Lossy Heap Blocks": 0,
                          "Plans": [
                            {
                              "Node Type": "Bitmap Index Scan",
                              "Parent Relationship": "Outer",
                              "Parallel Aware": false,
                              "Index Name": "movie_id_movie_keyword",
                              "Startup Cost": 0.0,
                              "Total Cost": 0.83,
                              "Plan Rows": 47,
                              "Plan Width": 0,
                              "Actual Startup Time": 0.04,
                              "Actual Total Time": 0.04,
                              "Actual Rows": 7,
                              "Actual Loops": 71,
                              "Index Cond": "(movie_id = t.id)"
                            }
                          ]
                        }
                      ]
                    },
                    {
                      "Node Type": "Bitmap Heap Scan",
                      "Parent Relationship": "Inner",
                      "Parallel Aware": false,
                      "Relation Name": "keyword",
                      "Alias": "k",
                      "Startup Cost": 0.43,
                      "Total Cost": 4.44,
                      "Plan Rows": 1,
                      "Plan Width": 4,
                      "Actual Startup Time": 0.015,
                      "Actual Total Time": 0.015,
                      "Actual Rows": 1,
                      "Actual Loops": 482,
                      "Recheck Cond": "(id = mk.keyword_id)",
                      "Rows Removed by Index Recheck": 0,
                      "Exact Heap Blocks": 280,
                      "Lossy Heap Blocks": 0,
                      "Plans": [
                        {
                          "Node Type": "Bitmap Index Scan",
                          "Parent Relationship": "Outer",
                          "Parallel Aware": false,
                          "Index Name": "keyword_pkey",
                          "Startup Cost": 0.0,
                          "Total Cost": 0.43,
                          "Plan Rows": 1,
                          "Plan Width": 0,
                          "Actual Startup Time": 0.01,
                          "Actual Total Time": 0.01,
                          "Actual Rows": 1,
                          "Actual Loops": 482,
                          "Index Cond": "(id = mk.keyword_id)"
                        }
                      ]
                    }
                  ]
                }
              ]
            }
          ]
        }
      ]
    },
    "Planning Time": 475.788,
    "Triggers": [],
    "Execution Time": 945.722
  }
]