[
  {
    "Plan": {
      "Node Type": "Aggregate",
      "Strategy": "Plain",
      "Partial Mode": "Finalize",
      "Parallel Aware": false,
      "Startup Cost": 335754.52,
      "Total Cost": 335754.53,
      "Plan Rows": 1,
      "Plan Width": 8,
      "Actual Startup Time": 652.034,
      "Actual Total Time": 712.756,
      "Actual Rows": 1,
      "Actual Loops": 1,
      "Plans": [
        {
          "Node Type": "Gather",
          "Parent Relationship": "Outer",
          "Parallel Aware": false,
          "Startup Cost": 335753.89,
          "Total Cost": 335754.5,
          "Plan Rows": 6,
          "Plan Width": 8,
          "Actual Startup Time": 651.876,
          "Actual Total Time": 712.745,
          "Actual Rows": 7,
          "Actual Loops": 1,
          "Workers Planned": 6,
          "Workers Launched": 6,
          "Single Copy": false,
          "Plans": [
            {
              "Node Type": "Aggregate",
              "Strategy": "Plain",
              "Partial Mode": "Partial",
              "Parent Relationship": "Outer",
              "Parallel Aware": false,
              "Startup Cost": 334753.89,
              "Total Cost": 334753.9,
              "Plan Rows": 1,
              "Plan Width": 8,
              "Actual Startup Time": 642.484,
              "Actual Total Time": 642.485,
              "Actual Rows": 1,
              "Actual Loops": 7,
              "Plans": [
                {
                  "Node Type": "Seq Scan",
                  "Parent Relationship": "Outer",
                  "Parallel Aware": true,
                  "Relation Name": "cast_info",
                  "Alias": "ci",
                  "Startup Cost": 0.0,
                  "Total Cost": 328162.03,
                  "Plan Rows": 2636747,
                  "Plan Width": 0,
                  "Actual Startup Time": 0.046,
                  "Actual Total Time": 549.719,
                  "Actual Rows": 2256233,
                  "Actual Loops": 7,
                  "Filter": "(person_id < 1560659)",
                  "Rows Removed by Filter": 2921530
                }
              ]
            }
          ]
        }
      ]
    },
    "Planning Time": 0.202,
    "Triggers": [],
    "Execution Time": 712.83
  }
]