{
  "Plan": {
    "Node Type": "Aggregate",
    "Strategy": "Plain",
    "Partial Mode": "Finalize",
    "Parallel Aware": false,
    "Startup Cost": 107319.0,
    "Total Cost": 107319.01,
    "Plan Rows": 1,
    "Plan Width": 8,
    "Actual Startup Time": 671.951,
    "Actual Total Time": 691.456,
    "Actual Rows": 1,
    "Actual Loops": 1,
    "Plans": [
      {
        "Node Type": "Gather",
        "Parent Relationship": "Outer",
        "Parallel Aware": false,
        "Startup Cost": 107318.89,
        "Total Cost": 107319.0,
        "Plan Rows": 1,
        "Plan Width": 8,
        "Actual Startup Time": 667.588,
        "Actual Total Time": 691.448,
        "Actual Rows": 2,
        "Actual Loops": 1,
        "Workers Planned": 1,
        "Workers Launched": 1,
        "Single Copy": false,
        "Plans": [
          {
            "Node Type": "Aggregate",
            "Strategy": "Plain",
            "Partial Mode": "Partial",
            "Parent Relationship": "Outer",
            "Parallel Aware": false,
            "Startup Cost": 106318.89,
            "Total Cost": 106318.9,
            "Plan Rows": 1,
            "Plan Width": 8,
            "Actual Startup Time": 654.238,
            "Actual Total Time": 654.242,
            "Actual Rows": 1,
            "Actual Loops": 2,
            "Plans": [
              {
                "Node Type": "Hash Join",
                "Parent Relationship": "Outer",
                "Parallel Aware": true,
                "Join Type": "Inner",
                "Startup Cost": 77792.97,
                "Total Cost": 105741.31,
                "Plan Rows": 231031,
                "Plan Width": 0,
                "Actual Startup Time": 541.741,
                "Actual Total Time": 645.919,
                "Actual Rows": 190554,
                "Actual Loops": 2,
                "Inner Unique": true,
                "Hash Cond": "(mk.movie_id = t.id)",
                "Plans": [
                  {
                    "Node Type": "Bitmap Heap Scan",
                    "Parent Relationship": "Outer",
                    "Parallel Aware": true,
                    "Relation Name": "movie_keyword",
                    "Alias": "mk",
                    "Startup Cost": 8332.27,
                    "Total Cost": 35674.16,
                    "Plan Rows": 231031,
                    "Plan Width": 4,
                    "Actual Startup Time": 24.809,
                    "Actual Total Time": 79.375,
                    "Actual Rows": 190554,
                    "Actual Loops": 2,
                    "Recheck Cond": "(keyword_id > 44849)",
                    "Rows Removed by Index Recheck": 0,
                    "Exact Heap Blocks": 12677,
                    "Lossy Heap Blocks": 0,
                    "Plans": [
                      {
                        "Node Type": "Bitmap Index Scan",
                        "Parent Relationship": "Outer",
                        "Parallel Aware": false,
                        "Index Name": "keyword_id_movie_keyword",
                        "Startup Cost": 0.0,
                        "Total Cost": 8234.08,
                        "Plan Rows": 392753,
                        "Plan Width": 0,
                        "Actual Startup Time": 21.533,
                        "Actual Total Time": 21.534,
                        "Actual Rows": 381107,
                        "Actual Loops": 1,
                        "Index Cond": "(keyword_id > 44849)"
                      }
                    ]
                  },
                  {
                    "Node Type": "Hash",
                    "Parent Relationship": "Inner",
                    "Parallel Aware": true,
                    "Startup Cost": 50870.31,
                    "Total Cost": 50870.31,
                    "Plan Rows": 1487231,
                    "Plan Width": 4,
                    "Actual Startup Time": 494.318,
                    "Actual Total Time": 494.319,
                    "Actual Rows": 1264156,
                    "Actual Loops": 2,
                    "Hash Buckets": 4194304,
                    "Original Hash Buckets": 4194304,
                    "Hash Batches": 1,
                    "Original Hash Batches": 1,
                    "Peak Memory Usage": 131712,
                    "Plans": [
                      {
                        "Node Type": "Seq Scan",
                        "Parent Relationship": "Outer",
                        "Parallel Aware": true,
                        "Relation Name": "title",
                        "Alias": "t",
                        "Startup Cost": 0.0,
                        "Total Cost": 50870.31,
                        "Plan Rows": 1487231,
                        "Plan Width": 4,
                        "Actual Startup Time": 0.026,
                        "Actual Total Time": 152.213,
                        "Actual Rows": 1264156,
                        "Actual Loops": 2
                      }
                    ]
                  }
                ]
              }
            ]
          }
        ]
      }
    ]
  },
  "Planning Time": 0.616,
  "Triggers": [],
  "Execution Time": 691.567
}