{
  "Plan": {
    "Node Type": "Aggregate",
    "Strategy": "Plain",
    "Partial Mode": "Finalize",
    "Parallel Aware": false,
    "Startup Cost": 273040.23,
    "Total Cost": 273040.24,
    "Plan Rows": 1,
    "Plan Width": 8,
    "Actual Startup Time": 880.542,
    "Actual Total Time": 904.521,
    "Actual Rows": 1,
    "Actual Loops": 1,
    "Plans": [
      {
        "Node Type": "Gather",
        "Parent Relationship": "Outer",
        "Parallel Aware": false,
        "Startup Cost": 273040.12,
        "Total Cost": 273040.23,
        "Plan Rows": 1,
        "Plan Width": 8,
        "Actual Startup Time": 874.659,
        "Actual Total Time": 904.514,
        "Actual Rows": 2,
        "Actual Loops": 1,
        "Workers Planned": 1,
        "Workers Launched": 1,
        "Single Copy": false,
        "Plans": [
          {
            "Node Type": "Aggregate",
            "Strategy": "Plain",
            "Partial Mode": "Partial",
            "Parent Relationship": "Outer",
            "Parallel Aware": false,
            "Startup Cost": 272040.12,
            "Total Cost": 272040.13,
            "Plan Rows": 1,
            "Plan Width": 8,
            "Actual Startup Time": 867.758,
            "Actual Total Time": 867.764,
            "Actual Rows": 1,
            "Actual Loops": 2,
            "Plans": [
              {
                "Node Type": "Hash Join",
                "Parent Relationship": "Outer",
                "Parallel Aware": true,
                "Join Type": "Inner",
                "Startup Cost": 250895.47,
                "Total Cost": 271735.61,
                "Plan Rows": 121803,
                "Plan Width": 0,
                "Actual Startup Time": 712.234,
                "Actual Total Time": 851.062,
                "Actual Rows": 435510,
                "Actual Loops": 2,
                "Inner Unique": false,
                "Hash Cond": "(mi_idx.movie_id = t.id)",
                "Plans": [
                  {
                    "Node Type": "Seq Scan",
                    "Parent Relationship": "Outer",
                    "Parallel Aware": true,
                    "Relation Name": "movie_info_idx",
                    "Alias": "mi_idx",
                    "Startup Cost": 0.0,
                    "Total Cost": 18082.32,
                    "Plan Rows": 544356,
                    "Plan Width": 4,
                    "Actual Startup Time": 0.026,
                    "Actual Total Time": 57.093,
                    "Actual Rows": 460055,
                    "Actual Loops": 2,
                    "Filter": "(info_type_id > 99)",
                    "Rows Removed by Filter": 229962
                  },
                  {
                    "Node Type": "Hash",
                    "Parent Relationship": "Inner",
                    "Parallel Aware": true,
                    "Startup Cost": 246735.74,
                    "Total Cost": 246735.74,
                    "Plan Rows": 332778,
                    "Plan Width": 8,
                    "Actual Startup Time": 702.853,
                    "Actual Total Time": 702.857,
                    "Actual Rows": 271684,
                    "Actual Loops": 2,
                    "Hash Buckets": 1048576,
                    "Original Hash Buckets": 1048576,
                    "Hash Batches": 1,
                    "Original Hash Batches": 1,
                    "Peak Memory Usage": 29472,
                    "Plans": [
                      {
                        "Node Type": "Hash Join",
                        "Parent Relationship": "Outer",
                        "Parallel Aware": true,
                        "Join Type": "Inner",
                        "Startup Cost": 79709.48,
                        "Total Cost": 246735.74,
                        "Plan Rows": 332778,
                        "Plan Width": 8,
                        "Actual Startup Time": 540.308,
                        "Actual Total Time": 648.534,
                        "Actual Rows": 271684,
                        "Actual Loops": 2,
                        "Inner Unique": true,
                        "Hash Cond": "(mi.movie_id = t.id)",
                        "Plans": [
                          {
                            "Node Type": "Bitmap Heap Scan",
                            "Parent Relationship": "Outer",
                            "Parallel Aware": true,
                            "Relation Name": "movie_info",
                            "Alias": "mi",
                            "Startup Cost": 10248.78,
                            "Total Cost": 176401.5,
                            "Plan Rows": 332778,
                            "Plan Width": 4,
                            "Actual Startup Time": 19.471,
                            "Actual Total Time": 47.742,
                            "Actual Rows": 271684,
                            "Actual Loops": 2,
                            "Recheck Cond": "(info_type_id > 98)",
                            "Rows Removed by Index Recheck": 0,
                            "Exact Heap Blocks": 3104,
                            "Lossy Heap Blocks": 0,
                            "Plans": [
                              {
                                "Node Type": "Bitmap Index Scan",
                                "Parent Relationship": "Outer",
                                "Parallel Aware": false,
                                "Index Name": "info_type_id_movie_info",
                                "Startup Cost": 0.0,
                                "Total Cost": 10107.35,
                                "Plan Rows": 565722,
                                "Plan Width": 0,
                                "Actual Startup Time": 18.654,
                                "Actual Total Time": 18.654,
                                "Actual Rows": 543367,
                                "Actual Loops": 1,
                                "Index Cond": "(info_type_id > 98)"
                              }
                            ]
                          },
                          {
                            "Node Type": "Hash",
                            "Parent Relationship": "Inner",
                            "Parallel Aware": true,
                            "Startup Cost": 50870.31,
                            "Total Cost": 50870.31,
                            "Plan Rows": 1487231,
                            "Plan Width": 4,
                            "Actual Startup Time": 504.758,
                            "Actual Total Time": 504.759,
                            "Actual Rows": 1264156,
                            "Actual Loops": 2,
                            "Hash Buckets": 4194304,
                            "Original Hash Buckets": 4194304,
                            "Hash Batches": 1,
                            "Original Hash Batches": 1,
                            "Peak Memory Usage": 131712,
                            "Plans": [
                              {
                                "Node Type": "Seq Scan",
                                "Parent Relationship": "Outer",
                                "Parallel Aware": true,
                                "Relation Name": "title",
                                "Alias": "t",
                                "Startup Cost": 0.0,
                                "Total Cost": 50870.31,
                                "Plan Rows": 1487231,
                                "Plan Width": 4,
                                "Actual Startup Time": 0.035,
                                "Actual Total Time": 155.453,
                                "Actual Rows": 1264156,
                                "Actual Loops": 2
                              }
                            ]
                          }
                        ]
                      }
                    ]
                  }
                ]
              }
            ]
          }
        ]
      }
    ]
  },
  "Planning Time": 0.833,
  "Triggers": [],
  "Execution Time": 904.62
}