{
  "Plan": {
    "Node Type": "Aggregate",
    "Strategy": "Plain",
    "Partial Mode": "Finalize",
    "Parallel Aware": false,
    "Startup Cost": 129759.28,
    "Total Cost": 129759.29,
    "Plan Rows": 1,
    "Plan Width": 8,
    "Actual Startup Time": 756.678,
    "Actual Total Time": 773.653,
    "Actual Rows": 1,
    "Actual Loops": 1,
    "Plans": [
      {
        "Node Type": "Gather",
        "Parent Relationship": "Outer",
        "Parallel Aware": false,
        "Startup Cost": 129759.17,
        "Total Cost": 129759.28,
        "Plan Rows": 1,
        "Plan Width": 8,
        "Actual Startup Time": 755.419,
        "Actual Total Time": 773.645,
        "Actual Rows": 2,
        "Actual Loops": 1,
        "Workers Planned": 1,
        "Workers Launched": 1,
        "Single Copy": false,
        "Plans": [
          {
            "Node Type": "Aggregate",
            "Strategy": "Plain",
            "Partial Mode": "Partial",
            "Parent Relationship": "Outer",
            "Parallel Aware": false,
            "Startup Cost": 128759.17,
            "Total Cost": 128759.18,
            "Plan Rows": 1,
            "Plan Width": 8,
            "Actual Startup Time": 749.629,
            "Actual Total Time": 749.634,
            "Actual Rows": 1,
            "Actual Loops": 2,
            "Plans": [
              {
                "Node Type": "Hash Join",
                "Parent Relationship": "Outer",
                "Parallel Aware": true,
                "Join Type": "Inner",
                "Startup Cost": 64076.11,
                "Total Cost": 127170.18,
                "Plan Rows": 635594,
                "Plan Width": 0,
                "Actual Startup Time": 273.843,
                "Actual Total Time": 707.513,
                "Actual Rows": 1084202,
                "Actual Loops": 2,
                "Inner Unique": true,
                "Hash Cond": "(mk.movie_id = t.id)",
                "Plans": [
                  {
                    "Node Type": "Seq Scan",
                    "Parent Relationship": "Outer",
                    "Parallel Aware": true,
                    "Relation Name": "movie_keyword",
                    "Alias": "mk",
                    "Startup Cost": 0.0,
                    "Total Cost": 57718.19,
                    "Plan Rows": 2047952,
                    "Plan Width": 4,
                    "Actual Startup Time": 0.023,
                    "Actual Total Time": 203.225,
                    "Actual Rows": 1739525,
                    "Actual Loops": 2,
                    "Filter": "(keyword_id < 16986)",
                    "Rows Removed by Filter": 522440
                  },
                  {
                    "Node Type": "Hash",
                    "Parent Relationship": "Inner",
                    "Parallel Aware": true,
                    "Startup Cost": 58306.47,
                    "Total Cost": 58306.47,
                    "Plan Rows": 461571,
                    "Plan Width": 4,
                    "Actual Startup Time": 264.594,
                    "Actual Total Time": 264.595,
                    "Actual Rows": 344778,
                    "Actual Loops": 2,
                    "Hash Buckets": 1048576,
                    "Original Hash Buckets": 1048576,
                    "Hash Batches": 1,
                    "Original Hash Batches": 1,
                    "Peak Memory Usage": 35200,
                    "Plans": [
                      {
                        "Node Type": "Seq Scan",
                        "Parent Relationship": "Outer",
                        "Parallel Aware": true,
                        "Relation Name": "title",
                        "Alias": "t",
                        "Startup Cost": 0.0,
                        "Total Cost": 58306.47,
                        "Plan Rows": 461571,
                        "Plan Width": 4,
                        "Actual Startup Time": 0.05,
                        "Actual Total Time": 159.865,
                        "Actual Rows": 344778,
                        "Actual Loops": 2,
                        "Filter": "((kind_id < 7) AND (production_year > 1976))",
                        "Rows Removed by Filter": 919378
                      }
                    ]
                  }
                ]
              }
            ]
          }
        ]
      }
    ]
  },
  "Planning Time": 0.686,
  "Triggers": [],
  "Execution Time": 773.722
}