[
  {
    "Plan": {
      "Node Type": "Aggregate",
      "Strategy": "Plain",
      "Partial Mode": "Finalize",
      "Parallel Aware": false,
      "Startup Cost": 98845.99,
      "Total Cost": 98846.0,
      "Plan Rows": 1,
      "Plan Width": 8,
      "Actual Startup Time": 413.534,
      "Actual Total Time": 438.789,
      "Actual Rows": 1,
      "Actual Loops": 1,
      "Plans": [
        {
          "Node Type": "Gather",
          "Parent Relationship": "Outer",
          "Parallel Aware": false,
          "Startup Cost": 98845.57,
          "Total Cost": 98845.98,
          "Plan Rows": 4,
          "Plan Width": 8,
          "Actual Startup Time": 410.786,
          "Actual Total Time": 438.78,
          "Actual Rows": 5,
          "Actual Loops": 1,
          "Workers Planned": 4,
          "Workers Launched": 4,
          "Single Copy": false,
          "Plans": [
            {
              "Node Type": "Aggregate",
              "Strategy": "Plain",
              "Partial Mode": "Partial",
              "Parent Relationship": "Outer",
              "Parallel Aware": false,
              "Startup Cost": 97845.57,
              "Total Cost": 97845.58,
              "Plan Rows": 1,
              "Plan Width": 8,
              "Actual Startup Time": 401.284,
              "Actual Total Time": 401.285,
              "Actual Rows": 1,
              "Actual Loops": 5,
              "Plans": [
                {
                  "Node Type": "Nested Loop",
                  "Parent Relationship": "Outer",
                  "Parallel Aware": false,
                  "Join Type": "Inner",
                  "Startup Cost": 0.87,
                  "Total Cost": 97839.74,
                  "Plan Rows": 2330,
                  "Plan Width": 0,
                  "Actual Startup Time": 11.418,
                  "Actual Total Time": 392.675,
                  "Actual Rows": 197219,
                  "Actual Loops": 5,
                  "Inner Unique": false,
                  "Join Filter": "(t.id = mi.movie_id)",
                  "Rows Removed by Join Filter": 0,
                  "Plans": [
                    {
                      "Node Type": "Nested Loop",
                      "Parent Relationship": "Outer",
                      "Parallel Aware": false,
                      "Join Type": "Inner",
                      "Startup Cost": 0.43,
                      "Total Cost": 83554.5,
                      "Plan Rows": 9580,
                      "Plan Width": 8,
                      "Actual Startup Time": 1.272,
                      "Actual Total Time": 105.842,
                      "Actual Rows": 17567,
                      "Actual Loops": 5,
                      "Inner Unique": false,
                      "Plans": [
                        {
                          "Node Type": "Seq Scan",
                          "Parent Relationship": "Outer",
                          "Parallel Aware": true,
                          "Relation Name": "title",
                          "Alias": "t",
                          "Startup Cost": 0.0,
                          "Total Cost": 45479.1,
                          "Plan Rows": 5354,
                          "Plan Width": 4,
                          "Actual Startup Time": 0.347,
                          "Actual Total Time": 72.335,
                          "Actual Rows": 3158,
                          "Actual Loops": 5,
                          "Filter": "((kind_id < 7) AND (production_year = 1999))",
                          "Rows Removed by Filter": 502504
                        },
                        {
                          "Node Type": "Index Only Scan",
                          "Parent Relationship": "Inner",
                          "Parallel Aware": false,
                          "Scan Direction": "Forward",
                          "Index Name": "movie_id_movie_keyword",
                          "Relation Name": "movie_keyword",
                          "Alias": "mk",
                          "Startup Cost": 0.43,
                          "Total Cost": 6.66,
                          "Plan Rows": 45,
                          "Plan Width": 4,
                          "Actual Startup Time": 0.009,
                          "Actual Total Time": 0.01,
                          "Actual Rows": 6,
                          "Actual Loops": 15791,
                          "Index Cond": "(movie_id = t.id)",
                          "Rows Removed by Index Recheck": 0,
                          "Heap Fetches": 87835
                        }
                      ]
                    },
                    {
                      "Node Type": "Index Scan",
                      "Parent Relationship": "Inner",
                      "Parallel Aware": false,
                      "Scan Direction": "Forward",
                      "Index Name": "movie_id_movie_info",
                      "Relation Name": "movie_info",
                      "Alias": "mi",
                      "Startup Cost": 0.43,
                      "Total Cost": 1.47,
                      "Plan Rows": 2,
                      "Plan Width": 4,
                      "Actual Startup Time": 0.01,
                      "Actual Total Time": 0.015,
                      "Actual Rows": 11,
                      "Actual Loops": 87835,
                      "Index Cond": "(movie_id = mk.movie_id)",
                      "Rows Removed by Index Recheck": 0,
                      "Filter": "(info_type_id = 15)",
                      "Rows Removed by Filter": 61
                    }
                  ]
                }
              ]
            }
          ]
        }
      ]
    },
    "Planning Time": 1.433,
    "Triggers": [],
    "Execution Time": 438.882
  }
]