[
  {
    "Plan": {
      "Node Type": "Aggregate",
      "Strategy": "Plain",
      "Partial Mode": "Finalize",
      "Parallel Aware": false,
      "Startup Cost": 134153.41,
      "Total Cost": 134153.42,
      "Plan Rows": 1,
      "Plan Width": 8,
      "Actual Startup Time": 1047.612,
      "Actual Total Time": 1069.345,
      "Actual Rows": 1,
      "Actual Loops": 1,
      "Plans": [
        {
          "Node Type": "Gather",
          "Parent Relationship": "Outer",
          "Parallel Aware": false,
          "Startup Cost": 134153.09,
          "Total Cost": 134153.4,
          "Plan Rows": 3,
          "Plan Width": 8,
          "Actual Startup Time": 1040.717,
          "Actual Total Time": 1069.327,
          "Actual Rows": 4,
          "Actual Loops": 1,
          "Workers Planned": 3,
          "Workers Launched": 3,
          "Single Copy": false,
          "Plans": [
            {
              "Node Type": "Aggregate",
              "Strategy": "Plain",
              "Partial Mode": "Partial",
              "Parent Relationship": "Outer",
              "Parallel Aware": false,
              "Startup Cost": 133153.09,
              "Total Cost": 133153.1,
              "Plan Rows": 1,
              "Plan Width": 8,
              "Actual Startup Time": 1031.152,
              "Actual Total Time": 1031.844,
              "Actual Rows": 1,
              "Actual Loops": 4,
              "Plans": [
                {
                  "Node Type": "Hash Join",
                  "Parent Relationship": "Outer",
                  "Parallel Aware": true,
                  "Join Type": "Inner",
                  "Startup Cost": 83968.11,
                  "Total Cost": 132118.0,
                  "Plan Rows": 414038,
                  "Plan Width": 0,
                  "Actual Startup Time": 646.168,
                  "Actual Total Time": 966.315,
                  "Actual Rows": 1481772,
                  "Actual Loops": 4,
                  "Inner Unique": false,
                  "Hash Cond": "(mk.movie_id = t.id)",
                  "Plans": [
                    {
                      "Node Type": "Seq Scan",
                      "Parent Relationship": "Outer",
                      "Parallel Aware": true,
                      "Relation Name": "movie_keyword",
                      "Alias": "mk",
                      "Startup Cost": 0.0,
                      "Total Cost": 42695.65,
                      "Plan Rows": 1178436,
                      "Plan Width": 4,
                      "Actual Startup Time": 0.06,
                      "Actual Total Time": 115.969,
                      "Actual Rows": 909604,
                      "Actual Loops": 4,
                      "Filter": "(keyword_id > 835)",
                      "Rows Removed by Filter": 221379
                    },
                    {
                      "Node Type": "Hash",
                      "Parent Relationship": "Inner",
                      "Parallel Aware": true,
                      "Startup Cost": 81192.16,
                      "Total Cost": 81192.16,
                      "Plan Rows": 222076,
                      "Plan Width": 8,
                      "Actual Startup Time": 640.151,
                      "Actual Total Time": 640.841,
                      "Actual Rows": 271188,
                      "Actual Loops": 4,
                      "Hash Buckets": 2097152,
                      "Original Hash Buckets": 1048576,
                      "Hash Batches": 1,
                      "Original Hash Batches": 1,
                      "Peak Memory Usage": 67072,
                      "Plans": [
                        {
                          "Node Type": "Hash Join",
                          "Parent Relationship": "Outer",
                          "Parallel Aware": true,
                          "Join Type": "Inner",
                          "Startup Cost": 34996.69,
                          "Total Cost": 81192.16,
                          "Plan Rows": 222076,
                          "Plan Width": 8,
                          "Actual Startup Time": 213.088,
                          "Actual Total Time": 523.649,
                          "Actual Rows": 271188,
                          "Actual Loops": 4,
                          "Inner Unique": false,
                          "Hash Cond": "(t.id = mc.movie_id)",
                          "Plans": [
                            {
                              "Node Type": "Seq Scan",
                              "Parent Relationship": "Outer",
                              "Parallel Aware": true,
                              "Relation Name": "title",
                              "Alias": "t",
                              "Startup Cost": 0.0,
                              "Total Cost": 42318.73,
                              "Plan Rows": 632073,
                              "Plan Width": 4,
                              "Actual Startup Time": 0.011,
                              "Actual Total Time": 79.951,
                              "Actual Rows": 632078,
                              "Actual Loops": 4
                            },
                            {
                              "Node Type": "Hash",
                              "Parent Relationship": "Inner",
                              "Parallel Aware": true,
                              "Startup Cost": 31414.82,
                              "Total Cost": 31414.82,
                              "Plan Rows": 286550,
                              "Plan Width": 4,
                              "Actual Startup Time": 210.37,
                              "Actual Total Time": 210.372,
                              "Actual Rows": 271188,
                              "Actual Loops": 4,
                              "Hash Buckets": 2097152,
                              "Original Hash Buckets": 1048576,
                              "Hash Batches": 1,
                              "Original Hash Batches": 1,
                              "Peak Memory Usage": 67072,
                              "Plans": [
                                {
                                  "Node Type": "Seq Scan",
                                  "Parent Relationship": "Outer",
                                  "Parallel Aware": true,
                                  "Relation Name": "movie_companies",
                                  "Alias": "mc",
                                  "Startup Cost": 0.0,
                                  "Total Cost": 31414.82,
                                  "Plan Rows": 286550,
                                  "Plan Width": 4,
                                  "Actual Startup Time": 52.789,
                                  "Actual Total Time": 97.373,
                                  "Actual Rows": 271188,
                                  "Actual Loops": 4,
                                  "Filter": "((company_id > 2414) AND (company_type_id > 1))",
                                  "Rows Removed by Filter": 381094
                                }
                              ]
                            }
                          ]
                        }
                      ]
                    }
                  ]
                }
              ]
            }
          ]
        }
      ]
    },
    "Planning Time": 1.513,
    "Triggers": [],
    "Execution Time": 1069.435
  }
]