[
  {
    "Plan": {
      "Node Type": "Aggregate",
      "Strategy": "Plain",
      "Partial Mode": "Finalize",
      "Parallel Aware": false,
      "Startup Cost": 46903.52,
      "Total Cost": 46903.53,
      "Plan Rows": 1,
      "Plan Width": 8,
      "Actual Startup Time": 109.724,
      "Actual Total Time": 123.245,
      "Actual Rows": 1,
      "Actual Loops": 1,
      "Plans": [
        {
          "Node Type": "Gather",
          "Parent Relationship": "Outer",
          "Parallel Aware": false,
          "Startup Cost": 46903.1,
          "Total Cost": 46903.51,
          "Plan Rows": 4,
          "Plan Width": 8,
          "Actual Startup Time": 109.55,
          "Actual Total Time": 123.228,
          "Actual Rows": 5,
          "Actual Loops": 1,
          "Workers Planned": 4,
          "Workers Launched": 4,
          "Single Copy": false,
          "Plans": [
            {
              "Node Type": "Aggregate",
              "Strategy": "Plain",
              "Partial Mode": "Partial",
              "Parent Relationship": "Outer",
              "Parallel Aware": false,
              "Startup Cost": 45903.1,
              "Total Cost": 45903.11,
              "Plan Rows": 1,
              "Plan Width": 8,
              "Actual Startup Time": 101.984,
              "Actual Total Time": 101.986,
              "Actual Rows": 1,
              "Actual Loops": 5,
              "Plans": [
                {
                  "Node Type": "Seq Scan",
                  "Parent Relationship": "Outer",
                  "Parallel Aware": true,
                  "Relation Name": "title",
                  "Alias": "t",
                  "Startup Cost": 0.0,
                  "Total Cost": 45479.59,
                  "Plan Rows": 169404,
                  "Plan Width": 0,
                  "Actual Startup Time": 0.046,
                  "Actual Total Time": 95.107,
                  "Actual Rows": 115257,
                  "Actual Loops": 5,
                  "Filter": "((kind_id < 7) AND (production_year > 1991))",
                  "Rows Removed by Filter": 390405
                }
              ]
            }
          ]
        }
      ]
    },
    "Planning Time": 0.088,
    "Triggers": [],
    "Execution Time": 123.275
  }
]