[
    {
        "Bao": {
            "Bao prediction": "NaN",
            "Bao recommended hint": "(no hint)"
        }
    },
    {
        "Plan": {
            "Node Type": "Aggregate",
            "Strategy": "Plain",
            "Partial Mode": "Finalize",
            "Parallel Aware": false,
            "Startup Cost": 32703.79,
            "Total Cost": 32703.8,
            "Plan Rows": 1,
            "Plan Width": 8,
            "Actual Startup Time": 97.162,
            "Actual Total Time": 102.122,
            "Actual Rows": 1,
            "Actual Loops": 1,
            "Output": [
                "count(*)"
            ],
            "Plans": [
                {
                    "Node Type": "Gather",
                    "Parent Relationship": "Outer",
                    "Parallel Aware": false,
                    "Startup Cost": 32703.47,
                    "Total Cost": 32703.78,
                    "Plan Rows": 3,
                    "Plan Width": 8,
                    "Actual Startup Time": 97.069,
                    "Actual Total Time": 102.116,
                    "Actual Rows": 4,
                    "Actual Loops": 1,
                    "Output": [
                        "(PARTIAL count(*))"
                    ],
                    "Workers Planned": 3,
                    "Workers Launched": 3,
                    "Single Copy": false,
                    "Plans": [
                        {
                            "Node Type": "Aggregate",
                            "Strategy": "Plain",
                            "Partial Mode": "Partial",
                            "Parent Relationship": "Outer",
                            "Parallel Aware": false,
                            "Startup Cost": 31703.47,
                            "Total Cost": 31703.48,
                            "Plan Rows": 1,
                            "Plan Width": 8,
                            "Actual Startup Time": 88.859,
                            "Actual Total Time": 88.86,
                            "Actual Rows": 1,
                            "Actual Loops": 4,
                            "Output": [
                                "PARTIAL count(*)"
                            ],
                            "Workers": [
                                {
                                    "Worker Number": 0,
                                    "Actual Startup Time": 86.149,
                                    "Actual Total Time": 86.15,
                                    "Actual Rows": 1,
                                    "Actual Loops": 1
                                },
                                {
                                    "Worker Number": 1,
                                    "Actual Startup Time": 86.237,
                                    "Actual Total Time": 86.238,
                                    "Actual Rows": 1,
                                    "Actual Loops": 1
                                },
                                {
                                    "Worker Number": 2,
                                    "Actual Startup Time": 86.594,
                                    "Actual Total Time": 86.596,
                                    "Actual Rows": 1,
                                    "Actual Loops": 1
                                }
                            ],
                            "Plans": [
                                {
                                    "Node Type": "Seq Scan",
                                    "Parent Relationship": "Outer",
                                    "Parallel Aware": true,
                                    "Relation Name": "movie_companies",
                                    "Schema": "public",
                                    "Alias": "mc",
                                    "Startup Cost": 0.0,
                                    "Total Cost": 31414.82,
                                    "Plan Rows": 115461,
                                    "Plan Width": 0,
                                    "Actual Startup Time": 47.004,
                                    "Actual Total Time": 81.282,
                                    "Actual Rows": 166780,
                                    "Actual Loops": 4,
                                    "Output": [
                                        "id",
                                        "movie_id",
                                        "company_id",
                                        "company_type_id",
                                        "note"
                                    ],
                                    "Filter": "((mc.company_id > 45257) AND (mc.company_type_id = 2))",
                                    "Rows Removed by Filter": 485502,
                                    "Workers": [
                                        {
                                            "Worker Number": 0,
                                            "Actual Startup Time": 44.283,
                                            "Actual Total Time": 78.698,
                                            "Actual Rows": 111873,
                                            "Actual Loops": 1
                                        },
                                        {
                                            "Worker Number": 1,
                                            "Actual Startup Time": 44.379,
                                            "Actual Total Time": 78.792,
                                            "Actual Rows": 177677,
                                            "Actual Loops": 1
                                        },
                                        {
                                            "Worker Number": 2,
                                            "Actual Startup Time": 44.749,
                                            "Actual Total Time": 79.395,
                                            "Actual Rows": 173617,
                                            "Actual Loops": 1
                                        }
                                    ]
                                }
                            ]
                        }
                    ]
                }
            ]
        },
        "Planning Time": 206.107,
        "Triggers": [],
        "Execution Time": 102.201
    }
]