{
    "Plan": {
        "Node Type": "Aggregate",
        "Strategy": "Plain",
        "Partial Mode": "Finalize",
        "Parallel Aware": false,
        "Startup Cost": 440149.36,
        "Total Cost": 440149.37,
        "Plan Rows": 1,
        "Plan Width": 8,
        "Actual Startup Time": 4065.958,
        "Actual Total Time": 4148.724,
        "Actual Rows": 1,
        "Actual Loops": 1,
        "Output": [
            "count(*)"
        ],
        "Plans": [
            {
                "Node Type": "Gather",
                "Parent Relationship": "Outer",
                "Parallel Aware": false,
                "Startup Cost": 440148.73,
                "Total Cost": 440149.34,
                "Plan Rows": 6,
                "Plan Width": 8,
                "Actual Startup Time": 4064.493,
                "Actual Total Time": 4148.712,
                "Actual Rows": 7,
                "Actual Loops": 1,
                "Output": [
                    "(PARTIAL count(*))"
                ],
                "Workers Planned": 6,
                "Workers Launched": 6,
                "Single Copy": false,
                "Plans": [
                    {
                        "Node Type": "Aggregate",
                        "Strategy": "Plain",
                        "Partial Mode": "Partial",
                        "Parent Relationship": "Outer",
                        "Parallel Aware": false,
                        "Startup Cost": 439148.73,
                        "Total Cost": 439148.74,
                        "Plan Rows": 1,
                        "Plan Width": 8,
                        "Actual Startup Time": 4051.697,
                        "Actual Total Time": 4051.699,
                        "Actual Rows": 1,
                        "Actual Loops": 7,
                        "Output": [
                            "PARTIAL count(*)"
                        ],
                        "Workers": [
                            {
                                "Worker Number": 0,
                                "Actual Startup Time": 4050.234,
                                "Actual Total Time": 4050.235,
                                "Actual Rows": 1,
                                "Actual Loops": 1
                            },
                            {
                                "Worker Number": 1,
                                "Actual Startup Time": 4049.346,
                                "Actual Total Time": 4049.348,
                                "Actual Rows": 1,
                                "Actual Loops": 1
                            },
                            {
                                "Worker Number": 2,
                                "Actual Startup Time": 4050.459,
                                "Actual Total Time": 4050.461,
                                "Actual Rows": 1,
                                "Actual Loops": 1
                            },
                            {
                                "Worker Number": 3,
                                "Actual Startup Time": 4049.824,
                                "Actual Total Time": 4049.826,
                                "Actual Rows": 1,
                                "Actual Loops": 1
                            },
                            {
                                "Worker Number": 4,
                                "Actual Startup Time": 4049.237,
                                "Actual Total Time": 4049.24,
                                "Actual Rows": 1,
                                "Actual Loops": 1
                            },
                            {
                                "Worker Number": 5,
                                "Actual Startup Time": 4049.28,
                                "Actual Total Time": 4049.282,
                                "Actual Rows": 1,
                                "Actual Loops": 1
                            }
                        ],
                        "Plans": [
                            {
                                "Node Type": "Nested Loop",
                                "Parent Relationship": "Outer",
                                "Parallel Aware": false,
                                "Join Type": "Inner",
                                "Startup Cost": 102143.23,
                                "Total Cost": 436384.34,
                                "Plan Rows": 1105757,
                                "Plan Width": 0,
                                "Actual Startup Time": 399.438,
                                "Actual Total Time": 3853.287,
                                "Actual Rows": 4473533,
                                "Actual Loops": 7,
                                "Inner Unique": false,
                                "Join Filter": "(t.id = ci.movie_id)",
                                "Rows Removed by Join Filter": 0,
                                "Workers": [
                                    {
                                        "Worker Number": 0,
                                        "Actual Startup Time": 504.362,
                                        "Actual Total Time": 3847.305,
                                        "Actual Rows": 3863438,
                                        "Actual Loops": 1
                                    },
                                    {
                                        "Worker Number": 1,
                                        "Actual Startup Time": 500.252,
                                        "Actual Total Time": 3860.153,
                                        "Actual Rows": 3577785,
                                        "Actual Loops": 1
                                    },
                                    {
                                        "Worker Number": 2,
                                        "Actual Startup Time": 359.369,
                                        "Actual Total Time": 3847.758,
                                        "Actual Rows": 4901498,
                                        "Actual Loops": 1
                                    },
                                    {
                                        "Worker Number": 3,
                                        "Actual Startup Time": 369.471,
                                        "Actual Total Time": 3860.24,
                                        "Actual Rows": 4443920,
                                        "Actual Loops": 1
                                    },
                                    {
                                        "Worker Number": 4,
                                        "Actual Startup Time": 369.463,
                                        "Actual Total Time": 3857.278,
                                        "Actual Rows": 4511087,
                                        "Actual Loops": 1
                                    },
                                    {
                                        "Worker Number": 5,
                                        "Actual Startup Time": 360.002,
                                        "Actual Total Time": 3849.026,
                                        "Actual Rows": 4830676,
                                        "Actual Loops": 1
                                    }
                                ],
                                "Plans": [
                                    {
                                        "Node Type": "Merge Join",
                                        "Parent Relationship": "Outer",
                                        "Parallel Aware": false,
                                        "Join Type": "Inner",
                                        "Startup Cost": 102142.67,
                                        "Total Cost": 245973.3,
                                        "Plan Rows": 92278,
                                        "Plan Width": 8,
                                        "Actual Startup Time": 399.356,
                                        "Actual Total Time": 662.493,
                                        "Actual Rows": 95345,
                                        "Actual Loops": 7,
                                        "Output": [
                                            "t.id",
                                            "mk.movie_id"
                                        ],
                                        "Inner Unique": true,
                                        "Merge Cond": "(mk.movie_id = t.id)",
                                        "Workers": [
                                            {
                                                "Worker Number": 0,
                                                "Actual Startup Time": 504.256,
                                                "Actual Total Time": 730.796,
                                                "Actual Rows": 75906,
                                                "Actual Loops": 1
                                            },
                                            {
                                                "Worker Number": 1,
                                                "Actual Startup Time": 500.165,
                                                "Actual Total Time": 736.262,
                                                "Actual Rows": 70443,
                                                "Actual Loops": 1
                                            },
                                            {
                                                "Worker Number": 2,
                                                "Actual Startup Time": 359.309,
                                                "Actual Total Time": 622.789,
                                                "Actual Rows": 102794,
                                                "Actual Loops": 1
                                            },
                                            {
                                                "Worker Number": 3,
                                                "Actual Startup Time": 369.346,
                                                "Actual Total Time": 648.688,
                                                "Actual Rows": 98796,
                                                "Actual Loops": 1
                                            },
                                            {
                                                "Worker Number": 4,
                                                "Actual Startup Time": 369.384,
                                                "Actual Total Time": 633.934,
                                                "Actual Rows": 94858,
                                                "Actual Loops": 1
                                            },
                                            {
                                                "Worker Number": 5,
                                                "Actual Startup Time": 359.924,
                                                "Actual Total Time": 638.305,
                                                "Actual Rows": 104951,
                                                "Actual Loops": 1
                                            }
                                        ],
                                        "Plans": [
                                            {
                                                "Node Type": "Index Only Scan",
                                                "Parent Relationship": "Outer",
                                                "Parallel Aware": true,
                                                "Scan Direction": "Forward",
                                                "Index Name": "movie_id_movie_keyword",
                                                "Relation Name": "movie_keyword",
                                                "Schema": "public",
                                                "Alias": "mk",
                                                "Startup Cost": 0.43,
                                                "Total Cost": 139478.04,
                                                "Plan Rows": 753988,
                                                "Plan Width": 4,
                                                "Actual Startup Time": 0.233,
                                                "Actual Total Time": 153.857,
                                                "Actual Rows": 646276,
                                                "Actual Loops": 7,
                                                "Output": [
                                                    "mk.movie_id"
                                                ],
                                                "Heap Fetches": 4523930,
                                                "Workers": [
                                                    {
                                                        "Worker Number": 0,
                                                        "Actual Startup Time": 0.184,
                                                        "Actual Total Time": 123.896,
                                                        "Actual Rows": 440525,
                                                        "Actual Loops": 1
                                                    },
                                                    {
                                                        "Worker Number": 1,
                                                        "Actual Startup Time": 0.167,
                                                        "Actual Total Time": 123.934,
                                                        "Actual Rows": 429177,
                                                        "Actual Loops": 1
                                                    },
                                                    {
                                                        "Worker Number": 2,
                                                        "Actual Startup Time": 0.185,
                                                        "Actual Total Time": 158.14,
                                                        "Actual Rows": 688622,
                                                        "Actual Loops": 1
                                                    },
                                                    {
                                                        "Worker Number": 3,
                                                        "Actual Startup Time": 0.476,
                                                        "Actual Total Time": 167.101,
                                                        "Actual Rows": 677978,
                                                        "Actual Loops": 1
                                                    },
                                                    {
                                                        "Worker Number": 4,
                                                        "Actual Startup Time": 0.358,
                                                        "Actual Total Time": 154.792,
                                                        "Actual Rows": 619974,
                                                        "Actual Loops": 1
                                                    },
                                                    {
                                                        "Worker Number": 5,
                                                        "Actual Startup Time": 0.211,
                                                        "Actual Total Time": 170.544,
                                                        "Actual Rows": 736449,
                                                        "Actual Loops": 1
                                                    }
                                                ]
                                            },
                                            {
                                                "Node Type": "Sort",
                                                "Parent Relationship": "Inner",
                                                "Parallel Aware": false,
                                                "Startup Cost": 102141.89,
                                                "Total Cost": 102915.47,
                                                "Plan Rows": 309432,
                                                "Plan Width": 4,
                                                "Actual Startup Time": 398.438,
                                                "Actual Total Time": 446.112,
                                                "Actual Rows": 266224,
                                                "Actual Loops": 7,
                                                "Output": [
                                                    "t.id"
                                                ],
                                                "Sort Key": [
                                                    "t.id"
                                                ],
                                                "Sort Method": "quicksort",
                                                "Sort Space Used": 24785,
                                                "Sort Space Type": "Memory",
                                                "Workers": [
                                                    {
                                                        "Worker Number": 0,
                                                        "Actual Startup Time": 499.566,
                                                        "Actual Total Time": 547.204,
                                                        "Actual Rows": 266311,
                                                        "Actual Loops": 1
                                                    },
                                                    {
                                                        "Worker Number": 1,
                                                        "Actual Startup Time": 499.927,
                                                        "Actual Total Time": 552.29,
                                                        "Actual Rows": 266405,
                                                        "Actual Loops": 1
                                                    },
                                                    {
                                                        "Worker Number": 2,
                                                        "Actual Startup Time": 359.076,
                                                        "Actual Total Time": 403.821,
                                                        "Actual Rows": 266344,
                                                        "Actual Loops": 1
                                                    },
                                                    {
                                                        "Worker Number": 3,
                                                        "Actual Startup Time": 368.843,
                                                        "Actual Total Time": 418.829,
                                                        "Actual Rows": 265806,
                                                        "Actual Loops": 1
                                                    },
                                                    {
                                                        "Worker Number": 4,
                                                        "Actual Startup Time": 368.935,
                                                        "Actual Total Time": 419.007,
                                                        "Actual Rows": 266200,
                                                        "Actual Loops": 1
                                                    },
                                                    {
                                                        "Worker Number": 5,
                                                        "Actual Startup Time": 359.678,
                                                        "Actual Total Time": 404.699,
                                                        "Actual Rows": 266230,
                                                        "Actual Loops": 1
                                                    }
                                                ],
                                                "Plans": [
                                                    {
                                                        "Node Type": "Seq Scan",
                                                        "Parent Relationship": "Outer",
                                                        "Parallel Aware": false,
                                                        "Relation Name": "title",
                                                        "Schema": "public",
                                                        "Alias": "t",
                                                        "Startup Cost": 0.0,
                                                        "Total Cost": 73922.83,
                                                        "Plan Rows": 309432,
                                                        "Plan Width": 4,
                                                        "Actual Startup Time": 0.209,
                                                        "Actual Total Time": 318.554,
                                                        "Actual Rows": 266599,
                                                        "Actual Loops": 7,
                                                        "Output": [
                                                            "t.id"
                                                        ],
                                                        "Filter": "((t.kind_id < 7) AND (t.production_year > 2007))",
                                                        "Rows Removed by Filter": 2261713,
                                                        "Workers": [
                                                            {
                                                                "Worker Number": 0,
                                                                "Actual Startup Time": 0.233,
                                                                "Actual Total Time": 393.055,
                                                                "Actual Rows": 266599,
                                                                "Actual Loops": 1
                                                            },
                                                            {
                                                                "Worker Number": 1,
                                                                "Actual Startup Time": 0.23,
                                                                "Actual Total Time": 394.113,
                                                                "Actual Rows": 266599,
                                                                "Actual Loops": 1
                                                            },
                                                            {
                                                                "Worker Number": 2,
                                                                "Actual Startup Time": 0.234,
                                                                "Actual Total Time": 291.575,
                                                                "Actual Rows": 266599,
                                                                "Actual Loops": 1
                                                            },
                                                            {
                                                                "Worker Number": 3,
                                                                "Actual Startup Time": 0.215,
                                                                "Actual Total Time": 298.745,
                                                                "Actual Rows": 266599,
                                                                "Actual Loops": 1
                                                            },
                                                            {
                                                                "Worker Number": 4,
                                                                "Actual Startup Time": 0.218,
                                                                "Actual Total Time": 298.581,
                                                                "Actual Rows": 266599,
                                                                "Actual Loops": 1
                                                            },
                                                            {
                                                                "Worker Number": 5,
                                                                "Actual Startup Time": 0.255,
                                                                "Actual Total Time": 291.574,
                                                                "Actual Rows": 266599,
                                                                "Actual Loops": 1
                                                            }
                                                        ]
                                                    }
                                                ]
                                            }
                                        ]
                                    },
                                    {
                                        "Node Type": "Index Scan",
                                        "Parent Relationship": "Inner",
                                        "Parallel Aware": false,
                                        "Scan Direction": "Forward",
                                        "Index Name": "movie_id_cast_info",
                                        "Relation Name": "cast_info",
                                        "Schema": "public",
                                        "Alias": "ci",
                                        "Startup Cost": 0.56,
                                        "Total Cost": 1.66,
                                        "Plan Rows": 32,
                                        "Plan Width": 4,
                                        "Actual Startup Time": 0.003,
                                        "Actual Total Time": 0.029,
                                        "Actual Rows": 47,
                                        "Actual Loops": 667415,
                                        "Output": [
                                            "ci.id",
                                            "ci.person_id",
                                            "ci.movie_id",
                                            "ci.person_role_id",
                                            "ci.note",
                                            "ci.nr_order",
                                            "ci.role_id"
                                        ],
                                        "Index Cond": "(ci.movie_id = mk.movie_id)",
                                        "Rows Removed by Index Recheck": 0,
                                        "Filter": "(ci.person_id < 3055555)",
                                        "Rows Removed by Filter": 16,
                                        "Workers": [
                                            {
                                                "Worker Number": 0,
                                                "Actual Startup Time": 0.004,
                                                "Actual Total Time": 0.035,
                                                "Actual Rows": 51,
                                                "Actual Loops": 75906
                                            },
                                            {
                                                "Worker Number": 1,
                                                "Actual Startup Time": 0.004,
                                                "Actual Total Time": 0.038,
                                                "Actual Rows": 51,
                                                "Actual Loops": 70443
                                            },
                                            {
                                                "Worker Number": 2,
                                                "Actual Startup Time": 0.003,
                                                "Actual Total Time": 0.027,
                                                "Actual Rows": 48,
                                                "Actual Loops": 102794
                                            },
                                            {
                                                "Worker Number": 3,
                                                "Actual Startup Time": 0.003,
                                                "Actual Total Time": 0.028,
                                                "Actual Rows": 45,
                                                "Actual Loops": 98796
                                            },
                                            {
                                                "Worker Number": 4,
                                                "Actual Startup Time": 0.003,
                                                "Actual Total Time": 0.029,
                                                "Actual Rows": 48,
                                                "Actual Loops": 94858
                                            },
                                            {
                                                "Worker Number": 5,
                                                "Actual Startup Time": 0.003,
                                                "Actual Total Time": 0.026,
                                                "Actual Rows": 46,
                                                "Actual Loops": 104951
                                            }
                                        ]
                                    }
                                ]
                            }
                        ]
                    }
                ]
            }
        ]
    },
    "Planning Time": 1.46,
    "Triggers": [],
    "Execution Time": 4153.631
}