[
    {
        "Bao": {
            "Bao prediction": "NaN",
            "Bao recommended hint": "(no hint)"
        }
    },
    {
        "Plan": {
            "Node Type": "Aggregate",
            "Strategy": "Plain",
            "Partial Mode": "Finalize",
            "Parallel Aware": false,
            "Startup Cost": 139642.29,
            "Total Cost": 139642.3,
            "Plan Rows": 1,
            "Plan Width": 8,
            "Actual Startup Time": 1161.563,
            "Actual Total Time": 1193.976,
            "Actual Rows": 1,
            "Actual Loops": 1,
            "Output": [
                "count(*)"
            ],
            "Plans": [
                {
                    "Node Type": "Gather",
                    "Parent Relationship": "Outer",
                    "Parallel Aware": false,
                    "Startup Cost": 139641.97,
                    "Total Cost": 139642.28,
                    "Plan Rows": 3,
                    "Plan Width": 8,
                    "Actual Startup Time": 1158.686,
                    "Actual Total Time": 1193.961,
                    "Actual Rows": 4,
                    "Actual Loops": 1,
                    "Output": [
                        "(PARTIAL count(*))"
                    ],
                    "Workers Planned": 3,
                    "Workers Launched": 3,
                    "Single Copy": false,
                    "Plans": [
                        {
                            "Node Type": "Aggregate",
                            "Strategy": "Plain",
                            "Partial Mode": "Partial",
                            "Parent Relationship": "Outer",
                            "Parallel Aware": false,
                            "Startup Cost": 138641.97,
                            "Total Cost": 138641.98,
                            "Plan Rows": 1,
                            "Plan Width": 8,
                            "Actual Startup Time": 1149.747,
                            "Actual Total Time": 1149.75,
                            "Actual Rows": 1,
                            "Actual Loops": 4,
                            "Output": [
                                "PARTIAL count(*)"
                            ],
                            "Workers": [
                                {
                                    "Worker Number": 0,
                                    "Actual Startup Time": 1146.632,
                                    "Actual Total Time": 1146.636,
                                    "Actual Rows": 1,
                                    "Actual Loops": 1
                                },
                                {
                                    "Worker Number": 1,
                                    "Actual Startup Time": 1146.683,
                                    "Actual Total Time": 1146.686,
                                    "Actual Rows": 1,
                                    "Actual Loops": 1
                                },
                                {
                                    "Worker Number": 2,
                                    "Actual Startup Time": 1147.339,
                                    "Actual Total Time": 1147.342,
                                    "Actual Rows": 1,
                                    "Actual Loops": 1
                                }
                            ],
                            "Plans": [
                                {
                                    "Node Type": "Nested Loop",
                                    "Parent Relationship": "Outer",
                                    "Parallel Aware": false,
                                    "Join Type": "Inner",
                                    "Startup Cost": 53935.95,
                                    "Total Cost": 138432.64,
                                    "Plan Rows": 83733,
                                    "Plan Width": 0,
                                    "Actual Startup Time": 164.836,
                                    "Actual Total Time": 1059.726,
                                    "Actual Rows": 1903346,
                                    "Actual Loops": 4,
                                    "Inner Unique": false,
                                    "Join Filter": "(t.id = mi.movie_id)",
                                    "Rows Removed by Join Filter": 0,
                                    "Workers": [
                                        {
                                            "Worker Number": 0,
                                            "Actual Startup Time": 161.63,
                                            "Actual Total Time": 1051.53,
                                            "Actual Rows": 1330112,
                                            "Actual Loops": 1
                                        },
                                        {
                                            "Worker Number": 1,
                                            "Actual Startup Time": 161.374,
                                            "Actual Total Time": 1057.934,
                                            "Actual Rows": 2023191,
                                            "Actual Loops": 1
                                        },
                                        {
                                            "Worker Number": 2,
                                            "Actual Startup Time": 162.038,
                                            "Actual Total Time": 1058.497,
                                            "Actual Rows": 2012519,
                                            "Actual Loops": 1
                                        }
                                    ],
                                    "Plans": [
                                        {
                                            "Node Type": "Hash Join",
                                            "Parent Relationship": "Outer",
                                            "Parallel Aware": true,
                                            "Join Type": "Inner",
                                            "Startup Cost": 53935.51,
                                            "Total Cost": 80104.46,
                                            "Plan Rows": 14348,
                                            "Plan Width": 8,
                                            "Actual Startup Time": 164.736,
                                            "Actual Total Time": 226.835,
                                            "Actual Rows": 37946,
                                            "Actual Loops": 4,
                                            "Output": [
                                                "t.id",
                                                "mk.movie_id"
                                            ],
                                            "Inner Unique": true,
                                            "Hash Cond": "(mk.movie_id = t.id)",
                                            "Workers": [
                                                {
                                                    "Worker Number": 0,
                                                    "Actual Startup Time": 161.497,
                                                    "Actual Total Time": 220.024,
                                                    "Actual Rows": 25955,
                                                    "Actual Loops": 1
                                                },
                                                {
                                                    "Worker Number": 1,
                                                    "Actual Startup Time": 161.286,
                                                    "Actual Total Time": 226.519,
                                                    "Actual Rows": 39814,
                                                    "Actual Loops": 1
                                                },
                                                {
                                                    "Worker Number": 2,
                                                    "Actual Startup Time": 161.929,
                                                    "Actual Total Time": 222.683,
                                                    "Actual Rows": 39021,
                                                    "Actual Loops": 1
                                                }
                                            ],
                                            "Plans": [
                                                {
                                                    "Node Type": "Bitmap Heap Scan",
                                                    "Parent Relationship": "Outer",
                                                    "Parallel Aware": true,
                                                    "Relation Name": "movie_keyword",
                                                    "Schema": "public",
                                                    "Alias": "mk",
                                                    "Startup Cost": 7456.5,
                                                    "Total Cost": 33327.81,
                                                    "Plan Rows": 113385,
                                                    "Plan Width": 4,
                                                    "Actual Startup Time": 32.939,
                                                    "Actual Total Time": 68.529,
                                                    "Actual Rows": 87309,
                                                    "Actual Loops": 4,
                                                    "Output": [
                                                        "mk.id",
                                                        "mk.movie_id",
                                                        "mk.keyword_id"
                                                    ],
                                                    "Recheck Cond": "(mk.keyword_id > 47697)",
                                                    "Rows Removed by Index Recheck": 0,
                                                    "Exact Heap Blocks": 7134,
                                                    "Lossy Heap Blocks": 0,
                                                    "Workers": [
                                                        {
                                                            "Worker Number": 0,
                                                            "Actual Startup Time": 32.968,
                                                            "Actual Total Time": 67.636,
                                                            "Actual Rows": 56798,
                                                            "Actual Loops": 1
                                                        },
                                                        {
                                                            "Worker Number": 1,
                                                            "Actual Startup Time": 32.788,
                                                            "Actual Total Time": 70.954,
                                                            "Actual Rows": 98253,
                                                            "Actual Loops": 1
                                                        },
                                                        {
                                                            "Worker Number": 2,
                                                            "Actual Startup Time": 32.96,
                                                            "Actual Total Time": 68.243,
                                                            "Actual Rows": 82767,
                                                            "Actual Loops": 1
                                                        }
                                                    ],
                                                    "Plans": [
                                                        {
                                                            "Node Type": "Bitmap Index Scan",
                                                            "Parent Relationship": "Outer",
                                                            "Parallel Aware": false,
                                                            "Index Name": "keyword_id_movie_keyword",
                                                            "Startup Cost": 0.0,
                                                            "Total Cost": 7368.63,
                                                            "Plan Rows": 351493,
                                                            "Plan Width": 0,
                                                            "Actual Startup Time": 29.566,
                                                            "Actual Total Time": 29.566,
                                                            "Actual Rows": 349237,
                                                            "Actual Loops": 1,
                                                            "Index Cond": "(mk.keyword_id > 47697)",
                                                            "Workers": [
                                                                {
                                                                    "Worker Number": 1,
                                                                    "Actual Startup Time": 29.566,
                                                                    "Actual Total Time": 29.566,
                                                                    "Actual Rows": 349237,
                                                                    "Actual Loops": 1
                                                                }
                                                            ]
                                                        }
                                                    ]
                                                },
                                                {
                                                    "Node Type": "Hash",
                                                    "Parent Relationship": "Inner",
                                                    "Parallel Aware": true,
                                                    "Startup Cost": 45479.21,
                                                    "Total Cost": 45479.21,
                                                    "Plan Rows": 79984,
                                                    "Plan Width": 4,
                                                    "Actual Startup Time": 129.595,
                                                    "Actual Total Time": 129.595,
                                                    "Actual Rows": 108340,
                                                    "Actual Loops": 4,
                                                    "Output": [
                                                        "t.id"
                                                    ],
                                                    "Hash Buckets": 524288,
                                                    "Original Hash Buckets": 524288,
                                                    "Hash Batches": 1,
                                                    "Original Hash Batches": 1,
                                                    "Peak Memory Usage": 21120,
                                                    "Workers": [
                                                        {
                                                            "Worker Number": 0,
                                                            "Actual Startup Time": 127.97,
                                                            "Actual Total Time": 127.971,
                                                            "Actual Rows": 77650,
                                                            "Actual Loops": 1
                                                        },
                                                        {
                                                            "Worker Number": 1,
                                                            "Actual Startup Time": 128.06,
                                                            "Actual Total Time": 128.061,
                                                            "Actual Rows": 110434,
                                                            "Actual Loops": 1
                                                        },
                                                        {
                                                            "Worker Number": 2,
                                                            "Actual Startup Time": 128.413,
                                                            "Actual Total Time": 128.414,
                                                            "Actual Rows": 111583,
                                                            "Actual Loops": 1
                                                        }
                                                    ],
                                                    "Plans": [
                                                        {
                                                            "Node Type": "Seq Scan",
                                                            "Parent Relationship": "Outer",
                                                            "Parallel Aware": true,
                                                            "Relation Name": "title",
                                                            "Schema": "public",
                                                            "Alias": "t",
                                                            "Startup Cost": 0.0,
                                                            "Total Cost": 45479.21,
                                                            "Plan Rows": 79984,
                                                            "Plan Width": 4,
                                                            "Actual Startup Time": 0.11,
                                                            "Actual Total Time": 93.512,
                                                            "Actual Rows": 108340,
                                                            "Actual Loops": 4,
                                                            "Output": [
                                                                "t.id"
                                                            ],
                                                            "Filter": "((t.kind_id < 7) AND (t.production_year < 1995))",
                                                            "Rows Removed by Filter": 523738,
                                                            "Workers": [
                                                                {
                                                                    "Worker Number": 0,
                                                                    "Actual Startup Time": 0.116,
                                                                    "Actual Total Time": 94.125,
                                                                    "Actual Rows": 77650,
                                                                    "Actual Loops": 1
                                                                },
                                                                {
                                                                    "Worker Number": 1,
                                                                    "Actual Startup Time": 0.069,
                                                                    "Actual Total Time": 91.226,
                                                                    "Actual Rows": 110434,
                                                                    "Actual Loops": 1
                                                                },
                                                                {
                                                                    "Worker Number": 2,
                                                                    "Actual Startup Time": 0.232,
                                                                    "Actual Total Time": 92.908,
                                                                    "Actual Rows": 111583,
                                                                    "Actual Loops": 1
                                                                }
                                                            ]
                                                        }
                                                    ]
                                                }
                                            ]
                                        },
                                        {
                                            "Node Type": "Index Only Scan",
                                            "Parent Relationship": "Inner",
                                            "Parallel Aware": false,
                                            "Scan Direction": "Forward",
                                            "Index Name": "movie_id_movie_info",
                                            "Relation Name": "movie_info",
                                            "Schema": "public",
                                            "Alias": "mi",
                                            "Startup Cost": 0.43,
                                            "Total Cost": 3.58,
                                            "Plan Rows": 39,
                                            "Plan Width": 4,
                                            "Actual Startup Time": 0.004,
                                            "Actual Total Time": 0.017,
                                            "Actual Rows": 50,
                                            "Actual Loops": 151783,
                                            "Output": [
                                                "mi.movie_id"
                                            ],
                                            "Index Cond": "(mi.movie_id = mk.movie_id)",
                                            "Rows Removed by Index Recheck": 0,
                                            "Heap Fetches": 7613386,
                                            "Workers": [
                                                {
                                                    "Worker Number": 0,
                                                    "Actual Startup Time": 0.007,
                                                    "Actual Total Time": 0.025,
                                                    "Actual Rows": 51,
                                                    "Actual Loops": 25955
                                                },
                                                {
                                                    "Worker Number": 1,
                                                    "Actual Startup Time": 0.005,
                                                    "Actual Total Time": 0.017,
                                                    "Actual Rows": 51,
                                                    "Actual Loops": 39814
                                                },
                                                {
                                                    "Worker Number": 2,
                                                    "Actual Startup Time": 0.005,
                                                    "Actual Total Time": 0.017,
                                                    "Actual Rows": 52,
                                                    "Actual Loops": 39021
                                                }
                                            ]
                                        }
                                    ]
                                }
                            ]
                        }
                    ]
                }
            ]
        },
        "Planning Time": 196.536,
        "Triggers": [],
        "Execution Time": 1194.095
    }
]