{
  "Plan": {
    "Node Type": "Aggregate",
    "Strategy": "Plain",
    "Partial Mode": "Finalize",
    "Parallel Aware": false,
    "Startup Cost": 80906.66,
    "Total Cost": 80906.67,
    "Plan Rows": 1,
    "Plan Width": 8,
    "Actual Startup Time": 159.204,
    "Actual Total Time": 170.468,
    "Actual Rows": 1,
    "Actual Loops": 1,
    "Plans": [
      {
        "Node Type": "Gather",
        "Parent Relationship": "Outer",
        "Parallel Aware": false,
        "Startup Cost": 80906.55,
        "Total Cost": 80906.66,
        "Plan Rows": 1,
        "Plan Width": 8,
        "Actual Startup Time": 158.913,
        "Actual Total Time": 170.462,
        "Actual Rows": 2,
        "Actual Loops": 1,
        "Workers Planned": 1,
        "Workers Launched": 1,
        "Single Copy": false,
        "Plans": [
          {
            "Node Type": "Aggregate",
            "Strategy": "Plain",
            "Partial Mode": "Partial",
            "Parent Relationship": "Outer",
            "Parallel Aware": false,
            "Startup Cost": 79906.55,
            "Total Cost": 79906.56,
            "Plan Rows": 1,
            "Plan Width": 8,
            "Actual Startup Time": 152.982,
            "Actual Total Time": 152.983,
            "Actual Rows": 1,
            "Actual Loops": 2,
            "Plans": [
              {
                "Node Type": "Nested Loop",
                "Parent Relationship": "Outer",
                "Parallel Aware": false,
                "Join Type": "Inner",
                "Startup Cost": 13440.52,
                "Total Cost": 79898.15,
                "Plan Rows": 3359,
                "Plan Width": 0,
                "Actual Startup Time": 55.696,
                "Actual Total Time": 152.473,
                "Actual Rows": 10174,
                "Actual Loops": 2,
                "Inner Unique": false,
                "Plans": [
                  {
                    "Node Type": "Bitmap Heap Scan",
                    "Parent Relationship": "Outer",
                    "Parallel Aware": true,
                    "Relation Name": "title",
                    "Alias": "t",
                    "Startup Cost": 13440.09,
                    "Total Cost": 56090.47,
                    "Plan Rows": 2661,
                    "Plan Width": 4,
                    "Actual Startup Time": 52.697,
                    "Actual Total Time": 131.957,
                    "Actual Rows": 2384,
                    "Actual Loops": 2,
                    "Recheck Cond": "(kind_id < 3)",
                    "Rows Removed by Index Recheck": 0,
                    "Filter": "(production_year = 1973)",
                    "Rows Removed by Filter": 374454,
                    "Exact Heap Blocks": 28048,
                    "Lossy Heap Blocks": 0,
                    "Plans": [
                      {
                        "Node Type": "Bitmap Index Scan",
                        "Parent Relationship": "Outer",
                        "Parallel Aware": false,
                        "Index Name": "kind_id_title",
                        "Startup Cost": 0.0,
                        "Total Cost": 13438.96,
                        "Plan Rows": 753937,
                        "Plan Width": 0,
                        "Actual Startup Time": 49.988,
                        "Actual Total Time": 49.988,
                        "Actual Rows": 753677,
                        "Actual Loops": 1,
                        "Index Cond": "(kind_id < 3)"
                      }
                    ]
                  },
                  {
                    "Node Type": "Index Scan",
                    "Parent Relationship": "Inner",
                    "Parallel Aware": false,
                    "Scan Direction": "Forward",
                    "Index Name": "movie_id_movie_keyword",
                    "Relation Name": "movie_keyword",
                    "Alias": "mk",
                    "Startup Cost": 0.43,
                    "Total Cost": 8.63,
                    "Plan Rows": 32,
                    "Plan Width": 4,
                    "Actual Startup Time": 0.007,
                    "Actual Total Time": 0.008,
                    "Actual Rows": 4,
                    "Actual Loops": 4769,
                    "Index Cond": "(movie_id = t.id)",
                    "Rows Removed by Index Recheck": 0,
                    "Filter": "(keyword_id > 1756)",
                    "Rows Removed by Filter": 2
                  }
                ]
              }
            ]
          }
        ]
      }
    ]
  },
  "Planning Time": 0.469,
  "Triggers": [],
  "Execution Time": 170.609
}