[
  {
    "Plan": {
      "Node Type": "Aggregate",
      "Strategy": "Plain",
      "Partial Mode": "Finalize",
      "Parallel Aware": false,
      "Startup Cost": 110588.3,
      "Total Cost": 110588.31,
      "Plan Rows": 1,
      "Plan Width": 8,
      "Actual Startup Time": 474.809,
      "Actual Total Time": 493.668,
      "Actual Rows": 1,
      "Actual Loops": 1,
      "Plans": [
        {
          "Node Type": "Gather",
          "Parent Relationship": "Outer",
          "Parallel Aware": false,
          "Startup Cost": 110588.08,
          "Total Cost": 110588.29,
          "Plan Rows": 2,
          "Plan Width": 8,
          "Actual Startup Time": 472.042,
          "Actual Total Time": 493.661,
          "Actual Rows": 3,
          "Actual Loops": 1,
          "Workers Planned": 2,
          "Workers Launched": 2,
          "Single Copy": false,
          "Plans": [
            {
              "Node Type": "Aggregate",
              "Strategy": "Plain",
              "Partial Mode": "Partial",
              "Parent Relationship": "Outer",
              "Parallel Aware": false,
              "Startup Cost": 109588.08,
              "Total Cost": 109588.09,
              "Plan Rows": 1,
              "Plan Width": 8,
              "Actual Startup Time": 464.482,
              "Actual Total Time": 464.488,
              "Actual Rows": 1,
              "Actual Loops": 3,
              "Plans": [
                {
                  "Node Type": "Hash Join",
                  "Parent Relationship": "Outer",
                  "Parallel Aware": true,
                  "Join Type": "Inner",
                  "Startup Cost": 93230.53,
                  "Total Cost": 109362.75,
                  "Plan Rows": 90134,
                  "Plan Width": 0,
                  "Actual Startup Time": 388.505,
                  "Actual Total Time": 462.507,
                  "Actual Rows": 50323,
                  "Actual Loops": 3,
                  "Inner Unique": false,
                  "Hash Cond": "(mi_idx.movie_id = t.id)",
                  "Plans": [
                    {
                      "Node Type": "Seq Scan",
                      "Parent Relationship": "Outer",
                      "Parallel Aware": true,
                      "Relation Name": "movie_info_idx",
                      "Alias": "mi_idx",
                      "Startup Cost": 0.0,
                      "Total Cost": 13685.15,
                      "Plan Rows": 575015,
                      "Plan Width": 4,
                      "Actual Startup Time": 0.028,
                      "Actual Total Time": 33.239,
                      "Actual Rows": 460012,
                      "Actual Loops": 3
                    },
                    {
                      "Node Type": "Hash",
                      "Parent Relationship": "Inner",
                      "Parallel Aware": true,
                      "Startup Cost": 91632.5,
                      "Total Cost": 91632.5,
                      "Plan Rows": 127843,
                      "Plan Width": 8,
                      "Actual Startup Time": 384.521,
                      "Actual Total Time": 384.526,
                      "Actual Rows": 31816,
                      "Actual Loops": 3,
                      "Hash Buckets": 524288,
                      "Original Hash Buckets": 524288,
                      "Hash Batches": 1,
                      "Original Hash Batches": 1,
                      "Peak Memory Usage": 7872,
                      "Plans": [
                        {
                          "Node Type": "Hash Join",
                          "Parent Relationship": "Outer",
                          "Parallel Aware": true,
                          "Join Type": "Inner",
                          "Startup Cost": 47788.96,
                          "Total Cost": 91632.5,
                          "Plan Rows": 127843,
                          "Plan Width": 8,
                          "Actual Startup Time": 196.565,
                          "Actual Total Time": 375.441,
                          "Actual Rows": 31816,
                          "Actual Loops": 3,
                          "Inner Unique": true,
                          "Hash Cond": "(mk.movie_id = t.id)",
                          "Plans": [
                            {
                              "Node Type": "Seq Scan",
                              "Parent Relationship": "Outer",
                              "Parallel Aware": true,
                              "Relation Name": "movie_keyword",
                              "Alias": "mk",
                              "Startup Cost": 0.0,
                              "Total Cost": 42695.65,
                              "Plan Rows": 437288,
                              "Plan Width": 4,
                              "Actual Startup Time": 0.025,
                              "Actual Total Time": 114.587,
                              "Actual Rows": 456487,
                              "Actual Loops": 3,
                              "Filter": "(keyword_id < 1806)",
                              "Rows Removed by Filter": 1051490
                            },
                            {
                              "Node Type": "Hash",
                              "Parent Relationship": "Inner",
                              "Parallel Aware": true,
                              "Startup Cost": 45479.1,
                              "Total Cost": 45479.1,
                              "Plan Rows": 184789,
                              "Plan Width": 4,
                              "Actual Startup Time": 191.961,
                              "Actual Total Time": 191.962,
                              "Actual Rows": 266724,
                              "Actual Loops": 3,
                              "Hash Buckets": 1048576,
                              "Original Hash Buckets": 1048576,
                              "Hash Batches": 1,
                              "Original Hash Batches": 1,
                              "Peak Memory Usage": 39552,
                              "Plans": [
                                {
                                  "Node Type": "Seq Scan",
                                  "Parent Relationship": "Outer",
                                  "Parallel Aware": true,
                                  "Relation Name": "title",
                                  "Alias": "t",
                                  "Startup Cost": 0.0,
                                  "Total Cost": 45479.1,
                                  "Plan Rows": 184789,
                                  "Plan Width": 4,
                                  "Actual Startup Time": 0.045,
                                  "Actual Total Time": 114.49,
                                  "Actual Rows": 266724,
                                  "Actual Loops": 3,
                                  "Filter": "((kind_id > 4) AND (production_year > 2003))",
                                  "Rows Removed by Filter": 576047
                                }
                              ]
                            }
                          ]
                        }
                      ]
                    }
                  ]
                }
              ]
            }
          ]
        }
      ]
    },
    "Planning Time": 1.316,
    "Triggers": [],
    "Execution Time": 493.747
  }
]