[
  {
    "Plan": {
      "Node Type": "Aggregate",
      "Strategy": "Plain",
      "Partial Mode": "Finalize",
      "Parallel Aware": false,
      "Startup Cost": 194598.6,
      "Total Cost": 194598.61,
      "Plan Rows": 1,
      "Plan Width": 192,
      "Actual Startup Time": 1685.57,
      "Actual Total Time": 1710.297,
      "Actual Rows": 1,
      "Actual Loops": 1,
      "Plans": [
        {
          "Node Type": "Gather",
          "Parent Relationship": "Outer",
          "Parallel Aware": false,
          "Startup Cost": 194598.47,
          "Total Cost": 194598.58,
          "Plan Rows": 1,
          "Plan Width": 192,
          "Actual Startup Time": 1685.209,
          "Actual Total Time": 1710.282,
          "Actual Rows": 2,
          "Actual Loops": 1,
          "Workers Planned": 1,
          "Workers Launched": 1,
          "Single Copy": false,
          "Plans": [
            {
              "Node Type": "Aggregate",
              "Strategy": "Plain",
              "Partial Mode": "Partial",
              "Parent Relationship": "Outer",
              "Parallel Aware": false,
              "Startup Cost": 193598.47,
              "Total Cost": 193598.48,
              "Plan Rows": 1,
              "Plan Width": 192,
              "Actual Startup Time": 1676.752,
              "Actual Total Time": 1676.796,
              "Actual Rows": 1,
              "Actual Loops": 2,
              "Plans": [
                {
                  "Node Type": "Hash Join",
                  "Parent Relationship": "Outer",
                  "Parallel Aware": true,
                  "Join Type": "Inner",
                  "Startup Cost": 188702.74,
                  "Total Cost": 193598.46,
                  "Plan Rows": 1,
                  "Plan Width": 84,
                  "Actual Startup Time": 1650.749,
                  "Actual Total Time": 1676.737,
                  "Actual Rows": 57,
                  "Actual Loops": 2,
                  "Inner Unique": false,
                  "Hash Cond": "(cn2.id = mc2.company_id)",
                  "Plans": [
                    {
                      "Node Type": "Seq Scan",
                      "Parent Relationship": "Outer",
                      "Parallel Aware": true,
                      "Relation Name": "company_name",
                      "Alias": "cn2",
                      "Startup Cost": 0.0,
                      "Total Cost": 4377.34,
                      "Plan Rows": 138234,
                      "Plan Width": 23,
                      "Actual Startup Time": 0.016,
                      "Actual Total Time": 19.414,
                      "Actual Rows": 117498,
                      "Actual Loops": 2
                    },
                    {
                      "Node Type": "Hash",
                      "Parent Relationship": "Inner",
                      "Parallel Aware": true,
                      "Startup Cost": 188702.72,
                      "Total Cost": 188702.72,
                      "Plan Rows": 1,
                      "Plan Width": 69,
                      "Actual Startup Time": 1649.17,
                      "Actual Total Time": 1649.212,
                      "Actual Rows": 57,
                      "Actual Loops": 2,
                      "Hash Buckets": 1024,
                      "Original Hash Buckets": 1024,
                      "Hash Batches": 1,
                      "Original Hash Batches": 1,
                      "Peak Memory Usage": 72,
                      "Plans": [
                        {
                          "Node Type": "Hash Join",
                          "Parent Relationship": "Outer",
                          "Parallel Aware": false,
                          "Join Type": "Inner",
                          "Startup Cost": 158339.96,
                          "Total Cost": 188702.72,
                          "Plan Rows": 1,
                          "Plan Width": 69,
                          "Actual Startup Time": 1420.635,
                          "Actual Total Time": 1649.132,
                          "Actual Rows": 57,
                          "Actual Loops": 2,
                          "Inner Unique": true,
                          "Hash Cond": "(t1.kind_id = kt1.id)",
                          "Plans": [
                            {
                              "Node Type": "Hash Join",
                              "Parent Relationship": "Outer",
                              "Parallel Aware": true,
                              "Join Type": "Inner",
                              "Startup Cost": 158338.85,
                              "Total Cost": 188701.61,
                              "Plan Rows": 1,
                              "Plan Width": 73,
                              "Actual Startup Time": 1420.53,
                              "Actual Total Time": 1649.005,
                              "Actual Rows": 57,
                              "Actual Loops": 2,
                              "Inner Unique": false,
                              "Hash Cond": "(mc2.movie_id = t2.id)",
                              "Plans": [
                                {
                                  "Node Type": "Seq Scan",
                                  "Parent Relationship": "Outer",
                                  "Parallel Aware": true,
                                  "Relation Name": "movie_companies",
                                  "Alias": "mc2",
                                  "Startup Cost": 0.0,
                                  "Total Cost": 27206.55,
                                  "Plan Rows": 841655,
                                  "Plan Width": 8,
                                  "Actual Startup Time": 0.011,
                                  "Actual Total Time": 140.842,
                                  "Actual Rows": 1304564,
                                  "Actual Loops": 2
                                },
                                {
                                  "Node Type": "Hash",
                                  "Parent Relationship": "Inner",
                                  "Parallel Aware": true,
                                  "Startup Cost": 158338.84,
                                  "Total Cost": 158338.84,
                                  "Plan Rows": 1,
                                  "Plan Width": 81,
                                  "Actual Startup Time": 1419.507,
                                  "Actual Total Time": 1419.542,
                                  "Actual Rows": 23,
                                  "Actual Loops": 2,
                                  "Hash Buckets": 1024,
                                  "Original Hash Buckets": 1024,
                                  "Hash Batches": 1,
                                  "Original Hash Batches": 1,
                                  "Peak Memory Usage": 72,
                                  "Plans": [
                                    {
                                      "Node Type": "Hash Join",
                                      "Parent Relationship": "Outer",
                                      "Parallel Aware": true,
                                      "Join Type": "Inner",
                                      "Startup Cost": 153337.49,
                                      "Total Cost": 158338.84,
                                      "Plan Rows": 1,
                                      "Plan Width": 81,
                                      "Actual Startup Time": 1388.765,
                                      "Actual Total Time": 1419.49,
                                      "Actual Rows": 23,
                                      "Actual Loops": 2,
                                      "Inner Unique": false,
                                      "Hash Cond": "(cn1.id = mc1.company_id)",
                                      "Plans": [
                                        {
                                          "Node Type": "Seq Scan",
                                          "Parent Relationship": "Outer",
                                          "Parallel Aware": true,
                                          "Relation Name": "company_name",
                                          "Alias": "cn1",
                                          "Startup Cost": 0.0,
                                          "Total Cost": 4722.92,
                                          "Plan Rows": 74245,
                                          "Plan Width": 23,
                                          "Actual Startup Time": 0.02,
                                          "Actual Total Time": 28.525,
                                          "Actual Rows": 63115,
                                          "Actual Loops": 2,
                                          "Filter": "((country_code)::text <> '[us]'::text)",
                                          "Rows Removed by Filter": 54384
                                        },
                                        {
                                          "Node Type": "Hash",
                                          "Parent Relationship": "Inner",
                                          "Parallel Aware": true,
                                          "Startup Cost": 153337.48,
                                          "Total Cost": 153337.48,
                                          "Plan Rows": 1,
                                          "Plan Width": 66,
                                          "Actual Startup Time": 1386.154,
                                          "Actual Total Time": 1386.185,
                                          "Actual Rows": 26,
                                          "Actual Loops": 2,
                                          "Hash Buckets": 1024,
                                          "Original Hash Buckets": 1024,
                                          "Hash Batches": 1,
                                          "Original Hash Batches": 1,
                                          "Peak Memory Usage": 72,
                                          "Plans": [
                                            {
                                              "Node Type": "Hash Join",
                                              "Parent Relationship": "Outer",
                                              "Parallel Aware": true,
                                              "Join Type": "Inner",
                                              "Startup Cost": 122974.71,
                                              "Total Cost": 153337.48,
                                              "Plan Rows": 1,
                                              "Plan Width": 66,
                                              "Actual Startup Time": 1168.186,
                                              "Actual Total Time": 1386.12,
                                              "Actual Rows": 26,
                                              "Actual Loops": 2,
                                              "Inner Unique": false,
                                              "Hash Cond": "(mc1.movie_id = t1.id)",
                                              "Plans": [
                                                {
                                                  "Node Type": "Seq Scan",
                                                  "Parent Relationship": "Outer",
                                                  "Parallel Aware": true,
                                                  "Relation Name": "movie_companies",
                                                  "Alias": "mc1",
                                                  "Startup Cost": 0.0,
                                                  "Total Cost": 27206.55,
                                                  "Plan Rows": 841655,
                                                  "Plan Width": 8,
                                                  "Actual Startup Time": 0.016,
                                                  "Actual Total Time": 196.665,
                                                  "Actual Rows": 1304564,
                                                  "Actual Loops": 2
                                                },
                                                {
                                                  "Node Type": "Hash",
                                                  "Parent Relationship": "Inner",
                                                  "Parallel Aware": true,
                                                  "Startup Cost": 122974.7,
                                                  "Total Cost": 122974.7,
                                                  "Plan Rows": 1,
                                                  "Plan Width": 74,
                                                  "Actual Startup Time": 1085.867,
                                                  "Actual Total Time": 1085.895,
                                                  "Actual Rows": 10,
                                                  "Actual Loops": 2,
                                                  "Hash Buckets": 1024,
                                                  "Original Hash Buckets": 1024,
                                                  "Hash Batches": 1,
                                                  "Original Hash Batches": 1,
                                                  "Peak Memory Usage": 72,
                                                  "Plans": [
                                                    {
                                                      "Node Type": "Hash Join",
                                                      "Parent Relationship": "Outer",
                                                      "Parallel Aware": true,
                                                      "Join Type": "Inner",
                                                      "Startup Cost": 78285.82,
                                                      "Total Cost": 122974.7,
                                                      "Plan Rows": 1,
                                                      "Plan Width": 74,
                                                      "Actual Startup Time": 770.163,
                                                      "Actual Total Time": 1085.821,
                                                      "Actual Rows": 10,
                                                      "Actual Loops": 2,
                                                      "Inner Unique": false,
                                                      "Hash Cond": "(t1.id = ml.movie_id)",
                                                      "Plans": [
                                                        {
                                                          "Node Type": "Seq Scan",
                                                          "Parent Relationship": "Outer",
                                                          "Parallel Aware": true,
                                                          "Relation Name": "title",
                                                          "Alias": "t1",
                                                          "Startup Cost": 0.0,
                                                          "Total Cost": 42318.63,
                                                          "Plan Rows": 632063,
                                                          "Plan Width": 25,
                                                          "Actual Startup Time": 0.018,
                                                          "Actual Total Time": 218.63,
                                                          "Actual Rows": 1264156,
                                                          "Actual Loops": 2
                                                        },
                                                        {
                                                          "Node Type": "Hash",
                                                          "Parent Relationship": "Inner",
                                                          "Parallel Aware": true,
                                                          "Startup Cost": 78285.81,
                                                          "Total Cost": 78285.81,
                                                          "Plan Rows": 1,
                                                          "Plan Width": 49,
                                                          "Actual Startup Time": 767.741,
                                                          "Actual Total Time": 767.765,
                                                          "Actual Rows": 10,
                                                          "Actual Loops": 2,
                                                          "Hash Buckets": 1024,
                                                          "Original Hash Buckets": 1024,
                                                          "Hash Batches": 1,
                                                          "Original Hash Batches": 1,
                                                          "Peak Memory Usage": 72,
                                                          "Plans": [
                                                            {
                                                              "Node Type": "Hash Join",
                                                              "Parent Relationship": "Outer",
                                                              "Parallel Aware": true,
                                                              "Join Type": "Inner",
                                                              "Startup Cost": 63015.54,
                                                              "Total Cost": 78285.81,
                                                              "Plan Rows": 1,
                                                              "Plan Width": 49,
                                                              "Actual Startup Time": 607.267,
                                                              "Actual Total Time": 767.72,
                                                              "Actual Rows": 10,
                                                              "Actual Loops": 2,
                                                              "Inner Unique": false,
                                                              "Hash Cond": "(mi_idx1.movie_id = ml.movie_id)",
                                                              "Plans": [
                                                                {
                                                                  "Node Type": "Hash Join",
                                                                  "Parent Relationship": "Outer",
                                                                  "Parallel Aware": false,
                                                                  "Join Type": "Inner",
                                                                  "Startup Cost": 2.43,
                                                                  "Total Cost": 15253.6,
                                                                  "Plan Rows": 5089,
                                                                  "Plan Width": 10,
                                                                  "Actual Startup Time": 0.088,
                                                                  "Actual Total Time": 146.778,
                                                                  "Actual Rows": 229962,
                                                                  "Actual Loops": 2,
                                                                  "Inner Unique": true,
                                                                  "Hash Cond": "(mi_idx1.info_type_id = it1.id)",
                                                                  "Plans": [
                                                                    {
                                                                      "Node Type": "Seq Scan",
                                                                      "Parent Relationship": "Outer",
                                                                      "Parallel Aware": true,
                                                                      "Relation Name": "movie_info_idx",
                                                                      "Alias": "mi_idx1",
                                                                      "Startup Cost": 0.0,
                                                                      "Total Cost": 13685.15,
                                                                      "Plan Rows": 575015,
                                                                      "Plan Width": 14,
                                                                      "Actual Startup Time": 0.015,
                                                                      "Actual Total Time": 64.474,
                                                                      "Actual Rows": 690018,
                                                                      "Actual Loops": 2
                                                                    },
                                                                    {
                                                                      "Node Type": "Hash",
                                                                      "Parent Relationship": "Inner",
                                                                      "Parallel Aware": false,
                                                                      "Startup Cost": 2.41,
                                                                      "Total Cost": 2.41,
                                                                      "Plan Rows": 1,
                                                                      "Plan Width": 4,
                                                                      "Actual Startup Time": 0.031,
                                                                      "Actual Total Time": 0.033,
                                                                      "Actual Rows": 1,
                                                                      "Actual Loops": 2,
                                                                      "Hash Buckets": 1024,
                                                                      "Original Hash Buckets": 1024,
                                                                      "Hash Batches": 1,
                                                                      "Original Hash Batches": 1,
                                                                      "Peak Memory Usage": 9,
                                                                      "Plans": [
                                                                        {
                                                                          "Node Type": "Seq Scan",
                                                                          "Parent Relationship": "Outer",
                                                                          "Parallel Aware": false,
                                                                          "Relation Name": "info_type",
                                                                          "Alias": "it1",
                                                                          "Startup Cost": 0.0,
                                                                          "Total Cost": 2.41,
                                                                          "Plan Rows": 1,
                                                                          "Plan Width": 4,
                                                                          "Actual Startup Time": 0.023,
                                                                          "Actual Total Time": 0.025,
                                                                          "Actual Rows": 1,
                                                                          "Actual Loops": 2,
                                                                          "Filter": "((info)::text = 'rating'::text COLLATE \"C\")",
                                                                          "Rows Removed by Filter": 112
                                                                        }
                                                                      ]
                                                                    }
                                                                  ]
                                                                },
                                                                {
                                                                  "Node Type": "Hash",
                                                                  "Parent Relationship": "Inner",
                                                                  "Parallel Aware": true,
                                                                  "Startup Cost": 63013.09,
                                                                  "Total Cost": 63013.09,
                                                                  "Plan Rows": 2,
                                                                  "Plan Width": 39,
                                                                  "Actual Startup Time": 605.292,
                                                                  "Actual Total Time": 605.309,
                                                                  "Actual Rows": 10,
                                                                  "Actual Loops": 2,
                                                                  "Hash Buckets": 1024,
                                                                  "Original Hash Buckets": 1024,
                                                                  "Hash Batches": 1,
                                                                  "Original Hash Batches": 1,
                                                                  "Peak Memory Usage": 72,
                                                                  "Plans": [
                                                                    {
                                                                      "Node Type": "Hash Join",
                                                                      "Parent Relationship": "Outer",
                                                                      "Parallel Aware": false,
                                                                      "Join Type": "Inner",
                                                                      "Startup Cost": 16559.68,
                                                                      "Total Cost": 63013.09,
                                                                      "Plan Rows": 2,
                                                                      "Plan Width": 39,
                                                                      "Actual Startup Time": 181.099,
                                                                      "Actual Total Time": 605.222,
                                                                      "Actual Rows": 10,
                                                                      "Actual Loops": 2,
                                                                      "Inner Unique": false,
                                                                      "Hash Cond": "(t2.id = ml.linked_movie_id)",
                                                                      "Plans": [
                                                                        {
                                                                          "Node Type": "Hash Join",
                                                                          "Parent Relationship": "Outer",
                                                                          "Parallel Aware": false,
                                                                          "Join Type": "Inner",
                                                                          "Startup Cost": 15935.65,
                                                                          "Total Cost": 62383.77,
                                                                          "Plan Rows": 176,
                                                                          "Plan Width": 31,
                                                                          "Actual Startup Time": 161.839,
                                                                          "Actual Total Time": 591.564,
                                                                          "Actual Rows": 3247,
                                                                          "Actual Loops": 2,
                                                                          "Inner Unique": true,
                                                                          "Hash Cond": "(t2.kind_id = kt2.id)",
                                                                          "Plans": [
                                                                            {
                                                                              "Node Type": "Hash Join",
                                                                              "Parent Relationship": "Outer",
                                                                              "Parallel Aware": true,
                                                                              "Join Type": "Inner",
                                                                              "Startup Cost": 15934.53,
                                                                              "Total Cost": 62380.06,
                                                                              "Plan Rows": 617,
                                                                              "Plan Width": 35,
                                                                              "Actual Startup Time": 161.787,
                                                                              "Actual Total Time": 589.381,
                                                                              "Actual Rows": 9909,
                                                                              "Actual Loops": 2,
                                                                              "Inner Unique": false,
                                                                              "Hash Cond": "(t2.id = mi_idx2.movie_id)",
                                                                              "Plans": [
                                                                                {
                                                                                  "Node Type": "Seq Scan",
                                                                                  "Parent Relationship": "Outer",
                                                                                  "Parallel Aware": true,
                                                                                  "Relation Name": "title",
                                                                                  "Alias": "t2",
                                                                                  "Startup Cost": 0.0,
                                                                                  "Total Cost": 45478.94,
                                                                                  "Plan Rows": 257070,
                                                                                  "Plan Width": 25,
                                                                                  "Actual Startup Time": 0.033,
                                                                                  "Actual Total Time": 337.077,
                                                                                  "Actual Rows": 521400,
                                                                                  "Actual Loops": 2,
                                                                                  "Filter": "((production_year >= 2000) AND (production_year <= 2010))",
                                                                                  "Rows Removed by Filter": 742756
                                                                                },
                                                                                {
                                                                                  "Node Type": "Hash",
                                                                                  "Parent Relationship": "Inner",
                                                                                  "Parallel Aware": true,
                                                                                  "Startup Cost": 15902.93,
                                                                                  "Total Cost": 15902.93,
                                                                                  "Plan Rows": 2528,
                                                                                  "Plan Width": 10,
                                                                                  "Actual Startup Time": 161.632,
                                                                                  "Actual Total Time": 161.636,
                                                                                  "Actual Rows": 18374,
                                                                                  "Actual Loops": 2,
                                                                                  "Hash Buckets": 65536,
                                                                                  "Original Hash Buckets": 8192,
                                                                                  "Hash Batches": 1,
                                                                                  "Original Hash Batches": 1,
                                                                                  "Peak Memory Usage": 2432,
                                                                                  "Plans": [
                                                                                    {
                                                                                      "Node Type": "Hash Join",
                                                                                      "Parent Relationship": "Outer",
                                                                                      "Parallel Aware": false,
                                                                                      "Join Type": "Inner",
                                                                                      "Startup Cost": 2.43,
                                                                                      "Total Cost": 15902.93,
                                                                                      "Plan Rows": 2528,
                                                                                      "Plan Width": 10,
                                                                                      "Actual Startup Time": 0.107,
                                                                                      "Actual Total Time": 151.101,
                                                                                      "Actual Rows": 18374,
                                                                                      "Actual Loops": 2,
                                                                                      "Inner Unique": true,
                                                                                      "Hash Cond": "(mi_idx2.info_type_id = it2.id)",
                                                                                      "Plans": [
                                                                                        {
                                                                                          "Node Type": "Seq Scan",
                                                                                          "Parent Relationship": "Outer",
                                                                                          "Parallel Aware": true,
                                                                                          "Relation Name": "movie_info_idx",
                                                                                          "Alias": "mi_idx2",
                                                                                          "Startup Cost": 0.0,
                                                                                          "Total Cost": 15122.68,
                                                                                          "Plan Rows": 285605,
                                                                                          "Plan Width": 14,
                                                                                          "Actual Startup Time": 0.027,
                                                                                          "Actual Total Time": 121.228,
                                                                                          "Actual Rows": 343634,
                                                                                          "Actual Loops": 2,
                                                                                          "Filter": "(info < '3.5'::text)",
                                                                                          "Rows Removed by Filter": 346384
                                                                                        },
                                                                                        {
                                                                                          "Node Type": "Hash",
                                                                                          "Parent Relationship": "Inner",
                                                                                          "Parallel Aware": false,
                                                                                          "Startup Cost": 2.41,
                                                                                          "Total Cost": 2.41,
                                                                                          "Plan Rows": 1,
                                                                                          "Plan Width": 4,
                                                                                          "Actual Startup Time": 0.047,
                                                                                          "Actual Total Time": 0.048,
                                                                                          "Actual Rows": 1,
                                                                                          "Actual Loops": 2,
                                                                                          "Hash Buckets": 1024,
                                                                                          "Original Hash Buckets": 1024,
                                                                                          "Hash Batches": 1,
                                                                                          "Original Hash Batches": 1,
                                                                                          "Peak Memory Usage": 9,
                                                                                          "Plans": [
                                                                                            {
                                                                                              "Node Type": "Seq Scan",
                                                                                              "Parent Relationship": "Outer",
                                                                                              "Parallel Aware": false,
                                                                                              "Relation Name": "info_type",
                                                                                              "Alias": "it2",
                                                                                              "Startup Cost": 0.0,
                                                                                              "Total Cost": 2.41,
                                                                                              "Plan Rows": 1,
                                                                                              "Plan Width": 4,
                                                                                              "Actual Startup Time": 0.036,
                                                                                              "Actual Total Time": 0.038,
                                                                                              "Actual Rows": 1,
                                                                                              "Actual Loops": 2,
                                                                                              "Filter": "((info)::text = 'rating'::text COLLATE \"C\")",
                                                                                              "Rows Removed by Filter": 112
                                                                                            }
                                                                                          ]
                                                                                        }
                                                                                      ]
                                                                                    }
                                                                                  ]
                                                                                }
                                                                              ]
                                                                            },
                                                                            {
                                                                              "Node Type": "Hash",
                                                                              "Parent Relationship": "Inner",
                                                                              "Parallel Aware": false,
                                                                              "Startup Cost": 1.09,
                                                                              "Total Cost": 1.09,
                                                                              "Plan Rows": 2,
                                                                              "Plan Width": 4,
                                                                              "Actual Startup Time": 0.019,
                                                                              "Actual Total Time": 0.02,
                                                                              "Actual Rows": 2,
                                                                              "Actual Loops": 2,
                                                                              "Hash Buckets": 1024,
                                                                              "Original Hash Buckets": 1024,
                                                                              "Hash Batches": 1,
                                                                              "Original Hash Batches": 1,
                                                                              "Peak Memory Usage": 9,
                                                                              "Plans": [
                                                                                {
                                                                                  "Node Type": "Seq Scan",
                                                                                  "Parent Relationship": "Outer",
                                                                                  "Parallel Aware": false,
                                                                                  "Relation Name": "kind_type",
                                                                                  "Alias": "kt2",
                                                                                  "Startup Cost": 0.0,
                                                                                  "Total Cost": 1.09,
                                                                                  "Plan Rows": 2,
                                                                                  "Plan Width": 4,
                                                                                  "Actual Startup Time": 0.01,
                                                                                  "Actual Total Time": 0.013,
                                                                                  "Actual Rows": 2,
                                                                                  "Actual Loops": 2,
                                                                                  "Filter": "((kind)::text = ANY ('{\"tv series\",episode}'::text[]))",
                                                                                  "Rows Removed by Filter": 5
                                                                                }
                                                                              ]
                                                                            }
                                                                          ]
                                                                        },
                                                                        {
                                                                          "Node Type": "Hash",
                                                                          "Parent Relationship": "Inner",
                                                                          "Parallel Aware": false,
                                                                          "Startup Cost": 561.53,
                                                                          "Total Cost": 561.53,
                                                                          "Plan Rows": 5000,
                                                                          "Plan Width": 8,
                                                                          "Actual Startup Time": 12.425,
                                                                          "Actual Total Time": 12.43,
                                                                          "Actual Rows": 2315,
                                                                          "Actual Loops": 2,
                                                                          "Hash Buckets": 8192,
                                                                          "Original Hash Buckets": 8192,
                                                                          "Hash Batches": 1,
                                                                          "Original Hash Batches": 1,
                                                                          "Peak Memory Usage": 155,
                                                                          "Plans": [
                                                                            {
                                                                              "Node Type": "Hash Join",
                                                                              "Parent Relationship": "Outer",
                                                                              "Parallel Aware": false,
                                                                              "Join Type": "Inner",
                                                                              "Startup Cost": 1.29,
                                                                              "Total Cost": 561.53,
                                                                              "Plan Rows": 5000,
                                                                              "Plan Width": 8,
                                                                              "Actual Startup Time": 0.157,
                                                                              "Actual Total Time": 11.754,
                                                                              "Actual Rows": 2315,
                                                                              "Actual Loops": 2,
                                                                              "Inner Unique": true,
                                                                              "Hash Cond": "(ml.link_type_id = lt.id)",
                                                                              "Plans": [
                                                                                {
                                                                                  "Node Type": "Seq Scan",
                                                                                  "Parent Relationship": "Outer",
                                                                                  "Parallel Aware": false,
                                                                                  "Relation Name": "movie_link",
                                                                                  "Alias": "ml",
                                                                                  "Startup Cost": 0.0,
                                                                                  "Total Cost": 462.97,
                                                                                  "Plan Rows": 29997,
                                                                                  "Plan Width": 12,
                                                                                  "Actual Startup Time": 0.061,
                                                                                  "Actual Total Time": 7.166,
                                                                                  "Actual Rows": 29997,
                                                                                  "Actual Loops": 2
                                                                                },
                                                                                {
                                                                                  "Node Type": "Hash",
                                                                                  "Parent Relationship": "Inner",
                                                                                  "Parallel Aware": false,
                                                                                  "Startup Cost": 1.25,
                                                                                  "Total Cost": 1.25,
                                                                                  "Plan Rows": 3,
                                                                                  "Plan Width": 4,
                                                                                  "Actual Startup Time": 0.047,
                                                                                  "Actual Total Time": 0.048,
                                                                                  "Actual Rows": 2,
                                                                                  "Actual Loops": 2,
                                                                                  "Hash Buckets": 1024,
                                                                                  "Original Hash Buckets": 1024,
                                                                                  "Hash Batches": 1,
                                                                                  "Original Hash Batches": 1,
                                                                                  "Peak Memory Usage": 9,
                                                                                  "Plans": [
                                                                                    {
                                                                                      "Node Type": "Seq Scan",
                                                                                      "Parent Relationship": "Outer",
                                                                                      "Parallel Aware": false,
                                                                                      "Relation Name": "link_type",
                                                                                      "Alias": "lt",
                                                                                      "Startup Cost": 0.0,
                                                                                      "Total Cost": 1.25,
                                                                                      "Plan Rows": 3,
                                                                                      "Plan Width": 4,
                                                                                      "Actual Startup Time": 0.034,
                                                                                      "Actual Total Time": 0.04,
                                                                                      "Actual Rows": 2,
                                                                                      "Actual Loops": 2,
                                                                                      "Filter": "((link)::text = ANY ('{sequel,follows,\"followed by\"}'::text[]))",
                                                                                      "Rows Removed by Filter": 16
                                                                                    }
                                                                                  ]
                                                                                }
                                                                              ]
                                                                            }
                                                                          ]
                                                                        }
                                                                      ]
                                                                    }
                                                                  ]
                                                                }
                                                              ]
                                                            }
                                                          ]
                                                        }
                                                      ]
                                                    }
                                                  ]
                                                }
                                              ]
                                            }
                                          ]
                                        }
                                      ]
                                    }
                                  ]
                                }
                              ]
                            },
                            {
                              "Node Type": "Hash",
                              "Parent Relationship": "Inner",
                              "Parallel Aware": false,
                              "Startup Cost": 1.09,
                              "Total Cost": 1.09,
                              "Plan Rows": 2,
                              "Plan Width": 4,
                              "Actual Startup Time": 0.071,
                              "Actual Total Time": 0.072,
                              "Actual Rows": 2,
                              "Actual Loops": 2,
                              "Hash Buckets": 1024,
                              "Original Hash Buckets": 1024,
                              "Hash Batches": 1,
                              "Original Hash Batches": 1,
                              "Peak Memory Usage": 9,
                              "Plans": [
                                {
                                  "Node Type": "Seq Scan",
                                  "Parent Relationship": "Outer",
                                  "Parallel Aware": false,
                                  "Relation Name": "kind_type",
                                  "Alias": "kt1",
                                  "Startup Cost": 0.0,
                                  "Total Cost": 1.09,
                                  "Plan Rows": 2,
                                  "Plan Width": 4,
                                  "Actual Startup Time": 0.049,
                                  "Actual Total Time": 0.052,
                                  "Actual Rows": 2,
                                  "Actual Loops": 2,
                                  "Filter": "((kind)::text = ANY ('{\"tv series\",episode}'::text[]))",
                                  "Rows Removed by Filter": 5
                                }
                              ]
                            }
                          ]
                        }
                      ]
                    }
                  ]
                }
              ]
            }
          ]
        }
      ]
    },
    "Planning Time": 268.028,
    "Triggers": [],
    "Execution Time": 1711.025
  }
]