[
  {
    "Plan": {
      "Node Type": "Aggregate",
      "Strategy": "Plain",
      "Partial Mode": "Finalize",
      "Parallel Aware": false,
      "Startup Cost": 63062.87,
      "Total Cost": 63062.88,
      "Plan Rows": 1,
      "Plan Width": 8,
      "Actual Startup Time": 330.9,
      "Actual Total Time": 346.281,
      "Actual Rows": 1,
      "Actual Loops": 1,
      "Plans": [
        {
          "Node Type": "Gather",
          "Parent Relationship": "Outer",
          "Parallel Aware": false,
          "Startup Cost": 63062.65,
          "Total Cost": 63062.86,
          "Plan Rows": 2,
          "Plan Width": 8,
          "Actual Startup Time": 329.58,
          "Actual Total Time": 346.273,
          "Actual Rows": 3,
          "Actual Loops": 1,
          "Workers Planned": 2,
          "Workers Launched": 2,
          "Single Copy": false,
          "Plans": [
            {
              "Node Type": "Aggregate",
              "Strategy": "Plain",
              "Partial Mode": "Partial",
              "Parent Relationship": "Outer",
              "Parallel Aware": false,
              "Startup Cost": 62062.65,
              "Total Cost": 62062.66,
              "Plan Rows": 1,
              "Plan Width": 8,
              "Actual Startup Time": 321.912,
              "Actual Total Time": 321.916,
              "Actual Rows": 1,
              "Actual Loops": 3,
              "Plans": [
                {
                  "Node Type": "Hash Join",
                  "Parent Relationship": "Outer",
                  "Parallel Aware": true,
                  "Join Type": "Inner",
                  "Startup Cost": 46654.27,
                  "Total Cost": 61848.83,
                  "Plan Rows": 85528,
                  "Plan Width": 0,
                  "Actual Startup Time": 232.143,
                  "Actual Total Time": 313.715,
                  "Actual Rows": 151926,
                  "Actual Loops": 3,
                  "Inner Unique": true,
                  "Hash Cond": "(mi_idx.movie_id = t.id)",
                  "Plans": [
                    {
                      "Node Type": "Seq Scan",
                      "Parent Relationship": "Outer",
                      "Parallel Aware": true,
                      "Relation Name": "movie_info_idx",
                      "Alias": "mi_idx",
                      "Startup Cost": 0.0,
                      "Total Cost": 13685.15,
                      "Plan Rows": 575015,
                      "Plan Width": 4,
                      "Actual Startup Time": 0.029,
                      "Actual Total Time": 43.477,
                      "Actual Rows": 460012,
                      "Actual Loops": 3
                    },
                    {
                      "Node Type": "Hash",
                      "Parent Relationship": "Inner",
                      "Parallel Aware": true,
                      "Startup Cost": 45479.1,
                      "Total Cost": 45479.1,
                      "Plan Rows": 94014,
                      "Plan Width": 4,
                      "Actual Startup Time": 183.382,
                      "Actual Total Time": 183.384,
                      "Actual Rows": 146676,
                      "Actual Loops": 3,
                      "Hash Buckets": 524288,
                      "Original Hash Buckets": 524288,
                      "Hash Batches": 1,
                      "Original Hash Batches": 1,
                      "Peak Memory Usage": 21376,
                      "Plans": [
                        {
                          "Node Type": "Seq Scan",
                          "Parent Relationship": "Outer",
                          "Parallel Aware": true,
                          "Relation Name": "title",
                          "Alias": "t",
                          "Startup Cost": 0.0,
                          "Total Cost": 45479.1,
                          "Plan Rows": 94014,
                          "Plan Width": 4,
                          "Actual Startup Time": 73.509,
                          "Actual Total Time": 135.972,
                          "Actual Rows": 146676,
                          "Actual Loops": 3,
                          "Filter": "((kind_id < 2) AND (production_year < 2006))",
                          "Rows Removed by Filter": 696094
                        }
                      ]
                    }
                  ]
                }
              ]
            }
          ]
        }
      ]
    },
    "Planning Time": 0.571,
    "Triggers": [],
    "Execution Time": 346.36
  }
]