[
  {
    "Plan": {
      "Node Type": "Aggregate",
      "Strategy": "Plain",
      "Partial Mode": "Finalize",
      "Parallel Aware": false,
      "Startup Cost": 336161.31,
      "Total Cost": 336161.32,
      "Plan Rows": 1,
      "Plan Width": 8,
      "Actual Startup Time": 711.515,
      "Actual Total Time": 758.122,
      "Actual Rows": 1,
      "Actual Loops": 1,
      "Plans": [
        {
          "Node Type": "Gather",
          "Parent Relationship": "Outer",
          "Parallel Aware": false,
          "Startup Cost": 336160.68,
          "Total Cost": 336161.29,
          "Plan Rows": 6,
          "Plan Width": 8,
          "Actual Startup Time": 711.286,
          "Actual Total Time": 758.104,
          "Actual Rows": 7,
          "Actual Loops": 1,
          "Workers Planned": 6,
          "Workers Launched": 6,
          "Single Copy": false,
          "Plans": [
            {
              "Node Type": "Aggregate",
              "Strategy": "Plain",
              "Partial Mode": "Partial",
              "Parent Relationship": "Outer",
              "Parallel Aware": false,
              "Startup Cost": 335160.68,
              "Total Cost": 335160.69,
              "Plan Rows": 1,
              "Plan Width": 8,
              "Actual Startup Time": 704.922,
              "Actual Total Time": 704.924,
              "Actual Rows": 1,
              "Actual Loops": 7,
              "Plans": [
                {
                  "Node Type": "Seq Scan",
                  "Parent Relationship": "Outer",
                  "Parallel Aware": true,
                  "Relation Name": "cast_info",
                  "Alias": "ci",
                  "Startup Cost": 0.0,
                  "Total Cost": 328211.39,
                  "Plan Rows": 2779717,
                  "Plan Width": 0,
                  "Actual Startup Time": 0.038,
                  "Actual Total Time": 590.763,
                  "Actual Rows": 2410736,
                  "Actual Loops": 7,
                  "Filter": "(person_id < 1668015)",
                  "Rows Removed by Filter": 2767027
                }
              ]
            }
          ]
        }
      ]
    },
    "Planning Time": 0.095,
    "Triggers": [],
    "Execution Time": 758.165
  }
]