{
  "Plan": {
    "Node Type": "Aggregate",
    "Strategy": "Plain",
    "Partial Mode": "Finalize",
    "Parallel Aware": false,
    "Startup Cost": 152380.99,
    "Total Cost": 152381.0,
    "Plan Rows": 1,
    "Plan Width": 8,
    "Actual Startup Time": 1235.719,
    "Actual Total Time": 1281.882,
    "Actual Rows": 1,
    "Actual Loops": 1,
    "Plans": [
      {
        "Node Type": "Gather",
        "Parent Relationship": "Outer",
        "Parallel Aware": false,
        "Startup Cost": 152380.88,
        "Total Cost": 152380.99,
        "Plan Rows": 1,
        "Plan Width": 8,
        "Actual Startup Time": 1234.565,
        "Actual Total Time": 1281.873,
        "Actual Rows": 2,
        "Actual Loops": 1,
        "Workers Planned": 1,
        "Workers Launched": 1,
        "Single Copy": false,
        "Plans": [
          {
            "Node Type": "Aggregate",
            "Strategy": "Plain",
            "Partial Mode": "Partial",
            "Parent Relationship": "Outer",
            "Parallel Aware": false,
            "Startup Cost": 151380.88,
            "Total Cost": 151380.89,
            "Plan Rows": 1,
            "Plan Width": 8,
            "Actual Startup Time": 1228.164,
            "Actual Total Time": 1228.169,
            "Actual Rows": 1,
            "Actual Loops": 2,
            "Plans": [
              {
                "Node Type": "Nested Loop",
                "Parent Relationship": "Outer",
                "Parallel Aware": false,
                "Join Type": "Inner",
                "Startup Cost": 61089.59,
                "Total Cost": 151349.04,
                "Plan Rows": 12737,
                "Plan Width": 0,
                "Actual Startup Time": 171.643,
                "Actual Total Time": 1171.432,
                "Actual Rows": 1150209,
                "Actual Loops": 2,
                "Inner Unique": false,
                "Join Filter": "(t.id = mi.movie_id)",
                "Rows Removed by Join Filter": 0,
                "Plans": [
                  {
                    "Node Type": "Hash Join",
                    "Parent Relationship": "Outer",
                    "Parallel Aware": true,
                    "Join Type": "Inner",
                    "Startup Cost": 61089.15,
                    "Total Cost": 87946.86,
                    "Plan Rows": 13904,
                    "Plan Width": 8,
                    "Actual Startup Time": 171.558,
                    "Actual Total Time": 254.512,
                    "Actual Rows": 53710,
                    "Actual Loops": 2,
                    "Inner Unique": true,
                    "Hash Cond": "(mk.movie_id = t.id)",
                    "Plans": [
                      {
                        "Node Type": "Bitmap Heap Scan",
                        "Parent Relationship": "Outer",
                        "Parallel Aware": true,
                        "Relation Name": "movie_keyword",
                        "Alias": "mk",
                        "Startup Cost": 5734.24,
                        "Total Cost": 32174.78,
                        "Plan Rows": 158923,
                        "Plan Width": 4,
                        "Actual Startup Time": 17.906,
                        "Actual Total Time": 67.609,
                        "Actual Rows": 133008,
                        "Actual Loops": 2,
                        "Recheck Cond": "(keyword_id > 58910)",
                        "Rows Removed by Index Recheck": 0,
                        "Exact Heap Blocks": 10561,
                        "Lossy Heap Blocks": 0,
                        "Plans": [
                          {
                            "Node Type": "Bitmap Index Scan",
                            "Parent Relationship": "Outer",
                            "Parallel Aware": false,
                            "Index Name": "keyword_id_movie_keyword",
                            "Startup Cost": 0.0,
                            "Total Cost": 5666.7,
                            "Plan Rows": 270169,
                            "Plan Width": 0,
                            "Actual Startup Time": 14.708,
                            "Actual Total Time": 14.708,
                            "Actual Rows": 266015,
                            "Actual Loops": 1,
                            "Index Cond": "(keyword_id > 58910)"
                          }
                        ]
                      },
                      {
                        "Node Type": "Hash",
                        "Parent Relationship": "Inner",
                        "Parallel Aware": true,
                        "Startup Cost": 53728.41,
                        "Total Cost": 53728.41,
                        "Plan Rows": 130120,
                        "Plan Width": 4,
                        "Actual Startup Time": 144.708,
                        "Actual Total Time": 144.709,
                        "Actual Rows": 173606,
                        "Actual Loops": 2,
                        "Hash Buckets": 524288,
                        "Original Hash Buckets": 262144,
                        "Hash Batches": 1,
                        "Original Hash Batches": 1,
                        "Peak Memory Usage": 19776,
                        "Plans": [
                          {
                            "Node Type": "Bitmap Heap Scan",
                            "Parent Relationship": "Outer",
                            "Parallel Aware": true,
                            "Relation Name": "title",
                            "Alias": "t",
                            "Startup Cost": 11878.15,
                            "Total Cost": 53728.41,
                            "Plan Rows": 130120,
                            "Plan Width": 4,
                            "Actual Startup Time": 37.213,
                            "Actual Total Time": 102.811,
                            "Actual Rows": 173606,
                            "Actual Loops": 2,
                            "Recheck Cond": "(kind_id = 1)",
                            "Rows Removed by Index Recheck": 0,
                            "Filter": "(production_year < 1996)",
                            "Rows Removed by Filter": 157806,
                            "Exact Heap Blocks": 8320,
                            "Lossy Heap Blocks": 0,
                            "Plans": [
                              {
                                "Node Type": "Bitmap Index Scan",
                                "Parent Relationship": "Outer",
                                "Parallel Aware": false,
                                "Index Name": "kind_id_title",
                                "Startup Cost": 0.0,
                                "Total Cost": 11822.85,
                                "Plan Rows": 663256,
                                "Plan Width": 0,
                                "Actual Startup Time": 37.908,
                                "Actual Total Time": 37.908,
                                "Actual Rows": 662825,
                                "Actual Loops": 1,
                                "Index Cond": "(kind_id = 1)"
                              }
                            ]
                          }
                        ]
                      }
                    ]
                  },
                  {
                    "Node Type": "Index Scan",
                    "Parent Relationship": "Inner",
                    "Parallel Aware": false,
                    "Scan Direction": "Forward",
                    "Index Name": "movie_id_movie_info",
                    "Relation Name": "movie_info",
                    "Alias": "mi",
                    "Startup Cost": 0.43,
                    "Total Cost": 4.47,
                    "Plan Rows": 7,
                    "Plan Width": 4,
                    "Actual Startup Time": 0.005,
                    "Actual Total Time": 0.015,
                    "Actual Rows": 21,
                    "Actual Loops": 107421,
                    "Index Cond": "(movie_id = mk.movie_id)",
                    "Rows Removed by Index Recheck": 0,
                    "Filter": "(info_type_id > 16)",
                    "Rows Removed by Filter": 34
                  }
                ]
              }
            ]
          }
        ]
      }
    ]
  },
  "Planning Time": 0.969,
  "Triggers": [],
  "Execution Time": 1282.035
}