[
  {
    "Plan": {
      "Node Type": "Aggregate",
      "Strategy": "Plain",
      "Partial Mode": "Finalize",
      "Parallel Aware": false,
      "Startup Cost": 31678.09,
      "Total Cost": 31678.1,
      "Plan Rows": 1,
      "Plan Width": 8,
      "Actual Startup Time": 118.386,
      "Actual Total Time": 126.678,
      "Actual Rows": 1,
      "Actual Loops": 1,
      "Plans": [
        {
          "Node Type": "Gather",
          "Parent Relationship": "Outer",
          "Parallel Aware": false,
          "Startup Cost": 31677.78,
          "Total Cost": 31678.09,
          "Plan Rows": 3,
          "Plan Width": 8,
          "Actual Startup Time": 118.259,
          "Actual Total Time": 126.668,
          "Actual Rows": 4,
          "Actual Loops": 1,
          "Workers Planned": 3,
          "Workers Launched": 3,
          "Single Copy": false,
          "Plans": [
            {
              "Node Type": "Aggregate",
              "Strategy": "Plain",
              "Partial Mode": "Partial",
              "Parent Relationship": "Outer",
              "Parallel Aware": false,
              "Startup Cost": 30677.78,
              "Total Cost": 30677.79,
              "Plan Rows": 1,
              "Plan Width": 8,
              "Actual Startup Time": 110.356,
              "Actual Total Time": 110.357,
              "Actual Rows": 1,
              "Actual Loops": 4,
              "Plans": [
                {
                  "Node Type": "Seq Scan",
                  "Parent Relationship": "Outer",
                  "Parallel Aware": true,
                  "Relation Name": "movie_companies",
                  "Alias": "mc",
                  "Startup Cost": 0.0,
                  "Total Cost": 29310.68,
                  "Plan Rows": 546838,
                  "Plan Width": 0,
                  "Actual Startup Time": 2.487,
                  "Actual Total Time": 89.61,
                  "Actual Rows": 424380,
                  "Actual Loops": 4,
                  "Filter": "(company_id > 3058)",
                  "Rows Removed by Filter": 227902
                }
              ]
            }
          ]
        }
      ]
    },
    "Planning Time": 0.186,
    "Triggers": [],
    "Execution Time": 126.741
  }
]