[
  {
    "Plan": {
      "Node Type": "Aggregate",
      "Strategy": "Plain",
      "Partial Mode": "Finalize",
      "Parallel Aware": false,
      "Startup Cost": 17710.85,
      "Total Cost": 17710.86,
      "Plan Rows": 1,
      "Plan Width": 8,
      "Actual Startup Time": 14.962,
      "Actual Total Time": 17.347,
      "Actual Rows": 1,
      "Actual Loops": 1,
      "Plans": [
        {
          "Node Type": "Gather",
          "Parent Relationship": "Outer",
          "Parallel Aware": false,
          "Startup Cost": 17710.63,
          "Total Cost": 17710.84,
          "Plan Rows": 2,
          "Plan Width": 8,
          "Actual Startup Time": 14.88,
          "Actual Total Time": 17.34,
          "Actual Rows": 3,
          "Actual Loops": 1,
          "Workers Planned": 2,
          "Workers Launched": 2,
          "Single Copy": false,
          "Plans": [
            {
              "Node Type": "Aggregate",
              "Strategy": "Plain",
              "Partial Mode": "Partial",
              "Parent Relationship": "Outer",
              "Parallel Aware": false,
              "Startup Cost": 16710.63,
              "Total Cost": 16710.64,
              "Plan Rows": 1,
              "Plan Width": 8,
              "Actual Startup Time": 10.852,
              "Actual Total Time": 10.854,
              "Actual Rows": 1,
              "Actual Loops": 3,
              "Plans": [
                {
                  "Node Type": "Nested Loop",
                  "Parent Relationship": "Outer",
                  "Parallel Aware": false,
                  "Join Type": "Inner",
                  "Startup Cost": 92.45,
                  "Total Cost": 16710.44,
                  "Plan Rows": 77,
                  "Plan Width": 0,
                  "Actual Startup Time": 2.062,
                  "Actual Total Time": 10.841,
                  "Actual Rows": 50,
                  "Actual Loops": 3,
                  "Inner Unique": false,
                  "Plans": [
                    {
                      "Node Type": "Nested Loop",
                      "Parent Relationship": "Outer",
                      "Parallel Aware": false,
                      "Join Type": "Inner",
                      "Startup Cost": 92.02,
                      "Total Cost": 16584.69,
                      "Plan Rows": 211,
                      "Plan Width": 8,
                      "Actual Startup Time": 1.982,
                      "Actual Total Time": 10.594,
                      "Actual Rows": 25,
                      "Actual Loops": 3,
                      "Inner Unique": true,
                      "Plans": [
                        {
                          "Node Type": "Bitmap Heap Scan",
                          "Parent Relationship": "Outer",
                          "Parallel Aware": true,
                          "Relation Name": "movie_companies",
                          "Alias": "mc",
                          "Startup Cost": 91.59,
                          "Total Cost": 9965.46,
                          "Plan Rows": 833,
                          "Plan Width": 4,
                          "Actual Startup Time": 0.339,
                          "Actual Total Time": 1.276,
                          "Actual Rows": 1138,
                          "Actual Loops": 3,
                          "Recheck Cond": "(company_id = 122)",
                          "Rows Removed by Index Recheck": 0,
                          "Filter": "(company_type_id < 2)",
                          "Rows Removed by Filter": 0,
                          "Exact Heap Blocks": 223,
                          "Lossy Heap Blocks": 0,
                          "Plans": [
                            {
                              "Node Type": "Bitmap Index Scan",
                              "Parent Relationship": "Outer",
                              "Parallel Aware": false,
                              "Index Name": "company_id_movie_companies",
                              "Startup Cost": 0.0,
                              "Total Cost": 91.09,
                              "Plan Rows": 4088,
                              "Plan Width": 0,
                              "Actual Startup Time": 0.818,
                              "Actual Total Time": 0.819,
                              "Actual Rows": 3415,
                              "Actual Loops": 1,
                              "Index Cond": "(company_id = 122)"
                            }
                          ]
                        },
                        {
                          "Node Type": "Index Scan",
                          "Parent Relationship": "Inner",
                          "Parallel Aware": false,
                          "Scan Direction": "Forward",
                          "Index Name": "title_pkey",
                          "Relation Name": "title",
                          "Alias": "t",
                          "Startup Cost": 0.43,
                          "Total Cost": 7.95,
                          "Plan Rows": 1,
                          "Plan Width": 4,
                          "Actual Startup Time": 0.008,
                          "Actual Total Time": 0.008,
                          "Actual Rows": 0,
                          "Actual Loops": 3415,
                          "Index Cond": "(id = mc.movie_id)",
                          "Rows Removed by Index Recheck": 0,
                          "Filter": "((kind_id > 1) AND (production_year < 1997))",
                          "Rows Removed by Filter": 1
                        }
                      ]
                    },
                    {
                      "Node Type": "Index Scan",
                      "Parent Relationship": "Inner",
                      "Parallel Aware": false,
                      "Scan Direction": "Forward",
                      "Index Name": "movie_id_movie_info_idx",
                      "Relation Name": "movie_info_idx",
                      "Alias": "mi_idx",
                      "Startup Cost": 0.43,
                      "Total Cost": 0.58,
                      "Plan Rows": 2,
                      "Plan Width": 4,
                      "Actual Startup Time": 0.008,
                      "Actual Total Time": 0.009,
                      "Actual Rows": 2,
                      "Actual Loops": 75,
                      "Index Cond": "(movie_id = t.id)",
                      "Rows Removed by Index Recheck": 0,
                      "Filter": "(info_type_id < 101)",
                      "Rows Removed by Filter": 1
                    }
                  ]
                }
              ]
            }
          ]
        }
      ]
    },
    "Planning Time": 1.192,
    "Triggers": [],
    "Execution Time": 17.412
  }
]