{
  "Plan": {
    "Node Type": "Aggregate",
    "Strategy": "Plain",
    "Partial Mode": "Simple",
    "Parallel Aware": false,
    "Startup Cost": 935096.77,
    "Total Cost": 935096.78,
    "Plan Rows": 1,
    "Plan Width": 96,
    "Actual Startup Time": 10298.102,
    "Actual Total Time": 10298.366,
    "Actual Rows": 1,
    "Actual Loops": 1,
    "Plans": [
      {
        "Node Type": "Merge Join",
        "Parent Relationship": "Outer",
        "Parallel Aware": false,
        "Join Type": "Inner",
        "Startup Cost": 935096.74,
        "Total Cost": 935096.76,
        "Plan Rows": 1,
        "Plan Width": 42,
        "Actual Startup Time": 10292.641,
        "Actual Total Time": 10296.204,
        "Actual Rows": 21489,
        "Actual Loops": 1,
        "Inner Unique": false,
        "Merge Cond": "(it1.id = mi.info_type_id)",
        "Plans": [
          {
            "Node Type": "Sort",
            "Parent Relationship": "Outer",
            "Parallel Aware": false,
            "Startup Cost": 2.42,
            "Total Cost": 2.43,
            "Plan Rows": 1,
            "Plan Width": 4,
            "Actual Startup Time": 0.055,
            "Actual Total Time": 0.057,
            "Actual Rows": 1,
            "Actual Loops": 1,
            "Sort Key": [
              "it1.id"
            ],
            "Sort Method": "quicksort",
            "Sort Space Used": 25,
            "Sort Space Type": "Memory",
            "Plans": [
              {
                "Node Type": "Seq Scan",
                "Parent Relationship": "Outer",
                "Parallel Aware": false,
                "Relation Name": "info_type",
                "Alias": "it1",
                "Startup Cost": 0.0,
                "Total Cost": 2.41,
                "Plan Rows": 1,
                "Plan Width": 4,
                "Actual Startup Time": 0.015,
                "Actual Total Time": 0.023,
                "Actual Rows": 1,
                "Actual Loops": 1,
                "Filter": "((info)::text = 'countries'::text)",
                "Rows Removed by Filter": 112
              }
            ]
          },
          {
            "Node Type": "Sort",
            "Parent Relationship": "Inner",
            "Parallel Aware": false,
            "Startup Cost": 935094.32,
            "Total Cost": 935094.32,
            "Plan Rows": 1,
            "Plan Width": 46,
            "Actual Startup Time": 10292.023,
            "Actual Total Time": 10293.42,
            "Actual Rows": 23989,
            "Actual Loops": 1,
            "Sort Key": [
              "mi.info_type_id"
            ],
            "Sort Method": "quicksort",
            "Sort Space Used": 3307,
            "Sort Space Type": "Memory",
            "Plans": [
              {
                "Node Type": "Merge Join",
                "Parent Relationship": "Outer",
                "Parallel Aware": false,
                "Join Type": "Inner",
                "Startup Cost": 935076.34,
                "Total Cost": 935094.31,
                "Plan Rows": 1,
                "Plan Width": 46,
                "Actual Startup Time": 10127.827,
                "Actual Total Time": 10283.889,
                "Actual Rows": 24612,
                "Actual Loops": 1,
                "Inner Unique": false,
                "Merge Cond": "(k.id = mk.keyword_id)",
                "Plans": [
                  {
                    "Node Type": "Sort",
                    "Parent Relationship": "Outer",
                    "Parallel Aware": false,
                    "Startup Cost": 2961.59,
                    "Total Cost": 2961.6,
                    "Plan Rows": 4,
                    "Plan Width": 4,
                    "Actual Startup Time": 27.679,
                    "Actual Total Time": 27.682,
                    "Actual Rows": 3,
                    "Actual Loops": 1,
                    "Sort Key": [
                      "k.id"
                    ],
                    "Sort Method": "quicksort",
                    "Sort Space Used": 25,
                    "Sort Space Type": "Memory",
                    "Plans": [
                      {
                        "Node Type": "Seq Scan",
                        "Parent Relationship": "Outer",
                        "Parallel Aware": false,
                        "Relation Name": "keyword",
                        "Alias": "k",
                        "Startup Cost": 0.0,
                        "Total Cost": 2961.55,
                        "Plan Rows": 4,
                        "Plan Width": 4,
                        "Actual Startup Time": 1.388,
                        "Actual Total Time": 27.658,
                        "Actual Rows": 3,
                        "Actual Loops": 1,
                        "Filter": "(keyword = ANY ('{murder,murder-in-title,blood,violence}'::text[]))",
                        "Rows Removed by Filter": 134167
                      }
                    ]
                  },
                  {
                    "Node Type": "Sort",
                    "Parent Relationship": "Inner",
                    "Parallel Aware": false,
                    "Startup Cost": 932114.68,
                    "Total Cost": 932123.68,
                    "Plan Rows": 3601,
                    "Plan Width": 50,
                    "Actual Startup Time": 10068.352,
                    "Actual Total Time": 10181.785,
                    "Actual Rows": 479274,
                    "Actual Loops": 1,
                    "Sort Key": [
                      "mk.keyword_id"
                    ],
                    "Sort Method": "quicksort",
                    "Sort Space Used": 434632,
                    "Sort Space Type": "Memory",
                    "Plans": [
                      {
                        "Node Type": "Merge Join",
                        "Parent Relationship": "Outer",
                        "Parallel Aware": false,
                        "Join Type": "Inner",
                        "Startup Cost": 928483.47,
                        "Total Cost": 931901.97,
                        "Plan Rows": 3601,
                        "Plan Width": 50,
                        "Actual Startup Time": 8491.318,
                        "Actual Total Time": 9099.046,
                        "Actual Rows": 3016943,
                        "Actual Loops": 1,
                        "Inner Unique": false,
                        "Merge Cond": "(mi.movie_id = t.id)",
                        "Plans": [
                          {
                            "Node Type": "Sort",
                            "Parent Relationship": "Outer",
                            "Parallel Aware": false,
                            "Startup Cost": 363932.8,
                            "Total Cost": 365634.71,
                            "Plan Rows": 680764,
                            "Plan Width": 8,
                            "Actual Startup Time": 1130.733,
                            "Actual Total Time": 1157.836,
                            "Actual Rows": 716132,
                            "Actual Loops": 1,
                            "Sort Key": [
                              "mi.movie_id"
                            ],
                            "Sort Method": "quicksort",
                            "Sort Space Used": 58149,
                            "Sort Space Type": "Memory",
                            "Plans": [
                              {
                                "Node Type": "Gather",
                                "Parent Relationship": "Outer",
                                "Parallel Aware": false,
                                "Startup Cost": 1000.0,
                                "Total Cost": 297977.68,
                                "Plan Rows": 680764,
                                "Plan Width": 8,
                                "Actual Startup Time": 2.699,
                                "Actual Total Time": 917.213,
                                "Actual Rows": 716210,
                                "Actual Loops": 1,
                                "Workers Planned": 5,
                                "Workers Launched": 5,
                                "Single Copy": false,
                                "Plans": [
                                  {
                                    "Node Type": "Seq Scan",
                                    "Parent Relationship": "Outer",
                                    "Parallel Aware": true,
                                    "Relation Name": "movie_info",
                                    "Alias": "mi",
                                    "Startup Cost": 0.0,
                                    "Total Cost": 228901.28,
                                    "Plan Rows": 136153,
                                    "Plan Width": 8,
                                    "Actual Startup Time": 0.56,
                                    "Actual Total Time": 911.984,
                                    "Actual Rows": 119368,
                                    "Actual Loops": 6,
                                    "Filter": "(info = ANY ('{Sweden,Norway,Germany,Denmark,Swedish,Danish,Norwegian,German,USA,American}'::text[]))",
                                    "Rows Removed by Filter": 2353252
                                  }
                                ]
                              }
                            ]
                          },
                          {
                            "Node Type": "Sort",
                            "Parent Relationship": "Inner",
                            "Parallel Aware": false,
                            "Startup Cost": 564550.67,
                            "Total Cost": 564555.44,
                            "Plan Rows": 1909,
                            "Plan Width": 62,
                            "Actual Startup Time": 7360.559,
                            "Actual Total Time": 7498.223,
                            "Actual Rows": 3576554,
                            "Actual Loops": 1,
                            "Sort Key": [
                              "mc.movie_id"
                            ],
                            "Sort Method": "quicksort",
                            "Sort Space Used": 469264,
                            "Sort Space Type": "Memory",
                            "Plans": [
                              {
                                "Node Type": "Merge Join",
                                "Parent Relationship": "Outer",
                                "Parallel Aware": false,
                                "Join Type": "Inner",
                                "Startup Cost": 564394.13,
                                "Total Cost": 564446.64,
                                "Plan Rows": 1909,
                                "Plan Width": 62,
                                "Actual Startup Time": 6018.983,
                                "Actual Total Time": 6524.678,
                                "Actual Rows": 2808890,
                                "Actual Loops": 1,
                                "Inner Unique": false,
                                "Merge Cond": "(kt.id = t.kind_id)",
                                "Plans": [
                                  {
                                    "Node Type": "Sort",
                                    "Parent Relationship": "Outer",
                                    "Parallel Aware": false,
                                    "Startup Cost": 1.1,
                                    "Total Cost": 1.1,
                                    "Plan Rows": 2,
                                    "Plan Width": 4,
                                    "Actual Startup Time": 0.041,
                                    "Actual Total Time": 0.043,
                                    "Actual Rows": 2,
                                    "Actual Loops": 1,
                                    "Sort Key": [
                                      "kt.id"
                                    ],
                                    "Sort Method": "quicksort",
                                    "Sort Space Used": 25,
                                    "Sort Space Type": "Memory",
                                    "Plans": [
                                      {
                                        "Node Type": "Seq Scan",
                                        "Parent Relationship": "Outer",
                                        "Parallel Aware": false,
                                        "Relation Name": "kind_type",
                                        "Alias": "kt",
                                        "Startup Cost": 0.0,
                                        "Total Cost": 1.09,
                                        "Plan Rows": 2,
                                        "Plan Width": 4,
                                        "Actual Startup Time": 0.034,
                                        "Actual Total Time": 0.036,
                                        "Actual Rows": 2,
                                        "Actual Loops": 1,
                                        "Filter": "((kind)::text = ANY ('{movie,episode}'::text[]))",
                                        "Rows Removed by Filter": 5
                                      }
                                    ]
                                  },
                                  {
                                    "Node Type": "Sort",
                                    "Parent Relationship": "Inner",
                                    "Parallel Aware": false,
                                    "Startup Cost": 564393.03,
                                    "Total Cost": 564409.74,
                                    "Plan Rows": 6683,
                                    "Plan Width": 66,
                                    "Actual Startup Time": 6018.932,
                                    "Actual Total Time": 6131.152,
                                    "Actual Rows": 2962310,
                                    "Actual Loops": 1,
                                    "Sort Key": [
                                      "t.kind_id"
                                    ],
                                    "Sort Method": "quicksort",
                                    "Sort Space Used": 504835,
                                    "Sort Space Type": "Memory",
                                    "Plans": [
                                      {
                                        "Node Type": "Merge Join",
                                        "Parent Relationship": "Outer",
                                        "Parallel Aware": false,
                                        "Join Type": "Inner",
                                        "Startup Cost": 256558.24,
                                        "Total Cost": 563968.45,
                                        "Plan Rows": 6683,
                                        "Plan Width": 66,
                                        "Actual Startup Time": 2024.205,
                                        "Actual Total Time": 5075.826,
                                        "Actual Rows": 2962310,
                                        "Actual Loops": 1,
                                        "Inner Unique": false,
                                        "Merge Cond": "(t.id = mk.movie_id)",
                                        "Plans": [
                                          {
                                            "Node Type": "Merge Join",
                                            "Parent Relationship": "Outer",
                                            "Parallel Aware": false,
                                            "Join Type": "Inner",
                                            "Startup Cost": 256557.81,
                                            "Total Cost": 375675.42,
                                            "Plan Rows": 666,
                                            "Plan Width": 58,
                                            "Actual Startup Time": 2024.161,
                                            "Actual Total Time": 3530.142,
                                            "Actual Rows": 71709,
                                            "Actual Loops": 1,
                                            "Inner Unique": false,
                                            "Merge Cond": "(t.id = mi_idx.movie_id)",
                                            "Plans": [
                                              {
                                                "Node Type": "Index Scan",
                                                "Parent Relationship": "Outer",
                                                "Parallel Aware": false,
                                                "Scan Direction": "Forward",
                                                "Index Name": "title_pkey",
                                                "Relation Name": "title",
                                                "Alias": "t",
                                                "Startup Cost": 0.43,
                                                "Total Cost": 116680.33,
                                                "Plan Rows": 1022218,
                                                "Plan Width": 25,
                                                "Actual Startup Time": 0.062,
                                                "Actual Total Time": 1420.067,
                                                "Actual Rows": 1012611,
                                                "Actual Loops": 1,
                                                "Filter": "(production_year > 2005)",
                                                "Rows Removed by Filter": 1513056
                                              },
                                              {
                                                "Node Type": "Sort",
                                                "Parent Relationship": "Inner",
                                                "Parallel Aware": false,
                                                "Startup Cost": 256552.02,
                                                "Total Cost": 256556.14,
                                                "Plan Rows": 1648,
                                                "Plan Width": 33,
                                                "Actual Startup Time": 2021.531,
                                                "Actual Total Time": 2036.383,
                                                "Actual Rows": 178762,
                                                "Actual Loops": 1,
                                                "Sort Key": [
                                                  "mc.movie_id"
                                                ],
                                                "Sort Method": "quicksort",
                                                "Sort Space Used": 20410,
                                                "Sort Space Type": "Memory",
                                                "Plans": [
                                                  {
                                                    "Node Type": "Merge Join",
                                                    "Parent Relationship": "Outer",
                                                    "Parallel Aware": false,
                                                    "Join Type": "Inner",
                                                    "Startup Cost": 255516.15,
                                                    "Total Cost": 256463.96,
                                                    "Plan Rows": 1648,
                                                    "Plan Width": 33,
                                                    "Actual Startup Time": 1945.613,
                                                    "Actual Total Time": 1973.836,
                                                    "Actual Rows": 178762,
                                                    "Actual Loops": 1,
                                                    "Inner Unique": false,
                                                    "Merge Cond": "(it2.id = mi_idx.info_type_id)",
                                                    "Plans": [
                                                      {
                                                        "Node Type": "Sort",
                                                        "Parent Relationship": "Outer",
                                                        "Parallel Aware": false,
                                                        "Startup Cost": 2.42,
                                                        "Total Cost": 2.43,
                                                        "Plan Rows": 1,
                                                        "Plan Width": 4,
                                                        "Actual Startup Time": 0.039,
                                                        "Actual Total Time": 0.041,
                                                        "Actual Rows": 1,
                                                        "Actual Loops": 1,
                                                        "Sort Key": [
                                                          "it2.id"
                                                        ],
                                                        "Sort Method": "quicksort",
                                                        "Sort Space Used": 25,
                                                        "Sort Space Type": "Memory",
                                                        "Plans": [
                                                          {
                                                            "Node Type": "Seq Scan",
                                                            "Parent Relationship": "Outer",
                                                            "Parallel Aware": false,
                                                            "Relation Name": "info_type",
                                                            "Alias": "it2",
                                                            "Startup Cost": 0.0,
                                                            "Total Cost": 2.41,
                                                            "Plan Rows": 1,
                                                            "Plan Width": 4,
                                                            "Actual Startup Time": 0.018,
                                                            "Actual Total Time": 0.02,
                                                            "Actual Rows": 1,
                                                            "Actual Loops": 1,
                                                            "Filter": "((info)::text = 'rating'::text)",
                                                            "Rows Removed by Filter": 112
                                                          }
                                                        ]
                                                      },
                                                      {
                                                        "Node Type": "Sort",
                                                        "Parent Relationship": "Inner",
                                                        "Parallel Aware": false,
                                                        "Startup Cost": 255513.72,
                                                        "Total Cost": 255979.38,
                                                        "Plan Rows": 186266,
                                                        "Plan Width": 37,
                                                        "Actual Startup Time": 1900.1,
                                                        "Actual Total Time": 1928.256,
                                                        "Actual Rows": 530135,
                                                        "Actual Loops": 1,
                                                        "Sort Key": [
                                                          "mi_idx.info_type_id"
                                                        ],
                                                        "Sort Method": "quicksort",
                                                        "Sort Space Used": 72017,
                                                        "Sort Space Type": "Memory",
                                                        "Plans": [
                                                          {
                                                            "Node Type": "Merge Join",
                                                            "Parent Relationship": "Outer",
                                                            "Parallel Aware": false,
                                                            "Join Type": "Inner",
                                                            "Startup Cost": 230277.29,
                                                            "Total Cost": 239208.92,
                                                            "Plan Rows": 186266,
                                                            "Plan Width": 37,
                                                            "Actual Startup Time": 1406.915,
                                                            "Actual Total Time": 1732.234,
                                                            "Actual Rows": 532608,
                                                            "Actual Loops": 1,
                                                            "Inner Unique": false,
                                                            "Merge Cond": "(mc.movie_id = mi_idx.movie_id)",
                                                            "Plans": [
                                                              {
                                                                "Node Type": "Sort",
                                                                "Parent Relationship": "Outer",
                                                                "Parallel Aware": false,
                                                                "Startup Cost": 68562.68,
                                                                "Total Cost": 68743.76,
                                                                "Plan Rows": 72432,
                                                                "Plan Width": 23,
                                                                "Actual Startup Time": 594.782,
                                                                "Actual Total Time": 641.427,
                                                                "Actual Rows": 248388,
                                                                "Actual Loops": 1,
                                                                "Sort Key": [
                                                                  "mc.movie_id"
                                                                ],
                                                                "Sort Method": "quicksort",
                                                                "Sort Space Used": 23015,
                                                                "Sort Space Type": "Memory",
                                                                "Plans": [
                                                                  {
                                                                    "Node Type": "Gather",
                                                                    "Parent Relationship": "Outer",
                                                                    "Parallel Aware": false,
                                                                    "Startup Cost": 55122.15,
                                                                    "Total Cost": 62715.85,
                                                                    "Plan Rows": 72432,
                                                                    "Plan Width": 23,
                                                                    "Actual Startup Time": 432.656,
                                                                    "Actual Total Time": 494.709,
                                                                    "Actual Rows": 248388,
                                                                    "Actual Loops": 1,
                                                                    "Workers Planned": 3,
                                                                    "Workers Launched": 3,
                                                                    "Single Copy": false,
                                                                    "Plans": [
                                                                      {
                                                                        "Node Type": "Merge Join",
                                                                        "Parent Relationship": "Outer",
                                                                        "Parallel Aware": false,
                                                                        "Join Type": "Inner",
                                                                        "Startup Cost": 54122.15,
                                                                        "Total Cost": 54472.65,
                                                                        "Plan Rows": 23365,
                                                                        "Plan Width": 23,
                                                                        "Actual Startup Time": 396.864,
                                                                        "Actual Total Time": 415.35,
                                                                        "Actual Rows": 62097,
                                                                        "Actual Loops": 4,
                                                                        "Inner Unique": true,
                                                                        "Merge Cond": "(mc.company_type_id = ct.id)",
                                                                        "Plans": [
                                                                          {
                                                                            "Node Type": "Sort",
                                                                            "Parent Relationship": "Outer",
                                                                            "Parallel Aware": false,
                                                                            "Startup Cost": 54121.07,
                                                                            "Total Cost": 54179.49,
                                                                            "Plan Rows": 23365,
                                                                            "Plan Width": 27,
                                                                            "Actual Startup Time": 396.757,
                                                                            "Actual Total Time": 401.161,
                                                                            "Actual Rows": 62097,
                                                                            "Actual Loops": 4,
                                                                            "Sort Key": [
                                                                              "mc.company_type_id"
                                                                            ],
                                                                            "Sort Method": "quicksort",
                                                                            "Sort Space Used": 8663,
                                                                            "Sort Space Type": "Memory",
                                                                            "Workers": [
                                                                              {
                                                                                "Worker Number": 0,
                                                                                "Sort Method": "quicksort",
                                                                                "Sort Space Used": 5594,
                                                                                "Sort Space Type": "Memory"
                                                                              },
                                                                              {
                                                                                "Worker Number": 1,
                                                                                "Sort Method": "quicksort",
                                                                                "Sort Space Used": 5896,
                                                                                "Sort Space Type": "Memory"
                                                                              },
                                                                              {
                                                                                "Worker Number": 2,
                                                                                "Sort Method": "quicksort",
                                                                                "Sort Space Used": 5897,
                                                                                "Sort Space Type": "Memory"
                                                                              }
                                                                            ],
                                                                            "Plans": [
                                                                              {
                                                                                "Node Type": "Merge Join",
                                                                                "Parent Relationship": "Outer",
                                                                                "Parallel Aware": false,
                                                                                "Join Type": "Inner",
                                                                                "Startup Cost": 51352.97,
                                                                                "Total Cost": 52425.7,
                                                                                "Plan Rows": 23365,
                                                                                "Plan Width": 27,
                                                                                "Actual Startup Time": 310.392,
                                                                                "Actual Total Time": 376.561,
                                                                                "Actual Rows": 62097,
                                                                                "Actual Loops": 4,
                                                                                "Inner Unique": true,
                                                                                "Merge Cond": "(mc.company_id = cn.id)",
                                                                                "Plans": [
                                                                                  {
                                                                                    "Node Type": "Sort",
                                                                                    "Parent Relationship": "Outer",
                                                                                    "Parallel Aware": false,
                                                                                    "Startup Cost": 34788.13,
                                                                                    "Total Cost": 34897.53,
                                                                                    "Plan Rows": 43760,
                                                                                    "Plan Width": 12,
                                                                                    "Actual Startup Time": 195.256,
                                                                                    "Actual Total Time": 207.699,
                                                                                    "Actual Rows": 75818,
                                                                                    "Actual Loops": 4,
                                                                                    "Sort Key": [
                                                                                      "mc.company_id"
                                                                                    ],
                                                                                    "Sort Method": "quicksort",
                                                                                    "Sort Space Used": 7400,
                                                                                    "Sort Space Type": "Memory",
                                                                                    "Workers": [
                                                                                      {
                                                                                        "Worker Number": 0,
                                                                                        "Sort Method": "quicksort",
                                                                                        "Sort Space Used": 6238,
                                                                                        "Sort Space Type": "Memory"
                                                                                      },
                                                                                      {
                                                                                        "Worker Number": 1,
                                                                                        "Sort Method": "quicksort",
                                                                                        "Sort Space Used": 6440,
                                                                                        "Sort Space Type": "Memory"
                                                                                      },
                                                                                      {
                                                                                        "Worker Number": 2,
                                                                                        "Sort Method": "quicksort",
                                                                                        "Sort Space Used": 6427,
                                                                                        "Sort Space Type": "Memory"
                                                                                      }
                                                                                    ],
                                                                                    "Plans": [
                                                                                      {
                                                                                        "Node Type": "Seq Scan",
                                                                                        "Parent Relationship": "Outer",
                                                                                        "Parallel Aware": true,
                                                                                        "Relation Name": "movie_companies",
                                                                                        "Alias": "mc",
                                                                                        "Startup Cost": 0.0,
                                                                                        "Total Cost": 31414.82,
                                                                                        "Plan Rows": 43760,
                                                                                        "Plan Width": 12,
                                                                                        "Actual Startup Time": 0.141,
                                                                                        "Actual Total Time": 167.103,
                                                                                        "Actual Rows": 75818,
                                                                                        "Actual Loops": 4,
                                                                                        "Filter": "((note !~~ '%(USA)%'::text) AND (note ~~ '%(200%)%'::text))",
                                                                                        "Rows Removed by Filter": 576464
                                                                                      }
                                                                                    ]
                                                                                  },
                                                                                  {
                                                                                    "Node Type": "Sort",
                                                                                    "Parent Relationship": "Inner",
                                                                                    "Parallel Aware": false,
                                                                                    "Startup Cost": 16558.15,
                                                                                    "Total Cost": 16871.84,
                                                                                    "Plan Rows": 125473,
                                                                                    "Plan Width": 23,
                                                                                    "Actual Startup Time": 115.044,
                                                                                    "Actual Total Time": 137.19,
                                                                                    "Actual Rows": 95083,
                                                                                    "Actual Loops": 4,
                                                                                    "Sort Key": [
                                                                                      "cn.id"
                                                                                    ],
                                                                                    "Sort Method": "quicksort",
                                                                                    "Sort Space Used": 12078,
                                                                                    "Sort Space Type": "Memory",
                                                                                    "Workers": [
                                                                                      {
                                                                                        "Worker Number": 0,
                                                                                        "Sort Method": "quicksort",
                                                                                        "Sort Space Used": 12078,
                                                                                        "Sort Space Type": "Memory"
                                                                                      },
                                                                                      {
                                                                                        "Worker Number": 1,
                                                                                        "Sort Method": "quicksort",
                                                                                        "Sort Space Used": 12078,
                                                                                        "Sort Space Type": "Memory"
                                                                                      },
                                                                                      {
                                                                                        "Worker Number": 2,
                                                                                        "Sort Method": "quicksort",
                                                                                        "Sort Space Used": 12078,
                                                                                        "Sort Space Type": "Memory"
                                                                                      }
                                                                                    ],
                                                                                    "Plans": [
                                                                                      {
                                                                                        "Node Type": "Seq Scan",
                                                                                        "Parent Relationship": "Outer",
                                                                                        "Parallel Aware": false,
                                                                                        "Relation Name": "company_name",
                                                                                        "Alias": "cn",
                                                                                        "Startup Cost": 0.0,
                                                                                        "Total Cost": 5932.46,
                                                                                        "Plan Rows": 125473,
                                                                                        "Plan Width": 23,
                                                                                        "Actual Startup Time": 0.055,
                                                                                        "Actual Total Time": 51.987,
                                                                                        "Actual Rows": 126230,
                                                                                        "Actual Loops": 4,
                                                                                        "Filter": "((country_code)::text <> '[us]'::text)",
                                                                                        "Rows Removed by Filter": 108767
                                                                                      }
                                                                                    ]
                                                                                  }
                                                                                ]
                                                                              }
                                                                            ]
                                                                          },
                                                                          {
                                                                            "Node Type": "Sort",
                                                                            "Parent Relationship": "Inner",
                                                                            "Parallel Aware": false,
                                                                            "Startup Cost": 1.08,
                                                                            "Total Cost": 1.09,
                                                                            "Plan Rows": 4,
                                                                            "Plan Width": 4,
                                                                            "Actual Startup Time": 0.099,
                                                                            "Actual Total Time": 0.102,
                                                                            "Actual Rows": 2,
                                                                            "Actual Loops": 4,
                                                                            "Sort Key": [
                                                                              "ct.id"
                                                                            ],
                                                                            "Sort Method": "quicksort",
                                                                            "Sort Space Used": 25,
                                                                            "Sort Space Type": "Memory",
                                                                            "Workers": [
                                                                              {
                                                                                "Worker Number": 0,
                                                                                "Sort Method": "quicksort",
                                                                                "Sort Space Used": 25,
                                                                                "Sort Space Type": "Memory"
                                                                              },
                                                                              {
                                                                                "Worker Number": 1,
                                                                                "Sort Method": "quicksort",
                                                                                "Sort Space Used": 25,
                                                                                "Sort Space Type": "Memory"
                                                                              },
                                                                              {
                                                                                "Worker Number": 2,
                                                                                "Sort Method": "quicksort",
                                                                                "Sort Space Used": 25,
                                                                                "Sort Space Type": "Memory"
                                                                              }
                                                                            ],
                                                                            "Plans": [
                                                                              {
                                                                                "Node Type": "Seq Scan",
                                                                                "Parent Relationship": "Outer",
                                                                                "Parallel Aware": false,
                                                                                "Relation Name": "company_type",
                                                                                "Alias": "ct",
                                                                                "Startup Cost": 0.0,
                                                                                "Total Cost": 1.04,
                                                                                "Plan Rows": 4,
                                                                                "Plan Width": 4,
                                                                                "Actual Startup Time": 0.078,
                                                                                "Actual Total Time": 0.08,
                                                                                "Actual Rows": 4,
                                                                                "Actual Loops": 4
                                                                              }
                                                                            ]
                                                                          }
                                                                        ]
                                                                      }
                                                                    ]
                                                                  }
                                                                ]
                                                              },
                                                              {
                                                                "Node Type": "Sort",
                                                                "Parent Relationship": "Inner",
                                                                "Parallel Aware": false,
                                                                "Startup Cost": 161714.59,
                                                                "Total Cost": 165068.23,
                                                                "Plan Rows": 1341456,
                                                                "Plan Width": 14,
                                                                "Actual Startup Time": 812.103,
                                                                "Actual Total Time": 896.467,
                                                                "Actual Rows": 1640622,
                                                                "Actual Loops": 1,
                                                                "Sort Key": [
                                                                  "mi_idx.movie_id"
                                                                ],
                                                                "Sort Method": "quicksort",
                                                                "Sort Space Used": 126210,
                                                                "Sort Space Type": "Memory",
                                                                "Plans": [
                                                                  {
                                                                    "Node Type": "Seq Scan",
                                                                    "Parent Relationship": "Outer",
                                                                    "Parallel Aware": false,
                                                                    "Relation Name": "movie_info_idx",
                                                                    "Alias": "mi_idx",
                                                                    "Startup Cost": 0.0,
                                                                    "Total Cost": 25185.44,
                                                                    "Plan Rows": 1341456,
                                                                    "Plan Width": 14,
                                                                    "Actual Startup Time": 0.039,
                                                                    "Actual Total Time": 305.652,
                                                                    "Actual Rows": 1337634,
                                                                    "Actual Loops": 1,
                                                                    "Filter": "(info < '8.5'::text)",
                                                                    "Rows Removed by Filter": 42401
                                                                  }
                                                                ]
                                                              }
                                                            ]
                                                          }
                                                        ]
                                                      }
                                                    ]
                                                  }
                                                ]
                                              }
                                            ]
                                          },
                                          {
                                            "Node Type": "Index Scan",
                                            "Parent Relationship": "Inner",
                                            "Parallel Aware": false,
                                            "Scan Direction": "Forward",
                                            "Index Name": "movie_id_movie_keyword",
                                            "Relation Name": "movie_keyword",
                                            "Alias": "mk",
                                            "Startup Cost": 0.43,
                                            "Total Cost": 177148.48,
                                            "Plan Rows": 4523930,
                                            "Plan Width": 8,
                                            "Actual Startup Time": 0.018,
                                            "Actual Total Time": 930.424,
                                            "Actual Rows": 7122678,
                                            "Actual Loops": 1
                                          }
                                        ]
                                      }
                                    ]
                                  }
                                ]
                              }
                            ]
                          }
                        ]
                      }
                    ]
                  }
                ]
              }
            ]
          }
        ]
      }
    ]
  },
  "Planning Time": 45.183,
  "Triggers": [],
  "Execution Time": 10395.19
}