[
  {
    "Plan": {
      "Node Type": "Aggregate",
      "Strategy": "Plain",
      "Partial Mode": "Finalize",
      "Parallel Aware": false,
      "Startup Cost": 44300.03,
      "Total Cost": 44300.04,
      "Plan Rows": 1,
      "Plan Width": 8,
      "Actual Startup Time": 102.08,
      "Actual Total Time": 108.647,
      "Actual Rows": 1,
      "Actual Loops": 1,
      "Plans": [
        {
          "Node Type": "Gather",
          "Parent Relationship": "Outer",
          "Parallel Aware": false,
          "Startup Cost": 44299.71,
          "Total Cost": 44300.02,
          "Plan Rows": 3,
          "Plan Width": 8,
          "Actual Startup Time": 101.98,
          "Actual Total Time": 108.64,
          "Actual Rows": 4,
          "Actual Loops": 1,
          "Workers Planned": 3,
          "Workers Launched": 3,
          "Single Copy": false,
          "Plans": [
            {
              "Node Type": "Aggregate",
              "Strategy": "Plain",
              "Partial Mode": "Partial",
              "Parent Relationship": "Outer",
              "Parallel Aware": false,
              "Startup Cost": 43299.71,
              "Total Cost": 43299.72,
              "Plan Rows": 1,
              "Plan Width": 8,
              "Actual Startup Time": 95.772,
              "Actual Total Time": 95.773,
              "Actual Rows": 1,
              "Actual Loops": 4,
              "Plans": [
                {
                  "Node Type": "Seq Scan",
                  "Parent Relationship": "Outer",
                  "Parallel Aware": true,
                  "Relation Name": "movie_keyword",
                  "Alias": "mk",
                  "Startup Cost": 0.0,
                  "Total Cost": 42695.65,
                  "Plan Rows": 241622,
                  "Plan Width": 0,
                  "Actual Startup Time": 1.77,
                  "Actual Total Time": 87.051,
                  "Actual Rows": 186258,
                  "Actual Loops": 4,
                  "Filter": "(keyword_id > 25169)",
                  "Rows Removed by Filter": 944725
                }
              ]
            }
          ]
        }
      ]
    },
    "Planning Time": 0.046,
    "Triggers": [],
    "Execution Time": 108.668
  }
]