[
    {
        "Bao": {
            "Bao prediction": "NaN",
            "Bao recommended hint": "(no hint)"
        }
    },
    {
        "Plan": {
            "Node Type": "Aggregate",
            "Strategy": "Plain",
            "Partial Mode": "Finalize",
            "Parallel Aware": false,
            "Startup Cost": 350701.22,
            "Total Cost": 350701.23,
            "Plan Rows": 1,
            "Plan Width": 8,
            "Actual Startup Time": 714.761,
            "Actual Total Time": 742.925,
            "Actual Rows": 1,
            "Actual Loops": 1,
            "Output": [
                "count(*)"
            ],
            "Plans": [
                {
                    "Node Type": "Gather",
                    "Parent Relationship": "Outer",
                    "Parallel Aware": false,
                    "Startup Cost": 350700.6,
                    "Total Cost": 350701.21,
                    "Plan Rows": 6,
                    "Plan Width": 8,
                    "Actual Startup Time": 714.661,
                    "Actual Total Time": 742.915,
                    "Actual Rows": 7,
                    "Actual Loops": 1,
                    "Output": [
                        "(PARTIAL count(*))"
                    ],
                    "Workers Planned": 6,
                    "Workers Launched": 6,
                    "Single Copy": false,
                    "Plans": [
                        {
                            "Node Type": "Aggregate",
                            "Strategy": "Plain",
                            "Partial Mode": "Partial",
                            "Parent Relationship": "Outer",
                            "Parallel Aware": false,
                            "Startup Cost": 349700.6,
                            "Total Cost": 349700.61,
                            "Plan Rows": 1,
                            "Plan Width": 8,
                            "Actual Startup Time": 705.1,
                            "Actual Total Time": 705.102,
                            "Actual Rows": 1,
                            "Actual Loops": 7,
                            "Output": [
                                "PARTIAL count(*)"
                            ],
                            "Workers": [
                                {
                                    "Worker Number": 0,
                                    "Actual Startup Time": 702.932,
                                    "Actual Total Time": 702.933,
                                    "Actual Rows": 1,
                                    "Actual Loops": 1
                                },
                                {
                                    "Worker Number": 1,
                                    "Actual Startup Time": 703.273,
                                    "Actual Total Time": 703.274,
                                    "Actual Rows": 1,
                                    "Actual Loops": 1
                                },
                                {
                                    "Worker Number": 2,
                                    "Actual Startup Time": 703.46,
                                    "Actual Total Time": 703.46,
                                    "Actual Rows": 1,
                                    "Actual Loops": 1
                                },
                                {
                                    "Worker Number": 3,
                                    "Actual Startup Time": 703.796,
                                    "Actual Total Time": 703.797,
                                    "Actual Rows": 1,
                                    "Actual Loops": 1
                                },
                                {
                                    "Worker Number": 4,
                                    "Actual Startup Time": 703.67,
                                    "Actual Total Time": 703.671,
                                    "Actual Rows": 1,
                                    "Actual Loops": 1
                                },
                                {
                                    "Worker Number": 5,
                                    "Actual Startup Time": 704.352,
                                    "Actual Total Time": 704.353,
                                    "Actual Rows": 1,
                                    "Actual Loops": 1
                                }
                            ],
                            "Plans": [
                                {
                                    "Node Type": "Seq Scan",
                                    "Parent Relationship": "Outer",
                                    "Parallel Aware": true,
                                    "Relation Name": "cast_info",
                                    "Schema": "public",
                                    "Alias": "ci",
                                    "Startup Cost": 0.0,
                                    "Total Cost": 343318.94,
                                    "Plan Rows": 2552664,
                                    "Plan Width": 0,
                                    "Actual Startup Time": 187.336,
                                    "Actual Total Time": 617.308,
                                    "Actual Rows": 1922412,
                                    "Actual Loops": 7,
                                    "Output": [
                                        "id",
                                        "person_id",
                                        "movie_id",
                                        "person_role_id",
                                        "note",
                                        "nr_order",
                                        "role_id"
                                    ],
                                    "Filter": "((ci.person_id > 1605890) AND (ci.role_id < 6))",
                                    "Rows Removed by Filter": 3255351,
                                    "Workers": [
                                        {
                                            "Worker Number": 0,
                                            "Actual Startup Time": 185.157,
                                            "Actual Total Time": 614.531,
                                            "Actual Rows": 1338129,
                                            "Actual Loops": 1
                                        },
                                        {
                                            "Worker Number": 1,
                                            "Actual Startup Time": 185.519,
                                            "Actual Total Time": 617.325,
                                            "Actual Rows": 2104789,
                                            "Actual Loops": 1
                                        },
                                        {
                                            "Worker Number": 2,
                                            "Actual Startup Time": 185.686,
                                            "Actual Total Time": 617.704,
                                            "Actual Rows": 2104214,
                                            "Actual Loops": 1
                                        },
                                        {
                                            "Worker Number": 3,
                                            "Actual Startup Time": 186.042,
                                            "Actual Total Time": 618.116,
                                            "Actual Rows": 2101178,
                                            "Actual Loops": 1
                                        },
                                        {
                                            "Worker Number": 4,
                                            "Actual Startup Time": 185.916,
                                            "Actual Total Time": 618.616,
                                            "Actual Rows": 2068419,
                                            "Actual Loops": 1
                                        },
                                        {
                                            "Worker Number": 5,
                                            "Actual Startup Time": 186.59,
                                            "Actual Total Time": 618.364,
                                            "Actual Rows": 2111365,
                                            "Actual Loops": 1
                                        }
                                    ]
                                }
                            ]
                        }
                    ]
                }
            ]
        },
        "Planning Time": 317.597,
        "Triggers": [],
        "Execution Time": 742.984
    }
]