{
  "Plan": {
    "Node Type": "Aggregate",
    "Strategy": "Plain",
    "Partial Mode": "Finalize",
    "Parallel Aware": false,
    "Startup Cost": 127216.7,
    "Total Cost": 127216.71,
    "Plan Rows": 1,
    "Plan Width": 8,
    "Actual Startup Time": 559.216,
    "Actual Total Time": 576.531,
    "Actual Rows": 1,
    "Actual Loops": 1,
    "Plans": [
      {
        "Node Type": "Gather",
        "Parent Relationship": "Outer",
        "Parallel Aware": false,
        "Startup Cost": 127216.59,
        "Total Cost": 127216.7,
        "Plan Rows": 1,
        "Plan Width": 8,
        "Actual Startup Time": 557.28,
        "Actual Total Time": 576.524,
        "Actual Rows": 2,
        "Actual Loops": 1,
        "Workers Planned": 1,
        "Workers Launched": 1,
        "Single Copy": false,
        "Plans": [
          {
            "Node Type": "Aggregate",
            "Strategy": "Plain",
            "Partial Mode": "Partial",
            "Parent Relationship": "Outer",
            "Parallel Aware": false,
            "Startup Cost": 126216.59,
            "Total Cost": 126216.6,
            "Plan Rows": 1,
            "Plan Width": 8,
            "Actual Startup Time": 551.556,
            "Actual Total Time": 551.559,
            "Actual Rows": 1,
            "Actual Loops": 2,
            "Plans": [
              {
                "Node Type": "Hash Join",
                "Parent Relationship": "Outer",
                "Parallel Aware": true,
                "Join Type": "Inner",
                "Startup Cost": 65553.73,
                "Total Cost": 125419.32,
                "Plan Rows": 318910,
                "Plan Width": 0,
                "Actual Startup Time": 291.668,
                "Actual Total Time": 545.479,
                "Actual Rows": 153420,
                "Actual Loops": 2,
                "Inner Unique": true,
                "Hash Cond": "(mk.movie_id = t.id)",
                "Plans": [
                  {
                    "Node Type": "Seq Scan",
                    "Parent Relationship": "Outer",
                    "Parallel Aware": true,
                    "Relation Name": "movie_keyword",
                    "Alias": "mk",
                    "Startup Cost": 0.0,
                    "Total Cost": 57718.19,
                    "Plan Rows": 818055,
                    "Plan Width": 4,
                    "Actual Startup Time": 1.192,
                    "Actual Total Time": 161.557,
                    "Actual Rows": 697428,
                    "Actual Loops": 2,
                    "Filter": "(keyword_id > 12009)",
                    "Rows Removed by Filter": 1564536
                  },
                  {
                    "Node Type": "Hash",
                    "Parent Relationship": "Inner",
                    "Parallel Aware": true,
                    "Startup Cost": 58306.47,
                    "Total Cost": 58306.47,
                    "Plan Rows": 579781,
                    "Plan Width": 4,
                    "Actual Startup Time": 281.333,
                    "Actual Total Time": 281.334,
                    "Actual Rows": 461860,
                    "Actual Loops": 2,
                    "Hash Buckets": 1048576,
                    "Original Hash Buckets": 1048576,
                    "Hash Batches": 1,
                    "Original Hash Batches": 1,
                    "Peak Memory Usage": 44352,
                    "Plans": [
                      {
                        "Node Type": "Seq Scan",
                        "Parent Relationship": "Outer",
                        "Parallel Aware": true,
                        "Relation Name": "title",
                        "Alias": "t",
                        "Startup Cost": 0.0,
                        "Total Cost": 58306.47,
                        "Plan Rows": 579781,
                        "Plan Width": 4,
                        "Actual Startup Time": 0.034,
                        "Actual Total Time": 163.594,
                        "Actual Rows": 461860,
                        "Actual Loops": 2,
                        "Filter": "((kind_id > 1) AND (production_year < 2005))",
                        "Rows Removed by Filter": 802296
                      }
                    ]
                  }
                ]
              }
            ]
          }
        ]
      }
    ]
  },
  "Planning Time": 0.604,
  "Triggers": [],
  "Execution Time": 576.601
}