[
    {
        "Bao": {
            "Bao prediction": 1027.053,
            "Bao recommended hint": "SET enable_nestloop TO off; "
        }
    },
    {
        "Plan": {
            "Node Type": "Aggregate",
            "Strategy": "Plain",
            "Partial Mode": "Finalize",
            "Parallel Aware": false,
            "Startup Cost": 411848.63,
            "Total Cost": 411848.64,
            "Plan Rows": 1,
            "Plan Width": 8,
            "Actual Startup Time": 1270.559,
            "Actual Total Time": 1304.453,
            "Actual Rows": 1,
            "Actual Loops": 1,
            "Output": [
                "count(*)"
            ],
            "Plans": [
                {
                    "Node Type": "Gather",
                    "Parent Relationship": "Outer",
                    "Parallel Aware": false,
                    "Startup Cost": 411848.0,
                    "Total Cost": 411848.61,
                    "Plan Rows": 6,
                    "Plan Width": 8,
                    "Actual Startup Time": 1268.568,
                    "Actual Total Time": 1304.442,
                    "Actual Rows": 7,
                    "Actual Loops": 1,
                    "Output": [
                        "(PARTIAL count(*))"
                    ],
                    "Workers Planned": 6,
                    "Workers Launched": 6,
                    "Single Copy": false,
                    "Plans": [
                        {
                            "Node Type": "Aggregate",
                            "Strategy": "Plain",
                            "Partial Mode": "Partial",
                            "Parent Relationship": "Outer",
                            "Parallel Aware": false,
                            "Startup Cost": 410848.0,
                            "Total Cost": 410848.01,
                            "Plan Rows": 1,
                            "Plan Width": 8,
                            "Actual Startup Time": 1257.985,
                            "Actual Total Time": 1258.026,
                            "Actual Rows": 1,
                            "Actual Loops": 7,
                            "Output": [
                                "PARTIAL count(*)"
                            ],
                            "Workers": [
                                {
                                    "Worker Number": 0,
                                    "Actual Startup Time": 1255.971,
                                    "Actual Total Time": 1255.977,
                                    "Actual Rows": 1,
                                    "Actual Loops": 1
                                },
                                {
                                    "Worker Number": 1,
                                    "Actual Startup Time": 1256.307,
                                    "Actual Total Time": 1256.313,
                                    "Actual Rows": 1,
                                    "Actual Loops": 1
                                },
                                {
                                    "Worker Number": 2,
                                    "Actual Startup Time": 1256.135,
                                    "Actual Total Time": 1256.141,
                                    "Actual Rows": 1,
                                    "Actual Loops": 1
                                },
                                {
                                    "Worker Number": 3,
                                    "Actual Startup Time": 1256.382,
                                    "Actual Total Time": 1256.387,
                                    "Actual Rows": 1,
                                    "Actual Loops": 1
                                },
                                {
                                    "Worker Number": 4,
                                    "Actual Startup Time": 1256.548,
                                    "Actual Total Time": 1256.553,
                                    "Actual Rows": 1,
                                    "Actual Loops": 1
                                },
                                {
                                    "Worker Number": 5,
                                    "Actual Startup Time": 1256.992,
                                    "Actual Total Time": 1256.998,
                                    "Actual Rows": 1,
                                    "Actual Loops": 1
                                }
                            ],
                            "Plans": [
                                {
                                    "Node Type": "Hash Join",
                                    "Parent Relationship": "Outer",
                                    "Parallel Aware": true,
                                    "Join Type": "Inner",
                                    "Startup Cost": 69360.45,
                                    "Total Cost": 410536.01,
                                    "Plan Rows": 124797,
                                    "Plan Width": 0,
                                    "Actual Startup Time": 162.68,
                                    "Actual Total Time": 1246.864,
                                    "Actual Rows": 189846,
                                    "Actual Loops": 7,
                                    "Inner Unique": false,
                                    "Hash Cond": "(ci.movie_id = t.id)",
                                    "Workers": [
                                        {
                                            "Worker Number": 0,
                                            "Actual Startup Time": 160.661,
                                            "Actual Total Time": 1244.572,
                                            "Actual Rows": 148410,
                                            "Actual Loops": 1
                                        },
                                        {
                                            "Worker Number": 1,
                                            "Actual Startup Time": 160.879,
                                            "Actual Total Time": 1244.846,
                                            "Actual Rows": 150140,
                                            "Actual Loops": 1
                                        },
                                        {
                                            "Worker Number": 2,
                                            "Actual Startup Time": 160.858,
                                            "Actual Total Time": 1244.721,
                                            "Actual Rows": 149482,
                                            "Actual Loops": 1
                                        },
                                        {
                                            "Worker Number": 3,
                                            "Actual Startup Time": 161.128,
                                            "Actual Total Time": 1245.651,
                                            "Actual Rows": 235742,
                                            "Actual Loops": 1
                                        },
                                        {
                                            "Worker Number": 4,
                                            "Actual Startup Time": 161.221,
                                            "Actual Total Time": 1245.861,
                                            "Actual Rows": 223356,
                                            "Actual Loops": 1
                                        },
                                        {
                                            "Worker Number": 5,
                                            "Actual Startup Time": 161.736,
                                            "Actual Total Time": 1245.466,
                                            "Actual Rows": 150736,
                                            "Actual Loops": 1
                                        }
                                    ],
                                    "Plans": [
                                        {
                                            "Node Type": "Seq Scan",
                                            "Parent Relationship": "Outer",
                                            "Parallel Aware": true,
                                            "Relation Name": "cast_info",
                                            "Schema": "public",
                                            "Alias": "ci",
                                            "Startup Cost": 0.0,
                                            "Total Cost": 328213.62,
                                            "Plan Rows": 3373321,
                                            "Plan Width": 4,
                                            "Actual Startup Time": 0.027,
                                            "Actual Total Time": 695.723,
                                            "Actual Rows": 2874666,
                                            "Actual Loops": 7,
                                            "Output": [
                                                "ci.id",
                                                "ci.person_id",
                                                "ci.movie_id",
                                                "ci.person_role_id",
                                                "ci.note",
                                                "ci.nr_order",
                                                "ci.role_id"
                                            ],
                                            "Filter": "(ci.role_id < 3)",
                                            "Rows Removed by Filter": 2303098,
                                            "Workers": [
                                                {
                                                    "Worker Number": 0,
                                                    "Actual Startup Time": 0.028,
                                                    "Actual Total Time": 698.788,
                                                    "Actual Rows": 2245316,
                                                    "Actual Loops": 1
                                                },
                                                {
                                                    "Worker Number": 1,
                                                    "Actual Startup Time": 0.028,
                                                    "Actual Total Time": 700.924,
                                                    "Actual Rows": 2272108,
                                                    "Actual Loops": 1
                                                },
                                                {
                                                    "Worker Number": 2,
                                                    "Actual Startup Time": 0.03,
                                                    "Actual Total Time": 694.641,
                                                    "Actual Rows": 2248185,
                                                    "Actual Loops": 1
                                                },
                                                {
                                                    "Worker Number": 3,
                                                    "Actual Startup Time": 0.028,
                                                    "Actual Total Time": 694.855,
                                                    "Actual Rows": 3572463,
                                                    "Actual Loops": 1
                                                },
                                                {
                                                    "Worker Number": 4,
                                                    "Actual Startup Time": 0.026,
                                                    "Actual Total Time": 685.545,
                                                    "Actual Rows": 3403610,
                                                    "Actual Loops": 1
                                                },
                                                {
                                                    "Worker Number": 5,
                                                    "Actual Startup Time": 0.033,
                                                    "Actual Total Time": 699.834,
                                                    "Actual Rows": 2259959,
                                                    "Actual Loops": 1
                                                }
                                            ]
                                        },
                                        {
                                            "Node Type": "Hash",
                                            "Parent Relationship": "Inner",
                                            "Parallel Aware": true,
                                            "Startup Cost": 69068.15,
                                            "Total Cost": 69068.15,
                                            "Plan Rows": 23384,
                                            "Plan Width": 8,
                                            "Actual Startup Time": 161.35,
                                            "Actual Total Time": 161.39,
                                            "Actual Rows": 13255,
                                            "Actual Loops": 7,
                                            "Output": [
                                                "t.id",
                                                "mc.movie_id"
                                            ],
                                            "Hash Buckets": 131072,
                                            "Original Hash Buckets": 131072,
                                            "Hash Batches": 1,
                                            "Original Hash Batches": 1,
                                            "Peak Memory Usage": 4800,
                                            "Workers": [
                                                {
                                                    "Worker Number": 0,
                                                    "Actual Startup Time": 160.217,
                                                    "Actual Total Time": 160.221,
                                                    "Actual Rows": 10817,
                                                    "Actual Loops": 1
                                                },
                                                {
                                                    "Worker Number": 1,
                                                    "Actual Startup Time": 160.201,
                                                    "Actual Total Time": 160.206,
                                                    "Actual Rows": 10143,
                                                    "Actual Loops": 1
                                                },
                                                {
                                                    "Worker Number": 2,
                                                    "Actual Startup Time": 160.355,
                                                    "Actual Total Time": 160.359,
                                                    "Actual Rows": 10677,
                                                    "Actual Loops": 1
                                                },
                                                {
                                                    "Worker Number": 3,
                                                    "Actual Startup Time": 160.62,
                                                    "Actual Total Time": 160.623,
                                                    "Actual Rows": 16457,
                                                    "Actual Loops": 1
                                                },
                                                {
                                                    "Worker Number": 4,
                                                    "Actual Startup Time": 160.831,
                                                    "Actual Total Time": 160.835,
                                                    "Actual Rows": 14393,
                                                    "Actual Loops": 1
                                                },
                                                {
                                                    "Worker Number": 5,
                                                    "Actual Startup Time": 161.069,
                                                    "Actual Total Time": 161.074,
                                                    "Actual Rows": 10917,
                                                    "Actual Loops": 1
                                                }
                                            ],
                                            "Plans": [
                                                {
                                                    "Node Type": "Hash Join",
                                                    "Parent Relationship": "Outer",
                                                    "Parallel Aware": true,
                                                    "Join Type": "Inner",
                                                    "Startup Cost": 23009.91,
                                                    "Total Cost": 69068.15,
                                                    "Plan Rows": 23384,
                                                    "Plan Width": 8,
                                                    "Actual Startup Time": 121.307,
                                                    "Actual Total Time": 155.546,
                                                    "Actual Rows": 13255,
                                                    "Actual Loops": 7,
                                                    "Output": [
                                                        "t.id",
                                                        "mc.movie_id"
                                                    ],
                                                    "Inner Unique": false,
                                                    "Hash Cond": "(t.id = mc.movie_id)",
                                                    "Workers": [
                                                        {
                                                            "Worker Number": 0,
                                                            "Actual Startup Time": 121.504,
                                                            "Actual Total Time": 154.882,
                                                            "Actual Rows": 10817,
                                                            "Actual Loops": 1
                                                        },
                                                        {
                                                            "Worker Number": 1,
                                                            "Actual Startup Time": 121.628,
                                                            "Actual Total Time": 154.148,
                                                            "Actual Rows": 10143,
                                                            "Actual Loops": 1
                                                        },
                                                        {
                                                            "Worker Number": 2,
                                                            "Actual Startup Time": 121.681,
                                                            "Actual Total Time": 155.069,
                                                            "Actual Rows": 10677,
                                                            "Actual Loops": 1
                                                        },
                                                        {
                                                            "Worker Number": 3,
                                                            "Actual Startup Time": 121.911,
                                                            "Actual Total Time": 154.752,
                                                            "Actual Rows": 16457,
                                                            "Actual Loops": 1
                                                        },
                                                        {
                                                            "Worker Number": 4,
                                                            "Actual Startup Time": 122.118,
                                                            "Actual Total Time": 154.014,
                                                            "Actual Rows": 14393,
                                                            "Actual Loops": 1
                                                        },
                                                        {
                                                            "Worker Number": 5,
                                                            "Actual Startup Time": 117.217,
                                                            "Actual Total Time": 156.433,
                                                            "Actual Rows": 10917,
                                                            "Actual Loops": 1
                                                        }
                                                    ],
                                                    "Plans": [
                                                        {
                                                            "Node Type": "Seq Scan",
                                                            "Parent Relationship": "Outer",
                                                            "Parallel Aware": true,
                                                            "Relation Name": "title",
                                                            "Schema": "public",
                                                            "Alias": "t",
                                                            "Startup Cost": 0.0,
                                                            "Total Cost": 43899.01,
                                                            "Plan Rows": 416761,
                                                            "Plan Width": 4,
                                                            "Actual Startup Time": 0.022,
                                                            "Actual Total Time": 69.627,
                                                            "Actual Rows": 238756,
                                                            "Actual Loops": 7,
                                                            "Output": [
                                                                "t.id",
                                                                "t.title",
                                                                "t.imdb_index",
                                                                "t.kind_id",
                                                                "t.production_year",
                                                                "t.imdb_id",
                                                                "t.phonetic_code",
                                                                "t.episode_of_id",
                                                                "t.season_nr",
                                                                "t.episode_nr",
                                                                "t.series_years",
                                                                "t.md5sum"
                                                            ],
                                                            "Filter": "(t.production_year < 2008)",
                                                            "Rows Removed by Filter": 122431,
                                                            "Workers": [
                                                                {
                                                                    "Worker Number": 0,
                                                                    "Actual Startup Time": 0.016,
                                                                    "Actual Total Time": 71.702,
                                                                    "Actual Rows": 189221,
                                                                    "Actual Loops": 1
                                                                },
                                                                {
                                                                    "Worker Number": 1,
                                                                    "Actual Startup Time": 0.018,
                                                                    "Actual Total Time": 71.636,
                                                                    "Actual Rows": 188364,
                                                                    "Actual Loops": 1
                                                                },
                                                                {
                                                                    "Worker Number": 2,
                                                                    "Actual Startup Time": 0.026,
                                                                    "Actual Total Time": 70.427,
                                                                    "Actual Rows": 183287,
                                                                    "Actual Loops": 1
                                                                },
                                                                {
                                                                    "Worker Number": 3,
                                                                    "Actual Startup Time": 0.031,
                                                                    "Actual Total Time": 70.407,
                                                                    "Actual Rows": 282666,
                                                                    "Actual Loops": 1
                                                                },
                                                                {
                                                                    "Worker Number": 4,
                                                                    "Actual Startup Time": 0.04,
                                                                    "Actual Total Time": 68.14,
                                                                    "Actual Rows": 253737,
                                                                    "Actual Loops": 1
                                                                },
                                                                {
                                                                    "Worker Number": 5,
                                                                    "Actual Startup Time": 0.015,
                                                                    "Actual Total Time": 72.369,
                                                                    "Actual Rows": 190788,
                                                                    "Actual Loops": 1
                                                                }
                                                            ]
                                                        },
                                                        {
                                                            "Node Type": "Hash",
                                                            "Parent Relationship": "Inner",
                                                            "Parallel Aware": true,
                                                            "Startup Cost": 22437.88,
                                                            "Total Cost": 22437.88,
                                                            "Plan Rows": 45762,
                                                            "Plan Width": 4,
                                                            "Actual Startup Time": 45.967,
                                                            "Actual Total Time": 45.968,
                                                            "Actual Rows": 20654,
                                                            "Actual Loops": 7,
                                                            "Output": [
                                                                "mc.movie_id"
                                                            ],
                                                            "Hash Buckets": 262144,
                                                            "Original Hash Buckets": 262144,
                                                            "Hash Batches": 1,
                                                            "Original Hash Batches": 1,
                                                            "Peak Memory Usage": 7840,
                                                            "Workers": [
                                                                {
                                                                    "Worker Number": 0,
                                                                    "Actual Startup Time": 45.362,
                                                                    "Actual Total Time": 45.364,
                                                                    "Actual Rows": 15567,
                                                                    "Actual Loops": 1
                                                                },
                                                                {
                                                                    "Worker Number": 1,
                                                                    "Actual Startup Time": 45.53,
                                                                    "Actual Total Time": 45.532,
                                                                    "Actual Rows": 17260,
                                                                    "Actual Loops": 1
                                                                },
                                                                {
                                                                    "Worker Number": 2,
                                                                    "Actual Startup Time": 45.521,
                                                                    "Actual Total Time": 45.523,
                                                                    "Actual Rows": 15223,
                                                                    "Actual Loops": 1
                                                                },
                                                                {
                                                                    "Worker Number": 3,
                                                                    "Actual Startup Time": 45.799,
                                                                    "Actual Total Time": 45.8,
                                                                    "Actual Rows": 15853,
                                                                    "Actual Loops": 1
                                                                },
                                                                {
                                                                    "Worker Number": 4,
                                                                    "Actual Startup Time": 45.987,
                                                                    "Actual Total Time": 45.989,
                                                                    "Actual Rows": 15064,
                                                                    "Actual Loops": 1
                                                                },
                                                                {
                                                                    "Worker Number": 5,
                                                                    "Actual Startup Time": 46.363,
                                                                    "Actual Total Time": 46.365,
                                                                    "Actual Rows": 16683,
                                                                    "Actual Loops": 1
                                                                }
                                                            ],
                                                            "Plans": [
                                                                {
                                                                    "Node Type": "Bitmap Heap Scan",
                                                                    "Parent Relationship": "Outer",
                                                                    "Parallel Aware": true,
                                                                    "Relation Name": "movie_companies",
                                                                    "Schema": "public",
                                                                    "Alias": "mc",
                                                                    "Startup Cost": 3075.86,
                                                                    "Total Cost": 22437.88,
                                                                    "Plan Rows": 45762,
                                                                    "Plan Width": 4,
                                                                    "Actual Startup Time": 14.286,
                                                                    "Actual Total Time": 35.182,
                                                                    "Actual Rows": 20654,
                                                                    "Actual Loops": 7,
                                                                    "Output": [
                                                                        "mc.movie_id"
                                                                    ],
                                                                    "Recheck Cond": "(mc.company_id > 134382)",
                                                                    "Rows Removed by Index Recheck": 0,
                                                                    "Exact Heap Blocks": 1320,
                                                                    "Lossy Heap Blocks": 0,
                                                                    "Workers": [
                                                                        {
                                                                            "Worker Number": 0,
                                                                            "Actual Startup Time": 13.887,
                                                                            "Actual Total Time": 35.248,
                                                                            "Actual Rows": 15567,
                                                                            "Actual Loops": 1
                                                                        },
                                                                        {
                                                                            "Worker Number": 1,
                                                                            "Actual Startup Time": 13.939,
                                                                            "Actual Total Time": 35.492,
                                                                            "Actual Rows": 17260,
                                                                            "Actual Loops": 1
                                                                        },
                                                                        {
                                                                            "Worker Number": 2,
                                                                            "Actual Startup Time": 13.782,
                                                                            "Actual Total Time": 34.933,
                                                                            "Actual Rows": 15223,
                                                                            "Actual Loops": 1
                                                                        },
                                                                        {
                                                                            "Worker Number": 3,
                                                                            "Actual Startup Time": 14.18,
                                                                            "Actual Total Time": 34.827,
                                                                            "Actual Rows": 15853,
                                                                            "Actual Loops": 1
                                                                        },
                                                                        {
                                                                            "Worker Number": 4,
                                                                            "Actual Startup Time": 14.317,
                                                                            "Actual Total Time": 35.365,
                                                                            "Actual Rows": 15064,
                                                                            "Actual Loops": 1
                                                                        },
                                                                        {
                                                                            "Worker Number": 5,
                                                                            "Actual Startup Time": 14.598,
                                                                            "Actual Total Time": 36.603,
                                                                            "Actual Rows": 16683,
                                                                            "Actual Loops": 1
                                                                        }
                                                                    ],
                                                                    "Plans": [
                                                                        {
                                                                            "Node Type": "Bitmap Index Scan",
                                                                            "Parent Relationship": "Outer",
                                                                            "Parallel Aware": false,
                                                                            "Index Name": "company_id_movie_companies",
                                                                            "Startup Cost": 0.0,
                                                                            "Total Cost": 3040.39,
                                                                            "Plan Rows": 141862,
                                                                            "Plan Width": 0,
                                                                            "Actual Startup Time": 14.06,
                                                                            "Actual Total Time": 14.061,
                                                                            "Actual Rows": 144576,
                                                                            "Actual Loops": 1,
                                                                            "Index Cond": "(mc.company_id > 134382)"
                                                                        }
                                                                    ]
                                                                }
                                                            ]
                                                        }
                                                    ]
                                                }
                                            ]
                                        }
                                    ]
                                }
                            ]
                        }
                    ]
                }
            ]
        },
        "Planning Time": 472.013,
        "Triggers": [],
        "Execution Time": 1304.614
    }
]