[
  {
    "Plan": {
      "Node Type": "Aggregate",
      "Strategy": "Plain",
      "Partial Mode": "Finalize",
      "Parallel Aware": false,
      "Startup Cost": 75675.54,
      "Total Cost": 75675.55,
      "Plan Rows": 1,
      "Plan Width": 8,
      "Actual Startup Time": 278.432,
      "Actual Total Time": 292.588,
      "Actual Rows": 1,
      "Actual Loops": 1,
      "Plans": [
        {
          "Node Type": "Gather",
          "Parent Relationship": "Outer",
          "Parallel Aware": false,
          "Startup Cost": 75675.12,
          "Total Cost": 75675.53,
          "Plan Rows": 4,
          "Plan Width": 8,
          "Actual Startup Time": 275.466,
          "Actual Total Time": 292.579,
          "Actual Rows": 5,
          "Actual Loops": 1,
          "Workers Planned": 4,
          "Workers Launched": 4,
          "Single Copy": false,
          "Plans": [
            {
              "Node Type": "Aggregate",
              "Strategy": "Plain",
              "Partial Mode": "Partial",
              "Parent Relationship": "Outer",
              "Parallel Aware": false,
              "Startup Cost": 74675.12,
              "Total Cost": 74675.13,
              "Plan Rows": 1,
              "Plan Width": 8,
              "Actual Startup Time": 265.687,
              "Actual Total Time": 265.69,
              "Actual Rows": 1,
              "Actual Loops": 5,
              "Plans": [
                {
                  "Node Type": "Hash Join",
                  "Parent Relationship": "Outer",
                  "Parallel Aware": true,
                  "Join Type": "Inner",
                  "Startup Cost": 28718.14,
                  "Total Cost": 74466.46,
                  "Plan Rows": 83463,
                  "Plan Width": 0,
                  "Actual Startup Time": 103.503,
                  "Actual Total Time": 262.586,
                  "Actual Rows": 65803,
                  "Actual Loops": 5,
                  "Inner Unique": false,
                  "Hash Cond": "(t.id = mc.movie_id)",
                  "Plans": [
                    {
                      "Node Type": "Seq Scan",
                      "Parent Relationship": "Outer",
                      "Parallel Aware": true,
                      "Relation Name": "title",
                      "Alias": "t",
                      "Startup Cost": 0.0,
                      "Total Cost": 42318.73,
                      "Plan Rows": 632073,
                      "Plan Width": 4,
                      "Actual Startup Time": 0.011,
                      "Actual Total Time": 64.238,
                      "Actual Rows": 505662,
                      "Actual Loops": 5
                    },
                    {
                      "Node Type": "Hash",
                      "Parent Relationship": "Inner",
                      "Parallel Aware": true,
                      "Startup Cost": 27371.96,
                      "Total Cost": 27371.96,
                      "Plan Rows": 107694,
                      "Plan Width": 4,
                      "Actual Startup Time": 100.843,
                      "Actual Total Time": 100.845,
                      "Actual Rows": 65803,
                      "Actual Loops": 5,
                      "Hash Buckets": 524288,
                      "Original Hash Buckets": 524288,
                      "Hash Batches": 1,
                      "Original Hash Batches": 1,
                      "Peak Memory Usage": 17056,
                      "Plans": [
                        {
                          "Node Type": "Bitmap Heap Scan",
                          "Parent Relationship": "Outer",
                          "Parallel Aware": true,
                          "Relation Name": "movie_companies",
                          "Alias": "mc",
                          "Startup Cost": 7235.78,
                          "Total Cost": 27371.96,
                          "Plan Rows": 107694,
                          "Plan Width": 4,
                          "Actual Startup Time": 29.822,
                          "Actual Total Time": 73.44,
                          "Actual Rows": 65803,
                          "Actual Loops": 5,
                          "Recheck Cond": "(company_id < 161)",
                          "Rows Removed by Index Recheck": 0,
                          "Exact Heap Blocks": 6416,
                          "Lossy Heap Blocks": 0,
                          "Plans": [
                            {
                              "Node Type": "Bitmap Index Scan",
                              "Parent Relationship": "Outer",
                              "Parallel Aware": false,
                              "Index Name": "company_id_movie_companies",
                              "Startup Cost": 0.0,
                              "Total Cost": 7152.32,
                              "Plan Rows": 333852,
                              "Plan Width": 0,
                              "Actual Startup Time": 26.95,
                              "Actual Total Time": 26.95,
                              "Actual Rows": 329013,
                              "Actual Loops": 1,
                              "Index Cond": "(company_id < 161)"
                            }
                          ]
                        }
                      ]
                    }
                  ]
                }
              ]
            }
          ]
        }
      ]
    },
    "Planning Time": 0.657,
    "Triggers": [],
    "Execution Time": 292.68
  }
]