[
  {
    "Plan": {
      "Node Type": "Aggregate",
      "Strategy": "Plain",
      "Partial Mode": "Finalize",
      "Parallel Aware": false,
      "Startup Cost": 47093.31,
      "Total Cost": 47093.32,
      "Plan Rows": 1,
      "Plan Width": 8,
      "Actual Startup Time": 188.479,
      "Actual Total Time": 199.144,
      "Actual Rows": 1,
      "Actual Loops": 1,
      "Plans": [
        {
          "Node Type": "Gather",
          "Parent Relationship": "Outer",
          "Parallel Aware": false,
          "Startup Cost": 47092.99,
          "Total Cost": 47093.3,
          "Plan Rows": 3,
          "Plan Width": 8,
          "Actual Startup Time": 188.346,
          "Actual Total Time": 199.134,
          "Actual Rows": 4,
          "Actual Loops": 1,
          "Workers Planned": 3,
          "Workers Launched": 3,
          "Single Copy": false,
          "Plans": [
            {
              "Node Type": "Aggregate",
              "Strategy": "Plain",
              "Partial Mode": "Partial",
              "Parent Relationship": "Outer",
              "Parallel Aware": false,
              "Startup Cost": 46092.99,
              "Total Cost": 46093.0,
              "Plan Rows": 1,
              "Plan Width": 8,
              "Actual Startup Time": 181.297,
              "Actual Total Time": 181.298,
              "Actual Rows": 1,
              "Actual Loops": 4,
              "Plans": [
                {
                  "Node Type": "Seq Scan",
                  "Parent Relationship": "Outer",
                  "Parallel Aware": true,
                  "Relation Name": "movie_keyword",
                  "Alias": "mk",
                  "Startup Cost": 0.0,
                  "Total Cost": 42695.65,
                  "Plan Rows": 1358935,
                  "Plan Width": 0,
                  "Actual Startup Time": 0.053,
                  "Actual Total Time": 130.132,
                  "Actual Rows": 1054863,
                  "Actual Loops": 4,
                  "Filter": "(keyword_id < 53162)",
                  "Rows Removed by Filter": 76120
                }
              ]
            }
          ]
        }
      ]
    },
    "Planning Time": 0.179,
    "Triggers": [],
    "Execution Time": 199.199
  }
]