[
    {
        "Bao": {
            "Bao prediction": "NaN",
            "Bao recommended hint": "(no hint)"
        }
    },
    {
        "Plan": {
            "Node Type": "Aggregate",
            "Strategy": "Plain",
            "Partial Mode": "Finalize",
            "Parallel Aware": false,
            "Startup Cost": 440950.97,
            "Total Cost": 440950.98,
            "Plan Rows": 1,
            "Plan Width": 8,
            "Actual Startup Time": 1501.827,
            "Actual Total Time": 1558.469,
            "Actual Rows": 1,
            "Actual Loops": 1,
            "Output": [
                "count(*)"
            ],
            "Plans": [
                {
                    "Node Type": "Gather",
                    "Parent Relationship": "Outer",
                    "Parallel Aware": false,
                    "Startup Cost": 440950.45,
                    "Total Cost": 440950.96,
                    "Plan Rows": 5,
                    "Plan Width": 8,
                    "Actual Startup Time": 1501.718,
                    "Actual Total Time": 1558.461,
                    "Actual Rows": 6,
                    "Actual Loops": 1,
                    "Output": [
                        "(PARTIAL count(*))"
                    ],
                    "Workers Planned": 5,
                    "Workers Launched": 5,
                    "Single Copy": false,
                    "Plans": [
                        {
                            "Node Type": "Aggregate",
                            "Strategy": "Plain",
                            "Partial Mode": "Partial",
                            "Parent Relationship": "Outer",
                            "Parallel Aware": false,
                            "Startup Cost": 439950.45,
                            "Total Cost": 439950.46,
                            "Plan Rows": 1,
                            "Plan Width": 8,
                            "Actual Startup Time": 1491.421,
                            "Actual Total Time": 1491.424,
                            "Actual Rows": 1,
                            "Actual Loops": 6,
                            "Output": [
                                "PARTIAL count(*)"
                            ],
                            "Workers": [
                                {
                                    "Worker Number": 0,
                                    "Actual Startup Time": 1488.316,
                                    "Actual Total Time": 1488.319,
                                    "Actual Rows": 1,
                                    "Actual Loops": 1
                                },
                                {
                                    "Worker Number": 1,
                                    "Actual Startup Time": 1489.322,
                                    "Actual Total Time": 1489.326,
                                    "Actual Rows": 1,
                                    "Actual Loops": 1
                                },
                                {
                                    "Worker Number": 2,
                                    "Actual Startup Time": 1489.462,
                                    "Actual Total Time": 1489.465,
                                    "Actual Rows": 1,
                                    "Actual Loops": 1
                                },
                                {
                                    "Worker Number": 3,
                                    "Actual Startup Time": 1489.847,
                                    "Actual Total Time": 1489.849,
                                    "Actual Rows": 1,
                                    "Actual Loops": 1
                                },
                                {
                                    "Worker Number": 4,
                                    "Actual Startup Time": 1490.304,
                                    "Actual Total Time": 1490.306,
                                    "Actual Rows": 1,
                                    "Actual Loops": 1
                                }
                            ],
                            "Plans": [
                                {
                                    "Node Type": "Nested Loop",
                                    "Parent Relationship": "Outer",
                                    "Parallel Aware": false,
                                    "Join Type": "Inner",
                                    "Startup Cost": 45779.95,
                                    "Total Cost": 438292.84,
                                    "Plan Rows": 663044,
                                    "Plan Width": 0,
                                    "Actual Startup Time": 86.751,
                                    "Actual Total Time": 1476.011,
                                    "Actual Rows": 265394,
                                    "Actual Loops": 6,
                                    "Inner Unique": false,
                                    "Join Filter": "(t.id = ci.movie_id)",
                                    "Rows Removed by Join Filter": 0,
                                    "Workers": [
                                        {
                                            "Worker Number": 0,
                                            "Actual Startup Time": 84.004,
                                            "Actual Total Time": 1471.177,
                                            "Actual Rows": 211092,
                                            "Actual Loops": 1
                                        },
                                        {
                                            "Worker Number": 1,
                                            "Actual Startup Time": 84.759,
                                            "Actual Total Time": 1473.079,
                                            "Actual Rows": 197567,
                                            "Actual Loops": 1
                                        },
                                        {
                                            "Worker Number": 2,
                                            "Actual Startup Time": 85.032,
                                            "Actual Total Time": 1475.696,
                                            "Actual Rows": 278023,
                                            "Actual Loops": 1
                                        },
                                        {
                                            "Worker Number": 3,
                                            "Actual Startup Time": 85.14,
                                            "Actual Total Time": 1475.195,
                                            "Actual Rows": 288905,
                                            "Actual Loops": 1
                                        },
                                        {
                                            "Worker Number": 4,
                                            "Actual Startup Time": 85.544,
                                            "Actual Total Time": 1476.348,
                                            "Actual Rows": 282663,
                                            "Actual Loops": 1
                                        }
                                    ],
                                    "Plans": [
                                        {
                                            "Node Type": "Hash Join",
                                            "Parent Relationship": "Outer",
                                            "Parallel Aware": true,
                                            "Join Type": "Inner",
                                            "Startup Cost": 45779.38,
                                            "Total Cost": 245029.01,
                                            "Plan Rows": 112117,
                                            "Plan Width": 8,
                                            "Actual Startup Time": 86.541,
                                            "Actual Total Time": 669.809,
                                            "Actual Rows": 34772,
                                            "Actual Loops": 6,
                                            "Output": [
                                                "t.id",
                                                "mi.movie_id"
                                            ],
                                            "Inner Unique": true,
                                            "Hash Cond": "(mi.movie_id = t.id)",
                                            "Workers": [
                                                {
                                                    "Worker Number": 0,
                                                    "Actual Startup Time": 83.811,
                                                    "Actual Total Time": 661.474,
                                                    "Actual Rows": 26862,
                                                    "Actual Loops": 1
                                                },
                                                {
                                                    "Worker Number": 1,
                                                    "Actual Startup Time": 84.339,
                                                    "Actual Total Time": 655.783,
                                                    "Actual Rows": 24057,
                                                    "Actual Loops": 1
                                                },
                                                {
                                                    "Worker Number": 2,
                                                    "Actual Startup Time": 84.877,
                                                    "Actual Total Time": 665.834,
                                                    "Actual Rows": 35996,
                                                    "Actual Loops": 1
                                                },
                                                {
                                                    "Worker Number": 3,
                                                    "Actual Startup Time": 84.877,
                                                    "Actual Total Time": 661.491,
                                                    "Actual Rows": 38755,
                                                    "Actual Loops": 1
                                                },
                                                {
                                                    "Worker Number": 4,
                                                    "Actual Startup Time": 85.376,
                                                    "Actual Total Time": 662.017,
                                                    "Actual Rows": 36216,
                                                    "Actual Loops": 1
                                                }
                                            ],
                                            "Plans": [
                                                {
                                                    "Node Type": "Seq Scan",
                                                    "Parent Relationship": "Outer",
                                                    "Parallel Aware": true,
                                                    "Relation Name": "movie_info",
                                                    "Schema": "public",
                                                    "Alias": "mi",
                                                    "Startup Cost": 0.0,
                                                    "Total Cost": 191503.19,
                                                    "Plan Rows": 2951019,
                                                    "Plan Width": 4,
                                                    "Actual Startup Time": 0.024,
                                                    "Actual Total Time": 271.96,
                                                    "Actual Rows": 2472620,
                                                    "Actual Loops": 6,
                                                    "Output": [
                                                        "mi.id",
                                                        "mi.movie_id",
                                                        "mi.info_type_id",
                                                        "mi.info",
                                                        "mi.note"
                                                    ],
                                                    "Workers": [
                                                        {
                                                            "Worker Number": 0,
                                                            "Actual Startup Time": 0.034,
                                                            "Actual Total Time": 273.887,
                                                            "Actual Rows": 1784611,
                                                            "Actual Loops": 1
                                                        },
                                                        {
                                                            "Worker Number": 1,
                                                            "Actual Startup Time": 0.033,
                                                            "Actual Total Time": 273.589,
                                                            "Actual Rows": 1701293,
                                                            "Actual Loops": 1
                                                        },
                                                        {
                                                            "Worker Number": 2,
                                                            "Actual Startup Time": 0.023,
                                                            "Actual Total Time": 281.075,
                                                            "Actual Rows": 2668977,
                                                            "Actual Loops": 1
                                                        },
                                                        {
                                                            "Worker Number": 3,
                                                            "Actual Startup Time": 0.026,
                                                            "Actual Total Time": 268.28,
                                                            "Actual Rows": 2666779,
                                                            "Actual Loops": 1
                                                        },
                                                        {
                                                            "Worker Number": 4,
                                                            "Actual Startup Time": 0.024,
                                                            "Actual Total Time": 278.04,
                                                            "Actual Rows": 2617547,
                                                            "Actual Loops": 1
                                                        }
                                                    ]
                                                },
                                                {
                                                    "Node Type": "Hash",
                                                    "Parent Relationship": "Inner",
                                                    "Parallel Aware": true,
                                                    "Startup Cost": 45479.21,
                                                    "Total Cost": 45479.21,
                                                    "Plan Rows": 24014,
                                                    "Plan Width": 4,
                                                    "Actual Startup Time": 85.135,
                                                    "Actual Total Time": 85.136,
                                                    "Actual Rows": 17708,
                                                    "Actual Loops": 6,
                                                    "Output": [
                                                        "t.id"
                                                    ],
                                                    "Hash Buckets": 131072,
                                                    "Original Hash Buckets": 131072,
                                                    "Hash Batches": 1,
                                                    "Original Hash Batches": 1,
                                                    "Peak Memory Usage": 5248,
                                                    "Workers": [
                                                        {
                                                            "Worker Number": 0,
                                                            "Actual Startup Time": 82.453,
                                                            "Actual Total Time": 82.454,
                                                            "Actual Rows": 12214,
                                                            "Actual Loops": 1
                                                        },
                                                        {
                                                            "Worker Number": 1,
                                                            "Actual Startup Time": 83.298,
                                                            "Actual Total Time": 83.299,
                                                            "Actual Rows": 12070,
                                                            "Actual Loops": 1
                                                        },
                                                        {
                                                            "Worker Number": 2,
                                                            "Actual Startup Time": 83.701,
                                                            "Actual Total Time": 83.702,
                                                            "Actual Rows": 16404,
                                                            "Actual Loops": 1
                                                        },
                                                        {
                                                            "Worker Number": 3,
                                                            "Actual Startup Time": 83.646,
                                                            "Actual Total Time": 83.647,
                                                            "Actual Rows": 14897,
                                                            "Actual Loops": 1
                                                        },
                                                        {
                                                            "Worker Number": 4,
                                                            "Actual Startup Time": 84.085,
                                                            "Actual Total Time": 84.086,
                                                            "Actual Rows": 16337,
                                                            "Actual Loops": 1
                                                        }
                                                    ],
                                                    "Plans": [
                                                        {
                                                            "Node Type": "Seq Scan",
                                                            "Parent Relationship": "Outer",
                                                            "Parallel Aware": true,
                                                            "Relation Name": "title",
                                                            "Schema": "public",
                                                            "Alias": "t",
                                                            "Startup Cost": 0.0,
                                                            "Total Cost": 45479.21,
                                                            "Plan Rows": 24014,
                                                            "Plan Width": 4,
                                                            "Actual Startup Time": 0.04,
                                                            "Actual Total Time": 76.489,
                                                            "Actual Rows": 17708,
                                                            "Actual Loops": 6,
                                                            "Output": [
                                                                "t.id"
                                                            ],
                                                            "Filter": "((t.kind_id = 7) AND (t.production_year = 2011))",
                                                            "Rows Removed by Filter": 403678,
                                                            "Workers": [
                                                                {
                                                                    "Worker Number": 0,
                                                                    "Actual Startup Time": 0.039,
                                                                    "Actual Total Time": 75.222,
                                                                    "Actual Rows": 12214,
                                                                    "Actual Loops": 1
                                                                },
                                                                {
                                                                    "Worker Number": 1,
                                                                    "Actual Startup Time": 0.04,
                                                                    "Actual Total Time": 75.27,
                                                                    "Actual Rows": 12070,
                                                                    "Actual Loops": 1
                                                                },
                                                                {
                                                                    "Worker Number": 2,
                                                                    "Actual Startup Time": 0.045,
                                                                    "Actual Total Time": 75.965,
                                                                    "Actual Rows": 16404,
                                                                    "Actual Loops": 1
                                                                },
                                                                {
                                                                    "Worker Number": 3,
                                                                    "Actual Startup Time": 0.055,
                                                                    "Actual Total Time": 75.707,
                                                                    "Actual Rows": 14897,
                                                                    "Actual Loops": 1
                                                                },
                                                                {
                                                                    "Worker Number": 4,
                                                                    "Actual Startup Time": 0.043,
                                                                    "Actual Total Time": 75.082,
                                                                    "Actual Rows": 16337,
                                                                    "Actual Loops": 1
                                                                }
                                                            ]
                                                        }
                                                    ]
                                                }
                                            ]
                                        },
                                        {
                                            "Node Type": "Index Scan",
                                            "Parent Relationship": "Inner",
                                            "Parallel Aware": false,
                                            "Scan Direction": "Forward",
                                            "Index Name": "movie_id_cast_info",
                                            "Relation Name": "cast_info",
                                            "Schema": "public",
                                            "Alias": "ci",
                                            "Startup Cost": 0.56,
                                            "Total Cost": 1.52,
                                            "Plan Rows": 16,
                                            "Plan Width": 4,
                                            "Actual Startup Time": 0.01,
                                            "Actual Total Time": 0.022,
                                            "Actual Rows": 8,
                                            "Actual Loops": 208630,
                                            "Output": [
                                                "ci.id",
                                                "ci.person_id",
                                                "ci.movie_id",
                                                "ci.person_role_id",
                                                "ci.note",
                                                "ci.nr_order",
                                                "ci.role_id"
                                            ],
                                            "Index Cond": "(ci.movie_id = mi.movie_id)",
                                            "Rows Removed by Index Recheck": 0,
                                            "Filter": "((ci.person_id < 2344239) AND (ci.role_id > 1))",
                                            "Rows Removed by Filter": 19,
                                            "Workers": [
                                                {
                                                    "Worker Number": 0,
                                                    "Actual Startup Time": 0.013,
                                                    "Actual Total Time": 0.029,
                                                    "Actual Rows": 8,
                                                    "Actual Loops": 26862
                                                },
                                                {
                                                    "Worker Number": 1,
                                                    "Actual Startup Time": 0.014,
                                                    "Actual Total Time": 0.032,
                                                    "Actual Rows": 8,
                                                    "Actual Loops": 24057
                                                },
                                                {
                                                    "Worker Number": 2,
                                                    "Actual Startup Time": 0.01,
                                                    "Actual Total Time": 0.022,
                                                    "Actual Rows": 8,
                                                    "Actual Loops": 35996
                                                },
                                                {
                                                    "Worker Number": 3,
                                                    "Actual Startup Time": 0.009,
                                                    "Actual Total Time": 0.02,
                                                    "Actual Rows": 7,
                                                    "Actual Loops": 38755
                                                },
                                                {
                                                    "Worker Number": 4,
                                                    "Actual Startup Time": 0.01,
                                                    "Actual Total Time": 0.022,
                                                    "Actual Rows": 8,
                                                    "Actual Loops": 36216
                                                }
                                            ]
                                        }
                                    ]
                                }
                            ]
                        }
                    ]
                }
            ]
        },
        "Planning Time": 190.703,
        "Triggers": [],
        "Execution Time": 1558.578
    }
]