[
  {
    "Plan": {
      "Node Type": "Aggregate",
      "Strategy": "Plain",
      "Partial Mode": "Finalize",
      "Parallel Aware": false,
      "Startup Cost": 271264.91,
      "Total Cost": 271264.92,
      "Plan Rows": 1,
      "Plan Width": 8,
      "Actual Startup Time": 89.872,
      "Actual Total Time": 94.016,
      "Actual Rows": 1,
      "Actual Loops": 1,
      "Plans": [
        {
          "Node Type": "Gather",
          "Parent Relationship": "Outer",
          "Parallel Aware": false,
          "Startup Cost": 271264.29,
          "Total Cost": 271264.9,
          "Plan Rows": 6,
          "Plan Width": 8,
          "Actual Startup Time": 89.519,
          "Actual Total Time": 94.009,
          "Actual Rows": 7,
          "Actual Loops": 1,
          "Workers Planned": 6,
          "Workers Launched": 6,
          "Single Copy": false,
          "Plans": [
            {
              "Node Type": "Aggregate",
              "Strategy": "Plain",
              "Partial Mode": "Partial",
              "Parent Relationship": "Outer",
              "Parallel Aware": false,
              "Startup Cost": 270264.29,
              "Total Cost": 270264.3,
              "Plan Rows": 1,
              "Plan Width": 8,
              "Actual Startup Time": 79.977,
              "Actual Total Time": 79.978,
              "Actual Rows": 1,
              "Actual Loops": 7,
              "Plans": [
                {
                  "Node Type": "Bitmap Heap Scan",
                  "Parent Relationship": "Outer",
                  "Parallel Aware": true,
                  "Relation Name": "cast_info",
                  "Alias": "ci",
                  "Startup Cost": 15659.43,
                  "Total Cost": 270129.83,
                  "Plan Rows": 53783,
                  "Plan Width": 0,
                  "Actual Startup Time": 65.523,
                  "Actual Total Time": 78.37,
                  "Actual Rows": 25215,
                  "Actual Loops": 7,
                  "Recheck Cond": "(person_id < 73597)",
                  "Rows Removed by Index Recheck": 0,
                  "Filter": "(role_id > 2)",
                  "Rows Removed by Filter": 73072,
                  "Exact Heap Blocks": 2893,
                  "Lossy Heap Blocks": 0,
                  "Plans": [
                    {
                      "Node Type": "Bitmap Index Scan",
                      "Parent Relationship": "Outer",
                      "Parallel Aware": false,
                      "Index Name": "person_id_cast_info",
                      "Startup Cost": 0.0,
                      "Total Cost": 15578.76,
                      "Plan Rows": 713359,
                      "Plan Width": 0,
                      "Actual Startup Time": 47.466,
                      "Actual Total Time": 47.467,
                      "Actual Rows": 688011,
                      "Actual Loops": 1,
                      "Index Cond": "(person_id < 73597)"
                    }
                  ]
                }
              ]
            }
          ]
        }
      ]
    },
    "Planning Time": 0.222,
    "Triggers": [],
    "Execution Time": 94.09
  }
]