[
  {
    "Plan": {
      "Node Type": "Aggregate",
      "Strategy": "Plain",
      "Partial Mode": "Finalize",
      "Parallel Aware": false,
      "Startup Cost": 32731.42,
      "Total Cost": 32731.43,
      "Plan Rows": 1,
      "Plan Width": 8,
      "Actual Startup Time": 91.795,
      "Actual Total Time": 98.617,
      "Actual Rows": 1,
      "Actual Loops": 1,
      "Plans": [
        {
          "Node Type": "Gather",
          "Parent Relationship": "Outer",
          "Parallel Aware": false,
          "Startup Cost": 32731.11,
          "Total Cost": 32731.42,
          "Plan Rows": 3,
          "Plan Width": 8,
          "Actual Startup Time": 91.649,
          "Actual Total Time": 98.609,
          "Actual Rows": 4,
          "Actual Loops": 1,
          "Workers Planned": 3,
          "Workers Launched": 3,
          "Single Copy": false,
          "Plans": [
            {
              "Node Type": "Aggregate",
              "Strategy": "Plain",
              "Partial Mode": "Partial",
              "Parent Relationship": "Outer",
              "Parallel Aware": false,
              "Startup Cost": 31731.11,
              "Total Cost": 31731.12,
              "Plan Rows": 1,
              "Plan Width": 8,
              "Actual Startup Time": 82.915,
              "Actual Total Time": 82.916,
              "Actual Rows": 1,
              "Actual Loops": 4,
              "Plans": [
                {
                  "Node Type": "Seq Scan",
                  "Parent Relationship": "Outer",
                  "Parallel Aware": true,
                  "Relation Name": "movie_companies",
                  "Alias": "mc",
                  "Startup Cost": 0.0,
                  "Total Cost": 31414.82,
                  "Plan Rows": 126515,
                  "Plan Width": 0,
                  "Actual Startup Time": 0.063,
                  "Actual Total Time": 72.485,
                  "Actual Rows": 142249,
                  "Actual Loops": 4,
                  "Filter": "((company_id < 1763) AND (company_type_id = 1))",
                  "Rows Removed by Filter": 510033
                }
              ]
            }
          ]
        }
      ]
    },
    "Planning Time": 0.221,
    "Triggers": [],
    "Execution Time": 98.674
  }
]