[
  {
    "Plan": {
      "Node Type": "Aggregate",
      "Strategy": "Plain",
      "Partial Mode": "Finalize",
      "Parallel Aware": false,
      "Startup Cost": 46049.75,
      "Total Cost": 46049.76,
      "Plan Rows": 1,
      "Plan Width": 8,
      "Actual Startup Time": 173.0,
      "Actual Total Time": 180.845,
      "Actual Rows": 1,
      "Actual Loops": 1,
      "Plans": [
        {
          "Node Type": "Gather",
          "Parent Relationship": "Outer",
          "Parallel Aware": false,
          "Startup Cost": 46049.43,
          "Total Cost": 46049.74,
          "Plan Rows": 3,
          "Plan Width": 8,
          "Actual Startup Time": 172.754,
          "Actual Total Time": 180.835,
          "Actual Rows": 4,
          "Actual Loops": 1,
          "Workers Planned": 3,
          "Workers Launched": 3,
          "Single Copy": false,
          "Plans": [
            {
              "Node Type": "Aggregate",
              "Strategy": "Plain",
              "Partial Mode": "Partial",
              "Parent Relationship": "Outer",
              "Parallel Aware": false,
              "Startup Cost": 45049.43,
              "Total Cost": 45049.44,
              "Plan Rows": 1,
              "Plan Width": 8,
              "Actual Startup Time": 164.092,
              "Actual Total Time": 164.093,
              "Actual Rows": 1,
              "Actual Loops": 4,
              "Plans": [
                {
                  "Node Type": "Seq Scan",
                  "Parent Relationship": "Outer",
                  "Parallel Aware": true,
                  "Relation Name": "movie_keyword",
                  "Alias": "mk",
                  "Startup Cost": 0.0,
                  "Total Cost": 42695.65,
                  "Plan Rows": 941510,
                  "Plan Width": 0,
                  "Actual Startup Time": 0.396,
                  "Actual Total Time": 126.8,
                  "Actual Rows": 730785,
                  "Actual Loops": 4,
                  "Filter": "(keyword_id > 2479)",
                  "Rows Removed by Filter": 400197
                }
              ]
            }
          ]
        }
      ]
    },
    "Planning Time": 0.187,
    "Triggers": [],
    "Execution Time": 180.902
  }
]