[
  {
    "Plan": {
      "Node Type": "Aggregate",
      "Strategy": "Plain",
      "Partial Mode": "Finalize",
      "Parallel Aware": false,
      "Startup Cost": 46063.4,
      "Total Cost": 46063.41,
      "Plan Rows": 1,
      "Plan Width": 8,
      "Actual Startup Time": 155.471,
      "Actual Total Time": 164.405,
      "Actual Rows": 1,
      "Actual Loops": 1,
      "Plans": [
        {
          "Node Type": "Gather",
          "Parent Relationship": "Outer",
          "Parallel Aware": false,
          "Startup Cost": 46063.08,
          "Total Cost": 46063.39,
          "Plan Rows": 3,
          "Plan Width": 8,
          "Actual Startup Time": 155.375,
          "Actual Total Time": 164.397,
          "Actual Rows": 4,
          "Actual Loops": 1,
          "Workers Planned": 3,
          "Workers Launched": 3,
          "Single Copy": false,
          "Plans": [
            {
              "Node Type": "Aggregate",
              "Strategy": "Plain",
              "Partial Mode": "Partial",
              "Parent Relationship": "Outer",
              "Parallel Aware": false,
              "Startup Cost": 45063.08,
              "Total Cost": 45063.09,
              "Plan Rows": 1,
              "Plan Width": 8,
              "Actual Startup Time": 150.176,
              "Actual Total Time": 150.177,
              "Actual Rows": 1,
              "Actual Loops": 4,
              "Plans": [
                {
                  "Node Type": "Seq Scan",
                  "Parent Relationship": "Outer",
                  "Parallel Aware": true,
                  "Relation Name": "movie_keyword",
                  "Alias": "mk",
                  "Startup Cost": 0.0,
                  "Total Cost": 42695.65,
                  "Plan Rows": 946970,
                  "Plan Width": 0,
                  "Actual Startup Time": 0.381,
                  "Actual Total Time": 118.031,
                  "Actual Rows": 730785,
                  "Actual Loops": 4,
                  "Filter": "(keyword_id > 2479)",
                  "Rows Removed by Filter": 400197
                }
              ]
            }
          ]
        }
      ]
    },
    "Planning Time": 0.176,
    "Triggers": [],
    "Execution Time": 164.487
  }
]