[
    {
        "Bao": {
            "Bao prediction": "NaN",
            "Bao recommended hint": "(no hint)"
        }
    },
    {
        "Plan": {
            "Node Type": "Aggregate",
            "Strategy": "Plain",
            "Partial Mode": "Finalize",
            "Parallel Aware": false,
            "Startup Cost": 246686.87,
            "Total Cost": 246686.88,
            "Plan Rows": 1,
            "Plan Width": 8,
            "Actual Startup Time": 407.286,
            "Actual Total Time": 429.92,
            "Actual Rows": 1,
            "Actual Loops": 1,
            "Output": [
                "count(*)"
            ],
            "Plans": [
                {
                    "Node Type": "Gather",
                    "Parent Relationship": "Outer",
                    "Parallel Aware": false,
                    "Startup Cost": 246686.35,
                    "Total Cost": 246686.86,
                    "Plan Rows": 5,
                    "Plan Width": 8,
                    "Actual Startup Time": 406.837,
                    "Actual Total Time": 429.909,
                    "Actual Rows": 6,
                    "Actual Loops": 1,
                    "Output": [
                        "(PARTIAL count(*))"
                    ],
                    "Workers Planned": 5,
                    "Workers Launched": 5,
                    "Single Copy": false,
                    "Plans": [
                        {
                            "Node Type": "Aggregate",
                            "Strategy": "Plain",
                            "Partial Mode": "Partial",
                            "Parent Relationship": "Outer",
                            "Parallel Aware": false,
                            "Startup Cost": 245686.35,
                            "Total Cost": 245686.36,
                            "Plan Rows": 1,
                            "Plan Width": 8,
                            "Actual Startup Time": 397.623,
                            "Actual Total Time": 397.626,
                            "Actual Rows": 1,
                            "Actual Loops": 6,
                            "Output": [
                                "PARTIAL count(*)"
                            ],
                            "Workers": [
                                {
                                    "Worker Number": 0,
                                    "Actual Startup Time": 394.597,
                                    "Actual Total Time": 394.6,
                                    "Actual Rows": 1,
                                    "Actual Loops": 1
                                },
                                {
                                    "Worker Number": 1,
                                    "Actual Startup Time": 398.511,
                                    "Actual Total Time": 398.514,
                                    "Actual Rows": 1,
                                    "Actual Loops": 1
                                },
                                {
                                    "Worker Number": 2,
                                    "Actual Startup Time": 395.316,
                                    "Actual Total Time": 395.319,
                                    "Actual Rows": 1,
                                    "Actual Loops": 1
                                },
                                {
                                    "Worker Number": 3,
                                    "Actual Startup Time": 395.315,
                                    "Actual Total Time": 395.317,
                                    "Actual Rows": 1,
                                    "Actual Loops": 1
                                },
                                {
                                    "Worker Number": 4,
                                    "Actual Startup Time": 396.043,
                                    "Actual Total Time": 396.046,
                                    "Actual Rows": 1,
                                    "Actual Loops": 1
                                }
                            ],
                            "Plans": [
                                {
                                    "Node Type": "Hash Join",
                                    "Parent Relationship": "Outer",
                                    "Parallel Aware": true,
                                    "Join Type": "Inner",
                                    "Startup Cost": 45616.35,
                                    "Total Cost": 245667.01,
                                    "Plan Rows": 7736,
                                    "Plan Width": 0,
                                    "Actual Startup Time": 103.14,
                                    "Actual Total Time": 396.928,
                                    "Actual Rows": 11014,
                                    "Actual Loops": 6,
                                    "Inner Unique": true,
                                    "Hash Cond": "(mi.movie_id = t.id)",
                                    "Workers": [
                                        {
                                            "Worker Number": 0,
                                            "Actual Startup Time": 100.114,
                                            "Actual Total Time": 393.906,
                                            "Actual Rows": 10947,
                                            "Actual Loops": 1
                                        },
                                        {
                                            "Worker Number": 1,
                                            "Actual Startup Time": 104.021,
                                            "Actual Total Time": 397.84,
                                            "Actual Rows": 10896,
                                            "Actual Loops": 1
                                        },
                                        {
                                            "Worker Number": 2,
                                            "Actual Startup Time": 100.842,
                                            "Actual Total Time": 394.595,
                                            "Actual Rows": 10132,
                                            "Actual Loops": 1
                                        },
                                        {
                                            "Worker Number": 3,
                                            "Actual Startup Time": 100.821,
                                            "Actual Total Time": 394.642,
                                            "Actual Rows": 10772,
                                            "Actual Loops": 1
                                        },
                                        {
                                            "Worker Number": 4,
                                            "Actual Startup Time": 101.53,
                                            "Actual Total Time": 395.351,
                                            "Actual Rows": 6609,
                                            "Actual Loops": 1
                                        }
                                    ],
                                    "Plans": [
                                        {
                                            "Node Type": "Seq Scan",
                                            "Parent Relationship": "Outer",
                                            "Parallel Aware": true,
                                            "Relation Name": "movie_info",
                                            "Schema": "public",
                                            "Alias": "mi",
                                            "Startup Cost": 0.0,
                                            "Total Cost": 198880.74,
                                            "Plan Rows": 445687,
                                            "Plan Width": 4,
                                            "Actual Startup Time": 14.202,
                                            "Actual Total Time": 282.519,
                                            "Actual Rows": 372308,
                                            "Actual Loops": 6,
                                            "Output": [
                                                "mi.id",
                                                "mi.movie_id",
                                                "mi.info_type_id",
                                                "mi.info",
                                                "mi.note"
                                            ],
                                            "Filter": "(mi.info_type_id > 16)",
                                            "Rows Removed by Filter": 2100312,
                                            "Workers": [
                                                {
                                                    "Worker Number": 0,
                                                    "Actual Startup Time": 14.213,
                                                    "Actual Total Time": 284.168,
                                                    "Actual Rows": 365364,
                                                    "Actual Loops": 1
                                                },
                                                {
                                                    "Worker Number": 1,
                                                    "Actual Startup Time": 14.189,
                                                    "Actual Total Time": 284.718,
                                                    "Actual Rows": 356197,
                                                    "Actual Loops": 1
                                                },
                                                {
                                                    "Worker Number": 2,
                                                    "Actual Startup Time": 14.194,
                                                    "Actual Total Time": 283.848,
                                                    "Actual Rows": 354009,
                                                    "Actual Loops": 1
                                                },
                                                {
                                                    "Worker Number": 3,
                                                    "Actual Startup Time": 14.205,
                                                    "Actual Total Time": 284.375,
                                                    "Actual Rows": 369329,
                                                    "Actual Loops": 1
                                                },
                                                {
                                                    "Worker Number": 4,
                                                    "Actual Startup Time": 14.182,
                                                    "Actual Total Time": 284.125,
                                                    "Actual Rows": 234139,
                                                    "Actual Loops": 1
                                                }
                                            ]
                                        },
                                        {
                                            "Node Type": "Hash",
                                            "Parent Relationship": "Inner",
                                            "Parallel Aware": true,
                                            "Startup Cost": 45479.21,
                                            "Total Cost": 45479.21,
                                            "Plan Rows": 10971,
                                            "Plan Width": 4,
                                            "Actual Startup Time": 78.272,
                                            "Actual Total Time": 78.273,
                                            "Actual Rows": 6593,
                                            "Actual Loops": 6,
                                            "Output": [
                                                "t.id"
                                            ],
                                            "Hash Buckets": 65536,
                                            "Original Hash Buckets": 65536,
                                            "Hash Batches": 1,
                                            "Original Hash Batches": 1,
                                            "Peak Memory Usage": 2144,
                                            "Workers": [
                                                {
                                                    "Worker Number": 0,
                                                    "Actual Startup Time": 75.806,
                                                    "Actual Total Time": 75.807,
                                                    "Actual Rows": 6409,
                                                    "Actual Loops": 1
                                                },
                                                {
                                                    "Worker Number": 1,
                                                    "Actual Startup Time": 79.948,
                                                    "Actual Total Time": 79.949,
                                                    "Actual Rows": 5957,
                                                    "Actual Loops": 1
                                                },
                                                {
                                                    "Worker Number": 2,
                                                    "Actual Startup Time": 76.404,
                                                    "Actual Total Time": 76.405,
                                                    "Actual Rows": 6388,
                                                    "Actual Loops": 1
                                                },
                                                {
                                                    "Worker Number": 3,
                                                    "Actual Startup Time": 76.406,
                                                    "Actual Total Time": 76.407,
                                                    "Actual Rows": 6481,
                                                    "Actual Loops": 1
                                                },
                                                {
                                                    "Worker Number": 4,
                                                    "Actual Startup Time": 77.215,
                                                    "Actual Total Time": 77.216,
                                                    "Actual Rows": 4166,
                                                    "Actual Loops": 1
                                                }
                                            ],
                                            "Plans": [
                                                {
                                                    "Node Type": "Seq Scan",
                                                    "Parent Relationship": "Outer",
                                                    "Parallel Aware": true,
                                                    "Relation Name": "title",
                                                    "Schema": "public",
                                                    "Alias": "t",
                                                    "Startup Cost": 0.0,
                                                    "Total Cost": 45479.21,
                                                    "Plan Rows": 10971,
                                                    "Plan Width": 4,
                                                    "Actual Startup Time": 42.591,
                                                    "Actual Total Time": 75.767,
                                                    "Actual Rows": 6593,
                                                    "Actual Loops": 6,
                                                    "Output": [
                                                        "t.id"
                                                    ],
                                                    "Filter": "((t.kind_id = 1) AND (t.production_year = 2012))",
                                                    "Rows Removed by Filter": 414792,
                                                    "Workers": [
                                                        {
                                                            "Worker Number": 0,
                                                            "Actual Startup Time": 47.291,
                                                            "Actual Total Time": 73.623,
                                                            "Actual Rows": 6409,
                                                            "Actual Loops": 1
                                                        },
                                                        {
                                                            "Worker Number": 1,
                                                            "Actual Startup Time": 6.45,
                                                            "Actual Total Time": 77.568,
                                                            "Actual Rows": 5957,
                                                            "Actual Loops": 1
                                                        },
                                                        {
                                                            "Worker Number": 2,
                                                            "Actual Startup Time": 46.789,
                                                            "Actual Total Time": 74.203,
                                                            "Actual Rows": 6388,
                                                            "Actual Loops": 1
                                                        },
                                                        {
                                                            "Worker Number": 3,
                                                            "Actual Startup Time": 48.723,
                                                            "Actual Total Time": 73.887,
                                                            "Actual Rows": 6481,
                                                            "Actual Loops": 1
                                                        },
                                                        {
                                                            "Worker Number": 4,
                                                            "Actual Startup Time": 52.132,
                                                            "Actual Total Time": 74.85,
                                                            "Actual Rows": 4166,
                                                            "Actual Loops": 1
                                                        }
                                                    ]
                                                }
                                            ]
                                        }
                                    ]
                                }
                            ]
                        }
                    ]
                }
            ]
        },
        "Planning Time": 196.949,
        "Triggers": [],
        "Execution Time": 430.017
    }
]