[
  {
    "Plan": {
      "Node Type": "Aggregate",
      "Strategy": "Plain",
      "Partial Mode": "Finalize",
      "Parallel Aware": false,
      "Startup Cost": 46996.86,
      "Total Cost": 46996.87,
      "Plan Rows": 1,
      "Plan Width": 8,
      "Actual Startup Time": 163.878,
      "Actual Total Time": 172.757,
      "Actual Rows": 1,
      "Actual Loops": 1,
      "Plans": [
        {
          "Node Type": "Gather",
          "Parent Relationship": "Outer",
          "Parallel Aware": false,
          "Startup Cost": 46996.54,
          "Total Cost": 46996.85,
          "Plan Rows": 3,
          "Plan Width": 8,
          "Actual Startup Time": 163.751,
          "Actual Total Time": 172.75,
          "Actual Rows": 4,
          "Actual Loops": 1,
          "Workers Planned": 3,
          "Workers Launched": 3,
          "Single Copy": false,
          "Plans": [
            {
              "Node Type": "Aggregate",
              "Strategy": "Plain",
              "Partial Mode": "Partial",
              "Parent Relationship": "Outer",
              "Parallel Aware": false,
              "Startup Cost": 45996.54,
              "Total Cost": 45996.55,
              "Plan Rows": 1,
              "Plan Width": 8,
              "Actual Startup Time": 157.072,
              "Actual Total Time": 157.073,
              "Actual Rows": 1,
              "Actual Loops": 4,
              "Plans": [
                {
                  "Node Type": "Seq Scan",
                  "Parent Relationship": "Outer",
                  "Parallel Aware": true,
                  "Relation Name": "movie_keyword",
                  "Alias": "mk",
                  "Startup Cost": 0.0,
                  "Total Cost": 42695.65,
                  "Plan Rows": 1320356,
                  "Plan Width": 0,
                  "Actual Startup Time": 0.048,
                  "Actual Total Time": 114.468,
                  "Actual Rows": 1024414,
                  "Actual Loops": 4,
                  "Filter": "(keyword_id < 41040)",
                  "Rows Removed by Filter": 106568
                }
              ]
            }
          ]
        }
      ]
    },
    "Planning Time": 0.079,
    "Triggers": [],
    "Execution Time": 172.782
  }
]