[
  {
    "Plan": {
      "Node Type": "Aggregate",
      "Strategy": "Plain",
      "Partial Mode": "Finalize",
      "Parallel Aware": false,
      "Startup Cost": 471491.15,
      "Total Cost": 471491.16,
      "Plan Rows": 1,
      "Plan Width": 8,
      "Actual Startup Time": 2095.758,
      "Actual Total Time": 2155.445,
      "Actual Rows": 1,
      "Actual Loops": 1,
      "Plans": [
        {
          "Node Type": "Gather",
          "Parent Relationship": "Outer",
          "Parallel Aware": false,
          "Startup Cost": 471490.52,
          "Total Cost": 471491.13,
          "Plan Rows": 6,
          "Plan Width": 8,
          "Actual Startup Time": 2083.091,
          "Actual Total Time": 2155.434,
          "Actual Rows": 7,
          "Actual Loops": 1,
          "Workers Planned": 6,
          "Workers Launched": 6,
          "Single Copy": false,
          "Plans": [
            {
              "Node Type": "Aggregate",
              "Strategy": "Plain",
              "Partial Mode": "Partial",
              "Parent Relationship": "Outer",
              "Parallel Aware": false,
              "Startup Cost": 470490.52,
              "Total Cost": 470490.53,
              "Plan Rows": 1,
              "Plan Width": 8,
              "Actual Startup Time": 2066.262,
              "Actual Total Time": 2066.524,
              "Actual Rows": 1,
              "Actual Loops": 7,
              "Plans": [
                {
                  "Node Type": "Hash Join",
                  "Parent Relationship": "Outer",
                  "Parallel Aware": true,
                  "Join Type": "Inner",
                  "Startup Cost": 100599.77,
                  "Total Cost": 462108.01,
                  "Plan Rows": 3353006,
                  "Plan Width": 0,
                  "Actual Startup Time": 365.01,
                  "Actual Total Time": 1973.021,
                  "Actual Rows": 1963693,
                  "Actual Loops": 7,
                  "Inner Unique": false,
                  "Hash Cond": "(ci.movie_id = t.id)",
                  "Plans": [
                    {
                      "Node Type": "Seq Scan",
                      "Parent Relationship": "Outer",
                      "Parallel Aware": true,
                      "Relation Name": "cast_info",
                      "Alias": "ci",
                      "Startup Cost": 0.0,
                      "Total Cost": 328211.39,
                      "Plan Rows": 5994852,
                      "Plan Width": 4,
                      "Actual Startup Time": 4.562,
                      "Actual Total Time": 682.821,
                      "Actual Rows": 5135548,
                      "Actual Loops": 7,
                      "Filter": "(person_id > 34437)",
                      "Rows Removed by Filter": 42215
                    },
                    {
                      "Node Type": "Hash",
                      "Parent Relationship": "Inner",
                      "Parallel Aware": true,
                      "Startup Cost": 94897.42,
                      "Total Cost": 94897.42,
                      "Plan Rows": 456188,
                      "Plan Width": 8,
                      "Actual Startup Time": 355.641,
                      "Actual Total Time": 355.901,
                      "Actual Rows": 57941,
                      "Actual Loops": 7,
                      "Hash Buckets": 2097152,
                      "Original Hash Buckets": 2097152,
                      "Hash Batches": 1,
                      "Original Hash Batches": 1,
                      "Peak Memory Usage": 32416,
                      "Plans": [
                        {
                          "Node Type": "Hash Join",
                          "Parent Relationship": "Outer",
                          "Parallel Aware": true,
                          "Join Type": "Inner",
                          "Startup Cost": 50195.36,
                          "Total Cost": 94897.42,
                          "Plan Rows": 456188,
                          "Plan Width": 8,
                          "Actual Startup Time": 208.137,
                          "Actual Total Time": 326.711,
                          "Actual Rows": 57941,
                          "Actual Loops": 7,
                          "Inner Unique": true,
                          "Hash Cond": "(mk.movie_id = t.id)",
                          "Plans": [
                            {
                              "Node Type": "Seq Scan",
                              "Parent Relationship": "Outer",
                              "Parallel Aware": true,
                              "Relation Name": "movie_keyword",
                              "Alias": "mk",
                              "Startup Cost": 0.0,
                              "Total Cost": 42695.65,
                              "Plan Rows": 764346,
                              "Plan Width": 4,
                              "Actual Startup Time": 0.189,
                              "Actual Total Time": 70.437,
                              "Actual Rows": 336598,
                              "Actual Loops": 7,
                              "Filter": "(keyword_id > 4192)",
                              "Rows Removed by Filter": 309678
                            },
                            {
                              "Node Type": "Hash",
                              "Parent Relationship": "Inner",
                              "Parallel Aware": true,
                              "Startup Cost": 45479.59,
                              "Total Cost": 45479.59,
                              "Plan Rows": 377262,
                              "Plan Width": 4,
                              "Actual Startup Time": 205.587,
                              "Actual Total Time": 205.589,
                              "Actual Rows": 212982,
                              "Actual Loops": 7,
                              "Hash Buckets": 2097152,
                              "Original Hash Buckets": 2097152,
                              "Hash Batches": 1,
                              "Original Hash Batches": 1,
                              "Peak Memory Usage": 74784,
                              "Plans": [
                                {
                                  "Node Type": "Seq Scan",
                                  "Parent Relationship": "Outer",
                                  "Parallel Aware": true,
                                  "Relation Name": "title",
                                  "Alias": "t",
                                  "Startup Cost": 0.0,
                                  "Total Cost": 45479.59,
                                  "Plan Rows": 377262,
                                  "Plan Width": 4,
                                  "Actual Startup Time": 0.06,
                                  "Actual Total Time": 86.528,
                                  "Actual Rows": 212982,
                                  "Actual Loops": 7,
                                  "Filter": "((kind_id > 4) AND (production_year > 1897))",
                                  "Rows Removed by Filter": 148205
                                }
                              ]
                            }
                          ]
                        }
                      ]
                    }
                  ]
                }
              ]
            }
          ]
        }
      ]
    },
    "Planning Time": 1.397,
    "Triggers": [],
    "Execution Time": 2155.545
  }
]