[
  {
    "Plan": {
      "Node Type": "Aggregate",
      "Strategy": "Plain",
      "Partial Mode": "Finalize",
      "Parallel Aware": false,
      "Startup Cost": 90572.94,
      "Total Cost": 90572.95,
      "Plan Rows": 1,
      "Plan Width": 8,
      "Actual Startup Time": 216.242,
      "Actual Total Time": 234.139,
      "Actual Rows": 1,
      "Actual Loops": 1,
      "Plans": [
        {
          "Node Type": "Gather",
          "Parent Relationship": "Outer",
          "Parallel Aware": false,
          "Startup Cost": 90572.62,
          "Total Cost": 90572.93,
          "Plan Rows": 3,
          "Plan Width": 8,
          "Actual Startup Time": 215.934,
          "Actual Total Time": 234.13,
          "Actual Rows": 4,
          "Actual Loops": 1,
          "Workers Planned": 3,
          "Workers Launched": 3,
          "Single Copy": false,
          "Plans": [
            {
              "Node Type": "Aggregate",
              "Strategy": "Plain",
              "Partial Mode": "Partial",
              "Parent Relationship": "Outer",
              "Parallel Aware": false,
              "Startup Cost": 89572.62,
              "Total Cost": 89572.63,
              "Plan Rows": 1,
              "Plan Width": 8,
              "Actual Startup Time": 208.965,
              "Actual Total Time": 208.968,
              "Actual Rows": 1,
              "Actual Loops": 4,
              "Plans": [
                {
                  "Node Type": "Hash Join",
                  "Parent Relationship": "Outer",
                  "Parallel Aware": true,
                  "Join Type": "Inner",
                  "Startup Cost": 45578.22,
                  "Total Cost": 89557.36,
                  "Plan Rows": 6104,
                  "Plan Width": 0,
                  "Actual Startup Time": 91.894,
                  "Actual Total Time": 208.89,
                  "Actual Rows": 1436,
                  "Actual Loops": 4,
                  "Inner Unique": true,
                  "Hash Cond": "(mk.movie_id = t.id)",
                  "Plans": [
                    {
                      "Node Type": "Seq Scan",
                      "Parent Relationship": "Outer",
                      "Parallel Aware": true,
                      "Relation Name": "movie_keyword",
                      "Alias": "mk",
                      "Startup Cost": 0.0,
                      "Total Cost": 42695.65,
                      "Plan Rows": 488945,
                      "Plan Width": 4,
                      "Actual Startup Time": 0.678,
                      "Actual Total Time": 90.066,
                      "Actual Rows": 375713,
                      "Actual Loops": 4,
                      "Filter": "(keyword_id > 10781)",
                      "Rows Removed by Filter": 755269
                    },
                    {
                      "Node Type": "Hash",
                      "Parent Relationship": "Inner",
                      "Parallel Aware": true,
                      "Startup Cost": 45479.59,
                      "Total Cost": 45479.59,
                      "Plan Rows": 7891,
                      "Plan Width": 4,
                      "Actual Startup Time": 90.19,
                      "Actual Total Time": 90.191,
                      "Actual Rows": 8116,
                      "Actual Loops": 4,
                      "Hash Buckets": 32768,
                      "Original Hash Buckets": 32768,
                      "Hash Batches": 1,
                      "Original Hash Batches": 1,
                      "Peak Memory Usage": 1600,
                      "Plans": [
                        {
                          "Node Type": "Seq Scan",
                          "Parent Relationship": "Outer",
                          "Parallel Aware": true,
                          "Relation Name": "title",
                          "Alias": "t",
                          "Startup Cost": 0.0,
                          "Total Cost": 45479.59,
                          "Plan Rows": 7891,
                          "Plan Width": 4,
                          "Actual Startup Time": 0.053,
                          "Actual Total Time": 86.897,
                          "Actual Rows": 8116,
                          "Actual Loops": 4,
                          "Filter": "((kind_id > 4) AND (production_year = 1998))",
                          "Rows Removed by Filter": 623962
                        }
                      ]
                    }
                  ]
                }
              ]
            }
          ]
        }
      ]
    },
    "Planning Time": 0.57,
    "Triggers": [],
    "Execution Time": 234.202
  }
]