[
  {
    "Plan": {
      "Node Type": "Aggregate",
      "Strategy": "Plain",
      "Partial Mode": "Finalize",
      "Parallel Aware": false,
      "Startup Cost": 95312.69,
      "Total Cost": 95312.7,
      "Plan Rows": 1,
      "Plan Width": 8,
      "Actual Startup Time": 486.243,
      "Actual Total Time": 527.767,
      "Actual Rows": 1,
      "Actual Loops": 1,
      "Plans": [
        {
          "Node Type": "Gather",
          "Parent Relationship": "Outer",
          "Parallel Aware": false,
          "Startup Cost": 95312.27,
          "Total Cost": 95312.68,
          "Plan Rows": 4,
          "Plan Width": 8,
          "Actual Startup Time": 485.378,
          "Actual Total Time": 527.757,
          "Actual Rows": 5,
          "Actual Loops": 1,
          "Workers Planned": 4,
          "Workers Launched": 4,
          "Single Copy": false,
          "Plans": [
            {
              "Node Type": "Aggregate",
              "Strategy": "Plain",
              "Partial Mode": "Partial",
              "Parent Relationship": "Outer",
              "Parallel Aware": false,
              "Startup Cost": 94312.27,
              "Total Cost": 94312.28,
              "Plan Rows": 1,
              "Plan Width": 8,
              "Actual Startup Time": 474.552,
              "Actual Total Time": 474.602,
              "Actual Rows": 1,
              "Actual Loops": 5,
              "Plans": [
                {
                  "Node Type": "Nested Loop",
                  "Parent Relationship": "Outer",
                  "Parallel Aware": false,
                  "Join Type": "Inner",
                  "Startup Cost": 22513.5,
                  "Total Cost": 94304.54,
                  "Plan Rows": 3092,
                  "Plan Width": 0,
                  "Actual Startup Time": 58.578,
                  "Actual Total Time": 473.778,
                  "Actual Rows": 11655,
                  "Actual Loops": 5,
                  "Inner Unique": false,
                  "Plans": [
                    {
                      "Node Type": "Hash Join",
                      "Parent Relationship": "Outer",
                      "Parallel Aware": true,
                      "Join Type": "Inner",
                      "Startup Cost": 22513.07,
                      "Total Cost": 68044.22,
                      "Plan Rows": 16140,
                      "Plan Width": 8,
                      "Actual Startup Time": 57.289,
                      "Actual Total Time": 209.924,
                      "Actual Rows": 22253,
                      "Actual Loops": 5,
                      "Inner Unique": false,
                      "Hash Cond": "(t.id = mc.movie_id)",
                      "Plans": [
                        {
                          "Node Type": "Seq Scan",
                          "Parent Relationship": "Outer",
                          "Parallel Aware": true,
                          "Relation Name": "title",
                          "Alias": "t",
                          "Startup Cost": 0.0,
                          "Total Cost": 42318.73,
                          "Plan Rows": 632073,
                          "Plan Width": 4,
                          "Actual Startup Time": 0.013,
                          "Actual Total Time": 62.477,
                          "Actual Rows": 505662,
                          "Actual Loops": 5
                        },
                        {
                          "Node Type": "Hash",
                          "Parent Relationship": "Inner",
                          "Parallel Aware": true,
                          "Startup Cost": 22252.75,
                          "Total Cost": 22252.75,
                          "Plan Rows": 20825,
                          "Plan Width": 4,
                          "Actual Startup Time": 55.982,
                          "Actual Total Time": 55.984,
                          "Actual Rows": 22253,
                          "Actual Loops": 5,
                          "Hash Buckets": 131072,
                          "Original Hash Buckets": 65536,
                          "Hash Batches": 1,
                          "Original Hash Batches": 1,
                          "Peak Memory Usage": 5952,
                          "Plans": [
                            {
                              "Node Type": "Bitmap Heap Scan",
                              "Parent Relationship": "Outer",
                              "Parallel Aware": true,
                              "Relation Name": "movie_companies",
                              "Alias": "mc",
                              "Startup Cost": 2828.17,
                              "Total Cost": 22252.75,
                              "Plan Rows": 20825,
                              "Plan Width": 4,
                              "Actual Startup Time": 11.887,
                              "Actual Total Time": 40.633,
                              "Actual Rows": 22253,
                              "Actual Loops": 5,
                              "Recheck Cond": "(company_id < 27)",
                              "Rows Removed by Index Recheck": 0,
                              "Filter": "(company_type_id < 2)",
                              "Rows Removed by Filter": 4708,
                              "Exact Heap Blocks": 5658,
                              "Lossy Heap Blocks": 0,
                              "Plans": [
                                {
                                  "Node Type": "Bitmap Index Scan",
                                  "Parent Relationship": "Outer",
                                  "Parallel Aware": false,
                                  "Index Name": "company_id_movie_companies",
                                  "Startup Cost": 0.0,
                                  "Total Cost": 2812.03,
                                  "Plan Rows": 131147,
                                  "Plan Width": 0,
                                  "Actual Startup Time": 15.301,
                                  "Actual Total Time": 15.301,
                                  "Actual Rows": 134807,
                                  "Actual Loops": 1,
                                  "Index Cond": "(company_id < 27)"
                                }
                              ]
                            }
                          ]
                        }
                      ]
                    },
                    {
                      "Node Type": "Index Scan",
                      "Parent Relationship": "Inner",
                      "Parallel Aware": false,
                      "Scan Direction": "Forward",
                      "Index Name": "movie_id_movie_info",
                      "Relation Name": "movie_info",
                      "Alias": "mi",
                      "Startup Cost": 0.43,
                      "Total Cost": 1.62,
                      "Plan Rows": 1,
                      "Plan Width": 4,
                      "Actual Startup Time": 0.011,
                      "Actual Total Time": 0.012,
                      "Actual Rows": 1,
                      "Actual Loops": 111266,
                      "Index Cond": "(movie_id = t.id)",
                      "Rows Removed by Index Recheck": 0,
                      "Filter": "(info_type_id = 5)",
                      "Rows Removed by Filter": 12
                    }
                  ]
                }
              ]
            }
          ]
        }
      ]
    },
    "Planning Time": 1.563,
    "Triggers": [],
    "Execution Time": 527.895
  }
]