[
  {
    "Plan": {
      "Node Type": "Aggregate",
      "Strategy": "Plain",
      "Partial Mode": "Finalize",
      "Parallel Aware": false,
      "Startup Cost": 44922.2,
      "Total Cost": 44922.21,
      "Plan Rows": 1,
      "Plan Width": 8,
      "Actual Startup Time": 111.062,
      "Actual Total Time": 131.078,
      "Actual Rows": 1,
      "Actual Loops": 1,
      "Plans": [
        {
          "Node Type": "Gather",
          "Parent Relationship": "Outer",
          "Parallel Aware": false,
          "Startup Cost": 44921.78,
          "Total Cost": 44922.19,
          "Plan Rows": 4,
          "Plan Width": 8,
          "Actual Startup Time": 110.887,
          "Actual Total Time": 131.067,
          "Actual Rows": 5,
          "Actual Loops": 1,
          "Workers Planned": 4,
          "Workers Launched": 4,
          "Single Copy": false,
          "Plans": [
            {
              "Node Type": "Aggregate",
              "Strategy": "Plain",
              "Partial Mode": "Partial",
              "Parent Relationship": "Outer",
              "Parallel Aware": false,
              "Startup Cost": 43921.78,
              "Total Cost": 43921.79,
              "Plan Rows": 1,
              "Plan Width": 8,
              "Actual Startup Time": 103.282,
              "Actual Total Time": 103.284,
              "Actual Rows": 1,
              "Actual Loops": 5,
              "Plans": [
                {
                  "Node Type": "Seq Scan",
                  "Parent Relationship": "Outer",
                  "Parallel Aware": true,
                  "Relation Name": "title",
                  "Alias": "t",
                  "Startup Cost": 0.0,
                  "Total Cost": 43898.92,
                  "Plan Rows": 9144,
                  "Plan Width": 0,
                  "Actual Startup Time": 0.069,
                  "Actual Total Time": 102.191,
                  "Actual Rows": 7302,
                  "Actual Loops": 5,
                  "Filter": "(production_year = 1996)",
                  "Rows Removed by Filter": 498361
                }
              ]
            }
          ]
        }
      ]
    },
    "Planning Time": 0.134,
    "Triggers": [],
    "Execution Time": 131.13
  }
]