{
  "Plan": {
    "Node Type": "Aggregate",
    "Strategy": "Plain",
    "Partial Mode": "Finalize",
    "Parallel Aware": false,
    "Startup Cost": 163837.89,
    "Total Cost": 163837.9,
    "Plan Rows": 1,
    "Plan Width": 8,
    "Actual Startup Time": 622.982,
    "Actual Total Time": 644.594,
    "Actual Rows": 1,
    "Actual Loops": 1,
    "Plans": [
      {
        "Node Type": "Gather",
        "Parent Relationship": "Outer",
        "Parallel Aware": false,
        "Startup Cost": 163837.78,
        "Total Cost": 163837.89,
        "Plan Rows": 1,
        "Plan Width": 8,
        "Actual Startup Time": 621.966,
        "Actual Total Time": 644.587,
        "Actual Rows": 2,
        "Actual Loops": 1,
        "Workers Planned": 1,
        "Workers Launched": 1,
        "Single Copy": false,
        "Plans": [
          {
            "Node Type": "Aggregate",
            "Strategy": "Plain",
            "Partial Mode": "Partial",
            "Parent Relationship": "Outer",
            "Parallel Aware": false,
            "Startup Cost": 162837.78,
            "Total Cost": 162837.79,
            "Plan Rows": 1,
            "Plan Width": 8,
            "Actual Startup Time": 615.757,
            "Actual Total Time": 615.762,
            "Actual Rows": 1,
            "Actual Loops": 2,
            "Plans": [
              {
                "Node Type": "Hash Join",
                "Parent Relationship": "Outer",
                "Parallel Aware": true,
                "Join Type": "Inner",
                "Startup Cost": 121544.8,
                "Total Cost": 162719.68,
                "Plan Rows": 47240,
                "Plan Width": 0,
                "Actual Startup Time": 482.102,
                "Actual Total Time": 609.434,
                "Actual Rows": 158660,
                "Actual Loops": 2,
                "Inner Unique": false,
                "Hash Cond": "(mc.movie_id = t.id)",
                "Plans": [
                  {
                    "Node Type": "Seq Scan",
                    "Parent Relationship": "Outer",
                    "Parallel Aware": true,
                    "Relation Name": "movie_companies",
                    "Alias": "mc",
                    "Startup Cost": 0.0,
                    "Total Cost": 37974.77,
                    "Plan Rows": 779260,
                    "Plan Width": 4,
                    "Actual Startup Time": 45.497,
                    "Actual Total Time": 107.944,
                    "Actual Rows": 667442,
                    "Actual Loops": 2,
                    "Filter": "(company_type_id = 2)",
                    "Rows Removed by Filter": 637123
                  },
                  {
                    "Node Type": "Hash",
                    "Parent Relationship": "Inner",
                    "Parallel Aware": true,
                    "Startup Cost": 120417.82,
                    "Total Cost": 120417.82,
                    "Plan Rows": 90159,
                    "Plan Width": 8,
                    "Actual Startup Time": 432.677,
                    "Actual Total Time": 432.681,
                    "Actual Rows": 67245,
                    "Actual Loops": 2,
                    "Hash Buckets": 262144,
                    "Original Hash Buckets": 262144,
                    "Hash Batches": 1,
                    "Original Hash Batches": 1,
                    "Peak Memory Usage": 7328,
                    "Plans": [
                      {
                        "Node Type": "Hash Join",
                        "Parent Relationship": "Outer",
                        "Parallel Aware": true,
                        "Join Type": "Inner",
                        "Startup Cost": 59850.94,
                        "Total Cost": 120417.82,
                        "Plan Rows": 90159,
                        "Plan Width": 8,
                        "Actual Startup Time": 163.225,
                        "Actual Total Time": 419.656,
                        "Actual Rows": 67245,
                        "Actual Loops": 2,
                        "Inner Unique": true,
                        "Hash Cond": "(mk.movie_id = t.id)",
                        "Plans": [
                          {
                            "Node Type": "Seq Scan",
                            "Parent Relationship": "Outer",
                            "Parallel Aware": true,
                            "Relation Name": "movie_keyword",
                            "Alias": "mk",
                            "Startup Cost": 0.0,
                            "Total Cost": 57718.19,
                            "Plan Rows": 1085212,
                            "Plan Width": 4,
                            "Actual Startup Time": 0.014,
                            "Actual Total Time": 172.767,
                            "Actual Rows": 925236,
                            "Actual Loops": 2,
                            "Filter": "(keyword_id < 3081)",
                            "Rows Removed by Filter": 1336728
                          },
                          {
                            "Node Type": "Hash",
                            "Parent Relationship": "Inner",
                            "Parallel Aware": true,
                            "Startup Cost": 58306.47,
                            "Total Cost": 58306.47,
                            "Plan Rows": 123558,
                            "Plan Width": 4,
                            "Actual Startup Time": 161.042,
                            "Actual Total Time": 161.043,
                            "Actual Rows": 91918,
                            "Actual Loops": 2,
                            "Hash Buckets": 262144,
                            "Original Hash Buckets": 262144,
                            "Hash Batches": 1,
                            "Original Hash Batches": 1,
                            "Peak Memory Usage": 9280,
                            "Plans": [
                              {
                                "Node Type": "Seq Scan",
                                "Parent Relationship": "Outer",
                                "Parallel Aware": true,
                                "Relation Name": "title",
                                "Alias": "t",
                                "Startup Cost": 0.0,
                                "Total Cost": 58306.47,
                                "Plan Rows": 123558,
                                "Plan Width": 4,
                                "Actual Startup Time": 0.049,
                                "Actual Total Time": 139.413,
                                "Actual Rows": 91918,
                                "Actual Loops": 2,
                                "Filter": "((kind_id < 7) AND (production_year > 2009))",
                                "Rows Removed by Filter": 1172238
                              }
                            ]
                          }
                        ]
                      }
                    ]
                  }
                ]
              }
            ]
          }
        ]
      }
    ]
  },
  "Planning Time": 1.034,
  "Triggers": [],
  "Execution Time": 644.675
}