{
  "Plan": {
    "Node Type": "Aggregate",
    "Strategy": "Plain",
    "Partial Mode": "Simple",
    "Parallel Aware": false,
    "Startup Cost": 528101.3,
    "Total Cost": 528101.31,
    "Plan Rows": 1,
    "Plan Width": 32,
    "Actual Startup Time": 16826.676,
    "Actual Total Time": 16826.999,
    "Actual Rows": 1,
    "Actual Loops": 1,
    "Plans": [
      {
        "Node Type": "Nested Loop",
        "Parent Relationship": "Outer",
        "Parallel Aware": false,
        "Join Type": "Inner",
        "Startup Cost": 402625.25,
        "Total Cost": 528101.3,
        "Plan Rows": 1,
        "Plan Width": 17,
        "Actual Startup Time": 16826.672,
        "Actual Total Time": 16826.994,
        "Actual Rows": 0,
        "Actual Loops": 1,
        "Inner Unique": false,
        "Join Filter": "(cc.status_id = cct2.id)",
        "Rows Removed by Join Filter": 0,
        "Plans": [
          {
            "Node Type": "Seq Scan",
            "Parent Relationship": "Outer",
            "Parallel Aware": false,
            "Relation Name": "comp_cast_type",
            "Alias": "cct2",
            "Startup Cost": 0.0,
            "Total Cost": 1.05,
            "Plan Rows": 1,
            "Plan Width": 4,
            "Actual Startup Time": 0.011,
            "Actual Total Time": 0.015,
            "Actual Rows": 2,
            "Actual Loops": 1,
            "Filter": "((kind)::text ~~ '%complete%'::text)",
            "Rows Removed by Filter": 2
          },
          {
            "Node Type": "Nested Loop",
            "Parent Relationship": "Inner",
            "Parallel Aware": false,
            "Join Type": "Inner",
            "Startup Cost": 402625.25,
            "Total Cost": 528100.24,
            "Plan Rows": 1,
            "Plan Width": 21,
            "Actual Startup Time": 8413.325,
            "Actual Total Time": 8413.486,
            "Actual Rows": 0,
            "Actual Loops": 2,
            "Inner Unique": false,
            "Join Filter": "(t.kind_id = kt.id)",
            "Rows Removed by Join Filter": 0,
            "Plans": [
              {
                "Node Type": "Seq Scan",
                "Parent Relationship": "Outer",
                "Parallel Aware": false,
                "Relation Name": "kind_type",
                "Alias": "kt",
                "Startup Cost": 0.0,
                "Total Cost": 1.09,
                "Plan Rows": 1,
                "Plan Width": 4,
                "Actual Startup Time": 0.004,
                "Actual Total Time": 0.005,
                "Actual Rows": 1,
                "Actual Loops": 2,
                "Filter": "((kind)::text = 'movie'::text)",
                "Rows Removed by Filter": 6
              },
              {
                "Node Type": "Nested Loop",
                "Parent Relationship": "Inner",
                "Parallel Aware": false,
                "Join Type": "Inner",
                "Startup Cost": 402625.25,
                "Total Cost": 528099.14,
                "Plan Rows": 1,
                "Plan Width": 25,
                "Actual Startup Time": 8413.318,
                "Actual Total Time": 8413.479,
                "Actual Rows": 0,
                "Actual Loops": 2,
                "Inner Unique": false,
                "Join Filter": "(mk.keyword_id = k.id)",
                "Rows Removed by Join Filter": 0,
                "Plans": [
                  {
                    "Node Type": "Seq Scan",
                    "Parent Relationship": "Outer",
                    "Parallel Aware": false,
                    "Relation Name": "keyword",
                    "Alias": "k",
                    "Startup Cost": 0.0,
                    "Total Cost": 3632.4,
                    "Plan Rows": 8,
                    "Plan Width": 4,
                    "Actual Startup Time": 0.117,
                    "Actual Total Time": 19.908,
                    "Actual Rows": 8,
                    "Actual Loops": 2,
                    "Filter": "(keyword = ANY ('{superhero,sequel,second-part,marvel-comics,based-on-comic,tv-special,fight,violence}'::text[]))",
                    "Rows Removed by Filter": 134162
                  },
                  {
                    "Node Type": "Materialize",
                    "Parent Relationship": "Inner",
                    "Parallel Aware": false,
                    "Startup Cost": 402625.25,
                    "Total Cost": 524466.62,
                    "Plan Rows": 1,
                    "Plan Width": 29,
                    "Actual Startup Time": 1049.176,
                    "Actual Total Time": 1049.196,
                    "Actual Rows": 0,
                    "Actual Loops": 16,
                    "Plans": [
                      {
                        "Node Type": "Nested Loop",
                        "Parent Relationship": "Outer",
                        "Parallel Aware": false,
                        "Join Type": "Inner",
                        "Startup Cost": 402625.25,
                        "Total Cost": 524466.62,
                        "Plan Rows": 1,
                        "Plan Width": 29,
                        "Actual Startup Time": 16786.807,
                        "Actual Total Time": 16787.127,
                        "Actual Rows": 0,
                        "Actual Loops": 1,
                        "Inner Unique": false,
                        "Join Filter": "(cc.subject_id = cct1.id)",
                        "Rows Removed by Join Filter": 0,
                        "Plans": [
                          {
                            "Node Type": "Seq Scan",
                            "Parent Relationship": "Outer",
                            "Parallel Aware": false,
                            "Relation Name": "comp_cast_type",
                            "Alias": "cct1",
                            "Startup Cost": 0.0,
                            "Total Cost": 1.05,
                            "Plan Rows": 1,
                            "Plan Width": 4,
                            "Actual Startup Time": 0.005,
                            "Actual Total Time": 0.008,
                            "Actual Rows": 1,
                            "Actual Loops": 1,
                            "Filter": "((kind)::text = 'cast'::text)",
                            "Rows Removed by Filter": 3
                          },
                          {
                            "Node Type": "Nested Loop",
                            "Parent Relationship": "Inner",
                            "Parallel Aware": false,
                            "Join Type": "Inner",
                            "Startup Cost": 402625.25,
                            "Total Cost": 524465.55,
                            "Plan Rows": 1,
                            "Plan Width": 33,
                            "Actual Startup Time": 16786.798,
                            "Actual Total Time": 16787.118,
                            "Actual Rows": 0,
                            "Actual Loops": 1,
                            "Inner Unique": false,
                            "Join Filter": "(mk.movie_id = t.id)",
                            "Rows Removed by Join Filter": 168497200,
                            "Plans": [
                              {
                                "Node Type": "Seq Scan",
                                "Parent Relationship": "Outer",
                                "Parallel Aware": false,
                                "Relation Name": "title",
                                "Alias": "t",
                                "Startup Cost": 0.0,
                                "Total Cost": 67604.36,
                                "Plan Rows": 239151,
                                "Plan Width": 25,
                                "Actual Startup Time": 0.028,
                                "Actual Total Time": 273.635,
                                "Actual Rows": 241400,
                                "Actual Loops": 1,
                                "Filter": "(production_year < 1960)",
                                "Rows Removed by Filter": 2286912
                              },
                              {
                                "Node Type": "Materialize",
                                "Parent Relationship": "Inner",
                                "Parallel Aware": false,
                                "Startup Cost": 402625.25,
                                "Total Cost": 453273.93,
                                "Plan Rows": 1,
                                "Plan Width": 24,
                                "Actual Startup Time": 0.009,
                                "Actual Total Time": 0.032,
                                "Actual Rows": 698,
                                "Actual Loops": 241400,
                                "Plans": [
                                  {
                                    "Node Type": "Nested Loop",
                                    "Parent Relationship": "Outer",
                                    "Parallel Aware": false,
                                    "Join Type": "Inner",
                                    "Startup Cost": 402625.25,
                                    "Total Cost": 453273.92,
                                    "Plan Rows": 1,
                                    "Plan Width": 24,
                                    "Actual Startup Time": 2046.795,
                                    "Actual Total Time": 2047.471,
                                    "Actual Rows": 698,
                                    "Actual Loops": 1,
                                    "Inner Unique": false,
                                    "Plans": [
                                      {
                                        "Node Type": "Hash Join",
                                        "Parent Relationship": "Outer",
                                        "Parallel Aware": false,
                                        "Join Type": "Inner",
                                        "Startup Cost": 402624.81,
                                        "Total Cost": 453272.22,
                                        "Plan Rows": 1,
                                        "Plan Width": 16,
                                        "Actual Startup Time": 2046.697,
                                        "Actual Total Time": 2047.035,
                                        "Actual Rows": 4,
                                        "Actual Loops": 1,
                                        "Inner Unique": false,
                                        "Hash Cond": "(chn.id = ci.person_role_id)",
                                        "Plans": [
                                          {
                                            "Node Type": "Gather",
                                            "Parent Relationship": "Outer",
                                            "Parallel Aware": false,
                                            "Startup Cost": 1000.0,
                                            "Total Cost": 51249.4,
                                            "Plan Rows": 628,
                                            "Plan Width": 4,
                                            "Actual Startup Time": 25.905,
                                            "Actual Total Time": 26.025,
                                            "Actual Rows": 30,
                                            "Actual Loops": 1,
                                            "Workers Planned": 4,
                                            "Workers Launched": 4,
                                            "Single Copy": false,
                                            "Plans": [
                                              {
                                                "Node Type": "Seq Scan",
                                                "Parent Relationship": "Outer",
                                                "Parallel Aware": true,
                                                "Relation Name": "char_name",
                                                "Alias": "chn",
                                                "Startup Cost": 0.0,
                                                "Total Cost": 50186.6,
                                                "Plan Rows": 157,
                                                "Plan Width": 4,
                                                "Actual Startup Time": 46.512,
                                                "Actual Total Time": 328.563,
                                                "Actual Rows": 6,
                                                "Actual Loops": 5,
                                                "Filter": "((name !~~ '%Sherlock%'::text) AND ((name ~~ '%Tony%Stark%'::text) OR (name ~~ '%Iron%Man%'::text)))",
                                                "Rows Removed by Filter": 628062
                                              }
                                            ]
                                          },
                                          {
                                            "Node Type": "Hash",
                                            "Parent Relationship": "Inner",
                                            "Parallel Aware": false,
                                            "Startup Cost": 401618.5,
                                            "Total Cost": 401618.5,
                                            "Plan Rows": 505,
                                            "Plan Width": 20,
                                            "Actual Startup Time": 2020.713,
                                            "Actual Total Time": 2020.926,
                                            "Actual Rows": 103,
                                            "Actual Loops": 1,
                                            "Hash Buckets": 1024,
                                            "Original Hash Buckets": 1024,
                                            "Hash Batches": 1,
                                            "Original Hash Batches": 1,
                                            "Peak Memory Usage": 14,
                                            "Plans": [
                                              {
                                                "Node Type": "Hash Join",
                                                "Parent Relationship": "Outer",
                                                "Parallel Aware": false,
                                                "Join Type": "Inner",
                                                "Startup Cost": 399025.02,
                                                "Total Cost": 401618.5,
                                                "Plan Rows": 505,
                                                "Plan Width": 20,
                                                "Actual Startup Time": 1993.123,
                                                "Actual Total Time": 2020.85,
                                                "Actual Rows": 109,
                                                "Actual Loops": 1,
                                                "Inner Unique": false,
                                                "Hash Cond": "(cc.movie_id = ci.movie_id)",
                                                "Plans": [
                                                  {
                                                    "Node Type": "Seq Scan",
                                                    "Parent Relationship": "Outer",
                                                    "Parallel Aware": false,
                                                    "Relation Name": "complete_cast",
                                                    "Alias": "cc",
                                                    "Startup Cost": 0.0,
                                                    "Total Cost": 2081.86,
                                                    "Plan Rows": 135086,
                                                    "Plan Width": 12,
                                                    "Actual Startup Time": 0.038,
                                                    "Actual Total Time": 14.422,
                                                    "Actual Rows": 135086,
                                                    "Actual Loops": 1
                                                  },
                                                  {
                                                    "Node Type": "Hash",
                                                    "Parent Relationship": "Inner",
                                                    "Parallel Aware": false,
                                                    "Startup Cost": 398979.67,
                                                    "Total Cost": 398979.67,
                                                    "Plan Rows": 3628,
                                                    "Plan Width": 8,
                                                    "Actual Startup Time": 1992.972,
                                                    "Actual Total Time": 1993.184,
                                                    "Actual Rows": 486,
                                                    "Actual Loops": 1,
                                                    "Hash Buckets": 4096,
                                                    "Original Hash Buckets": 4096,
                                                    "Hash Batches": 1,
                                                    "Original Hash Batches": 1,
                                                    "Peak Memory Usage": 51,
                                                    "Plans": [
                                                      {
                                                        "Node Type": "Gather",
                                                        "Parent Relationship": "Outer",
                                                        "Parallel Aware": false,
                                                        "Startup Cost": 69637.35,
                                                        "Total Cost": 398979.67,
                                                        "Plan Rows": 3628,
                                                        "Plan Width": 8,
                                                        "Actual Startup Time": 398.201,
                                                        "Actual Total Time": 1993.04,
                                                        "Actual Rows": 486,
                                                        "Actual Loops": 1,
                                                        "Workers Planned": 6,
                                                        "Workers Launched": 3,
                                                        "Single Copy": false,
                                                        "Plans": [
                                                          {
                                                            "Node Type": "Hash Join",
                                                            "Parent Relationship": "Outer",
                                                            "Parallel Aware": true,
                                                            "Join Type": "Inner",
                                                            "Startup Cost": 68637.35,
                                                            "Total Cost": 397616.87,
                                                            "Plan Rows": 605,
                                                            "Plan Width": 8,
                                                            "Actual Startup Time": 389.928,
                                                            "Actual Total Time": 1984.472,
                                                            "Actual Rows": 122,
                                                            "Actual Loops": 4,
                                                            "Inner Unique": true,
                                                            "Hash Cond": "(ci.person_id = n.id)",
                                                            "Plans": [
                                                              {
                                                                "Node Type": "Seq Scan",
                                                                "Parent Relationship": "Outer",
                                                                "Parallel Aware": true,
                                                                "Relation Name": "cast_info",
                                                                "Alias": "ci",
                                                                "Startup Cost": 0.0,
                                                                "Total Cost": 313116.71,
                                                                "Plan Rows": 6042971,
                                                                "Plan Width": 12,
                                                                "Actual Startup Time": 0.013,
                                                                "Actual Total Time": 1009.952,
                                                                "Actual Rows": 9061086,
                                                                "Actual Loops": 4
                                                              },
                                                              {
                                                                "Node Type": "Hash",
                                                                "Parent Relationship": "Inner",
                                                                "Parallel Aware": true,
                                                                "Startup Cost": 68636.05,
                                                                "Total Cost": 68636.05,
                                                                "Plan Rows": 104,
                                                                "Plan Width": 4,
                                                                "Actual Startup Time": 227.25,
                                                                "Actual Total Time": 227.25,
                                                                "Actual Rows": 0,
                                                                "Actual Loops": 4,
                                                                "Hash Buckets": 1024,
                                                                "Original Hash Buckets": 1024,
                                                                "Hash Batches": 1,
                                                                "Original Hash Batches": 1,
                                                                "Peak Memory Usage": 72,
                                                                "Plans": [
                                                                  {
                                                                    "Node Type": "Seq Scan",
                                                                    "Parent Relationship": "Outer",
                                                                    "Parallel Aware": true,
                                                                    "Relation Name": "name",
                                                                    "Alias": "n",
                                                                    "Startup Cost": 0.0,
                                                                    "Total Cost": 68636.05,
                                                                    "Plan Rows": 104,
                                                                    "Plan Width": 4,
                                                                    "Actual Startup Time": 129.906,
                                                                    "Actual Total Time": 227.164,
                                                                    "Actual Rows": 0,
                                                                    "Actual Loops": 4,
                                                                    "Filter": "(name ~~ '%Downey%Robert%'::text)",
                                                                    "Rows Removed by Filter": 1041872
                                                                  }
                                                                ]
                                                              }
                                                            ]
                                                          }
                                                        ]
                                                      }
                                                    ]
                                                  }
                                                ]
                                              }
                                            ]
                                          }
                                        ]
                                      },
                                      {
                                        "Node Type": "Index Scan",
                                        "Parent Relationship": "Inner",
                                        "Parallel Aware": false,
                                        "Scan Direction": "Forward",
                                        "Index Name": "movie_id_movie_keyword",
                                        "Relation Name": "movie_keyword",
                                        "Alias": "mk",
                                        "Startup Cost": 0.43,
                                        "Total Cost": 1.24,
                                        "Plan Rows": 46,
                                        "Plan Width": 8,
                                        "Actual Startup Time": 0.048,
                                        "Actual Total Time": 0.082,
                                        "Actual Rows": 174,
                                        "Actual Loops": 4,
                                        "Index Cond": "(movie_id = ci.movie_id)",
                                        "Rows Removed by Index Recheck": 0
                                      }
                                    ]
                                  }
                                ]
                              }
                            ]
                          }
                        ]
                      }
                    ]
                  }
                ]
              }
            ]
          }
        ]
      }
    ]
  },
  "Planning Time": 27.275,
  "Triggers": [],
  "Execution Time": 16827.389
}