{
  "Plan": {
    "Node Type": "Aggregate",
    "Strategy": "Plain",
    "Partial Mode": "Finalize",
    "Parallel Aware": false,
    "Startup Cost": 132244.46,
    "Total Cost": 132244.47,
    "Plan Rows": 1,
    "Plan Width": 8,
    "Actual Startup Time": 900.486,
    "Actual Total Time": 971.659,
    "Actual Rows": 1,
    "Actual Loops": 1,
    "Plans": [
      {
        "Node Type": "Gather",
        "Parent Relationship": "Outer",
        "Parallel Aware": false,
        "Startup Cost": 132244.35,
        "Total Cost": 132244.46,
        "Plan Rows": 1,
        "Plan Width": 8,
        "Actual Startup Time": 900.223,
        "Actual Total Time": 971.633,
        "Actual Rows": 2,
        "Actual Loops": 1,
        "Workers Planned": 1,
        "Workers Launched": 1,
        "Single Copy": false,
        "Plans": [
          {
            "Node Type": "Aggregate",
            "Strategy": "Plain",
            "Partial Mode": "Partial",
            "Parent Relationship": "Outer",
            "Parallel Aware": false,
            "Startup Cost": 131244.35,
            "Total Cost": 131244.36,
            "Plan Rows": 1,
            "Plan Width": 8,
            "Actual Startup Time": 893.86,
            "Actual Total Time": 893.864,
            "Actual Rows": 1,
            "Actual Loops": 2,
            "Plans": [
              {
                "Node Type": "Nested Loop",
                "Parent Relationship": "Outer",
                "Parallel Aware": false,
                "Join Type": "Inner",
                "Startup Cost": 20202.04,
                "Total Cost": 130426.98,
                "Plan Rows": 326946,
                "Plan Width": 0,
                "Actual Startup Time": 29.936,
                "Actual Total Time": 870.833,
                "Actual Rows": 487814,
                "Actual Loops": 2,
                "Inner Unique": false,
                "Plans": [
                  {
                    "Node Type": "Hash Join",
                    "Parent Relationship": "Outer",
                    "Parallel Aware": true,
                    "Join Type": "Inner",
                    "Startup Cost": 20201.47,
                    "Total Cost": 80501.2,
                    "Plan Rows": 22817,
                    "Plan Width": 8,
                    "Actual Startup Time": 29.828,
                    "Actual Total Time": 285.494,
                    "Actual Rows": 18068,
                    "Actual Loops": 2,
                    "Inner Unique": false,
                    "Hash Cond": "(t.id = mc.movie_id)",
                    "Plans": [
                      {
                        "Node Type": "Seq Scan",
                        "Parent Relationship": "Outer",
                        "Parallel Aware": true,
                        "Relation Name": "title",
                        "Alias": "t",
                        "Startup Cost": 0.0,
                        "Total Cost": 50870.31,
                        "Plan Rows": 1487231,
                        "Plan Width": 4,
                        "Actual Startup Time": 0.011,
                        "Actual Total Time": 112.102,
                        "Actual Rows": 1264156,
                        "Actual Loops": 2
                      },
                      {
                        "Node Type": "Hash",
                        "Parent Relationship": "Inner",
                        "Parallel Aware": true,
                        "Startup Cost": 19916.26,
                        "Total Cost": 19916.26,
                        "Plan Rows": 22817,
                        "Plan Width": 4,
                        "Actual Startup Time": 28.464,
                        "Actual Total Time": 28.466,
                        "Actual Rows": 18068,
                        "Actual Loops": 2,
                        "Hash Buckets": 65536,
                        "Original Hash Buckets": 65536,
                        "Hash Batches": 1,
                        "Original Hash Batches": 1,
                        "Peak Memory Usage": 1952,
                        "Plans": [
                          {
                            "Node Type": "Bitmap Heap Scan",
                            "Parent Relationship": "Outer",
                            "Parallel Aware": true,
                            "Relation Name": "movie_companies",
                            "Alias": "mc",
                            "Startup Cost": 841.04,
                            "Total Cost": 19916.26,
                            "Plan Rows": 22817,
                            "Plan Width": 4,
                            "Actual Startup Time": 4.699,
                            "Actual Total Time": 21.005,
                            "Actual Rows": 18068,
                            "Actual Loops": 2,
                            "Recheck Cond": "(company_id = 160)",
                            "Rows Removed by Index Recheck": 0,
                            "Exact Heap Blocks": 3574,
                            "Lossy Heap Blocks": 0,
                            "Plans": [
                              {
                                "Node Type": "Bitmap Index Scan",
                                "Parent Relationship": "Outer",
                                "Parallel Aware": false,
                                "Index Name": "company_id_movie_companies",
                                "Startup Cost": 0.0,
                                "Total Cost": 831.35,
                                "Plan Rows": 38789,
                                "Plan Width": 0,
                                "Actual Startup Time": 6.906,
                                "Actual Total Time": 6.906,
                                "Actual Rows": 36136,
                                "Actual Loops": 1,
                                "Index Cond": "(company_id = 160)"
                              }
                            ]
                          }
                        ]
                      }
                    ]
                  },
                  {
                    "Node Type": "Index Only Scan",
                    "Parent Relationship": "Inner",
                    "Parallel Aware": false,
                    "Scan Direction": "Forward",
                    "Index Name": "movie_id_cast_info",
                    "Relation Name": "cast_info",
                    "Alias": "ci",
                    "Startup Cost": 0.56,
                    "Total Cost": 1.82,
                    "Plan Rows": 37,
                    "Plan Width": 4,
                    "Actual Startup Time": 0.005,
                    "Actual Total Time": 0.03,
                    "Actual Rows": 27,
                    "Actual Loops": 36136,
                    "Index Cond": "(movie_id = t.id)",
                    "Rows Removed by Index Recheck": 0,
                    "Heap Fetches": 975627
                  }
                ]
              }
            ]
          }
        ]
      }
    ]
  },
  "Planning Time": 0.942,
  "Triggers": [],
  "Execution Time": 971.788
}