[
  {
    "Plan": {
      "Node Type": "Aggregate",
      "Strategy": "Plain",
      "Partial Mode": "Finalize",
      "Parallel Aware": false,
      "Startup Cost": 46837.58,
      "Total Cost": 46837.59,
      "Plan Rows": 1,
      "Plan Width": 8,
      "Actual Startup Time": 149.149,
      "Actual Total Time": 155.137,
      "Actual Rows": 1,
      "Actual Loops": 1,
      "Plans": [
        {
          "Node Type": "Gather",
          "Parent Relationship": "Outer",
          "Parallel Aware": false,
          "Startup Cost": 46837.26,
          "Total Cost": 46837.57,
          "Plan Rows": 3,
          "Plan Width": 8,
          "Actual Startup Time": 149.089,
          "Actual Total Time": 155.132,
          "Actual Rows": 4,
          "Actual Loops": 1,
          "Workers Planned": 3,
          "Workers Launched": 3,
          "Single Copy": false,
          "Plans": [
            {
              "Node Type": "Aggregate",
              "Strategy": "Plain",
              "Partial Mode": "Partial",
              "Parent Relationship": "Outer",
              "Parallel Aware": false,
              "Startup Cost": 45837.26,
              "Total Cost": 45837.27,
              "Plan Rows": 1,
              "Plan Width": 8,
              "Actual Startup Time": 146.016,
              "Actual Total Time": 146.017,
              "Actual Rows": 1,
              "Actual Loops": 4,
              "Plans": [
                {
                  "Node Type": "Seq Scan",
                  "Parent Relationship": "Outer",
                  "Parallel Aware": true,
                  "Relation Name": "movie_keyword",
                  "Alias": "mk",
                  "Startup Cost": 0.0,
                  "Total Cost": 42695.65,
                  "Plan Rows": 1256642,
                  "Plan Width": 0,
                  "Actual Startup Time": 0.019,
                  "Actual Total Time": 104.834,
                  "Actual Rows": 977495,
                  "Actual Loops": 4,
                  "Filter": "(keyword_id < 29826)",
                  "Rows Removed by Filter": 153488
                }
              ]
            }
          ]
        }
      ]
    },
    "Planning Time": 0.057,
    "Triggers": [],
    "Execution Time": 155.161
  }
]