{
  "Plan": {
    "Node Type": "Aggregate",
    "Strategy": "Plain",
    "Partial Mode": "Finalize",
    "Parallel Aware": false,
    "Startup Cost": 828206.14,
    "Total Cost": 828206.15,
    "Plan Rows": 1,
    "Plan Width": 8,
    "Actual Startup Time": 9142.536,
    "Actual Total Time": 9236.267,
    "Actual Rows": 1,
    "Actual Loops": 1,
    "Plans": [
      {
        "Node Type": "Gather",
        "Parent Relationship": "Outer",
        "Parallel Aware": false,
        "Startup Cost": 828206.02,
        "Total Cost": 828206.13,
        "Plan Rows": 1,
        "Plan Width": 8,
        "Actual Startup Time": 9117.106,
        "Actual Total Time": 9236.254,
        "Actual Rows": 2,
        "Actual Loops": 1,
        "Workers Planned": 1,
        "Workers Launched": 1,
        "Single Copy": false,
        "Plans": [
          {
            "Node Type": "Aggregate",
            "Strategy": "Plain",
            "Partial Mode": "Partial",
            "Parent Relationship": "Outer",
            "Parallel Aware": false,
            "Startup Cost": 827206.02,
            "Total Cost": 827206.03,
            "Plan Rows": 1,
            "Plan Width": 8,
            "Actual Startup Time": 9094.723,
            "Actual Total Time": 9094.734,
            "Actual Rows": 1,
            "Actual Loops": 2,
            "Plans": [
              {
                "Node Type": "Hash Join",
                "Parent Relationship": "Outer",
                "Parallel Aware": true,
                "Join Type": "Inner",
                "Startup Cost": 703535.71,
                "Total Cost": 812812.29,
                "Plan Rows": 5757494,
                "Plan Width": 0,
                "Actual Startup Time": 7539.255,
                "Actual Total Time": 8726.506,
                "Actual Rows": 9333340,
                "Actual Loops": 2,
                "Inner Unique": false,
                "Hash Cond": "(mk.movie_id = t.id)",
                "Plans": [
                  {
                    "Node Type": "Seq Scan",
                    "Parent Relationship": "Outer",
                    "Parallel Aware": true,
                    "Relation Name": "movie_keyword",
                    "Alias": "mk",
                    "Startup Cost": 0.0,
                    "Total Cost": 57718.19,
                    "Plan Rows": 2358771,
                    "Plan Width": 4,
                    "Actual Startup Time": 0.02,
                    "Actual Total Time": 205.823,
                    "Actual Rows": 2011790,
                    "Actual Loops": 2,
                    "Filter": "(keyword_id < 36078)",
                    "Rows Removed by Filter": 250175
                  },
                  {
                    "Node Type": "Hash",
                    "Parent Relationship": "Inner",
                    "Parallel Aware": true,
                    "Startup Cost": 658158.67,
                    "Total Cost": 658158.67,
                    "Plan Rows": 3630163,
                    "Plan Width": 8,
                    "Actual Startup Time": 7504.43,
                    "Actual Total Time": 7504.439,
                    "Actual Rows": 5458580,
                    "Actual Loops": 2,
                    "Hash Buckets": 16777216,
                    "Original Hash Buckets": 8388608,
                    "Hash Batches": 1,
                    "Original Hash Batches": 1,
                    "Peak Memory Usage": 623712,
                    "Plans": [
                      {
                        "Node Type": "Hash Join",
                        "Parent Relationship": "Outer",
                        "Parallel Aware": true,
                        "Join Type": "Inner",
                        "Startup Cost": 68595.89,
                        "Total Cost": 658158.67,
                        "Plan Rows": 3630163,
                        "Plan Width": 8,
                        "Actual Startup Time": 977.838,
                        "Actual Total Time": 5345.785,
                        "Actual Rows": 5458580,
                        "Actual Loops": 2,
                        "Inner Unique": true,
                        "Hash Cond": "(ci.movie_id = t.id)",
                        "Plans": [
                          {
                            "Node Type": "Seq Scan",
                            "Parent Relationship": "Outer",
                            "Parallel Aware": true,
                            "Relation Name": "cast_info",
                            "Alias": "ci",
                            "Startup Cost": 0.0,
                            "Total Cost": 572345.93,
                            "Plan Rows": 6558786,
                            "Plan Width": 4,
                            "Actual Startup Time": 569.99,
                            "Actual Total Time": 1842.744,
                            "Actual Rows": 8465159,
                            "Actual Loops": 2,
                            "Filter": "((person_id > 1931514) AND (role_id > 1))",
                            "Rows Removed by Filter": 9657013
                          },
                          {
                            "Node Type": "Hash",
                            "Parent Relationship": "Inner",
                            "Parallel Aware": true,
                            "Startup Cost": 58306.47,
                            "Total Cost": 58306.47,
                            "Plan Rows": 823154,
                            "Plan Width": 4,
                            "Actual Startup Time": 401.807,
                            "Actual Total Time": 401.808,
                            "Actual Rows": 759296,
                            "Actual Loops": 2,
                            "Hash Buckets": 2097152,
                            "Original Hash Buckets": 2097152,
                            "Hash Batches": 1,
                            "Original Hash Batches": 1,
                            "Peak Memory Usage": 75840,
                            "Plans": [
                              {
                                "Node Type": "Seq Scan",
                                "Parent Relationship": "Outer",
                                "Parallel Aware": true,
                                "Relation Name": "title",
                                "Alias": "t",
                                "Startup Cost": 0.0,
                                "Total Cost": 58306.47,
                                "Plan Rows": 823154,
                                "Plan Width": 4,
                                "Actual Startup Time": 0.056,
                                "Actual Total Time": 177.424,
                                "Actual Rows": 759296,
                                "Actual Loops": 2,
                                "Filter": "((kind_id > 1) AND (production_year > 1983))",
                                "Rows Removed by Filter": 504860
                              }
                            ]
                          }
                        ]
                      }
                    ]
                  }
                ]
              }
            ]
          }
        ]
      }
    ]
  },
  "Planning Time": 1.06,
  "Triggers": [],
  "Execution Time": 9236.357
}