{
  "Plan": {
    "Node Type": "Aggregate",
    "Strategy": "Plain",
    "Partial Mode": "Finalize",
    "Parallel Aware": false,
    "Startup Cost": 507200.39,
    "Total Cost": 507200.4,
    "Plan Rows": 1,
    "Plan Width": 8,
    "Actual Startup Time": 1234.442,
    "Actual Total Time": 1247.948,
    "Actual Rows": 1,
    "Actual Loops": 1,
    "Plans": [
      {
        "Node Type": "Gather",
        "Parent Relationship": "Outer",
        "Parallel Aware": false,
        "Startup Cost": 507200.28,
        "Total Cost": 507200.39,
        "Plan Rows": 1,
        "Plan Width": 8,
        "Actual Startup Time": 1229.206,
        "Actual Total Time": 1247.94,
        "Actual Rows": 2,
        "Actual Loops": 1,
        "Workers Planned": 1,
        "Workers Launched": 1,
        "Single Copy": false,
        "Plans": [
          {
            "Node Type": "Aggregate",
            "Strategy": "Plain",
            "Partial Mode": "Partial",
            "Parent Relationship": "Outer",
            "Parallel Aware": false,
            "Startup Cost": 506200.28,
            "Total Cost": 506200.29,
            "Plan Rows": 1,
            "Plan Width": 8,
            "Actual Startup Time": 1222.769,
            "Actual Total Time": 1222.773,
            "Actual Rows": 1,
            "Actual Loops": 2,
            "Plans": [
              {
                "Node Type": "Merge Join",
                "Parent Relationship": "Outer",
                "Parallel Aware": false,
                "Join Type": "Inner",
                "Startup Cost": 364311.34,
                "Total Cost": 505146.59,
                "Plan Rows": 421477,
                "Plan Width": 0,
                "Actual Startup Time": 1036.145,
                "Actual Total Time": 1212.593,
                "Actual Rows": 243678,
                "Actual Loops": 2,
                "Inner Unique": false,
                "Merge Cond": "(mc.movie_id = t.id)",
                "Plans": [
                  {
                    "Node Type": "Index Only Scan",
                    "Parent Relationship": "Outer",
                    "Parallel Aware": true,
                    "Scan Direction": "Forward",
                    "Index Name": "movie_id_movie_companies",
                    "Relation Name": "movie_companies",
                    "Alias": "mc",
                    "Startup Cost": 0.43,
                    "Total Cost": 129315.97,
                    "Plan Rows": 1534782,
                    "Plan Width": 4,
                    "Actual Startup Time": 0.121,
                    "Actual Total Time": 112.875,
                    "Actual Rows": 455680,
                    "Actual Loops": 2,
                    "Heap Fetches": 911359
                  },
                  {
                    "Node Type": "Sort",
                    "Parent Relationship": "Inner",
                    "Parallel Aware": false,
                    "Startup Cost": 364310.84,
                    "Total Cost": 366046.62,
                    "Plan Rows": 694312,
                    "Plan Width": 8,
                    "Actual Startup Time": 1035.99,
                    "Actual Total Time": 1048.154,
                    "Actual Rows": 333858,
                    "Actual Loops": 2,
                    "Sort Key": [
                      "t.id"
                    ],
                    "Sort Method": "quicksort",
                    "Sort Space Used": 13998,
                    "Sort Space Type": "Memory",
                    "Workers": [
                      {
                        "Worker Number": 0,
                        "Sort Method": "quicksort",
                        "Sort Space Used": 13998,
                        "Sort Space Type": "Memory"
                      }
                    ],
                    "Plans": [
                      {
                        "Node Type": "Hash Join",
                        "Parent Relationship": "Outer",
                        "Parallel Aware": false,
                        "Join Type": "Inner",
                        "Startup Cost": 114603.57,
                        "Total Cost": 296944.44,
                        "Plan Rows": 694312,
                        "Plan Width": 8,
                        "Actual Startup Time": 670.788,
                        "Actual Total Time": 1000.881,
                        "Actual Rows": 167544,
                        "Actual Loops": 2,
                        "Inner Unique": true,
                        "Hash Cond": "(mi.movie_id = t.id)",
                        "Plans": [
                          {
                            "Node Type": "Bitmap Heap Scan",
                            "Parent Relationship": "Outer",
                            "Parallel Aware": false,
                            "Relation Name": "movie_info",
                            "Alias": "mi",
                            "Startup Cost": 24370.61,
                            "Total Cost": 203180.02,
                            "Plan Rows": 1345313,
                            "Plan Width": 4,
                            "Actual Startup Time": 78.668,
                            "Actual Total Time": 192.05,
                            "Actual Rows": 1401902,
                            "Actual Loops": 2,
                            "Recheck Cond": "(info_type_id = 7)",
                            "Rows Removed by Index Recheck": 0,
                            "Exact Heap Blocks": 10036,
                            "Lossy Heap Blocks": 0,
                            "Plans": [
                              {
                                "Node Type": "Bitmap Index Scan",
                                "Parent Relationship": "Outer",
                                "Parallel Aware": false,
                                "Index Name": "info_type_id_movie_info",
                                "Startup Cost": 0.0,
                                "Total Cost": 24034.28,
                                "Plan Rows": 1345313,
                                "Plan Width": 0,
                                "Actual Startup Time": 77.495,
                                "Actual Total Time": 77.495,
                                "Actual Rows": 1401902,
                                "Actual Loops": 2,
                                "Index Cond": "(info_type_id = 7)"
                              }
                            ]
                          },
                          {
                            "Node Type": "Hash",
                            "Parent Relationship": "Inner",
                            "Parallel Aware": false,
                            "Startup Cost": 73922.39,
                            "Total Cost": 73922.39,
                            "Plan Rows": 1304845,
                            "Plan Width": 4,
                            "Actual Startup Time": 585.92,
                            "Actual Total Time": 585.921,
                            "Actual Rows": 1383104,
                            "Actual Loops": 2,
                            "Hash Buckets": 2097152,
                            "Original Hash Buckets": 2097152,
                            "Hash Batches": 1,
                            "Original Hash Batches": 1,
                            "Peak Memory Usage": 65009,
                            "Plans": [
                              {
                                "Node Type": "Seq Scan",
                                "Parent Relationship": "Outer",
                                "Parallel Aware": false,
                                "Relation Name": "title",
                                "Alias": "t",
                                "Startup Cost": 0.0,
                                "Total Cost": 73922.39,
                                "Plan Rows": 1304845,
                                "Plan Width": 4,
                                "Actual Startup Time": 0.031,
                                "Actual Total Time": 292.853,
                                "Actual Rows": 1383104,
                                "Actual Loops": 2,
                                "Filter": "((production_year > 1966) AND (kind_id = 7))",
                                "Rows Removed by Filter": 1145208
                              }
                            ]
                          }
                        ]
                      }
                    ]
                  }
                ]
              }
            ]
          }
        ]
      }
    ]
  },
  "Planning Time": 1.147,
  "Triggers": [],
  "Execution Time": 1251.425
}