[
  {
    "Plan": {
      "Node Type": "Aggregate",
      "Strategy": "Plain",
      "Partial Mode": "Finalize",
      "Parallel Aware": false,
      "Startup Cost": 46489.27,
      "Total Cost": 46489.28,
      "Plan Rows": 1,
      "Plan Width": 8,
      "Actual Startup Time": 129.227,
      "Actual Total Time": 145.612,
      "Actual Rows": 1,
      "Actual Loops": 1,
      "Plans": [
        {
          "Node Type": "Gather",
          "Parent Relationship": "Outer",
          "Parallel Aware": false,
          "Startup Cost": 46488.85,
          "Total Cost": 46489.26,
          "Plan Rows": 4,
          "Plan Width": 8,
          "Actual Startup Time": 128.796,
          "Actual Total Time": 145.6,
          "Actual Rows": 5,
          "Actual Loops": 1,
          "Workers Planned": 4,
          "Workers Launched": 4,
          "Single Copy": false,
          "Plans": [
            {
              "Node Type": "Aggregate",
              "Strategy": "Plain",
              "Partial Mode": "Partial",
              "Parent Relationship": "Outer",
              "Parallel Aware": false,
              "Startup Cost": 45488.85,
              "Total Cost": 45488.86,
              "Plan Rows": 1,
              "Plan Width": 8,
              "Actual Startup Time": 119.443,
              "Actual Total Time": 119.445,
              "Actual Rows": 1,
              "Actual Loops": 5,
              "Plans": [
                {
                  "Node Type": "Seq Scan",
                  "Parent Relationship": "Outer",
                  "Parallel Aware": true,
                  "Relation Name": "title",
                  "Alias": "t",
                  "Startup Cost": 0.0,
                  "Total Cost": 45479.59,
                  "Plan Rows": 3705,
                  "Plan Width": 0,
                  "Actual Startup Time": 0.088,
                  "Actual Total Time": 118.896,
                  "Actual Rows": 3275,
                  "Actual Loops": 5,
                  "Filter": "((kind_id > 1) AND (production_year = 1989))",
                  "Rows Removed by Filter": 502388
                }
              ]
            }
          ]
        }
      ]
    },
    "Planning Time": 0.163,
    "Triggers": [],
    "Execution Time": 145.672
  }
]