{
  "Plan": {
    "Node Type": "Aggregate",
    "Strategy": "Plain",
    "Partial Mode": "Finalize",
    "Parallel Aware": false,
    "Startup Cost": 643791.15,
    "Total Cost": 643791.16,
    "Plan Rows": 1,
    "Plan Width": 8,
    "Actual Startup Time": 2342.291,
    "Actual Total Time": 2398.455,
    "Actual Rows": 1,
    "Actual Loops": 1,
    "Plans": [
      {
        "Node Type": "Gather",
        "Parent Relationship": "Outer",
        "Parallel Aware": false,
        "Startup Cost": 643791.04,
        "Total Cost": 643791.15,
        "Plan Rows": 1,
        "Plan Width": 8,
        "Actual Startup Time": 2341.736,
        "Actual Total Time": 2398.447,
        "Actual Rows": 2,
        "Actual Loops": 1,
        "Workers Planned": 1,
        "Workers Launched": 1,
        "Single Copy": false,
        "Plans": [
          {
            "Node Type": "Aggregate",
            "Strategy": "Plain",
            "Partial Mode": "Partial",
            "Parent Relationship": "Outer",
            "Parallel Aware": false,
            "Startup Cost": 642791.04,
            "Total Cost": 642791.05,
            "Plan Rows": 1,
            "Plan Width": 8,
            "Actual Startup Time": 2336.242,
            "Actual Total Time": 2336.249,
            "Actual Rows": 1,
            "Actual Loops": 2,
            "Plans": [
              {
                "Node Type": "Hash Join",
                "Parent Relationship": "Outer",
                "Parallel Aware": true,
                "Join Type": "Inner",
                "Startup Cost": 598215.55,
                "Total Cost": 642538.94,
                "Plan Rows": 100840,
                "Plan Width": 0,
                "Actual Startup Time": 2051.629,
                "Actual Total Time": 2321.7,
                "Actual Rows": 361086,
                "Actual Loops": 2,
                "Inner Unique": false,
                "Hash Cond": "(mc.movie_id = t.id)",
                "Plans": [
                  {
                    "Node Type": "Seq Scan",
                    "Parent Relationship": "Outer",
                    "Parallel Aware": true,
                    "Relation Name": "movie_companies",
                    "Alias": "mc",
                    "Startup Cost": 0.0,
                    "Total Cost": 34137.82,
                    "Plan Rows": 1534782,
                    "Plan Width": 4,
                    "Actual Startup Time": 0.011,
                    "Actual Total Time": 101.88,
                    "Actual Rows": 1304564,
                    "Actual Loops": 2
                  },
                  {
                    "Node Type": "Hash",
                    "Parent Relationship": "Inner",
                    "Parallel Aware": true,
                    "Startup Cost": 596994.1,
                    "Total Cost": 596994.1,
                    "Plan Rows": 97716,
                    "Plan Width": 8,
                    "Actual Startup Time": 2048.455,
                    "Actual Total Time": 2048.461,
                    "Actual Rows": 77510,
                    "Actual Loops": 2,
                    "Hash Buckets": 262144,
                    "Original Hash Buckets": 262144,
                    "Hash Batches": 1,
                    "Original Hash Batches": 1,
                    "Peak Memory Usage": 8128,
                    "Plans": [
                      {
                        "Node Type": "Hash Join",
                        "Parent Relationship": "Outer",
                        "Parallel Aware": true,
                        "Join Type": "Inner",
                        "Startup Cost": 58552.62,
                        "Total Cost": 596994.1,
                        "Plan Rows": 97716,
                        "Plan Width": 8,
                        "Actual Startup Time": 137.131,
                        "Actual Total Time": 2021.595,
                        "Actual Rows": 77510,
                        "Actual Loops": 2,
                        "Inner Unique": true,
                        "Hash Cond": "(ci.movie_id = t.id)",
                        "Plans": [
                          {
                            "Node Type": "Seq Scan",
                            "Parent Relationship": "Outer",
                            "Parallel Aware": true,
                            "Relation Name": "cast_info",
                            "Alias": "ci",
                            "Startup Cost": 0.0,
                            "Total Cost": 519069.44,
                            "Plan Rows": 7379814,
                            "Plan Width": 4,
                            "Actual Startup Time": 0.014,
                            "Actual Total Time": 1329.138,
                            "Actual Rows": 6268893,
                            "Actual Loops": 2,
                            "Filter": "(person_id < 1235890)",
                            "Rows Removed by Filter": 11853279
                          },
                          {
                            "Node Type": "Hash",
                            "Parent Relationship": "Inner",
                            "Parallel Aware": true,
                            "Startup Cost": 58306.47,
                            "Total Cost": 58306.47,
                            "Plan Rows": 19692,
                            "Plan Width": 4,
                            "Actual Startup Time": 136.746,
                            "Actual Total Time": 136.747,
                            "Actual Rows": 14056,
                            "Actual Loops": 2,
                            "Hash Buckets": 65536,
                            "Original Hash Buckets": 65536,
                            "Hash Batches": 1,
                            "Original Hash Batches": 1,
                            "Peak Memory Usage": 1632,
                            "Plans": [
                              {
                                "Node Type": "Seq Scan",
                                "Parent Relationship": "Outer",
                                "Parallel Aware": true,
                                "Relation Name": "title",
                                "Alias": "t",
                                "Startup Cost": 0.0,
                                "Total Cost": 58306.47,
                                "Plan Rows": 19692,
                                "Plan Width": 4,
                                "Actual Startup Time": 0.224,
                                "Actual Total Time": 131.987,
                                "Actual Rows": 14056,
                                "Actual Loops": 2,
                                "Filter": "((kind_id < 7) AND (production_year = 2004))",
                                "Rows Removed by Filter": 1250100
                              }
                            ]
                          }
                        ]
                      }
                    ]
                  }
                ]
              }
            ]
          }
        ]
      }
    ]
  },
  "Planning Time": 0.638,
  "Triggers": [],
  "Execution Time": 2398.521
}