[
  {
    "Plan": {
      "Node Type": "Aggregate",
      "Strategy": "Plain",
      "Partial Mode": "Finalize",
      "Parallel Aware": false,
      "Startup Cost": 349590.74,
      "Total Cost": 349590.75,
      "Plan Rows": 1,
      "Plan Width": 8,
      "Actual Startup Time": 773.128,
      "Actual Total Time": 826.571,
      "Actual Rows": 1,
      "Actual Loops": 1,
      "Plans": [
        {
          "Node Type": "Gather",
          "Parent Relationship": "Outer",
          "Parallel Aware": false,
          "Startup Cost": 349590.11,
          "Total Cost": 349590.72,
          "Plan Rows": 6,
          "Plan Width": 8,
          "Actual Startup Time": 772.987,
          "Actual Total Time": 826.56,
          "Actual Rows": 7,
          "Actual Loops": 1,
          "Workers Planned": 6,
          "Workers Launched": 6,
          "Single Copy": false,
          "Plans": [
            {
              "Node Type": "Aggregate",
              "Strategy": "Plain",
              "Partial Mode": "Partial",
              "Parent Relationship": "Outer",
              "Parallel Aware": false,
              "Startup Cost": 348590.11,
              "Total Cost": 348590.12,
              "Plan Rows": 1,
              "Plan Width": 8,
              "Actual Startup Time": 763.769,
              "Actual Total Time": 763.77,
              "Actual Rows": 1,
              "Actual Loops": 7,
              "Plans": [
                {
                  "Node Type": "Seq Scan",
                  "Parent Relationship": "Outer",
                  "Parallel Aware": true,
                  "Relation Name": "cast_info",
                  "Alias": "ci",
                  "Startup Cost": 0.0,
                  "Total Cost": 343257.03,
                  "Plan Rows": 2133234,
                  "Plan Width": 0,
                  "Actual Startup Time": 221.868,
                  "Actual Total Time": 691.656,
                  "Actual Rows": 1526357,
                  "Actual Loops": 7,
                  "Filter": "((person_id > 1665708) AND (role_id < 4))",
                  "Rows Removed by Filter": 3651407
                }
              ]
            }
          ]
        }
      ]
    },
    "Planning Time": 0.223,
    "Triggers": [],
    "Execution Time": 826.643
  }
]