[
  {
    "Plan": {
      "Node Type": "Aggregate",
      "Strategy": "Plain",
      "Partial Mode": "Finalize",
      "Parallel Aware": false,
      "Startup Cost": 304969.01,
      "Total Cost": 304969.02,
      "Plan Rows": 1,
      "Plan Width": 8,
      "Actual Startup Time": 1246.114,
      "Actual Total Time": 1294.983,
      "Actual Rows": 1,
      "Actual Loops": 1,
      "Plans": [
        {
          "Node Type": "Gather",
          "Parent Relationship": "Outer",
          "Parallel Aware": false,
          "Startup Cost": 304968.49,
          "Total Cost": 304969.0,
          "Plan Rows": 5,
          "Plan Width": 8,
          "Actual Startup Time": 1230.436,
          "Actual Total Time": 1294.961,
          "Actual Rows": 6,
          "Actual Loops": 1,
          "Workers Planned": 5,
          "Workers Launched": 5,
          "Single Copy": false,
          "Plans": [
            {
              "Node Type": "Aggregate",
              "Strategy": "Plain",
              "Partial Mode": "Partial",
              "Parent Relationship": "Outer",
              "Parallel Aware": false,
              "Startup Cost": 303968.49,
              "Total Cost": 303968.5,
              "Plan Rows": 1,
              "Plan Width": 8,
              "Actual Startup Time": 1219.666,
              "Actual Total Time": 1220.12,
              "Actual Rows": 1,
              "Actual Loops": 6,
              "Plans": [
                {
                  "Node Type": "Hash Join",
                  "Parent Relationship": "Outer",
                  "Parallel Aware": true,
                  "Join Type": "Inner",
                  "Startup Cost": 99753.16,
                  "Total Cost": 302946.41,
                  "Plan Rows": 408831,
                  "Plan Width": 0,
                  "Actual Startup Time": 630.972,
                  "Actual Total Time": 1178.384,
                  "Actual Rows": 909026,
                  "Actual Loops": 6,
                  "Inner Unique": false,
                  "Hash Cond": "(mi.movie_id = t.id)",
                  "Plans": [
                    {
                      "Node Type": "Seq Scan",
                      "Parent Relationship": "Outer",
                      "Parallel Aware": true,
                      "Relation Name": "movie_info",
                      "Alias": "mi",
                      "Startup Cost": 0.0,
                      "Total Cost": 199108.24,
                      "Plan Rows": 737655,
                      "Plan Width": 4,
                      "Actual Startup Time": 34.246,
                      "Actual Total Time": 374.866,
                      "Actual Rows": 604163,
                      "Actual Loops": 6,
                      "Filter": "(info_type_id < 4)",
                      "Rows Removed by Filter": 1868457
                    },
                    {
                      "Node Type": "Hash",
                      "Parent Relationship": "Inner",
                      "Parallel Aware": true,
                      "Startup Cost": 94102.64,
                      "Total Cost": 94102.64,
                      "Plan Rows": 452041,
                      "Plan Width": 8,
                      "Actual Startup Time": 592.81,
                      "Actual Total Time": 593.262,
                      "Actual Rows": 233709,
                      "Actual Loops": 6,
                      "Hash Buckets": 2097152,
                      "Original Hash Buckets": 2097152,
                      "Hash Batches": 1,
                      "Original Hash Batches": 1,
                      "Peak Memory Usage": 71360,
                      "Plans": [
                        {
                          "Node Type": "Hash Join",
                          "Parent Relationship": "Outer",
                          "Parallel Aware": true,
                          "Join Type": "Inner",
                          "Startup Cost": 50220.38,
                          "Total Cost": 94102.64,
                          "Plan Rows": 452041,
                          "Plan Width": 8,
                          "Actual Startup Time": 363.843,
                          "Actual Total Time": 514.346,
                          "Actual Rows": 233709,
                          "Actual Loops": 6,
                          "Inner Unique": true,
                          "Hash Cond": "(mk.movie_id = t.id)",
                          "Plans": [
                            {
                              "Node Type": "Seq Scan",
                              "Parent Relationship": "Outer",
                              "Parallel Aware": true,
                              "Relation Name": "movie_keyword",
                              "Alias": "mk",
                              "Startup Cost": 0.0,
                              "Total Cost": 42695.65,
                              "Plan Rows": 452041,
                              "Plan Width": 4,
                              "Actual Startup Time": 0.037,
                              "Actual Total Time": 80.825,
                              "Actual Rows": 233709,
                              "Actual Loops": 6,
                              "Filter": "(keyword_id < 1906)",
                              "Rows Removed by Filter": 520279
                            },
                            {
                              "Node Type": "Hash",
                              "Parent Relationship": "Inner",
                              "Parallel Aware": true,
                              "Startup Cost": 42319.06,
                              "Total Cost": 42319.06,
                              "Plan Rows": 632106,
                              "Plan Width": 4,
                              "Actual Startup Time": 357.732,
                              "Actual Total Time": 357.734,
                              "Actual Rows": 421385,
                              "Actual Loops": 6,
                              "Hash Buckets": 4194304,
                              "Original Hash Buckets": 4194304,
                              "Hash Batches": 1,
                              "Original Hash Batches": 1,
                              "Peak Memory Usage": 131776,
                              "Plans": [
                                {
                                  "Node Type": "Seq Scan",
                                  "Parent Relationship": "Outer",
                                  "Parallel Aware": true,
                                  "Relation Name": "title",
                                  "Alias": "t",
                                  "Startup Cost": 0.0,
                                  "Total Cost": 42319.06,
                                  "Plan Rows": 632106,
                                  "Plan Width": 4,
                                  "Actual Startup Time": 0.052,
                                  "Actual Total Time": 104.484,
                                  "Actual Rows": 421385,
                                  "Actual Loops": 6
                                }
                              ]
                            }
                          ]
                        }
                      ]
                    }
                  ]
                }
              ]
            }
          ]
        }
      ]
    },
    "Planning Time": 0.549,
    "Triggers": [],
    "Execution Time": 1295.032
  }
]