[
  {
    "Plan": {
      "Node Type": "Aggregate",
      "Strategy": "Plain",
      "Partial Mode": "Finalize",
      "Parallel Aware": false,
      "Startup Cost": 102148.74,
      "Total Cost": 102148.75,
      "Plan Rows": 1,
      "Plan Width": 8,
      "Actual Startup Time": 586.519,
      "Actual Total Time": 604.386,
      "Actual Rows": 1,
      "Actual Loops": 1,
      "Plans": [
        {
          "Node Type": "Gather",
          "Parent Relationship": "Outer",
          "Parallel Aware": false,
          "Startup Cost": 102148.42,
          "Total Cost": 102148.73,
          "Plan Rows": 3,
          "Plan Width": 8,
          "Actual Startup Time": 577.869,
          "Actual Total Time": 604.374,
          "Actual Rows": 4,
          "Actual Loops": 1,
          "Workers Planned": 3,
          "Workers Launched": 3,
          "Single Copy": false,
          "Plans": [
            {
              "Node Type": "Aggregate",
              "Strategy": "Plain",
              "Partial Mode": "Partial",
              "Parent Relationship": "Outer",
              "Parallel Aware": false,
              "Startup Cost": 101148.42,
              "Total Cost": 101148.43,
              "Plan Rows": 1,
              "Plan Width": 8,
              "Actual Startup Time": 572.381,
              "Actual Total Time": 572.767,
              "Actual Rows": 1,
              "Actual Loops": 4,
              "Plans": [
                {
                  "Node Type": "Hash Join",
                  "Parent Relationship": "Outer",
                  "Parallel Aware": true,
                  "Join Type": "Inner",
                  "Startup Cost": 68480.49,
                  "Total Cost": 100943.06,
                  "Plan Rows": 82147,
                  "Plan Width": 0,
                  "Actual Startup Time": 493.342,
                  "Actual Total Time": 568.927,
                  "Actual Rows": 93728,
                  "Actual Loops": 4,
                  "Inner Unique": false,
                  "Hash Cond": "(mc.movie_id = t.id)",
                  "Plans": [
                    {
                      "Node Type": "Seq Scan",
                      "Parent Relationship": "Outer",
                      "Parallel Aware": true,
                      "Relation Name": "movie_companies",
                      "Alias": "mc",
                      "Startup Cost": 0.0,
                      "Total Cost": 31414.82,
                      "Plan Rows": 224635,
                      "Plan Width": 4,
                      "Actual Startup Time": 32.069,
                      "Actual Total Time": 62.915,
                      "Actual Rows": 111036,
                      "Actual Loops": 4,
                      "Filter": "((company_id < 11816) AND (company_type_id > 1))",
                      "Rows Removed by Filter": 541246
                    },
                    {
                      "Node Type": "Hash",
                      "Parent Relationship": "Inner",
                      "Parallel Aware": true,
                      "Startup Cost": 65591.04,
                      "Total Cost": 65591.04,
                      "Plan Rows": 231156,
                      "Plan Width": 8,
                      "Actual Startup Time": 457.85,
                      "Actual Total Time": 458.234,
                      "Actual Rows": 230028,
                      "Actual Loops": 4,
                      "Hash Buckets": 1048576,
                      "Original Hash Buckets": 1048576,
                      "Hash Batches": 1,
                      "Original Hash Batches": 1,
                      "Peak Memory Usage": 44256,
                      "Plans": [
                        {
                          "Node Type": "Hash Join",
                          "Parent Relationship": "Outer",
                          "Parallel Aware": true,
                          "Join Type": "Inner",
                          "Startup Cost": 19938.43,
                          "Total Cost": 65591.04,
                          "Plan Rows": 231156,
                          "Plan Width": 8,
                          "Actual Startup Time": 115.881,
                          "Actual Total Time": 389.938,
                          "Actual Rows": 230028,
                          "Actual Loops": 4,
                          "Inner Unique": false,
                          "Hash Cond": "(t.id = mi_idx.movie_id)",
                          "Plans": [
                            {
                              "Node Type": "Seq Scan",
                              "Parent Relationship": "Outer",
                              "Parallel Aware": true,
                              "Relation Name": "title",
                              "Alias": "t",
                              "Startup Cost": 0.0,
                              "Total Cost": 42319.06,
                              "Plan Rows": 632106,
                              "Plan Width": 4,
                              "Actual Startup Time": 0.015,
                              "Actual Total Time": 77.628,
                              "Actual Rows": 632078,
                              "Actual Loops": 4
                            },
                            {
                              "Node Type": "Hash",
                              "Parent Relationship": "Inner",
                              "Parallel Aware": true,
                              "Startup Cost": 15122.68,
                              "Total Cost": 15122.68,
                              "Plan Rows": 385260,
                              "Plan Width": 4,
                              "Actual Startup Time": 113.562,
                              "Actual Total Time": 113.563,
                              "Actual Rows": 230028,
                              "Actual Loops": 4,
                              "Hash Buckets": 1048576,
                              "Original Hash Buckets": 1048576,
                              "Hash Batches": 1,
                              "Original Hash Batches": 1,
                              "Peak Memory Usage": 44288,
                              "Plans": [
                                {
                                  "Node Type": "Seq Scan",
                                  "Parent Relationship": "Outer",
                                  "Parallel Aware": true,
                                  "Relation Name": "movie_info_idx",
                                  "Alias": "mi_idx",
                                  "Startup Cost": 0.0,
                                  "Total Cost": 15122.68,
                                  "Plan Rows": 385260,
                                  "Plan Width": 4,
                                  "Actual Startup Time": 0.057,
                                  "Actual Total Time": 47.453,
                                  "Actual Rows": 230028,
                                  "Actual Loops": 4,
                                  "Filter": "(info_type_id > 99)",
                                  "Rows Removed by Filter": 114981
                                }
                              ]
                            }
                          ]
                        }
                      ]
                    }
                  ]
                }
              ]
            }
          ]
        }
      ]
    },
    "Planning Time": 0.819,
    "Triggers": [],
    "Execution Time": 604.444
  }
]