{
  "Plan": {
    "Node Type": "Aggregate",
    "Strategy": "Plain",
    "Partial Mode": "Finalize",
    "Parallel Aware": false,
    "Startup Cost": 126301.8,
    "Total Cost": 126301.81,
    "Plan Rows": 1,
    "Plan Width": 8,
    "Actual Startup Time": 581.584,
    "Actual Total Time": 599.206,
    "Actual Rows": 1,
    "Actual Loops": 1,
    "Plans": [
      {
        "Node Type": "Gather",
        "Parent Relationship": "Outer",
        "Parallel Aware": false,
        "Startup Cost": 126301.69,
        "Total Cost": 126301.8,
        "Plan Rows": 1,
        "Plan Width": 8,
        "Actual Startup Time": 580.727,
        "Actual Total Time": 599.199,
        "Actual Rows": 2,
        "Actual Loops": 1,
        "Workers Planned": 1,
        "Workers Launched": 1,
        "Single Copy": false,
        "Plans": [
          {
            "Node Type": "Aggregate",
            "Strategy": "Plain",
            "Partial Mode": "Partial",
            "Parent Relationship": "Outer",
            "Parallel Aware": false,
            "Startup Cost": 125301.69,
            "Total Cost": 125301.7,
            "Plan Rows": 1,
            "Plan Width": 8,
            "Actual Startup Time": 574.48,
            "Actual Total Time": 574.484,
            "Actual Rows": 1,
            "Actual Loops": 2,
            "Plans": [
              {
                "Node Type": "Hash Join",
                "Parent Relationship": "Outer",
                "Parallel Aware": true,
                "Join Type": "Inner",
                "Startup Cost": 61536.77,
                "Total Cost": 124443.11,
                "Plan Rows": 343429,
                "Plan Width": 0,
                "Actual Startup Time": 201.606,
                "Actual Total Time": 558.454,
                "Actual Rows": 415228,
                "Actual Loops": 2,
                "Inner Unique": true,
                "Hash Cond": "(mk.movie_id = t.id)",
                "Plans": [
                  {
                    "Node Type": "Seq Scan",
                    "Parent Relationship": "Outer",
                    "Parallel Aware": true,
                    "Relation Name": "movie_keyword",
                    "Alias": "mk",
                    "Startup Cost": 0.0,
                    "Total Cost": 57718.19,
                    "Plan Rows": 1976436,
                    "Plan Width": 4,
                    "Actual Startup Time": 0.112,
                    "Actual Total Time": 197.728,
                    "Actual Rows": 1674974,
                    "Actual Loops": 2,
                    "Filter": "(keyword_id > 1382)",
                    "Rows Removed by Filter": 586990
                  },
                  {
                    "Node Type": "Hash",
                    "Parent Relationship": "Inner",
                    "Parallel Aware": true,
                    "Startup Cost": 58306.47,
                    "Total Cost": 58306.47,
                    "Plan Rows": 258424,
                    "Plan Width": 4,
                    "Actual Startup Time": 196.094,
                    "Actual Total Time": 196.095,
                    "Actual Rows": 184123,
                    "Actual Loops": 2,
                    "Hash Buckets": 524288,
                    "Original Hash Buckets": 524288,
                    "Hash Batches": 1,
                    "Original Hash Batches": 1,
                    "Peak Memory Usage": 18560,
                    "Plans": [
                      {
                        "Node Type": "Seq Scan",
                        "Parent Relationship": "Outer",
                        "Parallel Aware": true,
                        "Relation Name": "title",
                        "Alias": "t",
                        "Startup Cost": 0.0,
                        "Total Cost": 58306.47,
                        "Plan Rows": 258424,
                        "Plan Width": 4,
                        "Actual Startup Time": 0.041,
                        "Actual Total Time": 152.117,
                        "Actual Rows": 184123,
                        "Actual Loops": 2,
                        "Filter": "((kind_id < 7) AND (production_year > 2004))",
                        "Rows Removed by Filter": 1080033
                      }
                    ]
                  }
                ]
              }
            ]
          }
        ]
      }
    ]
  },
  "Planning Time": 0.621,
  "Triggers": [],
  "Execution Time": 599.27
}