[
  {
    "Plan": {
      "Node Type": "Aggregate",
      "Strategy": "Plain",
      "Partial Mode": "Finalize",
      "Parallel Aware": false,
      "Startup Cost": 47327.91,
      "Total Cost": 47327.92,
      "Plan Rows": 1,
      "Plan Width": 8,
      "Actual Startup Time": 126.119,
      "Actual Total Time": 139.801,
      "Actual Rows": 1,
      "Actual Loops": 1,
      "Plans": [
        {
          "Node Type": "Gather",
          "Parent Relationship": "Outer",
          "Parallel Aware": false,
          "Startup Cost": 47327.49,
          "Total Cost": 47327.9,
          "Plan Rows": 4,
          "Plan Width": 8,
          "Actual Startup Time": 125.873,
          "Actual Total Time": 139.789,
          "Actual Rows": 5,
          "Actual Loops": 1,
          "Workers Planned": 4,
          "Workers Launched": 4,
          "Single Copy": false,
          "Plans": [
            {
              "Node Type": "Aggregate",
              "Strategy": "Plain",
              "Partial Mode": "Partial",
              "Parent Relationship": "Outer",
              "Parallel Aware": false,
              "Startup Cost": 46327.49,
              "Total Cost": 46327.5,
              "Plan Rows": 1,
              "Plan Width": 8,
              "Actual Startup Time": 116.869,
              "Actual Total Time": 116.87,
              "Actual Rows": 1,
              "Actual Loops": 5,
              "Plans": [
                {
                  "Node Type": "Seq Scan",
                  "Parent Relationship": "Outer",
                  "Parallel Aware": true,
                  "Relation Name": "title",
                  "Alias": "t",
                  "Startup Cost": 0.0,
                  "Total Cost": 45479.59,
                  "Plan Rows": 339160,
                  "Plan Width": 0,
                  "Actual Startup Time": 0.071,
                  "Actual Total Time": 100.985,
                  "Actual Rows": 265556,
                  "Actual Loops": 5,
                  "Filter": "((kind_id > 6) AND (production_year < 2012))",
                  "Rows Removed by Filter": 240106
                }
              ]
            }
          ]
        }
      ]
    },
    "Planning Time": 0.159,
    "Triggers": [],
    "Execution Time": 139.858
  }
]