[
  {
    "Plan": {
      "Node Type": "Aggregate",
      "Strategy": "Plain",
      "Partial Mode": "Finalize",
      "Parallel Aware": false,
      "Startup Cost": 47325.45,
      "Total Cost": 47325.46,
      "Plan Rows": 1,
      "Plan Width": 8,
      "Actual Startup Time": 113.572,
      "Actual Total Time": 126.667,
      "Actual Rows": 1,
      "Actual Loops": 1,
      "Plans": [
        {
          "Node Type": "Gather",
          "Parent Relationship": "Outer",
          "Parallel Aware": false,
          "Startup Cost": 47325.03,
          "Total Cost": 47325.44,
          "Plan Rows": 4,
          "Plan Width": 8,
          "Actual Startup Time": 113.308,
          "Actual Total Time": 126.659,
          "Actual Rows": 5,
          "Actual Loops": 1,
          "Workers Planned": 4,
          "Workers Launched": 4,
          "Single Copy": false,
          "Plans": [
            {
              "Node Type": "Aggregate",
              "Strategy": "Plain",
              "Partial Mode": "Partial",
              "Parent Relationship": "Outer",
              "Parallel Aware": false,
              "Startup Cost": 46325.03,
              "Total Cost": 46325.04,
              "Plan Rows": 1,
              "Plan Width": 8,
              "Actual Startup Time": 104.083,
              "Actual Total Time": 104.084,
              "Actual Rows": 1,
              "Actual Loops": 5,
              "Plans": [
                {
                  "Node Type": "Seq Scan",
                  "Parent Relationship": "Outer",
                  "Parallel Aware": true,
                  "Relation Name": "title",
                  "Alias": "t",
                  "Startup Cost": 0.0,
                  "Total Cost": 45479.1,
                  "Plan Rows": 338374,
                  "Plan Width": 0,
                  "Actual Startup Time": 0.037,
                  "Actual Total Time": 90.007,
                  "Actual Rows": 265556,
                  "Actual Loops": 5,
                  "Filter": "((kind_id > 6) AND (production_year < 2012))",
                  "Rows Removed by Filter": 240106
                }
              ]
            }
          ]
        }
      ]
    },
    "Planning Time": 0.122,
    "Triggers": [],
    "Execution Time": 126.71
  }
]