[
  {
    "Plan": {
      "Node Type": "Aggregate",
      "Strategy": "Plain",
      "Partial Mode": "Finalize",
      "Parallel Aware": false,
      "Startup Cost": 47051.34,
      "Total Cost": 47051.35,
      "Plan Rows": 1,
      "Plan Width": 8,
      "Actual Startup Time": 191.901,
      "Actual Total Time": 201.875,
      "Actual Rows": 1,
      "Actual Loops": 1,
      "Plans": [
        {
          "Node Type": "Gather",
          "Parent Relationship": "Outer",
          "Parallel Aware": false,
          "Startup Cost": 47051.03,
          "Total Cost": 47051.34,
          "Plan Rows": 3,
          "Plan Width": 8,
          "Actual Startup Time": 191.788,
          "Actual Total Time": 201.864,
          "Actual Rows": 4,
          "Actual Loops": 1,
          "Workers Planned": 3,
          "Workers Launched": 3,
          "Single Copy": false,
          "Plans": [
            {
              "Node Type": "Aggregate",
              "Strategy": "Plain",
              "Partial Mode": "Partial",
              "Parent Relationship": "Outer",
              "Parallel Aware": false,
              "Startup Cost": 46051.03,
              "Total Cost": 46051.04,
              "Plan Rows": 1,
              "Plan Width": 8,
              "Actual Startup Time": 187.837,
              "Actual Total Time": 187.839,
              "Actual Rows": 1,
              "Actual Loops": 4,
              "Plans": [
                {
                  "Node Type": "Seq Scan",
                  "Parent Relationship": "Outer",
                  "Parallel Aware": true,
                  "Relation Name": "movie_keyword",
                  "Alias": "mk",
                  "Startup Cost": 0.0,
                  "Total Cost": 42695.65,
                  "Plan Rows": 1342149,
                  "Plan Width": 0,
                  "Actual Startup Time": 0.028,
                  "Actual Total Time": 134.822,
                  "Actual Rows": 1041027,
                  "Actual Loops": 4,
                  "Filter": "(keyword_id < 46298)",
                  "Rows Removed by Filter": 89955
                }
              ]
            }
          ]
        }
      ]
    },
    "Planning Time": 0.103,
    "Triggers": [],
    "Execution Time": 201.907
  }
]