[
  {
    "Plan": {
      "Node Type": "Aggregate",
      "Strategy": "Plain",
      "Partial Mode": "Finalize",
      "Parallel Aware": false,
      "Startup Cost": 47041.11,
      "Total Cost": 47041.12,
      "Plan Rows": 1,
      "Plan Width": 8,
      "Actual Startup Time": 195.246,
      "Actual Total Time": 204.555,
      "Actual Rows": 1,
      "Actual Loops": 1,
      "Plans": [
        {
          "Node Type": "Gather",
          "Parent Relationship": "Outer",
          "Parallel Aware": false,
          "Startup Cost": 47040.8,
          "Total Cost": 47041.11,
          "Plan Rows": 3,
          "Plan Width": 8,
          "Actual Startup Time": 195.136,
          "Actual Total Time": 204.546,
          "Actual Rows": 4,
          "Actual Loops": 1,
          "Workers Planned": 3,
          "Workers Launched": 3,
          "Single Copy": false,
          "Plans": [
            {
              "Node Type": "Aggregate",
              "Strategy": "Plain",
              "Partial Mode": "Partial",
              "Parent Relationship": "Outer",
              "Parallel Aware": false,
              "Startup Cost": 46040.8,
              "Total Cost": 46040.81,
              "Plan Rows": 1,
              "Plan Width": 8,
              "Actual Startup Time": 186.933,
              "Actual Total Time": 186.934,
              "Actual Rows": 1,
              "Actual Loops": 4,
              "Plans": [
                {
                  "Node Type": "Seq Scan",
                  "Parent Relationship": "Outer",
                  "Parallel Aware": true,
                  "Relation Name": "movie_keyword",
                  "Alias": "mk",
                  "Startup Cost": 0.0,
                  "Total Cost": 42695.65,
                  "Plan Rows": 1338057,
                  "Plan Width": 0,
                  "Actual Startup Time": 0.06,
                  "Actual Total Time": 135.538,
                  "Actual Rows": 1041027,
                  "Actual Loops": 4,
                  "Filter": "(keyword_id < 46298)",
                  "Rows Removed by Filter": 89955
                }
              ]
            }
          ]
        }
      ]
    },
    "Planning Time": 0.182,
    "Triggers": [],
    "Execution Time": 204.617
  }
]