[
  {
    "Plan": {
      "Node Type": "Aggregate",
      "Strategy": "Plain",
      "Partial Mode": "Finalize",
      "Parallel Aware": false,
      "Startup Cost": 46265.75,
      "Total Cost": 46265.76,
      "Plan Rows": 1,
      "Plan Width": 8,
      "Actual Startup Time": 138.439,
      "Actual Total Time": 146.767,
      "Actual Rows": 1,
      "Actual Loops": 1,
      "Plans": [
        {
          "Node Type": "Gather",
          "Parent Relationship": "Outer",
          "Parallel Aware": false,
          "Startup Cost": 46265.43,
          "Total Cost": 46265.74,
          "Plan Rows": 3,
          "Plan Width": 8,
          "Actual Startup Time": 138.379,
          "Actual Total Time": 146.762,
          "Actual Rows": 4,
          "Actual Loops": 1,
          "Workers Planned": 3,
          "Workers Launched": 3,
          "Single Copy": false,
          "Plans": [
            {
              "Node Type": "Aggregate",
              "Strategy": "Plain",
              "Partial Mode": "Partial",
              "Parent Relationship": "Outer",
              "Parallel Aware": false,
              "Startup Cost": 45265.43,
              "Total Cost": 45265.44,
              "Plan Rows": 1,
              "Plan Width": 8,
              "Actual Startup Time": 135.916,
              "Actual Total Time": 135.917,
              "Actual Rows": 1,
              "Actual Loops": 4,
              "Plans": [
                {
                  "Node Type": "Seq Scan",
                  "Parent Relationship": "Outer",
                  "Parallel Aware": true,
                  "Relation Name": "movie_keyword",
                  "Alias": "mk",
                  "Startup Cost": 0.0,
                  "Total Cost": 42695.65,
                  "Plan Rows": 1027911,
                  "Plan Width": 0,
                  "Actual Startup Time": 0.016,
                  "Actual Total Time": 101.924,
                  "Actual Rows": 802316,
                  "Actual Loops": 4,
                  "Filter": "(keyword_id < 13349)",
                  "Rows Removed by Filter": 328666
                }
              ]
            }
          ]
        }
      ]
    },
    "Planning Time": 0.069,
    "Triggers": [],
    "Execution Time": 146.789
  }
]