[
  {
    "Plan": {
      "Node Type": "Aggregate",
      "Strategy": "Plain",
      "Partial Mode": "Finalize",
      "Parallel Aware": false,
      "Startup Cost": 46294.09,
      "Total Cost": 46294.1,
      "Plan Rows": 1,
      "Plan Width": 8,
      "Actual Startup Time": 163.236,
      "Actual Total Time": 173.026,
      "Actual Rows": 1,
      "Actual Loops": 1,
      "Plans": [
        {
          "Node Type": "Gather",
          "Parent Relationship": "Outer",
          "Parallel Aware": false,
          "Startup Cost": 46293.77,
          "Total Cost": 46294.08,
          "Plan Rows": 3,
          "Plan Width": 8,
          "Actual Startup Time": 163.123,
          "Actual Total Time": 173.018,
          "Actual Rows": 4,
          "Actual Loops": 1,
          "Workers Planned": 3,
          "Workers Launched": 3,
          "Single Copy": false,
          "Plans": [
            {
              "Node Type": "Aggregate",
              "Strategy": "Plain",
              "Partial Mode": "Partial",
              "Parent Relationship": "Outer",
              "Parallel Aware": false,
              "Startup Cost": 45293.77,
              "Total Cost": 45293.78,
              "Plan Rows": 1,
              "Plan Width": 8,
              "Actual Startup Time": 157.216,
              "Actual Total Time": 157.217,
              "Actual Rows": 1,
              "Actual Loops": 4,
              "Plans": [
                {
                  "Node Type": "Seq Scan",
                  "Parent Relationship": "Outer",
                  "Parallel Aware": true,
                  "Relation Name": "movie_keyword",
                  "Alias": "mk",
                  "Startup Cost": 0.0,
                  "Total Cost": 42695.65,
                  "Plan Rows": 1039248,
                  "Plan Width": 0,
                  "Actual Startup Time": 0.046,
                  "Actual Total Time": 120.428,
                  "Actual Rows": 802316,
                  "Actual Loops": 4,
                  "Filter": "(keyword_id < 13349)",
                  "Rows Removed by Filter": 328666
                }
              ]
            }
          ]
        }
      ]
    },
    "Planning Time": 0.121,
    "Triggers": [],
    "Execution Time": 173.063
  }
]