{
  "Plan": {
    "Node Type": "Aggregate",
    "Strategy": "Plain",
    "Partial Mode": "Finalize",
    "Parallel Aware": false,
    "Startup Cost": 292833.21,
    "Total Cost": 292833.22,
    "Plan Rows": 1,
    "Plan Width": 8,
    "Actual Startup Time": 702.851,
    "Actual Total Time": 721.641,
    "Actual Rows": 1,
    "Actual Loops": 1,
    "Plans": [
      {
        "Node Type": "Gather",
        "Parent Relationship": "Outer",
        "Parallel Aware": false,
        "Startup Cost": 292833.1,
        "Total Cost": 292833.21,
        "Plan Rows": 1,
        "Plan Width": 8,
        "Actual Startup Time": 700.119,
        "Actual Total Time": 721.634,
        "Actual Rows": 2,
        "Actual Loops": 1,
        "Workers Planned": 1,
        "Workers Launched": 1,
        "Single Copy": false,
        "Plans": [
          {
            "Node Type": "Aggregate",
            "Strategy": "Plain",
            "Partial Mode": "Partial",
            "Parent Relationship": "Outer",
            "Parallel Aware": false,
            "Startup Cost": 291833.1,
            "Total Cost": 291833.11,
            "Plan Rows": 1,
            "Plan Width": 8,
            "Actual Startup Time": 692.046,
            "Actual Total Time": 692.053,
            "Actual Rows": 1,
            "Actual Loops": 2,
            "Plans": [
              {
                "Node Type": "Hash Join",
                "Parent Relationship": "Outer",
                "Parallel Aware": true,
                "Join Type": "Inner",
                "Startup Cost": 119346.91,
                "Total Cost": 291804.43,
                "Plan Rows": 11469,
                "Plan Width": 0,
                "Actual Startup Time": 528.581,
                "Actual Total Time": 640.741,
                "Actual Rows": 1260900,
                "Actual Loops": 2,
                "Inner Unique": false,
                "Hash Cond": "(mi.movie_id = t.id)",
                "Plans": [
                  {
                    "Node Type": "Bitmap Heap Scan",
                    "Parent Relationship": "Outer",
                    "Parallel Aware": true,
                    "Relation Name": "movie_info",
                    "Alias": "mi",
                    "Startup Cost": 3607.36,
                    "Total Cost": 175558.24,
                    "Plan Rows": 117110,
                    "Plan Width": 4,
                    "Actual Startup Time": 11.26,
                    "Actual Total Time": 27.214,
                    "Actual Rows": 90056,
                    "Actual Loops": 2,
                    "Recheck Cond": "(info_type_id = 13)",
                    "Rows Removed by Index Recheck": 0,
                    "Exact Heap Blocks": 2913,
                    "Lossy Heap Blocks": 0,
                    "Plans": [
                      {
                        "Node Type": "Bitmap Index Scan",
                        "Parent Relationship": "Outer",
                        "Parallel Aware": false,
                        "Index Name": "info_type_id_movie_info",
                        "Startup Cost": 0.0,
                        "Total Cost": 3557.59,
                        "Plan Rows": 199087,
                        "Plan Width": 0,
                        "Actual Startup Time": 10.494,
                        "Actual Total Time": 10.495,
                        "Actual Rows": 180112,
                        "Actual Loops": 1,
                        "Index Cond": "(info_type_id = 13)"
                      }
                    ]
                  },
                  {
                    "Node Type": "Hash",
                    "Parent Relationship": "Inner",
                    "Parallel Aware": true,
                    "Startup Cost": 113918.88,
                    "Total Cost": 113918.88,
                    "Plan Rows": 145654,
                    "Plan Width": 8,
                    "Actual Startup Time": 513.843,
                    "Actual Total Time": 513.847,
                    "Actual Rows": 235477,
                    "Actual Loops": 2,
                    "Hash Buckets": 524288,
                    "Original Hash Buckets": 262144,
                    "Hash Batches": 1,
                    "Original Hash Batches": 1,
                    "Peak Memory Usage": 24576,
                    "Plans": [
                      {
                        "Node Type": "Hash Join",
                        "Parent Relationship": "Outer",
                        "Parallel Aware": true,
                        "Join Type": "Inner",
                        "Startup Cost": 81846.83,
                        "Total Cost": 113918.88,
                        "Plan Rows": 145654,
                        "Plan Width": 8,
                        "Actual Startup Time": 297.332,
                        "Actual Total Time": 465.909,
                        "Actual Rows": 235477,
                        "Actual Loops": 2,
                        "Inner Unique": true,
                        "Hash Cond": "(mk.movie_id = t.id)",
                        "Plans": [
                          {
                            "Node Type": "Bitmap Heap Scan",
                            "Parent Relationship": "Outer",
                            "Parallel Aware": true,
                            "Relation Name": "movie_keyword",
                            "Alias": "mk",
                            "Startup Cost": 18164.32,
                            "Total Cost": 48914.22,
                            "Plan Rows": 503672,
                            "Plan Width": 4,
                            "Actual Startup Time": 54.351,
                            "Actual Total Time": 141.563,
                            "Actual Rows": 424610,
                            "Actual Loops": 2,
                            "Recheck Cond": "(keyword_id > 21623)",
                            "Rows Removed by Index Recheck": 0,
                            "Exact Heap Blocks": 13676,
                            "Lossy Heap Blocks": 0,
                            "Plans": [
                              {
                                "Node Type": "Bitmap Index Scan",
                                "Parent Relationship": "Outer",
                                "Parallel Aware": false,
                                "Index Name": "keyword_id_movie_keyword",
                                "Startup Cost": 0.0,
                                "Total Cost": 17950.25,
                                "Plan Rows": 856243,
                                "Plan Width": 0,
                                "Actual Startup Time": 50.675,
                                "Actual Total Time": 50.675,
                                "Actual Rows": 849219,
                                "Actual Loops": 1,
                                "Index Cond": "(keyword_id > 21623)"
                              }
                            ]
                          },
                          {
                            "Node Type": "Hash",
                            "Parent Relationship": "Inner",
                            "Parallel Aware": true,
                            "Startup Cost": 58306.47,
                            "Total Cost": 58306.47,
                            "Plan Rows": 430084,
                            "Plan Width": 4,
                            "Actual Startup Time": 235.634,
                            "Actual Total Time": 235.635,
                            "Actual Rows": 312406,
                            "Actual Loops": 2,
                            "Hash Buckets": 1048576,
                            "Original Hash Buckets": 1048576,
                            "Hash Batches": 1,
                            "Original Hash Batches": 1,
                            "Peak Memory Usage": 32672,
                            "Plans": [
                              {
                                "Node Type": "Seq Scan",
                                "Parent Relationship": "Outer",
                                "Parallel Aware": true,
                                "Relation Name": "title",
                                "Alias": "t",
                                "Startup Cost": 0.0,
                                "Total Cost": 58306.47,
                                "Plan Rows": 430084,
                                "Plan Width": 4,
                                "Actual Startup Time": 0.034,
                                "Actual Total Time": 153.539,
                                "Actual Rows": 312406,
                                "Actual Loops": 2,
                                "Filter": "((kind_id < 4) AND (production_year > 1965))",
                                "Rows Removed by Filter": 951750
                              }
                            ]
                          }
                        ]
                      }
                    ]
                  }
                ]
              }
            ]
          }
        ]
      }
    ]
  },
  "Planning Time": 0.977,
  "Triggers": [],
  "Execution Time": 721.818
}