{
  "Plan": {
    "Node Type": "Aggregate",
    "Strategy": "Plain",
    "Partial Mode": "Finalize",
    "Parallel Aware": false,
    "Startup Cost": 360562.94,
    "Total Cost": 360562.95,
    "Plan Rows": 1,
    "Plan Width": 8,
    "Actual Startup Time": 1668.337,
    "Actual Total Time": 1718.036,
    "Actual Rows": 1,
    "Actual Loops": 1,
    "Plans": [
      {
        "Node Type": "Gather",
        "Parent Relationship": "Outer",
        "Parallel Aware": false,
        "Startup Cost": 360562.83,
        "Total Cost": 360562.94,
        "Plan Rows": 1,
        "Plan Width": 8,
        "Actual Startup Time": 1668.018,
        "Actual Total Time": 1718.025,
        "Actual Rows": 2,
        "Actual Loops": 1,
        "Workers Planned": 1,
        "Workers Launched": 1,
        "Single Copy": false,
        "Plans": [
          {
            "Node Type": "Aggregate",
            "Strategy": "Plain",
            "Partial Mode": "Partial",
            "Parent Relationship": "Outer",
            "Parallel Aware": false,
            "Startup Cost": 359562.83,
            "Total Cost": 359562.84,
            "Plan Rows": 1,
            "Plan Width": 8,
            "Actual Startup Time": 1662.244,
            "Actual Total Time": 1662.25,
            "Actual Rows": 1,
            "Actual Loops": 2,
            "Plans": [
              {
                "Node Type": "Hash Join",
                "Parent Relationship": "Outer",
                "Parallel Aware": true,
                "Join Type": "Inner",
                "Startup Cost": 77810.49,
                "Total Cost": 359507.48,
                "Plan Rows": 22141,
                "Plan Width": 0,
                "Actual Startup Time": 129.686,
                "Actual Total Time": 1647.35,
                "Actual Rows": 289410,
                "Actual Loops": 2,
                "Inner Unique": false,
                "Hash Cond": "(mi.movie_id = t.id)",
                "Plans": [
                  {
                    "Node Type": "Seq Scan",
                    "Parent Relationship": "Outer",
                    "Parallel Aware": true,
                    "Relation Name": "movie_info",
                    "Alias": "mi",
                    "Startup Cost": 0.0,
                    "Total Cost": 248955.74,
                    "Plan Rows": 8696274,
                    "Plan Width": 4,
                    "Actual Startup Time": 0.012,
                    "Actual Total Time": 759.602,
                    "Actual Rows": 7417860,
                    "Actual Loops": 2
                  },
                  {
                    "Node Type": "Hash",
                    "Parent Relationship": "Inner",
                    "Parallel Aware": true,
                    "Startup Cost": 77763.17,
                    "Total Cost": 77763.17,
                    "Plan Rows": 3786,
                    "Plan Width": 8,
                    "Actual Startup Time": 57.229,
                    "Actual Total Time": 57.232,
                    "Actual Rows": 15410,
                    "Actual Loops": 2,
                    "Hash Buckets": 32768,
                    "Original Hash Buckets": 8192,
                    "Hash Batches": 1,
                    "Original Hash Batches": 1,
                    "Peak Memory Usage": 1696,
                    "Plans": [
                      {
                        "Node Type": "Nested Loop",
                        "Parent Relationship": "Outer",
                        "Parallel Aware": false,
                        "Join Type": "Inner",
                        "Startup Cost": 724.39,
                        "Total Cost": 77763.17,
                        "Plan Rows": 3786,
                        "Plan Width": 8,
                        "Actual Startup Time": 1.2,
                        "Actual Total Time": 49.704,
                        "Actual Rows": 15410,
                        "Actual Loops": 2,
                        "Inner Unique": true,
                        "Plans": [
                          {
                            "Node Type": "Bitmap Heap Scan",
                            "Parent Relationship": "Outer",
                            "Parallel Aware": true,
                            "Relation Name": "movie_companies",
                            "Alias": "mc",
                            "Startup Cost": 723.96,
                            "Total Cost": 20277.94,
                            "Plan Rows": 10006,
                            "Plan Width": 4,
                            "Actual Startup Time": 1.082,
                            "Actual Total Time": 6.455,
                            "Actual Rows": 15590,
                            "Actual Loops": 2,
                            "Recheck Cond": "(company_id > 206726)",
                            "Rows Removed by Index Recheck": 0,
                            "Filter": "(company_type_id > 1)",
                            "Rows Removed by Filter": 0,
                            "Exact Heap Blocks": 823,
                            "Lossy Heap Blocks": 0,
                            "Plans": [
                              {
                                "Node Type": "Bitmap Index Scan",
                                "Parent Relationship": "Outer",
                                "Parallel Aware": false,
                                "Index Name": "company_id_movie_companies",
                                "Startup Cost": 0.0,
                                "Total Cost": 719.7,
                                "Plan Rows": 33503,
                                "Plan Width": 0,
                                "Actual Startup Time": 1.805,
                                "Actual Total Time": 1.805,
                                "Actual Rows": 31180,
                                "Actual Loops": 1,
                                "Index Cond": "(company_id > 206726)"
                              }
                            ]
                          },
                          {
                            "Node Type": "Index Scan",
                            "Parent Relationship": "Inner",
                            "Parallel Aware": false,
                            "Scan Direction": "Forward",
                            "Index Name": "title_pkey",
                            "Relation Name": "title",
                            "Alias": "t",
                            "Startup Cost": 0.43,
                            "Total Cost": 5.75,
                            "Plan Rows": 1,
                            "Plan Width": 4,
                            "Actual Startup Time": 0.002,
                            "Actual Total Time": 0.002,
                            "Actual Rows": 1,
                            "Actual Loops": 31180,
                            "Index Cond": "(id = mc.movie_id)",
                            "Rows Removed by Index Recheck": 0,
                            "Filter": "((kind_id < 7) AND (production_year > 1908))",
                            "Rows Removed by Filter": 0
                          }
                        ]
                      }
                    ]
                  }
                ]
              }
            ]
          }
        ]
      }
    ]
  },
  "Planning Time": 0.59,
  "Triggers": [],
  "Execution Time": 1718.124
}