[
  {
    "Plan": {
      "Node Type": "Aggregate",
      "Strategy": "Plain",
      "Partial Mode": "Finalize",
      "Parallel Aware": false,
      "Startup Cost": 30767.91,
      "Total Cost": 30767.92,
      "Plan Rows": 1,
      "Plan Width": 8,
      "Actual Startup Time": 91.289,
      "Actual Total Time": 99.248,
      "Actual Rows": 1,
      "Actual Loops": 1,
      "Plans": [
        {
          "Node Type": "Gather",
          "Parent Relationship": "Outer",
          "Parallel Aware": false,
          "Startup Cost": 30767.6,
          "Total Cost": 30767.91,
          "Plan Rows": 3,
          "Plan Width": 8,
          "Actual Startup Time": 91.184,
          "Actual Total Time": 99.239,
          "Actual Rows": 4,
          "Actual Loops": 1,
          "Workers Planned": 3,
          "Workers Launched": 3,
          "Single Copy": false,
          "Plans": [
            {
              "Node Type": "Aggregate",
              "Strategy": "Plain",
              "Partial Mode": "Partial",
              "Parent Relationship": "Outer",
              "Parallel Aware": false,
              "Startup Cost": 29767.6,
              "Total Cost": 29767.61,
              "Plan Rows": 1,
              "Plan Width": 8,
              "Actual Startup Time": 83.485,
              "Actual Total Time": 83.486,
              "Actual Rows": 1,
              "Actual Loops": 4,
              "Plans": [
                {
                  "Node Type": "Seq Scan",
                  "Parent Relationship": "Outer",
                  "Parallel Aware": true,
                  "Relation Name": "movie_companies",
                  "Alias": "mc",
                  "Startup Cost": 0.0,
                  "Total Cost": 29310.68,
                  "Plan Rows": 182766,
                  "Plan Width": 0,
                  "Actual Startup Time": 0.044,
                  "Actual Total Time": 73.776,
                  "Actual Rows": 140420,
                  "Actual Loops": 4,
                  "Filter": "(company_id < 596)",
                  "Rows Removed by Filter": 511863
                }
              ]
            }
          ]
        }
      ]
    },
    "Planning Time": 0.2,
    "Triggers": [],
    "Execution Time": 99.307
  }
]