[
  {
    "Plan": {
      "Node Type": "Aggregate",
      "Strategy": "Plain",
      "Partial Mode": "Finalize",
      "Parallel Aware": false,
      "Startup Cost": 157341.37,
      "Total Cost": 157341.38,
      "Plan Rows": 1,
      "Plan Width": 8,
      "Actual Startup Time": 258.384,
      "Actual Total Time": 268.813,
      "Actual Rows": 1,
      "Actual Loops": 1,
      "Plans": [
        {
          "Node Type": "Gather",
          "Parent Relationship": "Outer",
          "Parallel Aware": false,
          "Startup Cost": 157340.85,
          "Total Cost": 157341.36,
          "Plan Rows": 5,
          "Plan Width": 8,
          "Actual Startup Time": 258.296,
          "Actual Total Time": 268.802,
          "Actual Rows": 6,
          "Actual Loops": 1,
          "Workers Planned": 5,
          "Workers Launched": 5,
          "Single Copy": false,
          "Plans": [
            {
              "Node Type": "Aggregate",
              "Strategy": "Plain",
              "Partial Mode": "Partial",
              "Parent Relationship": "Outer",
              "Parallel Aware": false,
              "Startup Cost": 156340.85,
              "Total Cost": 156340.86,
              "Plan Rows": 1,
              "Plan Width": 8,
              "Actual Startup Time": 254.222,
              "Actual Total Time": 254.223,
              "Actual Rows": 1,
              "Actual Loops": 6,
              "Plans": [
                {
                  "Node Type": "Index Scan",
                  "Parent Relationship": "Outer",
                  "Parallel Aware": true,
                  "Scan Direction": "Forward",
                  "Index Name": "role_id_cast_info",
                  "Relation Name": "cast_info",
                  "Alias": "ci",
                  "Startup Cost": 0.56,
                  "Total Cost": 154655.9,
                  "Plan Rows": 673977,
                  "Plan Width": 0,
                  "Actual Startup Time": 0.08,
                  "Actual Total Time": 209.999,
                  "Actual Rows": 819289,
                  "Actual Loops": 6,
                  "Index Cond": "(role_id > 8)",
                  "Rows Removed by Index Recheck": 0,
                  "Filter": "(person_id > 1447255)",
                  "Rows Removed by Filter": 136160
                }
              ]
            }
          ]
        }
      ]
    },
    "Planning Time": 0.078,
    "Triggers": [],
    "Execution Time": 268.84
  }
]