[
  {
    "Plan": {
      "Node Type": "Aggregate",
      "Strategy": "Plain",
      "Partial Mode": "Finalize",
      "Parallel Aware": false,
      "Startup Cost": 46734.96,
      "Total Cost": 46734.97,
      "Plan Rows": 1,
      "Plan Width": 8,
      "Actual Startup Time": 185.639,
      "Actual Total Time": 197.532,
      "Actual Rows": 1,
      "Actual Loops": 1,
      "Plans": [
        {
          "Node Type": "Gather",
          "Parent Relationship": "Outer",
          "Parallel Aware": false,
          "Startup Cost": 46734.64,
          "Total Cost": 46734.95,
          "Plan Rows": 3,
          "Plan Width": 8,
          "Actual Startup Time": 185.478,
          "Actual Total Time": 197.521,
          "Actual Rows": 4,
          "Actual Loops": 1,
          "Workers Planned": 3,
          "Workers Launched": 3,
          "Single Copy": false,
          "Plans": [
            {
              "Node Type": "Aggregate",
              "Strategy": "Plain",
              "Partial Mode": "Partial",
              "Parent Relationship": "Outer",
              "Parallel Aware": false,
              "Startup Cost": 45734.64,
              "Total Cost": 45734.65,
              "Plan Rows": 1,
              "Plan Width": 8,
              "Actual Startup Time": 181.216,
              "Actual Total Time": 181.217,
              "Actual Rows": 1,
              "Actual Loops": 4,
              "Plans": [
                {
                  "Node Type": "Seq Scan",
                  "Parent Relationship": "Outer",
                  "Parallel Aware": true,
                  "Relation Name": "movie_keyword",
                  "Alias": "mk",
                  "Startup Cost": 0.0,
                  "Total Cost": 42695.65,
                  "Plan Rows": 1215595,
                  "Plan Width": 0,
                  "Actual Startup Time": 0.032,
                  "Actual Total Time": 133.09,
                  "Actual Rows": 943722,
                  "Actual Loops": 4,
                  "Filter": "(keyword_id < 24966)",
                  "Rows Removed by Filter": 187261
                }
              ]
            }
          ]
        }
      ]
    },
    "Planning Time": 0.184,
    "Triggers": [],
    "Execution Time": 197.596
  }
]