[
  {
    "Plan": {
      "Node Type": "Aggregate",
      "Strategy": "Plain",
      "Partial Mode": "Finalize",
      "Parallel Aware": false,
      "Startup Cost": 46643.25,
      "Total Cost": 46643.26,
      "Plan Rows": 1,
      "Plan Width": 8,
      "Actual Startup Time": 94.87,
      "Actual Total Time": 106.72,
      "Actual Rows": 1,
      "Actual Loops": 1,
      "Plans": [
        {
          "Node Type": "Gather",
          "Parent Relationship": "Outer",
          "Parallel Aware": false,
          "Startup Cost": 46642.83,
          "Total Cost": 46643.24,
          "Plan Rows": 4,
          "Plan Width": 8,
          "Actual Startup Time": 94.723,
          "Actual Total Time": 106.711,
          "Actual Rows": 5,
          "Actual Loops": 1,
          "Workers Planned": 4,
          "Workers Launched": 4,
          "Single Copy": false,
          "Plans": [
            {
              "Node Type": "Aggregate",
              "Strategy": "Plain",
              "Partial Mode": "Partial",
              "Parent Relationship": "Outer",
              "Parallel Aware": false,
              "Startup Cost": 45642.83,
              "Total Cost": 45642.84,
              "Plan Rows": 1,
              "Plan Width": 8,
              "Actual Startup Time": 86.451,
              "Actual Total Time": 86.452,
              "Actual Rows": 1,
              "Actual Loops": 5,
              "Plans": [
                {
                  "Node Type": "Seq Scan",
                  "Parent Relationship": "Outer",
                  "Parallel Aware": true,
                  "Relation Name": "title",
                  "Alias": "t",
                  "Startup Cost": 0.0,
                  "Total Cost": 45479.1,
                  "Plan Rows": 65492,
                  "Plan Width": 0,
                  "Actual Startup Time": 0.04,
                  "Actual Total Time": 84.383,
                  "Actual Rows": 27995,
                  "Actual Loops": 5,
                  "Filter": "((kind_id > 1) AND (production_year < 1970))",
                  "Rows Removed by Filter": 477668
                }
              ]
            }
          ]
        }
      ]
    },
    "Planning Time": 0.255,
    "Triggers": [],
    "Execution Time": 106.783
  }
]