{
  "Plan": {
    "Node Type": "Aggregate",
    "Strategy": "Plain",
    "Partial Mode": "Finalize",
    "Parallel Aware": false,
    "Startup Cost": 1000249.14,
    "Total Cost": 1000249.15,
    "Plan Rows": 1,
    "Plan Width": 8,
    "Actual Startup Time": 7509.341,
    "Actual Total Time": 7615.371,
    "Actual Rows": 1,
    "Actual Loops": 1,
    "Plans": [
      {
        "Node Type": "Gather",
        "Parent Relationship": "Outer",
        "Parallel Aware": false,
        "Startup Cost": 1000249.03,
        "Total Cost": 1000249.14,
        "Plan Rows": 1,
        "Plan Width": 8,
        "Actual Startup Time": 7505.304,
        "Actual Total Time": 7615.363,
        "Actual Rows": 2,
        "Actual Loops": 1,
        "Workers Planned": 1,
        "Workers Launched": 1,
        "Single Copy": false,
        "Plans": [
          {
            "Node Type": "Aggregate",
            "Strategy": "Plain",
            "Partial Mode": "Partial",
            "Parent Relationship": "Outer",
            "Parallel Aware": false,
            "Startup Cost": 999249.03,
            "Total Cost": 999249.04,
            "Plan Rows": 1,
            "Plan Width": 8,
            "Actual Startup Time": 7496.913,
            "Actual Total Time": 7496.919,
            "Actual Rows": 1,
            "Actual Loops": 2,
            "Plans": [
              {
                "Node Type": "Hash Join",
                "Parent Relationship": "Outer",
                "Parallel Aware": true,
                "Join Type": "Inner",
                "Startup Cost": 658281.05,
                "Total Cost": 984774.91,
                "Plan Rows": 5789647,
                "Plan Width": 0,
                "Actual Startup Time": 3052.037,
                "Actual Total Time": 6895.794,
                "Actual Rows": 15028108,
                "Actual Loops": 2,
                "Inner Unique": false,
                "Hash Cond": "(mi.movie_id = t.id)",
                "Plans": [
                  {
                    "Node Type": "Seq Scan",
                    "Parent Relationship": "Outer",
                    "Parallel Aware": true,
                    "Relation Name": "movie_info",
                    "Alias": "mi",
                    "Startup Cost": 0.0,
                    "Total Cost": 248955.74,
                    "Plan Rows": 8696274,
                    "Plan Width": 4,
                    "Actual Startup Time": 0.016,
                    "Actual Total Time": 631.174,
                    "Actual Rows": 7417860,
                    "Actual Loops": 2
                  },
                  {
                    "Node Type": "Hash",
                    "Parent Relationship": "Inner",
                    "Parallel Aware": true,
                    "Startup Cost": 645904.27,
                    "Total Cost": 645904.27,
                    "Plan Rows": 990142,
                    "Plan Width": 8,
                    "Actual Startup Time": 3033.521,
                    "Actual Total Time": 3033.524,
                    "Actual Rows": 966779,
                    "Actual Loops": 2,
                    "Hash Buckets": 2097152,
                    "Original Hash Buckets": 2097152,
                    "Hash Batches": 1,
                    "Original Hash Batches": 1,
                    "Peak Memory Usage": 92032,
                    "Plans": [
                      {
                        "Node Type": "Hash Join",
                        "Parent Relationship": "Outer",
                        "Parallel Aware": true,
                        "Join Type": "Inner",
                        "Startup Cost": 57619.99,
                        "Total Cost": 645904.27,
                        "Plan Rows": 990142,
                        "Plan Width": 8,
                        "Actual Startup Time": 193.09,
                        "Actual Total Time": 2751.411,
                        "Actual Rows": 966779,
                        "Actual Loops": 2,
                        "Inner Unique": true,
                        "Hash Cond": "(ci.movie_id = t.id)",
                        "Plans": [
                          {
                            "Node Type": "Seq Scan",
                            "Parent Relationship": "Outer",
                            "Parallel Aware": true,
                            "Relation Name": "cast_info",
                            "Alias": "ci",
                            "Startup Cost": 0.0,
                            "Total Cost": 572345.93,
                            "Plan Rows": 6071746,
                            "Plan Width": 4,
                            "Actual Startup Time": 0.02,
                            "Actual Total Time": 1583.573,
                            "Actual Rows": 5677078,
                            "Actual Loops": 2,
                            "Filter": "((person_id < 1165331) AND (role_id < 10))",
                            "Rows Removed by Filter": 12445094
                          },
                          {
                            "Node Type": "Hash",
                            "Parent Relationship": "Inner",
                            "Parallel Aware": true,
                            "Startup Cost": 54588.39,
                            "Total Cost": 54588.39,
                            "Plan Rows": 242528,
                            "Plan Width": 4,
                            "Actual Startup Time": 190.601,
                            "Actual Total Time": 190.601,
                            "Actual Rows": 211890,
                            "Actual Loops": 2,
                            "Hash Buckets": 524288,
                            "Original Hash Buckets": 524288,
                            "Hash Batches": 1,
                            "Original Hash Batches": 1,
                            "Peak Memory Usage": 20704,
                            "Plans": [
                              {
                                "Node Type": "Seq Scan",
                                "Parent Relationship": "Outer",
                                "Parallel Aware": true,
                                "Relation Name": "title",
                                "Alias": "t",
                                "Startup Cost": 0.0,
                                "Total Cost": 54588.39,
                                "Plan Rows": 242528,
                                "Plan Width": 4,
                                "Actual Startup Time": 0.03,
                                "Actual Total Time": 140.166,
                                "Actual Rows": 211890,
                                "Actual Loops": 2,
                                "Filter": "(production_year < 1974)",
                                "Rows Removed by Filter": 1052266
                              }
                            ]
                          }
                        ]
                      }
                    ]
                  }
                ]
              }
            ]
          }
        ]
      }
    ]
  },
  "Planning Time": 0.952,
  "Triggers": [],
  "Execution Time": 7615.473
}