[
    {
        "Bao": {
            "Bao prediction": "NaN",
            "Bao recommended hint": "(no hint)"
        }
    },
    {
        "Plan": {
            "Node Type": "Aggregate",
            "Strategy": "Plain",
            "Partial Mode": "Finalize",
            "Parallel Aware": false,
            "Startup Cost": 33339.69,
            "Total Cost": 33339.7,
            "Plan Rows": 1,
            "Plan Width": 8,
            "Actual Startup Time": 102.092,
            "Actual Total Time": 107.042,
            "Actual Rows": 1,
            "Actual Loops": 1,
            "Output": [
                "count(*)"
            ],
            "Plans": [
                {
                    "Node Type": "Gather",
                    "Parent Relationship": "Outer",
                    "Parallel Aware": false,
                    "Startup Cost": 33339.37,
                    "Total Cost": 33339.68,
                    "Plan Rows": 3,
                    "Plan Width": 8,
                    "Actual Startup Time": 102.019,
                    "Actual Total Time": 107.035,
                    "Actual Rows": 4,
                    "Actual Loops": 1,
                    "Output": [
                        "(PARTIAL count(*))"
                    ],
                    "Workers Planned": 3,
                    "Workers Launched": 3,
                    "Single Copy": false,
                    "Plans": [
                        {
                            "Node Type": "Aggregate",
                            "Strategy": "Plain",
                            "Partial Mode": "Partial",
                            "Parent Relationship": "Outer",
                            "Parallel Aware": false,
                            "Startup Cost": 32339.37,
                            "Total Cost": 32339.38,
                            "Plan Rows": 1,
                            "Plan Width": 8,
                            "Actual Startup Time": 94.03,
                            "Actual Total Time": 94.031,
                            "Actual Rows": 1,
                            "Actual Loops": 4,
                            "Output": [
                                "PARTIAL count(*)"
                            ],
                            "Workers": [
                                {
                                    "Worker Number": 0,
                                    "Actual Startup Time": 91.298,
                                    "Actual Total Time": 91.299,
                                    "Actual Rows": 1,
                                    "Actual Loops": 1
                                },
                                {
                                    "Worker Number": 1,
                                    "Actual Startup Time": 91.229,
                                    "Actual Total Time": 91.23,
                                    "Actual Rows": 1,
                                    "Actual Loops": 1
                                },
                                {
                                    "Worker Number": 2,
                                    "Actual Startup Time": 91.824,
                                    "Actual Total Time": 91.825,
                                    "Actual Rows": 1,
                                    "Actual Loops": 1
                                }
                            ],
                            "Plans": [
                                {
                                    "Node Type": "Seq Scan",
                                    "Parent Relationship": "Outer",
                                    "Parallel Aware": true,
                                    "Relation Name": "movie_companies",
                                    "Schema": "public",
                                    "Alias": "mc",
                                    "Startup Cost": 0.0,
                                    "Total Cost": 31414.82,
                                    "Plan Rows": 369821,
                                    "Plan Width": 0,
                                    "Actual Startup Time": 42.031,
                                    "Actual Total Time": 80.182,
                                    "Actual Rows": 314013,
                                    "Actual Loops": 4,
                                    "Output": [
                                        "id",
                                        "movie_id",
                                        "company_id",
                                        "company_type_id",
                                        "note"
                                    ],
                                    "Filter": "((mc.company_id > 171) AND (mc.company_type_id > 1))",
                                    "Rows Removed by Filter": 338269,
                                    "Workers": [
                                        {
                                            "Worker Number": 0,
                                            "Actual Startup Time": 39.291,
                                            "Actual Total Time": 77.702,
                                            "Actual Rows": 208203,
                                            "Actual Loops": 1
                                        },
                                        {
                                            "Worker Number": 1,
                                            "Actual Startup Time": 39.234,
                                            "Actual Total Time": 77.909,
                                            "Actual Rows": 329383,
                                            "Actual Loops": 1
                                        },
                                        {
                                            "Worker Number": 2,
                                            "Actual Startup Time": 39.829,
                                            "Actual Total Time": 78.169,
                                            "Actual Rows": 339614,
                                            "Actual Loops": 1
                                        }
                                    ]
                                }
                            ]
                        }
                    ]
                }
            ]
        },
        "Planning Time": 175.494,
        "Triggers": [],
        "Execution Time": 107.091
    }
]