[
  {
    "Plan": {
      "Node Type": "Aggregate",
      "Strategy": "Plain",
      "Partial Mode": "Finalize",
      "Parallel Aware": false,
      "Startup Cost": 242797.23,
      "Total Cost": 242797.24,
      "Plan Rows": 1,
      "Plan Width": 8,
      "Actual Startup Time": 931.631,
      "Actual Total Time": 979.102,
      "Actual Rows": 1,
      "Actual Loops": 1,
      "Plans": [
        {
          "Node Type": "Gather",
          "Parent Relationship": "Outer",
          "Parallel Aware": false,
          "Startup Cost": 242796.7,
          "Total Cost": 242797.21,
          "Plan Rows": 5,
          "Plan Width": 8,
          "Actual Startup Time": 928.51,
          "Actual Total Time": 979.091,
          "Actual Rows": 6,
          "Actual Loops": 1,
          "Workers Planned": 5,
          "Workers Launched": 5,
          "Single Copy": false,
          "Plans": [
            {
              "Node Type": "Aggregate",
              "Strategy": "Plain",
              "Partial Mode": "Partial",
              "Parent Relationship": "Outer",
              "Parallel Aware": false,
              "Startup Cost": 241796.7,
              "Total Cost": 241796.71,
              "Plan Rows": 1,
              "Plan Width": 8,
              "Actual Startup Time": 917.514,
              "Actual Total Time": 917.517,
              "Actual Rows": 1,
              "Actual Loops": 6,
              "Plans": [
                {
                  "Node Type": "Nested Loop",
                  "Parent Relationship": "Outer",
                  "Parallel Aware": false,
                  "Join Type": "Inner",
                  "Startup Cost": 45972.59,
                  "Total Cost": 241725.46,
                  "Plan Rows": 28497,
                  "Plan Width": 0,
                  "Actual Startup Time": 122.062,
                  "Actual Total Time": 914.179,
                  "Actual Rows": 44392,
                  "Actual Loops": 6,
                  "Inner Unique": false,
                  "Join Filter": "(t.id = mi.movie_id)",
                  "Rows Removed by Join Filter": 0,
                  "Plans": [
                    {
                      "Node Type": "Hash Join",
                      "Parent Relationship": "Outer",
                      "Parallel Aware": true,
                      "Join Type": "Inner",
                      "Startup Cost": 45972.16,
                      "Total Cost": 124256.92,
                      "Plan Rows": 54413,
                      "Plan Width": 8,
                      "Actual Startup Time": 121.913,
                      "Actual Total Time": 261.731,
                      "Actual Rows": 39404,
                      "Actual Loops": 6,
                      "Inner Unique": true,
                      "Hash Cond": "(ci.movie_id = t.id)",
                      "Plans": [
                        {
                          "Node Type": "Index Scan",
                          "Parent Relationship": "Outer",
                          "Parallel Aware": true,
                          "Scan Direction": "Forward",
                          "Index Name": "role_id_cast_info",
                          "Relation Name": "cast_info",
                          "Alias": "ci",
                          "Startup Cost": 0.56,
                          "Total Cost": 77740.85,
                          "Plan Rows": 207418,
                          "Plan Width": 4,
                          "Actual Startup Time": 0.211,
                          "Actual Total Time": 74.82,
                          "Actual Rows": 154065,
                          "Actual Loops": 6,
                          "Index Cond": "(role_id = 4)",
                          "Rows Removed by Index Recheck": 0,
                          "Filter": "(person_id < 1302040)",
                          "Rows Removed by Filter": 300759
                        },
                        {
                          "Node Type": "Hash",
                          "Parent Relationship": "Inner",
                          "Parallel Aware": true,
                          "Startup Cost": 43898.92,
                          "Total Cost": 43898.92,
                          "Plan Rows": 165814,
                          "Plan Width": 4,
                          "Actual Startup Time": 118.188,
                          "Actual Total Time": 118.189,
                          "Actual Rows": 110471,
                          "Actual Loops": 6,
                          "Hash Buckets": 1048576,
                          "Original Hash Buckets": 1048576,
                          "Hash Batches": 1,
                          "Original Hash Batches": 1,
                          "Peak Memory Usage": 34240,
                          "Plans": [
                            {
                              "Node Type": "Seq Scan",
                              "Parent Relationship": "Outer",
                              "Parallel Aware": true,
                              "Relation Name": "title",
                              "Alias": "t",
                              "Startup Cost": 0.0,
                              "Total Cost": 43898.92,
                              "Plan Rows": 165814,
                              "Plan Width": 4,
                              "Actual Startup Time": 43.078,
                              "Actual Total Time": 80.097,
                              "Actual Rows": 110471,
                              "Actual Loops": 6,
                              "Filter": "(kind_id = 1)",
                              "Rows Removed by Filter": 310914
                            }
                          ]
                        }
                      ]
                    },
                    {
                      "Node Type": "Index Scan",
                      "Parent Relationship": "Inner",
                      "Parallel Aware": false,
                      "Scan Direction": "Forward",
                      "Index Name": "movie_id_movie_info",
                      "Relation Name": "movie_info",
                      "Alias": "mi",
                      "Startup Cost": 0.43,
                      "Total Cost": 2.11,
                      "Plan Rows": 4,
                      "Plan Width": 4,
                      "Actual Startup Time": 0.015,
                      "Actual Total Time": 0.016,
                      "Actual Rows": 1,
                      "Actual Loops": 236425,
                      "Index Cond": "(movie_id = ci.movie_id)",
                      "Rows Removed by Index Recheck": 0,
                      "Filter": "(info_type_id = 8)",
                      "Rows Removed by Filter": 21
                    }
                  ]
                }
              ]
            }
          ]
        }
      ]
    },
    "Planning Time": 1.361,
    "Triggers": [],
    "Execution Time": 979.211
  }
]