[
  {
    "Plan": {
      "Node Type": "Aggregate",
      "Strategy": "Plain",
      "Partial Mode": "Finalize",
      "Parallel Aware": false,
      "Startup Cost": 82550.91,
      "Total Cost": 82550.92,
      "Plan Rows": 1,
      "Plan Width": 8,
      "Actual Startup Time": 230.538,
      "Actual Total Time": 249.114,
      "Actual Rows": 1,
      "Actual Loops": 1,
      "Plans": [
        {
          "Node Type": "Gather",
          "Parent Relationship": "Outer",
          "Parallel Aware": false,
          "Startup Cost": 82550.59,
          "Total Cost": 82550.9,
          "Plan Rows": 3,
          "Plan Width": 8,
          "Actual Startup Time": 229.751,
          "Actual Total Time": 249.018,
          "Actual Rows": 4,
          "Actual Loops": 1,
          "Workers Planned": 3,
          "Workers Launched": 3,
          "Single Copy": false,
          "Plans": [
            {
              "Node Type": "Aggregate",
              "Strategy": "Plain",
              "Partial Mode": "Partial",
              "Parent Relationship": "Outer",
              "Parallel Aware": false,
              "Startup Cost": 81550.59,
              "Total Cost": 81550.6,
              "Plan Rows": 1,
              "Plan Width": 8,
              "Actual Startup Time": 220.932,
              "Actual Total Time": 220.937,
              "Actual Rows": 1,
              "Actual Loops": 4,
              "Plans": [
                {
                  "Node Type": "Hash Join",
                  "Parent Relationship": "Outer",
                  "Parallel Aware": true,
                  "Join Type": "Inner",
                  "Startup Cost": 54686.0,
                  "Total Cost": 81531.16,
                  "Plan Rows": 7773,
                  "Plan Width": 0,
                  "Actual Startup Time": 138.12,
                  "Actual Total Time": 220.497,
                  "Actual Rows": 5185,
                  "Actual Loops": 4,
                  "Inner Unique": true,
                  "Hash Cond": "(mk.movie_id = t.id)",
                  "Plans": [
                    {
                      "Node Type": "Bitmap Heap Scan",
                      "Parent Relationship": "Outer",
                      "Parallel Aware": true,
                      "Relation Name": "movie_keyword",
                      "Alias": "mk",
                      "Startup Cost": 10398.62,
                      "Total Cost": 36828.79,
                      "Plan Rows": 158093,
                      "Plan Width": 4,
                      "Actual Startup Time": 28.378,
                      "Actual Total Time": 87.372,
                      "Actual Rows": 125658,
                      "Actual Loops": 4,
                      "Recheck Cond": "(keyword_id < 365)",
                      "Rows Removed by Index Recheck": 0,
                      "Exact Heap Blocks": 8910,
                      "Lossy Heap Blocks": 0,
                      "Plans": [
                        {
                          "Node Type": "Bitmap Index Scan",
                          "Parent Relationship": "Outer",
                          "Parallel Aware": false,
                          "Index Name": "keyword_id_movie_keyword",
                          "Startup Cost": 0.0,
                          "Total Cost": 10276.1,
                          "Plan Rows": 490089,
                          "Plan Width": 0,
                          "Actual Startup Time": 24.818,
                          "Actual Total Time": 24.819,
                          "Actual Rows": 502634,
                          "Actual Loops": 1,
                          "Index Cond": "(keyword_id < 365)"
                        }
                      ]
                    },
                    {
                      "Node Type": "Hash",
                      "Parent Relationship": "Inner",
                      "Parallel Aware": true,
                      "Startup Cost": 43898.92,
                      "Total Cost": 43898.92,
                      "Plan Rows": 31077,
                      "Plan Width": 4,
                      "Actual Startup Time": 107.816,
                      "Actual Total Time": 107.816,
                      "Actual Rows": 29891,
                      "Actual Loops": 4,
                      "Hash Buckets": 131072,
                      "Original Hash Buckets": 131072,
                      "Hash Batches": 1,
                      "Original Hash Batches": 1,
                      "Peak Memory Usage": 5760,
                      "Plans": [
                        {
                          "Node Type": "Seq Scan",
                          "Parent Relationship": "Outer",
                          "Parallel Aware": true,
                          "Relation Name": "title",
                          "Alias": "t",
                          "Startup Cost": 0.0,
                          "Total Cost": 43898.92,
                          "Plan Rows": 31077,
                          "Plan Width": 4,
                          "Actual Startup Time": 0.056,
                          "Actual Total Time": 96.066,
                          "Actual Rows": 29891,
                          "Actual Loops": 4,
                          "Filter": "(production_year = 2007)",
                          "Rows Removed by Filter": 602187
                        }
                      ]
                    }
                  ]
                }
              ]
            }
          ]
        }
      ]
    },
    "Planning Time": 0.645,
    "Triggers": [],
    "Execution Time": 249.221
  }
]