{
  "Plan": {
    "Node Type": "Aggregate",
    "Strategy": "Plain",
    "Partial Mode": "Finalize",
    "Parallel Aware": false,
    "Startup Cost": 188189.83,
    "Total Cost": 188189.84,
    "Plan Rows": 1,
    "Plan Width": 8,
    "Actual Startup Time": 2490.749,
    "Actual Total Time": 2568.348,
    "Actual Rows": 1,
    "Actual Loops": 1,
    "Plans": [
      {
        "Node Type": "Gather",
        "Parent Relationship": "Outer",
        "Parallel Aware": false,
        "Startup Cost": 188189.72,
        "Total Cost": 188189.83,
        "Plan Rows": 1,
        "Plan Width": 8,
        "Actual Startup Time": 2482.988,
        "Actual Total Time": 2568.337,
        "Actual Rows": 2,
        "Actual Loops": 1,
        "Workers Planned": 1,
        "Workers Launched": 1,
        "Single Copy": false,
        "Plans": [
          {
            "Node Type": "Aggregate",
            "Strategy": "Plain",
            "Partial Mode": "Partial",
            "Parent Relationship": "Outer",
            "Parallel Aware": false,
            "Startup Cost": 187189.72,
            "Total Cost": 187189.73,
            "Plan Rows": 1,
            "Plan Width": 8,
            "Actual Startup Time": 2471.856,
            "Actual Total Time": 2471.861,
            "Actual Rows": 1,
            "Actual Loops": 2,
            "Plans": [
              {
                "Node Type": "Nested Loop",
                "Parent Relationship": "Outer",
                "Parallel Aware": false,
                "Join Type": "Inner",
                "Startup Cost": 71024.33,
                "Total Cost": 186789.03,
                "Plan Rows": 160276,
                "Plan Width": 0,
                "Actual Startup Time": 638.279,
                "Actual Total Time": 2431.479,
                "Actual Rows": 789948,
                "Actual Loops": 2,
                "Inner Unique": false,
                "Plans": [
                  {
                    "Node Type": "Hash Join",
                    "Parent Relationship": "Outer",
                    "Parallel Aware": true,
                    "Join Type": "Inner",
                    "Startup Cost": 71023.76,
                    "Total Cost": 96132.86,
                    "Plan Rows": 43312,
                    "Plan Width": 8,
                    "Actual Startup Time": 638.193,
                    "Actual Total Time": 694.069,
                    "Actual Rows": 36820,
                    "Actual Loops": 2,
                    "Inner Unique": true,
                    "Hash Cond": "(mk.movie_id = t.id)",
                    "Plans": [
                      {
                        "Node Type": "Bitmap Heap Scan",
                        "Parent Relationship": "Outer",
                        "Parallel Aware": true,
                        "Relation Name": "movie_keyword",
                        "Alias": "mk",
                        "Startup Cost": 1563.06,
                        "Total Cost": 26558.46,
                        "Plan Rows": 43312,
                        "Plan Width": 4,
                        "Actual Startup Time": 7.827,
                        "Actual Total Time": 40.761,
                        "Actual Rows": 36820,
                        "Actual Loops": 2,
                        "Recheck Cond": "(keyword_id > 89873)",
                        "Rows Removed by Index Recheck": 0,
                        "Exact Heap Blocks": 9352,
                        "Lossy Heap Blocks": 0,
                        "Plans": [
                          {
                            "Node Type": "Bitmap Index Scan",
                            "Parent Relationship": "Outer",
                            "Parallel Aware": false,
                            "Index Name": "keyword_id_movie_keyword",
                            "Startup Cost": 0.0,
                            "Total Cost": 1544.66,
                            "Plan Rows": 73630,
                            "Plan Width": 0,
                            "Actual Startup Time": 5.487,
                            "Actual Total Time": 5.488,
                            "Actual Rows": 73639,
                            "Actual Loops": 1,
                            "Index Cond": "(keyword_id > 89873)"
                          }
                        ]
                      },
                      {
                        "Node Type": "Hash",
                        "Parent Relationship": "Inner",
                        "Parallel Aware": true,
                        "Startup Cost": 50870.31,
                        "Total Cost": 50870.31,
                        "Plan Rows": 1487231,
                        "Plan Width": 4,
                        "Actual Startup Time": 609.436,
                        "Actual Total Time": 609.436,
                        "Actual Rows": 1264156,
                        "Actual Loops": 2,
                        "Hash Buckets": 4194304,
                        "Original Hash Buckets": 4194304,
                        "Hash Batches": 1,
                        "Original Hash Batches": 1,
                        "Peak Memory Usage": 131712,
                        "Plans": [
                          {
                            "Node Type": "Seq Scan",
                            "Parent Relationship": "Outer",
                            "Parallel Aware": true,
                            "Relation Name": "title",
                            "Alias": "t",
                            "Startup Cost": 0.0,
                            "Total Cost": 50870.31,
                            "Plan Rows": 1487231,
                            "Plan Width": 4,
                            "Actual Startup Time": 0.021,
                            "Actual Total Time": 179.544,
                            "Actual Rows": 1264156,
                            "Actual Loops": 2
                          }
                        ]
                      }
                    ]
                  },
                  {
                    "Node Type": "Index Scan",
                    "Parent Relationship": "Inner",
                    "Parallel Aware": false,
                    "Scan Direction": "Forward",
                    "Index Name": "movie_id_cast_info",
                    "Relation Name": "cast_info",
                    "Alias": "ci",
                    "Startup Cost": 0.56,
                    "Total Cost": 2.0,
                    "Plan Rows": 9,
                    "Plan Width": 4,
                    "Actual Startup Time": 0.005,
                    "Actual Total Time": 0.045,
                    "Actual Rows": 21,
                    "Actual Loops": 73639,
                    "Index Cond": "(movie_id = t.id)",
                    "Rows Removed by Index Recheck": 0,
                    "Filter": "((person_id < 2796902) AND (role_id = 1))",
                    "Rows Removed by Filter": 38
                  }
                ]
              }
            ]
          }
        ]
      }
    ]
  },
  "Planning Time": 1.044,
  "Triggers": [],
  "Execution Time": 2568.481
}