{
  "Plan": {
    "Node Type": "Aggregate",
    "Strategy": "Plain",
    "Partial Mode": "Finalize",
    "Parallel Aware": false,
    "Startup Cost": 559870.42,
    "Total Cost": 559870.43,
    "Plan Rows": 1,
    "Plan Width": 8,
    "Actual Startup Time": 3132.252,
    "Actual Total Time": 3157.73,
    "Actual Rows": 1,
    "Actual Loops": 1,
    "Plans": [
      {
        "Node Type": "Gather",
        "Parent Relationship": "Outer",
        "Parallel Aware": false,
        "Startup Cost": 559870.31,
        "Total Cost": 559870.42,
        "Plan Rows": 1,
        "Plan Width": 8,
        "Actual Startup Time": 3126.386,
        "Actual Total Time": 3157.72,
        "Actual Rows": 2,
        "Actual Loops": 1,
        "Workers Planned": 1,
        "Workers Launched": 1,
        "Single Copy": false,
        "Plans": [
          {
            "Node Type": "Aggregate",
            "Strategy": "Plain",
            "Partial Mode": "Partial",
            "Parent Relationship": "Outer",
            "Parallel Aware": false,
            "Startup Cost": 558870.31,
            "Total Cost": 558870.32,
            "Plan Rows": 1,
            "Plan Width": 8,
            "Actual Startup Time": 3116.432,
            "Actual Total Time": 3116.437,
            "Actual Rows": 1,
            "Actual Loops": 2,
            "Plans": [
              {
                "Node Type": "Hash Join",
                "Parent Relationship": "Outer",
                "Parallel Aware": true,
                "Join Type": "Inner",
                "Startup Cost": 230561.73,
                "Total Cost": 548143.85,
                "Plan Rows": 4290585,
                "Plan Width": 0,
                "Actual Startup Time": 930.509,
                "Actual Total Time": 2967.331,
                "Actual Rows": 3589332,
                "Actual Loops": 2,
                "Inner Unique": true,
                "Hash Cond": "(ci.movie_id = t.id)",
                "Plans": [
                  {
                    "Node Type": "Bitmap Heap Scan",
                    "Parent Relationship": "Outer",
                    "Parallel Aware": true,
                    "Relation Name": "cast_info",
                    "Alias": "ci",
                    "Startup Cost": 161101.03,
                    "Total Cost": 467420.34,
                    "Plan Rows": 4290585,
                    "Plan Width": 4,
                    "Actual Startup Time": 354.798,
                    "Actual Total Time": 793.89,
                    "Actual Rows": 3589332,
                    "Actual Loops": 2,
                    "Recheck Cond": "(person_id > 2949959)",
                    "Rows Removed by Index Recheck": 0,
                    "Exact Heap Blocks": 48184,
                    "Lossy Heap Blocks": 0,
                    "Plans": [
                      {
                        "Node Type": "Bitmap Index Scan",
                        "Parent Relationship": "Outer",
                        "Parallel Aware": false,
                        "Index Name": "person_id_cast_info",
                        "Startup Cost": 0.0,
                        "Total Cost": 159277.53,
                        "Plan Rows": 7293995,
                        "Plan Width": 0,
                        "Actual Startup Time": 339.686,
                        "Actual Total Time": 339.687,
                        "Actual Rows": 7178665,
                        "Actual Loops": 1,
                        "Index Cond": "(person_id > 2949959)"
                      }
                    ]
                  },
                  {
                    "Node Type": "Hash",
                    "Parent Relationship": "Inner",
                    "Parallel Aware": true,
                    "Startup Cost": 50870.31,
                    "Total Cost": 50870.31,
                    "Plan Rows": 1487231,
                    "Plan Width": 4,
                    "Actual Startup Time": 557.346,
                    "Actual Total Time": 557.347,
                    "Actual Rows": 1264156,
                    "Actual Loops": 2,
                    "Hash Buckets": 4194304,
                    "Original Hash Buckets": 4194304,
                    "Hash Batches": 1,
                    "Original Hash Batches": 1,
                    "Peak Memory Usage": 131712,
                    "Plans": [
                      {
                        "Node Type": "Seq Scan",
                        "Parent Relationship": "Outer",
                        "Parallel Aware": true,
                        "Relation Name": "title",
                        "Alias": "t",
                        "Startup Cost": 0.0,
                        "Total Cost": 50870.31,
                        "Plan Rows": 1487231,
                        "Plan Width": 4,
                        "Actual Startup Time": 0.03,
                        "Actual Total Time": 158.556,
                        "Actual Rows": 1264156,
                        "Actual Loops": 2
                      }
                    ]
                  }
                ]
              }
            ]
          }
        ]
      }
    ]
  },
  "Planning Time": 0.525,
  "Triggers": [],
  "Execution Time": 3157.802
}