[
  {
    "Plan": {
      "Node Type": "Aggregate",
      "Strategy": "Plain",
      "Partial Mode": "Finalize",
      "Parallel Aware": false,
      "Startup Cost": 146350.33,
      "Total Cost": 146350.34,
      "Plan Rows": 1,
      "Plan Width": 8,
      "Actual Startup Time": 126.781,
      "Actual Total Time": 145.868,
      "Actual Rows": 1,
      "Actual Loops": 1,
      "Plans": [
        {
          "Node Type": "Gather",
          "Parent Relationship": "Outer",
          "Parallel Aware": false,
          "Startup Cost": 146349.91,
          "Total Cost": 146350.32,
          "Plan Rows": 4,
          "Plan Width": 8,
          "Actual Startup Time": 126.627,
          "Actual Total Time": 145.854,
          "Actual Rows": 5,
          "Actual Loops": 1,
          "Workers Planned": 4,
          "Workers Launched": 4,
          "Single Copy": false,
          "Plans": [
            {
              "Node Type": "Aggregate",
              "Strategy": "Plain",
              "Partial Mode": "Partial",
              "Parent Relationship": "Outer",
              "Parallel Aware": false,
              "Startup Cost": 145349.91,
              "Total Cost": 145349.92,
              "Plan Rows": 1,
              "Plan Width": 8,
              "Actual Startup Time": 120.342,
              "Actual Total Time": 120.343,
              "Actual Rows": 1,
              "Actual Loops": 5,
              "Plans": [
                {
                  "Node Type": "Nested Loop",
                  "Parent Relationship": "Outer",
                  "Parallel Aware": false,
                  "Join Type": "Inner",
                  "Startup Cost": 0.43,
                  "Total Cost": 145341.94,
                  "Plan Rows": 3187,
                  "Plan Width": 0,
                  "Actual Startup Time": 3.484,
                  "Actual Total Time": 119.751,
                  "Actual Rows": 5553,
                  "Actual Loops": 5,
                  "Inner Unique": false,
                  "Plans": [
                    {
                      "Node Type": "Seq Scan",
                      "Parent Relationship": "Outer",
                      "Parallel Aware": true,
                      "Relation Name": "title",
                      "Alias": "t",
                      "Startup Cost": 0.0,
                      "Total Cost": 45479.59,
                      "Plan Rows": 838,
                      "Plan Width": 4,
                      "Actual Startup Time": 3.326,
                      "Actual Total Time": 87.211,
                      "Actual Rows": 636,
                      "Actual Loops": 5,
                      "Filter": "((kind_id < 7) AND (production_year = 1954))",
                      "Rows Removed by Filter": 505027
                    },
                    {
                      "Node Type": "Index Scan",
                      "Parent Relationship": "Inner",
                      "Parallel Aware": false,
                      "Scan Direction": "Forward",
                      "Index Name": "movie_id_movie_info",
                      "Relation Name": "movie_info",
                      "Alias": "mi",
                      "Startup Cost": 0.43,
                      "Total Cost": 118.9,
                      "Plan Rows": 27,
                      "Plan Width": 4,
                      "Actual Startup Time": 0.017,
                      "Actual Total Time": 0.05,
                      "Actual Rows": 9,
                      "Actual Loops": 3178,
                      "Index Cond": "(movie_id = t.id)",
                      "Rows Removed by Index Recheck": 0,
                      "Filter": "(info_type_id < 16)",
                      "Rows Removed by Filter": 4
                    }
                  ]
                }
              ]
            }
          ]
        }
      ]
    },
    "Planning Time": 0.598,
    "Triggers": [],
    "Execution Time": 145.935
  }
]