{
  "Plan": {
    "Node Type": "Aggregate",
    "Strategy": "Plain",
    "Partial Mode": "Finalize",
    "Parallel Aware": false,
    "Startup Cost": 78947.41,
    "Total Cost": 78947.42,
    "Plan Rows": 1,
    "Plan Width": 8,
    "Actual Startup Time": 161.532,
    "Actual Total Time": 176.508,
    "Actual Rows": 1,
    "Actual Loops": 1,
    "Plans": [
      {
        "Node Type": "Gather",
        "Parent Relationship": "Outer",
        "Parallel Aware": false,
        "Startup Cost": 78947.3,
        "Total Cost": 78947.41,
        "Plan Rows": 1,
        "Plan Width": 8,
        "Actual Startup Time": 161.404,
        "Actual Total Time": 176.5,
        "Actual Rows": 2,
        "Actual Loops": 1,
        "Workers Planned": 1,
        "Workers Launched": 1,
        "Single Copy": false,
        "Plans": [
          {
            "Node Type": "Aggregate",
            "Strategy": "Plain",
            "Partial Mode": "Partial",
            "Parent Relationship": "Outer",
            "Parallel Aware": false,
            "Startup Cost": 77947.3,
            "Total Cost": 77947.31,
            "Plan Rows": 1,
            "Plan Width": 8,
            "Actual Startup Time": 156.929,
            "Actual Total Time": 156.931,
            "Actual Rows": 1,
            "Actual Loops": 2,
            "Plans": [
              {
                "Node Type": "Nested Loop",
                "Parent Relationship": "Outer",
                "Parallel Aware": false,
                "Join Type": "Inner",
                "Startup Cost": 0.43,
                "Total Cost": 77944.41,
                "Plan Rows": 1158,
                "Plan Width": 0,
                "Actual Startup Time": 91.451,
                "Actual Total Time": 156.554,
                "Actual Rows": 5338,
                "Actual Loops": 2,
                "Inner Unique": false,
                "Plans": [
                  {
                    "Node Type": "Seq Scan",
                    "Parent Relationship": "Outer",
                    "Parallel Aware": true,
                    "Relation Name": "title",
                    "Alias": "t",
                    "Startup Cost": 0.0,
                    "Total Cost": 58306.47,
                    "Plan Rows": 1122,
                    "Plan Width": 4,
                    "Actual Startup Time": 91.346,
                    "Actual Total Time": 136.779,
                    "Actual Rows": 2936,
                    "Actual Loops": 2,
                    "Filter": "((kind_id < 4) AND (production_year < 1900))",
                    "Rows Removed by Filter": 1261220
                  },
                  {
                    "Node Type": "Index Only Scan",
                    "Parent Relationship": "Inner",
                    "Parallel Aware": false,
                    "Scan Direction": "Forward",
                    "Index Name": "movie_id_movie_companies",
                    "Relation Name": "movie_companies",
                    "Alias": "mc",
                    "Startup Cost": 0.43,
                    "Total Cost": 17.45,
                    "Plan Rows": 5,
                    "Plan Width": 4,
                    "Actual Startup Time": 0.005,
                    "Actual Total Time": 0.006,
                    "Actual Rows": 2,
                    "Actual Loops": 5872,
                    "Index Cond": "(movie_id = t.id)",
                    "Rows Removed by Index Recheck": 0,
                    "Heap Fetches": 10675
                  }
                ]
              }
            ]
          }
        ]
      }
    ]
  },
  "Planning Time": 0.451,
  "Triggers": [],
  "Execution Time": 176.581
}