[
  {
    "Plan": {
      "Node Type": "Aggregate",
      "Strategy": "Plain",
      "Partial Mode": "Finalize",
      "Parallel Aware": false,
      "Startup Cost": 362410.68,
      "Total Cost": 362410.69,
      "Plan Rows": 1,
      "Plan Width": 8,
      "Actual Startup Time": 515.375,
      "Actual Total Time": 592.063,
      "Actual Rows": 1,
      "Actual Loops": 1,
      "Plans": [
        {
          "Node Type": "Gather",
          "Parent Relationship": "Outer",
          "Parallel Aware": false,
          "Startup Cost": 362410.26,
          "Total Cost": 362410.67,
          "Plan Rows": 4,
          "Plan Width": 8,
          "Actual Startup Time": 515.173,
          "Actual Total Time": 592.051,
          "Actual Rows": 5,
          "Actual Loops": 1,
          "Workers Planned": 4,
          "Workers Launched": 4,
          "Single Copy": false,
          "Plans": [
            {
              "Node Type": "Aggregate",
              "Strategy": "Plain",
              "Partial Mode": "Partial",
              "Parent Relationship": "Outer",
              "Parallel Aware": false,
              "Startup Cost": 361410.26,
              "Total Cost": 361410.27,
              "Plan Rows": 1,
              "Plan Width": 8,
              "Actual Startup Time": 508.405,
              "Actual Total Time": 508.406,
              "Actual Rows": 1,
              "Actual Loops": 5,
              "Plans": [
                {
                  "Node Type": "Nested Loop",
                  "Parent Relationship": "Outer",
                  "Parallel Aware": false,
                  "Join Type": "Inner",
                  "Startup Cost": 0.56,
                  "Total Cost": 360947.63,
                  "Plan Rows": 185049,
                  "Plan Width": 0,
                  "Actual Startup Time": 0.211,
                  "Actual Total Time": 496.265,
                  "Actual Rows": 161241,
                  "Actual Loops": 5,
                  "Inner Unique": false,
                  "Plans": [
                    {
                      "Node Type": "Seq Scan",
                      "Parent Relationship": "Outer",
                      "Parallel Aware": true,
                      "Relation Name": "title",
                      "Alias": "t",
                      "Startup Cost": 0.0,
                      "Total Cost": 45479.59,
                      "Plan Rows": 12906,
                      "Plan Width": 4,
                      "Actual Startup Time": 0.035,
                      "Actual Total Time": 71.189,
                      "Actual Rows": 11399,
                      "Actual Loops": 5,
                      "Filter": "((kind_id > 1) AND (production_year = 2003))",
                      "Rows Removed by Filter": 494263
                    },
                    {
                      "Node Type": "Index Only Scan",
                      "Parent Relationship": "Inner",
                      "Parallel Aware": false,
                      "Scan Direction": "Forward",
                      "Index Name": "movie_id_cast_info",
                      "Relation Name": "cast_info",
                      "Alias": "ci",
                      "Startup Cost": 0.56,
                      "Total Cost": 24.09,
                      "Plan Rows": 35,
                      "Plan Width": 4,
                      "Actual Startup Time": 0.009,
                      "Actual Total Time": 0.036,
                      "Actual Rows": 14,
                      "Actual Loops": 56995,
                      "Index Cond": "(movie_id = t.id)",
                      "Rows Removed by Index Recheck": 0,
                      "Heap Fetches": 806203
                    }
                  ]
                }
              ]
            }
          ]
        }
      ]
    },
    "Planning Time": 0.205,
    "Triggers": [],
    "Execution Time": 592.118
  }
]