{
  "Plan": {
    "Node Type": "Aggregate",
    "Strategy": "Plain",
    "Partial Mode": "Finalize",
    "Parallel Aware": false,
    "Startup Cost": 58430.55,
    "Total Cost": 58430.56,
    "Plan Rows": 1,
    "Plan Width": 8,
    "Actual Startup Time": 131.356,
    "Actual Total Time": 137.769,
    "Actual Rows": 1,
    "Actual Loops": 1,
    "Plans": [
      {
        "Node Type": "Gather",
        "Parent Relationship": "Outer",
        "Parallel Aware": false,
        "Startup Cost": 58430.44,
        "Total Cost": 58430.55,
        "Plan Rows": 1,
        "Plan Width": 8,
        "Actual Startup Time": 131.2,
        "Actual Total Time": 137.761,
        "Actual Rows": 2,
        "Actual Loops": 1,
        "Workers Planned": 1,
        "Workers Launched": 1,
        "Single Copy": false,
        "Plans": [
          {
            "Node Type": "Aggregate",
            "Strategy": "Plain",
            "Partial Mode": "Partial",
            "Parent Relationship": "Outer",
            "Parallel Aware": false,
            "Startup Cost": 57430.44,
            "Total Cost": 57430.45,
            "Plan Rows": 1,
            "Plan Width": 8,
            "Actual Startup Time": 127.232,
            "Actual Total Time": 127.236,
            "Actual Rows": 1,
            "Actual Loops": 2,
            "Plans": [
              {
                "Node Type": "Hash Join",
                "Parent Relationship": "Outer",
                "Parallel Aware": true,
                "Join Type": "Inner",
                "Startup Cost": 38320.13,
                "Total Cost": 57426.49,
                "Plan Rows": 1582,
                "Plan Width": 0,
                "Actual Startup Time": 31.742,
                "Actual Total Time": 126.778,
                "Actual Rows": 10062,
                "Actual Loops": 2,
                "Inner Unique": false,
                "Hash Cond": "(mi_idx.movie_id = t.id)",
                "Plans": [
                  {
                    "Node Type": "Seq Scan",
                    "Parent Relationship": "Outer",
                    "Parallel Aware": true,
                    "Relation Name": "movie_info_idx",
                    "Alias": "mi_idx",
                    "Startup Cost": 0.0,
                    "Total Cost": 16052.85,
                    "Plan Rows": 811785,
                    "Plan Width": 4,
                    "Actual Startup Time": 0.013,
                    "Actual Total Time": 47.558,
                    "Actual Rows": 690018,
                    "Actual Loops": 2
                  },
                  {
                    "Node Type": "Hash",
                    "Parent Relationship": "Inner",
                    "Parallel Aware": true,
                    "Startup Cost": 38283.89,
                    "Total Cost": 38283.89,
                    "Plan Rows": 2899,
                    "Plan Width": 8,
                    "Actual Startup Time": 29.101,
                    "Actual Total Time": 29.103,
                    "Actual Rows": 3295,
                    "Actual Loops": 2,
                    "Hash Buckets": 8192,
                    "Original Hash Buckets": 8192,
                    "Hash Batches": 1,
                    "Original Hash Batches": 1,
                    "Peak Memory Usage": 352,
                    "Plans": [
                      {
                        "Node Type": "Nested Loop",
                        "Parent Relationship": "Outer",
                        "Parallel Aware": false,
                        "Join Type": "Inner",
                        "Startup Cost": 91.06,
                        "Total Cost": 38283.89,
                        "Plan Rows": 2899,
                        "Plan Width": 8,
                        "Actual Startup Time": 1.143,
                        "Actual Total Time": 27.519,
                        "Actual Rows": 3295,
                        "Actual Loops": 2,
                        "Inner Unique": true,
                        "Plans": [
                          {
                            "Node Type": "Bitmap Heap Scan",
                            "Parent Relationship": "Outer",
                            "Parallel Aware": true,
                            "Relation Name": "movie_info",
                            "Alias": "mi",
                            "Startup Cost": 90.63,
                            "Total Cost": 17025.37,
                            "Plan Rows": 2899,
                            "Plan Width": 4,
                            "Actual Startup Time": 1.046,
                            "Actual Total Time": 4.789,
                            "Actual Rows": 3295,
                            "Actual Loops": 2,
                            "Recheck Cond": "(info_type_id = 71)",
                            "Rows Removed by Index Recheck": 0,
                            "Exact Heap Blocks": 937,
                            "Lossy Heap Blocks": 0,
                            "Plans": [
                              {
                                "Node Type": "Bitmap Index Scan",
                                "Parent Relationship": "Outer",
                                "Parallel Aware": false,
                                "Index Name": "info_type_id_movie_info",
                                "Startup Cost": 0.0,
                                "Total Cost": 89.4,
                                "Plan Rows": 4928,
                                "Plan Width": 0,
                                "Actual Startup Time": 1.403,
                                "Actual Total Time": 1.404,
                                "Actual Rows": 6590,
                                "Actual Loops": 1,
                                "Index Cond": "(info_type_id = 71)"
                              }
                            ]
                          },
                          {
                            "Node Type": "Index Only Scan",
                            "Parent Relationship": "Inner",
                            "Parallel Aware": false,
                            "Scan Direction": "Forward",
                            "Index Name": "title_pkey",
                            "Relation Name": "title",
                            "Alias": "t",
                            "Startup Cost": 0.43,
                            "Total Cost": 7.33,
                            "Plan Rows": 1,
                            "Plan Width": 4,
                            "Actual Startup Time": 0.006,
                            "Actual Total Time": 0.006,
                            "Actual Rows": 1,
                            "Actual Loops": 6590,
                            "Index Cond": "(id = mi.movie_id)",
                            "Rows Removed by Index Recheck": 0,
                            "Heap Fetches": 6590
                          }
                        ]
                      }
                    ]
                  }
                ]
              }
            ]
          }
        ]
      }
    ]
  },
  "Planning Time": 1.031,
  "Triggers": [],
  "Execution Time": 137.875
}