{
  "Plan": {
    "Node Type": "Aggregate",
    "Strategy": "Plain",
    "Partial Mode": "Finalize",
    "Parallel Aware": false,
    "Startup Cost": 94639.75,
    "Total Cost": 94639.76,
    "Plan Rows": 1,
    "Plan Width": 8,
    "Actual Startup Time": 232.692,
    "Actual Total Time": 244.805,
    "Actual Rows": 1,
    "Actual Loops": 1,
    "Plans": [
      {
        "Node Type": "Gather",
        "Parent Relationship": "Outer",
        "Parallel Aware": false,
        "Startup Cost": 94639.64,
        "Total Cost": 94639.75,
        "Plan Rows": 1,
        "Plan Width": 8,
        "Actual Startup Time": 232.524,
        "Actual Total Time": 244.799,
        "Actual Rows": 2,
        "Actual Loops": 1,
        "Workers Planned": 1,
        "Workers Launched": 1,
        "Single Copy": false,
        "Plans": [
          {
            "Node Type": "Aggregate",
            "Strategy": "Plain",
            "Partial Mode": "Partial",
            "Parent Relationship": "Outer",
            "Parallel Aware": false,
            "Startup Cost": 93639.64,
            "Total Cost": 93639.65,
            "Plan Rows": 1,
            "Plan Width": 8,
            "Actual Startup Time": 226.671,
            "Actual Total Time": 226.679,
            "Actual Rows": 1,
            "Actual Loops": 2,
            "Plans": [
              {
                "Node Type": "Hash Join",
                "Parent Relationship": "Outer",
                "Parallel Aware": true,
                "Join Type": "Inner",
                "Startup Cost": 68616.2,
                "Total Cost": 93638.28,
                "Plan Rows": 542,
                "Plan Width": 0,
                "Actual Startup Time": 225.808,
                "Actual Total Time": 226.672,
                "Actual Rows": 0,
                "Actual Loops": 2,
                "Inner Unique": true,
                "Hash Cond": "(mc.movie_id = t.id)",
                "Plans": [
                  {
                    "Node Type": "Bitmap Heap Scan",
                    "Parent Relationship": "Outer",
                    "Parallel Aware": true,
                    "Relation Name": "movie_companies",
                    "Alias": "mc",
                    "Startup Cost": 13975.76,
                    "Total Cost": 38489.29,
                    "Plan Rows": 193735,
                    "Plan Width": 4,
                    "Actual Startup Time": 66.965,
                    "Actual Total Time": 89.033,
                    "Actual Rows": 91114,
                    "Actual Loops": 2,
                    "Recheck Cond": "(company_id < 864)",
                    "Rows Removed by Index Recheck": 0,
                    "Filter": "(company_type_id = 2)",
                    "Rows Removed by Filter": 231230,
                    "Exact Heap Blocks": 11542,
                    "Lossy Heap Blocks": 0,
                    "Plans": [
                      {
                        "Node Type": "Bitmap Index Scan",
                        "Parent Relationship": "Outer",
                        "Parallel Aware": false,
                        "Index Name": "company_id_movie_companies",
                        "Startup Cost": 0.0,
                        "Total Cost": 13893.42,
                        "Plan Rows": 648666,
                        "Plan Width": 0,
                        "Actual Startup Time": 25.418,
                        "Actual Total Time": 25.418,
                        "Actual Rows": 644689,
                        "Actual Loops": 1,
                        "Index Cond": "(company_id < 864)"
                      }
                    ]
                  },
                  {
                    "Node Type": "Hash",
                    "Parent Relationship": "Inner",
                    "Parallel Aware": true,
                    "Startup Cost": 54588.39,
                    "Total Cost": 54588.39,
                    "Plan Rows": 4164,
                    "Plan Width": 4,
                    "Actual Startup Time": 128.657,
                    "Actual Total Time": 128.657,
                    "Actual Rows": 4062,
                    "Actual Loops": 2,
                    "Hash Buckets": 8192,
                    "Original Hash Buckets": 8192,
                    "Hash Batches": 1,
                    "Original Hash Batches": 1,
                    "Peak Memory Usage": 416,
                    "Plans": [
                      {
                        "Node Type": "Seq Scan",
                        "Parent Relationship": "Outer",
                        "Parallel Aware": true,
                        "Relation Name": "title",
                        "Alias": "t",
                        "Startup Cost": 0.0,
                        "Total Cost": 54588.39,
                        "Plan Rows": 4164,
                        "Plan Width": 4,
                        "Actual Startup Time": 87.467,
                        "Actual Total Time": 127.493,
                        "Actual Rows": 4062,
                        "Actual Loops": 2,
                        "Filter": "(production_year = 1914)",
                        "Rows Removed by Filter": 1260094
                      }
                    ]
                  }
                ]
              }
            ]
          }
        ]
      }
    ]
  },
  "Planning Time": 0.528,
  "Triggers": [],
  "Execution Time": 244.899
}