[
  {
    "Plan": {
      "Node Type": "Aggregate",
      "Strategy": "Plain",
      "Partial Mode": "Finalize",
      "Parallel Aware": false,
      "Startup Cost": 125763.94,
      "Total Cost": 125763.95,
      "Plan Rows": 1,
      "Plan Width": 8,
      "Actual Startup Time": 192.436,
      "Actual Total Time": 210.327,
      "Actual Rows": 1,
      "Actual Loops": 1,
      "Plans": [
        {
          "Node Type": "Gather",
          "Parent Relationship": "Outer",
          "Parallel Aware": false,
          "Startup Cost": 125763.42,
          "Total Cost": 125763.93,
          "Plan Rows": 5,
          "Plan Width": 8,
          "Actual Startup Time": 192.125,
          "Actual Total Time": 210.317,
          "Actual Rows": 6,
          "Actual Loops": 1,
          "Workers Planned": 5,
          "Workers Launched": 5,
          "Single Copy": false,
          "Plans": [
            {
              "Node Type": "Aggregate",
              "Strategy": "Plain",
              "Partial Mode": "Partial",
              "Parent Relationship": "Outer",
              "Parallel Aware": false,
              "Startup Cost": 124763.42,
              "Total Cost": 124763.43,
              "Plan Rows": 1,
              "Plan Width": 8,
              "Actual Startup Time": 181.252,
              "Actual Total Time": 181.256,
              "Actual Rows": 1,
              "Actual Loops": 6,
              "Plans": [
                {
                  "Node Type": "Nested Loop",
                  "Parent Relationship": "Outer",
                  "Parallel Aware": false,
                  "Join Type": "Inner",
                  "Startup Cost": 45507.95,
                  "Total Cost": 124758.03,
                  "Plan Rows": 2156,
                  "Plan Width": 0,
                  "Actual Startup Time": 84.997,
                  "Actual Total Time": 181.079,
                  "Actual Rows": 2819,
                  "Actual Loops": 6,
                  "Inner Unique": false,
                  "Join Filter": "(t.id = mi.movie_id)",
                  "Rows Removed by Join Filter": 0,
                  "Plans": [
                    {
                      "Node Type": "Hash Join",
                      "Parent Relationship": "Outer",
                      "Parallel Aware": true,
                      "Join Type": "Inner",
                      "Startup Cost": 45507.51,
                      "Total Cost": 123522.32,
                      "Plan Rows": 369,
                      "Plan Width": 8,
                      "Actual Startup Time": 84.9,
                      "Actual Total Time": 175.107,
                      "Actual Rows": 365,
                      "Actual Loops": 6,
                      "Inner Unique": true,
                      "Hash Cond": "(ci.movie_id = t.id)",
                      "Plans": [
                        {
                          "Node Type": "Index Scan",
                          "Parent Relationship": "Outer",
                          "Parallel Aware": true,
                          "Scan Direction": "Forward",
                          "Index Name": "role_id_cast_info",
                          "Relation Name": "cast_info",
                          "Alias": "ci",
                          "Startup Cost": 0.56,
                          "Total Cost": 77740.85,
                          "Plan Rows": 104579,
                          "Plan Width": 4,
                          "Actual Startup Time": 0.194,
                          "Actual Total Time": 83.542,
                          "Actual Rows": 79605,
                          "Actual Loops": 6,
                          "Index Cond": "(role_id = 4)",
                          "Rows Removed by Index Recheck": 0,
                          "Filter": "(person_id < 662012)",
                          "Rows Removed by Filter": 375219
                        },
                        {
                          "Node Type": "Hash",
                          "Parent Relationship": "Inner",
                          "Parallel Aware": true,
                          "Startup Cost": 45479.1,
                          "Total Cost": 45479.1,
                          "Plan Rows": 2228,
                          "Plan Width": 4,
                          "Actual Startup Time": 82.079,
                          "Actual Total Time": 82.08,
                          "Actual Rows": 1470,
                          "Actual Loops": 6,
                          "Hash Buckets": 16384,
                          "Original Hash Buckets": 16384,
                          "Hash Batches": 1,
                          "Original Hash Batches": 1,
                          "Peak Memory Usage": 544,
                          "Plans": [
                            {
                              "Node Type": "Seq Scan",
                              "Parent Relationship": "Outer",
                              "Parallel Aware": true,
                              "Relation Name": "title",
                              "Alias": "t",
                              "Startup Cost": 0.0,
                              "Total Cost": 45479.1,
                              "Plan Rows": 2228,
                              "Plan Width": 4,
                              "Actual Startup Time": 0.253,
                              "Actual Total Time": 80.971,
                              "Actual Rows": 1470,
                              "Actual Loops": 6,
                              "Filter": "((kind_id = 7) AND (production_year = 1967))",
                              "Rows Removed by Filter": 419916
                            }
                          ]
                        }
                      ]
                    },
                    {
                      "Node Type": "Index Only Scan",
                      "Parent Relationship": "Inner",
                      "Parallel Aware": false,
                      "Scan Direction": "Forward",
                      "Index Name": "movie_id_movie_info",
                      "Relation Name": "movie_info",
                      "Alias": "mi",
                      "Startup Cost": 0.43,
                      "Total Cost": 2.82,
                      "Plan Rows": 42,
                      "Plan Width": 4,
                      "Actual Startup Time": 0.007,
                      "Actual Total Time": 0.015,
                      "Actual Rows": 8,
                      "Actual Loops": 2192,
                      "Index Cond": "(movie_id = ci.movie_id)",
                      "Rows Removed by Index Recheck": 0,
                      "Heap Fetches": 16916
                    }
                  ]
                }
              ]
            }
          ]
        }
      ]
    },
    "Planning Time": 1.307,
    "Triggers": [],
    "Execution Time": 210.417
  }
]