[
  {
    "Plan": {
      "Node Type": "Aggregate",
      "Strategy": "Plain",
      "Partial Mode": "Finalize",
      "Parallel Aware": false,
      "Startup Cost": 91145.73,
      "Total Cost": 91145.74,
      "Plan Rows": 1,
      "Plan Width": 8,
      "Actual Startup Time": 514.49,
      "Actual Total Time": 529.987,
      "Actual Rows": 1,
      "Actual Loops": 1,
      "Plans": [
        {
          "Node Type": "Gather",
          "Parent Relationship": "Outer",
          "Parallel Aware": false,
          "Startup Cost": 91145.42,
          "Total Cost": 91145.73,
          "Plan Rows": 3,
          "Plan Width": 8,
          "Actual Startup Time": 507.291,
          "Actual Total Time": 529.978,
          "Actual Rows": 4,
          "Actual Loops": 1,
          "Workers Planned": 3,
          "Workers Launched": 3,
          "Single Copy": false,
          "Plans": [
            {
              "Node Type": "Aggregate",
              "Strategy": "Plain",
              "Partial Mode": "Partial",
              "Parent Relationship": "Outer",
              "Parallel Aware": false,
              "Startup Cost": 90145.42,
              "Total Cost": 90145.43,
              "Plan Rows": 1,
              "Plan Width": 8,
              "Actual Startup Time": 495.826,
              "Actual Total Time": 496.071,
              "Actual Rows": 1,
              "Actual Loops": 4,
              "Plans": [
                {
                  "Node Type": "Hash Join",
                  "Parent Relationship": "Outer",
                  "Parallel Aware": true,
                  "Join Type": "Inner",
                  "Startup Cost": 59042.66,
                  "Total Cost": 90067.24,
                  "Plan Rows": 31270,
                  "Plan Width": 0,
                  "Actual Startup Time": 399.634,
                  "Actual Total Time": 493.28,
                  "Actual Rows": 57974,
                  "Actual Loops": 4,
                  "Inner Unique": false,
                  "Hash Cond": "(mc.movie_id = t.id)",
                  "Plans": [
                    {
                      "Node Type": "Seq Scan",
                      "Parent Relationship": "Outer",
                      "Parallel Aware": true,
                      "Relation Name": "movie_companies",
                      "Alias": "mc",
                      "Startup Cost": 0.0,
                      "Total Cost": 29310.68,
                      "Plan Rows": 430142,
                      "Plan Width": 4,
                      "Actual Startup Time": 35.867,
                      "Actual Total Time": 76.975,
                      "Actual Rows": 333721,
                      "Actual Loops": 4,
                      "Filter": "(company_type_id > 1)",
                      "Rows Removed by Filter": 318562
                    },
                    {
                      "Node Type": "Hash",
                      "Parent Relationship": "Inner",
                      "Parallel Aware": true,
                      "Startup Cost": 58301.48,
                      "Total Cost": 58301.48,
                      "Plan Rows": 59294,
                      "Plan Width": 8,
                      "Actual Startup Time": 361.468,
                      "Actual Total Time": 361.712,
                      "Actual Rows": 48599,
                      "Actual Loops": 4,
                      "Hash Buckets": 262144,
                      "Original Hash Buckets": 262144,
                      "Hash Batches": 1,
                      "Original Hash Batches": 1,
                      "Peak Memory Usage": 9728,
                      "Plans": [
                        {
                          "Node Type": "Hash Join",
                          "Parent Relationship": "Outer",
                          "Parallel Aware": true,
                          "Join Type": "Inner",
                          "Startup Cost": 48967.65,
                          "Total Cost": 58301.48,
                          "Plan Rows": 59294,
                          "Plan Width": 8,
                          "Actual Startup Time": 284.752,
                          "Actual Total Time": 345.872,
                          "Actual Rows": 48599,
                          "Actual Loops": 4,
                          "Inner Unique": true,
                          "Hash Cond": "(ci.movie_id = t.id)",
                          "Plans": [
                            {
                              "Node Type": "Index Scan",
                              "Parent Relationship": "Outer",
                              "Parallel Aware": true,
                              "Scan Direction": "Forward",
                              "Index Name": "role_id_cast_info",
                              "Relation Name": "cast_info",
                              "Alias": "ci",
                              "Startup Cost": 0.56,
                              "Total Cost": 9091.72,
                              "Plan Rows": 92447,
                              "Plan Width": 4,
                              "Actual Startup Time": 0.199,
                              "Actual Total Time": 19.908,
                              "Actual Rows": 76060,
                              "Actual Loops": 4,
                              "Index Cond": "(role_id > 10)",
                              "Rows Removed by Index Recheck": 0,
                              "Filter": "(person_id > 329480)",
                              "Rows Removed by Filter": 2969
                            },
                            {
                              "Node Type": "Hash",
                              "Parent Relationship": "Inner",
                              "Parallel Aware": true,
                              "Startup Cost": 43899.32,
                              "Total Cost": 43899.32,
                              "Plan Rows": 405421,
                              "Plan Width": 4,
                              "Actual Startup Time": 278.454,
                              "Actual Total Time": 278.456,
                              "Actual Rows": 401769,
                              "Actual Loops": 4,
                              "Hash Buckets": 2097152,
                              "Original Hash Buckets": 2097152,
                              "Hash Batches": 1,
                              "Original Hash Batches": 1,
                              "Peak Memory Usage": 79296,
                              "Plans": [
                                {
                                  "Node Type": "Seq Scan",
                                  "Parent Relationship": "Outer",
                                  "Parallel Aware": true,
                                  "Relation Name": "title",
                                  "Alias": "t",
                                  "Startup Cost": 0.0,
                                  "Total Cost": 43899.32,
                                  "Plan Rows": 405421,
                                  "Plan Width": 4,
                                  "Actual Startup Time": 0.089,
                                  "Actual Total Time": 115.651,
                                  "Actual Rows": 401769,
                                  "Actual Loops": 4,
                                  "Filter": "(production_year > 1995)",
                                  "Rows Removed by Filter": 230309
                                }
                              ]
                            }
                          ]
                        }
                      ]
                    }
                  ]
                }
              ]
            }
          ]
        }
      ]
    },
    "Planning Time": 1.291,
    "Triggers": [],
    "Execution Time": 530.063
  }
]