[
  {
    "Plan": {
      "Node Type": "Aggregate",
      "Strategy": "Plain",
      "Partial Mode": "Finalize",
      "Parallel Aware": false,
      "Startup Cost": 72067.23,
      "Total Cost": 72067.24,
      "Plan Rows": 1,
      "Plan Width": 8,
      "Actual Startup Time": 91.177,
      "Actual Total Time": 103.679,
      "Actual Rows": 1,
      "Actual Loops": 1,
      "Plans": [
        {
          "Node Type": "Gather",
          "Parent Relationship": "Outer",
          "Parallel Aware": false,
          "Startup Cost": 72066.92,
          "Total Cost": 72067.23,
          "Plan Rows": 3,
          "Plan Width": 8,
          "Actual Startup Time": 90.984,
          "Actual Total Time": 103.671,
          "Actual Rows": 4,
          "Actual Loops": 1,
          "Workers Planned": 3,
          "Workers Launched": 3,
          "Single Copy": false,
          "Plans": [
            {
              "Node Type": "Aggregate",
              "Strategy": "Plain",
              "Partial Mode": "Partial",
              "Parent Relationship": "Outer",
              "Parallel Aware": false,
              "Startup Cost": 71066.92,
              "Total Cost": 71066.93,
              "Plan Rows": 1,
              "Plan Width": 8,
              "Actual Startup Time": 81.415,
              "Actual Total Time": 81.417,
              "Actual Rows": 1,
              "Actual Loops": 4,
              "Plans": [
                {
                  "Node Type": "Nested Loop",
                  "Parent Relationship": "Outer",
                  "Parallel Aware": false,
                  "Join Type": "Inner",
                  "Startup Cost": 673.12,
                  "Total Cost": 71064.16,
                  "Plan Rows": 1102,
                  "Plan Width": 0,
                  "Actual Startup Time": 9.113,
                  "Actual Total Time": 80.825,
                  "Actual Rows": 4919,
                  "Actual Loops": 4,
                  "Inner Unique": true,
                  "Plans": [
                    {
                      "Node Type": "Bitmap Heap Scan",
                      "Parent Relationship": "Outer",
                      "Parallel Aware": true,
                      "Relation Name": "movie_keyword",
                      "Alias": "mk",
                      "Startup Cost": 672.69,
                      "Total Cost": 26560.77,
                      "Plan Rows": 10167,
                      "Plan Width": 4,
                      "Actual Startup Time": 8.471,
                      "Actual Total Time": 27.559,
                      "Actual Rows": 7360,
                      "Actual Loops": 4,
                      "Recheck Cond": "(keyword_id = 359)",
                      "Rows Removed by Index Recheck": 0,
                      "Exact Heap Blocks": 6971,
                      "Lossy Heap Blocks": 0,
                      "Plans": [
                        {
                          "Node Type": "Bitmap Index Scan",
                          "Parent Relationship": "Outer",
                          "Parallel Aware": false,
                          "Index Name": "keyword_id_movie_keyword",
                          "Startup Cost": 0.0,
                          "Total Cost": 664.81,
                          "Plan Rows": 31517,
                          "Plan Width": 0,
                          "Actual Startup Time": 11.399,
                          "Actual Total Time": 11.399,
                          "Actual Rows": 29440,
                          "Actual Loops": 1,
                          "Index Cond": "(keyword_id = 359)"
                        }
                      ]
                    },
                    {
                      "Node Type": "Index Scan",
                      "Parent Relationship": "Inner",
                      "Parallel Aware": false,
                      "Scan Direction": "Forward",
                      "Index Name": "title_pkey",
                      "Relation Name": "title",
                      "Alias": "t",
                      "Startup Cost": 0.43,
                      "Total Cost": 4.38,
                      "Plan Rows": 1,
                      "Plan Width": 4,
                      "Actual Startup Time": 0.007,
                      "Actual Total Time": 0.007,
                      "Actual Rows": 1,
                      "Actual Loops": 29440,
                      "Index Cond": "(id = mk.movie_id)",
                      "Rows Removed by Index Recheck": 0,
                      "Filter": "((kind_id < 3) AND (production_year < 1998))",
                      "Rows Removed by Filter": 0
                    }
                  ]
                }
              ]
            }
          ]
        }
      ]
    },
    "Planning Time": 0.629,
    "Triggers": [],
    "Execution Time": 103.769
  }
]