{
  "Plan": {
    "Node Type": "Aggregate",
    "Strategy": "Plain",
    "Partial Mode": "Finalize",
    "Parallel Aware": false,
    "Startup Cost": 105115.59,
    "Total Cost": 105115.6,
    "Plan Rows": 1,
    "Plan Width": 8,
    "Actual Startup Time": 492.441,
    "Actual Total Time": 508.435,
    "Actual Rows": 1,
    "Actual Loops": 1,
    "Plans": [
      {
        "Node Type": "Gather",
        "Parent Relationship": "Outer",
        "Parallel Aware": false,
        "Startup Cost": 105115.48,
        "Total Cost": 105115.59,
        "Plan Rows": 1,
        "Plan Width": 8,
        "Actual Startup Time": 490.677,
        "Actual Total Time": 508.429,
        "Actual Rows": 2,
        "Actual Loops": 1,
        "Workers Planned": 1,
        "Workers Launched": 1,
        "Single Copy": false,
        "Plans": [
          {
            "Node Type": "Aggregate",
            "Strategy": "Plain",
            "Partial Mode": "Partial",
            "Parent Relationship": "Outer",
            "Parallel Aware": false,
            "Startup Cost": 104115.48,
            "Total Cost": 104115.49,
            "Plan Rows": 1,
            "Plan Width": 8,
            "Actual Startup Time": 484.845,
            "Actual Total Time": 484.848,
            "Actual Rows": 1,
            "Actual Loops": 2,
            "Plans": [
              {
                "Node Type": "Hash Join",
                "Parent Relationship": "Outer",
                "Parallel Aware": true,
                "Join Type": "Inner",
                "Startup Cost": 60311.56,
                "Total Cost": 103663.81,
                "Plan Rows": 180669,
                "Plan Width": 0,
                "Actual Startup Time": 326.688,
                "Actual Total Time": 478.289,
                "Actual Rows": 162336,
                "Actual Loops": 2,
                "Inner Unique": true,
                "Hash Cond": "(mc.movie_id = t.id)",
                "Plans": [
                  {
                    "Node Type": "Seq Scan",
                    "Parent Relationship": "Outer",
                    "Parallel Aware": true,
                    "Relation Name": "movie_companies",
                    "Alias": "mc",
                    "Startup Cost": 0.0,
                    "Total Cost": 41811.73,
                    "Plan Rows": 586863,
                    "Plan Width": 4,
                    "Actual Startup Time": 52.125,
                    "Actual Total Time": 113.153,
                    "Actual Rows": 349911,
                    "Actual Loops": 2,
                    "Filter": "((company_id < 53274) AND (company_type_id > 1))",
                    "Rows Removed by Filter": 954654
                  },
                  {
                    "Node Type": "Hash",
                    "Parent Relationship": "Inner",
                    "Parallel Aware": true,
                    "Startup Cost": 54588.39,
                    "Total Cost": 54588.39,
                    "Plan Rows": 457854,
                    "Plan Width": 4,
                    "Actual Startup Time": 265.032,
                    "Actual Total Time": 265.033,
                    "Actual Rows": 391338,
                    "Actual Loops": 2,
                    "Hash Buckets": 1048576,
                    "Original Hash Buckets": 1048576,
                    "Hash Batches": 1,
                    "Original Hash Batches": 1,
                    "Peak Memory Usage": 38848,
                    "Plans": [
                      {
                        "Node Type": "Seq Scan",
                        "Parent Relationship": "Outer",
                        "Parallel Aware": true,
                        "Relation Name": "title",
                        "Alias": "t",
                        "Startup Cost": 0.0,
                        "Total Cost": 54588.39,
                        "Plan Rows": 457854,
                        "Plan Width": 4,
                        "Actual Startup Time": 0.031,
                        "Actual Total Time": 156.712,
                        "Actual Rows": 391338,
                        "Actual Loops": 2,
                        "Filter": "(production_year < 1994)",
                        "Rows Removed by Filter": 872818
                      }
                    ]
                  }
                ]
              }
            ]
          }
        ]
      }
    ]
  },
  "Planning Time": 0.672,
  "Triggers": [],
  "Execution Time": 508.508
}