[
  {
    "Plan": {
      "Node Type": "Aggregate",
      "Strategy": "Plain",
      "Partial Mode": "Finalize",
      "Parallel Aware": false,
      "Startup Cost": 325560.29,
      "Total Cost": 325560.3,
      "Plan Rows": 1,
      "Plan Width": 8,
      "Actual Startup Time": 281.761,
      "Actual Total Time": 331.977,
      "Actual Rows": 1,
      "Actual Loops": 1,
      "Plans": [
        {
          "Node Type": "Gather",
          "Parent Relationship": "Outer",
          "Parallel Aware": false,
          "Startup Cost": 325559.87,
          "Total Cost": 325560.28,
          "Plan Rows": 4,
          "Plan Width": 8,
          "Actual Startup Time": 281.665,
          "Actual Total Time": 331.969,
          "Actual Rows": 5,
          "Actual Loops": 1,
          "Workers Planned": 4,
          "Workers Launched": 4,
          "Single Copy": false,
          "Plans": [
            {
              "Node Type": "Aggregate",
              "Strategy": "Plain",
              "Partial Mode": "Partial",
              "Parent Relationship": "Outer",
              "Parallel Aware": false,
              "Startup Cost": 324559.87,
              "Total Cost": 324559.88,
              "Plan Rows": 1,
              "Plan Width": 8,
              "Actual Startup Time": 272.062,
              "Actual Total Time": 272.063,
              "Actual Rows": 1,
              "Actual Loops": 5,
              "Plans": [
                {
                  "Node Type": "Nested Loop",
                  "Parent Relationship": "Outer",
                  "Parallel Aware": false,
                  "Join Type": "Inner",
                  "Startup Cost": 0.56,
                  "Total Cost": 324502.3,
                  "Plan Rows": 23030,
                  "Plan Width": 0,
                  "Actual Startup Time": 2.118,
                  "Actual Total Time": 271.144,
                  "Actual Rows": 9603,
                  "Actual Loops": 5,
                  "Inner Unique": false,
                  "Plans": [
                    {
                      "Node Type": "Seq Scan",
                      "Parent Relationship": "Outer",
                      "Parallel Aware": true,
                      "Relation Name": "title",
                      "Alias": "t",
                      "Startup Cost": 0.0,
                      "Total Cost": 45479.1,
                      "Plan Rows": 5032,
                      "Plan Width": 4,
                      "Actual Startup Time": 0.443,
                      "Actual Total Time": 65.039,
                      "Actual Rows": 3471,
                      "Actual Loops": 5,
                      "Filter": "((kind_id < 7) AND (production_year = 2000))",
                      "Rows Removed by Filter": 502191
                    },
                    {
                      "Node Type": "Index Scan",
                      "Parent Relationship": "Inner",
                      "Parallel Aware": false,
                      "Scan Direction": "Forward",
                      "Index Name": "movie_id_cast_info",
                      "Relation Name": "cast_info",
                      "Alias": "ci",
                      "Startup Cost": 0.56,
                      "Total Cost": 55.33,
                      "Plan Rows": 12,
                      "Plan Width": 4,
                      "Actual Startup Time": 0.042,
                      "Actual Total Time": 0.059,
                      "Actual Rows": 3,
                      "Actual Loops": 17357,
                      "Index Cond": "(movie_id = t.id)",
                      "Rows Removed by Index Recheck": 0,
                      "Filter": "((person_id < 2655816) AND (role_id > 2))",
                      "Rows Removed by Filter": 15
                    }
                  ]
                }
              ]
            }
          ]
        }
      ]
    },
    "Planning Time": 0.613,
    "Triggers": [],
    "Execution Time": 332.068
  }
]