{
  "Plan": {
    "Node Type": "Aggregate",
    "Strategy": "Plain",
    "Partial Mode": "Finalize",
    "Parallel Aware": false,
    "Startup Cost": 129595.94,
    "Total Cost": 129595.95,
    "Plan Rows": 1,
    "Plan Width": 8,
    "Actual Startup Time": 694.35,
    "Actual Total Time": 709.16,
    "Actual Rows": 1,
    "Actual Loops": 1,
    "Plans": [
      {
        "Node Type": "Gather",
        "Parent Relationship": "Outer",
        "Parallel Aware": false,
        "Startup Cost": 129595.83,
        "Total Cost": 129595.94,
        "Plan Rows": 1,
        "Plan Width": 8,
        "Actual Startup Time": 691.448,
        "Actual Total Time": 709.152,
        "Actual Rows": 2,
        "Actual Loops": 1,
        "Workers Planned": 1,
        "Workers Launched": 1,
        "Single Copy": false,
        "Plans": [
          {
            "Node Type": "Aggregate",
            "Strategy": "Plain",
            "Partial Mode": "Partial",
            "Parent Relationship": "Outer",
            "Parallel Aware": false,
            "Startup Cost": 128595.83,
            "Total Cost": 128595.84,
            "Plan Rows": 1,
            "Plan Width": 8,
            "Actual Startup Time": 685.5,
            "Actual Total Time": 685.504,
            "Actual Rows": 1,
            "Actual Loops": 2,
            "Plans": [
              {
                "Node Type": "Hash Join",
                "Parent Relationship": "Outer",
                "Parallel Aware": true,
                "Join Type": "Inner",
                "Startup Cost": 66922.64,
                "Total Cost": 127384.68,
                "Plan Rows": 484459,
                "Plan Width": 0,
                "Actual Startup Time": 368.817,
                "Actual Total Time": 676.962,
                "Actual Rows": 203888,
                "Actual Loops": 2,
                "Inner Unique": true,
                "Hash Cond": "(mk.movie_id = t.id)",
                "Plans": [
                  {
                    "Node Type": "Seq Scan",
                    "Parent Relationship": "Outer",
                    "Parallel Aware": true,
                    "Relation Name": "movie_keyword",
                    "Alias": "mk",
                    "Startup Cost": 0.0,
                    "Total Cost": 57718.19,
                    "Plan Rows": 1045275,
                    "Plan Width": 4,
                    "Actual Startup Time": 0.016,
                    "Actual Total Time": 180.133,
                    "Actual Rows": 892758,
                    "Actual Loops": 2,
                    "Filter": "(keyword_id < 2891)",
                    "Rows Removed by Filter": 1369207
                  },
                  {
                    "Node Type": "Hash",
                    "Parent Relationship": "Inner",
                    "Parallel Aware": true,
                    "Startup Cost": 58306.47,
                    "Total Cost": 58306.47,
                    "Plan Rows": 689294,
                    "Plan Width": 4,
                    "Actual Startup Time": 356.306,
                    "Actual Total Time": 356.307,
                    "Actual Rows": 566244,
                    "Actual Loops": 2,
                    "Hash Buckets": 2097152,
                    "Original Hash Buckets": 2097152,
                    "Hash Batches": 1,
                    "Original Hash Batches": 1,
                    "Peak Memory Usage": 60736,
                    "Plans": [
                      {
                        "Node Type": "Seq Scan",
                        "Parent Relationship": "Outer",
                        "Parallel Aware": true,
                        "Relation Name": "title",
                        "Alias": "t",
                        "Startup Cost": 0.0,
                        "Total Cost": 58306.47,
                        "Plan Rows": 689294,
                        "Plan Width": 4,
                        "Actual Startup Time": 0.036,
                        "Actual Total Time": 173.611,
                        "Actual Rows": 566244,
                        "Actual Loops": 2,
                        "Filter": "((kind_id > 2) AND (production_year < 2008))",
                        "Rows Removed by Filter": 697912
                      }
                    ]
                  }
                ]
              }
            ]
          }
        ]
      }
    ]
  },
  "Planning Time": 0.424,
  "Triggers": [],
  "Execution Time": 709.209
}