{
  "Plan": {
    "Node Type": "Aggregate",
    "Strategy": "Plain",
    "Partial Mode": "Finalize",
    "Parallel Aware": false,
    "Startup Cost": 505281.99,
    "Total Cost": 505282.0,
    "Plan Rows": 1,
    "Plan Width": 8,
    "Actual Startup Time": 2361.221,
    "Actual Total Time": 2420.002,
    "Actual Rows": 1,
    "Actual Loops": 1,
    "Plans": [
      {
        "Node Type": "Gather",
        "Parent Relationship": "Outer",
        "Parallel Aware": false,
        "Startup Cost": 505281.88,
        "Total Cost": 505281.99,
        "Plan Rows": 1,
        "Plan Width": 8,
        "Actual Startup Time": 2357.367,
        "Actual Total Time": 2419.99,
        "Actual Rows": 2,
        "Actual Loops": 1,
        "Workers Planned": 1,
        "Workers Launched": 1,
        "Single Copy": false,
        "Plans": [
          {
            "Node Type": "Aggregate",
            "Strategy": "Plain",
            "Partial Mode": "Partial",
            "Parent Relationship": "Outer",
            "Parallel Aware": false,
            "Startup Cost": 504281.88,
            "Total Cost": 504281.89,
            "Plan Rows": 1,
            "Plan Width": 8,
            "Actual Startup Time": 2349.348,
            "Actual Total Time": 2349.908,
            "Actual Rows": 1,
            "Actual Loops": 2,
            "Plans": [
              {
                "Node Type": "Hash Join",
                "Parent Relationship": "Outer",
                "Parallel Aware": true,
                "Join Type": "Inner",
                "Startup Cost": 207781.56,
                "Total Cost": 500476.41,
                "Plan Rows": 1522186,
                "Plan Width": 0,
                "Actual Startup Time": 1166.457,
                "Actual Total Time": 2299.479,
                "Actual Rows": 1242746,
                "Actual Loops": 2,
                "Inner Unique": false,
                "Hash Cond": "(mi.movie_id = t.id)",
                "Plans": [
                  {
                    "Node Type": "Seq Scan",
                    "Parent Relationship": "Outer",
                    "Parallel Aware": true,
                    "Relation Name": "movie_info",
                    "Alias": "mi",
                    "Startup Cost": 0.0,
                    "Total Cost": 270696.42,
                    "Plan Rows": 3478509,
                    "Plan Width": 4,
                    "Actual Startup Time": 33.782,
                    "Actual Total Time": 646.893,
                    "Actual Rows": 2934513,
                    "Actual Loops": 2,
                    "Filter": "(info_type_id > 13)",
                    "Rows Removed by Filter": 4483347
                  },
                  {
                    "Node Type": "Hash",
                    "Parent Relationship": "Inner",
                    "Parallel Aware": true,
                    "Startup Cost": 199646.46,
                    "Total Cost": 199646.46,
                    "Plan Rows": 650808,
                    "Plan Width": 8,
                    "Actual Startup Time": 1118.003,
                    "Actual Total Time": 1118.562,
                    "Actual Rows": 391633,
                    "Actual Loops": 2,
                    "Hash Buckets": 2097152,
                    "Original Hash Buckets": 2097152,
                    "Hash Batches": 1,
                    "Original Hash Batches": 1,
                    "Peak Memory Usage": 47040,
                    "Plans": [
                      {
                        "Node Type": "Hash Join",
                        "Parent Relationship": "Outer",
                        "Parallel Aware": true,
                        "Join Type": "Inner",
                        "Startup Cost": 63827.48,
                        "Total Cost": 199646.46,
                        "Plan Rows": 650808,
                        "Plan Width": 8,
                        "Actual Startup Time": 239.83,
                        "Actual Total Time": 1000.443,
                        "Actual Rows": 391633,
                        "Actual Loops": 2,
                        "Inner Unique": true,
                        "Hash Cond": "(ci.movie_id = t.id)",
                        "Plans": [
                          {
                            "Node Type": "Index Scan",
                            "Parent Relationship": "Outer",
                            "Parallel Aware": true,
                            "Scan Direction": "Forward",
                            "Index Name": "role_id_cast_info",
                            "Relation Name": "cast_info",
                            "Alias": "ci",
                            "Startup Cost": 0.56,
                            "Total Cost": 130066.5,
                            "Plan Rows": 2191629,
                            "Plan Width": 4,
                            "Actual Startup Time": 0.048,
                            "Actual Total Time": 325.097,
                            "Actual Rows": 2004018,
                            "Actual Loops": 2,
                            "Index Cond": "(role_id = 3)",
                            "Rows Removed by Index Recheck": 0,
                            "Filter": "(person_id < 3535872)",
                            "Rows Removed by Filter": 0
                          },
                          {
                            "Node Type": "Hash",
                            "Parent Relationship": "Inner",
                            "Parallel Aware": true,
                            "Startup Cost": 58306.47,
                            "Total Cost": 58306.47,
                            "Plan Rows": 441636,
                            "Plan Width": 4,
                            "Actual Startup Time": 235.595,
                            "Actual Total Time": 235.596,
                            "Actual Rows": 323778,
                            "Actual Loops": 2,
                            "Hash Buckets": 1048576,
                            "Original Hash Buckets": 1048576,
                            "Hash Batches": 1,
                            "Original Hash Batches": 1,
                            "Peak Memory Usage": 33568,
                            "Plans": [
                              {
                                "Node Type": "Seq Scan",
                                "Parent Relationship": "Outer",
                                "Parallel Aware": true,
                                "Relation Name": "title",
                                "Alias": "t",
                                "Startup Cost": 0.0,
                                "Total Cost": 58306.47,
                                "Plan Rows": 441636,
                                "Plan Width": 4,
                                "Actual Startup Time": 0.03,
                                "Actual Total Time": 152.512,
                                "Actual Rows": 323778,
                                "Actual Loops": 2,
                                "Filter": "((kind_id > 1) AND (production_year < 2000))",
                                "Rows Removed by Filter": 940378
                              }
                            ]
                          }
                        ]
                      }
                    ]
                  }
                ]
              }
            ]
          }
        ]
      }
    ]
  },
  "Planning Time": 1.002,
  "Triggers": [],
  "Execution Time": 2420.101
}