{
    "Plan": {
        "Node Type": "Aggregate",
        "Strategy": "Plain",
        "Partial Mode": "Finalize",
        "Parallel Aware": false,
        "Startup Cost": 627983.67,
        "Total Cost": 627983.68,
        "Plan Rows": 1,
        "Plan Width": 8,
        "Actual Startup Time": 4470.291,
        "Actual Total Time": 4547.335,
        "Actual Rows": 1,
        "Actual Loops": 1,
        "Output": [
            "count(*)"
        ],
        "Plans": [
            {
                "Node Type": "Gather",
                "Parent Relationship": "Outer",
                "Parallel Aware": false,
                "Startup Cost": 627983.05,
                "Total Cost": 627983.66,
                "Plan Rows": 6,
                "Plan Width": 8,
                "Actual Startup Time": 4461.896,
                "Actual Total Time": 4547.323,
                "Actual Rows": 7,
                "Actual Loops": 1,
                "Output": [
                    "(PARTIAL count(*))"
                ],
                "Workers Planned": 6,
                "Workers Launched": 6,
                "Single Copy": false,
                "Plans": [
                    {
                        "Node Type": "Aggregate",
                        "Strategy": "Plain",
                        "Partial Mode": "Partial",
                        "Parent Relationship": "Outer",
                        "Parallel Aware": false,
                        "Startup Cost": 626983.05,
                        "Total Cost": 626983.06,
                        "Plan Rows": 1,
                        "Plan Width": 8,
                        "Actual Startup Time": 4433.742,
                        "Actual Total Time": 4433.974,
                        "Actual Rows": 1,
                        "Actual Loops": 7,
                        "Output": [
                            "PARTIAL count(*)"
                        ],
                        "Workers": [
                            {
                                "Worker Number": 0,
                                "Actual Startup Time": 4427.992,
                                "Actual Total Time": 4427.997,
                                "Actual Rows": 1,
                                "Actual Loops": 1
                            },
                            {
                                "Worker Number": 1,
                                "Actual Startup Time": 4429.203,
                                "Actual Total Time": 4429.208,
                                "Actual Rows": 1,
                                "Actual Loops": 1
                            },
                            {
                                "Worker Number": 2,
                                "Actual Startup Time": 4427.967,
                                "Actual Total Time": 4427.971,
                                "Actual Rows": 1,
                                "Actual Loops": 1
                            },
                            {
                                "Worker Number": 3,
                                "Actual Startup Time": 4429.604,
                                "Actual Total Time": 4429.609,
                                "Actual Rows": 1,
                                "Actual Loops": 1
                            },
                            {
                                "Worker Number": 4,
                                "Actual Startup Time": 4431.311,
                                "Actual Total Time": 4431.316,
                                "Actual Rows": 1,
                                "Actual Loops": 1
                            },
                            {
                                "Worker Number": 5,
                                "Actual Startup Time": 4429.331,
                                "Actual Total Time": 4429.337,
                                "Actual Rows": 1,
                                "Actual Loops": 1
                            }
                        ],
                        "Plans": [
                            {
                                "Node Type": "Hash Join",
                                "Parent Relationship": "Outer",
                                "Parallel Aware": true,
                                "Join Type": "Inner",
                                "Startup Cost": 259254.76,
                                "Total Cost": 609226.37,
                                "Plan Rows": 7102670,
                                "Plan Width": 0,
                                "Actual Startup Time": 1185.126,
                                "Actual Total Time": 4164.259,
                                "Actual Rows": 5471075,
                                "Actual Loops": 7,
                                "Inner Unique": false,
                                "Hash Cond": "(ci.movie_id = t.id)",
                                "Workers": [
                                    {
                                        "Worker Number": 0,
                                        "Actual Startup Time": 1179.635,
                                        "Actual Total Time": 4127.587,
                                        "Actual Rows": 4663011,
                                        "Actual Loops": 1
                                    },
                                    {
                                        "Worker Number": 1,
                                        "Actual Startup Time": 1181.005,
                                        "Actual Total Time": 4129.095,
                                        "Actual Rows": 4763376,
                                        "Actual Loops": 1
                                    },
                                    {
                                        "Worker Number": 2,
                                        "Actual Startup Time": 1179.65,
                                        "Actual Total Time": 4123.103,
                                        "Actual Rows": 4903187,
                                        "Actual Loops": 1
                                    },
                                    {
                                        "Worker Number": 3,
                                        "Actual Startup Time": 1181.049,
                                        "Actual Total Time": 4187.428,
                                        "Actual Rows": 5859020,
                                        "Actual Loops": 1
                                    },
                                    {
                                        "Worker Number": 4,
                                        "Actual Startup Time": 1181.017,
                                        "Actual Total Time": 4184.235,
                                        "Actual Rows": 5900103,
                                        "Actual Loops": 1
                                    },
                                    {
                                        "Worker Number": 5,
                                        "Actual Startup Time": 1181.091,
                                        "Actual Total Time": 4187.124,
                                        "Actual Rows": 5869230,
                                        "Actual Loops": 1
                                    }
                                ],
                                "Plans": [
                                    {
                                        "Node Type": "Seq Scan",
                                        "Parent Relationship": "Outer",
                                        "Parallel Aware": true,
                                        "Relation Name": "cast_info",
                                        "Schema": "public",
                                        "Alias": "ci",
                                        "Startup Cost": 0.0,
                                        "Total Cost": 313108.29,
                                        "Plan Rows": 6042129,
                                        "Plan Width": 4,
                                        "Actual Startup Time": 0.035,
                                        "Actual Total Time": 616.519,
                                        "Actual Rows": 5177763,
                                        "Actual Loops": 7,
                                        "Output": [
                                            "ci.id",
                                            "ci.person_id",
                                            "ci.movie_id",
                                            "ci.person_role_id",
                                            "ci.note",
                                            "ci.nr_order",
                                            "ci.role_id"
                                        ],
                                        "Workers": [
                                            {
                                                "Worker Number": 0,
                                                "Actual Startup Time": 0.038,
                                                "Actual Total Time": 657.618,
                                                "Actual Rows": 4470591,
                                                "Actual Loops": 1
                                            },
                                            {
                                                "Worker Number": 1,
                                                "Actual Startup Time": 0.039,
                                                "Actual Total Time": 656.775,
                                                "Actual Rows": 4540298,
                                                "Actual Loops": 1
                                            },
                                            {
                                                "Worker Number": 2,
                                                "Actual Startup Time": 0.04,
                                                "Actual Total Time": 658.327,
                                                "Actual Rows": 4595385,
                                                "Actual Loops": 1
                                            },
                                            {
                                                "Worker Number": 3,
                                                "Actual Startup Time": 0.038,
                                                "Actual Total Time": 614.298,
                                                "Actual Rows": 5559713,
                                                "Actual Loops": 1
                                            },
                                            {
                                                "Worker Number": 4,
                                                "Actual Startup Time": 0.034,
                                                "Actual Total Time": 618.367,
                                                "Actual Rows": 5564877,
                                                "Actual Loops": 1
                                            },
                                            {
                                                "Worker Number": 5,
                                                "Actual Startup Time": 0.043,
                                                "Actual Total Time": 610.713,
                                                "Actual Rows": 5519808,
                                                "Actual Loops": 1
                                            }
                                        ]
                                    },
                                    {
                                        "Node Type": "Hash",
                                        "Parent Relationship": "Inner",
                                        "Parallel Aware": true,
                                        "Startup Cost": 251824.49,
                                        "Total Cost": 251824.49,
                                        "Plan Rows": 594421,
                                        "Plan Width": 8,
                                        "Actual Startup Time": 1177.506,
                                        "Actual Total Time": 1177.737,
                                        "Actual Rows": 261016,
                                        "Actual Loops": 7,
                                        "Output": [
                                            "t.id",
                                            "mi.movie_id"
                                        ],
                                        "Hash Buckets": 4194304,
                                        "Original Hash Buckets": 4194304,
                                        "Hash Batches": 1,
                                        "Original Hash Batches": 1,
                                        "Peak Memory Usage": 104384,
                                        "Workers": [
                                            {
                                                "Worker Number": 0,
                                                "Actual Startup Time": 1178.585,
                                                "Actual Total Time": 1178.588,
                                                "Actual Rows": 223523,
                                                "Actual Loops": 1
                                            },
                                            {
                                                "Worker Number": 1,
                                                "Actual Startup Time": 1180.055,
                                                "Actual Total Time": 1180.059,
                                                "Actual Rows": 225817,
                                                "Actual Loops": 1
                                            },
                                            {
                                                "Worker Number": 2,
                                                "Actual Startup Time": 1178.56,
                                                "Actual Total Time": 1178.563,
                                                "Actual Rows": 208795,
                                                "Actual Loops": 1
                                            },
                                            {
                                                "Worker Number": 3,
                                                "Actual Startup Time": 1180.3,
                                                "Actual Total Time": 1180.304,
                                                "Actual Rows": 289140,
                                                "Actual Loops": 1
                                            },
                                            {
                                                "Worker Number": 4,
                                                "Actual Startup Time": 1180.272,
                                                "Actual Total Time": 1180.275,
                                                "Actual Rows": 284055,
                                                "Actual Loops": 1
                                            },
                                            {
                                                "Worker Number": 5,
                                                "Actual Startup Time": 1180.242,
                                                "Actual Total Time": 1180.246,
                                                "Actual Rows": 283465,
                                                "Actual Loops": 1
                                            }
                                        ],
                                        "Plans": [
                                            {
                                                "Node Type": "Hash Join",
                                                "Parent Relationship": "Outer",
                                                "Parallel Aware": true,
                                                "Join Type": "Inner",
                                                "Startup Cost": 47945.98,
                                                "Total Cost": 251824.49,
                                                "Plan Rows": 594421,
                                                "Plan Width": 8,
                                                "Actual Startup Time": 244.181,
                                                "Actual Total Time": 942.333,
                                                "Actual Rows": 261016,
                                                "Actual Loops": 7,
                                                "Output": [
                                                    "t.id",
                                                    "mi.movie_id"
                                                ],
                                                "Inner Unique": true,
                                                "Hash Cond": "(mi.movie_id = t.id)",
                                                "Workers": [
                                                    {
                                                        "Worker Number": 0,
                                                        "Actual Startup Time": 244.16,
                                                        "Actual Total Time": 946.563,
                                                        "Actual Rows": 223523,
                                                        "Actual Loops": 1
                                                    },
                                                    {
                                                        "Worker Number": 1,
                                                        "Actual Startup Time": 244.155,
                                                        "Actual Total Time": 944.701,
                                                        "Actual Rows": 225817,
                                                        "Actual Loops": 1
                                                    },
                                                    {
                                                        "Worker Number": 2,
                                                        "Actual Startup Time": 244.285,
                                                        "Actual Total Time": 945.856,
                                                        "Actual Rows": 208795,
                                                        "Actual Loops": 1
                                                    },
                                                    {
                                                        "Worker Number": 3,
                                                        "Actual Startup Time": 244.181,
                                                        "Actual Total Time": 939.76,
                                                        "Actual Rows": 289140,
                                                        "Actual Loops": 1
                                                    },
                                                    {
                                                        "Worker Number": 4,
                                                        "Actual Startup Time": 244.111,
                                                        "Actual Total Time": 939.198,
                                                        "Actual Rows": 284055,
                                                        "Actual Loops": 1
                                                    },
                                                    {
                                                        "Worker Number": 5,
                                                        "Actual Startup Time": 244.081,
                                                        "Actual Total Time": 940.535,
                                                        "Actual Rows": 283465,
                                                        "Actual Loops": 1
                                                    }
                                                ],
                                                "Plans": [
                                                    {
                                                        "Node Type": "Seq Scan",
                                                        "Parent Relationship": "Outer",
                                                        "Parallel Aware": true,
                                                        "Relation Name": "movie_info",
                                                        "Schema": "public",
                                                        "Alias": "mi",
                                                        "Startup Cost": 0.0,
                                                        "Total Cost": 198880.74,
                                                        "Plan Rows": 1903910,
                                                        "Plan Width": 4,
                                                        "Actual Startup Time": 0.048,
                                                        "Actual Total Time": 352.7,
                                                        "Actual Rows": 1366450,
                                                        "Actual Loops": 7,
                                                        "Output": [
                                                            "mi.id",
                                                            "mi.movie_id",
                                                            "mi.info_type_id",
                                                            "mi.info",
                                                            "mi.note"
                                                        ],
                                                        "Filter": "(mi.info_type_id < 16)",
                                                        "Rows Removed by Filter": 752938,
                                                        "Workers": [
                                                            {
                                                                "Worker Number": 0,
                                                                "Actual Startup Time": 0.056,
                                                                "Actual Total Time": 367.468,
                                                                "Actual Rows": 1134525,
                                                                "Actual Loops": 1
                                                            },
                                                            {
                                                                "Worker Number": 1,
                                                                "Actual Startup Time": 0.055,
                                                                "Actual Total Time": 366.444,
                                                                "Actual Rows": 1136442,
                                                                "Actual Loops": 1
                                                            },
                                                            {
                                                                "Worker Number": 2,
                                                                "Actual Startup Time": 0.08,
                                                                "Actual Total Time": 368.561,
                                                                "Actual Rows": 1112721,
                                                                "Actual Loops": 1
                                                            },
                                                            {
                                                                "Worker Number": 3,
                                                                "Actual Startup Time": 0.039,
                                                                "Actual Total Time": 349.195,
                                                                "Actual Rows": 1476149,
                                                                "Actual Loops": 1
                                                            },
                                                            {
                                                                "Worker Number": 4,
                                                                "Actual Startup Time": 0.04,
                                                                "Actual Total Time": 348.678,
                                                                "Actual Rows": 1522455,
                                                                "Actual Loops": 1
                                                            },
                                                            {
                                                                "Worker Number": 5,
                                                                "Actual Startup Time": 0.048,
                                                                "Actual Total Time": 348.657,
                                                                "Actual Rows": 1494137,
                                                                "Actual Loops": 1
                                                            }
                                                        ]
                                                    },
                                                    {
                                                        "Node Type": "Hash",
                                                        "Parent Relationship": "Inner",
                                                        "Parallel Aware": true,
                                                        "Startup Cost": 45479.21,
                                                        "Total Cost": 45479.21,
                                                        "Plan Rows": 197342,
                                                        "Plan Width": 4,
                                                        "Actual Startup Time": 241.286,
                                                        "Actual Total Time": 241.287,
                                                        "Actual Rows": 99748,
                                                        "Actual Loops": 7,
                                                        "Output": [
                                                            "t.id"
                                                        ],
                                                        "Hash Buckets": 1048576,
                                                        "Original Hash Buckets": 1048576,
                                                        "Hash Batches": 1,
                                                        "Original Hash Batches": 1,
                                                        "Peak Memory Usage": 35648,
                                                        "Workers": [
                                                            {
                                                                "Worker Number": 0,
                                                                "Actual Startup Time": 243.745,
                                                                "Actual Total Time": 243.746,
                                                                "Actual Rows": 72005,
                                                                "Actual Loops": 1
                                                            },
                                                            {
                                                                "Worker Number": 1,
                                                                "Actual Startup Time": 243.964,
                                                                "Actual Total Time": 243.965,
                                                                "Actual Rows": 75539,
                                                                "Actual Loops": 1
                                                            },
                                                            {
                                                                "Worker Number": 2,
                                                                "Actual Startup Time": 243.791,
                                                                "Actual Total Time": 243.792,
                                                                "Actual Rows": 64798,
                                                                "Actual Loops": 1
                                                            },
                                                            {
                                                                "Worker Number": 3,
                                                                "Actual Startup Time": 243.816,
                                                                "Actual Total Time": 243.817,
                                                                "Actual Rows": 117880,
                                                                "Actual Loops": 1
                                                            },
                                                            {
                                                                "Worker Number": 4,
                                                                "Actual Startup Time": 243.73,
                                                                "Actual Total Time": 243.731,
                                                                "Actual Rows": 70162,
                                                                "Actual Loops": 1
                                                            },
                                                            {
                                                                "Worker Number": 5,
                                                                "Actual Startup Time": 243.951,
                                                                "Actual Total Time": 243.952,
                                                                "Actual Rows": 111631,
                                                                "Actual Loops": 1
                                                            }
                                                        ],
                                                        "Plans": [
                                                            {
                                                                "Node Type": "Seq Scan",
                                                                "Parent Relationship": "Outer",
                                                                "Parallel Aware": true,
                                                                "Relation Name": "title",
                                                                "Schema": "public",
                                                                "Alias": "t",
                                                                "Startup Cost": 0.0,
                                                                "Total Cost": 45479.21,
                                                                "Plan Rows": 197342,
                                                                "Plan Width": 4,
                                                                "Actual Startup Time": 0.08,
                                                                "Actual Total Time": 103.55,
                                                                "Actual Rows": 99748,
                                                                "Actual Loops": 7,
                                                                "Output": [
                                                                    "t.id"
                                                                ],
                                                                "Filter": "((t.kind_id > 2) AND (t.production_year < 2002))",
                                                                "Rows Removed by Filter": 261440,
                                                                "Workers": [
                                                                    {
                                                                        "Worker Number": 0,
                                                                        "Actual Startup Time": 0.114,
                                                                        "Actual Total Time": 105.85,
                                                                        "Actual Rows": 72005,
                                                                        "Actual Loops": 1
                                                                    },
                                                                    {
                                                                        "Worker Number": 1,
                                                                        "Actual Startup Time": 0.082,
                                                                        "Actual Total Time": 105.365,
                                                                        "Actual Rows": 75539,
                                                                        "Actual Loops": 1
                                                                    },
                                                                    {
                                                                        "Worker Number": 2,
                                                                        "Actual Startup Time": 0.113,
                                                                        "Actual Total Time": 106.288,
                                                                        "Actual Rows": 64798,
                                                                        "Actual Loops": 1
                                                                    },
                                                                    {
                                                                        "Worker Number": 3,
                                                                        "Actual Startup Time": 0.071,
                                                                        "Actual Total Time": 103.97,
                                                                        "Actual Rows": 117880,
                                                                        "Actual Loops": 1
                                                                    },
                                                                    {
                                                                        "Worker Number": 4,
                                                                        "Actual Startup Time": 0.079,
                                                                        "Actual Total Time": 105.882,
                                                                        "Actual Rows": 70162,
                                                                        "Actual Loops": 1
                                                                    },
                                                                    {
                                                                        "Worker Number": 5,
                                                                        "Actual Startup Time": 0.081,
                                                                        "Actual Total Time": 103.421,
                                                                        "Actual Rows": 111631,
                                                                        "Actual Loops": 1
                                                                    }
                                                                ]
                                                            }
                                                        ]
                                                    }
                                                ]
                                            }
                                        ]
                                    }
                                ]
                            }
                        ]
                    }
                ]
            }
        ]
    },
    "Planning Time": 1.663,
    "Triggers": [],
    "Execution Time": 4547.451
}