[
  {
    "Plan": {
      "Node Type": "Aggregate",
      "Strategy": "Plain",
      "Partial Mode": "Finalize",
      "Parallel Aware": false,
      "Startup Cost": 64579.9,
      "Total Cost": 64579.91,
      "Plan Rows": 1,
      "Plan Width": 8,
      "Actual Startup Time": 101.716,
      "Actual Total Time": 115.524,
      "Actual Rows": 1,
      "Actual Loops": 1,
      "Plans": [
        {
          "Node Type": "Gather",
          "Parent Relationship": "Outer",
          "Parallel Aware": false,
          "Startup Cost": 64579.48,
          "Total Cost": 64579.89,
          "Plan Rows": 4,
          "Plan Width": 8,
          "Actual Startup Time": 101.457,
          "Actual Total Time": 115.515,
          "Actual Rows": 5,
          "Actual Loops": 1,
          "Workers Planned": 4,
          "Workers Launched": 4,
          "Single Copy": false,
          "Plans": [
            {
              "Node Type": "Aggregate",
              "Strategy": "Plain",
              "Partial Mode": "Partial",
              "Parent Relationship": "Outer",
              "Parallel Aware": false,
              "Startup Cost": 63579.48,
              "Total Cost": 63579.49,
              "Plan Rows": 1,
              "Plan Width": 8,
              "Actual Startup Time": 91.555,
              "Actual Total Time": 91.557,
              "Actual Rows": 1,
              "Actual Loops": 5,
              "Plans": [
                {
                  "Node Type": "Nested Loop",
                  "Parent Relationship": "Outer",
                  "Parallel Aware": false,
                  "Join Type": "Inner",
                  "Startup Cost": 0.43,
                  "Total Cost": 63572.36,
                  "Plan Rows": 2848,
                  "Plan Width": 0,
                  "Actual Startup Time": 2.131,
                  "Actual Total Time": 91.512,
                  "Actual Rows": 390,
                  "Actual Loops": 5,
                  "Inner Unique": false,
                  "Plans": [
                    {
                      "Node Type": "Seq Scan",
                      "Parent Relationship": "Outer",
                      "Parallel Aware": true,
                      "Relation Name": "title",
                      "Alias": "t",
                      "Startup Cost": 0.0,
                      "Total Cost": 45479.1,
                      "Plan Rows": 2152,
                      "Plan Width": 4,
                      "Actual Startup Time": 0.172,
                      "Actual Total Time": 82.369,
                      "Actual Rows": 1676,
                      "Actual Loops": 5,
                      "Filter": "((kind_id = 7) AND (production_year = 1979))",
                      "Rows Removed by Filter": 503987
                    },
                    {
                      "Node Type": "Index Scan",
                      "Parent Relationship": "Inner",
                      "Parallel Aware": false,
                      "Scan Direction": "Forward",
                      "Index Name": "movie_id_movie_keyword",
                      "Relation Name": "movie_keyword",
                      "Alias": "mk",
                      "Startup Cost": 0.43,
                      "Total Cost": 8.07,
                      "Plan Rows": 34,
                      "Plan Width": 4,
                      "Actual Startup Time": 0.005,
                      "Actual Total Time": 0.005,
                      "Actual Rows": 0,
                      "Actual Loops": 8378,
                      "Index Cond": "(movie_id = t.id)",
                      "Rows Removed by Index Recheck": 0,
                      "Filter": "(keyword_id > 1437)",
                      "Rows Removed by Filter": 0
                    }
                  ]
                }
              ]
            }
          ]
        }
      ]
    },
    "Planning Time": 0.617,
    "Triggers": [],
    "Execution Time": 115.595
  }
]