[
  {
    "Plan": {
      "Node Type": "Aggregate",
      "Strategy": "Plain",
      "Partial Mode": "Finalize",
      "Parallel Aware": false,
      "Startup Cost": 474878.58,
      "Total Cost": 474878.59,
      "Plan Rows": 1,
      "Plan Width": 8,
      "Actual Startup Time": 3302.397,
      "Actual Total Time": 3348.063,
      "Actual Rows": 1,
      "Actual Loops": 1,
      "Plans": [
        {
          "Node Type": "Gather",
          "Parent Relationship": "Outer",
          "Parallel Aware": false,
          "Startup Cost": 474877.95,
          "Total Cost": 474878.56,
          "Plan Rows": 6,
          "Plan Width": 8,
          "Actual Startup Time": 3282.591,
          "Actual Total Time": 3348.042,
          "Actual Rows": 7,
          "Actual Loops": 1,
          "Workers Planned": 6,
          "Workers Launched": 6,
          "Single Copy": false,
          "Plans": [
            {
              "Node Type": "Aggregate",
              "Strategy": "Plain",
              "Partial Mode": "Partial",
              "Parent Relationship": "Outer",
              "Parallel Aware": false,
              "Startup Cost": 473877.95,
              "Total Cost": 473877.96,
              "Plan Rows": 1,
              "Plan Width": 8,
              "Actual Startup Time": 3267.907,
              "Actual Total Time": 3268.482,
              "Actual Rows": 1,
              "Actual Loops": 7,
              "Plans": [
                {
                  "Node Type": "Hash Join",
                  "Parent Relationship": "Outer",
                  "Parallel Aware": true,
                  "Join Type": "Inner",
                  "Startup Cost": 101212.17,
                  "Total Cost": 467385.85,
                  "Plan Rows": 2596840,
                  "Plan Width": 0,
                  "Actual Startup Time": 615.627,
                  "Actual Total Time": 2914.943,
                  "Actual Rows": 6448086,
                  "Actual Loops": 7,
                  "Inner Unique": false,
                  "Hash Cond": "(ci.movie_id = t.id)",
                  "Plans": [
                    {
                      "Node Type": "Seq Scan",
                      "Parent Relationship": "Outer",
                      "Parallel Aware": true,
                      "Relation Name": "cast_info",
                      "Alias": "ci",
                      "Startup Cost": 0.0,
                      "Total Cost": 343316.27,
                      "Plan Rows": 3861469,
                      "Plan Width": 4,
                      "Actual Startup Time": 23.557,
                      "Actual Total Time": 807.375,
                      "Actual Rows": 3275366,
                      "Actual Loops": 7,
                      "Filter": "((person_id > 150823) AND (role_id < 4))",
                      "Rows Removed by Filter": 1902397
                    },
                    {
                      "Node Type": "Hash",
                      "Parent Relationship": "Inner",
                      "Parallel Aware": true,
                      "Startup Cost": 94355.86,
                      "Total Cost": 94355.86,
                      "Plan Rows": 548505,
                      "Plan Width": 8,
                      "Actual Startup Time": 587.133,
                      "Actual Total Time": 587.706,
                      "Actual Rows": 242725,
                      "Actual Loops": 7,
                      "Hash Buckets": 2097152,
                      "Original Hash Buckets": 2097152,
                      "Hash Batches": 1,
                      "Original Hash Batches": 1,
                      "Peak Memory Usage": 83008,
                      "Plans": [
                        {
                          "Node Type": "Hash Join",
                          "Parent Relationship": "Outer",
                          "Parallel Aware": true,
                          "Join Type": "Inner",
                          "Startup Cost": 50220.38,
                          "Total Cost": 94355.86,
                          "Plan Rows": 548505,
                          "Plan Width": 8,
                          "Actual Startup Time": 306.295,
                          "Actual Total Time": 477.556,
                          "Actual Rows": 242725,
                          "Actual Loops": 7,
                          "Inner Unique": true,
                          "Hash Cond": "(mk.movie_id = t.id)",
                          "Plans": [
                            {
                              "Node Type": "Seq Scan",
                              "Parent Relationship": "Outer",
                              "Parallel Aware": true,
                              "Relation Name": "movie_keyword",
                              "Alias": "mk",
                              "Startup Cost": 0.0,
                              "Total Cost": 42695.65,
                              "Plan Rows": 548505,
                              "Plan Width": 4,
                              "Actual Startup Time": 0.048,
                              "Actual Total Time": 88.192,
                              "Actual Rows": 242725,
                              "Actual Loops": 7,
                              "Filter": "(keyword_id < 2650)",
                              "Rows Removed by Filter": 403550
                            },
                            {
                              "Node Type": "Hash",
                              "Parent Relationship": "Inner",
                              "Parallel Aware": true,
                              "Startup Cost": 42319.06,
                              "Total Cost": 42319.06,
                              "Plan Rows": 632106,
                              "Plan Width": 4,
                              "Actual Startup Time": 301.826,
                              "Actual Total Time": 301.827,
                              "Actual Rows": 361187,
                              "Actual Loops": 7,
                              "Hash Buckets": 4194304,
                              "Original Hash Buckets": 4194304,
                              "Hash Batches": 1,
                              "Original Hash Batches": 1,
                              "Peak Memory Usage": 131776,
                              "Plans": [
                                {
                                  "Node Type": "Seq Scan",
                                  "Parent Relationship": "Outer",
                                  "Parallel Aware": true,
                                  "Relation Name": "title",
                                  "Alias": "t",
                                  "Startup Cost": 0.0,
                                  "Total Cost": 42319.06,
                                  "Plan Rows": 632106,
                                  "Plan Width": 4,
                                  "Actual Startup Time": 0.064,
                                  "Actual Total Time": 86.469,
                                  "Actual Rows": 361187,
                                  "Actual Loops": 7
                                }
                              ]
                            }
                          ]
                        }
                      ]
                    }
                  ]
                }
              ]
            }
          ]
        }
      ]
    },
    "Planning Time": 1.376,
    "Triggers": [],
    "Execution Time": 3348.152
  }
]