[
  {
    "Plan": {
      "Node Type": "Aggregate",
      "Strategy": "Plain",
      "Partial Mode": "Finalize",
      "Parallel Aware": false,
      "Startup Cost": 12670.57,
      "Total Cost": 12670.58,
      "Plan Rows": 1,
      "Plan Width": 8,
      "Actual Startup Time": 25.739,
      "Actual Total Time": 29.5,
      "Actual Rows": 1,
      "Actual Loops": 1,
      "Plans": [
        {
          "Node Type": "Gather",
          "Parent Relationship": "Outer",
          "Parallel Aware": false,
          "Startup Cost": 12670.46,
          "Total Cost": 12670.57,
          "Plan Rows": 1,
          "Plan Width": 8,
          "Actual Startup Time": 25.265,
          "Actual Total Time": 29.49,
          "Actual Rows": 2,
          "Actual Loops": 1,
          "Workers Planned": 1,
          "Workers Launched": 1,
          "Single Copy": false,
          "Plans": [
            {
              "Node Type": "Aggregate",
              "Strategy": "Plain",
              "Partial Mode": "Partial",
              "Parent Relationship": "Outer",
              "Parallel Aware": false,
              "Startup Cost": 11670.46,
              "Total Cost": 11670.47,
              "Plan Rows": 1,
              "Plan Width": 8,
              "Actual Startup Time": 19.23,
              "Actual Total Time": 19.233,
              "Actual Rows": 1,
              "Actual Loops": 2,
              "Plans": [
                {
                  "Node Type": "Nested Loop",
                  "Parent Relationship": "Outer",
                  "Parallel Aware": false,
                  "Join Type": "Inner",
                  "Startup Cost": 44.46,
                  "Total Cost": 11669.73,
                  "Plan Rows": 292,
                  "Plan Width": 0,
                  "Actual Startup Time": 5.744,
                  "Actual Total Time": 19.177,
                  "Actual Rows": 232,
                  "Actual Loops": 2,
                  "Inner Unique": false,
                  "Plans": [
                    {
                      "Node Type": "Nested Loop",
                      "Parent Relationship": "Outer",
                      "Parallel Aware": false,
                      "Join Type": "Inner",
                      "Startup Cost": 44.03,
                      "Total Cost": 10685.45,
                      "Plan Rows": 594,
                      "Plan Width": 8,
                      "Actual Startup Time": 4.613,
                      "Actual Total Time": 9.393,
                      "Actual Rows": 372,
                      "Actual Loops": 2,
                      "Inner Unique": true,
                      "Plans": [
                        {
                          "Node Type": "Bitmap Heap Scan",
                          "Parent Relationship": "Outer",
                          "Parallel Aware": true,
                          "Relation Name": "movie_companies",
                          "Alias": "mc",
                          "Startup Cost": 43.6,
                          "Total Cost": 5822.9,
                          "Plan Rows": 594,
                          "Plan Width": 4,
                          "Actual Startup Time": 4.479,
                          "Actual Total Time": 5.354,
                          "Actual Rows": 372,
                          "Actual Loops": 2,
                          "Recheck Cond": "(company_id < 6)",
                          "Rows Removed by Index Recheck": 0,
                          "Filter": "(company_type_id = 2)",
                          "Rows Removed by Filter": 1984,
                          "Exact Heap Blocks": 1768,
                          "Lossy Heap Blocks": 0,
                          "Plans": [
                            {
                              "Node Type": "Bitmap Index Scan",
                              "Parent Relationship": "Outer",
                              "Parallel Aware": false,
                              "Index Name": "company_id_movie_companies",
                              "Startup Cost": 0.0,
                              "Total Cost": 43.35,
                              "Plan Rows": 1989,
                              "Plan Width": 0,
                              "Actual Startup Time": 2.796,
                              "Actual Total Time": 2.796,
                              "Actual Rows": 4712,
                              "Actual Loops": 1,
                              "Index Cond": "(company_id < 6)"
                            }
                          ]
                        },
                        {
                          "Node Type": "Index Only Scan",
                          "Parent Relationship": "Inner",
                          "Parallel Aware": false,
                          "Scan Direction": "Forward",
                          "Index Name": "title_pkey",
                          "Relation Name": "title",
                          "Alias": "t",
                          "Startup Cost": 0.43,
                          "Total Cost": 8.19,
                          "Plan Rows": 1,
                          "Plan Width": 4,
                          "Actual Startup Time": 0.01,
                          "Actual Total Time": 0.01,
                          "Actual Rows": 1,
                          "Actual Loops": 743,
                          "Index Cond": "(id = mc.movie_id)",
                          "Rows Removed by Index Recheck": 0,
                          "Heap Fetches": 743
                        }
                      ]
                    },
                    {
                      "Node Type": "Index Scan",
                      "Parent Relationship": "Inner",
                      "Parallel Aware": false,
                      "Scan Direction": "Forward",
                      "Index Name": "movie_id_movie_info",
                      "Relation Name": "movie_info",
                      "Alias": "mi",
                      "Startup Cost": 0.43,
                      "Total Cost": 1.62,
                      "Plan Rows": 4,
                      "Plan Width": 4,
                      "Actual Startup Time": 0.022,
                      "Actual Total Time": 0.026,
                      "Actual Rows": 1,
                      "Actual Loops": 743,
                      "Index Cond": "(movie_id = t.id)",
                      "Rows Removed by Index Recheck": 0,
                      "Filter": "(info_type_id > 18)",
                      "Rows Removed by Filter": 9
                    }
                  ]
                }
              ]
            }
          ]
        }
      ]
    },
    "Planning Time": 1.554,
    "Triggers": [],
    "Execution Time": 29.61
  }
]