{
  "Plan": {
    "Node Type": "Aggregate",
    "Strategy": "Plain",
    "Partial Mode": "Finalize",
    "Parallel Aware": false,
    "Startup Cost": 609724.83,
    "Total Cost": 609724.84,
    "Plan Rows": 1,
    "Plan Width": 8,
    "Actual Startup Time": 10302.365,
    "Actual Total Time": 10396.628,
    "Actual Rows": 1,
    "Actual Loops": 1,
    "Plans": [
      {
        "Node Type": "Gather",
        "Parent Relationship": "Outer",
        "Parallel Aware": false,
        "Startup Cost": 609724.71,
        "Total Cost": 609724.82,
        "Plan Rows": 1,
        "Plan Width": 8,
        "Actual Startup Time": 10299.878,
        "Actual Total Time": 10396.619,
        "Actual Rows": 2,
        "Actual Loops": 1,
        "Workers Planned": 1,
        "Workers Launched": 1,
        "Single Copy": false,
        "Plans": [
          {
            "Node Type": "Aggregate",
            "Strategy": "Plain",
            "Partial Mode": "Partial",
            "Parent Relationship": "Outer",
            "Parallel Aware": false,
            "Startup Cost": 608724.71,
            "Total Cost": 608724.72,
            "Plan Rows": 1,
            "Plan Width": 8,
            "Actual Startup Time": 10293.867,
            "Actual Total Time": 10294.166,
            "Actual Rows": 1,
            "Actual Loops": 2,
            "Plans": [
              {
                "Node Type": "Nested Loop",
                "Parent Relationship": "Outer",
                "Parallel Aware": false,
                "Join Type": "Inner",
                "Startup Cost": 44716.12,
                "Total Cost": 603520.85,
                "Plan Rows": 2081546,
                "Plan Width": 0,
                "Actual Startup Time": 253.231,
                "Actual Total Time": 10017.568,
                "Actual Rows": 5836275,
                "Actual Loops": 2,
                "Inner Unique": false,
                "Plans": [
                  {
                    "Node Type": "Hash Join",
                    "Parent Relationship": "Outer",
                    "Parallel Aware": true,
                    "Join Type": "Inner",
                    "Startup Cost": 44715.55,
                    "Total Cost": 106247.57,
                    "Plan Rows": 232306,
                    "Plan Width": 8,
                    "Actual Startup Time": 253.108,
                    "Actual Total Time": 982.956,
                    "Actual Rows": 362416,
                    "Actual Loops": 2,
                    "Inner Unique": false,
                    "Hash Cond": "(t.id = mc.movie_id)",
                    "Plans": [
                      {
                        "Node Type": "Seq Scan",
                        "Parent Relationship": "Outer",
                        "Parallel Aware": true,
                        "Relation Name": "title",
                        "Alias": "t",
                        "Startup Cost": 0.0,
                        "Total Cost": 50870.31,
                        "Plan Rows": 1487231,
                        "Plan Width": 4,
                        "Actual Startup Time": 0.013,
                        "Actual Total Time": 133.875,
                        "Actual Rows": 1264156,
                        "Actual Loops": 2
                      },
                      {
                        "Node Type": "Hash",
                        "Parent Relationship": "Inner",
                        "Parallel Aware": true,
                        "Startup Cost": 41811.73,
                        "Total Cost": 41811.73,
                        "Plan Rows": 232306,
                        "Plan Width": 4,
                        "Actual Startup Time": 247.138,
                        "Actual Total Time": 247.139,
                        "Actual Rows": 362416,
                        "Actual Loops": 2,
                        "Hash Buckets": 1048576,
                        "Original Hash Buckets": 524288,
                        "Hash Batches": 1,
                        "Original Hash Batches": 1,
                        "Peak Memory Usage": 40672,
                        "Plans": [
                          {
                            "Node Type": "Seq Scan",
                            "Parent Relationship": "Outer",
                            "Parallel Aware": true,
                            "Relation Name": "movie_companies",
                            "Alias": "mc",
                            "Startup Cost": 0.0,
                            "Total Cost": 41811.73,
                            "Plan Rows": 232306,
                            "Plan Width": 4,
                            "Actual Startup Time": 70.397,
                            "Actual Total Time": 151.345,
                            "Actual Rows": 362416,
                            "Actual Loops": 2,
                            "Filter": "((company_id > 31350) AND (company_type_id > 1))",
                            "Rows Removed by Filter": 942149
                          }
                        ]
                      }
                    ]
                  },
                  {
                    "Node Type": "Index Scan",
                    "Parent Relationship": "Inner",
                    "Parallel Aware": false,
                    "Scan Direction": "Forward",
                    "Index Name": "movie_id_cast_info",
                    "Relation Name": "cast_info",
                    "Alias": "ci",
                    "Startup Cost": 0.56,
                    "Total Cost": 1.91,
                    "Plan Rows": 23,
                    "Plan Width": 4,
                    "Actual Startup Time": 0.009,
                    "Actual Total Time": 0.024,
                    "Actual Rows": 16,
                    "Actual Loops": 724831,
                    "Index Cond": "(movie_id = t.id)",
                    "Rows Removed by Index Recheck": 0,
                    "Filter": "(person_id > 1338385)",
                    "Rows Removed by Filter": 9
                  }
                ]
              }
            ]
          }
        ]
      }
    ]
  },
  "Planning Time": 1.178,
  "Triggers": [],
  "Execution Time": 10396.738
}