[
  {
    "Plan": {
      "Node Type": "Aggregate",
      "Strategy": "Plain",
      "Partial Mode": "Finalize",
      "Parallel Aware": false,
      "Startup Cost": 71787.17,
      "Total Cost": 71787.18,
      "Plan Rows": 1,
      "Plan Width": 8,
      "Actual Startup Time": 414.169,
      "Actual Total Time": 427.934,
      "Actual Rows": 1,
      "Actual Loops": 1,
      "Plans": [
        {
          "Node Type": "Gather",
          "Parent Relationship": "Outer",
          "Parallel Aware": false,
          "Startup Cost": 71786.85,
          "Total Cost": 71787.16,
          "Plan Rows": 3,
          "Plan Width": 8,
          "Actual Startup Time": 404.408,
          "Actual Total Time": 427.925,
          "Actual Rows": 4,
          "Actual Loops": 1,
          "Workers Planned": 3,
          "Workers Launched": 3,
          "Single Copy": false,
          "Plans": [
            {
              "Node Type": "Aggregate",
              "Strategy": "Plain",
              "Partial Mode": "Partial",
              "Parent Relationship": "Outer",
              "Parallel Aware": false,
              "Startup Cost": 70786.85,
              "Total Cost": 70786.86,
              "Plan Rows": 1,
              "Plan Width": 8,
              "Actual Startup Time": 389.103,
              "Actual Total Time": 389.107,
              "Actual Rows": 1,
              "Actual Loops": 4,
              "Plans": [
                {
                  "Node Type": "Hash Join",
                  "Parent Relationship": "Outer",
                  "Parallel Aware": true,
                  "Join Type": "Inner",
                  "Startup Cost": 51627.83,
                  "Total Cost": 70734.51,
                  "Plan Rows": 20937,
                  "Plan Width": 0,
                  "Actual Startup Time": 373.508,
                  "Actual Total Time": 388.244,
                  "Actual Rows": 16004,
                  "Actual Loops": 4,
                  "Inner Unique": true,
                  "Hash Cond": "(mc.movie_id = t.id)",
                  "Plans": [
                    {
                      "Node Type": "Bitmap Heap Scan",
                      "Parent Relationship": "Outer",
                      "Parallel Aware": true,
                      "Relation Name": "movie_companies",
                      "Alias": "mc",
                      "Startup Cost": 1407.45,
                      "Total Cost": 20459.17,
                      "Plan Rows": 20937,
                      "Plan Width": 4,
                      "Actual Startup Time": 3.389,
                      "Actual Total Time": 9.642,
                      "Actual Rows": 16004,
                      "Actual Loops": 4,
                      "Recheck Cond": "(company_id > 180873)",
                      "Rows Removed by Index Recheck": 0,
                      "Exact Heap Blocks": 794,
                      "Lossy Heap Blocks": 0,
                      "Plans": [
                        {
                          "Node Type": "Bitmap Index Scan",
                          "Parent Relationship": "Outer",
                          "Parallel Aware": false,
                          "Index Name": "company_id_movie_companies",
                          "Startup Cost": 0.0,
                          "Total Cost": 1391.23,
                          "Plan Rows": 64906,
                          "Plan Width": 0,
                          "Actual Startup Time": 3.123,
                          "Actual Total Time": 3.125,
                          "Actual Rows": 64017,
                          "Actual Loops": 1,
                          "Index Cond": "(company_id > 180873)"
                        }
                      ]
                    },
                    {
                      "Node Type": "Hash",
                      "Parent Relationship": "Inner",
                      "Parallel Aware": true,
                      "Startup Cost": 42319.06,
                      "Total Cost": 42319.06,
                      "Plan Rows": 632106,
                      "Plan Width": 4,
                      "Actual Startup Time": 361.343,
                      "Actual Total Time": 361.344,
                      "Actual Rows": 632078,
                      "Actual Loops": 4,
                      "Hash Buckets": 4194304,
                      "Original Hash Buckets": 4194304,
                      "Hash Batches": 1,
                      "Original Hash Batches": 1,
                      "Peak Memory Usage": 131744,
                      "Plans": [
                        {
                          "Node Type": "Seq Scan",
                          "Parent Relationship": "Outer",
                          "Parallel Aware": true,
                          "Relation Name": "title",
                          "Alias": "t",
                          "Startup Cost": 0.0,
                          "Total Cost": 42319.06,
                          "Plan Rows": 632106,
                          "Plan Width": 4,
                          "Actual Startup Time": 0.029,
                          "Actual Total Time": 113.629,
                          "Actual Rows": 632078,
                          "Actual Loops": 4
                        }
                      ]
                    }
                  ]
                }
              ]
            }
          ]
        }
      ]
    },
    "Planning Time": 0.314,
    "Triggers": [],
    "Execution Time": 427.988
  }
]