{
  "Plan": {
    "Node Type": "Aggregate",
    "Strategy": "Plain",
    "Partial Mode": "Finalize",
    "Parallel Aware": false,
    "Startup Cost": 135050.83,
    "Total Cost": 135050.84,
    "Plan Rows": 1,
    "Plan Width": 8,
    "Actual Startup Time": 768.251,
    "Actual Total Time": 823.998,
    "Actual Rows": 1,
    "Actual Loops": 1,
    "Plans": [
      {
        "Node Type": "Gather",
        "Parent Relationship": "Outer",
        "Parallel Aware": false,
        "Startup Cost": 135050.72,
        "Total Cost": 135050.83,
        "Plan Rows": 1,
        "Plan Width": 8,
        "Actual Startup Time": 767.425,
        "Actual Total Time": 823.988,
        "Actual Rows": 2,
        "Actual Loops": 1,
        "Workers Planned": 1,
        "Workers Launched": 1,
        "Single Copy": false,
        "Plans": [
          {
            "Node Type": "Aggregate",
            "Strategy": "Plain",
            "Partial Mode": "Partial",
            "Parent Relationship": "Outer",
            "Parallel Aware": false,
            "Startup Cost": 134050.72,
            "Total Cost": 134050.73,
            "Plan Rows": 1,
            "Plan Width": 8,
            "Actual Startup Time": 761.029,
            "Actual Total Time": 761.033,
            "Actual Rows": 1,
            "Actual Loops": 2,
            "Plans": [
              {
                "Node Type": "Nested Loop",
                "Parent Relationship": "Outer",
                "Parallel Aware": false,
                "Join Type": "Inner",
                "Startup Cost": 66022.03,
                "Total Cost": 134015.65,
                "Plan Rows": 14026,
                "Plan Width": 0,
                "Actual Startup Time": 199.656,
                "Actual Total Time": 752.954,
                "Actual Rows": 150451,
                "Actual Loops": 2,
                "Inner Unique": false,
                "Join Filter": "(t.id = mi.movie_id)",
                "Rows Removed by Join Filter": 0,
                "Plans": [
                  {
                    "Node Type": "Hash Join",
                    "Parent Relationship": "Outer",
                    "Parallel Aware": true,
                    "Join Type": "Inner",
                    "Startup Cost": 66021.6,
                    "Total Cost": 93299.27,
                    "Plan Rows": 9872,
                    "Plan Width": 8,
                    "Actual Startup Time": 199.549,
                    "Actual Total Time": 303.881,
                    "Actual Rows": 35962,
                    "Actual Loops": 2,
                    "Inner Unique": true,
                    "Hash Cond": "(mk.movie_id = t.id)",
                    "Plans": [
                      {
                        "Node Type": "Bitmap Heap Scan",
                        "Parent Relationship": "Outer",
                        "Parallel Aware": true,
                        "Relation Name": "movie_keyword",
                        "Alias": "mk",
                        "Startup Cost": 6732.07,
                        "Total Cost": 33519.68,
                        "Plan Rows": 186689,
                        "Plan Width": 4,
                        "Actual Startup Time": 22.529,
                        "Actual Total Time": 82.619,
                        "Actual Rows": 167071,
                        "Actual Loops": 2,
                        "Recheck Cond": "(keyword_id < 275)",
                        "Rows Removed by Index Recheck": 0,
                        "Exact Heap Blocks": 14680,
                        "Lossy Heap Blocks": 0,
                        "Plans": [
                          {
                            "Node Type": "Bitmap Index Scan",
                            "Parent Relationship": "Outer",
                            "Parallel Aware": false,
                            "Index Name": "keyword_id_movie_keyword",
                            "Startup Cost": 0.0,
                            "Total Cost": 6652.72,
                            "Plan Rows": 317372,
                            "Plan Width": 0,
                            "Actual Startup Time": 18.901,
                            "Actual Total Time": 18.902,
                            "Actual Rows": 334142,
                            "Actual Loops": 1,
                            "Index Cond": "(keyword_id < 275)"
                          }
                        ]
                      },
                      {
                        "Node Type": "Hash",
                        "Parent Relationship": "Inner",
                        "Parallel Aware": true,
                        "Startup Cost": 58306.47,
                        "Total Cost": 58306.47,
                        "Plan Rows": 78645,
                        "Plan Width": 4,
                        "Actual Startup Time": 173.406,
                        "Actual Total Time": 173.406,
                        "Actual Rows": 119891,
                        "Actual Loops": 2,
                        "Hash Buckets": 262144,
                        "Original Hash Buckets": 262144,
                        "Hash Batches": 1,
                        "Original Hash Batches": 1,
                        "Peak Memory Usage": 11456,
                        "Plans": [
                          {
                            "Node Type": "Seq Scan",
                            "Parent Relationship": "Outer",
                            "Parallel Aware": true,
                            "Relation Name": "title",
                            "Alias": "t",
                            "Startup Cost": 0.0,
                            "Total Cost": 58306.47,
                            "Plan Rows": 78645,
                            "Plan Width": 4,
                            "Actual Startup Time": 0.152,
                            "Actual Total Time": 147.553,
                            "Actual Rows": 119891,
                            "Actual Loops": 2,
                            "Filter": "((kind_id < 7) AND (production_year < 1969))",
                            "Rows Removed by Filter": 1144265
                          }
                        ]
                      }
                    ]
                  },
                  {
                    "Node Type": "Index Scan",
                    "Parent Relationship": "Inner",
                    "Parallel Aware": false,
                    "Scan Direction": "Forward",
                    "Index Name": "movie_id_movie_info",
                    "Relation Name": "movie_info",
                    "Alias": "mi",
                    "Startup Cost": 0.43,
                    "Total Cost": 4.0,
                    "Plan Rows": 10,
                    "Plan Width": 4,
                    "Actual Startup Time": 0.005,
                    "Actual Total Time": 0.012,
                    "Actual Rows": 4,
                    "Actual Loops": 71925,
                    "Index Cond": "(movie_id = mk.movie_id)",
                    "Rows Removed by Index Recheck": 0,
                    "Filter": "(info_type_id < 4)",
                    "Rows Removed by Filter": 28
                  }
                ]
              }
            ]
          }
        ]
      }
    ]
  },
  "Planning Time": 0.952,
  "Triggers": [],
  "Execution Time": 824.128
}