[
  {
    "Plan": {
      "Node Type": "Aggregate",
      "Strategy": "Plain",
      "Partial Mode": "Finalize",
      "Parallel Aware": false,
      "Startup Cost": 62191.86,
      "Total Cost": 62191.87,
      "Plan Rows": 1,
      "Plan Width": 8,
      "Actual Startup Time": 173.913,
      "Actual Total Time": 188.132,
      "Actual Rows": 1,
      "Actual Loops": 1,
      "Plans": [
        {
          "Node Type": "Gather",
          "Parent Relationship": "Outer",
          "Parallel Aware": false,
          "Startup Cost": 62191.65,
          "Total Cost": 62191.86,
          "Plan Rows": 2,
          "Plan Width": 8,
          "Actual Startup Time": 173.659,
          "Actual Total Time": 188.125,
          "Actual Rows": 3,
          "Actual Loops": 1,
          "Workers Planned": 2,
          "Workers Launched": 2,
          "Single Copy": false,
          "Plans": [
            {
              "Node Type": "Aggregate",
              "Strategy": "Plain",
              "Partial Mode": "Partial",
              "Parent Relationship": "Outer",
              "Parallel Aware": false,
              "Startup Cost": 61191.65,
              "Total Cost": 61191.66,
              "Plan Rows": 1,
              "Plan Width": 8,
              "Actual Startup Time": 165.973,
              "Actual Total Time": 165.977,
              "Actual Rows": 1,
              "Actual Loops": 3,
              "Plans": [
                {
                  "Node Type": "Hash Join",
                  "Parent Relationship": "Outer",
                  "Parallel Aware": true,
                  "Join Type": "Inner",
                  "Startup Cost": 45559.86,
                  "Total Cost": 61186.74,
                  "Plan Rows": 1963,
                  "Plan Width": 0,
                  "Actual Startup Time": 113.469,
                  "Actual Total Time": 165.907,
                  "Actual Rows": 727,
                  "Actual Loops": 3,
                  "Inner Unique": true,
                  "Hash Cond": "(mi_idx.movie_id = t.id)",
                  "Plans": [
                    {
                      "Node Type": "Seq Scan",
                      "Parent Relationship": "Outer",
                      "Parallel Aware": true,
                      "Relation Name": "movie_info_idx",
                      "Alias": "mi_idx",
                      "Startup Cost": 0.0,
                      "Total Cost": 15122.68,
                      "Plan Rows": 192074,
                      "Plan Width": 4,
                      "Actual Startup Time": 0.026,
                      "Actual Total Time": 37.027,
                      "Actual Rows": 153395,
                      "Actual Loops": 3,
                      "Filter": "(info_type_id > 100)",
                      "Rows Removed by Filter": 306617
                    },
                    {
                      "Node Type": "Hash",
                      "Parent Relationship": "Inner",
                      "Parallel Aware": true,
                      "Startup Cost": 45479.1,
                      "Total Cost": 45479.1,
                      "Plan Rows": 6461,
                      "Plan Width": 4,
                      "Actual Startup Time": 111.91,
                      "Actual Total Time": 111.911,
                      "Actual Rows": 7902,
                      "Actual Loops": 3,
                      "Hash Buckets": 32768,
                      "Original Hash Buckets": 32768,
                      "Hash Batches": 1,
                      "Original Hash Batches": 1,
                      "Peak Memory Usage": 1248,
                      "Plans": [
                        {
                          "Node Type": "Seq Scan",
                          "Parent Relationship": "Outer",
                          "Parallel Aware": true,
                          "Relation Name": "title",
                          "Alias": "t",
                          "Startup Cost": 0.0,
                          "Total Cost": 45479.1,
                          "Plan Rows": 6461,
                          "Plan Width": 4,
                          "Actual Startup Time": 0.67,
                          "Actual Total Time": 108.893,
                          "Actual Rows": 7902,
                          "Actual Loops": 3,
                          "Filter": "((kind_id < 7) AND (production_year = 2013))",
                          "Rows Removed by Filter": 834868
                        }
                      ]
                    }
                  ]
                }
              ]
            }
          ]
        }
      ]
    },
    "Planning Time": 0.596,
    "Triggers": [],
    "Execution Time": 188.2
  }
]