[
  {
    "Plan": {
      "Node Type": "Aggregate",
      "Strategy": "Plain",
      "Partial Mode": "Finalize",
      "Parallel Aware": false,
      "Startup Cost": 31809.01,
      "Total Cost": 31809.02,
      "Plan Rows": 1,
      "Plan Width": 8,
      "Actual Startup Time": 105.091,
      "Actual Total Time": 112.121,
      "Actual Rows": 1,
      "Actual Loops": 1,
      "Plans": [
        {
          "Node Type": "Gather",
          "Parent Relationship": "Outer",
          "Parallel Aware": false,
          "Startup Cost": 31808.69,
          "Total Cost": 31809.0,
          "Plan Rows": 3,
          "Plan Width": 8,
          "Actual Startup Time": 104.828,
          "Actual Total Time": 112.113,
          "Actual Rows": 4,
          "Actual Loops": 1,
          "Workers Planned": 3,
          "Workers Launched": 3,
          "Single Copy": false,
          "Plans": [
            {
              "Node Type": "Aggregate",
              "Strategy": "Plain",
              "Partial Mode": "Partial",
              "Parent Relationship": "Outer",
              "Parallel Aware": false,
              "Startup Cost": 30808.69,
              "Total Cost": 30808.7,
              "Plan Rows": 1,
              "Plan Width": 8,
              "Actual Startup Time": 100.636,
              "Actual Total Time": 100.637,
              "Actual Rows": 1,
              "Actual Loops": 4,
              "Plans": [
                {
                  "Node Type": "Seq Scan",
                  "Parent Relationship": "Outer",
                  "Parallel Aware": true,
                  "Relation Name": "movie_companies",
                  "Alias": "mc",
                  "Startup Cost": 0.0,
                  "Total Cost": 29310.68,
                  "Plan Rows": 599204,
                  "Plan Width": 0,
                  "Actual Startup Time": 0.027,
                  "Actual Total Time": 77.848,
                  "Actual Rows": 465986,
                  "Actual Loops": 4,
                  "Filter": "(company_id < 37820)",
                  "Rows Removed by Filter": 186296
                }
              ]
            }
          ]
        }
      ]
    },
    "Planning Time": 0.193,
    "Triggers": [],
    "Execution Time": 112.176
  }
]