[
    {
        "Bao": {
            "Bao prediction": "NaN",
            "Bao recommended hint": "(no hint)"
        }
    },
    {
        "Plan": {
            "Node Type": "Aggregate",
            "Strategy": "Plain",
            "Partial Mode": "Finalize",
            "Parallel Aware": false,
            "Startup Cost": 41235.22,
            "Total Cost": 41235.23,
            "Plan Rows": 1,
            "Plan Width": 8,
            "Actual Startup Time": 145.713,
            "Actual Total Time": 153.054,
            "Actual Rows": 1,
            "Actual Loops": 1,
            "Output": [
                "count(*)"
            ],
            "Plans": [
                {
                    "Node Type": "Gather",
                    "Parent Relationship": "Outer",
                    "Parallel Aware": false,
                    "Startup Cost": 41234.9,
                    "Total Cost": 41235.21,
                    "Plan Rows": 3,
                    "Plan Width": 8,
                    "Actual Startup Time": 145.374,
                    "Actual Total Time": 153.045,
                    "Actual Rows": 4,
                    "Actual Loops": 1,
                    "Output": [
                        "(PARTIAL count(*))"
                    ],
                    "Workers Planned": 3,
                    "Workers Launched": 3,
                    "Single Copy": false,
                    "Plans": [
                        {
                            "Node Type": "Aggregate",
                            "Strategy": "Plain",
                            "Partial Mode": "Partial",
                            "Parent Relationship": "Outer",
                            "Parallel Aware": false,
                            "Startup Cost": 40234.9,
                            "Total Cost": 40234.91,
                            "Plan Rows": 1,
                            "Plan Width": 8,
                            "Actual Startup Time": 136.828,
                            "Actual Total Time": 136.829,
                            "Actual Rows": 1,
                            "Actual Loops": 4,
                            "Output": [
                                "PARTIAL count(*)"
                            ],
                            "Workers": [
                                {
                                    "Worker Number": 0,
                                    "Actual Startup Time": 133.692,
                                    "Actual Total Time": 133.694,
                                    "Actual Rows": 1,
                                    "Actual Loops": 1
                                },
                                {
                                    "Worker Number": 1,
                                    "Actual Startup Time": 134.187,
                                    "Actual Total Time": 134.188,
                                    "Actual Rows": 1,
                                    "Actual Loops": 1
                                },
                                {
                                    "Worker Number": 2,
                                    "Actual Startup Time": 134.552,
                                    "Actual Total Time": 134.554,
                                    "Actual Rows": 1,
                                    "Actual Loops": 1
                                }
                            ],
                            "Plans": [
                                {
                                    "Node Type": "Bitmap Heap Scan",
                                    "Parent Relationship": "Outer",
                                    "Parallel Aware": true,
                                    "Relation Name": "movie_keyword",
                                    "Schema": "public",
                                    "Alias": "mk",
                                    "Startup Cost": 12850.29,
                                    "Total Cost": 39746.46,
                                    "Plan Rows": 195374,
                                    "Plan Width": 0,
                                    "Actual Startup Time": 46.862,
                                    "Actual Total Time": 127.373,
                                    "Actual Rows": 149165,
                                    "Actual Loops": 4,
                                    "Recheck Cond": "(mk.keyword_id > 30774)",
                                    "Rows Removed by Index Recheck": 0,
                                    "Exact Heap Blocks": 11268,
                                    "Lossy Heap Blocks": 0,
                                    "Workers": [
                                        {
                                            "Worker Number": 0,
                                            "Actual Startup Time": 43.967,
                                            "Actual Total Time": 125.209,
                                            "Actual Rows": 99930,
                                            "Actual Loops": 1
                                        },
                                        {
                                            "Worker Number": 1,
                                            "Actual Startup Time": 44.231,
                                            "Actual Total Time": 125.277,
                                            "Actual Rows": 105756,
                                            "Actual Loops": 1
                                        },
                                        {
                                            "Worker Number": 2,
                                            "Actual Startup Time": 44.74,
                                            "Actual Total Time": 125.747,
                                            "Actual Rows": 105749,
                                            "Actual Loops": 1
                                        }
                                    ],
                                    "Plans": [
                                        {
                                            "Node Type": "Bitmap Index Scan",
                                            "Parent Relationship": "Outer",
                                            "Parallel Aware": false,
                                            "Index Name": "keyword_id_movie_keyword",
                                            "Startup Cost": 0.0,
                                            "Total Cost": 12698.88,
                                            "Plan Rows": 605659,
                                            "Plan Width": 0,
                                            "Actual Startup Time": 51.18,
                                            "Actual Total Time": 51.18,
                                            "Actual Rows": 596661,
                                            "Actual Loops": 1,
                                            "Index Cond": "(mk.keyword_id > 30774)"
                                        }
                                    ]
                                }
                            ]
                        }
                    ]
                }
            ]
        },
        "Planning Time": 215.996,
        "Triggers": [],
        "Execution Time": 153.159
    }
]