[
    {
        "Bao": {
            "Bao prediction": "NaN",
            "Bao recommended hint": "(no hint)"
        }
    },
    {
        "Plan": {
            "Node Type": "Aggregate",
            "Strategy": "Plain",
            "Partial Mode": "Finalize",
            "Parallel Aware": false,
            "Startup Cost": 46653.17,
            "Total Cost": 46653.18,
            "Plan Rows": 1,
            "Plan Width": 8,
            "Actual Startup Time": 216.582,
            "Actual Total Time": 223.169,
            "Actual Rows": 1,
            "Actual Loops": 1,
            "Output": [
                "count(*)"
            ],
            "Plans": [
                {
                    "Node Type": "Gather",
                    "Parent Relationship": "Outer",
                    "Parallel Aware": false,
                    "Startup Cost": 46652.85,
                    "Total Cost": 46653.16,
                    "Plan Rows": 3,
                    "Plan Width": 8,
                    "Actual Startup Time": 216.481,
                    "Actual Total Time": 223.16,
                    "Actual Rows": 4,
                    "Actual Loops": 1,
                    "Output": [
                        "(PARTIAL count(*))"
                    ],
                    "Workers Planned": 3,
                    "Workers Launched": 3,
                    "Single Copy": false,
                    "Plans": [
                        {
                            "Node Type": "Aggregate",
                            "Strategy": "Plain",
                            "Partial Mode": "Partial",
                            "Parent Relationship": "Outer",
                            "Parallel Aware": false,
                            "Startup Cost": 45652.85,
                            "Total Cost": 45652.86,
                            "Plan Rows": 1,
                            "Plan Width": 8,
                            "Actual Startup Time": 208.247,
                            "Actual Total Time": 208.249,
                            "Actual Rows": 1,
                            "Actual Loops": 4,
                            "Output": [
                                "PARTIAL count(*)"
                            ],
                            "Workers": [
                                {
                                    "Worker Number": 0,
                                    "Actual Startup Time": 205.192,
                                    "Actual Total Time": 205.193,
                                    "Actual Rows": 1,
                                    "Actual Loops": 1
                                },
                                {
                                    "Worker Number": 1,
                                    "Actual Startup Time": 205.644,
                                    "Actual Total Time": 205.645,
                                    "Actual Rows": 1,
                                    "Actual Loops": 1
                                },
                                {
                                    "Worker Number": 2,
                                    "Actual Startup Time": 206.108,
                                    "Actual Total Time": 206.109,
                                    "Actual Rows": 1,
                                    "Actual Loops": 1
                                }
                            ],
                            "Plans": [
                                {
                                    "Node Type": "Seq Scan",
                                    "Parent Relationship": "Outer",
                                    "Parallel Aware": true,
                                    "Relation Name": "movie_keyword",
                                    "Schema": "public",
                                    "Alias": "mk",
                                    "Startup Cost": 0.0,
                                    "Total Cost": 42695.65,
                                    "Plan Rows": 1182880,
                                    "Plan Width": 0,
                                    "Actual Startup Time": 0.049,
                                    "Actual Total Time": 150.326,
                                    "Actual Rows": 920332,
                                    "Actual Loops": 4,
                                    "Output": [
                                        "id",
                                        "movie_id",
                                        "keyword_id"
                                    ],
                                    "Filter": "(mk.keyword_id < 21787)",
                                    "Rows Removed by Filter": 210650,
                                    "Workers": [
                                        {
                                            "Worker Number": 0,
                                            "Actual Startup Time": 0.062,
                                            "Actual Total Time": 149.759,
                                            "Actual Rows": 779989,
                                            "Actual Loops": 1
                                        },
                                        {
                                            "Worker Number": 1,
                                            "Actual Startup Time": 0.057,
                                            "Actual Total Time": 149.552,
                                            "Actual Rows": 1217233,
                                            "Actual Loops": 1
                                        },
                                        {
                                            "Worker Number": 2,
                                            "Actual Startup Time": 0.058,
                                            "Actual Total Time": 149.749,
                                            "Actual Rows": 796093,
                                            "Actual Loops": 1
                                        }
                                    ]
                                }
                            ]
                        }
                    ]
                }
            ]
        },
        "Planning Time": 283.483,
        "Triggers": [],
        "Execution Time": 223.228
    }
]