{
  "Plan": {
    "Node Type": "Aggregate",
    "Strategy": "Plain",
    "Partial Mode": "Finalize",
    "Parallel Aware": false,
    "Startup Cost": 400187.31,
    "Total Cost": 400187.32,
    "Plan Rows": 1,
    "Plan Width": 8,
    "Actual Startup Time": 2485.16,
    "Actual Total Time": 2538.566,
    "Actual Rows": 1,
    "Actual Loops": 1,
    "Plans": [
      {
        "Node Type": "Gather",
        "Parent Relationship": "Outer",
        "Parallel Aware": false,
        "Startup Cost": 400187.2,
        "Total Cost": 400187.31,
        "Plan Rows": 1,
        "Plan Width": 8,
        "Actual Startup Time": 2481.881,
        "Actual Total Time": 2538.553,
        "Actual Rows": 2,
        "Actual Loops": 1,
        "Workers Planned": 1,
        "Workers Launched": 1,
        "Single Copy": false,
        "Plans": [
          {
            "Node Type": "Aggregate",
            "Strategy": "Plain",
            "Partial Mode": "Partial",
            "Parent Relationship": "Outer",
            "Parallel Aware": false,
            "Startup Cost": 399187.2,
            "Total Cost": 399187.21,
            "Plan Rows": 1,
            "Plan Width": 8,
            "Actual Startup Time": 2475.904,
            "Actual Total Time": 2476.234,
            "Actual Rows": 1,
            "Actual Loops": 2,
            "Plans": [
              {
                "Node Type": "Hash Join",
                "Parent Relationship": "Outer",
                "Parallel Aware": true,
                "Join Type": "Inner",
                "Startup Cost": 107261.94,
                "Total Cost": 396992.95,
                "Plan Rows": 877699,
                "Plan Width": 0,
                "Actual Startup Time": 778.449,
                "Actual Total Time": 2285.492,
                "Actual Rows": 4100461,
                "Actual Loops": 2,
                "Inner Unique": false,
                "Hash Cond": "(mi.movie_id = t.id)",
                "Plans": [
                  {
                    "Node Type": "Seq Scan",
                    "Parent Relationship": "Outer",
                    "Parallel Aware": true,
                    "Relation Name": "movie_info",
                    "Alias": "mi",
                    "Startup Cost": 0.0,
                    "Total Cost": 270696.42,
                    "Plan Rows": 3699105,
                    "Plan Width": 4,
                    "Actual Startup Time": 39.242,
                    "Actual Total Time": 730.069,
                    "Actual Rows": 3111747,
                    "Actual Loops": 2,
                    "Filter": "(info_type_id > 8)",
                    "Rows Removed by Filter": 4306113
                  },
                  {
                    "Node Type": "Hash",
                    "Parent Relationship": "Inner",
                    "Parallel Aware": true,
                    "Startup Cost": 102850.93,
                    "Total Cost": 102850.93,
                    "Plan Rows": 352881,
                    "Plan Width": 8,
                    "Actual Startup Time": 729.984,
                    "Actual Total Time": 730.313,
                    "Actual Rows": 296733,
                    "Actual Loops": 2,
                    "Hash Buckets": 1048576,
                    "Original Hash Buckets": 1048576,
                    "Hash Batches": 1,
                    "Original Hash Batches": 1,
                    "Peak Memory Usage": 31424,
                    "Plans": [
                      {
                        "Node Type": "Hash Join",
                        "Parent Relationship": "Outer",
                        "Parallel Aware": true,
                        "Join Type": "Inner",
                        "Startup Cost": 40609.65,
                        "Total Cost": 102850.93,
                        "Plan Rows": 352881,
                        "Plan Width": 8,
                        "Actual Startup Time": 184.711,
                        "Actual Total Time": 643.566,
                        "Actual Rows": 296733,
                        "Actual Loops": 2,
                        "Inner Unique": false,
                        "Hash Cond": "(t.id = mc.movie_id)",
                        "Plans": [
                          {
                            "Node Type": "Seq Scan",
                            "Parent Relationship": "Outer",
                            "Parallel Aware": true,
                            "Relation Name": "title",
                            "Alias": "t",
                            "Startup Cost": 0.0,
                            "Total Cost": 50870.31,
                            "Plan Rows": 1487231,
                            "Plan Width": 4,
                            "Actual Startup Time": 0.011,
                            "Actual Total Time": 137.711,
                            "Actual Rows": 1264156,
                            "Actual Loops": 2
                          },
                          {
                            "Node Type": "Hash",
                            "Parent Relationship": "Inner",
                            "Parallel Aware": true,
                            "Startup Cost": 36198.64,
                            "Total Cost": 36198.64,
                            "Plan Rows": 352881,
                            "Plan Width": 4,
                            "Actual Startup Time": 179.286,
                            "Actual Total Time": 179.287,
                            "Actual Rows": 296733,
                            "Actual Loops": 2,
                            "Hash Buckets": 1048576,
                            "Original Hash Buckets": 1048576,
                            "Hash Batches": 1,
                            "Original Hash Batches": 1,
                            "Peak Memory Usage": 31456,
                            "Plans": [
                              {
                                "Node Type": "Bitmap Heap Scan",
                                "Parent Relationship": "Outer",
                                "Parallel Aware": true,
                                "Relation Name": "movie_companies",
                                "Alias": "mc",
                                "Startup Cost": 12997.63,
                                "Total Cost": 36198.64,
                                "Plan Rows": 352881,
                                "Plan Width": 4,
                                "Actual Startup Time": 31.089,
                                "Actual Total Time": 105.865,
                                "Actual Rows": 296733,
                                "Actual Loops": 2,
                                "Recheck Cond": "(company_id < 686)",
                                "Rows Removed by Index Recheck": 0,
                                "Exact Heap Blocks": 12765,
                                "Lossy Heap Blocks": 0,
                                "Plans": [
                                  {
                                    "Node Type": "Bitmap Index Scan",
                                    "Parent Relationship": "Outer",
                                    "Parallel Aware": false,
                                    "Index Name": "company_id_movie_companies",
                                    "Startup Cost": 0.0,
                                    "Total Cost": 12847.66,
                                    "Plan Rows": 599897,
                                    "Plan Width": 0,
                                    "Actual Startup Time": 28.241,
                                    "Actual Total Time": 28.241,
                                    "Actual Rows": 593466,
                                    "Actual Loops": 1,
                                    "Index Cond": "(company_id < 686)"
                                  }
                                ]
                              }
                            ]
                          }
                        ]
                      }
                    ]
                  }
                ]
              }
            ]
          }
        ]
      }
    ]
  },
  "Planning Time": 1.046,
  "Triggers": [],
  "Execution Time": 2538.679
}