[
  {
    "Plan": {
      "Node Type": "Aggregate",
      "Strategy": "Plain",
      "Partial Mode": "Finalize",
      "Parallel Aware": false,
      "Startup Cost": 103329.84,
      "Total Cost": 103329.85,
      "Plan Rows": 1,
      "Plan Width": 8,
      "Actual Startup Time": 86.62,
      "Actual Total Time": 97.919,
      "Actual Rows": 1,
      "Actual Loops": 1,
      "Plans": [
        {
          "Node Type": "Gather",
          "Parent Relationship": "Outer",
          "Parallel Aware": false,
          "Startup Cost": 103329.52,
          "Total Cost": 103329.83,
          "Plan Rows": 3,
          "Plan Width": 8,
          "Actual Startup Time": 86.423,
          "Actual Total Time": 97.911,
          "Actual Rows": 4,
          "Actual Loops": 1,
          "Workers Planned": 3,
          "Workers Launched": 3,
          "Single Copy": false,
          "Plans": [
            {
              "Node Type": "Aggregate",
              "Strategy": "Plain",
              "Partial Mode": "Partial",
              "Parent Relationship": "Outer",
              "Parallel Aware": false,
              "Startup Cost": 102329.52,
              "Total Cost": 102329.53,
              "Plan Rows": 1,
              "Plan Width": 8,
              "Actual Startup Time": 77.012,
              "Actual Total Time": 77.013,
              "Actual Rows": 1,
              "Actual Loops": 4,
              "Plans": [
                {
                  "Node Type": "Nested Loop",
                  "Parent Relationship": "Outer",
                  "Parallel Aware": false,
                  "Join Type": "Inner",
                  "Startup Cost": 405.15,
                  "Total Cost": 102316.82,
                  "Plan Rows": 5080,
                  "Plan Width": 0,
                  "Actual Startup Time": 2.378,
                  "Actual Total Time": 75.382,
                  "Actual Rows": 23976,
                  "Actual Loops": 4,
                  "Inner Unique": false,
                  "Plans": [
                    {
                      "Node Type": "Nested Loop",
                      "Parent Relationship": "Outer",
                      "Parallel Aware": false,
                      "Join Type": "Inner",
                      "Startup Cost": 404.72,
                      "Total Cost": 97919.23,
                      "Plan Rows": 7153,
                      "Plan Width": 8,
                      "Actual Startup Time": 2.17,
                      "Actual Total Time": 37.157,
                      "Actual Rows": 4635,
                      "Actual Loops": 4,
                      "Inner Unique": true,
                      "Plans": [
                        {
                          "Node Type": "Bitmap Heap Scan",
                          "Parent Relationship": "Outer",
                          "Parallel Aware": true,
                          "Relation Name": "movie_info",
                          "Alias": "mi",
                          "Startup Cost": 404.29,
                          "Total Cost": 61226.42,
                          "Plan Rows": 7153,
                          "Plan Width": 4,
                          "Actual Startup Time": 2.008,
                          "Actual Total Time": 6.261,
                          "Actual Rows": 4635,
                          "Actual Loops": 4,
                          "Recheck Cond": "(info_type_id = 90)",
                          "Rows Removed by Index Recheck": 0,
                          "Exact Heap Blocks": 1062,
                          "Lossy Heap Blocks": 0,
                          "Plans": [
                            {
                              "Node Type": "Bitmap Index Scan",
                              "Parent Relationship": "Outer",
                              "Parallel Aware": false,
                              "Index Name": "info_type_id_movie_info",
                              "Startup Cost": 0.0,
                              "Total Cost": 398.75,
                              "Plan Rows": 22175,
                              "Plan Width": 0,
                              "Actual Startup Time": 6.462,
                              "Actual Total Time": 6.463,
                              "Actual Rows": 18539,
                              "Actual Loops": 1,
                              "Index Cond": "(info_type_id = 90)"
                            }
                          ]
                        },
                        {
                          "Node Type": "Index Only Scan",
                          "Parent Relationship": "Inner",
                          "Parallel Aware": false,
                          "Scan Direction": "Forward",
                          "Index Name": "title_pkey",
                          "Relation Name": "title",
                          "Alias": "t",
                          "Startup Cost": 0.43,
                          "Total Cost": 5.13,
                          "Plan Rows": 1,
                          "Plan Width": 4,
                          "Actual Startup Time": 0.006,
                          "Actual Total Time": 0.006,
                          "Actual Rows": 1,
                          "Actual Loops": 18539,
                          "Index Cond": "(id = mi.movie_id)",
                          "Rows Removed by Index Recheck": 0,
                          "Heap Fetches": 18539
                        }
                      ]
                    },
                    {
                      "Node Type": "Index Scan",
                      "Parent Relationship": "Inner",
                      "Parallel Aware": false,
                      "Scan Direction": "Forward",
                      "Index Name": "movie_id_movie_companies",
                      "Relation Name": "movie_companies",
                      "Alias": "mc",
                      "Startup Cost": 0.43,
                      "Total Cost": 0.57,
                      "Plan Rows": 4,
                      "Plan Width": 4,
                      "Actual Startup Time": 0.005,
                      "Actual Total Time": 0.007,
                      "Actual Rows": 5,
                      "Actual Loops": 18539,
                      "Index Cond": "(movie_id = t.id)",
                      "Rows Removed by Index Recheck": 0,
                      "Filter": "(company_id < 27608)",
                      "Rows Removed by Filter": 1
                    }
                  ]
                }
              ]
            }
          ]
        }
      ]
    },
    "Planning Time": 1.477,
    "Triggers": [],
    "Execution Time": 98.017
  }
]