[
  {
    "Plan": {
      "Node Type": "Aggregate",
      "Strategy": "Plain",
      "Partial Mode": "Finalize",
      "Parallel Aware": false,
      "Startup Cost": 94492.61,
      "Total Cost": 94492.62,
      "Plan Rows": 1,
      "Plan Width": 8,
      "Actual Startup Time": 358.05,
      "Actual Total Time": 372.82,
      "Actual Rows": 1,
      "Actual Loops": 1,
      "Plans": [
        {
          "Node Type": "Gather",
          "Parent Relationship": "Outer",
          "Parallel Aware": false,
          "Startup Cost": 94492.29,
          "Total Cost": 94492.6,
          "Plan Rows": 3,
          "Plan Width": 8,
          "Actual Startup Time": 354.818,
          "Actual Total Time": 372.813,
          "Actual Rows": 4,
          "Actual Loops": 1,
          "Workers Planned": 3,
          "Workers Launched": 3,
          "Single Copy": false,
          "Plans": [
            {
              "Node Type": "Aggregate",
              "Strategy": "Plain",
              "Partial Mode": "Partial",
              "Parent Relationship": "Outer",
              "Parallel Aware": false,
              "Startup Cost": 93492.29,
              "Total Cost": 93492.3,
              "Plan Rows": 1,
              "Plan Width": 8,
              "Actual Startup Time": 349.642,
              "Actual Total Time": 349.644,
              "Actual Rows": 1,
              "Actual Loops": 4,
              "Plans": [
                {
                  "Node Type": "Hash Join",
                  "Parent Relationship": "Outer",
                  "Parallel Aware": true,
                  "Join Type": "Inner",
                  "Startup Cost": 48227.54,
                  "Total Cost": 92853.07,
                  "Plan Rows": 255688,
                  "Plan Width": 0,
                  "Actual Startup Time": 173.493,
                  "Actual Total Time": 345.664,
                  "Actual Rows": 86885,
                  "Actual Loops": 4,
                  "Inner Unique": true,
                  "Hash Cond": "(mk.movie_id = t.id)",
                  "Plans": [
                    {
                      "Node Type": "Seq Scan",
                      "Parent Relationship": "Outer",
                      "Parallel Aware": true,
                      "Relation Name": "movie_keyword",
                      "Alias": "mk",
                      "Startup Cost": 0.0,
                      "Total Cost": 42695.65,
                      "Plan Rows": 735192,
                      "Plan Width": 4,
                      "Actual Startup Time": 0.273,
                      "Actual Total Time": 102.889,
                      "Actual Rows": 564678,
                      "Actual Loops": 4,
                      "Filter": "(keyword_id > 4720)",
                      "Rows Removed by Filter": 566304
                    },
                    {
                      "Node Type": "Hash",
                      "Parent Relationship": "Inner",
                      "Parallel Aware": true,
                      "Startup Cost": 45479.59,
                      "Total Cost": 45479.59,
                      "Plan Rows": 219836,
                      "Plan Width": 4,
                      "Actual Startup Time": 170.658,
                      "Actual Total Time": 170.659,
                      "Actual Rows": 242533,
                      "Actual Loops": 4,
                      "Hash Buckets": 1048576,
                      "Original Hash Buckets": 1048576,
                      "Hash Batches": 1,
                      "Original Hash Batches": 1,
                      "Peak Memory Usage": 46240,
                      "Plans": [
                        {
                          "Node Type": "Seq Scan",
                          "Parent Relationship": "Outer",
                          "Parallel Aware": true,
                          "Relation Name": "title",
                          "Alias": "t",
                          "Startup Cost": 0.0,
                          "Total Cost": 45479.59,
                          "Plan Rows": 219836,
                          "Plan Width": 4,
                          "Actual Startup Time": 0.026,
                          "Actual Total Time": 100.869,
                          "Actual Rows": 242533,
                          "Actual Loops": 4,
                          "Filter": "((kind_id > 3) AND (production_year > 2001))",
                          "Rows Removed by Filter": 389545
                        }
                      ]
                    }
                  ]
                }
              ]
            }
          ]
        }
      ]
    },
    "Planning Time": 0.438,
    "Triggers": [],
    "Execution Time": 372.852
  }
]