[
  {
    "Plan": {
      "Node Type": "Aggregate",
      "Strategy": "Plain",
      "Partial Mode": "Finalize",
      "Parallel Aware": false,
      "Startup Cost": 32853.98,
      "Total Cost": 32853.99,
      "Plan Rows": 1,
      "Plan Width": 8,
      "Actual Startup Time": 95.2,
      "Actual Total Time": 104.782,
      "Actual Rows": 1,
      "Actual Loops": 1,
      "Plans": [
        {
          "Node Type": "Gather",
          "Parent Relationship": "Outer",
          "Parallel Aware": false,
          "Startup Cost": 32853.66,
          "Total Cost": 32853.97,
          "Plan Rows": 3,
          "Plan Width": 8,
          "Actual Startup Time": 95.061,
          "Actual Total Time": 104.775,
          "Actual Rows": 4,
          "Actual Loops": 1,
          "Workers Planned": 3,
          "Workers Launched": 3,
          "Single Copy": false,
          "Plans": [
            {
              "Node Type": "Aggregate",
              "Strategy": "Plain",
              "Partial Mode": "Partial",
              "Parent Relationship": "Outer",
              "Parallel Aware": false,
              "Startup Cost": 31853.66,
              "Total Cost": 31853.67,
              "Plan Rows": 1,
              "Plan Width": 8,
              "Actual Startup Time": 88.812,
              "Actual Total Time": 88.813,
              "Actual Rows": 1,
              "Actual Loops": 4,
              "Plans": [
                {
                  "Node Type": "Seq Scan",
                  "Parent Relationship": "Outer",
                  "Parallel Aware": true,
                  "Relation Name": "movie_companies",
                  "Alias": "mc",
                  "Startup Cost": 0.0,
                  "Total Cost": 31414.82,
                  "Plan Rows": 175537,
                  "Plan Width": 0,
                  "Actual Startup Time": 45.479,
                  "Actual Total Time": 83.884,
                  "Actual Rows": 83289,
                  "Actual Loops": 4,
                  "Filter": "((company_id < 6626) AND (company_type_id > 1))",
                  "Rows Removed by Filter": 568994
                }
              ]
            }
          ]
        }
      ]
    },
    "Planning Time": 0.082,
    "Triggers": [],
    "Execution Time": 104.83
  }
]