[
  {
    "Plan": {
      "Node Type": "Aggregate",
      "Strategy": "Plain",
      "Partial Mode": "Finalize",
      "Parallel Aware": false,
      "Startup Cost": 32854.17,
      "Total Cost": 32854.18,
      "Plan Rows": 1,
      "Plan Width": 8,
      "Actual Startup Time": 88.812,
      "Actual Total Time": 96.701,
      "Actual Rows": 1,
      "Actual Loops": 1,
      "Plans": [
        {
          "Node Type": "Gather",
          "Parent Relationship": "Outer",
          "Parallel Aware": false,
          "Startup Cost": 32853.85,
          "Total Cost": 32854.16,
          "Plan Rows": 3,
          "Plan Width": 8,
          "Actual Startup Time": 88.732,
          "Actual Total Time": 96.693,
          "Actual Rows": 4,
          "Actual Loops": 1,
          "Workers Planned": 3,
          "Workers Launched": 3,
          "Single Copy": false,
          "Plans": [
            {
              "Node Type": "Aggregate",
              "Strategy": "Plain",
              "Partial Mode": "Partial",
              "Parent Relationship": "Outer",
              "Parallel Aware": false,
              "Startup Cost": 31853.85,
              "Total Cost": 31853.86,
              "Plan Rows": 1,
              "Plan Width": 8,
              "Actual Startup Time": 80.86,
              "Actual Total Time": 80.861,
              "Actual Rows": 1,
              "Actual Loops": 4,
              "Plans": [
                {
                  "Node Type": "Seq Scan",
                  "Parent Relationship": "Outer",
                  "Parallel Aware": true,
                  "Relation Name": "movie_companies",
                  "Alias": "mc",
                  "Startup Cost": 0.0,
                  "Total Cost": 31414.82,
                  "Plan Rows": 175612,
                  "Plan Width": 0,
                  "Actual Startup Time": 48.883,
                  "Actual Total Time": 77.439,
                  "Actual Rows": 83289,
                  "Actual Loops": 4,
                  "Filter": "((company_id < 6626) AND (company_type_id > 1))",
                  "Rows Removed by Filter": 568994
                }
              ]
            }
          ]
        }
      ]
    },
    "Planning Time": 0.216,
    "Triggers": [],
    "Execution Time": 96.756
  }
]