{
    "Plan": {
        "Node Type": "Aggregate",
        "Strategy": "Plain",
        "Partial Mode": "Finalize",
        "Parallel Aware": false,
        "Startup Cost": 222677.98,
        "Total Cost": 222677.99,
        "Plan Rows": 1,
        "Plan Width": 8,
        "Actual Startup Time": 165.486,
        "Actual Total Time": 190.749,
        "Actual Rows": 1,
        "Actual Loops": 1,
        "Output": [
            "count(*)"
        ],
        "Plans": [
            {
                "Node Type": "Gather",
                "Parent Relationship": "Outer",
                "Parallel Aware": false,
                "Startup Cost": 222677.56,
                "Total Cost": 222677.97,
                "Plan Rows": 4,
                "Plan Width": 8,
                "Actual Startup Time": 165.361,
                "Actual Total Time": 190.739,
                "Actual Rows": 5,
                "Actual Loops": 1,
                "Output": [
                    "(PARTIAL count(*))"
                ],
                "Workers Planned": 4,
                "Workers Launched": 4,
                "Single Copy": false,
                "Plans": [
                    {
                        "Node Type": "Aggregate",
                        "Strategy": "Plain",
                        "Partial Mode": "Partial",
                        "Parent Relationship": "Outer",
                        "Parallel Aware": false,
                        "Startup Cost": 221677.56,
                        "Total Cost": 221677.57,
                        "Plan Rows": 1,
                        "Plan Width": 8,
                        "Actual Startup Time": 155.628,
                        "Actual Total Time": 155.629,
                        "Actual Rows": 1,
                        "Actual Loops": 5,
                        "Output": [
                            "PARTIAL count(*)"
                        ],
                        "Workers": [
                            {
                                "Worker Number": 0,
                                "Actual Startup Time": 153.135,
                                "Actual Total Time": 153.137,
                                "Actual Rows": 1,
                                "Actual Loops": 1
                            },
                            {
                                "Worker Number": 1,
                                "Actual Startup Time": 153.473,
                                "Actual Total Time": 153.475,
                                "Actual Rows": 1,
                                "Actual Loops": 1
                            },
                            {
                                "Worker Number": 2,
                                "Actual Startup Time": 153.469,
                                "Actual Total Time": 153.47,
                                "Actual Rows": 1,
                                "Actual Loops": 1
                            },
                            {
                                "Worker Number": 3,
                                "Actual Startup Time": 153.46,
                                "Actual Total Time": 153.462,
                                "Actual Rows": 1,
                                "Actual Loops": 1
                            }
                        ],
                        "Plans": [
                            {
                                "Node Type": "Nested Loop",
                                "Parent Relationship": "Outer",
                                "Parallel Aware": false,
                                "Join Type": "Inner",
                                "Startup Cost": 0.43,
                                "Total Cost": 221674.73,
                                "Plan Rows": 1130,
                                "Plan Width": 0,
                                "Actual Startup Time": 1.938,
                                "Actual Total Time": 155.389,
                                "Actual Rows": 1193,
                                "Actual Loops": 5,
                                "Inner Unique": false,
                                "Workers": [
                                    {
                                        "Worker Number": 0,
                                        "Actual Startup Time": 5.163,
                                        "Actual Total Time": 152.9,
                                        "Actual Rows": 879,
                                        "Actual Loops": 1
                                    },
                                    {
                                        "Worker Number": 1,
                                        "Actual Startup Time": 0.938,
                                        "Actual Total Time": 153.255,
                                        "Actual Rows": 685,
                                        "Actual Loops": 1
                                    },
                                    {
                                        "Worker Number": 2,
                                        "Actual Startup Time": 2.252,
                                        "Actual Total Time": 153.258,
                                        "Actual Rows": 1176,
                                        "Actual Loops": 1
                                    },
                                    {
                                        "Worker Number": 3,
                                        "Actual Startup Time": 0.874,
                                        "Actual Total Time": 153.237,
                                        "Actual Rows": 1209,
                                        "Actual Loops": 1
                                    }
                                ],
                                "Plans": [
                                    {
                                        "Node Type": "Seq Scan",
                                        "Parent Relationship": "Outer",
                                        "Parallel Aware": true,
                                        "Relation Name": "title",
                                        "Schema": "public",
                                        "Alias": "t",
                                        "Startup Cost": 0.0,
                                        "Total Cost": 43899.01,
                                        "Plan Rows": 3814,
                                        "Plan Width": 4,
                                        "Actual Startup Time": 0.21,
                                        "Actual Total Time": 81.788,
                                        "Actual Rows": 3314,
                                        "Actual Loops": 5,
                                        "Output": [
                                            "t.id",
                                            "t.title",
                                            "t.imdb_index",
                                            "t.kind_id",
                                            "t.production_year",
                                            "t.imdb_id",
                                            "t.phonetic_code",
                                            "t.episode_of_id",
                                            "t.season_nr",
                                            "t.episode_nr",
                                            "t.series_years",
                                            "t.md5sum"
                                        ],
                                        "Filter": "(t.production_year = 1984)",
                                        "Rows Removed by Filter": 502348,
                                        "Workers": [
                                            {
                                                "Worker Number": 0,
                                                "Actual Startup Time": 0.545,
                                                "Actual Total Time": 74.291,
                                                "Actual Rows": 2384,
                                                "Actual Loops": 1
                                            },
                                            {
                                                "Worker Number": 1,
                                                "Actual Startup Time": 0.218,
                                                "Actual Total Time": 73.942,
                                                "Actual Rows": 2094,
                                                "Actual Loops": 1
                                            },
                                            {
                                                "Worker Number": 2,
                                                "Actual Startup Time": 0.093,
                                                "Actual Total Time": 76.017,
                                                "Actual Rows": 3372,
                                                "Actual Loops": 1
                                            },
                                            {
                                                "Worker Number": 3,
                                                "Actual Startup Time": 0.087,
                                                "Actual Total Time": 74.968,
                                                "Actual Rows": 3235,
                                                "Actual Loops": 1
                                            }
                                        ]
                                    },
                                    {
                                        "Node Type": "Index Scan",
                                        "Parent Relationship": "Inner",
                                        "Parallel Aware": false,
                                        "Scan Direction": "Forward",
                                        "Index Name": "movie_id_movie_info",
                                        "Relation Name": "movie_info",
                                        "Schema": "public",
                                        "Alias": "mi",
                                        "Startup Cost": 0.43,
                                        "Total Cost": 46.59,
                                        "Plan Rows": 2,
                                        "Plan Width": 4,
                                        "Actual Startup Time": 0.014,
                                        "Actual Total Time": 0.022,
                                        "Actual Rows": 0,
                                        "Actual Loops": 16571,
                                        "Output": [
                                            "mi.id",
                                            "mi.movie_id",
                                            "mi.info_type_id",
                                            "mi.info",
                                            "mi.note"
                                        ],
                                        "Index Cond": "(mi.movie_id = t.id)",
                                        "Rows Removed by Index Recheck": 0,
                                        "Filter": "(mi.info_type_id = 1)",
                                        "Rows Removed by Filter": 6,
                                        "Workers": [
                                            {
                                                "Worker Number": 0,
                                                "Actual Startup Time": 0.021,
                                                "Actual Total Time": 0.032,
                                                "Actual Rows": 0,
                                                "Actual Loops": 2384
                                            },
                                            {
                                                "Worker Number": 1,
                                                "Actual Startup Time": 0.024,
                                                "Actual Total Time": 0.037,
                                                "Actual Rows": 0,
                                                "Actual Loops": 2094
                                            },
                                            {
                                                "Worker Number": 2,
                                                "Actual Startup Time": 0.015,
                                                "Actual Total Time": 0.022,
                                                "Actual Rows": 0,
                                                "Actual Loops": 3372
                                            },
                                            {
                                                "Worker Number": 3,
                                                "Actual Startup Time": 0.015,
                                                "Actual Total Time": 0.024,
                                                "Actual Rows": 0,
                                                "Actual Loops": 3235
                                            }
                                        ]
                                    }
                                ]
                            }
                        ]
                    }
                ]
            }
        ]
    },
    "Planning Time": 0.694,
    "Triggers": [],
    "Execution Time": 190.829
}