[
    {
        "Bao": {
            "Bao prediction": 1841.467,
            "Bao recommended hint": "SET enable_nestloop TO off; "
        }
    },
    {
        "Plan": {
            "Node Type": "Aggregate",
            "Strategy": "Plain",
            "Partial Mode": "Finalize",
            "Parallel Aware": false,
            "Startup Cost": 303741.99,
            "Total Cost": 303742.0,
            "Plan Rows": 1,
            "Plan Width": 64,
            "Actual Startup Time": 1195.333,
            "Actual Total Time": 1257.008,
            "Actual Rows": 1,
            "Actual Loops": 1,
            "Output": [
                "min(mi_idx.info)",
                "min(t.title)"
            ],
            "Plans": [
                {
                    "Node Type": "Gather",
                    "Parent Relationship": "Outer",
                    "Parallel Aware": false,
                    "Startup Cost": 303741.67,
                    "Total Cost": 303741.98,
                    "Plan Rows": 3,
                    "Plan Width": 64,
                    "Actual Startup Time": 1189.81,
                    "Actual Total Time": 1256.982,
                    "Actual Rows": 4,
                    "Actual Loops": 1,
                    "Output": [
                        "(PARTIAL min(mi_idx.info))",
                        "(PARTIAL min(t.title))"
                    ],
                    "Workers Planned": 3,
                    "Workers Launched": 3,
                    "Single Copy": false,
                    "Plans": [
                        {
                            "Node Type": "Aggregate",
                            "Strategy": "Plain",
                            "Partial Mode": "Partial",
                            "Parent Relationship": "Outer",
                            "Parallel Aware": false,
                            "Startup Cost": 302741.67,
                            "Total Cost": 302741.68,
                            "Plan Rows": 1,
                            "Plan Width": 64,
                            "Actual Startup Time": 1180.39,
                            "Actual Total Time": 1180.732,
                            "Actual Rows": 1,
                            "Actual Loops": 4,
                            "Output": [
                                "PARTIAL min(mi_idx.info)",
                                "PARTIAL min(t.title)"
                            ],
                            "Workers": [
                                {
                                    "Worker Number": 0,
                                    "Actual Startup Time": 1177.487,
                                    "Actual Total Time": 1177.495,
                                    "Actual Rows": 1,
                                    "Actual Loops": 1
                                },
                                {
                                    "Worker Number": 1,
                                    "Actual Startup Time": 1177.299,
                                    "Actual Total Time": 1177.308,
                                    "Actual Rows": 1,
                                    "Actual Loops": 1
                                },
                                {
                                    "Worker Number": 2,
                                    "Actual Startup Time": 1177.602,
                                    "Actual Total Time": 1177.612,
                                    "Actual Rows": 1,
                                    "Actual Loops": 1
                                }
                            ],
                            "Plans": [
                                {
                                    "Node Type": "Hash Join",
                                    "Parent Relationship": "Outer",
                                    "Parallel Aware": true,
                                    "Join Type": "Inner",
                                    "Startup Cost": 271258.63,
                                    "Total Cost": 301782.14,
                                    "Plan Rows": 191906,
                                    "Plan Width": 22,
                                    "Actual Startup Time": 1027.296,
                                    "Actual Total Time": 1176.02,
                                    "Actual Rows": 41230,
                                    "Actual Loops": 4,
                                    "Output": [
                                        "mi_idx.info",
                                        "t.title"
                                    ],
                                    "Inner Unique": false,
                                    "Hash Cond": "(mc.movie_id = t.id)",
                                    "Workers": [
                                        {
                                            "Worker Number": 0,
                                            "Actual Startup Time": 1023.727,
                                            "Actual Total Time": 1172.835,
                                            "Actual Rows": 31674,
                                            "Actual Loops": 1
                                        },
                                        {
                                            "Worker Number": 1,
                                            "Actual Startup Time": 1024.338,
                                            "Actual Total Time": 1172.551,
                                            "Actual Rows": 51669,
                                            "Actual Loops": 1
                                        },
                                        {
                                            "Worker Number": 2,
                                            "Actual Startup Time": 1024.841,
                                            "Actual Total Time": 1172.72,
                                            "Actual Rows": 33138,
                                            "Actual Loops": 1
                                        }
                                    ],
                                    "Plans": [
                                        {
                                            "Node Type": "Seq Scan",
                                            "Parent Relationship": "Outer",
                                            "Parallel Aware": true,
                                            "Relation Name": "movie_companies",
                                            "Schema": "public",
                                            "Alias": "mc",
                                            "Startup Cost": 0.0,
                                            "Total Cost": 27206.55,
                                            "Plan Rows": 841655,
                                            "Plan Width": 4,
                                            "Actual Startup Time": 0.03,
                                            "Actual Total Time": 69.834,
                                            "Actual Rows": 652282,
                                            "Actual Loops": 4,
                                            "Output": [
                                                "mc.id",
                                                "mc.movie_id",
                                                "mc.company_id",
                                                "mc.company_type_id",
                                                "mc.note"
                                            ],
                                            "Workers": [
                                                {
                                                    "Worker Number": 0,
                                                    "Actual Startup Time": 0.043,
                                                    "Actual Total Time": 68.234,
                                                    "Actual Rows": 514703,
                                                    "Actual Loops": 1
                                                },
                                                {
                                                    "Worker Number": 1,
                                                    "Actual Startup Time": 0.032,
                                                    "Actual Total Time": 69.255,
                                                    "Actual Rows": 810578,
                                                    "Actual Loops": 1
                                                },
                                                {
                                                    "Worker Number": 2,
                                                    "Actual Startup Time": 0.033,
                                                    "Actual Total Time": 70.717,
                                                    "Actual Rows": 509746,
                                                    "Actual Loops": 1
                                                }
                                            ]
                                        },
                                        {
                                            "Node Type": "Hash",
                                            "Parent Relationship": "Inner",
                                            "Parallel Aware": true,
                                            "Startup Cost": 270654.96,
                                            "Total Cost": 270654.96,
                                            "Plan Rows": 48293,
                                            "Plan Width": 34,
                                            "Actual Startup Time": 1026.103,
                                            "Actual Total Time": 1026.444,
                                            "Actual Rows": 8685,
                                            "Actual Loops": 4,
                                            "Output": [
                                                "mi.movie_id",
                                                "mi_idx.info",
                                                "mi_idx.movie_id",
                                                "t.title",
                                                "t.id"
                                            ],
                                            "Hash Buckets": 131072,
                                            "Original Hash Buckets": 131072,
                                            "Hash Batches": 1,
                                            "Original Hash Batches": 1,
                                            "Peak Memory Usage": 3424,
                                            "Workers": [
                                                {
                                                    "Worker Number": 0,
                                                    "Actual Startup Time": 1022.91,
                                                    "Actual Total Time": 1022.916,
                                                    "Actual Rows": 6877,
                                                    "Actual Loops": 1
                                                },
                                                {
                                                    "Worker Number": 1,
                                                    "Actual Startup Time": 1023.629,
                                                    "Actual Total Time": 1023.637,
                                                    "Actual Rows": 10380,
                                                    "Actual Loops": 1
                                                },
                                                {
                                                    "Worker Number": 2,
                                                    "Actual Startup Time": 1023.907,
                                                    "Actual Total Time": 1023.916,
                                                    "Actual Rows": 7221,
                                                    "Actual Loops": 1
                                                }
                                            ],
                                            "Plans": [
                                                {
                                                    "Node Type": "Hash Join",
                                                    "Parent Relationship": "Outer",
                                                    "Parallel Aware": true,
                                                    "Join Type": "Inner",
                                                    "Startup Cost": 254701.27,
                                                    "Total Cost": 270654.96,
                                                    "Plan Rows": 48293,
                                                    "Plan Width": 34,
                                                    "Actual Startup Time": 955.663,
                                                    "Actual Total Time": 1022.311,
                                                    "Actual Rows": 8685,
                                                    "Actual Loops": 4,
                                                    "Output": [
                                                        "mi.movie_id",
                                                        "mi_idx.info",
                                                        "mi_idx.movie_id",
                                                        "t.title",
                                                        "t.id"
                                                    ],
                                                    "Inner Unique": false,
                                                    "Hash Cond": "(mi_idx.movie_id = t.id)",
                                                    "Workers": [
                                                        {
                                                            "Worker Number": 0,
                                                            "Actual Startup Time": 952.538,
                                                            "Actual Total Time": 1018.713,
                                                            "Actual Rows": 6877,
                                                            "Actual Loops": 1
                                                        },
                                                        {
                                                            "Worker Number": 1,
                                                            "Actual Startup Time": 952.992,
                                                            "Actual Total Time": 1019.348,
                                                            "Actual Rows": 10380,
                                                            "Actual Loops": 1
                                                        },
                                                        {
                                                            "Worker Number": 2,
                                                            "Actual Startup Time": 953.587,
                                                            "Actual Total Time": 1020.023,
                                                            "Actual Rows": 7221,
                                                            "Actual Loops": 1
                                                        }
                                                    ],
                                                    "Plans": [
                                                        {
                                                            "Node Type": "Seq Scan",
                                                            "Parent Relationship": "Outer",
                                                            "Parallel Aware": true,
                                                            "Relation Name": "movie_info_idx",
                                                            "Schema": "public",
                                                            "Alias": "mi_idx",
                                                            "Startup Cost": 0.0,
                                                            "Total Cost": 15122.68,
                                                            "Plan Rows": 217048,
                                                            "Plan Width": 9,
                                                            "Actual Startup Time": 0.04,
                                                            "Actual Total Time": 44.654,
                                                            "Actual Rows": 129420,
                                                            "Actual Loops": 4,
                                                            "Output": [
                                                                "mi_idx.id",
                                                                "mi_idx.movie_id",
                                                                "mi_idx.info_type_id",
                                                                "mi_idx.info",
                                                                "mi_idx.note"
                                                            ],
                                                            "Filter": "(mi_idx.info > '5.0'::text)",
                                                            "Rows Removed by Filter": 215588,
                                                            "Workers": [
                                                                {
                                                                    "Worker Number": 0,
                                                                    "Actual Startup Time": 0.041,
                                                                    "Actual Total Time": 44.026,
                                                                    "Actual Rows": 99827,
                                                                    "Actual Loops": 1
                                                                },
                                                                {
                                                                    "Worker Number": 1,
                                                                    "Actual Startup Time": 0.036,
                                                                    "Actual Total Time": 44.629,
                                                                    "Actual Rows": 157072,
                                                                    "Actual Loops": 1
                                                                },
                                                                {
                                                                    "Worker Number": 2,
                                                                    "Actual Startup Time": 0.052,
                                                                    "Actual Total Time": 45.667,
                                                                    "Actual Rows": 104380,
                                                                    "Actual Loops": 1
                                                                }
                                                            ]
                                                        },
                                                        {
                                                            "Node Type": "Hash",
                                                            "Parent Relationship": "Inner",
                                                            "Parallel Aware": true,
                                                            "Startup Cost": 254452.61,
                                                            "Total Cost": 254452.61,
                                                            "Plan Rows": 19893,
                                                            "Plan Width": 25,
                                                            "Actual Startup Time": 954.993,
                                                            "Actual Total Time": 955.331,
                                                            "Actual Rows": 20251,
                                                            "Actual Loops": 4,
                                                            "Output": [
                                                                "mi.movie_id",
                                                                "t.title",
                                                                "t.id"
                                                            ],
                                                            "Hash Buckets": 131072,
                                                            "Original Hash Buckets": 131072,
                                                            "Hash Batches": 1,
                                                            "Original Hash Batches": 1,
                                                            "Peak Memory Usage": 5824,
                                                            "Workers": [
                                                                {
                                                                    "Worker Number": 0,
                                                                    "Actual Startup Time": 952.025,
                                                                    "Actual Total Time": 952.03,
                                                                    "Actual Rows": 16279,
                                                                    "Actual Loops": 1
                                                                },
                                                                {
                                                                    "Worker Number": 1,
                                                                    "Actual Startup Time": 952.865,
                                                                    "Actual Total Time": 952.87,
                                                                    "Actual Rows": 24130,
                                                                    "Actual Loops": 1
                                                                },
                                                                {
                                                                    "Worker Number": 2,
                                                                    "Actual Startup Time": 953.279,
                                                                    "Actual Total Time": 953.284,
                                                                    "Actual Rows": 16766,
                                                                    "Actual Loops": 1
                                                                }
                                                            ],
                                                            "Plans": [
                                                                {
                                                                    "Node Type": "Hash Join",
                                                                    "Parent Relationship": "Outer",
                                                                    "Parallel Aware": true,
                                                                    "Join Type": "Inner",
                                                                    "Startup Cost": 47738.67,
                                                                    "Total Cost": 254452.61,
                                                                    "Plan Rows": 19893,
                                                                    "Plan Width": 25,
                                                                    "Actual Startup Time": 833.64,
                                                                    "Actual Total Time": 946.488,
                                                                    "Actual Rows": 20251,
                                                                    "Actual Loops": 4,
                                                                    "Output": [
                                                                        "mi.movie_id",
                                                                        "t.title",
                                                                        "t.id"
                                                                    ],
                                                                    "Inner Unique": true,
                                                                    "Hash Cond": "(mi.movie_id = t.id)",
                                                                    "Workers": [
                                                                        {
                                                                            "Worker Number": 0,
                                                                            "Actual Startup Time": 830.772,
                                                                            "Actual Total Time": 943.396,
                                                                            "Actual Rows": 16279,
                                                                            "Actual Loops": 1
                                                                        },
                                                                        {
                                                                            "Worker Number": 1,
                                                                            "Actual Startup Time": 831.458,
                                                                            "Actual Total Time": 943.815,
                                                                            "Actual Rows": 24130,
                                                                            "Actual Loops": 1
                                                                        },
                                                                        {
                                                                            "Worker Number": 2,
                                                                            "Actual Startup Time": 831.887,
                                                                            "Actual Total Time": 944.405,
                                                                            "Actual Rows": 16766,
                                                                            "Actual Loops": 1
                                                                        }
                                                                    ],
                                                                    "Plans": [
                                                                        {
                                                                            "Node Type": "Seq Scan",
                                                                            "Parent Relationship": "Outer",
                                                                            "Parallel Aware": true,
                                                                            "Relation Name": "movie_info",
                                                                            "Schema": "public",
                                                                            "Alias": "mi",
                                                                            "Startup Cost": 0.0,
                                                                            "Total Cost": 206531.29,
                                                                            "Plan Rows": 69579,
                                                                            "Plan Width": 4,
                                                                            "Actual Startup Time": 419.782,
                                                                            "Actual Total Time": 678.427,
                                                                            "Actual Rows": 81828,
                                                                            "Actual Loops": 4,
                                                                            "Output": [
                                                                                "mi.id",
                                                                                "mi.movie_id",
                                                                                "mi.info_type_id",
                                                                                "mi.info",
                                                                                "mi.note"
                                                                            ],
                                                                            "Filter": "(mi.info = ANY ('{Drama,Horror,Western,Family}'::text[]))",
                                                                            "Rows Removed by Filter": 3627102,
                                                                            "Workers": [
                                                                                {
                                                                                    "Worker Number": 0,
                                                                                    "Actual Startup Time": 419.563,
                                                                                    "Actual Total Time": 680.46,
                                                                                    "Actual Rows": 65885,
                                                                                    "Actual Loops": 1
                                                                                },
                                                                                {
                                                                                    "Worker Number": 1,
                                                                                    "Actual Startup Time": 419.592,
                                                                                    "Actual Total Time": 676.415,
                                                                                    "Actual Rows": 97913,
                                                                                    "Actual Loops": 1
                                                                                },
                                                                                {
                                                                                    "Worker Number": 2,
                                                                                    "Actual Startup Time": 419.956,
                                                                                    "Actual Total Time": 680.84,
                                                                                    "Actual Rows": 67169,
                                                                                    "Actual Loops": 1
                                                                                }
                                                                            ]
                                                                        },
                                                                        {
                                                                            "Node Type": "Hash",
                                                                            "Parent Relationship": "Inner",
                                                                            "Parallel Aware": true,
                                                                            "Startup Cost": 45479.59,
                                                                            "Total Cost": 45479.59,
                                                                            "Plan Rows": 180727,
                                                                            "Plan Width": 21,
                                                                            "Actual Startup Time": 228.858,
                                                                            "Actual Total Time": 228.859,
                                                                            "Actual Rows": 179065,
                                                                            "Actual Loops": 4,
                                                                            "Output": [
                                                                                "t.title",
                                                                                "t.id"
                                                                            ],
                                                                            "Hash Buckets": 1048576,
                                                                            "Original Hash Buckets": 1048576,
                                                                            "Hash Batches": 1,
                                                                            "Original Hash Batches": 1,
                                                                            "Peak Memory Usage": 48288,
                                                                            "Workers": [
                                                                                {
                                                                                    "Worker Number": 0,
                                                                                    "Actual Startup Time": 228.351,
                                                                                    "Actual Total Time": 228.352,
                                                                                    "Actual Rows": 143458,
                                                                                    "Actual Loops": 1
                                                                                },
                                                                                {
                                                                                    "Worker Number": 1,
                                                                                    "Actual Startup Time": 229.023,
                                                                                    "Actual Total Time": 229.024,
                                                                                    "Actual Rows": 205656,
                                                                                    "Actual Loops": 1
                                                                                },
                                                                                {
                                                                                    "Worker Number": 2,
                                                                                    "Actual Startup Time": 229.481,
                                                                                    "Actual Total Time": 229.483,
                                                                                    "Actual Rows": 149151,
                                                                                    "Actual Loops": 1
                                                                                }
                                                                            ],
                                                                            "Plans": [
                                                                                {
                                                                                    "Node Type": "Seq Scan",
                                                                                    "Parent Relationship": "Outer",
                                                                                    "Parallel Aware": true,
                                                                                    "Relation Name": "title",
                                                                                    "Schema": "public",
                                                                                    "Alias": "t",
                                                                                    "Startup Cost": 0.0,
                                                                                    "Total Cost": 45479.59,
                                                                                    "Plan Rows": 180727,
                                                                                    "Plan Width": 21,
                                                                                    "Actual Startup Time": 0.063,
                                                                                    "Actual Total Time": 136.408,
                                                                                    "Actual Rows": 179065,
                                                                                    "Actual Loops": 4,
                                                                                    "Output": [
                                                                                        "t.title",
                                                                                        "t.id"
                                                                                    ],
                                                                                    "Filter": "((t.production_year >= 2005) AND (t.production_year <= 2010))",
                                                                                    "Rows Removed by Filter": 453013,
                                                                                    "Workers": [
                                                                                        {
                                                                                            "Worker Number": 0,
                                                                                            "Actual Startup Time": 0.092,
                                                                                            "Actual Total Time": 136.329,
                                                                                            "Actual Rows": 143458,
                                                                                            "Actual Loops": 1
                                                                                        },
                                                                                        {
                                                                                            "Worker Number": 1,
                                                                                            "Actual Startup Time": 0.069,
                                                                                            "Actual Total Time": 135.391,
                                                                                            "Actual Rows": 205656,
                                                                                            "Actual Loops": 1
                                                                                        },
                                                                                        {
                                                                                            "Worker Number": 2,
                                                                                            "Actual Startup Time": 0.068,
                                                                                            "Actual Total Time": 138.084,
                                                                                            "Actual Rows": 149151,
                                                                                            "Actual Loops": 1
                                                                                        }
                                                                                    ]
                                                                                }
                                                                            ]
                                                                        }
                                                                    ]
                                                                }
                                                            ]
                                                        }
                                                    ]
                                                }
                                            ]
                                        }
                                    ]
                                }
                            ]
                        }
                    ]
                }
            ]
        },
        "Planning Time": 231.0,
        "Triggers": [],
        "Execution Time": 1257.334
    }
]