[
  {
    "Plan": {
      "Node Type": "Aggregate",
      "Strategy": "Plain",
      "Partial Mode": "Finalize",
      "Parallel Aware": false,
      "Startup Cost": 32872.63,
      "Total Cost": 32872.64,
      "Plan Rows": 1,
      "Plan Width": 8,
      "Actual Startup Time": 115.082,
      "Actual Total Time": 122.796,
      "Actual Rows": 1,
      "Actual Loops": 1,
      "Plans": [
        {
          "Node Type": "Gather",
          "Parent Relationship": "Outer",
          "Parallel Aware": false,
          "Startup Cost": 32872.31,
          "Total Cost": 32872.62,
          "Plan Rows": 3,
          "Plan Width": 8,
          "Actual Startup Time": 114.951,
          "Actual Total Time": 122.786,
          "Actual Rows": 4,
          "Actual Loops": 1,
          "Workers Planned": 3,
          "Workers Launched": 3,
          "Single Copy": false,
          "Plans": [
            {
              "Node Type": "Aggregate",
              "Strategy": "Plain",
              "Partial Mode": "Partial",
              "Parent Relationship": "Outer",
              "Parallel Aware": false,
              "Startup Cost": 31872.31,
              "Total Cost": 31872.32,
              "Plan Rows": 1,
              "Plan Width": 8,
              "Actual Startup Time": 106.943,
              "Actual Total Time": 106.945,
              "Actual Rows": 1,
              "Actual Loops": 4,
              "Plans": [
                {
                  "Node Type": "Seq Scan",
                  "Parent Relationship": "Outer",
                  "Parallel Aware": true,
                  "Relation Name": "movie_companies",
                  "Alias": "mc",
                  "Startup Cost": 0.0,
                  "Total Cost": 31414.82,
                  "Plan Rows": 182998,
                  "Plan Width": 0,
                  "Actual Startup Time": 48.063,
                  "Actual Total Time": 94.321,
                  "Actual Rows": 213585,
                  "Actual Loops": 4,
                  "Filter": "((company_id > 14032) AND (company_type_id > 1))",
                  "Rows Removed by Filter": 438697
                }
              ]
            }
          ]
        }
      ]
    },
    "Planning Time": 0.066,
    "Triggers": [],
    "Execution Time": 122.824
  }
]