[
  {
    "Plan": {
      "Node Type": "Aggregate",
      "Strategy": "Plain",
      "Partial Mode": "Finalize",
      "Parallel Aware": false,
      "Startup Cost": 32865.23,
      "Total Cost": 32865.24,
      "Plan Rows": 1,
      "Plan Width": 8,
      "Actual Startup Time": 104.743,
      "Actual Total Time": 112.875,
      "Actual Rows": 1,
      "Actual Loops": 1,
      "Plans": [
        {
          "Node Type": "Gather",
          "Parent Relationship": "Outer",
          "Parallel Aware": false,
          "Startup Cost": 32864.91,
          "Total Cost": 32865.22,
          "Plan Rows": 3,
          "Plan Width": 8,
          "Actual Startup Time": 104.658,
          "Actual Total Time": 112.866,
          "Actual Rows": 4,
          "Actual Loops": 1,
          "Workers Planned": 3,
          "Workers Launched": 3,
          "Single Copy": false,
          "Plans": [
            {
              "Node Type": "Aggregate",
              "Strategy": "Plain",
              "Partial Mode": "Partial",
              "Parent Relationship": "Outer",
              "Parallel Aware": false,
              "Startup Cost": 31864.91,
              "Total Cost": 31864.92,
              "Plan Rows": 1,
              "Plan Width": 8,
              "Actual Startup Time": 96.276,
              "Actual Total Time": 96.277,
              "Actual Rows": 1,
              "Actual Loops": 4,
              "Plans": [
                {
                  "Node Type": "Seq Scan",
                  "Parent Relationship": "Outer",
                  "Parallel Aware": true,
                  "Relation Name": "movie_companies",
                  "Alias": "mc",
                  "Startup Cost": 0.0,
                  "Total Cost": 31414.82,
                  "Plan Rows": 180038,
                  "Plan Width": 0,
                  "Actual Startup Time": 49.881,
                  "Actual Total Time": 86.879,
                  "Actual Rows": 213585,
                  "Actual Loops": 4,
                  "Filter": "((company_id > 14032) AND (company_type_id > 1))",
                  "Rows Removed by Filter": 438697
                }
              ]
            }
          ]
        }
      ]
    },
    "Planning Time": 0.189,
    "Triggers": [],
    "Execution Time": 112.931
  }
]