{
  "Plan": {
    "Node Type": "Aggregate",
    "Strategy": "Plain",
    "Partial Mode": "Finalize",
    "Parallel Aware": false,
    "Startup Cost": 407041.52,
    "Total Cost": 407041.53,
    "Plan Rows": 1,
    "Plan Width": 8,
    "Actual Startup Time": 1314.439,
    "Actual Total Time": 1331.82,
    "Actual Rows": 1,
    "Actual Loops": 1,
    "Plans": [
      {
        "Node Type": "Gather",
        "Parent Relationship": "Outer",
        "Parallel Aware": false,
        "Startup Cost": 407041.4,
        "Total Cost": 407041.51,
        "Plan Rows": 1,
        "Plan Width": 8,
        "Actual Startup Time": 1309.435,
        "Actual Total Time": 1331.814,
        "Actual Rows": 2,
        "Actual Loops": 1,
        "Workers Planned": 1,
        "Workers Launched": 1,
        "Single Copy": false,
        "Plans": [
          {
            "Node Type": "Aggregate",
            "Strategy": "Plain",
            "Partial Mode": "Partial",
            "Parent Relationship": "Outer",
            "Parallel Aware": false,
            "Startup Cost": 406041.4,
            "Total Cost": 406041.41,
            "Plan Rows": 1,
            "Plan Width": 8,
            "Actual Startup Time": 1299.61,
            "Actual Total Time": 1299.617,
            "Actual Rows": 1,
            "Actual Loops": 2,
            "Plans": [
              {
                "Node Type": "Hash Join",
                "Parent Relationship": "Outer",
                "Parallel Aware": true,
                "Join Type": "Inner",
                "Startup Cost": 341378.62,
                "Total Cost": 404962.3,
                "Plan Rows": 431642,
                "Plan Width": 0,
                "Actual Startup Time": 728.496,
                "Actual Total Time": 1243.464,
                "Actual Rows": 1123078,
                "Actual Loops": 2,
                "Inner Unique": false,
                "Hash Cond": "(mk.movie_id = t.id)",
                "Plans": [
                  {
                    "Node Type": "Seq Scan",
                    "Parent Relationship": "Outer",
                    "Parallel Aware": true,
                    "Relation Name": "movie_keyword",
                    "Alias": "mk",
                    "Startup Cost": 0.0,
                    "Total Cost": 51065.35,
                    "Plan Rows": 2661135,
                    "Plan Width": 4,
                    "Actual Startup Time": 0.018,
                    "Actual Total Time": 178.12,
                    "Actual Rows": 2261965,
                    "Actual Loops": 2
                  },
                  {
                    "Node Type": "Hash",
                    "Parent Relationship": "Inner",
                    "Parallel Aware": true,
                    "Startup Cost": 338363.22,
                    "Total Cost": 338363.22,
                    "Plan Rows": 241232,
                    "Plan Width": 8,
                    "Actual Startup Time": 724.284,
                    "Actual Total Time": 724.289,
                    "Actual Rows": 207246,
                    "Actual Loops": 2,
                    "Hash Buckets": 524288,
                    "Original Hash Buckets": 524288,
                    "Hash Batches": 1,
                    "Original Hash Batches": 1,
                    "Peak Memory Usage": 20320,
                    "Plans": [
                      {
                        "Node Type": "Hash Join",
                        "Parent Relationship": "Outer",
                        "Parallel Aware": true,
                        "Join Type": "Inner",
                        "Startup Cost": 80549.75,
                        "Total Cost": 338363.22,
                        "Plan Rows": 241232,
                        "Plan Width": 8,
                        "Actual Startup Time": 493.314,
                        "Actual Total Time": 669.419,
                        "Actual Rows": 207246,
                        "Actual Loops": 2,
                        "Inner Unique": true,
                        "Hash Cond": "(ci.movie_id = t.id)",
                        "Plans": [
                          {
                            "Node Type": "Bitmap Heap Scan",
                            "Parent Relationship": "Outer",
                            "Parallel Aware": true,
                            "Relation Name": "cast_info",
                            "Alias": "ci",
                            "Startup Cost": 12730.1,
                            "Total Cost": 269653.85,
                            "Plan Rows": 338940,
                            "Plan Width": 4,
                            "Actual Startup Time": 17.711,
                            "Actual Total Time": 52.647,
                            "Actual Rows": 282644,
                            "Actual Loops": 2,
                            "Recheck Cond": "(person_id < 61103)",
                            "Rows Removed by Index Recheck": 0,
                            "Exact Heap Blocks": 3582,
                            "Lossy Heap Blocks": 0,
                            "Plans": [
                              {
                                "Node Type": "Bitmap Index Scan",
                                "Parent Relationship": "Outer",
                                "Parallel Aware": false,
                                "Index Name": "person_id_cast_info",
                                "Startup Cost": 0.0,
                                "Total Cost": 12586.05,
                                "Plan Rows": 576198,
                                "Plan Width": 0,
                                "Actual Startup Time": 16.849,
                                "Actual Total Time": 16.849,
                                "Actual Rows": 565289,
                                "Actual Loops": 1,
                                "Index Cond": "(person_id < 61103)"
                              }
                            ]
                          },
                          {
                            "Node Type": "Hash",
                            "Parent Relationship": "Inner",
                            "Parallel Aware": true,
                            "Startup Cost": 54588.39,
                            "Total Cost": 54588.39,
                            "Plan Rows": 1058501,
                            "Plan Width": 4,
                            "Actual Startup Time": 465.571,
                            "Actual Total Time": 465.572,
                            "Actual Rows": 896692,
                            "Actual Loops": 2,
                            "Hash Buckets": 2097152,
                            "Original Hash Buckets": 2097152,
                            "Hash Batches": 1,
                            "Original Hash Batches": 1,
                            "Peak Memory Usage": 86560,
                            "Plans": [
                              {
                                "Node Type": "Seq Scan",
                                "Parent Relationship": "Outer",
                                "Parallel Aware": true,
                                "Relation Name": "title",
                                "Alias": "t",
                                "Startup Cost": 0.0,
                                "Total Cost": 54588.39,
                                "Plan Rows": 1058501,
                                "Plan Width": 4,
                                "Actual Startup Time": 0.027,
                                "Actual Total Time": 204.383,
                                "Actual Rows": 896692,
                                "Actual Loops": 2,
                                "Filter": "(production_year > 1988)",
                                "Rows Removed by Filter": 367464
                              }
                            ]
                          }
                        ]
                      }
                    ]
                  }
                ]
              }
            ]
          }
        ]
      }
    ]
  },
  "Planning Time": 0.578,
  "Triggers": [],
  "Execution Time": 1331.891
}