[
    {
        "Bao": {
            "Bao prediction": 218.958,
            "Bao recommended hint": "(no hint)"
        }
    },
    {
        "Plan": {
            "Node Type": "Aggregate",
            "Strategy": "Plain",
            "Partial Mode": "Finalize",
            "Parallel Aware": false,
            "Startup Cost": 19569.46,
            "Total Cost": 19569.47,
            "Plan Rows": 1,
            "Plan Width": 68,
            "Actual Startup Time": 121.744,
            "Actual Total Time": 126.909,
            "Actual Rows": 1,
            "Actual Loops": 1,
            "Output": [
                "min(mc.note)",
                "min(t.title)",
                "min(t.production_year)"
            ],
            "Plans": [
                {
                    "Node Type": "Gather",
                    "Parent Relationship": "Outer",
                    "Parallel Aware": false,
                    "Startup Cost": 19569.23,
                    "Total Cost": 19569.44,
                    "Plan Rows": 2,
                    "Plan Width": 68,
                    "Actual Startup Time": 121.731,
                    "Actual Total Time": 126.899,
                    "Actual Rows": 3,
                    "Actual Loops": 1,
                    "Output": [
                        "(PARTIAL min(mc.note))",
                        "(PARTIAL min(t.title))",
                        "(PARTIAL min(t.production_year))"
                    ],
                    "Workers Planned": 2,
                    "Workers Launched": 2,
                    "Single Copy": false,
                    "Plans": [
                        {
                            "Node Type": "Aggregate",
                            "Strategy": "Plain",
                            "Partial Mode": "Partial",
                            "Parent Relationship": "Outer",
                            "Parallel Aware": false,
                            "Startup Cost": 18569.23,
                            "Total Cost": 18569.24,
                            "Plan Rows": 1,
                            "Plan Width": 68,
                            "Actual Startup Time": 111.05,
                            "Actual Total Time": 111.055,
                            "Actual Rows": 1,
                            "Actual Loops": 3,
                            "Output": [
                                "PARTIAL min(mc.note)",
                                "PARTIAL min(t.title)",
                                "PARTIAL min(t.production_year)"
                            ],
                            "Workers": [
                                {
                                    "Worker Number": 0,
                                    "Actual Startup Time": 106.528,
                                    "Actual Total Time": 106.534,
                                    "Actual Rows": 1,
                                    "Actual Loops": 1
                                },
                                {
                                    "Worker Number": 1,
                                    "Actual Startup Time": 106.509,
                                    "Actual Total Time": 106.516,
                                    "Actual Rows": 1,
                                    "Actual Loops": 1
                                }
                            ],
                            "Plans": [
                                {
                                    "Node Type": "Nested Loop",
                                    "Parent Relationship": "Outer",
                                    "Parallel Aware": false,
                                    "Join Type": "Inner",
                                    "Startup Cost": 4.35,
                                    "Total Cost": 18568.97,
                                    "Plan Rows": 35,
                                    "Plan Width": 45,
                                    "Actual Startup Time": 110.897,
                                    "Actual Total Time": 111.047,
                                    "Actual Rows": 1,
                                    "Actual Loops": 3,
                                    "Output": [
                                        "mc.note",
                                        "t.title",
                                        "t.production_year"
                                    ],
                                    "Inner Unique": true,
                                    "Join Filter": "(mc.movie_id = t.id)",
                                    "Rows Removed by Join Filter": 0,
                                    "Workers": [
                                        {
                                            "Worker Number": 0,
                                            "Actual Startup Time": 106.523,
                                            "Actual Total Time": 106.529,
                                            "Actual Rows": 0,
                                            "Actual Loops": 1
                                        },
                                        {
                                            "Worker Number": 1,
                                            "Actual Startup Time": 106.503,
                                            "Actual Total Time": 106.509,
                                            "Actual Rows": 0,
                                            "Actual Loops": 1
                                        }
                                    ],
                                    "Plans": [
                                        {
                                            "Node Type": "Hash Join",
                                            "Parent Relationship": "Outer",
                                            "Parallel Aware": false,
                                            "Join Type": "Inner",
                                            "Startup Cost": 3.92,
                                            "Total Cost": 18548.3,
                                            "Plan Rows": 35,
                                            "Plan Width": 32,
                                            "Actual Startup Time": 110.877,
                                            "Actual Total Time": 111.009,
                                            "Actual Rows": 1,
                                            "Actual Loops": 3,
                                            "Output": [
                                                "mc.note",
                                                "mc.movie_id",
                                                "mi_idx.movie_id"
                                            ],
                                            "Inner Unique": true,
                                            "Hash Cond": "(mc.company_type_id = ct.id)",
                                            "Workers": [
                                                {
                                                    "Worker Number": 0,
                                                    "Actual Startup Time": 106.522,
                                                    "Actual Total Time": 106.527,
                                                    "Actual Rows": 0,
                                                    "Actual Loops": 1
                                                },
                                                {
                                                    "Worker Number": 1,
                                                    "Actual Startup Time": 106.502,
                                                    "Actual Total Time": 106.508,
                                                    "Actual Rows": 0,
                                                    "Actual Loops": 1
                                                }
                                            ],
                                            "Plans": [
                                                {
                                                    "Node Type": "Nested Loop",
                                                    "Parent Relationship": "Outer",
                                                    "Parallel Aware": false,
                                                    "Join Type": "Inner",
                                                    "Startup Cost": 2.86,
                                                    "Total Cost": 18546.47,
                                                    "Plan Rows": 142,
                                                    "Plan Width": 36,
                                                    "Actual Startup Time": 110.539,
                                                    "Actual Total Time": 110.669,
                                                    "Actual Rows": 1,
                                                    "Actual Loops": 3,
                                                    "Output": [
                                                        "mi_idx.movie_id",
                                                        "mc.note",
                                                        "mc.company_type_id",
                                                        "mc.movie_id"
                                                    ],
                                                    "Inner Unique": false,
                                                    "Workers": [
                                                        {
                                                            "Worker Number": 0,
                                                            "Actual Startup Time": 106.104,
                                                            "Actual Total Time": 106.107,
                                                            "Actual Rows": 0,
                                                            "Actual Loops": 1
                                                        },
                                                        {
                                                            "Worker Number": 1,
                                                            "Actual Startup Time": 106.084,
                                                            "Actual Total Time": 106.087,
                                                            "Actual Rows": 0,
                                                            "Actual Loops": 1
                                                        }
                                                    ],
                                                    "Plans": [
                                                        {
                                                            "Node Type": "Hash Join",
                                                            "Parent Relationship": "Outer",
                                                            "Parallel Aware": false,
                                                            "Join Type": "Inner",
                                                            "Startup Cost": 2.43,
                                                            "Total Cost": 15253.6,
                                                            "Plan Rows": 5089,
                                                            "Plan Width": 4,
                                                            "Actual Startup Time": 110.413,
                                                            "Actual Total Time": 110.419,
                                                            "Actual Rows": 3,
                                                            "Actual Loops": 3,
                                                            "Output": [
                                                                "mi_idx.movie_id"
                                                            ],
                                                            "Inner Unique": true,
                                                            "Hash Cond": "(mi_idx.info_type_id = it.id)",
                                                            "Workers": [
                                                                {
                                                                    "Worker Number": 0,
                                                                    "Actual Startup Time": 106.103,
                                                                    "Actual Total Time": 106.105,
                                                                    "Actual Rows": 0,
                                                                    "Actual Loops": 1
                                                                },
                                                                {
                                                                    "Worker Number": 1,
                                                                    "Actual Startup Time": 106.082,
                                                                    "Actual Total Time": 106.085,
                                                                    "Actual Rows": 0,
                                                                    "Actual Loops": 1
                                                                }
                                                            ],
                                                            "Plans": [
                                                                {
                                                                    "Node Type": "Seq Scan",
                                                                    "Parent Relationship": "Outer",
                                                                    "Parallel Aware": true,
                                                                    "Relation Name": "movie_info_idx",
                                                                    "Schema": "public",
                                                                    "Alias": "mi_idx",
                                                                    "Startup Cost": 0.0,
                                                                    "Total Cost": 13685.15,
                                                                    "Plan Rows": 575015,
                                                                    "Plan Width": 8,
                                                                    "Actual Startup Time": 0.058,
                                                                    "Actual Total Time": 62.113,
                                                                    "Actual Rows": 460012,
                                                                    "Actual Loops": 3,
                                                                    "Output": [
                                                                        "mi_idx.id",
                                                                        "mi_idx.movie_id",
                                                                        "mi_idx.info_type_id",
                                                                        "mi_idx.info",
                                                                        "mi_idx.note"
                                                                    ],
                                                                    "Workers": [
                                                                        {
                                                                            "Worker Number": 0,
                                                                            "Actual Startup Time": 0.064,
                                                                            "Actual Total Time": 59.721,
                                                                            "Actual Rows": 449235,
                                                                            "Actual Loops": 1
                                                                        },
                                                                        {
                                                                            "Worker Number": 1,
                                                                            "Actual Startup Time": 0.07,
                                                                            "Actual Total Time": 59.799,
                                                                            "Actual Rows": 448741,
                                                                            "Actual Loops": 1
                                                                        }
                                                                    ]
                                                                },
                                                                {
                                                                    "Node Type": "Hash",
                                                                    "Parent Relationship": "Inner",
                                                                    "Parallel Aware": false,
                                                                    "Startup Cost": 2.41,
                                                                    "Total Cost": 2.41,
                                                                    "Plan Rows": 1,
                                                                    "Plan Width": 4,
                                                                    "Actual Startup Time": 0.066,
                                                                    "Actual Total Time": 0.067,
                                                                    "Actual Rows": 1,
                                                                    "Actual Loops": 3,
                                                                    "Output": [
                                                                        "it.id"
                                                                    ],
                                                                    "Hash Buckets": 1024,
                                                                    "Original Hash Buckets": 1024,
                                                                    "Hash Batches": 1,
                                                                    "Original Hash Batches": 1,
                                                                    "Peak Memory Usage": 9,
                                                                    "Workers": [
                                                                        {
                                                                            "Worker Number": 0,
                                                                            "Actual Startup Time": 0.071,
                                                                            "Actual Total Time": 0.072,
                                                                            "Actual Rows": 1,
                                                                            "Actual Loops": 1
                                                                        },
                                                                        {
                                                                            "Worker Number": 1,
                                                                            "Actual Startup Time": 0.075,
                                                                            "Actual Total Time": 0.076,
                                                                            "Actual Rows": 1,
                                                                            "Actual Loops": 1
                                                                        }
                                                                    ],
                                                                    "Plans": [
                                                                        {
                                                                            "Node Type": "Seq Scan",
                                                                            "Parent Relationship": "Outer",
                                                                            "Parallel Aware": false,
                                                                            "Relation Name": "info_type",
                                                                            "Schema": "public",
                                                                            "Alias": "it",
                                                                            "Startup Cost": 0.0,
                                                                            "Total Cost": 2.41,
                                                                            "Plan Rows": 1,
                                                                            "Plan Width": 4,
                                                                            "Actual Startup Time": 0.054,
                                                                            "Actual Total Time": 0.056,
                                                                            "Actual Rows": 1,
                                                                            "Actual Loops": 3,
                                                                            "Output": [
                                                                                "it.id"
                                                                            ],
                                                                            "Filter": "((it.info)::text = 'bottom 10 rank'::text)",
                                                                            "Rows Removed by Filter": 112,
                                                                            "Workers": [
                                                                                {
                                                                                    "Worker Number": 0,
                                                                                    "Actual Startup Time": 0.06,
                                                                                    "Actual Total Time": 0.061,
                                                                                    "Actual Rows": 1,
                                                                                    "Actual Loops": 1
                                                                                },
                                                                                {
                                                                                    "Worker Number": 1,
                                                                                    "Actual Startup Time": 0.064,
                                                                                    "Actual Total Time": 0.066,
                                                                                    "Actual Rows": 1,
                                                                                    "Actual Loops": 1
                                                                                }
                                                                            ]
                                                                        }
                                                                    ]
                                                                }
                                                            ]
                                                        },
                                                        {
                                                            "Node Type": "Index Scan",
                                                            "Parent Relationship": "Inner",
                                                            "Parallel Aware": false,
                                                            "Scan Direction": "Forward",
                                                            "Index Name": "movie_id_movie_companies",
                                                            "Relation Name": "movie_companies",
                                                            "Schema": "public",
                                                            "Alias": "mc",
                                                            "Startup Cost": 0.43,
                                                            "Total Cost": 0.64,
                                                            "Plan Rows": 1,
                                                            "Plan Width": 32,
                                                            "Actual Startup Time": 0.072,
                                                            "Actual Total Time": 0.073,
                                                            "Actual Rows": 0,
                                                            "Actual Loops": 10,
                                                            "Output": [
                                                                "mc.id",
                                                                "mc.movie_id",
                                                                "mc.company_id",
                                                                "mc.company_type_id",
                                                                "mc.note"
                                                            ],
                                                            "Index Cond": "(mc.movie_id = mi_idx.movie_id)",
                                                            "Rows Removed by Index Recheck": 0,
                                                            "Filter": "((mc.note !~~ '%(as Metro-Goldwyn-Mayer Pictures)%'::text) AND ((mc.note ~~ '%(co-production)%'::text) OR (mc.note ~~ '%(presents)%'::text)))",
                                                            "Rows Removed by Filter": 12
                                                        }
                                                    ]
                                                },
                                                {
                                                    "Node Type": "Hash",
                                                    "Parent Relationship": "Inner",
                                                    "Parallel Aware": false,
                                                    "Startup Cost": 1.05,
                                                    "Total Cost": 1.05,
                                                    "Plan Rows": 1,
                                                    "Plan Width": 4,
                                                    "Actual Startup Time": 0.071,
                                                    "Actual Total Time": 0.072,
                                                    "Actual Rows": 1,
                                                    "Actual Loops": 3,
                                                    "Output": [
                                                        "ct.id"
                                                    ],
                                                    "Hash Buckets": 1024,
                                                    "Original Hash Buckets": 1024,
                                                    "Hash Batches": 1,
                                                    "Original Hash Batches": 1,
                                                    "Peak Memory Usage": 9,
                                                    "Workers": [
                                                        {
                                                            "Worker Number": 0,
                                                            "Actual Startup Time": 0.079,
                                                            "Actual Total Time": 0.08,
                                                            "Actual Rows": 1,
                                                            "Actual Loops": 1
                                                        },
                                                        {
                                                            "Worker Number": 1,
                                                            "Actual Startup Time": 0.08,
                                                            "Actual Total Time": 0.081,
                                                            "Actual Rows": 1,
                                                            "Actual Loops": 1
                                                        }
                                                    ],
                                                    "Plans": [
                                                        {
                                                            "Node Type": "Seq Scan",
                                                            "Parent Relationship": "Outer",
                                                            "Parallel Aware": false,
                                                            "Relation Name": "company_type",
                                                            "Schema": "public",
                                                            "Alias": "ct",
                                                            "Startup Cost": 0.0,
                                                            "Total Cost": 1.05,
                                                            "Plan Rows": 1,
                                                            "Plan Width": 4,
                                                            "Actual Startup Time": 0.049,
                                                            "Actual Total Time": 0.052,
                                                            "Actual Rows": 1,
                                                            "Actual Loops": 3,
                                                            "Output": [
                                                                "ct.id"
                                                            ],
                                                            "Filter": "((ct.kind)::text = 'production companies'::text)",
                                                            "Rows Removed by Filter": 3,
                                                            "Workers": [
                                                                {
                                                                    "Worker Number": 0,
                                                                    "Actual Startup Time": 0.057,
                                                                    "Actual Total Time": 0.06,
                                                                    "Actual Rows": 1,
                                                                    "Actual Loops": 1
                                                                },
                                                                {
                                                                    "Worker Number": 1,
                                                                    "Actual Startup Time": 0.056,
                                                                    "Actual Total Time": 0.059,
                                                                    "Actual Rows": 1,
                                                                    "Actual Loops": 1
                                                                }
                                                            ]
                                                        }
                                                    ]
                                                }
                                            ]
                                        },
                                        {
                                            "Node Type": "Index Scan",
                                            "Parent Relationship": "Inner",
                                            "Parallel Aware": false,
                                            "Scan Direction": "Forward",
                                            "Index Name": "title_pkey",
                                            "Relation Name": "title",
                                            "Schema": "public",
                                            "Alias": "t",
                                            "Startup Cost": 0.43,
                                            "Total Cost": 0.58,
                                            "Plan Rows": 1,
                                            "Plan Width": 25,
                                            "Actual Startup Time": 0.034,
                                            "Actual Total Time": 0.034,
                                            "Actual Rows": 1,
                                            "Actual Loops": 3,
                                            "Output": [
                                                "t.id",
                                                "t.title",
                                                "t.imdb_index",
                                                "t.kind_id",
                                                "t.production_year",
                                                "t.imdb_id",
                                                "t.phonetic_code",
                                                "t.episode_of_id",
                                                "t.season_nr",
                                                "t.episode_nr",
                                                "t.series_years",
                                                "t.md5sum"
                                            ],
                                            "Index Cond": "(t.id = mi_idx.movie_id)",
                                            "Rows Removed by Index Recheck": 0
                                        }
                                    ]
                                }
                            ]
                        }
                    ]
                }
            ]
        },
        "Planning Time": 2010.665,
        "Triggers": [],
        "Execution Time": 127.743
    }
]