[
  {
    "Plan": {
      "Node Type": "Aggregate",
      "Strategy": "Plain",
      "Partial Mode": "Simple",
      "Parallel Aware": false,
      "Startup Cost": 3866.88,
      "Total Cost": 3866.89,
      "Plan Rows": 1,
      "Plan Width": 8,
      "Actual Startup Time": 7.405,
      "Actual Total Time": 7.408,
      "Actual Rows": 1,
      "Actual Loops": 1,
      "Plans": [
        {
          "Node Type": "Nested Loop",
          "Parent Relationship": "Outer",
          "Parallel Aware": false,
          "Join Type": "Inner",
          "Startup Cost": 1.43,
          "Total Cost": 3862.9,
          "Plan Rows": 1590,
          "Plan Width": 0,
          "Actual Startup Time": 0.249,
          "Actual Total Time": 6.944,
          "Actual Rows": 2474,
          "Actual Loops": 1,
          "Inner Unique": false,
          "Plans": [
            {
              "Node Type": "Nested Loop",
              "Parent Relationship": "Outer",
              "Parallel Aware": false,
              "Join Type": "Inner",
              "Startup Cost": 0.99,
              "Total Cost": 3337.39,
              "Plan Rows": 272,
              "Plan Width": 8,
              "Actual Startup Time": 0.225,
              "Actual Total Time": 1.663,
              "Actual Rows": 120,
              "Actual Loops": 1,
              "Inner Unique": true,
              "Plans": [
                {
                  "Node Type": "Index Scan",
                  "Parent Relationship": "Outer",
                  "Parallel Aware": false,
                  "Scan Direction": "Forward",
                  "Index Name": "person_id_cast_info",
                  "Relation Name": "cast_info",
                  "Alias": "ci",
                  "Startup Cost": 0.56,
                  "Total Cost": 1059.67,
                  "Plan Rows": 272,
                  "Plan Width": 4,
                  "Actual Startup Time": 0.195,
                  "Actual Total Time": 0.289,
                  "Actual Rows": 120,
                  "Actual Loops": 1,
                  "Index Cond": "(person_id = 128960)",
                  "Rows Removed by Index Recheck": 0,
                  "Filter": "(role_id < 3)",
                  "Rows Removed by Filter": 0
                },
                {
                  "Node Type": "Index Only Scan",
                  "Parent Relationship": "Inner",
                  "Parallel Aware": false,
                  "Scan Direction": "Forward",
                  "Index Name": "title_pkey",
                  "Relation Name": "title",
                  "Alias": "t",
                  "Startup Cost": 0.43,
                  "Total Cost": 8.37,
                  "Plan Rows": 1,
                  "Plan Width": 4,
                  "Actual Startup Time": 0.01,
                  "Actual Total Time": 0.01,
                  "Actual Rows": 1,
                  "Actual Loops": 120,
                  "Index Cond": "(id = ci.movie_id)",
                  "Rows Removed by Index Recheck": 0,
                  "Heap Fetches": 120
                }
              ]
            },
            {
              "Node Type": "Index Only Scan",
              "Parent Relationship": "Inner",
              "Parallel Aware": false,
              "Scan Direction": "Forward",
              "Index Name": "movie_id_movie_info",
              "Relation Name": "movie_info",
              "Alias": "mi",
              "Startup Cost": 0.43,
              "Total Cost": 1.51,
              "Plan Rows": 42,
              "Plan Width": 4,
              "Actual Startup Time": 0.013,
              "Actual Total Time": 0.038,
              "Actual Rows": 21,
              "Actual Loops": 120,
              "Index Cond": "(movie_id = t.id)",
              "Rows Removed by Index Recheck": 0,
              "Heap Fetches": 2474
            }
          ]
        }
      ]
    },
    "Planning Time": 1.305,
    "Triggers": [],
    "Execution Time": 7.48
  }
]