{
    "Plan": {
        "Node Type": "Aggregate",
        "Strategy": "Plain",
        "Partial Mode": "Simple",
        "Parallel Aware": false,
        "Startup Cost": 232542.53,
        "Total Cost": 232542.54,
        "Plan Rows": 1,
        "Plan Width": 96,
        "Actual Startup Time": 3502.236,
        "Actual Total Time": 3502.243,
        "Actual Rows": 1,
        "Actual Loops": 1,
        "Plans": [
            {
                "Node Type": "Nested Loop",
                "Parent Relationship": "Outer",
                "Parallel Aware": false,
                "Join Type": "Inner",
                "Startup Cost": 43020.4,
                "Total Cost": 232542.43,
                "Plan Rows": 14,
                "Plan Width": 66,
                "Actual Startup Time": 487.848,
                "Actual Total Time": 3501.948,
                "Actual Rows": 410,
                "Actual Loops": 1,
                "Inner Unique": true,
                "Plans": [
                    {
                        "Node Type": "Nested Loop",
                        "Parent Relationship": "Outer",
                        "Parallel Aware": false,
                        "Join Type": "Inner",
                        "Startup Cost": 43019.97,
                        "Total Cost": 230697.39,
                        "Plan Rows": 3274,
                        "Plan Width": 70,
                        "Actual Startup Time": 373.755,
                        "Actual Total Time": 3066.403,
                        "Actual Rows": 107339,
                        "Actual Loops": 1,
                        "Inner Unique": false,
                        "Plans": [
                            {
                                "Node Type": "Nested Loop",
                                "Parent Relationship": "Outer",
                                "Parallel Aware": false,
                                "Join Type": "Inner",
                                "Startup Cost": 43019.4,
                                "Total Cost": 225829.77,
                                "Plan Rows": 3428,
                                "Plan Width": 78,
                                "Actual Startup Time": 373.672,
                                "Actual Total Time": 727.426,
                                "Actual Rows": 45431,
                                "Actual Loops": 1,
                                "Inner Unique": true,
                                "Plans": [
                                    {
                                        "Node Type": "Hash Join",
                                        "Parent Relationship": "Outer",
                                        "Parallel Aware": false,
                                        "Join Type": "Inner",
                                        "Startup Cost": 43018.97,
                                        "Total Cost": 224256.06,
                                        "Plan Rows": 3428,
                                        "Plan Width": 57,
                                        "Actual Startup Time": 373.642,
                                        "Actual Total Time": 512.978,
                                        "Actual Rows": 45431,
                                        "Actual Loops": 1,
                                        "Inner Unique": true,
                                        "Hash Cond": "(mi_idx.info_type_id = it2.id)",
                                        "Plans": [
                                            {
                                                "Node Type": "Hash Join",
                                                "Parent Relationship": "Outer",
                                                "Parallel Aware": false,
                                                "Join Type": "Inner",
                                                "Startup Cost": 43016.55,
                                                "Total Cost": 223198.54,
                                                "Plan Rows": 387412,
                                                "Plan Width": 61,
                                                "Actual Startup Time": 373.575,
                                                "Actual Total Time": 499.455,
                                                "Actual Rows": 136507,
                                                "Actual Loops": 1,
                                                "Inner Unique": false,
                                                "Hash Cond": "(mi.movie_id = mi_idx.movie_id)",
                                                "Plans": [
                                                    {
                                                        "Node Type": "Nested Loop",
                                                        "Parent Relationship": "Outer",
                                                        "Parallel Aware": false,
                                                        "Join Type": "Inner",
                                                        "Startup Cost": 4030.76,
                                                        "Total Cost": 179518.07,
                                                        "Plan Rows": 131290,
                                                        "Plan Width": 48,
                                                        "Actual Startup Time": 15.874,
                                                        "Actual Total Time": 52.251,
                                                        "Actual Rows": 121863,
                                                        "Actual Loops": 1,
                                                        "Inner Unique": false,
                                                        "Plans": [
                                                            {
                                                                "Node Type": "Seq Scan",
                                                                "Parent Relationship": "Outer",
                                                                "Parallel Aware": false,
                                                                "Relation Name": "info_type",
                                                                "Alias": "it1",
                                                                "Startup Cost": 0.0,
                                                                "Total Cost": 2.41,
                                                                "Plan Rows": 1,
                                                                "Plan Width": 4,
                                                                "Actual Startup Time": 0.032,
                                                                "Actual Total Time": 0.037,
                                                                "Actual Rows": 1,
                                                                "Actual Loops": 1,
                                                                "Filter": "((info)::text = 'budget'::text)",
                                                                "Rows Removed by Filter": 112
                                                            },
                                                            {
                                                                "Node Type": "Bitmap Heap Scan",
                                                                "Parent Relationship": "Inner",
                                                                "Parallel Aware": false,
                                                                "Relation Name": "movie_info",
                                                                "Alias": "mi",
                                                                "Startup Cost": 4030.76,
                                                                "Total Cost": 177365.56,
                                                                "Plan Rows": 215010,
                                                                "Plan Width": 52,
                                                                "Actual Startup Time": 15.829,
                                                                "Actual Total Time": 39.965,
                                                                "Actual Rows": 121863,
                                                                "Actual Loops": 1,
                                                                "Recheck Cond": "(info_type_id = it1.id)",
                                                                "Rows Removed by Index Recheck": 0,
                                                                "Exact Heap Blocks": 4741,
                                                                "Lossy Heap Blocks": 0,
                                                                "Plans": [
                                                                    {
                                                                        "Node Type": "Bitmap Index Scan",
                                                                        "Parent Relationship": "Outer",
                                                                        "Parallel Aware": false,
                                                                        "Index Name": "info_type_id_movie_info",
                                                                        "Startup Cost": 0.0,
                                                                        "Total Cost": 3977.01,
                                                                        "Plan Rows": 215010,
                                                                        "Plan Width": 0,
                                                                        "Actual Startup Time": 14.42,
                                                                        "Actual Total Time": 14.42,
                                                                        "Actual Rows": 121863,
                                                                        "Actual Loops": 1,
                                                                        "Index Cond": "(info_type_id = it1.id)"
                                                                    }
                                                                ]
                                                            }
                                                        ]
                                                    },
                                                    {
                                                        "Node Type": "Hash",
                                                        "Parent Relationship": "Inner",
                                                        "Parallel Aware": false,
                                                        "Startup Cost": 21735.35,
                                                        "Total Cost": 21735.35,
                                                        "Plan Rows": 1380035,
                                                        "Plan Width": 13,
                                                        "Actual Startup Time": 355.139,
                                                        "Actual Total Time": 355.14,
                                                        "Actual Rows": 1380035,
                                                        "Actual Loops": 1,
                                                        "Hash Buckets": 2097152,
                                                        "Original Hash Buckets": 2097152,
                                                        "Hash Batches": 1,
                                                        "Original Hash Batches": 1,
                                                        "Peak Memory Usage": 79357,
                                                        "Plans": [
                                                            {
                                                                "Node Type": "Seq Scan",
                                                                "Parent Relationship": "Outer",
                                                                "Parallel Aware": false,
                                                                "Relation Name": "movie_info_idx",
                                                                "Alias": "mi_idx",
                                                                "Startup Cost": 0.0,
                                                                "Total Cost": 21735.35,
                                                                "Plan Rows": 1380035,
                                                                "Plan Width": 13,
                                                                "Actual Startup Time": 0.02,
                                                                "Actual Total Time": 148.673,
                                                                "Actual Rows": 1380035,
                                                                "Actual Loops": 1
                                                            }
                                                        ]
                                                    }
                                                ]
                                            },
                                            {
                                                "Node Type": "Hash",
                                                "Parent Relationship": "Inner",
                                                "Parallel Aware": false,
                                                "Startup Cost": 2.41,
                                                "Total Cost": 2.41,
                                                "Plan Rows": 1,
                                                "Plan Width": 4,
                                                "Actual Startup Time": 0.054,
                                                "Actual Total Time": 0.055,
                                                "Actual Rows": 1,
                                                "Actual Loops": 1,
                                                "Hash Buckets": 1024,
                                                "Original Hash Buckets": 1024,
                                                "Hash Batches": 1,
                                                "Original Hash Batches": 1,
                                                "Peak Memory Usage": 9,
                                                "Plans": [
                                                    {
                                                        "Node Type": "Seq Scan",
                                                        "Parent Relationship": "Outer",
                                                        "Parallel Aware": false,
                                                        "Relation Name": "info_type",
                                                        "Alias": "it2",
                                                        "Startup Cost": 0.0,
                                                        "Total Cost": 2.41,
                                                        "Plan Rows": 1,
                                                        "Plan Width": 4,
                                                        "Actual Startup Time": 0.043,
                                                        "Actual Total Time": 0.047,
                                                        "Actual Rows": 1,
                                                        "Actual Loops": 1,
                                                        "Filter": "((info)::text = 'votes'::text)",
                                                        "Rows Removed by Filter": 112
                                                    }
                                                ]
                                            }
                                        ]
                                    },
                                    {
                                        "Node Type": "Index Scan",
                                        "Parent Relationship": "Inner",
                                        "Parallel Aware": false,
                                        "Scan Direction": "Forward",
                                        "Index Name": "title_pkey",
                                        "Relation Name": "title",
                                        "Alias": "t",
                                        "Startup Cost": 0.43,
                                        "Total Cost": 0.46,
                                        "Plan Rows": 1,
                                        "Plan Width": 21,
                                        "Actual Startup Time": 0.004,
                                        "Actual Total Time": 0.004,
                                        "Actual Rows": 1,
                                        "Actual Loops": 45431,
                                        "Index Cond": "(id = mi.movie_id)",
                                        "Rows Removed by Index Recheck": 0
                                    }
                                ]
                            },
                            {
                                "Node Type": "Index Scan",
                                "Parent Relationship": "Inner",
                                "Parallel Aware": false,
                                "Scan Direction": "Forward",
                                "Index Name": "movie_id_cast_info",
                                "Relation Name": "cast_info",
                                "Alias": "ci",
                                "Startup Cost": 0.56,
                                "Total Cost": 1.4,
                                "Plan Rows": 2,
                                "Plan Width": 8,
                                "Actual Startup Time": 0.031,
                                "Actual Total Time": 0.051,
                                "Actual Rows": 2,
                                "Actual Loops": 45431,
                                "Index Cond": "(movie_id = mi.movie_id)",
                                "Rows Removed by Index Recheck": 0,
                                "Filter": "(note = ANY ('{(producer),\"(executive producer)\"}'::text[]))",
                                "Rows Removed by Filter": 38
                            }
                        ]
                    },
                    {
                        "Node Type": "Index Scan",
                        "Parent Relationship": "Inner",
                        "Parallel Aware": false,
                        "Scan Direction": "Forward",
                        "Index Name": "name_pkey",
                        "Relation Name": "name",
                        "Alias": "n",
                        "Startup Cost": 0.43,
                        "Total Cost": 0.56,
                        "Plan Rows": 1,
                        "Plan Width": 4,
                        "Actual Startup Time": 0.004,
                        "Actual Total Time": 0.004,
                        "Actual Rows": 0,
                        "Actual Loops": 107339,
                        "Index Cond": "(id = ci.person_id)",
                        "Rows Removed by Index Recheck": 0,
                        "Filter": "((name ~~ '%Tim%'::text) AND ((gender)::text = 'm'::text))",
                        "Rows Removed by Filter": 1
                    }
                ]
            }
        ]
    },
    "Planning Time": 2.278,
    "Triggers": [],
    "Execution Time": 3502.964
}