[
  {
    "Plan": {
      "Node Type": "Aggregate",
      "Strategy": "Plain",
      "Partial Mode": "Finalize",
      "Parallel Aware": false,
      "Startup Cost": 46851.43,
      "Total Cost": 46851.44,
      "Plan Rows": 1,
      "Plan Width": 8,
      "Actual Startup Time": 173.706,
      "Actual Total Time": 182.939,
      "Actual Rows": 1,
      "Actual Loops": 1,
      "Plans": [
        {
          "Node Type": "Gather",
          "Parent Relationship": "Outer",
          "Parallel Aware": false,
          "Startup Cost": 46851.11,
          "Total Cost": 46851.42,
          "Plan Rows": 3,
          "Plan Width": 8,
          "Actual Startup Time": 173.592,
          "Actual Total Time": 182.931,
          "Actual Rows": 4,
          "Actual Loops": 1,
          "Workers Planned": 3,
          "Workers Launched": 3,
          "Single Copy": false,
          "Plans": [
            {
              "Node Type": "Aggregate",
              "Strategy": "Plain",
              "Partial Mode": "Partial",
              "Parent Relationship": "Outer",
              "Parallel Aware": false,
              "Startup Cost": 45851.11,
              "Total Cost": 45851.12,
              "Plan Rows": 1,
              "Plan Width": 8,
              "Actual Startup Time": 165.056,
              "Actual Total Time": 165.075,
              "Actual Rows": 1,
              "Actual Loops": 4,
              "Plans": [
                {
                  "Node Type": "Seq Scan",
                  "Parent Relationship": "Outer",
                  "Parallel Aware": true,
                  "Relation Name": "movie_keyword",
                  "Alias": "mk",
                  "Startup Cost": 0.0,
                  "Total Cost": 42695.65,
                  "Plan Rows": 1262183,
                  "Plan Width": 0,
                  "Actual Startup Time": 0.059,
                  "Actual Total Time": 121.713,
                  "Actual Rows": 981360,
                  "Actual Loops": 4,
                  "Filter": "(keyword_id < 30685)",
                  "Rows Removed by Filter": 149622
                }
              ]
            }
          ]
        }
      ]
    },
    "Planning Time": 0.149,
    "Triggers": [],
    "Execution Time": 182.988
  }
]