[
  {
    "Plan": {
      "Node Type": "Aggregate",
      "Strategy": "Plain",
      "Partial Mode": "Finalize",
      "Parallel Aware": false,
      "Startup Cost": 93254.09,
      "Total Cost": 93254.1,
      "Plan Rows": 1,
      "Plan Width": 8,
      "Actual Startup Time": 406.864,
      "Actual Total Time": 421.094,
      "Actual Rows": 1,
      "Actual Loops": 1,
      "Plans": [
        {
          "Node Type": "Gather",
          "Parent Relationship": "Outer",
          "Parallel Aware": false,
          "Startup Cost": 93253.77,
          "Total Cost": 93254.08,
          "Plan Rows": 3,
          "Plan Width": 8,
          "Actual Startup Time": 401.378,
          "Actual Total Time": 421.084,
          "Actual Rows": 4,
          "Actual Loops": 1,
          "Workers Planned": 3,
          "Workers Launched": 3,
          "Single Copy": false,
          "Plans": [
            {
              "Node Type": "Aggregate",
              "Strategy": "Plain",
              "Partial Mode": "Partial",
              "Parent Relationship": "Outer",
              "Parallel Aware": false,
              "Startup Cost": 92253.77,
              "Total Cost": 92253.78,
              "Plan Rows": 1,
              "Plan Width": 8,
              "Actual Startup Time": 390.165,
              "Actual Total Time": 390.169,
              "Actual Rows": 1,
              "Actual Loops": 4,
              "Plans": [
                {
                  "Node Type": "Hash Join",
                  "Parent Relationship": "Outer",
                  "Parallel Aware": true,
                  "Join Type": "Inner",
                  "Startup Cost": 63942.15,
                  "Total Cost": 91901.57,
                  "Plan Rows": 140881,
                  "Plan Width": 0,
                  "Actual Startup Time": 280.752,
                  "Actual Total Time": 388.697,
                  "Actual Rows": 20694,
                  "Actual Loops": 4,
                  "Inner Unique": true,
                  "Hash Cond": "(mk.movie_id = t.id)",
                  "Plans": [
                    {
                      "Node Type": "Bitmap Heap Scan",
                      "Parent Relationship": "Outer",
                      "Parallel Aware": true,
                      "Relation Name": "movie_keyword",
                      "Alias": "mk",
                      "Startup Cost": 15240.54,
                      "Total Cost": 42591.57,
                      "Plan Rows": 231763,
                      "Plan Width": 4,
                      "Actual Startup Time": 42.628,
                      "Actual Total Time": 104.001,
                      "Actual Rows": 181442,
                      "Actual Loops": 4,
                      "Recheck Cond": "(keyword_id < 648)",
                      "Rows Removed by Index Recheck": 0,
                      "Exact Heap Blocks": 7156,
                      "Lossy Heap Blocks": 0,
                      "Plans": [
                        {
                          "Node Type": "Bitmap Index Scan",
                          "Parent Relationship": "Outer",
                          "Parallel Aware": false,
                          "Index Name": "keyword_id_movie_keyword",
                          "Startup Cost": 0.0,
                          "Total Cost": 15060.92,
                          "Plan Rows": 718465,
                          "Plan Width": 0,
                          "Actual Startup Time": 39.017,
                          "Actual Total Time": 39.018,
                          "Actual Rows": 725769,
                          "Actual Loops": 1,
                          "Index Cond": "(keyword_id < 648)"
                        }
                      ]
                    },
                    {
                      "Node Type": "Hash",
                      "Parent Relationship": "Inner",
                      "Parallel Aware": true,
                      "Startup Cost": 43898.92,
                      "Total Cost": 43898.92,
                      "Plan Rows": 384216,
                      "Plan Width": 4,
                      "Actual Startup Time": 230.649,
                      "Actual Total Time": 230.65,
                      "Actual Rows": 385816,
                      "Actual Loops": 4,
                      "Hash Buckets": 2097152,
                      "Original Hash Buckets": 2097152,
                      "Hash Batches": 1,
                      "Original Hash Batches": 1,
                      "Peak Memory Usage": 76864,
                      "Plans": [
                        {
                          "Node Type": "Seq Scan",
                          "Parent Relationship": "Outer",
                          "Parallel Aware": true,
                          "Relation Name": "title",
                          "Alias": "t",
                          "Startup Cost": 0.0,
                          "Total Cost": 43898.92,
                          "Plan Rows": 384216,
                          "Plan Width": 4,
                          "Actual Startup Time": 0.035,
                          "Actual Total Time": 101.285,
                          "Actual Rows": 385816,
                          "Actual Loops": 4,
                          "Filter": "(kind_id = 7)",
                          "Rows Removed by Filter": 246262
                        }
                      ]
                    }
                  ]
                }
              ]
            }
          ]
        }
      ]
    },
    "Planning Time": 0.65,
    "Triggers": [],
    "Execution Time": 421.185
  }
]