[
    {
        "Bao": {
            "Bao prediction": 453.143,
            "Bao recommended hint": "SET enable_mergejoin TO off; SET enable_indexscan TO off; "
        }
    },
    {
        "Plan": {
            "Node Type": "Aggregate",
            "Strategy": "Plain",
            "Partial Mode": "Finalize",
            "Parallel Aware": false,
            "Startup Cost": 345583.28,
            "Total Cost": 345583.29,
            "Plan Rows": 1,
            "Plan Width": 8,
            "Actual Startup Time": 735.373,
            "Actual Total Time": 776.027,
            "Actual Rows": 1,
            "Actual Loops": 1,
            "Output": [
                "count(*)"
            ],
            "Plans": [
                {
                    "Node Type": "Gather",
                    "Parent Relationship": "Outer",
                    "Parallel Aware": false,
                    "Startup Cost": 345582.65,
                    "Total Cost": 345583.26,
                    "Plan Rows": 6,
                    "Plan Width": 8,
                    "Actual Startup Time": 735.255,
                    "Actual Total Time": 776.019,
                    "Actual Rows": 7,
                    "Actual Loops": 1,
                    "Output": [
                        "(PARTIAL count(*))"
                    ],
                    "Workers Planned": 6,
                    "Workers Launched": 6,
                    "Single Copy": false,
                    "Plans": [
                        {
                            "Node Type": "Aggregate",
                            "Strategy": "Plain",
                            "Partial Mode": "Partial",
                            "Parent Relationship": "Outer",
                            "Parallel Aware": false,
                            "Startup Cost": 344582.65,
                            "Total Cost": 344582.66,
                            "Plan Rows": 1,
                            "Plan Width": 8,
                            "Actual Startup Time": 726.355,
                            "Actual Total Time": 726.356,
                            "Actual Rows": 1,
                            "Actual Loops": 7,
                            "Output": [
                                "PARTIAL count(*)"
                            ],
                            "Workers": [
                                {
                                    "Worker Number": 0,
                                    "Actual Startup Time": 724.284,
                                    "Actual Total Time": 724.285,
                                    "Actual Rows": 1,
                                    "Actual Loops": 1
                                },
                                {
                                    "Worker Number": 1,
                                    "Actual Startup Time": 724.446,
                                    "Actual Total Time": 724.447,
                                    "Actual Rows": 1,
                                    "Actual Loops": 1
                                },
                                {
                                    "Worker Number": 2,
                                    "Actual Startup Time": 724.877,
                                    "Actual Total Time": 724.878,
                                    "Actual Rows": 1,
                                    "Actual Loops": 1
                                },
                                {
                                    "Worker Number": 3,
                                    "Actual Startup Time": 725.181,
                                    "Actual Total Time": 725.182,
                                    "Actual Rows": 1,
                                    "Actual Loops": 1
                                },
                                {
                                    "Worker Number": 4,
                                    "Actual Startup Time": 725.426,
                                    "Actual Total Time": 725.427,
                                    "Actual Rows": 1,
                                    "Actual Loops": 1
                                },
                                {
                                    "Worker Number": 5,
                                    "Actual Startup Time": 725.562,
                                    "Actual Total Time": 725.564,
                                    "Actual Rows": 1,
                                    "Actual Loops": 1
                                }
                            ],
                            "Plans": [
                                {
                                    "Node Type": "Seq Scan",
                                    "Parent Relationship": "Outer",
                                    "Parallel Aware": true,
                                    "Relation Name": "cast_info",
                                    "Schema": "public",
                                    "Alias": "ci",
                                    "Startup Cost": 0.0,
                                    "Total Cost": 343318.94,
                                    "Plan Rows": 505484,
                                    "Plan Width": 0,
                                    "Actual Startup Time": 598.367,
                                    "Actual Total Time": 716.976,
                                    "Actual Rows": 150579,
                                    "Actual Loops": 7,
                                    "Output": [
                                        "id",
                                        "person_id",
                                        "movie_id",
                                        "person_role_id",
                                        "note",
                                        "nr_order",
                                        "role_id"
                                    ],
                                    "Filter": "((ci.person_id < 1932278) AND (ci.role_id > 8))",
                                    "Rows Removed by Filter": 5027184,
                                    "Workers": [
                                        {
                                            "Worker Number": 0,
                                            "Actual Startup Time": 596.305,
                                            "Actual Total Time": 715.025,
                                            "Actual Rows": 131066,
                                            "Actual Loops": 1
                                        },
                                        {
                                            "Worker Number": 1,
                                            "Actual Startup Time": 596.478,
                                            "Actual Total Time": 715.292,
                                            "Actual Rows": 129676,
                                            "Actual Loops": 1
                                        },
                                        {
                                            "Worker Number": 2,
                                            "Actual Startup Time": 596.864,
                                            "Actual Total Time": 715.584,
                                            "Actual Rows": 131490,
                                            "Actual Loops": 1
                                        },
                                        {
                                            "Worker Number": 3,
                                            "Actual Startup Time": 597.2,
                                            "Actual Total Time": 716.04,
                                            "Actual Rows": 129740,
                                            "Actual Loops": 1
                                        },
                                        {
                                            "Worker Number": 4,
                                            "Actual Startup Time": 597.447,
                                            "Actual Total Time": 716.37,
                                            "Actual Rows": 127953,
                                            "Actual Loops": 1
                                        },
                                        {
                                            "Worker Number": 5,
                                            "Actual Startup Time": 597.571,
                                            "Actual Total Time": 716.25,
                                            "Actual Rows": 131565,
                                            "Actual Loops": 1
                                        }
                                    ]
                                }
                            ]
                        }
                    ]
                }
            ]
        },
        "Planning Time": 1002.069,
        "Triggers": [],
        "Execution Time": 776.11
    }
]