{
  "Plan": {
    "Node Type": "Aggregate",
    "Strategy": "Plain",
    "Partial Mode": "Finalize",
    "Parallel Aware": false,
    "Startup Cost": 101516.46,
    "Total Cost": 101516.47,
    "Plan Rows": 1,
    "Plan Width": 8,
    "Actual Startup Time": 506.445,
    "Actual Total Time": 519.059,
    "Actual Rows": 1,
    "Actual Loops": 1,
    "Plans": [
      {
        "Node Type": "Gather",
        "Parent Relationship": "Outer",
        "Parallel Aware": false,
        "Startup Cost": 101516.35,
        "Total Cost": 101516.46,
        "Plan Rows": 1,
        "Plan Width": 8,
        "Actual Startup Time": 505.091,
        "Actual Total Time": 519.051,
        "Actual Rows": 2,
        "Actual Loops": 1,
        "Workers Planned": 1,
        "Workers Launched": 1,
        "Single Copy": false,
        "Plans": [
          {
            "Node Type": "Aggregate",
            "Strategy": "Plain",
            "Partial Mode": "Partial",
            "Parent Relationship": "Outer",
            "Parallel Aware": false,
            "Startup Cost": 100516.35,
            "Total Cost": 100516.36,
            "Plan Rows": 1,
            "Plan Width": 8,
            "Actual Startup Time": 498.749,
            "Actual Total Time": 498.753,
            "Actual Rows": 1,
            "Actual Loops": 2,
            "Plans": [
              {
                "Node Type": "Hash Join",
                "Parent Relationship": "Outer",
                "Parallel Aware": true,
                "Join Type": "Inner",
                "Startup Cost": 38641.93,
                "Total Cost": 100028.48,
                "Plan Rows": 195146,
                "Plan Width": 0,
                "Actual Startup Time": 178.948,
                "Actual Total Time": 495.341,
                "Actual Rows": 73026,
                "Actual Loops": 2,
                "Inner Unique": false,
                "Hash Cond": "(t.id = mc.movie_id)",
                "Plans": [
                  {
                    "Node Type": "Seq Scan",
                    "Parent Relationship": "Outer",
                    "Parallel Aware": true,
                    "Relation Name": "title",
                    "Alias": "t",
                    "Startup Cost": 0.0,
                    "Total Cost": 54588.39,
                    "Plan Rows": 904038,
                    "Plan Width": 4,
                    "Actual Startup Time": 0.013,
                    "Actual Total Time": 144.286,
                    "Actual Rows": 771632,
                    "Actual Loops": 2,
                    "Filter": "(kind_id = 7)",
                    "Rows Removed by Filter": 492524
                  },
                  {
                    "Node Type": "Hash",
                    "Parent Relationship": "Inner",
                    "Parallel Aware": true,
                    "Startup Cost": 34629.0,
                    "Total Cost": 34629.0,
                    "Plan Rows": 321035,
                    "Plan Width": 4,
                    "Actual Startup Time": 170.218,
                    "Actual Total Time": 170.22,
                    "Actual Rows": 279344,
                    "Actual Loops": 2,
                    "Hash Buckets": 1048576,
                    "Original Hash Buckets": 1048576,
                    "Hash Batches": 1,
                    "Original Hash Batches": 1,
                    "Peak Memory Usage": 30080,
                    "Plans": [
                      {
                        "Node Type": "Bitmap Heap Scan",
                        "Parent Relationship": "Outer",
                        "Parallel Aware": true,
                        "Relation Name": "movie_companies",
                        "Alias": "mc",
                        "Startup Cost": 11826.06,
                        "Total Cost": 34629.0,
                        "Plan Rows": 321035,
                        "Plan Width": 4,
                        "Actual Startup Time": 41.513,
                        "Actual Total Time": 93.458,
                        "Actual Rows": 279344,
                        "Actual Loops": 2,
                        "Recheck Cond": "(company_id > 71653)",
                        "Rows Removed by Index Recheck": 0,
                        "Exact Heap Blocks": 4562,
                        "Lossy Heap Blocks": 0,
                        "Plans": [
                          {
                            "Node Type": "Bitmap Index Scan",
                            "Parent Relationship": "Outer",
                            "Parallel Aware": false,
                            "Index Name": "company_id_movie_companies",
                            "Startup Cost": 0.0,
                            "Total Cost": 11689.62,
                            "Plan Rows": 545759,
                            "Plan Width": 0,
                            "Actual Startup Time": 40.437,
                            "Actual Total Time": 40.437,
                            "Actual Rows": 558687,
                            "Actual Loops": 1,
                            "Index Cond": "(company_id > 71653)"
                          }
                        ]
                      }
                    ]
                  }
                ]
              }
            ]
          }
        ]
      }
    ]
  },
  "Planning Time": 0.627,
  "Triggers": [],
  "Execution Time": 519.152
}