[
  {
    "Plan": {
      "Node Type": "Aggregate",
      "Strategy": "Plain",
      "Partial Mode": "Finalize",
      "Parallel Aware": false,
      "Startup Cost": 62149.96,
      "Total Cost": 62149.97,
      "Plan Rows": 1,
      "Plan Width": 8,
      "Actual Startup Time": 434.904,
      "Actual Total Time": 460.999,
      "Actual Rows": 1,
      "Actual Loops": 1,
      "Plans": [
        {
          "Node Type": "Gather",
          "Parent Relationship": "Outer",
          "Parallel Aware": false,
          "Startup Cost": 62149.74,
          "Total Cost": 62149.95,
          "Plan Rows": 2,
          "Plan Width": 8,
          "Actual Startup Time": 432.245,
          "Actual Total Time": 460.979,
          "Actual Rows": 3,
          "Actual Loops": 1,
          "Workers Planned": 2,
          "Workers Launched": 2,
          "Single Copy": false,
          "Plans": [
            {
              "Node Type": "Aggregate",
              "Strategy": "Plain",
              "Partial Mode": "Partial",
              "Parent Relationship": "Outer",
              "Parallel Aware": false,
              "Startup Cost": 61149.74,
              "Total Cost": 61149.75,
              "Plan Rows": 1,
              "Plan Width": 8,
              "Actual Startup Time": 424.627,
              "Actual Total Time": 424.633,
              "Actual Rows": 1,
              "Actual Loops": 3,
              "Plans": [
                {
                  "Node Type": "Hash Join",
                  "Parent Relationship": "Outer",
                  "Parallel Aware": true,
                  "Join Type": "Inner",
                  "Startup Cost": 45881.97,
                  "Total Cost": 61076.53,
                  "Plan Rows": 29284,
                  "Plan Width": 0,
                  "Actual Startup Time": 312.781,
                  "Actual Total Time": 419.81,
                  "Actual Rows": 71513,
                  "Actual Loops": 3,
                  "Inner Unique": true,
                  "Hash Cond": "(mi_idx.movie_id = t.id)",
                  "Plans": [
                    {
                      "Node Type": "Seq Scan",
                      "Parent Relationship": "Outer",
                      "Parallel Aware": true,
                      "Relation Name": "movie_info_idx",
                      "Alias": "mi_idx",
                      "Startup Cost": 0.0,
                      "Total Cost": 13685.15,
                      "Plan Rows": 575015,
                      "Plan Width": 4,
                      "Actual Startup Time": 0.018,
                      "Actual Total Time": 64.173,
                      "Actual Rows": 460012,
                      "Actual Loops": 3
                    },
                    {
                      "Node Type": "Hash",
                      "Parent Relationship": "Inner",
                      "Parallel Aware": true,
                      "Startup Cost": 45479.59,
                      "Total Cost": 45479.59,
                      "Plan Rows": 32191,
                      "Plan Width": 4,
                      "Actual Startup Time": 251.267,
                      "Actual Total Time": 251.268,
                      "Actual Rows": 89912,
                      "Actual Loops": 3,
                      "Hash Buckets": 524288,
                      "Original Hash Buckets": 131072,
                      "Hash Batches": 1,
                      "Original Hash Batches": 1,
                      "Peak Memory Usage": 17792,
                      "Plans": [
                        {
                          "Node Type": "Seq Scan",
                          "Parent Relationship": "Outer",
                          "Parallel Aware": true,
                          "Relation Name": "title",
                          "Alias": "t",
                          "Startup Cost": 0.0,
                          "Total Cost": 45479.59,
                          "Plan Rows": 32191,
                          "Plan Width": 4,
                          "Actual Startup Time": 103.114,
                          "Actual Total Time": 185.704,
                          "Actual Rows": 89912,
                          "Actual Loops": 3,
                          "Filter": "((production_year < 1980) AND (kind_id = 1))",
                          "Rows Removed by Filter": 752859
                        }
                      ]
                    }
                  ]
                }
              ]
            }
          ]
        }
      ]
    },
    "Planning Time": 0.556,
    "Triggers": [],
    "Execution Time": 461.077
  }
]