[
  {
    "Plan": {
      "Node Type": "Aggregate",
      "Strategy": "Plain",
      "Partial Mode": "Finalize",
      "Parallel Aware": false,
      "Startup Cost": 62157.55,
      "Total Cost": 62157.56,
      "Plan Rows": 1,
      "Plan Width": 8,
      "Actual Startup Time": 266.093,
      "Actual Total Time": 279.212,
      "Actual Rows": 1,
      "Actual Loops": 1,
      "Plans": [
        {
          "Node Type": "Gather",
          "Parent Relationship": "Outer",
          "Parallel Aware": false,
          "Startup Cost": 62157.34,
          "Total Cost": 62157.55,
          "Plan Rows": 2,
          "Plan Width": 8,
          "Actual Startup Time": 264.684,
          "Actual Total Time": 279.205,
          "Actual Rows": 3,
          "Actual Loops": 1,
          "Workers Planned": 2,
          "Workers Launched": 2,
          "Single Copy": false,
          "Plans": [
            {
              "Node Type": "Aggregate",
              "Strategy": "Plain",
              "Partial Mode": "Partial",
              "Parent Relationship": "Outer",
              "Parallel Aware": false,
              "Startup Cost": 61157.34,
              "Total Cost": 61157.35,
              "Plan Rows": 1,
              "Plan Width": 8,
              "Actual Startup Time": 255.61,
              "Actual Total Time": 255.613,
              "Actual Rows": 1,
              "Actual Loops": 3,
              "Plans": [
                {
                  "Node Type": "Hash Join",
                  "Parent Relationship": "Outer",
                  "Parallel Aware": true,
                  "Join Type": "Inner",
                  "Startup Cost": 45888.32,
                  "Total Cost": 61082.88,
                  "Plan Rows": 29782,
                  "Plan Width": 0,
                  "Actual Startup Time": 196.334,
                  "Actual Total Time": 252.635,
                  "Actual Rows": 71513,
                  "Actual Loops": 3,
                  "Inner Unique": true,
                  "Hash Cond": "(mi_idx.movie_id = t.id)",
                  "Plans": [
                    {
                      "Node Type": "Seq Scan",
                      "Parent Relationship": "Outer",
                      "Parallel Aware": true,
                      "Relation Name": "movie_info_idx",
                      "Alias": "mi_idx",
                      "Startup Cost": 0.0,
                      "Total Cost": 13685.15,
                      "Plan Rows": 575015,
                      "Plan Width": 4,
                      "Actual Startup Time": 0.022,
                      "Actual Total Time": 35.262,
                      "Actual Rows": 460012,
                      "Actual Loops": 3
                    },
                    {
                      "Node Type": "Hash",
                      "Parent Relationship": "Inner",
                      "Parallel Aware": true,
                      "Startup Cost": 45479.1,
                      "Total Cost": 45479.1,
                      "Plan Rows": 32738,
                      "Plan Width": 4,
                      "Actual Startup Time": 161.543,
                      "Actual Total Time": 161.543,
                      "Actual Rows": 89912,
                      "Actual Loops": 3,
                      "Hash Buckets": 524288,
                      "Original Hash Buckets": 131072,
                      "Hash Batches": 1,
                      "Original Hash Batches": 1,
                      "Peak Memory Usage": 17792,
                      "Plans": [
                        {
                          "Node Type": "Seq Scan",
                          "Parent Relationship": "Outer",
                          "Parallel Aware": true,
                          "Relation Name": "title",
                          "Alias": "t",
                          "Startup Cost": 0.0,
                          "Total Cost": 45479.1,
                          "Plan Rows": 32738,
                          "Plan Width": 4,
                          "Actual Startup Time": 78.315,
                          "Actual Total Time": 126.567,
                          "Actual Rows": 89912,
                          "Actual Loops": 3,
                          "Filter": "((production_year < 1980) AND (kind_id = 1))",
                          "Rows Removed by Filter": 752859
                        }
                      ]
                    }
                  ]
                }
              ]
            }
          ]
        }
      ]
    },
    "Planning Time": 0.682,
    "Triggers": [],
    "Execution Time": 279.295
  }
]