[
  {
    "Plan": {
      "Node Type": "Aggregate",
      "Strategy": "Plain",
      "Partial Mode": "Finalize",
      "Parallel Aware": false,
      "Startup Cost": 33230.51,
      "Total Cost": 33230.52,
      "Plan Rows": 1,
      "Plan Width": 8,
      "Actual Startup Time": 105.297,
      "Actual Total Time": 113.057,
      "Actual Rows": 1,
      "Actual Loops": 1,
      "Plans": [
        {
          "Node Type": "Gather",
          "Parent Relationship": "Outer",
          "Parallel Aware": false,
          "Startup Cost": 33230.19,
          "Total Cost": 33230.5,
          "Plan Rows": 3,
          "Plan Width": 8,
          "Actual Startup Time": 105.183,
          "Actual Total Time": 113.049,
          "Actual Rows": 4,
          "Actual Loops": 1,
          "Workers Planned": 3,
          "Workers Launched": 3,
          "Single Copy": false,
          "Plans": [
            {
              "Node Type": "Aggregate",
              "Strategy": "Plain",
              "Partial Mode": "Partial",
              "Parent Relationship": "Outer",
              "Parallel Aware": false,
              "Startup Cost": 32230.19,
              "Total Cost": 32230.2,
              "Plan Rows": 1,
              "Plan Width": 8,
              "Actual Startup Time": 96.861,
              "Actual Total Time": 96.862,
              "Actual Rows": 1,
              "Actual Loops": 4,
              "Plans": [
                {
                  "Node Type": "Seq Scan",
                  "Parent Relationship": "Outer",
                  "Parallel Aware": true,
                  "Relation Name": "movie_companies",
                  "Alias": "mc",
                  "Startup Cost": 0.0,
                  "Total Cost": 31414.82,
                  "Plan Rows": 326148,
                  "Plan Width": 0,
                  "Actual Startup Time": 49.824,
                  "Actual Total Time": 85.69,
                  "Actual Rows": 290588,
                  "Actual Loops": 4,
                  "Filter": "((company_id > 741) AND (company_type_id = 2))",
                  "Rows Removed by Filter": 361694
                }
              ]
            }
          ]
        }
      ]
    },
    "Planning Time": 0.19,
    "Triggers": [],
    "Execution Time": 113.105
  }
]