[
  {
    "Plan": {
      "Node Type": "Aggregate",
      "Strategy": "Plain",
      "Partial Mode": "Finalize",
      "Parallel Aware": false,
      "Startup Cost": 46757.74,
      "Total Cost": 46757.75,
      "Plan Rows": 1,
      "Plan Width": 8,
      "Actual Startup Time": 197.633,
      "Actual Total Time": 208.216,
      "Actual Rows": 1,
      "Actual Loops": 1,
      "Plans": [
        {
          "Node Type": "Gather",
          "Parent Relationship": "Outer",
          "Parallel Aware": false,
          "Startup Cost": 46757.42,
          "Total Cost": 46757.73,
          "Plan Rows": 3,
          "Plan Width": 8,
          "Actual Startup Time": 197.508,
          "Actual Total Time": 208.206,
          "Actual Rows": 4,
          "Actual Loops": 1,
          "Workers Planned": 3,
          "Workers Launched": 3,
          "Single Copy": false,
          "Plans": [
            {
              "Node Type": "Aggregate",
              "Strategy": "Plain",
              "Partial Mode": "Partial",
              "Parent Relationship": "Outer",
              "Parallel Aware": false,
              "Startup Cost": 45757.42,
              "Total Cost": 45757.43,
              "Plan Rows": 1,
              "Plan Width": 8,
              "Actual Startup Time": 190.424,
              "Actual Total Time": 190.425,
              "Actual Rows": 1,
              "Actual Loops": 4,
              "Plans": [
                {
                  "Node Type": "Seq Scan",
                  "Parent Relationship": "Outer",
                  "Parallel Aware": true,
                  "Relation Name": "movie_keyword",
                  "Alias": "mk",
                  "Startup Cost": 0.0,
                  "Total Cost": 42695.65,
                  "Plan Rows": 1224707,
                  "Plan Width": 0,
                  "Actual Startup Time": 0.118,
                  "Actual Total Time": 141.406,
                  "Actual Rows": 947254,
                  "Actual Loops": 4,
                  "Filter": "(keyword_id > 658)",
                  "Rows Removed by Filter": 183728
                }
              ]
            }
          ]
        }
      ]
    },
    "Planning Time": 0.182,
    "Triggers": [],
    "Execution Time": 208.278
  }
]