[
  {
    "Plan": {
      "Node Type": "Aggregate",
      "Strategy": "Plain",
      "Partial Mode": "Finalize",
      "Parallel Aware": false,
      "Startup Cost": 389714.23,
      "Total Cost": 389714.24,
      "Plan Rows": 1,
      "Plan Width": 8,
      "Actual Startup Time": 597.238,
      "Actual Total Time": 624.205,
      "Actual Rows": 1,
      "Actual Loops": 1,
      "Plans": [
        {
          "Node Type": "Gather",
          "Parent Relationship": "Outer",
          "Parallel Aware": false,
          "Startup Cost": 389713.61,
          "Total Cost": 389714.22,
          "Plan Rows": 6,
          "Plan Width": 8,
          "Actual Startup Time": 588.251,
          "Actual Total Time": 624.19,
          "Actual Rows": 7,
          "Actual Loops": 1,
          "Workers Planned": 6,
          "Workers Launched": 6,
          "Single Copy": false,
          "Plans": [
            {
              "Node Type": "Aggregate",
              "Strategy": "Plain",
              "Partial Mode": "Partial",
              "Parent Relationship": "Outer",
              "Parallel Aware": false,
              "Startup Cost": 388713.61,
              "Total Cost": 388713.62,
              "Plan Rows": 1,
              "Plan Width": 8,
              "Actual Startup Time": 578.62,
              "Actual Total Time": 578.626,
              "Actual Rows": 1,
              "Actual Loops": 7,
              "Plans": [
                {
                  "Node Type": "Hash Join",
                  "Parent Relationship": "Outer",
                  "Parallel Aware": true,
                  "Join Type": "Inner",
                  "Startup Cost": 125682.2,
                  "Total Cost": 388366.67,
                  "Plan Rows": 138775,
                  "Plan Width": 0,
                  "Actual Startup Time": 463.363,
                  "Actual Total Time": 575.249,
                  "Actual Rows": 57004,
                  "Actual Loops": 7,
                  "Inner Unique": true,
                  "Hash Cond": "(ci.movie_id = t.id)",
                  "Plans": [
                    {
                      "Node Type": "Bitmap Heap Scan",
                      "Parent Relationship": "Outer",
                      "Parallel Aware": true,
                      "Relation Name": "cast_info",
                      "Alias": "ci",
                      "Startup Cost": 78962.51,
                      "Total Cost": 340626.44,
                      "Plan Rows": 388781,
                      "Plan Width": 4,
                      "Actual Startup Time": 310.523,
                      "Actual Total Time": 365.615,
                      "Actual Rows": 148479,
                      "Actual Loops": 7,
                      "Recheck Cond": "(person_id < 356575)",
                      "Rows Removed by Index Recheck": 0,
                      "Filter": "(role_id > 1)",
                      "Rows Removed by Filter": 382462,
                      "Exact Heap Blocks": 6114,
                      "Lossy Heap Blocks": 0,
                      "Plans": [
                        {
                          "Node Type": "Bitmap Index Scan",
                          "Parent Relationship": "Outer",
                          "Parallel Aware": false,
                          "Index Name": "person_id_cast_info",
                          "Startup Cost": 0.0,
                          "Total Cost": 78379.34,
                          "Plan Rows": 3590770,
                          "Plan Width": 0,
                          "Actual Startup Time": 210.08,
                          "Actual Total Time": 210.083,
                          "Actual Rows": 3716586,
                          "Actual Loops": 1,
                          "Index Cond": "(person_id < 356575)"
                        }
                      ]
                    },
                    {
                      "Node Type": "Hash",
                      "Parent Relationship": "Inner",
                      "Parallel Aware": true,
                      "Startup Cost": 43899.32,
                      "Total Cost": 43899.32,
                      "Plan Rows": 225629,
                      "Plan Width": 4,
                      "Actual Startup Time": 150.661,
                      "Actual Total Time": 150.662,
                      "Actual Rows": 129213,
                      "Actual Loops": 7,
                      "Hash Buckets": 1048576,
                      "Original Hash Buckets": 1048576,
                      "Hash Batches": 1,
                      "Original Hash Batches": 1,
                      "Peak Memory Usage": 43712,
                      "Plans": [
                        {
                          "Node Type": "Seq Scan",
                          "Parent Relationship": "Outer",
                          "Parallel Aware": true,
                          "Relation Name": "title",
                          "Alias": "t",
                          "Startup Cost": 0.0,
                          "Total Cost": 43899.32,
                          "Plan Rows": 225629,
                          "Plan Width": 4,
                          "Actual Startup Time": 0.041,
                          "Actual Total Time": 84.048,
                          "Actual Rows": 129213,
                          "Actual Loops": 7,
                          "Filter": "(production_year > 2006)",
                          "Rows Removed by Filter": 231974
                        }
                      ]
                    }
                  ]
                }
              ]
            }
          ]
        }
      ]
    },
    "Planning Time": 0.647,
    "Triggers": [],
    "Execution Time": 624.272
  }
]