{
  "Plan": {
    "Node Type": "Aggregate",
    "Strategy": "Plain",
    "Partial Mode": "Finalize",
    "Parallel Aware": false,
    "Startup Cost": 76286.17,
    "Total Cost": 76286.18,
    "Plan Rows": 1,
    "Plan Width": 8,
    "Actual Startup Time": 156.791,
    "Actual Total Time": 172.275,
    "Actual Rows": 1,
    "Actual Loops": 1,
    "Plans": [
      {
        "Node Type": "Gather",
        "Parent Relationship": "Outer",
        "Parallel Aware": false,
        "Startup Cost": 76286.06,
        "Total Cost": 76286.17,
        "Plan Rows": 1,
        "Plan Width": 8,
        "Actual Startup Time": 156.657,
        "Actual Total Time": 172.268,
        "Actual Rows": 2,
        "Actual Loops": 1,
        "Workers Planned": 1,
        "Workers Launched": 1,
        "Single Copy": false,
        "Plans": [
          {
            "Node Type": "Aggregate",
            "Strategy": "Plain",
            "Partial Mode": "Partial",
            "Parent Relationship": "Outer",
            "Parallel Aware": false,
            "Startup Cost": 75286.06,
            "Total Cost": 75286.07,
            "Plan Rows": 1,
            "Plan Width": 8,
            "Actual Startup Time": 151.275,
            "Actual Total Time": 151.276,
            "Actual Rows": 1,
            "Actual Loops": 2,
            "Plans": [
              {
                "Node Type": "Nested Loop",
                "Parent Relationship": "Outer",
                "Parallel Aware": false,
                "Join Type": "Inner",
                "Startup Cost": 0.43,
                "Total Cost": 75282.56,
                "Plan Rows": 1401,
                "Plan Width": 0,
                "Actual Startup Time": 3.303,
                "Actual Total Time": 151.096,
                "Actual Rows": 2310,
                "Actual Loops": 2,
                "Inner Unique": false,
                "Plans": [
                  {
                    "Node Type": "Seq Scan",
                    "Parent Relationship": "Outer",
                    "Parallel Aware": true,
                    "Relation Name": "title",
                    "Alias": "t",
                    "Startup Cost": 0.0,
                    "Total Cost": 58306.47,
                    "Plan Rows": 2566,
                    "Plan Width": 4,
                    "Actual Startup Time": 0.75,
                    "Actual Total Time": 137.269,
                    "Actual Rows": 2170,
                    "Actual Loops": 2,
                    "Filter": "((kind_id < 7) AND (production_year = 1961))",
                    "Rows Removed by Filter": 1261986
                  },
                  {
                    "Node Type": "Index Only Scan",
                    "Parent Relationship": "Inner",
                    "Parallel Aware": false,
                    "Scan Direction": "Forward",
                    "Index Name": "movie_id_movie_info_idx",
                    "Relation Name": "movie_info_idx",
                    "Alias": "mi_idx",
                    "Startup Cost": 0.43,
                    "Total Cost": 6.59,
                    "Plan Rows": 3,
                    "Plan Width": 4,
                    "Actual Startup Time": 0.006,
                    "Actual Total Time": 0.006,
                    "Actual Rows": 1,
                    "Actual Loops": 4339,
                    "Index Cond": "(movie_id = t.id)",
                    "Rows Removed by Index Recheck": 0,
                    "Heap Fetches": 4619
                  }
                ]
              }
            ]
          }
        ]
      }
    ]
  },
  "Planning Time": 0.442,
  "Triggers": [],
  "Execution Time": 172.346
}