[
  {
    "Plan": {
      "Node Type": "Aggregate",
      "Strategy": "Plain",
      "Partial Mode": "Finalize",
      "Parallel Aware": false,
      "Startup Cost": 33405.5,
      "Total Cost": 33405.51,
      "Plan Rows": 1,
      "Plan Width": 8,
      "Actual Startup Time": 110.982,
      "Actual Total Time": 119.029,
      "Actual Rows": 1,
      "Actual Loops": 1,
      "Plans": [
        {
          "Node Type": "Gather",
          "Parent Relationship": "Outer",
          "Parallel Aware": false,
          "Startup Cost": 33405.18,
          "Total Cost": 33405.49,
          "Plan Rows": 3,
          "Plan Width": 8,
          "Actual Startup Time": 110.899,
          "Actual Total Time": 119.014,
          "Actual Rows": 4,
          "Actual Loops": 1,
          "Workers Planned": 3,
          "Workers Launched": 3,
          "Single Copy": false,
          "Plans": [
            {
              "Node Type": "Aggregate",
              "Strategy": "Plain",
              "Partial Mode": "Partial",
              "Parent Relationship": "Outer",
              "Parallel Aware": false,
              "Startup Cost": 32405.18,
              "Total Cost": 32405.19,
              "Plan Rows": 1,
              "Plan Width": 8,
              "Actual Startup Time": 102.434,
              "Actual Total Time": 102.435,
              "Actual Rows": 1,
              "Actual Loops": 4,
              "Plans": [
                {
                  "Node Type": "Seq Scan",
                  "Parent Relationship": "Outer",
                  "Parallel Aware": true,
                  "Relation Name": "movie_companies",
                  "Alias": "mc",
                  "Startup Cost": 0.0,
                  "Total Cost": 31414.82,
                  "Plan Rows": 396146,
                  "Plan Width": 0,
                  "Actual Startup Time": 51.187,
                  "Actual Total Time": 90.061,
                  "Actual Rows": 287380,
                  "Actual Loops": 4,
                  "Filter": "((company_id < 118415) AND (company_type_id > 1))",
                  "Rows Removed by Filter": 364902
                }
              ]
            }
          ]
        }
      ]
    },
    "Planning Time": 0.195,
    "Triggers": [],
    "Execution Time": 119.084
  }
]