{
  "Plan": {
    "Node Type": "Aggregate",
    "Strategy": "Plain",
    "Partial Mode": "Finalize",
    "Parallel Aware": false,
    "Startup Cost": 86023.4,
    "Total Cost": 86023.41,
    "Plan Rows": 1,
    "Plan Width": 8,
    "Actual Startup Time": 361.553,
    "Actual Total Time": 398.089,
    "Actual Rows": 1,
    "Actual Loops": 1,
    "Plans": [
      {
        "Node Type": "Gather",
        "Parent Relationship": "Outer",
        "Parallel Aware": false,
        "Startup Cost": 86023.29,
        "Total Cost": 86023.4,
        "Plan Rows": 1,
        "Plan Width": 8,
        "Actual Startup Time": 360.917,
        "Actual Total Time": 398.081,
        "Actual Rows": 2,
        "Actual Loops": 1,
        "Workers Planned": 1,
        "Workers Launched": 1,
        "Single Copy": false,
        "Plans": [
          {
            "Node Type": "Aggregate",
            "Strategy": "Plain",
            "Partial Mode": "Partial",
            "Parent Relationship": "Outer",
            "Parallel Aware": false,
            "Startup Cost": 85023.29,
            "Total Cost": 85023.3,
            "Plan Rows": 1,
            "Plan Width": 8,
            "Actual Startup Time": 354.985,
            "Actual Total Time": 354.989,
            "Actual Rows": 1,
            "Actual Loops": 2,
            "Plans": [
              {
                "Node Type": "Nested Loop",
                "Parent Relationship": "Outer",
                "Parallel Aware": false,
                "Join Type": "Inner",
                "Startup Cost": 58412.37,
                "Total Cost": 85016.21,
                "Plan Rows": 2829,
                "Plan Width": 0,
                "Actual Startup Time": 155.241,
                "Actual Total Time": 353.29,
                "Actual Rows": 29158,
                "Actual Loops": 2,
                "Inner Unique": false,
                "Join Filter": "(t.id = mi.movie_id)",
                "Rows Removed by Join Filter": 0,
                "Plans": [
                  {
                    "Node Type": "Hash Join",
                    "Parent Relationship": "Outer",
                    "Parallel Aware": true,
                    "Join Type": "Inner",
                    "Startup Cost": 58411.93,
                    "Total Cost": 77923.18,
                    "Plan Rows": 3088,
                    "Plan Width": 8,
                    "Actual Startup Time": 155.041,
                    "Actual Total Time": 257.944,
                    "Actual Rows": 5382,
                    "Actual Loops": 2,
                    "Inner Unique": true,
                    "Hash Cond": "(mi_idx.movie_id = t.id)",
                    "Plans": [
                      {
                        "Node Type": "Seq Scan",
                        "Parent Relationship": "Outer",
                        "Parallel Aware": true,
                        "Relation Name": "movie_info_idx",
                        "Alias": "mi_idx",
                        "Startup Cost": 0.0,
                        "Total Cost": 18082.32,
                        "Plan Rows": 544356,
                        "Plan Width": 4,
                        "Actual Startup Time": 0.023,
                        "Actual Total Time": 63.951,
                        "Actual Rows": 460055,
                        "Actual Loops": 2,
                        "Filter": "(info_type_id > 99)",
                        "Rows Removed by Filter": 229962
                      },
                      {
                        "Node Type": "Hash",
                        "Parent Relationship": "Inner",
                        "Parallel Aware": true,
                        "Startup Cost": 58306.47,
                        "Total Cost": 58306.47,
                        "Plan Rows": 8437,
                        "Plan Width": 4,
                        "Actual Startup Time": 153.541,
                        "Actual Total Time": 153.542,
                        "Actual Rows": 6104,
                        "Actual Loops": 2,
                        "Hash Buckets": 16384,
                        "Original Hash Buckets": 16384,
                        "Hash Batches": 1,
                        "Original Hash Batches": 1,
                        "Peak Memory Usage": 640,
                        "Plans": [
                          {
                            "Node Type": "Seq Scan",
                            "Parent Relationship": "Outer",
                            "Parallel Aware": true,
                            "Relation Name": "title",
                            "Alias": "t",
                            "Startup Cost": 0.0,
                            "Total Cost": 58306.47,
                            "Plan Rows": 8437,
                            "Plan Width": 4,
                            "Actual Startup Time": 0.115,
                            "Actual Total Time": 151.263,
                            "Actual Rows": 6104,
                            "Actual Loops": 2,
                            "Filter": "((kind_id < 7) AND (production_year = 1996))",
                            "Rows Removed by Filter": 1258052
                          }
                        ]
                      }
                    ]
                  },
                  {
                    "Node Type": "Index Scan",
                    "Parent Relationship": "Inner",
                    "Parallel Aware": false,
                    "Scan Direction": "Forward",
                    "Index Name": "movie_id_movie_info",
                    "Relation Name": "movie_info",
                    "Alias": "mi",
                    "Startup Cost": 0.43,
                    "Total Cost": 2.21,
                    "Plan Rows": 7,
                    "Plan Width": 4,
                    "Actual Startup Time": 0.009,
                    "Actual Total Time": 0.017,
                    "Actual Rows": 5,
                    "Actual Loops": 10764,
                    "Index Cond": "(movie_id = mi_idx.movie_id)",
                    "Rows Removed by Index Recheck": 0,
                    "Filter": "(info_type_id > 16)",
                    "Rows Removed by Filter": 13
                  }
                ]
              }
            ]
          }
        ]
      }
    ]
  },
  "Planning Time": 1.009,
  "Triggers": [],
  "Execution Time": 398.184
}