[
  {
    "Plan": {
      "Node Type": "Aggregate",
      "Strategy": "Plain",
      "Partial Mode": "Finalize",
      "Parallel Aware": false,
      "Startup Cost": 81237.1,
      "Total Cost": 81237.11,
      "Plan Rows": 1,
      "Plan Width": 8,
      "Actual Startup Time": 338.593,
      "Actual Total Time": 352.683,
      "Actual Rows": 1,
      "Actual Loops": 1,
      "Plans": [
        {
          "Node Type": "Gather",
          "Parent Relationship": "Outer",
          "Parallel Aware": false,
          "Startup Cost": 81236.78,
          "Total Cost": 81237.09,
          "Plan Rows": 3,
          "Plan Width": 8,
          "Actual Startup Time": 335.096,
          "Actual Total Time": 352.674,
          "Actual Rows": 4,
          "Actual Loops": 1,
          "Workers Planned": 3,
          "Workers Launched": 3,
          "Single Copy": false,
          "Plans": [
            {
              "Node Type": "Aggregate",
              "Strategy": "Plain",
              "Partial Mode": "Partial",
              "Parent Relationship": "Outer",
              "Parallel Aware": false,
              "Startup Cost": 80236.78,
              "Total Cost": 80236.79,
              "Plan Rows": 1,
              "Plan Width": 8,
              "Actual Startup Time": 326.977,
              "Actual Total Time": 326.981,
              "Actual Rows": 1,
              "Actual Loops": 4,
              "Plans": [
                {
                  "Node Type": "Hash Join",
                  "Parent Relationship": "Outer",
                  "Parallel Aware": true,
                  "Join Type": "Inner",
                  "Startup Cost": 48434.02,
                  "Total Cost": 80134.91,
                  "Plan Rows": 40749,
                  "Plan Width": 0,
                  "Actual Startup Time": 211.181,
                  "Actual Total Time": 323.968,
                  "Actual Rows": 54454,
                  "Actual Loops": 4,
                  "Inner Unique": true,
                  "Hash Cond": "(mc.movie_id = t.id)",
                  "Plans": [
                    {
                      "Node Type": "Seq Scan",
                      "Parent Relationship": "Outer",
                      "Parallel Aware": true,
                      "Relation Name": "movie_companies",
                      "Alias": "mc",
                      "Startup Cost": 0.0,
                      "Total Cost": 31414.82,
                      "Plan Rows": 108978,
                      "Plan Width": 4,
                      "Actual Startup Time": 0.011,
                      "Actual Total Time": 70.509,
                      "Actual Rows": 122694,
                      "Actual Loops": 4,
                      "Filter": "((company_id < 1226) AND (company_type_id < 2))",
                      "Rows Removed by Filter": 529589
                    },
                    {
                      "Node Type": "Hash",
                      "Parent Relationship": "Inner",
                      "Parallel Aware": true,
                      "Startup Cost": 45479.59,
                      "Total Cost": 45479.59,
                      "Plan Rows": 236355,
                      "Plan Width": 4,
                      "Actual Startup Time": 206.238,
                      "Actual Total Time": 206.239,
                      "Actual Rows": 241336,
                      "Actual Loops": 4,
                      "Hash Buckets": 1048576,
                      "Original Hash Buckets": 1048576,
                      "Hash Batches": 1,
                      "Original Hash Batches": 1,
                      "Peak Memory Usage": 46016,
                      "Plans": [
                        {
                          "Node Type": "Seq Scan",
                          "Parent Relationship": "Outer",
                          "Parallel Aware": true,
                          "Relation Name": "title",
                          "Alias": "t",
                          "Startup Cost": 0.0,
                          "Total Cost": 45479.59,
                          "Plan Rows": 236355,
                          "Plan Width": 4,
                          "Actual Startup Time": 0.027,
                          "Actual Total Time": 113.234,
                          "Actual Rows": 241336,
                          "Actual Loops": 4,
                          "Filter": "((kind_id < 6) AND (production_year > 0))",
                          "Rows Removed by Filter": 390742
                        }
                      ]
                    }
                  ]
                }
              ]
            }
          ]
        }
      ]
    },
    "Planning Time": 0.698,
    "Triggers": [],
    "Execution Time": 352.753
  }
]