[
    {
        "Bao": {
            "Bao prediction": "NaN",
            "Bao recommended hint": "(no hint)"
        }
    },
    {
        "Plan": {
            "Node Type": "Aggregate",
            "Strategy": "Plain",
            "Partial Mode": "Finalize",
            "Parallel Aware": false,
            "Startup Cost": 77340.43,
            "Total Cost": 77340.44,
            "Plan Rows": 1,
            "Plan Width": 8,
            "Actual Startup Time": 242.113,
            "Actual Total Time": 257.966,
            "Actual Rows": 1,
            "Actual Loops": 1,
            "Output": [
                "count(*)"
            ],
            "Plans": [
                {
                    "Node Type": "Gather",
                    "Parent Relationship": "Outer",
                    "Parallel Aware": false,
                    "Startup Cost": 77340.11,
                    "Total Cost": 77340.42,
                    "Plan Rows": 3,
                    "Plan Width": 8,
                    "Actual Startup Time": 239.334,
                    "Actual Total Time": 257.957,
                    "Actual Rows": 4,
                    "Actual Loops": 1,
                    "Output": [
                        "(PARTIAL count(*))"
                    ],
                    "Workers Planned": 3,
                    "Workers Launched": 3,
                    "Single Copy": false,
                    "Plans": [
                        {
                            "Node Type": "Aggregate",
                            "Strategy": "Plain",
                            "Partial Mode": "Partial",
                            "Parent Relationship": "Outer",
                            "Parallel Aware": false,
                            "Startup Cost": 76340.11,
                            "Total Cost": 76340.12,
                            "Plan Rows": 1,
                            "Plan Width": 8,
                            "Actual Startup Time": 230.56,
                            "Actual Total Time": 230.563,
                            "Actual Rows": 1,
                            "Actual Loops": 4,
                            "Output": [
                                "PARTIAL count(*)"
                            ],
                            "Workers": [
                                {
                                    "Worker Number": 0,
                                    "Actual Startup Time": 227.36,
                                    "Actual Total Time": 227.363,
                                    "Actual Rows": 1,
                                    "Actual Loops": 1
                                },
                                {
                                    "Worker Number": 1,
                                    "Actual Startup Time": 227.463,
                                    "Actual Total Time": 227.466,
                                    "Actual Rows": 1,
                                    "Actual Loops": 1
                                },
                                {
                                    "Worker Number": 2,
                                    "Actual Startup Time": 228.389,
                                    "Actual Total Time": 228.391,
                                    "Actual Rows": 1,
                                    "Actual Loops": 1
                                }
                            ],
                            "Plans": [
                                {
                                    "Node Type": "Nested Loop",
                                    "Parent Relationship": "Outer",
                                    "Parallel Aware": false,
                                    "Join Type": "Inner",
                                    "Startup Cost": 20094.84,
                                    "Total Cost": 76322.32,
                                    "Plan Rows": 7117,
                                    "Plan Width": 0,
                                    "Actual Startup Time": 97.459,
                                    "Actual Total Time": 228.869,
                                    "Actual Rows": 21404,
                                    "Actual Loops": 4,
                                    "Inner Unique": true,
                                    "Workers": [
                                        {
                                            "Worker Number": 0,
                                            "Actual Startup Time": 94.106,
                                            "Actual Total Time": 225.684,
                                            "Actual Rows": 19255,
                                            "Actual Loops": 1
                                        },
                                        {
                                            "Worker Number": 1,
                                            "Actual Startup Time": 94.583,
                                            "Actual Total Time": 225.753,
                                            "Actual Rows": 17912,
                                            "Actual Loops": 1
                                        },
                                        {
                                            "Worker Number": 2,
                                            "Actual Startup Time": 95.034,
                                            "Actual Total Time": 226.656,
                                            "Actual Rows": 18222,
                                            "Actual Loops": 1
                                        }
                                    ],
                                    "Plans": [
                                        {
                                            "Node Type": "Hash Join",
                                            "Parent Relationship": "Outer",
                                            "Parallel Aware": true,
                                            "Join Type": "Inner",
                                            "Startup Cost": 20094.41,
                                            "Total Cost": 45339.65,
                                            "Plan Rows": 36885,
                                            "Plan Width": 8,
                                            "Actual Startup Time": 97.383,
                                            "Actual Total Time": 141.09,
                                            "Actual Rows": 21404,
                                            "Actual Loops": 4,
                                            "Output": [
                                                "mi_idx.movie_id",
                                                "mk.movie_id"
                                            ],
                                            "Inner Unique": false,
                                            "Hash Cond": "(mk.movie_id = mi_idx.movie_id)",
                                            "Workers": [
                                                {
                                                    "Worker Number": 0,
                                                    "Actual Startup Time": 94.043,
                                                    "Actual Total Time": 136.961,
                                                    "Actual Rows": 19255,
                                                    "Actual Loops": 1
                                                },
                                                {
                                                    "Worker Number": 1,
                                                    "Actual Startup Time": 94.456,
                                                    "Actual Total Time": 136.834,
                                                    "Actual Rows": 17912,
                                                    "Actual Loops": 1
                                                },
                                                {
                                                    "Worker Number": 2,
                                                    "Actual Startup Time": 94.964,
                                                    "Actual Total Time": 138.168,
                                                    "Actual Rows": 18222,
                                                    "Actual Loops": 1
                                                }
                                            ],
                                            "Plans": [
                                                {
                                                    "Node Type": "Bitmap Heap Scan",
                                                    "Parent Relationship": "Outer",
                                                    "Parallel Aware": true,
                                                    "Relation Name": "movie_keyword",
                                                    "Schema": "public",
                                                    "Alias": "mk",
                                                    "Startup Cost": 2583.02,
                                                    "Total Cost": 27527.44,
                                                    "Plan Rows": 39234,
                                                    "Plan Width": 4,
                                                    "Actual Startup Time": 15.6,
                                                    "Actual Total Time": 43.983,
                                                    "Actual Rows": 30480,
                                                    "Actual Loops": 4,
                                                    "Output": [
                                                        "mk.id",
                                                        "mk.movie_id",
                                                        "mk.keyword_id"
                                                    ],
                                                    "Recheck Cond": "(mk.keyword_id < 117)",
                                                    "Rows Removed by Index Recheck": 0,
                                                    "Exact Heap Blocks": 8075,
                                                    "Lossy Heap Blocks": 0,
                                                    "Workers": [
                                                        {
                                                            "Worker Number": 0,
                                                            "Actual Startup Time": 15.475,
                                                            "Actual Total Time": 44.294,
                                                            "Actual Rows": 27626,
                                                            "Actual Loops": 1
                                                        },
                                                        {
                                                            "Worker Number": 1,
                                                            "Actual Startup Time": 15.766,
                                                            "Actual Total Time": 44.525,
                                                            "Actual Rows": 25415,
                                                            "Actual Loops": 1
                                                        },
                                                        {
                                                            "Worker Number": 2,
                                                            "Actual Startup Time": 15.5,
                                                            "Actual Total Time": 44.445,
                                                            "Actual Rows": 25803,
                                                            "Actual Loops": 1
                                                        }
                                                    ],
                                                    "Plans": [
                                                        {
                                                            "Node Type": "Bitmap Index Scan",
                                                            "Parent Relationship": "Outer",
                                                            "Parallel Aware": false,
                                                            "Index Name": "keyword_id_movie_keyword",
                                                            "Startup Cost": 0.0,
                                                            "Total Cost": 2552.61,
                                                            "Plan Rows": 121624,
                                                            "Plan Width": 0,
                                                            "Actual Startup Time": 12.107,
                                                            "Actual Total Time": 12.108,
                                                            "Actual Rows": 121921,
                                                            "Actual Loops": 1,
                                                            "Index Cond": "(mk.keyword_id < 117)",
                                                            "Workers": [
                                                                {
                                                                    "Worker Number": 0,
                                                                    "Actual Startup Time": 12.107,
                                                                    "Actual Total Time": 12.108,
                                                                    "Actual Rows": 121921,
                                                                    "Actual Loops": 1
                                                                }
                                                            ]
                                                        }
                                                    ]
                                                },
                                                {
                                                    "Node Type": "Hash",
                                                    "Parent Relationship": "Inner",
                                                    "Parallel Aware": true,
                                                    "Startup Cost": 15122.68,
                                                    "Total Cost": 15122.68,
                                                    "Plan Rows": 191097,
                                                    "Plan Width": 4,
                                                    "Actual Startup Time": 79.878,
                                                    "Actual Total Time": 79.879,
                                                    "Actual Rows": 114981,
                                                    "Actual Loops": 4,
                                                    "Output": [
                                                        "mi_idx.movie_id"
                                                    ],
                                                    "Hash Buckets": 524288,
                                                    "Original Hash Buckets": 524288,
                                                    "Hash Batches": 1,
                                                    "Original Hash Batches": 1,
                                                    "Peak Memory Usage": 22176,
                                                    "Workers": [
                                                        {
                                                            "Worker Number": 0,
                                                            "Actual Startup Time": 78.183,
                                                            "Actual Total Time": 78.184,
                                                            "Actual Rows": 101684,
                                                            "Actual Loops": 1
                                                        },
                                                        {
                                                            "Worker Number": 1,
                                                            "Actual Startup Time": 78.242,
                                                            "Actual Total Time": 78.242,
                                                            "Actual Rows": 103949,
                                                            "Actual Loops": 1
                                                        },
                                                        {
                                                            "Worker Number": 2,
                                                            "Actual Startup Time": 78.922,
                                                            "Actual Total Time": 78.922,
                                                            "Actual Rows": 104241,
                                                            "Actual Loops": 1
                                                        }
                                                    ],
                                                    "Plans": [
                                                        {
                                                            "Node Type": "Seq Scan",
                                                            "Parent Relationship": "Outer",
                                                            "Parallel Aware": true,
                                                            "Relation Name": "movie_info_idx",
                                                            "Schema": "public",
                                                            "Alias": "mi_idx",
                                                            "Startup Cost": 0.0,
                                                            "Total Cost": 15122.68,
                                                            "Plan Rows": 191097,
                                                            "Plan Width": 4,
                                                            "Actual Startup Time": 0.05,
                                                            "Actual Total Time": 42.54,
                                                            "Actual Rows": 114981,
                                                            "Actual Loops": 4,
                                                            "Output": [
                                                                "mi_idx.movie_id"
                                                            ],
                                                            "Filter": "(mi_idx.info_type_id = 101)",
                                                            "Rows Removed by Filter": 230028,
                                                            "Workers": [
                                                                {
                                                                    "Worker Number": 0,
                                                                    "Actual Startup Time": 0.063,
                                                                    "Actual Total Time": 41.745,
                                                                    "Actual Rows": 101684,
                                                                    "Actual Loops": 1
                                                                },
                                                                {
                                                                    "Worker Number": 1,
                                                                    "Actual Startup Time": 0.068,
                                                                    "Actual Total Time": 42.21,
                                                                    "Actual Rows": 103949,
                                                                    "Actual Loops": 1
                                                                },
                                                                {
                                                                    "Worker Number": 2,
                                                                    "Actual Startup Time": 0.054,
                                                                    "Actual Total Time": 42.101,
                                                                    "Actual Rows": 104241,
                                                                    "Actual Loops": 1
                                                                }
                                                            ]
                                                        }
                                                    ]
                                                }
                                            ]
                                        },
                                        {
                                            "Node Type": "Index Only Scan",
                                            "Parent Relationship": "Inner",
                                            "Parallel Aware": false,
                                            "Scan Direction": "Forward",
                                            "Index Name": "title_pkey",
                                            "Relation Name": "title",
                                            "Schema": "public",
                                            "Alias": "t",
                                            "Startup Cost": 0.43,
                                            "Total Cost": 0.84,
                                            "Plan Rows": 1,
                                            "Plan Width": 4,
                                            "Actual Startup Time": 0.004,
                                            "Actual Total Time": 0.004,
                                            "Actual Rows": 1,
                                            "Actual Loops": 85618,
                                            "Output": [
                                                "t.id"
                                            ],
                                            "Index Cond": "(t.id = mi_idx.movie_id)",
                                            "Rows Removed by Index Recheck": 0,
                                            "Heap Fetches": 85618,
                                            "Workers": [
                                                {
                                                    "Worker Number": 0,
                                                    "Actual Startup Time": 0.004,
                                                    "Actual Total Time": 0.004,
                                                    "Actual Rows": 1,
                                                    "Actual Loops": 19255
                                                },
                                                {
                                                    "Worker Number": 1,
                                                    "Actual Startup Time": 0.005,
                                                    "Actual Total Time": 0.005,
                                                    "Actual Rows": 1,
                                                    "Actual Loops": 17912
                                                },
                                                {
                                                    "Worker Number": 2,
                                                    "Actual Startup Time": 0.004,
                                                    "Actual Total Time": 0.004,
                                                    "Actual Rows": 1,
                                                    "Actual Loops": 18222
                                                }
                                            ]
                                        }
                                    ]
                                }
                            ]
                        }
                    ]
                }
            ]
        },
        "Planning Time": 201.891,
        "Triggers": [],
        "Execution Time": 258.043
    }
]