{
  "Plan": {
    "Node Type": "Aggregate",
    "Strategy": "Plain",
    "Partial Mode": "Simple",
    "Parallel Aware": false,
    "Startup Cost": 3017.39,
    "Total Cost": 3017.4,
    "Plan Rows": 1,
    "Plan Width": 8,
    "Actual Startup Time": 2.168,
    "Actual Total Time": 2.171,
    "Actual Rows": 1,
    "Actual Loops": 1,
    "Plans": [
      {
        "Node Type": "Nested Loop",
        "Parent Relationship": "Outer",
        "Parallel Aware": false,
        "Join Type": "Inner",
        "Startup Cost": 7.21,
        "Total Cost": 3017.38,
        "Plan Rows": 2,
        "Plan Width": 0,
        "Actual Startup Time": 0.46,
        "Actual Total Time": 2.162,
        "Actual Rows": 3,
        "Actual Loops": 1,
        "Inner Unique": false,
        "Plans": [
          {
            "Node Type": "Nested Loop",
            "Parent Relationship": "Outer",
            "Parallel Aware": false,
            "Join Type": "Inner",
            "Startup Cost": 6.78,
            "Total Cost": 3006.58,
            "Plan Rows": 10,
            "Plan Width": 8,
            "Actual Startup Time": 0.44,
            "Actual Total Time": 2.078,
            "Actual Rows": 4,
            "Actual Loops": 1,
            "Inner Unique": true,
            "Plans": [
              {
                "Node Type": "Bitmap Heap Scan",
                "Parent Relationship": "Outer",
                "Parallel Aware": false,
                "Relation Name": "movie_keyword",
                "Alias": "mk",
                "Startup Cost": 6.35,
                "Total Cost": 922.98,
                "Plan Rows": 248,
                "Plan Width": 4,
                "Actual Startup Time": 0.135,
                "Actual Total Time": 0.629,
                "Actual Rows": 102,
                "Actual Loops": 1,
                "Recheck Cond": "(keyword_id = 30483)",
                "Rows Removed by Index Recheck": 0,
                "Exact Heap Blocks": 100,
                "Lossy Heap Blocks": 0,
                "Plans": [
                  {
                    "Node Type": "Bitmap Index Scan",
                    "Parent Relationship": "Outer",
                    "Parallel Aware": false,
                    "Index Name": "keyword_id_movie_keyword",
                    "Startup Cost": 0.0,
                    "Total Cost": 6.29,
                    "Plan Rows": 248,
                    "Plan Width": 0,
                    "Actual Startup Time": 0.095,
                    "Actual Total Time": 0.096,
                    "Actual Rows": 102,
                    "Actual Loops": 1,
                    "Index Cond": "(keyword_id = 30483)"
                  }
                ]
              },
              {
                "Node Type": "Index Scan",
                "Parent Relationship": "Inner",
                "Parallel Aware": false,
                "Scan Direction": "Forward",
                "Index Name": "title_pkey",
                "Relation Name": "title",
                "Alias": "t",
                "Startup Cost": 0.43,
                "Total Cost": 8.4,
                "Plan Rows": 1,
                "Plan Width": 4,
                "Actual Startup Time": 0.013,
                "Actual Total Time": 0.013,
                "Actual Rows": 0,
                "Actual Loops": 102,
                "Index Cond": "(id = mk.movie_id)",
                "Rows Removed by Index Recheck": 0,
                "Filter": "(production_year = 2005)",
                "Rows Removed by Filter": 1
              }
            ]
          },
          {
            "Node Type": "Index Scan",
            "Parent Relationship": "Inner",
            "Parallel Aware": false,
            "Scan Direction": "Forward",
            "Index Name": "movie_id_movie_info_idx",
            "Relation Name": "movie_info_idx",
            "Alias": "mi_idx",
            "Startup Cost": 0.43,
            "Total Cost": 1.07,
            "Plan Rows": 1,
            "Plan Width": 4,
            "Actual Startup Time": 0.017,
            "Actual Total Time": 0.019,
            "Actual Rows": 1,
            "Actual Loops": 4,
            "Index Cond": "(movie_id = t.id)",
            "Rows Removed by Index Recheck": 0,
            "Filter": "(info_type_id = 99)",
            "Rows Removed by Filter": 2
          }
        ]
      }
    ]
  },
  "Planning Time": 1.013,
  "Triggers": [],
  "Execution Time": 2.288
}