[
  {
    "Plan": {
      "Node Type": "Aggregate",
      "Strategy": "Plain",
      "Partial Mode": "Finalize",
      "Parallel Aware": false,
      "Startup Cost": 45329.64,
      "Total Cost": 45329.65,
      "Plan Rows": 1,
      "Plan Width": 8,
      "Actual Startup Time": 225.183,
      "Actual Total Time": 242.045,
      "Actual Rows": 1,
      "Actual Loops": 1,
      "Plans": [
        {
          "Node Type": "Gather",
          "Parent Relationship": "Outer",
          "Parallel Aware": false,
          "Startup Cost": 45329.32,
          "Total Cost": 45329.63,
          "Plan Rows": 3,
          "Plan Width": 8,
          "Actual Startup Time": 224.992,
          "Actual Total Time": 242.032,
          "Actual Rows": 4,
          "Actual Loops": 1,
          "Workers Planned": 3,
          "Workers Launched": 3,
          "Single Copy": false,
          "Plans": [
            {
              "Node Type": "Aggregate",
              "Strategy": "Plain",
              "Partial Mode": "Partial",
              "Parent Relationship": "Outer",
              "Parallel Aware": false,
              "Startup Cost": 44329.32,
              "Total Cost": 44329.33,
              "Plan Rows": 1,
              "Plan Width": 8,
              "Actual Startup Time": 215.211,
              "Actual Total Time": 215.213,
              "Actual Rows": 1,
              "Actual Loops": 4,
              "Plans": [
                {
                  "Node Type": "Seq Scan",
                  "Parent Relationship": "Outer",
                  "Parallel Aware": true,
                  "Relation Name": "movie_keyword",
                  "Alias": "mk",
                  "Startup Cost": 0.0,
                  "Total Cost": 42695.65,
                  "Plan Rows": 653467,
                  "Plan Width": 0,
                  "Actual Startup Time": 0.068,
                  "Actual Total Time": 179.659,
                  "Actual Rows": 506836,
                  "Actual Loops": 4,
                  "Filter": "(keyword_id < 3635)",
                  "Rows Removed by Filter": 624147
                }
              ]
            }
          ]
        }
      ]
    },
    "Planning Time": 0.246,
    "Triggers": [],
    "Execution Time": 242.109
  }
]