[
  {
    "Plan": {
      "Node Type": "Aggregate",
      "Strategy": "Plain",
      "Partial Mode": "Finalize",
      "Parallel Aware": false,
      "Startup Cost": 32920.31,
      "Total Cost": 32920.32,
      "Plan Rows": 1,
      "Plan Width": 8,
      "Actual Startup Time": 110.882,
      "Actual Total Time": 116.964,
      "Actual Rows": 1,
      "Actual Loops": 1,
      "Plans": [
        {
          "Node Type": "Gather",
          "Parent Relationship": "Outer",
          "Parallel Aware": false,
          "Startup Cost": 32919.99,
          "Total Cost": 32920.3,
          "Plan Rows": 3,
          "Plan Width": 8,
          "Actual Startup Time": 110.585,
          "Actual Total Time": 116.956,
          "Actual Rows": 4,
          "Actual Loops": 1,
          "Workers Planned": 3,
          "Workers Launched": 3,
          "Single Copy": false,
          "Plans": [
            {
              "Node Type": "Aggregate",
              "Strategy": "Plain",
              "Partial Mode": "Partial",
              "Parent Relationship": "Outer",
              "Parallel Aware": false,
              "Startup Cost": 31919.99,
              "Total Cost": 31920.0,
              "Plan Rows": 1,
              "Plan Width": 8,
              "Actual Startup Time": 102.087,
              "Actual Total Time": 102.088,
              "Actual Rows": 1,
              "Actual Loops": 4,
              "Plans": [
                {
                  "Node Type": "Seq Scan",
                  "Parent Relationship": "Outer",
                  "Parallel Aware": true,
                  "Relation Name": "movie_companies",
                  "Alias": "mc",
                  "Startup Cost": 0.0,
                  "Total Cost": 31414.82,
                  "Plan Rows": 202070,
                  "Plan Width": 0,
                  "Actual Startup Time": 0.029,
                  "Actual Total Time": 86.789,
                  "Actual Rows": 217752,
                  "Actual Loops": 4,
                  "Filter": "((company_id < 11264) AND (company_type_id < 2))",
                  "Rows Removed by Filter": 434530
                }
              ]
            }
          ]
        }
      ]
    },
    "Planning Time": 0.219,
    "Triggers": [],
    "Execution Time": 117.018
  }
]