[
    {
        "Bao": {
            "Bao prediction": "NaN",
            "Bao recommended hint": "(no hint)"
        }
    },
    {
        "Plan": {
            "Node Type": "Aggregate",
            "Strategy": "Plain",
            "Partial Mode": "Finalize",
            "Parallel Aware": false,
            "Startup Cost": 28775.95,
            "Total Cost": 28775.96,
            "Plan Rows": 1,
            "Plan Width": 8,
            "Actual Startup Time": 64.944,
            "Actual Total Time": 68.313,
            "Actual Rows": 1,
            "Actual Loops": 1,
            "Output": [
                "count(*)"
            ],
            "Plans": [
                {
                    "Node Type": "Gather",
                    "Parent Relationship": "Outer",
                    "Parallel Aware": false,
                    "Startup Cost": 28775.63,
                    "Total Cost": 28775.94,
                    "Plan Rows": 3,
                    "Plan Width": 8,
                    "Actual Startup Time": 64.78,
                    "Actual Total Time": 68.305,
                    "Actual Rows": 4,
                    "Actual Loops": 1,
                    "Output": [
                        "(PARTIAL count(*))"
                    ],
                    "Workers Planned": 3,
                    "Workers Launched": 3,
                    "Single Copy": false,
                    "Plans": [
                        {
                            "Node Type": "Aggregate",
                            "Strategy": "Plain",
                            "Partial Mode": "Partial",
                            "Parent Relationship": "Outer",
                            "Parallel Aware": false,
                            "Startup Cost": 27775.63,
                            "Total Cost": 27775.64,
                            "Plan Rows": 1,
                            "Plan Width": 8,
                            "Actual Startup Time": 56.242,
                            "Actual Total Time": 56.243,
                            "Actual Rows": 1,
                            "Actual Loops": 4,
                            "Output": [
                                "PARTIAL count(*)"
                            ],
                            "Workers": [
                                {
                                    "Worker Number": 0,
                                    "Actual Startup Time": 53.302,
                                    "Actual Total Time": 53.303,
                                    "Actual Rows": 1,
                                    "Actual Loops": 1
                                },
                                {
                                    "Worker Number": 1,
                                    "Actual Startup Time": 53.554,
                                    "Actual Total Time": 53.555,
                                    "Actual Rows": 1,
                                    "Actual Loops": 1
                                },
                                {
                                    "Worker Number": 2,
                                    "Actual Startup Time": 53.816,
                                    "Actual Total Time": 53.817,
                                    "Actual Rows": 1,
                                    "Actual Loops": 1
                                }
                            ],
                            "Plans": [
                                {
                                    "Node Type": "Bitmap Heap Scan",
                                    "Parent Relationship": "Outer",
                                    "Parallel Aware": true,
                                    "Relation Name": "movie_companies",
                                    "Schema": "public",
                                    "Alias": "mc",
                                    "Startup Cost": 7225.58,
                                    "Total Cost": 27637.79,
                                    "Plan Rows": 55137,
                                    "Plan Width": 0,
                                    "Actual Startup Time": 14.099,
                                    "Actual Total Time": 50.255,
                                    "Actual Rows": 85224,
                                    "Actual Loops": 4,
                                    "Recheck Cond": "(mc.company_id > 89228)",
                                    "Rows Removed by Index Recheck": 0,
                                    "Filter": "(mc.company_type_id = 2)",
                                    "Rows Removed by Filter": 0,
                                    "Exact Heap Blocks": 2835,
                                    "Lossy Heap Blocks": 0,
                                    "Workers": [
                                        {
                                            "Worker Number": 0,
                                            "Actual Startup Time": 11.285,
                                            "Actual Total Time": 47.825,
                                            "Actual Rows": 50335,
                                            "Actual Loops": 1
                                        },
                                        {
                                            "Worker Number": 1,
                                            "Actual Startup Time": 11.52,
                                            "Actual Total Time": 48.204,
                                            "Actual Rows": 50187,
                                            "Actual Loops": 1
                                        },
                                        {
                                            "Worker Number": 2,
                                            "Actual Startup Time": 11.667,
                                            "Actual Total Time": 48.359,
                                            "Actual Rows": 54001,
                                            "Actual Loops": 1
                                        }
                                    ],
                                    "Plans": [
                                        {
                                            "Node Type": "Bitmap Index Scan",
                                            "Parent Relationship": "Outer",
                                            "Parallel Aware": false,
                                            "Index Name": "company_id_movie_companies",
                                            "Startup Cost": 0.0,
                                            "Total Cost": 7182.85,
                                            "Plan Rows": 335256,
                                            "Plan Width": 0,
                                            "Actual Startup Time": 21.154,
                                            "Actual Total Time": 21.155,
                                            "Actual Rows": 340895,
                                            "Actual Loops": 1,
                                            "Index Cond": "(mc.company_id > 89228)"
                                        }
                                    ]
                                }
                            ]
                        }
                    ]
                }
            ]
        },
        "Planning Time": 181.365,
        "Triggers": [],
        "Execution Time": 68.417
    }
]