[
  {
    "Plan": {
      "Node Type": "Aggregate",
      "Strategy": "Plain",
      "Partial Mode": "Finalize",
      "Parallel Aware": false,
      "Startup Cost": 32752.38,
      "Total Cost": 32752.39,
      "Plan Rows": 1,
      "Plan Width": 8,
      "Actual Startup Time": 85.99,
      "Actual Total Time": 91.704,
      "Actual Rows": 1,
      "Actual Loops": 1,
      "Plans": [
        {
          "Node Type": "Gather",
          "Parent Relationship": "Outer",
          "Parallel Aware": false,
          "Startup Cost": 32752.06,
          "Total Cost": 32752.37,
          "Plan Rows": 3,
          "Plan Width": 8,
          "Actual Startup Time": 85.877,
          "Actual Total Time": 91.696,
          "Actual Rows": 4,
          "Actual Loops": 1,
          "Workers Planned": 3,
          "Workers Launched": 3,
          "Single Copy": false,
          "Plans": [
            {
              "Node Type": "Aggregate",
              "Strategy": "Plain",
              "Partial Mode": "Partial",
              "Parent Relationship": "Outer",
              "Parallel Aware": false,
              "Startup Cost": 31752.06,
              "Total Cost": 31752.07,
              "Plan Rows": 1,
              "Plan Width": 8,
              "Actual Startup Time": 76.891,
              "Actual Total Time": 76.892,
              "Actual Rows": 1,
              "Actual Loops": 4,
              "Plans": [
                {
                  "Node Type": "Seq Scan",
                  "Parent Relationship": "Outer",
                  "Parallel Aware": true,
                  "Relation Name": "movie_companies",
                  "Alias": "mc",
                  "Startup Cost": 0.0,
                  "Total Cost": 31414.82,
                  "Plan Rows": 134898,
                  "Plan Width": 0,
                  "Actual Startup Time": 48.183,
                  "Actual Total Time": 74.361,
                  "Actual Rows": 59528,
                  "Actual Loops": 4,
                  "Filter": "((company_id < 1940) AND (company_type_id = 2))",
                  "Rows Removed by Filter": 592754
                }
              ]
            }
          ]
        }
      ]
    },
    "Planning Time": 0.2,
    "Triggers": [],
    "Execution Time": 91.757
  }
]