[
  {
    "Plan": {
      "Node Type": "Aggregate",
      "Strategy": "Plain",
      "Partial Mode": "Finalize",
      "Parallel Aware": false,
      "Startup Cost": 32752.86,
      "Total Cost": 32752.87,
      "Plan Rows": 1,
      "Plan Width": 8,
      "Actual Startup Time": 92.379,
      "Actual Total Time": 100.309,
      "Actual Rows": 1,
      "Actual Loops": 1,
      "Plans": [
        {
          "Node Type": "Gather",
          "Parent Relationship": "Outer",
          "Parallel Aware": false,
          "Startup Cost": 32752.54,
          "Total Cost": 32752.85,
          "Plan Rows": 3,
          "Plan Width": 8,
          "Actual Startup Time": 92.3,
          "Actual Total Time": 100.3,
          "Actual Rows": 4,
          "Actual Loops": 1,
          "Workers Planned": 3,
          "Workers Launched": 3,
          "Single Copy": false,
          "Plans": [
            {
              "Node Type": "Aggregate",
              "Strategy": "Plain",
              "Partial Mode": "Partial",
              "Parent Relationship": "Outer",
              "Parallel Aware": false,
              "Startup Cost": 31752.54,
              "Total Cost": 31752.55,
              "Plan Rows": 1,
              "Plan Width": 8,
              "Actual Startup Time": 83.767,
              "Actual Total Time": 83.768,
              "Actual Rows": 1,
              "Actual Loops": 4,
              "Plans": [
                {
                  "Node Type": "Seq Scan",
                  "Parent Relationship": "Outer",
                  "Parallel Aware": true,
                  "Relation Name": "movie_companies",
                  "Alias": "mc",
                  "Startup Cost": 0.0,
                  "Total Cost": 31414.82,
                  "Plan Rows": 135090,
                  "Plan Width": 0,
                  "Actual Startup Time": 50.494,
                  "Actual Total Time": 81.053,
                  "Actual Rows": 59528,
                  "Actual Loops": 4,
                  "Filter": "((company_id < 1940) AND (company_type_id = 2))",
                  "Rows Removed by Filter": 592754
                }
              ]
            }
          ]
        }
      ]
    },
    "Planning Time": 0.133,
    "Triggers": [],
    "Execution Time": 100.349
  }
]