{
  "Plan": {
    "Node Type": "Aggregate",
    "Strategy": "Plain",
    "Partial Mode": "Finalize",
    "Parallel Aware": false,
    "Startup Cost": 326132.88,
    "Total Cost": 326132.89,
    "Plan Rows": 1,
    "Plan Width": 8,
    "Actual Startup Time": 779.033,
    "Actual Total Time": 804.997,
    "Actual Rows": 1,
    "Actual Loops": 1,
    "Plans": [
      {
        "Node Type": "Gather",
        "Parent Relationship": "Outer",
        "Parallel Aware": false,
        "Startup Cost": 326132.77,
        "Total Cost": 326132.88,
        "Plan Rows": 1,
        "Plan Width": 8,
        "Actual Startup Time": 778.3,
        "Actual Total Time": 804.988,
        "Actual Rows": 2,
        "Actual Loops": 1,
        "Workers Planned": 1,
        "Workers Launched": 1,
        "Single Copy": false,
        "Plans": [
          {
            "Node Type": "Aggregate",
            "Strategy": "Plain",
            "Partial Mode": "Partial",
            "Parent Relationship": "Outer",
            "Parallel Aware": false,
            "Startup Cost": 325132.77,
            "Total Cost": 325132.78,
            "Plan Rows": 1,
            "Plan Width": 8,
            "Actual Startup Time": 771.938,
            "Actual Total Time": 771.945,
            "Actual Rows": 1,
            "Actual Loops": 2,
            "Plans": [
              {
                "Node Type": "Hash Join",
                "Parent Relationship": "Outer",
                "Parallel Aware": true,
                "Join Type": "Inner",
                "Startup Cost": 263685.98,
                "Total Cost": 325012.82,
                "Plan Rows": 47979,
                "Plan Width": 0,
                "Actual Startup Time": 431.116,
                "Actual Total Time": 760.792,
                "Actual Rows": 296964,
                "Actual Loops": 2,
                "Inner Unique": false,
                "Hash Cond": "(mk.movie_id = t.id)",
                "Plans": [
                  {
                    "Node Type": "Seq Scan",
                    "Parent Relationship": "Outer",
                    "Parallel Aware": true,
                    "Relation Name": "movie_keyword",
                    "Alias": "mk",
                    "Startup Cost": 0.0,
                    "Total Cost": 51065.35,
                    "Plan Rows": 2661135,
                    "Plan Width": 4,
                    "Actual Startup Time": 0.015,
                    "Actual Total Time": 152.687,
                    "Actual Rows": 2261965,
                    "Actual Loops": 2
                  },
                  {
                    "Node Type": "Hash",
                    "Parent Relationship": "Inner",
                    "Parallel Aware": true,
                    "Startup Cost": 263350.81,
                    "Total Cost": 263350.81,
                    "Plan Rows": 26814,
                    "Plan Width": 8,
                    "Actual Startup Time": 429.715,
                    "Actual Total Time": 429.72,
                    "Actual Rows": 31160,
                    "Actual Loops": 2,
                    "Hash Buckets": 65536,
                    "Original Hash Buckets": 65536,
                    "Hash Batches": 1,
                    "Original Hash Batches": 1,
                    "Peak Memory Usage": 2976,
                    "Plans": [
                      {
                        "Node Type": "Hash Join",
                        "Parent Relationship": "Outer",
                        "Parallel Aware": true,
                        "Join Type": "Inner",
                        "Startup Cost": 80751.26,
                        "Total Cost": 263350.81,
                        "Plan Rows": 26814,
                        "Plan Width": 8,
                        "Actual Startup Time": 152.892,
                        "Actual Total Time": 422.242,
                        "Actual Rows": 31160,
                        "Actual Loops": 2,
                        "Inner Unique": true,
                        "Hash Cond": "(mi.movie_id = t.id)",
                        "Plans": [
                          {
                            "Node Type": "Bitmap Heap Scan",
                            "Parent Relationship": "Outer",
                            "Parallel Aware": true,
                            "Relation Name": "movie_info",
                            "Alias": "mi",
                            "Startup Cost": 41958.26,
                            "Total Cost": 220981.46,
                            "Plan Rows": 1362416,
                            "Plan Width": 4,
                            "Actual Startup Time": 78.306,
                            "Actual Total Time": 235.382,
                            "Actual Rows": 1116925,
                            "Actual Loops": 2,
                            "Recheck Cond": "(info_type_id > 16)",
                            "Rows Removed by Index Recheck": 0,
                            "Exact Heap Blocks": 30372,
                            "Lossy Heap Blocks": 0,
                            "Plans": [
                              {
                                "Node Type": "Bitmap Index Scan",
                                "Parent Relationship": "Outer",
                                "Parallel Aware": false,
                                "Index Name": "info_type_id_movie_info",
                                "Startup Cost": 0.0,
                                "Total Cost": 41379.24,
                                "Plan Rows": 2316107,
                                "Plan Width": 0,
                                "Actual Startup Time": 70.123,
                                "Actual Total Time": 70.124,
                                "Actual Rows": 2233850,
                                "Actual Loops": 1,
                                "Index Cond": "(info_type_id > 16)"
                              }
                            ]
                          },
                          {
                            "Node Type": "Hash",
                            "Parent Relationship": "Inner",
                            "Parallel Aware": true,
                            "Startup Cost": 38427.1,
                            "Total Cost": 38427.1,
                            "Plan Rows": 29271,
                            "Plan Width": 4,
                            "Actual Startup Time": 73.633,
                            "Actual Total Time": 73.634,
                            "Actual Rows": 24596,
                            "Actual Loops": 2,
                            "Hash Buckets": 65536,
                            "Original Hash Buckets": 65536,
                            "Hash Batches": 1,
                            "Original Hash Batches": 1,
                            "Peak Memory Usage": 2464,
                            "Plans": [
                              {
                                "Node Type": "Bitmap Heap Scan",
                                "Parent Relationship": "Outer",
                                "Parallel Aware": true,
                                "Relation Name": "title",
                                "Alias": "t",
                                "Startup Cost": 1628.98,
                                "Total Cost": 38427.1,
                                "Plan Rows": 29271,
                                "Plan Width": 4,
                                "Actual Startup Time": 21.228,
                                "Actual Total Time": 67.818,
                                "Actual Rows": 24596,
                                "Actual Loops": 2,
                                "Recheck Cond": "(kind_id = 2)",
                                "Rows Removed by Index Recheck": 0,
                                "Filter": "(production_year > 2000)",
                                "Rows Removed by Filter": 20830,
                                "Exact Heap Blocks": 20203,
                                "Lossy Heap Blocks": 0,
                                "Plans": [
                                  {
                                    "Node Type": "Bitmap Index Scan",
                                    "Parent Relationship": "Outer",
                                    "Parallel Aware": false,
                                    "Index Name": "kind_id_title",
                                    "Startup Cost": 0.0,
                                    "Total Cost": 1616.54,
                                    "Plan Rows": 90681,
                                    "Plan Width": 0,
                                    "Actual Startup Time": 17.742,
                                    "Actual Total Time": 17.742,
                                    "Actual Rows": 90852,
                                    "Actual Loops": 1,
                                    "Index Cond": "(kind_id = 2)"
                                  }
                                ]
                              }
                            ]
                          }
                        ]
                      }
                    ]
                  }
                ]
              }
            ]
          }
        ]
      }
    ]
  },
  "Planning Time": 1.065,
  "Triggers": [],
  "Execution Time": 805.121
}