[
  {
    "Plan": {
      "Node Type": "Aggregate",
      "Strategy": "Plain",
      "Partial Mode": "Finalize",
      "Parallel Aware": false,
      "Startup Cost": 32639.54,
      "Total Cost": 32639.55,
      "Plan Rows": 1,
      "Plan Width": 8,
      "Actual Startup Time": 77.076,
      "Actual Total Time": 84.904,
      "Actual Rows": 1,
      "Actual Loops": 1,
      "Plans": [
        {
          "Node Type": "Gather",
          "Parent Relationship": "Outer",
          "Parallel Aware": false,
          "Startup Cost": 32639.23,
          "Total Cost": 32639.54,
          "Plan Rows": 3,
          "Plan Width": 8,
          "Actual Startup Time": 76.952,
          "Actual Total Time": 84.898,
          "Actual Rows": 4,
          "Actual Loops": 1,
          "Workers Planned": 3,
          "Workers Launched": 3,
          "Single Copy": false,
          "Plans": [
            {
              "Node Type": "Aggregate",
              "Strategy": "Plain",
              "Partial Mode": "Partial",
              "Parent Relationship": "Outer",
              "Parallel Aware": false,
              "Startup Cost": 31639.23,
              "Total Cost": 31639.24,
              "Plan Rows": 1,
              "Plan Width": 8,
              "Actual Startup Time": 72.329,
              "Actual Total Time": 72.33,
              "Actual Rows": 1,
              "Actual Loops": 4,
              "Plans": [
                {
                  "Node Type": "Seq Scan",
                  "Parent Relationship": "Outer",
                  "Parallel Aware": true,
                  "Relation Name": "movie_companies",
                  "Alias": "mc",
                  "Startup Cost": 0.0,
                  "Total Cost": 31414.82,
                  "Plan Rows": 89763,
                  "Plan Width": 0,
                  "Actual Startup Time": 33.029,
                  "Actual Total Time": 66.193,
                  "Actual Rows": 135528,
                  "Actual Loops": 4,
                  "Filter": "((company_id > 72128) AND (company_type_id = 2))",
                  "Rows Removed by Filter": 516754
                }
              ]
            }
          ]
        }
      ]
    },
    "Planning Time": 0.114,
    "Triggers": [],
    "Execution Time": 84.937
  }
]