[
  {
    "Plan": {
      "Node Type": "Aggregate",
      "Strategy": "Plain",
      "Partial Mode": "Finalize",
      "Parallel Aware": false,
      "Startup Cost": 32633.37,
      "Total Cost": 32633.38,
      "Plan Rows": 1,
      "Plan Width": 8,
      "Actual Startup Time": 96.302,
      "Actual Total Time": 103.643,
      "Actual Rows": 1,
      "Actual Loops": 1,
      "Plans": [
        {
          "Node Type": "Gather",
          "Parent Relationship": "Outer",
          "Parallel Aware": false,
          "Startup Cost": 32633.05,
          "Total Cost": 32633.36,
          "Plan Rows": 3,
          "Plan Width": 8,
          "Actual Startup Time": 96.166,
          "Actual Total Time": 103.636,
          "Actual Rows": 4,
          "Actual Loops": 1,
          "Workers Planned": 3,
          "Workers Launched": 3,
          "Single Copy": false,
          "Plans": [
            {
              "Node Type": "Aggregate",
              "Strategy": "Plain",
              "Partial Mode": "Partial",
              "Parent Relationship": "Outer",
              "Parallel Aware": false,
              "Startup Cost": 31633.05,
              "Total Cost": 31633.06,
              "Plan Rows": 1,
              "Plan Width": 8,
              "Actual Startup Time": 89.029,
              "Actual Total Time": 89.03,
              "Actual Rows": 1,
              "Actual Loops": 4,
              "Plans": [
                {
                  "Node Type": "Seq Scan",
                  "Parent Relationship": "Outer",
                  "Parallel Aware": true,
                  "Relation Name": "movie_companies",
                  "Alias": "mc",
                  "Startup Cost": 0.0,
                  "Total Cost": 31414.82,
                  "Plan Rows": 87292,
                  "Plan Width": 0,
                  "Actual Startup Time": 48.832,
                  "Actual Total Time": 82.999,
                  "Actual Rows": 135528,
                  "Actual Loops": 4,
                  "Filter": "((company_id > 72128) AND (company_type_id = 2))",
                  "Rows Removed by Filter": 516754
                }
              ]
            }
          ]
        }
      ]
    },
    "Planning Time": 0.22,
    "Triggers": [],
    "Execution Time": 103.697
  }
]