[
  {
    "Plan": {
      "Node Type": "Aggregate",
      "Strategy": "Plain",
      "Partial Mode": "Finalize",
      "Parallel Aware": false,
      "Startup Cost": 275553.54,
      "Total Cost": 275553.55,
      "Plan Rows": 1,
      "Plan Width": 8,
      "Actual Startup Time": 59.384,
      "Actual Total Time": 63.265,
      "Actual Rows": 1,
      "Actual Loops": 1,
      "Plans": [
        {
          "Node Type": "Gather",
          "Parent Relationship": "Outer",
          "Parallel Aware": false,
          "Startup Cost": 275553.02,
          "Total Cost": 275553.53,
          "Plan Rows": 5,
          "Plan Width": 8,
          "Actual Startup Time": 59.144,
          "Actual Total Time": 63.258,
          "Actual Rows": 6,
          "Actual Loops": 1,
          "Workers Planned": 5,
          "Workers Launched": 5,
          "Single Copy": false,
          "Plans": [
            {
              "Node Type": "Aggregate",
              "Strategy": "Plain",
              "Partial Mode": "Partial",
              "Parent Relationship": "Outer",
              "Parallel Aware": false,
              "Startup Cost": 274553.02,
              "Total Cost": 274553.03,
              "Plan Rows": 1,
              "Plan Width": 8,
              "Actual Startup Time": 50.054,
              "Actual Total Time": 50.056,
              "Actual Rows": 1,
              "Actual Loops": 6,
              "Plans": [
                {
                  "Node Type": "Bitmap Heap Scan",
                  "Parent Relationship": "Outer",
                  "Parallel Aware": true,
                  "Relation Name": "cast_info",
                  "Alias": "ci",
                  "Startup Cost": 8140.73,
                  "Total Cost": 274368.75,
                  "Plan Rows": 73707,
                  "Plan Width": 0,
                  "Actual Startup Time": 21.518,
                  "Actual Total Time": 44.55,
                  "Actual Rows": 60915,
                  "Actual Loops": 6,
                  "Recheck Cond": "(person_id < 41829)",
                  "Rows Removed by Index Recheck": 0,
                  "Exact Heap Blocks": 1921,
                  "Lossy Heap Blocks": 0,
                  "Plans": [
                    {
                      "Node Type": "Bitmap Index Scan",
                      "Parent Relationship": "Outer",
                      "Parallel Aware": false,
                      "Index Name": "person_id_cast_info",
                      "Startup Cost": 0.0,
                      "Total Cost": 8048.59,
                      "Plan Rows": 368537,
                      "Plan Width": 0,
                      "Actual Startup Time": 29.02,
                      "Actual Total Time": 29.02,
                      "Actual Rows": 365490,
                      "Actual Loops": 1,
                      "Index Cond": "(person_id < 41829)"
                    }
                  ]
                }
              ]
            }
          ]
        }
      ]
    },
    "Planning Time": 0.192,
    "Triggers": [],
    "Execution Time": 63.321
  }
]