[
  {
    "Plan": {
      "Node Type": "Aggregate",
      "Strategy": "Plain",
      "Partial Mode": "Finalize",
      "Parallel Aware": false,
      "Startup Cost": 197597.22,
      "Total Cost": 197597.23,
      "Plan Rows": 1,
      "Plan Width": 8,
      "Actual Startup Time": 260.043,
      "Actual Total Time": 271.936,
      "Actual Rows": 1,
      "Actual Loops": 1,
      "Plans": [
        {
          "Node Type": "Gather",
          "Parent Relationship": "Outer",
          "Parallel Aware": false,
          "Startup Cost": 197596.8,
          "Total Cost": 197597.21,
          "Plan Rows": 4,
          "Plan Width": 8,
          "Actual Startup Time": 249.796,
          "Actual Total Time": 271.927,
          "Actual Rows": 5,
          "Actual Loops": 1,
          "Workers Planned": 4,
          "Workers Launched": 4,
          "Single Copy": false,
          "Plans": [
            {
              "Node Type": "Aggregate",
              "Strategy": "Plain",
              "Partial Mode": "Partial",
              "Parent Relationship": "Outer",
              "Parallel Aware": false,
              "Startup Cost": 196596.8,
              "Total Cost": 196596.81,
              "Plan Rows": 1,
              "Plan Width": 8,
              "Actual Startup Time": 235.284,
              "Actual Total Time": 235.288,
              "Actual Rows": 1,
              "Actual Loops": 5,
              "Plans": [
                {
                  "Node Type": "Nested Loop",
                  "Parent Relationship": "Outer",
                  "Parallel Aware": false,
                  "Join Type": "Inner",
                  "Startup Cost": 49972.8,
                  "Total Cost": 196549.23,
                  "Plan Rows": 19028,
                  "Plan Width": 0,
                  "Actual Startup Time": 223.082,
                  "Actual Total Time": 235.258,
                  "Actual Rows": 482,
                  "Actual Loops": 5,
                  "Inner Unique": false,
                  "Plans": [
                    {
                      "Node Type": "Hash Join",
                      "Parent Relationship": "Outer",
                      "Parallel Aware": true,
                      "Join Type": "Inner",
                      "Startup Cost": 49972.36,
                      "Total Cost": 177526.91,
                      "Plan Rows": 10634,
                      "Plan Width": 8,
                      "Actual Startup Time": 222.817,
                      "Actual Total Time": 234.444,
                      "Actual Rows": 63,
                      "Actual Loops": 5,
                      "Inner Unique": true,
                      "Hash Cond": "(mi.movie_id = t.id)",
                      "Plans": [
                        {
                          "Node Type": "Bitmap Heap Scan",
                          "Parent Relationship": "Outer",
                          "Parallel Aware": true,
                          "Relation Name": "movie_info",
                          "Alias": "mi",
                          "Startup Cost": 1270.75,
                          "Total Cost": 128779.37,
                          "Plan Rows": 17494,
                          "Plan Width": 4,
                          "Actual Startup Time": 3.354,
                          "Actual Total Time": 8.239,
                          "Actual Rows": 13605,
                          "Actual Loops": 5,
                          "Recheck Cond": "(info_type_id = 94)",
                          "Rows Removed by Index Recheck": 0,
                          "Exact Heap Blocks": 624,
                          "Lossy Heap Blocks": 0,
                          "Plans": [
                            {
                              "Node Type": "Bitmap Index Scan",
                              "Parent Relationship": "Outer",
                              "Parallel Aware": false,
                              "Index Name": "info_type_id_movie_info",
                              "Startup Cost": 0.0,
                              "Total Cost": 1253.25,
                              "Plan Rows": 69976,
                              "Plan Width": 0,
                              "Actual Startup Time": 3.068,
                              "Actual Total Time": 3.069,
                              "Actual Rows": 68025,
                              "Actual Loops": 1,
                              "Index Cond": "(info_type_id = 94)"
                            }
                          ]
                        },
                        {
                          "Node Type": "Hash",
                          "Parent Relationship": "Inner",
                          "Parallel Aware": true,
                          "Startup Cost": 43898.92,
                          "Total Cost": 43898.92,
                          "Plan Rows": 384216,
                          "Plan Width": 4,
                          "Actual Startup Time": 213.022,
                          "Actual Total Time": 213.022,
                          "Actual Rows": 308653,
                          "Actual Loops": 5,
                          "Hash Buckets": 2097152,
                          "Original Hash Buckets": 2097152,
                          "Hash Batches": 1,
                          "Original Hash Batches": 1,
                          "Peak Memory Usage": 76832,
                          "Plans": [
                            {
                              "Node Type": "Seq Scan",
                              "Parent Relationship": "Outer",
                              "Parallel Aware": true,
                              "Relation Name": "title",
                              "Alias": "t",
                              "Startup Cost": 0.0,
                              "Total Cost": 43898.92,
                              "Plan Rows": 384216,
                              "Plan Width": 4,
                              "Actual Startup Time": 0.043,
                              "Actual Total Time": 88.778,
                              "Actual Rows": 308653,
                              "Actual Loops": 5,
                              "Filter": "(kind_id = 7)",
                              "Rows Removed by Filter": 197010
                            }
                          ]
                        }
                      ]
                    },
                    {
                      "Node Type": "Index Only Scan",
                      "Parent Relationship": "Inner",
                      "Parallel Aware": false,
                      "Scan Direction": "Forward",
                      "Index Name": "movie_id_movie_keyword",
                      "Relation Name": "movie_keyword",
                      "Alias": "mk",
                      "Startup Cost": 0.43,
                      "Total Cost": 1.34,
                      "Plan Rows": 45,
                      "Plan Width": 4,
                      "Actual Startup Time": 0.011,
                      "Actual Total Time": 0.012,
                      "Actual Rows": 8,
                      "Actual Loops": 314,
                      "Index Cond": "(movie_id = t.id)",
                      "Rows Removed by Index Recheck": 0,
                      "Heap Fetches": 2410
                    }
                  ]
                }
              ]
            }
          ]
        }
      ]
    },
    "Planning Time": 1.391,
    "Triggers": [],
    "Execution Time": 272.042
  }
]